<?xml version="1.0" encoding="UTF-8"?>
<testsuite name="com.tmt.kontroll.content.persistence.services.ScopedContentItemDaoServiceTest" time="45.99" tests="12" errors="0" skipped="0" failures="1">
  <properties>
    <property name="java.runtime.name" value="Java(TM) SE Runtime Environment"/>
    <property name="sun.boot.library.path" value="F:\JDKs\Java7\jre\bin"/>
    <property name="java.vm.version" value="22.1-b02"/>
    <property name="user.country.format" value="DE"/>
    <property name="java.vm.vendor" value="Oracle Corporation"/>
    <property name="java.vendor.url" value="http://java.oracle.com/"/>
    <property name="path.separator" value=";"/>
    <property name="guice.disable.misplaced.annotation.check" value="true"/>
    <property name="java.vm.name" value="Java HotSpot(TM) 64-Bit Server VM"/>
    <property name="file.encoding.pkg" value="sun.io"/>
    <property name="user.script" value=""/>
    <property name="user.country" value="US"/>
    <property name="sun.java.launcher" value="SUN_STANDARD"/>
    <property name="sun.os.patch.level" value="Service Pack 1"/>
    <property name="java.vm.specification.name" value="Java Virtual Machine Specification"/>
    <property name="user.dir" value="F:\projects\Kontroll\kontroll\kontroll-content"/>
    <property name="java.runtime.version" value="1.7.0_03-b05"/>
    <property name="java.awt.graphicsenv" value="sun.awt.Win32GraphicsEnvironment"/>
    <property name="java.endorsed.dirs" value="F:\JDKs\Java7\jre\lib\endorsed"/>
    <property name="os.arch" value="amd64"/>
    <property name="java.io.tmpdir" value="C:\Users\SERGDE~1\AppData\Local\Temp\"/>
    <property name="line.separator" value="&#10;"/>
    <property name="java.vm.specification.vendor" value="Oracle Corporation"/>
    <property name="user.variant" value=""/>
    <property name="os.name" value="Windows 7"/>
    <property name="classworlds.conf" value="F:\projects\Kontroll\.metadata\.plugins\org.eclipse.m2e.launching\launches\m2conf5435103827556277629.tmp"/>
    <property name="sun.jnu.encoding" value="Cp1252"/>
    <property name="java.library.path" value="F:\JDKs\Java7\bin;C:\Windows\Sun\Java\bin;C:\Windows\system32;C:\Windows;C:\Windows\system32;C:\Windows;C:\Windows\System32\Wbem;C:\Windows\System32\WindowsPowerShell\v1.0\,F:\JDKs\Java7\bin;F:\tools\mysql\MySQL Server 5.5\bin;F:\tools\mysql\bin;F:\JDKs\Java7\jre\bin;F:\tools\node\;F:\tools\maven\apache-maven-3.0.3\bin;F:\JDKs\Java7\jre\bin;F:\tools\spring-roo\bin;C:\Users\Serg Derbst\AppData\Roaming\npm;."/>
    <property name="java.specification.name" value="Java Platform API Specification"/>
    <property name="java.class.version" value="51.0"/>
    <property name="sun.management.compiler" value="HotSpot 64-Bit Tiered Compilers"/>
    <property name="os.version" value="6.1"/>
    <property name="user.home" value="C:\Users\Serg Derbst"/>
    <property name="user.timezone" value="Europe/Berlin"/>
    <property name="java.awt.printerjob" value="sun.awt.windows.WPrinterJob"/>
    <property name="java.specification.version" value="1.7"/>
    <property name="file.encoding" value="Cp1252"/>
    <property name="user.name" value="Serg Derbst"/>
    <property name="java.class.path" value="/F:/tools/eclipse/configuration/org.eclipse.osgi/bundles/501/1/.cp/jars/plexus-classworlds-2.4.jar"/>
    <property name="java.vm.specification.version" value="1.7"/>
    <property name="sun.arch.data.model" value="64"/>
    <property name="java.home" value="F:\JDKs\Java7\jre"/>
    <property name="sun.java.command" value="org.codehaus.plexus.classworlds.launcher.Launcher -B -s C:\Users\Serg Derbst\.m2\settings.xml test"/>
    <property name="java.specification.vendor" value="Oracle Corporation"/>
    <property name="user.language" value="en"/>
    <property name="user.language.format" value="de"/>
    <property name="awt.toolkit" value="sun.awt.windows.WToolkit"/>
    <property name="java.vm.info" value="mixed mode"/>
    <property name="java.version" value="1.7.0_03"/>
    <property name="java.ext.dirs" value="F:\JDKs\Java7\jre\lib\ext;C:\Windows\Sun\Java\lib\ext"/>
    <property name="sun.boot.class.path" value="F:\JDKs\Java7\jre\lib\resources.jar;F:\JDKs\Java7\jre\lib\rt.jar;F:\JDKs\Java7\jre\lib\sunrsasign.jar;F:\JDKs\Java7\jre\lib\jsse.jar;F:\JDKs\Java7\jre\lib\jce.jar;F:\JDKs\Java7\jre\lib\charsets.jar;F:\JDKs\Java7\jre\classes"/>
    <property name="java.vendor" value="Oracle Corporation"/>
    <property name="maven.home" value="F:\projects\Kontroll\kontroll\kontroll-content\EMBEDDED"/>
    <property name="file.separator" value="\"/>
    <property name="java.vendor.url.bug" value="http://bugreport.sun.com/bugreport/"/>
    <property name="maven.bootclasspath" value="/F:/tools/eclipse/configuration/org.eclipse.osgi/bundles/501/1/.cp/jars/plexus-classworlds-2.4.jar"/>
    <property name="sun.cpu.endian" value="little"/>
    <property name="sun.io.unicode.encoding" value="UnicodeLittle"/>
    <property name="sun.desktop" value="windows"/>
    <property name="sun.cpu.isalist" value="amd64"/>
  </properties>
  <testcase name="testThatCreateWorks" classname="com.tmt.kontroll.content.persistence.services.ScopedContentItemDaoServiceTest" time="4.081"/>
  <testcase name="testThatCreateAllWorks" classname="com.tmt.kontroll.content.persistence.services.ScopedContentItemDaoServiceTest" time="3.311"/>
  <testcase name="testThatUpdateWorks" classname="com.tmt.kontroll.content.persistence.services.ScopedContentItemDaoServiceTest" time="4.159"/>
  <testcase name="testThatCountWorks" classname="com.tmt.kontroll.content.persistence.services.ScopedContentItemDaoServiceTest" time="3.883"/>
  <testcase name="testThatDeleteWorks" classname="com.tmt.kontroll.content.persistence.services.ScopedContentItemDaoServiceTest" time="4.26"/>
  <testcase name="testThatExistsWorks" classname="com.tmt.kontroll.content.persistence.services.ScopedContentItemDaoServiceTest" time="4.001"/>
  <testcase name="testThatReadAllWorks" classname="com.tmt.kontroll.content.persistence.services.ScopedContentItemDaoServiceTest" time="3.979"/>
  <testcase name="testThatReadWorks" classname="com.tmt.kontroll.content.persistence.services.ScopedContentItemDaoServiceTest" time="3.931"/>
  <testcase name="testThatUniqueConstraintsOnTableViolationsCauseError" classname="com.tmt.kontroll.content.persistence.services.ScopedContentItemDaoServiceTest" time="3.636"/>
  <testcase name="testThatUniqueConstraintsOnColumnViolationsCauseError" classname="com.tmt.kontroll.content.persistence.services.ScopedContentItemDaoServiceTest" time="3.542">
    <failure message="Constraint assertion failed. Failures:&#10;Unique constraint on column: " type="java.lang.AssertionError">java.lang.AssertionError: Constraint assertion failed. Failures:
Unique constraint on column: 
	at org.junit.Assert.fail(Assert.java:93)
	at com.tmt.kontroll.test.persistence.run.data.assertion.constraint.ConstraintAsserter.assertConstraints(ConstraintAsserter.java:43)
	at com.tmt.kontroll.test.persistence.PersistenceEntityDaoServiceTest.testThatUniqueConstraintsOnColumnViolationsCauseError(PersistenceEntityDaoServiceTest.java:148)
	at sun.reflect.NativeMethodAccessorImpl.invoke0(Native Method)
	at sun.reflect.NativeMethodAccessorImpl.invoke(NativeMethodAccessorImpl.java:57)
	at sun.reflect.DelegatingMethodAccessorImpl.invoke(DelegatingMethodAccessorImpl.java:43)
	at java.lang.reflect.Method.invoke(Method.java:601)
	at org.junit.runners.model.FrameworkMethod$1.runReflectiveCall(FrameworkMethod.java:45)
	at org.junit.internal.runners.model.ReflectiveCallable.run(ReflectiveCallable.java:15)
	at org.junit.runners.model.FrameworkMethod.invokeExplosively(FrameworkMethod.java:42)
	at org.junit.internal.runners.statements.InvokeMethod.evaluate(InvokeMethod.java:20)
	at org.springframework.test.context.junit4.statements.RunBeforeTestMethodCallbacks.evaluate(RunBeforeTestMethodCallbacks.java:74)
	at org.springframework.test.context.junit4.statements.RunAfterTestMethodCallbacks.evaluate(RunAfterTestMethodCallbacks.java:83)
	at org.springframework.test.context.junit4.statements.SpringRepeat.evaluate(SpringRepeat.java:72)
	at org.springframework.test.context.junit4.SpringJUnit4ClassRunner.runChild(SpringJUnit4ClassRunner.java:231)
	at org.springframework.test.context.junit4.SpringJUnit4ClassRunner.runChild(SpringJUnit4ClassRunner.java:88)
	at org.junit.runners.ParentRunner$3.run(ParentRunner.java:231)
	at org.junit.runners.ParentRunner$1.schedule(ParentRunner.java:60)
	at org.junit.runners.ParentRunner.runChildren(ParentRunner.java:229)
	at org.junit.runners.ParentRunner.access$000(ParentRunner.java:50)
	at org.junit.runners.ParentRunner$2.evaluate(ParentRunner.java:222)
	at org.springframework.test.context.junit4.statements.RunBeforeTestClassCallbacks.evaluate(RunBeforeTestClassCallbacks.java:61)
	at org.springframework.test.context.junit4.statements.RunAfterTestClassCallbacks.evaluate(RunAfterTestClassCallbacks.java:71)
	at org.junit.runners.ParentRunner.run(ParentRunner.java:300)
	at org.springframework.test.context.junit4.SpringJUnit4ClassRunner.run(SpringJUnit4ClassRunner.java:174)
	at org.apache.maven.surefire.junit4.JUnit4Provider.execute(JUnit4Provider.java:264)
	at org.apache.maven.surefire.junit4.JUnit4Provider.executeTestSet(JUnit4Provider.java:153)
	at org.apache.maven.surefire.junit4.JUnit4Provider.invoke(JUnit4Provider.java:124)
	at sun.reflect.NativeMethodAccessorImpl.invoke0(Native Method)
	at sun.reflect.NativeMethodAccessorImpl.invoke(NativeMethodAccessorImpl.java:57)
	at sun.reflect.DelegatingMethodAccessorImpl.invoke(DelegatingMethodAccessorImpl.java:43)
	at java.lang.reflect.Method.invoke(Method.java:601)
	at org.apache.maven.surefire.util.ReflectionUtils.invokeMethodWithArray2(ReflectionUtils.java:208)
	at org.apache.maven.surefire.booter.ProviderFactory$ProviderProxy.invoke(ProviderFactory.java:159)
	at org.apache.maven.surefire.booter.ProviderFactory.invokeProvider(ProviderFactory.java:87)
	at org.apache.maven.surefire.booter.ForkedBooter.runSuitesInProcess(ForkedBooter.java:153)
	at org.apache.maven.surefire.booter.ForkedBooter.main(ForkedBooter.java:95)
</failure>
    <system-out><![CDATA[192571 [main] DEBUG org.springframework.test.annotation.ProfileValueUtils  - Retrieved @ProfileValueSourceConfiguration [null] for test class [com.tmt.kontroll.content.persistence.services.ScopedContentItemDaoServiceTest]
192571 [main] DEBUG org.springframework.test.annotation.ProfileValueUtils  - Retrieved ProfileValueSource type [class org.springframework.test.annotation.SystemProfileValueSource] for class [com.tmt.kontroll.content.persistence.services.ScopedContentItemDaoServiceTest]
192571 [main] TRACE org.springframework.test.context.TestContextManager  - prepareTestInstance(): instance [com.tmt.kontroll.content.persistence.services.ScopedContentItemDaoServiceTest@6eaf6c3b]
192571 [main] DEBUG org.springframework.test.context.support.DependencyInjectionTestExecutionListener  - Performing dependency injection for test context [[TestContext@61b3d792 testClass = ScopedContentItemDaoServiceTest, testInstance = com.tmt.kontroll.content.persistence.services.ScopedContentItemDaoServiceTest@6eaf6c3b, testMethod = [null], testException = [null], mergedContextConfiguration = [MergedContextConfiguration@660de45a testClass = ScopedContentItemDaoServiceTest, locations = '{}', classes = '{class com.tmt.kontroll.content.config.ContentTestConfig}', contextInitializerClasses = '[]', activeProfiles = '{}', contextLoader = 'org.springframework.test.context.support.DelegatingSmartContextLoader', parent = [null]]]].
192571 [main] DEBUG org.springframework.test.context.CacheAwareContextLoaderDelegate  - Retrieved ApplicationContext from cache with key [[MergedContextConfiguration@660de45a testClass = ScopedContentItemDaoServiceTest, locations = '{}', classes = '{class com.tmt.kontroll.content.config.ContentTestConfig}', contextInitializerClasses = '[]', activeProfiles = '{}', contextLoader = 'org.springframework.test.context.support.DelegatingSmartContextLoader', parent = [null]]].
192571 [main] DEBUG org.springframework.beans.factory.annotation.InjectionMetadata  - Processing injected method of bean 'com.tmt.kontroll.content.persistence.services.ScopedContentItemDaoServiceTest': AutowiredFieldElement for private com.tmt.kontroll.content.persistence.services.ScopedContentItemDaoService com.tmt.kontroll.content.persistence.services.ScopedContentItemDaoServiceTest.service
192571 [main] DEBUG org.springframework.beans.factory.support.DefaultListableBeanFactory  - Returning cached instance of singleton bean 'scopedContentItemDaoService'
192572 [main] DEBUG com.github.springtestdbunit.DbUnitTestExecutionListener  - Preparing test instance class com.tmt.kontroll.content.persistence.services.ScopedContentItemDaoServiceTest for DBUnit
192572 [main] DEBUG org.springframework.test.context.CacheAwareContextLoaderDelegate  - Retrieved ApplicationContext from cache with key [[MergedContextConfiguration@660de45a testClass = ScopedContentItemDaoServiceTest, locations = '{}', classes = '{class com.tmt.kontroll.content.config.ContentTestConfig}', contextInitializerClasses = '[]', activeProfiles = '{}', contextLoader = 'org.springframework.test.context.support.DelegatingSmartContextLoader', parent = [null]]].
192572 [main] DEBUG org.springframework.test.context.CacheAwareContextLoaderDelegate  - Retrieved ApplicationContext from cache with key [[MergedContextConfiguration@660de45a testClass = ScopedContentItemDaoServiceTest, locations = '{}', classes = '{class com.tmt.kontroll.content.config.ContentTestConfig}', contextInitializerClasses = '[]', activeProfiles = '{}', contextLoader = 'org.springframework.test.context.support.DelegatingSmartContextLoader', parent = [null]]].
192572 [main] DEBUG com.github.springtestdbunit.DbUnitTestExecutionListener  - DBUnit tests will run using databaseConnection "dataSource", datasets will be loaded using class com.github.springtestdbunit.dataset.FlatXmlDataSetLoader
192572 [main] DEBUG org.springframework.test.context.CacheAwareContextLoaderDelegate  - Retrieved ApplicationContext from cache with key [[MergedContextConfiguration@660de45a testClass = ScopedContentItemDaoServiceTest, locations = '{}', classes = '{class com.tmt.kontroll.content.config.ContentTestConfig}', contextInitializerClasses = '[]', activeProfiles = '{}', contextLoader = 'org.springframework.test.context.support.DelegatingSmartContextLoader', parent = [null]]].
192572 [main] DEBUG org.springframework.beans.factory.support.DefaultListableBeanFactory  - Returning cached instance of singleton bean 'dataSource'
192572 [main] TRACE org.dbunit.database.DatabaseConfig  - setFeature(name=http://www.dbunit.org/features/batchedStatements, value=false) - start
192572 [main] TRACE org.dbunit.database.DatabaseConfig  - setProperty(name=http://www.dbunit.org/features/batchedStatements, value=false) - start
192572 [main] TRACE org.dbunit.database.DatabaseConfig  - convertIfNeeded(property=http://www.dbunit.org/features/batchedStatements, value=false) - start
192572 [main] TRACE org.dbunit.database.DatabaseConfig  - checkObjectAllowed(property=http://www.dbunit.org/features/batchedStatements, value=false) - start
192572 [main] TRACE org.dbunit.database.DatabaseConfig  - setFeature(name=http://www.dbunit.org/features/qualifiedTableNames, value=false) - start
192572 [main] TRACE org.dbunit.database.DatabaseConfig  - setProperty(name=http://www.dbunit.org/features/qualifiedTableNames, value=false) - start
192572 [main] TRACE org.dbunit.database.DatabaseConfig  - convertIfNeeded(property=http://www.dbunit.org/features/qualifiedTableNames, value=false) - start
192572 [main] TRACE org.dbunit.database.DatabaseConfig  - checkObjectAllowed(property=http://www.dbunit.org/features/qualifiedTableNames, value=false) - start
192572 [main] TRACE org.dbunit.database.DatabaseConfig  - setFeature(name=http://www.dbunit.org/features/caseSensitiveTableNames, value=false) - start
192572 [main] TRACE org.dbunit.database.DatabaseConfig  - setProperty(name=http://www.dbunit.org/features/caseSensitiveTableNames, value=false) - start
192572 [main] TRACE org.dbunit.database.DatabaseConfig  - convertIfNeeded(property=http://www.dbunit.org/features/caseSensitiveTableNames, value=false) - start
192572 [main] TRACE org.dbunit.database.DatabaseConfig  - checkObjectAllowed(property=http://www.dbunit.org/features/caseSensitiveTableNames, value=false) - start
192572 [main] TRACE org.dbunit.database.DatabaseConfig  - setFeature(name=http://www.dbunit.org/features/datatypeWarning, value=true) - start
192573 [main] TRACE org.dbunit.database.DatabaseConfig  - setProperty(name=http://www.dbunit.org/features/datatypeWarning, value=true) - start
192573 [main] TRACE org.dbunit.database.DatabaseConfig  - convertIfNeeded(property=http://www.dbunit.org/features/datatypeWarning, value=true) - start
192573 [main] TRACE org.dbunit.database.DatabaseConfig  - checkObjectAllowed(property=http://www.dbunit.org/features/datatypeWarning, value=true) - start
192573 [main] TRACE org.dbunit.database.DatabaseConfig  - setProperty(name=http://www.dbunit.org/properties/statementFactory, value=org.dbunit.database.statement.PreparedStatementFactory@626bc2b8) - start
192573 [main] TRACE org.dbunit.database.DatabaseConfig  - convertIfNeeded(property=http://www.dbunit.org/properties/statementFactory, value=org.dbunit.database.statement.PreparedStatementFactory@626bc2b8) - start
192573 [main] TRACE org.dbunit.database.DatabaseConfig  - checkObjectAllowed(property=http://www.dbunit.org/properties/statementFactory, value=org.dbunit.database.statement.PreparedStatementFactory@626bc2b8) - start
192573 [main] TRACE org.dbunit.database.DatabaseConfig  - setProperty(name=http://www.dbunit.org/properties/resultSetTableFactory, value=org.dbunit.database.CachedResultSetTableFactory@10bcf083) - start
192573 [main] TRACE org.dbunit.database.DatabaseConfig  - convertIfNeeded(property=http://www.dbunit.org/properties/resultSetTableFactory, value=org.dbunit.database.CachedResultSetTableFactory@10bcf083) - start
192573 [main] TRACE org.dbunit.database.DatabaseConfig  - checkObjectAllowed(property=http://www.dbunit.org/properties/resultSetTableFactory, value=org.dbunit.database.CachedResultSetTableFactory@10bcf083) - start
192573 [main] TRACE org.dbunit.database.DatabaseConfig  - setProperty(name=http://www.dbunit.org/properties/datatypeFactory, value=org.dbunit.dataset.datatype.DefaultDataTypeFactory[_toleratedDeltaMap=org.dbunit.dataset.datatype.ToleratedDeltaMap@6452310a]) - start
192573 [main] TRACE org.dbunit.database.DatabaseConfig  - convertIfNeeded(property=http://www.dbunit.org/properties/datatypeFactory, value=org.dbunit.dataset.datatype.DefaultDataTypeFactory[_toleratedDeltaMap=org.dbunit.dataset.datatype.ToleratedDeltaMap@6452310a]) - start
192573 [main] TRACE org.dbunit.database.DatabaseConfig  - checkObjectAllowed(property=http://www.dbunit.org/properties/datatypeFactory, value=org.dbunit.dataset.datatype.DefaultDataTypeFactory[_toleratedDeltaMap=org.dbunit.dataset.datatype.ToleratedDeltaMap@6452310a]) - start
192573 [main] TRACE org.dbunit.database.DatabaseConfig  - setProperty(name=http://www.dbunit.org/properties/escapePattern, value=null) - start
192573 [main] TRACE org.dbunit.database.DatabaseConfig  - convertIfNeeded(property=http://www.dbunit.org/properties/escapePattern, value=null) - start
192573 [main] TRACE org.dbunit.database.DatabaseConfig  - checkObjectAllowed(property=http://www.dbunit.org/properties/escapePattern, value=null) - start
192573 [main] TRACE org.dbunit.database.DatabaseConfig  - setProperty(name=http://www.dbunit.org/properties/tableType, value=[TABLE]) - start
192573 [main] TRACE org.dbunit.database.DatabaseConfig  - convertIfNeeded(property=http://www.dbunit.org/properties/tableType, value=[TABLE]) - start
192573 [main] TRACE org.dbunit.database.DatabaseConfig  - checkObjectAllowed(property=http://www.dbunit.org/properties/tableType, value=[TABLE]) - start
192573 [main] TRACE org.dbunit.database.DatabaseConfig  - setProperty(name=http://www.dbunit.org/properties/batchSize, value=100) - start
192573 [main] TRACE org.dbunit.database.DatabaseConfig  - convertIfNeeded(property=http://www.dbunit.org/properties/batchSize, value=100) - start
192573 [main] TRACE org.dbunit.database.DatabaseConfig  - checkObjectAllowed(property=http://www.dbunit.org/properties/batchSize, value=100) - start
192573 [main] TRACE org.dbunit.database.DatabaseConfig  - setProperty(name=http://www.dbunit.org/properties/fetchSize, value=100) - start
192573 [main] TRACE org.dbunit.database.DatabaseConfig  - convertIfNeeded(property=http://www.dbunit.org/properties/fetchSize, value=100) - start
192573 [main] TRACE org.dbunit.database.DatabaseConfig  - checkObjectAllowed(property=http://www.dbunit.org/properties/fetchSize, value=100) - start
192573 [main] TRACE org.dbunit.database.DatabaseConfig  - setProperty(name=http://www.dbunit.org/properties/metadataHandler, value=org.dbunit.database.DefaultMetadataHandler@3eeace42) - start
192573 [main] TRACE org.dbunit.database.DatabaseConfig  - convertIfNeeded(property=http://www.dbunit.org/properties/metadataHandler, value=org.dbunit.database.DefaultMetadataHandler@3eeace42) - start
192574 [main] TRACE org.dbunit.database.DatabaseConfig  - checkObjectAllowed(property=http://www.dbunit.org/properties/metadataHandler, value=org.dbunit.database.DefaultMetadataHandler@3eeace42) - start
192574 [main] TRACE org.springframework.test.context.TestContextManager  - beforeTestMethod(): instance [com.tmt.kontroll.content.persistence.services.ScopedContentItemDaoServiceTest@6eaf6c3b], method [public void com.tmt.kontroll.test.persistence.PersistenceEntityDaoServiceTest.testThatUniqueConstraintsOnColumnViolationsCauseError()]
192574 [main] DEBUG org.dbunit.dataset.CachedDataSet  - startDataSet() - start

192579 [main] DEBUG org.dbunit.database.AbstractDatabaseConnection  - createDataSet() - start
192579 [main] TRACE org.dbunit.database.DatabaseConfig  - getFeature(name=http://www.dbunit.org/features/caseSensitiveTableNames) - start
192579 [main] TRACE org.dbunit.database.DatabaseConfig  - getProperty(name=http://www.dbunit.org/features/caseSensitiveTableNames) - start
192579 [main] DEBUG org.dbunit.database.DatabaseDataSet  - initialize() - start
192579 [main] DEBUG org.dbunit.database.DatabaseDataSet  - Initializing the data set from the database...
192579 [main] DEBUG org.dbunit.database.DatabaseDataSourceConnection  - getConnection() - start
192579 [main] DEBUG org.springframework.jdbc.datasource.DataSourceUtils  - Fetching JDBC Connection from DataSource
192579 [main] TRACE org.dbunit.database.DatabaseConfig  - getProperty(name=http://www.dbunit.org/properties/tableType) - start
192579 [main] TRACE org.dbunit.database.DatabaseConfig  - getProperty(name=http://www.dbunit.org/properties/metadataHandler) - start
192579 [main] TRACE org.dbunit.database.DefaultMetadataHandler  - getTables(metaData=org.apache.commons.dbcp.DelegatingDatabaseMetaData@39b6524c, schemaName=null, tableType=[TABLE]) - start
192581 [main] DEBUG org.dbunit.database.DatabaseDataSet  - 
	database product name=HSQL Database Engine
	database version=2.2.8
	database major version=2
	database minor version=2
	jdbc driver name=HSQL Database Engine Driver
	jdbc driver version=2.2.8
	jdbc driver major version=2
	jdbc driver minor version=2

192581 [main] DEBUG org.dbunit.database.DatabaseDataSet  - metadata resultset=org.apache.commons.dbcp.DelegatingResultSet@6ac660bd
192581 [main] TRACE org.dbunit.database.DefaultMetadataHandler  - getColumns(resultSet=org.apache.commons.dbcp.DelegatingResultSet@6ac660bd) - start
192581 [main] TRACE org.dbunit.database.DatabaseConfig  - getFeature(name=http://www.dbunit.org/features/skipOracleRecycleBinTables) - start
192581 [main] TRACE org.dbunit.database.DatabaseConfig  - getProperty(name=http://www.dbunit.org/features/skipOracleRecycleBinTables) - start
192581 [main] DEBUG org.dbunit.util.QualifiedTableName  - getQualifiedNameIfEnabled(config=org.dbunit.database.DatabaseConfig[, _propertyMap={http://www.dbunit.org/properties/statementFactory=org.dbunit.database.statement.PreparedStatementFactory@626bc2b8, http://www.dbunit.org/features/caseSensitiveTableNames=false, http://www.dbunit.org/properties/fetchSize=100, http://www.dbunit.org/features/batchedStatements=false, http://www.dbunit.org/properties/metadataHandler=org.dbunit.database.DefaultMetadataHandler@3eeace42, http://www.dbunit.org/properties/datatypeFactory=org.dbunit.dataset.datatype.DefaultDataTypeFactory[_toleratedDeltaMap=org.dbunit.dataset.datatype.ToleratedDeltaMap@6452310a], http://www.dbunit.org/properties/escapePattern=null, http://www.dbunit.org/properties/batchSize=100, http://www.dbunit.org/features/qualifiedTableNames=false, http://www.dbunit.org/properties/tableType=[Ljava.lang.String;@5011bafa, http://www.dbunit.org/properties/resultSetTableFactory=org.dbunit.database.CachedResultSetTableFactory@10bcf083, http://www.dbunit.org/features/datatypeWarning=true}]) - start
192581 [main] TRACE org.dbunit.database.DatabaseConfig  - getFeature(name=http://www.dbunit.org/features/qualifiedTableNames) - start
192582 [main] TRACE org.dbunit.database.DatabaseConfig  - getProperty(name=http://www.dbunit.org/features/qualifiedTableNames) - start
192582 [main] DEBUG org.dbunit.util.QualifiedTableName  - Qualified table names feature is disabled. Returning plain table name
192582 [main] DEBUG org.dbunit.util.QualifiedTableName  - getQualifiedName(prefix=null, name=AUTHORITY, escapePattern=null) - start
192582 [main] DEBUG org.dbunit.dataset.OrderedTableNameMap  - add(tableName=AUTHORITY, object=null) - start
192582 [main] DEBUG org.dbunit.dataset.OrderedTableNameMap  - getTableName(tableName=AUTHORITY) - start
192582 [main] DEBUG org.dbunit.dataset.OrderedTableNameMap  - getTableName(tableName=AUTHORITY) - end - result=AUTHORITY
192582 [main] DEBUG org.dbunit.dataset.OrderedTableNameMap  - getTableName(tableName=AUTHORITY) - start
192582 [main] DEBUG org.dbunit.dataset.OrderedTableNameMap  - getTableName(tableName=AUTHORITY) - end - result=AUTHORITY
192582 [main] TRACE org.dbunit.database.DefaultMetadataHandler  - getColumns(resultSet=org.apache.commons.dbcp.DelegatingResultSet@6ac660bd) - start
192582 [main] TRACE org.dbunit.database.DatabaseConfig  - getFeature(name=http://www.dbunit.org/features/skipOracleRecycleBinTables) - start
192582 [main] TRACE org.dbunit.database.DatabaseConfig  - getProperty(name=http://www.dbunit.org/features/skipOracleRecycleBinTables) - start
192582 [main] DEBUG org.dbunit.util.QualifiedTableName  - getQualifiedNameIfEnabled(config=org.dbunit.database.DatabaseConfig[, _propertyMap={http://www.dbunit.org/properties/statementFactory=org.dbunit.database.statement.PreparedStatementFactory@626bc2b8, http://www.dbunit.org/features/caseSensitiveTableNames=false, http://www.dbunit.org/properties/fetchSize=100, http://www.dbunit.org/features/batchedStatements=false, http://www.dbunit.org/properties/metadataHandler=org.dbunit.database.DefaultMetadataHandler@3eeace42, http://www.dbunit.org/properties/datatypeFactory=org.dbunit.dataset.datatype.DefaultDataTypeFactory[_toleratedDeltaMap=org.dbunit.dataset.datatype.ToleratedDeltaMap@6452310a], http://www.dbunit.org/properties/escapePattern=null, http://www.dbunit.org/properties/batchSize=100, http://www.dbunit.org/features/qualifiedTableNames=false, http://www.dbunit.org/properties/tableType=[Ljava.lang.String;@5011bafa, http://www.dbunit.org/properties/resultSetTableFactory=org.dbunit.database.CachedResultSetTableFactory@10bcf083, http://www.dbunit.org/features/datatypeWarning=true}]) - start
192582 [main] TRACE org.dbunit.database.DatabaseConfig  - getFeature(name=http://www.dbunit.org/features/qualifiedTableNames) - start
192582 [main] TRACE org.dbunit.database.DatabaseConfig  - getProperty(name=http://www.dbunit.org/features/qualifiedTableNames) - start
192582 [main] DEBUG org.dbunit.util.QualifiedTableName  - Qualified table names feature is disabled. Returning plain table name
192582 [main] DEBUG org.dbunit.util.QualifiedTableName  - getQualifiedName(prefix=null, name=CAPTION, escapePattern=null) - start
192582 [main] DEBUG org.dbunit.dataset.OrderedTableNameMap  - add(tableName=CAPTION, object=null) - start
192582 [main] DEBUG org.dbunit.dataset.OrderedTableNameMap  - getTableName(tableName=CAPTION) - start
192582 [main] DEBUG org.dbunit.dataset.OrderedTableNameMap  - getTableName(tableName=CAPTION) - end - result=CAPTION
192582 [main] DEBUG org.dbunit.dataset.OrderedTableNameMap  - getTableName(tableName=CAPTION) - start
192582 [main] DEBUG org.dbunit.dataset.OrderedTableNameMap  - getTableName(tableName=CAPTION) - end - result=CAPTION
192582 [main] TRACE org.dbunit.database.DefaultMetadataHandler  - getColumns(resultSet=org.apache.commons.dbcp.DelegatingResultSet@6ac660bd) - start
192582 [main] TRACE org.dbunit.database.DatabaseConfig  - getFeature(name=http://www.dbunit.org/features/skipOracleRecycleBinTables) - start
192582 [main] TRACE org.dbunit.database.DatabaseConfig  - getProperty(name=http://www.dbunit.org/features/skipOracleRecycleBinTables) - start
192582 [main] DEBUG org.dbunit.util.QualifiedTableName  - getQualifiedNameIfEnabled(config=org.dbunit.database.DatabaseConfig[, _propertyMap={http://www.dbunit.org/properties/statementFactory=org.dbunit.database.statement.PreparedStatementFactory@626bc2b8, http://www.dbunit.org/features/caseSensitiveTableNames=false, http://www.dbunit.org/properties/fetchSize=100, http://www.dbunit.org/features/batchedStatements=false, http://www.dbunit.org/properties/metadataHandler=org.dbunit.database.DefaultMetadataHandler@3eeace42, http://www.dbunit.org/properties/datatypeFactory=org.dbunit.dataset.datatype.DefaultDataTypeFactory[_toleratedDeltaMap=org.dbunit.dataset.datatype.ToleratedDeltaMap@6452310a], http://www.dbunit.org/properties/escapePattern=null, http://www.dbunit.org/properties/batchSize=100, http://www.dbunit.org/features/qualifiedTableNames=false, http://www.dbunit.org/properties/tableType=[Ljava.lang.String;@5011bafa, http://www.dbunit.org/properties/resultSetTableFactory=org.dbunit.database.CachedResultSetTableFactory@10bcf083, http://www.dbunit.org/features/datatypeWarning=true}]) - start
192583 [main] TRACE org.dbunit.database.DatabaseConfig  - getFeature(name=http://www.dbunit.org/features/qualifiedTableNames) - start
192583 [main] TRACE org.dbunit.database.DatabaseConfig  - getProperty(name=http://www.dbunit.org/features/qualifiedTableNames) - start
192583 [main] DEBUG org.dbunit.util.QualifiedTableName  - Qualified table names feature is disabled. Returning plain table name
192583 [main] DEBUG org.dbunit.util.QualifiedTableName  - getQualifiedName(prefix=null, name=NESTEDSCOPEDCONTENTCONDITIONS, escapePattern=null) - start
192583 [main] DEBUG org.dbunit.dataset.OrderedTableNameMap  - add(tableName=NESTEDSCOPEDCONTENTCONDITIONS, object=null) - start
192583 [main] DEBUG org.dbunit.dataset.OrderedTableNameMap  - getTableName(tableName=NESTEDSCOPEDCONTENTCONDITIONS) - start
192583 [main] DEBUG org.dbunit.dataset.OrderedTableNameMap  - getTableName(tableName=NESTEDSCOPEDCONTENTCONDITIONS) - end - result=NESTEDSCOPEDCONTENTCONDITIONS
192583 [main] DEBUG org.dbunit.dataset.OrderedTableNameMap  - getTableName(tableName=NESTEDSCOPEDCONTENTCONDITIONS) - start
192583 [main] DEBUG org.dbunit.dataset.OrderedTableNameMap  - getTableName(tableName=NESTEDSCOPEDCONTENTCONDITIONS) - end - result=NESTEDSCOPEDCONTENTCONDITIONS
192583 [main] TRACE org.dbunit.database.DefaultMetadataHandler  - getColumns(resultSet=org.apache.commons.dbcp.DelegatingResultSet@6ac660bd) - start
192583 [main] TRACE org.dbunit.database.DatabaseConfig  - getFeature(name=http://www.dbunit.org/features/skipOracleRecycleBinTables) - start
192583 [main] TRACE org.dbunit.database.DatabaseConfig  - getProperty(name=http://www.dbunit.org/features/skipOracleRecycleBinTables) - start
192583 [main] DEBUG org.dbunit.util.QualifiedTableName  - getQualifiedNameIfEnabled(config=org.dbunit.database.DatabaseConfig[, _propertyMap={http://www.dbunit.org/properties/statementFactory=org.dbunit.database.statement.PreparedStatementFactory@626bc2b8, http://www.dbunit.org/features/caseSensitiveTableNames=false, http://www.dbunit.org/properties/fetchSize=100, http://www.dbunit.org/features/batchedStatements=false, http://www.dbunit.org/properties/metadataHandler=org.dbunit.database.DefaultMetadataHandler@3eeace42, http://www.dbunit.org/properties/datatypeFactory=org.dbunit.dataset.datatype.DefaultDataTypeFactory[_toleratedDeltaMap=org.dbunit.dataset.datatype.ToleratedDeltaMap@6452310a], http://www.dbunit.org/properties/escapePattern=null, http://www.dbunit.org/properties/batchSize=100, http://www.dbunit.org/features/qualifiedTableNames=false, http://www.dbunit.org/properties/tableType=[Ljava.lang.String;@5011bafa, http://www.dbunit.org/properties/resultSetTableFactory=org.dbunit.database.CachedResultSetTableFactory@10bcf083, http://www.dbunit.org/features/datatypeWarning=true}]) - start
192583 [main] TRACE org.dbunit.database.DatabaseConfig  - getFeature(name=http://www.dbunit.org/features/qualifiedTableNames) - start
192583 [main] TRACE org.dbunit.database.DatabaseConfig  - getProperty(name=http://www.dbunit.org/features/qualifiedTableNames) - start
192583 [main] DEBUG org.dbunit.util.QualifiedTableName  - Qualified table names feature is disabled. Returning plain table name
192583 [main] DEBUG org.dbunit.util.QualifiedTableName  - getQualifiedName(prefix=null, name=REQUESTCONTEXT, escapePattern=null) - start
192583 [main] DEBUG org.dbunit.dataset.OrderedTableNameMap  - add(tableName=REQUESTCONTEXT, object=null) - start
192583 [main] DEBUG org.dbunit.dataset.OrderedTableNameMap  - getTableName(tableName=REQUESTCONTEXT) - start
192583 [main] DEBUG org.dbunit.dataset.OrderedTableNameMap  - getTableName(tableName=REQUESTCONTEXT) - end - result=REQUESTCONTEXT
192583 [main] DEBUG org.dbunit.dataset.OrderedTableNameMap  - getTableName(tableName=REQUESTCONTEXT) - start
192583 [main] DEBUG org.dbunit.dataset.OrderedTableNameMap  - getTableName(tableName=REQUESTCONTEXT) - end - result=REQUESTCONTEXT
192583 [main] TRACE org.dbunit.database.DefaultMetadataHandler  - getColumns(resultSet=org.apache.commons.dbcp.DelegatingResultSet@6ac660bd) - start
192583 [main] TRACE org.dbunit.database.DatabaseConfig  - getFeature(name=http://www.dbunit.org/features/skipOracleRecycleBinTables) - start
192583 [main] TRACE org.dbunit.database.DatabaseConfig  - getProperty(name=http://www.dbunit.org/features/skipOracleRecycleBinTables) - start
192584 [main] DEBUG org.dbunit.util.QualifiedTableName  - getQualifiedNameIfEnabled(config=org.dbunit.database.DatabaseConfig[, _propertyMap={http://www.dbunit.org/properties/statementFactory=org.dbunit.database.statement.PreparedStatementFactory@626bc2b8, http://www.dbunit.org/features/caseSensitiveTableNames=false, http://www.dbunit.org/properties/fetchSize=100, http://www.dbunit.org/features/batchedStatements=false, http://www.dbunit.org/properties/metadataHandler=org.dbunit.database.DefaultMetadataHandler@3eeace42, http://www.dbunit.org/properties/datatypeFactory=org.dbunit.dataset.datatype.DefaultDataTypeFactory[_toleratedDeltaMap=org.dbunit.dataset.datatype.ToleratedDeltaMap@6452310a], http://www.dbunit.org/properties/escapePattern=null, http://www.dbunit.org/properties/batchSize=100, http://www.dbunit.org/features/qualifiedTableNames=false, http://www.dbunit.org/properties/tableType=[Ljava.lang.String;@5011bafa, http://www.dbunit.org/properties/resultSetTableFactory=org.dbunit.database.CachedResultSetTableFactory@10bcf083, http://www.dbunit.org/features/datatypeWarning=true}]) - start
192584 [main] TRACE org.dbunit.database.DatabaseConfig  - getFeature(name=http://www.dbunit.org/features/qualifiedTableNames) - start
192584 [main] TRACE org.dbunit.database.DatabaseConfig  - getProperty(name=http://www.dbunit.org/features/qualifiedTableNames) - start
192584 [main] DEBUG org.dbunit.util.QualifiedTableName  - Qualified table names feature is disabled. Returning plain table name
192584 [main] DEBUG org.dbunit.util.QualifiedTableName  - getQualifiedName(prefix=null, name=SCOPE, escapePattern=null) - start
192584 [main] DEBUG org.dbunit.dataset.OrderedTableNameMap  - add(tableName=SCOPE, object=null) - start
192584 [main] DEBUG org.dbunit.dataset.OrderedTableNameMap  - getTableName(tableName=SCOPE) - start
192584 [main] DEBUG org.dbunit.dataset.OrderedTableNameMap  - getTableName(tableName=SCOPE) - end - result=SCOPE
192584 [main] DEBUG org.dbunit.dataset.OrderedTableNameMap  - getTableName(tableName=SCOPE) - start
192584 [main] DEBUG org.dbunit.dataset.OrderedTableNameMap  - getTableName(tableName=SCOPE) - end - result=SCOPE
192584 [main] TRACE org.dbunit.database.DefaultMetadataHandler  - getColumns(resultSet=org.apache.commons.dbcp.DelegatingResultSet@6ac660bd) - start
192584 [main] TRACE org.dbunit.database.DatabaseConfig  - getFeature(name=http://www.dbunit.org/features/skipOracleRecycleBinTables) - start
192584 [main] TRACE org.dbunit.database.DatabaseConfig  - getProperty(name=http://www.dbunit.org/features/skipOracleRecycleBinTables) - start
192584 [main] DEBUG org.dbunit.util.QualifiedTableName  - getQualifiedNameIfEnabled(config=org.dbunit.database.DatabaseConfig[, _propertyMap={http://www.dbunit.org/properties/statementFactory=org.dbunit.database.statement.PreparedStatementFactory@626bc2b8, http://www.dbunit.org/features/caseSensitiveTableNames=false, http://www.dbunit.org/properties/fetchSize=100, http://www.dbunit.org/features/batchedStatements=false, http://www.dbunit.org/properties/metadataHandler=org.dbunit.database.DefaultMetadataHandler@3eeace42, http://www.dbunit.org/properties/datatypeFactory=org.dbunit.dataset.datatype.DefaultDataTypeFactory[_toleratedDeltaMap=org.dbunit.dataset.datatype.ToleratedDeltaMap@6452310a], http://www.dbunit.org/properties/escapePattern=null, http://www.dbunit.org/properties/batchSize=100, http://www.dbunit.org/features/qualifiedTableNames=false, http://www.dbunit.org/properties/tableType=[Ljava.lang.String;@5011bafa, http://www.dbunit.org/properties/resultSetTableFactory=org.dbunit.database.CachedResultSetTableFactory@10bcf083, http://www.dbunit.org/features/datatypeWarning=true}]) - start
192584 [main] TRACE org.dbunit.database.DatabaseConfig  - getFeature(name=http://www.dbunit.org/features/qualifiedTableNames) - start
192584 [main] TRACE org.dbunit.database.DatabaseConfig  - getProperty(name=http://www.dbunit.org/features/qualifiedTableNames) - start
192584 [main] DEBUG org.dbunit.util.QualifiedTableName  - Qualified table names feature is disabled. Returning plain table name
192584 [main] DEBUG org.dbunit.util.QualifiedTableName  - getQualifiedName(prefix=null, name=SCOPEDCONTENT, escapePattern=null) - start
192584 [main] DEBUG org.dbunit.dataset.OrderedTableNameMap  - add(tableName=SCOPEDCONTENT, object=null) - start
192584 [main] DEBUG org.dbunit.dataset.OrderedTableNameMap  - getTableName(tableName=SCOPEDCONTENT) - start
192584 [main] DEBUG org.dbunit.dataset.OrderedTableNameMap  - getTableName(tableName=SCOPEDCONTENT) - end - result=SCOPEDCONTENT
192584 [main] DEBUG org.dbunit.dataset.OrderedTableNameMap  - getTableName(tableName=SCOPEDCONTENT) - start
192584 [main] DEBUG org.dbunit.dataset.OrderedTableNameMap  - getTableName(tableName=SCOPEDCONTENT) - end - result=SCOPEDCONTENT
192584 [main] TRACE org.dbunit.database.DefaultMetadataHandler  - getColumns(resultSet=org.apache.commons.dbcp.DelegatingResultSet@6ac660bd) - start
192584 [main] TRACE org.dbunit.database.DatabaseConfig  - getFeature(name=http://www.dbunit.org/features/skipOracleRecycleBinTables) - start
192584 [main] TRACE org.dbunit.database.DatabaseConfig  - getProperty(name=http://www.dbunit.org/features/skipOracleRecycleBinTables) - start
192585 [main] DEBUG org.dbunit.util.QualifiedTableName  - getQualifiedNameIfEnabled(config=org.dbunit.database.DatabaseConfig[, _propertyMap={http://www.dbunit.org/properties/statementFactory=org.dbunit.database.statement.PreparedStatementFactory@626bc2b8, http://www.dbunit.org/features/caseSensitiveTableNames=false, http://www.dbunit.org/properties/fetchSize=100, http://www.dbunit.org/features/batchedStatements=false, http://www.dbunit.org/properties/metadataHandler=org.dbunit.database.DefaultMetadataHandler@3eeace42, http://www.dbunit.org/properties/datatypeFactory=org.dbunit.dataset.datatype.DefaultDataTypeFactory[_toleratedDeltaMap=org.dbunit.dataset.datatype.ToleratedDeltaMap@6452310a], http://www.dbunit.org/properties/escapePattern=null, http://www.dbunit.org/properties/batchSize=100, http://www.dbunit.org/features/qualifiedTableNames=false, http://www.dbunit.org/properties/tableType=[Ljava.lang.String;@5011bafa, http://www.dbunit.org/properties/resultSetTableFactory=org.dbunit.database.CachedResultSetTableFactory@10bcf083, http://www.dbunit.org/features/datatypeWarning=true}]) - start
192585 [main] TRACE org.dbunit.database.DatabaseConfig  - getFeature(name=http://www.dbunit.org/features/qualifiedTableNames) - start
192585 [main] TRACE org.dbunit.database.DatabaseConfig  - getProperty(name=http://www.dbunit.org/features/qualifiedTableNames) - start
192585 [main] DEBUG org.dbunit.util.QualifiedTableName  - Qualified table names feature is disabled. Returning plain table name
192585 [main] DEBUG org.dbunit.util.QualifiedTableName  - getQualifiedName(prefix=null, name=SCOPEDCONTENTCONDITION, escapePattern=null) - start
192585 [main] DEBUG org.dbunit.dataset.OrderedTableNameMap  - add(tableName=SCOPEDCONTENTCONDITION, object=null) - start
192585 [main] DEBUG org.dbunit.dataset.OrderedTableNameMap  - getTableName(tableName=SCOPEDCONTENTCONDITION) - start
192585 [main] DEBUG org.dbunit.dataset.OrderedTableNameMap  - getTableName(tableName=SCOPEDCONTENTCONDITION) - end - result=SCOPEDCONTENTCONDITION
192585 [main] DEBUG org.dbunit.dataset.OrderedTableNameMap  - getTableName(tableName=SCOPEDCONTENTCONDITION) - start
192585 [main] DEBUG org.dbunit.dataset.OrderedTableNameMap  - getTableName(tableName=SCOPEDCONTENTCONDITION) - end - result=SCOPEDCONTENTCONDITION
192585 [main] TRACE org.dbunit.database.DefaultMetadataHandler  - getColumns(resultSet=org.apache.commons.dbcp.DelegatingResultSet@6ac660bd) - start
192585 [main] TRACE org.dbunit.database.DatabaseConfig  - getFeature(name=http://www.dbunit.org/features/skipOracleRecycleBinTables) - start
192585 [main] TRACE org.dbunit.database.DatabaseConfig  - getProperty(name=http://www.dbunit.org/features/skipOracleRecycleBinTables) - start
192585 [main] DEBUG org.dbunit.util.QualifiedTableName  - getQualifiedNameIfEnabled(config=org.dbunit.database.DatabaseConfig[, _propertyMap={http://www.dbunit.org/properties/statementFactory=org.dbunit.database.statement.PreparedStatementFactory@626bc2b8, http://www.dbunit.org/features/caseSensitiveTableNames=false, http://www.dbunit.org/properties/fetchSize=100, http://www.dbunit.org/features/batchedStatements=false, http://www.dbunit.org/properties/metadataHandler=org.dbunit.database.DefaultMetadataHandler@3eeace42, http://www.dbunit.org/properties/datatypeFactory=org.dbunit.dataset.datatype.DefaultDataTypeFactory[_toleratedDeltaMap=org.dbunit.dataset.datatype.ToleratedDeltaMap@6452310a], http://www.dbunit.org/properties/escapePattern=null, http://www.dbunit.org/properties/batchSize=100, http://www.dbunit.org/features/qualifiedTableNames=false, http://www.dbunit.org/properties/tableType=[Ljava.lang.String;@5011bafa, http://www.dbunit.org/properties/resultSetTableFactory=org.dbunit.database.CachedResultSetTableFactory@10bcf083, http://www.dbunit.org/features/datatypeWarning=true}]) - start
192585 [main] TRACE org.dbunit.database.DatabaseConfig  - getFeature(name=http://www.dbunit.org/features/qualifiedTableNames) - start
192585 [main] TRACE org.dbunit.database.DatabaseConfig  - getProperty(name=http://www.dbunit.org/features/qualifiedTableNames) - start
192585 [main] DEBUG org.dbunit.util.QualifiedTableName  - Qualified table names feature is disabled. Returning plain table name
192585 [main] DEBUG org.dbunit.util.QualifiedTableName  - getQualifiedName(prefix=null, name=SCOPEDCONTENTCONDITIONATTRIBUTE, escapePattern=null) - start
192585 [main] DEBUG org.dbunit.dataset.OrderedTableNameMap  - add(tableName=SCOPEDCONTENTCONDITIONATTRIBUTE, object=null) - start
192585 [main] DEBUG org.dbunit.dataset.OrderedTableNameMap  - getTableName(tableName=SCOPEDCONTENTCONDITIONATTRIBUTE) - start
192585 [main] DEBUG org.dbunit.dataset.OrderedTableNameMap  - getTableName(tableName=SCOPEDCONTENTCONDITIONATTRIBUTE) - end - result=SCOPEDCONTENTCONDITIONATTRIBUTE
192585 [main] DEBUG org.dbunit.dataset.OrderedTableNameMap  - getTableName(tableName=SCOPEDCONTENTCONDITIONATTRIBUTE) - start
192586 [main] DEBUG org.dbunit.dataset.OrderedTableNameMap  - getTableName(tableName=SCOPEDCONTENTCONDITIONATTRIBUTE) - end - result=SCOPEDCONTENTCONDITIONATTRIBUTE
192586 [main] TRACE org.dbunit.database.DefaultMetadataHandler  - getColumns(resultSet=org.apache.commons.dbcp.DelegatingResultSet@6ac660bd) - start
192586 [main] TRACE org.dbunit.database.DatabaseConfig  - getFeature(name=http://www.dbunit.org/features/skipOracleRecycleBinTables) - start
192586 [main] TRACE org.dbunit.database.DatabaseConfig  - getProperty(name=http://www.dbunit.org/features/skipOracleRecycleBinTables) - start
192586 [main] DEBUG org.dbunit.util.QualifiedTableName  - getQualifiedNameIfEnabled(config=org.dbunit.database.DatabaseConfig[, _propertyMap={http://www.dbunit.org/properties/statementFactory=org.dbunit.database.statement.PreparedStatementFactory@626bc2b8, http://www.dbunit.org/features/caseSensitiveTableNames=false, http://www.dbunit.org/properties/fetchSize=100, http://www.dbunit.org/features/batchedStatements=false, http://www.dbunit.org/properties/metadataHandler=org.dbunit.database.DefaultMetadataHandler@3eeace42, http://www.dbunit.org/properties/datatypeFactory=org.dbunit.dataset.datatype.DefaultDataTypeFactory[_toleratedDeltaMap=org.dbunit.dataset.datatype.ToleratedDeltaMap@6452310a], http://www.dbunit.org/properties/escapePattern=null, http://www.dbunit.org/properties/batchSize=100, http://www.dbunit.org/features/qualifiedTableNames=false, http://www.dbunit.org/properties/tableType=[Ljava.lang.String;@5011bafa, http://www.dbunit.org/properties/resultSetTableFactory=org.dbunit.database.CachedResultSetTableFactory@10bcf083, http://www.dbunit.org/features/datatypeWarning=true}]) - start
192586 [main] TRACE org.dbunit.database.DatabaseConfig  - getFeature(name=http://www.dbunit.org/features/qualifiedTableNames) - start
192586 [main] TRACE org.dbunit.database.DatabaseConfig  - getProperty(name=http://www.dbunit.org/features/qualifiedTableNames) - start
192586 [main] DEBUG org.dbunit.util.QualifiedTableName  - Qualified table names feature is disabled. Returning plain table name
192586 [main] DEBUG org.dbunit.util.QualifiedTableName  - getQualifiedName(prefix=null, name=SCOPEDCONTENTCONDITIONS_SCOPEDCONTENT, escapePattern=null) - start
192586 [main] DEBUG org.dbunit.dataset.OrderedTableNameMap  - add(tableName=SCOPEDCONTENTCONDITIONS_SCOPEDCONTENT, object=null) - start
192586 [main] DEBUG org.dbunit.dataset.OrderedTableNameMap  - getTableName(tableName=SCOPEDCONTENTCONDITIONS_SCOPEDCONTENT) - start
192586 [main] DEBUG org.dbunit.dataset.OrderedTableNameMap  - getTableName(tableName=SCOPEDCONTENTCONDITIONS_SCOPEDCONTENT) - end - result=SCOPEDCONTENTCONDITIONS_SCOPEDCONTENT
192586 [main] DEBUG org.dbunit.dataset.OrderedTableNameMap  - getTableName(tableName=SCOPEDCONTENTCONDITIONS_SCOPEDCONTENT) - start
192586 [main] DEBUG org.dbunit.dataset.OrderedTableNameMap  - getTableName(tableName=SCOPEDCONTENTCONDITIONS_SCOPEDCONTENT) - end - result=SCOPEDCONTENTCONDITIONS_SCOPEDCONTENT
192586 [main] TRACE org.dbunit.database.DefaultMetadataHandler  - getColumns(resultSet=org.apache.commons.dbcp.DelegatingResultSet@6ac660bd) - start
192586 [main] TRACE org.dbunit.database.DatabaseConfig  - getFeature(name=http://www.dbunit.org/features/skipOracleRecycleBinTables) - start
192586 [main] TRACE org.dbunit.database.DatabaseConfig  - getProperty(name=http://www.dbunit.org/features/skipOracleRecycleBinTables) - start
192586 [main] DEBUG org.dbunit.util.QualifiedTableName  - getQualifiedNameIfEnabled(config=org.dbunit.database.DatabaseConfig[, _propertyMap={http://www.dbunit.org/properties/statementFactory=org.dbunit.database.statement.PreparedStatementFactory@626bc2b8, http://www.dbunit.org/features/caseSensitiveTableNames=false, http://www.dbunit.org/properties/fetchSize=100, http://www.dbunit.org/features/batchedStatements=false, http://www.dbunit.org/properties/metadataHandler=org.dbunit.database.DefaultMetadataHandler@3eeace42, http://www.dbunit.org/properties/datatypeFactory=org.dbunit.dataset.datatype.DefaultDataTypeFactory[_toleratedDeltaMap=org.dbunit.dataset.datatype.ToleratedDeltaMap@6452310a], http://www.dbunit.org/properties/escapePattern=null, http://www.dbunit.org/properties/batchSize=100, http://www.dbunit.org/features/qualifiedTableNames=false, http://www.dbunit.org/properties/tableType=[Ljava.lang.String;@5011bafa, http://www.dbunit.org/properties/resultSetTableFactory=org.dbunit.database.CachedResultSetTableFactory@10bcf083, http://www.dbunit.org/features/datatypeWarning=true}]) - start
192586 [main] TRACE org.dbunit.database.DatabaseConfig  - getFeature(name=http://www.dbunit.org/features/qualifiedTableNames) - start
192586 [main] TRACE org.dbunit.database.DatabaseConfig  - getProperty(name=http://www.dbunit.org/features/qualifiedTableNames) - start
192586 [main] DEBUG org.dbunit.util.QualifiedTableName  - Qualified table names feature is disabled. Returning plain table name
192587 [main] DEBUG org.dbunit.util.QualifiedTableName  - getQualifiedName(prefix=null, name=SCOPEDCONTENTCONDITIONS_SCOPEDCONTENTITEM, escapePattern=null) - start
192587 [main] DEBUG org.dbunit.dataset.OrderedTableNameMap  - add(tableName=SCOPEDCONTENTCONDITIONS_SCOPEDCONTENTITEM, object=null) - start
192587 [main] DEBUG org.dbunit.dataset.OrderedTableNameMap  - getTableName(tableName=SCOPEDCONTENTCONDITIONS_SCOPEDCONTENTITEM) - start
192587 [main] DEBUG org.dbunit.dataset.OrderedTableNameMap  - getTableName(tableName=SCOPEDCONTENTCONDITIONS_SCOPEDCONTENTITEM) - end - result=SCOPEDCONTENTCONDITIONS_SCOPEDCONTENTITEM
192587 [main] DEBUG org.dbunit.dataset.OrderedTableNameMap  - getTableName(tableName=SCOPEDCONTENTCONDITIONS_SCOPEDCONTENTITEM) - start
192587 [main] DEBUG org.dbunit.dataset.OrderedTableNameMap  - getTableName(tableName=SCOPEDCONTENTCONDITIONS_SCOPEDCONTENTITEM) - end - result=SCOPEDCONTENTCONDITIONS_SCOPEDCONTENTITEM
192587 [main] TRACE org.dbunit.database.DefaultMetadataHandler  - getColumns(resultSet=org.apache.commons.dbcp.DelegatingResultSet@6ac660bd) - start
192587 [main] TRACE org.dbunit.database.DatabaseConfig  - getFeature(name=http://www.dbunit.org/features/skipOracleRecycleBinTables) - start
192587 [main] TRACE org.dbunit.database.DatabaseConfig  - getProperty(name=http://www.dbunit.org/features/skipOracleRecycleBinTables) - start
192587 [main] DEBUG org.dbunit.util.QualifiedTableName  - getQualifiedNameIfEnabled(config=org.dbunit.database.DatabaseConfig[, _propertyMap={http://www.dbunit.org/properties/statementFactory=org.dbunit.database.statement.PreparedStatementFactory@626bc2b8, http://www.dbunit.org/features/caseSensitiveTableNames=false, http://www.dbunit.org/properties/fetchSize=100, http://www.dbunit.org/features/batchedStatements=false, http://www.dbunit.org/properties/metadataHandler=org.dbunit.database.DefaultMetadataHandler@3eeace42, http://www.dbunit.org/properties/datatypeFactory=org.dbunit.dataset.datatype.DefaultDataTypeFactory[_toleratedDeltaMap=org.dbunit.dataset.datatype.ToleratedDeltaMap@6452310a], http://www.dbunit.org/properties/escapePattern=null, http://www.dbunit.org/properties/batchSize=100, http://www.dbunit.org/features/qualifiedTableNames=false, http://www.dbunit.org/properties/tableType=[Ljava.lang.String;@5011bafa, http://www.dbunit.org/properties/resultSetTableFactory=org.dbunit.database.CachedResultSetTableFactory@10bcf083, http://www.dbunit.org/features/datatypeWarning=true}]) - start
192587 [main] TRACE org.dbunit.database.DatabaseConfig  - getFeature(name=http://www.dbunit.org/features/qualifiedTableNames) - start
192587 [main] TRACE org.dbunit.database.DatabaseConfig  - getProperty(name=http://www.dbunit.org/features/qualifiedTableNames) - start
192587 [main] DEBUG org.dbunit.util.QualifiedTableName  - Qualified table names feature is disabled. Returning plain table name
192587 [main] DEBUG org.dbunit.util.QualifiedTableName  - getQualifiedName(prefix=null, name=SCOPEDCONTENTITEM, escapePattern=null) - start
192587 [main] DEBUG org.dbunit.dataset.OrderedTableNameMap  - add(tableName=SCOPEDCONTENTITEM, object=null) - start
192587 [main] DEBUG org.dbunit.dataset.OrderedTableNameMap  - getTableName(tableName=SCOPEDCONTENTITEM) - start
192587 [main] DEBUG org.dbunit.dataset.OrderedTableNameMap  - getTableName(tableName=SCOPEDCONTENTITEM) - end - result=SCOPEDCONTENTITEM
192587 [main] DEBUG org.dbunit.dataset.OrderedTableNameMap  - getTableName(tableName=SCOPEDCONTENTITEM) - start
192588 [main] DEBUG org.dbunit.dataset.OrderedTableNameMap  - getTableName(tableName=SCOPEDCONTENTITEM) - end - result=SCOPEDCONTENTITEM
192588 [main] TRACE org.dbunit.database.DefaultMetadataHandler  - getColumns(resultSet=org.apache.commons.dbcp.DelegatingResultSet@6ac660bd) - start
192588 [main] TRACE org.dbunit.database.DatabaseConfig  - getFeature(name=http://www.dbunit.org/features/skipOracleRecycleBinTables) - start
192588 [main] TRACE org.dbunit.database.DatabaseConfig  - getProperty(name=http://www.dbunit.org/features/skipOracleRecycleBinTables) - start
192588 [main] DEBUG org.dbunit.util.QualifiedTableName  - getQualifiedNameIfEnabled(config=org.dbunit.database.DatabaseConfig[, _propertyMap={http://www.dbunit.org/properties/statementFactory=org.dbunit.database.statement.PreparedStatementFactory@626bc2b8, http://www.dbunit.org/features/caseSensitiveTableNames=false, http://www.dbunit.org/properties/fetchSize=100, http://www.dbunit.org/features/batchedStatements=false, http://www.dbunit.org/properties/metadataHandler=org.dbunit.database.DefaultMetadataHandler@3eeace42, http://www.dbunit.org/properties/datatypeFactory=org.dbunit.dataset.datatype.DefaultDataTypeFactory[_toleratedDeltaMap=org.dbunit.dataset.datatype.ToleratedDeltaMap@6452310a], http://www.dbunit.org/properties/escapePattern=null, http://www.dbunit.org/properties/batchSize=100, http://www.dbunit.org/features/qualifiedTableNames=false, http://www.dbunit.org/properties/tableType=[Ljava.lang.String;@5011bafa, http://www.dbunit.org/properties/resultSetTableFactory=org.dbunit.database.CachedResultSetTableFactory@10bcf083, http://www.dbunit.org/features/datatypeWarning=true}]) - start
192588 [main] TRACE org.dbunit.database.DatabaseConfig  - getFeature(name=http://www.dbunit.org/features/qualifiedTableNames) - start
192588 [main] TRACE org.dbunit.database.DatabaseConfig  - getProperty(name=http://www.dbunit.org/features/qualifiedTableNames) - start
192588 [main] DEBUG org.dbunit.util.QualifiedTableName  - Qualified table names feature is disabled. Returning plain table name
192588 [main] DEBUG org.dbunit.util.QualifiedTableName  - getQualifiedName(prefix=null, name=SCOPEDCONTENT_SCOPEDCONTENTITEM, escapePattern=null) - start
192588 [main] DEBUG org.dbunit.dataset.OrderedTableNameMap  - add(tableName=SCOPEDCONTENT_SCOPEDCONTENTITEM, object=null) - start
192588 [main] DEBUG org.dbunit.dataset.OrderedTableNameMap  - getTableName(tableName=SCOPEDCONTENT_SCOPEDCONTENTITEM) - start
192588 [main] DEBUG org.dbunit.dataset.OrderedTableNameMap  - getTableName(tableName=SCOPEDCONTENT_SCOPEDCONTENTITEM) - end - result=SCOPEDCONTENT_SCOPEDCONTENTITEM
192588 [main] DEBUG org.dbunit.dataset.OrderedTableNameMap  - getTableName(tableName=SCOPEDCONTENT_SCOPEDCONTENTITEM) - start
192588 [main] DEBUG org.dbunit.dataset.OrderedTableNameMap  - getTableName(tableName=SCOPEDCONTENT_SCOPEDCONTENTITEM) - end - result=SCOPEDCONTENT_SCOPEDCONTENTITEM
192588 [main] TRACE org.dbunit.database.DefaultMetadataHandler  - getColumns(resultSet=org.apache.commons.dbcp.DelegatingResultSet@6ac660bd) - start
192588 [main] TRACE org.dbunit.database.DatabaseConfig  - getFeature(name=http://www.dbunit.org/features/skipOracleRecycleBinTables) - start
192588 [main] TRACE org.dbunit.database.DatabaseConfig  - getProperty(name=http://www.dbunit.org/features/skipOracleRecycleBinTables) - start
192588 [main] DEBUG org.dbunit.util.QualifiedTableName  - getQualifiedNameIfEnabled(config=org.dbunit.database.DatabaseConfig[, _propertyMap={http://www.dbunit.org/properties/statementFactory=org.dbunit.database.statement.PreparedStatementFactory@626bc2b8, http://www.dbunit.org/features/caseSensitiveTableNames=false, http://www.dbunit.org/properties/fetchSize=100, http://www.dbunit.org/features/batchedStatements=false, http://www.dbunit.org/properties/metadataHandler=org.dbunit.database.DefaultMetadataHandler@3eeace42, http://www.dbunit.org/properties/datatypeFactory=org.dbunit.dataset.datatype.DefaultDataTypeFactory[_toleratedDeltaMap=org.dbunit.dataset.datatype.ToleratedDeltaMap@6452310a], http://www.dbunit.org/properties/escapePattern=null, http://www.dbunit.org/properties/batchSize=100, http://www.dbunit.org/features/qualifiedTableNames=false, http://www.dbunit.org/properties/tableType=[Ljava.lang.String;@5011bafa, http://www.dbunit.org/properties/resultSetTableFactory=org.dbunit.database.CachedResultSetTableFactory@10bcf083, http://www.dbunit.org/features/datatypeWarning=true}]) - start
192588 [main] TRACE org.dbunit.database.DatabaseConfig  - getFeature(name=http://www.dbunit.org/features/qualifiedTableNames) - start
192588 [main] TRACE org.dbunit.database.DatabaseConfig  - getProperty(name=http://www.dbunit.org/features/qualifiedTableNames) - start
192588 [main] DEBUG org.dbunit.util.QualifiedTableName  - Qualified table names feature is disabled. Returning plain table name
192588 [main] DEBUG org.dbunit.util.QualifiedTableName  - getQualifiedName(prefix=null, name=SCOPE_REQUESTCONTEXT, escapePattern=null) - start
192589 [main] DEBUG org.dbunit.dataset.OrderedTableNameMap  - add(tableName=SCOPE_REQUESTCONTEXT, object=null) - start
192589 [main] DEBUG org.dbunit.dataset.OrderedTableNameMap  - getTableName(tableName=SCOPE_REQUESTCONTEXT) - start
192589 [main] DEBUG org.dbunit.dataset.OrderedTableNameMap  - getTableName(tableName=SCOPE_REQUESTCONTEXT) - end - result=SCOPE_REQUESTCONTEXT
192589 [main] DEBUG org.dbunit.dataset.OrderedTableNameMap  - getTableName(tableName=SCOPE_REQUESTCONTEXT) - start
192589 [main] DEBUG org.dbunit.dataset.OrderedTableNameMap  - getTableName(tableName=SCOPE_REQUESTCONTEXT) - end - result=SCOPE_REQUESTCONTEXT
192589 [main] TRACE org.dbunit.database.DefaultMetadataHandler  - getColumns(resultSet=org.apache.commons.dbcp.DelegatingResultSet@6ac660bd) - start
192589 [main] TRACE org.dbunit.database.DatabaseConfig  - getFeature(name=http://www.dbunit.org/features/skipOracleRecycleBinTables) - start
192589 [main] TRACE org.dbunit.database.DatabaseConfig  - getProperty(name=http://www.dbunit.org/features/skipOracleRecycleBinTables) - start
192589 [main] DEBUG org.dbunit.util.QualifiedTableName  - getQualifiedNameIfEnabled(config=org.dbunit.database.DatabaseConfig[, _propertyMap={http://www.dbunit.org/properties/statementFactory=org.dbunit.database.statement.PreparedStatementFactory@626bc2b8, http://www.dbunit.org/features/caseSensitiveTableNames=false, http://www.dbunit.org/properties/fetchSize=100, http://www.dbunit.org/features/batchedStatements=false, http://www.dbunit.org/properties/metadataHandler=org.dbunit.database.DefaultMetadataHandler@3eeace42, http://www.dbunit.org/properties/datatypeFactory=org.dbunit.dataset.datatype.DefaultDataTypeFactory[_toleratedDeltaMap=org.dbunit.dataset.datatype.ToleratedDeltaMap@6452310a], http://www.dbunit.org/properties/escapePattern=null, http://www.dbunit.org/properties/batchSize=100, http://www.dbunit.org/features/qualifiedTableNames=false, http://www.dbunit.org/properties/tableType=[Ljava.lang.String;@5011bafa, http://www.dbunit.org/properties/resultSetTableFactory=org.dbunit.database.CachedResultSetTableFactory@10bcf083, http://www.dbunit.org/features/datatypeWarning=true}]) - start
192589 [main] TRACE org.dbunit.database.DatabaseConfig  - getFeature(name=http://www.dbunit.org/features/qualifiedTableNames) - start
192589 [main] TRACE org.dbunit.database.DatabaseConfig  - getProperty(name=http://www.dbunit.org/features/qualifiedTableNames) - start
192589 [main] DEBUG org.dbunit.util.QualifiedTableName  - Qualified table names feature is disabled. Returning plain table name
192589 [main] DEBUG org.dbunit.util.QualifiedTableName  - getQualifiedName(prefix=null, name=USER, escapePattern=null) - start
192589 [main] DEBUG org.dbunit.dataset.OrderedTableNameMap  - add(tableName=USER, object=null) - start
192589 [main] DEBUG org.dbunit.dataset.OrderedTableNameMap  - getTableName(tableName=USER) - start
192589 [main] DEBUG org.dbunit.dataset.OrderedTableNameMap  - getTableName(tableName=USER) - end - result=USER
192589 [main] DEBUG org.dbunit.dataset.OrderedTableNameMap  - getTableName(tableName=USER) - start
192589 [main] DEBUG org.dbunit.dataset.OrderedTableNameMap  - getTableName(tableName=USER) - end - result=USER
192589 [main] TRACE org.dbunit.database.DefaultMetadataHandler  - getColumns(resultSet=org.apache.commons.dbcp.DelegatingResultSet@6ac660bd) - start
192589 [main] TRACE org.dbunit.database.DatabaseConfig  - getFeature(name=http://www.dbunit.org/features/skipOracleRecycleBinTables) - start
192589 [main] TRACE org.dbunit.database.DatabaseConfig  - getProperty(name=http://www.dbunit.org/features/skipOracleRecycleBinTables) - start
192589 [main] DEBUG org.dbunit.util.QualifiedTableName  - getQualifiedNameIfEnabled(config=org.dbunit.database.DatabaseConfig[, _propertyMap={http://www.dbunit.org/properties/statementFactory=org.dbunit.database.statement.PreparedStatementFactory@626bc2b8, http://www.dbunit.org/features/caseSensitiveTableNames=false, http://www.dbunit.org/properties/fetchSize=100, http://www.dbunit.org/features/batchedStatements=false, http://www.dbunit.org/properties/metadataHandler=org.dbunit.database.DefaultMetadataHandler@3eeace42, http://www.dbunit.org/properties/datatypeFactory=org.dbunit.dataset.datatype.DefaultDataTypeFactory[_toleratedDeltaMap=org.dbunit.dataset.datatype.ToleratedDeltaMap@6452310a], http://www.dbunit.org/properties/escapePattern=null, http://www.dbunit.org/properties/batchSize=100, http://www.dbunit.org/features/qualifiedTableNames=false, http://www.dbunit.org/properties/tableType=[Ljava.lang.String;@5011bafa, http://www.dbunit.org/properties/resultSetTableFactory=org.dbunit.database.CachedResultSetTableFactory@10bcf083, http://www.dbunit.org/features/datatypeWarning=true}]) - start
192589 [main] TRACE org.dbunit.database.DatabaseConfig  - getFeature(name=http://www.dbunit.org/features/qualifiedTableNames) - start
192589 [main] TRACE org.dbunit.database.DatabaseConfig  - getProperty(name=http://www.dbunit.org/features/qualifiedTableNames) - start
192589 [main] DEBUG org.dbunit.util.QualifiedTableName  - Qualified table names feature is disabled. Returning plain table name
192589 [main] DEBUG org.dbunit.util.QualifiedTableName  - getQualifiedName(prefix=null, name=USERS_AUTHORITIES, escapePattern=null) - start
192590 [main] DEBUG org.dbunit.dataset.OrderedTableNameMap  - add(tableName=USERS_AUTHORITIES, object=null) - start
192590 [main] DEBUG org.dbunit.dataset.OrderedTableNameMap  - getTableName(tableName=USERS_AUTHORITIES) - start
192590 [main] DEBUG org.dbunit.dataset.OrderedTableNameMap  - getTableName(tableName=USERS_AUTHORITIES) - end - result=USERS_AUTHORITIES
192590 [main] DEBUG org.dbunit.dataset.OrderedTableNameMap  - getTableName(tableName=USERS_AUTHORITIES) - start
192590 [main] DEBUG org.dbunit.dataset.OrderedTableNameMap  - getTableName(tableName=USERS_AUTHORITIES) - end - result=USERS_AUTHORITIES
192590 [main] DEBUG org.dbunit.database.DatabaseSequenceFilter  - sortTableNames(connection=_databaseConfig=org.dbunit.database.DatabaseConfig[, _propertyMap={http://www.dbunit.org/properties/statementFactory=org.dbunit.database.statement.PreparedStatementFactory@626bc2b8, http://www.dbunit.org/features/caseSensitiveTableNames=false, http://www.dbunit.org/properties/fetchSize=100, http://www.dbunit.org/features/batchedStatements=false, http://www.dbunit.org/properties/metadataHandler=org.dbunit.database.DefaultMetadataHandler@3eeace42, http://www.dbunit.org/properties/datatypeFactory=org.dbunit.dataset.datatype.DefaultDataTypeFactory[_toleratedDeltaMap=org.dbunit.dataset.datatype.ToleratedDeltaMap@6452310a], http://www.dbunit.org/properties/escapePattern=null, http://www.dbunit.org/properties/batchSize=100, http://www.dbunit.org/features/qualifiedTableNames=false, http://www.dbunit.org/properties/tableType=[Ljava.lang.String;@5011bafa, http://www.dbunit.org/properties/resultSetTableFactory=org.dbunit.database.CachedResultSetTableFactory@10bcf083, http://www.dbunit.org/features/datatypeWarning=true}], _dataSet=AbstractDataSet[_orderedTableNameMap=null], tableNames=[AUTHORITY, CAPTION, NESTEDSCOPEDCONTENTCONDITIONS, REQUESTCONTEXT, SCOPE, SCOPEDCONTENT, SCOPEDCONTENTCONDITION, SCOPEDCONTENTCONDITIONATTRIBUTE, SCOPEDCONTENTCONDITIONS_SCOPEDCONTENT, SCOPEDCONTENTCONDITIONS_SCOPEDCONTENTITEM, SCOPEDCONTENTITEM, SCOPEDCONTENT_SCOPEDCONTENTITEM, SCOPE_REQUESTCONTEXT, USER, USERS_AUTHORITIES]) - start
192590 [main] DEBUG org.dbunit.database.DatabaseSequenceFilter  - getDependencyInfo(connection=_databaseConfig=org.dbunit.database.DatabaseConfig[, _propertyMap={http://www.dbunit.org/properties/statementFactory=org.dbunit.database.statement.PreparedStatementFactory@626bc2b8, http://www.dbunit.org/features/caseSensitiveTableNames=false, http://www.dbunit.org/properties/fetchSize=100, http://www.dbunit.org/features/batchedStatements=false, http://www.dbunit.org/properties/metadataHandler=org.dbunit.database.DefaultMetadataHandler@3eeace42, http://www.dbunit.org/properties/datatypeFactory=org.dbunit.dataset.datatype.DefaultDataTypeFactory[_toleratedDeltaMap=org.dbunit.dataset.datatype.ToleratedDeltaMap@6452310a], http://www.dbunit.org/properties/escapePattern=null, http://www.dbunit.org/properties/batchSize=100, http://www.dbunit.org/features/qualifiedTableNames=false, http://www.dbunit.org/properties/tableType=[Ljava.lang.String;@5011bafa, http://www.dbunit.org/properties/resultSetTableFactory=org.dbunit.database.CachedResultSetTableFactory@10bcf083, http://www.dbunit.org/features/datatypeWarning=true}], _dataSet=AbstractDataSet[_orderedTableNameMap=null], tableName=AUTHORITY) - start
192590 [main] DEBUG org.dbunit.database.search.TablesDependencyHelper  - getDependentTables(connection=_databaseConfig=org.dbunit.database.DatabaseConfig[, _propertyMap={http://www.dbunit.org/properties/statementFactory=org.dbunit.database.statement.PreparedStatementFactory@626bc2b8, http://www.dbunit.org/features/caseSensitiveTableNames=false, http://www.dbunit.org/properties/fetchSize=100, http://www.dbunit.org/features/batchedStatements=false, http://www.dbunit.org/properties/metadataHandler=org.dbunit.database.DefaultMetadataHandler@3eeace42, http://www.dbunit.org/properties/datatypeFactory=org.dbunit.dataset.datatype.DefaultDataTypeFactory[_toleratedDeltaMap=org.dbunit.dataset.datatype.ToleratedDeltaMap@6452310a], http://www.dbunit.org/properties/escapePattern=null, http://www.dbunit.org/properties/batchSize=100, http://www.dbunit.org/features/qualifiedTableNames=false, http://www.dbunit.org/properties/tableType=[Ljava.lang.String;@5011bafa, http://www.dbunit.org/properties/resultSetTableFactory=org.dbunit.database.CachedResultSetTableFactory@10bcf083, http://www.dbunit.org/features/datatypeWarning=true}], _dataSet=AbstractDataSet[_orderedTableNameMap=null], rootTable=AUTHORITY) - start
192590 [main] DEBUG org.dbunit.database.search.TablesDependencyHelper  - getDependentTables(connection=_databaseConfig=org.dbunit.database.DatabaseConfig[, _propertyMap={http://www.dbunit.org/properties/statementFactory=org.dbunit.database.statement.PreparedStatementFactory@626bc2b8, http://www.dbunit.org/features/caseSensitiveTableNames=false, http://www.dbunit.org/properties/fetchSize=100, http://www.dbunit.org/features/batchedStatements=false, http://www.dbunit.org/properties/metadataHandler=org.dbunit.database.DefaultMetadataHandler@3eeace42, http://www.dbunit.org/properties/datatypeFactory=org.dbunit.dataset.datatype.DefaultDataTypeFactory[_toleratedDeltaMap=org.dbunit.dataset.datatype.ToleratedDeltaMap@6452310a], http://www.dbunit.org/properties/escapePattern=null, http://www.dbunit.org/properties/batchSize=100, http://www.dbunit.org/features/qualifiedTableNames=false, http://www.dbunit.org/properties/tableType=[Ljava.lang.String;@5011bafa, http://www.dbunit.org/properties/resultSetTableFactory=org.dbunit.database.CachedResultSetTableFactory@10bcf083, http://www.dbunit.org/features/datatypeWarning=true}], _dataSet=AbstractDataSet[_orderedTableNameMap=null], rootTables=[AUTHORITY]) - start
192590 [main] DEBUG org.dbunit.util.search.DepthFirstSearch  - search(nodesFrom=[AUTHORITY], callback=org.dbunit.database.search.ImportedKeysSearchCallback@22effc91) - start
192590 [main] DEBUG org.dbunit.util.CollectionsHelper  - objectsToSet(objects=AUTHORITY) - start
192590 [main] DEBUG org.dbunit.util.search.DepthFirstSearch  - search(nodesFrom=[AUTHORITY], callback=org.dbunit.database.search.ImportedKeysSearchCallback@22effc91) - start
192590 [main] DEBUG org.dbunit.util.search.DepthFirstSearch  - reverseSearch:AUTHORITY
192590 [main] DEBUG org.dbunit.database.search.ImportedKeysSearchCallback  - searchNode(node=AUTHORITY) - start
192591 [main] DEBUG org.dbunit.util.search.DepthFirstSearch  - Pushing (reverse) AUTHORITY
192591 [main] DEBUG org.dbunit.database.search.ImportedKeysSearchCallback  - getEdges(node=AUTHORITY) - start
192591 [main] DEBUG org.dbunit.database.search.AbstractMetaDataBasedSearchCallback  - getNodesFromImportedKeys(node=AUTHORITY) - start
192591 [main] DEBUG org.dbunit.database.search.AbstractMetaDataBasedSearchCallback  - getNodes(type=0, node=AUTHORITY) - start
192591 [main] DEBUG org.dbunit.database.DatabaseDataSourceConnection  - getConnection() - start
192591 [main] DEBUG org.dbunit.database.search.AbstractMetaDataBasedSearchCallback  - getNodes(type=0, node=AUTHORITY, conn=Transaction-aware proxy for target Connection [jdbc:hsqldb:mem:kontrollDS, UserName=sw, HSQL Database Engine Driver], schema=null, metaData=org.apache.commons.dbcp.DelegatingDatabaseMetaData@39aea582, edges=[]) - start
192591 [main] DEBUG org.dbunit.database.search.AbstractMetaDataBasedSearchCallback  - Getting edges for node AUTHORITY
192591 [main] TRACE org.dbunit.database.DatabaseConfig  - getProperty(name=http://www.dbunit.org/properties/metadataHandler) - start
192591 [main] TRACE org.dbunit.database.DefaultMetadataHandler  - tableExists(metaData=org.apache.commons.dbcp.DelegatingDatabaseMetaData@39aea582, schemaName=null, tableName=AUTHORITY) - start
192592 [main] DEBUG org.dbunit.util.SQLHelper  - close(resultSet=org.apache.commons.dbcp.DelegatingResultSet@612ba29e) - start
192592 [main] DEBUG org.dbunit.util.SQLHelper  - close(resultSet=org.apache.commons.dbcp.DelegatingResultSet@39c7f8c4) - start
192592 [main] DEBUG org.dbunit.util.search.DepthFirstSearch  - search:AUTHORITY
192592 [main] DEBUG org.dbunit.database.search.ImportedKeysSearchCallback  - searchNode(node=AUTHORITY) - start
192592 [main] DEBUG org.dbunit.util.search.DepthFirstSearch  - Pushing AUTHORITY
192592 [main] DEBUG org.dbunit.database.search.ImportedKeysSearchCallback  - getEdges(node=AUTHORITY) - start
192592 [main] DEBUG org.dbunit.database.search.AbstractMetaDataBasedSearchCallback  - getNodesFromImportedKeys(node=AUTHORITY) - start
192592 [main] DEBUG org.dbunit.database.search.AbstractMetaDataBasedSearchCallback  - getNodes(type=0, node=AUTHORITY) - start
192592 [main] DEBUG org.dbunit.database.DatabaseDataSourceConnection  - getConnection() - start
192592 [main] DEBUG org.dbunit.database.search.AbstractMetaDataBasedSearchCallback  - getNodes(type=0, node=AUTHORITY, conn=Transaction-aware proxy for target Connection [jdbc:hsqldb:mem:kontrollDS, UserName=sw, HSQL Database Engine Driver], schema=null, metaData=org.apache.commons.dbcp.DelegatingDatabaseMetaData@779d297e, edges=[]) - start
192592 [main] DEBUG org.dbunit.database.search.AbstractMetaDataBasedSearchCallback  - Getting edges for node AUTHORITY
192592 [main] TRACE org.dbunit.database.DatabaseConfig  - getProperty(name=http://www.dbunit.org/properties/metadataHandler) - start
192592 [main] TRACE org.dbunit.database.DefaultMetadataHandler  - tableExists(metaData=org.apache.commons.dbcp.DelegatingDatabaseMetaData@779d297e, schemaName=null, tableName=AUTHORITY) - start
192593 [main] DEBUG org.dbunit.util.SQLHelper  - close(resultSet=org.apache.commons.dbcp.DelegatingResultSet@556a72a3) - start
192594 [main] DEBUG org.dbunit.util.SQLHelper  - close(resultSet=org.apache.commons.dbcp.DelegatingResultSet@16ad1d14) - start
192594 [main] DEBUG org.dbunit.util.search.DepthFirstSearch  - Adding node AUTHORITY to the final result
192594 [main] DEBUG org.dbunit.util.CollectionsHelper  - setToStrings(set=[AUTHORITY]) - start
192594 [main] DEBUG org.dbunit.database.search.TablesDependencyHelper  - getDependsOnTables(connection=_databaseConfig=org.dbunit.database.DatabaseConfig[, _propertyMap={http://www.dbunit.org/properties/statementFactory=org.dbunit.database.statement.PreparedStatementFactory@626bc2b8, http://www.dbunit.org/features/caseSensitiveTableNames=false, http://www.dbunit.org/properties/fetchSize=100, http://www.dbunit.org/features/batchedStatements=false, http://www.dbunit.org/properties/metadataHandler=org.dbunit.database.DefaultMetadataHandler@3eeace42, http://www.dbunit.org/properties/datatypeFactory=org.dbunit.dataset.datatype.DefaultDataTypeFactory[_toleratedDeltaMap=org.dbunit.dataset.datatype.ToleratedDeltaMap@6452310a], http://www.dbunit.org/properties/escapePattern=null, http://www.dbunit.org/properties/batchSize=100, http://www.dbunit.org/features/qualifiedTableNames=false, http://www.dbunit.org/properties/tableType=[Ljava.lang.String;@5011bafa, http://www.dbunit.org/properties/resultSetTableFactory=org.dbunit.database.CachedResultSetTableFactory@10bcf083, http://www.dbunit.org/features/datatypeWarning=true}], _dataSet=AbstractDataSet[_orderedTableNameMap=null], rootTable=AUTHORITY) - start
192594 [main] DEBUG org.dbunit.util.search.DepthFirstSearch  - search(nodesFrom=[AUTHORITY], callback=org.dbunit.database.search.ExportedKeysSearchCallback@23427f54) - start
192594 [main] DEBUG org.dbunit.util.CollectionsHelper  - objectsToSet(objects=AUTHORITY) - start
192594 [main] DEBUG org.dbunit.util.search.DepthFirstSearch  - search(nodesFrom=[AUTHORITY], callback=org.dbunit.database.search.ExportedKeysSearchCallback@23427f54) - start
192594 [main] DEBUG org.dbunit.util.search.DepthFirstSearch  - reverseSearch:AUTHORITY
192594 [main] DEBUG org.dbunit.database.search.ExportedKeysSearchCallback  - searchNode(node=AUTHORITY) - start
192594 [main] DEBUG org.dbunit.util.search.DepthFirstSearch  - Pushing (reverse) AUTHORITY
192594 [main] DEBUG org.dbunit.database.search.ExportedKeysSearchCallback  - getEdges(node=AUTHORITY) - start
192594 [main] DEBUG org.dbunit.database.search.AbstractMetaDataBasedSearchCallback  - getNodesFromExportedKeys(node=AUTHORITY) - start
192594 [main] DEBUG org.dbunit.database.search.AbstractMetaDataBasedSearchCallback  - getNodes(type=1, node=AUTHORITY) - start
192594 [main] DEBUG org.dbunit.database.DatabaseDataSourceConnection  - getConnection() - start
192594 [main] DEBUG org.dbunit.database.search.AbstractMetaDataBasedSearchCallback  - getNodes(type=1, node=AUTHORITY, conn=Transaction-aware proxy for target Connection [jdbc:hsqldb:mem:kontrollDS, UserName=sw, HSQL Database Engine Driver], schema=null, metaData=org.apache.commons.dbcp.DelegatingDatabaseMetaData@62b575e1, edges=[]) - start
192594 [main] DEBUG org.dbunit.database.search.AbstractMetaDataBasedSearchCallback  - Getting edges for node AUTHORITY
192594 [main] TRACE org.dbunit.database.DatabaseConfig  - getProperty(name=http://www.dbunit.org/properties/metadataHandler) - start
192594 [main] TRACE org.dbunit.database.DefaultMetadataHandler  - tableExists(metaData=org.apache.commons.dbcp.DelegatingDatabaseMetaData@62b575e1, schemaName=null, tableName=AUTHORITY) - start
192596 [main] DEBUG org.dbunit.util.SQLHelper  - close(resultSet=org.apache.commons.dbcp.DelegatingResultSet@309ad662) - start
192596 [main] DEBUG org.dbunit.util.QualifiedTableName  - getQualifiedNameIfEnabled(config=org.dbunit.database.DatabaseConfig[, _propertyMap={http://www.dbunit.org/properties/statementFactory=org.dbunit.database.statement.PreparedStatementFactory@626bc2b8, http://www.dbunit.org/features/caseSensitiveTableNames=false, http://www.dbunit.org/properties/fetchSize=100, http://www.dbunit.org/features/batchedStatements=false, http://www.dbunit.org/properties/metadataHandler=org.dbunit.database.DefaultMetadataHandler@3eeace42, http://www.dbunit.org/properties/datatypeFactory=org.dbunit.dataset.datatype.DefaultDataTypeFactory[_toleratedDeltaMap=org.dbunit.dataset.datatype.ToleratedDeltaMap@6452310a], http://www.dbunit.org/properties/escapePattern=null, http://www.dbunit.org/properties/batchSize=100, http://www.dbunit.org/features/qualifiedTableNames=false, http://www.dbunit.org/properties/tableType=[Ljava.lang.String;@5011bafa, http://www.dbunit.org/properties/resultSetTableFactory=org.dbunit.database.CachedResultSetTableFactory@10bcf083, http://www.dbunit.org/features/datatypeWarning=true}]) - start
192596 [main] TRACE org.dbunit.database.DatabaseConfig  - getFeature(name=http://www.dbunit.org/features/qualifiedTableNames) - start
192596 [main] TRACE org.dbunit.database.DatabaseConfig  - getProperty(name=http://www.dbunit.org/features/qualifiedTableNames) - start
192597 [main] DEBUG org.dbunit.util.QualifiedTableName  - Qualified table names feature is disabled. Returning plain table name
192597 [main] DEBUG org.dbunit.util.QualifiedTableName  - getQualifiedName(prefix=null, name=AUTHORITY, escapePattern=null) - start
192597 [main] DEBUG org.dbunit.util.QualifiedTableName  - getQualifiedNameIfEnabled(config=org.dbunit.database.DatabaseConfig[, _propertyMap={http://www.dbunit.org/properties/statementFactory=org.dbunit.database.statement.PreparedStatementFactory@626bc2b8, http://www.dbunit.org/features/caseSensitiveTableNames=false, http://www.dbunit.org/properties/fetchSize=100, http://www.dbunit.org/features/batchedStatements=false, http://www.dbunit.org/properties/metadataHandler=org.dbunit.database.DefaultMetadataHandler@3eeace42, http://www.dbunit.org/properties/datatypeFactory=org.dbunit.dataset.datatype.DefaultDataTypeFactory[_toleratedDeltaMap=org.dbunit.dataset.datatype.ToleratedDeltaMap@6452310a], http://www.dbunit.org/properties/escapePattern=null, http://www.dbunit.org/properties/batchSize=100, http://www.dbunit.org/features/qualifiedTableNames=false, http://www.dbunit.org/properties/tableType=[Ljava.lang.String;@5011bafa, http://www.dbunit.org/properties/resultSetTableFactory=org.dbunit.database.CachedResultSetTableFactory@10bcf083, http://www.dbunit.org/features/datatypeWarning=true}]) - start
192597 [main] TRACE org.dbunit.database.DatabaseConfig  - getFeature(name=http://www.dbunit.org/features/qualifiedTableNames) - start
192597 [main] TRACE org.dbunit.database.DatabaseConfig  - getProperty(name=http://www.dbunit.org/features/qualifiedTableNames) - start
192597 [main] DEBUG org.dbunit.util.QualifiedTableName  - Qualified table names feature is disabled. Returning plain table name
192597 [main] DEBUG org.dbunit.util.QualifiedTableName  - getQualifiedName(prefix=null, name=USERS_AUTHORITIES, escapePattern=null) - start
192597 [main] DEBUG org.dbunit.database.search.AbstractMetaDataBasedSearchCallback  - newEdge(rs=org.apache.commons.dbcp.DelegatingResultSet@32a6ba4e, type=1, from=AUTHORITY, to=USERS_AUTHORITIES, fkColumn=AUTHORITY_ID, pkColumn=ID) - start
192597 [main] DEBUG org.dbunit.database.search.AbstractMetaDataBasedSearchCallback  - createFKEdge(rs=org.apache.commons.dbcp.DelegatingResultSet@32a6ba4e, type=1, from=AUTHORITY, to=USERS_AUTHORITIES, fkColumn=AUTHORITY_ID, pkColumn=ID) - start
192597 [main] DEBUG org.dbunit.database.search.AbstractMetaDataBasedSearchCallback  - Adding edge USERS_AUTHORITIES(AUTHORITY_ID)->AUTHORITY(ID)
192597 [main] DEBUG org.dbunit.util.search.Edge  - compareTo(o=USERS_AUTHORITIES(AUTHORITY_ID)->AUTHORITY(ID)) - start
192597 [main] DEBUG org.dbunit.util.SQLHelper  - close(resultSet=org.apache.commons.dbcp.DelegatingResultSet@32a6ba4e) - start
192597 [main] DEBUG org.dbunit.util.search.DepthFirstSearch  - reverseSearch:USERS_AUTHORITIES
192597 [main] DEBUG org.dbunit.database.search.ExportedKeysSearchCallback  - searchNode(node=USERS_AUTHORITIES) - start
192597 [main] DEBUG org.dbunit.util.search.DepthFirstSearch  - Pushing (reverse) USERS_AUTHORITIES
192597 [main] DEBUG org.dbunit.database.search.ExportedKeysSearchCallback  - getEdges(node=USERS_AUTHORITIES) - start
192597 [main] DEBUG org.dbunit.database.search.AbstractMetaDataBasedSearchCallback  - getNodesFromExportedKeys(node=USERS_AUTHORITIES) - start
192597 [main] DEBUG org.dbunit.database.search.AbstractMetaDataBasedSearchCallback  - getNodes(type=1, node=USERS_AUTHORITIES) - start
192598 [main] DEBUG org.dbunit.database.DatabaseDataSourceConnection  - getConnection() - start
192598 [main] DEBUG org.dbunit.database.search.AbstractMetaDataBasedSearchCallback  - getNodes(type=1, node=USERS_AUTHORITIES, conn=Transaction-aware proxy for target Connection [jdbc:hsqldb:mem:kontrollDS, UserName=sw, HSQL Database Engine Driver], schema=null, metaData=org.apache.commons.dbcp.DelegatingDatabaseMetaData@601170dc, edges=[]) - start
192598 [main] DEBUG org.dbunit.database.search.AbstractMetaDataBasedSearchCallback  - Getting edges for node USERS_AUTHORITIES
192598 [main] TRACE org.dbunit.database.DatabaseConfig  - getProperty(name=http://www.dbunit.org/properties/metadataHandler) - start
192598 [main] TRACE org.dbunit.database.DefaultMetadataHandler  - tableExists(metaData=org.apache.commons.dbcp.DelegatingDatabaseMetaData@601170dc, schemaName=null, tableName=USERS_AUTHORITIES) - start
192599 [main] DEBUG org.dbunit.util.SQLHelper  - close(resultSet=org.apache.commons.dbcp.DelegatingResultSet@8880e9d) - start
192600 [main] DEBUG org.dbunit.util.SQLHelper  - close(resultSet=org.apache.commons.dbcp.DelegatingResultSet@63c29d06) - start
192600 [main] DEBUG org.dbunit.util.search.DepthFirstSearch  - search:USERS_AUTHORITIES
192600 [main] DEBUG org.dbunit.database.search.ExportedKeysSearchCallback  - searchNode(node=USERS_AUTHORITIES) - start
192600 [main] DEBUG org.dbunit.util.search.DepthFirstSearch  - Pushing USERS_AUTHORITIES
192600 [main] DEBUG org.dbunit.database.search.ExportedKeysSearchCallback  - getEdges(node=USERS_AUTHORITIES) - start
192600 [main] DEBUG org.dbunit.database.search.AbstractMetaDataBasedSearchCallback  - getNodesFromExportedKeys(node=USERS_AUTHORITIES) - start
192600 [main] DEBUG org.dbunit.database.search.AbstractMetaDataBasedSearchCallback  - getNodes(type=1, node=USERS_AUTHORITIES) - start
192600 [main] DEBUG org.dbunit.database.DatabaseDataSourceConnection  - getConnection() - start
192600 [main] DEBUG org.dbunit.database.search.AbstractMetaDataBasedSearchCallback  - getNodes(type=1, node=USERS_AUTHORITIES, conn=Transaction-aware proxy for target Connection [jdbc:hsqldb:mem:kontrollDS, UserName=sw, HSQL Database Engine Driver], schema=null, metaData=org.apache.commons.dbcp.DelegatingDatabaseMetaData@7dd32814, edges=[]) - start
192600 [main] DEBUG org.dbunit.database.search.AbstractMetaDataBasedSearchCallback  - Getting edges for node USERS_AUTHORITIES
192600 [main] TRACE org.dbunit.database.DatabaseConfig  - getProperty(name=http://www.dbunit.org/properties/metadataHandler) - start
192600 [main] TRACE org.dbunit.database.DefaultMetadataHandler  - tableExists(metaData=org.apache.commons.dbcp.DelegatingDatabaseMetaData@7dd32814, schemaName=null, tableName=USERS_AUTHORITIES) - start
192601 [main] DEBUG org.dbunit.util.SQLHelper  - close(resultSet=org.apache.commons.dbcp.DelegatingResultSet@1c223ece) - start
192602 [main] DEBUG org.dbunit.util.SQLHelper  - close(resultSet=org.apache.commons.dbcp.DelegatingResultSet@225f29fd) - start
192602 [main] DEBUG org.dbunit.util.search.DepthFirstSearch  - Adding node USERS_AUTHORITIES to the final result
192602 [main] DEBUG org.dbunit.util.search.DepthFirstSearch  - search:AUTHORITY
192602 [main] DEBUG org.dbunit.database.search.ExportedKeysSearchCallback  - searchNode(node=AUTHORITY) - start
192602 [main] DEBUG org.dbunit.util.search.DepthFirstSearch  - Pushing AUTHORITY
192602 [main] DEBUG org.dbunit.database.search.ExportedKeysSearchCallback  - getEdges(node=AUTHORITY) - start
192602 [main] DEBUG org.dbunit.database.search.AbstractMetaDataBasedSearchCallback  - getNodesFromExportedKeys(node=AUTHORITY) - start
192602 [main] DEBUG org.dbunit.database.search.AbstractMetaDataBasedSearchCallback  - getNodes(type=1, node=AUTHORITY) - start
192602 [main] DEBUG org.dbunit.database.DatabaseDataSourceConnection  - getConnection() - start
192603 [main] DEBUG org.dbunit.database.search.AbstractMetaDataBasedSearchCallback  - getNodes(type=1, node=AUTHORITY, conn=Transaction-aware proxy for target Connection [jdbc:hsqldb:mem:kontrollDS, UserName=sw, HSQL Database Engine Driver], schema=null, metaData=org.apache.commons.dbcp.DelegatingDatabaseMetaData@15bdb2ac, edges=[]) - start
192603 [main] DEBUG org.dbunit.database.search.AbstractMetaDataBasedSearchCallback  - Getting edges for node AUTHORITY
192603 [main] TRACE org.dbunit.database.DatabaseConfig  - getProperty(name=http://www.dbunit.org/properties/metadataHandler) - start
192603 [main] TRACE org.dbunit.database.DefaultMetadataHandler  - tableExists(metaData=org.apache.commons.dbcp.DelegatingDatabaseMetaData@15bdb2ac, schemaName=null, tableName=AUTHORITY) - start
192606 [main] DEBUG org.dbunit.util.SQLHelper  - close(resultSet=org.apache.commons.dbcp.DelegatingResultSet@10b4456b) - start
192607 [main] DEBUG org.dbunit.util.QualifiedTableName  - getQualifiedNameIfEnabled(config=org.dbunit.database.DatabaseConfig[, _propertyMap={http://www.dbunit.org/properties/statementFactory=org.dbunit.database.statement.PreparedStatementFactory@626bc2b8, http://www.dbunit.org/features/caseSensitiveTableNames=false, http://www.dbunit.org/properties/fetchSize=100, http://www.dbunit.org/features/batchedStatements=false, http://www.dbunit.org/properties/metadataHandler=org.dbunit.database.DefaultMetadataHandler@3eeace42, http://www.dbunit.org/properties/datatypeFactory=org.dbunit.dataset.datatype.DefaultDataTypeFactory[_toleratedDeltaMap=org.dbunit.dataset.datatype.ToleratedDeltaMap@6452310a], http://www.dbunit.org/properties/escapePattern=null, http://www.dbunit.org/properties/batchSize=100, http://www.dbunit.org/features/qualifiedTableNames=false, http://www.dbunit.org/properties/tableType=[Ljava.lang.String;@5011bafa, http://www.dbunit.org/properties/resultSetTableFactory=org.dbunit.database.CachedResultSetTableFactory@10bcf083, http://www.dbunit.org/features/datatypeWarning=true}]) - start
192607 [main] TRACE org.dbunit.database.DatabaseConfig  - getFeature(name=http://www.dbunit.org/features/qualifiedTableNames) - start
192607 [main] TRACE org.dbunit.database.DatabaseConfig  - getProperty(name=http://www.dbunit.org/features/qualifiedTableNames) - start
192607 [main] DEBUG org.dbunit.util.QualifiedTableName  - Qualified table names feature is disabled. Returning plain table name
192607 [main] DEBUG org.dbunit.util.QualifiedTableName  - getQualifiedName(prefix=null, name=AUTHORITY, escapePattern=null) - start
192607 [main] DEBUG org.dbunit.util.QualifiedTableName  - getQualifiedNameIfEnabled(config=org.dbunit.database.DatabaseConfig[, _propertyMap={http://www.dbunit.org/properties/statementFactory=org.dbunit.database.statement.PreparedStatementFactory@626bc2b8, http://www.dbunit.org/features/caseSensitiveTableNames=false, http://www.dbunit.org/properties/fetchSize=100, http://www.dbunit.org/features/batchedStatements=false, http://www.dbunit.org/properties/metadataHandler=org.dbunit.database.DefaultMetadataHandler@3eeace42, http://www.dbunit.org/properties/datatypeFactory=org.dbunit.dataset.datatype.DefaultDataTypeFactory[_toleratedDeltaMap=org.dbunit.dataset.datatype.ToleratedDeltaMap@6452310a], http://www.dbunit.org/properties/escapePattern=null, http://www.dbunit.org/properties/batchSize=100, http://www.dbunit.org/features/qualifiedTableNames=false, http://www.dbunit.org/properties/tableType=[Ljava.lang.String;@5011bafa, http://www.dbunit.org/properties/resultSetTableFactory=org.dbunit.database.CachedResultSetTableFactory@10bcf083, http://www.dbunit.org/features/datatypeWarning=true}]) - start
192607 [main] TRACE org.dbunit.database.DatabaseConfig  - getFeature(name=http://www.dbunit.org/features/qualifiedTableNames) - start
192607 [main] TRACE org.dbunit.database.DatabaseConfig  - getProperty(name=http://www.dbunit.org/features/qualifiedTableNames) - start
192607 [main] DEBUG org.dbunit.util.QualifiedTableName  - Qualified table names feature is disabled. Returning plain table name
192608 [main] DEBUG org.dbunit.util.QualifiedTableName  - getQualifiedName(prefix=null, name=USERS_AUTHORITIES, escapePattern=null) - start
192608 [main] DEBUG org.dbunit.database.search.AbstractMetaDataBasedSearchCallback  - newEdge(rs=org.apache.commons.dbcp.DelegatingResultSet@4b14157d, type=1, from=AUTHORITY, to=USERS_AUTHORITIES, fkColumn=AUTHORITY_ID, pkColumn=ID) - start
192608 [main] DEBUG org.dbunit.database.search.AbstractMetaDataBasedSearchCallback  - createFKEdge(rs=org.apache.commons.dbcp.DelegatingResultSet@4b14157d, type=1, from=AUTHORITY, to=USERS_AUTHORITIES, fkColumn=AUTHORITY_ID, pkColumn=ID) - start
192608 [main] DEBUG org.dbunit.database.search.AbstractMetaDataBasedSearchCallback  - Adding edge USERS_AUTHORITIES(AUTHORITY_ID)->AUTHORITY(ID)
192608 [main] DEBUG org.dbunit.util.search.Edge  - compareTo(o=USERS_AUTHORITIES(AUTHORITY_ID)->AUTHORITY(ID)) - start
192608 [main] DEBUG org.dbunit.util.SQLHelper  - close(resultSet=org.apache.commons.dbcp.DelegatingResultSet@4b14157d) - start
192608 [main] DEBUG org.dbunit.util.search.DepthFirstSearch  - search:AUTHORITY
192608 [main] DEBUG org.dbunit.util.search.DepthFirstSearch  - already searched; returning true
192608 [main] DEBUG org.dbunit.util.search.DepthFirstSearch  - Adding node AUTHORITY to the final result
192608 [main] DEBUG org.dbunit.util.CollectionsHelper  - setToStrings(set=[USERS_AUTHORITIES, AUTHORITY]) - start
192608 [main] DEBUG org.dbunit.database.search.TablesDependencyHelper  - getDirectDependsOnTables(connection=_databaseConfig=org.dbunit.database.DatabaseConfig[, _propertyMap={http://www.dbunit.org/properties/statementFactory=org.dbunit.database.statement.PreparedStatementFactory@626bc2b8, http://www.dbunit.org/features/caseSensitiveTableNames=false, http://www.dbunit.org/properties/fetchSize=100, http://www.dbunit.org/features/batchedStatements=false, http://www.dbunit.org/properties/metadataHandler=org.dbunit.database.DefaultMetadataHandler@3eeace42, http://www.dbunit.org/properties/datatypeFactory=org.dbunit.dataset.datatype.DefaultDataTypeFactory[_toleratedDeltaMap=org.dbunit.dataset.datatype.ToleratedDeltaMap@6452310a], http://www.dbunit.org/properties/escapePattern=null, http://www.dbunit.org/properties/batchSize=100, http://www.dbunit.org/features/qualifiedTableNames=false, http://www.dbunit.org/properties/tableType=[Ljava.lang.String;@5011bafa, http://www.dbunit.org/properties/resultSetTableFactory=org.dbunit.database.CachedResultSetTableFactory@10bcf083, http://www.dbunit.org/features/datatypeWarning=true}], _dataSet=AbstractDataSet[_orderedTableNameMap=null], tableName=AUTHORITY) - start
192609 [main] DEBUG org.dbunit.util.search.DepthFirstSearch  - search(nodesFrom=[AUTHORITY], callback=org.dbunit.database.search.ExportedKeysSearchCallback@b24b783) - start
192609 [main] DEBUG org.dbunit.util.CollectionsHelper  - objectsToSet(objects=AUTHORITY) - start
192609 [main] DEBUG org.dbunit.util.search.DepthFirstSearch  - search(nodesFrom=[AUTHORITY], callback=org.dbunit.database.search.ExportedKeysSearchCallback@b24b783) - start
192609 [main] DEBUG org.dbunit.util.search.DepthFirstSearch  - reverseSearch:AUTHORITY
192609 [main] DEBUG org.dbunit.database.search.ExportedKeysSearchCallback  - searchNode(node=AUTHORITY) - start
192609 [main] DEBUG org.dbunit.util.search.DepthFirstSearch  - Pushing (reverse) AUTHORITY
192609 [main] DEBUG org.dbunit.database.search.ExportedKeysSearchCallback  - getEdges(node=AUTHORITY) - start
192609 [main] DEBUG org.dbunit.database.search.AbstractMetaDataBasedSearchCallback  - getNodesFromExportedKeys(node=AUTHORITY) - start
192609 [main] DEBUG org.dbunit.database.search.AbstractMetaDataBasedSearchCallback  - getNodes(type=1, node=AUTHORITY) - start
192609 [main] DEBUG org.dbunit.database.DatabaseDataSourceConnection  - getConnection() - start
192609 [main] DEBUG org.dbunit.database.search.AbstractMetaDataBasedSearchCallback  - getNodes(type=1, node=AUTHORITY, conn=Transaction-aware proxy for target Connection [jdbc:hsqldb:mem:kontrollDS, UserName=sw, HSQL Database Engine Driver], schema=null, metaData=org.apache.commons.dbcp.DelegatingDatabaseMetaData@178bff2c, edges=[]) - start
192610 [main] DEBUG org.dbunit.database.search.AbstractMetaDataBasedSearchCallback  - Getting edges for node AUTHORITY
192610 [main] TRACE org.dbunit.database.DatabaseConfig  - getProperty(name=http://www.dbunit.org/properties/metadataHandler) - start
192610 [main] TRACE org.dbunit.database.DefaultMetadataHandler  - tableExists(metaData=org.apache.commons.dbcp.DelegatingDatabaseMetaData@178bff2c, schemaName=null, tableName=AUTHORITY) - start
192611 [main] DEBUG org.dbunit.util.SQLHelper  - close(resultSet=org.apache.commons.dbcp.DelegatingResultSet@747c1937) - start
192611 [main] DEBUG org.dbunit.util.QualifiedTableName  - getQualifiedNameIfEnabled(config=org.dbunit.database.DatabaseConfig[, _propertyMap={http://www.dbunit.org/properties/statementFactory=org.dbunit.database.statement.PreparedStatementFactory@626bc2b8, http://www.dbunit.org/features/caseSensitiveTableNames=false, http://www.dbunit.org/properties/fetchSize=100, http://www.dbunit.org/features/batchedStatements=false, http://www.dbunit.org/properties/metadataHandler=org.dbunit.database.DefaultMetadataHandler@3eeace42, http://www.dbunit.org/properties/datatypeFactory=org.dbunit.dataset.datatype.DefaultDataTypeFactory[_toleratedDeltaMap=org.dbunit.dataset.datatype.ToleratedDeltaMap@6452310a], http://www.dbunit.org/properties/escapePattern=null, http://www.dbunit.org/properties/batchSize=100, http://www.dbunit.org/features/qualifiedTableNames=false, http://www.dbunit.org/properties/tableType=[Ljava.lang.String;@5011bafa, http://www.dbunit.org/properties/resultSetTableFactory=org.dbunit.database.CachedResultSetTableFactory@10bcf083, http://www.dbunit.org/features/datatypeWarning=true}]) - start
192611 [main] TRACE org.dbunit.database.DatabaseConfig  - getFeature(name=http://www.dbunit.org/features/qualifiedTableNames) - start
192611 [main] TRACE org.dbunit.database.DatabaseConfig  - getProperty(name=http://www.dbunit.org/features/qualifiedTableNames) - start
192611 [main] DEBUG org.dbunit.util.QualifiedTableName  - Qualified table names feature is disabled. Returning plain table name
192611 [main] DEBUG org.dbunit.util.QualifiedTableName  - getQualifiedName(prefix=null, name=AUTHORITY, escapePattern=null) - start
192611 [main] DEBUG org.dbunit.util.QualifiedTableName  - getQualifiedNameIfEnabled(config=org.dbunit.database.DatabaseConfig[, _propertyMap={http://www.dbunit.org/properties/statementFactory=org.dbunit.database.statement.PreparedStatementFactory@626bc2b8, http://www.dbunit.org/features/caseSensitiveTableNames=false, http://www.dbunit.org/properties/fetchSize=100, http://www.dbunit.org/features/batchedStatements=false, http://www.dbunit.org/properties/metadataHandler=org.dbunit.database.DefaultMetadataHandler@3eeace42, http://www.dbunit.org/properties/datatypeFactory=org.dbunit.dataset.datatype.DefaultDataTypeFactory[_toleratedDeltaMap=org.dbunit.dataset.datatype.ToleratedDeltaMap@6452310a], http://www.dbunit.org/properties/escapePattern=null, http://www.dbunit.org/properties/batchSize=100, http://www.dbunit.org/features/qualifiedTableNames=false, http://www.dbunit.org/properties/tableType=[Ljava.lang.String;@5011bafa, http://www.dbunit.org/properties/resultSetTableFactory=org.dbunit.database.CachedResultSetTableFactory@10bcf083, http://www.dbunit.org/features/datatypeWarning=true}]) - start
192612 [main] TRACE org.dbunit.database.DatabaseConfig  - getFeature(name=http://www.dbunit.org/features/qualifiedTableNames) - start
192612 [main] TRACE org.dbunit.database.DatabaseConfig  - getProperty(name=http://www.dbunit.org/features/qualifiedTableNames) - start
192612 [main] DEBUG org.dbunit.util.QualifiedTableName  - Qualified table names feature is disabled. Returning plain table name
192612 [main] DEBUG org.dbunit.util.QualifiedTableName  - getQualifiedName(prefix=null, name=USERS_AUTHORITIES, escapePattern=null) - start
192612 [main] DEBUG org.dbunit.database.search.AbstractMetaDataBasedSearchCallback  - newEdge(rs=org.apache.commons.dbcp.DelegatingResultSet@59d6ab0b, type=1, from=AUTHORITY, to=USERS_AUTHORITIES, fkColumn=AUTHORITY_ID, pkColumn=ID) - start
192612 [main] DEBUG org.dbunit.database.search.AbstractMetaDataBasedSearchCallback  - createFKEdge(rs=org.apache.commons.dbcp.DelegatingResultSet@59d6ab0b, type=1, from=AUTHORITY, to=USERS_AUTHORITIES, fkColumn=AUTHORITY_ID, pkColumn=ID) - start
192612 [main] DEBUG org.dbunit.database.search.AbstractMetaDataBasedSearchCallback  - Adding edge USERS_AUTHORITIES(AUTHORITY_ID)->AUTHORITY(ID)
192612 [main] DEBUG org.dbunit.util.search.Edge  - compareTo(o=USERS_AUTHORITIES(AUTHORITY_ID)->AUTHORITY(ID)) - start
192612 [main] DEBUG org.dbunit.util.SQLHelper  - close(resultSet=org.apache.commons.dbcp.DelegatingResultSet@59d6ab0b) - start
192612 [main] DEBUG org.dbunit.util.search.DepthFirstSearch  - reverseSearch:USERS_AUTHORITIES
192612 [main] DEBUG org.dbunit.database.search.ExportedKeysSearchCallback  - searchNode(node=USERS_AUTHORITIES) - start
192612 [main] DEBUG org.dbunit.util.search.DepthFirstSearch  - Pushing (reverse) USERS_AUTHORITIES
192613 [main] DEBUG org.dbunit.database.search.ExportedKeysSearchCallback  - getEdges(node=USERS_AUTHORITIES) - start
192613 [main] DEBUG org.dbunit.database.search.AbstractMetaDataBasedSearchCallback  - getNodesFromExportedKeys(node=USERS_AUTHORITIES) - start
192613 [main] DEBUG org.dbunit.database.search.AbstractMetaDataBasedSearchCallback  - getNodes(type=1, node=USERS_AUTHORITIES) - start
192613 [main] DEBUG org.dbunit.database.DatabaseDataSourceConnection  - getConnection() - start
192613 [main] DEBUG org.dbunit.database.search.AbstractMetaDataBasedSearchCallback  - getNodes(type=1, node=USERS_AUTHORITIES, conn=Transaction-aware proxy for target Connection [jdbc:hsqldb:mem:kontrollDS, UserName=sw, HSQL Database Engine Driver], schema=null, metaData=org.apache.commons.dbcp.DelegatingDatabaseMetaData@1c778d41, edges=[]) - start
192613 [main] DEBUG org.dbunit.database.search.AbstractMetaDataBasedSearchCallback  - Getting edges for node USERS_AUTHORITIES
192613 [main] TRACE org.dbunit.database.DatabaseConfig  - getProperty(name=http://www.dbunit.org/properties/metadataHandler) - start
192613 [main] TRACE org.dbunit.database.DefaultMetadataHandler  - tableExists(metaData=org.apache.commons.dbcp.DelegatingDatabaseMetaData@1c778d41, schemaName=null, tableName=USERS_AUTHORITIES) - start
192614 [main] DEBUG org.dbunit.util.SQLHelper  - close(resultSet=org.apache.commons.dbcp.DelegatingResultSet@aa14ad5) - start
192615 [main] DEBUG org.dbunit.util.SQLHelper  - close(resultSet=org.apache.commons.dbcp.DelegatingResultSet@6c3fa86d) - start
192615 [main] DEBUG org.dbunit.util.search.DepthFirstSearch  - search:USERS_AUTHORITIES
192615 [main] DEBUG org.dbunit.database.search.ExportedKeysSearchCallback  - searchNode(node=USERS_AUTHORITIES) - start
192615 [main] DEBUG org.dbunit.util.search.DepthFirstSearch  - Pushing USERS_AUTHORITIES
192615 [main] DEBUG org.dbunit.database.search.ExportedKeysSearchCallback  - getEdges(node=USERS_AUTHORITIES) - start
192615 [main] DEBUG org.dbunit.database.search.AbstractMetaDataBasedSearchCallback  - getNodesFromExportedKeys(node=USERS_AUTHORITIES) - start
192615 [main] DEBUG org.dbunit.database.search.AbstractMetaDataBasedSearchCallback  - getNodes(type=1, node=USERS_AUTHORITIES) - start
192615 [main] DEBUG org.dbunit.database.DatabaseDataSourceConnection  - getConnection() - start
192615 [main] DEBUG org.dbunit.database.search.AbstractMetaDataBasedSearchCallback  - getNodes(type=1, node=USERS_AUTHORITIES, conn=Transaction-aware proxy for target Connection [jdbc:hsqldb:mem:kontrollDS, UserName=sw, HSQL Database Engine Driver], schema=null, metaData=org.apache.commons.dbcp.DelegatingDatabaseMetaData@474ac3a0, edges=[]) - start
192615 [main] DEBUG org.dbunit.database.search.AbstractMetaDataBasedSearchCallback  - Getting edges for node USERS_AUTHORITIES
192615 [main] TRACE org.dbunit.database.DatabaseConfig  - getProperty(name=http://www.dbunit.org/properties/metadataHandler) - start
192615 [main] TRACE org.dbunit.database.DefaultMetadataHandler  - tableExists(metaData=org.apache.commons.dbcp.DelegatingDatabaseMetaData@474ac3a0, schemaName=null, tableName=USERS_AUTHORITIES) - start
192617 [main] DEBUG org.dbunit.util.SQLHelper  - close(resultSet=org.apache.commons.dbcp.DelegatingResultSet@1ed513e7) - start
192617 [main] DEBUG org.dbunit.util.SQLHelper  - close(resultSet=org.apache.commons.dbcp.DelegatingResultSet@64424f63) - start
192617 [main] DEBUG org.dbunit.util.search.DepthFirstSearch  - Adding node USERS_AUTHORITIES to the final result
192617 [main] DEBUG org.dbunit.util.search.DepthFirstSearch  - search:AUTHORITY
192617 [main] DEBUG org.dbunit.database.search.ExportedKeysSearchCallback  - searchNode(node=AUTHORITY) - start
192617 [main] DEBUG org.dbunit.util.search.DepthFirstSearch  - Pushing AUTHORITY
192617 [main] DEBUG org.dbunit.database.search.ExportedKeysSearchCallback  - getEdges(node=AUTHORITY) - start
192617 [main] DEBUG org.dbunit.database.search.AbstractMetaDataBasedSearchCallback  - getNodesFromExportedKeys(node=AUTHORITY) - start
192617 [main] DEBUG org.dbunit.database.search.AbstractMetaDataBasedSearchCallback  - getNodes(type=1, node=AUTHORITY) - start
192617 [main] DEBUG org.dbunit.database.DatabaseDataSourceConnection  - getConnection() - start
192618 [main] DEBUG org.dbunit.database.search.AbstractMetaDataBasedSearchCallback  - getNodes(type=1, node=AUTHORITY, conn=Transaction-aware proxy for target Connection [jdbc:hsqldb:mem:kontrollDS, UserName=sw, HSQL Database Engine Driver], schema=null, metaData=org.apache.commons.dbcp.DelegatingDatabaseMetaData@3d6a2001, edges=[]) - start
192618 [main] DEBUG org.dbunit.database.search.AbstractMetaDataBasedSearchCallback  - Getting edges for node AUTHORITY
192618 [main] TRACE org.dbunit.database.DatabaseConfig  - getProperty(name=http://www.dbunit.org/properties/metadataHandler) - start
192618 [main] TRACE org.dbunit.database.DefaultMetadataHandler  - tableExists(metaData=org.apache.commons.dbcp.DelegatingDatabaseMetaData@3d6a2001, schemaName=null, tableName=AUTHORITY) - start
192619 [main] DEBUG org.dbunit.util.SQLHelper  - close(resultSet=org.apache.commons.dbcp.DelegatingResultSet@351268a6) - start
192619 [main] DEBUG org.dbunit.util.QualifiedTableName  - getQualifiedNameIfEnabled(config=org.dbunit.database.DatabaseConfig[, _propertyMap={http://www.dbunit.org/properties/statementFactory=org.dbunit.database.statement.PreparedStatementFactory@626bc2b8, http://www.dbunit.org/features/caseSensitiveTableNames=false, http://www.dbunit.org/properties/fetchSize=100, http://www.dbunit.org/features/batchedStatements=false, http://www.dbunit.org/properties/metadataHandler=org.dbunit.database.DefaultMetadataHandler@3eeace42, http://www.dbunit.org/properties/datatypeFactory=org.dbunit.dataset.datatype.DefaultDataTypeFactory[_toleratedDeltaMap=org.dbunit.dataset.datatype.ToleratedDeltaMap@6452310a], http://www.dbunit.org/properties/escapePattern=null, http://www.dbunit.org/properties/batchSize=100, http://www.dbunit.org/features/qualifiedTableNames=false, http://www.dbunit.org/properties/tableType=[Ljava.lang.String;@5011bafa, http://www.dbunit.org/properties/resultSetTableFactory=org.dbunit.database.CachedResultSetTableFactory@10bcf083, http://www.dbunit.org/features/datatypeWarning=true}]) - start
192619 [main] TRACE org.dbunit.database.DatabaseConfig  - getFeature(name=http://www.dbunit.org/features/qualifiedTableNames) - start
192619 [main] TRACE org.dbunit.database.DatabaseConfig  - getProperty(name=http://www.dbunit.org/features/qualifiedTableNames) - start
192619 [main] DEBUG org.dbunit.util.QualifiedTableName  - Qualified table names feature is disabled. Returning plain table name
192619 [main] DEBUG org.dbunit.util.QualifiedTableName  - getQualifiedName(prefix=null, name=AUTHORITY, escapePattern=null) - start
192620 [main] DEBUG org.dbunit.util.QualifiedTableName  - getQualifiedNameIfEnabled(config=org.dbunit.database.DatabaseConfig[, _propertyMap={http://www.dbunit.org/properties/statementFactory=org.dbunit.database.statement.PreparedStatementFactory@626bc2b8, http://www.dbunit.org/features/caseSensitiveTableNames=false, http://www.dbunit.org/properties/fetchSize=100, http://www.dbunit.org/features/batchedStatements=false, http://www.dbunit.org/properties/metadataHandler=org.dbunit.database.DefaultMetadataHandler@3eeace42, http://www.dbunit.org/properties/datatypeFactory=org.dbunit.dataset.datatype.DefaultDataTypeFactory[_toleratedDeltaMap=org.dbunit.dataset.datatype.ToleratedDeltaMap@6452310a], http://www.dbunit.org/properties/escapePattern=null, http://www.dbunit.org/properties/batchSize=100, http://www.dbunit.org/features/qualifiedTableNames=false, http://www.dbunit.org/properties/tableType=[Ljava.lang.String;@5011bafa, http://www.dbunit.org/properties/resultSetTableFactory=org.dbunit.database.CachedResultSetTableFactory@10bcf083, http://www.dbunit.org/features/datatypeWarning=true}]) - start
192620 [main] TRACE org.dbunit.database.DatabaseConfig  - getFeature(name=http://www.dbunit.org/features/qualifiedTableNames) - start
192620 [main] TRACE org.dbunit.database.DatabaseConfig  - getProperty(name=http://www.dbunit.org/features/qualifiedTableNames) - start
192620 [main] DEBUG org.dbunit.util.QualifiedTableName  - Qualified table names feature is disabled. Returning plain table name
192620 [main] DEBUG org.dbunit.util.QualifiedTableName  - getQualifiedName(prefix=null, name=USERS_AUTHORITIES, escapePattern=null) - start
192620 [main] DEBUG org.dbunit.database.search.AbstractMetaDataBasedSearchCallback  - newEdge(rs=org.apache.commons.dbcp.DelegatingResultSet@3c94092, type=1, from=AUTHORITY, to=USERS_AUTHORITIES, fkColumn=AUTHORITY_ID, pkColumn=ID) - start
192620 [main] DEBUG org.dbunit.database.search.AbstractMetaDataBasedSearchCallback  - createFKEdge(rs=org.apache.commons.dbcp.DelegatingResultSet@3c94092, type=1, from=AUTHORITY, to=USERS_AUTHORITIES, fkColumn=AUTHORITY_ID, pkColumn=ID) - start
192620 [main] DEBUG org.dbunit.database.search.AbstractMetaDataBasedSearchCallback  - Adding edge USERS_AUTHORITIES(AUTHORITY_ID)->AUTHORITY(ID)
192620 [main] DEBUG org.dbunit.util.search.Edge  - compareTo(o=USERS_AUTHORITIES(AUTHORITY_ID)->AUTHORITY(ID)) - start
192620 [main] DEBUG org.dbunit.util.SQLHelper  - close(resultSet=org.apache.commons.dbcp.DelegatingResultSet@3c94092) - start
192620 [main] DEBUG org.dbunit.util.search.DepthFirstSearch  - search:AUTHORITY
192621 [main] DEBUG org.dbunit.util.search.DepthFirstSearch  - already searched; returning true
192621 [main] DEBUG org.dbunit.util.search.DepthFirstSearch  - Adding node AUTHORITY to the final result
192621 [main] DEBUG org.dbunit.database.search.TablesDependencyHelper  - getDirectDependentTables(connection=_databaseConfig=org.dbunit.database.DatabaseConfig[, _propertyMap={http://www.dbunit.org/properties/statementFactory=org.dbunit.database.statement.PreparedStatementFactory@626bc2b8, http://www.dbunit.org/features/caseSensitiveTableNames=false, http://www.dbunit.org/properties/fetchSize=100, http://www.dbunit.org/features/batchedStatements=false, http://www.dbunit.org/properties/metadataHandler=org.dbunit.database.DefaultMetadataHandler@3eeace42, http://www.dbunit.org/properties/datatypeFactory=org.dbunit.dataset.datatype.DefaultDataTypeFactory[_toleratedDeltaMap=org.dbunit.dataset.datatype.ToleratedDeltaMap@6452310a], http://www.dbunit.org/properties/escapePattern=null, http://www.dbunit.org/properties/batchSize=100, http://www.dbunit.org/features/qualifiedTableNames=false, http://www.dbunit.org/properties/tableType=[Ljava.lang.String;@5011bafa, http://www.dbunit.org/properties/resultSetTableFactory=org.dbunit.database.CachedResultSetTableFactory@10bcf083, http://www.dbunit.org/features/datatypeWarning=true}], _dataSet=AbstractDataSet[_orderedTableNameMap=null], tableName=AUTHORITY) - start
192622 [main] DEBUG org.dbunit.util.search.DepthFirstSearch  - search(nodesFrom=[AUTHORITY], callback=org.dbunit.database.search.ImportedKeysSearchCallback@43a25bba) - start
192622 [main] DEBUG org.dbunit.util.CollectionsHelper  - objectsToSet(objects=AUTHORITY) - start
192622 [main] DEBUG org.dbunit.util.search.DepthFirstSearch  - search(nodesFrom=[AUTHORITY], callback=org.dbunit.database.search.ImportedKeysSearchCallback@43a25bba) - start
192622 [main] DEBUG org.dbunit.util.search.DepthFirstSearch  - reverseSearch:AUTHORITY
192622 [main] DEBUG org.dbunit.database.search.ImportedKeysSearchCallback  - searchNode(node=AUTHORITY) - start
192622 [main] DEBUG org.dbunit.util.search.DepthFirstSearch  - Pushing (reverse) AUTHORITY
192622 [main] DEBUG org.dbunit.database.search.ImportedKeysSearchCallback  - getEdges(node=AUTHORITY) - start
192622 [main] DEBUG org.dbunit.database.search.AbstractMetaDataBasedSearchCallback  - getNodesFromImportedKeys(node=AUTHORITY) - start
192622 [main] DEBUG org.dbunit.database.search.AbstractMetaDataBasedSearchCallback  - getNodes(type=0, node=AUTHORITY) - start
192622 [main] DEBUG org.dbunit.database.DatabaseDataSourceConnection  - getConnection() - start
192622 [main] DEBUG org.dbunit.database.search.AbstractMetaDataBasedSearchCallback  - getNodes(type=0, node=AUTHORITY, conn=Transaction-aware proxy for target Connection [jdbc:hsqldb:mem:kontrollDS, UserName=sw, HSQL Database Engine Driver], schema=null, metaData=org.apache.commons.dbcp.DelegatingDatabaseMetaData@58343306, edges=[]) - start
192622 [main] DEBUG org.dbunit.database.search.AbstractMetaDataBasedSearchCallback  - Getting edges for node AUTHORITY
192623 [main] TRACE org.dbunit.database.DatabaseConfig  - getProperty(name=http://www.dbunit.org/properties/metadataHandler) - start
192623 [main] TRACE org.dbunit.database.DefaultMetadataHandler  - tableExists(metaData=org.apache.commons.dbcp.DelegatingDatabaseMetaData@58343306, schemaName=null, tableName=AUTHORITY) - start
192624 [main] DEBUG org.dbunit.util.SQLHelper  - close(resultSet=org.apache.commons.dbcp.DelegatingResultSet@6f518ae9) - start
192624 [main] DEBUG org.dbunit.util.SQLHelper  - close(resultSet=org.apache.commons.dbcp.DelegatingResultSet@2a7104d) - start
192624 [main] DEBUG org.dbunit.util.search.DepthFirstSearch  - search:AUTHORITY
192624 [main] DEBUG org.dbunit.database.search.ImportedKeysSearchCallback  - searchNode(node=AUTHORITY) - start
192624 [main] DEBUG org.dbunit.util.search.DepthFirstSearch  - Pushing AUTHORITY
192624 [main] DEBUG org.dbunit.database.search.ImportedKeysSearchCallback  - getEdges(node=AUTHORITY) - start
192624 [main] DEBUG org.dbunit.database.search.AbstractMetaDataBasedSearchCallback  - getNodesFromImportedKeys(node=AUTHORITY) - start
192624 [main] DEBUG org.dbunit.database.search.AbstractMetaDataBasedSearchCallback  - getNodes(type=0, node=AUTHORITY) - start
192625 [main] DEBUG org.dbunit.database.DatabaseDataSourceConnection  - getConnection() - start
192625 [main] DEBUG org.dbunit.database.search.AbstractMetaDataBasedSearchCallback  - getNodes(type=0, node=AUTHORITY, conn=Transaction-aware proxy for target Connection [jdbc:hsqldb:mem:kontrollDS, UserName=sw, HSQL Database Engine Driver], schema=null, metaData=org.apache.commons.dbcp.DelegatingDatabaseMetaData@261f3097, edges=[]) - start
192625 [main] DEBUG org.dbunit.database.search.AbstractMetaDataBasedSearchCallback  - Getting edges for node AUTHORITY
192625 [main] TRACE org.dbunit.database.DatabaseConfig  - getProperty(name=http://www.dbunit.org/properties/metadataHandler) - start
192625 [main] TRACE org.dbunit.database.DefaultMetadataHandler  - tableExists(metaData=org.apache.commons.dbcp.DelegatingDatabaseMetaData@261f3097, schemaName=null, tableName=AUTHORITY) - start
192626 [main] DEBUG org.dbunit.util.SQLHelper  - close(resultSet=org.apache.commons.dbcp.DelegatingResultSet@79ca7ed) - start
192626 [main] DEBUG org.dbunit.util.SQLHelper  - close(resultSet=org.apache.commons.dbcp.DelegatingResultSet@59a41a84) - start
192626 [main] DEBUG org.dbunit.util.search.DepthFirstSearch  - Adding node AUTHORITY to the final result
192627 [main] DEBUG org.dbunit.database.DatabaseSequenceFilter  - getDependencyInfo(connection=_databaseConfig=org.dbunit.database.DatabaseConfig[, _propertyMap={http://www.dbunit.org/properties/statementFactory=org.dbunit.database.statement.PreparedStatementFactory@626bc2b8, http://www.dbunit.org/features/caseSensitiveTableNames=false, http://www.dbunit.org/properties/fetchSize=100, http://www.dbunit.org/features/batchedStatements=false, http://www.dbunit.org/properties/metadataHandler=org.dbunit.database.DefaultMetadataHandler@3eeace42, http://www.dbunit.org/properties/datatypeFactory=org.dbunit.dataset.datatype.DefaultDataTypeFactory[_toleratedDeltaMap=org.dbunit.dataset.datatype.ToleratedDeltaMap@6452310a], http://www.dbunit.org/properties/escapePattern=null, http://www.dbunit.org/properties/batchSize=100, http://www.dbunit.org/features/qualifiedTableNames=false, http://www.dbunit.org/properties/tableType=[Ljava.lang.String;@5011bafa, http://www.dbunit.org/properties/resultSetTableFactory=org.dbunit.database.CachedResultSetTableFactory@10bcf083, http://www.dbunit.org/features/datatypeWarning=true}], _dataSet=AbstractDataSet[_orderedTableNameMap=null], tableName=CAPTION) - start
192627 [main] DEBUG org.dbunit.database.search.TablesDependencyHelper  - getDependentTables(connection=_databaseConfig=org.dbunit.database.DatabaseConfig[, _propertyMap={http://www.dbunit.org/properties/statementFactory=org.dbunit.database.statement.PreparedStatementFactory@626bc2b8, http://www.dbunit.org/features/caseSensitiveTableNames=false, http://www.dbunit.org/properties/fetchSize=100, http://www.dbunit.org/features/batchedStatements=false, http://www.dbunit.org/properties/metadataHandler=org.dbunit.database.DefaultMetadataHandler@3eeace42, http://www.dbunit.org/properties/datatypeFactory=org.dbunit.dataset.datatype.DefaultDataTypeFactory[_toleratedDeltaMap=org.dbunit.dataset.datatype.ToleratedDeltaMap@6452310a], http://www.dbunit.org/properties/escapePattern=null, http://www.dbunit.org/properties/batchSize=100, http://www.dbunit.org/features/qualifiedTableNames=false, http://www.dbunit.org/properties/tableType=[Ljava.lang.String;@5011bafa, http://www.dbunit.org/properties/resultSetTableFactory=org.dbunit.database.CachedResultSetTableFactory@10bcf083, http://www.dbunit.org/features/datatypeWarning=true}], _dataSet=AbstractDataSet[_orderedTableNameMap=null], rootTable=CAPTION) - start
192627 [main] DEBUG org.dbunit.database.search.TablesDependencyHelper  - getDependentTables(connection=_databaseConfig=org.dbunit.database.DatabaseConfig[, _propertyMap={http://www.dbunit.org/properties/statementFactory=org.dbunit.database.statement.PreparedStatementFactory@626bc2b8, http://www.dbunit.org/features/caseSensitiveTableNames=false, http://www.dbunit.org/properties/fetchSize=100, http://www.dbunit.org/features/batchedStatements=false, http://www.dbunit.org/properties/metadataHandler=org.dbunit.database.DefaultMetadataHandler@3eeace42, http://www.dbunit.org/properties/datatypeFactory=org.dbunit.dataset.datatype.DefaultDataTypeFactory[_toleratedDeltaMap=org.dbunit.dataset.datatype.ToleratedDeltaMap@6452310a], http://www.dbunit.org/properties/escapePattern=null, http://www.dbunit.org/properties/batchSize=100, http://www.dbunit.org/features/qualifiedTableNames=false, http://www.dbunit.org/properties/tableType=[Ljava.lang.String;@5011bafa, http://www.dbunit.org/properties/resultSetTableFactory=org.dbunit.database.CachedResultSetTableFactory@10bcf083, http://www.dbunit.org/features/datatypeWarning=true}], _dataSet=AbstractDataSet[_orderedTableNameMap=null], rootTables=[CAPTION]) - start
192627 [main] DEBUG org.dbunit.util.search.DepthFirstSearch  - search(nodesFrom=[CAPTION], callback=org.dbunit.database.search.ImportedKeysSearchCallback@7a16938) - start
192627 [main] DEBUG org.dbunit.util.CollectionsHelper  - objectsToSet(objects=CAPTION) - start
192627 [main] DEBUG org.dbunit.util.search.DepthFirstSearch  - search(nodesFrom=[CAPTION], callback=org.dbunit.database.search.ImportedKeysSearchCallback@7a16938) - start
192627 [main] DEBUG org.dbunit.util.search.DepthFirstSearch  - reverseSearch:CAPTION
192627 [main] DEBUG org.dbunit.database.search.ImportedKeysSearchCallback  - searchNode(node=CAPTION) - start
192627 [main] DEBUG org.dbunit.util.search.DepthFirstSearch  - Pushing (reverse) CAPTION
192627 [main] DEBUG org.dbunit.database.search.ImportedKeysSearchCallback  - getEdges(node=CAPTION) - start
192628 [main] DEBUG org.dbunit.database.search.AbstractMetaDataBasedSearchCallback  - getNodesFromImportedKeys(node=CAPTION) - start
192628 [main] DEBUG org.dbunit.database.search.AbstractMetaDataBasedSearchCallback  - getNodes(type=0, node=CAPTION) - start
192628 [main] DEBUG org.dbunit.database.DatabaseDataSourceConnection  - getConnection() - start
192628 [main] DEBUG org.dbunit.database.search.AbstractMetaDataBasedSearchCallback  - getNodes(type=0, node=CAPTION, conn=Transaction-aware proxy for target Connection [jdbc:hsqldb:mem:kontrollDS, UserName=sw, HSQL Database Engine Driver], schema=null, metaData=org.apache.commons.dbcp.DelegatingDatabaseMetaData@7602df71, edges=[]) - start
192628 [main] DEBUG org.dbunit.database.search.AbstractMetaDataBasedSearchCallback  - Getting edges for node CAPTION
192628 [main] TRACE org.dbunit.database.DatabaseConfig  - getProperty(name=http://www.dbunit.org/properties/metadataHandler) - start
192628 [main] TRACE org.dbunit.database.DefaultMetadataHandler  - tableExists(metaData=org.apache.commons.dbcp.DelegatingDatabaseMetaData@7602df71, schemaName=null, tableName=CAPTION) - start
192629 [main] DEBUG org.dbunit.util.SQLHelper  - close(resultSet=org.apache.commons.dbcp.DelegatingResultSet@274fd274) - start
192630 [main] DEBUG org.dbunit.util.SQLHelper  - close(resultSet=org.apache.commons.dbcp.DelegatingResultSet@49f72d10) - start
192630 [main] DEBUG org.dbunit.util.search.DepthFirstSearch  - search:CAPTION
192630 [main] DEBUG org.dbunit.database.search.ImportedKeysSearchCallback  - searchNode(node=CAPTION) - start
192630 [main] DEBUG org.dbunit.util.search.DepthFirstSearch  - Pushing CAPTION
192630 [main] DEBUG org.dbunit.database.search.ImportedKeysSearchCallback  - getEdges(node=CAPTION) - start
192630 [main] DEBUG org.dbunit.database.search.AbstractMetaDataBasedSearchCallback  - getNodesFromImportedKeys(node=CAPTION) - start
192630 [main] DEBUG org.dbunit.database.search.AbstractMetaDataBasedSearchCallback  - getNodes(type=0, node=CAPTION) - start
192630 [main] DEBUG org.dbunit.database.DatabaseDataSourceConnection  - getConnection() - start
192630 [main] DEBUG org.dbunit.database.search.AbstractMetaDataBasedSearchCallback  - getNodes(type=0, node=CAPTION, conn=Transaction-aware proxy for target Connection [jdbc:hsqldb:mem:kontrollDS, UserName=sw, HSQL Database Engine Driver], schema=null, metaData=org.apache.commons.dbcp.DelegatingDatabaseMetaData@2af9b60, edges=[]) - start
192630 [main] DEBUG org.dbunit.database.search.AbstractMetaDataBasedSearchCallback  - Getting edges for node CAPTION
192630 [main] TRACE org.dbunit.database.DatabaseConfig  - getProperty(name=http://www.dbunit.org/properties/metadataHandler) - start
192631 [main] TRACE org.dbunit.database.DefaultMetadataHandler  - tableExists(metaData=org.apache.commons.dbcp.DelegatingDatabaseMetaData@2af9b60, schemaName=null, tableName=CAPTION) - start
192632 [main] DEBUG org.dbunit.util.SQLHelper  - close(resultSet=org.apache.commons.dbcp.DelegatingResultSet@331f77a0) - start
192632 [main] DEBUG org.dbunit.util.SQLHelper  - close(resultSet=org.apache.commons.dbcp.DelegatingResultSet@48335cba) - start
192632 [main] DEBUG org.dbunit.util.search.DepthFirstSearch  - Adding node CAPTION to the final result
192632 [main] DEBUG org.dbunit.util.CollectionsHelper  - setToStrings(set=[CAPTION]) - start
192632 [main] DEBUG org.dbunit.database.search.TablesDependencyHelper  - getDependsOnTables(connection=_databaseConfig=org.dbunit.database.DatabaseConfig[, _propertyMap={http://www.dbunit.org/properties/statementFactory=org.dbunit.database.statement.PreparedStatementFactory@626bc2b8, http://www.dbunit.org/features/caseSensitiveTableNames=false, http://www.dbunit.org/properties/fetchSize=100, http://www.dbunit.org/features/batchedStatements=false, http://www.dbunit.org/properties/metadataHandler=org.dbunit.database.DefaultMetadataHandler@3eeace42, http://www.dbunit.org/properties/datatypeFactory=org.dbunit.dataset.datatype.DefaultDataTypeFactory[_toleratedDeltaMap=org.dbunit.dataset.datatype.ToleratedDeltaMap@6452310a], http://www.dbunit.org/properties/escapePattern=null, http://www.dbunit.org/properties/batchSize=100, http://www.dbunit.org/features/qualifiedTableNames=false, http://www.dbunit.org/properties/tableType=[Ljava.lang.String;@5011bafa, http://www.dbunit.org/properties/resultSetTableFactory=org.dbunit.database.CachedResultSetTableFactory@10bcf083, http://www.dbunit.org/features/datatypeWarning=true}], _dataSet=AbstractDataSet[_orderedTableNameMap=null], rootTable=CAPTION) - start
192632 [main] DEBUG org.dbunit.util.search.DepthFirstSearch  - search(nodesFrom=[CAPTION], callback=org.dbunit.database.search.ExportedKeysSearchCallback@4857b1cf) - start
192633 [main] DEBUG org.dbunit.util.CollectionsHelper  - objectsToSet(objects=CAPTION) - start
192633 [main] DEBUG org.dbunit.util.search.DepthFirstSearch  - search(nodesFrom=[CAPTION], callback=org.dbunit.database.search.ExportedKeysSearchCallback@4857b1cf) - start
192633 [main] DEBUG org.dbunit.util.search.DepthFirstSearch  - reverseSearch:CAPTION
192633 [main] DEBUG org.dbunit.database.search.ExportedKeysSearchCallback  - searchNode(node=CAPTION) - start
192633 [main] DEBUG org.dbunit.util.search.DepthFirstSearch  - Pushing (reverse) CAPTION
192633 [main] DEBUG org.dbunit.database.search.ExportedKeysSearchCallback  - getEdges(node=CAPTION) - start
192633 [main] DEBUG org.dbunit.database.search.AbstractMetaDataBasedSearchCallback  - getNodesFromExportedKeys(node=CAPTION) - start
192635 [main] DEBUG org.dbunit.database.search.AbstractMetaDataBasedSearchCallback  - getNodes(type=1, node=CAPTION) - start
192635 [main] DEBUG org.dbunit.database.DatabaseDataSourceConnection  - getConnection() - start
192635 [main] DEBUG org.dbunit.database.search.AbstractMetaDataBasedSearchCallback  - getNodes(type=1, node=CAPTION, conn=Transaction-aware proxy for target Connection [jdbc:hsqldb:mem:kontrollDS, UserName=sw, HSQL Database Engine Driver], schema=null, metaData=org.apache.commons.dbcp.DelegatingDatabaseMetaData@2f6f60e3, edges=[]) - start
192635 [main] DEBUG org.dbunit.database.search.AbstractMetaDataBasedSearchCallback  - Getting edges for node CAPTION
192635 [main] TRACE org.dbunit.database.DatabaseConfig  - getProperty(name=http://www.dbunit.org/properties/metadataHandler) - start
192636 [main] TRACE org.dbunit.database.DefaultMetadataHandler  - tableExists(metaData=org.apache.commons.dbcp.DelegatingDatabaseMetaData@2f6f60e3, schemaName=null, tableName=CAPTION) - start
192637 [main] DEBUG org.dbunit.util.SQLHelper  - close(resultSet=org.apache.commons.dbcp.DelegatingResultSet@17ccf3dd) - start
192637 [main] DEBUG org.dbunit.util.SQLHelper  - close(resultSet=org.apache.commons.dbcp.DelegatingResultSet@5111926) - start
192637 [main] DEBUG org.dbunit.util.search.DepthFirstSearch  - search:CAPTION
192637 [main] DEBUG org.dbunit.database.search.ExportedKeysSearchCallback  - searchNode(node=CAPTION) - start
192637 [main] DEBUG org.dbunit.util.search.DepthFirstSearch  - Pushing CAPTION
192637 [main] DEBUG org.dbunit.database.search.ExportedKeysSearchCallback  - getEdges(node=CAPTION) - start
192637 [main] DEBUG org.dbunit.database.search.AbstractMetaDataBasedSearchCallback  - getNodesFromExportedKeys(node=CAPTION) - start
192637 [main] DEBUG org.dbunit.database.search.AbstractMetaDataBasedSearchCallback  - getNodes(type=1, node=CAPTION) - start
192637 [main] DEBUG org.dbunit.database.DatabaseDataSourceConnection  - getConnection() - start
192637 [main] DEBUG org.dbunit.database.search.AbstractMetaDataBasedSearchCallback  - getNodes(type=1, node=CAPTION, conn=Transaction-aware proxy for target Connection [jdbc:hsqldb:mem:kontrollDS, UserName=sw, HSQL Database Engine Driver], schema=null, metaData=org.apache.commons.dbcp.DelegatingDatabaseMetaData@258a1063, edges=[]) - start
192637 [main] DEBUG org.dbunit.database.search.AbstractMetaDataBasedSearchCallback  - Getting edges for node CAPTION
192637 [main] TRACE org.dbunit.database.DatabaseConfig  - getProperty(name=http://www.dbunit.org/properties/metadataHandler) - start
192637 [main] TRACE org.dbunit.database.DefaultMetadataHandler  - tableExists(metaData=org.apache.commons.dbcp.DelegatingDatabaseMetaData@258a1063, schemaName=null, tableName=CAPTION) - start
192638 [main] DEBUG org.dbunit.util.SQLHelper  - close(resultSet=org.apache.commons.dbcp.DelegatingResultSet@661f15c) - start
192639 [main] DEBUG org.dbunit.util.SQLHelper  - close(resultSet=org.apache.commons.dbcp.DelegatingResultSet@36a1fc77) - start
192639 [main] DEBUG org.dbunit.util.search.DepthFirstSearch  - Adding node CAPTION to the final result
192639 [main] DEBUG org.dbunit.util.CollectionsHelper  - setToStrings(set=[CAPTION]) - start
192639 [main] DEBUG org.dbunit.database.search.TablesDependencyHelper  - getDirectDependsOnTables(connection=_databaseConfig=org.dbunit.database.DatabaseConfig[, _propertyMap={http://www.dbunit.org/properties/statementFactory=org.dbunit.database.statement.PreparedStatementFactory@626bc2b8, http://www.dbunit.org/features/caseSensitiveTableNames=false, http://www.dbunit.org/properties/fetchSize=100, http://www.dbunit.org/features/batchedStatements=false, http://www.dbunit.org/properties/metadataHandler=org.dbunit.database.DefaultMetadataHandler@3eeace42, http://www.dbunit.org/properties/datatypeFactory=org.dbunit.dataset.datatype.DefaultDataTypeFactory[_toleratedDeltaMap=org.dbunit.dataset.datatype.ToleratedDeltaMap@6452310a], http://www.dbunit.org/properties/escapePattern=null, http://www.dbunit.org/properties/batchSize=100, http://www.dbunit.org/features/qualifiedTableNames=false, http://www.dbunit.org/properties/tableType=[Ljava.lang.String;@5011bafa, http://www.dbunit.org/properties/resultSetTableFactory=org.dbunit.database.CachedResultSetTableFactory@10bcf083, http://www.dbunit.org/features/datatypeWarning=true}], _dataSet=AbstractDataSet[_orderedTableNameMap=null], tableName=CAPTION) - start
192639 [main] DEBUG org.dbunit.util.search.DepthFirstSearch  - search(nodesFrom=[CAPTION], callback=org.dbunit.database.search.ExportedKeysSearchCallback@245b5190) - start
192639 [main] DEBUG org.dbunit.util.CollectionsHelper  - objectsToSet(objects=CAPTION) - start
192639 [main] DEBUG org.dbunit.util.search.DepthFirstSearch  - search(nodesFrom=[CAPTION], callback=org.dbunit.database.search.ExportedKeysSearchCallback@245b5190) - start
192639 [main] DEBUG org.dbunit.util.search.DepthFirstSearch  - reverseSearch:CAPTION
192639 [main] DEBUG org.dbunit.database.search.ExportedKeysSearchCallback  - searchNode(node=CAPTION) - start
192639 [main] DEBUG org.dbunit.util.search.DepthFirstSearch  - Pushing (reverse) CAPTION
192639 [main] DEBUG org.dbunit.database.search.ExportedKeysSearchCallback  - getEdges(node=CAPTION) - start
192639 [main] DEBUG org.dbunit.database.search.AbstractMetaDataBasedSearchCallback  - getNodesFromExportedKeys(node=CAPTION) - start
192639 [main] DEBUG org.dbunit.database.search.AbstractMetaDataBasedSearchCallback  - getNodes(type=1, node=CAPTION) - start
192639 [main] DEBUG org.dbunit.database.DatabaseDataSourceConnection  - getConnection() - start
192639 [main] DEBUG org.dbunit.database.search.AbstractMetaDataBasedSearchCallback  - getNodes(type=1, node=CAPTION, conn=Transaction-aware proxy for target Connection [jdbc:hsqldb:mem:kontrollDS, UserName=sw, HSQL Database Engine Driver], schema=null, metaData=org.apache.commons.dbcp.DelegatingDatabaseMetaData@6747d795, edges=[]) - start
192639 [main] DEBUG org.dbunit.database.search.AbstractMetaDataBasedSearchCallback  - Getting edges for node CAPTION
192639 [main] TRACE org.dbunit.database.DatabaseConfig  - getProperty(name=http://www.dbunit.org/properties/metadataHandler) - start
192639 [main] TRACE org.dbunit.database.DefaultMetadataHandler  - tableExists(metaData=org.apache.commons.dbcp.DelegatingDatabaseMetaData@6747d795, schemaName=null, tableName=CAPTION) - start
192640 [main] DEBUG org.dbunit.util.SQLHelper  - close(resultSet=org.apache.commons.dbcp.DelegatingResultSet@159d8be3) - start
192640 [main] DEBUG org.dbunit.util.SQLHelper  - close(resultSet=org.apache.commons.dbcp.DelegatingResultSet@2d9bfd89) - start
192640 [main] DEBUG org.dbunit.util.search.DepthFirstSearch  - search:CAPTION
192641 [main] DEBUG org.dbunit.database.search.ExportedKeysSearchCallback  - searchNode(node=CAPTION) - start
192641 [main] DEBUG org.dbunit.util.search.DepthFirstSearch  - Pushing CAPTION
192641 [main] DEBUG org.dbunit.database.search.ExportedKeysSearchCallback  - getEdges(node=CAPTION) - start
192641 [main] DEBUG org.dbunit.database.search.AbstractMetaDataBasedSearchCallback  - getNodesFromExportedKeys(node=CAPTION) - start
192641 [main] DEBUG org.dbunit.database.search.AbstractMetaDataBasedSearchCallback  - getNodes(type=1, node=CAPTION) - start
192641 [main] DEBUG org.dbunit.database.DatabaseDataSourceConnection  - getConnection() - start
192641 [main] DEBUG org.dbunit.database.search.AbstractMetaDataBasedSearchCallback  - getNodes(type=1, node=CAPTION, conn=Transaction-aware proxy for target Connection [jdbc:hsqldb:mem:kontrollDS, UserName=sw, HSQL Database Engine Driver], schema=null, metaData=org.apache.commons.dbcp.DelegatingDatabaseMetaData@5c2244c3, edges=[]) - start
192641 [main] DEBUG org.dbunit.database.search.AbstractMetaDataBasedSearchCallback  - Getting edges for node CAPTION
192641 [main] TRACE org.dbunit.database.DatabaseConfig  - getProperty(name=http://www.dbunit.org/properties/metadataHandler) - start
192641 [main] TRACE org.dbunit.database.DefaultMetadataHandler  - tableExists(metaData=org.apache.commons.dbcp.DelegatingDatabaseMetaData@5c2244c3, schemaName=null, tableName=CAPTION) - start
192642 [main] DEBUG org.dbunit.util.SQLHelper  - close(resultSet=org.apache.commons.dbcp.DelegatingResultSet@36f765e3) - start
192642 [main] DEBUG org.dbunit.util.SQLHelper  - close(resultSet=org.apache.commons.dbcp.DelegatingResultSet@2ef9445d) - start
192642 [main] DEBUG org.dbunit.util.search.DepthFirstSearch  - Adding node CAPTION to the final result
192642 [main] DEBUG org.dbunit.database.search.TablesDependencyHelper  - getDirectDependentTables(connection=_databaseConfig=org.dbunit.database.DatabaseConfig[, _propertyMap={http://www.dbunit.org/properties/statementFactory=org.dbunit.database.statement.PreparedStatementFactory@626bc2b8, http://www.dbunit.org/features/caseSensitiveTableNames=false, http://www.dbunit.org/properties/fetchSize=100, http://www.dbunit.org/features/batchedStatements=false, http://www.dbunit.org/properties/metadataHandler=org.dbunit.database.DefaultMetadataHandler@3eeace42, http://www.dbunit.org/properties/datatypeFactory=org.dbunit.dataset.datatype.DefaultDataTypeFactory[_toleratedDeltaMap=org.dbunit.dataset.datatype.ToleratedDeltaMap@6452310a], http://www.dbunit.org/properties/escapePattern=null, http://www.dbunit.org/properties/batchSize=100, http://www.dbunit.org/features/qualifiedTableNames=false, http://www.dbunit.org/properties/tableType=[Ljava.lang.String;@5011bafa, http://www.dbunit.org/properties/resultSetTableFactory=org.dbunit.database.CachedResultSetTableFactory@10bcf083, http://www.dbunit.org/features/datatypeWarning=true}], _dataSet=AbstractDataSet[_orderedTableNameMap=null], tableName=CAPTION) - start
192642 [main] DEBUG org.dbunit.util.search.DepthFirstSearch  - search(nodesFrom=[CAPTION], callback=org.dbunit.database.search.ImportedKeysSearchCallback@2e123478) - start
192642 [main] DEBUG org.dbunit.util.CollectionsHelper  - objectsToSet(objects=CAPTION) - start
192642 [main] DEBUG org.dbunit.util.search.DepthFirstSearch  - search(nodesFrom=[CAPTION], callback=org.dbunit.database.search.ImportedKeysSearchCallback@2e123478) - start
192642 [main] DEBUG org.dbunit.util.search.DepthFirstSearch  - reverseSearch:CAPTION
192642 [main] DEBUG org.dbunit.database.search.ImportedKeysSearchCallback  - searchNode(node=CAPTION) - start
192642 [main] DEBUG org.dbunit.util.search.DepthFirstSearch  - Pushing (reverse) CAPTION
192642 [main] DEBUG org.dbunit.database.search.ImportedKeysSearchCallback  - getEdges(node=CAPTION) - start
192642 [main] DEBUG org.dbunit.database.search.AbstractMetaDataBasedSearchCallback  - getNodesFromImportedKeys(node=CAPTION) - start
192642 [main] DEBUG org.dbunit.database.search.AbstractMetaDataBasedSearchCallback  - getNodes(type=0, node=CAPTION) - start
192643 [main] DEBUG org.dbunit.database.DatabaseDataSourceConnection  - getConnection() - start
192643 [main] DEBUG org.dbunit.database.search.AbstractMetaDataBasedSearchCallback  - getNodes(type=0, node=CAPTION, conn=Transaction-aware proxy for target Connection [jdbc:hsqldb:mem:kontrollDS, UserName=sw, HSQL Database Engine Driver], schema=null, metaData=org.apache.commons.dbcp.DelegatingDatabaseMetaData@2d32c9e9, edges=[]) - start
192643 [main] DEBUG org.dbunit.database.search.AbstractMetaDataBasedSearchCallback  - Getting edges for node CAPTION
192643 [main] TRACE org.dbunit.database.DatabaseConfig  - getProperty(name=http://www.dbunit.org/properties/metadataHandler) - start
192643 [main] TRACE org.dbunit.database.DefaultMetadataHandler  - tableExists(metaData=org.apache.commons.dbcp.DelegatingDatabaseMetaData@2d32c9e9, schemaName=null, tableName=CAPTION) - start
192644 [main] DEBUG org.dbunit.util.SQLHelper  - close(resultSet=org.apache.commons.dbcp.DelegatingResultSet@6d46dd4f) - start
192644 [main] DEBUG org.dbunit.util.SQLHelper  - close(resultSet=org.apache.commons.dbcp.DelegatingResultSet@6c43fdd4) - start
192644 [main] DEBUG org.dbunit.util.search.DepthFirstSearch  - search:CAPTION
192644 [main] DEBUG org.dbunit.database.search.ImportedKeysSearchCallback  - searchNode(node=CAPTION) - start
192644 [main] DEBUG org.dbunit.util.search.DepthFirstSearch  - Pushing CAPTION
192644 [main] DEBUG org.dbunit.database.search.ImportedKeysSearchCallback  - getEdges(node=CAPTION) - start
192644 [main] DEBUG org.dbunit.database.search.AbstractMetaDataBasedSearchCallback  - getNodesFromImportedKeys(node=CAPTION) - start
192644 [main] DEBUG org.dbunit.database.search.AbstractMetaDataBasedSearchCallback  - getNodes(type=0, node=CAPTION) - start
192644 [main] DEBUG org.dbunit.database.DatabaseDataSourceConnection  - getConnection() - start
192644 [main] DEBUG org.dbunit.database.search.AbstractMetaDataBasedSearchCallback  - getNodes(type=0, node=CAPTION, conn=Transaction-aware proxy for target Connection [jdbc:hsqldb:mem:kontrollDS, UserName=sw, HSQL Database Engine Driver], schema=null, metaData=org.apache.commons.dbcp.DelegatingDatabaseMetaData@63cda0d3, edges=[]) - start
192644 [main] DEBUG org.dbunit.database.search.AbstractMetaDataBasedSearchCallback  - Getting edges for node CAPTION
192644 [main] TRACE org.dbunit.database.DatabaseConfig  - getProperty(name=http://www.dbunit.org/properties/metadataHandler) - start
192644 [main] TRACE org.dbunit.database.DefaultMetadataHandler  - tableExists(metaData=org.apache.commons.dbcp.DelegatingDatabaseMetaData@63cda0d3, schemaName=null, tableName=CAPTION) - start
192645 [main] DEBUG org.dbunit.util.SQLHelper  - close(resultSet=org.apache.commons.dbcp.DelegatingResultSet@3886f27b) - start
192645 [main] DEBUG org.dbunit.util.SQLHelper  - close(resultSet=org.apache.commons.dbcp.DelegatingResultSet@343b9dbf) - start
192645 [main] DEBUG org.dbunit.util.search.DepthFirstSearch  - Adding node CAPTION to the final result
192646 [main] DEBUG org.dbunit.database.DatabaseSequenceFilter  - getDependencyInfo(connection=_databaseConfig=org.dbunit.database.DatabaseConfig[, _propertyMap={http://www.dbunit.org/properties/statementFactory=org.dbunit.database.statement.PreparedStatementFactory@626bc2b8, http://www.dbunit.org/features/caseSensitiveTableNames=false, http://www.dbunit.org/properties/fetchSize=100, http://www.dbunit.org/features/batchedStatements=false, http://www.dbunit.org/properties/metadataHandler=org.dbunit.database.DefaultMetadataHandler@3eeace42, http://www.dbunit.org/properties/datatypeFactory=org.dbunit.dataset.datatype.DefaultDataTypeFactory[_toleratedDeltaMap=org.dbunit.dataset.datatype.ToleratedDeltaMap@6452310a], http://www.dbunit.org/properties/escapePattern=null, http://www.dbunit.org/properties/batchSize=100, http://www.dbunit.org/features/qualifiedTableNames=false, http://www.dbunit.org/properties/tableType=[Ljava.lang.String;@5011bafa, http://www.dbunit.org/properties/resultSetTableFactory=org.dbunit.database.CachedResultSetTableFactory@10bcf083, http://www.dbunit.org/features/datatypeWarning=true}], _dataSet=AbstractDataSet[_orderedTableNameMap=null], tableName=NESTEDSCOPEDCONTENTCONDITIONS) - start
192646 [main] DEBUG org.dbunit.database.search.TablesDependencyHelper  - getDependentTables(connection=_databaseConfig=org.dbunit.database.DatabaseConfig[, _propertyMap={http://www.dbunit.org/properties/statementFactory=org.dbunit.database.statement.PreparedStatementFactory@626bc2b8, http://www.dbunit.org/features/caseSensitiveTableNames=false, http://www.dbunit.org/properties/fetchSize=100, http://www.dbunit.org/features/batchedStatements=false, http://www.dbunit.org/properties/metadataHandler=org.dbunit.database.DefaultMetadataHandler@3eeace42, http://www.dbunit.org/properties/datatypeFactory=org.dbunit.dataset.datatype.DefaultDataTypeFactory[_toleratedDeltaMap=org.dbunit.dataset.datatype.ToleratedDeltaMap@6452310a], http://www.dbunit.org/properties/escapePattern=null, http://www.dbunit.org/properties/batchSize=100, http://www.dbunit.org/features/qualifiedTableNames=false, http://www.dbunit.org/properties/tableType=[Ljava.lang.String;@5011bafa, http://www.dbunit.org/properties/resultSetTableFactory=org.dbunit.database.CachedResultSetTableFactory@10bcf083, http://www.dbunit.org/features/datatypeWarning=true}], _dataSet=AbstractDataSet[_orderedTableNameMap=null], rootTable=NESTEDSCOPEDCONTENTCONDITIONS) - start
192646 [main] DEBUG org.dbunit.database.search.TablesDependencyHelper  - getDependentTables(connection=_databaseConfig=org.dbunit.database.DatabaseConfig[, _propertyMap={http://www.dbunit.org/properties/statementFactory=org.dbunit.database.statement.PreparedStatementFactory@626bc2b8, http://www.dbunit.org/features/caseSensitiveTableNames=false, http://www.dbunit.org/properties/fetchSize=100, http://www.dbunit.org/features/batchedStatements=false, http://www.dbunit.org/properties/metadataHandler=org.dbunit.database.DefaultMetadataHandler@3eeace42, http://www.dbunit.org/properties/datatypeFactory=org.dbunit.dataset.datatype.DefaultDataTypeFactory[_toleratedDeltaMap=org.dbunit.dataset.datatype.ToleratedDeltaMap@6452310a], http://www.dbunit.org/properties/escapePattern=null, http://www.dbunit.org/properties/batchSize=100, http://www.dbunit.org/features/qualifiedTableNames=false, http://www.dbunit.org/properties/tableType=[Ljava.lang.String;@5011bafa, http://www.dbunit.org/properties/resultSetTableFactory=org.dbunit.database.CachedResultSetTableFactory@10bcf083, http://www.dbunit.org/features/datatypeWarning=true}], _dataSet=AbstractDataSet[_orderedTableNameMap=null], rootTables=[NESTEDSCOPEDCONTENTCONDITIONS]) - start
192646 [main] DEBUG org.dbunit.util.search.DepthFirstSearch  - search(nodesFrom=[NESTEDSCOPEDCONTENTCONDITIONS], callback=org.dbunit.database.search.ImportedKeysSearchCallback@265a640) - start
192646 [main] DEBUG org.dbunit.util.CollectionsHelper  - objectsToSet(objects=NESTEDSCOPEDCONTENTCONDITIONS) - start
192646 [main] DEBUG org.dbunit.util.search.DepthFirstSearch  - search(nodesFrom=[NESTEDSCOPEDCONTENTCONDITIONS], callback=org.dbunit.database.search.ImportedKeysSearchCallback@265a640) - start
192646 [main] DEBUG org.dbunit.util.search.DepthFirstSearch  - reverseSearch:NESTEDSCOPEDCONTENTCONDITIONS
192646 [main] DEBUG org.dbunit.database.search.ImportedKeysSearchCallback  - searchNode(node=NESTEDSCOPEDCONTENTCONDITIONS) - start
192646 [main] DEBUG org.dbunit.util.search.DepthFirstSearch  - Pushing (reverse) NESTEDSCOPEDCONTENTCONDITIONS
192646 [main] DEBUG org.dbunit.database.search.ImportedKeysSearchCallback  - getEdges(node=NESTEDSCOPEDCONTENTCONDITIONS) - start
192646 [main] DEBUG org.dbunit.database.search.AbstractMetaDataBasedSearchCallback  - getNodesFromImportedKeys(node=NESTEDSCOPEDCONTENTCONDITIONS) - start
192646 [main] DEBUG org.dbunit.database.search.AbstractMetaDataBasedSearchCallback  - getNodes(type=0, node=NESTEDSCOPEDCONTENTCONDITIONS) - start
192646 [main] DEBUG org.dbunit.database.DatabaseDataSourceConnection  - getConnection() - start
192646 [main] DEBUG org.dbunit.database.search.AbstractMetaDataBasedSearchCallback  - getNodes(type=0, node=NESTEDSCOPEDCONTENTCONDITIONS, conn=Transaction-aware proxy for target Connection [jdbc:hsqldb:mem:kontrollDS, UserName=sw, HSQL Database Engine Driver], schema=null, metaData=org.apache.commons.dbcp.DelegatingDatabaseMetaData@5f85b4fa, edges=[]) - start
192646 [main] DEBUG org.dbunit.database.search.AbstractMetaDataBasedSearchCallback  - Getting edges for node NESTEDSCOPEDCONTENTCONDITIONS
192646 [main] TRACE org.dbunit.database.DatabaseConfig  - getProperty(name=http://www.dbunit.org/properties/metadataHandler) - start
192646 [main] TRACE org.dbunit.database.DefaultMetadataHandler  - tableExists(metaData=org.apache.commons.dbcp.DelegatingDatabaseMetaData@5f85b4fa, schemaName=null, tableName=NESTEDSCOPEDCONTENTCONDITIONS) - start
192647 [main] DEBUG org.dbunit.util.SQLHelper  - close(resultSet=org.apache.commons.dbcp.DelegatingResultSet@2d6c9980) - start
192650 [main] DEBUG org.dbunit.util.QualifiedTableName  - getQualifiedNameIfEnabled(config=org.dbunit.database.DatabaseConfig[, _propertyMap={http://www.dbunit.org/properties/statementFactory=org.dbunit.database.statement.PreparedStatementFactory@626bc2b8, http://www.dbunit.org/features/caseSensitiveTableNames=false, http://www.dbunit.org/properties/fetchSize=100, http://www.dbunit.org/features/batchedStatements=false, http://www.dbunit.org/properties/metadataHandler=org.dbunit.database.DefaultMetadataHandler@3eeace42, http://www.dbunit.org/properties/datatypeFactory=org.dbunit.dataset.datatype.DefaultDataTypeFactory[_toleratedDeltaMap=org.dbunit.dataset.datatype.ToleratedDeltaMap@6452310a], http://www.dbunit.org/properties/escapePattern=null, http://www.dbunit.org/properties/batchSize=100, http://www.dbunit.org/features/qualifiedTableNames=false, http://www.dbunit.org/properties/tableType=[Ljava.lang.String;@5011bafa, http://www.dbunit.org/properties/resultSetTableFactory=org.dbunit.database.CachedResultSetTableFactory@10bcf083, http://www.dbunit.org/features/datatypeWarning=true}]) - start
192650 [main] TRACE org.dbunit.database.DatabaseConfig  - getFeature(name=http://www.dbunit.org/features/qualifiedTableNames) - start
192650 [main] TRACE org.dbunit.database.DatabaseConfig  - getProperty(name=http://www.dbunit.org/features/qualifiedTableNames) - start
192650 [main] DEBUG org.dbunit.util.QualifiedTableName  - Qualified table names feature is disabled. Returning plain table name
192650 [main] DEBUG org.dbunit.util.QualifiedTableName  - getQualifiedName(prefix=null, name=NESTEDSCOPEDCONTENTCONDITIONS, escapePattern=null) - start
192650 [main] DEBUG org.dbunit.util.QualifiedTableName  - getQualifiedNameIfEnabled(config=org.dbunit.database.DatabaseConfig[, _propertyMap={http://www.dbunit.org/properties/statementFactory=org.dbunit.database.statement.PreparedStatementFactory@626bc2b8, http://www.dbunit.org/features/caseSensitiveTableNames=false, http://www.dbunit.org/properties/fetchSize=100, http://www.dbunit.org/features/batchedStatements=false, http://www.dbunit.org/properties/metadataHandler=org.dbunit.database.DefaultMetadataHandler@3eeace42, http://www.dbunit.org/properties/datatypeFactory=org.dbunit.dataset.datatype.DefaultDataTypeFactory[_toleratedDeltaMap=org.dbunit.dataset.datatype.ToleratedDeltaMap@6452310a], http://www.dbunit.org/properties/escapePattern=null, http://www.dbunit.org/properties/batchSize=100, http://www.dbunit.org/features/qualifiedTableNames=false, http://www.dbunit.org/properties/tableType=[Ljava.lang.String;@5011bafa, http://www.dbunit.org/properties/resultSetTableFactory=org.dbunit.database.CachedResultSetTableFactory@10bcf083, http://www.dbunit.org/features/datatypeWarning=true}]) - start
192650 [main] TRACE org.dbunit.database.DatabaseConfig  - getFeature(name=http://www.dbunit.org/features/qualifiedTableNames) - start
192650 [main] TRACE org.dbunit.database.DatabaseConfig  - getProperty(name=http://www.dbunit.org/features/qualifiedTableNames) - start
192650 [main] DEBUG org.dbunit.util.QualifiedTableName  - Qualified table names feature is disabled. Returning plain table name
192650 [main] DEBUG org.dbunit.util.QualifiedTableName  - getQualifiedName(prefix=null, name=SCOPEDCONTENTCONDITION, escapePattern=null) - start
192650 [main] DEBUG org.dbunit.database.search.AbstractMetaDataBasedSearchCallback  - newEdge(rs=org.apache.commons.dbcp.DelegatingResultSet@34fd1b2b, type=0, from=NESTEDSCOPEDCONTENTCONDITIONS, to=SCOPEDCONTENTCONDITION, fkColumn=CHILD_CONDITION_ID, pkColumn=ID) - start
192651 [main] DEBUG org.dbunit.database.search.AbstractMetaDataBasedSearchCallback  - createFKEdge(rs=org.apache.commons.dbcp.DelegatingResultSet@34fd1b2b, type=0, from=NESTEDSCOPEDCONTENTCONDITIONS, to=SCOPEDCONTENTCONDITION, fkColumn=CHILD_CONDITION_ID, pkColumn=ID) - start
192651 [main] DEBUG org.dbunit.database.search.AbstractMetaDataBasedSearchCallback  - Adding edge NESTEDSCOPEDCONTENTCONDITIONS(CHILD_CONDITION_ID)->SCOPEDCONTENTCONDITION(ID)
192651 [main] DEBUG org.dbunit.util.search.Edge  - compareTo(o=NESTEDSCOPEDCONTENTCONDITIONS(CHILD_CONDITION_ID)->SCOPEDCONTENTCONDITION(ID)) - start
192651 [main] DEBUG org.dbunit.util.QualifiedTableName  - getQualifiedNameIfEnabled(config=org.dbunit.database.DatabaseConfig[, _propertyMap={http://www.dbunit.org/properties/statementFactory=org.dbunit.database.statement.PreparedStatementFactory@626bc2b8, http://www.dbunit.org/features/caseSensitiveTableNames=false, http://www.dbunit.org/properties/fetchSize=100, http://www.dbunit.org/features/batchedStatements=false, http://www.dbunit.org/properties/metadataHandler=org.dbunit.database.DefaultMetadataHandler@3eeace42, http://www.dbunit.org/properties/datatypeFactory=org.dbunit.dataset.datatype.DefaultDataTypeFactory[_toleratedDeltaMap=org.dbunit.dataset.datatype.ToleratedDeltaMap@6452310a], http://www.dbunit.org/properties/escapePattern=null, http://www.dbunit.org/properties/batchSize=100, http://www.dbunit.org/features/qualifiedTableNames=false, http://www.dbunit.org/properties/tableType=[Ljava.lang.String;@5011bafa, http://www.dbunit.org/properties/resultSetTableFactory=org.dbunit.database.CachedResultSetTableFactory@10bcf083, http://www.dbunit.org/features/datatypeWarning=true}]) - start
192651 [main] TRACE org.dbunit.database.DatabaseConfig  - getFeature(name=http://www.dbunit.org/features/qualifiedTableNames) - start
192651 [main] TRACE org.dbunit.database.DatabaseConfig  - getProperty(name=http://www.dbunit.org/features/qualifiedTableNames) - start
192651 [main] DEBUG org.dbunit.util.QualifiedTableName  - Qualified table names feature is disabled. Returning plain table name
192651 [main] DEBUG org.dbunit.util.QualifiedTableName  - getQualifiedName(prefix=null, name=NESTEDSCOPEDCONTENTCONDITIONS, escapePattern=null) - start
192651 [main] DEBUG org.dbunit.util.QualifiedTableName  - getQualifiedNameIfEnabled(config=org.dbunit.database.DatabaseConfig[, _propertyMap={http://www.dbunit.org/properties/statementFactory=org.dbunit.database.statement.PreparedStatementFactory@626bc2b8, http://www.dbunit.org/features/caseSensitiveTableNames=false, http://www.dbunit.org/properties/fetchSize=100, http://www.dbunit.org/features/batchedStatements=false, http://www.dbunit.org/properties/metadataHandler=org.dbunit.database.DefaultMetadataHandler@3eeace42, http://www.dbunit.org/properties/datatypeFactory=org.dbunit.dataset.datatype.DefaultDataTypeFactory[_toleratedDeltaMap=org.dbunit.dataset.datatype.ToleratedDeltaMap@6452310a], http://www.dbunit.org/properties/escapePattern=null, http://www.dbunit.org/properties/batchSize=100, http://www.dbunit.org/features/qualifiedTableNames=false, http://www.dbunit.org/properties/tableType=[Ljava.lang.String;@5011bafa, http://www.dbunit.org/properties/resultSetTableFactory=org.dbunit.database.CachedResultSetTableFactory@10bcf083, http://www.dbunit.org/features/datatypeWarning=true}]) - start
192651 [main] TRACE org.dbunit.database.DatabaseConfig  - getFeature(name=http://www.dbunit.org/features/qualifiedTableNames) - start
192651 [main] TRACE org.dbunit.database.DatabaseConfig  - getProperty(name=http://www.dbunit.org/features/qualifiedTableNames) - start
192652 [main] DEBUG org.dbunit.util.QualifiedTableName  - Qualified table names feature is disabled. Returning plain table name
192652 [main] DEBUG org.dbunit.util.QualifiedTableName  - getQualifiedName(prefix=null, name=SCOPEDCONTENTCONDITION, escapePattern=null) - start
192652 [main] DEBUG org.dbunit.database.search.AbstractMetaDataBasedSearchCallback  - newEdge(rs=org.apache.commons.dbcp.DelegatingResultSet@34fd1b2b, type=0, from=NESTEDSCOPEDCONTENTCONDITIONS, to=SCOPEDCONTENTCONDITION, fkColumn=PARENT_CONDITION_ID, pkColumn=ID) - start
192652 [main] DEBUG org.dbunit.database.search.AbstractMetaDataBasedSearchCallback  - createFKEdge(rs=org.apache.commons.dbcp.DelegatingResultSet@34fd1b2b, type=0, from=NESTEDSCOPEDCONTENTCONDITIONS, to=SCOPEDCONTENTCONDITION, fkColumn=PARENT_CONDITION_ID, pkColumn=ID) - start
192652 [main] DEBUG org.dbunit.database.search.AbstractMetaDataBasedSearchCallback  - Adding edge NESTEDSCOPEDCONTENTCONDITIONS(PARENT_CONDITION_ID)->SCOPEDCONTENTCONDITION(ID)
192652 [main] DEBUG org.dbunit.util.search.Edge  - compareTo(o=NESTEDSCOPEDCONTENTCONDITIONS(CHILD_CONDITION_ID)->SCOPEDCONTENTCONDITION(ID)) - start
192652 [main] DEBUG org.dbunit.util.SQLHelper  - close(resultSet=org.apache.commons.dbcp.DelegatingResultSet@34fd1b2b) - start
192652 [main] DEBUG org.dbunit.util.search.DepthFirstSearch  - search:NESTEDSCOPEDCONTENTCONDITIONS
192652 [main] DEBUG org.dbunit.database.search.ImportedKeysSearchCallback  - searchNode(node=NESTEDSCOPEDCONTENTCONDITIONS) - start
192652 [main] DEBUG org.dbunit.util.search.DepthFirstSearch  - Pushing NESTEDSCOPEDCONTENTCONDITIONS
192652 [main] DEBUG org.dbunit.database.search.ImportedKeysSearchCallback  - getEdges(node=NESTEDSCOPEDCONTENTCONDITIONS) - start
192652 [main] DEBUG org.dbunit.database.search.AbstractMetaDataBasedSearchCallback  - getNodesFromImportedKeys(node=NESTEDSCOPEDCONTENTCONDITIONS) - start
192652 [main] DEBUG org.dbunit.database.search.AbstractMetaDataBasedSearchCallback  - getNodes(type=0, node=NESTEDSCOPEDCONTENTCONDITIONS) - start
192652 [main] DEBUG org.dbunit.database.DatabaseDataSourceConnection  - getConnection() - start
192652 [main] DEBUG org.dbunit.database.search.AbstractMetaDataBasedSearchCallback  - getNodes(type=0, node=NESTEDSCOPEDCONTENTCONDITIONS, conn=Transaction-aware proxy for target Connection [jdbc:hsqldb:mem:kontrollDS, UserName=sw, HSQL Database Engine Driver], schema=null, metaData=org.apache.commons.dbcp.DelegatingDatabaseMetaData@5502bf3a, edges=[]) - start
192652 [main] DEBUG org.dbunit.database.search.AbstractMetaDataBasedSearchCallback  - Getting edges for node NESTEDSCOPEDCONTENTCONDITIONS
192652 [main] TRACE org.dbunit.database.DatabaseConfig  - getProperty(name=http://www.dbunit.org/properties/metadataHandler) - start
192652 [main] TRACE org.dbunit.database.DefaultMetadataHandler  - tableExists(metaData=org.apache.commons.dbcp.DelegatingDatabaseMetaData@5502bf3a, schemaName=null, tableName=NESTEDSCOPEDCONTENTCONDITIONS) - start
192653 [main] DEBUG org.dbunit.util.SQLHelper  - close(resultSet=org.apache.commons.dbcp.DelegatingResultSet@2c93c93e) - start
192654 [main] DEBUG org.dbunit.util.QualifiedTableName  - getQualifiedNameIfEnabled(config=org.dbunit.database.DatabaseConfig[, _propertyMap={http://www.dbunit.org/properties/statementFactory=org.dbunit.database.statement.PreparedStatementFactory@626bc2b8, http://www.dbunit.org/features/caseSensitiveTableNames=false, http://www.dbunit.org/properties/fetchSize=100, http://www.dbunit.org/features/batchedStatements=false, http://www.dbunit.org/properties/metadataHandler=org.dbunit.database.DefaultMetadataHandler@3eeace42, http://www.dbunit.org/properties/datatypeFactory=org.dbunit.dataset.datatype.DefaultDataTypeFactory[_toleratedDeltaMap=org.dbunit.dataset.datatype.ToleratedDeltaMap@6452310a], http://www.dbunit.org/properties/escapePattern=null, http://www.dbunit.org/properties/batchSize=100, http://www.dbunit.org/features/qualifiedTableNames=false, http://www.dbunit.org/properties/tableType=[Ljava.lang.String;@5011bafa, http://www.dbunit.org/properties/resultSetTableFactory=org.dbunit.database.CachedResultSetTableFactory@10bcf083, http://www.dbunit.org/features/datatypeWarning=true}]) - start
192654 [main] TRACE org.dbunit.database.DatabaseConfig  - getFeature(name=http://www.dbunit.org/features/qualifiedTableNames) - start
192654 [main] TRACE org.dbunit.database.DatabaseConfig  - getProperty(name=http://www.dbunit.org/features/qualifiedTableNames) - start
192654 [main] DEBUG org.dbunit.util.QualifiedTableName  - Qualified table names feature is disabled. Returning plain table name
192655 [main] DEBUG org.dbunit.util.QualifiedTableName  - getQualifiedName(prefix=null, name=NESTEDSCOPEDCONTENTCONDITIONS, escapePattern=null) - start
192655 [main] DEBUG org.dbunit.util.QualifiedTableName  - getQualifiedNameIfEnabled(config=org.dbunit.database.DatabaseConfig[, _propertyMap={http://www.dbunit.org/properties/statementFactory=org.dbunit.database.statement.PreparedStatementFactory@626bc2b8, http://www.dbunit.org/features/caseSensitiveTableNames=false, http://www.dbunit.org/properties/fetchSize=100, http://www.dbunit.org/features/batchedStatements=false, http://www.dbunit.org/properties/metadataHandler=org.dbunit.database.DefaultMetadataHandler@3eeace42, http://www.dbunit.org/properties/datatypeFactory=org.dbunit.dataset.datatype.DefaultDataTypeFactory[_toleratedDeltaMap=org.dbunit.dataset.datatype.ToleratedDeltaMap@6452310a], http://www.dbunit.org/properties/escapePattern=null, http://www.dbunit.org/properties/batchSize=100, http://www.dbunit.org/features/qualifiedTableNames=false, http://www.dbunit.org/properties/tableType=[Ljava.lang.String;@5011bafa, http://www.dbunit.org/properties/resultSetTableFactory=org.dbunit.database.CachedResultSetTableFactory@10bcf083, http://www.dbunit.org/features/datatypeWarning=true}]) - start
192655 [main] TRACE org.dbunit.database.DatabaseConfig  - getFeature(name=http://www.dbunit.org/features/qualifiedTableNames) - start
192655 [main] TRACE org.dbunit.database.DatabaseConfig  - getProperty(name=http://www.dbunit.org/features/qualifiedTableNames) - start
192655 [main] DEBUG org.dbunit.util.QualifiedTableName  - Qualified table names feature is disabled. Returning plain table name
192655 [main] DEBUG org.dbunit.util.QualifiedTableName  - getQualifiedName(prefix=null, name=SCOPEDCONTENTCONDITION, escapePattern=null) - start
192655 [main] DEBUG org.dbunit.database.search.AbstractMetaDataBasedSearchCallback  - newEdge(rs=org.apache.commons.dbcp.DelegatingResultSet@12699421, type=0, from=NESTEDSCOPEDCONTENTCONDITIONS, to=SCOPEDCONTENTCONDITION, fkColumn=CHILD_CONDITION_ID, pkColumn=ID) - start
192655 [main] DEBUG org.dbunit.database.search.AbstractMetaDataBasedSearchCallback  - createFKEdge(rs=org.apache.commons.dbcp.DelegatingResultSet@12699421, type=0, from=NESTEDSCOPEDCONTENTCONDITIONS, to=SCOPEDCONTENTCONDITION, fkColumn=CHILD_CONDITION_ID, pkColumn=ID) - start
192655 [main] DEBUG org.dbunit.database.search.AbstractMetaDataBasedSearchCallback  - Adding edge NESTEDSCOPEDCONTENTCONDITIONS(CHILD_CONDITION_ID)->SCOPEDCONTENTCONDITION(ID)
192655 [main] DEBUG org.dbunit.util.search.Edge  - compareTo(o=NESTEDSCOPEDCONTENTCONDITIONS(CHILD_CONDITION_ID)->SCOPEDCONTENTCONDITION(ID)) - start
192655 [main] DEBUG org.dbunit.util.QualifiedTableName  - getQualifiedNameIfEnabled(config=org.dbunit.database.DatabaseConfig[, _propertyMap={http://www.dbunit.org/properties/statementFactory=org.dbunit.database.statement.PreparedStatementFactory@626bc2b8, http://www.dbunit.org/features/caseSensitiveTableNames=false, http://www.dbunit.org/properties/fetchSize=100, http://www.dbunit.org/features/batchedStatements=false, http://www.dbunit.org/properties/metadataHandler=org.dbunit.database.DefaultMetadataHandler@3eeace42, http://www.dbunit.org/properties/datatypeFactory=org.dbunit.dataset.datatype.DefaultDataTypeFactory[_toleratedDeltaMap=org.dbunit.dataset.datatype.ToleratedDeltaMap@6452310a], http://www.dbunit.org/properties/escapePattern=null, http://www.dbunit.org/properties/batchSize=100, http://www.dbunit.org/features/qualifiedTableNames=false, http://www.dbunit.org/properties/tableType=[Ljava.lang.String;@5011bafa, http://www.dbunit.org/properties/resultSetTableFactory=org.dbunit.database.CachedResultSetTableFactory@10bcf083, http://www.dbunit.org/features/datatypeWarning=true}]) - start
192655 [main] TRACE org.dbunit.database.DatabaseConfig  - getFeature(name=http://www.dbunit.org/features/qualifiedTableNames) - start
192655 [main] TRACE org.dbunit.database.DatabaseConfig  - getProperty(name=http://www.dbunit.org/features/qualifiedTableNames) - start
192655 [main] DEBUG org.dbunit.util.QualifiedTableName  - Qualified table names feature is disabled. Returning plain table name
192655 [main] DEBUG org.dbunit.util.QualifiedTableName  - getQualifiedName(prefix=null, name=NESTEDSCOPEDCONTENTCONDITIONS, escapePattern=null) - start
192655 [main] DEBUG org.dbunit.util.QualifiedTableName  - getQualifiedNameIfEnabled(config=org.dbunit.database.DatabaseConfig[, _propertyMap={http://www.dbunit.org/properties/statementFactory=org.dbunit.database.statement.PreparedStatementFactory@626bc2b8, http://www.dbunit.org/features/caseSensitiveTableNames=false, http://www.dbunit.org/properties/fetchSize=100, http://www.dbunit.org/features/batchedStatements=false, http://www.dbunit.org/properties/metadataHandler=org.dbunit.database.DefaultMetadataHandler@3eeace42, http://www.dbunit.org/properties/datatypeFactory=org.dbunit.dataset.datatype.DefaultDataTypeFactory[_toleratedDeltaMap=org.dbunit.dataset.datatype.ToleratedDeltaMap@6452310a], http://www.dbunit.org/properties/escapePattern=null, http://www.dbunit.org/properties/batchSize=100, http://www.dbunit.org/features/qualifiedTableNames=false, http://www.dbunit.org/properties/tableType=[Ljava.lang.String;@5011bafa, http://www.dbunit.org/properties/resultSetTableFactory=org.dbunit.database.CachedResultSetTableFactory@10bcf083, http://www.dbunit.org/features/datatypeWarning=true}]) - start
192655 [main] TRACE org.dbunit.database.DatabaseConfig  - getFeature(name=http://www.dbunit.org/features/qualifiedTableNames) - start
192655 [main] TRACE org.dbunit.database.DatabaseConfig  - getProperty(name=http://www.dbunit.org/features/qualifiedTableNames) - start
192655 [main] DEBUG org.dbunit.util.QualifiedTableName  - Qualified table names feature is disabled. Returning plain table name
192655 [main] DEBUG org.dbunit.util.QualifiedTableName  - getQualifiedName(prefix=null, name=SCOPEDCONTENTCONDITION, escapePattern=null) - start
192655 [main] DEBUG org.dbunit.database.search.AbstractMetaDataBasedSearchCallback  - newEdge(rs=org.apache.commons.dbcp.DelegatingResultSet@12699421, type=0, from=NESTEDSCOPEDCONTENTCONDITIONS, to=SCOPEDCONTENTCONDITION, fkColumn=PARENT_CONDITION_ID, pkColumn=ID) - start
192655 [main] DEBUG org.dbunit.database.search.AbstractMetaDataBasedSearchCallback  - createFKEdge(rs=org.apache.commons.dbcp.DelegatingResultSet@12699421, type=0, from=NESTEDSCOPEDCONTENTCONDITIONS, to=SCOPEDCONTENTCONDITION, fkColumn=PARENT_CONDITION_ID, pkColumn=ID) - start
192655 [main] DEBUG org.dbunit.database.search.AbstractMetaDataBasedSearchCallback  - Adding edge NESTEDSCOPEDCONTENTCONDITIONS(PARENT_CONDITION_ID)->SCOPEDCONTENTCONDITION(ID)
192656 [main] DEBUG org.dbunit.util.search.Edge  - compareTo(o=NESTEDSCOPEDCONTENTCONDITIONS(CHILD_CONDITION_ID)->SCOPEDCONTENTCONDITION(ID)) - start
192656 [main] DEBUG org.dbunit.util.SQLHelper  - close(resultSet=org.apache.commons.dbcp.DelegatingResultSet@12699421) - start
192656 [main] DEBUG org.dbunit.util.search.DepthFirstSearch  - search:SCOPEDCONTENTCONDITION
192656 [main] DEBUG org.dbunit.database.search.ImportedKeysSearchCallback  - searchNode(node=SCOPEDCONTENTCONDITION) - start
192656 [main] DEBUG org.dbunit.util.search.DepthFirstSearch  - Pushing SCOPEDCONTENTCONDITION
192656 [main] DEBUG org.dbunit.database.search.ImportedKeysSearchCallback  - getEdges(node=SCOPEDCONTENTCONDITION) - start
192656 [main] DEBUG org.dbunit.database.search.AbstractMetaDataBasedSearchCallback  - getNodesFromImportedKeys(node=SCOPEDCONTENTCONDITION) - start
192656 [main] DEBUG org.dbunit.database.search.AbstractMetaDataBasedSearchCallback  - getNodes(type=0, node=SCOPEDCONTENTCONDITION) - start
192656 [main] DEBUG org.dbunit.database.DatabaseDataSourceConnection  - getConnection() - start
192656 [main] DEBUG org.dbunit.database.search.AbstractMetaDataBasedSearchCallback  - getNodes(type=0, node=SCOPEDCONTENTCONDITION, conn=Transaction-aware proxy for target Connection [jdbc:hsqldb:mem:kontrollDS, UserName=sw, HSQL Database Engine Driver], schema=null, metaData=org.apache.commons.dbcp.DelegatingDatabaseMetaData@517c0bf8, edges=[]) - start
192656 [main] DEBUG org.dbunit.database.search.AbstractMetaDataBasedSearchCallback  - Getting edges for node SCOPEDCONTENTCONDITION
192656 [main] TRACE org.dbunit.database.DatabaseConfig  - getProperty(name=http://www.dbunit.org/properties/metadataHandler) - start
192656 [main] TRACE org.dbunit.database.DefaultMetadataHandler  - tableExists(metaData=org.apache.commons.dbcp.DelegatingDatabaseMetaData@517c0bf8, schemaName=null, tableName=SCOPEDCONTENTCONDITION) - start
192657 [main] DEBUG org.dbunit.util.SQLHelper  - close(resultSet=org.apache.commons.dbcp.DelegatingResultSet@5c8556e0) - start
192657 [main] DEBUG org.dbunit.util.SQLHelper  - close(resultSet=org.apache.commons.dbcp.DelegatingResultSet@7aa10d43) - start
192657 [main] DEBUG org.dbunit.util.search.DepthFirstSearch  - Adding node SCOPEDCONTENTCONDITION to the final result
192657 [main] DEBUG org.dbunit.util.search.DepthFirstSearch  - Adding node NESTEDSCOPEDCONTENTCONDITIONS to the final result
192658 [main] DEBUG org.dbunit.util.search.DepthFirstSearch  - reverseSearch:NESTEDSCOPEDCONTENTCONDITIONS
192658 [main] DEBUG org.dbunit.util.search.DepthFirstSearch  - already searched; returning true
192658 [main] DEBUG org.dbunit.util.search.DepthFirstSearch  - reverseSearch:SCOPEDCONTENTCONDITION
192658 [main] DEBUG org.dbunit.database.search.ImportedKeysSearchCallback  - searchNode(node=SCOPEDCONTENTCONDITION) - start
192658 [main] DEBUG org.dbunit.util.search.DepthFirstSearch  - Pushing (reverse) SCOPEDCONTENTCONDITION
192658 [main] DEBUG org.dbunit.database.search.ImportedKeysSearchCallback  - getEdges(node=SCOPEDCONTENTCONDITION) - start
192658 [main] DEBUG org.dbunit.database.search.AbstractMetaDataBasedSearchCallback  - getNodesFromImportedKeys(node=SCOPEDCONTENTCONDITION) - start
192658 [main] DEBUG org.dbunit.database.search.AbstractMetaDataBasedSearchCallback  - getNodes(type=0, node=SCOPEDCONTENTCONDITION) - start
192658 [main] DEBUG org.dbunit.database.DatabaseDataSourceConnection  - getConnection() - start
192658 [main] DEBUG org.dbunit.database.search.AbstractMetaDataBasedSearchCallback  - getNodes(type=0, node=SCOPEDCONTENTCONDITION, conn=Transaction-aware proxy for target Connection [jdbc:hsqldb:mem:kontrollDS, UserName=sw, HSQL Database Engine Driver], schema=null, metaData=org.apache.commons.dbcp.DelegatingDatabaseMetaData@636de89a, edges=[]) - start
192658 [main] DEBUG org.dbunit.database.search.AbstractMetaDataBasedSearchCallback  - Getting edges for node SCOPEDCONTENTCONDITION
192658 [main] TRACE org.dbunit.database.DatabaseConfig  - getProperty(name=http://www.dbunit.org/properties/metadataHandler) - start
192658 [main] TRACE org.dbunit.database.DefaultMetadataHandler  - tableExists(metaData=org.apache.commons.dbcp.DelegatingDatabaseMetaData@636de89a, schemaName=null, tableName=SCOPEDCONTENTCONDITION) - start
192659 [main] DEBUG org.dbunit.util.SQLHelper  - close(resultSet=org.apache.commons.dbcp.DelegatingResultSet@1efb0397) - start
192659 [main] DEBUG org.dbunit.util.SQLHelper  - close(resultSet=org.apache.commons.dbcp.DelegatingResultSet@7d6bd187) - start
192659 [main] DEBUG org.dbunit.util.search.DepthFirstSearch  - search:NESTEDSCOPEDCONTENTCONDITIONS
192659 [main] DEBUG org.dbunit.util.search.DepthFirstSearch  - already searched; returning true
192659 [main] DEBUG org.dbunit.util.search.DepthFirstSearch  - search:SCOPEDCONTENTCONDITION
192659 [main] DEBUG org.dbunit.util.search.DepthFirstSearch  - already searched; returning true
192659 [main] DEBUG org.dbunit.util.CollectionsHelper  - setToStrings(set=[SCOPEDCONTENTCONDITION, NESTEDSCOPEDCONTENTCONDITIONS]) - start
192660 [main] DEBUG org.dbunit.database.search.TablesDependencyHelper  - getDependsOnTables(connection=_databaseConfig=org.dbunit.database.DatabaseConfig[, _propertyMap={http://www.dbunit.org/properties/statementFactory=org.dbunit.database.statement.PreparedStatementFactory@626bc2b8, http://www.dbunit.org/features/caseSensitiveTableNames=false, http://www.dbunit.org/properties/fetchSize=100, http://www.dbunit.org/features/batchedStatements=false, http://www.dbunit.org/properties/metadataHandler=org.dbunit.database.DefaultMetadataHandler@3eeace42, http://www.dbunit.org/properties/datatypeFactory=org.dbunit.dataset.datatype.DefaultDataTypeFactory[_toleratedDeltaMap=org.dbunit.dataset.datatype.ToleratedDeltaMap@6452310a], http://www.dbunit.org/properties/escapePattern=null, http://www.dbunit.org/properties/batchSize=100, http://www.dbunit.org/features/qualifiedTableNames=false, http://www.dbunit.org/properties/tableType=[Ljava.lang.String;@5011bafa, http://www.dbunit.org/properties/resultSetTableFactory=org.dbunit.database.CachedResultSetTableFactory@10bcf083, http://www.dbunit.org/features/datatypeWarning=true}], _dataSet=AbstractDataSet[_orderedTableNameMap=null], rootTable=NESTEDSCOPEDCONTENTCONDITIONS) - start
192660 [main] DEBUG org.dbunit.util.search.DepthFirstSearch  - search(nodesFrom=[NESTEDSCOPEDCONTENTCONDITIONS], callback=org.dbunit.database.search.ExportedKeysSearchCallback@27523a4b) - start
192660 [main] DEBUG org.dbunit.util.CollectionsHelper  - objectsToSet(objects=NESTEDSCOPEDCONTENTCONDITIONS) - start
192660 [main] DEBUG org.dbunit.util.search.DepthFirstSearch  - search(nodesFrom=[NESTEDSCOPEDCONTENTCONDITIONS], callback=org.dbunit.database.search.ExportedKeysSearchCallback@27523a4b) - start
192660 [main] DEBUG org.dbunit.util.search.DepthFirstSearch  - reverseSearch:NESTEDSCOPEDCONTENTCONDITIONS
192660 [main] DEBUG org.dbunit.database.search.ExportedKeysSearchCallback  - searchNode(node=NESTEDSCOPEDCONTENTCONDITIONS) - start
192660 [main] DEBUG org.dbunit.util.search.DepthFirstSearch  - Pushing (reverse) NESTEDSCOPEDCONTENTCONDITIONS
192660 [main] DEBUG org.dbunit.database.search.ExportedKeysSearchCallback  - getEdges(node=NESTEDSCOPEDCONTENTCONDITIONS) - start
192660 [main] DEBUG org.dbunit.database.search.AbstractMetaDataBasedSearchCallback  - getNodesFromExportedKeys(node=NESTEDSCOPEDCONTENTCONDITIONS) - start
192660 [main] DEBUG org.dbunit.database.search.AbstractMetaDataBasedSearchCallback  - getNodes(type=1, node=NESTEDSCOPEDCONTENTCONDITIONS) - start
192660 [main] DEBUG org.dbunit.database.DatabaseDataSourceConnection  - getConnection() - start
192660 [main] DEBUG org.dbunit.database.search.AbstractMetaDataBasedSearchCallback  - getNodes(type=1, node=NESTEDSCOPEDCONTENTCONDITIONS, conn=Transaction-aware proxy for target Connection [jdbc:hsqldb:mem:kontrollDS, UserName=sw, HSQL Database Engine Driver], schema=null, metaData=org.apache.commons.dbcp.DelegatingDatabaseMetaData@7712618, edges=[]) - start
192660 [main] DEBUG org.dbunit.database.search.AbstractMetaDataBasedSearchCallback  - Getting edges for node NESTEDSCOPEDCONTENTCONDITIONS
192660 [main] TRACE org.dbunit.database.DatabaseConfig  - getProperty(name=http://www.dbunit.org/properties/metadataHandler) - start
192660 [main] TRACE org.dbunit.database.DefaultMetadataHandler  - tableExists(metaData=org.apache.commons.dbcp.DelegatingDatabaseMetaData@7712618, schemaName=null, tableName=NESTEDSCOPEDCONTENTCONDITIONS) - start
192661 [main] DEBUG org.dbunit.util.SQLHelper  - close(resultSet=org.apache.commons.dbcp.DelegatingResultSet@7d30e5f3) - start
192661 [main] DEBUG org.dbunit.util.SQLHelper  - close(resultSet=org.apache.commons.dbcp.DelegatingResultSet@68bb2be7) - start
192661 [main] DEBUG org.dbunit.util.search.DepthFirstSearch  - search:NESTEDSCOPEDCONTENTCONDITIONS
192661 [main] DEBUG org.dbunit.database.search.ExportedKeysSearchCallback  - searchNode(node=NESTEDSCOPEDCONTENTCONDITIONS) - start
192662 [main] DEBUG org.dbunit.util.search.DepthFirstSearch  - Pushing NESTEDSCOPEDCONTENTCONDITIONS
192662 [main] DEBUG org.dbunit.database.search.ExportedKeysSearchCallback  - getEdges(node=NESTEDSCOPEDCONTENTCONDITIONS) - start
192662 [main] DEBUG org.dbunit.database.search.AbstractMetaDataBasedSearchCallback  - getNodesFromExportedKeys(node=NESTEDSCOPEDCONTENTCONDITIONS) - start
192662 [main] DEBUG org.dbunit.database.search.AbstractMetaDataBasedSearchCallback  - getNodes(type=1, node=NESTEDSCOPEDCONTENTCONDITIONS) - start
192662 [main] DEBUG org.dbunit.database.DatabaseDataSourceConnection  - getConnection() - start
192662 [main] DEBUG org.dbunit.database.search.AbstractMetaDataBasedSearchCallback  - getNodes(type=1, node=NESTEDSCOPEDCONTENTCONDITIONS, conn=Transaction-aware proxy for target Connection [jdbc:hsqldb:mem:kontrollDS, UserName=sw, HSQL Database Engine Driver], schema=null, metaData=org.apache.commons.dbcp.DelegatingDatabaseMetaData@583f8068, edges=[]) - start
192662 [main] DEBUG org.dbunit.database.search.AbstractMetaDataBasedSearchCallback  - Getting edges for node NESTEDSCOPEDCONTENTCONDITIONS
192662 [main] TRACE org.dbunit.database.DatabaseConfig  - getProperty(name=http://www.dbunit.org/properties/metadataHandler) - start
192662 [main] TRACE org.dbunit.database.DefaultMetadataHandler  - tableExists(metaData=org.apache.commons.dbcp.DelegatingDatabaseMetaData@583f8068, schemaName=null, tableName=NESTEDSCOPEDCONTENTCONDITIONS) - start
192663 [main] DEBUG org.dbunit.util.SQLHelper  - close(resultSet=org.apache.commons.dbcp.DelegatingResultSet@596b14c2) - start
192663 [main] DEBUG org.dbunit.util.SQLHelper  - close(resultSet=org.apache.commons.dbcp.DelegatingResultSet@7671896d) - start
192663 [main] DEBUG org.dbunit.util.search.DepthFirstSearch  - Adding node NESTEDSCOPEDCONTENTCONDITIONS to the final result
192663 [main] DEBUG org.dbunit.util.CollectionsHelper  - setToStrings(set=[NESTEDSCOPEDCONTENTCONDITIONS]) - start
192663 [main] DEBUG org.dbunit.database.search.TablesDependencyHelper  - getDirectDependsOnTables(connection=_databaseConfig=org.dbunit.database.DatabaseConfig[, _propertyMap={http://www.dbunit.org/properties/statementFactory=org.dbunit.database.statement.PreparedStatementFactory@626bc2b8, http://www.dbunit.org/features/caseSensitiveTableNames=false, http://www.dbunit.org/properties/fetchSize=100, http://www.dbunit.org/features/batchedStatements=false, http://www.dbunit.org/properties/metadataHandler=org.dbunit.database.DefaultMetadataHandler@3eeace42, http://www.dbunit.org/properties/datatypeFactory=org.dbunit.dataset.datatype.DefaultDataTypeFactory[_toleratedDeltaMap=org.dbunit.dataset.datatype.ToleratedDeltaMap@6452310a], http://www.dbunit.org/properties/escapePattern=null, http://www.dbunit.org/properties/batchSize=100, http://www.dbunit.org/features/qualifiedTableNames=false, http://www.dbunit.org/properties/tableType=[Ljava.lang.String;@5011bafa, http://www.dbunit.org/properties/resultSetTableFactory=org.dbunit.database.CachedResultSetTableFactory@10bcf083, http://www.dbunit.org/features/datatypeWarning=true}], _dataSet=AbstractDataSet[_orderedTableNameMap=null], tableName=NESTEDSCOPEDCONTENTCONDITIONS) - start
192663 [main] DEBUG org.dbunit.util.search.DepthFirstSearch  - search(nodesFrom=[NESTEDSCOPEDCONTENTCONDITIONS], callback=org.dbunit.database.search.ExportedKeysSearchCallback@7ab77f26) - start
192663 [main] DEBUG org.dbunit.util.CollectionsHelper  - objectsToSet(objects=NESTEDSCOPEDCONTENTCONDITIONS) - start
192663 [main] DEBUG org.dbunit.util.search.DepthFirstSearch  - search(nodesFrom=[NESTEDSCOPEDCONTENTCONDITIONS], callback=org.dbunit.database.search.ExportedKeysSearchCallback@7ab77f26) - start
192663 [main] DEBUG org.dbunit.util.search.DepthFirstSearch  - reverseSearch:NESTEDSCOPEDCONTENTCONDITIONS
192663 [main] DEBUG org.dbunit.database.search.ExportedKeysSearchCallback  - searchNode(node=NESTEDSCOPEDCONTENTCONDITIONS) - start
192663 [main] DEBUG org.dbunit.util.search.DepthFirstSearch  - Pushing (reverse) NESTEDSCOPEDCONTENTCONDITIONS
192663 [main] DEBUG org.dbunit.database.search.ExportedKeysSearchCallback  - getEdges(node=NESTEDSCOPEDCONTENTCONDITIONS) - start
192664 [main] DEBUG org.dbunit.database.search.AbstractMetaDataBasedSearchCallback  - getNodesFromExportedKeys(node=NESTEDSCOPEDCONTENTCONDITIONS) - start
192664 [main] DEBUG org.dbunit.database.search.AbstractMetaDataBasedSearchCallback  - getNodes(type=1, node=NESTEDSCOPEDCONTENTCONDITIONS) - start
192664 [main] DEBUG org.dbunit.database.DatabaseDataSourceConnection  - getConnection() - start
192664 [main] DEBUG org.dbunit.database.search.AbstractMetaDataBasedSearchCallback  - getNodes(type=1, node=NESTEDSCOPEDCONTENTCONDITIONS, conn=Transaction-aware proxy for target Connection [jdbc:hsqldb:mem:kontrollDS, UserName=sw, HSQL Database Engine Driver], schema=null, metaData=org.apache.commons.dbcp.DelegatingDatabaseMetaData@24fcd6bb, edges=[]) - start
192664 [main] DEBUG org.dbunit.database.search.AbstractMetaDataBasedSearchCallback  - Getting edges for node NESTEDSCOPEDCONTENTCONDITIONS
192664 [main] TRACE org.dbunit.database.DatabaseConfig  - getProperty(name=http://www.dbunit.org/properties/metadataHandler) - start
192664 [main] TRACE org.dbunit.database.DefaultMetadataHandler  - tableExists(metaData=org.apache.commons.dbcp.DelegatingDatabaseMetaData@24fcd6bb, schemaName=null, tableName=NESTEDSCOPEDCONTENTCONDITIONS) - start
192665 [main] DEBUG org.dbunit.util.SQLHelper  - close(resultSet=org.apache.commons.dbcp.DelegatingResultSet@4fdc06a1) - start
192665 [main] DEBUG org.dbunit.util.SQLHelper  - close(resultSet=org.apache.commons.dbcp.DelegatingResultSet@2cb9e106) - start
192665 [main] DEBUG org.dbunit.util.search.DepthFirstSearch  - search:NESTEDSCOPEDCONTENTCONDITIONS
192665 [main] DEBUG org.dbunit.database.search.ExportedKeysSearchCallback  - searchNode(node=NESTEDSCOPEDCONTENTCONDITIONS) - start
192665 [main] DEBUG org.dbunit.util.search.DepthFirstSearch  - Pushing NESTEDSCOPEDCONTENTCONDITIONS
192665 [main] DEBUG org.dbunit.database.search.ExportedKeysSearchCallback  - getEdges(node=NESTEDSCOPEDCONTENTCONDITIONS) - start
192665 [main] DEBUG org.dbunit.database.search.AbstractMetaDataBasedSearchCallback  - getNodesFromExportedKeys(node=NESTEDSCOPEDCONTENTCONDITIONS) - start
192665 [main] DEBUG org.dbunit.database.search.AbstractMetaDataBasedSearchCallback  - getNodes(type=1, node=NESTEDSCOPEDCONTENTCONDITIONS) - start
192665 [main] DEBUG org.dbunit.database.DatabaseDataSourceConnection  - getConnection() - start
192665 [main] DEBUG org.dbunit.database.search.AbstractMetaDataBasedSearchCallback  - getNodes(type=1, node=NESTEDSCOPEDCONTENTCONDITIONS, conn=Transaction-aware proxy for target Connection [jdbc:hsqldb:mem:kontrollDS, UserName=sw, HSQL Database Engine Driver], schema=null, metaData=org.apache.commons.dbcp.DelegatingDatabaseMetaData@5f6467da, edges=[]) - start
192665 [main] DEBUG org.dbunit.database.search.AbstractMetaDataBasedSearchCallback  - Getting edges for node NESTEDSCOPEDCONTENTCONDITIONS
192665 [main] TRACE org.dbunit.database.DatabaseConfig  - getProperty(name=http://www.dbunit.org/properties/metadataHandler) - start
192665 [main] TRACE org.dbunit.database.DefaultMetadataHandler  - tableExists(metaData=org.apache.commons.dbcp.DelegatingDatabaseMetaData@5f6467da, schemaName=null, tableName=NESTEDSCOPEDCONTENTCONDITIONS) - start
192666 [main] DEBUG org.dbunit.util.SQLHelper  - close(resultSet=org.apache.commons.dbcp.DelegatingResultSet@9d55d00) - start
192667 [main] DEBUG org.dbunit.util.SQLHelper  - close(resultSet=org.apache.commons.dbcp.DelegatingResultSet@5839adde) - start
192667 [main] DEBUG org.dbunit.util.search.DepthFirstSearch  - Adding node NESTEDSCOPEDCONTENTCONDITIONS to the final result
192667 [main] DEBUG org.dbunit.database.search.TablesDependencyHelper  - getDirectDependentTables(connection=_databaseConfig=org.dbunit.database.DatabaseConfig[, _propertyMap={http://www.dbunit.org/properties/statementFactory=org.dbunit.database.statement.PreparedStatementFactory@626bc2b8, http://www.dbunit.org/features/caseSensitiveTableNames=false, http://www.dbunit.org/properties/fetchSize=100, http://www.dbunit.org/features/batchedStatements=false, http://www.dbunit.org/properties/metadataHandler=org.dbunit.database.DefaultMetadataHandler@3eeace42, http://www.dbunit.org/properties/datatypeFactory=org.dbunit.dataset.datatype.DefaultDataTypeFactory[_toleratedDeltaMap=org.dbunit.dataset.datatype.ToleratedDeltaMap@6452310a], http://www.dbunit.org/properties/escapePattern=null, http://www.dbunit.org/properties/batchSize=100, http://www.dbunit.org/features/qualifiedTableNames=false, http://www.dbunit.org/properties/tableType=[Ljava.lang.String;@5011bafa, http://www.dbunit.org/properties/resultSetTableFactory=org.dbunit.database.CachedResultSetTableFactory@10bcf083, http://www.dbunit.org/features/datatypeWarning=true}], _dataSet=AbstractDataSet[_orderedTableNameMap=null], tableName=NESTEDSCOPEDCONTENTCONDITIONS) - start
192667 [main] DEBUG org.dbunit.util.search.DepthFirstSearch  - search(nodesFrom=[NESTEDSCOPEDCONTENTCONDITIONS], callback=org.dbunit.database.search.ImportedKeysSearchCallback@62dfd8c8) - start
192667 [main] DEBUG org.dbunit.util.CollectionsHelper  - objectsToSet(objects=NESTEDSCOPEDCONTENTCONDITIONS) - start
192667 [main] DEBUG org.dbunit.util.search.DepthFirstSearch  - search(nodesFrom=[NESTEDSCOPEDCONTENTCONDITIONS], callback=org.dbunit.database.search.ImportedKeysSearchCallback@62dfd8c8) - start
192667 [main] DEBUG org.dbunit.util.search.DepthFirstSearch  - reverseSearch:NESTEDSCOPEDCONTENTCONDITIONS
192667 [main] DEBUG org.dbunit.database.search.ImportedKeysSearchCallback  - searchNode(node=NESTEDSCOPEDCONTENTCONDITIONS) - start
192667 [main] DEBUG org.dbunit.util.search.DepthFirstSearch  - Pushing (reverse) NESTEDSCOPEDCONTENTCONDITIONS
192667 [main] DEBUG org.dbunit.database.search.ImportedKeysSearchCallback  - getEdges(node=NESTEDSCOPEDCONTENTCONDITIONS) - start
192667 [main] DEBUG org.dbunit.database.search.AbstractMetaDataBasedSearchCallback  - getNodesFromImportedKeys(node=NESTEDSCOPEDCONTENTCONDITIONS) - start
192667 [main] DEBUG org.dbunit.database.search.AbstractMetaDataBasedSearchCallback  - getNodes(type=0, node=NESTEDSCOPEDCONTENTCONDITIONS) - start
192667 [main] DEBUG org.dbunit.database.DatabaseDataSourceConnection  - getConnection() - start
192667 [main] DEBUG org.dbunit.database.search.AbstractMetaDataBasedSearchCallback  - getNodes(type=0, node=NESTEDSCOPEDCONTENTCONDITIONS, conn=Transaction-aware proxy for target Connection [jdbc:hsqldb:mem:kontrollDS, UserName=sw, HSQL Database Engine Driver], schema=null, metaData=org.apache.commons.dbcp.DelegatingDatabaseMetaData@5611652e, edges=[]) - start
192667 [main] DEBUG org.dbunit.database.search.AbstractMetaDataBasedSearchCallback  - Getting edges for node NESTEDSCOPEDCONTENTCONDITIONS
192667 [main] TRACE org.dbunit.database.DatabaseConfig  - getProperty(name=http://www.dbunit.org/properties/metadataHandler) - start
192667 [main] TRACE org.dbunit.database.DefaultMetadataHandler  - tableExists(metaData=org.apache.commons.dbcp.DelegatingDatabaseMetaData@5611652e, schemaName=null, tableName=NESTEDSCOPEDCONTENTCONDITIONS) - start
192669 [main] DEBUG org.dbunit.util.SQLHelper  - close(resultSet=org.apache.commons.dbcp.DelegatingResultSet@7712e5aa) - start
192669 [main] DEBUG org.dbunit.util.QualifiedTableName  - getQualifiedNameIfEnabled(config=org.dbunit.database.DatabaseConfig[, _propertyMap={http://www.dbunit.org/properties/statementFactory=org.dbunit.database.statement.PreparedStatementFactory@626bc2b8, http://www.dbunit.org/features/caseSensitiveTableNames=false, http://www.dbunit.org/properties/fetchSize=100, http://www.dbunit.org/features/batchedStatements=false, http://www.dbunit.org/properties/metadataHandler=org.dbunit.database.DefaultMetadataHandler@3eeace42, http://www.dbunit.org/properties/datatypeFactory=org.dbunit.dataset.datatype.DefaultDataTypeFactory[_toleratedDeltaMap=org.dbunit.dataset.datatype.ToleratedDeltaMap@6452310a], http://www.dbunit.org/properties/escapePattern=null, http://www.dbunit.org/properties/batchSize=100, http://www.dbunit.org/features/qualifiedTableNames=false, http://www.dbunit.org/properties/tableType=[Ljava.lang.String;@5011bafa, http://www.dbunit.org/properties/resultSetTableFactory=org.dbunit.database.CachedResultSetTableFactory@10bcf083, http://www.dbunit.org/features/datatypeWarning=true}]) - start
192669 [main] TRACE org.dbunit.database.DatabaseConfig  - getFeature(name=http://www.dbunit.org/features/qualifiedTableNames) - start
192669 [main] TRACE org.dbunit.database.DatabaseConfig  - getProperty(name=http://www.dbunit.org/features/qualifiedTableNames) - start
192669 [main] DEBUG org.dbunit.util.QualifiedTableName  - Qualified table names feature is disabled. Returning plain table name
192669 [main] DEBUG org.dbunit.util.QualifiedTableName  - getQualifiedName(prefix=null, name=NESTEDSCOPEDCONTENTCONDITIONS, escapePattern=null) - start
192669 [main] DEBUG org.dbunit.util.QualifiedTableName  - getQualifiedNameIfEnabled(config=org.dbunit.database.DatabaseConfig[, _propertyMap={http://www.dbunit.org/properties/statementFactory=org.dbunit.database.statement.PreparedStatementFactory@626bc2b8, http://www.dbunit.org/features/caseSensitiveTableNames=false, http://www.dbunit.org/properties/fetchSize=100, http://www.dbunit.org/features/batchedStatements=false, http://www.dbunit.org/properties/metadataHandler=org.dbunit.database.DefaultMetadataHandler@3eeace42, http://www.dbunit.org/properties/datatypeFactory=org.dbunit.dataset.datatype.DefaultDataTypeFactory[_toleratedDeltaMap=org.dbunit.dataset.datatype.ToleratedDeltaMap@6452310a], http://www.dbunit.org/properties/escapePattern=null, http://www.dbunit.org/properties/batchSize=100, http://www.dbunit.org/features/qualifiedTableNames=false, http://www.dbunit.org/properties/tableType=[Ljava.lang.String;@5011bafa, http://www.dbunit.org/properties/resultSetTableFactory=org.dbunit.database.CachedResultSetTableFactory@10bcf083, http://www.dbunit.org/features/datatypeWarning=true}]) - start
192669 [main] TRACE org.dbunit.database.DatabaseConfig  - getFeature(name=http://www.dbunit.org/features/qualifiedTableNames) - start
192669 [main] TRACE org.dbunit.database.DatabaseConfig  - getProperty(name=http://www.dbunit.org/features/qualifiedTableNames) - start
192669 [main] DEBUG org.dbunit.util.QualifiedTableName  - Qualified table names feature is disabled. Returning plain table name
192669 [main] DEBUG org.dbunit.util.QualifiedTableName  - getQualifiedName(prefix=null, name=SCOPEDCONTENTCONDITION, escapePattern=null) - start
192669 [main] DEBUG org.dbunit.database.search.AbstractMetaDataBasedSearchCallback  - newEdge(rs=org.apache.commons.dbcp.DelegatingResultSet@c98602c, type=0, from=NESTEDSCOPEDCONTENTCONDITIONS, to=SCOPEDCONTENTCONDITION, fkColumn=CHILD_CONDITION_ID, pkColumn=ID) - start
192669 [main] DEBUG org.dbunit.database.search.AbstractMetaDataBasedSearchCallback  - createFKEdge(rs=org.apache.commons.dbcp.DelegatingResultSet@c98602c, type=0, from=NESTEDSCOPEDCONTENTCONDITIONS, to=SCOPEDCONTENTCONDITION, fkColumn=CHILD_CONDITION_ID, pkColumn=ID) - start
192669 [main] DEBUG org.dbunit.database.search.AbstractMetaDataBasedSearchCallback  - Adding edge NESTEDSCOPEDCONTENTCONDITIONS(CHILD_CONDITION_ID)->SCOPEDCONTENTCONDITION(ID)
192669 [main] DEBUG org.dbunit.util.search.Edge  - compareTo(o=NESTEDSCOPEDCONTENTCONDITIONS(CHILD_CONDITION_ID)->SCOPEDCONTENTCONDITION(ID)) - start
192669 [main] DEBUG org.dbunit.util.QualifiedTableName  - getQualifiedNameIfEnabled(config=org.dbunit.database.DatabaseConfig[, _propertyMap={http://www.dbunit.org/properties/statementFactory=org.dbunit.database.statement.PreparedStatementFactory@626bc2b8, http://www.dbunit.org/features/caseSensitiveTableNames=false, http://www.dbunit.org/properties/fetchSize=100, http://www.dbunit.org/features/batchedStatements=false, http://www.dbunit.org/properties/metadataHandler=org.dbunit.database.DefaultMetadataHandler@3eeace42, http://www.dbunit.org/properties/datatypeFactory=org.dbunit.dataset.datatype.DefaultDataTypeFactory[_toleratedDeltaMap=org.dbunit.dataset.datatype.ToleratedDeltaMap@6452310a], http://www.dbunit.org/properties/escapePattern=null, http://www.dbunit.org/properties/batchSize=100, http://www.dbunit.org/features/qualifiedTableNames=false, http://www.dbunit.org/properties/tableType=[Ljava.lang.String;@5011bafa, http://www.dbunit.org/properties/resultSetTableFactory=org.dbunit.database.CachedResultSetTableFactory@10bcf083, http://www.dbunit.org/features/datatypeWarning=true}]) - start
192669 [main] TRACE org.dbunit.database.DatabaseConfig  - getFeature(name=http://www.dbunit.org/features/qualifiedTableNames) - start
192670 [main] TRACE org.dbunit.database.DatabaseConfig  - getProperty(name=http://www.dbunit.org/features/qualifiedTableNames) - start
192670 [main] DEBUG org.dbunit.util.QualifiedTableName  - Qualified table names feature is disabled. Returning plain table name
192670 [main] DEBUG org.dbunit.util.QualifiedTableName  - getQualifiedName(prefix=null, name=NESTEDSCOPEDCONTENTCONDITIONS, escapePattern=null) - start
192670 [main] DEBUG org.dbunit.util.QualifiedTableName  - getQualifiedNameIfEnabled(config=org.dbunit.database.DatabaseConfig[, _propertyMap={http://www.dbunit.org/properties/statementFactory=org.dbunit.database.statement.PreparedStatementFactory@626bc2b8, http://www.dbunit.org/features/caseSensitiveTableNames=false, http://www.dbunit.org/properties/fetchSize=100, http://www.dbunit.org/features/batchedStatements=false, http://www.dbunit.org/properties/metadataHandler=org.dbunit.database.DefaultMetadataHandler@3eeace42, http://www.dbunit.org/properties/datatypeFactory=org.dbunit.dataset.datatype.DefaultDataTypeFactory[_toleratedDeltaMap=org.dbunit.dataset.datatype.ToleratedDeltaMap@6452310a], http://www.dbunit.org/properties/escapePattern=null, http://www.dbunit.org/properties/batchSize=100, http://www.dbunit.org/features/qualifiedTableNames=false, http://www.dbunit.org/properties/tableType=[Ljava.lang.String;@5011bafa, http://www.dbunit.org/properties/resultSetTableFactory=org.dbunit.database.CachedResultSetTableFactory@10bcf083, http://www.dbunit.org/features/datatypeWarning=true}]) - start
192670 [main] TRACE org.dbunit.database.DatabaseConfig  - getFeature(name=http://www.dbunit.org/features/qualifiedTableNames) - start
192670 [main] TRACE org.dbunit.database.DatabaseConfig  - getProperty(name=http://www.dbunit.org/features/qualifiedTableNames) - start
192670 [main] DEBUG org.dbunit.util.QualifiedTableName  - Qualified table names feature is disabled. Returning plain table name
192670 [main] DEBUG org.dbunit.util.QualifiedTableName  - getQualifiedName(prefix=null, name=SCOPEDCONTENTCONDITION, escapePattern=null) - start
192670 [main] DEBUG org.dbunit.database.search.AbstractMetaDataBasedSearchCallback  - newEdge(rs=org.apache.commons.dbcp.DelegatingResultSet@c98602c, type=0, from=NESTEDSCOPEDCONTENTCONDITIONS, to=SCOPEDCONTENTCONDITION, fkColumn=PARENT_CONDITION_ID, pkColumn=ID) - start
192670 [main] DEBUG org.dbunit.database.search.AbstractMetaDataBasedSearchCallback  - createFKEdge(rs=org.apache.commons.dbcp.DelegatingResultSet@c98602c, type=0, from=NESTEDSCOPEDCONTENTCONDITIONS, to=SCOPEDCONTENTCONDITION, fkColumn=PARENT_CONDITION_ID, pkColumn=ID) - start
192670 [main] DEBUG org.dbunit.database.search.AbstractMetaDataBasedSearchCallback  - Adding edge NESTEDSCOPEDCONTENTCONDITIONS(PARENT_CONDITION_ID)->SCOPEDCONTENTCONDITION(ID)
192670 [main] DEBUG org.dbunit.util.search.Edge  - compareTo(o=NESTEDSCOPEDCONTENTCONDITIONS(CHILD_CONDITION_ID)->SCOPEDCONTENTCONDITION(ID)) - start
192670 [main] DEBUG org.dbunit.util.SQLHelper  - close(resultSet=org.apache.commons.dbcp.DelegatingResultSet@c98602c) - start
192670 [main] DEBUG org.dbunit.util.search.DepthFirstSearch  - search:NESTEDSCOPEDCONTENTCONDITIONS
192670 [main] DEBUG org.dbunit.database.search.ImportedKeysSearchCallback  - searchNode(node=NESTEDSCOPEDCONTENTCONDITIONS) - start
192670 [main] DEBUG org.dbunit.util.search.DepthFirstSearch  - Pushing NESTEDSCOPEDCONTENTCONDITIONS
192670 [main] DEBUG org.dbunit.database.search.ImportedKeysSearchCallback  - getEdges(node=NESTEDSCOPEDCONTENTCONDITIONS) - start
192670 [main] DEBUG org.dbunit.database.search.AbstractMetaDataBasedSearchCallback  - getNodesFromImportedKeys(node=NESTEDSCOPEDCONTENTCONDITIONS) - start
192670 [main] DEBUG org.dbunit.database.search.AbstractMetaDataBasedSearchCallback  - getNodes(type=0, node=NESTEDSCOPEDCONTENTCONDITIONS) - start
192670 [main] DEBUG org.dbunit.database.DatabaseDataSourceConnection  - getConnection() - start
192670 [main] DEBUG org.dbunit.database.search.AbstractMetaDataBasedSearchCallback  - getNodes(type=0, node=NESTEDSCOPEDCONTENTCONDITIONS, conn=Transaction-aware proxy for target Connection [jdbc:hsqldb:mem:kontrollDS, UserName=sw, HSQL Database Engine Driver], schema=null, metaData=org.apache.commons.dbcp.DelegatingDatabaseMetaData@67d1ef29, edges=[]) - start
192670 [main] DEBUG org.dbunit.database.search.AbstractMetaDataBasedSearchCallback  - Getting edges for node NESTEDSCOPEDCONTENTCONDITIONS
192670 [main] TRACE org.dbunit.database.DatabaseConfig  - getProperty(name=http://www.dbunit.org/properties/metadataHandler) - start
192670 [main] TRACE org.dbunit.database.DefaultMetadataHandler  - tableExists(metaData=org.apache.commons.dbcp.DelegatingDatabaseMetaData@67d1ef29, schemaName=null, tableName=NESTEDSCOPEDCONTENTCONDITIONS) - start
192672 [main] DEBUG org.dbunit.util.SQLHelper  - close(resultSet=org.apache.commons.dbcp.DelegatingResultSet@56bf7048) - start
192672 [main] DEBUG org.dbunit.util.QualifiedTableName  - getQualifiedNameIfEnabled(config=org.dbunit.database.DatabaseConfig[, _propertyMap={http://www.dbunit.org/properties/statementFactory=org.dbunit.database.statement.PreparedStatementFactory@626bc2b8, http://www.dbunit.org/features/caseSensitiveTableNames=false, http://www.dbunit.org/properties/fetchSize=100, http://www.dbunit.org/features/batchedStatements=false, http://www.dbunit.org/properties/metadataHandler=org.dbunit.database.DefaultMetadataHandler@3eeace42, http://www.dbunit.org/properties/datatypeFactory=org.dbunit.dataset.datatype.DefaultDataTypeFactory[_toleratedDeltaMap=org.dbunit.dataset.datatype.ToleratedDeltaMap@6452310a], http://www.dbunit.org/properties/escapePattern=null, http://www.dbunit.org/properties/batchSize=100, http://www.dbunit.org/features/qualifiedTableNames=false, http://www.dbunit.org/properties/tableType=[Ljava.lang.String;@5011bafa, http://www.dbunit.org/properties/resultSetTableFactory=org.dbunit.database.CachedResultSetTableFactory@10bcf083, http://www.dbunit.org/features/datatypeWarning=true}]) - start
192672 [main] TRACE org.dbunit.database.DatabaseConfig  - getFeature(name=http://www.dbunit.org/features/qualifiedTableNames) - start
192672 [main] TRACE org.dbunit.database.DatabaseConfig  - getProperty(name=http://www.dbunit.org/features/qualifiedTableNames) - start
192672 [main] DEBUG org.dbunit.util.QualifiedTableName  - Qualified table names feature is disabled. Returning plain table name
192672 [main] DEBUG org.dbunit.util.QualifiedTableName  - getQualifiedName(prefix=null, name=NESTEDSCOPEDCONTENTCONDITIONS, escapePattern=null) - start
192672 [main] DEBUG org.dbunit.util.QualifiedTableName  - getQualifiedNameIfEnabled(config=org.dbunit.database.DatabaseConfig[, _propertyMap={http://www.dbunit.org/properties/statementFactory=org.dbunit.database.statement.PreparedStatementFactory@626bc2b8, http://www.dbunit.org/features/caseSensitiveTableNames=false, http://www.dbunit.org/properties/fetchSize=100, http://www.dbunit.org/features/batchedStatements=false, http://www.dbunit.org/properties/metadataHandler=org.dbunit.database.DefaultMetadataHandler@3eeace42, http://www.dbunit.org/properties/datatypeFactory=org.dbunit.dataset.datatype.DefaultDataTypeFactory[_toleratedDeltaMap=org.dbunit.dataset.datatype.ToleratedDeltaMap@6452310a], http://www.dbunit.org/properties/escapePattern=null, http://www.dbunit.org/properties/batchSize=100, http://www.dbunit.org/features/qualifiedTableNames=false, http://www.dbunit.org/properties/tableType=[Ljava.lang.String;@5011bafa, http://www.dbunit.org/properties/resultSetTableFactory=org.dbunit.database.CachedResultSetTableFactory@10bcf083, http://www.dbunit.org/features/datatypeWarning=true}]) - start
192672 [main] TRACE org.dbunit.database.DatabaseConfig  - getFeature(name=http://www.dbunit.org/features/qualifiedTableNames) - start
192672 [main] TRACE org.dbunit.database.DatabaseConfig  - getProperty(name=http://www.dbunit.org/features/qualifiedTableNames) - start
192672 [main] DEBUG org.dbunit.util.QualifiedTableName  - Qualified table names feature is disabled. Returning plain table name
192672 [main] DEBUG org.dbunit.util.QualifiedTableName  - getQualifiedName(prefix=null, name=SCOPEDCONTENTCONDITION, escapePattern=null) - start
192672 [main] DEBUG org.dbunit.database.search.AbstractMetaDataBasedSearchCallback  - newEdge(rs=org.apache.commons.dbcp.DelegatingResultSet@714221d2, type=0, from=NESTEDSCOPEDCONTENTCONDITIONS, to=SCOPEDCONTENTCONDITION, fkColumn=CHILD_CONDITION_ID, pkColumn=ID) - start
192673 [main] DEBUG org.dbunit.database.search.AbstractMetaDataBasedSearchCallback  - createFKEdge(rs=org.apache.commons.dbcp.DelegatingResultSet@714221d2, type=0, from=NESTEDSCOPEDCONTENTCONDITIONS, to=SCOPEDCONTENTCONDITION, fkColumn=CHILD_CONDITION_ID, pkColumn=ID) - start
192673 [main] DEBUG org.dbunit.database.search.AbstractMetaDataBasedSearchCallback  - Adding edge NESTEDSCOPEDCONTENTCONDITIONS(CHILD_CONDITION_ID)->SCOPEDCONTENTCONDITION(ID)
192673 [main] DEBUG org.dbunit.util.search.Edge  - compareTo(o=NESTEDSCOPEDCONTENTCONDITIONS(CHILD_CONDITION_ID)->SCOPEDCONTENTCONDITION(ID)) - start
192673 [main] DEBUG org.dbunit.util.QualifiedTableName  - getQualifiedNameIfEnabled(config=org.dbunit.database.DatabaseConfig[, _propertyMap={http://www.dbunit.org/properties/statementFactory=org.dbunit.database.statement.PreparedStatementFactory@626bc2b8, http://www.dbunit.org/features/caseSensitiveTableNames=false, http://www.dbunit.org/properties/fetchSize=100, http://www.dbunit.org/features/batchedStatements=false, http://www.dbunit.org/properties/metadataHandler=org.dbunit.database.DefaultMetadataHandler@3eeace42, http://www.dbunit.org/properties/datatypeFactory=org.dbunit.dataset.datatype.DefaultDataTypeFactory[_toleratedDeltaMap=org.dbunit.dataset.datatype.ToleratedDeltaMap@6452310a], http://www.dbunit.org/properties/escapePattern=null, http://www.dbunit.org/properties/batchSize=100, http://www.dbunit.org/features/qualifiedTableNames=false, http://www.dbunit.org/properties/tableType=[Ljava.lang.String;@5011bafa, http://www.dbunit.org/properties/resultSetTableFactory=org.dbunit.database.CachedResultSetTableFactory@10bcf083, http://www.dbunit.org/features/datatypeWarning=true}]) - start
192673 [main] TRACE org.dbunit.database.DatabaseConfig  - getFeature(name=http://www.dbunit.org/features/qualifiedTableNames) - start
192673 [main] TRACE org.dbunit.database.DatabaseConfig  - getProperty(name=http://www.dbunit.org/features/qualifiedTableNames) - start
192673 [main] DEBUG org.dbunit.util.QualifiedTableName  - Qualified table names feature is disabled. Returning plain table name
192673 [main] DEBUG org.dbunit.util.QualifiedTableName  - getQualifiedName(prefix=null, name=NESTEDSCOPEDCONTENTCONDITIONS, escapePattern=null) - start
192673 [main] DEBUG org.dbunit.util.QualifiedTableName  - getQualifiedNameIfEnabled(config=org.dbunit.database.DatabaseConfig[, _propertyMap={http://www.dbunit.org/properties/statementFactory=org.dbunit.database.statement.PreparedStatementFactory@626bc2b8, http://www.dbunit.org/features/caseSensitiveTableNames=false, http://www.dbunit.org/properties/fetchSize=100, http://www.dbunit.org/features/batchedStatements=false, http://www.dbunit.org/properties/metadataHandler=org.dbunit.database.DefaultMetadataHandler@3eeace42, http://www.dbunit.org/properties/datatypeFactory=org.dbunit.dataset.datatype.DefaultDataTypeFactory[_toleratedDeltaMap=org.dbunit.dataset.datatype.ToleratedDeltaMap@6452310a], http://www.dbunit.org/properties/escapePattern=null, http://www.dbunit.org/properties/batchSize=100, http://www.dbunit.org/features/qualifiedTableNames=false, http://www.dbunit.org/properties/tableType=[Ljava.lang.String;@5011bafa, http://www.dbunit.org/properties/resultSetTableFactory=org.dbunit.database.CachedResultSetTableFactory@10bcf083, http://www.dbunit.org/features/datatypeWarning=true}]) - start
192673 [main] TRACE org.dbunit.database.DatabaseConfig  - getFeature(name=http://www.dbunit.org/features/qualifiedTableNames) - start
192673 [main] TRACE org.dbunit.database.DatabaseConfig  - getProperty(name=http://www.dbunit.org/features/qualifiedTableNames) - start
192673 [main] DEBUG org.dbunit.util.QualifiedTableName  - Qualified table names feature is disabled. Returning plain table name
192673 [main] DEBUG org.dbunit.util.QualifiedTableName  - getQualifiedName(prefix=null, name=SCOPEDCONTENTCONDITION, escapePattern=null) - start
192673 [main] DEBUG org.dbunit.database.search.AbstractMetaDataBasedSearchCallback  - newEdge(rs=org.apache.commons.dbcp.DelegatingResultSet@714221d2, type=0, from=NESTEDSCOPEDCONTENTCONDITIONS, to=SCOPEDCONTENTCONDITION, fkColumn=PARENT_CONDITION_ID, pkColumn=ID) - start
192673 [main] DEBUG org.dbunit.database.search.AbstractMetaDataBasedSearchCallback  - createFKEdge(rs=org.apache.commons.dbcp.DelegatingResultSet@714221d2, type=0, from=NESTEDSCOPEDCONTENTCONDITIONS, to=SCOPEDCONTENTCONDITION, fkColumn=PARENT_CONDITION_ID, pkColumn=ID) - start
192673 [main] DEBUG org.dbunit.database.search.AbstractMetaDataBasedSearchCallback  - Adding edge NESTEDSCOPEDCONTENTCONDITIONS(PARENT_CONDITION_ID)->SCOPEDCONTENTCONDITION(ID)
192673 [main] DEBUG org.dbunit.util.search.Edge  - compareTo(o=NESTEDSCOPEDCONTENTCONDITIONS(CHILD_CONDITION_ID)->SCOPEDCONTENTCONDITION(ID)) - start
192673 [main] DEBUG org.dbunit.util.SQLHelper  - close(resultSet=org.apache.commons.dbcp.DelegatingResultSet@714221d2) - start
192673 [main] DEBUG org.dbunit.util.search.DepthFirstSearch  - search:SCOPEDCONTENTCONDITION
192673 [main] DEBUG org.dbunit.database.search.ImportedKeysSearchCallback  - searchNode(node=SCOPEDCONTENTCONDITION) - start
192673 [main] DEBUG org.dbunit.util.search.DepthFirstSearch  - Pushing SCOPEDCONTENTCONDITION
192673 [main] DEBUG org.dbunit.database.search.ImportedKeysSearchCallback  - getEdges(node=SCOPEDCONTENTCONDITION) - start
192673 [main] DEBUG org.dbunit.database.search.AbstractMetaDataBasedSearchCallback  - getNodesFromImportedKeys(node=SCOPEDCONTENTCONDITION) - start
192674 [main] DEBUG org.dbunit.database.search.AbstractMetaDataBasedSearchCallback  - getNodes(type=0, node=SCOPEDCONTENTCONDITION) - start
192674 [main] DEBUG org.dbunit.database.DatabaseDataSourceConnection  - getConnection() - start
192674 [main] DEBUG org.dbunit.database.search.AbstractMetaDataBasedSearchCallback  - getNodes(type=0, node=SCOPEDCONTENTCONDITION, conn=Transaction-aware proxy for target Connection [jdbc:hsqldb:mem:kontrollDS, UserName=sw, HSQL Database Engine Driver], schema=null, metaData=org.apache.commons.dbcp.DelegatingDatabaseMetaData@2cba9c15, edges=[]) - start
192674 [main] DEBUG org.dbunit.database.search.AbstractMetaDataBasedSearchCallback  - Getting edges for node SCOPEDCONTENTCONDITION
192674 [main] TRACE org.dbunit.database.DatabaseConfig  - getProperty(name=http://www.dbunit.org/properties/metadataHandler) - start
192674 [main] TRACE org.dbunit.database.DefaultMetadataHandler  - tableExists(metaData=org.apache.commons.dbcp.DelegatingDatabaseMetaData@2cba9c15, schemaName=null, tableName=SCOPEDCONTENTCONDITION) - start
192675 [main] DEBUG org.dbunit.util.SQLHelper  - close(resultSet=org.apache.commons.dbcp.DelegatingResultSet@3279e1dd) - start
192675 [main] DEBUG org.dbunit.util.SQLHelper  - close(resultSet=org.apache.commons.dbcp.DelegatingResultSet@474b6a4c) - start
192675 [main] DEBUG org.dbunit.util.search.DepthFirstSearch  - Adding node SCOPEDCONTENTCONDITION to the final result
192675 [main] DEBUG org.dbunit.util.search.DepthFirstSearch  - Adding node NESTEDSCOPEDCONTENTCONDITIONS to the final result
192675 [main] DEBUG org.dbunit.util.search.DepthFirstSearch  - reverseSearch:NESTEDSCOPEDCONTENTCONDITIONS
192675 [main] DEBUG org.dbunit.util.search.DepthFirstSearch  - already searched; returning true
192675 [main] DEBUG org.dbunit.util.search.DepthFirstSearch  - reverseSearch:SCOPEDCONTENTCONDITION
192675 [main] DEBUG org.dbunit.database.search.ImportedKeysSearchCallback  - searchNode(node=SCOPEDCONTENTCONDITION) - start
192675 [main] DEBUG org.dbunit.util.search.DepthFirstSearch  - Pushing (reverse) SCOPEDCONTENTCONDITION
192675 [main] DEBUG org.dbunit.database.search.ImportedKeysSearchCallback  - getEdges(node=SCOPEDCONTENTCONDITION) - start
192675 [main] DEBUG org.dbunit.database.search.AbstractMetaDataBasedSearchCallback  - getNodesFromImportedKeys(node=SCOPEDCONTENTCONDITION) - start
192675 [main] DEBUG org.dbunit.database.search.AbstractMetaDataBasedSearchCallback  - getNodes(type=0, node=SCOPEDCONTENTCONDITION) - start
192675 [main] DEBUG org.dbunit.database.DatabaseDataSourceConnection  - getConnection() - start
192676 [main] DEBUG org.dbunit.database.search.AbstractMetaDataBasedSearchCallback  - getNodes(type=0, node=SCOPEDCONTENTCONDITION, conn=Transaction-aware proxy for target Connection [jdbc:hsqldb:mem:kontrollDS, UserName=sw, HSQL Database Engine Driver], schema=null, metaData=org.apache.commons.dbcp.DelegatingDatabaseMetaData@282fc825, edges=[]) - start
192676 [main] DEBUG org.dbunit.database.search.AbstractMetaDataBasedSearchCallback  - Getting edges for node SCOPEDCONTENTCONDITION
192676 [main] TRACE org.dbunit.database.DatabaseConfig  - getProperty(name=http://www.dbunit.org/properties/metadataHandler) - start
192676 [main] TRACE org.dbunit.database.DefaultMetadataHandler  - tableExists(metaData=org.apache.commons.dbcp.DelegatingDatabaseMetaData@282fc825, schemaName=null, tableName=SCOPEDCONTENTCONDITION) - start
192677 [main] DEBUG org.dbunit.util.SQLHelper  - close(resultSet=org.apache.commons.dbcp.DelegatingResultSet@4c8b083d) - start
192677 [main] DEBUG org.dbunit.util.SQLHelper  - close(resultSet=org.apache.commons.dbcp.DelegatingResultSet@4bd01025) - start
192677 [main] DEBUG org.dbunit.util.search.DepthFirstSearch  - search:NESTEDSCOPEDCONTENTCONDITIONS
192677 [main] DEBUG org.dbunit.util.search.DepthFirstSearch  - already searched; returning true
192677 [main] DEBUG org.dbunit.util.search.DepthFirstSearch  - search:SCOPEDCONTENTCONDITION
192677 [main] DEBUG org.dbunit.util.search.DepthFirstSearch  - already searched; returning true
192677 [main] DEBUG org.dbunit.database.DatabaseSequenceFilter  - getDependencyInfo(connection=_databaseConfig=org.dbunit.database.DatabaseConfig[, _propertyMap={http://www.dbunit.org/properties/statementFactory=org.dbunit.database.statement.PreparedStatementFactory@626bc2b8, http://www.dbunit.org/features/caseSensitiveTableNames=false, http://www.dbunit.org/properties/fetchSize=100, http://www.dbunit.org/features/batchedStatements=false, http://www.dbunit.org/properties/metadataHandler=org.dbunit.database.DefaultMetadataHandler@3eeace42, http://www.dbunit.org/properties/datatypeFactory=org.dbunit.dataset.datatype.DefaultDataTypeFactory[_toleratedDeltaMap=org.dbunit.dataset.datatype.ToleratedDeltaMap@6452310a], http://www.dbunit.org/properties/escapePattern=null, http://www.dbunit.org/properties/batchSize=100, http://www.dbunit.org/features/qualifiedTableNames=false, http://www.dbunit.org/properties/tableType=[Ljava.lang.String;@5011bafa, http://www.dbunit.org/properties/resultSetTableFactory=org.dbunit.database.CachedResultSetTableFactory@10bcf083, http://www.dbunit.org/features/datatypeWarning=true}], _dataSet=AbstractDataSet[_orderedTableNameMap=null], tableName=REQUESTCONTEXT) - start
192677 [main] DEBUG org.dbunit.database.search.TablesDependencyHelper  - getDependentTables(connection=_databaseConfig=org.dbunit.database.DatabaseConfig[, _propertyMap={http://www.dbunit.org/properties/statementFactory=org.dbunit.database.statement.PreparedStatementFactory@626bc2b8, http://www.dbunit.org/features/caseSensitiveTableNames=false, http://www.dbunit.org/properties/fetchSize=100, http://www.dbunit.org/features/batchedStatements=false, http://www.dbunit.org/properties/metadataHandler=org.dbunit.database.DefaultMetadataHandler@3eeace42, http://www.dbunit.org/properties/datatypeFactory=org.dbunit.dataset.datatype.DefaultDataTypeFactory[_toleratedDeltaMap=org.dbunit.dataset.datatype.ToleratedDeltaMap@6452310a], http://www.dbunit.org/properties/escapePattern=null, http://www.dbunit.org/properties/batchSize=100, http://www.dbunit.org/features/qualifiedTableNames=false, http://www.dbunit.org/properties/tableType=[Ljava.lang.String;@5011bafa, http://www.dbunit.org/properties/resultSetTableFactory=org.dbunit.database.CachedResultSetTableFactory@10bcf083, http://www.dbunit.org/features/datatypeWarning=true}], _dataSet=AbstractDataSet[_orderedTableNameMap=null], rootTable=REQUESTCONTEXT) - start
192677 [main] DEBUG org.dbunit.database.search.TablesDependencyHelper  - getDependentTables(connection=_databaseConfig=org.dbunit.database.DatabaseConfig[, _propertyMap={http://www.dbunit.org/properties/statementFactory=org.dbunit.database.statement.PreparedStatementFactory@626bc2b8, http://www.dbunit.org/features/caseSensitiveTableNames=false, http://www.dbunit.org/properties/fetchSize=100, http://www.dbunit.org/features/batchedStatements=false, http://www.dbunit.org/properties/metadataHandler=org.dbunit.database.DefaultMetadataHandler@3eeace42, http://www.dbunit.org/properties/datatypeFactory=org.dbunit.dataset.datatype.DefaultDataTypeFactory[_toleratedDeltaMap=org.dbunit.dataset.datatype.ToleratedDeltaMap@6452310a], http://www.dbunit.org/properties/escapePattern=null, http://www.dbunit.org/properties/batchSize=100, http://www.dbunit.org/features/qualifiedTableNames=false, http://www.dbunit.org/properties/tableType=[Ljava.lang.String;@5011bafa, http://www.dbunit.org/properties/resultSetTableFactory=org.dbunit.database.CachedResultSetTableFactory@10bcf083, http://www.dbunit.org/features/datatypeWarning=true}], _dataSet=AbstractDataSet[_orderedTableNameMap=null], rootTables=[REQUESTCONTEXT]) - start
192678 [main] DEBUG org.dbunit.util.search.DepthFirstSearch  - search(nodesFrom=[REQUESTCONTEXT], callback=org.dbunit.database.search.ImportedKeysSearchCallback@5b6e799d) - start
192678 [main] DEBUG org.dbunit.util.CollectionsHelper  - objectsToSet(objects=REQUESTCONTEXT) - start
192678 [main] DEBUG org.dbunit.util.search.DepthFirstSearch  - search(nodesFrom=[REQUESTCONTEXT], callback=org.dbunit.database.search.ImportedKeysSearchCallback@5b6e799d) - start
192678 [main] DEBUG org.dbunit.util.search.DepthFirstSearch  - reverseSearch:REQUESTCONTEXT
192678 [main] DEBUG org.dbunit.database.search.ImportedKeysSearchCallback  - searchNode(node=REQUESTCONTEXT) - start
192678 [main] DEBUG org.dbunit.util.search.DepthFirstSearch  - Pushing (reverse) REQUESTCONTEXT
192678 [main] DEBUG org.dbunit.database.search.ImportedKeysSearchCallback  - getEdges(node=REQUESTCONTEXT) - start
192678 [main] DEBUG org.dbunit.database.search.AbstractMetaDataBasedSearchCallback  - getNodesFromImportedKeys(node=REQUESTCONTEXT) - start
192678 [main] DEBUG org.dbunit.database.search.AbstractMetaDataBasedSearchCallback  - getNodes(type=0, node=REQUESTCONTEXT) - start
192678 [main] DEBUG org.dbunit.database.DatabaseDataSourceConnection  - getConnection() - start
192678 [main] DEBUG org.dbunit.database.search.AbstractMetaDataBasedSearchCallback  - getNodes(type=0, node=REQUESTCONTEXT, conn=Transaction-aware proxy for target Connection [jdbc:hsqldb:mem:kontrollDS, UserName=sw, HSQL Database Engine Driver], schema=null, metaData=org.apache.commons.dbcp.DelegatingDatabaseMetaData@31f26150, edges=[]) - start
192678 [main] DEBUG org.dbunit.database.search.AbstractMetaDataBasedSearchCallback  - Getting edges for node REQUESTCONTEXT
192678 [main] TRACE org.dbunit.database.DatabaseConfig  - getProperty(name=http://www.dbunit.org/properties/metadataHandler) - start
192678 [main] TRACE org.dbunit.database.DefaultMetadataHandler  - tableExists(metaData=org.apache.commons.dbcp.DelegatingDatabaseMetaData@31f26150, schemaName=null, tableName=REQUESTCONTEXT) - start
192679 [main] DEBUG org.dbunit.util.SQLHelper  - close(resultSet=org.apache.commons.dbcp.DelegatingResultSet@4eaba0b4) - start
192680 [main] DEBUG org.dbunit.util.SQLHelper  - close(resultSet=org.apache.commons.dbcp.DelegatingResultSet@12cc30b5) - start
192680 [main] DEBUG org.dbunit.util.search.DepthFirstSearch  - search:REQUESTCONTEXT
192680 [main] DEBUG org.dbunit.database.search.ImportedKeysSearchCallback  - searchNode(node=REQUESTCONTEXT) - start
192680 [main] DEBUG org.dbunit.util.search.DepthFirstSearch  - Pushing REQUESTCONTEXT
192680 [main] DEBUG org.dbunit.database.search.ImportedKeysSearchCallback  - getEdges(node=REQUESTCONTEXT) - start
192680 [main] DEBUG org.dbunit.database.search.AbstractMetaDataBasedSearchCallback  - getNodesFromImportedKeys(node=REQUESTCONTEXT) - start
192680 [main] DEBUG org.dbunit.database.search.AbstractMetaDataBasedSearchCallback  - getNodes(type=0, node=REQUESTCONTEXT) - start
192680 [main] DEBUG org.dbunit.database.DatabaseDataSourceConnection  - getConnection() - start
192680 [main] DEBUG org.dbunit.database.search.AbstractMetaDataBasedSearchCallback  - getNodes(type=0, node=REQUESTCONTEXT, conn=Transaction-aware proxy for target Connection [jdbc:hsqldb:mem:kontrollDS, UserName=sw, HSQL Database Engine Driver], schema=null, metaData=org.apache.commons.dbcp.DelegatingDatabaseMetaData@1b91c4b7, edges=[]) - start
192680 [main] DEBUG org.dbunit.database.search.AbstractMetaDataBasedSearchCallback  - Getting edges for node REQUESTCONTEXT
192680 [main] TRACE org.dbunit.database.DatabaseConfig  - getProperty(name=http://www.dbunit.org/properties/metadataHandler) - start
192680 [main] TRACE org.dbunit.database.DefaultMetadataHandler  - tableExists(metaData=org.apache.commons.dbcp.DelegatingDatabaseMetaData@1b91c4b7, schemaName=null, tableName=REQUESTCONTEXT) - start
192682 [main] DEBUG org.dbunit.util.SQLHelper  - close(resultSet=org.apache.commons.dbcp.DelegatingResultSet@5f660344) - start
192682 [main] DEBUG org.dbunit.util.SQLHelper  - close(resultSet=org.apache.commons.dbcp.DelegatingResultSet@732ae5e7) - start
192682 [main] DEBUG org.dbunit.util.search.DepthFirstSearch  - Adding node REQUESTCONTEXT to the final result
192682 [main] DEBUG org.dbunit.util.CollectionsHelper  - setToStrings(set=[REQUESTCONTEXT]) - start
192682 [main] DEBUG org.dbunit.database.search.TablesDependencyHelper  - getDependsOnTables(connection=_databaseConfig=org.dbunit.database.DatabaseConfig[, _propertyMap={http://www.dbunit.org/properties/statementFactory=org.dbunit.database.statement.PreparedStatementFactory@626bc2b8, http://www.dbunit.org/features/caseSensitiveTableNames=false, http://www.dbunit.org/properties/fetchSize=100, http://www.dbunit.org/features/batchedStatements=false, http://www.dbunit.org/properties/metadataHandler=org.dbunit.database.DefaultMetadataHandler@3eeace42, http://www.dbunit.org/properties/datatypeFactory=org.dbunit.dataset.datatype.DefaultDataTypeFactory[_toleratedDeltaMap=org.dbunit.dataset.datatype.ToleratedDeltaMap@6452310a], http://www.dbunit.org/properties/escapePattern=null, http://www.dbunit.org/properties/batchSize=100, http://www.dbunit.org/features/qualifiedTableNames=false, http://www.dbunit.org/properties/tableType=[Ljava.lang.String;@5011bafa, http://www.dbunit.org/properties/resultSetTableFactory=org.dbunit.database.CachedResultSetTableFactory@10bcf083, http://www.dbunit.org/features/datatypeWarning=true}], _dataSet=AbstractDataSet[_orderedTableNameMap=null], rootTable=REQUESTCONTEXT) - start
192682 [main] DEBUG org.dbunit.util.search.DepthFirstSearch  - search(nodesFrom=[REQUESTCONTEXT], callback=org.dbunit.database.search.ExportedKeysSearchCallback@51b8e1f4) - start
192682 [main] DEBUG org.dbunit.util.CollectionsHelper  - objectsToSet(objects=REQUESTCONTEXT) - start
192682 [main] DEBUG org.dbunit.util.search.DepthFirstSearch  - search(nodesFrom=[REQUESTCONTEXT], callback=org.dbunit.database.search.ExportedKeysSearchCallback@51b8e1f4) - start
192682 [main] DEBUG org.dbunit.util.search.DepthFirstSearch  - reverseSearch:REQUESTCONTEXT
192682 [main] DEBUG org.dbunit.database.search.ExportedKeysSearchCallback  - searchNode(node=REQUESTCONTEXT) - start
192682 [main] DEBUG org.dbunit.util.search.DepthFirstSearch  - Pushing (reverse) REQUESTCONTEXT
192682 [main] DEBUG org.dbunit.database.search.ExportedKeysSearchCallback  - getEdges(node=REQUESTCONTEXT) - start
192682 [main] DEBUG org.dbunit.database.search.AbstractMetaDataBasedSearchCallback  - getNodesFromExportedKeys(node=REQUESTCONTEXT) - start
192683 [main] DEBUG org.dbunit.database.search.AbstractMetaDataBasedSearchCallback  - getNodes(type=1, node=REQUESTCONTEXT) - start
192683 [main] DEBUG org.dbunit.database.DatabaseDataSourceConnection  - getConnection() - start
192683 [main] DEBUG org.dbunit.database.search.AbstractMetaDataBasedSearchCallback  - getNodes(type=1, node=REQUESTCONTEXT, conn=Transaction-aware proxy for target Connection [jdbc:hsqldb:mem:kontrollDS, UserName=sw, HSQL Database Engine Driver], schema=null, metaData=org.apache.commons.dbcp.DelegatingDatabaseMetaData@40fa8416, edges=[]) - start
192683 [main] DEBUG org.dbunit.database.search.AbstractMetaDataBasedSearchCallback  - Getting edges for node REQUESTCONTEXT
192683 [main] TRACE org.dbunit.database.DatabaseConfig  - getProperty(name=http://www.dbunit.org/properties/metadataHandler) - start
192683 [main] TRACE org.dbunit.database.DefaultMetadataHandler  - tableExists(metaData=org.apache.commons.dbcp.DelegatingDatabaseMetaData@40fa8416, schemaName=null, tableName=REQUESTCONTEXT) - start
192684 [main] DEBUG org.dbunit.util.SQLHelper  - close(resultSet=org.apache.commons.dbcp.DelegatingResultSet@40b365f9) - start
192684 [main] DEBUG org.dbunit.util.QualifiedTableName  - getQualifiedNameIfEnabled(config=org.dbunit.database.DatabaseConfig[, _propertyMap={http://www.dbunit.org/properties/statementFactory=org.dbunit.database.statement.PreparedStatementFactory@626bc2b8, http://www.dbunit.org/features/caseSensitiveTableNames=false, http://www.dbunit.org/properties/fetchSize=100, http://www.dbunit.org/features/batchedStatements=false, http://www.dbunit.org/properties/metadataHandler=org.dbunit.database.DefaultMetadataHandler@3eeace42, http://www.dbunit.org/properties/datatypeFactory=org.dbunit.dataset.datatype.DefaultDataTypeFactory[_toleratedDeltaMap=org.dbunit.dataset.datatype.ToleratedDeltaMap@6452310a], http://www.dbunit.org/properties/escapePattern=null, http://www.dbunit.org/properties/batchSize=100, http://www.dbunit.org/features/qualifiedTableNames=false, http://www.dbunit.org/properties/tableType=[Ljava.lang.String;@5011bafa, http://www.dbunit.org/properties/resultSetTableFactory=org.dbunit.database.CachedResultSetTableFactory@10bcf083, http://www.dbunit.org/features/datatypeWarning=true}]) - start
192684 [main] TRACE org.dbunit.database.DatabaseConfig  - getFeature(name=http://www.dbunit.org/features/qualifiedTableNames) - start
192684 [main] TRACE org.dbunit.database.DatabaseConfig  - getProperty(name=http://www.dbunit.org/features/qualifiedTableNames) - start
192684 [main] DEBUG org.dbunit.util.QualifiedTableName  - Qualified table names feature is disabled. Returning plain table name
192684 [main] DEBUG org.dbunit.util.QualifiedTableName  - getQualifiedName(prefix=null, name=REQUESTCONTEXT, escapePattern=null) - start
192684 [main] DEBUG org.dbunit.util.QualifiedTableName  - getQualifiedNameIfEnabled(config=org.dbunit.database.DatabaseConfig[, _propertyMap={http://www.dbunit.org/properties/statementFactory=org.dbunit.database.statement.PreparedStatementFactory@626bc2b8, http://www.dbunit.org/features/caseSensitiveTableNames=false, http://www.dbunit.org/properties/fetchSize=100, http://www.dbunit.org/features/batchedStatements=false, http://www.dbunit.org/properties/metadataHandler=org.dbunit.database.DefaultMetadataHandler@3eeace42, http://www.dbunit.org/properties/datatypeFactory=org.dbunit.dataset.datatype.DefaultDataTypeFactory[_toleratedDeltaMap=org.dbunit.dataset.datatype.ToleratedDeltaMap@6452310a], http://www.dbunit.org/properties/escapePattern=null, http://www.dbunit.org/properties/batchSize=100, http://www.dbunit.org/features/qualifiedTableNames=false, http://www.dbunit.org/properties/tableType=[Ljava.lang.String;@5011bafa, http://www.dbunit.org/properties/resultSetTableFactory=org.dbunit.database.CachedResultSetTableFactory@10bcf083, http://www.dbunit.org/features/datatypeWarning=true}]) - start
192684 [main] TRACE org.dbunit.database.DatabaseConfig  - getFeature(name=http://www.dbunit.org/features/qualifiedTableNames) - start
192684 [main] TRACE org.dbunit.database.DatabaseConfig  - getProperty(name=http://www.dbunit.org/features/qualifiedTableNames) - start
192684 [main] DEBUG org.dbunit.util.QualifiedTableName  - Qualified table names feature is disabled. Returning plain table name
192684 [main] DEBUG org.dbunit.util.QualifiedTableName  - getQualifiedName(prefix=null, name=SCOPE_REQUESTCONTEXT, escapePattern=null) - start
192685 [main] DEBUG org.dbunit.database.search.AbstractMetaDataBasedSearchCallback  - newEdge(rs=org.apache.commons.dbcp.DelegatingResultSet@64a61fe1, type=1, from=REQUESTCONTEXT, to=SCOPE_REQUESTCONTEXT, fkColumn=REQUEST_CONTEXT_ID, pkColumn=ID) - start
192685 [main] DEBUG org.dbunit.database.search.AbstractMetaDataBasedSearchCallback  - createFKEdge(rs=org.apache.commons.dbcp.DelegatingResultSet@64a61fe1, type=1, from=REQUESTCONTEXT, to=SCOPE_REQUESTCONTEXT, fkColumn=REQUEST_CONTEXT_ID, pkColumn=ID) - start
192685 [main] DEBUG org.dbunit.database.search.AbstractMetaDataBasedSearchCallback  - Adding edge SCOPE_REQUESTCONTEXT(REQUEST_CONTEXT_ID)->REQUESTCONTEXT(ID)
192685 [main] DEBUG org.dbunit.util.search.Edge  - compareTo(o=SCOPE_REQUESTCONTEXT(REQUEST_CONTEXT_ID)->REQUESTCONTEXT(ID)) - start
192685 [main] DEBUG org.dbunit.util.SQLHelper  - close(resultSet=org.apache.commons.dbcp.DelegatingResultSet@64a61fe1) - start
192685 [main] DEBUG org.dbunit.util.search.DepthFirstSearch  - reverseSearch:SCOPE_REQUESTCONTEXT
192685 [main] DEBUG org.dbunit.database.search.ExportedKeysSearchCallback  - searchNode(node=SCOPE_REQUESTCONTEXT) - start
192685 [main] DEBUG org.dbunit.util.search.DepthFirstSearch  - Pushing (reverse) SCOPE_REQUESTCONTEXT
192685 [main] DEBUG org.dbunit.database.search.ExportedKeysSearchCallback  - getEdges(node=SCOPE_REQUESTCONTEXT) - start
192685 [main] DEBUG org.dbunit.database.search.AbstractMetaDataBasedSearchCallback  - getNodesFromExportedKeys(node=SCOPE_REQUESTCONTEXT) - start
192685 [main] DEBUG org.dbunit.database.search.AbstractMetaDataBasedSearchCallback  - getNodes(type=1, node=SCOPE_REQUESTCONTEXT) - start
192685 [main] DEBUG org.dbunit.database.DatabaseDataSourceConnection  - getConnection() - start
192685 [main] DEBUG org.dbunit.database.search.AbstractMetaDataBasedSearchCallback  - getNodes(type=1, node=SCOPE_REQUESTCONTEXT, conn=Transaction-aware proxy for target Connection [jdbc:hsqldb:mem:kontrollDS, UserName=sw, HSQL Database Engine Driver], schema=null, metaData=org.apache.commons.dbcp.DelegatingDatabaseMetaData@56772066, edges=[]) - start
192685 [main] DEBUG org.dbunit.database.search.AbstractMetaDataBasedSearchCallback  - Getting edges for node SCOPE_REQUESTCONTEXT
192685 [main] TRACE org.dbunit.database.DatabaseConfig  - getProperty(name=http://www.dbunit.org/properties/metadataHandler) - start
192685 [main] TRACE org.dbunit.database.DefaultMetadataHandler  - tableExists(metaData=org.apache.commons.dbcp.DelegatingDatabaseMetaData@56772066, schemaName=null, tableName=SCOPE_REQUESTCONTEXT) - start
192686 [main] DEBUG org.dbunit.util.SQLHelper  - close(resultSet=org.apache.commons.dbcp.DelegatingResultSet@6420370d) - start
192687 [main] DEBUG org.dbunit.util.SQLHelper  - close(resultSet=org.apache.commons.dbcp.DelegatingResultSet@70d66015) - start
192687 [main] DEBUG org.dbunit.util.search.DepthFirstSearch  - search:SCOPE_REQUESTCONTEXT
192687 [main] DEBUG org.dbunit.database.search.ExportedKeysSearchCallback  - searchNode(node=SCOPE_REQUESTCONTEXT) - start
192687 [main] DEBUG org.dbunit.util.search.DepthFirstSearch  - Pushing SCOPE_REQUESTCONTEXT
192687 [main] DEBUG org.dbunit.database.search.ExportedKeysSearchCallback  - getEdges(node=SCOPE_REQUESTCONTEXT) - start
192687 [main] DEBUG org.dbunit.database.search.AbstractMetaDataBasedSearchCallback  - getNodesFromExportedKeys(node=SCOPE_REQUESTCONTEXT) - start
192690 [main] DEBUG org.dbunit.database.search.AbstractMetaDataBasedSearchCallback  - getNodes(type=1, node=SCOPE_REQUESTCONTEXT) - start
192690 [main] DEBUG org.dbunit.database.DatabaseDataSourceConnection  - getConnection() - start
192690 [main] DEBUG org.dbunit.database.search.AbstractMetaDataBasedSearchCallback  - getNodes(type=1, node=SCOPE_REQUESTCONTEXT, conn=Transaction-aware proxy for target Connection [jdbc:hsqldb:mem:kontrollDS, UserName=sw, HSQL Database Engine Driver], schema=null, metaData=org.apache.commons.dbcp.DelegatingDatabaseMetaData@a3e3c93, edges=[]) - start
192690 [main] DEBUG org.dbunit.database.search.AbstractMetaDataBasedSearchCallback  - Getting edges for node SCOPE_REQUESTCONTEXT
192690 [main] TRACE org.dbunit.database.DatabaseConfig  - getProperty(name=http://www.dbunit.org/properties/metadataHandler) - start
192690 [main] TRACE org.dbunit.database.DefaultMetadataHandler  - tableExists(metaData=org.apache.commons.dbcp.DelegatingDatabaseMetaData@a3e3c93, schemaName=null, tableName=SCOPE_REQUESTCONTEXT) - start
192691 [main] DEBUG org.dbunit.util.SQLHelper  - close(resultSet=org.apache.commons.dbcp.DelegatingResultSet@128b40ba) - start
192692 [main] DEBUG org.dbunit.util.SQLHelper  - close(resultSet=org.apache.commons.dbcp.DelegatingResultSet@3fae848b) - start
192692 [main] DEBUG org.dbunit.util.search.DepthFirstSearch  - Adding node SCOPE_REQUESTCONTEXT to the final result
192692 [main] DEBUG org.dbunit.util.search.DepthFirstSearch  - search:REQUESTCONTEXT
192692 [main] DEBUG org.dbunit.database.search.ExportedKeysSearchCallback  - searchNode(node=REQUESTCONTEXT) - start
192692 [main] DEBUG org.dbunit.util.search.DepthFirstSearch  - Pushing REQUESTCONTEXT
192692 [main] DEBUG org.dbunit.database.search.ExportedKeysSearchCallback  - getEdges(node=REQUESTCONTEXT) - start
192692 [main] DEBUG org.dbunit.database.search.AbstractMetaDataBasedSearchCallback  - getNodesFromExportedKeys(node=REQUESTCONTEXT) - start
192692 [main] DEBUG org.dbunit.database.search.AbstractMetaDataBasedSearchCallback  - getNodes(type=1, node=REQUESTCONTEXT) - start
192692 [main] DEBUG org.dbunit.database.DatabaseDataSourceConnection  - getConnection() - start
192692 [main] DEBUG org.dbunit.database.search.AbstractMetaDataBasedSearchCallback  - getNodes(type=1, node=REQUESTCONTEXT, conn=Transaction-aware proxy for target Connection [jdbc:hsqldb:mem:kontrollDS, UserName=sw, HSQL Database Engine Driver], schema=null, metaData=org.apache.commons.dbcp.DelegatingDatabaseMetaData@5a7fe256, edges=[]) - start
192692 [main] DEBUG org.dbunit.database.search.AbstractMetaDataBasedSearchCallback  - Getting edges for node REQUESTCONTEXT
192692 [main] TRACE org.dbunit.database.DatabaseConfig  - getProperty(name=http://www.dbunit.org/properties/metadataHandler) - start
192692 [main] TRACE org.dbunit.database.DefaultMetadataHandler  - tableExists(metaData=org.apache.commons.dbcp.DelegatingDatabaseMetaData@5a7fe256, schemaName=null, tableName=REQUESTCONTEXT) - start
192693 [main] DEBUG org.dbunit.util.SQLHelper  - close(resultSet=org.apache.commons.dbcp.DelegatingResultSet@4b7702bb) - start
192694 [main] DEBUG org.dbunit.util.QualifiedTableName  - getQualifiedNameIfEnabled(config=org.dbunit.database.DatabaseConfig[, _propertyMap={http://www.dbunit.org/properties/statementFactory=org.dbunit.database.statement.PreparedStatementFactory@626bc2b8, http://www.dbunit.org/features/caseSensitiveTableNames=false, http://www.dbunit.org/properties/fetchSize=100, http://www.dbunit.org/features/batchedStatements=false, http://www.dbunit.org/properties/metadataHandler=org.dbunit.database.DefaultMetadataHandler@3eeace42, http://www.dbunit.org/properties/datatypeFactory=org.dbunit.dataset.datatype.DefaultDataTypeFactory[_toleratedDeltaMap=org.dbunit.dataset.datatype.ToleratedDeltaMap@6452310a], http://www.dbunit.org/properties/escapePattern=null, http://www.dbunit.org/properties/batchSize=100, http://www.dbunit.org/features/qualifiedTableNames=false, http://www.dbunit.org/properties/tableType=[Ljava.lang.String;@5011bafa, http://www.dbunit.org/properties/resultSetTableFactory=org.dbunit.database.CachedResultSetTableFactory@10bcf083, http://www.dbunit.org/features/datatypeWarning=true}]) - start
192694 [main] TRACE org.dbunit.database.DatabaseConfig  - getFeature(name=http://www.dbunit.org/features/qualifiedTableNames) - start
192694 [main] TRACE org.dbunit.database.DatabaseConfig  - getProperty(name=http://www.dbunit.org/features/qualifiedTableNames) - start
192694 [main] DEBUG org.dbunit.util.QualifiedTableName  - Qualified table names feature is disabled. Returning plain table name
192694 [main] DEBUG org.dbunit.util.QualifiedTableName  - getQualifiedName(prefix=null, name=REQUESTCONTEXT, escapePattern=null) - start
192694 [main] DEBUG org.dbunit.util.QualifiedTableName  - getQualifiedNameIfEnabled(config=org.dbunit.database.DatabaseConfig[, _propertyMap={http://www.dbunit.org/properties/statementFactory=org.dbunit.database.statement.PreparedStatementFactory@626bc2b8, http://www.dbunit.org/features/caseSensitiveTableNames=false, http://www.dbunit.org/properties/fetchSize=100, http://www.dbunit.org/features/batchedStatements=false, http://www.dbunit.org/properties/metadataHandler=org.dbunit.database.DefaultMetadataHandler@3eeace42, http://www.dbunit.org/properties/datatypeFactory=org.dbunit.dataset.datatype.DefaultDataTypeFactory[_toleratedDeltaMap=org.dbunit.dataset.datatype.ToleratedDeltaMap@6452310a], http://www.dbunit.org/properties/escapePattern=null, http://www.dbunit.org/properties/batchSize=100, http://www.dbunit.org/features/qualifiedTableNames=false, http://www.dbunit.org/properties/tableType=[Ljava.lang.String;@5011bafa, http://www.dbunit.org/properties/resultSetTableFactory=org.dbunit.database.CachedResultSetTableFactory@10bcf083, http://www.dbunit.org/features/datatypeWarning=true}]) - start
192694 [main] TRACE org.dbunit.database.DatabaseConfig  - getFeature(name=http://www.dbunit.org/features/qualifiedTableNames) - start
192694 [main] TRACE org.dbunit.database.DatabaseConfig  - getProperty(name=http://www.dbunit.org/features/qualifiedTableNames) - start
192694 [main] DEBUG org.dbunit.util.QualifiedTableName  - Qualified table names feature is disabled. Returning plain table name
192695 [main] DEBUG org.dbunit.util.QualifiedTableName  - getQualifiedName(prefix=null, name=SCOPE_REQUESTCONTEXT, escapePattern=null) - start
192695 [main] DEBUG org.dbunit.database.search.AbstractMetaDataBasedSearchCallback  - newEdge(rs=org.apache.commons.dbcp.DelegatingResultSet@3e71e1b, type=1, from=REQUESTCONTEXT, to=SCOPE_REQUESTCONTEXT, fkColumn=REQUEST_CONTEXT_ID, pkColumn=ID) - start
192695 [main] DEBUG org.dbunit.database.search.AbstractMetaDataBasedSearchCallback  - createFKEdge(rs=org.apache.commons.dbcp.DelegatingResultSet@3e71e1b, type=1, from=REQUESTCONTEXT, to=SCOPE_REQUESTCONTEXT, fkColumn=REQUEST_CONTEXT_ID, pkColumn=ID) - start
192695 [main] DEBUG org.dbunit.database.search.AbstractMetaDataBasedSearchCallback  - Adding edge SCOPE_REQUESTCONTEXT(REQUEST_CONTEXT_ID)->REQUESTCONTEXT(ID)
192695 [main] DEBUG org.dbunit.util.search.Edge  - compareTo(o=SCOPE_REQUESTCONTEXT(REQUEST_CONTEXT_ID)->REQUESTCONTEXT(ID)) - start
192695 [main] DEBUG org.dbunit.util.SQLHelper  - close(resultSet=org.apache.commons.dbcp.DelegatingResultSet@3e71e1b) - start
192695 [main] DEBUG org.dbunit.util.search.DepthFirstSearch  - search:REQUESTCONTEXT
192695 [main] DEBUG org.dbunit.util.search.DepthFirstSearch  - already searched; returning true
192695 [main] DEBUG org.dbunit.util.search.DepthFirstSearch  - Adding node REQUESTCONTEXT to the final result
192695 [main] DEBUG org.dbunit.util.CollectionsHelper  - setToStrings(set=[SCOPE_REQUESTCONTEXT, REQUESTCONTEXT]) - start
192695 [main] DEBUG org.dbunit.database.search.TablesDependencyHelper  - getDirectDependsOnTables(connection=_databaseConfig=org.dbunit.database.DatabaseConfig[, _propertyMap={http://www.dbunit.org/properties/statementFactory=org.dbunit.database.statement.PreparedStatementFactory@626bc2b8, http://www.dbunit.org/features/caseSensitiveTableNames=false, http://www.dbunit.org/properties/fetchSize=100, http://www.dbunit.org/features/batchedStatements=false, http://www.dbunit.org/properties/metadataHandler=org.dbunit.database.DefaultMetadataHandler@3eeace42, http://www.dbunit.org/properties/datatypeFactory=org.dbunit.dataset.datatype.DefaultDataTypeFactory[_toleratedDeltaMap=org.dbunit.dataset.datatype.ToleratedDeltaMap@6452310a], http://www.dbunit.org/properties/escapePattern=null, http://www.dbunit.org/properties/batchSize=100, http://www.dbunit.org/features/qualifiedTableNames=false, http://www.dbunit.org/properties/tableType=[Ljava.lang.String;@5011bafa, http://www.dbunit.org/properties/resultSetTableFactory=org.dbunit.database.CachedResultSetTableFactory@10bcf083, http://www.dbunit.org/features/datatypeWarning=true}], _dataSet=AbstractDataSet[_orderedTableNameMap=null], tableName=REQUESTCONTEXT) - start
192696 [main] DEBUG org.dbunit.util.search.DepthFirstSearch  - search(nodesFrom=[REQUESTCONTEXT], callback=org.dbunit.database.search.ExportedKeysSearchCallback@647ae160) - start
192696 [main] DEBUG org.dbunit.util.CollectionsHelper  - objectsToSet(objects=REQUESTCONTEXT) - start
192696 [main] DEBUG org.dbunit.util.search.DepthFirstSearch  - search(nodesFrom=[REQUESTCONTEXT], callback=org.dbunit.database.search.ExportedKeysSearchCallback@647ae160) - start
192696 [main] DEBUG org.dbunit.util.search.DepthFirstSearch  - reverseSearch:REQUESTCONTEXT
192696 [main] DEBUG org.dbunit.database.search.ExportedKeysSearchCallback  - searchNode(node=REQUESTCONTEXT) - start
192696 [main] DEBUG org.dbunit.util.search.DepthFirstSearch  - Pushing (reverse) REQUESTCONTEXT
192696 [main] DEBUG org.dbunit.database.search.ExportedKeysSearchCallback  - getEdges(node=REQUESTCONTEXT) - start
192696 [main] DEBUG org.dbunit.database.search.AbstractMetaDataBasedSearchCallback  - getNodesFromExportedKeys(node=REQUESTCONTEXT) - start
192696 [main] DEBUG org.dbunit.database.search.AbstractMetaDataBasedSearchCallback  - getNodes(type=1, node=REQUESTCONTEXT) - start
192696 [main] DEBUG org.dbunit.database.DatabaseDataSourceConnection  - getConnection() - start
192696 [main] DEBUG org.dbunit.database.search.AbstractMetaDataBasedSearchCallback  - getNodes(type=1, node=REQUESTCONTEXT, conn=Transaction-aware proxy for target Connection [jdbc:hsqldb:mem:kontrollDS, UserName=sw, HSQL Database Engine Driver], schema=null, metaData=org.apache.commons.dbcp.DelegatingDatabaseMetaData@3f629929, edges=[]) - start
192696 [main] DEBUG org.dbunit.database.search.AbstractMetaDataBasedSearchCallback  - Getting edges for node REQUESTCONTEXT
192697 [main] TRACE org.dbunit.database.DatabaseConfig  - getProperty(name=http://www.dbunit.org/properties/metadataHandler) - start
192697 [main] TRACE org.dbunit.database.DefaultMetadataHandler  - tableExists(metaData=org.apache.commons.dbcp.DelegatingDatabaseMetaData@3f629929, schemaName=null, tableName=REQUESTCONTEXT) - start
192698 [main] DEBUG org.dbunit.util.SQLHelper  - close(resultSet=org.apache.commons.dbcp.DelegatingResultSet@2321e2c6) - start
192698 [main] DEBUG org.dbunit.util.QualifiedTableName  - getQualifiedNameIfEnabled(config=org.dbunit.database.DatabaseConfig[, _propertyMap={http://www.dbunit.org/properties/statementFactory=org.dbunit.database.statement.PreparedStatementFactory@626bc2b8, http://www.dbunit.org/features/caseSensitiveTableNames=false, http://www.dbunit.org/properties/fetchSize=100, http://www.dbunit.org/features/batchedStatements=false, http://www.dbunit.org/properties/metadataHandler=org.dbunit.database.DefaultMetadataHandler@3eeace42, http://www.dbunit.org/properties/datatypeFactory=org.dbunit.dataset.datatype.DefaultDataTypeFactory[_toleratedDeltaMap=org.dbunit.dataset.datatype.ToleratedDeltaMap@6452310a], http://www.dbunit.org/properties/escapePattern=null, http://www.dbunit.org/properties/batchSize=100, http://www.dbunit.org/features/qualifiedTableNames=false, http://www.dbunit.org/properties/tableType=[Ljava.lang.String;@5011bafa, http://www.dbunit.org/properties/resultSetTableFactory=org.dbunit.database.CachedResultSetTableFactory@10bcf083, http://www.dbunit.org/features/datatypeWarning=true}]) - start
192698 [main] TRACE org.dbunit.database.DatabaseConfig  - getFeature(name=http://www.dbunit.org/features/qualifiedTableNames) - start
192698 [main] TRACE org.dbunit.database.DatabaseConfig  - getProperty(name=http://www.dbunit.org/features/qualifiedTableNames) - start
192698 [main] DEBUG org.dbunit.util.QualifiedTableName  - Qualified table names feature is disabled. Returning plain table name
192698 [main] DEBUG org.dbunit.util.QualifiedTableName  - getQualifiedName(prefix=null, name=REQUESTCONTEXT, escapePattern=null) - start
192698 [main] DEBUG org.dbunit.util.QualifiedTableName  - getQualifiedNameIfEnabled(config=org.dbunit.database.DatabaseConfig[, _propertyMap={http://www.dbunit.org/properties/statementFactory=org.dbunit.database.statement.PreparedStatementFactory@626bc2b8, http://www.dbunit.org/features/caseSensitiveTableNames=false, http://www.dbunit.org/properties/fetchSize=100, http://www.dbunit.org/features/batchedStatements=false, http://www.dbunit.org/properties/metadataHandler=org.dbunit.database.DefaultMetadataHandler@3eeace42, http://www.dbunit.org/properties/datatypeFactory=org.dbunit.dataset.datatype.DefaultDataTypeFactory[_toleratedDeltaMap=org.dbunit.dataset.datatype.ToleratedDeltaMap@6452310a], http://www.dbunit.org/properties/escapePattern=null, http://www.dbunit.org/properties/batchSize=100, http://www.dbunit.org/features/qualifiedTableNames=false, http://www.dbunit.org/properties/tableType=[Ljava.lang.String;@5011bafa, http://www.dbunit.org/properties/resultSetTableFactory=org.dbunit.database.CachedResultSetTableFactory@10bcf083, http://www.dbunit.org/features/datatypeWarning=true}]) - start
192699 [main] TRACE org.dbunit.database.DatabaseConfig  - getFeature(name=http://www.dbunit.org/features/qualifiedTableNames) - start
192699 [main] TRACE org.dbunit.database.DatabaseConfig  - getProperty(name=http://www.dbunit.org/features/qualifiedTableNames) - start
192699 [main] DEBUG org.dbunit.util.QualifiedTableName  - Qualified table names feature is disabled. Returning plain table name
192699 [main] DEBUG org.dbunit.util.QualifiedTableName  - getQualifiedName(prefix=null, name=SCOPE_REQUESTCONTEXT, escapePattern=null) - start
192699 [main] DEBUG org.dbunit.database.search.AbstractMetaDataBasedSearchCallback  - newEdge(rs=org.apache.commons.dbcp.DelegatingResultSet@366a6193, type=1, from=REQUESTCONTEXT, to=SCOPE_REQUESTCONTEXT, fkColumn=REQUEST_CONTEXT_ID, pkColumn=ID) - start
192699 [main] DEBUG org.dbunit.database.search.AbstractMetaDataBasedSearchCallback  - createFKEdge(rs=org.apache.commons.dbcp.DelegatingResultSet@366a6193, type=1, from=REQUESTCONTEXT, to=SCOPE_REQUESTCONTEXT, fkColumn=REQUEST_CONTEXT_ID, pkColumn=ID) - start
192699 [main] DEBUG org.dbunit.database.search.AbstractMetaDataBasedSearchCallback  - Adding edge SCOPE_REQUESTCONTEXT(REQUEST_CONTEXT_ID)->REQUESTCONTEXT(ID)
192699 [main] DEBUG org.dbunit.util.search.Edge  - compareTo(o=SCOPE_REQUESTCONTEXT(REQUEST_CONTEXT_ID)->REQUESTCONTEXT(ID)) - start
192699 [main] DEBUG org.dbunit.util.SQLHelper  - close(resultSet=org.apache.commons.dbcp.DelegatingResultSet@366a6193) - start
192699 [main] DEBUG org.dbunit.util.search.DepthFirstSearch  - reverseSearch:SCOPE_REQUESTCONTEXT
192699 [main] DEBUG org.dbunit.database.search.ExportedKeysSearchCallback  - searchNode(node=SCOPE_REQUESTCONTEXT) - start
192700 [main] DEBUG org.dbunit.util.search.DepthFirstSearch  - Pushing (reverse) SCOPE_REQUESTCONTEXT
192700 [main] DEBUG org.dbunit.database.search.ExportedKeysSearchCallback  - getEdges(node=SCOPE_REQUESTCONTEXT) - start
192700 [main] DEBUG org.dbunit.database.search.AbstractMetaDataBasedSearchCallback  - getNodesFromExportedKeys(node=SCOPE_REQUESTCONTEXT) - start
192700 [main] DEBUG org.dbunit.database.search.AbstractMetaDataBasedSearchCallback  - getNodes(type=1, node=SCOPE_REQUESTCONTEXT) - start
192700 [main] DEBUG org.dbunit.database.DatabaseDataSourceConnection  - getConnection() - start
192700 [main] DEBUG org.dbunit.database.search.AbstractMetaDataBasedSearchCallback  - getNodes(type=1, node=SCOPE_REQUESTCONTEXT, conn=Transaction-aware proxy for target Connection [jdbc:hsqldb:mem:kontrollDS, UserName=sw, HSQL Database Engine Driver], schema=null, metaData=org.apache.commons.dbcp.DelegatingDatabaseMetaData@22c15ce, edges=[]) - start
192700 [main] DEBUG org.dbunit.database.search.AbstractMetaDataBasedSearchCallback  - Getting edges for node SCOPE_REQUESTCONTEXT
192700 [main] TRACE org.dbunit.database.DatabaseConfig  - getProperty(name=http://www.dbunit.org/properties/metadataHandler) - start
192700 [main] TRACE org.dbunit.database.DefaultMetadataHandler  - tableExists(metaData=org.apache.commons.dbcp.DelegatingDatabaseMetaData@22c15ce, schemaName=null, tableName=SCOPE_REQUESTCONTEXT) - start
192701 [main] DEBUG org.dbunit.util.SQLHelper  - close(resultSet=org.apache.commons.dbcp.DelegatingResultSet@22ee585c) - start
192702 [main] DEBUG org.dbunit.util.SQLHelper  - close(resultSet=org.apache.commons.dbcp.DelegatingResultSet@3e64839) - start
192702 [main] DEBUG org.dbunit.util.search.DepthFirstSearch  - search:SCOPE_REQUESTCONTEXT
192702 [main] DEBUG org.dbunit.database.search.ExportedKeysSearchCallback  - searchNode(node=SCOPE_REQUESTCONTEXT) - start
192702 [main] DEBUG org.dbunit.util.search.DepthFirstSearch  - Pushing SCOPE_REQUESTCONTEXT
192702 [main] DEBUG org.dbunit.database.search.ExportedKeysSearchCallback  - getEdges(node=SCOPE_REQUESTCONTEXT) - start
192702 [main] DEBUG org.dbunit.database.search.AbstractMetaDataBasedSearchCallback  - getNodesFromExportedKeys(node=SCOPE_REQUESTCONTEXT) - start
192702 [main] DEBUG org.dbunit.database.search.AbstractMetaDataBasedSearchCallback  - getNodes(type=1, node=SCOPE_REQUESTCONTEXT) - start
192702 [main] DEBUG org.dbunit.database.DatabaseDataSourceConnection  - getConnection() - start
192702 [main] DEBUG org.dbunit.database.search.AbstractMetaDataBasedSearchCallback  - getNodes(type=1, node=SCOPE_REQUESTCONTEXT, conn=Transaction-aware proxy for target Connection [jdbc:hsqldb:mem:kontrollDS, UserName=sw, HSQL Database Engine Driver], schema=null, metaData=org.apache.commons.dbcp.DelegatingDatabaseMetaData@38f982f, edges=[]) - start
192703 [main] DEBUG org.dbunit.database.search.AbstractMetaDataBasedSearchCallback  - Getting edges for node SCOPE_REQUESTCONTEXT
192703 [main] TRACE org.dbunit.database.DatabaseConfig  - getProperty(name=http://www.dbunit.org/properties/metadataHandler) - start
192703 [main] TRACE org.dbunit.database.DefaultMetadataHandler  - tableExists(metaData=org.apache.commons.dbcp.DelegatingDatabaseMetaData@38f982f, schemaName=null, tableName=SCOPE_REQUESTCONTEXT) - start
192704 [main] DEBUG org.dbunit.util.SQLHelper  - close(resultSet=org.apache.commons.dbcp.DelegatingResultSet@a6ad2fb) - start
192705 [main] DEBUG org.dbunit.util.SQLHelper  - close(resultSet=org.apache.commons.dbcp.DelegatingResultSet@118e460f) - start
192705 [main] DEBUG org.dbunit.util.search.DepthFirstSearch  - Adding node SCOPE_REQUESTCONTEXT to the final result
192705 [main] DEBUG org.dbunit.util.search.DepthFirstSearch  - search:REQUESTCONTEXT
192705 [main] DEBUG org.dbunit.database.search.ExportedKeysSearchCallback  - searchNode(node=REQUESTCONTEXT) - start
192705 [main] DEBUG org.dbunit.util.search.DepthFirstSearch  - Pushing REQUESTCONTEXT
192705 [main] DEBUG org.dbunit.database.search.ExportedKeysSearchCallback  - getEdges(node=REQUESTCONTEXT) - start
192705 [main] DEBUG org.dbunit.database.search.AbstractMetaDataBasedSearchCallback  - getNodesFromExportedKeys(node=REQUESTCONTEXT) - start
192705 [main] DEBUG org.dbunit.database.search.AbstractMetaDataBasedSearchCallback  - getNodes(type=1, node=REQUESTCONTEXT) - start
192706 [main] DEBUG org.dbunit.database.DatabaseDataSourceConnection  - getConnection() - start
192706 [main] DEBUG org.dbunit.database.search.AbstractMetaDataBasedSearchCallback  - getNodes(type=1, node=REQUESTCONTEXT, conn=Transaction-aware proxy for target Connection [jdbc:hsqldb:mem:kontrollDS, UserName=sw, HSQL Database Engine Driver], schema=null, metaData=org.apache.commons.dbcp.DelegatingDatabaseMetaData@13998bca, edges=[]) - start
192706 [main] DEBUG org.dbunit.database.search.AbstractMetaDataBasedSearchCallback  - Getting edges for node REQUESTCONTEXT
192706 [main] TRACE org.dbunit.database.DatabaseConfig  - getProperty(name=http://www.dbunit.org/properties/metadataHandler) - start
192706 [main] TRACE org.dbunit.database.DefaultMetadataHandler  - tableExists(metaData=org.apache.commons.dbcp.DelegatingDatabaseMetaData@13998bca, schemaName=null, tableName=REQUESTCONTEXT) - start
192707 [main] DEBUG org.dbunit.util.SQLHelper  - close(resultSet=org.apache.commons.dbcp.DelegatingResultSet@3aa85c5f) - start
192707 [main] DEBUG org.dbunit.util.QualifiedTableName  - getQualifiedNameIfEnabled(config=org.dbunit.database.DatabaseConfig[, _propertyMap={http://www.dbunit.org/properties/statementFactory=org.dbunit.database.statement.PreparedStatementFactory@626bc2b8, http://www.dbunit.org/features/caseSensitiveTableNames=false, http://www.dbunit.org/properties/fetchSize=100, http://www.dbunit.org/features/batchedStatements=false, http://www.dbunit.org/properties/metadataHandler=org.dbunit.database.DefaultMetadataHandler@3eeace42, http://www.dbunit.org/properties/datatypeFactory=org.dbunit.dataset.datatype.DefaultDataTypeFactory[_toleratedDeltaMap=org.dbunit.dataset.datatype.ToleratedDeltaMap@6452310a], http://www.dbunit.org/properties/escapePattern=null, http://www.dbunit.org/properties/batchSize=100, http://www.dbunit.org/features/qualifiedTableNames=false, http://www.dbunit.org/properties/tableType=[Ljava.lang.String;@5011bafa, http://www.dbunit.org/properties/resultSetTableFactory=org.dbunit.database.CachedResultSetTableFactory@10bcf083, http://www.dbunit.org/features/datatypeWarning=true}]) - start
192708 [main] TRACE org.dbunit.database.DatabaseConfig  - getFeature(name=http://www.dbunit.org/features/qualifiedTableNames) - start
192708 [main] TRACE org.dbunit.database.DatabaseConfig  - getProperty(name=http://www.dbunit.org/features/qualifiedTableNames) - start
192708 [main] DEBUG org.dbunit.util.QualifiedTableName  - Qualified table names feature is disabled. Returning plain table name
192708 [main] DEBUG org.dbunit.util.QualifiedTableName  - getQualifiedName(prefix=null, name=REQUESTCONTEXT, escapePattern=null) - start
192708 [main] DEBUG org.dbunit.util.QualifiedTableName  - getQualifiedNameIfEnabled(config=org.dbunit.database.DatabaseConfig[, _propertyMap={http://www.dbunit.org/properties/statementFactory=org.dbunit.database.statement.PreparedStatementFactory@626bc2b8, http://www.dbunit.org/features/caseSensitiveTableNames=false, http://www.dbunit.org/properties/fetchSize=100, http://www.dbunit.org/features/batchedStatements=false, http://www.dbunit.org/properties/metadataHandler=org.dbunit.database.DefaultMetadataHandler@3eeace42, http://www.dbunit.org/properties/datatypeFactory=org.dbunit.dataset.datatype.DefaultDataTypeFactory[_toleratedDeltaMap=org.dbunit.dataset.datatype.ToleratedDeltaMap@6452310a], http://www.dbunit.org/properties/escapePattern=null, http://www.dbunit.org/properties/batchSize=100, http://www.dbunit.org/features/qualifiedTableNames=false, http://www.dbunit.org/properties/tableType=[Ljava.lang.String;@5011bafa, http://www.dbunit.org/properties/resultSetTableFactory=org.dbunit.database.CachedResultSetTableFactory@10bcf083, http://www.dbunit.org/features/datatypeWarning=true}]) - start
192708 [main] TRACE org.dbunit.database.DatabaseConfig  - getFeature(name=http://www.dbunit.org/features/qualifiedTableNames) - start
192708 [main] TRACE org.dbunit.database.DatabaseConfig  - getProperty(name=http://www.dbunit.org/features/qualifiedTableNames) - start
192708 [main] DEBUG org.dbunit.util.QualifiedTableName  - Qualified table names feature is disabled. Returning plain table name
192708 [main] DEBUG org.dbunit.util.QualifiedTableName  - getQualifiedName(prefix=null, name=SCOPE_REQUESTCONTEXT, escapePattern=null) - start
192708 [main] DEBUG org.dbunit.database.search.AbstractMetaDataBasedSearchCallback  - newEdge(rs=org.apache.commons.dbcp.DelegatingResultSet@c8db378, type=1, from=REQUESTCONTEXT, to=SCOPE_REQUESTCONTEXT, fkColumn=REQUEST_CONTEXT_ID, pkColumn=ID) - start
192708 [main] DEBUG org.dbunit.database.search.AbstractMetaDataBasedSearchCallback  - createFKEdge(rs=org.apache.commons.dbcp.DelegatingResultSet@c8db378, type=1, from=REQUESTCONTEXT, to=SCOPE_REQUESTCONTEXT, fkColumn=REQUEST_CONTEXT_ID, pkColumn=ID) - start
192708 [main] DEBUG org.dbunit.database.search.AbstractMetaDataBasedSearchCallback  - Adding edge SCOPE_REQUESTCONTEXT(REQUEST_CONTEXT_ID)->REQUESTCONTEXT(ID)
192709 [main] DEBUG org.dbunit.util.search.Edge  - compareTo(o=SCOPE_REQUESTCONTEXT(REQUEST_CONTEXT_ID)->REQUESTCONTEXT(ID)) - start
192709 [main] DEBUG org.dbunit.util.SQLHelper  - close(resultSet=org.apache.commons.dbcp.DelegatingResultSet@c8db378) - start
192709 [main] DEBUG org.dbunit.util.search.DepthFirstSearch  - search:REQUESTCONTEXT
192709 [main] DEBUG org.dbunit.util.search.DepthFirstSearch  - already searched; returning true
192709 [main] DEBUG org.dbunit.util.search.DepthFirstSearch  - Adding node REQUESTCONTEXT to the final result
192709 [main] DEBUG org.dbunit.database.search.TablesDependencyHelper  - getDirectDependentTables(connection=_databaseConfig=org.dbunit.database.DatabaseConfig[, _propertyMap={http://www.dbunit.org/properties/statementFactory=org.dbunit.database.statement.PreparedStatementFactory@626bc2b8, http://www.dbunit.org/features/caseSensitiveTableNames=false, http://www.dbunit.org/properties/fetchSize=100, http://www.dbunit.org/features/batchedStatements=false, http://www.dbunit.org/properties/metadataHandler=org.dbunit.database.DefaultMetadataHandler@3eeace42, http://www.dbunit.org/properties/datatypeFactory=org.dbunit.dataset.datatype.DefaultDataTypeFactory[_toleratedDeltaMap=org.dbunit.dataset.datatype.ToleratedDeltaMap@6452310a], http://www.dbunit.org/properties/escapePattern=null, http://www.dbunit.org/properties/batchSize=100, http://www.dbunit.org/features/qualifiedTableNames=false, http://www.dbunit.org/properties/tableType=[Ljava.lang.String;@5011bafa, http://www.dbunit.org/properties/resultSetTableFactory=org.dbunit.database.CachedResultSetTableFactory@10bcf083, http://www.dbunit.org/features/datatypeWarning=true}], _dataSet=AbstractDataSet[_orderedTableNameMap=null], tableName=REQUESTCONTEXT) - start
192709 [main] DEBUG org.dbunit.util.search.DepthFirstSearch  - search(nodesFrom=[REQUESTCONTEXT], callback=org.dbunit.database.search.ImportedKeysSearchCallback@7405dd16) - start
192709 [main] DEBUG org.dbunit.util.CollectionsHelper  - objectsToSet(objects=REQUESTCONTEXT) - start
192709 [main] DEBUG org.dbunit.util.search.DepthFirstSearch  - search(nodesFrom=[REQUESTCONTEXT], callback=org.dbunit.database.search.ImportedKeysSearchCallback@7405dd16) - start
192709 [main] DEBUG org.dbunit.util.search.DepthFirstSearch  - reverseSearch:REQUESTCONTEXT
192710 [main] DEBUG org.dbunit.database.search.ImportedKeysSearchCallback  - searchNode(node=REQUESTCONTEXT) - start
192710 [main] DEBUG org.dbunit.util.search.DepthFirstSearch  - Pushing (reverse) REQUESTCONTEXT
192710 [main] DEBUG org.dbunit.database.search.ImportedKeysSearchCallback  - getEdges(node=REQUESTCONTEXT) - start
192710 [main] DEBUG org.dbunit.database.search.AbstractMetaDataBasedSearchCallback  - getNodesFromImportedKeys(node=REQUESTCONTEXT) - start
192710 [main] DEBUG org.dbunit.database.search.AbstractMetaDataBasedSearchCallback  - getNodes(type=0, node=REQUESTCONTEXT) - start
192710 [main] DEBUG org.dbunit.database.DatabaseDataSourceConnection  - getConnection() - start
192710 [main] DEBUG org.dbunit.database.search.AbstractMetaDataBasedSearchCallback  - getNodes(type=0, node=REQUESTCONTEXT, conn=Transaction-aware proxy for target Connection [jdbc:hsqldb:mem:kontrollDS, UserName=sw, HSQL Database Engine Driver], schema=null, metaData=org.apache.commons.dbcp.DelegatingDatabaseMetaData@2cf60adc, edges=[]) - start
192710 [main] DEBUG org.dbunit.database.search.AbstractMetaDataBasedSearchCallback  - Getting edges for node REQUESTCONTEXT
192710 [main] TRACE org.dbunit.database.DatabaseConfig  - getProperty(name=http://www.dbunit.org/properties/metadataHandler) - start
192710 [main] TRACE org.dbunit.database.DefaultMetadataHandler  - tableExists(metaData=org.apache.commons.dbcp.DelegatingDatabaseMetaData@2cf60adc, schemaName=null, tableName=REQUESTCONTEXT) - start
192711 [main] DEBUG org.dbunit.util.SQLHelper  - close(resultSet=org.apache.commons.dbcp.DelegatingResultSet@6be81285) - start
192712 [main] DEBUG org.dbunit.util.SQLHelper  - close(resultSet=org.apache.commons.dbcp.DelegatingResultSet@30b2d35) - start
192712 [main] DEBUG org.dbunit.util.search.DepthFirstSearch  - search:REQUESTCONTEXT
192712 [main] DEBUG org.dbunit.database.search.ImportedKeysSearchCallback  - searchNode(node=REQUESTCONTEXT) - start
192712 [main] DEBUG org.dbunit.util.search.DepthFirstSearch  - Pushing REQUESTCONTEXT
192712 [main] DEBUG org.dbunit.database.search.ImportedKeysSearchCallback  - getEdges(node=REQUESTCONTEXT) - start
192712 [main] DEBUG org.dbunit.database.search.AbstractMetaDataBasedSearchCallback  - getNodesFromImportedKeys(node=REQUESTCONTEXT) - start
192712 [main] DEBUG org.dbunit.database.search.AbstractMetaDataBasedSearchCallback  - getNodes(type=0, node=REQUESTCONTEXT) - start
192712 [main] DEBUG org.dbunit.database.DatabaseDataSourceConnection  - getConnection() - start
192712 [main] DEBUG org.dbunit.database.search.AbstractMetaDataBasedSearchCallback  - getNodes(type=0, node=REQUESTCONTEXT, conn=Transaction-aware proxy for target Connection [jdbc:hsqldb:mem:kontrollDS, UserName=sw, HSQL Database Engine Driver], schema=null, metaData=org.apache.commons.dbcp.DelegatingDatabaseMetaData@52c4f422, edges=[]) - start
192712 [main] DEBUG org.dbunit.database.search.AbstractMetaDataBasedSearchCallback  - Getting edges for node REQUESTCONTEXT
192713 [main] TRACE org.dbunit.database.DatabaseConfig  - getProperty(name=http://www.dbunit.org/properties/metadataHandler) - start
192713 [main] TRACE org.dbunit.database.DefaultMetadataHandler  - tableExists(metaData=org.apache.commons.dbcp.DelegatingDatabaseMetaData@52c4f422, schemaName=null, tableName=REQUESTCONTEXT) - start
192714 [main] DEBUG org.dbunit.util.SQLHelper  - close(resultSet=org.apache.commons.dbcp.DelegatingResultSet@4a08adeb) - start
192714 [main] DEBUG org.dbunit.util.SQLHelper  - close(resultSet=org.apache.commons.dbcp.DelegatingResultSet@45c1f692) - start
192714 [main] DEBUG org.dbunit.util.search.DepthFirstSearch  - Adding node REQUESTCONTEXT to the final result
192714 [main] DEBUG org.dbunit.database.DatabaseSequenceFilter  - getDependencyInfo(connection=_databaseConfig=org.dbunit.database.DatabaseConfig[, _propertyMap={http://www.dbunit.org/properties/statementFactory=org.dbunit.database.statement.PreparedStatementFactory@626bc2b8, http://www.dbunit.org/features/caseSensitiveTableNames=false, http://www.dbunit.org/properties/fetchSize=100, http://www.dbunit.org/features/batchedStatements=false, http://www.dbunit.org/properties/metadataHandler=org.dbunit.database.DefaultMetadataHandler@3eeace42, http://www.dbunit.org/properties/datatypeFactory=org.dbunit.dataset.datatype.DefaultDataTypeFactory[_toleratedDeltaMap=org.dbunit.dataset.datatype.ToleratedDeltaMap@6452310a], http://www.dbunit.org/properties/escapePattern=null, http://www.dbunit.org/properties/batchSize=100, http://www.dbunit.org/features/qualifiedTableNames=false, http://www.dbunit.org/properties/tableType=[Ljava.lang.String;@5011bafa, http://www.dbunit.org/properties/resultSetTableFactory=org.dbunit.database.CachedResultSetTableFactory@10bcf083, http://www.dbunit.org/features/datatypeWarning=true}], _dataSet=AbstractDataSet[_orderedTableNameMap=null], tableName=SCOPE) - start
192714 [main] DEBUG org.dbunit.database.search.TablesDependencyHelper  - getDependentTables(connection=_databaseConfig=org.dbunit.database.DatabaseConfig[, _propertyMap={http://www.dbunit.org/properties/statementFactory=org.dbunit.database.statement.PreparedStatementFactory@626bc2b8, http://www.dbunit.org/features/caseSensitiveTableNames=false, http://www.dbunit.org/properties/fetchSize=100, http://www.dbunit.org/features/batchedStatements=false, http://www.dbunit.org/properties/metadataHandler=org.dbunit.database.DefaultMetadataHandler@3eeace42, http://www.dbunit.org/properties/datatypeFactory=org.dbunit.dataset.datatype.DefaultDataTypeFactory[_toleratedDeltaMap=org.dbunit.dataset.datatype.ToleratedDeltaMap@6452310a], http://www.dbunit.org/properties/escapePattern=null, http://www.dbunit.org/properties/batchSize=100, http://www.dbunit.org/features/qualifiedTableNames=false, http://www.dbunit.org/properties/tableType=[Ljava.lang.String;@5011bafa, http://www.dbunit.org/properties/resultSetTableFactory=org.dbunit.database.CachedResultSetTableFactory@10bcf083, http://www.dbunit.org/features/datatypeWarning=true}], _dataSet=AbstractDataSet[_orderedTableNameMap=null], rootTable=SCOPE) - start
192714 [main] DEBUG org.dbunit.database.search.TablesDependencyHelper  - getDependentTables(connection=_databaseConfig=org.dbunit.database.DatabaseConfig[, _propertyMap={http://www.dbunit.org/properties/statementFactory=org.dbunit.database.statement.PreparedStatementFactory@626bc2b8, http://www.dbunit.org/features/caseSensitiveTableNames=false, http://www.dbunit.org/properties/fetchSize=100, http://www.dbunit.org/features/batchedStatements=false, http://www.dbunit.org/properties/metadataHandler=org.dbunit.database.DefaultMetadataHandler@3eeace42, http://www.dbunit.org/properties/datatypeFactory=org.dbunit.dataset.datatype.DefaultDataTypeFactory[_toleratedDeltaMap=org.dbunit.dataset.datatype.ToleratedDeltaMap@6452310a], http://www.dbunit.org/properties/escapePattern=null, http://www.dbunit.org/properties/batchSize=100, http://www.dbunit.org/features/qualifiedTableNames=false, http://www.dbunit.org/properties/tableType=[Ljava.lang.String;@5011bafa, http://www.dbunit.org/properties/resultSetTableFactory=org.dbunit.database.CachedResultSetTableFactory@10bcf083, http://www.dbunit.org/features/datatypeWarning=true}], _dataSet=AbstractDataSet[_orderedTableNameMap=null], rootTables=[SCOPE]) - start
192714 [main] DEBUG org.dbunit.util.search.DepthFirstSearch  - search(nodesFrom=[SCOPE], callback=org.dbunit.database.search.ImportedKeysSearchCallback@64af32ab) - start
192715 [main] DEBUG org.dbunit.util.CollectionsHelper  - objectsToSet(objects=SCOPE) - start
192715 [main] DEBUG org.dbunit.util.search.DepthFirstSearch  - search(nodesFrom=[SCOPE], callback=org.dbunit.database.search.ImportedKeysSearchCallback@64af32ab) - start
192715 [main] DEBUG org.dbunit.util.search.DepthFirstSearch  - reverseSearch:SCOPE
192715 [main] DEBUG org.dbunit.database.search.ImportedKeysSearchCallback  - searchNode(node=SCOPE) - start
192715 [main] DEBUG org.dbunit.util.search.DepthFirstSearch  - Pushing (reverse) SCOPE
192715 [main] DEBUG org.dbunit.database.search.ImportedKeysSearchCallback  - getEdges(node=SCOPE) - start
192715 [main] DEBUG org.dbunit.database.search.AbstractMetaDataBasedSearchCallback  - getNodesFromImportedKeys(node=SCOPE) - start
192715 [main] DEBUG org.dbunit.database.search.AbstractMetaDataBasedSearchCallback  - getNodes(type=0, node=SCOPE) - start
192715 [main] DEBUG org.dbunit.database.DatabaseDataSourceConnection  - getConnection() - start
192715 [main] DEBUG org.dbunit.database.search.AbstractMetaDataBasedSearchCallback  - getNodes(type=0, node=SCOPE, conn=Transaction-aware proxy for target Connection [jdbc:hsqldb:mem:kontrollDS, UserName=sw, HSQL Database Engine Driver], schema=null, metaData=org.apache.commons.dbcp.DelegatingDatabaseMetaData@2a27ac31, edges=[]) - start
192715 [main] DEBUG org.dbunit.database.search.AbstractMetaDataBasedSearchCallback  - Getting edges for node SCOPE
192715 [main] TRACE org.dbunit.database.DatabaseConfig  - getProperty(name=http://www.dbunit.org/properties/metadataHandler) - start
192715 [main] TRACE org.dbunit.database.DefaultMetadataHandler  - tableExists(metaData=org.apache.commons.dbcp.DelegatingDatabaseMetaData@2a27ac31, schemaName=null, tableName=SCOPE) - start
192717 [main] DEBUG org.dbunit.util.SQLHelper  - close(resultSet=org.apache.commons.dbcp.DelegatingResultSet@32ddb764) - start
192717 [main] DEBUG org.dbunit.util.SQLHelper  - close(resultSet=org.apache.commons.dbcp.DelegatingResultSet@328f262b) - start
192717 [main] DEBUG org.dbunit.util.search.DepthFirstSearch  - search:SCOPE
192717 [main] DEBUG org.dbunit.database.search.ImportedKeysSearchCallback  - searchNode(node=SCOPE) - start
192717 [main] DEBUG org.dbunit.util.search.DepthFirstSearch  - Pushing SCOPE
192717 [main] DEBUG org.dbunit.database.search.ImportedKeysSearchCallback  - getEdges(node=SCOPE) - start
192717 [main] DEBUG org.dbunit.database.search.AbstractMetaDataBasedSearchCallback  - getNodesFromImportedKeys(node=SCOPE) - start
192717 [main] DEBUG org.dbunit.database.search.AbstractMetaDataBasedSearchCallback  - getNodes(type=0, node=SCOPE) - start
192717 [main] DEBUG org.dbunit.database.DatabaseDataSourceConnection  - getConnection() - start
192717 [main] DEBUG org.dbunit.database.search.AbstractMetaDataBasedSearchCallback  - getNodes(type=0, node=SCOPE, conn=Transaction-aware proxy for target Connection [jdbc:hsqldb:mem:kontrollDS, UserName=sw, HSQL Database Engine Driver], schema=null, metaData=org.apache.commons.dbcp.DelegatingDatabaseMetaData@5412eafb, edges=[]) - start
192717 [main] DEBUG org.dbunit.database.search.AbstractMetaDataBasedSearchCallback  - Getting edges for node SCOPE
192718 [main] TRACE org.dbunit.database.DatabaseConfig  - getProperty(name=http://www.dbunit.org/properties/metadataHandler) - start
192718 [main] TRACE org.dbunit.database.DefaultMetadataHandler  - tableExists(metaData=org.apache.commons.dbcp.DelegatingDatabaseMetaData@5412eafb, schemaName=null, tableName=SCOPE) - start
192719 [main] DEBUG org.dbunit.util.SQLHelper  - close(resultSet=org.apache.commons.dbcp.DelegatingResultSet@17ed2802) - start
192719 [main] DEBUG org.dbunit.util.SQLHelper  - close(resultSet=org.apache.commons.dbcp.DelegatingResultSet@5624ce65) - start
192719 [main] DEBUG org.dbunit.util.search.DepthFirstSearch  - Adding node SCOPE to the final result
192719 [main] DEBUG org.dbunit.util.CollectionsHelper  - setToStrings(set=[SCOPE]) - start
192719 [main] DEBUG org.dbunit.database.search.TablesDependencyHelper  - getDependsOnTables(connection=_databaseConfig=org.dbunit.database.DatabaseConfig[, _propertyMap={http://www.dbunit.org/properties/statementFactory=org.dbunit.database.statement.PreparedStatementFactory@626bc2b8, http://www.dbunit.org/features/caseSensitiveTableNames=false, http://www.dbunit.org/properties/fetchSize=100, http://www.dbunit.org/features/batchedStatements=false, http://www.dbunit.org/properties/metadataHandler=org.dbunit.database.DefaultMetadataHandler@3eeace42, http://www.dbunit.org/properties/datatypeFactory=org.dbunit.dataset.datatype.DefaultDataTypeFactory[_toleratedDeltaMap=org.dbunit.dataset.datatype.ToleratedDeltaMap@6452310a], http://www.dbunit.org/properties/escapePattern=null, http://www.dbunit.org/properties/batchSize=100, http://www.dbunit.org/features/qualifiedTableNames=false, http://www.dbunit.org/properties/tableType=[Ljava.lang.String;@5011bafa, http://www.dbunit.org/properties/resultSetTableFactory=org.dbunit.database.CachedResultSetTableFactory@10bcf083, http://www.dbunit.org/features/datatypeWarning=true}], _dataSet=AbstractDataSet[_orderedTableNameMap=null], rootTable=SCOPE) - start
192719 [main] DEBUG org.dbunit.util.search.DepthFirstSearch  - search(nodesFrom=[SCOPE], callback=org.dbunit.database.search.ExportedKeysSearchCallback@532bf615) - start
192719 [main] DEBUG org.dbunit.util.CollectionsHelper  - objectsToSet(objects=SCOPE) - start
192719 [main] DEBUG org.dbunit.util.search.DepthFirstSearch  - search(nodesFrom=[SCOPE], callback=org.dbunit.database.search.ExportedKeysSearchCallback@532bf615) - start
192720 [main] DEBUG org.dbunit.util.search.DepthFirstSearch  - reverseSearch:SCOPE
192720 [main] DEBUG org.dbunit.database.search.ExportedKeysSearchCallback  - searchNode(node=SCOPE) - start
192720 [main] DEBUG org.dbunit.util.search.DepthFirstSearch  - Pushing (reverse) SCOPE
192720 [main] DEBUG org.dbunit.database.search.ExportedKeysSearchCallback  - getEdges(node=SCOPE) - start
192720 [main] DEBUG org.dbunit.database.search.AbstractMetaDataBasedSearchCallback  - getNodesFromExportedKeys(node=SCOPE) - start
192720 [main] DEBUG org.dbunit.database.search.AbstractMetaDataBasedSearchCallback  - getNodes(type=1, node=SCOPE) - start
192720 [main] DEBUG org.dbunit.database.DatabaseDataSourceConnection  - getConnection() - start
192720 [main] DEBUG org.dbunit.database.search.AbstractMetaDataBasedSearchCallback  - getNodes(type=1, node=SCOPE, conn=Transaction-aware proxy for target Connection [jdbc:hsqldb:mem:kontrollDS, UserName=sw, HSQL Database Engine Driver], schema=null, metaData=org.apache.commons.dbcp.DelegatingDatabaseMetaData@6b29075b, edges=[]) - start
192720 [main] DEBUG org.dbunit.database.search.AbstractMetaDataBasedSearchCallback  - Getting edges for node SCOPE
192720 [main] TRACE org.dbunit.database.DatabaseConfig  - getProperty(name=http://www.dbunit.org/properties/metadataHandler) - start
192720 [main] TRACE org.dbunit.database.DefaultMetadataHandler  - tableExists(metaData=org.apache.commons.dbcp.DelegatingDatabaseMetaData@6b29075b, schemaName=null, tableName=SCOPE) - start
192722 [main] DEBUG org.dbunit.util.SQLHelper  - close(resultSet=org.apache.commons.dbcp.DelegatingResultSet@11750587) - start
192723 [main] DEBUG org.dbunit.util.QualifiedTableName  - getQualifiedNameIfEnabled(config=org.dbunit.database.DatabaseConfig[, _propertyMap={http://www.dbunit.org/properties/statementFactory=org.dbunit.database.statement.PreparedStatementFactory@626bc2b8, http://www.dbunit.org/features/caseSensitiveTableNames=false, http://www.dbunit.org/properties/fetchSize=100, http://www.dbunit.org/features/batchedStatements=false, http://www.dbunit.org/properties/metadataHandler=org.dbunit.database.DefaultMetadataHandler@3eeace42, http://www.dbunit.org/properties/datatypeFactory=org.dbunit.dataset.datatype.DefaultDataTypeFactory[_toleratedDeltaMap=org.dbunit.dataset.datatype.ToleratedDeltaMap@6452310a], http://www.dbunit.org/properties/escapePattern=null, http://www.dbunit.org/properties/batchSize=100, http://www.dbunit.org/features/qualifiedTableNames=false, http://www.dbunit.org/properties/tableType=[Ljava.lang.String;@5011bafa, http://www.dbunit.org/properties/resultSetTableFactory=org.dbunit.database.CachedResultSetTableFactory@10bcf083, http://www.dbunit.org/features/datatypeWarning=true}]) - start
192723 [main] TRACE org.dbunit.database.DatabaseConfig  - getFeature(name=http://www.dbunit.org/features/qualifiedTableNames) - start
192723 [main] TRACE org.dbunit.database.DatabaseConfig  - getProperty(name=http://www.dbunit.org/features/qualifiedTableNames) - start
192723 [main] DEBUG org.dbunit.util.QualifiedTableName  - Qualified table names feature is disabled. Returning plain table name
192723 [main] DEBUG org.dbunit.util.QualifiedTableName  - getQualifiedName(prefix=null, name=SCOPE, escapePattern=null) - start
192723 [main] DEBUG org.dbunit.util.QualifiedTableName  - getQualifiedNameIfEnabled(config=org.dbunit.database.DatabaseConfig[, _propertyMap={http://www.dbunit.org/properties/statementFactory=org.dbunit.database.statement.PreparedStatementFactory@626bc2b8, http://www.dbunit.org/features/caseSensitiveTableNames=false, http://www.dbunit.org/properties/fetchSize=100, http://www.dbunit.org/features/batchedStatements=false, http://www.dbunit.org/properties/metadataHandler=org.dbunit.database.DefaultMetadataHandler@3eeace42, http://www.dbunit.org/properties/datatypeFactory=org.dbunit.dataset.datatype.DefaultDataTypeFactory[_toleratedDeltaMap=org.dbunit.dataset.datatype.ToleratedDeltaMap@6452310a], http://www.dbunit.org/properties/escapePattern=null, http://www.dbunit.org/properties/batchSize=100, http://www.dbunit.org/features/qualifiedTableNames=false, http://www.dbunit.org/properties/tableType=[Ljava.lang.String;@5011bafa, http://www.dbunit.org/properties/resultSetTableFactory=org.dbunit.database.CachedResultSetTableFactory@10bcf083, http://www.dbunit.org/features/datatypeWarning=true}]) - start
192723 [main] TRACE org.dbunit.database.DatabaseConfig  - getFeature(name=http://www.dbunit.org/features/qualifiedTableNames) - start
192723 [main] TRACE org.dbunit.database.DatabaseConfig  - getProperty(name=http://www.dbunit.org/features/qualifiedTableNames) - start
192723 [main] DEBUG org.dbunit.util.QualifiedTableName  - Qualified table names feature is disabled. Returning plain table name
192723 [main] DEBUG org.dbunit.util.QualifiedTableName  - getQualifiedName(prefix=null, name=SCOPE_REQUESTCONTEXT, escapePattern=null) - start
192723 [main] DEBUG org.dbunit.database.search.AbstractMetaDataBasedSearchCallback  - newEdge(rs=org.apache.commons.dbcp.DelegatingResultSet@390a277, type=1, from=SCOPE, to=SCOPE_REQUESTCONTEXT, fkColumn=SCOPE_ID, pkColumn=ID) - start
192723 [main] DEBUG org.dbunit.database.search.AbstractMetaDataBasedSearchCallback  - createFKEdge(rs=org.apache.commons.dbcp.DelegatingResultSet@390a277, type=1, from=SCOPE, to=SCOPE_REQUESTCONTEXT, fkColumn=SCOPE_ID, pkColumn=ID) - start
192724 [main] DEBUG org.dbunit.database.search.AbstractMetaDataBasedSearchCallback  - Adding edge SCOPE_REQUESTCONTEXT(SCOPE_ID)->SCOPE(ID)
192724 [main] DEBUG org.dbunit.util.search.Edge  - compareTo(o=SCOPE_REQUESTCONTEXT(SCOPE_ID)->SCOPE(ID)) - start
192724 [main] DEBUG org.dbunit.util.QualifiedTableName  - getQualifiedNameIfEnabled(config=org.dbunit.database.DatabaseConfig[, _propertyMap={http://www.dbunit.org/properties/statementFactory=org.dbunit.database.statement.PreparedStatementFactory@626bc2b8, http://www.dbunit.org/features/caseSensitiveTableNames=false, http://www.dbunit.org/properties/fetchSize=100, http://www.dbunit.org/features/batchedStatements=false, http://www.dbunit.org/properties/metadataHandler=org.dbunit.database.DefaultMetadataHandler@3eeace42, http://www.dbunit.org/properties/datatypeFactory=org.dbunit.dataset.datatype.DefaultDataTypeFactory[_toleratedDeltaMap=org.dbunit.dataset.datatype.ToleratedDeltaMap@6452310a], http://www.dbunit.org/properties/escapePattern=null, http://www.dbunit.org/properties/batchSize=100, http://www.dbunit.org/features/qualifiedTableNames=false, http://www.dbunit.org/properties/tableType=[Ljava.lang.String;@5011bafa, http://www.dbunit.org/properties/resultSetTableFactory=org.dbunit.database.CachedResultSetTableFactory@10bcf083, http://www.dbunit.org/features/datatypeWarning=true}]) - start
192724 [main] TRACE org.dbunit.database.DatabaseConfig  - getFeature(name=http://www.dbunit.org/features/qualifiedTableNames) - start
192724 [main] TRACE org.dbunit.database.DatabaseConfig  - getProperty(name=http://www.dbunit.org/features/qualifiedTableNames) - start
192724 [main] DEBUG org.dbunit.util.QualifiedTableName  - Qualified table names feature is disabled. Returning plain table name
192724 [main] DEBUG org.dbunit.util.QualifiedTableName  - getQualifiedName(prefix=null, name=SCOPE, escapePattern=null) - start
192724 [main] DEBUG org.dbunit.util.QualifiedTableName  - getQualifiedNameIfEnabled(config=org.dbunit.database.DatabaseConfig[, _propertyMap={http://www.dbunit.org/properties/statementFactory=org.dbunit.database.statement.PreparedStatementFactory@626bc2b8, http://www.dbunit.org/features/caseSensitiveTableNames=false, http://www.dbunit.org/properties/fetchSize=100, http://www.dbunit.org/features/batchedStatements=false, http://www.dbunit.org/properties/metadataHandler=org.dbunit.database.DefaultMetadataHandler@3eeace42, http://www.dbunit.org/properties/datatypeFactory=org.dbunit.dataset.datatype.DefaultDataTypeFactory[_toleratedDeltaMap=org.dbunit.dataset.datatype.ToleratedDeltaMap@6452310a], http://www.dbunit.org/properties/escapePattern=null, http://www.dbunit.org/properties/batchSize=100, http://www.dbunit.org/features/qualifiedTableNames=false, http://www.dbunit.org/properties/tableType=[Ljava.lang.String;@5011bafa, http://www.dbunit.org/properties/resultSetTableFactory=org.dbunit.database.CachedResultSetTableFactory@10bcf083, http://www.dbunit.org/features/datatypeWarning=true}]) - start
192724 [main] TRACE org.dbunit.database.DatabaseConfig  - getFeature(name=http://www.dbunit.org/features/qualifiedTableNames) - start
192724 [main] TRACE org.dbunit.database.DatabaseConfig  - getProperty(name=http://www.dbunit.org/features/qualifiedTableNames) - start
192724 [main] DEBUG org.dbunit.util.QualifiedTableName  - Qualified table names feature is disabled. Returning plain table name
192724 [main] DEBUG org.dbunit.util.QualifiedTableName  - getQualifiedName(prefix=null, name=SCOPEDCONTENT, escapePattern=null) - start
192724 [main] DEBUG org.dbunit.database.search.AbstractMetaDataBasedSearchCallback  - newEdge(rs=org.apache.commons.dbcp.DelegatingResultSet@390a277, type=1, from=SCOPE, to=SCOPEDCONTENT, fkColumn=SCOPE, pkColumn=ID) - start
192725 [main] DEBUG org.dbunit.database.search.AbstractMetaDataBasedSearchCallback  - createFKEdge(rs=org.apache.commons.dbcp.DelegatingResultSet@390a277, type=1, from=SCOPE, to=SCOPEDCONTENT, fkColumn=SCOPE, pkColumn=ID) - start
192725 [main] DEBUG org.dbunit.database.search.AbstractMetaDataBasedSearchCallback  - Adding edge SCOPEDCONTENT(SCOPE)->SCOPE(ID)
192725 [main] DEBUG org.dbunit.util.search.Edge  - compareTo(o=SCOPE_REQUESTCONTEXT(SCOPE_ID)->SCOPE(ID)) - start
192725 [main] DEBUG org.dbunit.util.SQLHelper  - close(resultSet=org.apache.commons.dbcp.DelegatingResultSet@390a277) - start
192725 [main] DEBUG org.dbunit.util.search.DepthFirstSearch  - reverseSearch:SCOPEDCONTENT
192725 [main] DEBUG org.dbunit.database.search.ExportedKeysSearchCallback  - searchNode(node=SCOPEDCONTENT) - start
192725 [main] DEBUG org.dbunit.util.search.DepthFirstSearch  - Pushing (reverse) SCOPEDCONTENT
192725 [main] DEBUG org.dbunit.database.search.ExportedKeysSearchCallback  - getEdges(node=SCOPEDCONTENT) - start
192725 [main] DEBUG org.dbunit.database.search.AbstractMetaDataBasedSearchCallback  - getNodesFromExportedKeys(node=SCOPEDCONTENT) - start
192725 [main] DEBUG org.dbunit.database.search.AbstractMetaDataBasedSearchCallback  - getNodes(type=1, node=SCOPEDCONTENT) - start
192725 [main] DEBUG org.dbunit.database.DatabaseDataSourceConnection  - getConnection() - start
192725 [main] DEBUG org.dbunit.database.search.AbstractMetaDataBasedSearchCallback  - getNodes(type=1, node=SCOPEDCONTENT, conn=Transaction-aware proxy for target Connection [jdbc:hsqldb:mem:kontrollDS, UserName=sw, HSQL Database Engine Driver], schema=null, metaData=org.apache.commons.dbcp.DelegatingDatabaseMetaData@c9a3475, edges=[]) - start
192726 [main] DEBUG org.dbunit.database.search.AbstractMetaDataBasedSearchCallback  - Getting edges for node SCOPEDCONTENT
192726 [main] TRACE org.dbunit.database.DatabaseConfig  - getProperty(name=http://www.dbunit.org/properties/metadataHandler) - start
192726 [main] TRACE org.dbunit.database.DefaultMetadataHandler  - tableExists(metaData=org.apache.commons.dbcp.DelegatingDatabaseMetaData@c9a3475, schemaName=null, tableName=SCOPEDCONTENT) - start
192727 [main] DEBUG org.dbunit.util.SQLHelper  - close(resultSet=org.apache.commons.dbcp.DelegatingResultSet@78844250) - start
192727 [main] DEBUG org.dbunit.util.QualifiedTableName  - getQualifiedNameIfEnabled(config=org.dbunit.database.DatabaseConfig[, _propertyMap={http://www.dbunit.org/properties/statementFactory=org.dbunit.database.statement.PreparedStatementFactory@626bc2b8, http://www.dbunit.org/features/caseSensitiveTableNames=false, http://www.dbunit.org/properties/fetchSize=100, http://www.dbunit.org/features/batchedStatements=false, http://www.dbunit.org/properties/metadataHandler=org.dbunit.database.DefaultMetadataHandler@3eeace42, http://www.dbunit.org/properties/datatypeFactory=org.dbunit.dataset.datatype.DefaultDataTypeFactory[_toleratedDeltaMap=org.dbunit.dataset.datatype.ToleratedDeltaMap@6452310a], http://www.dbunit.org/properties/escapePattern=null, http://www.dbunit.org/properties/batchSize=100, http://www.dbunit.org/features/qualifiedTableNames=false, http://www.dbunit.org/properties/tableType=[Ljava.lang.String;@5011bafa, http://www.dbunit.org/properties/resultSetTableFactory=org.dbunit.database.CachedResultSetTableFactory@10bcf083, http://www.dbunit.org/features/datatypeWarning=true}]) - start
192727 [main] TRACE org.dbunit.database.DatabaseConfig  - getFeature(name=http://www.dbunit.org/features/qualifiedTableNames) - start
192727 [main] TRACE org.dbunit.database.DatabaseConfig  - getProperty(name=http://www.dbunit.org/features/qualifiedTableNames) - start
192727 [main] DEBUG org.dbunit.util.QualifiedTableName  - Qualified table names feature is disabled. Returning plain table name
192727 [main] DEBUG org.dbunit.util.QualifiedTableName  - getQualifiedName(prefix=null, name=SCOPEDCONTENT, escapePattern=null) - start
192728 [main] DEBUG org.dbunit.util.QualifiedTableName  - getQualifiedNameIfEnabled(config=org.dbunit.database.DatabaseConfig[, _propertyMap={http://www.dbunit.org/properties/statementFactory=org.dbunit.database.statement.PreparedStatementFactory@626bc2b8, http://www.dbunit.org/features/caseSensitiveTableNames=false, http://www.dbunit.org/properties/fetchSize=100, http://www.dbunit.org/features/batchedStatements=false, http://www.dbunit.org/properties/metadataHandler=org.dbunit.database.DefaultMetadataHandler@3eeace42, http://www.dbunit.org/properties/datatypeFactory=org.dbunit.dataset.datatype.DefaultDataTypeFactory[_toleratedDeltaMap=org.dbunit.dataset.datatype.ToleratedDeltaMap@6452310a], http://www.dbunit.org/properties/escapePattern=null, http://www.dbunit.org/properties/batchSize=100, http://www.dbunit.org/features/qualifiedTableNames=false, http://www.dbunit.org/properties/tableType=[Ljava.lang.String;@5011bafa, http://www.dbunit.org/properties/resultSetTableFactory=org.dbunit.database.CachedResultSetTableFactory@10bcf083, http://www.dbunit.org/features/datatypeWarning=true}]) - start
192728 [main] TRACE org.dbunit.database.DatabaseConfig  - getFeature(name=http://www.dbunit.org/features/qualifiedTableNames) - start
192728 [main] TRACE org.dbunit.database.DatabaseConfig  - getProperty(name=http://www.dbunit.org/features/qualifiedTableNames) - start
192728 [main] DEBUG org.dbunit.util.QualifiedTableName  - Qualified table names feature is disabled. Returning plain table name
192728 [main] DEBUG org.dbunit.util.QualifiedTableName  - getQualifiedName(prefix=null, name=SCOPEDCONTENTCONDITIONS_SCOPEDCONTENT, escapePattern=null) - start
192728 [main] DEBUG org.dbunit.database.search.AbstractMetaDataBasedSearchCallback  - newEdge(rs=org.apache.commons.dbcp.DelegatingResultSet@6a42ca37, type=1, from=SCOPEDCONTENT, to=SCOPEDCONTENTCONDITIONS_SCOPEDCONTENT, fkColumn=SCOPED_CONTENT_ID, pkColumn=ID) - start
192728 [main] DEBUG org.dbunit.database.search.AbstractMetaDataBasedSearchCallback  - createFKEdge(rs=org.apache.commons.dbcp.DelegatingResultSet@6a42ca37, type=1, from=SCOPEDCONTENT, to=SCOPEDCONTENTCONDITIONS_SCOPEDCONTENT, fkColumn=SCOPED_CONTENT_ID, pkColumn=ID) - start
192728 [main] DEBUG org.dbunit.database.search.AbstractMetaDataBasedSearchCallback  - Adding edge SCOPEDCONTENTCONDITIONS_SCOPEDCONTENT(SCOPED_CONTENT_ID)->SCOPEDCONTENT(ID)
192728 [main] DEBUG org.dbunit.util.search.Edge  - compareTo(o=SCOPEDCONTENTCONDITIONS_SCOPEDCONTENT(SCOPED_CONTENT_ID)->SCOPEDCONTENT(ID)) - start
192728 [main] DEBUG org.dbunit.util.QualifiedTableName  - getQualifiedNameIfEnabled(config=org.dbunit.database.DatabaseConfig[, _propertyMap={http://www.dbunit.org/properties/statementFactory=org.dbunit.database.statement.PreparedStatementFactory@626bc2b8, http://www.dbunit.org/features/caseSensitiveTableNames=false, http://www.dbunit.org/properties/fetchSize=100, http://www.dbunit.org/features/batchedStatements=false, http://www.dbunit.org/properties/metadataHandler=org.dbunit.database.DefaultMetadataHandler@3eeace42, http://www.dbunit.org/properties/datatypeFactory=org.dbunit.dataset.datatype.DefaultDataTypeFactory[_toleratedDeltaMap=org.dbunit.dataset.datatype.ToleratedDeltaMap@6452310a], http://www.dbunit.org/properties/escapePattern=null, http://www.dbunit.org/properties/batchSize=100, http://www.dbunit.org/features/qualifiedTableNames=false, http://www.dbunit.org/properties/tableType=[Ljava.lang.String;@5011bafa, http://www.dbunit.org/properties/resultSetTableFactory=org.dbunit.database.CachedResultSetTableFactory@10bcf083, http://www.dbunit.org/features/datatypeWarning=true}]) - start
192728 [main] TRACE org.dbunit.database.DatabaseConfig  - getFeature(name=http://www.dbunit.org/features/qualifiedTableNames) - start
192728 [main] TRACE org.dbunit.database.DatabaseConfig  - getProperty(name=http://www.dbunit.org/features/qualifiedTableNames) - start
192729 [main] DEBUG org.dbunit.util.QualifiedTableName  - Qualified table names feature is disabled. Returning plain table name
192729 [main] DEBUG org.dbunit.util.QualifiedTableName  - getQualifiedName(prefix=null, name=SCOPEDCONTENT, escapePattern=null) - start
192729 [main] DEBUG org.dbunit.util.QualifiedTableName  - getQualifiedNameIfEnabled(config=org.dbunit.database.DatabaseConfig[, _propertyMap={http://www.dbunit.org/properties/statementFactory=org.dbunit.database.statement.PreparedStatementFactory@626bc2b8, http://www.dbunit.org/features/caseSensitiveTableNames=false, http://www.dbunit.org/properties/fetchSize=100, http://www.dbunit.org/features/batchedStatements=false, http://www.dbunit.org/properties/metadataHandler=org.dbunit.database.DefaultMetadataHandler@3eeace42, http://www.dbunit.org/properties/datatypeFactory=org.dbunit.dataset.datatype.DefaultDataTypeFactory[_toleratedDeltaMap=org.dbunit.dataset.datatype.ToleratedDeltaMap@6452310a], http://www.dbunit.org/properties/escapePattern=null, http://www.dbunit.org/properties/batchSize=100, http://www.dbunit.org/features/qualifiedTableNames=false, http://www.dbunit.org/properties/tableType=[Ljava.lang.String;@5011bafa, http://www.dbunit.org/properties/resultSetTableFactory=org.dbunit.database.CachedResultSetTableFactory@10bcf083, http://www.dbunit.org/features/datatypeWarning=true}]) - start
192729 [main] TRACE org.dbunit.database.DatabaseConfig  - getFeature(name=http://www.dbunit.org/features/qualifiedTableNames) - start
192729 [main] TRACE org.dbunit.database.DatabaseConfig  - getProperty(name=http://www.dbunit.org/features/qualifiedTableNames) - start
192729 [main] DEBUG org.dbunit.util.QualifiedTableName  - Qualified table names feature is disabled. Returning plain table name
192729 [main] DEBUG org.dbunit.util.QualifiedTableName  - getQualifiedName(prefix=null, name=SCOPEDCONTENT_SCOPEDCONTENTITEM, escapePattern=null) - start
192729 [main] DEBUG org.dbunit.database.search.AbstractMetaDataBasedSearchCallback  - newEdge(rs=org.apache.commons.dbcp.DelegatingResultSet@6a42ca37, type=1, from=SCOPEDCONTENT, to=SCOPEDCONTENT_SCOPEDCONTENTITEM, fkColumn=SCOPED_CONTENT_ITEM_ID, pkColumn=ID) - start
192729 [main] DEBUG org.dbunit.database.search.AbstractMetaDataBasedSearchCallback  - createFKEdge(rs=org.apache.commons.dbcp.DelegatingResultSet@6a42ca37, type=1, from=SCOPEDCONTENT, to=SCOPEDCONTENT_SCOPEDCONTENTITEM, fkColumn=SCOPED_CONTENT_ITEM_ID, pkColumn=ID) - start
192729 [main] DEBUG org.dbunit.database.search.AbstractMetaDataBasedSearchCallback  - Adding edge SCOPEDCONTENT_SCOPEDCONTENTITEM(SCOPED_CONTENT_ITEM_ID)->SCOPEDCONTENT(ID)
192729 [main] DEBUG org.dbunit.util.search.Edge  - compareTo(o=SCOPEDCONTENTCONDITIONS_SCOPEDCONTENT(SCOPED_CONTENT_ID)->SCOPEDCONTENT(ID)) - start
192729 [main] DEBUG org.dbunit.util.SQLHelper  - close(resultSet=org.apache.commons.dbcp.DelegatingResultSet@6a42ca37) - start
192730 [main] DEBUG org.dbunit.util.search.DepthFirstSearch  - reverseSearch:SCOPEDCONTENTCONDITIONS_SCOPEDCONTENT
192730 [main] DEBUG org.dbunit.database.search.ExportedKeysSearchCallback  - searchNode(node=SCOPEDCONTENTCONDITIONS_SCOPEDCONTENT) - start
192730 [main] DEBUG org.dbunit.util.search.DepthFirstSearch  - Pushing (reverse) SCOPEDCONTENTCONDITIONS_SCOPEDCONTENT
192730 [main] DEBUG org.dbunit.database.search.ExportedKeysSearchCallback  - getEdges(node=SCOPEDCONTENTCONDITIONS_SCOPEDCONTENT) - start
192730 [main] DEBUG org.dbunit.database.search.AbstractMetaDataBasedSearchCallback  - getNodesFromExportedKeys(node=SCOPEDCONTENTCONDITIONS_SCOPEDCONTENT) - start
192730 [main] DEBUG org.dbunit.database.search.AbstractMetaDataBasedSearchCallback  - getNodes(type=1, node=SCOPEDCONTENTCONDITIONS_SCOPEDCONTENT) - start
192730 [main] DEBUG org.dbunit.database.DatabaseDataSourceConnection  - getConnection() - start
192730 [main] DEBUG org.dbunit.database.search.AbstractMetaDataBasedSearchCallback  - getNodes(type=1, node=SCOPEDCONTENTCONDITIONS_SCOPEDCONTENT, conn=Transaction-aware proxy for target Connection [jdbc:hsqldb:mem:kontrollDS, UserName=sw, HSQL Database Engine Driver], schema=null, metaData=org.apache.commons.dbcp.DelegatingDatabaseMetaData@46ea1761, edges=[]) - start
192730 [main] DEBUG org.dbunit.database.search.AbstractMetaDataBasedSearchCallback  - Getting edges for node SCOPEDCONTENTCONDITIONS_SCOPEDCONTENT
192730 [main] TRACE org.dbunit.database.DatabaseConfig  - getProperty(name=http://www.dbunit.org/properties/metadataHandler) - start
192730 [main] TRACE org.dbunit.database.DefaultMetadataHandler  - tableExists(metaData=org.apache.commons.dbcp.DelegatingDatabaseMetaData@46ea1761, schemaName=null, tableName=SCOPEDCONTENTCONDITIONS_SCOPEDCONTENT) - start
192732 [main] DEBUG org.dbunit.util.SQLHelper  - close(resultSet=org.apache.commons.dbcp.DelegatingResultSet@7015ef43) - start
192732 [main] DEBUG org.dbunit.util.SQLHelper  - close(resultSet=org.apache.commons.dbcp.DelegatingResultSet@3d9bc244) - start
192732 [main] DEBUG org.dbunit.util.search.DepthFirstSearch  - reverseSearch:SCOPEDCONTENT_SCOPEDCONTENTITEM
192732 [main] DEBUG org.dbunit.database.search.ExportedKeysSearchCallback  - searchNode(node=SCOPEDCONTENT_SCOPEDCONTENTITEM) - start
192732 [main] DEBUG org.dbunit.util.search.DepthFirstSearch  - Pushing (reverse) SCOPEDCONTENT_SCOPEDCONTENTITEM
192732 [main] DEBUG org.dbunit.database.search.ExportedKeysSearchCallback  - getEdges(node=SCOPEDCONTENT_SCOPEDCONTENTITEM) - start
192732 [main] DEBUG org.dbunit.database.search.AbstractMetaDataBasedSearchCallback  - getNodesFromExportedKeys(node=SCOPEDCONTENT_SCOPEDCONTENTITEM) - start
192732 [main] DEBUG org.dbunit.database.search.AbstractMetaDataBasedSearchCallback  - getNodes(type=1, node=SCOPEDCONTENT_SCOPEDCONTENTITEM) - start
192732 [main] DEBUG org.dbunit.database.DatabaseDataSourceConnection  - getConnection() - start
192733 [main] DEBUG org.dbunit.database.search.AbstractMetaDataBasedSearchCallback  - getNodes(type=1, node=SCOPEDCONTENT_SCOPEDCONTENTITEM, conn=Transaction-aware proxy for target Connection [jdbc:hsqldb:mem:kontrollDS, UserName=sw, HSQL Database Engine Driver], schema=null, metaData=org.apache.commons.dbcp.DelegatingDatabaseMetaData@3cef1df5, edges=[]) - start
192733 [main] DEBUG org.dbunit.database.search.AbstractMetaDataBasedSearchCallback  - Getting edges for node SCOPEDCONTENT_SCOPEDCONTENTITEM
192733 [main] TRACE org.dbunit.database.DatabaseConfig  - getProperty(name=http://www.dbunit.org/properties/metadataHandler) - start
192733 [main] TRACE org.dbunit.database.DefaultMetadataHandler  - tableExists(metaData=org.apache.commons.dbcp.DelegatingDatabaseMetaData@3cef1df5, schemaName=null, tableName=SCOPEDCONTENT_SCOPEDCONTENTITEM) - start
192734 [main] DEBUG org.dbunit.util.SQLHelper  - close(resultSet=org.apache.commons.dbcp.DelegatingResultSet@6cb69538) - start
192734 [main] DEBUG org.dbunit.util.SQLHelper  - close(resultSet=org.apache.commons.dbcp.DelegatingResultSet@cdefb0) - start
192734 [main] DEBUG org.dbunit.util.search.DepthFirstSearch  - reverseSearch:SCOPE_REQUESTCONTEXT
192734 [main] DEBUG org.dbunit.database.search.ExportedKeysSearchCallback  - searchNode(node=SCOPE_REQUESTCONTEXT) - start
192734 [main] DEBUG org.dbunit.util.search.DepthFirstSearch  - Pushing (reverse) SCOPE_REQUESTCONTEXT
192735 [main] DEBUG org.dbunit.database.search.ExportedKeysSearchCallback  - getEdges(node=SCOPE_REQUESTCONTEXT) - start
192735 [main] DEBUG org.dbunit.database.search.AbstractMetaDataBasedSearchCallback  - getNodesFromExportedKeys(node=SCOPE_REQUESTCONTEXT) - start
192735 [main] DEBUG org.dbunit.database.search.AbstractMetaDataBasedSearchCallback  - getNodes(type=1, node=SCOPE_REQUESTCONTEXT) - start
192735 [main] DEBUG org.dbunit.database.DatabaseDataSourceConnection  - getConnection() - start
192735 [main] DEBUG org.dbunit.database.search.AbstractMetaDataBasedSearchCallback  - getNodes(type=1, node=SCOPE_REQUESTCONTEXT, conn=Transaction-aware proxy for target Connection [jdbc:hsqldb:mem:kontrollDS, UserName=sw, HSQL Database Engine Driver], schema=null, metaData=org.apache.commons.dbcp.DelegatingDatabaseMetaData@50330c39, edges=[]) - start
192735 [main] DEBUG org.dbunit.database.search.AbstractMetaDataBasedSearchCallback  - Getting edges for node SCOPE_REQUESTCONTEXT
192735 [main] TRACE org.dbunit.database.DatabaseConfig  - getProperty(name=http://www.dbunit.org/properties/metadataHandler) - start
192735 [main] TRACE org.dbunit.database.DefaultMetadataHandler  - tableExists(metaData=org.apache.commons.dbcp.DelegatingDatabaseMetaData@50330c39, schemaName=null, tableName=SCOPE_REQUESTCONTEXT) - start
192736 [main] DEBUG org.dbunit.util.SQLHelper  - close(resultSet=org.apache.commons.dbcp.DelegatingResultSet@63060776) - start
192737 [main] DEBUG org.dbunit.util.SQLHelper  - close(resultSet=org.apache.commons.dbcp.DelegatingResultSet@40083eb2) - start
192737 [main] DEBUG org.dbunit.util.search.DepthFirstSearch  - search:SCOPEDCONTENTCONDITIONS_SCOPEDCONTENT
192737 [main] DEBUG org.dbunit.database.search.ExportedKeysSearchCallback  - searchNode(node=SCOPEDCONTENTCONDITIONS_SCOPEDCONTENT) - start
192737 [main] DEBUG org.dbunit.util.search.DepthFirstSearch  - Pushing SCOPEDCONTENTCONDITIONS_SCOPEDCONTENT
192737 [main] DEBUG org.dbunit.database.search.ExportedKeysSearchCallback  - getEdges(node=SCOPEDCONTENTCONDITIONS_SCOPEDCONTENT) - start
192737 [main] DEBUG org.dbunit.database.search.AbstractMetaDataBasedSearchCallback  - getNodesFromExportedKeys(node=SCOPEDCONTENTCONDITIONS_SCOPEDCONTENT) - start
192737 [main] DEBUG org.dbunit.database.search.AbstractMetaDataBasedSearchCallback  - getNodes(type=1, node=SCOPEDCONTENTCONDITIONS_SCOPEDCONTENT) - start
192737 [main] DEBUG org.dbunit.database.DatabaseDataSourceConnection  - getConnection() - start
192737 [main] DEBUG org.dbunit.database.search.AbstractMetaDataBasedSearchCallback  - getNodes(type=1, node=SCOPEDCONTENTCONDITIONS_SCOPEDCONTENT, conn=Transaction-aware proxy for target Connection [jdbc:hsqldb:mem:kontrollDS, UserName=sw, HSQL Database Engine Driver], schema=null, metaData=org.apache.commons.dbcp.DelegatingDatabaseMetaData@5d4c38f5, edges=[]) - start
192738 [main] DEBUG org.dbunit.database.search.AbstractMetaDataBasedSearchCallback  - Getting edges for node SCOPEDCONTENTCONDITIONS_SCOPEDCONTENT
192738 [main] TRACE org.dbunit.database.DatabaseConfig  - getProperty(name=http://www.dbunit.org/properties/metadataHandler) - start
192738 [main] TRACE org.dbunit.database.DefaultMetadataHandler  - tableExists(metaData=org.apache.commons.dbcp.DelegatingDatabaseMetaData@5d4c38f5, schemaName=null, tableName=SCOPEDCONTENTCONDITIONS_SCOPEDCONTENT) - start
192739 [main] DEBUG org.dbunit.util.SQLHelper  - close(resultSet=org.apache.commons.dbcp.DelegatingResultSet@12bcce29) - start
192739 [main] DEBUG org.dbunit.util.SQLHelper  - close(resultSet=org.apache.commons.dbcp.DelegatingResultSet@533054a7) - start
192739 [main] DEBUG org.dbunit.util.search.DepthFirstSearch  - Adding node SCOPEDCONTENTCONDITIONS_SCOPEDCONTENT to the final result
192739 [main] DEBUG org.dbunit.util.search.DepthFirstSearch  - search:SCOPEDCONTENT_SCOPEDCONTENTITEM
192739 [main] DEBUG org.dbunit.database.search.ExportedKeysSearchCallback  - searchNode(node=SCOPEDCONTENT_SCOPEDCONTENTITEM) - start
192739 [main] DEBUG org.dbunit.util.search.DepthFirstSearch  - Pushing SCOPEDCONTENT_SCOPEDCONTENTITEM
192739 [main] DEBUG org.dbunit.database.search.ExportedKeysSearchCallback  - getEdges(node=SCOPEDCONTENT_SCOPEDCONTENTITEM) - start
192740 [main] DEBUG org.dbunit.database.search.AbstractMetaDataBasedSearchCallback  - getNodesFromExportedKeys(node=SCOPEDCONTENT_SCOPEDCONTENTITEM) - start
192740 [main] DEBUG org.dbunit.database.search.AbstractMetaDataBasedSearchCallback  - getNodes(type=1, node=SCOPEDCONTENT_SCOPEDCONTENTITEM) - start
192740 [main] DEBUG org.dbunit.database.DatabaseDataSourceConnection  - getConnection() - start
192740 [main] DEBUG org.dbunit.database.search.AbstractMetaDataBasedSearchCallback  - getNodes(type=1, node=SCOPEDCONTENT_SCOPEDCONTENTITEM, conn=Transaction-aware proxy for target Connection [jdbc:hsqldb:mem:kontrollDS, UserName=sw, HSQL Database Engine Driver], schema=null, metaData=org.apache.commons.dbcp.DelegatingDatabaseMetaData@a05ca9c, edges=[]) - start
192740 [main] DEBUG org.dbunit.database.search.AbstractMetaDataBasedSearchCallback  - Getting edges for node SCOPEDCONTENT_SCOPEDCONTENTITEM
192740 [main] TRACE org.dbunit.database.DatabaseConfig  - getProperty(name=http://www.dbunit.org/properties/metadataHandler) - start
192740 [main] TRACE org.dbunit.database.DefaultMetadataHandler  - tableExists(metaData=org.apache.commons.dbcp.DelegatingDatabaseMetaData@a05ca9c, schemaName=null, tableName=SCOPEDCONTENT_SCOPEDCONTENTITEM) - start
192741 [main] DEBUG org.dbunit.util.SQLHelper  - close(resultSet=org.apache.commons.dbcp.DelegatingResultSet@5f14947b) - start
192744 [main] DEBUG org.dbunit.util.SQLHelper  - close(resultSet=org.apache.commons.dbcp.DelegatingResultSet@7575a8b) - start
192744 [main] DEBUG org.dbunit.util.search.DepthFirstSearch  - Adding node SCOPEDCONTENT_SCOPEDCONTENTITEM to the final result
192744 [main] DEBUG org.dbunit.util.search.DepthFirstSearch  - search:SCOPEDCONTENT
192744 [main] DEBUG org.dbunit.database.search.ExportedKeysSearchCallback  - searchNode(node=SCOPEDCONTENT) - start
192744 [main] DEBUG org.dbunit.util.search.DepthFirstSearch  - Pushing SCOPEDCONTENT
192744 [main] DEBUG org.dbunit.database.search.ExportedKeysSearchCallback  - getEdges(node=SCOPEDCONTENT) - start
192744 [main] DEBUG org.dbunit.database.search.AbstractMetaDataBasedSearchCallback  - getNodesFromExportedKeys(node=SCOPEDCONTENT) - start
192744 [main] DEBUG org.dbunit.database.search.AbstractMetaDataBasedSearchCallback  - getNodes(type=1, node=SCOPEDCONTENT) - start
192744 [main] DEBUG org.dbunit.database.DatabaseDataSourceConnection  - getConnection() - start
192744 [main] DEBUG org.dbunit.database.search.AbstractMetaDataBasedSearchCallback  - getNodes(type=1, node=SCOPEDCONTENT, conn=Transaction-aware proxy for target Connection [jdbc:hsqldb:mem:kontrollDS, UserName=sw, HSQL Database Engine Driver], schema=null, metaData=org.apache.commons.dbcp.DelegatingDatabaseMetaData@77f95f70, edges=[]) - start
192744 [main] DEBUG org.dbunit.database.search.AbstractMetaDataBasedSearchCallback  - Getting edges for node SCOPEDCONTENT
192744 [main] TRACE org.dbunit.database.DatabaseConfig  - getProperty(name=http://www.dbunit.org/properties/metadataHandler) - start
192744 [main] TRACE org.dbunit.database.DefaultMetadataHandler  - tableExists(metaData=org.apache.commons.dbcp.DelegatingDatabaseMetaData@77f95f70, schemaName=null, tableName=SCOPEDCONTENT) - start
192745 [main] DEBUG org.dbunit.util.SQLHelper  - close(resultSet=org.apache.commons.dbcp.DelegatingResultSet@48ca3088) - start
192745 [main] DEBUG org.dbunit.util.QualifiedTableName  - getQualifiedNameIfEnabled(config=org.dbunit.database.DatabaseConfig[, _propertyMap={http://www.dbunit.org/properties/statementFactory=org.dbunit.database.statement.PreparedStatementFactory@626bc2b8, http://www.dbunit.org/features/caseSensitiveTableNames=false, http://www.dbunit.org/properties/fetchSize=100, http://www.dbunit.org/features/batchedStatements=false, http://www.dbunit.org/properties/metadataHandler=org.dbunit.database.DefaultMetadataHandler@3eeace42, http://www.dbunit.org/properties/datatypeFactory=org.dbunit.dataset.datatype.DefaultDataTypeFactory[_toleratedDeltaMap=org.dbunit.dataset.datatype.ToleratedDeltaMap@6452310a], http://www.dbunit.org/properties/escapePattern=null, http://www.dbunit.org/properties/batchSize=100, http://www.dbunit.org/features/qualifiedTableNames=false, http://www.dbunit.org/properties/tableType=[Ljava.lang.String;@5011bafa, http://www.dbunit.org/properties/resultSetTableFactory=org.dbunit.database.CachedResultSetTableFactory@10bcf083, http://www.dbunit.org/features/datatypeWarning=true}]) - start
192745 [main] TRACE org.dbunit.database.DatabaseConfig  - getFeature(name=http://www.dbunit.org/features/qualifiedTableNames) - start
192745 [main] TRACE org.dbunit.database.DatabaseConfig  - getProperty(name=http://www.dbunit.org/features/qualifiedTableNames) - start
192745 [main] DEBUG org.dbunit.util.QualifiedTableName  - Qualified table names feature is disabled. Returning plain table name
192745 [main] DEBUG org.dbunit.util.QualifiedTableName  - getQualifiedName(prefix=null, name=SCOPEDCONTENT, escapePattern=null) - start
192745 [main] DEBUG org.dbunit.util.QualifiedTableName  - getQualifiedNameIfEnabled(config=org.dbunit.database.DatabaseConfig[, _propertyMap={http://www.dbunit.org/properties/statementFactory=org.dbunit.database.statement.PreparedStatementFactory@626bc2b8, http://www.dbunit.org/features/caseSensitiveTableNames=false, http://www.dbunit.org/properties/fetchSize=100, http://www.dbunit.org/features/batchedStatements=false, http://www.dbunit.org/properties/metadataHandler=org.dbunit.database.DefaultMetadataHandler@3eeace42, http://www.dbunit.org/properties/datatypeFactory=org.dbunit.dataset.datatype.DefaultDataTypeFactory[_toleratedDeltaMap=org.dbunit.dataset.datatype.ToleratedDeltaMap@6452310a], http://www.dbunit.org/properties/escapePattern=null, http://www.dbunit.org/properties/batchSize=100, http://www.dbunit.org/features/qualifiedTableNames=false, http://www.dbunit.org/properties/tableType=[Ljava.lang.String;@5011bafa, http://www.dbunit.org/properties/resultSetTableFactory=org.dbunit.database.CachedResultSetTableFactory@10bcf083, http://www.dbunit.org/features/datatypeWarning=true}]) - start
192746 [main] TRACE org.dbunit.database.DatabaseConfig  - getFeature(name=http://www.dbunit.org/features/qualifiedTableNames) - start
192746 [main] TRACE org.dbunit.database.DatabaseConfig  - getProperty(name=http://www.dbunit.org/features/qualifiedTableNames) - start
192746 [main] DEBUG org.dbunit.util.QualifiedTableName  - Qualified table names feature is disabled. Returning plain table name
192746 [main] DEBUG org.dbunit.util.QualifiedTableName  - getQualifiedName(prefix=null, name=SCOPEDCONTENTCONDITIONS_SCOPEDCONTENT, escapePattern=null) - start
192746 [main] DEBUG org.dbunit.database.search.AbstractMetaDataBasedSearchCallback  - newEdge(rs=org.apache.commons.dbcp.DelegatingResultSet@709999a6, type=1, from=SCOPEDCONTENT, to=SCOPEDCONTENTCONDITIONS_SCOPEDCONTENT, fkColumn=SCOPED_CONTENT_ID, pkColumn=ID) - start
192746 [main] DEBUG org.dbunit.database.search.AbstractMetaDataBasedSearchCallback  - createFKEdge(rs=org.apache.commons.dbcp.DelegatingResultSet@709999a6, type=1, from=SCOPEDCONTENT, to=SCOPEDCONTENTCONDITIONS_SCOPEDCONTENT, fkColumn=SCOPED_CONTENT_ID, pkColumn=ID) - start
192746 [main] DEBUG org.dbunit.database.search.AbstractMetaDataBasedSearchCallback  - Adding edge SCOPEDCONTENTCONDITIONS_SCOPEDCONTENT(SCOPED_CONTENT_ID)->SCOPEDCONTENT(ID)
192746 [main] DEBUG org.dbunit.util.search.Edge  - compareTo(o=SCOPEDCONTENTCONDITIONS_SCOPEDCONTENT(SCOPED_CONTENT_ID)->SCOPEDCONTENT(ID)) - start
192746 [main] DEBUG org.dbunit.util.QualifiedTableName  - getQualifiedNameIfEnabled(config=org.dbunit.database.DatabaseConfig[, _propertyMap={http://www.dbunit.org/properties/statementFactory=org.dbunit.database.statement.PreparedStatementFactory@626bc2b8, http://www.dbunit.org/features/caseSensitiveTableNames=false, http://www.dbunit.org/properties/fetchSize=100, http://www.dbunit.org/features/batchedStatements=false, http://www.dbunit.org/properties/metadataHandler=org.dbunit.database.DefaultMetadataHandler@3eeace42, http://www.dbunit.org/properties/datatypeFactory=org.dbunit.dataset.datatype.DefaultDataTypeFactory[_toleratedDeltaMap=org.dbunit.dataset.datatype.ToleratedDeltaMap@6452310a], http://www.dbunit.org/properties/escapePattern=null, http://www.dbunit.org/properties/batchSize=100, http://www.dbunit.org/features/qualifiedTableNames=false, http://www.dbunit.org/properties/tableType=[Ljava.lang.String;@5011bafa, http://www.dbunit.org/properties/resultSetTableFactory=org.dbunit.database.CachedResultSetTableFactory@10bcf083, http://www.dbunit.org/features/datatypeWarning=true}]) - start
192746 [main] TRACE org.dbunit.database.DatabaseConfig  - getFeature(name=http://www.dbunit.org/features/qualifiedTableNames) - start
192746 [main] TRACE org.dbunit.database.DatabaseConfig  - getProperty(name=http://www.dbunit.org/features/qualifiedTableNames) - start
192746 [main] DEBUG org.dbunit.util.QualifiedTableName  - Qualified table names feature is disabled. Returning plain table name
192746 [main] DEBUG org.dbunit.util.QualifiedTableName  - getQualifiedName(prefix=null, name=SCOPEDCONTENT, escapePattern=null) - start
192746 [main] DEBUG org.dbunit.util.QualifiedTableName  - getQualifiedNameIfEnabled(config=org.dbunit.database.DatabaseConfig[, _propertyMap={http://www.dbunit.org/properties/statementFactory=org.dbunit.database.statement.PreparedStatementFactory@626bc2b8, http://www.dbunit.org/features/caseSensitiveTableNames=false, http://www.dbunit.org/properties/fetchSize=100, http://www.dbunit.org/features/batchedStatements=false, http://www.dbunit.org/properties/metadataHandler=org.dbunit.database.DefaultMetadataHandler@3eeace42, http://www.dbunit.org/properties/datatypeFactory=org.dbunit.dataset.datatype.DefaultDataTypeFactory[_toleratedDeltaMap=org.dbunit.dataset.datatype.ToleratedDeltaMap@6452310a], http://www.dbunit.org/properties/escapePattern=null, http://www.dbunit.org/properties/batchSize=100, http://www.dbunit.org/features/qualifiedTableNames=false, http://www.dbunit.org/properties/tableType=[Ljava.lang.String;@5011bafa, http://www.dbunit.org/properties/resultSetTableFactory=org.dbunit.database.CachedResultSetTableFactory@10bcf083, http://www.dbunit.org/features/datatypeWarning=true}]) - start
192747 [main] TRACE org.dbunit.database.DatabaseConfig  - getFeature(name=http://www.dbunit.org/features/qualifiedTableNames) - start
192747 [main] TRACE org.dbunit.database.DatabaseConfig  - getProperty(name=http://www.dbunit.org/features/qualifiedTableNames) - start
192747 [main] DEBUG org.dbunit.util.QualifiedTableName  - Qualified table names feature is disabled. Returning plain table name
192747 [main] DEBUG org.dbunit.util.QualifiedTableName  - getQualifiedName(prefix=null, name=SCOPEDCONTENT_SCOPEDCONTENTITEM, escapePattern=null) - start
192747 [main] DEBUG org.dbunit.database.search.AbstractMetaDataBasedSearchCallback  - newEdge(rs=org.apache.commons.dbcp.DelegatingResultSet@709999a6, type=1, from=SCOPEDCONTENT, to=SCOPEDCONTENT_SCOPEDCONTENTITEM, fkColumn=SCOPED_CONTENT_ITEM_ID, pkColumn=ID) - start
192747 [main] DEBUG org.dbunit.database.search.AbstractMetaDataBasedSearchCallback  - createFKEdge(rs=org.apache.commons.dbcp.DelegatingResultSet@709999a6, type=1, from=SCOPEDCONTENT, to=SCOPEDCONTENT_SCOPEDCONTENTITEM, fkColumn=SCOPED_CONTENT_ITEM_ID, pkColumn=ID) - start
192747 [main] DEBUG org.dbunit.database.search.AbstractMetaDataBasedSearchCallback  - Adding edge SCOPEDCONTENT_SCOPEDCONTENTITEM(SCOPED_CONTENT_ITEM_ID)->SCOPEDCONTENT(ID)
192747 [main] DEBUG org.dbunit.util.search.Edge  - compareTo(o=SCOPEDCONTENTCONDITIONS_SCOPEDCONTENT(SCOPED_CONTENT_ID)->SCOPEDCONTENT(ID)) - start
192747 [main] DEBUG org.dbunit.util.SQLHelper  - close(resultSet=org.apache.commons.dbcp.DelegatingResultSet@709999a6) - start
192747 [main] DEBUG org.dbunit.util.search.DepthFirstSearch  - search:SCOPEDCONTENT
192747 [main] DEBUG org.dbunit.util.search.DepthFirstSearch  - already searched; returning true
192747 [main] DEBUG org.dbunit.util.search.DepthFirstSearch  - search:SCOPEDCONTENT
192747 [main] DEBUG org.dbunit.util.search.DepthFirstSearch  - already searched; returning true
192747 [main] DEBUG org.dbunit.util.search.DepthFirstSearch  - Adding node SCOPEDCONTENT to the final result
192747 [main] DEBUG org.dbunit.util.search.DepthFirstSearch  - search:SCOPE_REQUESTCONTEXT
192747 [main] DEBUG org.dbunit.database.search.ExportedKeysSearchCallback  - searchNode(node=SCOPE_REQUESTCONTEXT) - start
192747 [main] DEBUG org.dbunit.util.search.DepthFirstSearch  - Pushing SCOPE_REQUESTCONTEXT
192747 [main] DEBUG org.dbunit.database.search.ExportedKeysSearchCallback  - getEdges(node=SCOPE_REQUESTCONTEXT) - start
192747 [main] DEBUG org.dbunit.database.search.AbstractMetaDataBasedSearchCallback  - getNodesFromExportedKeys(node=SCOPE_REQUESTCONTEXT) - start
192747 [main] DEBUG org.dbunit.database.search.AbstractMetaDataBasedSearchCallback  - getNodes(type=1, node=SCOPE_REQUESTCONTEXT) - start
192747 [main] DEBUG org.dbunit.database.DatabaseDataSourceConnection  - getConnection() - start
192747 [main] DEBUG org.dbunit.database.search.AbstractMetaDataBasedSearchCallback  - getNodes(type=1, node=SCOPE_REQUESTCONTEXT, conn=Transaction-aware proxy for target Connection [jdbc:hsqldb:mem:kontrollDS, UserName=sw, HSQL Database Engine Driver], schema=null, metaData=org.apache.commons.dbcp.DelegatingDatabaseMetaData@74369b0a, edges=[]) - start
192747 [main] DEBUG org.dbunit.database.search.AbstractMetaDataBasedSearchCallback  - Getting edges for node SCOPE_REQUESTCONTEXT
192747 [main] TRACE org.dbunit.database.DatabaseConfig  - getProperty(name=http://www.dbunit.org/properties/metadataHandler) - start
192748 [main] TRACE org.dbunit.database.DefaultMetadataHandler  - tableExists(metaData=org.apache.commons.dbcp.DelegatingDatabaseMetaData@74369b0a, schemaName=null, tableName=SCOPE_REQUESTCONTEXT) - start
192749 [main] DEBUG org.dbunit.util.SQLHelper  - close(resultSet=org.apache.commons.dbcp.DelegatingResultSet@102d8c9a) - start
192749 [main] DEBUG org.dbunit.util.SQLHelper  - close(resultSet=org.apache.commons.dbcp.DelegatingResultSet@37990627) - start
192749 [main] DEBUG org.dbunit.util.search.DepthFirstSearch  - Adding node SCOPE_REQUESTCONTEXT to the final result
192749 [main] DEBUG org.dbunit.util.search.DepthFirstSearch  - search:SCOPE
192749 [main] DEBUG org.dbunit.database.search.ExportedKeysSearchCallback  - searchNode(node=SCOPE) - start
192749 [main] DEBUG org.dbunit.util.search.DepthFirstSearch  - Pushing SCOPE
192749 [main] DEBUG org.dbunit.database.search.ExportedKeysSearchCallback  - getEdges(node=SCOPE) - start
192749 [main] DEBUG org.dbunit.database.search.AbstractMetaDataBasedSearchCallback  - getNodesFromExportedKeys(node=SCOPE) - start
192749 [main] DEBUG org.dbunit.database.search.AbstractMetaDataBasedSearchCallback  - getNodes(type=1, node=SCOPE) - start
192749 [main] DEBUG org.dbunit.database.DatabaseDataSourceConnection  - getConnection() - start
192750 [main] DEBUG org.dbunit.database.search.AbstractMetaDataBasedSearchCallback  - getNodes(type=1, node=SCOPE, conn=Transaction-aware proxy for target Connection [jdbc:hsqldb:mem:kontrollDS, UserName=sw, HSQL Database Engine Driver], schema=null, metaData=org.apache.commons.dbcp.DelegatingDatabaseMetaData@1f6306f5, edges=[]) - start
192750 [main] DEBUG org.dbunit.database.search.AbstractMetaDataBasedSearchCallback  - Getting edges for node SCOPE
192750 [main] TRACE org.dbunit.database.DatabaseConfig  - getProperty(name=http://www.dbunit.org/properties/metadataHandler) - start
192750 [main] TRACE org.dbunit.database.DefaultMetadataHandler  - tableExists(metaData=org.apache.commons.dbcp.DelegatingDatabaseMetaData@1f6306f5, schemaName=null, tableName=SCOPE) - start
192751 [main] DEBUG org.dbunit.util.SQLHelper  - close(resultSet=org.apache.commons.dbcp.DelegatingResultSet@20bbf787) - start
192751 [main] DEBUG org.dbunit.util.QualifiedTableName  - getQualifiedNameIfEnabled(config=org.dbunit.database.DatabaseConfig[, _propertyMap={http://www.dbunit.org/properties/statementFactory=org.dbunit.database.statement.PreparedStatementFactory@626bc2b8, http://www.dbunit.org/features/caseSensitiveTableNames=false, http://www.dbunit.org/properties/fetchSize=100, http://www.dbunit.org/features/batchedStatements=false, http://www.dbunit.org/properties/metadataHandler=org.dbunit.database.DefaultMetadataHandler@3eeace42, http://www.dbunit.org/properties/datatypeFactory=org.dbunit.dataset.datatype.DefaultDataTypeFactory[_toleratedDeltaMap=org.dbunit.dataset.datatype.ToleratedDeltaMap@6452310a], http://www.dbunit.org/properties/escapePattern=null, http://www.dbunit.org/properties/batchSize=100, http://www.dbunit.org/features/qualifiedTableNames=false, http://www.dbunit.org/properties/tableType=[Ljava.lang.String;@5011bafa, http://www.dbunit.org/properties/resultSetTableFactory=org.dbunit.database.CachedResultSetTableFactory@10bcf083, http://www.dbunit.org/features/datatypeWarning=true}]) - start
192751 [main] TRACE org.dbunit.database.DatabaseConfig  - getFeature(name=http://www.dbunit.org/features/qualifiedTableNames) - start
192751 [main] TRACE org.dbunit.database.DatabaseConfig  - getProperty(name=http://www.dbunit.org/features/qualifiedTableNames) - start
192751 [main] DEBUG org.dbunit.util.QualifiedTableName  - Qualified table names feature is disabled. Returning plain table name
192751 [main] DEBUG org.dbunit.util.QualifiedTableName  - getQualifiedName(prefix=null, name=SCOPE, escapePattern=null) - start
192751 [main] DEBUG org.dbunit.util.QualifiedTableName  - getQualifiedNameIfEnabled(config=org.dbunit.database.DatabaseConfig[, _propertyMap={http://www.dbunit.org/properties/statementFactory=org.dbunit.database.statement.PreparedStatementFactory@626bc2b8, http://www.dbunit.org/features/caseSensitiveTableNames=false, http://www.dbunit.org/properties/fetchSize=100, http://www.dbunit.org/features/batchedStatements=false, http://www.dbunit.org/properties/metadataHandler=org.dbunit.database.DefaultMetadataHandler@3eeace42, http://www.dbunit.org/properties/datatypeFactory=org.dbunit.dataset.datatype.DefaultDataTypeFactory[_toleratedDeltaMap=org.dbunit.dataset.datatype.ToleratedDeltaMap@6452310a], http://www.dbunit.org/properties/escapePattern=null, http://www.dbunit.org/properties/batchSize=100, http://www.dbunit.org/features/qualifiedTableNames=false, http://www.dbunit.org/properties/tableType=[Ljava.lang.String;@5011bafa, http://www.dbunit.org/properties/resultSetTableFactory=org.dbunit.database.CachedResultSetTableFactory@10bcf083, http://www.dbunit.org/features/datatypeWarning=true}]) - start
192751 [main] TRACE org.dbunit.database.DatabaseConfig  - getFeature(name=http://www.dbunit.org/features/qualifiedTableNames) - start
192751 [main] TRACE org.dbunit.database.DatabaseConfig  - getProperty(name=http://www.dbunit.org/features/qualifiedTableNames) - start
192751 [main] DEBUG org.dbunit.util.QualifiedTableName  - Qualified table names feature is disabled. Returning plain table name
192751 [main] DEBUG org.dbunit.util.QualifiedTableName  - getQualifiedName(prefix=null, name=SCOPE_REQUESTCONTEXT, escapePattern=null) - start
192751 [main] DEBUG org.dbunit.database.search.AbstractMetaDataBasedSearchCallback  - newEdge(rs=org.apache.commons.dbcp.DelegatingResultSet@4630e45c, type=1, from=SCOPE, to=SCOPE_REQUESTCONTEXT, fkColumn=SCOPE_ID, pkColumn=ID) - start
192752 [main] DEBUG org.dbunit.database.search.AbstractMetaDataBasedSearchCallback  - createFKEdge(rs=org.apache.commons.dbcp.DelegatingResultSet@4630e45c, type=1, from=SCOPE, to=SCOPE_REQUESTCONTEXT, fkColumn=SCOPE_ID, pkColumn=ID) - start
192752 [main] DEBUG org.dbunit.database.search.AbstractMetaDataBasedSearchCallback  - Adding edge SCOPE_REQUESTCONTEXT(SCOPE_ID)->SCOPE(ID)
192752 [main] DEBUG org.dbunit.util.search.Edge  - compareTo(o=SCOPE_REQUESTCONTEXT(SCOPE_ID)->SCOPE(ID)) - start
192752 [main] DEBUG org.dbunit.util.QualifiedTableName  - getQualifiedNameIfEnabled(config=org.dbunit.database.DatabaseConfig[, _propertyMap={http://www.dbunit.org/properties/statementFactory=org.dbunit.database.statement.PreparedStatementFactory@626bc2b8, http://www.dbunit.org/features/caseSensitiveTableNames=false, http://www.dbunit.org/properties/fetchSize=100, http://www.dbunit.org/features/batchedStatements=false, http://www.dbunit.org/properties/metadataHandler=org.dbunit.database.DefaultMetadataHandler@3eeace42, http://www.dbunit.org/properties/datatypeFactory=org.dbunit.dataset.datatype.DefaultDataTypeFactory[_toleratedDeltaMap=org.dbunit.dataset.datatype.ToleratedDeltaMap@6452310a], http://www.dbunit.org/properties/escapePattern=null, http://www.dbunit.org/properties/batchSize=100, http://www.dbunit.org/features/qualifiedTableNames=false, http://www.dbunit.org/properties/tableType=[Ljava.lang.String;@5011bafa, http://www.dbunit.org/properties/resultSetTableFactory=org.dbunit.database.CachedResultSetTableFactory@10bcf083, http://www.dbunit.org/features/datatypeWarning=true}]) - start
192752 [main] TRACE org.dbunit.database.DatabaseConfig  - getFeature(name=http://www.dbunit.org/features/qualifiedTableNames) - start
192752 [main] TRACE org.dbunit.database.DatabaseConfig  - getProperty(name=http://www.dbunit.org/features/qualifiedTableNames) - start
192752 [main] DEBUG org.dbunit.util.QualifiedTableName  - Qualified table names feature is disabled. Returning plain table name
192752 [main] DEBUG org.dbunit.util.QualifiedTableName  - getQualifiedName(prefix=null, name=SCOPE, escapePattern=null) - start
192752 [main] DEBUG org.dbunit.util.QualifiedTableName  - getQualifiedNameIfEnabled(config=org.dbunit.database.DatabaseConfig[, _propertyMap={http://www.dbunit.org/properties/statementFactory=org.dbunit.database.statement.PreparedStatementFactory@626bc2b8, http://www.dbunit.org/features/caseSensitiveTableNames=false, http://www.dbunit.org/properties/fetchSize=100, http://www.dbunit.org/features/batchedStatements=false, http://www.dbunit.org/properties/metadataHandler=org.dbunit.database.DefaultMetadataHandler@3eeace42, http://www.dbunit.org/properties/datatypeFactory=org.dbunit.dataset.datatype.DefaultDataTypeFactory[_toleratedDeltaMap=org.dbunit.dataset.datatype.ToleratedDeltaMap@6452310a], http://www.dbunit.org/properties/escapePattern=null, http://www.dbunit.org/properties/batchSize=100, http://www.dbunit.org/features/qualifiedTableNames=false, http://www.dbunit.org/properties/tableType=[Ljava.lang.String;@5011bafa, http://www.dbunit.org/properties/resultSetTableFactory=org.dbunit.database.CachedResultSetTableFactory@10bcf083, http://www.dbunit.org/features/datatypeWarning=true}]) - start
192752 [main] TRACE org.dbunit.database.DatabaseConfig  - getFeature(name=http://www.dbunit.org/features/qualifiedTableNames) - start
192752 [main] TRACE org.dbunit.database.DatabaseConfig  - getProperty(name=http://www.dbunit.org/features/qualifiedTableNames) - start
192752 [main] DEBUG org.dbunit.util.QualifiedTableName  - Qualified table names feature is disabled. Returning plain table name
192752 [main] DEBUG org.dbunit.util.QualifiedTableName  - getQualifiedName(prefix=null, name=SCOPEDCONTENT, escapePattern=null) - start
192752 [main] DEBUG org.dbunit.database.search.AbstractMetaDataBasedSearchCallback  - newEdge(rs=org.apache.commons.dbcp.DelegatingResultSet@4630e45c, type=1, from=SCOPE, to=SCOPEDCONTENT, fkColumn=SCOPE, pkColumn=ID) - start
192753 [main] DEBUG org.dbunit.database.search.AbstractMetaDataBasedSearchCallback  - createFKEdge(rs=org.apache.commons.dbcp.DelegatingResultSet@4630e45c, type=1, from=SCOPE, to=SCOPEDCONTENT, fkColumn=SCOPE, pkColumn=ID) - start
192753 [main] DEBUG org.dbunit.database.search.AbstractMetaDataBasedSearchCallback  - Adding edge SCOPEDCONTENT(SCOPE)->SCOPE(ID)
192753 [main] DEBUG org.dbunit.util.search.Edge  - compareTo(o=SCOPE_REQUESTCONTEXT(SCOPE_ID)->SCOPE(ID)) - start
192753 [main] DEBUG org.dbunit.util.SQLHelper  - close(resultSet=org.apache.commons.dbcp.DelegatingResultSet@4630e45c) - start
192753 [main] DEBUG org.dbunit.util.search.DepthFirstSearch  - search:SCOPE
192753 [main] DEBUG org.dbunit.util.search.DepthFirstSearch  - already searched; returning true
192753 [main] DEBUG org.dbunit.util.search.DepthFirstSearch  - search:SCOPE
192753 [main] DEBUG org.dbunit.util.search.DepthFirstSearch  - already searched; returning true
192753 [main] DEBUG org.dbunit.util.search.DepthFirstSearch  - Adding node SCOPE to the final result
192753 [main] DEBUG org.dbunit.util.CollectionsHelper  - setToStrings(set=[SCOPEDCONTENTCONDITIONS_SCOPEDCONTENT, SCOPEDCONTENT_SCOPEDCONTENTITEM, SCOPEDCONTENT, SCOPE_REQUESTCONTEXT, SCOPE]) - start
192753 [main] DEBUG org.dbunit.database.search.TablesDependencyHelper  - getDirectDependsOnTables(connection=_databaseConfig=org.dbunit.database.DatabaseConfig[, _propertyMap={http://www.dbunit.org/properties/statementFactory=org.dbunit.database.statement.PreparedStatementFactory@626bc2b8, http://www.dbunit.org/features/caseSensitiveTableNames=false, http://www.dbunit.org/properties/fetchSize=100, http://www.dbunit.org/features/batchedStatements=false, http://www.dbunit.org/properties/metadataHandler=org.dbunit.database.DefaultMetadataHandler@3eeace42, http://www.dbunit.org/properties/datatypeFactory=org.dbunit.dataset.datatype.DefaultDataTypeFactory[_toleratedDeltaMap=org.dbunit.dataset.datatype.ToleratedDeltaMap@6452310a], http://www.dbunit.org/properties/escapePattern=null, http://www.dbunit.org/properties/batchSize=100, http://www.dbunit.org/features/qualifiedTableNames=false, http://www.dbunit.org/properties/tableType=[Ljava.lang.String;@5011bafa, http://www.dbunit.org/properties/resultSetTableFactory=org.dbunit.database.CachedResultSetTableFactory@10bcf083, http://www.dbunit.org/features/datatypeWarning=true}], _dataSet=AbstractDataSet[_orderedTableNameMap=null], tableName=SCOPE) - start
192753 [main] DEBUG org.dbunit.util.search.DepthFirstSearch  - search(nodesFrom=[SCOPE], callback=org.dbunit.database.search.ExportedKeysSearchCallback@55e76937) - start
192753 [main] DEBUG org.dbunit.util.CollectionsHelper  - objectsToSet(objects=SCOPE) - start
192753 [main] DEBUG org.dbunit.util.search.DepthFirstSearch  - search(nodesFrom=[SCOPE], callback=org.dbunit.database.search.ExportedKeysSearchCallback@55e76937) - start
192753 [main] DEBUG org.dbunit.util.search.DepthFirstSearch  - reverseSearch:SCOPE
192753 [main] DEBUG org.dbunit.database.search.ExportedKeysSearchCallback  - searchNode(node=SCOPE) - start
192753 [main] DEBUG org.dbunit.util.search.DepthFirstSearch  - Pushing (reverse) SCOPE
192753 [main] DEBUG org.dbunit.database.search.ExportedKeysSearchCallback  - getEdges(node=SCOPE) - start
192753 [main] DEBUG org.dbunit.database.search.AbstractMetaDataBasedSearchCallback  - getNodesFromExportedKeys(node=SCOPE) - start
192753 [main] DEBUG org.dbunit.database.search.AbstractMetaDataBasedSearchCallback  - getNodes(type=1, node=SCOPE) - start
192753 [main] DEBUG org.dbunit.database.DatabaseDataSourceConnection  - getConnection() - start
192753 [main] DEBUG org.dbunit.database.search.AbstractMetaDataBasedSearchCallback  - getNodes(type=1, node=SCOPE, conn=Transaction-aware proxy for target Connection [jdbc:hsqldb:mem:kontrollDS, UserName=sw, HSQL Database Engine Driver], schema=null, metaData=org.apache.commons.dbcp.DelegatingDatabaseMetaData@4bacc5f0, edges=[]) - start
192754 [main] DEBUG org.dbunit.database.search.AbstractMetaDataBasedSearchCallback  - Getting edges for node SCOPE
192754 [main] TRACE org.dbunit.database.DatabaseConfig  - getProperty(name=http://www.dbunit.org/properties/metadataHandler) - start
192754 [main] TRACE org.dbunit.database.DefaultMetadataHandler  - tableExists(metaData=org.apache.commons.dbcp.DelegatingDatabaseMetaData@4bacc5f0, schemaName=null, tableName=SCOPE) - start
192755 [main] DEBUG org.dbunit.util.SQLHelper  - close(resultSet=org.apache.commons.dbcp.DelegatingResultSet@6312f761) - start
192755 [main] DEBUG org.dbunit.util.QualifiedTableName  - getQualifiedNameIfEnabled(config=org.dbunit.database.DatabaseConfig[, _propertyMap={http://www.dbunit.org/properties/statementFactory=org.dbunit.database.statement.PreparedStatementFactory@626bc2b8, http://www.dbunit.org/features/caseSensitiveTableNames=false, http://www.dbunit.org/properties/fetchSize=100, http://www.dbunit.org/features/batchedStatements=false, http://www.dbunit.org/properties/metadataHandler=org.dbunit.database.DefaultMetadataHandler@3eeace42, http://www.dbunit.org/properties/datatypeFactory=org.dbunit.dataset.datatype.DefaultDataTypeFactory[_toleratedDeltaMap=org.dbunit.dataset.datatype.ToleratedDeltaMap@6452310a], http://www.dbunit.org/properties/escapePattern=null, http://www.dbunit.org/properties/batchSize=100, http://www.dbunit.org/features/qualifiedTableNames=false, http://www.dbunit.org/properties/tableType=[Ljava.lang.String;@5011bafa, http://www.dbunit.org/properties/resultSetTableFactory=org.dbunit.database.CachedResultSetTableFactory@10bcf083, http://www.dbunit.org/features/datatypeWarning=true}]) - start
192755 [main] TRACE org.dbunit.database.DatabaseConfig  - getFeature(name=http://www.dbunit.org/features/qualifiedTableNames) - start
192755 [main] TRACE org.dbunit.database.DatabaseConfig  - getProperty(name=http://www.dbunit.org/features/qualifiedTableNames) - start
192755 [main] DEBUG org.dbunit.util.QualifiedTableName  - Qualified table names feature is disabled. Returning plain table name
192755 [main] DEBUG org.dbunit.util.QualifiedTableName  - getQualifiedName(prefix=null, name=SCOPE, escapePattern=null) - start
192755 [main] DEBUG org.dbunit.util.QualifiedTableName  - getQualifiedNameIfEnabled(config=org.dbunit.database.DatabaseConfig[, _propertyMap={http://www.dbunit.org/properties/statementFactory=org.dbunit.database.statement.PreparedStatementFactory@626bc2b8, http://www.dbunit.org/features/caseSensitiveTableNames=false, http://www.dbunit.org/properties/fetchSize=100, http://www.dbunit.org/features/batchedStatements=false, http://www.dbunit.org/properties/metadataHandler=org.dbunit.database.DefaultMetadataHandler@3eeace42, http://www.dbunit.org/properties/datatypeFactory=org.dbunit.dataset.datatype.DefaultDataTypeFactory[_toleratedDeltaMap=org.dbunit.dataset.datatype.ToleratedDeltaMap@6452310a], http://www.dbunit.org/properties/escapePattern=null, http://www.dbunit.org/properties/batchSize=100, http://www.dbunit.org/features/qualifiedTableNames=false, http://www.dbunit.org/properties/tableType=[Ljava.lang.String;@5011bafa, http://www.dbunit.org/properties/resultSetTableFactory=org.dbunit.database.CachedResultSetTableFactory@10bcf083, http://www.dbunit.org/features/datatypeWarning=true}]) - start
192755 [main] TRACE org.dbunit.database.DatabaseConfig  - getFeature(name=http://www.dbunit.org/features/qualifiedTableNames) - start
192755 [main] TRACE org.dbunit.database.DatabaseConfig  - getProperty(name=http://www.dbunit.org/features/qualifiedTableNames) - start
192755 [main] DEBUG org.dbunit.util.QualifiedTableName  - Qualified table names feature is disabled. Returning plain table name
192755 [main] DEBUG org.dbunit.util.QualifiedTableName  - getQualifiedName(prefix=null, name=SCOPE_REQUESTCONTEXT, escapePattern=null) - start
192755 [main] DEBUG org.dbunit.database.search.AbstractMetaDataBasedSearchCallback  - newEdge(rs=org.apache.commons.dbcp.DelegatingResultSet@79050c91, type=1, from=SCOPE, to=SCOPE_REQUESTCONTEXT, fkColumn=SCOPE_ID, pkColumn=ID) - start
192755 [main] DEBUG org.dbunit.database.search.AbstractMetaDataBasedSearchCallback  - createFKEdge(rs=org.apache.commons.dbcp.DelegatingResultSet@79050c91, type=1, from=SCOPE, to=SCOPE_REQUESTCONTEXT, fkColumn=SCOPE_ID, pkColumn=ID) - start
192755 [main] DEBUG org.dbunit.database.search.AbstractMetaDataBasedSearchCallback  - Adding edge SCOPE_REQUESTCONTEXT(SCOPE_ID)->SCOPE(ID)
192756 [main] DEBUG org.dbunit.util.search.Edge  - compareTo(o=SCOPE_REQUESTCONTEXT(SCOPE_ID)->SCOPE(ID)) - start
192756 [main] DEBUG org.dbunit.util.QualifiedTableName  - getQualifiedNameIfEnabled(config=org.dbunit.database.DatabaseConfig[, _propertyMap={http://www.dbunit.org/properties/statementFactory=org.dbunit.database.statement.PreparedStatementFactory@626bc2b8, http://www.dbunit.org/features/caseSensitiveTableNames=false, http://www.dbunit.org/properties/fetchSize=100, http://www.dbunit.org/features/batchedStatements=false, http://www.dbunit.org/properties/metadataHandler=org.dbunit.database.DefaultMetadataHandler@3eeace42, http://www.dbunit.org/properties/datatypeFactory=org.dbunit.dataset.datatype.DefaultDataTypeFactory[_toleratedDeltaMap=org.dbunit.dataset.datatype.ToleratedDeltaMap@6452310a], http://www.dbunit.org/properties/escapePattern=null, http://www.dbunit.org/properties/batchSize=100, http://www.dbunit.org/features/qualifiedTableNames=false, http://www.dbunit.org/properties/tableType=[Ljava.lang.String;@5011bafa, http://www.dbunit.org/properties/resultSetTableFactory=org.dbunit.database.CachedResultSetTableFactory@10bcf083, http://www.dbunit.org/features/datatypeWarning=true}]) - start
192756 [main] TRACE org.dbunit.database.DatabaseConfig  - getFeature(name=http://www.dbunit.org/features/qualifiedTableNames) - start
192756 [main] TRACE org.dbunit.database.DatabaseConfig  - getProperty(name=http://www.dbunit.org/features/qualifiedTableNames) - start
192756 [main] DEBUG org.dbunit.util.QualifiedTableName  - Qualified table names feature is disabled. Returning plain table name
192756 [main] DEBUG org.dbunit.util.QualifiedTableName  - getQualifiedName(prefix=null, name=SCOPE, escapePattern=null) - start
192756 [main] DEBUG org.dbunit.util.QualifiedTableName  - getQualifiedNameIfEnabled(config=org.dbunit.database.DatabaseConfig[, _propertyMap={http://www.dbunit.org/properties/statementFactory=org.dbunit.database.statement.PreparedStatementFactory@626bc2b8, http://www.dbunit.org/features/caseSensitiveTableNames=false, http://www.dbunit.org/properties/fetchSize=100, http://www.dbunit.org/features/batchedStatements=false, http://www.dbunit.org/properties/metadataHandler=org.dbunit.database.DefaultMetadataHandler@3eeace42, http://www.dbunit.org/properties/datatypeFactory=org.dbunit.dataset.datatype.DefaultDataTypeFactory[_toleratedDeltaMap=org.dbunit.dataset.datatype.ToleratedDeltaMap@6452310a], http://www.dbunit.org/properties/escapePattern=null, http://www.dbunit.org/properties/batchSize=100, http://www.dbunit.org/features/qualifiedTableNames=false, http://www.dbunit.org/properties/tableType=[Ljava.lang.String;@5011bafa, http://www.dbunit.org/properties/resultSetTableFactory=org.dbunit.database.CachedResultSetTableFactory@10bcf083, http://www.dbunit.org/features/datatypeWarning=true}]) - start
192756 [main] TRACE org.dbunit.database.DatabaseConfig  - getFeature(name=http://www.dbunit.org/features/qualifiedTableNames) - start
192756 [main] TRACE org.dbunit.database.DatabaseConfig  - getProperty(name=http://www.dbunit.org/features/qualifiedTableNames) - start
192756 [main] DEBUG org.dbunit.util.QualifiedTableName  - Qualified table names feature is disabled. Returning plain table name
192756 [main] DEBUG org.dbunit.util.QualifiedTableName  - getQualifiedName(prefix=null, name=SCOPEDCONTENT, escapePattern=null) - start
192756 [main] DEBUG org.dbunit.database.search.AbstractMetaDataBasedSearchCallback  - newEdge(rs=org.apache.commons.dbcp.DelegatingResultSet@79050c91, type=1, from=SCOPE, to=SCOPEDCONTENT, fkColumn=SCOPE, pkColumn=ID) - start
192756 [main] DEBUG org.dbunit.database.search.AbstractMetaDataBasedSearchCallback  - createFKEdge(rs=org.apache.commons.dbcp.DelegatingResultSet@79050c91, type=1, from=SCOPE, to=SCOPEDCONTENT, fkColumn=SCOPE, pkColumn=ID) - start
192756 [main] DEBUG org.dbunit.database.search.AbstractMetaDataBasedSearchCallback  - Adding edge SCOPEDCONTENT(SCOPE)->SCOPE(ID)
192756 [main] DEBUG org.dbunit.util.search.Edge  - compareTo(o=SCOPE_REQUESTCONTEXT(SCOPE_ID)->SCOPE(ID)) - start
192756 [main] DEBUG org.dbunit.util.SQLHelper  - close(resultSet=org.apache.commons.dbcp.DelegatingResultSet@79050c91) - start
192756 [main] DEBUG org.dbunit.util.search.DepthFirstSearch  - reverseSearch:SCOPEDCONTENT
192756 [main] DEBUG org.dbunit.database.search.ExportedKeysSearchCallback  - searchNode(node=SCOPEDCONTENT) - start
192756 [main] DEBUG org.dbunit.util.search.DepthFirstSearch  - Pushing (reverse) SCOPEDCONTENT
192756 [main] DEBUG org.dbunit.database.search.ExportedKeysSearchCallback  - getEdges(node=SCOPEDCONTENT) - start
192756 [main] DEBUG org.dbunit.database.search.AbstractMetaDataBasedSearchCallback  - getNodesFromExportedKeys(node=SCOPEDCONTENT) - start
192756 [main] DEBUG org.dbunit.database.search.AbstractMetaDataBasedSearchCallback  - getNodes(type=1, node=SCOPEDCONTENT) - start
192756 [main] DEBUG org.dbunit.database.DatabaseDataSourceConnection  - getConnection() - start
192756 [main] DEBUG org.dbunit.database.search.AbstractMetaDataBasedSearchCallback  - getNodes(type=1, node=SCOPEDCONTENT, conn=Transaction-aware proxy for target Connection [jdbc:hsqldb:mem:kontrollDS, UserName=sw, HSQL Database Engine Driver], schema=null, metaData=org.apache.commons.dbcp.DelegatingDatabaseMetaData@3a7c41a9, edges=[]) - start
192757 [main] DEBUG org.dbunit.database.search.AbstractMetaDataBasedSearchCallback  - Getting edges for node SCOPEDCONTENT
192757 [main] TRACE org.dbunit.database.DatabaseConfig  - getProperty(name=http://www.dbunit.org/properties/metadataHandler) - start
192757 [main] TRACE org.dbunit.database.DefaultMetadataHandler  - tableExists(metaData=org.apache.commons.dbcp.DelegatingDatabaseMetaData@3a7c41a9, schemaName=null, tableName=SCOPEDCONTENT) - start
192758 [main] DEBUG org.dbunit.util.SQLHelper  - close(resultSet=org.apache.commons.dbcp.DelegatingResultSet@30d184fa) - start
192758 [main] DEBUG org.dbunit.util.QualifiedTableName  - getQualifiedNameIfEnabled(config=org.dbunit.database.DatabaseConfig[, _propertyMap={http://www.dbunit.org/properties/statementFactory=org.dbunit.database.statement.PreparedStatementFactory@626bc2b8, http://www.dbunit.org/features/caseSensitiveTableNames=false, http://www.dbunit.org/properties/fetchSize=100, http://www.dbunit.org/features/batchedStatements=false, http://www.dbunit.org/properties/metadataHandler=org.dbunit.database.DefaultMetadataHandler@3eeace42, http://www.dbunit.org/properties/datatypeFactory=org.dbunit.dataset.datatype.DefaultDataTypeFactory[_toleratedDeltaMap=org.dbunit.dataset.datatype.ToleratedDeltaMap@6452310a], http://www.dbunit.org/properties/escapePattern=null, http://www.dbunit.org/properties/batchSize=100, http://www.dbunit.org/features/qualifiedTableNames=false, http://www.dbunit.org/properties/tableType=[Ljava.lang.String;@5011bafa, http://www.dbunit.org/properties/resultSetTableFactory=org.dbunit.database.CachedResultSetTableFactory@10bcf083, http://www.dbunit.org/features/datatypeWarning=true}]) - start
192758 [main] TRACE org.dbunit.database.DatabaseConfig  - getFeature(name=http://www.dbunit.org/features/qualifiedTableNames) - start
192758 [main] TRACE org.dbunit.database.DatabaseConfig  - getProperty(name=http://www.dbunit.org/features/qualifiedTableNames) - start
192758 [main] DEBUG org.dbunit.util.QualifiedTableName  - Qualified table names feature is disabled. Returning plain table name
192758 [main] DEBUG org.dbunit.util.QualifiedTableName  - getQualifiedName(prefix=null, name=SCOPEDCONTENT, escapePattern=null) - start
192758 [main] DEBUG org.dbunit.util.QualifiedTableName  - getQualifiedNameIfEnabled(config=org.dbunit.database.DatabaseConfig[, _propertyMap={http://www.dbunit.org/properties/statementFactory=org.dbunit.database.statement.PreparedStatementFactory@626bc2b8, http://www.dbunit.org/features/caseSensitiveTableNames=false, http://www.dbunit.org/properties/fetchSize=100, http://www.dbunit.org/features/batchedStatements=false, http://www.dbunit.org/properties/metadataHandler=org.dbunit.database.DefaultMetadataHandler@3eeace42, http://www.dbunit.org/properties/datatypeFactory=org.dbunit.dataset.datatype.DefaultDataTypeFactory[_toleratedDeltaMap=org.dbunit.dataset.datatype.ToleratedDeltaMap@6452310a], http://www.dbunit.org/properties/escapePattern=null, http://www.dbunit.org/properties/batchSize=100, http://www.dbunit.org/features/qualifiedTableNames=false, http://www.dbunit.org/properties/tableType=[Ljava.lang.String;@5011bafa, http://www.dbunit.org/properties/resultSetTableFactory=org.dbunit.database.CachedResultSetTableFactory@10bcf083, http://www.dbunit.org/features/datatypeWarning=true}]) - start
192758 [main] TRACE org.dbunit.database.DatabaseConfig  - getFeature(name=http://www.dbunit.org/features/qualifiedTableNames) - start
192758 [main] TRACE org.dbunit.database.DatabaseConfig  - getProperty(name=http://www.dbunit.org/features/qualifiedTableNames) - start
192758 [main] DEBUG org.dbunit.util.QualifiedTableName  - Qualified table names feature is disabled. Returning plain table name
192758 [main] DEBUG org.dbunit.util.QualifiedTableName  - getQualifiedName(prefix=null, name=SCOPEDCONTENTCONDITIONS_SCOPEDCONTENT, escapePattern=null) - start
192758 [main] DEBUG org.dbunit.database.search.AbstractMetaDataBasedSearchCallback  - newEdge(rs=org.apache.commons.dbcp.DelegatingResultSet@3cc6b8be, type=1, from=SCOPEDCONTENT, to=SCOPEDCONTENTCONDITIONS_SCOPEDCONTENT, fkColumn=SCOPED_CONTENT_ID, pkColumn=ID) - start
192758 [main] DEBUG org.dbunit.database.search.AbstractMetaDataBasedSearchCallback  - createFKEdge(rs=org.apache.commons.dbcp.DelegatingResultSet@3cc6b8be, type=1, from=SCOPEDCONTENT, to=SCOPEDCONTENTCONDITIONS_SCOPEDCONTENT, fkColumn=SCOPED_CONTENT_ID, pkColumn=ID) - start
192758 [main] DEBUG org.dbunit.database.search.AbstractMetaDataBasedSearchCallback  - Adding edge SCOPEDCONTENTCONDITIONS_SCOPEDCONTENT(SCOPED_CONTENT_ID)->SCOPEDCONTENT(ID)
192758 [main] DEBUG org.dbunit.util.search.Edge  - compareTo(o=SCOPEDCONTENTCONDITIONS_SCOPEDCONTENT(SCOPED_CONTENT_ID)->SCOPEDCONTENT(ID)) - start
192759 [main] DEBUG org.dbunit.util.QualifiedTableName  - getQualifiedNameIfEnabled(config=org.dbunit.database.DatabaseConfig[, _propertyMap={http://www.dbunit.org/properties/statementFactory=org.dbunit.database.statement.PreparedStatementFactory@626bc2b8, http://www.dbunit.org/features/caseSensitiveTableNames=false, http://www.dbunit.org/properties/fetchSize=100, http://www.dbunit.org/features/batchedStatements=false, http://www.dbunit.org/properties/metadataHandler=org.dbunit.database.DefaultMetadataHandler@3eeace42, http://www.dbunit.org/properties/datatypeFactory=org.dbunit.dataset.datatype.DefaultDataTypeFactory[_toleratedDeltaMap=org.dbunit.dataset.datatype.ToleratedDeltaMap@6452310a], http://www.dbunit.org/properties/escapePattern=null, http://www.dbunit.org/properties/batchSize=100, http://www.dbunit.org/features/qualifiedTableNames=false, http://www.dbunit.org/properties/tableType=[Ljava.lang.String;@5011bafa, http://www.dbunit.org/properties/resultSetTableFactory=org.dbunit.database.CachedResultSetTableFactory@10bcf083, http://www.dbunit.org/features/datatypeWarning=true}]) - start
192759 [main] TRACE org.dbunit.database.DatabaseConfig  - getFeature(name=http://www.dbunit.org/features/qualifiedTableNames) - start
192759 [main] TRACE org.dbunit.database.DatabaseConfig  - getProperty(name=http://www.dbunit.org/features/qualifiedTableNames) - start
192759 [main] DEBUG org.dbunit.util.QualifiedTableName  - Qualified table names feature is disabled. Returning plain table name
192759 [main] DEBUG org.dbunit.util.QualifiedTableName  - getQualifiedName(prefix=null, name=SCOPEDCONTENT, escapePattern=null) - start
192759 [main] DEBUG org.dbunit.util.QualifiedTableName  - getQualifiedNameIfEnabled(config=org.dbunit.database.DatabaseConfig[, _propertyMap={http://www.dbunit.org/properties/statementFactory=org.dbunit.database.statement.PreparedStatementFactory@626bc2b8, http://www.dbunit.org/features/caseSensitiveTableNames=false, http://www.dbunit.org/properties/fetchSize=100, http://www.dbunit.org/features/batchedStatements=false, http://www.dbunit.org/properties/metadataHandler=org.dbunit.database.DefaultMetadataHandler@3eeace42, http://www.dbunit.org/properties/datatypeFactory=org.dbunit.dataset.datatype.DefaultDataTypeFactory[_toleratedDeltaMap=org.dbunit.dataset.datatype.ToleratedDeltaMap@6452310a], http://www.dbunit.org/properties/escapePattern=null, http://www.dbunit.org/properties/batchSize=100, http://www.dbunit.org/features/qualifiedTableNames=false, http://www.dbunit.org/properties/tableType=[Ljava.lang.String;@5011bafa, http://www.dbunit.org/properties/resultSetTableFactory=org.dbunit.database.CachedResultSetTableFactory@10bcf083, http://www.dbunit.org/features/datatypeWarning=true}]) - start
192759 [main] TRACE org.dbunit.database.DatabaseConfig  - getFeature(name=http://www.dbunit.org/features/qualifiedTableNames) - start
192759 [main] TRACE org.dbunit.database.DatabaseConfig  - getProperty(name=http://www.dbunit.org/features/qualifiedTableNames) - start
192759 [main] DEBUG org.dbunit.util.QualifiedTableName  - Qualified table names feature is disabled. Returning plain table name
192759 [main] DEBUG org.dbunit.util.QualifiedTableName  - getQualifiedName(prefix=null, name=SCOPEDCONTENT_SCOPEDCONTENTITEM, escapePattern=null) - start
192759 [main] DEBUG org.dbunit.database.search.AbstractMetaDataBasedSearchCallback  - newEdge(rs=org.apache.commons.dbcp.DelegatingResultSet@3cc6b8be, type=1, from=SCOPEDCONTENT, to=SCOPEDCONTENT_SCOPEDCONTENTITEM, fkColumn=SCOPED_CONTENT_ITEM_ID, pkColumn=ID) - start
192759 [main] DEBUG org.dbunit.database.search.AbstractMetaDataBasedSearchCallback  - createFKEdge(rs=org.apache.commons.dbcp.DelegatingResultSet@3cc6b8be, type=1, from=SCOPEDCONTENT, to=SCOPEDCONTENT_SCOPEDCONTENTITEM, fkColumn=SCOPED_CONTENT_ITEM_ID, pkColumn=ID) - start
192759 [main] DEBUG org.dbunit.database.search.AbstractMetaDataBasedSearchCallback  - Adding edge SCOPEDCONTENT_SCOPEDCONTENTITEM(SCOPED_CONTENT_ITEM_ID)->SCOPEDCONTENT(ID)
192759 [main] DEBUG org.dbunit.util.search.Edge  - compareTo(o=SCOPEDCONTENTCONDITIONS_SCOPEDCONTENT(SCOPED_CONTENT_ID)->SCOPEDCONTENT(ID)) - start
192759 [main] DEBUG org.dbunit.util.SQLHelper  - close(resultSet=org.apache.commons.dbcp.DelegatingResultSet@3cc6b8be) - start
192759 [main] DEBUG org.dbunit.util.search.DepthFirstSearch  - reverseSearch:SCOPEDCONTENTCONDITIONS_SCOPEDCONTENT
192759 [main] DEBUG org.dbunit.database.search.ExportedKeysSearchCallback  - searchNode(node=SCOPEDCONTENTCONDITIONS_SCOPEDCONTENT) - start
192759 [main] DEBUG org.dbunit.util.search.DepthFirstSearch  - Pushing (reverse) SCOPEDCONTENTCONDITIONS_SCOPEDCONTENT
192759 [main] DEBUG org.dbunit.database.search.ExportedKeysSearchCallback  - getEdges(node=SCOPEDCONTENTCONDITIONS_SCOPEDCONTENT) - start
192759 [main] DEBUG org.dbunit.database.search.AbstractMetaDataBasedSearchCallback  - getNodesFromExportedKeys(node=SCOPEDCONTENTCONDITIONS_SCOPEDCONTENT) - start
192759 [main] DEBUG org.dbunit.database.search.AbstractMetaDataBasedSearchCallback  - getNodes(type=1, node=SCOPEDCONTENTCONDITIONS_SCOPEDCONTENT) - start
192759 [main] DEBUG org.dbunit.database.DatabaseDataSourceConnection  - getConnection() - start
192760 [main] DEBUG org.dbunit.database.search.AbstractMetaDataBasedSearchCallback  - getNodes(type=1, node=SCOPEDCONTENTCONDITIONS_SCOPEDCONTENT, conn=Transaction-aware proxy for target Connection [jdbc:hsqldb:mem:kontrollDS, UserName=sw, HSQL Database Engine Driver], schema=null, metaData=org.apache.commons.dbcp.DelegatingDatabaseMetaData@1a8ae11e, edges=[]) - start
192760 [main] DEBUG org.dbunit.database.search.AbstractMetaDataBasedSearchCallback  - Getting edges for node SCOPEDCONTENTCONDITIONS_SCOPEDCONTENT
192760 [main] TRACE org.dbunit.database.DatabaseConfig  - getProperty(name=http://www.dbunit.org/properties/metadataHandler) - start
192760 [main] TRACE org.dbunit.database.DefaultMetadataHandler  - tableExists(metaData=org.apache.commons.dbcp.DelegatingDatabaseMetaData@1a8ae11e, schemaName=null, tableName=SCOPEDCONTENTCONDITIONS_SCOPEDCONTENT) - start
192761 [main] DEBUG org.dbunit.util.SQLHelper  - close(resultSet=org.apache.commons.dbcp.DelegatingResultSet@65081cb) - start
192761 [main] DEBUG org.dbunit.util.SQLHelper  - close(resultSet=org.apache.commons.dbcp.DelegatingResultSet@5fb8cfd5) - start
192761 [main] DEBUG org.dbunit.util.search.DepthFirstSearch  - reverseSearch:SCOPEDCONTENT_SCOPEDCONTENTITEM
192761 [main] DEBUG org.dbunit.database.search.ExportedKeysSearchCallback  - searchNode(node=SCOPEDCONTENT_SCOPEDCONTENTITEM) - start
192761 [main] DEBUG org.dbunit.util.search.DepthFirstSearch  - Pushing (reverse) SCOPEDCONTENT_SCOPEDCONTENTITEM
192761 [main] DEBUG org.dbunit.util.search.DepthFirstSearch  - reverseSearch:SCOPE_REQUESTCONTEXT
192761 [main] DEBUG org.dbunit.database.search.ExportedKeysSearchCallback  - searchNode(node=SCOPE_REQUESTCONTEXT) - start
192761 [main] DEBUG org.dbunit.util.search.DepthFirstSearch  - Pushing (reverse) SCOPE_REQUESTCONTEXT
192761 [main] DEBUG org.dbunit.util.search.DepthFirstSearch  - search:SCOPEDCONTENTCONDITIONS_SCOPEDCONTENT
192761 [main] DEBUG org.dbunit.database.search.ExportedKeysSearchCallback  - searchNode(node=SCOPEDCONTENTCONDITIONS_SCOPEDCONTENT) - start
192761 [main] DEBUG org.dbunit.util.search.DepthFirstSearch  - Pushing SCOPEDCONTENTCONDITIONS_SCOPEDCONTENT
192761 [main] DEBUG org.dbunit.database.search.ExportedKeysSearchCallback  - getEdges(node=SCOPEDCONTENTCONDITIONS_SCOPEDCONTENT) - start
192761 [main] DEBUG org.dbunit.database.search.AbstractMetaDataBasedSearchCallback  - getNodesFromExportedKeys(node=SCOPEDCONTENTCONDITIONS_SCOPEDCONTENT) - start
192761 [main] DEBUG org.dbunit.database.search.AbstractMetaDataBasedSearchCallback  - getNodes(type=1, node=SCOPEDCONTENTCONDITIONS_SCOPEDCONTENT) - start
192761 [main] DEBUG org.dbunit.database.DatabaseDataSourceConnection  - getConnection() - start
192761 [main] DEBUG org.dbunit.database.search.AbstractMetaDataBasedSearchCallback  - getNodes(type=1, node=SCOPEDCONTENTCONDITIONS_SCOPEDCONTENT, conn=Transaction-aware proxy for target Connection [jdbc:hsqldb:mem:kontrollDS, UserName=sw, HSQL Database Engine Driver], schema=null, metaData=org.apache.commons.dbcp.DelegatingDatabaseMetaData@5e54da0b, edges=[]) - start
192762 [main] DEBUG org.dbunit.database.search.AbstractMetaDataBasedSearchCallback  - Getting edges for node SCOPEDCONTENTCONDITIONS_SCOPEDCONTENT
192762 [main] TRACE org.dbunit.database.DatabaseConfig  - getProperty(name=http://www.dbunit.org/properties/metadataHandler) - start
192762 [main] TRACE org.dbunit.database.DefaultMetadataHandler  - tableExists(metaData=org.apache.commons.dbcp.DelegatingDatabaseMetaData@5e54da0b, schemaName=null, tableName=SCOPEDCONTENTCONDITIONS_SCOPEDCONTENT) - start
192763 [main] DEBUG org.dbunit.util.SQLHelper  - close(resultSet=org.apache.commons.dbcp.DelegatingResultSet@8e23ee9) - start
192763 [main] DEBUG org.dbunit.util.SQLHelper  - close(resultSet=org.apache.commons.dbcp.DelegatingResultSet@472f298e) - start
192763 [main] DEBUG org.dbunit.util.search.DepthFirstSearch  - Adding node SCOPEDCONTENTCONDITIONS_SCOPEDCONTENT to the final result
192763 [main] DEBUG org.dbunit.util.search.DepthFirstSearch  - search:SCOPEDCONTENT_SCOPEDCONTENTITEM
192763 [main] DEBUG org.dbunit.database.search.ExportedKeysSearchCallback  - searchNode(node=SCOPEDCONTENT_SCOPEDCONTENTITEM) - start
192763 [main] DEBUG org.dbunit.util.search.DepthFirstSearch  - Pushing SCOPEDCONTENT_SCOPEDCONTENTITEM
192763 [main] DEBUG org.dbunit.database.search.ExportedKeysSearchCallback  - getEdges(node=SCOPEDCONTENT_SCOPEDCONTENTITEM) - start
192763 [main] DEBUG org.dbunit.database.search.AbstractMetaDataBasedSearchCallback  - getNodesFromExportedKeys(node=SCOPEDCONTENT_SCOPEDCONTENTITEM) - start
192763 [main] DEBUG org.dbunit.database.search.AbstractMetaDataBasedSearchCallback  - getNodes(type=1, node=SCOPEDCONTENT_SCOPEDCONTENTITEM) - start
192763 [main] DEBUG org.dbunit.database.DatabaseDataSourceConnection  - getConnection() - start
192763 [main] DEBUG org.dbunit.database.search.AbstractMetaDataBasedSearchCallback  - getNodes(type=1, node=SCOPEDCONTENT_SCOPEDCONTENTITEM, conn=Transaction-aware proxy for target Connection [jdbc:hsqldb:mem:kontrollDS, UserName=sw, HSQL Database Engine Driver], schema=null, metaData=org.apache.commons.dbcp.DelegatingDatabaseMetaData@69514e24, edges=[]) - start
192763 [main] DEBUG org.dbunit.database.search.AbstractMetaDataBasedSearchCallback  - Getting edges for node SCOPEDCONTENT_SCOPEDCONTENTITEM
192763 [main] TRACE org.dbunit.database.DatabaseConfig  - getProperty(name=http://www.dbunit.org/properties/metadataHandler) - start
192763 [main] TRACE org.dbunit.database.DefaultMetadataHandler  - tableExists(metaData=org.apache.commons.dbcp.DelegatingDatabaseMetaData@69514e24, schemaName=null, tableName=SCOPEDCONTENT_SCOPEDCONTENTITEM) - start
192764 [main] DEBUG org.dbunit.util.SQLHelper  - close(resultSet=org.apache.commons.dbcp.DelegatingResultSet@31312616) - start
192765 [main] DEBUG org.dbunit.util.SQLHelper  - close(resultSet=org.apache.commons.dbcp.DelegatingResultSet@2ec2504b) - start
192765 [main] DEBUG org.dbunit.util.search.DepthFirstSearch  - Adding node SCOPEDCONTENT_SCOPEDCONTENTITEM to the final result
192765 [main] DEBUG org.dbunit.util.search.DepthFirstSearch  - search:SCOPEDCONTENT
192765 [main] DEBUG org.dbunit.database.search.ExportedKeysSearchCallback  - searchNode(node=SCOPEDCONTENT) - start
192765 [main] DEBUG org.dbunit.util.search.DepthFirstSearch  - Pushing SCOPEDCONTENT
192765 [main] DEBUG org.dbunit.database.search.ExportedKeysSearchCallback  - getEdges(node=SCOPEDCONTENT) - start
192765 [main] DEBUG org.dbunit.database.search.AbstractMetaDataBasedSearchCallback  - getNodesFromExportedKeys(node=SCOPEDCONTENT) - start
192765 [main] DEBUG org.dbunit.database.search.AbstractMetaDataBasedSearchCallback  - getNodes(type=1, node=SCOPEDCONTENT) - start
192765 [main] DEBUG org.dbunit.database.DatabaseDataSourceConnection  - getConnection() - start
192765 [main] DEBUG org.dbunit.database.search.AbstractMetaDataBasedSearchCallback  - getNodes(type=1, node=SCOPEDCONTENT, conn=Transaction-aware proxy for target Connection [jdbc:hsqldb:mem:kontrollDS, UserName=sw, HSQL Database Engine Driver], schema=null, metaData=org.apache.commons.dbcp.DelegatingDatabaseMetaData@572583e8, edges=[]) - start
192765 [main] DEBUG org.dbunit.database.search.AbstractMetaDataBasedSearchCallback  - Getting edges for node SCOPEDCONTENT
192765 [main] TRACE org.dbunit.database.DatabaseConfig  - getProperty(name=http://www.dbunit.org/properties/metadataHandler) - start
192765 [main] TRACE org.dbunit.database.DefaultMetadataHandler  - tableExists(metaData=org.apache.commons.dbcp.DelegatingDatabaseMetaData@572583e8, schemaName=null, tableName=SCOPEDCONTENT) - start
192766 [main] DEBUG org.dbunit.util.SQLHelper  - close(resultSet=org.apache.commons.dbcp.DelegatingResultSet@599a48be) - start
192767 [main] DEBUG org.dbunit.util.QualifiedTableName  - getQualifiedNameIfEnabled(config=org.dbunit.database.DatabaseConfig[, _propertyMap={http://www.dbunit.org/properties/statementFactory=org.dbunit.database.statement.PreparedStatementFactory@626bc2b8, http://www.dbunit.org/features/caseSensitiveTableNames=false, http://www.dbunit.org/properties/fetchSize=100, http://www.dbunit.org/features/batchedStatements=false, http://www.dbunit.org/properties/metadataHandler=org.dbunit.database.DefaultMetadataHandler@3eeace42, http://www.dbunit.org/properties/datatypeFactory=org.dbunit.dataset.datatype.DefaultDataTypeFactory[_toleratedDeltaMap=org.dbunit.dataset.datatype.ToleratedDeltaMap@6452310a], http://www.dbunit.org/properties/escapePattern=null, http://www.dbunit.org/properties/batchSize=100, http://www.dbunit.org/features/qualifiedTableNames=false, http://www.dbunit.org/properties/tableType=[Ljava.lang.String;@5011bafa, http://www.dbunit.org/properties/resultSetTableFactory=org.dbunit.database.CachedResultSetTableFactory@10bcf083, http://www.dbunit.org/features/datatypeWarning=true}]) - start
192767 [main] TRACE org.dbunit.database.DatabaseConfig  - getFeature(name=http://www.dbunit.org/features/qualifiedTableNames) - start
192767 [main] TRACE org.dbunit.database.DatabaseConfig  - getProperty(name=http://www.dbunit.org/features/qualifiedTableNames) - start
192767 [main] DEBUG org.dbunit.util.QualifiedTableName  - Qualified table names feature is disabled. Returning plain table name
192767 [main] DEBUG org.dbunit.util.QualifiedTableName  - getQualifiedName(prefix=null, name=SCOPEDCONTENT, escapePattern=null) - start
192767 [main] DEBUG org.dbunit.util.QualifiedTableName  - getQualifiedNameIfEnabled(config=org.dbunit.database.DatabaseConfig[, _propertyMap={http://www.dbunit.org/properties/statementFactory=org.dbunit.database.statement.PreparedStatementFactory@626bc2b8, http://www.dbunit.org/features/caseSensitiveTableNames=false, http://www.dbunit.org/properties/fetchSize=100, http://www.dbunit.org/features/batchedStatements=false, http://www.dbunit.org/properties/metadataHandler=org.dbunit.database.DefaultMetadataHandler@3eeace42, http://www.dbunit.org/properties/datatypeFactory=org.dbunit.dataset.datatype.DefaultDataTypeFactory[_toleratedDeltaMap=org.dbunit.dataset.datatype.ToleratedDeltaMap@6452310a], http://www.dbunit.org/properties/escapePattern=null, http://www.dbunit.org/properties/batchSize=100, http://www.dbunit.org/features/qualifiedTableNames=false, http://www.dbunit.org/properties/tableType=[Ljava.lang.String;@5011bafa, http://www.dbunit.org/properties/resultSetTableFactory=org.dbunit.database.CachedResultSetTableFactory@10bcf083, http://www.dbunit.org/features/datatypeWarning=true}]) - start
192767 [main] TRACE org.dbunit.database.DatabaseConfig  - getFeature(name=http://www.dbunit.org/features/qualifiedTableNames) - start
192767 [main] TRACE org.dbunit.database.DatabaseConfig  - getProperty(name=http://www.dbunit.org/features/qualifiedTableNames) - start
192767 [main] DEBUG org.dbunit.util.QualifiedTableName  - Qualified table names feature is disabled. Returning plain table name
192767 [main] DEBUG org.dbunit.util.QualifiedTableName  - getQualifiedName(prefix=null, name=SCOPEDCONTENTCONDITIONS_SCOPEDCONTENT, escapePattern=null) - start
192767 [main] DEBUG org.dbunit.database.search.AbstractMetaDataBasedSearchCallback  - newEdge(rs=org.apache.commons.dbcp.DelegatingResultSet@956c72a, type=1, from=SCOPEDCONTENT, to=SCOPEDCONTENTCONDITIONS_SCOPEDCONTENT, fkColumn=SCOPED_CONTENT_ID, pkColumn=ID) - start
192767 [main] DEBUG org.dbunit.database.search.AbstractMetaDataBasedSearchCallback  - createFKEdge(rs=org.apache.commons.dbcp.DelegatingResultSet@956c72a, type=1, from=SCOPEDCONTENT, to=SCOPEDCONTENTCONDITIONS_SCOPEDCONTENT, fkColumn=SCOPED_CONTENT_ID, pkColumn=ID) - start
192767 [main] DEBUG org.dbunit.database.search.AbstractMetaDataBasedSearchCallback  - Adding edge SCOPEDCONTENTCONDITIONS_SCOPEDCONTENT(SCOPED_CONTENT_ID)->SCOPEDCONTENT(ID)
192767 [main] DEBUG org.dbunit.util.search.Edge  - compareTo(o=SCOPEDCONTENTCONDITIONS_SCOPEDCONTENT(SCOPED_CONTENT_ID)->SCOPEDCONTENT(ID)) - start
192767 [main] DEBUG org.dbunit.util.QualifiedTableName  - getQualifiedNameIfEnabled(config=org.dbunit.database.DatabaseConfig[, _propertyMap={http://www.dbunit.org/properties/statementFactory=org.dbunit.database.statement.PreparedStatementFactory@626bc2b8, http://www.dbunit.org/features/caseSensitiveTableNames=false, http://www.dbunit.org/properties/fetchSize=100, http://www.dbunit.org/features/batchedStatements=false, http://www.dbunit.org/properties/metadataHandler=org.dbunit.database.DefaultMetadataHandler@3eeace42, http://www.dbunit.org/properties/datatypeFactory=org.dbunit.dataset.datatype.DefaultDataTypeFactory[_toleratedDeltaMap=org.dbunit.dataset.datatype.ToleratedDeltaMap@6452310a], http://www.dbunit.org/properties/escapePattern=null, http://www.dbunit.org/properties/batchSize=100, http://www.dbunit.org/features/qualifiedTableNames=false, http://www.dbunit.org/properties/tableType=[Ljava.lang.String;@5011bafa, http://www.dbunit.org/properties/resultSetTableFactory=org.dbunit.database.CachedResultSetTableFactory@10bcf083, http://www.dbunit.org/features/datatypeWarning=true}]) - start
192767 [main] TRACE org.dbunit.database.DatabaseConfig  - getFeature(name=http://www.dbunit.org/features/qualifiedTableNames) - start
192767 [main] TRACE org.dbunit.database.DatabaseConfig  - getProperty(name=http://www.dbunit.org/features/qualifiedTableNames) - start
192767 [main] DEBUG org.dbunit.util.QualifiedTableName  - Qualified table names feature is disabled. Returning plain table name
192767 [main] DEBUG org.dbunit.util.QualifiedTableName  - getQualifiedName(prefix=null, name=SCOPEDCONTENT, escapePattern=null) - start
192767 [main] DEBUG org.dbunit.util.QualifiedTableName  - getQualifiedNameIfEnabled(config=org.dbunit.database.DatabaseConfig[, _propertyMap={http://www.dbunit.org/properties/statementFactory=org.dbunit.database.statement.PreparedStatementFactory@626bc2b8, http://www.dbunit.org/features/caseSensitiveTableNames=false, http://www.dbunit.org/properties/fetchSize=100, http://www.dbunit.org/features/batchedStatements=false, http://www.dbunit.org/properties/metadataHandler=org.dbunit.database.DefaultMetadataHandler@3eeace42, http://www.dbunit.org/properties/datatypeFactory=org.dbunit.dataset.datatype.DefaultDataTypeFactory[_toleratedDeltaMap=org.dbunit.dataset.datatype.ToleratedDeltaMap@6452310a], http://www.dbunit.org/properties/escapePattern=null, http://www.dbunit.org/properties/batchSize=100, http://www.dbunit.org/features/qualifiedTableNames=false, http://www.dbunit.org/properties/tableType=[Ljava.lang.String;@5011bafa, http://www.dbunit.org/properties/resultSetTableFactory=org.dbunit.database.CachedResultSetTableFactory@10bcf083, http://www.dbunit.org/features/datatypeWarning=true}]) - start
192767 [main] TRACE org.dbunit.database.DatabaseConfig  - getFeature(name=http://www.dbunit.org/features/qualifiedTableNames) - start
192768 [main] TRACE org.dbunit.database.DatabaseConfig  - getProperty(name=http://www.dbunit.org/features/qualifiedTableNames) - start
192768 [main] DEBUG org.dbunit.util.QualifiedTableName  - Qualified table names feature is disabled. Returning plain table name
192768 [main] DEBUG org.dbunit.util.QualifiedTableName  - getQualifiedName(prefix=null, name=SCOPEDCONTENT_SCOPEDCONTENTITEM, escapePattern=null) - start
192768 [main] DEBUG org.dbunit.database.search.AbstractMetaDataBasedSearchCallback  - newEdge(rs=org.apache.commons.dbcp.DelegatingResultSet@956c72a, type=1, from=SCOPEDCONTENT, to=SCOPEDCONTENT_SCOPEDCONTENTITEM, fkColumn=SCOPED_CONTENT_ITEM_ID, pkColumn=ID) - start
192768 [main] DEBUG org.dbunit.database.search.AbstractMetaDataBasedSearchCallback  - createFKEdge(rs=org.apache.commons.dbcp.DelegatingResultSet@956c72a, type=1, from=SCOPEDCONTENT, to=SCOPEDCONTENT_SCOPEDCONTENTITEM, fkColumn=SCOPED_CONTENT_ITEM_ID, pkColumn=ID) - start
192768 [main] DEBUG org.dbunit.database.search.AbstractMetaDataBasedSearchCallback  - Adding edge SCOPEDCONTENT_SCOPEDCONTENTITEM(SCOPED_CONTENT_ITEM_ID)->SCOPEDCONTENT(ID)
192768 [main] DEBUG org.dbunit.util.search.Edge  - compareTo(o=SCOPEDCONTENTCONDITIONS_SCOPEDCONTENT(SCOPED_CONTENT_ID)->SCOPEDCONTENT(ID)) - start
192768 [main] DEBUG org.dbunit.util.SQLHelper  - close(resultSet=org.apache.commons.dbcp.DelegatingResultSet@956c72a) - start
192768 [main] DEBUG org.dbunit.util.search.DepthFirstSearch  - search:SCOPEDCONTENT
192768 [main] DEBUG org.dbunit.util.search.DepthFirstSearch  - already searched; returning true
192768 [main] DEBUG org.dbunit.util.search.DepthFirstSearch  - search:SCOPEDCONTENT
192768 [main] DEBUG org.dbunit.util.search.DepthFirstSearch  - already searched; returning true
192768 [main] DEBUG org.dbunit.util.search.DepthFirstSearch  - Adding node SCOPEDCONTENT to the final result
192768 [main] DEBUG org.dbunit.util.search.DepthFirstSearch  - search:SCOPE_REQUESTCONTEXT
192768 [main] DEBUG org.dbunit.database.search.ExportedKeysSearchCallback  - searchNode(node=SCOPE_REQUESTCONTEXT) - start
192768 [main] DEBUG org.dbunit.util.search.DepthFirstSearch  - Pushing SCOPE_REQUESTCONTEXT
192768 [main] DEBUG org.dbunit.database.search.ExportedKeysSearchCallback  - getEdges(node=SCOPE_REQUESTCONTEXT) - start
192768 [main] DEBUG org.dbunit.database.search.AbstractMetaDataBasedSearchCallback  - getNodesFromExportedKeys(node=SCOPE_REQUESTCONTEXT) - start
192768 [main] DEBUG org.dbunit.database.search.AbstractMetaDataBasedSearchCallback  - getNodes(type=1, node=SCOPE_REQUESTCONTEXT) - start
192768 [main] DEBUG org.dbunit.database.DatabaseDataSourceConnection  - getConnection() - start
192769 [main] DEBUG org.dbunit.database.search.AbstractMetaDataBasedSearchCallback  - getNodes(type=1, node=SCOPE_REQUESTCONTEXT, conn=Transaction-aware proxy for target Connection [jdbc:hsqldb:mem:kontrollDS, UserName=sw, HSQL Database Engine Driver], schema=null, metaData=org.apache.commons.dbcp.DelegatingDatabaseMetaData@202d9b30, edges=[]) - start
192769 [main] DEBUG org.dbunit.database.search.AbstractMetaDataBasedSearchCallback  - Getting edges for node SCOPE_REQUESTCONTEXT
192769 [main] TRACE org.dbunit.database.DatabaseConfig  - getProperty(name=http://www.dbunit.org/properties/metadataHandler) - start
192769 [main] TRACE org.dbunit.database.DefaultMetadataHandler  - tableExists(metaData=org.apache.commons.dbcp.DelegatingDatabaseMetaData@202d9b30, schemaName=null, tableName=SCOPE_REQUESTCONTEXT) - start
192770 [main] DEBUG org.dbunit.util.SQLHelper  - close(resultSet=org.apache.commons.dbcp.DelegatingResultSet@5e7386a6) - start
192770 [main] DEBUG org.dbunit.util.SQLHelper  - close(resultSet=org.apache.commons.dbcp.DelegatingResultSet@1273e3be) - start
192770 [main] DEBUG org.dbunit.util.search.DepthFirstSearch  - Adding node SCOPE_REQUESTCONTEXT to the final result
192770 [main] DEBUG org.dbunit.util.search.DepthFirstSearch  - search:SCOPE
192770 [main] DEBUG org.dbunit.database.search.ExportedKeysSearchCallback  - searchNode(node=SCOPE) - start
192770 [main] DEBUG org.dbunit.util.search.DepthFirstSearch  - Pushing SCOPE
192770 [main] DEBUG org.dbunit.database.search.ExportedKeysSearchCallback  - getEdges(node=SCOPE) - start
192770 [main] DEBUG org.dbunit.database.search.AbstractMetaDataBasedSearchCallback  - getNodesFromExportedKeys(node=SCOPE) - start
192770 [main] DEBUG org.dbunit.database.search.AbstractMetaDataBasedSearchCallback  - getNodes(type=1, node=SCOPE) - start
192770 [main] DEBUG org.dbunit.database.DatabaseDataSourceConnection  - getConnection() - start
192770 [main] DEBUG org.dbunit.database.search.AbstractMetaDataBasedSearchCallback  - getNodes(type=1, node=SCOPE, conn=Transaction-aware proxy for target Connection [jdbc:hsqldb:mem:kontrollDS, UserName=sw, HSQL Database Engine Driver], schema=null, metaData=org.apache.commons.dbcp.DelegatingDatabaseMetaData@766cd868, edges=[]) - start
192770 [main] DEBUG org.dbunit.database.search.AbstractMetaDataBasedSearchCallback  - Getting edges for node SCOPE
192770 [main] TRACE org.dbunit.database.DatabaseConfig  - getProperty(name=http://www.dbunit.org/properties/metadataHandler) - start
192770 [main] TRACE org.dbunit.database.DefaultMetadataHandler  - tableExists(metaData=org.apache.commons.dbcp.DelegatingDatabaseMetaData@766cd868, schemaName=null, tableName=SCOPE) - start
192771 [main] DEBUG org.dbunit.util.SQLHelper  - close(resultSet=org.apache.commons.dbcp.DelegatingResultSet@1c031977) - start
192772 [main] DEBUG org.dbunit.util.QualifiedTableName  - getQualifiedNameIfEnabled(config=org.dbunit.database.DatabaseConfig[, _propertyMap={http://www.dbunit.org/properties/statementFactory=org.dbunit.database.statement.PreparedStatementFactory@626bc2b8, http://www.dbunit.org/features/caseSensitiveTableNames=false, http://www.dbunit.org/properties/fetchSize=100, http://www.dbunit.org/features/batchedStatements=false, http://www.dbunit.org/properties/metadataHandler=org.dbunit.database.DefaultMetadataHandler@3eeace42, http://www.dbunit.org/properties/datatypeFactory=org.dbunit.dataset.datatype.DefaultDataTypeFactory[_toleratedDeltaMap=org.dbunit.dataset.datatype.ToleratedDeltaMap@6452310a], http://www.dbunit.org/properties/escapePattern=null, http://www.dbunit.org/properties/batchSize=100, http://www.dbunit.org/features/qualifiedTableNames=false, http://www.dbunit.org/properties/tableType=[Ljava.lang.String;@5011bafa, http://www.dbunit.org/properties/resultSetTableFactory=org.dbunit.database.CachedResultSetTableFactory@10bcf083, http://www.dbunit.org/features/datatypeWarning=true}]) - start
192772 [main] TRACE org.dbunit.database.DatabaseConfig  - getFeature(name=http://www.dbunit.org/features/qualifiedTableNames) - start
192772 [main] TRACE org.dbunit.database.DatabaseConfig  - getProperty(name=http://www.dbunit.org/features/qualifiedTableNames) - start
192772 [main] DEBUG org.dbunit.util.QualifiedTableName  - Qualified table names feature is disabled. Returning plain table name
192772 [main] DEBUG org.dbunit.util.QualifiedTableName  - getQualifiedName(prefix=null, name=SCOPE, escapePattern=null) - start
192772 [main] DEBUG org.dbunit.util.QualifiedTableName  - getQualifiedNameIfEnabled(config=org.dbunit.database.DatabaseConfig[, _propertyMap={http://www.dbunit.org/properties/statementFactory=org.dbunit.database.statement.PreparedStatementFactory@626bc2b8, http://www.dbunit.org/features/caseSensitiveTableNames=false, http://www.dbunit.org/properties/fetchSize=100, http://www.dbunit.org/features/batchedStatements=false, http://www.dbunit.org/properties/metadataHandler=org.dbunit.database.DefaultMetadataHandler@3eeace42, http://www.dbunit.org/properties/datatypeFactory=org.dbunit.dataset.datatype.DefaultDataTypeFactory[_toleratedDeltaMap=org.dbunit.dataset.datatype.ToleratedDeltaMap@6452310a], http://www.dbunit.org/properties/escapePattern=null, http://www.dbunit.org/properties/batchSize=100, http://www.dbunit.org/features/qualifiedTableNames=false, http://www.dbunit.org/properties/tableType=[Ljava.lang.String;@5011bafa, http://www.dbunit.org/properties/resultSetTableFactory=org.dbunit.database.CachedResultSetTableFactory@10bcf083, http://www.dbunit.org/features/datatypeWarning=true}]) - start
192772 [main] TRACE org.dbunit.database.DatabaseConfig  - getFeature(name=http://www.dbunit.org/features/qualifiedTableNames) - start
192772 [main] TRACE org.dbunit.database.DatabaseConfig  - getProperty(name=http://www.dbunit.org/features/qualifiedTableNames) - start
192772 [main] DEBUG org.dbunit.util.QualifiedTableName  - Qualified table names feature is disabled. Returning plain table name
192772 [main] DEBUG org.dbunit.util.QualifiedTableName  - getQualifiedName(prefix=null, name=SCOPE_REQUESTCONTEXT, escapePattern=null) - start
192772 [main] DEBUG org.dbunit.database.search.AbstractMetaDataBasedSearchCallback  - newEdge(rs=org.apache.commons.dbcp.DelegatingResultSet@4fd9344a, type=1, from=SCOPE, to=SCOPE_REQUESTCONTEXT, fkColumn=SCOPE_ID, pkColumn=ID) - start
192772 [main] DEBUG org.dbunit.database.search.AbstractMetaDataBasedSearchCallback  - createFKEdge(rs=org.apache.commons.dbcp.DelegatingResultSet@4fd9344a, type=1, from=SCOPE, to=SCOPE_REQUESTCONTEXT, fkColumn=SCOPE_ID, pkColumn=ID) - start
192772 [main] DEBUG org.dbunit.database.search.AbstractMetaDataBasedSearchCallback  - Adding edge SCOPE_REQUESTCONTEXT(SCOPE_ID)->SCOPE(ID)
192772 [main] DEBUG org.dbunit.util.search.Edge  - compareTo(o=SCOPE_REQUESTCONTEXT(SCOPE_ID)->SCOPE(ID)) - start
192772 [main] DEBUG org.dbunit.util.QualifiedTableName  - getQualifiedNameIfEnabled(config=org.dbunit.database.DatabaseConfig[, _propertyMap={http://www.dbunit.org/properties/statementFactory=org.dbunit.database.statement.PreparedStatementFactory@626bc2b8, http://www.dbunit.org/features/caseSensitiveTableNames=false, http://www.dbunit.org/properties/fetchSize=100, http://www.dbunit.org/features/batchedStatements=false, http://www.dbunit.org/properties/metadataHandler=org.dbunit.database.DefaultMetadataHandler@3eeace42, http://www.dbunit.org/properties/datatypeFactory=org.dbunit.dataset.datatype.DefaultDataTypeFactory[_toleratedDeltaMap=org.dbunit.dataset.datatype.ToleratedDeltaMap@6452310a], http://www.dbunit.org/properties/escapePattern=null, http://www.dbunit.org/properties/batchSize=100, http://www.dbunit.org/features/qualifiedTableNames=false, http://www.dbunit.org/properties/tableType=[Ljava.lang.String;@5011bafa, http://www.dbunit.org/properties/resultSetTableFactory=org.dbunit.database.CachedResultSetTableFactory@10bcf083, http://www.dbunit.org/features/datatypeWarning=true}]) - start
192772 [main] TRACE org.dbunit.database.DatabaseConfig  - getFeature(name=http://www.dbunit.org/features/qualifiedTableNames) - start
192772 [main] TRACE org.dbunit.database.DatabaseConfig  - getProperty(name=http://www.dbunit.org/features/qualifiedTableNames) - start
192772 [main] DEBUG org.dbunit.util.QualifiedTableName  - Qualified table names feature is disabled. Returning plain table name
192772 [main] DEBUG org.dbunit.util.QualifiedTableName  - getQualifiedName(prefix=null, name=SCOPE, escapePattern=null) - start
192773 [main] DEBUG org.dbunit.util.QualifiedTableName  - getQualifiedNameIfEnabled(config=org.dbunit.database.DatabaseConfig[, _propertyMap={http://www.dbunit.org/properties/statementFactory=org.dbunit.database.statement.PreparedStatementFactory@626bc2b8, http://www.dbunit.org/features/caseSensitiveTableNames=false, http://www.dbunit.org/properties/fetchSize=100, http://www.dbunit.org/features/batchedStatements=false, http://www.dbunit.org/properties/metadataHandler=org.dbunit.database.DefaultMetadataHandler@3eeace42, http://www.dbunit.org/properties/datatypeFactory=org.dbunit.dataset.datatype.DefaultDataTypeFactory[_toleratedDeltaMap=org.dbunit.dataset.datatype.ToleratedDeltaMap@6452310a], http://www.dbunit.org/properties/escapePattern=null, http://www.dbunit.org/properties/batchSize=100, http://www.dbunit.org/features/qualifiedTableNames=false, http://www.dbunit.org/properties/tableType=[Ljava.lang.String;@5011bafa, http://www.dbunit.org/properties/resultSetTableFactory=org.dbunit.database.CachedResultSetTableFactory@10bcf083, http://www.dbunit.org/features/datatypeWarning=true}]) - start
192773 [main] TRACE org.dbunit.database.DatabaseConfig  - getFeature(name=http://www.dbunit.org/features/qualifiedTableNames) - start
192773 [main] TRACE org.dbunit.database.DatabaseConfig  - getProperty(name=http://www.dbunit.org/features/qualifiedTableNames) - start
192773 [main] DEBUG org.dbunit.util.QualifiedTableName  - Qualified table names feature is disabled. Returning plain table name
192773 [main] DEBUG org.dbunit.util.QualifiedTableName  - getQualifiedName(prefix=null, name=SCOPEDCONTENT, escapePattern=null) - start
192773 [main] DEBUG org.dbunit.database.search.AbstractMetaDataBasedSearchCallback  - newEdge(rs=org.apache.commons.dbcp.DelegatingResultSet@4fd9344a, type=1, from=SCOPE, to=SCOPEDCONTENT, fkColumn=SCOPE, pkColumn=ID) - start
192773 [main] DEBUG org.dbunit.database.search.AbstractMetaDataBasedSearchCallback  - createFKEdge(rs=org.apache.commons.dbcp.DelegatingResultSet@4fd9344a, type=1, from=SCOPE, to=SCOPEDCONTENT, fkColumn=SCOPE, pkColumn=ID) - start
192773 [main] DEBUG org.dbunit.database.search.AbstractMetaDataBasedSearchCallback  - Adding edge SCOPEDCONTENT(SCOPE)->SCOPE(ID)
192773 [main] DEBUG org.dbunit.util.search.Edge  - compareTo(o=SCOPE_REQUESTCONTEXT(SCOPE_ID)->SCOPE(ID)) - start
192773 [main] DEBUG org.dbunit.util.SQLHelper  - close(resultSet=org.apache.commons.dbcp.DelegatingResultSet@4fd9344a) - start
192774 [main] DEBUG org.dbunit.util.search.DepthFirstSearch  - search:SCOPE
192774 [main] DEBUG org.dbunit.util.search.DepthFirstSearch  - already searched; returning true
192774 [main] DEBUG org.dbunit.util.search.DepthFirstSearch  - search:SCOPE
192774 [main] DEBUG org.dbunit.util.search.DepthFirstSearch  - already searched; returning true
192774 [main] DEBUG org.dbunit.util.search.DepthFirstSearch  - Adding node SCOPE to the final result
192774 [main] DEBUG org.dbunit.database.search.TablesDependencyHelper  - getDirectDependentTables(connection=_databaseConfig=org.dbunit.database.DatabaseConfig[, _propertyMap={http://www.dbunit.org/properties/statementFactory=org.dbunit.database.statement.PreparedStatementFactory@626bc2b8, http://www.dbunit.org/features/caseSensitiveTableNames=false, http://www.dbunit.org/properties/fetchSize=100, http://www.dbunit.org/features/batchedStatements=false, http://www.dbunit.org/properties/metadataHandler=org.dbunit.database.DefaultMetadataHandler@3eeace42, http://www.dbunit.org/properties/datatypeFactory=org.dbunit.dataset.datatype.DefaultDataTypeFactory[_toleratedDeltaMap=org.dbunit.dataset.datatype.ToleratedDeltaMap@6452310a], http://www.dbunit.org/properties/escapePattern=null, http://www.dbunit.org/properties/batchSize=100, http://www.dbunit.org/features/qualifiedTableNames=false, http://www.dbunit.org/properties/tableType=[Ljava.lang.String;@5011bafa, http://www.dbunit.org/properties/resultSetTableFactory=org.dbunit.database.CachedResultSetTableFactory@10bcf083, http://www.dbunit.org/features/datatypeWarning=true}], _dataSet=AbstractDataSet[_orderedTableNameMap=null], tableName=SCOPE) - start
192774 [main] DEBUG org.dbunit.util.search.DepthFirstSearch  - search(nodesFrom=[SCOPE], callback=org.dbunit.database.search.ImportedKeysSearchCallback@41afc81b) - start
192774 [main] DEBUG org.dbunit.util.CollectionsHelper  - objectsToSet(objects=SCOPE) - start
192774 [main] DEBUG org.dbunit.util.search.DepthFirstSearch  - search(nodesFrom=[SCOPE], callback=org.dbunit.database.search.ImportedKeysSearchCallback@41afc81b) - start
192774 [main] DEBUG org.dbunit.util.search.DepthFirstSearch  - reverseSearch:SCOPE
192774 [main] DEBUG org.dbunit.database.search.ImportedKeysSearchCallback  - searchNode(node=SCOPE) - start
192774 [main] DEBUG org.dbunit.util.search.DepthFirstSearch  - Pushing (reverse) SCOPE
192774 [main] DEBUG org.dbunit.database.search.ImportedKeysSearchCallback  - getEdges(node=SCOPE) - start
192774 [main] DEBUG org.dbunit.database.search.AbstractMetaDataBasedSearchCallback  - getNodesFromImportedKeys(node=SCOPE) - start
192774 [main] DEBUG org.dbunit.database.search.AbstractMetaDataBasedSearchCallback  - getNodes(type=0, node=SCOPE) - start
192774 [main] DEBUG org.dbunit.database.DatabaseDataSourceConnection  - getConnection() - start
192774 [main] DEBUG org.dbunit.database.search.AbstractMetaDataBasedSearchCallback  - getNodes(type=0, node=SCOPE, conn=Transaction-aware proxy for target Connection [jdbc:hsqldb:mem:kontrollDS, UserName=sw, HSQL Database Engine Driver], schema=null, metaData=org.apache.commons.dbcp.DelegatingDatabaseMetaData@7b7a864d, edges=[]) - start
192774 [main] DEBUG org.dbunit.database.search.AbstractMetaDataBasedSearchCallback  - Getting edges for node SCOPE
192775 [main] TRACE org.dbunit.database.DatabaseConfig  - getProperty(name=http://www.dbunit.org/properties/metadataHandler) - start
192775 [main] TRACE org.dbunit.database.DefaultMetadataHandler  - tableExists(metaData=org.apache.commons.dbcp.DelegatingDatabaseMetaData@7b7a864d, schemaName=null, tableName=SCOPE) - start
192776 [main] DEBUG org.dbunit.util.SQLHelper  - close(resultSet=org.apache.commons.dbcp.DelegatingResultSet@2561dafb) - start
192776 [main] DEBUG org.dbunit.util.SQLHelper  - close(resultSet=org.apache.commons.dbcp.DelegatingResultSet@1f78d07b) - start
192776 [main] DEBUG org.dbunit.util.search.DepthFirstSearch  - search:SCOPE
192776 [main] DEBUG org.dbunit.database.search.ImportedKeysSearchCallback  - searchNode(node=SCOPE) - start
192776 [main] DEBUG org.dbunit.util.search.DepthFirstSearch  - Pushing SCOPE
192776 [main] DEBUG org.dbunit.database.search.ImportedKeysSearchCallback  - getEdges(node=SCOPE) - start
192776 [main] DEBUG org.dbunit.database.search.AbstractMetaDataBasedSearchCallback  - getNodesFromImportedKeys(node=SCOPE) - start
192776 [main] DEBUG org.dbunit.database.search.AbstractMetaDataBasedSearchCallback  - getNodes(type=0, node=SCOPE) - start
192776 [main] DEBUG org.dbunit.database.DatabaseDataSourceConnection  - getConnection() - start
192776 [main] DEBUG org.dbunit.database.search.AbstractMetaDataBasedSearchCallback  - getNodes(type=0, node=SCOPE, conn=Transaction-aware proxy for target Connection [jdbc:hsqldb:mem:kontrollDS, UserName=sw, HSQL Database Engine Driver], schema=null, metaData=org.apache.commons.dbcp.DelegatingDatabaseMetaData@34bf4b61, edges=[]) - start
192776 [main] DEBUG org.dbunit.database.search.AbstractMetaDataBasedSearchCallback  - Getting edges for node SCOPE
192776 [main] TRACE org.dbunit.database.DatabaseConfig  - getProperty(name=http://www.dbunit.org/properties/metadataHandler) - start
192776 [main] TRACE org.dbunit.database.DefaultMetadataHandler  - tableExists(metaData=org.apache.commons.dbcp.DelegatingDatabaseMetaData@34bf4b61, schemaName=null, tableName=SCOPE) - start
192777 [main] DEBUG org.dbunit.util.SQLHelper  - close(resultSet=org.apache.commons.dbcp.DelegatingResultSet@193021d9) - start
192777 [main] DEBUG org.dbunit.util.SQLHelper  - close(resultSet=org.apache.commons.dbcp.DelegatingResultSet@7cb13395) - start
192777 [main] DEBUG org.dbunit.util.search.DepthFirstSearch  - Adding node SCOPE to the final result
192778 [main] DEBUG org.dbunit.database.DatabaseSequenceFilter  - getDependencyInfo(connection=_databaseConfig=org.dbunit.database.DatabaseConfig[, _propertyMap={http://www.dbunit.org/properties/statementFactory=org.dbunit.database.statement.PreparedStatementFactory@626bc2b8, http://www.dbunit.org/features/caseSensitiveTableNames=false, http://www.dbunit.org/properties/fetchSize=100, http://www.dbunit.org/features/batchedStatements=false, http://www.dbunit.org/properties/metadataHandler=org.dbunit.database.DefaultMetadataHandler@3eeace42, http://www.dbunit.org/properties/datatypeFactory=org.dbunit.dataset.datatype.DefaultDataTypeFactory[_toleratedDeltaMap=org.dbunit.dataset.datatype.ToleratedDeltaMap@6452310a], http://www.dbunit.org/properties/escapePattern=null, http://www.dbunit.org/properties/batchSize=100, http://www.dbunit.org/features/qualifiedTableNames=false, http://www.dbunit.org/properties/tableType=[Ljava.lang.String;@5011bafa, http://www.dbunit.org/properties/resultSetTableFactory=org.dbunit.database.CachedResultSetTableFactory@10bcf083, http://www.dbunit.org/features/datatypeWarning=true}], _dataSet=AbstractDataSet[_orderedTableNameMap=null], tableName=SCOPEDCONTENT) - start
192778 [main] DEBUG org.dbunit.database.search.TablesDependencyHelper  - getDependentTables(connection=_databaseConfig=org.dbunit.database.DatabaseConfig[, _propertyMap={http://www.dbunit.org/properties/statementFactory=org.dbunit.database.statement.PreparedStatementFactory@626bc2b8, http://www.dbunit.org/features/caseSensitiveTableNames=false, http://www.dbunit.org/properties/fetchSize=100, http://www.dbunit.org/features/batchedStatements=false, http://www.dbunit.org/properties/metadataHandler=org.dbunit.database.DefaultMetadataHandler@3eeace42, http://www.dbunit.org/properties/datatypeFactory=org.dbunit.dataset.datatype.DefaultDataTypeFactory[_toleratedDeltaMap=org.dbunit.dataset.datatype.ToleratedDeltaMap@6452310a], http://www.dbunit.org/properties/escapePattern=null, http://www.dbunit.org/properties/batchSize=100, http://www.dbunit.org/features/qualifiedTableNames=false, http://www.dbunit.org/properties/tableType=[Ljava.lang.String;@5011bafa, http://www.dbunit.org/properties/resultSetTableFactory=org.dbunit.database.CachedResultSetTableFactory@10bcf083, http://www.dbunit.org/features/datatypeWarning=true}], _dataSet=AbstractDataSet[_orderedTableNameMap=null], rootTable=SCOPEDCONTENT) - start
192778 [main] DEBUG org.dbunit.database.search.TablesDependencyHelper  - getDependentTables(connection=_databaseConfig=org.dbunit.database.DatabaseConfig[, _propertyMap={http://www.dbunit.org/properties/statementFactory=org.dbunit.database.statement.PreparedStatementFactory@626bc2b8, http://www.dbunit.org/features/caseSensitiveTableNames=false, http://www.dbunit.org/properties/fetchSize=100, http://www.dbunit.org/features/batchedStatements=false, http://www.dbunit.org/properties/metadataHandler=org.dbunit.database.DefaultMetadataHandler@3eeace42, http://www.dbunit.org/properties/datatypeFactory=org.dbunit.dataset.datatype.DefaultDataTypeFactory[_toleratedDeltaMap=org.dbunit.dataset.datatype.ToleratedDeltaMap@6452310a], http://www.dbunit.org/properties/escapePattern=null, http://www.dbunit.org/properties/batchSize=100, http://www.dbunit.org/features/qualifiedTableNames=false, http://www.dbunit.org/properties/tableType=[Ljava.lang.String;@5011bafa, http://www.dbunit.org/properties/resultSetTableFactory=org.dbunit.database.CachedResultSetTableFactory@10bcf083, http://www.dbunit.org/features/datatypeWarning=true}], _dataSet=AbstractDataSet[_orderedTableNameMap=null], rootTables=[SCOPEDCONTENT]) - start
192778 [main] DEBUG org.dbunit.util.search.DepthFirstSearch  - search(nodesFrom=[SCOPEDCONTENT], callback=org.dbunit.database.search.ImportedKeysSearchCallback@7762965) - start
192778 [main] DEBUG org.dbunit.util.CollectionsHelper  - objectsToSet(objects=SCOPEDCONTENT) - start
192778 [main] DEBUG org.dbunit.util.search.DepthFirstSearch  - search(nodesFrom=[SCOPEDCONTENT], callback=org.dbunit.database.search.ImportedKeysSearchCallback@7762965) - start
192778 [main] DEBUG org.dbunit.util.search.DepthFirstSearch  - reverseSearch:SCOPEDCONTENT
192778 [main] DEBUG org.dbunit.database.search.ImportedKeysSearchCallback  - searchNode(node=SCOPEDCONTENT) - start
192778 [main] DEBUG org.dbunit.util.search.DepthFirstSearch  - Pushing (reverse) SCOPEDCONTENT
192778 [main] DEBUG org.dbunit.database.search.ImportedKeysSearchCallback  - getEdges(node=SCOPEDCONTENT) - start
192778 [main] DEBUG org.dbunit.database.search.AbstractMetaDataBasedSearchCallback  - getNodesFromImportedKeys(node=SCOPEDCONTENT) - start
192778 [main] DEBUG org.dbunit.database.search.AbstractMetaDataBasedSearchCallback  - getNodes(type=0, node=SCOPEDCONTENT) - start
192778 [main] DEBUG org.dbunit.database.DatabaseDataSourceConnection  - getConnection() - start
192778 [main] DEBUG org.dbunit.database.search.AbstractMetaDataBasedSearchCallback  - getNodes(type=0, node=SCOPEDCONTENT, conn=Transaction-aware proxy for target Connection [jdbc:hsqldb:mem:kontrollDS, UserName=sw, HSQL Database Engine Driver], schema=null, metaData=org.apache.commons.dbcp.DelegatingDatabaseMetaData@5e97a9b6, edges=[]) - start
192778 [main] DEBUG org.dbunit.database.search.AbstractMetaDataBasedSearchCallback  - Getting edges for node SCOPEDCONTENT
192779 [main] TRACE org.dbunit.database.DatabaseConfig  - getProperty(name=http://www.dbunit.org/properties/metadataHandler) - start
192779 [main] TRACE org.dbunit.database.DefaultMetadataHandler  - tableExists(metaData=org.apache.commons.dbcp.DelegatingDatabaseMetaData@5e97a9b6, schemaName=null, tableName=SCOPEDCONTENT) - start
192780 [main] DEBUG org.dbunit.util.SQLHelper  - close(resultSet=org.apache.commons.dbcp.DelegatingResultSet@33cf46ab) - start
192780 [main] DEBUG org.dbunit.util.QualifiedTableName  - getQualifiedNameIfEnabled(config=org.dbunit.database.DatabaseConfig[, _propertyMap={http://www.dbunit.org/properties/statementFactory=org.dbunit.database.statement.PreparedStatementFactory@626bc2b8, http://www.dbunit.org/features/caseSensitiveTableNames=false, http://www.dbunit.org/properties/fetchSize=100, http://www.dbunit.org/features/batchedStatements=false, http://www.dbunit.org/properties/metadataHandler=org.dbunit.database.DefaultMetadataHandler@3eeace42, http://www.dbunit.org/properties/datatypeFactory=org.dbunit.dataset.datatype.DefaultDataTypeFactory[_toleratedDeltaMap=org.dbunit.dataset.datatype.ToleratedDeltaMap@6452310a], http://www.dbunit.org/properties/escapePattern=null, http://www.dbunit.org/properties/batchSize=100, http://www.dbunit.org/features/qualifiedTableNames=false, http://www.dbunit.org/properties/tableType=[Ljava.lang.String;@5011bafa, http://www.dbunit.org/properties/resultSetTableFactory=org.dbunit.database.CachedResultSetTableFactory@10bcf083, http://www.dbunit.org/features/datatypeWarning=true}]) - start
192780 [main] TRACE org.dbunit.database.DatabaseConfig  - getFeature(name=http://www.dbunit.org/features/qualifiedTableNames) - start
192780 [main] TRACE org.dbunit.database.DatabaseConfig  - getProperty(name=http://www.dbunit.org/features/qualifiedTableNames) - start
192780 [main] DEBUG org.dbunit.util.QualifiedTableName  - Qualified table names feature is disabled. Returning plain table name
192780 [main] DEBUG org.dbunit.util.QualifiedTableName  - getQualifiedName(prefix=null, name=SCOPEDCONTENT, escapePattern=null) - start
192780 [main] DEBUG org.dbunit.util.QualifiedTableName  - getQualifiedNameIfEnabled(config=org.dbunit.database.DatabaseConfig[, _propertyMap={http://www.dbunit.org/properties/statementFactory=org.dbunit.database.statement.PreparedStatementFactory@626bc2b8, http://www.dbunit.org/features/caseSensitiveTableNames=false, http://www.dbunit.org/properties/fetchSize=100, http://www.dbunit.org/features/batchedStatements=false, http://www.dbunit.org/properties/metadataHandler=org.dbunit.database.DefaultMetadataHandler@3eeace42, http://www.dbunit.org/properties/datatypeFactory=org.dbunit.dataset.datatype.DefaultDataTypeFactory[_toleratedDeltaMap=org.dbunit.dataset.datatype.ToleratedDeltaMap@6452310a], http://www.dbunit.org/properties/escapePattern=null, http://www.dbunit.org/properties/batchSize=100, http://www.dbunit.org/features/qualifiedTableNames=false, http://www.dbunit.org/properties/tableType=[Ljava.lang.String;@5011bafa, http://www.dbunit.org/properties/resultSetTableFactory=org.dbunit.database.CachedResultSetTableFactory@10bcf083, http://www.dbunit.org/features/datatypeWarning=true}]) - start
192780 [main] TRACE org.dbunit.database.DatabaseConfig  - getFeature(name=http://www.dbunit.org/features/qualifiedTableNames) - start
192780 [main] TRACE org.dbunit.database.DatabaseConfig  - getProperty(name=http://www.dbunit.org/features/qualifiedTableNames) - start
192780 [main] DEBUG org.dbunit.util.QualifiedTableName  - Qualified table names feature is disabled. Returning plain table name
192780 [main] DEBUG org.dbunit.util.QualifiedTableName  - getQualifiedName(prefix=null, name=SCOPE, escapePattern=null) - start
192781 [main] DEBUG org.dbunit.database.search.AbstractMetaDataBasedSearchCallback  - newEdge(rs=org.apache.commons.dbcp.DelegatingResultSet@5e6e436, type=0, from=SCOPEDCONTENT, to=SCOPE, fkColumn=SCOPE, pkColumn=ID) - start
192781 [main] DEBUG org.dbunit.database.search.AbstractMetaDataBasedSearchCallback  - createFKEdge(rs=org.apache.commons.dbcp.DelegatingResultSet@5e6e436, type=0, from=SCOPEDCONTENT, to=SCOPE, fkColumn=SCOPE, pkColumn=ID) - start
192781 [main] DEBUG org.dbunit.database.search.AbstractMetaDataBasedSearchCallback  - Adding edge SCOPEDCONTENT(SCOPE)->SCOPE(ID)
192781 [main] DEBUG org.dbunit.util.search.Edge  - compareTo(o=SCOPEDCONTENT(SCOPE)->SCOPE(ID)) - start
192781 [main] DEBUG org.dbunit.util.SQLHelper  - close(resultSet=org.apache.commons.dbcp.DelegatingResultSet@5e6e436) - start
192781 [main] DEBUG org.dbunit.util.search.DepthFirstSearch  - search:SCOPEDCONTENT
192781 [main] DEBUG org.dbunit.database.search.ImportedKeysSearchCallback  - searchNode(node=SCOPEDCONTENT) - start
192781 [main] DEBUG org.dbunit.util.search.DepthFirstSearch  - Pushing SCOPEDCONTENT
192781 [main] DEBUG org.dbunit.database.search.ImportedKeysSearchCallback  - getEdges(node=SCOPEDCONTENT) - start
192781 [main] DEBUG org.dbunit.database.search.AbstractMetaDataBasedSearchCallback  - getNodesFromImportedKeys(node=SCOPEDCONTENT) - start
192781 [main] DEBUG org.dbunit.database.search.AbstractMetaDataBasedSearchCallback  - getNodes(type=0, node=SCOPEDCONTENT) - start
192781 [main] DEBUG org.dbunit.database.DatabaseDataSourceConnection  - getConnection() - start
192781 [main] DEBUG org.dbunit.database.search.AbstractMetaDataBasedSearchCallback  - getNodes(type=0, node=SCOPEDCONTENT, conn=Transaction-aware proxy for target Connection [jdbc:hsqldb:mem:kontrollDS, UserName=sw, HSQL Database Engine Driver], schema=null, metaData=org.apache.commons.dbcp.DelegatingDatabaseMetaData@79909840, edges=[]) - start
192781 [main] DEBUG org.dbunit.database.search.AbstractMetaDataBasedSearchCallback  - Getting edges for node SCOPEDCONTENT
192781 [main] TRACE org.dbunit.database.DatabaseConfig  - getProperty(name=http://www.dbunit.org/properties/metadataHandler) - start
192781 [main] TRACE org.dbunit.database.DefaultMetadataHandler  - tableExists(metaData=org.apache.commons.dbcp.DelegatingDatabaseMetaData@79909840, schemaName=null, tableName=SCOPEDCONTENT) - start
192782 [main] DEBUG org.dbunit.util.SQLHelper  - close(resultSet=org.apache.commons.dbcp.DelegatingResultSet@91b5d01) - start
192782 [main] DEBUG org.dbunit.util.QualifiedTableName  - getQualifiedNameIfEnabled(config=org.dbunit.database.DatabaseConfig[, _propertyMap={http://www.dbunit.org/properties/statementFactory=org.dbunit.database.statement.PreparedStatementFactory@626bc2b8, http://www.dbunit.org/features/caseSensitiveTableNames=false, http://www.dbunit.org/properties/fetchSize=100, http://www.dbunit.org/features/batchedStatements=false, http://www.dbunit.org/properties/metadataHandler=org.dbunit.database.DefaultMetadataHandler@3eeace42, http://www.dbunit.org/properties/datatypeFactory=org.dbunit.dataset.datatype.DefaultDataTypeFactory[_toleratedDeltaMap=org.dbunit.dataset.datatype.ToleratedDeltaMap@6452310a], http://www.dbunit.org/properties/escapePattern=null, http://www.dbunit.org/properties/batchSize=100, http://www.dbunit.org/features/qualifiedTableNames=false, http://www.dbunit.org/properties/tableType=[Ljava.lang.String;@5011bafa, http://www.dbunit.org/properties/resultSetTableFactory=org.dbunit.database.CachedResultSetTableFactory@10bcf083, http://www.dbunit.org/features/datatypeWarning=true}]) - start
192783 [main] TRACE org.dbunit.database.DatabaseConfig  - getFeature(name=http://www.dbunit.org/features/qualifiedTableNames) - start
192783 [main] TRACE org.dbunit.database.DatabaseConfig  - getProperty(name=http://www.dbunit.org/features/qualifiedTableNames) - start
192783 [main] DEBUG org.dbunit.util.QualifiedTableName  - Qualified table names feature is disabled. Returning plain table name
192783 [main] DEBUG org.dbunit.util.QualifiedTableName  - getQualifiedName(prefix=null, name=SCOPEDCONTENT, escapePattern=null) - start
192783 [main] DEBUG org.dbunit.util.QualifiedTableName  - getQualifiedNameIfEnabled(config=org.dbunit.database.DatabaseConfig[, _propertyMap={http://www.dbunit.org/properties/statementFactory=org.dbunit.database.statement.PreparedStatementFactory@626bc2b8, http://www.dbunit.org/features/caseSensitiveTableNames=false, http://www.dbunit.org/properties/fetchSize=100, http://www.dbunit.org/features/batchedStatements=false, http://www.dbunit.org/properties/metadataHandler=org.dbunit.database.DefaultMetadataHandler@3eeace42, http://www.dbunit.org/properties/datatypeFactory=org.dbunit.dataset.datatype.DefaultDataTypeFactory[_toleratedDeltaMap=org.dbunit.dataset.datatype.ToleratedDeltaMap@6452310a], http://www.dbunit.org/properties/escapePattern=null, http://www.dbunit.org/properties/batchSize=100, http://www.dbunit.org/features/qualifiedTableNames=false, http://www.dbunit.org/properties/tableType=[Ljava.lang.String;@5011bafa, http://www.dbunit.org/properties/resultSetTableFactory=org.dbunit.database.CachedResultSetTableFactory@10bcf083, http://www.dbunit.org/features/datatypeWarning=true}]) - start
192783 [main] TRACE org.dbunit.database.DatabaseConfig  - getFeature(name=http://www.dbunit.org/features/qualifiedTableNames) - start
192783 [main] TRACE org.dbunit.database.DatabaseConfig  - getProperty(name=http://www.dbunit.org/features/qualifiedTableNames) - start
192783 [main] DEBUG org.dbunit.util.QualifiedTableName  - Qualified table names feature is disabled. Returning plain table name
192783 [main] DEBUG org.dbunit.util.QualifiedTableName  - getQualifiedName(prefix=null, name=SCOPE, escapePattern=null) - start
192783 [main] DEBUG org.dbunit.database.search.AbstractMetaDataBasedSearchCallback  - newEdge(rs=org.apache.commons.dbcp.DelegatingResultSet@15dd7182, type=0, from=SCOPEDCONTENT, to=SCOPE, fkColumn=SCOPE, pkColumn=ID) - start
192783 [main] DEBUG org.dbunit.database.search.AbstractMetaDataBasedSearchCallback  - createFKEdge(rs=org.apache.commons.dbcp.DelegatingResultSet@15dd7182, type=0, from=SCOPEDCONTENT, to=SCOPE, fkColumn=SCOPE, pkColumn=ID) - start
192783 [main] DEBUG org.dbunit.database.search.AbstractMetaDataBasedSearchCallback  - Adding edge SCOPEDCONTENT(SCOPE)->SCOPE(ID)
192783 [main] DEBUG org.dbunit.util.search.Edge  - compareTo(o=SCOPEDCONTENT(SCOPE)->SCOPE(ID)) - start
192783 [main] DEBUG org.dbunit.util.SQLHelper  - close(resultSet=org.apache.commons.dbcp.DelegatingResultSet@15dd7182) - start
192783 [main] DEBUG org.dbunit.util.search.DepthFirstSearch  - search:SCOPE
192783 [main] DEBUG org.dbunit.database.search.ImportedKeysSearchCallback  - searchNode(node=SCOPE) - start
192783 [main] DEBUG org.dbunit.util.search.DepthFirstSearch  - Pushing SCOPE
192783 [main] DEBUG org.dbunit.database.search.ImportedKeysSearchCallback  - getEdges(node=SCOPE) - start
192783 [main] DEBUG org.dbunit.database.search.AbstractMetaDataBasedSearchCallback  - getNodesFromImportedKeys(node=SCOPE) - start
192783 [main] DEBUG org.dbunit.database.search.AbstractMetaDataBasedSearchCallback  - getNodes(type=0, node=SCOPE) - start
192783 [main] DEBUG org.dbunit.database.DatabaseDataSourceConnection  - getConnection() - start
192783 [main] DEBUG org.dbunit.database.search.AbstractMetaDataBasedSearchCallback  - getNodes(type=0, node=SCOPE, conn=Transaction-aware proxy for target Connection [jdbc:hsqldb:mem:kontrollDS, UserName=sw, HSQL Database Engine Driver], schema=null, metaData=org.apache.commons.dbcp.DelegatingDatabaseMetaData@7d471904, edges=[]) - start
192784 [main] DEBUG org.dbunit.database.search.AbstractMetaDataBasedSearchCallback  - Getting edges for node SCOPE
192784 [main] TRACE org.dbunit.database.DatabaseConfig  - getProperty(name=http://www.dbunit.org/properties/metadataHandler) - start
192784 [main] TRACE org.dbunit.database.DefaultMetadataHandler  - tableExists(metaData=org.apache.commons.dbcp.DelegatingDatabaseMetaData@7d471904, schemaName=null, tableName=SCOPE) - start
192785 [main] DEBUG org.dbunit.util.SQLHelper  - close(resultSet=org.apache.commons.dbcp.DelegatingResultSet@456c0472) - start
192785 [main] DEBUG org.dbunit.util.SQLHelper  - close(resultSet=org.apache.commons.dbcp.DelegatingResultSet@341fb46f) - start
192785 [main] DEBUG org.dbunit.util.search.DepthFirstSearch  - Adding node SCOPE to the final result
192785 [main] DEBUG org.dbunit.util.search.DepthFirstSearch  - Adding node SCOPEDCONTENT to the final result
192785 [main] DEBUG org.dbunit.util.search.DepthFirstSearch  - reverseSearch:SCOPEDCONTENT
192785 [main] DEBUG org.dbunit.util.search.DepthFirstSearch  - already searched; returning true
192785 [main] DEBUG org.dbunit.util.search.DepthFirstSearch  - reverseSearch:SCOPE
192785 [main] DEBUG org.dbunit.database.search.ImportedKeysSearchCallback  - searchNode(node=SCOPE) - start
192785 [main] DEBUG org.dbunit.util.search.DepthFirstSearch  - Pushing (reverse) SCOPE
192785 [main] DEBUG org.dbunit.database.search.ImportedKeysSearchCallback  - getEdges(node=SCOPE) - start
192785 [main] DEBUG org.dbunit.database.search.AbstractMetaDataBasedSearchCallback  - getNodesFromImportedKeys(node=SCOPE) - start
192785 [main] DEBUG org.dbunit.database.search.AbstractMetaDataBasedSearchCallback  - getNodes(type=0, node=SCOPE) - start
192785 [main] DEBUG org.dbunit.database.DatabaseDataSourceConnection  - getConnection() - start
192785 [main] DEBUG org.dbunit.database.search.AbstractMetaDataBasedSearchCallback  - getNodes(type=0, node=SCOPE, conn=Transaction-aware proxy for target Connection [jdbc:hsqldb:mem:kontrollDS, UserName=sw, HSQL Database Engine Driver], schema=null, metaData=org.apache.commons.dbcp.DelegatingDatabaseMetaData@d7efe25, edges=[]) - start
192785 [main] DEBUG org.dbunit.database.search.AbstractMetaDataBasedSearchCallback  - Getting edges for node SCOPE
192785 [main] TRACE org.dbunit.database.DatabaseConfig  - getProperty(name=http://www.dbunit.org/properties/metadataHandler) - start
192785 [main] TRACE org.dbunit.database.DefaultMetadataHandler  - tableExists(metaData=org.apache.commons.dbcp.DelegatingDatabaseMetaData@d7efe25, schemaName=null, tableName=SCOPE) - start
192786 [main] DEBUG org.dbunit.util.SQLHelper  - close(resultSet=org.apache.commons.dbcp.DelegatingResultSet@3ed61921) - start
192787 [main] DEBUG org.dbunit.util.SQLHelper  - close(resultSet=org.apache.commons.dbcp.DelegatingResultSet@43191016) - start
192787 [main] DEBUG org.dbunit.util.search.DepthFirstSearch  - search:SCOPEDCONTENT
192787 [main] DEBUG org.dbunit.util.search.DepthFirstSearch  - already searched; returning true
192787 [main] DEBUG org.dbunit.util.search.DepthFirstSearch  - search:SCOPE
192787 [main] DEBUG org.dbunit.util.search.DepthFirstSearch  - already searched; returning true
192787 [main] DEBUG org.dbunit.util.CollectionsHelper  - setToStrings(set=[SCOPE, SCOPEDCONTENT]) - start
192787 [main] DEBUG org.dbunit.database.search.TablesDependencyHelper  - getDependsOnTables(connection=_databaseConfig=org.dbunit.database.DatabaseConfig[, _propertyMap={http://www.dbunit.org/properties/statementFactory=org.dbunit.database.statement.PreparedStatementFactory@626bc2b8, http://www.dbunit.org/features/caseSensitiveTableNames=false, http://www.dbunit.org/properties/fetchSize=100, http://www.dbunit.org/features/batchedStatements=false, http://www.dbunit.org/properties/metadataHandler=org.dbunit.database.DefaultMetadataHandler@3eeace42, http://www.dbunit.org/properties/datatypeFactory=org.dbunit.dataset.datatype.DefaultDataTypeFactory[_toleratedDeltaMap=org.dbunit.dataset.datatype.ToleratedDeltaMap@6452310a], http://www.dbunit.org/properties/escapePattern=null, http://www.dbunit.org/properties/batchSize=100, http://www.dbunit.org/features/qualifiedTableNames=false, http://www.dbunit.org/properties/tableType=[Ljava.lang.String;@5011bafa, http://www.dbunit.org/properties/resultSetTableFactory=org.dbunit.database.CachedResultSetTableFactory@10bcf083, http://www.dbunit.org/features/datatypeWarning=true}], _dataSet=AbstractDataSet[_orderedTableNameMap=null], rootTable=SCOPEDCONTENT) - start
192787 [main] DEBUG org.dbunit.util.search.DepthFirstSearch  - search(nodesFrom=[SCOPEDCONTENT], callback=org.dbunit.database.search.ExportedKeysSearchCallback@33748f85) - start
192787 [main] DEBUG org.dbunit.util.CollectionsHelper  - objectsToSet(objects=SCOPEDCONTENT) - start
192787 [main] DEBUG org.dbunit.util.search.DepthFirstSearch  - search(nodesFrom=[SCOPEDCONTENT], callback=org.dbunit.database.search.ExportedKeysSearchCallback@33748f85) - start
192787 [main] DEBUG org.dbunit.util.search.DepthFirstSearch  - reverseSearch:SCOPEDCONTENT
192787 [main] DEBUG org.dbunit.database.search.ExportedKeysSearchCallback  - searchNode(node=SCOPEDCONTENT) - start
192787 [main] DEBUG org.dbunit.util.search.DepthFirstSearch  - Pushing (reverse) SCOPEDCONTENT
192787 [main] DEBUG org.dbunit.database.search.ExportedKeysSearchCallback  - getEdges(node=SCOPEDCONTENT) - start
192787 [main] DEBUG org.dbunit.database.search.AbstractMetaDataBasedSearchCallback  - getNodesFromExportedKeys(node=SCOPEDCONTENT) - start
192787 [main] DEBUG org.dbunit.database.search.AbstractMetaDataBasedSearchCallback  - getNodes(type=1, node=SCOPEDCONTENT) - start
192788 [main] DEBUG org.dbunit.database.DatabaseDataSourceConnection  - getConnection() - start
192788 [main] DEBUG org.dbunit.database.search.AbstractMetaDataBasedSearchCallback  - getNodes(type=1, node=SCOPEDCONTENT, conn=Transaction-aware proxy for target Connection [jdbc:hsqldb:mem:kontrollDS, UserName=sw, HSQL Database Engine Driver], schema=null, metaData=org.apache.commons.dbcp.DelegatingDatabaseMetaData@297a7f27, edges=[]) - start
192788 [main] DEBUG org.dbunit.database.search.AbstractMetaDataBasedSearchCallback  - Getting edges for node SCOPEDCONTENT
192788 [main] TRACE org.dbunit.database.DatabaseConfig  - getProperty(name=http://www.dbunit.org/properties/metadataHandler) - start
192788 [main] TRACE org.dbunit.database.DefaultMetadataHandler  - tableExists(metaData=org.apache.commons.dbcp.DelegatingDatabaseMetaData@297a7f27, schemaName=null, tableName=SCOPEDCONTENT) - start
192789 [main] DEBUG org.dbunit.util.SQLHelper  - close(resultSet=org.apache.commons.dbcp.DelegatingResultSet@d2f4582) - start
192789 [main] DEBUG org.dbunit.util.QualifiedTableName  - getQualifiedNameIfEnabled(config=org.dbunit.database.DatabaseConfig[, _propertyMap={http://www.dbunit.org/properties/statementFactory=org.dbunit.database.statement.PreparedStatementFactory@626bc2b8, http://www.dbunit.org/features/caseSensitiveTableNames=false, http://www.dbunit.org/properties/fetchSize=100, http://www.dbunit.org/features/batchedStatements=false, http://www.dbunit.org/properties/metadataHandler=org.dbunit.database.DefaultMetadataHandler@3eeace42, http://www.dbunit.org/properties/datatypeFactory=org.dbunit.dataset.datatype.DefaultDataTypeFactory[_toleratedDeltaMap=org.dbunit.dataset.datatype.ToleratedDeltaMap@6452310a], http://www.dbunit.org/properties/escapePattern=null, http://www.dbunit.org/properties/batchSize=100, http://www.dbunit.org/features/qualifiedTableNames=false, http://www.dbunit.org/properties/tableType=[Ljava.lang.String;@5011bafa, http://www.dbunit.org/properties/resultSetTableFactory=org.dbunit.database.CachedResultSetTableFactory@10bcf083, http://www.dbunit.org/features/datatypeWarning=true}]) - start
192789 [main] TRACE org.dbunit.database.DatabaseConfig  - getFeature(name=http://www.dbunit.org/features/qualifiedTableNames) - start
192789 [main] TRACE org.dbunit.database.DatabaseConfig  - getProperty(name=http://www.dbunit.org/features/qualifiedTableNames) - start
192789 [main] DEBUG org.dbunit.util.QualifiedTableName  - Qualified table names feature is disabled. Returning plain table name
192789 [main] DEBUG org.dbunit.util.QualifiedTableName  - getQualifiedName(prefix=null, name=SCOPEDCONTENT, escapePattern=null) - start
192789 [main] DEBUG org.dbunit.util.QualifiedTableName  - getQualifiedNameIfEnabled(config=org.dbunit.database.DatabaseConfig[, _propertyMap={http://www.dbunit.org/properties/statementFactory=org.dbunit.database.statement.PreparedStatementFactory@626bc2b8, http://www.dbunit.org/features/caseSensitiveTableNames=false, http://www.dbunit.org/properties/fetchSize=100, http://www.dbunit.org/features/batchedStatements=false, http://www.dbunit.org/properties/metadataHandler=org.dbunit.database.DefaultMetadataHandler@3eeace42, http://www.dbunit.org/properties/datatypeFactory=org.dbunit.dataset.datatype.DefaultDataTypeFactory[_toleratedDeltaMap=org.dbunit.dataset.datatype.ToleratedDeltaMap@6452310a], http://www.dbunit.org/properties/escapePattern=null, http://www.dbunit.org/properties/batchSize=100, http://www.dbunit.org/features/qualifiedTableNames=false, http://www.dbunit.org/properties/tableType=[Ljava.lang.String;@5011bafa, http://www.dbunit.org/properties/resultSetTableFactory=org.dbunit.database.CachedResultSetTableFactory@10bcf083, http://www.dbunit.org/features/datatypeWarning=true}]) - start
192789 [main] TRACE org.dbunit.database.DatabaseConfig  - getFeature(name=http://www.dbunit.org/features/qualifiedTableNames) - start
192789 [main] TRACE org.dbunit.database.DatabaseConfig  - getProperty(name=http://www.dbunit.org/features/qualifiedTableNames) - start
192789 [main] DEBUG org.dbunit.util.QualifiedTableName  - Qualified table names feature is disabled. Returning plain table name
192789 [main] DEBUG org.dbunit.util.QualifiedTableName  - getQualifiedName(prefix=null, name=SCOPEDCONTENTCONDITIONS_SCOPEDCONTENT, escapePattern=null) - start
192789 [main] DEBUG org.dbunit.database.search.AbstractMetaDataBasedSearchCallback  - newEdge(rs=org.apache.commons.dbcp.DelegatingResultSet@5ba7dd2c, type=1, from=SCOPEDCONTENT, to=SCOPEDCONTENTCONDITIONS_SCOPEDCONTENT, fkColumn=SCOPED_CONTENT_ID, pkColumn=ID) - start
192790 [main] DEBUG org.dbunit.database.search.AbstractMetaDataBasedSearchCallback  - createFKEdge(rs=org.apache.commons.dbcp.DelegatingResultSet@5ba7dd2c, type=1, from=SCOPEDCONTENT, to=SCOPEDCONTENTCONDITIONS_SCOPEDCONTENT, fkColumn=SCOPED_CONTENT_ID, pkColumn=ID) - start
192790 [main] DEBUG org.dbunit.database.search.AbstractMetaDataBasedSearchCallback  - Adding edge SCOPEDCONTENTCONDITIONS_SCOPEDCONTENT(SCOPED_CONTENT_ID)->SCOPEDCONTENT(ID)
192790 [main] DEBUG org.dbunit.util.search.Edge  - compareTo(o=SCOPEDCONTENTCONDITIONS_SCOPEDCONTENT(SCOPED_CONTENT_ID)->SCOPEDCONTENT(ID)) - start
192790 [main] DEBUG org.dbunit.util.QualifiedTableName  - getQualifiedNameIfEnabled(config=org.dbunit.database.DatabaseConfig[, _propertyMap={http://www.dbunit.org/properties/statementFactory=org.dbunit.database.statement.PreparedStatementFactory@626bc2b8, http://www.dbunit.org/features/caseSensitiveTableNames=false, http://www.dbunit.org/properties/fetchSize=100, http://www.dbunit.org/features/batchedStatements=false, http://www.dbunit.org/properties/metadataHandler=org.dbunit.database.DefaultMetadataHandler@3eeace42, http://www.dbunit.org/properties/datatypeFactory=org.dbunit.dataset.datatype.DefaultDataTypeFactory[_toleratedDeltaMap=org.dbunit.dataset.datatype.ToleratedDeltaMap@6452310a], http://www.dbunit.org/properties/escapePattern=null, http://www.dbunit.org/properties/batchSize=100, http://www.dbunit.org/features/qualifiedTableNames=false, http://www.dbunit.org/properties/tableType=[Ljava.lang.String;@5011bafa, http://www.dbunit.org/properties/resultSetTableFactory=org.dbunit.database.CachedResultSetTableFactory@10bcf083, http://www.dbunit.org/features/datatypeWarning=true}]) - start
192790 [main] TRACE org.dbunit.database.DatabaseConfig  - getFeature(name=http://www.dbunit.org/features/qualifiedTableNames) - start
192790 [main] TRACE org.dbunit.database.DatabaseConfig  - getProperty(name=http://www.dbunit.org/features/qualifiedTableNames) - start
192790 [main] DEBUG org.dbunit.util.QualifiedTableName  - Qualified table names feature is disabled. Returning plain table name
192790 [main] DEBUG org.dbunit.util.QualifiedTableName  - getQualifiedName(prefix=null, name=SCOPEDCONTENT, escapePattern=null) - start
192790 [main] DEBUG org.dbunit.util.QualifiedTableName  - getQualifiedNameIfEnabled(config=org.dbunit.database.DatabaseConfig[, _propertyMap={http://www.dbunit.org/properties/statementFactory=org.dbunit.database.statement.PreparedStatementFactory@626bc2b8, http://www.dbunit.org/features/caseSensitiveTableNames=false, http://www.dbunit.org/properties/fetchSize=100, http://www.dbunit.org/features/batchedStatements=false, http://www.dbunit.org/properties/metadataHandler=org.dbunit.database.DefaultMetadataHandler@3eeace42, http://www.dbunit.org/properties/datatypeFactory=org.dbunit.dataset.datatype.DefaultDataTypeFactory[_toleratedDeltaMap=org.dbunit.dataset.datatype.ToleratedDeltaMap@6452310a], http://www.dbunit.org/properties/escapePattern=null, http://www.dbunit.org/properties/batchSize=100, http://www.dbunit.org/features/qualifiedTableNames=false, http://www.dbunit.org/properties/tableType=[Ljava.lang.String;@5011bafa, http://www.dbunit.org/properties/resultSetTableFactory=org.dbunit.database.CachedResultSetTableFactory@10bcf083, http://www.dbunit.org/features/datatypeWarning=true}]) - start
192790 [main] TRACE org.dbunit.database.DatabaseConfig  - getFeature(name=http://www.dbunit.org/features/qualifiedTableNames) - start
192790 [main] TRACE org.dbunit.database.DatabaseConfig  - getProperty(name=http://www.dbunit.org/features/qualifiedTableNames) - start
192790 [main] DEBUG org.dbunit.util.QualifiedTableName  - Qualified table names feature is disabled. Returning plain table name
192790 [main] DEBUG org.dbunit.util.QualifiedTableName  - getQualifiedName(prefix=null, name=SCOPEDCONTENT_SCOPEDCONTENTITEM, escapePattern=null) - start
192790 [main] DEBUG org.dbunit.database.search.AbstractMetaDataBasedSearchCallback  - newEdge(rs=org.apache.commons.dbcp.DelegatingResultSet@5ba7dd2c, type=1, from=SCOPEDCONTENT, to=SCOPEDCONTENT_SCOPEDCONTENTITEM, fkColumn=SCOPED_CONTENT_ITEM_ID, pkColumn=ID) - start
192790 [main] DEBUG org.dbunit.database.search.AbstractMetaDataBasedSearchCallback  - createFKEdge(rs=org.apache.commons.dbcp.DelegatingResultSet@5ba7dd2c, type=1, from=SCOPEDCONTENT, to=SCOPEDCONTENT_SCOPEDCONTENTITEM, fkColumn=SCOPED_CONTENT_ITEM_ID, pkColumn=ID) - start
192790 [main] DEBUG org.dbunit.database.search.AbstractMetaDataBasedSearchCallback  - Adding edge SCOPEDCONTENT_SCOPEDCONTENTITEM(SCOPED_CONTENT_ITEM_ID)->SCOPEDCONTENT(ID)
192790 [main] DEBUG org.dbunit.util.search.Edge  - compareTo(o=SCOPEDCONTENTCONDITIONS_SCOPEDCONTENT(SCOPED_CONTENT_ID)->SCOPEDCONTENT(ID)) - start
192790 [main] DEBUG org.dbunit.util.SQLHelper  - close(resultSet=org.apache.commons.dbcp.DelegatingResultSet@5ba7dd2c) - start
192790 [main] DEBUG org.dbunit.util.search.DepthFirstSearch  - reverseSearch:SCOPEDCONTENTCONDITIONS_SCOPEDCONTENT
192790 [main] DEBUG org.dbunit.database.search.ExportedKeysSearchCallback  - searchNode(node=SCOPEDCONTENTCONDITIONS_SCOPEDCONTENT) - start
192790 [main] DEBUG org.dbunit.util.search.DepthFirstSearch  - Pushing (reverse) SCOPEDCONTENTCONDITIONS_SCOPEDCONTENT
192790 [main] DEBUG org.dbunit.database.search.ExportedKeysSearchCallback  - getEdges(node=SCOPEDCONTENTCONDITIONS_SCOPEDCONTENT) - start
192790 [main] DEBUG org.dbunit.database.search.AbstractMetaDataBasedSearchCallback  - getNodesFromExportedKeys(node=SCOPEDCONTENTCONDITIONS_SCOPEDCONTENT) - start
192790 [main] DEBUG org.dbunit.database.search.AbstractMetaDataBasedSearchCallback  - getNodes(type=1, node=SCOPEDCONTENTCONDITIONS_SCOPEDCONTENT) - start
192791 [main] DEBUG org.dbunit.database.DatabaseDataSourceConnection  - getConnection() - start
192791 [main] DEBUG org.dbunit.database.search.AbstractMetaDataBasedSearchCallback  - getNodes(type=1, node=SCOPEDCONTENTCONDITIONS_SCOPEDCONTENT, conn=Transaction-aware proxy for target Connection [jdbc:hsqldb:mem:kontrollDS, UserName=sw, HSQL Database Engine Driver], schema=null, metaData=org.apache.commons.dbcp.DelegatingDatabaseMetaData@69a9a2b6, edges=[]) - start
192791 [main] DEBUG org.dbunit.database.search.AbstractMetaDataBasedSearchCallback  - Getting edges for node SCOPEDCONTENTCONDITIONS_SCOPEDCONTENT
192791 [main] TRACE org.dbunit.database.DatabaseConfig  - getProperty(name=http://www.dbunit.org/properties/metadataHandler) - start
192791 [main] TRACE org.dbunit.database.DefaultMetadataHandler  - tableExists(metaData=org.apache.commons.dbcp.DelegatingDatabaseMetaData@69a9a2b6, schemaName=null, tableName=SCOPEDCONTENTCONDITIONS_SCOPEDCONTENT) - start
192792 [main] DEBUG org.dbunit.util.SQLHelper  - close(resultSet=org.apache.commons.dbcp.DelegatingResultSet@599975f0) - start
192792 [main] DEBUG org.dbunit.util.SQLHelper  - close(resultSet=org.apache.commons.dbcp.DelegatingResultSet@40998b81) - start
192792 [main] DEBUG org.dbunit.util.search.DepthFirstSearch  - reverseSearch:SCOPEDCONTENT_SCOPEDCONTENTITEM
192792 [main] DEBUG org.dbunit.database.search.ExportedKeysSearchCallback  - searchNode(node=SCOPEDCONTENT_SCOPEDCONTENTITEM) - start
192792 [main] DEBUG org.dbunit.util.search.DepthFirstSearch  - Pushing (reverse) SCOPEDCONTENT_SCOPEDCONTENTITEM
192792 [main] DEBUG org.dbunit.database.search.ExportedKeysSearchCallback  - getEdges(node=SCOPEDCONTENT_SCOPEDCONTENTITEM) - start
192792 [main] DEBUG org.dbunit.database.search.AbstractMetaDataBasedSearchCallback  - getNodesFromExportedKeys(node=SCOPEDCONTENT_SCOPEDCONTENTITEM) - start
192792 [main] DEBUG org.dbunit.database.search.AbstractMetaDataBasedSearchCallback  - getNodes(type=1, node=SCOPEDCONTENT_SCOPEDCONTENTITEM) - start
192792 [main] DEBUG org.dbunit.database.DatabaseDataSourceConnection  - getConnection() - start
192792 [main] DEBUG org.dbunit.database.search.AbstractMetaDataBasedSearchCallback  - getNodes(type=1, node=SCOPEDCONTENT_SCOPEDCONTENTITEM, conn=Transaction-aware proxy for target Connection [jdbc:hsqldb:mem:kontrollDS, UserName=sw, HSQL Database Engine Driver], schema=null, metaData=org.apache.commons.dbcp.DelegatingDatabaseMetaData@2095e349, edges=[]) - start
192792 [main] DEBUG org.dbunit.database.search.AbstractMetaDataBasedSearchCallback  - Getting edges for node SCOPEDCONTENT_SCOPEDCONTENTITEM
192792 [main] TRACE org.dbunit.database.DatabaseConfig  - getProperty(name=http://www.dbunit.org/properties/metadataHandler) - start
192792 [main] TRACE org.dbunit.database.DefaultMetadataHandler  - tableExists(metaData=org.apache.commons.dbcp.DelegatingDatabaseMetaData@2095e349, schemaName=null, tableName=SCOPEDCONTENT_SCOPEDCONTENTITEM) - start
192793 [main] DEBUG org.dbunit.util.SQLHelper  - close(resultSet=org.apache.commons.dbcp.DelegatingResultSet@35e8c7bb) - start
192794 [main] DEBUG org.dbunit.util.SQLHelper  - close(resultSet=org.apache.commons.dbcp.DelegatingResultSet@2acdb803) - start
192794 [main] DEBUG org.dbunit.util.search.DepthFirstSearch  - search:SCOPEDCONTENTCONDITIONS_SCOPEDCONTENT
192794 [main] DEBUG org.dbunit.database.search.ExportedKeysSearchCallback  - searchNode(node=SCOPEDCONTENTCONDITIONS_SCOPEDCONTENT) - start
192794 [main] DEBUG org.dbunit.util.search.DepthFirstSearch  - Pushing SCOPEDCONTENTCONDITIONS_SCOPEDCONTENT
192794 [main] DEBUG org.dbunit.database.search.ExportedKeysSearchCallback  - getEdges(node=SCOPEDCONTENTCONDITIONS_SCOPEDCONTENT) - start
192794 [main] DEBUG org.dbunit.database.search.AbstractMetaDataBasedSearchCallback  - getNodesFromExportedKeys(node=SCOPEDCONTENTCONDITIONS_SCOPEDCONTENT) - start
192794 [main] DEBUG org.dbunit.database.search.AbstractMetaDataBasedSearchCallback  - getNodes(type=1, node=SCOPEDCONTENTCONDITIONS_SCOPEDCONTENT) - start
192794 [main] DEBUG org.dbunit.database.DatabaseDataSourceConnection  - getConnection() - start
192794 [main] DEBUG org.dbunit.database.search.AbstractMetaDataBasedSearchCallback  - getNodes(type=1, node=SCOPEDCONTENTCONDITIONS_SCOPEDCONTENT, conn=Transaction-aware proxy for target Connection [jdbc:hsqldb:mem:kontrollDS, UserName=sw, HSQL Database Engine Driver], schema=null, metaData=org.apache.commons.dbcp.DelegatingDatabaseMetaData@27ebe2e9, edges=[]) - start
192794 [main] DEBUG org.dbunit.database.search.AbstractMetaDataBasedSearchCallback  - Getting edges for node SCOPEDCONTENTCONDITIONS_SCOPEDCONTENT
192794 [main] TRACE org.dbunit.database.DatabaseConfig  - getProperty(name=http://www.dbunit.org/properties/metadataHandler) - start
192794 [main] TRACE org.dbunit.database.DefaultMetadataHandler  - tableExists(metaData=org.apache.commons.dbcp.DelegatingDatabaseMetaData@27ebe2e9, schemaName=null, tableName=SCOPEDCONTENTCONDITIONS_SCOPEDCONTENT) - start
192795 [main] DEBUG org.dbunit.util.SQLHelper  - close(resultSet=org.apache.commons.dbcp.DelegatingResultSet@4a7fb477) - start
192795 [main] DEBUG org.dbunit.util.SQLHelper  - close(resultSet=org.apache.commons.dbcp.DelegatingResultSet@66628065) - start
192795 [main] DEBUG org.dbunit.util.search.DepthFirstSearch  - Adding node SCOPEDCONTENTCONDITIONS_SCOPEDCONTENT to the final result
192795 [main] DEBUG org.dbunit.util.search.DepthFirstSearch  - search:SCOPEDCONTENT_SCOPEDCONTENTITEM
192795 [main] DEBUG org.dbunit.database.search.ExportedKeysSearchCallback  - searchNode(node=SCOPEDCONTENT_SCOPEDCONTENTITEM) - start
192796 [main] DEBUG org.dbunit.util.search.DepthFirstSearch  - Pushing SCOPEDCONTENT_SCOPEDCONTENTITEM
192796 [main] DEBUG org.dbunit.database.search.ExportedKeysSearchCallback  - getEdges(node=SCOPEDCONTENT_SCOPEDCONTENTITEM) - start
192796 [main] DEBUG org.dbunit.database.search.AbstractMetaDataBasedSearchCallback  - getNodesFromExportedKeys(node=SCOPEDCONTENT_SCOPEDCONTENTITEM) - start
192796 [main] DEBUG org.dbunit.database.search.AbstractMetaDataBasedSearchCallback  - getNodes(type=1, node=SCOPEDCONTENT_SCOPEDCONTENTITEM) - start
192796 [main] DEBUG org.dbunit.database.DatabaseDataSourceConnection  - getConnection() - start
192796 [main] DEBUG org.dbunit.database.search.AbstractMetaDataBasedSearchCallback  - getNodes(type=1, node=SCOPEDCONTENT_SCOPEDCONTENTITEM, conn=Transaction-aware proxy for target Connection [jdbc:hsqldb:mem:kontrollDS, UserName=sw, HSQL Database Engine Driver], schema=null, metaData=org.apache.commons.dbcp.DelegatingDatabaseMetaData@4cdb9b66, edges=[]) - start
192796 [main] DEBUG org.dbunit.database.search.AbstractMetaDataBasedSearchCallback  - Getting edges for node SCOPEDCONTENT_SCOPEDCONTENTITEM
192796 [main] TRACE org.dbunit.database.DatabaseConfig  - getProperty(name=http://www.dbunit.org/properties/metadataHandler) - start
192796 [main] TRACE org.dbunit.database.DefaultMetadataHandler  - tableExists(metaData=org.apache.commons.dbcp.DelegatingDatabaseMetaData@4cdb9b66, schemaName=null, tableName=SCOPEDCONTENT_SCOPEDCONTENTITEM) - start
192797 [main] DEBUG org.dbunit.util.SQLHelper  - close(resultSet=org.apache.commons.dbcp.DelegatingResultSet@6d527cfe) - start
192797 [main] DEBUG org.dbunit.util.SQLHelper  - close(resultSet=org.apache.commons.dbcp.DelegatingResultSet@5ae7efe) - start
192797 [main] DEBUG org.dbunit.util.search.DepthFirstSearch  - Adding node SCOPEDCONTENT_SCOPEDCONTENTITEM to the final result
192797 [main] DEBUG org.dbunit.util.search.DepthFirstSearch  - search:SCOPEDCONTENT
192797 [main] DEBUG org.dbunit.database.search.ExportedKeysSearchCallback  - searchNode(node=SCOPEDCONTENT) - start
192797 [main] DEBUG org.dbunit.util.search.DepthFirstSearch  - Pushing SCOPEDCONTENT
192798 [main] DEBUG org.dbunit.database.search.ExportedKeysSearchCallback  - getEdges(node=SCOPEDCONTENT) - start
192798 [main] DEBUG org.dbunit.database.search.AbstractMetaDataBasedSearchCallback  - getNodesFromExportedKeys(node=SCOPEDCONTENT) - start
192798 [main] DEBUG org.dbunit.database.search.AbstractMetaDataBasedSearchCallback  - getNodes(type=1, node=SCOPEDCONTENT) - start
192798 [main] DEBUG org.dbunit.database.DatabaseDataSourceConnection  - getConnection() - start
192798 [main] DEBUG org.dbunit.database.search.AbstractMetaDataBasedSearchCallback  - getNodes(type=1, node=SCOPEDCONTENT, conn=Transaction-aware proxy for target Connection [jdbc:hsqldb:mem:kontrollDS, UserName=sw, HSQL Database Engine Driver], schema=null, metaData=org.apache.commons.dbcp.DelegatingDatabaseMetaData@313589c, edges=[]) - start
192798 [main] DEBUG org.dbunit.database.search.AbstractMetaDataBasedSearchCallback  - Getting edges for node SCOPEDCONTENT
192798 [main] TRACE org.dbunit.database.DatabaseConfig  - getProperty(name=http://www.dbunit.org/properties/metadataHandler) - start
192798 [main] TRACE org.dbunit.database.DefaultMetadataHandler  - tableExists(metaData=org.apache.commons.dbcp.DelegatingDatabaseMetaData@313589c, schemaName=null, tableName=SCOPEDCONTENT) - start
192799 [main] DEBUG org.dbunit.util.SQLHelper  - close(resultSet=org.apache.commons.dbcp.DelegatingResultSet@1a1953b2) - start
192799 [main] DEBUG org.dbunit.util.QualifiedTableName  - getQualifiedNameIfEnabled(config=org.dbunit.database.DatabaseConfig[, _propertyMap={http://www.dbunit.org/properties/statementFactory=org.dbunit.database.statement.PreparedStatementFactory@626bc2b8, http://www.dbunit.org/features/caseSensitiveTableNames=false, http://www.dbunit.org/properties/fetchSize=100, http://www.dbunit.org/features/batchedStatements=false, http://www.dbunit.org/properties/metadataHandler=org.dbunit.database.DefaultMetadataHandler@3eeace42, http://www.dbunit.org/properties/datatypeFactory=org.dbunit.dataset.datatype.DefaultDataTypeFactory[_toleratedDeltaMap=org.dbunit.dataset.datatype.ToleratedDeltaMap@6452310a], http://www.dbunit.org/properties/escapePattern=null, http://www.dbunit.org/properties/batchSize=100, http://www.dbunit.org/features/qualifiedTableNames=false, http://www.dbunit.org/properties/tableType=[Ljava.lang.String;@5011bafa, http://www.dbunit.org/properties/resultSetTableFactory=org.dbunit.database.CachedResultSetTableFactory@10bcf083, http://www.dbunit.org/features/datatypeWarning=true}]) - start
192799 [main] TRACE org.dbunit.database.DatabaseConfig  - getFeature(name=http://www.dbunit.org/features/qualifiedTableNames) - start
192799 [main] TRACE org.dbunit.database.DatabaseConfig  - getProperty(name=http://www.dbunit.org/features/qualifiedTableNames) - start
192799 [main] DEBUG org.dbunit.util.QualifiedTableName  - Qualified table names feature is disabled. Returning plain table name
192799 [main] DEBUG org.dbunit.util.QualifiedTableName  - getQualifiedName(prefix=null, name=SCOPEDCONTENT, escapePattern=null) - start
192799 [main] DEBUG org.dbunit.util.QualifiedTableName  - getQualifiedNameIfEnabled(config=org.dbunit.database.DatabaseConfig[, _propertyMap={http://www.dbunit.org/properties/statementFactory=org.dbunit.database.statement.PreparedStatementFactory@626bc2b8, http://www.dbunit.org/features/caseSensitiveTableNames=false, http://www.dbunit.org/properties/fetchSize=100, http://www.dbunit.org/features/batchedStatements=false, http://www.dbunit.org/properties/metadataHandler=org.dbunit.database.DefaultMetadataHandler@3eeace42, http://www.dbunit.org/properties/datatypeFactory=org.dbunit.dataset.datatype.DefaultDataTypeFactory[_toleratedDeltaMap=org.dbunit.dataset.datatype.ToleratedDeltaMap@6452310a], http://www.dbunit.org/properties/escapePattern=null, http://www.dbunit.org/properties/batchSize=100, http://www.dbunit.org/features/qualifiedTableNames=false, http://www.dbunit.org/properties/tableType=[Ljava.lang.String;@5011bafa, http://www.dbunit.org/properties/resultSetTableFactory=org.dbunit.database.CachedResultSetTableFactory@10bcf083, http://www.dbunit.org/features/datatypeWarning=true}]) - start
192799 [main] TRACE org.dbunit.database.DatabaseConfig  - getFeature(name=http://www.dbunit.org/features/qualifiedTableNames) - start
192799 [main] TRACE org.dbunit.database.DatabaseConfig  - getProperty(name=http://www.dbunit.org/features/qualifiedTableNames) - start
192799 [main] DEBUG org.dbunit.util.QualifiedTableName  - Qualified table names feature is disabled. Returning plain table name
192799 [main] DEBUG org.dbunit.util.QualifiedTableName  - getQualifiedName(prefix=null, name=SCOPEDCONTENTCONDITIONS_SCOPEDCONTENT, escapePattern=null) - start
192800 [main] DEBUG org.dbunit.database.search.AbstractMetaDataBasedSearchCallback  - newEdge(rs=org.apache.commons.dbcp.DelegatingResultSet@6908f764, type=1, from=SCOPEDCONTENT, to=SCOPEDCONTENTCONDITIONS_SCOPEDCONTENT, fkColumn=SCOPED_CONTENT_ID, pkColumn=ID) - start
192800 [main] DEBUG org.dbunit.database.search.AbstractMetaDataBasedSearchCallback  - createFKEdge(rs=org.apache.commons.dbcp.DelegatingResultSet@6908f764, type=1, from=SCOPEDCONTENT, to=SCOPEDCONTENTCONDITIONS_SCOPEDCONTENT, fkColumn=SCOPED_CONTENT_ID, pkColumn=ID) - start
192800 [main] DEBUG org.dbunit.database.search.AbstractMetaDataBasedSearchCallback  - Adding edge SCOPEDCONTENTCONDITIONS_SCOPEDCONTENT(SCOPED_CONTENT_ID)->SCOPEDCONTENT(ID)
192800 [main] DEBUG org.dbunit.util.search.Edge  - compareTo(o=SCOPEDCONTENTCONDITIONS_SCOPEDCONTENT(SCOPED_CONTENT_ID)->SCOPEDCONTENT(ID)) - start
192800 [main] DEBUG org.dbunit.util.QualifiedTableName  - getQualifiedNameIfEnabled(config=org.dbunit.database.DatabaseConfig[, _propertyMap={http://www.dbunit.org/properties/statementFactory=org.dbunit.database.statement.PreparedStatementFactory@626bc2b8, http://www.dbunit.org/features/caseSensitiveTableNames=false, http://www.dbunit.org/properties/fetchSize=100, http://www.dbunit.org/features/batchedStatements=false, http://www.dbunit.org/properties/metadataHandler=org.dbunit.database.DefaultMetadataHandler@3eeace42, http://www.dbunit.org/properties/datatypeFactory=org.dbunit.dataset.datatype.DefaultDataTypeFactory[_toleratedDeltaMap=org.dbunit.dataset.datatype.ToleratedDeltaMap@6452310a], http://www.dbunit.org/properties/escapePattern=null, http://www.dbunit.org/properties/batchSize=100, http://www.dbunit.org/features/qualifiedTableNames=false, http://www.dbunit.org/properties/tableType=[Ljava.lang.String;@5011bafa, http://www.dbunit.org/properties/resultSetTableFactory=org.dbunit.database.CachedResultSetTableFactory@10bcf083, http://www.dbunit.org/features/datatypeWarning=true}]) - start
192800 [main] TRACE org.dbunit.database.DatabaseConfig  - getFeature(name=http://www.dbunit.org/features/qualifiedTableNames) - start
192800 [main] TRACE org.dbunit.database.DatabaseConfig  - getProperty(name=http://www.dbunit.org/features/qualifiedTableNames) - start
192800 [main] DEBUG org.dbunit.util.QualifiedTableName  - Qualified table names feature is disabled. Returning plain table name
192800 [main] DEBUG org.dbunit.util.QualifiedTableName  - getQualifiedName(prefix=null, name=SCOPEDCONTENT, escapePattern=null) - start
192800 [main] DEBUG org.dbunit.util.QualifiedTableName  - getQualifiedNameIfEnabled(config=org.dbunit.database.DatabaseConfig[, _propertyMap={http://www.dbunit.org/properties/statementFactory=org.dbunit.database.statement.PreparedStatementFactory@626bc2b8, http://www.dbunit.org/features/caseSensitiveTableNames=false, http://www.dbunit.org/properties/fetchSize=100, http://www.dbunit.org/features/batchedStatements=false, http://www.dbunit.org/properties/metadataHandler=org.dbunit.database.DefaultMetadataHandler@3eeace42, http://www.dbunit.org/properties/datatypeFactory=org.dbunit.dataset.datatype.DefaultDataTypeFactory[_toleratedDeltaMap=org.dbunit.dataset.datatype.ToleratedDeltaMap@6452310a], http://www.dbunit.org/properties/escapePattern=null, http://www.dbunit.org/properties/batchSize=100, http://www.dbunit.org/features/qualifiedTableNames=false, http://www.dbunit.org/properties/tableType=[Ljava.lang.String;@5011bafa, http://www.dbunit.org/properties/resultSetTableFactory=org.dbunit.database.CachedResultSetTableFactory@10bcf083, http://www.dbunit.org/features/datatypeWarning=true}]) - start
192800 [main] TRACE org.dbunit.database.DatabaseConfig  - getFeature(name=http://www.dbunit.org/features/qualifiedTableNames) - start
192800 [main] TRACE org.dbunit.database.DatabaseConfig  - getProperty(name=http://www.dbunit.org/features/qualifiedTableNames) - start
192800 [main] DEBUG org.dbunit.util.QualifiedTableName  - Qualified table names feature is disabled. Returning plain table name
192800 [main] DEBUG org.dbunit.util.QualifiedTableName  - getQualifiedName(prefix=null, name=SCOPEDCONTENT_SCOPEDCONTENTITEM, escapePattern=null) - start
192800 [main] DEBUG org.dbunit.database.search.AbstractMetaDataBasedSearchCallback  - newEdge(rs=org.apache.commons.dbcp.DelegatingResultSet@6908f764, type=1, from=SCOPEDCONTENT, to=SCOPEDCONTENT_SCOPEDCONTENTITEM, fkColumn=SCOPED_CONTENT_ITEM_ID, pkColumn=ID) - start
192800 [main] DEBUG org.dbunit.database.search.AbstractMetaDataBasedSearchCallback  - createFKEdge(rs=org.apache.commons.dbcp.DelegatingResultSet@6908f764, type=1, from=SCOPEDCONTENT, to=SCOPEDCONTENT_SCOPEDCONTENTITEM, fkColumn=SCOPED_CONTENT_ITEM_ID, pkColumn=ID) - start
192800 [main] DEBUG org.dbunit.database.search.AbstractMetaDataBasedSearchCallback  - Adding edge SCOPEDCONTENT_SCOPEDCONTENTITEM(SCOPED_CONTENT_ITEM_ID)->SCOPEDCONTENT(ID)
192800 [main] DEBUG org.dbunit.util.search.Edge  - compareTo(o=SCOPEDCONTENTCONDITIONS_SCOPEDCONTENT(SCOPED_CONTENT_ID)->SCOPEDCONTENT(ID)) - start
192800 [main] DEBUG org.dbunit.util.SQLHelper  - close(resultSet=org.apache.commons.dbcp.DelegatingResultSet@6908f764) - start
192800 [main] DEBUG org.dbunit.util.search.DepthFirstSearch  - search:SCOPEDCONTENT
192800 [main] DEBUG org.dbunit.util.search.DepthFirstSearch  - already searched; returning true
192800 [main] DEBUG org.dbunit.util.search.DepthFirstSearch  - search:SCOPEDCONTENT
192800 [main] DEBUG org.dbunit.util.search.DepthFirstSearch  - already searched; returning true
192800 [main] DEBUG org.dbunit.util.search.DepthFirstSearch  - Adding node SCOPEDCONTENT to the final result
192801 [main] DEBUG org.dbunit.util.CollectionsHelper  - setToStrings(set=[SCOPEDCONTENTCONDITIONS_SCOPEDCONTENT, SCOPEDCONTENT_SCOPEDCONTENTITEM, SCOPEDCONTENT]) - start
192801 [main] DEBUG org.dbunit.database.search.TablesDependencyHelper  - getDirectDependsOnTables(connection=_databaseConfig=org.dbunit.database.DatabaseConfig[, _propertyMap={http://www.dbunit.org/properties/statementFactory=org.dbunit.database.statement.PreparedStatementFactory@626bc2b8, http://www.dbunit.org/features/caseSensitiveTableNames=false, http://www.dbunit.org/properties/fetchSize=100, http://www.dbunit.org/features/batchedStatements=false, http://www.dbunit.org/properties/metadataHandler=org.dbunit.database.DefaultMetadataHandler@3eeace42, http://www.dbunit.org/properties/datatypeFactory=org.dbunit.dataset.datatype.DefaultDataTypeFactory[_toleratedDeltaMap=org.dbunit.dataset.datatype.ToleratedDeltaMap@6452310a], http://www.dbunit.org/properties/escapePattern=null, http://www.dbunit.org/properties/batchSize=100, http://www.dbunit.org/features/qualifiedTableNames=false, http://www.dbunit.org/properties/tableType=[Ljava.lang.String;@5011bafa, http://www.dbunit.org/properties/resultSetTableFactory=org.dbunit.database.CachedResultSetTableFactory@10bcf083, http://www.dbunit.org/features/datatypeWarning=true}], _dataSet=AbstractDataSet[_orderedTableNameMap=null], tableName=SCOPEDCONTENT) - start
192801 [main] DEBUG org.dbunit.util.search.DepthFirstSearch  - search(nodesFrom=[SCOPEDCONTENT], callback=org.dbunit.database.search.ExportedKeysSearchCallback@4e6776c) - start
192801 [main] DEBUG org.dbunit.util.CollectionsHelper  - objectsToSet(objects=SCOPEDCONTENT) - start
192801 [main] DEBUG org.dbunit.util.search.DepthFirstSearch  - search(nodesFrom=[SCOPEDCONTENT], callback=org.dbunit.database.search.ExportedKeysSearchCallback@4e6776c) - start
192801 [main] DEBUG org.dbunit.util.search.DepthFirstSearch  - reverseSearch:SCOPEDCONTENT
192801 [main] DEBUG org.dbunit.database.search.ExportedKeysSearchCallback  - searchNode(node=SCOPEDCONTENT) - start
192801 [main] DEBUG org.dbunit.util.search.DepthFirstSearch  - Pushing (reverse) SCOPEDCONTENT
192801 [main] DEBUG org.dbunit.database.search.ExportedKeysSearchCallback  - getEdges(node=SCOPEDCONTENT) - start
192801 [main] DEBUG org.dbunit.database.search.AbstractMetaDataBasedSearchCallback  - getNodesFromExportedKeys(node=SCOPEDCONTENT) - start
192801 [main] DEBUG org.dbunit.database.search.AbstractMetaDataBasedSearchCallback  - getNodes(type=1, node=SCOPEDCONTENT) - start
192801 [main] DEBUG org.dbunit.database.DatabaseDataSourceConnection  - getConnection() - start
192801 [main] DEBUG org.dbunit.database.search.AbstractMetaDataBasedSearchCallback  - getNodes(type=1, node=SCOPEDCONTENT, conn=Transaction-aware proxy for target Connection [jdbc:hsqldb:mem:kontrollDS, UserName=sw, HSQL Database Engine Driver], schema=null, metaData=org.apache.commons.dbcp.DelegatingDatabaseMetaData@36aa55f7, edges=[]) - start
192801 [main] DEBUG org.dbunit.database.search.AbstractMetaDataBasedSearchCallback  - Getting edges for node SCOPEDCONTENT
192801 [main] TRACE org.dbunit.database.DatabaseConfig  - getProperty(name=http://www.dbunit.org/properties/metadataHandler) - start
192801 [main] TRACE org.dbunit.database.DefaultMetadataHandler  - tableExists(metaData=org.apache.commons.dbcp.DelegatingDatabaseMetaData@36aa55f7, schemaName=null, tableName=SCOPEDCONTENT) - start
192803 [main] DEBUG org.dbunit.util.SQLHelper  - close(resultSet=org.apache.commons.dbcp.DelegatingResultSet@617fac39) - start
192803 [main] DEBUG org.dbunit.util.QualifiedTableName  - getQualifiedNameIfEnabled(config=org.dbunit.database.DatabaseConfig[, _propertyMap={http://www.dbunit.org/properties/statementFactory=org.dbunit.database.statement.PreparedStatementFactory@626bc2b8, http://www.dbunit.org/features/caseSensitiveTableNames=false, http://www.dbunit.org/properties/fetchSize=100, http://www.dbunit.org/features/batchedStatements=false, http://www.dbunit.org/properties/metadataHandler=org.dbunit.database.DefaultMetadataHandler@3eeace42, http://www.dbunit.org/properties/datatypeFactory=org.dbunit.dataset.datatype.DefaultDataTypeFactory[_toleratedDeltaMap=org.dbunit.dataset.datatype.ToleratedDeltaMap@6452310a], http://www.dbunit.org/properties/escapePattern=null, http://www.dbunit.org/properties/batchSize=100, http://www.dbunit.org/features/qualifiedTableNames=false, http://www.dbunit.org/properties/tableType=[Ljava.lang.String;@5011bafa, http://www.dbunit.org/properties/resultSetTableFactory=org.dbunit.database.CachedResultSetTableFactory@10bcf083, http://www.dbunit.org/features/datatypeWarning=true}]) - start
192803 [main] TRACE org.dbunit.database.DatabaseConfig  - getFeature(name=http://www.dbunit.org/features/qualifiedTableNames) - start
192803 [main] TRACE org.dbunit.database.DatabaseConfig  - getProperty(name=http://www.dbunit.org/features/qualifiedTableNames) - start
192803 [main] DEBUG org.dbunit.util.QualifiedTableName  - Qualified table names feature is disabled. Returning plain table name
192803 [main] DEBUG org.dbunit.util.QualifiedTableName  - getQualifiedName(prefix=null, name=SCOPEDCONTENT, escapePattern=null) - start
192803 [main] DEBUG org.dbunit.util.QualifiedTableName  - getQualifiedNameIfEnabled(config=org.dbunit.database.DatabaseConfig[, _propertyMap={http://www.dbunit.org/properties/statementFactory=org.dbunit.database.statement.PreparedStatementFactory@626bc2b8, http://www.dbunit.org/features/caseSensitiveTableNames=false, http://www.dbunit.org/properties/fetchSize=100, http://www.dbunit.org/features/batchedStatements=false, http://www.dbunit.org/properties/metadataHandler=org.dbunit.database.DefaultMetadataHandler@3eeace42, http://www.dbunit.org/properties/datatypeFactory=org.dbunit.dataset.datatype.DefaultDataTypeFactory[_toleratedDeltaMap=org.dbunit.dataset.datatype.ToleratedDeltaMap@6452310a], http://www.dbunit.org/properties/escapePattern=null, http://www.dbunit.org/properties/batchSize=100, http://www.dbunit.org/features/qualifiedTableNames=false, http://www.dbunit.org/properties/tableType=[Ljava.lang.String;@5011bafa, http://www.dbunit.org/properties/resultSetTableFactory=org.dbunit.database.CachedResultSetTableFactory@10bcf083, http://www.dbunit.org/features/datatypeWarning=true}]) - start
192803 [main] TRACE org.dbunit.database.DatabaseConfig  - getFeature(name=http://www.dbunit.org/features/qualifiedTableNames) - start
192804 [main] TRACE org.dbunit.database.DatabaseConfig  - getProperty(name=http://www.dbunit.org/features/qualifiedTableNames) - start
192804 [main] DEBUG org.dbunit.util.QualifiedTableName  - Qualified table names feature is disabled. Returning plain table name
192804 [main] DEBUG org.dbunit.util.QualifiedTableName  - getQualifiedName(prefix=null, name=SCOPEDCONTENTCONDITIONS_SCOPEDCONTENT, escapePattern=null) - start
192804 [main] DEBUG org.dbunit.database.search.AbstractMetaDataBasedSearchCallback  - newEdge(rs=org.apache.commons.dbcp.DelegatingResultSet@4aaf2f89, type=1, from=SCOPEDCONTENT, to=SCOPEDCONTENTCONDITIONS_SCOPEDCONTENT, fkColumn=SCOPED_CONTENT_ID, pkColumn=ID) - start
192804 [main] DEBUG org.dbunit.database.search.AbstractMetaDataBasedSearchCallback  - createFKEdge(rs=org.apache.commons.dbcp.DelegatingResultSet@4aaf2f89, type=1, from=SCOPEDCONTENT, to=SCOPEDCONTENTCONDITIONS_SCOPEDCONTENT, fkColumn=SCOPED_CONTENT_ID, pkColumn=ID) - start
192804 [main] DEBUG org.dbunit.database.search.AbstractMetaDataBasedSearchCallback  - Adding edge SCOPEDCONTENTCONDITIONS_SCOPEDCONTENT(SCOPED_CONTENT_ID)->SCOPEDCONTENT(ID)
192804 [main] DEBUG org.dbunit.util.search.Edge  - compareTo(o=SCOPEDCONTENTCONDITIONS_SCOPEDCONTENT(SCOPED_CONTENT_ID)->SCOPEDCONTENT(ID)) - start
192804 [main] DEBUG org.dbunit.util.QualifiedTableName  - getQualifiedNameIfEnabled(config=org.dbunit.database.DatabaseConfig[, _propertyMap={http://www.dbunit.org/properties/statementFactory=org.dbunit.database.statement.PreparedStatementFactory@626bc2b8, http://www.dbunit.org/features/caseSensitiveTableNames=false, http://www.dbunit.org/properties/fetchSize=100, http://www.dbunit.org/features/batchedStatements=false, http://www.dbunit.org/properties/metadataHandler=org.dbunit.database.DefaultMetadataHandler@3eeace42, http://www.dbunit.org/properties/datatypeFactory=org.dbunit.dataset.datatype.DefaultDataTypeFactory[_toleratedDeltaMap=org.dbunit.dataset.datatype.ToleratedDeltaMap@6452310a], http://www.dbunit.org/properties/escapePattern=null, http://www.dbunit.org/properties/batchSize=100, http://www.dbunit.org/features/qualifiedTableNames=false, http://www.dbunit.org/properties/tableType=[Ljava.lang.String;@5011bafa, http://www.dbunit.org/properties/resultSetTableFactory=org.dbunit.database.CachedResultSetTableFactory@10bcf083, http://www.dbunit.org/features/datatypeWarning=true}]) - start
192804 [main] TRACE org.dbunit.database.DatabaseConfig  - getFeature(name=http://www.dbunit.org/features/qualifiedTableNames) - start
192804 [main] TRACE org.dbunit.database.DatabaseConfig  - getProperty(name=http://www.dbunit.org/features/qualifiedTableNames) - start
192804 [main] DEBUG org.dbunit.util.QualifiedTableName  - Qualified table names feature is disabled. Returning plain table name
192804 [main] DEBUG org.dbunit.util.QualifiedTableName  - getQualifiedName(prefix=null, name=SCOPEDCONTENT, escapePattern=null) - start
192804 [main] DEBUG org.dbunit.util.QualifiedTableName  - getQualifiedNameIfEnabled(config=org.dbunit.database.DatabaseConfig[, _propertyMap={http://www.dbunit.org/properties/statementFactory=org.dbunit.database.statement.PreparedStatementFactory@626bc2b8, http://www.dbunit.org/features/caseSensitiveTableNames=false, http://www.dbunit.org/properties/fetchSize=100, http://www.dbunit.org/features/batchedStatements=false, http://www.dbunit.org/properties/metadataHandler=org.dbunit.database.DefaultMetadataHandler@3eeace42, http://www.dbunit.org/properties/datatypeFactory=org.dbunit.dataset.datatype.DefaultDataTypeFactory[_toleratedDeltaMap=org.dbunit.dataset.datatype.ToleratedDeltaMap@6452310a], http://www.dbunit.org/properties/escapePattern=null, http://www.dbunit.org/properties/batchSize=100, http://www.dbunit.org/features/qualifiedTableNames=false, http://www.dbunit.org/properties/tableType=[Ljava.lang.String;@5011bafa, http://www.dbunit.org/properties/resultSetTableFactory=org.dbunit.database.CachedResultSetTableFactory@10bcf083, http://www.dbunit.org/features/datatypeWarning=true}]) - start
192804 [main] TRACE org.dbunit.database.DatabaseConfig  - getFeature(name=http://www.dbunit.org/features/qualifiedTableNames) - start
192804 [main] TRACE org.dbunit.database.DatabaseConfig  - getProperty(name=http://www.dbunit.org/features/qualifiedTableNames) - start
192804 [main] DEBUG org.dbunit.util.QualifiedTableName  - Qualified table names feature is disabled. Returning plain table name
192804 [main] DEBUG org.dbunit.util.QualifiedTableName  - getQualifiedName(prefix=null, name=SCOPEDCONTENT_SCOPEDCONTENTITEM, escapePattern=null) - start
192804 [main] DEBUG org.dbunit.database.search.AbstractMetaDataBasedSearchCallback  - newEdge(rs=org.apache.commons.dbcp.DelegatingResultSet@4aaf2f89, type=1, from=SCOPEDCONTENT, to=SCOPEDCONTENT_SCOPEDCONTENTITEM, fkColumn=SCOPED_CONTENT_ITEM_ID, pkColumn=ID) - start
192804 [main] DEBUG org.dbunit.database.search.AbstractMetaDataBasedSearchCallback  - createFKEdge(rs=org.apache.commons.dbcp.DelegatingResultSet@4aaf2f89, type=1, from=SCOPEDCONTENT, to=SCOPEDCONTENT_SCOPEDCONTENTITEM, fkColumn=SCOPED_CONTENT_ITEM_ID, pkColumn=ID) - start
192804 [main] DEBUG org.dbunit.database.search.AbstractMetaDataBasedSearchCallback  - Adding edge SCOPEDCONTENT_SCOPEDCONTENTITEM(SCOPED_CONTENT_ITEM_ID)->SCOPEDCONTENT(ID)
192804 [main] DEBUG org.dbunit.util.search.Edge  - compareTo(o=SCOPEDCONTENTCONDITIONS_SCOPEDCONTENT(SCOPED_CONTENT_ID)->SCOPEDCONTENT(ID)) - start
192804 [main] DEBUG org.dbunit.util.SQLHelper  - close(resultSet=org.apache.commons.dbcp.DelegatingResultSet@4aaf2f89) - start
192805 [main] DEBUG org.dbunit.util.search.DepthFirstSearch  - reverseSearch:SCOPEDCONTENTCONDITIONS_SCOPEDCONTENT
192805 [main] DEBUG org.dbunit.database.search.ExportedKeysSearchCallback  - searchNode(node=SCOPEDCONTENTCONDITIONS_SCOPEDCONTENT) - start
192805 [main] DEBUG org.dbunit.util.search.DepthFirstSearch  - Pushing (reverse) SCOPEDCONTENTCONDITIONS_SCOPEDCONTENT
192805 [main] DEBUG org.dbunit.database.search.ExportedKeysSearchCallback  - getEdges(node=SCOPEDCONTENTCONDITIONS_SCOPEDCONTENT) - start
192805 [main] DEBUG org.dbunit.database.search.AbstractMetaDataBasedSearchCallback  - getNodesFromExportedKeys(node=SCOPEDCONTENTCONDITIONS_SCOPEDCONTENT) - start
192805 [main] DEBUG org.dbunit.database.search.AbstractMetaDataBasedSearchCallback  - getNodes(type=1, node=SCOPEDCONTENTCONDITIONS_SCOPEDCONTENT) - start
192805 [main] DEBUG org.dbunit.database.DatabaseDataSourceConnection  - getConnection() - start
192805 [main] DEBUG org.dbunit.database.search.AbstractMetaDataBasedSearchCallback  - getNodes(type=1, node=SCOPEDCONTENTCONDITIONS_SCOPEDCONTENT, conn=Transaction-aware proxy for target Connection [jdbc:hsqldb:mem:kontrollDS, UserName=sw, HSQL Database Engine Driver], schema=null, metaData=org.apache.commons.dbcp.DelegatingDatabaseMetaData@3359f1ad, edges=[]) - start
192805 [main] DEBUG org.dbunit.database.search.AbstractMetaDataBasedSearchCallback  - Getting edges for node SCOPEDCONTENTCONDITIONS_SCOPEDCONTENT
192805 [main] TRACE org.dbunit.database.DatabaseConfig  - getProperty(name=http://www.dbunit.org/properties/metadataHandler) - start
192805 [main] TRACE org.dbunit.database.DefaultMetadataHandler  - tableExists(metaData=org.apache.commons.dbcp.DelegatingDatabaseMetaData@3359f1ad, schemaName=null, tableName=SCOPEDCONTENTCONDITIONS_SCOPEDCONTENT) - start
192806 [main] DEBUG org.dbunit.util.SQLHelper  - close(resultSet=org.apache.commons.dbcp.DelegatingResultSet@15cce618) - start
192806 [main] DEBUG org.dbunit.util.SQLHelper  - close(resultSet=org.apache.commons.dbcp.DelegatingResultSet@4cf425f5) - start
192806 [main] DEBUG org.dbunit.util.search.DepthFirstSearch  - reverseSearch:SCOPEDCONTENT_SCOPEDCONTENTITEM
192806 [main] DEBUG org.dbunit.database.search.ExportedKeysSearchCallback  - searchNode(node=SCOPEDCONTENT_SCOPEDCONTENTITEM) - start
192806 [main] DEBUG org.dbunit.util.search.DepthFirstSearch  - Pushing (reverse) SCOPEDCONTENT_SCOPEDCONTENTITEM
192806 [main] DEBUG org.dbunit.util.search.DepthFirstSearch  - search:SCOPEDCONTENTCONDITIONS_SCOPEDCONTENT
192807 [main] DEBUG org.dbunit.database.search.ExportedKeysSearchCallback  - searchNode(node=SCOPEDCONTENTCONDITIONS_SCOPEDCONTENT) - start
192807 [main] DEBUG org.dbunit.util.search.DepthFirstSearch  - Pushing SCOPEDCONTENTCONDITIONS_SCOPEDCONTENT
192807 [main] DEBUG org.dbunit.database.search.ExportedKeysSearchCallback  - getEdges(node=SCOPEDCONTENTCONDITIONS_SCOPEDCONTENT) - start
192807 [main] DEBUG org.dbunit.database.search.AbstractMetaDataBasedSearchCallback  - getNodesFromExportedKeys(node=SCOPEDCONTENTCONDITIONS_SCOPEDCONTENT) - start
192807 [main] DEBUG org.dbunit.database.search.AbstractMetaDataBasedSearchCallback  - getNodes(type=1, node=SCOPEDCONTENTCONDITIONS_SCOPEDCONTENT) - start
192807 [main] DEBUG org.dbunit.database.DatabaseDataSourceConnection  - getConnection() - start
192807 [main] DEBUG org.dbunit.database.search.AbstractMetaDataBasedSearchCallback  - getNodes(type=1, node=SCOPEDCONTENTCONDITIONS_SCOPEDCONTENT, conn=Transaction-aware proxy for target Connection [jdbc:hsqldb:mem:kontrollDS, UserName=sw, HSQL Database Engine Driver], schema=null, metaData=org.apache.commons.dbcp.DelegatingDatabaseMetaData@30e81f4b, edges=[]) - start
192807 [main] DEBUG org.dbunit.database.search.AbstractMetaDataBasedSearchCallback  - Getting edges for node SCOPEDCONTENTCONDITIONS_SCOPEDCONTENT
192807 [main] TRACE org.dbunit.database.DatabaseConfig  - getProperty(name=http://www.dbunit.org/properties/metadataHandler) - start
192807 [main] TRACE org.dbunit.database.DefaultMetadataHandler  - tableExists(metaData=org.apache.commons.dbcp.DelegatingDatabaseMetaData@30e81f4b, schemaName=null, tableName=SCOPEDCONTENTCONDITIONS_SCOPEDCONTENT) - start
192808 [main] DEBUG org.dbunit.util.SQLHelper  - close(resultSet=org.apache.commons.dbcp.DelegatingResultSet@bd521e) - start
192808 [main] DEBUG org.dbunit.util.SQLHelper  - close(resultSet=org.apache.commons.dbcp.DelegatingResultSet@1c02015e) - start
192808 [main] DEBUG org.dbunit.util.search.DepthFirstSearch  - Adding node SCOPEDCONTENTCONDITIONS_SCOPEDCONTENT to the final result
192808 [main] DEBUG org.dbunit.util.search.DepthFirstSearch  - search:SCOPEDCONTENT_SCOPEDCONTENTITEM
192808 [main] DEBUG org.dbunit.database.search.ExportedKeysSearchCallback  - searchNode(node=SCOPEDCONTENT_SCOPEDCONTENTITEM) - start
192808 [main] DEBUG org.dbunit.util.search.DepthFirstSearch  - Pushing SCOPEDCONTENT_SCOPEDCONTENTITEM
192808 [main] DEBUG org.dbunit.database.search.ExportedKeysSearchCallback  - getEdges(node=SCOPEDCONTENT_SCOPEDCONTENTITEM) - start
192808 [main] DEBUG org.dbunit.database.search.AbstractMetaDataBasedSearchCallback  - getNodesFromExportedKeys(node=SCOPEDCONTENT_SCOPEDCONTENTITEM) - start
192808 [main] DEBUG org.dbunit.database.search.AbstractMetaDataBasedSearchCallback  - getNodes(type=1, node=SCOPEDCONTENT_SCOPEDCONTENTITEM) - start
192808 [main] DEBUG org.dbunit.database.DatabaseDataSourceConnection  - getConnection() - start
192808 [main] DEBUG org.dbunit.database.search.AbstractMetaDataBasedSearchCallback  - getNodes(type=1, node=SCOPEDCONTENT_SCOPEDCONTENTITEM, conn=Transaction-aware proxy for target Connection [jdbc:hsqldb:mem:kontrollDS, UserName=sw, HSQL Database Engine Driver], schema=null, metaData=org.apache.commons.dbcp.DelegatingDatabaseMetaData@47a7d0af, edges=[]) - start
192808 [main] DEBUG org.dbunit.database.search.AbstractMetaDataBasedSearchCallback  - Getting edges for node SCOPEDCONTENT_SCOPEDCONTENTITEM
192808 [main] TRACE org.dbunit.database.DatabaseConfig  - getProperty(name=http://www.dbunit.org/properties/metadataHandler) - start
192809 [main] TRACE org.dbunit.database.DefaultMetadataHandler  - tableExists(metaData=org.apache.commons.dbcp.DelegatingDatabaseMetaData@47a7d0af, schemaName=null, tableName=SCOPEDCONTENT_SCOPEDCONTENTITEM) - start
192810 [main] DEBUG org.dbunit.util.SQLHelper  - close(resultSet=org.apache.commons.dbcp.DelegatingResultSet@65fa0264) - start
192810 [main] DEBUG org.dbunit.util.SQLHelper  - close(resultSet=org.apache.commons.dbcp.DelegatingResultSet@71e8d561) - start
192810 [main] DEBUG org.dbunit.util.search.DepthFirstSearch  - Adding node SCOPEDCONTENT_SCOPEDCONTENTITEM to the final result
192810 [main] DEBUG org.dbunit.util.search.DepthFirstSearch  - search:SCOPEDCONTENT
192810 [main] DEBUG org.dbunit.database.search.ExportedKeysSearchCallback  - searchNode(node=SCOPEDCONTENT) - start
192810 [main] DEBUG org.dbunit.util.search.DepthFirstSearch  - Pushing SCOPEDCONTENT
192810 [main] DEBUG org.dbunit.database.search.ExportedKeysSearchCallback  - getEdges(node=SCOPEDCONTENT) - start
192810 [main] DEBUG org.dbunit.database.search.AbstractMetaDataBasedSearchCallback  - getNodesFromExportedKeys(node=SCOPEDCONTENT) - start
192810 [main] DEBUG org.dbunit.database.search.AbstractMetaDataBasedSearchCallback  - getNodes(type=1, node=SCOPEDCONTENT) - start
192810 [main] DEBUG org.dbunit.database.DatabaseDataSourceConnection  - getConnection() - start
192810 [main] DEBUG org.dbunit.database.search.AbstractMetaDataBasedSearchCallback  - getNodes(type=1, node=SCOPEDCONTENT, conn=Transaction-aware proxy for target Connection [jdbc:hsqldb:mem:kontrollDS, UserName=sw, HSQL Database Engine Driver], schema=null, metaData=org.apache.commons.dbcp.DelegatingDatabaseMetaData@6d110db3, edges=[]) - start
192810 [main] DEBUG org.dbunit.database.search.AbstractMetaDataBasedSearchCallback  - Getting edges for node SCOPEDCONTENT
192810 [main] TRACE org.dbunit.database.DatabaseConfig  - getProperty(name=http://www.dbunit.org/properties/metadataHandler) - start
192810 [main] TRACE org.dbunit.database.DefaultMetadataHandler  - tableExists(metaData=org.apache.commons.dbcp.DelegatingDatabaseMetaData@6d110db3, schemaName=null, tableName=SCOPEDCONTENT) - start
192811 [main] DEBUG org.dbunit.util.SQLHelper  - close(resultSet=org.apache.commons.dbcp.DelegatingResultSet@3c231ff5) - start
192812 [main] DEBUG org.dbunit.util.QualifiedTableName  - getQualifiedNameIfEnabled(config=org.dbunit.database.DatabaseConfig[, _propertyMap={http://www.dbunit.org/properties/statementFactory=org.dbunit.database.statement.PreparedStatementFactory@626bc2b8, http://www.dbunit.org/features/caseSensitiveTableNames=false, http://www.dbunit.org/properties/fetchSize=100, http://www.dbunit.org/features/batchedStatements=false, http://www.dbunit.org/properties/metadataHandler=org.dbunit.database.DefaultMetadataHandler@3eeace42, http://www.dbunit.org/properties/datatypeFactory=org.dbunit.dataset.datatype.DefaultDataTypeFactory[_toleratedDeltaMap=org.dbunit.dataset.datatype.ToleratedDeltaMap@6452310a], http://www.dbunit.org/properties/escapePattern=null, http://www.dbunit.org/properties/batchSize=100, http://www.dbunit.org/features/qualifiedTableNames=false, http://www.dbunit.org/properties/tableType=[Ljava.lang.String;@5011bafa, http://www.dbunit.org/properties/resultSetTableFactory=org.dbunit.database.CachedResultSetTableFactory@10bcf083, http://www.dbunit.org/features/datatypeWarning=true}]) - start
192812 [main] TRACE org.dbunit.database.DatabaseConfig  - getFeature(name=http://www.dbunit.org/features/qualifiedTableNames) - start
192812 [main] TRACE org.dbunit.database.DatabaseConfig  - getProperty(name=http://www.dbunit.org/features/qualifiedTableNames) - start
192812 [main] DEBUG org.dbunit.util.QualifiedTableName  - Qualified table names feature is disabled. Returning plain table name
192812 [main] DEBUG org.dbunit.util.QualifiedTableName  - getQualifiedName(prefix=null, name=SCOPEDCONTENT, escapePattern=null) - start
192812 [main] DEBUG org.dbunit.util.QualifiedTableName  - getQualifiedNameIfEnabled(config=org.dbunit.database.DatabaseConfig[, _propertyMap={http://www.dbunit.org/properties/statementFactory=org.dbunit.database.statement.PreparedStatementFactory@626bc2b8, http://www.dbunit.org/features/caseSensitiveTableNames=false, http://www.dbunit.org/properties/fetchSize=100, http://www.dbunit.org/features/batchedStatements=false, http://www.dbunit.org/properties/metadataHandler=org.dbunit.database.DefaultMetadataHandler@3eeace42, http://www.dbunit.org/properties/datatypeFactory=org.dbunit.dataset.datatype.DefaultDataTypeFactory[_toleratedDeltaMap=org.dbunit.dataset.datatype.ToleratedDeltaMap@6452310a], http://www.dbunit.org/properties/escapePattern=null, http://www.dbunit.org/properties/batchSize=100, http://www.dbunit.org/features/qualifiedTableNames=false, http://www.dbunit.org/properties/tableType=[Ljava.lang.String;@5011bafa, http://www.dbunit.org/properties/resultSetTableFactory=org.dbunit.database.CachedResultSetTableFactory@10bcf083, http://www.dbunit.org/features/datatypeWarning=true}]) - start
192812 [main] TRACE org.dbunit.database.DatabaseConfig  - getFeature(name=http://www.dbunit.org/features/qualifiedTableNames) - start
192812 [main] TRACE org.dbunit.database.DatabaseConfig  - getProperty(name=http://www.dbunit.org/features/qualifiedTableNames) - start
192812 [main] DEBUG org.dbunit.util.QualifiedTableName  - Qualified table names feature is disabled. Returning plain table name
192812 [main] DEBUG org.dbunit.util.QualifiedTableName  - getQualifiedName(prefix=null, name=SCOPEDCONTENTCONDITIONS_SCOPEDCONTENT, escapePattern=null) - start
192812 [main] DEBUG org.dbunit.database.search.AbstractMetaDataBasedSearchCallback  - newEdge(rs=org.apache.commons.dbcp.DelegatingResultSet@2105a20e, type=1, from=SCOPEDCONTENT, to=SCOPEDCONTENTCONDITIONS_SCOPEDCONTENT, fkColumn=SCOPED_CONTENT_ID, pkColumn=ID) - start
192812 [main] DEBUG org.dbunit.database.search.AbstractMetaDataBasedSearchCallback  - createFKEdge(rs=org.apache.commons.dbcp.DelegatingResultSet@2105a20e, type=1, from=SCOPEDCONTENT, to=SCOPEDCONTENTCONDITIONS_SCOPEDCONTENT, fkColumn=SCOPED_CONTENT_ID, pkColumn=ID) - start
192812 [main] DEBUG org.dbunit.database.search.AbstractMetaDataBasedSearchCallback  - Adding edge SCOPEDCONTENTCONDITIONS_SCOPEDCONTENT(SCOPED_CONTENT_ID)->SCOPEDCONTENT(ID)
192812 [main] DEBUG org.dbunit.util.search.Edge  - compareTo(o=SCOPEDCONTENTCONDITIONS_SCOPEDCONTENT(SCOPED_CONTENT_ID)->SCOPEDCONTENT(ID)) - start
192812 [main] DEBUG org.dbunit.util.QualifiedTableName  - getQualifiedNameIfEnabled(config=org.dbunit.database.DatabaseConfig[, _propertyMap={http://www.dbunit.org/properties/statementFactory=org.dbunit.database.statement.PreparedStatementFactory@626bc2b8, http://www.dbunit.org/features/caseSensitiveTableNames=false, http://www.dbunit.org/properties/fetchSize=100, http://www.dbunit.org/features/batchedStatements=false, http://www.dbunit.org/properties/metadataHandler=org.dbunit.database.DefaultMetadataHandler@3eeace42, http://www.dbunit.org/properties/datatypeFactory=org.dbunit.dataset.datatype.DefaultDataTypeFactory[_toleratedDeltaMap=org.dbunit.dataset.datatype.ToleratedDeltaMap@6452310a], http://www.dbunit.org/properties/escapePattern=null, http://www.dbunit.org/properties/batchSize=100, http://www.dbunit.org/features/qualifiedTableNames=false, http://www.dbunit.org/properties/tableType=[Ljava.lang.String;@5011bafa, http://www.dbunit.org/properties/resultSetTableFactory=org.dbunit.database.CachedResultSetTableFactory@10bcf083, http://www.dbunit.org/features/datatypeWarning=true}]) - start
192812 [main] TRACE org.dbunit.database.DatabaseConfig  - getFeature(name=http://www.dbunit.org/features/qualifiedTableNames) - start
192812 [main] TRACE org.dbunit.database.DatabaseConfig  - getProperty(name=http://www.dbunit.org/features/qualifiedTableNames) - start
192812 [main] DEBUG org.dbunit.util.QualifiedTableName  - Qualified table names feature is disabled. Returning plain table name
192813 [main] DEBUG org.dbunit.util.QualifiedTableName  - getQualifiedName(prefix=null, name=SCOPEDCONTENT, escapePattern=null) - start
192813 [main] DEBUG org.dbunit.util.QualifiedTableName  - getQualifiedNameIfEnabled(config=org.dbunit.database.DatabaseConfig[, _propertyMap={http://www.dbunit.org/properties/statementFactory=org.dbunit.database.statement.PreparedStatementFactory@626bc2b8, http://www.dbunit.org/features/caseSensitiveTableNames=false, http://www.dbunit.org/properties/fetchSize=100, http://www.dbunit.org/features/batchedStatements=false, http://www.dbunit.org/properties/metadataHandler=org.dbunit.database.DefaultMetadataHandler@3eeace42, http://www.dbunit.org/properties/datatypeFactory=org.dbunit.dataset.datatype.DefaultDataTypeFactory[_toleratedDeltaMap=org.dbunit.dataset.datatype.ToleratedDeltaMap@6452310a], http://www.dbunit.org/properties/escapePattern=null, http://www.dbunit.org/properties/batchSize=100, http://www.dbunit.org/features/qualifiedTableNames=false, http://www.dbunit.org/properties/tableType=[Ljava.lang.String;@5011bafa, http://www.dbunit.org/properties/resultSetTableFactory=org.dbunit.database.CachedResultSetTableFactory@10bcf083, http://www.dbunit.org/features/datatypeWarning=true}]) - start
192813 [main] TRACE org.dbunit.database.DatabaseConfig  - getFeature(name=http://www.dbunit.org/features/qualifiedTableNames) - start
192813 [main] TRACE org.dbunit.database.DatabaseConfig  - getProperty(name=http://www.dbunit.org/features/qualifiedTableNames) - start
192813 [main] DEBUG org.dbunit.util.QualifiedTableName  - Qualified table names feature is disabled. Returning plain table name
192813 [main] DEBUG org.dbunit.util.QualifiedTableName  - getQualifiedName(prefix=null, name=SCOPEDCONTENT_SCOPEDCONTENTITEM, escapePattern=null) - start
192813 [main] DEBUG org.dbunit.database.search.AbstractMetaDataBasedSearchCallback  - newEdge(rs=org.apache.commons.dbcp.DelegatingResultSet@2105a20e, type=1, from=SCOPEDCONTENT, to=SCOPEDCONTENT_SCOPEDCONTENTITEM, fkColumn=SCOPED_CONTENT_ITEM_ID, pkColumn=ID) - start
192813 [main] DEBUG org.dbunit.database.search.AbstractMetaDataBasedSearchCallback  - createFKEdge(rs=org.apache.commons.dbcp.DelegatingResultSet@2105a20e, type=1, from=SCOPEDCONTENT, to=SCOPEDCONTENT_SCOPEDCONTENTITEM, fkColumn=SCOPED_CONTENT_ITEM_ID, pkColumn=ID) - start
192813 [main] DEBUG org.dbunit.database.search.AbstractMetaDataBasedSearchCallback  - Adding edge SCOPEDCONTENT_SCOPEDCONTENTITEM(SCOPED_CONTENT_ITEM_ID)->SCOPEDCONTENT(ID)
192813 [main] DEBUG org.dbunit.util.search.Edge  - compareTo(o=SCOPEDCONTENTCONDITIONS_SCOPEDCONTENT(SCOPED_CONTENT_ID)->SCOPEDCONTENT(ID)) - start
192813 [main] DEBUG org.dbunit.util.SQLHelper  - close(resultSet=org.apache.commons.dbcp.DelegatingResultSet@2105a20e) - start
192813 [main] DEBUG org.dbunit.util.search.DepthFirstSearch  - search:SCOPEDCONTENT
192813 [main] DEBUG org.dbunit.util.search.DepthFirstSearch  - already searched; returning true
192813 [main] DEBUG org.dbunit.util.search.DepthFirstSearch  - search:SCOPEDCONTENT
192813 [main] DEBUG org.dbunit.util.search.DepthFirstSearch  - already searched; returning true
192813 [main] DEBUG org.dbunit.util.search.DepthFirstSearch  - Adding node SCOPEDCONTENT to the final result
192813 [main] DEBUG org.dbunit.database.search.TablesDependencyHelper  - getDirectDependentTables(connection=_databaseConfig=org.dbunit.database.DatabaseConfig[, _propertyMap={http://www.dbunit.org/properties/statementFactory=org.dbunit.database.statement.PreparedStatementFactory@626bc2b8, http://www.dbunit.org/features/caseSensitiveTableNames=false, http://www.dbunit.org/properties/fetchSize=100, http://www.dbunit.org/features/batchedStatements=false, http://www.dbunit.org/properties/metadataHandler=org.dbunit.database.DefaultMetadataHandler@3eeace42, http://www.dbunit.org/properties/datatypeFactory=org.dbunit.dataset.datatype.DefaultDataTypeFactory[_toleratedDeltaMap=org.dbunit.dataset.datatype.ToleratedDeltaMap@6452310a], http://www.dbunit.org/properties/escapePattern=null, http://www.dbunit.org/properties/batchSize=100, http://www.dbunit.org/features/qualifiedTableNames=false, http://www.dbunit.org/properties/tableType=[Ljava.lang.String;@5011bafa, http://www.dbunit.org/properties/resultSetTableFactory=org.dbunit.database.CachedResultSetTableFactory@10bcf083, http://www.dbunit.org/features/datatypeWarning=true}], _dataSet=AbstractDataSet[_orderedTableNameMap=null], tableName=SCOPEDCONTENT) - start
192813 [main] DEBUG org.dbunit.util.search.DepthFirstSearch  - search(nodesFrom=[SCOPEDCONTENT], callback=org.dbunit.database.search.ImportedKeysSearchCallback@3910b40f) - start
192813 [main] DEBUG org.dbunit.util.CollectionsHelper  - objectsToSet(objects=SCOPEDCONTENT) - start
192813 [main] DEBUG org.dbunit.util.search.DepthFirstSearch  - search(nodesFrom=[SCOPEDCONTENT], callback=org.dbunit.database.search.ImportedKeysSearchCallback@3910b40f) - start
192813 [main] DEBUG org.dbunit.util.search.DepthFirstSearch  - reverseSearch:SCOPEDCONTENT
192813 [main] DEBUG org.dbunit.database.search.ImportedKeysSearchCallback  - searchNode(node=SCOPEDCONTENT) - start
192813 [main] DEBUG org.dbunit.util.search.DepthFirstSearch  - Pushing (reverse) SCOPEDCONTENT
192813 [main] DEBUG org.dbunit.database.search.ImportedKeysSearchCallback  - getEdges(node=SCOPEDCONTENT) - start
192814 [main] DEBUG org.dbunit.database.search.AbstractMetaDataBasedSearchCallback  - getNodesFromImportedKeys(node=SCOPEDCONTENT) - start
192814 [main] DEBUG org.dbunit.database.search.AbstractMetaDataBasedSearchCallback  - getNodes(type=0, node=SCOPEDCONTENT) - start
192814 [main] DEBUG org.dbunit.database.DatabaseDataSourceConnection  - getConnection() - start
192814 [main] DEBUG org.dbunit.database.search.AbstractMetaDataBasedSearchCallback  - getNodes(type=0, node=SCOPEDCONTENT, conn=Transaction-aware proxy for target Connection [jdbc:hsqldb:mem:kontrollDS, UserName=sw, HSQL Database Engine Driver], schema=null, metaData=org.apache.commons.dbcp.DelegatingDatabaseMetaData@779d620d, edges=[]) - start
192814 [main] DEBUG org.dbunit.database.search.AbstractMetaDataBasedSearchCallback  - Getting edges for node SCOPEDCONTENT
192814 [main] TRACE org.dbunit.database.DatabaseConfig  - getProperty(name=http://www.dbunit.org/properties/metadataHandler) - start
192814 [main] TRACE org.dbunit.database.DefaultMetadataHandler  - tableExists(metaData=org.apache.commons.dbcp.DelegatingDatabaseMetaData@779d620d, schemaName=null, tableName=SCOPEDCONTENT) - start
192815 [main] DEBUG org.dbunit.util.SQLHelper  - close(resultSet=org.apache.commons.dbcp.DelegatingResultSet@19fa1eb3) - start
192816 [main] DEBUG org.dbunit.util.QualifiedTableName  - getQualifiedNameIfEnabled(config=org.dbunit.database.DatabaseConfig[, _propertyMap={http://www.dbunit.org/properties/statementFactory=org.dbunit.database.statement.PreparedStatementFactory@626bc2b8, http://www.dbunit.org/features/caseSensitiveTableNames=false, http://www.dbunit.org/properties/fetchSize=100, http://www.dbunit.org/features/batchedStatements=false, http://www.dbunit.org/properties/metadataHandler=org.dbunit.database.DefaultMetadataHandler@3eeace42, http://www.dbunit.org/properties/datatypeFactory=org.dbunit.dataset.datatype.DefaultDataTypeFactory[_toleratedDeltaMap=org.dbunit.dataset.datatype.ToleratedDeltaMap@6452310a], http://www.dbunit.org/properties/escapePattern=null, http://www.dbunit.org/properties/batchSize=100, http://www.dbunit.org/features/qualifiedTableNames=false, http://www.dbunit.org/properties/tableType=[Ljava.lang.String;@5011bafa, http://www.dbunit.org/properties/resultSetTableFactory=org.dbunit.database.CachedResultSetTableFactory@10bcf083, http://www.dbunit.org/features/datatypeWarning=true}]) - start
192816 [main] TRACE org.dbunit.database.DatabaseConfig  - getFeature(name=http://www.dbunit.org/features/qualifiedTableNames) - start
192816 [main] TRACE org.dbunit.database.DatabaseConfig  - getProperty(name=http://www.dbunit.org/features/qualifiedTableNames) - start
192816 [main] DEBUG org.dbunit.util.QualifiedTableName  - Qualified table names feature is disabled. Returning plain table name
192816 [main] DEBUG org.dbunit.util.QualifiedTableName  - getQualifiedName(prefix=null, name=SCOPEDCONTENT, escapePattern=null) - start
192818 [main] DEBUG org.dbunit.util.QualifiedTableName  - getQualifiedNameIfEnabled(config=org.dbunit.database.DatabaseConfig[, _propertyMap={http://www.dbunit.org/properties/statementFactory=org.dbunit.database.statement.PreparedStatementFactory@626bc2b8, http://www.dbunit.org/features/caseSensitiveTableNames=false, http://www.dbunit.org/properties/fetchSize=100, http://www.dbunit.org/features/batchedStatements=false, http://www.dbunit.org/properties/metadataHandler=org.dbunit.database.DefaultMetadataHandler@3eeace42, http://www.dbunit.org/properties/datatypeFactory=org.dbunit.dataset.datatype.DefaultDataTypeFactory[_toleratedDeltaMap=org.dbunit.dataset.datatype.ToleratedDeltaMap@6452310a], http://www.dbunit.org/properties/escapePattern=null, http://www.dbunit.org/properties/batchSize=100, http://www.dbunit.org/features/qualifiedTableNames=false, http://www.dbunit.org/properties/tableType=[Ljava.lang.String;@5011bafa, http://www.dbunit.org/properties/resultSetTableFactory=org.dbunit.database.CachedResultSetTableFactory@10bcf083, http://www.dbunit.org/features/datatypeWarning=true}]) - start
192818 [main] TRACE org.dbunit.database.DatabaseConfig  - getFeature(name=http://www.dbunit.org/features/qualifiedTableNames) - start
192819 [main] TRACE org.dbunit.database.DatabaseConfig  - getProperty(name=http://www.dbunit.org/features/qualifiedTableNames) - start
192819 [main] DEBUG org.dbunit.util.QualifiedTableName  - Qualified table names feature is disabled. Returning plain table name
192819 [main] DEBUG org.dbunit.util.QualifiedTableName  - getQualifiedName(prefix=null, name=SCOPE, escapePattern=null) - start
192819 [main] DEBUG org.dbunit.database.search.AbstractMetaDataBasedSearchCallback  - newEdge(rs=org.apache.commons.dbcp.DelegatingResultSet@7c78327a, type=0, from=SCOPEDCONTENT, to=SCOPE, fkColumn=SCOPE, pkColumn=ID) - start
192819 [main] DEBUG org.dbunit.database.search.AbstractMetaDataBasedSearchCallback  - createFKEdge(rs=org.apache.commons.dbcp.DelegatingResultSet@7c78327a, type=0, from=SCOPEDCONTENT, to=SCOPE, fkColumn=SCOPE, pkColumn=ID) - start
192819 [main] DEBUG org.dbunit.database.search.AbstractMetaDataBasedSearchCallback  - Adding edge SCOPEDCONTENT(SCOPE)->SCOPE(ID)
192819 [main] DEBUG org.dbunit.util.search.Edge  - compareTo(o=SCOPEDCONTENT(SCOPE)->SCOPE(ID)) - start
192819 [main] DEBUG org.dbunit.util.SQLHelper  - close(resultSet=org.apache.commons.dbcp.DelegatingResultSet@7c78327a) - start
192819 [main] DEBUG org.dbunit.util.search.DepthFirstSearch  - search:SCOPEDCONTENT
192819 [main] DEBUG org.dbunit.database.search.ImportedKeysSearchCallback  - searchNode(node=SCOPEDCONTENT) - start
192819 [main] DEBUG org.dbunit.util.search.DepthFirstSearch  - Pushing SCOPEDCONTENT
192819 [main] DEBUG org.dbunit.database.search.ImportedKeysSearchCallback  - getEdges(node=SCOPEDCONTENT) - start
192819 [main] DEBUG org.dbunit.database.search.AbstractMetaDataBasedSearchCallback  - getNodesFromImportedKeys(node=SCOPEDCONTENT) - start
192819 [main] DEBUG org.dbunit.database.search.AbstractMetaDataBasedSearchCallback  - getNodes(type=0, node=SCOPEDCONTENT) - start
192819 [main] DEBUG org.dbunit.database.DatabaseDataSourceConnection  - getConnection() - start
192819 [main] DEBUG org.dbunit.database.search.AbstractMetaDataBasedSearchCallback  - getNodes(type=0, node=SCOPEDCONTENT, conn=Transaction-aware proxy for target Connection [jdbc:hsqldb:mem:kontrollDS, UserName=sw, HSQL Database Engine Driver], schema=null, metaData=org.apache.commons.dbcp.DelegatingDatabaseMetaData@373a276d, edges=[]) - start
192819 [main] DEBUG org.dbunit.database.search.AbstractMetaDataBasedSearchCallback  - Getting edges for node SCOPEDCONTENT
192819 [main] TRACE org.dbunit.database.DatabaseConfig  - getProperty(name=http://www.dbunit.org/properties/metadataHandler) - start
192819 [main] TRACE org.dbunit.database.DefaultMetadataHandler  - tableExists(metaData=org.apache.commons.dbcp.DelegatingDatabaseMetaData@373a276d, schemaName=null, tableName=SCOPEDCONTENT) - start
192820 [main] DEBUG org.dbunit.util.SQLHelper  - close(resultSet=org.apache.commons.dbcp.DelegatingResultSet@770f8332) - start
192821 [main] DEBUG org.dbunit.util.QualifiedTableName  - getQualifiedNameIfEnabled(config=org.dbunit.database.DatabaseConfig[, _propertyMap={http://www.dbunit.org/properties/statementFactory=org.dbunit.database.statement.PreparedStatementFactory@626bc2b8, http://www.dbunit.org/features/caseSensitiveTableNames=false, http://www.dbunit.org/properties/fetchSize=100, http://www.dbunit.org/features/batchedStatements=false, http://www.dbunit.org/properties/metadataHandler=org.dbunit.database.DefaultMetadataHandler@3eeace42, http://www.dbunit.org/properties/datatypeFactory=org.dbunit.dataset.datatype.DefaultDataTypeFactory[_toleratedDeltaMap=org.dbunit.dataset.datatype.ToleratedDeltaMap@6452310a], http://www.dbunit.org/properties/escapePattern=null, http://www.dbunit.org/properties/batchSize=100, http://www.dbunit.org/features/qualifiedTableNames=false, http://www.dbunit.org/properties/tableType=[Ljava.lang.String;@5011bafa, http://www.dbunit.org/properties/resultSetTableFactory=org.dbunit.database.CachedResultSetTableFactory@10bcf083, http://www.dbunit.org/features/datatypeWarning=true}]) - start
192821 [main] TRACE org.dbunit.database.DatabaseConfig  - getFeature(name=http://www.dbunit.org/features/qualifiedTableNames) - start
192821 [main] TRACE org.dbunit.database.DatabaseConfig  - getProperty(name=http://www.dbunit.org/features/qualifiedTableNames) - start
192821 [main] DEBUG org.dbunit.util.QualifiedTableName  - Qualified table names feature is disabled. Returning plain table name
192821 [main] DEBUG org.dbunit.util.QualifiedTableName  - getQualifiedName(prefix=null, name=SCOPEDCONTENT, escapePattern=null) - start
192821 [main] DEBUG org.dbunit.util.QualifiedTableName  - getQualifiedNameIfEnabled(config=org.dbunit.database.DatabaseConfig[, _propertyMap={http://www.dbunit.org/properties/statementFactory=org.dbunit.database.statement.PreparedStatementFactory@626bc2b8, http://www.dbunit.org/features/caseSensitiveTableNames=false, http://www.dbunit.org/properties/fetchSize=100, http://www.dbunit.org/features/batchedStatements=false, http://www.dbunit.org/properties/metadataHandler=org.dbunit.database.DefaultMetadataHandler@3eeace42, http://www.dbunit.org/properties/datatypeFactory=org.dbunit.dataset.datatype.DefaultDataTypeFactory[_toleratedDeltaMap=org.dbunit.dataset.datatype.ToleratedDeltaMap@6452310a], http://www.dbunit.org/properties/escapePattern=null, http://www.dbunit.org/properties/batchSize=100, http://www.dbunit.org/features/qualifiedTableNames=false, http://www.dbunit.org/properties/tableType=[Ljava.lang.String;@5011bafa, http://www.dbunit.org/properties/resultSetTableFactory=org.dbunit.database.CachedResultSetTableFactory@10bcf083, http://www.dbunit.org/features/datatypeWarning=true}]) - start
192821 [main] TRACE org.dbunit.database.DatabaseConfig  - getFeature(name=http://www.dbunit.org/features/qualifiedTableNames) - start
192821 [main] TRACE org.dbunit.database.DatabaseConfig  - getProperty(name=http://www.dbunit.org/features/qualifiedTableNames) - start
192821 [main] DEBUG org.dbunit.util.QualifiedTableName  - Qualified table names feature is disabled. Returning plain table name
192821 [main] DEBUG org.dbunit.util.QualifiedTableName  - getQualifiedName(prefix=null, name=SCOPE, escapePattern=null) - start
192821 [main] DEBUG org.dbunit.database.search.AbstractMetaDataBasedSearchCallback  - newEdge(rs=org.apache.commons.dbcp.DelegatingResultSet@74c90b3a, type=0, from=SCOPEDCONTENT, to=SCOPE, fkColumn=SCOPE, pkColumn=ID) - start
192824 [main] DEBUG org.dbunit.database.search.AbstractMetaDataBasedSearchCallback  - createFKEdge(rs=org.apache.commons.dbcp.DelegatingResultSet@74c90b3a, type=0, from=SCOPEDCONTENT, to=SCOPE, fkColumn=SCOPE, pkColumn=ID) - start
192824 [main] DEBUG org.dbunit.database.search.AbstractMetaDataBasedSearchCallback  - Adding edge SCOPEDCONTENT(SCOPE)->SCOPE(ID)
192824 [main] DEBUG org.dbunit.util.search.Edge  - compareTo(o=SCOPEDCONTENT(SCOPE)->SCOPE(ID)) - start
192824 [main] DEBUG org.dbunit.util.SQLHelper  - close(resultSet=org.apache.commons.dbcp.DelegatingResultSet@74c90b3a) - start
192824 [main] DEBUG org.dbunit.util.search.DepthFirstSearch  - search:SCOPE
192824 [main] DEBUG org.dbunit.database.search.ImportedKeysSearchCallback  - searchNode(node=SCOPE) - start
192824 [main] DEBUG org.dbunit.util.search.DepthFirstSearch  - Pushing SCOPE
192824 [main] DEBUG org.dbunit.database.search.ImportedKeysSearchCallback  - getEdges(node=SCOPE) - start
192824 [main] DEBUG org.dbunit.database.search.AbstractMetaDataBasedSearchCallback  - getNodesFromImportedKeys(node=SCOPE) - start
192824 [main] DEBUG org.dbunit.database.search.AbstractMetaDataBasedSearchCallback  - getNodes(type=0, node=SCOPE) - start
192824 [main] DEBUG org.dbunit.database.DatabaseDataSourceConnection  - getConnection() - start
192824 [main] DEBUG org.dbunit.database.search.AbstractMetaDataBasedSearchCallback  - getNodes(type=0, node=SCOPE, conn=Transaction-aware proxy for target Connection [jdbc:hsqldb:mem:kontrollDS, UserName=sw, HSQL Database Engine Driver], schema=null, metaData=org.apache.commons.dbcp.DelegatingDatabaseMetaData@3b0048bc, edges=[]) - start
192824 [main] DEBUG org.dbunit.database.search.AbstractMetaDataBasedSearchCallback  - Getting edges for node SCOPE
192824 [main] TRACE org.dbunit.database.DatabaseConfig  - getProperty(name=http://www.dbunit.org/properties/metadataHandler) - start
192824 [main] TRACE org.dbunit.database.DefaultMetadataHandler  - tableExists(metaData=org.apache.commons.dbcp.DelegatingDatabaseMetaData@3b0048bc, schemaName=null, tableName=SCOPE) - start
192825 [main] DEBUG org.dbunit.util.SQLHelper  - close(resultSet=org.apache.commons.dbcp.DelegatingResultSet@30a9d9b8) - start
192825 [main] DEBUG org.dbunit.util.SQLHelper  - close(resultSet=org.apache.commons.dbcp.DelegatingResultSet@517053cf) - start
192825 [main] DEBUG org.dbunit.util.search.DepthFirstSearch  - Adding node SCOPE to the final result
192825 [main] DEBUG org.dbunit.util.search.DepthFirstSearch  - Adding node SCOPEDCONTENT to the final result
192826 [main] DEBUG org.dbunit.util.search.DepthFirstSearch  - reverseSearch:SCOPEDCONTENT
192826 [main] DEBUG org.dbunit.util.search.DepthFirstSearch  - already searched; returning true
192826 [main] DEBUG org.dbunit.util.search.DepthFirstSearch  - reverseSearch:SCOPE
192826 [main] DEBUG org.dbunit.database.search.ImportedKeysSearchCallback  - searchNode(node=SCOPE) - start
192826 [main] DEBUG org.dbunit.util.search.DepthFirstSearch  - Pushing (reverse) SCOPE
192826 [main] DEBUG org.dbunit.database.search.ImportedKeysSearchCallback  - getEdges(node=SCOPE) - start
192826 [main] DEBUG org.dbunit.database.search.AbstractMetaDataBasedSearchCallback  - getNodesFromImportedKeys(node=SCOPE) - start
192826 [main] DEBUG org.dbunit.database.search.AbstractMetaDataBasedSearchCallback  - getNodes(type=0, node=SCOPE) - start
192826 [main] DEBUG org.dbunit.database.DatabaseDataSourceConnection  - getConnection() - start
192826 [main] DEBUG org.dbunit.database.search.AbstractMetaDataBasedSearchCallback  - getNodes(type=0, node=SCOPE, conn=Transaction-aware proxy for target Connection [jdbc:hsqldb:mem:kontrollDS, UserName=sw, HSQL Database Engine Driver], schema=null, metaData=org.apache.commons.dbcp.DelegatingDatabaseMetaData@258e64ce, edges=[]) - start
192826 [main] DEBUG org.dbunit.database.search.AbstractMetaDataBasedSearchCallback  - Getting edges for node SCOPE
192826 [main] TRACE org.dbunit.database.DatabaseConfig  - getProperty(name=http://www.dbunit.org/properties/metadataHandler) - start
192826 [main] TRACE org.dbunit.database.DefaultMetadataHandler  - tableExists(metaData=org.apache.commons.dbcp.DelegatingDatabaseMetaData@258e64ce, schemaName=null, tableName=SCOPE) - start
192827 [main] DEBUG org.dbunit.util.SQLHelper  - close(resultSet=org.apache.commons.dbcp.DelegatingResultSet@470839e3) - start
192827 [main] DEBUG org.dbunit.util.SQLHelper  - close(resultSet=org.apache.commons.dbcp.DelegatingResultSet@58f5d665) - start
192827 [main] DEBUG org.dbunit.util.search.DepthFirstSearch  - search:SCOPEDCONTENT
192827 [main] DEBUG org.dbunit.util.search.DepthFirstSearch  - already searched; returning true
192827 [main] DEBUG org.dbunit.util.search.DepthFirstSearch  - search:SCOPE
192827 [main] DEBUG org.dbunit.util.search.DepthFirstSearch  - already searched; returning true
192827 [main] DEBUG org.dbunit.database.DatabaseSequenceFilter  - getDependencyInfo(connection=_databaseConfig=org.dbunit.database.DatabaseConfig[, _propertyMap={http://www.dbunit.org/properties/statementFactory=org.dbunit.database.statement.PreparedStatementFactory@626bc2b8, http://www.dbunit.org/features/caseSensitiveTableNames=false, http://www.dbunit.org/properties/fetchSize=100, http://www.dbunit.org/features/batchedStatements=false, http://www.dbunit.org/properties/metadataHandler=org.dbunit.database.DefaultMetadataHandler@3eeace42, http://www.dbunit.org/properties/datatypeFactory=org.dbunit.dataset.datatype.DefaultDataTypeFactory[_toleratedDeltaMap=org.dbunit.dataset.datatype.ToleratedDeltaMap@6452310a], http://www.dbunit.org/properties/escapePattern=null, http://www.dbunit.org/properties/batchSize=100, http://www.dbunit.org/features/qualifiedTableNames=false, http://www.dbunit.org/properties/tableType=[Ljava.lang.String;@5011bafa, http://www.dbunit.org/properties/resultSetTableFactory=org.dbunit.database.CachedResultSetTableFactory@10bcf083, http://www.dbunit.org/features/datatypeWarning=true}], _dataSet=AbstractDataSet[_orderedTableNameMap=null], tableName=SCOPEDCONTENTCONDITION) - start
192828 [main] DEBUG org.dbunit.database.search.TablesDependencyHelper  - getDependentTables(connection=_databaseConfig=org.dbunit.database.DatabaseConfig[, _propertyMap={http://www.dbunit.org/properties/statementFactory=org.dbunit.database.statement.PreparedStatementFactory@626bc2b8, http://www.dbunit.org/features/caseSensitiveTableNames=false, http://www.dbunit.org/properties/fetchSize=100, http://www.dbunit.org/features/batchedStatements=false, http://www.dbunit.org/properties/metadataHandler=org.dbunit.database.DefaultMetadataHandler@3eeace42, http://www.dbunit.org/properties/datatypeFactory=org.dbunit.dataset.datatype.DefaultDataTypeFactory[_toleratedDeltaMap=org.dbunit.dataset.datatype.ToleratedDeltaMap@6452310a], http://www.dbunit.org/properties/escapePattern=null, http://www.dbunit.org/properties/batchSize=100, http://www.dbunit.org/features/qualifiedTableNames=false, http://www.dbunit.org/properties/tableType=[Ljava.lang.String;@5011bafa, http://www.dbunit.org/properties/resultSetTableFactory=org.dbunit.database.CachedResultSetTableFactory@10bcf083, http://www.dbunit.org/features/datatypeWarning=true}], _dataSet=AbstractDataSet[_orderedTableNameMap=null], rootTable=SCOPEDCONTENTCONDITION) - start
192828 [main] DEBUG org.dbunit.database.search.TablesDependencyHelper  - getDependentTables(connection=_databaseConfig=org.dbunit.database.DatabaseConfig[, _propertyMap={http://www.dbunit.org/properties/statementFactory=org.dbunit.database.statement.PreparedStatementFactory@626bc2b8, http://www.dbunit.org/features/caseSensitiveTableNames=false, http://www.dbunit.org/properties/fetchSize=100, http://www.dbunit.org/features/batchedStatements=false, http://www.dbunit.org/properties/metadataHandler=org.dbunit.database.DefaultMetadataHandler@3eeace42, http://www.dbunit.org/properties/datatypeFactory=org.dbunit.dataset.datatype.DefaultDataTypeFactory[_toleratedDeltaMap=org.dbunit.dataset.datatype.ToleratedDeltaMap@6452310a], http://www.dbunit.org/properties/escapePattern=null, http://www.dbunit.org/properties/batchSize=100, http://www.dbunit.org/features/qualifiedTableNames=false, http://www.dbunit.org/properties/tableType=[Ljava.lang.String;@5011bafa, http://www.dbunit.org/properties/resultSetTableFactory=org.dbunit.database.CachedResultSetTableFactory@10bcf083, http://www.dbunit.org/features/datatypeWarning=true}], _dataSet=AbstractDataSet[_orderedTableNameMap=null], rootTables=[SCOPEDCONTENTCONDITION]) - start
192828 [main] DEBUG org.dbunit.util.search.DepthFirstSearch  - search(nodesFrom=[SCOPEDCONTENTCONDITION], callback=org.dbunit.database.search.ImportedKeysSearchCallback@62355db) - start
192828 [main] DEBUG org.dbunit.util.CollectionsHelper  - objectsToSet(objects=SCOPEDCONTENTCONDITION) - start
192828 [main] DEBUG org.dbunit.util.search.DepthFirstSearch  - search(nodesFrom=[SCOPEDCONTENTCONDITION], callback=org.dbunit.database.search.ImportedKeysSearchCallback@62355db) - start
192828 [main] DEBUG org.dbunit.util.search.DepthFirstSearch  - reverseSearch:SCOPEDCONTENTCONDITION
192828 [main] DEBUG org.dbunit.database.search.ImportedKeysSearchCallback  - searchNode(node=SCOPEDCONTENTCONDITION) - start
192828 [main] DEBUG org.dbunit.util.search.DepthFirstSearch  - Pushing (reverse) SCOPEDCONTENTCONDITION
192828 [main] DEBUG org.dbunit.database.search.ImportedKeysSearchCallback  - getEdges(node=SCOPEDCONTENTCONDITION) - start
192828 [main] DEBUG org.dbunit.database.search.AbstractMetaDataBasedSearchCallback  - getNodesFromImportedKeys(node=SCOPEDCONTENTCONDITION) - start
192828 [main] DEBUG org.dbunit.database.search.AbstractMetaDataBasedSearchCallback  - getNodes(type=0, node=SCOPEDCONTENTCONDITION) - start
192828 [main] DEBUG org.dbunit.database.DatabaseDataSourceConnection  - getConnection() - start
192828 [main] DEBUG org.dbunit.database.search.AbstractMetaDataBasedSearchCallback  - getNodes(type=0, node=SCOPEDCONTENTCONDITION, conn=Transaction-aware proxy for target Connection [jdbc:hsqldb:mem:kontrollDS, UserName=sw, HSQL Database Engine Driver], schema=null, metaData=org.apache.commons.dbcp.DelegatingDatabaseMetaData@79d9a002, edges=[]) - start
192828 [main] DEBUG org.dbunit.database.search.AbstractMetaDataBasedSearchCallback  - Getting edges for node SCOPEDCONTENTCONDITION
192828 [main] TRACE org.dbunit.database.DatabaseConfig  - getProperty(name=http://www.dbunit.org/properties/metadataHandler) - start
192828 [main] TRACE org.dbunit.database.DefaultMetadataHandler  - tableExists(metaData=org.apache.commons.dbcp.DelegatingDatabaseMetaData@79d9a002, schemaName=null, tableName=SCOPEDCONTENTCONDITION) - start
192829 [main] DEBUG org.dbunit.util.SQLHelper  - close(resultSet=org.apache.commons.dbcp.DelegatingResultSet@75d339d5) - start
192830 [main] DEBUG org.dbunit.util.SQLHelper  - close(resultSet=org.apache.commons.dbcp.DelegatingResultSet@7e814e25) - start
192830 [main] DEBUG org.dbunit.util.search.DepthFirstSearch  - search:SCOPEDCONTENTCONDITION
192830 [main] DEBUG org.dbunit.database.search.ImportedKeysSearchCallback  - searchNode(node=SCOPEDCONTENTCONDITION) - start
192830 [main] DEBUG org.dbunit.util.search.DepthFirstSearch  - Pushing SCOPEDCONTENTCONDITION
192830 [main] DEBUG org.dbunit.database.search.ImportedKeysSearchCallback  - getEdges(node=SCOPEDCONTENTCONDITION) - start
192830 [main] DEBUG org.dbunit.database.search.AbstractMetaDataBasedSearchCallback  - getNodesFromImportedKeys(node=SCOPEDCONTENTCONDITION) - start
192830 [main] DEBUG org.dbunit.database.search.AbstractMetaDataBasedSearchCallback  - getNodes(type=0, node=SCOPEDCONTENTCONDITION) - start
192830 [main] DEBUG org.dbunit.database.DatabaseDataSourceConnection  - getConnection() - start
192830 [main] DEBUG org.dbunit.database.search.AbstractMetaDataBasedSearchCallback  - getNodes(type=0, node=SCOPEDCONTENTCONDITION, conn=Transaction-aware proxy for target Connection [jdbc:hsqldb:mem:kontrollDS, UserName=sw, HSQL Database Engine Driver], schema=null, metaData=org.apache.commons.dbcp.DelegatingDatabaseMetaData@5b31a005, edges=[]) - start
192830 [main] DEBUG org.dbunit.database.search.AbstractMetaDataBasedSearchCallback  - Getting edges for node SCOPEDCONTENTCONDITION
192830 [main] TRACE org.dbunit.database.DatabaseConfig  - getProperty(name=http://www.dbunit.org/properties/metadataHandler) - start
192830 [main] TRACE org.dbunit.database.DefaultMetadataHandler  - tableExists(metaData=org.apache.commons.dbcp.DelegatingDatabaseMetaData@5b31a005, schemaName=null, tableName=SCOPEDCONTENTCONDITION) - start
192831 [main] DEBUG org.dbunit.util.SQLHelper  - close(resultSet=org.apache.commons.dbcp.DelegatingResultSet@38259bab) - start
192831 [main] DEBUG org.dbunit.util.SQLHelper  - close(resultSet=org.apache.commons.dbcp.DelegatingResultSet@3900f62b) - start
192831 [main] DEBUG org.dbunit.util.search.DepthFirstSearch  - Adding node SCOPEDCONTENTCONDITION to the final result
192831 [main] DEBUG org.dbunit.util.CollectionsHelper  - setToStrings(set=[SCOPEDCONTENTCONDITION]) - start
192831 [main] DEBUG org.dbunit.database.search.TablesDependencyHelper  - getDependsOnTables(connection=_databaseConfig=org.dbunit.database.DatabaseConfig[, _propertyMap={http://www.dbunit.org/properties/statementFactory=org.dbunit.database.statement.PreparedStatementFactory@626bc2b8, http://www.dbunit.org/features/caseSensitiveTableNames=false, http://www.dbunit.org/properties/fetchSize=100, http://www.dbunit.org/features/batchedStatements=false, http://www.dbunit.org/properties/metadataHandler=org.dbunit.database.DefaultMetadataHandler@3eeace42, http://www.dbunit.org/properties/datatypeFactory=org.dbunit.dataset.datatype.DefaultDataTypeFactory[_toleratedDeltaMap=org.dbunit.dataset.datatype.ToleratedDeltaMap@6452310a], http://www.dbunit.org/properties/escapePattern=null, http://www.dbunit.org/properties/batchSize=100, http://www.dbunit.org/features/qualifiedTableNames=false, http://www.dbunit.org/properties/tableType=[Ljava.lang.String;@5011bafa, http://www.dbunit.org/properties/resultSetTableFactory=org.dbunit.database.CachedResultSetTableFactory@10bcf083, http://www.dbunit.org/features/datatypeWarning=true}], _dataSet=AbstractDataSet[_orderedTableNameMap=null], rootTable=SCOPEDCONTENTCONDITION) - start
192832 [main] DEBUG org.dbunit.util.search.DepthFirstSearch  - search(nodesFrom=[SCOPEDCONTENTCONDITION], callback=org.dbunit.database.search.ExportedKeysSearchCallback@611f031b) - start
192832 [main] DEBUG org.dbunit.util.CollectionsHelper  - objectsToSet(objects=SCOPEDCONTENTCONDITION) - start
192832 [main] DEBUG org.dbunit.util.search.DepthFirstSearch  - search(nodesFrom=[SCOPEDCONTENTCONDITION], callback=org.dbunit.database.search.ExportedKeysSearchCallback@611f031b) - start
192832 [main] DEBUG org.dbunit.util.search.DepthFirstSearch  - reverseSearch:SCOPEDCONTENTCONDITION
192832 [main] DEBUG org.dbunit.database.search.ExportedKeysSearchCallback  - searchNode(node=SCOPEDCONTENTCONDITION) - start
192832 [main] DEBUG org.dbunit.util.search.DepthFirstSearch  - Pushing (reverse) SCOPEDCONTENTCONDITION
192832 [main] DEBUG org.dbunit.database.search.ExportedKeysSearchCallback  - getEdges(node=SCOPEDCONTENTCONDITION) - start
192832 [main] DEBUG org.dbunit.database.search.AbstractMetaDataBasedSearchCallback  - getNodesFromExportedKeys(node=SCOPEDCONTENTCONDITION) - start
192832 [main] DEBUG org.dbunit.database.search.AbstractMetaDataBasedSearchCallback  - getNodes(type=1, node=SCOPEDCONTENTCONDITION) - start
192832 [main] DEBUG org.dbunit.database.DatabaseDataSourceConnection  - getConnection() - start
192832 [main] DEBUG org.dbunit.database.search.AbstractMetaDataBasedSearchCallback  - getNodes(type=1, node=SCOPEDCONTENTCONDITION, conn=Transaction-aware proxy for target Connection [jdbc:hsqldb:mem:kontrollDS, UserName=sw, HSQL Database Engine Driver], schema=null, metaData=org.apache.commons.dbcp.DelegatingDatabaseMetaData@3b05136d, edges=[]) - start
192832 [main] DEBUG org.dbunit.database.search.AbstractMetaDataBasedSearchCallback  - Getting edges for node SCOPEDCONTENTCONDITION
192832 [main] TRACE org.dbunit.database.DatabaseConfig  - getProperty(name=http://www.dbunit.org/properties/metadataHandler) - start
192832 [main] TRACE org.dbunit.database.DefaultMetadataHandler  - tableExists(metaData=org.apache.commons.dbcp.DelegatingDatabaseMetaData@3b05136d, schemaName=null, tableName=SCOPEDCONTENTCONDITION) - start
192833 [main] DEBUG org.dbunit.util.SQLHelper  - close(resultSet=org.apache.commons.dbcp.DelegatingResultSet@4b0f65b4) - start
192834 [main] DEBUG org.dbunit.util.QualifiedTableName  - getQualifiedNameIfEnabled(config=org.dbunit.database.DatabaseConfig[, _propertyMap={http://www.dbunit.org/properties/statementFactory=org.dbunit.database.statement.PreparedStatementFactory@626bc2b8, http://www.dbunit.org/features/caseSensitiveTableNames=false, http://www.dbunit.org/properties/fetchSize=100, http://www.dbunit.org/features/batchedStatements=false, http://www.dbunit.org/properties/metadataHandler=org.dbunit.database.DefaultMetadataHandler@3eeace42, http://www.dbunit.org/properties/datatypeFactory=org.dbunit.dataset.datatype.DefaultDataTypeFactory[_toleratedDeltaMap=org.dbunit.dataset.datatype.ToleratedDeltaMap@6452310a], http://www.dbunit.org/properties/escapePattern=null, http://www.dbunit.org/properties/batchSize=100, http://www.dbunit.org/features/qualifiedTableNames=false, http://www.dbunit.org/properties/tableType=[Ljava.lang.String;@5011bafa, http://www.dbunit.org/properties/resultSetTableFactory=org.dbunit.database.CachedResultSetTableFactory@10bcf083, http://www.dbunit.org/features/datatypeWarning=true}]) - start
192834 [main] TRACE org.dbunit.database.DatabaseConfig  - getFeature(name=http://www.dbunit.org/features/qualifiedTableNames) - start
192834 [main] TRACE org.dbunit.database.DatabaseConfig  - getProperty(name=http://www.dbunit.org/features/qualifiedTableNames) - start
192834 [main] DEBUG org.dbunit.util.QualifiedTableName  - Qualified table names feature is disabled. Returning plain table name
192834 [main] DEBUG org.dbunit.util.QualifiedTableName  - getQualifiedName(prefix=null, name=SCOPEDCONTENTCONDITION, escapePattern=null) - start
192834 [main] DEBUG org.dbunit.util.QualifiedTableName  - getQualifiedNameIfEnabled(config=org.dbunit.database.DatabaseConfig[, _propertyMap={http://www.dbunit.org/properties/statementFactory=org.dbunit.database.statement.PreparedStatementFactory@626bc2b8, http://www.dbunit.org/features/caseSensitiveTableNames=false, http://www.dbunit.org/properties/fetchSize=100, http://www.dbunit.org/features/batchedStatements=false, http://www.dbunit.org/properties/metadataHandler=org.dbunit.database.DefaultMetadataHandler@3eeace42, http://www.dbunit.org/properties/datatypeFactory=org.dbunit.dataset.datatype.DefaultDataTypeFactory[_toleratedDeltaMap=org.dbunit.dataset.datatype.ToleratedDeltaMap@6452310a], http://www.dbunit.org/properties/escapePattern=null, http://www.dbunit.org/properties/batchSize=100, http://www.dbunit.org/features/qualifiedTableNames=false, http://www.dbunit.org/properties/tableType=[Ljava.lang.String;@5011bafa, http://www.dbunit.org/properties/resultSetTableFactory=org.dbunit.database.CachedResultSetTableFactory@10bcf083, http://www.dbunit.org/features/datatypeWarning=true}]) - start
192834 [main] TRACE org.dbunit.database.DatabaseConfig  - getFeature(name=http://www.dbunit.org/features/qualifiedTableNames) - start
192834 [main] TRACE org.dbunit.database.DatabaseConfig  - getProperty(name=http://www.dbunit.org/features/qualifiedTableNames) - start
192834 [main] DEBUG org.dbunit.util.QualifiedTableName  - Qualified table names feature is disabled. Returning plain table name
192834 [main] DEBUG org.dbunit.util.QualifiedTableName  - getQualifiedName(prefix=null, name=NESTEDSCOPEDCONTENTCONDITIONS, escapePattern=null) - start
192834 [main] DEBUG org.dbunit.database.search.AbstractMetaDataBasedSearchCallback  - newEdge(rs=org.apache.commons.dbcp.DelegatingResultSet@74e11378, type=1, from=SCOPEDCONTENTCONDITION, to=NESTEDSCOPEDCONTENTCONDITIONS, fkColumn=CHILD_CONDITION_ID, pkColumn=ID) - start
192835 [main] DEBUG org.dbunit.database.search.AbstractMetaDataBasedSearchCallback  - createFKEdge(rs=org.apache.commons.dbcp.DelegatingResultSet@74e11378, type=1, from=SCOPEDCONTENTCONDITION, to=NESTEDSCOPEDCONTENTCONDITIONS, fkColumn=CHILD_CONDITION_ID, pkColumn=ID) - start
192835 [main] DEBUG org.dbunit.database.search.AbstractMetaDataBasedSearchCallback  - Adding edge NESTEDSCOPEDCONTENTCONDITIONS(CHILD_CONDITION_ID)->SCOPEDCONTENTCONDITION(ID)
192835 [main] DEBUG org.dbunit.util.search.Edge  - compareTo(o=NESTEDSCOPEDCONTENTCONDITIONS(CHILD_CONDITION_ID)->SCOPEDCONTENTCONDITION(ID)) - start
192835 [main] DEBUG org.dbunit.util.QualifiedTableName  - getQualifiedNameIfEnabled(config=org.dbunit.database.DatabaseConfig[, _propertyMap={http://www.dbunit.org/properties/statementFactory=org.dbunit.database.statement.PreparedStatementFactory@626bc2b8, http://www.dbunit.org/features/caseSensitiveTableNames=false, http://www.dbunit.org/properties/fetchSize=100, http://www.dbunit.org/features/batchedStatements=false, http://www.dbunit.org/properties/metadataHandler=org.dbunit.database.DefaultMetadataHandler@3eeace42, http://www.dbunit.org/properties/datatypeFactory=org.dbunit.dataset.datatype.DefaultDataTypeFactory[_toleratedDeltaMap=org.dbunit.dataset.datatype.ToleratedDeltaMap@6452310a], http://www.dbunit.org/properties/escapePattern=null, http://www.dbunit.org/properties/batchSize=100, http://www.dbunit.org/features/qualifiedTableNames=false, http://www.dbunit.org/properties/tableType=[Ljava.lang.String;@5011bafa, http://www.dbunit.org/properties/resultSetTableFactory=org.dbunit.database.CachedResultSetTableFactory@10bcf083, http://www.dbunit.org/features/datatypeWarning=true}]) - start
192835 [main] TRACE org.dbunit.database.DatabaseConfig  - getFeature(name=http://www.dbunit.org/features/qualifiedTableNames) - start
192835 [main] TRACE org.dbunit.database.DatabaseConfig  - getProperty(name=http://www.dbunit.org/features/qualifiedTableNames) - start
192835 [main] DEBUG org.dbunit.util.QualifiedTableName  - Qualified table names feature is disabled. Returning plain table name
192835 [main] DEBUG org.dbunit.util.QualifiedTableName  - getQualifiedName(prefix=null, name=SCOPEDCONTENTCONDITION, escapePattern=null) - start
192835 [main] DEBUG org.dbunit.util.QualifiedTableName  - getQualifiedNameIfEnabled(config=org.dbunit.database.DatabaseConfig[, _propertyMap={http://www.dbunit.org/properties/statementFactory=org.dbunit.database.statement.PreparedStatementFactory@626bc2b8, http://www.dbunit.org/features/caseSensitiveTableNames=false, http://www.dbunit.org/properties/fetchSize=100, http://www.dbunit.org/features/batchedStatements=false, http://www.dbunit.org/properties/metadataHandler=org.dbunit.database.DefaultMetadataHandler@3eeace42, http://www.dbunit.org/properties/datatypeFactory=org.dbunit.dataset.datatype.DefaultDataTypeFactory[_toleratedDeltaMap=org.dbunit.dataset.datatype.ToleratedDeltaMap@6452310a], http://www.dbunit.org/properties/escapePattern=null, http://www.dbunit.org/properties/batchSize=100, http://www.dbunit.org/features/qualifiedTableNames=false, http://www.dbunit.org/properties/tableType=[Ljava.lang.String;@5011bafa, http://www.dbunit.org/properties/resultSetTableFactory=org.dbunit.database.CachedResultSetTableFactory@10bcf083, http://www.dbunit.org/features/datatypeWarning=true}]) - start
192835 [main] TRACE org.dbunit.database.DatabaseConfig  - getFeature(name=http://www.dbunit.org/features/qualifiedTableNames) - start
192835 [main] TRACE org.dbunit.database.DatabaseConfig  - getProperty(name=http://www.dbunit.org/features/qualifiedTableNames) - start
192835 [main] DEBUG org.dbunit.util.QualifiedTableName  - Qualified table names feature is disabled. Returning plain table name
192835 [main] DEBUG org.dbunit.util.QualifiedTableName  - getQualifiedName(prefix=null, name=NESTEDSCOPEDCONTENTCONDITIONS, escapePattern=null) - start
192835 [main] DEBUG org.dbunit.database.search.AbstractMetaDataBasedSearchCallback  - newEdge(rs=org.apache.commons.dbcp.DelegatingResultSet@74e11378, type=1, from=SCOPEDCONTENTCONDITION, to=NESTEDSCOPEDCONTENTCONDITIONS, fkColumn=PARENT_CONDITION_ID, pkColumn=ID) - start
192835 [main] DEBUG org.dbunit.database.search.AbstractMetaDataBasedSearchCallback  - createFKEdge(rs=org.apache.commons.dbcp.DelegatingResultSet@74e11378, type=1, from=SCOPEDCONTENTCONDITION, to=NESTEDSCOPEDCONTENTCONDITIONS, fkColumn=PARENT_CONDITION_ID, pkColumn=ID) - start
192835 [main] DEBUG org.dbunit.database.search.AbstractMetaDataBasedSearchCallback  - Adding edge NESTEDSCOPEDCONTENTCONDITIONS(PARENT_CONDITION_ID)->SCOPEDCONTENTCONDITION(ID)
192835 [main] DEBUG org.dbunit.util.search.Edge  - compareTo(o=NESTEDSCOPEDCONTENTCONDITIONS(CHILD_CONDITION_ID)->SCOPEDCONTENTCONDITION(ID)) - start
192835 [main] DEBUG org.dbunit.util.QualifiedTableName  - getQualifiedNameIfEnabled(config=org.dbunit.database.DatabaseConfig[, _propertyMap={http://www.dbunit.org/properties/statementFactory=org.dbunit.database.statement.PreparedStatementFactory@626bc2b8, http://www.dbunit.org/features/caseSensitiveTableNames=false, http://www.dbunit.org/properties/fetchSize=100, http://www.dbunit.org/features/batchedStatements=false, http://www.dbunit.org/properties/metadataHandler=org.dbunit.database.DefaultMetadataHandler@3eeace42, http://www.dbunit.org/properties/datatypeFactory=org.dbunit.dataset.datatype.DefaultDataTypeFactory[_toleratedDeltaMap=org.dbunit.dataset.datatype.ToleratedDeltaMap@6452310a], http://www.dbunit.org/properties/escapePattern=null, http://www.dbunit.org/properties/batchSize=100, http://www.dbunit.org/features/qualifiedTableNames=false, http://www.dbunit.org/properties/tableType=[Ljava.lang.String;@5011bafa, http://www.dbunit.org/properties/resultSetTableFactory=org.dbunit.database.CachedResultSetTableFactory@10bcf083, http://www.dbunit.org/features/datatypeWarning=true}]) - start
192835 [main] TRACE org.dbunit.database.DatabaseConfig  - getFeature(name=http://www.dbunit.org/features/qualifiedTableNames) - start
192835 [main] TRACE org.dbunit.database.DatabaseConfig  - getProperty(name=http://www.dbunit.org/features/qualifiedTableNames) - start
192835 [main] DEBUG org.dbunit.util.QualifiedTableName  - Qualified table names feature is disabled. Returning plain table name
192835 [main] DEBUG org.dbunit.util.QualifiedTableName  - getQualifiedName(prefix=null, name=SCOPEDCONTENTCONDITION, escapePattern=null) - start
192835 [main] DEBUG org.dbunit.util.QualifiedTableName  - getQualifiedNameIfEnabled(config=org.dbunit.database.DatabaseConfig[, _propertyMap={http://www.dbunit.org/properties/statementFactory=org.dbunit.database.statement.PreparedStatementFactory@626bc2b8, http://www.dbunit.org/features/caseSensitiveTableNames=false, http://www.dbunit.org/properties/fetchSize=100, http://www.dbunit.org/features/batchedStatements=false, http://www.dbunit.org/properties/metadataHandler=org.dbunit.database.DefaultMetadataHandler@3eeace42, http://www.dbunit.org/properties/datatypeFactory=org.dbunit.dataset.datatype.DefaultDataTypeFactory[_toleratedDeltaMap=org.dbunit.dataset.datatype.ToleratedDeltaMap@6452310a], http://www.dbunit.org/properties/escapePattern=null, http://www.dbunit.org/properties/batchSize=100, http://www.dbunit.org/features/qualifiedTableNames=false, http://www.dbunit.org/properties/tableType=[Ljava.lang.String;@5011bafa, http://www.dbunit.org/properties/resultSetTableFactory=org.dbunit.database.CachedResultSetTableFactory@10bcf083, http://www.dbunit.org/features/datatypeWarning=true}]) - start
192836 [main] TRACE org.dbunit.database.DatabaseConfig  - getFeature(name=http://www.dbunit.org/features/qualifiedTableNames) - start
192836 [main] TRACE org.dbunit.database.DatabaseConfig  - getProperty(name=http://www.dbunit.org/features/qualifiedTableNames) - start
192836 [main] DEBUG org.dbunit.util.QualifiedTableName  - Qualified table names feature is disabled. Returning plain table name
192836 [main] DEBUG org.dbunit.util.QualifiedTableName  - getQualifiedName(prefix=null, name=SCOPEDCONTENTCONDITIONATTRIBUTE, escapePattern=null) - start
192836 [main] DEBUG org.dbunit.database.search.AbstractMetaDataBasedSearchCallback  - newEdge(rs=org.apache.commons.dbcp.DelegatingResultSet@74e11378, type=1, from=SCOPEDCONTENTCONDITION, to=SCOPEDCONTENTCONDITIONATTRIBUTE, fkColumn=SCOPEDCONTENTCONDITION, pkColumn=ID) - start
192836 [main] DEBUG org.dbunit.database.search.AbstractMetaDataBasedSearchCallback  - createFKEdge(rs=org.apache.commons.dbcp.DelegatingResultSet@74e11378, type=1, from=SCOPEDCONTENTCONDITION, to=SCOPEDCONTENTCONDITIONATTRIBUTE, fkColumn=SCOPEDCONTENTCONDITION, pkColumn=ID) - start
192836 [main] DEBUG org.dbunit.database.search.AbstractMetaDataBasedSearchCallback  - Adding edge SCOPEDCONTENTCONDITIONATTRIBUTE(SCOPEDCONTENTCONDITION)->SCOPEDCONTENTCONDITION(ID)
192836 [main] DEBUG org.dbunit.util.search.Edge  - compareTo(o=NESTEDSCOPEDCONTENTCONDITIONS(CHILD_CONDITION_ID)->SCOPEDCONTENTCONDITION(ID)) - start
192836 [main] DEBUG org.dbunit.util.QualifiedTableName  - getQualifiedNameIfEnabled(config=org.dbunit.database.DatabaseConfig[, _propertyMap={http://www.dbunit.org/properties/statementFactory=org.dbunit.database.statement.PreparedStatementFactory@626bc2b8, http://www.dbunit.org/features/caseSensitiveTableNames=false, http://www.dbunit.org/properties/fetchSize=100, http://www.dbunit.org/features/batchedStatements=false, http://www.dbunit.org/properties/metadataHandler=org.dbunit.database.DefaultMetadataHandler@3eeace42, http://www.dbunit.org/properties/datatypeFactory=org.dbunit.dataset.datatype.DefaultDataTypeFactory[_toleratedDeltaMap=org.dbunit.dataset.datatype.ToleratedDeltaMap@6452310a], http://www.dbunit.org/properties/escapePattern=null, http://www.dbunit.org/properties/batchSize=100, http://www.dbunit.org/features/qualifiedTableNames=false, http://www.dbunit.org/properties/tableType=[Ljava.lang.String;@5011bafa, http://www.dbunit.org/properties/resultSetTableFactory=org.dbunit.database.CachedResultSetTableFactory@10bcf083, http://www.dbunit.org/features/datatypeWarning=true}]) - start
192836 [main] TRACE org.dbunit.database.DatabaseConfig  - getFeature(name=http://www.dbunit.org/features/qualifiedTableNames) - start
192836 [main] TRACE org.dbunit.database.DatabaseConfig  - getProperty(name=http://www.dbunit.org/features/qualifiedTableNames) - start
192836 [main] DEBUG org.dbunit.util.QualifiedTableName  - Qualified table names feature is disabled. Returning plain table name
192836 [main] DEBUG org.dbunit.util.QualifiedTableName  - getQualifiedName(prefix=null, name=SCOPEDCONTENTCONDITION, escapePattern=null) - start
192836 [main] DEBUG org.dbunit.util.QualifiedTableName  - getQualifiedNameIfEnabled(config=org.dbunit.database.DatabaseConfig[, _propertyMap={http://www.dbunit.org/properties/statementFactory=org.dbunit.database.statement.PreparedStatementFactory@626bc2b8, http://www.dbunit.org/features/caseSensitiveTableNames=false, http://www.dbunit.org/properties/fetchSize=100, http://www.dbunit.org/features/batchedStatements=false, http://www.dbunit.org/properties/metadataHandler=org.dbunit.database.DefaultMetadataHandler@3eeace42, http://www.dbunit.org/properties/datatypeFactory=org.dbunit.dataset.datatype.DefaultDataTypeFactory[_toleratedDeltaMap=org.dbunit.dataset.datatype.ToleratedDeltaMap@6452310a], http://www.dbunit.org/properties/escapePattern=null, http://www.dbunit.org/properties/batchSize=100, http://www.dbunit.org/features/qualifiedTableNames=false, http://www.dbunit.org/properties/tableType=[Ljava.lang.String;@5011bafa, http://www.dbunit.org/properties/resultSetTableFactory=org.dbunit.database.CachedResultSetTableFactory@10bcf083, http://www.dbunit.org/features/datatypeWarning=true}]) - start
192836 [main] TRACE org.dbunit.database.DatabaseConfig  - getFeature(name=http://www.dbunit.org/features/qualifiedTableNames) - start
192836 [main] TRACE org.dbunit.database.DatabaseConfig  - getProperty(name=http://www.dbunit.org/features/qualifiedTableNames) - start
192836 [main] DEBUG org.dbunit.util.QualifiedTableName  - Qualified table names feature is disabled. Returning plain table name
192836 [main] DEBUG org.dbunit.util.QualifiedTableName  - getQualifiedName(prefix=null, name=SCOPEDCONTENTCONDITIONS_SCOPEDCONTENT, escapePattern=null) - start
192836 [main] DEBUG org.dbunit.database.search.AbstractMetaDataBasedSearchCallback  - newEdge(rs=org.apache.commons.dbcp.DelegatingResultSet@74e11378, type=1, from=SCOPEDCONTENTCONDITION, to=SCOPEDCONTENTCONDITIONS_SCOPEDCONTENT, fkColumn=SCOPED_CONTENT_CONDITION_ID, pkColumn=ID) - start
192836 [main] DEBUG org.dbunit.database.search.AbstractMetaDataBasedSearchCallback  - createFKEdge(rs=org.apache.commons.dbcp.DelegatingResultSet@74e11378, type=1, from=SCOPEDCONTENTCONDITION, to=SCOPEDCONTENTCONDITIONS_SCOPEDCONTENT, fkColumn=SCOPED_CONTENT_CONDITION_ID, pkColumn=ID) - start
192836 [main] DEBUG org.dbunit.database.search.AbstractMetaDataBasedSearchCallback  - Adding edge SCOPEDCONTENTCONDITIONS_SCOPEDCONTENT(SCOPED_CONTENT_CONDITION_ID)->SCOPEDCONTENTCONDITION(ID)
192836 [main] DEBUG org.dbunit.util.search.Edge  - compareTo(o=NESTEDSCOPEDCONTENTCONDITIONS(CHILD_CONDITION_ID)->SCOPEDCONTENTCONDITION(ID)) - start
192836 [main] DEBUG org.dbunit.util.search.Edge  - compareTo(o=SCOPEDCONTENTCONDITIONATTRIBUTE(SCOPEDCONTENTCONDITION)->SCOPEDCONTENTCONDITION(ID)) - start
192837 [main] DEBUG org.dbunit.util.QualifiedTableName  - getQualifiedNameIfEnabled(config=org.dbunit.database.DatabaseConfig[, _propertyMap={http://www.dbunit.org/properties/statementFactory=org.dbunit.database.statement.PreparedStatementFactory@626bc2b8, http://www.dbunit.org/features/caseSensitiveTableNames=false, http://www.dbunit.org/properties/fetchSize=100, http://www.dbunit.org/features/batchedStatements=false, http://www.dbunit.org/properties/metadataHandler=org.dbunit.database.DefaultMetadataHandler@3eeace42, http://www.dbunit.org/properties/datatypeFactory=org.dbunit.dataset.datatype.DefaultDataTypeFactory[_toleratedDeltaMap=org.dbunit.dataset.datatype.ToleratedDeltaMap@6452310a], http://www.dbunit.org/properties/escapePattern=null, http://www.dbunit.org/properties/batchSize=100, http://www.dbunit.org/features/qualifiedTableNames=false, http://www.dbunit.org/properties/tableType=[Ljava.lang.String;@5011bafa, http://www.dbunit.org/properties/resultSetTableFactory=org.dbunit.database.CachedResultSetTableFactory@10bcf083, http://www.dbunit.org/features/datatypeWarning=true}]) - start
192837 [main] TRACE org.dbunit.database.DatabaseConfig  - getFeature(name=http://www.dbunit.org/features/qualifiedTableNames) - start
192837 [main] TRACE org.dbunit.database.DatabaseConfig  - getProperty(name=http://www.dbunit.org/features/qualifiedTableNames) - start
192837 [main] DEBUG org.dbunit.util.QualifiedTableName  - Qualified table names feature is disabled. Returning plain table name
192837 [main] DEBUG org.dbunit.util.QualifiedTableName  - getQualifiedName(prefix=null, name=SCOPEDCONTENTCONDITION, escapePattern=null) - start
192837 [main] DEBUG org.dbunit.util.QualifiedTableName  - getQualifiedNameIfEnabled(config=org.dbunit.database.DatabaseConfig[, _propertyMap={http://www.dbunit.org/properties/statementFactory=org.dbunit.database.statement.PreparedStatementFactory@626bc2b8, http://www.dbunit.org/features/caseSensitiveTableNames=false, http://www.dbunit.org/properties/fetchSize=100, http://www.dbunit.org/features/batchedStatements=false, http://www.dbunit.org/properties/metadataHandler=org.dbunit.database.DefaultMetadataHandler@3eeace42, http://www.dbunit.org/properties/datatypeFactory=org.dbunit.dataset.datatype.DefaultDataTypeFactory[_toleratedDeltaMap=org.dbunit.dataset.datatype.ToleratedDeltaMap@6452310a], http://www.dbunit.org/properties/escapePattern=null, http://www.dbunit.org/properties/batchSize=100, http://www.dbunit.org/features/qualifiedTableNames=false, http://www.dbunit.org/properties/tableType=[Ljava.lang.String;@5011bafa, http://www.dbunit.org/properties/resultSetTableFactory=org.dbunit.database.CachedResultSetTableFactory@10bcf083, http://www.dbunit.org/features/datatypeWarning=true}]) - start
192837 [main] TRACE org.dbunit.database.DatabaseConfig  - getFeature(name=http://www.dbunit.org/features/qualifiedTableNames) - start
192837 [main] TRACE org.dbunit.database.DatabaseConfig  - getProperty(name=http://www.dbunit.org/features/qualifiedTableNames) - start
192837 [main] DEBUG org.dbunit.util.QualifiedTableName  - Qualified table names feature is disabled. Returning plain table name
192837 [main] DEBUG org.dbunit.util.QualifiedTableName  - getQualifiedName(prefix=null, name=SCOPEDCONTENTCONDITIONS_SCOPEDCONTENTITEM, escapePattern=null) - start
192837 [main] DEBUG org.dbunit.database.search.AbstractMetaDataBasedSearchCallback  - newEdge(rs=org.apache.commons.dbcp.DelegatingResultSet@74e11378, type=1, from=SCOPEDCONTENTCONDITION, to=SCOPEDCONTENTCONDITIONS_SCOPEDCONTENTITEM, fkColumn=SCOPED_CONTENT_CONDITION_ID, pkColumn=ID) - start
192837 [main] DEBUG org.dbunit.database.search.AbstractMetaDataBasedSearchCallback  - createFKEdge(rs=org.apache.commons.dbcp.DelegatingResultSet@74e11378, type=1, from=SCOPEDCONTENTCONDITION, to=SCOPEDCONTENTCONDITIONS_SCOPEDCONTENTITEM, fkColumn=SCOPED_CONTENT_CONDITION_ID, pkColumn=ID) - start
192837 [main] DEBUG org.dbunit.database.search.AbstractMetaDataBasedSearchCallback  - Adding edge SCOPEDCONTENTCONDITIONS_SCOPEDCONTENTITEM(SCOPED_CONTENT_CONDITION_ID)->SCOPEDCONTENTCONDITION(ID)
192837 [main] DEBUG org.dbunit.util.search.Edge  - compareTo(o=SCOPEDCONTENTCONDITIONATTRIBUTE(SCOPEDCONTENTCONDITION)->SCOPEDCONTENTCONDITION(ID)) - start
192837 [main] DEBUG org.dbunit.util.search.Edge  - compareTo(o=SCOPEDCONTENTCONDITIONS_SCOPEDCONTENT(SCOPED_CONTENT_CONDITION_ID)->SCOPEDCONTENTCONDITION(ID)) - start
192837 [main] DEBUG org.dbunit.util.SQLHelper  - close(resultSet=org.apache.commons.dbcp.DelegatingResultSet@74e11378) - start
192837 [main] DEBUG org.dbunit.util.search.DepthFirstSearch  - reverseSearch:NESTEDSCOPEDCONTENTCONDITIONS
192837 [main] DEBUG org.dbunit.database.search.ExportedKeysSearchCallback  - searchNode(node=NESTEDSCOPEDCONTENTCONDITIONS) - start
192837 [main] DEBUG org.dbunit.util.search.DepthFirstSearch  - Pushing (reverse) NESTEDSCOPEDCONTENTCONDITIONS
192837 [main] DEBUG org.dbunit.database.search.ExportedKeysSearchCallback  - getEdges(node=NESTEDSCOPEDCONTENTCONDITIONS) - start
192838 [main] DEBUG org.dbunit.database.search.AbstractMetaDataBasedSearchCallback  - getNodesFromExportedKeys(node=NESTEDSCOPEDCONTENTCONDITIONS) - start
192838 [main] DEBUG org.dbunit.database.search.AbstractMetaDataBasedSearchCallback  - getNodes(type=1, node=NESTEDSCOPEDCONTENTCONDITIONS) - start
192838 [main] DEBUG org.dbunit.database.DatabaseDataSourceConnection  - getConnection() - start
192838 [main] DEBUG org.dbunit.database.search.AbstractMetaDataBasedSearchCallback  - getNodes(type=1, node=NESTEDSCOPEDCONTENTCONDITIONS, conn=Transaction-aware proxy for target Connection [jdbc:hsqldb:mem:kontrollDS, UserName=sw, HSQL Database Engine Driver], schema=null, metaData=org.apache.commons.dbcp.DelegatingDatabaseMetaData@64c5673a, edges=[]) - start
192838 [main] DEBUG org.dbunit.database.search.AbstractMetaDataBasedSearchCallback  - Getting edges for node NESTEDSCOPEDCONTENTCONDITIONS
192838 [main] TRACE org.dbunit.database.DatabaseConfig  - getProperty(name=http://www.dbunit.org/properties/metadataHandler) - start
192838 [main] TRACE org.dbunit.database.DefaultMetadataHandler  - tableExists(metaData=org.apache.commons.dbcp.DelegatingDatabaseMetaData@64c5673a, schemaName=null, tableName=NESTEDSCOPEDCONTENTCONDITIONS) - start
192839 [main] DEBUG org.dbunit.util.SQLHelper  - close(resultSet=org.apache.commons.dbcp.DelegatingResultSet@ef6a6f1) - start
192839 [main] DEBUG org.dbunit.util.SQLHelper  - close(resultSet=org.apache.commons.dbcp.DelegatingResultSet@1773a302) - start
192839 [main] DEBUG org.dbunit.util.search.DepthFirstSearch  - reverseSearch:SCOPEDCONTENTCONDITIONATTRIBUTE
192839 [main] DEBUG org.dbunit.database.search.ExportedKeysSearchCallback  - searchNode(node=SCOPEDCONTENTCONDITIONATTRIBUTE) - start
192839 [main] DEBUG org.dbunit.util.search.DepthFirstSearch  - Pushing (reverse) SCOPEDCONTENTCONDITIONATTRIBUTE
192839 [main] DEBUG org.dbunit.database.search.ExportedKeysSearchCallback  - getEdges(node=SCOPEDCONTENTCONDITIONATTRIBUTE) - start
192839 [main] DEBUG org.dbunit.database.search.AbstractMetaDataBasedSearchCallback  - getNodesFromExportedKeys(node=SCOPEDCONTENTCONDITIONATTRIBUTE) - start
192839 [main] DEBUG org.dbunit.database.search.AbstractMetaDataBasedSearchCallback  - getNodes(type=1, node=SCOPEDCONTENTCONDITIONATTRIBUTE) - start
192839 [main] DEBUG org.dbunit.database.DatabaseDataSourceConnection  - getConnection() - start
192839 [main] DEBUG org.dbunit.database.search.AbstractMetaDataBasedSearchCallback  - getNodes(type=1, node=SCOPEDCONTENTCONDITIONATTRIBUTE, conn=Transaction-aware proxy for target Connection [jdbc:hsqldb:mem:kontrollDS, UserName=sw, HSQL Database Engine Driver], schema=null, metaData=org.apache.commons.dbcp.DelegatingDatabaseMetaData@28d2e455, edges=[]) - start
192839 [main] DEBUG org.dbunit.database.search.AbstractMetaDataBasedSearchCallback  - Getting edges for node SCOPEDCONTENTCONDITIONATTRIBUTE
192839 [main] TRACE org.dbunit.database.DatabaseConfig  - getProperty(name=http://www.dbunit.org/properties/metadataHandler) - start
192839 [main] TRACE org.dbunit.database.DefaultMetadataHandler  - tableExists(metaData=org.apache.commons.dbcp.DelegatingDatabaseMetaData@28d2e455, schemaName=null, tableName=SCOPEDCONTENTCONDITIONATTRIBUTE) - start
192840 [main] DEBUG org.dbunit.util.SQLHelper  - close(resultSet=org.apache.commons.dbcp.DelegatingResultSet@6ab0e5f1) - start
192841 [main] DEBUG org.dbunit.util.SQLHelper  - close(resultSet=org.apache.commons.dbcp.DelegatingResultSet@5a1fbf80) - start
192841 [main] DEBUG org.dbunit.util.search.DepthFirstSearch  - reverseSearch:SCOPEDCONTENTCONDITIONS_SCOPEDCONTENT
192841 [main] DEBUG org.dbunit.database.search.ExportedKeysSearchCallback  - searchNode(node=SCOPEDCONTENTCONDITIONS_SCOPEDCONTENT) - start
192841 [main] DEBUG org.dbunit.util.search.DepthFirstSearch  - Pushing (reverse) SCOPEDCONTENTCONDITIONS_SCOPEDCONTENT
192841 [main] DEBUG org.dbunit.database.search.ExportedKeysSearchCallback  - getEdges(node=SCOPEDCONTENTCONDITIONS_SCOPEDCONTENT) - start
192841 [main] DEBUG org.dbunit.database.search.AbstractMetaDataBasedSearchCallback  - getNodesFromExportedKeys(node=SCOPEDCONTENTCONDITIONS_SCOPEDCONTENT) - start
192841 [main] DEBUG org.dbunit.database.search.AbstractMetaDataBasedSearchCallback  - getNodes(type=1, node=SCOPEDCONTENTCONDITIONS_SCOPEDCONTENT) - start
192841 [main] DEBUG org.dbunit.database.DatabaseDataSourceConnection  - getConnection() - start
192841 [main] DEBUG org.dbunit.database.search.AbstractMetaDataBasedSearchCallback  - getNodes(type=1, node=SCOPEDCONTENTCONDITIONS_SCOPEDCONTENT, conn=Transaction-aware proxy for target Connection [jdbc:hsqldb:mem:kontrollDS, UserName=sw, HSQL Database Engine Driver], schema=null, metaData=org.apache.commons.dbcp.DelegatingDatabaseMetaData@5a559ab9, edges=[]) - start
192841 [main] DEBUG org.dbunit.database.search.AbstractMetaDataBasedSearchCallback  - Getting edges for node SCOPEDCONTENTCONDITIONS_SCOPEDCONTENT
192841 [main] TRACE org.dbunit.database.DatabaseConfig  - getProperty(name=http://www.dbunit.org/properties/metadataHandler) - start
192841 [main] TRACE org.dbunit.database.DefaultMetadataHandler  - tableExists(metaData=org.apache.commons.dbcp.DelegatingDatabaseMetaData@5a559ab9, schemaName=null, tableName=SCOPEDCONTENTCONDITIONS_SCOPEDCONTENT) - start
192842 [main] DEBUG org.dbunit.util.SQLHelper  - close(resultSet=org.apache.commons.dbcp.DelegatingResultSet@622c7637) - start
192842 [main] DEBUG org.dbunit.util.SQLHelper  - close(resultSet=org.apache.commons.dbcp.DelegatingResultSet@4d879e18) - start
192842 [main] DEBUG org.dbunit.util.search.DepthFirstSearch  - reverseSearch:SCOPEDCONTENTCONDITIONS_SCOPEDCONTENTITEM
192842 [main] DEBUG org.dbunit.database.search.ExportedKeysSearchCallback  - searchNode(node=SCOPEDCONTENTCONDITIONS_SCOPEDCONTENTITEM) - start
192842 [main] DEBUG org.dbunit.util.search.DepthFirstSearch  - Pushing (reverse) SCOPEDCONTENTCONDITIONS_SCOPEDCONTENTITEM
192842 [main] DEBUG org.dbunit.database.search.ExportedKeysSearchCallback  - getEdges(node=SCOPEDCONTENTCONDITIONS_SCOPEDCONTENTITEM) - start
192842 [main] DEBUG org.dbunit.database.search.AbstractMetaDataBasedSearchCallback  - getNodesFromExportedKeys(node=SCOPEDCONTENTCONDITIONS_SCOPEDCONTENTITEM) - start
192842 [main] DEBUG org.dbunit.database.search.AbstractMetaDataBasedSearchCallback  - getNodes(type=1, node=SCOPEDCONTENTCONDITIONS_SCOPEDCONTENTITEM) - start
192842 [main] DEBUG org.dbunit.database.DatabaseDataSourceConnection  - getConnection() - start
192843 [main] DEBUG org.dbunit.database.search.AbstractMetaDataBasedSearchCallback  - getNodes(type=1, node=SCOPEDCONTENTCONDITIONS_SCOPEDCONTENTITEM, conn=Transaction-aware proxy for target Connection [jdbc:hsqldb:mem:kontrollDS, UserName=sw, HSQL Database Engine Driver], schema=null, metaData=org.apache.commons.dbcp.DelegatingDatabaseMetaData@29c616c, edges=[]) - start
192843 [main] DEBUG org.dbunit.database.search.AbstractMetaDataBasedSearchCallback  - Getting edges for node SCOPEDCONTENTCONDITIONS_SCOPEDCONTENTITEM
192843 [main] TRACE org.dbunit.database.DatabaseConfig  - getProperty(name=http://www.dbunit.org/properties/metadataHandler) - start
192843 [main] TRACE org.dbunit.database.DefaultMetadataHandler  - tableExists(metaData=org.apache.commons.dbcp.DelegatingDatabaseMetaData@29c616c, schemaName=null, tableName=SCOPEDCONTENTCONDITIONS_SCOPEDCONTENTITEM) - start
192844 [main] DEBUG org.dbunit.util.SQLHelper  - close(resultSet=org.apache.commons.dbcp.DelegatingResultSet@13ea1980) - start
192844 [main] DEBUG org.dbunit.util.SQLHelper  - close(resultSet=org.apache.commons.dbcp.DelegatingResultSet@1cc7993e) - start
192844 [main] DEBUG org.dbunit.util.search.DepthFirstSearch  - search:NESTEDSCOPEDCONTENTCONDITIONS
192844 [main] DEBUG org.dbunit.database.search.ExportedKeysSearchCallback  - searchNode(node=NESTEDSCOPEDCONTENTCONDITIONS) - start
192845 [main] DEBUG org.dbunit.util.search.DepthFirstSearch  - Pushing NESTEDSCOPEDCONTENTCONDITIONS
192845 [main] DEBUG org.dbunit.database.search.ExportedKeysSearchCallback  - getEdges(node=NESTEDSCOPEDCONTENTCONDITIONS) - start
192845 [main] DEBUG org.dbunit.database.search.AbstractMetaDataBasedSearchCallback  - getNodesFromExportedKeys(node=NESTEDSCOPEDCONTENTCONDITIONS) - start
192845 [main] DEBUG org.dbunit.database.search.AbstractMetaDataBasedSearchCallback  - getNodes(type=1, node=NESTEDSCOPEDCONTENTCONDITIONS) - start
192845 [main] DEBUG org.dbunit.database.DatabaseDataSourceConnection  - getConnection() - start
192845 [main] DEBUG org.dbunit.database.search.AbstractMetaDataBasedSearchCallback  - getNodes(type=1, node=NESTEDSCOPEDCONTENTCONDITIONS, conn=Transaction-aware proxy for target Connection [jdbc:hsqldb:mem:kontrollDS, UserName=sw, HSQL Database Engine Driver], schema=null, metaData=org.apache.commons.dbcp.DelegatingDatabaseMetaData@741dc434, edges=[]) - start
192845 [main] DEBUG org.dbunit.database.search.AbstractMetaDataBasedSearchCallback  - Getting edges for node NESTEDSCOPEDCONTENTCONDITIONS
192845 [main] TRACE org.dbunit.database.DatabaseConfig  - getProperty(name=http://www.dbunit.org/properties/metadataHandler) - start
192845 [main] TRACE org.dbunit.database.DefaultMetadataHandler  - tableExists(metaData=org.apache.commons.dbcp.DelegatingDatabaseMetaData@741dc434, schemaName=null, tableName=NESTEDSCOPEDCONTENTCONDITIONS) - start
192846 [main] DEBUG org.dbunit.util.SQLHelper  - close(resultSet=org.apache.commons.dbcp.DelegatingResultSet@61378cb6) - start
192846 [main] DEBUG org.dbunit.util.SQLHelper  - close(resultSet=org.apache.commons.dbcp.DelegatingResultSet@281a5a90) - start
192846 [main] DEBUG org.dbunit.util.search.DepthFirstSearch  - Adding node NESTEDSCOPEDCONTENTCONDITIONS to the final result
192846 [main] DEBUG org.dbunit.util.search.DepthFirstSearch  - search:SCOPEDCONTENTCONDITIONATTRIBUTE
192846 [main] DEBUG org.dbunit.database.search.ExportedKeysSearchCallback  - searchNode(node=SCOPEDCONTENTCONDITIONATTRIBUTE) - start
192846 [main] DEBUG org.dbunit.util.search.DepthFirstSearch  - Pushing SCOPEDCONTENTCONDITIONATTRIBUTE
192846 [main] DEBUG org.dbunit.database.search.ExportedKeysSearchCallback  - getEdges(node=SCOPEDCONTENTCONDITIONATTRIBUTE) - start
192846 [main] DEBUG org.dbunit.database.search.AbstractMetaDataBasedSearchCallback  - getNodesFromExportedKeys(node=SCOPEDCONTENTCONDITIONATTRIBUTE) - start
192846 [main] DEBUG org.dbunit.database.search.AbstractMetaDataBasedSearchCallback  - getNodes(type=1, node=SCOPEDCONTENTCONDITIONATTRIBUTE) - start
192846 [main] DEBUG org.dbunit.database.DatabaseDataSourceConnection  - getConnection() - start
192846 [main] DEBUG org.dbunit.database.search.AbstractMetaDataBasedSearchCallback  - getNodes(type=1, node=SCOPEDCONTENTCONDITIONATTRIBUTE, conn=Transaction-aware proxy for target Connection [jdbc:hsqldb:mem:kontrollDS, UserName=sw, HSQL Database Engine Driver], schema=null, metaData=org.apache.commons.dbcp.DelegatingDatabaseMetaData@5a2fb881, edges=[]) - start
192846 [main] DEBUG org.dbunit.database.search.AbstractMetaDataBasedSearchCallback  - Getting edges for node SCOPEDCONTENTCONDITIONATTRIBUTE
192846 [main] TRACE org.dbunit.database.DatabaseConfig  - getProperty(name=http://www.dbunit.org/properties/metadataHandler) - start
192847 [main] TRACE org.dbunit.database.DefaultMetadataHandler  - tableExists(metaData=org.apache.commons.dbcp.DelegatingDatabaseMetaData@5a2fb881, schemaName=null, tableName=SCOPEDCONTENTCONDITIONATTRIBUTE) - start
192848 [main] DEBUG org.dbunit.util.SQLHelper  - close(resultSet=org.apache.commons.dbcp.DelegatingResultSet@e6cd3d1) - start
192848 [main] DEBUG org.dbunit.util.SQLHelper  - close(resultSet=org.apache.commons.dbcp.DelegatingResultSet@5f0c80d1) - start
192848 [main] DEBUG org.dbunit.util.search.DepthFirstSearch  - Adding node SCOPEDCONTENTCONDITIONATTRIBUTE to the final result
192848 [main] DEBUG org.dbunit.util.search.DepthFirstSearch  - search:SCOPEDCONTENTCONDITIONS_SCOPEDCONTENT
192848 [main] DEBUG org.dbunit.database.search.ExportedKeysSearchCallback  - searchNode(node=SCOPEDCONTENTCONDITIONS_SCOPEDCONTENT) - start
192848 [main] DEBUG org.dbunit.util.search.DepthFirstSearch  - Pushing SCOPEDCONTENTCONDITIONS_SCOPEDCONTENT
192848 [main] DEBUG org.dbunit.database.search.ExportedKeysSearchCallback  - getEdges(node=SCOPEDCONTENTCONDITIONS_SCOPEDCONTENT) - start
192848 [main] DEBUG org.dbunit.database.search.AbstractMetaDataBasedSearchCallback  - getNodesFromExportedKeys(node=SCOPEDCONTENTCONDITIONS_SCOPEDCONTENT) - start
192848 [main] DEBUG org.dbunit.database.search.AbstractMetaDataBasedSearchCallback  - getNodes(type=1, node=SCOPEDCONTENTCONDITIONS_SCOPEDCONTENT) - start
192848 [main] DEBUG org.dbunit.database.DatabaseDataSourceConnection  - getConnection() - start
192849 [main] DEBUG org.dbunit.database.search.AbstractMetaDataBasedSearchCallback  - getNodes(type=1, node=SCOPEDCONTENTCONDITIONS_SCOPEDCONTENT, conn=Transaction-aware proxy for target Connection [jdbc:hsqldb:mem:kontrollDS, UserName=sw, HSQL Database Engine Driver], schema=null, metaData=org.apache.commons.dbcp.DelegatingDatabaseMetaData@2ddd4a17, edges=[]) - start
192849 [main] DEBUG org.dbunit.database.search.AbstractMetaDataBasedSearchCallback  - Getting edges for node SCOPEDCONTENTCONDITIONS_SCOPEDCONTENT
192849 [main] TRACE org.dbunit.database.DatabaseConfig  - getProperty(name=http://www.dbunit.org/properties/metadataHandler) - start
192849 [main] TRACE org.dbunit.database.DefaultMetadataHandler  - tableExists(metaData=org.apache.commons.dbcp.DelegatingDatabaseMetaData@2ddd4a17, schemaName=null, tableName=SCOPEDCONTENTCONDITIONS_SCOPEDCONTENT) - start
192850 [main] DEBUG org.dbunit.util.SQLHelper  - close(resultSet=org.apache.commons.dbcp.DelegatingResultSet@355e6200) - start
192850 [main] DEBUG org.dbunit.util.SQLHelper  - close(resultSet=org.apache.commons.dbcp.DelegatingResultSet@1313609f) - start
192850 [main] DEBUG org.dbunit.util.search.DepthFirstSearch  - Adding node SCOPEDCONTENTCONDITIONS_SCOPEDCONTENT to the final result
192850 [main] DEBUG org.dbunit.util.search.DepthFirstSearch  - search:SCOPEDCONTENTCONDITIONS_SCOPEDCONTENTITEM
192850 [main] DEBUG org.dbunit.database.search.ExportedKeysSearchCallback  - searchNode(node=SCOPEDCONTENTCONDITIONS_SCOPEDCONTENTITEM) - start
192850 [main] DEBUG org.dbunit.util.search.DepthFirstSearch  - Pushing SCOPEDCONTENTCONDITIONS_SCOPEDCONTENTITEM
192850 [main] DEBUG org.dbunit.database.search.ExportedKeysSearchCallback  - getEdges(node=SCOPEDCONTENTCONDITIONS_SCOPEDCONTENTITEM) - start
192850 [main] DEBUG org.dbunit.database.search.AbstractMetaDataBasedSearchCallback  - getNodesFromExportedKeys(node=SCOPEDCONTENTCONDITIONS_SCOPEDCONTENTITEM) - start
192850 [main] DEBUG org.dbunit.database.search.AbstractMetaDataBasedSearchCallback  - getNodes(type=1, node=SCOPEDCONTENTCONDITIONS_SCOPEDCONTENTITEM) - start
192850 [main] DEBUG org.dbunit.database.DatabaseDataSourceConnection  - getConnection() - start
192850 [main] DEBUG org.dbunit.database.search.AbstractMetaDataBasedSearchCallback  - getNodes(type=1, node=SCOPEDCONTENTCONDITIONS_SCOPEDCONTENTITEM, conn=Transaction-aware proxy for target Connection [jdbc:hsqldb:mem:kontrollDS, UserName=sw, HSQL Database Engine Driver], schema=null, metaData=org.apache.commons.dbcp.DelegatingDatabaseMetaData@5d2c7081, edges=[]) - start
192851 [main] DEBUG org.dbunit.database.search.AbstractMetaDataBasedSearchCallback  - Getting edges for node SCOPEDCONTENTCONDITIONS_SCOPEDCONTENTITEM
192851 [main] TRACE org.dbunit.database.DatabaseConfig  - getProperty(name=http://www.dbunit.org/properties/metadataHandler) - start
192851 [main] TRACE org.dbunit.database.DefaultMetadataHandler  - tableExists(metaData=org.apache.commons.dbcp.DelegatingDatabaseMetaData@5d2c7081, schemaName=null, tableName=SCOPEDCONTENTCONDITIONS_SCOPEDCONTENTITEM) - start
192852 [main] DEBUG org.dbunit.util.SQLHelper  - close(resultSet=org.apache.commons.dbcp.DelegatingResultSet@706aa2b4) - start
192853 [main] DEBUG org.dbunit.util.SQLHelper  - close(resultSet=org.apache.commons.dbcp.DelegatingResultSet@4e816dd6) - start
192853 [main] DEBUG org.dbunit.util.search.DepthFirstSearch  - Adding node SCOPEDCONTENTCONDITIONS_SCOPEDCONTENTITEM to the final result
192853 [main] DEBUG org.dbunit.util.search.DepthFirstSearch  - search:SCOPEDCONTENTCONDITION
192853 [main] DEBUG org.dbunit.database.search.ExportedKeysSearchCallback  - searchNode(node=SCOPEDCONTENTCONDITION) - start
192853 [main] DEBUG org.dbunit.util.search.DepthFirstSearch  - Pushing SCOPEDCONTENTCONDITION
192853 [main] DEBUG org.dbunit.database.search.ExportedKeysSearchCallback  - getEdges(node=SCOPEDCONTENTCONDITION) - start
192853 [main] DEBUG org.dbunit.database.search.AbstractMetaDataBasedSearchCallback  - getNodesFromExportedKeys(node=SCOPEDCONTENTCONDITION) - start
192853 [main] DEBUG org.dbunit.database.search.AbstractMetaDataBasedSearchCallback  - getNodes(type=1, node=SCOPEDCONTENTCONDITION) - start
192853 [main] DEBUG org.dbunit.database.DatabaseDataSourceConnection  - getConnection() - start
192853 [main] DEBUG org.dbunit.database.search.AbstractMetaDataBasedSearchCallback  - getNodes(type=1, node=SCOPEDCONTENTCONDITION, conn=Transaction-aware proxy for target Connection [jdbc:hsqldb:mem:kontrollDS, UserName=sw, HSQL Database Engine Driver], schema=null, metaData=org.apache.commons.dbcp.DelegatingDatabaseMetaData@135224de, edges=[]) - start
192853 [main] DEBUG org.dbunit.database.search.AbstractMetaDataBasedSearchCallback  - Getting edges for node SCOPEDCONTENTCONDITION
192853 [main] TRACE org.dbunit.database.DatabaseConfig  - getProperty(name=http://www.dbunit.org/properties/metadataHandler) - start
192853 [main] TRACE org.dbunit.database.DefaultMetadataHandler  - tableExists(metaData=org.apache.commons.dbcp.DelegatingDatabaseMetaData@135224de, schemaName=null, tableName=SCOPEDCONTENTCONDITION) - start
192854 [main] DEBUG org.dbunit.util.SQLHelper  - close(resultSet=org.apache.commons.dbcp.DelegatingResultSet@cd9bd5) - start
192855 [main] DEBUG org.dbunit.util.QualifiedTableName  - getQualifiedNameIfEnabled(config=org.dbunit.database.DatabaseConfig[, _propertyMap={http://www.dbunit.org/properties/statementFactory=org.dbunit.database.statement.PreparedStatementFactory@626bc2b8, http://www.dbunit.org/features/caseSensitiveTableNames=false, http://www.dbunit.org/properties/fetchSize=100, http://www.dbunit.org/features/batchedStatements=false, http://www.dbunit.org/properties/metadataHandler=org.dbunit.database.DefaultMetadataHandler@3eeace42, http://www.dbunit.org/properties/datatypeFactory=org.dbunit.dataset.datatype.DefaultDataTypeFactory[_toleratedDeltaMap=org.dbunit.dataset.datatype.ToleratedDeltaMap@6452310a], http://www.dbunit.org/properties/escapePattern=null, http://www.dbunit.org/properties/batchSize=100, http://www.dbunit.org/features/qualifiedTableNames=false, http://www.dbunit.org/properties/tableType=[Ljava.lang.String;@5011bafa, http://www.dbunit.org/properties/resultSetTableFactory=org.dbunit.database.CachedResultSetTableFactory@10bcf083, http://www.dbunit.org/features/datatypeWarning=true}]) - start
192856 [main] TRACE org.dbunit.database.DatabaseConfig  - getFeature(name=http://www.dbunit.org/features/qualifiedTableNames) - start
192856 [main] TRACE org.dbunit.database.DatabaseConfig  - getProperty(name=http://www.dbunit.org/features/qualifiedTableNames) - start
192856 [main] DEBUG org.dbunit.util.QualifiedTableName  - Qualified table names feature is disabled. Returning plain table name
192856 [main] DEBUG org.dbunit.util.QualifiedTableName  - getQualifiedName(prefix=null, name=SCOPEDCONTENTCONDITION, escapePattern=null) - start
192856 [main] DEBUG org.dbunit.util.QualifiedTableName  - getQualifiedNameIfEnabled(config=org.dbunit.database.DatabaseConfig[, _propertyMap={http://www.dbunit.org/properties/statementFactory=org.dbunit.database.statement.PreparedStatementFactory@626bc2b8, http://www.dbunit.org/features/caseSensitiveTableNames=false, http://www.dbunit.org/properties/fetchSize=100, http://www.dbunit.org/features/batchedStatements=false, http://www.dbunit.org/properties/metadataHandler=org.dbunit.database.DefaultMetadataHandler@3eeace42, http://www.dbunit.org/properties/datatypeFactory=org.dbunit.dataset.datatype.DefaultDataTypeFactory[_toleratedDeltaMap=org.dbunit.dataset.datatype.ToleratedDeltaMap@6452310a], http://www.dbunit.org/properties/escapePattern=null, http://www.dbunit.org/properties/batchSize=100, http://www.dbunit.org/features/qualifiedTableNames=false, http://www.dbunit.org/properties/tableType=[Ljava.lang.String;@5011bafa, http://www.dbunit.org/properties/resultSetTableFactory=org.dbunit.database.CachedResultSetTableFactory@10bcf083, http://www.dbunit.org/features/datatypeWarning=true}]) - start
192856 [main] TRACE org.dbunit.database.DatabaseConfig  - getFeature(name=http://www.dbunit.org/features/qualifiedTableNames) - start
192856 [main] TRACE org.dbunit.database.DatabaseConfig  - getProperty(name=http://www.dbunit.org/features/qualifiedTableNames) - start
192856 [main] DEBUG org.dbunit.util.QualifiedTableName  - Qualified table names feature is disabled. Returning plain table name
192856 [main] DEBUG org.dbunit.util.QualifiedTableName  - getQualifiedName(prefix=null, name=NESTEDSCOPEDCONTENTCONDITIONS, escapePattern=null) - start
192856 [main] DEBUG org.dbunit.database.search.AbstractMetaDataBasedSearchCallback  - newEdge(rs=org.apache.commons.dbcp.DelegatingResultSet@6b07011e, type=1, from=SCOPEDCONTENTCONDITION, to=NESTEDSCOPEDCONTENTCONDITIONS, fkColumn=CHILD_CONDITION_ID, pkColumn=ID) - start
192856 [main] DEBUG org.dbunit.database.search.AbstractMetaDataBasedSearchCallback  - createFKEdge(rs=org.apache.commons.dbcp.DelegatingResultSet@6b07011e, type=1, from=SCOPEDCONTENTCONDITION, to=NESTEDSCOPEDCONTENTCONDITIONS, fkColumn=CHILD_CONDITION_ID, pkColumn=ID) - start
192856 [main] DEBUG org.dbunit.database.search.AbstractMetaDataBasedSearchCallback  - Adding edge NESTEDSCOPEDCONTENTCONDITIONS(CHILD_CONDITION_ID)->SCOPEDCONTENTCONDITION(ID)
192856 [main] DEBUG org.dbunit.util.search.Edge  - compareTo(o=NESTEDSCOPEDCONTENTCONDITIONS(CHILD_CONDITION_ID)->SCOPEDCONTENTCONDITION(ID)) - start
192856 [main] DEBUG org.dbunit.util.QualifiedTableName  - getQualifiedNameIfEnabled(config=org.dbunit.database.DatabaseConfig[, _propertyMap={http://www.dbunit.org/properties/statementFactory=org.dbunit.database.statement.PreparedStatementFactory@626bc2b8, http://www.dbunit.org/features/caseSensitiveTableNames=false, http://www.dbunit.org/properties/fetchSize=100, http://www.dbunit.org/features/batchedStatements=false, http://www.dbunit.org/properties/metadataHandler=org.dbunit.database.DefaultMetadataHandler@3eeace42, http://www.dbunit.org/properties/datatypeFactory=org.dbunit.dataset.datatype.DefaultDataTypeFactory[_toleratedDeltaMap=org.dbunit.dataset.datatype.ToleratedDeltaMap@6452310a], http://www.dbunit.org/properties/escapePattern=null, http://www.dbunit.org/properties/batchSize=100, http://www.dbunit.org/features/qualifiedTableNames=false, http://www.dbunit.org/properties/tableType=[Ljava.lang.String;@5011bafa, http://www.dbunit.org/properties/resultSetTableFactory=org.dbunit.database.CachedResultSetTableFactory@10bcf083, http://www.dbunit.org/features/datatypeWarning=true}]) - start
192857 [main] TRACE org.dbunit.database.DatabaseConfig  - getFeature(name=http://www.dbunit.org/features/qualifiedTableNames) - start
192857 [main] TRACE org.dbunit.database.DatabaseConfig  - getProperty(name=http://www.dbunit.org/features/qualifiedTableNames) - start
192857 [main] DEBUG org.dbunit.util.QualifiedTableName  - Qualified table names feature is disabled. Returning plain table name
192857 [main] DEBUG org.dbunit.util.QualifiedTableName  - getQualifiedName(prefix=null, name=SCOPEDCONTENTCONDITION, escapePattern=null) - start
192857 [main] DEBUG org.dbunit.util.QualifiedTableName  - getQualifiedNameIfEnabled(config=org.dbunit.database.DatabaseConfig[, _propertyMap={http://www.dbunit.org/properties/statementFactory=org.dbunit.database.statement.PreparedStatementFactory@626bc2b8, http://www.dbunit.org/features/caseSensitiveTableNames=false, http://www.dbunit.org/properties/fetchSize=100, http://www.dbunit.org/features/batchedStatements=false, http://www.dbunit.org/properties/metadataHandler=org.dbunit.database.DefaultMetadataHandler@3eeace42, http://www.dbunit.org/properties/datatypeFactory=org.dbunit.dataset.datatype.DefaultDataTypeFactory[_toleratedDeltaMap=org.dbunit.dataset.datatype.ToleratedDeltaMap@6452310a], http://www.dbunit.org/properties/escapePattern=null, http://www.dbunit.org/properties/batchSize=100, http://www.dbunit.org/features/qualifiedTableNames=false, http://www.dbunit.org/properties/tableType=[Ljava.lang.String;@5011bafa, http://www.dbunit.org/properties/resultSetTableFactory=org.dbunit.database.CachedResultSetTableFactory@10bcf083, http://www.dbunit.org/features/datatypeWarning=true}]) - start
192857 [main] TRACE org.dbunit.database.DatabaseConfig  - getFeature(name=http://www.dbunit.org/features/qualifiedTableNames) - start
192857 [main] TRACE org.dbunit.database.DatabaseConfig  - getProperty(name=http://www.dbunit.org/features/qualifiedTableNames) - start
192857 [main] DEBUG org.dbunit.util.QualifiedTableName  - Qualified table names feature is disabled. Returning plain table name
192857 [main] DEBUG org.dbunit.util.QualifiedTableName  - getQualifiedName(prefix=null, name=NESTEDSCOPEDCONTENTCONDITIONS, escapePattern=null) - start
192857 [main] DEBUG org.dbunit.database.search.AbstractMetaDataBasedSearchCallback  - newEdge(rs=org.apache.commons.dbcp.DelegatingResultSet@6b07011e, type=1, from=SCOPEDCONTENTCONDITION, to=NESTEDSCOPEDCONTENTCONDITIONS, fkColumn=PARENT_CONDITION_ID, pkColumn=ID) - start
192857 [main] DEBUG org.dbunit.database.search.AbstractMetaDataBasedSearchCallback  - createFKEdge(rs=org.apache.commons.dbcp.DelegatingResultSet@6b07011e, type=1, from=SCOPEDCONTENTCONDITION, to=NESTEDSCOPEDCONTENTCONDITIONS, fkColumn=PARENT_CONDITION_ID, pkColumn=ID) - start
192857 [main] DEBUG org.dbunit.database.search.AbstractMetaDataBasedSearchCallback  - Adding edge NESTEDSCOPEDCONTENTCONDITIONS(PARENT_CONDITION_ID)->SCOPEDCONTENTCONDITION(ID)
192857 [main] DEBUG org.dbunit.util.search.Edge  - compareTo(o=NESTEDSCOPEDCONTENTCONDITIONS(CHILD_CONDITION_ID)->SCOPEDCONTENTCONDITION(ID)) - start
192857 [main] DEBUG org.dbunit.util.QualifiedTableName  - getQualifiedNameIfEnabled(config=org.dbunit.database.DatabaseConfig[, _propertyMap={http://www.dbunit.org/properties/statementFactory=org.dbunit.database.statement.PreparedStatementFactory@626bc2b8, http://www.dbunit.org/features/caseSensitiveTableNames=false, http://www.dbunit.org/properties/fetchSize=100, http://www.dbunit.org/features/batchedStatements=false, http://www.dbunit.org/properties/metadataHandler=org.dbunit.database.DefaultMetadataHandler@3eeace42, http://www.dbunit.org/properties/datatypeFactory=org.dbunit.dataset.datatype.DefaultDataTypeFactory[_toleratedDeltaMap=org.dbunit.dataset.datatype.ToleratedDeltaMap@6452310a], http://www.dbunit.org/properties/escapePattern=null, http://www.dbunit.org/properties/batchSize=100, http://www.dbunit.org/features/qualifiedTableNames=false, http://www.dbunit.org/properties/tableType=[Ljava.lang.String;@5011bafa, http://www.dbunit.org/properties/resultSetTableFactory=org.dbunit.database.CachedResultSetTableFactory@10bcf083, http://www.dbunit.org/features/datatypeWarning=true}]) - start
192858 [main] TRACE org.dbunit.database.DatabaseConfig  - getFeature(name=http://www.dbunit.org/features/qualifiedTableNames) - start
192858 [main] TRACE org.dbunit.database.DatabaseConfig  - getProperty(name=http://www.dbunit.org/features/qualifiedTableNames) - start
192858 [main] DEBUG org.dbunit.util.QualifiedTableName  - Qualified table names feature is disabled. Returning plain table name
192858 [main] DEBUG org.dbunit.util.QualifiedTableName  - getQualifiedName(prefix=null, name=SCOPEDCONTENTCONDITION, escapePattern=null) - start
192858 [main] DEBUG org.dbunit.util.QualifiedTableName  - getQualifiedNameIfEnabled(config=org.dbunit.database.DatabaseConfig[, _propertyMap={http://www.dbunit.org/properties/statementFactory=org.dbunit.database.statement.PreparedStatementFactory@626bc2b8, http://www.dbunit.org/features/caseSensitiveTableNames=false, http://www.dbunit.org/properties/fetchSize=100, http://www.dbunit.org/features/batchedStatements=false, http://www.dbunit.org/properties/metadataHandler=org.dbunit.database.DefaultMetadataHandler@3eeace42, http://www.dbunit.org/properties/datatypeFactory=org.dbunit.dataset.datatype.DefaultDataTypeFactory[_toleratedDeltaMap=org.dbunit.dataset.datatype.ToleratedDeltaMap@6452310a], http://www.dbunit.org/properties/escapePattern=null, http://www.dbunit.org/properties/batchSize=100, http://www.dbunit.org/features/qualifiedTableNames=false, http://www.dbunit.org/properties/tableType=[Ljava.lang.String;@5011bafa, http://www.dbunit.org/properties/resultSetTableFactory=org.dbunit.database.CachedResultSetTableFactory@10bcf083, http://www.dbunit.org/features/datatypeWarning=true}]) - start
192858 [main] TRACE org.dbunit.database.DatabaseConfig  - getFeature(name=http://www.dbunit.org/features/qualifiedTableNames) - start
192858 [main] TRACE org.dbunit.database.DatabaseConfig  - getProperty(name=http://www.dbunit.org/features/qualifiedTableNames) - start
192858 [main] DEBUG org.dbunit.util.QualifiedTableName  - Qualified table names feature is disabled. Returning plain table name
192858 [main] DEBUG org.dbunit.util.QualifiedTableName  - getQualifiedName(prefix=null, name=SCOPEDCONTENTCONDITIONATTRIBUTE, escapePattern=null) - start
192858 [main] DEBUG org.dbunit.database.search.AbstractMetaDataBasedSearchCallback  - newEdge(rs=org.apache.commons.dbcp.DelegatingResultSet@6b07011e, type=1, from=SCOPEDCONTENTCONDITION, to=SCOPEDCONTENTCONDITIONATTRIBUTE, fkColumn=SCOPEDCONTENTCONDITION, pkColumn=ID) - start
192858 [main] DEBUG org.dbunit.database.search.AbstractMetaDataBasedSearchCallback  - createFKEdge(rs=org.apache.commons.dbcp.DelegatingResultSet@6b07011e, type=1, from=SCOPEDCONTENTCONDITION, to=SCOPEDCONTENTCONDITIONATTRIBUTE, fkColumn=SCOPEDCONTENTCONDITION, pkColumn=ID) - start
192858 [main] DEBUG org.dbunit.database.search.AbstractMetaDataBasedSearchCallback  - Adding edge SCOPEDCONTENTCONDITIONATTRIBUTE(SCOPEDCONTENTCONDITION)->SCOPEDCONTENTCONDITION(ID)
192858 [main] DEBUG org.dbunit.util.search.Edge  - compareTo(o=NESTEDSCOPEDCONTENTCONDITIONS(CHILD_CONDITION_ID)->SCOPEDCONTENTCONDITION(ID)) - start
192858 [main] DEBUG org.dbunit.util.QualifiedTableName  - getQualifiedNameIfEnabled(config=org.dbunit.database.DatabaseConfig[, _propertyMap={http://www.dbunit.org/properties/statementFactory=org.dbunit.database.statement.PreparedStatementFactory@626bc2b8, http://www.dbunit.org/features/caseSensitiveTableNames=false, http://www.dbunit.org/properties/fetchSize=100, http://www.dbunit.org/features/batchedStatements=false, http://www.dbunit.org/properties/metadataHandler=org.dbunit.database.DefaultMetadataHandler@3eeace42, http://www.dbunit.org/properties/datatypeFactory=org.dbunit.dataset.datatype.DefaultDataTypeFactory[_toleratedDeltaMap=org.dbunit.dataset.datatype.ToleratedDeltaMap@6452310a], http://www.dbunit.org/properties/escapePattern=null, http://www.dbunit.org/properties/batchSize=100, http://www.dbunit.org/features/qualifiedTableNames=false, http://www.dbunit.org/properties/tableType=[Ljava.lang.String;@5011bafa, http://www.dbunit.org/properties/resultSetTableFactory=org.dbunit.database.CachedResultSetTableFactory@10bcf083, http://www.dbunit.org/features/datatypeWarning=true}]) - start
192858 [main] TRACE org.dbunit.database.DatabaseConfig  - getFeature(name=http://www.dbunit.org/features/qualifiedTableNames) - start
192858 [main] TRACE org.dbunit.database.DatabaseConfig  - getProperty(name=http://www.dbunit.org/features/qualifiedTableNames) - start
192858 [main] DEBUG org.dbunit.util.QualifiedTableName  - Qualified table names feature is disabled. Returning plain table name
192858 [main] DEBUG org.dbunit.util.QualifiedTableName  - getQualifiedName(prefix=null, name=SCOPEDCONTENTCONDITION, escapePattern=null) - start
192859 [main] DEBUG org.dbunit.util.QualifiedTableName  - getQualifiedNameIfEnabled(config=org.dbunit.database.DatabaseConfig[, _propertyMap={http://www.dbunit.org/properties/statementFactory=org.dbunit.database.statement.PreparedStatementFactory@626bc2b8, http://www.dbunit.org/features/caseSensitiveTableNames=false, http://www.dbunit.org/properties/fetchSize=100, http://www.dbunit.org/features/batchedStatements=false, http://www.dbunit.org/properties/metadataHandler=org.dbunit.database.DefaultMetadataHandler@3eeace42, http://www.dbunit.org/properties/datatypeFactory=org.dbunit.dataset.datatype.DefaultDataTypeFactory[_toleratedDeltaMap=org.dbunit.dataset.datatype.ToleratedDeltaMap@6452310a], http://www.dbunit.org/properties/escapePattern=null, http://www.dbunit.org/properties/batchSize=100, http://www.dbunit.org/features/qualifiedTableNames=false, http://www.dbunit.org/properties/tableType=[Ljava.lang.String;@5011bafa, http://www.dbunit.org/properties/resultSetTableFactory=org.dbunit.database.CachedResultSetTableFactory@10bcf083, http://www.dbunit.org/features/datatypeWarning=true}]) - start
192859 [main] TRACE org.dbunit.database.DatabaseConfig  - getFeature(name=http://www.dbunit.org/features/qualifiedTableNames) - start
192859 [main] TRACE org.dbunit.database.DatabaseConfig  - getProperty(name=http://www.dbunit.org/features/qualifiedTableNames) - start
192859 [main] DEBUG org.dbunit.util.QualifiedTableName  - Qualified table names feature is disabled. Returning plain table name
192859 [main] DEBUG org.dbunit.util.QualifiedTableName  - getQualifiedName(prefix=null, name=SCOPEDCONTENTCONDITIONS_SCOPEDCONTENT, escapePattern=null) - start
192859 [main] DEBUG org.dbunit.database.search.AbstractMetaDataBasedSearchCallback  - newEdge(rs=org.apache.commons.dbcp.DelegatingResultSet@6b07011e, type=1, from=SCOPEDCONTENTCONDITION, to=SCOPEDCONTENTCONDITIONS_SCOPEDCONTENT, fkColumn=SCOPED_CONTENT_CONDITION_ID, pkColumn=ID) - start
192859 [main] DEBUG org.dbunit.database.search.AbstractMetaDataBasedSearchCallback  - createFKEdge(rs=org.apache.commons.dbcp.DelegatingResultSet@6b07011e, type=1, from=SCOPEDCONTENTCONDITION, to=SCOPEDCONTENTCONDITIONS_SCOPEDCONTENT, fkColumn=SCOPED_CONTENT_CONDITION_ID, pkColumn=ID) - start
192859 [main] DEBUG org.dbunit.database.search.AbstractMetaDataBasedSearchCallback  - Adding edge SCOPEDCONTENTCONDITIONS_SCOPEDCONTENT(SCOPED_CONTENT_CONDITION_ID)->SCOPEDCONTENTCONDITION(ID)
192859 [main] DEBUG org.dbunit.util.search.Edge  - compareTo(o=NESTEDSCOPEDCONTENTCONDITIONS(CHILD_CONDITION_ID)->SCOPEDCONTENTCONDITION(ID)) - start
192859 [main] DEBUG org.dbunit.util.search.Edge  - compareTo(o=SCOPEDCONTENTCONDITIONATTRIBUTE(SCOPEDCONTENTCONDITION)->SCOPEDCONTENTCONDITION(ID)) - start
192859 [main] DEBUG org.dbunit.util.QualifiedTableName  - getQualifiedNameIfEnabled(config=org.dbunit.database.DatabaseConfig[, _propertyMap={http://www.dbunit.org/properties/statementFactory=org.dbunit.database.statement.PreparedStatementFactory@626bc2b8, http://www.dbunit.org/features/caseSensitiveTableNames=false, http://www.dbunit.org/properties/fetchSize=100, http://www.dbunit.org/features/batchedStatements=false, http://www.dbunit.org/properties/metadataHandler=org.dbunit.database.DefaultMetadataHandler@3eeace42, http://www.dbunit.org/properties/datatypeFactory=org.dbunit.dataset.datatype.DefaultDataTypeFactory[_toleratedDeltaMap=org.dbunit.dataset.datatype.ToleratedDeltaMap@6452310a], http://www.dbunit.org/properties/escapePattern=null, http://www.dbunit.org/properties/batchSize=100, http://www.dbunit.org/features/qualifiedTableNames=false, http://www.dbunit.org/properties/tableType=[Ljava.lang.String;@5011bafa, http://www.dbunit.org/properties/resultSetTableFactory=org.dbunit.database.CachedResultSetTableFactory@10bcf083, http://www.dbunit.org/features/datatypeWarning=true}]) - start
192859 [main] TRACE org.dbunit.database.DatabaseConfig  - getFeature(name=http://www.dbunit.org/features/qualifiedTableNames) - start
192859 [main] TRACE org.dbunit.database.DatabaseConfig  - getProperty(name=http://www.dbunit.org/features/qualifiedTableNames) - start
192859 [main] DEBUG org.dbunit.util.QualifiedTableName  - Qualified table names feature is disabled. Returning plain table name
192859 [main] DEBUG org.dbunit.util.QualifiedTableName  - getQualifiedName(prefix=null, name=SCOPEDCONTENTCONDITION, escapePattern=null) - start
192859 [main] DEBUG org.dbunit.util.QualifiedTableName  - getQualifiedNameIfEnabled(config=org.dbunit.database.DatabaseConfig[, _propertyMap={http://www.dbunit.org/properties/statementFactory=org.dbunit.database.statement.PreparedStatementFactory@626bc2b8, http://www.dbunit.org/features/caseSensitiveTableNames=false, http://www.dbunit.org/properties/fetchSize=100, http://www.dbunit.org/features/batchedStatements=false, http://www.dbunit.org/properties/metadataHandler=org.dbunit.database.DefaultMetadataHandler@3eeace42, http://www.dbunit.org/properties/datatypeFactory=org.dbunit.dataset.datatype.DefaultDataTypeFactory[_toleratedDeltaMap=org.dbunit.dataset.datatype.ToleratedDeltaMap@6452310a], http://www.dbunit.org/properties/escapePattern=null, http://www.dbunit.org/properties/batchSize=100, http://www.dbunit.org/features/qualifiedTableNames=false, http://www.dbunit.org/properties/tableType=[Ljava.lang.String;@5011bafa, http://www.dbunit.org/properties/resultSetTableFactory=org.dbunit.database.CachedResultSetTableFactory@10bcf083, http://www.dbunit.org/features/datatypeWarning=true}]) - start
192859 [main] TRACE org.dbunit.database.DatabaseConfig  - getFeature(name=http://www.dbunit.org/features/qualifiedTableNames) - start
192859 [main] TRACE org.dbunit.database.DatabaseConfig  - getProperty(name=http://www.dbunit.org/features/qualifiedTableNames) - start
192860 [main] DEBUG org.dbunit.util.QualifiedTableName  - Qualified table names feature is disabled. Returning plain table name
192860 [main] DEBUG org.dbunit.util.QualifiedTableName  - getQualifiedName(prefix=null, name=SCOPEDCONTENTCONDITIONS_SCOPEDCONTENTITEM, escapePattern=null) - start
192860 [main] DEBUG org.dbunit.database.search.AbstractMetaDataBasedSearchCallback  - newEdge(rs=org.apache.commons.dbcp.DelegatingResultSet@6b07011e, type=1, from=SCOPEDCONTENTCONDITION, to=SCOPEDCONTENTCONDITIONS_SCOPEDCONTENTITEM, fkColumn=SCOPED_CONTENT_CONDITION_ID, pkColumn=ID) - start
192860 [main] DEBUG org.dbunit.database.search.AbstractMetaDataBasedSearchCallback  - createFKEdge(rs=org.apache.commons.dbcp.DelegatingResultSet@6b07011e, type=1, from=SCOPEDCONTENTCONDITION, to=SCOPEDCONTENTCONDITIONS_SCOPEDCONTENTITEM, fkColumn=SCOPED_CONTENT_CONDITION_ID, pkColumn=ID) - start
192860 [main] DEBUG org.dbunit.database.search.AbstractMetaDataBasedSearchCallback  - Adding edge SCOPEDCONTENTCONDITIONS_SCOPEDCONTENTITEM(SCOPED_CONTENT_CONDITION_ID)->SCOPEDCONTENTCONDITION(ID)
192860 [main] DEBUG org.dbunit.util.search.Edge  - compareTo(o=SCOPEDCONTENTCONDITIONATTRIBUTE(SCOPEDCONTENTCONDITION)->SCOPEDCONTENTCONDITION(ID)) - start
192860 [main] DEBUG org.dbunit.util.search.Edge  - compareTo(o=SCOPEDCONTENTCONDITIONS_SCOPEDCONTENT(SCOPED_CONTENT_CONDITION_ID)->SCOPEDCONTENTCONDITION(ID)) - start
192860 [main] DEBUG org.dbunit.util.SQLHelper  - close(resultSet=org.apache.commons.dbcp.DelegatingResultSet@6b07011e) - start
192860 [main] DEBUG org.dbunit.util.search.DepthFirstSearch  - search:SCOPEDCONTENTCONDITION
192860 [main] DEBUG org.dbunit.util.search.DepthFirstSearch  - already searched; returning true
192860 [main] DEBUG org.dbunit.util.search.DepthFirstSearch  - search:SCOPEDCONTENTCONDITION
192860 [main] DEBUG org.dbunit.util.search.DepthFirstSearch  - already searched; returning true
192860 [main] DEBUG org.dbunit.util.search.DepthFirstSearch  - search:SCOPEDCONTENTCONDITION
192860 [main] DEBUG org.dbunit.util.search.DepthFirstSearch  - already searched; returning true
192860 [main] DEBUG org.dbunit.util.search.DepthFirstSearch  - search:SCOPEDCONTENTCONDITION
192860 [main] DEBUG org.dbunit.util.search.DepthFirstSearch  - already searched; returning true
192860 [main] DEBUG org.dbunit.util.search.DepthFirstSearch  - Adding node SCOPEDCONTENTCONDITION to the final result
192860 [main] DEBUG org.dbunit.util.CollectionsHelper  - setToStrings(set=[NESTEDSCOPEDCONTENTCONDITIONS, SCOPEDCONTENTCONDITIONATTRIBUTE, SCOPEDCONTENTCONDITIONS_SCOPEDCONTENT, SCOPEDCONTENTCONDITIONS_SCOPEDCONTENTITEM, SCOPEDCONTENTCONDITION]) - start
192860 [main] DEBUG org.dbunit.database.search.TablesDependencyHelper  - getDirectDependsOnTables(connection=_databaseConfig=org.dbunit.database.DatabaseConfig[, _propertyMap={http://www.dbunit.org/properties/statementFactory=org.dbunit.database.statement.PreparedStatementFactory@626bc2b8, http://www.dbunit.org/features/caseSensitiveTableNames=false, http://www.dbunit.org/properties/fetchSize=100, http://www.dbunit.org/features/batchedStatements=false, http://www.dbunit.org/properties/metadataHandler=org.dbunit.database.DefaultMetadataHandler@3eeace42, http://www.dbunit.org/properties/datatypeFactory=org.dbunit.dataset.datatype.DefaultDataTypeFactory[_toleratedDeltaMap=org.dbunit.dataset.datatype.ToleratedDeltaMap@6452310a], http://www.dbunit.org/properties/escapePattern=null, http://www.dbunit.org/properties/batchSize=100, http://www.dbunit.org/features/qualifiedTableNames=false, http://www.dbunit.org/properties/tableType=[Ljava.lang.String;@5011bafa, http://www.dbunit.org/properties/resultSetTableFactory=org.dbunit.database.CachedResultSetTableFactory@10bcf083, http://www.dbunit.org/features/datatypeWarning=true}], _dataSet=AbstractDataSet[_orderedTableNameMap=null], tableName=SCOPEDCONTENTCONDITION) - start
192860 [main] DEBUG org.dbunit.util.search.DepthFirstSearch  - search(nodesFrom=[SCOPEDCONTENTCONDITION], callback=org.dbunit.database.search.ExportedKeysSearchCallback@3500da60) - start
192860 [main] DEBUG org.dbunit.util.CollectionsHelper  - objectsToSet(objects=SCOPEDCONTENTCONDITION) - start
192860 [main] DEBUG org.dbunit.util.search.DepthFirstSearch  - search(nodesFrom=[SCOPEDCONTENTCONDITION], callback=org.dbunit.database.search.ExportedKeysSearchCallback@3500da60) - start
192860 [main] DEBUG org.dbunit.util.search.DepthFirstSearch  - reverseSearch:SCOPEDCONTENTCONDITION
192860 [main] DEBUG org.dbunit.database.search.ExportedKeysSearchCallback  - searchNode(node=SCOPEDCONTENTCONDITION) - start
192861 [main] DEBUG org.dbunit.util.search.DepthFirstSearch  - Pushing (reverse) SCOPEDCONTENTCONDITION
192861 [main] DEBUG org.dbunit.database.search.ExportedKeysSearchCallback  - getEdges(node=SCOPEDCONTENTCONDITION) - start
192861 [main] DEBUG org.dbunit.database.search.AbstractMetaDataBasedSearchCallback  - getNodesFromExportedKeys(node=SCOPEDCONTENTCONDITION) - start
192861 [main] DEBUG org.dbunit.database.search.AbstractMetaDataBasedSearchCallback  - getNodes(type=1, node=SCOPEDCONTENTCONDITION) - start
192861 [main] DEBUG org.dbunit.database.DatabaseDataSourceConnection  - getConnection() - start
192861 [main] DEBUG org.dbunit.database.search.AbstractMetaDataBasedSearchCallback  - getNodes(type=1, node=SCOPEDCONTENTCONDITION, conn=Transaction-aware proxy for target Connection [jdbc:hsqldb:mem:kontrollDS, UserName=sw, HSQL Database Engine Driver], schema=null, metaData=org.apache.commons.dbcp.DelegatingDatabaseMetaData@4b00efcf, edges=[]) - start
192861 [main] DEBUG org.dbunit.database.search.AbstractMetaDataBasedSearchCallback  - Getting edges for node SCOPEDCONTENTCONDITION
192861 [main] TRACE org.dbunit.database.DatabaseConfig  - getProperty(name=http://www.dbunit.org/properties/metadataHandler) - start
192861 [main] TRACE org.dbunit.database.DefaultMetadataHandler  - tableExists(metaData=org.apache.commons.dbcp.DelegatingDatabaseMetaData@4b00efcf, schemaName=null, tableName=SCOPEDCONTENTCONDITION) - start
192862 [main] DEBUG org.dbunit.util.SQLHelper  - close(resultSet=org.apache.commons.dbcp.DelegatingResultSet@431e4df3) - start
192862 [main] DEBUG org.dbunit.util.QualifiedTableName  - getQualifiedNameIfEnabled(config=org.dbunit.database.DatabaseConfig[, _propertyMap={http://www.dbunit.org/properties/statementFactory=org.dbunit.database.statement.PreparedStatementFactory@626bc2b8, http://www.dbunit.org/features/caseSensitiveTableNames=false, http://www.dbunit.org/properties/fetchSize=100, http://www.dbunit.org/features/batchedStatements=false, http://www.dbunit.org/properties/metadataHandler=org.dbunit.database.DefaultMetadataHandler@3eeace42, http://www.dbunit.org/properties/datatypeFactory=org.dbunit.dataset.datatype.DefaultDataTypeFactory[_toleratedDeltaMap=org.dbunit.dataset.datatype.ToleratedDeltaMap@6452310a], http://www.dbunit.org/properties/escapePattern=null, http://www.dbunit.org/properties/batchSize=100, http://www.dbunit.org/features/qualifiedTableNames=false, http://www.dbunit.org/properties/tableType=[Ljava.lang.String;@5011bafa, http://www.dbunit.org/properties/resultSetTableFactory=org.dbunit.database.CachedResultSetTableFactory@10bcf083, http://www.dbunit.org/features/datatypeWarning=true}]) - start
192862 [main] TRACE org.dbunit.database.DatabaseConfig  - getFeature(name=http://www.dbunit.org/features/qualifiedTableNames) - start
192862 [main] TRACE org.dbunit.database.DatabaseConfig  - getProperty(name=http://www.dbunit.org/features/qualifiedTableNames) - start
192862 [main] DEBUG org.dbunit.util.QualifiedTableName  - Qualified table names feature is disabled. Returning plain table name
192862 [main] DEBUG org.dbunit.util.QualifiedTableName  - getQualifiedName(prefix=null, name=SCOPEDCONTENTCONDITION, escapePattern=null) - start
192862 [main] DEBUG org.dbunit.util.QualifiedTableName  - getQualifiedNameIfEnabled(config=org.dbunit.database.DatabaseConfig[, _propertyMap={http://www.dbunit.org/properties/statementFactory=org.dbunit.database.statement.PreparedStatementFactory@626bc2b8, http://www.dbunit.org/features/caseSensitiveTableNames=false, http://www.dbunit.org/properties/fetchSize=100, http://www.dbunit.org/features/batchedStatements=false, http://www.dbunit.org/properties/metadataHandler=org.dbunit.database.DefaultMetadataHandler@3eeace42, http://www.dbunit.org/properties/datatypeFactory=org.dbunit.dataset.datatype.DefaultDataTypeFactory[_toleratedDeltaMap=org.dbunit.dataset.datatype.ToleratedDeltaMap@6452310a], http://www.dbunit.org/properties/escapePattern=null, http://www.dbunit.org/properties/batchSize=100, http://www.dbunit.org/features/qualifiedTableNames=false, http://www.dbunit.org/properties/tableType=[Ljava.lang.String;@5011bafa, http://www.dbunit.org/properties/resultSetTableFactory=org.dbunit.database.CachedResultSetTableFactory@10bcf083, http://www.dbunit.org/features/datatypeWarning=true}]) - start
192862 [main] TRACE org.dbunit.database.DatabaseConfig  - getFeature(name=http://www.dbunit.org/features/qualifiedTableNames) - start
192862 [main] TRACE org.dbunit.database.DatabaseConfig  - getProperty(name=http://www.dbunit.org/features/qualifiedTableNames) - start
192863 [main] DEBUG org.dbunit.util.QualifiedTableName  - Qualified table names feature is disabled. Returning plain table name
192863 [main] DEBUG org.dbunit.util.QualifiedTableName  - getQualifiedName(prefix=null, name=NESTEDSCOPEDCONTENTCONDITIONS, escapePattern=null) - start
192863 [main] DEBUG org.dbunit.database.search.AbstractMetaDataBasedSearchCallback  - newEdge(rs=org.apache.commons.dbcp.DelegatingResultSet@6f268f13, type=1, from=SCOPEDCONTENTCONDITION, to=NESTEDSCOPEDCONTENTCONDITIONS, fkColumn=CHILD_CONDITION_ID, pkColumn=ID) - start
192863 [main] DEBUG org.dbunit.database.search.AbstractMetaDataBasedSearchCallback  - createFKEdge(rs=org.apache.commons.dbcp.DelegatingResultSet@6f268f13, type=1, from=SCOPEDCONTENTCONDITION, to=NESTEDSCOPEDCONTENTCONDITIONS, fkColumn=CHILD_CONDITION_ID, pkColumn=ID) - start
192863 [main] DEBUG org.dbunit.database.search.AbstractMetaDataBasedSearchCallback  - Adding edge NESTEDSCOPEDCONTENTCONDITIONS(CHILD_CONDITION_ID)->SCOPEDCONTENTCONDITION(ID)
192863 [main] DEBUG org.dbunit.util.search.Edge  - compareTo(o=NESTEDSCOPEDCONTENTCONDITIONS(CHILD_CONDITION_ID)->SCOPEDCONTENTCONDITION(ID)) - start
192863 [main] DEBUG org.dbunit.util.QualifiedTableName  - getQualifiedNameIfEnabled(config=org.dbunit.database.DatabaseConfig[, _propertyMap={http://www.dbunit.org/properties/statementFactory=org.dbunit.database.statement.PreparedStatementFactory@626bc2b8, http://www.dbunit.org/features/caseSensitiveTableNames=false, http://www.dbunit.org/properties/fetchSize=100, http://www.dbunit.org/features/batchedStatements=false, http://www.dbunit.org/properties/metadataHandler=org.dbunit.database.DefaultMetadataHandler@3eeace42, http://www.dbunit.org/properties/datatypeFactory=org.dbunit.dataset.datatype.DefaultDataTypeFactory[_toleratedDeltaMap=org.dbunit.dataset.datatype.ToleratedDeltaMap@6452310a], http://www.dbunit.org/properties/escapePattern=null, http://www.dbunit.org/properties/batchSize=100, http://www.dbunit.org/features/qualifiedTableNames=false, http://www.dbunit.org/properties/tableType=[Ljava.lang.String;@5011bafa, http://www.dbunit.org/properties/resultSetTableFactory=org.dbunit.database.CachedResultSetTableFactory@10bcf083, http://www.dbunit.org/features/datatypeWarning=true}]) - start
192863 [main] TRACE org.dbunit.database.DatabaseConfig  - getFeature(name=http://www.dbunit.org/features/qualifiedTableNames) - start
192863 [main] TRACE org.dbunit.database.DatabaseConfig  - getProperty(name=http://www.dbunit.org/features/qualifiedTableNames) - start
192863 [main] DEBUG org.dbunit.util.QualifiedTableName  - Qualified table names feature is disabled. Returning plain table name
192863 [main] DEBUG org.dbunit.util.QualifiedTableName  - getQualifiedName(prefix=null, name=SCOPEDCONTENTCONDITION, escapePattern=null) - start
192863 [main] DEBUG org.dbunit.util.QualifiedTableName  - getQualifiedNameIfEnabled(config=org.dbunit.database.DatabaseConfig[, _propertyMap={http://www.dbunit.org/properties/statementFactory=org.dbunit.database.statement.PreparedStatementFactory@626bc2b8, http://www.dbunit.org/features/caseSensitiveTableNames=false, http://www.dbunit.org/properties/fetchSize=100, http://www.dbunit.org/features/batchedStatements=false, http://www.dbunit.org/properties/metadataHandler=org.dbunit.database.DefaultMetadataHandler@3eeace42, http://www.dbunit.org/properties/datatypeFactory=org.dbunit.dataset.datatype.DefaultDataTypeFactory[_toleratedDeltaMap=org.dbunit.dataset.datatype.ToleratedDeltaMap@6452310a], http://www.dbunit.org/properties/escapePattern=null, http://www.dbunit.org/properties/batchSize=100, http://www.dbunit.org/features/qualifiedTableNames=false, http://www.dbunit.org/properties/tableType=[Ljava.lang.String;@5011bafa, http://www.dbunit.org/properties/resultSetTableFactory=org.dbunit.database.CachedResultSetTableFactory@10bcf083, http://www.dbunit.org/features/datatypeWarning=true}]) - start
192863 [main] TRACE org.dbunit.database.DatabaseConfig  - getFeature(name=http://www.dbunit.org/features/qualifiedTableNames) - start
192863 [main] TRACE org.dbunit.database.DatabaseConfig  - getProperty(name=http://www.dbunit.org/features/qualifiedTableNames) - start
192863 [main] DEBUG org.dbunit.util.QualifiedTableName  - Qualified table names feature is disabled. Returning plain table name
192863 [main] DEBUG org.dbunit.util.QualifiedTableName  - getQualifiedName(prefix=null, name=NESTEDSCOPEDCONTENTCONDITIONS, escapePattern=null) - start
192863 [main] DEBUG org.dbunit.database.search.AbstractMetaDataBasedSearchCallback  - newEdge(rs=org.apache.commons.dbcp.DelegatingResultSet@6f268f13, type=1, from=SCOPEDCONTENTCONDITION, to=NESTEDSCOPEDCONTENTCONDITIONS, fkColumn=PARENT_CONDITION_ID, pkColumn=ID) - start
192863 [main] DEBUG org.dbunit.database.search.AbstractMetaDataBasedSearchCallback  - createFKEdge(rs=org.apache.commons.dbcp.DelegatingResultSet@6f268f13, type=1, from=SCOPEDCONTENTCONDITION, to=NESTEDSCOPEDCONTENTCONDITIONS, fkColumn=PARENT_CONDITION_ID, pkColumn=ID) - start
192863 [main] DEBUG org.dbunit.database.search.AbstractMetaDataBasedSearchCallback  - Adding edge NESTEDSCOPEDCONTENTCONDITIONS(PARENT_CONDITION_ID)->SCOPEDCONTENTCONDITION(ID)
192863 [main] DEBUG org.dbunit.util.search.Edge  - compareTo(o=NESTEDSCOPEDCONTENTCONDITIONS(CHILD_CONDITION_ID)->SCOPEDCONTENTCONDITION(ID)) - start
192863 [main] DEBUG org.dbunit.util.QualifiedTableName  - getQualifiedNameIfEnabled(config=org.dbunit.database.DatabaseConfig[, _propertyMap={http://www.dbunit.org/properties/statementFactory=org.dbunit.database.statement.PreparedStatementFactory@626bc2b8, http://www.dbunit.org/features/caseSensitiveTableNames=false, http://www.dbunit.org/properties/fetchSize=100, http://www.dbunit.org/features/batchedStatements=false, http://www.dbunit.org/properties/metadataHandler=org.dbunit.database.DefaultMetadataHandler@3eeace42, http://www.dbunit.org/properties/datatypeFactory=org.dbunit.dataset.datatype.DefaultDataTypeFactory[_toleratedDeltaMap=org.dbunit.dataset.datatype.ToleratedDeltaMap@6452310a], http://www.dbunit.org/properties/escapePattern=null, http://www.dbunit.org/properties/batchSize=100, http://www.dbunit.org/features/qualifiedTableNames=false, http://www.dbunit.org/properties/tableType=[Ljava.lang.String;@5011bafa, http://www.dbunit.org/properties/resultSetTableFactory=org.dbunit.database.CachedResultSetTableFactory@10bcf083, http://www.dbunit.org/features/datatypeWarning=true}]) - start
192864 [main] TRACE org.dbunit.database.DatabaseConfig  - getFeature(name=http://www.dbunit.org/features/qualifiedTableNames) - start
192864 [main] TRACE org.dbunit.database.DatabaseConfig  - getProperty(name=http://www.dbunit.org/features/qualifiedTableNames) - start
192864 [main] DEBUG org.dbunit.util.QualifiedTableName  - Qualified table names feature is disabled. Returning plain table name
192864 [main] DEBUG org.dbunit.util.QualifiedTableName  - getQualifiedName(prefix=null, name=SCOPEDCONTENTCONDITION, escapePattern=null) - start
192864 [main] DEBUG org.dbunit.util.QualifiedTableName  - getQualifiedNameIfEnabled(config=org.dbunit.database.DatabaseConfig[, _propertyMap={http://www.dbunit.org/properties/statementFactory=org.dbunit.database.statement.PreparedStatementFactory@626bc2b8, http://www.dbunit.org/features/caseSensitiveTableNames=false, http://www.dbunit.org/properties/fetchSize=100, http://www.dbunit.org/features/batchedStatements=false, http://www.dbunit.org/properties/metadataHandler=org.dbunit.database.DefaultMetadataHandler@3eeace42, http://www.dbunit.org/properties/datatypeFactory=org.dbunit.dataset.datatype.DefaultDataTypeFactory[_toleratedDeltaMap=org.dbunit.dataset.datatype.ToleratedDeltaMap@6452310a], http://www.dbunit.org/properties/escapePattern=null, http://www.dbunit.org/properties/batchSize=100, http://www.dbunit.org/features/qualifiedTableNames=false, http://www.dbunit.org/properties/tableType=[Ljava.lang.String;@5011bafa, http://www.dbunit.org/properties/resultSetTableFactory=org.dbunit.database.CachedResultSetTableFactory@10bcf083, http://www.dbunit.org/features/datatypeWarning=true}]) - start
192864 [main] TRACE org.dbunit.database.DatabaseConfig  - getFeature(name=http://www.dbunit.org/features/qualifiedTableNames) - start
192864 [main] TRACE org.dbunit.database.DatabaseConfig  - getProperty(name=http://www.dbunit.org/features/qualifiedTableNames) - start
192864 [main] DEBUG org.dbunit.util.QualifiedTableName  - Qualified table names feature is disabled. Returning plain table name
192864 [main] DEBUG org.dbunit.util.QualifiedTableName  - getQualifiedName(prefix=null, name=SCOPEDCONTENTCONDITIONATTRIBUTE, escapePattern=null) - start
192864 [main] DEBUG org.dbunit.database.search.AbstractMetaDataBasedSearchCallback  - newEdge(rs=org.apache.commons.dbcp.DelegatingResultSet@6f268f13, type=1, from=SCOPEDCONTENTCONDITION, to=SCOPEDCONTENTCONDITIONATTRIBUTE, fkColumn=SCOPEDCONTENTCONDITION, pkColumn=ID) - start
192864 [main] DEBUG org.dbunit.database.search.AbstractMetaDataBasedSearchCallback  - createFKEdge(rs=org.apache.commons.dbcp.DelegatingResultSet@6f268f13, type=1, from=SCOPEDCONTENTCONDITION, to=SCOPEDCONTENTCONDITIONATTRIBUTE, fkColumn=SCOPEDCONTENTCONDITION, pkColumn=ID) - start
192864 [main] DEBUG org.dbunit.database.search.AbstractMetaDataBasedSearchCallback  - Adding edge SCOPEDCONTENTCONDITIONATTRIBUTE(SCOPEDCONTENTCONDITION)->SCOPEDCONTENTCONDITION(ID)
192864 [main] DEBUG org.dbunit.util.search.Edge  - compareTo(o=NESTEDSCOPEDCONTENTCONDITIONS(CHILD_CONDITION_ID)->SCOPEDCONTENTCONDITION(ID)) - start
192864 [main] DEBUG org.dbunit.util.QualifiedTableName  - getQualifiedNameIfEnabled(config=org.dbunit.database.DatabaseConfig[, _propertyMap={http://www.dbunit.org/properties/statementFactory=org.dbunit.database.statement.PreparedStatementFactory@626bc2b8, http://www.dbunit.org/features/caseSensitiveTableNames=false, http://www.dbunit.org/properties/fetchSize=100, http://www.dbunit.org/features/batchedStatements=false, http://www.dbunit.org/properties/metadataHandler=org.dbunit.database.DefaultMetadataHandler@3eeace42, http://www.dbunit.org/properties/datatypeFactory=org.dbunit.dataset.datatype.DefaultDataTypeFactory[_toleratedDeltaMap=org.dbunit.dataset.datatype.ToleratedDeltaMap@6452310a], http://www.dbunit.org/properties/escapePattern=null, http://www.dbunit.org/properties/batchSize=100, http://www.dbunit.org/features/qualifiedTableNames=false, http://www.dbunit.org/properties/tableType=[Ljava.lang.String;@5011bafa, http://www.dbunit.org/properties/resultSetTableFactory=org.dbunit.database.CachedResultSetTableFactory@10bcf083, http://www.dbunit.org/features/datatypeWarning=true}]) - start
192864 [main] TRACE org.dbunit.database.DatabaseConfig  - getFeature(name=http://www.dbunit.org/features/qualifiedTableNames) - start
192864 [main] TRACE org.dbunit.database.DatabaseConfig  - getProperty(name=http://www.dbunit.org/features/qualifiedTableNames) - start
192864 [main] DEBUG org.dbunit.util.QualifiedTableName  - Qualified table names feature is disabled. Returning plain table name
192864 [main] DEBUG org.dbunit.util.QualifiedTableName  - getQualifiedName(prefix=null, name=SCOPEDCONTENTCONDITION, escapePattern=null) - start
192864 [main] DEBUG org.dbunit.util.QualifiedTableName  - getQualifiedNameIfEnabled(config=org.dbunit.database.DatabaseConfig[, _propertyMap={http://www.dbunit.org/properties/statementFactory=org.dbunit.database.statement.PreparedStatementFactory@626bc2b8, http://www.dbunit.org/features/caseSensitiveTableNames=false, http://www.dbunit.org/properties/fetchSize=100, http://www.dbunit.org/features/batchedStatements=false, http://www.dbunit.org/properties/metadataHandler=org.dbunit.database.DefaultMetadataHandler@3eeace42, http://www.dbunit.org/properties/datatypeFactory=org.dbunit.dataset.datatype.DefaultDataTypeFactory[_toleratedDeltaMap=org.dbunit.dataset.datatype.ToleratedDeltaMap@6452310a], http://www.dbunit.org/properties/escapePattern=null, http://www.dbunit.org/properties/batchSize=100, http://www.dbunit.org/features/qualifiedTableNames=false, http://www.dbunit.org/properties/tableType=[Ljava.lang.String;@5011bafa, http://www.dbunit.org/properties/resultSetTableFactory=org.dbunit.database.CachedResultSetTableFactory@10bcf083, http://www.dbunit.org/features/datatypeWarning=true}]) - start
192865 [main] TRACE org.dbunit.database.DatabaseConfig  - getFeature(name=http://www.dbunit.org/features/qualifiedTableNames) - start
192865 [main] TRACE org.dbunit.database.DatabaseConfig  - getProperty(name=http://www.dbunit.org/features/qualifiedTableNames) - start
192865 [main] DEBUG org.dbunit.util.QualifiedTableName  - Qualified table names feature is disabled. Returning plain table name
192865 [main] DEBUG org.dbunit.util.QualifiedTableName  - getQualifiedName(prefix=null, name=SCOPEDCONTENTCONDITIONS_SCOPEDCONTENT, escapePattern=null) - start
192865 [main] DEBUG org.dbunit.database.search.AbstractMetaDataBasedSearchCallback  - newEdge(rs=org.apache.commons.dbcp.DelegatingResultSet@6f268f13, type=1, from=SCOPEDCONTENTCONDITION, to=SCOPEDCONTENTCONDITIONS_SCOPEDCONTENT, fkColumn=SCOPED_CONTENT_CONDITION_ID, pkColumn=ID) - start
192865 [main] DEBUG org.dbunit.database.search.AbstractMetaDataBasedSearchCallback  - createFKEdge(rs=org.apache.commons.dbcp.DelegatingResultSet@6f268f13, type=1, from=SCOPEDCONTENTCONDITION, to=SCOPEDCONTENTCONDITIONS_SCOPEDCONTENT, fkColumn=SCOPED_CONTENT_CONDITION_ID, pkColumn=ID) - start
192865 [main] DEBUG org.dbunit.database.search.AbstractMetaDataBasedSearchCallback  - Adding edge SCOPEDCONTENTCONDITIONS_SCOPEDCONTENT(SCOPED_CONTENT_CONDITION_ID)->SCOPEDCONTENTCONDITION(ID)
192865 [main] DEBUG org.dbunit.util.search.Edge  - compareTo(o=NESTEDSCOPEDCONTENTCONDITIONS(CHILD_CONDITION_ID)->SCOPEDCONTENTCONDITION(ID)) - start
192865 [main] DEBUG org.dbunit.util.search.Edge  - compareTo(o=SCOPEDCONTENTCONDITIONATTRIBUTE(SCOPEDCONTENTCONDITION)->SCOPEDCONTENTCONDITION(ID)) - start
192865 [main] DEBUG org.dbunit.util.QualifiedTableName  - getQualifiedNameIfEnabled(config=org.dbunit.database.DatabaseConfig[, _propertyMap={http://www.dbunit.org/properties/statementFactory=org.dbunit.database.statement.PreparedStatementFactory@626bc2b8, http://www.dbunit.org/features/caseSensitiveTableNames=false, http://www.dbunit.org/properties/fetchSize=100, http://www.dbunit.org/features/batchedStatements=false, http://www.dbunit.org/properties/metadataHandler=org.dbunit.database.DefaultMetadataHandler@3eeace42, http://www.dbunit.org/properties/datatypeFactory=org.dbunit.dataset.datatype.DefaultDataTypeFactory[_toleratedDeltaMap=org.dbunit.dataset.datatype.ToleratedDeltaMap@6452310a], http://www.dbunit.org/properties/escapePattern=null, http://www.dbunit.org/properties/batchSize=100, http://www.dbunit.org/features/qualifiedTableNames=false, http://www.dbunit.org/properties/tableType=[Ljava.lang.String;@5011bafa, http://www.dbunit.org/properties/resultSetTableFactory=org.dbunit.database.CachedResultSetTableFactory@10bcf083, http://www.dbunit.org/features/datatypeWarning=true}]) - start
192865 [main] TRACE org.dbunit.database.DatabaseConfig  - getFeature(name=http://www.dbunit.org/features/qualifiedTableNames) - start
192865 [main] TRACE org.dbunit.database.DatabaseConfig  - getProperty(name=http://www.dbunit.org/features/qualifiedTableNames) - start
192865 [main] DEBUG org.dbunit.util.QualifiedTableName  - Qualified table names feature is disabled. Returning plain table name
192865 [main] DEBUG org.dbunit.util.QualifiedTableName  - getQualifiedName(prefix=null, name=SCOPEDCONTENTCONDITION, escapePattern=null) - start
192865 [main] DEBUG org.dbunit.util.QualifiedTableName  - getQualifiedNameIfEnabled(config=org.dbunit.database.DatabaseConfig[, _propertyMap={http://www.dbunit.org/properties/statementFactory=org.dbunit.database.statement.PreparedStatementFactory@626bc2b8, http://www.dbunit.org/features/caseSensitiveTableNames=false, http://www.dbunit.org/properties/fetchSize=100, http://www.dbunit.org/features/batchedStatements=false, http://www.dbunit.org/properties/metadataHandler=org.dbunit.database.DefaultMetadataHandler@3eeace42, http://www.dbunit.org/properties/datatypeFactory=org.dbunit.dataset.datatype.DefaultDataTypeFactory[_toleratedDeltaMap=org.dbunit.dataset.datatype.ToleratedDeltaMap@6452310a], http://www.dbunit.org/properties/escapePattern=null, http://www.dbunit.org/properties/batchSize=100, http://www.dbunit.org/features/qualifiedTableNames=false, http://www.dbunit.org/properties/tableType=[Ljava.lang.String;@5011bafa, http://www.dbunit.org/properties/resultSetTableFactory=org.dbunit.database.CachedResultSetTableFactory@10bcf083, http://www.dbunit.org/features/datatypeWarning=true}]) - start
192865 [main] TRACE org.dbunit.database.DatabaseConfig  - getFeature(name=http://www.dbunit.org/features/qualifiedTableNames) - start
192865 [main] TRACE org.dbunit.database.DatabaseConfig  - getProperty(name=http://www.dbunit.org/features/qualifiedTableNames) - start
192865 [main] DEBUG org.dbunit.util.QualifiedTableName  - Qualified table names feature is disabled. Returning plain table name
192865 [main] DEBUG org.dbunit.util.QualifiedTableName  - getQualifiedName(prefix=null, name=SCOPEDCONTENTCONDITIONS_SCOPEDCONTENTITEM, escapePattern=null) - start
192866 [main] DEBUG org.dbunit.database.search.AbstractMetaDataBasedSearchCallback  - newEdge(rs=org.apache.commons.dbcp.DelegatingResultSet@6f268f13, type=1, from=SCOPEDCONTENTCONDITION, to=SCOPEDCONTENTCONDITIONS_SCOPEDCONTENTITEM, fkColumn=SCOPED_CONTENT_CONDITION_ID, pkColumn=ID) - start
192866 [main] DEBUG org.dbunit.database.search.AbstractMetaDataBasedSearchCallback  - createFKEdge(rs=org.apache.commons.dbcp.DelegatingResultSet@6f268f13, type=1, from=SCOPEDCONTENTCONDITION, to=SCOPEDCONTENTCONDITIONS_SCOPEDCONTENTITEM, fkColumn=SCOPED_CONTENT_CONDITION_ID, pkColumn=ID) - start
192866 [main] DEBUG org.dbunit.database.search.AbstractMetaDataBasedSearchCallback  - Adding edge SCOPEDCONTENTCONDITIONS_SCOPEDCONTENTITEM(SCOPED_CONTENT_CONDITION_ID)->SCOPEDCONTENTCONDITION(ID)
192866 [main] DEBUG org.dbunit.util.search.Edge  - compareTo(o=SCOPEDCONTENTCONDITIONATTRIBUTE(SCOPEDCONTENTCONDITION)->SCOPEDCONTENTCONDITION(ID)) - start
192866 [main] DEBUG org.dbunit.util.search.Edge  - compareTo(o=SCOPEDCONTENTCONDITIONS_SCOPEDCONTENT(SCOPED_CONTENT_CONDITION_ID)->SCOPEDCONTENTCONDITION(ID)) - start
192866 [main] DEBUG org.dbunit.util.SQLHelper  - close(resultSet=org.apache.commons.dbcp.DelegatingResultSet@6f268f13) - start
192866 [main] DEBUG org.dbunit.util.search.DepthFirstSearch  - reverseSearch:NESTEDSCOPEDCONTENTCONDITIONS
192866 [main] DEBUG org.dbunit.database.search.ExportedKeysSearchCallback  - searchNode(node=NESTEDSCOPEDCONTENTCONDITIONS) - start
192866 [main] DEBUG org.dbunit.util.search.DepthFirstSearch  - Pushing (reverse) NESTEDSCOPEDCONTENTCONDITIONS
192866 [main] DEBUG org.dbunit.database.search.ExportedKeysSearchCallback  - getEdges(node=NESTEDSCOPEDCONTENTCONDITIONS) - start
192866 [main] DEBUG org.dbunit.database.search.AbstractMetaDataBasedSearchCallback  - getNodesFromExportedKeys(node=NESTEDSCOPEDCONTENTCONDITIONS) - start
192866 [main] DEBUG org.dbunit.database.search.AbstractMetaDataBasedSearchCallback  - getNodes(type=1, node=NESTEDSCOPEDCONTENTCONDITIONS) - start
192866 [main] DEBUG org.dbunit.database.DatabaseDataSourceConnection  - getConnection() - start
192866 [main] DEBUG org.dbunit.database.search.AbstractMetaDataBasedSearchCallback  - getNodes(type=1, node=NESTEDSCOPEDCONTENTCONDITIONS, conn=Transaction-aware proxy for target Connection [jdbc:hsqldb:mem:kontrollDS, UserName=sw, HSQL Database Engine Driver], schema=null, metaData=org.apache.commons.dbcp.DelegatingDatabaseMetaData@4c7b6167, edges=[]) - start
192866 [main] DEBUG org.dbunit.database.search.AbstractMetaDataBasedSearchCallback  - Getting edges for node NESTEDSCOPEDCONTENTCONDITIONS
192866 [main] TRACE org.dbunit.database.DatabaseConfig  - getProperty(name=http://www.dbunit.org/properties/metadataHandler) - start
192866 [main] TRACE org.dbunit.database.DefaultMetadataHandler  - tableExists(metaData=org.apache.commons.dbcp.DelegatingDatabaseMetaData@4c7b6167, schemaName=null, tableName=NESTEDSCOPEDCONTENTCONDITIONS) - start
192867 [main] DEBUG org.dbunit.util.SQLHelper  - close(resultSet=org.apache.commons.dbcp.DelegatingResultSet@5a6175a2) - start
192868 [main] DEBUG org.dbunit.util.SQLHelper  - close(resultSet=org.apache.commons.dbcp.DelegatingResultSet@2bb5e4c5) - start
192875 [main] DEBUG org.dbunit.util.search.DepthFirstSearch  - reverseSearch:SCOPEDCONTENTCONDITIONATTRIBUTE
192875 [main] DEBUG org.dbunit.database.search.ExportedKeysSearchCallback  - searchNode(node=SCOPEDCONTENTCONDITIONATTRIBUTE) - start
192875 [main] DEBUG org.dbunit.util.search.DepthFirstSearch  - Pushing (reverse) SCOPEDCONTENTCONDITIONATTRIBUTE
192875 [main] DEBUG org.dbunit.util.search.DepthFirstSearch  - reverseSearch:SCOPEDCONTENTCONDITIONS_SCOPEDCONTENT
192875 [main] DEBUG org.dbunit.database.search.ExportedKeysSearchCallback  - searchNode(node=SCOPEDCONTENTCONDITIONS_SCOPEDCONTENT) - start
192875 [main] DEBUG org.dbunit.util.search.DepthFirstSearch  - Pushing (reverse) SCOPEDCONTENTCONDITIONS_SCOPEDCONTENT
192875 [main] DEBUG org.dbunit.util.search.DepthFirstSearch  - reverseSearch:SCOPEDCONTENTCONDITIONS_SCOPEDCONTENTITEM
192875 [main] DEBUG org.dbunit.database.search.ExportedKeysSearchCallback  - searchNode(node=SCOPEDCONTENTCONDITIONS_SCOPEDCONTENTITEM) - start
192875 [main] DEBUG org.dbunit.util.search.DepthFirstSearch  - Pushing (reverse) SCOPEDCONTENTCONDITIONS_SCOPEDCONTENTITEM
192875 [main] DEBUG org.dbunit.util.search.DepthFirstSearch  - search:NESTEDSCOPEDCONTENTCONDITIONS
192875 [main] DEBUG org.dbunit.database.search.ExportedKeysSearchCallback  - searchNode(node=NESTEDSCOPEDCONTENTCONDITIONS) - start
192875 [main] DEBUG org.dbunit.util.search.DepthFirstSearch  - Pushing NESTEDSCOPEDCONTENTCONDITIONS
192875 [main] DEBUG org.dbunit.database.search.ExportedKeysSearchCallback  - getEdges(node=NESTEDSCOPEDCONTENTCONDITIONS) - start
192875 [main] DEBUG org.dbunit.database.search.AbstractMetaDataBasedSearchCallback  - getNodesFromExportedKeys(node=NESTEDSCOPEDCONTENTCONDITIONS) - start
192875 [main] DEBUG org.dbunit.database.search.AbstractMetaDataBasedSearchCallback  - getNodes(type=1, node=NESTEDSCOPEDCONTENTCONDITIONS) - start
192875 [main] DEBUG org.dbunit.database.DatabaseDataSourceConnection  - getConnection() - start
192875 [main] DEBUG org.dbunit.database.search.AbstractMetaDataBasedSearchCallback  - getNodes(type=1, node=NESTEDSCOPEDCONTENTCONDITIONS, conn=Transaction-aware proxy for target Connection [jdbc:hsqldb:mem:kontrollDS, UserName=sw, HSQL Database Engine Driver], schema=null, metaData=org.apache.commons.dbcp.DelegatingDatabaseMetaData@32be57ee, edges=[]) - start
192875 [main] DEBUG org.dbunit.database.search.AbstractMetaDataBasedSearchCallback  - Getting edges for node NESTEDSCOPEDCONTENTCONDITIONS
192875 [main] TRACE org.dbunit.database.DatabaseConfig  - getProperty(name=http://www.dbunit.org/properties/metadataHandler) - start
192875 [main] TRACE org.dbunit.database.DefaultMetadataHandler  - tableExists(metaData=org.apache.commons.dbcp.DelegatingDatabaseMetaData@32be57ee, schemaName=null, tableName=NESTEDSCOPEDCONTENTCONDITIONS) - start
192877 [main] DEBUG org.dbunit.util.SQLHelper  - close(resultSet=org.apache.commons.dbcp.DelegatingResultSet@4cbd6ba4) - start
192877 [main] DEBUG org.dbunit.util.SQLHelper  - close(resultSet=org.apache.commons.dbcp.DelegatingResultSet@6de59ade) - start
192877 [main] DEBUG org.dbunit.util.search.DepthFirstSearch  - Adding node NESTEDSCOPEDCONTENTCONDITIONS to the final result
192877 [main] DEBUG org.dbunit.util.search.DepthFirstSearch  - search:SCOPEDCONTENTCONDITIONATTRIBUTE
192877 [main] DEBUG org.dbunit.database.search.ExportedKeysSearchCallback  - searchNode(node=SCOPEDCONTENTCONDITIONATTRIBUTE) - start
192877 [main] DEBUG org.dbunit.util.search.DepthFirstSearch  - Pushing SCOPEDCONTENTCONDITIONATTRIBUTE
192877 [main] DEBUG org.dbunit.database.search.ExportedKeysSearchCallback  - getEdges(node=SCOPEDCONTENTCONDITIONATTRIBUTE) - start
192877 [main] DEBUG org.dbunit.database.search.AbstractMetaDataBasedSearchCallback  - getNodesFromExportedKeys(node=SCOPEDCONTENTCONDITIONATTRIBUTE) - start
192877 [main] DEBUG org.dbunit.database.search.AbstractMetaDataBasedSearchCallback  - getNodes(type=1, node=SCOPEDCONTENTCONDITIONATTRIBUTE) - start
192877 [main] DEBUG org.dbunit.database.DatabaseDataSourceConnection  - getConnection() - start
192877 [main] DEBUG org.dbunit.database.search.AbstractMetaDataBasedSearchCallback  - getNodes(type=1, node=SCOPEDCONTENTCONDITIONATTRIBUTE, conn=Transaction-aware proxy for target Connection [jdbc:hsqldb:mem:kontrollDS, UserName=sw, HSQL Database Engine Driver], schema=null, metaData=org.apache.commons.dbcp.DelegatingDatabaseMetaData@7d1a9d2f, edges=[]) - start
192877 [main] DEBUG org.dbunit.database.search.AbstractMetaDataBasedSearchCallback  - Getting edges for node SCOPEDCONTENTCONDITIONATTRIBUTE
192877 [main] TRACE org.dbunit.database.DatabaseConfig  - getProperty(name=http://www.dbunit.org/properties/metadataHandler) - start
192877 [main] TRACE org.dbunit.database.DefaultMetadataHandler  - tableExists(metaData=org.apache.commons.dbcp.DelegatingDatabaseMetaData@7d1a9d2f, schemaName=null, tableName=SCOPEDCONTENTCONDITIONATTRIBUTE) - start
192878 [main] DEBUG org.dbunit.util.SQLHelper  - close(resultSet=org.apache.commons.dbcp.DelegatingResultSet@336954ff) - start
192878 [main] DEBUG org.dbunit.util.SQLHelper  - close(resultSet=org.apache.commons.dbcp.DelegatingResultSet@47580075) - start
192878 [main] DEBUG org.dbunit.util.search.DepthFirstSearch  - Adding node SCOPEDCONTENTCONDITIONATTRIBUTE to the final result
192878 [main] DEBUG org.dbunit.util.search.DepthFirstSearch  - search:SCOPEDCONTENTCONDITIONS_SCOPEDCONTENT
192878 [main] DEBUG org.dbunit.database.search.ExportedKeysSearchCallback  - searchNode(node=SCOPEDCONTENTCONDITIONS_SCOPEDCONTENT) - start
192878 [main] DEBUG org.dbunit.util.search.DepthFirstSearch  - Pushing SCOPEDCONTENTCONDITIONS_SCOPEDCONTENT
192878 [main] DEBUG org.dbunit.database.search.ExportedKeysSearchCallback  - getEdges(node=SCOPEDCONTENTCONDITIONS_SCOPEDCONTENT) - start
192881 [main] DEBUG org.dbunit.database.search.AbstractMetaDataBasedSearchCallback  - getNodesFromExportedKeys(node=SCOPEDCONTENTCONDITIONS_SCOPEDCONTENT) - start
192881 [main] DEBUG org.dbunit.database.search.AbstractMetaDataBasedSearchCallback  - getNodes(type=1, node=SCOPEDCONTENTCONDITIONS_SCOPEDCONTENT) - start
192881 [main] DEBUG org.dbunit.database.DatabaseDataSourceConnection  - getConnection() - start
192881 [main] DEBUG org.dbunit.database.search.AbstractMetaDataBasedSearchCallback  - getNodes(type=1, node=SCOPEDCONTENTCONDITIONS_SCOPEDCONTENT, conn=Transaction-aware proxy for target Connection [jdbc:hsqldb:mem:kontrollDS, UserName=sw, HSQL Database Engine Driver], schema=null, metaData=org.apache.commons.dbcp.DelegatingDatabaseMetaData@628625ea, edges=[]) - start
192881 [main] DEBUG org.dbunit.database.search.AbstractMetaDataBasedSearchCallback  - Getting edges for node SCOPEDCONTENTCONDITIONS_SCOPEDCONTENT
192881 [main] TRACE org.dbunit.database.DatabaseConfig  - getProperty(name=http://www.dbunit.org/properties/metadataHandler) - start
192881 [main] TRACE org.dbunit.database.DefaultMetadataHandler  - tableExists(metaData=org.apache.commons.dbcp.DelegatingDatabaseMetaData@628625ea, schemaName=null, tableName=SCOPEDCONTENTCONDITIONS_SCOPEDCONTENT) - start
192882 [main] DEBUG org.dbunit.util.SQLHelper  - close(resultSet=org.apache.commons.dbcp.DelegatingResultSet@3725fad) - start
192882 [main] DEBUG org.dbunit.util.SQLHelper  - close(resultSet=org.apache.commons.dbcp.DelegatingResultSet@736b54a0) - start
192882 [main] DEBUG org.dbunit.util.search.DepthFirstSearch  - Adding node SCOPEDCONTENTCONDITIONS_SCOPEDCONTENT to the final result
192882 [main] DEBUG org.dbunit.util.search.DepthFirstSearch  - search:SCOPEDCONTENTCONDITIONS_SCOPEDCONTENTITEM
192882 [main] DEBUG org.dbunit.database.search.ExportedKeysSearchCallback  - searchNode(node=SCOPEDCONTENTCONDITIONS_SCOPEDCONTENTITEM) - start
192882 [main] DEBUG org.dbunit.util.search.DepthFirstSearch  - Pushing SCOPEDCONTENTCONDITIONS_SCOPEDCONTENTITEM
192882 [main] DEBUG org.dbunit.database.search.ExportedKeysSearchCallback  - getEdges(node=SCOPEDCONTENTCONDITIONS_SCOPEDCONTENTITEM) - start
192882 [main] DEBUG org.dbunit.database.search.AbstractMetaDataBasedSearchCallback  - getNodesFromExportedKeys(node=SCOPEDCONTENTCONDITIONS_SCOPEDCONTENTITEM) - start
192882 [main] DEBUG org.dbunit.database.search.AbstractMetaDataBasedSearchCallback  - getNodes(type=1, node=SCOPEDCONTENTCONDITIONS_SCOPEDCONTENTITEM) - start
192882 [main] DEBUG org.dbunit.database.DatabaseDataSourceConnection  - getConnection() - start
192882 [main] DEBUG org.dbunit.database.search.AbstractMetaDataBasedSearchCallback  - getNodes(type=1, node=SCOPEDCONTENTCONDITIONS_SCOPEDCONTENTITEM, conn=Transaction-aware proxy for target Connection [jdbc:hsqldb:mem:kontrollDS, UserName=sw, HSQL Database Engine Driver], schema=null, metaData=org.apache.commons.dbcp.DelegatingDatabaseMetaData@b810f93, edges=[]) - start
192883 [main] DEBUG org.dbunit.database.search.AbstractMetaDataBasedSearchCallback  - Getting edges for node SCOPEDCONTENTCONDITIONS_SCOPEDCONTENTITEM
192883 [main] TRACE org.dbunit.database.DatabaseConfig  - getProperty(name=http://www.dbunit.org/properties/metadataHandler) - start
192883 [main] TRACE org.dbunit.database.DefaultMetadataHandler  - tableExists(metaData=org.apache.commons.dbcp.DelegatingDatabaseMetaData@b810f93, schemaName=null, tableName=SCOPEDCONTENTCONDITIONS_SCOPEDCONTENTITEM) - start
192884 [main] DEBUG org.dbunit.util.SQLHelper  - close(resultSet=org.apache.commons.dbcp.DelegatingResultSet@486c5a67) - start
192884 [main] DEBUG org.dbunit.util.SQLHelper  - close(resultSet=org.apache.commons.dbcp.DelegatingResultSet@461d32c4) - start
192884 [main] DEBUG org.dbunit.util.search.DepthFirstSearch  - Adding node SCOPEDCONTENTCONDITIONS_SCOPEDCONTENTITEM to the final result
192886 [main] DEBUG org.dbunit.util.search.DepthFirstSearch  - search:SCOPEDCONTENTCONDITION
192886 [main] DEBUG org.dbunit.database.search.ExportedKeysSearchCallback  - searchNode(node=SCOPEDCONTENTCONDITION) - start
192886 [main] DEBUG org.dbunit.util.search.DepthFirstSearch  - Pushing SCOPEDCONTENTCONDITION
192886 [main] DEBUG org.dbunit.database.search.ExportedKeysSearchCallback  - getEdges(node=SCOPEDCONTENTCONDITION) - start
192886 [main] DEBUG org.dbunit.database.search.AbstractMetaDataBasedSearchCallback  - getNodesFromExportedKeys(node=SCOPEDCONTENTCONDITION) - start
192886 [main] DEBUG org.dbunit.database.search.AbstractMetaDataBasedSearchCallback  - getNodes(type=1, node=SCOPEDCONTENTCONDITION) - start
192886 [main] DEBUG org.dbunit.database.DatabaseDataSourceConnection  - getConnection() - start
192886 [main] DEBUG org.dbunit.database.search.AbstractMetaDataBasedSearchCallback  - getNodes(type=1, node=SCOPEDCONTENTCONDITION, conn=Transaction-aware proxy for target Connection [jdbc:hsqldb:mem:kontrollDS, UserName=sw, HSQL Database Engine Driver], schema=null, metaData=org.apache.commons.dbcp.DelegatingDatabaseMetaData@26f005d2, edges=[]) - start
192886 [main] DEBUG org.dbunit.database.search.AbstractMetaDataBasedSearchCallback  - Getting edges for node SCOPEDCONTENTCONDITION
192886 [main] TRACE org.dbunit.database.DatabaseConfig  - getProperty(name=http://www.dbunit.org/properties/metadataHandler) - start
192886 [main] TRACE org.dbunit.database.DefaultMetadataHandler  - tableExists(metaData=org.apache.commons.dbcp.DelegatingDatabaseMetaData@26f005d2, schemaName=null, tableName=SCOPEDCONTENTCONDITION) - start
192894 [main] DEBUG org.dbunit.util.SQLHelper  - close(resultSet=org.apache.commons.dbcp.DelegatingResultSet@bf23aa4) - start
192894 [main] DEBUG org.dbunit.util.QualifiedTableName  - getQualifiedNameIfEnabled(config=org.dbunit.database.DatabaseConfig[, _propertyMap={http://www.dbunit.org/properties/statementFactory=org.dbunit.database.statement.PreparedStatementFactory@626bc2b8, http://www.dbunit.org/features/caseSensitiveTableNames=false, http://www.dbunit.org/properties/fetchSize=100, http://www.dbunit.org/features/batchedStatements=false, http://www.dbunit.org/properties/metadataHandler=org.dbunit.database.DefaultMetadataHandler@3eeace42, http://www.dbunit.org/properties/datatypeFactory=org.dbunit.dataset.datatype.DefaultDataTypeFactory[_toleratedDeltaMap=org.dbunit.dataset.datatype.ToleratedDeltaMap@6452310a], http://www.dbunit.org/properties/escapePattern=null, http://www.dbunit.org/properties/batchSize=100, http://www.dbunit.org/features/qualifiedTableNames=false, http://www.dbunit.org/properties/tableType=[Ljava.lang.String;@5011bafa, http://www.dbunit.org/properties/resultSetTableFactory=org.dbunit.database.CachedResultSetTableFactory@10bcf083, http://www.dbunit.org/features/datatypeWarning=true}]) - start
192894 [main] TRACE org.dbunit.database.DatabaseConfig  - getFeature(name=http://www.dbunit.org/features/qualifiedTableNames) - start
192894 [main] TRACE org.dbunit.database.DatabaseConfig  - getProperty(name=http://www.dbunit.org/features/qualifiedTableNames) - start
192894 [main] DEBUG org.dbunit.util.QualifiedTableName  - Qualified table names feature is disabled. Returning plain table name
192894 [main] DEBUG org.dbunit.util.QualifiedTableName  - getQualifiedName(prefix=null, name=SCOPEDCONTENTCONDITION, escapePattern=null) - start
192894 [main] DEBUG org.dbunit.util.QualifiedTableName  - getQualifiedNameIfEnabled(config=org.dbunit.database.DatabaseConfig[, _propertyMap={http://www.dbunit.org/properties/statementFactory=org.dbunit.database.statement.PreparedStatementFactory@626bc2b8, http://www.dbunit.org/features/caseSensitiveTableNames=false, http://www.dbunit.org/properties/fetchSize=100, http://www.dbunit.org/features/batchedStatements=false, http://www.dbunit.org/properties/metadataHandler=org.dbunit.database.DefaultMetadataHandler@3eeace42, http://www.dbunit.org/properties/datatypeFactory=org.dbunit.dataset.datatype.DefaultDataTypeFactory[_toleratedDeltaMap=org.dbunit.dataset.datatype.ToleratedDeltaMap@6452310a], http://www.dbunit.org/properties/escapePattern=null, http://www.dbunit.org/properties/batchSize=100, http://www.dbunit.org/features/qualifiedTableNames=false, http://www.dbunit.org/properties/tableType=[Ljava.lang.String;@5011bafa, http://www.dbunit.org/properties/resultSetTableFactory=org.dbunit.database.CachedResultSetTableFactory@10bcf083, http://www.dbunit.org/features/datatypeWarning=true}]) - start
192894 [main] TRACE org.dbunit.database.DatabaseConfig  - getFeature(name=http://www.dbunit.org/features/qualifiedTableNames) - start
192894 [main] TRACE org.dbunit.database.DatabaseConfig  - getProperty(name=http://www.dbunit.org/features/qualifiedTableNames) - start
192894 [main] DEBUG org.dbunit.util.QualifiedTableName  - Qualified table names feature is disabled. Returning plain table name
192894 [main] DEBUG org.dbunit.util.QualifiedTableName  - getQualifiedName(prefix=null, name=NESTEDSCOPEDCONTENTCONDITIONS, escapePattern=null) - start
192894 [main] DEBUG org.dbunit.database.search.AbstractMetaDataBasedSearchCallback  - newEdge(rs=org.apache.commons.dbcp.DelegatingResultSet@66fca232, type=1, from=SCOPEDCONTENTCONDITION, to=NESTEDSCOPEDCONTENTCONDITIONS, fkColumn=CHILD_CONDITION_ID, pkColumn=ID) - start
192894 [main] DEBUG org.dbunit.database.search.AbstractMetaDataBasedSearchCallback  - createFKEdge(rs=org.apache.commons.dbcp.DelegatingResultSet@66fca232, type=1, from=SCOPEDCONTENTCONDITION, to=NESTEDSCOPEDCONTENTCONDITIONS, fkColumn=CHILD_CONDITION_ID, pkColumn=ID) - start
192895 [main] DEBUG org.dbunit.database.search.AbstractMetaDataBasedSearchCallback  - Adding edge NESTEDSCOPEDCONTENTCONDITIONS(CHILD_CONDITION_ID)->SCOPEDCONTENTCONDITION(ID)
192895 [main] DEBUG org.dbunit.util.search.Edge  - compareTo(o=NESTEDSCOPEDCONTENTCONDITIONS(CHILD_CONDITION_ID)->SCOPEDCONTENTCONDITION(ID)) - start
192895 [main] DEBUG org.dbunit.util.QualifiedTableName  - getQualifiedNameIfEnabled(config=org.dbunit.database.DatabaseConfig[, _propertyMap={http://www.dbunit.org/properties/statementFactory=org.dbunit.database.statement.PreparedStatementFactory@626bc2b8, http://www.dbunit.org/features/caseSensitiveTableNames=false, http://www.dbunit.org/properties/fetchSize=100, http://www.dbunit.org/features/batchedStatements=false, http://www.dbunit.org/properties/metadataHandler=org.dbunit.database.DefaultMetadataHandler@3eeace42, http://www.dbunit.org/properties/datatypeFactory=org.dbunit.dataset.datatype.DefaultDataTypeFactory[_toleratedDeltaMap=org.dbunit.dataset.datatype.ToleratedDeltaMap@6452310a], http://www.dbunit.org/properties/escapePattern=null, http://www.dbunit.org/properties/batchSize=100, http://www.dbunit.org/features/qualifiedTableNames=false, http://www.dbunit.org/properties/tableType=[Ljava.lang.String;@5011bafa, http://www.dbunit.org/properties/resultSetTableFactory=org.dbunit.database.CachedResultSetTableFactory@10bcf083, http://www.dbunit.org/features/datatypeWarning=true}]) - start
192895 [main] TRACE org.dbunit.database.DatabaseConfig  - getFeature(name=http://www.dbunit.org/features/qualifiedTableNames) - start
192895 [main] TRACE org.dbunit.database.DatabaseConfig  - getProperty(name=http://www.dbunit.org/features/qualifiedTableNames) - start
192895 [main] DEBUG org.dbunit.util.QualifiedTableName  - Qualified table names feature is disabled. Returning plain table name
192895 [main] DEBUG org.dbunit.util.QualifiedTableName  - getQualifiedName(prefix=null, name=SCOPEDCONTENTCONDITION, escapePattern=null) - start
192895 [main] DEBUG org.dbunit.util.QualifiedTableName  - getQualifiedNameIfEnabled(config=org.dbunit.database.DatabaseConfig[, _propertyMap={http://www.dbunit.org/properties/statementFactory=org.dbunit.database.statement.PreparedStatementFactory@626bc2b8, http://www.dbunit.org/features/caseSensitiveTableNames=false, http://www.dbunit.org/properties/fetchSize=100, http://www.dbunit.org/features/batchedStatements=false, http://www.dbunit.org/properties/metadataHandler=org.dbunit.database.DefaultMetadataHandler@3eeace42, http://www.dbunit.org/properties/datatypeFactory=org.dbunit.dataset.datatype.DefaultDataTypeFactory[_toleratedDeltaMap=org.dbunit.dataset.datatype.ToleratedDeltaMap@6452310a], http://www.dbunit.org/properties/escapePattern=null, http://www.dbunit.org/properties/batchSize=100, http://www.dbunit.org/features/qualifiedTableNames=false, http://www.dbunit.org/properties/tableType=[Ljava.lang.String;@5011bafa, http://www.dbunit.org/properties/resultSetTableFactory=org.dbunit.database.CachedResultSetTableFactory@10bcf083, http://www.dbunit.org/features/datatypeWarning=true}]) - start
192895 [main] TRACE org.dbunit.database.DatabaseConfig  - getFeature(name=http://www.dbunit.org/features/qualifiedTableNames) - start
192895 [main] TRACE org.dbunit.database.DatabaseConfig  - getProperty(name=http://www.dbunit.org/features/qualifiedTableNames) - start
192895 [main] DEBUG org.dbunit.util.QualifiedTableName  - Qualified table names feature is disabled. Returning plain table name
192895 [main] DEBUG org.dbunit.util.QualifiedTableName  - getQualifiedName(prefix=null, name=NESTEDSCOPEDCONTENTCONDITIONS, escapePattern=null) - start
192896 [main] DEBUG org.dbunit.database.search.AbstractMetaDataBasedSearchCallback  - newEdge(rs=org.apache.commons.dbcp.DelegatingResultSet@66fca232, type=1, from=SCOPEDCONTENTCONDITION, to=NESTEDSCOPEDCONTENTCONDITIONS, fkColumn=PARENT_CONDITION_ID, pkColumn=ID) - start
192896 [main] DEBUG org.dbunit.database.search.AbstractMetaDataBasedSearchCallback  - createFKEdge(rs=org.apache.commons.dbcp.DelegatingResultSet@66fca232, type=1, from=SCOPEDCONTENTCONDITION, to=NESTEDSCOPEDCONTENTCONDITIONS, fkColumn=PARENT_CONDITION_ID, pkColumn=ID) - start
192896 [main] DEBUG org.dbunit.database.search.AbstractMetaDataBasedSearchCallback  - Adding edge NESTEDSCOPEDCONTENTCONDITIONS(PARENT_CONDITION_ID)->SCOPEDCONTENTCONDITION(ID)
192896 [main] DEBUG org.dbunit.util.search.Edge  - compareTo(o=NESTEDSCOPEDCONTENTCONDITIONS(CHILD_CONDITION_ID)->SCOPEDCONTENTCONDITION(ID)) - start
192896 [main] DEBUG org.dbunit.util.QualifiedTableName  - getQualifiedNameIfEnabled(config=org.dbunit.database.DatabaseConfig[, _propertyMap={http://www.dbunit.org/properties/statementFactory=org.dbunit.database.statement.PreparedStatementFactory@626bc2b8, http://www.dbunit.org/features/caseSensitiveTableNames=false, http://www.dbunit.org/properties/fetchSize=100, http://www.dbunit.org/features/batchedStatements=false, http://www.dbunit.org/properties/metadataHandler=org.dbunit.database.DefaultMetadataHandler@3eeace42, http://www.dbunit.org/properties/datatypeFactory=org.dbunit.dataset.datatype.DefaultDataTypeFactory[_toleratedDeltaMap=org.dbunit.dataset.datatype.ToleratedDeltaMap@6452310a], http://www.dbunit.org/properties/escapePattern=null, http://www.dbunit.org/properties/batchSize=100, http://www.dbunit.org/features/qualifiedTableNames=false, http://www.dbunit.org/properties/tableType=[Ljava.lang.String;@5011bafa, http://www.dbunit.org/properties/resultSetTableFactory=org.dbunit.database.CachedResultSetTableFactory@10bcf083, http://www.dbunit.org/features/datatypeWarning=true}]) - start
192896 [main] TRACE org.dbunit.database.DatabaseConfig  - getFeature(name=http://www.dbunit.org/features/qualifiedTableNames) - start
192896 [main] TRACE org.dbunit.database.DatabaseConfig  - getProperty(name=http://www.dbunit.org/features/qualifiedTableNames) - start
192896 [main] DEBUG org.dbunit.util.QualifiedTableName  - Qualified table names feature is disabled. Returning plain table name
192896 [main] DEBUG org.dbunit.util.QualifiedTableName  - getQualifiedName(prefix=null, name=SCOPEDCONTENTCONDITION, escapePattern=null) - start
192896 [main] DEBUG org.dbunit.util.QualifiedTableName  - getQualifiedNameIfEnabled(config=org.dbunit.database.DatabaseConfig[, _propertyMap={http://www.dbunit.org/properties/statementFactory=org.dbunit.database.statement.PreparedStatementFactory@626bc2b8, http://www.dbunit.org/features/caseSensitiveTableNames=false, http://www.dbunit.org/properties/fetchSize=100, http://www.dbunit.org/features/batchedStatements=false, http://www.dbunit.org/properties/metadataHandler=org.dbunit.database.DefaultMetadataHandler@3eeace42, http://www.dbunit.org/properties/datatypeFactory=org.dbunit.dataset.datatype.DefaultDataTypeFactory[_toleratedDeltaMap=org.dbunit.dataset.datatype.ToleratedDeltaMap@6452310a], http://www.dbunit.org/properties/escapePattern=null, http://www.dbunit.org/properties/batchSize=100, http://www.dbunit.org/features/qualifiedTableNames=false, http://www.dbunit.org/properties/tableType=[Ljava.lang.String;@5011bafa, http://www.dbunit.org/properties/resultSetTableFactory=org.dbunit.database.CachedResultSetTableFactory@10bcf083, http://www.dbunit.org/features/datatypeWarning=true}]) - start
192896 [main] TRACE org.dbunit.database.DatabaseConfig  - getFeature(name=http://www.dbunit.org/features/qualifiedTableNames) - start
192896 [main] TRACE org.dbunit.database.DatabaseConfig  - getProperty(name=http://www.dbunit.org/features/qualifiedTableNames) - start
192896 [main] DEBUG org.dbunit.util.QualifiedTableName  - Qualified table names feature is disabled. Returning plain table name
192896 [main] DEBUG org.dbunit.util.QualifiedTableName  - getQualifiedName(prefix=null, name=SCOPEDCONTENTCONDITIONATTRIBUTE, escapePattern=null) - start
192896 [main] DEBUG org.dbunit.database.search.AbstractMetaDataBasedSearchCallback  - newEdge(rs=org.apache.commons.dbcp.DelegatingResultSet@66fca232, type=1, from=SCOPEDCONTENTCONDITION, to=SCOPEDCONTENTCONDITIONATTRIBUTE, fkColumn=SCOPEDCONTENTCONDITION, pkColumn=ID) - start
192901 [main] DEBUG org.dbunit.database.search.AbstractMetaDataBasedSearchCallback  - createFKEdge(rs=org.apache.commons.dbcp.DelegatingResultSet@66fca232, type=1, from=SCOPEDCONTENTCONDITION, to=SCOPEDCONTENTCONDITIONATTRIBUTE, fkColumn=SCOPEDCONTENTCONDITION, pkColumn=ID) - start
192901 [main] DEBUG org.dbunit.database.search.AbstractMetaDataBasedSearchCallback  - Adding edge SCOPEDCONTENTCONDITIONATTRIBUTE(SCOPEDCONTENTCONDITION)->SCOPEDCONTENTCONDITION(ID)
192901 [main] DEBUG org.dbunit.util.search.Edge  - compareTo(o=NESTEDSCOPEDCONTENTCONDITIONS(CHILD_CONDITION_ID)->SCOPEDCONTENTCONDITION(ID)) - start
192901 [main] DEBUG org.dbunit.util.QualifiedTableName  - getQualifiedNameIfEnabled(config=org.dbunit.database.DatabaseConfig[, _propertyMap={http://www.dbunit.org/properties/statementFactory=org.dbunit.database.statement.PreparedStatementFactory@626bc2b8, http://www.dbunit.org/features/caseSensitiveTableNames=false, http://www.dbunit.org/properties/fetchSize=100, http://www.dbunit.org/features/batchedStatements=false, http://www.dbunit.org/properties/metadataHandler=org.dbunit.database.DefaultMetadataHandler@3eeace42, http://www.dbunit.org/properties/datatypeFactory=org.dbunit.dataset.datatype.DefaultDataTypeFactory[_toleratedDeltaMap=org.dbunit.dataset.datatype.ToleratedDeltaMap@6452310a], http://www.dbunit.org/properties/escapePattern=null, http://www.dbunit.org/properties/batchSize=100, http://www.dbunit.org/features/qualifiedTableNames=false, http://www.dbunit.org/properties/tableType=[Ljava.lang.String;@5011bafa, http://www.dbunit.org/properties/resultSetTableFactory=org.dbunit.database.CachedResultSetTableFactory@10bcf083, http://www.dbunit.org/features/datatypeWarning=true}]) - start
192901 [main] TRACE org.dbunit.database.DatabaseConfig  - getFeature(name=http://www.dbunit.org/features/qualifiedTableNames) - start
192901 [main] TRACE org.dbunit.database.DatabaseConfig  - getProperty(name=http://www.dbunit.org/features/qualifiedTableNames) - start
192901 [main] DEBUG org.dbunit.util.QualifiedTableName  - Qualified table names feature is disabled. Returning plain table name
192901 [main] DEBUG org.dbunit.util.QualifiedTableName  - getQualifiedName(prefix=null, name=SCOPEDCONTENTCONDITION, escapePattern=null) - start
192901 [main] DEBUG org.dbunit.util.QualifiedTableName  - getQualifiedNameIfEnabled(config=org.dbunit.database.DatabaseConfig[, _propertyMap={http://www.dbunit.org/properties/statementFactory=org.dbunit.database.statement.PreparedStatementFactory@626bc2b8, http://www.dbunit.org/features/caseSensitiveTableNames=false, http://www.dbunit.org/properties/fetchSize=100, http://www.dbunit.org/features/batchedStatements=false, http://www.dbunit.org/properties/metadataHandler=org.dbunit.database.DefaultMetadataHandler@3eeace42, http://www.dbunit.org/properties/datatypeFactory=org.dbunit.dataset.datatype.DefaultDataTypeFactory[_toleratedDeltaMap=org.dbunit.dataset.datatype.ToleratedDeltaMap@6452310a], http://www.dbunit.org/properties/escapePattern=null, http://www.dbunit.org/properties/batchSize=100, http://www.dbunit.org/features/qualifiedTableNames=false, http://www.dbunit.org/properties/tableType=[Ljava.lang.String;@5011bafa, http://www.dbunit.org/properties/resultSetTableFactory=org.dbunit.database.CachedResultSetTableFactory@10bcf083, http://www.dbunit.org/features/datatypeWarning=true}]) - start
192901 [main] TRACE org.dbunit.database.DatabaseConfig  - getFeature(name=http://www.dbunit.org/features/qualifiedTableNames) - start
192901 [main] TRACE org.dbunit.database.DatabaseConfig  - getProperty(name=http://www.dbunit.org/features/qualifiedTableNames) - start
192901 [main] DEBUG org.dbunit.util.QualifiedTableName  - Qualified table names feature is disabled. Returning plain table name
192901 [main] DEBUG org.dbunit.util.QualifiedTableName  - getQualifiedName(prefix=null, name=SCOPEDCONTENTCONDITIONS_SCOPEDCONTENT, escapePattern=null) - start
192901 [main] DEBUG org.dbunit.database.search.AbstractMetaDataBasedSearchCallback  - newEdge(rs=org.apache.commons.dbcp.DelegatingResultSet@66fca232, type=1, from=SCOPEDCONTENTCONDITION, to=SCOPEDCONTENTCONDITIONS_SCOPEDCONTENT, fkColumn=SCOPED_CONTENT_CONDITION_ID, pkColumn=ID) - start
192901 [main] DEBUG org.dbunit.database.search.AbstractMetaDataBasedSearchCallback  - createFKEdge(rs=org.apache.commons.dbcp.DelegatingResultSet@66fca232, type=1, from=SCOPEDCONTENTCONDITION, to=SCOPEDCONTENTCONDITIONS_SCOPEDCONTENT, fkColumn=SCOPED_CONTENT_CONDITION_ID, pkColumn=ID) - start
192901 [main] DEBUG org.dbunit.database.search.AbstractMetaDataBasedSearchCallback  - Adding edge SCOPEDCONTENTCONDITIONS_SCOPEDCONTENT(SCOPED_CONTENT_CONDITION_ID)->SCOPEDCONTENTCONDITION(ID)
192901 [main] DEBUG org.dbunit.util.search.Edge  - compareTo(o=NESTEDSCOPEDCONTENTCONDITIONS(CHILD_CONDITION_ID)->SCOPEDCONTENTCONDITION(ID)) - start
192901 [main] DEBUG org.dbunit.util.search.Edge  - compareTo(o=SCOPEDCONTENTCONDITIONATTRIBUTE(SCOPEDCONTENTCONDITION)->SCOPEDCONTENTCONDITION(ID)) - start
192901 [main] DEBUG org.dbunit.util.QualifiedTableName  - getQualifiedNameIfEnabled(config=org.dbunit.database.DatabaseConfig[, _propertyMap={http://www.dbunit.org/properties/statementFactory=org.dbunit.database.statement.PreparedStatementFactory@626bc2b8, http://www.dbunit.org/features/caseSensitiveTableNames=false, http://www.dbunit.org/properties/fetchSize=100, http://www.dbunit.org/features/batchedStatements=false, http://www.dbunit.org/properties/metadataHandler=org.dbunit.database.DefaultMetadataHandler@3eeace42, http://www.dbunit.org/properties/datatypeFactory=org.dbunit.dataset.datatype.DefaultDataTypeFactory[_toleratedDeltaMap=org.dbunit.dataset.datatype.ToleratedDeltaMap@6452310a], http://www.dbunit.org/properties/escapePattern=null, http://www.dbunit.org/properties/batchSize=100, http://www.dbunit.org/features/qualifiedTableNames=false, http://www.dbunit.org/properties/tableType=[Ljava.lang.String;@5011bafa, http://www.dbunit.org/properties/resultSetTableFactory=org.dbunit.database.CachedResultSetTableFactory@10bcf083, http://www.dbunit.org/features/datatypeWarning=true}]) - start
192902 [main] TRACE org.dbunit.database.DatabaseConfig  - getFeature(name=http://www.dbunit.org/features/qualifiedTableNames) - start
192902 [main] TRACE org.dbunit.database.DatabaseConfig  - getProperty(name=http://www.dbunit.org/features/qualifiedTableNames) - start
192902 [main] DEBUG org.dbunit.util.QualifiedTableName  - Qualified table names feature is disabled. Returning plain table name
192902 [main] DEBUG org.dbunit.util.QualifiedTableName  - getQualifiedName(prefix=null, name=SCOPEDCONTENTCONDITION, escapePattern=null) - start
192902 [main] DEBUG org.dbunit.util.QualifiedTableName  - getQualifiedNameIfEnabled(config=org.dbunit.database.DatabaseConfig[, _propertyMap={http://www.dbunit.org/properties/statementFactory=org.dbunit.database.statement.PreparedStatementFactory@626bc2b8, http://www.dbunit.org/features/caseSensitiveTableNames=false, http://www.dbunit.org/properties/fetchSize=100, http://www.dbunit.org/features/batchedStatements=false, http://www.dbunit.org/properties/metadataHandler=org.dbunit.database.DefaultMetadataHandler@3eeace42, http://www.dbunit.org/properties/datatypeFactory=org.dbunit.dataset.datatype.DefaultDataTypeFactory[_toleratedDeltaMap=org.dbunit.dataset.datatype.ToleratedDeltaMap@6452310a], http://www.dbunit.org/properties/escapePattern=null, http://www.dbunit.org/properties/batchSize=100, http://www.dbunit.org/features/qualifiedTableNames=false, http://www.dbunit.org/properties/tableType=[Ljava.lang.String;@5011bafa, http://www.dbunit.org/properties/resultSetTableFactory=org.dbunit.database.CachedResultSetTableFactory@10bcf083, http://www.dbunit.org/features/datatypeWarning=true}]) - start
192902 [main] TRACE org.dbunit.database.DatabaseConfig  - getFeature(name=http://www.dbunit.org/features/qualifiedTableNames) - start
192902 [main] TRACE org.dbunit.database.DatabaseConfig  - getProperty(name=http://www.dbunit.org/features/qualifiedTableNames) - start
192902 [main] DEBUG org.dbunit.util.QualifiedTableName  - Qualified table names feature is disabled. Returning plain table name
192902 [main] DEBUG org.dbunit.util.QualifiedTableName  - getQualifiedName(prefix=null, name=SCOPEDCONTENTCONDITIONS_SCOPEDCONTENTITEM, escapePattern=null) - start
192902 [main] DEBUG org.dbunit.database.search.AbstractMetaDataBasedSearchCallback  - newEdge(rs=org.apache.commons.dbcp.DelegatingResultSet@66fca232, type=1, from=SCOPEDCONTENTCONDITION, to=SCOPEDCONTENTCONDITIONS_SCOPEDCONTENTITEM, fkColumn=SCOPED_CONTENT_CONDITION_ID, pkColumn=ID) - start
192902 [main] DEBUG org.dbunit.database.search.AbstractMetaDataBasedSearchCallback  - createFKEdge(rs=org.apache.commons.dbcp.DelegatingResultSet@66fca232, type=1, from=SCOPEDCONTENTCONDITION, to=SCOPEDCONTENTCONDITIONS_SCOPEDCONTENTITEM, fkColumn=SCOPED_CONTENT_CONDITION_ID, pkColumn=ID) - start
192902 [main] DEBUG org.dbunit.database.search.AbstractMetaDataBasedSearchCallback  - Adding edge SCOPEDCONTENTCONDITIONS_SCOPEDCONTENTITEM(SCOPED_CONTENT_CONDITION_ID)->SCOPEDCONTENTCONDITION(ID)
192902 [main] DEBUG org.dbunit.util.search.Edge  - compareTo(o=SCOPEDCONTENTCONDITIONATTRIBUTE(SCOPEDCONTENTCONDITION)->SCOPEDCONTENTCONDITION(ID)) - start
192902 [main] DEBUG org.dbunit.util.search.Edge  - compareTo(o=SCOPEDCONTENTCONDITIONS_SCOPEDCONTENT(SCOPED_CONTENT_CONDITION_ID)->SCOPEDCONTENTCONDITION(ID)) - start
192902 [main] DEBUG org.dbunit.util.SQLHelper  - close(resultSet=org.apache.commons.dbcp.DelegatingResultSet@66fca232) - start
192902 [main] DEBUG org.dbunit.util.search.DepthFirstSearch  - search:SCOPEDCONTENTCONDITION
192902 [main] DEBUG org.dbunit.util.search.DepthFirstSearch  - already searched; returning true
192902 [main] DEBUG org.dbunit.util.search.DepthFirstSearch  - search:SCOPEDCONTENTCONDITION
192902 [main] DEBUG org.dbunit.util.search.DepthFirstSearch  - already searched; returning true
192902 [main] DEBUG org.dbunit.util.search.DepthFirstSearch  - search:SCOPEDCONTENTCONDITION
192902 [main] DEBUG org.dbunit.util.search.DepthFirstSearch  - already searched; returning true
192902 [main] DEBUG org.dbunit.util.search.DepthFirstSearch  - search:SCOPEDCONTENTCONDITION
192902 [main] DEBUG org.dbunit.util.search.DepthFirstSearch  - already searched; returning true
192902 [main] DEBUG org.dbunit.util.search.DepthFirstSearch  - Adding node SCOPEDCONTENTCONDITION to the final result
192902 [main] DEBUG org.dbunit.database.search.TablesDependencyHelper  - getDirectDependentTables(connection=_databaseConfig=org.dbunit.database.DatabaseConfig[, _propertyMap={http://www.dbunit.org/properties/statementFactory=org.dbunit.database.statement.PreparedStatementFactory@626bc2b8, http://www.dbunit.org/features/caseSensitiveTableNames=false, http://www.dbunit.org/properties/fetchSize=100, http://www.dbunit.org/features/batchedStatements=false, http://www.dbunit.org/properties/metadataHandler=org.dbunit.database.DefaultMetadataHandler@3eeace42, http://www.dbunit.org/properties/datatypeFactory=org.dbunit.dataset.datatype.DefaultDataTypeFactory[_toleratedDeltaMap=org.dbunit.dataset.datatype.ToleratedDeltaMap@6452310a], http://www.dbunit.org/properties/escapePattern=null, http://www.dbunit.org/properties/batchSize=100, http://www.dbunit.org/features/qualifiedTableNames=false, http://www.dbunit.org/properties/tableType=[Ljava.lang.String;@5011bafa, http://www.dbunit.org/properties/resultSetTableFactory=org.dbunit.database.CachedResultSetTableFactory@10bcf083, http://www.dbunit.org/features/datatypeWarning=true}], _dataSet=AbstractDataSet[_orderedTableNameMap=null], tableName=SCOPEDCONTENTCONDITION) - start
192903 [main] DEBUG org.dbunit.util.search.DepthFirstSearch  - search(nodesFrom=[SCOPEDCONTENTCONDITION], callback=org.dbunit.database.search.ImportedKeysSearchCallback@73ebf723) - start
192903 [main] DEBUG org.dbunit.util.CollectionsHelper  - objectsToSet(objects=SCOPEDCONTENTCONDITION) - start
192903 [main] DEBUG org.dbunit.util.search.DepthFirstSearch  - search(nodesFrom=[SCOPEDCONTENTCONDITION], callback=org.dbunit.database.search.ImportedKeysSearchCallback@73ebf723) - start
192903 [main] DEBUG org.dbunit.util.search.DepthFirstSearch  - reverseSearch:SCOPEDCONTENTCONDITION
192903 [main] DEBUG org.dbunit.database.search.ImportedKeysSearchCallback  - searchNode(node=SCOPEDCONTENTCONDITION) - start
192903 [main] DEBUG org.dbunit.util.search.DepthFirstSearch  - Pushing (reverse) SCOPEDCONTENTCONDITION
192903 [main] DEBUG org.dbunit.database.search.ImportedKeysSearchCallback  - getEdges(node=SCOPEDCONTENTCONDITION) - start
192903 [main] DEBUG org.dbunit.database.search.AbstractMetaDataBasedSearchCallback  - getNodesFromImportedKeys(node=SCOPEDCONTENTCONDITION) - start
192903 [main] DEBUG org.dbunit.database.search.AbstractMetaDataBasedSearchCallback  - getNodes(type=0, node=SCOPEDCONTENTCONDITION) - start
192903 [main] DEBUG org.dbunit.database.DatabaseDataSourceConnection  - getConnection() - start
192903 [main] DEBUG org.dbunit.database.search.AbstractMetaDataBasedSearchCallback  - getNodes(type=0, node=SCOPEDCONTENTCONDITION, conn=Transaction-aware proxy for target Connection [jdbc:hsqldb:mem:kontrollDS, UserName=sw, HSQL Database Engine Driver], schema=null, metaData=org.apache.commons.dbcp.DelegatingDatabaseMetaData@8ae564a, edges=[]) - start
192903 [main] DEBUG org.dbunit.database.search.AbstractMetaDataBasedSearchCallback  - Getting edges for node SCOPEDCONTENTCONDITION
192903 [main] TRACE org.dbunit.database.DatabaseConfig  - getProperty(name=http://www.dbunit.org/properties/metadataHandler) - start
192903 [main] TRACE org.dbunit.database.DefaultMetadataHandler  - tableExists(metaData=org.apache.commons.dbcp.DelegatingDatabaseMetaData@8ae564a, schemaName=null, tableName=SCOPEDCONTENTCONDITION) - start
192904 [main] DEBUG org.dbunit.util.SQLHelper  - close(resultSet=org.apache.commons.dbcp.DelegatingResultSet@6eac51ea) - start
192904 [main] DEBUG org.dbunit.util.SQLHelper  - close(resultSet=org.apache.commons.dbcp.DelegatingResultSet@62f2e696) - start
192904 [main] DEBUG org.dbunit.util.search.DepthFirstSearch  - search:SCOPEDCONTENTCONDITION
192904 [main] DEBUG org.dbunit.database.search.ImportedKeysSearchCallback  - searchNode(node=SCOPEDCONTENTCONDITION) - start
192904 [main] DEBUG org.dbunit.util.search.DepthFirstSearch  - Pushing SCOPEDCONTENTCONDITION
192904 [main] DEBUG org.dbunit.database.search.ImportedKeysSearchCallback  - getEdges(node=SCOPEDCONTENTCONDITION) - start
192904 [main] DEBUG org.dbunit.database.search.AbstractMetaDataBasedSearchCallback  - getNodesFromImportedKeys(node=SCOPEDCONTENTCONDITION) - start
192905 [main] DEBUG org.dbunit.database.search.AbstractMetaDataBasedSearchCallback  - getNodes(type=0, node=SCOPEDCONTENTCONDITION) - start
192905 [main] DEBUG org.dbunit.database.DatabaseDataSourceConnection  - getConnection() - start
192905 [main] DEBUG org.dbunit.database.search.AbstractMetaDataBasedSearchCallback  - getNodes(type=0, node=SCOPEDCONTENTCONDITION, conn=Transaction-aware proxy for target Connection [jdbc:hsqldb:mem:kontrollDS, UserName=sw, HSQL Database Engine Driver], schema=null, metaData=org.apache.commons.dbcp.DelegatingDatabaseMetaData@3900b49a, edges=[]) - start
192905 [main] DEBUG org.dbunit.database.search.AbstractMetaDataBasedSearchCallback  - Getting edges for node SCOPEDCONTENTCONDITION
192905 [main] TRACE org.dbunit.database.DatabaseConfig  - getProperty(name=http://www.dbunit.org/properties/metadataHandler) - start
192905 [main] TRACE org.dbunit.database.DefaultMetadataHandler  - tableExists(metaData=org.apache.commons.dbcp.DelegatingDatabaseMetaData@3900b49a, schemaName=null, tableName=SCOPEDCONTENTCONDITION) - start
192906 [main] DEBUG org.dbunit.util.SQLHelper  - close(resultSet=org.apache.commons.dbcp.DelegatingResultSet@72d066fa) - start
192906 [main] DEBUG org.dbunit.util.SQLHelper  - close(resultSet=org.apache.commons.dbcp.DelegatingResultSet@119bcb84) - start
192906 [main] DEBUG org.dbunit.util.search.DepthFirstSearch  - Adding node SCOPEDCONTENTCONDITION to the final result
192907 [main] DEBUG org.dbunit.database.DatabaseSequenceFilter  - getDependencyInfo(connection=_databaseConfig=org.dbunit.database.DatabaseConfig[, _propertyMap={http://www.dbunit.org/properties/statementFactory=org.dbunit.database.statement.PreparedStatementFactory@626bc2b8, http://www.dbunit.org/features/caseSensitiveTableNames=false, http://www.dbunit.org/properties/fetchSize=100, http://www.dbunit.org/features/batchedStatements=false, http://www.dbunit.org/properties/metadataHandler=org.dbunit.database.DefaultMetadataHandler@3eeace42, http://www.dbunit.org/properties/datatypeFactory=org.dbunit.dataset.datatype.DefaultDataTypeFactory[_toleratedDeltaMap=org.dbunit.dataset.datatype.ToleratedDeltaMap@6452310a], http://www.dbunit.org/properties/escapePattern=null, http://www.dbunit.org/properties/batchSize=100, http://www.dbunit.org/features/qualifiedTableNames=false, http://www.dbunit.org/properties/tableType=[Ljava.lang.String;@5011bafa, http://www.dbunit.org/properties/resultSetTableFactory=org.dbunit.database.CachedResultSetTableFactory@10bcf083, http://www.dbunit.org/features/datatypeWarning=true}], _dataSet=AbstractDataSet[_orderedTableNameMap=null], tableName=SCOPEDCONTENTCONDITIONATTRIBUTE) - start
192907 [main] DEBUG org.dbunit.database.search.TablesDependencyHelper  - getDependentTables(connection=_databaseConfig=org.dbunit.database.DatabaseConfig[, _propertyMap={http://www.dbunit.org/properties/statementFactory=org.dbunit.database.statement.PreparedStatementFactory@626bc2b8, http://www.dbunit.org/features/caseSensitiveTableNames=false, http://www.dbunit.org/properties/fetchSize=100, http://www.dbunit.org/features/batchedStatements=false, http://www.dbunit.org/properties/metadataHandler=org.dbunit.database.DefaultMetadataHandler@3eeace42, http://www.dbunit.org/properties/datatypeFactory=org.dbunit.dataset.datatype.DefaultDataTypeFactory[_toleratedDeltaMap=org.dbunit.dataset.datatype.ToleratedDeltaMap@6452310a], http://www.dbunit.org/properties/escapePattern=null, http://www.dbunit.org/properties/batchSize=100, http://www.dbunit.org/features/qualifiedTableNames=false, http://www.dbunit.org/properties/tableType=[Ljava.lang.String;@5011bafa, http://www.dbunit.org/properties/resultSetTableFactory=org.dbunit.database.CachedResultSetTableFactory@10bcf083, http://www.dbunit.org/features/datatypeWarning=true}], _dataSet=AbstractDataSet[_orderedTableNameMap=null], rootTable=SCOPEDCONTENTCONDITIONATTRIBUTE) - start
192907 [main] DEBUG org.dbunit.database.search.TablesDependencyHelper  - getDependentTables(connection=_databaseConfig=org.dbunit.database.DatabaseConfig[, _propertyMap={http://www.dbunit.org/properties/statementFactory=org.dbunit.database.statement.PreparedStatementFactory@626bc2b8, http://www.dbunit.org/features/caseSensitiveTableNames=false, http://www.dbunit.org/properties/fetchSize=100, http://www.dbunit.org/features/batchedStatements=false, http://www.dbunit.org/properties/metadataHandler=org.dbunit.database.DefaultMetadataHandler@3eeace42, http://www.dbunit.org/properties/datatypeFactory=org.dbunit.dataset.datatype.DefaultDataTypeFactory[_toleratedDeltaMap=org.dbunit.dataset.datatype.ToleratedDeltaMap@6452310a], http://www.dbunit.org/properties/escapePattern=null, http://www.dbunit.org/properties/batchSize=100, http://www.dbunit.org/features/qualifiedTableNames=false, http://www.dbunit.org/properties/tableType=[Ljava.lang.String;@5011bafa, http://www.dbunit.org/properties/resultSetTableFactory=org.dbunit.database.CachedResultSetTableFactory@10bcf083, http://www.dbunit.org/features/datatypeWarning=true}], _dataSet=AbstractDataSet[_orderedTableNameMap=null], rootTables=[SCOPEDCONTENTCONDITIONATTRIBUTE]) - start
192907 [main] DEBUG org.dbunit.util.search.DepthFirstSearch  - search(nodesFrom=[SCOPEDCONTENTCONDITIONATTRIBUTE], callback=org.dbunit.database.search.ImportedKeysSearchCallback@426f7148) - start
192907 [main] DEBUG org.dbunit.util.CollectionsHelper  - objectsToSet(objects=SCOPEDCONTENTCONDITIONATTRIBUTE) - start
192907 [main] DEBUG org.dbunit.util.search.DepthFirstSearch  - search(nodesFrom=[SCOPEDCONTENTCONDITIONATTRIBUTE], callback=org.dbunit.database.search.ImportedKeysSearchCallback@426f7148) - start
192907 [main] DEBUG org.dbunit.util.search.DepthFirstSearch  - reverseSearch:SCOPEDCONTENTCONDITIONATTRIBUTE
192907 [main] DEBUG org.dbunit.database.search.ImportedKeysSearchCallback  - searchNode(node=SCOPEDCONTENTCONDITIONATTRIBUTE) - start
192907 [main] DEBUG org.dbunit.util.search.DepthFirstSearch  - Pushing (reverse) SCOPEDCONTENTCONDITIONATTRIBUTE
192907 [main] DEBUG org.dbunit.database.search.ImportedKeysSearchCallback  - getEdges(node=SCOPEDCONTENTCONDITIONATTRIBUTE) - start
192907 [main] DEBUG org.dbunit.database.search.AbstractMetaDataBasedSearchCallback  - getNodesFromImportedKeys(node=SCOPEDCONTENTCONDITIONATTRIBUTE) - start
192907 [main] DEBUG org.dbunit.database.search.AbstractMetaDataBasedSearchCallback  - getNodes(type=0, node=SCOPEDCONTENTCONDITIONATTRIBUTE) - start
192907 [main] DEBUG org.dbunit.database.DatabaseDataSourceConnection  - getConnection() - start
192907 [main] DEBUG org.dbunit.database.search.AbstractMetaDataBasedSearchCallback  - getNodes(type=0, node=SCOPEDCONTENTCONDITIONATTRIBUTE, conn=Transaction-aware proxy for target Connection [jdbc:hsqldb:mem:kontrollDS, UserName=sw, HSQL Database Engine Driver], schema=null, metaData=org.apache.commons.dbcp.DelegatingDatabaseMetaData@2276500b, edges=[]) - start
192907 [main] DEBUG org.dbunit.database.search.AbstractMetaDataBasedSearchCallback  - Getting edges for node SCOPEDCONTENTCONDITIONATTRIBUTE
192907 [main] TRACE org.dbunit.database.DatabaseConfig  - getProperty(name=http://www.dbunit.org/properties/metadataHandler) - start
192907 [main] TRACE org.dbunit.database.DefaultMetadataHandler  - tableExists(metaData=org.apache.commons.dbcp.DelegatingDatabaseMetaData@2276500b, schemaName=null, tableName=SCOPEDCONTENTCONDITIONATTRIBUTE) - start
192908 [main] DEBUG org.dbunit.util.SQLHelper  - close(resultSet=org.apache.commons.dbcp.DelegatingResultSet@5d3e5008) - start
192909 [main] DEBUG org.dbunit.util.QualifiedTableName  - getQualifiedNameIfEnabled(config=org.dbunit.database.DatabaseConfig[, _propertyMap={http://www.dbunit.org/properties/statementFactory=org.dbunit.database.statement.PreparedStatementFactory@626bc2b8, http://www.dbunit.org/features/caseSensitiveTableNames=false, http://www.dbunit.org/properties/fetchSize=100, http://www.dbunit.org/features/batchedStatements=false, http://www.dbunit.org/properties/metadataHandler=org.dbunit.database.DefaultMetadataHandler@3eeace42, http://www.dbunit.org/properties/datatypeFactory=org.dbunit.dataset.datatype.DefaultDataTypeFactory[_toleratedDeltaMap=org.dbunit.dataset.datatype.ToleratedDeltaMap@6452310a], http://www.dbunit.org/properties/escapePattern=null, http://www.dbunit.org/properties/batchSize=100, http://www.dbunit.org/features/qualifiedTableNames=false, http://www.dbunit.org/properties/tableType=[Ljava.lang.String;@5011bafa, http://www.dbunit.org/properties/resultSetTableFactory=org.dbunit.database.CachedResultSetTableFactory@10bcf083, http://www.dbunit.org/features/datatypeWarning=true}]) - start
192909 [main] TRACE org.dbunit.database.DatabaseConfig  - getFeature(name=http://www.dbunit.org/features/qualifiedTableNames) - start
192909 [main] TRACE org.dbunit.database.DatabaseConfig  - getProperty(name=http://www.dbunit.org/features/qualifiedTableNames) - start
192909 [main] DEBUG org.dbunit.util.QualifiedTableName  - Qualified table names feature is disabled. Returning plain table name
192909 [main] DEBUG org.dbunit.util.QualifiedTableName  - getQualifiedName(prefix=null, name=SCOPEDCONTENTCONDITIONATTRIBUTE, escapePattern=null) - start
192909 [main] DEBUG org.dbunit.util.QualifiedTableName  - getQualifiedNameIfEnabled(config=org.dbunit.database.DatabaseConfig[, _propertyMap={http://www.dbunit.org/properties/statementFactory=org.dbunit.database.statement.PreparedStatementFactory@626bc2b8, http://www.dbunit.org/features/caseSensitiveTableNames=false, http://www.dbunit.org/properties/fetchSize=100, http://www.dbunit.org/features/batchedStatements=false, http://www.dbunit.org/properties/metadataHandler=org.dbunit.database.DefaultMetadataHandler@3eeace42, http://www.dbunit.org/properties/datatypeFactory=org.dbunit.dataset.datatype.DefaultDataTypeFactory[_toleratedDeltaMap=org.dbunit.dataset.datatype.ToleratedDeltaMap@6452310a], http://www.dbunit.org/properties/escapePattern=null, http://www.dbunit.org/properties/batchSize=100, http://www.dbunit.org/features/qualifiedTableNames=false, http://www.dbunit.org/properties/tableType=[Ljava.lang.String;@5011bafa, http://www.dbunit.org/properties/resultSetTableFactory=org.dbunit.database.CachedResultSetTableFactory@10bcf083, http://www.dbunit.org/features/datatypeWarning=true}]) - start
192909 [main] TRACE org.dbunit.database.DatabaseConfig  - getFeature(name=http://www.dbunit.org/features/qualifiedTableNames) - start
192909 [main] TRACE org.dbunit.database.DatabaseConfig  - getProperty(name=http://www.dbunit.org/features/qualifiedTableNames) - start
192909 [main] DEBUG org.dbunit.util.QualifiedTableName  - Qualified table names feature is disabled. Returning plain table name
192909 [main] DEBUG org.dbunit.util.QualifiedTableName  - getQualifiedName(prefix=null, name=SCOPEDCONTENTCONDITION, escapePattern=null) - start
192909 [main] DEBUG org.dbunit.database.search.AbstractMetaDataBasedSearchCallback  - newEdge(rs=org.apache.commons.dbcp.DelegatingResultSet@58bf00a6, type=0, from=SCOPEDCONTENTCONDITIONATTRIBUTE, to=SCOPEDCONTENTCONDITION, fkColumn=SCOPEDCONTENTCONDITION, pkColumn=ID) - start
192909 [main] DEBUG org.dbunit.database.search.AbstractMetaDataBasedSearchCallback  - createFKEdge(rs=org.apache.commons.dbcp.DelegatingResultSet@58bf00a6, type=0, from=SCOPEDCONTENTCONDITIONATTRIBUTE, to=SCOPEDCONTENTCONDITION, fkColumn=SCOPEDCONTENTCONDITION, pkColumn=ID) - start
192909 [main] DEBUG org.dbunit.database.search.AbstractMetaDataBasedSearchCallback  - Adding edge SCOPEDCONTENTCONDITIONATTRIBUTE(SCOPEDCONTENTCONDITION)->SCOPEDCONTENTCONDITION(ID)
192909 [main] DEBUG org.dbunit.util.search.Edge  - compareTo(o=SCOPEDCONTENTCONDITIONATTRIBUTE(SCOPEDCONTENTCONDITION)->SCOPEDCONTENTCONDITION(ID)) - start
192909 [main] DEBUG org.dbunit.util.SQLHelper  - close(resultSet=org.apache.commons.dbcp.DelegatingResultSet@58bf00a6) - start
192909 [main] DEBUG org.dbunit.util.search.DepthFirstSearch  - search:SCOPEDCONTENTCONDITIONATTRIBUTE
192909 [main] DEBUG org.dbunit.database.search.ImportedKeysSearchCallback  - searchNode(node=SCOPEDCONTENTCONDITIONATTRIBUTE) - start
192909 [main] DEBUG org.dbunit.util.search.DepthFirstSearch  - Pushing SCOPEDCONTENTCONDITIONATTRIBUTE
192909 [main] DEBUG org.dbunit.database.search.ImportedKeysSearchCallback  - getEdges(node=SCOPEDCONTENTCONDITIONATTRIBUTE) - start
192909 [main] DEBUG org.dbunit.database.search.AbstractMetaDataBasedSearchCallback  - getNodesFromImportedKeys(node=SCOPEDCONTENTCONDITIONATTRIBUTE) - start
192909 [main] DEBUG org.dbunit.database.search.AbstractMetaDataBasedSearchCallback  - getNodes(type=0, node=SCOPEDCONTENTCONDITIONATTRIBUTE) - start
192909 [main] DEBUG org.dbunit.database.DatabaseDataSourceConnection  - getConnection() - start
192910 [main] DEBUG org.dbunit.database.search.AbstractMetaDataBasedSearchCallback  - getNodes(type=0, node=SCOPEDCONTENTCONDITIONATTRIBUTE, conn=Transaction-aware proxy for target Connection [jdbc:hsqldb:mem:kontrollDS, UserName=sw, HSQL Database Engine Driver], schema=null, metaData=org.apache.commons.dbcp.DelegatingDatabaseMetaData@63c3bfce, edges=[]) - start
192910 [main] DEBUG org.dbunit.database.search.AbstractMetaDataBasedSearchCallback  - Getting edges for node SCOPEDCONTENTCONDITIONATTRIBUTE
192910 [main] TRACE org.dbunit.database.DatabaseConfig  - getProperty(name=http://www.dbunit.org/properties/metadataHandler) - start
192910 [main] TRACE org.dbunit.database.DefaultMetadataHandler  - tableExists(metaData=org.apache.commons.dbcp.DelegatingDatabaseMetaData@63c3bfce, schemaName=null, tableName=SCOPEDCONTENTCONDITIONATTRIBUTE) - start
192911 [main] DEBUG org.dbunit.util.SQLHelper  - close(resultSet=org.apache.commons.dbcp.DelegatingResultSet@80fae1d) - start
192911 [main] DEBUG org.dbunit.util.QualifiedTableName  - getQualifiedNameIfEnabled(config=org.dbunit.database.DatabaseConfig[, _propertyMap={http://www.dbunit.org/properties/statementFactory=org.dbunit.database.statement.PreparedStatementFactory@626bc2b8, http://www.dbunit.org/features/caseSensitiveTableNames=false, http://www.dbunit.org/properties/fetchSize=100, http://www.dbunit.org/features/batchedStatements=false, http://www.dbunit.org/properties/metadataHandler=org.dbunit.database.DefaultMetadataHandler@3eeace42, http://www.dbunit.org/properties/datatypeFactory=org.dbunit.dataset.datatype.DefaultDataTypeFactory[_toleratedDeltaMap=org.dbunit.dataset.datatype.ToleratedDeltaMap@6452310a], http://www.dbunit.org/properties/escapePattern=null, http://www.dbunit.org/properties/batchSize=100, http://www.dbunit.org/features/qualifiedTableNames=false, http://www.dbunit.org/properties/tableType=[Ljava.lang.String;@5011bafa, http://www.dbunit.org/properties/resultSetTableFactory=org.dbunit.database.CachedResultSetTableFactory@10bcf083, http://www.dbunit.org/features/datatypeWarning=true}]) - start
192911 [main] TRACE org.dbunit.database.DatabaseConfig  - getFeature(name=http://www.dbunit.org/features/qualifiedTableNames) - start
192911 [main] TRACE org.dbunit.database.DatabaseConfig  - getProperty(name=http://www.dbunit.org/features/qualifiedTableNames) - start
192911 [main] DEBUG org.dbunit.util.QualifiedTableName  - Qualified table names feature is disabled. Returning plain table name
192911 [main] DEBUG org.dbunit.util.QualifiedTableName  - getQualifiedName(prefix=null, name=SCOPEDCONTENTCONDITIONATTRIBUTE, escapePattern=null) - start
192911 [main] DEBUG org.dbunit.util.QualifiedTableName  - getQualifiedNameIfEnabled(config=org.dbunit.database.DatabaseConfig[, _propertyMap={http://www.dbunit.org/properties/statementFactory=org.dbunit.database.statement.PreparedStatementFactory@626bc2b8, http://www.dbunit.org/features/caseSensitiveTableNames=false, http://www.dbunit.org/properties/fetchSize=100, http://www.dbunit.org/features/batchedStatements=false, http://www.dbunit.org/properties/metadataHandler=org.dbunit.database.DefaultMetadataHandler@3eeace42, http://www.dbunit.org/properties/datatypeFactory=org.dbunit.dataset.datatype.DefaultDataTypeFactory[_toleratedDeltaMap=org.dbunit.dataset.datatype.ToleratedDeltaMap@6452310a], http://www.dbunit.org/properties/escapePattern=null, http://www.dbunit.org/properties/batchSize=100, http://www.dbunit.org/features/qualifiedTableNames=false, http://www.dbunit.org/properties/tableType=[Ljava.lang.String;@5011bafa, http://www.dbunit.org/properties/resultSetTableFactory=org.dbunit.database.CachedResultSetTableFactory@10bcf083, http://www.dbunit.org/features/datatypeWarning=true}]) - start
192911 [main] TRACE org.dbunit.database.DatabaseConfig  - getFeature(name=http://www.dbunit.org/features/qualifiedTableNames) - start
192911 [main] TRACE org.dbunit.database.DatabaseConfig  - getProperty(name=http://www.dbunit.org/features/qualifiedTableNames) - start
192911 [main] DEBUG org.dbunit.util.QualifiedTableName  - Qualified table names feature is disabled. Returning plain table name
192911 [main] DEBUG org.dbunit.util.QualifiedTableName  - getQualifiedName(prefix=null, name=SCOPEDCONTENTCONDITION, escapePattern=null) - start
192911 [main] DEBUG org.dbunit.database.search.AbstractMetaDataBasedSearchCallback  - newEdge(rs=org.apache.commons.dbcp.DelegatingResultSet@182eefe, type=0, from=SCOPEDCONTENTCONDITIONATTRIBUTE, to=SCOPEDCONTENTCONDITION, fkColumn=SCOPEDCONTENTCONDITION, pkColumn=ID) - start
192912 [main] DEBUG org.dbunit.database.search.AbstractMetaDataBasedSearchCallback  - createFKEdge(rs=org.apache.commons.dbcp.DelegatingResultSet@182eefe, type=0, from=SCOPEDCONTENTCONDITIONATTRIBUTE, to=SCOPEDCONTENTCONDITION, fkColumn=SCOPEDCONTENTCONDITION, pkColumn=ID) - start
192912 [main] DEBUG org.dbunit.database.search.AbstractMetaDataBasedSearchCallback  - Adding edge SCOPEDCONTENTCONDITIONATTRIBUTE(SCOPEDCONTENTCONDITION)->SCOPEDCONTENTCONDITION(ID)
192912 [main] DEBUG org.dbunit.util.search.Edge  - compareTo(o=SCOPEDCONTENTCONDITIONATTRIBUTE(SCOPEDCONTENTCONDITION)->SCOPEDCONTENTCONDITION(ID)) - start
192912 [main] DEBUG org.dbunit.util.SQLHelper  - close(resultSet=org.apache.commons.dbcp.DelegatingResultSet@182eefe) - start
192912 [main] DEBUG org.dbunit.util.search.DepthFirstSearch  - search:SCOPEDCONTENTCONDITION
192912 [main] DEBUG org.dbunit.database.search.ImportedKeysSearchCallback  - searchNode(node=SCOPEDCONTENTCONDITION) - start
192912 [main] DEBUG org.dbunit.util.search.DepthFirstSearch  - Pushing SCOPEDCONTENTCONDITION
192912 [main] DEBUG org.dbunit.database.search.ImportedKeysSearchCallback  - getEdges(node=SCOPEDCONTENTCONDITION) - start
192912 [main] DEBUG org.dbunit.database.search.AbstractMetaDataBasedSearchCallback  - getNodesFromImportedKeys(node=SCOPEDCONTENTCONDITION) - start
192912 [main] DEBUG org.dbunit.database.search.AbstractMetaDataBasedSearchCallback  - getNodes(type=0, node=SCOPEDCONTENTCONDITION) - start
192912 [main] DEBUG org.dbunit.database.DatabaseDataSourceConnection  - getConnection() - start
192912 [main] DEBUG org.dbunit.database.search.AbstractMetaDataBasedSearchCallback  - getNodes(type=0, node=SCOPEDCONTENTCONDITION, conn=Transaction-aware proxy for target Connection [jdbc:hsqldb:mem:kontrollDS, UserName=sw, HSQL Database Engine Driver], schema=null, metaData=org.apache.commons.dbcp.DelegatingDatabaseMetaData@3b186678, edges=[]) - start
192912 [main] DEBUG org.dbunit.database.search.AbstractMetaDataBasedSearchCallback  - Getting edges for node SCOPEDCONTENTCONDITION
192912 [main] TRACE org.dbunit.database.DatabaseConfig  - getProperty(name=http://www.dbunit.org/properties/metadataHandler) - start
192912 [main] TRACE org.dbunit.database.DefaultMetadataHandler  - tableExists(metaData=org.apache.commons.dbcp.DelegatingDatabaseMetaData@3b186678, schemaName=null, tableName=SCOPEDCONTENTCONDITION) - start
192913 [main] DEBUG org.dbunit.util.SQLHelper  - close(resultSet=org.apache.commons.dbcp.DelegatingResultSet@59459bc8) - start
192913 [main] DEBUG org.dbunit.util.SQLHelper  - close(resultSet=org.apache.commons.dbcp.DelegatingResultSet@14c1143d) - start
192913 [main] DEBUG org.dbunit.util.search.DepthFirstSearch  - Adding node SCOPEDCONTENTCONDITION to the final result
192913 [main] DEBUG org.dbunit.util.search.DepthFirstSearch  - Adding node SCOPEDCONTENTCONDITIONATTRIBUTE to the final result
192913 [main] DEBUG org.dbunit.util.search.DepthFirstSearch  - reverseSearch:SCOPEDCONTENTCONDITION
192913 [main] DEBUG org.dbunit.database.search.ImportedKeysSearchCallback  - searchNode(node=SCOPEDCONTENTCONDITION) - start
192913 [main] DEBUG org.dbunit.util.search.DepthFirstSearch  - Pushing (reverse) SCOPEDCONTENTCONDITION
192913 [main] DEBUG org.dbunit.database.search.ImportedKeysSearchCallback  - getEdges(node=SCOPEDCONTENTCONDITION) - start
192914 [main] DEBUG org.dbunit.database.search.AbstractMetaDataBasedSearchCallback  - getNodesFromImportedKeys(node=SCOPEDCONTENTCONDITION) - start
192914 [main] DEBUG org.dbunit.database.search.AbstractMetaDataBasedSearchCallback  - getNodes(type=0, node=SCOPEDCONTENTCONDITION) - start
192914 [main] DEBUG org.dbunit.database.DatabaseDataSourceConnection  - getConnection() - start
192914 [main] DEBUG org.dbunit.database.search.AbstractMetaDataBasedSearchCallback  - getNodes(type=0, node=SCOPEDCONTENTCONDITION, conn=Transaction-aware proxy for target Connection [jdbc:hsqldb:mem:kontrollDS, UserName=sw, HSQL Database Engine Driver], schema=null, metaData=org.apache.commons.dbcp.DelegatingDatabaseMetaData@1017bb70, edges=[]) - start
192914 [main] DEBUG org.dbunit.database.search.AbstractMetaDataBasedSearchCallback  - Getting edges for node SCOPEDCONTENTCONDITION
192914 [main] TRACE org.dbunit.database.DatabaseConfig  - getProperty(name=http://www.dbunit.org/properties/metadataHandler) - start
192914 [main] TRACE org.dbunit.database.DefaultMetadataHandler  - tableExists(metaData=org.apache.commons.dbcp.DelegatingDatabaseMetaData@1017bb70, schemaName=null, tableName=SCOPEDCONTENTCONDITION) - start
192915 [main] DEBUG org.dbunit.util.SQLHelper  - close(resultSet=org.apache.commons.dbcp.DelegatingResultSet@388cbaf4) - start
192915 [main] DEBUG org.dbunit.util.SQLHelper  - close(resultSet=org.apache.commons.dbcp.DelegatingResultSet@2e3f8465) - start
192915 [main] DEBUG org.dbunit.util.search.DepthFirstSearch  - reverseSearch:SCOPEDCONTENTCONDITIONATTRIBUTE
192915 [main] DEBUG org.dbunit.util.search.DepthFirstSearch  - already searched; returning true
192915 [main] DEBUG org.dbunit.util.search.DepthFirstSearch  - search:SCOPEDCONTENTCONDITIONATTRIBUTE
192915 [main] DEBUG org.dbunit.util.search.DepthFirstSearch  - already searched; returning true
192915 [main] DEBUG org.dbunit.util.search.DepthFirstSearch  - search:SCOPEDCONTENTCONDITION
192915 [main] DEBUG org.dbunit.util.search.DepthFirstSearch  - already searched; returning true
192915 [main] DEBUG org.dbunit.util.CollectionsHelper  - setToStrings(set=[SCOPEDCONTENTCONDITION, SCOPEDCONTENTCONDITIONATTRIBUTE]) - start
192915 [main] DEBUG org.dbunit.database.search.TablesDependencyHelper  - getDependsOnTables(connection=_databaseConfig=org.dbunit.database.DatabaseConfig[, _propertyMap={http://www.dbunit.org/properties/statementFactory=org.dbunit.database.statement.PreparedStatementFactory@626bc2b8, http://www.dbunit.org/features/caseSensitiveTableNames=false, http://www.dbunit.org/properties/fetchSize=100, http://www.dbunit.org/features/batchedStatements=false, http://www.dbunit.org/properties/metadataHandler=org.dbunit.database.DefaultMetadataHandler@3eeace42, http://www.dbunit.org/properties/datatypeFactory=org.dbunit.dataset.datatype.DefaultDataTypeFactory[_toleratedDeltaMap=org.dbunit.dataset.datatype.ToleratedDeltaMap@6452310a], http://www.dbunit.org/properties/escapePattern=null, http://www.dbunit.org/properties/batchSize=100, http://www.dbunit.org/features/qualifiedTableNames=false, http://www.dbunit.org/properties/tableType=[Ljava.lang.String;@5011bafa, http://www.dbunit.org/properties/resultSetTableFactory=org.dbunit.database.CachedResultSetTableFactory@10bcf083, http://www.dbunit.org/features/datatypeWarning=true}], _dataSet=AbstractDataSet[_orderedTableNameMap=null], rootTable=SCOPEDCONTENTCONDITIONATTRIBUTE) - start
192916 [main] DEBUG org.dbunit.util.search.DepthFirstSearch  - search(nodesFrom=[SCOPEDCONTENTCONDITIONATTRIBUTE], callback=org.dbunit.database.search.ExportedKeysSearchCallback@704ddd1e) - start
192916 [main] DEBUG org.dbunit.util.CollectionsHelper  - objectsToSet(objects=SCOPEDCONTENTCONDITIONATTRIBUTE) - start
192916 [main] DEBUG org.dbunit.util.search.DepthFirstSearch  - search(nodesFrom=[SCOPEDCONTENTCONDITIONATTRIBUTE], callback=org.dbunit.database.search.ExportedKeysSearchCallback@704ddd1e) - start
192916 [main] DEBUG org.dbunit.util.search.DepthFirstSearch  - reverseSearch:SCOPEDCONTENTCONDITIONATTRIBUTE
192916 [main] DEBUG org.dbunit.database.search.ExportedKeysSearchCallback  - searchNode(node=SCOPEDCONTENTCONDITIONATTRIBUTE) - start
192916 [main] DEBUG org.dbunit.util.search.DepthFirstSearch  - Pushing (reverse) SCOPEDCONTENTCONDITIONATTRIBUTE
192916 [main] DEBUG org.dbunit.database.search.ExportedKeysSearchCallback  - getEdges(node=SCOPEDCONTENTCONDITIONATTRIBUTE) - start
192916 [main] DEBUG org.dbunit.database.search.AbstractMetaDataBasedSearchCallback  - getNodesFromExportedKeys(node=SCOPEDCONTENTCONDITIONATTRIBUTE) - start
192916 [main] DEBUG org.dbunit.database.search.AbstractMetaDataBasedSearchCallback  - getNodes(type=1, node=SCOPEDCONTENTCONDITIONATTRIBUTE) - start
192916 [main] DEBUG org.dbunit.database.DatabaseDataSourceConnection  - getConnection() - start
192916 [main] DEBUG org.dbunit.database.search.AbstractMetaDataBasedSearchCallback  - getNodes(type=1, node=SCOPEDCONTENTCONDITIONATTRIBUTE, conn=Transaction-aware proxy for target Connection [jdbc:hsqldb:mem:kontrollDS, UserName=sw, HSQL Database Engine Driver], schema=null, metaData=org.apache.commons.dbcp.DelegatingDatabaseMetaData@7f0162c, edges=[]) - start
192916 [main] DEBUG org.dbunit.database.search.AbstractMetaDataBasedSearchCallback  - Getting edges for node SCOPEDCONTENTCONDITIONATTRIBUTE
192916 [main] TRACE org.dbunit.database.DatabaseConfig  - getProperty(name=http://www.dbunit.org/properties/metadataHandler) - start
192916 [main] TRACE org.dbunit.database.DefaultMetadataHandler  - tableExists(metaData=org.apache.commons.dbcp.DelegatingDatabaseMetaData@7f0162c, schemaName=null, tableName=SCOPEDCONTENTCONDITIONATTRIBUTE) - start
192917 [main] DEBUG org.dbunit.util.SQLHelper  - close(resultSet=org.apache.commons.dbcp.DelegatingResultSet@27de233e) - start
192917 [main] DEBUG org.dbunit.util.SQLHelper  - close(resultSet=org.apache.commons.dbcp.DelegatingResultSet@372db784) - start
192917 [main] DEBUG org.dbunit.util.search.DepthFirstSearch  - search:SCOPEDCONTENTCONDITIONATTRIBUTE
192917 [main] DEBUG org.dbunit.database.search.ExportedKeysSearchCallback  - searchNode(node=SCOPEDCONTENTCONDITIONATTRIBUTE) - start
192917 [main] DEBUG org.dbunit.util.search.DepthFirstSearch  - Pushing SCOPEDCONTENTCONDITIONATTRIBUTE
192918 [main] DEBUG org.dbunit.database.search.ExportedKeysSearchCallback  - getEdges(node=SCOPEDCONTENTCONDITIONATTRIBUTE) - start
192918 [main] DEBUG org.dbunit.database.search.AbstractMetaDataBasedSearchCallback  - getNodesFromExportedKeys(node=SCOPEDCONTENTCONDITIONATTRIBUTE) - start
192918 [main] DEBUG org.dbunit.database.search.AbstractMetaDataBasedSearchCallback  - getNodes(type=1, node=SCOPEDCONTENTCONDITIONATTRIBUTE) - start
192918 [main] DEBUG org.dbunit.database.DatabaseDataSourceConnection  - getConnection() - start
192918 [main] DEBUG org.dbunit.database.search.AbstractMetaDataBasedSearchCallback  - getNodes(type=1, node=SCOPEDCONTENTCONDITIONATTRIBUTE, conn=Transaction-aware proxy for target Connection [jdbc:hsqldb:mem:kontrollDS, UserName=sw, HSQL Database Engine Driver], schema=null, metaData=org.apache.commons.dbcp.DelegatingDatabaseMetaData@1a6b5769, edges=[]) - start
192918 [main] DEBUG org.dbunit.database.search.AbstractMetaDataBasedSearchCallback  - Getting edges for node SCOPEDCONTENTCONDITIONATTRIBUTE
192918 [main] TRACE org.dbunit.database.DatabaseConfig  - getProperty(name=http://www.dbunit.org/properties/metadataHandler) - start
192918 [main] TRACE org.dbunit.database.DefaultMetadataHandler  - tableExists(metaData=org.apache.commons.dbcp.DelegatingDatabaseMetaData@1a6b5769, schemaName=null, tableName=SCOPEDCONTENTCONDITIONATTRIBUTE) - start
192919 [main] DEBUG org.dbunit.util.SQLHelper  - close(resultSet=org.apache.commons.dbcp.DelegatingResultSet@561ab666) - start
192919 [main] DEBUG org.dbunit.util.SQLHelper  - close(resultSet=org.apache.commons.dbcp.DelegatingResultSet@1104522) - start
192919 [main] DEBUG org.dbunit.util.search.DepthFirstSearch  - Adding node SCOPEDCONTENTCONDITIONATTRIBUTE to the final result
192919 [main] DEBUG org.dbunit.util.CollectionsHelper  - setToStrings(set=[SCOPEDCONTENTCONDITIONATTRIBUTE]) - start
192919 [main] DEBUG org.dbunit.database.search.TablesDependencyHelper  - getDirectDependsOnTables(connection=_databaseConfig=org.dbunit.database.DatabaseConfig[, _propertyMap={http://www.dbunit.org/properties/statementFactory=org.dbunit.database.statement.PreparedStatementFactory@626bc2b8, http://www.dbunit.org/features/caseSensitiveTableNames=false, http://www.dbunit.org/properties/fetchSize=100, http://www.dbunit.org/features/batchedStatements=false, http://www.dbunit.org/properties/metadataHandler=org.dbunit.database.DefaultMetadataHandler@3eeace42, http://www.dbunit.org/properties/datatypeFactory=org.dbunit.dataset.datatype.DefaultDataTypeFactory[_toleratedDeltaMap=org.dbunit.dataset.datatype.ToleratedDeltaMap@6452310a], http://www.dbunit.org/properties/escapePattern=null, http://www.dbunit.org/properties/batchSize=100, http://www.dbunit.org/features/qualifiedTableNames=false, http://www.dbunit.org/properties/tableType=[Ljava.lang.String;@5011bafa, http://www.dbunit.org/properties/resultSetTableFactory=org.dbunit.database.CachedResultSetTableFactory@10bcf083, http://www.dbunit.org/features/datatypeWarning=true}], _dataSet=AbstractDataSet[_orderedTableNameMap=null], tableName=SCOPEDCONTENTCONDITIONATTRIBUTE) - start
192919 [main] DEBUG org.dbunit.util.search.DepthFirstSearch  - search(nodesFrom=[SCOPEDCONTENTCONDITIONATTRIBUTE], callback=org.dbunit.database.search.ExportedKeysSearchCallback@1a8a9957) - start
192919 [main] DEBUG org.dbunit.util.CollectionsHelper  - objectsToSet(objects=SCOPEDCONTENTCONDITIONATTRIBUTE) - start
192919 [main] DEBUG org.dbunit.util.search.DepthFirstSearch  - search(nodesFrom=[SCOPEDCONTENTCONDITIONATTRIBUTE], callback=org.dbunit.database.search.ExportedKeysSearchCallback@1a8a9957) - start
192919 [main] DEBUG org.dbunit.util.search.DepthFirstSearch  - reverseSearch:SCOPEDCONTENTCONDITIONATTRIBUTE
192919 [main] DEBUG org.dbunit.database.search.ExportedKeysSearchCallback  - searchNode(node=SCOPEDCONTENTCONDITIONATTRIBUTE) - start
192919 [main] DEBUG org.dbunit.util.search.DepthFirstSearch  - Pushing (reverse) SCOPEDCONTENTCONDITIONATTRIBUTE
192920 [main] DEBUG org.dbunit.database.search.ExportedKeysSearchCallback  - getEdges(node=SCOPEDCONTENTCONDITIONATTRIBUTE) - start
192920 [main] DEBUG org.dbunit.database.search.AbstractMetaDataBasedSearchCallback  - getNodesFromExportedKeys(node=SCOPEDCONTENTCONDITIONATTRIBUTE) - start
192920 [main] DEBUG org.dbunit.database.search.AbstractMetaDataBasedSearchCallback  - getNodes(type=1, node=SCOPEDCONTENTCONDITIONATTRIBUTE) - start
192920 [main] DEBUG org.dbunit.database.DatabaseDataSourceConnection  - getConnection() - start
192920 [main] DEBUG org.dbunit.database.search.AbstractMetaDataBasedSearchCallback  - getNodes(type=1, node=SCOPEDCONTENTCONDITIONATTRIBUTE, conn=Transaction-aware proxy for target Connection [jdbc:hsqldb:mem:kontrollDS, UserName=sw, HSQL Database Engine Driver], schema=null, metaData=org.apache.commons.dbcp.DelegatingDatabaseMetaData@1592c5e, edges=[]) - start
192920 [main] DEBUG org.dbunit.database.search.AbstractMetaDataBasedSearchCallback  - Getting edges for node SCOPEDCONTENTCONDITIONATTRIBUTE
192920 [main] TRACE org.dbunit.database.DatabaseConfig  - getProperty(name=http://www.dbunit.org/properties/metadataHandler) - start
192920 [main] TRACE org.dbunit.database.DefaultMetadataHandler  - tableExists(metaData=org.apache.commons.dbcp.DelegatingDatabaseMetaData@1592c5e, schemaName=null, tableName=SCOPEDCONTENTCONDITIONATTRIBUTE) - start
192921 [main] DEBUG org.dbunit.util.SQLHelper  - close(resultSet=org.apache.commons.dbcp.DelegatingResultSet@6fc177be) - start
192921 [main] DEBUG org.dbunit.util.SQLHelper  - close(resultSet=org.apache.commons.dbcp.DelegatingResultSet@11c9ffc0) - start
192921 [main] DEBUG org.dbunit.util.search.DepthFirstSearch  - search:SCOPEDCONTENTCONDITIONATTRIBUTE
192921 [main] DEBUG org.dbunit.database.search.ExportedKeysSearchCallback  - searchNode(node=SCOPEDCONTENTCONDITIONATTRIBUTE) - start
192921 [main] DEBUG org.dbunit.util.search.DepthFirstSearch  - Pushing SCOPEDCONTENTCONDITIONATTRIBUTE
192921 [main] DEBUG org.dbunit.database.search.ExportedKeysSearchCallback  - getEdges(node=SCOPEDCONTENTCONDITIONATTRIBUTE) - start
192921 [main] DEBUG org.dbunit.database.search.AbstractMetaDataBasedSearchCallback  - getNodesFromExportedKeys(node=SCOPEDCONTENTCONDITIONATTRIBUTE) - start
192921 [main] DEBUG org.dbunit.database.search.AbstractMetaDataBasedSearchCallback  - getNodes(type=1, node=SCOPEDCONTENTCONDITIONATTRIBUTE) - start
192921 [main] DEBUG org.dbunit.database.DatabaseDataSourceConnection  - getConnection() - start
192921 [main] DEBUG org.dbunit.database.search.AbstractMetaDataBasedSearchCallback  - getNodes(type=1, node=SCOPEDCONTENTCONDITIONATTRIBUTE, conn=Transaction-aware proxy for target Connection [jdbc:hsqldb:mem:kontrollDS, UserName=sw, HSQL Database Engine Driver], schema=null, metaData=org.apache.commons.dbcp.DelegatingDatabaseMetaData@64b59f5f, edges=[]) - start
192921 [main] DEBUG org.dbunit.database.search.AbstractMetaDataBasedSearchCallback  - Getting edges for node SCOPEDCONTENTCONDITIONATTRIBUTE
192921 [main] TRACE org.dbunit.database.DatabaseConfig  - getProperty(name=http://www.dbunit.org/properties/metadataHandler) - start
192921 [main] TRACE org.dbunit.database.DefaultMetadataHandler  - tableExists(metaData=org.apache.commons.dbcp.DelegatingDatabaseMetaData@64b59f5f, schemaName=null, tableName=SCOPEDCONTENTCONDITIONATTRIBUTE) - start
192922 [main] DEBUG org.dbunit.util.SQLHelper  - close(resultSet=org.apache.commons.dbcp.DelegatingResultSet@2bbfd061) - start
192922 [main] DEBUG org.dbunit.util.SQLHelper  - close(resultSet=org.apache.commons.dbcp.DelegatingResultSet@6ba05832) - start
192922 [main] DEBUG org.dbunit.util.search.DepthFirstSearch  - Adding node SCOPEDCONTENTCONDITIONATTRIBUTE to the final result
192922 [main] DEBUG org.dbunit.database.search.TablesDependencyHelper  - getDirectDependentTables(connection=_databaseConfig=org.dbunit.database.DatabaseConfig[, _propertyMap={http://www.dbunit.org/properties/statementFactory=org.dbunit.database.statement.PreparedStatementFactory@626bc2b8, http://www.dbunit.org/features/caseSensitiveTableNames=false, http://www.dbunit.org/properties/fetchSize=100, http://www.dbunit.org/features/batchedStatements=false, http://www.dbunit.org/properties/metadataHandler=org.dbunit.database.DefaultMetadataHandler@3eeace42, http://www.dbunit.org/properties/datatypeFactory=org.dbunit.dataset.datatype.DefaultDataTypeFactory[_toleratedDeltaMap=org.dbunit.dataset.datatype.ToleratedDeltaMap@6452310a], http://www.dbunit.org/properties/escapePattern=null, http://www.dbunit.org/properties/batchSize=100, http://www.dbunit.org/features/qualifiedTableNames=false, http://www.dbunit.org/properties/tableType=[Ljava.lang.String;@5011bafa, http://www.dbunit.org/properties/resultSetTableFactory=org.dbunit.database.CachedResultSetTableFactory@10bcf083, http://www.dbunit.org/features/datatypeWarning=true}], _dataSet=AbstractDataSet[_orderedTableNameMap=null], tableName=SCOPEDCONTENTCONDITIONATTRIBUTE) - start
192923 [main] DEBUG org.dbunit.util.search.DepthFirstSearch  - search(nodesFrom=[SCOPEDCONTENTCONDITIONATTRIBUTE], callback=org.dbunit.database.search.ImportedKeysSearchCallback@de287bb) - start
192923 [main] DEBUG org.dbunit.util.CollectionsHelper  - objectsToSet(objects=SCOPEDCONTENTCONDITIONATTRIBUTE) - start
192923 [main] DEBUG org.dbunit.util.search.DepthFirstSearch  - search(nodesFrom=[SCOPEDCONTENTCONDITIONATTRIBUTE], callback=org.dbunit.database.search.ImportedKeysSearchCallback@de287bb) - start
192923 [main] DEBUG org.dbunit.util.search.DepthFirstSearch  - reverseSearch:SCOPEDCONTENTCONDITIONATTRIBUTE
192923 [main] DEBUG org.dbunit.database.search.ImportedKeysSearchCallback  - searchNode(node=SCOPEDCONTENTCONDITIONATTRIBUTE) - start
192923 [main] DEBUG org.dbunit.util.search.DepthFirstSearch  - Pushing (reverse) SCOPEDCONTENTCONDITIONATTRIBUTE
192923 [main] DEBUG org.dbunit.database.search.ImportedKeysSearchCallback  - getEdges(node=SCOPEDCONTENTCONDITIONATTRIBUTE) - start
192923 [main] DEBUG org.dbunit.database.search.AbstractMetaDataBasedSearchCallback  - getNodesFromImportedKeys(node=SCOPEDCONTENTCONDITIONATTRIBUTE) - start
192923 [main] DEBUG org.dbunit.database.search.AbstractMetaDataBasedSearchCallback  - getNodes(type=0, node=SCOPEDCONTENTCONDITIONATTRIBUTE) - start
192923 [main] DEBUG org.dbunit.database.DatabaseDataSourceConnection  - getConnection() - start
192923 [main] DEBUG org.dbunit.database.search.AbstractMetaDataBasedSearchCallback  - getNodes(type=0, node=SCOPEDCONTENTCONDITIONATTRIBUTE, conn=Transaction-aware proxy for target Connection [jdbc:hsqldb:mem:kontrollDS, UserName=sw, HSQL Database Engine Driver], schema=null, metaData=org.apache.commons.dbcp.DelegatingDatabaseMetaData@133d0d1c, edges=[]) - start
192923 [main] DEBUG org.dbunit.database.search.AbstractMetaDataBasedSearchCallback  - Getting edges for node SCOPEDCONTENTCONDITIONATTRIBUTE
192923 [main] TRACE org.dbunit.database.DatabaseConfig  - getProperty(name=http://www.dbunit.org/properties/metadataHandler) - start
192923 [main] TRACE org.dbunit.database.DefaultMetadataHandler  - tableExists(metaData=org.apache.commons.dbcp.DelegatingDatabaseMetaData@133d0d1c, schemaName=null, tableName=SCOPEDCONTENTCONDITIONATTRIBUTE) - start
192924 [main] DEBUG org.dbunit.util.SQLHelper  - close(resultSet=org.apache.commons.dbcp.DelegatingResultSet@296183ed) - start
192924 [main] DEBUG org.dbunit.util.QualifiedTableName  - getQualifiedNameIfEnabled(config=org.dbunit.database.DatabaseConfig[, _propertyMap={http://www.dbunit.org/properties/statementFactory=org.dbunit.database.statement.PreparedStatementFactory@626bc2b8, http://www.dbunit.org/features/caseSensitiveTableNames=false, http://www.dbunit.org/properties/fetchSize=100, http://www.dbunit.org/features/batchedStatements=false, http://www.dbunit.org/properties/metadataHandler=org.dbunit.database.DefaultMetadataHandler@3eeace42, http://www.dbunit.org/properties/datatypeFactory=org.dbunit.dataset.datatype.DefaultDataTypeFactory[_toleratedDeltaMap=org.dbunit.dataset.datatype.ToleratedDeltaMap@6452310a], http://www.dbunit.org/properties/escapePattern=null, http://www.dbunit.org/properties/batchSize=100, http://www.dbunit.org/features/qualifiedTableNames=false, http://www.dbunit.org/properties/tableType=[Ljava.lang.String;@5011bafa, http://www.dbunit.org/properties/resultSetTableFactory=org.dbunit.database.CachedResultSetTableFactory@10bcf083, http://www.dbunit.org/features/datatypeWarning=true}]) - start
192924 [main] TRACE org.dbunit.database.DatabaseConfig  - getFeature(name=http://www.dbunit.org/features/qualifiedTableNames) - start
192924 [main] TRACE org.dbunit.database.DatabaseConfig  - getProperty(name=http://www.dbunit.org/features/qualifiedTableNames) - start
192924 [main] DEBUG org.dbunit.util.QualifiedTableName  - Qualified table names feature is disabled. Returning plain table name
192924 [main] DEBUG org.dbunit.util.QualifiedTableName  - getQualifiedName(prefix=null, name=SCOPEDCONTENTCONDITIONATTRIBUTE, escapePattern=null) - start
192924 [main] DEBUG org.dbunit.util.QualifiedTableName  - getQualifiedNameIfEnabled(config=org.dbunit.database.DatabaseConfig[, _propertyMap={http://www.dbunit.org/properties/statementFactory=org.dbunit.database.statement.PreparedStatementFactory@626bc2b8, http://www.dbunit.org/features/caseSensitiveTableNames=false, http://www.dbunit.org/properties/fetchSize=100, http://www.dbunit.org/features/batchedStatements=false, http://www.dbunit.org/properties/metadataHandler=org.dbunit.database.DefaultMetadataHandler@3eeace42, http://www.dbunit.org/properties/datatypeFactory=org.dbunit.dataset.datatype.DefaultDataTypeFactory[_toleratedDeltaMap=org.dbunit.dataset.datatype.ToleratedDeltaMap@6452310a], http://www.dbunit.org/properties/escapePattern=null, http://www.dbunit.org/properties/batchSize=100, http://www.dbunit.org/features/qualifiedTableNames=false, http://www.dbunit.org/properties/tableType=[Ljava.lang.String;@5011bafa, http://www.dbunit.org/properties/resultSetTableFactory=org.dbunit.database.CachedResultSetTableFactory@10bcf083, http://www.dbunit.org/features/datatypeWarning=true}]) - start
192924 [main] TRACE org.dbunit.database.DatabaseConfig  - getFeature(name=http://www.dbunit.org/features/qualifiedTableNames) - start
192924 [main] TRACE org.dbunit.database.DatabaseConfig  - getProperty(name=http://www.dbunit.org/features/qualifiedTableNames) - start
192925 [main] DEBUG org.dbunit.util.QualifiedTableName  - Qualified table names feature is disabled. Returning plain table name
192925 [main] DEBUG org.dbunit.util.QualifiedTableName  - getQualifiedName(prefix=null, name=SCOPEDCONTENTCONDITION, escapePattern=null) - start
192925 [main] DEBUG org.dbunit.database.search.AbstractMetaDataBasedSearchCallback  - newEdge(rs=org.apache.commons.dbcp.DelegatingResultSet@2a4056b1, type=0, from=SCOPEDCONTENTCONDITIONATTRIBUTE, to=SCOPEDCONTENTCONDITION, fkColumn=SCOPEDCONTENTCONDITION, pkColumn=ID) - start
192925 [main] DEBUG org.dbunit.database.search.AbstractMetaDataBasedSearchCallback  - createFKEdge(rs=org.apache.commons.dbcp.DelegatingResultSet@2a4056b1, type=0, from=SCOPEDCONTENTCONDITIONATTRIBUTE, to=SCOPEDCONTENTCONDITION, fkColumn=SCOPEDCONTENTCONDITION, pkColumn=ID) - start
192925 [main] DEBUG org.dbunit.database.search.AbstractMetaDataBasedSearchCallback  - Adding edge SCOPEDCONTENTCONDITIONATTRIBUTE(SCOPEDCONTENTCONDITION)->SCOPEDCONTENTCONDITION(ID)
192925 [main] DEBUG org.dbunit.util.search.Edge  - compareTo(o=SCOPEDCONTENTCONDITIONATTRIBUTE(SCOPEDCONTENTCONDITION)->SCOPEDCONTENTCONDITION(ID)) - start
192925 [main] DEBUG org.dbunit.util.SQLHelper  - close(resultSet=org.apache.commons.dbcp.DelegatingResultSet@2a4056b1) - start
192925 [main] DEBUG org.dbunit.util.search.DepthFirstSearch  - search:SCOPEDCONTENTCONDITIONATTRIBUTE
192925 [main] DEBUG org.dbunit.database.search.ImportedKeysSearchCallback  - searchNode(node=SCOPEDCONTENTCONDITIONATTRIBUTE) - start
192925 [main] DEBUG org.dbunit.util.search.DepthFirstSearch  - Pushing SCOPEDCONTENTCONDITIONATTRIBUTE
192925 [main] DEBUG org.dbunit.database.search.ImportedKeysSearchCallback  - getEdges(node=SCOPEDCONTENTCONDITIONATTRIBUTE) - start
192925 [main] DEBUG org.dbunit.database.search.AbstractMetaDataBasedSearchCallback  - getNodesFromImportedKeys(node=SCOPEDCONTENTCONDITIONATTRIBUTE) - start
192925 [main] DEBUG org.dbunit.database.search.AbstractMetaDataBasedSearchCallback  - getNodes(type=0, node=SCOPEDCONTENTCONDITIONATTRIBUTE) - start
192925 [main] DEBUG org.dbunit.database.DatabaseDataSourceConnection  - getConnection() - start
192925 [main] DEBUG org.dbunit.database.search.AbstractMetaDataBasedSearchCallback  - getNodes(type=0, node=SCOPEDCONTENTCONDITIONATTRIBUTE, conn=Transaction-aware proxy for target Connection [jdbc:hsqldb:mem:kontrollDS, UserName=sw, HSQL Database Engine Driver], schema=null, metaData=org.apache.commons.dbcp.DelegatingDatabaseMetaData@65fb9422, edges=[]) - start
192925 [main] DEBUG org.dbunit.database.search.AbstractMetaDataBasedSearchCallback  - Getting edges for node SCOPEDCONTENTCONDITIONATTRIBUTE
192925 [main] TRACE org.dbunit.database.DatabaseConfig  - getProperty(name=http://www.dbunit.org/properties/metadataHandler) - start
192925 [main] TRACE org.dbunit.database.DefaultMetadataHandler  - tableExists(metaData=org.apache.commons.dbcp.DelegatingDatabaseMetaData@65fb9422, schemaName=null, tableName=SCOPEDCONTENTCONDITIONATTRIBUTE) - start
192926 [main] DEBUG org.dbunit.util.SQLHelper  - close(resultSet=org.apache.commons.dbcp.DelegatingResultSet@33c4a18) - start
192926 [main] DEBUG org.dbunit.util.QualifiedTableName  - getQualifiedNameIfEnabled(config=org.dbunit.database.DatabaseConfig[, _propertyMap={http://www.dbunit.org/properties/statementFactory=org.dbunit.database.statement.PreparedStatementFactory@626bc2b8, http://www.dbunit.org/features/caseSensitiveTableNames=false, http://www.dbunit.org/properties/fetchSize=100, http://www.dbunit.org/features/batchedStatements=false, http://www.dbunit.org/properties/metadataHandler=org.dbunit.database.DefaultMetadataHandler@3eeace42, http://www.dbunit.org/properties/datatypeFactory=org.dbunit.dataset.datatype.DefaultDataTypeFactory[_toleratedDeltaMap=org.dbunit.dataset.datatype.ToleratedDeltaMap@6452310a], http://www.dbunit.org/properties/escapePattern=null, http://www.dbunit.org/properties/batchSize=100, http://www.dbunit.org/features/qualifiedTableNames=false, http://www.dbunit.org/properties/tableType=[Ljava.lang.String;@5011bafa, http://www.dbunit.org/properties/resultSetTableFactory=org.dbunit.database.CachedResultSetTableFactory@10bcf083, http://www.dbunit.org/features/datatypeWarning=true}]) - start
192926 [main] TRACE org.dbunit.database.DatabaseConfig  - getFeature(name=http://www.dbunit.org/features/qualifiedTableNames) - start
192926 [main] TRACE org.dbunit.database.DatabaseConfig  - getProperty(name=http://www.dbunit.org/features/qualifiedTableNames) - start
192926 [main] DEBUG org.dbunit.util.QualifiedTableName  - Qualified table names feature is disabled. Returning plain table name
192927 [main] DEBUG org.dbunit.util.QualifiedTableName  - getQualifiedName(prefix=null, name=SCOPEDCONTENTCONDITIONATTRIBUTE, escapePattern=null) - start
192927 [main] DEBUG org.dbunit.util.QualifiedTableName  - getQualifiedNameIfEnabled(config=org.dbunit.database.DatabaseConfig[, _propertyMap={http://www.dbunit.org/properties/statementFactory=org.dbunit.database.statement.PreparedStatementFactory@626bc2b8, http://www.dbunit.org/features/caseSensitiveTableNames=false, http://www.dbunit.org/properties/fetchSize=100, http://www.dbunit.org/features/batchedStatements=false, http://www.dbunit.org/properties/metadataHandler=org.dbunit.database.DefaultMetadataHandler@3eeace42, http://www.dbunit.org/properties/datatypeFactory=org.dbunit.dataset.datatype.DefaultDataTypeFactory[_toleratedDeltaMap=org.dbunit.dataset.datatype.ToleratedDeltaMap@6452310a], http://www.dbunit.org/properties/escapePattern=null, http://www.dbunit.org/properties/batchSize=100, http://www.dbunit.org/features/qualifiedTableNames=false, http://www.dbunit.org/properties/tableType=[Ljava.lang.String;@5011bafa, http://www.dbunit.org/properties/resultSetTableFactory=org.dbunit.database.CachedResultSetTableFactory@10bcf083, http://www.dbunit.org/features/datatypeWarning=true}]) - start
192927 [main] TRACE org.dbunit.database.DatabaseConfig  - getFeature(name=http://www.dbunit.org/features/qualifiedTableNames) - start
192927 [main] TRACE org.dbunit.database.DatabaseConfig  - getProperty(name=http://www.dbunit.org/features/qualifiedTableNames) - start
192927 [main] DEBUG org.dbunit.util.QualifiedTableName  - Qualified table names feature is disabled. Returning plain table name
192927 [main] DEBUG org.dbunit.util.QualifiedTableName  - getQualifiedName(prefix=null, name=SCOPEDCONTENTCONDITION, escapePattern=null) - start
192927 [main] DEBUG org.dbunit.database.search.AbstractMetaDataBasedSearchCallback  - newEdge(rs=org.apache.commons.dbcp.DelegatingResultSet@25082424, type=0, from=SCOPEDCONTENTCONDITIONATTRIBUTE, to=SCOPEDCONTENTCONDITION, fkColumn=SCOPEDCONTENTCONDITION, pkColumn=ID) - start
192927 [main] DEBUG org.dbunit.database.search.AbstractMetaDataBasedSearchCallback  - createFKEdge(rs=org.apache.commons.dbcp.DelegatingResultSet@25082424, type=0, from=SCOPEDCONTENTCONDITIONATTRIBUTE, to=SCOPEDCONTENTCONDITION, fkColumn=SCOPEDCONTENTCONDITION, pkColumn=ID) - start
192927 [main] DEBUG org.dbunit.database.search.AbstractMetaDataBasedSearchCallback  - Adding edge SCOPEDCONTENTCONDITIONATTRIBUTE(SCOPEDCONTENTCONDITION)->SCOPEDCONTENTCONDITION(ID)
192927 [main] DEBUG org.dbunit.util.search.Edge  - compareTo(o=SCOPEDCONTENTCONDITIONATTRIBUTE(SCOPEDCONTENTCONDITION)->SCOPEDCONTENTCONDITION(ID)) - start
192927 [main] DEBUG org.dbunit.util.SQLHelper  - close(resultSet=org.apache.commons.dbcp.DelegatingResultSet@25082424) - start
192927 [main] DEBUG org.dbunit.util.search.DepthFirstSearch  - search:SCOPEDCONTENTCONDITION
192927 [main] DEBUG org.dbunit.database.search.ImportedKeysSearchCallback  - searchNode(node=SCOPEDCONTENTCONDITION) - start
192927 [main] DEBUG org.dbunit.util.search.DepthFirstSearch  - Pushing SCOPEDCONTENTCONDITION
192927 [main] DEBUG org.dbunit.database.search.ImportedKeysSearchCallback  - getEdges(node=SCOPEDCONTENTCONDITION) - start
192927 [main] DEBUG org.dbunit.database.search.AbstractMetaDataBasedSearchCallback  - getNodesFromImportedKeys(node=SCOPEDCONTENTCONDITION) - start
192927 [main] DEBUG org.dbunit.database.search.AbstractMetaDataBasedSearchCallback  - getNodes(type=0, node=SCOPEDCONTENTCONDITION) - start
192927 [main] DEBUG org.dbunit.database.DatabaseDataSourceConnection  - getConnection() - start
192927 [main] DEBUG org.dbunit.database.search.AbstractMetaDataBasedSearchCallback  - getNodes(type=0, node=SCOPEDCONTENTCONDITION, conn=Transaction-aware proxy for target Connection [jdbc:hsqldb:mem:kontrollDS, UserName=sw, HSQL Database Engine Driver], schema=null, metaData=org.apache.commons.dbcp.DelegatingDatabaseMetaData@397cca7a, edges=[]) - start
192927 [main] DEBUG org.dbunit.database.search.AbstractMetaDataBasedSearchCallback  - Getting edges for node SCOPEDCONTENTCONDITION
192927 [main] TRACE org.dbunit.database.DatabaseConfig  - getProperty(name=http://www.dbunit.org/properties/metadataHandler) - start
192927 [main] TRACE org.dbunit.database.DefaultMetadataHandler  - tableExists(metaData=org.apache.commons.dbcp.DelegatingDatabaseMetaData@397cca7a, schemaName=null, tableName=SCOPEDCONTENTCONDITION) - start
192928 [main] DEBUG org.dbunit.util.SQLHelper  - close(resultSet=org.apache.commons.dbcp.DelegatingResultSet@4de61144) - start
192928 [main] DEBUG org.dbunit.util.SQLHelper  - close(resultSet=org.apache.commons.dbcp.DelegatingResultSet@2e96cbb0) - start
192928 [main] DEBUG org.dbunit.util.search.DepthFirstSearch  - Adding node SCOPEDCONTENTCONDITION to the final result
192929 [main] DEBUG org.dbunit.util.search.DepthFirstSearch  - Adding node SCOPEDCONTENTCONDITIONATTRIBUTE to the final result
192929 [main] DEBUG org.dbunit.util.search.DepthFirstSearch  - reverseSearch:SCOPEDCONTENTCONDITION
192929 [main] DEBUG org.dbunit.database.search.ImportedKeysSearchCallback  - searchNode(node=SCOPEDCONTENTCONDITION) - start
192929 [main] DEBUG org.dbunit.util.search.DepthFirstSearch  - Pushing (reverse) SCOPEDCONTENTCONDITION
192929 [main] DEBUG org.dbunit.database.search.ImportedKeysSearchCallback  - getEdges(node=SCOPEDCONTENTCONDITION) - start
192929 [main] DEBUG org.dbunit.database.search.AbstractMetaDataBasedSearchCallback  - getNodesFromImportedKeys(node=SCOPEDCONTENTCONDITION) - start
192929 [main] DEBUG org.dbunit.database.search.AbstractMetaDataBasedSearchCallback  - getNodes(type=0, node=SCOPEDCONTENTCONDITION) - start
192929 [main] DEBUG org.dbunit.database.DatabaseDataSourceConnection  - getConnection() - start
192929 [main] DEBUG org.dbunit.database.search.AbstractMetaDataBasedSearchCallback  - getNodes(type=0, node=SCOPEDCONTENTCONDITION, conn=Transaction-aware proxy for target Connection [jdbc:hsqldb:mem:kontrollDS, UserName=sw, HSQL Database Engine Driver], schema=null, metaData=org.apache.commons.dbcp.DelegatingDatabaseMetaData@2e16a7b5, edges=[]) - start
192929 [main] DEBUG org.dbunit.database.search.AbstractMetaDataBasedSearchCallback  - Getting edges for node SCOPEDCONTENTCONDITION
192929 [main] TRACE org.dbunit.database.DatabaseConfig  - getProperty(name=http://www.dbunit.org/properties/metadataHandler) - start
192929 [main] TRACE org.dbunit.database.DefaultMetadataHandler  - tableExists(metaData=org.apache.commons.dbcp.DelegatingDatabaseMetaData@2e16a7b5, schemaName=null, tableName=SCOPEDCONTENTCONDITION) - start
192930 [main] DEBUG org.dbunit.util.SQLHelper  - close(resultSet=org.apache.commons.dbcp.DelegatingResultSet@cb0db75) - start
192930 [main] DEBUG org.dbunit.util.SQLHelper  - close(resultSet=org.apache.commons.dbcp.DelegatingResultSet@49b0741a) - start
192930 [main] DEBUG org.dbunit.util.search.DepthFirstSearch  - reverseSearch:SCOPEDCONTENTCONDITIONATTRIBUTE
192930 [main] DEBUG org.dbunit.util.search.DepthFirstSearch  - already searched; returning true
192930 [main] DEBUG org.dbunit.util.search.DepthFirstSearch  - search:SCOPEDCONTENTCONDITIONATTRIBUTE
192930 [main] DEBUG org.dbunit.util.search.DepthFirstSearch  - already searched; returning true
192930 [main] DEBUG org.dbunit.util.search.DepthFirstSearch  - search:SCOPEDCONTENTCONDITION
192930 [main] DEBUG org.dbunit.util.search.DepthFirstSearch  - already searched; returning true
192930 [main] DEBUG org.dbunit.database.DatabaseSequenceFilter  - getDependencyInfo(connection=_databaseConfig=org.dbunit.database.DatabaseConfig[, _propertyMap={http://www.dbunit.org/properties/statementFactory=org.dbunit.database.statement.PreparedStatementFactory@626bc2b8, http://www.dbunit.org/features/caseSensitiveTableNames=false, http://www.dbunit.org/properties/fetchSize=100, http://www.dbunit.org/features/batchedStatements=false, http://www.dbunit.org/properties/metadataHandler=org.dbunit.database.DefaultMetadataHandler@3eeace42, http://www.dbunit.org/properties/datatypeFactory=org.dbunit.dataset.datatype.DefaultDataTypeFactory[_toleratedDeltaMap=org.dbunit.dataset.datatype.ToleratedDeltaMap@6452310a], http://www.dbunit.org/properties/escapePattern=null, http://www.dbunit.org/properties/batchSize=100, http://www.dbunit.org/features/qualifiedTableNames=false, http://www.dbunit.org/properties/tableType=[Ljava.lang.String;@5011bafa, http://www.dbunit.org/properties/resultSetTableFactory=org.dbunit.database.CachedResultSetTableFactory@10bcf083, http://www.dbunit.org/features/datatypeWarning=true}], _dataSet=AbstractDataSet[_orderedTableNameMap=null], tableName=SCOPEDCONTENTCONDITIONS_SCOPEDCONTENT) - start
192930 [main] DEBUG org.dbunit.database.search.TablesDependencyHelper  - getDependentTables(connection=_databaseConfig=org.dbunit.database.DatabaseConfig[, _propertyMap={http://www.dbunit.org/properties/statementFactory=org.dbunit.database.statement.PreparedStatementFactory@626bc2b8, http://www.dbunit.org/features/caseSensitiveTableNames=false, http://www.dbunit.org/properties/fetchSize=100, http://www.dbunit.org/features/batchedStatements=false, http://www.dbunit.org/properties/metadataHandler=org.dbunit.database.DefaultMetadataHandler@3eeace42, http://www.dbunit.org/properties/datatypeFactory=org.dbunit.dataset.datatype.DefaultDataTypeFactory[_toleratedDeltaMap=org.dbunit.dataset.datatype.ToleratedDeltaMap@6452310a], http://www.dbunit.org/properties/escapePattern=null, http://www.dbunit.org/properties/batchSize=100, http://www.dbunit.org/features/qualifiedTableNames=false, http://www.dbunit.org/properties/tableType=[Ljava.lang.String;@5011bafa, http://www.dbunit.org/properties/resultSetTableFactory=org.dbunit.database.CachedResultSetTableFactory@10bcf083, http://www.dbunit.org/features/datatypeWarning=true}], _dataSet=AbstractDataSet[_orderedTableNameMap=null], rootTable=SCOPEDCONTENTCONDITIONS_SCOPEDCONTENT) - start
192930 [main] DEBUG org.dbunit.database.search.TablesDependencyHelper  - getDependentTables(connection=_databaseConfig=org.dbunit.database.DatabaseConfig[, _propertyMap={http://www.dbunit.org/properties/statementFactory=org.dbunit.database.statement.PreparedStatementFactory@626bc2b8, http://www.dbunit.org/features/caseSensitiveTableNames=false, http://www.dbunit.org/properties/fetchSize=100, http://www.dbunit.org/features/batchedStatements=false, http://www.dbunit.org/properties/metadataHandler=org.dbunit.database.DefaultMetadataHandler@3eeace42, http://www.dbunit.org/properties/datatypeFactory=org.dbunit.dataset.datatype.DefaultDataTypeFactory[_toleratedDeltaMap=org.dbunit.dataset.datatype.ToleratedDeltaMap@6452310a], http://www.dbunit.org/properties/escapePattern=null, http://www.dbunit.org/properties/batchSize=100, http://www.dbunit.org/features/qualifiedTableNames=false, http://www.dbunit.org/properties/tableType=[Ljava.lang.String;@5011bafa, http://www.dbunit.org/properties/resultSetTableFactory=org.dbunit.database.CachedResultSetTableFactory@10bcf083, http://www.dbunit.org/features/datatypeWarning=true}], _dataSet=AbstractDataSet[_orderedTableNameMap=null], rootTables=[SCOPEDCONTENTCONDITIONS_SCOPEDCONTENT]) - start
192931 [main] DEBUG org.dbunit.util.search.DepthFirstSearch  - search(nodesFrom=[SCOPEDCONTENTCONDITIONS_SCOPEDCONTENT], callback=org.dbunit.database.search.ImportedKeysSearchCallback@10d893ee) - start
192931 [main] DEBUG org.dbunit.util.CollectionsHelper  - objectsToSet(objects=SCOPEDCONTENTCONDITIONS_SCOPEDCONTENT) - start
192931 [main] DEBUG org.dbunit.util.search.DepthFirstSearch  - search(nodesFrom=[SCOPEDCONTENTCONDITIONS_SCOPEDCONTENT], callback=org.dbunit.database.search.ImportedKeysSearchCallback@10d893ee) - start
192931 [main] DEBUG org.dbunit.util.search.DepthFirstSearch  - reverseSearch:SCOPEDCONTENTCONDITIONS_SCOPEDCONTENT
192931 [main] DEBUG org.dbunit.database.search.ImportedKeysSearchCallback  - searchNode(node=SCOPEDCONTENTCONDITIONS_SCOPEDCONTENT) - start
192931 [main] DEBUG org.dbunit.util.search.DepthFirstSearch  - Pushing (reverse) SCOPEDCONTENTCONDITIONS_SCOPEDCONTENT
192931 [main] DEBUG org.dbunit.database.search.ImportedKeysSearchCallback  - getEdges(node=SCOPEDCONTENTCONDITIONS_SCOPEDCONTENT) - start
192931 [main] DEBUG org.dbunit.database.search.AbstractMetaDataBasedSearchCallback  - getNodesFromImportedKeys(node=SCOPEDCONTENTCONDITIONS_SCOPEDCONTENT) - start
192931 [main] DEBUG org.dbunit.database.search.AbstractMetaDataBasedSearchCallback  - getNodes(type=0, node=SCOPEDCONTENTCONDITIONS_SCOPEDCONTENT) - start
192931 [main] DEBUG org.dbunit.database.DatabaseDataSourceConnection  - getConnection() - start
192931 [main] DEBUG org.dbunit.database.search.AbstractMetaDataBasedSearchCallback  - getNodes(type=0, node=SCOPEDCONTENTCONDITIONS_SCOPEDCONTENT, conn=Transaction-aware proxy for target Connection [jdbc:hsqldb:mem:kontrollDS, UserName=sw, HSQL Database Engine Driver], schema=null, metaData=org.apache.commons.dbcp.DelegatingDatabaseMetaData@7ad7f6e5, edges=[]) - start
192931 [main] DEBUG org.dbunit.database.search.AbstractMetaDataBasedSearchCallback  - Getting edges for node SCOPEDCONTENTCONDITIONS_SCOPEDCONTENT
192931 [main] TRACE org.dbunit.database.DatabaseConfig  - getProperty(name=http://www.dbunit.org/properties/metadataHandler) - start
192931 [main] TRACE org.dbunit.database.DefaultMetadataHandler  - tableExists(metaData=org.apache.commons.dbcp.DelegatingDatabaseMetaData@7ad7f6e5, schemaName=null, tableName=SCOPEDCONTENTCONDITIONS_SCOPEDCONTENT) - start
192932 [main] DEBUG org.dbunit.util.SQLHelper  - close(resultSet=org.apache.commons.dbcp.DelegatingResultSet@56d5e813) - start
192932 [main] DEBUG org.dbunit.util.QualifiedTableName  - getQualifiedNameIfEnabled(config=org.dbunit.database.DatabaseConfig[, _propertyMap={http://www.dbunit.org/properties/statementFactory=org.dbunit.database.statement.PreparedStatementFactory@626bc2b8, http://www.dbunit.org/features/caseSensitiveTableNames=false, http://www.dbunit.org/properties/fetchSize=100, http://www.dbunit.org/features/batchedStatements=false, http://www.dbunit.org/properties/metadataHandler=org.dbunit.database.DefaultMetadataHandler@3eeace42, http://www.dbunit.org/properties/datatypeFactory=org.dbunit.dataset.datatype.DefaultDataTypeFactory[_toleratedDeltaMap=org.dbunit.dataset.datatype.ToleratedDeltaMap@6452310a], http://www.dbunit.org/properties/escapePattern=null, http://www.dbunit.org/properties/batchSize=100, http://www.dbunit.org/features/qualifiedTableNames=false, http://www.dbunit.org/properties/tableType=[Ljava.lang.String;@5011bafa, http://www.dbunit.org/properties/resultSetTableFactory=org.dbunit.database.CachedResultSetTableFactory@10bcf083, http://www.dbunit.org/features/datatypeWarning=true}]) - start
192932 [main] TRACE org.dbunit.database.DatabaseConfig  - getFeature(name=http://www.dbunit.org/features/qualifiedTableNames) - start
192932 [main] TRACE org.dbunit.database.DatabaseConfig  - getProperty(name=http://www.dbunit.org/features/qualifiedTableNames) - start
192932 [main] DEBUG org.dbunit.util.QualifiedTableName  - Qualified table names feature is disabled. Returning plain table name
192932 [main] DEBUG org.dbunit.util.QualifiedTableName  - getQualifiedName(prefix=null, name=SCOPEDCONTENTCONDITIONS_SCOPEDCONTENT, escapePattern=null) - start
192932 [main] DEBUG org.dbunit.util.QualifiedTableName  - getQualifiedNameIfEnabled(config=org.dbunit.database.DatabaseConfig[, _propertyMap={http://www.dbunit.org/properties/statementFactory=org.dbunit.database.statement.PreparedStatementFactory@626bc2b8, http://www.dbunit.org/features/caseSensitiveTableNames=false, http://www.dbunit.org/properties/fetchSize=100, http://www.dbunit.org/features/batchedStatements=false, http://www.dbunit.org/properties/metadataHandler=org.dbunit.database.DefaultMetadataHandler@3eeace42, http://www.dbunit.org/properties/datatypeFactory=org.dbunit.dataset.datatype.DefaultDataTypeFactory[_toleratedDeltaMap=org.dbunit.dataset.datatype.ToleratedDeltaMap@6452310a], http://www.dbunit.org/properties/escapePattern=null, http://www.dbunit.org/properties/batchSize=100, http://www.dbunit.org/features/qualifiedTableNames=false, http://www.dbunit.org/properties/tableType=[Ljava.lang.String;@5011bafa, http://www.dbunit.org/properties/resultSetTableFactory=org.dbunit.database.CachedResultSetTableFactory@10bcf083, http://www.dbunit.org/features/datatypeWarning=true}]) - start
192933 [main] TRACE org.dbunit.database.DatabaseConfig  - getFeature(name=http://www.dbunit.org/features/qualifiedTableNames) - start
192933 [main] TRACE org.dbunit.database.DatabaseConfig  - getProperty(name=http://www.dbunit.org/features/qualifiedTableNames) - start
192933 [main] DEBUG org.dbunit.util.QualifiedTableName  - Qualified table names feature is disabled. Returning plain table name
192933 [main] DEBUG org.dbunit.util.QualifiedTableName  - getQualifiedName(prefix=null, name=SCOPEDCONTENT, escapePattern=null) - start
192933 [main] DEBUG org.dbunit.database.search.AbstractMetaDataBasedSearchCallback  - newEdge(rs=org.apache.commons.dbcp.DelegatingResultSet@7141da81, type=0, from=SCOPEDCONTENTCONDITIONS_SCOPEDCONTENT, to=SCOPEDCONTENT, fkColumn=SCOPED_CONTENT_ID, pkColumn=ID) - start
192933 [main] DEBUG org.dbunit.database.search.AbstractMetaDataBasedSearchCallback  - createFKEdge(rs=org.apache.commons.dbcp.DelegatingResultSet@7141da81, type=0, from=SCOPEDCONTENTCONDITIONS_SCOPEDCONTENT, to=SCOPEDCONTENT, fkColumn=SCOPED_CONTENT_ID, pkColumn=ID) - start
192933 [main] DEBUG org.dbunit.database.search.AbstractMetaDataBasedSearchCallback  - Adding edge SCOPEDCONTENTCONDITIONS_SCOPEDCONTENT(SCOPED_CONTENT_ID)->SCOPEDCONTENT(ID)
192933 [main] DEBUG org.dbunit.util.search.Edge  - compareTo(o=SCOPEDCONTENTCONDITIONS_SCOPEDCONTENT(SCOPED_CONTENT_ID)->SCOPEDCONTENT(ID)) - start
192933 [main] DEBUG org.dbunit.util.QualifiedTableName  - getQualifiedNameIfEnabled(config=org.dbunit.database.DatabaseConfig[, _propertyMap={http://www.dbunit.org/properties/statementFactory=org.dbunit.database.statement.PreparedStatementFactory@626bc2b8, http://www.dbunit.org/features/caseSensitiveTableNames=false, http://www.dbunit.org/properties/fetchSize=100, http://www.dbunit.org/features/batchedStatements=false, http://www.dbunit.org/properties/metadataHandler=org.dbunit.database.DefaultMetadataHandler@3eeace42, http://www.dbunit.org/properties/datatypeFactory=org.dbunit.dataset.datatype.DefaultDataTypeFactory[_toleratedDeltaMap=org.dbunit.dataset.datatype.ToleratedDeltaMap@6452310a], http://www.dbunit.org/properties/escapePattern=null, http://www.dbunit.org/properties/batchSize=100, http://www.dbunit.org/features/qualifiedTableNames=false, http://www.dbunit.org/properties/tableType=[Ljava.lang.String;@5011bafa, http://www.dbunit.org/properties/resultSetTableFactory=org.dbunit.database.CachedResultSetTableFactory@10bcf083, http://www.dbunit.org/features/datatypeWarning=true}]) - start
192933 [main] TRACE org.dbunit.database.DatabaseConfig  - getFeature(name=http://www.dbunit.org/features/qualifiedTableNames) - start
192933 [main] TRACE org.dbunit.database.DatabaseConfig  - getProperty(name=http://www.dbunit.org/features/qualifiedTableNames) - start
192933 [main] DEBUG org.dbunit.util.QualifiedTableName  - Qualified table names feature is disabled. Returning plain table name
192933 [main] DEBUG org.dbunit.util.QualifiedTableName  - getQualifiedName(prefix=null, name=SCOPEDCONTENTCONDITIONS_SCOPEDCONTENT, escapePattern=null) - start
192933 [main] DEBUG org.dbunit.util.QualifiedTableName  - getQualifiedNameIfEnabled(config=org.dbunit.database.DatabaseConfig[, _propertyMap={http://www.dbunit.org/properties/statementFactory=org.dbunit.database.statement.PreparedStatementFactory@626bc2b8, http://www.dbunit.org/features/caseSensitiveTableNames=false, http://www.dbunit.org/properties/fetchSize=100, http://www.dbunit.org/features/batchedStatements=false, http://www.dbunit.org/properties/metadataHandler=org.dbunit.database.DefaultMetadataHandler@3eeace42, http://www.dbunit.org/properties/datatypeFactory=org.dbunit.dataset.datatype.DefaultDataTypeFactory[_toleratedDeltaMap=org.dbunit.dataset.datatype.ToleratedDeltaMap@6452310a], http://www.dbunit.org/properties/escapePattern=null, http://www.dbunit.org/properties/batchSize=100, http://www.dbunit.org/features/qualifiedTableNames=false, http://www.dbunit.org/properties/tableType=[Ljava.lang.String;@5011bafa, http://www.dbunit.org/properties/resultSetTableFactory=org.dbunit.database.CachedResultSetTableFactory@10bcf083, http://www.dbunit.org/features/datatypeWarning=true}]) - start
192933 [main] TRACE org.dbunit.database.DatabaseConfig  - getFeature(name=http://www.dbunit.org/features/qualifiedTableNames) - start
192933 [main] TRACE org.dbunit.database.DatabaseConfig  - getProperty(name=http://www.dbunit.org/features/qualifiedTableNames) - start
192933 [main] DEBUG org.dbunit.util.QualifiedTableName  - Qualified table names feature is disabled. Returning plain table name
192933 [main] DEBUG org.dbunit.util.QualifiedTableName  - getQualifiedName(prefix=null, name=SCOPEDCONTENTCONDITION, escapePattern=null) - start
192933 [main] DEBUG org.dbunit.database.search.AbstractMetaDataBasedSearchCallback  - newEdge(rs=org.apache.commons.dbcp.DelegatingResultSet@7141da81, type=0, from=SCOPEDCONTENTCONDITIONS_SCOPEDCONTENT, to=SCOPEDCONTENTCONDITION, fkColumn=SCOPED_CONTENT_CONDITION_ID, pkColumn=ID) - start
192933 [main] DEBUG org.dbunit.database.search.AbstractMetaDataBasedSearchCallback  - createFKEdge(rs=org.apache.commons.dbcp.DelegatingResultSet@7141da81, type=0, from=SCOPEDCONTENTCONDITIONS_SCOPEDCONTENT, to=SCOPEDCONTENTCONDITION, fkColumn=SCOPED_CONTENT_CONDITION_ID, pkColumn=ID) - start
192933 [main] DEBUG org.dbunit.database.search.AbstractMetaDataBasedSearchCallback  - Adding edge SCOPEDCONTENTCONDITIONS_SCOPEDCONTENT(SCOPED_CONTENT_CONDITION_ID)->SCOPEDCONTENTCONDITION(ID)
192933 [main] DEBUG org.dbunit.util.search.Edge  - compareTo(o=SCOPEDCONTENTCONDITIONS_SCOPEDCONTENT(SCOPED_CONTENT_ID)->SCOPEDCONTENT(ID)) - start
192933 [main] DEBUG org.dbunit.util.SQLHelper  - close(resultSet=org.apache.commons.dbcp.DelegatingResultSet@7141da81) - start
192933 [main] DEBUG org.dbunit.util.search.DepthFirstSearch  - search:SCOPEDCONTENTCONDITIONS_SCOPEDCONTENT
192933 [main] DEBUG org.dbunit.database.search.ImportedKeysSearchCallback  - searchNode(node=SCOPEDCONTENTCONDITIONS_SCOPEDCONTENT) - start
192933 [main] DEBUG org.dbunit.util.search.DepthFirstSearch  - Pushing SCOPEDCONTENTCONDITIONS_SCOPEDCONTENT
192933 [main] DEBUG org.dbunit.database.search.ImportedKeysSearchCallback  - getEdges(node=SCOPEDCONTENTCONDITIONS_SCOPEDCONTENT) - start
192933 [main] DEBUG org.dbunit.database.search.AbstractMetaDataBasedSearchCallback  - getNodesFromImportedKeys(node=SCOPEDCONTENTCONDITIONS_SCOPEDCONTENT) - start
192933 [main] DEBUG org.dbunit.database.search.AbstractMetaDataBasedSearchCallback  - getNodes(type=0, node=SCOPEDCONTENTCONDITIONS_SCOPEDCONTENT) - start
192934 [main] DEBUG org.dbunit.database.DatabaseDataSourceConnection  - getConnection() - start
192934 [main] DEBUG org.dbunit.database.search.AbstractMetaDataBasedSearchCallback  - getNodes(type=0, node=SCOPEDCONTENTCONDITIONS_SCOPEDCONTENT, conn=Transaction-aware proxy for target Connection [jdbc:hsqldb:mem:kontrollDS, UserName=sw, HSQL Database Engine Driver], schema=null, metaData=org.apache.commons.dbcp.DelegatingDatabaseMetaData@1a70853e, edges=[]) - start
192934 [main] DEBUG org.dbunit.database.search.AbstractMetaDataBasedSearchCallback  - Getting edges for node SCOPEDCONTENTCONDITIONS_SCOPEDCONTENT
192934 [main] TRACE org.dbunit.database.DatabaseConfig  - getProperty(name=http://www.dbunit.org/properties/metadataHandler) - start
192934 [main] TRACE org.dbunit.database.DefaultMetadataHandler  - tableExists(metaData=org.apache.commons.dbcp.DelegatingDatabaseMetaData@1a70853e, schemaName=null, tableName=SCOPEDCONTENTCONDITIONS_SCOPEDCONTENT) - start
192935 [main] DEBUG org.dbunit.util.SQLHelper  - close(resultSet=org.apache.commons.dbcp.DelegatingResultSet@276bcc51) - start
192935 [main] DEBUG org.dbunit.util.QualifiedTableName  - getQualifiedNameIfEnabled(config=org.dbunit.database.DatabaseConfig[, _propertyMap={http://www.dbunit.org/properties/statementFactory=org.dbunit.database.statement.PreparedStatementFactory@626bc2b8, http://www.dbunit.org/features/caseSensitiveTableNames=false, http://www.dbunit.org/properties/fetchSize=100, http://www.dbunit.org/features/batchedStatements=false, http://www.dbunit.org/properties/metadataHandler=org.dbunit.database.DefaultMetadataHandler@3eeace42, http://www.dbunit.org/properties/datatypeFactory=org.dbunit.dataset.datatype.DefaultDataTypeFactory[_toleratedDeltaMap=org.dbunit.dataset.datatype.ToleratedDeltaMap@6452310a], http://www.dbunit.org/properties/escapePattern=null, http://www.dbunit.org/properties/batchSize=100, http://www.dbunit.org/features/qualifiedTableNames=false, http://www.dbunit.org/properties/tableType=[Ljava.lang.String;@5011bafa, http://www.dbunit.org/properties/resultSetTableFactory=org.dbunit.database.CachedResultSetTableFactory@10bcf083, http://www.dbunit.org/features/datatypeWarning=true}]) - start
192935 [main] TRACE org.dbunit.database.DatabaseConfig  - getFeature(name=http://www.dbunit.org/features/qualifiedTableNames) - start
192935 [main] TRACE org.dbunit.database.DatabaseConfig  - getProperty(name=http://www.dbunit.org/features/qualifiedTableNames) - start
192935 [main] DEBUG org.dbunit.util.QualifiedTableName  - Qualified table names feature is disabled. Returning plain table name
192935 [main] DEBUG org.dbunit.util.QualifiedTableName  - getQualifiedName(prefix=null, name=SCOPEDCONTENTCONDITIONS_SCOPEDCONTENT, escapePattern=null) - start
192935 [main] DEBUG org.dbunit.util.QualifiedTableName  - getQualifiedNameIfEnabled(config=org.dbunit.database.DatabaseConfig[, _propertyMap={http://www.dbunit.org/properties/statementFactory=org.dbunit.database.statement.PreparedStatementFactory@626bc2b8, http://www.dbunit.org/features/caseSensitiveTableNames=false, http://www.dbunit.org/properties/fetchSize=100, http://www.dbunit.org/features/batchedStatements=false, http://www.dbunit.org/properties/metadataHandler=org.dbunit.database.DefaultMetadataHandler@3eeace42, http://www.dbunit.org/properties/datatypeFactory=org.dbunit.dataset.datatype.DefaultDataTypeFactory[_toleratedDeltaMap=org.dbunit.dataset.datatype.ToleratedDeltaMap@6452310a], http://www.dbunit.org/properties/escapePattern=null, http://www.dbunit.org/properties/batchSize=100, http://www.dbunit.org/features/qualifiedTableNames=false, http://www.dbunit.org/properties/tableType=[Ljava.lang.String;@5011bafa, http://www.dbunit.org/properties/resultSetTableFactory=org.dbunit.database.CachedResultSetTableFactory@10bcf083, http://www.dbunit.org/features/datatypeWarning=true}]) - start
192935 [main] TRACE org.dbunit.database.DatabaseConfig  - getFeature(name=http://www.dbunit.org/features/qualifiedTableNames) - start
192935 [main] TRACE org.dbunit.database.DatabaseConfig  - getProperty(name=http://www.dbunit.org/features/qualifiedTableNames) - start
192935 [main] DEBUG org.dbunit.util.QualifiedTableName  - Qualified table names feature is disabled. Returning plain table name
192935 [main] DEBUG org.dbunit.util.QualifiedTableName  - getQualifiedName(prefix=null, name=SCOPEDCONTENT, escapePattern=null) - start
192935 [main] DEBUG org.dbunit.database.search.AbstractMetaDataBasedSearchCallback  - newEdge(rs=org.apache.commons.dbcp.DelegatingResultSet@69ab262b, type=0, from=SCOPEDCONTENTCONDITIONS_SCOPEDCONTENT, to=SCOPEDCONTENT, fkColumn=SCOPED_CONTENT_ID, pkColumn=ID) - start
192936 [main] DEBUG org.dbunit.database.search.AbstractMetaDataBasedSearchCallback  - createFKEdge(rs=org.apache.commons.dbcp.DelegatingResultSet@69ab262b, type=0, from=SCOPEDCONTENTCONDITIONS_SCOPEDCONTENT, to=SCOPEDCONTENT, fkColumn=SCOPED_CONTENT_ID, pkColumn=ID) - start
192936 [main] DEBUG org.dbunit.database.search.AbstractMetaDataBasedSearchCallback  - Adding edge SCOPEDCONTENTCONDITIONS_SCOPEDCONTENT(SCOPED_CONTENT_ID)->SCOPEDCONTENT(ID)
192936 [main] DEBUG org.dbunit.util.search.Edge  - compareTo(o=SCOPEDCONTENTCONDITIONS_SCOPEDCONTENT(SCOPED_CONTENT_ID)->SCOPEDCONTENT(ID)) - start
192936 [main] DEBUG org.dbunit.util.QualifiedTableName  - getQualifiedNameIfEnabled(config=org.dbunit.database.DatabaseConfig[, _propertyMap={http://www.dbunit.org/properties/statementFactory=org.dbunit.database.statement.PreparedStatementFactory@626bc2b8, http://www.dbunit.org/features/caseSensitiveTableNames=false, http://www.dbunit.org/properties/fetchSize=100, http://www.dbunit.org/features/batchedStatements=false, http://www.dbunit.org/properties/metadataHandler=org.dbunit.database.DefaultMetadataHandler@3eeace42, http://www.dbunit.org/properties/datatypeFactory=org.dbunit.dataset.datatype.DefaultDataTypeFactory[_toleratedDeltaMap=org.dbunit.dataset.datatype.ToleratedDeltaMap@6452310a], http://www.dbunit.org/properties/escapePattern=null, http://www.dbunit.org/properties/batchSize=100, http://www.dbunit.org/features/qualifiedTableNames=false, http://www.dbunit.org/properties/tableType=[Ljava.lang.String;@5011bafa, http://www.dbunit.org/properties/resultSetTableFactory=org.dbunit.database.CachedResultSetTableFactory@10bcf083, http://www.dbunit.org/features/datatypeWarning=true}]) - start
192936 [main] TRACE org.dbunit.database.DatabaseConfig  - getFeature(name=http://www.dbunit.org/features/qualifiedTableNames) - start
192936 [main] TRACE org.dbunit.database.DatabaseConfig  - getProperty(name=http://www.dbunit.org/features/qualifiedTableNames) - start
192936 [main] DEBUG org.dbunit.util.QualifiedTableName  - Qualified table names feature is disabled. Returning plain table name
192936 [main] DEBUG org.dbunit.util.QualifiedTableName  - getQualifiedName(prefix=null, name=SCOPEDCONTENTCONDITIONS_SCOPEDCONTENT, escapePattern=null) - start
192936 [main] DEBUG org.dbunit.util.QualifiedTableName  - getQualifiedNameIfEnabled(config=org.dbunit.database.DatabaseConfig[, _propertyMap={http://www.dbunit.org/properties/statementFactory=org.dbunit.database.statement.PreparedStatementFactory@626bc2b8, http://www.dbunit.org/features/caseSensitiveTableNames=false, http://www.dbunit.org/properties/fetchSize=100, http://www.dbunit.org/features/batchedStatements=false, http://www.dbunit.org/properties/metadataHandler=org.dbunit.database.DefaultMetadataHandler@3eeace42, http://www.dbunit.org/properties/datatypeFactory=org.dbunit.dataset.datatype.DefaultDataTypeFactory[_toleratedDeltaMap=org.dbunit.dataset.datatype.ToleratedDeltaMap@6452310a], http://www.dbunit.org/properties/escapePattern=null, http://www.dbunit.org/properties/batchSize=100, http://www.dbunit.org/features/qualifiedTableNames=false, http://www.dbunit.org/properties/tableType=[Ljava.lang.String;@5011bafa, http://www.dbunit.org/properties/resultSetTableFactory=org.dbunit.database.CachedResultSetTableFactory@10bcf083, http://www.dbunit.org/features/datatypeWarning=true}]) - start
192936 [main] TRACE org.dbunit.database.DatabaseConfig  - getFeature(name=http://www.dbunit.org/features/qualifiedTableNames) - start
192936 [main] TRACE org.dbunit.database.DatabaseConfig  - getProperty(name=http://www.dbunit.org/features/qualifiedTableNames) - start
192936 [main] DEBUG org.dbunit.util.QualifiedTableName  - Qualified table names feature is disabled. Returning plain table name
192936 [main] DEBUG org.dbunit.util.QualifiedTableName  - getQualifiedName(prefix=null, name=SCOPEDCONTENTCONDITION, escapePattern=null) - start
192936 [main] DEBUG org.dbunit.database.search.AbstractMetaDataBasedSearchCallback  - newEdge(rs=org.apache.commons.dbcp.DelegatingResultSet@69ab262b, type=0, from=SCOPEDCONTENTCONDITIONS_SCOPEDCONTENT, to=SCOPEDCONTENTCONDITION, fkColumn=SCOPED_CONTENT_CONDITION_ID, pkColumn=ID) - start
192936 [main] DEBUG org.dbunit.database.search.AbstractMetaDataBasedSearchCallback  - createFKEdge(rs=org.apache.commons.dbcp.DelegatingResultSet@69ab262b, type=0, from=SCOPEDCONTENTCONDITIONS_SCOPEDCONTENT, to=SCOPEDCONTENTCONDITION, fkColumn=SCOPED_CONTENT_CONDITION_ID, pkColumn=ID) - start
192936 [main] DEBUG org.dbunit.database.search.AbstractMetaDataBasedSearchCallback  - Adding edge SCOPEDCONTENTCONDITIONS_SCOPEDCONTENT(SCOPED_CONTENT_CONDITION_ID)->SCOPEDCONTENTCONDITION(ID)
192936 [main] DEBUG org.dbunit.util.search.Edge  - compareTo(o=SCOPEDCONTENTCONDITIONS_SCOPEDCONTENT(SCOPED_CONTENT_ID)->SCOPEDCONTENT(ID)) - start
192936 [main] DEBUG org.dbunit.util.SQLHelper  - close(resultSet=org.apache.commons.dbcp.DelegatingResultSet@69ab262b) - start
192936 [main] DEBUG org.dbunit.util.search.DepthFirstSearch  - search:SCOPEDCONTENT
192936 [main] DEBUG org.dbunit.database.search.ImportedKeysSearchCallback  - searchNode(node=SCOPEDCONTENT) - start
192936 [main] DEBUG org.dbunit.util.search.DepthFirstSearch  - Pushing SCOPEDCONTENT
192936 [main] DEBUG org.dbunit.database.search.ImportedKeysSearchCallback  - getEdges(node=SCOPEDCONTENT) - start
192936 [main] DEBUG org.dbunit.database.search.AbstractMetaDataBasedSearchCallback  - getNodesFromImportedKeys(node=SCOPEDCONTENT) - start
192936 [main] DEBUG org.dbunit.database.search.AbstractMetaDataBasedSearchCallback  - getNodes(type=0, node=SCOPEDCONTENT) - start
192936 [main] DEBUG org.dbunit.database.DatabaseDataSourceConnection  - getConnection() - start
192936 [main] DEBUG org.dbunit.database.search.AbstractMetaDataBasedSearchCallback  - getNodes(type=0, node=SCOPEDCONTENT, conn=Transaction-aware proxy for target Connection [jdbc:hsqldb:mem:kontrollDS, UserName=sw, HSQL Database Engine Driver], schema=null, metaData=org.apache.commons.dbcp.DelegatingDatabaseMetaData@6357073f, edges=[]) - start
192937 [main] DEBUG org.dbunit.database.search.AbstractMetaDataBasedSearchCallback  - Getting edges for node SCOPEDCONTENT
192937 [main] TRACE org.dbunit.database.DatabaseConfig  - getProperty(name=http://www.dbunit.org/properties/metadataHandler) - start
192937 [main] TRACE org.dbunit.database.DefaultMetadataHandler  - tableExists(metaData=org.apache.commons.dbcp.DelegatingDatabaseMetaData@6357073f, schemaName=null, tableName=SCOPEDCONTENT) - start
192938 [main] DEBUG org.dbunit.util.SQLHelper  - close(resultSet=org.apache.commons.dbcp.DelegatingResultSet@484d3c75) - start
192938 [main] DEBUG org.dbunit.util.QualifiedTableName  - getQualifiedNameIfEnabled(config=org.dbunit.database.DatabaseConfig[, _propertyMap={http://www.dbunit.org/properties/statementFactory=org.dbunit.database.statement.PreparedStatementFactory@626bc2b8, http://www.dbunit.org/features/caseSensitiveTableNames=false, http://www.dbunit.org/properties/fetchSize=100, http://www.dbunit.org/features/batchedStatements=false, http://www.dbunit.org/properties/metadataHandler=org.dbunit.database.DefaultMetadataHandler@3eeace42, http://www.dbunit.org/properties/datatypeFactory=org.dbunit.dataset.datatype.DefaultDataTypeFactory[_toleratedDeltaMap=org.dbunit.dataset.datatype.ToleratedDeltaMap@6452310a], http://www.dbunit.org/properties/escapePattern=null, http://www.dbunit.org/properties/batchSize=100, http://www.dbunit.org/features/qualifiedTableNames=false, http://www.dbunit.org/properties/tableType=[Ljava.lang.String;@5011bafa, http://www.dbunit.org/properties/resultSetTableFactory=org.dbunit.database.CachedResultSetTableFactory@10bcf083, http://www.dbunit.org/features/datatypeWarning=true}]) - start
192938 [main] TRACE org.dbunit.database.DatabaseConfig  - getFeature(name=http://www.dbunit.org/features/qualifiedTableNames) - start
192938 [main] TRACE org.dbunit.database.DatabaseConfig  - getProperty(name=http://www.dbunit.org/features/qualifiedTableNames) - start
192938 [main] DEBUG org.dbunit.util.QualifiedTableName  - Qualified table names feature is disabled. Returning plain table name
192938 [main] DEBUG org.dbunit.util.QualifiedTableName  - getQualifiedName(prefix=null, name=SCOPEDCONTENT, escapePattern=null) - start
192938 [main] DEBUG org.dbunit.util.QualifiedTableName  - getQualifiedNameIfEnabled(config=org.dbunit.database.DatabaseConfig[, _propertyMap={http://www.dbunit.org/properties/statementFactory=org.dbunit.database.statement.PreparedStatementFactory@626bc2b8, http://www.dbunit.org/features/caseSensitiveTableNames=false, http://www.dbunit.org/properties/fetchSize=100, http://www.dbunit.org/features/batchedStatements=false, http://www.dbunit.org/properties/metadataHandler=org.dbunit.database.DefaultMetadataHandler@3eeace42, http://www.dbunit.org/properties/datatypeFactory=org.dbunit.dataset.datatype.DefaultDataTypeFactory[_toleratedDeltaMap=org.dbunit.dataset.datatype.ToleratedDeltaMap@6452310a], http://www.dbunit.org/properties/escapePattern=null, http://www.dbunit.org/properties/batchSize=100, http://www.dbunit.org/features/qualifiedTableNames=false, http://www.dbunit.org/properties/tableType=[Ljava.lang.String;@5011bafa, http://www.dbunit.org/properties/resultSetTableFactory=org.dbunit.database.CachedResultSetTableFactory@10bcf083, http://www.dbunit.org/features/datatypeWarning=true}]) - start
192938 [main] TRACE org.dbunit.database.DatabaseConfig  - getFeature(name=http://www.dbunit.org/features/qualifiedTableNames) - start
192938 [main] TRACE org.dbunit.database.DatabaseConfig  - getProperty(name=http://www.dbunit.org/features/qualifiedTableNames) - start
192938 [main] DEBUG org.dbunit.util.QualifiedTableName  - Qualified table names feature is disabled. Returning plain table name
192938 [main] DEBUG org.dbunit.util.QualifiedTableName  - getQualifiedName(prefix=null, name=SCOPE, escapePattern=null) - start
192938 [main] DEBUG org.dbunit.database.search.AbstractMetaDataBasedSearchCallback  - newEdge(rs=org.apache.commons.dbcp.DelegatingResultSet@73b9161f, type=0, from=SCOPEDCONTENT, to=SCOPE, fkColumn=SCOPE, pkColumn=ID) - start
192938 [main] DEBUG org.dbunit.database.search.AbstractMetaDataBasedSearchCallback  - createFKEdge(rs=org.apache.commons.dbcp.DelegatingResultSet@73b9161f, type=0, from=SCOPEDCONTENT, to=SCOPE, fkColumn=SCOPE, pkColumn=ID) - start
192938 [main] DEBUG org.dbunit.database.search.AbstractMetaDataBasedSearchCallback  - Adding edge SCOPEDCONTENT(SCOPE)->SCOPE(ID)
192938 [main] DEBUG org.dbunit.util.search.Edge  - compareTo(o=SCOPEDCONTENT(SCOPE)->SCOPE(ID)) - start
192938 [main] DEBUG org.dbunit.util.SQLHelper  - close(resultSet=org.apache.commons.dbcp.DelegatingResultSet@73b9161f) - start
192938 [main] DEBUG org.dbunit.util.search.DepthFirstSearch  - search:SCOPE
192938 [main] DEBUG org.dbunit.database.search.ImportedKeysSearchCallback  - searchNode(node=SCOPE) - start
192939 [main] DEBUG org.dbunit.util.search.DepthFirstSearch  - Pushing SCOPE
192939 [main] DEBUG org.dbunit.database.search.ImportedKeysSearchCallback  - getEdges(node=SCOPE) - start
192939 [main] DEBUG org.dbunit.database.search.AbstractMetaDataBasedSearchCallback  - getNodesFromImportedKeys(node=SCOPE) - start
192939 [main] DEBUG org.dbunit.database.search.AbstractMetaDataBasedSearchCallback  - getNodes(type=0, node=SCOPE) - start
192939 [main] DEBUG org.dbunit.database.DatabaseDataSourceConnection  - getConnection() - start
192939 [main] DEBUG org.dbunit.database.search.AbstractMetaDataBasedSearchCallback  - getNodes(type=0, node=SCOPE, conn=Transaction-aware proxy for target Connection [jdbc:hsqldb:mem:kontrollDS, UserName=sw, HSQL Database Engine Driver], schema=null, metaData=org.apache.commons.dbcp.DelegatingDatabaseMetaData@7c5b8893, edges=[]) - start
192939 [main] DEBUG org.dbunit.database.search.AbstractMetaDataBasedSearchCallback  - Getting edges for node SCOPE
192939 [main] TRACE org.dbunit.database.DatabaseConfig  - getProperty(name=http://www.dbunit.org/properties/metadataHandler) - start
192939 [main] TRACE org.dbunit.database.DefaultMetadataHandler  - tableExists(metaData=org.apache.commons.dbcp.DelegatingDatabaseMetaData@7c5b8893, schemaName=null, tableName=SCOPE) - start
192940 [main] DEBUG org.dbunit.util.SQLHelper  - close(resultSet=org.apache.commons.dbcp.DelegatingResultSet@3a5a73c1) - start
192940 [main] DEBUG org.dbunit.util.SQLHelper  - close(resultSet=org.apache.commons.dbcp.DelegatingResultSet@4863ab41) - start
192940 [main] DEBUG org.dbunit.util.search.DepthFirstSearch  - Adding node SCOPE to the final result
192940 [main] DEBUG org.dbunit.util.search.DepthFirstSearch  - Adding node SCOPEDCONTENT to the final result
192940 [main] DEBUG org.dbunit.util.search.DepthFirstSearch  - search:SCOPEDCONTENTCONDITION
192940 [main] DEBUG org.dbunit.database.search.ImportedKeysSearchCallback  - searchNode(node=SCOPEDCONTENTCONDITION) - start
192940 [main] DEBUG org.dbunit.util.search.DepthFirstSearch  - Pushing SCOPEDCONTENTCONDITION
192940 [main] DEBUG org.dbunit.database.search.ImportedKeysSearchCallback  - getEdges(node=SCOPEDCONTENTCONDITION) - start
192940 [main] DEBUG org.dbunit.database.search.AbstractMetaDataBasedSearchCallback  - getNodesFromImportedKeys(node=SCOPEDCONTENTCONDITION) - start
192940 [main] DEBUG org.dbunit.database.search.AbstractMetaDataBasedSearchCallback  - getNodes(type=0, node=SCOPEDCONTENTCONDITION) - start
192940 [main] DEBUG org.dbunit.database.DatabaseDataSourceConnection  - getConnection() - start
192940 [main] DEBUG org.dbunit.database.search.AbstractMetaDataBasedSearchCallback  - getNodes(type=0, node=SCOPEDCONTENTCONDITION, conn=Transaction-aware proxy for target Connection [jdbc:hsqldb:mem:kontrollDS, UserName=sw, HSQL Database Engine Driver], schema=null, metaData=org.apache.commons.dbcp.DelegatingDatabaseMetaData@7805d88, edges=[]) - start
192940 [main] DEBUG org.dbunit.database.search.AbstractMetaDataBasedSearchCallback  - Getting edges for node SCOPEDCONTENTCONDITION
192940 [main] TRACE org.dbunit.database.DatabaseConfig  - getProperty(name=http://www.dbunit.org/properties/metadataHandler) - start
192940 [main] TRACE org.dbunit.database.DefaultMetadataHandler  - tableExists(metaData=org.apache.commons.dbcp.DelegatingDatabaseMetaData@7805d88, schemaName=null, tableName=SCOPEDCONTENTCONDITION) - start
192941 [main] DEBUG org.dbunit.util.SQLHelper  - close(resultSet=org.apache.commons.dbcp.DelegatingResultSet@55b576c9) - start
192942 [main] DEBUG org.dbunit.util.SQLHelper  - close(resultSet=org.apache.commons.dbcp.DelegatingResultSet@340a7eec) - start
192942 [main] DEBUG org.dbunit.util.search.DepthFirstSearch  - Adding node SCOPEDCONTENTCONDITION to the final result
192942 [main] DEBUG org.dbunit.util.search.DepthFirstSearch  - Adding node SCOPEDCONTENTCONDITIONS_SCOPEDCONTENT to the final result
192942 [main] DEBUG org.dbunit.util.search.DepthFirstSearch  - reverseSearch:SCOPEDCONTENT
192942 [main] DEBUG org.dbunit.database.search.ImportedKeysSearchCallback  - searchNode(node=SCOPEDCONTENT) - start
192942 [main] DEBUG org.dbunit.util.search.DepthFirstSearch  - Pushing (reverse) SCOPEDCONTENT
192942 [main] DEBUG org.dbunit.database.search.ImportedKeysSearchCallback  - getEdges(node=SCOPEDCONTENT) - start
192942 [main] DEBUG org.dbunit.database.search.AbstractMetaDataBasedSearchCallback  - getNodesFromImportedKeys(node=SCOPEDCONTENT) - start
192942 [main] DEBUG org.dbunit.database.search.AbstractMetaDataBasedSearchCallback  - getNodes(type=0, node=SCOPEDCONTENT) - start
192942 [main] DEBUG org.dbunit.database.DatabaseDataSourceConnection  - getConnection() - start
192942 [main] DEBUG org.dbunit.database.search.AbstractMetaDataBasedSearchCallback  - getNodes(type=0, node=SCOPEDCONTENT, conn=Transaction-aware proxy for target Connection [jdbc:hsqldb:mem:kontrollDS, UserName=sw, HSQL Database Engine Driver], schema=null, metaData=org.apache.commons.dbcp.DelegatingDatabaseMetaData@1d12d2a5, edges=[]) - start
192942 [main] DEBUG org.dbunit.database.search.AbstractMetaDataBasedSearchCallback  - Getting edges for node SCOPEDCONTENT
192942 [main] TRACE org.dbunit.database.DatabaseConfig  - getProperty(name=http://www.dbunit.org/properties/metadataHandler) - start
192942 [main] TRACE org.dbunit.database.DefaultMetadataHandler  - tableExists(metaData=org.apache.commons.dbcp.DelegatingDatabaseMetaData@1d12d2a5, schemaName=null, tableName=SCOPEDCONTENT) - start
192943 [main] DEBUG org.dbunit.util.SQLHelper  - close(resultSet=org.apache.commons.dbcp.DelegatingResultSet@c32b285) - start
192943 [main] DEBUG org.dbunit.util.QualifiedTableName  - getQualifiedNameIfEnabled(config=org.dbunit.database.DatabaseConfig[, _propertyMap={http://www.dbunit.org/properties/statementFactory=org.dbunit.database.statement.PreparedStatementFactory@626bc2b8, http://www.dbunit.org/features/caseSensitiveTableNames=false, http://www.dbunit.org/properties/fetchSize=100, http://www.dbunit.org/features/batchedStatements=false, http://www.dbunit.org/properties/metadataHandler=org.dbunit.database.DefaultMetadataHandler@3eeace42, http://www.dbunit.org/properties/datatypeFactory=org.dbunit.dataset.datatype.DefaultDataTypeFactory[_toleratedDeltaMap=org.dbunit.dataset.datatype.ToleratedDeltaMap@6452310a], http://www.dbunit.org/properties/escapePattern=null, http://www.dbunit.org/properties/batchSize=100, http://www.dbunit.org/features/qualifiedTableNames=false, http://www.dbunit.org/properties/tableType=[Ljava.lang.String;@5011bafa, http://www.dbunit.org/properties/resultSetTableFactory=org.dbunit.database.CachedResultSetTableFactory@10bcf083, http://www.dbunit.org/features/datatypeWarning=true}]) - start
192943 [main] TRACE org.dbunit.database.DatabaseConfig  - getFeature(name=http://www.dbunit.org/features/qualifiedTableNames) - start
192943 [main] TRACE org.dbunit.database.DatabaseConfig  - getProperty(name=http://www.dbunit.org/features/qualifiedTableNames) - start
192943 [main] DEBUG org.dbunit.util.QualifiedTableName  - Qualified table names feature is disabled. Returning plain table name
192943 [main] DEBUG org.dbunit.util.QualifiedTableName  - getQualifiedName(prefix=null, name=SCOPEDCONTENT, escapePattern=null) - start
192943 [main] DEBUG org.dbunit.util.QualifiedTableName  - getQualifiedNameIfEnabled(config=org.dbunit.database.DatabaseConfig[, _propertyMap={http://www.dbunit.org/properties/statementFactory=org.dbunit.database.statement.PreparedStatementFactory@626bc2b8, http://www.dbunit.org/features/caseSensitiveTableNames=false, http://www.dbunit.org/properties/fetchSize=100, http://www.dbunit.org/features/batchedStatements=false, http://www.dbunit.org/properties/metadataHandler=org.dbunit.database.DefaultMetadataHandler@3eeace42, http://www.dbunit.org/properties/datatypeFactory=org.dbunit.dataset.datatype.DefaultDataTypeFactory[_toleratedDeltaMap=org.dbunit.dataset.datatype.ToleratedDeltaMap@6452310a], http://www.dbunit.org/properties/escapePattern=null, http://www.dbunit.org/properties/batchSize=100, http://www.dbunit.org/features/qualifiedTableNames=false, http://www.dbunit.org/properties/tableType=[Ljava.lang.String;@5011bafa, http://www.dbunit.org/properties/resultSetTableFactory=org.dbunit.database.CachedResultSetTableFactory@10bcf083, http://www.dbunit.org/features/datatypeWarning=true}]) - start
192943 [main] TRACE org.dbunit.database.DatabaseConfig  - getFeature(name=http://www.dbunit.org/features/qualifiedTableNames) - start
192943 [main] TRACE org.dbunit.database.DatabaseConfig  - getProperty(name=http://www.dbunit.org/features/qualifiedTableNames) - start
192943 [main] DEBUG org.dbunit.util.QualifiedTableName  - Qualified table names feature is disabled. Returning plain table name
192943 [main] DEBUG org.dbunit.util.QualifiedTableName  - getQualifiedName(prefix=null, name=SCOPE, escapePattern=null) - start
192944 [main] DEBUG org.dbunit.database.search.AbstractMetaDataBasedSearchCallback  - newEdge(rs=org.apache.commons.dbcp.DelegatingResultSet@4f4f1e6, type=0, from=SCOPEDCONTENT, to=SCOPE, fkColumn=SCOPE, pkColumn=ID) - start
192944 [main] DEBUG org.dbunit.database.search.AbstractMetaDataBasedSearchCallback  - createFKEdge(rs=org.apache.commons.dbcp.DelegatingResultSet@4f4f1e6, type=0, from=SCOPEDCONTENT, to=SCOPE, fkColumn=SCOPE, pkColumn=ID) - start
192944 [main] DEBUG org.dbunit.database.search.AbstractMetaDataBasedSearchCallback  - Adding edge SCOPEDCONTENT(SCOPE)->SCOPE(ID)
192944 [main] DEBUG org.dbunit.util.search.Edge  - compareTo(o=SCOPEDCONTENT(SCOPE)->SCOPE(ID)) - start
192944 [main] DEBUG org.dbunit.util.SQLHelper  - close(resultSet=org.apache.commons.dbcp.DelegatingResultSet@4f4f1e6) - start
192944 [main] DEBUG org.dbunit.util.search.DepthFirstSearch  - reverseSearch:SCOPE
192944 [main] DEBUG org.dbunit.database.search.ImportedKeysSearchCallback  - searchNode(node=SCOPE) - start
192944 [main] DEBUG org.dbunit.util.search.DepthFirstSearch  - Pushing (reverse) SCOPE
192944 [main] DEBUG org.dbunit.database.search.ImportedKeysSearchCallback  - getEdges(node=SCOPE) - start
192944 [main] DEBUG org.dbunit.database.search.AbstractMetaDataBasedSearchCallback  - getNodesFromImportedKeys(node=SCOPE) - start
192944 [main] DEBUG org.dbunit.database.search.AbstractMetaDataBasedSearchCallback  - getNodes(type=0, node=SCOPE) - start
192944 [main] DEBUG org.dbunit.database.DatabaseDataSourceConnection  - getConnection() - start
192944 [main] DEBUG org.dbunit.database.search.AbstractMetaDataBasedSearchCallback  - getNodes(type=0, node=SCOPE, conn=Transaction-aware proxy for target Connection [jdbc:hsqldb:mem:kontrollDS, UserName=sw, HSQL Database Engine Driver], schema=null, metaData=org.apache.commons.dbcp.DelegatingDatabaseMetaData@6d353594, edges=[]) - start
192944 [main] DEBUG org.dbunit.database.search.AbstractMetaDataBasedSearchCallback  - Getting edges for node SCOPE
192944 [main] TRACE org.dbunit.database.DatabaseConfig  - getProperty(name=http://www.dbunit.org/properties/metadataHandler) - start
192944 [main] TRACE org.dbunit.database.DefaultMetadataHandler  - tableExists(metaData=org.apache.commons.dbcp.DelegatingDatabaseMetaData@6d353594, schemaName=null, tableName=SCOPE) - start
192945 [main] DEBUG org.dbunit.util.SQLHelper  - close(resultSet=org.apache.commons.dbcp.DelegatingResultSet@75506645) - start
192945 [main] DEBUG org.dbunit.util.SQLHelper  - close(resultSet=org.apache.commons.dbcp.DelegatingResultSet@4f84e2e) - start
192945 [main] DEBUG org.dbunit.util.search.DepthFirstSearch  - reverseSearch:SCOPEDCONTENTCONDITION
192945 [main] DEBUG org.dbunit.database.search.ImportedKeysSearchCallback  - searchNode(node=SCOPEDCONTENTCONDITION) - start
192945 [main] DEBUG org.dbunit.util.search.DepthFirstSearch  - Pushing (reverse) SCOPEDCONTENTCONDITION
192945 [main] DEBUG org.dbunit.database.search.ImportedKeysSearchCallback  - getEdges(node=SCOPEDCONTENTCONDITION) - start
192945 [main] DEBUG org.dbunit.database.search.AbstractMetaDataBasedSearchCallback  - getNodesFromImportedKeys(node=SCOPEDCONTENTCONDITION) - start
192945 [main] DEBUG org.dbunit.database.search.AbstractMetaDataBasedSearchCallback  - getNodes(type=0, node=SCOPEDCONTENTCONDITION) - start
192945 [main] DEBUG org.dbunit.database.DatabaseDataSourceConnection  - getConnection() - start
192946 [main] DEBUG org.dbunit.database.search.AbstractMetaDataBasedSearchCallback  - getNodes(type=0, node=SCOPEDCONTENTCONDITION, conn=Transaction-aware proxy for target Connection [jdbc:hsqldb:mem:kontrollDS, UserName=sw, HSQL Database Engine Driver], schema=null, metaData=org.apache.commons.dbcp.DelegatingDatabaseMetaData@49d4b08e, edges=[]) - start
192946 [main] DEBUG org.dbunit.database.search.AbstractMetaDataBasedSearchCallback  - Getting edges for node SCOPEDCONTENTCONDITION
192946 [main] TRACE org.dbunit.database.DatabaseConfig  - getProperty(name=http://www.dbunit.org/properties/metadataHandler) - start
192946 [main] TRACE org.dbunit.database.DefaultMetadataHandler  - tableExists(metaData=org.apache.commons.dbcp.DelegatingDatabaseMetaData@49d4b08e, schemaName=null, tableName=SCOPEDCONTENTCONDITION) - start
192947 [main] DEBUG org.dbunit.util.SQLHelper  - close(resultSet=org.apache.commons.dbcp.DelegatingResultSet@31a48956) - start
192947 [main] DEBUG org.dbunit.util.SQLHelper  - close(resultSet=org.apache.commons.dbcp.DelegatingResultSet@376e6d12) - start
192947 [main] DEBUG org.dbunit.util.search.DepthFirstSearch  - reverseSearch:SCOPEDCONTENTCONDITIONS_SCOPEDCONTENT
192947 [main] DEBUG org.dbunit.util.search.DepthFirstSearch  - already searched; returning true
192947 [main] DEBUG org.dbunit.util.search.DepthFirstSearch  - search:SCOPEDCONTENTCONDITIONS_SCOPEDCONTENT
192947 [main] DEBUG org.dbunit.util.search.DepthFirstSearch  - already searched; returning true
192947 [main] DEBUG org.dbunit.util.search.DepthFirstSearch  - search:SCOPEDCONTENT
192947 [main] DEBUG org.dbunit.util.search.DepthFirstSearch  - already searched; returning true
192947 [main] DEBUG org.dbunit.util.search.DepthFirstSearch  - search:SCOPE
192947 [main] DEBUG org.dbunit.util.search.DepthFirstSearch  - already searched; returning true
192947 [main] DEBUG org.dbunit.util.search.DepthFirstSearch  - search:SCOPEDCONTENTCONDITION
192947 [main] DEBUG org.dbunit.util.search.DepthFirstSearch  - already searched; returning true
192947 [main] DEBUG org.dbunit.util.CollectionsHelper  - setToStrings(set=[SCOPE, SCOPEDCONTENT, SCOPEDCONTENTCONDITION, SCOPEDCONTENTCONDITIONS_SCOPEDCONTENT]) - start
192947 [main] DEBUG org.dbunit.database.search.TablesDependencyHelper  - getDependsOnTables(connection=_databaseConfig=org.dbunit.database.DatabaseConfig[, _propertyMap={http://www.dbunit.org/properties/statementFactory=org.dbunit.database.statement.PreparedStatementFactory@626bc2b8, http://www.dbunit.org/features/caseSensitiveTableNames=false, http://www.dbunit.org/properties/fetchSize=100, http://www.dbunit.org/features/batchedStatements=false, http://www.dbunit.org/properties/metadataHandler=org.dbunit.database.DefaultMetadataHandler@3eeace42, http://www.dbunit.org/properties/datatypeFactory=org.dbunit.dataset.datatype.DefaultDataTypeFactory[_toleratedDeltaMap=org.dbunit.dataset.datatype.ToleratedDeltaMap@6452310a], http://www.dbunit.org/properties/escapePattern=null, http://www.dbunit.org/properties/batchSize=100, http://www.dbunit.org/features/qualifiedTableNames=false, http://www.dbunit.org/properties/tableType=[Ljava.lang.String;@5011bafa, http://www.dbunit.org/properties/resultSetTableFactory=org.dbunit.database.CachedResultSetTableFactory@10bcf083, http://www.dbunit.org/features/datatypeWarning=true}], _dataSet=AbstractDataSet[_orderedTableNameMap=null], rootTable=SCOPEDCONTENTCONDITIONS_SCOPEDCONTENT) - start
192947 [main] DEBUG org.dbunit.util.search.DepthFirstSearch  - search(nodesFrom=[SCOPEDCONTENTCONDITIONS_SCOPEDCONTENT], callback=org.dbunit.database.search.ExportedKeysSearchCallback@80155b9) - start
192947 [main] DEBUG org.dbunit.util.CollectionsHelper  - objectsToSet(objects=SCOPEDCONTENTCONDITIONS_SCOPEDCONTENT) - start
192947 [main] DEBUG org.dbunit.util.search.DepthFirstSearch  - search(nodesFrom=[SCOPEDCONTENTCONDITIONS_SCOPEDCONTENT], callback=org.dbunit.database.search.ExportedKeysSearchCallback@80155b9) - start
192947 [main] DEBUG org.dbunit.util.search.DepthFirstSearch  - reverseSearch:SCOPEDCONTENTCONDITIONS_SCOPEDCONTENT
192947 [main] DEBUG org.dbunit.database.search.ExportedKeysSearchCallback  - searchNode(node=SCOPEDCONTENTCONDITIONS_SCOPEDCONTENT) - start
192947 [main] DEBUG org.dbunit.util.search.DepthFirstSearch  - Pushing (reverse) SCOPEDCONTENTCONDITIONS_SCOPEDCONTENT
192947 [main] DEBUG org.dbunit.database.search.ExportedKeysSearchCallback  - getEdges(node=SCOPEDCONTENTCONDITIONS_SCOPEDCONTENT) - start
192947 [main] DEBUG org.dbunit.database.search.AbstractMetaDataBasedSearchCallback  - getNodesFromExportedKeys(node=SCOPEDCONTENTCONDITIONS_SCOPEDCONTENT) - start
192948 [main] DEBUG org.dbunit.database.search.AbstractMetaDataBasedSearchCallback  - getNodes(type=1, node=SCOPEDCONTENTCONDITIONS_SCOPEDCONTENT) - start
192948 [main] DEBUG org.dbunit.database.DatabaseDataSourceConnection  - getConnection() - start
192948 [main] DEBUG org.dbunit.database.search.AbstractMetaDataBasedSearchCallback  - getNodes(type=1, node=SCOPEDCONTENTCONDITIONS_SCOPEDCONTENT, conn=Transaction-aware proxy for target Connection [jdbc:hsqldb:mem:kontrollDS, UserName=sw, HSQL Database Engine Driver], schema=null, metaData=org.apache.commons.dbcp.DelegatingDatabaseMetaData@fa2e8ca, edges=[]) - start
192948 [main] DEBUG org.dbunit.database.search.AbstractMetaDataBasedSearchCallback  - Getting edges for node SCOPEDCONTENTCONDITIONS_SCOPEDCONTENT
192948 [main] TRACE org.dbunit.database.DatabaseConfig  - getProperty(name=http://www.dbunit.org/properties/metadataHandler) - start
192948 [main] TRACE org.dbunit.database.DefaultMetadataHandler  - tableExists(metaData=org.apache.commons.dbcp.DelegatingDatabaseMetaData@fa2e8ca, schemaName=null, tableName=SCOPEDCONTENTCONDITIONS_SCOPEDCONTENT) - start
192949 [main] DEBUG org.dbunit.util.SQLHelper  - close(resultSet=org.apache.commons.dbcp.DelegatingResultSet@5c0572d3) - start
192949 [main] DEBUG org.dbunit.util.SQLHelper  - close(resultSet=org.apache.commons.dbcp.DelegatingResultSet@15a19879) - start
192949 [main] DEBUG org.dbunit.util.search.DepthFirstSearch  - search:SCOPEDCONTENTCONDITIONS_SCOPEDCONTENT
192949 [main] DEBUG org.dbunit.database.search.ExportedKeysSearchCallback  - searchNode(node=SCOPEDCONTENTCONDITIONS_SCOPEDCONTENT) - start
192949 [main] DEBUG org.dbunit.util.search.DepthFirstSearch  - Pushing SCOPEDCONTENTCONDITIONS_SCOPEDCONTENT
192949 [main] DEBUG org.dbunit.database.search.ExportedKeysSearchCallback  - getEdges(node=SCOPEDCONTENTCONDITIONS_SCOPEDCONTENT) - start
192949 [main] DEBUG org.dbunit.database.search.AbstractMetaDataBasedSearchCallback  - getNodesFromExportedKeys(node=SCOPEDCONTENTCONDITIONS_SCOPEDCONTENT) - start
192949 [main] DEBUG org.dbunit.database.search.AbstractMetaDataBasedSearchCallback  - getNodes(type=1, node=SCOPEDCONTENTCONDITIONS_SCOPEDCONTENT) - start
192949 [main] DEBUG org.dbunit.database.DatabaseDataSourceConnection  - getConnection() - start
192949 [main] DEBUG org.dbunit.database.search.AbstractMetaDataBasedSearchCallback  - getNodes(type=1, node=SCOPEDCONTENTCONDITIONS_SCOPEDCONTENT, conn=Transaction-aware proxy for target Connection [jdbc:hsqldb:mem:kontrollDS, UserName=sw, HSQL Database Engine Driver], schema=null, metaData=org.apache.commons.dbcp.DelegatingDatabaseMetaData@24213b07, edges=[]) - start
192949 [main] DEBUG org.dbunit.database.search.AbstractMetaDataBasedSearchCallback  - Getting edges for node SCOPEDCONTENTCONDITIONS_SCOPEDCONTENT
192949 [main] TRACE org.dbunit.database.DatabaseConfig  - getProperty(name=http://www.dbunit.org/properties/metadataHandler) - start
192949 [main] TRACE org.dbunit.database.DefaultMetadataHandler  - tableExists(metaData=org.apache.commons.dbcp.DelegatingDatabaseMetaData@24213b07, schemaName=null, tableName=SCOPEDCONTENTCONDITIONS_SCOPEDCONTENT) - start
192950 [main] DEBUG org.dbunit.util.SQLHelper  - close(resultSet=org.apache.commons.dbcp.DelegatingResultSet@5742c729) - start
192950 [main] DEBUG org.dbunit.util.SQLHelper  - close(resultSet=org.apache.commons.dbcp.DelegatingResultSet@5ebd2c51) - start
192950 [main] DEBUG org.dbunit.util.search.DepthFirstSearch  - Adding node SCOPEDCONTENTCONDITIONS_SCOPEDCONTENT to the final result
192952 [main] DEBUG org.dbunit.util.CollectionsHelper  - setToStrings(set=[SCOPEDCONTENTCONDITIONS_SCOPEDCONTENT]) - start
192953 [main] DEBUG org.dbunit.database.search.TablesDependencyHelper  - getDirectDependsOnTables(connection=_databaseConfig=org.dbunit.database.DatabaseConfig[, _propertyMap={http://www.dbunit.org/properties/statementFactory=org.dbunit.database.statement.PreparedStatementFactory@626bc2b8, http://www.dbunit.org/features/caseSensitiveTableNames=false, http://www.dbunit.org/properties/fetchSize=100, http://www.dbunit.org/features/batchedStatements=false, http://www.dbunit.org/properties/metadataHandler=org.dbunit.database.DefaultMetadataHandler@3eeace42, http://www.dbunit.org/properties/datatypeFactory=org.dbunit.dataset.datatype.DefaultDataTypeFactory[_toleratedDeltaMap=org.dbunit.dataset.datatype.ToleratedDeltaMap@6452310a], http://www.dbunit.org/properties/escapePattern=null, http://www.dbunit.org/properties/batchSize=100, http://www.dbunit.org/features/qualifiedTableNames=false, http://www.dbunit.org/properties/tableType=[Ljava.lang.String;@5011bafa, http://www.dbunit.org/properties/resultSetTableFactory=org.dbunit.database.CachedResultSetTableFactory@10bcf083, http://www.dbunit.org/features/datatypeWarning=true}], _dataSet=AbstractDataSet[_orderedTableNameMap=null], tableName=SCOPEDCONTENTCONDITIONS_SCOPEDCONTENT) - start
192953 [main] DEBUG org.dbunit.util.search.DepthFirstSearch  - search(nodesFrom=[SCOPEDCONTENTCONDITIONS_SCOPEDCONTENT], callback=org.dbunit.database.search.ExportedKeysSearchCallback@43d5c9e0) - start
192953 [main] DEBUG org.dbunit.util.CollectionsHelper  - objectsToSet(objects=SCOPEDCONTENTCONDITIONS_SCOPEDCONTENT) - start
192953 [main] DEBUG org.dbunit.util.search.DepthFirstSearch  - search(nodesFrom=[SCOPEDCONTENTCONDITIONS_SCOPEDCONTENT], callback=org.dbunit.database.search.ExportedKeysSearchCallback@43d5c9e0) - start
192953 [main] DEBUG org.dbunit.util.search.DepthFirstSearch  - reverseSearch:SCOPEDCONTENTCONDITIONS_SCOPEDCONTENT
192953 [main] DEBUG org.dbunit.database.search.ExportedKeysSearchCallback  - searchNode(node=SCOPEDCONTENTCONDITIONS_SCOPEDCONTENT) - start
192953 [main] DEBUG org.dbunit.util.search.DepthFirstSearch  - Pushing (reverse) SCOPEDCONTENTCONDITIONS_SCOPEDCONTENT
192953 [main] DEBUG org.dbunit.database.search.ExportedKeysSearchCallback  - getEdges(node=SCOPEDCONTENTCONDITIONS_SCOPEDCONTENT) - start
192953 [main] DEBUG org.dbunit.database.search.AbstractMetaDataBasedSearchCallback  - getNodesFromExportedKeys(node=SCOPEDCONTENTCONDITIONS_SCOPEDCONTENT) - start
192953 [main] DEBUG org.dbunit.database.search.AbstractMetaDataBasedSearchCallback  - getNodes(type=1, node=SCOPEDCONTENTCONDITIONS_SCOPEDCONTENT) - start
192953 [main] DEBUG org.dbunit.database.DatabaseDataSourceConnection  - getConnection() - start
192953 [main] DEBUG org.dbunit.database.search.AbstractMetaDataBasedSearchCallback  - getNodes(type=1, node=SCOPEDCONTENTCONDITIONS_SCOPEDCONTENT, conn=Transaction-aware proxy for target Connection [jdbc:hsqldb:mem:kontrollDS, UserName=sw, HSQL Database Engine Driver], schema=null, metaData=org.apache.commons.dbcp.DelegatingDatabaseMetaData@8b8b3eb, edges=[]) - start
192953 [main] DEBUG org.dbunit.database.search.AbstractMetaDataBasedSearchCallback  - Getting edges for node SCOPEDCONTENTCONDITIONS_SCOPEDCONTENT
192953 [main] TRACE org.dbunit.database.DatabaseConfig  - getProperty(name=http://www.dbunit.org/properties/metadataHandler) - start
192953 [main] TRACE org.dbunit.database.DefaultMetadataHandler  - tableExists(metaData=org.apache.commons.dbcp.DelegatingDatabaseMetaData@8b8b3eb, schemaName=null, tableName=SCOPEDCONTENTCONDITIONS_SCOPEDCONTENT) - start
192954 [main] DEBUG org.dbunit.util.SQLHelper  - close(resultSet=org.apache.commons.dbcp.DelegatingResultSet@263c4d89) - start
192954 [main] DEBUG org.dbunit.util.SQLHelper  - close(resultSet=org.apache.commons.dbcp.DelegatingResultSet@de39017) - start
192954 [main] DEBUG org.dbunit.util.search.DepthFirstSearch  - search:SCOPEDCONTENTCONDITIONS_SCOPEDCONTENT
192954 [main] DEBUG org.dbunit.database.search.ExportedKeysSearchCallback  - searchNode(node=SCOPEDCONTENTCONDITIONS_SCOPEDCONTENT) - start
192954 [main] DEBUG org.dbunit.util.search.DepthFirstSearch  - Pushing SCOPEDCONTENTCONDITIONS_SCOPEDCONTENT
192954 [main] DEBUG org.dbunit.database.search.ExportedKeysSearchCallback  - getEdges(node=SCOPEDCONTENTCONDITIONS_SCOPEDCONTENT) - start
192954 [main] DEBUG org.dbunit.database.search.AbstractMetaDataBasedSearchCallback  - getNodesFromExportedKeys(node=SCOPEDCONTENTCONDITIONS_SCOPEDCONTENT) - start
192954 [main] DEBUG org.dbunit.database.search.AbstractMetaDataBasedSearchCallback  - getNodes(type=1, node=SCOPEDCONTENTCONDITIONS_SCOPEDCONTENT) - start
192954 [main] DEBUG org.dbunit.database.DatabaseDataSourceConnection  - getConnection() - start
192955 [main] DEBUG org.dbunit.database.search.AbstractMetaDataBasedSearchCallback  - getNodes(type=1, node=SCOPEDCONTENTCONDITIONS_SCOPEDCONTENT, conn=Transaction-aware proxy for target Connection [jdbc:hsqldb:mem:kontrollDS, UserName=sw, HSQL Database Engine Driver], schema=null, metaData=org.apache.commons.dbcp.DelegatingDatabaseMetaData@5708dd20, edges=[]) - start
192955 [main] DEBUG org.dbunit.database.search.AbstractMetaDataBasedSearchCallback  - Getting edges for node SCOPEDCONTENTCONDITIONS_SCOPEDCONTENT
192955 [main] TRACE org.dbunit.database.DatabaseConfig  - getProperty(name=http://www.dbunit.org/properties/metadataHandler) - start
192955 [main] TRACE org.dbunit.database.DefaultMetadataHandler  - tableExists(metaData=org.apache.commons.dbcp.DelegatingDatabaseMetaData@5708dd20, schemaName=null, tableName=SCOPEDCONTENTCONDITIONS_SCOPEDCONTENT) - start
192956 [main] DEBUG org.dbunit.util.SQLHelper  - close(resultSet=org.apache.commons.dbcp.DelegatingResultSet@55a431a9) - start
192956 [main] DEBUG org.dbunit.util.SQLHelper  - close(resultSet=org.apache.commons.dbcp.DelegatingResultSet@715ce640) - start
192956 [main] DEBUG org.dbunit.util.search.DepthFirstSearch  - Adding node SCOPEDCONTENTCONDITIONS_SCOPEDCONTENT to the final result
192956 [main] DEBUG org.dbunit.database.search.TablesDependencyHelper  - getDirectDependentTables(connection=_databaseConfig=org.dbunit.database.DatabaseConfig[, _propertyMap={http://www.dbunit.org/properties/statementFactory=org.dbunit.database.statement.PreparedStatementFactory@626bc2b8, http://www.dbunit.org/features/caseSensitiveTableNames=false, http://www.dbunit.org/properties/fetchSize=100, http://www.dbunit.org/features/batchedStatements=false, http://www.dbunit.org/properties/metadataHandler=org.dbunit.database.DefaultMetadataHandler@3eeace42, http://www.dbunit.org/properties/datatypeFactory=org.dbunit.dataset.datatype.DefaultDataTypeFactory[_toleratedDeltaMap=org.dbunit.dataset.datatype.ToleratedDeltaMap@6452310a], http://www.dbunit.org/properties/escapePattern=null, http://www.dbunit.org/properties/batchSize=100, http://www.dbunit.org/features/qualifiedTableNames=false, http://www.dbunit.org/properties/tableType=[Ljava.lang.String;@5011bafa, http://www.dbunit.org/properties/resultSetTableFactory=org.dbunit.database.CachedResultSetTableFactory@10bcf083, http://www.dbunit.org/features/datatypeWarning=true}], _dataSet=AbstractDataSet[_orderedTableNameMap=null], tableName=SCOPEDCONTENTCONDITIONS_SCOPEDCONTENT) - start
192956 [main] DEBUG org.dbunit.util.search.DepthFirstSearch  - search(nodesFrom=[SCOPEDCONTENTCONDITIONS_SCOPEDCONTENT], callback=org.dbunit.database.search.ImportedKeysSearchCallback@4d089a8c) - start
192956 [main] DEBUG org.dbunit.util.CollectionsHelper  - objectsToSet(objects=SCOPEDCONTENTCONDITIONS_SCOPEDCONTENT) - start
192956 [main] DEBUG org.dbunit.util.search.DepthFirstSearch  - search(nodesFrom=[SCOPEDCONTENTCONDITIONS_SCOPEDCONTENT], callback=org.dbunit.database.search.ImportedKeysSearchCallback@4d089a8c) - start
192956 [main] DEBUG org.dbunit.util.search.DepthFirstSearch  - reverseSearch:SCOPEDCONTENTCONDITIONS_SCOPEDCONTENT
192956 [main] DEBUG org.dbunit.database.search.ImportedKeysSearchCallback  - searchNode(node=SCOPEDCONTENTCONDITIONS_SCOPEDCONTENT) - start
192956 [main] DEBUG org.dbunit.util.search.DepthFirstSearch  - Pushing (reverse) SCOPEDCONTENTCONDITIONS_SCOPEDCONTENT
192956 [main] DEBUG org.dbunit.database.search.ImportedKeysSearchCallback  - getEdges(node=SCOPEDCONTENTCONDITIONS_SCOPEDCONTENT) - start
192956 [main] DEBUG org.dbunit.database.search.AbstractMetaDataBasedSearchCallback  - getNodesFromImportedKeys(node=SCOPEDCONTENTCONDITIONS_SCOPEDCONTENT) - start
192956 [main] DEBUG org.dbunit.database.search.AbstractMetaDataBasedSearchCallback  - getNodes(type=0, node=SCOPEDCONTENTCONDITIONS_SCOPEDCONTENT) - start
192956 [main] DEBUG org.dbunit.database.DatabaseDataSourceConnection  - getConnection() - start
192956 [main] DEBUG org.dbunit.database.search.AbstractMetaDataBasedSearchCallback  - getNodes(type=0, node=SCOPEDCONTENTCONDITIONS_SCOPEDCONTENT, conn=Transaction-aware proxy for target Connection [jdbc:hsqldb:mem:kontrollDS, UserName=sw, HSQL Database Engine Driver], schema=null, metaData=org.apache.commons.dbcp.DelegatingDatabaseMetaData@6fda84d6, edges=[]) - start
192956 [main] DEBUG org.dbunit.database.search.AbstractMetaDataBasedSearchCallback  - Getting edges for node SCOPEDCONTENTCONDITIONS_SCOPEDCONTENT
192956 [main] TRACE org.dbunit.database.DatabaseConfig  - getProperty(name=http://www.dbunit.org/properties/metadataHandler) - start
192956 [main] TRACE org.dbunit.database.DefaultMetadataHandler  - tableExists(metaData=org.apache.commons.dbcp.DelegatingDatabaseMetaData@6fda84d6, schemaName=null, tableName=SCOPEDCONTENTCONDITIONS_SCOPEDCONTENT) - start
192957 [main] DEBUG org.dbunit.util.SQLHelper  - close(resultSet=org.apache.commons.dbcp.DelegatingResultSet@486a0ee8) - start
192958 [main] DEBUG org.dbunit.util.QualifiedTableName  - getQualifiedNameIfEnabled(config=org.dbunit.database.DatabaseConfig[, _propertyMap={http://www.dbunit.org/properties/statementFactory=org.dbunit.database.statement.PreparedStatementFactory@626bc2b8, http://www.dbunit.org/features/caseSensitiveTableNames=false, http://www.dbunit.org/properties/fetchSize=100, http://www.dbunit.org/features/batchedStatements=false, http://www.dbunit.org/properties/metadataHandler=org.dbunit.database.DefaultMetadataHandler@3eeace42, http://www.dbunit.org/properties/datatypeFactory=org.dbunit.dataset.datatype.DefaultDataTypeFactory[_toleratedDeltaMap=org.dbunit.dataset.datatype.ToleratedDeltaMap@6452310a], http://www.dbunit.org/properties/escapePattern=null, http://www.dbunit.org/properties/batchSize=100, http://www.dbunit.org/features/qualifiedTableNames=false, http://www.dbunit.org/properties/tableType=[Ljava.lang.String;@5011bafa, http://www.dbunit.org/properties/resultSetTableFactory=org.dbunit.database.CachedResultSetTableFactory@10bcf083, http://www.dbunit.org/features/datatypeWarning=true}]) - start
192958 [main] TRACE org.dbunit.database.DatabaseConfig  - getFeature(name=http://www.dbunit.org/features/qualifiedTableNames) - start
192958 [main] TRACE org.dbunit.database.DatabaseConfig  - getProperty(name=http://www.dbunit.org/features/qualifiedTableNames) - start
192958 [main] DEBUG org.dbunit.util.QualifiedTableName  - Qualified table names feature is disabled. Returning plain table name
192958 [main] DEBUG org.dbunit.util.QualifiedTableName  - getQualifiedName(prefix=null, name=SCOPEDCONTENTCONDITIONS_SCOPEDCONTENT, escapePattern=null) - start
192958 [main] DEBUG org.dbunit.util.QualifiedTableName  - getQualifiedNameIfEnabled(config=org.dbunit.database.DatabaseConfig[, _propertyMap={http://www.dbunit.org/properties/statementFactory=org.dbunit.database.statement.PreparedStatementFactory@626bc2b8, http://www.dbunit.org/features/caseSensitiveTableNames=false, http://www.dbunit.org/properties/fetchSize=100, http://www.dbunit.org/features/batchedStatements=false, http://www.dbunit.org/properties/metadataHandler=org.dbunit.database.DefaultMetadataHandler@3eeace42, http://www.dbunit.org/properties/datatypeFactory=org.dbunit.dataset.datatype.DefaultDataTypeFactory[_toleratedDeltaMap=org.dbunit.dataset.datatype.ToleratedDeltaMap@6452310a], http://www.dbunit.org/properties/escapePattern=null, http://www.dbunit.org/properties/batchSize=100, http://www.dbunit.org/features/qualifiedTableNames=false, http://www.dbunit.org/properties/tableType=[Ljava.lang.String;@5011bafa, http://www.dbunit.org/properties/resultSetTableFactory=org.dbunit.database.CachedResultSetTableFactory@10bcf083, http://www.dbunit.org/features/datatypeWarning=true}]) - start
192958 [main] TRACE org.dbunit.database.DatabaseConfig  - getFeature(name=http://www.dbunit.org/features/qualifiedTableNames) - start
192958 [main] TRACE org.dbunit.database.DatabaseConfig  - getProperty(name=http://www.dbunit.org/features/qualifiedTableNames) - start
192958 [main] DEBUG org.dbunit.util.QualifiedTableName  - Qualified table names feature is disabled. Returning plain table name
192958 [main] DEBUG org.dbunit.util.QualifiedTableName  - getQualifiedName(prefix=null, name=SCOPEDCONTENT, escapePattern=null) - start
192958 [main] DEBUG org.dbunit.database.search.AbstractMetaDataBasedSearchCallback  - newEdge(rs=org.apache.commons.dbcp.DelegatingResultSet@32af0cee, type=0, from=SCOPEDCONTENTCONDITIONS_SCOPEDCONTENT, to=SCOPEDCONTENT, fkColumn=SCOPED_CONTENT_ID, pkColumn=ID) - start
192958 [main] DEBUG org.dbunit.database.search.AbstractMetaDataBasedSearchCallback  - createFKEdge(rs=org.apache.commons.dbcp.DelegatingResultSet@32af0cee, type=0, from=SCOPEDCONTENTCONDITIONS_SCOPEDCONTENT, to=SCOPEDCONTENT, fkColumn=SCOPED_CONTENT_ID, pkColumn=ID) - start
192958 [main] DEBUG org.dbunit.database.search.AbstractMetaDataBasedSearchCallback  - Adding edge SCOPEDCONTENTCONDITIONS_SCOPEDCONTENT(SCOPED_CONTENT_ID)->SCOPEDCONTENT(ID)
192958 [main] DEBUG org.dbunit.util.search.Edge  - compareTo(o=SCOPEDCONTENTCONDITIONS_SCOPEDCONTENT(SCOPED_CONTENT_ID)->SCOPEDCONTENT(ID)) - start
192958 [main] DEBUG org.dbunit.util.QualifiedTableName  - getQualifiedNameIfEnabled(config=org.dbunit.database.DatabaseConfig[, _propertyMap={http://www.dbunit.org/properties/statementFactory=org.dbunit.database.statement.PreparedStatementFactory@626bc2b8, http://www.dbunit.org/features/caseSensitiveTableNames=false, http://www.dbunit.org/properties/fetchSize=100, http://www.dbunit.org/features/batchedStatements=false, http://www.dbunit.org/properties/metadataHandler=org.dbunit.database.DefaultMetadataHandler@3eeace42, http://www.dbunit.org/properties/datatypeFactory=org.dbunit.dataset.datatype.DefaultDataTypeFactory[_toleratedDeltaMap=org.dbunit.dataset.datatype.ToleratedDeltaMap@6452310a], http://www.dbunit.org/properties/escapePattern=null, http://www.dbunit.org/properties/batchSize=100, http://www.dbunit.org/features/qualifiedTableNames=false, http://www.dbunit.org/properties/tableType=[Ljava.lang.String;@5011bafa, http://www.dbunit.org/properties/resultSetTableFactory=org.dbunit.database.CachedResultSetTableFactory@10bcf083, http://www.dbunit.org/features/datatypeWarning=true}]) - start
192958 [main] TRACE org.dbunit.database.DatabaseConfig  - getFeature(name=http://www.dbunit.org/features/qualifiedTableNames) - start
192958 [main] TRACE org.dbunit.database.DatabaseConfig  - getProperty(name=http://www.dbunit.org/features/qualifiedTableNames) - start
192958 [main] DEBUG org.dbunit.util.QualifiedTableName  - Qualified table names feature is disabled. Returning plain table name
192958 [main] DEBUG org.dbunit.util.QualifiedTableName  - getQualifiedName(prefix=null, name=SCOPEDCONTENTCONDITIONS_SCOPEDCONTENT, escapePattern=null) - start
192958 [main] DEBUG org.dbunit.util.QualifiedTableName  - getQualifiedNameIfEnabled(config=org.dbunit.database.DatabaseConfig[, _propertyMap={http://www.dbunit.org/properties/statementFactory=org.dbunit.database.statement.PreparedStatementFactory@626bc2b8, http://www.dbunit.org/features/caseSensitiveTableNames=false, http://www.dbunit.org/properties/fetchSize=100, http://www.dbunit.org/features/batchedStatements=false, http://www.dbunit.org/properties/metadataHandler=org.dbunit.database.DefaultMetadataHandler@3eeace42, http://www.dbunit.org/properties/datatypeFactory=org.dbunit.dataset.datatype.DefaultDataTypeFactory[_toleratedDeltaMap=org.dbunit.dataset.datatype.ToleratedDeltaMap@6452310a], http://www.dbunit.org/properties/escapePattern=null, http://www.dbunit.org/properties/batchSize=100, http://www.dbunit.org/features/qualifiedTableNames=false, http://www.dbunit.org/properties/tableType=[Ljava.lang.String;@5011bafa, http://www.dbunit.org/properties/resultSetTableFactory=org.dbunit.database.CachedResultSetTableFactory@10bcf083, http://www.dbunit.org/features/datatypeWarning=true}]) - start
192958 [main] TRACE org.dbunit.database.DatabaseConfig  - getFeature(name=http://www.dbunit.org/features/qualifiedTableNames) - start
192958 [main] TRACE org.dbunit.database.DatabaseConfig  - getProperty(name=http://www.dbunit.org/features/qualifiedTableNames) - start
192958 [main] DEBUG org.dbunit.util.QualifiedTableName  - Qualified table names feature is disabled. Returning plain table name
192958 [main] DEBUG org.dbunit.util.QualifiedTableName  - getQualifiedName(prefix=null, name=SCOPEDCONTENTCONDITION, escapePattern=null) - start
192959 [main] DEBUG org.dbunit.database.search.AbstractMetaDataBasedSearchCallback  - newEdge(rs=org.apache.commons.dbcp.DelegatingResultSet@32af0cee, type=0, from=SCOPEDCONTENTCONDITIONS_SCOPEDCONTENT, to=SCOPEDCONTENTCONDITION, fkColumn=SCOPED_CONTENT_CONDITION_ID, pkColumn=ID) - start
192959 [main] DEBUG org.dbunit.database.search.AbstractMetaDataBasedSearchCallback  - createFKEdge(rs=org.apache.commons.dbcp.DelegatingResultSet@32af0cee, type=0, from=SCOPEDCONTENTCONDITIONS_SCOPEDCONTENT, to=SCOPEDCONTENTCONDITION, fkColumn=SCOPED_CONTENT_CONDITION_ID, pkColumn=ID) - start
192959 [main] DEBUG org.dbunit.database.search.AbstractMetaDataBasedSearchCallback  - Adding edge SCOPEDCONTENTCONDITIONS_SCOPEDCONTENT(SCOPED_CONTENT_CONDITION_ID)->SCOPEDCONTENTCONDITION(ID)
192959 [main] DEBUG org.dbunit.util.search.Edge  - compareTo(o=SCOPEDCONTENTCONDITIONS_SCOPEDCONTENT(SCOPED_CONTENT_ID)->SCOPEDCONTENT(ID)) - start
192959 [main] DEBUG org.dbunit.util.SQLHelper  - close(resultSet=org.apache.commons.dbcp.DelegatingResultSet@32af0cee) - start
192959 [main] DEBUG org.dbunit.util.search.DepthFirstSearch  - search:SCOPEDCONTENTCONDITIONS_SCOPEDCONTENT
192959 [main] DEBUG org.dbunit.database.search.ImportedKeysSearchCallback  - searchNode(node=SCOPEDCONTENTCONDITIONS_SCOPEDCONTENT) - start
192959 [main] DEBUG org.dbunit.util.search.DepthFirstSearch  - Pushing SCOPEDCONTENTCONDITIONS_SCOPEDCONTENT
192959 [main] DEBUG org.dbunit.database.search.ImportedKeysSearchCallback  - getEdges(node=SCOPEDCONTENTCONDITIONS_SCOPEDCONTENT) - start
192959 [main] DEBUG org.dbunit.database.search.AbstractMetaDataBasedSearchCallback  - getNodesFromImportedKeys(node=SCOPEDCONTENTCONDITIONS_SCOPEDCONTENT) - start
192959 [main] DEBUG org.dbunit.database.search.AbstractMetaDataBasedSearchCallback  - getNodes(type=0, node=SCOPEDCONTENTCONDITIONS_SCOPEDCONTENT) - start
192959 [main] DEBUG org.dbunit.database.DatabaseDataSourceConnection  - getConnection() - start
192959 [main] DEBUG org.dbunit.database.search.AbstractMetaDataBasedSearchCallback  - getNodes(type=0, node=SCOPEDCONTENTCONDITIONS_SCOPEDCONTENT, conn=Transaction-aware proxy for target Connection [jdbc:hsqldb:mem:kontrollDS, UserName=sw, HSQL Database Engine Driver], schema=null, metaData=org.apache.commons.dbcp.DelegatingDatabaseMetaData@279f741, edges=[]) - start
192959 [main] DEBUG org.dbunit.database.search.AbstractMetaDataBasedSearchCallback  - Getting edges for node SCOPEDCONTENTCONDITIONS_SCOPEDCONTENT
192959 [main] TRACE org.dbunit.database.DatabaseConfig  - getProperty(name=http://www.dbunit.org/properties/metadataHandler) - start
192959 [main] TRACE org.dbunit.database.DefaultMetadataHandler  - tableExists(metaData=org.apache.commons.dbcp.DelegatingDatabaseMetaData@279f741, schemaName=null, tableName=SCOPEDCONTENTCONDITIONS_SCOPEDCONTENT) - start
192960 [main] DEBUG org.dbunit.util.SQLHelper  - close(resultSet=org.apache.commons.dbcp.DelegatingResultSet@377fe226) - start
192960 [main] DEBUG org.dbunit.util.QualifiedTableName  - getQualifiedNameIfEnabled(config=org.dbunit.database.DatabaseConfig[, _propertyMap={http://www.dbunit.org/properties/statementFactory=org.dbunit.database.statement.PreparedStatementFactory@626bc2b8, http://www.dbunit.org/features/caseSensitiveTableNames=false, http://www.dbunit.org/properties/fetchSize=100, http://www.dbunit.org/features/batchedStatements=false, http://www.dbunit.org/properties/metadataHandler=org.dbunit.database.DefaultMetadataHandler@3eeace42, http://www.dbunit.org/properties/datatypeFactory=org.dbunit.dataset.datatype.DefaultDataTypeFactory[_toleratedDeltaMap=org.dbunit.dataset.datatype.ToleratedDeltaMap@6452310a], http://www.dbunit.org/properties/escapePattern=null, http://www.dbunit.org/properties/batchSize=100, http://www.dbunit.org/features/qualifiedTableNames=false, http://www.dbunit.org/properties/tableType=[Ljava.lang.String;@5011bafa, http://www.dbunit.org/properties/resultSetTableFactory=org.dbunit.database.CachedResultSetTableFactory@10bcf083, http://www.dbunit.org/features/datatypeWarning=true}]) - start
192960 [main] TRACE org.dbunit.database.DatabaseConfig  - getFeature(name=http://www.dbunit.org/features/qualifiedTableNames) - start
192960 [main] TRACE org.dbunit.database.DatabaseConfig  - getProperty(name=http://www.dbunit.org/features/qualifiedTableNames) - start
192960 [main] DEBUG org.dbunit.util.QualifiedTableName  - Qualified table names feature is disabled. Returning plain table name
192961 [main] DEBUG org.dbunit.util.QualifiedTableName  - getQualifiedName(prefix=null, name=SCOPEDCONTENTCONDITIONS_SCOPEDCONTENT, escapePattern=null) - start
192961 [main] DEBUG org.dbunit.util.QualifiedTableName  - getQualifiedNameIfEnabled(config=org.dbunit.database.DatabaseConfig[, _propertyMap={http://www.dbunit.org/properties/statementFactory=org.dbunit.database.statement.PreparedStatementFactory@626bc2b8, http://www.dbunit.org/features/caseSensitiveTableNames=false, http://www.dbunit.org/properties/fetchSize=100, http://www.dbunit.org/features/batchedStatements=false, http://www.dbunit.org/properties/metadataHandler=org.dbunit.database.DefaultMetadataHandler@3eeace42, http://www.dbunit.org/properties/datatypeFactory=org.dbunit.dataset.datatype.DefaultDataTypeFactory[_toleratedDeltaMap=org.dbunit.dataset.datatype.ToleratedDeltaMap@6452310a], http://www.dbunit.org/properties/escapePattern=null, http://www.dbunit.org/properties/batchSize=100, http://www.dbunit.org/features/qualifiedTableNames=false, http://www.dbunit.org/properties/tableType=[Ljava.lang.String;@5011bafa, http://www.dbunit.org/properties/resultSetTableFactory=org.dbunit.database.CachedResultSetTableFactory@10bcf083, http://www.dbunit.org/features/datatypeWarning=true}]) - start
192961 [main] TRACE org.dbunit.database.DatabaseConfig  - getFeature(name=http://www.dbunit.org/features/qualifiedTableNames) - start
192961 [main] TRACE org.dbunit.database.DatabaseConfig  - getProperty(name=http://www.dbunit.org/features/qualifiedTableNames) - start
192961 [main] DEBUG org.dbunit.util.QualifiedTableName  - Qualified table names feature is disabled. Returning plain table name
192961 [main] DEBUG org.dbunit.util.QualifiedTableName  - getQualifiedName(prefix=null, name=SCOPEDCONTENT, escapePattern=null) - start
192961 [main] DEBUG org.dbunit.database.search.AbstractMetaDataBasedSearchCallback  - newEdge(rs=org.apache.commons.dbcp.DelegatingResultSet@2bb16167, type=0, from=SCOPEDCONTENTCONDITIONS_SCOPEDCONTENT, to=SCOPEDCONTENT, fkColumn=SCOPED_CONTENT_ID, pkColumn=ID) - start
192961 [main] DEBUG org.dbunit.database.search.AbstractMetaDataBasedSearchCallback  - createFKEdge(rs=org.apache.commons.dbcp.DelegatingResultSet@2bb16167, type=0, from=SCOPEDCONTENTCONDITIONS_SCOPEDCONTENT, to=SCOPEDCONTENT, fkColumn=SCOPED_CONTENT_ID, pkColumn=ID) - start
192961 [main] DEBUG org.dbunit.database.search.AbstractMetaDataBasedSearchCallback  - Adding edge SCOPEDCONTENTCONDITIONS_SCOPEDCONTENT(SCOPED_CONTENT_ID)->SCOPEDCONTENT(ID)
192961 [main] DEBUG org.dbunit.util.search.Edge  - compareTo(o=SCOPEDCONTENTCONDITIONS_SCOPEDCONTENT(SCOPED_CONTENT_ID)->SCOPEDCONTENT(ID)) - start
192961 [main] DEBUG org.dbunit.util.QualifiedTableName  - getQualifiedNameIfEnabled(config=org.dbunit.database.DatabaseConfig[, _propertyMap={http://www.dbunit.org/properties/statementFactory=org.dbunit.database.statement.PreparedStatementFactory@626bc2b8, http://www.dbunit.org/features/caseSensitiveTableNames=false, http://www.dbunit.org/properties/fetchSize=100, http://www.dbunit.org/features/batchedStatements=false, http://www.dbunit.org/properties/metadataHandler=org.dbunit.database.DefaultMetadataHandler@3eeace42, http://www.dbunit.org/properties/datatypeFactory=org.dbunit.dataset.datatype.DefaultDataTypeFactory[_toleratedDeltaMap=org.dbunit.dataset.datatype.ToleratedDeltaMap@6452310a], http://www.dbunit.org/properties/escapePattern=null, http://www.dbunit.org/properties/batchSize=100, http://www.dbunit.org/features/qualifiedTableNames=false, http://www.dbunit.org/properties/tableType=[Ljava.lang.String;@5011bafa, http://www.dbunit.org/properties/resultSetTableFactory=org.dbunit.database.CachedResultSetTableFactory@10bcf083, http://www.dbunit.org/features/datatypeWarning=true}]) - start
192961 [main] TRACE org.dbunit.database.DatabaseConfig  - getFeature(name=http://www.dbunit.org/features/qualifiedTableNames) - start
192961 [main] TRACE org.dbunit.database.DatabaseConfig  - getProperty(name=http://www.dbunit.org/features/qualifiedTableNames) - start
192961 [main] DEBUG org.dbunit.util.QualifiedTableName  - Qualified table names feature is disabled. Returning plain table name
192961 [main] DEBUG org.dbunit.util.QualifiedTableName  - getQualifiedName(prefix=null, name=SCOPEDCONTENTCONDITIONS_SCOPEDCONTENT, escapePattern=null) - start
192961 [main] DEBUG org.dbunit.util.QualifiedTableName  - getQualifiedNameIfEnabled(config=org.dbunit.database.DatabaseConfig[, _propertyMap={http://www.dbunit.org/properties/statementFactory=org.dbunit.database.statement.PreparedStatementFactory@626bc2b8, http://www.dbunit.org/features/caseSensitiveTableNames=false, http://www.dbunit.org/properties/fetchSize=100, http://www.dbunit.org/features/batchedStatements=false, http://www.dbunit.org/properties/metadataHandler=org.dbunit.database.DefaultMetadataHandler@3eeace42, http://www.dbunit.org/properties/datatypeFactory=org.dbunit.dataset.datatype.DefaultDataTypeFactory[_toleratedDeltaMap=org.dbunit.dataset.datatype.ToleratedDeltaMap@6452310a], http://www.dbunit.org/properties/escapePattern=null, http://www.dbunit.org/properties/batchSize=100, http://www.dbunit.org/features/qualifiedTableNames=false, http://www.dbunit.org/properties/tableType=[Ljava.lang.String;@5011bafa, http://www.dbunit.org/properties/resultSetTableFactory=org.dbunit.database.CachedResultSetTableFactory@10bcf083, http://www.dbunit.org/features/datatypeWarning=true}]) - start
192961 [main] TRACE org.dbunit.database.DatabaseConfig  - getFeature(name=http://www.dbunit.org/features/qualifiedTableNames) - start
192961 [main] TRACE org.dbunit.database.DatabaseConfig  - getProperty(name=http://www.dbunit.org/features/qualifiedTableNames) - start
192961 [main] DEBUG org.dbunit.util.QualifiedTableName  - Qualified table names feature is disabled. Returning plain table name
192961 [main] DEBUG org.dbunit.util.QualifiedTableName  - getQualifiedName(prefix=null, name=SCOPEDCONTENTCONDITION, escapePattern=null) - start
192961 [main] DEBUG org.dbunit.database.search.AbstractMetaDataBasedSearchCallback  - newEdge(rs=org.apache.commons.dbcp.DelegatingResultSet@2bb16167, type=0, from=SCOPEDCONTENTCONDITIONS_SCOPEDCONTENT, to=SCOPEDCONTENTCONDITION, fkColumn=SCOPED_CONTENT_CONDITION_ID, pkColumn=ID) - start
192961 [main] DEBUG org.dbunit.database.search.AbstractMetaDataBasedSearchCallback  - createFKEdge(rs=org.apache.commons.dbcp.DelegatingResultSet@2bb16167, type=0, from=SCOPEDCONTENTCONDITIONS_SCOPEDCONTENT, to=SCOPEDCONTENTCONDITION, fkColumn=SCOPED_CONTENT_CONDITION_ID, pkColumn=ID) - start
192961 [main] DEBUG org.dbunit.database.search.AbstractMetaDataBasedSearchCallback  - Adding edge SCOPEDCONTENTCONDITIONS_SCOPEDCONTENT(SCOPED_CONTENT_CONDITION_ID)->SCOPEDCONTENTCONDITION(ID)
192961 [main] DEBUG org.dbunit.util.search.Edge  - compareTo(o=SCOPEDCONTENTCONDITIONS_SCOPEDCONTENT(SCOPED_CONTENT_ID)->SCOPEDCONTENT(ID)) - start
192961 [main] DEBUG org.dbunit.util.SQLHelper  - close(resultSet=org.apache.commons.dbcp.DelegatingResultSet@2bb16167) - start
192961 [main] DEBUG org.dbunit.util.search.DepthFirstSearch  - search:SCOPEDCONTENT
192962 [main] DEBUG org.dbunit.database.search.ImportedKeysSearchCallback  - searchNode(node=SCOPEDCONTENT) - start
192962 [main] DEBUG org.dbunit.util.search.DepthFirstSearch  - Pushing SCOPEDCONTENT
192962 [main] DEBUG org.dbunit.database.search.ImportedKeysSearchCallback  - getEdges(node=SCOPEDCONTENT) - start
192962 [main] DEBUG org.dbunit.database.search.AbstractMetaDataBasedSearchCallback  - getNodesFromImportedKeys(node=SCOPEDCONTENT) - start
192962 [main] DEBUG org.dbunit.database.search.AbstractMetaDataBasedSearchCallback  - getNodes(type=0, node=SCOPEDCONTENT) - start
192962 [main] DEBUG org.dbunit.database.DatabaseDataSourceConnection  - getConnection() - start
192962 [main] DEBUG org.dbunit.database.search.AbstractMetaDataBasedSearchCallback  - getNodes(type=0, node=SCOPEDCONTENT, conn=Transaction-aware proxy for target Connection [jdbc:hsqldb:mem:kontrollDS, UserName=sw, HSQL Database Engine Driver], schema=null, metaData=org.apache.commons.dbcp.DelegatingDatabaseMetaData@a71c79a, edges=[]) - start
192962 [main] DEBUG org.dbunit.database.search.AbstractMetaDataBasedSearchCallback  - Getting edges for node SCOPEDCONTENT
192962 [main] TRACE org.dbunit.database.DatabaseConfig  - getProperty(name=http://www.dbunit.org/properties/metadataHandler) - start
192962 [main] TRACE org.dbunit.database.DefaultMetadataHandler  - tableExists(metaData=org.apache.commons.dbcp.DelegatingDatabaseMetaData@a71c79a, schemaName=null, tableName=SCOPEDCONTENT) - start
192963 [main] DEBUG org.dbunit.util.SQLHelper  - close(resultSet=org.apache.commons.dbcp.DelegatingResultSet@18717ff6) - start
192963 [main] DEBUG org.dbunit.util.QualifiedTableName  - getQualifiedNameIfEnabled(config=org.dbunit.database.DatabaseConfig[, _propertyMap={http://www.dbunit.org/properties/statementFactory=org.dbunit.database.statement.PreparedStatementFactory@626bc2b8, http://www.dbunit.org/features/caseSensitiveTableNames=false, http://www.dbunit.org/properties/fetchSize=100, http://www.dbunit.org/features/batchedStatements=false, http://www.dbunit.org/properties/metadataHandler=org.dbunit.database.DefaultMetadataHandler@3eeace42, http://www.dbunit.org/properties/datatypeFactory=org.dbunit.dataset.datatype.DefaultDataTypeFactory[_toleratedDeltaMap=org.dbunit.dataset.datatype.ToleratedDeltaMap@6452310a], http://www.dbunit.org/properties/escapePattern=null, http://www.dbunit.org/properties/batchSize=100, http://www.dbunit.org/features/qualifiedTableNames=false, http://www.dbunit.org/properties/tableType=[Ljava.lang.String;@5011bafa, http://www.dbunit.org/properties/resultSetTableFactory=org.dbunit.database.CachedResultSetTableFactory@10bcf083, http://www.dbunit.org/features/datatypeWarning=true}]) - start
192963 [main] TRACE org.dbunit.database.DatabaseConfig  - getFeature(name=http://www.dbunit.org/features/qualifiedTableNames) - start
192963 [main] TRACE org.dbunit.database.DatabaseConfig  - getProperty(name=http://www.dbunit.org/features/qualifiedTableNames) - start
192963 [main] DEBUG org.dbunit.util.QualifiedTableName  - Qualified table names feature is disabled. Returning plain table name
192963 [main] DEBUG org.dbunit.util.QualifiedTableName  - getQualifiedName(prefix=null, name=SCOPEDCONTENT, escapePattern=null) - start
192963 [main] DEBUG org.dbunit.util.QualifiedTableName  - getQualifiedNameIfEnabled(config=org.dbunit.database.DatabaseConfig[, _propertyMap={http://www.dbunit.org/properties/statementFactory=org.dbunit.database.statement.PreparedStatementFactory@626bc2b8, http://www.dbunit.org/features/caseSensitiveTableNames=false, http://www.dbunit.org/properties/fetchSize=100, http://www.dbunit.org/features/batchedStatements=false, http://www.dbunit.org/properties/metadataHandler=org.dbunit.database.DefaultMetadataHandler@3eeace42, http://www.dbunit.org/properties/datatypeFactory=org.dbunit.dataset.datatype.DefaultDataTypeFactory[_toleratedDeltaMap=org.dbunit.dataset.datatype.ToleratedDeltaMap@6452310a], http://www.dbunit.org/properties/escapePattern=null, http://www.dbunit.org/properties/batchSize=100, http://www.dbunit.org/features/qualifiedTableNames=false, http://www.dbunit.org/properties/tableType=[Ljava.lang.String;@5011bafa, http://www.dbunit.org/properties/resultSetTableFactory=org.dbunit.database.CachedResultSetTableFactory@10bcf083, http://www.dbunit.org/features/datatypeWarning=true}]) - start
192963 [main] TRACE org.dbunit.database.DatabaseConfig  - getFeature(name=http://www.dbunit.org/features/qualifiedTableNames) - start
192963 [main] TRACE org.dbunit.database.DatabaseConfig  - getProperty(name=http://www.dbunit.org/features/qualifiedTableNames) - start
192963 [main] DEBUG org.dbunit.util.QualifiedTableName  - Qualified table names feature is disabled. Returning plain table name
192963 [main] DEBUG org.dbunit.util.QualifiedTableName  - getQualifiedName(prefix=null, name=SCOPE, escapePattern=null) - start
192963 [main] DEBUG org.dbunit.database.search.AbstractMetaDataBasedSearchCallback  - newEdge(rs=org.apache.commons.dbcp.DelegatingResultSet@14b24b98, type=0, from=SCOPEDCONTENT, to=SCOPE, fkColumn=SCOPE, pkColumn=ID) - start
192964 [main] DEBUG org.dbunit.database.search.AbstractMetaDataBasedSearchCallback  - createFKEdge(rs=org.apache.commons.dbcp.DelegatingResultSet@14b24b98, type=0, from=SCOPEDCONTENT, to=SCOPE, fkColumn=SCOPE, pkColumn=ID) - start
192964 [main] DEBUG org.dbunit.database.search.AbstractMetaDataBasedSearchCallback  - Adding edge SCOPEDCONTENT(SCOPE)->SCOPE(ID)
192964 [main] DEBUG org.dbunit.util.search.Edge  - compareTo(o=SCOPEDCONTENT(SCOPE)->SCOPE(ID)) - start
192964 [main] DEBUG org.dbunit.util.SQLHelper  - close(resultSet=org.apache.commons.dbcp.DelegatingResultSet@14b24b98) - start
192964 [main] DEBUG org.dbunit.util.search.DepthFirstSearch  - search:SCOPE
192964 [main] DEBUG org.dbunit.database.search.ImportedKeysSearchCallback  - searchNode(node=SCOPE) - start
192964 [main] DEBUG org.dbunit.util.search.DepthFirstSearch  - Pushing SCOPE
192964 [main] DEBUG org.dbunit.database.search.ImportedKeysSearchCallback  - getEdges(node=SCOPE) - start
192964 [main] DEBUG org.dbunit.database.search.AbstractMetaDataBasedSearchCallback  - getNodesFromImportedKeys(node=SCOPE) - start
192964 [main] DEBUG org.dbunit.database.search.AbstractMetaDataBasedSearchCallback  - getNodes(type=0, node=SCOPE) - start
192964 [main] DEBUG org.dbunit.database.DatabaseDataSourceConnection  - getConnection() - start
192964 [main] DEBUG org.dbunit.database.search.AbstractMetaDataBasedSearchCallback  - getNodes(type=0, node=SCOPE, conn=Transaction-aware proxy for target Connection [jdbc:hsqldb:mem:kontrollDS, UserName=sw, HSQL Database Engine Driver], schema=null, metaData=org.apache.commons.dbcp.DelegatingDatabaseMetaData@4580f2c5, edges=[]) - start
192964 [main] DEBUG org.dbunit.database.search.AbstractMetaDataBasedSearchCallback  - Getting edges for node SCOPE
192964 [main] TRACE org.dbunit.database.DatabaseConfig  - getProperty(name=http://www.dbunit.org/properties/metadataHandler) - start
192964 [main] TRACE org.dbunit.database.DefaultMetadataHandler  - tableExists(metaData=org.apache.commons.dbcp.DelegatingDatabaseMetaData@4580f2c5, schemaName=null, tableName=SCOPE) - start
192965 [main] DEBUG org.dbunit.util.SQLHelper  - close(resultSet=org.apache.commons.dbcp.DelegatingResultSet@6f379f64) - start
192965 [main] DEBUG org.dbunit.util.SQLHelper  - close(resultSet=org.apache.commons.dbcp.DelegatingResultSet@59b2cd45) - start
192965 [main] DEBUG org.dbunit.util.search.DepthFirstSearch  - Adding node SCOPE to the final result
192965 [main] DEBUG org.dbunit.util.search.DepthFirstSearch  - Adding node SCOPEDCONTENT to the final result
192965 [main] DEBUG org.dbunit.util.search.DepthFirstSearch  - search:SCOPEDCONTENTCONDITION
192965 [main] DEBUG org.dbunit.database.search.ImportedKeysSearchCallback  - searchNode(node=SCOPEDCONTENTCONDITION) - start
192965 [main] DEBUG org.dbunit.util.search.DepthFirstSearch  - Pushing SCOPEDCONTENTCONDITION
192966 [main] DEBUG org.dbunit.util.search.DepthFirstSearch  - Adding node SCOPEDCONTENTCONDITION to the final result
192966 [main] DEBUG org.dbunit.util.search.DepthFirstSearch  - Adding node SCOPEDCONTENTCONDITIONS_SCOPEDCONTENT to the final result
192966 [main] DEBUG org.dbunit.util.search.DepthFirstSearch  - reverseSearch:SCOPEDCONTENT
192966 [main] DEBUG org.dbunit.database.search.ImportedKeysSearchCallback  - searchNode(node=SCOPEDCONTENT) - start
192966 [main] DEBUG org.dbunit.util.search.DepthFirstSearch  - Pushing (reverse) SCOPEDCONTENT
192966 [main] DEBUG org.dbunit.database.search.ImportedKeysSearchCallback  - getEdges(node=SCOPEDCONTENT) - start
192966 [main] DEBUG org.dbunit.database.search.AbstractMetaDataBasedSearchCallback  - getNodesFromImportedKeys(node=SCOPEDCONTENT) - start
192966 [main] DEBUG org.dbunit.database.search.AbstractMetaDataBasedSearchCallback  - getNodes(type=0, node=SCOPEDCONTENT) - start
192966 [main] DEBUG org.dbunit.database.DatabaseDataSourceConnection  - getConnection() - start
192966 [main] DEBUG org.dbunit.database.search.AbstractMetaDataBasedSearchCallback  - getNodes(type=0, node=SCOPEDCONTENT, conn=Transaction-aware proxy for target Connection [jdbc:hsqldb:mem:kontrollDS, UserName=sw, HSQL Database Engine Driver], schema=null, metaData=org.apache.commons.dbcp.DelegatingDatabaseMetaData@69c29b04, edges=[]) - start
192966 [main] DEBUG org.dbunit.database.search.AbstractMetaDataBasedSearchCallback  - Getting edges for node SCOPEDCONTENT
192966 [main] TRACE org.dbunit.database.DatabaseConfig  - getProperty(name=http://www.dbunit.org/properties/metadataHandler) - start
192966 [main] TRACE org.dbunit.database.DefaultMetadataHandler  - tableExists(metaData=org.apache.commons.dbcp.DelegatingDatabaseMetaData@69c29b04, schemaName=null, tableName=SCOPEDCONTENT) - start
192967 [main] DEBUG org.dbunit.util.SQLHelper  - close(resultSet=org.apache.commons.dbcp.DelegatingResultSet@a942c33) - start
192967 [main] DEBUG org.dbunit.util.QualifiedTableName  - getQualifiedNameIfEnabled(config=org.dbunit.database.DatabaseConfig[, _propertyMap={http://www.dbunit.org/properties/statementFactory=org.dbunit.database.statement.PreparedStatementFactory@626bc2b8, http://www.dbunit.org/features/caseSensitiveTableNames=false, http://www.dbunit.org/properties/fetchSize=100, http://www.dbunit.org/features/batchedStatements=false, http://www.dbunit.org/properties/metadataHandler=org.dbunit.database.DefaultMetadataHandler@3eeace42, http://www.dbunit.org/properties/datatypeFactory=org.dbunit.dataset.datatype.DefaultDataTypeFactory[_toleratedDeltaMap=org.dbunit.dataset.datatype.ToleratedDeltaMap@6452310a], http://www.dbunit.org/properties/escapePattern=null, http://www.dbunit.org/properties/batchSize=100, http://www.dbunit.org/features/qualifiedTableNames=false, http://www.dbunit.org/properties/tableType=[Ljava.lang.String;@5011bafa, http://www.dbunit.org/properties/resultSetTableFactory=org.dbunit.database.CachedResultSetTableFactory@10bcf083, http://www.dbunit.org/features/datatypeWarning=true}]) - start
192967 [main] TRACE org.dbunit.database.DatabaseConfig  - getFeature(name=http://www.dbunit.org/features/qualifiedTableNames) - start
192967 [main] TRACE org.dbunit.database.DatabaseConfig  - getProperty(name=http://www.dbunit.org/features/qualifiedTableNames) - start
192967 [main] DEBUG org.dbunit.util.QualifiedTableName  - Qualified table names feature is disabled. Returning plain table name
192967 [main] DEBUG org.dbunit.util.QualifiedTableName  - getQualifiedName(prefix=null, name=SCOPEDCONTENT, escapePattern=null) - start
192967 [main] DEBUG org.dbunit.util.QualifiedTableName  - getQualifiedNameIfEnabled(config=org.dbunit.database.DatabaseConfig[, _propertyMap={http://www.dbunit.org/properties/statementFactory=org.dbunit.database.statement.PreparedStatementFactory@626bc2b8, http://www.dbunit.org/features/caseSensitiveTableNames=false, http://www.dbunit.org/properties/fetchSize=100, http://www.dbunit.org/features/batchedStatements=false, http://www.dbunit.org/properties/metadataHandler=org.dbunit.database.DefaultMetadataHandler@3eeace42, http://www.dbunit.org/properties/datatypeFactory=org.dbunit.dataset.datatype.DefaultDataTypeFactory[_toleratedDeltaMap=org.dbunit.dataset.datatype.ToleratedDeltaMap@6452310a], http://www.dbunit.org/properties/escapePattern=null, http://www.dbunit.org/properties/batchSize=100, http://www.dbunit.org/features/qualifiedTableNames=false, http://www.dbunit.org/properties/tableType=[Ljava.lang.String;@5011bafa, http://www.dbunit.org/properties/resultSetTableFactory=org.dbunit.database.CachedResultSetTableFactory@10bcf083, http://www.dbunit.org/features/datatypeWarning=true}]) - start
192968 [main] TRACE org.dbunit.database.DatabaseConfig  - getFeature(name=http://www.dbunit.org/features/qualifiedTableNames) - start
192968 [main] TRACE org.dbunit.database.DatabaseConfig  - getProperty(name=http://www.dbunit.org/features/qualifiedTableNames) - start
192968 [main] DEBUG org.dbunit.util.QualifiedTableName  - Qualified table names feature is disabled. Returning plain table name
192968 [main] DEBUG org.dbunit.util.QualifiedTableName  - getQualifiedName(prefix=null, name=SCOPE, escapePattern=null) - start
192968 [main] DEBUG org.dbunit.database.search.AbstractMetaDataBasedSearchCallback  - newEdge(rs=org.apache.commons.dbcp.DelegatingResultSet@2b876422, type=0, from=SCOPEDCONTENT, to=SCOPE, fkColumn=SCOPE, pkColumn=ID) - start
192968 [main] DEBUG org.dbunit.database.search.AbstractMetaDataBasedSearchCallback  - createFKEdge(rs=org.apache.commons.dbcp.DelegatingResultSet@2b876422, type=0, from=SCOPEDCONTENT, to=SCOPE, fkColumn=SCOPE, pkColumn=ID) - start
192968 [main] DEBUG org.dbunit.database.search.AbstractMetaDataBasedSearchCallback  - Adding edge SCOPEDCONTENT(SCOPE)->SCOPE(ID)
192968 [main] DEBUG org.dbunit.util.search.Edge  - compareTo(o=SCOPEDCONTENT(SCOPE)->SCOPE(ID)) - start
192968 [main] DEBUG org.dbunit.util.SQLHelper  - close(resultSet=org.apache.commons.dbcp.DelegatingResultSet@2b876422) - start
192968 [main] DEBUG org.dbunit.util.search.DepthFirstSearch  - reverseSearch:SCOPE
192968 [main] DEBUG org.dbunit.database.search.ImportedKeysSearchCallback  - searchNode(node=SCOPE) - start
192968 [main] DEBUG org.dbunit.util.search.DepthFirstSearch  - Pushing (reverse) SCOPE
192968 [main] DEBUG org.dbunit.database.search.ImportedKeysSearchCallback  - getEdges(node=SCOPE) - start
192968 [main] DEBUG org.dbunit.database.search.AbstractMetaDataBasedSearchCallback  - getNodesFromImportedKeys(node=SCOPE) - start
192968 [main] DEBUG org.dbunit.database.search.AbstractMetaDataBasedSearchCallback  - getNodes(type=0, node=SCOPE) - start
192968 [main] DEBUG org.dbunit.database.DatabaseDataSourceConnection  - getConnection() - start
192968 [main] DEBUG org.dbunit.database.search.AbstractMetaDataBasedSearchCallback  - getNodes(type=0, node=SCOPE, conn=Transaction-aware proxy for target Connection [jdbc:hsqldb:mem:kontrollDS, UserName=sw, HSQL Database Engine Driver], schema=null, metaData=org.apache.commons.dbcp.DelegatingDatabaseMetaData@45bf0a81, edges=[]) - start
192968 [main] DEBUG org.dbunit.database.search.AbstractMetaDataBasedSearchCallback  - Getting edges for node SCOPE
192968 [main] TRACE org.dbunit.database.DatabaseConfig  - getProperty(name=http://www.dbunit.org/properties/metadataHandler) - start
192968 [main] TRACE org.dbunit.database.DefaultMetadataHandler  - tableExists(metaData=org.apache.commons.dbcp.DelegatingDatabaseMetaData@45bf0a81, schemaName=null, tableName=SCOPE) - start
192969 [main] DEBUG org.dbunit.util.SQLHelper  - close(resultSet=org.apache.commons.dbcp.DelegatingResultSet@523cba44) - start
192969 [main] DEBUG org.dbunit.util.SQLHelper  - close(resultSet=org.apache.commons.dbcp.DelegatingResultSet@2d07fcb2) - start
192969 [main] DEBUG org.dbunit.util.search.DepthFirstSearch  - reverseSearch:SCOPEDCONTENTCONDITION
192969 [main] DEBUG org.dbunit.database.search.ImportedKeysSearchCallback  - searchNode(node=SCOPEDCONTENTCONDITION) - start
192970 [main] DEBUG org.dbunit.util.search.DepthFirstSearch  - Pushing (reverse) SCOPEDCONTENTCONDITION
192970 [main] DEBUG org.dbunit.database.search.ImportedKeysSearchCallback  - getEdges(node=SCOPEDCONTENTCONDITION) - start
192970 [main] DEBUG org.dbunit.database.search.AbstractMetaDataBasedSearchCallback  - getNodesFromImportedKeys(node=SCOPEDCONTENTCONDITION) - start
192970 [main] DEBUG org.dbunit.database.search.AbstractMetaDataBasedSearchCallback  - getNodes(type=0, node=SCOPEDCONTENTCONDITION) - start
192970 [main] DEBUG org.dbunit.database.DatabaseDataSourceConnection  - getConnection() - start
192970 [main] DEBUG org.dbunit.database.search.AbstractMetaDataBasedSearchCallback  - getNodes(type=0, node=SCOPEDCONTENTCONDITION, conn=Transaction-aware proxy for target Connection [jdbc:hsqldb:mem:kontrollDS, UserName=sw, HSQL Database Engine Driver], schema=null, metaData=org.apache.commons.dbcp.DelegatingDatabaseMetaData@675f2136, edges=[]) - start
192970 [main] DEBUG org.dbunit.database.search.AbstractMetaDataBasedSearchCallback  - Getting edges for node SCOPEDCONTENTCONDITION
192970 [main] TRACE org.dbunit.database.DatabaseConfig  - getProperty(name=http://www.dbunit.org/properties/metadataHandler) - start
192970 [main] TRACE org.dbunit.database.DefaultMetadataHandler  - tableExists(metaData=org.apache.commons.dbcp.DelegatingDatabaseMetaData@675f2136, schemaName=null, tableName=SCOPEDCONTENTCONDITION) - start
192971 [main] DEBUG org.dbunit.util.SQLHelper  - close(resultSet=org.apache.commons.dbcp.DelegatingResultSet@ed166a2) - start
192971 [main] DEBUG org.dbunit.util.SQLHelper  - close(resultSet=org.apache.commons.dbcp.DelegatingResultSet@51c14c40) - start
192971 [main] DEBUG org.dbunit.util.search.DepthFirstSearch  - reverseSearch:SCOPEDCONTENTCONDITIONS_SCOPEDCONTENT
192971 [main] DEBUG org.dbunit.util.search.DepthFirstSearch  - already searched; returning true
192971 [main] DEBUG org.dbunit.util.search.DepthFirstSearch  - search:SCOPEDCONTENTCONDITIONS_SCOPEDCONTENT
192971 [main] DEBUG org.dbunit.util.search.DepthFirstSearch  - already searched; returning true
192971 [main] DEBUG org.dbunit.util.search.DepthFirstSearch  - search:SCOPEDCONTENT
192971 [main] DEBUG org.dbunit.util.search.DepthFirstSearch  - already searched; returning true
192971 [main] DEBUG org.dbunit.util.search.DepthFirstSearch  - search:SCOPE
192971 [main] DEBUG org.dbunit.util.search.DepthFirstSearch  - already searched; returning true
192971 [main] DEBUG org.dbunit.util.search.DepthFirstSearch  - search:SCOPEDCONTENTCONDITION
192971 [main] DEBUG org.dbunit.util.search.DepthFirstSearch  - already searched; returning true
192971 [main] DEBUG org.dbunit.database.DatabaseSequenceFilter  - getDependencyInfo(connection=_databaseConfig=org.dbunit.database.DatabaseConfig[, _propertyMap={http://www.dbunit.org/properties/statementFactory=org.dbunit.database.statement.PreparedStatementFactory@626bc2b8, http://www.dbunit.org/features/caseSensitiveTableNames=false, http://www.dbunit.org/properties/fetchSize=100, http://www.dbunit.org/features/batchedStatements=false, http://www.dbunit.org/properties/metadataHandler=org.dbunit.database.DefaultMetadataHandler@3eeace42, http://www.dbunit.org/properties/datatypeFactory=org.dbunit.dataset.datatype.DefaultDataTypeFactory[_toleratedDeltaMap=org.dbunit.dataset.datatype.ToleratedDeltaMap@6452310a], http://www.dbunit.org/properties/escapePattern=null, http://www.dbunit.org/properties/batchSize=100, http://www.dbunit.org/features/qualifiedTableNames=false, http://www.dbunit.org/properties/tableType=[Ljava.lang.String;@5011bafa, http://www.dbunit.org/properties/resultSetTableFactory=org.dbunit.database.CachedResultSetTableFactory@10bcf083, http://www.dbunit.org/features/datatypeWarning=true}], _dataSet=AbstractDataSet[_orderedTableNameMap=null], tableName=SCOPEDCONTENTCONDITIONS_SCOPEDCONTENTITEM) - start
192972 [main] DEBUG org.dbunit.database.search.TablesDependencyHelper  - getDependentTables(connection=_databaseConfig=org.dbunit.database.DatabaseConfig[, _propertyMap={http://www.dbunit.org/properties/statementFactory=org.dbunit.database.statement.PreparedStatementFactory@626bc2b8, http://www.dbunit.org/features/caseSensitiveTableNames=false, http://www.dbunit.org/properties/fetchSize=100, http://www.dbunit.org/features/batchedStatements=false, http://www.dbunit.org/properties/metadataHandler=org.dbunit.database.DefaultMetadataHandler@3eeace42, http://www.dbunit.org/properties/datatypeFactory=org.dbunit.dataset.datatype.DefaultDataTypeFactory[_toleratedDeltaMap=org.dbunit.dataset.datatype.ToleratedDeltaMap@6452310a], http://www.dbunit.org/properties/escapePattern=null, http://www.dbunit.org/properties/batchSize=100, http://www.dbunit.org/features/qualifiedTableNames=false, http://www.dbunit.org/properties/tableType=[Ljava.lang.String;@5011bafa, http://www.dbunit.org/properties/resultSetTableFactory=org.dbunit.database.CachedResultSetTableFactory@10bcf083, http://www.dbunit.org/features/datatypeWarning=true}], _dataSet=AbstractDataSet[_orderedTableNameMap=null], rootTable=SCOPEDCONTENTCONDITIONS_SCOPEDCONTENTITEM) - start
192972 [main] DEBUG org.dbunit.database.search.TablesDependencyHelper  - getDependentTables(connection=_databaseConfig=org.dbunit.database.DatabaseConfig[, _propertyMap={http://www.dbunit.org/properties/statementFactory=org.dbunit.database.statement.PreparedStatementFactory@626bc2b8, http://www.dbunit.org/features/caseSensitiveTableNames=false, http://www.dbunit.org/properties/fetchSize=100, http://www.dbunit.org/features/batchedStatements=false, http://www.dbunit.org/properties/metadataHandler=org.dbunit.database.DefaultMetadataHandler@3eeace42, http://www.dbunit.org/properties/datatypeFactory=org.dbunit.dataset.datatype.DefaultDataTypeFactory[_toleratedDeltaMap=org.dbunit.dataset.datatype.ToleratedDeltaMap@6452310a], http://www.dbunit.org/properties/escapePattern=null, http://www.dbunit.org/properties/batchSize=100, http://www.dbunit.org/features/qualifiedTableNames=false, http://www.dbunit.org/properties/tableType=[Ljava.lang.String;@5011bafa, http://www.dbunit.org/properties/resultSetTableFactory=org.dbunit.database.CachedResultSetTableFactory@10bcf083, http://www.dbunit.org/features/datatypeWarning=true}], _dataSet=AbstractDataSet[_orderedTableNameMap=null], rootTables=[SCOPEDCONTENTCONDITIONS_SCOPEDCONTENTITEM]) - start
192972 [main] DEBUG org.dbunit.util.search.DepthFirstSearch  - search(nodesFrom=[SCOPEDCONTENTCONDITIONS_SCOPEDCONTENTITEM], callback=org.dbunit.database.search.ImportedKeysSearchCallback@a804699) - start
192972 [main] DEBUG org.dbunit.util.CollectionsHelper  - objectsToSet(objects=SCOPEDCONTENTCONDITIONS_SCOPEDCONTENTITEM) - start
192972 [main] DEBUG org.dbunit.util.search.DepthFirstSearch  - search(nodesFrom=[SCOPEDCONTENTCONDITIONS_SCOPEDCONTENTITEM], callback=org.dbunit.database.search.ImportedKeysSearchCallback@a804699) - start
192972 [main] DEBUG org.dbunit.util.search.DepthFirstSearch  - reverseSearch:SCOPEDCONTENTCONDITIONS_SCOPEDCONTENTITEM
192972 [main] DEBUG org.dbunit.database.search.ImportedKeysSearchCallback  - searchNode(node=SCOPEDCONTENTCONDITIONS_SCOPEDCONTENTITEM) - start
192972 [main] DEBUG org.dbunit.util.search.DepthFirstSearch  - Pushing (reverse) SCOPEDCONTENTCONDITIONS_SCOPEDCONTENTITEM
192972 [main] DEBUG org.dbunit.database.search.ImportedKeysSearchCallback  - getEdges(node=SCOPEDCONTENTCONDITIONS_SCOPEDCONTENTITEM) - start
192972 [main] DEBUG org.dbunit.database.search.AbstractMetaDataBasedSearchCallback  - getNodesFromImportedKeys(node=SCOPEDCONTENTCONDITIONS_SCOPEDCONTENTITEM) - start
192972 [main] DEBUG org.dbunit.database.search.AbstractMetaDataBasedSearchCallback  - getNodes(type=0, node=SCOPEDCONTENTCONDITIONS_SCOPEDCONTENTITEM) - start
192972 [main] DEBUG org.dbunit.database.DatabaseDataSourceConnection  - getConnection() - start
192972 [main] DEBUG org.dbunit.database.search.AbstractMetaDataBasedSearchCallback  - getNodes(type=0, node=SCOPEDCONTENTCONDITIONS_SCOPEDCONTENTITEM, conn=Transaction-aware proxy for target Connection [jdbc:hsqldb:mem:kontrollDS, UserName=sw, HSQL Database Engine Driver], schema=null, metaData=org.apache.commons.dbcp.DelegatingDatabaseMetaData@6b9aec31, edges=[]) - start
192972 [main] DEBUG org.dbunit.database.search.AbstractMetaDataBasedSearchCallback  - Getting edges for node SCOPEDCONTENTCONDITIONS_SCOPEDCONTENTITEM
192972 [main] TRACE org.dbunit.database.DatabaseConfig  - getProperty(name=http://www.dbunit.org/properties/metadataHandler) - start
192972 [main] TRACE org.dbunit.database.DefaultMetadataHandler  - tableExists(metaData=org.apache.commons.dbcp.DelegatingDatabaseMetaData@6b9aec31, schemaName=null, tableName=SCOPEDCONTENTCONDITIONS_SCOPEDCONTENTITEM) - start
192973 [main] DEBUG org.dbunit.util.SQLHelper  - close(resultSet=org.apache.commons.dbcp.DelegatingResultSet@7578ea36) - start
192973 [main] DEBUG org.dbunit.util.QualifiedTableName  - getQualifiedNameIfEnabled(config=org.dbunit.database.DatabaseConfig[, _propertyMap={http://www.dbunit.org/properties/statementFactory=org.dbunit.database.statement.PreparedStatementFactory@626bc2b8, http://www.dbunit.org/features/caseSensitiveTableNames=false, http://www.dbunit.org/properties/fetchSize=100, http://www.dbunit.org/features/batchedStatements=false, http://www.dbunit.org/properties/metadataHandler=org.dbunit.database.DefaultMetadataHandler@3eeace42, http://www.dbunit.org/properties/datatypeFactory=org.dbunit.dataset.datatype.DefaultDataTypeFactory[_toleratedDeltaMap=org.dbunit.dataset.datatype.ToleratedDeltaMap@6452310a], http://www.dbunit.org/properties/escapePattern=null, http://www.dbunit.org/properties/batchSize=100, http://www.dbunit.org/features/qualifiedTableNames=false, http://www.dbunit.org/properties/tableType=[Ljava.lang.String;@5011bafa, http://www.dbunit.org/properties/resultSetTableFactory=org.dbunit.database.CachedResultSetTableFactory@10bcf083, http://www.dbunit.org/features/datatypeWarning=true}]) - start
192973 [main] TRACE org.dbunit.database.DatabaseConfig  - getFeature(name=http://www.dbunit.org/features/qualifiedTableNames) - start
192973 [main] TRACE org.dbunit.database.DatabaseConfig  - getProperty(name=http://www.dbunit.org/features/qualifiedTableNames) - start
192973 [main] DEBUG org.dbunit.util.QualifiedTableName  - Qualified table names feature is disabled. Returning plain table name
192974 [main] DEBUG org.dbunit.util.QualifiedTableName  - getQualifiedName(prefix=null, name=SCOPEDCONTENTCONDITIONS_SCOPEDCONTENTITEM, escapePattern=null) - start
192974 [main] DEBUG org.dbunit.util.QualifiedTableName  - getQualifiedNameIfEnabled(config=org.dbunit.database.DatabaseConfig[, _propertyMap={http://www.dbunit.org/properties/statementFactory=org.dbunit.database.statement.PreparedStatementFactory@626bc2b8, http://www.dbunit.org/features/caseSensitiveTableNames=false, http://www.dbunit.org/properties/fetchSize=100, http://www.dbunit.org/features/batchedStatements=false, http://www.dbunit.org/properties/metadataHandler=org.dbunit.database.DefaultMetadataHandler@3eeace42, http://www.dbunit.org/properties/datatypeFactory=org.dbunit.dataset.datatype.DefaultDataTypeFactory[_toleratedDeltaMap=org.dbunit.dataset.datatype.ToleratedDeltaMap@6452310a], http://www.dbunit.org/properties/escapePattern=null, http://www.dbunit.org/properties/batchSize=100, http://www.dbunit.org/features/qualifiedTableNames=false, http://www.dbunit.org/properties/tableType=[Ljava.lang.String;@5011bafa, http://www.dbunit.org/properties/resultSetTableFactory=org.dbunit.database.CachedResultSetTableFactory@10bcf083, http://www.dbunit.org/features/datatypeWarning=true}]) - start
192974 [main] TRACE org.dbunit.database.DatabaseConfig  - getFeature(name=http://www.dbunit.org/features/qualifiedTableNames) - start
192974 [main] TRACE org.dbunit.database.DatabaseConfig  - getProperty(name=http://www.dbunit.org/features/qualifiedTableNames) - start
192974 [main] DEBUG org.dbunit.util.QualifiedTableName  - Qualified table names feature is disabled. Returning plain table name
192974 [main] DEBUG org.dbunit.util.QualifiedTableName  - getQualifiedName(prefix=null, name=SCOPEDCONTENTCONDITION, escapePattern=null) - start
192974 [main] DEBUG org.dbunit.database.search.AbstractMetaDataBasedSearchCallback  - newEdge(rs=org.apache.commons.dbcp.DelegatingResultSet@347c725c, type=0, from=SCOPEDCONTENTCONDITIONS_SCOPEDCONTENTITEM, to=SCOPEDCONTENTCONDITION, fkColumn=SCOPED_CONTENT_CONDITION_ID, pkColumn=ID) - start
192974 [main] DEBUG org.dbunit.database.search.AbstractMetaDataBasedSearchCallback  - createFKEdge(rs=org.apache.commons.dbcp.DelegatingResultSet@347c725c, type=0, from=SCOPEDCONTENTCONDITIONS_SCOPEDCONTENTITEM, to=SCOPEDCONTENTCONDITION, fkColumn=SCOPED_CONTENT_CONDITION_ID, pkColumn=ID) - start
192974 [main] DEBUG org.dbunit.database.search.AbstractMetaDataBasedSearchCallback  - Adding edge SCOPEDCONTENTCONDITIONS_SCOPEDCONTENTITEM(SCOPED_CONTENT_CONDITION_ID)->SCOPEDCONTENTCONDITION(ID)
192974 [main] DEBUG org.dbunit.util.search.Edge  - compareTo(o=SCOPEDCONTENTCONDITIONS_SCOPEDCONTENTITEM(SCOPED_CONTENT_CONDITION_ID)->SCOPEDCONTENTCONDITION(ID)) - start
192974 [main] DEBUG org.dbunit.util.QualifiedTableName  - getQualifiedNameIfEnabled(config=org.dbunit.database.DatabaseConfig[, _propertyMap={http://www.dbunit.org/properties/statementFactory=org.dbunit.database.statement.PreparedStatementFactory@626bc2b8, http://www.dbunit.org/features/caseSensitiveTableNames=false, http://www.dbunit.org/properties/fetchSize=100, http://www.dbunit.org/features/batchedStatements=false, http://www.dbunit.org/properties/metadataHandler=org.dbunit.database.DefaultMetadataHandler@3eeace42, http://www.dbunit.org/properties/datatypeFactory=org.dbunit.dataset.datatype.DefaultDataTypeFactory[_toleratedDeltaMap=org.dbunit.dataset.datatype.ToleratedDeltaMap@6452310a], http://www.dbunit.org/properties/escapePattern=null, http://www.dbunit.org/properties/batchSize=100, http://www.dbunit.org/features/qualifiedTableNames=false, http://www.dbunit.org/properties/tableType=[Ljava.lang.String;@5011bafa, http://www.dbunit.org/properties/resultSetTableFactory=org.dbunit.database.CachedResultSetTableFactory@10bcf083, http://www.dbunit.org/features/datatypeWarning=true}]) - start
192974 [main] TRACE org.dbunit.database.DatabaseConfig  - getFeature(name=http://www.dbunit.org/features/qualifiedTableNames) - start
192974 [main] TRACE org.dbunit.database.DatabaseConfig  - getProperty(name=http://www.dbunit.org/features/qualifiedTableNames) - start
192974 [main] DEBUG org.dbunit.util.QualifiedTableName  - Qualified table names feature is disabled. Returning plain table name
192974 [main] DEBUG org.dbunit.util.QualifiedTableName  - getQualifiedName(prefix=null, name=SCOPEDCONTENTCONDITIONS_SCOPEDCONTENTITEM, escapePattern=null) - start
192974 [main] DEBUG org.dbunit.util.QualifiedTableName  - getQualifiedNameIfEnabled(config=org.dbunit.database.DatabaseConfig[, _propertyMap={http://www.dbunit.org/properties/statementFactory=org.dbunit.database.statement.PreparedStatementFactory@626bc2b8, http://www.dbunit.org/features/caseSensitiveTableNames=false, http://www.dbunit.org/properties/fetchSize=100, http://www.dbunit.org/features/batchedStatements=false, http://www.dbunit.org/properties/metadataHandler=org.dbunit.database.DefaultMetadataHandler@3eeace42, http://www.dbunit.org/properties/datatypeFactory=org.dbunit.dataset.datatype.DefaultDataTypeFactory[_toleratedDeltaMap=org.dbunit.dataset.datatype.ToleratedDeltaMap@6452310a], http://www.dbunit.org/properties/escapePattern=null, http://www.dbunit.org/properties/batchSize=100, http://www.dbunit.org/features/qualifiedTableNames=false, http://www.dbunit.org/properties/tableType=[Ljava.lang.String;@5011bafa, http://www.dbunit.org/properties/resultSetTableFactory=org.dbunit.database.CachedResultSetTableFactory@10bcf083, http://www.dbunit.org/features/datatypeWarning=true}]) - start
192974 [main] TRACE org.dbunit.database.DatabaseConfig  - getFeature(name=http://www.dbunit.org/features/qualifiedTableNames) - start
192974 [main] TRACE org.dbunit.database.DatabaseConfig  - getProperty(name=http://www.dbunit.org/features/qualifiedTableNames) - start
192974 [main] DEBUG org.dbunit.util.QualifiedTableName  - Qualified table names feature is disabled. Returning plain table name
192974 [main] DEBUG org.dbunit.util.QualifiedTableName  - getQualifiedName(prefix=null, name=SCOPEDCONTENTITEM, escapePattern=null) - start
192974 [main] DEBUG org.dbunit.database.search.AbstractMetaDataBasedSearchCallback  - newEdge(rs=org.apache.commons.dbcp.DelegatingResultSet@347c725c, type=0, from=SCOPEDCONTENTCONDITIONS_SCOPEDCONTENTITEM, to=SCOPEDCONTENTITEM, fkColumn=SCOPED_CONTENT_ITEM_ID, pkColumn=ID) - start
192974 [main] DEBUG org.dbunit.database.search.AbstractMetaDataBasedSearchCallback  - createFKEdge(rs=org.apache.commons.dbcp.DelegatingResultSet@347c725c, type=0, from=SCOPEDCONTENTCONDITIONS_SCOPEDCONTENTITEM, to=SCOPEDCONTENTITEM, fkColumn=SCOPED_CONTENT_ITEM_ID, pkColumn=ID) - start
192974 [main] DEBUG org.dbunit.database.search.AbstractMetaDataBasedSearchCallback  - Adding edge SCOPEDCONTENTCONDITIONS_SCOPEDCONTENTITEM(SCOPED_CONTENT_ITEM_ID)->SCOPEDCONTENTITEM(ID)
192974 [main] DEBUG org.dbunit.util.search.Edge  - compareTo(o=SCOPEDCONTENTCONDITIONS_SCOPEDCONTENTITEM(SCOPED_CONTENT_CONDITION_ID)->SCOPEDCONTENTCONDITION(ID)) - start
192974 [main] DEBUG org.dbunit.util.SQLHelper  - close(resultSet=org.apache.commons.dbcp.DelegatingResultSet@347c725c) - start
192974 [main] DEBUG org.dbunit.util.search.DepthFirstSearch  - search:SCOPEDCONTENTCONDITIONS_SCOPEDCONTENTITEM
192974 [main] DEBUG org.dbunit.database.search.ImportedKeysSearchCallback  - searchNode(node=SCOPEDCONTENTCONDITIONS_SCOPEDCONTENTITEM) - start
192975 [main] DEBUG org.dbunit.util.search.DepthFirstSearch  - Pushing SCOPEDCONTENTCONDITIONS_SCOPEDCONTENTITEM
192975 [main] DEBUG org.dbunit.database.search.ImportedKeysSearchCallback  - getEdges(node=SCOPEDCONTENTCONDITIONS_SCOPEDCONTENTITEM) - start
192975 [main] DEBUG org.dbunit.database.search.AbstractMetaDataBasedSearchCallback  - getNodesFromImportedKeys(node=SCOPEDCONTENTCONDITIONS_SCOPEDCONTENTITEM) - start
192975 [main] DEBUG org.dbunit.database.search.AbstractMetaDataBasedSearchCallback  - getNodes(type=0, node=SCOPEDCONTENTCONDITIONS_SCOPEDCONTENTITEM) - start
192975 [main] DEBUG org.dbunit.database.DatabaseDataSourceConnection  - getConnection() - start
192975 [main] DEBUG org.dbunit.database.search.AbstractMetaDataBasedSearchCallback  - getNodes(type=0, node=SCOPEDCONTENTCONDITIONS_SCOPEDCONTENTITEM, conn=Transaction-aware proxy for target Connection [jdbc:hsqldb:mem:kontrollDS, UserName=sw, HSQL Database Engine Driver], schema=null, metaData=org.apache.commons.dbcp.DelegatingDatabaseMetaData@563810ef, edges=[]) - start
192975 [main] DEBUG org.dbunit.database.search.AbstractMetaDataBasedSearchCallback  - Getting edges for node SCOPEDCONTENTCONDITIONS_SCOPEDCONTENTITEM
192975 [main] TRACE org.dbunit.database.DatabaseConfig  - getProperty(name=http://www.dbunit.org/properties/metadataHandler) - start
192975 [main] TRACE org.dbunit.database.DefaultMetadataHandler  - tableExists(metaData=org.apache.commons.dbcp.DelegatingDatabaseMetaData@563810ef, schemaName=null, tableName=SCOPEDCONTENTCONDITIONS_SCOPEDCONTENTITEM) - start
192976 [main] DEBUG org.dbunit.util.SQLHelper  - close(resultSet=org.apache.commons.dbcp.DelegatingResultSet@1bf668d) - start
192976 [main] DEBUG org.dbunit.util.QualifiedTableName  - getQualifiedNameIfEnabled(config=org.dbunit.database.DatabaseConfig[, _propertyMap={http://www.dbunit.org/properties/statementFactory=org.dbunit.database.statement.PreparedStatementFactory@626bc2b8, http://www.dbunit.org/features/caseSensitiveTableNames=false, http://www.dbunit.org/properties/fetchSize=100, http://www.dbunit.org/features/batchedStatements=false, http://www.dbunit.org/properties/metadataHandler=org.dbunit.database.DefaultMetadataHandler@3eeace42, http://www.dbunit.org/properties/datatypeFactory=org.dbunit.dataset.datatype.DefaultDataTypeFactory[_toleratedDeltaMap=org.dbunit.dataset.datatype.ToleratedDeltaMap@6452310a], http://www.dbunit.org/properties/escapePattern=null, http://www.dbunit.org/properties/batchSize=100, http://www.dbunit.org/features/qualifiedTableNames=false, http://www.dbunit.org/properties/tableType=[Ljava.lang.String;@5011bafa, http://www.dbunit.org/properties/resultSetTableFactory=org.dbunit.database.CachedResultSetTableFactory@10bcf083, http://www.dbunit.org/features/datatypeWarning=true}]) - start
192976 [main] TRACE org.dbunit.database.DatabaseConfig  - getFeature(name=http://www.dbunit.org/features/qualifiedTableNames) - start
192976 [main] TRACE org.dbunit.database.DatabaseConfig  - getProperty(name=http://www.dbunit.org/features/qualifiedTableNames) - start
192976 [main] DEBUG org.dbunit.util.QualifiedTableName  - Qualified table names feature is disabled. Returning plain table name
192976 [main] DEBUG org.dbunit.util.QualifiedTableName  - getQualifiedName(prefix=null, name=SCOPEDCONTENTCONDITIONS_SCOPEDCONTENTITEM, escapePattern=null) - start
192976 [main] DEBUG org.dbunit.util.QualifiedTableName  - getQualifiedNameIfEnabled(config=org.dbunit.database.DatabaseConfig[, _propertyMap={http://www.dbunit.org/properties/statementFactory=org.dbunit.database.statement.PreparedStatementFactory@626bc2b8, http://www.dbunit.org/features/caseSensitiveTableNames=false, http://www.dbunit.org/properties/fetchSize=100, http://www.dbunit.org/features/batchedStatements=false, http://www.dbunit.org/properties/metadataHandler=org.dbunit.database.DefaultMetadataHandler@3eeace42, http://www.dbunit.org/properties/datatypeFactory=org.dbunit.dataset.datatype.DefaultDataTypeFactory[_toleratedDeltaMap=org.dbunit.dataset.datatype.ToleratedDeltaMap@6452310a], http://www.dbunit.org/properties/escapePattern=null, http://www.dbunit.org/properties/batchSize=100, http://www.dbunit.org/features/qualifiedTableNames=false, http://www.dbunit.org/properties/tableType=[Ljava.lang.String;@5011bafa, http://www.dbunit.org/properties/resultSetTableFactory=org.dbunit.database.CachedResultSetTableFactory@10bcf083, http://www.dbunit.org/features/datatypeWarning=true}]) - start
192976 [main] TRACE org.dbunit.database.DatabaseConfig  - getFeature(name=http://www.dbunit.org/features/qualifiedTableNames) - start
192976 [main] TRACE org.dbunit.database.DatabaseConfig  - getProperty(name=http://www.dbunit.org/features/qualifiedTableNames) - start
192977 [main] DEBUG org.dbunit.util.QualifiedTableName  - Qualified table names feature is disabled. Returning plain table name
192977 [main] DEBUG org.dbunit.util.QualifiedTableName  - getQualifiedName(prefix=null, name=SCOPEDCONTENTCONDITION, escapePattern=null) - start
192977 [main] DEBUG org.dbunit.database.search.AbstractMetaDataBasedSearchCallback  - newEdge(rs=org.apache.commons.dbcp.DelegatingResultSet@c84565c, type=0, from=SCOPEDCONTENTCONDITIONS_SCOPEDCONTENTITEM, to=SCOPEDCONTENTCONDITION, fkColumn=SCOPED_CONTENT_CONDITION_ID, pkColumn=ID) - start
192977 [main] DEBUG org.dbunit.database.search.AbstractMetaDataBasedSearchCallback  - createFKEdge(rs=org.apache.commons.dbcp.DelegatingResultSet@c84565c, type=0, from=SCOPEDCONTENTCONDITIONS_SCOPEDCONTENTITEM, to=SCOPEDCONTENTCONDITION, fkColumn=SCOPED_CONTENT_CONDITION_ID, pkColumn=ID) - start
192977 [main] DEBUG org.dbunit.database.search.AbstractMetaDataBasedSearchCallback  - Adding edge SCOPEDCONTENTCONDITIONS_SCOPEDCONTENTITEM(SCOPED_CONTENT_CONDITION_ID)->SCOPEDCONTENTCONDITION(ID)
192977 [main] DEBUG org.dbunit.util.search.Edge  - compareTo(o=SCOPEDCONTENTCONDITIONS_SCOPEDCONTENTITEM(SCOPED_CONTENT_CONDITION_ID)->SCOPEDCONTENTCONDITION(ID)) - start
192977 [main] DEBUG org.dbunit.util.QualifiedTableName  - getQualifiedNameIfEnabled(config=org.dbunit.database.DatabaseConfig[, _propertyMap={http://www.dbunit.org/properties/statementFactory=org.dbunit.database.statement.PreparedStatementFactory@626bc2b8, http://www.dbunit.org/features/caseSensitiveTableNames=false, http://www.dbunit.org/properties/fetchSize=100, http://www.dbunit.org/features/batchedStatements=false, http://www.dbunit.org/properties/metadataHandler=org.dbunit.database.DefaultMetadataHandler@3eeace42, http://www.dbunit.org/properties/datatypeFactory=org.dbunit.dataset.datatype.DefaultDataTypeFactory[_toleratedDeltaMap=org.dbunit.dataset.datatype.ToleratedDeltaMap@6452310a], http://www.dbunit.org/properties/escapePattern=null, http://www.dbunit.org/properties/batchSize=100, http://www.dbunit.org/features/qualifiedTableNames=false, http://www.dbunit.org/properties/tableType=[Ljava.lang.String;@5011bafa, http://www.dbunit.org/properties/resultSetTableFactory=org.dbunit.database.CachedResultSetTableFactory@10bcf083, http://www.dbunit.org/features/datatypeWarning=true}]) - start
192977 [main] TRACE org.dbunit.database.DatabaseConfig  - getFeature(name=http://www.dbunit.org/features/qualifiedTableNames) - start
192977 [main] TRACE org.dbunit.database.DatabaseConfig  - getProperty(name=http://www.dbunit.org/features/qualifiedTableNames) - start
192977 [main] DEBUG org.dbunit.util.QualifiedTableName  - Qualified table names feature is disabled. Returning plain table name
192977 [main] DEBUG org.dbunit.util.QualifiedTableName  - getQualifiedName(prefix=null, name=SCOPEDCONTENTCONDITIONS_SCOPEDCONTENTITEM, escapePattern=null) - start
192977 [main] DEBUG org.dbunit.util.QualifiedTableName  - getQualifiedNameIfEnabled(config=org.dbunit.database.DatabaseConfig[, _propertyMap={http://www.dbunit.org/properties/statementFactory=org.dbunit.database.statement.PreparedStatementFactory@626bc2b8, http://www.dbunit.org/features/caseSensitiveTableNames=false, http://www.dbunit.org/properties/fetchSize=100, http://www.dbunit.org/features/batchedStatements=false, http://www.dbunit.org/properties/metadataHandler=org.dbunit.database.DefaultMetadataHandler@3eeace42, http://www.dbunit.org/properties/datatypeFactory=org.dbunit.dataset.datatype.DefaultDataTypeFactory[_toleratedDeltaMap=org.dbunit.dataset.datatype.ToleratedDeltaMap@6452310a], http://www.dbunit.org/properties/escapePattern=null, http://www.dbunit.org/properties/batchSize=100, http://www.dbunit.org/features/qualifiedTableNames=false, http://www.dbunit.org/properties/tableType=[Ljava.lang.String;@5011bafa, http://www.dbunit.org/properties/resultSetTableFactory=org.dbunit.database.CachedResultSetTableFactory@10bcf083, http://www.dbunit.org/features/datatypeWarning=true}]) - start
192977 [main] TRACE org.dbunit.database.DatabaseConfig  - getFeature(name=http://www.dbunit.org/features/qualifiedTableNames) - start
192977 [main] TRACE org.dbunit.database.DatabaseConfig  - getProperty(name=http://www.dbunit.org/features/qualifiedTableNames) - start
192977 [main] DEBUG org.dbunit.util.QualifiedTableName  - Qualified table names feature is disabled. Returning plain table name
192977 [main] DEBUG org.dbunit.util.QualifiedTableName  - getQualifiedName(prefix=null, name=SCOPEDCONTENTITEM, escapePattern=null) - start
192977 [main] DEBUG org.dbunit.database.search.AbstractMetaDataBasedSearchCallback  - newEdge(rs=org.apache.commons.dbcp.DelegatingResultSet@c84565c, type=0, from=SCOPEDCONTENTCONDITIONS_SCOPEDCONTENTITEM, to=SCOPEDCONTENTITEM, fkColumn=SCOPED_CONTENT_ITEM_ID, pkColumn=ID) - start
192977 [main] DEBUG org.dbunit.database.search.AbstractMetaDataBasedSearchCallback  - createFKEdge(rs=org.apache.commons.dbcp.DelegatingResultSet@c84565c, type=0, from=SCOPEDCONTENTCONDITIONS_SCOPEDCONTENTITEM, to=SCOPEDCONTENTITEM, fkColumn=SCOPED_CONTENT_ITEM_ID, pkColumn=ID) - start
192977 [main] DEBUG org.dbunit.database.search.AbstractMetaDataBasedSearchCallback  - Adding edge SCOPEDCONTENTCONDITIONS_SCOPEDCONTENTITEM(SCOPED_CONTENT_ITEM_ID)->SCOPEDCONTENTITEM(ID)
192977 [main] DEBUG org.dbunit.util.search.Edge  - compareTo(o=SCOPEDCONTENTCONDITIONS_SCOPEDCONTENTITEM(SCOPED_CONTENT_CONDITION_ID)->SCOPEDCONTENTCONDITION(ID)) - start
192977 [main] DEBUG org.dbunit.util.SQLHelper  - close(resultSet=org.apache.commons.dbcp.DelegatingResultSet@c84565c) - start
192977 [main] DEBUG org.dbunit.util.search.DepthFirstSearch  - search:SCOPEDCONTENTCONDITION
192977 [main] DEBUG org.dbunit.database.search.ImportedKeysSearchCallback  - searchNode(node=SCOPEDCONTENTCONDITION) - start
192977 [main] DEBUG org.dbunit.util.search.DepthFirstSearch  - Pushing SCOPEDCONTENTCONDITION
192977 [main] DEBUG org.dbunit.database.search.ImportedKeysSearchCallback  - getEdges(node=SCOPEDCONTENTCONDITION) - start
192977 [main] DEBUG org.dbunit.database.search.AbstractMetaDataBasedSearchCallback  - getNodesFromImportedKeys(node=SCOPEDCONTENTCONDITION) - start
192977 [main] DEBUG org.dbunit.database.search.AbstractMetaDataBasedSearchCallback  - getNodes(type=0, node=SCOPEDCONTENTCONDITION) - start
192977 [main] DEBUG org.dbunit.database.DatabaseDataSourceConnection  - getConnection() - start
192978 [main] DEBUG org.dbunit.database.search.AbstractMetaDataBasedSearchCallback  - getNodes(type=0, node=SCOPEDCONTENTCONDITION, conn=Transaction-aware proxy for target Connection [jdbc:hsqldb:mem:kontrollDS, UserName=sw, HSQL Database Engine Driver], schema=null, metaData=org.apache.commons.dbcp.DelegatingDatabaseMetaData@4441b86f, edges=[]) - start
192978 [main] DEBUG org.dbunit.database.search.AbstractMetaDataBasedSearchCallback  - Getting edges for node SCOPEDCONTENTCONDITION
192978 [main] TRACE org.dbunit.database.DatabaseConfig  - getProperty(name=http://www.dbunit.org/properties/metadataHandler) - start
192978 [main] TRACE org.dbunit.database.DefaultMetadataHandler  - tableExists(metaData=org.apache.commons.dbcp.DelegatingDatabaseMetaData@4441b86f, schemaName=null, tableName=SCOPEDCONTENTCONDITION) - start
192979 [main] DEBUG org.dbunit.util.SQLHelper  - close(resultSet=org.apache.commons.dbcp.DelegatingResultSet@4b6c3adb) - start
192979 [main] DEBUG org.dbunit.util.SQLHelper  - close(resultSet=org.apache.commons.dbcp.DelegatingResultSet@7336c933) - start
192979 [main] DEBUG org.dbunit.util.search.DepthFirstSearch  - Adding node SCOPEDCONTENTCONDITION to the final result
192979 [main] DEBUG org.dbunit.util.search.DepthFirstSearch  - search:SCOPEDCONTENTITEM
192979 [main] DEBUG org.dbunit.database.search.ImportedKeysSearchCallback  - searchNode(node=SCOPEDCONTENTITEM) - start
192979 [main] DEBUG org.dbunit.util.search.DepthFirstSearch  - Pushing SCOPEDCONTENTITEM
192979 [main] DEBUG org.dbunit.database.search.ImportedKeysSearchCallback  - getEdges(node=SCOPEDCONTENTITEM) - start
192979 [main] DEBUG org.dbunit.database.search.AbstractMetaDataBasedSearchCallback  - getNodesFromImportedKeys(node=SCOPEDCONTENTITEM) - start
192979 [main] DEBUG org.dbunit.database.search.AbstractMetaDataBasedSearchCallback  - getNodes(type=0, node=SCOPEDCONTENTITEM) - start
192979 [main] DEBUG org.dbunit.database.DatabaseDataSourceConnection  - getConnection() - start
192979 [main] DEBUG org.dbunit.database.search.AbstractMetaDataBasedSearchCallback  - getNodes(type=0, node=SCOPEDCONTENTITEM, conn=Transaction-aware proxy for target Connection [jdbc:hsqldb:mem:kontrollDS, UserName=sw, HSQL Database Engine Driver], schema=null, metaData=org.apache.commons.dbcp.DelegatingDatabaseMetaData@11d36e5d, edges=[]) - start
192979 [main] DEBUG org.dbunit.database.search.AbstractMetaDataBasedSearchCallback  - Getting edges for node SCOPEDCONTENTITEM
192979 [main] TRACE org.dbunit.database.DatabaseConfig  - getProperty(name=http://www.dbunit.org/properties/metadataHandler) - start
192979 [main] TRACE org.dbunit.database.DefaultMetadataHandler  - tableExists(metaData=org.apache.commons.dbcp.DelegatingDatabaseMetaData@11d36e5d, schemaName=null, tableName=SCOPEDCONTENTITEM) - start
192980 [main] DEBUG org.dbunit.util.SQLHelper  - close(resultSet=org.apache.commons.dbcp.DelegatingResultSet@43223b0a) - start
192980 [main] DEBUG org.dbunit.util.SQLHelper  - close(resultSet=org.apache.commons.dbcp.DelegatingResultSet@77ca7bef) - start
192980 [main] DEBUG org.dbunit.util.search.DepthFirstSearch  - Adding node SCOPEDCONTENTITEM to the final result
192981 [main] DEBUG org.dbunit.util.search.DepthFirstSearch  - Adding node SCOPEDCONTENTCONDITIONS_SCOPEDCONTENTITEM to the final result
192981 [main] DEBUG org.dbunit.util.search.DepthFirstSearch  - reverseSearch:SCOPEDCONTENTITEM
192981 [main] DEBUG org.dbunit.database.search.ImportedKeysSearchCallback  - searchNode(node=SCOPEDCONTENTITEM) - start
192981 [main] DEBUG org.dbunit.util.search.DepthFirstSearch  - Pushing (reverse) SCOPEDCONTENTITEM
192981 [main] DEBUG org.dbunit.database.search.ImportedKeysSearchCallback  - getEdges(node=SCOPEDCONTENTITEM) - start
192981 [main] DEBUG org.dbunit.database.search.AbstractMetaDataBasedSearchCallback  - getNodesFromImportedKeys(node=SCOPEDCONTENTITEM) - start
192981 [main] DEBUG org.dbunit.database.search.AbstractMetaDataBasedSearchCallback  - getNodes(type=0, node=SCOPEDCONTENTITEM) - start
192981 [main] DEBUG org.dbunit.database.DatabaseDataSourceConnection  - getConnection() - start
192981 [main] DEBUG org.dbunit.database.search.AbstractMetaDataBasedSearchCallback  - getNodes(type=0, node=SCOPEDCONTENTITEM, conn=Transaction-aware proxy for target Connection [jdbc:hsqldb:mem:kontrollDS, UserName=sw, HSQL Database Engine Driver], schema=null, metaData=org.apache.commons.dbcp.DelegatingDatabaseMetaData@e8ec55a, edges=[]) - start
192981 [main] DEBUG org.dbunit.database.search.AbstractMetaDataBasedSearchCallback  - Getting edges for node SCOPEDCONTENTITEM
192981 [main] TRACE org.dbunit.database.DatabaseConfig  - getProperty(name=http://www.dbunit.org/properties/metadataHandler) - start
192981 [main] TRACE org.dbunit.database.DefaultMetadataHandler  - tableExists(metaData=org.apache.commons.dbcp.DelegatingDatabaseMetaData@e8ec55a, schemaName=null, tableName=SCOPEDCONTENTITEM) - start
192982 [main] DEBUG org.dbunit.util.SQLHelper  - close(resultSet=org.apache.commons.dbcp.DelegatingResultSet@284463cb) - start
192982 [main] DEBUG org.dbunit.util.SQLHelper  - close(resultSet=org.apache.commons.dbcp.DelegatingResultSet@7fbe176) - start
192982 [main] DEBUG org.dbunit.util.search.DepthFirstSearch  - reverseSearch:SCOPEDCONTENTCONDITIONS_SCOPEDCONTENTITEM
192982 [main] DEBUG org.dbunit.util.search.DepthFirstSearch  - already searched; returning true
192982 [main] DEBUG org.dbunit.util.search.DepthFirstSearch  - reverseSearch:SCOPEDCONTENTCONDITION
192982 [main] DEBUG org.dbunit.database.search.ImportedKeysSearchCallback  - searchNode(node=SCOPEDCONTENTCONDITION) - start
192982 [main] DEBUG org.dbunit.util.search.DepthFirstSearch  - Pushing (reverse) SCOPEDCONTENTCONDITION
192982 [main] DEBUG org.dbunit.database.search.ImportedKeysSearchCallback  - getEdges(node=SCOPEDCONTENTCONDITION) - start
192982 [main] DEBUG org.dbunit.database.search.AbstractMetaDataBasedSearchCallback  - getNodesFromImportedKeys(node=SCOPEDCONTENTCONDITION) - start
192982 [main] DEBUG org.dbunit.database.search.AbstractMetaDataBasedSearchCallback  - getNodes(type=0, node=SCOPEDCONTENTCONDITION) - start
192982 [main] DEBUG org.dbunit.database.DatabaseDataSourceConnection  - getConnection() - start
192982 [main] DEBUG org.dbunit.database.search.AbstractMetaDataBasedSearchCallback  - getNodes(type=0, node=SCOPEDCONTENTCONDITION, conn=Transaction-aware proxy for target Connection [jdbc:hsqldb:mem:kontrollDS, UserName=sw, HSQL Database Engine Driver], schema=null, metaData=org.apache.commons.dbcp.DelegatingDatabaseMetaData@298f0e12, edges=[]) - start
192982 [main] DEBUG org.dbunit.database.search.AbstractMetaDataBasedSearchCallback  - Getting edges for node SCOPEDCONTENTCONDITION
192982 [main] TRACE org.dbunit.database.DatabaseConfig  - getProperty(name=http://www.dbunit.org/properties/metadataHandler) - start
192982 [main] TRACE org.dbunit.database.DefaultMetadataHandler  - tableExists(metaData=org.apache.commons.dbcp.DelegatingDatabaseMetaData@298f0e12, schemaName=null, tableName=SCOPEDCONTENTCONDITION) - start
192983 [main] DEBUG org.dbunit.util.SQLHelper  - close(resultSet=org.apache.commons.dbcp.DelegatingResultSet@715fc302) - start
192984 [main] DEBUG org.dbunit.util.SQLHelper  - close(resultSet=org.apache.commons.dbcp.DelegatingResultSet@1feac191) - start
192984 [main] DEBUG org.dbunit.util.search.DepthFirstSearch  - search:SCOPEDCONTENTCONDITIONS_SCOPEDCONTENTITEM
192984 [main] DEBUG org.dbunit.util.search.DepthFirstSearch  - already searched; returning true
192984 [main] DEBUG org.dbunit.util.search.DepthFirstSearch  - search:SCOPEDCONTENTITEM
192984 [main] DEBUG org.dbunit.util.search.DepthFirstSearch  - already searched; returning true
192984 [main] DEBUG org.dbunit.util.search.DepthFirstSearch  - search:SCOPEDCONTENTCONDITION
192984 [main] DEBUG org.dbunit.util.search.DepthFirstSearch  - already searched; returning true
192984 [main] DEBUG org.dbunit.util.CollectionsHelper  - setToStrings(set=[SCOPEDCONTENTCONDITION, SCOPEDCONTENTITEM, SCOPEDCONTENTCONDITIONS_SCOPEDCONTENTITEM]) - start
192984 [main] DEBUG org.dbunit.database.search.TablesDependencyHelper  - getDependsOnTables(connection=_databaseConfig=org.dbunit.database.DatabaseConfig[, _propertyMap={http://www.dbunit.org/properties/statementFactory=org.dbunit.database.statement.PreparedStatementFactory@626bc2b8, http://www.dbunit.org/features/caseSensitiveTableNames=false, http://www.dbunit.org/properties/fetchSize=100, http://www.dbunit.org/features/batchedStatements=false, http://www.dbunit.org/properties/metadataHandler=org.dbunit.database.DefaultMetadataHandler@3eeace42, http://www.dbunit.org/properties/datatypeFactory=org.dbunit.dataset.datatype.DefaultDataTypeFactory[_toleratedDeltaMap=org.dbunit.dataset.datatype.ToleratedDeltaMap@6452310a], http://www.dbunit.org/properties/escapePattern=null, http://www.dbunit.org/properties/batchSize=100, http://www.dbunit.org/features/qualifiedTableNames=false, http://www.dbunit.org/properties/tableType=[Ljava.lang.String;@5011bafa, http://www.dbunit.org/properties/resultSetTableFactory=org.dbunit.database.CachedResultSetTableFactory@10bcf083, http://www.dbunit.org/features/datatypeWarning=true}], _dataSet=AbstractDataSet[_orderedTableNameMap=null], rootTable=SCOPEDCONTENTCONDITIONS_SCOPEDCONTENTITEM) - start
192984 [main] DEBUG org.dbunit.util.search.DepthFirstSearch  - search(nodesFrom=[SCOPEDCONTENTCONDITIONS_SCOPEDCONTENTITEM], callback=org.dbunit.database.search.ExportedKeysSearchCallback@1f43d6e1) - start
192984 [main] DEBUG org.dbunit.util.CollectionsHelper  - objectsToSet(objects=SCOPEDCONTENTCONDITIONS_SCOPEDCONTENTITEM) - start
192984 [main] DEBUG org.dbunit.util.search.DepthFirstSearch  - search(nodesFrom=[SCOPEDCONTENTCONDITIONS_SCOPEDCONTENTITEM], callback=org.dbunit.database.search.ExportedKeysSearchCallback@1f43d6e1) - start
192984 [main] DEBUG org.dbunit.util.search.DepthFirstSearch  - reverseSearch:SCOPEDCONTENTCONDITIONS_SCOPEDCONTENTITEM
192984 [main] DEBUG org.dbunit.database.search.ExportedKeysSearchCallback  - searchNode(node=SCOPEDCONTENTCONDITIONS_SCOPEDCONTENTITEM) - start
192984 [main] DEBUG org.dbunit.util.search.DepthFirstSearch  - Pushing (reverse) SCOPEDCONTENTCONDITIONS_SCOPEDCONTENTITEM
192984 [main] DEBUG org.dbunit.database.search.ExportedKeysSearchCallback  - getEdges(node=SCOPEDCONTENTCONDITIONS_SCOPEDCONTENTITEM) - start
192984 [main] DEBUG org.dbunit.database.search.AbstractMetaDataBasedSearchCallback  - getNodesFromExportedKeys(node=SCOPEDCONTENTCONDITIONS_SCOPEDCONTENTITEM) - start
192984 [main] DEBUG org.dbunit.database.search.AbstractMetaDataBasedSearchCallback  - getNodes(type=1, node=SCOPEDCONTENTCONDITIONS_SCOPEDCONTENTITEM) - start
192984 [main] DEBUG org.dbunit.database.DatabaseDataSourceConnection  - getConnection() - start
192984 [main] DEBUG org.dbunit.database.search.AbstractMetaDataBasedSearchCallback  - getNodes(type=1, node=SCOPEDCONTENTCONDITIONS_SCOPEDCONTENTITEM, conn=Transaction-aware proxy for target Connection [jdbc:hsqldb:mem:kontrollDS, UserName=sw, HSQL Database Engine Driver], schema=null, metaData=org.apache.commons.dbcp.DelegatingDatabaseMetaData@1ed05dd0, edges=[]) - start
192984 [main] DEBUG org.dbunit.database.search.AbstractMetaDataBasedSearchCallback  - Getting edges for node SCOPEDCONTENTCONDITIONS_SCOPEDCONTENTITEM
192984 [main] TRACE org.dbunit.database.DatabaseConfig  - getProperty(name=http://www.dbunit.org/properties/metadataHandler) - start
192984 [main] TRACE org.dbunit.database.DefaultMetadataHandler  - tableExists(metaData=org.apache.commons.dbcp.DelegatingDatabaseMetaData@1ed05dd0, schemaName=null, tableName=SCOPEDCONTENTCONDITIONS_SCOPEDCONTENTITEM) - start
192986 [main] DEBUG org.dbunit.util.SQLHelper  - close(resultSet=org.apache.commons.dbcp.DelegatingResultSet@27570f17) - start
192986 [main] DEBUG org.dbunit.util.SQLHelper  - close(resultSet=org.apache.commons.dbcp.DelegatingResultSet@54c72434) - start
192986 [main] DEBUG org.dbunit.util.search.DepthFirstSearch  - search:SCOPEDCONTENTCONDITIONS_SCOPEDCONTENTITEM
192986 [main] DEBUG org.dbunit.database.search.ExportedKeysSearchCallback  - searchNode(node=SCOPEDCONTENTCONDITIONS_SCOPEDCONTENTITEM) - start
192986 [main] DEBUG org.dbunit.util.search.DepthFirstSearch  - Pushing SCOPEDCONTENTCONDITIONS_SCOPEDCONTENTITEM
192986 [main] DEBUG org.dbunit.database.search.ExportedKeysSearchCallback  - getEdges(node=SCOPEDCONTENTCONDITIONS_SCOPEDCONTENTITEM) - start
192986 [main] DEBUG org.dbunit.database.search.AbstractMetaDataBasedSearchCallback  - getNodesFromExportedKeys(node=SCOPEDCONTENTCONDITIONS_SCOPEDCONTENTITEM) - start
192986 [main] DEBUG org.dbunit.database.search.AbstractMetaDataBasedSearchCallback  - getNodes(type=1, node=SCOPEDCONTENTCONDITIONS_SCOPEDCONTENTITEM) - start
192986 [main] DEBUG org.dbunit.database.DatabaseDataSourceConnection  - getConnection() - start
192986 [main] DEBUG org.dbunit.database.search.AbstractMetaDataBasedSearchCallback  - getNodes(type=1, node=SCOPEDCONTENTCONDITIONS_SCOPEDCONTENTITEM, conn=Transaction-aware proxy for target Connection [jdbc:hsqldb:mem:kontrollDS, UserName=sw, HSQL Database Engine Driver], schema=null, metaData=org.apache.commons.dbcp.DelegatingDatabaseMetaData@5e19fd67, edges=[]) - start
192986 [main] DEBUG org.dbunit.database.search.AbstractMetaDataBasedSearchCallback  - Getting edges for node SCOPEDCONTENTCONDITIONS_SCOPEDCONTENTITEM
192986 [main] TRACE org.dbunit.database.DatabaseConfig  - getProperty(name=http://www.dbunit.org/properties/metadataHandler) - start
192986 [main] TRACE org.dbunit.database.DefaultMetadataHandler  - tableExists(metaData=org.apache.commons.dbcp.DelegatingDatabaseMetaData@5e19fd67, schemaName=null, tableName=SCOPEDCONTENTCONDITIONS_SCOPEDCONTENTITEM) - start
192987 [main] DEBUG org.dbunit.util.SQLHelper  - close(resultSet=org.apache.commons.dbcp.DelegatingResultSet@4a5ba26c) - start
192987 [main] DEBUG org.dbunit.util.SQLHelper  - close(resultSet=org.apache.commons.dbcp.DelegatingResultSet@5320476a) - start
192987 [main] DEBUG org.dbunit.util.search.DepthFirstSearch  - Adding node SCOPEDCONTENTCONDITIONS_SCOPEDCONTENTITEM to the final result
192987 [main] DEBUG org.dbunit.util.CollectionsHelper  - setToStrings(set=[SCOPEDCONTENTCONDITIONS_SCOPEDCONTENTITEM]) - start
192988 [main] DEBUG org.dbunit.database.search.TablesDependencyHelper  - getDirectDependsOnTables(connection=_databaseConfig=org.dbunit.database.DatabaseConfig[, _propertyMap={http://www.dbunit.org/properties/statementFactory=org.dbunit.database.statement.PreparedStatementFactory@626bc2b8, http://www.dbunit.org/features/caseSensitiveTableNames=false, http://www.dbunit.org/properties/fetchSize=100, http://www.dbunit.org/features/batchedStatements=false, http://www.dbunit.org/properties/metadataHandler=org.dbunit.database.DefaultMetadataHandler@3eeace42, http://www.dbunit.org/properties/datatypeFactory=org.dbunit.dataset.datatype.DefaultDataTypeFactory[_toleratedDeltaMap=org.dbunit.dataset.datatype.ToleratedDeltaMap@6452310a], http://www.dbunit.org/properties/escapePattern=null, http://www.dbunit.org/properties/batchSize=100, http://www.dbunit.org/features/qualifiedTableNames=false, http://www.dbunit.org/properties/tableType=[Ljava.lang.String;@5011bafa, http://www.dbunit.org/properties/resultSetTableFactory=org.dbunit.database.CachedResultSetTableFactory@10bcf083, http://www.dbunit.org/features/datatypeWarning=true}], _dataSet=AbstractDataSet[_orderedTableNameMap=null], tableName=SCOPEDCONTENTCONDITIONS_SCOPEDCONTENTITEM) - start
192988 [main] DEBUG org.dbunit.util.search.DepthFirstSearch  - search(nodesFrom=[SCOPEDCONTENTCONDITIONS_SCOPEDCONTENTITEM], callback=org.dbunit.database.search.ExportedKeysSearchCallback@6f1c67f5) - start
192988 [main] DEBUG org.dbunit.util.CollectionsHelper  - objectsToSet(objects=SCOPEDCONTENTCONDITIONS_SCOPEDCONTENTITEM) - start
192988 [main] DEBUG org.dbunit.util.search.DepthFirstSearch  - search(nodesFrom=[SCOPEDCONTENTCONDITIONS_SCOPEDCONTENTITEM], callback=org.dbunit.database.search.ExportedKeysSearchCallback@6f1c67f5) - start
192988 [main] DEBUG org.dbunit.util.search.DepthFirstSearch  - reverseSearch:SCOPEDCONTENTCONDITIONS_SCOPEDCONTENTITEM
192988 [main] DEBUG org.dbunit.database.search.ExportedKeysSearchCallback  - searchNode(node=SCOPEDCONTENTCONDITIONS_SCOPEDCONTENTITEM) - start
192988 [main] DEBUG org.dbunit.util.search.DepthFirstSearch  - Pushing (reverse) SCOPEDCONTENTCONDITIONS_SCOPEDCONTENTITEM
192988 [main] DEBUG org.dbunit.database.search.ExportedKeysSearchCallback  - getEdges(node=SCOPEDCONTENTCONDITIONS_SCOPEDCONTENTITEM) - start
192988 [main] DEBUG org.dbunit.database.search.AbstractMetaDataBasedSearchCallback  - getNodesFromExportedKeys(node=SCOPEDCONTENTCONDITIONS_SCOPEDCONTENTITEM) - start
192988 [main] DEBUG org.dbunit.database.search.AbstractMetaDataBasedSearchCallback  - getNodes(type=1, node=SCOPEDCONTENTCONDITIONS_SCOPEDCONTENTITEM) - start
192988 [main] DEBUG org.dbunit.database.DatabaseDataSourceConnection  - getConnection() - start
192988 [main] DEBUG org.dbunit.database.search.AbstractMetaDataBasedSearchCallback  - getNodes(type=1, node=SCOPEDCONTENTCONDITIONS_SCOPEDCONTENTITEM, conn=Transaction-aware proxy for target Connection [jdbc:hsqldb:mem:kontrollDS, UserName=sw, HSQL Database Engine Driver], schema=null, metaData=org.apache.commons.dbcp.DelegatingDatabaseMetaData@31ed3ed0, edges=[]) - start
192988 [main] DEBUG org.dbunit.database.search.AbstractMetaDataBasedSearchCallback  - Getting edges for node SCOPEDCONTENTCONDITIONS_SCOPEDCONTENTITEM
192988 [main] TRACE org.dbunit.database.DatabaseConfig  - getProperty(name=http://www.dbunit.org/properties/metadataHandler) - start
192988 [main] TRACE org.dbunit.database.DefaultMetadataHandler  - tableExists(metaData=org.apache.commons.dbcp.DelegatingDatabaseMetaData@31ed3ed0, schemaName=null, tableName=SCOPEDCONTENTCONDITIONS_SCOPEDCONTENTITEM) - start
192989 [main] DEBUG org.dbunit.util.SQLHelper  - close(resultSet=org.apache.commons.dbcp.DelegatingResultSet@4904794c) - start
192989 [main] DEBUG org.dbunit.util.SQLHelper  - close(resultSet=org.apache.commons.dbcp.DelegatingResultSet@6fd42ccf) - start
192989 [main] DEBUG org.dbunit.util.search.DepthFirstSearch  - search:SCOPEDCONTENTCONDITIONS_SCOPEDCONTENTITEM
192989 [main] DEBUG org.dbunit.database.search.ExportedKeysSearchCallback  - searchNode(node=SCOPEDCONTENTCONDITIONS_SCOPEDCONTENTITEM) - start
192989 [main] DEBUG org.dbunit.util.search.DepthFirstSearch  - Pushing SCOPEDCONTENTCONDITIONS_SCOPEDCONTENTITEM
192989 [main] DEBUG org.dbunit.database.search.ExportedKeysSearchCallback  - getEdges(node=SCOPEDCONTENTCONDITIONS_SCOPEDCONTENTITEM) - start
192989 [main] DEBUG org.dbunit.database.search.AbstractMetaDataBasedSearchCallback  - getNodesFromExportedKeys(node=SCOPEDCONTENTCONDITIONS_SCOPEDCONTENTITEM) - start
192989 [main] DEBUG org.dbunit.database.search.AbstractMetaDataBasedSearchCallback  - getNodes(type=1, node=SCOPEDCONTENTCONDITIONS_SCOPEDCONTENTITEM) - start
192989 [main] DEBUG org.dbunit.database.DatabaseDataSourceConnection  - getConnection() - start
192990 [main] DEBUG org.dbunit.database.search.AbstractMetaDataBasedSearchCallback  - getNodes(type=1, node=SCOPEDCONTENTCONDITIONS_SCOPEDCONTENTITEM, conn=Transaction-aware proxy for target Connection [jdbc:hsqldb:mem:kontrollDS, UserName=sw, HSQL Database Engine Driver], schema=null, metaData=org.apache.commons.dbcp.DelegatingDatabaseMetaData@52ca0364, edges=[]) - start
192990 [main] DEBUG org.dbunit.database.search.AbstractMetaDataBasedSearchCallback  - Getting edges for node SCOPEDCONTENTCONDITIONS_SCOPEDCONTENTITEM
192990 [main] TRACE org.dbunit.database.DatabaseConfig  - getProperty(name=http://www.dbunit.org/properties/metadataHandler) - start
192990 [main] TRACE org.dbunit.database.DefaultMetadataHandler  - tableExists(metaData=org.apache.commons.dbcp.DelegatingDatabaseMetaData@52ca0364, schemaName=null, tableName=SCOPEDCONTENTCONDITIONS_SCOPEDCONTENTITEM) - start
192991 [main] DEBUG org.dbunit.util.SQLHelper  - close(resultSet=org.apache.commons.dbcp.DelegatingResultSet@556da96d) - start
192991 [main] DEBUG org.dbunit.util.SQLHelper  - close(resultSet=org.apache.commons.dbcp.DelegatingResultSet@40f9e178) - start
192991 [main] DEBUG org.dbunit.util.search.DepthFirstSearch  - Adding node SCOPEDCONTENTCONDITIONS_SCOPEDCONTENTITEM to the final result
192991 [main] DEBUG org.dbunit.database.search.TablesDependencyHelper  - getDirectDependentTables(connection=_databaseConfig=org.dbunit.database.DatabaseConfig[, _propertyMap={http://www.dbunit.org/properties/statementFactory=org.dbunit.database.statement.PreparedStatementFactory@626bc2b8, http://www.dbunit.org/features/caseSensitiveTableNames=false, http://www.dbunit.org/properties/fetchSize=100, http://www.dbunit.org/features/batchedStatements=false, http://www.dbunit.org/properties/metadataHandler=org.dbunit.database.DefaultMetadataHandler@3eeace42, http://www.dbunit.org/properties/datatypeFactory=org.dbunit.dataset.datatype.DefaultDataTypeFactory[_toleratedDeltaMap=org.dbunit.dataset.datatype.ToleratedDeltaMap@6452310a], http://www.dbunit.org/properties/escapePattern=null, http://www.dbunit.org/properties/batchSize=100, http://www.dbunit.org/features/qualifiedTableNames=false, http://www.dbunit.org/properties/tableType=[Ljava.lang.String;@5011bafa, http://www.dbunit.org/properties/resultSetTableFactory=org.dbunit.database.CachedResultSetTableFactory@10bcf083, http://www.dbunit.org/features/datatypeWarning=true}], _dataSet=AbstractDataSet[_orderedTableNameMap=null], tableName=SCOPEDCONTENTCONDITIONS_SCOPEDCONTENTITEM) - start
192991 [main] DEBUG org.dbunit.util.search.DepthFirstSearch  - search(nodesFrom=[SCOPEDCONTENTCONDITIONS_SCOPEDCONTENTITEM], callback=org.dbunit.database.search.ImportedKeysSearchCallback@4b2e6dd7) - start
192991 [main] DEBUG org.dbunit.util.CollectionsHelper  - objectsToSet(objects=SCOPEDCONTENTCONDITIONS_SCOPEDCONTENTITEM) - start
192991 [main] DEBUG org.dbunit.util.search.DepthFirstSearch  - search(nodesFrom=[SCOPEDCONTENTCONDITIONS_SCOPEDCONTENTITEM], callback=org.dbunit.database.search.ImportedKeysSearchCallback@4b2e6dd7) - start
192991 [main] DEBUG org.dbunit.util.search.DepthFirstSearch  - reverseSearch:SCOPEDCONTENTCONDITIONS_SCOPEDCONTENTITEM
192991 [main] DEBUG org.dbunit.database.search.ImportedKeysSearchCallback  - searchNode(node=SCOPEDCONTENTCONDITIONS_SCOPEDCONTENTITEM) - start
192991 [main] DEBUG org.dbunit.util.search.DepthFirstSearch  - Pushing (reverse) SCOPEDCONTENTCONDITIONS_SCOPEDCONTENTITEM
192991 [main] DEBUG org.dbunit.database.search.ImportedKeysSearchCallback  - getEdges(node=SCOPEDCONTENTCONDITIONS_SCOPEDCONTENTITEM) - start
192991 [main] DEBUG org.dbunit.database.search.AbstractMetaDataBasedSearchCallback  - getNodesFromImportedKeys(node=SCOPEDCONTENTCONDITIONS_SCOPEDCONTENTITEM) - start
192991 [main] DEBUG org.dbunit.database.search.AbstractMetaDataBasedSearchCallback  - getNodes(type=0, node=SCOPEDCONTENTCONDITIONS_SCOPEDCONTENTITEM) - start
192991 [main] DEBUG org.dbunit.database.DatabaseDataSourceConnection  - getConnection() - start
192991 [main] DEBUG org.dbunit.database.search.AbstractMetaDataBasedSearchCallback  - getNodes(type=0, node=SCOPEDCONTENTCONDITIONS_SCOPEDCONTENTITEM, conn=Transaction-aware proxy for target Connection [jdbc:hsqldb:mem:kontrollDS, UserName=sw, HSQL Database Engine Driver], schema=null, metaData=org.apache.commons.dbcp.DelegatingDatabaseMetaData@552d64d0, edges=[]) - start
192991 [main] DEBUG org.dbunit.database.search.AbstractMetaDataBasedSearchCallback  - Getting edges for node SCOPEDCONTENTCONDITIONS_SCOPEDCONTENTITEM
192991 [main] TRACE org.dbunit.database.DatabaseConfig  - getProperty(name=http://www.dbunit.org/properties/metadataHandler) - start
192991 [main] TRACE org.dbunit.database.DefaultMetadataHandler  - tableExists(metaData=org.apache.commons.dbcp.DelegatingDatabaseMetaData@552d64d0, schemaName=null, tableName=SCOPEDCONTENTCONDITIONS_SCOPEDCONTENTITEM) - start
192992 [main] DEBUG org.dbunit.util.SQLHelper  - close(resultSet=org.apache.commons.dbcp.DelegatingResultSet@49a74387) - start
192993 [main] DEBUG org.dbunit.util.QualifiedTableName  - getQualifiedNameIfEnabled(config=org.dbunit.database.DatabaseConfig[, _propertyMap={http://www.dbunit.org/properties/statementFactory=org.dbunit.database.statement.PreparedStatementFactory@626bc2b8, http://www.dbunit.org/features/caseSensitiveTableNames=false, http://www.dbunit.org/properties/fetchSize=100, http://www.dbunit.org/features/batchedStatements=false, http://www.dbunit.org/properties/metadataHandler=org.dbunit.database.DefaultMetadataHandler@3eeace42, http://www.dbunit.org/properties/datatypeFactory=org.dbunit.dataset.datatype.DefaultDataTypeFactory[_toleratedDeltaMap=org.dbunit.dataset.datatype.ToleratedDeltaMap@6452310a], http://www.dbunit.org/properties/escapePattern=null, http://www.dbunit.org/properties/batchSize=100, http://www.dbunit.org/features/qualifiedTableNames=false, http://www.dbunit.org/properties/tableType=[Ljava.lang.String;@5011bafa, http://www.dbunit.org/properties/resultSetTableFactory=org.dbunit.database.CachedResultSetTableFactory@10bcf083, http://www.dbunit.org/features/datatypeWarning=true}]) - start
192993 [main] TRACE org.dbunit.database.DatabaseConfig  - getFeature(name=http://www.dbunit.org/features/qualifiedTableNames) - start
192993 [main] TRACE org.dbunit.database.DatabaseConfig  - getProperty(name=http://www.dbunit.org/features/qualifiedTableNames) - start
192993 [main] DEBUG org.dbunit.util.QualifiedTableName  - Qualified table names feature is disabled. Returning plain table name
192993 [main] DEBUG org.dbunit.util.QualifiedTableName  - getQualifiedName(prefix=null, name=SCOPEDCONTENTCONDITIONS_SCOPEDCONTENTITEM, escapePattern=null) - start
192993 [main] DEBUG org.dbunit.util.QualifiedTableName  - getQualifiedNameIfEnabled(config=org.dbunit.database.DatabaseConfig[, _propertyMap={http://www.dbunit.org/properties/statementFactory=org.dbunit.database.statement.PreparedStatementFactory@626bc2b8, http://www.dbunit.org/features/caseSensitiveTableNames=false, http://www.dbunit.org/properties/fetchSize=100, http://www.dbunit.org/features/batchedStatements=false, http://www.dbunit.org/properties/metadataHandler=org.dbunit.database.DefaultMetadataHandler@3eeace42, http://www.dbunit.org/properties/datatypeFactory=org.dbunit.dataset.datatype.DefaultDataTypeFactory[_toleratedDeltaMap=org.dbunit.dataset.datatype.ToleratedDeltaMap@6452310a], http://www.dbunit.org/properties/escapePattern=null, http://www.dbunit.org/properties/batchSize=100, http://www.dbunit.org/features/qualifiedTableNames=false, http://www.dbunit.org/properties/tableType=[Ljava.lang.String;@5011bafa, http://www.dbunit.org/properties/resultSetTableFactory=org.dbunit.database.CachedResultSetTableFactory@10bcf083, http://www.dbunit.org/features/datatypeWarning=true}]) - start
192993 [main] TRACE org.dbunit.database.DatabaseConfig  - getFeature(name=http://www.dbunit.org/features/qualifiedTableNames) - start
192993 [main] TRACE org.dbunit.database.DatabaseConfig  - getProperty(name=http://www.dbunit.org/features/qualifiedTableNames) - start
192993 [main] DEBUG org.dbunit.util.QualifiedTableName  - Qualified table names feature is disabled. Returning plain table name
192993 [main] DEBUG org.dbunit.util.QualifiedTableName  - getQualifiedName(prefix=null, name=SCOPEDCONTENTCONDITION, escapePattern=null) - start
192993 [main] DEBUG org.dbunit.database.search.AbstractMetaDataBasedSearchCallback  - newEdge(rs=org.apache.commons.dbcp.DelegatingResultSet@284d5617, type=0, from=SCOPEDCONTENTCONDITIONS_SCOPEDCONTENTITEM, to=SCOPEDCONTENTCONDITION, fkColumn=SCOPED_CONTENT_CONDITION_ID, pkColumn=ID) - start
192993 [main] DEBUG org.dbunit.database.search.AbstractMetaDataBasedSearchCallback  - createFKEdge(rs=org.apache.commons.dbcp.DelegatingResultSet@284d5617, type=0, from=SCOPEDCONTENTCONDITIONS_SCOPEDCONTENTITEM, to=SCOPEDCONTENTCONDITION, fkColumn=SCOPED_CONTENT_CONDITION_ID, pkColumn=ID) - start
192993 [main] DEBUG org.dbunit.database.search.AbstractMetaDataBasedSearchCallback  - Adding edge SCOPEDCONTENTCONDITIONS_SCOPEDCONTENTITEM(SCOPED_CONTENT_CONDITION_ID)->SCOPEDCONTENTCONDITION(ID)
192993 [main] DEBUG org.dbunit.util.search.Edge  - compareTo(o=SCOPEDCONTENTCONDITIONS_SCOPEDCONTENTITEM(SCOPED_CONTENT_CONDITION_ID)->SCOPEDCONTENTCONDITION(ID)) - start
192993 [main] DEBUG org.dbunit.util.QualifiedTableName  - getQualifiedNameIfEnabled(config=org.dbunit.database.DatabaseConfig[, _propertyMap={http://www.dbunit.org/properties/statementFactory=org.dbunit.database.statement.PreparedStatementFactory@626bc2b8, http://www.dbunit.org/features/caseSensitiveTableNames=false, http://www.dbunit.org/properties/fetchSize=100, http://www.dbunit.org/features/batchedStatements=false, http://www.dbunit.org/properties/metadataHandler=org.dbunit.database.DefaultMetadataHandler@3eeace42, http://www.dbunit.org/properties/datatypeFactory=org.dbunit.dataset.datatype.DefaultDataTypeFactory[_toleratedDeltaMap=org.dbunit.dataset.datatype.ToleratedDeltaMap@6452310a], http://www.dbunit.org/properties/escapePattern=null, http://www.dbunit.org/properties/batchSize=100, http://www.dbunit.org/features/qualifiedTableNames=false, http://www.dbunit.org/properties/tableType=[Ljava.lang.String;@5011bafa, http://www.dbunit.org/properties/resultSetTableFactory=org.dbunit.database.CachedResultSetTableFactory@10bcf083, http://www.dbunit.org/features/datatypeWarning=true}]) - start
192993 [main] TRACE org.dbunit.database.DatabaseConfig  - getFeature(name=http://www.dbunit.org/features/qualifiedTableNames) - start
192993 [main] TRACE org.dbunit.database.DatabaseConfig  - getProperty(name=http://www.dbunit.org/features/qualifiedTableNames) - start
192993 [main] DEBUG org.dbunit.util.QualifiedTableName  - Qualified table names feature is disabled. Returning plain table name
192993 [main] DEBUG org.dbunit.util.QualifiedTableName  - getQualifiedName(prefix=null, name=SCOPEDCONTENTCONDITIONS_SCOPEDCONTENTITEM, escapePattern=null) - start
192993 [main] DEBUG org.dbunit.util.QualifiedTableName  - getQualifiedNameIfEnabled(config=org.dbunit.database.DatabaseConfig[, _propertyMap={http://www.dbunit.org/properties/statementFactory=org.dbunit.database.statement.PreparedStatementFactory@626bc2b8, http://www.dbunit.org/features/caseSensitiveTableNames=false, http://www.dbunit.org/properties/fetchSize=100, http://www.dbunit.org/features/batchedStatements=false, http://www.dbunit.org/properties/metadataHandler=org.dbunit.database.DefaultMetadataHandler@3eeace42, http://www.dbunit.org/properties/datatypeFactory=org.dbunit.dataset.datatype.DefaultDataTypeFactory[_toleratedDeltaMap=org.dbunit.dataset.datatype.ToleratedDeltaMap@6452310a], http://www.dbunit.org/properties/escapePattern=null, http://www.dbunit.org/properties/batchSize=100, http://www.dbunit.org/features/qualifiedTableNames=false, http://www.dbunit.org/properties/tableType=[Ljava.lang.String;@5011bafa, http://www.dbunit.org/properties/resultSetTableFactory=org.dbunit.database.CachedResultSetTableFactory@10bcf083, http://www.dbunit.org/features/datatypeWarning=true}]) - start
192993 [main] TRACE org.dbunit.database.DatabaseConfig  - getFeature(name=http://www.dbunit.org/features/qualifiedTableNames) - start
192993 [main] TRACE org.dbunit.database.DatabaseConfig  - getProperty(name=http://www.dbunit.org/features/qualifiedTableNames) - start
192993 [main] DEBUG org.dbunit.util.QualifiedTableName  - Qualified table names feature is disabled. Returning plain table name
192993 [main] DEBUG org.dbunit.util.QualifiedTableName  - getQualifiedName(prefix=null, name=SCOPEDCONTENTITEM, escapePattern=null) - start
192993 [main] DEBUG org.dbunit.database.search.AbstractMetaDataBasedSearchCallback  - newEdge(rs=org.apache.commons.dbcp.DelegatingResultSet@284d5617, type=0, from=SCOPEDCONTENTCONDITIONS_SCOPEDCONTENTITEM, to=SCOPEDCONTENTITEM, fkColumn=SCOPED_CONTENT_ITEM_ID, pkColumn=ID) - start
192994 [main] DEBUG org.dbunit.database.search.AbstractMetaDataBasedSearchCallback  - createFKEdge(rs=org.apache.commons.dbcp.DelegatingResultSet@284d5617, type=0, from=SCOPEDCONTENTCONDITIONS_SCOPEDCONTENTITEM, to=SCOPEDCONTENTITEM, fkColumn=SCOPED_CONTENT_ITEM_ID, pkColumn=ID) - start
192994 [main] DEBUG org.dbunit.database.search.AbstractMetaDataBasedSearchCallback  - Adding edge SCOPEDCONTENTCONDITIONS_SCOPEDCONTENTITEM(SCOPED_CONTENT_ITEM_ID)->SCOPEDCONTENTITEM(ID)
192994 [main] DEBUG org.dbunit.util.search.Edge  - compareTo(o=SCOPEDCONTENTCONDITIONS_SCOPEDCONTENTITEM(SCOPED_CONTENT_CONDITION_ID)->SCOPEDCONTENTCONDITION(ID)) - start
192994 [main] DEBUG org.dbunit.util.SQLHelper  - close(resultSet=org.apache.commons.dbcp.DelegatingResultSet@284d5617) - start
192994 [main] DEBUG org.dbunit.util.search.DepthFirstSearch  - search:SCOPEDCONTENTCONDITIONS_SCOPEDCONTENTITEM
192994 [main] DEBUG org.dbunit.database.search.ImportedKeysSearchCallback  - searchNode(node=SCOPEDCONTENTCONDITIONS_SCOPEDCONTENTITEM) - start
192994 [main] DEBUG org.dbunit.util.search.DepthFirstSearch  - Pushing SCOPEDCONTENTCONDITIONS_SCOPEDCONTENTITEM
192994 [main] DEBUG org.dbunit.database.search.ImportedKeysSearchCallback  - getEdges(node=SCOPEDCONTENTCONDITIONS_SCOPEDCONTENTITEM) - start
192994 [main] DEBUG org.dbunit.database.search.AbstractMetaDataBasedSearchCallback  - getNodesFromImportedKeys(node=SCOPEDCONTENTCONDITIONS_SCOPEDCONTENTITEM) - start
192994 [main] DEBUG org.dbunit.database.search.AbstractMetaDataBasedSearchCallback  - getNodes(type=0, node=SCOPEDCONTENTCONDITIONS_SCOPEDCONTENTITEM) - start
192994 [main] DEBUG org.dbunit.database.DatabaseDataSourceConnection  - getConnection() - start
192994 [main] DEBUG org.dbunit.database.search.AbstractMetaDataBasedSearchCallback  - getNodes(type=0, node=SCOPEDCONTENTCONDITIONS_SCOPEDCONTENTITEM, conn=Transaction-aware proxy for target Connection [jdbc:hsqldb:mem:kontrollDS, UserName=sw, HSQL Database Engine Driver], schema=null, metaData=org.apache.commons.dbcp.DelegatingDatabaseMetaData@6d4f14ac, edges=[]) - start
192994 [main] DEBUG org.dbunit.database.search.AbstractMetaDataBasedSearchCallback  - Getting edges for node SCOPEDCONTENTCONDITIONS_SCOPEDCONTENTITEM
192994 [main] TRACE org.dbunit.database.DatabaseConfig  - getProperty(name=http://www.dbunit.org/properties/metadataHandler) - start
192994 [main] TRACE org.dbunit.database.DefaultMetadataHandler  - tableExists(metaData=org.apache.commons.dbcp.DelegatingDatabaseMetaData@6d4f14ac, schemaName=null, tableName=SCOPEDCONTENTCONDITIONS_SCOPEDCONTENTITEM) - start
192995 [main] DEBUG org.dbunit.util.SQLHelper  - close(resultSet=org.apache.commons.dbcp.DelegatingResultSet@684a430d) - start
192995 [main] DEBUG org.dbunit.util.QualifiedTableName  - getQualifiedNameIfEnabled(config=org.dbunit.database.DatabaseConfig[, _propertyMap={http://www.dbunit.org/properties/statementFactory=org.dbunit.database.statement.PreparedStatementFactory@626bc2b8, http://www.dbunit.org/features/caseSensitiveTableNames=false, http://www.dbunit.org/properties/fetchSize=100, http://www.dbunit.org/features/batchedStatements=false, http://www.dbunit.org/properties/metadataHandler=org.dbunit.database.DefaultMetadataHandler@3eeace42, http://www.dbunit.org/properties/datatypeFactory=org.dbunit.dataset.datatype.DefaultDataTypeFactory[_toleratedDeltaMap=org.dbunit.dataset.datatype.ToleratedDeltaMap@6452310a], http://www.dbunit.org/properties/escapePattern=null, http://www.dbunit.org/properties/batchSize=100, http://www.dbunit.org/features/qualifiedTableNames=false, http://www.dbunit.org/properties/tableType=[Ljava.lang.String;@5011bafa, http://www.dbunit.org/properties/resultSetTableFactory=org.dbunit.database.CachedResultSetTableFactory@10bcf083, http://www.dbunit.org/features/datatypeWarning=true}]) - start
192995 [main] TRACE org.dbunit.database.DatabaseConfig  - getFeature(name=http://www.dbunit.org/features/qualifiedTableNames) - start
192995 [main] TRACE org.dbunit.database.DatabaseConfig  - getProperty(name=http://www.dbunit.org/features/qualifiedTableNames) - start
192995 [main] DEBUG org.dbunit.util.QualifiedTableName  - Qualified table names feature is disabled. Returning plain table name
192995 [main] DEBUG org.dbunit.util.QualifiedTableName  - getQualifiedName(prefix=null, name=SCOPEDCONTENTCONDITIONS_SCOPEDCONTENTITEM, escapePattern=null) - start
192995 [main] DEBUG org.dbunit.util.QualifiedTableName  - getQualifiedNameIfEnabled(config=org.dbunit.database.DatabaseConfig[, _propertyMap={http://www.dbunit.org/properties/statementFactory=org.dbunit.database.statement.PreparedStatementFactory@626bc2b8, http://www.dbunit.org/features/caseSensitiveTableNames=false, http://www.dbunit.org/properties/fetchSize=100, http://www.dbunit.org/features/batchedStatements=false, http://www.dbunit.org/properties/metadataHandler=org.dbunit.database.DefaultMetadataHandler@3eeace42, http://www.dbunit.org/properties/datatypeFactory=org.dbunit.dataset.datatype.DefaultDataTypeFactory[_toleratedDeltaMap=org.dbunit.dataset.datatype.ToleratedDeltaMap@6452310a], http://www.dbunit.org/properties/escapePattern=null, http://www.dbunit.org/properties/batchSize=100, http://www.dbunit.org/features/qualifiedTableNames=false, http://www.dbunit.org/properties/tableType=[Ljava.lang.String;@5011bafa, http://www.dbunit.org/properties/resultSetTableFactory=org.dbunit.database.CachedResultSetTableFactory@10bcf083, http://www.dbunit.org/features/datatypeWarning=true}]) - start
192996 [main] TRACE org.dbunit.database.DatabaseConfig  - getFeature(name=http://www.dbunit.org/features/qualifiedTableNames) - start
192996 [main] TRACE org.dbunit.database.DatabaseConfig  - getProperty(name=http://www.dbunit.org/features/qualifiedTableNames) - start
192996 [main] DEBUG org.dbunit.util.QualifiedTableName  - Qualified table names feature is disabled. Returning plain table name
192996 [main] DEBUG org.dbunit.util.QualifiedTableName  - getQualifiedName(prefix=null, name=SCOPEDCONTENTCONDITION, escapePattern=null) - start
192996 [main] DEBUG org.dbunit.database.search.AbstractMetaDataBasedSearchCallback  - newEdge(rs=org.apache.commons.dbcp.DelegatingResultSet@6bafe5cc, type=0, from=SCOPEDCONTENTCONDITIONS_SCOPEDCONTENTITEM, to=SCOPEDCONTENTCONDITION, fkColumn=SCOPED_CONTENT_CONDITION_ID, pkColumn=ID) - start
192996 [main] DEBUG org.dbunit.database.search.AbstractMetaDataBasedSearchCallback  - createFKEdge(rs=org.apache.commons.dbcp.DelegatingResultSet@6bafe5cc, type=0, from=SCOPEDCONTENTCONDITIONS_SCOPEDCONTENTITEM, to=SCOPEDCONTENTCONDITION, fkColumn=SCOPED_CONTENT_CONDITION_ID, pkColumn=ID) - start
192996 [main] DEBUG org.dbunit.database.search.AbstractMetaDataBasedSearchCallback  - Adding edge SCOPEDCONTENTCONDITIONS_SCOPEDCONTENTITEM(SCOPED_CONTENT_CONDITION_ID)->SCOPEDCONTENTCONDITION(ID)
192996 [main] DEBUG org.dbunit.util.search.Edge  - compareTo(o=SCOPEDCONTENTCONDITIONS_SCOPEDCONTENTITEM(SCOPED_CONTENT_CONDITION_ID)->SCOPEDCONTENTCONDITION(ID)) - start
192996 [main] DEBUG org.dbunit.util.QualifiedTableName  - getQualifiedNameIfEnabled(config=org.dbunit.database.DatabaseConfig[, _propertyMap={http://www.dbunit.org/properties/statementFactory=org.dbunit.database.statement.PreparedStatementFactory@626bc2b8, http://www.dbunit.org/features/caseSensitiveTableNames=false, http://www.dbunit.org/properties/fetchSize=100, http://www.dbunit.org/features/batchedStatements=false, http://www.dbunit.org/properties/metadataHandler=org.dbunit.database.DefaultMetadataHandler@3eeace42, http://www.dbunit.org/properties/datatypeFactory=org.dbunit.dataset.datatype.DefaultDataTypeFactory[_toleratedDeltaMap=org.dbunit.dataset.datatype.ToleratedDeltaMap@6452310a], http://www.dbunit.org/properties/escapePattern=null, http://www.dbunit.org/properties/batchSize=100, http://www.dbunit.org/features/qualifiedTableNames=false, http://www.dbunit.org/properties/tableType=[Ljava.lang.String;@5011bafa, http://www.dbunit.org/properties/resultSetTableFactory=org.dbunit.database.CachedResultSetTableFactory@10bcf083, http://www.dbunit.org/features/datatypeWarning=true}]) - start
192996 [main] TRACE org.dbunit.database.DatabaseConfig  - getFeature(name=http://www.dbunit.org/features/qualifiedTableNames) - start
192996 [main] TRACE org.dbunit.database.DatabaseConfig  - getProperty(name=http://www.dbunit.org/features/qualifiedTableNames) - start
192996 [main] DEBUG org.dbunit.util.QualifiedTableName  - Qualified table names feature is disabled. Returning plain table name
192996 [main] DEBUG org.dbunit.util.QualifiedTableName  - getQualifiedName(prefix=null, name=SCOPEDCONTENTCONDITIONS_SCOPEDCONTENTITEM, escapePattern=null) - start
192996 [main] DEBUG org.dbunit.util.QualifiedTableName  - getQualifiedNameIfEnabled(config=org.dbunit.database.DatabaseConfig[, _propertyMap={http://www.dbunit.org/properties/statementFactory=org.dbunit.database.statement.PreparedStatementFactory@626bc2b8, http://www.dbunit.org/features/caseSensitiveTableNames=false, http://www.dbunit.org/properties/fetchSize=100, http://www.dbunit.org/features/batchedStatements=false, http://www.dbunit.org/properties/metadataHandler=org.dbunit.database.DefaultMetadataHandler@3eeace42, http://www.dbunit.org/properties/datatypeFactory=org.dbunit.dataset.datatype.DefaultDataTypeFactory[_toleratedDeltaMap=org.dbunit.dataset.datatype.ToleratedDeltaMap@6452310a], http://www.dbunit.org/properties/escapePattern=null, http://www.dbunit.org/properties/batchSize=100, http://www.dbunit.org/features/qualifiedTableNames=false, http://www.dbunit.org/properties/tableType=[Ljava.lang.String;@5011bafa, http://www.dbunit.org/properties/resultSetTableFactory=org.dbunit.database.CachedResultSetTableFactory@10bcf083, http://www.dbunit.org/features/datatypeWarning=true}]) - start
192996 [main] TRACE org.dbunit.database.DatabaseConfig  - getFeature(name=http://www.dbunit.org/features/qualifiedTableNames) - start
192996 [main] TRACE org.dbunit.database.DatabaseConfig  - getProperty(name=http://www.dbunit.org/features/qualifiedTableNames) - start
192996 [main] DEBUG org.dbunit.util.QualifiedTableName  - Qualified table names feature is disabled. Returning plain table name
192996 [main] DEBUG org.dbunit.util.QualifiedTableName  - getQualifiedName(prefix=null, name=SCOPEDCONTENTITEM, escapePattern=null) - start
192996 [main] DEBUG org.dbunit.database.search.AbstractMetaDataBasedSearchCallback  - newEdge(rs=org.apache.commons.dbcp.DelegatingResultSet@6bafe5cc, type=0, from=SCOPEDCONTENTCONDITIONS_SCOPEDCONTENTITEM, to=SCOPEDCONTENTITEM, fkColumn=SCOPED_CONTENT_ITEM_ID, pkColumn=ID) - start
192996 [main] DEBUG org.dbunit.database.search.AbstractMetaDataBasedSearchCallback  - createFKEdge(rs=org.apache.commons.dbcp.DelegatingResultSet@6bafe5cc, type=0, from=SCOPEDCONTENTCONDITIONS_SCOPEDCONTENTITEM, to=SCOPEDCONTENTITEM, fkColumn=SCOPED_CONTENT_ITEM_ID, pkColumn=ID) - start
192996 [main] DEBUG org.dbunit.database.search.AbstractMetaDataBasedSearchCallback  - Adding edge SCOPEDCONTENTCONDITIONS_SCOPEDCONTENTITEM(SCOPED_CONTENT_ITEM_ID)->SCOPEDCONTENTITEM(ID)
192996 [main] DEBUG org.dbunit.util.search.Edge  - compareTo(o=SCOPEDCONTENTCONDITIONS_SCOPEDCONTENTITEM(SCOPED_CONTENT_CONDITION_ID)->SCOPEDCONTENTCONDITION(ID)) - start
192996 [main] DEBUG org.dbunit.util.SQLHelper  - close(resultSet=org.apache.commons.dbcp.DelegatingResultSet@6bafe5cc) - start
192996 [main] DEBUG org.dbunit.util.search.DepthFirstSearch  - search:SCOPEDCONTENTCONDITION
192996 [main] DEBUG org.dbunit.database.search.ImportedKeysSearchCallback  - searchNode(node=SCOPEDCONTENTCONDITION) - start
192996 [main] DEBUG org.dbunit.util.search.DepthFirstSearch  - Pushing SCOPEDCONTENTCONDITION
192997 [main] DEBUG org.dbunit.database.search.ImportedKeysSearchCallback  - getEdges(node=SCOPEDCONTENTCONDITION) - start
192997 [main] DEBUG org.dbunit.database.search.AbstractMetaDataBasedSearchCallback  - getNodesFromImportedKeys(node=SCOPEDCONTENTCONDITION) - start
192997 [main] DEBUG org.dbunit.database.search.AbstractMetaDataBasedSearchCallback  - getNodes(type=0, node=SCOPEDCONTENTCONDITION) - start
192997 [main] DEBUG org.dbunit.database.DatabaseDataSourceConnection  - getConnection() - start
192997 [main] DEBUG org.dbunit.database.search.AbstractMetaDataBasedSearchCallback  - getNodes(type=0, node=SCOPEDCONTENTCONDITION, conn=Transaction-aware proxy for target Connection [jdbc:hsqldb:mem:kontrollDS, UserName=sw, HSQL Database Engine Driver], schema=null, metaData=org.apache.commons.dbcp.DelegatingDatabaseMetaData@6917eb4f, edges=[]) - start
192997 [main] DEBUG org.dbunit.database.search.AbstractMetaDataBasedSearchCallback  - Getting edges for node SCOPEDCONTENTCONDITION
192997 [main] TRACE org.dbunit.database.DatabaseConfig  - getProperty(name=http://www.dbunit.org/properties/metadataHandler) - start
192997 [main] TRACE org.dbunit.database.DefaultMetadataHandler  - tableExists(metaData=org.apache.commons.dbcp.DelegatingDatabaseMetaData@6917eb4f, schemaName=null, tableName=SCOPEDCONTENTCONDITION) - start
192998 [main] DEBUG org.dbunit.util.SQLHelper  - close(resultSet=org.apache.commons.dbcp.DelegatingResultSet@cb14d2b) - start
192998 [main] DEBUG org.dbunit.util.SQLHelper  - close(resultSet=org.apache.commons.dbcp.DelegatingResultSet@5202cb65) - start
192998 [main] DEBUG org.dbunit.util.search.DepthFirstSearch  - Adding node SCOPEDCONTENTCONDITION to the final result
192998 [main] DEBUG org.dbunit.util.search.DepthFirstSearch  - search:SCOPEDCONTENTITEM
192998 [main] DEBUG org.dbunit.database.search.ImportedKeysSearchCallback  - searchNode(node=SCOPEDCONTENTITEM) - start
192998 [main] DEBUG org.dbunit.util.search.DepthFirstSearch  - Pushing SCOPEDCONTENTITEM
192998 [main] DEBUG org.dbunit.util.search.DepthFirstSearch  - Adding node SCOPEDCONTENTITEM to the final result
192998 [main] DEBUG org.dbunit.util.search.DepthFirstSearch  - Adding node SCOPEDCONTENTCONDITIONS_SCOPEDCONTENTITEM to the final result
192998 [main] DEBUG org.dbunit.util.search.DepthFirstSearch  - reverseSearch:SCOPEDCONTENTITEM
192998 [main] DEBUG org.dbunit.database.search.ImportedKeysSearchCallback  - searchNode(node=SCOPEDCONTENTITEM) - start
192998 [main] DEBUG org.dbunit.util.search.DepthFirstSearch  - Pushing (reverse) SCOPEDCONTENTITEM
192998 [main] DEBUG org.dbunit.database.search.ImportedKeysSearchCallback  - getEdges(node=SCOPEDCONTENTITEM) - start
192998 [main] DEBUG org.dbunit.database.search.AbstractMetaDataBasedSearchCallback  - getNodesFromImportedKeys(node=SCOPEDCONTENTITEM) - start
192998 [main] DEBUG org.dbunit.database.search.AbstractMetaDataBasedSearchCallback  - getNodes(type=0, node=SCOPEDCONTENTITEM) - start
192998 [main] DEBUG org.dbunit.database.DatabaseDataSourceConnection  - getConnection() - start
192999 [main] DEBUG org.dbunit.database.search.AbstractMetaDataBasedSearchCallback  - getNodes(type=0, node=SCOPEDCONTENTITEM, conn=Transaction-aware proxy for target Connection [jdbc:hsqldb:mem:kontrollDS, UserName=sw, HSQL Database Engine Driver], schema=null, metaData=org.apache.commons.dbcp.DelegatingDatabaseMetaData@35777df3, edges=[]) - start
192999 [main] DEBUG org.dbunit.database.search.AbstractMetaDataBasedSearchCallback  - Getting edges for node SCOPEDCONTENTITEM
192999 [main] TRACE org.dbunit.database.DatabaseConfig  - getProperty(name=http://www.dbunit.org/properties/metadataHandler) - start
192999 [main] TRACE org.dbunit.database.DefaultMetadataHandler  - tableExists(metaData=org.apache.commons.dbcp.DelegatingDatabaseMetaData@35777df3, schemaName=null, tableName=SCOPEDCONTENTITEM) - start
193000 [main] DEBUG org.dbunit.util.SQLHelper  - close(resultSet=org.apache.commons.dbcp.DelegatingResultSet@68310be6) - start
193000 [main] DEBUG org.dbunit.util.SQLHelper  - close(resultSet=org.apache.commons.dbcp.DelegatingResultSet@12d6d2fd) - start
193000 [main] DEBUG org.dbunit.util.search.DepthFirstSearch  - reverseSearch:SCOPEDCONTENTCONDITIONS_SCOPEDCONTENTITEM
193000 [main] DEBUG org.dbunit.util.search.DepthFirstSearch  - already searched; returning true
193000 [main] DEBUG org.dbunit.util.search.DepthFirstSearch  - reverseSearch:SCOPEDCONTENTCONDITION
193000 [main] DEBUG org.dbunit.database.search.ImportedKeysSearchCallback  - searchNode(node=SCOPEDCONTENTCONDITION) - start
193000 [main] DEBUG org.dbunit.util.search.DepthFirstSearch  - Pushing (reverse) SCOPEDCONTENTCONDITION
193000 [main] DEBUG org.dbunit.database.search.ImportedKeysSearchCallback  - getEdges(node=SCOPEDCONTENTCONDITION) - start
193000 [main] DEBUG org.dbunit.database.search.AbstractMetaDataBasedSearchCallback  - getNodesFromImportedKeys(node=SCOPEDCONTENTCONDITION) - start
193000 [main] DEBUG org.dbunit.database.search.AbstractMetaDataBasedSearchCallback  - getNodes(type=0, node=SCOPEDCONTENTCONDITION) - start
193000 [main] DEBUG org.dbunit.database.DatabaseDataSourceConnection  - getConnection() - start
193000 [main] DEBUG org.dbunit.database.search.AbstractMetaDataBasedSearchCallback  - getNodes(type=0, node=SCOPEDCONTENTCONDITION, conn=Transaction-aware proxy for target Connection [jdbc:hsqldb:mem:kontrollDS, UserName=sw, HSQL Database Engine Driver], schema=null, metaData=org.apache.commons.dbcp.DelegatingDatabaseMetaData@55b5e9b4, edges=[]) - start
193000 [main] DEBUG org.dbunit.database.search.AbstractMetaDataBasedSearchCallback  - Getting edges for node SCOPEDCONTENTCONDITION
193000 [main] TRACE org.dbunit.database.DatabaseConfig  - getProperty(name=http://www.dbunit.org/properties/metadataHandler) - start
193000 [main] TRACE org.dbunit.database.DefaultMetadataHandler  - tableExists(metaData=org.apache.commons.dbcp.DelegatingDatabaseMetaData@55b5e9b4, schemaName=null, tableName=SCOPEDCONTENTCONDITION) - start
193001 [main] DEBUG org.dbunit.util.SQLHelper  - close(resultSet=org.apache.commons.dbcp.DelegatingResultSet@ef1fb45) - start
193002 [main] DEBUG org.dbunit.util.SQLHelper  - close(resultSet=org.apache.commons.dbcp.DelegatingResultSet@426070cf) - start
193002 [main] DEBUG org.dbunit.util.search.DepthFirstSearch  - search:SCOPEDCONTENTCONDITIONS_SCOPEDCONTENTITEM
193002 [main] DEBUG org.dbunit.util.search.DepthFirstSearch  - already searched; returning true
193002 [main] DEBUG org.dbunit.util.search.DepthFirstSearch  - search:SCOPEDCONTENTITEM
193002 [main] DEBUG org.dbunit.util.search.DepthFirstSearch  - already searched; returning true
193002 [main] DEBUG org.dbunit.util.search.DepthFirstSearch  - search:SCOPEDCONTENTCONDITION
193002 [main] DEBUG org.dbunit.util.search.DepthFirstSearch  - already searched; returning true
193002 [main] DEBUG org.dbunit.database.DatabaseSequenceFilter  - getDependencyInfo(connection=_databaseConfig=org.dbunit.database.DatabaseConfig[, _propertyMap={http://www.dbunit.org/properties/statementFactory=org.dbunit.database.statement.PreparedStatementFactory@626bc2b8, http://www.dbunit.org/features/caseSensitiveTableNames=false, http://www.dbunit.org/properties/fetchSize=100, http://www.dbunit.org/features/batchedStatements=false, http://www.dbunit.org/properties/metadataHandler=org.dbunit.database.DefaultMetadataHandler@3eeace42, http://www.dbunit.org/properties/datatypeFactory=org.dbunit.dataset.datatype.DefaultDataTypeFactory[_toleratedDeltaMap=org.dbunit.dataset.datatype.ToleratedDeltaMap@6452310a], http://www.dbunit.org/properties/escapePattern=null, http://www.dbunit.org/properties/batchSize=100, http://www.dbunit.org/features/qualifiedTableNames=false, http://www.dbunit.org/properties/tableType=[Ljava.lang.String;@5011bafa, http://www.dbunit.org/properties/resultSetTableFactory=org.dbunit.database.CachedResultSetTableFactory@10bcf083, http://www.dbunit.org/features/datatypeWarning=true}], _dataSet=AbstractDataSet[_orderedTableNameMap=null], tableName=SCOPEDCONTENTITEM) - start
193003 [main] DEBUG org.dbunit.database.search.TablesDependencyHelper  - getDependentTables(connection=_databaseConfig=org.dbunit.database.DatabaseConfig[, _propertyMap={http://www.dbunit.org/properties/statementFactory=org.dbunit.database.statement.PreparedStatementFactory@626bc2b8, http://www.dbunit.org/features/caseSensitiveTableNames=false, http://www.dbunit.org/properties/fetchSize=100, http://www.dbunit.org/features/batchedStatements=false, http://www.dbunit.org/properties/metadataHandler=org.dbunit.database.DefaultMetadataHandler@3eeace42, http://www.dbunit.org/properties/datatypeFactory=org.dbunit.dataset.datatype.DefaultDataTypeFactory[_toleratedDeltaMap=org.dbunit.dataset.datatype.ToleratedDeltaMap@6452310a], http://www.dbunit.org/properties/escapePattern=null, http://www.dbunit.org/properties/batchSize=100, http://www.dbunit.org/features/qualifiedTableNames=false, http://www.dbunit.org/properties/tableType=[Ljava.lang.String;@5011bafa, http://www.dbunit.org/properties/resultSetTableFactory=org.dbunit.database.CachedResultSetTableFactory@10bcf083, http://www.dbunit.org/features/datatypeWarning=true}], _dataSet=AbstractDataSet[_orderedTableNameMap=null], rootTable=SCOPEDCONTENTITEM) - start
193003 [main] DEBUG org.dbunit.database.search.TablesDependencyHelper  - getDependentTables(connection=_databaseConfig=org.dbunit.database.DatabaseConfig[, _propertyMap={http://www.dbunit.org/properties/statementFactory=org.dbunit.database.statement.PreparedStatementFactory@626bc2b8, http://www.dbunit.org/features/caseSensitiveTableNames=false, http://www.dbunit.org/properties/fetchSize=100, http://www.dbunit.org/features/batchedStatements=false, http://www.dbunit.org/properties/metadataHandler=org.dbunit.database.DefaultMetadataHandler@3eeace42, http://www.dbunit.org/properties/datatypeFactory=org.dbunit.dataset.datatype.DefaultDataTypeFactory[_toleratedDeltaMap=org.dbunit.dataset.datatype.ToleratedDeltaMap@6452310a], http://www.dbunit.org/properties/escapePattern=null, http://www.dbunit.org/properties/batchSize=100, http://www.dbunit.org/features/qualifiedTableNames=false, http://www.dbunit.org/properties/tableType=[Ljava.lang.String;@5011bafa, http://www.dbunit.org/properties/resultSetTableFactory=org.dbunit.database.CachedResultSetTableFactory@10bcf083, http://www.dbunit.org/features/datatypeWarning=true}], _dataSet=AbstractDataSet[_orderedTableNameMap=null], rootTables=[SCOPEDCONTENTITEM]) - start
193003 [main] DEBUG org.dbunit.util.search.DepthFirstSearch  - search(nodesFrom=[SCOPEDCONTENTITEM], callback=org.dbunit.database.search.ImportedKeysSearchCallback@1c1e3ec6) - start
193003 [main] DEBUG org.dbunit.util.CollectionsHelper  - objectsToSet(objects=SCOPEDCONTENTITEM) - start
193003 [main] DEBUG org.dbunit.util.search.DepthFirstSearch  - search(nodesFrom=[SCOPEDCONTENTITEM], callback=org.dbunit.database.search.ImportedKeysSearchCallback@1c1e3ec6) - start
193003 [main] DEBUG org.dbunit.util.search.DepthFirstSearch  - reverseSearch:SCOPEDCONTENTITEM
193003 [main] DEBUG org.dbunit.database.search.ImportedKeysSearchCallback  - searchNode(node=SCOPEDCONTENTITEM) - start
193003 [main] DEBUG org.dbunit.util.search.DepthFirstSearch  - Pushing (reverse) SCOPEDCONTENTITEM
193003 [main] DEBUG org.dbunit.database.search.ImportedKeysSearchCallback  - getEdges(node=SCOPEDCONTENTITEM) - start
193003 [main] DEBUG org.dbunit.database.search.AbstractMetaDataBasedSearchCallback  - getNodesFromImportedKeys(node=SCOPEDCONTENTITEM) - start
193003 [main] DEBUG org.dbunit.database.search.AbstractMetaDataBasedSearchCallback  - getNodes(type=0, node=SCOPEDCONTENTITEM) - start
193004 [main] DEBUG org.dbunit.database.DatabaseDataSourceConnection  - getConnection() - start
193004 [main] DEBUG org.dbunit.database.search.AbstractMetaDataBasedSearchCallback  - getNodes(type=0, node=SCOPEDCONTENTITEM, conn=Transaction-aware proxy for target Connection [jdbc:hsqldb:mem:kontrollDS, UserName=sw, HSQL Database Engine Driver], schema=null, metaData=org.apache.commons.dbcp.DelegatingDatabaseMetaData@5ab4796, edges=[]) - start
193004 [main] DEBUG org.dbunit.database.search.AbstractMetaDataBasedSearchCallback  - Getting edges for node SCOPEDCONTENTITEM
193004 [main] TRACE org.dbunit.database.DatabaseConfig  - getProperty(name=http://www.dbunit.org/properties/metadataHandler) - start
193004 [main] TRACE org.dbunit.database.DefaultMetadataHandler  - tableExists(metaData=org.apache.commons.dbcp.DelegatingDatabaseMetaData@5ab4796, schemaName=null, tableName=SCOPEDCONTENTITEM) - start
193005 [main] DEBUG org.dbunit.util.SQLHelper  - close(resultSet=org.apache.commons.dbcp.DelegatingResultSet@5c994620) - start
193005 [main] DEBUG org.dbunit.util.SQLHelper  - close(resultSet=org.apache.commons.dbcp.DelegatingResultSet@111c67c9) - start
193006 [main] DEBUG org.dbunit.util.search.DepthFirstSearch  - search:SCOPEDCONTENTITEM
193006 [main] DEBUG org.dbunit.database.search.ImportedKeysSearchCallback  - searchNode(node=SCOPEDCONTENTITEM) - start
193006 [main] DEBUG org.dbunit.util.search.DepthFirstSearch  - Pushing SCOPEDCONTENTITEM
193006 [main] DEBUG org.dbunit.database.search.ImportedKeysSearchCallback  - getEdges(node=SCOPEDCONTENTITEM) - start
193006 [main] DEBUG org.dbunit.database.search.AbstractMetaDataBasedSearchCallback  - getNodesFromImportedKeys(node=SCOPEDCONTENTITEM) - start
193006 [main] DEBUG org.dbunit.database.search.AbstractMetaDataBasedSearchCallback  - getNodes(type=0, node=SCOPEDCONTENTITEM) - start
193006 [main] DEBUG org.dbunit.database.DatabaseDataSourceConnection  - getConnection() - start
193006 [main] DEBUG org.dbunit.database.search.AbstractMetaDataBasedSearchCallback  - getNodes(type=0, node=SCOPEDCONTENTITEM, conn=Transaction-aware proxy for target Connection [jdbc:hsqldb:mem:kontrollDS, UserName=sw, HSQL Database Engine Driver], schema=null, metaData=org.apache.commons.dbcp.DelegatingDatabaseMetaData@5fe1c5e5, edges=[]) - start
193006 [main] DEBUG org.dbunit.database.search.AbstractMetaDataBasedSearchCallback  - Getting edges for node SCOPEDCONTENTITEM
193006 [main] TRACE org.dbunit.database.DatabaseConfig  - getProperty(name=http://www.dbunit.org/properties/metadataHandler) - start
193006 [main] TRACE org.dbunit.database.DefaultMetadataHandler  - tableExists(metaData=org.apache.commons.dbcp.DelegatingDatabaseMetaData@5fe1c5e5, schemaName=null, tableName=SCOPEDCONTENTITEM) - start
193007 [main] DEBUG org.dbunit.util.SQLHelper  - close(resultSet=org.apache.commons.dbcp.DelegatingResultSet@346be0ef) - start
193008 [main] DEBUG org.dbunit.util.SQLHelper  - close(resultSet=org.apache.commons.dbcp.DelegatingResultSet@49341f9c) - start
193008 [main] DEBUG org.dbunit.util.search.DepthFirstSearch  - Adding node SCOPEDCONTENTITEM to the final result
193008 [main] DEBUG org.dbunit.util.CollectionsHelper  - setToStrings(set=[SCOPEDCONTENTITEM]) - start
193008 [main] DEBUG org.dbunit.database.search.TablesDependencyHelper  - getDependsOnTables(connection=_databaseConfig=org.dbunit.database.DatabaseConfig[, _propertyMap={http://www.dbunit.org/properties/statementFactory=org.dbunit.database.statement.PreparedStatementFactory@626bc2b8, http://www.dbunit.org/features/caseSensitiveTableNames=false, http://www.dbunit.org/properties/fetchSize=100, http://www.dbunit.org/features/batchedStatements=false, http://www.dbunit.org/properties/metadataHandler=org.dbunit.database.DefaultMetadataHandler@3eeace42, http://www.dbunit.org/properties/datatypeFactory=org.dbunit.dataset.datatype.DefaultDataTypeFactory[_toleratedDeltaMap=org.dbunit.dataset.datatype.ToleratedDeltaMap@6452310a], http://www.dbunit.org/properties/escapePattern=null, http://www.dbunit.org/properties/batchSize=100, http://www.dbunit.org/features/qualifiedTableNames=false, http://www.dbunit.org/properties/tableType=[Ljava.lang.String;@5011bafa, http://www.dbunit.org/properties/resultSetTableFactory=org.dbunit.database.CachedResultSetTableFactory@10bcf083, http://www.dbunit.org/features/datatypeWarning=true}], _dataSet=AbstractDataSet[_orderedTableNameMap=null], rootTable=SCOPEDCONTENTITEM) - start
193008 [main] DEBUG org.dbunit.util.search.DepthFirstSearch  - search(nodesFrom=[SCOPEDCONTENTITEM], callback=org.dbunit.database.search.ExportedKeysSearchCallback@6f4422a9) - start
193008 [main] DEBUG org.dbunit.util.CollectionsHelper  - objectsToSet(objects=SCOPEDCONTENTITEM) - start
193008 [main] DEBUG org.dbunit.util.search.DepthFirstSearch  - search(nodesFrom=[SCOPEDCONTENTITEM], callback=org.dbunit.database.search.ExportedKeysSearchCallback@6f4422a9) - start
193008 [main] DEBUG org.dbunit.util.search.DepthFirstSearch  - reverseSearch:SCOPEDCONTENTITEM
193009 [main] DEBUG org.dbunit.database.search.ExportedKeysSearchCallback  - searchNode(node=SCOPEDCONTENTITEM) - start
193009 [main] DEBUG org.dbunit.util.search.DepthFirstSearch  - Pushing (reverse) SCOPEDCONTENTITEM
193009 [main] DEBUG org.dbunit.database.search.ExportedKeysSearchCallback  - getEdges(node=SCOPEDCONTENTITEM) - start
193009 [main] DEBUG org.dbunit.database.search.AbstractMetaDataBasedSearchCallback  - getNodesFromExportedKeys(node=SCOPEDCONTENTITEM) - start
193009 [main] DEBUG org.dbunit.database.search.AbstractMetaDataBasedSearchCallback  - getNodes(type=1, node=SCOPEDCONTENTITEM) - start
193009 [main] DEBUG org.dbunit.database.DatabaseDataSourceConnection  - getConnection() - start
193009 [main] DEBUG org.dbunit.database.search.AbstractMetaDataBasedSearchCallback  - getNodes(type=1, node=SCOPEDCONTENTITEM, conn=Transaction-aware proxy for target Connection [jdbc:hsqldb:mem:kontrollDS, UserName=sw, HSQL Database Engine Driver], schema=null, metaData=org.apache.commons.dbcp.DelegatingDatabaseMetaData@623fbe50, edges=[]) - start
193009 [main] DEBUG org.dbunit.database.search.AbstractMetaDataBasedSearchCallback  - Getting edges for node SCOPEDCONTENTITEM
193009 [main] TRACE org.dbunit.database.DatabaseConfig  - getProperty(name=http://www.dbunit.org/properties/metadataHandler) - start
193009 [main] TRACE org.dbunit.database.DefaultMetadataHandler  - tableExists(metaData=org.apache.commons.dbcp.DelegatingDatabaseMetaData@623fbe50, schemaName=null, tableName=SCOPEDCONTENTITEM) - start
193010 [main] DEBUG org.dbunit.util.SQLHelper  - close(resultSet=org.apache.commons.dbcp.DelegatingResultSet@12ecb0ea) - start
193011 [main] DEBUG org.dbunit.util.QualifiedTableName  - getQualifiedNameIfEnabled(config=org.dbunit.database.DatabaseConfig[, _propertyMap={http://www.dbunit.org/properties/statementFactory=org.dbunit.database.statement.PreparedStatementFactory@626bc2b8, http://www.dbunit.org/features/caseSensitiveTableNames=false, http://www.dbunit.org/properties/fetchSize=100, http://www.dbunit.org/features/batchedStatements=false, http://www.dbunit.org/properties/metadataHandler=org.dbunit.database.DefaultMetadataHandler@3eeace42, http://www.dbunit.org/properties/datatypeFactory=org.dbunit.dataset.datatype.DefaultDataTypeFactory[_toleratedDeltaMap=org.dbunit.dataset.datatype.ToleratedDeltaMap@6452310a], http://www.dbunit.org/properties/escapePattern=null, http://www.dbunit.org/properties/batchSize=100, http://www.dbunit.org/features/qualifiedTableNames=false, http://www.dbunit.org/properties/tableType=[Ljava.lang.String;@5011bafa, http://www.dbunit.org/properties/resultSetTableFactory=org.dbunit.database.CachedResultSetTableFactory@10bcf083, http://www.dbunit.org/features/datatypeWarning=true}]) - start
193011 [main] TRACE org.dbunit.database.DatabaseConfig  - getFeature(name=http://www.dbunit.org/features/qualifiedTableNames) - start
193011 [main] TRACE org.dbunit.database.DatabaseConfig  - getProperty(name=http://www.dbunit.org/features/qualifiedTableNames) - start
193011 [main] DEBUG org.dbunit.util.QualifiedTableName  - Qualified table names feature is disabled. Returning plain table name
193011 [main] DEBUG org.dbunit.util.QualifiedTableName  - getQualifiedName(prefix=null, name=SCOPEDCONTENTITEM, escapePattern=null) - start
193011 [main] DEBUG org.dbunit.util.QualifiedTableName  - getQualifiedNameIfEnabled(config=org.dbunit.database.DatabaseConfig[, _propertyMap={http://www.dbunit.org/properties/statementFactory=org.dbunit.database.statement.PreparedStatementFactory@626bc2b8, http://www.dbunit.org/features/caseSensitiveTableNames=false, http://www.dbunit.org/properties/fetchSize=100, http://www.dbunit.org/features/batchedStatements=false, http://www.dbunit.org/properties/metadataHandler=org.dbunit.database.DefaultMetadataHandler@3eeace42, http://www.dbunit.org/properties/datatypeFactory=org.dbunit.dataset.datatype.DefaultDataTypeFactory[_toleratedDeltaMap=org.dbunit.dataset.datatype.ToleratedDeltaMap@6452310a], http://www.dbunit.org/properties/escapePattern=null, http://www.dbunit.org/properties/batchSize=100, http://www.dbunit.org/features/qualifiedTableNames=false, http://www.dbunit.org/properties/tableType=[Ljava.lang.String;@5011bafa, http://www.dbunit.org/properties/resultSetTableFactory=org.dbunit.database.CachedResultSetTableFactory@10bcf083, http://www.dbunit.org/features/datatypeWarning=true}]) - start
193011 [main] TRACE org.dbunit.database.DatabaseConfig  - getFeature(name=http://www.dbunit.org/features/qualifiedTableNames) - start
193011 [main] TRACE org.dbunit.database.DatabaseConfig  - getProperty(name=http://www.dbunit.org/features/qualifiedTableNames) - start
193011 [main] DEBUG org.dbunit.util.QualifiedTableName  - Qualified table names feature is disabled. Returning plain table name
193011 [main] DEBUG org.dbunit.util.QualifiedTableName  - getQualifiedName(prefix=null, name=SCOPEDCONTENTCONDITIONS_SCOPEDCONTENTITEM, escapePattern=null) - start
193012 [main] DEBUG org.dbunit.database.search.AbstractMetaDataBasedSearchCallback  - newEdge(rs=org.apache.commons.dbcp.DelegatingResultSet@7700d2d5, type=1, from=SCOPEDCONTENTITEM, to=SCOPEDCONTENTCONDITIONS_SCOPEDCONTENTITEM, fkColumn=SCOPED_CONTENT_ITEM_ID, pkColumn=ID) - start
193012 [main] DEBUG org.dbunit.database.search.AbstractMetaDataBasedSearchCallback  - createFKEdge(rs=org.apache.commons.dbcp.DelegatingResultSet@7700d2d5, type=1, from=SCOPEDCONTENTITEM, to=SCOPEDCONTENTCONDITIONS_SCOPEDCONTENTITEM, fkColumn=SCOPED_CONTENT_ITEM_ID, pkColumn=ID) - start
193012 [main] DEBUG org.dbunit.database.search.AbstractMetaDataBasedSearchCallback  - Adding edge SCOPEDCONTENTCONDITIONS_SCOPEDCONTENTITEM(SCOPED_CONTENT_ITEM_ID)->SCOPEDCONTENTITEM(ID)
193012 [main] DEBUG org.dbunit.util.search.Edge  - compareTo(o=SCOPEDCONTENTCONDITIONS_SCOPEDCONTENTITEM(SCOPED_CONTENT_ITEM_ID)->SCOPEDCONTENTITEM(ID)) - start
193012 [main] DEBUG org.dbunit.util.QualifiedTableName  - getQualifiedNameIfEnabled(config=org.dbunit.database.DatabaseConfig[, _propertyMap={http://www.dbunit.org/properties/statementFactory=org.dbunit.database.statement.PreparedStatementFactory@626bc2b8, http://www.dbunit.org/features/caseSensitiveTableNames=false, http://www.dbunit.org/properties/fetchSize=100, http://www.dbunit.org/features/batchedStatements=false, http://www.dbunit.org/properties/metadataHandler=org.dbunit.database.DefaultMetadataHandler@3eeace42, http://www.dbunit.org/properties/datatypeFactory=org.dbunit.dataset.datatype.DefaultDataTypeFactory[_toleratedDeltaMap=org.dbunit.dataset.datatype.ToleratedDeltaMap@6452310a], http://www.dbunit.org/properties/escapePattern=null, http://www.dbunit.org/properties/batchSize=100, http://www.dbunit.org/features/qualifiedTableNames=false, http://www.dbunit.org/properties/tableType=[Ljava.lang.String;@5011bafa, http://www.dbunit.org/properties/resultSetTableFactory=org.dbunit.database.CachedResultSetTableFactory@10bcf083, http://www.dbunit.org/features/datatypeWarning=true}]) - start
193012 [main] TRACE org.dbunit.database.DatabaseConfig  - getFeature(name=http://www.dbunit.org/features/qualifiedTableNames) - start
193012 [main] TRACE org.dbunit.database.DatabaseConfig  - getProperty(name=http://www.dbunit.org/features/qualifiedTableNames) - start
193012 [main] DEBUG org.dbunit.util.QualifiedTableName  - Qualified table names feature is disabled. Returning plain table name
193012 [main] DEBUG org.dbunit.util.QualifiedTableName  - getQualifiedName(prefix=null, name=SCOPEDCONTENTITEM, escapePattern=null) - start
193012 [main] DEBUG org.dbunit.util.QualifiedTableName  - getQualifiedNameIfEnabled(config=org.dbunit.database.DatabaseConfig[, _propertyMap={http://www.dbunit.org/properties/statementFactory=org.dbunit.database.statement.PreparedStatementFactory@626bc2b8, http://www.dbunit.org/features/caseSensitiveTableNames=false, http://www.dbunit.org/properties/fetchSize=100, http://www.dbunit.org/features/batchedStatements=false, http://www.dbunit.org/properties/metadataHandler=org.dbunit.database.DefaultMetadataHandler@3eeace42, http://www.dbunit.org/properties/datatypeFactory=org.dbunit.dataset.datatype.DefaultDataTypeFactory[_toleratedDeltaMap=org.dbunit.dataset.datatype.ToleratedDeltaMap@6452310a], http://www.dbunit.org/properties/escapePattern=null, http://www.dbunit.org/properties/batchSize=100, http://www.dbunit.org/features/qualifiedTableNames=false, http://www.dbunit.org/properties/tableType=[Ljava.lang.String;@5011bafa, http://www.dbunit.org/properties/resultSetTableFactory=org.dbunit.database.CachedResultSetTableFactory@10bcf083, http://www.dbunit.org/features/datatypeWarning=true}]) - start
193012 [main] TRACE org.dbunit.database.DatabaseConfig  - getFeature(name=http://www.dbunit.org/features/qualifiedTableNames) - start
193013 [main] TRACE org.dbunit.database.DatabaseConfig  - getProperty(name=http://www.dbunit.org/features/qualifiedTableNames) - start
193013 [main] DEBUG org.dbunit.util.QualifiedTableName  - Qualified table names feature is disabled. Returning plain table name
193013 [main] DEBUG org.dbunit.util.QualifiedTableName  - getQualifiedName(prefix=null, name=SCOPEDCONTENT_SCOPEDCONTENTITEM, escapePattern=null) - start
193013 [main] DEBUG org.dbunit.database.search.AbstractMetaDataBasedSearchCallback  - newEdge(rs=org.apache.commons.dbcp.DelegatingResultSet@7700d2d5, type=1, from=SCOPEDCONTENTITEM, to=SCOPEDCONTENT_SCOPEDCONTENTITEM, fkColumn=SCOPED_CONTENT_ID, pkColumn=ID) - start
193013 [main] DEBUG org.dbunit.database.search.AbstractMetaDataBasedSearchCallback  - createFKEdge(rs=org.apache.commons.dbcp.DelegatingResultSet@7700d2d5, type=1, from=SCOPEDCONTENTITEM, to=SCOPEDCONTENT_SCOPEDCONTENTITEM, fkColumn=SCOPED_CONTENT_ID, pkColumn=ID) - start
193013 [main] DEBUG org.dbunit.database.search.AbstractMetaDataBasedSearchCallback  - Adding edge SCOPEDCONTENT_SCOPEDCONTENTITEM(SCOPED_CONTENT_ID)->SCOPEDCONTENTITEM(ID)
193013 [main] DEBUG org.dbunit.util.search.Edge  - compareTo(o=SCOPEDCONTENTCONDITIONS_SCOPEDCONTENTITEM(SCOPED_CONTENT_ITEM_ID)->SCOPEDCONTENTITEM(ID)) - start
193013 [main] DEBUG org.dbunit.util.SQLHelper  - close(resultSet=org.apache.commons.dbcp.DelegatingResultSet@7700d2d5) - start
193013 [main] DEBUG org.dbunit.util.search.DepthFirstSearch  - reverseSearch:SCOPEDCONTENTCONDITIONS_SCOPEDCONTENTITEM
193013 [main] DEBUG org.dbunit.database.search.ExportedKeysSearchCallback  - searchNode(node=SCOPEDCONTENTCONDITIONS_SCOPEDCONTENTITEM) - start
193013 [main] DEBUG org.dbunit.util.search.DepthFirstSearch  - Pushing (reverse) SCOPEDCONTENTCONDITIONS_SCOPEDCONTENTITEM
193014 [main] DEBUG org.dbunit.database.search.ExportedKeysSearchCallback  - getEdges(node=SCOPEDCONTENTCONDITIONS_SCOPEDCONTENTITEM) - start
193014 [main] DEBUG org.dbunit.database.search.AbstractMetaDataBasedSearchCallback  - getNodesFromExportedKeys(node=SCOPEDCONTENTCONDITIONS_SCOPEDCONTENTITEM) - start
193014 [main] DEBUG org.dbunit.database.search.AbstractMetaDataBasedSearchCallback  - getNodes(type=1, node=SCOPEDCONTENTCONDITIONS_SCOPEDCONTENTITEM) - start
193014 [main] DEBUG org.dbunit.database.DatabaseDataSourceConnection  - getConnection() - start
193014 [main] DEBUG org.dbunit.database.search.AbstractMetaDataBasedSearchCallback  - getNodes(type=1, node=SCOPEDCONTENTCONDITIONS_SCOPEDCONTENTITEM, conn=Transaction-aware proxy for target Connection [jdbc:hsqldb:mem:kontrollDS, UserName=sw, HSQL Database Engine Driver], schema=null, metaData=org.apache.commons.dbcp.DelegatingDatabaseMetaData@5711dafc, edges=[]) - start
193014 [main] DEBUG org.dbunit.database.search.AbstractMetaDataBasedSearchCallback  - Getting edges for node SCOPEDCONTENTCONDITIONS_SCOPEDCONTENTITEM
193014 [main] TRACE org.dbunit.database.DatabaseConfig  - getProperty(name=http://www.dbunit.org/properties/metadataHandler) - start
193014 [main] TRACE org.dbunit.database.DefaultMetadataHandler  - tableExists(metaData=org.apache.commons.dbcp.DelegatingDatabaseMetaData@5711dafc, schemaName=null, tableName=SCOPEDCONTENTCONDITIONS_SCOPEDCONTENTITEM) - start
193015 [main] DEBUG org.dbunit.util.SQLHelper  - close(resultSet=org.apache.commons.dbcp.DelegatingResultSet@5d88348d) - start
193016 [main] DEBUG org.dbunit.util.SQLHelper  - close(resultSet=org.apache.commons.dbcp.DelegatingResultSet@334cfc18) - start
193016 [main] DEBUG org.dbunit.util.search.DepthFirstSearch  - reverseSearch:SCOPEDCONTENT_SCOPEDCONTENTITEM
193016 [main] DEBUG org.dbunit.database.search.ExportedKeysSearchCallback  - searchNode(node=SCOPEDCONTENT_SCOPEDCONTENTITEM) - start
193016 [main] DEBUG org.dbunit.util.search.DepthFirstSearch  - Pushing (reverse) SCOPEDCONTENT_SCOPEDCONTENTITEM
193016 [main] DEBUG org.dbunit.database.search.ExportedKeysSearchCallback  - getEdges(node=SCOPEDCONTENT_SCOPEDCONTENTITEM) - start
193016 [main] DEBUG org.dbunit.database.search.AbstractMetaDataBasedSearchCallback  - getNodesFromExportedKeys(node=SCOPEDCONTENT_SCOPEDCONTENTITEM) - start
193016 [main] DEBUG org.dbunit.database.search.AbstractMetaDataBasedSearchCallback  - getNodes(type=1, node=SCOPEDCONTENT_SCOPEDCONTENTITEM) - start
193016 [main] DEBUG org.dbunit.database.DatabaseDataSourceConnection  - getConnection() - start
193016 [main] DEBUG org.dbunit.database.search.AbstractMetaDataBasedSearchCallback  - getNodes(type=1, node=SCOPEDCONTENT_SCOPEDCONTENTITEM, conn=Transaction-aware proxy for target Connection [jdbc:hsqldb:mem:kontrollDS, UserName=sw, HSQL Database Engine Driver], schema=null, metaData=org.apache.commons.dbcp.DelegatingDatabaseMetaData@33aa5f8, edges=[]) - start
193016 [main] DEBUG org.dbunit.database.search.AbstractMetaDataBasedSearchCallback  - Getting edges for node SCOPEDCONTENT_SCOPEDCONTENTITEM
193016 [main] TRACE org.dbunit.database.DatabaseConfig  - getProperty(name=http://www.dbunit.org/properties/metadataHandler) - start
193017 [main] TRACE org.dbunit.database.DefaultMetadataHandler  - tableExists(metaData=org.apache.commons.dbcp.DelegatingDatabaseMetaData@33aa5f8, schemaName=null, tableName=SCOPEDCONTENT_SCOPEDCONTENTITEM) - start
193018 [main] DEBUG org.dbunit.util.SQLHelper  - close(resultSet=org.apache.commons.dbcp.DelegatingResultSet@118d2ac1) - start
193018 [main] DEBUG org.dbunit.util.SQLHelper  - close(resultSet=org.apache.commons.dbcp.DelegatingResultSet@5139ff21) - start
193018 [main] DEBUG org.dbunit.util.search.DepthFirstSearch  - search:SCOPEDCONTENTCONDITIONS_SCOPEDCONTENTITEM
193018 [main] DEBUG org.dbunit.database.search.ExportedKeysSearchCallback  - searchNode(node=SCOPEDCONTENTCONDITIONS_SCOPEDCONTENTITEM) - start
193018 [main] DEBUG org.dbunit.util.search.DepthFirstSearch  - Pushing SCOPEDCONTENTCONDITIONS_SCOPEDCONTENTITEM
193018 [main] DEBUG org.dbunit.database.search.ExportedKeysSearchCallback  - getEdges(node=SCOPEDCONTENTCONDITIONS_SCOPEDCONTENTITEM) - start
193018 [main] DEBUG org.dbunit.database.search.AbstractMetaDataBasedSearchCallback  - getNodesFromExportedKeys(node=SCOPEDCONTENTCONDITIONS_SCOPEDCONTENTITEM) - start
193018 [main] DEBUG org.dbunit.database.search.AbstractMetaDataBasedSearchCallback  - getNodes(type=1, node=SCOPEDCONTENTCONDITIONS_SCOPEDCONTENTITEM) - start
193018 [main] DEBUG org.dbunit.database.DatabaseDataSourceConnection  - getConnection() - start
193019 [main] DEBUG org.dbunit.database.search.AbstractMetaDataBasedSearchCallback  - getNodes(type=1, node=SCOPEDCONTENTCONDITIONS_SCOPEDCONTENTITEM, conn=Transaction-aware proxy for target Connection [jdbc:hsqldb:mem:kontrollDS, UserName=sw, HSQL Database Engine Driver], schema=null, metaData=org.apache.commons.dbcp.DelegatingDatabaseMetaData@369cf930, edges=[]) - start
193019 [main] DEBUG org.dbunit.database.search.AbstractMetaDataBasedSearchCallback  - Getting edges for node SCOPEDCONTENTCONDITIONS_SCOPEDCONTENTITEM
193019 [main] TRACE org.dbunit.database.DatabaseConfig  - getProperty(name=http://www.dbunit.org/properties/metadataHandler) - start
193019 [main] TRACE org.dbunit.database.DefaultMetadataHandler  - tableExists(metaData=org.apache.commons.dbcp.DelegatingDatabaseMetaData@369cf930, schemaName=null, tableName=SCOPEDCONTENTCONDITIONS_SCOPEDCONTENTITEM) - start
193020 [main] DEBUG org.dbunit.util.SQLHelper  - close(resultSet=org.apache.commons.dbcp.DelegatingResultSet@4f8a7cec) - start
193020 [main] DEBUG org.dbunit.util.SQLHelper  - close(resultSet=org.apache.commons.dbcp.DelegatingResultSet@796b81f2) - start
193020 [main] DEBUG org.dbunit.util.search.DepthFirstSearch  - Adding node SCOPEDCONTENTCONDITIONS_SCOPEDCONTENTITEM to the final result
193020 [main] DEBUG org.dbunit.util.search.DepthFirstSearch  - search:SCOPEDCONTENT_SCOPEDCONTENTITEM
193020 [main] DEBUG org.dbunit.database.search.ExportedKeysSearchCallback  - searchNode(node=SCOPEDCONTENT_SCOPEDCONTENTITEM) - start
193021 [main] DEBUG org.dbunit.util.search.DepthFirstSearch  - Pushing SCOPEDCONTENT_SCOPEDCONTENTITEM
193021 [main] DEBUG org.dbunit.database.search.ExportedKeysSearchCallback  - getEdges(node=SCOPEDCONTENT_SCOPEDCONTENTITEM) - start
193021 [main] DEBUG org.dbunit.database.search.AbstractMetaDataBasedSearchCallback  - getNodesFromExportedKeys(node=SCOPEDCONTENT_SCOPEDCONTENTITEM) - start
193022 [main] DEBUG org.dbunit.database.search.AbstractMetaDataBasedSearchCallback  - getNodes(type=1, node=SCOPEDCONTENT_SCOPEDCONTENTITEM) - start
193022 [main] DEBUG org.dbunit.database.DatabaseDataSourceConnection  - getConnection() - start
193022 [main] DEBUG org.dbunit.database.search.AbstractMetaDataBasedSearchCallback  - getNodes(type=1, node=SCOPEDCONTENT_SCOPEDCONTENTITEM, conn=Transaction-aware proxy for target Connection [jdbc:hsqldb:mem:kontrollDS, UserName=sw, HSQL Database Engine Driver], schema=null, metaData=org.apache.commons.dbcp.DelegatingDatabaseMetaData@1207525, edges=[]) - start
193022 [main] DEBUG org.dbunit.database.search.AbstractMetaDataBasedSearchCallback  - Getting edges for node SCOPEDCONTENT_SCOPEDCONTENTITEM
193022 [main] TRACE org.dbunit.database.DatabaseConfig  - getProperty(name=http://www.dbunit.org/properties/metadataHandler) - start
193022 [main] TRACE org.dbunit.database.DefaultMetadataHandler  - tableExists(metaData=org.apache.commons.dbcp.DelegatingDatabaseMetaData@1207525, schemaName=null, tableName=SCOPEDCONTENT_SCOPEDCONTENTITEM) - start
193023 [main] DEBUG org.dbunit.util.SQLHelper  - close(resultSet=org.apache.commons.dbcp.DelegatingResultSet@272c9b42) - start
193024 [main] DEBUG org.dbunit.util.SQLHelper  - close(resultSet=org.apache.commons.dbcp.DelegatingResultSet@6a7e4127) - start
193024 [main] DEBUG org.dbunit.util.search.DepthFirstSearch  - Adding node SCOPEDCONTENT_SCOPEDCONTENTITEM to the final result
193024 [main] DEBUG org.dbunit.util.search.DepthFirstSearch  - search:SCOPEDCONTENTITEM
193024 [main] DEBUG org.dbunit.database.search.ExportedKeysSearchCallback  - searchNode(node=SCOPEDCONTENTITEM) - start
193024 [main] DEBUG org.dbunit.util.search.DepthFirstSearch  - Pushing SCOPEDCONTENTITEM
193024 [main] DEBUG org.dbunit.database.search.ExportedKeysSearchCallback  - getEdges(node=SCOPEDCONTENTITEM) - start
193024 [main] DEBUG org.dbunit.database.search.AbstractMetaDataBasedSearchCallback  - getNodesFromExportedKeys(node=SCOPEDCONTENTITEM) - start
193024 [main] DEBUG org.dbunit.database.search.AbstractMetaDataBasedSearchCallback  - getNodes(type=1, node=SCOPEDCONTENTITEM) - start
193024 [main] DEBUG org.dbunit.database.DatabaseDataSourceConnection  - getConnection() - start
193024 [main] DEBUG org.dbunit.database.search.AbstractMetaDataBasedSearchCallback  - getNodes(type=1, node=SCOPEDCONTENTITEM, conn=Transaction-aware proxy for target Connection [jdbc:hsqldb:mem:kontrollDS, UserName=sw, HSQL Database Engine Driver], schema=null, metaData=org.apache.commons.dbcp.DelegatingDatabaseMetaData@6e79e10, edges=[]) - start
193024 [main] DEBUG org.dbunit.database.search.AbstractMetaDataBasedSearchCallback  - Getting edges for node SCOPEDCONTENTITEM
193024 [main] TRACE org.dbunit.database.DatabaseConfig  - getProperty(name=http://www.dbunit.org/properties/metadataHandler) - start
193025 [main] TRACE org.dbunit.database.DefaultMetadataHandler  - tableExists(metaData=org.apache.commons.dbcp.DelegatingDatabaseMetaData@6e79e10, schemaName=null, tableName=SCOPEDCONTENTITEM) - start
193026 [main] DEBUG org.dbunit.util.SQLHelper  - close(resultSet=org.apache.commons.dbcp.DelegatingResultSet@1c23ef3c) - start
193026 [main] DEBUG org.dbunit.util.QualifiedTableName  - getQualifiedNameIfEnabled(config=org.dbunit.database.DatabaseConfig[, _propertyMap={http://www.dbunit.org/properties/statementFactory=org.dbunit.database.statement.PreparedStatementFactory@626bc2b8, http://www.dbunit.org/features/caseSensitiveTableNames=false, http://www.dbunit.org/properties/fetchSize=100, http://www.dbunit.org/features/batchedStatements=false, http://www.dbunit.org/properties/metadataHandler=org.dbunit.database.DefaultMetadataHandler@3eeace42, http://www.dbunit.org/properties/datatypeFactory=org.dbunit.dataset.datatype.DefaultDataTypeFactory[_toleratedDeltaMap=org.dbunit.dataset.datatype.ToleratedDeltaMap@6452310a], http://www.dbunit.org/properties/escapePattern=null, http://www.dbunit.org/properties/batchSize=100, http://www.dbunit.org/features/qualifiedTableNames=false, http://www.dbunit.org/properties/tableType=[Ljava.lang.String;@5011bafa, http://www.dbunit.org/properties/resultSetTableFactory=org.dbunit.database.CachedResultSetTableFactory@10bcf083, http://www.dbunit.org/features/datatypeWarning=true}]) - start
193026 [main] TRACE org.dbunit.database.DatabaseConfig  - getFeature(name=http://www.dbunit.org/features/qualifiedTableNames) - start
193026 [main] TRACE org.dbunit.database.DatabaseConfig  - getProperty(name=http://www.dbunit.org/features/qualifiedTableNames) - start
193026 [main] DEBUG org.dbunit.util.QualifiedTableName  - Qualified table names feature is disabled. Returning plain table name
193026 [main] DEBUG org.dbunit.util.QualifiedTableName  - getQualifiedName(prefix=null, name=SCOPEDCONTENTITEM, escapePattern=null) - start
193026 [main] DEBUG org.dbunit.util.QualifiedTableName  - getQualifiedNameIfEnabled(config=org.dbunit.database.DatabaseConfig[, _propertyMap={http://www.dbunit.org/properties/statementFactory=org.dbunit.database.statement.PreparedStatementFactory@626bc2b8, http://www.dbunit.org/features/caseSensitiveTableNames=false, http://www.dbunit.org/properties/fetchSize=100, http://www.dbunit.org/features/batchedStatements=false, http://www.dbunit.org/properties/metadataHandler=org.dbunit.database.DefaultMetadataHandler@3eeace42, http://www.dbunit.org/properties/datatypeFactory=org.dbunit.dataset.datatype.DefaultDataTypeFactory[_toleratedDeltaMap=org.dbunit.dataset.datatype.ToleratedDeltaMap@6452310a], http://www.dbunit.org/properties/escapePattern=null, http://www.dbunit.org/properties/batchSize=100, http://www.dbunit.org/features/qualifiedTableNames=false, http://www.dbunit.org/properties/tableType=[Ljava.lang.String;@5011bafa, http://www.dbunit.org/properties/resultSetTableFactory=org.dbunit.database.CachedResultSetTableFactory@10bcf083, http://www.dbunit.org/features/datatypeWarning=true}]) - start
193026 [main] TRACE org.dbunit.database.DatabaseConfig  - getFeature(name=http://www.dbunit.org/features/qualifiedTableNames) - start
193027 [main] TRACE org.dbunit.database.DatabaseConfig  - getProperty(name=http://www.dbunit.org/features/qualifiedTableNames) - start
193027 [main] DEBUG org.dbunit.util.QualifiedTableName  - Qualified table names feature is disabled. Returning plain table name
193027 [main] DEBUG org.dbunit.util.QualifiedTableName  - getQualifiedName(prefix=null, name=SCOPEDCONTENTCONDITIONS_SCOPEDCONTENTITEM, escapePattern=null) - start
193027 [main] DEBUG org.dbunit.database.search.AbstractMetaDataBasedSearchCallback  - newEdge(rs=org.apache.commons.dbcp.DelegatingResultSet@61e3666c, type=1, from=SCOPEDCONTENTITEM, to=SCOPEDCONTENTCONDITIONS_SCOPEDCONTENTITEM, fkColumn=SCOPED_CONTENT_ITEM_ID, pkColumn=ID) - start
193027 [main] DEBUG org.dbunit.database.search.AbstractMetaDataBasedSearchCallback  - createFKEdge(rs=org.apache.commons.dbcp.DelegatingResultSet@61e3666c, type=1, from=SCOPEDCONTENTITEM, to=SCOPEDCONTENTCONDITIONS_SCOPEDCONTENTITEM, fkColumn=SCOPED_CONTENT_ITEM_ID, pkColumn=ID) - start
193027 [main] DEBUG org.dbunit.database.search.AbstractMetaDataBasedSearchCallback  - Adding edge SCOPEDCONTENTCONDITIONS_SCOPEDCONTENTITEM(SCOPED_CONTENT_ITEM_ID)->SCOPEDCONTENTITEM(ID)
193027 [main] DEBUG org.dbunit.util.search.Edge  - compareTo(o=SCOPEDCONTENTCONDITIONS_SCOPEDCONTENTITEM(SCOPED_CONTENT_ITEM_ID)->SCOPEDCONTENTITEM(ID)) - start
193027 [main] DEBUG org.dbunit.util.QualifiedTableName  - getQualifiedNameIfEnabled(config=org.dbunit.database.DatabaseConfig[, _propertyMap={http://www.dbunit.org/properties/statementFactory=org.dbunit.database.statement.PreparedStatementFactory@626bc2b8, http://www.dbunit.org/features/caseSensitiveTableNames=false, http://www.dbunit.org/properties/fetchSize=100, http://www.dbunit.org/features/batchedStatements=false, http://www.dbunit.org/properties/metadataHandler=org.dbunit.database.DefaultMetadataHandler@3eeace42, http://www.dbunit.org/properties/datatypeFactory=org.dbunit.dataset.datatype.DefaultDataTypeFactory[_toleratedDeltaMap=org.dbunit.dataset.datatype.ToleratedDeltaMap@6452310a], http://www.dbunit.org/properties/escapePattern=null, http://www.dbunit.org/properties/batchSize=100, http://www.dbunit.org/features/qualifiedTableNames=false, http://www.dbunit.org/properties/tableType=[Ljava.lang.String;@5011bafa, http://www.dbunit.org/properties/resultSetTableFactory=org.dbunit.database.CachedResultSetTableFactory@10bcf083, http://www.dbunit.org/features/datatypeWarning=true}]) - start
193027 [main] TRACE org.dbunit.database.DatabaseConfig  - getFeature(name=http://www.dbunit.org/features/qualifiedTableNames) - start
193027 [main] TRACE org.dbunit.database.DatabaseConfig  - getProperty(name=http://www.dbunit.org/features/qualifiedTableNames) - start
193027 [main] DEBUG org.dbunit.util.QualifiedTableName  - Qualified table names feature is disabled. Returning plain table name
193028 [main] DEBUG org.dbunit.util.QualifiedTableName  - getQualifiedName(prefix=null, name=SCOPEDCONTENTITEM, escapePattern=null) - start
193028 [main] DEBUG org.dbunit.util.QualifiedTableName  - getQualifiedNameIfEnabled(config=org.dbunit.database.DatabaseConfig[, _propertyMap={http://www.dbunit.org/properties/statementFactory=org.dbunit.database.statement.PreparedStatementFactory@626bc2b8, http://www.dbunit.org/features/caseSensitiveTableNames=false, http://www.dbunit.org/properties/fetchSize=100, http://www.dbunit.org/features/batchedStatements=false, http://www.dbunit.org/properties/metadataHandler=org.dbunit.database.DefaultMetadataHandler@3eeace42, http://www.dbunit.org/properties/datatypeFactory=org.dbunit.dataset.datatype.DefaultDataTypeFactory[_toleratedDeltaMap=org.dbunit.dataset.datatype.ToleratedDeltaMap@6452310a], http://www.dbunit.org/properties/escapePattern=null, http://www.dbunit.org/properties/batchSize=100, http://www.dbunit.org/features/qualifiedTableNames=false, http://www.dbunit.org/properties/tableType=[Ljava.lang.String;@5011bafa, http://www.dbunit.org/properties/resultSetTableFactory=org.dbunit.database.CachedResultSetTableFactory@10bcf083, http://www.dbunit.org/features/datatypeWarning=true}]) - start
193028 [main] TRACE org.dbunit.database.DatabaseConfig  - getFeature(name=http://www.dbunit.org/features/qualifiedTableNames) - start
193028 [main] TRACE org.dbunit.database.DatabaseConfig  - getProperty(name=http://www.dbunit.org/features/qualifiedTableNames) - start
193028 [main] DEBUG org.dbunit.util.QualifiedTableName  - Qualified table names feature is disabled. Returning plain table name
193028 [main] DEBUG org.dbunit.util.QualifiedTableName  - getQualifiedName(prefix=null, name=SCOPEDCONTENT_SCOPEDCONTENTITEM, escapePattern=null) - start
193028 [main] DEBUG org.dbunit.database.search.AbstractMetaDataBasedSearchCallback  - newEdge(rs=org.apache.commons.dbcp.DelegatingResultSet@61e3666c, type=1, from=SCOPEDCONTENTITEM, to=SCOPEDCONTENT_SCOPEDCONTENTITEM, fkColumn=SCOPED_CONTENT_ID, pkColumn=ID) - start
193028 [main] DEBUG org.dbunit.database.search.AbstractMetaDataBasedSearchCallback  - createFKEdge(rs=org.apache.commons.dbcp.DelegatingResultSet@61e3666c, type=1, from=SCOPEDCONTENTITEM, to=SCOPEDCONTENT_SCOPEDCONTENTITEM, fkColumn=SCOPED_CONTENT_ID, pkColumn=ID) - start
193028 [main] DEBUG org.dbunit.database.search.AbstractMetaDataBasedSearchCallback  - Adding edge SCOPEDCONTENT_SCOPEDCONTENTITEM(SCOPED_CONTENT_ID)->SCOPEDCONTENTITEM(ID)
193028 [main] DEBUG org.dbunit.util.search.Edge  - compareTo(o=SCOPEDCONTENTCONDITIONS_SCOPEDCONTENTITEM(SCOPED_CONTENT_ITEM_ID)->SCOPEDCONTENTITEM(ID)) - start
193028 [main] DEBUG org.dbunit.util.SQLHelper  - close(resultSet=org.apache.commons.dbcp.DelegatingResultSet@61e3666c) - start
193028 [main] DEBUG org.dbunit.util.search.DepthFirstSearch  - search:SCOPEDCONTENTITEM
193029 [main] DEBUG org.dbunit.util.search.DepthFirstSearch  - already searched; returning true
193029 [main] DEBUG org.dbunit.util.search.DepthFirstSearch  - search:SCOPEDCONTENTITEM
193029 [main] DEBUG org.dbunit.util.search.DepthFirstSearch  - already searched; returning true
193029 [main] DEBUG org.dbunit.util.search.DepthFirstSearch  - Adding node SCOPEDCONTENTITEM to the final result
193029 [main] DEBUG org.dbunit.util.CollectionsHelper  - setToStrings(set=[SCOPEDCONTENTCONDITIONS_SCOPEDCONTENTITEM, SCOPEDCONTENT_SCOPEDCONTENTITEM, SCOPEDCONTENTITEM]) - start
193029 [main] DEBUG org.dbunit.database.search.TablesDependencyHelper  - getDirectDependsOnTables(connection=_databaseConfig=org.dbunit.database.DatabaseConfig[, _propertyMap={http://www.dbunit.org/properties/statementFactory=org.dbunit.database.statement.PreparedStatementFactory@626bc2b8, http://www.dbunit.org/features/caseSensitiveTableNames=false, http://www.dbunit.org/properties/fetchSize=100, http://www.dbunit.org/features/batchedStatements=false, http://www.dbunit.org/properties/metadataHandler=org.dbunit.database.DefaultMetadataHandler@3eeace42, http://www.dbunit.org/properties/datatypeFactory=org.dbunit.dataset.datatype.DefaultDataTypeFactory[_toleratedDeltaMap=org.dbunit.dataset.datatype.ToleratedDeltaMap@6452310a], http://www.dbunit.org/properties/escapePattern=null, http://www.dbunit.org/properties/batchSize=100, http://www.dbunit.org/features/qualifiedTableNames=false, http://www.dbunit.org/properties/tableType=[Ljava.lang.String;@5011bafa, http://www.dbunit.org/properties/resultSetTableFactory=org.dbunit.database.CachedResultSetTableFactory@10bcf083, http://www.dbunit.org/features/datatypeWarning=true}], _dataSet=AbstractDataSet[_orderedTableNameMap=null], tableName=SCOPEDCONTENTITEM) - start
193029 [main] DEBUG org.dbunit.util.search.DepthFirstSearch  - search(nodesFrom=[SCOPEDCONTENTITEM], callback=org.dbunit.database.search.ExportedKeysSearchCallback@177025bc) - start
193029 [main] DEBUG org.dbunit.util.CollectionsHelper  - objectsToSet(objects=SCOPEDCONTENTITEM) - start
193029 [main] DEBUG org.dbunit.util.search.DepthFirstSearch  - search(nodesFrom=[SCOPEDCONTENTITEM], callback=org.dbunit.database.search.ExportedKeysSearchCallback@177025bc) - start
193029 [main] DEBUG org.dbunit.util.search.DepthFirstSearch  - reverseSearch:SCOPEDCONTENTITEM
193030 [main] DEBUG org.dbunit.database.search.ExportedKeysSearchCallback  - searchNode(node=SCOPEDCONTENTITEM) - start
193030 [main] DEBUG org.dbunit.util.search.DepthFirstSearch  - Pushing (reverse) SCOPEDCONTENTITEM
193030 [main] DEBUG org.dbunit.database.search.ExportedKeysSearchCallback  - getEdges(node=SCOPEDCONTENTITEM) - start
193030 [main] DEBUG org.dbunit.database.search.AbstractMetaDataBasedSearchCallback  - getNodesFromExportedKeys(node=SCOPEDCONTENTITEM) - start
193030 [main] DEBUG org.dbunit.database.search.AbstractMetaDataBasedSearchCallback  - getNodes(type=1, node=SCOPEDCONTENTITEM) - start
193030 [main] DEBUG org.dbunit.database.DatabaseDataSourceConnection  - getConnection() - start
193030 [main] DEBUG org.dbunit.database.search.AbstractMetaDataBasedSearchCallback  - getNodes(type=1, node=SCOPEDCONTENTITEM, conn=Transaction-aware proxy for target Connection [jdbc:hsqldb:mem:kontrollDS, UserName=sw, HSQL Database Engine Driver], schema=null, metaData=org.apache.commons.dbcp.DelegatingDatabaseMetaData@43bd65a9, edges=[]) - start
193030 [main] DEBUG org.dbunit.database.search.AbstractMetaDataBasedSearchCallback  - Getting edges for node SCOPEDCONTENTITEM
193030 [main] TRACE org.dbunit.database.DatabaseConfig  - getProperty(name=http://www.dbunit.org/properties/metadataHandler) - start
193030 [main] TRACE org.dbunit.database.DefaultMetadataHandler  - tableExists(metaData=org.apache.commons.dbcp.DelegatingDatabaseMetaData@43bd65a9, schemaName=null, tableName=SCOPEDCONTENTITEM) - start
193031 [main] DEBUG org.dbunit.util.SQLHelper  - close(resultSet=org.apache.commons.dbcp.DelegatingResultSet@42840aa5) - start
193032 [main] DEBUG org.dbunit.util.QualifiedTableName  - getQualifiedNameIfEnabled(config=org.dbunit.database.DatabaseConfig[, _propertyMap={http://www.dbunit.org/properties/statementFactory=org.dbunit.database.statement.PreparedStatementFactory@626bc2b8, http://www.dbunit.org/features/caseSensitiveTableNames=false, http://www.dbunit.org/properties/fetchSize=100, http://www.dbunit.org/features/batchedStatements=false, http://www.dbunit.org/properties/metadataHandler=org.dbunit.database.DefaultMetadataHandler@3eeace42, http://www.dbunit.org/properties/datatypeFactory=org.dbunit.dataset.datatype.DefaultDataTypeFactory[_toleratedDeltaMap=org.dbunit.dataset.datatype.ToleratedDeltaMap@6452310a], http://www.dbunit.org/properties/escapePattern=null, http://www.dbunit.org/properties/batchSize=100, http://www.dbunit.org/features/qualifiedTableNames=false, http://www.dbunit.org/properties/tableType=[Ljava.lang.String;@5011bafa, http://www.dbunit.org/properties/resultSetTableFactory=org.dbunit.database.CachedResultSetTableFactory@10bcf083, http://www.dbunit.org/features/datatypeWarning=true}]) - start
193032 [main] TRACE org.dbunit.database.DatabaseConfig  - getFeature(name=http://www.dbunit.org/features/qualifiedTableNames) - start
193032 [main] TRACE org.dbunit.database.DatabaseConfig  - getProperty(name=http://www.dbunit.org/features/qualifiedTableNames) - start
193032 [main] DEBUG org.dbunit.util.QualifiedTableName  - Qualified table names feature is disabled. Returning plain table name
193032 [main] DEBUG org.dbunit.util.QualifiedTableName  - getQualifiedName(prefix=null, name=SCOPEDCONTENTITEM, escapePattern=null) - start
193032 [main] DEBUG org.dbunit.util.QualifiedTableName  - getQualifiedNameIfEnabled(config=org.dbunit.database.DatabaseConfig[, _propertyMap={http://www.dbunit.org/properties/statementFactory=org.dbunit.database.statement.PreparedStatementFactory@626bc2b8, http://www.dbunit.org/features/caseSensitiveTableNames=false, http://www.dbunit.org/properties/fetchSize=100, http://www.dbunit.org/features/batchedStatements=false, http://www.dbunit.org/properties/metadataHandler=org.dbunit.database.DefaultMetadataHandler@3eeace42, http://www.dbunit.org/properties/datatypeFactory=org.dbunit.dataset.datatype.DefaultDataTypeFactory[_toleratedDeltaMap=org.dbunit.dataset.datatype.ToleratedDeltaMap@6452310a], http://www.dbunit.org/properties/escapePattern=null, http://www.dbunit.org/properties/batchSize=100, http://www.dbunit.org/features/qualifiedTableNames=false, http://www.dbunit.org/properties/tableType=[Ljava.lang.String;@5011bafa, http://www.dbunit.org/properties/resultSetTableFactory=org.dbunit.database.CachedResultSetTableFactory@10bcf083, http://www.dbunit.org/features/datatypeWarning=true}]) - start
193032 [main] TRACE org.dbunit.database.DatabaseConfig  - getFeature(name=http://www.dbunit.org/features/qualifiedTableNames) - start
193032 [main] TRACE org.dbunit.database.DatabaseConfig  - getProperty(name=http://www.dbunit.org/features/qualifiedTableNames) - start
193032 [main] DEBUG org.dbunit.util.QualifiedTableName  - Qualified table names feature is disabled. Returning plain table name
193033 [main] DEBUG org.dbunit.util.QualifiedTableName  - getQualifiedName(prefix=null, name=SCOPEDCONTENTCONDITIONS_SCOPEDCONTENTITEM, escapePattern=null) - start
193033 [main] DEBUG org.dbunit.database.search.AbstractMetaDataBasedSearchCallback  - newEdge(rs=org.apache.commons.dbcp.DelegatingResultSet@47653c0c, type=1, from=SCOPEDCONTENTITEM, to=SCOPEDCONTENTCONDITIONS_SCOPEDCONTENTITEM, fkColumn=SCOPED_CONTENT_ITEM_ID, pkColumn=ID) - start
193033 [main] DEBUG org.dbunit.database.search.AbstractMetaDataBasedSearchCallback  - createFKEdge(rs=org.apache.commons.dbcp.DelegatingResultSet@47653c0c, type=1, from=SCOPEDCONTENTITEM, to=SCOPEDCONTENTCONDITIONS_SCOPEDCONTENTITEM, fkColumn=SCOPED_CONTENT_ITEM_ID, pkColumn=ID) - start
193033 [main] DEBUG org.dbunit.database.search.AbstractMetaDataBasedSearchCallback  - Adding edge SCOPEDCONTENTCONDITIONS_SCOPEDCONTENTITEM(SCOPED_CONTENT_ITEM_ID)->SCOPEDCONTENTITEM(ID)
193033 [main] DEBUG org.dbunit.util.search.Edge  - compareTo(o=SCOPEDCONTENTCONDITIONS_SCOPEDCONTENTITEM(SCOPED_CONTENT_ITEM_ID)->SCOPEDCONTENTITEM(ID)) - start
193033 [main] DEBUG org.dbunit.util.QualifiedTableName  - getQualifiedNameIfEnabled(config=org.dbunit.database.DatabaseConfig[, _propertyMap={http://www.dbunit.org/properties/statementFactory=org.dbunit.database.statement.PreparedStatementFactory@626bc2b8, http://www.dbunit.org/features/caseSensitiveTableNames=false, http://www.dbunit.org/properties/fetchSize=100, http://www.dbunit.org/features/batchedStatements=false, http://www.dbunit.org/properties/metadataHandler=org.dbunit.database.DefaultMetadataHandler@3eeace42, http://www.dbunit.org/properties/datatypeFactory=org.dbunit.dataset.datatype.DefaultDataTypeFactory[_toleratedDeltaMap=org.dbunit.dataset.datatype.ToleratedDeltaMap@6452310a], http://www.dbunit.org/properties/escapePattern=null, http://www.dbunit.org/properties/batchSize=100, http://www.dbunit.org/features/qualifiedTableNames=false, http://www.dbunit.org/properties/tableType=[Ljava.lang.String;@5011bafa, http://www.dbunit.org/properties/resultSetTableFactory=org.dbunit.database.CachedResultSetTableFactory@10bcf083, http://www.dbunit.org/features/datatypeWarning=true}]) - start
193033 [main] TRACE org.dbunit.database.DatabaseConfig  - getFeature(name=http://www.dbunit.org/features/qualifiedTableNames) - start
193033 [main] TRACE org.dbunit.database.DatabaseConfig  - getProperty(name=http://www.dbunit.org/features/qualifiedTableNames) - start
193033 [main] DEBUG org.dbunit.util.QualifiedTableName  - Qualified table names feature is disabled. Returning plain table name
193033 [main] DEBUG org.dbunit.util.QualifiedTableName  - getQualifiedName(prefix=null, name=SCOPEDCONTENTITEM, escapePattern=null) - start
193033 [main] DEBUG org.dbunit.util.QualifiedTableName  - getQualifiedNameIfEnabled(config=org.dbunit.database.DatabaseConfig[, _propertyMap={http://www.dbunit.org/properties/statementFactory=org.dbunit.database.statement.PreparedStatementFactory@626bc2b8, http://www.dbunit.org/features/caseSensitiveTableNames=false, http://www.dbunit.org/properties/fetchSize=100, http://www.dbunit.org/features/batchedStatements=false, http://www.dbunit.org/properties/metadataHandler=org.dbunit.database.DefaultMetadataHandler@3eeace42, http://www.dbunit.org/properties/datatypeFactory=org.dbunit.dataset.datatype.DefaultDataTypeFactory[_toleratedDeltaMap=org.dbunit.dataset.datatype.ToleratedDeltaMap@6452310a], http://www.dbunit.org/properties/escapePattern=null, http://www.dbunit.org/properties/batchSize=100, http://www.dbunit.org/features/qualifiedTableNames=false, http://www.dbunit.org/properties/tableType=[Ljava.lang.String;@5011bafa, http://www.dbunit.org/properties/resultSetTableFactory=org.dbunit.database.CachedResultSetTableFactory@10bcf083, http://www.dbunit.org/features/datatypeWarning=true}]) - start
193034 [main] TRACE org.dbunit.database.DatabaseConfig  - getFeature(name=http://www.dbunit.org/features/qualifiedTableNames) - start
193034 [main] TRACE org.dbunit.database.DatabaseConfig  - getProperty(name=http://www.dbunit.org/features/qualifiedTableNames) - start
193034 [main] DEBUG org.dbunit.util.QualifiedTableName  - Qualified table names feature is disabled. Returning plain table name
193034 [main] DEBUG org.dbunit.util.QualifiedTableName  - getQualifiedName(prefix=null, name=SCOPEDCONTENT_SCOPEDCONTENTITEM, escapePattern=null) - start
193034 [main] DEBUG org.dbunit.database.search.AbstractMetaDataBasedSearchCallback  - newEdge(rs=org.apache.commons.dbcp.DelegatingResultSet@47653c0c, type=1, from=SCOPEDCONTENTITEM, to=SCOPEDCONTENT_SCOPEDCONTENTITEM, fkColumn=SCOPED_CONTENT_ID, pkColumn=ID) - start
193034 [main] DEBUG org.dbunit.database.search.AbstractMetaDataBasedSearchCallback  - createFKEdge(rs=org.apache.commons.dbcp.DelegatingResultSet@47653c0c, type=1, from=SCOPEDCONTENTITEM, to=SCOPEDCONTENT_SCOPEDCONTENTITEM, fkColumn=SCOPED_CONTENT_ID, pkColumn=ID) - start
193034 [main] DEBUG org.dbunit.database.search.AbstractMetaDataBasedSearchCallback  - Adding edge SCOPEDCONTENT_SCOPEDCONTENTITEM(SCOPED_CONTENT_ID)->SCOPEDCONTENTITEM(ID)
193034 [main] DEBUG org.dbunit.util.search.Edge  - compareTo(o=SCOPEDCONTENTCONDITIONS_SCOPEDCONTENTITEM(SCOPED_CONTENT_ITEM_ID)->SCOPEDCONTENTITEM(ID)) - start
193034 [main] DEBUG org.dbunit.util.SQLHelper  - close(resultSet=org.apache.commons.dbcp.DelegatingResultSet@47653c0c) - start
193034 [main] DEBUG org.dbunit.util.search.DepthFirstSearch  - reverseSearch:SCOPEDCONTENTCONDITIONS_SCOPEDCONTENTITEM
193034 [main] DEBUG org.dbunit.database.search.ExportedKeysSearchCallback  - searchNode(node=SCOPEDCONTENTCONDITIONS_SCOPEDCONTENTITEM) - start
193034 [main] DEBUG org.dbunit.util.search.DepthFirstSearch  - Pushing (reverse) SCOPEDCONTENTCONDITIONS_SCOPEDCONTENTITEM
193035 [main] DEBUG org.dbunit.database.search.ExportedKeysSearchCallback  - getEdges(node=SCOPEDCONTENTCONDITIONS_SCOPEDCONTENTITEM) - start
193035 [main] DEBUG org.dbunit.database.search.AbstractMetaDataBasedSearchCallback  - getNodesFromExportedKeys(node=SCOPEDCONTENTCONDITIONS_SCOPEDCONTENTITEM) - start
193035 [main] DEBUG org.dbunit.database.search.AbstractMetaDataBasedSearchCallback  - getNodes(type=1, node=SCOPEDCONTENTCONDITIONS_SCOPEDCONTENTITEM) - start
193035 [main] DEBUG org.dbunit.database.DatabaseDataSourceConnection  - getConnection() - start
193035 [main] DEBUG org.dbunit.database.search.AbstractMetaDataBasedSearchCallback  - getNodes(type=1, node=SCOPEDCONTENTCONDITIONS_SCOPEDCONTENTITEM, conn=Transaction-aware proxy for target Connection [jdbc:hsqldb:mem:kontrollDS, UserName=sw, HSQL Database Engine Driver], schema=null, metaData=org.apache.commons.dbcp.DelegatingDatabaseMetaData@47495c72, edges=[]) - start
193035 [main] DEBUG org.dbunit.database.search.AbstractMetaDataBasedSearchCallback  - Getting edges for node SCOPEDCONTENTCONDITIONS_SCOPEDCONTENTITEM
193035 [main] TRACE org.dbunit.database.DatabaseConfig  - getProperty(name=http://www.dbunit.org/properties/metadataHandler) - start
193035 [main] TRACE org.dbunit.database.DefaultMetadataHandler  - tableExists(metaData=org.apache.commons.dbcp.DelegatingDatabaseMetaData@47495c72, schemaName=null, tableName=SCOPEDCONTENTCONDITIONS_SCOPEDCONTENTITEM) - start
193036 [main] DEBUG org.dbunit.util.SQLHelper  - close(resultSet=org.apache.commons.dbcp.DelegatingResultSet@2bae565a) - start
193037 [main] DEBUG org.dbunit.util.SQLHelper  - close(resultSet=org.apache.commons.dbcp.DelegatingResultSet@73aa951a) - start
193037 [main] DEBUG org.dbunit.util.search.DepthFirstSearch  - reverseSearch:SCOPEDCONTENT_SCOPEDCONTENTITEM
193037 [main] DEBUG org.dbunit.database.search.ExportedKeysSearchCallback  - searchNode(node=SCOPEDCONTENT_SCOPEDCONTENTITEM) - start
193037 [main] DEBUG org.dbunit.util.search.DepthFirstSearch  - Pushing (reverse) SCOPEDCONTENT_SCOPEDCONTENTITEM
193037 [main] DEBUG org.dbunit.util.search.DepthFirstSearch  - search:SCOPEDCONTENTCONDITIONS_SCOPEDCONTENTITEM
193037 [main] DEBUG org.dbunit.database.search.ExportedKeysSearchCallback  - searchNode(node=SCOPEDCONTENTCONDITIONS_SCOPEDCONTENTITEM) - start
193037 [main] DEBUG org.dbunit.util.search.DepthFirstSearch  - Pushing SCOPEDCONTENTCONDITIONS_SCOPEDCONTENTITEM
193037 [main] DEBUG org.dbunit.database.search.ExportedKeysSearchCallback  - getEdges(node=SCOPEDCONTENTCONDITIONS_SCOPEDCONTENTITEM) - start
193037 [main] DEBUG org.dbunit.database.search.AbstractMetaDataBasedSearchCallback  - getNodesFromExportedKeys(node=SCOPEDCONTENTCONDITIONS_SCOPEDCONTENTITEM) - start
193037 [main] DEBUG org.dbunit.database.search.AbstractMetaDataBasedSearchCallback  - getNodes(type=1, node=SCOPEDCONTENTCONDITIONS_SCOPEDCONTENTITEM) - start
193037 [main] DEBUG org.dbunit.database.DatabaseDataSourceConnection  - getConnection() - start
193038 [main] DEBUG org.dbunit.database.search.AbstractMetaDataBasedSearchCallback  - getNodes(type=1, node=SCOPEDCONTENTCONDITIONS_SCOPEDCONTENTITEM, conn=Transaction-aware proxy for target Connection [jdbc:hsqldb:mem:kontrollDS, UserName=sw, HSQL Database Engine Driver], schema=null, metaData=org.apache.commons.dbcp.DelegatingDatabaseMetaData@44231949, edges=[]) - start
193038 [main] DEBUG org.dbunit.database.search.AbstractMetaDataBasedSearchCallback  - Getting edges for node SCOPEDCONTENTCONDITIONS_SCOPEDCONTENTITEM
193038 [main] TRACE org.dbunit.database.DatabaseConfig  - getProperty(name=http://www.dbunit.org/properties/metadataHandler) - start
193038 [main] TRACE org.dbunit.database.DefaultMetadataHandler  - tableExists(metaData=org.apache.commons.dbcp.DelegatingDatabaseMetaData@44231949, schemaName=null, tableName=SCOPEDCONTENTCONDITIONS_SCOPEDCONTENTITEM) - start
193039 [main] DEBUG org.dbunit.util.SQLHelper  - close(resultSet=org.apache.commons.dbcp.DelegatingResultSet@54c1c4f0) - start
193039 [main] DEBUG org.dbunit.util.SQLHelper  - close(resultSet=org.apache.commons.dbcp.DelegatingResultSet@5cced98a) - start
193039 [main] DEBUG org.dbunit.util.search.DepthFirstSearch  - Adding node SCOPEDCONTENTCONDITIONS_SCOPEDCONTENTITEM to the final result
193039 [main] DEBUG org.dbunit.util.search.DepthFirstSearch  - search:SCOPEDCONTENT_SCOPEDCONTENTITEM
193040 [main] DEBUG org.dbunit.database.search.ExportedKeysSearchCallback  - searchNode(node=SCOPEDCONTENT_SCOPEDCONTENTITEM) - start
193040 [main] DEBUG org.dbunit.util.search.DepthFirstSearch  - Pushing SCOPEDCONTENT_SCOPEDCONTENTITEM
193040 [main] DEBUG org.dbunit.database.search.ExportedKeysSearchCallback  - getEdges(node=SCOPEDCONTENT_SCOPEDCONTENTITEM) - start
193040 [main] DEBUG org.dbunit.database.search.AbstractMetaDataBasedSearchCallback  - getNodesFromExportedKeys(node=SCOPEDCONTENT_SCOPEDCONTENTITEM) - start
193040 [main] DEBUG org.dbunit.database.search.AbstractMetaDataBasedSearchCallback  - getNodes(type=1, node=SCOPEDCONTENT_SCOPEDCONTENTITEM) - start
193040 [main] DEBUG org.dbunit.database.DatabaseDataSourceConnection  - getConnection() - start
193040 [main] DEBUG org.dbunit.database.search.AbstractMetaDataBasedSearchCallback  - getNodes(type=1, node=SCOPEDCONTENT_SCOPEDCONTENTITEM, conn=Transaction-aware proxy for target Connection [jdbc:hsqldb:mem:kontrollDS, UserName=sw, HSQL Database Engine Driver], schema=null, metaData=org.apache.commons.dbcp.DelegatingDatabaseMetaData@102c22a0, edges=[]) - start
193040 [main] DEBUG org.dbunit.database.search.AbstractMetaDataBasedSearchCallback  - Getting edges for node SCOPEDCONTENT_SCOPEDCONTENTITEM
193040 [main] TRACE org.dbunit.database.DatabaseConfig  - getProperty(name=http://www.dbunit.org/properties/metadataHandler) - start
193040 [main] TRACE org.dbunit.database.DefaultMetadataHandler  - tableExists(metaData=org.apache.commons.dbcp.DelegatingDatabaseMetaData@102c22a0, schemaName=null, tableName=SCOPEDCONTENT_SCOPEDCONTENTITEM) - start
193041 [main] DEBUG org.dbunit.util.SQLHelper  - close(resultSet=org.apache.commons.dbcp.DelegatingResultSet@2d456e30) - start
193042 [main] DEBUG org.dbunit.util.SQLHelper  - close(resultSet=org.apache.commons.dbcp.DelegatingResultSet@7b680de2) - start
193042 [main] DEBUG org.dbunit.util.search.DepthFirstSearch  - Adding node SCOPEDCONTENT_SCOPEDCONTENTITEM to the final result
193042 [main] DEBUG org.dbunit.util.search.DepthFirstSearch  - search:SCOPEDCONTENTITEM
193042 [main] DEBUG org.dbunit.database.search.ExportedKeysSearchCallback  - searchNode(node=SCOPEDCONTENTITEM) - start
193042 [main] DEBUG org.dbunit.util.search.DepthFirstSearch  - Pushing SCOPEDCONTENTITEM
193042 [main] DEBUG org.dbunit.database.search.ExportedKeysSearchCallback  - getEdges(node=SCOPEDCONTENTITEM) - start
193042 [main] DEBUG org.dbunit.database.search.AbstractMetaDataBasedSearchCallback  - getNodesFromExportedKeys(node=SCOPEDCONTENTITEM) - start
193042 [main] DEBUG org.dbunit.database.search.AbstractMetaDataBasedSearchCallback  - getNodes(type=1, node=SCOPEDCONTENTITEM) - start
193042 [main] DEBUG org.dbunit.database.DatabaseDataSourceConnection  - getConnection() - start
193042 [main] DEBUG org.dbunit.database.search.AbstractMetaDataBasedSearchCallback  - getNodes(type=1, node=SCOPEDCONTENTITEM, conn=Transaction-aware proxy for target Connection [jdbc:hsqldb:mem:kontrollDS, UserName=sw, HSQL Database Engine Driver], schema=null, metaData=org.apache.commons.dbcp.DelegatingDatabaseMetaData@6c67afb9, edges=[]) - start
193042 [main] DEBUG org.dbunit.database.search.AbstractMetaDataBasedSearchCallback  - Getting edges for node SCOPEDCONTENTITEM
193043 [main] TRACE org.dbunit.database.DatabaseConfig  - getProperty(name=http://www.dbunit.org/properties/metadataHandler) - start
193043 [main] TRACE org.dbunit.database.DefaultMetadataHandler  - tableExists(metaData=org.apache.commons.dbcp.DelegatingDatabaseMetaData@6c67afb9, schemaName=null, tableName=SCOPEDCONTENTITEM) - start
193044 [main] DEBUG org.dbunit.util.SQLHelper  - close(resultSet=org.apache.commons.dbcp.DelegatingResultSet@e54bc65) - start
193044 [main] DEBUG org.dbunit.util.QualifiedTableName  - getQualifiedNameIfEnabled(config=org.dbunit.database.DatabaseConfig[, _propertyMap={http://www.dbunit.org/properties/statementFactory=org.dbunit.database.statement.PreparedStatementFactory@626bc2b8, http://www.dbunit.org/features/caseSensitiveTableNames=false, http://www.dbunit.org/properties/fetchSize=100, http://www.dbunit.org/features/batchedStatements=false, http://www.dbunit.org/properties/metadataHandler=org.dbunit.database.DefaultMetadataHandler@3eeace42, http://www.dbunit.org/properties/datatypeFactory=org.dbunit.dataset.datatype.DefaultDataTypeFactory[_toleratedDeltaMap=org.dbunit.dataset.datatype.ToleratedDeltaMap@6452310a], http://www.dbunit.org/properties/escapePattern=null, http://www.dbunit.org/properties/batchSize=100, http://www.dbunit.org/features/qualifiedTableNames=false, http://www.dbunit.org/properties/tableType=[Ljava.lang.String;@5011bafa, http://www.dbunit.org/properties/resultSetTableFactory=org.dbunit.database.CachedResultSetTableFactory@10bcf083, http://www.dbunit.org/features/datatypeWarning=true}]) - start
193044 [main] TRACE org.dbunit.database.DatabaseConfig  - getFeature(name=http://www.dbunit.org/features/qualifiedTableNames) - start
193044 [main] TRACE org.dbunit.database.DatabaseConfig  - getProperty(name=http://www.dbunit.org/features/qualifiedTableNames) - start
193044 [main] DEBUG org.dbunit.util.QualifiedTableName  - Qualified table names feature is disabled. Returning plain table name
193044 [main] DEBUG org.dbunit.util.QualifiedTableName  - getQualifiedName(prefix=null, name=SCOPEDCONTENTITEM, escapePattern=null) - start
193044 [main] DEBUG org.dbunit.util.QualifiedTableName  - getQualifiedNameIfEnabled(config=org.dbunit.database.DatabaseConfig[, _propertyMap={http://www.dbunit.org/properties/statementFactory=org.dbunit.database.statement.PreparedStatementFactory@626bc2b8, http://www.dbunit.org/features/caseSensitiveTableNames=false, http://www.dbunit.org/properties/fetchSize=100, http://www.dbunit.org/features/batchedStatements=false, http://www.dbunit.org/properties/metadataHandler=org.dbunit.database.DefaultMetadataHandler@3eeace42, http://www.dbunit.org/properties/datatypeFactory=org.dbunit.dataset.datatype.DefaultDataTypeFactory[_toleratedDeltaMap=org.dbunit.dataset.datatype.ToleratedDeltaMap@6452310a], http://www.dbunit.org/properties/escapePattern=null, http://www.dbunit.org/properties/batchSize=100, http://www.dbunit.org/features/qualifiedTableNames=false, http://www.dbunit.org/properties/tableType=[Ljava.lang.String;@5011bafa, http://www.dbunit.org/properties/resultSetTableFactory=org.dbunit.database.CachedResultSetTableFactory@10bcf083, http://www.dbunit.org/features/datatypeWarning=true}]) - start
193044 [main] TRACE org.dbunit.database.DatabaseConfig  - getFeature(name=http://www.dbunit.org/features/qualifiedTableNames) - start
193045 [main] TRACE org.dbunit.database.DatabaseConfig  - getProperty(name=http://www.dbunit.org/features/qualifiedTableNames) - start
193045 [main] DEBUG org.dbunit.util.QualifiedTableName  - Qualified table names feature is disabled. Returning plain table name
193045 [main] DEBUG org.dbunit.util.QualifiedTableName  - getQualifiedName(prefix=null, name=SCOPEDCONTENTCONDITIONS_SCOPEDCONTENTITEM, escapePattern=null) - start
193045 [main] DEBUG org.dbunit.database.search.AbstractMetaDataBasedSearchCallback  - newEdge(rs=org.apache.commons.dbcp.DelegatingResultSet@7ec4d0e5, type=1, from=SCOPEDCONTENTITEM, to=SCOPEDCONTENTCONDITIONS_SCOPEDCONTENTITEM, fkColumn=SCOPED_CONTENT_ITEM_ID, pkColumn=ID) - start
193045 [main] DEBUG org.dbunit.database.search.AbstractMetaDataBasedSearchCallback  - createFKEdge(rs=org.apache.commons.dbcp.DelegatingResultSet@7ec4d0e5, type=1, from=SCOPEDCONTENTITEM, to=SCOPEDCONTENTCONDITIONS_SCOPEDCONTENTITEM, fkColumn=SCOPED_CONTENT_ITEM_ID, pkColumn=ID) - start
193045 [main] DEBUG org.dbunit.database.search.AbstractMetaDataBasedSearchCallback  - Adding edge SCOPEDCONTENTCONDITIONS_SCOPEDCONTENTITEM(SCOPED_CONTENT_ITEM_ID)->SCOPEDCONTENTITEM(ID)
193045 [main] DEBUG org.dbunit.util.search.Edge  - compareTo(o=SCOPEDCONTENTCONDITIONS_SCOPEDCONTENTITEM(SCOPED_CONTENT_ITEM_ID)->SCOPEDCONTENTITEM(ID)) - start
193045 [main] DEBUG org.dbunit.util.QualifiedTableName  - getQualifiedNameIfEnabled(config=org.dbunit.database.DatabaseConfig[, _propertyMap={http://www.dbunit.org/properties/statementFactory=org.dbunit.database.statement.PreparedStatementFactory@626bc2b8, http://www.dbunit.org/features/caseSensitiveTableNames=false, http://www.dbunit.org/properties/fetchSize=100, http://www.dbunit.org/features/batchedStatements=false, http://www.dbunit.org/properties/metadataHandler=org.dbunit.database.DefaultMetadataHandler@3eeace42, http://www.dbunit.org/properties/datatypeFactory=org.dbunit.dataset.datatype.DefaultDataTypeFactory[_toleratedDeltaMap=org.dbunit.dataset.datatype.ToleratedDeltaMap@6452310a], http://www.dbunit.org/properties/escapePattern=null, http://www.dbunit.org/properties/batchSize=100, http://www.dbunit.org/features/qualifiedTableNames=false, http://www.dbunit.org/properties/tableType=[Ljava.lang.String;@5011bafa, http://www.dbunit.org/properties/resultSetTableFactory=org.dbunit.database.CachedResultSetTableFactory@10bcf083, http://www.dbunit.org/features/datatypeWarning=true}]) - start
193045 [main] TRACE org.dbunit.database.DatabaseConfig  - getFeature(name=http://www.dbunit.org/features/qualifiedTableNames) - start
193045 [main] TRACE org.dbunit.database.DatabaseConfig  - getProperty(name=http://www.dbunit.org/features/qualifiedTableNames) - start
193045 [main] DEBUG org.dbunit.util.QualifiedTableName  - Qualified table names feature is disabled. Returning plain table name
193046 [main] DEBUG org.dbunit.util.QualifiedTableName  - getQualifiedName(prefix=null, name=SCOPEDCONTENTITEM, escapePattern=null) - start
193046 [main] DEBUG org.dbunit.util.QualifiedTableName  - getQualifiedNameIfEnabled(config=org.dbunit.database.DatabaseConfig[, _propertyMap={http://www.dbunit.org/properties/statementFactory=org.dbunit.database.statement.PreparedStatementFactory@626bc2b8, http://www.dbunit.org/features/caseSensitiveTableNames=false, http://www.dbunit.org/properties/fetchSize=100, http://www.dbunit.org/features/batchedStatements=false, http://www.dbunit.org/properties/metadataHandler=org.dbunit.database.DefaultMetadataHandler@3eeace42, http://www.dbunit.org/properties/datatypeFactory=org.dbunit.dataset.datatype.DefaultDataTypeFactory[_toleratedDeltaMap=org.dbunit.dataset.datatype.ToleratedDeltaMap@6452310a], http://www.dbunit.org/properties/escapePattern=null, http://www.dbunit.org/properties/batchSize=100, http://www.dbunit.org/features/qualifiedTableNames=false, http://www.dbunit.org/properties/tableType=[Ljava.lang.String;@5011bafa, http://www.dbunit.org/properties/resultSetTableFactory=org.dbunit.database.CachedResultSetTableFactory@10bcf083, http://www.dbunit.org/features/datatypeWarning=true}]) - start
193046 [main] TRACE org.dbunit.database.DatabaseConfig  - getFeature(name=http://www.dbunit.org/features/qualifiedTableNames) - start
193046 [main] TRACE org.dbunit.database.DatabaseConfig  - getProperty(name=http://www.dbunit.org/features/qualifiedTableNames) - start
193046 [main] DEBUG org.dbunit.util.QualifiedTableName  - Qualified table names feature is disabled. Returning plain table name
193046 [main] DEBUG org.dbunit.util.QualifiedTableName  - getQualifiedName(prefix=null, name=SCOPEDCONTENT_SCOPEDCONTENTITEM, escapePattern=null) - start
193046 [main] DEBUG org.dbunit.database.search.AbstractMetaDataBasedSearchCallback  - newEdge(rs=org.apache.commons.dbcp.DelegatingResultSet@7ec4d0e5, type=1, from=SCOPEDCONTENTITEM, to=SCOPEDCONTENT_SCOPEDCONTENTITEM, fkColumn=SCOPED_CONTENT_ID, pkColumn=ID) - start
193046 [main] DEBUG org.dbunit.database.search.AbstractMetaDataBasedSearchCallback  - createFKEdge(rs=org.apache.commons.dbcp.DelegatingResultSet@7ec4d0e5, type=1, from=SCOPEDCONTENTITEM, to=SCOPEDCONTENT_SCOPEDCONTENTITEM, fkColumn=SCOPED_CONTENT_ID, pkColumn=ID) - start
193046 [main] DEBUG org.dbunit.database.search.AbstractMetaDataBasedSearchCallback  - Adding edge SCOPEDCONTENT_SCOPEDCONTENTITEM(SCOPED_CONTENT_ID)->SCOPEDCONTENTITEM(ID)
193046 [main] DEBUG org.dbunit.util.search.Edge  - compareTo(o=SCOPEDCONTENTCONDITIONS_SCOPEDCONTENTITEM(SCOPED_CONTENT_ITEM_ID)->SCOPEDCONTENTITEM(ID)) - start
193046 [main] DEBUG org.dbunit.util.SQLHelper  - close(resultSet=org.apache.commons.dbcp.DelegatingResultSet@7ec4d0e5) - start
193047 [main] DEBUG org.dbunit.util.search.DepthFirstSearch  - search:SCOPEDCONTENTITEM
193047 [main] DEBUG org.dbunit.util.search.DepthFirstSearch  - already searched; returning true
193047 [main] DEBUG org.dbunit.util.search.DepthFirstSearch  - search:SCOPEDCONTENTITEM
193047 [main] DEBUG org.dbunit.util.search.DepthFirstSearch  - already searched; returning true
193047 [main] DEBUG org.dbunit.util.search.DepthFirstSearch  - Adding node SCOPEDCONTENTITEM to the final result
193047 [main] DEBUG org.dbunit.database.search.TablesDependencyHelper  - getDirectDependentTables(connection=_databaseConfig=org.dbunit.database.DatabaseConfig[, _propertyMap={http://www.dbunit.org/properties/statementFactory=org.dbunit.database.statement.PreparedStatementFactory@626bc2b8, http://www.dbunit.org/features/caseSensitiveTableNames=false, http://www.dbunit.org/properties/fetchSize=100, http://www.dbunit.org/features/batchedStatements=false, http://www.dbunit.org/properties/metadataHandler=org.dbunit.database.DefaultMetadataHandler@3eeace42, http://www.dbunit.org/properties/datatypeFactory=org.dbunit.dataset.datatype.DefaultDataTypeFactory[_toleratedDeltaMap=org.dbunit.dataset.datatype.ToleratedDeltaMap@6452310a], http://www.dbunit.org/properties/escapePattern=null, http://www.dbunit.org/properties/batchSize=100, http://www.dbunit.org/features/qualifiedTableNames=false, http://www.dbunit.org/properties/tableType=[Ljava.lang.String;@5011bafa, http://www.dbunit.org/properties/resultSetTableFactory=org.dbunit.database.CachedResultSetTableFactory@10bcf083, http://www.dbunit.org/features/datatypeWarning=true}], _dataSet=AbstractDataSet[_orderedTableNameMap=null], tableName=SCOPEDCONTENTITEM) - start
193047 [main] DEBUG org.dbunit.util.search.DepthFirstSearch  - search(nodesFrom=[SCOPEDCONTENTITEM], callback=org.dbunit.database.search.ImportedKeysSearchCallback@6eb74f1e) - start
193047 [main] DEBUG org.dbunit.util.CollectionsHelper  - objectsToSet(objects=SCOPEDCONTENTITEM) - start
193047 [main] DEBUG org.dbunit.util.search.DepthFirstSearch  - search(nodesFrom=[SCOPEDCONTENTITEM], callback=org.dbunit.database.search.ImportedKeysSearchCallback@6eb74f1e) - start
193047 [main] DEBUG org.dbunit.util.search.DepthFirstSearch  - reverseSearch:SCOPEDCONTENTITEM
193047 [main] DEBUG org.dbunit.database.search.ImportedKeysSearchCallback  - searchNode(node=SCOPEDCONTENTITEM) - start
193048 [main] DEBUG org.dbunit.util.search.DepthFirstSearch  - Pushing (reverse) SCOPEDCONTENTITEM
193048 [main] DEBUG org.dbunit.database.search.ImportedKeysSearchCallback  - getEdges(node=SCOPEDCONTENTITEM) - start
193048 [main] DEBUG org.dbunit.database.search.AbstractMetaDataBasedSearchCallback  - getNodesFromImportedKeys(node=SCOPEDCONTENTITEM) - start
193048 [main] DEBUG org.dbunit.database.search.AbstractMetaDataBasedSearchCallback  - getNodes(type=0, node=SCOPEDCONTENTITEM) - start
193048 [main] DEBUG org.dbunit.database.DatabaseDataSourceConnection  - getConnection() - start
193048 [main] DEBUG org.dbunit.database.search.AbstractMetaDataBasedSearchCallback  - getNodes(type=0, node=SCOPEDCONTENTITEM, conn=Transaction-aware proxy for target Connection [jdbc:hsqldb:mem:kontrollDS, UserName=sw, HSQL Database Engine Driver], schema=null, metaData=org.apache.commons.dbcp.DelegatingDatabaseMetaData@44ab735b, edges=[]) - start
193048 [main] DEBUG org.dbunit.database.search.AbstractMetaDataBasedSearchCallback  - Getting edges for node SCOPEDCONTENTITEM
193048 [main] TRACE org.dbunit.database.DatabaseConfig  - getProperty(name=http://www.dbunit.org/properties/metadataHandler) - start
193048 [main] TRACE org.dbunit.database.DefaultMetadataHandler  - tableExists(metaData=org.apache.commons.dbcp.DelegatingDatabaseMetaData@44ab735b, schemaName=null, tableName=SCOPEDCONTENTITEM) - start
193049 [main] DEBUG org.dbunit.util.SQLHelper  - close(resultSet=org.apache.commons.dbcp.DelegatingResultSet@24a4935a) - start
193050 [main] DEBUG org.dbunit.util.SQLHelper  - close(resultSet=org.apache.commons.dbcp.DelegatingResultSet@1a5f022b) - start
193050 [main] DEBUG org.dbunit.util.search.DepthFirstSearch  - search:SCOPEDCONTENTITEM
193050 [main] DEBUG org.dbunit.database.search.ImportedKeysSearchCallback  - searchNode(node=SCOPEDCONTENTITEM) - start
193050 [main] DEBUG org.dbunit.util.search.DepthFirstSearch  - Pushing SCOPEDCONTENTITEM
193050 [main] DEBUG org.dbunit.database.search.ImportedKeysSearchCallback  - getEdges(node=SCOPEDCONTENTITEM) - start
193050 [main] DEBUG org.dbunit.database.search.AbstractMetaDataBasedSearchCallback  - getNodesFromImportedKeys(node=SCOPEDCONTENTITEM) - start
193050 [main] DEBUG org.dbunit.database.search.AbstractMetaDataBasedSearchCallback  - getNodes(type=0, node=SCOPEDCONTENTITEM) - start
193050 [main] DEBUG org.dbunit.database.DatabaseDataSourceConnection  - getConnection() - start
193050 [main] DEBUG org.dbunit.database.search.AbstractMetaDataBasedSearchCallback  - getNodes(type=0, node=SCOPEDCONTENTITEM, conn=Transaction-aware proxy for target Connection [jdbc:hsqldb:mem:kontrollDS, UserName=sw, HSQL Database Engine Driver], schema=null, metaData=org.apache.commons.dbcp.DelegatingDatabaseMetaData@53876293, edges=[]) - start
193050 [main] DEBUG org.dbunit.database.search.AbstractMetaDataBasedSearchCallback  - Getting edges for node SCOPEDCONTENTITEM
193050 [main] TRACE org.dbunit.database.DatabaseConfig  - getProperty(name=http://www.dbunit.org/properties/metadataHandler) - start
193051 [main] TRACE org.dbunit.database.DefaultMetadataHandler  - tableExists(metaData=org.apache.commons.dbcp.DelegatingDatabaseMetaData@53876293, schemaName=null, tableName=SCOPEDCONTENTITEM) - start
193052 [main] DEBUG org.dbunit.util.SQLHelper  - close(resultSet=org.apache.commons.dbcp.DelegatingResultSet@70a7d384) - start
193052 [main] DEBUG org.dbunit.util.SQLHelper  - close(resultSet=org.apache.commons.dbcp.DelegatingResultSet@33138e2a) - start
193052 [main] DEBUG org.dbunit.util.search.DepthFirstSearch  - Adding node SCOPEDCONTENTITEM to the final result
193052 [main] DEBUG org.dbunit.database.DatabaseSequenceFilter  - getDependencyInfo(connection=_databaseConfig=org.dbunit.database.DatabaseConfig[, _propertyMap={http://www.dbunit.org/properties/statementFactory=org.dbunit.database.statement.PreparedStatementFactory@626bc2b8, http://www.dbunit.org/features/caseSensitiveTableNames=false, http://www.dbunit.org/properties/fetchSize=100, http://www.dbunit.org/features/batchedStatements=false, http://www.dbunit.org/properties/metadataHandler=org.dbunit.database.DefaultMetadataHandler@3eeace42, http://www.dbunit.org/properties/datatypeFactory=org.dbunit.dataset.datatype.DefaultDataTypeFactory[_toleratedDeltaMap=org.dbunit.dataset.datatype.ToleratedDeltaMap@6452310a], http://www.dbunit.org/properties/escapePattern=null, http://www.dbunit.org/properties/batchSize=100, http://www.dbunit.org/features/qualifiedTableNames=false, http://www.dbunit.org/properties/tableType=[Ljava.lang.String;@5011bafa, http://www.dbunit.org/properties/resultSetTableFactory=org.dbunit.database.CachedResultSetTableFactory@10bcf083, http://www.dbunit.org/features/datatypeWarning=true}], _dataSet=AbstractDataSet[_orderedTableNameMap=null], tableName=SCOPEDCONTENT_SCOPEDCONTENTITEM) - start
193052 [main] DEBUG org.dbunit.database.search.TablesDependencyHelper  - getDependentTables(connection=_databaseConfig=org.dbunit.database.DatabaseConfig[, _propertyMap={http://www.dbunit.org/properties/statementFactory=org.dbunit.database.statement.PreparedStatementFactory@626bc2b8, http://www.dbunit.org/features/caseSensitiveTableNames=false, http://www.dbunit.org/properties/fetchSize=100, http://www.dbunit.org/features/batchedStatements=false, http://www.dbunit.org/properties/metadataHandler=org.dbunit.database.DefaultMetadataHandler@3eeace42, http://www.dbunit.org/properties/datatypeFactory=org.dbunit.dataset.datatype.DefaultDataTypeFactory[_toleratedDeltaMap=org.dbunit.dataset.datatype.ToleratedDeltaMap@6452310a], http://www.dbunit.org/properties/escapePattern=null, http://www.dbunit.org/properties/batchSize=100, http://www.dbunit.org/features/qualifiedTableNames=false, http://www.dbunit.org/properties/tableType=[Ljava.lang.String;@5011bafa, http://www.dbunit.org/properties/resultSetTableFactory=org.dbunit.database.CachedResultSetTableFactory@10bcf083, http://www.dbunit.org/features/datatypeWarning=true}], _dataSet=AbstractDataSet[_orderedTableNameMap=null], rootTable=SCOPEDCONTENT_SCOPEDCONTENTITEM) - start
193052 [main] DEBUG org.dbunit.database.search.TablesDependencyHelper  - getDependentTables(connection=_databaseConfig=org.dbunit.database.DatabaseConfig[, _propertyMap={http://www.dbunit.org/properties/statementFactory=org.dbunit.database.statement.PreparedStatementFactory@626bc2b8, http://www.dbunit.org/features/caseSensitiveTableNames=false, http://www.dbunit.org/properties/fetchSize=100, http://www.dbunit.org/features/batchedStatements=false, http://www.dbunit.org/properties/metadataHandler=org.dbunit.database.DefaultMetadataHandler@3eeace42, http://www.dbunit.org/properties/datatypeFactory=org.dbunit.dataset.datatype.DefaultDataTypeFactory[_toleratedDeltaMap=org.dbunit.dataset.datatype.ToleratedDeltaMap@6452310a], http://www.dbunit.org/properties/escapePattern=null, http://www.dbunit.org/properties/batchSize=100, http://www.dbunit.org/features/qualifiedTableNames=false, http://www.dbunit.org/properties/tableType=[Ljava.lang.String;@5011bafa, http://www.dbunit.org/properties/resultSetTableFactory=org.dbunit.database.CachedResultSetTableFactory@10bcf083, http://www.dbunit.org/features/datatypeWarning=true}], _dataSet=AbstractDataSet[_orderedTableNameMap=null], rootTables=[SCOPEDCONTENT_SCOPEDCONTENTITEM]) - start
193053 [main] DEBUG org.dbunit.util.search.DepthFirstSearch  - search(nodesFrom=[SCOPEDCONTENT_SCOPEDCONTENTITEM], callback=org.dbunit.database.search.ImportedKeysSearchCallback@1724786) - start
193053 [main] DEBUG org.dbunit.util.CollectionsHelper  - objectsToSet(objects=SCOPEDCONTENT_SCOPEDCONTENTITEM) - start
193053 [main] DEBUG org.dbunit.util.search.DepthFirstSearch  - search(nodesFrom=[SCOPEDCONTENT_SCOPEDCONTENTITEM], callback=org.dbunit.database.search.ImportedKeysSearchCallback@1724786) - start
193053 [main] DEBUG org.dbunit.util.search.DepthFirstSearch  - reverseSearch:SCOPEDCONTENT_SCOPEDCONTENTITEM
193053 [main] DEBUG org.dbunit.database.search.ImportedKeysSearchCallback  - searchNode(node=SCOPEDCONTENT_SCOPEDCONTENTITEM) - start
193053 [main] DEBUG org.dbunit.util.search.DepthFirstSearch  - Pushing (reverse) SCOPEDCONTENT_SCOPEDCONTENTITEM
193053 [main] DEBUG org.dbunit.database.search.ImportedKeysSearchCallback  - getEdges(node=SCOPEDCONTENT_SCOPEDCONTENTITEM) - start
193053 [main] DEBUG org.dbunit.database.search.AbstractMetaDataBasedSearchCallback  - getNodesFromImportedKeys(node=SCOPEDCONTENT_SCOPEDCONTENTITEM) - start
193053 [main] DEBUG org.dbunit.database.search.AbstractMetaDataBasedSearchCallback  - getNodes(type=0, node=SCOPEDCONTENT_SCOPEDCONTENTITEM) - start
193053 [main] DEBUG org.dbunit.database.DatabaseDataSourceConnection  - getConnection() - start
193053 [main] DEBUG org.dbunit.database.search.AbstractMetaDataBasedSearchCallback  - getNodes(type=0, node=SCOPEDCONTENT_SCOPEDCONTENTITEM, conn=Transaction-aware proxy for target Connection [jdbc:hsqldb:mem:kontrollDS, UserName=sw, HSQL Database Engine Driver], schema=null, metaData=org.apache.commons.dbcp.DelegatingDatabaseMetaData@75b5af27, edges=[]) - start
193054 [main] DEBUG org.dbunit.database.search.AbstractMetaDataBasedSearchCallback  - Getting edges for node SCOPEDCONTENT_SCOPEDCONTENTITEM
193054 [main] TRACE org.dbunit.database.DatabaseConfig  - getProperty(name=http://www.dbunit.org/properties/metadataHandler) - start
193054 [main] TRACE org.dbunit.database.DefaultMetadataHandler  - tableExists(metaData=org.apache.commons.dbcp.DelegatingDatabaseMetaData@75b5af27, schemaName=null, tableName=SCOPEDCONTENT_SCOPEDCONTENTITEM) - start
193055 [main] DEBUG org.dbunit.util.SQLHelper  - close(resultSet=org.apache.commons.dbcp.DelegatingResultSet@63ce7190) - start
193056 [main] DEBUG org.dbunit.util.QualifiedTableName  - getQualifiedNameIfEnabled(config=org.dbunit.database.DatabaseConfig[, _propertyMap={http://www.dbunit.org/properties/statementFactory=org.dbunit.database.statement.PreparedStatementFactory@626bc2b8, http://www.dbunit.org/features/caseSensitiveTableNames=false, http://www.dbunit.org/properties/fetchSize=100, http://www.dbunit.org/features/batchedStatements=false, http://www.dbunit.org/properties/metadataHandler=org.dbunit.database.DefaultMetadataHandler@3eeace42, http://www.dbunit.org/properties/datatypeFactory=org.dbunit.dataset.datatype.DefaultDataTypeFactory[_toleratedDeltaMap=org.dbunit.dataset.datatype.ToleratedDeltaMap@6452310a], http://www.dbunit.org/properties/escapePattern=null, http://www.dbunit.org/properties/batchSize=100, http://www.dbunit.org/features/qualifiedTableNames=false, http://www.dbunit.org/properties/tableType=[Ljava.lang.String;@5011bafa, http://www.dbunit.org/properties/resultSetTableFactory=org.dbunit.database.CachedResultSetTableFactory@10bcf083, http://www.dbunit.org/features/datatypeWarning=true}]) - start
193056 [main] TRACE org.dbunit.database.DatabaseConfig  - getFeature(name=http://www.dbunit.org/features/qualifiedTableNames) - start
193056 [main] TRACE org.dbunit.database.DatabaseConfig  - getProperty(name=http://www.dbunit.org/features/qualifiedTableNames) - start
193056 [main] DEBUG org.dbunit.util.QualifiedTableName  - Qualified table names feature is disabled. Returning plain table name
193056 [main] DEBUG org.dbunit.util.QualifiedTableName  - getQualifiedName(prefix=null, name=SCOPEDCONTENT_SCOPEDCONTENTITEM, escapePattern=null) - start
193056 [main] DEBUG org.dbunit.util.QualifiedTableName  - getQualifiedNameIfEnabled(config=org.dbunit.database.DatabaseConfig[, _propertyMap={http://www.dbunit.org/properties/statementFactory=org.dbunit.database.statement.PreparedStatementFactory@626bc2b8, http://www.dbunit.org/features/caseSensitiveTableNames=false, http://www.dbunit.org/properties/fetchSize=100, http://www.dbunit.org/features/batchedStatements=false, http://www.dbunit.org/properties/metadataHandler=org.dbunit.database.DefaultMetadataHandler@3eeace42, http://www.dbunit.org/properties/datatypeFactory=org.dbunit.dataset.datatype.DefaultDataTypeFactory[_toleratedDeltaMap=org.dbunit.dataset.datatype.ToleratedDeltaMap@6452310a], http://www.dbunit.org/properties/escapePattern=null, http://www.dbunit.org/properties/batchSize=100, http://www.dbunit.org/features/qualifiedTableNames=false, http://www.dbunit.org/properties/tableType=[Ljava.lang.String;@5011bafa, http://www.dbunit.org/properties/resultSetTableFactory=org.dbunit.database.CachedResultSetTableFactory@10bcf083, http://www.dbunit.org/features/datatypeWarning=true}]) - start
193056 [main] TRACE org.dbunit.database.DatabaseConfig  - getFeature(name=http://www.dbunit.org/features/qualifiedTableNames) - start
193056 [main] TRACE org.dbunit.database.DatabaseConfig  - getProperty(name=http://www.dbunit.org/features/qualifiedTableNames) - start
193057 [main] DEBUG org.dbunit.util.QualifiedTableName  - Qualified table names feature is disabled. Returning plain table name
193057 [main] DEBUG org.dbunit.util.QualifiedTableName  - getQualifiedName(prefix=null, name=SCOPEDCONTENT, escapePattern=null) - start
193057 [main] DEBUG org.dbunit.database.search.AbstractMetaDataBasedSearchCallback  - newEdge(rs=org.apache.commons.dbcp.DelegatingResultSet@369461dd, type=0, from=SCOPEDCONTENT_SCOPEDCONTENTITEM, to=SCOPEDCONTENT, fkColumn=SCOPED_CONTENT_ITEM_ID, pkColumn=ID) - start
193057 [main] DEBUG org.dbunit.database.search.AbstractMetaDataBasedSearchCallback  - createFKEdge(rs=org.apache.commons.dbcp.DelegatingResultSet@369461dd, type=0, from=SCOPEDCONTENT_SCOPEDCONTENTITEM, to=SCOPEDCONTENT, fkColumn=SCOPED_CONTENT_ITEM_ID, pkColumn=ID) - start
193057 [main] DEBUG org.dbunit.database.search.AbstractMetaDataBasedSearchCallback  - Adding edge SCOPEDCONTENT_SCOPEDCONTENTITEM(SCOPED_CONTENT_ITEM_ID)->SCOPEDCONTENT(ID)
193057 [main] DEBUG org.dbunit.util.search.Edge  - compareTo(o=SCOPEDCONTENT_SCOPEDCONTENTITEM(SCOPED_CONTENT_ITEM_ID)->SCOPEDCONTENT(ID)) - start
193057 [main] DEBUG org.dbunit.util.QualifiedTableName  - getQualifiedNameIfEnabled(config=org.dbunit.database.DatabaseConfig[, _propertyMap={http://www.dbunit.org/properties/statementFactory=org.dbunit.database.statement.PreparedStatementFactory@626bc2b8, http://www.dbunit.org/features/caseSensitiveTableNames=false, http://www.dbunit.org/properties/fetchSize=100, http://www.dbunit.org/features/batchedStatements=false, http://www.dbunit.org/properties/metadataHandler=org.dbunit.database.DefaultMetadataHandler@3eeace42, http://www.dbunit.org/properties/datatypeFactory=org.dbunit.dataset.datatype.DefaultDataTypeFactory[_toleratedDeltaMap=org.dbunit.dataset.datatype.ToleratedDeltaMap@6452310a], http://www.dbunit.org/properties/escapePattern=null, http://www.dbunit.org/properties/batchSize=100, http://www.dbunit.org/features/qualifiedTableNames=false, http://www.dbunit.org/properties/tableType=[Ljava.lang.String;@5011bafa, http://www.dbunit.org/properties/resultSetTableFactory=org.dbunit.database.CachedResultSetTableFactory@10bcf083, http://www.dbunit.org/features/datatypeWarning=true}]) - start
193057 [main] TRACE org.dbunit.database.DatabaseConfig  - getFeature(name=http://www.dbunit.org/features/qualifiedTableNames) - start
193058 [main] TRACE org.dbunit.database.DatabaseConfig  - getProperty(name=http://www.dbunit.org/features/qualifiedTableNames) - start
193058 [main] DEBUG org.dbunit.util.QualifiedTableName  - Qualified table names feature is disabled. Returning plain table name
193058 [main] DEBUG org.dbunit.util.QualifiedTableName  - getQualifiedName(prefix=null, name=SCOPEDCONTENT_SCOPEDCONTENTITEM, escapePattern=null) - start
193058 [main] DEBUG org.dbunit.util.QualifiedTableName  - getQualifiedNameIfEnabled(config=org.dbunit.database.DatabaseConfig[, _propertyMap={http://www.dbunit.org/properties/statementFactory=org.dbunit.database.statement.PreparedStatementFactory@626bc2b8, http://www.dbunit.org/features/caseSensitiveTableNames=false, http://www.dbunit.org/properties/fetchSize=100, http://www.dbunit.org/features/batchedStatements=false, http://www.dbunit.org/properties/metadataHandler=org.dbunit.database.DefaultMetadataHandler@3eeace42, http://www.dbunit.org/properties/datatypeFactory=org.dbunit.dataset.datatype.DefaultDataTypeFactory[_toleratedDeltaMap=org.dbunit.dataset.datatype.ToleratedDeltaMap@6452310a], http://www.dbunit.org/properties/escapePattern=null, http://www.dbunit.org/properties/batchSize=100, http://www.dbunit.org/features/qualifiedTableNames=false, http://www.dbunit.org/properties/tableType=[Ljava.lang.String;@5011bafa, http://www.dbunit.org/properties/resultSetTableFactory=org.dbunit.database.CachedResultSetTableFactory@10bcf083, http://www.dbunit.org/features/datatypeWarning=true}]) - start
193058 [main] TRACE org.dbunit.database.DatabaseConfig  - getFeature(name=http://www.dbunit.org/features/qualifiedTableNames) - start
193058 [main] TRACE org.dbunit.database.DatabaseConfig  - getProperty(name=http://www.dbunit.org/features/qualifiedTableNames) - start
193058 [main] DEBUG org.dbunit.util.QualifiedTableName  - Qualified table names feature is disabled. Returning plain table name
193058 [main] DEBUG org.dbunit.util.QualifiedTableName  - getQualifiedName(prefix=null, name=SCOPEDCONTENTITEM, escapePattern=null) - start
193058 [main] DEBUG org.dbunit.database.search.AbstractMetaDataBasedSearchCallback  - newEdge(rs=org.apache.commons.dbcp.DelegatingResultSet@369461dd, type=0, from=SCOPEDCONTENT_SCOPEDCONTENTITEM, to=SCOPEDCONTENTITEM, fkColumn=SCOPED_CONTENT_ID, pkColumn=ID) - start
193059 [main] DEBUG org.dbunit.database.search.AbstractMetaDataBasedSearchCallback  - createFKEdge(rs=org.apache.commons.dbcp.DelegatingResultSet@369461dd, type=0, from=SCOPEDCONTENT_SCOPEDCONTENTITEM, to=SCOPEDCONTENTITEM, fkColumn=SCOPED_CONTENT_ID, pkColumn=ID) - start
193059 [main] DEBUG org.dbunit.database.search.AbstractMetaDataBasedSearchCallback  - Adding edge SCOPEDCONTENT_SCOPEDCONTENTITEM(SCOPED_CONTENT_ID)->SCOPEDCONTENTITEM(ID)
193059 [main] DEBUG org.dbunit.util.search.Edge  - compareTo(o=SCOPEDCONTENT_SCOPEDCONTENTITEM(SCOPED_CONTENT_ITEM_ID)->SCOPEDCONTENT(ID)) - start
193059 [main] DEBUG org.dbunit.util.SQLHelper  - close(resultSet=org.apache.commons.dbcp.DelegatingResultSet@369461dd) - start
193059 [main] DEBUG org.dbunit.util.search.DepthFirstSearch  - search:SCOPEDCONTENT_SCOPEDCONTENTITEM
193059 [main] DEBUG org.dbunit.database.search.ImportedKeysSearchCallback  - searchNode(node=SCOPEDCONTENT_SCOPEDCONTENTITEM) - start
193059 [main] DEBUG org.dbunit.util.search.DepthFirstSearch  - Pushing SCOPEDCONTENT_SCOPEDCONTENTITEM
193059 [main] DEBUG org.dbunit.database.search.ImportedKeysSearchCallback  - getEdges(node=SCOPEDCONTENT_SCOPEDCONTENTITEM) - start
193059 [main] DEBUG org.dbunit.database.search.AbstractMetaDataBasedSearchCallback  - getNodesFromImportedKeys(node=SCOPEDCONTENT_SCOPEDCONTENTITEM) - start
193059 [main] DEBUG org.dbunit.database.search.AbstractMetaDataBasedSearchCallback  - getNodes(type=0, node=SCOPEDCONTENT_SCOPEDCONTENTITEM) - start
193059 [main] DEBUG org.dbunit.database.DatabaseDataSourceConnection  - getConnection() - start
193060 [main] DEBUG org.dbunit.database.search.AbstractMetaDataBasedSearchCallback  - getNodes(type=0, node=SCOPEDCONTENT_SCOPEDCONTENTITEM, conn=Transaction-aware proxy for target Connection [jdbc:hsqldb:mem:kontrollDS, UserName=sw, HSQL Database Engine Driver], schema=null, metaData=org.apache.commons.dbcp.DelegatingDatabaseMetaData@47a51029, edges=[]) - start
193060 [main] DEBUG org.dbunit.database.search.AbstractMetaDataBasedSearchCallback  - Getting edges for node SCOPEDCONTENT_SCOPEDCONTENTITEM
193060 [main] TRACE org.dbunit.database.DatabaseConfig  - getProperty(name=http://www.dbunit.org/properties/metadataHandler) - start
193060 [main] TRACE org.dbunit.database.DefaultMetadataHandler  - tableExists(metaData=org.apache.commons.dbcp.DelegatingDatabaseMetaData@47a51029, schemaName=null, tableName=SCOPEDCONTENT_SCOPEDCONTENTITEM) - start
193061 [main] DEBUG org.dbunit.util.SQLHelper  - close(resultSet=org.apache.commons.dbcp.DelegatingResultSet@73c00b92) - start
193062 [main] DEBUG org.dbunit.util.QualifiedTableName  - getQualifiedNameIfEnabled(config=org.dbunit.database.DatabaseConfig[, _propertyMap={http://www.dbunit.org/properties/statementFactory=org.dbunit.database.statement.PreparedStatementFactory@626bc2b8, http://www.dbunit.org/features/caseSensitiveTableNames=false, http://www.dbunit.org/properties/fetchSize=100, http://www.dbunit.org/features/batchedStatements=false, http://www.dbunit.org/properties/metadataHandler=org.dbunit.database.DefaultMetadataHandler@3eeace42, http://www.dbunit.org/properties/datatypeFactory=org.dbunit.dataset.datatype.DefaultDataTypeFactory[_toleratedDeltaMap=org.dbunit.dataset.datatype.ToleratedDeltaMap@6452310a], http://www.dbunit.org/properties/escapePattern=null, http://www.dbunit.org/properties/batchSize=100, http://www.dbunit.org/features/qualifiedTableNames=false, http://www.dbunit.org/properties/tableType=[Ljava.lang.String;@5011bafa, http://www.dbunit.org/properties/resultSetTableFactory=org.dbunit.database.CachedResultSetTableFactory@10bcf083, http://www.dbunit.org/features/datatypeWarning=true}]) - start
193062 [main] TRACE org.dbunit.database.DatabaseConfig  - getFeature(name=http://www.dbunit.org/features/qualifiedTableNames) - start
193062 [main] TRACE org.dbunit.database.DatabaseConfig  - getProperty(name=http://www.dbunit.org/features/qualifiedTableNames) - start
193062 [main] DEBUG org.dbunit.util.QualifiedTableName  - Qualified table names feature is disabled. Returning plain table name
193062 [main] DEBUG org.dbunit.util.QualifiedTableName  - getQualifiedName(prefix=null, name=SCOPEDCONTENT_SCOPEDCONTENTITEM, escapePattern=null) - start
193063 [main] DEBUG org.dbunit.util.QualifiedTableName  - getQualifiedNameIfEnabled(config=org.dbunit.database.DatabaseConfig[, _propertyMap={http://www.dbunit.org/properties/statementFactory=org.dbunit.database.statement.PreparedStatementFactory@626bc2b8, http://www.dbunit.org/features/caseSensitiveTableNames=false, http://www.dbunit.org/properties/fetchSize=100, http://www.dbunit.org/features/batchedStatements=false, http://www.dbunit.org/properties/metadataHandler=org.dbunit.database.DefaultMetadataHandler@3eeace42, http://www.dbunit.org/properties/datatypeFactory=org.dbunit.dataset.datatype.DefaultDataTypeFactory[_toleratedDeltaMap=org.dbunit.dataset.datatype.ToleratedDeltaMap@6452310a], http://www.dbunit.org/properties/escapePattern=null, http://www.dbunit.org/properties/batchSize=100, http://www.dbunit.org/features/qualifiedTableNames=false, http://www.dbunit.org/properties/tableType=[Ljava.lang.String;@5011bafa, http://www.dbunit.org/properties/resultSetTableFactory=org.dbunit.database.CachedResultSetTableFactory@10bcf083, http://www.dbunit.org/features/datatypeWarning=true}]) - start
193063 [main] TRACE org.dbunit.database.DatabaseConfig  - getFeature(name=http://www.dbunit.org/features/qualifiedTableNames) - start
193063 [main] TRACE org.dbunit.database.DatabaseConfig  - getProperty(name=http://www.dbunit.org/features/qualifiedTableNames) - start
193063 [main] DEBUG org.dbunit.util.QualifiedTableName  - Qualified table names feature is disabled. Returning plain table name
193063 [main] DEBUG org.dbunit.util.QualifiedTableName  - getQualifiedName(prefix=null, name=SCOPEDCONTENT, escapePattern=null) - start
193063 [main] DEBUG org.dbunit.database.search.AbstractMetaDataBasedSearchCallback  - newEdge(rs=org.apache.commons.dbcp.DelegatingResultSet@55afb444, type=0, from=SCOPEDCONTENT_SCOPEDCONTENTITEM, to=SCOPEDCONTENT, fkColumn=SCOPED_CONTENT_ITEM_ID, pkColumn=ID) - start
193063 [main] DEBUG org.dbunit.database.search.AbstractMetaDataBasedSearchCallback  - createFKEdge(rs=org.apache.commons.dbcp.DelegatingResultSet@55afb444, type=0, from=SCOPEDCONTENT_SCOPEDCONTENTITEM, to=SCOPEDCONTENT, fkColumn=SCOPED_CONTENT_ITEM_ID, pkColumn=ID) - start
193063 [main] DEBUG org.dbunit.database.search.AbstractMetaDataBasedSearchCallback  - Adding edge SCOPEDCONTENT_SCOPEDCONTENTITEM(SCOPED_CONTENT_ITEM_ID)->SCOPEDCONTENT(ID)
193063 [main] DEBUG org.dbunit.util.search.Edge  - compareTo(o=SCOPEDCONTENT_SCOPEDCONTENTITEM(SCOPED_CONTENT_ITEM_ID)->SCOPEDCONTENT(ID)) - start
193063 [main] DEBUG org.dbunit.util.QualifiedTableName  - getQualifiedNameIfEnabled(config=org.dbunit.database.DatabaseConfig[, _propertyMap={http://www.dbunit.org/properties/statementFactory=org.dbunit.database.statement.PreparedStatementFactory@626bc2b8, http://www.dbunit.org/features/caseSensitiveTableNames=false, http://www.dbunit.org/properties/fetchSize=100, http://www.dbunit.org/features/batchedStatements=false, http://www.dbunit.org/properties/metadataHandler=org.dbunit.database.DefaultMetadataHandler@3eeace42, http://www.dbunit.org/properties/datatypeFactory=org.dbunit.dataset.datatype.DefaultDataTypeFactory[_toleratedDeltaMap=org.dbunit.dataset.datatype.ToleratedDeltaMap@6452310a], http://www.dbunit.org/properties/escapePattern=null, http://www.dbunit.org/properties/batchSize=100, http://www.dbunit.org/features/qualifiedTableNames=false, http://www.dbunit.org/properties/tableType=[Ljava.lang.String;@5011bafa, http://www.dbunit.org/properties/resultSetTableFactory=org.dbunit.database.CachedResultSetTableFactory@10bcf083, http://www.dbunit.org/features/datatypeWarning=true}]) - start
193063 [main] TRACE org.dbunit.database.DatabaseConfig  - getFeature(name=http://www.dbunit.org/features/qualifiedTableNames) - start
193064 [main] TRACE org.dbunit.database.DatabaseConfig  - getProperty(name=http://www.dbunit.org/features/qualifiedTableNames) - start
193064 [main] DEBUG org.dbunit.util.QualifiedTableName  - Qualified table names feature is disabled. Returning plain table name
193064 [main] DEBUG org.dbunit.util.QualifiedTableName  - getQualifiedName(prefix=null, name=SCOPEDCONTENT_SCOPEDCONTENTITEM, escapePattern=null) - start
193064 [main] DEBUG org.dbunit.util.QualifiedTableName  - getQualifiedNameIfEnabled(config=org.dbunit.database.DatabaseConfig[, _propertyMap={http://www.dbunit.org/properties/statementFactory=org.dbunit.database.statement.PreparedStatementFactory@626bc2b8, http://www.dbunit.org/features/caseSensitiveTableNames=false, http://www.dbunit.org/properties/fetchSize=100, http://www.dbunit.org/features/batchedStatements=false, http://www.dbunit.org/properties/metadataHandler=org.dbunit.database.DefaultMetadataHandler@3eeace42, http://www.dbunit.org/properties/datatypeFactory=org.dbunit.dataset.datatype.DefaultDataTypeFactory[_toleratedDeltaMap=org.dbunit.dataset.datatype.ToleratedDeltaMap@6452310a], http://www.dbunit.org/properties/escapePattern=null, http://www.dbunit.org/properties/batchSize=100, http://www.dbunit.org/features/qualifiedTableNames=false, http://www.dbunit.org/properties/tableType=[Ljava.lang.String;@5011bafa, http://www.dbunit.org/properties/resultSetTableFactory=org.dbunit.database.CachedResultSetTableFactory@10bcf083, http://www.dbunit.org/features/datatypeWarning=true}]) - start
193064 [main] TRACE org.dbunit.database.DatabaseConfig  - getFeature(name=http://www.dbunit.org/features/qualifiedTableNames) - start
193064 [main] TRACE org.dbunit.database.DatabaseConfig  - getProperty(name=http://www.dbunit.org/features/qualifiedTableNames) - start
193064 [main] DEBUG org.dbunit.util.QualifiedTableName  - Qualified table names feature is disabled. Returning plain table name
193064 [main] DEBUG org.dbunit.util.QualifiedTableName  - getQualifiedName(prefix=null, name=SCOPEDCONTENTITEM, escapePattern=null) - start
193064 [main] DEBUG org.dbunit.database.search.AbstractMetaDataBasedSearchCallback  - newEdge(rs=org.apache.commons.dbcp.DelegatingResultSet@55afb444, type=0, from=SCOPEDCONTENT_SCOPEDCONTENTITEM, to=SCOPEDCONTENTITEM, fkColumn=SCOPED_CONTENT_ID, pkColumn=ID) - start
193064 [main] DEBUG org.dbunit.database.search.AbstractMetaDataBasedSearchCallback  - createFKEdge(rs=org.apache.commons.dbcp.DelegatingResultSet@55afb444, type=0, from=SCOPEDCONTENT_SCOPEDCONTENTITEM, to=SCOPEDCONTENTITEM, fkColumn=SCOPED_CONTENT_ID, pkColumn=ID) - start
193064 [main] DEBUG org.dbunit.database.search.AbstractMetaDataBasedSearchCallback  - Adding edge SCOPEDCONTENT_SCOPEDCONTENTITEM(SCOPED_CONTENT_ID)->SCOPEDCONTENTITEM(ID)
193065 [main] DEBUG org.dbunit.util.search.Edge  - compareTo(o=SCOPEDCONTENT_SCOPEDCONTENTITEM(SCOPED_CONTENT_ITEM_ID)->SCOPEDCONTENT(ID)) - start
193065 [main] DEBUG org.dbunit.util.SQLHelper  - close(resultSet=org.apache.commons.dbcp.DelegatingResultSet@55afb444) - start
193065 [main] DEBUG org.dbunit.util.search.DepthFirstSearch  - search:SCOPEDCONTENT
193065 [main] DEBUG org.dbunit.database.search.ImportedKeysSearchCallback  - searchNode(node=SCOPEDCONTENT) - start
193065 [main] DEBUG org.dbunit.util.search.DepthFirstSearch  - Pushing SCOPEDCONTENT
193065 [main] DEBUG org.dbunit.database.search.ImportedKeysSearchCallback  - getEdges(node=SCOPEDCONTENT) - start
193065 [main] DEBUG org.dbunit.database.search.AbstractMetaDataBasedSearchCallback  - getNodesFromImportedKeys(node=SCOPEDCONTENT) - start
193065 [main] DEBUG org.dbunit.database.search.AbstractMetaDataBasedSearchCallback  - getNodes(type=0, node=SCOPEDCONTENT) - start
193065 [main] DEBUG org.dbunit.database.DatabaseDataSourceConnection  - getConnection() - start
193065 [main] DEBUG org.dbunit.database.search.AbstractMetaDataBasedSearchCallback  - getNodes(type=0, node=SCOPEDCONTENT, conn=Transaction-aware proxy for target Connection [jdbc:hsqldb:mem:kontrollDS, UserName=sw, HSQL Database Engine Driver], schema=null, metaData=org.apache.commons.dbcp.DelegatingDatabaseMetaData@264084f, edges=[]) - start
193065 [main] DEBUG org.dbunit.database.search.AbstractMetaDataBasedSearchCallback  - Getting edges for node SCOPEDCONTENT
193065 [main] TRACE org.dbunit.database.DatabaseConfig  - getProperty(name=http://www.dbunit.org/properties/metadataHandler) - start
193066 [main] TRACE org.dbunit.database.DefaultMetadataHandler  - tableExists(metaData=org.apache.commons.dbcp.DelegatingDatabaseMetaData@264084f, schemaName=null, tableName=SCOPEDCONTENT) - start
193067 [main] DEBUG org.dbunit.util.SQLHelper  - close(resultSet=org.apache.commons.dbcp.DelegatingResultSet@4c6839c0) - start
193067 [main] DEBUG org.dbunit.util.QualifiedTableName  - getQualifiedNameIfEnabled(config=org.dbunit.database.DatabaseConfig[, _propertyMap={http://www.dbunit.org/properties/statementFactory=org.dbunit.database.statement.PreparedStatementFactory@626bc2b8, http://www.dbunit.org/features/caseSensitiveTableNames=false, http://www.dbunit.org/properties/fetchSize=100, http://www.dbunit.org/features/batchedStatements=false, http://www.dbunit.org/properties/metadataHandler=org.dbunit.database.DefaultMetadataHandler@3eeace42, http://www.dbunit.org/properties/datatypeFactory=org.dbunit.dataset.datatype.DefaultDataTypeFactory[_toleratedDeltaMap=org.dbunit.dataset.datatype.ToleratedDeltaMap@6452310a], http://www.dbunit.org/properties/escapePattern=null, http://www.dbunit.org/properties/batchSize=100, http://www.dbunit.org/features/qualifiedTableNames=false, http://www.dbunit.org/properties/tableType=[Ljava.lang.String;@5011bafa, http://www.dbunit.org/properties/resultSetTableFactory=org.dbunit.database.CachedResultSetTableFactory@10bcf083, http://www.dbunit.org/features/datatypeWarning=true}]) - start
193067 [main] TRACE org.dbunit.database.DatabaseConfig  - getFeature(name=http://www.dbunit.org/features/qualifiedTableNames) - start
193067 [main] TRACE org.dbunit.database.DatabaseConfig  - getProperty(name=http://www.dbunit.org/features/qualifiedTableNames) - start
193067 [main] DEBUG org.dbunit.util.QualifiedTableName  - Qualified table names feature is disabled. Returning plain table name
193067 [main] DEBUG org.dbunit.util.QualifiedTableName  - getQualifiedName(prefix=null, name=SCOPEDCONTENT, escapePattern=null) - start
193067 [main] DEBUG org.dbunit.util.QualifiedTableName  - getQualifiedNameIfEnabled(config=org.dbunit.database.DatabaseConfig[, _propertyMap={http://www.dbunit.org/properties/statementFactory=org.dbunit.database.statement.PreparedStatementFactory@626bc2b8, http://www.dbunit.org/features/caseSensitiveTableNames=false, http://www.dbunit.org/properties/fetchSize=100, http://www.dbunit.org/features/batchedStatements=false, http://www.dbunit.org/properties/metadataHandler=org.dbunit.database.DefaultMetadataHandler@3eeace42, http://www.dbunit.org/properties/datatypeFactory=org.dbunit.dataset.datatype.DefaultDataTypeFactory[_toleratedDeltaMap=org.dbunit.dataset.datatype.ToleratedDeltaMap@6452310a], http://www.dbunit.org/properties/escapePattern=null, http://www.dbunit.org/properties/batchSize=100, http://www.dbunit.org/features/qualifiedTableNames=false, http://www.dbunit.org/properties/tableType=[Ljava.lang.String;@5011bafa, http://www.dbunit.org/properties/resultSetTableFactory=org.dbunit.database.CachedResultSetTableFactory@10bcf083, http://www.dbunit.org/features/datatypeWarning=true}]) - start
193068 [main] TRACE org.dbunit.database.DatabaseConfig  - getFeature(name=http://www.dbunit.org/features/qualifiedTableNames) - start
193068 [main] TRACE org.dbunit.database.DatabaseConfig  - getProperty(name=http://www.dbunit.org/features/qualifiedTableNames) - start
193068 [main] DEBUG org.dbunit.util.QualifiedTableName  - Qualified table names feature is disabled. Returning plain table name
193068 [main] DEBUG org.dbunit.util.QualifiedTableName  - getQualifiedName(prefix=null, name=SCOPE, escapePattern=null) - start
193068 [main] DEBUG org.dbunit.database.search.AbstractMetaDataBasedSearchCallback  - newEdge(rs=org.apache.commons.dbcp.DelegatingResultSet@5bc0c667, type=0, from=SCOPEDCONTENT, to=SCOPE, fkColumn=SCOPE, pkColumn=ID) - start
193068 [main] DEBUG org.dbunit.database.search.AbstractMetaDataBasedSearchCallback  - createFKEdge(rs=org.apache.commons.dbcp.DelegatingResultSet@5bc0c667, type=0, from=SCOPEDCONTENT, to=SCOPE, fkColumn=SCOPE, pkColumn=ID) - start
193068 [main] DEBUG org.dbunit.database.search.AbstractMetaDataBasedSearchCallback  - Adding edge SCOPEDCONTENT(SCOPE)->SCOPE(ID)
193068 [main] DEBUG org.dbunit.util.search.Edge  - compareTo(o=SCOPEDCONTENT(SCOPE)->SCOPE(ID)) - start
193068 [main] DEBUG org.dbunit.util.SQLHelper  - close(resultSet=org.apache.commons.dbcp.DelegatingResultSet@5bc0c667) - start
193068 [main] DEBUG org.dbunit.util.search.DepthFirstSearch  - search:SCOPE
193068 [main] DEBUG org.dbunit.database.search.ImportedKeysSearchCallback  - searchNode(node=SCOPE) - start
193068 [main] DEBUG org.dbunit.util.search.DepthFirstSearch  - Pushing SCOPE
193068 [main] DEBUG org.dbunit.database.search.ImportedKeysSearchCallback  - getEdges(node=SCOPE) - start
193069 [main] DEBUG org.dbunit.database.search.AbstractMetaDataBasedSearchCallback  - getNodesFromImportedKeys(node=SCOPE) - start
193069 [main] DEBUG org.dbunit.database.search.AbstractMetaDataBasedSearchCallback  - getNodes(type=0, node=SCOPE) - start
193069 [main] DEBUG org.dbunit.database.DatabaseDataSourceConnection  - getConnection() - start
193069 [main] DEBUG org.dbunit.database.search.AbstractMetaDataBasedSearchCallback  - getNodes(type=0, node=SCOPE, conn=Transaction-aware proxy for target Connection [jdbc:hsqldb:mem:kontrollDS, UserName=sw, HSQL Database Engine Driver], schema=null, metaData=org.apache.commons.dbcp.DelegatingDatabaseMetaData@4d21c340, edges=[]) - start
193069 [main] DEBUG org.dbunit.database.search.AbstractMetaDataBasedSearchCallback  - Getting edges for node SCOPE
193069 [main] TRACE org.dbunit.database.DatabaseConfig  - getProperty(name=http://www.dbunit.org/properties/metadataHandler) - start
193069 [main] TRACE org.dbunit.database.DefaultMetadataHandler  - tableExists(metaData=org.apache.commons.dbcp.DelegatingDatabaseMetaData@4d21c340, schemaName=null, tableName=SCOPE) - start
193070 [main] DEBUG org.dbunit.util.SQLHelper  - close(resultSet=org.apache.commons.dbcp.DelegatingResultSet@4aa9f9f) - start
193070 [main] DEBUG org.dbunit.util.SQLHelper  - close(resultSet=org.apache.commons.dbcp.DelegatingResultSet@6c516e0b) - start
193071 [main] DEBUG org.dbunit.util.search.DepthFirstSearch  - Adding node SCOPE to the final result
193071 [main] DEBUG org.dbunit.util.search.DepthFirstSearch  - Adding node SCOPEDCONTENT to the final result
193071 [main] DEBUG org.dbunit.util.search.DepthFirstSearch  - search:SCOPEDCONTENTITEM
193073 [main] DEBUG org.dbunit.database.search.ImportedKeysSearchCallback  - searchNode(node=SCOPEDCONTENTITEM) - start
193074 [main] DEBUG org.dbunit.util.search.DepthFirstSearch  - Pushing SCOPEDCONTENTITEM
193074 [main] DEBUG org.dbunit.database.search.ImportedKeysSearchCallback  - getEdges(node=SCOPEDCONTENTITEM) - start
193074 [main] DEBUG org.dbunit.database.search.AbstractMetaDataBasedSearchCallback  - getNodesFromImportedKeys(node=SCOPEDCONTENTITEM) - start
193074 [main] DEBUG org.dbunit.database.search.AbstractMetaDataBasedSearchCallback  - getNodes(type=0, node=SCOPEDCONTENTITEM) - start
193074 [main] DEBUG org.dbunit.database.DatabaseDataSourceConnection  - getConnection() - start
193074 [main] DEBUG org.dbunit.database.search.AbstractMetaDataBasedSearchCallback  - getNodes(type=0, node=SCOPEDCONTENTITEM, conn=Transaction-aware proxy for target Connection [jdbc:hsqldb:mem:kontrollDS, UserName=sw, HSQL Database Engine Driver], schema=null, metaData=org.apache.commons.dbcp.DelegatingDatabaseMetaData@560fcbbb, edges=[]) - start
193074 [main] DEBUG org.dbunit.database.search.AbstractMetaDataBasedSearchCallback  - Getting edges for node SCOPEDCONTENTITEM
193074 [main] TRACE org.dbunit.database.DatabaseConfig  - getProperty(name=http://www.dbunit.org/properties/metadataHandler) - start
193074 [main] TRACE org.dbunit.database.DefaultMetadataHandler  - tableExists(metaData=org.apache.commons.dbcp.DelegatingDatabaseMetaData@560fcbbb, schemaName=null, tableName=SCOPEDCONTENTITEM) - start
193075 [main] DEBUG org.dbunit.util.SQLHelper  - close(resultSet=org.apache.commons.dbcp.DelegatingResultSet@22ab2c8c) - start
193076 [main] DEBUG org.dbunit.util.SQLHelper  - close(resultSet=org.apache.commons.dbcp.DelegatingResultSet@6cd41382) - start
193076 [main] DEBUG org.dbunit.util.search.DepthFirstSearch  - Adding node SCOPEDCONTENTITEM to the final result
193076 [main] DEBUG org.dbunit.util.search.DepthFirstSearch  - Adding node SCOPEDCONTENT_SCOPEDCONTENTITEM to the final result
193076 [main] DEBUG org.dbunit.util.search.DepthFirstSearch  - reverseSearch:SCOPEDCONTENT
193076 [main] DEBUG org.dbunit.database.search.ImportedKeysSearchCallback  - searchNode(node=SCOPEDCONTENT) - start
193076 [main] DEBUG org.dbunit.util.search.DepthFirstSearch  - Pushing (reverse) SCOPEDCONTENT
193076 [main] DEBUG org.dbunit.database.search.ImportedKeysSearchCallback  - getEdges(node=SCOPEDCONTENT) - start
193076 [main] DEBUG org.dbunit.database.search.AbstractMetaDataBasedSearchCallback  - getNodesFromImportedKeys(node=SCOPEDCONTENT) - start
193076 [main] DEBUG org.dbunit.database.search.AbstractMetaDataBasedSearchCallback  - getNodes(type=0, node=SCOPEDCONTENT) - start
193077 [main] DEBUG org.dbunit.database.DatabaseDataSourceConnection  - getConnection() - start
193077 [main] DEBUG org.dbunit.database.search.AbstractMetaDataBasedSearchCallback  - getNodes(type=0, node=SCOPEDCONTENT, conn=Transaction-aware proxy for target Connection [jdbc:hsqldb:mem:kontrollDS, UserName=sw, HSQL Database Engine Driver], schema=null, metaData=org.apache.commons.dbcp.DelegatingDatabaseMetaData@574cf39f, edges=[]) - start
193077 [main] DEBUG org.dbunit.database.search.AbstractMetaDataBasedSearchCallback  - Getting edges for node SCOPEDCONTENT
193077 [main] TRACE org.dbunit.database.DatabaseConfig  - getProperty(name=http://www.dbunit.org/properties/metadataHandler) - start
193077 [main] TRACE org.dbunit.database.DefaultMetadataHandler  - tableExists(metaData=org.apache.commons.dbcp.DelegatingDatabaseMetaData@574cf39f, schemaName=null, tableName=SCOPEDCONTENT) - start
193078 [main] DEBUG org.dbunit.util.SQLHelper  - close(resultSet=org.apache.commons.dbcp.DelegatingResultSet@410919fd) - start
193078 [main] DEBUG org.dbunit.util.QualifiedTableName  - getQualifiedNameIfEnabled(config=org.dbunit.database.DatabaseConfig[, _propertyMap={http://www.dbunit.org/properties/statementFactory=org.dbunit.database.statement.PreparedStatementFactory@626bc2b8, http://www.dbunit.org/features/caseSensitiveTableNames=false, http://www.dbunit.org/properties/fetchSize=100, http://www.dbunit.org/features/batchedStatements=false, http://www.dbunit.org/properties/metadataHandler=org.dbunit.database.DefaultMetadataHandler@3eeace42, http://www.dbunit.org/properties/datatypeFactory=org.dbunit.dataset.datatype.DefaultDataTypeFactory[_toleratedDeltaMap=org.dbunit.dataset.datatype.ToleratedDeltaMap@6452310a], http://www.dbunit.org/properties/escapePattern=null, http://www.dbunit.org/properties/batchSize=100, http://www.dbunit.org/features/qualifiedTableNames=false, http://www.dbunit.org/properties/tableType=[Ljava.lang.String;@5011bafa, http://www.dbunit.org/properties/resultSetTableFactory=org.dbunit.database.CachedResultSetTableFactory@10bcf083, http://www.dbunit.org/features/datatypeWarning=true}]) - start
193078 [main] TRACE org.dbunit.database.DatabaseConfig  - getFeature(name=http://www.dbunit.org/features/qualifiedTableNames) - start
193079 [main] TRACE org.dbunit.database.DatabaseConfig  - getProperty(name=http://www.dbunit.org/features/qualifiedTableNames) - start
193079 [main] DEBUG org.dbunit.util.QualifiedTableName  - Qualified table names feature is disabled. Returning plain table name
193079 [main] DEBUG org.dbunit.util.QualifiedTableName  - getQualifiedName(prefix=null, name=SCOPEDCONTENT, escapePattern=null) - start
193079 [main] DEBUG org.dbunit.util.QualifiedTableName  - getQualifiedNameIfEnabled(config=org.dbunit.database.DatabaseConfig[, _propertyMap={http://www.dbunit.org/properties/statementFactory=org.dbunit.database.statement.PreparedStatementFactory@626bc2b8, http://www.dbunit.org/features/caseSensitiveTableNames=false, http://www.dbunit.org/properties/fetchSize=100, http://www.dbunit.org/features/batchedStatements=false, http://www.dbunit.org/properties/metadataHandler=org.dbunit.database.DefaultMetadataHandler@3eeace42, http://www.dbunit.org/properties/datatypeFactory=org.dbunit.dataset.datatype.DefaultDataTypeFactory[_toleratedDeltaMap=org.dbunit.dataset.datatype.ToleratedDeltaMap@6452310a], http://www.dbunit.org/properties/escapePattern=null, http://www.dbunit.org/properties/batchSize=100, http://www.dbunit.org/features/qualifiedTableNames=false, http://www.dbunit.org/properties/tableType=[Ljava.lang.String;@5011bafa, http://www.dbunit.org/properties/resultSetTableFactory=org.dbunit.database.CachedResultSetTableFactory@10bcf083, http://www.dbunit.org/features/datatypeWarning=true}]) - start
193079 [main] TRACE org.dbunit.database.DatabaseConfig  - getFeature(name=http://www.dbunit.org/features/qualifiedTableNames) - start
193079 [main] TRACE org.dbunit.database.DatabaseConfig  - getProperty(name=http://www.dbunit.org/features/qualifiedTableNames) - start
193079 [main] DEBUG org.dbunit.util.QualifiedTableName  - Qualified table names feature is disabled. Returning plain table name
193079 [main] DEBUG org.dbunit.util.QualifiedTableName  - getQualifiedName(prefix=null, name=SCOPE, escapePattern=null) - start
193079 [main] DEBUG org.dbunit.database.search.AbstractMetaDataBasedSearchCallback  - newEdge(rs=org.apache.commons.dbcp.DelegatingResultSet@5b80c596, type=0, from=SCOPEDCONTENT, to=SCOPE, fkColumn=SCOPE, pkColumn=ID) - start
193079 [main] DEBUG org.dbunit.database.search.AbstractMetaDataBasedSearchCallback  - createFKEdge(rs=org.apache.commons.dbcp.DelegatingResultSet@5b80c596, type=0, from=SCOPEDCONTENT, to=SCOPE, fkColumn=SCOPE, pkColumn=ID) - start
193079 [main] DEBUG org.dbunit.database.search.AbstractMetaDataBasedSearchCallback  - Adding edge SCOPEDCONTENT(SCOPE)->SCOPE(ID)
193080 [main] DEBUG org.dbunit.util.search.Edge  - compareTo(o=SCOPEDCONTENT(SCOPE)->SCOPE(ID)) - start
193080 [main] DEBUG org.dbunit.util.SQLHelper  - close(resultSet=org.apache.commons.dbcp.DelegatingResultSet@5b80c596) - start
193080 [main] DEBUG org.dbunit.util.search.DepthFirstSearch  - reverseSearch:SCOPEDCONTENTITEM
193080 [main] DEBUG org.dbunit.database.search.ImportedKeysSearchCallback  - searchNode(node=SCOPEDCONTENTITEM) - start
193080 [main] DEBUG org.dbunit.util.search.DepthFirstSearch  - Pushing (reverse) SCOPEDCONTENTITEM
193080 [main] DEBUG org.dbunit.database.search.ImportedKeysSearchCallback  - getEdges(node=SCOPEDCONTENTITEM) - start
193080 [main] DEBUG org.dbunit.database.search.AbstractMetaDataBasedSearchCallback  - getNodesFromImportedKeys(node=SCOPEDCONTENTITEM) - start
193080 [main] DEBUG org.dbunit.database.search.AbstractMetaDataBasedSearchCallback  - getNodes(type=0, node=SCOPEDCONTENTITEM) - start
193080 [main] DEBUG org.dbunit.database.DatabaseDataSourceConnection  - getConnection() - start
193080 [main] DEBUG org.dbunit.database.search.AbstractMetaDataBasedSearchCallback  - getNodes(type=0, node=SCOPEDCONTENTITEM, conn=Transaction-aware proxy for target Connection [jdbc:hsqldb:mem:kontrollDS, UserName=sw, HSQL Database Engine Driver], schema=null, metaData=org.apache.commons.dbcp.DelegatingDatabaseMetaData@632c29c8, edges=[]) - start
193080 [main] DEBUG org.dbunit.database.search.AbstractMetaDataBasedSearchCallback  - Getting edges for node SCOPEDCONTENTITEM
193080 [main] TRACE org.dbunit.database.DatabaseConfig  - getProperty(name=http://www.dbunit.org/properties/metadataHandler) - start
193081 [main] TRACE org.dbunit.database.DefaultMetadataHandler  - tableExists(metaData=org.apache.commons.dbcp.DelegatingDatabaseMetaData@632c29c8, schemaName=null, tableName=SCOPEDCONTENTITEM) - start
193082 [main] DEBUG org.dbunit.util.SQLHelper  - close(resultSet=org.apache.commons.dbcp.DelegatingResultSet@58462601) - start
193082 [main] DEBUG org.dbunit.util.SQLHelper  - close(resultSet=org.apache.commons.dbcp.DelegatingResultSet@5f18839e) - start
193082 [main] DEBUG org.dbunit.util.search.DepthFirstSearch  - reverseSearch:SCOPEDCONTENT_SCOPEDCONTENTITEM
193082 [main] DEBUG org.dbunit.util.search.DepthFirstSearch  - already searched; returning true
193082 [main] DEBUG org.dbunit.util.search.DepthFirstSearch  - reverseSearch:SCOPE
193082 [main] DEBUG org.dbunit.database.search.ImportedKeysSearchCallback  - searchNode(node=SCOPE) - start
193082 [main] DEBUG org.dbunit.util.search.DepthFirstSearch  - Pushing (reverse) SCOPE
193082 [main] DEBUG org.dbunit.database.search.ImportedKeysSearchCallback  - getEdges(node=SCOPE) - start
193082 [main] DEBUG org.dbunit.database.search.AbstractMetaDataBasedSearchCallback  - getNodesFromImportedKeys(node=SCOPE) - start
193083 [main] DEBUG org.dbunit.database.search.AbstractMetaDataBasedSearchCallback  - getNodes(type=0, node=SCOPE) - start
193083 [main] DEBUG org.dbunit.database.DatabaseDataSourceConnection  - getConnection() - start
193083 [main] DEBUG org.dbunit.database.search.AbstractMetaDataBasedSearchCallback  - getNodes(type=0, node=SCOPE, conn=Transaction-aware proxy for target Connection [jdbc:hsqldb:mem:kontrollDS, UserName=sw, HSQL Database Engine Driver], schema=null, metaData=org.apache.commons.dbcp.DelegatingDatabaseMetaData@42692ad8, edges=[]) - start
193083 [main] DEBUG org.dbunit.database.search.AbstractMetaDataBasedSearchCallback  - Getting edges for node SCOPE
193083 [main] TRACE org.dbunit.database.DatabaseConfig  - getProperty(name=http://www.dbunit.org/properties/metadataHandler) - start
193083 [main] TRACE org.dbunit.database.DefaultMetadataHandler  - tableExists(metaData=org.apache.commons.dbcp.DelegatingDatabaseMetaData@42692ad8, schemaName=null, tableName=SCOPE) - start
193084 [main] DEBUG org.dbunit.util.SQLHelper  - close(resultSet=org.apache.commons.dbcp.DelegatingResultSet@3202911b) - start
193085 [main] DEBUG org.dbunit.util.SQLHelper  - close(resultSet=org.apache.commons.dbcp.DelegatingResultSet@2c70bde0) - start
193085 [main] DEBUG org.dbunit.util.search.DepthFirstSearch  - search:SCOPEDCONTENT_SCOPEDCONTENTITEM
193085 [main] DEBUG org.dbunit.util.search.DepthFirstSearch  - already searched; returning true
193085 [main] DEBUG org.dbunit.util.search.DepthFirstSearch  - search:SCOPEDCONTENT
193085 [main] DEBUG org.dbunit.util.search.DepthFirstSearch  - already searched; returning true
193085 [main] DEBUG org.dbunit.util.search.DepthFirstSearch  - search:SCOPEDCONTENTITEM
193085 [main] DEBUG org.dbunit.util.search.DepthFirstSearch  - already searched; returning true
193085 [main] DEBUG org.dbunit.util.search.DepthFirstSearch  - search:SCOPE
193085 [main] DEBUG org.dbunit.util.search.DepthFirstSearch  - already searched; returning true
193085 [main] DEBUG org.dbunit.util.CollectionsHelper  - setToStrings(set=[SCOPE, SCOPEDCONTENT, SCOPEDCONTENTITEM, SCOPEDCONTENT_SCOPEDCONTENTITEM]) - start
193086 [main] DEBUG org.dbunit.database.search.TablesDependencyHelper  - getDependsOnTables(connection=_databaseConfig=org.dbunit.database.DatabaseConfig[, _propertyMap={http://www.dbunit.org/properties/statementFactory=org.dbunit.database.statement.PreparedStatementFactory@626bc2b8, http://www.dbunit.org/features/caseSensitiveTableNames=false, http://www.dbunit.org/properties/fetchSize=100, http://www.dbunit.org/features/batchedStatements=false, http://www.dbunit.org/properties/metadataHandler=org.dbunit.database.DefaultMetadataHandler@3eeace42, http://www.dbunit.org/properties/datatypeFactory=org.dbunit.dataset.datatype.DefaultDataTypeFactory[_toleratedDeltaMap=org.dbunit.dataset.datatype.ToleratedDeltaMap@6452310a], http://www.dbunit.org/properties/escapePattern=null, http://www.dbunit.org/properties/batchSize=100, http://www.dbunit.org/features/qualifiedTableNames=false, http://www.dbunit.org/properties/tableType=[Ljava.lang.String;@5011bafa, http://www.dbunit.org/properties/resultSetTableFactory=org.dbunit.database.CachedResultSetTableFactory@10bcf083, http://www.dbunit.org/features/datatypeWarning=true}], _dataSet=AbstractDataSet[_orderedTableNameMap=null], rootTable=SCOPEDCONTENT_SCOPEDCONTENTITEM) - start
193086 [main] DEBUG org.dbunit.util.search.DepthFirstSearch  - search(nodesFrom=[SCOPEDCONTENT_SCOPEDCONTENTITEM], callback=org.dbunit.database.search.ExportedKeysSearchCallback@203ff890) - start
193086 [main] DEBUG org.dbunit.util.CollectionsHelper  - objectsToSet(objects=SCOPEDCONTENT_SCOPEDCONTENTITEM) - start
193086 [main] DEBUG org.dbunit.util.search.DepthFirstSearch  - search(nodesFrom=[SCOPEDCONTENT_SCOPEDCONTENTITEM], callback=org.dbunit.database.search.ExportedKeysSearchCallback@203ff890) - start
193086 [main] DEBUG org.dbunit.util.search.DepthFirstSearch  - reverseSearch:SCOPEDCONTENT_SCOPEDCONTENTITEM
193086 [main] DEBUG org.dbunit.database.search.ExportedKeysSearchCallback  - searchNode(node=SCOPEDCONTENT_SCOPEDCONTENTITEM) - start
193086 [main] DEBUG org.dbunit.util.search.DepthFirstSearch  - Pushing (reverse) SCOPEDCONTENT_SCOPEDCONTENTITEM
193086 [main] DEBUG org.dbunit.database.search.ExportedKeysSearchCallback  - getEdges(node=SCOPEDCONTENT_SCOPEDCONTENTITEM) - start
193086 [main] DEBUG org.dbunit.database.search.AbstractMetaDataBasedSearchCallback  - getNodesFromExportedKeys(node=SCOPEDCONTENT_SCOPEDCONTENTITEM) - start
193086 [main] DEBUG org.dbunit.database.search.AbstractMetaDataBasedSearchCallback  - getNodes(type=1, node=SCOPEDCONTENT_SCOPEDCONTENTITEM) - start
193086 [main] DEBUG org.dbunit.database.DatabaseDataSourceConnection  - getConnection() - start
193086 [main] DEBUG org.dbunit.database.search.AbstractMetaDataBasedSearchCallback  - getNodes(type=1, node=SCOPEDCONTENT_SCOPEDCONTENTITEM, conn=Transaction-aware proxy for target Connection [jdbc:hsqldb:mem:kontrollDS, UserName=sw, HSQL Database Engine Driver], schema=null, metaData=org.apache.commons.dbcp.DelegatingDatabaseMetaData@47d7c67a, edges=[]) - start
193087 [main] DEBUG org.dbunit.database.search.AbstractMetaDataBasedSearchCallback  - Getting edges for node SCOPEDCONTENT_SCOPEDCONTENTITEM
193087 [main] TRACE org.dbunit.database.DatabaseConfig  - getProperty(name=http://www.dbunit.org/properties/metadataHandler) - start
193087 [main] TRACE org.dbunit.database.DefaultMetadataHandler  - tableExists(metaData=org.apache.commons.dbcp.DelegatingDatabaseMetaData@47d7c67a, schemaName=null, tableName=SCOPEDCONTENT_SCOPEDCONTENTITEM) - start
193089 [main] DEBUG org.dbunit.util.SQLHelper  - close(resultSet=org.apache.commons.dbcp.DelegatingResultSet@1888b37e) - start
193089 [main] DEBUG org.dbunit.util.SQLHelper  - close(resultSet=org.apache.commons.dbcp.DelegatingResultSet@7fe9abe5) - start
193089 [main] DEBUG org.dbunit.util.search.DepthFirstSearch  - search:SCOPEDCONTENT_SCOPEDCONTENTITEM
193089 [main] DEBUG org.dbunit.database.search.ExportedKeysSearchCallback  - searchNode(node=SCOPEDCONTENT_SCOPEDCONTENTITEM) - start
193089 [main] DEBUG org.dbunit.util.search.DepthFirstSearch  - Pushing SCOPEDCONTENT_SCOPEDCONTENTITEM
193089 [main] DEBUG org.dbunit.database.search.ExportedKeysSearchCallback  - getEdges(node=SCOPEDCONTENT_SCOPEDCONTENTITEM) - start
193090 [main] DEBUG org.dbunit.database.search.AbstractMetaDataBasedSearchCallback  - getNodesFromExportedKeys(node=SCOPEDCONTENT_SCOPEDCONTENTITEM) - start
193090 [main] DEBUG org.dbunit.database.search.AbstractMetaDataBasedSearchCallback  - getNodes(type=1, node=SCOPEDCONTENT_SCOPEDCONTENTITEM) - start
193090 [main] DEBUG org.dbunit.database.DatabaseDataSourceConnection  - getConnection() - start
193090 [main] DEBUG org.dbunit.database.search.AbstractMetaDataBasedSearchCallback  - getNodes(type=1, node=SCOPEDCONTENT_SCOPEDCONTENTITEM, conn=Transaction-aware proxy for target Connection [jdbc:hsqldb:mem:kontrollDS, UserName=sw, HSQL Database Engine Driver], schema=null, metaData=org.apache.commons.dbcp.DelegatingDatabaseMetaData@461488fe, edges=[]) - start
193090 [main] DEBUG org.dbunit.database.search.AbstractMetaDataBasedSearchCallback  - Getting edges for node SCOPEDCONTENT_SCOPEDCONTENTITEM
193090 [main] TRACE org.dbunit.database.DatabaseConfig  - getProperty(name=http://www.dbunit.org/properties/metadataHandler) - start
193090 [main] TRACE org.dbunit.database.DefaultMetadataHandler  - tableExists(metaData=org.apache.commons.dbcp.DelegatingDatabaseMetaData@461488fe, schemaName=null, tableName=SCOPEDCONTENT_SCOPEDCONTENTITEM) - start
193091 [main] DEBUG org.dbunit.util.SQLHelper  - close(resultSet=org.apache.commons.dbcp.DelegatingResultSet@dea5ed8) - start
193091 [main] DEBUG org.dbunit.util.SQLHelper  - close(resultSet=org.apache.commons.dbcp.DelegatingResultSet@7d84cf71) - start
193092 [main] DEBUG org.dbunit.util.search.DepthFirstSearch  - Adding node SCOPEDCONTENT_SCOPEDCONTENTITEM to the final result
193092 [main] DEBUG org.dbunit.util.CollectionsHelper  - setToStrings(set=[SCOPEDCONTENT_SCOPEDCONTENTITEM]) - start
193092 [main] DEBUG org.dbunit.database.search.TablesDependencyHelper  - getDirectDependsOnTables(connection=_databaseConfig=org.dbunit.database.DatabaseConfig[, _propertyMap={http://www.dbunit.org/properties/statementFactory=org.dbunit.database.statement.PreparedStatementFactory@626bc2b8, http://www.dbunit.org/features/caseSensitiveTableNames=false, http://www.dbunit.org/properties/fetchSize=100, http://www.dbunit.org/features/batchedStatements=false, http://www.dbunit.org/properties/metadataHandler=org.dbunit.database.DefaultMetadataHandler@3eeace42, http://www.dbunit.org/properties/datatypeFactory=org.dbunit.dataset.datatype.DefaultDataTypeFactory[_toleratedDeltaMap=org.dbunit.dataset.datatype.ToleratedDeltaMap@6452310a], http://www.dbunit.org/properties/escapePattern=null, http://www.dbunit.org/properties/batchSize=100, http://www.dbunit.org/features/qualifiedTableNames=false, http://www.dbunit.org/properties/tableType=[Ljava.lang.String;@5011bafa, http://www.dbunit.org/properties/resultSetTableFactory=org.dbunit.database.CachedResultSetTableFactory@10bcf083, http://www.dbunit.org/features/datatypeWarning=true}], _dataSet=AbstractDataSet[_orderedTableNameMap=null], tableName=SCOPEDCONTENT_SCOPEDCONTENTITEM) - start
193092 [main] DEBUG org.dbunit.util.search.DepthFirstSearch  - search(nodesFrom=[SCOPEDCONTENT_SCOPEDCONTENTITEM], callback=org.dbunit.database.search.ExportedKeysSearchCallback@49ff9126) - start
193092 [main] DEBUG org.dbunit.util.CollectionsHelper  - objectsToSet(objects=SCOPEDCONTENT_SCOPEDCONTENTITEM) - start
193092 [main] DEBUG org.dbunit.util.search.DepthFirstSearch  - search(nodesFrom=[SCOPEDCONTENT_SCOPEDCONTENTITEM], callback=org.dbunit.database.search.ExportedKeysSearchCallback@49ff9126) - start
193092 [main] DEBUG org.dbunit.util.search.DepthFirstSearch  - reverseSearch:SCOPEDCONTENT_SCOPEDCONTENTITEM
193092 [main] DEBUG org.dbunit.database.search.ExportedKeysSearchCallback  - searchNode(node=SCOPEDCONTENT_SCOPEDCONTENTITEM) - start
193092 [main] DEBUG org.dbunit.util.search.DepthFirstSearch  - Pushing (reverse) SCOPEDCONTENT_SCOPEDCONTENTITEM
193092 [main] DEBUG org.dbunit.database.search.ExportedKeysSearchCallback  - getEdges(node=SCOPEDCONTENT_SCOPEDCONTENTITEM) - start
193092 [main] DEBUG org.dbunit.database.search.AbstractMetaDataBasedSearchCallback  - getNodesFromExportedKeys(node=SCOPEDCONTENT_SCOPEDCONTENTITEM) - start
193093 [main] DEBUG org.dbunit.database.search.AbstractMetaDataBasedSearchCallback  - getNodes(type=1, node=SCOPEDCONTENT_SCOPEDCONTENTITEM) - start
193093 [main] DEBUG org.dbunit.database.DatabaseDataSourceConnection  - getConnection() - start
193093 [main] DEBUG org.dbunit.database.search.AbstractMetaDataBasedSearchCallback  - getNodes(type=1, node=SCOPEDCONTENT_SCOPEDCONTENTITEM, conn=Transaction-aware proxy for target Connection [jdbc:hsqldb:mem:kontrollDS, UserName=sw, HSQL Database Engine Driver], schema=null, metaData=org.apache.commons.dbcp.DelegatingDatabaseMetaData@29927bbe, edges=[]) - start
193093 [main] DEBUG org.dbunit.database.search.AbstractMetaDataBasedSearchCallback  - Getting edges for node SCOPEDCONTENT_SCOPEDCONTENTITEM
193093 [main] TRACE org.dbunit.database.DatabaseConfig  - getProperty(name=http://www.dbunit.org/properties/metadataHandler) - start
193093 [main] TRACE org.dbunit.database.DefaultMetadataHandler  - tableExists(metaData=org.apache.commons.dbcp.DelegatingDatabaseMetaData@29927bbe, schemaName=null, tableName=SCOPEDCONTENT_SCOPEDCONTENTITEM) - start
193099 [main] DEBUG org.dbunit.util.SQLHelper  - close(resultSet=org.apache.commons.dbcp.DelegatingResultSet@293b6d61) - start
193099 [main] DEBUG org.dbunit.util.SQLHelper  - close(resultSet=org.apache.commons.dbcp.DelegatingResultSet@4c3c6254) - start
193099 [main] DEBUG org.dbunit.util.search.DepthFirstSearch  - search:SCOPEDCONTENT_SCOPEDCONTENTITEM
193099 [main] DEBUG org.dbunit.database.search.ExportedKeysSearchCallback  - searchNode(node=SCOPEDCONTENT_SCOPEDCONTENTITEM) - start
193099 [main] DEBUG org.dbunit.util.search.DepthFirstSearch  - Pushing SCOPEDCONTENT_SCOPEDCONTENTITEM
193099 [main] DEBUG org.dbunit.database.search.ExportedKeysSearchCallback  - getEdges(node=SCOPEDCONTENT_SCOPEDCONTENTITEM) - start
193099 [main] DEBUG org.dbunit.database.search.AbstractMetaDataBasedSearchCallback  - getNodesFromExportedKeys(node=SCOPEDCONTENT_SCOPEDCONTENTITEM) - start
193099 [main] DEBUG org.dbunit.database.search.AbstractMetaDataBasedSearchCallback  - getNodes(type=1, node=SCOPEDCONTENT_SCOPEDCONTENTITEM) - start
193099 [main] DEBUG org.dbunit.database.DatabaseDataSourceConnection  - getConnection() - start
193099 [main] DEBUG org.dbunit.database.search.AbstractMetaDataBasedSearchCallback  - getNodes(type=1, node=SCOPEDCONTENT_SCOPEDCONTENTITEM, conn=Transaction-aware proxy for target Connection [jdbc:hsqldb:mem:kontrollDS, UserName=sw, HSQL Database Engine Driver], schema=null, metaData=org.apache.commons.dbcp.DelegatingDatabaseMetaData@105b9fe6, edges=[]) - start
193099 [main] DEBUG org.dbunit.database.search.AbstractMetaDataBasedSearchCallback  - Getting edges for node SCOPEDCONTENT_SCOPEDCONTENTITEM
193099 [main] TRACE org.dbunit.database.DatabaseConfig  - getProperty(name=http://www.dbunit.org/properties/metadataHandler) - start
193099 [main] TRACE org.dbunit.database.DefaultMetadataHandler  - tableExists(metaData=org.apache.commons.dbcp.DelegatingDatabaseMetaData@105b9fe6, schemaName=null, tableName=SCOPEDCONTENT_SCOPEDCONTENTITEM) - start
193100 [main] DEBUG org.dbunit.util.SQLHelper  - close(resultSet=org.apache.commons.dbcp.DelegatingResultSet@34e6783a) - start
193101 [main] DEBUG org.dbunit.util.SQLHelper  - close(resultSet=org.apache.commons.dbcp.DelegatingResultSet@2ba5ab4e) - start
193101 [main] DEBUG org.dbunit.util.search.DepthFirstSearch  - Adding node SCOPEDCONTENT_SCOPEDCONTENTITEM to the final result
193101 [main] DEBUG org.dbunit.database.search.TablesDependencyHelper  - getDirectDependentTables(connection=_databaseConfig=org.dbunit.database.DatabaseConfig[, _propertyMap={http://www.dbunit.org/properties/statementFactory=org.dbunit.database.statement.PreparedStatementFactory@626bc2b8, http://www.dbunit.org/features/caseSensitiveTableNames=false, http://www.dbunit.org/properties/fetchSize=100, http://www.dbunit.org/features/batchedStatements=false, http://www.dbunit.org/properties/metadataHandler=org.dbunit.database.DefaultMetadataHandler@3eeace42, http://www.dbunit.org/properties/datatypeFactory=org.dbunit.dataset.datatype.DefaultDataTypeFactory[_toleratedDeltaMap=org.dbunit.dataset.datatype.ToleratedDeltaMap@6452310a], http://www.dbunit.org/properties/escapePattern=null, http://www.dbunit.org/properties/batchSize=100, http://www.dbunit.org/features/qualifiedTableNames=false, http://www.dbunit.org/properties/tableType=[Ljava.lang.String;@5011bafa, http://www.dbunit.org/properties/resultSetTableFactory=org.dbunit.database.CachedResultSetTableFactory@10bcf083, http://www.dbunit.org/features/datatypeWarning=true}], _dataSet=AbstractDataSet[_orderedTableNameMap=null], tableName=SCOPEDCONTENT_SCOPEDCONTENTITEM) - start
193101 [main] DEBUG org.dbunit.util.search.DepthFirstSearch  - search(nodesFrom=[SCOPEDCONTENT_SCOPEDCONTENTITEM], callback=org.dbunit.database.search.ImportedKeysSearchCallback@38b7b2eb) - start
193101 [main] DEBUG org.dbunit.util.CollectionsHelper  - objectsToSet(objects=SCOPEDCONTENT_SCOPEDCONTENTITEM) - start
193101 [main] DEBUG org.dbunit.util.search.DepthFirstSearch  - search(nodesFrom=[SCOPEDCONTENT_SCOPEDCONTENTITEM], callback=org.dbunit.database.search.ImportedKeysSearchCallback@38b7b2eb) - start
193101 [main] DEBUG org.dbunit.util.search.DepthFirstSearch  - reverseSearch:SCOPEDCONTENT_SCOPEDCONTENTITEM
193101 [main] DEBUG org.dbunit.database.search.ImportedKeysSearchCallback  - searchNode(node=SCOPEDCONTENT_SCOPEDCONTENTITEM) - start
193101 [main] DEBUG org.dbunit.util.search.DepthFirstSearch  - Pushing (reverse) SCOPEDCONTENT_SCOPEDCONTENTITEM
193101 [main] DEBUG org.dbunit.database.search.ImportedKeysSearchCallback  - getEdges(node=SCOPEDCONTENT_SCOPEDCONTENTITEM) - start
193101 [main] DEBUG org.dbunit.database.search.AbstractMetaDataBasedSearchCallback  - getNodesFromImportedKeys(node=SCOPEDCONTENT_SCOPEDCONTENTITEM) - start
193101 [main] DEBUG org.dbunit.database.search.AbstractMetaDataBasedSearchCallback  - getNodes(type=0, node=SCOPEDCONTENT_SCOPEDCONTENTITEM) - start
193101 [main] DEBUG org.dbunit.database.DatabaseDataSourceConnection  - getConnection() - start
193101 [main] DEBUG org.dbunit.database.search.AbstractMetaDataBasedSearchCallback  - getNodes(type=0, node=SCOPEDCONTENT_SCOPEDCONTENTITEM, conn=Transaction-aware proxy for target Connection [jdbc:hsqldb:mem:kontrollDS, UserName=sw, HSQL Database Engine Driver], schema=null, metaData=org.apache.commons.dbcp.DelegatingDatabaseMetaData@24437f64, edges=[]) - start
193101 [main] DEBUG org.dbunit.database.search.AbstractMetaDataBasedSearchCallback  - Getting edges for node SCOPEDCONTENT_SCOPEDCONTENTITEM
193101 [main] TRACE org.dbunit.database.DatabaseConfig  - getProperty(name=http://www.dbunit.org/properties/metadataHandler) - start
193101 [main] TRACE org.dbunit.database.DefaultMetadataHandler  - tableExists(metaData=org.apache.commons.dbcp.DelegatingDatabaseMetaData@24437f64, schemaName=null, tableName=SCOPEDCONTENT_SCOPEDCONTENTITEM) - start
193103 [main] DEBUG org.dbunit.util.SQLHelper  - close(resultSet=org.apache.commons.dbcp.DelegatingResultSet@30c4b69c) - start
193103 [main] DEBUG org.dbunit.util.QualifiedTableName  - getQualifiedNameIfEnabled(config=org.dbunit.database.DatabaseConfig[, _propertyMap={http://www.dbunit.org/properties/statementFactory=org.dbunit.database.statement.PreparedStatementFactory@626bc2b8, http://www.dbunit.org/features/caseSensitiveTableNames=false, http://www.dbunit.org/properties/fetchSize=100, http://www.dbunit.org/features/batchedStatements=false, http://www.dbunit.org/properties/metadataHandler=org.dbunit.database.DefaultMetadataHandler@3eeace42, http://www.dbunit.org/properties/datatypeFactory=org.dbunit.dataset.datatype.DefaultDataTypeFactory[_toleratedDeltaMap=org.dbunit.dataset.datatype.ToleratedDeltaMap@6452310a], http://www.dbunit.org/properties/escapePattern=null, http://www.dbunit.org/properties/batchSize=100, http://www.dbunit.org/features/qualifiedTableNames=false, http://www.dbunit.org/properties/tableType=[Ljava.lang.String;@5011bafa, http://www.dbunit.org/properties/resultSetTableFactory=org.dbunit.database.CachedResultSetTableFactory@10bcf083, http://www.dbunit.org/features/datatypeWarning=true}]) - start
193103 [main] TRACE org.dbunit.database.DatabaseConfig  - getFeature(name=http://www.dbunit.org/features/qualifiedTableNames) - start
193103 [main] TRACE org.dbunit.database.DatabaseConfig  - getProperty(name=http://www.dbunit.org/features/qualifiedTableNames) - start
193104 [main] DEBUG org.dbunit.util.QualifiedTableName  - Qualified table names feature is disabled. Returning plain table name
193104 [main] DEBUG org.dbunit.util.QualifiedTableName  - getQualifiedName(prefix=null, name=SCOPEDCONTENT_SCOPEDCONTENTITEM, escapePattern=null) - start
193104 [main] DEBUG org.dbunit.util.QualifiedTableName  - getQualifiedNameIfEnabled(config=org.dbunit.database.DatabaseConfig[, _propertyMap={http://www.dbunit.org/properties/statementFactory=org.dbunit.database.statement.PreparedStatementFactory@626bc2b8, http://www.dbunit.org/features/caseSensitiveTableNames=false, http://www.dbunit.org/properties/fetchSize=100, http://www.dbunit.org/features/batchedStatements=false, http://www.dbunit.org/properties/metadataHandler=org.dbunit.database.DefaultMetadataHandler@3eeace42, http://www.dbunit.org/properties/datatypeFactory=org.dbunit.dataset.datatype.DefaultDataTypeFactory[_toleratedDeltaMap=org.dbunit.dataset.datatype.ToleratedDeltaMap@6452310a], http://www.dbunit.org/properties/escapePattern=null, http://www.dbunit.org/properties/batchSize=100, http://www.dbunit.org/features/qualifiedTableNames=false, http://www.dbunit.org/properties/tableType=[Ljava.lang.String;@5011bafa, http://www.dbunit.org/properties/resultSetTableFactory=org.dbunit.database.CachedResultSetTableFactory@10bcf083, http://www.dbunit.org/features/datatypeWarning=true}]) - start
193104 [main] TRACE org.dbunit.database.DatabaseConfig  - getFeature(name=http://www.dbunit.org/features/qualifiedTableNames) - start
193104 [main] TRACE org.dbunit.database.DatabaseConfig  - getProperty(name=http://www.dbunit.org/features/qualifiedTableNames) - start
193104 [main] DEBUG org.dbunit.util.QualifiedTableName  - Qualified table names feature is disabled. Returning plain table name
193104 [main] DEBUG org.dbunit.util.QualifiedTableName  - getQualifiedName(prefix=null, name=SCOPEDCONTENT, escapePattern=null) - start
193104 [main] DEBUG org.dbunit.database.search.AbstractMetaDataBasedSearchCallback  - newEdge(rs=org.apache.commons.dbcp.DelegatingResultSet@67617705, type=0, from=SCOPEDCONTENT_SCOPEDCONTENTITEM, to=SCOPEDCONTENT, fkColumn=SCOPED_CONTENT_ITEM_ID, pkColumn=ID) - start
193104 [main] DEBUG org.dbunit.database.search.AbstractMetaDataBasedSearchCallback  - createFKEdge(rs=org.apache.commons.dbcp.DelegatingResultSet@67617705, type=0, from=SCOPEDCONTENT_SCOPEDCONTENTITEM, to=SCOPEDCONTENT, fkColumn=SCOPED_CONTENT_ITEM_ID, pkColumn=ID) - start
193104 [main] DEBUG org.dbunit.database.search.AbstractMetaDataBasedSearchCallback  - Adding edge SCOPEDCONTENT_SCOPEDCONTENTITEM(SCOPED_CONTENT_ITEM_ID)->SCOPEDCONTENT(ID)
193104 [main] DEBUG org.dbunit.util.search.Edge  - compareTo(o=SCOPEDCONTENT_SCOPEDCONTENTITEM(SCOPED_CONTENT_ITEM_ID)->SCOPEDCONTENT(ID)) - start
193104 [main] DEBUG org.dbunit.util.QualifiedTableName  - getQualifiedNameIfEnabled(config=org.dbunit.database.DatabaseConfig[, _propertyMap={http://www.dbunit.org/properties/statementFactory=org.dbunit.database.statement.PreparedStatementFactory@626bc2b8, http://www.dbunit.org/features/caseSensitiveTableNames=false, http://www.dbunit.org/properties/fetchSize=100, http://www.dbunit.org/features/batchedStatements=false, http://www.dbunit.org/properties/metadataHandler=org.dbunit.database.DefaultMetadataHandler@3eeace42, http://www.dbunit.org/properties/datatypeFactory=org.dbunit.dataset.datatype.DefaultDataTypeFactory[_toleratedDeltaMap=org.dbunit.dataset.datatype.ToleratedDeltaMap@6452310a], http://www.dbunit.org/properties/escapePattern=null, http://www.dbunit.org/properties/batchSize=100, http://www.dbunit.org/features/qualifiedTableNames=false, http://www.dbunit.org/properties/tableType=[Ljava.lang.String;@5011bafa, http://www.dbunit.org/properties/resultSetTableFactory=org.dbunit.database.CachedResultSetTableFactory@10bcf083, http://www.dbunit.org/features/datatypeWarning=true}]) - start
193106 [main] TRACE org.dbunit.database.DatabaseConfig  - getFeature(name=http://www.dbunit.org/features/qualifiedTableNames) - start
193106 [main] TRACE org.dbunit.database.DatabaseConfig  - getProperty(name=http://www.dbunit.org/features/qualifiedTableNames) - start
193106 [main] DEBUG org.dbunit.util.QualifiedTableName  - Qualified table names feature is disabled. Returning plain table name
193106 [main] DEBUG org.dbunit.util.QualifiedTableName  - getQualifiedName(prefix=null, name=SCOPEDCONTENT_SCOPEDCONTENTITEM, escapePattern=null) - start
193106 [main] DEBUG org.dbunit.util.QualifiedTableName  - getQualifiedNameIfEnabled(config=org.dbunit.database.DatabaseConfig[, _propertyMap={http://www.dbunit.org/properties/statementFactory=org.dbunit.database.statement.PreparedStatementFactory@626bc2b8, http://www.dbunit.org/features/caseSensitiveTableNames=false, http://www.dbunit.org/properties/fetchSize=100, http://www.dbunit.org/features/batchedStatements=false, http://www.dbunit.org/properties/metadataHandler=org.dbunit.database.DefaultMetadataHandler@3eeace42, http://www.dbunit.org/properties/datatypeFactory=org.dbunit.dataset.datatype.DefaultDataTypeFactory[_toleratedDeltaMap=org.dbunit.dataset.datatype.ToleratedDeltaMap@6452310a], http://www.dbunit.org/properties/escapePattern=null, http://www.dbunit.org/properties/batchSize=100, http://www.dbunit.org/features/qualifiedTableNames=false, http://www.dbunit.org/properties/tableType=[Ljava.lang.String;@5011bafa, http://www.dbunit.org/properties/resultSetTableFactory=org.dbunit.database.CachedResultSetTableFactory@10bcf083, http://www.dbunit.org/features/datatypeWarning=true}]) - start
193106 [main] TRACE org.dbunit.database.DatabaseConfig  - getFeature(name=http://www.dbunit.org/features/qualifiedTableNames) - start
193106 [main] TRACE org.dbunit.database.DatabaseConfig  - getProperty(name=http://www.dbunit.org/features/qualifiedTableNames) - start
193106 [main] DEBUG org.dbunit.util.QualifiedTableName  - Qualified table names feature is disabled. Returning plain table name
193106 [main] DEBUG org.dbunit.util.QualifiedTableName  - getQualifiedName(prefix=null, name=SCOPEDCONTENTITEM, escapePattern=null) - start
193106 [main] DEBUG org.dbunit.database.search.AbstractMetaDataBasedSearchCallback  - newEdge(rs=org.apache.commons.dbcp.DelegatingResultSet@67617705, type=0, from=SCOPEDCONTENT_SCOPEDCONTENTITEM, to=SCOPEDCONTENTITEM, fkColumn=SCOPED_CONTENT_ID, pkColumn=ID) - start
193106 [main] DEBUG org.dbunit.database.search.AbstractMetaDataBasedSearchCallback  - createFKEdge(rs=org.apache.commons.dbcp.DelegatingResultSet@67617705, type=0, from=SCOPEDCONTENT_SCOPEDCONTENTITEM, to=SCOPEDCONTENTITEM, fkColumn=SCOPED_CONTENT_ID, pkColumn=ID) - start
193106 [main] DEBUG org.dbunit.database.search.AbstractMetaDataBasedSearchCallback  - Adding edge SCOPEDCONTENT_SCOPEDCONTENTITEM(SCOPED_CONTENT_ID)->SCOPEDCONTENTITEM(ID)
193106 [main] DEBUG org.dbunit.util.search.Edge  - compareTo(o=SCOPEDCONTENT_SCOPEDCONTENTITEM(SCOPED_CONTENT_ITEM_ID)->SCOPEDCONTENT(ID)) - start
193106 [main] DEBUG org.dbunit.util.SQLHelper  - close(resultSet=org.apache.commons.dbcp.DelegatingResultSet@67617705) - start
193106 [main] DEBUG org.dbunit.util.search.DepthFirstSearch  - search:SCOPEDCONTENT_SCOPEDCONTENTITEM
193106 [main] DEBUG org.dbunit.database.search.ImportedKeysSearchCallback  - searchNode(node=SCOPEDCONTENT_SCOPEDCONTENTITEM) - start
193106 [main] DEBUG org.dbunit.util.search.DepthFirstSearch  - Pushing SCOPEDCONTENT_SCOPEDCONTENTITEM
193106 [main] DEBUG org.dbunit.database.search.ImportedKeysSearchCallback  - getEdges(node=SCOPEDCONTENT_SCOPEDCONTENTITEM) - start
193106 [main] DEBUG org.dbunit.database.search.AbstractMetaDataBasedSearchCallback  - getNodesFromImportedKeys(node=SCOPEDCONTENT_SCOPEDCONTENTITEM) - start
193106 [main] DEBUG org.dbunit.database.search.AbstractMetaDataBasedSearchCallback  - getNodes(type=0, node=SCOPEDCONTENT_SCOPEDCONTENTITEM) - start
193106 [main] DEBUG org.dbunit.database.DatabaseDataSourceConnection  - getConnection() - start
193106 [main] DEBUG org.dbunit.database.search.AbstractMetaDataBasedSearchCallback  - getNodes(type=0, node=SCOPEDCONTENT_SCOPEDCONTENTITEM, conn=Transaction-aware proxy for target Connection [jdbc:hsqldb:mem:kontrollDS, UserName=sw, HSQL Database Engine Driver], schema=null, metaData=org.apache.commons.dbcp.DelegatingDatabaseMetaData@2fcd1e49, edges=[]) - start
193106 [main] DEBUG org.dbunit.database.search.AbstractMetaDataBasedSearchCallback  - Getting edges for node SCOPEDCONTENT_SCOPEDCONTENTITEM
193106 [main] TRACE org.dbunit.database.DatabaseConfig  - getProperty(name=http://www.dbunit.org/properties/metadataHandler) - start
193106 [main] TRACE org.dbunit.database.DefaultMetadataHandler  - tableExists(metaData=org.apache.commons.dbcp.DelegatingDatabaseMetaData@2fcd1e49, schemaName=null, tableName=SCOPEDCONTENT_SCOPEDCONTENTITEM) - start
193107 [main] DEBUG org.dbunit.util.SQLHelper  - close(resultSet=org.apache.commons.dbcp.DelegatingResultSet@6045b173) - start
193108 [main] DEBUG org.dbunit.util.QualifiedTableName  - getQualifiedNameIfEnabled(config=org.dbunit.database.DatabaseConfig[, _propertyMap={http://www.dbunit.org/properties/statementFactory=org.dbunit.database.statement.PreparedStatementFactory@626bc2b8, http://www.dbunit.org/features/caseSensitiveTableNames=false, http://www.dbunit.org/properties/fetchSize=100, http://www.dbunit.org/features/batchedStatements=false, http://www.dbunit.org/properties/metadataHandler=org.dbunit.database.DefaultMetadataHandler@3eeace42, http://www.dbunit.org/properties/datatypeFactory=org.dbunit.dataset.datatype.DefaultDataTypeFactory[_toleratedDeltaMap=org.dbunit.dataset.datatype.ToleratedDeltaMap@6452310a], http://www.dbunit.org/properties/escapePattern=null, http://www.dbunit.org/properties/batchSize=100, http://www.dbunit.org/features/qualifiedTableNames=false, http://www.dbunit.org/properties/tableType=[Ljava.lang.String;@5011bafa, http://www.dbunit.org/properties/resultSetTableFactory=org.dbunit.database.CachedResultSetTableFactory@10bcf083, http://www.dbunit.org/features/datatypeWarning=true}]) - start
193108 [main] TRACE org.dbunit.database.DatabaseConfig  - getFeature(name=http://www.dbunit.org/features/qualifiedTableNames) - start
193108 [main] TRACE org.dbunit.database.DatabaseConfig  - getProperty(name=http://www.dbunit.org/features/qualifiedTableNames) - start
193108 [main] DEBUG org.dbunit.util.QualifiedTableName  - Qualified table names feature is disabled. Returning plain table name
193108 [main] DEBUG org.dbunit.util.QualifiedTableName  - getQualifiedName(prefix=null, name=SCOPEDCONTENT_SCOPEDCONTENTITEM, escapePattern=null) - start
193108 [main] DEBUG org.dbunit.util.QualifiedTableName  - getQualifiedNameIfEnabled(config=org.dbunit.database.DatabaseConfig[, _propertyMap={http://www.dbunit.org/properties/statementFactory=org.dbunit.database.statement.PreparedStatementFactory@626bc2b8, http://www.dbunit.org/features/caseSensitiveTableNames=false, http://www.dbunit.org/properties/fetchSize=100, http://www.dbunit.org/features/batchedStatements=false, http://www.dbunit.org/properties/metadataHandler=org.dbunit.database.DefaultMetadataHandler@3eeace42, http://www.dbunit.org/properties/datatypeFactory=org.dbunit.dataset.datatype.DefaultDataTypeFactory[_toleratedDeltaMap=org.dbunit.dataset.datatype.ToleratedDeltaMap@6452310a], http://www.dbunit.org/properties/escapePattern=null, http://www.dbunit.org/properties/batchSize=100, http://www.dbunit.org/features/qualifiedTableNames=false, http://www.dbunit.org/properties/tableType=[Ljava.lang.String;@5011bafa, http://www.dbunit.org/properties/resultSetTableFactory=org.dbunit.database.CachedResultSetTableFactory@10bcf083, http://www.dbunit.org/features/datatypeWarning=true}]) - start
193108 [main] TRACE org.dbunit.database.DatabaseConfig  - getFeature(name=http://www.dbunit.org/features/qualifiedTableNames) - start
193108 [main] TRACE org.dbunit.database.DatabaseConfig  - getProperty(name=http://www.dbunit.org/features/qualifiedTableNames) - start
193108 [main] DEBUG org.dbunit.util.QualifiedTableName  - Qualified table names feature is disabled. Returning plain table name
193108 [main] DEBUG org.dbunit.util.QualifiedTableName  - getQualifiedName(prefix=null, name=SCOPEDCONTENT, escapePattern=null) - start
193108 [main] DEBUG org.dbunit.database.search.AbstractMetaDataBasedSearchCallback  - newEdge(rs=org.apache.commons.dbcp.DelegatingResultSet@7e9bf24a, type=0, from=SCOPEDCONTENT_SCOPEDCONTENTITEM, to=SCOPEDCONTENT, fkColumn=SCOPED_CONTENT_ITEM_ID, pkColumn=ID) - start
193108 [main] DEBUG org.dbunit.database.search.AbstractMetaDataBasedSearchCallback  - createFKEdge(rs=org.apache.commons.dbcp.DelegatingResultSet@7e9bf24a, type=0, from=SCOPEDCONTENT_SCOPEDCONTENTITEM, to=SCOPEDCONTENT, fkColumn=SCOPED_CONTENT_ITEM_ID, pkColumn=ID) - start
193108 [main] DEBUG org.dbunit.database.search.AbstractMetaDataBasedSearchCallback  - Adding edge SCOPEDCONTENT_SCOPEDCONTENTITEM(SCOPED_CONTENT_ITEM_ID)->SCOPEDCONTENT(ID)
193108 [main] DEBUG org.dbunit.util.search.Edge  - compareTo(o=SCOPEDCONTENT_SCOPEDCONTENTITEM(SCOPED_CONTENT_ITEM_ID)->SCOPEDCONTENT(ID)) - start
193108 [main] DEBUG org.dbunit.util.QualifiedTableName  - getQualifiedNameIfEnabled(config=org.dbunit.database.DatabaseConfig[, _propertyMap={http://www.dbunit.org/properties/statementFactory=org.dbunit.database.statement.PreparedStatementFactory@626bc2b8, http://www.dbunit.org/features/caseSensitiveTableNames=false, http://www.dbunit.org/properties/fetchSize=100, http://www.dbunit.org/features/batchedStatements=false, http://www.dbunit.org/properties/metadataHandler=org.dbunit.database.DefaultMetadataHandler@3eeace42, http://www.dbunit.org/properties/datatypeFactory=org.dbunit.dataset.datatype.DefaultDataTypeFactory[_toleratedDeltaMap=org.dbunit.dataset.datatype.ToleratedDeltaMap@6452310a], http://www.dbunit.org/properties/escapePattern=null, http://www.dbunit.org/properties/batchSize=100, http://www.dbunit.org/features/qualifiedTableNames=false, http://www.dbunit.org/properties/tableType=[Ljava.lang.String;@5011bafa, http://www.dbunit.org/properties/resultSetTableFactory=org.dbunit.database.CachedResultSetTableFactory@10bcf083, http://www.dbunit.org/features/datatypeWarning=true}]) - start
193108 [main] TRACE org.dbunit.database.DatabaseConfig  - getFeature(name=http://www.dbunit.org/features/qualifiedTableNames) - start
193109 [main] TRACE org.dbunit.database.DatabaseConfig  - getProperty(name=http://www.dbunit.org/features/qualifiedTableNames) - start
193109 [main] DEBUG org.dbunit.util.QualifiedTableName  - Qualified table names feature is disabled. Returning plain table name
193109 [main] DEBUG org.dbunit.util.QualifiedTableName  - getQualifiedName(prefix=null, name=SCOPEDCONTENT_SCOPEDCONTENTITEM, escapePattern=null) - start
193109 [main] DEBUG org.dbunit.util.QualifiedTableName  - getQualifiedNameIfEnabled(config=org.dbunit.database.DatabaseConfig[, _propertyMap={http://www.dbunit.org/properties/statementFactory=org.dbunit.database.statement.PreparedStatementFactory@626bc2b8, http://www.dbunit.org/features/caseSensitiveTableNames=false, http://www.dbunit.org/properties/fetchSize=100, http://www.dbunit.org/features/batchedStatements=false, http://www.dbunit.org/properties/metadataHandler=org.dbunit.database.DefaultMetadataHandler@3eeace42, http://www.dbunit.org/properties/datatypeFactory=org.dbunit.dataset.datatype.DefaultDataTypeFactory[_toleratedDeltaMap=org.dbunit.dataset.datatype.ToleratedDeltaMap@6452310a], http://www.dbunit.org/properties/escapePattern=null, http://www.dbunit.org/properties/batchSize=100, http://www.dbunit.org/features/qualifiedTableNames=false, http://www.dbunit.org/properties/tableType=[Ljava.lang.String;@5011bafa, http://www.dbunit.org/properties/resultSetTableFactory=org.dbunit.database.CachedResultSetTableFactory@10bcf083, http://www.dbunit.org/features/datatypeWarning=true}]) - start
193109 [main] TRACE org.dbunit.database.DatabaseConfig  - getFeature(name=http://www.dbunit.org/features/qualifiedTableNames) - start
193109 [main] TRACE org.dbunit.database.DatabaseConfig  - getProperty(name=http://www.dbunit.org/features/qualifiedTableNames) - start
193109 [main] DEBUG org.dbunit.util.QualifiedTableName  - Qualified table names feature is disabled. Returning plain table name
193109 [main] DEBUG org.dbunit.util.QualifiedTableName  - getQualifiedName(prefix=null, name=SCOPEDCONTENTITEM, escapePattern=null) - start
193109 [main] DEBUG org.dbunit.database.search.AbstractMetaDataBasedSearchCallback  - newEdge(rs=org.apache.commons.dbcp.DelegatingResultSet@7e9bf24a, type=0, from=SCOPEDCONTENT_SCOPEDCONTENTITEM, to=SCOPEDCONTENTITEM, fkColumn=SCOPED_CONTENT_ID, pkColumn=ID) - start
193109 [main] DEBUG org.dbunit.database.search.AbstractMetaDataBasedSearchCallback  - createFKEdge(rs=org.apache.commons.dbcp.DelegatingResultSet@7e9bf24a, type=0, from=SCOPEDCONTENT_SCOPEDCONTENTITEM, to=SCOPEDCONTENTITEM, fkColumn=SCOPED_CONTENT_ID, pkColumn=ID) - start
193109 [main] DEBUG org.dbunit.database.search.AbstractMetaDataBasedSearchCallback  - Adding edge SCOPEDCONTENT_SCOPEDCONTENTITEM(SCOPED_CONTENT_ID)->SCOPEDCONTENTITEM(ID)
193109 [main] DEBUG org.dbunit.util.search.Edge  - compareTo(o=SCOPEDCONTENT_SCOPEDCONTENTITEM(SCOPED_CONTENT_ITEM_ID)->SCOPEDCONTENT(ID)) - start
193109 [main] DEBUG org.dbunit.util.SQLHelper  - close(resultSet=org.apache.commons.dbcp.DelegatingResultSet@7e9bf24a) - start
193109 [main] DEBUG org.dbunit.util.search.DepthFirstSearch  - search:SCOPEDCONTENT
193109 [main] DEBUG org.dbunit.database.search.ImportedKeysSearchCallback  - searchNode(node=SCOPEDCONTENT) - start
193109 [main] DEBUG org.dbunit.util.search.DepthFirstSearch  - Pushing SCOPEDCONTENT
193109 [main] DEBUG org.dbunit.database.search.ImportedKeysSearchCallback  - getEdges(node=SCOPEDCONTENT) - start
193109 [main] DEBUG org.dbunit.database.search.AbstractMetaDataBasedSearchCallback  - getNodesFromImportedKeys(node=SCOPEDCONTENT) - start
193109 [main] DEBUG org.dbunit.database.search.AbstractMetaDataBasedSearchCallback  - getNodes(type=0, node=SCOPEDCONTENT) - start
193109 [main] DEBUG org.dbunit.database.DatabaseDataSourceConnection  - getConnection() - start
193109 [main] DEBUG org.dbunit.database.search.AbstractMetaDataBasedSearchCallback  - getNodes(type=0, node=SCOPEDCONTENT, conn=Transaction-aware proxy for target Connection [jdbc:hsqldb:mem:kontrollDS, UserName=sw, HSQL Database Engine Driver], schema=null, metaData=org.apache.commons.dbcp.DelegatingDatabaseMetaData@30401936, edges=[]) - start
193109 [main] DEBUG org.dbunit.database.search.AbstractMetaDataBasedSearchCallback  - Getting edges for node SCOPEDCONTENT
193109 [main] TRACE org.dbunit.database.DatabaseConfig  - getProperty(name=http://www.dbunit.org/properties/metadataHandler) - start
193109 [main] TRACE org.dbunit.database.DefaultMetadataHandler  - tableExists(metaData=org.apache.commons.dbcp.DelegatingDatabaseMetaData@30401936, schemaName=null, tableName=SCOPEDCONTENT) - start
193110 [main] DEBUG org.dbunit.util.SQLHelper  - close(resultSet=org.apache.commons.dbcp.DelegatingResultSet@6b8abc5e) - start
193111 [main] DEBUG org.dbunit.util.QualifiedTableName  - getQualifiedNameIfEnabled(config=org.dbunit.database.DatabaseConfig[, _propertyMap={http://www.dbunit.org/properties/statementFactory=org.dbunit.database.statement.PreparedStatementFactory@626bc2b8, http://www.dbunit.org/features/caseSensitiveTableNames=false, http://www.dbunit.org/properties/fetchSize=100, http://www.dbunit.org/features/batchedStatements=false, http://www.dbunit.org/properties/metadataHandler=org.dbunit.database.DefaultMetadataHandler@3eeace42, http://www.dbunit.org/properties/datatypeFactory=org.dbunit.dataset.datatype.DefaultDataTypeFactory[_toleratedDeltaMap=org.dbunit.dataset.datatype.ToleratedDeltaMap@6452310a], http://www.dbunit.org/properties/escapePattern=null, http://www.dbunit.org/properties/batchSize=100, http://www.dbunit.org/features/qualifiedTableNames=false, http://www.dbunit.org/properties/tableType=[Ljava.lang.String;@5011bafa, http://www.dbunit.org/properties/resultSetTableFactory=org.dbunit.database.CachedResultSetTableFactory@10bcf083, http://www.dbunit.org/features/datatypeWarning=true}]) - start
193111 [main] TRACE org.dbunit.database.DatabaseConfig  - getFeature(name=http://www.dbunit.org/features/qualifiedTableNames) - start
193111 [main] TRACE org.dbunit.database.DatabaseConfig  - getProperty(name=http://www.dbunit.org/features/qualifiedTableNames) - start
193111 [main] DEBUG org.dbunit.util.QualifiedTableName  - Qualified table names feature is disabled. Returning plain table name
193111 [main] DEBUG org.dbunit.util.QualifiedTableName  - getQualifiedName(prefix=null, name=SCOPEDCONTENT, escapePattern=null) - start
193111 [main] DEBUG org.dbunit.util.QualifiedTableName  - getQualifiedNameIfEnabled(config=org.dbunit.database.DatabaseConfig[, _propertyMap={http://www.dbunit.org/properties/statementFactory=org.dbunit.database.statement.PreparedStatementFactory@626bc2b8, http://www.dbunit.org/features/caseSensitiveTableNames=false, http://www.dbunit.org/properties/fetchSize=100, http://www.dbunit.org/features/batchedStatements=false, http://www.dbunit.org/properties/metadataHandler=org.dbunit.database.DefaultMetadataHandler@3eeace42, http://www.dbunit.org/properties/datatypeFactory=org.dbunit.dataset.datatype.DefaultDataTypeFactory[_toleratedDeltaMap=org.dbunit.dataset.datatype.ToleratedDeltaMap@6452310a], http://www.dbunit.org/properties/escapePattern=null, http://www.dbunit.org/properties/batchSize=100, http://www.dbunit.org/features/qualifiedTableNames=false, http://www.dbunit.org/properties/tableType=[Ljava.lang.String;@5011bafa, http://www.dbunit.org/properties/resultSetTableFactory=org.dbunit.database.CachedResultSetTableFactory@10bcf083, http://www.dbunit.org/features/datatypeWarning=true}]) - start
193111 [main] TRACE org.dbunit.database.DatabaseConfig  - getFeature(name=http://www.dbunit.org/features/qualifiedTableNames) - start
193111 [main] TRACE org.dbunit.database.DatabaseConfig  - getProperty(name=http://www.dbunit.org/features/qualifiedTableNames) - start
193111 [main] DEBUG org.dbunit.util.QualifiedTableName  - Qualified table names feature is disabled. Returning plain table name
193111 [main] DEBUG org.dbunit.util.QualifiedTableName  - getQualifiedName(prefix=null, name=SCOPE, escapePattern=null) - start
193111 [main] DEBUG org.dbunit.database.search.AbstractMetaDataBasedSearchCallback  - newEdge(rs=org.apache.commons.dbcp.DelegatingResultSet@1101f582, type=0, from=SCOPEDCONTENT, to=SCOPE, fkColumn=SCOPE, pkColumn=ID) - start
193111 [main] DEBUG org.dbunit.database.search.AbstractMetaDataBasedSearchCallback  - createFKEdge(rs=org.apache.commons.dbcp.DelegatingResultSet@1101f582, type=0, from=SCOPEDCONTENT, to=SCOPE, fkColumn=SCOPE, pkColumn=ID) - start
193111 [main] DEBUG org.dbunit.database.search.AbstractMetaDataBasedSearchCallback  - Adding edge SCOPEDCONTENT(SCOPE)->SCOPE(ID)
193111 [main] DEBUG org.dbunit.util.search.Edge  - compareTo(o=SCOPEDCONTENT(SCOPE)->SCOPE(ID)) - start
193111 [main] DEBUG org.dbunit.util.SQLHelper  - close(resultSet=org.apache.commons.dbcp.DelegatingResultSet@1101f582) - start
193111 [main] DEBUG org.dbunit.util.search.DepthFirstSearch  - search:SCOPE
193111 [main] DEBUG org.dbunit.database.search.ImportedKeysSearchCallback  - searchNode(node=SCOPE) - start
193111 [main] DEBUG org.dbunit.util.search.DepthFirstSearch  - Pushing SCOPE
193111 [main] DEBUG org.dbunit.database.search.ImportedKeysSearchCallback  - getEdges(node=SCOPE) - start
193111 [main] DEBUG org.dbunit.database.search.AbstractMetaDataBasedSearchCallback  - getNodesFromImportedKeys(node=SCOPE) - start
193111 [main] DEBUG org.dbunit.database.search.AbstractMetaDataBasedSearchCallback  - getNodes(type=0, node=SCOPE) - start
193111 [main] DEBUG org.dbunit.database.DatabaseDataSourceConnection  - getConnection() - start
193112 [main] DEBUG org.dbunit.database.search.AbstractMetaDataBasedSearchCallback  - getNodes(type=0, node=SCOPE, conn=Transaction-aware proxy for target Connection [jdbc:hsqldb:mem:kontrollDS, UserName=sw, HSQL Database Engine Driver], schema=null, metaData=org.apache.commons.dbcp.DelegatingDatabaseMetaData@179d3287, edges=[]) - start
193112 [main] DEBUG org.dbunit.database.search.AbstractMetaDataBasedSearchCallback  - Getting edges for node SCOPE
193112 [main] TRACE org.dbunit.database.DatabaseConfig  - getProperty(name=http://www.dbunit.org/properties/metadataHandler) - start
193112 [main] TRACE org.dbunit.database.DefaultMetadataHandler  - tableExists(metaData=org.apache.commons.dbcp.DelegatingDatabaseMetaData@179d3287, schemaName=null, tableName=SCOPE) - start
193113 [main] DEBUG org.dbunit.util.SQLHelper  - close(resultSet=org.apache.commons.dbcp.DelegatingResultSet@8645318) - start
193113 [main] DEBUG org.dbunit.util.SQLHelper  - close(resultSet=org.apache.commons.dbcp.DelegatingResultSet@18703f93) - start
193113 [main] DEBUG org.dbunit.util.search.DepthFirstSearch  - Adding node SCOPE to the final result
193113 [main] DEBUG org.dbunit.util.search.DepthFirstSearch  - Adding node SCOPEDCONTENT to the final result
193113 [main] DEBUG org.dbunit.util.search.DepthFirstSearch  - search:SCOPEDCONTENTITEM
193113 [main] DEBUG org.dbunit.database.search.ImportedKeysSearchCallback  - searchNode(node=SCOPEDCONTENTITEM) - start
193113 [main] DEBUG org.dbunit.util.search.DepthFirstSearch  - Pushing SCOPEDCONTENTITEM
193113 [main] DEBUG org.dbunit.util.search.DepthFirstSearch  - Adding node SCOPEDCONTENTITEM to the final result
193113 [main] DEBUG org.dbunit.util.search.DepthFirstSearch  - Adding node SCOPEDCONTENT_SCOPEDCONTENTITEM to the final result
193113 [main] DEBUG org.dbunit.util.search.DepthFirstSearch  - reverseSearch:SCOPEDCONTENT
193113 [main] DEBUG org.dbunit.database.search.ImportedKeysSearchCallback  - searchNode(node=SCOPEDCONTENT) - start
193113 [main] DEBUG org.dbunit.util.search.DepthFirstSearch  - Pushing (reverse) SCOPEDCONTENT
193113 [main] DEBUG org.dbunit.database.search.ImportedKeysSearchCallback  - getEdges(node=SCOPEDCONTENT) - start
193113 [main] DEBUG org.dbunit.database.search.AbstractMetaDataBasedSearchCallback  - getNodesFromImportedKeys(node=SCOPEDCONTENT) - start
193113 [main] DEBUG org.dbunit.database.search.AbstractMetaDataBasedSearchCallback  - getNodes(type=0, node=SCOPEDCONTENT) - start
193113 [main] DEBUG org.dbunit.database.DatabaseDataSourceConnection  - getConnection() - start
193114 [main] DEBUG org.dbunit.database.search.AbstractMetaDataBasedSearchCallback  - getNodes(type=0, node=SCOPEDCONTENT, conn=Transaction-aware proxy for target Connection [jdbc:hsqldb:mem:kontrollDS, UserName=sw, HSQL Database Engine Driver], schema=null, metaData=org.apache.commons.dbcp.DelegatingDatabaseMetaData@715dd86d, edges=[]) - start
193114 [main] DEBUG org.dbunit.database.search.AbstractMetaDataBasedSearchCallback  - Getting edges for node SCOPEDCONTENT
193114 [main] TRACE org.dbunit.database.DatabaseConfig  - getProperty(name=http://www.dbunit.org/properties/metadataHandler) - start
193114 [main] TRACE org.dbunit.database.DefaultMetadataHandler  - tableExists(metaData=org.apache.commons.dbcp.DelegatingDatabaseMetaData@715dd86d, schemaName=null, tableName=SCOPEDCONTENT) - start
193115 [main] DEBUG org.dbunit.util.SQLHelper  - close(resultSet=org.apache.commons.dbcp.DelegatingResultSet@4668e8c4) - start
193115 [main] DEBUG org.dbunit.util.QualifiedTableName  - getQualifiedNameIfEnabled(config=org.dbunit.database.DatabaseConfig[, _propertyMap={http://www.dbunit.org/properties/statementFactory=org.dbunit.database.statement.PreparedStatementFactory@626bc2b8, http://www.dbunit.org/features/caseSensitiveTableNames=false, http://www.dbunit.org/properties/fetchSize=100, http://www.dbunit.org/features/batchedStatements=false, http://www.dbunit.org/properties/metadataHandler=org.dbunit.database.DefaultMetadataHandler@3eeace42, http://www.dbunit.org/properties/datatypeFactory=org.dbunit.dataset.datatype.DefaultDataTypeFactory[_toleratedDeltaMap=org.dbunit.dataset.datatype.ToleratedDeltaMap@6452310a], http://www.dbunit.org/properties/escapePattern=null, http://www.dbunit.org/properties/batchSize=100, http://www.dbunit.org/features/qualifiedTableNames=false, http://www.dbunit.org/properties/tableType=[Ljava.lang.String;@5011bafa, http://www.dbunit.org/properties/resultSetTableFactory=org.dbunit.database.CachedResultSetTableFactory@10bcf083, http://www.dbunit.org/features/datatypeWarning=true}]) - start
193115 [main] TRACE org.dbunit.database.DatabaseConfig  - getFeature(name=http://www.dbunit.org/features/qualifiedTableNames) - start
193115 [main] TRACE org.dbunit.database.DatabaseConfig  - getProperty(name=http://www.dbunit.org/features/qualifiedTableNames) - start
193115 [main] DEBUG org.dbunit.util.QualifiedTableName  - Qualified table names feature is disabled. Returning plain table name
193115 [main] DEBUG org.dbunit.util.QualifiedTableName  - getQualifiedName(prefix=null, name=SCOPEDCONTENT, escapePattern=null) - start
193115 [main] DEBUG org.dbunit.util.QualifiedTableName  - getQualifiedNameIfEnabled(config=org.dbunit.database.DatabaseConfig[, _propertyMap={http://www.dbunit.org/properties/statementFactory=org.dbunit.database.statement.PreparedStatementFactory@626bc2b8, http://www.dbunit.org/features/caseSensitiveTableNames=false, http://www.dbunit.org/properties/fetchSize=100, http://www.dbunit.org/features/batchedStatements=false, http://www.dbunit.org/properties/metadataHandler=org.dbunit.database.DefaultMetadataHandler@3eeace42, http://www.dbunit.org/properties/datatypeFactory=org.dbunit.dataset.datatype.DefaultDataTypeFactory[_toleratedDeltaMap=org.dbunit.dataset.datatype.ToleratedDeltaMap@6452310a], http://www.dbunit.org/properties/escapePattern=null, http://www.dbunit.org/properties/batchSize=100, http://www.dbunit.org/features/qualifiedTableNames=false, http://www.dbunit.org/properties/tableType=[Ljava.lang.String;@5011bafa, http://www.dbunit.org/properties/resultSetTableFactory=org.dbunit.database.CachedResultSetTableFactory@10bcf083, http://www.dbunit.org/features/datatypeWarning=true}]) - start
193115 [main] TRACE org.dbunit.database.DatabaseConfig  - getFeature(name=http://www.dbunit.org/features/qualifiedTableNames) - start
193115 [main] TRACE org.dbunit.database.DatabaseConfig  - getProperty(name=http://www.dbunit.org/features/qualifiedTableNames) - start
193115 [main] DEBUG org.dbunit.util.QualifiedTableName  - Qualified table names feature is disabled. Returning plain table name
193115 [main] DEBUG org.dbunit.util.QualifiedTableName  - getQualifiedName(prefix=null, name=SCOPE, escapePattern=null) - start
193115 [main] DEBUG org.dbunit.database.search.AbstractMetaDataBasedSearchCallback  - newEdge(rs=org.apache.commons.dbcp.DelegatingResultSet@6a9a7d6d, type=0, from=SCOPEDCONTENT, to=SCOPE, fkColumn=SCOPE, pkColumn=ID) - start
193115 [main] DEBUG org.dbunit.database.search.AbstractMetaDataBasedSearchCallback  - createFKEdge(rs=org.apache.commons.dbcp.DelegatingResultSet@6a9a7d6d, type=0, from=SCOPEDCONTENT, to=SCOPE, fkColumn=SCOPE, pkColumn=ID) - start
193115 [main] DEBUG org.dbunit.database.search.AbstractMetaDataBasedSearchCallback  - Adding edge SCOPEDCONTENT(SCOPE)->SCOPE(ID)
193115 [main] DEBUG org.dbunit.util.search.Edge  - compareTo(o=SCOPEDCONTENT(SCOPE)->SCOPE(ID)) - start
193115 [main] DEBUG org.dbunit.util.SQLHelper  - close(resultSet=org.apache.commons.dbcp.DelegatingResultSet@6a9a7d6d) - start
193115 [main] DEBUG org.dbunit.util.search.DepthFirstSearch  - reverseSearch:SCOPEDCONTENTITEM
193115 [main] DEBUG org.dbunit.database.search.ImportedKeysSearchCallback  - searchNode(node=SCOPEDCONTENTITEM) - start
193115 [main] DEBUG org.dbunit.util.search.DepthFirstSearch  - Pushing (reverse) SCOPEDCONTENTITEM
193115 [main] DEBUG org.dbunit.database.search.ImportedKeysSearchCallback  - getEdges(node=SCOPEDCONTENTITEM) - start
193116 [main] DEBUG org.dbunit.database.search.AbstractMetaDataBasedSearchCallback  - getNodesFromImportedKeys(node=SCOPEDCONTENTITEM) - start
193116 [main] DEBUG org.dbunit.database.search.AbstractMetaDataBasedSearchCallback  - getNodes(type=0, node=SCOPEDCONTENTITEM) - start
193116 [main] DEBUG org.dbunit.database.DatabaseDataSourceConnection  - getConnection() - start
193116 [main] DEBUG org.dbunit.database.search.AbstractMetaDataBasedSearchCallback  - getNodes(type=0, node=SCOPEDCONTENTITEM, conn=Transaction-aware proxy for target Connection [jdbc:hsqldb:mem:kontrollDS, UserName=sw, HSQL Database Engine Driver], schema=null, metaData=org.apache.commons.dbcp.DelegatingDatabaseMetaData@44a0b5c8, edges=[]) - start
193116 [main] DEBUG org.dbunit.database.search.AbstractMetaDataBasedSearchCallback  - Getting edges for node SCOPEDCONTENTITEM
193116 [main] TRACE org.dbunit.database.DatabaseConfig  - getProperty(name=http://www.dbunit.org/properties/metadataHandler) - start
193116 [main] TRACE org.dbunit.database.DefaultMetadataHandler  - tableExists(metaData=org.apache.commons.dbcp.DelegatingDatabaseMetaData@44a0b5c8, schemaName=null, tableName=SCOPEDCONTENTITEM) - start
193117 [main] DEBUG org.dbunit.util.SQLHelper  - close(resultSet=org.apache.commons.dbcp.DelegatingResultSet@2b1644b) - start
193117 [main] DEBUG org.dbunit.util.SQLHelper  - close(resultSet=org.apache.commons.dbcp.DelegatingResultSet@40c516f5) - start
193117 [main] DEBUG org.dbunit.util.search.DepthFirstSearch  - reverseSearch:SCOPEDCONTENT_SCOPEDCONTENTITEM
193117 [main] DEBUG org.dbunit.util.search.DepthFirstSearch  - already searched; returning true
193117 [main] DEBUG org.dbunit.util.search.DepthFirstSearch  - reverseSearch:SCOPE
193117 [main] DEBUG org.dbunit.database.search.ImportedKeysSearchCallback  - searchNode(node=SCOPE) - start
193117 [main] DEBUG org.dbunit.util.search.DepthFirstSearch  - Pushing (reverse) SCOPE
193117 [main] DEBUG org.dbunit.database.search.ImportedKeysSearchCallback  - getEdges(node=SCOPE) - start
193117 [main] DEBUG org.dbunit.database.search.AbstractMetaDataBasedSearchCallback  - getNodesFromImportedKeys(node=SCOPE) - start
193117 [main] DEBUG org.dbunit.database.search.AbstractMetaDataBasedSearchCallback  - getNodes(type=0, node=SCOPE) - start
193117 [main] DEBUG org.dbunit.database.DatabaseDataSourceConnection  - getConnection() - start
193117 [main] DEBUG org.dbunit.database.search.AbstractMetaDataBasedSearchCallback  - getNodes(type=0, node=SCOPE, conn=Transaction-aware proxy for target Connection [jdbc:hsqldb:mem:kontrollDS, UserName=sw, HSQL Database Engine Driver], schema=null, metaData=org.apache.commons.dbcp.DelegatingDatabaseMetaData@4b66500b, edges=[]) - start
193118 [main] DEBUG org.dbunit.database.search.AbstractMetaDataBasedSearchCallback  - Getting edges for node SCOPE
193118 [main] TRACE org.dbunit.database.DatabaseConfig  - getProperty(name=http://www.dbunit.org/properties/metadataHandler) - start
193118 [main] TRACE org.dbunit.database.DefaultMetadataHandler  - tableExists(metaData=org.apache.commons.dbcp.DelegatingDatabaseMetaData@4b66500b, schemaName=null, tableName=SCOPE) - start
193119 [main] DEBUG org.dbunit.util.SQLHelper  - close(resultSet=org.apache.commons.dbcp.DelegatingResultSet@4c90d422) - start
193119 [main] DEBUG org.dbunit.util.SQLHelper  - close(resultSet=org.apache.commons.dbcp.DelegatingResultSet@62e5a7ea) - start
193119 [main] DEBUG org.dbunit.util.search.DepthFirstSearch  - search:SCOPEDCONTENT_SCOPEDCONTENTITEM
193119 [main] DEBUG org.dbunit.util.search.DepthFirstSearch  - already searched; returning true
193119 [main] DEBUG org.dbunit.util.search.DepthFirstSearch  - search:SCOPEDCONTENT
193119 [main] DEBUG org.dbunit.util.search.DepthFirstSearch  - already searched; returning true
193119 [main] DEBUG org.dbunit.util.search.DepthFirstSearch  - search:SCOPEDCONTENTITEM
193119 [main] DEBUG org.dbunit.util.search.DepthFirstSearch  - already searched; returning true
193119 [main] DEBUG org.dbunit.util.search.DepthFirstSearch  - search:SCOPE
193119 [main] DEBUG org.dbunit.util.search.DepthFirstSearch  - already searched; returning true
193119 [main] DEBUG org.dbunit.database.DatabaseSequenceFilter  - getDependencyInfo(connection=_databaseConfig=org.dbunit.database.DatabaseConfig[, _propertyMap={http://www.dbunit.org/properties/statementFactory=org.dbunit.database.statement.PreparedStatementFactory@626bc2b8, http://www.dbunit.org/features/caseSensitiveTableNames=false, http://www.dbunit.org/properties/fetchSize=100, http://www.dbunit.org/features/batchedStatements=false, http://www.dbunit.org/properties/metadataHandler=org.dbunit.database.DefaultMetadataHandler@3eeace42, http://www.dbunit.org/properties/datatypeFactory=org.dbunit.dataset.datatype.DefaultDataTypeFactory[_toleratedDeltaMap=org.dbunit.dataset.datatype.ToleratedDeltaMap@6452310a], http://www.dbunit.org/properties/escapePattern=null, http://www.dbunit.org/properties/batchSize=100, http://www.dbunit.org/features/qualifiedTableNames=false, http://www.dbunit.org/properties/tableType=[Ljava.lang.String;@5011bafa, http://www.dbunit.org/properties/resultSetTableFactory=org.dbunit.database.CachedResultSetTableFactory@10bcf083, http://www.dbunit.org/features/datatypeWarning=true}], _dataSet=AbstractDataSet[_orderedTableNameMap=null], tableName=SCOPE_REQUESTCONTEXT) - start
193119 [main] DEBUG org.dbunit.database.search.TablesDependencyHelper  - getDependentTables(connection=_databaseConfig=org.dbunit.database.DatabaseConfig[, _propertyMap={http://www.dbunit.org/properties/statementFactory=org.dbunit.database.statement.PreparedStatementFactory@626bc2b8, http://www.dbunit.org/features/caseSensitiveTableNames=false, http://www.dbunit.org/properties/fetchSize=100, http://www.dbunit.org/features/batchedStatements=false, http://www.dbunit.org/properties/metadataHandler=org.dbunit.database.DefaultMetadataHandler@3eeace42, http://www.dbunit.org/properties/datatypeFactory=org.dbunit.dataset.datatype.DefaultDataTypeFactory[_toleratedDeltaMap=org.dbunit.dataset.datatype.ToleratedDeltaMap@6452310a], http://www.dbunit.org/properties/escapePattern=null, http://www.dbunit.org/properties/batchSize=100, http://www.dbunit.org/features/qualifiedTableNames=false, http://www.dbunit.org/properties/tableType=[Ljava.lang.String;@5011bafa, http://www.dbunit.org/properties/resultSetTableFactory=org.dbunit.database.CachedResultSetTableFactory@10bcf083, http://www.dbunit.org/features/datatypeWarning=true}], _dataSet=AbstractDataSet[_orderedTableNameMap=null], rootTable=SCOPE_REQUESTCONTEXT) - start
193119 [main] DEBUG org.dbunit.database.search.TablesDependencyHelper  - getDependentTables(connection=_databaseConfig=org.dbunit.database.DatabaseConfig[, _propertyMap={http://www.dbunit.org/properties/statementFactory=org.dbunit.database.statement.PreparedStatementFactory@626bc2b8, http://www.dbunit.org/features/caseSensitiveTableNames=false, http://www.dbunit.org/properties/fetchSize=100, http://www.dbunit.org/features/batchedStatements=false, http://www.dbunit.org/properties/metadataHandler=org.dbunit.database.DefaultMetadataHandler@3eeace42, http://www.dbunit.org/properties/datatypeFactory=org.dbunit.dataset.datatype.DefaultDataTypeFactory[_toleratedDeltaMap=org.dbunit.dataset.datatype.ToleratedDeltaMap@6452310a], http://www.dbunit.org/properties/escapePattern=null, http://www.dbunit.org/properties/batchSize=100, http://www.dbunit.org/features/qualifiedTableNames=false, http://www.dbunit.org/properties/tableType=[Ljava.lang.String;@5011bafa, http://www.dbunit.org/properties/resultSetTableFactory=org.dbunit.database.CachedResultSetTableFactory@10bcf083, http://www.dbunit.org/features/datatypeWarning=true}], _dataSet=AbstractDataSet[_orderedTableNameMap=null], rootTables=[SCOPE_REQUESTCONTEXT]) - start
193119 [main] DEBUG org.dbunit.util.search.DepthFirstSearch  - search(nodesFrom=[SCOPE_REQUESTCONTEXT], callback=org.dbunit.database.search.ImportedKeysSearchCallback@2cdc51c6) - start
193120 [main] DEBUG org.dbunit.util.CollectionsHelper  - objectsToSet(objects=SCOPE_REQUESTCONTEXT) - start
193120 [main] DEBUG org.dbunit.util.search.DepthFirstSearch  - search(nodesFrom=[SCOPE_REQUESTCONTEXT], callback=org.dbunit.database.search.ImportedKeysSearchCallback@2cdc51c6) - start
193120 [main] DEBUG org.dbunit.util.search.DepthFirstSearch  - reverseSearch:SCOPE_REQUESTCONTEXT
193120 [main] DEBUG org.dbunit.database.search.ImportedKeysSearchCallback  - searchNode(node=SCOPE_REQUESTCONTEXT) - start
193120 [main] DEBUG org.dbunit.util.search.DepthFirstSearch  - Pushing (reverse) SCOPE_REQUESTCONTEXT
193120 [main] DEBUG org.dbunit.database.search.ImportedKeysSearchCallback  - getEdges(node=SCOPE_REQUESTCONTEXT) - start
193120 [main] DEBUG org.dbunit.database.search.AbstractMetaDataBasedSearchCallback  - getNodesFromImportedKeys(node=SCOPE_REQUESTCONTEXT) - start
193120 [main] DEBUG org.dbunit.database.search.AbstractMetaDataBasedSearchCallback  - getNodes(type=0, node=SCOPE_REQUESTCONTEXT) - start
193120 [main] DEBUG org.dbunit.database.DatabaseDataSourceConnection  - getConnection() - start
193120 [main] DEBUG org.dbunit.database.search.AbstractMetaDataBasedSearchCallback  - getNodes(type=0, node=SCOPE_REQUESTCONTEXT, conn=Transaction-aware proxy for target Connection [jdbc:hsqldb:mem:kontrollDS, UserName=sw, HSQL Database Engine Driver], schema=null, metaData=org.apache.commons.dbcp.DelegatingDatabaseMetaData@347cb52c, edges=[]) - start
193120 [main] DEBUG org.dbunit.database.search.AbstractMetaDataBasedSearchCallback  - Getting edges for node SCOPE_REQUESTCONTEXT
193120 [main] TRACE org.dbunit.database.DatabaseConfig  - getProperty(name=http://www.dbunit.org/properties/metadataHandler) - start
193120 [main] TRACE org.dbunit.database.DefaultMetadataHandler  - tableExists(metaData=org.apache.commons.dbcp.DelegatingDatabaseMetaData@347cb52c, schemaName=null, tableName=SCOPE_REQUESTCONTEXT) - start
193121 [main] DEBUG org.dbunit.util.SQLHelper  - close(resultSet=org.apache.commons.dbcp.DelegatingResultSet@6421f5bb) - start
193121 [main] DEBUG org.dbunit.util.QualifiedTableName  - getQualifiedNameIfEnabled(config=org.dbunit.database.DatabaseConfig[, _propertyMap={http://www.dbunit.org/properties/statementFactory=org.dbunit.database.statement.PreparedStatementFactory@626bc2b8, http://www.dbunit.org/features/caseSensitiveTableNames=false, http://www.dbunit.org/properties/fetchSize=100, http://www.dbunit.org/features/batchedStatements=false, http://www.dbunit.org/properties/metadataHandler=org.dbunit.database.DefaultMetadataHandler@3eeace42, http://www.dbunit.org/properties/datatypeFactory=org.dbunit.dataset.datatype.DefaultDataTypeFactory[_toleratedDeltaMap=org.dbunit.dataset.datatype.ToleratedDeltaMap@6452310a], http://www.dbunit.org/properties/escapePattern=null, http://www.dbunit.org/properties/batchSize=100, http://www.dbunit.org/features/qualifiedTableNames=false, http://www.dbunit.org/properties/tableType=[Ljava.lang.String;@5011bafa, http://www.dbunit.org/properties/resultSetTableFactory=org.dbunit.database.CachedResultSetTableFactory@10bcf083, http://www.dbunit.org/features/datatypeWarning=true}]) - start
193122 [main] TRACE org.dbunit.database.DatabaseConfig  - getFeature(name=http://www.dbunit.org/features/qualifiedTableNames) - start
193122 [main] TRACE org.dbunit.database.DatabaseConfig  - getProperty(name=http://www.dbunit.org/features/qualifiedTableNames) - start
193122 [main] DEBUG org.dbunit.util.QualifiedTableName  - Qualified table names feature is disabled. Returning plain table name
193122 [main] DEBUG org.dbunit.util.QualifiedTableName  - getQualifiedName(prefix=null, name=SCOPE_REQUESTCONTEXT, escapePattern=null) - start
193122 [main] DEBUG org.dbunit.util.QualifiedTableName  - getQualifiedNameIfEnabled(config=org.dbunit.database.DatabaseConfig[, _propertyMap={http://www.dbunit.org/properties/statementFactory=org.dbunit.database.statement.PreparedStatementFactory@626bc2b8, http://www.dbunit.org/features/caseSensitiveTableNames=false, http://www.dbunit.org/properties/fetchSize=100, http://www.dbunit.org/features/batchedStatements=false, http://www.dbunit.org/properties/metadataHandler=org.dbunit.database.DefaultMetadataHandler@3eeace42, http://www.dbunit.org/properties/datatypeFactory=org.dbunit.dataset.datatype.DefaultDataTypeFactory[_toleratedDeltaMap=org.dbunit.dataset.datatype.ToleratedDeltaMap@6452310a], http://www.dbunit.org/properties/escapePattern=null, http://www.dbunit.org/properties/batchSize=100, http://www.dbunit.org/features/qualifiedTableNames=false, http://www.dbunit.org/properties/tableType=[Ljava.lang.String;@5011bafa, http://www.dbunit.org/properties/resultSetTableFactory=org.dbunit.database.CachedResultSetTableFactory@10bcf083, http://www.dbunit.org/features/datatypeWarning=true}]) - start
193122 [main] TRACE org.dbunit.database.DatabaseConfig  - getFeature(name=http://www.dbunit.org/features/qualifiedTableNames) - start
193122 [main] TRACE org.dbunit.database.DatabaseConfig  - getProperty(name=http://www.dbunit.org/features/qualifiedTableNames) - start
193122 [main] DEBUG org.dbunit.util.QualifiedTableName  - Qualified table names feature is disabled. Returning plain table name
193122 [main] DEBUG org.dbunit.util.QualifiedTableName  - getQualifiedName(prefix=null, name=REQUESTCONTEXT, escapePattern=null) - start
193122 [main] DEBUG org.dbunit.database.search.AbstractMetaDataBasedSearchCallback  - newEdge(rs=org.apache.commons.dbcp.DelegatingResultSet@1d2288a5, type=0, from=SCOPE_REQUESTCONTEXT, to=REQUESTCONTEXT, fkColumn=REQUEST_CONTEXT_ID, pkColumn=ID) - start
193122 [main] DEBUG org.dbunit.database.search.AbstractMetaDataBasedSearchCallback  - createFKEdge(rs=org.apache.commons.dbcp.DelegatingResultSet@1d2288a5, type=0, from=SCOPE_REQUESTCONTEXT, to=REQUESTCONTEXT, fkColumn=REQUEST_CONTEXT_ID, pkColumn=ID) - start
193122 [main] DEBUG org.dbunit.database.search.AbstractMetaDataBasedSearchCallback  - Adding edge SCOPE_REQUESTCONTEXT(REQUEST_CONTEXT_ID)->REQUESTCONTEXT(ID)
193122 [main] DEBUG org.dbunit.util.search.Edge  - compareTo(o=SCOPE_REQUESTCONTEXT(REQUEST_CONTEXT_ID)->REQUESTCONTEXT(ID)) - start
193122 [main] DEBUG org.dbunit.util.QualifiedTableName  - getQualifiedNameIfEnabled(config=org.dbunit.database.DatabaseConfig[, _propertyMap={http://www.dbunit.org/properties/statementFactory=org.dbunit.database.statement.PreparedStatementFactory@626bc2b8, http://www.dbunit.org/features/caseSensitiveTableNames=false, http://www.dbunit.org/properties/fetchSize=100, http://www.dbunit.org/features/batchedStatements=false, http://www.dbunit.org/properties/metadataHandler=org.dbunit.database.DefaultMetadataHandler@3eeace42, http://www.dbunit.org/properties/datatypeFactory=org.dbunit.dataset.datatype.DefaultDataTypeFactory[_toleratedDeltaMap=org.dbunit.dataset.datatype.ToleratedDeltaMap@6452310a], http://www.dbunit.org/properties/escapePattern=null, http://www.dbunit.org/properties/batchSize=100, http://www.dbunit.org/features/qualifiedTableNames=false, http://www.dbunit.org/properties/tableType=[Ljava.lang.String;@5011bafa, http://www.dbunit.org/properties/resultSetTableFactory=org.dbunit.database.CachedResultSetTableFactory@10bcf083, http://www.dbunit.org/features/datatypeWarning=true}]) - start
193122 [main] TRACE org.dbunit.database.DatabaseConfig  - getFeature(name=http://www.dbunit.org/features/qualifiedTableNames) - start
193122 [main] TRACE org.dbunit.database.DatabaseConfig  - getProperty(name=http://www.dbunit.org/features/qualifiedTableNames) - start
193122 [main] DEBUG org.dbunit.util.QualifiedTableName  - Qualified table names feature is disabled. Returning plain table name
193122 [main] DEBUG org.dbunit.util.QualifiedTableName  - getQualifiedName(prefix=null, name=SCOPE_REQUESTCONTEXT, escapePattern=null) - start
193122 [main] DEBUG org.dbunit.util.QualifiedTableName  - getQualifiedNameIfEnabled(config=org.dbunit.database.DatabaseConfig[, _propertyMap={http://www.dbunit.org/properties/statementFactory=org.dbunit.database.statement.PreparedStatementFactory@626bc2b8, http://www.dbunit.org/features/caseSensitiveTableNames=false, http://www.dbunit.org/properties/fetchSize=100, http://www.dbunit.org/features/batchedStatements=false, http://www.dbunit.org/properties/metadataHandler=org.dbunit.database.DefaultMetadataHandler@3eeace42, http://www.dbunit.org/properties/datatypeFactory=org.dbunit.dataset.datatype.DefaultDataTypeFactory[_toleratedDeltaMap=org.dbunit.dataset.datatype.ToleratedDeltaMap@6452310a], http://www.dbunit.org/properties/escapePattern=null, http://www.dbunit.org/properties/batchSize=100, http://www.dbunit.org/features/qualifiedTableNames=false, http://www.dbunit.org/properties/tableType=[Ljava.lang.String;@5011bafa, http://www.dbunit.org/properties/resultSetTableFactory=org.dbunit.database.CachedResultSetTableFactory@10bcf083, http://www.dbunit.org/features/datatypeWarning=true}]) - start
193122 [main] TRACE org.dbunit.database.DatabaseConfig  - getFeature(name=http://www.dbunit.org/features/qualifiedTableNames) - start
193122 [main] TRACE org.dbunit.database.DatabaseConfig  - getProperty(name=http://www.dbunit.org/features/qualifiedTableNames) - start
193122 [main] DEBUG org.dbunit.util.QualifiedTableName  - Qualified table names feature is disabled. Returning plain table name
193122 [main] DEBUG org.dbunit.util.QualifiedTableName  - getQualifiedName(prefix=null, name=SCOPE, escapePattern=null) - start
193122 [main] DEBUG org.dbunit.database.search.AbstractMetaDataBasedSearchCallback  - newEdge(rs=org.apache.commons.dbcp.DelegatingResultSet@1d2288a5, type=0, from=SCOPE_REQUESTCONTEXT, to=SCOPE, fkColumn=SCOPE_ID, pkColumn=ID) - start
193122 [main] DEBUG org.dbunit.database.search.AbstractMetaDataBasedSearchCallback  - createFKEdge(rs=org.apache.commons.dbcp.DelegatingResultSet@1d2288a5, type=0, from=SCOPE_REQUESTCONTEXT, to=SCOPE, fkColumn=SCOPE_ID, pkColumn=ID) - start
193122 [main] DEBUG org.dbunit.database.search.AbstractMetaDataBasedSearchCallback  - Adding edge SCOPE_REQUESTCONTEXT(SCOPE_ID)->SCOPE(ID)
193122 [main] DEBUG org.dbunit.util.search.Edge  - compareTo(o=SCOPE_REQUESTCONTEXT(REQUEST_CONTEXT_ID)->REQUESTCONTEXT(ID)) - start
193122 [main] DEBUG org.dbunit.util.SQLHelper  - close(resultSet=org.apache.commons.dbcp.DelegatingResultSet@1d2288a5) - start
193123 [main] DEBUG org.dbunit.util.search.DepthFirstSearch  - search:SCOPE_REQUESTCONTEXT
193123 [main] DEBUG org.dbunit.database.search.ImportedKeysSearchCallback  - searchNode(node=SCOPE_REQUESTCONTEXT) - start
193123 [main] DEBUG org.dbunit.util.search.DepthFirstSearch  - Pushing SCOPE_REQUESTCONTEXT
193123 [main] DEBUG org.dbunit.database.search.ImportedKeysSearchCallback  - getEdges(node=SCOPE_REQUESTCONTEXT) - start
193123 [main] DEBUG org.dbunit.database.search.AbstractMetaDataBasedSearchCallback  - getNodesFromImportedKeys(node=SCOPE_REQUESTCONTEXT) - start
193123 [main] DEBUG org.dbunit.database.search.AbstractMetaDataBasedSearchCallback  - getNodes(type=0, node=SCOPE_REQUESTCONTEXT) - start
193123 [main] DEBUG org.dbunit.database.DatabaseDataSourceConnection  - getConnection() - start
193123 [main] DEBUG org.dbunit.database.search.AbstractMetaDataBasedSearchCallback  - getNodes(type=0, node=SCOPE_REQUESTCONTEXT, conn=Transaction-aware proxy for target Connection [jdbc:hsqldb:mem:kontrollDS, UserName=sw, HSQL Database Engine Driver], schema=null, metaData=org.apache.commons.dbcp.DelegatingDatabaseMetaData@46391794, edges=[]) - start
193123 [main] DEBUG org.dbunit.database.search.AbstractMetaDataBasedSearchCallback  - Getting edges for node SCOPE_REQUESTCONTEXT
193123 [main] TRACE org.dbunit.database.DatabaseConfig  - getProperty(name=http://www.dbunit.org/properties/metadataHandler) - start
193123 [main] TRACE org.dbunit.database.DefaultMetadataHandler  - tableExists(metaData=org.apache.commons.dbcp.DelegatingDatabaseMetaData@46391794, schemaName=null, tableName=SCOPE_REQUESTCONTEXT) - start
193124 [main] DEBUG org.dbunit.util.SQLHelper  - close(resultSet=org.apache.commons.dbcp.DelegatingResultSet@a0b6510) - start
193124 [main] DEBUG org.dbunit.util.QualifiedTableName  - getQualifiedNameIfEnabled(config=org.dbunit.database.DatabaseConfig[, _propertyMap={http://www.dbunit.org/properties/statementFactory=org.dbunit.database.statement.PreparedStatementFactory@626bc2b8, http://www.dbunit.org/features/caseSensitiveTableNames=false, http://www.dbunit.org/properties/fetchSize=100, http://www.dbunit.org/features/batchedStatements=false, http://www.dbunit.org/properties/metadataHandler=org.dbunit.database.DefaultMetadataHandler@3eeace42, http://www.dbunit.org/properties/datatypeFactory=org.dbunit.dataset.datatype.DefaultDataTypeFactory[_toleratedDeltaMap=org.dbunit.dataset.datatype.ToleratedDeltaMap@6452310a], http://www.dbunit.org/properties/escapePattern=null, http://www.dbunit.org/properties/batchSize=100, http://www.dbunit.org/features/qualifiedTableNames=false, http://www.dbunit.org/properties/tableType=[Ljava.lang.String;@5011bafa, http://www.dbunit.org/properties/resultSetTableFactory=org.dbunit.database.CachedResultSetTableFactory@10bcf083, http://www.dbunit.org/features/datatypeWarning=true}]) - start
193124 [main] TRACE org.dbunit.database.DatabaseConfig  - getFeature(name=http://www.dbunit.org/features/qualifiedTableNames) - start
193124 [main] TRACE org.dbunit.database.DatabaseConfig  - getProperty(name=http://www.dbunit.org/features/qualifiedTableNames) - start
193124 [main] DEBUG org.dbunit.util.QualifiedTableName  - Qualified table names feature is disabled. Returning plain table name
193124 [main] DEBUG org.dbunit.util.QualifiedTableName  - getQualifiedName(prefix=null, name=SCOPE_REQUESTCONTEXT, escapePattern=null) - start
193124 [main] DEBUG org.dbunit.util.QualifiedTableName  - getQualifiedNameIfEnabled(config=org.dbunit.database.DatabaseConfig[, _propertyMap={http://www.dbunit.org/properties/statementFactory=org.dbunit.database.statement.PreparedStatementFactory@626bc2b8, http://www.dbunit.org/features/caseSensitiveTableNames=false, http://www.dbunit.org/properties/fetchSize=100, http://www.dbunit.org/features/batchedStatements=false, http://www.dbunit.org/properties/metadataHandler=org.dbunit.database.DefaultMetadataHandler@3eeace42, http://www.dbunit.org/properties/datatypeFactory=org.dbunit.dataset.datatype.DefaultDataTypeFactory[_toleratedDeltaMap=org.dbunit.dataset.datatype.ToleratedDeltaMap@6452310a], http://www.dbunit.org/properties/escapePattern=null, http://www.dbunit.org/properties/batchSize=100, http://www.dbunit.org/features/qualifiedTableNames=false, http://www.dbunit.org/properties/tableType=[Ljava.lang.String;@5011bafa, http://www.dbunit.org/properties/resultSetTableFactory=org.dbunit.database.CachedResultSetTableFactory@10bcf083, http://www.dbunit.org/features/datatypeWarning=true}]) - start
193125 [main] TRACE org.dbunit.database.DatabaseConfig  - getFeature(name=http://www.dbunit.org/features/qualifiedTableNames) - start
193125 [main] TRACE org.dbunit.database.DatabaseConfig  - getProperty(name=http://www.dbunit.org/features/qualifiedTableNames) - start
193125 [main] DEBUG org.dbunit.util.QualifiedTableName  - Qualified table names feature is disabled. Returning plain table name
193125 [main] DEBUG org.dbunit.util.QualifiedTableName  - getQualifiedName(prefix=null, name=REQUESTCONTEXT, escapePattern=null) - start
193125 [main] DEBUG org.dbunit.database.search.AbstractMetaDataBasedSearchCallback  - newEdge(rs=org.apache.commons.dbcp.DelegatingResultSet@652005f, type=0, from=SCOPE_REQUESTCONTEXT, to=REQUESTCONTEXT, fkColumn=REQUEST_CONTEXT_ID, pkColumn=ID) - start
193125 [main] DEBUG org.dbunit.database.search.AbstractMetaDataBasedSearchCallback  - createFKEdge(rs=org.apache.commons.dbcp.DelegatingResultSet@652005f, type=0, from=SCOPE_REQUESTCONTEXT, to=REQUESTCONTEXT, fkColumn=REQUEST_CONTEXT_ID, pkColumn=ID) - start
193125 [main] DEBUG org.dbunit.database.search.AbstractMetaDataBasedSearchCallback  - Adding edge SCOPE_REQUESTCONTEXT(REQUEST_CONTEXT_ID)->REQUESTCONTEXT(ID)
193125 [main] DEBUG org.dbunit.util.search.Edge  - compareTo(o=SCOPE_REQUESTCONTEXT(REQUEST_CONTEXT_ID)->REQUESTCONTEXT(ID)) - start
193125 [main] DEBUG org.dbunit.util.QualifiedTableName  - getQualifiedNameIfEnabled(config=org.dbunit.database.DatabaseConfig[, _propertyMap={http://www.dbunit.org/properties/statementFactory=org.dbunit.database.statement.PreparedStatementFactory@626bc2b8, http://www.dbunit.org/features/caseSensitiveTableNames=false, http://www.dbunit.org/properties/fetchSize=100, http://www.dbunit.org/features/batchedStatements=false, http://www.dbunit.org/properties/metadataHandler=org.dbunit.database.DefaultMetadataHandler@3eeace42, http://www.dbunit.org/properties/datatypeFactory=org.dbunit.dataset.datatype.DefaultDataTypeFactory[_toleratedDeltaMap=org.dbunit.dataset.datatype.ToleratedDeltaMap@6452310a], http://www.dbunit.org/properties/escapePattern=null, http://www.dbunit.org/properties/batchSize=100, http://www.dbunit.org/features/qualifiedTableNames=false, http://www.dbunit.org/properties/tableType=[Ljava.lang.String;@5011bafa, http://www.dbunit.org/properties/resultSetTableFactory=org.dbunit.database.CachedResultSetTableFactory@10bcf083, http://www.dbunit.org/features/datatypeWarning=true}]) - start
193125 [main] TRACE org.dbunit.database.DatabaseConfig  - getFeature(name=http://www.dbunit.org/features/qualifiedTableNames) - start
193125 [main] TRACE org.dbunit.database.DatabaseConfig  - getProperty(name=http://www.dbunit.org/features/qualifiedTableNames) - start
193125 [main] DEBUG org.dbunit.util.QualifiedTableName  - Qualified table names feature is disabled. Returning plain table name
193125 [main] DEBUG org.dbunit.util.QualifiedTableName  - getQualifiedName(prefix=null, name=SCOPE_REQUESTCONTEXT, escapePattern=null) - start
193125 [main] DEBUG org.dbunit.util.QualifiedTableName  - getQualifiedNameIfEnabled(config=org.dbunit.database.DatabaseConfig[, _propertyMap={http://www.dbunit.org/properties/statementFactory=org.dbunit.database.statement.PreparedStatementFactory@626bc2b8, http://www.dbunit.org/features/caseSensitiveTableNames=false, http://www.dbunit.org/properties/fetchSize=100, http://www.dbunit.org/features/batchedStatements=false, http://www.dbunit.org/properties/metadataHandler=org.dbunit.database.DefaultMetadataHandler@3eeace42, http://www.dbunit.org/properties/datatypeFactory=org.dbunit.dataset.datatype.DefaultDataTypeFactory[_toleratedDeltaMap=org.dbunit.dataset.datatype.ToleratedDeltaMap@6452310a], http://www.dbunit.org/properties/escapePattern=null, http://www.dbunit.org/properties/batchSize=100, http://www.dbunit.org/features/qualifiedTableNames=false, http://www.dbunit.org/properties/tableType=[Ljava.lang.String;@5011bafa, http://www.dbunit.org/properties/resultSetTableFactory=org.dbunit.database.CachedResultSetTableFactory@10bcf083, http://www.dbunit.org/features/datatypeWarning=true}]) - start
193125 [main] TRACE org.dbunit.database.DatabaseConfig  - getFeature(name=http://www.dbunit.org/features/qualifiedTableNames) - start
193125 [main] TRACE org.dbunit.database.DatabaseConfig  - getProperty(name=http://www.dbunit.org/features/qualifiedTableNames) - start
193125 [main] DEBUG org.dbunit.util.QualifiedTableName  - Qualified table names feature is disabled. Returning plain table name
193125 [main] DEBUG org.dbunit.util.QualifiedTableName  - getQualifiedName(prefix=null, name=SCOPE, escapePattern=null) - start
193125 [main] DEBUG org.dbunit.database.search.AbstractMetaDataBasedSearchCallback  - newEdge(rs=org.apache.commons.dbcp.DelegatingResultSet@652005f, type=0, from=SCOPE_REQUESTCONTEXT, to=SCOPE, fkColumn=SCOPE_ID, pkColumn=ID) - start
193125 [main] DEBUG org.dbunit.database.search.AbstractMetaDataBasedSearchCallback  - createFKEdge(rs=org.apache.commons.dbcp.DelegatingResultSet@652005f, type=0, from=SCOPE_REQUESTCONTEXT, to=SCOPE, fkColumn=SCOPE_ID, pkColumn=ID) - start
193125 [main] DEBUG org.dbunit.database.search.AbstractMetaDataBasedSearchCallback  - Adding edge SCOPE_REQUESTCONTEXT(SCOPE_ID)->SCOPE(ID)
193125 [main] DEBUG org.dbunit.util.search.Edge  - compareTo(o=SCOPE_REQUESTCONTEXT(REQUEST_CONTEXT_ID)->REQUESTCONTEXT(ID)) - start
193125 [main] DEBUG org.dbunit.util.SQLHelper  - close(resultSet=org.apache.commons.dbcp.DelegatingResultSet@652005f) - start
193125 [main] DEBUG org.dbunit.util.search.DepthFirstSearch  - search:REQUESTCONTEXT
193125 [main] DEBUG org.dbunit.database.search.ImportedKeysSearchCallback  - searchNode(node=REQUESTCONTEXT) - start
193125 [main] DEBUG org.dbunit.util.search.DepthFirstSearch  - Pushing REQUESTCONTEXT
193125 [main] DEBUG org.dbunit.database.search.ImportedKeysSearchCallback  - getEdges(node=REQUESTCONTEXT) - start
193125 [main] DEBUG org.dbunit.database.search.AbstractMetaDataBasedSearchCallback  - getNodesFromImportedKeys(node=REQUESTCONTEXT) - start
193126 [main] DEBUG org.dbunit.database.search.AbstractMetaDataBasedSearchCallback  - getNodes(type=0, node=REQUESTCONTEXT) - start
193126 [main] DEBUG org.dbunit.database.DatabaseDataSourceConnection  - getConnection() - start
193126 [main] DEBUG org.dbunit.database.search.AbstractMetaDataBasedSearchCallback  - getNodes(type=0, node=REQUESTCONTEXT, conn=Transaction-aware proxy for target Connection [jdbc:hsqldb:mem:kontrollDS, UserName=sw, HSQL Database Engine Driver], schema=null, metaData=org.apache.commons.dbcp.DelegatingDatabaseMetaData@71966036, edges=[]) - start
193126 [main] DEBUG org.dbunit.database.search.AbstractMetaDataBasedSearchCallback  - Getting edges for node REQUESTCONTEXT
193126 [main] TRACE org.dbunit.database.DatabaseConfig  - getProperty(name=http://www.dbunit.org/properties/metadataHandler) - start
193126 [main] TRACE org.dbunit.database.DefaultMetadataHandler  - tableExists(metaData=org.apache.commons.dbcp.DelegatingDatabaseMetaData@71966036, schemaName=null, tableName=REQUESTCONTEXT) - start
193127 [main] DEBUG org.dbunit.util.SQLHelper  - close(resultSet=org.apache.commons.dbcp.DelegatingResultSet@5c71b693) - start
193127 [main] DEBUG org.dbunit.util.SQLHelper  - close(resultSet=org.apache.commons.dbcp.DelegatingResultSet@25751de4) - start
193127 [main] DEBUG org.dbunit.util.search.DepthFirstSearch  - Adding node REQUESTCONTEXT to the final result
193127 [main] DEBUG org.dbunit.util.search.DepthFirstSearch  - search:SCOPE
193127 [main] DEBUG org.dbunit.database.search.ImportedKeysSearchCallback  - searchNode(node=SCOPE) - start
193127 [main] DEBUG org.dbunit.util.search.DepthFirstSearch  - Pushing SCOPE
193127 [main] DEBUG org.dbunit.database.search.ImportedKeysSearchCallback  - getEdges(node=SCOPE) - start
193127 [main] DEBUG org.dbunit.database.search.AbstractMetaDataBasedSearchCallback  - getNodesFromImportedKeys(node=SCOPE) - start
193127 [main] DEBUG org.dbunit.database.search.AbstractMetaDataBasedSearchCallback  - getNodes(type=0, node=SCOPE) - start
193127 [main] DEBUG org.dbunit.database.DatabaseDataSourceConnection  - getConnection() - start
193127 [main] DEBUG org.dbunit.database.search.AbstractMetaDataBasedSearchCallback  - getNodes(type=0, node=SCOPE, conn=Transaction-aware proxy for target Connection [jdbc:hsqldb:mem:kontrollDS, UserName=sw, HSQL Database Engine Driver], schema=null, metaData=org.apache.commons.dbcp.DelegatingDatabaseMetaData@2bfd76f2, edges=[]) - start
193127 [main] DEBUG org.dbunit.database.search.AbstractMetaDataBasedSearchCallback  - Getting edges for node SCOPE
193127 [main] TRACE org.dbunit.database.DatabaseConfig  - getProperty(name=http://www.dbunit.org/properties/metadataHandler) - start
193127 [main] TRACE org.dbunit.database.DefaultMetadataHandler  - tableExists(metaData=org.apache.commons.dbcp.DelegatingDatabaseMetaData@2bfd76f2, schemaName=null, tableName=SCOPE) - start
193128 [main] DEBUG org.dbunit.util.SQLHelper  - close(resultSet=org.apache.commons.dbcp.DelegatingResultSet@6aa51cb4) - start
193129 [main] DEBUG org.dbunit.util.SQLHelper  - close(resultSet=org.apache.commons.dbcp.DelegatingResultSet@1a6fee32) - start
193129 [main] DEBUG org.dbunit.util.search.DepthFirstSearch  - Adding node SCOPE to the final result
193129 [main] DEBUG org.dbunit.util.search.DepthFirstSearch  - Adding node SCOPE_REQUESTCONTEXT to the final result
193129 [main] DEBUG org.dbunit.util.search.DepthFirstSearch  - reverseSearch:REQUESTCONTEXT
193129 [main] DEBUG org.dbunit.database.search.ImportedKeysSearchCallback  - searchNode(node=REQUESTCONTEXT) - start
193129 [main] DEBUG org.dbunit.util.search.DepthFirstSearch  - Pushing (reverse) REQUESTCONTEXT
193129 [main] DEBUG org.dbunit.database.search.ImportedKeysSearchCallback  - getEdges(node=REQUESTCONTEXT) - start
193129 [main] DEBUG org.dbunit.database.search.AbstractMetaDataBasedSearchCallback  - getNodesFromImportedKeys(node=REQUESTCONTEXT) - start
193129 [main] DEBUG org.dbunit.database.search.AbstractMetaDataBasedSearchCallback  - getNodes(type=0, node=REQUESTCONTEXT) - start
193129 [main] DEBUG org.dbunit.database.DatabaseDataSourceConnection  - getConnection() - start
193129 [main] DEBUG org.dbunit.database.search.AbstractMetaDataBasedSearchCallback  - getNodes(type=0, node=REQUESTCONTEXT, conn=Transaction-aware proxy for target Connection [jdbc:hsqldb:mem:kontrollDS, UserName=sw, HSQL Database Engine Driver], schema=null, metaData=org.apache.commons.dbcp.DelegatingDatabaseMetaData@2a7f222d, edges=[]) - start
193129 [main] DEBUG org.dbunit.database.search.AbstractMetaDataBasedSearchCallback  - Getting edges for node REQUESTCONTEXT
193129 [main] TRACE org.dbunit.database.DatabaseConfig  - getProperty(name=http://www.dbunit.org/properties/metadataHandler) - start
193129 [main] TRACE org.dbunit.database.DefaultMetadataHandler  - tableExists(metaData=org.apache.commons.dbcp.DelegatingDatabaseMetaData@2a7f222d, schemaName=null, tableName=REQUESTCONTEXT) - start
193130 [main] DEBUG org.dbunit.util.SQLHelper  - close(resultSet=org.apache.commons.dbcp.DelegatingResultSet@36a262c1) - start
193130 [main] DEBUG org.dbunit.util.SQLHelper  - close(resultSet=org.apache.commons.dbcp.DelegatingResultSet@5dc46eae) - start
193130 [main] DEBUG org.dbunit.util.search.DepthFirstSearch  - reverseSearch:SCOPE_REQUESTCONTEXT
193130 [main] DEBUG org.dbunit.util.search.DepthFirstSearch  - already searched; returning true
193130 [main] DEBUG org.dbunit.util.search.DepthFirstSearch  - reverseSearch:SCOPE
193130 [main] DEBUG org.dbunit.database.search.ImportedKeysSearchCallback  - searchNode(node=SCOPE) - start
193130 [main] DEBUG org.dbunit.util.search.DepthFirstSearch  - Pushing (reverse) SCOPE
193130 [main] DEBUG org.dbunit.database.search.ImportedKeysSearchCallback  - getEdges(node=SCOPE) - start
193130 [main] DEBUG org.dbunit.database.search.AbstractMetaDataBasedSearchCallback  - getNodesFromImportedKeys(node=SCOPE) - start
193130 [main] DEBUG org.dbunit.database.search.AbstractMetaDataBasedSearchCallback  - getNodes(type=0, node=SCOPE) - start
193130 [main] DEBUG org.dbunit.database.DatabaseDataSourceConnection  - getConnection() - start
193131 [main] DEBUG org.dbunit.database.search.AbstractMetaDataBasedSearchCallback  - getNodes(type=0, node=SCOPE, conn=Transaction-aware proxy for target Connection [jdbc:hsqldb:mem:kontrollDS, UserName=sw, HSQL Database Engine Driver], schema=null, metaData=org.apache.commons.dbcp.DelegatingDatabaseMetaData@b3e919a, edges=[]) - start
193131 [main] DEBUG org.dbunit.database.search.AbstractMetaDataBasedSearchCallback  - Getting edges for node SCOPE
193131 [main] TRACE org.dbunit.database.DatabaseConfig  - getProperty(name=http://www.dbunit.org/properties/metadataHandler) - start
193131 [main] TRACE org.dbunit.database.DefaultMetadataHandler  - tableExists(metaData=org.apache.commons.dbcp.DelegatingDatabaseMetaData@b3e919a, schemaName=null, tableName=SCOPE) - start
193132 [main] DEBUG org.dbunit.util.SQLHelper  - close(resultSet=org.apache.commons.dbcp.DelegatingResultSet@1b1a99f6) - start
193132 [main] DEBUG org.dbunit.util.SQLHelper  - close(resultSet=org.apache.commons.dbcp.DelegatingResultSet@22215cc9) - start
193132 [main] DEBUG org.dbunit.util.search.DepthFirstSearch  - search:SCOPE_REQUESTCONTEXT
193132 [main] DEBUG org.dbunit.util.search.DepthFirstSearch  - already searched; returning true
193132 [main] DEBUG org.dbunit.util.search.DepthFirstSearch  - search:REQUESTCONTEXT
193132 [main] DEBUG org.dbunit.util.search.DepthFirstSearch  - already searched; returning true
193132 [main] DEBUG org.dbunit.util.search.DepthFirstSearch  - search:SCOPE
193132 [main] DEBUG org.dbunit.util.search.DepthFirstSearch  - already searched; returning true
193132 [main] DEBUG org.dbunit.util.CollectionsHelper  - setToStrings(set=[REQUESTCONTEXT, SCOPE, SCOPE_REQUESTCONTEXT]) - start
193132 [main] DEBUG org.dbunit.database.search.TablesDependencyHelper  - getDependsOnTables(connection=_databaseConfig=org.dbunit.database.DatabaseConfig[, _propertyMap={http://www.dbunit.org/properties/statementFactory=org.dbunit.database.statement.PreparedStatementFactory@626bc2b8, http://www.dbunit.org/features/caseSensitiveTableNames=false, http://www.dbunit.org/properties/fetchSize=100, http://www.dbunit.org/features/batchedStatements=false, http://www.dbunit.org/properties/metadataHandler=org.dbunit.database.DefaultMetadataHandler@3eeace42, http://www.dbunit.org/properties/datatypeFactory=org.dbunit.dataset.datatype.DefaultDataTypeFactory[_toleratedDeltaMap=org.dbunit.dataset.datatype.ToleratedDeltaMap@6452310a], http://www.dbunit.org/properties/escapePattern=null, http://www.dbunit.org/properties/batchSize=100, http://www.dbunit.org/features/qualifiedTableNames=false, http://www.dbunit.org/properties/tableType=[Ljava.lang.String;@5011bafa, http://www.dbunit.org/properties/resultSetTableFactory=org.dbunit.database.CachedResultSetTableFactory@10bcf083, http://www.dbunit.org/features/datatypeWarning=true}], _dataSet=AbstractDataSet[_orderedTableNameMap=null], rootTable=SCOPE_REQUESTCONTEXT) - start
193132 [main] DEBUG org.dbunit.util.search.DepthFirstSearch  - search(nodesFrom=[SCOPE_REQUESTCONTEXT], callback=org.dbunit.database.search.ExportedKeysSearchCallback@54f12e50) - start
193132 [main] DEBUG org.dbunit.util.CollectionsHelper  - objectsToSet(objects=SCOPE_REQUESTCONTEXT) - start
193132 [main] DEBUG org.dbunit.util.search.DepthFirstSearch  - search(nodesFrom=[SCOPE_REQUESTCONTEXT], callback=org.dbunit.database.search.ExportedKeysSearchCallback@54f12e50) - start
193132 [main] DEBUG org.dbunit.util.search.DepthFirstSearch  - reverseSearch:SCOPE_REQUESTCONTEXT
193132 [main] DEBUG org.dbunit.database.search.ExportedKeysSearchCallback  - searchNode(node=SCOPE_REQUESTCONTEXT) - start
193132 [main] DEBUG org.dbunit.util.search.DepthFirstSearch  - Pushing (reverse) SCOPE_REQUESTCONTEXT
193132 [main] DEBUG org.dbunit.database.search.ExportedKeysSearchCallback  - getEdges(node=SCOPE_REQUESTCONTEXT) - start
193132 [main] DEBUG org.dbunit.database.search.AbstractMetaDataBasedSearchCallback  - getNodesFromExportedKeys(node=SCOPE_REQUESTCONTEXT) - start
193132 [main] DEBUG org.dbunit.database.search.AbstractMetaDataBasedSearchCallback  - getNodes(type=1, node=SCOPE_REQUESTCONTEXT) - start
193132 [main] DEBUG org.dbunit.database.DatabaseDataSourceConnection  - getConnection() - start
193132 [main] DEBUG org.dbunit.database.search.AbstractMetaDataBasedSearchCallback  - getNodes(type=1, node=SCOPE_REQUESTCONTEXT, conn=Transaction-aware proxy for target Connection [jdbc:hsqldb:mem:kontrollDS, UserName=sw, HSQL Database Engine Driver], schema=null, metaData=org.apache.commons.dbcp.DelegatingDatabaseMetaData@2617b1c1, edges=[]) - start
193132 [main] DEBUG org.dbunit.database.search.AbstractMetaDataBasedSearchCallback  - Getting edges for node SCOPE_REQUESTCONTEXT
193133 [main] TRACE org.dbunit.database.DatabaseConfig  - getProperty(name=http://www.dbunit.org/properties/metadataHandler) - start
193133 [main] TRACE org.dbunit.database.DefaultMetadataHandler  - tableExists(metaData=org.apache.commons.dbcp.DelegatingDatabaseMetaData@2617b1c1, schemaName=null, tableName=SCOPE_REQUESTCONTEXT) - start
193134 [main] DEBUG org.dbunit.util.SQLHelper  - close(resultSet=org.apache.commons.dbcp.DelegatingResultSet@66ecc810) - start
193134 [main] DEBUG org.dbunit.util.SQLHelper  - close(resultSet=org.apache.commons.dbcp.DelegatingResultSet@5525d355) - start
193134 [main] DEBUG org.dbunit.util.search.DepthFirstSearch  - search:SCOPE_REQUESTCONTEXT
193134 [main] DEBUG org.dbunit.database.search.ExportedKeysSearchCallback  - searchNode(node=SCOPE_REQUESTCONTEXT) - start
193134 [main] DEBUG org.dbunit.util.search.DepthFirstSearch  - Pushing SCOPE_REQUESTCONTEXT
193134 [main] DEBUG org.dbunit.database.search.ExportedKeysSearchCallback  - getEdges(node=SCOPE_REQUESTCONTEXT) - start
193134 [main] DEBUG org.dbunit.database.search.AbstractMetaDataBasedSearchCallback  - getNodesFromExportedKeys(node=SCOPE_REQUESTCONTEXT) - start
193134 [main] DEBUG org.dbunit.database.search.AbstractMetaDataBasedSearchCallback  - getNodes(type=1, node=SCOPE_REQUESTCONTEXT) - start
193134 [main] DEBUG org.dbunit.database.DatabaseDataSourceConnection  - getConnection() - start
193134 [main] DEBUG org.dbunit.database.search.AbstractMetaDataBasedSearchCallback  - getNodes(type=1, node=SCOPE_REQUESTCONTEXT, conn=Transaction-aware proxy for target Connection [jdbc:hsqldb:mem:kontrollDS, UserName=sw, HSQL Database Engine Driver], schema=null, metaData=org.apache.commons.dbcp.DelegatingDatabaseMetaData@26559d1f, edges=[]) - start
193134 [main] DEBUG org.dbunit.database.search.AbstractMetaDataBasedSearchCallback  - Getting edges for node SCOPE_REQUESTCONTEXT
193134 [main] TRACE org.dbunit.database.DatabaseConfig  - getProperty(name=http://www.dbunit.org/properties/metadataHandler) - start
193134 [main] TRACE org.dbunit.database.DefaultMetadataHandler  - tableExists(metaData=org.apache.commons.dbcp.DelegatingDatabaseMetaData@26559d1f, schemaName=null, tableName=SCOPE_REQUESTCONTEXT) - start
193135 [main] DEBUG org.dbunit.util.SQLHelper  - close(resultSet=org.apache.commons.dbcp.DelegatingResultSet@4926cc9c) - start
193135 [main] DEBUG org.dbunit.util.SQLHelper  - close(resultSet=org.apache.commons.dbcp.DelegatingResultSet@7be93efc) - start
193135 [main] DEBUG org.dbunit.util.search.DepthFirstSearch  - Adding node SCOPE_REQUESTCONTEXT to the final result
193136 [main] DEBUG org.dbunit.util.CollectionsHelper  - setToStrings(set=[SCOPE_REQUESTCONTEXT]) - start
193136 [main] DEBUG org.dbunit.database.search.TablesDependencyHelper  - getDirectDependsOnTables(connection=_databaseConfig=org.dbunit.database.DatabaseConfig[, _propertyMap={http://www.dbunit.org/properties/statementFactory=org.dbunit.database.statement.PreparedStatementFactory@626bc2b8, http://www.dbunit.org/features/caseSensitiveTableNames=false, http://www.dbunit.org/properties/fetchSize=100, http://www.dbunit.org/features/batchedStatements=false, http://www.dbunit.org/properties/metadataHandler=org.dbunit.database.DefaultMetadataHandler@3eeace42, http://www.dbunit.org/properties/datatypeFactory=org.dbunit.dataset.datatype.DefaultDataTypeFactory[_toleratedDeltaMap=org.dbunit.dataset.datatype.ToleratedDeltaMap@6452310a], http://www.dbunit.org/properties/escapePattern=null, http://www.dbunit.org/properties/batchSize=100, http://www.dbunit.org/features/qualifiedTableNames=false, http://www.dbunit.org/properties/tableType=[Ljava.lang.String;@5011bafa, http://www.dbunit.org/properties/resultSetTableFactory=org.dbunit.database.CachedResultSetTableFactory@10bcf083, http://www.dbunit.org/features/datatypeWarning=true}], _dataSet=AbstractDataSet[_orderedTableNameMap=null], tableName=SCOPE_REQUESTCONTEXT) - start
193136 [main] DEBUG org.dbunit.util.search.DepthFirstSearch  - search(nodesFrom=[SCOPE_REQUESTCONTEXT], callback=org.dbunit.database.search.ExportedKeysSearchCallback@75cdee1f) - start
193136 [main] DEBUG org.dbunit.util.CollectionsHelper  - objectsToSet(objects=SCOPE_REQUESTCONTEXT) - start
193136 [main] DEBUG org.dbunit.util.search.DepthFirstSearch  - search(nodesFrom=[SCOPE_REQUESTCONTEXT], callback=org.dbunit.database.search.ExportedKeysSearchCallback@75cdee1f) - start
193136 [main] DEBUG org.dbunit.util.search.DepthFirstSearch  - reverseSearch:SCOPE_REQUESTCONTEXT
193136 [main] DEBUG org.dbunit.database.search.ExportedKeysSearchCallback  - searchNode(node=SCOPE_REQUESTCONTEXT) - start
193136 [main] DEBUG org.dbunit.util.search.DepthFirstSearch  - Pushing (reverse) SCOPE_REQUESTCONTEXT
193136 [main] DEBUG org.dbunit.database.search.ExportedKeysSearchCallback  - getEdges(node=SCOPE_REQUESTCONTEXT) - start
193136 [main] DEBUG org.dbunit.database.search.AbstractMetaDataBasedSearchCallback  - getNodesFromExportedKeys(node=SCOPE_REQUESTCONTEXT) - start
193136 [main] DEBUG org.dbunit.database.search.AbstractMetaDataBasedSearchCallback  - getNodes(type=1, node=SCOPE_REQUESTCONTEXT) - start
193136 [main] DEBUG org.dbunit.database.DatabaseDataSourceConnection  - getConnection() - start
193136 [main] DEBUG org.dbunit.database.search.AbstractMetaDataBasedSearchCallback  - getNodes(type=1, node=SCOPE_REQUESTCONTEXT, conn=Transaction-aware proxy for target Connection [jdbc:hsqldb:mem:kontrollDS, UserName=sw, HSQL Database Engine Driver], schema=null, metaData=org.apache.commons.dbcp.DelegatingDatabaseMetaData@22cc71a5, edges=[]) - start
193136 [main] DEBUG org.dbunit.database.search.AbstractMetaDataBasedSearchCallback  - Getting edges for node SCOPE_REQUESTCONTEXT
193136 [main] TRACE org.dbunit.database.DatabaseConfig  - getProperty(name=http://www.dbunit.org/properties/metadataHandler) - start
193136 [main] TRACE org.dbunit.database.DefaultMetadataHandler  - tableExists(metaData=org.apache.commons.dbcp.DelegatingDatabaseMetaData@22cc71a5, schemaName=null, tableName=SCOPE_REQUESTCONTEXT) - start
193137 [main] DEBUG org.dbunit.util.SQLHelper  - close(resultSet=org.apache.commons.dbcp.DelegatingResultSet@68b82a5d) - start
193137 [main] DEBUG org.dbunit.util.SQLHelper  - close(resultSet=org.apache.commons.dbcp.DelegatingResultSet@167d3cf8) - start
193137 [main] DEBUG org.dbunit.util.search.DepthFirstSearch  - search:SCOPE_REQUESTCONTEXT
193137 [main] DEBUG org.dbunit.database.search.ExportedKeysSearchCallback  - searchNode(node=SCOPE_REQUESTCONTEXT) - start
193137 [main] DEBUG org.dbunit.util.search.DepthFirstSearch  - Pushing SCOPE_REQUESTCONTEXT
193137 [main] DEBUG org.dbunit.database.search.ExportedKeysSearchCallback  - getEdges(node=SCOPE_REQUESTCONTEXT) - start
193137 [main] DEBUG org.dbunit.database.search.AbstractMetaDataBasedSearchCallback  - getNodesFromExportedKeys(node=SCOPE_REQUESTCONTEXT) - start
193137 [main] DEBUG org.dbunit.database.search.AbstractMetaDataBasedSearchCallback  - getNodes(type=1, node=SCOPE_REQUESTCONTEXT) - start
193138 [main] DEBUG org.dbunit.database.DatabaseDataSourceConnection  - getConnection() - start
193138 [main] DEBUG org.dbunit.database.search.AbstractMetaDataBasedSearchCallback  - getNodes(type=1, node=SCOPE_REQUESTCONTEXT, conn=Transaction-aware proxy for target Connection [jdbc:hsqldb:mem:kontrollDS, UserName=sw, HSQL Database Engine Driver], schema=null, metaData=org.apache.commons.dbcp.DelegatingDatabaseMetaData@782dc950, edges=[]) - start
193138 [main] DEBUG org.dbunit.database.search.AbstractMetaDataBasedSearchCallback  - Getting edges for node SCOPE_REQUESTCONTEXT
193138 [main] TRACE org.dbunit.database.DatabaseConfig  - getProperty(name=http://www.dbunit.org/properties/metadataHandler) - start
193138 [main] TRACE org.dbunit.database.DefaultMetadataHandler  - tableExists(metaData=org.apache.commons.dbcp.DelegatingDatabaseMetaData@782dc950, schemaName=null, tableName=SCOPE_REQUESTCONTEXT) - start
193139 [main] DEBUG org.dbunit.util.SQLHelper  - close(resultSet=org.apache.commons.dbcp.DelegatingResultSet@5b65815d) - start
193139 [main] DEBUG org.dbunit.util.SQLHelper  - close(resultSet=org.apache.commons.dbcp.DelegatingResultSet@9a18283) - start
193139 [main] DEBUG org.dbunit.util.search.DepthFirstSearch  - Adding node SCOPE_REQUESTCONTEXT to the final result
193139 [main] DEBUG org.dbunit.database.search.TablesDependencyHelper  - getDirectDependentTables(connection=_databaseConfig=org.dbunit.database.DatabaseConfig[, _propertyMap={http://www.dbunit.org/properties/statementFactory=org.dbunit.database.statement.PreparedStatementFactory@626bc2b8, http://www.dbunit.org/features/caseSensitiveTableNames=false, http://www.dbunit.org/properties/fetchSize=100, http://www.dbunit.org/features/batchedStatements=false, http://www.dbunit.org/properties/metadataHandler=org.dbunit.database.DefaultMetadataHandler@3eeace42, http://www.dbunit.org/properties/datatypeFactory=org.dbunit.dataset.datatype.DefaultDataTypeFactory[_toleratedDeltaMap=org.dbunit.dataset.datatype.ToleratedDeltaMap@6452310a], http://www.dbunit.org/properties/escapePattern=null, http://www.dbunit.org/properties/batchSize=100, http://www.dbunit.org/features/qualifiedTableNames=false, http://www.dbunit.org/properties/tableType=[Ljava.lang.String;@5011bafa, http://www.dbunit.org/properties/resultSetTableFactory=org.dbunit.database.CachedResultSetTableFactory@10bcf083, http://www.dbunit.org/features/datatypeWarning=true}], _dataSet=AbstractDataSet[_orderedTableNameMap=null], tableName=SCOPE_REQUESTCONTEXT) - start
193139 [main] DEBUG org.dbunit.util.search.DepthFirstSearch  - search(nodesFrom=[SCOPE_REQUESTCONTEXT], callback=org.dbunit.database.search.ImportedKeysSearchCallback@7363da18) - start
193139 [main] DEBUG org.dbunit.util.CollectionsHelper  - objectsToSet(objects=SCOPE_REQUESTCONTEXT) - start
193139 [main] DEBUG org.dbunit.util.search.DepthFirstSearch  - search(nodesFrom=[SCOPE_REQUESTCONTEXT], callback=org.dbunit.database.search.ImportedKeysSearchCallback@7363da18) - start
193139 [main] DEBUG org.dbunit.util.search.DepthFirstSearch  - reverseSearch:SCOPE_REQUESTCONTEXT
193139 [main] DEBUG org.dbunit.database.search.ImportedKeysSearchCallback  - searchNode(node=SCOPE_REQUESTCONTEXT) - start
193139 [main] DEBUG org.dbunit.util.search.DepthFirstSearch  - Pushing (reverse) SCOPE_REQUESTCONTEXT
193139 [main] DEBUG org.dbunit.database.search.ImportedKeysSearchCallback  - getEdges(node=SCOPE_REQUESTCONTEXT) - start
193139 [main] DEBUG org.dbunit.database.search.AbstractMetaDataBasedSearchCallback  - getNodesFromImportedKeys(node=SCOPE_REQUESTCONTEXT) - start
193139 [main] DEBUG org.dbunit.database.search.AbstractMetaDataBasedSearchCallback  - getNodes(type=0, node=SCOPE_REQUESTCONTEXT) - start
193139 [main] DEBUG org.dbunit.database.DatabaseDataSourceConnection  - getConnection() - start
193139 [main] DEBUG org.dbunit.database.search.AbstractMetaDataBasedSearchCallback  - getNodes(type=0, node=SCOPE_REQUESTCONTEXT, conn=Transaction-aware proxy for target Connection [jdbc:hsqldb:mem:kontrollDS, UserName=sw, HSQL Database Engine Driver], schema=null, metaData=org.apache.commons.dbcp.DelegatingDatabaseMetaData@208398d7, edges=[]) - start
193139 [main] DEBUG org.dbunit.database.search.AbstractMetaDataBasedSearchCallback  - Getting edges for node SCOPE_REQUESTCONTEXT
193139 [main] TRACE org.dbunit.database.DatabaseConfig  - getProperty(name=http://www.dbunit.org/properties/metadataHandler) - start
193140 [main] TRACE org.dbunit.database.DefaultMetadataHandler  - tableExists(metaData=org.apache.commons.dbcp.DelegatingDatabaseMetaData@208398d7, schemaName=null, tableName=SCOPE_REQUESTCONTEXT) - start
193140 [main] DEBUG org.dbunit.util.SQLHelper  - close(resultSet=org.apache.commons.dbcp.DelegatingResultSet@2484767e) - start
193141 [main] DEBUG org.dbunit.util.QualifiedTableName  - getQualifiedNameIfEnabled(config=org.dbunit.database.DatabaseConfig[, _propertyMap={http://www.dbunit.org/properties/statementFactory=org.dbunit.database.statement.PreparedStatementFactory@626bc2b8, http://www.dbunit.org/features/caseSensitiveTableNames=false, http://www.dbunit.org/properties/fetchSize=100, http://www.dbunit.org/features/batchedStatements=false, http://www.dbunit.org/properties/metadataHandler=org.dbunit.database.DefaultMetadataHandler@3eeace42, http://www.dbunit.org/properties/datatypeFactory=org.dbunit.dataset.datatype.DefaultDataTypeFactory[_toleratedDeltaMap=org.dbunit.dataset.datatype.ToleratedDeltaMap@6452310a], http://www.dbunit.org/properties/escapePattern=null, http://www.dbunit.org/properties/batchSize=100, http://www.dbunit.org/features/qualifiedTableNames=false, http://www.dbunit.org/properties/tableType=[Ljava.lang.String;@5011bafa, http://www.dbunit.org/properties/resultSetTableFactory=org.dbunit.database.CachedResultSetTableFactory@10bcf083, http://www.dbunit.org/features/datatypeWarning=true}]) - start
193141 [main] TRACE org.dbunit.database.DatabaseConfig  - getFeature(name=http://www.dbunit.org/features/qualifiedTableNames) - start
193141 [main] TRACE org.dbunit.database.DatabaseConfig  - getProperty(name=http://www.dbunit.org/features/qualifiedTableNames) - start
193141 [main] DEBUG org.dbunit.util.QualifiedTableName  - Qualified table names feature is disabled. Returning plain table name
193141 [main] DEBUG org.dbunit.util.QualifiedTableName  - getQualifiedName(prefix=null, name=SCOPE_REQUESTCONTEXT, escapePattern=null) - start
193141 [main] DEBUG org.dbunit.util.QualifiedTableName  - getQualifiedNameIfEnabled(config=org.dbunit.database.DatabaseConfig[, _propertyMap={http://www.dbunit.org/properties/statementFactory=org.dbunit.database.statement.PreparedStatementFactory@626bc2b8, http://www.dbunit.org/features/caseSensitiveTableNames=false, http://www.dbunit.org/properties/fetchSize=100, http://www.dbunit.org/features/batchedStatements=false, http://www.dbunit.org/properties/metadataHandler=org.dbunit.database.DefaultMetadataHandler@3eeace42, http://www.dbunit.org/properties/datatypeFactory=org.dbunit.dataset.datatype.DefaultDataTypeFactory[_toleratedDeltaMap=org.dbunit.dataset.datatype.ToleratedDeltaMap@6452310a], http://www.dbunit.org/properties/escapePattern=null, http://www.dbunit.org/properties/batchSize=100, http://www.dbunit.org/features/qualifiedTableNames=false, http://www.dbunit.org/properties/tableType=[Ljava.lang.String;@5011bafa, http://www.dbunit.org/properties/resultSetTableFactory=org.dbunit.database.CachedResultSetTableFactory@10bcf083, http://www.dbunit.org/features/datatypeWarning=true}]) - start
193141 [main] TRACE org.dbunit.database.DatabaseConfig  - getFeature(name=http://www.dbunit.org/features/qualifiedTableNames) - start
193141 [main] TRACE org.dbunit.database.DatabaseConfig  - getProperty(name=http://www.dbunit.org/features/qualifiedTableNames) - start
193141 [main] DEBUG org.dbunit.util.QualifiedTableName  - Qualified table names feature is disabled. Returning plain table name
193141 [main] DEBUG org.dbunit.util.QualifiedTableName  - getQualifiedName(prefix=null, name=REQUESTCONTEXT, escapePattern=null) - start
193141 [main] DEBUG org.dbunit.database.search.AbstractMetaDataBasedSearchCallback  - newEdge(rs=org.apache.commons.dbcp.DelegatingResultSet@55adc5b4, type=0, from=SCOPE_REQUESTCONTEXT, to=REQUESTCONTEXT, fkColumn=REQUEST_CONTEXT_ID, pkColumn=ID) - start
193141 [main] DEBUG org.dbunit.database.search.AbstractMetaDataBasedSearchCallback  - createFKEdge(rs=org.apache.commons.dbcp.DelegatingResultSet@55adc5b4, type=0, from=SCOPE_REQUESTCONTEXT, to=REQUESTCONTEXT, fkColumn=REQUEST_CONTEXT_ID, pkColumn=ID) - start
193141 [main] DEBUG org.dbunit.database.search.AbstractMetaDataBasedSearchCallback  - Adding edge SCOPE_REQUESTCONTEXT(REQUEST_CONTEXT_ID)->REQUESTCONTEXT(ID)
193141 [main] DEBUG org.dbunit.util.search.Edge  - compareTo(o=SCOPE_REQUESTCONTEXT(REQUEST_CONTEXT_ID)->REQUESTCONTEXT(ID)) - start
193141 [main] DEBUG org.dbunit.util.QualifiedTableName  - getQualifiedNameIfEnabled(config=org.dbunit.database.DatabaseConfig[, _propertyMap={http://www.dbunit.org/properties/statementFactory=org.dbunit.database.statement.PreparedStatementFactory@626bc2b8, http://www.dbunit.org/features/caseSensitiveTableNames=false, http://www.dbunit.org/properties/fetchSize=100, http://www.dbunit.org/features/batchedStatements=false, http://www.dbunit.org/properties/metadataHandler=org.dbunit.database.DefaultMetadataHandler@3eeace42, http://www.dbunit.org/properties/datatypeFactory=org.dbunit.dataset.datatype.DefaultDataTypeFactory[_toleratedDeltaMap=org.dbunit.dataset.datatype.ToleratedDeltaMap@6452310a], http://www.dbunit.org/properties/escapePattern=null, http://www.dbunit.org/properties/batchSize=100, http://www.dbunit.org/features/qualifiedTableNames=false, http://www.dbunit.org/properties/tableType=[Ljava.lang.String;@5011bafa, http://www.dbunit.org/properties/resultSetTableFactory=org.dbunit.database.CachedResultSetTableFactory@10bcf083, http://www.dbunit.org/features/datatypeWarning=true}]) - start
193141 [main] TRACE org.dbunit.database.DatabaseConfig  - getFeature(name=http://www.dbunit.org/features/qualifiedTableNames) - start
193141 [main] TRACE org.dbunit.database.DatabaseConfig  - getProperty(name=http://www.dbunit.org/features/qualifiedTableNames) - start
193141 [main] DEBUG org.dbunit.util.QualifiedTableName  - Qualified table names feature is disabled. Returning plain table name
193141 [main] DEBUG org.dbunit.util.QualifiedTableName  - getQualifiedName(prefix=null, name=SCOPE_REQUESTCONTEXT, escapePattern=null) - start
193141 [main] DEBUG org.dbunit.util.QualifiedTableName  - getQualifiedNameIfEnabled(config=org.dbunit.database.DatabaseConfig[, _propertyMap={http://www.dbunit.org/properties/statementFactory=org.dbunit.database.statement.PreparedStatementFactory@626bc2b8, http://www.dbunit.org/features/caseSensitiveTableNames=false, http://www.dbunit.org/properties/fetchSize=100, http://www.dbunit.org/features/batchedStatements=false, http://www.dbunit.org/properties/metadataHandler=org.dbunit.database.DefaultMetadataHandler@3eeace42, http://www.dbunit.org/properties/datatypeFactory=org.dbunit.dataset.datatype.DefaultDataTypeFactory[_toleratedDeltaMap=org.dbunit.dataset.datatype.ToleratedDeltaMap@6452310a], http://www.dbunit.org/properties/escapePattern=null, http://www.dbunit.org/properties/batchSize=100, http://www.dbunit.org/features/qualifiedTableNames=false, http://www.dbunit.org/properties/tableType=[Ljava.lang.String;@5011bafa, http://www.dbunit.org/properties/resultSetTableFactory=org.dbunit.database.CachedResultSetTableFactory@10bcf083, http://www.dbunit.org/features/datatypeWarning=true}]) - start
193141 [main] TRACE org.dbunit.database.DatabaseConfig  - getFeature(name=http://www.dbunit.org/features/qualifiedTableNames) - start
193141 [main] TRACE org.dbunit.database.DatabaseConfig  - getProperty(name=http://www.dbunit.org/features/qualifiedTableNames) - start
193142 [main] DEBUG org.dbunit.util.QualifiedTableName  - Qualified table names feature is disabled. Returning plain table name
193142 [main] DEBUG org.dbunit.util.QualifiedTableName  - getQualifiedName(prefix=null, name=SCOPE, escapePattern=null) - start
193142 [main] DEBUG org.dbunit.database.search.AbstractMetaDataBasedSearchCallback  - newEdge(rs=org.apache.commons.dbcp.DelegatingResultSet@55adc5b4, type=0, from=SCOPE_REQUESTCONTEXT, to=SCOPE, fkColumn=SCOPE_ID, pkColumn=ID) - start
193142 [main] DEBUG org.dbunit.database.search.AbstractMetaDataBasedSearchCallback  - createFKEdge(rs=org.apache.commons.dbcp.DelegatingResultSet@55adc5b4, type=0, from=SCOPE_REQUESTCONTEXT, to=SCOPE, fkColumn=SCOPE_ID, pkColumn=ID) - start
193142 [main] DEBUG org.dbunit.database.search.AbstractMetaDataBasedSearchCallback  - Adding edge SCOPE_REQUESTCONTEXT(SCOPE_ID)->SCOPE(ID)
193142 [main] DEBUG org.dbunit.util.search.Edge  - compareTo(o=SCOPE_REQUESTCONTEXT(REQUEST_CONTEXT_ID)->REQUESTCONTEXT(ID)) - start
193142 [main] DEBUG org.dbunit.util.SQLHelper  - close(resultSet=org.apache.commons.dbcp.DelegatingResultSet@55adc5b4) - start
193142 [main] DEBUG org.dbunit.util.search.DepthFirstSearch  - search:SCOPE_REQUESTCONTEXT
193142 [main] DEBUG org.dbunit.database.search.ImportedKeysSearchCallback  - searchNode(node=SCOPE_REQUESTCONTEXT) - start
193142 [main] DEBUG org.dbunit.util.search.DepthFirstSearch  - Pushing SCOPE_REQUESTCONTEXT
193142 [main] DEBUG org.dbunit.database.search.ImportedKeysSearchCallback  - getEdges(node=SCOPE_REQUESTCONTEXT) - start
193142 [main] DEBUG org.dbunit.database.search.AbstractMetaDataBasedSearchCallback  - getNodesFromImportedKeys(node=SCOPE_REQUESTCONTEXT) - start
193142 [main] DEBUG org.dbunit.database.search.AbstractMetaDataBasedSearchCallback  - getNodes(type=0, node=SCOPE_REQUESTCONTEXT) - start
193142 [main] DEBUG org.dbunit.database.DatabaseDataSourceConnection  - getConnection() - start
193142 [main] DEBUG org.dbunit.database.search.AbstractMetaDataBasedSearchCallback  - getNodes(type=0, node=SCOPE_REQUESTCONTEXT, conn=Transaction-aware proxy for target Connection [jdbc:hsqldb:mem:kontrollDS, UserName=sw, HSQL Database Engine Driver], schema=null, metaData=org.apache.commons.dbcp.DelegatingDatabaseMetaData@38ed85e, edges=[]) - start
193142 [main] DEBUG org.dbunit.database.search.AbstractMetaDataBasedSearchCallback  - Getting edges for node SCOPE_REQUESTCONTEXT
193142 [main] TRACE org.dbunit.database.DatabaseConfig  - getProperty(name=http://www.dbunit.org/properties/metadataHandler) - start
193142 [main] TRACE org.dbunit.database.DefaultMetadataHandler  - tableExists(metaData=org.apache.commons.dbcp.DelegatingDatabaseMetaData@38ed85e, schemaName=null, tableName=SCOPE_REQUESTCONTEXT) - start
193143 [main] DEBUG org.dbunit.util.SQLHelper  - close(resultSet=org.apache.commons.dbcp.DelegatingResultSet@758acbfe) - start
193143 [main] DEBUG org.dbunit.util.QualifiedTableName  - getQualifiedNameIfEnabled(config=org.dbunit.database.DatabaseConfig[, _propertyMap={http://www.dbunit.org/properties/statementFactory=org.dbunit.database.statement.PreparedStatementFactory@626bc2b8, http://www.dbunit.org/features/caseSensitiveTableNames=false, http://www.dbunit.org/properties/fetchSize=100, http://www.dbunit.org/features/batchedStatements=false, http://www.dbunit.org/properties/metadataHandler=org.dbunit.database.DefaultMetadataHandler@3eeace42, http://www.dbunit.org/properties/datatypeFactory=org.dbunit.dataset.datatype.DefaultDataTypeFactory[_toleratedDeltaMap=org.dbunit.dataset.datatype.ToleratedDeltaMap@6452310a], http://www.dbunit.org/properties/escapePattern=null, http://www.dbunit.org/properties/batchSize=100, http://www.dbunit.org/features/qualifiedTableNames=false, http://www.dbunit.org/properties/tableType=[Ljava.lang.String;@5011bafa, http://www.dbunit.org/properties/resultSetTableFactory=org.dbunit.database.CachedResultSetTableFactory@10bcf083, http://www.dbunit.org/features/datatypeWarning=true}]) - start
193143 [main] TRACE org.dbunit.database.DatabaseConfig  - getFeature(name=http://www.dbunit.org/features/qualifiedTableNames) - start
193143 [main] TRACE org.dbunit.database.DatabaseConfig  - getProperty(name=http://www.dbunit.org/features/qualifiedTableNames) - start
193144 [main] DEBUG org.dbunit.util.QualifiedTableName  - Qualified table names feature is disabled. Returning plain table name
193144 [main] DEBUG org.dbunit.util.QualifiedTableName  - getQualifiedName(prefix=null, name=SCOPE_REQUESTCONTEXT, escapePattern=null) - start
193144 [main] DEBUG org.dbunit.util.QualifiedTableName  - getQualifiedNameIfEnabled(config=org.dbunit.database.DatabaseConfig[, _propertyMap={http://www.dbunit.org/properties/statementFactory=org.dbunit.database.statement.PreparedStatementFactory@626bc2b8, http://www.dbunit.org/features/caseSensitiveTableNames=false, http://www.dbunit.org/properties/fetchSize=100, http://www.dbunit.org/features/batchedStatements=false, http://www.dbunit.org/properties/metadataHandler=org.dbunit.database.DefaultMetadataHandler@3eeace42, http://www.dbunit.org/properties/datatypeFactory=org.dbunit.dataset.datatype.DefaultDataTypeFactory[_toleratedDeltaMap=org.dbunit.dataset.datatype.ToleratedDeltaMap@6452310a], http://www.dbunit.org/properties/escapePattern=null, http://www.dbunit.org/properties/batchSize=100, http://www.dbunit.org/features/qualifiedTableNames=false, http://www.dbunit.org/properties/tableType=[Ljava.lang.String;@5011bafa, http://www.dbunit.org/properties/resultSetTableFactory=org.dbunit.database.CachedResultSetTableFactory@10bcf083, http://www.dbunit.org/features/datatypeWarning=true}]) - start
193144 [main] TRACE org.dbunit.database.DatabaseConfig  - getFeature(name=http://www.dbunit.org/features/qualifiedTableNames) - start
193144 [main] TRACE org.dbunit.database.DatabaseConfig  - getProperty(name=http://www.dbunit.org/features/qualifiedTableNames) - start
193144 [main] DEBUG org.dbunit.util.QualifiedTableName  - Qualified table names feature is disabled. Returning plain table name
193144 [main] DEBUG org.dbunit.util.QualifiedTableName  - getQualifiedName(prefix=null, name=REQUESTCONTEXT, escapePattern=null) - start
193144 [main] DEBUG org.dbunit.database.search.AbstractMetaDataBasedSearchCallback  - newEdge(rs=org.apache.commons.dbcp.DelegatingResultSet@faba9cb, type=0, from=SCOPE_REQUESTCONTEXT, to=REQUESTCONTEXT, fkColumn=REQUEST_CONTEXT_ID, pkColumn=ID) - start
193144 [main] DEBUG org.dbunit.database.search.AbstractMetaDataBasedSearchCallback  - createFKEdge(rs=org.apache.commons.dbcp.DelegatingResultSet@faba9cb, type=0, from=SCOPE_REQUESTCONTEXT, to=REQUESTCONTEXT, fkColumn=REQUEST_CONTEXT_ID, pkColumn=ID) - start
193144 [main] DEBUG org.dbunit.database.search.AbstractMetaDataBasedSearchCallback  - Adding edge SCOPE_REQUESTCONTEXT(REQUEST_CONTEXT_ID)->REQUESTCONTEXT(ID)
193144 [main] DEBUG org.dbunit.util.search.Edge  - compareTo(o=SCOPE_REQUESTCONTEXT(REQUEST_CONTEXT_ID)->REQUESTCONTEXT(ID)) - start
193144 [main] DEBUG org.dbunit.util.QualifiedTableName  - getQualifiedNameIfEnabled(config=org.dbunit.database.DatabaseConfig[, _propertyMap={http://www.dbunit.org/properties/statementFactory=org.dbunit.database.statement.PreparedStatementFactory@626bc2b8, http://www.dbunit.org/features/caseSensitiveTableNames=false, http://www.dbunit.org/properties/fetchSize=100, http://www.dbunit.org/features/batchedStatements=false, http://www.dbunit.org/properties/metadataHandler=org.dbunit.database.DefaultMetadataHandler@3eeace42, http://www.dbunit.org/properties/datatypeFactory=org.dbunit.dataset.datatype.DefaultDataTypeFactory[_toleratedDeltaMap=org.dbunit.dataset.datatype.ToleratedDeltaMap@6452310a], http://www.dbunit.org/properties/escapePattern=null, http://www.dbunit.org/properties/batchSize=100, http://www.dbunit.org/features/qualifiedTableNames=false, http://www.dbunit.org/properties/tableType=[Ljava.lang.String;@5011bafa, http://www.dbunit.org/properties/resultSetTableFactory=org.dbunit.database.CachedResultSetTableFactory@10bcf083, http://www.dbunit.org/features/datatypeWarning=true}]) - start
193144 [main] TRACE org.dbunit.database.DatabaseConfig  - getFeature(name=http://www.dbunit.org/features/qualifiedTableNames) - start
193144 [main] TRACE org.dbunit.database.DatabaseConfig  - getProperty(name=http://www.dbunit.org/features/qualifiedTableNames) - start
193144 [main] DEBUG org.dbunit.util.QualifiedTableName  - Qualified table names feature is disabled. Returning plain table name
193144 [main] DEBUG org.dbunit.util.QualifiedTableName  - getQualifiedName(prefix=null, name=SCOPE_REQUESTCONTEXT, escapePattern=null) - start
193144 [main] DEBUG org.dbunit.util.QualifiedTableName  - getQualifiedNameIfEnabled(config=org.dbunit.database.DatabaseConfig[, _propertyMap={http://www.dbunit.org/properties/statementFactory=org.dbunit.database.statement.PreparedStatementFactory@626bc2b8, http://www.dbunit.org/features/caseSensitiveTableNames=false, http://www.dbunit.org/properties/fetchSize=100, http://www.dbunit.org/features/batchedStatements=false, http://www.dbunit.org/properties/metadataHandler=org.dbunit.database.DefaultMetadataHandler@3eeace42, http://www.dbunit.org/properties/datatypeFactory=org.dbunit.dataset.datatype.DefaultDataTypeFactory[_toleratedDeltaMap=org.dbunit.dataset.datatype.ToleratedDeltaMap@6452310a], http://www.dbunit.org/properties/escapePattern=null, http://www.dbunit.org/properties/batchSize=100, http://www.dbunit.org/features/qualifiedTableNames=false, http://www.dbunit.org/properties/tableType=[Ljava.lang.String;@5011bafa, http://www.dbunit.org/properties/resultSetTableFactory=org.dbunit.database.CachedResultSetTableFactory@10bcf083, http://www.dbunit.org/features/datatypeWarning=true}]) - start
193144 [main] TRACE org.dbunit.database.DatabaseConfig  - getFeature(name=http://www.dbunit.org/features/qualifiedTableNames) - start
193144 [main] TRACE org.dbunit.database.DatabaseConfig  - getProperty(name=http://www.dbunit.org/features/qualifiedTableNames) - start
193144 [main] DEBUG org.dbunit.util.QualifiedTableName  - Qualified table names feature is disabled. Returning plain table name
193144 [main] DEBUG org.dbunit.util.QualifiedTableName  - getQualifiedName(prefix=null, name=SCOPE, escapePattern=null) - start
193144 [main] DEBUG org.dbunit.database.search.AbstractMetaDataBasedSearchCallback  - newEdge(rs=org.apache.commons.dbcp.DelegatingResultSet@faba9cb, type=0, from=SCOPE_REQUESTCONTEXT, to=SCOPE, fkColumn=SCOPE_ID, pkColumn=ID) - start
193144 [main] DEBUG org.dbunit.database.search.AbstractMetaDataBasedSearchCallback  - createFKEdge(rs=org.apache.commons.dbcp.DelegatingResultSet@faba9cb, type=0, from=SCOPE_REQUESTCONTEXT, to=SCOPE, fkColumn=SCOPE_ID, pkColumn=ID) - start
193144 [main] DEBUG org.dbunit.database.search.AbstractMetaDataBasedSearchCallback  - Adding edge SCOPE_REQUESTCONTEXT(SCOPE_ID)->SCOPE(ID)
193144 [main] DEBUG org.dbunit.util.search.Edge  - compareTo(o=SCOPE_REQUESTCONTEXT(REQUEST_CONTEXT_ID)->REQUESTCONTEXT(ID)) - start
193144 [main] DEBUG org.dbunit.util.SQLHelper  - close(resultSet=org.apache.commons.dbcp.DelegatingResultSet@faba9cb) - start
193144 [main] DEBUG org.dbunit.util.search.DepthFirstSearch  - search:REQUESTCONTEXT
193145 [main] DEBUG org.dbunit.database.search.ImportedKeysSearchCallback  - searchNode(node=REQUESTCONTEXT) - start
193145 [main] DEBUG org.dbunit.util.search.DepthFirstSearch  - Pushing REQUESTCONTEXT
193145 [main] DEBUG org.dbunit.database.search.ImportedKeysSearchCallback  - getEdges(node=REQUESTCONTEXT) - start
193145 [main] DEBUG org.dbunit.database.search.AbstractMetaDataBasedSearchCallback  - getNodesFromImportedKeys(node=REQUESTCONTEXT) - start
193145 [main] DEBUG org.dbunit.database.search.AbstractMetaDataBasedSearchCallback  - getNodes(type=0, node=REQUESTCONTEXT) - start
193145 [main] DEBUG org.dbunit.database.DatabaseDataSourceConnection  - getConnection() - start
193145 [main] DEBUG org.dbunit.database.search.AbstractMetaDataBasedSearchCallback  - getNodes(type=0, node=REQUESTCONTEXT, conn=Transaction-aware proxy for target Connection [jdbc:hsqldb:mem:kontrollDS, UserName=sw, HSQL Database Engine Driver], schema=null, metaData=org.apache.commons.dbcp.DelegatingDatabaseMetaData@4f185676, edges=[]) - start
193145 [main] DEBUG org.dbunit.database.search.AbstractMetaDataBasedSearchCallback  - Getting edges for node REQUESTCONTEXT
193145 [main] TRACE org.dbunit.database.DatabaseConfig  - getProperty(name=http://www.dbunit.org/properties/metadataHandler) - start
193145 [main] TRACE org.dbunit.database.DefaultMetadataHandler  - tableExists(metaData=org.apache.commons.dbcp.DelegatingDatabaseMetaData@4f185676, schemaName=null, tableName=REQUESTCONTEXT) - start
193146 [main] DEBUG org.dbunit.util.SQLHelper  - close(resultSet=org.apache.commons.dbcp.DelegatingResultSet@2a8b8d01) - start
193146 [main] DEBUG org.dbunit.util.SQLHelper  - close(resultSet=org.apache.commons.dbcp.DelegatingResultSet@1fc09e78) - start
193146 [main] DEBUG org.dbunit.util.search.DepthFirstSearch  - Adding node REQUESTCONTEXT to the final result
193146 [main] DEBUG org.dbunit.util.search.DepthFirstSearch  - search:SCOPE
193146 [main] DEBUG org.dbunit.database.search.ImportedKeysSearchCallback  - searchNode(node=SCOPE) - start
193146 [main] DEBUG org.dbunit.util.search.DepthFirstSearch  - Pushing SCOPE
193146 [main] DEBUG org.dbunit.util.search.DepthFirstSearch  - Adding node SCOPE to the final result
193146 [main] DEBUG org.dbunit.util.search.DepthFirstSearch  - Adding node SCOPE_REQUESTCONTEXT to the final result
193146 [main] DEBUG org.dbunit.util.search.DepthFirstSearch  - reverseSearch:REQUESTCONTEXT
193146 [main] DEBUG org.dbunit.database.search.ImportedKeysSearchCallback  - searchNode(node=REQUESTCONTEXT) - start
193146 [main] DEBUG org.dbunit.util.search.DepthFirstSearch  - Pushing (reverse) REQUESTCONTEXT
193146 [main] DEBUG org.dbunit.database.search.ImportedKeysSearchCallback  - getEdges(node=REQUESTCONTEXT) - start
193146 [main] DEBUG org.dbunit.database.search.AbstractMetaDataBasedSearchCallback  - getNodesFromImportedKeys(node=REQUESTCONTEXT) - start
193146 [main] DEBUG org.dbunit.database.search.AbstractMetaDataBasedSearchCallback  - getNodes(type=0, node=REQUESTCONTEXT) - start
193146 [main] DEBUG org.dbunit.database.DatabaseDataSourceConnection  - getConnection() - start
193147 [main] DEBUG org.dbunit.database.search.AbstractMetaDataBasedSearchCallback  - getNodes(type=0, node=REQUESTCONTEXT, conn=Transaction-aware proxy for target Connection [jdbc:hsqldb:mem:kontrollDS, UserName=sw, HSQL Database Engine Driver], schema=null, metaData=org.apache.commons.dbcp.DelegatingDatabaseMetaData@1ee3e891, edges=[]) - start
193147 [main] DEBUG org.dbunit.database.search.AbstractMetaDataBasedSearchCallback  - Getting edges for node REQUESTCONTEXT
193147 [main] TRACE org.dbunit.database.DatabaseConfig  - getProperty(name=http://www.dbunit.org/properties/metadataHandler) - start
193147 [main] TRACE org.dbunit.database.DefaultMetadataHandler  - tableExists(metaData=org.apache.commons.dbcp.DelegatingDatabaseMetaData@1ee3e891, schemaName=null, tableName=REQUESTCONTEXT) - start
193148 [main] DEBUG org.dbunit.util.SQLHelper  - close(resultSet=org.apache.commons.dbcp.DelegatingResultSet@3484fad5) - start
193148 [main] DEBUG org.dbunit.util.SQLHelper  - close(resultSet=org.apache.commons.dbcp.DelegatingResultSet@16faea62) - start
193148 [main] DEBUG org.dbunit.util.search.DepthFirstSearch  - reverseSearch:SCOPE_REQUESTCONTEXT
193148 [main] DEBUG org.dbunit.util.search.DepthFirstSearch  - already searched; returning true
193148 [main] DEBUG org.dbunit.util.search.DepthFirstSearch  - reverseSearch:SCOPE
193148 [main] DEBUG org.dbunit.database.search.ImportedKeysSearchCallback  - searchNode(node=SCOPE) - start
193148 [main] DEBUG org.dbunit.util.search.DepthFirstSearch  - Pushing (reverse) SCOPE
193148 [main] DEBUG org.dbunit.database.search.ImportedKeysSearchCallback  - getEdges(node=SCOPE) - start
193148 [main] DEBUG org.dbunit.database.search.AbstractMetaDataBasedSearchCallback  - getNodesFromImportedKeys(node=SCOPE) - start
193148 [main] DEBUG org.dbunit.database.search.AbstractMetaDataBasedSearchCallback  - getNodes(type=0, node=SCOPE) - start
193148 [main] DEBUG org.dbunit.database.DatabaseDataSourceConnection  - getConnection() - start
193148 [main] DEBUG org.dbunit.database.search.AbstractMetaDataBasedSearchCallback  - getNodes(type=0, node=SCOPE, conn=Transaction-aware proxy for target Connection [jdbc:hsqldb:mem:kontrollDS, UserName=sw, HSQL Database Engine Driver], schema=null, metaData=org.apache.commons.dbcp.DelegatingDatabaseMetaData@3331d3b7, edges=[]) - start
193148 [main] DEBUG org.dbunit.database.search.AbstractMetaDataBasedSearchCallback  - Getting edges for node SCOPE
193148 [main] TRACE org.dbunit.database.DatabaseConfig  - getProperty(name=http://www.dbunit.org/properties/metadataHandler) - start
193148 [main] TRACE org.dbunit.database.DefaultMetadataHandler  - tableExists(metaData=org.apache.commons.dbcp.DelegatingDatabaseMetaData@3331d3b7, schemaName=null, tableName=SCOPE) - start
193149 [main] DEBUG org.dbunit.util.SQLHelper  - close(resultSet=org.apache.commons.dbcp.DelegatingResultSet@6d95ae9e) - start
193149 [main] DEBUG org.dbunit.util.SQLHelper  - close(resultSet=org.apache.commons.dbcp.DelegatingResultSet@79f74d47) - start
193149 [main] DEBUG org.dbunit.util.search.DepthFirstSearch  - search:SCOPE_REQUESTCONTEXT
193149 [main] DEBUG org.dbunit.util.search.DepthFirstSearch  - already searched; returning true
193149 [main] DEBUG org.dbunit.util.search.DepthFirstSearch  - search:REQUESTCONTEXT
193149 [main] DEBUG org.dbunit.util.search.DepthFirstSearch  - already searched; returning true
193149 [main] DEBUG org.dbunit.util.search.DepthFirstSearch  - search:SCOPE
193150 [main] DEBUG org.dbunit.util.search.DepthFirstSearch  - already searched; returning true
193150 [main] DEBUG org.dbunit.database.DatabaseSequenceFilter  - getDependencyInfo(connection=_databaseConfig=org.dbunit.database.DatabaseConfig[, _propertyMap={http://www.dbunit.org/properties/statementFactory=org.dbunit.database.statement.PreparedStatementFactory@626bc2b8, http://www.dbunit.org/features/caseSensitiveTableNames=false, http://www.dbunit.org/properties/fetchSize=100, http://www.dbunit.org/features/batchedStatements=false, http://www.dbunit.org/properties/metadataHandler=org.dbunit.database.DefaultMetadataHandler@3eeace42, http://www.dbunit.org/properties/datatypeFactory=org.dbunit.dataset.datatype.DefaultDataTypeFactory[_toleratedDeltaMap=org.dbunit.dataset.datatype.ToleratedDeltaMap@6452310a], http://www.dbunit.org/properties/escapePattern=null, http://www.dbunit.org/properties/batchSize=100, http://www.dbunit.org/features/qualifiedTableNames=false, http://www.dbunit.org/properties/tableType=[Ljava.lang.String;@5011bafa, http://www.dbunit.org/properties/resultSetTableFactory=org.dbunit.database.CachedResultSetTableFactory@10bcf083, http://www.dbunit.org/features/datatypeWarning=true}], _dataSet=AbstractDataSet[_orderedTableNameMap=null], tableName=USER) - start
193150 [main] DEBUG org.dbunit.database.search.TablesDependencyHelper  - getDependentTables(connection=_databaseConfig=org.dbunit.database.DatabaseConfig[, _propertyMap={http://www.dbunit.org/properties/statementFactory=org.dbunit.database.statement.PreparedStatementFactory@626bc2b8, http://www.dbunit.org/features/caseSensitiveTableNames=false, http://www.dbunit.org/properties/fetchSize=100, http://www.dbunit.org/features/batchedStatements=false, http://www.dbunit.org/properties/metadataHandler=org.dbunit.database.DefaultMetadataHandler@3eeace42, http://www.dbunit.org/properties/datatypeFactory=org.dbunit.dataset.datatype.DefaultDataTypeFactory[_toleratedDeltaMap=org.dbunit.dataset.datatype.ToleratedDeltaMap@6452310a], http://www.dbunit.org/properties/escapePattern=null, http://www.dbunit.org/properties/batchSize=100, http://www.dbunit.org/features/qualifiedTableNames=false, http://www.dbunit.org/properties/tableType=[Ljava.lang.String;@5011bafa, http://www.dbunit.org/properties/resultSetTableFactory=org.dbunit.database.CachedResultSetTableFactory@10bcf083, http://www.dbunit.org/features/datatypeWarning=true}], _dataSet=AbstractDataSet[_orderedTableNameMap=null], rootTable=USER) - start
193150 [main] DEBUG org.dbunit.database.search.TablesDependencyHelper  - getDependentTables(connection=_databaseConfig=org.dbunit.database.DatabaseConfig[, _propertyMap={http://www.dbunit.org/properties/statementFactory=org.dbunit.database.statement.PreparedStatementFactory@626bc2b8, http://www.dbunit.org/features/caseSensitiveTableNames=false, http://www.dbunit.org/properties/fetchSize=100, http://www.dbunit.org/features/batchedStatements=false, http://www.dbunit.org/properties/metadataHandler=org.dbunit.database.DefaultMetadataHandler@3eeace42, http://www.dbunit.org/properties/datatypeFactory=org.dbunit.dataset.datatype.DefaultDataTypeFactory[_toleratedDeltaMap=org.dbunit.dataset.datatype.ToleratedDeltaMap@6452310a], http://www.dbunit.org/properties/escapePattern=null, http://www.dbunit.org/properties/batchSize=100, http://www.dbunit.org/features/qualifiedTableNames=false, http://www.dbunit.org/properties/tableType=[Ljava.lang.String;@5011bafa, http://www.dbunit.org/properties/resultSetTableFactory=org.dbunit.database.CachedResultSetTableFactory@10bcf083, http://www.dbunit.org/features/datatypeWarning=true}], _dataSet=AbstractDataSet[_orderedTableNameMap=null], rootTables=[USER]) - start
193150 [main] DEBUG org.dbunit.util.search.DepthFirstSearch  - search(nodesFrom=[USER], callback=org.dbunit.database.search.ImportedKeysSearchCallback@72b6e11e) - start
193150 [main] DEBUG org.dbunit.util.CollectionsHelper  - objectsToSet(objects=USER) - start
193150 [main] DEBUG org.dbunit.util.search.DepthFirstSearch  - search(nodesFrom=[USER], callback=org.dbunit.database.search.ImportedKeysSearchCallback@72b6e11e) - start
193150 [main] DEBUG org.dbunit.util.search.DepthFirstSearch  - reverseSearch:USER
193150 [main] DEBUG org.dbunit.database.search.ImportedKeysSearchCallback  - searchNode(node=USER) - start
193150 [main] DEBUG org.dbunit.util.search.DepthFirstSearch  - Pushing (reverse) USER
193150 [main] DEBUG org.dbunit.database.search.ImportedKeysSearchCallback  - getEdges(node=USER) - start
193150 [main] DEBUG org.dbunit.database.search.AbstractMetaDataBasedSearchCallback  - getNodesFromImportedKeys(node=USER) - start
193150 [main] DEBUG org.dbunit.database.search.AbstractMetaDataBasedSearchCallback  - getNodes(type=0, node=USER) - start
193150 [main] DEBUG org.dbunit.database.DatabaseDataSourceConnection  - getConnection() - start
193150 [main] DEBUG org.dbunit.database.search.AbstractMetaDataBasedSearchCallback  - getNodes(type=0, node=USER, conn=Transaction-aware proxy for target Connection [jdbc:hsqldb:mem:kontrollDS, UserName=sw, HSQL Database Engine Driver], schema=null, metaData=org.apache.commons.dbcp.DelegatingDatabaseMetaData@4475b368, edges=[]) - start
193150 [main] DEBUG org.dbunit.database.search.AbstractMetaDataBasedSearchCallback  - Getting edges for node USER
193150 [main] TRACE org.dbunit.database.DatabaseConfig  - getProperty(name=http://www.dbunit.org/properties/metadataHandler) - start
193150 [main] TRACE org.dbunit.database.DefaultMetadataHandler  - tableExists(metaData=org.apache.commons.dbcp.DelegatingDatabaseMetaData@4475b368, schemaName=null, tableName=USER) - start
193151 [main] DEBUG org.dbunit.util.SQLHelper  - close(resultSet=org.apache.commons.dbcp.DelegatingResultSet@1f64bfa3) - start
193152 [main] DEBUG org.dbunit.util.SQLHelper  - close(resultSet=org.apache.commons.dbcp.DelegatingResultSet@47a6794c) - start
193152 [main] DEBUG org.dbunit.util.search.DepthFirstSearch  - search:USER
193152 [main] DEBUG org.dbunit.database.search.ImportedKeysSearchCallback  - searchNode(node=USER) - start
193152 [main] DEBUG org.dbunit.util.search.DepthFirstSearch  - Pushing USER
193152 [main] DEBUG org.dbunit.database.search.ImportedKeysSearchCallback  - getEdges(node=USER) - start
193152 [main] DEBUG org.dbunit.database.search.AbstractMetaDataBasedSearchCallback  - getNodesFromImportedKeys(node=USER) - start
193152 [main] DEBUG org.dbunit.database.search.AbstractMetaDataBasedSearchCallback  - getNodes(type=0, node=USER) - start
193152 [main] DEBUG org.dbunit.database.DatabaseDataSourceConnection  - getConnection() - start
193152 [main] DEBUG org.dbunit.database.search.AbstractMetaDataBasedSearchCallback  - getNodes(type=0, node=USER, conn=Transaction-aware proxy for target Connection [jdbc:hsqldb:mem:kontrollDS, UserName=sw, HSQL Database Engine Driver], schema=null, metaData=org.apache.commons.dbcp.DelegatingDatabaseMetaData@2659154, edges=[]) - start
193152 [main] DEBUG org.dbunit.database.search.AbstractMetaDataBasedSearchCallback  - Getting edges for node USER
193152 [main] TRACE org.dbunit.database.DatabaseConfig  - getProperty(name=http://www.dbunit.org/properties/metadataHandler) - start
193152 [main] TRACE org.dbunit.database.DefaultMetadataHandler  - tableExists(metaData=org.apache.commons.dbcp.DelegatingDatabaseMetaData@2659154, schemaName=null, tableName=USER) - start
193153 [main] DEBUG org.dbunit.util.SQLHelper  - close(resultSet=org.apache.commons.dbcp.DelegatingResultSet@1138d28) - start
193153 [main] DEBUG org.dbunit.util.SQLHelper  - close(resultSet=org.apache.commons.dbcp.DelegatingResultSet@70f7317b) - start
193153 [main] DEBUG org.dbunit.util.search.DepthFirstSearch  - Adding node USER to the final result
193153 [main] DEBUG org.dbunit.util.CollectionsHelper  - setToStrings(set=[USER]) - start
193153 [main] DEBUG org.dbunit.database.search.TablesDependencyHelper  - getDependsOnTables(connection=_databaseConfig=org.dbunit.database.DatabaseConfig[, _propertyMap={http://www.dbunit.org/properties/statementFactory=org.dbunit.database.statement.PreparedStatementFactory@626bc2b8, http://www.dbunit.org/features/caseSensitiveTableNames=false, http://www.dbunit.org/properties/fetchSize=100, http://www.dbunit.org/features/batchedStatements=false, http://www.dbunit.org/properties/metadataHandler=org.dbunit.database.DefaultMetadataHandler@3eeace42, http://www.dbunit.org/properties/datatypeFactory=org.dbunit.dataset.datatype.DefaultDataTypeFactory[_toleratedDeltaMap=org.dbunit.dataset.datatype.ToleratedDeltaMap@6452310a], http://www.dbunit.org/properties/escapePattern=null, http://www.dbunit.org/properties/batchSize=100, http://www.dbunit.org/features/qualifiedTableNames=false, http://www.dbunit.org/properties/tableType=[Ljava.lang.String;@5011bafa, http://www.dbunit.org/properties/resultSetTableFactory=org.dbunit.database.CachedResultSetTableFactory@10bcf083, http://www.dbunit.org/features/datatypeWarning=true}], _dataSet=AbstractDataSet[_orderedTableNameMap=null], rootTable=USER) - start
193153 [main] DEBUG org.dbunit.util.search.DepthFirstSearch  - search(nodesFrom=[USER], callback=org.dbunit.database.search.ExportedKeysSearchCallback@75996a45) - start
193153 [main] DEBUG org.dbunit.util.CollectionsHelper  - objectsToSet(objects=USER) - start
193153 [main] DEBUG org.dbunit.util.search.DepthFirstSearch  - search(nodesFrom=[USER], callback=org.dbunit.database.search.ExportedKeysSearchCallback@75996a45) - start
193153 [main] DEBUG org.dbunit.util.search.DepthFirstSearch  - reverseSearch:USER
193153 [main] DEBUG org.dbunit.database.search.ExportedKeysSearchCallback  - searchNode(node=USER) - start
193153 [main] DEBUG org.dbunit.util.search.DepthFirstSearch  - Pushing (reverse) USER
193153 [main] DEBUG org.dbunit.database.search.ExportedKeysSearchCallback  - getEdges(node=USER) - start
193153 [main] DEBUG org.dbunit.database.search.AbstractMetaDataBasedSearchCallback  - getNodesFromExportedKeys(node=USER) - start
193153 [main] DEBUG org.dbunit.database.search.AbstractMetaDataBasedSearchCallback  - getNodes(type=1, node=USER) - start
193153 [main] DEBUG org.dbunit.database.DatabaseDataSourceConnection  - getConnection() - start
193154 [main] DEBUG org.dbunit.database.search.AbstractMetaDataBasedSearchCallback  - getNodes(type=1, node=USER, conn=Transaction-aware proxy for target Connection [jdbc:hsqldb:mem:kontrollDS, UserName=sw, HSQL Database Engine Driver], schema=null, metaData=org.apache.commons.dbcp.DelegatingDatabaseMetaData@2b101454, edges=[]) - start
193154 [main] DEBUG org.dbunit.database.search.AbstractMetaDataBasedSearchCallback  - Getting edges for node USER
193154 [main] TRACE org.dbunit.database.DatabaseConfig  - getProperty(name=http://www.dbunit.org/properties/metadataHandler) - start
193154 [main] TRACE org.dbunit.database.DefaultMetadataHandler  - tableExists(metaData=org.apache.commons.dbcp.DelegatingDatabaseMetaData@2b101454, schemaName=null, tableName=USER) - start
193155 [main] DEBUG org.dbunit.util.SQLHelper  - close(resultSet=org.apache.commons.dbcp.DelegatingResultSet@72a04054) - start
193155 [main] DEBUG org.dbunit.util.QualifiedTableName  - getQualifiedNameIfEnabled(config=org.dbunit.database.DatabaseConfig[, _propertyMap={http://www.dbunit.org/properties/statementFactory=org.dbunit.database.statement.PreparedStatementFactory@626bc2b8, http://www.dbunit.org/features/caseSensitiveTableNames=false, http://www.dbunit.org/properties/fetchSize=100, http://www.dbunit.org/features/batchedStatements=false, http://www.dbunit.org/properties/metadataHandler=org.dbunit.database.DefaultMetadataHandler@3eeace42, http://www.dbunit.org/properties/datatypeFactory=org.dbunit.dataset.datatype.DefaultDataTypeFactory[_toleratedDeltaMap=org.dbunit.dataset.datatype.ToleratedDeltaMap@6452310a], http://www.dbunit.org/properties/escapePattern=null, http://www.dbunit.org/properties/batchSize=100, http://www.dbunit.org/features/qualifiedTableNames=false, http://www.dbunit.org/properties/tableType=[Ljava.lang.String;@5011bafa, http://www.dbunit.org/properties/resultSetTableFactory=org.dbunit.database.CachedResultSetTableFactory@10bcf083, http://www.dbunit.org/features/datatypeWarning=true}]) - start
193155 [main] TRACE org.dbunit.database.DatabaseConfig  - getFeature(name=http://www.dbunit.org/features/qualifiedTableNames) - start
193155 [main] TRACE org.dbunit.database.DatabaseConfig  - getProperty(name=http://www.dbunit.org/features/qualifiedTableNames) - start
193155 [main] DEBUG org.dbunit.util.QualifiedTableName  - Qualified table names feature is disabled. Returning plain table name
193155 [main] DEBUG org.dbunit.util.QualifiedTableName  - getQualifiedName(prefix=null, name=USER, escapePattern=null) - start
193155 [main] DEBUG org.dbunit.util.QualifiedTableName  - getQualifiedNameIfEnabled(config=org.dbunit.database.DatabaseConfig[, _propertyMap={http://www.dbunit.org/properties/statementFactory=org.dbunit.database.statement.PreparedStatementFactory@626bc2b8, http://www.dbunit.org/features/caseSensitiveTableNames=false, http://www.dbunit.org/properties/fetchSize=100, http://www.dbunit.org/features/batchedStatements=false, http://www.dbunit.org/properties/metadataHandler=org.dbunit.database.DefaultMetadataHandler@3eeace42, http://www.dbunit.org/properties/datatypeFactory=org.dbunit.dataset.datatype.DefaultDataTypeFactory[_toleratedDeltaMap=org.dbunit.dataset.datatype.ToleratedDeltaMap@6452310a], http://www.dbunit.org/properties/escapePattern=null, http://www.dbunit.org/properties/batchSize=100, http://www.dbunit.org/features/qualifiedTableNames=false, http://www.dbunit.org/properties/tableType=[Ljava.lang.String;@5011bafa, http://www.dbunit.org/properties/resultSetTableFactory=org.dbunit.database.CachedResultSetTableFactory@10bcf083, http://www.dbunit.org/features/datatypeWarning=true}]) - start
193155 [main] TRACE org.dbunit.database.DatabaseConfig  - getFeature(name=http://www.dbunit.org/features/qualifiedTableNames) - start
193155 [main] TRACE org.dbunit.database.DatabaseConfig  - getProperty(name=http://www.dbunit.org/features/qualifiedTableNames) - start
193155 [main] DEBUG org.dbunit.util.QualifiedTableName  - Qualified table names feature is disabled. Returning plain table name
193155 [main] DEBUG org.dbunit.util.QualifiedTableName  - getQualifiedName(prefix=null, name=USERS_AUTHORITIES, escapePattern=null) - start
193155 [main] DEBUG org.dbunit.database.search.AbstractMetaDataBasedSearchCallback  - newEdge(rs=org.apache.commons.dbcp.DelegatingResultSet@4cbb77d2, type=1, from=USER, to=USERS_AUTHORITIES, fkColumn=USER_ID, pkColumn=ID) - start
193155 [main] DEBUG org.dbunit.database.search.AbstractMetaDataBasedSearchCallback  - createFKEdge(rs=org.apache.commons.dbcp.DelegatingResultSet@4cbb77d2, type=1, from=USER, to=USERS_AUTHORITIES, fkColumn=USER_ID, pkColumn=ID) - start
193155 [main] DEBUG org.dbunit.database.search.AbstractMetaDataBasedSearchCallback  - Adding edge USERS_AUTHORITIES(USER_ID)->USER(ID)
193155 [main] DEBUG org.dbunit.util.search.Edge  - compareTo(o=USERS_AUTHORITIES(USER_ID)->USER(ID)) - start
193155 [main] DEBUG org.dbunit.util.SQLHelper  - close(resultSet=org.apache.commons.dbcp.DelegatingResultSet@4cbb77d2) - start
193156 [main] DEBUG org.dbunit.util.search.DepthFirstSearch  - reverseSearch:USERS_AUTHORITIES
193156 [main] DEBUG org.dbunit.database.search.ExportedKeysSearchCallback  - searchNode(node=USERS_AUTHORITIES) - start
193156 [main] DEBUG org.dbunit.util.search.DepthFirstSearch  - Pushing (reverse) USERS_AUTHORITIES
193156 [main] DEBUG org.dbunit.database.search.ExportedKeysSearchCallback  - getEdges(node=USERS_AUTHORITIES) - start
193156 [main] DEBUG org.dbunit.database.search.AbstractMetaDataBasedSearchCallback  - getNodesFromExportedKeys(node=USERS_AUTHORITIES) - start
193156 [main] DEBUG org.dbunit.database.search.AbstractMetaDataBasedSearchCallback  - getNodes(type=1, node=USERS_AUTHORITIES) - start
193156 [main] DEBUG org.dbunit.database.DatabaseDataSourceConnection  - getConnection() - start
193156 [main] DEBUG org.dbunit.database.search.AbstractMetaDataBasedSearchCallback  - getNodes(type=1, node=USERS_AUTHORITIES, conn=Transaction-aware proxy for target Connection [jdbc:hsqldb:mem:kontrollDS, UserName=sw, HSQL Database Engine Driver], schema=null, metaData=org.apache.commons.dbcp.DelegatingDatabaseMetaData@27b7a359, edges=[]) - start
193156 [main] DEBUG org.dbunit.database.search.AbstractMetaDataBasedSearchCallback  - Getting edges for node USERS_AUTHORITIES
193156 [main] TRACE org.dbunit.database.DatabaseConfig  - getProperty(name=http://www.dbunit.org/properties/metadataHandler) - start
193156 [main] TRACE org.dbunit.database.DefaultMetadataHandler  - tableExists(metaData=org.apache.commons.dbcp.DelegatingDatabaseMetaData@27b7a359, schemaName=null, tableName=USERS_AUTHORITIES) - start
193157 [main] DEBUG org.dbunit.util.SQLHelper  - close(resultSet=org.apache.commons.dbcp.DelegatingResultSet@20825e83) - start
193157 [main] DEBUG org.dbunit.util.SQLHelper  - close(resultSet=org.apache.commons.dbcp.DelegatingResultSet@59ed5c11) - start
193157 [main] DEBUG org.dbunit.util.search.DepthFirstSearch  - search:USERS_AUTHORITIES
193157 [main] DEBUG org.dbunit.database.search.ExportedKeysSearchCallback  - searchNode(node=USERS_AUTHORITIES) - start
193157 [main] DEBUG org.dbunit.util.search.DepthFirstSearch  - Pushing USERS_AUTHORITIES
193157 [main] DEBUG org.dbunit.database.search.ExportedKeysSearchCallback  - getEdges(node=USERS_AUTHORITIES) - start
193157 [main] DEBUG org.dbunit.database.search.AbstractMetaDataBasedSearchCallback  - getNodesFromExportedKeys(node=USERS_AUTHORITIES) - start
193157 [main] DEBUG org.dbunit.database.search.AbstractMetaDataBasedSearchCallback  - getNodes(type=1, node=USERS_AUTHORITIES) - start
193157 [main] DEBUG org.dbunit.database.DatabaseDataSourceConnection  - getConnection() - start
193158 [main] DEBUG org.dbunit.database.search.AbstractMetaDataBasedSearchCallback  - getNodes(type=1, node=USERS_AUTHORITIES, conn=Transaction-aware proxy for target Connection [jdbc:hsqldb:mem:kontrollDS, UserName=sw, HSQL Database Engine Driver], schema=null, metaData=org.apache.commons.dbcp.DelegatingDatabaseMetaData@6e378e36, edges=[]) - start
193158 [main] DEBUG org.dbunit.database.search.AbstractMetaDataBasedSearchCallback  - Getting edges for node USERS_AUTHORITIES
193158 [main] TRACE org.dbunit.database.DatabaseConfig  - getProperty(name=http://www.dbunit.org/properties/metadataHandler) - start
193158 [main] TRACE org.dbunit.database.DefaultMetadataHandler  - tableExists(metaData=org.apache.commons.dbcp.DelegatingDatabaseMetaData@6e378e36, schemaName=null, tableName=USERS_AUTHORITIES) - start
193159 [main] DEBUG org.dbunit.util.SQLHelper  - close(resultSet=org.apache.commons.dbcp.DelegatingResultSet@2828863f) - start
193159 [main] DEBUG org.dbunit.util.SQLHelper  - close(resultSet=org.apache.commons.dbcp.DelegatingResultSet@2a82ee55) - start
193159 [main] DEBUG org.dbunit.util.search.DepthFirstSearch  - Adding node USERS_AUTHORITIES to the final result
193159 [main] DEBUG org.dbunit.util.search.DepthFirstSearch  - search:USER
193159 [main] DEBUG org.dbunit.database.search.ExportedKeysSearchCallback  - searchNode(node=USER) - start
193159 [main] DEBUG org.dbunit.util.search.DepthFirstSearch  - Pushing USER
193159 [main] DEBUG org.dbunit.database.search.ExportedKeysSearchCallback  - getEdges(node=USER) - start
193159 [main] DEBUG org.dbunit.database.search.AbstractMetaDataBasedSearchCallback  - getNodesFromExportedKeys(node=USER) - start
193159 [main] DEBUG org.dbunit.database.search.AbstractMetaDataBasedSearchCallback  - getNodes(type=1, node=USER) - start
193159 [main] DEBUG org.dbunit.database.DatabaseDataSourceConnection  - getConnection() - start
193159 [main] DEBUG org.dbunit.database.search.AbstractMetaDataBasedSearchCallback  - getNodes(type=1, node=USER, conn=Transaction-aware proxy for target Connection [jdbc:hsqldb:mem:kontrollDS, UserName=sw, HSQL Database Engine Driver], schema=null, metaData=org.apache.commons.dbcp.DelegatingDatabaseMetaData@79ed2440, edges=[]) - start
193159 [main] DEBUG org.dbunit.database.search.AbstractMetaDataBasedSearchCallback  - Getting edges for node USER
193159 [main] TRACE org.dbunit.database.DatabaseConfig  - getProperty(name=http://www.dbunit.org/properties/metadataHandler) - start
193159 [main] TRACE org.dbunit.database.DefaultMetadataHandler  - tableExists(metaData=org.apache.commons.dbcp.DelegatingDatabaseMetaData@79ed2440, schemaName=null, tableName=USER) - start
193160 [main] DEBUG org.dbunit.util.SQLHelper  - close(resultSet=org.apache.commons.dbcp.DelegatingResultSet@5fff5565) - start
193160 [main] DEBUG org.dbunit.util.QualifiedTableName  - getQualifiedNameIfEnabled(config=org.dbunit.database.DatabaseConfig[, _propertyMap={http://www.dbunit.org/properties/statementFactory=org.dbunit.database.statement.PreparedStatementFactory@626bc2b8, http://www.dbunit.org/features/caseSensitiveTableNames=false, http://www.dbunit.org/properties/fetchSize=100, http://www.dbunit.org/features/batchedStatements=false, http://www.dbunit.org/properties/metadataHandler=org.dbunit.database.DefaultMetadataHandler@3eeace42, http://www.dbunit.org/properties/datatypeFactory=org.dbunit.dataset.datatype.DefaultDataTypeFactory[_toleratedDeltaMap=org.dbunit.dataset.datatype.ToleratedDeltaMap@6452310a], http://www.dbunit.org/properties/escapePattern=null, http://www.dbunit.org/properties/batchSize=100, http://www.dbunit.org/features/qualifiedTableNames=false, http://www.dbunit.org/properties/tableType=[Ljava.lang.String;@5011bafa, http://www.dbunit.org/properties/resultSetTableFactory=org.dbunit.database.CachedResultSetTableFactory@10bcf083, http://www.dbunit.org/features/datatypeWarning=true}]) - start
193160 [main] TRACE org.dbunit.database.DatabaseConfig  - getFeature(name=http://www.dbunit.org/features/qualifiedTableNames) - start
193160 [main] TRACE org.dbunit.database.DatabaseConfig  - getProperty(name=http://www.dbunit.org/features/qualifiedTableNames) - start
193160 [main] DEBUG org.dbunit.util.QualifiedTableName  - Qualified table names feature is disabled. Returning plain table name
193160 [main] DEBUG org.dbunit.util.QualifiedTableName  - getQualifiedName(prefix=null, name=USER, escapePattern=null) - start
193160 [main] DEBUG org.dbunit.util.QualifiedTableName  - getQualifiedNameIfEnabled(config=org.dbunit.database.DatabaseConfig[, _propertyMap={http://www.dbunit.org/properties/statementFactory=org.dbunit.database.statement.PreparedStatementFactory@626bc2b8, http://www.dbunit.org/features/caseSensitiveTableNames=false, http://www.dbunit.org/properties/fetchSize=100, http://www.dbunit.org/features/batchedStatements=false, http://www.dbunit.org/properties/metadataHandler=org.dbunit.database.DefaultMetadataHandler@3eeace42, http://www.dbunit.org/properties/datatypeFactory=org.dbunit.dataset.datatype.DefaultDataTypeFactory[_toleratedDeltaMap=org.dbunit.dataset.datatype.ToleratedDeltaMap@6452310a], http://www.dbunit.org/properties/escapePattern=null, http://www.dbunit.org/properties/batchSize=100, http://www.dbunit.org/features/qualifiedTableNames=false, http://www.dbunit.org/properties/tableType=[Ljava.lang.String;@5011bafa, http://www.dbunit.org/properties/resultSetTableFactory=org.dbunit.database.CachedResultSetTableFactory@10bcf083, http://www.dbunit.org/features/datatypeWarning=true}]) - start
193160 [main] TRACE org.dbunit.database.DatabaseConfig  - getFeature(name=http://www.dbunit.org/features/qualifiedTableNames) - start
193160 [main] TRACE org.dbunit.database.DatabaseConfig  - getProperty(name=http://www.dbunit.org/features/qualifiedTableNames) - start
193161 [main] DEBUG org.dbunit.util.QualifiedTableName  - Qualified table names feature is disabled. Returning plain table name
193161 [main] DEBUG org.dbunit.util.QualifiedTableName  - getQualifiedName(prefix=null, name=USERS_AUTHORITIES, escapePattern=null) - start
193161 [main] DEBUG org.dbunit.database.search.AbstractMetaDataBasedSearchCallback  - newEdge(rs=org.apache.commons.dbcp.DelegatingResultSet@77c6dbd8, type=1, from=USER, to=USERS_AUTHORITIES, fkColumn=USER_ID, pkColumn=ID) - start
193161 [main] DEBUG org.dbunit.database.search.AbstractMetaDataBasedSearchCallback  - createFKEdge(rs=org.apache.commons.dbcp.DelegatingResultSet@77c6dbd8, type=1, from=USER, to=USERS_AUTHORITIES, fkColumn=USER_ID, pkColumn=ID) - start
193161 [main] DEBUG org.dbunit.database.search.AbstractMetaDataBasedSearchCallback  - Adding edge USERS_AUTHORITIES(USER_ID)->USER(ID)
193161 [main] DEBUG org.dbunit.util.search.Edge  - compareTo(o=USERS_AUTHORITIES(USER_ID)->USER(ID)) - start
193161 [main] DEBUG org.dbunit.util.SQLHelper  - close(resultSet=org.apache.commons.dbcp.DelegatingResultSet@77c6dbd8) - start
193161 [main] DEBUG org.dbunit.util.search.DepthFirstSearch  - search:USER
193161 [main] DEBUG org.dbunit.util.search.DepthFirstSearch  - already searched; returning true
193161 [main] DEBUG org.dbunit.util.search.DepthFirstSearch  - Adding node USER to the final result
193161 [main] DEBUG org.dbunit.util.CollectionsHelper  - setToStrings(set=[USERS_AUTHORITIES, USER]) - start
193161 [main] DEBUG org.dbunit.database.search.TablesDependencyHelper  - getDirectDependsOnTables(connection=_databaseConfig=org.dbunit.database.DatabaseConfig[, _propertyMap={http://www.dbunit.org/properties/statementFactory=org.dbunit.database.statement.PreparedStatementFactory@626bc2b8, http://www.dbunit.org/features/caseSensitiveTableNames=false, http://www.dbunit.org/properties/fetchSize=100, http://www.dbunit.org/features/batchedStatements=false, http://www.dbunit.org/properties/metadataHandler=org.dbunit.database.DefaultMetadataHandler@3eeace42, http://www.dbunit.org/properties/datatypeFactory=org.dbunit.dataset.datatype.DefaultDataTypeFactory[_toleratedDeltaMap=org.dbunit.dataset.datatype.ToleratedDeltaMap@6452310a], http://www.dbunit.org/properties/escapePattern=null, http://www.dbunit.org/properties/batchSize=100, http://www.dbunit.org/features/qualifiedTableNames=false, http://www.dbunit.org/properties/tableType=[Ljava.lang.String;@5011bafa, http://www.dbunit.org/properties/resultSetTableFactory=org.dbunit.database.CachedResultSetTableFactory@10bcf083, http://www.dbunit.org/features/datatypeWarning=true}], _dataSet=AbstractDataSet[_orderedTableNameMap=null], tableName=USER) - start
193161 [main] DEBUG org.dbunit.util.search.DepthFirstSearch  - search(nodesFrom=[USER], callback=org.dbunit.database.search.ExportedKeysSearchCallback@26553972) - start
193161 [main] DEBUG org.dbunit.util.CollectionsHelper  - objectsToSet(objects=USER) - start
193161 [main] DEBUG org.dbunit.util.search.DepthFirstSearch  - search(nodesFrom=[USER], callback=org.dbunit.database.search.ExportedKeysSearchCallback@26553972) - start
193161 [main] DEBUG org.dbunit.util.search.DepthFirstSearch  - reverseSearch:USER
193161 [main] DEBUG org.dbunit.database.search.ExportedKeysSearchCallback  - searchNode(node=USER) - start
193161 [main] DEBUG org.dbunit.util.search.DepthFirstSearch  - Pushing (reverse) USER
193161 [main] DEBUG org.dbunit.database.search.ExportedKeysSearchCallback  - getEdges(node=USER) - start
193161 [main] DEBUG org.dbunit.database.search.AbstractMetaDataBasedSearchCallback  - getNodesFromExportedKeys(node=USER) - start
193161 [main] DEBUG org.dbunit.database.search.AbstractMetaDataBasedSearchCallback  - getNodes(type=1, node=USER) - start
193161 [main] DEBUG org.dbunit.database.DatabaseDataSourceConnection  - getConnection() - start
193161 [main] DEBUG org.dbunit.database.search.AbstractMetaDataBasedSearchCallback  - getNodes(type=1, node=USER, conn=Transaction-aware proxy for target Connection [jdbc:hsqldb:mem:kontrollDS, UserName=sw, HSQL Database Engine Driver], schema=null, metaData=org.apache.commons.dbcp.DelegatingDatabaseMetaData@252e7f07, edges=[]) - start
193161 [main] DEBUG org.dbunit.database.search.AbstractMetaDataBasedSearchCallback  - Getting edges for node USER
193161 [main] TRACE org.dbunit.database.DatabaseConfig  - getProperty(name=http://www.dbunit.org/properties/metadataHandler) - start
193162 [main] TRACE org.dbunit.database.DefaultMetadataHandler  - tableExists(metaData=org.apache.commons.dbcp.DelegatingDatabaseMetaData@252e7f07, schemaName=null, tableName=USER) - start
193162 [main] DEBUG org.dbunit.util.SQLHelper  - close(resultSet=org.apache.commons.dbcp.DelegatingResultSet@2e4b3653) - start
193163 [main] DEBUG org.dbunit.util.QualifiedTableName  - getQualifiedNameIfEnabled(config=org.dbunit.database.DatabaseConfig[, _propertyMap={http://www.dbunit.org/properties/statementFactory=org.dbunit.database.statement.PreparedStatementFactory@626bc2b8, http://www.dbunit.org/features/caseSensitiveTableNames=false, http://www.dbunit.org/properties/fetchSize=100, http://www.dbunit.org/features/batchedStatements=false, http://www.dbunit.org/properties/metadataHandler=org.dbunit.database.DefaultMetadataHandler@3eeace42, http://www.dbunit.org/properties/datatypeFactory=org.dbunit.dataset.datatype.DefaultDataTypeFactory[_toleratedDeltaMap=org.dbunit.dataset.datatype.ToleratedDeltaMap@6452310a], http://www.dbunit.org/properties/escapePattern=null, http://www.dbunit.org/properties/batchSize=100, http://www.dbunit.org/features/qualifiedTableNames=false, http://www.dbunit.org/properties/tableType=[Ljava.lang.String;@5011bafa, http://www.dbunit.org/properties/resultSetTableFactory=org.dbunit.database.CachedResultSetTableFactory@10bcf083, http://www.dbunit.org/features/datatypeWarning=true}]) - start
193163 [main] TRACE org.dbunit.database.DatabaseConfig  - getFeature(name=http://www.dbunit.org/features/qualifiedTableNames) - start
193163 [main] TRACE org.dbunit.database.DatabaseConfig  - getProperty(name=http://www.dbunit.org/features/qualifiedTableNames) - start
193163 [main] DEBUG org.dbunit.util.QualifiedTableName  - Qualified table names feature is disabled. Returning plain table name
193163 [main] DEBUG org.dbunit.util.QualifiedTableName  - getQualifiedName(prefix=null, name=USER, escapePattern=null) - start
193163 [main] DEBUG org.dbunit.util.QualifiedTableName  - getQualifiedNameIfEnabled(config=org.dbunit.database.DatabaseConfig[, _propertyMap={http://www.dbunit.org/properties/statementFactory=org.dbunit.database.statement.PreparedStatementFactory@626bc2b8, http://www.dbunit.org/features/caseSensitiveTableNames=false, http://www.dbunit.org/properties/fetchSize=100, http://www.dbunit.org/features/batchedStatements=false, http://www.dbunit.org/properties/metadataHandler=org.dbunit.database.DefaultMetadataHandler@3eeace42, http://www.dbunit.org/properties/datatypeFactory=org.dbunit.dataset.datatype.DefaultDataTypeFactory[_toleratedDeltaMap=org.dbunit.dataset.datatype.ToleratedDeltaMap@6452310a], http://www.dbunit.org/properties/escapePattern=null, http://www.dbunit.org/properties/batchSize=100, http://www.dbunit.org/features/qualifiedTableNames=false, http://www.dbunit.org/properties/tableType=[Ljava.lang.String;@5011bafa, http://www.dbunit.org/properties/resultSetTableFactory=org.dbunit.database.CachedResultSetTableFactory@10bcf083, http://www.dbunit.org/features/datatypeWarning=true}]) - start
193163 [main] TRACE org.dbunit.database.DatabaseConfig  - getFeature(name=http://www.dbunit.org/features/qualifiedTableNames) - start
193163 [main] TRACE org.dbunit.database.DatabaseConfig  - getProperty(name=http://www.dbunit.org/features/qualifiedTableNames) - start
193163 [main] DEBUG org.dbunit.util.QualifiedTableName  - Qualified table names feature is disabled. Returning plain table name
193163 [main] DEBUG org.dbunit.util.QualifiedTableName  - getQualifiedName(prefix=null, name=USERS_AUTHORITIES, escapePattern=null) - start
193163 [main] DEBUG org.dbunit.database.search.AbstractMetaDataBasedSearchCallback  - newEdge(rs=org.apache.commons.dbcp.DelegatingResultSet@3e95d3fd, type=1, from=USER, to=USERS_AUTHORITIES, fkColumn=USER_ID, pkColumn=ID) - start
193163 [main] DEBUG org.dbunit.database.search.AbstractMetaDataBasedSearchCallback  - createFKEdge(rs=org.apache.commons.dbcp.DelegatingResultSet@3e95d3fd, type=1, from=USER, to=USERS_AUTHORITIES, fkColumn=USER_ID, pkColumn=ID) - start
193163 [main] DEBUG org.dbunit.database.search.AbstractMetaDataBasedSearchCallback  - Adding edge USERS_AUTHORITIES(USER_ID)->USER(ID)
193163 [main] DEBUG org.dbunit.util.search.Edge  - compareTo(o=USERS_AUTHORITIES(USER_ID)->USER(ID)) - start
193163 [main] DEBUG org.dbunit.util.SQLHelper  - close(resultSet=org.apache.commons.dbcp.DelegatingResultSet@3e95d3fd) - start
193163 [main] DEBUG org.dbunit.util.search.DepthFirstSearch  - reverseSearch:USERS_AUTHORITIES
193163 [main] DEBUG org.dbunit.database.search.ExportedKeysSearchCallback  - searchNode(node=USERS_AUTHORITIES) - start
193163 [main] DEBUG org.dbunit.util.search.DepthFirstSearch  - Pushing (reverse) USERS_AUTHORITIES
193163 [main] DEBUG org.dbunit.database.search.ExportedKeysSearchCallback  - getEdges(node=USERS_AUTHORITIES) - start
193163 [main] DEBUG org.dbunit.database.search.AbstractMetaDataBasedSearchCallback  - getNodesFromExportedKeys(node=USERS_AUTHORITIES) - start
193163 [main] DEBUG org.dbunit.database.search.AbstractMetaDataBasedSearchCallback  - getNodes(type=1, node=USERS_AUTHORITIES) - start
193163 [main] DEBUG org.dbunit.database.DatabaseDataSourceConnection  - getConnection() - start
193164 [main] DEBUG org.dbunit.database.search.AbstractMetaDataBasedSearchCallback  - getNodes(type=1, node=USERS_AUTHORITIES, conn=Transaction-aware proxy for target Connection [jdbc:hsqldb:mem:kontrollDS, UserName=sw, HSQL Database Engine Driver], schema=null, metaData=org.apache.commons.dbcp.DelegatingDatabaseMetaData@5e90a724, edges=[]) - start
193164 [main] DEBUG org.dbunit.database.search.AbstractMetaDataBasedSearchCallback  - Getting edges for node USERS_AUTHORITIES
193164 [main] TRACE org.dbunit.database.DatabaseConfig  - getProperty(name=http://www.dbunit.org/properties/metadataHandler) - start
193164 [main] TRACE org.dbunit.database.DefaultMetadataHandler  - tableExists(metaData=org.apache.commons.dbcp.DelegatingDatabaseMetaData@5e90a724, schemaName=null, tableName=USERS_AUTHORITIES) - start
193165 [main] DEBUG org.dbunit.util.SQLHelper  - close(resultSet=org.apache.commons.dbcp.DelegatingResultSet@5093db2b) - start
193165 [main] DEBUG org.dbunit.util.SQLHelper  - close(resultSet=org.apache.commons.dbcp.DelegatingResultSet@4b64692d) - start
193165 [main] DEBUG org.dbunit.util.search.DepthFirstSearch  - search:USERS_AUTHORITIES
193165 [main] DEBUG org.dbunit.database.search.ExportedKeysSearchCallback  - searchNode(node=USERS_AUTHORITIES) - start
193165 [main] DEBUG org.dbunit.util.search.DepthFirstSearch  - Pushing USERS_AUTHORITIES
193165 [main] DEBUG org.dbunit.database.search.ExportedKeysSearchCallback  - getEdges(node=USERS_AUTHORITIES) - start
193165 [main] DEBUG org.dbunit.database.search.AbstractMetaDataBasedSearchCallback  - getNodesFromExportedKeys(node=USERS_AUTHORITIES) - start
193165 [main] DEBUG org.dbunit.database.search.AbstractMetaDataBasedSearchCallback  - getNodes(type=1, node=USERS_AUTHORITIES) - start
193165 [main] DEBUG org.dbunit.database.DatabaseDataSourceConnection  - getConnection() - start
193165 [main] DEBUG org.dbunit.database.search.AbstractMetaDataBasedSearchCallback  - getNodes(type=1, node=USERS_AUTHORITIES, conn=Transaction-aware proxy for target Connection [jdbc:hsqldb:mem:kontrollDS, UserName=sw, HSQL Database Engine Driver], schema=null, metaData=org.apache.commons.dbcp.DelegatingDatabaseMetaData@2d353006, edges=[]) - start
193165 [main] DEBUG org.dbunit.database.search.AbstractMetaDataBasedSearchCallback  - Getting edges for node USERS_AUTHORITIES
193165 [main] TRACE org.dbunit.database.DatabaseConfig  - getProperty(name=http://www.dbunit.org/properties/metadataHandler) - start
193165 [main] TRACE org.dbunit.database.DefaultMetadataHandler  - tableExists(metaData=org.apache.commons.dbcp.DelegatingDatabaseMetaData@2d353006, schemaName=null, tableName=USERS_AUTHORITIES) - start
193166 [main] DEBUG org.dbunit.util.SQLHelper  - close(resultSet=org.apache.commons.dbcp.DelegatingResultSet@26e9e164) - start
193167 [main] DEBUG org.dbunit.util.SQLHelper  - close(resultSet=org.apache.commons.dbcp.DelegatingResultSet@4df43440) - start
193167 [main] DEBUG org.dbunit.util.search.DepthFirstSearch  - Adding node USERS_AUTHORITIES to the final result
193167 [main] DEBUG org.dbunit.util.search.DepthFirstSearch  - search:USER
193167 [main] DEBUG org.dbunit.database.search.ExportedKeysSearchCallback  - searchNode(node=USER) - start
193167 [main] DEBUG org.dbunit.util.search.DepthFirstSearch  - Pushing USER
193167 [main] DEBUG org.dbunit.database.search.ExportedKeysSearchCallback  - getEdges(node=USER) - start
193167 [main] DEBUG org.dbunit.database.search.AbstractMetaDataBasedSearchCallback  - getNodesFromExportedKeys(node=USER) - start
193167 [main] DEBUG org.dbunit.database.search.AbstractMetaDataBasedSearchCallback  - getNodes(type=1, node=USER) - start
193167 [main] DEBUG org.dbunit.database.DatabaseDataSourceConnection  - getConnection() - start
193167 [main] DEBUG org.dbunit.database.search.AbstractMetaDataBasedSearchCallback  - getNodes(type=1, node=USER, conn=Transaction-aware proxy for target Connection [jdbc:hsqldb:mem:kontrollDS, UserName=sw, HSQL Database Engine Driver], schema=null, metaData=org.apache.commons.dbcp.DelegatingDatabaseMetaData@5b927dbb, edges=[]) - start
193167 [main] DEBUG org.dbunit.database.search.AbstractMetaDataBasedSearchCallback  - Getting edges for node USER
193167 [main] TRACE org.dbunit.database.DatabaseConfig  - getProperty(name=http://www.dbunit.org/properties/metadataHandler) - start
193167 [main] TRACE org.dbunit.database.DefaultMetadataHandler  - tableExists(metaData=org.apache.commons.dbcp.DelegatingDatabaseMetaData@5b927dbb, schemaName=null, tableName=USER) - start
193168 [main] DEBUG org.dbunit.util.SQLHelper  - close(resultSet=org.apache.commons.dbcp.DelegatingResultSet@3bc24dd7) - start
193168 [main] DEBUG org.dbunit.util.QualifiedTableName  - getQualifiedNameIfEnabled(config=org.dbunit.database.DatabaseConfig[, _propertyMap={http://www.dbunit.org/properties/statementFactory=org.dbunit.database.statement.PreparedStatementFactory@626bc2b8, http://www.dbunit.org/features/caseSensitiveTableNames=false, http://www.dbunit.org/properties/fetchSize=100, http://www.dbunit.org/features/batchedStatements=false, http://www.dbunit.org/properties/metadataHandler=org.dbunit.database.DefaultMetadataHandler@3eeace42, http://www.dbunit.org/properties/datatypeFactory=org.dbunit.dataset.datatype.DefaultDataTypeFactory[_toleratedDeltaMap=org.dbunit.dataset.datatype.ToleratedDeltaMap@6452310a], http://www.dbunit.org/properties/escapePattern=null, http://www.dbunit.org/properties/batchSize=100, http://www.dbunit.org/features/qualifiedTableNames=false, http://www.dbunit.org/properties/tableType=[Ljava.lang.String;@5011bafa, http://www.dbunit.org/properties/resultSetTableFactory=org.dbunit.database.CachedResultSetTableFactory@10bcf083, http://www.dbunit.org/features/datatypeWarning=true}]) - start
193168 [main] TRACE org.dbunit.database.DatabaseConfig  - getFeature(name=http://www.dbunit.org/features/qualifiedTableNames) - start
193168 [main] TRACE org.dbunit.database.DatabaseConfig  - getProperty(name=http://www.dbunit.org/features/qualifiedTableNames) - start
193168 [main] DEBUG org.dbunit.util.QualifiedTableName  - Qualified table names feature is disabled. Returning plain table name
193168 [main] DEBUG org.dbunit.util.QualifiedTableName  - getQualifiedName(prefix=null, name=USER, escapePattern=null) - start
193168 [main] DEBUG org.dbunit.util.QualifiedTableName  - getQualifiedNameIfEnabled(config=org.dbunit.database.DatabaseConfig[, _propertyMap={http://www.dbunit.org/properties/statementFactory=org.dbunit.database.statement.PreparedStatementFactory@626bc2b8, http://www.dbunit.org/features/caseSensitiveTableNames=false, http://www.dbunit.org/properties/fetchSize=100, http://www.dbunit.org/features/batchedStatements=false, http://www.dbunit.org/properties/metadataHandler=org.dbunit.database.DefaultMetadataHandler@3eeace42, http://www.dbunit.org/properties/datatypeFactory=org.dbunit.dataset.datatype.DefaultDataTypeFactory[_toleratedDeltaMap=org.dbunit.dataset.datatype.ToleratedDeltaMap@6452310a], http://www.dbunit.org/properties/escapePattern=null, http://www.dbunit.org/properties/batchSize=100, http://www.dbunit.org/features/qualifiedTableNames=false, http://www.dbunit.org/properties/tableType=[Ljava.lang.String;@5011bafa, http://www.dbunit.org/properties/resultSetTableFactory=org.dbunit.database.CachedResultSetTableFactory@10bcf083, http://www.dbunit.org/features/datatypeWarning=true}]) - start
193168 [main] TRACE org.dbunit.database.DatabaseConfig  - getFeature(name=http://www.dbunit.org/features/qualifiedTableNames) - start
193168 [main] TRACE org.dbunit.database.DatabaseConfig  - getProperty(name=http://www.dbunit.org/features/qualifiedTableNames) - start
193168 [main] DEBUG org.dbunit.util.QualifiedTableName  - Qualified table names feature is disabled. Returning plain table name
193168 [main] DEBUG org.dbunit.util.QualifiedTableName  - getQualifiedName(prefix=null, name=USERS_AUTHORITIES, escapePattern=null) - start
193168 [main] DEBUG org.dbunit.database.search.AbstractMetaDataBasedSearchCallback  - newEdge(rs=org.apache.commons.dbcp.DelegatingResultSet@51244b80, type=1, from=USER, to=USERS_AUTHORITIES, fkColumn=USER_ID, pkColumn=ID) - start
193168 [main] DEBUG org.dbunit.database.search.AbstractMetaDataBasedSearchCallback  - createFKEdge(rs=org.apache.commons.dbcp.DelegatingResultSet@51244b80, type=1, from=USER, to=USERS_AUTHORITIES, fkColumn=USER_ID, pkColumn=ID) - start
193169 [main] DEBUG org.dbunit.database.search.AbstractMetaDataBasedSearchCallback  - Adding edge USERS_AUTHORITIES(USER_ID)->USER(ID)
193169 [main] DEBUG org.dbunit.util.search.Edge  - compareTo(o=USERS_AUTHORITIES(USER_ID)->USER(ID)) - start
193169 [main] DEBUG org.dbunit.util.SQLHelper  - close(resultSet=org.apache.commons.dbcp.DelegatingResultSet@51244b80) - start
193169 [main] DEBUG org.dbunit.util.search.DepthFirstSearch  - search:USER
193169 [main] DEBUG org.dbunit.util.search.DepthFirstSearch  - already searched; returning true
193169 [main] DEBUG org.dbunit.util.search.DepthFirstSearch  - Adding node USER to the final result
193169 [main] DEBUG org.dbunit.database.search.TablesDependencyHelper  - getDirectDependentTables(connection=_databaseConfig=org.dbunit.database.DatabaseConfig[, _propertyMap={http://www.dbunit.org/properties/statementFactory=org.dbunit.database.statement.PreparedStatementFactory@626bc2b8, http://www.dbunit.org/features/caseSensitiveTableNames=false, http://www.dbunit.org/properties/fetchSize=100, http://www.dbunit.org/features/batchedStatements=false, http://www.dbunit.org/properties/metadataHandler=org.dbunit.database.DefaultMetadataHandler@3eeace42, http://www.dbunit.org/properties/datatypeFactory=org.dbunit.dataset.datatype.DefaultDataTypeFactory[_toleratedDeltaMap=org.dbunit.dataset.datatype.ToleratedDeltaMap@6452310a], http://www.dbunit.org/properties/escapePattern=null, http://www.dbunit.org/properties/batchSize=100, http://www.dbunit.org/features/qualifiedTableNames=false, http://www.dbunit.org/properties/tableType=[Ljava.lang.String;@5011bafa, http://www.dbunit.org/properties/resultSetTableFactory=org.dbunit.database.CachedResultSetTableFactory@10bcf083, http://www.dbunit.org/features/datatypeWarning=true}], _dataSet=AbstractDataSet[_orderedTableNameMap=null], tableName=USER) - start
193169 [main] DEBUG org.dbunit.util.search.DepthFirstSearch  - search(nodesFrom=[USER], callback=org.dbunit.database.search.ImportedKeysSearchCallback@43f26afb) - start
193169 [main] DEBUG org.dbunit.util.CollectionsHelper  - objectsToSet(objects=USER) - start
193169 [main] DEBUG org.dbunit.util.search.DepthFirstSearch  - search(nodesFrom=[USER], callback=org.dbunit.database.search.ImportedKeysSearchCallback@43f26afb) - start
193169 [main] DEBUG org.dbunit.util.search.DepthFirstSearch  - reverseSearch:USER
193169 [main] DEBUG org.dbunit.database.search.ImportedKeysSearchCallback  - searchNode(node=USER) - start
193169 [main] DEBUG org.dbunit.util.search.DepthFirstSearch  - Pushing (reverse) USER
193169 [main] DEBUG org.dbunit.database.search.ImportedKeysSearchCallback  - getEdges(node=USER) - start
193169 [main] DEBUG org.dbunit.database.search.AbstractMetaDataBasedSearchCallback  - getNodesFromImportedKeys(node=USER) - start
193169 [main] DEBUG org.dbunit.database.search.AbstractMetaDataBasedSearchCallback  - getNodes(type=0, node=USER) - start
193169 [main] DEBUG org.dbunit.database.DatabaseDataSourceConnection  - getConnection() - start
193169 [main] DEBUG org.dbunit.database.search.AbstractMetaDataBasedSearchCallback  - getNodes(type=0, node=USER, conn=Transaction-aware proxy for target Connection [jdbc:hsqldb:mem:kontrollDS, UserName=sw, HSQL Database Engine Driver], schema=null, metaData=org.apache.commons.dbcp.DelegatingDatabaseMetaData@604da796, edges=[]) - start
193169 [main] DEBUG org.dbunit.database.search.AbstractMetaDataBasedSearchCallback  - Getting edges for node USER
193170 [main] TRACE org.dbunit.database.DatabaseConfig  - getProperty(name=http://www.dbunit.org/properties/metadataHandler) - start
193170 [main] TRACE org.dbunit.database.DefaultMetadataHandler  - tableExists(metaData=org.apache.commons.dbcp.DelegatingDatabaseMetaData@604da796, schemaName=null, tableName=USER) - start
193171 [main] DEBUG org.dbunit.util.SQLHelper  - close(resultSet=org.apache.commons.dbcp.DelegatingResultSet@4521a355) - start
193171 [main] DEBUG org.dbunit.util.SQLHelper  - close(resultSet=org.apache.commons.dbcp.DelegatingResultSet@15d1ed82) - start
193171 [main] DEBUG org.dbunit.util.search.DepthFirstSearch  - search:USER
193171 [main] DEBUG org.dbunit.database.search.ImportedKeysSearchCallback  - searchNode(node=USER) - start
193171 [main] DEBUG org.dbunit.util.search.DepthFirstSearch  - Pushing USER
193171 [main] DEBUG org.dbunit.database.search.ImportedKeysSearchCallback  - getEdges(node=USER) - start
193171 [main] DEBUG org.dbunit.database.search.AbstractMetaDataBasedSearchCallback  - getNodesFromImportedKeys(node=USER) - start
193171 [main] DEBUG org.dbunit.database.search.AbstractMetaDataBasedSearchCallback  - getNodes(type=0, node=USER) - start
193171 [main] DEBUG org.dbunit.database.DatabaseDataSourceConnection  - getConnection() - start
193171 [main] DEBUG org.dbunit.database.search.AbstractMetaDataBasedSearchCallback  - getNodes(type=0, node=USER, conn=Transaction-aware proxy for target Connection [jdbc:hsqldb:mem:kontrollDS, UserName=sw, HSQL Database Engine Driver], schema=null, metaData=org.apache.commons.dbcp.DelegatingDatabaseMetaData@93ffcff, edges=[]) - start
193171 [main] DEBUG org.dbunit.database.search.AbstractMetaDataBasedSearchCallback  - Getting edges for node USER
193171 [main] TRACE org.dbunit.database.DatabaseConfig  - getProperty(name=http://www.dbunit.org/properties/metadataHandler) - start
193172 [main] TRACE org.dbunit.database.DefaultMetadataHandler  - tableExists(metaData=org.apache.commons.dbcp.DelegatingDatabaseMetaData@93ffcff, schemaName=null, tableName=USER) - start
193172 [main] DEBUG org.dbunit.util.SQLHelper  - close(resultSet=org.apache.commons.dbcp.DelegatingResultSet@22f06cec) - start
193173 [main] DEBUG org.dbunit.util.SQLHelper  - close(resultSet=org.apache.commons.dbcp.DelegatingResultSet@2ee489d6) - start
193173 [main] DEBUG org.dbunit.util.search.DepthFirstSearch  - Adding node USER to the final result
193173 [main] DEBUG org.dbunit.database.DatabaseSequenceFilter  - getDependencyInfo(connection=_databaseConfig=org.dbunit.database.DatabaseConfig[, _propertyMap={http://www.dbunit.org/properties/statementFactory=org.dbunit.database.statement.PreparedStatementFactory@626bc2b8, http://www.dbunit.org/features/caseSensitiveTableNames=false, http://www.dbunit.org/properties/fetchSize=100, http://www.dbunit.org/features/batchedStatements=false, http://www.dbunit.org/properties/metadataHandler=org.dbunit.database.DefaultMetadataHandler@3eeace42, http://www.dbunit.org/properties/datatypeFactory=org.dbunit.dataset.datatype.DefaultDataTypeFactory[_toleratedDeltaMap=org.dbunit.dataset.datatype.ToleratedDeltaMap@6452310a], http://www.dbunit.org/properties/escapePattern=null, http://www.dbunit.org/properties/batchSize=100, http://www.dbunit.org/features/qualifiedTableNames=false, http://www.dbunit.org/properties/tableType=[Ljava.lang.String;@5011bafa, http://www.dbunit.org/properties/resultSetTableFactory=org.dbunit.database.CachedResultSetTableFactory@10bcf083, http://www.dbunit.org/features/datatypeWarning=true}], _dataSet=AbstractDataSet[_orderedTableNameMap=null], tableName=USERS_AUTHORITIES) - start
193173 [main] DEBUG org.dbunit.database.search.TablesDependencyHelper  - getDependentTables(connection=_databaseConfig=org.dbunit.database.DatabaseConfig[, _propertyMap={http://www.dbunit.org/properties/statementFactory=org.dbunit.database.statement.PreparedStatementFactory@626bc2b8, http://www.dbunit.org/features/caseSensitiveTableNames=false, http://www.dbunit.org/properties/fetchSize=100, http://www.dbunit.org/features/batchedStatements=false, http://www.dbunit.org/properties/metadataHandler=org.dbunit.database.DefaultMetadataHandler@3eeace42, http://www.dbunit.org/properties/datatypeFactory=org.dbunit.dataset.datatype.DefaultDataTypeFactory[_toleratedDeltaMap=org.dbunit.dataset.datatype.ToleratedDeltaMap@6452310a], http://www.dbunit.org/properties/escapePattern=null, http://www.dbunit.org/properties/batchSize=100, http://www.dbunit.org/features/qualifiedTableNames=false, http://www.dbunit.org/properties/tableType=[Ljava.lang.String;@5011bafa, http://www.dbunit.org/properties/resultSetTableFactory=org.dbunit.database.CachedResultSetTableFactory@10bcf083, http://www.dbunit.org/features/datatypeWarning=true}], _dataSet=AbstractDataSet[_orderedTableNameMap=null], rootTable=USERS_AUTHORITIES) - start
193173 [main] DEBUG org.dbunit.database.search.TablesDependencyHelper  - getDependentTables(connection=_databaseConfig=org.dbunit.database.DatabaseConfig[, _propertyMap={http://www.dbunit.org/properties/statementFactory=org.dbunit.database.statement.PreparedStatementFactory@626bc2b8, http://www.dbunit.org/features/caseSensitiveTableNames=false, http://www.dbunit.org/properties/fetchSize=100, http://www.dbunit.org/features/batchedStatements=false, http://www.dbunit.org/properties/metadataHandler=org.dbunit.database.DefaultMetadataHandler@3eeace42, http://www.dbunit.org/properties/datatypeFactory=org.dbunit.dataset.datatype.DefaultDataTypeFactory[_toleratedDeltaMap=org.dbunit.dataset.datatype.ToleratedDeltaMap@6452310a], http://www.dbunit.org/properties/escapePattern=null, http://www.dbunit.org/properties/batchSize=100, http://www.dbunit.org/features/qualifiedTableNames=false, http://www.dbunit.org/properties/tableType=[Ljava.lang.String;@5011bafa, http://www.dbunit.org/properties/resultSetTableFactory=org.dbunit.database.CachedResultSetTableFactory@10bcf083, http://www.dbunit.org/features/datatypeWarning=true}], _dataSet=AbstractDataSet[_orderedTableNameMap=null], rootTables=[USERS_AUTHORITIES]) - start
193173 [main] DEBUG org.dbunit.util.search.DepthFirstSearch  - search(nodesFrom=[USERS_AUTHORITIES], callback=org.dbunit.database.search.ImportedKeysSearchCallback@b6f4b5f) - start
193173 [main] DEBUG org.dbunit.util.CollectionsHelper  - objectsToSet(objects=USERS_AUTHORITIES) - start
193173 [main] DEBUG org.dbunit.util.search.DepthFirstSearch  - search(nodesFrom=[USERS_AUTHORITIES], callback=org.dbunit.database.search.ImportedKeysSearchCallback@b6f4b5f) - start
193173 [main] DEBUG org.dbunit.util.search.DepthFirstSearch  - reverseSearch:USERS_AUTHORITIES
193173 [main] DEBUG org.dbunit.database.search.ImportedKeysSearchCallback  - searchNode(node=USERS_AUTHORITIES) - start
193173 [main] DEBUG org.dbunit.util.search.DepthFirstSearch  - Pushing (reverse) USERS_AUTHORITIES
193173 [main] DEBUG org.dbunit.database.search.ImportedKeysSearchCallback  - getEdges(node=USERS_AUTHORITIES) - start
193173 [main] DEBUG org.dbunit.database.search.AbstractMetaDataBasedSearchCallback  - getNodesFromImportedKeys(node=USERS_AUTHORITIES) - start
193173 [main] DEBUG org.dbunit.database.search.AbstractMetaDataBasedSearchCallback  - getNodes(type=0, node=USERS_AUTHORITIES) - start
193173 [main] DEBUG org.dbunit.database.DatabaseDataSourceConnection  - getConnection() - start
193173 [main] DEBUG org.dbunit.database.search.AbstractMetaDataBasedSearchCallback  - getNodes(type=0, node=USERS_AUTHORITIES, conn=Transaction-aware proxy for target Connection [jdbc:hsqldb:mem:kontrollDS, UserName=sw, HSQL Database Engine Driver], schema=null, metaData=org.apache.commons.dbcp.DelegatingDatabaseMetaData@37bd4fd6, edges=[]) - start
193173 [main] DEBUG org.dbunit.database.search.AbstractMetaDataBasedSearchCallback  - Getting edges for node USERS_AUTHORITIES
193174 [main] TRACE org.dbunit.database.DatabaseConfig  - getProperty(name=http://www.dbunit.org/properties/metadataHandler) - start
193174 [main] TRACE org.dbunit.database.DefaultMetadataHandler  - tableExists(metaData=org.apache.commons.dbcp.DelegatingDatabaseMetaData@37bd4fd6, schemaName=null, tableName=USERS_AUTHORITIES) - start
193175 [main] DEBUG org.dbunit.util.SQLHelper  - close(resultSet=org.apache.commons.dbcp.DelegatingResultSet@187989d) - start
193175 [main] DEBUG org.dbunit.util.QualifiedTableName  - getQualifiedNameIfEnabled(config=org.dbunit.database.DatabaseConfig[, _propertyMap={http://www.dbunit.org/properties/statementFactory=org.dbunit.database.statement.PreparedStatementFactory@626bc2b8, http://www.dbunit.org/features/caseSensitiveTableNames=false, http://www.dbunit.org/properties/fetchSize=100, http://www.dbunit.org/features/batchedStatements=false, http://www.dbunit.org/properties/metadataHandler=org.dbunit.database.DefaultMetadataHandler@3eeace42, http://www.dbunit.org/properties/datatypeFactory=org.dbunit.dataset.datatype.DefaultDataTypeFactory[_toleratedDeltaMap=org.dbunit.dataset.datatype.ToleratedDeltaMap@6452310a], http://www.dbunit.org/properties/escapePattern=null, http://www.dbunit.org/properties/batchSize=100, http://www.dbunit.org/features/qualifiedTableNames=false, http://www.dbunit.org/properties/tableType=[Ljava.lang.String;@5011bafa, http://www.dbunit.org/properties/resultSetTableFactory=org.dbunit.database.CachedResultSetTableFactory@10bcf083, http://www.dbunit.org/features/datatypeWarning=true}]) - start
193175 [main] TRACE org.dbunit.database.DatabaseConfig  - getFeature(name=http://www.dbunit.org/features/qualifiedTableNames) - start
193175 [main] TRACE org.dbunit.database.DatabaseConfig  - getProperty(name=http://www.dbunit.org/features/qualifiedTableNames) - start
193175 [main] DEBUG org.dbunit.util.QualifiedTableName  - Qualified table names feature is disabled. Returning plain table name
193175 [main] DEBUG org.dbunit.util.QualifiedTableName  - getQualifiedName(prefix=null, name=USERS_AUTHORITIES, escapePattern=null) - start
193175 [main] DEBUG org.dbunit.util.QualifiedTableName  - getQualifiedNameIfEnabled(config=org.dbunit.database.DatabaseConfig[, _propertyMap={http://www.dbunit.org/properties/statementFactory=org.dbunit.database.statement.PreparedStatementFactory@626bc2b8, http://www.dbunit.org/features/caseSensitiveTableNames=false, http://www.dbunit.org/properties/fetchSize=100, http://www.dbunit.org/features/batchedStatements=false, http://www.dbunit.org/properties/metadataHandler=org.dbunit.database.DefaultMetadataHandler@3eeace42, http://www.dbunit.org/properties/datatypeFactory=org.dbunit.dataset.datatype.DefaultDataTypeFactory[_toleratedDeltaMap=org.dbunit.dataset.datatype.ToleratedDeltaMap@6452310a], http://www.dbunit.org/properties/escapePattern=null, http://www.dbunit.org/properties/batchSize=100, http://www.dbunit.org/features/qualifiedTableNames=false, http://www.dbunit.org/properties/tableType=[Ljava.lang.String;@5011bafa, http://www.dbunit.org/properties/resultSetTableFactory=org.dbunit.database.CachedResultSetTableFactory@10bcf083, http://www.dbunit.org/features/datatypeWarning=true}]) - start
193175 [main] TRACE org.dbunit.database.DatabaseConfig  - getFeature(name=http://www.dbunit.org/features/qualifiedTableNames) - start
193175 [main] TRACE org.dbunit.database.DatabaseConfig  - getProperty(name=http://www.dbunit.org/features/qualifiedTableNames) - start
193175 [main] DEBUG org.dbunit.util.QualifiedTableName  - Qualified table names feature is disabled. Returning plain table name
193175 [main] DEBUG org.dbunit.util.QualifiedTableName  - getQualifiedName(prefix=null, name=AUTHORITY, escapePattern=null) - start
193175 [main] DEBUG org.dbunit.database.search.AbstractMetaDataBasedSearchCallback  - newEdge(rs=org.apache.commons.dbcp.DelegatingResultSet@cabc048, type=0, from=USERS_AUTHORITIES, to=AUTHORITY, fkColumn=AUTHORITY_ID, pkColumn=ID) - start
193175 [main] DEBUG org.dbunit.database.search.AbstractMetaDataBasedSearchCallback  - createFKEdge(rs=org.apache.commons.dbcp.DelegatingResultSet@cabc048, type=0, from=USERS_AUTHORITIES, to=AUTHORITY, fkColumn=AUTHORITY_ID, pkColumn=ID) - start
193175 [main] DEBUG org.dbunit.database.search.AbstractMetaDataBasedSearchCallback  - Adding edge USERS_AUTHORITIES(AUTHORITY_ID)->AUTHORITY(ID)
193175 [main] DEBUG org.dbunit.util.search.Edge  - compareTo(o=USERS_AUTHORITIES(AUTHORITY_ID)->AUTHORITY(ID)) - start
193175 [main] DEBUG org.dbunit.util.QualifiedTableName  - getQualifiedNameIfEnabled(config=org.dbunit.database.DatabaseConfig[, _propertyMap={http://www.dbunit.org/properties/statementFactory=org.dbunit.database.statement.PreparedStatementFactory@626bc2b8, http://www.dbunit.org/features/caseSensitiveTableNames=false, http://www.dbunit.org/properties/fetchSize=100, http://www.dbunit.org/features/batchedStatements=false, http://www.dbunit.org/properties/metadataHandler=org.dbunit.database.DefaultMetadataHandler@3eeace42, http://www.dbunit.org/properties/datatypeFactory=org.dbunit.dataset.datatype.DefaultDataTypeFactory[_toleratedDeltaMap=org.dbunit.dataset.datatype.ToleratedDeltaMap@6452310a], http://www.dbunit.org/properties/escapePattern=null, http://www.dbunit.org/properties/batchSize=100, http://www.dbunit.org/features/qualifiedTableNames=false, http://www.dbunit.org/properties/tableType=[Ljava.lang.String;@5011bafa, http://www.dbunit.org/properties/resultSetTableFactory=org.dbunit.database.CachedResultSetTableFactory@10bcf083, http://www.dbunit.org/features/datatypeWarning=true}]) - start
193175 [main] TRACE org.dbunit.database.DatabaseConfig  - getFeature(name=http://www.dbunit.org/features/qualifiedTableNames) - start
193175 [main] TRACE org.dbunit.database.DatabaseConfig  - getProperty(name=http://www.dbunit.org/features/qualifiedTableNames) - start
193175 [main] DEBUG org.dbunit.util.QualifiedTableName  - Qualified table names feature is disabled. Returning plain table name
193176 [main] DEBUG org.dbunit.util.QualifiedTableName  - getQualifiedName(prefix=null, name=USERS_AUTHORITIES, escapePattern=null) - start
193176 [main] DEBUG org.dbunit.util.QualifiedTableName  - getQualifiedNameIfEnabled(config=org.dbunit.database.DatabaseConfig[, _propertyMap={http://www.dbunit.org/properties/statementFactory=org.dbunit.database.statement.PreparedStatementFactory@626bc2b8, http://www.dbunit.org/features/caseSensitiveTableNames=false, http://www.dbunit.org/properties/fetchSize=100, http://www.dbunit.org/features/batchedStatements=false, http://www.dbunit.org/properties/metadataHandler=org.dbunit.database.DefaultMetadataHandler@3eeace42, http://www.dbunit.org/properties/datatypeFactory=org.dbunit.dataset.datatype.DefaultDataTypeFactory[_toleratedDeltaMap=org.dbunit.dataset.datatype.ToleratedDeltaMap@6452310a], http://www.dbunit.org/properties/escapePattern=null, http://www.dbunit.org/properties/batchSize=100, http://www.dbunit.org/features/qualifiedTableNames=false, http://www.dbunit.org/properties/tableType=[Ljava.lang.String;@5011bafa, http://www.dbunit.org/properties/resultSetTableFactory=org.dbunit.database.CachedResultSetTableFactory@10bcf083, http://www.dbunit.org/features/datatypeWarning=true}]) - start
193176 [main] TRACE org.dbunit.database.DatabaseConfig  - getFeature(name=http://www.dbunit.org/features/qualifiedTableNames) - start
193176 [main] TRACE org.dbunit.database.DatabaseConfig  - getProperty(name=http://www.dbunit.org/features/qualifiedTableNames) - start
193176 [main] DEBUG org.dbunit.util.QualifiedTableName  - Qualified table names feature is disabled. Returning plain table name
193176 [main] DEBUG org.dbunit.util.QualifiedTableName  - getQualifiedName(prefix=null, name=USER, escapePattern=null) - start
193176 [main] DEBUG org.dbunit.database.search.AbstractMetaDataBasedSearchCallback  - newEdge(rs=org.apache.commons.dbcp.DelegatingResultSet@cabc048, type=0, from=USERS_AUTHORITIES, to=USER, fkColumn=USER_ID, pkColumn=ID) - start
193176 [main] DEBUG org.dbunit.database.search.AbstractMetaDataBasedSearchCallback  - createFKEdge(rs=org.apache.commons.dbcp.DelegatingResultSet@cabc048, type=0, from=USERS_AUTHORITIES, to=USER, fkColumn=USER_ID, pkColumn=ID) - start
193176 [main] DEBUG org.dbunit.database.search.AbstractMetaDataBasedSearchCallback  - Adding edge USERS_AUTHORITIES(USER_ID)->USER(ID)
193176 [main] DEBUG org.dbunit.util.search.Edge  - compareTo(o=USERS_AUTHORITIES(AUTHORITY_ID)->AUTHORITY(ID)) - start
193176 [main] DEBUG org.dbunit.util.SQLHelper  - close(resultSet=org.apache.commons.dbcp.DelegatingResultSet@cabc048) - start
193176 [main] DEBUG org.dbunit.util.search.DepthFirstSearch  - search:USERS_AUTHORITIES
193176 [main] DEBUG org.dbunit.database.search.ImportedKeysSearchCallback  - searchNode(node=USERS_AUTHORITIES) - start
193176 [main] DEBUG org.dbunit.util.search.DepthFirstSearch  - Pushing USERS_AUTHORITIES
193176 [main] DEBUG org.dbunit.database.search.ImportedKeysSearchCallback  - getEdges(node=USERS_AUTHORITIES) - start
193176 [main] DEBUG org.dbunit.database.search.AbstractMetaDataBasedSearchCallback  - getNodesFromImportedKeys(node=USERS_AUTHORITIES) - start
193176 [main] DEBUG org.dbunit.database.search.AbstractMetaDataBasedSearchCallback  - getNodes(type=0, node=USERS_AUTHORITIES) - start
193176 [main] DEBUG org.dbunit.database.DatabaseDataSourceConnection  - getConnection() - start
193176 [main] DEBUG org.dbunit.database.search.AbstractMetaDataBasedSearchCallback  - getNodes(type=0, node=USERS_AUTHORITIES, conn=Transaction-aware proxy for target Connection [jdbc:hsqldb:mem:kontrollDS, UserName=sw, HSQL Database Engine Driver], schema=null, metaData=org.apache.commons.dbcp.DelegatingDatabaseMetaData@5fdcbd77, edges=[]) - start
193176 [main] DEBUG org.dbunit.database.search.AbstractMetaDataBasedSearchCallback  - Getting edges for node USERS_AUTHORITIES
193176 [main] TRACE org.dbunit.database.DatabaseConfig  - getProperty(name=http://www.dbunit.org/properties/metadataHandler) - start
193176 [main] TRACE org.dbunit.database.DefaultMetadataHandler  - tableExists(metaData=org.apache.commons.dbcp.DelegatingDatabaseMetaData@5fdcbd77, schemaName=null, tableName=USERS_AUTHORITIES) - start
193177 [main] DEBUG org.dbunit.util.SQLHelper  - close(resultSet=org.apache.commons.dbcp.DelegatingResultSet@1fd15be7) - start
193178 [main] DEBUG org.dbunit.util.QualifiedTableName  - getQualifiedNameIfEnabled(config=org.dbunit.database.DatabaseConfig[, _propertyMap={http://www.dbunit.org/properties/statementFactory=org.dbunit.database.statement.PreparedStatementFactory@626bc2b8, http://www.dbunit.org/features/caseSensitiveTableNames=false, http://www.dbunit.org/properties/fetchSize=100, http://www.dbunit.org/features/batchedStatements=false, http://www.dbunit.org/properties/metadataHandler=org.dbunit.database.DefaultMetadataHandler@3eeace42, http://www.dbunit.org/properties/datatypeFactory=org.dbunit.dataset.datatype.DefaultDataTypeFactory[_toleratedDeltaMap=org.dbunit.dataset.datatype.ToleratedDeltaMap@6452310a], http://www.dbunit.org/properties/escapePattern=null, http://www.dbunit.org/properties/batchSize=100, http://www.dbunit.org/features/qualifiedTableNames=false, http://www.dbunit.org/properties/tableType=[Ljava.lang.String;@5011bafa, http://www.dbunit.org/properties/resultSetTableFactory=org.dbunit.database.CachedResultSetTableFactory@10bcf083, http://www.dbunit.org/features/datatypeWarning=true}]) - start
193178 [main] TRACE org.dbunit.database.DatabaseConfig  - getFeature(name=http://www.dbunit.org/features/qualifiedTableNames) - start
193178 [main] TRACE org.dbunit.database.DatabaseConfig  - getProperty(name=http://www.dbunit.org/features/qualifiedTableNames) - start
193178 [main] DEBUG org.dbunit.util.QualifiedTableName  - Qualified table names feature is disabled. Returning plain table name
193178 [main] DEBUG org.dbunit.util.QualifiedTableName  - getQualifiedName(prefix=null, name=USERS_AUTHORITIES, escapePattern=null) - start
193178 [main] DEBUG org.dbunit.util.QualifiedTableName  - getQualifiedNameIfEnabled(config=org.dbunit.database.DatabaseConfig[, _propertyMap={http://www.dbunit.org/properties/statementFactory=org.dbunit.database.statement.PreparedStatementFactory@626bc2b8, http://www.dbunit.org/features/caseSensitiveTableNames=false, http://www.dbunit.org/properties/fetchSize=100, http://www.dbunit.org/features/batchedStatements=false, http://www.dbunit.org/properties/metadataHandler=org.dbunit.database.DefaultMetadataHandler@3eeace42, http://www.dbunit.org/properties/datatypeFactory=org.dbunit.dataset.datatype.DefaultDataTypeFactory[_toleratedDeltaMap=org.dbunit.dataset.datatype.ToleratedDeltaMap@6452310a], http://www.dbunit.org/properties/escapePattern=null, http://www.dbunit.org/properties/batchSize=100, http://www.dbunit.org/features/qualifiedTableNames=false, http://www.dbunit.org/properties/tableType=[Ljava.lang.String;@5011bafa, http://www.dbunit.org/properties/resultSetTableFactory=org.dbunit.database.CachedResultSetTableFactory@10bcf083, http://www.dbunit.org/features/datatypeWarning=true}]) - start
193178 [main] TRACE org.dbunit.database.DatabaseConfig  - getFeature(name=http://www.dbunit.org/features/qualifiedTableNames) - start
193178 [main] TRACE org.dbunit.database.DatabaseConfig  - getProperty(name=http://www.dbunit.org/features/qualifiedTableNames) - start
193178 [main] DEBUG org.dbunit.util.QualifiedTableName  - Qualified table names feature is disabled. Returning plain table name
193178 [main] DEBUG org.dbunit.util.QualifiedTableName  - getQualifiedName(prefix=null, name=AUTHORITY, escapePattern=null) - start
193178 [main] DEBUG org.dbunit.database.search.AbstractMetaDataBasedSearchCallback  - newEdge(rs=org.apache.commons.dbcp.DelegatingResultSet@2a3346a0, type=0, from=USERS_AUTHORITIES, to=AUTHORITY, fkColumn=AUTHORITY_ID, pkColumn=ID) - start
193178 [main] DEBUG org.dbunit.database.search.AbstractMetaDataBasedSearchCallback  - createFKEdge(rs=org.apache.commons.dbcp.DelegatingResultSet@2a3346a0, type=0, from=USERS_AUTHORITIES, to=AUTHORITY, fkColumn=AUTHORITY_ID, pkColumn=ID) - start
193178 [main] DEBUG org.dbunit.database.search.AbstractMetaDataBasedSearchCallback  - Adding edge USERS_AUTHORITIES(AUTHORITY_ID)->AUTHORITY(ID)
193178 [main] DEBUG org.dbunit.util.search.Edge  - compareTo(o=USERS_AUTHORITIES(AUTHORITY_ID)->AUTHORITY(ID)) - start
193178 [main] DEBUG org.dbunit.util.QualifiedTableName  - getQualifiedNameIfEnabled(config=org.dbunit.database.DatabaseConfig[, _propertyMap={http://www.dbunit.org/properties/statementFactory=org.dbunit.database.statement.PreparedStatementFactory@626bc2b8, http://www.dbunit.org/features/caseSensitiveTableNames=false, http://www.dbunit.org/properties/fetchSize=100, http://www.dbunit.org/features/batchedStatements=false, http://www.dbunit.org/properties/metadataHandler=org.dbunit.database.DefaultMetadataHandler@3eeace42, http://www.dbunit.org/properties/datatypeFactory=org.dbunit.dataset.datatype.DefaultDataTypeFactory[_toleratedDeltaMap=org.dbunit.dataset.datatype.ToleratedDeltaMap@6452310a], http://www.dbunit.org/properties/escapePattern=null, http://www.dbunit.org/properties/batchSize=100, http://www.dbunit.org/features/qualifiedTableNames=false, http://www.dbunit.org/properties/tableType=[Ljava.lang.String;@5011bafa, http://www.dbunit.org/properties/resultSetTableFactory=org.dbunit.database.CachedResultSetTableFactory@10bcf083, http://www.dbunit.org/features/datatypeWarning=true}]) - start
193178 [main] TRACE org.dbunit.database.DatabaseConfig  - getFeature(name=http://www.dbunit.org/features/qualifiedTableNames) - start
193178 [main] TRACE org.dbunit.database.DatabaseConfig  - getProperty(name=http://www.dbunit.org/features/qualifiedTableNames) - start
193178 [main] DEBUG org.dbunit.util.QualifiedTableName  - Qualified table names feature is disabled. Returning plain table name
193178 [main] DEBUG org.dbunit.util.QualifiedTableName  - getQualifiedName(prefix=null, name=USERS_AUTHORITIES, escapePattern=null) - start
193178 [main] DEBUG org.dbunit.util.QualifiedTableName  - getQualifiedNameIfEnabled(config=org.dbunit.database.DatabaseConfig[, _propertyMap={http://www.dbunit.org/properties/statementFactory=org.dbunit.database.statement.PreparedStatementFactory@626bc2b8, http://www.dbunit.org/features/caseSensitiveTableNames=false, http://www.dbunit.org/properties/fetchSize=100, http://www.dbunit.org/features/batchedStatements=false, http://www.dbunit.org/properties/metadataHandler=org.dbunit.database.DefaultMetadataHandler@3eeace42, http://www.dbunit.org/properties/datatypeFactory=org.dbunit.dataset.datatype.DefaultDataTypeFactory[_toleratedDeltaMap=org.dbunit.dataset.datatype.ToleratedDeltaMap@6452310a], http://www.dbunit.org/properties/escapePattern=null, http://www.dbunit.org/properties/batchSize=100, http://www.dbunit.org/features/qualifiedTableNames=false, http://www.dbunit.org/properties/tableType=[Ljava.lang.String;@5011bafa, http://www.dbunit.org/properties/resultSetTableFactory=org.dbunit.database.CachedResultSetTableFactory@10bcf083, http://www.dbunit.org/features/datatypeWarning=true}]) - start
193178 [main] TRACE org.dbunit.database.DatabaseConfig  - getFeature(name=http://www.dbunit.org/features/qualifiedTableNames) - start
193178 [main] TRACE org.dbunit.database.DatabaseConfig  - getProperty(name=http://www.dbunit.org/features/qualifiedTableNames) - start
193178 [main] DEBUG org.dbunit.util.QualifiedTableName  - Qualified table names feature is disabled. Returning plain table name
193178 [main] DEBUG org.dbunit.util.QualifiedTableName  - getQualifiedName(prefix=null, name=USER, escapePattern=null) - start
193179 [main] DEBUG org.dbunit.database.search.AbstractMetaDataBasedSearchCallback  - newEdge(rs=org.apache.commons.dbcp.DelegatingResultSet@2a3346a0, type=0, from=USERS_AUTHORITIES, to=USER, fkColumn=USER_ID, pkColumn=ID) - start
193179 [main] DEBUG org.dbunit.database.search.AbstractMetaDataBasedSearchCallback  - createFKEdge(rs=org.apache.commons.dbcp.DelegatingResultSet@2a3346a0, type=0, from=USERS_AUTHORITIES, to=USER, fkColumn=USER_ID, pkColumn=ID) - start
193179 [main] DEBUG org.dbunit.database.search.AbstractMetaDataBasedSearchCallback  - Adding edge USERS_AUTHORITIES(USER_ID)->USER(ID)
193179 [main] DEBUG org.dbunit.util.search.Edge  - compareTo(o=USERS_AUTHORITIES(AUTHORITY_ID)->AUTHORITY(ID)) - start
193179 [main] DEBUG org.dbunit.util.SQLHelper  - close(resultSet=org.apache.commons.dbcp.DelegatingResultSet@2a3346a0) - start
193179 [main] DEBUG org.dbunit.util.search.DepthFirstSearch  - search:AUTHORITY
193179 [main] DEBUG org.dbunit.database.search.ImportedKeysSearchCallback  - searchNode(node=AUTHORITY) - start
193179 [main] DEBUG org.dbunit.util.search.DepthFirstSearch  - Pushing AUTHORITY
193179 [main] DEBUG org.dbunit.database.search.ImportedKeysSearchCallback  - getEdges(node=AUTHORITY) - start
193179 [main] DEBUG org.dbunit.database.search.AbstractMetaDataBasedSearchCallback  - getNodesFromImportedKeys(node=AUTHORITY) - start
193179 [main] DEBUG org.dbunit.database.search.AbstractMetaDataBasedSearchCallback  - getNodes(type=0, node=AUTHORITY) - start
193179 [main] DEBUG org.dbunit.database.DatabaseDataSourceConnection  - getConnection() - start
193179 [main] DEBUG org.dbunit.database.search.AbstractMetaDataBasedSearchCallback  - getNodes(type=0, node=AUTHORITY, conn=Transaction-aware proxy for target Connection [jdbc:hsqldb:mem:kontrollDS, UserName=sw, HSQL Database Engine Driver], schema=null, metaData=org.apache.commons.dbcp.DelegatingDatabaseMetaData@c61c805, edges=[]) - start
193179 [main] DEBUG org.dbunit.database.search.AbstractMetaDataBasedSearchCallback  - Getting edges for node AUTHORITY
193179 [main] TRACE org.dbunit.database.DatabaseConfig  - getProperty(name=http://www.dbunit.org/properties/metadataHandler) - start
193179 [main] TRACE org.dbunit.database.DefaultMetadataHandler  - tableExists(metaData=org.apache.commons.dbcp.DelegatingDatabaseMetaData@c61c805, schemaName=null, tableName=AUTHORITY) - start
193180 [main] DEBUG org.dbunit.util.SQLHelper  - close(resultSet=org.apache.commons.dbcp.DelegatingResultSet@552d60e3) - start
193180 [main] DEBUG org.dbunit.util.SQLHelper  - close(resultSet=org.apache.commons.dbcp.DelegatingResultSet@30a1dee6) - start
193180 [main] DEBUG org.dbunit.util.search.DepthFirstSearch  - Adding node AUTHORITY to the final result
193181 [main] DEBUG org.dbunit.util.search.DepthFirstSearch  - search:USER
193181 [main] DEBUG org.dbunit.database.search.ImportedKeysSearchCallback  - searchNode(node=USER) - start
193181 [main] DEBUG org.dbunit.util.search.DepthFirstSearch  - Pushing USER
193181 [main] DEBUG org.dbunit.database.search.ImportedKeysSearchCallback  - getEdges(node=USER) - start
193181 [main] DEBUG org.dbunit.database.search.AbstractMetaDataBasedSearchCallback  - getNodesFromImportedKeys(node=USER) - start
193181 [main] DEBUG org.dbunit.database.search.AbstractMetaDataBasedSearchCallback  - getNodes(type=0, node=USER) - start
193181 [main] DEBUG org.dbunit.database.DatabaseDataSourceConnection  - getConnection() - start
193181 [main] DEBUG org.dbunit.database.search.AbstractMetaDataBasedSearchCallback  - getNodes(type=0, node=USER, conn=Transaction-aware proxy for target Connection [jdbc:hsqldb:mem:kontrollDS, UserName=sw, HSQL Database Engine Driver], schema=null, metaData=org.apache.commons.dbcp.DelegatingDatabaseMetaData@5330e6fb, edges=[]) - start
193181 [main] DEBUG org.dbunit.database.search.AbstractMetaDataBasedSearchCallback  - Getting edges for node USER
193181 [main] TRACE org.dbunit.database.DatabaseConfig  - getProperty(name=http://www.dbunit.org/properties/metadataHandler) - start
193181 [main] TRACE org.dbunit.database.DefaultMetadataHandler  - tableExists(metaData=org.apache.commons.dbcp.DelegatingDatabaseMetaData@5330e6fb, schemaName=null, tableName=USER) - start
193182 [main] DEBUG org.dbunit.util.SQLHelper  - close(resultSet=org.apache.commons.dbcp.DelegatingResultSet@3621a93b) - start
193182 [main] DEBUG org.dbunit.util.SQLHelper  - close(resultSet=org.apache.commons.dbcp.DelegatingResultSet@44787ce6) - start
193182 [main] DEBUG org.dbunit.util.search.DepthFirstSearch  - Adding node USER to the final result
193182 [main] DEBUG org.dbunit.util.search.DepthFirstSearch  - Adding node USERS_AUTHORITIES to the final result
193182 [main] DEBUG org.dbunit.util.search.DepthFirstSearch  - reverseSearch:AUTHORITY
193182 [main] DEBUG org.dbunit.database.search.ImportedKeysSearchCallback  - searchNode(node=AUTHORITY) - start
193182 [main] DEBUG org.dbunit.util.search.DepthFirstSearch  - Pushing (reverse) AUTHORITY
193182 [main] DEBUG org.dbunit.database.search.ImportedKeysSearchCallback  - getEdges(node=AUTHORITY) - start
193182 [main] DEBUG org.dbunit.database.search.AbstractMetaDataBasedSearchCallback  - getNodesFromImportedKeys(node=AUTHORITY) - start
193182 [main] DEBUG org.dbunit.database.search.AbstractMetaDataBasedSearchCallback  - getNodes(type=0, node=AUTHORITY) - start
193182 [main] DEBUG org.dbunit.database.DatabaseDataSourceConnection  - getConnection() - start
193182 [main] DEBUG org.dbunit.database.search.AbstractMetaDataBasedSearchCallback  - getNodes(type=0, node=AUTHORITY, conn=Transaction-aware proxy for target Connection [jdbc:hsqldb:mem:kontrollDS, UserName=sw, HSQL Database Engine Driver], schema=null, metaData=org.apache.commons.dbcp.DelegatingDatabaseMetaData@42500328, edges=[]) - start
193182 [main] DEBUG org.dbunit.database.search.AbstractMetaDataBasedSearchCallback  - Getting edges for node AUTHORITY
193182 [main] TRACE org.dbunit.database.DatabaseConfig  - getProperty(name=http://www.dbunit.org/properties/metadataHandler) - start
193182 [main] TRACE org.dbunit.database.DefaultMetadataHandler  - tableExists(metaData=org.apache.commons.dbcp.DelegatingDatabaseMetaData@42500328, schemaName=null, tableName=AUTHORITY) - start
193183 [main] DEBUG org.dbunit.util.SQLHelper  - close(resultSet=org.apache.commons.dbcp.DelegatingResultSet@3a33055b) - start
193184 [main] DEBUG org.dbunit.util.SQLHelper  - close(resultSet=org.apache.commons.dbcp.DelegatingResultSet@af87170) - start
193184 [main] DEBUG org.dbunit.util.search.DepthFirstSearch  - reverseSearch:USERS_AUTHORITIES
193184 [main] DEBUG org.dbunit.util.search.DepthFirstSearch  - already searched; returning true
193184 [main] DEBUG org.dbunit.util.search.DepthFirstSearch  - reverseSearch:USER
193184 [main] DEBUG org.dbunit.database.search.ImportedKeysSearchCallback  - searchNode(node=USER) - start
193184 [main] DEBUG org.dbunit.util.search.DepthFirstSearch  - Pushing (reverse) USER
193184 [main] DEBUG org.dbunit.database.search.ImportedKeysSearchCallback  - getEdges(node=USER) - start
193184 [main] DEBUG org.dbunit.database.search.AbstractMetaDataBasedSearchCallback  - getNodesFromImportedKeys(node=USER) - start
193184 [main] DEBUG org.dbunit.database.search.AbstractMetaDataBasedSearchCallback  - getNodes(type=0, node=USER) - start
193184 [main] DEBUG org.dbunit.database.DatabaseDataSourceConnection  - getConnection() - start
193184 [main] DEBUG org.dbunit.database.search.AbstractMetaDataBasedSearchCallback  - getNodes(type=0, node=USER, conn=Transaction-aware proxy for target Connection [jdbc:hsqldb:mem:kontrollDS, UserName=sw, HSQL Database Engine Driver], schema=null, metaData=org.apache.commons.dbcp.DelegatingDatabaseMetaData@3cdf75b0, edges=[]) - start
193184 [main] DEBUG org.dbunit.database.search.AbstractMetaDataBasedSearchCallback  - Getting edges for node USER
193184 [main] TRACE org.dbunit.database.DatabaseConfig  - getProperty(name=http://www.dbunit.org/properties/metadataHandler) - start
193184 [main] TRACE org.dbunit.database.DefaultMetadataHandler  - tableExists(metaData=org.apache.commons.dbcp.DelegatingDatabaseMetaData@3cdf75b0, schemaName=null, tableName=USER) - start
193185 [main] DEBUG org.dbunit.util.SQLHelper  - close(resultSet=org.apache.commons.dbcp.DelegatingResultSet@58297b06) - start
193185 [main] DEBUG org.dbunit.util.SQLHelper  - close(resultSet=org.apache.commons.dbcp.DelegatingResultSet@2788e9f9) - start
193185 [main] DEBUG org.dbunit.util.search.DepthFirstSearch  - search:USERS_AUTHORITIES
193185 [main] DEBUG org.dbunit.util.search.DepthFirstSearch  - already searched; returning true
193185 [main] DEBUG org.dbunit.util.search.DepthFirstSearch  - search:AUTHORITY
193185 [main] DEBUG org.dbunit.util.search.DepthFirstSearch  - already searched; returning true
193185 [main] DEBUG org.dbunit.util.search.DepthFirstSearch  - search:USER
193186 [main] DEBUG org.dbunit.util.search.DepthFirstSearch  - already searched; returning true
193186 [main] DEBUG org.dbunit.util.CollectionsHelper  - setToStrings(set=[AUTHORITY, USER, USERS_AUTHORITIES]) - start
193186 [main] DEBUG org.dbunit.database.search.TablesDependencyHelper  - getDependsOnTables(connection=_databaseConfig=org.dbunit.database.DatabaseConfig[, _propertyMap={http://www.dbunit.org/properties/statementFactory=org.dbunit.database.statement.PreparedStatementFactory@626bc2b8, http://www.dbunit.org/features/caseSensitiveTableNames=false, http://www.dbunit.org/properties/fetchSize=100, http://www.dbunit.org/features/batchedStatements=false, http://www.dbunit.org/properties/metadataHandler=org.dbunit.database.DefaultMetadataHandler@3eeace42, http://www.dbunit.org/properties/datatypeFactory=org.dbunit.dataset.datatype.DefaultDataTypeFactory[_toleratedDeltaMap=org.dbunit.dataset.datatype.ToleratedDeltaMap@6452310a], http://www.dbunit.org/properties/escapePattern=null, http://www.dbunit.org/properties/batchSize=100, http://www.dbunit.org/features/qualifiedTableNames=false, http://www.dbunit.org/properties/tableType=[Ljava.lang.String;@5011bafa, http://www.dbunit.org/properties/resultSetTableFactory=org.dbunit.database.CachedResultSetTableFactory@10bcf083, http://www.dbunit.org/features/datatypeWarning=true}], _dataSet=AbstractDataSet[_orderedTableNameMap=null], rootTable=USERS_AUTHORITIES) - start
193186 [main] DEBUG org.dbunit.util.search.DepthFirstSearch  - search(nodesFrom=[USERS_AUTHORITIES], callback=org.dbunit.database.search.ExportedKeysSearchCallback@683ff5c3) - start
193186 [main] DEBUG org.dbunit.util.CollectionsHelper  - objectsToSet(objects=USERS_AUTHORITIES) - start
193186 [main] DEBUG org.dbunit.util.search.DepthFirstSearch  - search(nodesFrom=[USERS_AUTHORITIES], callback=org.dbunit.database.search.ExportedKeysSearchCallback@683ff5c3) - start
193186 [main] DEBUG org.dbunit.util.search.DepthFirstSearch  - reverseSearch:USERS_AUTHORITIES
193186 [main] DEBUG org.dbunit.database.search.ExportedKeysSearchCallback  - searchNode(node=USERS_AUTHORITIES) - start
193186 [main] DEBUG org.dbunit.util.search.DepthFirstSearch  - Pushing (reverse) USERS_AUTHORITIES
193186 [main] DEBUG org.dbunit.database.search.ExportedKeysSearchCallback  - getEdges(node=USERS_AUTHORITIES) - start
193186 [main] DEBUG org.dbunit.database.search.AbstractMetaDataBasedSearchCallback  - getNodesFromExportedKeys(node=USERS_AUTHORITIES) - start
193186 [main] DEBUG org.dbunit.database.search.AbstractMetaDataBasedSearchCallback  - getNodes(type=1, node=USERS_AUTHORITIES) - start
193186 [main] DEBUG org.dbunit.database.DatabaseDataSourceConnection  - getConnection() - start
193186 [main] DEBUG org.dbunit.database.search.AbstractMetaDataBasedSearchCallback  - getNodes(type=1, node=USERS_AUTHORITIES, conn=Transaction-aware proxy for target Connection [jdbc:hsqldb:mem:kontrollDS, UserName=sw, HSQL Database Engine Driver], schema=null, metaData=org.apache.commons.dbcp.DelegatingDatabaseMetaData@3f200aad, edges=[]) - start
193186 [main] DEBUG org.dbunit.database.search.AbstractMetaDataBasedSearchCallback  - Getting edges for node USERS_AUTHORITIES
193186 [main] TRACE org.dbunit.database.DatabaseConfig  - getProperty(name=http://www.dbunit.org/properties/metadataHandler) - start
193186 [main] TRACE org.dbunit.database.DefaultMetadataHandler  - tableExists(metaData=org.apache.commons.dbcp.DelegatingDatabaseMetaData@3f200aad, schemaName=null, tableName=USERS_AUTHORITIES) - start
193187 [main] DEBUG org.dbunit.util.SQLHelper  - close(resultSet=org.apache.commons.dbcp.DelegatingResultSet@7480e6d5) - start
193187 [main] DEBUG org.dbunit.util.SQLHelper  - close(resultSet=org.apache.commons.dbcp.DelegatingResultSet@3706aa87) - start
193187 [main] DEBUG org.dbunit.util.search.DepthFirstSearch  - search:USERS_AUTHORITIES
193187 [main] DEBUG org.dbunit.database.search.ExportedKeysSearchCallback  - searchNode(node=USERS_AUTHORITIES) - start
193187 [main] DEBUG org.dbunit.util.search.DepthFirstSearch  - Pushing USERS_AUTHORITIES
193188 [main] DEBUG org.dbunit.database.search.ExportedKeysSearchCallback  - getEdges(node=USERS_AUTHORITIES) - start
193188 [main] DEBUG org.dbunit.database.search.AbstractMetaDataBasedSearchCallback  - getNodesFromExportedKeys(node=USERS_AUTHORITIES) - start
193188 [main] DEBUG org.dbunit.database.search.AbstractMetaDataBasedSearchCallback  - getNodes(type=1, node=USERS_AUTHORITIES) - start
193188 [main] DEBUG org.dbunit.database.DatabaseDataSourceConnection  - getConnection() - start
193188 [main] DEBUG org.dbunit.database.search.AbstractMetaDataBasedSearchCallback  - getNodes(type=1, node=USERS_AUTHORITIES, conn=Transaction-aware proxy for target Connection [jdbc:hsqldb:mem:kontrollDS, UserName=sw, HSQL Database Engine Driver], schema=null, metaData=org.apache.commons.dbcp.DelegatingDatabaseMetaData@16a5a14a, edges=[]) - start
193188 [main] DEBUG org.dbunit.database.search.AbstractMetaDataBasedSearchCallback  - Getting edges for node USERS_AUTHORITIES
193188 [main] TRACE org.dbunit.database.DatabaseConfig  - getProperty(name=http://www.dbunit.org/properties/metadataHandler) - start
193188 [main] TRACE org.dbunit.database.DefaultMetadataHandler  - tableExists(metaData=org.apache.commons.dbcp.DelegatingDatabaseMetaData@16a5a14a, schemaName=null, tableName=USERS_AUTHORITIES) - start
193189 [main] DEBUG org.dbunit.util.SQLHelper  - close(resultSet=org.apache.commons.dbcp.DelegatingResultSet@4f4e362a) - start
193189 [main] DEBUG org.dbunit.util.SQLHelper  - close(resultSet=org.apache.commons.dbcp.DelegatingResultSet@52710396) - start
193189 [main] DEBUG org.dbunit.util.search.DepthFirstSearch  - Adding node USERS_AUTHORITIES to the final result
193189 [main] DEBUG org.dbunit.util.CollectionsHelper  - setToStrings(set=[USERS_AUTHORITIES]) - start
193189 [main] DEBUG org.dbunit.database.search.TablesDependencyHelper  - getDirectDependsOnTables(connection=_databaseConfig=org.dbunit.database.DatabaseConfig[, _propertyMap={http://www.dbunit.org/properties/statementFactory=org.dbunit.database.statement.PreparedStatementFactory@626bc2b8, http://www.dbunit.org/features/caseSensitiveTableNames=false, http://www.dbunit.org/properties/fetchSize=100, http://www.dbunit.org/features/batchedStatements=false, http://www.dbunit.org/properties/metadataHandler=org.dbunit.database.DefaultMetadataHandler@3eeace42, http://www.dbunit.org/properties/datatypeFactory=org.dbunit.dataset.datatype.DefaultDataTypeFactory[_toleratedDeltaMap=org.dbunit.dataset.datatype.ToleratedDeltaMap@6452310a], http://www.dbunit.org/properties/escapePattern=null, http://www.dbunit.org/properties/batchSize=100, http://www.dbunit.org/features/qualifiedTableNames=false, http://www.dbunit.org/properties/tableType=[Ljava.lang.String;@5011bafa, http://www.dbunit.org/properties/resultSetTableFactory=org.dbunit.database.CachedResultSetTableFactory@10bcf083, http://www.dbunit.org/features/datatypeWarning=true}], _dataSet=AbstractDataSet[_orderedTableNameMap=null], tableName=USERS_AUTHORITIES) - start
193189 [main] DEBUG org.dbunit.util.search.DepthFirstSearch  - search(nodesFrom=[USERS_AUTHORITIES], callback=org.dbunit.database.search.ExportedKeysSearchCallback@21707791) - start
193189 [main] DEBUG org.dbunit.util.CollectionsHelper  - objectsToSet(objects=USERS_AUTHORITIES) - start
193189 [main] DEBUG org.dbunit.util.search.DepthFirstSearch  - search(nodesFrom=[USERS_AUTHORITIES], callback=org.dbunit.database.search.ExportedKeysSearchCallback@21707791) - start
193189 [main] DEBUG org.dbunit.util.search.DepthFirstSearch  - reverseSearch:USERS_AUTHORITIES
193189 [main] DEBUG org.dbunit.database.search.ExportedKeysSearchCallback  - searchNode(node=USERS_AUTHORITIES) - start
193189 [main] DEBUG org.dbunit.util.search.DepthFirstSearch  - Pushing (reverse) USERS_AUTHORITIES
193189 [main] DEBUG org.dbunit.database.search.ExportedKeysSearchCallback  - getEdges(node=USERS_AUTHORITIES) - start
193189 [main] DEBUG org.dbunit.database.search.AbstractMetaDataBasedSearchCallback  - getNodesFromExportedKeys(node=USERS_AUTHORITIES) - start
193189 [main] DEBUG org.dbunit.database.search.AbstractMetaDataBasedSearchCallback  - getNodes(type=1, node=USERS_AUTHORITIES) - start
193189 [main] DEBUG org.dbunit.database.DatabaseDataSourceConnection  - getConnection() - start
193190 [main] DEBUG org.dbunit.database.search.AbstractMetaDataBasedSearchCallback  - getNodes(type=1, node=USERS_AUTHORITIES, conn=Transaction-aware proxy for target Connection [jdbc:hsqldb:mem:kontrollDS, UserName=sw, HSQL Database Engine Driver], schema=null, metaData=org.apache.commons.dbcp.DelegatingDatabaseMetaData@5eb9e1bd, edges=[]) - start
193190 [main] DEBUG org.dbunit.database.search.AbstractMetaDataBasedSearchCallback  - Getting edges for node USERS_AUTHORITIES
193190 [main] TRACE org.dbunit.database.DatabaseConfig  - getProperty(name=http://www.dbunit.org/properties/metadataHandler) - start
193190 [main] TRACE org.dbunit.database.DefaultMetadataHandler  - tableExists(metaData=org.apache.commons.dbcp.DelegatingDatabaseMetaData@5eb9e1bd, schemaName=null, tableName=USERS_AUTHORITIES) - start
193191 [main] DEBUG org.dbunit.util.SQLHelper  - close(resultSet=org.apache.commons.dbcp.DelegatingResultSet@5a961b88) - start
193191 [main] DEBUG org.dbunit.util.SQLHelper  - close(resultSet=org.apache.commons.dbcp.DelegatingResultSet@59271b25) - start
193191 [main] DEBUG org.dbunit.util.search.DepthFirstSearch  - search:USERS_AUTHORITIES
193191 [main] DEBUG org.dbunit.database.search.ExportedKeysSearchCallback  - searchNode(node=USERS_AUTHORITIES) - start
193191 [main] DEBUG org.dbunit.util.search.DepthFirstSearch  - Pushing USERS_AUTHORITIES
193191 [main] DEBUG org.dbunit.database.search.ExportedKeysSearchCallback  - getEdges(node=USERS_AUTHORITIES) - start
193191 [main] DEBUG org.dbunit.database.search.AbstractMetaDataBasedSearchCallback  - getNodesFromExportedKeys(node=USERS_AUTHORITIES) - start
193191 [main] DEBUG org.dbunit.database.search.AbstractMetaDataBasedSearchCallback  - getNodes(type=1, node=USERS_AUTHORITIES) - start
193191 [main] DEBUG org.dbunit.database.DatabaseDataSourceConnection  - getConnection() - start
193191 [main] DEBUG org.dbunit.database.search.AbstractMetaDataBasedSearchCallback  - getNodes(type=1, node=USERS_AUTHORITIES, conn=Transaction-aware proxy for target Connection [jdbc:hsqldb:mem:kontrollDS, UserName=sw, HSQL Database Engine Driver], schema=null, metaData=org.apache.commons.dbcp.DelegatingDatabaseMetaData@166747dd, edges=[]) - start
193191 [main] DEBUG org.dbunit.database.search.AbstractMetaDataBasedSearchCallback  - Getting edges for node USERS_AUTHORITIES
193191 [main] TRACE org.dbunit.database.DatabaseConfig  - getProperty(name=http://www.dbunit.org/properties/metadataHandler) - start
193191 [main] TRACE org.dbunit.database.DefaultMetadataHandler  - tableExists(metaData=org.apache.commons.dbcp.DelegatingDatabaseMetaData@166747dd, schemaName=null, tableName=USERS_AUTHORITIES) - start
193192 [main] DEBUG org.dbunit.util.SQLHelper  - close(resultSet=org.apache.commons.dbcp.DelegatingResultSet@63332105) - start
193192 [main] DEBUG org.dbunit.util.SQLHelper  - close(resultSet=org.apache.commons.dbcp.DelegatingResultSet@6fd7a2fe) - start
193192 [main] DEBUG org.dbunit.util.search.DepthFirstSearch  - Adding node USERS_AUTHORITIES to the final result
193192 [main] DEBUG org.dbunit.database.search.TablesDependencyHelper  - getDirectDependentTables(connection=_databaseConfig=org.dbunit.database.DatabaseConfig[, _propertyMap={http://www.dbunit.org/properties/statementFactory=org.dbunit.database.statement.PreparedStatementFactory@626bc2b8, http://www.dbunit.org/features/caseSensitiveTableNames=false, http://www.dbunit.org/properties/fetchSize=100, http://www.dbunit.org/features/batchedStatements=false, http://www.dbunit.org/properties/metadataHandler=org.dbunit.database.DefaultMetadataHandler@3eeace42, http://www.dbunit.org/properties/datatypeFactory=org.dbunit.dataset.datatype.DefaultDataTypeFactory[_toleratedDeltaMap=org.dbunit.dataset.datatype.ToleratedDeltaMap@6452310a], http://www.dbunit.org/properties/escapePattern=null, http://www.dbunit.org/properties/batchSize=100, http://www.dbunit.org/features/qualifiedTableNames=false, http://www.dbunit.org/properties/tableType=[Ljava.lang.String;@5011bafa, http://www.dbunit.org/properties/resultSetTableFactory=org.dbunit.database.CachedResultSetTableFactory@10bcf083, http://www.dbunit.org/features/datatypeWarning=true}], _dataSet=AbstractDataSet[_orderedTableNameMap=null], tableName=USERS_AUTHORITIES) - start
193192 [main] DEBUG org.dbunit.util.search.DepthFirstSearch  - search(nodesFrom=[USERS_AUTHORITIES], callback=org.dbunit.database.search.ImportedKeysSearchCallback@53f82182) - start
193193 [main] DEBUG org.dbunit.util.CollectionsHelper  - objectsToSet(objects=USERS_AUTHORITIES) - start
193193 [main] DEBUG org.dbunit.util.search.DepthFirstSearch  - search(nodesFrom=[USERS_AUTHORITIES], callback=org.dbunit.database.search.ImportedKeysSearchCallback@53f82182) - start
193193 [main] DEBUG org.dbunit.util.search.DepthFirstSearch  - reverseSearch:USERS_AUTHORITIES
193193 [main] DEBUG org.dbunit.database.search.ImportedKeysSearchCallback  - searchNode(node=USERS_AUTHORITIES) - start
193193 [main] DEBUG org.dbunit.util.search.DepthFirstSearch  - Pushing (reverse) USERS_AUTHORITIES
193193 [main] DEBUG org.dbunit.database.search.ImportedKeysSearchCallback  - getEdges(node=USERS_AUTHORITIES) - start
193193 [main] DEBUG org.dbunit.database.search.AbstractMetaDataBasedSearchCallback  - getNodesFromImportedKeys(node=USERS_AUTHORITIES) - start
193193 [main] DEBUG org.dbunit.database.search.AbstractMetaDataBasedSearchCallback  - getNodes(type=0, node=USERS_AUTHORITIES) - start
193193 [main] DEBUG org.dbunit.database.DatabaseDataSourceConnection  - getConnection() - start
193193 [main] DEBUG org.dbunit.database.search.AbstractMetaDataBasedSearchCallback  - getNodes(type=0, node=USERS_AUTHORITIES, conn=Transaction-aware proxy for target Connection [jdbc:hsqldb:mem:kontrollDS, UserName=sw, HSQL Database Engine Driver], schema=null, metaData=org.apache.commons.dbcp.DelegatingDatabaseMetaData@476008df, edges=[]) - start
193193 [main] DEBUG org.dbunit.database.search.AbstractMetaDataBasedSearchCallback  - Getting edges for node USERS_AUTHORITIES
193193 [main] TRACE org.dbunit.database.DatabaseConfig  - getProperty(name=http://www.dbunit.org/properties/metadataHandler) - start
193193 [main] TRACE org.dbunit.database.DefaultMetadataHandler  - tableExists(metaData=org.apache.commons.dbcp.DelegatingDatabaseMetaData@476008df, schemaName=null, tableName=USERS_AUTHORITIES) - start
193194 [main] DEBUG org.dbunit.util.SQLHelper  - close(resultSet=org.apache.commons.dbcp.DelegatingResultSet@57385677) - start
193194 [main] DEBUG org.dbunit.util.QualifiedTableName  - getQualifiedNameIfEnabled(config=org.dbunit.database.DatabaseConfig[, _propertyMap={http://www.dbunit.org/properties/statementFactory=org.dbunit.database.statement.PreparedStatementFactory@626bc2b8, http://www.dbunit.org/features/caseSensitiveTableNames=false, http://www.dbunit.org/properties/fetchSize=100, http://www.dbunit.org/features/batchedStatements=false, http://www.dbunit.org/properties/metadataHandler=org.dbunit.database.DefaultMetadataHandler@3eeace42, http://www.dbunit.org/properties/datatypeFactory=org.dbunit.dataset.datatype.DefaultDataTypeFactory[_toleratedDeltaMap=org.dbunit.dataset.datatype.ToleratedDeltaMap@6452310a], http://www.dbunit.org/properties/escapePattern=null, http://www.dbunit.org/properties/batchSize=100, http://www.dbunit.org/features/qualifiedTableNames=false, http://www.dbunit.org/properties/tableType=[Ljava.lang.String;@5011bafa, http://www.dbunit.org/properties/resultSetTableFactory=org.dbunit.database.CachedResultSetTableFactory@10bcf083, http://www.dbunit.org/features/datatypeWarning=true}]) - start
193194 [main] TRACE org.dbunit.database.DatabaseConfig  - getFeature(name=http://www.dbunit.org/features/qualifiedTableNames) - start
193194 [main] TRACE org.dbunit.database.DatabaseConfig  - getProperty(name=http://www.dbunit.org/features/qualifiedTableNames) - start
193194 [main] DEBUG org.dbunit.util.QualifiedTableName  - Qualified table names feature is disabled. Returning plain table name
193194 [main] DEBUG org.dbunit.util.QualifiedTableName  - getQualifiedName(prefix=null, name=USERS_AUTHORITIES, escapePattern=null) - start
193194 [main] DEBUG org.dbunit.util.QualifiedTableName  - getQualifiedNameIfEnabled(config=org.dbunit.database.DatabaseConfig[, _propertyMap={http://www.dbunit.org/properties/statementFactory=org.dbunit.database.statement.PreparedStatementFactory@626bc2b8, http://www.dbunit.org/features/caseSensitiveTableNames=false, http://www.dbunit.org/properties/fetchSize=100, http://www.dbunit.org/features/batchedStatements=false, http://www.dbunit.org/properties/metadataHandler=org.dbunit.database.DefaultMetadataHandler@3eeace42, http://www.dbunit.org/properties/datatypeFactory=org.dbunit.dataset.datatype.DefaultDataTypeFactory[_toleratedDeltaMap=org.dbunit.dataset.datatype.ToleratedDeltaMap@6452310a], http://www.dbunit.org/properties/escapePattern=null, http://www.dbunit.org/properties/batchSize=100, http://www.dbunit.org/features/qualifiedTableNames=false, http://www.dbunit.org/properties/tableType=[Ljava.lang.String;@5011bafa, http://www.dbunit.org/properties/resultSetTableFactory=org.dbunit.database.CachedResultSetTableFactory@10bcf083, http://www.dbunit.org/features/datatypeWarning=true}]) - start
193194 [main] TRACE org.dbunit.database.DatabaseConfig  - getFeature(name=http://www.dbunit.org/features/qualifiedTableNames) - start
193194 [main] TRACE org.dbunit.database.DatabaseConfig  - getProperty(name=http://www.dbunit.org/features/qualifiedTableNames) - start
193194 [main] DEBUG org.dbunit.util.QualifiedTableName  - Qualified table names feature is disabled. Returning plain table name
193194 [main] DEBUG org.dbunit.util.QualifiedTableName  - getQualifiedName(prefix=null, name=AUTHORITY, escapePattern=null) - start
193195 [main] DEBUG org.dbunit.database.search.AbstractMetaDataBasedSearchCallback  - newEdge(rs=org.apache.commons.dbcp.DelegatingResultSet@22936130, type=0, from=USERS_AUTHORITIES, to=AUTHORITY, fkColumn=AUTHORITY_ID, pkColumn=ID) - start
193195 [main] DEBUG org.dbunit.database.search.AbstractMetaDataBasedSearchCallback  - createFKEdge(rs=org.apache.commons.dbcp.DelegatingResultSet@22936130, type=0, from=USERS_AUTHORITIES, to=AUTHORITY, fkColumn=AUTHORITY_ID, pkColumn=ID) - start
193195 [main] DEBUG org.dbunit.database.search.AbstractMetaDataBasedSearchCallback  - Adding edge USERS_AUTHORITIES(AUTHORITY_ID)->AUTHORITY(ID)
193195 [main] DEBUG org.dbunit.util.search.Edge  - compareTo(o=USERS_AUTHORITIES(AUTHORITY_ID)->AUTHORITY(ID)) - start
193195 [main] DEBUG org.dbunit.util.QualifiedTableName  - getQualifiedNameIfEnabled(config=org.dbunit.database.DatabaseConfig[, _propertyMap={http://www.dbunit.org/properties/statementFactory=org.dbunit.database.statement.PreparedStatementFactory@626bc2b8, http://www.dbunit.org/features/caseSensitiveTableNames=false, http://www.dbunit.org/properties/fetchSize=100, http://www.dbunit.org/features/batchedStatements=false, http://www.dbunit.org/properties/metadataHandler=org.dbunit.database.DefaultMetadataHandler@3eeace42, http://www.dbunit.org/properties/datatypeFactory=org.dbunit.dataset.datatype.DefaultDataTypeFactory[_toleratedDeltaMap=org.dbunit.dataset.datatype.ToleratedDeltaMap@6452310a], http://www.dbunit.org/properties/escapePattern=null, http://www.dbunit.org/properties/batchSize=100, http://www.dbunit.org/features/qualifiedTableNames=false, http://www.dbunit.org/properties/tableType=[Ljava.lang.String;@5011bafa, http://www.dbunit.org/properties/resultSetTableFactory=org.dbunit.database.CachedResultSetTableFactory@10bcf083, http://www.dbunit.org/features/datatypeWarning=true}]) - start
193195 [main] TRACE org.dbunit.database.DatabaseConfig  - getFeature(name=http://www.dbunit.org/features/qualifiedTableNames) - start
193195 [main] TRACE org.dbunit.database.DatabaseConfig  - getProperty(name=http://www.dbunit.org/features/qualifiedTableNames) - start
193195 [main] DEBUG org.dbunit.util.QualifiedTableName  - Qualified table names feature is disabled. Returning plain table name
193195 [main] DEBUG org.dbunit.util.QualifiedTableName  - getQualifiedName(prefix=null, name=USERS_AUTHORITIES, escapePattern=null) - start
193195 [main] DEBUG org.dbunit.util.QualifiedTableName  - getQualifiedNameIfEnabled(config=org.dbunit.database.DatabaseConfig[, _propertyMap={http://www.dbunit.org/properties/statementFactory=org.dbunit.database.statement.PreparedStatementFactory@626bc2b8, http://www.dbunit.org/features/caseSensitiveTableNames=false, http://www.dbunit.org/properties/fetchSize=100, http://www.dbunit.org/features/batchedStatements=false, http://www.dbunit.org/properties/metadataHandler=org.dbunit.database.DefaultMetadataHandler@3eeace42, http://www.dbunit.org/properties/datatypeFactory=org.dbunit.dataset.datatype.DefaultDataTypeFactory[_toleratedDeltaMap=org.dbunit.dataset.datatype.ToleratedDeltaMap@6452310a], http://www.dbunit.org/properties/escapePattern=null, http://www.dbunit.org/properties/batchSize=100, http://www.dbunit.org/features/qualifiedTableNames=false, http://www.dbunit.org/properties/tableType=[Ljava.lang.String;@5011bafa, http://www.dbunit.org/properties/resultSetTableFactory=org.dbunit.database.CachedResultSetTableFactory@10bcf083, http://www.dbunit.org/features/datatypeWarning=true}]) - start
193195 [main] TRACE org.dbunit.database.DatabaseConfig  - getFeature(name=http://www.dbunit.org/features/qualifiedTableNames) - start
193195 [main] TRACE org.dbunit.database.DatabaseConfig  - getProperty(name=http://www.dbunit.org/features/qualifiedTableNames) - start
193195 [main] DEBUG org.dbunit.util.QualifiedTableName  - Qualified table names feature is disabled. Returning plain table name
193195 [main] DEBUG org.dbunit.util.QualifiedTableName  - getQualifiedName(prefix=null, name=USER, escapePattern=null) - start
193195 [main] DEBUG org.dbunit.database.search.AbstractMetaDataBasedSearchCallback  - newEdge(rs=org.apache.commons.dbcp.DelegatingResultSet@22936130, type=0, from=USERS_AUTHORITIES, to=USER, fkColumn=USER_ID, pkColumn=ID) - start
193195 [main] DEBUG org.dbunit.database.search.AbstractMetaDataBasedSearchCallback  - createFKEdge(rs=org.apache.commons.dbcp.DelegatingResultSet@22936130, type=0, from=USERS_AUTHORITIES, to=USER, fkColumn=USER_ID, pkColumn=ID) - start
193195 [main] DEBUG org.dbunit.database.search.AbstractMetaDataBasedSearchCallback  - Adding edge USERS_AUTHORITIES(USER_ID)->USER(ID)
193195 [main] DEBUG org.dbunit.util.search.Edge  - compareTo(o=USERS_AUTHORITIES(AUTHORITY_ID)->AUTHORITY(ID)) - start
193195 [main] DEBUG org.dbunit.util.SQLHelper  - close(resultSet=org.apache.commons.dbcp.DelegatingResultSet@22936130) - start
193195 [main] DEBUG org.dbunit.util.search.DepthFirstSearch  - search:USERS_AUTHORITIES
193195 [main] DEBUG org.dbunit.database.search.ImportedKeysSearchCallback  - searchNode(node=USERS_AUTHORITIES) - start
193195 [main] DEBUG org.dbunit.util.search.DepthFirstSearch  - Pushing USERS_AUTHORITIES
193195 [main] DEBUG org.dbunit.database.search.ImportedKeysSearchCallback  - getEdges(node=USERS_AUTHORITIES) - start
193195 [main] DEBUG org.dbunit.database.search.AbstractMetaDataBasedSearchCallback  - getNodesFromImportedKeys(node=USERS_AUTHORITIES) - start
193195 [main] DEBUG org.dbunit.database.search.AbstractMetaDataBasedSearchCallback  - getNodes(type=0, node=USERS_AUTHORITIES) - start
193195 [main] DEBUG org.dbunit.database.DatabaseDataSourceConnection  - getConnection() - start
193196 [main] DEBUG org.dbunit.database.search.AbstractMetaDataBasedSearchCallback  - getNodes(type=0, node=USERS_AUTHORITIES, conn=Transaction-aware proxy for target Connection [jdbc:hsqldb:mem:kontrollDS, UserName=sw, HSQL Database Engine Driver], schema=null, metaData=org.apache.commons.dbcp.DelegatingDatabaseMetaData@79d1a80b, edges=[]) - start
193196 [main] DEBUG org.dbunit.database.search.AbstractMetaDataBasedSearchCallback  - Getting edges for node USERS_AUTHORITIES
193196 [main] TRACE org.dbunit.database.DatabaseConfig  - getProperty(name=http://www.dbunit.org/properties/metadataHandler) - start
193196 [main] TRACE org.dbunit.database.DefaultMetadataHandler  - tableExists(metaData=org.apache.commons.dbcp.DelegatingDatabaseMetaData@79d1a80b, schemaName=null, tableName=USERS_AUTHORITIES) - start
193197 [main] DEBUG org.dbunit.util.SQLHelper  - close(resultSet=org.apache.commons.dbcp.DelegatingResultSet@67a9c7f9) - start
193197 [main] DEBUG org.dbunit.util.QualifiedTableName  - getQualifiedNameIfEnabled(config=org.dbunit.database.DatabaseConfig[, _propertyMap={http://www.dbunit.org/properties/statementFactory=org.dbunit.database.statement.PreparedStatementFactory@626bc2b8, http://www.dbunit.org/features/caseSensitiveTableNames=false, http://www.dbunit.org/properties/fetchSize=100, http://www.dbunit.org/features/batchedStatements=false, http://www.dbunit.org/properties/metadataHandler=org.dbunit.database.DefaultMetadataHandler@3eeace42, http://www.dbunit.org/properties/datatypeFactory=org.dbunit.dataset.datatype.DefaultDataTypeFactory[_toleratedDeltaMap=org.dbunit.dataset.datatype.ToleratedDeltaMap@6452310a], http://www.dbunit.org/properties/escapePattern=null, http://www.dbunit.org/properties/batchSize=100, http://www.dbunit.org/features/qualifiedTableNames=false, http://www.dbunit.org/properties/tableType=[Ljava.lang.String;@5011bafa, http://www.dbunit.org/properties/resultSetTableFactory=org.dbunit.database.CachedResultSetTableFactory@10bcf083, http://www.dbunit.org/features/datatypeWarning=true}]) - start
193197 [main] TRACE org.dbunit.database.DatabaseConfig  - getFeature(name=http://www.dbunit.org/features/qualifiedTableNames) - start
193197 [main] TRACE org.dbunit.database.DatabaseConfig  - getProperty(name=http://www.dbunit.org/features/qualifiedTableNames) - start
193197 [main] DEBUG org.dbunit.util.QualifiedTableName  - Qualified table names feature is disabled. Returning plain table name
193197 [main] DEBUG org.dbunit.util.QualifiedTableName  - getQualifiedName(prefix=null, name=USERS_AUTHORITIES, escapePattern=null) - start
193197 [main] DEBUG org.dbunit.util.QualifiedTableName  - getQualifiedNameIfEnabled(config=org.dbunit.database.DatabaseConfig[, _propertyMap={http://www.dbunit.org/properties/statementFactory=org.dbunit.database.statement.PreparedStatementFactory@626bc2b8, http://www.dbunit.org/features/caseSensitiveTableNames=false, http://www.dbunit.org/properties/fetchSize=100, http://www.dbunit.org/features/batchedStatements=false, http://www.dbunit.org/properties/metadataHandler=org.dbunit.database.DefaultMetadataHandler@3eeace42, http://www.dbunit.org/properties/datatypeFactory=org.dbunit.dataset.datatype.DefaultDataTypeFactory[_toleratedDeltaMap=org.dbunit.dataset.datatype.ToleratedDeltaMap@6452310a], http://www.dbunit.org/properties/escapePattern=null, http://www.dbunit.org/properties/batchSize=100, http://www.dbunit.org/features/qualifiedTableNames=false, http://www.dbunit.org/properties/tableType=[Ljava.lang.String;@5011bafa, http://www.dbunit.org/properties/resultSetTableFactory=org.dbunit.database.CachedResultSetTableFactory@10bcf083, http://www.dbunit.org/features/datatypeWarning=true}]) - start
193197 [main] TRACE org.dbunit.database.DatabaseConfig  - getFeature(name=http://www.dbunit.org/features/qualifiedTableNames) - start
193197 [main] TRACE org.dbunit.database.DatabaseConfig  - getProperty(name=http://www.dbunit.org/features/qualifiedTableNames) - start
193197 [main] DEBUG org.dbunit.util.QualifiedTableName  - Qualified table names feature is disabled. Returning plain table name
193197 [main] DEBUG org.dbunit.util.QualifiedTableName  - getQualifiedName(prefix=null, name=AUTHORITY, escapePattern=null) - start
193197 [main] DEBUG org.dbunit.database.search.AbstractMetaDataBasedSearchCallback  - newEdge(rs=org.apache.commons.dbcp.DelegatingResultSet@55ec63fe, type=0, from=USERS_AUTHORITIES, to=AUTHORITY, fkColumn=AUTHORITY_ID, pkColumn=ID) - start
193198 [main] DEBUG org.dbunit.database.search.AbstractMetaDataBasedSearchCallback  - createFKEdge(rs=org.apache.commons.dbcp.DelegatingResultSet@55ec63fe, type=0, from=USERS_AUTHORITIES, to=AUTHORITY, fkColumn=AUTHORITY_ID, pkColumn=ID) - start
193198 [main] DEBUG org.dbunit.database.search.AbstractMetaDataBasedSearchCallback  - Adding edge USERS_AUTHORITIES(AUTHORITY_ID)->AUTHORITY(ID)
193198 [main] DEBUG org.dbunit.util.search.Edge  - compareTo(o=USERS_AUTHORITIES(AUTHORITY_ID)->AUTHORITY(ID)) - start
193198 [main] DEBUG org.dbunit.util.QualifiedTableName  - getQualifiedNameIfEnabled(config=org.dbunit.database.DatabaseConfig[, _propertyMap={http://www.dbunit.org/properties/statementFactory=org.dbunit.database.statement.PreparedStatementFactory@626bc2b8, http://www.dbunit.org/features/caseSensitiveTableNames=false, http://www.dbunit.org/properties/fetchSize=100, http://www.dbunit.org/features/batchedStatements=false, http://www.dbunit.org/properties/metadataHandler=org.dbunit.database.DefaultMetadataHandler@3eeace42, http://www.dbunit.org/properties/datatypeFactory=org.dbunit.dataset.datatype.DefaultDataTypeFactory[_toleratedDeltaMap=org.dbunit.dataset.datatype.ToleratedDeltaMap@6452310a], http://www.dbunit.org/properties/escapePattern=null, http://www.dbunit.org/properties/batchSize=100, http://www.dbunit.org/features/qualifiedTableNames=false, http://www.dbunit.org/properties/tableType=[Ljava.lang.String;@5011bafa, http://www.dbunit.org/properties/resultSetTableFactory=org.dbunit.database.CachedResultSetTableFactory@10bcf083, http://www.dbunit.org/features/datatypeWarning=true}]) - start
193198 [main] TRACE org.dbunit.database.DatabaseConfig  - getFeature(name=http://www.dbunit.org/features/qualifiedTableNames) - start
193198 [main] TRACE org.dbunit.database.DatabaseConfig  - getProperty(name=http://www.dbunit.org/features/qualifiedTableNames) - start
193198 [main] DEBUG org.dbunit.util.QualifiedTableName  - Qualified table names feature is disabled. Returning plain table name
193198 [main] DEBUG org.dbunit.util.QualifiedTableName  - getQualifiedName(prefix=null, name=USERS_AUTHORITIES, escapePattern=null) - start
193198 [main] DEBUG org.dbunit.util.QualifiedTableName  - getQualifiedNameIfEnabled(config=org.dbunit.database.DatabaseConfig[, _propertyMap={http://www.dbunit.org/properties/statementFactory=org.dbunit.database.statement.PreparedStatementFactory@626bc2b8, http://www.dbunit.org/features/caseSensitiveTableNames=false, http://www.dbunit.org/properties/fetchSize=100, http://www.dbunit.org/features/batchedStatements=false, http://www.dbunit.org/properties/metadataHandler=org.dbunit.database.DefaultMetadataHandler@3eeace42, http://www.dbunit.org/properties/datatypeFactory=org.dbunit.dataset.datatype.DefaultDataTypeFactory[_toleratedDeltaMap=org.dbunit.dataset.datatype.ToleratedDeltaMap@6452310a], http://www.dbunit.org/properties/escapePattern=null, http://www.dbunit.org/properties/batchSize=100, http://www.dbunit.org/features/qualifiedTableNames=false, http://www.dbunit.org/properties/tableType=[Ljava.lang.String;@5011bafa, http://www.dbunit.org/properties/resultSetTableFactory=org.dbunit.database.CachedResultSetTableFactory@10bcf083, http://www.dbunit.org/features/datatypeWarning=true}]) - start
193198 [main] TRACE org.dbunit.database.DatabaseConfig  - getFeature(name=http://www.dbunit.org/features/qualifiedTableNames) - start
193198 [main] TRACE org.dbunit.database.DatabaseConfig  - getProperty(name=http://www.dbunit.org/features/qualifiedTableNames) - start
193198 [main] DEBUG org.dbunit.util.QualifiedTableName  - Qualified table names feature is disabled. Returning plain table name
193198 [main] DEBUG org.dbunit.util.QualifiedTableName  - getQualifiedName(prefix=null, name=USER, escapePattern=null) - start
193198 [main] DEBUG org.dbunit.database.search.AbstractMetaDataBasedSearchCallback  - newEdge(rs=org.apache.commons.dbcp.DelegatingResultSet@55ec63fe, type=0, from=USERS_AUTHORITIES, to=USER, fkColumn=USER_ID, pkColumn=ID) - start
193198 [main] DEBUG org.dbunit.database.search.AbstractMetaDataBasedSearchCallback  - createFKEdge(rs=org.apache.commons.dbcp.DelegatingResultSet@55ec63fe, type=0, from=USERS_AUTHORITIES, to=USER, fkColumn=USER_ID, pkColumn=ID) - start
193199 [main] DEBUG org.dbunit.database.search.AbstractMetaDataBasedSearchCallback  - Adding edge USERS_AUTHORITIES(USER_ID)->USER(ID)
193199 [main] DEBUG org.dbunit.util.search.Edge  - compareTo(o=USERS_AUTHORITIES(AUTHORITY_ID)->AUTHORITY(ID)) - start
193199 [main] DEBUG org.dbunit.util.SQLHelper  - close(resultSet=org.apache.commons.dbcp.DelegatingResultSet@55ec63fe) - start
193199 [main] DEBUG org.dbunit.util.search.DepthFirstSearch  - search:AUTHORITY
193199 [main] DEBUG org.dbunit.database.search.ImportedKeysSearchCallback  - searchNode(node=AUTHORITY) - start
193199 [main] DEBUG org.dbunit.util.search.DepthFirstSearch  - Pushing AUTHORITY
193199 [main] DEBUG org.dbunit.database.search.ImportedKeysSearchCallback  - getEdges(node=AUTHORITY) - start
193199 [main] DEBUG org.dbunit.database.search.AbstractMetaDataBasedSearchCallback  - getNodesFromImportedKeys(node=AUTHORITY) - start
193199 [main] DEBUG org.dbunit.database.search.AbstractMetaDataBasedSearchCallback  - getNodes(type=0, node=AUTHORITY) - start
193199 [main] DEBUG org.dbunit.database.DatabaseDataSourceConnection  - getConnection() - start
193199 [main] DEBUG org.dbunit.database.search.AbstractMetaDataBasedSearchCallback  - getNodes(type=0, node=AUTHORITY, conn=Transaction-aware proxy for target Connection [jdbc:hsqldb:mem:kontrollDS, UserName=sw, HSQL Database Engine Driver], schema=null, metaData=org.apache.commons.dbcp.DelegatingDatabaseMetaData@1298e4c4, edges=[]) - start
193199 [main] DEBUG org.dbunit.database.search.AbstractMetaDataBasedSearchCallback  - Getting edges for node AUTHORITY
193199 [main] TRACE org.dbunit.database.DatabaseConfig  - getProperty(name=http://www.dbunit.org/properties/metadataHandler) - start
193199 [main] TRACE org.dbunit.database.DefaultMetadataHandler  - tableExists(metaData=org.apache.commons.dbcp.DelegatingDatabaseMetaData@1298e4c4, schemaName=null, tableName=AUTHORITY) - start
193200 [main] DEBUG org.dbunit.util.SQLHelper  - close(resultSet=org.apache.commons.dbcp.DelegatingResultSet@240e014b) - start
193200 [main] DEBUG org.dbunit.util.SQLHelper  - close(resultSet=org.apache.commons.dbcp.DelegatingResultSet@66ea4dc8) - start
193200 [main] DEBUG org.dbunit.util.search.DepthFirstSearch  - Adding node AUTHORITY to the final result
193201 [main] DEBUG org.dbunit.util.search.DepthFirstSearch  - search:USER
193201 [main] DEBUG org.dbunit.database.search.ImportedKeysSearchCallback  - searchNode(node=USER) - start
193201 [main] DEBUG org.dbunit.util.search.DepthFirstSearch  - Pushing USER
193201 [main] DEBUG org.dbunit.util.search.DepthFirstSearch  - Adding node USER to the final result
193201 [main] DEBUG org.dbunit.util.search.DepthFirstSearch  - Adding node USERS_AUTHORITIES to the final result
193201 [main] DEBUG org.dbunit.util.search.DepthFirstSearch  - reverseSearch:AUTHORITY
193201 [main] DEBUG org.dbunit.database.search.ImportedKeysSearchCallback  - searchNode(node=AUTHORITY) - start
193201 [main] DEBUG org.dbunit.util.search.DepthFirstSearch  - Pushing (reverse) AUTHORITY
193201 [main] DEBUG org.dbunit.database.search.ImportedKeysSearchCallback  - getEdges(node=AUTHORITY) - start
193201 [main] DEBUG org.dbunit.database.search.AbstractMetaDataBasedSearchCallback  - getNodesFromImportedKeys(node=AUTHORITY) - start
193201 [main] DEBUG org.dbunit.database.search.AbstractMetaDataBasedSearchCallback  - getNodes(type=0, node=AUTHORITY) - start
193201 [main] DEBUG org.dbunit.database.DatabaseDataSourceConnection  - getConnection() - start
193201 [main] DEBUG org.dbunit.database.search.AbstractMetaDataBasedSearchCallback  - getNodes(type=0, node=AUTHORITY, conn=Transaction-aware proxy for target Connection [jdbc:hsqldb:mem:kontrollDS, UserName=sw, HSQL Database Engine Driver], schema=null, metaData=org.apache.commons.dbcp.DelegatingDatabaseMetaData@2098ba41, edges=[]) - start
193201 [main] DEBUG org.dbunit.database.search.AbstractMetaDataBasedSearchCallback  - Getting edges for node AUTHORITY
193201 [main] TRACE org.dbunit.database.DatabaseConfig  - getProperty(name=http://www.dbunit.org/properties/metadataHandler) - start
193201 [main] TRACE org.dbunit.database.DefaultMetadataHandler  - tableExists(metaData=org.apache.commons.dbcp.DelegatingDatabaseMetaData@2098ba41, schemaName=null, tableName=AUTHORITY) - start
193202 [main] DEBUG org.dbunit.util.SQLHelper  - close(resultSet=org.apache.commons.dbcp.DelegatingResultSet@1099b6d3) - start
193202 [main] DEBUG org.dbunit.util.SQLHelper  - close(resultSet=org.apache.commons.dbcp.DelegatingResultSet@7ab1ea1f) - start
193202 [main] DEBUG org.dbunit.util.search.DepthFirstSearch  - reverseSearch:USERS_AUTHORITIES
193202 [main] DEBUG org.dbunit.util.search.DepthFirstSearch  - already searched; returning true
193202 [main] DEBUG org.dbunit.util.search.DepthFirstSearch  - reverseSearch:USER
193203 [main] DEBUG org.dbunit.database.search.ImportedKeysSearchCallback  - searchNode(node=USER) - start
193203 [main] DEBUG org.dbunit.util.search.DepthFirstSearch  - Pushing (reverse) USER
193203 [main] DEBUG org.dbunit.database.search.ImportedKeysSearchCallback  - getEdges(node=USER) - start
193203 [main] DEBUG org.dbunit.database.search.AbstractMetaDataBasedSearchCallback  - getNodesFromImportedKeys(node=USER) - start
193203 [main] DEBUG org.dbunit.database.search.AbstractMetaDataBasedSearchCallback  - getNodes(type=0, node=USER) - start
193203 [main] DEBUG org.dbunit.database.DatabaseDataSourceConnection  - getConnection() - start
193203 [main] DEBUG org.dbunit.database.search.AbstractMetaDataBasedSearchCallback  - getNodes(type=0, node=USER, conn=Transaction-aware proxy for target Connection [jdbc:hsqldb:mem:kontrollDS, UserName=sw, HSQL Database Engine Driver], schema=null, metaData=org.apache.commons.dbcp.DelegatingDatabaseMetaData@3681d827, edges=[]) - start
193203 [main] DEBUG org.dbunit.database.search.AbstractMetaDataBasedSearchCallback  - Getting edges for node USER
193203 [main] TRACE org.dbunit.database.DatabaseConfig  - getProperty(name=http://www.dbunit.org/properties/metadataHandler) - start
193203 [main] TRACE org.dbunit.database.DefaultMetadataHandler  - tableExists(metaData=org.apache.commons.dbcp.DelegatingDatabaseMetaData@3681d827, schemaName=null, tableName=USER) - start
193204 [main] DEBUG org.dbunit.util.SQLHelper  - close(resultSet=org.apache.commons.dbcp.DelegatingResultSet@62fac7ea) - start
193204 [main] DEBUG org.dbunit.util.SQLHelper  - close(resultSet=org.apache.commons.dbcp.DelegatingResultSet@4a023921) - start
193204 [main] DEBUG org.dbunit.util.search.DepthFirstSearch  - search:USERS_AUTHORITIES
193204 [main] DEBUG org.dbunit.util.search.DepthFirstSearch  - already searched; returning true
193204 [main] DEBUG org.dbunit.util.search.DepthFirstSearch  - search:AUTHORITY
193204 [main] DEBUG org.dbunit.util.search.DepthFirstSearch  - already searched; returning true
193204 [main] DEBUG org.dbunit.util.search.DepthFirstSearch  - search:USER
193204 [main] DEBUG org.dbunit.util.search.DepthFirstSearch  - already searched; returning true
193204 [main] DEBUG org.dbunit.database.DatabaseSequenceFilter  - checkCycles() - start
193204 [main] DEBUG org.dbunit.database.DatabaseSequenceFilter  - checkCycles() - start
193204 [main] DEBUG org.dbunit.database.DatabaseSequenceFilter  - checkCycles() - start
193205 [main] DEBUG org.dbunit.database.DatabaseSequenceFilter  - checkCycles() - start
193205 [main] DEBUG org.dbunit.database.DatabaseSequenceFilter  - checkCycles() - start
193205 [main] DEBUG org.dbunit.database.DatabaseSequenceFilter  - checkCycles() - start
193205 [main] DEBUG org.dbunit.database.DatabaseSequenceFilter  - checkCycles() - start
193205 [main] DEBUG org.dbunit.database.DatabaseSequenceFilter  - checkCycles() - start
193205 [main] DEBUG org.dbunit.database.DatabaseSequenceFilter  - checkCycles() - start
193205 [main] DEBUG org.dbunit.database.DatabaseSequenceFilter  - checkCycles() - start
193205 [main] DEBUG org.dbunit.database.DatabaseSequenceFilter  - checkCycles() - start
193205 [main] DEBUG org.dbunit.database.DatabaseSequenceFilter  - checkCycles() - start
193205 [main] DEBUG org.dbunit.database.DatabaseSequenceFilter  - checkCycles() - start
193205 [main] DEBUG org.dbunit.database.DatabaseSequenceFilter  - checkCycles() - start
193205 [main] DEBUG org.dbunit.database.DatabaseSequenceFilter  - checkCycles() - start
193205 [main] DEBUG org.dbunit.database.DatabaseSequenceFilter  - sort(tableNames=[AUTHORITY, CAPTION, NESTEDSCOPEDCONTENTCONDITIONS, REQUESTCONTEXT, SCOPE, SCOPEDCONTENT, SCOPEDCONTENTCONDITION, SCOPEDCONTENTCONDITIONATTRIBUTE, SCOPEDCONTENTCONDITIONS_SCOPEDCONTENT, SCOPEDCONTENTCONDITIONS_SCOPEDCONTENTITEM, SCOPEDCONTENTITEM, SCOPEDCONTENT_SCOPEDCONTENTITEM, SCOPE_REQUESTCONTEXT, USER, USERS_AUTHORITIES], dependencies={SCOPE_REQUESTCONTEXT=DependencyInfo[table=SCOPE_REQUESTCONTEXT, directDependsOn=[], directDependent=[REQUESTCONTEXT, SCOPE], allDependsOn=[], allDependent=[REQUESTCONTEXT, SCOPE]], NESTEDSCOPEDCONTENTCONDITIONS=DependencyInfo[table=NESTEDSCOPEDCONTENTCONDITIONS, directDependsOn=[], directDependent=[SCOPEDCONTENTCONDITION], allDependsOn=[], allDependent=[SCOPEDCONTENTCONDITION]], SCOPE=DependencyInfo[table=SCOPE, directDependsOn=[SCOPEDCONTENTCONDITIONS_SCOPEDCONTENT, SCOPEDCONTENT_SCOPEDCONTENTITEM, SCOPEDCONTENT, SCOPE_REQUESTCONTEXT], directDependent=[], allDependsOn=[SCOPEDCONTENT, SCOPE_REQUESTCONTEXT, SCOPEDCONTENT_SCOPEDCONTENTITEM, SCOPEDCONTENTCONDITIONS_SCOPEDCONTENT], allDependent=[]], SCOPEDCONTENT_SCOPEDCONTENTITEM=DependencyInfo[table=SCOPEDCONTENT_SCOPEDCONTENTITEM, directDependsOn=[], directDependent=[SCOPE, SCOPEDCONTENT, SCOPEDCONTENTITEM], allDependsOn=[], allDependent=[SCOPEDCONTENT, SCOPEDCONTENTITEM, SCOPE]], SCOPEDCONTENTCONDITIONATTRIBUTE=DependencyInfo[table=SCOPEDCONTENTCONDITIONATTRIBUTE, directDependsOn=[], directDependent=[SCOPEDCONTENTCONDITION], allDependsOn=[], allDependent=[SCOPEDCONTENTCONDITION]], SCOPEDCONTENTCONDITIONS_SCOPEDCONTENT=DependencyInfo[table=SCOPEDCONTENTCONDITIONS_SCOPEDCONTENT, directDependsOn=[], directDependent=[SCOPE, SCOPEDCONTENT, SCOPEDCONTENTCONDITION], allDependsOn=[], allDependent=[SCOPEDCONTENT, SCOPE, SCOPEDCONTENTCONDITION]], USER=DependencyInfo[table=USER, directDependsOn=[USERS_AUTHORITIES], directDependent=[], allDependsOn=[USERS_AUTHORITIES], allDependent=[]], SCOPEDCONTENT=DependencyInfo[table=SCOPEDCONTENT, directDependsOn=[SCOPEDCONTENTCONDITIONS_SCOPEDCONTENT, SCOPEDCONTENT_SCOPEDCONTENTITEM], directDependent=[SCOPE], allDependsOn=[SCOPEDCONTENT_SCOPEDCONTENTITEM, SCOPEDCONTENTCONDITIONS_SCOPEDCONTENT], allDependent=[SCOPE]], REQUESTCONTEXT=DependencyInfo[table=REQUESTCONTEXT, directDependsOn=[SCOPE_REQUESTCONTEXT], directDependent=[], allDependsOn=[SCOPE_REQUESTCONTEXT], allDependent=[]], AUTHORITY=DependencyInfo[table=AUTHORITY, directDependsOn=[USERS_AUTHORITIES], directDependent=[], allDependsOn=[USERS_AUTHORITIES], allDependent=[]], USERS_AUTHORITIES=DependencyInfo[table=USERS_AUTHORITIES, directDependsOn=[], directDependent=[AUTHORITY, USER], allDependsOn=[], allDependent=[AUTHORITY, USER]], SCOPEDCONTENTITEM=DependencyInfo[table=SCOPEDCONTENTITEM, directDependsOn=[SCOPEDCONTENTCONDITIONS_SCOPEDCONTENTITEM, SCOPEDCONTENT_SCOPEDCONTENTITEM], directDependent=[], allDependsOn=[SCOPEDCONTENT_SCOPEDCONTENTITEM, SCOPEDCONTENTCONDITIONS_SCOPEDCONTENTITEM], allDependent=[]], CAPTION=DependencyInfo[table=CAPTION, directDependsOn=[], directDependent=[], allDependsOn=[], allDependent=[]], SCOPEDCONTENTCONDITIONS_SCOPEDCONTENTITEM=DependencyInfo[table=SCOPEDCONTENTCONDITIONS_SCOPEDCONTENTITEM, directDependsOn=[], directDependent=[SCOPEDCONTENTCONDITION, SCOPEDCONTENTITEM], allDependsOn=[], allDependent=[SCOPEDCONTENTITEM, SCOPEDCONTENTCONDITION]], SCOPEDCONTENTCONDITION=DependencyInfo[table=SCOPEDCONTENTCONDITION, directDependsOn=[NESTEDSCOPEDCONTENTCONDITIONS, SCOPEDCONTENTCONDITIONATTRIBUTE, SCOPEDCONTENTCONDITIONS_SCOPEDCONTENT, SCOPEDCONTENTCONDITIONS_SCOPEDCONTENTITEM], directDependent=[], allDependsOn=[SCOPEDCONTENTCONDITIONS_SCOPEDCONTENTITEM, NESTEDSCOPEDCONTENTCONDITIONS, SCOPEDCONTENTCONDITIONATTRIBUTE, SCOPEDCONTENTCONDITIONS_SCOPEDCONTENT], allDependent=[]]}) - start
193206 [main] DEBUG org.dbunit.dataset.OrderedTableNameMap  - add(tableName=AUTHORITY, object=null) - start
193206 [main] DEBUG org.dbunit.dataset.OrderedTableNameMap  - getTableName(tableName=AUTHORITY) - start
193206 [main] DEBUG org.dbunit.dataset.OrderedTableNameMap  - getTableName(tableName=AUTHORITY) - end - result=AUTHORITY
193206 [main] DEBUG org.dbunit.dataset.OrderedTableNameMap  - getTableName(tableName=AUTHORITY) - start
193206 [main] DEBUG org.dbunit.dataset.OrderedTableNameMap  - getTableName(tableName=AUTHORITY) - end - result=AUTHORITY
193206 [main] DEBUG org.dbunit.dataset.OrderedTableNameMap  - add(tableName=CAPTION, object=null) - start
193206 [main] DEBUG org.dbunit.dataset.OrderedTableNameMap  - getTableName(tableName=CAPTION) - start
193206 [main] DEBUG org.dbunit.dataset.OrderedTableNameMap  - getTableName(tableName=CAPTION) - end - result=CAPTION
193206 [main] DEBUG org.dbunit.dataset.OrderedTableNameMap  - getTableName(tableName=CAPTION) - start
193206 [main] DEBUG org.dbunit.dataset.OrderedTableNameMap  - getTableName(tableName=CAPTION) - end - result=CAPTION
193206 [main] DEBUG org.dbunit.dataset.OrderedTableNameMap  - add(tableName=SCOPEDCONTENTCONDITION, object=null) - start
193206 [main] DEBUG org.dbunit.dataset.OrderedTableNameMap  - getTableName(tableName=SCOPEDCONTENTCONDITION) - start
193206 [main] DEBUG org.dbunit.dataset.OrderedTableNameMap  - getTableName(tableName=SCOPEDCONTENTCONDITION) - end - result=SCOPEDCONTENTCONDITION
193206 [main] DEBUG org.dbunit.dataset.OrderedTableNameMap  - getTableName(tableName=SCOPEDCONTENTCONDITION) - start
193206 [main] DEBUG org.dbunit.dataset.OrderedTableNameMap  - getTableName(tableName=SCOPEDCONTENTCONDITION) - end - result=SCOPEDCONTENTCONDITION
193206 [main] DEBUG org.dbunit.dataset.OrderedTableNameMap  - add(tableName=NESTEDSCOPEDCONTENTCONDITIONS, object=null) - start
193206 [main] DEBUG org.dbunit.dataset.OrderedTableNameMap  - getTableName(tableName=NESTEDSCOPEDCONTENTCONDITIONS) - start
193206 [main] DEBUG org.dbunit.dataset.OrderedTableNameMap  - getTableName(tableName=NESTEDSCOPEDCONTENTCONDITIONS) - end - result=NESTEDSCOPEDCONTENTCONDITIONS
193206 [main] DEBUG org.dbunit.dataset.OrderedTableNameMap  - getTableName(tableName=NESTEDSCOPEDCONTENTCONDITIONS) - start
193206 [main] DEBUG org.dbunit.dataset.OrderedTableNameMap  - getTableName(tableName=NESTEDSCOPEDCONTENTCONDITIONS) - end - result=NESTEDSCOPEDCONTENTCONDITIONS
193206 [main] DEBUG org.dbunit.dataset.OrderedTableNameMap  - add(tableName=REQUESTCONTEXT, object=null) - start
193206 [main] DEBUG org.dbunit.dataset.OrderedTableNameMap  - getTableName(tableName=REQUESTCONTEXT) - start
193206 [main] DEBUG org.dbunit.dataset.OrderedTableNameMap  - getTableName(tableName=REQUESTCONTEXT) - end - result=REQUESTCONTEXT
193206 [main] DEBUG org.dbunit.dataset.OrderedTableNameMap  - getTableName(tableName=REQUESTCONTEXT) - start
193206 [main] DEBUG org.dbunit.dataset.OrderedTableNameMap  - getTableName(tableName=REQUESTCONTEXT) - end - result=REQUESTCONTEXT
193206 [main] DEBUG org.dbunit.dataset.OrderedTableNameMap  - add(tableName=SCOPE, object=null) - start
193207 [main] DEBUG org.dbunit.dataset.OrderedTableNameMap  - getTableName(tableName=SCOPE) - start
193207 [main] DEBUG org.dbunit.dataset.OrderedTableNameMap  - getTableName(tableName=SCOPE) - end - result=SCOPE
193207 [main] DEBUG org.dbunit.dataset.OrderedTableNameMap  - getTableName(tableName=SCOPE) - start
193207 [main] DEBUG org.dbunit.dataset.OrderedTableNameMap  - getTableName(tableName=SCOPE) - end - result=SCOPE
193207 [main] DEBUG org.dbunit.dataset.OrderedTableNameMap  - add(tableName=SCOPEDCONTENT, object=null) - start
193207 [main] DEBUG org.dbunit.dataset.OrderedTableNameMap  - getTableName(tableName=SCOPEDCONTENT) - start
193207 [main] DEBUG org.dbunit.dataset.OrderedTableNameMap  - getTableName(tableName=SCOPEDCONTENT) - end - result=SCOPEDCONTENT
193207 [main] DEBUG org.dbunit.dataset.OrderedTableNameMap  - getTableName(tableName=SCOPEDCONTENT) - start
193207 [main] DEBUG org.dbunit.dataset.OrderedTableNameMap  - getTableName(tableName=SCOPEDCONTENT) - end - result=SCOPEDCONTENT
193207 [main] DEBUG org.dbunit.dataset.OrderedTableNameMap  - add(tableName=SCOPEDCONTENTCONDITIONATTRIBUTE, object=null) - start
193207 [main] DEBUG org.dbunit.dataset.OrderedTableNameMap  - getTableName(tableName=SCOPEDCONTENTCONDITIONATTRIBUTE) - start
193207 [main] DEBUG org.dbunit.dataset.OrderedTableNameMap  - getTableName(tableName=SCOPEDCONTENTCONDITIONATTRIBUTE) - end - result=SCOPEDCONTENTCONDITIONATTRIBUTE
193207 [main] DEBUG org.dbunit.dataset.OrderedTableNameMap  - getTableName(tableName=SCOPEDCONTENTCONDITIONATTRIBUTE) - start
193207 [main] DEBUG org.dbunit.dataset.OrderedTableNameMap  - getTableName(tableName=SCOPEDCONTENTCONDITIONATTRIBUTE) - end - result=SCOPEDCONTENTCONDITIONATTRIBUTE
193207 [main] DEBUG org.dbunit.dataset.OrderedTableNameMap  - add(tableName=SCOPEDCONTENTCONDITIONS_SCOPEDCONTENT, object=null) - start
193207 [main] DEBUG org.dbunit.dataset.OrderedTableNameMap  - getTableName(tableName=SCOPEDCONTENTCONDITIONS_SCOPEDCONTENT) - start
193207 [main] DEBUG org.dbunit.dataset.OrderedTableNameMap  - getTableName(tableName=SCOPEDCONTENTCONDITIONS_SCOPEDCONTENT) - end - result=SCOPEDCONTENTCONDITIONS_SCOPEDCONTENT
193207 [main] DEBUG org.dbunit.dataset.OrderedTableNameMap  - getTableName(tableName=SCOPEDCONTENTCONDITIONS_SCOPEDCONTENT) - start
193207 [main] DEBUG org.dbunit.dataset.OrderedTableNameMap  - getTableName(tableName=SCOPEDCONTENTCONDITIONS_SCOPEDCONTENT) - end - result=SCOPEDCONTENTCONDITIONS_SCOPEDCONTENT
193207 [main] DEBUG org.dbunit.dataset.OrderedTableNameMap  - add(tableName=SCOPEDCONTENTITEM, object=null) - start
193207 [main] DEBUG org.dbunit.dataset.OrderedTableNameMap  - getTableName(tableName=SCOPEDCONTENTITEM) - start
193207 [main] DEBUG org.dbunit.dataset.OrderedTableNameMap  - getTableName(tableName=SCOPEDCONTENTITEM) - end - result=SCOPEDCONTENTITEM
193207 [main] DEBUG org.dbunit.dataset.OrderedTableNameMap  - getTableName(tableName=SCOPEDCONTENTITEM) - start
193207 [main] DEBUG org.dbunit.dataset.OrderedTableNameMap  - getTableName(tableName=SCOPEDCONTENTITEM) - end - result=SCOPEDCONTENTITEM
193207 [main] DEBUG org.dbunit.dataset.OrderedTableNameMap  - add(tableName=SCOPEDCONTENTCONDITIONS_SCOPEDCONTENTITEM, object=null) - start
193207 [main] DEBUG org.dbunit.dataset.OrderedTableNameMap  - getTableName(tableName=SCOPEDCONTENTCONDITIONS_SCOPEDCONTENTITEM) - start
193207 [main] DEBUG org.dbunit.dataset.OrderedTableNameMap  - getTableName(tableName=SCOPEDCONTENTCONDITIONS_SCOPEDCONTENTITEM) - end - result=SCOPEDCONTENTCONDITIONS_SCOPEDCONTENTITEM
193207 [main] DEBUG org.dbunit.dataset.OrderedTableNameMap  - getTableName(tableName=SCOPEDCONTENTCONDITIONS_SCOPEDCONTENTITEM) - start
193207 [main] DEBUG org.dbunit.dataset.OrderedTableNameMap  - getTableName(tableName=SCOPEDCONTENTCONDITIONS_SCOPEDCONTENTITEM) - end - result=SCOPEDCONTENTCONDITIONS_SCOPEDCONTENTITEM
193208 [main] DEBUG org.dbunit.dataset.OrderedTableNameMap  - add(tableName=SCOPEDCONTENT_SCOPEDCONTENTITEM, object=null) - start
193208 [main] DEBUG org.dbunit.dataset.OrderedTableNameMap  - getTableName(tableName=SCOPEDCONTENT_SCOPEDCONTENTITEM) - start
193208 [main] DEBUG org.dbunit.dataset.OrderedTableNameMap  - getTableName(tableName=SCOPEDCONTENT_SCOPEDCONTENTITEM) - end - result=SCOPEDCONTENT_SCOPEDCONTENTITEM
193208 [main] DEBUG org.dbunit.dataset.OrderedTableNameMap  - getTableName(tableName=SCOPEDCONTENT_SCOPEDCONTENTITEM) - start
193208 [main] DEBUG org.dbunit.dataset.OrderedTableNameMap  - getTableName(tableName=SCOPEDCONTENT_SCOPEDCONTENTITEM) - end - result=SCOPEDCONTENT_SCOPEDCONTENTITEM
193208 [main] DEBUG org.dbunit.dataset.OrderedTableNameMap  - add(tableName=SCOPE_REQUESTCONTEXT, object=null) - start
193208 [main] DEBUG org.dbunit.dataset.OrderedTableNameMap  - getTableName(tableName=SCOPE_REQUESTCONTEXT) - start
193208 [main] DEBUG org.dbunit.dataset.OrderedTableNameMap  - getTableName(tableName=SCOPE_REQUESTCONTEXT) - end - result=SCOPE_REQUESTCONTEXT
193208 [main] DEBUG org.dbunit.dataset.OrderedTableNameMap  - getTableName(tableName=SCOPE_REQUESTCONTEXT) - start
193208 [main] DEBUG org.dbunit.dataset.OrderedTableNameMap  - getTableName(tableName=SCOPE_REQUESTCONTEXT) - end - result=SCOPE_REQUESTCONTEXT
193208 [main] DEBUG org.dbunit.dataset.OrderedTableNameMap  - add(tableName=USER, object=null) - start
193208 [main] DEBUG org.dbunit.dataset.OrderedTableNameMap  - getTableName(tableName=USER) - start
193208 [main] DEBUG org.dbunit.dataset.OrderedTableNameMap  - getTableName(tableName=USER) - end - result=USER
193208 [main] DEBUG org.dbunit.dataset.OrderedTableNameMap  - getTableName(tableName=USER) - start
193208 [main] DEBUG org.dbunit.dataset.OrderedTableNameMap  - getTableName(tableName=USER) - end - result=USER
193208 [main] DEBUG org.dbunit.dataset.OrderedTableNameMap  - add(tableName=USERS_AUTHORITIES, object=null) - start
193208 [main] DEBUG org.dbunit.dataset.OrderedTableNameMap  - getTableName(tableName=USERS_AUTHORITIES) - start
193208 [main] DEBUG org.dbunit.dataset.OrderedTableNameMap  - getTableName(tableName=USERS_AUTHORITIES) - end - result=USERS_AUTHORITIES
193208 [main] DEBUG org.dbunit.dataset.OrderedTableNameMap  - getTableName(tableName=USERS_AUTHORITIES) - start
193208 [main] DEBUG org.dbunit.dataset.OrderedTableNameMap  - getTableName(tableName=USERS_AUTHORITIES) - end - result=USERS_AUTHORITIES
193209 [main] DEBUG org.dbunit.dataset.Columns  - getColumns(columnNames=[], columns=[(tagName, UNKNOWN, nullableUnknown), (cssClass, UNKNOWN, nullableUnknown), (content, UNKNOWN, nullableUnknown), (type, UNKNOWN, nullableUnknown), (id, UNKNOWN, nullableUnknown), (timeStamp, UNKNOWN, nullableUnknown)]) - start
193209 [main] DEBUG org.dbunit.dataset.Columns  - getColumns(columnNames=[], columns=[(tagName, UNKNOWN, nullableUnknown), (cssClass, UNKNOWN, nullableUnknown), (content, UNKNOWN, nullableUnknown), (type, UNKNOWN, nullableUnknown), (id, UNKNOWN, nullableUnknown), (timeStamp, UNKNOWN, nullableUnknown)]) - start
193209 [main] DEBUG org.dbunit.dataset.Columns  - getColumns(columnNames=[], columns=[(name, UNKNOWN, nullableUnknown), (description, UNKNOWN, nullableUnknown), (operator, UNKNOWN, nullableUnknown), (id, UNKNOWN, nullableUnknown), (timeStamp, UNKNOWN, nullableUnknown)]) - start
193209 [main] DEBUG org.dbunit.dataset.Columns  - getColumns(columnNames=[], columns=[(name, UNKNOWN, nullableUnknown), (description, UNKNOWN, nullableUnknown), (operator, UNKNOWN, nullableUnknown), (id, UNKNOWN, nullableUnknown), (timeStamp, UNKNOWN, nullableUnknown)]) - start
193210 [main] DEBUG org.dbunit.dataset.Columns  - getColumns(columnNames=[], columns=[(key, UNKNOWN, nullableUnknown), (checkOrder, UNKNOWN, nullableUnknown), (className, UNKNOWN, nullableUnknown), (valuePath, UNKNOWN, nullableUnknown), (operator, UNKNOWN, nullableUnknown), (expectedValue, UNKNOWN, nullableUnknown), (expectedValueType, UNKNOWN, nullableUnknown), (scopedContentCondition, UNKNOWN, nullableUnknown), (id, UNKNOWN, nullableUnknown), (timeStamp, UNKNOWN, nullableUnknown)]) - start
193210 [main] DEBUG org.dbunit.dataset.Columns  - getColumns(columnNames=[], columns=[(key, UNKNOWN, nullableUnknown), (checkOrder, UNKNOWN, nullableUnknown), (className, UNKNOWN, nullableUnknown), (valuePath, UNKNOWN, nullableUnknown), (operator, UNKNOWN, nullableUnknown), (expectedValue, UNKNOWN, nullableUnknown), (expectedValueType, UNKNOWN, nullableUnknown), (scopedContentCondition, UNKNOWN, nullableUnknown), (id, UNKNOWN, nullableUnknown), (timeStamp, UNKNOWN, nullableUnknown)]) - start
193211 [main] DEBUG org.dbunit.dataset.Columns  - getColumns(columnNames=[], columns=[]) - start
193211 [main] DEBUG org.dbunit.dataset.Columns  - getColumns(columnNames=[], columns=[]) - start
193211 [main] DEBUG org.dbunit.dataset.Columns  - getColumns(columnNames=[], columns=[]) - start
193211 [main] DEBUG org.dbunit.dataset.Columns  - getColumns(columnNames=[], columns=[]) - start
193211 [main] DEBUG org.dbunit.dataset.Columns  - getColumns(columnNames=[], columns=[]) - start
193211 [main] DEBUG org.dbunit.dataset.Columns  - getColumns(columnNames=[], columns=[]) - start
193212 [main] DEBUG org.dbunit.dataset.Columns  - getColumns(columnNames=[], columns=[]) - start
193212 [main] DEBUG org.dbunit.dataset.Columns  - getColumns(columnNames=[], columns=[]) - start
193212 [main] DEBUG org.dbunit.dataset.Columns  - getColumns(columnNames=[], columns=[]) - start
193212 [main] DEBUG org.dbunit.dataset.Columns  - getColumns(columnNames=[], columns=[]) - start
193212 [main] DEBUG org.dbunit.dataset.Columns  - getColumns(columnNames=[], columns=[]) - start
193212 [main] DEBUG org.dbunit.dataset.Columns  - getColumns(columnNames=[], columns=[]) - start
193212 [main] DEBUG org.dbunit.dataset.CachedDataSet  - startTable(metaData=tableName=ScopedContentItem, columns=[(tagName, UNKNOWN, nullableUnknown), (cssClass, UNKNOWN, nullableUnknown), (content, UNKNOWN, nullableUnknown), (type, UNKNOWN, nullableUnknown), (id, UNKNOWN, nullableUnknown), (timeStamp, UNKNOWN, nullableUnknown)], keys=[]) - start
193212 [main] DEBUG org.dbunit.dataset.CachedDataSet  - row(values=0) - start
193212 [main] DEBUG org.dbunit.dataset.DefaultTable  - addRow(values=0) - start
193212 [main] DEBUG org.dbunit.dataset.CachedDataSet  - endTable() - start
193212 [main] DEBUG org.dbunit.dataset.OrderedTableNameMap  - getTableName(tableName=ScopedContentItem) - start
193212 [main] DEBUG org.dbunit.dataset.OrderedTableNameMap  - getTableName(tableName=ScopedContentItem) - end - result=SCOPEDCONTENTITEM
193213 [main] DEBUG org.dbunit.dataset.OrderedTableNameMap  - add(tableName=ScopedContentItem, object=org.dbunit.dataset.DefaultTable[_metaData=tableName=ScopedContentItem, columns=[(tagName, UNKNOWN, nullableUnknown), (cssClass, UNKNOWN, nullableUnknown), (content, UNKNOWN, nullableUnknown), (type, UNKNOWN, nullableUnknown), (id, UNKNOWN, nullableUnknown), (timeStamp, UNKNOWN, nullableUnknown)], keys=[], _rowList.size()=1]) - start
193213 [main] DEBUG org.dbunit.dataset.OrderedTableNameMap  - getTableName(tableName=ScopedContentItem) - start
193213 [main] DEBUG org.dbunit.dataset.OrderedTableNameMap  - getTableName(tableName=ScopedContentItem) - end - result=SCOPEDCONTENTITEM
193213 [main] DEBUG org.dbunit.dataset.OrderedTableNameMap  - getTableName(tableName=SCOPEDCONTENTITEM) - start
193213 [main] DEBUG org.dbunit.dataset.OrderedTableNameMap  - getTableName(tableName=SCOPEDCONTENTITEM) - end - result=SCOPEDCONTENTITEM
193213 [main] DEBUG org.dbunit.dataset.CachedDataSet  - startTable(metaData=tableName=ScopedContentCondition, columns=[(name, UNKNOWN, nullableUnknown), (description, UNKNOWN, nullableUnknown), (operator, UNKNOWN, nullableUnknown), (id, UNKNOWN, nullableUnknown), (timeStamp, UNKNOWN, nullableUnknown)], keys=[]) - start
193213 [main] DEBUG org.dbunit.dataset.CachedDataSet  - row(values=3) - start
193213 [main] DEBUG org.dbunit.dataset.DefaultTable  - addRow(values=3) - start
193213 [main] DEBUG org.dbunit.dataset.CachedDataSet  - endTable() - start
193213 [main] DEBUG org.dbunit.dataset.OrderedTableNameMap  - getTableName(tableName=ScopedContentCondition) - start
193213 [main] DEBUG org.dbunit.dataset.OrderedTableNameMap  - getTableName(tableName=ScopedContentCondition) - end - result=SCOPEDCONTENTCONDITION
193213 [main] DEBUG org.dbunit.dataset.OrderedTableNameMap  - add(tableName=ScopedContentCondition, object=org.dbunit.dataset.DefaultTable[_metaData=tableName=ScopedContentCondition, columns=[(name, UNKNOWN, nullableUnknown), (description, UNKNOWN, nullableUnknown), (operator, UNKNOWN, nullableUnknown), (id, UNKNOWN, nullableUnknown), (timeStamp, UNKNOWN, nullableUnknown)], keys=[], _rowList.size()=1]) - start
193213 [main] DEBUG org.dbunit.dataset.OrderedTableNameMap  - getTableName(tableName=ScopedContentCondition) - start
193213 [main] DEBUG org.dbunit.dataset.OrderedTableNameMap  - getTableName(tableName=ScopedContentCondition) - end - result=SCOPEDCONTENTCONDITION
193213 [main] DEBUG org.dbunit.dataset.OrderedTableNameMap  - getTableName(tableName=SCOPEDCONTENTCONDITION) - start
193213 [main] DEBUG org.dbunit.dataset.OrderedTableNameMap  - getTableName(tableName=SCOPEDCONTENTCONDITION) - end - result=SCOPEDCONTENTCONDITION
193213 [main] DEBUG org.dbunit.dataset.CachedDataSet  - startTable(metaData=tableName=ScopedContentConditionAttribute, columns=[(key, UNKNOWN, nullableUnknown), (checkOrder, UNKNOWN, nullableUnknown), (className, UNKNOWN, nullableUnknown), (valuePath, UNKNOWN, nullableUnknown), (operator, UNKNOWN, nullableUnknown), (expectedValue, UNKNOWN, nullableUnknown), (expectedValueType, UNKNOWN, nullableUnknown), (scopedContentCondition, UNKNOWN, nullableUnknown), (id, UNKNOWN, nullableUnknown), (timeStamp, UNKNOWN, nullableUnknown)], keys=[]) - start
193213 [main] DEBUG org.dbunit.dataset.CachedDataSet  - row(values=5) - start
193213 [main] DEBUG org.dbunit.dataset.DefaultTable  - addRow(values=5) - start
193214 [main] DEBUG org.dbunit.dataset.CachedDataSet  - endTable() - start
193214 [main] DEBUG org.dbunit.dataset.OrderedTableNameMap  - getTableName(tableName=ScopedContentConditionAttribute) - start
193214 [main] DEBUG org.dbunit.dataset.OrderedTableNameMap  - getTableName(tableName=ScopedContentConditionAttribute) - end - result=SCOPEDCONTENTCONDITIONATTRIBUTE
193214 [main] DEBUG org.dbunit.dataset.OrderedTableNameMap  - add(tableName=ScopedContentConditionAttribute, object=org.dbunit.dataset.DefaultTable[_metaData=tableName=ScopedContentConditionAttribute, columns=[(key, UNKNOWN, nullableUnknown), (checkOrder, UNKNOWN, nullableUnknown), (className, UNKNOWN, nullableUnknown), (valuePath, UNKNOWN, nullableUnknown), (operator, UNKNOWN, nullableUnknown), (expectedValue, UNKNOWN, nullableUnknown), (expectedValueType, UNKNOWN, nullableUnknown), (scopedContentCondition, UNKNOWN, nullableUnknown), (id, UNKNOWN, nullableUnknown), (timeStamp, UNKNOWN, nullableUnknown)], keys=[], _rowList.size()=1]) - start
193214 [main] DEBUG org.dbunit.dataset.OrderedTableNameMap  - getTableName(tableName=ScopedContentConditionAttribute) - start
193214 [main] DEBUG org.dbunit.dataset.OrderedTableNameMap  - getTableName(tableName=ScopedContentConditionAttribute) - end - result=SCOPEDCONTENTCONDITIONATTRIBUTE
193214 [main] DEBUG org.dbunit.dataset.OrderedTableNameMap  - getTableName(tableName=SCOPEDCONTENTCONDITIONATTRIBUTE) - start
193214 [main] DEBUG org.dbunit.dataset.OrderedTableNameMap  - getTableName(tableName=SCOPEDCONTENTCONDITIONATTRIBUTE) - end - result=SCOPEDCONTENTCONDITIONATTRIBUTE
193214 [main] DEBUG org.dbunit.dataset.CachedDataSet  - startTable(metaData=tableName=Authority, columns=[], keys=[]) - start
193214 [main] DEBUG org.dbunit.dataset.CachedDataSet  - endTable() - start
193214 [main] DEBUG org.dbunit.dataset.OrderedTableNameMap  - getTableName(tableName=Authority) - start
193214 [main] DEBUG org.dbunit.dataset.OrderedTableNameMap  - getTableName(tableName=Authority) - end - result=AUTHORITY
193214 [main] DEBUG org.dbunit.dataset.OrderedTableNameMap  - add(tableName=Authority, object=org.dbunit.dataset.DefaultTable[_metaData=tableName=Authority, columns=[], keys=[], _rowList.size()=0]) - start
193214 [main] DEBUG org.dbunit.dataset.OrderedTableNameMap  - getTableName(tableName=Authority) - start
193214 [main] DEBUG org.dbunit.dataset.OrderedTableNameMap  - getTableName(tableName=Authority) - end - result=AUTHORITY
193214 [main] DEBUG org.dbunit.dataset.OrderedTableNameMap  - getTableName(tableName=AUTHORITY) - start
193214 [main] DEBUG org.dbunit.dataset.OrderedTableNameMap  - getTableName(tableName=AUTHORITY) - end - result=AUTHORITY
193214 [main] DEBUG org.dbunit.dataset.CachedDataSet  - startTable(metaData=tableName=User, columns=[], keys=[]) - start
193214 [main] DEBUG org.dbunit.dataset.CachedDataSet  - endTable() - start
193214 [main] DEBUG org.dbunit.dataset.OrderedTableNameMap  - getTableName(tableName=User) - start
193214 [main] DEBUG org.dbunit.dataset.OrderedTableNameMap  - getTableName(tableName=User) - end - result=USER
193214 [main] DEBUG org.dbunit.dataset.OrderedTableNameMap  - add(tableName=User, object=org.dbunit.dataset.DefaultTable[_metaData=tableName=User, columns=[], keys=[], _rowList.size()=0]) - start
193214 [main] DEBUG org.dbunit.dataset.OrderedTableNameMap  - getTableName(tableName=User) - start
193214 [main] DEBUG org.dbunit.dataset.OrderedTableNameMap  - getTableName(tableName=User) - end - result=USER
193214 [main] DEBUG org.dbunit.dataset.OrderedTableNameMap  - getTableName(tableName=USER) - start
193215 [main] DEBUG org.dbunit.dataset.OrderedTableNameMap  - getTableName(tableName=USER) - end - result=USER
193215 [main] DEBUG org.dbunit.dataset.CachedDataSet  - startTable(metaData=tableName=Users_Authorities, columns=[], keys=[]) - start
193215 [main] DEBUG org.dbunit.dataset.CachedDataSet  - endTable() - start
193215 [main] DEBUG org.dbunit.dataset.OrderedTableNameMap  - getTableName(tableName=Users_Authorities) - start
193215 [main] DEBUG org.dbunit.dataset.OrderedTableNameMap  - getTableName(tableName=Users_Authorities) - end - result=USERS_AUTHORITIES
193215 [main] DEBUG org.dbunit.dataset.OrderedTableNameMap  - add(tableName=Users_Authorities, object=org.dbunit.dataset.DefaultTable[_metaData=tableName=Users_Authorities, columns=[], keys=[], _rowList.size()=0]) - start
193215 [main] DEBUG org.dbunit.dataset.OrderedTableNameMap  - getTableName(tableName=Users_Authorities) - start
193215 [main] DEBUG org.dbunit.dataset.OrderedTableNameMap  - getTableName(tableName=Users_Authorities) - end - result=USERS_AUTHORITIES
193215 [main] DEBUG org.dbunit.dataset.OrderedTableNameMap  - getTableName(tableName=USERS_AUTHORITIES) - start
193215 [main] DEBUG org.dbunit.dataset.OrderedTableNameMap  - getTableName(tableName=USERS_AUTHORITIES) - end - result=USERS_AUTHORITIES
193216 [main] DEBUG org.dbunit.dataset.CachedDataSet  - startTable(metaData=tableName=ScopedContent, columns=[], keys=[]) - start
193216 [main] DEBUG org.dbunit.dataset.CachedDataSet  - endTable() - start
193216 [main] DEBUG org.dbunit.dataset.OrderedTableNameMap  - getTableName(tableName=ScopedContent) - start
193216 [main] DEBUG org.dbunit.dataset.OrderedTableNameMap  - getTableName(tableName=ScopedContent) - end - result=SCOPEDCONTENT
193216 [main] DEBUG org.dbunit.dataset.OrderedTableNameMap  - add(tableName=ScopedContent, object=org.dbunit.dataset.DefaultTable[_metaData=tableName=ScopedContent, columns=[], keys=[], _rowList.size()=0]) - start
193216 [main] DEBUG org.dbunit.dataset.OrderedTableNameMap  - getTableName(tableName=ScopedContent) - start
193216 [main] DEBUG org.dbunit.dataset.OrderedTableNameMap  - getTableName(tableName=ScopedContent) - end - result=SCOPEDCONTENT
193216 [main] DEBUG org.dbunit.dataset.OrderedTableNameMap  - getTableName(tableName=SCOPEDCONTENT) - start
193216 [main] DEBUG org.dbunit.dataset.OrderedTableNameMap  - getTableName(tableName=SCOPEDCONTENT) - end - result=SCOPEDCONTENT
193216 [main] DEBUG org.dbunit.dataset.CachedDataSet  - startTable(metaData=tableName=ScopedContent_ScopedContentItem, columns=[], keys=[]) - start
193216 [main] DEBUG org.dbunit.dataset.CachedDataSet  - endTable() - start
193217 [main] DEBUG org.dbunit.dataset.OrderedTableNameMap  - getTableName(tableName=ScopedContent_ScopedContentItem) - start
193217 [main] DEBUG org.dbunit.dataset.OrderedTableNameMap  - getTableName(tableName=ScopedContent_ScopedContentItem) - end - result=SCOPEDCONTENT_SCOPEDCONTENTITEM
193217 [main] DEBUG org.dbunit.dataset.OrderedTableNameMap  - add(tableName=ScopedContent_ScopedContentItem, object=org.dbunit.dataset.DefaultTable[_metaData=tableName=ScopedContent_ScopedContentItem, columns=[], keys=[], _rowList.size()=0]) - start
193217 [main] DEBUG org.dbunit.dataset.OrderedTableNameMap  - getTableName(tableName=ScopedContent_ScopedContentItem) - start
193217 [main] DEBUG org.dbunit.dataset.OrderedTableNameMap  - getTableName(tableName=ScopedContent_ScopedContentItem) - end - result=SCOPEDCONTENT_SCOPEDCONTENTITEM
193217 [main] DEBUG org.dbunit.dataset.OrderedTableNameMap  - getTableName(tableName=SCOPEDCONTENT_SCOPEDCONTENTITEM) - start
193217 [main] DEBUG org.dbunit.dataset.OrderedTableNameMap  - getTableName(tableName=SCOPEDCONTENT_SCOPEDCONTENTITEM) - end - result=SCOPEDCONTENT_SCOPEDCONTENTITEM
193217 [main] DEBUG org.dbunit.dataset.CachedDataSet  - startTable(metaData=tableName=Scope, columns=[], keys=[]) - start
193217 [main] DEBUG org.dbunit.dataset.CachedDataSet  - endTable() - start
193217 [main] DEBUG org.dbunit.dataset.OrderedTableNameMap  - getTableName(tableName=Scope) - start
193217 [main] DEBUG org.dbunit.dataset.OrderedTableNameMap  - getTableName(tableName=Scope) - end - result=SCOPE
193217 [main] DEBUG org.dbunit.dataset.OrderedTableNameMap  - add(tableName=Scope, object=org.dbunit.dataset.DefaultTable[_metaData=tableName=Scope, columns=[], keys=[], _rowList.size()=0]) - start
193217 [main] DEBUG org.dbunit.dataset.OrderedTableNameMap  - getTableName(tableName=Scope) - start
193218 [main] DEBUG org.dbunit.dataset.OrderedTableNameMap  - getTableName(tableName=Scope) - end - result=SCOPE
193218 [main] DEBUG org.dbunit.dataset.OrderedTableNameMap  - getTableName(tableName=SCOPE) - start
193218 [main] DEBUG org.dbunit.dataset.OrderedTableNameMap  - getTableName(tableName=SCOPE) - end - result=SCOPE
193218 [main] DEBUG org.dbunit.dataset.CachedDataSet  - startTable(metaData=tableName=Scope_RequestContext, columns=[], keys=[]) - start
193218 [main] DEBUG org.dbunit.dataset.CachedDataSet  - endTable() - start
193218 [main] DEBUG org.dbunit.dataset.OrderedTableNameMap  - getTableName(tableName=Scope_RequestContext) - start
193218 [main] DEBUG org.dbunit.dataset.OrderedTableNameMap  - getTableName(tableName=Scope_RequestContext) - end - result=SCOPE_REQUESTCONTEXT
193218 [main] DEBUG org.dbunit.dataset.OrderedTableNameMap  - add(tableName=Scope_RequestContext, object=org.dbunit.dataset.DefaultTable[_metaData=tableName=Scope_RequestContext, columns=[], keys=[], _rowList.size()=0]) - start
193218 [main] DEBUG org.dbunit.dataset.OrderedTableNameMap  - getTableName(tableName=Scope_RequestContext) - start
193218 [main] DEBUG org.dbunit.dataset.OrderedTableNameMap  - getTableName(tableName=Scope_RequestContext) - end - result=SCOPE_REQUESTCONTEXT
193218 [main] DEBUG org.dbunit.dataset.OrderedTableNameMap  - getTableName(tableName=SCOPE_REQUESTCONTEXT) - start
193218 [main] DEBUG org.dbunit.dataset.OrderedTableNameMap  - getTableName(tableName=SCOPE_REQUESTCONTEXT) - end - result=SCOPE_REQUESTCONTEXT
193219 [main] DEBUG org.dbunit.dataset.CachedDataSet  - startTable(metaData=tableName=RequestContext, columns=[], keys=[]) - start
193219 [main] DEBUG org.dbunit.dataset.CachedDataSet  - endTable() - start
193219 [main] DEBUG org.dbunit.dataset.OrderedTableNameMap  - getTableName(tableName=RequestContext) - start
193219 [main] DEBUG org.dbunit.dataset.OrderedTableNameMap  - getTableName(tableName=RequestContext) - end - result=REQUESTCONTEXT
193219 [main] DEBUG org.dbunit.dataset.OrderedTableNameMap  - add(tableName=RequestContext, object=org.dbunit.dataset.DefaultTable[_metaData=tableName=RequestContext, columns=[], keys=[], _rowList.size()=0]) - start
193219 [main] DEBUG org.dbunit.dataset.OrderedTableNameMap  - getTableName(tableName=RequestContext) - start
193219 [main] DEBUG org.dbunit.dataset.OrderedTableNameMap  - getTableName(tableName=RequestContext) - end - result=REQUESTCONTEXT
193219 [main] DEBUG org.dbunit.dataset.OrderedTableNameMap  - getTableName(tableName=REQUESTCONTEXT) - start
193219 [main] DEBUG org.dbunit.dataset.OrderedTableNameMap  - getTableName(tableName=REQUESTCONTEXT) - end - result=REQUESTCONTEXT
193219 [main] DEBUG org.dbunit.dataset.CachedDataSet  - startTable(metaData=tableName=Caption, columns=[], keys=[]) - start
193219 [main] DEBUG org.dbunit.dataset.CachedDataSet  - endTable() - start
193219 [main] DEBUG org.dbunit.dataset.OrderedTableNameMap  - getTableName(tableName=Caption) - start
193219 [main] DEBUG org.dbunit.dataset.OrderedTableNameMap  - getTableName(tableName=Caption) - end - result=CAPTION
193220 [main] DEBUG org.dbunit.dataset.OrderedTableNameMap  - add(tableName=Caption, object=org.dbunit.dataset.DefaultTable[_metaData=tableName=Caption, columns=[], keys=[], _rowList.size()=0]) - start
193220 [main] DEBUG org.dbunit.dataset.OrderedTableNameMap  - getTableName(tableName=Caption) - start
193220 [main] DEBUG org.dbunit.dataset.OrderedTableNameMap  - getTableName(tableName=Caption) - end - result=CAPTION
193220 [main] DEBUG org.dbunit.dataset.OrderedTableNameMap  - getTableName(tableName=CAPTION) - start
193220 [main] DEBUG org.dbunit.dataset.OrderedTableNameMap  - getTableName(tableName=CAPTION) - end - result=CAPTION
193220 [main] DEBUG org.dbunit.dataset.CachedDataSet  - startTable(metaData=tableName=ScopedContentConditions_ScopedContent, columns=[], keys=[]) - start
193220 [main] DEBUG org.dbunit.dataset.CachedDataSet  - endTable() - start
193220 [main] DEBUG org.dbunit.dataset.OrderedTableNameMap  - getTableName(tableName=ScopedContentConditions_ScopedContent) - start
193220 [main] DEBUG org.dbunit.dataset.OrderedTableNameMap  - getTableName(tableName=ScopedContentConditions_ScopedContent) - end - result=SCOPEDCONTENTCONDITIONS_SCOPEDCONTENT
193220 [main] DEBUG org.dbunit.dataset.OrderedTableNameMap  - add(tableName=ScopedContentConditions_ScopedContent, object=org.dbunit.dataset.DefaultTable[_metaData=tableName=ScopedContentConditions_ScopedContent, columns=[], keys=[], _rowList.size()=0]) - start
193220 [main] DEBUG org.dbunit.dataset.OrderedTableNameMap  - getTableName(tableName=ScopedContentConditions_ScopedContent) - start
193220 [main] DEBUG org.dbunit.dataset.OrderedTableNameMap  - getTableName(tableName=ScopedContentConditions_ScopedContent) - end - result=SCOPEDCONTENTCONDITIONS_SCOPEDCONTENT
193221 [main] DEBUG org.dbunit.dataset.OrderedTableNameMap  - getTableName(tableName=SCOPEDCONTENTCONDITIONS_SCOPEDCONTENT) - start
193221 [main] DEBUG org.dbunit.dataset.OrderedTableNameMap  - getTableName(tableName=SCOPEDCONTENTCONDITIONS_SCOPEDCONTENT) - end - result=SCOPEDCONTENTCONDITIONS_SCOPEDCONTENT
193221 [main] DEBUG org.dbunit.dataset.CachedDataSet  - startTable(metaData=tableName=ScopedContentConditions_ScopedContentItem, columns=[], keys=[]) - start
193221 [main] DEBUG org.dbunit.dataset.CachedDataSet  - endTable() - start
193221 [main] DEBUG org.dbunit.dataset.OrderedTableNameMap  - getTableName(tableName=ScopedContentConditions_ScopedContentItem) - start
193221 [main] DEBUG org.dbunit.dataset.OrderedTableNameMap  - getTableName(tableName=ScopedContentConditions_ScopedContentItem) - end - result=SCOPEDCONTENTCONDITIONS_SCOPEDCONTENTITEM
193222 [main] DEBUG org.dbunit.dataset.OrderedTableNameMap  - add(tableName=ScopedContentConditions_ScopedContentItem, object=org.dbunit.dataset.DefaultTable[_metaData=tableName=ScopedContentConditions_ScopedContentItem, columns=[], keys=[], _rowList.size()=0]) - start
193222 [main] DEBUG org.dbunit.dataset.OrderedTableNameMap  - getTableName(tableName=ScopedContentConditions_ScopedContentItem) - start
193222 [main] DEBUG org.dbunit.dataset.OrderedTableNameMap  - getTableName(tableName=ScopedContentConditions_ScopedContentItem) - end - result=SCOPEDCONTENTCONDITIONS_SCOPEDCONTENTITEM
193222 [main] DEBUG org.dbunit.dataset.OrderedTableNameMap  - getTableName(tableName=SCOPEDCONTENTCONDITIONS_SCOPEDCONTENTITEM) - start
193222 [main] DEBUG org.dbunit.dataset.OrderedTableNameMap  - getTableName(tableName=SCOPEDCONTENTCONDITIONS_SCOPEDCONTENTITEM) - end - result=SCOPEDCONTENTCONDITIONS_SCOPEDCONTENTITEM
193222 [main] DEBUG org.dbunit.dataset.CachedDataSet  - startTable(metaData=tableName=NestedScopedContentConditions, columns=[], keys=[]) - start
193222 [main] DEBUG org.dbunit.dataset.CachedDataSet  - endTable() - start
193222 [main] DEBUG org.dbunit.dataset.OrderedTableNameMap  - getTableName(tableName=NestedScopedContentConditions) - start
193223 [main] DEBUG org.dbunit.dataset.OrderedTableNameMap  - getTableName(tableName=NestedScopedContentConditions) - end - result=NESTEDSCOPEDCONTENTCONDITIONS
193223 [main] DEBUG org.dbunit.dataset.OrderedTableNameMap  - add(tableName=NestedScopedContentConditions, object=org.dbunit.dataset.DefaultTable[_metaData=tableName=NestedScopedContentConditions, columns=[], keys=[], _rowList.size()=0]) - start
193223 [main] DEBUG org.dbunit.dataset.OrderedTableNameMap  - getTableName(tableName=NestedScopedContentConditions) - start
193223 [main] DEBUG org.dbunit.dataset.OrderedTableNameMap  - getTableName(tableName=NestedScopedContentConditions) - end - result=NESTEDSCOPEDCONTENTCONDITIONS
193223 [main] DEBUG org.dbunit.dataset.OrderedTableNameMap  - getTableName(tableName=NESTEDSCOPEDCONTENTCONDITIONS) - start
193223 [main] DEBUG org.dbunit.dataset.OrderedTableNameMap  - getTableName(tableName=NESTEDSCOPEDCONTENTCONDITIONS) - end - result=NESTEDSCOPEDCONTENTCONDITIONS
193223 [main] DEBUG org.dbunit.dataset.CachedDataSet  - endDataSet() - start
193223 [main] DEBUG org.dbunit.dataset.CachedDataSet  - endDataSet() - the final tableMap is: org.dbunit.dataset.OrderedTableNameMap[_tableNames=[ScopedContentItem, ScopedContentCondition, ScopedContentConditionAttribute, Authority, User, Users_Authorities, ScopedContent, ScopedContent_ScopedContentItem, Scope, Scope_RequestContext, RequestContext, Caption, ScopedContentConditions_ScopedContent, ScopedContentConditions_ScopedContentItem, NestedScopedContentConditions], _tableMap={SCOPE_REQUESTCONTEXT=org.dbunit.dataset.DefaultTable[_metaData=tableName=Scope_RequestContext, columns=[], keys=[], _rowList.size()=0], NESTEDSCOPEDCONTENTCONDITIONS=org.dbunit.dataset.DefaultTable[_metaData=tableName=NestedScopedContentConditions, columns=[], keys=[], _rowList.size()=0], SCOPEDCONTENT_SCOPEDCONTENTITEM=org.dbunit.dataset.DefaultTable[_metaData=tableName=ScopedContent_ScopedContentItem, columns=[], keys=[], _rowList.size()=0], SCOPE=org.dbunit.dataset.DefaultTable[_metaData=tableName=Scope, columns=[], keys=[], _rowList.size()=0], SCOPEDCONTENTCONDITIONATTRIBUTE=org.dbunit.dataset.DefaultTable[_metaData=tableName=ScopedContentConditionAttribute, columns=[(key, UNKNOWN, nullableUnknown), (checkOrder, UNKNOWN, nullableUnknown), (className, UNKNOWN, nullableUnknown), (valuePath, UNKNOWN, nullableUnknown), (operator, UNKNOWN, nullableUnknown), (expectedValue, UNKNOWN, nullableUnknown), (expectedValueType, UNKNOWN, nullableUnknown), (scopedContentCondition, UNKNOWN, nullableUnknown), (id, UNKNOWN, nullableUnknown), (timeStamp, UNKNOWN, nullableUnknown)], keys=[], _rowList.size()=1], SCOPEDCONTENTCONDITIONS_SCOPEDCONTENT=org.dbunit.dataset.DefaultTable[_metaData=tableName=ScopedContentConditions_ScopedContent, columns=[], keys=[], _rowList.size()=0], USER=org.dbunit.dataset.DefaultTable[_metaData=tableName=User, columns=[], keys=[], _rowList.size()=0], SCOPEDCONTENT=org.dbunit.dataset.DefaultTable[_metaData=tableName=ScopedContent, columns=[], keys=[], _rowList.size()=0], REQUESTCONTEXT=org.dbunit.dataset.DefaultTable[_metaData=tableName=RequestContext, columns=[], keys=[], _rowList.size()=0], AUTHORITY=org.dbunit.dataset.DefaultTable[_metaData=tableName=Authority, columns=[], keys=[], _rowList.size()=0], USERS_AUTHORITIES=org.dbunit.dataset.DefaultTable[_metaData=tableName=Users_Authorities, columns=[], keys=[], _rowList.size()=0], SCOPEDCONTENTITEM=org.dbunit.dataset.DefaultTable[_metaData=tableName=ScopedContentItem, columns=[(tagName, UNKNOWN, nullableUnknown), (cssClass, UNKNOWN, nullableUnknown), (content, UNKNOWN, nullableUnknown), (type, UNKNOWN, nullableUnknown), (id, UNKNOWN, nullableUnknown), (timeStamp, UNKNOWN, nullableUnknown)], keys=[], _rowList.size()=1], CAPTION=org.dbunit.dataset.DefaultTable[_metaData=tableName=Caption, columns=[], keys=[], _rowList.size()=0], SCOPEDCONTENTCONDITIONS_SCOPEDCONTENTITEM=org.dbunit.dataset.DefaultTable[_metaData=tableName=ScopedContentConditions_ScopedContentItem, columns=[], keys=[], _rowList.size()=0], SCOPEDCONTENTCONDITION=org.dbunit.dataset.DefaultTable[_metaData=tableName=ScopedContentCondition, columns=[(name, UNKNOWN, nullableUnknown), (description, UNKNOWN, nullableUnknown), (operator, UNKNOWN, nullableUnknown), (id, UNKNOWN, nullableUnknown), (timeStamp, UNKNOWN, nullableUnknown)], keys=[], _rowList.size()=1]}, _caseSensitiveTableNames=false]
193224 [main] DEBUG org.dbunit.operation.CompositeOperation  - execute(connection=_databaseConfig=org.dbunit.database.DatabaseConfig[, _propertyMap={http://www.dbunit.org/properties/statementFactory=org.dbunit.database.statement.PreparedStatementFactory@626bc2b8, http://www.dbunit.org/features/caseSensitiveTableNames=false, http://www.dbunit.org/properties/fetchSize=100, http://www.dbunit.org/features/batchedStatements=false, http://www.dbunit.org/properties/metadataHandler=org.dbunit.database.DefaultMetadataHandler@3eeace42, http://www.dbunit.org/properties/datatypeFactory=org.dbunit.dataset.datatype.DefaultDataTypeFactory[_toleratedDeltaMap=org.dbunit.dataset.datatype.ToleratedDeltaMap@6452310a], http://www.dbunit.org/properties/escapePattern=null, http://www.dbunit.org/properties/batchSize=100, http://www.dbunit.org/features/qualifiedTableNames=false, http://www.dbunit.org/properties/tableType=[Ljava.lang.String;@5011bafa, http://www.dbunit.org/properties/resultSetTableFactory=org.dbunit.database.CachedResultSetTableFactory@10bcf083, http://www.dbunit.org/features/datatypeWarning=true}], _dataSet=AbstractDataSet[_orderedTableNameMap=null], , dataSet=AbstractDataSet[_orderedTableNameMap=null]) - start
193224 [main] DEBUG org.dbunit.operation.DeleteAllOperation  - execute(connection=_databaseConfig=org.dbunit.database.DatabaseConfig[, _propertyMap={http://www.dbunit.org/properties/statementFactory=org.dbunit.database.statement.PreparedStatementFactory@626bc2b8, http://www.dbunit.org/features/caseSensitiveTableNames=false, http://www.dbunit.org/properties/fetchSize=100, http://www.dbunit.org/features/batchedStatements=false, http://www.dbunit.org/properties/metadataHandler=org.dbunit.database.DefaultMetadataHandler@3eeace42, http://www.dbunit.org/properties/datatypeFactory=org.dbunit.dataset.datatype.DefaultDataTypeFactory[_toleratedDeltaMap=org.dbunit.dataset.datatype.ToleratedDeltaMap@6452310a], http://www.dbunit.org/properties/escapePattern=null, http://www.dbunit.org/properties/batchSize=100, http://www.dbunit.org/features/qualifiedTableNames=false, http://www.dbunit.org/properties/tableType=[Ljava.lang.String;@5011bafa, http://www.dbunit.org/properties/resultSetTableFactory=org.dbunit.database.CachedResultSetTableFactory@10bcf083, http://www.dbunit.org/features/datatypeWarning=true}], _dataSet=AbstractDataSet[_orderedTableNameMap=null], dataSet=AbstractDataSet[_orderedTableNameMap=null]) - start
193224 [main] DEBUG org.dbunit.database.AbstractDatabaseConnection  - createDataSet() - start
193224 [main] TRACE org.dbunit.database.DatabaseConfig  - getProperty(name=http://www.dbunit.org/properties/statementFactory) - start
193224 [main] DEBUG org.dbunit.database.statement.PreparedStatementFactory  - createBatchStatement(connection=_databaseConfig=org.dbunit.database.DatabaseConfig[, _propertyMap={http://www.dbunit.org/properties/statementFactory=org.dbunit.database.statement.PreparedStatementFactory@626bc2b8, http://www.dbunit.org/features/caseSensitiveTableNames=false, http://www.dbunit.org/properties/fetchSize=100, http://www.dbunit.org/features/batchedStatements=false, http://www.dbunit.org/properties/metadataHandler=org.dbunit.database.DefaultMetadataHandler@3eeace42, http://www.dbunit.org/properties/datatypeFactory=org.dbunit.dataset.datatype.DefaultDataTypeFactory[_toleratedDeltaMap=org.dbunit.dataset.datatype.ToleratedDeltaMap@6452310a], http://www.dbunit.org/properties/escapePattern=null, http://www.dbunit.org/properties/batchSize=100, http://www.dbunit.org/features/qualifiedTableNames=false, http://www.dbunit.org/properties/tableType=[Ljava.lang.String;@5011bafa, http://www.dbunit.org/properties/resultSetTableFactory=org.dbunit.database.CachedResultSetTableFactory@10bcf083, http://www.dbunit.org/features/datatypeWarning=true}], _dataSet=AbstractDataSet[_orderedTableNameMap=null]) - start
193224 [main] DEBUG org.dbunit.database.statement.AbstractStatementFactory  - supportBatchStatement(connection=_databaseConfig=org.dbunit.database.DatabaseConfig[, _propertyMap={http://www.dbunit.org/properties/statementFactory=org.dbunit.database.statement.PreparedStatementFactory@626bc2b8, http://www.dbunit.org/features/caseSensitiveTableNames=false, http://www.dbunit.org/properties/fetchSize=100, http://www.dbunit.org/features/batchedStatements=false, http://www.dbunit.org/properties/metadataHandler=org.dbunit.database.DefaultMetadataHandler@3eeace42, http://www.dbunit.org/properties/datatypeFactory=org.dbunit.dataset.datatype.DefaultDataTypeFactory[_toleratedDeltaMap=org.dbunit.dataset.datatype.ToleratedDeltaMap@6452310a], http://www.dbunit.org/properties/escapePattern=null, http://www.dbunit.org/properties/batchSize=100, http://www.dbunit.org/features/qualifiedTableNames=false, http://www.dbunit.org/properties/tableType=[Ljava.lang.String;@5011bafa, http://www.dbunit.org/properties/resultSetTableFactory=org.dbunit.database.CachedResultSetTableFactory@10bcf083, http://www.dbunit.org/features/datatypeWarning=true}], _dataSet=AbstractDataSet[_orderedTableNameMap=null]) - start
193224 [main] TRACE org.dbunit.database.DatabaseConfig  - getFeature(name=http://www.dbunit.org/features/batchedStatements) - start
193224 [main] TRACE org.dbunit.database.DatabaseConfig  - getProperty(name=http://www.dbunit.org/features/batchedStatements) - start
193224 [main] DEBUG org.dbunit.database.DatabaseDataSourceConnection  - getConnection() - start
193225 [main] DEBUG org.dbunit.dataset.AbstractDataSet  - iterator() - start
193225 [main] DEBUG org.dbunit.dataset.FilteredDataSet  - createIterator(reversed=false) - start
193225 [main] DEBUG org.dbunit.dataset.filter.SequenceTableFilter  - iterator(dataSet=AbstractDataSet[_orderedTableNameMap=null], reversed=false) - start
193225 [main] DEBUG org.dbunit.dataset.filter.SequenceTableFilter  - getTableNames(dataSet=AbstractDataSet[_orderedTableNameMap=null]) - start
193225 [main] DEBUG org.dbunit.dataset.AbstractDataSet  - getTableMetaData(tableName=AUTHORITY) - start
193225 [main] DEBUG org.dbunit.dataset.AbstractDataSet  - getTable(tableName=AUTHORITY) - start
193225 [main] DEBUG org.dbunit.dataset.AbstractDataSet  - initialize() - start
193225 [main] DEBUG org.dbunit.dataset.CachedDataSet  - createIterator(reversed=false) - start
193225 [main] DEBUG org.dbunit.dataset.OrderedTableNameMap  - orderedValues() - start
193225 [main] DEBUG org.dbunit.dataset.OrderedTableNameMap  - getTableName(tableName=ScopedContentItem) - start
193226 [main] DEBUG org.dbunit.dataset.OrderedTableNameMap  - getTableName(tableName=ScopedContentItem) - end - result=SCOPEDCONTENTITEM
193226 [main] DEBUG org.dbunit.dataset.OrderedTableNameMap  - getTableName(tableName=ScopedContentCondition) - start
193226 [main] DEBUG org.dbunit.dataset.OrderedTableNameMap  - getTableName(tableName=ScopedContentCondition) - end - result=SCOPEDCONTENTCONDITION
193226 [main] DEBUG org.dbunit.dataset.OrderedTableNameMap  - getTableName(tableName=ScopedContentConditionAttribute) - start
193226 [main] DEBUG org.dbunit.dataset.OrderedTableNameMap  - getTableName(tableName=ScopedContentConditionAttribute) - end - result=SCOPEDCONTENTCONDITIONATTRIBUTE
193226 [main] DEBUG org.dbunit.dataset.OrderedTableNameMap  - getTableName(tableName=Authority) - start
193226 [main] DEBUG org.dbunit.dataset.OrderedTableNameMap  - getTableName(tableName=Authority) - end - result=AUTHORITY
193226 [main] DEBUG org.dbunit.dataset.OrderedTableNameMap  - getTableName(tableName=User) - start
193226 [main] DEBUG org.dbunit.dataset.OrderedTableNameMap  - getTableName(tableName=User) - end - result=USER
193226 [main] DEBUG org.dbunit.dataset.OrderedTableNameMap  - getTableName(tableName=Users_Authorities) - start
193226 [main] DEBUG org.dbunit.dataset.OrderedTableNameMap  - getTableName(tableName=Users_Authorities) - end - result=USERS_AUTHORITIES
193226 [main] DEBUG org.dbunit.dataset.OrderedTableNameMap  - getTableName(tableName=ScopedContent) - start
193227 [main] DEBUG org.dbunit.dataset.OrderedTableNameMap  - getTableName(tableName=ScopedContent) - end - result=SCOPEDCONTENT
193227 [main] DEBUG org.dbunit.dataset.OrderedTableNameMap  - getTableName(tableName=ScopedContent_ScopedContentItem) - start
193227 [main] DEBUG org.dbunit.dataset.OrderedTableNameMap  - getTableName(tableName=ScopedContent_ScopedContentItem) - end - result=SCOPEDCONTENT_SCOPEDCONTENTITEM
193227 [main] DEBUG org.dbunit.dataset.OrderedTableNameMap  - getTableName(tableName=Scope) - start
193227 [main] DEBUG org.dbunit.dataset.OrderedTableNameMap  - getTableName(tableName=Scope) - end - result=SCOPE
193227 [main] DEBUG org.dbunit.dataset.OrderedTableNameMap  - getTableName(tableName=Scope_RequestContext) - start
193227 [main] DEBUG org.dbunit.dataset.OrderedTableNameMap  - getTableName(tableName=Scope_RequestContext) - end - result=SCOPE_REQUESTCONTEXT
193227 [main] DEBUG org.dbunit.dataset.OrderedTableNameMap  - getTableName(tableName=RequestContext) - start
193227 [main] DEBUG org.dbunit.dataset.OrderedTableNameMap  - getTableName(tableName=RequestContext) - end - result=REQUESTCONTEXT
193227 [main] DEBUG org.dbunit.dataset.OrderedTableNameMap  - getTableName(tableName=Caption) - start
193227 [main] DEBUG org.dbunit.dataset.OrderedTableNameMap  - getTableName(tableName=Caption) - end - result=CAPTION
193227 [main] DEBUG org.dbunit.dataset.OrderedTableNameMap  - getTableName(tableName=ScopedContentConditions_ScopedContent) - start
193227 [main] DEBUG org.dbunit.dataset.OrderedTableNameMap  - getTableName(tableName=ScopedContentConditions_ScopedContent) - end - result=SCOPEDCONTENTCONDITIONS_SCOPEDCONTENT
193228 [main] DEBUG org.dbunit.dataset.OrderedTableNameMap  - getTableName(tableName=ScopedContentConditions_ScopedContentItem) - start
193228 [main] DEBUG org.dbunit.dataset.OrderedTableNameMap  - getTableName(tableName=ScopedContentConditions_ScopedContentItem) - end - result=SCOPEDCONTENTCONDITIONS_SCOPEDCONTENTITEM
193228 [main] DEBUG org.dbunit.dataset.OrderedTableNameMap  - getTableName(tableName=NestedScopedContentConditions) - start
193228 [main] DEBUG org.dbunit.dataset.OrderedTableNameMap  - getTableName(tableName=NestedScopedContentConditions) - end - result=NESTEDSCOPEDCONTENTCONDITIONS
193228 [main] DEBUG org.dbunit.dataset.DefaultTableIterator  - getTable() - start
193228 [main] DEBUG org.dbunit.dataset.OrderedTableNameMap  - add(tableName=ScopedContentItem, object=org.dbunit.dataset.DefaultTable[_metaData=tableName=ScopedContentItem, columns=[(tagName, UNKNOWN, nullableUnknown), (cssClass, UNKNOWN, nullableUnknown), (content, UNKNOWN, nullableUnknown), (type, UNKNOWN, nullableUnknown), (id, UNKNOWN, nullableUnknown), (timeStamp, UNKNOWN, nullableUnknown)], keys=[], _rowList.size()=1]) - start
193228 [main] DEBUG org.dbunit.dataset.OrderedTableNameMap  - getTableName(tableName=ScopedContentItem) - start
193228 [main] DEBUG org.dbunit.dataset.OrderedTableNameMap  - getTableName(tableName=ScopedContentItem) - end - result=SCOPEDCONTENTITEM
193228 [main] DEBUG org.dbunit.dataset.OrderedTableNameMap  - getTableName(tableName=SCOPEDCONTENTITEM) - start
193228 [main] DEBUG org.dbunit.dataset.OrderedTableNameMap  - getTableName(tableName=SCOPEDCONTENTITEM) - end - result=SCOPEDCONTENTITEM
193228 [main] DEBUG org.dbunit.dataset.DefaultTableIterator  - getTable() - start
193228 [main] DEBUG org.dbunit.dataset.OrderedTableNameMap  - add(tableName=ScopedContentCondition, object=org.dbunit.dataset.DefaultTable[_metaData=tableName=ScopedContentCondition, columns=[(name, UNKNOWN, nullableUnknown), (description, UNKNOWN, nullableUnknown), (operator, UNKNOWN, nullableUnknown), (id, UNKNOWN, nullableUnknown), (timeStamp, UNKNOWN, nullableUnknown)], keys=[], _rowList.size()=1]) - start
193229 [main] DEBUG org.dbunit.dataset.OrderedTableNameMap  - getTableName(tableName=ScopedContentCondition) - start
193229 [main] DEBUG org.dbunit.dataset.OrderedTableNameMap  - getTableName(tableName=ScopedContentCondition) - end - result=SCOPEDCONTENTCONDITION
193229 [main] DEBUG org.dbunit.dataset.OrderedTableNameMap  - getTableName(tableName=SCOPEDCONTENTCONDITION) - start
193229 [main] DEBUG org.dbunit.dataset.OrderedTableNameMap  - getTableName(tableName=SCOPEDCONTENTCONDITION) - end - result=SCOPEDCONTENTCONDITION
193229 [main] DEBUG org.dbunit.dataset.DefaultTableIterator  - getTable() - start
193229 [main] DEBUG org.dbunit.dataset.OrderedTableNameMap  - add(tableName=ScopedContentConditionAttribute, object=org.dbunit.dataset.DefaultTable[_metaData=tableName=ScopedContentConditionAttribute, columns=[(key, UNKNOWN, nullableUnknown), (checkOrder, UNKNOWN, nullableUnknown), (className, UNKNOWN, nullableUnknown), (valuePath, UNKNOWN, nullableUnknown), (operator, UNKNOWN, nullableUnknown), (expectedValue, UNKNOWN, nullableUnknown), (expectedValueType, UNKNOWN, nullableUnknown), (scopedContentCondition, UNKNOWN, nullableUnknown), (id, UNKNOWN, nullableUnknown), (timeStamp, UNKNOWN, nullableUnknown)], keys=[], _rowList.size()=1]) - start
193229 [main] DEBUG org.dbunit.dataset.OrderedTableNameMap  - getTableName(tableName=ScopedContentConditionAttribute) - start
193229 [main] DEBUG org.dbunit.dataset.OrderedTableNameMap  - getTableName(tableName=ScopedContentConditionAttribute) - end - result=SCOPEDCONTENTCONDITIONATTRIBUTE
193229 [main] DEBUG org.dbunit.dataset.OrderedTableNameMap  - getTableName(tableName=SCOPEDCONTENTCONDITIONATTRIBUTE) - start
193229 [main] DEBUG org.dbunit.dataset.OrderedTableNameMap  - getTableName(tableName=SCOPEDCONTENTCONDITIONATTRIBUTE) - end - result=SCOPEDCONTENTCONDITIONATTRIBUTE
193229 [main] DEBUG org.dbunit.dataset.DefaultTableIterator  - getTable() - start
193230 [main] DEBUG org.dbunit.dataset.OrderedTableNameMap  - add(tableName=Authority, object=org.dbunit.dataset.DefaultTable[_metaData=tableName=Authority, columns=[], keys=[], _rowList.size()=0]) - start
193230 [main] DEBUG org.dbunit.dataset.OrderedTableNameMap  - getTableName(tableName=Authority) - start
193230 [main] DEBUG org.dbunit.dataset.OrderedTableNameMap  - getTableName(tableName=Authority) - end - result=AUTHORITY
193230 [main] DEBUG org.dbunit.dataset.OrderedTableNameMap  - getTableName(tableName=AUTHORITY) - start
193230 [main] DEBUG org.dbunit.dataset.OrderedTableNameMap  - getTableName(tableName=AUTHORITY) - end - result=AUTHORITY
193230 [main] DEBUG org.dbunit.dataset.DefaultTableIterator  - getTable() - start
193230 [main] DEBUG org.dbunit.dataset.OrderedTableNameMap  - add(tableName=User, object=org.dbunit.dataset.DefaultTable[_metaData=tableName=User, columns=[], keys=[], _rowList.size()=0]) - start
193230 [main] DEBUG org.dbunit.dataset.OrderedTableNameMap  - getTableName(tableName=User) - start
193230 [main] DEBUG org.dbunit.dataset.OrderedTableNameMap  - getTableName(tableName=User) - end - result=USER
193230 [main] DEBUG org.dbunit.dataset.OrderedTableNameMap  - getTableName(tableName=USER) - start
193230 [main] DEBUG org.dbunit.dataset.OrderedTableNameMap  - getTableName(tableName=USER) - end - result=USER
193230 [main] DEBUG org.dbunit.dataset.DefaultTableIterator  - getTable() - start
193230 [main] DEBUG org.dbunit.dataset.OrderedTableNameMap  - add(tableName=Users_Authorities, object=org.dbunit.dataset.DefaultTable[_metaData=tableName=Users_Authorities, columns=[], keys=[], _rowList.size()=0]) - start
193231 [main] DEBUG org.dbunit.dataset.OrderedTableNameMap  - getTableName(tableName=Users_Authorities) - start
193231 [main] DEBUG org.dbunit.dataset.OrderedTableNameMap  - getTableName(tableName=Users_Authorities) - end - result=USERS_AUTHORITIES
193231 [main] DEBUG org.dbunit.dataset.OrderedTableNameMap  - getTableName(tableName=USERS_AUTHORITIES) - start
193231 [main] DEBUG org.dbunit.dataset.OrderedTableNameMap  - getTableName(tableName=USERS_AUTHORITIES) - end - result=USERS_AUTHORITIES
193231 [main] DEBUG org.dbunit.dataset.DefaultTableIterator  - getTable() - start
193231 [main] DEBUG org.dbunit.dataset.OrderedTableNameMap  - add(tableName=ScopedContent, object=org.dbunit.dataset.DefaultTable[_metaData=tableName=ScopedContent, columns=[], keys=[], _rowList.size()=0]) - start
193231 [main] DEBUG org.dbunit.dataset.OrderedTableNameMap  - getTableName(tableName=ScopedContent) - start
193231 [main] DEBUG org.dbunit.dataset.OrderedTableNameMap  - getTableName(tableName=ScopedContent) - end - result=SCOPEDCONTENT
193231 [main] DEBUG org.dbunit.dataset.OrderedTableNameMap  - getTableName(tableName=SCOPEDCONTENT) - start
193231 [main] DEBUG org.dbunit.dataset.OrderedTableNameMap  - getTableName(tableName=SCOPEDCONTENT) - end - result=SCOPEDCONTENT
193231 [main] DEBUG org.dbunit.dataset.DefaultTableIterator  - getTable() - start
193231 [main] DEBUG org.dbunit.dataset.OrderedTableNameMap  - add(tableName=ScopedContent_ScopedContentItem, object=org.dbunit.dataset.DefaultTable[_metaData=tableName=ScopedContent_ScopedContentItem, columns=[], keys=[], _rowList.size()=0]) - start
193232 [main] DEBUG org.dbunit.dataset.OrderedTableNameMap  - getTableName(tableName=ScopedContent_ScopedContentItem) - start
193232 [main] DEBUG org.dbunit.dataset.OrderedTableNameMap  - getTableName(tableName=ScopedContent_ScopedContentItem) - end - result=SCOPEDCONTENT_SCOPEDCONTENTITEM
193232 [main] DEBUG org.dbunit.dataset.OrderedTableNameMap  - getTableName(tableName=SCOPEDCONTENT_SCOPEDCONTENTITEM) - start
193232 [main] DEBUG org.dbunit.dataset.OrderedTableNameMap  - getTableName(tableName=SCOPEDCONTENT_SCOPEDCONTENTITEM) - end - result=SCOPEDCONTENT_SCOPEDCONTENTITEM
193232 [main] DEBUG org.dbunit.dataset.DefaultTableIterator  - getTable() - start
193232 [main] DEBUG org.dbunit.dataset.OrderedTableNameMap  - add(tableName=Scope, object=org.dbunit.dataset.DefaultTable[_metaData=tableName=Scope, columns=[], keys=[], _rowList.size()=0]) - start
193232 [main] DEBUG org.dbunit.dataset.OrderedTableNameMap  - getTableName(tableName=Scope) - start
193232 [main] DEBUG org.dbunit.dataset.OrderedTableNameMap  - getTableName(tableName=Scope) - end - result=SCOPE
193232 [main] DEBUG org.dbunit.dataset.OrderedTableNameMap  - getTableName(tableName=SCOPE) - start
193232 [main] DEBUG org.dbunit.dataset.OrderedTableNameMap  - getTableName(tableName=SCOPE) - end - result=SCOPE
193232 [main] DEBUG org.dbunit.dataset.DefaultTableIterator  - getTable() - start
193232 [main] DEBUG org.dbunit.dataset.OrderedTableNameMap  - add(tableName=Scope_RequestContext, object=org.dbunit.dataset.DefaultTable[_metaData=tableName=Scope_RequestContext, columns=[], keys=[], _rowList.size()=0]) - start
193232 [main] DEBUG org.dbunit.dataset.OrderedTableNameMap  - getTableName(tableName=Scope_RequestContext) - start
193233 [main] DEBUG org.dbunit.dataset.OrderedTableNameMap  - getTableName(tableName=Scope_RequestContext) - end - result=SCOPE_REQUESTCONTEXT
193259 [main] DEBUG org.dbunit.dataset.OrderedTableNameMap  - getTableName(tableName=SCOPE_REQUESTCONTEXT) - start
193259 [main] DEBUG org.dbunit.dataset.OrderedTableNameMap  - getTableName(tableName=SCOPE_REQUESTCONTEXT) - end - result=SCOPE_REQUESTCONTEXT
193260 [main] DEBUG org.dbunit.dataset.DefaultTableIterator  - getTable() - start
193260 [main] DEBUG org.dbunit.dataset.OrderedTableNameMap  - add(tableName=RequestContext, object=org.dbunit.dataset.DefaultTable[_metaData=tableName=RequestContext, columns=[], keys=[], _rowList.size()=0]) - start
193260 [main] DEBUG org.dbunit.dataset.OrderedTableNameMap  - getTableName(tableName=RequestContext) - start
193260 [main] DEBUG org.dbunit.dataset.OrderedTableNameMap  - getTableName(tableName=RequestContext) - end - result=REQUESTCONTEXT
193260 [main] DEBUG org.dbunit.dataset.OrderedTableNameMap  - getTableName(tableName=REQUESTCONTEXT) - start
193260 [main] DEBUG org.dbunit.dataset.OrderedTableNameMap  - getTableName(tableName=REQUESTCONTEXT) - end - result=REQUESTCONTEXT
193260 [main] DEBUG org.dbunit.dataset.DefaultTableIterator  - getTable() - start
193260 [main] DEBUG org.dbunit.dataset.OrderedTableNameMap  - add(tableName=Caption, object=org.dbunit.dataset.DefaultTable[_metaData=tableName=Caption, columns=[], keys=[], _rowList.size()=0]) - start
193260 [main] DEBUG org.dbunit.dataset.OrderedTableNameMap  - getTableName(tableName=Caption) - start
193260 [main] DEBUG org.dbunit.dataset.OrderedTableNameMap  - getTableName(tableName=Caption) - end - result=CAPTION
193260 [main] DEBUG org.dbunit.dataset.OrderedTableNameMap  - getTableName(tableName=CAPTION) - start
193260 [main] DEBUG org.dbunit.dataset.OrderedTableNameMap  - getTableName(tableName=CAPTION) - end - result=CAPTION
193260 [main] DEBUG org.dbunit.dataset.DefaultTableIterator  - getTable() - start
193261 [main] DEBUG org.dbunit.dataset.OrderedTableNameMap  - add(tableName=ScopedContentConditions_ScopedContent, object=org.dbunit.dataset.DefaultTable[_metaData=tableName=ScopedContentConditions_ScopedContent, columns=[], keys=[], _rowList.size()=0]) - start
193261 [main] DEBUG org.dbunit.dataset.OrderedTableNameMap  - getTableName(tableName=ScopedContentConditions_ScopedContent) - start
193261 [main] DEBUG org.dbunit.dataset.OrderedTableNameMap  - getTableName(tableName=ScopedContentConditions_ScopedContent) - end - result=SCOPEDCONTENTCONDITIONS_SCOPEDCONTENT
193261 [main] DEBUG org.dbunit.dataset.OrderedTableNameMap  - getTableName(tableName=SCOPEDCONTENTCONDITIONS_SCOPEDCONTENT) - start
193261 [main] DEBUG org.dbunit.dataset.OrderedTableNameMap  - getTableName(tableName=SCOPEDCONTENTCONDITIONS_SCOPEDCONTENT) - end - result=SCOPEDCONTENTCONDITIONS_SCOPEDCONTENT
193261 [main] DEBUG org.dbunit.dataset.DefaultTableIterator  - getTable() - start
193261 [main] DEBUG org.dbunit.dataset.OrderedTableNameMap  - add(tableName=ScopedContentConditions_ScopedContentItem, object=org.dbunit.dataset.DefaultTable[_metaData=tableName=ScopedContentConditions_ScopedContentItem, columns=[], keys=[], _rowList.size()=0]) - start
193261 [main] DEBUG org.dbunit.dataset.OrderedTableNameMap  - getTableName(tableName=ScopedContentConditions_ScopedContentItem) - start
193261 [main] DEBUG org.dbunit.dataset.OrderedTableNameMap  - getTableName(tableName=ScopedContentConditions_ScopedContentItem) - end - result=SCOPEDCONTENTCONDITIONS_SCOPEDCONTENTITEM
193261 [main] DEBUG org.dbunit.dataset.OrderedTableNameMap  - getTableName(tableName=SCOPEDCONTENTCONDITIONS_SCOPEDCONTENTITEM) - start
193261 [main] DEBUG org.dbunit.dataset.OrderedTableNameMap  - getTableName(tableName=SCOPEDCONTENTCONDITIONS_SCOPEDCONTENTITEM) - end - result=SCOPEDCONTENTCONDITIONS_SCOPEDCONTENTITEM
193261 [main] DEBUG org.dbunit.dataset.DefaultTableIterator  - getTable() - start
193262 [main] DEBUG org.dbunit.dataset.OrderedTableNameMap  - add(tableName=NestedScopedContentConditions, object=org.dbunit.dataset.DefaultTable[_metaData=tableName=NestedScopedContentConditions, columns=[], keys=[], _rowList.size()=0]) - start
193262 [main] DEBUG org.dbunit.dataset.OrderedTableNameMap  - getTableName(tableName=NestedScopedContentConditions) - start
193262 [main] DEBUG org.dbunit.dataset.OrderedTableNameMap  - getTableName(tableName=NestedScopedContentConditions) - end - result=NESTEDSCOPEDCONTENTCONDITIONS
193262 [main] DEBUG org.dbunit.dataset.OrderedTableNameMap  - getTableName(tableName=NESTEDSCOPEDCONTENTCONDITIONS) - start
193262 [main] DEBUG org.dbunit.dataset.OrderedTableNameMap  - getTableName(tableName=NESTEDSCOPEDCONTENTCONDITIONS) - end - result=NESTEDSCOPEDCONTENTCONDITIONS
193262 [main] DEBUG org.dbunit.dataset.OrderedTableNameMap  - getTableName(tableName=AUTHORITY) - start
193262 [main] DEBUG org.dbunit.dataset.OrderedTableNameMap  - getTableName(tableName=AUTHORITY) - end - result=AUTHORITY
193262 [main] DEBUG org.dbunit.dataset.AbstractDataSet  - getTableMetaData(tableName=CAPTION) - start
193262 [main] DEBUG org.dbunit.dataset.AbstractDataSet  - getTable(tableName=CAPTION) - start
193262 [main] DEBUG org.dbunit.dataset.AbstractDataSet  - initialize() - start
193262 [main] DEBUG org.dbunit.dataset.AbstractDataSet  - The table name map has already been initialized.
193262 [main] DEBUG org.dbunit.dataset.OrderedTableNameMap  - getTableName(tableName=CAPTION) - start
193263 [main] DEBUG org.dbunit.dataset.OrderedTableNameMap  - getTableName(tableName=CAPTION) - end - result=CAPTION
193263 [main] DEBUG org.dbunit.dataset.AbstractDataSet  - getTableMetaData(tableName=SCOPEDCONTENTCONDITION) - start
193263 [main] DEBUG org.dbunit.dataset.AbstractDataSet  - getTable(tableName=SCOPEDCONTENTCONDITION) - start
193263 [main] DEBUG org.dbunit.dataset.AbstractDataSet  - initialize() - start
193263 [main] DEBUG org.dbunit.dataset.AbstractDataSet  - The table name map has already been initialized.
193263 [main] DEBUG org.dbunit.dataset.OrderedTableNameMap  - getTableName(tableName=SCOPEDCONTENTCONDITION) - start
193263 [main] DEBUG org.dbunit.dataset.OrderedTableNameMap  - getTableName(tableName=SCOPEDCONTENTCONDITION) - end - result=SCOPEDCONTENTCONDITION
193263 [main] DEBUG org.dbunit.dataset.AbstractDataSet  - getTableMetaData(tableName=NESTEDSCOPEDCONTENTCONDITIONS) - start
193263 [main] DEBUG org.dbunit.dataset.AbstractDataSet  - getTable(tableName=NESTEDSCOPEDCONTENTCONDITIONS) - start
193263 [main] DEBUG org.dbunit.dataset.AbstractDataSet  - initialize() - start
193263 [main] DEBUG org.dbunit.dataset.AbstractDataSet  - The table name map has already been initialized.
193263 [main] DEBUG org.dbunit.dataset.OrderedTableNameMap  - getTableName(tableName=NESTEDSCOPEDCONTENTCONDITIONS) - start
193263 [main] DEBUG org.dbunit.dataset.OrderedTableNameMap  - getTableName(tableName=NESTEDSCOPEDCONTENTCONDITIONS) - end - result=NESTEDSCOPEDCONTENTCONDITIONS
193264 [main] DEBUG org.dbunit.dataset.AbstractDataSet  - getTableMetaData(tableName=REQUESTCONTEXT) - start
193264 [main] DEBUG org.dbunit.dataset.AbstractDataSet  - getTable(tableName=REQUESTCONTEXT) - start
193264 [main] DEBUG org.dbunit.dataset.AbstractDataSet  - initialize() - start
193264 [main] DEBUG org.dbunit.dataset.AbstractDataSet  - The table name map has already been initialized.
193264 [main] DEBUG org.dbunit.dataset.OrderedTableNameMap  - getTableName(tableName=REQUESTCONTEXT) - start
193264 [main] DEBUG org.dbunit.dataset.OrderedTableNameMap  - getTableName(tableName=REQUESTCONTEXT) - end - result=REQUESTCONTEXT
193264 [main] DEBUG org.dbunit.dataset.AbstractDataSet  - getTableMetaData(tableName=SCOPE) - start
193264 [main] DEBUG org.dbunit.dataset.AbstractDataSet  - getTable(tableName=SCOPE) - start
193264 [main] DEBUG org.dbunit.dataset.AbstractDataSet  - initialize() - start
193264 [main] DEBUG org.dbunit.dataset.AbstractDataSet  - The table name map has already been initialized.
193264 [main] DEBUG org.dbunit.dataset.OrderedTableNameMap  - getTableName(tableName=SCOPE) - start
193264 [main] DEBUG org.dbunit.dataset.OrderedTableNameMap  - getTableName(tableName=SCOPE) - end - result=SCOPE
193264 [main] DEBUG org.dbunit.dataset.AbstractDataSet  - getTableMetaData(tableName=SCOPEDCONTENT) - start
193265 [main] DEBUG org.dbunit.dataset.AbstractDataSet  - getTable(tableName=SCOPEDCONTENT) - start
193265 [main] DEBUG org.dbunit.dataset.AbstractDataSet  - initialize() - start
193265 [main] DEBUG org.dbunit.dataset.AbstractDataSet  - The table name map has already been initialized.
193265 [main] DEBUG org.dbunit.dataset.OrderedTableNameMap  - getTableName(tableName=SCOPEDCONTENT) - start
193265 [main] DEBUG org.dbunit.dataset.OrderedTableNameMap  - getTableName(tableName=SCOPEDCONTENT) - end - result=SCOPEDCONTENT
193265 [main] DEBUG org.dbunit.dataset.AbstractDataSet  - getTableMetaData(tableName=SCOPEDCONTENTCONDITIONATTRIBUTE) - start
193265 [main] DEBUG org.dbunit.dataset.AbstractDataSet  - getTable(tableName=SCOPEDCONTENTCONDITIONATTRIBUTE) - start
193265 [main] DEBUG org.dbunit.dataset.AbstractDataSet  - initialize() - start
193265 [main] DEBUG org.dbunit.dataset.AbstractDataSet  - The table name map has already been initialized.
193265 [main] DEBUG org.dbunit.dataset.OrderedTableNameMap  - getTableName(tableName=SCOPEDCONTENTCONDITIONATTRIBUTE) - start
193265 [main] DEBUG org.dbunit.dataset.OrderedTableNameMap  - getTableName(tableName=SCOPEDCONTENTCONDITIONATTRIBUTE) - end - result=SCOPEDCONTENTCONDITIONATTRIBUTE
193265 [main] DEBUG org.dbunit.dataset.AbstractDataSet  - getTableMetaData(tableName=SCOPEDCONTENTCONDITIONS_SCOPEDCONTENT) - start
193265 [main] DEBUG org.dbunit.dataset.AbstractDataSet  - getTable(tableName=SCOPEDCONTENTCONDITIONS_SCOPEDCONTENT) - start
193266 [main] DEBUG org.dbunit.dataset.AbstractDataSet  - initialize() - start
193266 [main] DEBUG org.dbunit.dataset.AbstractDataSet  - The table name map has already been initialized.
193266 [main] DEBUG org.dbunit.dataset.OrderedTableNameMap  - getTableName(tableName=SCOPEDCONTENTCONDITIONS_SCOPEDCONTENT) - start
193266 [main] DEBUG org.dbunit.dataset.OrderedTableNameMap  - getTableName(tableName=SCOPEDCONTENTCONDITIONS_SCOPEDCONTENT) - end - result=SCOPEDCONTENTCONDITIONS_SCOPEDCONTENT
193266 [main] DEBUG org.dbunit.dataset.AbstractDataSet  - getTableMetaData(tableName=SCOPEDCONTENTITEM) - start
193266 [main] DEBUG org.dbunit.dataset.AbstractDataSet  - getTable(tableName=SCOPEDCONTENTITEM) - start
193266 [main] DEBUG org.dbunit.dataset.AbstractDataSet  - initialize() - start
193266 [main] DEBUG org.dbunit.dataset.AbstractDataSet  - The table name map has already been initialized.
193266 [main] DEBUG org.dbunit.dataset.OrderedTableNameMap  - getTableName(tableName=SCOPEDCONTENTITEM) - start
193266 [main] DEBUG org.dbunit.dataset.OrderedTableNameMap  - getTableName(tableName=SCOPEDCONTENTITEM) - end - result=SCOPEDCONTENTITEM
193266 [main] DEBUG org.dbunit.dataset.AbstractDataSet  - getTableMetaData(tableName=SCOPEDCONTENTCONDITIONS_SCOPEDCONTENTITEM) - start
193266 [main] DEBUG org.dbunit.dataset.AbstractDataSet  - getTable(tableName=SCOPEDCONTENTCONDITIONS_SCOPEDCONTENTITEM) - start
193267 [main] DEBUG org.dbunit.dataset.AbstractDataSet  - initialize() - start
193267 [main] DEBUG org.dbunit.dataset.AbstractDataSet  - The table name map has already been initialized.
193267 [main] DEBUG org.dbunit.dataset.OrderedTableNameMap  - getTableName(tableName=SCOPEDCONTENTCONDITIONS_SCOPEDCONTENTITEM) - start
193267 [main] DEBUG org.dbunit.dataset.OrderedTableNameMap  - getTableName(tableName=SCOPEDCONTENTCONDITIONS_SCOPEDCONTENTITEM) - end - result=SCOPEDCONTENTCONDITIONS_SCOPEDCONTENTITEM
193267 [main] DEBUG org.dbunit.dataset.AbstractDataSet  - getTableMetaData(tableName=SCOPEDCONTENT_SCOPEDCONTENTITEM) - start
193267 [main] DEBUG org.dbunit.dataset.AbstractDataSet  - getTable(tableName=SCOPEDCONTENT_SCOPEDCONTENTITEM) - start
193267 [main] DEBUG org.dbunit.dataset.AbstractDataSet  - initialize() - start
193267 [main] DEBUG org.dbunit.dataset.AbstractDataSet  - The table name map has already been initialized.
193267 [main] DEBUG org.dbunit.dataset.OrderedTableNameMap  - getTableName(tableName=SCOPEDCONTENT_SCOPEDCONTENTITEM) - start
193267 [main] DEBUG org.dbunit.dataset.OrderedTableNameMap  - getTableName(tableName=SCOPEDCONTENT_SCOPEDCONTENTITEM) - end - result=SCOPEDCONTENT_SCOPEDCONTENTITEM
193267 [main] DEBUG org.dbunit.dataset.AbstractDataSet  - getTableMetaData(tableName=SCOPE_REQUESTCONTEXT) - start
193267 [main] DEBUG org.dbunit.dataset.AbstractDataSet  - getTable(tableName=SCOPE_REQUESTCONTEXT) - start
193267 [main] DEBUG org.dbunit.dataset.AbstractDataSet  - initialize() - start
193268 [main] DEBUG org.dbunit.dataset.AbstractDataSet  - The table name map has already been initialized.
193268 [main] DEBUG org.dbunit.dataset.OrderedTableNameMap  - getTableName(tableName=SCOPE_REQUESTCONTEXT) - start
193268 [main] DEBUG org.dbunit.dataset.OrderedTableNameMap  - getTableName(tableName=SCOPE_REQUESTCONTEXT) - end - result=SCOPE_REQUESTCONTEXT
193268 [main] DEBUG org.dbunit.dataset.AbstractDataSet  - getTableMetaData(tableName=USER) - start
193268 [main] DEBUG org.dbunit.dataset.AbstractDataSet  - getTable(tableName=USER) - start
193268 [main] DEBUG org.dbunit.dataset.AbstractDataSet  - initialize() - start
193268 [main] DEBUG org.dbunit.dataset.AbstractDataSet  - The table name map has already been initialized.
193268 [main] DEBUG org.dbunit.dataset.OrderedTableNameMap  - getTableName(tableName=USER) - start
193268 [main] DEBUG org.dbunit.dataset.OrderedTableNameMap  - getTableName(tableName=USER) - end - result=USER
193268 [main] DEBUG org.dbunit.dataset.AbstractDataSet  - getTableMetaData(tableName=USERS_AUTHORITIES) - start
193268 [main] DEBUG org.dbunit.dataset.AbstractDataSet  - getTable(tableName=USERS_AUTHORITIES) - start
193268 [main] DEBUG org.dbunit.dataset.AbstractDataSet  - initialize() - start
193268 [main] DEBUG org.dbunit.dataset.AbstractDataSet  - The table name map has already been initialized.
193269 [main] DEBUG org.dbunit.dataset.OrderedTableNameMap  - getTableName(tableName=USERS_AUTHORITIES) - start
193269 [main] DEBUG org.dbunit.dataset.OrderedTableNameMap  - getTableName(tableName=USERS_AUTHORITIES) - end - result=USERS_AUTHORITIES
193269 [main] DEBUG org.dbunit.dataset.filter.SequenceTableIterator  - next() - start
193269 [main] DEBUG org.dbunit.dataset.filter.SequenceTableIterator  - getTableMetaData() - start
193269 [main] DEBUG org.dbunit.dataset.AbstractDataSet  - getTableMetaData(tableName=Authority) - start
193269 [main] DEBUG org.dbunit.dataset.AbstractDataSet  - getTable(tableName=Authority) - start
193269 [main] DEBUG org.dbunit.dataset.AbstractDataSet  - initialize() - start
193269 [main] DEBUG org.dbunit.dataset.AbstractDataSet  - The table name map has already been initialized.
193269 [main] DEBUG org.dbunit.dataset.OrderedTableNameMap  - getTableName(tableName=Authority) - start
193269 [main] DEBUG org.dbunit.dataset.OrderedTableNameMap  - getTableName(tableName=Authority) - end - result=AUTHORITY
193269 [main] DEBUG org.dbunit.dataset.filter.SequenceTableIterator  - next() - start
193269 [main] DEBUG org.dbunit.dataset.filter.SequenceTableIterator  - getTableMetaData() - start
193270 [main] DEBUG org.dbunit.dataset.AbstractDataSet  - getTableMetaData(tableName=Caption) - start
193270 [main] DEBUG org.dbunit.dataset.AbstractDataSet  - getTable(tableName=Caption) - start
193270 [main] DEBUG org.dbunit.dataset.AbstractDataSet  - initialize() - start
193270 [main] DEBUG org.dbunit.dataset.AbstractDataSet  - The table name map has already been initialized.
193270 [main] DEBUG org.dbunit.dataset.OrderedTableNameMap  - getTableName(tableName=Caption) - start
193270 [main] DEBUG org.dbunit.dataset.OrderedTableNameMap  - getTableName(tableName=Caption) - end - result=CAPTION
193270 [main] DEBUG org.dbunit.dataset.filter.SequenceTableIterator  - next() - start
193270 [main] DEBUG org.dbunit.dataset.filter.SequenceTableIterator  - getTableMetaData() - start
193270 [main] DEBUG org.dbunit.dataset.AbstractDataSet  - getTableMetaData(tableName=ScopedContentCondition) - start
193270 [main] DEBUG org.dbunit.dataset.AbstractDataSet  - getTable(tableName=ScopedContentCondition) - start
193270 [main] DEBUG org.dbunit.dataset.AbstractDataSet  - initialize() - start
193270 [main] DEBUG org.dbunit.dataset.AbstractDataSet  - The table name map has already been initialized.
193270 [main] DEBUG org.dbunit.dataset.OrderedTableNameMap  - getTableName(tableName=ScopedContentCondition) - start
193271 [main] DEBUG org.dbunit.dataset.OrderedTableNameMap  - getTableName(tableName=ScopedContentCondition) - end - result=SCOPEDCONTENTCONDITION
193271 [main] DEBUG org.dbunit.dataset.filter.SequenceTableIterator  - next() - start
193271 [main] DEBUG org.dbunit.dataset.filter.SequenceTableIterator  - getTableMetaData() - start
193271 [main] DEBUG org.dbunit.dataset.AbstractDataSet  - getTableMetaData(tableName=NestedScopedContentConditions) - start
193271 [main] DEBUG org.dbunit.dataset.AbstractDataSet  - getTable(tableName=NestedScopedContentConditions) - start
193272 [main] DEBUG org.dbunit.dataset.AbstractDataSet  - initialize() - start
193272 [main] DEBUG org.dbunit.dataset.AbstractDataSet  - The table name map has already been initialized.
193272 [main] DEBUG org.dbunit.dataset.OrderedTableNameMap  - getTableName(tableName=NestedScopedContentConditions) - start
193272 [main] DEBUG org.dbunit.dataset.OrderedTableNameMap  - getTableName(tableName=NestedScopedContentConditions) - end - result=NESTEDSCOPEDCONTENTCONDITIONS
193272 [main] DEBUG org.dbunit.dataset.filter.SequenceTableIterator  - next() - start
193272 [main] DEBUG org.dbunit.dataset.filter.SequenceTableIterator  - getTableMetaData() - start
193272 [main] DEBUG org.dbunit.dataset.AbstractDataSet  - getTableMetaData(tableName=RequestContext) - start
193272 [main] DEBUG org.dbunit.dataset.AbstractDataSet  - getTable(tableName=RequestContext) - start
193272 [main] DEBUG org.dbunit.dataset.AbstractDataSet  - initialize() - start
193272 [main] DEBUG org.dbunit.dataset.AbstractDataSet  - The table name map has already been initialized.
193272 [main] DEBUG org.dbunit.dataset.OrderedTableNameMap  - getTableName(tableName=RequestContext) - start
193272 [main] DEBUG org.dbunit.dataset.OrderedTableNameMap  - getTableName(tableName=RequestContext) - end - result=REQUESTCONTEXT
193273 [main] DEBUG org.dbunit.dataset.filter.SequenceTableIterator  - next() - start
193273 [main] DEBUG org.dbunit.dataset.filter.SequenceTableIterator  - getTableMetaData() - start
193273 [main] DEBUG org.dbunit.dataset.AbstractDataSet  - getTableMetaData(tableName=Scope) - start
193273 [main] DEBUG org.dbunit.dataset.AbstractDataSet  - getTable(tableName=Scope) - start
193273 [main] DEBUG org.dbunit.dataset.AbstractDataSet  - initialize() - start
193273 [main] DEBUG org.dbunit.dataset.AbstractDataSet  - The table name map has already been initialized.
193273 [main] DEBUG org.dbunit.dataset.OrderedTableNameMap  - getTableName(tableName=Scope) - start
193273 [main] DEBUG org.dbunit.dataset.OrderedTableNameMap  - getTableName(tableName=Scope) - end - result=SCOPE
193273 [main] DEBUG org.dbunit.dataset.filter.SequenceTableIterator  - next() - start
193273 [main] DEBUG org.dbunit.dataset.filter.SequenceTableIterator  - getTableMetaData() - start
193273 [main] DEBUG org.dbunit.dataset.AbstractDataSet  - getTableMetaData(tableName=ScopedContent) - start
193273 [main] DEBUG org.dbunit.dataset.AbstractDataSet  - getTable(tableName=ScopedContent) - start
193273 [main] DEBUG org.dbunit.dataset.AbstractDataSet  - initialize() - start
193274 [main] DEBUG org.dbunit.dataset.AbstractDataSet  - The table name map has already been initialized.
193274 [main] DEBUG org.dbunit.dataset.OrderedTableNameMap  - getTableName(tableName=ScopedContent) - start
193274 [main] DEBUG org.dbunit.dataset.OrderedTableNameMap  - getTableName(tableName=ScopedContent) - end - result=SCOPEDCONTENT
193274 [main] DEBUG org.dbunit.dataset.filter.SequenceTableIterator  - next() - start
193274 [main] DEBUG org.dbunit.dataset.filter.SequenceTableIterator  - getTableMetaData() - start
193274 [main] DEBUG org.dbunit.dataset.AbstractDataSet  - getTableMetaData(tableName=ScopedContentConditionAttribute) - start
193274 [main] DEBUG org.dbunit.dataset.AbstractDataSet  - getTable(tableName=ScopedContentConditionAttribute) - start
193274 [main] DEBUG org.dbunit.dataset.AbstractDataSet  - initialize() - start
193274 [main] DEBUG org.dbunit.dataset.AbstractDataSet  - The table name map has already been initialized.
193274 [main] DEBUG org.dbunit.dataset.OrderedTableNameMap  - getTableName(tableName=ScopedContentConditionAttribute) - start
193274 [main] DEBUG org.dbunit.dataset.OrderedTableNameMap  - getTableName(tableName=ScopedContentConditionAttribute) - end - result=SCOPEDCONTENTCONDITIONATTRIBUTE
193274 [main] DEBUG org.dbunit.dataset.filter.SequenceTableIterator  - next() - start
193274 [main] DEBUG org.dbunit.dataset.filter.SequenceTableIterator  - getTableMetaData() - start
193275 [main] DEBUG org.dbunit.dataset.AbstractDataSet  - getTableMetaData(tableName=ScopedContentConditions_ScopedContent) - start
193275 [main] DEBUG org.dbunit.dataset.AbstractDataSet  - getTable(tableName=ScopedContentConditions_ScopedContent) - start
193275 [main] DEBUG org.dbunit.dataset.AbstractDataSet  - initialize() - start
193275 [main] DEBUG org.dbunit.dataset.AbstractDataSet  - The table name map has already been initialized.
193275 [main] DEBUG org.dbunit.dataset.OrderedTableNameMap  - getTableName(tableName=ScopedContentConditions_ScopedContent) - start
193275 [main] DEBUG org.dbunit.dataset.OrderedTableNameMap  - getTableName(tableName=ScopedContentConditions_ScopedContent) - end - result=SCOPEDCONTENTCONDITIONS_SCOPEDCONTENT
193275 [main] DEBUG org.dbunit.dataset.filter.SequenceTableIterator  - next() - start
193275 [main] DEBUG org.dbunit.dataset.filter.SequenceTableIterator  - getTableMetaData() - start
193275 [main] DEBUG org.dbunit.dataset.AbstractDataSet  - getTableMetaData(tableName=ScopedContentItem) - start
193275 [main] DEBUG org.dbunit.dataset.AbstractDataSet  - getTable(tableName=ScopedContentItem) - start
193275 [main] DEBUG org.dbunit.dataset.AbstractDataSet  - initialize() - start
193275 [main] DEBUG org.dbunit.dataset.AbstractDataSet  - The table name map has already been initialized.
193275 [main] DEBUG org.dbunit.dataset.OrderedTableNameMap  - getTableName(tableName=ScopedContentItem) - start
193275 [main] DEBUG org.dbunit.dataset.OrderedTableNameMap  - getTableName(tableName=ScopedContentItem) - end - result=SCOPEDCONTENTITEM
193275 [main] DEBUG org.dbunit.dataset.filter.SequenceTableIterator  - next() - start
193275 [main] DEBUG org.dbunit.dataset.filter.SequenceTableIterator  - getTableMetaData() - start
193275 [main] DEBUG org.dbunit.dataset.AbstractDataSet  - getTableMetaData(tableName=ScopedContentConditions_ScopedContentItem) - start
193275 [main] DEBUG org.dbunit.dataset.AbstractDataSet  - getTable(tableName=ScopedContentConditions_ScopedContentItem) - start
193275 [main] DEBUG org.dbunit.dataset.AbstractDataSet  - initialize() - start
193275 [main] DEBUG org.dbunit.dataset.AbstractDataSet  - The table name map has already been initialized.
193275 [main] DEBUG org.dbunit.dataset.OrderedTableNameMap  - getTableName(tableName=ScopedContentConditions_ScopedContentItem) - start
193275 [main] DEBUG org.dbunit.dataset.OrderedTableNameMap  - getTableName(tableName=ScopedContentConditions_ScopedContentItem) - end - result=SCOPEDCONTENTCONDITIONS_SCOPEDCONTENTITEM
193275 [main] DEBUG org.dbunit.dataset.filter.SequenceTableIterator  - next() - start
193275 [main] DEBUG org.dbunit.dataset.filter.SequenceTableIterator  - getTableMetaData() - start
193275 [main] DEBUG org.dbunit.dataset.AbstractDataSet  - getTableMetaData(tableName=ScopedContent_ScopedContentItem) - start
193275 [main] DEBUG org.dbunit.dataset.AbstractDataSet  - getTable(tableName=ScopedContent_ScopedContentItem) - start
193275 [main] DEBUG org.dbunit.dataset.AbstractDataSet  - initialize() - start
193275 [main] DEBUG org.dbunit.dataset.AbstractDataSet  - The table name map has already been initialized.
193275 [main] DEBUG org.dbunit.dataset.OrderedTableNameMap  - getTableName(tableName=ScopedContent_ScopedContentItem) - start
193275 [main] DEBUG org.dbunit.dataset.OrderedTableNameMap  - getTableName(tableName=ScopedContent_ScopedContentItem) - end - result=SCOPEDCONTENT_SCOPEDCONTENTITEM
193275 [main] DEBUG org.dbunit.dataset.filter.SequenceTableIterator  - next() - start
193276 [main] DEBUG org.dbunit.dataset.filter.SequenceTableIterator  - getTableMetaData() - start
193276 [main] DEBUG org.dbunit.dataset.AbstractDataSet  - getTableMetaData(tableName=Scope_RequestContext) - start
193276 [main] DEBUG org.dbunit.dataset.AbstractDataSet  - getTable(tableName=Scope_RequestContext) - start
193276 [main] DEBUG org.dbunit.dataset.AbstractDataSet  - initialize() - start
193276 [main] DEBUG org.dbunit.dataset.AbstractDataSet  - The table name map has already been initialized.
193276 [main] DEBUG org.dbunit.dataset.OrderedTableNameMap  - getTableName(tableName=Scope_RequestContext) - start
193276 [main] DEBUG org.dbunit.dataset.OrderedTableNameMap  - getTableName(tableName=Scope_RequestContext) - end - result=SCOPE_REQUESTCONTEXT
193276 [main] DEBUG org.dbunit.dataset.filter.SequenceTableIterator  - next() - start
193276 [main] DEBUG org.dbunit.dataset.filter.SequenceTableIterator  - getTableMetaData() - start
193276 [main] DEBUG org.dbunit.dataset.AbstractDataSet  - getTableMetaData(tableName=User) - start
193276 [main] DEBUG org.dbunit.dataset.AbstractDataSet  - getTable(tableName=User) - start
193276 [main] DEBUG org.dbunit.dataset.AbstractDataSet  - initialize() - start
193276 [main] DEBUG org.dbunit.dataset.AbstractDataSet  - The table name map has already been initialized.
193276 [main] DEBUG org.dbunit.dataset.OrderedTableNameMap  - getTableName(tableName=User) - start
193276 [main] DEBUG org.dbunit.dataset.OrderedTableNameMap  - getTableName(tableName=User) - end - result=USER
193276 [main] DEBUG org.dbunit.dataset.filter.SequenceTableIterator  - next() - start
193276 [main] DEBUG org.dbunit.dataset.filter.SequenceTableIterator  - getTableMetaData() - start
193276 [main] DEBUG org.dbunit.dataset.AbstractDataSet  - getTableMetaData(tableName=Users_Authorities) - start
193276 [main] DEBUG org.dbunit.dataset.AbstractDataSet  - getTable(tableName=Users_Authorities) - start
193276 [main] DEBUG org.dbunit.dataset.AbstractDataSet  - initialize() - start
193276 [main] DEBUG org.dbunit.dataset.AbstractDataSet  - The table name map has already been initialized.
193276 [main] DEBUG org.dbunit.dataset.OrderedTableNameMap  - getTableName(tableName=Users_Authorities) - start
193276 [main] DEBUG org.dbunit.dataset.OrderedTableNameMap  - getTableName(tableName=Users_Authorities) - end - result=USERS_AUTHORITIES
193276 [main] DEBUG org.dbunit.dataset.filter.SequenceTableIterator  - next() - start
193277 [main] DEBUG org.dbunit.database.DatabaseDataSet  - getTableMetaData(tableName=Users_Authorities) - start
193277 [main] DEBUG org.dbunit.database.DatabaseDataSet  - initialize() - start
193277 [main] DEBUG org.dbunit.dataset.OrderedTableNameMap  - getTableName(tableName=Users_Authorities) - start
193277 [main] DEBUG org.dbunit.dataset.OrderedTableNameMap  - getTableName(tableName=Users_Authorities) - end - result=USERS_AUTHORITIES
193277 [main] DEBUG org.dbunit.dataset.OrderedTableNameMap  - getTableName(tableName=Users_Authorities) - start
193277 [main] DEBUG org.dbunit.dataset.OrderedTableNameMap  - getTableName(tableName=Users_Authorities) - end - result=USERS_AUTHORITIES
193277 [main] DEBUG org.dbunit.database.DatabaseDataSourceConnection  - getConnection() - start
193277 [main] TRACE org.dbunit.util.SQLHelper  - correctCase(tableName=Users_Authorities, connection=Transaction-aware proxy for target Connection [jdbc:hsqldb:mem:kontrollDS, UserName=sw, HSQL Database Engine Driver]) - start
193277 [main] TRACE org.dbunit.util.SQLHelper  - correctCase(tableName=Users_Authorities, databaseMetaData=org.apache.commons.dbcp.DelegatingDatabaseMetaData@5882f4df) - start
193277 [main] TRACE org.dbunit.util.SQLHelper  - isEscaped(tableName=Users_Authorities, dbIdentifierQuoteString=") - start
193277 [main] DEBUG org.dbunit.util.SQLHelper  - isEscaped returns 'false' for tableName=Users_Authorities (dbIdentifierQuoteString=")
193277 [main] DEBUG org.dbunit.util.SQLHelper  - class org.dbunit.database.DatabaseTableMetaData. Corrected table name: oldValue=Users_Authorities newValue=USERS_AUTHORITIES
193277 [main] DEBUG org.dbunit.database.DatabaseTableMetaData  - Validating if table 'USERS_AUTHORITIES' exists in schema 'null' ...
193277 [main] TRACE org.dbunit.database.DatabaseConfig  - getProperty(name=http://www.dbunit.org/properties/metadataHandler) - start
193277 [main] TRACE org.dbunit.database.DefaultMetadataHandler  - tableExists(metaData=org.apache.commons.dbcp.DelegatingDatabaseMetaData@7d9a89de, schemaName=null, tableName=USERS_AUTHORITIES) - start
193278 [main] DEBUG org.dbunit.util.SQLHelper  - close(resultSet=org.apache.commons.dbcp.DelegatingResultSet@71d19f6e) - start
193278 [main] DEBUG org.dbunit.database.DatabaseTableMetaData  - getColumns() - start
193278 [main] DEBUG org.dbunit.database.DatabaseDataSourceConnection  - getConnection() - start
193278 [main] TRACE org.dbunit.database.DatabaseConfig  - getProperty(name=http://www.dbunit.org/properties/metadataHandler) - start
193278 [main] TRACE org.dbunit.database.DefaultMetadataHandler  - getColumns(databaseMetaData=org.apache.commons.dbcp.DelegatingDatabaseMetaData@793a2922, schemaName=null, tableName=USERS_AUTHORITIES) - start
193295 [main] TRACE org.dbunit.database.DatabaseConfig  - getProperty(name=http://www.dbunit.org/properties/datatypeFactory) - start
193295 [main] DEBUG org.dbunit.database.DatabaseDataSourceConnection  - getConnection() - start
193295 [main] WARN  org.dbunit.dataset.AbstractTableMetaData  - Potential problem found: The configured data type factory 'class org.dbunit.dataset.datatype.DefaultDataTypeFactory' might cause problems with the current database 'HSQL Database Engine' (e.g. some datatypes may not be supported properly). In rare cases you might see this message because the list of supported database products is incomplete (list=[derby]). If so please request a java-class update via the forums.If you are using your own IDataTypeFactory extending DefaultDataTypeFactory, ensure that you override getValidDbProducts() to specify the supported database products.
193295 [main] TRACE org.dbunit.database.DatabaseConfig  - getFeature(name=http://www.dbunit.org/features/datatypeWarning) - start
193295 [main] TRACE org.dbunit.database.DatabaseConfig  - getProperty(name=http://www.dbunit.org/features/datatypeWarning) - start
193295 [main] TRACE org.dbunit.database.DefaultMetadataHandler  - matches(columnsResultSet=org.apache.commons.dbcp.DelegatingResultSet@5f709735, catalog=null, schema=null, table=USERS_AUTHORITIES, column=null, caseSensitive=false) - start
193295 [main] DEBUG org.dbunit.database.DefaultMetadataHandler  - Comparing the following values using caseSensitive=false (searched<=>actual): catalog: null<=>PUBLIC schema: null<=>PUBLIC table: USERS_AUTHORITIES<=>USERS_AUTHORITIES column: null<=>AUTHORITY_ID
193295 [main] DEBUG org.dbunit.dataset.datatype.DefaultDataTypeFactory  - createDataType(sqlType=4 , sqlTypeName=INTEGER, tableName=USERS_AUTHORITIES, columnName=AUTHORITY_ID) - start
193295 [main] DEBUG org.dbunit.dataset.datatype.DefaultDataTypeFactory  - createDataType(sqlType=4, sqlTypeName=INTEGER) - start
193295 [main] DEBUG org.dbunit.dataset.datatype.DataType  - forSqlType(sqlType=4) - start
193296 [main] DEBUG org.dbunit.dataset.datatype.AbstractDataType  - getSqlType() - start
193296 [main] DEBUG org.dbunit.dataset.datatype.AbstractDataType  - getSqlType() - start
193296 [main] DEBUG org.dbunit.dataset.datatype.AbstractDataType  - getSqlType() - start
193296 [main] DEBUG org.dbunit.dataset.datatype.AbstractDataType  - getSqlType() - start
193296 [main] DEBUG org.dbunit.dataset.datatype.AbstractDataType  - getSqlType() - start
193296 [main] DEBUG org.dbunit.dataset.datatype.AbstractDataType  - getSqlType() - start
193296 [main] DEBUG org.dbunit.dataset.datatype.AbstractDataType  - getSqlType() - start
193296 [main] DEBUG org.dbunit.dataset.datatype.AbstractDataType  - getSqlType() - start
193296 [main] DEBUG org.dbunit.dataset.datatype.AbstractDataType  - getSqlType() - start
193296 [main] DEBUG org.dbunit.dataset.datatype.AbstractDataType  - getSqlType() - start
193296 [main] DEBUG org.dbunit.dataset.datatype.AbstractDataType  - getSqlType() - start
193296 [main] DEBUG org.dbunit.dataset.datatype.AbstractDataType  - getSqlType() - start
193297 [main] DEBUG org.dbunit.dataset.Column  - nullableValue(nullable=0) - start
193297 [main] DEBUG org.dbunit.dataset.Column  - autoIncrementValue(isAutoIncrement=NO) - start
193297 [main] TRACE org.dbunit.database.DefaultMetadataHandler  - matches(columnsResultSet=org.apache.commons.dbcp.DelegatingResultSet@5f709735, catalog=null, schema=null, table=USERS_AUTHORITIES, column=null, caseSensitive=false) - start
193297 [main] DEBUG org.dbunit.database.DefaultMetadataHandler  - Comparing the following values using caseSensitive=false (searched<=>actual): catalog: null<=>PUBLIC schema: null<=>PUBLIC table: USERS_AUTHORITIES<=>USERS_AUTHORITIES column: null<=>USER_ID
193297 [main] DEBUG org.dbunit.dataset.datatype.DefaultDataTypeFactory  - createDataType(sqlType=4 , sqlTypeName=INTEGER, tableName=USERS_AUTHORITIES, columnName=USER_ID) - start
193297 [main] DEBUG org.dbunit.dataset.datatype.DefaultDataTypeFactory  - createDataType(sqlType=4, sqlTypeName=INTEGER) - start
193297 [main] DEBUG org.dbunit.dataset.datatype.DataType  - forSqlType(sqlType=4) - start
193297 [main] DEBUG org.dbunit.dataset.datatype.AbstractDataType  - getSqlType() - start
193297 [main] DEBUG org.dbunit.dataset.datatype.AbstractDataType  - getSqlType() - start
193297 [main] DEBUG org.dbunit.dataset.datatype.AbstractDataType  - getSqlType() - start
193297 [main] DEBUG org.dbunit.dataset.datatype.AbstractDataType  - getSqlType() - start
193297 [main] DEBUG org.dbunit.dataset.datatype.AbstractDataType  - getSqlType() - start
193298 [main] DEBUG org.dbunit.dataset.datatype.AbstractDataType  - getSqlType() - start
193298 [main] DEBUG org.dbunit.dataset.datatype.AbstractDataType  - getSqlType() - start
193298 [main] DEBUG org.dbunit.dataset.datatype.AbstractDataType  - getSqlType() - start
193298 [main] DEBUG org.dbunit.dataset.datatype.AbstractDataType  - getSqlType() - start
193298 [main] DEBUG org.dbunit.dataset.datatype.AbstractDataType  - getSqlType() - start
193298 [main] DEBUG org.dbunit.dataset.datatype.AbstractDataType  - getSqlType() - start
193298 [main] DEBUG org.dbunit.dataset.datatype.AbstractDataType  - getSqlType() - start
193298 [main] DEBUG org.dbunit.dataset.Column  - nullableValue(nullable=0) - start
193298 [main] DEBUG org.dbunit.dataset.Column  - autoIncrementValue(isAutoIncrement=NO) - start
193298 [main] DEBUG org.dbunit.database.DatabaseTableMetaData  - getPrimaryKeys() - start
193298 [main] TRACE org.dbunit.database.DatabaseConfig  - getProperty(name=http://www.dbunit.org/properties/primaryKeyFilter) - start
193298 [main] DEBUG org.dbunit.database.DatabaseTableMetaData  - getPrimaryKeyNames() - start
193299 [main] DEBUG org.dbunit.database.DatabaseDataSourceConnection  - getConnection() - start
193299 [main] TRACE org.dbunit.database.DatabaseConfig  - getProperty(name=http://www.dbunit.org/properties/metadataHandler) - start
193299 [main] TRACE org.dbunit.database.DefaultMetadataHandler  - getPrimaryKeys(metaData=org.apache.commons.dbcp.DelegatingDatabaseMetaData@58d74986, schemaName=null, tableName=USERS_AUTHORITIES) - start
193299 [main] DEBUG org.dbunit.database.DatabaseTableMetaData  - getColumns() - start
193299 [main] DEBUG org.dbunit.dataset.Columns  - getColumns(columnNames=[], columns=[(AUTHORITY_ID, INTEGER, noNulls), (USER_ID, INTEGER, noNulls)]) - start
193299 [main] DEBUG org.dbunit.dataset.OrderedTableNameMap  - update(tableName=Users_Authorities, object=table=USERS_AUTHORITIES, cols=[(AUTHORITY_ID, INTEGER, noNulls), (USER_ID, INTEGER, noNulls)], pk=[]) - start
193299 [main] DEBUG org.dbunit.dataset.OrderedTableNameMap  - getTableName(tableName=Users_Authorities) - start
193299 [main] DEBUG org.dbunit.dataset.OrderedTableNameMap  - getTableName(tableName=Users_Authorities) - end - result=USERS_AUTHORITIES
193300 [main] DEBUG org.dbunit.dataset.OrderedTableNameMap  - getTableName(tableName=Users_Authorities) - start
193300 [main] DEBUG org.dbunit.dataset.OrderedTableNameMap  - getTableName(tableName=Users_Authorities) - end - result=USERS_AUTHORITIES
193300 [main] DEBUG org.dbunit.operation.AbstractOperation  - getQualifiedName(prefix=null, name=USERS_AUTHORITIES, connection=_databaseConfig=org.dbunit.database.DatabaseConfig[, _propertyMap={http://www.dbunit.org/properties/statementFactory=org.dbunit.database.statement.PreparedStatementFactory@626bc2b8, http://www.dbunit.org/features/caseSensitiveTableNames=false, http://www.dbunit.org/properties/fetchSize=100, http://www.dbunit.org/features/batchedStatements=false, http://www.dbunit.org/properties/metadataHandler=org.dbunit.database.DefaultMetadataHandler@3eeace42, http://www.dbunit.org/properties/datatypeFactory=org.dbunit.dataset.datatype.DefaultDataTypeFactory[_toleratedDeltaMap=org.dbunit.dataset.datatype.ToleratedDeltaMap@6452310a], http://www.dbunit.org/properties/escapePattern=null, http://www.dbunit.org/properties/batchSize=100, http://www.dbunit.org/features/qualifiedTableNames=false, http://www.dbunit.org/properties/tableType=[Ljava.lang.String;@5011bafa, http://www.dbunit.org/properties/resultSetTableFactory=org.dbunit.database.CachedResultSetTableFactory@10bcf083, http://www.dbunit.org/features/datatypeWarning=true}], _dataSet=AbstractDataSet[_orderedTableNameMap=null]) - start
193300 [main] TRACE org.dbunit.database.DatabaseConfig  - getProperty(name=http://www.dbunit.org/properties/escapePattern) - start
193300 [main] DEBUG org.dbunit.util.QualifiedTableName  - getQualifiedName() - start
193300 [main] DEBUG org.dbunit.util.QualifiedTableName  - getQualifiedName(prefix=null, name=USERS_AUTHORITIES, escapePattern=null) - start
193300 [main] DEBUG org.dbunit.database.statement.SimpleStatement  - addBatch(sql=delete from USERS_AUTHORITIES) - start
193300 [main] DEBUG org.dbunit.operation.DeleteAllOperation  - Added SQL: delete from USERS_AUTHORITIES
193300 [main] DEBUG org.dbunit.database.DatabaseDataSet  - getTableMetaData(tableName=User) - start
193300 [main] DEBUG org.dbunit.database.DatabaseDataSet  - initialize() - start
193300 [main] DEBUG org.dbunit.dataset.OrderedTableNameMap  - getTableName(tableName=User) - start
193300 [main] DEBUG org.dbunit.dataset.OrderedTableNameMap  - getTableName(tableName=User) - end - result=USER
193301 [main] DEBUG org.dbunit.dataset.OrderedTableNameMap  - getTableName(tableName=User) - start
193301 [main] DEBUG org.dbunit.dataset.OrderedTableNameMap  - getTableName(tableName=User) - end - result=USER
193301 [main] DEBUG org.dbunit.database.DatabaseDataSourceConnection  - getConnection() - start
193301 [main] TRACE org.dbunit.util.SQLHelper  - correctCase(tableName=User, connection=Transaction-aware proxy for target Connection [jdbc:hsqldb:mem:kontrollDS, UserName=sw, HSQL Database Engine Driver]) - start
193301 [main] TRACE org.dbunit.util.SQLHelper  - correctCase(tableName=User, databaseMetaData=org.apache.commons.dbcp.DelegatingDatabaseMetaData@2b418e2c) - start
193301 [main] TRACE org.dbunit.util.SQLHelper  - isEscaped(tableName=User, dbIdentifierQuoteString=") - start
193301 [main] DEBUG org.dbunit.util.SQLHelper  - isEscaped returns 'false' for tableName=User (dbIdentifierQuoteString=")
193301 [main] DEBUG org.dbunit.util.SQLHelper  - class org.dbunit.database.DatabaseTableMetaData. Corrected table name: oldValue=User newValue=USER
193301 [main] DEBUG org.dbunit.database.DatabaseTableMetaData  - Validating if table 'USER' exists in schema 'null' ...
193302 [main] TRACE org.dbunit.database.DatabaseConfig  - getProperty(name=http://www.dbunit.org/properties/metadataHandler) - start
193302 [main] TRACE org.dbunit.database.DefaultMetadataHandler  - tableExists(metaData=org.apache.commons.dbcp.DelegatingDatabaseMetaData@5cdd00e3, schemaName=null, tableName=USER) - start
193303 [main] DEBUG org.dbunit.util.SQLHelper  - close(resultSet=org.apache.commons.dbcp.DelegatingResultSet@783a500f) - start
193303 [main] DEBUG org.dbunit.database.DatabaseTableMetaData  - getColumns() - start
193303 [main] DEBUG org.dbunit.database.DatabaseDataSourceConnection  - getConnection() - start
193303 [main] TRACE org.dbunit.database.DatabaseConfig  - getProperty(name=http://www.dbunit.org/properties/metadataHandler) - start
193303 [main] TRACE org.dbunit.database.DefaultMetadataHandler  - getColumns(databaseMetaData=org.apache.commons.dbcp.DelegatingDatabaseMetaData@3c5e4673, schemaName=null, tableName=USER) - start
193341 [main] TRACE org.dbunit.database.DatabaseConfig  - getProperty(name=http://www.dbunit.org/properties/datatypeFactory) - start
193341 [main] DEBUG org.dbunit.database.DatabaseDataSourceConnection  - getConnection() - start
193341 [main] WARN  org.dbunit.dataset.AbstractTableMetaData  - Potential problem found: The configured data type factory 'class org.dbunit.dataset.datatype.DefaultDataTypeFactory' might cause problems with the current database 'HSQL Database Engine' (e.g. some datatypes may not be supported properly). In rare cases you might see this message because the list of supported database products is incomplete (list=[derby]). If so please request a java-class update via the forums.If you are using your own IDataTypeFactory extending DefaultDataTypeFactory, ensure that you override getValidDbProducts() to specify the supported database products.
193341 [main] TRACE org.dbunit.database.DatabaseConfig  - getFeature(name=http://www.dbunit.org/features/datatypeWarning) - start
193341 [main] TRACE org.dbunit.database.DatabaseConfig  - getProperty(name=http://www.dbunit.org/features/datatypeWarning) - start
193342 [main] TRACE org.dbunit.database.DefaultMetadataHandler  - matches(columnsResultSet=org.apache.commons.dbcp.DelegatingResultSet@4cc9327b, catalog=null, schema=null, table=USER, column=null, caseSensitive=false) - start
193342 [main] DEBUG org.dbunit.database.DefaultMetadataHandler  - Comparing the following values using caseSensitive=false (searched<=>actual): catalog: null<=>PUBLIC schema: null<=>PUBLIC table: USER<=>USER column: null<=>ID
193342 [main] DEBUG org.dbunit.dataset.datatype.DefaultDataTypeFactory  - createDataType(sqlType=4 , sqlTypeName=INTEGER, tableName=USER, columnName=ID) - start
193342 [main] DEBUG org.dbunit.dataset.datatype.DefaultDataTypeFactory  - createDataType(sqlType=4, sqlTypeName=INTEGER) - start
193342 [main] DEBUG org.dbunit.dataset.datatype.DataType  - forSqlType(sqlType=4) - start
193342 [main] DEBUG org.dbunit.dataset.datatype.AbstractDataType  - getSqlType() - start
193342 [main] DEBUG org.dbunit.dataset.datatype.AbstractDataType  - getSqlType() - start
193342 [main] DEBUG org.dbunit.dataset.datatype.AbstractDataType  - getSqlType() - start
193342 [main] DEBUG org.dbunit.dataset.datatype.AbstractDataType  - getSqlType() - start
193342 [main] DEBUG org.dbunit.dataset.datatype.AbstractDataType  - getSqlType() - start
193342 [main] DEBUG org.dbunit.dataset.datatype.AbstractDataType  - getSqlType() - start
193342 [main] DEBUG org.dbunit.dataset.datatype.AbstractDataType  - getSqlType() - start
193342 [main] DEBUG org.dbunit.dataset.datatype.AbstractDataType  - getSqlType() - start
193343 [main] DEBUG org.dbunit.dataset.datatype.AbstractDataType  - getSqlType() - start
193343 [main] DEBUG org.dbunit.dataset.datatype.AbstractDataType  - getSqlType() - start
193343 [main] DEBUG org.dbunit.dataset.datatype.AbstractDataType  - getSqlType() - start
193343 [main] DEBUG org.dbunit.dataset.datatype.AbstractDataType  - getSqlType() - start
193343 [main] DEBUG org.dbunit.dataset.Column  - nullableValue(nullable=0) - start
193343 [main] DEBUG org.dbunit.dataset.Column  - autoIncrementValue(isAutoIncrement=YES) - start
193343 [main] TRACE org.dbunit.database.DefaultMetadataHandler  - matches(columnsResultSet=org.apache.commons.dbcp.DelegatingResultSet@4cc9327b, catalog=null, schema=null, table=USER, column=null, caseSensitive=false) - start
193343 [main] DEBUG org.dbunit.database.DefaultMetadataHandler  - Comparing the following values using caseSensitive=false (searched<=>actual): catalog: null<=>PUBLIC schema: null<=>PUBLIC table: USER<=>USER column: null<=>TIMESTAMP
193343 [main] DEBUG org.dbunit.dataset.datatype.DefaultDataTypeFactory  - createDataType(sqlType=93 , sqlTypeName=TIMESTAMP, tableName=USER, columnName=TIMESTAMP) - start
193343 [main] DEBUG org.dbunit.dataset.datatype.DefaultDataTypeFactory  - createDataType(sqlType=93, sqlTypeName=TIMESTAMP) - start
193343 [main] DEBUG org.dbunit.dataset.datatype.DataType  - forSqlType(sqlType=93) - start
193343 [main] DEBUG org.dbunit.dataset.datatype.AbstractDataType  - getSqlType() - start
193344 [main] DEBUG org.dbunit.dataset.datatype.AbstractDataType  - getSqlType() - start
193344 [main] DEBUG org.dbunit.dataset.datatype.AbstractDataType  - getSqlType() - start
193344 [main] DEBUG org.dbunit.dataset.datatype.AbstractDataType  - getSqlType() - start
193344 [main] DEBUG org.dbunit.dataset.datatype.AbstractDataType  - getSqlType() - start
193344 [main] DEBUG org.dbunit.dataset.datatype.AbstractDataType  - getSqlType() - start
193344 [main] DEBUG org.dbunit.dataset.datatype.AbstractDataType  - getSqlType() - start
193344 [main] DEBUG org.dbunit.dataset.datatype.AbstractDataType  - getSqlType() - start
193344 [main] DEBUG org.dbunit.dataset.datatype.AbstractDataType  - getSqlType() - start
193344 [main] DEBUG org.dbunit.dataset.datatype.AbstractDataType  - getSqlType() - start
193344 [main] DEBUG org.dbunit.dataset.datatype.AbstractDataType  - getSqlType() - start
193344 [main] DEBUG org.dbunit.dataset.datatype.AbstractDataType  - getSqlType() - start
193344 [main] DEBUG org.dbunit.dataset.datatype.AbstractDataType  - getSqlType() - start
193344 [main] DEBUG org.dbunit.dataset.datatype.AbstractDataType  - getSqlType() - start
193345 [main] DEBUG org.dbunit.dataset.datatype.AbstractDataType  - getSqlType() - start
193345 [main] DEBUG org.dbunit.dataset.datatype.AbstractDataType  - getSqlType() - start
193345 [main] DEBUG org.dbunit.dataset.datatype.AbstractDataType  - getSqlType() - start
193345 [main] DEBUG org.dbunit.dataset.datatype.AbstractDataType  - getSqlType() - start
193345 [main] DEBUG org.dbunit.dataset.datatype.AbstractDataType  - getSqlType() - start
193345 [main] DEBUG org.dbunit.dataset.datatype.AbstractDataType  - getSqlType() - start
193345 [main] DEBUG org.dbunit.dataset.datatype.AbstractDataType  - getSqlType() - start
193345 [main] DEBUG org.dbunit.dataset.Column  - nullableValue(nullable=1) - start
193345 [main] DEBUG org.dbunit.dataset.Column  - autoIncrementValue(isAutoIncrement=NO) - start
193345 [main] TRACE org.dbunit.database.DefaultMetadataHandler  - matches(columnsResultSet=org.apache.commons.dbcp.DelegatingResultSet@4cc9327b, catalog=null, schema=null, table=USER, column=null, caseSensitive=false) - start
193345 [main] DEBUG org.dbunit.database.DefaultMetadataHandler  - Comparing the following values using caseSensitive=false (searched<=>actual): catalog: null<=>PUBLIC schema: null<=>PUBLIC table: USER<=>USER column: null<=>ENABLED
193345 [main] DEBUG org.dbunit.dataset.datatype.DefaultDataTypeFactory  - createDataType(sqlType=16 , sqlTypeName=BOOLEAN, tableName=USER, columnName=ENABLED) - start
193346 [main] DEBUG org.dbunit.dataset.datatype.DefaultDataTypeFactory  - createDataType(sqlType=16, sqlTypeName=BOOLEAN) - start
193346 [main] DEBUG org.dbunit.dataset.datatype.DataType  - forSqlType(sqlType=16) - start
193346 [main] DEBUG org.dbunit.dataset.datatype.AbstractDataType  - getSqlType() - start
193346 [main] DEBUG org.dbunit.dataset.datatype.AbstractDataType  - getSqlType() - start
193346 [main] DEBUG org.dbunit.dataset.datatype.AbstractDataType  - getSqlType() - start
193346 [main] DEBUG org.dbunit.dataset.datatype.AbstractDataType  - getSqlType() - start
193346 [main] DEBUG org.dbunit.dataset.datatype.AbstractDataType  - getSqlType() - start
193346 [main] DEBUG org.dbunit.dataset.datatype.AbstractDataType  - getSqlType() - start
193346 [main] DEBUG org.dbunit.dataset.datatype.AbstractDataType  - getSqlType() - start
193346 [main] DEBUG org.dbunit.dataset.datatype.AbstractDataType  - getSqlType() - start
193346 [main] DEBUG org.dbunit.dataset.datatype.AbstractDataType  - getSqlType() - start
193346 [main] DEBUG org.dbunit.dataset.datatype.AbstractDataType  - getSqlType() - start
193346 [main] DEBUG org.dbunit.dataset.Column  - nullableValue(nullable=0) - start
193347 [main] DEBUG org.dbunit.dataset.Column  - autoIncrementValue(isAutoIncrement=NO) - start
193347 [main] TRACE org.dbunit.database.DefaultMetadataHandler  - matches(columnsResultSet=org.apache.commons.dbcp.DelegatingResultSet@4cc9327b, catalog=null, schema=null, table=USER, column=null, caseSensitive=false) - start
193347 [main] DEBUG org.dbunit.database.DefaultMetadataHandler  - Comparing the following values using caseSensitive=false (searched<=>actual): catalog: null<=>PUBLIC schema: null<=>PUBLIC table: USER<=>USER column: null<=>NAME
193347 [main] DEBUG org.dbunit.dataset.datatype.DefaultDataTypeFactory  - createDataType(sqlType=12 , sqlTypeName=VARCHAR, tableName=USER, columnName=NAME) - start
193347 [main] DEBUG org.dbunit.dataset.datatype.DefaultDataTypeFactory  - createDataType(sqlType=12, sqlTypeName=VARCHAR) - start
193347 [main] DEBUG org.dbunit.dataset.datatype.DataType  - forSqlType(sqlType=12) - start
193347 [main] DEBUG org.dbunit.dataset.datatype.AbstractDataType  - getSqlType() - start
193347 [main] DEBUG org.dbunit.dataset.Column  - nullableValue(nullable=0) - start
193347 [main] DEBUG org.dbunit.dataset.Column  - autoIncrementValue(isAutoIncrement=NO) - start
193347 [main] TRACE org.dbunit.database.DefaultMetadataHandler  - matches(columnsResultSet=org.apache.commons.dbcp.DelegatingResultSet@4cc9327b, catalog=null, schema=null, table=USER, column=null, caseSensitive=false) - start
193347 [main] DEBUG org.dbunit.database.DefaultMetadataHandler  - Comparing the following values using caseSensitive=false (searched<=>actual): catalog: null<=>PUBLIC schema: null<=>PUBLIC table: USER<=>USER column: null<=>PASSWORD
193347 [main] DEBUG org.dbunit.dataset.datatype.DefaultDataTypeFactory  - createDataType(sqlType=12 , sqlTypeName=VARCHAR, tableName=USER, columnName=PASSWORD) - start
193348 [main] DEBUG org.dbunit.dataset.datatype.DefaultDataTypeFactory  - createDataType(sqlType=12, sqlTypeName=VARCHAR) - start
193348 [main] DEBUG org.dbunit.dataset.datatype.DataType  - forSqlType(sqlType=12) - start
193348 [main] DEBUG org.dbunit.dataset.datatype.AbstractDataType  - getSqlType() - start
193348 [main] DEBUG org.dbunit.dataset.Column  - nullableValue(nullable=0) - start
193348 [main] DEBUG org.dbunit.dataset.Column  - autoIncrementValue(isAutoIncrement=NO) - start
193348 [main] DEBUG org.dbunit.database.DatabaseTableMetaData  - getPrimaryKeys() - start
193348 [main] TRACE org.dbunit.database.DatabaseConfig  - getProperty(name=http://www.dbunit.org/properties/primaryKeyFilter) - start
193348 [main] DEBUG org.dbunit.database.DatabaseTableMetaData  - getPrimaryKeyNames() - start
193348 [main] DEBUG org.dbunit.database.DatabaseDataSourceConnection  - getConnection() - start
193348 [main] TRACE org.dbunit.database.DatabaseConfig  - getProperty(name=http://www.dbunit.org/properties/metadataHandler) - start
193348 [main] TRACE org.dbunit.database.DefaultMetadataHandler  - getPrimaryKeys(metaData=org.apache.commons.dbcp.DelegatingDatabaseMetaData@2d11509f, schemaName=null, tableName=USER) - start
193349 [main] DEBUG org.dbunit.database.DatabaseTableMetaData  - getName() - start
193349 [main] DEBUG org.dbunit.database.DatabaseTableMetaData  - getColumns() - start
193349 [main] DEBUG org.dbunit.dataset.Columns  - getColumns(columnNames=[ID], columns=[(ID, INTEGER, noNulls), (TIMESTAMP, TIMESTAMP, nullable), (ENABLED, BOOLEAN, noNulls), (NAME, VARCHAR, noNulls), (PASSWORD, VARCHAR, noNulls)]) - start
193349 [main] DEBUG org.dbunit.dataset.Columns  - getColumn(columnName=ID, columns=[(ID, INTEGER, noNulls), (TIMESTAMP, TIMESTAMP, nullable), (ENABLED, BOOLEAN, noNulls), (NAME, VARCHAR, noNulls), (PASSWORD, VARCHAR, noNulls)]) - start
193349 [main] DEBUG org.dbunit.dataset.OrderedTableNameMap  - update(tableName=User, object=table=USER, cols=[(ID, INTEGER, noNulls), (TIMESTAMP, TIMESTAMP, nullable), (ENABLED, BOOLEAN, noNulls), (NAME, VARCHAR, noNulls), (PASSWORD, VARCHAR, noNulls)], pk=[(ID, INTEGER, noNulls)]) - start
193349 [main] DEBUG org.dbunit.dataset.OrderedTableNameMap  - getTableName(tableName=User) - start
193349 [main] DEBUG org.dbunit.dataset.OrderedTableNameMap  - getTableName(tableName=User) - end - result=USER
193349 [main] DEBUG org.dbunit.dataset.OrderedTableNameMap  - getTableName(tableName=User) - start
193350 [main] DEBUG org.dbunit.dataset.OrderedTableNameMap  - getTableName(tableName=User) - end - result=USER
193350 [main] DEBUG org.dbunit.operation.AbstractOperation  - getQualifiedName(prefix=null, name=USER, connection=_databaseConfig=org.dbunit.database.DatabaseConfig[, _propertyMap={http://www.dbunit.org/properties/statementFactory=org.dbunit.database.statement.PreparedStatementFactory@626bc2b8, http://www.dbunit.org/features/caseSensitiveTableNames=false, http://www.dbunit.org/properties/fetchSize=100, http://www.dbunit.org/features/batchedStatements=false, http://www.dbunit.org/properties/metadataHandler=org.dbunit.database.DefaultMetadataHandler@3eeace42, http://www.dbunit.org/properties/datatypeFactory=org.dbunit.dataset.datatype.DefaultDataTypeFactory[_toleratedDeltaMap=org.dbunit.dataset.datatype.ToleratedDeltaMap@6452310a], http://www.dbunit.org/properties/escapePattern=null, http://www.dbunit.org/properties/batchSize=100, http://www.dbunit.org/features/qualifiedTableNames=false, http://www.dbunit.org/properties/tableType=[Ljava.lang.String;@5011bafa, http://www.dbunit.org/properties/resultSetTableFactory=org.dbunit.database.CachedResultSetTableFactory@10bcf083, http://www.dbunit.org/features/datatypeWarning=true}], _dataSet=AbstractDataSet[_orderedTableNameMap=null]) - start
193350 [main] TRACE org.dbunit.database.DatabaseConfig  - getProperty(name=http://www.dbunit.org/properties/escapePattern) - start
193350 [main] DEBUG org.dbunit.util.QualifiedTableName  - getQualifiedName() - start
193350 [main] DEBUG org.dbunit.util.QualifiedTableName  - getQualifiedName(prefix=null, name=USER, escapePattern=null) - start
193350 [main] DEBUG org.dbunit.database.statement.SimpleStatement  - addBatch(sql=delete from USER) - start
193350 [main] DEBUG org.dbunit.operation.DeleteAllOperation  - Added SQL: delete from USER
193350 [main] DEBUG org.dbunit.database.DatabaseDataSet  - getTableMetaData(tableName=Scope_RequestContext) - start
193350 [main] DEBUG org.dbunit.database.DatabaseDataSet  - initialize() - start
193350 [main] DEBUG org.dbunit.dataset.OrderedTableNameMap  - getTableName(tableName=Scope_RequestContext) - start
193350 [main] DEBUG org.dbunit.dataset.OrderedTableNameMap  - getTableName(tableName=Scope_RequestContext) - end - result=SCOPE_REQUESTCONTEXT
193350 [main] DEBUG org.dbunit.dataset.OrderedTableNameMap  - getTableName(tableName=Scope_RequestContext) - start
193351 [main] DEBUG org.dbunit.dataset.OrderedTableNameMap  - getTableName(tableName=Scope_RequestContext) - end - result=SCOPE_REQUESTCONTEXT
193351 [main] DEBUG org.dbunit.database.DatabaseDataSourceConnection  - getConnection() - start
193351 [main] TRACE org.dbunit.util.SQLHelper  - correctCase(tableName=Scope_RequestContext, connection=Transaction-aware proxy for target Connection [jdbc:hsqldb:mem:kontrollDS, UserName=sw, HSQL Database Engine Driver]) - start
193351 [main] TRACE org.dbunit.util.SQLHelper  - correctCase(tableName=Scope_RequestContext, databaseMetaData=org.apache.commons.dbcp.DelegatingDatabaseMetaData@4fb54562) - start
193351 [main] TRACE org.dbunit.util.SQLHelper  - isEscaped(tableName=Scope_RequestContext, dbIdentifierQuoteString=") - start
193351 [main] DEBUG org.dbunit.util.SQLHelper  - isEscaped returns 'false' for tableName=Scope_RequestContext (dbIdentifierQuoteString=")
193351 [main] DEBUG org.dbunit.util.SQLHelper  - class org.dbunit.database.DatabaseTableMetaData. Corrected table name: oldValue=Scope_RequestContext newValue=SCOPE_REQUESTCONTEXT
193351 [main] DEBUG org.dbunit.database.DatabaseTableMetaData  - Validating if table 'SCOPE_REQUESTCONTEXT' exists in schema 'null' ...
193351 [main] TRACE org.dbunit.database.DatabaseConfig  - getProperty(name=http://www.dbunit.org/properties/metadataHandler) - start
193351 [main] TRACE org.dbunit.database.DefaultMetadataHandler  - tableExists(metaData=org.apache.commons.dbcp.DelegatingDatabaseMetaData@5de4dd0, schemaName=null, tableName=SCOPE_REQUESTCONTEXT) - start
193352 [main] DEBUG org.dbunit.util.SQLHelper  - close(resultSet=org.apache.commons.dbcp.DelegatingResultSet@708dfce7) - start
193353 [main] DEBUG org.dbunit.database.DatabaseTableMetaData  - getColumns() - start
193353 [main] DEBUG org.dbunit.database.DatabaseDataSourceConnection  - getConnection() - start
193353 [main] TRACE org.dbunit.database.DatabaseConfig  - getProperty(name=http://www.dbunit.org/properties/metadataHandler) - start
193353 [main] TRACE org.dbunit.database.DefaultMetadataHandler  - getColumns(databaseMetaData=org.apache.commons.dbcp.DelegatingDatabaseMetaData@79d6db6b, schemaName=null, tableName=SCOPE_REQUESTCONTEXT) - start
193372 [main] TRACE org.dbunit.database.DatabaseConfig  - getProperty(name=http://www.dbunit.org/properties/datatypeFactory) - start
193372 [main] DEBUG org.dbunit.database.DatabaseDataSourceConnection  - getConnection() - start
193372 [main] WARN  org.dbunit.dataset.AbstractTableMetaData  - Potential problem found: The configured data type factory 'class org.dbunit.dataset.datatype.DefaultDataTypeFactory' might cause problems with the current database 'HSQL Database Engine' (e.g. some datatypes may not be supported properly). In rare cases you might see this message because the list of supported database products is incomplete (list=[derby]). If so please request a java-class update via the forums.If you are using your own IDataTypeFactory extending DefaultDataTypeFactory, ensure that you override getValidDbProducts() to specify the supported database products.
193372 [main] TRACE org.dbunit.database.DatabaseConfig  - getFeature(name=http://www.dbunit.org/features/datatypeWarning) - start
193372 [main] TRACE org.dbunit.database.DatabaseConfig  - getProperty(name=http://www.dbunit.org/features/datatypeWarning) - start
193372 [main] TRACE org.dbunit.database.DefaultMetadataHandler  - matches(columnsResultSet=org.apache.commons.dbcp.DelegatingResultSet@c73947a, catalog=null, schema=null, table=SCOPE_REQUESTCONTEXT, column=null, caseSensitive=false) - start
193372 [main] DEBUG org.dbunit.database.DefaultMetadataHandler  - Comparing the following values using caseSensitive=false (searched<=>actual): catalog: null<=>PUBLIC schema: null<=>PUBLIC table: SCOPE_REQUESTCONTEXT<=>SCOPE_REQUESTCONTEXT column: null<=>REQUEST_CONTEXT_ID
193372 [main] DEBUG org.dbunit.dataset.datatype.DefaultDataTypeFactory  - createDataType(sqlType=4 , sqlTypeName=INTEGER, tableName=SCOPE_REQUESTCONTEXT, columnName=REQUEST_CONTEXT_ID) - start
193372 [main] DEBUG org.dbunit.dataset.datatype.DefaultDataTypeFactory  - createDataType(sqlType=4, sqlTypeName=INTEGER) - start
193372 [main] DEBUG org.dbunit.dataset.datatype.DataType  - forSqlType(sqlType=4) - start
193372 [main] DEBUG org.dbunit.dataset.datatype.AbstractDataType  - getSqlType() - start
193372 [main] DEBUG org.dbunit.dataset.datatype.AbstractDataType  - getSqlType() - start
193372 [main] DEBUG org.dbunit.dataset.datatype.AbstractDataType  - getSqlType() - start
193372 [main] DEBUG org.dbunit.dataset.datatype.AbstractDataType  - getSqlType() - start
193372 [main] DEBUG org.dbunit.dataset.datatype.AbstractDataType  - getSqlType() - start
193372 [main] DEBUG org.dbunit.dataset.datatype.AbstractDataType  - getSqlType() - start
193372 [main] DEBUG org.dbunit.dataset.datatype.AbstractDataType  - getSqlType() - start
193372 [main] DEBUG org.dbunit.dataset.datatype.AbstractDataType  - getSqlType() - start
193372 [main] DEBUG org.dbunit.dataset.datatype.AbstractDataType  - getSqlType() - start
193372 [main] DEBUG org.dbunit.dataset.datatype.AbstractDataType  - getSqlType() - start
193372 [main] DEBUG org.dbunit.dataset.datatype.AbstractDataType  - getSqlType() - start
193373 [main] DEBUG org.dbunit.dataset.datatype.AbstractDataType  - getSqlType() - start
193373 [main] DEBUG org.dbunit.dataset.Column  - nullableValue(nullable=0) - start
193373 [main] DEBUG org.dbunit.dataset.Column  - autoIncrementValue(isAutoIncrement=NO) - start
193373 [main] TRACE org.dbunit.database.DefaultMetadataHandler  - matches(columnsResultSet=org.apache.commons.dbcp.DelegatingResultSet@c73947a, catalog=null, schema=null, table=SCOPE_REQUESTCONTEXT, column=null, caseSensitive=false) - start
193373 [main] DEBUG org.dbunit.database.DefaultMetadataHandler  - Comparing the following values using caseSensitive=false (searched<=>actual): catalog: null<=>PUBLIC schema: null<=>PUBLIC table: SCOPE_REQUESTCONTEXT<=>SCOPE_REQUESTCONTEXT column: null<=>SCOPE_ID
193373 [main] DEBUG org.dbunit.dataset.datatype.DefaultDataTypeFactory  - createDataType(sqlType=4 , sqlTypeName=INTEGER, tableName=SCOPE_REQUESTCONTEXT, columnName=SCOPE_ID) - start
193373 [main] DEBUG org.dbunit.dataset.datatype.DefaultDataTypeFactory  - createDataType(sqlType=4, sqlTypeName=INTEGER) - start
193373 [main] DEBUG org.dbunit.dataset.datatype.DataType  - forSqlType(sqlType=4) - start
193373 [main] DEBUG org.dbunit.dataset.datatype.AbstractDataType  - getSqlType() - start
193373 [main] DEBUG org.dbunit.dataset.datatype.AbstractDataType  - getSqlType() - start
193373 [main] DEBUG org.dbunit.dataset.datatype.AbstractDataType  - getSqlType() - start
193373 [main] DEBUG org.dbunit.dataset.datatype.AbstractDataType  - getSqlType() - start
193373 [main] DEBUG org.dbunit.dataset.datatype.AbstractDataType  - getSqlType() - start
193373 [main] DEBUG org.dbunit.dataset.datatype.AbstractDataType  - getSqlType() - start
193373 [main] DEBUG org.dbunit.dataset.datatype.AbstractDataType  - getSqlType() - start
193373 [main] DEBUG org.dbunit.dataset.datatype.AbstractDataType  - getSqlType() - start
193373 [main] DEBUG org.dbunit.dataset.datatype.AbstractDataType  - getSqlType() - start
193373 [main] DEBUG org.dbunit.dataset.datatype.AbstractDataType  - getSqlType() - start
193373 [main] DEBUG org.dbunit.dataset.datatype.AbstractDataType  - getSqlType() - start
193373 [main] DEBUG org.dbunit.dataset.datatype.AbstractDataType  - getSqlType() - start
193373 [main] DEBUG org.dbunit.dataset.Column  - nullableValue(nullable=0) - start
193373 [main] DEBUG org.dbunit.dataset.Column  - autoIncrementValue(isAutoIncrement=NO) - start
193373 [main] DEBUG org.dbunit.database.DatabaseTableMetaData  - getPrimaryKeys() - start
193374 [main] TRACE org.dbunit.database.DatabaseConfig  - getProperty(name=http://www.dbunit.org/properties/primaryKeyFilter) - start
193374 [main] DEBUG org.dbunit.database.DatabaseTableMetaData  - getPrimaryKeyNames() - start
193374 [main] DEBUG org.dbunit.database.DatabaseDataSourceConnection  - getConnection() - start
193374 [main] TRACE org.dbunit.database.DatabaseConfig  - getProperty(name=http://www.dbunit.org/properties/metadataHandler) - start
193374 [main] TRACE org.dbunit.database.DefaultMetadataHandler  - getPrimaryKeys(metaData=org.apache.commons.dbcp.DelegatingDatabaseMetaData@7818dbf8, schemaName=null, tableName=SCOPE_REQUESTCONTEXT) - start
193374 [main] DEBUG org.dbunit.database.DatabaseTableMetaData  - getColumns() - start
193374 [main] DEBUG org.dbunit.dataset.Columns  - getColumns(columnNames=[], columns=[(REQUEST_CONTEXT_ID, INTEGER, noNulls), (SCOPE_ID, INTEGER, noNulls)]) - start
193374 [main] DEBUG org.dbunit.dataset.OrderedTableNameMap  - update(tableName=Scope_RequestContext, object=table=SCOPE_REQUESTCONTEXT, cols=[(REQUEST_CONTEXT_ID, INTEGER, noNulls), (SCOPE_ID, INTEGER, noNulls)], pk=[]) - start
193374 [main] DEBUG org.dbunit.dataset.OrderedTableNameMap  - getTableName(tableName=Scope_RequestContext) - start
193374 [main] DEBUG org.dbunit.dataset.OrderedTableNameMap  - getTableName(tableName=Scope_RequestContext) - end - result=SCOPE_REQUESTCONTEXT
193374 [main] DEBUG org.dbunit.dataset.OrderedTableNameMap  - getTableName(tableName=Scope_RequestContext) - start
193374 [main] DEBUG org.dbunit.dataset.OrderedTableNameMap  - getTableName(tableName=Scope_RequestContext) - end - result=SCOPE_REQUESTCONTEXT
193374 [main] DEBUG org.dbunit.operation.AbstractOperation  - getQualifiedName(prefix=null, name=SCOPE_REQUESTCONTEXT, connection=_databaseConfig=org.dbunit.database.DatabaseConfig[, _propertyMap={http://www.dbunit.org/properties/statementFactory=org.dbunit.database.statement.PreparedStatementFactory@626bc2b8, http://www.dbunit.org/features/caseSensitiveTableNames=false, http://www.dbunit.org/properties/fetchSize=100, http://www.dbunit.org/features/batchedStatements=false, http://www.dbunit.org/properties/metadataHandler=org.dbunit.database.DefaultMetadataHandler@3eeace42, http://www.dbunit.org/properties/datatypeFactory=org.dbunit.dataset.datatype.DefaultDataTypeFactory[_toleratedDeltaMap=org.dbunit.dataset.datatype.ToleratedDeltaMap@6452310a], http://www.dbunit.org/properties/escapePattern=null, http://www.dbunit.org/properties/batchSize=100, http://www.dbunit.org/features/qualifiedTableNames=false, http://www.dbunit.org/properties/tableType=[Ljava.lang.String;@5011bafa, http://www.dbunit.org/properties/resultSetTableFactory=org.dbunit.database.CachedResultSetTableFactory@10bcf083, http://www.dbunit.org/features/datatypeWarning=true}], _dataSet=AbstractDataSet[_orderedTableNameMap=null]) - start
193375 [main] TRACE org.dbunit.database.DatabaseConfig  - getProperty(name=http://www.dbunit.org/properties/escapePattern) - start
193375 [main] DEBUG org.dbunit.util.QualifiedTableName  - getQualifiedName() - start
193375 [main] DEBUG org.dbunit.util.QualifiedTableName  - getQualifiedName(prefix=null, name=SCOPE_REQUESTCONTEXT, escapePattern=null) - start
193375 [main] DEBUG org.dbunit.database.statement.SimpleStatement  - addBatch(sql=delete from SCOPE_REQUESTCONTEXT) - start
193375 [main] DEBUG org.dbunit.operation.DeleteAllOperation  - Added SQL: delete from SCOPE_REQUESTCONTEXT
193375 [main] DEBUG org.dbunit.database.DatabaseDataSet  - getTableMetaData(tableName=ScopedContent_ScopedContentItem) - start
193375 [main] DEBUG org.dbunit.database.DatabaseDataSet  - initialize() - start
193375 [main] DEBUG org.dbunit.dataset.OrderedTableNameMap  - getTableName(tableName=ScopedContent_ScopedContentItem) - start
193375 [main] DEBUG org.dbunit.dataset.OrderedTableNameMap  - getTableName(tableName=ScopedContent_ScopedContentItem) - end - result=SCOPEDCONTENT_SCOPEDCONTENTITEM
193375 [main] DEBUG org.dbunit.dataset.OrderedTableNameMap  - getTableName(tableName=ScopedContent_ScopedContentItem) - start
193375 [main] DEBUG org.dbunit.dataset.OrderedTableNameMap  - getTableName(tableName=ScopedContent_ScopedContentItem) - end - result=SCOPEDCONTENT_SCOPEDCONTENTITEM
193375 [main] DEBUG org.dbunit.database.DatabaseDataSourceConnection  - getConnection() - start
193375 [main] TRACE org.dbunit.util.SQLHelper  - correctCase(tableName=ScopedContent_ScopedContentItem, connection=Transaction-aware proxy for target Connection [jdbc:hsqldb:mem:kontrollDS, UserName=sw, HSQL Database Engine Driver]) - start
193375 [main] TRACE org.dbunit.util.SQLHelper  - correctCase(tableName=ScopedContent_ScopedContentItem, databaseMetaData=org.apache.commons.dbcp.DelegatingDatabaseMetaData@4bd0d8ed) - start
193375 [main] TRACE org.dbunit.util.SQLHelper  - isEscaped(tableName=ScopedContent_ScopedContentItem, dbIdentifierQuoteString=") - start
193375 [main] DEBUG org.dbunit.util.SQLHelper  - isEscaped returns 'false' for tableName=ScopedContent_ScopedContentItem (dbIdentifierQuoteString=")
193375 [main] DEBUG org.dbunit.util.SQLHelper  - class org.dbunit.database.DatabaseTableMetaData. Corrected table name: oldValue=ScopedContent_ScopedContentItem newValue=SCOPEDCONTENT_SCOPEDCONTENTITEM
193375 [main] DEBUG org.dbunit.database.DatabaseTableMetaData  - Validating if table 'SCOPEDCONTENT_SCOPEDCONTENTITEM' exists in schema 'null' ...
193375 [main] TRACE org.dbunit.database.DatabaseConfig  - getProperty(name=http://www.dbunit.org/properties/metadataHandler) - start
193375 [main] TRACE org.dbunit.database.DefaultMetadataHandler  - tableExists(metaData=org.apache.commons.dbcp.DelegatingDatabaseMetaData@7c51d67d, schemaName=null, tableName=SCOPEDCONTENT_SCOPEDCONTENTITEM) - start
193376 [main] DEBUG org.dbunit.util.SQLHelper  - close(resultSet=org.apache.commons.dbcp.DelegatingResultSet@407b8a8e) - start
193376 [main] DEBUG org.dbunit.database.DatabaseTableMetaData  - getColumns() - start
193376 [main] DEBUG org.dbunit.database.DatabaseDataSourceConnection  - getConnection() - start
193376 [main] TRACE org.dbunit.database.DatabaseConfig  - getProperty(name=http://www.dbunit.org/properties/metadataHandler) - start
193376 [main] TRACE org.dbunit.database.DefaultMetadataHandler  - getColumns(databaseMetaData=org.apache.commons.dbcp.DelegatingDatabaseMetaData@6ec591b4, schemaName=null, tableName=SCOPEDCONTENT_SCOPEDCONTENTITEM) - start
193393 [main] TRACE org.dbunit.database.DatabaseConfig  - getProperty(name=http://www.dbunit.org/properties/datatypeFactory) - start
193393 [main] DEBUG org.dbunit.database.DatabaseDataSourceConnection  - getConnection() - start
193393 [main] WARN  org.dbunit.dataset.AbstractTableMetaData  - Potential problem found: The configured data type factory 'class org.dbunit.dataset.datatype.DefaultDataTypeFactory' might cause problems with the current database 'HSQL Database Engine' (e.g. some datatypes may not be supported properly). In rare cases you might see this message because the list of supported database products is incomplete (list=[derby]). If so please request a java-class update via the forums.If you are using your own IDataTypeFactory extending DefaultDataTypeFactory, ensure that you override getValidDbProducts() to specify the supported database products.
193393 [main] TRACE org.dbunit.database.DatabaseConfig  - getFeature(name=http://www.dbunit.org/features/datatypeWarning) - start
193393 [main] TRACE org.dbunit.database.DatabaseConfig  - getProperty(name=http://www.dbunit.org/features/datatypeWarning) - start
193393 [main] TRACE org.dbunit.database.DefaultMetadataHandler  - matches(columnsResultSet=org.apache.commons.dbcp.DelegatingResultSet@260b09fc, catalog=null, schema=null, table=SCOPEDCONTENT_SCOPEDCONTENTITEM, column=null, caseSensitive=false) - start
193393 [main] DEBUG org.dbunit.database.DefaultMetadataHandler  - Comparing the following values using caseSensitive=false (searched<=>actual): catalog: null<=>PUBLIC schema: null<=>PUBLIC table: SCOPEDCONTENT_SCOPEDCONTENTITEM<=>SCOPEDCONTENT_SCOPEDCONTENTITEM column: null<=>SCOPED_CONTENT_ID
193393 [main] DEBUG org.dbunit.dataset.datatype.DefaultDataTypeFactory  - createDataType(sqlType=4 , sqlTypeName=INTEGER, tableName=SCOPEDCONTENT_SCOPEDCONTENTITEM, columnName=SCOPED_CONTENT_ID) - start
193393 [main] DEBUG org.dbunit.dataset.datatype.DefaultDataTypeFactory  - createDataType(sqlType=4, sqlTypeName=INTEGER) - start
193393 [main] DEBUG org.dbunit.dataset.datatype.DataType  - forSqlType(sqlType=4) - start
193393 [main] DEBUG org.dbunit.dataset.datatype.AbstractDataType  - getSqlType() - start
193394 [main] DEBUG org.dbunit.dataset.datatype.AbstractDataType  - getSqlType() - start
193394 [main] DEBUG org.dbunit.dataset.datatype.AbstractDataType  - getSqlType() - start
193394 [main] DEBUG org.dbunit.dataset.datatype.AbstractDataType  - getSqlType() - start
193394 [main] DEBUG org.dbunit.dataset.datatype.AbstractDataType  - getSqlType() - start
193394 [main] DEBUG org.dbunit.dataset.datatype.AbstractDataType  - getSqlType() - start
193394 [main] DEBUG org.dbunit.dataset.datatype.AbstractDataType  - getSqlType() - start
193394 [main] DEBUG org.dbunit.dataset.datatype.AbstractDataType  - getSqlType() - start
193394 [main] DEBUG org.dbunit.dataset.datatype.AbstractDataType  - getSqlType() - start
193394 [main] DEBUG org.dbunit.dataset.datatype.AbstractDataType  - getSqlType() - start
193394 [main] DEBUG org.dbunit.dataset.datatype.AbstractDataType  - getSqlType() - start
193394 [main] DEBUG org.dbunit.dataset.datatype.AbstractDataType  - getSqlType() - start
193394 [main] DEBUG org.dbunit.dataset.Column  - nullableValue(nullable=0) - start
193394 [main] DEBUG org.dbunit.dataset.Column  - autoIncrementValue(isAutoIncrement=NO) - start
193394 [main] TRACE org.dbunit.database.DefaultMetadataHandler  - matches(columnsResultSet=org.apache.commons.dbcp.DelegatingResultSet@260b09fc, catalog=null, schema=null, table=SCOPEDCONTENT_SCOPEDCONTENTITEM, column=null, caseSensitive=false) - start
193394 [main] DEBUG org.dbunit.database.DefaultMetadataHandler  - Comparing the following values using caseSensitive=false (searched<=>actual): catalog: null<=>PUBLIC schema: null<=>PUBLIC table: SCOPEDCONTENT_SCOPEDCONTENTITEM<=>SCOPEDCONTENT_SCOPEDCONTENTITEM column: null<=>SCOPED_CONTENT_ITEM_ID
193394 [main] DEBUG org.dbunit.dataset.datatype.DefaultDataTypeFactory  - createDataType(sqlType=4 , sqlTypeName=INTEGER, tableName=SCOPEDCONTENT_SCOPEDCONTENTITEM, columnName=SCOPED_CONTENT_ITEM_ID) - start
193394 [main] DEBUG org.dbunit.dataset.datatype.DefaultDataTypeFactory  - createDataType(sqlType=4, sqlTypeName=INTEGER) - start
193394 [main] DEBUG org.dbunit.dataset.datatype.DataType  - forSqlType(sqlType=4) - start
193394 [main] DEBUG org.dbunit.dataset.datatype.AbstractDataType  - getSqlType() - start
193394 [main] DEBUG org.dbunit.dataset.datatype.AbstractDataType  - getSqlType() - start
193395 [main] DEBUG org.dbunit.dataset.datatype.AbstractDataType  - getSqlType() - start
193395 [main] DEBUG org.dbunit.dataset.datatype.AbstractDataType  - getSqlType() - start
193395 [main] DEBUG org.dbunit.dataset.datatype.AbstractDataType  - getSqlType() - start
193395 [main] DEBUG org.dbunit.dataset.datatype.AbstractDataType  - getSqlType() - start
193395 [main] DEBUG org.dbunit.dataset.datatype.AbstractDataType  - getSqlType() - start
193395 [main] DEBUG org.dbunit.dataset.datatype.AbstractDataType  - getSqlType() - start
193395 [main] DEBUG org.dbunit.dataset.datatype.AbstractDataType  - getSqlType() - start
193395 [main] DEBUG org.dbunit.dataset.datatype.AbstractDataType  - getSqlType() - start
193395 [main] DEBUG org.dbunit.dataset.datatype.AbstractDataType  - getSqlType() - start
193395 [main] DEBUG org.dbunit.dataset.datatype.AbstractDataType  - getSqlType() - start
193395 [main] DEBUG org.dbunit.dataset.Column  - nullableValue(nullable=0) - start
193395 [main] DEBUG org.dbunit.dataset.Column  - autoIncrementValue(isAutoIncrement=NO) - start
193395 [main] DEBUG org.dbunit.database.DatabaseTableMetaData  - getPrimaryKeys() - start
193395 [main] TRACE org.dbunit.database.DatabaseConfig  - getProperty(name=http://www.dbunit.org/properties/primaryKeyFilter) - start
193395 [main] DEBUG org.dbunit.database.DatabaseTableMetaData  - getPrimaryKeyNames() - start
193395 [main] DEBUG org.dbunit.database.DatabaseDataSourceConnection  - getConnection() - start
193395 [main] TRACE org.dbunit.database.DatabaseConfig  - getProperty(name=http://www.dbunit.org/properties/metadataHandler) - start
193395 [main] TRACE org.dbunit.database.DefaultMetadataHandler  - getPrimaryKeys(metaData=org.apache.commons.dbcp.DelegatingDatabaseMetaData@1ebc92e7, schemaName=null, tableName=SCOPEDCONTENT_SCOPEDCONTENTITEM) - start
193395 [main] DEBUG org.dbunit.database.DatabaseTableMetaData  - getColumns() - start
193395 [main] DEBUG org.dbunit.dataset.Columns  - getColumns(columnNames=[], columns=[(SCOPED_CONTENT_ID, INTEGER, noNulls), (SCOPED_CONTENT_ITEM_ID, INTEGER, noNulls)]) - start
193395 [main] DEBUG org.dbunit.dataset.OrderedTableNameMap  - update(tableName=ScopedContent_ScopedContentItem, object=table=SCOPEDCONTENT_SCOPEDCONTENTITEM, cols=[(SCOPED_CONTENT_ID, INTEGER, noNulls), (SCOPED_CONTENT_ITEM_ID, INTEGER, noNulls)], pk=[]) - start
193395 [main] DEBUG org.dbunit.dataset.OrderedTableNameMap  - getTableName(tableName=ScopedContent_ScopedContentItem) - start
193395 [main] DEBUG org.dbunit.dataset.OrderedTableNameMap  - getTableName(tableName=ScopedContent_ScopedContentItem) - end - result=SCOPEDCONTENT_SCOPEDCONTENTITEM
193396 [main] DEBUG org.dbunit.dataset.OrderedTableNameMap  - getTableName(tableName=ScopedContent_ScopedContentItem) - start
193396 [main] DEBUG org.dbunit.dataset.OrderedTableNameMap  - getTableName(tableName=ScopedContent_ScopedContentItem) - end - result=SCOPEDCONTENT_SCOPEDCONTENTITEM
193396 [main] DEBUG org.dbunit.operation.AbstractOperation  - getQualifiedName(prefix=null, name=SCOPEDCONTENT_SCOPEDCONTENTITEM, connection=_databaseConfig=org.dbunit.database.DatabaseConfig[, _propertyMap={http://www.dbunit.org/properties/statementFactory=org.dbunit.database.statement.PreparedStatementFactory@626bc2b8, http://www.dbunit.org/features/caseSensitiveTableNames=false, http://www.dbunit.org/properties/fetchSize=100, http://www.dbunit.org/features/batchedStatements=false, http://www.dbunit.org/properties/metadataHandler=org.dbunit.database.DefaultMetadataHandler@3eeace42, http://www.dbunit.org/properties/datatypeFactory=org.dbunit.dataset.datatype.DefaultDataTypeFactory[_toleratedDeltaMap=org.dbunit.dataset.datatype.ToleratedDeltaMap@6452310a], http://www.dbunit.org/properties/escapePattern=null, http://www.dbunit.org/properties/batchSize=100, http://www.dbunit.org/features/qualifiedTableNames=false, http://www.dbunit.org/properties/tableType=[Ljava.lang.String;@5011bafa, http://www.dbunit.org/properties/resultSetTableFactory=org.dbunit.database.CachedResultSetTableFactory@10bcf083, http://www.dbunit.org/features/datatypeWarning=true}], _dataSet=AbstractDataSet[_orderedTableNameMap=null]) - start
193396 [main] TRACE org.dbunit.database.DatabaseConfig  - getProperty(name=http://www.dbunit.org/properties/escapePattern) - start
193396 [main] DEBUG org.dbunit.util.QualifiedTableName  - getQualifiedName() - start
193396 [main] DEBUG org.dbunit.util.QualifiedTableName  - getQualifiedName(prefix=null, name=SCOPEDCONTENT_SCOPEDCONTENTITEM, escapePattern=null) - start
193396 [main] DEBUG org.dbunit.database.statement.SimpleStatement  - addBatch(sql=delete from SCOPEDCONTENT_SCOPEDCONTENTITEM) - start
193396 [main] DEBUG org.dbunit.operation.DeleteAllOperation  - Added SQL: delete from SCOPEDCONTENT_SCOPEDCONTENTITEM
193396 [main] DEBUG org.dbunit.database.DatabaseDataSet  - getTableMetaData(tableName=ScopedContentConditions_ScopedContentItem) - start
193396 [main] DEBUG org.dbunit.database.DatabaseDataSet  - initialize() - start
193396 [main] DEBUG org.dbunit.dataset.OrderedTableNameMap  - getTableName(tableName=ScopedContentConditions_ScopedContentItem) - start
193396 [main] DEBUG org.dbunit.dataset.OrderedTableNameMap  - getTableName(tableName=ScopedContentConditions_ScopedContentItem) - end - result=SCOPEDCONTENTCONDITIONS_SCOPEDCONTENTITEM
193396 [main] DEBUG org.dbunit.dataset.OrderedTableNameMap  - getTableName(tableName=ScopedContentConditions_ScopedContentItem) - start
193396 [main] DEBUG org.dbunit.dataset.OrderedTableNameMap  - getTableName(tableName=ScopedContentConditions_ScopedContentItem) - end - result=SCOPEDCONTENTCONDITIONS_SCOPEDCONTENTITEM
193396 [main] DEBUG org.dbunit.database.DatabaseDataSourceConnection  - getConnection() - start
193396 [main] TRACE org.dbunit.util.SQLHelper  - correctCase(tableName=ScopedContentConditions_ScopedContentItem, connection=Transaction-aware proxy for target Connection [jdbc:hsqldb:mem:kontrollDS, UserName=sw, HSQL Database Engine Driver]) - start
193396 [main] TRACE org.dbunit.util.SQLHelper  - correctCase(tableName=ScopedContentConditions_ScopedContentItem, databaseMetaData=org.apache.commons.dbcp.DelegatingDatabaseMetaData@233eda0a) - start
193397 [main] TRACE org.dbunit.util.SQLHelper  - isEscaped(tableName=ScopedContentConditions_ScopedContentItem, dbIdentifierQuoteString=") - start
193397 [main] DEBUG org.dbunit.util.SQLHelper  - isEscaped returns 'false' for tableName=ScopedContentConditions_ScopedContentItem (dbIdentifierQuoteString=")
193397 [main] DEBUG org.dbunit.util.SQLHelper  - class org.dbunit.database.DatabaseTableMetaData. Corrected table name: oldValue=ScopedContentConditions_ScopedContentItem newValue=SCOPEDCONTENTCONDITIONS_SCOPEDCONTENTITEM
193397 [main] DEBUG org.dbunit.database.DatabaseTableMetaData  - Validating if table 'SCOPEDCONTENTCONDITIONS_SCOPEDCONTENTITEM' exists in schema 'null' ...
193397 [main] TRACE org.dbunit.database.DatabaseConfig  - getProperty(name=http://www.dbunit.org/properties/metadataHandler) - start
193397 [main] TRACE org.dbunit.database.DefaultMetadataHandler  - tableExists(metaData=org.apache.commons.dbcp.DelegatingDatabaseMetaData@735cd899, schemaName=null, tableName=SCOPEDCONTENTCONDITIONS_SCOPEDCONTENTITEM) - start
193398 [main] DEBUG org.dbunit.util.SQLHelper  - close(resultSet=org.apache.commons.dbcp.DelegatingResultSet@528d4175) - start
193398 [main] DEBUG org.dbunit.database.DatabaseTableMetaData  - getColumns() - start
193398 [main] DEBUG org.dbunit.database.DatabaseDataSourceConnection  - getConnection() - start
193398 [main] TRACE org.dbunit.database.DatabaseConfig  - getProperty(name=http://www.dbunit.org/properties/metadataHandler) - start
193398 [main] TRACE org.dbunit.database.DefaultMetadataHandler  - getColumns(databaseMetaData=org.apache.commons.dbcp.DelegatingDatabaseMetaData@37c492aa, schemaName=null, tableName=SCOPEDCONTENTCONDITIONS_SCOPEDCONTENTITEM) - start
193413 [main] TRACE org.dbunit.database.DatabaseConfig  - getProperty(name=http://www.dbunit.org/properties/datatypeFactory) - start
193413 [main] DEBUG org.dbunit.database.DatabaseDataSourceConnection  - getConnection() - start
193413 [main] WARN  org.dbunit.dataset.AbstractTableMetaData  - Potential problem found: The configured data type factory 'class org.dbunit.dataset.datatype.DefaultDataTypeFactory' might cause problems with the current database 'HSQL Database Engine' (e.g. some datatypes may not be supported properly). In rare cases you might see this message because the list of supported database products is incomplete (list=[derby]). If so please request a java-class update via the forums.If you are using your own IDataTypeFactory extending DefaultDataTypeFactory, ensure that you override getValidDbProducts() to specify the supported database products.
193414 [main] TRACE org.dbunit.database.DatabaseConfig  - getFeature(name=http://www.dbunit.org/features/datatypeWarning) - start
193414 [main] TRACE org.dbunit.database.DatabaseConfig  - getProperty(name=http://www.dbunit.org/features/datatypeWarning) - start
193414 [main] TRACE org.dbunit.database.DefaultMetadataHandler  - matches(columnsResultSet=org.apache.commons.dbcp.DelegatingResultSet@4aba7eb2, catalog=null, schema=null, table=SCOPEDCONTENTCONDITIONS_SCOPEDCONTENTITEM, column=null, caseSensitive=false) - start
193414 [main] DEBUG org.dbunit.database.DefaultMetadataHandler  - Comparing the following values using caseSensitive=false (searched<=>actual): catalog: null<=>PUBLIC schema: null<=>PUBLIC table: SCOPEDCONTENTCONDITIONS_SCOPEDCONTENTITEM<=>SCOPEDCONTENTCONDITIONS_SCOPEDCONTENTITEM column: null<=>SCOPED_CONTENT_CONDITION_ID
193414 [main] DEBUG org.dbunit.dataset.datatype.DefaultDataTypeFactory  - createDataType(sqlType=4 , sqlTypeName=INTEGER, tableName=SCOPEDCONTENTCONDITIONS_SCOPEDCONTENTITEM, columnName=SCOPED_CONTENT_CONDITION_ID) - start
193414 [main] DEBUG org.dbunit.dataset.datatype.DefaultDataTypeFactory  - createDataType(sqlType=4, sqlTypeName=INTEGER) - start
193414 [main] DEBUG org.dbunit.dataset.datatype.DataType  - forSqlType(sqlType=4) - start
193414 [main] DEBUG org.dbunit.dataset.datatype.AbstractDataType  - getSqlType() - start
193414 [main] DEBUG org.dbunit.dataset.datatype.AbstractDataType  - getSqlType() - start
193414 [main] DEBUG org.dbunit.dataset.datatype.AbstractDataType  - getSqlType() - start
193414 [main] DEBUG org.dbunit.dataset.datatype.AbstractDataType  - getSqlType() - start
193414 [main] DEBUG org.dbunit.dataset.datatype.AbstractDataType  - getSqlType() - start
193414 [main] DEBUG org.dbunit.dataset.datatype.AbstractDataType  - getSqlType() - start
193414 [main] DEBUG org.dbunit.dataset.datatype.AbstractDataType  - getSqlType() - start
193414 [main] DEBUG org.dbunit.dataset.datatype.AbstractDataType  - getSqlType() - start
193414 [main] DEBUG org.dbunit.dataset.datatype.AbstractDataType  - getSqlType() - start
193414 [main] DEBUG org.dbunit.dataset.datatype.AbstractDataType  - getSqlType() - start
193414 [main] DEBUG org.dbunit.dataset.datatype.AbstractDataType  - getSqlType() - start
193414 [main] DEBUG org.dbunit.dataset.datatype.AbstractDataType  - getSqlType() - start
193414 [main] DEBUG org.dbunit.dataset.Column  - nullableValue(nullable=0) - start
193414 [main] DEBUG org.dbunit.dataset.Column  - autoIncrementValue(isAutoIncrement=NO) - start
193414 [main] TRACE org.dbunit.database.DefaultMetadataHandler  - matches(columnsResultSet=org.apache.commons.dbcp.DelegatingResultSet@4aba7eb2, catalog=null, schema=null, table=SCOPEDCONTENTCONDITIONS_SCOPEDCONTENTITEM, column=null, caseSensitive=false) - start
193414 [main] DEBUG org.dbunit.database.DefaultMetadataHandler  - Comparing the following values using caseSensitive=false (searched<=>actual): catalog: null<=>PUBLIC schema: null<=>PUBLIC table: SCOPEDCONTENTCONDITIONS_SCOPEDCONTENTITEM<=>SCOPEDCONTENTCONDITIONS_SCOPEDCONTENTITEM column: null<=>SCOPED_CONTENT_ITEM_ID
193415 [main] DEBUG org.dbunit.dataset.datatype.DefaultDataTypeFactory  - createDataType(sqlType=4 , sqlTypeName=INTEGER, tableName=SCOPEDCONTENTCONDITIONS_SCOPEDCONTENTITEM, columnName=SCOPED_CONTENT_ITEM_ID) - start
193415 [main] DEBUG org.dbunit.dataset.datatype.DefaultDataTypeFactory  - createDataType(sqlType=4, sqlTypeName=INTEGER) - start
193415 [main] DEBUG org.dbunit.dataset.datatype.DataType  - forSqlType(sqlType=4) - start
193415 [main] DEBUG org.dbunit.dataset.datatype.AbstractDataType  - getSqlType() - start
193415 [main] DEBUG org.dbunit.dataset.datatype.AbstractDataType  - getSqlType() - start
193415 [main] DEBUG org.dbunit.dataset.datatype.AbstractDataType  - getSqlType() - start
193415 [main] DEBUG org.dbunit.dataset.datatype.AbstractDataType  - getSqlType() - start
193415 [main] DEBUG org.dbunit.dataset.datatype.AbstractDataType  - getSqlType() - start
193415 [main] DEBUG org.dbunit.dataset.datatype.AbstractDataType  - getSqlType() - start
193416 [main] DEBUG org.dbunit.dataset.datatype.AbstractDataType  - getSqlType() - start
193416 [main] DEBUG org.dbunit.dataset.datatype.AbstractDataType  - getSqlType() - start
193416 [main] DEBUG org.dbunit.dataset.datatype.AbstractDataType  - getSqlType() - start
193416 [main] DEBUG org.dbunit.dataset.datatype.AbstractDataType  - getSqlType() - start
193416 [main] DEBUG org.dbunit.dataset.datatype.AbstractDataType  - getSqlType() - start
193416 [main] DEBUG org.dbunit.dataset.datatype.AbstractDataType  - getSqlType() - start
193416 [main] DEBUG org.dbunit.dataset.Column  - nullableValue(nullable=0) - start
193416 [main] DEBUG org.dbunit.dataset.Column  - autoIncrementValue(isAutoIncrement=NO) - start
193416 [main] DEBUG org.dbunit.database.DatabaseTableMetaData  - getPrimaryKeys() - start
193416 [main] TRACE org.dbunit.database.DatabaseConfig  - getProperty(name=http://www.dbunit.org/properties/primaryKeyFilter) - start
193416 [main] DEBUG org.dbunit.database.DatabaseTableMetaData  - getPrimaryKeyNames() - start
193416 [main] DEBUG org.dbunit.database.DatabaseDataSourceConnection  - getConnection() - start
193416 [main] TRACE org.dbunit.database.DatabaseConfig  - getProperty(name=http://www.dbunit.org/properties/metadataHandler) - start
193416 [main] TRACE org.dbunit.database.DefaultMetadataHandler  - getPrimaryKeys(metaData=org.apache.commons.dbcp.DelegatingDatabaseMetaData@19d3fe72, schemaName=null, tableName=SCOPEDCONTENTCONDITIONS_SCOPEDCONTENTITEM) - start
193416 [main] DEBUG org.dbunit.database.DatabaseTableMetaData  - getColumns() - start
193416 [main] DEBUG org.dbunit.dataset.Columns  - getColumns(columnNames=[], columns=[(SCOPED_CONTENT_CONDITION_ID, INTEGER, noNulls), (SCOPED_CONTENT_ITEM_ID, INTEGER, noNulls)]) - start
193416 [main] DEBUG org.dbunit.dataset.OrderedTableNameMap  - update(tableName=ScopedContentConditions_ScopedContentItem, object=table=SCOPEDCONTENTCONDITIONS_SCOPEDCONTENTITEM, cols=[(SCOPED_CONTENT_CONDITION_ID, INTEGER, noNulls), (SCOPED_CONTENT_ITEM_ID, INTEGER, noNulls)], pk=[]) - start
193416 [main] DEBUG org.dbunit.dataset.OrderedTableNameMap  - getTableName(tableName=ScopedContentConditions_ScopedContentItem) - start
193416 [main] DEBUG org.dbunit.dataset.OrderedTableNameMap  - getTableName(tableName=ScopedContentConditions_ScopedContentItem) - end - result=SCOPEDCONTENTCONDITIONS_SCOPEDCONTENTITEM
193416 [main] DEBUG org.dbunit.dataset.OrderedTableNameMap  - getTableName(tableName=ScopedContentConditions_ScopedContentItem) - start
193416 [main] DEBUG org.dbunit.dataset.OrderedTableNameMap  - getTableName(tableName=ScopedContentConditions_ScopedContentItem) - end - result=SCOPEDCONTENTCONDITIONS_SCOPEDCONTENTITEM
193416 [main] DEBUG org.dbunit.operation.AbstractOperation  - getQualifiedName(prefix=null, name=SCOPEDCONTENTCONDITIONS_SCOPEDCONTENTITEM, connection=_databaseConfig=org.dbunit.database.DatabaseConfig[, _propertyMap={http://www.dbunit.org/properties/statementFactory=org.dbunit.database.statement.PreparedStatementFactory@626bc2b8, http://www.dbunit.org/features/caseSensitiveTableNames=false, http://www.dbunit.org/properties/fetchSize=100, http://www.dbunit.org/features/batchedStatements=false, http://www.dbunit.org/properties/metadataHandler=org.dbunit.database.DefaultMetadataHandler@3eeace42, http://www.dbunit.org/properties/datatypeFactory=org.dbunit.dataset.datatype.DefaultDataTypeFactory[_toleratedDeltaMap=org.dbunit.dataset.datatype.ToleratedDeltaMap@6452310a], http://www.dbunit.org/properties/escapePattern=null, http://www.dbunit.org/properties/batchSize=100, http://www.dbunit.org/features/qualifiedTableNames=false, http://www.dbunit.org/properties/tableType=[Ljava.lang.String;@5011bafa, http://www.dbunit.org/properties/resultSetTableFactory=org.dbunit.database.CachedResultSetTableFactory@10bcf083, http://www.dbunit.org/features/datatypeWarning=true}], _dataSet=AbstractDataSet[_orderedTableNameMap=null]) - start
193418 [main] TRACE org.dbunit.database.DatabaseConfig  - getProperty(name=http://www.dbunit.org/properties/escapePattern) - start
193419 [main] DEBUG org.dbunit.util.QualifiedTableName  - getQualifiedName() - start
193419 [main] DEBUG org.dbunit.util.QualifiedTableName  - getQualifiedName(prefix=null, name=SCOPEDCONTENTCONDITIONS_SCOPEDCONTENTITEM, escapePattern=null) - start
193419 [main] DEBUG org.dbunit.database.statement.SimpleStatement  - addBatch(sql=delete from SCOPEDCONTENTCONDITIONS_SCOPEDCONTENTITEM) - start
193419 [main] DEBUG org.dbunit.operation.DeleteAllOperation  - Added SQL: delete from SCOPEDCONTENTCONDITIONS_SCOPEDCONTENTITEM
193419 [main] DEBUG org.dbunit.database.DatabaseDataSet  - getTableMetaData(tableName=ScopedContentItem) - start
193419 [main] DEBUG org.dbunit.database.DatabaseDataSet  - initialize() - start
193419 [main] DEBUG org.dbunit.dataset.OrderedTableNameMap  - getTableName(tableName=ScopedContentItem) - start
193419 [main] DEBUG org.dbunit.dataset.OrderedTableNameMap  - getTableName(tableName=ScopedContentItem) - end - result=SCOPEDCONTENTITEM
193419 [main] DEBUG org.dbunit.dataset.OrderedTableNameMap  - getTableName(tableName=ScopedContentItem) - start
193419 [main] DEBUG org.dbunit.dataset.OrderedTableNameMap  - getTableName(tableName=ScopedContentItem) - end - result=SCOPEDCONTENTITEM
193419 [main] DEBUG org.dbunit.database.DatabaseDataSourceConnection  - getConnection() - start
193419 [main] TRACE org.dbunit.util.SQLHelper  - correctCase(tableName=ScopedContentItem, connection=Transaction-aware proxy for target Connection [jdbc:hsqldb:mem:kontrollDS, UserName=sw, HSQL Database Engine Driver]) - start
193419 [main] TRACE org.dbunit.util.SQLHelper  - correctCase(tableName=ScopedContentItem, databaseMetaData=org.apache.commons.dbcp.DelegatingDatabaseMetaData@7327ae39) - start
193419 [main] TRACE org.dbunit.util.SQLHelper  - isEscaped(tableName=ScopedContentItem, dbIdentifierQuoteString=") - start
193419 [main] DEBUG org.dbunit.util.SQLHelper  - isEscaped returns 'false' for tableName=ScopedContentItem (dbIdentifierQuoteString=")
193419 [main] DEBUG org.dbunit.util.SQLHelper  - class org.dbunit.database.DatabaseTableMetaData. Corrected table name: oldValue=ScopedContentItem newValue=SCOPEDCONTENTITEM
193419 [main] DEBUG org.dbunit.database.DatabaseTableMetaData  - Validating if table 'SCOPEDCONTENTITEM' exists in schema 'null' ...
193419 [main] TRACE org.dbunit.database.DatabaseConfig  - getProperty(name=http://www.dbunit.org/properties/metadataHandler) - start
193419 [main] TRACE org.dbunit.database.DefaultMetadataHandler  - tableExists(metaData=org.apache.commons.dbcp.DelegatingDatabaseMetaData@321f5b3f, schemaName=null, tableName=SCOPEDCONTENTITEM) - start
193420 [main] DEBUG org.dbunit.util.SQLHelper  - close(resultSet=org.apache.commons.dbcp.DelegatingResultSet@772fb38) - start
193420 [main] DEBUG org.dbunit.database.DatabaseTableMetaData  - getColumns() - start
193420 [main] DEBUG org.dbunit.database.DatabaseDataSourceConnection  - getConnection() - start
193420 [main] TRACE org.dbunit.database.DatabaseConfig  - getProperty(name=http://www.dbunit.org/properties/metadataHandler) - start
193420 [main] TRACE org.dbunit.database.DefaultMetadataHandler  - getColumns(databaseMetaData=org.apache.commons.dbcp.DelegatingDatabaseMetaData@dcb1d5a, schemaName=null, tableName=SCOPEDCONTENTITEM) - start
193443 [main] TRACE org.dbunit.database.DatabaseConfig  - getProperty(name=http://www.dbunit.org/properties/datatypeFactory) - start
193443 [main] DEBUG org.dbunit.database.DatabaseDataSourceConnection  - getConnection() - start
193443 [main] WARN  org.dbunit.dataset.AbstractTableMetaData  - Potential problem found: The configured data type factory 'class org.dbunit.dataset.datatype.DefaultDataTypeFactory' might cause problems with the current database 'HSQL Database Engine' (e.g. some datatypes may not be supported properly). In rare cases you might see this message because the list of supported database products is incomplete (list=[derby]). If so please request a java-class update via the forums.If you are using your own IDataTypeFactory extending DefaultDataTypeFactory, ensure that you override getValidDbProducts() to specify the supported database products.
193443 [main] TRACE org.dbunit.database.DatabaseConfig  - getFeature(name=http://www.dbunit.org/features/datatypeWarning) - start
193443 [main] TRACE org.dbunit.database.DatabaseConfig  - getProperty(name=http://www.dbunit.org/features/datatypeWarning) - start
193443 [main] TRACE org.dbunit.database.DefaultMetadataHandler  - matches(columnsResultSet=org.apache.commons.dbcp.DelegatingResultSet@2be97f54, catalog=null, schema=null, table=SCOPEDCONTENTITEM, column=null, caseSensitive=false) - start
193444 [main] DEBUG org.dbunit.database.DefaultMetadataHandler  - Comparing the following values using caseSensitive=false (searched<=>actual): catalog: null<=>PUBLIC schema: null<=>PUBLIC table: SCOPEDCONTENTITEM<=>SCOPEDCONTENTITEM column: null<=>ID
193444 [main] DEBUG org.dbunit.dataset.datatype.DefaultDataTypeFactory  - createDataType(sqlType=4 , sqlTypeName=INTEGER, tableName=SCOPEDCONTENTITEM, columnName=ID) - start
193444 [main] DEBUG org.dbunit.dataset.datatype.DefaultDataTypeFactory  - createDataType(sqlType=4, sqlTypeName=INTEGER) - start
193444 [main] DEBUG org.dbunit.dataset.datatype.DataType  - forSqlType(sqlType=4) - start
193444 [main] DEBUG org.dbunit.dataset.datatype.AbstractDataType  - getSqlType() - start
193444 [main] DEBUG org.dbunit.dataset.datatype.AbstractDataType  - getSqlType() - start
193444 [main] DEBUG org.dbunit.dataset.datatype.AbstractDataType  - getSqlType() - start
193444 [main] DEBUG org.dbunit.dataset.datatype.AbstractDataType  - getSqlType() - start
193444 [main] DEBUG org.dbunit.dataset.datatype.AbstractDataType  - getSqlType() - start
193444 [main] DEBUG org.dbunit.dataset.datatype.AbstractDataType  - getSqlType() - start
193444 [main] DEBUG org.dbunit.dataset.datatype.AbstractDataType  - getSqlType() - start
193444 [main] DEBUG org.dbunit.dataset.datatype.AbstractDataType  - getSqlType() - start
193444 [main] DEBUG org.dbunit.dataset.datatype.AbstractDataType  - getSqlType() - start
193444 [main] DEBUG org.dbunit.dataset.datatype.AbstractDataType  - getSqlType() - start
193445 [main] DEBUG org.dbunit.dataset.datatype.AbstractDataType  - getSqlType() - start
193445 [main] DEBUG org.dbunit.dataset.datatype.AbstractDataType  - getSqlType() - start
193445 [main] DEBUG org.dbunit.dataset.Column  - nullableValue(nullable=0) - start
193445 [main] DEBUG org.dbunit.dataset.Column  - autoIncrementValue(isAutoIncrement=YES) - start
193445 [main] TRACE org.dbunit.database.DefaultMetadataHandler  - matches(columnsResultSet=org.apache.commons.dbcp.DelegatingResultSet@2be97f54, catalog=null, schema=null, table=SCOPEDCONTENTITEM, column=null, caseSensitive=false) - start
193445 [main] DEBUG org.dbunit.database.DefaultMetadataHandler  - Comparing the following values using caseSensitive=false (searched<=>actual): catalog: null<=>PUBLIC schema: null<=>PUBLIC table: SCOPEDCONTENTITEM<=>SCOPEDCONTENTITEM column: null<=>TIMESTAMP
193445 [main] DEBUG org.dbunit.dataset.datatype.DefaultDataTypeFactory  - createDataType(sqlType=93 , sqlTypeName=TIMESTAMP, tableName=SCOPEDCONTENTITEM, columnName=TIMESTAMP) - start
193445 [main] DEBUG org.dbunit.dataset.datatype.DefaultDataTypeFactory  - createDataType(sqlType=93, sqlTypeName=TIMESTAMP) - start
193445 [main] DEBUG org.dbunit.dataset.datatype.DataType  - forSqlType(sqlType=93) - start
193445 [main] DEBUG org.dbunit.dataset.datatype.AbstractDataType  - getSqlType() - start
193445 [main] DEBUG org.dbunit.dataset.datatype.AbstractDataType  - getSqlType() - start
193445 [main] DEBUG org.dbunit.dataset.datatype.AbstractDataType  - getSqlType() - start
193445 [main] DEBUG org.dbunit.dataset.datatype.AbstractDataType  - getSqlType() - start
193446 [main] DEBUG org.dbunit.dataset.datatype.AbstractDataType  - getSqlType() - start
193446 [main] DEBUG org.dbunit.dataset.datatype.AbstractDataType  - getSqlType() - start
193446 [main] DEBUG org.dbunit.dataset.datatype.AbstractDataType  - getSqlType() - start
193446 [main] DEBUG org.dbunit.dataset.datatype.AbstractDataType  - getSqlType() - start
193446 [main] DEBUG org.dbunit.dataset.datatype.AbstractDataType  - getSqlType() - start
193446 [main] DEBUG org.dbunit.dataset.datatype.AbstractDataType  - getSqlType() - start
193446 [main] DEBUG org.dbunit.dataset.datatype.AbstractDataType  - getSqlType() - start
193446 [main] DEBUG org.dbunit.dataset.datatype.AbstractDataType  - getSqlType() - start
193446 [main] DEBUG org.dbunit.dataset.datatype.AbstractDataType  - getSqlType() - start
193446 [main] DEBUG org.dbunit.dataset.datatype.AbstractDataType  - getSqlType() - start
193446 [main] DEBUG org.dbunit.dataset.datatype.AbstractDataType  - getSqlType() - start
193446 [main] DEBUG org.dbunit.dataset.datatype.AbstractDataType  - getSqlType() - start
193446 [main] DEBUG org.dbunit.dataset.datatype.AbstractDataType  - getSqlType() - start
193446 [main] DEBUG org.dbunit.dataset.datatype.AbstractDataType  - getSqlType() - start
193447 [main] DEBUG org.dbunit.dataset.datatype.AbstractDataType  - getSqlType() - start
193447 [main] DEBUG org.dbunit.dataset.datatype.AbstractDataType  - getSqlType() - start
193447 [main] DEBUG org.dbunit.dataset.datatype.AbstractDataType  - getSqlType() - start
193447 [main] DEBUG org.dbunit.dataset.Column  - nullableValue(nullable=1) - start
193447 [main] DEBUG org.dbunit.dataset.Column  - autoIncrementValue(isAutoIncrement=NO) - start
193447 [main] TRACE org.dbunit.database.DefaultMetadataHandler  - matches(columnsResultSet=org.apache.commons.dbcp.DelegatingResultSet@2be97f54, catalog=null, schema=null, table=SCOPEDCONTENTITEM, column=null, caseSensitive=false) - start
193447 [main] DEBUG org.dbunit.database.DefaultMetadataHandler  - Comparing the following values using caseSensitive=false (searched<=>actual): catalog: null<=>PUBLIC schema: null<=>PUBLIC table: SCOPEDCONTENTITEM<=>SCOPEDCONTENTITEM column: null<=>CONTENT
193447 [main] DEBUG org.dbunit.dataset.datatype.DefaultDataTypeFactory  - createDataType(sqlType=12 , sqlTypeName=VARCHAR, tableName=SCOPEDCONTENTITEM, columnName=CONTENT) - start
193447 [main] DEBUG org.dbunit.dataset.datatype.DefaultDataTypeFactory  - createDataType(sqlType=12, sqlTypeName=VARCHAR) - start
193447 [main] DEBUG org.dbunit.dataset.datatype.DataType  - forSqlType(sqlType=12) - start
193447 [main] DEBUG org.dbunit.dataset.datatype.AbstractDataType  - getSqlType() - start
193447 [main] DEBUG org.dbunit.dataset.Column  - nullableValue(nullable=0) - start
193448 [main] DEBUG org.dbunit.dataset.Column  - autoIncrementValue(isAutoIncrement=NO) - start
193448 [main] TRACE org.dbunit.database.DefaultMetadataHandler  - matches(columnsResultSet=org.apache.commons.dbcp.DelegatingResultSet@2be97f54, catalog=null, schema=null, table=SCOPEDCONTENTITEM, column=null, caseSensitive=false) - start
193448 [main] DEBUG org.dbunit.database.DefaultMetadataHandler  - Comparing the following values using caseSensitive=false (searched<=>actual): catalog: null<=>PUBLIC schema: null<=>PUBLIC table: SCOPEDCONTENTITEM<=>SCOPEDCONTENTITEM column: null<=>CSSCLASS
193448 [main] DEBUG org.dbunit.dataset.datatype.DefaultDataTypeFactory  - createDataType(sqlType=12 , sqlTypeName=VARCHAR, tableName=SCOPEDCONTENTITEM, columnName=CSSCLASS) - start
193448 [main] DEBUG org.dbunit.dataset.datatype.DefaultDataTypeFactory  - createDataType(sqlType=12, sqlTypeName=VARCHAR) - start
193448 [main] DEBUG org.dbunit.dataset.datatype.DataType  - forSqlType(sqlType=12) - start
193448 [main] DEBUG org.dbunit.dataset.datatype.AbstractDataType  - getSqlType() - start
193448 [main] DEBUG org.dbunit.dataset.Column  - nullableValue(nullable=1) - start
193448 [main] DEBUG org.dbunit.dataset.Column  - autoIncrementValue(isAutoIncrement=NO) - start
193448 [main] TRACE org.dbunit.database.DefaultMetadataHandler  - matches(columnsResultSet=org.apache.commons.dbcp.DelegatingResultSet@2be97f54, catalog=null, schema=null, table=SCOPEDCONTENTITEM, column=null, caseSensitive=false) - start
193448 [main] DEBUG org.dbunit.database.DefaultMetadataHandler  - Comparing the following values using caseSensitive=false (searched<=>actual): catalog: null<=>PUBLIC schema: null<=>PUBLIC table: SCOPEDCONTENTITEM<=>SCOPEDCONTENTITEM column: null<=>TAGNAME
193448 [main] DEBUG org.dbunit.dataset.datatype.DefaultDataTypeFactory  - createDataType(sqlType=12 , sqlTypeName=VARCHAR, tableName=SCOPEDCONTENTITEM, columnName=TAGNAME) - start
193448 [main] DEBUG org.dbunit.dataset.datatype.DefaultDataTypeFactory  - createDataType(sqlType=12, sqlTypeName=VARCHAR) - start
193449 [main] DEBUG org.dbunit.dataset.datatype.DataType  - forSqlType(sqlType=12) - start
193449 [main] DEBUG org.dbunit.dataset.datatype.AbstractDataType  - getSqlType() - start
193449 [main] DEBUG org.dbunit.dataset.Column  - nullableValue(nullable=1) - start
193449 [main] DEBUG org.dbunit.dataset.Column  - autoIncrementValue(isAutoIncrement=NO) - start
193449 [main] TRACE org.dbunit.database.DefaultMetadataHandler  - matches(columnsResultSet=org.apache.commons.dbcp.DelegatingResultSet@2be97f54, catalog=null, schema=null, table=SCOPEDCONTENTITEM, column=null, caseSensitive=false) - start
193449 [main] DEBUG org.dbunit.database.DefaultMetadataHandler  - Comparing the following values using caseSensitive=false (searched<=>actual): catalog: null<=>PUBLIC schema: null<=>PUBLIC table: SCOPEDCONTENTITEM<=>SCOPEDCONTENTITEM column: null<=>TYPE
193449 [main] DEBUG org.dbunit.dataset.datatype.DefaultDataTypeFactory  - createDataType(sqlType=12 , sqlTypeName=VARCHAR, tableName=SCOPEDCONTENTITEM, columnName=TYPE) - start
193449 [main] DEBUG org.dbunit.dataset.datatype.DefaultDataTypeFactory  - createDataType(sqlType=12, sqlTypeName=VARCHAR) - start
193449 [main] DEBUG org.dbunit.dataset.datatype.DataType  - forSqlType(sqlType=12) - start
193449 [main] DEBUG org.dbunit.dataset.datatype.AbstractDataType  - getSqlType() - start
193449 [main] DEBUG org.dbunit.dataset.Column  - nullableValue(nullable=1) - start
193449 [main] DEBUG org.dbunit.dataset.Column  - autoIncrementValue(isAutoIncrement=NO) - start
193450 [main] DEBUG org.dbunit.database.DatabaseTableMetaData  - getPrimaryKeys() - start
193450 [main] TRACE org.dbunit.database.DatabaseConfig  - getProperty(name=http://www.dbunit.org/properties/primaryKeyFilter) - start
193450 [main] DEBUG org.dbunit.database.DatabaseTableMetaData  - getPrimaryKeyNames() - start
193450 [main] DEBUG org.dbunit.database.DatabaseDataSourceConnection  - getConnection() - start
193450 [main] TRACE org.dbunit.database.DatabaseConfig  - getProperty(name=http://www.dbunit.org/properties/metadataHandler) - start
193450 [main] TRACE org.dbunit.database.DefaultMetadataHandler  - getPrimaryKeys(metaData=org.apache.commons.dbcp.DelegatingDatabaseMetaData@6ea67a51, schemaName=null, tableName=SCOPEDCONTENTITEM) - start
193450 [main] DEBUG org.dbunit.database.DatabaseTableMetaData  - getName() - start
193451 [main] DEBUG org.dbunit.database.DatabaseTableMetaData  - getColumns() - start
193451 [main] DEBUG org.dbunit.dataset.Columns  - getColumns(columnNames=[ID], columns=[(ID, INTEGER, noNulls), (TIMESTAMP, TIMESTAMP, nullable), (CONTENT, VARCHAR, noNulls), (CSSCLASS, VARCHAR, nullable), (TAGNAME, VARCHAR, nullable), (TYPE, VARCHAR, nullable)]) - start
193451 [main] DEBUG org.dbunit.dataset.Columns  - getColumn(columnName=ID, columns=[(ID, INTEGER, noNulls), (TIMESTAMP, TIMESTAMP, nullable), (CONTENT, VARCHAR, noNulls), (CSSCLASS, VARCHAR, nullable), (TAGNAME, VARCHAR, nullable), (TYPE, VARCHAR, nullable)]) - start
193451 [main] DEBUG org.dbunit.dataset.OrderedTableNameMap  - update(tableName=ScopedContentItem, object=table=SCOPEDCONTENTITEM, cols=[(ID, INTEGER, noNulls), (TIMESTAMP, TIMESTAMP, nullable), (CONTENT, VARCHAR, noNulls), (CSSCLASS, VARCHAR, nullable), (TAGNAME, VARCHAR, nullable), (TYPE, VARCHAR, nullable)], pk=[(ID, INTEGER, noNulls)]) - start
193451 [main] DEBUG org.dbunit.dataset.OrderedTableNameMap  - getTableName(tableName=ScopedContentItem) - start
193451 [main] DEBUG org.dbunit.dataset.OrderedTableNameMap  - getTableName(tableName=ScopedContentItem) - end - result=SCOPEDCONTENTITEM
193451 [main] DEBUG org.dbunit.dataset.OrderedTableNameMap  - getTableName(tableName=ScopedContentItem) - start
193451 [main] DEBUG org.dbunit.dataset.OrderedTableNameMap  - getTableName(tableName=ScopedContentItem) - end - result=SCOPEDCONTENTITEM
193451 [main] DEBUG org.dbunit.operation.AbstractOperation  - getQualifiedName(prefix=null, name=SCOPEDCONTENTITEM, connection=_databaseConfig=org.dbunit.database.DatabaseConfig[, _propertyMap={http://www.dbunit.org/properties/statementFactory=org.dbunit.database.statement.PreparedStatementFactory@626bc2b8, http://www.dbunit.org/features/caseSensitiveTableNames=false, http://www.dbunit.org/properties/fetchSize=100, http://www.dbunit.org/features/batchedStatements=false, http://www.dbunit.org/properties/metadataHandler=org.dbunit.database.DefaultMetadataHandler@3eeace42, http://www.dbunit.org/properties/datatypeFactory=org.dbunit.dataset.datatype.DefaultDataTypeFactory[_toleratedDeltaMap=org.dbunit.dataset.datatype.ToleratedDeltaMap@6452310a], http://www.dbunit.org/properties/escapePattern=null, http://www.dbunit.org/properties/batchSize=100, http://www.dbunit.org/features/qualifiedTableNames=false, http://www.dbunit.org/properties/tableType=[Ljava.lang.String;@5011bafa, http://www.dbunit.org/properties/resultSetTableFactory=org.dbunit.database.CachedResultSetTableFactory@10bcf083, http://www.dbunit.org/features/datatypeWarning=true}], _dataSet=AbstractDataSet[_orderedTableNameMap=null]) - start
193451 [main] TRACE org.dbunit.database.DatabaseConfig  - getProperty(name=http://www.dbunit.org/properties/escapePattern) - start
193451 [main] DEBUG org.dbunit.util.QualifiedTableName  - getQualifiedName() - start
193451 [main] DEBUG org.dbunit.util.QualifiedTableName  - getQualifiedName(prefix=null, name=SCOPEDCONTENTITEM, escapePattern=null) - start
193452 [main] DEBUG org.dbunit.database.statement.SimpleStatement  - addBatch(sql=delete from SCOPEDCONTENTITEM) - start
193452 [main] DEBUG org.dbunit.operation.DeleteAllOperation  - Added SQL: delete from SCOPEDCONTENTITEM
193452 [main] DEBUG org.dbunit.database.DatabaseDataSet  - getTableMetaData(tableName=ScopedContentConditions_ScopedContent) - start
193452 [main] DEBUG org.dbunit.database.DatabaseDataSet  - initialize() - start
193452 [main] DEBUG org.dbunit.dataset.OrderedTableNameMap  - getTableName(tableName=ScopedContentConditions_ScopedContent) - start
193452 [main] DEBUG org.dbunit.dataset.OrderedTableNameMap  - getTableName(tableName=ScopedContentConditions_ScopedContent) - end - result=SCOPEDCONTENTCONDITIONS_SCOPEDCONTENT
193452 [main] DEBUG org.dbunit.dataset.OrderedTableNameMap  - getTableName(tableName=ScopedContentConditions_ScopedContent) - start
193452 [main] DEBUG org.dbunit.dataset.OrderedTableNameMap  - getTableName(tableName=ScopedContentConditions_ScopedContent) - end - result=SCOPEDCONTENTCONDITIONS_SCOPEDCONTENT
193452 [main] DEBUG org.dbunit.database.DatabaseDataSourceConnection  - getConnection() - start
193452 [main] TRACE org.dbunit.util.SQLHelper  - correctCase(tableName=ScopedContentConditions_ScopedContent, connection=Transaction-aware proxy for target Connection [jdbc:hsqldb:mem:kontrollDS, UserName=sw, HSQL Database Engine Driver]) - start
193452 [main] TRACE org.dbunit.util.SQLHelper  - correctCase(tableName=ScopedContentConditions_ScopedContent, databaseMetaData=org.apache.commons.dbcp.DelegatingDatabaseMetaData@7d10cea3) - start
193452 [main] TRACE org.dbunit.util.SQLHelper  - isEscaped(tableName=ScopedContentConditions_ScopedContent, dbIdentifierQuoteString=") - start
193453 [main] DEBUG org.dbunit.util.SQLHelper  - isEscaped returns 'false' for tableName=ScopedContentConditions_ScopedContent (dbIdentifierQuoteString=")
193453 [main] DEBUG org.dbunit.util.SQLHelper  - class org.dbunit.database.DatabaseTableMetaData. Corrected table name: oldValue=ScopedContentConditions_ScopedContent newValue=SCOPEDCONTENTCONDITIONS_SCOPEDCONTENT
193453 [main] DEBUG org.dbunit.database.DatabaseTableMetaData  - Validating if table 'SCOPEDCONTENTCONDITIONS_SCOPEDCONTENT' exists in schema 'null' ...
193453 [main] TRACE org.dbunit.database.DatabaseConfig  - getProperty(name=http://www.dbunit.org/properties/metadataHandler) - start
193453 [main] TRACE org.dbunit.database.DefaultMetadataHandler  - tableExists(metaData=org.apache.commons.dbcp.DelegatingDatabaseMetaData@5a6e6f7a, schemaName=null, tableName=SCOPEDCONTENTCONDITIONS_SCOPEDCONTENT) - start
193454 [main] DEBUG org.dbunit.util.SQLHelper  - close(resultSet=org.apache.commons.dbcp.DelegatingResultSet@319be10) - start
193454 [main] DEBUG org.dbunit.database.DatabaseTableMetaData  - getColumns() - start
193454 [main] DEBUG org.dbunit.database.DatabaseDataSourceConnection  - getConnection() - start
193454 [main] TRACE org.dbunit.database.DatabaseConfig  - getProperty(name=http://www.dbunit.org/properties/metadataHandler) - start
193454 [main] TRACE org.dbunit.database.DefaultMetadataHandler  - getColumns(databaseMetaData=org.apache.commons.dbcp.DelegatingDatabaseMetaData@f0d0e07, schemaName=null, tableName=SCOPEDCONTENTCONDITIONS_SCOPEDCONTENT) - start
193472 [main] TRACE org.dbunit.database.DatabaseConfig  - getProperty(name=http://www.dbunit.org/properties/datatypeFactory) - start
193472 [main] DEBUG org.dbunit.database.DatabaseDataSourceConnection  - getConnection() - start
193472 [main] WARN  org.dbunit.dataset.AbstractTableMetaData  - Potential problem found: The configured data type factory 'class org.dbunit.dataset.datatype.DefaultDataTypeFactory' might cause problems with the current database 'HSQL Database Engine' (e.g. some datatypes may not be supported properly). In rare cases you might see this message because the list of supported database products is incomplete (list=[derby]). If so please request a java-class update via the forums.If you are using your own IDataTypeFactory extending DefaultDataTypeFactory, ensure that you override getValidDbProducts() to specify the supported database products.
193472 [main] TRACE org.dbunit.database.DatabaseConfig  - getFeature(name=http://www.dbunit.org/features/datatypeWarning) - start
193472 [main] TRACE org.dbunit.database.DatabaseConfig  - getProperty(name=http://www.dbunit.org/features/datatypeWarning) - start
193472 [main] TRACE org.dbunit.database.DefaultMetadataHandler  - matches(columnsResultSet=org.apache.commons.dbcp.DelegatingResultSet@4c4c9d19, catalog=null, schema=null, table=SCOPEDCONTENTCONDITIONS_SCOPEDCONTENT, column=null, caseSensitive=false) - start
193472 [main] DEBUG org.dbunit.database.DefaultMetadataHandler  - Comparing the following values using caseSensitive=false (searched<=>actual): catalog: null<=>PUBLIC schema: null<=>PUBLIC table: SCOPEDCONTENTCONDITIONS_SCOPEDCONTENT<=>SCOPEDCONTENTCONDITIONS_SCOPEDCONTENT column: null<=>SCOPED_CONTENT_CONDITION_ID
193472 [main] DEBUG org.dbunit.dataset.datatype.DefaultDataTypeFactory  - createDataType(sqlType=4 , sqlTypeName=INTEGER, tableName=SCOPEDCONTENTCONDITIONS_SCOPEDCONTENT, columnName=SCOPED_CONTENT_CONDITION_ID) - start
193472 [main] DEBUG org.dbunit.dataset.datatype.DefaultDataTypeFactory  - createDataType(sqlType=4, sqlTypeName=INTEGER) - start
193472 [main] DEBUG org.dbunit.dataset.datatype.DataType  - forSqlType(sqlType=4) - start
193473 [main] DEBUG org.dbunit.dataset.datatype.AbstractDataType  - getSqlType() - start
193473 [main] DEBUG org.dbunit.dataset.datatype.AbstractDataType  - getSqlType() - start
193473 [main] DEBUG org.dbunit.dataset.datatype.AbstractDataType  - getSqlType() - start
193473 [main] DEBUG org.dbunit.dataset.datatype.AbstractDataType  - getSqlType() - start
193473 [main] DEBUG org.dbunit.dataset.datatype.AbstractDataType  - getSqlType() - start
193473 [main] DEBUG org.dbunit.dataset.datatype.AbstractDataType  - getSqlType() - start
193473 [main] DEBUG org.dbunit.dataset.datatype.AbstractDataType  - getSqlType() - start
193473 [main] DEBUG org.dbunit.dataset.datatype.AbstractDataType  - getSqlType() - start
193473 [main] DEBUG org.dbunit.dataset.datatype.AbstractDataType  - getSqlType() - start
193473 [main] DEBUG org.dbunit.dataset.datatype.AbstractDataType  - getSqlType() - start
193473 [main] DEBUG org.dbunit.dataset.datatype.AbstractDataType  - getSqlType() - start
193473 [main] DEBUG org.dbunit.dataset.datatype.AbstractDataType  - getSqlType() - start
193473 [main] DEBUG org.dbunit.dataset.Column  - nullableValue(nullable=0) - start
193474 [main] DEBUG org.dbunit.dataset.Column  - autoIncrementValue(isAutoIncrement=NO) - start
193474 [main] TRACE org.dbunit.database.DefaultMetadataHandler  - matches(columnsResultSet=org.apache.commons.dbcp.DelegatingResultSet@4c4c9d19, catalog=null, schema=null, table=SCOPEDCONTENTCONDITIONS_SCOPEDCONTENT, column=null, caseSensitive=false) - start
193474 [main] DEBUG org.dbunit.database.DefaultMetadataHandler  - Comparing the following values using caseSensitive=false (searched<=>actual): catalog: null<=>PUBLIC schema: null<=>PUBLIC table: SCOPEDCONTENTCONDITIONS_SCOPEDCONTENT<=>SCOPEDCONTENTCONDITIONS_SCOPEDCONTENT column: null<=>SCOPED_CONTENT_ID
193474 [main] DEBUG org.dbunit.dataset.datatype.DefaultDataTypeFactory  - createDataType(sqlType=4 , sqlTypeName=INTEGER, tableName=SCOPEDCONTENTCONDITIONS_SCOPEDCONTENT, columnName=SCOPED_CONTENT_ID) - start
193474 [main] DEBUG org.dbunit.dataset.datatype.DefaultDataTypeFactory  - createDataType(sqlType=4, sqlTypeName=INTEGER) - start
193474 [main] DEBUG org.dbunit.dataset.datatype.DataType  - forSqlType(sqlType=4) - start
193474 [main] DEBUG org.dbunit.dataset.datatype.AbstractDataType  - getSqlType() - start
193474 [main] DEBUG org.dbunit.dataset.datatype.AbstractDataType  - getSqlType() - start
193474 [main] DEBUG org.dbunit.dataset.datatype.AbstractDataType  - getSqlType() - start
193474 [main] DEBUG org.dbunit.dataset.datatype.AbstractDataType  - getSqlType() - start
193474 [main] DEBUG org.dbunit.dataset.datatype.AbstractDataType  - getSqlType() - start
193474 [main] DEBUG org.dbunit.dataset.datatype.AbstractDataType  - getSqlType() - start
193475 [main] DEBUG org.dbunit.dataset.datatype.AbstractDataType  - getSqlType() - start
193475 [main] DEBUG org.dbunit.dataset.datatype.AbstractDataType  - getSqlType() - start
193475 [main] DEBUG org.dbunit.dataset.datatype.AbstractDataType  - getSqlType() - start
193475 [main] DEBUG org.dbunit.dataset.datatype.AbstractDataType  - getSqlType() - start
193475 [main] DEBUG org.dbunit.dataset.datatype.AbstractDataType  - getSqlType() - start
193475 [main] DEBUG org.dbunit.dataset.datatype.AbstractDataType  - getSqlType() - start
193475 [main] DEBUG org.dbunit.dataset.Column  - nullableValue(nullable=0) - start
193475 [main] DEBUG org.dbunit.dataset.Column  - autoIncrementValue(isAutoIncrement=NO) - start
193475 [main] DEBUG org.dbunit.database.DatabaseTableMetaData  - getPrimaryKeys() - start
193475 [main] TRACE org.dbunit.database.DatabaseConfig  - getProperty(name=http://www.dbunit.org/properties/primaryKeyFilter) - start
193475 [main] DEBUG org.dbunit.database.DatabaseTableMetaData  - getPrimaryKeyNames() - start
193475 [main] DEBUG org.dbunit.database.DatabaseDataSourceConnection  - getConnection() - start
193476 [main] TRACE org.dbunit.database.DatabaseConfig  - getProperty(name=http://www.dbunit.org/properties/metadataHandler) - start
193476 [main] TRACE org.dbunit.database.DefaultMetadataHandler  - getPrimaryKeys(metaData=org.apache.commons.dbcp.DelegatingDatabaseMetaData@39ddfb71, schemaName=null, tableName=SCOPEDCONTENTCONDITIONS_SCOPEDCONTENT) - start
193476 [main] DEBUG org.dbunit.database.DatabaseTableMetaData  - getColumns() - start
193476 [main] DEBUG org.dbunit.dataset.Columns  - getColumns(columnNames=[], columns=[(SCOPED_CONTENT_CONDITION_ID, INTEGER, noNulls), (SCOPED_CONTENT_ID, INTEGER, noNulls)]) - start
193476 [main] DEBUG org.dbunit.dataset.OrderedTableNameMap  - update(tableName=ScopedContentConditions_ScopedContent, object=table=SCOPEDCONTENTCONDITIONS_SCOPEDCONTENT, cols=[(SCOPED_CONTENT_CONDITION_ID, INTEGER, noNulls), (SCOPED_CONTENT_ID, INTEGER, noNulls)], pk=[]) - start
193476 [main] DEBUG org.dbunit.dataset.OrderedTableNameMap  - getTableName(tableName=ScopedContentConditions_ScopedContent) - start
193476 [main] DEBUG org.dbunit.dataset.OrderedTableNameMap  - getTableName(tableName=ScopedContentConditions_ScopedContent) - end - result=SCOPEDCONTENTCONDITIONS_SCOPEDCONTENT
193476 [main] DEBUG org.dbunit.dataset.OrderedTableNameMap  - getTableName(tableName=ScopedContentConditions_ScopedContent) - start
193476 [main] DEBUG org.dbunit.dataset.OrderedTableNameMap  - getTableName(tableName=ScopedContentConditions_ScopedContent) - end - result=SCOPEDCONTENTCONDITIONS_SCOPEDCONTENT
193477 [main] DEBUG org.dbunit.operation.AbstractOperation  - getQualifiedName(prefix=null, name=SCOPEDCONTENTCONDITIONS_SCOPEDCONTENT, connection=_databaseConfig=org.dbunit.database.DatabaseConfig[, _propertyMap={http://www.dbunit.org/properties/statementFactory=org.dbunit.database.statement.PreparedStatementFactory@626bc2b8, http://www.dbunit.org/features/caseSensitiveTableNames=false, http://www.dbunit.org/properties/fetchSize=100, http://www.dbunit.org/features/batchedStatements=false, http://www.dbunit.org/properties/metadataHandler=org.dbunit.database.DefaultMetadataHandler@3eeace42, http://www.dbunit.org/properties/datatypeFactory=org.dbunit.dataset.datatype.DefaultDataTypeFactory[_toleratedDeltaMap=org.dbunit.dataset.datatype.ToleratedDeltaMap@6452310a], http://www.dbunit.org/properties/escapePattern=null, http://www.dbunit.org/properties/batchSize=100, http://www.dbunit.org/features/qualifiedTableNames=false, http://www.dbunit.org/properties/tableType=[Ljava.lang.String;@5011bafa, http://www.dbunit.org/properties/resultSetTableFactory=org.dbunit.database.CachedResultSetTableFactory@10bcf083, http://www.dbunit.org/features/datatypeWarning=true}], _dataSet=AbstractDataSet[_orderedTableNameMap=null]) - start
193477 [main] TRACE org.dbunit.database.DatabaseConfig  - getProperty(name=http://www.dbunit.org/properties/escapePattern) - start
193477 [main] DEBUG org.dbunit.util.QualifiedTableName  - getQualifiedName() - start
193477 [main] DEBUG org.dbunit.util.QualifiedTableName  - getQualifiedName(prefix=null, name=SCOPEDCONTENTCONDITIONS_SCOPEDCONTENT, escapePattern=null) - start
193477 [main] DEBUG org.dbunit.database.statement.SimpleStatement  - addBatch(sql=delete from SCOPEDCONTENTCONDITIONS_SCOPEDCONTENT) - start
193477 [main] DEBUG org.dbunit.operation.DeleteAllOperation  - Added SQL: delete from SCOPEDCONTENTCONDITIONS_SCOPEDCONTENT
193477 [main] DEBUG org.dbunit.database.DatabaseDataSet  - getTableMetaData(tableName=ScopedContentConditionAttribute) - start
193477 [main] DEBUG org.dbunit.database.DatabaseDataSet  - initialize() - start
193477 [main] DEBUG org.dbunit.dataset.OrderedTableNameMap  - getTableName(tableName=ScopedContentConditionAttribute) - start
193478 [main] DEBUG org.dbunit.dataset.OrderedTableNameMap  - getTableName(tableName=ScopedContentConditionAttribute) - end - result=SCOPEDCONTENTCONDITIONATTRIBUTE
193478 [main] DEBUG org.dbunit.dataset.OrderedTableNameMap  - getTableName(tableName=ScopedContentConditionAttribute) - start
193478 [main] DEBUG org.dbunit.dataset.OrderedTableNameMap  - getTableName(tableName=ScopedContentConditionAttribute) - end - result=SCOPEDCONTENTCONDITIONATTRIBUTE
193478 [main] DEBUG org.dbunit.database.DatabaseDataSourceConnection  - getConnection() - start
193478 [main] TRACE org.dbunit.util.SQLHelper  - correctCase(tableName=ScopedContentConditionAttribute, connection=Transaction-aware proxy for target Connection [jdbc:hsqldb:mem:kontrollDS, UserName=sw, HSQL Database Engine Driver]) - start
193478 [main] TRACE org.dbunit.util.SQLHelper  - correctCase(tableName=ScopedContentConditionAttribute, databaseMetaData=org.apache.commons.dbcp.DelegatingDatabaseMetaData@61a3fbde) - start
193478 [main] TRACE org.dbunit.util.SQLHelper  - isEscaped(tableName=ScopedContentConditionAttribute, dbIdentifierQuoteString=") - start
193478 [main] DEBUG org.dbunit.util.SQLHelper  - isEscaped returns 'false' for tableName=ScopedContentConditionAttribute (dbIdentifierQuoteString=")
193478 [main] DEBUG org.dbunit.util.SQLHelper  - class org.dbunit.database.DatabaseTableMetaData. Corrected table name: oldValue=ScopedContentConditionAttribute newValue=SCOPEDCONTENTCONDITIONATTRIBUTE
193478 [main] DEBUG org.dbunit.database.DatabaseTableMetaData  - Validating if table 'SCOPEDCONTENTCONDITIONATTRIBUTE' exists in schema 'null' ...
193478 [main] TRACE org.dbunit.database.DatabaseConfig  - getProperty(name=http://www.dbunit.org/properties/metadataHandler) - start
193478 [main] TRACE org.dbunit.database.DefaultMetadataHandler  - tableExists(metaData=org.apache.commons.dbcp.DelegatingDatabaseMetaData@54ecdde6, schemaName=null, tableName=SCOPEDCONTENTCONDITIONATTRIBUTE) - start
193479 [main] DEBUG org.dbunit.util.SQLHelper  - close(resultSet=org.apache.commons.dbcp.DelegatingResultSet@6b2c061) - start
193480 [main] DEBUG org.dbunit.database.DatabaseTableMetaData  - getColumns() - start
193480 [main] DEBUG org.dbunit.database.DatabaseDataSourceConnection  - getConnection() - start
193480 [main] TRACE org.dbunit.database.DatabaseConfig  - getProperty(name=http://www.dbunit.org/properties/metadataHandler) - start
193480 [main] TRACE org.dbunit.database.DefaultMetadataHandler  - getColumns(databaseMetaData=org.apache.commons.dbcp.DelegatingDatabaseMetaData@417423b6, schemaName=null, tableName=SCOPEDCONTENTCONDITIONATTRIBUTE) - start
193495 [main] TRACE org.dbunit.database.DatabaseConfig  - getProperty(name=http://www.dbunit.org/properties/datatypeFactory) - start
193495 [main] DEBUG org.dbunit.database.DatabaseDataSourceConnection  - getConnection() - start
193495 [main] WARN  org.dbunit.dataset.AbstractTableMetaData  - Potential problem found: The configured data type factory 'class org.dbunit.dataset.datatype.DefaultDataTypeFactory' might cause problems with the current database 'HSQL Database Engine' (e.g. some datatypes may not be supported properly). In rare cases you might see this message because the list of supported database products is incomplete (list=[derby]). If so please request a java-class update via the forums.If you are using your own IDataTypeFactory extending DefaultDataTypeFactory, ensure that you override getValidDbProducts() to specify the supported database products.
193495 [main] TRACE org.dbunit.database.DatabaseConfig  - getFeature(name=http://www.dbunit.org/features/datatypeWarning) - start
193495 [main] TRACE org.dbunit.database.DatabaseConfig  - getProperty(name=http://www.dbunit.org/features/datatypeWarning) - start
193495 [main] TRACE org.dbunit.database.DefaultMetadataHandler  - matches(columnsResultSet=org.apache.commons.dbcp.DelegatingResultSet@312ceb1c, catalog=null, schema=null, table=SCOPEDCONTENTCONDITIONATTRIBUTE, column=null, caseSensitive=false) - start
193495 [main] DEBUG org.dbunit.database.DefaultMetadataHandler  - Comparing the following values using caseSensitive=false (searched<=>actual): catalog: null<=>PUBLIC schema: null<=>PUBLIC table: SCOPEDCONTENTCONDITIONATTRIBUTE<=>SCOPEDCONTENTCONDITIONATTRIBUTE column: null<=>ID
193495 [main] DEBUG org.dbunit.dataset.datatype.DefaultDataTypeFactory  - createDataType(sqlType=4 , sqlTypeName=INTEGER, tableName=SCOPEDCONTENTCONDITIONATTRIBUTE, columnName=ID) - start
193495 [main] DEBUG org.dbunit.dataset.datatype.DefaultDataTypeFactory  - createDataType(sqlType=4, sqlTypeName=INTEGER) - start
193495 [main] DEBUG org.dbunit.dataset.datatype.DataType  - forSqlType(sqlType=4) - start
193495 [main] DEBUG org.dbunit.dataset.datatype.AbstractDataType  - getSqlType() - start
193495 [main] DEBUG org.dbunit.dataset.datatype.AbstractDataType  - getSqlType() - start
193495 [main] DEBUG org.dbunit.dataset.datatype.AbstractDataType  - getSqlType() - start
193495 [main] DEBUG org.dbunit.dataset.datatype.AbstractDataType  - getSqlType() - start
193495 [main] DEBUG org.dbunit.dataset.datatype.AbstractDataType  - getSqlType() - start
193495 [main] DEBUG org.dbunit.dataset.datatype.AbstractDataType  - getSqlType() - start
193496 [main] DEBUG org.dbunit.dataset.datatype.AbstractDataType  - getSqlType() - start
193496 [main] DEBUG org.dbunit.dataset.datatype.AbstractDataType  - getSqlType() - start
193496 [main] DEBUG org.dbunit.dataset.datatype.AbstractDataType  - getSqlType() - start
193496 [main] DEBUG org.dbunit.dataset.datatype.AbstractDataType  - getSqlType() - start
193496 [main] DEBUG org.dbunit.dataset.datatype.AbstractDataType  - getSqlType() - start
193496 [main] DEBUG org.dbunit.dataset.datatype.AbstractDataType  - getSqlType() - start
193496 [main] DEBUG org.dbunit.dataset.Column  - nullableValue(nullable=0) - start
193496 [main] DEBUG org.dbunit.dataset.Column  - autoIncrementValue(isAutoIncrement=YES) - start
193496 [main] TRACE org.dbunit.database.DefaultMetadataHandler  - matches(columnsResultSet=org.apache.commons.dbcp.DelegatingResultSet@312ceb1c, catalog=null, schema=null, table=SCOPEDCONTENTCONDITIONATTRIBUTE, column=null, caseSensitive=false) - start
193496 [main] DEBUG org.dbunit.database.DefaultMetadataHandler  - Comparing the following values using caseSensitive=false (searched<=>actual): catalog: null<=>PUBLIC schema: null<=>PUBLIC table: SCOPEDCONTENTCONDITIONATTRIBUTE<=>SCOPEDCONTENTCONDITIONATTRIBUTE column: null<=>TIMESTAMP
193496 [main] DEBUG org.dbunit.dataset.datatype.DefaultDataTypeFactory  - createDataType(sqlType=93 , sqlTypeName=TIMESTAMP, tableName=SCOPEDCONTENTCONDITIONATTRIBUTE, columnName=TIMESTAMP) - start
193496 [main] DEBUG org.dbunit.dataset.datatype.DefaultDataTypeFactory  - createDataType(sqlType=93, sqlTypeName=TIMESTAMP) - start
193496 [main] DEBUG org.dbunit.dataset.datatype.DataType  - forSqlType(sqlType=93) - start
193496 [main] DEBUG org.dbunit.dataset.datatype.AbstractDataType  - getSqlType() - start
193496 [main] DEBUG org.dbunit.dataset.datatype.AbstractDataType  - getSqlType() - start
193496 [main] DEBUG org.dbunit.dataset.datatype.AbstractDataType  - getSqlType() - start
193496 [main] DEBUG org.dbunit.dataset.datatype.AbstractDataType  - getSqlType() - start
193496 [main] DEBUG org.dbunit.dataset.datatype.AbstractDataType  - getSqlType() - start
193496 [main] DEBUG org.dbunit.dataset.datatype.AbstractDataType  - getSqlType() - start
193496 [main] DEBUG org.dbunit.dataset.datatype.AbstractDataType  - getSqlType() - start
193496 [main] DEBUG org.dbunit.dataset.datatype.AbstractDataType  - getSqlType() - start
193496 [main] DEBUG org.dbunit.dataset.datatype.AbstractDataType  - getSqlType() - start
193496 [main] DEBUG org.dbunit.dataset.datatype.AbstractDataType  - getSqlType() - start
193496 [main] DEBUG org.dbunit.dataset.datatype.AbstractDataType  - getSqlType() - start
193496 [main] DEBUG org.dbunit.dataset.datatype.AbstractDataType  - getSqlType() - start
193496 [main] DEBUG org.dbunit.dataset.datatype.AbstractDataType  - getSqlType() - start
193496 [main] DEBUG org.dbunit.dataset.datatype.AbstractDataType  - getSqlType() - start
193496 [main] DEBUG org.dbunit.dataset.datatype.AbstractDataType  - getSqlType() - start
193497 [main] DEBUG org.dbunit.dataset.datatype.AbstractDataType  - getSqlType() - start
193497 [main] DEBUG org.dbunit.dataset.datatype.AbstractDataType  - getSqlType() - start
193497 [main] DEBUG org.dbunit.dataset.datatype.AbstractDataType  - getSqlType() - start
193497 [main] DEBUG org.dbunit.dataset.datatype.AbstractDataType  - getSqlType() - start
193497 [main] DEBUG org.dbunit.dataset.datatype.AbstractDataType  - getSqlType() - start
193497 [main] DEBUG org.dbunit.dataset.datatype.AbstractDataType  - getSqlType() - start
193497 [main] DEBUG org.dbunit.dataset.Column  - nullableValue(nullable=1) - start
193497 [main] DEBUG org.dbunit.dataset.Column  - autoIncrementValue(isAutoIncrement=NO) - start
193497 [main] TRACE org.dbunit.database.DefaultMetadataHandler  - matches(columnsResultSet=org.apache.commons.dbcp.DelegatingResultSet@312ceb1c, catalog=null, schema=null, table=SCOPEDCONTENTCONDITIONATTRIBUTE, column=null, caseSensitive=false) - start
193497 [main] DEBUG org.dbunit.database.DefaultMetadataHandler  - Comparing the following values using caseSensitive=false (searched<=>actual): catalog: null<=>PUBLIC schema: null<=>PUBLIC table: SCOPEDCONTENTCONDITIONATTRIBUTE<=>SCOPEDCONTENTCONDITIONATTRIBUTE column: null<=>CHECKORDER
193497 [main] DEBUG org.dbunit.dataset.datatype.DefaultDataTypeFactory  - createDataType(sqlType=4 , sqlTypeName=INTEGER, tableName=SCOPEDCONTENTCONDITIONATTRIBUTE, columnName=CHECKORDER) - start
193497 [main] DEBUG org.dbunit.dataset.datatype.DefaultDataTypeFactory  - createDataType(sqlType=4, sqlTypeName=INTEGER) - start
193497 [main] DEBUG org.dbunit.dataset.datatype.DataType  - forSqlType(sqlType=4) - start
193497 [main] DEBUG org.dbunit.dataset.datatype.AbstractDataType  - getSqlType() - start
193497 [main] DEBUG org.dbunit.dataset.datatype.AbstractDataType  - getSqlType() - start
193497 [main] DEBUG org.dbunit.dataset.datatype.AbstractDataType  - getSqlType() - start
193497 [main] DEBUG org.dbunit.dataset.datatype.AbstractDataType  - getSqlType() - start
193497 [main] DEBUG org.dbunit.dataset.datatype.AbstractDataType  - getSqlType() - start
193497 [main] DEBUG org.dbunit.dataset.datatype.AbstractDataType  - getSqlType() - start
193497 [main] DEBUG org.dbunit.dataset.datatype.AbstractDataType  - getSqlType() - start
193497 [main] DEBUG org.dbunit.dataset.datatype.AbstractDataType  - getSqlType() - start
193497 [main] DEBUG org.dbunit.dataset.datatype.AbstractDataType  - getSqlType() - start
193497 [main] DEBUG org.dbunit.dataset.datatype.AbstractDataType  - getSqlType() - start
193497 [main] DEBUG org.dbunit.dataset.datatype.AbstractDataType  - getSqlType() - start
193497 [main] DEBUG org.dbunit.dataset.datatype.AbstractDataType  - getSqlType() - start
193497 [main] DEBUG org.dbunit.dataset.Column  - nullableValue(nullable=0) - start
193497 [main] DEBUG org.dbunit.dataset.Column  - autoIncrementValue(isAutoIncrement=NO) - start
193497 [main] TRACE org.dbunit.database.DefaultMetadataHandler  - matches(columnsResultSet=org.apache.commons.dbcp.DelegatingResultSet@312ceb1c, catalog=null, schema=null, table=SCOPEDCONTENTCONDITIONATTRIBUTE, column=null, caseSensitive=false) - start
193497 [main] DEBUG org.dbunit.database.DefaultMetadataHandler  - Comparing the following values using caseSensitive=false (searched<=>actual): catalog: null<=>PUBLIC schema: null<=>PUBLIC table: SCOPEDCONTENTCONDITIONATTRIBUTE<=>SCOPEDCONTENTCONDITIONATTRIBUTE column: null<=>CLASSNAME
193497 [main] DEBUG org.dbunit.dataset.datatype.DefaultDataTypeFactory  - createDataType(sqlType=12 , sqlTypeName=VARCHAR, tableName=SCOPEDCONTENTCONDITIONATTRIBUTE, columnName=CLASSNAME) - start
193497 [main] DEBUG org.dbunit.dataset.datatype.DefaultDataTypeFactory  - createDataType(sqlType=12, sqlTypeName=VARCHAR) - start
193498 [main] DEBUG org.dbunit.dataset.datatype.DataType  - forSqlType(sqlType=12) - start
193498 [main] DEBUG org.dbunit.dataset.datatype.AbstractDataType  - getSqlType() - start
193498 [main] DEBUG org.dbunit.dataset.Column  - nullableValue(nullable=0) - start
193498 [main] DEBUG org.dbunit.dataset.Column  - autoIncrementValue(isAutoIncrement=NO) - start
193498 [main] TRACE org.dbunit.database.DefaultMetadataHandler  - matches(columnsResultSet=org.apache.commons.dbcp.DelegatingResultSet@312ceb1c, catalog=null, schema=null, table=SCOPEDCONTENTCONDITIONATTRIBUTE, column=null, caseSensitive=false) - start
193498 [main] DEBUG org.dbunit.database.DefaultMetadataHandler  - Comparing the following values using caseSensitive=false (searched<=>actual): catalog: null<=>PUBLIC schema: null<=>PUBLIC table: SCOPEDCONTENTCONDITIONATTRIBUTE<=>SCOPEDCONTENTCONDITIONATTRIBUTE column: null<=>EXPECTEDVALUE
193498 [main] DEBUG org.dbunit.dataset.datatype.DefaultDataTypeFactory  - createDataType(sqlType=12 , sqlTypeName=VARCHAR, tableName=SCOPEDCONTENTCONDITIONATTRIBUTE, columnName=EXPECTEDVALUE) - start
193498 [main] DEBUG org.dbunit.dataset.datatype.DefaultDataTypeFactory  - createDataType(sqlType=12, sqlTypeName=VARCHAR) - start
193498 [main] DEBUG org.dbunit.dataset.datatype.DataType  - forSqlType(sqlType=12) - start
193498 [main] DEBUG org.dbunit.dataset.datatype.AbstractDataType  - getSqlType() - start
193498 [main] DEBUG org.dbunit.dataset.Column  - nullableValue(nullable=0) - start
193498 [main] DEBUG org.dbunit.dataset.Column  - autoIncrementValue(isAutoIncrement=NO) - start
193498 [main] TRACE org.dbunit.database.DefaultMetadataHandler  - matches(columnsResultSet=org.apache.commons.dbcp.DelegatingResultSet@312ceb1c, catalog=null, schema=null, table=SCOPEDCONTENTCONDITIONATTRIBUTE, column=null, caseSensitive=false) - start
193498 [main] DEBUG org.dbunit.database.DefaultMetadataHandler  - Comparing the following values using caseSensitive=false (searched<=>actual): catalog: null<=>PUBLIC schema: null<=>PUBLIC table: SCOPEDCONTENTCONDITIONATTRIBUTE<=>SCOPEDCONTENTCONDITIONATTRIBUTE column: null<=>EXPECTEDVALUETYPE
193498 [main] DEBUG org.dbunit.dataset.datatype.DefaultDataTypeFactory  - createDataType(sqlType=12 , sqlTypeName=VARCHAR, tableName=SCOPEDCONTENTCONDITIONATTRIBUTE, columnName=EXPECTEDVALUETYPE) - start
193498 [main] DEBUG org.dbunit.dataset.datatype.DefaultDataTypeFactory  - createDataType(sqlType=12, sqlTypeName=VARCHAR) - start
193498 [main] DEBUG org.dbunit.dataset.datatype.DataType  - forSqlType(sqlType=12) - start
193498 [main] DEBUG org.dbunit.dataset.datatype.AbstractDataType  - getSqlType() - start
193498 [main] DEBUG org.dbunit.dataset.Column  - nullableValue(nullable=0) - start
193498 [main] DEBUG org.dbunit.dataset.Column  - autoIncrementValue(isAutoIncrement=NO) - start
193498 [main] TRACE org.dbunit.database.DefaultMetadataHandler  - matches(columnsResultSet=org.apache.commons.dbcp.DelegatingResultSet@312ceb1c, catalog=null, schema=null, table=SCOPEDCONTENTCONDITIONATTRIBUTE, column=null, caseSensitive=false) - start
193498 [main] DEBUG org.dbunit.database.DefaultMetadataHandler  - Comparing the following values using caseSensitive=false (searched<=>actual): catalog: null<=>PUBLIC schema: null<=>PUBLIC table: SCOPEDCONTENTCONDITIONATTRIBUTE<=>SCOPEDCONTENTCONDITIONATTRIBUTE column: null<=>KEY
193498 [main] DEBUG org.dbunit.dataset.datatype.DefaultDataTypeFactory  - createDataType(sqlType=12 , sqlTypeName=VARCHAR, tableName=SCOPEDCONTENTCONDITIONATTRIBUTE, columnName=KEY) - start
193498 [main] DEBUG org.dbunit.dataset.datatype.DefaultDataTypeFactory  - createDataType(sqlType=12, sqlTypeName=VARCHAR) - start
193498 [main] DEBUG org.dbunit.dataset.datatype.DataType  - forSqlType(sqlType=12) - start
193498 [main] DEBUG org.dbunit.dataset.datatype.AbstractDataType  - getSqlType() - start
193498 [main] DEBUG org.dbunit.dataset.Column  - nullableValue(nullable=0) - start
193499 [main] DEBUG org.dbunit.dataset.Column  - autoIncrementValue(isAutoIncrement=NO) - start
193499 [main] TRACE org.dbunit.database.DefaultMetadataHandler  - matches(columnsResultSet=org.apache.commons.dbcp.DelegatingResultSet@312ceb1c, catalog=null, schema=null, table=SCOPEDCONTENTCONDITIONATTRIBUTE, column=null, caseSensitive=false) - start
193499 [main] DEBUG org.dbunit.database.DefaultMetadataHandler  - Comparing the following values using caseSensitive=false (searched<=>actual): catalog: null<=>PUBLIC schema: null<=>PUBLIC table: SCOPEDCONTENTCONDITIONATTRIBUTE<=>SCOPEDCONTENTCONDITIONATTRIBUTE column: null<=>OPERATOR
193499 [main] DEBUG org.dbunit.dataset.datatype.DefaultDataTypeFactory  - createDataType(sqlType=12 , sqlTypeName=VARCHAR, tableName=SCOPEDCONTENTCONDITIONATTRIBUTE, columnName=OPERATOR) - start
193499 [main] DEBUG org.dbunit.dataset.datatype.DefaultDataTypeFactory  - createDataType(sqlType=12, sqlTypeName=VARCHAR) - start
193499 [main] DEBUG org.dbunit.dataset.datatype.DataType  - forSqlType(sqlType=12) - start
193499 [main] DEBUG org.dbunit.dataset.datatype.AbstractDataType  - getSqlType() - start
193499 [main] DEBUG org.dbunit.dataset.Column  - nullableValue(nullable=0) - start
193499 [main] DEBUG org.dbunit.dataset.Column  - autoIncrementValue(isAutoIncrement=NO) - start
193499 [main] TRACE org.dbunit.database.DefaultMetadataHandler  - matches(columnsResultSet=org.apache.commons.dbcp.DelegatingResultSet@312ceb1c, catalog=null, schema=null, table=SCOPEDCONTENTCONDITIONATTRIBUTE, column=null, caseSensitive=false) - start
193499 [main] DEBUG org.dbunit.database.DefaultMetadataHandler  - Comparing the following values using caseSensitive=false (searched<=>actual): catalog: null<=>PUBLIC schema: null<=>PUBLIC table: SCOPEDCONTENTCONDITIONATTRIBUTE<=>SCOPEDCONTENTCONDITIONATTRIBUTE column: null<=>VALUEPATH
193499 [main] DEBUG org.dbunit.dataset.datatype.DefaultDataTypeFactory  - createDataType(sqlType=12 , sqlTypeName=VARCHAR, tableName=SCOPEDCONTENTCONDITIONATTRIBUTE, columnName=VALUEPATH) - start
193499 [main] DEBUG org.dbunit.dataset.datatype.DefaultDataTypeFactory  - createDataType(sqlType=12, sqlTypeName=VARCHAR) - start
193499 [main] DEBUG org.dbunit.dataset.datatype.DataType  - forSqlType(sqlType=12) - start
193499 [main] DEBUG org.dbunit.dataset.datatype.AbstractDataType  - getSqlType() - start
193499 [main] DEBUG org.dbunit.dataset.Column  - nullableValue(nullable=0) - start
193499 [main] DEBUG org.dbunit.dataset.Column  - autoIncrementValue(isAutoIncrement=NO) - start
193499 [main] TRACE org.dbunit.database.DefaultMetadataHandler  - matches(columnsResultSet=org.apache.commons.dbcp.DelegatingResultSet@312ceb1c, catalog=null, schema=null, table=SCOPEDCONTENTCONDITIONATTRIBUTE, column=null, caseSensitive=false) - start
193499 [main] DEBUG org.dbunit.database.DefaultMetadataHandler  - Comparing the following values using caseSensitive=false (searched<=>actual): catalog: null<=>PUBLIC schema: null<=>PUBLIC table: SCOPEDCONTENTCONDITIONATTRIBUTE<=>SCOPEDCONTENTCONDITIONATTRIBUTE column: null<=>SCOPEDCONTENTCONDITION
193499 [main] DEBUG org.dbunit.dataset.datatype.DefaultDataTypeFactory  - createDataType(sqlType=4 , sqlTypeName=INTEGER, tableName=SCOPEDCONTENTCONDITIONATTRIBUTE, columnName=SCOPEDCONTENTCONDITION) - start
193499 [main] DEBUG org.dbunit.dataset.datatype.DefaultDataTypeFactory  - createDataType(sqlType=4, sqlTypeName=INTEGER) - start
193499 [main] DEBUG org.dbunit.dataset.datatype.DataType  - forSqlType(sqlType=4) - start
193499 [main] DEBUG org.dbunit.dataset.datatype.AbstractDataType  - getSqlType() - start
193499 [main] DEBUG org.dbunit.dataset.datatype.AbstractDataType  - getSqlType() - start
193499 [main] DEBUG org.dbunit.dataset.datatype.AbstractDataType  - getSqlType() - start
193499 [main] DEBUG org.dbunit.dataset.datatype.AbstractDataType  - getSqlType() - start
193499 [main] DEBUG org.dbunit.dataset.datatype.AbstractDataType  - getSqlType() - start
193499 [main] DEBUG org.dbunit.dataset.datatype.AbstractDataType  - getSqlType() - start
193499 [main] DEBUG org.dbunit.dataset.datatype.AbstractDataType  - getSqlType() - start
193500 [main] DEBUG org.dbunit.dataset.datatype.AbstractDataType  - getSqlType() - start
193500 [main] DEBUG org.dbunit.dataset.datatype.AbstractDataType  - getSqlType() - start
193500 [main] DEBUG org.dbunit.dataset.datatype.AbstractDataType  - getSqlType() - start
193500 [main] DEBUG org.dbunit.dataset.datatype.AbstractDataType  - getSqlType() - start
193500 [main] DEBUG org.dbunit.dataset.datatype.AbstractDataType  - getSqlType() - start
193500 [main] DEBUG org.dbunit.dataset.Column  - nullableValue(nullable=0) - start
193500 [main] DEBUG org.dbunit.dataset.Column  - autoIncrementValue(isAutoIncrement=NO) - start
193500 [main] DEBUG org.dbunit.database.DatabaseTableMetaData  - getPrimaryKeys() - start
193500 [main] TRACE org.dbunit.database.DatabaseConfig  - getProperty(name=http://www.dbunit.org/properties/primaryKeyFilter) - start
193500 [main] DEBUG org.dbunit.database.DatabaseTableMetaData  - getPrimaryKeyNames() - start
193500 [main] DEBUG org.dbunit.database.DatabaseDataSourceConnection  - getConnection() - start
193500 [main] TRACE org.dbunit.database.DatabaseConfig  - getProperty(name=http://www.dbunit.org/properties/metadataHandler) - start
193500 [main] TRACE org.dbunit.database.DefaultMetadataHandler  - getPrimaryKeys(metaData=org.apache.commons.dbcp.DelegatingDatabaseMetaData@7bff947c, schemaName=null, tableName=SCOPEDCONTENTCONDITIONATTRIBUTE) - start
193500 [main] DEBUG org.dbunit.database.DatabaseTableMetaData  - getName() - start
193500 [main] DEBUG org.dbunit.database.DatabaseTableMetaData  - getColumns() - start
193500 [main] DEBUG org.dbunit.dataset.Columns  - getColumns(columnNames=[ID], columns=[(ID, INTEGER, noNulls), (TIMESTAMP, TIMESTAMP, nullable), (CHECKORDER, INTEGER, noNulls), (CLASSNAME, VARCHAR, noNulls), (EXPECTEDVALUE, VARCHAR, noNulls), (EXPECTEDVALUETYPE, VARCHAR, noNulls), (KEY, VARCHAR, noNulls), (OPERATOR, VARCHAR, noNulls), (VALUEPATH, VARCHAR, noNulls), (SCOPEDCONTENTCONDITION, INTEGER, noNulls)]) - start
193500 [main] DEBUG org.dbunit.dataset.Columns  - getColumn(columnName=ID, columns=[(ID, INTEGER, noNulls), (TIMESTAMP, TIMESTAMP, nullable), (CHECKORDER, INTEGER, noNulls), (CLASSNAME, VARCHAR, noNulls), (EXPECTEDVALUE, VARCHAR, noNulls), (EXPECTEDVALUETYPE, VARCHAR, noNulls), (KEY, VARCHAR, noNulls), (OPERATOR, VARCHAR, noNulls), (VALUEPATH, VARCHAR, noNulls), (SCOPEDCONTENTCONDITION, INTEGER, noNulls)]) - start
193500 [main] DEBUG org.dbunit.dataset.OrderedTableNameMap  - update(tableName=ScopedContentConditionAttribute, object=table=SCOPEDCONTENTCONDITIONATTRIBUTE, cols=[(ID, INTEGER, noNulls), (TIMESTAMP, TIMESTAMP, nullable), (CHECKORDER, INTEGER, noNulls), (CLASSNAME, VARCHAR, noNulls), (EXPECTEDVALUE, VARCHAR, noNulls), (EXPECTEDVALUETYPE, VARCHAR, noNulls), (KEY, VARCHAR, noNulls), (OPERATOR, VARCHAR, noNulls), (VALUEPATH, VARCHAR, noNulls), (SCOPEDCONTENTCONDITION, INTEGER, noNulls)], pk=[(ID, INTEGER, noNulls)]) - start
193501 [main] DEBUG org.dbunit.dataset.OrderedTableNameMap  - getTableName(tableName=ScopedContentConditionAttribute) - start
193501 [main] DEBUG org.dbunit.dataset.OrderedTableNameMap  - getTableName(tableName=ScopedContentConditionAttribute) - end - result=SCOPEDCONTENTCONDITIONATTRIBUTE
193501 [main] DEBUG org.dbunit.dataset.OrderedTableNameMap  - getTableName(tableName=ScopedContentConditionAttribute) - start
193501 [main] DEBUG org.dbunit.dataset.OrderedTableNameMap  - getTableName(tableName=ScopedContentConditionAttribute) - end - result=SCOPEDCONTENTCONDITIONATTRIBUTE
193501 [main] DEBUG org.dbunit.operation.AbstractOperation  - getQualifiedName(prefix=null, name=SCOPEDCONTENTCONDITIONATTRIBUTE, connection=_databaseConfig=org.dbunit.database.DatabaseConfig[, _propertyMap={http://www.dbunit.org/properties/statementFactory=org.dbunit.database.statement.PreparedStatementFactory@626bc2b8, http://www.dbunit.org/features/caseSensitiveTableNames=false, http://www.dbunit.org/properties/fetchSize=100, http://www.dbunit.org/features/batchedStatements=false, http://www.dbunit.org/properties/metadataHandler=org.dbunit.database.DefaultMetadataHandler@3eeace42, http://www.dbunit.org/properties/datatypeFactory=org.dbunit.dataset.datatype.DefaultDataTypeFactory[_toleratedDeltaMap=org.dbunit.dataset.datatype.ToleratedDeltaMap@6452310a], http://www.dbunit.org/properties/escapePattern=null, http://www.dbunit.org/properties/batchSize=100, http://www.dbunit.org/features/qualifiedTableNames=false, http://www.dbunit.org/properties/tableType=[Ljava.lang.String;@5011bafa, http://www.dbunit.org/properties/resultSetTableFactory=org.dbunit.database.CachedResultSetTableFactory@10bcf083, http://www.dbunit.org/features/datatypeWarning=true}], _dataSet=AbstractDataSet[_orderedTableNameMap=null]) - start
193501 [main] TRACE org.dbunit.database.DatabaseConfig  - getProperty(name=http://www.dbunit.org/properties/escapePattern) - start
193501 [main] DEBUG org.dbunit.util.QualifiedTableName  - getQualifiedName() - start
193501 [main] DEBUG org.dbunit.util.QualifiedTableName  - getQualifiedName(prefix=null, name=SCOPEDCONTENTCONDITIONATTRIBUTE, escapePattern=null) - start
193501 [main] DEBUG org.dbunit.database.statement.SimpleStatement  - addBatch(sql=delete from SCOPEDCONTENTCONDITIONATTRIBUTE) - start
193501 [main] DEBUG org.dbunit.operation.DeleteAllOperation  - Added SQL: delete from SCOPEDCONTENTCONDITIONATTRIBUTE
193501 [main] DEBUG org.dbunit.database.DatabaseDataSet  - getTableMetaData(tableName=ScopedContent) - start
193501 [main] DEBUG org.dbunit.database.DatabaseDataSet  - initialize() - start
193501 [main] DEBUG org.dbunit.dataset.OrderedTableNameMap  - getTableName(tableName=ScopedContent) - start
193501 [main] DEBUG org.dbunit.dataset.OrderedTableNameMap  - getTableName(tableName=ScopedContent) - end - result=SCOPEDCONTENT
193501 [main] DEBUG org.dbunit.dataset.OrderedTableNameMap  - getTableName(tableName=ScopedContent) - start
193501 [main] DEBUG org.dbunit.dataset.OrderedTableNameMap  - getTableName(tableName=ScopedContent) - end - result=SCOPEDCONTENT
193501 [main] DEBUG org.dbunit.database.DatabaseDataSourceConnection  - getConnection() - start
193501 [main] TRACE org.dbunit.util.SQLHelper  - correctCase(tableName=ScopedContent, connection=Transaction-aware proxy for target Connection [jdbc:hsqldb:mem:kontrollDS, UserName=sw, HSQL Database Engine Driver]) - start
193501 [main] TRACE org.dbunit.util.SQLHelper  - correctCase(tableName=ScopedContent, databaseMetaData=org.apache.commons.dbcp.DelegatingDatabaseMetaData@1f6f5ed1) - start
193501 [main] TRACE org.dbunit.util.SQLHelper  - isEscaped(tableName=ScopedContent, dbIdentifierQuoteString=") - start
193501 [main] DEBUG org.dbunit.util.SQLHelper  - isEscaped returns 'false' for tableName=ScopedContent (dbIdentifierQuoteString=")
193501 [main] DEBUG org.dbunit.util.SQLHelper  - class org.dbunit.database.DatabaseTableMetaData. Corrected table name: oldValue=ScopedContent newValue=SCOPEDCONTENT
193501 [main] DEBUG org.dbunit.database.DatabaseTableMetaData  - Validating if table 'SCOPEDCONTENT' exists in schema 'null' ...
193501 [main] TRACE org.dbunit.database.DatabaseConfig  - getProperty(name=http://www.dbunit.org/properties/metadataHandler) - start
193501 [main] TRACE org.dbunit.database.DefaultMetadataHandler  - tableExists(metaData=org.apache.commons.dbcp.DelegatingDatabaseMetaData@48b9fb76, schemaName=null, tableName=SCOPEDCONTENT) - start
193502 [main] DEBUG org.dbunit.util.SQLHelper  - close(resultSet=org.apache.commons.dbcp.DelegatingResultSet@38436df2) - start
193503 [main] DEBUG org.dbunit.database.DatabaseTableMetaData  - getColumns() - start
193503 [main] DEBUG org.dbunit.database.DatabaseDataSourceConnection  - getConnection() - start
193503 [main] TRACE org.dbunit.database.DatabaseConfig  - getProperty(name=http://www.dbunit.org/properties/metadataHandler) - start
193503 [main] TRACE org.dbunit.database.DefaultMetadataHandler  - getColumns(databaseMetaData=org.apache.commons.dbcp.DelegatingDatabaseMetaData@52e747b9, schemaName=null, tableName=SCOPEDCONTENT) - start
193517 [main] TRACE org.dbunit.database.DatabaseConfig  - getProperty(name=http://www.dbunit.org/properties/datatypeFactory) - start
193518 [main] DEBUG org.dbunit.database.DatabaseDataSourceConnection  - getConnection() - start
193518 [main] WARN  org.dbunit.dataset.AbstractTableMetaData  - Potential problem found: The configured data type factory 'class org.dbunit.dataset.datatype.DefaultDataTypeFactory' might cause problems with the current database 'HSQL Database Engine' (e.g. some datatypes may not be supported properly). In rare cases you might see this message because the list of supported database products is incomplete (list=[derby]). If so please request a java-class update via the forums.If you are using your own IDataTypeFactory extending DefaultDataTypeFactory, ensure that you override getValidDbProducts() to specify the supported database products.
193518 [main] TRACE org.dbunit.database.DatabaseConfig  - getFeature(name=http://www.dbunit.org/features/datatypeWarning) - start
193518 [main] TRACE org.dbunit.database.DatabaseConfig  - getProperty(name=http://www.dbunit.org/features/datatypeWarning) - start
193518 [main] TRACE org.dbunit.database.DefaultMetadataHandler  - matches(columnsResultSet=org.apache.commons.dbcp.DelegatingResultSet@18818f9, catalog=null, schema=null, table=SCOPEDCONTENT, column=null, caseSensitive=false) - start
193518 [main] DEBUG org.dbunit.database.DefaultMetadataHandler  - Comparing the following values using caseSensitive=false (searched<=>actual): catalog: null<=>PUBLIC schema: null<=>PUBLIC table: SCOPEDCONTENT<=>SCOPEDCONTENT column: null<=>ID
193518 [main] DEBUG org.dbunit.dataset.datatype.DefaultDataTypeFactory  - createDataType(sqlType=4 , sqlTypeName=INTEGER, tableName=SCOPEDCONTENT, columnName=ID) - start
193518 [main] DEBUG org.dbunit.dataset.datatype.DefaultDataTypeFactory  - createDataType(sqlType=4, sqlTypeName=INTEGER) - start
193518 [main] DEBUG org.dbunit.dataset.datatype.DataType  - forSqlType(sqlType=4) - start
193518 [main] DEBUG org.dbunit.dataset.datatype.AbstractDataType  - getSqlType() - start
193518 [main] DEBUG org.dbunit.dataset.datatype.AbstractDataType  - getSqlType() - start
193518 [main] DEBUG org.dbunit.dataset.datatype.AbstractDataType  - getSqlType() - start
193518 [main] DEBUG org.dbunit.dataset.datatype.AbstractDataType  - getSqlType() - start
193518 [main] DEBUG org.dbunit.dataset.datatype.AbstractDataType  - getSqlType() - start
193518 [main] DEBUG org.dbunit.dataset.datatype.AbstractDataType  - getSqlType() - start
193518 [main] DEBUG org.dbunit.dataset.datatype.AbstractDataType  - getSqlType() - start
193518 [main] DEBUG org.dbunit.dataset.datatype.AbstractDataType  - getSqlType() - start
193518 [main] DEBUG org.dbunit.dataset.datatype.AbstractDataType  - getSqlType() - start
193518 [main] DEBUG org.dbunit.dataset.datatype.AbstractDataType  - getSqlType() - start
193518 [main] DEBUG org.dbunit.dataset.datatype.AbstractDataType  - getSqlType() - start
193518 [main] DEBUG org.dbunit.dataset.datatype.AbstractDataType  - getSqlType() - start
193518 [main] DEBUG org.dbunit.dataset.Column  - nullableValue(nullable=0) - start
193518 [main] DEBUG org.dbunit.dataset.Column  - autoIncrementValue(isAutoIncrement=YES) - start
193518 [main] TRACE org.dbunit.database.DefaultMetadataHandler  - matches(columnsResultSet=org.apache.commons.dbcp.DelegatingResultSet@18818f9, catalog=null, schema=null, table=SCOPEDCONTENT, column=null, caseSensitive=false) - start
193518 [main] DEBUG org.dbunit.database.DefaultMetadataHandler  - Comparing the following values using caseSensitive=false (searched<=>actual): catalog: null<=>PUBLIC schema: null<=>PUBLIC table: SCOPEDCONTENT<=>SCOPEDCONTENT column: null<=>TIMESTAMP
193518 [main] DEBUG org.dbunit.dataset.datatype.DefaultDataTypeFactory  - createDataType(sqlType=93 , sqlTypeName=TIMESTAMP, tableName=SCOPEDCONTENT, columnName=TIMESTAMP) - start
193518 [main] DEBUG org.dbunit.dataset.datatype.DefaultDataTypeFactory  - createDataType(sqlType=93, sqlTypeName=TIMESTAMP) - start
193518 [main] DEBUG org.dbunit.dataset.datatype.DataType  - forSqlType(sqlType=93) - start
193519 [main] DEBUG org.dbunit.dataset.datatype.AbstractDataType  - getSqlType() - start
193519 [main] DEBUG org.dbunit.dataset.datatype.AbstractDataType  - getSqlType() - start
193519 [main] DEBUG org.dbunit.dataset.datatype.AbstractDataType  - getSqlType() - start
193519 [main] DEBUG org.dbunit.dataset.datatype.AbstractDataType  - getSqlType() - start
193519 [main] DEBUG org.dbunit.dataset.datatype.AbstractDataType  - getSqlType() - start
193519 [main] DEBUG org.dbunit.dataset.datatype.AbstractDataType  - getSqlType() - start
193519 [main] DEBUG org.dbunit.dataset.datatype.AbstractDataType  - getSqlType() - start
193519 [main] DEBUG org.dbunit.dataset.datatype.AbstractDataType  - getSqlType() - start
193519 [main] DEBUG org.dbunit.dataset.datatype.AbstractDataType  - getSqlType() - start
193519 [main] DEBUG org.dbunit.dataset.datatype.AbstractDataType  - getSqlType() - start
193519 [main] DEBUG org.dbunit.dataset.datatype.AbstractDataType  - getSqlType() - start
193519 [main] DEBUG org.dbunit.dataset.datatype.AbstractDataType  - getSqlType() - start
193519 [main] DEBUG org.dbunit.dataset.datatype.AbstractDataType  - getSqlType() - start
193519 [main] DEBUG org.dbunit.dataset.datatype.AbstractDataType  - getSqlType() - start
193519 [main] DEBUG org.dbunit.dataset.datatype.AbstractDataType  - getSqlType() - start
193519 [main] DEBUG org.dbunit.dataset.datatype.AbstractDataType  - getSqlType() - start
193519 [main] DEBUG org.dbunit.dataset.datatype.AbstractDataType  - getSqlType() - start
193519 [main] DEBUG org.dbunit.dataset.datatype.AbstractDataType  - getSqlType() - start
193519 [main] DEBUG org.dbunit.dataset.datatype.AbstractDataType  - getSqlType() - start
193519 [main] DEBUG org.dbunit.dataset.datatype.AbstractDataType  - getSqlType() - start
193519 [main] DEBUG org.dbunit.dataset.datatype.AbstractDataType  - getSqlType() - start
193519 [main] DEBUG org.dbunit.dataset.Column  - nullableValue(nullable=1) - start
193519 [main] DEBUG org.dbunit.dataset.Column  - autoIncrementValue(isAutoIncrement=NO) - start
193519 [main] TRACE org.dbunit.database.DefaultMetadataHandler  - matches(columnsResultSet=org.apache.commons.dbcp.DelegatingResultSet@18818f9, catalog=null, schema=null, table=SCOPEDCONTENT, column=null, caseSensitive=false) - start
193519 [main] DEBUG org.dbunit.database.DefaultMetadataHandler  - Comparing the following values using caseSensitive=false (searched<=>actual): catalog: null<=>PUBLIC schema: null<=>PUBLIC table: SCOPEDCONTENT<=>SCOPEDCONTENT column: null<=>DESCRIPTION
193519 [main] DEBUG org.dbunit.dataset.datatype.DefaultDataTypeFactory  - createDataType(sqlType=12 , sqlTypeName=VARCHAR, tableName=SCOPEDCONTENT, columnName=DESCRIPTION) - start
193519 [main] DEBUG org.dbunit.dataset.datatype.DefaultDataTypeFactory  - createDataType(sqlType=12, sqlTypeName=VARCHAR) - start
193519 [main] DEBUG org.dbunit.dataset.datatype.DataType  - forSqlType(sqlType=12) - start
193519 [main] DEBUG org.dbunit.dataset.datatype.AbstractDataType  - getSqlType() - start
193519 [main] DEBUG org.dbunit.dataset.Column  - nullableValue(nullable=1) - start
193519 [main] DEBUG org.dbunit.dataset.Column  - autoIncrementValue(isAutoIncrement=NO) - start
193519 [main] TRACE org.dbunit.database.DefaultMetadataHandler  - matches(columnsResultSet=org.apache.commons.dbcp.DelegatingResultSet@18818f9, catalog=null, schema=null, table=SCOPEDCONTENT, column=null, caseSensitive=false) - start
193520 [main] DEBUG org.dbunit.database.DefaultMetadataHandler  - Comparing the following values using caseSensitive=false (searched<=>actual): catalog: null<=>PUBLIC schema: null<=>PUBLIC table: SCOPEDCONTENT<=>SCOPEDCONTENT column: null<=>NAME
193520 [main] DEBUG org.dbunit.dataset.datatype.DefaultDataTypeFactory  - createDataType(sqlType=12 , sqlTypeName=VARCHAR, tableName=SCOPEDCONTENT, columnName=NAME) - start
193520 [main] DEBUG org.dbunit.dataset.datatype.DefaultDataTypeFactory  - createDataType(sqlType=12, sqlTypeName=VARCHAR) - start
193520 [main] DEBUG org.dbunit.dataset.datatype.DataType  - forSqlType(sqlType=12) - start
193520 [main] DEBUG org.dbunit.dataset.datatype.AbstractDataType  - getSqlType() - start
193520 [main] DEBUG org.dbunit.dataset.Column  - nullableValue(nullable=0) - start
193520 [main] DEBUG org.dbunit.dataset.Column  - autoIncrementValue(isAutoIncrement=NO) - start
193520 [main] TRACE org.dbunit.database.DefaultMetadataHandler  - matches(columnsResultSet=org.apache.commons.dbcp.DelegatingResultSet@18818f9, catalog=null, schema=null, table=SCOPEDCONTENT, column=null, caseSensitive=false) - start
193520 [main] DEBUG org.dbunit.database.DefaultMetadataHandler  - Comparing the following values using caseSensitive=false (searched<=>actual): catalog: null<=>PUBLIC schema: null<=>PUBLIC table: SCOPEDCONTENT<=>SCOPEDCONTENT column: null<=>SCOPE
193520 [main] DEBUG org.dbunit.dataset.datatype.DefaultDataTypeFactory  - createDataType(sqlType=4 , sqlTypeName=INTEGER, tableName=SCOPEDCONTENT, columnName=SCOPE) - start
193520 [main] DEBUG org.dbunit.dataset.datatype.DefaultDataTypeFactory  - createDataType(sqlType=4, sqlTypeName=INTEGER) - start
193520 [main] DEBUG org.dbunit.dataset.datatype.DataType  - forSqlType(sqlType=4) - start
193520 [main] DEBUG org.dbunit.dataset.datatype.AbstractDataType  - getSqlType() - start
193520 [main] DEBUG org.dbunit.dataset.datatype.AbstractDataType  - getSqlType() - start
193520 [main] DEBUG org.dbunit.dataset.datatype.AbstractDataType  - getSqlType() - start
193520 [main] DEBUG org.dbunit.dataset.datatype.AbstractDataType  - getSqlType() - start
193520 [main] DEBUG org.dbunit.dataset.datatype.AbstractDataType  - getSqlType() - start
193520 [main] DEBUG org.dbunit.dataset.datatype.AbstractDataType  - getSqlType() - start
193520 [main] DEBUG org.dbunit.dataset.datatype.AbstractDataType  - getSqlType() - start
193520 [main] DEBUG org.dbunit.dataset.datatype.AbstractDataType  - getSqlType() - start
193520 [main] DEBUG org.dbunit.dataset.datatype.AbstractDataType  - getSqlType() - start
193520 [main] DEBUG org.dbunit.dataset.datatype.AbstractDataType  - getSqlType() - start
193520 [main] DEBUG org.dbunit.dataset.datatype.AbstractDataType  - getSqlType() - start
193520 [main] DEBUG org.dbunit.dataset.datatype.AbstractDataType  - getSqlType() - start
193520 [main] DEBUG org.dbunit.dataset.Column  - nullableValue(nullable=0) - start
193520 [main] DEBUG org.dbunit.dataset.Column  - autoIncrementValue(isAutoIncrement=NO) - start
193520 [main] DEBUG org.dbunit.database.DatabaseTableMetaData  - getPrimaryKeys() - start
193520 [main] TRACE org.dbunit.database.DatabaseConfig  - getProperty(name=http://www.dbunit.org/properties/primaryKeyFilter) - start
193521 [main] DEBUG org.dbunit.database.DatabaseTableMetaData  - getPrimaryKeyNames() - start
193521 [main] DEBUG org.dbunit.database.DatabaseDataSourceConnection  - getConnection() - start
193521 [main] TRACE org.dbunit.database.DatabaseConfig  - getProperty(name=http://www.dbunit.org/properties/metadataHandler) - start
193521 [main] TRACE org.dbunit.database.DefaultMetadataHandler  - getPrimaryKeys(metaData=org.apache.commons.dbcp.DelegatingDatabaseMetaData@e1f8438, schemaName=null, tableName=SCOPEDCONTENT) - start
193521 [main] DEBUG org.dbunit.database.DatabaseTableMetaData  - getName() - start
193521 [main] DEBUG org.dbunit.database.DatabaseTableMetaData  - getColumns() - start
193521 [main] DEBUG org.dbunit.dataset.Columns  - getColumns(columnNames=[ID], columns=[(ID, INTEGER, noNulls), (TIMESTAMP, TIMESTAMP, nullable), (DESCRIPTION, VARCHAR, nullable), (NAME, VARCHAR, noNulls), (SCOPE, INTEGER, noNulls)]) - start
193521 [main] DEBUG org.dbunit.dataset.Columns  - getColumn(columnName=ID, columns=[(ID, INTEGER, noNulls), (TIMESTAMP, TIMESTAMP, nullable), (DESCRIPTION, VARCHAR, nullable), (NAME, VARCHAR, noNulls), (SCOPE, INTEGER, noNulls)]) - start
193521 [main] DEBUG org.dbunit.dataset.OrderedTableNameMap  - update(tableName=ScopedContent, object=table=SCOPEDCONTENT, cols=[(ID, INTEGER, noNulls), (TIMESTAMP, TIMESTAMP, nullable), (DESCRIPTION, VARCHAR, nullable), (NAME, VARCHAR, noNulls), (SCOPE, INTEGER, noNulls)], pk=[(ID, INTEGER, noNulls)]) - start
193521 [main] DEBUG org.dbunit.dataset.OrderedTableNameMap  - getTableName(tableName=ScopedContent) - start
193521 [main] DEBUG org.dbunit.dataset.OrderedTableNameMap  - getTableName(tableName=ScopedContent) - end - result=SCOPEDCONTENT
193521 [main] DEBUG org.dbunit.dataset.OrderedTableNameMap  - getTableName(tableName=ScopedContent) - start
193521 [main] DEBUG org.dbunit.dataset.OrderedTableNameMap  - getTableName(tableName=ScopedContent) - end - result=SCOPEDCONTENT
193521 [main] DEBUG org.dbunit.operation.AbstractOperation  - getQualifiedName(prefix=null, name=SCOPEDCONTENT, connection=_databaseConfig=org.dbunit.database.DatabaseConfig[, _propertyMap={http://www.dbunit.org/properties/statementFactory=org.dbunit.database.statement.PreparedStatementFactory@626bc2b8, http://www.dbunit.org/features/caseSensitiveTableNames=false, http://www.dbunit.org/properties/fetchSize=100, http://www.dbunit.org/features/batchedStatements=false, http://www.dbunit.org/properties/metadataHandler=org.dbunit.database.DefaultMetadataHandler@3eeace42, http://www.dbunit.org/properties/datatypeFactory=org.dbunit.dataset.datatype.DefaultDataTypeFactory[_toleratedDeltaMap=org.dbunit.dataset.datatype.ToleratedDeltaMap@6452310a], http://www.dbunit.org/properties/escapePattern=null, http://www.dbunit.org/properties/batchSize=100, http://www.dbunit.org/features/qualifiedTableNames=false, http://www.dbunit.org/properties/tableType=[Ljava.lang.String;@5011bafa, http://www.dbunit.org/properties/resultSetTableFactory=org.dbunit.database.CachedResultSetTableFactory@10bcf083, http://www.dbunit.org/features/datatypeWarning=true}], _dataSet=AbstractDataSet[_orderedTableNameMap=null]) - start
193521 [main] TRACE org.dbunit.database.DatabaseConfig  - getProperty(name=http://www.dbunit.org/properties/escapePattern) - start
193521 [main] DEBUG org.dbunit.util.QualifiedTableName  - getQualifiedName() - start
193522 [main] DEBUG org.dbunit.util.QualifiedTableName  - getQualifiedName(prefix=null, name=SCOPEDCONTENT, escapePattern=null) - start
193522 [main] DEBUG org.dbunit.database.statement.SimpleStatement  - addBatch(sql=delete from SCOPEDCONTENT) - start
193522 [main] DEBUG org.dbunit.operation.DeleteAllOperation  - Added SQL: delete from SCOPEDCONTENT
193522 [main] DEBUG org.dbunit.database.DatabaseDataSet  - getTableMetaData(tableName=Scope) - start
193522 [main] DEBUG org.dbunit.database.DatabaseDataSet  - initialize() - start
193522 [main] DEBUG org.dbunit.dataset.OrderedTableNameMap  - getTableName(tableName=Scope) - start
193522 [main] DEBUG org.dbunit.dataset.OrderedTableNameMap  - getTableName(tableName=Scope) - end - result=SCOPE
193522 [main] DEBUG org.dbunit.dataset.OrderedTableNameMap  - getTableName(tableName=Scope) - start
193522 [main] DEBUG org.dbunit.dataset.OrderedTableNameMap  - getTableName(tableName=Scope) - end - result=SCOPE
193522 [main] DEBUG org.dbunit.database.DatabaseDataSourceConnection  - getConnection() - start
193522 [main] TRACE org.dbunit.util.SQLHelper  - correctCase(tableName=Scope, connection=Transaction-aware proxy for target Connection [jdbc:hsqldb:mem:kontrollDS, UserName=sw, HSQL Database Engine Driver]) - start
193522 [main] TRACE org.dbunit.util.SQLHelper  - correctCase(tableName=Scope, databaseMetaData=org.apache.commons.dbcp.DelegatingDatabaseMetaData@7d709301) - start
193522 [main] TRACE org.dbunit.util.SQLHelper  - isEscaped(tableName=Scope, dbIdentifierQuoteString=") - start
193522 [main] DEBUG org.dbunit.util.SQLHelper  - isEscaped returns 'false' for tableName=Scope (dbIdentifierQuoteString=")
193522 [main] DEBUG org.dbunit.util.SQLHelper  - class org.dbunit.database.DatabaseTableMetaData. Corrected table name: oldValue=Scope newValue=SCOPE
193522 [main] DEBUG org.dbunit.database.DatabaseTableMetaData  - Validating if table 'SCOPE' exists in schema 'null' ...
193522 [main] TRACE org.dbunit.database.DatabaseConfig  - getProperty(name=http://www.dbunit.org/properties/metadataHandler) - start
193522 [main] TRACE org.dbunit.database.DefaultMetadataHandler  - tableExists(metaData=org.apache.commons.dbcp.DelegatingDatabaseMetaData@69c366fd, schemaName=null, tableName=SCOPE) - start
193523 [main] DEBUG org.dbunit.util.SQLHelper  - close(resultSet=org.apache.commons.dbcp.DelegatingResultSet@4bb0b670) - start
193524 [main] DEBUG org.dbunit.database.DatabaseTableMetaData  - getColumns() - start
193524 [main] DEBUG org.dbunit.database.DatabaseDataSourceConnection  - getConnection() - start
193524 [main] TRACE org.dbunit.database.DatabaseConfig  - getProperty(name=http://www.dbunit.org/properties/metadataHandler) - start
193524 [main] TRACE org.dbunit.database.DefaultMetadataHandler  - getColumns(databaseMetaData=org.apache.commons.dbcp.DelegatingDatabaseMetaData@3e9999e2, schemaName=null, tableName=SCOPE) - start
193538 [main] TRACE org.dbunit.database.DatabaseConfig  - getProperty(name=http://www.dbunit.org/properties/datatypeFactory) - start
193538 [main] DEBUG org.dbunit.database.DatabaseDataSourceConnection  - getConnection() - start
193538 [main] WARN  org.dbunit.dataset.AbstractTableMetaData  - Potential problem found: The configured data type factory 'class org.dbunit.dataset.datatype.DefaultDataTypeFactory' might cause problems with the current database 'HSQL Database Engine' (e.g. some datatypes may not be supported properly). In rare cases you might see this message because the list of supported database products is incomplete (list=[derby]). If so please request a java-class update via the forums.If you are using your own IDataTypeFactory extending DefaultDataTypeFactory, ensure that you override getValidDbProducts() to specify the supported database products.
193539 [main] TRACE org.dbunit.database.DatabaseConfig  - getFeature(name=http://www.dbunit.org/features/datatypeWarning) - start
193539 [main] TRACE org.dbunit.database.DatabaseConfig  - getProperty(name=http://www.dbunit.org/features/datatypeWarning) - start
193539 [main] TRACE org.dbunit.database.DefaultMetadataHandler  - matches(columnsResultSet=org.apache.commons.dbcp.DelegatingResultSet@69f0a9f, catalog=null, schema=null, table=SCOPE, column=null, caseSensitive=false) - start
193539 [main] DEBUG org.dbunit.database.DefaultMetadataHandler  - Comparing the following values using caseSensitive=false (searched<=>actual): catalog: null<=>PUBLIC schema: null<=>PUBLIC table: SCOPE<=>SCOPE column: null<=>ID
193539 [main] DEBUG org.dbunit.dataset.datatype.DefaultDataTypeFactory  - createDataType(sqlType=4 , sqlTypeName=INTEGER, tableName=SCOPE, columnName=ID) - start
193539 [main] DEBUG org.dbunit.dataset.datatype.DefaultDataTypeFactory  - createDataType(sqlType=4, sqlTypeName=INTEGER) - start
193539 [main] DEBUG org.dbunit.dataset.datatype.DataType  - forSqlType(sqlType=4) - start
193539 [main] DEBUG org.dbunit.dataset.datatype.AbstractDataType  - getSqlType() - start
193539 [main] DEBUG org.dbunit.dataset.datatype.AbstractDataType  - getSqlType() - start
193539 [main] DEBUG org.dbunit.dataset.datatype.AbstractDataType  - getSqlType() - start
193539 [main] DEBUG org.dbunit.dataset.datatype.AbstractDataType  - getSqlType() - start
193539 [main] DEBUG org.dbunit.dataset.datatype.AbstractDataType  - getSqlType() - start
193539 [main] DEBUG org.dbunit.dataset.datatype.AbstractDataType  - getSqlType() - start
193539 [main] DEBUG org.dbunit.dataset.datatype.AbstractDataType  - getSqlType() - start
193539 [main] DEBUG org.dbunit.dataset.datatype.AbstractDataType  - getSqlType() - start
193539 [main] DEBUG org.dbunit.dataset.datatype.AbstractDataType  - getSqlType() - start
193539 [main] DEBUG org.dbunit.dataset.datatype.AbstractDataType  - getSqlType() - start
193539 [main] DEBUG org.dbunit.dataset.datatype.AbstractDataType  - getSqlType() - start
193539 [main] DEBUG org.dbunit.dataset.datatype.AbstractDataType  - getSqlType() - start
193539 [main] DEBUG org.dbunit.dataset.Column  - nullableValue(nullable=0) - start
193539 [main] DEBUG org.dbunit.dataset.Column  - autoIncrementValue(isAutoIncrement=YES) - start
193539 [main] TRACE org.dbunit.database.DefaultMetadataHandler  - matches(columnsResultSet=org.apache.commons.dbcp.DelegatingResultSet@69f0a9f, catalog=null, schema=null, table=SCOPE, column=null, caseSensitive=false) - start
193539 [main] DEBUG org.dbunit.database.DefaultMetadataHandler  - Comparing the following values using caseSensitive=false (searched<=>actual): catalog: null<=>PUBLIC schema: null<=>PUBLIC table: SCOPE<=>SCOPE column: null<=>TIMESTAMP
193539 [main] DEBUG org.dbunit.dataset.datatype.DefaultDataTypeFactory  - createDataType(sqlType=93 , sqlTypeName=TIMESTAMP, tableName=SCOPE, columnName=TIMESTAMP) - start
193539 [main] DEBUG org.dbunit.dataset.datatype.DefaultDataTypeFactory  - createDataType(sqlType=93, sqlTypeName=TIMESTAMP) - start
193539 [main] DEBUG org.dbunit.dataset.datatype.DataType  - forSqlType(sqlType=93) - start
193539 [main] DEBUG org.dbunit.dataset.datatype.AbstractDataType  - getSqlType() - start
193539 [main] DEBUG org.dbunit.dataset.datatype.AbstractDataType  - getSqlType() - start
193539 [main] DEBUG org.dbunit.dataset.datatype.AbstractDataType  - getSqlType() - start
193539 [main] DEBUG org.dbunit.dataset.datatype.AbstractDataType  - getSqlType() - start
193540 [main] DEBUG org.dbunit.dataset.datatype.AbstractDataType  - getSqlType() - start
193540 [main] DEBUG org.dbunit.dataset.datatype.AbstractDataType  - getSqlType() - start
193540 [main] DEBUG org.dbunit.dataset.datatype.AbstractDataType  - getSqlType() - start
193540 [main] DEBUG org.dbunit.dataset.datatype.AbstractDataType  - getSqlType() - start
193540 [main] DEBUG org.dbunit.dataset.datatype.AbstractDataType  - getSqlType() - start
193540 [main] DEBUG org.dbunit.dataset.datatype.AbstractDataType  - getSqlType() - start
193540 [main] DEBUG org.dbunit.dataset.datatype.AbstractDataType  - getSqlType() - start
193540 [main] DEBUG org.dbunit.dataset.datatype.AbstractDataType  - getSqlType() - start
193540 [main] DEBUG org.dbunit.dataset.datatype.AbstractDataType  - getSqlType() - start
193540 [main] DEBUG org.dbunit.dataset.datatype.AbstractDataType  - getSqlType() - start
193540 [main] DEBUG org.dbunit.dataset.datatype.AbstractDataType  - getSqlType() - start
193540 [main] DEBUG org.dbunit.dataset.datatype.AbstractDataType  - getSqlType() - start
193540 [main] DEBUG org.dbunit.dataset.datatype.AbstractDataType  - getSqlType() - start
193540 [main] DEBUG org.dbunit.dataset.datatype.AbstractDataType  - getSqlType() - start
193540 [main] DEBUG org.dbunit.dataset.datatype.AbstractDataType  - getSqlType() - start
193540 [main] DEBUG org.dbunit.dataset.datatype.AbstractDataType  - getSqlType() - start
193540 [main] DEBUG org.dbunit.dataset.datatype.AbstractDataType  - getSqlType() - start
193540 [main] DEBUG org.dbunit.dataset.Column  - nullableValue(nullable=1) - start
193540 [main] DEBUG org.dbunit.dataset.Column  - autoIncrementValue(isAutoIncrement=NO) - start
193540 [main] TRACE org.dbunit.database.DefaultMetadataHandler  - matches(columnsResultSet=org.apache.commons.dbcp.DelegatingResultSet@69f0a9f, catalog=null, schema=null, table=SCOPE, column=null, caseSensitive=false) - start
193540 [main] DEBUG org.dbunit.database.DefaultMetadataHandler  - Comparing the following values using caseSensitive=false (searched<=>actual): catalog: null<=>PUBLIC schema: null<=>PUBLIC table: SCOPE<=>SCOPE column: null<=>DESCRIPTION
193540 [main] DEBUG org.dbunit.dataset.datatype.DefaultDataTypeFactory  - createDataType(sqlType=12 , sqlTypeName=VARCHAR, tableName=SCOPE, columnName=DESCRIPTION) - start
193540 [main] DEBUG org.dbunit.dataset.datatype.DefaultDataTypeFactory  - createDataType(sqlType=12, sqlTypeName=VARCHAR) - start
193540 [main] DEBUG org.dbunit.dataset.datatype.DataType  - forSqlType(sqlType=12) - start
193540 [main] DEBUG org.dbunit.dataset.datatype.AbstractDataType  - getSqlType() - start
193540 [main] DEBUG org.dbunit.dataset.Column  - nullableValue(nullable=1) - start
193540 [main] DEBUG org.dbunit.dataset.Column  - autoIncrementValue(isAutoIncrement=NO) - start
193540 [main] TRACE org.dbunit.database.DefaultMetadataHandler  - matches(columnsResultSet=org.apache.commons.dbcp.DelegatingResultSet@69f0a9f, catalog=null, schema=null, table=SCOPE, column=null, caseSensitive=false) - start
193540 [main] DEBUG org.dbunit.database.DefaultMetadataHandler  - Comparing the following values using caseSensitive=false (searched<=>actual): catalog: null<=>PUBLIC schema: null<=>PUBLIC table: SCOPE<=>SCOPE column: null<=>NAME
193540 [main] DEBUG org.dbunit.dataset.datatype.DefaultDataTypeFactory  - createDataType(sqlType=12 , sqlTypeName=VARCHAR, tableName=SCOPE, columnName=NAME) - start
193540 [main] DEBUG org.dbunit.dataset.datatype.DefaultDataTypeFactory  - createDataType(sqlType=12, sqlTypeName=VARCHAR) - start
193541 [main] DEBUG org.dbunit.dataset.datatype.DataType  - forSqlType(sqlType=12) - start
193541 [main] DEBUG org.dbunit.dataset.datatype.AbstractDataType  - getSqlType() - start
193541 [main] DEBUG org.dbunit.dataset.Column  - nullableValue(nullable=0) - start
193541 [main] DEBUG org.dbunit.dataset.Column  - autoIncrementValue(isAutoIncrement=NO) - start
193541 [main] DEBUG org.dbunit.database.DatabaseTableMetaData  - getPrimaryKeys() - start
193541 [main] TRACE org.dbunit.database.DatabaseConfig  - getProperty(name=http://www.dbunit.org/properties/primaryKeyFilter) - start
193541 [main] DEBUG org.dbunit.database.DatabaseTableMetaData  - getPrimaryKeyNames() - start
193541 [main] DEBUG org.dbunit.database.DatabaseDataSourceConnection  - getConnection() - start
193541 [main] TRACE org.dbunit.database.DatabaseConfig  - getProperty(name=http://www.dbunit.org/properties/metadataHandler) - start
193541 [main] TRACE org.dbunit.database.DefaultMetadataHandler  - getPrimaryKeys(metaData=org.apache.commons.dbcp.DelegatingDatabaseMetaData@3372501e, schemaName=null, tableName=SCOPE) - start
193541 [main] DEBUG org.dbunit.database.DatabaseTableMetaData  - getName() - start
193542 [main] DEBUG org.dbunit.database.DatabaseTableMetaData  - getColumns() - start
193542 [main] DEBUG org.dbunit.dataset.Columns  - getColumns(columnNames=[ID], columns=[(ID, INTEGER, noNulls), (TIMESTAMP, TIMESTAMP, nullable), (DESCRIPTION, VARCHAR, nullable), (NAME, VARCHAR, noNulls)]) - start
193542 [main] DEBUG org.dbunit.dataset.Columns  - getColumn(columnName=ID, columns=[(ID, INTEGER, noNulls), (TIMESTAMP, TIMESTAMP, nullable), (DESCRIPTION, VARCHAR, nullable), (NAME, VARCHAR, noNulls)]) - start
193542 [main] DEBUG org.dbunit.dataset.OrderedTableNameMap  - update(tableName=Scope, object=table=SCOPE, cols=[(ID, INTEGER, noNulls), (TIMESTAMP, TIMESTAMP, nullable), (DESCRIPTION, VARCHAR, nullable), (NAME, VARCHAR, noNulls)], pk=[(ID, INTEGER, noNulls)]) - start
193542 [main] DEBUG org.dbunit.dataset.OrderedTableNameMap  - getTableName(tableName=Scope) - start
193542 [main] DEBUG org.dbunit.dataset.OrderedTableNameMap  - getTableName(tableName=Scope) - end - result=SCOPE
193542 [main] DEBUG org.dbunit.dataset.OrderedTableNameMap  - getTableName(tableName=Scope) - start
193542 [main] DEBUG org.dbunit.dataset.OrderedTableNameMap  - getTableName(tableName=Scope) - end - result=SCOPE
193542 [main] DEBUG org.dbunit.operation.AbstractOperation  - getQualifiedName(prefix=null, name=SCOPE, connection=_databaseConfig=org.dbunit.database.DatabaseConfig[, _propertyMap={http://www.dbunit.org/properties/statementFactory=org.dbunit.database.statement.PreparedStatementFactory@626bc2b8, http://www.dbunit.org/features/caseSensitiveTableNames=false, http://www.dbunit.org/properties/fetchSize=100, http://www.dbunit.org/features/batchedStatements=false, http://www.dbunit.org/properties/metadataHandler=org.dbunit.database.DefaultMetadataHandler@3eeace42, http://www.dbunit.org/properties/datatypeFactory=org.dbunit.dataset.datatype.DefaultDataTypeFactory[_toleratedDeltaMap=org.dbunit.dataset.datatype.ToleratedDeltaMap@6452310a], http://www.dbunit.org/properties/escapePattern=null, http://www.dbunit.org/properties/batchSize=100, http://www.dbunit.org/features/qualifiedTableNames=false, http://www.dbunit.org/properties/tableType=[Ljava.lang.String;@5011bafa, http://www.dbunit.org/properties/resultSetTableFactory=org.dbunit.database.CachedResultSetTableFactory@10bcf083, http://www.dbunit.org/features/datatypeWarning=true}], _dataSet=AbstractDataSet[_orderedTableNameMap=null]) - start
193542 [main] TRACE org.dbunit.database.DatabaseConfig  - getProperty(name=http://www.dbunit.org/properties/escapePattern) - start
193542 [main] DEBUG org.dbunit.util.QualifiedTableName  - getQualifiedName() - start
193542 [main] DEBUG org.dbunit.util.QualifiedTableName  - getQualifiedName(prefix=null, name=SCOPE, escapePattern=null) - start
193542 [main] DEBUG org.dbunit.database.statement.SimpleStatement  - addBatch(sql=delete from SCOPE) - start
193542 [main] DEBUG org.dbunit.operation.DeleteAllOperation  - Added SQL: delete from SCOPE
193542 [main] DEBUG org.dbunit.database.DatabaseDataSet  - getTableMetaData(tableName=RequestContext) - start
193543 [main] DEBUG org.dbunit.database.DatabaseDataSet  - initialize() - start
193543 [main] DEBUG org.dbunit.dataset.OrderedTableNameMap  - getTableName(tableName=RequestContext) - start
193543 [main] DEBUG org.dbunit.dataset.OrderedTableNameMap  - getTableName(tableName=RequestContext) - end - result=REQUESTCONTEXT
193543 [main] DEBUG org.dbunit.dataset.OrderedTableNameMap  - getTableName(tableName=RequestContext) - start
193543 [main] DEBUG org.dbunit.dataset.OrderedTableNameMap  - getTableName(tableName=RequestContext) - end - result=REQUESTCONTEXT
193543 [main] DEBUG org.dbunit.database.DatabaseDataSourceConnection  - getConnection() - start
193543 [main] TRACE org.dbunit.util.SQLHelper  - correctCase(tableName=RequestContext, connection=Transaction-aware proxy for target Connection [jdbc:hsqldb:mem:kontrollDS, UserName=sw, HSQL Database Engine Driver]) - start
193543 [main] TRACE org.dbunit.util.SQLHelper  - correctCase(tableName=RequestContext, databaseMetaData=org.apache.commons.dbcp.DelegatingDatabaseMetaData@55511dc2) - start
193543 [main] TRACE org.dbunit.util.SQLHelper  - isEscaped(tableName=RequestContext, dbIdentifierQuoteString=") - start
193543 [main] DEBUG org.dbunit.util.SQLHelper  - isEscaped returns 'false' for tableName=RequestContext (dbIdentifierQuoteString=")
193543 [main] DEBUG org.dbunit.util.SQLHelper  - class org.dbunit.database.DatabaseTableMetaData. Corrected table name: oldValue=RequestContext newValue=REQUESTCONTEXT
193543 [main] DEBUG org.dbunit.database.DatabaseTableMetaData  - Validating if table 'REQUESTCONTEXT' exists in schema 'null' ...
193543 [main] TRACE org.dbunit.database.DatabaseConfig  - getProperty(name=http://www.dbunit.org/properties/metadataHandler) - start
193543 [main] TRACE org.dbunit.database.DefaultMetadataHandler  - tableExists(metaData=org.apache.commons.dbcp.DelegatingDatabaseMetaData@4078d750, schemaName=null, tableName=REQUESTCONTEXT) - start
193544 [main] DEBUG org.dbunit.util.SQLHelper  - close(resultSet=org.apache.commons.dbcp.DelegatingResultSet@17e5d4f2) - start
193544 [main] DEBUG org.dbunit.database.DatabaseTableMetaData  - getColumns() - start
193544 [main] DEBUG org.dbunit.database.DatabaseDataSourceConnection  - getConnection() - start
193544 [main] TRACE org.dbunit.database.DatabaseConfig  - getProperty(name=http://www.dbunit.org/properties/metadataHandler) - start
193544 [main] TRACE org.dbunit.database.DefaultMetadataHandler  - getColumns(databaseMetaData=org.apache.commons.dbcp.DelegatingDatabaseMetaData@71ff681f, schemaName=null, tableName=REQUESTCONTEXT) - start
193559 [main] TRACE org.dbunit.database.DatabaseConfig  - getProperty(name=http://www.dbunit.org/properties/datatypeFactory) - start
193559 [main] DEBUG org.dbunit.database.DatabaseDataSourceConnection  - getConnection() - start
193559 [main] WARN  org.dbunit.dataset.AbstractTableMetaData  - Potential problem found: The configured data type factory 'class org.dbunit.dataset.datatype.DefaultDataTypeFactory' might cause problems with the current database 'HSQL Database Engine' (e.g. some datatypes may not be supported properly). In rare cases you might see this message because the list of supported database products is incomplete (list=[derby]). If so please request a java-class update via the forums.If you are using your own IDataTypeFactory extending DefaultDataTypeFactory, ensure that you override getValidDbProducts() to specify the supported database products.
193560 [main] TRACE org.dbunit.database.DatabaseConfig  - getFeature(name=http://www.dbunit.org/features/datatypeWarning) - start
193560 [main] TRACE org.dbunit.database.DatabaseConfig  - getProperty(name=http://www.dbunit.org/features/datatypeWarning) - start
193560 [main] TRACE org.dbunit.database.DefaultMetadataHandler  - matches(columnsResultSet=org.apache.commons.dbcp.DelegatingResultSet@37f0c3b3, catalog=null, schema=null, table=REQUESTCONTEXT, column=null, caseSensitive=false) - start
193560 [main] DEBUG org.dbunit.database.DefaultMetadataHandler  - Comparing the following values using caseSensitive=false (searched<=>actual): catalog: null<=>PUBLIC schema: null<=>PUBLIC table: REQUESTCONTEXT<=>REQUESTCONTEXT column: null<=>ID
193560 [main] DEBUG org.dbunit.dataset.datatype.DefaultDataTypeFactory  - createDataType(sqlType=4 , sqlTypeName=INTEGER, tableName=REQUESTCONTEXT, columnName=ID) - start
193560 [main] DEBUG org.dbunit.dataset.datatype.DefaultDataTypeFactory  - createDataType(sqlType=4, sqlTypeName=INTEGER) - start
193560 [main] DEBUG org.dbunit.dataset.datatype.DataType  - forSqlType(sqlType=4) - start
193560 [main] DEBUG org.dbunit.dataset.datatype.AbstractDataType  - getSqlType() - start
193560 [main] DEBUG org.dbunit.dataset.datatype.AbstractDataType  - getSqlType() - start
193560 [main] DEBUG org.dbunit.dataset.datatype.AbstractDataType  - getSqlType() - start
193560 [main] DEBUG org.dbunit.dataset.datatype.AbstractDataType  - getSqlType() - start
193560 [main] DEBUG org.dbunit.dataset.datatype.AbstractDataType  - getSqlType() - start
193560 [main] DEBUG org.dbunit.dataset.datatype.AbstractDataType  - getSqlType() - start
193560 [main] DEBUG org.dbunit.dataset.datatype.AbstractDataType  - getSqlType() - start
193560 [main] DEBUG org.dbunit.dataset.datatype.AbstractDataType  - getSqlType() - start
193560 [main] DEBUG org.dbunit.dataset.datatype.AbstractDataType  - getSqlType() - start
193560 [main] DEBUG org.dbunit.dataset.datatype.AbstractDataType  - getSqlType() - start
193560 [main] DEBUG org.dbunit.dataset.datatype.AbstractDataType  - getSqlType() - start
193560 [main] DEBUG org.dbunit.dataset.datatype.AbstractDataType  - getSqlType() - start
193560 [main] DEBUG org.dbunit.dataset.Column  - nullableValue(nullable=0) - start
193560 [main] DEBUG org.dbunit.dataset.Column  - autoIncrementValue(isAutoIncrement=YES) - start
193560 [main] TRACE org.dbunit.database.DefaultMetadataHandler  - matches(columnsResultSet=org.apache.commons.dbcp.DelegatingResultSet@37f0c3b3, catalog=null, schema=null, table=REQUESTCONTEXT, column=null, caseSensitive=false) - start
193560 [main] DEBUG org.dbunit.database.DefaultMetadataHandler  - Comparing the following values using caseSensitive=false (searched<=>actual): catalog: null<=>PUBLIC schema: null<=>PUBLIC table: REQUESTCONTEXT<=>REQUESTCONTEXT column: null<=>TIMESTAMP
193561 [main] DEBUG org.dbunit.dataset.datatype.DefaultDataTypeFactory  - createDataType(sqlType=93 , sqlTypeName=TIMESTAMP, tableName=REQUESTCONTEXT, columnName=TIMESTAMP) - start
193561 [main] DEBUG org.dbunit.dataset.datatype.DefaultDataTypeFactory  - createDataType(sqlType=93, sqlTypeName=TIMESTAMP) - start
193561 [main] DEBUG org.dbunit.dataset.datatype.DataType  - forSqlType(sqlType=93) - start
193561 [main] DEBUG org.dbunit.dataset.datatype.AbstractDataType  - getSqlType() - start
193561 [main] DEBUG org.dbunit.dataset.datatype.AbstractDataType  - getSqlType() - start
193561 [main] DEBUG org.dbunit.dataset.datatype.AbstractDataType  - getSqlType() - start
193561 [main] DEBUG org.dbunit.dataset.datatype.AbstractDataType  - getSqlType() - start
193561 [main] DEBUG org.dbunit.dataset.datatype.AbstractDataType  - getSqlType() - start
193561 [main] DEBUG org.dbunit.dataset.datatype.AbstractDataType  - getSqlType() - start
193561 [main] DEBUG org.dbunit.dataset.datatype.AbstractDataType  - getSqlType() - start
193561 [main] DEBUG org.dbunit.dataset.datatype.AbstractDataType  - getSqlType() - start
193561 [main] DEBUG org.dbunit.dataset.datatype.AbstractDataType  - getSqlType() - start
193561 [main] DEBUG org.dbunit.dataset.datatype.AbstractDataType  - getSqlType() - start
193561 [main] DEBUG org.dbunit.dataset.datatype.AbstractDataType  - getSqlType() - start
193561 [main] DEBUG org.dbunit.dataset.datatype.AbstractDataType  - getSqlType() - start
193561 [main] DEBUG org.dbunit.dataset.datatype.AbstractDataType  - getSqlType() - start
193561 [main] DEBUG org.dbunit.dataset.datatype.AbstractDataType  - getSqlType() - start
193561 [main] DEBUG org.dbunit.dataset.datatype.AbstractDataType  - getSqlType() - start
193561 [main] DEBUG org.dbunit.dataset.datatype.AbstractDataType  - getSqlType() - start
193561 [main] DEBUG org.dbunit.dataset.datatype.AbstractDataType  - getSqlType() - start
193561 [main] DEBUG org.dbunit.dataset.datatype.AbstractDataType  - getSqlType() - start
193561 [main] DEBUG org.dbunit.dataset.datatype.AbstractDataType  - getSqlType() - start
193561 [main] DEBUG org.dbunit.dataset.datatype.AbstractDataType  - getSqlType() - start
193561 [main] DEBUG org.dbunit.dataset.datatype.AbstractDataType  - getSqlType() - start
193561 [main] DEBUG org.dbunit.dataset.Column  - nullableValue(nullable=1) - start
193561 [main] DEBUG org.dbunit.dataset.Column  - autoIncrementValue(isAutoIncrement=NO) - start
193561 [main] TRACE org.dbunit.database.DefaultMetadataHandler  - matches(columnsResultSet=org.apache.commons.dbcp.DelegatingResultSet@37f0c3b3, catalog=null, schema=null, table=REQUESTCONTEXT, column=null, caseSensitive=false) - start
193561 [main] DEBUG org.dbunit.database.DefaultMetadataHandler  - Comparing the following values using caseSensitive=false (searched<=>actual): catalog: null<=>PUBLIC schema: null<=>PUBLIC table: REQUESTCONTEXT<=>REQUESTCONTEXT column: null<=>PATH
193562 [main] DEBUG org.dbunit.dataset.datatype.DefaultDataTypeFactory  - createDataType(sqlType=12 , sqlTypeName=VARCHAR, tableName=REQUESTCONTEXT, columnName=PATH) - start
193562 [main] DEBUG org.dbunit.dataset.datatype.DefaultDataTypeFactory  - createDataType(sqlType=12, sqlTypeName=VARCHAR) - start
193562 [main] DEBUG org.dbunit.dataset.datatype.DataType  - forSqlType(sqlType=12) - start
193562 [main] DEBUG org.dbunit.dataset.datatype.AbstractDataType  - getSqlType() - start
193562 [main] DEBUG org.dbunit.dataset.Column  - nullableValue(nullable=0) - start
193562 [main] DEBUG org.dbunit.dataset.Column  - autoIncrementValue(isAutoIncrement=NO) - start
193562 [main] DEBUG org.dbunit.database.DatabaseTableMetaData  - getPrimaryKeys() - start
193562 [main] TRACE org.dbunit.database.DatabaseConfig  - getProperty(name=http://www.dbunit.org/properties/primaryKeyFilter) - start
193562 [main] DEBUG org.dbunit.database.DatabaseTableMetaData  - getPrimaryKeyNames() - start
193562 [main] DEBUG org.dbunit.database.DatabaseDataSourceConnection  - getConnection() - start
193562 [main] TRACE org.dbunit.database.DatabaseConfig  - getProperty(name=http://www.dbunit.org/properties/metadataHandler) - start
193562 [main] TRACE org.dbunit.database.DefaultMetadataHandler  - getPrimaryKeys(metaData=org.apache.commons.dbcp.DelegatingDatabaseMetaData@1fc03976, schemaName=null, tableName=REQUESTCONTEXT) - start
193562 [main] DEBUG org.dbunit.database.DatabaseTableMetaData  - getName() - start
193562 [main] DEBUG org.dbunit.database.DatabaseTableMetaData  - getColumns() - start
193562 [main] DEBUG org.dbunit.dataset.Columns  - getColumns(columnNames=[ID], columns=[(ID, INTEGER, noNulls), (TIMESTAMP, TIMESTAMP, nullable), (PATH, VARCHAR, noNulls)]) - start
193563 [main] DEBUG org.dbunit.dataset.Columns  - getColumn(columnName=ID, columns=[(ID, INTEGER, noNulls), (TIMESTAMP, TIMESTAMP, nullable), (PATH, VARCHAR, noNulls)]) - start
193563 [main] DEBUG org.dbunit.dataset.OrderedTableNameMap  - update(tableName=RequestContext, object=table=REQUESTCONTEXT, cols=[(ID, INTEGER, noNulls), (TIMESTAMP, TIMESTAMP, nullable), (PATH, VARCHAR, noNulls)], pk=[(ID, INTEGER, noNulls)]) - start
193563 [main] DEBUG org.dbunit.dataset.OrderedTableNameMap  - getTableName(tableName=RequestContext) - start
193563 [main] DEBUG org.dbunit.dataset.OrderedTableNameMap  - getTableName(tableName=RequestContext) - end - result=REQUESTCONTEXT
193563 [main] DEBUG org.dbunit.dataset.OrderedTableNameMap  - getTableName(tableName=RequestContext) - start
193563 [main] DEBUG org.dbunit.dataset.OrderedTableNameMap  - getTableName(tableName=RequestContext) - end - result=REQUESTCONTEXT
193563 [main] DEBUG org.dbunit.operation.AbstractOperation  - getQualifiedName(prefix=null, name=REQUESTCONTEXT, connection=_databaseConfig=org.dbunit.database.DatabaseConfig[, _propertyMap={http://www.dbunit.org/properties/statementFactory=org.dbunit.database.statement.PreparedStatementFactory@626bc2b8, http://www.dbunit.org/features/caseSensitiveTableNames=false, http://www.dbunit.org/properties/fetchSize=100, http://www.dbunit.org/features/batchedStatements=false, http://www.dbunit.org/properties/metadataHandler=org.dbunit.database.DefaultMetadataHandler@3eeace42, http://www.dbunit.org/properties/datatypeFactory=org.dbunit.dataset.datatype.DefaultDataTypeFactory[_toleratedDeltaMap=org.dbunit.dataset.datatype.ToleratedDeltaMap@6452310a], http://www.dbunit.org/properties/escapePattern=null, http://www.dbunit.org/properties/batchSize=100, http://www.dbunit.org/features/qualifiedTableNames=false, http://www.dbunit.org/properties/tableType=[Ljava.lang.String;@5011bafa, http://www.dbunit.org/properties/resultSetTableFactory=org.dbunit.database.CachedResultSetTableFactory@10bcf083, http://www.dbunit.org/features/datatypeWarning=true}], _dataSet=AbstractDataSet[_orderedTableNameMap=null]) - start
193563 [main] TRACE org.dbunit.database.DatabaseConfig  - getProperty(name=http://www.dbunit.org/properties/escapePattern) - start
193563 [main] DEBUG org.dbunit.util.QualifiedTableName  - getQualifiedName() - start
193563 [main] DEBUG org.dbunit.util.QualifiedTableName  - getQualifiedName(prefix=null, name=REQUESTCONTEXT, escapePattern=null) - start
193563 [main] DEBUG org.dbunit.database.statement.SimpleStatement  - addBatch(sql=delete from REQUESTCONTEXT) - start
193563 [main] DEBUG org.dbunit.operation.DeleteAllOperation  - Added SQL: delete from REQUESTCONTEXT
193563 [main] DEBUG org.dbunit.database.DatabaseDataSet  - getTableMetaData(tableName=NestedScopedContentConditions) - start
193563 [main] DEBUG org.dbunit.database.DatabaseDataSet  - initialize() - start
193563 [main] DEBUG org.dbunit.dataset.OrderedTableNameMap  - getTableName(tableName=NestedScopedContentConditions) - start
193563 [main] DEBUG org.dbunit.dataset.OrderedTableNameMap  - getTableName(tableName=NestedScopedContentConditions) - end - result=NESTEDSCOPEDCONTENTCONDITIONS
193563 [main] DEBUG org.dbunit.dataset.OrderedTableNameMap  - getTableName(tableName=NestedScopedContentConditions) - start
193563 [main] DEBUG org.dbunit.dataset.OrderedTableNameMap  - getTableName(tableName=NestedScopedContentConditions) - end - result=NESTEDSCOPEDCONTENTCONDITIONS
193563 [main] DEBUG org.dbunit.database.DatabaseDataSourceConnection  - getConnection() - start
193563 [main] TRACE org.dbunit.util.SQLHelper  - correctCase(tableName=NestedScopedContentConditions, connection=Transaction-aware proxy for target Connection [jdbc:hsqldb:mem:kontrollDS, UserName=sw, HSQL Database Engine Driver]) - start
193564 [main] TRACE org.dbunit.util.SQLHelper  - correctCase(tableName=NestedScopedContentConditions, databaseMetaData=org.apache.commons.dbcp.DelegatingDatabaseMetaData@2338f83b) - start
193564 [main] TRACE org.dbunit.util.SQLHelper  - isEscaped(tableName=NestedScopedContentConditions, dbIdentifierQuoteString=") - start
193564 [main] DEBUG org.dbunit.util.SQLHelper  - isEscaped returns 'false' for tableName=NestedScopedContentConditions (dbIdentifierQuoteString=")
193564 [main] DEBUG org.dbunit.util.SQLHelper  - class org.dbunit.database.DatabaseTableMetaData. Corrected table name: oldValue=NestedScopedContentConditions newValue=NESTEDSCOPEDCONTENTCONDITIONS
193564 [main] DEBUG org.dbunit.database.DatabaseTableMetaData  - Validating if table 'NESTEDSCOPEDCONTENTCONDITIONS' exists in schema 'null' ...
193564 [main] TRACE org.dbunit.database.DatabaseConfig  - getProperty(name=http://www.dbunit.org/properties/metadataHandler) - start
193564 [main] TRACE org.dbunit.database.DefaultMetadataHandler  - tableExists(metaData=org.apache.commons.dbcp.DelegatingDatabaseMetaData@7130fb8d, schemaName=null, tableName=NESTEDSCOPEDCONTENTCONDITIONS) - start
193565 [main] DEBUG org.dbunit.util.SQLHelper  - close(resultSet=org.apache.commons.dbcp.DelegatingResultSet@4edc5332) - start
193565 [main] DEBUG org.dbunit.database.DatabaseTableMetaData  - getColumns() - start
193565 [main] DEBUG org.dbunit.database.DatabaseDataSourceConnection  - getConnection() - start
193565 [main] TRACE org.dbunit.database.DatabaseConfig  - getProperty(name=http://www.dbunit.org/properties/metadataHandler) - start
193565 [main] TRACE org.dbunit.database.DefaultMetadataHandler  - getColumns(databaseMetaData=org.apache.commons.dbcp.DelegatingDatabaseMetaData@62da2010, schemaName=null, tableName=NESTEDSCOPEDCONTENTCONDITIONS) - start
193581 [main] TRACE org.dbunit.database.DatabaseConfig  - getProperty(name=http://www.dbunit.org/properties/datatypeFactory) - start
193581 [main] DEBUG org.dbunit.database.DatabaseDataSourceConnection  - getConnection() - start
193581 [main] WARN  org.dbunit.dataset.AbstractTableMetaData  - Potential problem found: The configured data type factory 'class org.dbunit.dataset.datatype.DefaultDataTypeFactory' might cause problems with the current database 'HSQL Database Engine' (e.g. some datatypes may not be supported properly). In rare cases you might see this message because the list of supported database products is incomplete (list=[derby]). If so please request a java-class update via the forums.If you are using your own IDataTypeFactory extending DefaultDataTypeFactory, ensure that you override getValidDbProducts() to specify the supported database products.
193581 [main] TRACE org.dbunit.database.DatabaseConfig  - getFeature(name=http://www.dbunit.org/features/datatypeWarning) - start
193581 [main] TRACE org.dbunit.database.DatabaseConfig  - getProperty(name=http://www.dbunit.org/features/datatypeWarning) - start
193581 [main] TRACE org.dbunit.database.DefaultMetadataHandler  - matches(columnsResultSet=org.apache.commons.dbcp.DelegatingResultSet@54fc8544, catalog=null, schema=null, table=NESTEDSCOPEDCONTENTCONDITIONS, column=null, caseSensitive=false) - start
193581 [main] DEBUG org.dbunit.database.DefaultMetadataHandler  - Comparing the following values using caseSensitive=false (searched<=>actual): catalog: null<=>PUBLIC schema: null<=>PUBLIC table: NESTEDSCOPEDCONTENTCONDITIONS<=>NESTEDSCOPEDCONTENTCONDITIONS column: null<=>PARENT_CONDITION_ID
193582 [main] DEBUG org.dbunit.dataset.datatype.DefaultDataTypeFactory  - createDataType(sqlType=4 , sqlTypeName=INTEGER, tableName=NESTEDSCOPEDCONTENTCONDITIONS, columnName=PARENT_CONDITION_ID) - start
193582 [main] DEBUG org.dbunit.dataset.datatype.DefaultDataTypeFactory  - createDataType(sqlType=4, sqlTypeName=INTEGER) - start
193582 [main] DEBUG org.dbunit.dataset.datatype.DataType  - forSqlType(sqlType=4) - start
193582 [main] DEBUG org.dbunit.dataset.datatype.AbstractDataType  - getSqlType() - start
193582 [main] DEBUG org.dbunit.dataset.datatype.AbstractDataType  - getSqlType() - start
193582 [main] DEBUG org.dbunit.dataset.datatype.AbstractDataType  - getSqlType() - start
193582 [main] DEBUG org.dbunit.dataset.datatype.AbstractDataType  - getSqlType() - start
193582 [main] DEBUG org.dbunit.dataset.datatype.AbstractDataType  - getSqlType() - start
193582 [main] DEBUG org.dbunit.dataset.datatype.AbstractDataType  - getSqlType() - start
193582 [main] DEBUG org.dbunit.dataset.datatype.AbstractDataType  - getSqlType() - start
193582 [main] DEBUG org.dbunit.dataset.datatype.AbstractDataType  - getSqlType() - start
193582 [main] DEBUG org.dbunit.dataset.datatype.AbstractDataType  - getSqlType() - start
193582 [main] DEBUG org.dbunit.dataset.datatype.AbstractDataType  - getSqlType() - start
193582 [main] DEBUG org.dbunit.dataset.datatype.AbstractDataType  - getSqlType() - start
193582 [main] DEBUG org.dbunit.dataset.datatype.AbstractDataType  - getSqlType() - start
193582 [main] DEBUG org.dbunit.dataset.Column  - nullableValue(nullable=0) - start
193582 [main] DEBUG org.dbunit.dataset.Column  - autoIncrementValue(isAutoIncrement=NO) - start
193583 [main] TRACE org.dbunit.database.DefaultMetadataHandler  - matches(columnsResultSet=org.apache.commons.dbcp.DelegatingResultSet@54fc8544, catalog=null, schema=null, table=NESTEDSCOPEDCONTENTCONDITIONS, column=null, caseSensitive=false) - start
193583 [main] DEBUG org.dbunit.database.DefaultMetadataHandler  - Comparing the following values using caseSensitive=false (searched<=>actual): catalog: null<=>PUBLIC schema: null<=>PUBLIC table: NESTEDSCOPEDCONTENTCONDITIONS<=>NESTEDSCOPEDCONTENTCONDITIONS column: null<=>CHILD_CONDITION_ID
193583 [main] DEBUG org.dbunit.dataset.datatype.DefaultDataTypeFactory  - createDataType(sqlType=4 , sqlTypeName=INTEGER, tableName=NESTEDSCOPEDCONTENTCONDITIONS, columnName=CHILD_CONDITION_ID) - start
193583 [main] DEBUG org.dbunit.dataset.datatype.DefaultDataTypeFactory  - createDataType(sqlType=4, sqlTypeName=INTEGER) - start
193583 [main] DEBUG org.dbunit.dataset.datatype.DataType  - forSqlType(sqlType=4) - start
193583 [main] DEBUG org.dbunit.dataset.datatype.AbstractDataType  - getSqlType() - start
193583 [main] DEBUG org.dbunit.dataset.datatype.AbstractDataType  - getSqlType() - start
193583 [main] DEBUG org.dbunit.dataset.datatype.AbstractDataType  - getSqlType() - start
193583 [main] DEBUG org.dbunit.dataset.datatype.AbstractDataType  - getSqlType() - start
193583 [main] DEBUG org.dbunit.dataset.datatype.AbstractDataType  - getSqlType() - start
193583 [main] DEBUG org.dbunit.dataset.datatype.AbstractDataType  - getSqlType() - start
193583 [main] DEBUG org.dbunit.dataset.datatype.AbstractDataType  - getSqlType() - start
193583 [main] DEBUG org.dbunit.dataset.datatype.AbstractDataType  - getSqlType() - start
193583 [main] DEBUG org.dbunit.dataset.datatype.AbstractDataType  - getSqlType() - start
193583 [main] DEBUG org.dbunit.dataset.datatype.AbstractDataType  - getSqlType() - start
193583 [main] DEBUG org.dbunit.dataset.datatype.AbstractDataType  - getSqlType() - start
193583 [main] DEBUG org.dbunit.dataset.datatype.AbstractDataType  - getSqlType() - start
193583 [main] DEBUG org.dbunit.dataset.Column  - nullableValue(nullable=0) - start
193583 [main] DEBUG org.dbunit.dataset.Column  - autoIncrementValue(isAutoIncrement=NO) - start
193583 [main] DEBUG org.dbunit.database.DatabaseTableMetaData  - getPrimaryKeys() - start
193583 [main] TRACE org.dbunit.database.DatabaseConfig  - getProperty(name=http://www.dbunit.org/properties/primaryKeyFilter) - start
193583 [main] DEBUG org.dbunit.database.DatabaseTableMetaData  - getPrimaryKeyNames() - start
193583 [main] DEBUG org.dbunit.database.DatabaseDataSourceConnection  - getConnection() - start
193583 [main] TRACE org.dbunit.database.DatabaseConfig  - getProperty(name=http://www.dbunit.org/properties/metadataHandler) - start
193584 [main] TRACE org.dbunit.database.DefaultMetadataHandler  - getPrimaryKeys(metaData=org.apache.commons.dbcp.DelegatingDatabaseMetaData@e915ef3, schemaName=null, tableName=NESTEDSCOPEDCONTENTCONDITIONS) - start
193584 [main] DEBUG org.dbunit.database.DatabaseTableMetaData  - getColumns() - start
193584 [main] DEBUG org.dbunit.dataset.Columns  - getColumns(columnNames=[], columns=[(PARENT_CONDITION_ID, INTEGER, noNulls), (CHILD_CONDITION_ID, INTEGER, noNulls)]) - start
193584 [main] DEBUG org.dbunit.dataset.OrderedTableNameMap  - update(tableName=NestedScopedContentConditions, object=table=NESTEDSCOPEDCONTENTCONDITIONS, cols=[(PARENT_CONDITION_ID, INTEGER, noNulls), (CHILD_CONDITION_ID, INTEGER, noNulls)], pk=[]) - start
193584 [main] DEBUG org.dbunit.dataset.OrderedTableNameMap  - getTableName(tableName=NestedScopedContentConditions) - start
193584 [main] DEBUG org.dbunit.dataset.OrderedTableNameMap  - getTableName(tableName=NestedScopedContentConditions) - end - result=NESTEDSCOPEDCONTENTCONDITIONS
193584 [main] DEBUG org.dbunit.dataset.OrderedTableNameMap  - getTableName(tableName=NestedScopedContentConditions) - start
193584 [main] DEBUG org.dbunit.dataset.OrderedTableNameMap  - getTableName(tableName=NestedScopedContentConditions) - end - result=NESTEDSCOPEDCONTENTCONDITIONS
193584 [main] DEBUG org.dbunit.operation.AbstractOperation  - getQualifiedName(prefix=null, name=NESTEDSCOPEDCONTENTCONDITIONS, connection=_databaseConfig=org.dbunit.database.DatabaseConfig[, _propertyMap={http://www.dbunit.org/properties/statementFactory=org.dbunit.database.statement.PreparedStatementFactory@626bc2b8, http://www.dbunit.org/features/caseSensitiveTableNames=false, http://www.dbunit.org/properties/fetchSize=100, http://www.dbunit.org/features/batchedStatements=false, http://www.dbunit.org/properties/metadataHandler=org.dbunit.database.DefaultMetadataHandler@3eeace42, http://www.dbunit.org/properties/datatypeFactory=org.dbunit.dataset.datatype.DefaultDataTypeFactory[_toleratedDeltaMap=org.dbunit.dataset.datatype.ToleratedDeltaMap@6452310a], http://www.dbunit.org/properties/escapePattern=null, http://www.dbunit.org/properties/batchSize=100, http://www.dbunit.org/features/qualifiedTableNames=false, http://www.dbunit.org/properties/tableType=[Ljava.lang.String;@5011bafa, http://www.dbunit.org/properties/resultSetTableFactory=org.dbunit.database.CachedResultSetTableFactory@10bcf083, http://www.dbunit.org/features/datatypeWarning=true}], _dataSet=AbstractDataSet[_orderedTableNameMap=null]) - start
193584 [main] TRACE org.dbunit.database.DatabaseConfig  - getProperty(name=http://www.dbunit.org/properties/escapePattern) - start
193584 [main] DEBUG org.dbunit.util.QualifiedTableName  - getQualifiedName() - start
193584 [main] DEBUG org.dbunit.util.QualifiedTableName  - getQualifiedName(prefix=null, name=NESTEDSCOPEDCONTENTCONDITIONS, escapePattern=null) - start
193584 [main] DEBUG org.dbunit.database.statement.SimpleStatement  - addBatch(sql=delete from NESTEDSCOPEDCONTENTCONDITIONS) - start
193584 [main] DEBUG org.dbunit.operation.DeleteAllOperation  - Added SQL: delete from NESTEDSCOPEDCONTENTCONDITIONS
193584 [main] DEBUG org.dbunit.database.DatabaseDataSet  - getTableMetaData(tableName=ScopedContentCondition) - start
193584 [main] DEBUG org.dbunit.database.DatabaseDataSet  - initialize() - start
193584 [main] DEBUG org.dbunit.dataset.OrderedTableNameMap  - getTableName(tableName=ScopedContentCondition) - start
193585 [main] DEBUG org.dbunit.dataset.OrderedTableNameMap  - getTableName(tableName=ScopedContentCondition) - end - result=SCOPEDCONTENTCONDITION
193585 [main] DEBUG org.dbunit.dataset.OrderedTableNameMap  - getTableName(tableName=ScopedContentCondition) - start
193585 [main] DEBUG org.dbunit.dataset.OrderedTableNameMap  - getTableName(tableName=ScopedContentCondition) - end - result=SCOPEDCONTENTCONDITION
193585 [main] DEBUG org.dbunit.database.DatabaseDataSourceConnection  - getConnection() - start
193585 [main] TRACE org.dbunit.util.SQLHelper  - correctCase(tableName=ScopedContentCondition, connection=Transaction-aware proxy for target Connection [jdbc:hsqldb:mem:kontrollDS, UserName=sw, HSQL Database Engine Driver]) - start
193585 [main] TRACE org.dbunit.util.SQLHelper  - correctCase(tableName=ScopedContentCondition, databaseMetaData=org.apache.commons.dbcp.DelegatingDatabaseMetaData@6aca71d6) - start
193585 [main] TRACE org.dbunit.util.SQLHelper  - isEscaped(tableName=ScopedContentCondition, dbIdentifierQuoteString=") - start
193585 [main] DEBUG org.dbunit.util.SQLHelper  - isEscaped returns 'false' for tableName=ScopedContentCondition (dbIdentifierQuoteString=")
193585 [main] DEBUG org.dbunit.util.SQLHelper  - class org.dbunit.database.DatabaseTableMetaData. Corrected table name: oldValue=ScopedContentCondition newValue=SCOPEDCONTENTCONDITION
193585 [main] DEBUG org.dbunit.database.DatabaseTableMetaData  - Validating if table 'SCOPEDCONTENTCONDITION' exists in schema 'null' ...
193585 [main] TRACE org.dbunit.database.DatabaseConfig  - getProperty(name=http://www.dbunit.org/properties/metadataHandler) - start
193585 [main] TRACE org.dbunit.database.DefaultMetadataHandler  - tableExists(metaData=org.apache.commons.dbcp.DelegatingDatabaseMetaData@10f7cf60, schemaName=null, tableName=SCOPEDCONTENTCONDITION) - start
193586 [main] DEBUG org.dbunit.util.SQLHelper  - close(resultSet=org.apache.commons.dbcp.DelegatingResultSet@7ac1596a) - start
193586 [main] DEBUG org.dbunit.database.DatabaseTableMetaData  - getColumns() - start
193586 [main] DEBUG org.dbunit.database.DatabaseDataSourceConnection  - getConnection() - start
193586 [main] TRACE org.dbunit.database.DatabaseConfig  - getProperty(name=http://www.dbunit.org/properties/metadataHandler) - start
193586 [main] TRACE org.dbunit.database.DefaultMetadataHandler  - getColumns(databaseMetaData=org.apache.commons.dbcp.DelegatingDatabaseMetaData@2bd57d1c, schemaName=null, tableName=SCOPEDCONTENTCONDITION) - start
193602 [main] TRACE org.dbunit.database.DatabaseConfig  - getProperty(name=http://www.dbunit.org/properties/datatypeFactory) - start
193602 [main] DEBUG org.dbunit.database.DatabaseDataSourceConnection  - getConnection() - start
193602 [main] WARN  org.dbunit.dataset.AbstractTableMetaData  - Potential problem found: The configured data type factory 'class org.dbunit.dataset.datatype.DefaultDataTypeFactory' might cause problems with the current database 'HSQL Database Engine' (e.g. some datatypes may not be supported properly). In rare cases you might see this message because the list of supported database products is incomplete (list=[derby]). If so please request a java-class update via the forums.If you are using your own IDataTypeFactory extending DefaultDataTypeFactory, ensure that you override getValidDbProducts() to specify the supported database products.
193602 [main] TRACE org.dbunit.database.DatabaseConfig  - getFeature(name=http://www.dbunit.org/features/datatypeWarning) - start
193602 [main] TRACE org.dbunit.database.DatabaseConfig  - getProperty(name=http://www.dbunit.org/features/datatypeWarning) - start
193602 [main] TRACE org.dbunit.database.DefaultMetadataHandler  - matches(columnsResultSet=org.apache.commons.dbcp.DelegatingResultSet@7d7f2c1b, catalog=null, schema=null, table=SCOPEDCONTENTCONDITION, column=null, caseSensitive=false) - start
193603 [main] DEBUG org.dbunit.database.DefaultMetadataHandler  - Comparing the following values using caseSensitive=false (searched<=>actual): catalog: null<=>PUBLIC schema: null<=>PUBLIC table: SCOPEDCONTENTCONDITION<=>SCOPEDCONTENTCONDITION column: null<=>ID
193603 [main] DEBUG org.dbunit.dataset.datatype.DefaultDataTypeFactory  - createDataType(sqlType=4 , sqlTypeName=INTEGER, tableName=SCOPEDCONTENTCONDITION, columnName=ID) - start
193603 [main] DEBUG org.dbunit.dataset.datatype.DefaultDataTypeFactory  - createDataType(sqlType=4, sqlTypeName=INTEGER) - start
193603 [main] DEBUG org.dbunit.dataset.datatype.DataType  - forSqlType(sqlType=4) - start
193603 [main] DEBUG org.dbunit.dataset.datatype.AbstractDataType  - getSqlType() - start
193603 [main] DEBUG org.dbunit.dataset.datatype.AbstractDataType  - getSqlType() - start
193603 [main] DEBUG org.dbunit.dataset.datatype.AbstractDataType  - getSqlType() - start
193603 [main] DEBUG org.dbunit.dataset.datatype.AbstractDataType  - getSqlType() - start
193603 [main] DEBUG org.dbunit.dataset.datatype.AbstractDataType  - getSqlType() - start
193603 [main] DEBUG org.dbunit.dataset.datatype.AbstractDataType  - getSqlType() - start
193603 [main] DEBUG org.dbunit.dataset.datatype.AbstractDataType  - getSqlType() - start
193603 [main] DEBUG org.dbunit.dataset.datatype.AbstractDataType  - getSqlType() - start
193603 [main] DEBUG org.dbunit.dataset.datatype.AbstractDataType  - getSqlType() - start
193603 [main] DEBUG org.dbunit.dataset.datatype.AbstractDataType  - getSqlType() - start
193603 [main] DEBUG org.dbunit.dataset.datatype.AbstractDataType  - getSqlType() - start
193603 [main] DEBUG org.dbunit.dataset.datatype.AbstractDataType  - getSqlType() - start
193603 [main] DEBUG org.dbunit.dataset.Column  - nullableValue(nullable=0) - start
193603 [main] DEBUG org.dbunit.dataset.Column  - autoIncrementValue(isAutoIncrement=YES) - start
193603 [main] TRACE org.dbunit.database.DefaultMetadataHandler  - matches(columnsResultSet=org.apache.commons.dbcp.DelegatingResultSet@7d7f2c1b, catalog=null, schema=null, table=SCOPEDCONTENTCONDITION, column=null, caseSensitive=false) - start
193603 [main] DEBUG org.dbunit.database.DefaultMetadataHandler  - Comparing the following values using caseSensitive=false (searched<=>actual): catalog: null<=>PUBLIC schema: null<=>PUBLIC table: SCOPEDCONTENTCONDITION<=>SCOPEDCONTENTCONDITION column: null<=>TIMESTAMP
193603 [main] DEBUG org.dbunit.dataset.datatype.DefaultDataTypeFactory  - createDataType(sqlType=93 , sqlTypeName=TIMESTAMP, tableName=SCOPEDCONTENTCONDITION, columnName=TIMESTAMP) - start
193603 [main] DEBUG org.dbunit.dataset.datatype.DefaultDataTypeFactory  - createDataType(sqlType=93, sqlTypeName=TIMESTAMP) - start
193603 [main] DEBUG org.dbunit.dataset.datatype.DataType  - forSqlType(sqlType=93) - start
193603 [main] DEBUG org.dbunit.dataset.datatype.AbstractDataType  - getSqlType() - start
193603 [main] DEBUG org.dbunit.dataset.datatype.AbstractDataType  - getSqlType() - start
193603 [main] DEBUG org.dbunit.dataset.datatype.AbstractDataType  - getSqlType() - start
193603 [main] DEBUG org.dbunit.dataset.datatype.AbstractDataType  - getSqlType() - start
193603 [main] DEBUG org.dbunit.dataset.datatype.AbstractDataType  - getSqlType() - start
193604 [main] DEBUG org.dbunit.dataset.datatype.AbstractDataType  - getSqlType() - start
193604 [main] DEBUG org.dbunit.dataset.datatype.AbstractDataType  - getSqlType() - start
193604 [main] DEBUG org.dbunit.dataset.datatype.AbstractDataType  - getSqlType() - start
193604 [main] DEBUG org.dbunit.dataset.datatype.AbstractDataType  - getSqlType() - start
193604 [main] DEBUG org.dbunit.dataset.datatype.AbstractDataType  - getSqlType() - start
193604 [main] DEBUG org.dbunit.dataset.datatype.AbstractDataType  - getSqlType() - start
193604 [main] DEBUG org.dbunit.dataset.datatype.AbstractDataType  - getSqlType() - start
193604 [main] DEBUG org.dbunit.dataset.datatype.AbstractDataType  - getSqlType() - start
193604 [main] DEBUG org.dbunit.dataset.datatype.AbstractDataType  - getSqlType() - start
193604 [main] DEBUG org.dbunit.dataset.datatype.AbstractDataType  - getSqlType() - start
193604 [main] DEBUG org.dbunit.dataset.datatype.AbstractDataType  - getSqlType() - start
193604 [main] DEBUG org.dbunit.dataset.datatype.AbstractDataType  - getSqlType() - start
193604 [main] DEBUG org.dbunit.dataset.datatype.AbstractDataType  - getSqlType() - start
193604 [main] DEBUG org.dbunit.dataset.datatype.AbstractDataType  - getSqlType() - start
193604 [main] DEBUG org.dbunit.dataset.datatype.AbstractDataType  - getSqlType() - start
193604 [main] DEBUG org.dbunit.dataset.datatype.AbstractDataType  - getSqlType() - start
193604 [main] DEBUG org.dbunit.dataset.Column  - nullableValue(nullable=1) - start
193604 [main] DEBUG org.dbunit.dataset.Column  - autoIncrementValue(isAutoIncrement=NO) - start
193604 [main] TRACE org.dbunit.database.DefaultMetadataHandler  - matches(columnsResultSet=org.apache.commons.dbcp.DelegatingResultSet@7d7f2c1b, catalog=null, schema=null, table=SCOPEDCONTENTCONDITION, column=null, caseSensitive=false) - start
193604 [main] DEBUG org.dbunit.database.DefaultMetadataHandler  - Comparing the following values using caseSensitive=false (searched<=>actual): catalog: null<=>PUBLIC schema: null<=>PUBLIC table: SCOPEDCONTENTCONDITION<=>SCOPEDCONTENTCONDITION column: null<=>DESCRIPTION
193604 [main] DEBUG org.dbunit.dataset.datatype.DefaultDataTypeFactory  - createDataType(sqlType=12 , sqlTypeName=VARCHAR, tableName=SCOPEDCONTENTCONDITION, columnName=DESCRIPTION) - start
193604 [main] DEBUG org.dbunit.dataset.datatype.DefaultDataTypeFactory  - createDataType(sqlType=12, sqlTypeName=VARCHAR) - start
193604 [main] DEBUG org.dbunit.dataset.datatype.DataType  - forSqlType(sqlType=12) - start
193604 [main] DEBUG org.dbunit.dataset.datatype.AbstractDataType  - getSqlType() - start
193604 [main] DEBUG org.dbunit.dataset.Column  - nullableValue(nullable=1) - start
193604 [main] DEBUG org.dbunit.dataset.Column  - autoIncrementValue(isAutoIncrement=NO) - start
193604 [main] TRACE org.dbunit.database.DefaultMetadataHandler  - matches(columnsResultSet=org.apache.commons.dbcp.DelegatingResultSet@7d7f2c1b, catalog=null, schema=null, table=SCOPEDCONTENTCONDITION, column=null, caseSensitive=false) - start
193604 [main] DEBUG org.dbunit.database.DefaultMetadataHandler  - Comparing the following values using caseSensitive=false (searched<=>actual): catalog: null<=>PUBLIC schema: null<=>PUBLIC table: SCOPEDCONTENTCONDITION<=>SCOPEDCONTENTCONDITION column: null<=>NAME
193604 [main] DEBUG org.dbunit.dataset.datatype.DefaultDataTypeFactory  - createDataType(sqlType=12 , sqlTypeName=VARCHAR, tableName=SCOPEDCONTENTCONDITION, columnName=NAME) - start
193605 [main] DEBUG org.dbunit.dataset.datatype.DefaultDataTypeFactory  - createDataType(sqlType=12, sqlTypeName=VARCHAR) - start
193605 [main] DEBUG org.dbunit.dataset.datatype.DataType  - forSqlType(sqlType=12) - start
193605 [main] DEBUG org.dbunit.dataset.datatype.AbstractDataType  - getSqlType() - start
193605 [main] DEBUG org.dbunit.dataset.Column  - nullableValue(nullable=0) - start
193605 [main] DEBUG org.dbunit.dataset.Column  - autoIncrementValue(isAutoIncrement=NO) - start
193605 [main] TRACE org.dbunit.database.DefaultMetadataHandler  - matches(columnsResultSet=org.apache.commons.dbcp.DelegatingResultSet@7d7f2c1b, catalog=null, schema=null, table=SCOPEDCONTENTCONDITION, column=null, caseSensitive=false) - start
193605 [main] DEBUG org.dbunit.database.DefaultMetadataHandler  - Comparing the following values using caseSensitive=false (searched<=>actual): catalog: null<=>PUBLIC schema: null<=>PUBLIC table: SCOPEDCONTENTCONDITION<=>SCOPEDCONTENTCONDITION column: null<=>OPERATOR
193605 [main] DEBUG org.dbunit.dataset.datatype.DefaultDataTypeFactory  - createDataType(sqlType=12 , sqlTypeName=VARCHAR, tableName=SCOPEDCONTENTCONDITION, columnName=OPERATOR) - start
193605 [main] DEBUG org.dbunit.dataset.datatype.DefaultDataTypeFactory  - createDataType(sqlType=12, sqlTypeName=VARCHAR) - start
193605 [main] DEBUG org.dbunit.dataset.datatype.DataType  - forSqlType(sqlType=12) - start
193605 [main] DEBUG org.dbunit.dataset.datatype.AbstractDataType  - getSqlType() - start
193605 [main] DEBUG org.dbunit.dataset.Column  - nullableValue(nullable=0) - start
193605 [main] DEBUG org.dbunit.dataset.Column  - autoIncrementValue(isAutoIncrement=NO) - start
193605 [main] DEBUG org.dbunit.database.DatabaseTableMetaData  - getPrimaryKeys() - start
193605 [main] TRACE org.dbunit.database.DatabaseConfig  - getProperty(name=http://www.dbunit.org/properties/primaryKeyFilter) - start
193605 [main] DEBUG org.dbunit.database.DatabaseTableMetaData  - getPrimaryKeyNames() - start
193605 [main] DEBUG org.dbunit.database.DatabaseDataSourceConnection  - getConnection() - start
193605 [main] TRACE org.dbunit.database.DatabaseConfig  - getProperty(name=http://www.dbunit.org/properties/metadataHandler) - start
193605 [main] TRACE org.dbunit.database.DefaultMetadataHandler  - getPrimaryKeys(metaData=org.apache.commons.dbcp.DelegatingDatabaseMetaData@2828e0fb, schemaName=null, tableName=SCOPEDCONTENTCONDITION) - start
193606 [main] DEBUG org.dbunit.database.DatabaseTableMetaData  - getName() - start
193606 [main] DEBUG org.dbunit.database.DatabaseTableMetaData  - getColumns() - start
193606 [main] DEBUG org.dbunit.dataset.Columns  - getColumns(columnNames=[ID], columns=[(ID, INTEGER, noNulls), (TIMESTAMP, TIMESTAMP, nullable), (DESCRIPTION, VARCHAR, nullable), (NAME, VARCHAR, noNulls), (OPERATOR, VARCHAR, noNulls)]) - start
193606 [main] DEBUG org.dbunit.dataset.Columns  - getColumn(columnName=ID, columns=[(ID, INTEGER, noNulls), (TIMESTAMP, TIMESTAMP, nullable), (DESCRIPTION, VARCHAR, nullable), (NAME, VARCHAR, noNulls), (OPERATOR, VARCHAR, noNulls)]) - start
193606 [main] DEBUG org.dbunit.dataset.OrderedTableNameMap  - update(tableName=ScopedContentCondition, object=table=SCOPEDCONTENTCONDITION, cols=[(ID, INTEGER, noNulls), (TIMESTAMP, TIMESTAMP, nullable), (DESCRIPTION, VARCHAR, nullable), (NAME, VARCHAR, noNulls), (OPERATOR, VARCHAR, noNulls)], pk=[(ID, INTEGER, noNulls)]) - start
193607 [main] DEBUG org.dbunit.dataset.OrderedTableNameMap  - getTableName(tableName=ScopedContentCondition) - start
193607 [main] DEBUG org.dbunit.dataset.OrderedTableNameMap  - getTableName(tableName=ScopedContentCondition) - end - result=SCOPEDCONTENTCONDITION
193607 [main] DEBUG org.dbunit.dataset.OrderedTableNameMap  - getTableName(tableName=ScopedContentCondition) - start
193607 [main] DEBUG org.dbunit.dataset.OrderedTableNameMap  - getTableName(tableName=ScopedContentCondition) - end - result=SCOPEDCONTENTCONDITION
193607 [main] DEBUG org.dbunit.operation.AbstractOperation  - getQualifiedName(prefix=null, name=SCOPEDCONTENTCONDITION, connection=_databaseConfig=org.dbunit.database.DatabaseConfig[, _propertyMap={http://www.dbunit.org/properties/statementFactory=org.dbunit.database.statement.PreparedStatementFactory@626bc2b8, http://www.dbunit.org/features/caseSensitiveTableNames=false, http://www.dbunit.org/properties/fetchSize=100, http://www.dbunit.org/features/batchedStatements=false, http://www.dbunit.org/properties/metadataHandler=org.dbunit.database.DefaultMetadataHandler@3eeace42, http://www.dbunit.org/properties/datatypeFactory=org.dbunit.dataset.datatype.DefaultDataTypeFactory[_toleratedDeltaMap=org.dbunit.dataset.datatype.ToleratedDeltaMap@6452310a], http://www.dbunit.org/properties/escapePattern=null, http://www.dbunit.org/properties/batchSize=100, http://www.dbunit.org/features/qualifiedTableNames=false, http://www.dbunit.org/properties/tableType=[Ljava.lang.String;@5011bafa, http://www.dbunit.org/properties/resultSetTableFactory=org.dbunit.database.CachedResultSetTableFactory@10bcf083, http://www.dbunit.org/features/datatypeWarning=true}], _dataSet=AbstractDataSet[_orderedTableNameMap=null]) - start
193607 [main] TRACE org.dbunit.database.DatabaseConfig  - getProperty(name=http://www.dbunit.org/properties/escapePattern) - start
193607 [main] DEBUG org.dbunit.util.QualifiedTableName  - getQualifiedName() - start
193607 [main] DEBUG org.dbunit.util.QualifiedTableName  - getQualifiedName(prefix=null, name=SCOPEDCONTENTCONDITION, escapePattern=null) - start
193607 [main] DEBUG org.dbunit.database.statement.SimpleStatement  - addBatch(sql=delete from SCOPEDCONTENTCONDITION) - start
193607 [main] DEBUG org.dbunit.operation.DeleteAllOperation  - Added SQL: delete from SCOPEDCONTENTCONDITION
193607 [main] DEBUG org.dbunit.database.DatabaseDataSet  - getTableMetaData(tableName=Caption) - start
193607 [main] DEBUG org.dbunit.database.DatabaseDataSet  - initialize() - start
193607 [main] DEBUG org.dbunit.dataset.OrderedTableNameMap  - getTableName(tableName=Caption) - start
193607 [main] DEBUG org.dbunit.dataset.OrderedTableNameMap  - getTableName(tableName=Caption) - end - result=CAPTION
193607 [main] DEBUG org.dbunit.dataset.OrderedTableNameMap  - getTableName(tableName=Caption) - start
193607 [main] DEBUG org.dbunit.dataset.OrderedTableNameMap  - getTableName(tableName=Caption) - end - result=CAPTION
193607 [main] DEBUG org.dbunit.database.DatabaseDataSourceConnection  - getConnection() - start
193607 [main] TRACE org.dbunit.util.SQLHelper  - correctCase(tableName=Caption, connection=Transaction-aware proxy for target Connection [jdbc:hsqldb:mem:kontrollDS, UserName=sw, HSQL Database Engine Driver]) - start
193607 [main] TRACE org.dbunit.util.SQLHelper  - correctCase(tableName=Caption, databaseMetaData=org.apache.commons.dbcp.DelegatingDatabaseMetaData@32300bf) - start
193607 [main] TRACE org.dbunit.util.SQLHelper  - isEscaped(tableName=Caption, dbIdentifierQuoteString=") - start
193607 [main] DEBUG org.dbunit.util.SQLHelper  - isEscaped returns 'false' for tableName=Caption (dbIdentifierQuoteString=")
193608 [main] DEBUG org.dbunit.util.SQLHelper  - class org.dbunit.database.DatabaseTableMetaData. Corrected table name: oldValue=Caption newValue=CAPTION
193608 [main] DEBUG org.dbunit.database.DatabaseTableMetaData  - Validating if table 'CAPTION' exists in schema 'null' ...
193608 [main] TRACE org.dbunit.database.DatabaseConfig  - getProperty(name=http://www.dbunit.org/properties/metadataHandler) - start
193608 [main] TRACE org.dbunit.database.DefaultMetadataHandler  - tableExists(metaData=org.apache.commons.dbcp.DelegatingDatabaseMetaData@6f05fd34, schemaName=null, tableName=CAPTION) - start
193609 [main] DEBUG org.dbunit.util.SQLHelper  - close(resultSet=org.apache.commons.dbcp.DelegatingResultSet@5813b6bd) - start
193609 [main] DEBUG org.dbunit.database.DatabaseTableMetaData  - getColumns() - start
193609 [main] DEBUG org.dbunit.database.DatabaseDataSourceConnection  - getConnection() - start
193609 [main] TRACE org.dbunit.database.DatabaseConfig  - getProperty(name=http://www.dbunit.org/properties/metadataHandler) - start
193610 [main] TRACE org.dbunit.database.DefaultMetadataHandler  - getColumns(databaseMetaData=org.apache.commons.dbcp.DelegatingDatabaseMetaData@76425f77, schemaName=null, tableName=CAPTION) - start
193625 [main] TRACE org.dbunit.database.DatabaseConfig  - getProperty(name=http://www.dbunit.org/properties/datatypeFactory) - start
193625 [main] DEBUG org.dbunit.database.DatabaseDataSourceConnection  - getConnection() - start
193625 [main] WARN  org.dbunit.dataset.AbstractTableMetaData  - Potential problem found: The configured data type factory 'class org.dbunit.dataset.datatype.DefaultDataTypeFactory' might cause problems with the current database 'HSQL Database Engine' (e.g. some datatypes may not be supported properly). In rare cases you might see this message because the list of supported database products is incomplete (list=[derby]). If so please request a java-class update via the forums.If you are using your own IDataTypeFactory extending DefaultDataTypeFactory, ensure that you override getValidDbProducts() to specify the supported database products.
193625 [main] TRACE org.dbunit.database.DatabaseConfig  - getFeature(name=http://www.dbunit.org/features/datatypeWarning) - start
193625 [main] TRACE org.dbunit.database.DatabaseConfig  - getProperty(name=http://www.dbunit.org/features/datatypeWarning) - start
193625 [main] TRACE org.dbunit.database.DefaultMetadataHandler  - matches(columnsResultSet=org.apache.commons.dbcp.DelegatingResultSet@2b250e62, catalog=null, schema=null, table=CAPTION, column=null, caseSensitive=false) - start
193625 [main] DEBUG org.dbunit.database.DefaultMetadataHandler  - Comparing the following values using caseSensitive=false (searched<=>actual): catalog: null<=>PUBLIC schema: null<=>PUBLIC table: CAPTION<=>CAPTION column: null<=>ID
193625 [main] DEBUG org.dbunit.dataset.datatype.DefaultDataTypeFactory  - createDataType(sqlType=4 , sqlTypeName=INTEGER, tableName=CAPTION, columnName=ID) - start
193625 [main] DEBUG org.dbunit.dataset.datatype.DefaultDataTypeFactory  - createDataType(sqlType=4, sqlTypeName=INTEGER) - start
193625 [main] DEBUG org.dbunit.dataset.datatype.DataType  - forSqlType(sqlType=4) - start
193625 [main] DEBUG org.dbunit.dataset.datatype.AbstractDataType  - getSqlType() - start
193625 [main] DEBUG org.dbunit.dataset.datatype.AbstractDataType  - getSqlType() - start
193625 [main] DEBUG org.dbunit.dataset.datatype.AbstractDataType  - getSqlType() - start
193625 [main] DEBUG org.dbunit.dataset.datatype.AbstractDataType  - getSqlType() - start
193625 [main] DEBUG org.dbunit.dataset.datatype.AbstractDataType  - getSqlType() - start
193625 [main] DEBUG org.dbunit.dataset.datatype.AbstractDataType  - getSqlType() - start
193625 [main] DEBUG org.dbunit.dataset.datatype.AbstractDataType  - getSqlType() - start
193625 [main] DEBUG org.dbunit.dataset.datatype.AbstractDataType  - getSqlType() - start
193626 [main] DEBUG org.dbunit.dataset.datatype.AbstractDataType  - getSqlType() - start
193626 [main] DEBUG org.dbunit.dataset.datatype.AbstractDataType  - getSqlType() - start
193626 [main] DEBUG org.dbunit.dataset.datatype.AbstractDataType  - getSqlType() - start
193626 [main] DEBUG org.dbunit.dataset.datatype.AbstractDataType  - getSqlType() - start
193626 [main] DEBUG org.dbunit.dataset.Column  - nullableValue(nullable=0) - start
193626 [main] DEBUG org.dbunit.dataset.Column  - autoIncrementValue(isAutoIncrement=YES) - start
193626 [main] TRACE org.dbunit.database.DefaultMetadataHandler  - matches(columnsResultSet=org.apache.commons.dbcp.DelegatingResultSet@2b250e62, catalog=null, schema=null, table=CAPTION, column=null, caseSensitive=false) - start
193626 [main] DEBUG org.dbunit.database.DefaultMetadataHandler  - Comparing the following values using caseSensitive=false (searched<=>actual): catalog: null<=>PUBLIC schema: null<=>PUBLIC table: CAPTION<=>CAPTION column: null<=>TIMESTAMP
193626 [main] DEBUG org.dbunit.dataset.datatype.DefaultDataTypeFactory  - createDataType(sqlType=93 , sqlTypeName=TIMESTAMP, tableName=CAPTION, columnName=TIMESTAMP) - start
193626 [main] DEBUG org.dbunit.dataset.datatype.DefaultDataTypeFactory  - createDataType(sqlType=93, sqlTypeName=TIMESTAMP) - start
193626 [main] DEBUG org.dbunit.dataset.datatype.DataType  - forSqlType(sqlType=93) - start
193626 [main] DEBUG org.dbunit.dataset.datatype.AbstractDataType  - getSqlType() - start
193626 [main] DEBUG org.dbunit.dataset.datatype.AbstractDataType  - getSqlType() - start
193626 [main] DEBUG org.dbunit.dataset.datatype.AbstractDataType  - getSqlType() - start
193626 [main] DEBUG org.dbunit.dataset.datatype.AbstractDataType  - getSqlType() - start
193626 [main] DEBUG org.dbunit.dataset.datatype.AbstractDataType  - getSqlType() - start
193626 [main] DEBUG org.dbunit.dataset.datatype.AbstractDataType  - getSqlType() - start
193626 [main] DEBUG org.dbunit.dataset.datatype.AbstractDataType  - getSqlType() - start
193626 [main] DEBUG org.dbunit.dataset.datatype.AbstractDataType  - getSqlType() - start
193626 [main] DEBUG org.dbunit.dataset.datatype.AbstractDataType  - getSqlType() - start
193626 [main] DEBUG org.dbunit.dataset.datatype.AbstractDataType  - getSqlType() - start
193626 [main] DEBUG org.dbunit.dataset.datatype.AbstractDataType  - getSqlType() - start
193626 [main] DEBUG org.dbunit.dataset.datatype.AbstractDataType  - getSqlType() - start
193626 [main] DEBUG org.dbunit.dataset.datatype.AbstractDataType  - getSqlType() - start
193626 [main] DEBUG org.dbunit.dataset.datatype.AbstractDataType  - getSqlType() - start
193626 [main] DEBUG org.dbunit.dataset.datatype.AbstractDataType  - getSqlType() - start
193626 [main] DEBUG org.dbunit.dataset.datatype.AbstractDataType  - getSqlType() - start
193626 [main] DEBUG org.dbunit.dataset.datatype.AbstractDataType  - getSqlType() - start
193626 [main] DEBUG org.dbunit.dataset.datatype.AbstractDataType  - getSqlType() - start
193627 [main] DEBUG org.dbunit.dataset.datatype.AbstractDataType  - getSqlType() - start
193627 [main] DEBUG org.dbunit.dataset.datatype.AbstractDataType  - getSqlType() - start
193627 [main] DEBUG org.dbunit.dataset.datatype.AbstractDataType  - getSqlType() - start
193627 [main] DEBUG org.dbunit.dataset.Column  - nullableValue(nullable=1) - start
193627 [main] DEBUG org.dbunit.dataset.Column  - autoIncrementValue(isAutoIncrement=NO) - start
193627 [main] TRACE org.dbunit.database.DefaultMetadataHandler  - matches(columnsResultSet=org.apache.commons.dbcp.DelegatingResultSet@2b250e62, catalog=null, schema=null, table=CAPTION, column=null, caseSensitive=false) - start
193627 [main] DEBUG org.dbunit.database.DefaultMetadataHandler  - Comparing the following values using caseSensitive=false (searched<=>actual): catalog: null<=>PUBLIC schema: null<=>PUBLIC table: CAPTION<=>CAPTION column: null<=>IDENTIFIER
193627 [main] DEBUG org.dbunit.dataset.datatype.DefaultDataTypeFactory  - createDataType(sqlType=12 , sqlTypeName=VARCHAR, tableName=CAPTION, columnName=IDENTIFIER) - start
193627 [main] DEBUG org.dbunit.dataset.datatype.DefaultDataTypeFactory  - createDataType(sqlType=12, sqlTypeName=VARCHAR) - start
193627 [main] DEBUG org.dbunit.dataset.datatype.DataType  - forSqlType(sqlType=12) - start
193627 [main] DEBUG org.dbunit.dataset.datatype.AbstractDataType  - getSqlType() - start
193627 [main] DEBUG org.dbunit.dataset.Column  - nullableValue(nullable=1) - start
193627 [main] DEBUG org.dbunit.dataset.Column  - autoIncrementValue(isAutoIncrement=NO) - start
193627 [main] TRACE org.dbunit.database.DefaultMetadataHandler  - matches(columnsResultSet=org.apache.commons.dbcp.DelegatingResultSet@2b250e62, catalog=null, schema=null, table=CAPTION, column=null, caseSensitive=false) - start
193627 [main] DEBUG org.dbunit.database.DefaultMetadataHandler  - Comparing the following values using caseSensitive=false (searched<=>actual): catalog: null<=>PUBLIC schema: null<=>PUBLIC table: CAPTION<=>CAPTION column: null<=>LOCALE
193627 [main] DEBUG org.dbunit.dataset.datatype.DefaultDataTypeFactory  - createDataType(sqlType=12 , sqlTypeName=VARCHAR, tableName=CAPTION, columnName=LOCALE) - start
193627 [main] DEBUG org.dbunit.dataset.datatype.DefaultDataTypeFactory  - createDataType(sqlType=12, sqlTypeName=VARCHAR) - start
193627 [main] DEBUG org.dbunit.dataset.datatype.DataType  - forSqlType(sqlType=12) - start
193627 [main] DEBUG org.dbunit.dataset.datatype.AbstractDataType  - getSqlType() - start
193627 [main] DEBUG org.dbunit.dataset.Column  - nullableValue(nullable=1) - start
193627 [main] DEBUG org.dbunit.dataset.Column  - autoIncrementValue(isAutoIncrement=NO) - start
193627 [main] TRACE org.dbunit.database.DefaultMetadataHandler  - matches(columnsResultSet=org.apache.commons.dbcp.DelegatingResultSet@2b250e62, catalog=null, schema=null, table=CAPTION, column=null, caseSensitive=false) - start
193627 [main] DEBUG org.dbunit.database.DefaultMetadataHandler  - Comparing the following values using caseSensitive=false (searched<=>actual): catalog: null<=>PUBLIC schema: null<=>PUBLIC table: CAPTION<=>CAPTION column: null<=>TEXT
193627 [main] DEBUG org.dbunit.dataset.datatype.DefaultDataTypeFactory  - createDataType(sqlType=12 , sqlTypeName=VARCHAR, tableName=CAPTION, columnName=TEXT) - start
193627 [main] DEBUG org.dbunit.dataset.datatype.DefaultDataTypeFactory  - createDataType(sqlType=12, sqlTypeName=VARCHAR) - start
193627 [main] DEBUG org.dbunit.dataset.datatype.DataType  - forSqlType(sqlType=12) - start
193627 [main] DEBUG org.dbunit.dataset.datatype.AbstractDataType  - getSqlType() - start
193628 [main] DEBUG org.dbunit.dataset.Column  - nullableValue(nullable=1) - start
193628 [main] DEBUG org.dbunit.dataset.Column  - autoIncrementValue(isAutoIncrement=NO) - start
193628 [main] DEBUG org.dbunit.database.DatabaseTableMetaData  - getPrimaryKeys() - start
193628 [main] TRACE org.dbunit.database.DatabaseConfig  - getProperty(name=http://www.dbunit.org/properties/primaryKeyFilter) - start
193628 [main] DEBUG org.dbunit.database.DatabaseTableMetaData  - getPrimaryKeyNames() - start
193628 [main] DEBUG org.dbunit.database.DatabaseDataSourceConnection  - getConnection() - start
193628 [main] TRACE org.dbunit.database.DatabaseConfig  - getProperty(name=http://www.dbunit.org/properties/metadataHandler) - start
193628 [main] TRACE org.dbunit.database.DefaultMetadataHandler  - getPrimaryKeys(metaData=org.apache.commons.dbcp.DelegatingDatabaseMetaData@dd35a0f, schemaName=null, tableName=CAPTION) - start
193628 [main] DEBUG org.dbunit.database.DatabaseTableMetaData  - getName() - start
193628 [main] DEBUG org.dbunit.database.DatabaseTableMetaData  - getColumns() - start
193628 [main] DEBUG org.dbunit.dataset.Columns  - getColumns(columnNames=[ID], columns=[(ID, INTEGER, noNulls), (TIMESTAMP, TIMESTAMP, nullable), (IDENTIFIER, VARCHAR, nullable), (LOCALE, VARCHAR, nullable), (TEXT, VARCHAR, nullable)]) - start
193628 [main] DEBUG org.dbunit.dataset.Columns  - getColumn(columnName=ID, columns=[(ID, INTEGER, noNulls), (TIMESTAMP, TIMESTAMP, nullable), (IDENTIFIER, VARCHAR, nullable), (LOCALE, VARCHAR, nullable), (TEXT, VARCHAR, nullable)]) - start
193628 [main] DEBUG org.dbunit.dataset.OrderedTableNameMap  - update(tableName=Caption, object=table=CAPTION, cols=[(ID, INTEGER, noNulls), (TIMESTAMP, TIMESTAMP, nullable), (IDENTIFIER, VARCHAR, nullable), (LOCALE, VARCHAR, nullable), (TEXT, VARCHAR, nullable)], pk=[(ID, INTEGER, noNulls)]) - start
193628 [main] DEBUG org.dbunit.dataset.OrderedTableNameMap  - getTableName(tableName=Caption) - start
193628 [main] DEBUG org.dbunit.dataset.OrderedTableNameMap  - getTableName(tableName=Caption) - end - result=CAPTION
193628 [main] DEBUG org.dbunit.dataset.OrderedTableNameMap  - getTableName(tableName=Caption) - start
193628 [main] DEBUG org.dbunit.dataset.OrderedTableNameMap  - getTableName(tableName=Caption) - end - result=CAPTION
193629 [main] DEBUG org.dbunit.operation.AbstractOperation  - getQualifiedName(prefix=null, name=CAPTION, connection=_databaseConfig=org.dbunit.database.DatabaseConfig[, _propertyMap={http://www.dbunit.org/properties/statementFactory=org.dbunit.database.statement.PreparedStatementFactory@626bc2b8, http://www.dbunit.org/features/caseSensitiveTableNames=false, http://www.dbunit.org/properties/fetchSize=100, http://www.dbunit.org/features/batchedStatements=false, http://www.dbunit.org/properties/metadataHandler=org.dbunit.database.DefaultMetadataHandler@3eeace42, http://www.dbunit.org/properties/datatypeFactory=org.dbunit.dataset.datatype.DefaultDataTypeFactory[_toleratedDeltaMap=org.dbunit.dataset.datatype.ToleratedDeltaMap@6452310a], http://www.dbunit.org/properties/escapePattern=null, http://www.dbunit.org/properties/batchSize=100, http://www.dbunit.org/features/qualifiedTableNames=false, http://www.dbunit.org/properties/tableType=[Ljava.lang.String;@5011bafa, http://www.dbunit.org/properties/resultSetTableFactory=org.dbunit.database.CachedResultSetTableFactory@10bcf083, http://www.dbunit.org/features/datatypeWarning=true}], _dataSet=AbstractDataSet[_orderedTableNameMap=null]) - start
193629 [main] TRACE org.dbunit.database.DatabaseConfig  - getProperty(name=http://www.dbunit.org/properties/escapePattern) - start
193629 [main] DEBUG org.dbunit.util.QualifiedTableName  - getQualifiedName() - start
193629 [main] DEBUG org.dbunit.util.QualifiedTableName  - getQualifiedName(prefix=null, name=CAPTION, escapePattern=null) - start
193629 [main] DEBUG org.dbunit.database.statement.SimpleStatement  - addBatch(sql=delete from CAPTION) - start
193629 [main] DEBUG org.dbunit.operation.DeleteAllOperation  - Added SQL: delete from CAPTION
193629 [main] DEBUG org.dbunit.database.DatabaseDataSet  - getTableMetaData(tableName=Authority) - start
193629 [main] DEBUG org.dbunit.database.DatabaseDataSet  - initialize() - start
193629 [main] DEBUG org.dbunit.dataset.OrderedTableNameMap  - getTableName(tableName=Authority) - start
193629 [main] DEBUG org.dbunit.dataset.OrderedTableNameMap  - getTableName(tableName=Authority) - end - result=AUTHORITY
193629 [main] DEBUG org.dbunit.dataset.OrderedTableNameMap  - getTableName(tableName=Authority) - start
193629 [main] DEBUG org.dbunit.dataset.OrderedTableNameMap  - getTableName(tableName=Authority) - end - result=AUTHORITY
193629 [main] DEBUG org.dbunit.database.DatabaseDataSourceConnection  - getConnection() - start
193629 [main] TRACE org.dbunit.util.SQLHelper  - correctCase(tableName=Authority, connection=Transaction-aware proxy for target Connection [jdbc:hsqldb:mem:kontrollDS, UserName=sw, HSQL Database Engine Driver]) - start
193629 [main] TRACE org.dbunit.util.SQLHelper  - correctCase(tableName=Authority, databaseMetaData=org.apache.commons.dbcp.DelegatingDatabaseMetaData@45d7cd72) - start
193629 [main] TRACE org.dbunit.util.SQLHelper  - isEscaped(tableName=Authority, dbIdentifierQuoteString=") - start
193629 [main] DEBUG org.dbunit.util.SQLHelper  - isEscaped returns 'false' for tableName=Authority (dbIdentifierQuoteString=")
193629 [main] DEBUG org.dbunit.util.SQLHelper  - class org.dbunit.database.DatabaseTableMetaData. Corrected table name: oldValue=Authority newValue=AUTHORITY
193629 [main] DEBUG org.dbunit.database.DatabaseTableMetaData  - Validating if table 'AUTHORITY' exists in schema 'null' ...
193629 [main] TRACE org.dbunit.database.DatabaseConfig  - getProperty(name=http://www.dbunit.org/properties/metadataHandler) - start
193629 [main] TRACE org.dbunit.database.DefaultMetadataHandler  - tableExists(metaData=org.apache.commons.dbcp.DelegatingDatabaseMetaData@5af11b30, schemaName=null, tableName=AUTHORITY) - start
193630 [main] DEBUG org.dbunit.util.SQLHelper  - close(resultSet=org.apache.commons.dbcp.DelegatingResultSet@339d090) - start
193630 [main] DEBUG org.dbunit.database.DatabaseTableMetaData  - getColumns() - start
193630 [main] DEBUG org.dbunit.database.DatabaseDataSourceConnection  - getConnection() - start
193631 [main] TRACE org.dbunit.database.DatabaseConfig  - getProperty(name=http://www.dbunit.org/properties/metadataHandler) - start
193631 [main] TRACE org.dbunit.database.DefaultMetadataHandler  - getColumns(databaseMetaData=org.apache.commons.dbcp.DelegatingDatabaseMetaData@48ab9f97, schemaName=null, tableName=AUTHORITY) - start
193660 [main] TRACE org.dbunit.database.DatabaseConfig  - getProperty(name=http://www.dbunit.org/properties/datatypeFactory) - start
193660 [main] DEBUG org.dbunit.database.DatabaseDataSourceConnection  - getConnection() - start
193660 [main] WARN  org.dbunit.dataset.AbstractTableMetaData  - Potential problem found: The configured data type factory 'class org.dbunit.dataset.datatype.DefaultDataTypeFactory' might cause problems with the current database 'HSQL Database Engine' (e.g. some datatypes may not be supported properly). In rare cases you might see this message because the list of supported database products is incomplete (list=[derby]). If so please request a java-class update via the forums.If you are using your own IDataTypeFactory extending DefaultDataTypeFactory, ensure that you override getValidDbProducts() to specify the supported database products.
193660 [main] TRACE org.dbunit.database.DatabaseConfig  - getFeature(name=http://www.dbunit.org/features/datatypeWarning) - start
193660 [main] TRACE org.dbunit.database.DatabaseConfig  - getProperty(name=http://www.dbunit.org/features/datatypeWarning) - start
193660 [main] TRACE org.dbunit.database.DefaultMetadataHandler  - matches(columnsResultSet=org.apache.commons.dbcp.DelegatingResultSet@2d82877f, catalog=null, schema=null, table=AUTHORITY, column=null, caseSensitive=false) - start
193660 [main] DEBUG org.dbunit.database.DefaultMetadataHandler  - Comparing the following values using caseSensitive=false (searched<=>actual): catalog: null<=>PUBLIC schema: null<=>PUBLIC table: AUTHORITY<=>AUTHORITY column: null<=>ID
193660 [main] DEBUG org.dbunit.dataset.datatype.DefaultDataTypeFactory  - createDataType(sqlType=4 , sqlTypeName=INTEGER, tableName=AUTHORITY, columnName=ID) - start
193660 [main] DEBUG org.dbunit.dataset.datatype.DefaultDataTypeFactory  - createDataType(sqlType=4, sqlTypeName=INTEGER) - start
193661 [main] DEBUG org.dbunit.dataset.datatype.DataType  - forSqlType(sqlType=4) - start
193661 [main] DEBUG org.dbunit.dataset.datatype.AbstractDataType  - getSqlType() - start
193661 [main] DEBUG org.dbunit.dataset.datatype.AbstractDataType  - getSqlType() - start
193661 [main] DEBUG org.dbunit.dataset.datatype.AbstractDataType  - getSqlType() - start
193661 [main] DEBUG org.dbunit.dataset.datatype.AbstractDataType  - getSqlType() - start
193661 [main] DEBUG org.dbunit.dataset.datatype.AbstractDataType  - getSqlType() - start
193661 [main] DEBUG org.dbunit.dataset.datatype.AbstractDataType  - getSqlType() - start
193661 [main] DEBUG org.dbunit.dataset.datatype.AbstractDataType  - getSqlType() - start
193661 [main] DEBUG org.dbunit.dataset.datatype.AbstractDataType  - getSqlType() - start
193661 [main] DEBUG org.dbunit.dataset.datatype.AbstractDataType  - getSqlType() - start
193661 [main] DEBUG org.dbunit.dataset.datatype.AbstractDataType  - getSqlType() - start
193661 [main] DEBUG org.dbunit.dataset.datatype.AbstractDataType  - getSqlType() - start
193661 [main] DEBUG org.dbunit.dataset.datatype.AbstractDataType  - getSqlType() - start
193661 [main] DEBUG org.dbunit.dataset.Column  - nullableValue(nullable=0) - start
193662 [main] DEBUG org.dbunit.dataset.Column  - autoIncrementValue(isAutoIncrement=YES) - start
193662 [main] TRACE org.dbunit.database.DefaultMetadataHandler  - matches(columnsResultSet=org.apache.commons.dbcp.DelegatingResultSet@2d82877f, catalog=null, schema=null, table=AUTHORITY, column=null, caseSensitive=false) - start
193662 [main] DEBUG org.dbunit.database.DefaultMetadataHandler  - Comparing the following values using caseSensitive=false (searched<=>actual): catalog: null<=>PUBLIC schema: null<=>PUBLIC table: AUTHORITY<=>AUTHORITY column: null<=>TIMESTAMP
193662 [main] DEBUG org.dbunit.dataset.datatype.DefaultDataTypeFactory  - createDataType(sqlType=93 , sqlTypeName=TIMESTAMP, tableName=AUTHORITY, columnName=TIMESTAMP) - start
193662 [main] DEBUG org.dbunit.dataset.datatype.DefaultDataTypeFactory  - createDataType(sqlType=93, sqlTypeName=TIMESTAMP) - start
193662 [main] DEBUG org.dbunit.dataset.datatype.DataType  - forSqlType(sqlType=93) - start
193662 [main] DEBUG org.dbunit.dataset.datatype.AbstractDataType  - getSqlType() - start
193662 [main] DEBUG org.dbunit.dataset.datatype.AbstractDataType  - getSqlType() - start
193662 [main] DEBUG org.dbunit.dataset.datatype.AbstractDataType  - getSqlType() - start
193662 [main] DEBUG org.dbunit.dataset.datatype.AbstractDataType  - getSqlType() - start
193662 [main] DEBUG org.dbunit.dataset.datatype.AbstractDataType  - getSqlType() - start
193662 [main] DEBUG org.dbunit.dataset.datatype.AbstractDataType  - getSqlType() - start
193662 [main] DEBUG org.dbunit.dataset.datatype.AbstractDataType  - getSqlType() - start
193663 [main] DEBUG org.dbunit.dataset.datatype.AbstractDataType  - getSqlType() - start
193663 [main] DEBUG org.dbunit.dataset.datatype.AbstractDataType  - getSqlType() - start
193663 [main] DEBUG org.dbunit.dataset.datatype.AbstractDataType  - getSqlType() - start
193663 [main] DEBUG org.dbunit.dataset.datatype.AbstractDataType  - getSqlType() - start
193663 [main] DEBUG org.dbunit.dataset.datatype.AbstractDataType  - getSqlType() - start
193663 [main] DEBUG org.dbunit.dataset.datatype.AbstractDataType  - getSqlType() - start
193663 [main] DEBUG org.dbunit.dataset.datatype.AbstractDataType  - getSqlType() - start
193663 [main] DEBUG org.dbunit.dataset.datatype.AbstractDataType  - getSqlType() - start
193663 [main] DEBUG org.dbunit.dataset.datatype.AbstractDataType  - getSqlType() - start
193663 [main] DEBUG org.dbunit.dataset.datatype.AbstractDataType  - getSqlType() - start
193663 [main] DEBUG org.dbunit.dataset.datatype.AbstractDataType  - getSqlType() - start
193663 [main] DEBUG org.dbunit.dataset.datatype.AbstractDataType  - getSqlType() - start
193663 [main] DEBUG org.dbunit.dataset.datatype.AbstractDataType  - getSqlType() - start
193663 [main] DEBUG org.dbunit.dataset.datatype.AbstractDataType  - getSqlType() - start
193664 [main] DEBUG org.dbunit.dataset.Column  - nullableValue(nullable=1) - start
193664 [main] DEBUG org.dbunit.dataset.Column  - autoIncrementValue(isAutoIncrement=NO) - start
193664 [main] TRACE org.dbunit.database.DefaultMetadataHandler  - matches(columnsResultSet=org.apache.commons.dbcp.DelegatingResultSet@2d82877f, catalog=null, schema=null, table=AUTHORITY, column=null, caseSensitive=false) - start
193664 [main] DEBUG org.dbunit.database.DefaultMetadataHandler  - Comparing the following values using caseSensitive=false (searched<=>actual): catalog: null<=>PUBLIC schema: null<=>PUBLIC table: AUTHORITY<=>AUTHORITY column: null<=>COMMENT
193664 [main] DEBUG org.dbunit.dataset.datatype.DefaultDataTypeFactory  - createDataType(sqlType=12 , sqlTypeName=VARCHAR, tableName=AUTHORITY, columnName=COMMENT) - start
193664 [main] DEBUG org.dbunit.dataset.datatype.DefaultDataTypeFactory  - createDataType(sqlType=12, sqlTypeName=VARCHAR) - start
193664 [main] DEBUG org.dbunit.dataset.datatype.DataType  - forSqlType(sqlType=12) - start
193664 [main] DEBUG org.dbunit.dataset.datatype.AbstractDataType  - getSqlType() - start
193664 [main] DEBUG org.dbunit.dataset.Column  - nullableValue(nullable=1) - start
193664 [main] DEBUG org.dbunit.dataset.Column  - autoIncrementValue(isAutoIncrement=NO) - start
193664 [main] TRACE org.dbunit.database.DefaultMetadataHandler  - matches(columnsResultSet=org.apache.commons.dbcp.DelegatingResultSet@2d82877f, catalog=null, schema=null, table=AUTHORITY, column=null, caseSensitive=false) - start
193664 [main] DEBUG org.dbunit.database.DefaultMetadataHandler  - Comparing the following values using caseSensitive=false (searched<=>actual): catalog: null<=>PUBLIC schema: null<=>PUBLIC table: AUTHORITY<=>AUTHORITY column: null<=>NAME
193665 [main] DEBUG org.dbunit.dataset.datatype.DefaultDataTypeFactory  - createDataType(sqlType=12 , sqlTypeName=VARCHAR, tableName=AUTHORITY, columnName=NAME) - start
193665 [main] DEBUG org.dbunit.dataset.datatype.DefaultDataTypeFactory  - createDataType(sqlType=12, sqlTypeName=VARCHAR) - start
193665 [main] DEBUG org.dbunit.dataset.datatype.DataType  - forSqlType(sqlType=12) - start
193665 [main] DEBUG org.dbunit.dataset.datatype.AbstractDataType  - getSqlType() - start
193665 [main] DEBUG org.dbunit.dataset.Column  - nullableValue(nullable=0) - start
193665 [main] DEBUG org.dbunit.dataset.Column  - autoIncrementValue(isAutoIncrement=NO) - start
193665 [main] DEBUG org.dbunit.database.DatabaseTableMetaData  - getPrimaryKeys() - start
193665 [main] TRACE org.dbunit.database.DatabaseConfig  - getProperty(name=http://www.dbunit.org/properties/primaryKeyFilter) - start
193665 [main] DEBUG org.dbunit.database.DatabaseTableMetaData  - getPrimaryKeyNames() - start
193665 [main] DEBUG org.dbunit.database.DatabaseDataSourceConnection  - getConnection() - start
193665 [main] TRACE org.dbunit.database.DatabaseConfig  - getProperty(name=http://www.dbunit.org/properties/metadataHandler) - start
193665 [main] TRACE org.dbunit.database.DefaultMetadataHandler  - getPrimaryKeys(metaData=org.apache.commons.dbcp.DelegatingDatabaseMetaData@548dba30, schemaName=null, tableName=AUTHORITY) - start
193666 [main] DEBUG org.dbunit.database.DatabaseTableMetaData  - getName() - start
193666 [main] DEBUG org.dbunit.database.DatabaseTableMetaData  - getColumns() - start
193666 [main] DEBUG org.dbunit.dataset.Columns  - getColumns(columnNames=[ID], columns=[(ID, INTEGER, noNulls), (TIMESTAMP, TIMESTAMP, nullable), (COMMENT, VARCHAR, nullable), (NAME, VARCHAR, noNulls)]) - start
193666 [main] DEBUG org.dbunit.dataset.Columns  - getColumn(columnName=ID, columns=[(ID, INTEGER, noNulls), (TIMESTAMP, TIMESTAMP, nullable), (COMMENT, VARCHAR, nullable), (NAME, VARCHAR, noNulls)]) - start
193666 [main] DEBUG org.dbunit.dataset.OrderedTableNameMap  - update(tableName=Authority, object=table=AUTHORITY, cols=[(ID, INTEGER, noNulls), (TIMESTAMP, TIMESTAMP, nullable), (COMMENT, VARCHAR, nullable), (NAME, VARCHAR, noNulls)], pk=[(ID, INTEGER, noNulls)]) - start
193666 [main] DEBUG org.dbunit.dataset.OrderedTableNameMap  - getTableName(tableName=Authority) - start
193666 [main] DEBUG org.dbunit.dataset.OrderedTableNameMap  - getTableName(tableName=Authority) - end - result=AUTHORITY
193666 [main] DEBUG org.dbunit.dataset.OrderedTableNameMap  - getTableName(tableName=Authority) - start
193667 [main] DEBUG org.dbunit.dataset.OrderedTableNameMap  - getTableName(tableName=Authority) - end - result=AUTHORITY
193667 [main] DEBUG org.dbunit.operation.AbstractOperation  - getQualifiedName(prefix=null, name=AUTHORITY, connection=_databaseConfig=org.dbunit.database.DatabaseConfig[, _propertyMap={http://www.dbunit.org/properties/statementFactory=org.dbunit.database.statement.PreparedStatementFactory@626bc2b8, http://www.dbunit.org/features/caseSensitiveTableNames=false, http://www.dbunit.org/properties/fetchSize=100, http://www.dbunit.org/features/batchedStatements=false, http://www.dbunit.org/properties/metadataHandler=org.dbunit.database.DefaultMetadataHandler@3eeace42, http://www.dbunit.org/properties/datatypeFactory=org.dbunit.dataset.datatype.DefaultDataTypeFactory[_toleratedDeltaMap=org.dbunit.dataset.datatype.ToleratedDeltaMap@6452310a], http://www.dbunit.org/properties/escapePattern=null, http://www.dbunit.org/properties/batchSize=100, http://www.dbunit.org/features/qualifiedTableNames=false, http://www.dbunit.org/properties/tableType=[Ljava.lang.String;@5011bafa, http://www.dbunit.org/properties/resultSetTableFactory=org.dbunit.database.CachedResultSetTableFactory@10bcf083, http://www.dbunit.org/features/datatypeWarning=true}], _dataSet=AbstractDataSet[_orderedTableNameMap=null]) - start
193667 [main] TRACE org.dbunit.database.DatabaseConfig  - getProperty(name=http://www.dbunit.org/properties/escapePattern) - start
193667 [main] DEBUG org.dbunit.util.QualifiedTableName  - getQualifiedName() - start
193667 [main] DEBUG org.dbunit.util.QualifiedTableName  - getQualifiedName(prefix=null, name=AUTHORITY, escapePattern=null) - start
193667 [main] DEBUG org.dbunit.database.statement.SimpleStatement  - addBatch(sql=delete from AUTHORITY) - start
193667 [main] DEBUG org.dbunit.operation.DeleteAllOperation  - Added SQL: delete from AUTHORITY
193667 [main] DEBUG org.dbunit.database.statement.SimpleStatement  - executeBatch() - start
193667 [main] DEBUG org.dbunit.database.statement.SimpleStatement  - DbUnit SQL: delete from USERS_AUTHORITIES
193667 [main] DEBUG org.dbunit.database.statement.SimpleStatement  - DbUnit SQL: delete from USER
193668 [main] DEBUG org.dbunit.database.statement.SimpleStatement  - DbUnit SQL: delete from SCOPE_REQUESTCONTEXT
193668 [main] DEBUG org.dbunit.database.statement.SimpleStatement  - DbUnit SQL: delete from SCOPEDCONTENT_SCOPEDCONTENTITEM
193668 [main] DEBUG org.dbunit.database.statement.SimpleStatement  - DbUnit SQL: delete from SCOPEDCONTENTCONDITIONS_SCOPEDCONTENTITEM
193668 [main] DEBUG org.dbunit.database.statement.SimpleStatement  - DbUnit SQL: delete from SCOPEDCONTENTITEM
193668 [main] DEBUG org.dbunit.database.statement.SimpleStatement  - DbUnit SQL: delete from SCOPEDCONTENTCONDITIONS_SCOPEDCONTENT
193668 [main] DEBUG org.dbunit.database.statement.SimpleStatement  - DbUnit SQL: delete from SCOPEDCONTENTCONDITIONATTRIBUTE
193668 [main] DEBUG org.dbunit.database.statement.SimpleStatement  - DbUnit SQL: delete from SCOPEDCONTENT
193669 [main] DEBUG org.dbunit.database.statement.SimpleStatement  - DbUnit SQL: delete from SCOPE
193669 [main] DEBUG org.dbunit.database.statement.SimpleStatement  - DbUnit SQL: delete from REQUESTCONTEXT
193669 [main] DEBUG org.dbunit.database.statement.SimpleStatement  - DbUnit SQL: delete from NESTEDSCOPEDCONTENTCONDITIONS
193669 [main] DEBUG org.dbunit.database.statement.SimpleStatement  - DbUnit SQL: delete from SCOPEDCONTENTCONDITION
193669 [main] DEBUG org.dbunit.database.statement.SimpleStatement  - DbUnit SQL: delete from CAPTION
193669 [main] DEBUG org.dbunit.database.statement.SimpleStatement  - DbUnit SQL: delete from AUTHORITY
193669 [main] DEBUG org.dbunit.database.statement.SimpleStatement  - clearBatch() - start
193669 [main] DEBUG org.dbunit.database.statement.AbstractBatchStatement  - close() - start
193670 [main] DEBUG org.dbunit.operation.AbstractBatchOperation  - execute(connection=_databaseConfig=org.dbunit.database.DatabaseConfig[, _propertyMap={http://www.dbunit.org/properties/statementFactory=org.dbunit.database.statement.PreparedStatementFactory@626bc2b8, http://www.dbunit.org/features/caseSensitiveTableNames=false, http://www.dbunit.org/properties/fetchSize=100, http://www.dbunit.org/features/batchedStatements=false, http://www.dbunit.org/properties/metadataHandler=org.dbunit.database.DefaultMetadataHandler@3eeace42, http://www.dbunit.org/properties/datatypeFactory=org.dbunit.dataset.datatype.DefaultDataTypeFactory[_toleratedDeltaMap=org.dbunit.dataset.datatype.ToleratedDeltaMap@6452310a], http://www.dbunit.org/properties/escapePattern=null, http://www.dbunit.org/properties/batchSize=100, http://www.dbunit.org/features/qualifiedTableNames=false, http://www.dbunit.org/properties/tableType=[Ljava.lang.String;@5011bafa, http://www.dbunit.org/properties/resultSetTableFactory=org.dbunit.database.CachedResultSetTableFactory@10bcf083, http://www.dbunit.org/features/datatypeWarning=true}], _dataSet=AbstractDataSet[_orderedTableNameMap=null], dataSet=AbstractDataSet[_orderedTableNameMap=null]) - start
193670 [main] TRACE org.dbunit.database.DatabaseConfig  - getProperty(name=http://www.dbunit.org/properties/statementFactory) - start
193670 [main] DEBUG org.dbunit.dataset.AbstractDataSet  - iterator() - start
193670 [main] DEBUG org.dbunit.dataset.FilteredDataSet  - createIterator(reversed=false) - start
193670 [main] DEBUG org.dbunit.dataset.filter.SequenceTableFilter  - iterator(dataSet=AbstractDataSet[_orderedTableNameMap=org.dbunit.dataset.OrderedTableNameMap[_tableNames=[ScopedContentItem, ScopedContentCondition, ScopedContentConditionAttribute, Authority, User, Users_Authorities, ScopedContent, ScopedContent_ScopedContentItem, Scope, Scope_RequestContext, RequestContext, Caption, ScopedContentConditions_ScopedContent, ScopedContentConditions_ScopedContentItem, NestedScopedContentConditions], _tableMap={SCOPE_REQUESTCONTEXT=org.dbunit.dataset.DefaultTable[_metaData=tableName=Scope_RequestContext, columns=[], keys=[], _rowList.size()=0], NESTEDSCOPEDCONTENTCONDITIONS=org.dbunit.dataset.DefaultTable[_metaData=tableName=NestedScopedContentConditions, columns=[], keys=[], _rowList.size()=0], SCOPEDCONTENT_SCOPEDCONTENTITEM=org.dbunit.dataset.DefaultTable[_metaData=tableName=ScopedContent_ScopedContentItem, columns=[], keys=[], _rowList.size()=0], SCOPE=org.dbunit.dataset.DefaultTable[_metaData=tableName=Scope, columns=[], keys=[], _rowList.size()=0], SCOPEDCONTENTCONDITIONATTRIBUTE=org.dbunit.dataset.DefaultTable[_metaData=tableName=ScopedContentConditionAttribute, columns=[(key, UNKNOWN, nullableUnknown), (checkOrder, UNKNOWN, nullableUnknown), (className, UNKNOWN, nullableUnknown), (valuePath, UNKNOWN, nullableUnknown), (operator, UNKNOWN, nullableUnknown), (expectedValue, UNKNOWN, nullableUnknown), (expectedValueType, UNKNOWN, nullableUnknown), (scopedContentCondition, UNKNOWN, nullableUnknown), (id, UNKNOWN, nullableUnknown), (timeStamp, UNKNOWN, nullableUnknown)], keys=[], _rowList.size()=1], SCOPEDCONTENTCONDITIONS_SCOPEDCONTENT=org.dbunit.dataset.DefaultTable[_metaData=tableName=ScopedContentConditions_ScopedContent, columns=[], keys=[], _rowList.size()=0], USER=org.dbunit.dataset.DefaultTable[_metaData=tableName=User, columns=[], keys=[], _rowList.size()=0], SCOPEDCONTENT=org.dbunit.dataset.DefaultTable[_metaData=tableName=ScopedContent, columns=[], keys=[], _rowList.size()=0], REQUESTCONTEXT=org.dbunit.dataset.DefaultTable[_metaData=tableName=RequestContext, columns=[], keys=[], _rowList.size()=0], AUTHORITY=org.dbunit.dataset.DefaultTable[_metaData=tableName=Authority, columns=[], keys=[], _rowList.size()=0], USERS_AUTHORITIES=org.dbunit.dataset.DefaultTable[_metaData=tableName=Users_Authorities, columns=[], keys=[], _rowList.size()=0], SCOPEDCONTENTITEM=org.dbunit.dataset.DefaultTable[_metaData=tableName=ScopedContentItem, columns=[(tagName, UNKNOWN, nullableUnknown), (cssClass, UNKNOWN, nullableUnknown), (content, UNKNOWN, nullableUnknown), (type, UNKNOWN, nullableUnknown), (id, UNKNOWN, nullableUnknown), (timeStamp, UNKNOWN, nullableUnknown)], keys=[], _rowList.size()=1], CAPTION=org.dbunit.dataset.DefaultTable[_metaData=tableName=Caption, columns=[], keys=[], _rowList.size()=0], SCOPEDCONTENTCONDITIONS_SCOPEDCONTENTITEM=org.dbunit.dataset.DefaultTable[_metaData=tableName=ScopedContentConditions_ScopedContentItem, columns=[], keys=[], _rowList.size()=0], SCOPEDCONTENTCONDITION=org.dbunit.dataset.DefaultTable[_metaData=tableName=ScopedContentCondition, columns=[(name, UNKNOWN, nullableUnknown), (description, UNKNOWN, nullableUnknown), (operator, UNKNOWN, nullableUnknown), (id, UNKNOWN, nullableUnknown), (timeStamp, UNKNOWN, nullableUnknown)], keys=[], _rowList.size()=1]}, _caseSensitiveTableNames=false]], reversed=false) - start
193670 [main] DEBUG org.dbunit.dataset.filter.SequenceTableFilter  - getTableNames(dataSet=AbstractDataSet[_orderedTableNameMap=org.dbunit.dataset.OrderedTableNameMap[_tableNames=[ScopedContentItem, ScopedContentCondition, ScopedContentConditionAttribute, Authority, User, Users_Authorities, ScopedContent, ScopedContent_ScopedContentItem, Scope, Scope_RequestContext, RequestContext, Caption, ScopedContentConditions_ScopedContent, ScopedContentConditions_ScopedContentItem, NestedScopedContentConditions], _tableMap={SCOPE_REQUESTCONTEXT=org.dbunit.dataset.DefaultTable[_metaData=tableName=Scope_RequestContext, columns=[], keys=[], _rowList.size()=0], NESTEDSCOPEDCONTENTCONDITIONS=org.dbunit.dataset.DefaultTable[_metaData=tableName=NestedScopedContentConditions, columns=[], keys=[], _rowList.size()=0], SCOPEDCONTENT_SCOPEDCONTENTITEM=org.dbunit.dataset.DefaultTable[_metaData=tableName=ScopedContent_ScopedContentItem, columns=[], keys=[], _rowList.size()=0], SCOPE=org.dbunit.dataset.DefaultTable[_metaData=tableName=Scope, columns=[], keys=[], _rowList.size()=0], SCOPEDCONTENTCONDITIONATTRIBUTE=org.dbunit.dataset.DefaultTable[_metaData=tableName=ScopedContentConditionAttribute, columns=[(key, UNKNOWN, nullableUnknown), (checkOrder, UNKNOWN, nullableUnknown), (className, UNKNOWN, nullableUnknown), (valuePath, UNKNOWN, nullableUnknown), (operator, UNKNOWN, nullableUnknown), (expectedValue, UNKNOWN, nullableUnknown), (expectedValueType, UNKNOWN, nullableUnknown), (scopedContentCondition, UNKNOWN, nullableUnknown), (id, UNKNOWN, nullableUnknown), (timeStamp, UNKNOWN, nullableUnknown)], keys=[], _rowList.size()=1], SCOPEDCONTENTCONDITIONS_SCOPEDCONTENT=org.dbunit.dataset.DefaultTable[_metaData=tableName=ScopedContentConditions_ScopedContent, columns=[], keys=[], _rowList.size()=0], USER=org.dbunit.dataset.DefaultTable[_metaData=tableName=User, columns=[], keys=[], _rowList.size()=0], SCOPEDCONTENT=org.dbunit.dataset.DefaultTable[_metaData=tableName=ScopedContent, columns=[], keys=[], _rowList.size()=0], REQUESTCONTEXT=org.dbunit.dataset.DefaultTable[_metaData=tableName=RequestContext, columns=[], keys=[], _rowList.size()=0], AUTHORITY=org.dbunit.dataset.DefaultTable[_metaData=tableName=Authority, columns=[], keys=[], _rowList.size()=0], USERS_AUTHORITIES=org.dbunit.dataset.DefaultTable[_metaData=tableName=Users_Authorities, columns=[], keys=[], _rowList.size()=0], SCOPEDCONTENTITEM=org.dbunit.dataset.DefaultTable[_metaData=tableName=ScopedContentItem, columns=[(tagName, UNKNOWN, nullableUnknown), (cssClass, UNKNOWN, nullableUnknown), (content, UNKNOWN, nullableUnknown), (type, UNKNOWN, nullableUnknown), (id, UNKNOWN, nullableUnknown), (timeStamp, UNKNOWN, nullableUnknown)], keys=[], _rowList.size()=1], CAPTION=org.dbunit.dataset.DefaultTable[_metaData=tableName=Caption, columns=[], keys=[], _rowList.size()=0], SCOPEDCONTENTCONDITIONS_SCOPEDCONTENTITEM=org.dbunit.dataset.DefaultTable[_metaData=tableName=ScopedContentConditions_ScopedContentItem, columns=[], keys=[], _rowList.size()=0], SCOPEDCONTENTCONDITION=org.dbunit.dataset.DefaultTable[_metaData=tableName=ScopedContentCondition, columns=[(name, UNKNOWN, nullableUnknown), (description, UNKNOWN, nullableUnknown), (operator, UNKNOWN, nullableUnknown), (id, UNKNOWN, nullableUnknown), (timeStamp, UNKNOWN, nullableUnknown)], keys=[], _rowList.size()=1]}, _caseSensitiveTableNames=false]]) - start
193671 [main] DEBUG org.dbunit.dataset.AbstractDataSet  - getTableMetaData(tableName=AUTHORITY) - start
193671 [main] DEBUG org.dbunit.dataset.AbstractDataSet  - getTable(tableName=AUTHORITY) - start
193671 [main] DEBUG org.dbunit.dataset.AbstractDataSet  - initialize() - start
193671 [main] DEBUG org.dbunit.dataset.AbstractDataSet  - The table name map has already been initialized.
193671 [main] DEBUG org.dbunit.dataset.OrderedTableNameMap  - getTableName(tableName=AUTHORITY) - start
193671 [main] DEBUG org.dbunit.dataset.OrderedTableNameMap  - getTableName(tableName=AUTHORITY) - end - result=AUTHORITY
193671 [main] DEBUG org.dbunit.dataset.AbstractDataSet  - getTableMetaData(tableName=CAPTION) - start
193671 [main] DEBUG org.dbunit.dataset.AbstractDataSet  - getTable(tableName=CAPTION) - start
193672 [main] DEBUG org.dbunit.dataset.AbstractDataSet  - initialize() - start
193672 [main] DEBUG org.dbunit.dataset.AbstractDataSet  - The table name map has already been initialized.
193672 [main] DEBUG org.dbunit.dataset.OrderedTableNameMap  - getTableName(tableName=CAPTION) - start
193672 [main] DEBUG org.dbunit.dataset.OrderedTableNameMap  - getTableName(tableName=CAPTION) - end - result=CAPTION
193672 [main] DEBUG org.dbunit.dataset.AbstractDataSet  - getTableMetaData(tableName=SCOPEDCONTENTCONDITION) - start
193672 [main] DEBUG org.dbunit.dataset.AbstractDataSet  - getTable(tableName=SCOPEDCONTENTCONDITION) - start
193672 [main] DEBUG org.dbunit.dataset.AbstractDataSet  - initialize() - start
193672 [main] DEBUG org.dbunit.dataset.AbstractDataSet  - The table name map has already been initialized.
193672 [main] DEBUG org.dbunit.dataset.OrderedTableNameMap  - getTableName(tableName=SCOPEDCONTENTCONDITION) - start
193672 [main] DEBUG org.dbunit.dataset.OrderedTableNameMap  - getTableName(tableName=SCOPEDCONTENTCONDITION) - end - result=SCOPEDCONTENTCONDITION
193672 [main] DEBUG org.dbunit.dataset.AbstractDataSet  - getTableMetaData(tableName=NESTEDSCOPEDCONTENTCONDITIONS) - start
193672 [main] DEBUG org.dbunit.dataset.AbstractDataSet  - getTable(tableName=NESTEDSCOPEDCONTENTCONDITIONS) - start
193672 [main] DEBUG org.dbunit.dataset.AbstractDataSet  - initialize() - start
193673 [main] DEBUG org.dbunit.dataset.AbstractDataSet  - The table name map has already been initialized.
193673 [main] DEBUG org.dbunit.dataset.OrderedTableNameMap  - getTableName(tableName=NESTEDSCOPEDCONTENTCONDITIONS) - start
193673 [main] DEBUG org.dbunit.dataset.OrderedTableNameMap  - getTableName(tableName=NESTEDSCOPEDCONTENTCONDITIONS) - end - result=NESTEDSCOPEDCONTENTCONDITIONS
193673 [main] DEBUG org.dbunit.dataset.AbstractDataSet  - getTableMetaData(tableName=REQUESTCONTEXT) - start
193673 [main] DEBUG org.dbunit.dataset.AbstractDataSet  - getTable(tableName=REQUESTCONTEXT) - start
193673 [main] DEBUG org.dbunit.dataset.AbstractDataSet  - initialize() - start
193673 [main] DEBUG org.dbunit.dataset.AbstractDataSet  - The table name map has already been initialized.
193673 [main] DEBUG org.dbunit.dataset.OrderedTableNameMap  - getTableName(tableName=REQUESTCONTEXT) - start
193673 [main] DEBUG org.dbunit.dataset.OrderedTableNameMap  - getTableName(tableName=REQUESTCONTEXT) - end - result=REQUESTCONTEXT
193673 [main] DEBUG org.dbunit.dataset.AbstractDataSet  - getTableMetaData(tableName=SCOPE) - start
193673 [main] DEBUG org.dbunit.dataset.AbstractDataSet  - getTable(tableName=SCOPE) - start
193673 [main] DEBUG org.dbunit.dataset.AbstractDataSet  - initialize() - start
193674 [main] DEBUG org.dbunit.dataset.AbstractDataSet  - The table name map has already been initialized.
193674 [main] DEBUG org.dbunit.dataset.OrderedTableNameMap  - getTableName(tableName=SCOPE) - start
193674 [main] DEBUG org.dbunit.dataset.OrderedTableNameMap  - getTableName(tableName=SCOPE) - end - result=SCOPE
193674 [main] DEBUG org.dbunit.dataset.AbstractDataSet  - getTableMetaData(tableName=SCOPEDCONTENT) - start
193674 [main] DEBUG org.dbunit.dataset.AbstractDataSet  - getTable(tableName=SCOPEDCONTENT) - start
193674 [main] DEBUG org.dbunit.dataset.AbstractDataSet  - initialize() - start
193674 [main] DEBUG org.dbunit.dataset.AbstractDataSet  - The table name map has already been initialized.
193674 [main] DEBUG org.dbunit.dataset.OrderedTableNameMap  - getTableName(tableName=SCOPEDCONTENT) - start
193674 [main] DEBUG org.dbunit.dataset.OrderedTableNameMap  - getTableName(tableName=SCOPEDCONTENT) - end - result=SCOPEDCONTENT
193674 [main] DEBUG org.dbunit.dataset.AbstractDataSet  - getTableMetaData(tableName=SCOPEDCONTENTCONDITIONATTRIBUTE) - start
193674 [main] DEBUG org.dbunit.dataset.AbstractDataSet  - getTable(tableName=SCOPEDCONTENTCONDITIONATTRIBUTE) - start
193674 [main] DEBUG org.dbunit.dataset.AbstractDataSet  - initialize() - start
193674 [main] DEBUG org.dbunit.dataset.AbstractDataSet  - The table name map has already been initialized.
193674 [main] DEBUG org.dbunit.dataset.OrderedTableNameMap  - getTableName(tableName=SCOPEDCONTENTCONDITIONATTRIBUTE) - start
193674 [main] DEBUG org.dbunit.dataset.OrderedTableNameMap  - getTableName(tableName=SCOPEDCONTENTCONDITIONATTRIBUTE) - end - result=SCOPEDCONTENTCONDITIONATTRIBUTE
193674 [main] DEBUG org.dbunit.dataset.AbstractDataSet  - getTableMetaData(tableName=SCOPEDCONTENTCONDITIONS_SCOPEDCONTENT) - start
193674 [main] DEBUG org.dbunit.dataset.AbstractDataSet  - getTable(tableName=SCOPEDCONTENTCONDITIONS_SCOPEDCONTENT) - start
193674 [main] DEBUG org.dbunit.dataset.AbstractDataSet  - initialize() - start
193674 [main] DEBUG org.dbunit.dataset.AbstractDataSet  - The table name map has already been initialized.
193674 [main] DEBUG org.dbunit.dataset.OrderedTableNameMap  - getTableName(tableName=SCOPEDCONTENTCONDITIONS_SCOPEDCONTENT) - start
193674 [main] DEBUG org.dbunit.dataset.OrderedTableNameMap  - getTableName(tableName=SCOPEDCONTENTCONDITIONS_SCOPEDCONTENT) - end - result=SCOPEDCONTENTCONDITIONS_SCOPEDCONTENT
193674 [main] DEBUG org.dbunit.dataset.AbstractDataSet  - getTableMetaData(tableName=SCOPEDCONTENTITEM) - start
193674 [main] DEBUG org.dbunit.dataset.AbstractDataSet  - getTable(tableName=SCOPEDCONTENTITEM) - start
193674 [main] DEBUG org.dbunit.dataset.AbstractDataSet  - initialize() - start
193674 [main] DEBUG org.dbunit.dataset.AbstractDataSet  - The table name map has already been initialized.
193674 [main] DEBUG org.dbunit.dataset.OrderedTableNameMap  - getTableName(tableName=SCOPEDCONTENTITEM) - start
193674 [main] DEBUG org.dbunit.dataset.OrderedTableNameMap  - getTableName(tableName=SCOPEDCONTENTITEM) - end - result=SCOPEDCONTENTITEM
193674 [main] DEBUG org.dbunit.dataset.AbstractDataSet  - getTableMetaData(tableName=SCOPEDCONTENTCONDITIONS_SCOPEDCONTENTITEM) - start
193674 [main] DEBUG org.dbunit.dataset.AbstractDataSet  - getTable(tableName=SCOPEDCONTENTCONDITIONS_SCOPEDCONTENTITEM) - start
193674 [main] DEBUG org.dbunit.dataset.AbstractDataSet  - initialize() - start
193674 [main] DEBUG org.dbunit.dataset.AbstractDataSet  - The table name map has already been initialized.
193674 [main] DEBUG org.dbunit.dataset.OrderedTableNameMap  - getTableName(tableName=SCOPEDCONTENTCONDITIONS_SCOPEDCONTENTITEM) - start
193674 [main] DEBUG org.dbunit.dataset.OrderedTableNameMap  - getTableName(tableName=SCOPEDCONTENTCONDITIONS_SCOPEDCONTENTITEM) - end - result=SCOPEDCONTENTCONDITIONS_SCOPEDCONTENTITEM
193674 [main] DEBUG org.dbunit.dataset.AbstractDataSet  - getTableMetaData(tableName=SCOPEDCONTENT_SCOPEDCONTENTITEM) - start
193675 [main] DEBUG org.dbunit.dataset.AbstractDataSet  - getTable(tableName=SCOPEDCONTENT_SCOPEDCONTENTITEM) - start
193675 [main] DEBUG org.dbunit.dataset.AbstractDataSet  - initialize() - start
193675 [main] DEBUG org.dbunit.dataset.AbstractDataSet  - The table name map has already been initialized.
193675 [main] DEBUG org.dbunit.dataset.OrderedTableNameMap  - getTableName(tableName=SCOPEDCONTENT_SCOPEDCONTENTITEM) - start
193675 [main] DEBUG org.dbunit.dataset.OrderedTableNameMap  - getTableName(tableName=SCOPEDCONTENT_SCOPEDCONTENTITEM) - end - result=SCOPEDCONTENT_SCOPEDCONTENTITEM
193675 [main] DEBUG org.dbunit.dataset.AbstractDataSet  - getTableMetaData(tableName=SCOPE_REQUESTCONTEXT) - start
193675 [main] DEBUG org.dbunit.dataset.AbstractDataSet  - getTable(tableName=SCOPE_REQUESTCONTEXT) - start
193675 [main] DEBUG org.dbunit.dataset.AbstractDataSet  - initialize() - start
193675 [main] DEBUG org.dbunit.dataset.AbstractDataSet  - The table name map has already been initialized.
193675 [main] DEBUG org.dbunit.dataset.OrderedTableNameMap  - getTableName(tableName=SCOPE_REQUESTCONTEXT) - start
193675 [main] DEBUG org.dbunit.dataset.OrderedTableNameMap  - getTableName(tableName=SCOPE_REQUESTCONTEXT) - end - result=SCOPE_REQUESTCONTEXT
193675 [main] DEBUG org.dbunit.dataset.AbstractDataSet  - getTableMetaData(tableName=USER) - start
193675 [main] DEBUG org.dbunit.dataset.AbstractDataSet  - getTable(tableName=USER) - start
193675 [main] DEBUG org.dbunit.dataset.AbstractDataSet  - initialize() - start
193675 [main] DEBUG org.dbunit.dataset.AbstractDataSet  - The table name map has already been initialized.
193675 [main] DEBUG org.dbunit.dataset.OrderedTableNameMap  - getTableName(tableName=USER) - start
193675 [main] DEBUG org.dbunit.dataset.OrderedTableNameMap  - getTableName(tableName=USER) - end - result=USER
193675 [main] DEBUG org.dbunit.dataset.AbstractDataSet  - getTableMetaData(tableName=USERS_AUTHORITIES) - start
193675 [main] DEBUG org.dbunit.dataset.AbstractDataSet  - getTable(tableName=USERS_AUTHORITIES) - start
193675 [main] DEBUG org.dbunit.dataset.AbstractDataSet  - initialize() - start
193675 [main] DEBUG org.dbunit.dataset.AbstractDataSet  - The table name map has already been initialized.
193675 [main] DEBUG org.dbunit.dataset.OrderedTableNameMap  - getTableName(tableName=USERS_AUTHORITIES) - start
193675 [main] DEBUG org.dbunit.dataset.OrderedTableNameMap  - getTableName(tableName=USERS_AUTHORITIES) - end - result=USERS_AUTHORITIES
193675 [main] DEBUG org.dbunit.dataset.filter.SequenceTableIterator  - next() - start
193675 [main] DEBUG org.dbunit.dataset.filter.SequenceTableIterator  - getTable() - start
193675 [main] DEBUG org.dbunit.dataset.AbstractDataSet  - getTable(tableName=Authority) - start
193675 [main] DEBUG org.dbunit.dataset.AbstractDataSet  - initialize() - start
193675 [main] DEBUG org.dbunit.dataset.AbstractDataSet  - The table name map has already been initialized.
193675 [main] DEBUG org.dbunit.dataset.OrderedTableNameMap  - getTableName(tableName=Authority) - start
193675 [main] DEBUG org.dbunit.dataset.OrderedTableNameMap  - getTableName(tableName=Authority) - end - result=AUTHORITY
193676 [main] TRACE org.dbunit.operation.AbstractBatchOperation  - execute: processing table='Authority'
193676 [main] DEBUG org.dbunit.operation.AbstractBatchOperation  - isEmpty(table=org.dbunit.dataset.DefaultTable[_metaData=tableName=Authority, columns=[], keys=[], _rowList.size()=0]) - start
193676 [main] DEBUG org.dbunit.dataset.filter.SequenceTableIterator  - next() - start
193676 [main] DEBUG org.dbunit.dataset.filter.SequenceTableIterator  - getTable() - start
193676 [main] DEBUG org.dbunit.dataset.AbstractDataSet  - getTable(tableName=Caption) - start
193676 [main] DEBUG org.dbunit.dataset.AbstractDataSet  - initialize() - start
193676 [main] DEBUG org.dbunit.dataset.AbstractDataSet  - The table name map has already been initialized.
193676 [main] DEBUG org.dbunit.dataset.OrderedTableNameMap  - getTableName(tableName=Caption) - start
193676 [main] DEBUG org.dbunit.dataset.OrderedTableNameMap  - getTableName(tableName=Caption) - end - result=CAPTION
193676 [main] TRACE org.dbunit.operation.AbstractBatchOperation  - execute: processing table='Caption'
193676 [main] DEBUG org.dbunit.operation.AbstractBatchOperation  - isEmpty(table=org.dbunit.dataset.DefaultTable[_metaData=tableName=Caption, columns=[], keys=[], _rowList.size()=0]) - start
193676 [main] DEBUG org.dbunit.dataset.filter.SequenceTableIterator  - next() - start
193676 [main] DEBUG org.dbunit.dataset.filter.SequenceTableIterator  - getTable() - start
193676 [main] DEBUG org.dbunit.dataset.AbstractDataSet  - getTable(tableName=ScopedContentCondition) - start
193676 [main] DEBUG org.dbunit.dataset.AbstractDataSet  - initialize() - start
193676 [main] DEBUG org.dbunit.dataset.AbstractDataSet  - The table name map has already been initialized.
193676 [main] DEBUG org.dbunit.dataset.OrderedTableNameMap  - getTableName(tableName=ScopedContentCondition) - start
193676 [main] DEBUG org.dbunit.dataset.OrderedTableNameMap  - getTableName(tableName=ScopedContentCondition) - end - result=SCOPEDCONTENTCONDITION
193676 [main] TRACE org.dbunit.operation.AbstractBatchOperation  - execute: processing table='ScopedContentCondition'
193676 [main] DEBUG org.dbunit.operation.AbstractBatchOperation  - isEmpty(table=org.dbunit.dataset.DefaultTable[_metaData=tableName=ScopedContentCondition, columns=[(name, UNKNOWN, nullableUnknown), (description, UNKNOWN, nullableUnknown), (operator, UNKNOWN, nullableUnknown), (id, UNKNOWN, nullableUnknown), (timeStamp, UNKNOWN, nullableUnknown)], keys=[], _rowList.size()=1]) - start
193676 [main] DEBUG org.dbunit.dataset.DefaultTable  - getValue(row=0, column=name) - start
193676 [main] DEBUG org.dbunit.dataset.AbstractTable  - assertValidRowIndex(row=0) - start
193676 [main] DEBUG org.dbunit.dataset.AbstractTable  - assertValidRowIndex(row=0, rowCount=1) - start
193676 [main] DEBUG org.dbunit.dataset.AbstractTable  - getColumnIndex(columnName=name) - start
193676 [main] DEBUG org.dbunit.dataset.AbstractTableMetaData  - getColumnIndex(columnName=name) - start
193677 [main] DEBUG org.dbunit.operation.AbstractOperation  - getOperationMetaData(connection=_databaseConfig=org.dbunit.database.DatabaseConfig[, _propertyMap={http://www.dbunit.org/properties/statementFactory=org.dbunit.database.statement.PreparedStatementFactory@626bc2b8, http://www.dbunit.org/features/caseSensitiveTableNames=false, http://www.dbunit.org/properties/fetchSize=100, http://www.dbunit.org/features/batchedStatements=false, http://www.dbunit.org/properties/metadataHandler=org.dbunit.database.DefaultMetadataHandler@3eeace42, http://www.dbunit.org/properties/datatypeFactory=org.dbunit.dataset.datatype.DefaultDataTypeFactory[_toleratedDeltaMap=org.dbunit.dataset.datatype.ToleratedDeltaMap@6452310a], http://www.dbunit.org/properties/escapePattern=null, http://www.dbunit.org/properties/batchSize=100, http://www.dbunit.org/features/qualifiedTableNames=false, http://www.dbunit.org/properties/tableType=[Ljava.lang.String;@5011bafa, http://www.dbunit.org/properties/resultSetTableFactory=org.dbunit.database.CachedResultSetTableFactory@10bcf083, http://www.dbunit.org/features/datatypeWarning=true}], _dataSet=AbstractDataSet[_orderedTableNameMap=null], metaData=tableName=ScopedContentCondition, columns=[(name, UNKNOWN, nullableUnknown), (description, UNKNOWN, nullableUnknown), (operator, UNKNOWN, nullableUnknown), (id, UNKNOWN, nullableUnknown), (timeStamp, UNKNOWN, nullableUnknown)], keys=[]) - start
193677 [main] DEBUG org.dbunit.database.AbstractDatabaseConnection  - createDataSet() - start
193677 [main] DEBUG org.dbunit.database.DatabaseDataSet  - getTableMetaData(tableName=ScopedContentCondition) - start
193677 [main] DEBUG org.dbunit.database.DatabaseDataSet  - initialize() - start
193677 [main] DEBUG org.dbunit.dataset.OrderedTableNameMap  - getTableName(tableName=ScopedContentCondition) - start
193677 [main] DEBUG org.dbunit.dataset.OrderedTableNameMap  - getTableName(tableName=ScopedContentCondition) - end - result=SCOPEDCONTENTCONDITION
193677 [main] DEBUG org.dbunit.dataset.OrderedTableNameMap  - getTableName(tableName=ScopedContentCondition) - start
193677 [main] DEBUG org.dbunit.dataset.OrderedTableNameMap  - getTableName(tableName=ScopedContentCondition) - end - result=SCOPEDCONTENTCONDITION
193677 [main] DEBUG org.dbunit.dataset.AbstractTableMetaData  - getColumnIndex(columnName=name) - start
193677 [main] DEBUG org.dbunit.database.DatabaseTableMetaData  - getColumns() - start
193677 [main] DEBUG org.dbunit.database.DatabaseTableMetaData  - getColumns() - start
193677 [main] DEBUG org.dbunit.dataset.AbstractTableMetaData  - getColumnIndex(columnName=description) - start
193677 [main] DEBUG org.dbunit.database.DatabaseTableMetaData  - getColumns() - start
193677 [main] DEBUG org.dbunit.dataset.AbstractTableMetaData  - getColumnIndex(columnName=operator) - start
193677 [main] DEBUG org.dbunit.database.DatabaseTableMetaData  - getColumns() - start
193677 [main] DEBUG org.dbunit.dataset.AbstractTableMetaData  - getColumnIndex(columnName=id) - start
193677 [main] DEBUG org.dbunit.database.DatabaseTableMetaData  - getColumns() - start
193677 [main] DEBUG org.dbunit.dataset.AbstractTableMetaData  - getColumnIndex(columnName=timeStamp) - start
193677 [main] DEBUG org.dbunit.database.DatabaseTableMetaData  - getColumns() - start
193677 [main] DEBUG org.dbunit.database.DatabaseTableMetaData  - getPrimaryKeys() - start
193677 [main] TRACE org.dbunit.database.DatabaseConfig  - getProperty(name=http://www.dbunit.org/properties/primaryKeyFilter) - start
193677 [main] DEBUG org.dbunit.operation.InsertOperation  - getIgnoreMapping(table=org.dbunit.dataset.DefaultTable[_metaData=tableName=ScopedContentCondition, columns=[(name, UNKNOWN, nullableUnknown), (description, UNKNOWN, nullableUnknown), (operator, UNKNOWN, nullableUnknown), (id, UNKNOWN, nullableUnknown), (timeStamp, UNKNOWN, nullableUnknown)], keys=[], _rowList.size()=1], row=0) - start
193677 [main] DEBUG org.dbunit.dataset.DefaultTable  - getValue(row=0, column=name) - start
193677 [main] DEBUG org.dbunit.dataset.AbstractTable  - assertValidRowIndex(row=0) - start
193677 [main] DEBUG org.dbunit.dataset.AbstractTable  - assertValidRowIndex(row=0, rowCount=1) - start
193677 [main] DEBUG org.dbunit.dataset.AbstractTable  - getColumnIndex(columnName=name) - start
193677 [main] DEBUG org.dbunit.dataset.AbstractTableMetaData  - getColumnIndex(columnName=name) - start
193678 [main] DEBUG org.dbunit.dataset.DefaultTable  - getValue(row=0, column=description) - start
193678 [main] DEBUG org.dbunit.dataset.AbstractTable  - assertValidRowIndex(row=0) - start
193678 [main] DEBUG org.dbunit.dataset.AbstractTable  - assertValidRowIndex(row=0, rowCount=1) - start
193678 [main] DEBUG org.dbunit.dataset.AbstractTable  - getColumnIndex(columnName=description) - start
193678 [main] DEBUG org.dbunit.dataset.AbstractTableMetaData  - getColumnIndex(columnName=description) - start
193678 [main] DEBUG org.dbunit.dataset.DefaultTable  - getValue(row=0, column=operator) - start
193678 [main] DEBUG org.dbunit.dataset.AbstractTable  - assertValidRowIndex(row=0) - start
193678 [main] DEBUG org.dbunit.dataset.AbstractTable  - assertValidRowIndex(row=0, rowCount=1) - start
193678 [main] DEBUG org.dbunit.dataset.AbstractTable  - getColumnIndex(columnName=operator) - start
193678 [main] DEBUG org.dbunit.dataset.AbstractTableMetaData  - getColumnIndex(columnName=operator) - start
193678 [main] DEBUG org.dbunit.dataset.DefaultTable  - getValue(row=0, column=id) - start
193678 [main] DEBUG org.dbunit.dataset.AbstractTable  - assertValidRowIndex(row=0) - start
193678 [main] DEBUG org.dbunit.dataset.AbstractTable  - assertValidRowIndex(row=0, rowCount=1) - start
193678 [main] DEBUG org.dbunit.dataset.AbstractTable  - getColumnIndex(columnName=id) - start
193678 [main] DEBUG org.dbunit.dataset.AbstractTableMetaData  - getColumnIndex(columnName=id) - start
193678 [main] DEBUG org.dbunit.dataset.DefaultTable  - getValue(row=0, column=timeStamp) - start
193678 [main] DEBUG org.dbunit.dataset.AbstractTable  - assertValidRowIndex(row=0) - start
193678 [main] DEBUG org.dbunit.dataset.AbstractTable  - assertValidRowIndex(row=0, rowCount=1) - start
193678 [main] DEBUG org.dbunit.dataset.AbstractTable  - getColumnIndex(columnName=timeStamp) - start
193678 [main] DEBUG org.dbunit.dataset.AbstractTableMetaData  - getColumnIndex(columnName=timeStamp) - start
193678 [main] DEBUG org.dbunit.operation.InsertOperation  - getOperationData(metaData=tableName=SCOPEDCONTENTCONDITION, columns=[(NAME, VARCHAR, noNulls), (DESCRIPTION, VARCHAR, nullable), (OPERATOR, VARCHAR, noNulls), (ID, INTEGER, noNulls), (TIMESTAMP, TIMESTAMP, nullable)], keys=[(ID, INTEGER, noNulls)], ignoreMapping={}, connection=_databaseConfig=org.dbunit.database.DatabaseConfig[, _propertyMap={http://www.dbunit.org/properties/statementFactory=org.dbunit.database.statement.PreparedStatementFactory@626bc2b8, http://www.dbunit.org/features/caseSensitiveTableNames=false, http://www.dbunit.org/properties/fetchSize=100, http://www.dbunit.org/features/batchedStatements=false, http://www.dbunit.org/properties/metadataHandler=org.dbunit.database.DefaultMetadataHandler@3eeace42, http://www.dbunit.org/properties/datatypeFactory=org.dbunit.dataset.datatype.DefaultDataTypeFactory[_toleratedDeltaMap=org.dbunit.dataset.datatype.ToleratedDeltaMap@6452310a], http://www.dbunit.org/properties/escapePattern=null, http://www.dbunit.org/properties/batchSize=100, http://www.dbunit.org/features/qualifiedTableNames=false, http://www.dbunit.org/properties/tableType=[Ljava.lang.String;@5011bafa, http://www.dbunit.org/properties/resultSetTableFactory=org.dbunit.database.CachedResultSetTableFactory@10bcf083, http://www.dbunit.org/features/datatypeWarning=true}], _dataSet=AbstractDataSet[_orderedTableNameMap=null]) - start
193678 [main] DEBUG org.dbunit.operation.AbstractOperation  - getQualifiedName(prefix=null, name=SCOPEDCONTENTCONDITION, connection=_databaseConfig=org.dbunit.database.DatabaseConfig[, _propertyMap={http://www.dbunit.org/properties/statementFactory=org.dbunit.database.statement.PreparedStatementFactory@626bc2b8, http://www.dbunit.org/features/caseSensitiveTableNames=false, http://www.dbunit.org/properties/fetchSize=100, http://www.dbunit.org/features/batchedStatements=false, http://www.dbunit.org/properties/metadataHandler=org.dbunit.database.DefaultMetadataHandler@3eeace42, http://www.dbunit.org/properties/datatypeFactory=org.dbunit.dataset.datatype.DefaultDataTypeFactory[_toleratedDeltaMap=org.dbunit.dataset.datatype.ToleratedDeltaMap@6452310a], http://www.dbunit.org/properties/escapePattern=null, http://www.dbunit.org/properties/batchSize=100, http://www.dbunit.org/features/qualifiedTableNames=false, http://www.dbunit.org/properties/tableType=[Ljava.lang.String;@5011bafa, http://www.dbunit.org/properties/resultSetTableFactory=org.dbunit.database.CachedResultSetTableFactory@10bcf083, http://www.dbunit.org/features/datatypeWarning=true}], _dataSet=AbstractDataSet[_orderedTableNameMap=null]) - start
193678 [main] TRACE org.dbunit.database.DatabaseConfig  - getProperty(name=http://www.dbunit.org/properties/escapePattern) - start
193678 [main] DEBUG org.dbunit.util.QualifiedTableName  - getQualifiedName() - start
193678 [main] DEBUG org.dbunit.util.QualifiedTableName  - getQualifiedName(prefix=null, name=SCOPEDCONTENTCONDITION, escapePattern=null) - start
193679 [main] DEBUG org.dbunit.operation.AbstractOperation  - getQualifiedName(prefix=null, name=NAME, connection=_databaseConfig=org.dbunit.database.DatabaseConfig[, _propertyMap={http://www.dbunit.org/properties/statementFactory=org.dbunit.database.statement.PreparedStatementFactory@626bc2b8, http://www.dbunit.org/features/caseSensitiveTableNames=false, http://www.dbunit.org/properties/fetchSize=100, http://www.dbunit.org/features/batchedStatements=false, http://www.dbunit.org/properties/metadataHandler=org.dbunit.database.DefaultMetadataHandler@3eeace42, http://www.dbunit.org/properties/datatypeFactory=org.dbunit.dataset.datatype.DefaultDataTypeFactory[_toleratedDeltaMap=org.dbunit.dataset.datatype.ToleratedDeltaMap@6452310a], http://www.dbunit.org/properties/escapePattern=null, http://www.dbunit.org/properties/batchSize=100, http://www.dbunit.org/features/qualifiedTableNames=false, http://www.dbunit.org/properties/tableType=[Ljava.lang.String;@5011bafa, http://www.dbunit.org/properties/resultSetTableFactory=org.dbunit.database.CachedResultSetTableFactory@10bcf083, http://www.dbunit.org/features/datatypeWarning=true}], _dataSet=AbstractDataSet[_orderedTableNameMap=null]) - start
193679 [main] TRACE org.dbunit.database.DatabaseConfig  - getProperty(name=http://www.dbunit.org/properties/escapePattern) - start
193679 [main] DEBUG org.dbunit.util.QualifiedTableName  - getQualifiedName() - start
193679 [main] DEBUG org.dbunit.util.QualifiedTableName  - getQualifiedName(prefix=null, name=NAME, escapePattern=null) - start
193679 [main] DEBUG org.dbunit.operation.AbstractOperation  - getQualifiedName(prefix=null, name=DESCRIPTION, connection=_databaseConfig=org.dbunit.database.DatabaseConfig[, _propertyMap={http://www.dbunit.org/properties/statementFactory=org.dbunit.database.statement.PreparedStatementFactory@626bc2b8, http://www.dbunit.org/features/caseSensitiveTableNames=false, http://www.dbunit.org/properties/fetchSize=100, http://www.dbunit.org/features/batchedStatements=false, http://www.dbunit.org/properties/metadataHandler=org.dbunit.database.DefaultMetadataHandler@3eeace42, http://www.dbunit.org/properties/datatypeFactory=org.dbunit.dataset.datatype.DefaultDataTypeFactory[_toleratedDeltaMap=org.dbunit.dataset.datatype.ToleratedDeltaMap@6452310a], http://www.dbunit.org/properties/escapePattern=null, http://www.dbunit.org/properties/batchSize=100, http://www.dbunit.org/features/qualifiedTableNames=false, http://www.dbunit.org/properties/tableType=[Ljava.lang.String;@5011bafa, http://www.dbunit.org/properties/resultSetTableFactory=org.dbunit.database.CachedResultSetTableFactory@10bcf083, http://www.dbunit.org/features/datatypeWarning=true}], _dataSet=AbstractDataSet[_orderedTableNameMap=null]) - start
193679 [main] TRACE org.dbunit.database.DatabaseConfig  - getProperty(name=http://www.dbunit.org/properties/escapePattern) - start
193679 [main] DEBUG org.dbunit.util.QualifiedTableName  - getQualifiedName() - start
193679 [main] DEBUG org.dbunit.util.QualifiedTableName  - getQualifiedName(prefix=null, name=DESCRIPTION, escapePattern=null) - start
193679 [main] DEBUG org.dbunit.operation.AbstractOperation  - getQualifiedName(prefix=null, name=OPERATOR, connection=_databaseConfig=org.dbunit.database.DatabaseConfig[, _propertyMap={http://www.dbunit.org/properties/statementFactory=org.dbunit.database.statement.PreparedStatementFactory@626bc2b8, http://www.dbunit.org/features/caseSensitiveTableNames=false, http://www.dbunit.org/properties/fetchSize=100, http://www.dbunit.org/features/batchedStatements=false, http://www.dbunit.org/properties/metadataHandler=org.dbunit.database.DefaultMetadataHandler@3eeace42, http://www.dbunit.org/properties/datatypeFactory=org.dbunit.dataset.datatype.DefaultDataTypeFactory[_toleratedDeltaMap=org.dbunit.dataset.datatype.ToleratedDeltaMap@6452310a], http://www.dbunit.org/properties/escapePattern=null, http://www.dbunit.org/properties/batchSize=100, http://www.dbunit.org/features/qualifiedTableNames=false, http://www.dbunit.org/properties/tableType=[Ljava.lang.String;@5011bafa, http://www.dbunit.org/properties/resultSetTableFactory=org.dbunit.database.CachedResultSetTableFactory@10bcf083, http://www.dbunit.org/features/datatypeWarning=true}], _dataSet=AbstractDataSet[_orderedTableNameMap=null]) - start
193679 [main] TRACE org.dbunit.database.DatabaseConfig  - getProperty(name=http://www.dbunit.org/properties/escapePattern) - start
193679 [main] DEBUG org.dbunit.util.QualifiedTableName  - getQualifiedName() - start
193679 [main] DEBUG org.dbunit.util.QualifiedTableName  - getQualifiedName(prefix=null, name=OPERATOR, escapePattern=null) - start
193679 [main] DEBUG org.dbunit.operation.AbstractOperation  - getQualifiedName(prefix=null, name=ID, connection=_databaseConfig=org.dbunit.database.DatabaseConfig[, _propertyMap={http://www.dbunit.org/properties/statementFactory=org.dbunit.database.statement.PreparedStatementFactory@626bc2b8, http://www.dbunit.org/features/caseSensitiveTableNames=false, http://www.dbunit.org/properties/fetchSize=100, http://www.dbunit.org/features/batchedStatements=false, http://www.dbunit.org/properties/metadataHandler=org.dbunit.database.DefaultMetadataHandler@3eeace42, http://www.dbunit.org/properties/datatypeFactory=org.dbunit.dataset.datatype.DefaultDataTypeFactory[_toleratedDeltaMap=org.dbunit.dataset.datatype.ToleratedDeltaMap@6452310a], http://www.dbunit.org/properties/escapePattern=null, http://www.dbunit.org/properties/batchSize=100, http://www.dbunit.org/features/qualifiedTableNames=false, http://www.dbunit.org/properties/tableType=[Ljava.lang.String;@5011bafa, http://www.dbunit.org/properties/resultSetTableFactory=org.dbunit.database.CachedResultSetTableFactory@10bcf083, http://www.dbunit.org/features/datatypeWarning=true}], _dataSet=AbstractDataSet[_orderedTableNameMap=null]) - start
193679 [main] TRACE org.dbunit.database.DatabaseConfig  - getProperty(name=http://www.dbunit.org/properties/escapePattern) - start
193679 [main] DEBUG org.dbunit.util.QualifiedTableName  - getQualifiedName() - start
193679 [main] DEBUG org.dbunit.util.QualifiedTableName  - getQualifiedName(prefix=null, name=ID, escapePattern=null) - start
193679 [main] DEBUG org.dbunit.operation.AbstractOperation  - getQualifiedName(prefix=null, name=TIMESTAMP, connection=_databaseConfig=org.dbunit.database.DatabaseConfig[, _propertyMap={http://www.dbunit.org/properties/statementFactory=org.dbunit.database.statement.PreparedStatementFactory@626bc2b8, http://www.dbunit.org/features/caseSensitiveTableNames=false, http://www.dbunit.org/properties/fetchSize=100, http://www.dbunit.org/features/batchedStatements=false, http://www.dbunit.org/properties/metadataHandler=org.dbunit.database.DefaultMetadataHandler@3eeace42, http://www.dbunit.org/properties/datatypeFactory=org.dbunit.dataset.datatype.DefaultDataTypeFactory[_toleratedDeltaMap=org.dbunit.dataset.datatype.ToleratedDeltaMap@6452310a], http://www.dbunit.org/properties/escapePattern=null, http://www.dbunit.org/properties/batchSize=100, http://www.dbunit.org/features/qualifiedTableNames=false, http://www.dbunit.org/properties/tableType=[Ljava.lang.String;@5011bafa, http://www.dbunit.org/properties/resultSetTableFactory=org.dbunit.database.CachedResultSetTableFactory@10bcf083, http://www.dbunit.org/features/datatypeWarning=true}], _dataSet=AbstractDataSet[_orderedTableNameMap=null]) - start
193679 [main] TRACE org.dbunit.database.DatabaseConfig  - getProperty(name=http://www.dbunit.org/properties/escapePattern) - start
193679 [main] DEBUG org.dbunit.util.QualifiedTableName  - getQualifiedName() - start
193679 [main] DEBUG org.dbunit.util.QualifiedTableName  - getQualifiedName(prefix=null, name=TIMESTAMP, escapePattern=null) - start
193679 [main] DEBUG org.dbunit.database.statement.PreparedStatementFactory  - createPreparedBatchStatement(sql=insert into SCOPEDCONTENTCONDITION (NAME, DESCRIPTION, OPERATOR, ID, TIMESTAMP) values (?, ?, ?, ?, ?), connection=_databaseConfig=org.dbunit.database.DatabaseConfig[, _propertyMap={http://www.dbunit.org/properties/statementFactory=org.dbunit.database.statement.PreparedStatementFactory@626bc2b8, http://www.dbunit.org/features/caseSensitiveTableNames=false, http://www.dbunit.org/properties/fetchSize=100, http://www.dbunit.org/features/batchedStatements=false, http://www.dbunit.org/properties/metadataHandler=org.dbunit.database.DefaultMetadataHandler@3eeace42, http://www.dbunit.org/properties/datatypeFactory=org.dbunit.dataset.datatype.DefaultDataTypeFactory[_toleratedDeltaMap=org.dbunit.dataset.datatype.ToleratedDeltaMap@6452310a], http://www.dbunit.org/properties/escapePattern=null, http://www.dbunit.org/properties/batchSize=100, http://www.dbunit.org/features/qualifiedTableNames=false, http://www.dbunit.org/properties/tableType=[Ljava.lang.String;@5011bafa, http://www.dbunit.org/properties/resultSetTableFactory=org.dbunit.database.CachedResultSetTableFactory@10bcf083, http://www.dbunit.org/features/datatypeWarning=true}], _dataSet=AbstractDataSet[_orderedTableNameMap=null]) - start
193680 [main] TRACE org.dbunit.database.DatabaseConfig  - getProperty(name=http://www.dbunit.org/properties/batchSize) - start
193680 [main] DEBUG org.dbunit.database.statement.AbstractStatementFactory  - supportBatchStatement(connection=_databaseConfig=org.dbunit.database.DatabaseConfig[, _propertyMap={http://www.dbunit.org/properties/statementFactory=org.dbunit.database.statement.PreparedStatementFactory@626bc2b8, http://www.dbunit.org/features/caseSensitiveTableNames=false, http://www.dbunit.org/properties/fetchSize=100, http://www.dbunit.org/features/batchedStatements=false, http://www.dbunit.org/properties/metadataHandler=org.dbunit.database.DefaultMetadataHandler@3eeace42, http://www.dbunit.org/properties/datatypeFactory=org.dbunit.dataset.datatype.DefaultDataTypeFactory[_toleratedDeltaMap=org.dbunit.dataset.datatype.ToleratedDeltaMap@6452310a], http://www.dbunit.org/properties/escapePattern=null, http://www.dbunit.org/properties/batchSize=100, http://www.dbunit.org/features/qualifiedTableNames=false, http://www.dbunit.org/properties/tableType=[Ljava.lang.String;@5011bafa, http://www.dbunit.org/properties/resultSetTableFactory=org.dbunit.database.CachedResultSetTableFactory@10bcf083, http://www.dbunit.org/features/datatypeWarning=true}], _dataSet=AbstractDataSet[_orderedTableNameMap=null]) - start
193680 [main] TRACE org.dbunit.database.DatabaseConfig  - getFeature(name=http://www.dbunit.org/features/batchedStatements) - start
193680 [main] TRACE org.dbunit.database.DatabaseConfig  - getProperty(name=http://www.dbunit.org/features/batchedStatements) - start
193680 [main] DEBUG org.dbunit.database.DatabaseDataSourceConnection  - getConnection() - start
193680 [main] DEBUG org.dbunit.dataset.DefaultTable  - getValue(row=0, column=NAME) - start
193680 [main] DEBUG org.dbunit.dataset.AbstractTable  - assertValidRowIndex(row=0) - start
193680 [main] DEBUG org.dbunit.dataset.AbstractTable  - assertValidRowIndex(row=0, rowCount=1) - start
193680 [main] DEBUG org.dbunit.dataset.AbstractTable  - getColumnIndex(columnName=NAME) - start
193680 [main] DEBUG org.dbunit.dataset.AbstractTableMetaData  - getColumnIndex(columnName=NAME) - start
193680 [main] DEBUG org.dbunit.database.statement.AutomaticPreparedBatchStatement  - addValue(value=3, dataType=VARCHAR) - start
193680 [main] DEBUG org.dbunit.database.statement.SimplePreparedStatement  - addValue(value=3, dataType=VARCHAR) - start
193680 [main] DEBUG org.dbunit.dataset.datatype.StringDataType  - setSqlValue(value=3, column=1, statement=org.hsqldb.jdbc.JDBCPreparedStatement@2eb29cb0[sql=[insert into SCOPEDCONTENTCONDITION (NAME, DESCRIPTION, OPERATOR, ID, TIMESTAMP) values (?, ?, ?, ?, ?)], parameters=[[null], [null], [null], [null], [null]]]) - start
193680 [main] DEBUG org.dbunit.dataset.datatype.DataType  - asString(value=3) - start
193680 [main] DEBUG org.dbunit.dataset.datatype.StringDataType  - typeCast(value=3) - start
193681 [main] DEBUG org.dbunit.dataset.DefaultTable  - getValue(row=0, column=DESCRIPTION) - start
193681 [main] DEBUG org.dbunit.dataset.AbstractTable  - assertValidRowIndex(row=0) - start
193681 [main] DEBUG org.dbunit.dataset.AbstractTable  - assertValidRowIndex(row=0, rowCount=1) - start
193681 [main] DEBUG org.dbunit.dataset.AbstractTable  - getColumnIndex(columnName=DESCRIPTION) - start
193681 [main] DEBUG org.dbunit.dataset.AbstractTableMetaData  - getColumnIndex(columnName=DESCRIPTION) - start
193681 [main] DEBUG org.dbunit.database.statement.AutomaticPreparedBatchStatement  - addValue(value=4, dataType=VARCHAR) - start
193681 [main] DEBUG org.dbunit.database.statement.SimplePreparedStatement  - addValue(value=4, dataType=VARCHAR) - start
193681 [main] DEBUG org.dbunit.dataset.datatype.StringDataType  - setSqlValue(value=4, column=2, statement=org.hsqldb.jdbc.JDBCPreparedStatement@2eb29cb0[sql=[insert into SCOPEDCONTENTCONDITION (NAME, DESCRIPTION, OPERATOR, ID, TIMESTAMP) values (?, ?, ?, ?, ?)], parameters=[[3], [null], [null], [null], [null]]]) - start
193681 [main] DEBUG org.dbunit.dataset.datatype.DataType  - asString(value=4) - start
193681 [main] DEBUG org.dbunit.dataset.datatype.StringDataType  - typeCast(value=4) - start
193681 [main] DEBUG org.dbunit.dataset.DefaultTable  - getValue(row=0, column=OPERATOR) - start
193681 [main] DEBUG org.dbunit.dataset.AbstractTable  - assertValidRowIndex(row=0) - start
193681 [main] DEBUG org.dbunit.dataset.AbstractTable  - assertValidRowIndex(row=0, rowCount=1) - start
193681 [main] DEBUG org.dbunit.dataset.AbstractTable  - getColumnIndex(columnName=OPERATOR) - start
193681 [main] DEBUG org.dbunit.dataset.AbstractTableMetaData  - getColumnIndex(columnName=OPERATOR) - start
193681 [main] DEBUG org.dbunit.database.statement.AutomaticPreparedBatchStatement  - addValue(value=And, dataType=VARCHAR) - start
193681 [main] DEBUG org.dbunit.database.statement.SimplePreparedStatement  - addValue(value=And, dataType=VARCHAR) - start
193681 [main] DEBUG org.dbunit.dataset.datatype.StringDataType  - setSqlValue(value=And, column=3, statement=org.hsqldb.jdbc.JDBCPreparedStatement@2eb29cb0[sql=[insert into SCOPEDCONTENTCONDITION (NAME, DESCRIPTION, OPERATOR, ID, TIMESTAMP) values (?, ?, ?, ?, ?)], parameters=[[3], [4], [null], [null], [null]]]) - start
193681 [main] DEBUG org.dbunit.dataset.datatype.DataType  - asString(value=And) - start
193681 [main] DEBUG org.dbunit.dataset.datatype.StringDataType  - typeCast(value=And) - start
193681 [main] WARN  org.dbunit.dataset.datatype.StringDataType  - Unknown/unsupported object type 'com.tmt.kontroll.content.persistence.selections.ConditionalOperator' - will invoke toString() as last fallback which might produce undesired results
193681 [main] DEBUG org.dbunit.dataset.DefaultTable  - getValue(row=0, column=ID) - start
193681 [main] DEBUG org.dbunit.dataset.AbstractTable  - assertValidRowIndex(row=0) - start
193681 [main] DEBUG org.dbunit.dataset.AbstractTable  - assertValidRowIndex(row=0, rowCount=1) - start
193681 [main] DEBUG org.dbunit.dataset.AbstractTable  - getColumnIndex(columnName=ID) - start
193681 [main] DEBUG org.dbunit.dataset.AbstractTableMetaData  - getColumnIndex(columnName=ID) - start
193681 [main] DEBUG org.dbunit.database.statement.AutomaticPreparedBatchStatement  - addValue(value=1, dataType=INTEGER) - start
193681 [main] DEBUG org.dbunit.database.statement.SimplePreparedStatement  - addValue(value=1, dataType=INTEGER) - start
193681 [main] DEBUG org.dbunit.dataset.datatype.IntegerDataType  - setSqlValue(value=1, column=4, statement=org.hsqldb.jdbc.JDBCPreparedStatement@2eb29cb0[sql=[insert into SCOPEDCONTENTCONDITION (NAME, DESCRIPTION, OPERATOR, ID, TIMESTAMP) values (?, ?, ?, ?, ?)], parameters=[[3], [4], [And], [null], [null]]]) - start
193681 [main] DEBUG org.dbunit.dataset.datatype.IntegerDataType  - typeCast(value=1) - start
193681 [main] DEBUG org.dbunit.dataset.DefaultTable  - getValue(row=0, column=TIMESTAMP) - start
193682 [main] DEBUG org.dbunit.dataset.AbstractTable  - assertValidRowIndex(row=0) - start
193682 [main] DEBUG org.dbunit.dataset.AbstractTable  - assertValidRowIndex(row=0, rowCount=1) - start
193682 [main] DEBUG org.dbunit.dataset.AbstractTable  - getColumnIndex(columnName=TIMESTAMP) - start
193682 [main] DEBUG org.dbunit.dataset.AbstractTableMetaData  - getColumnIndex(columnName=TIMESTAMP) - start
193682 [main] DEBUG org.dbunit.database.statement.AutomaticPreparedBatchStatement  - addValue(value=2014-02-26 12:44:14.648, dataType=TIMESTAMP) - start
193682 [main] DEBUG org.dbunit.database.statement.SimplePreparedStatement  - addValue(value=2014-02-26 12:44:14.648, dataType=TIMESTAMP) - start
193682 [main] DEBUG org.dbunit.dataset.datatype.TimestampDataType  - setSqlValue(value=2014-02-26 12:44:14.648, column=5, statement=org.hsqldb.jdbc.JDBCPreparedStatement@2eb29cb0[sql=[insert into SCOPEDCONTENTCONDITION (NAME, DESCRIPTION, OPERATOR, ID, TIMESTAMP) values (?, ?, ?, ?, ?)], parameters=[[3], [4], [And], [1], [null]]]) - start
193682 [main] DEBUG org.dbunit.dataset.datatype.TimestampDataType  - typeCast(value=2014-02-26 12:44:14.648) - start
193682 [main] DEBUG org.dbunit.database.statement.AutomaticPreparedBatchStatement  - addBatch() - start
193682 [main] DEBUG org.dbunit.database.statement.SimplePreparedStatement  - addBatch() - start
193682 [main] DEBUG org.dbunit.operation.InsertOperation  - equalsIgnoreMapping(ignoreMapping={}, table=org.dbunit.dataset.DefaultTable[_metaData=tableName=ScopedContentCondition, columns=[(name, UNKNOWN, nullableUnknown), (description, UNKNOWN, nullableUnknown), (operator, UNKNOWN, nullableUnknown), (id, UNKNOWN, nullableUnknown), (timeStamp, UNKNOWN, nullableUnknown)], keys=[], _rowList.size()=1], row=1) - start
193682 [main] DEBUG org.dbunit.dataset.DefaultTable  - getValue(row=1, column=name) - start
193682 [main] DEBUG org.dbunit.dataset.AbstractTable  - assertValidRowIndex(row=1) - start
193682 [main] DEBUG org.dbunit.dataset.AbstractTable  - assertValidRowIndex(row=1, rowCount=1) - start
193682 [main] DEBUG org.dbunit.database.statement.AutomaticPreparedBatchStatement  - executeBatch() - start
193682 [main] DEBUG org.dbunit.database.statement.SimplePreparedStatement  - executeBatch() - start
193682 [main] DEBUG org.dbunit.database.statement.SimplePreparedStatement  - clearBatch() - start
193682 [main] DEBUG org.dbunit.database.statement.AutomaticPreparedBatchStatement  - clearBatch() - start
193683 [main] DEBUG org.dbunit.database.statement.SimplePreparedStatement  - clearBatch() - start
193683 [main] DEBUG org.dbunit.database.statement.AutomaticPreparedBatchStatement  - close() - start
193683 [main] DEBUG org.dbunit.database.statement.AbstractPreparedBatchStatement  - close() - start
193683 [main] DEBUG org.dbunit.dataset.filter.SequenceTableIterator  - next() - start
193683 [main] DEBUG org.dbunit.dataset.filter.SequenceTableIterator  - getTable() - start
193683 [main] DEBUG org.dbunit.dataset.AbstractDataSet  - getTable(tableName=NestedScopedContentConditions) - start
193683 [main] DEBUG org.dbunit.dataset.AbstractDataSet  - initialize() - start
193683 [main] DEBUG org.dbunit.dataset.AbstractDataSet  - The table name map has already been initialized.
193683 [main] DEBUG org.dbunit.dataset.OrderedTableNameMap  - getTableName(tableName=NestedScopedContentConditions) - start
193683 [main] DEBUG org.dbunit.dataset.OrderedTableNameMap  - getTableName(tableName=NestedScopedContentConditions) - end - result=NESTEDSCOPEDCONTENTCONDITIONS
193683 [main] TRACE org.dbunit.operation.AbstractBatchOperation  - execute: processing table='NestedScopedContentConditions'
193683 [main] DEBUG org.dbunit.operation.AbstractBatchOperation  - isEmpty(table=org.dbunit.dataset.DefaultTable[_metaData=tableName=NestedScopedContentConditions, columns=[], keys=[], _rowList.size()=0]) - start
193683 [main] DEBUG org.dbunit.dataset.filter.SequenceTableIterator  - next() - start
193683 [main] DEBUG org.dbunit.dataset.filter.SequenceTableIterator  - getTable() - start
193683 [main] DEBUG org.dbunit.dataset.AbstractDataSet  - getTable(tableName=RequestContext) - start
193683 [main] DEBUG org.dbunit.dataset.AbstractDataSet  - initialize() - start
193683 [main] DEBUG org.dbunit.dataset.AbstractDataSet  - The table name map has already been initialized.
193683 [main] DEBUG org.dbunit.dataset.OrderedTableNameMap  - getTableName(tableName=RequestContext) - start
193683 [main] DEBUG org.dbunit.dataset.OrderedTableNameMap  - getTableName(tableName=RequestContext) - end - result=REQUESTCONTEXT
193683 [main] TRACE org.dbunit.operation.AbstractBatchOperation  - execute: processing table='RequestContext'
193683 [main] DEBUG org.dbunit.operation.AbstractBatchOperation  - isEmpty(table=org.dbunit.dataset.DefaultTable[_metaData=tableName=RequestContext, columns=[], keys=[], _rowList.size()=0]) - start
193683 [main] DEBUG org.dbunit.dataset.filter.SequenceTableIterator  - next() - start
193683 [main] DEBUG org.dbunit.dataset.filter.SequenceTableIterator  - getTable() - start
193683 [main] DEBUG org.dbunit.dataset.AbstractDataSet  - getTable(tableName=Scope) - start
193683 [main] DEBUG org.dbunit.dataset.AbstractDataSet  - initialize() - start
193683 [main] DEBUG org.dbunit.dataset.AbstractDataSet  - The table name map has already been initialized.
193683 [main] DEBUG org.dbunit.dataset.OrderedTableNameMap  - getTableName(tableName=Scope) - start
193683 [main] DEBUG org.dbunit.dataset.OrderedTableNameMap  - getTableName(tableName=Scope) - end - result=SCOPE
193683 [main] TRACE org.dbunit.operation.AbstractBatchOperation  - execute: processing table='Scope'
193683 [main] DEBUG org.dbunit.operation.AbstractBatchOperation  - isEmpty(table=org.dbunit.dataset.DefaultTable[_metaData=tableName=Scope, columns=[], keys=[], _rowList.size()=0]) - start
193684 [main] DEBUG org.dbunit.dataset.filter.SequenceTableIterator  - next() - start
193684 [main] DEBUG org.dbunit.dataset.filter.SequenceTableIterator  - getTable() - start
193684 [main] DEBUG org.dbunit.dataset.AbstractDataSet  - getTable(tableName=ScopedContent) - start
193684 [main] DEBUG org.dbunit.dataset.AbstractDataSet  - initialize() - start
193684 [main] DEBUG org.dbunit.dataset.AbstractDataSet  - The table name map has already been initialized.
193684 [main] DEBUG org.dbunit.dataset.OrderedTableNameMap  - getTableName(tableName=ScopedContent) - start
193684 [main] DEBUG org.dbunit.dataset.OrderedTableNameMap  - getTableName(tableName=ScopedContent) - end - result=SCOPEDCONTENT
193684 [main] TRACE org.dbunit.operation.AbstractBatchOperation  - execute: processing table='ScopedContent'
193684 [main] DEBUG org.dbunit.operation.AbstractBatchOperation  - isEmpty(table=org.dbunit.dataset.DefaultTable[_metaData=tableName=ScopedContent, columns=[], keys=[], _rowList.size()=0]) - start
193684 [main] DEBUG org.dbunit.dataset.filter.SequenceTableIterator  - next() - start
193684 [main] DEBUG org.dbunit.dataset.filter.SequenceTableIterator  - getTable() - start
193684 [main] DEBUG org.dbunit.dataset.AbstractDataSet  - getTable(tableName=ScopedContentConditionAttribute) - start
193684 [main] DEBUG org.dbunit.dataset.AbstractDataSet  - initialize() - start
193684 [main] DEBUG org.dbunit.dataset.AbstractDataSet  - The table name map has already been initialized.
193684 [main] DEBUG org.dbunit.dataset.OrderedTableNameMap  - getTableName(tableName=ScopedContentConditionAttribute) - start
193684 [main] DEBUG org.dbunit.dataset.OrderedTableNameMap  - getTableName(tableName=ScopedContentConditionAttribute) - end - result=SCOPEDCONTENTCONDITIONATTRIBUTE
193684 [main] TRACE org.dbunit.operation.AbstractBatchOperation  - execute: processing table='ScopedContentConditionAttribute'
193684 [main] DEBUG org.dbunit.operation.AbstractBatchOperation  - isEmpty(table=org.dbunit.dataset.DefaultTable[_metaData=tableName=ScopedContentConditionAttribute, columns=[(key, UNKNOWN, nullableUnknown), (checkOrder, UNKNOWN, nullableUnknown), (className, UNKNOWN, nullableUnknown), (valuePath, UNKNOWN, nullableUnknown), (operator, UNKNOWN, nullableUnknown), (expectedValue, UNKNOWN, nullableUnknown), (expectedValueType, UNKNOWN, nullableUnknown), (scopedContentCondition, UNKNOWN, nullableUnknown), (id, UNKNOWN, nullableUnknown), (timeStamp, UNKNOWN, nullableUnknown)], keys=[], _rowList.size()=1]) - start
193684 [main] DEBUG org.dbunit.dataset.DefaultTable  - getValue(row=0, column=key) - start
193684 [main] DEBUG org.dbunit.dataset.AbstractTable  - assertValidRowIndex(row=0) - start
193684 [main] DEBUG org.dbunit.dataset.AbstractTable  - assertValidRowIndex(row=0, rowCount=1) - start
193684 [main] DEBUG org.dbunit.dataset.AbstractTable  - getColumnIndex(columnName=key) - start
193684 [main] DEBUG org.dbunit.dataset.AbstractTableMetaData  - getColumnIndex(columnName=key) - start
193684 [main] DEBUG org.dbunit.operation.AbstractOperation  - getOperationMetaData(connection=_databaseConfig=org.dbunit.database.DatabaseConfig[, _propertyMap={http://www.dbunit.org/properties/statementFactory=org.dbunit.database.statement.PreparedStatementFactory@626bc2b8, http://www.dbunit.org/features/caseSensitiveTableNames=false, http://www.dbunit.org/properties/fetchSize=100, http://www.dbunit.org/features/batchedStatements=false, http://www.dbunit.org/properties/metadataHandler=org.dbunit.database.DefaultMetadataHandler@3eeace42, http://www.dbunit.org/properties/datatypeFactory=org.dbunit.dataset.datatype.DefaultDataTypeFactory[_toleratedDeltaMap=org.dbunit.dataset.datatype.ToleratedDeltaMap@6452310a], http://www.dbunit.org/properties/escapePattern=null, http://www.dbunit.org/properties/batchSize=100, http://www.dbunit.org/features/qualifiedTableNames=false, http://www.dbunit.org/properties/tableType=[Ljava.lang.String;@5011bafa, http://www.dbunit.org/properties/resultSetTableFactory=org.dbunit.database.CachedResultSetTableFactory@10bcf083, http://www.dbunit.org/features/datatypeWarning=true}], _dataSet=AbstractDataSet[_orderedTableNameMap=null], metaData=tableName=ScopedContentConditionAttribute, columns=[(key, UNKNOWN, nullableUnknown), (checkOrder, UNKNOWN, nullableUnknown), (className, UNKNOWN, nullableUnknown), (valuePath, UNKNOWN, nullableUnknown), (operator, UNKNOWN, nullableUnknown), (expectedValue, UNKNOWN, nullableUnknown), (expectedValueType, UNKNOWN, nullableUnknown), (scopedContentCondition, UNKNOWN, nullableUnknown), (id, UNKNOWN, nullableUnknown), (timeStamp, UNKNOWN, nullableUnknown)], keys=[]) - start
193685 [main] DEBUG org.dbunit.database.AbstractDatabaseConnection  - createDataSet() - start
193685 [main] DEBUG org.dbunit.database.DatabaseDataSet  - getTableMetaData(tableName=ScopedContentConditionAttribute) - start
193685 [main] DEBUG org.dbunit.database.DatabaseDataSet  - initialize() - start
193685 [main] DEBUG org.dbunit.dataset.OrderedTableNameMap  - getTableName(tableName=ScopedContentConditionAttribute) - start
193685 [main] DEBUG org.dbunit.dataset.OrderedTableNameMap  - getTableName(tableName=ScopedContentConditionAttribute) - end - result=SCOPEDCONTENTCONDITIONATTRIBUTE
193685 [main] DEBUG org.dbunit.dataset.OrderedTableNameMap  - getTableName(tableName=ScopedContentConditionAttribute) - start
193685 [main] DEBUG org.dbunit.dataset.OrderedTableNameMap  - getTableName(tableName=ScopedContentConditionAttribute) - end - result=SCOPEDCONTENTCONDITIONATTRIBUTE
193685 [main] DEBUG org.dbunit.dataset.AbstractTableMetaData  - getColumnIndex(columnName=key) - start
193685 [main] DEBUG org.dbunit.database.DatabaseTableMetaData  - getColumns() - start
193685 [main] DEBUG org.dbunit.database.DatabaseTableMetaData  - getColumns() - start
193685 [main] DEBUG org.dbunit.dataset.AbstractTableMetaData  - getColumnIndex(columnName=checkOrder) - start
193685 [main] DEBUG org.dbunit.database.DatabaseTableMetaData  - getColumns() - start
193685 [main] DEBUG org.dbunit.dataset.AbstractTableMetaData  - getColumnIndex(columnName=className) - start
193685 [main] DEBUG org.dbunit.database.DatabaseTableMetaData  - getColumns() - start
193685 [main] DEBUG org.dbunit.dataset.AbstractTableMetaData  - getColumnIndex(columnName=valuePath) - start
193685 [main] DEBUG org.dbunit.database.DatabaseTableMetaData  - getColumns() - start
193685 [main] DEBUG org.dbunit.dataset.AbstractTableMetaData  - getColumnIndex(columnName=operator) - start
193685 [main] DEBUG org.dbunit.database.DatabaseTableMetaData  - getColumns() - start
193685 [main] DEBUG org.dbunit.dataset.AbstractTableMetaData  - getColumnIndex(columnName=expectedValue) - start
193685 [main] DEBUG org.dbunit.database.DatabaseTableMetaData  - getColumns() - start
193685 [main] DEBUG org.dbunit.dataset.AbstractTableMetaData  - getColumnIndex(columnName=expectedValueType) - start
193685 [main] DEBUG org.dbunit.database.DatabaseTableMetaData  - getColumns() - start
193685 [main] DEBUG org.dbunit.dataset.AbstractTableMetaData  - getColumnIndex(columnName=scopedContentCondition) - start
193686 [main] DEBUG org.dbunit.database.DatabaseTableMetaData  - getColumns() - start
193686 [main] DEBUG org.dbunit.dataset.AbstractTableMetaData  - getColumnIndex(columnName=id) - start
193686 [main] DEBUG org.dbunit.database.DatabaseTableMetaData  - getColumns() - start
193686 [main] DEBUG org.dbunit.dataset.AbstractTableMetaData  - getColumnIndex(columnName=timeStamp) - start
193686 [main] DEBUG org.dbunit.database.DatabaseTableMetaData  - getColumns() - start
193686 [main] DEBUG org.dbunit.database.DatabaseTableMetaData  - getPrimaryKeys() - start
193686 [main] TRACE org.dbunit.database.DatabaseConfig  - getProperty(name=http://www.dbunit.org/properties/primaryKeyFilter) - start
193686 [main] DEBUG org.dbunit.operation.InsertOperation  - getIgnoreMapping(table=org.dbunit.dataset.DefaultTable[_metaData=tableName=ScopedContentConditionAttribute, columns=[(key, UNKNOWN, nullableUnknown), (checkOrder, UNKNOWN, nullableUnknown), (className, UNKNOWN, nullableUnknown), (valuePath, UNKNOWN, nullableUnknown), (operator, UNKNOWN, nullableUnknown), (expectedValue, UNKNOWN, nullableUnknown), (expectedValueType, UNKNOWN, nullableUnknown), (scopedContentCondition, UNKNOWN, nullableUnknown), (id, UNKNOWN, nullableUnknown), (timeStamp, UNKNOWN, nullableUnknown)], keys=[], _rowList.size()=1], row=0) - start
193686 [main] DEBUG org.dbunit.dataset.DefaultTable  - getValue(row=0, column=key) - start
193686 [main] DEBUG org.dbunit.dataset.AbstractTable  - assertValidRowIndex(row=0) - start
193686 [main] DEBUG org.dbunit.dataset.AbstractTable  - assertValidRowIndex(row=0, rowCount=1) - start
193686 [main] DEBUG org.dbunit.dataset.AbstractTable  - getColumnIndex(columnName=key) - start
193686 [main] DEBUG org.dbunit.dataset.AbstractTableMetaData  - getColumnIndex(columnName=key) - start
193686 [main] DEBUG org.dbunit.dataset.DefaultTable  - getValue(row=0, column=checkOrder) - start
193686 [main] DEBUG org.dbunit.dataset.AbstractTable  - assertValidRowIndex(row=0) - start
193686 [main] DEBUG org.dbunit.dataset.AbstractTable  - assertValidRowIndex(row=0, rowCount=1) - start
193686 [main] DEBUG org.dbunit.dataset.AbstractTable  - getColumnIndex(columnName=checkOrder) - start
193686 [main] DEBUG org.dbunit.dataset.AbstractTableMetaData  - getColumnIndex(columnName=checkOrder) - start
193686 [main] DEBUG org.dbunit.dataset.DefaultTable  - getValue(row=0, column=className) - start
193686 [main] DEBUG org.dbunit.dataset.AbstractTable  - assertValidRowIndex(row=0) - start
193686 [main] DEBUG org.dbunit.dataset.AbstractTable  - assertValidRowIndex(row=0, rowCount=1) - start
193686 [main] DEBUG org.dbunit.dataset.AbstractTable  - getColumnIndex(columnName=className) - start
193686 [main] DEBUG org.dbunit.dataset.AbstractTableMetaData  - getColumnIndex(columnName=className) - start
193686 [main] DEBUG org.dbunit.dataset.DefaultTable  - getValue(row=0, column=valuePath) - start
193686 [main] DEBUG org.dbunit.dataset.AbstractTable  - assertValidRowIndex(row=0) - start
193686 [main] DEBUG org.dbunit.dataset.AbstractTable  - assertValidRowIndex(row=0, rowCount=1) - start
193686 [main] DEBUG org.dbunit.dataset.AbstractTable  - getColumnIndex(columnName=valuePath) - start
193687 [main] DEBUG org.dbunit.dataset.AbstractTableMetaData  - getColumnIndex(columnName=valuePath) - start
193687 [main] DEBUG org.dbunit.dataset.DefaultTable  - getValue(row=0, column=operator) - start
193687 [main] DEBUG org.dbunit.dataset.AbstractTable  - assertValidRowIndex(row=0) - start
193687 [main] DEBUG org.dbunit.dataset.AbstractTable  - assertValidRowIndex(row=0, rowCount=1) - start
193687 [main] DEBUG org.dbunit.dataset.AbstractTable  - getColumnIndex(columnName=operator) - start
193687 [main] DEBUG org.dbunit.dataset.AbstractTableMetaData  - getColumnIndex(columnName=operator) - start
193687 [main] DEBUG org.dbunit.dataset.DefaultTable  - getValue(row=0, column=expectedValue) - start
193687 [main] DEBUG org.dbunit.dataset.AbstractTable  - assertValidRowIndex(row=0) - start
193687 [main] DEBUG org.dbunit.dataset.AbstractTable  - assertValidRowIndex(row=0, rowCount=1) - start
193687 [main] DEBUG org.dbunit.dataset.AbstractTable  - getColumnIndex(columnName=expectedValue) - start
193687 [main] DEBUG org.dbunit.dataset.AbstractTableMetaData  - getColumnIndex(columnName=expectedValue) - start
193687 [main] DEBUG org.dbunit.dataset.DefaultTable  - getValue(row=0, column=expectedValueType) - start
193687 [main] DEBUG org.dbunit.dataset.AbstractTable  - assertValidRowIndex(row=0) - start
193687 [main] DEBUG org.dbunit.dataset.AbstractTable  - assertValidRowIndex(row=0, rowCount=1) - start
193687 [main] DEBUG org.dbunit.dataset.AbstractTable  - getColumnIndex(columnName=expectedValueType) - start
193687 [main] DEBUG org.dbunit.dataset.AbstractTableMetaData  - getColumnIndex(columnName=expectedValueType) - start
193687 [main] DEBUG org.dbunit.dataset.DefaultTable  - getValue(row=0, column=scopedContentCondition) - start
193687 [main] DEBUG org.dbunit.dataset.AbstractTable  - assertValidRowIndex(row=0) - start
193687 [main] DEBUG org.dbunit.dataset.AbstractTable  - assertValidRowIndex(row=0, rowCount=1) - start
193687 [main] DEBUG org.dbunit.dataset.AbstractTable  - getColumnIndex(columnName=scopedContentCondition) - start
193687 [main] DEBUG org.dbunit.dataset.AbstractTableMetaData  - getColumnIndex(columnName=scopedContentCondition) - start
193687 [main] DEBUG org.dbunit.dataset.DefaultTable  - getValue(row=0, column=id) - start
193687 [main] DEBUG org.dbunit.dataset.AbstractTable  - assertValidRowIndex(row=0) - start
193687 [main] DEBUG org.dbunit.dataset.AbstractTable  - assertValidRowIndex(row=0, rowCount=1) - start
193687 [main] DEBUG org.dbunit.dataset.AbstractTable  - getColumnIndex(columnName=id) - start
193687 [main] DEBUG org.dbunit.dataset.AbstractTableMetaData  - getColumnIndex(columnName=id) - start
193687 [main] DEBUG org.dbunit.dataset.DefaultTable  - getValue(row=0, column=timeStamp) - start
193687 [main] DEBUG org.dbunit.dataset.AbstractTable  - assertValidRowIndex(row=0) - start
193687 [main] DEBUG org.dbunit.dataset.AbstractTable  - assertValidRowIndex(row=0, rowCount=1) - start
193687 [main] DEBUG org.dbunit.dataset.AbstractTable  - getColumnIndex(columnName=timeStamp) - start
193687 [main] DEBUG org.dbunit.dataset.AbstractTableMetaData  - getColumnIndex(columnName=timeStamp) - start
193688 [main] DEBUG org.dbunit.operation.InsertOperation  - getOperationData(metaData=tableName=SCOPEDCONTENTCONDITIONATTRIBUTE, columns=[(KEY, VARCHAR, noNulls), (CHECKORDER, INTEGER, noNulls), (CLASSNAME, VARCHAR, noNulls), (VALUEPATH, VARCHAR, noNulls), (OPERATOR, VARCHAR, noNulls), (EXPECTEDVALUE, VARCHAR, noNulls), (EXPECTEDVALUETYPE, VARCHAR, noNulls), (SCOPEDCONTENTCONDITION, INTEGER, noNulls), (ID, INTEGER, noNulls), (TIMESTAMP, TIMESTAMP, nullable)], keys=[(ID, INTEGER, noNulls)], ignoreMapping={}, connection=_databaseConfig=org.dbunit.database.DatabaseConfig[, _propertyMap={http://www.dbunit.org/properties/statementFactory=org.dbunit.database.statement.PreparedStatementFactory@626bc2b8, http://www.dbunit.org/features/caseSensitiveTableNames=false, http://www.dbunit.org/properties/fetchSize=100, http://www.dbunit.org/features/batchedStatements=false, http://www.dbunit.org/properties/metadataHandler=org.dbunit.database.DefaultMetadataHandler@3eeace42, http://www.dbunit.org/properties/datatypeFactory=org.dbunit.dataset.datatype.DefaultDataTypeFactory[_toleratedDeltaMap=org.dbunit.dataset.datatype.ToleratedDeltaMap@6452310a], http://www.dbunit.org/properties/escapePattern=null, http://www.dbunit.org/properties/batchSize=100, http://www.dbunit.org/features/qualifiedTableNames=false, http://www.dbunit.org/properties/tableType=[Ljava.lang.String;@5011bafa, http://www.dbunit.org/properties/resultSetTableFactory=org.dbunit.database.CachedResultSetTableFactory@10bcf083, http://www.dbunit.org/features/datatypeWarning=true}], _dataSet=AbstractDataSet[_orderedTableNameMap=null]) - start
193688 [main] DEBUG org.dbunit.operation.AbstractOperation  - getQualifiedName(prefix=null, name=SCOPEDCONTENTCONDITIONATTRIBUTE, connection=_databaseConfig=org.dbunit.database.DatabaseConfig[, _propertyMap={http://www.dbunit.org/properties/statementFactory=org.dbunit.database.statement.PreparedStatementFactory@626bc2b8, http://www.dbunit.org/features/caseSensitiveTableNames=false, http://www.dbunit.org/properties/fetchSize=100, http://www.dbunit.org/features/batchedStatements=false, http://www.dbunit.org/properties/metadataHandler=org.dbunit.database.DefaultMetadataHandler@3eeace42, http://www.dbunit.org/properties/datatypeFactory=org.dbunit.dataset.datatype.DefaultDataTypeFactory[_toleratedDeltaMap=org.dbunit.dataset.datatype.ToleratedDeltaMap@6452310a], http://www.dbunit.org/properties/escapePattern=null, http://www.dbunit.org/properties/batchSize=100, http://www.dbunit.org/features/qualifiedTableNames=false, http://www.dbunit.org/properties/tableType=[Ljava.lang.String;@5011bafa, http://www.dbunit.org/properties/resultSetTableFactory=org.dbunit.database.CachedResultSetTableFactory@10bcf083, http://www.dbunit.org/features/datatypeWarning=true}], _dataSet=AbstractDataSet[_orderedTableNameMap=null]) - start
193688 [main] TRACE org.dbunit.database.DatabaseConfig  - getProperty(name=http://www.dbunit.org/properties/escapePattern) - start
193688 [main] DEBUG org.dbunit.util.QualifiedTableName  - getQualifiedName() - start
193688 [main] DEBUG org.dbunit.util.QualifiedTableName  - getQualifiedName(prefix=null, name=SCOPEDCONTENTCONDITIONATTRIBUTE, escapePattern=null) - start
193688 [main] DEBUG org.dbunit.operation.AbstractOperation  - getQualifiedName(prefix=null, name=KEY, connection=_databaseConfig=org.dbunit.database.DatabaseConfig[, _propertyMap={http://www.dbunit.org/properties/statementFactory=org.dbunit.database.statement.PreparedStatementFactory@626bc2b8, http://www.dbunit.org/features/caseSensitiveTableNames=false, http://www.dbunit.org/properties/fetchSize=100, http://www.dbunit.org/features/batchedStatements=false, http://www.dbunit.org/properties/metadataHandler=org.dbunit.database.DefaultMetadataHandler@3eeace42, http://www.dbunit.org/properties/datatypeFactory=org.dbunit.dataset.datatype.DefaultDataTypeFactory[_toleratedDeltaMap=org.dbunit.dataset.datatype.ToleratedDeltaMap@6452310a], http://www.dbunit.org/properties/escapePattern=null, http://www.dbunit.org/properties/batchSize=100, http://www.dbunit.org/features/qualifiedTableNames=false, http://www.dbunit.org/properties/tableType=[Ljava.lang.String;@5011bafa, http://www.dbunit.org/properties/resultSetTableFactory=org.dbunit.database.CachedResultSetTableFactory@10bcf083, http://www.dbunit.org/features/datatypeWarning=true}], _dataSet=AbstractDataSet[_orderedTableNameMap=null]) - start
193688 [main] TRACE org.dbunit.database.DatabaseConfig  - getProperty(name=http://www.dbunit.org/properties/escapePattern) - start
193688 [main] DEBUG org.dbunit.util.QualifiedTableName  - getQualifiedName() - start
193688 [main] DEBUG org.dbunit.util.QualifiedTableName  - getQualifiedName(prefix=null, name=KEY, escapePattern=null) - start
193688 [main] DEBUG org.dbunit.operation.AbstractOperation  - getQualifiedName(prefix=null, name=CHECKORDER, connection=_databaseConfig=org.dbunit.database.DatabaseConfig[, _propertyMap={http://www.dbunit.org/properties/statementFactory=org.dbunit.database.statement.PreparedStatementFactory@626bc2b8, http://www.dbunit.org/features/caseSensitiveTableNames=false, http://www.dbunit.org/properties/fetchSize=100, http://www.dbunit.org/features/batchedStatements=false, http://www.dbunit.org/properties/metadataHandler=org.dbunit.database.DefaultMetadataHandler@3eeace42, http://www.dbunit.org/properties/datatypeFactory=org.dbunit.dataset.datatype.DefaultDataTypeFactory[_toleratedDeltaMap=org.dbunit.dataset.datatype.ToleratedDeltaMap@6452310a], http://www.dbunit.org/properties/escapePattern=null, http://www.dbunit.org/properties/batchSize=100, http://www.dbunit.org/features/qualifiedTableNames=false, http://www.dbunit.org/properties/tableType=[Ljava.lang.String;@5011bafa, http://www.dbunit.org/properties/resultSetTableFactory=org.dbunit.database.CachedResultSetTableFactory@10bcf083, http://www.dbunit.org/features/datatypeWarning=true}], _dataSet=AbstractDataSet[_orderedTableNameMap=null]) - start
193688 [main] TRACE org.dbunit.database.DatabaseConfig  - getProperty(name=http://www.dbunit.org/properties/escapePattern) - start
193688 [main] DEBUG org.dbunit.util.QualifiedTableName  - getQualifiedName() - start
193688 [main] DEBUG org.dbunit.util.QualifiedTableName  - getQualifiedName(prefix=null, name=CHECKORDER, escapePattern=null) - start
193688 [main] DEBUG org.dbunit.operation.AbstractOperation  - getQualifiedName(prefix=null, name=CLASSNAME, connection=_databaseConfig=org.dbunit.database.DatabaseConfig[, _propertyMap={http://www.dbunit.org/properties/statementFactory=org.dbunit.database.statement.PreparedStatementFactory@626bc2b8, http://www.dbunit.org/features/caseSensitiveTableNames=false, http://www.dbunit.org/properties/fetchSize=100, http://www.dbunit.org/features/batchedStatements=false, http://www.dbunit.org/properties/metadataHandler=org.dbunit.database.DefaultMetadataHandler@3eeace42, http://www.dbunit.org/properties/datatypeFactory=org.dbunit.dataset.datatype.DefaultDataTypeFactory[_toleratedDeltaMap=org.dbunit.dataset.datatype.ToleratedDeltaMap@6452310a], http://www.dbunit.org/properties/escapePattern=null, http://www.dbunit.org/properties/batchSize=100, http://www.dbunit.org/features/qualifiedTableNames=false, http://www.dbunit.org/properties/tableType=[Ljava.lang.String;@5011bafa, http://www.dbunit.org/properties/resultSetTableFactory=org.dbunit.database.CachedResultSetTableFactory@10bcf083, http://www.dbunit.org/features/datatypeWarning=true}], _dataSet=AbstractDataSet[_orderedTableNameMap=null]) - start
193688 [main] TRACE org.dbunit.database.DatabaseConfig  - getProperty(name=http://www.dbunit.org/properties/escapePattern) - start
193688 [main] DEBUG org.dbunit.util.QualifiedTableName  - getQualifiedName() - start
193689 [main] DEBUG org.dbunit.util.QualifiedTableName  - getQualifiedName(prefix=null, name=CLASSNAME, escapePattern=null) - start
193689 [main] DEBUG org.dbunit.operation.AbstractOperation  - getQualifiedName(prefix=null, name=VALUEPATH, connection=_databaseConfig=org.dbunit.database.DatabaseConfig[, _propertyMap={http://www.dbunit.org/properties/statementFactory=org.dbunit.database.statement.PreparedStatementFactory@626bc2b8, http://www.dbunit.org/features/caseSensitiveTableNames=false, http://www.dbunit.org/properties/fetchSize=100, http://www.dbunit.org/features/batchedStatements=false, http://www.dbunit.org/properties/metadataHandler=org.dbunit.database.DefaultMetadataHandler@3eeace42, http://www.dbunit.org/properties/datatypeFactory=org.dbunit.dataset.datatype.DefaultDataTypeFactory[_toleratedDeltaMap=org.dbunit.dataset.datatype.ToleratedDeltaMap@6452310a], http://www.dbunit.org/properties/escapePattern=null, http://www.dbunit.org/properties/batchSize=100, http://www.dbunit.org/features/qualifiedTableNames=false, http://www.dbunit.org/properties/tableType=[Ljava.lang.String;@5011bafa, http://www.dbunit.org/properties/resultSetTableFactory=org.dbunit.database.CachedResultSetTableFactory@10bcf083, http://www.dbunit.org/features/datatypeWarning=true}], _dataSet=AbstractDataSet[_orderedTableNameMap=null]) - start
193689 [main] TRACE org.dbunit.database.DatabaseConfig  - getProperty(name=http://www.dbunit.org/properties/escapePattern) - start
193689 [main] DEBUG org.dbunit.util.QualifiedTableName  - getQualifiedName() - start
193689 [main] DEBUG org.dbunit.util.QualifiedTableName  - getQualifiedName(prefix=null, name=VALUEPATH, escapePattern=null) - start
193689 [main] DEBUG org.dbunit.operation.AbstractOperation  - getQualifiedName(prefix=null, name=OPERATOR, connection=_databaseConfig=org.dbunit.database.DatabaseConfig[, _propertyMap={http://www.dbunit.org/properties/statementFactory=org.dbunit.database.statement.PreparedStatementFactory@626bc2b8, http://www.dbunit.org/features/caseSensitiveTableNames=false, http://www.dbunit.org/properties/fetchSize=100, http://www.dbunit.org/features/batchedStatements=false, http://www.dbunit.org/properties/metadataHandler=org.dbunit.database.DefaultMetadataHandler@3eeace42, http://www.dbunit.org/properties/datatypeFactory=org.dbunit.dataset.datatype.DefaultDataTypeFactory[_toleratedDeltaMap=org.dbunit.dataset.datatype.ToleratedDeltaMap@6452310a], http://www.dbunit.org/properties/escapePattern=null, http://www.dbunit.org/properties/batchSize=100, http://www.dbunit.org/features/qualifiedTableNames=false, http://www.dbunit.org/properties/tableType=[Ljava.lang.String;@5011bafa, http://www.dbunit.org/properties/resultSetTableFactory=org.dbunit.database.CachedResultSetTableFactory@10bcf083, http://www.dbunit.org/features/datatypeWarning=true}], _dataSet=AbstractDataSet[_orderedTableNameMap=null]) - start
193689 [main] TRACE org.dbunit.database.DatabaseConfig  - getProperty(name=http://www.dbunit.org/properties/escapePattern) - start
193689 [main] DEBUG org.dbunit.util.QualifiedTableName  - getQualifiedName() - start
193689 [main] DEBUG org.dbunit.util.QualifiedTableName  - getQualifiedName(prefix=null, name=OPERATOR, escapePattern=null) - start
193689 [main] DEBUG org.dbunit.operation.AbstractOperation  - getQualifiedName(prefix=null, name=EXPECTEDVALUE, connection=_databaseConfig=org.dbunit.database.DatabaseConfig[, _propertyMap={http://www.dbunit.org/properties/statementFactory=org.dbunit.database.statement.PreparedStatementFactory@626bc2b8, http://www.dbunit.org/features/caseSensitiveTableNames=false, http://www.dbunit.org/properties/fetchSize=100, http://www.dbunit.org/features/batchedStatements=false, http://www.dbunit.org/properties/metadataHandler=org.dbunit.database.DefaultMetadataHandler@3eeace42, http://www.dbunit.org/properties/datatypeFactory=org.dbunit.dataset.datatype.DefaultDataTypeFactory[_toleratedDeltaMap=org.dbunit.dataset.datatype.ToleratedDeltaMap@6452310a], http://www.dbunit.org/properties/escapePattern=null, http://www.dbunit.org/properties/batchSize=100, http://www.dbunit.org/features/qualifiedTableNames=false, http://www.dbunit.org/properties/tableType=[Ljava.lang.String;@5011bafa, http://www.dbunit.org/properties/resultSetTableFactory=org.dbunit.database.CachedResultSetTableFactory@10bcf083, http://www.dbunit.org/features/datatypeWarning=true}], _dataSet=AbstractDataSet[_orderedTableNameMap=null]) - start
193689 [main] TRACE org.dbunit.database.DatabaseConfig  - getProperty(name=http://www.dbunit.org/properties/escapePattern) - start
193689 [main] DEBUG org.dbunit.util.QualifiedTableName  - getQualifiedName() - start
193689 [main] DEBUG org.dbunit.util.QualifiedTableName  - getQualifiedName(prefix=null, name=EXPECTEDVALUE, escapePattern=null) - start
193689 [main] DEBUG org.dbunit.operation.AbstractOperation  - getQualifiedName(prefix=null, name=EXPECTEDVALUETYPE, connection=_databaseConfig=org.dbunit.database.DatabaseConfig[, _propertyMap={http://www.dbunit.org/properties/statementFactory=org.dbunit.database.statement.PreparedStatementFactory@626bc2b8, http://www.dbunit.org/features/caseSensitiveTableNames=false, http://www.dbunit.org/properties/fetchSize=100, http://www.dbunit.org/features/batchedStatements=false, http://www.dbunit.org/properties/metadataHandler=org.dbunit.database.DefaultMetadataHandler@3eeace42, http://www.dbunit.org/properties/datatypeFactory=org.dbunit.dataset.datatype.DefaultDataTypeFactory[_toleratedDeltaMap=org.dbunit.dataset.datatype.ToleratedDeltaMap@6452310a], http://www.dbunit.org/properties/escapePattern=null, http://www.dbunit.org/properties/batchSize=100, http://www.dbunit.org/features/qualifiedTableNames=false, http://www.dbunit.org/properties/tableType=[Ljava.lang.String;@5011bafa, http://www.dbunit.org/properties/resultSetTableFactory=org.dbunit.database.CachedResultSetTableFactory@10bcf083, http://www.dbunit.org/features/datatypeWarning=true}], _dataSet=AbstractDataSet[_orderedTableNameMap=null]) - start
193689 [main] TRACE org.dbunit.database.DatabaseConfig  - getProperty(name=http://www.dbunit.org/properties/escapePattern) - start
193689 [main] DEBUG org.dbunit.util.QualifiedTableName  - getQualifiedName() - start
193689 [main] DEBUG org.dbunit.util.QualifiedTableName  - getQualifiedName(prefix=null, name=EXPECTEDVALUETYPE, escapePattern=null) - start
193689 [main] DEBUG org.dbunit.operation.AbstractOperation  - getQualifiedName(prefix=null, name=SCOPEDCONTENTCONDITION, connection=_databaseConfig=org.dbunit.database.DatabaseConfig[, _propertyMap={http://www.dbunit.org/properties/statementFactory=org.dbunit.database.statement.PreparedStatementFactory@626bc2b8, http://www.dbunit.org/features/caseSensitiveTableNames=false, http://www.dbunit.org/properties/fetchSize=100, http://www.dbunit.org/features/batchedStatements=false, http://www.dbunit.org/properties/metadataHandler=org.dbunit.database.DefaultMetadataHandler@3eeace42, http://www.dbunit.org/properties/datatypeFactory=org.dbunit.dataset.datatype.DefaultDataTypeFactory[_toleratedDeltaMap=org.dbunit.dataset.datatype.ToleratedDeltaMap@6452310a], http://www.dbunit.org/properties/escapePattern=null, http://www.dbunit.org/properties/batchSize=100, http://www.dbunit.org/features/qualifiedTableNames=false, http://www.dbunit.org/properties/tableType=[Ljava.lang.String;@5011bafa, http://www.dbunit.org/properties/resultSetTableFactory=org.dbunit.database.CachedResultSetTableFactory@10bcf083, http://www.dbunit.org/features/datatypeWarning=true}], _dataSet=AbstractDataSet[_orderedTableNameMap=null]) - start
193689 [main] TRACE org.dbunit.database.DatabaseConfig  - getProperty(name=http://www.dbunit.org/properties/escapePattern) - start
193689 [main] DEBUG org.dbunit.util.QualifiedTableName  - getQualifiedName() - start
193689 [main] DEBUG org.dbunit.util.QualifiedTableName  - getQualifiedName(prefix=null, name=SCOPEDCONTENTCONDITION, escapePattern=null) - start
193690 [main] DEBUG org.dbunit.operation.AbstractOperation  - getQualifiedName(prefix=null, name=ID, connection=_databaseConfig=org.dbunit.database.DatabaseConfig[, _propertyMap={http://www.dbunit.org/properties/statementFactory=org.dbunit.database.statement.PreparedStatementFactory@626bc2b8, http://www.dbunit.org/features/caseSensitiveTableNames=false, http://www.dbunit.org/properties/fetchSize=100, http://www.dbunit.org/features/batchedStatements=false, http://www.dbunit.org/properties/metadataHandler=org.dbunit.database.DefaultMetadataHandler@3eeace42, http://www.dbunit.org/properties/datatypeFactory=org.dbunit.dataset.datatype.DefaultDataTypeFactory[_toleratedDeltaMap=org.dbunit.dataset.datatype.ToleratedDeltaMap@6452310a], http://www.dbunit.org/properties/escapePattern=null, http://www.dbunit.org/properties/batchSize=100, http://www.dbunit.org/features/qualifiedTableNames=false, http://www.dbunit.org/properties/tableType=[Ljava.lang.String;@5011bafa, http://www.dbunit.org/properties/resultSetTableFactory=org.dbunit.database.CachedResultSetTableFactory@10bcf083, http://www.dbunit.org/features/datatypeWarning=true}], _dataSet=AbstractDataSet[_orderedTableNameMap=null]) - start
193690 [main] TRACE org.dbunit.database.DatabaseConfig  - getProperty(name=http://www.dbunit.org/properties/escapePattern) - start
193690 [main] DEBUG org.dbunit.util.QualifiedTableName  - getQualifiedName() - start
193690 [main] DEBUG org.dbunit.util.QualifiedTableName  - getQualifiedName(prefix=null, name=ID, escapePattern=null) - start
193690 [main] DEBUG org.dbunit.operation.AbstractOperation  - getQualifiedName(prefix=null, name=TIMESTAMP, connection=_databaseConfig=org.dbunit.database.DatabaseConfig[, _propertyMap={http://www.dbunit.org/properties/statementFactory=org.dbunit.database.statement.PreparedStatementFactory@626bc2b8, http://www.dbunit.org/features/caseSensitiveTableNames=false, http://www.dbunit.org/properties/fetchSize=100, http://www.dbunit.org/features/batchedStatements=false, http://www.dbunit.org/properties/metadataHandler=org.dbunit.database.DefaultMetadataHandler@3eeace42, http://www.dbunit.org/properties/datatypeFactory=org.dbunit.dataset.datatype.DefaultDataTypeFactory[_toleratedDeltaMap=org.dbunit.dataset.datatype.ToleratedDeltaMap@6452310a], http://www.dbunit.org/properties/escapePattern=null, http://www.dbunit.org/properties/batchSize=100, http://www.dbunit.org/features/qualifiedTableNames=false, http://www.dbunit.org/properties/tableType=[Ljava.lang.String;@5011bafa, http://www.dbunit.org/properties/resultSetTableFactory=org.dbunit.database.CachedResultSetTableFactory@10bcf083, http://www.dbunit.org/features/datatypeWarning=true}], _dataSet=AbstractDataSet[_orderedTableNameMap=null]) - start
193690 [main] TRACE org.dbunit.database.DatabaseConfig  - getProperty(name=http://www.dbunit.org/properties/escapePattern) - start
193690 [main] DEBUG org.dbunit.util.QualifiedTableName  - getQualifiedName() - start
193690 [main] DEBUG org.dbunit.util.QualifiedTableName  - getQualifiedName(prefix=null, name=TIMESTAMP, escapePattern=null) - start
193690 [main] DEBUG org.dbunit.database.statement.PreparedStatementFactory  - createPreparedBatchStatement(sql=insert into SCOPEDCONTENTCONDITIONATTRIBUTE (KEY, CHECKORDER, CLASSNAME, VALUEPATH, OPERATOR, EXPECTEDVALUE, EXPECTEDVALUETYPE, SCOPEDCONTENTCONDITION, ID, TIMESTAMP) values (?, ?, ?, ?, ?, ?, ?, ?, ?, ?), connection=_databaseConfig=org.dbunit.database.DatabaseConfig[, _propertyMap={http://www.dbunit.org/properties/statementFactory=org.dbunit.database.statement.PreparedStatementFactory@626bc2b8, http://www.dbunit.org/features/caseSensitiveTableNames=false, http://www.dbunit.org/properties/fetchSize=100, http://www.dbunit.org/features/batchedStatements=false, http://www.dbunit.org/properties/metadataHandler=org.dbunit.database.DefaultMetadataHandler@3eeace42, http://www.dbunit.org/properties/datatypeFactory=org.dbunit.dataset.datatype.DefaultDataTypeFactory[_toleratedDeltaMap=org.dbunit.dataset.datatype.ToleratedDeltaMap@6452310a], http://www.dbunit.org/properties/escapePattern=null, http://www.dbunit.org/properties/batchSize=100, http://www.dbunit.org/features/qualifiedTableNames=false, http://www.dbunit.org/properties/tableType=[Ljava.lang.String;@5011bafa, http://www.dbunit.org/properties/resultSetTableFactory=org.dbunit.database.CachedResultSetTableFactory@10bcf083, http://www.dbunit.org/features/datatypeWarning=true}], _dataSet=AbstractDataSet[_orderedTableNameMap=null]) - start
193690 [main] TRACE org.dbunit.database.DatabaseConfig  - getProperty(name=http://www.dbunit.org/properties/batchSize) - start
193690 [main] DEBUG org.dbunit.database.statement.AbstractStatementFactory  - supportBatchStatement(connection=_databaseConfig=org.dbunit.database.DatabaseConfig[, _propertyMap={http://www.dbunit.org/properties/statementFactory=org.dbunit.database.statement.PreparedStatementFactory@626bc2b8, http://www.dbunit.org/features/caseSensitiveTableNames=false, http://www.dbunit.org/properties/fetchSize=100, http://www.dbunit.org/features/batchedStatements=false, http://www.dbunit.org/properties/metadataHandler=org.dbunit.database.DefaultMetadataHandler@3eeace42, http://www.dbunit.org/properties/datatypeFactory=org.dbunit.dataset.datatype.DefaultDataTypeFactory[_toleratedDeltaMap=org.dbunit.dataset.datatype.ToleratedDeltaMap@6452310a], http://www.dbunit.org/properties/escapePattern=null, http://www.dbunit.org/properties/batchSize=100, http://www.dbunit.org/features/qualifiedTableNames=false, http://www.dbunit.org/properties/tableType=[Ljava.lang.String;@5011bafa, http://www.dbunit.org/properties/resultSetTableFactory=org.dbunit.database.CachedResultSetTableFactory@10bcf083, http://www.dbunit.org/features/datatypeWarning=true}], _dataSet=AbstractDataSet[_orderedTableNameMap=null]) - start
193690 [main] TRACE org.dbunit.database.DatabaseConfig  - getFeature(name=http://www.dbunit.org/features/batchedStatements) - start
193690 [main] TRACE org.dbunit.database.DatabaseConfig  - getProperty(name=http://www.dbunit.org/features/batchedStatements) - start
193690 [main] DEBUG org.dbunit.database.DatabaseDataSourceConnection  - getConnection() - start
193690 [main] DEBUG org.dbunit.dataset.DefaultTable  - getValue(row=0, column=KEY) - start
193691 [main] DEBUG org.dbunit.dataset.AbstractTable  - assertValidRowIndex(row=0) - start
193691 [main] DEBUG org.dbunit.dataset.AbstractTable  - assertValidRowIndex(row=0, rowCount=1) - start
193691 [main] DEBUG org.dbunit.dataset.AbstractTable  - getColumnIndex(columnName=KEY) - start
193691 [main] DEBUG org.dbunit.dataset.AbstractTableMetaData  - getColumnIndex(columnName=KEY) - start
193691 [main] DEBUG org.dbunit.database.statement.AutomaticPreparedBatchStatement  - addValue(value=5, dataType=VARCHAR) - start
193691 [main] DEBUG org.dbunit.database.statement.SimplePreparedStatement  - addValue(value=5, dataType=VARCHAR) - start
193691 [main] DEBUG org.dbunit.dataset.datatype.StringDataType  - setSqlValue(value=5, column=1, statement=org.hsqldb.jdbc.JDBCPreparedStatement@504cfec3[sql=[insert into SCOPEDCONTENTCONDITIONATTRIBUTE (KEY, CHECKORDER, CLASSNAME, VALUEPATH, OPERATOR, EXPECTEDVALUE, EXPECTEDVALUETYPE, SCOPEDCONTENTCONDITION, ID, TIMESTAMP) values (?, ?, ?, ?, ?, ?, ?, ?, ?, ?)], parameters=[[null], [null], [null], [null], [null], [null], [null], [null], [null], [null]]]) - start
193691 [main] DEBUG org.dbunit.dataset.datatype.DataType  - asString(value=5) - start
193691 [main] DEBUG org.dbunit.dataset.datatype.StringDataType  - typeCast(value=5) - start
193691 [main] DEBUG org.dbunit.dataset.DefaultTable  - getValue(row=0, column=CHECKORDER) - start
193691 [main] DEBUG org.dbunit.dataset.AbstractTable  - assertValidRowIndex(row=0) - start
193691 [main] DEBUG org.dbunit.dataset.AbstractTable  - assertValidRowIndex(row=0, rowCount=1) - start
193691 [main] DEBUG org.dbunit.dataset.AbstractTable  - getColumnIndex(columnName=CHECKORDER) - start
193691 [main] DEBUG org.dbunit.dataset.AbstractTableMetaData  - getColumnIndex(columnName=CHECKORDER) - start
193691 [main] DEBUG org.dbunit.database.statement.AutomaticPreparedBatchStatement  - addValue(value=0, dataType=INTEGER) - start
193691 [main] DEBUG org.dbunit.database.statement.SimplePreparedStatement  - addValue(value=0, dataType=INTEGER) - start
193691 [main] DEBUG org.dbunit.dataset.datatype.IntegerDataType  - setSqlValue(value=0, column=2, statement=org.hsqldb.jdbc.JDBCPreparedStatement@504cfec3[sql=[insert into SCOPEDCONTENTCONDITIONATTRIBUTE (KEY, CHECKORDER, CLASSNAME, VALUEPATH, OPERATOR, EXPECTEDVALUE, EXPECTEDVALUETYPE, SCOPEDCONTENTCONDITION, ID, TIMESTAMP) values (?, ?, ?, ?, ?, ?, ?, ?, ?, ?)], parameters=[[5], [null], [null], [null], [null], [null], [null], [null], [null], [null]]]) - start
193691 [main] DEBUG org.dbunit.dataset.datatype.IntegerDataType  - typeCast(value=0) - start
193691 [main] DEBUG org.dbunit.dataset.DefaultTable  - getValue(row=0, column=CLASSNAME) - start
193691 [main] DEBUG org.dbunit.dataset.AbstractTable  - assertValidRowIndex(row=0) - start
193691 [main] DEBUG org.dbunit.dataset.AbstractTable  - assertValidRowIndex(row=0, rowCount=1) - start
193691 [main] DEBUG org.dbunit.dataset.AbstractTable  - getColumnIndex(columnName=CLASSNAME) - start
193691 [main] DEBUG org.dbunit.dataset.AbstractTableMetaData  - getColumnIndex(columnName=CLASSNAME) - start
193691 [main] DEBUG org.dbunit.database.statement.AutomaticPreparedBatchStatement  - addValue(value=6, dataType=VARCHAR) - start
193691 [main] DEBUG org.dbunit.database.statement.SimplePreparedStatement  - addValue(value=6, dataType=VARCHAR) - start
193691 [main] DEBUG org.dbunit.dataset.datatype.StringDataType  - setSqlValue(value=6, column=3, statement=org.hsqldb.jdbc.JDBCPreparedStatement@504cfec3[sql=[insert into SCOPEDCONTENTCONDITIONATTRIBUTE (KEY, CHECKORDER, CLASSNAME, VALUEPATH, OPERATOR, EXPECTEDVALUE, EXPECTEDVALUETYPE, SCOPEDCONTENTCONDITION, ID, TIMESTAMP) values (?, ?, ?, ?, ?, ?, ?, ?, ?, ?)], parameters=[[5], [0], [null], [null], [null], [null], [null], [null], [null], [null]]]) - start
193691 [main] DEBUG org.dbunit.dataset.datatype.DataType  - asString(value=6) - start
193691 [main] DEBUG org.dbunit.dataset.datatype.StringDataType  - typeCast(value=6) - start
193692 [main] DEBUG org.dbunit.dataset.DefaultTable  - getValue(row=0, column=VALUEPATH) - start
193692 [main] DEBUG org.dbunit.dataset.AbstractTable  - assertValidRowIndex(row=0) - start
193692 [main] DEBUG org.dbunit.dataset.AbstractTable  - assertValidRowIndex(row=0, rowCount=1) - start
193692 [main] DEBUG org.dbunit.dataset.AbstractTable  - getColumnIndex(columnName=VALUEPATH) - start
193692 [main] DEBUG org.dbunit.dataset.AbstractTableMetaData  - getColumnIndex(columnName=VALUEPATH) - start
193692 [main] DEBUG org.dbunit.database.statement.AutomaticPreparedBatchStatement  - addValue(value=7, dataType=VARCHAR) - start
193692 [main] DEBUG org.dbunit.database.statement.SimplePreparedStatement  - addValue(value=7, dataType=VARCHAR) - start
193692 [main] DEBUG org.dbunit.dataset.datatype.StringDataType  - setSqlValue(value=7, column=4, statement=org.hsqldb.jdbc.JDBCPreparedStatement@504cfec3[sql=[insert into SCOPEDCONTENTCONDITIONATTRIBUTE (KEY, CHECKORDER, CLASSNAME, VALUEPATH, OPERATOR, EXPECTEDVALUE, EXPECTEDVALUETYPE, SCOPEDCONTENTCONDITION, ID, TIMESTAMP) values (?, ?, ?, ?, ?, ?, ?, ?, ?, ?)], parameters=[[5], [0], [6], [null], [null], [null], [null], [null], [null], [null]]]) - start
193692 [main] DEBUG org.dbunit.dataset.datatype.DataType  - asString(value=7) - start
193692 [main] DEBUG org.dbunit.dataset.datatype.StringDataType  - typeCast(value=7) - start
193692 [main] DEBUG org.dbunit.dataset.DefaultTable  - getValue(row=0, column=OPERATOR) - start
193692 [main] DEBUG org.dbunit.dataset.AbstractTable  - assertValidRowIndex(row=0) - start
193692 [main] DEBUG org.dbunit.dataset.AbstractTable  - assertValidRowIndex(row=0, rowCount=1) - start
193692 [main] DEBUG org.dbunit.dataset.AbstractTable  - getColumnIndex(columnName=OPERATOR) - start
193692 [main] DEBUG org.dbunit.dataset.AbstractTableMetaData  - getColumnIndex(columnName=OPERATOR) - start
193692 [main] DEBUG org.dbunit.database.statement.AutomaticPreparedBatchStatement  - addValue(value=IsEqual, dataType=VARCHAR) - start
193692 [main] DEBUG org.dbunit.database.statement.SimplePreparedStatement  - addValue(value=IsEqual, dataType=VARCHAR) - start
193692 [main] DEBUG org.dbunit.dataset.datatype.StringDataType  - setSqlValue(value=IsEqual, column=5, statement=org.hsqldb.jdbc.JDBCPreparedStatement@504cfec3[sql=[insert into SCOPEDCONTENTCONDITIONATTRIBUTE (KEY, CHECKORDER, CLASSNAME, VALUEPATH, OPERATOR, EXPECTEDVALUE, EXPECTEDVALUETYPE, SCOPEDCONTENTCONDITION, ID, TIMESTAMP) values (?, ?, ?, ?, ?, ?, ?, ?, ?, ?)], parameters=[[5], [0], [6], [7], [null], [null], [null], [null], [null], [null]]]) - start
193692 [main] DEBUG org.dbunit.dataset.datatype.DataType  - asString(value=IsEqual) - start
193692 [main] DEBUG org.dbunit.dataset.datatype.StringDataType  - typeCast(value=IsEqual) - start
193692 [main] WARN  org.dbunit.dataset.datatype.StringDataType  - Unknown/unsupported object type 'com.tmt.kontroll.content.persistence.selections.ReferenceOperator' - will invoke toString() as last fallback which might produce undesired results
193692 [main] DEBUG org.dbunit.dataset.DefaultTable  - getValue(row=0, column=EXPECTEDVALUE) - start
193692 [main] DEBUG org.dbunit.dataset.AbstractTable  - assertValidRowIndex(row=0) - start
193692 [main] DEBUG org.dbunit.dataset.AbstractTable  - assertValidRowIndex(row=0, rowCount=1) - start
193692 [main] DEBUG org.dbunit.dataset.AbstractTable  - getColumnIndex(columnName=EXPECTEDVALUE) - start
193692 [main] DEBUG org.dbunit.dataset.AbstractTableMetaData  - getColumnIndex(columnName=EXPECTEDVALUE) - start
193692 [main] DEBUG org.dbunit.database.statement.AutomaticPreparedBatchStatement  - addValue(value=8, dataType=VARCHAR) - start
193692 [main] DEBUG org.dbunit.database.statement.SimplePreparedStatement  - addValue(value=8, dataType=VARCHAR) - start
193693 [main] DEBUG org.dbunit.dataset.datatype.StringDataType  - setSqlValue(value=8, column=6, statement=org.hsqldb.jdbc.JDBCPreparedStatement@504cfec3[sql=[insert into SCOPEDCONTENTCONDITIONATTRIBUTE (KEY, CHECKORDER, CLASSNAME, VALUEPATH, OPERATOR, EXPECTEDVALUE, EXPECTEDVALUETYPE, SCOPEDCONTENTCONDITION, ID, TIMESTAMP) values (?, ?, ?, ?, ?, ?, ?, ?, ?, ?)], parameters=[[5], [0], [6], [7], [IsEqual], [null], [null], [null], [null], [null]]]) - start
193693 [main] DEBUG org.dbunit.dataset.datatype.DataType  - asString(value=8) - start
193693 [main] DEBUG org.dbunit.dataset.datatype.StringDataType  - typeCast(value=8) - start
193693 [main] DEBUG org.dbunit.dataset.DefaultTable  - getValue(row=0, column=EXPECTEDVALUETYPE) - start
193693 [main] DEBUG org.dbunit.dataset.AbstractTable  - assertValidRowIndex(row=0) - start
193693 [main] DEBUG org.dbunit.dataset.AbstractTable  - assertValidRowIndex(row=0, rowCount=1) - start
193693 [main] DEBUG org.dbunit.dataset.AbstractTable  - getColumnIndex(columnName=EXPECTEDVALUETYPE) - start
193693 [main] DEBUG org.dbunit.dataset.AbstractTableMetaData  - getColumnIndex(columnName=EXPECTEDVALUETYPE) - start
193693 [main] DEBUG org.dbunit.database.statement.AutomaticPreparedBatchStatement  - addValue(value=9, dataType=VARCHAR) - start
193693 [main] DEBUG org.dbunit.database.statement.SimplePreparedStatement  - addValue(value=9, dataType=VARCHAR) - start
193693 [main] DEBUG org.dbunit.dataset.datatype.StringDataType  - setSqlValue(value=9, column=7, statement=org.hsqldb.jdbc.JDBCPreparedStatement@504cfec3[sql=[insert into SCOPEDCONTENTCONDITIONATTRIBUTE (KEY, CHECKORDER, CLASSNAME, VALUEPATH, OPERATOR, EXPECTEDVALUE, EXPECTEDVALUETYPE, SCOPEDCONTENTCONDITION, ID, TIMESTAMP) values (?, ?, ?, ?, ?, ?, ?, ?, ?, ?)], parameters=[[5], [0], [6], [7], [IsEqual], [8], [null], [null], [null], [null]]]) - start
193693 [main] DEBUG org.dbunit.dataset.datatype.DataType  - asString(value=9) - start
193693 [main] DEBUG org.dbunit.dataset.datatype.StringDataType  - typeCast(value=9) - start
193693 [main] DEBUG org.dbunit.dataset.DefaultTable  - getValue(row=0, column=SCOPEDCONTENTCONDITION) - start
193693 [main] DEBUG org.dbunit.dataset.AbstractTable  - assertValidRowIndex(row=0) - start
193693 [main] DEBUG org.dbunit.dataset.AbstractTable  - assertValidRowIndex(row=0, rowCount=1) - start
193693 [main] DEBUG org.dbunit.dataset.AbstractTable  - getColumnIndex(columnName=SCOPEDCONTENTCONDITION) - start
193693 [main] DEBUG org.dbunit.dataset.AbstractTableMetaData  - getColumnIndex(columnName=SCOPEDCONTENTCONDITION) - start
193693 [main] DEBUG org.dbunit.database.statement.AutomaticPreparedBatchStatement  - addValue(value=1, dataType=INTEGER) - start
193693 [main] DEBUG org.dbunit.database.statement.SimplePreparedStatement  - addValue(value=1, dataType=INTEGER) - start
193693 [main] DEBUG org.dbunit.dataset.datatype.IntegerDataType  - setSqlValue(value=1, column=8, statement=org.hsqldb.jdbc.JDBCPreparedStatement@504cfec3[sql=[insert into SCOPEDCONTENTCONDITIONATTRIBUTE (KEY, CHECKORDER, CLASSNAME, VALUEPATH, OPERATOR, EXPECTEDVALUE, EXPECTEDVALUETYPE, SCOPEDCONTENTCONDITION, ID, TIMESTAMP) values (?, ?, ?, ?, ?, ?, ?, ?, ?, ?)], parameters=[[5], [0], [6], [7], [IsEqual], [8], [9], [null], [null], [null]]]) - start
193693 [main] DEBUG org.dbunit.dataset.datatype.IntegerDataType  - typeCast(value=1) - start
193693 [main] DEBUG org.dbunit.dataset.DefaultTable  - getValue(row=0, column=ID) - start
193693 [main] DEBUG org.dbunit.dataset.AbstractTable  - assertValidRowIndex(row=0) - start
193693 [main] DEBUG org.dbunit.dataset.AbstractTable  - assertValidRowIndex(row=0, rowCount=1) - start
193693 [main] DEBUG org.dbunit.dataset.AbstractTable  - getColumnIndex(columnName=ID) - start
193693 [main] DEBUG org.dbunit.dataset.AbstractTableMetaData  - getColumnIndex(columnName=ID) - start
193694 [main] DEBUG org.dbunit.database.statement.AutomaticPreparedBatchStatement  - addValue(value=1, dataType=INTEGER) - start
193694 [main] DEBUG org.dbunit.database.statement.SimplePreparedStatement  - addValue(value=1, dataType=INTEGER) - start
193694 [main] DEBUG org.dbunit.dataset.datatype.IntegerDataType  - setSqlValue(value=1, column=9, statement=org.hsqldb.jdbc.JDBCPreparedStatement@504cfec3[sql=[insert into SCOPEDCONTENTCONDITIONATTRIBUTE (KEY, CHECKORDER, CLASSNAME, VALUEPATH, OPERATOR, EXPECTEDVALUE, EXPECTEDVALUETYPE, SCOPEDCONTENTCONDITION, ID, TIMESTAMP) values (?, ?, ?, ?, ?, ?, ?, ?, ?, ?)], parameters=[[5], [0], [6], [7], [IsEqual], [8], [9], [1], [null], [null]]]) - start
193694 [main] DEBUG org.dbunit.dataset.datatype.IntegerDataType  - typeCast(value=1) - start
193694 [main] DEBUG org.dbunit.dataset.DefaultTable  - getValue(row=0, column=TIMESTAMP) - start
193694 [main] DEBUG org.dbunit.dataset.AbstractTable  - assertValidRowIndex(row=0) - start
193694 [main] DEBUG org.dbunit.dataset.AbstractTable  - assertValidRowIndex(row=0, rowCount=1) - start
193694 [main] DEBUG org.dbunit.dataset.AbstractTable  - getColumnIndex(columnName=TIMESTAMP) - start
193694 [main] DEBUG org.dbunit.dataset.AbstractTableMetaData  - getColumnIndex(columnName=TIMESTAMP) - start
193694 [main] DEBUG org.dbunit.database.statement.AutomaticPreparedBatchStatement  - addValue(value=2014-02-26 12:44:14.649, dataType=TIMESTAMP) - start
193694 [main] DEBUG org.dbunit.database.statement.SimplePreparedStatement  - addValue(value=2014-02-26 12:44:14.649, dataType=TIMESTAMP) - start
193694 [main] DEBUG org.dbunit.dataset.datatype.TimestampDataType  - setSqlValue(value=2014-02-26 12:44:14.649, column=10, statement=org.hsqldb.jdbc.JDBCPreparedStatement@504cfec3[sql=[insert into SCOPEDCONTENTCONDITIONATTRIBUTE (KEY, CHECKORDER, CLASSNAME, VALUEPATH, OPERATOR, EXPECTEDVALUE, EXPECTEDVALUETYPE, SCOPEDCONTENTCONDITION, ID, TIMESTAMP) values (?, ?, ?, ?, ?, ?, ?, ?, ?, ?)], parameters=[[5], [0], [6], [7], [IsEqual], [8], [9], [1], [1], [null]]]) - start
193694 [main] DEBUG org.dbunit.dataset.datatype.TimestampDataType  - typeCast(value=2014-02-26 12:44:14.649) - start
193694 [main] DEBUG org.dbunit.database.statement.AutomaticPreparedBatchStatement  - addBatch() - start
193694 [main] DEBUG org.dbunit.database.statement.SimplePreparedStatement  - addBatch() - start
193694 [main] DEBUG org.dbunit.operation.InsertOperation  - equalsIgnoreMapping(ignoreMapping={}, table=org.dbunit.dataset.DefaultTable[_metaData=tableName=ScopedContentConditionAttribute, columns=[(key, UNKNOWN, nullableUnknown), (checkOrder, UNKNOWN, nullableUnknown), (className, UNKNOWN, nullableUnknown), (valuePath, UNKNOWN, nullableUnknown), (operator, UNKNOWN, nullableUnknown), (expectedValue, UNKNOWN, nullableUnknown), (expectedValueType, UNKNOWN, nullableUnknown), (scopedContentCondition, UNKNOWN, nullableUnknown), (id, UNKNOWN, nullableUnknown), (timeStamp, UNKNOWN, nullableUnknown)], keys=[], _rowList.size()=1], row=1) - start
193694 [main] DEBUG org.dbunit.dataset.DefaultTable  - getValue(row=1, column=key) - start
193694 [main] DEBUG org.dbunit.dataset.AbstractTable  - assertValidRowIndex(row=1) - start
193695 [main] DEBUG org.dbunit.dataset.AbstractTable  - assertValidRowIndex(row=1, rowCount=1) - start
193695 [main] DEBUG org.dbunit.database.statement.AutomaticPreparedBatchStatement  - executeBatch() - start
193695 [main] DEBUG org.dbunit.database.statement.SimplePreparedStatement  - executeBatch() - start
193695 [main] DEBUG org.dbunit.database.statement.SimplePreparedStatement  - clearBatch() - start
193695 [main] DEBUG org.dbunit.database.statement.AutomaticPreparedBatchStatement  - clearBatch() - start
193695 [main] DEBUG org.dbunit.database.statement.SimplePreparedStatement  - clearBatch() - start
193695 [main] DEBUG org.dbunit.database.statement.AutomaticPreparedBatchStatement  - close() - start
193695 [main] DEBUG org.dbunit.database.statement.AbstractPreparedBatchStatement  - close() - start
193695 [main] DEBUG org.dbunit.dataset.filter.SequenceTableIterator  - next() - start
193695 [main] DEBUG org.dbunit.dataset.filter.SequenceTableIterator  - getTable() - start
193695 [main] DEBUG org.dbunit.dataset.AbstractDataSet  - getTable(tableName=ScopedContentConditions_ScopedContent) - start
193695 [main] DEBUG org.dbunit.dataset.AbstractDataSet  - initialize() - start
193695 [main] DEBUG org.dbunit.dataset.AbstractDataSet  - The table name map has already been initialized.
193695 [main] DEBUG org.dbunit.dataset.OrderedTableNameMap  - getTableName(tableName=ScopedContentConditions_ScopedContent) - start
193695 [main] DEBUG org.dbunit.dataset.OrderedTableNameMap  - getTableName(tableName=ScopedContentConditions_ScopedContent) - end - result=SCOPEDCONTENTCONDITIONS_SCOPEDCONTENT
193695 [main] TRACE org.dbunit.operation.AbstractBatchOperation  - execute: processing table='ScopedContentConditions_ScopedContent'
193695 [main] DEBUG org.dbunit.operation.AbstractBatchOperation  - isEmpty(table=org.dbunit.dataset.DefaultTable[_metaData=tableName=ScopedContentConditions_ScopedContent, columns=[], keys=[], _rowList.size()=0]) - start
193695 [main] DEBUG org.dbunit.dataset.filter.SequenceTableIterator  - next() - start
193695 [main] DEBUG org.dbunit.dataset.filter.SequenceTableIterator  - getTable() - start
193695 [main] DEBUG org.dbunit.dataset.AbstractDataSet  - getTable(tableName=ScopedContentItem) - start
193695 [main] DEBUG org.dbunit.dataset.AbstractDataSet  - initialize() - start
193695 [main] DEBUG org.dbunit.dataset.AbstractDataSet  - The table name map has already been initialized.
193695 [main] DEBUG org.dbunit.dataset.OrderedTableNameMap  - getTableName(tableName=ScopedContentItem) - start
193695 [main] DEBUG org.dbunit.dataset.OrderedTableNameMap  - getTableName(tableName=ScopedContentItem) - end - result=SCOPEDCONTENTITEM
193695 [main] TRACE org.dbunit.operation.AbstractBatchOperation  - execute: processing table='ScopedContentItem'
193695 [main] DEBUG org.dbunit.operation.AbstractBatchOperation  - isEmpty(table=org.dbunit.dataset.DefaultTable[_metaData=tableName=ScopedContentItem, columns=[(tagName, UNKNOWN, nullableUnknown), (cssClass, UNKNOWN, nullableUnknown), (content, UNKNOWN, nullableUnknown), (type, UNKNOWN, nullableUnknown), (id, UNKNOWN, nullableUnknown), (timeStamp, UNKNOWN, nullableUnknown)], keys=[], _rowList.size()=1]) - start
193695 [main] DEBUG org.dbunit.dataset.DefaultTable  - getValue(row=0, column=tagName) - start
193695 [main] DEBUG org.dbunit.dataset.AbstractTable  - assertValidRowIndex(row=0) - start
193695 [main] DEBUG org.dbunit.dataset.AbstractTable  - assertValidRowIndex(row=0, rowCount=1) - start
193696 [main] DEBUG org.dbunit.dataset.AbstractTable  - getColumnIndex(columnName=tagName) - start
193696 [main] DEBUG org.dbunit.dataset.AbstractTableMetaData  - getColumnIndex(columnName=tagName) - start
193696 [main] DEBUG org.dbunit.operation.AbstractOperation  - getOperationMetaData(connection=_databaseConfig=org.dbunit.database.DatabaseConfig[, _propertyMap={http://www.dbunit.org/properties/statementFactory=org.dbunit.database.statement.PreparedStatementFactory@626bc2b8, http://www.dbunit.org/features/caseSensitiveTableNames=false, http://www.dbunit.org/properties/fetchSize=100, http://www.dbunit.org/features/batchedStatements=false, http://www.dbunit.org/properties/metadataHandler=org.dbunit.database.DefaultMetadataHandler@3eeace42, http://www.dbunit.org/properties/datatypeFactory=org.dbunit.dataset.datatype.DefaultDataTypeFactory[_toleratedDeltaMap=org.dbunit.dataset.datatype.ToleratedDeltaMap@6452310a], http://www.dbunit.org/properties/escapePattern=null, http://www.dbunit.org/properties/batchSize=100, http://www.dbunit.org/features/qualifiedTableNames=false, http://www.dbunit.org/properties/tableType=[Ljava.lang.String;@5011bafa, http://www.dbunit.org/properties/resultSetTableFactory=org.dbunit.database.CachedResultSetTableFactory@10bcf083, http://www.dbunit.org/features/datatypeWarning=true}], _dataSet=AbstractDataSet[_orderedTableNameMap=null], metaData=tableName=ScopedContentItem, columns=[(tagName, UNKNOWN, nullableUnknown), (cssClass, UNKNOWN, nullableUnknown), (content, UNKNOWN, nullableUnknown), (type, UNKNOWN, nullableUnknown), (id, UNKNOWN, nullableUnknown), (timeStamp, UNKNOWN, nullableUnknown)], keys=[]) - start
193696 [main] DEBUG org.dbunit.database.AbstractDatabaseConnection  - createDataSet() - start
193696 [main] DEBUG org.dbunit.database.DatabaseDataSet  - getTableMetaData(tableName=ScopedContentItem) - start
193696 [main] DEBUG org.dbunit.database.DatabaseDataSet  - initialize() - start
193696 [main] DEBUG org.dbunit.dataset.OrderedTableNameMap  - getTableName(tableName=ScopedContentItem) - start
193696 [main] DEBUG org.dbunit.dataset.OrderedTableNameMap  - getTableName(tableName=ScopedContentItem) - end - result=SCOPEDCONTENTITEM
193696 [main] DEBUG org.dbunit.dataset.OrderedTableNameMap  - getTableName(tableName=ScopedContentItem) - start
193696 [main] DEBUG org.dbunit.dataset.OrderedTableNameMap  - getTableName(tableName=ScopedContentItem) - end - result=SCOPEDCONTENTITEM
193696 [main] DEBUG org.dbunit.dataset.AbstractTableMetaData  - getColumnIndex(columnName=tagName) - start
193696 [main] DEBUG org.dbunit.database.DatabaseTableMetaData  - getColumns() - start
193696 [main] DEBUG org.dbunit.database.DatabaseTableMetaData  - getColumns() - start
193696 [main] DEBUG org.dbunit.dataset.AbstractTableMetaData  - getColumnIndex(columnName=cssClass) - start
193696 [main] DEBUG org.dbunit.database.DatabaseTableMetaData  - getColumns() - start
193696 [main] DEBUG org.dbunit.dataset.AbstractTableMetaData  - getColumnIndex(columnName=content) - start
193696 [main] DEBUG org.dbunit.database.DatabaseTableMetaData  - getColumns() - start
193696 [main] DEBUG org.dbunit.dataset.AbstractTableMetaData  - getColumnIndex(columnName=type) - start
193696 [main] DEBUG org.dbunit.database.DatabaseTableMetaData  - getColumns() - start
193696 [main] DEBUG org.dbunit.dataset.AbstractTableMetaData  - getColumnIndex(columnName=id) - start
193696 [main] DEBUG org.dbunit.database.DatabaseTableMetaData  - getColumns() - start
193696 [main] DEBUG org.dbunit.dataset.AbstractTableMetaData  - getColumnIndex(columnName=timeStamp) - start
193696 [main] DEBUG org.dbunit.database.DatabaseTableMetaData  - getColumns() - start
193696 [main] DEBUG org.dbunit.database.DatabaseTableMetaData  - getPrimaryKeys() - start
193696 [main] TRACE org.dbunit.database.DatabaseConfig  - getProperty(name=http://www.dbunit.org/properties/primaryKeyFilter) - start
193696 [main] DEBUG org.dbunit.operation.InsertOperation  - getIgnoreMapping(table=org.dbunit.dataset.DefaultTable[_metaData=tableName=ScopedContentItem, columns=[(tagName, UNKNOWN, nullableUnknown), (cssClass, UNKNOWN, nullableUnknown), (content, UNKNOWN, nullableUnknown), (type, UNKNOWN, nullableUnknown), (id, UNKNOWN, nullableUnknown), (timeStamp, UNKNOWN, nullableUnknown)], keys=[], _rowList.size()=1], row=0) - start
193697 [main] DEBUG org.dbunit.dataset.DefaultTable  - getValue(row=0, column=tagName) - start
193697 [main] DEBUG org.dbunit.dataset.AbstractTable  - assertValidRowIndex(row=0) - start
193697 [main] DEBUG org.dbunit.dataset.AbstractTable  - assertValidRowIndex(row=0, rowCount=1) - start
193697 [main] DEBUG org.dbunit.dataset.AbstractTable  - getColumnIndex(columnName=tagName) - start
193697 [main] DEBUG org.dbunit.dataset.AbstractTableMetaData  - getColumnIndex(columnName=tagName) - start
193697 [main] DEBUG org.dbunit.dataset.DefaultTable  - getValue(row=0, column=cssClass) - start
193697 [main] DEBUG org.dbunit.dataset.AbstractTable  - assertValidRowIndex(row=0) - start
193697 [main] DEBUG org.dbunit.dataset.AbstractTable  - assertValidRowIndex(row=0, rowCount=1) - start
193697 [main] DEBUG org.dbunit.dataset.AbstractTable  - getColumnIndex(columnName=cssClass) - start
193697 [main] DEBUG org.dbunit.dataset.AbstractTableMetaData  - getColumnIndex(columnName=cssClass) - start
193697 [main] DEBUG org.dbunit.dataset.DefaultTable  - getValue(row=0, column=content) - start
193697 [main] DEBUG org.dbunit.dataset.AbstractTable  - assertValidRowIndex(row=0) - start
193697 [main] DEBUG org.dbunit.dataset.AbstractTable  - assertValidRowIndex(row=0, rowCount=1) - start
193697 [main] DEBUG org.dbunit.dataset.AbstractTable  - getColumnIndex(columnName=content) - start
193697 [main] DEBUG org.dbunit.dataset.AbstractTableMetaData  - getColumnIndex(columnName=content) - start
193697 [main] DEBUG org.dbunit.dataset.DefaultTable  - getValue(row=0, column=type) - start
193697 [main] DEBUG org.dbunit.dataset.AbstractTable  - assertValidRowIndex(row=0) - start
193697 [main] DEBUG org.dbunit.dataset.AbstractTable  - assertValidRowIndex(row=0, rowCount=1) - start
193697 [main] DEBUG org.dbunit.dataset.AbstractTable  - getColumnIndex(columnName=type) - start
193697 [main] DEBUG org.dbunit.dataset.AbstractTableMetaData  - getColumnIndex(columnName=type) - start
193697 [main] DEBUG org.dbunit.dataset.DefaultTable  - getValue(row=0, column=id) - start
193697 [main] DEBUG org.dbunit.dataset.AbstractTable  - assertValidRowIndex(row=0) - start
193697 [main] DEBUG org.dbunit.dataset.AbstractTable  - assertValidRowIndex(row=0, rowCount=1) - start
193697 [main] DEBUG org.dbunit.dataset.AbstractTable  - getColumnIndex(columnName=id) - start
193697 [main] DEBUG org.dbunit.dataset.AbstractTableMetaData  - getColumnIndex(columnName=id) - start
193697 [main] DEBUG org.dbunit.dataset.DefaultTable  - getValue(row=0, column=timeStamp) - start
193697 [main] DEBUG org.dbunit.dataset.AbstractTable  - assertValidRowIndex(row=0) - start
193697 [main] DEBUG org.dbunit.dataset.AbstractTable  - assertValidRowIndex(row=0, rowCount=1) - start
193697 [main] DEBUG org.dbunit.dataset.AbstractTable  - getColumnIndex(columnName=timeStamp) - start
193697 [main] DEBUG org.dbunit.dataset.AbstractTableMetaData  - getColumnIndex(columnName=timeStamp) - start
193698 [main] DEBUG org.dbunit.operation.InsertOperation  - getOperationData(metaData=tableName=SCOPEDCONTENTITEM, columns=[(TAGNAME, VARCHAR, nullable), (CSSCLASS, VARCHAR, nullable), (CONTENT, VARCHAR, noNulls), (TYPE, VARCHAR, nullable), (ID, INTEGER, noNulls), (TIMESTAMP, TIMESTAMP, nullable)], keys=[(ID, INTEGER, noNulls)], ignoreMapping={}, connection=_databaseConfig=org.dbunit.database.DatabaseConfig[, _propertyMap={http://www.dbunit.org/properties/statementFactory=org.dbunit.database.statement.PreparedStatementFactory@626bc2b8, http://www.dbunit.org/features/caseSensitiveTableNames=false, http://www.dbunit.org/properties/fetchSize=100, http://www.dbunit.org/features/batchedStatements=false, http://www.dbunit.org/properties/metadataHandler=org.dbunit.database.DefaultMetadataHandler@3eeace42, http://www.dbunit.org/properties/datatypeFactory=org.dbunit.dataset.datatype.DefaultDataTypeFactory[_toleratedDeltaMap=org.dbunit.dataset.datatype.ToleratedDeltaMap@6452310a], http://www.dbunit.org/properties/escapePattern=null, http://www.dbunit.org/properties/batchSize=100, http://www.dbunit.org/features/qualifiedTableNames=false, http://www.dbunit.org/properties/tableType=[Ljava.lang.String;@5011bafa, http://www.dbunit.org/properties/resultSetTableFactory=org.dbunit.database.CachedResultSetTableFactory@10bcf083, http://www.dbunit.org/features/datatypeWarning=true}], _dataSet=AbstractDataSet[_orderedTableNameMap=null]) - start
193698 [main] DEBUG org.dbunit.operation.AbstractOperation  - getQualifiedName(prefix=null, name=SCOPEDCONTENTITEM, connection=_databaseConfig=org.dbunit.database.DatabaseConfig[, _propertyMap={http://www.dbunit.org/properties/statementFactory=org.dbunit.database.statement.PreparedStatementFactory@626bc2b8, http://www.dbunit.org/features/caseSensitiveTableNames=false, http://www.dbunit.org/properties/fetchSize=100, http://www.dbunit.org/features/batchedStatements=false, http://www.dbunit.org/properties/metadataHandler=org.dbunit.database.DefaultMetadataHandler@3eeace42, http://www.dbunit.org/properties/datatypeFactory=org.dbunit.dataset.datatype.DefaultDataTypeFactory[_toleratedDeltaMap=org.dbunit.dataset.datatype.ToleratedDeltaMap@6452310a], http://www.dbunit.org/properties/escapePattern=null, http://www.dbunit.org/properties/batchSize=100, http://www.dbunit.org/features/qualifiedTableNames=false, http://www.dbunit.org/properties/tableType=[Ljava.lang.String;@5011bafa, http://www.dbunit.org/properties/resultSetTableFactory=org.dbunit.database.CachedResultSetTableFactory@10bcf083, http://www.dbunit.org/features/datatypeWarning=true}], _dataSet=AbstractDataSet[_orderedTableNameMap=null]) - start
193698 [main] TRACE org.dbunit.database.DatabaseConfig  - getProperty(name=http://www.dbunit.org/properties/escapePattern) - start
193698 [main] DEBUG org.dbunit.util.QualifiedTableName  - getQualifiedName() - start
193698 [main] DEBUG org.dbunit.util.QualifiedTableName  - getQualifiedName(prefix=null, name=SCOPEDCONTENTITEM, escapePattern=null) - start
193698 [main] DEBUG org.dbunit.operation.AbstractOperation  - getQualifiedName(prefix=null, name=TAGNAME, connection=_databaseConfig=org.dbunit.database.DatabaseConfig[, _propertyMap={http://www.dbunit.org/properties/statementFactory=org.dbunit.database.statement.PreparedStatementFactory@626bc2b8, http://www.dbunit.org/features/caseSensitiveTableNames=false, http://www.dbunit.org/properties/fetchSize=100, http://www.dbunit.org/features/batchedStatements=false, http://www.dbunit.org/properties/metadataHandler=org.dbunit.database.DefaultMetadataHandler@3eeace42, http://www.dbunit.org/properties/datatypeFactory=org.dbunit.dataset.datatype.DefaultDataTypeFactory[_toleratedDeltaMap=org.dbunit.dataset.datatype.ToleratedDeltaMap@6452310a], http://www.dbunit.org/properties/escapePattern=null, http://www.dbunit.org/properties/batchSize=100, http://www.dbunit.org/features/qualifiedTableNames=false, http://www.dbunit.org/properties/tableType=[Ljava.lang.String;@5011bafa, http://www.dbunit.org/properties/resultSetTableFactory=org.dbunit.database.CachedResultSetTableFactory@10bcf083, http://www.dbunit.org/features/datatypeWarning=true}], _dataSet=AbstractDataSet[_orderedTableNameMap=null]) - start
193698 [main] TRACE org.dbunit.database.DatabaseConfig  - getProperty(name=http://www.dbunit.org/properties/escapePattern) - start
193698 [main] DEBUG org.dbunit.util.QualifiedTableName  - getQualifiedName() - start
193698 [main] DEBUG org.dbunit.util.QualifiedTableName  - getQualifiedName(prefix=null, name=TAGNAME, escapePattern=null) - start
193698 [main] DEBUG org.dbunit.operation.AbstractOperation  - getQualifiedName(prefix=null, name=CSSCLASS, connection=_databaseConfig=org.dbunit.database.DatabaseConfig[, _propertyMap={http://www.dbunit.org/properties/statementFactory=org.dbunit.database.statement.PreparedStatementFactory@626bc2b8, http://www.dbunit.org/features/caseSensitiveTableNames=false, http://www.dbunit.org/properties/fetchSize=100, http://www.dbunit.org/features/batchedStatements=false, http://www.dbunit.org/properties/metadataHandler=org.dbunit.database.DefaultMetadataHandler@3eeace42, http://www.dbunit.org/properties/datatypeFactory=org.dbunit.dataset.datatype.DefaultDataTypeFactory[_toleratedDeltaMap=org.dbunit.dataset.datatype.ToleratedDeltaMap@6452310a], http://www.dbunit.org/properties/escapePattern=null, http://www.dbunit.org/properties/batchSize=100, http://www.dbunit.org/features/qualifiedTableNames=false, http://www.dbunit.org/properties/tableType=[Ljava.lang.String;@5011bafa, http://www.dbunit.org/properties/resultSetTableFactory=org.dbunit.database.CachedResultSetTableFactory@10bcf083, http://www.dbunit.org/features/datatypeWarning=true}], _dataSet=AbstractDataSet[_orderedTableNameMap=null]) - start
193698 [main] TRACE org.dbunit.database.DatabaseConfig  - getProperty(name=http://www.dbunit.org/properties/escapePattern) - start
193698 [main] DEBUG org.dbunit.util.QualifiedTableName  - getQualifiedName() - start
193698 [main] DEBUG org.dbunit.util.QualifiedTableName  - getQualifiedName(prefix=null, name=CSSCLASS, escapePattern=null) - start
193698 [main] DEBUG org.dbunit.operation.AbstractOperation  - getQualifiedName(prefix=null, name=CONTENT, connection=_databaseConfig=org.dbunit.database.DatabaseConfig[, _propertyMap={http://www.dbunit.org/properties/statementFactory=org.dbunit.database.statement.PreparedStatementFactory@626bc2b8, http://www.dbunit.org/features/caseSensitiveTableNames=false, http://www.dbunit.org/properties/fetchSize=100, http://www.dbunit.org/features/batchedStatements=false, http://www.dbunit.org/properties/metadataHandler=org.dbunit.database.DefaultMetadataHandler@3eeace42, http://www.dbunit.org/properties/datatypeFactory=org.dbunit.dataset.datatype.DefaultDataTypeFactory[_toleratedDeltaMap=org.dbunit.dataset.datatype.ToleratedDeltaMap@6452310a], http://www.dbunit.org/properties/escapePattern=null, http://www.dbunit.org/properties/batchSize=100, http://www.dbunit.org/features/qualifiedTableNames=false, http://www.dbunit.org/properties/tableType=[Ljava.lang.String;@5011bafa, http://www.dbunit.org/properties/resultSetTableFactory=org.dbunit.database.CachedResultSetTableFactory@10bcf083, http://www.dbunit.org/features/datatypeWarning=true}], _dataSet=AbstractDataSet[_orderedTableNameMap=null]) - start
193698 [main] TRACE org.dbunit.database.DatabaseConfig  - getProperty(name=http://www.dbunit.org/properties/escapePattern) - start
193698 [main] DEBUG org.dbunit.util.QualifiedTableName  - getQualifiedName() - start
193698 [main] DEBUG org.dbunit.util.QualifiedTableName  - getQualifiedName(prefix=null, name=CONTENT, escapePattern=null) - start
193698 [main] DEBUG org.dbunit.operation.AbstractOperation  - getQualifiedName(prefix=null, name=TYPE, connection=_databaseConfig=org.dbunit.database.DatabaseConfig[, _propertyMap={http://www.dbunit.org/properties/statementFactory=org.dbunit.database.statement.PreparedStatementFactory@626bc2b8, http://www.dbunit.org/features/caseSensitiveTableNames=false, http://www.dbunit.org/properties/fetchSize=100, http://www.dbunit.org/features/batchedStatements=false, http://www.dbunit.org/properties/metadataHandler=org.dbunit.database.DefaultMetadataHandler@3eeace42, http://www.dbunit.org/properties/datatypeFactory=org.dbunit.dataset.datatype.DefaultDataTypeFactory[_toleratedDeltaMap=org.dbunit.dataset.datatype.ToleratedDeltaMap@6452310a], http://www.dbunit.org/properties/escapePattern=null, http://www.dbunit.org/properties/batchSize=100, http://www.dbunit.org/features/qualifiedTableNames=false, http://www.dbunit.org/properties/tableType=[Ljava.lang.String;@5011bafa, http://www.dbunit.org/properties/resultSetTableFactory=org.dbunit.database.CachedResultSetTableFactory@10bcf083, http://www.dbunit.org/features/datatypeWarning=true}], _dataSet=AbstractDataSet[_orderedTableNameMap=null]) - start
193698 [main] TRACE org.dbunit.database.DatabaseConfig  - getProperty(name=http://www.dbunit.org/properties/escapePattern) - start
193699 [main] DEBUG org.dbunit.util.QualifiedTableName  - getQualifiedName() - start
193699 [main] DEBUG org.dbunit.util.QualifiedTableName  - getQualifiedName(prefix=null, name=TYPE, escapePattern=null) - start
193699 [main] DEBUG org.dbunit.operation.AbstractOperation  - getQualifiedName(prefix=null, name=ID, connection=_databaseConfig=org.dbunit.database.DatabaseConfig[, _propertyMap={http://www.dbunit.org/properties/statementFactory=org.dbunit.database.statement.PreparedStatementFactory@626bc2b8, http://www.dbunit.org/features/caseSensitiveTableNames=false, http://www.dbunit.org/properties/fetchSize=100, http://www.dbunit.org/features/batchedStatements=false, http://www.dbunit.org/properties/metadataHandler=org.dbunit.database.DefaultMetadataHandler@3eeace42, http://www.dbunit.org/properties/datatypeFactory=org.dbunit.dataset.datatype.DefaultDataTypeFactory[_toleratedDeltaMap=org.dbunit.dataset.datatype.ToleratedDeltaMap@6452310a], http://www.dbunit.org/properties/escapePattern=null, http://www.dbunit.org/properties/batchSize=100, http://www.dbunit.org/features/qualifiedTableNames=false, http://www.dbunit.org/properties/tableType=[Ljava.lang.String;@5011bafa, http://www.dbunit.org/properties/resultSetTableFactory=org.dbunit.database.CachedResultSetTableFactory@10bcf083, http://www.dbunit.org/features/datatypeWarning=true}], _dataSet=AbstractDataSet[_orderedTableNameMap=null]) - start
193699 [main] TRACE org.dbunit.database.DatabaseConfig  - getProperty(name=http://www.dbunit.org/properties/escapePattern) - start
193699 [main] DEBUG org.dbunit.util.QualifiedTableName  - getQualifiedName() - start
193699 [main] DEBUG org.dbunit.util.QualifiedTableName  - getQualifiedName(prefix=null, name=ID, escapePattern=null) - start
193699 [main] DEBUG org.dbunit.operation.AbstractOperation  - getQualifiedName(prefix=null, name=TIMESTAMP, connection=_databaseConfig=org.dbunit.database.DatabaseConfig[, _propertyMap={http://www.dbunit.org/properties/statementFactory=org.dbunit.database.statement.PreparedStatementFactory@626bc2b8, http://www.dbunit.org/features/caseSensitiveTableNames=false, http://www.dbunit.org/properties/fetchSize=100, http://www.dbunit.org/features/batchedStatements=false, http://www.dbunit.org/properties/metadataHandler=org.dbunit.database.DefaultMetadataHandler@3eeace42, http://www.dbunit.org/properties/datatypeFactory=org.dbunit.dataset.datatype.DefaultDataTypeFactory[_toleratedDeltaMap=org.dbunit.dataset.datatype.ToleratedDeltaMap@6452310a], http://www.dbunit.org/properties/escapePattern=null, http://www.dbunit.org/properties/batchSize=100, http://www.dbunit.org/features/qualifiedTableNames=false, http://www.dbunit.org/properties/tableType=[Ljava.lang.String;@5011bafa, http://www.dbunit.org/properties/resultSetTableFactory=org.dbunit.database.CachedResultSetTableFactory@10bcf083, http://www.dbunit.org/features/datatypeWarning=true}], _dataSet=AbstractDataSet[_orderedTableNameMap=null]) - start
193699 [main] TRACE org.dbunit.database.DatabaseConfig  - getProperty(name=http://www.dbunit.org/properties/escapePattern) - start
193699 [main] DEBUG org.dbunit.util.QualifiedTableName  - getQualifiedName() - start
193699 [main] DEBUG org.dbunit.util.QualifiedTableName  - getQualifiedName(prefix=null, name=TIMESTAMP, escapePattern=null) - start
193699 [main] DEBUG org.dbunit.database.statement.PreparedStatementFactory  - createPreparedBatchStatement(sql=insert into SCOPEDCONTENTITEM (TAGNAME, CSSCLASS, CONTENT, TYPE, ID, TIMESTAMP) values (?, ?, ?, ?, ?, ?), connection=_databaseConfig=org.dbunit.database.DatabaseConfig[, _propertyMap={http://www.dbunit.org/properties/statementFactory=org.dbunit.database.statement.PreparedStatementFactory@626bc2b8, http://www.dbunit.org/features/caseSensitiveTableNames=false, http://www.dbunit.org/properties/fetchSize=100, http://www.dbunit.org/features/batchedStatements=false, http://www.dbunit.org/properties/metadataHandler=org.dbunit.database.DefaultMetadataHandler@3eeace42, http://www.dbunit.org/properties/datatypeFactory=org.dbunit.dataset.datatype.DefaultDataTypeFactory[_toleratedDeltaMap=org.dbunit.dataset.datatype.ToleratedDeltaMap@6452310a], http://www.dbunit.org/properties/escapePattern=null, http://www.dbunit.org/properties/batchSize=100, http://www.dbunit.org/features/qualifiedTableNames=false, http://www.dbunit.org/properties/tableType=[Ljava.lang.String;@5011bafa, http://www.dbunit.org/properties/resultSetTableFactory=org.dbunit.database.CachedResultSetTableFactory@10bcf083, http://www.dbunit.org/features/datatypeWarning=true}], _dataSet=AbstractDataSet[_orderedTableNameMap=null]) - start
193699 [main] TRACE org.dbunit.database.DatabaseConfig  - getProperty(name=http://www.dbunit.org/properties/batchSize) - start
193699 [main] DEBUG org.dbunit.database.statement.AbstractStatementFactory  - supportBatchStatement(connection=_databaseConfig=org.dbunit.database.DatabaseConfig[, _propertyMap={http://www.dbunit.org/properties/statementFactory=org.dbunit.database.statement.PreparedStatementFactory@626bc2b8, http://www.dbunit.org/features/caseSensitiveTableNames=false, http://www.dbunit.org/properties/fetchSize=100, http://www.dbunit.org/features/batchedStatements=false, http://www.dbunit.org/properties/metadataHandler=org.dbunit.database.DefaultMetadataHandler@3eeace42, http://www.dbunit.org/properties/datatypeFactory=org.dbunit.dataset.datatype.DefaultDataTypeFactory[_toleratedDeltaMap=org.dbunit.dataset.datatype.ToleratedDeltaMap@6452310a], http://www.dbunit.org/properties/escapePattern=null, http://www.dbunit.org/properties/batchSize=100, http://www.dbunit.org/features/qualifiedTableNames=false, http://www.dbunit.org/properties/tableType=[Ljava.lang.String;@5011bafa, http://www.dbunit.org/properties/resultSetTableFactory=org.dbunit.database.CachedResultSetTableFactory@10bcf083, http://www.dbunit.org/features/datatypeWarning=true}], _dataSet=AbstractDataSet[_orderedTableNameMap=null]) - start
193699 [main] TRACE org.dbunit.database.DatabaseConfig  - getFeature(name=http://www.dbunit.org/features/batchedStatements) - start
193699 [main] TRACE org.dbunit.database.DatabaseConfig  - getProperty(name=http://www.dbunit.org/features/batchedStatements) - start
193699 [main] DEBUG org.dbunit.database.DatabaseDataSourceConnection  - getConnection() - start
193700 [main] DEBUG org.dbunit.dataset.DefaultTable  - getValue(row=0, column=TAGNAME) - start
193700 [main] DEBUG org.dbunit.dataset.AbstractTable  - assertValidRowIndex(row=0) - start
193700 [main] DEBUG org.dbunit.dataset.AbstractTable  - assertValidRowIndex(row=0, rowCount=1) - start
193700 [main] DEBUG org.dbunit.dataset.AbstractTable  - getColumnIndex(columnName=TAGNAME) - start
193700 [main] DEBUG org.dbunit.dataset.AbstractTableMetaData  - getColumnIndex(columnName=TAGNAME) - start
193700 [main] DEBUG org.dbunit.database.statement.AutomaticPreparedBatchStatement  - addValue(value=0, dataType=VARCHAR) - start
193700 [main] DEBUG org.dbunit.database.statement.SimplePreparedStatement  - addValue(value=0, dataType=VARCHAR) - start
193700 [main] DEBUG org.dbunit.dataset.datatype.StringDataType  - setSqlValue(value=0, column=1, statement=org.hsqldb.jdbc.JDBCPreparedStatement@6ee9dd64[sql=[insert into SCOPEDCONTENTITEM (TAGNAME, CSSCLASS, CONTENT, TYPE, ID, TIMESTAMP) values (?, ?, ?, ?, ?, ?)], parameters=[[null], [null], [null], [null], [null], [null]]]) - start
193700 [main] DEBUG org.dbunit.dataset.datatype.DataType  - asString(value=0) - start
193700 [main] DEBUG org.dbunit.dataset.datatype.StringDataType  - typeCast(value=0) - start
193700 [main] DEBUG org.dbunit.dataset.DefaultTable  - getValue(row=0, column=CSSCLASS) - start
193700 [main] DEBUG org.dbunit.dataset.AbstractTable  - assertValidRowIndex(row=0) - start
193700 [main] DEBUG org.dbunit.dataset.AbstractTable  - assertValidRowIndex(row=0, rowCount=1) - start
193700 [main] DEBUG org.dbunit.dataset.AbstractTable  - getColumnIndex(columnName=CSSCLASS) - start
193700 [main] DEBUG org.dbunit.dataset.AbstractTableMetaData  - getColumnIndex(columnName=CSSCLASS) - start
193700 [main] DEBUG org.dbunit.database.statement.AutomaticPreparedBatchStatement  - addValue(value=1, dataType=VARCHAR) - start
193700 [main] DEBUG org.dbunit.database.statement.SimplePreparedStatement  - addValue(value=1, dataType=VARCHAR) - start
193700 [main] DEBUG org.dbunit.dataset.datatype.StringDataType  - setSqlValue(value=1, column=2, statement=org.hsqldb.jdbc.JDBCPreparedStatement@6ee9dd64[sql=[insert into SCOPEDCONTENTITEM (TAGNAME, CSSCLASS, CONTENT, TYPE, ID, TIMESTAMP) values (?, ?, ?, ?, ?, ?)], parameters=[[0], [null], [null], [null], [null], [null]]]) - start
193700 [main] DEBUG org.dbunit.dataset.datatype.DataType  - asString(value=1) - start
193700 [main] DEBUG org.dbunit.dataset.datatype.StringDataType  - typeCast(value=1) - start
193700 [main] DEBUG org.dbunit.dataset.DefaultTable  - getValue(row=0, column=CONTENT) - start
193700 [main] DEBUG org.dbunit.dataset.AbstractTable  - assertValidRowIndex(row=0) - start
193700 [main] DEBUG org.dbunit.dataset.AbstractTable  - assertValidRowIndex(row=0, rowCount=1) - start
193700 [main] DEBUG org.dbunit.dataset.AbstractTable  - getColumnIndex(columnName=CONTENT) - start
193700 [main] DEBUG org.dbunit.dataset.AbstractTableMetaData  - getColumnIndex(columnName=CONTENT) - start
193700 [main] DEBUG org.dbunit.database.statement.AutomaticPreparedBatchStatement  - addValue(value=2, dataType=VARCHAR) - start
193700 [main] DEBUG org.dbunit.database.statement.SimplePreparedStatement  - addValue(value=2, dataType=VARCHAR) - start
193700 [main] DEBUG org.dbunit.dataset.datatype.StringDataType  - setSqlValue(value=2, column=3, statement=org.hsqldb.jdbc.JDBCPreparedStatement@6ee9dd64[sql=[insert into SCOPEDCONTENTITEM (TAGNAME, CSSCLASS, CONTENT, TYPE, ID, TIMESTAMP) values (?, ?, ?, ?, ?, ?)], parameters=[[0], [1], [null], [null], [null], [null]]]) - start
193701 [main] DEBUG org.dbunit.dataset.datatype.DataType  - asString(value=2) - start
193701 [main] DEBUG org.dbunit.dataset.datatype.StringDataType  - typeCast(value=2) - start
193701 [main] DEBUG org.dbunit.dataset.DefaultTable  - getValue(row=0, column=TYPE) - start
193701 [main] DEBUG org.dbunit.dataset.AbstractTable  - assertValidRowIndex(row=0) - start
193701 [main] DEBUG org.dbunit.dataset.AbstractTable  - assertValidRowIndex(row=0, rowCount=1) - start
193701 [main] DEBUG org.dbunit.dataset.AbstractTable  - getColumnIndex(columnName=TYPE) - start
193701 [main] DEBUG org.dbunit.dataset.AbstractTableMetaData  - getColumnIndex(columnName=TYPE) - start
193701 [main] DEBUG org.dbunit.database.statement.AutomaticPreparedBatchStatement  - addValue(value=Audio, dataType=VARCHAR) - start
193701 [main] DEBUG org.dbunit.database.statement.SimplePreparedStatement  - addValue(value=Audio, dataType=VARCHAR) - start
193701 [main] DEBUG org.dbunit.dataset.datatype.StringDataType  - setSqlValue(value=Audio, column=4, statement=org.hsqldb.jdbc.JDBCPreparedStatement@6ee9dd64[sql=[insert into SCOPEDCONTENTITEM (TAGNAME, CSSCLASS, CONTENT, TYPE, ID, TIMESTAMP) values (?, ?, ?, ?, ?, ?)], parameters=[[0], [1], [2], [null], [null], [null]]]) - start
193701 [main] DEBUG org.dbunit.dataset.datatype.DataType  - asString(value=Audio) - start
193701 [main] DEBUG org.dbunit.dataset.datatype.StringDataType  - typeCast(value=Audio) - start
193701 [main] WARN  org.dbunit.dataset.datatype.StringDataType  - Unknown/unsupported object type 'com.tmt.kontroll.content.persistence.selections.ContentType' - will invoke toString() as last fallback which might produce undesired results
193701 [main] DEBUG org.dbunit.dataset.DefaultTable  - getValue(row=0, column=ID) - start
193701 [main] DEBUG org.dbunit.dataset.AbstractTable  - assertValidRowIndex(row=0) - start
193701 [main] DEBUG org.dbunit.dataset.AbstractTable  - assertValidRowIndex(row=0, rowCount=1) - start
193701 [main] DEBUG org.dbunit.dataset.AbstractTable  - getColumnIndex(columnName=ID) - start
193701 [main] DEBUG org.dbunit.dataset.AbstractTableMetaData  - getColumnIndex(columnName=ID) - start
193701 [main] DEBUG org.dbunit.database.statement.AutomaticPreparedBatchStatement  - addValue(value=1, dataType=INTEGER) - start
193701 [main] DEBUG org.dbunit.database.statement.SimplePreparedStatement  - addValue(value=1, dataType=INTEGER) - start
193701 [main] DEBUG org.dbunit.dataset.datatype.IntegerDataType  - setSqlValue(value=1, column=5, statement=org.hsqldb.jdbc.JDBCPreparedStatement@6ee9dd64[sql=[insert into SCOPEDCONTENTITEM (TAGNAME, CSSCLASS, CONTENT, TYPE, ID, TIMESTAMP) values (?, ?, ?, ?, ?, ?)], parameters=[[0], [1], [2], [Audio], [null], [null]]]) - start
193701 [main] DEBUG org.dbunit.dataset.datatype.IntegerDataType  - typeCast(value=1) - start
193701 [main] DEBUG org.dbunit.dataset.DefaultTable  - getValue(row=0, column=TIMESTAMP) - start
193701 [main] DEBUG org.dbunit.dataset.AbstractTable  - assertValidRowIndex(row=0) - start
193701 [main] DEBUG org.dbunit.dataset.AbstractTable  - assertValidRowIndex(row=0, rowCount=1) - start
193701 [main] DEBUG org.dbunit.dataset.AbstractTable  - getColumnIndex(columnName=TIMESTAMP) - start
193701 [main] DEBUG org.dbunit.dataset.AbstractTableMetaData  - getColumnIndex(columnName=TIMESTAMP) - start
193702 [main] DEBUG org.dbunit.database.statement.AutomaticPreparedBatchStatement  - addValue(value=2014-02-26 12:44:14.647, dataType=TIMESTAMP) - start
193702 [main] DEBUG org.dbunit.database.statement.SimplePreparedStatement  - addValue(value=2014-02-26 12:44:14.647, dataType=TIMESTAMP) - start
193702 [main] DEBUG org.dbunit.dataset.datatype.TimestampDataType  - setSqlValue(value=2014-02-26 12:44:14.647, column=6, statement=org.hsqldb.jdbc.JDBCPreparedStatement@6ee9dd64[sql=[insert into SCOPEDCONTENTITEM (TAGNAME, CSSCLASS, CONTENT, TYPE, ID, TIMESTAMP) values (?, ?, ?, ?, ?, ?)], parameters=[[0], [1], [2], [Audio], [1], [null]]]) - start
193702 [main] DEBUG org.dbunit.dataset.datatype.TimestampDataType  - typeCast(value=2014-02-26 12:44:14.647) - start
193702 [main] DEBUG org.dbunit.database.statement.AutomaticPreparedBatchStatement  - addBatch() - start
193702 [main] DEBUG org.dbunit.database.statement.SimplePreparedStatement  - addBatch() - start
193702 [main] DEBUG org.dbunit.operation.InsertOperation  - equalsIgnoreMapping(ignoreMapping={}, table=org.dbunit.dataset.DefaultTable[_metaData=tableName=ScopedContentItem, columns=[(tagName, UNKNOWN, nullableUnknown), (cssClass, UNKNOWN, nullableUnknown), (content, UNKNOWN, nullableUnknown), (type, UNKNOWN, nullableUnknown), (id, UNKNOWN, nullableUnknown), (timeStamp, UNKNOWN, nullableUnknown)], keys=[], _rowList.size()=1], row=1) - start
193702 [main] DEBUG org.dbunit.dataset.DefaultTable  - getValue(row=1, column=tagName) - start
193702 [main] DEBUG org.dbunit.dataset.AbstractTable  - assertValidRowIndex(row=1) - start
193702 [main] DEBUG org.dbunit.dataset.AbstractTable  - assertValidRowIndex(row=1, rowCount=1) - start
193702 [main] DEBUG org.dbunit.database.statement.AutomaticPreparedBatchStatement  - executeBatch() - start
193702 [main] DEBUG org.dbunit.database.statement.SimplePreparedStatement  - executeBatch() - start
193702 [main] DEBUG org.dbunit.database.statement.SimplePreparedStatement  - clearBatch() - start
193702 [main] DEBUG org.dbunit.database.statement.AutomaticPreparedBatchStatement  - clearBatch() - start
193702 [main] DEBUG org.dbunit.database.statement.SimplePreparedStatement  - clearBatch() - start
193702 [main] DEBUG org.dbunit.database.statement.AutomaticPreparedBatchStatement  - close() - start
193702 [main] DEBUG org.dbunit.database.statement.AbstractPreparedBatchStatement  - close() - start
193702 [main] DEBUG org.dbunit.dataset.filter.SequenceTableIterator  - next() - start
193702 [main] DEBUG org.dbunit.dataset.filter.SequenceTableIterator  - getTable() - start
193702 [main] DEBUG org.dbunit.dataset.AbstractDataSet  - getTable(tableName=ScopedContentConditions_ScopedContentItem) - start
193702 [main] DEBUG org.dbunit.dataset.AbstractDataSet  - initialize() - start
193702 [main] DEBUG org.dbunit.dataset.AbstractDataSet  - The table name map has already been initialized.
193703 [main] DEBUG org.dbunit.dataset.OrderedTableNameMap  - getTableName(tableName=ScopedContentConditions_ScopedContentItem) - start
193703 [main] DEBUG org.dbunit.dataset.OrderedTableNameMap  - getTableName(tableName=ScopedContentConditions_ScopedContentItem) - end - result=SCOPEDCONTENTCONDITIONS_SCOPEDCONTENTITEM
193703 [main] TRACE org.dbunit.operation.AbstractBatchOperation  - execute: processing table='ScopedContentConditions_ScopedContentItem'
193703 [main] DEBUG org.dbunit.operation.AbstractBatchOperation  - isEmpty(table=org.dbunit.dataset.DefaultTable[_metaData=tableName=ScopedContentConditions_ScopedContentItem, columns=[], keys=[], _rowList.size()=0]) - start
193703 [main] DEBUG org.dbunit.dataset.filter.SequenceTableIterator  - next() - start
193703 [main] DEBUG org.dbunit.dataset.filter.SequenceTableIterator  - getTable() - start
193703 [main] DEBUG org.dbunit.dataset.AbstractDataSet  - getTable(tableName=ScopedContent_ScopedContentItem) - start
193703 [main] DEBUG org.dbunit.dataset.AbstractDataSet  - initialize() - start
193703 [main] DEBUG org.dbunit.dataset.AbstractDataSet  - The table name map has already been initialized.
193703 [main] DEBUG org.dbunit.dataset.OrderedTableNameMap  - getTableName(tableName=ScopedContent_ScopedContentItem) - start
193703 [main] DEBUG org.dbunit.dataset.OrderedTableNameMap  - getTableName(tableName=ScopedContent_ScopedContentItem) - end - result=SCOPEDCONTENT_SCOPEDCONTENTITEM
193703 [main] TRACE org.dbunit.operation.AbstractBatchOperation  - execute: processing table='ScopedContent_ScopedContentItem'
193703 [main] DEBUG org.dbunit.operation.AbstractBatchOperation  - isEmpty(table=org.dbunit.dataset.DefaultTable[_metaData=tableName=ScopedContent_ScopedContentItem, columns=[], keys=[], _rowList.size()=0]) - start
193703 [main] DEBUG org.dbunit.dataset.filter.SequenceTableIterator  - next() - start
193703 [main] DEBUG org.dbunit.dataset.filter.SequenceTableIterator  - getTable() - start
193703 [main] DEBUG org.dbunit.dataset.AbstractDataSet  - getTable(tableName=Scope_RequestContext) - start
193703 [main] DEBUG org.dbunit.dataset.AbstractDataSet  - initialize() - start
193703 [main] DEBUG org.dbunit.dataset.AbstractDataSet  - The table name map has already been initialized.
193703 [main] DEBUG org.dbunit.dataset.OrderedTableNameMap  - getTableName(tableName=Scope_RequestContext) - start
193703 [main] DEBUG org.dbunit.dataset.OrderedTableNameMap  - getTableName(tableName=Scope_RequestContext) - end - result=SCOPE_REQUESTCONTEXT
193703 [main] TRACE org.dbunit.operation.AbstractBatchOperation  - execute: processing table='Scope_RequestContext'
193703 [main] DEBUG org.dbunit.operation.AbstractBatchOperation  - isEmpty(table=org.dbunit.dataset.DefaultTable[_metaData=tableName=Scope_RequestContext, columns=[], keys=[], _rowList.size()=0]) - start
193703 [main] DEBUG org.dbunit.dataset.filter.SequenceTableIterator  - next() - start
193703 [main] DEBUG org.dbunit.dataset.filter.SequenceTableIterator  - getTable() - start
193703 [main] DEBUG org.dbunit.dataset.AbstractDataSet  - getTable(tableName=User) - start
193703 [main] DEBUG org.dbunit.dataset.AbstractDataSet  - initialize() - start
193703 [main] DEBUG org.dbunit.dataset.AbstractDataSet  - The table name map has already been initialized.
193703 [main] DEBUG org.dbunit.dataset.OrderedTableNameMap  - getTableName(tableName=User) - start
193703 [main] DEBUG org.dbunit.dataset.OrderedTableNameMap  - getTableName(tableName=User) - end - result=USER
193703 [main] TRACE org.dbunit.operation.AbstractBatchOperation  - execute: processing table='User'
193703 [main] DEBUG org.dbunit.operation.AbstractBatchOperation  - isEmpty(table=org.dbunit.dataset.DefaultTable[_metaData=tableName=User, columns=[], keys=[], _rowList.size()=0]) - start
193703 [main] DEBUG org.dbunit.dataset.filter.SequenceTableIterator  - next() - start
193704 [main] DEBUG org.dbunit.dataset.filter.SequenceTableIterator  - getTable() - start
193704 [main] DEBUG org.dbunit.dataset.AbstractDataSet  - getTable(tableName=Users_Authorities) - start
193704 [main] DEBUG org.dbunit.dataset.AbstractDataSet  - initialize() - start
193704 [main] DEBUG org.dbunit.dataset.AbstractDataSet  - The table name map has already been initialized.
193704 [main] DEBUG org.dbunit.dataset.OrderedTableNameMap  - getTableName(tableName=Users_Authorities) - start
193704 [main] DEBUG org.dbunit.dataset.OrderedTableNameMap  - getTableName(tableName=Users_Authorities) - end - result=USERS_AUTHORITIES
193704 [main] TRACE org.dbunit.operation.AbstractBatchOperation  - execute: processing table='Users_Authorities'
193704 [main] DEBUG org.dbunit.operation.AbstractBatchOperation  - isEmpty(table=org.dbunit.dataset.DefaultTable[_metaData=tableName=Users_Authorities, columns=[], keys=[], _rowList.size()=0]) - start
193704 [main] DEBUG org.dbunit.dataset.filter.SequenceTableIterator  - next() - start
193704 [main] DEBUG org.springframework.beans.factory.support.DefaultListableBeanFactory  - Returning cached instance of singleton bean 'transactionManager'
193704 [main] DEBUG org.springframework.orm.jpa.JpaTransactionManager  - Creating new transaction with name [com.tmt.kontroll.content.persistence.services.ScopedContentItemDaoService.create]: PROPAGATION_REQUIRED,ISOLATION_DEFAULT; '',-com.tmt.kontroll.persistence.exceptions.EntityNotFoundInDatabaseException
193704 [main] DEBUG org.hibernate.internal.SessionImpl  - Opened session at timestamp: 13934150557
193704 [main] TRACE org.hibernate.internal.SessionImpl  - Setting flush mode to: AUTO
193705 [main] TRACE org.hibernate.internal.SessionImpl  - Setting cache mode to: NORMAL
193705 [main] DEBUG org.springframework.orm.jpa.JpaTransactionManager  - Opened new EntityManager [org.hibernate.ejb.EntityManagerImpl@3bc6091f] for JPA transaction
193705 [main] DEBUG org.hibernate.engine.transaction.spi.AbstractTransactionImpl  - begin
193705 [main] DEBUG org.hibernate.engine.jdbc.internal.LogicalConnectionImpl  - Obtaining JDBC connection
193705 [main] DEBUG org.hibernate.engine.jdbc.internal.LogicalConnectionImpl  - Obtained JDBC connection
193705 [main] DEBUG org.hibernate.engine.transaction.internal.jdbc.JdbcTransaction  - initial autocommit status: true
193705 [main] DEBUG org.hibernate.engine.transaction.internal.jdbc.JdbcTransaction  - disabling autocommit
193705 [main] DEBUG org.springframework.orm.jpa.JpaTransactionManager  - Exposing JPA transaction as JDBC transaction [org.springframework.orm.jpa.vendor.HibernateJpaDialect$HibernateConnectionHandle@4680f0e1]
193705 [main] TRACE org.springframework.transaction.support.TransactionSynchronizationManager  - Bound value [org.springframework.jdbc.datasource.ConnectionHolder@3b4667f0] for key [org.apache.commons.dbcp.BasicDataSource@3a3941c8] to thread [main]
193705 [main] TRACE org.springframework.transaction.support.TransactionSynchronizationManager  - Bound value [org.springframework.orm.jpa.EntityManagerHolder@b51dbf7] for key [org.springframework.orm.jpa.LocalContainerEntityManagerFactoryBean@7529f450] to thread [main]
193705 [main] TRACE org.springframework.transaction.support.TransactionSynchronizationManager  - Initializing transaction synchronization
193705 [main] TRACE org.springframework.transaction.interceptor.TransactionInterceptor  - Getting transaction for [com.tmt.kontroll.content.persistence.services.ScopedContentItemDaoService.create]
193705 [main] TRACE org.springframework.transaction.support.TransactionSynchronizationManager  - Bound value [java.lang.Object@25fb51fb] for key [public abstract java.lang.Object org.springframework.data.repository.CrudRepository.save(java.lang.Object)] to thread [main]
193705 [main] DEBUG org.springframework.beans.factory.support.DefaultListableBeanFactory  - Returning cached instance of singleton bean 'transactionManager'
193705 [main] TRACE org.springframework.transaction.support.TransactionSynchronizationManager  - Retrieved value [org.springframework.orm.jpa.EntityManagerHolder@b51dbf7] for key [org.springframework.orm.jpa.LocalContainerEntityManagerFactoryBean@7529f450] bound to thread [main]
193705 [main] DEBUG org.springframework.orm.jpa.JpaTransactionManager  - Found thread-bound EntityManager [org.hibernate.ejb.EntityManagerImpl@3bc6091f] for JPA transaction
193705 [main] TRACE org.springframework.transaction.support.TransactionSynchronizationManager  - Retrieved value [org.springframework.jdbc.datasource.ConnectionHolder@3b4667f0] for key [org.apache.commons.dbcp.BasicDataSource@3a3941c8] bound to thread [main]
193705 [main] DEBUG org.springframework.orm.jpa.JpaTransactionManager  - Participating in existing transaction
193705 [main] TRACE org.springframework.transaction.interceptor.TransactionInterceptor  - Getting transaction for [org.springframework.data.jpa.repository.support.SimpleJpaRepository.save]
193706 [main] TRACE org.springframework.transaction.support.TransactionSynchronizationManager  - Retrieved value [org.springframework.orm.jpa.EntityManagerHolder@b51dbf7] for key [org.springframework.orm.jpa.LocalContainerEntityManagerFactoryBean@7529f450] bound to thread [main]
193706 [main] TRACE org.hibernate.event.internal.AbstractSaveEventListener  - Transient instance of: com.tmt.kontroll.content.persistence.entities.ScopedContentItem
193706 [main] TRACE org.hibernate.event.internal.DefaultPersistEventListener  - Saving transient instance
193706 [main] TRACE org.hibernate.event.internal.AbstractSaveEventListener  - Saving [com.tmt.kontroll.content.persistence.entities.ScopedContentItem#<null>]
193706 [main] TRACE org.hibernate.event.internal.WrapVisitor  - Wrapped collection in role: com.tmt.kontroll.content.persistence.entities.ScopedContentItem.conditions
193706 [main] TRACE org.hibernate.engine.spi.ActionQueue  - Adding an EntityIdentityInsertAction for [com.tmt.kontroll.content.persistence.entities.ScopedContentItem] object
193706 [main] TRACE org.hibernate.engine.spi.ActionQueue  - Executing inserts before finding non-nullable transient entities for early insert: [EntityIdentityInsertAction[com.tmt.kontroll.content.persistence.entities.ScopedContentItem#<null>]]
193706 [main] TRACE org.hibernate.engine.spi.ActionQueue  - Adding insert with no non-nullable, transient entities: [EntityIdentityInsertAction[com.tmt.kontroll.content.persistence.entities.ScopedContentItem#<null>]]
193706 [main] TRACE org.hibernate.engine.spi.ActionQueue  - Executing insertions before resolved early-insert
193706 [main] DEBUG org.hibernate.engine.spi.ActionQueue  - Executing identity-insert immediately
193706 [main] TRACE org.hibernate.persister.entity.AbstractEntityPersister  - Inserting entity: com.tmt.kontroll.content.persistence.entities.ScopedContentItem (native id)
193706 [main] TRACE org.hibernate.engine.jdbc.internal.proxy.ConnectionProxyHandler  - Handling invocation of connection method [prepareStatement]
193707 [main] DEBUG org.hibernate.SQL  - insert into ScopedContentItem (id, timeStamp, content, cssClass, tagName, type) values (default, ?, ?, ?, ?, ?)
Hibernate: insert into ScopedContentItem (id, timeStamp, content, cssClass, tagName, type) values (default, ?, ?, ?, ?, ?)
193707 [main] TRACE org.hibernate.engine.jdbc.internal.JdbcResourceRegistryImpl  - Registering statement [org.hibernate.engine.jdbc.internal.proxy.PreparedStatementProxyHandler@3291c506[valid=true]]
193707 [main] TRACE org.hibernate.persister.entity.AbstractEntityPersister  - Dehydrating entity: [com.tmt.kontroll.content.persistence.entities.ScopedContentItem#<null>]
193707 [main] TRACE org.hibernate.type.descriptor.sql.BasicBinder  - binding parameter [1] as [TIMESTAMP] - 2014-02-26 12:44:14.647
193707 [main] TRACE org.hibernate.engine.jdbc.internal.proxy.AbstractStatementProxyHandler  - Handling invocation of statement method [setTimestamp]
193707 [main] TRACE org.hibernate.engine.jdbc.internal.proxy.PreparedStatementProxyHandler  - Binding via setTimestamp: [1, 2014-02-26 12:44:14.647]
193707 [main] TRACE org.hibernate.type.descriptor.sql.BasicBinder  - binding parameter [2] as [VARCHAR] - 2
193707 [main] TRACE org.hibernate.engine.jdbc.internal.proxy.AbstractStatementProxyHandler  - Handling invocation of statement method [setString]
193707 [main] TRACE org.hibernate.engine.jdbc.internal.proxy.PreparedStatementProxyHandler  - Binding via setString: [2, 2]
193707 [main] TRACE org.hibernate.type.descriptor.sql.BasicBinder  - binding parameter [3] as [VARCHAR] - 1
193707 [main] TRACE org.hibernate.engine.jdbc.internal.proxy.AbstractStatementProxyHandler  - Handling invocation of statement method [setString]
193707 [main] TRACE org.hibernate.engine.jdbc.internal.proxy.PreparedStatementProxyHandler  - Binding via setString: [3, 1]
193707 [main] TRACE org.hibernate.type.descriptor.sql.BasicBinder  - binding parameter [4] as [VARCHAR] - 0
193708 [main] TRACE org.hibernate.engine.jdbc.internal.proxy.AbstractStatementProxyHandler  - Handling invocation of statement method [setString]
193708 [main] TRACE org.hibernate.engine.jdbc.internal.proxy.PreparedStatementProxyHandler  - Binding via setString: [4, 0]
193708 [main] TRACE org.hibernate.type.EnumType  - Binding {0} to parameter: 5
193708 [main] TRACE org.hibernate.engine.jdbc.internal.proxy.AbstractStatementProxyHandler  - Handling invocation of statement method [setObject]
193708 [main] TRACE org.hibernate.engine.jdbc.internal.proxy.PreparedStatementProxyHandler  - Binding via setObject: [5, Audio, 12]
193708 [main] TRACE org.hibernate.engine.jdbc.internal.proxy.AbstractStatementProxyHandler  - Handling invocation of statement method [executeUpdate]
193708 [main] TRACE org.hibernate.engine.jdbc.internal.proxy.AbstractStatementProxyHandler  - Handling invocation of statement method [getGeneratedKeys]
193708 [main] TRACE org.hibernate.engine.jdbc.internal.JdbcResourceRegistryImpl  - Registering result set [org.hibernate.engine.jdbc.internal.proxy.ImplicitResultSetProxyHandler@1e26da[valid=true]]
193708 [main] TRACE org.hibernate.engine.jdbc.internal.proxy.AbstractResultSetProxyHandler  - Handling invocation of ResultSet method [getStatement]
193708 [main] TRACE org.hibernate.engine.jdbc.internal.proxy.AbstractResultSetProxyHandler  - Handling invocation of ResultSet method [next]
193708 [main] TRACE org.hibernate.engine.jdbc.internal.proxy.AbstractResultSetProxyHandler  - Handling invocation of ResultSet method [getMetaData]
193708 [main] TRACE org.hibernate.engine.jdbc.internal.proxy.AbstractResultSetProxyHandler  - Handling invocation of ResultSet method [getInt]
193708 [main] DEBUG org.hibernate.id.IdentifierGeneratorHelper  - Natively generated identity: 5
193708 [main] TRACE org.hibernate.engine.jdbc.internal.proxy.AbstractResultSetProxyHandler  - Handling invocation of ResultSet method [close]
193708 [main] TRACE org.hibernate.engine.jdbc.internal.JdbcResourceRegistryImpl  - Releasing result set [org.hibernate.engine.jdbc.internal.proxy.ImplicitResultSetProxyHandler@1e26da[valid=true]]
193708 [main] TRACE org.hibernate.engine.jdbc.internal.proxy.AbstractResultSetProxyHandler  - Handling invocation of ResultSet method [getStatement]
193708 [main] TRACE org.hibernate.engine.jdbc.internal.JdbcResourceRegistryImpl  - Closing result set [org.hibernate.engine.jdbc.internal.proxy.ImplicitResultSetProxyHandler@1e26da[valid=true]]
193709 [main] TRACE org.hibernate.engine.jdbc.internal.proxy.AbstractResultSetProxyHandler  - Handling invocation of ResultSet method [getWrappedObject]
193709 [main] TRACE org.hibernate.engine.jdbc.internal.JdbcResourceRegistryImpl  - Closing result set [org.apache.commons.dbcp.DelegatingResultSet@1e26da]
193709 [main] TRACE org.hibernate.engine.jdbc.internal.proxy.AbstractResultSetProxyHandler  - Handling invocation of ResultSet method [invalidate]
193709 [main] TRACE org.hibernate.engine.jdbc.internal.proxy.AbstractStatementProxyHandler  - Handling invocation of statement method [close]
193709 [main] TRACE org.hibernate.engine.jdbc.internal.JdbcResourceRegistryImpl  - Releasing statement [org.hibernate.engine.jdbc.internal.proxy.PreparedStatementProxyHandler@3291c506[valid=true]]
193709 [main] TRACE org.hibernate.engine.jdbc.internal.JdbcResourceRegistryImpl  - Closing prepared statement [org.hibernate.engine.jdbc.internal.proxy.PreparedStatementProxyHandler@3291c506[valid=true]]
193709 [main] TRACE org.hibernate.engine.jdbc.internal.proxy.AbstractStatementProxyHandler  - Handling invocation of statement method [getWrappedObject]
193709 [main] TRACE org.hibernate.engine.jdbc.internal.JdbcResourceRegistryImpl  - Closing prepared statement [org.hsqldb.jdbc.JDBCPreparedStatement@3291c506[sql=[insert into ScopedContentItem (id, timeStamp, content, cssClass, tagName, type) values (default, ?, ?, ?, ?, ?)], parameters=[[org.hsqldb.types.TimestampData@759d8e5e], [2], [1], [0], [Audio]]]]
193709 [main] TRACE org.hibernate.engine.jdbc.internal.proxy.AbstractStatementProxyHandler  - Handling invocation of statement method [invalidate]
193709 [main] TRACE org.hibernate.engine.jdbc.internal.LogicalConnectionImpl  - Starting after statement execution processing [ON_CLOSE]
193709 [main] TRACE org.hibernate.action.internal.UnresolvedEntityInsertActions  - No unresolved entity inserts that depended on [[com.tmt.kontroll.content.persistence.entities.ScopedContentItem#5]]
193709 [main] TRACE org.hibernate.action.internal.UnresolvedEntityInsertActions  - No entity insert actions have non-nullable, transient entity dependencies.
193709 [main] TRACE org.springframework.transaction.interceptor.TransactionInterceptor  - Completing transaction for [org.springframework.data.jpa.repository.support.SimpleJpaRepository.save]
193709 [main] TRACE org.springframework.transaction.support.TransactionSynchronizationManager  - Removed value [java.lang.Object@25fb51fb] for key [public abstract java.lang.Object org.springframework.data.repository.CrudRepository.save(java.lang.Object)] from thread [main]
193709 [main] TRACE org.springframework.transaction.interceptor.TransactionInterceptor  - Completing transaction for [com.tmt.kontroll.content.persistence.services.ScopedContentItemDaoService.create]
193709 [main] TRACE org.springframework.orm.jpa.JpaTransactionManager  - Triggering beforeCommit synchronization
193709 [main] TRACE org.springframework.orm.jpa.JpaTransactionManager  - Triggering beforeCompletion synchronization
193709 [main] DEBUG org.springframework.orm.jpa.JpaTransactionManager  - Initiating transaction commit
193709 [main] DEBUG org.springframework.orm.jpa.JpaTransactionManager  - Committing JPA transaction on EntityManager [org.hibernate.ejb.EntityManagerImpl@3bc6091f]
193710 [main] DEBUG org.hibernate.engine.transaction.spi.AbstractTransactionImpl  - committing
193710 [main] TRACE org.hibernate.internal.SessionImpl  - Automatically flushing session
193710 [main] TRACE org.hibernate.event.internal.AbstractFlushingEventListener  - Flushing session
193710 [main] DEBUG org.hibernate.event.internal.AbstractFlushingEventListener  - Processing flush-time cascades
193710 [main] TRACE org.hibernate.engine.internal.Cascade  - Processing cascade ACTION_PERSIST_ON_FLUSH for: com.tmt.kontroll.content.persistence.entities.ScopedContentItem
193710 [main] TRACE org.hibernate.engine.internal.Cascade  - Done processing cascade ACTION_PERSIST_ON_FLUSH for: com.tmt.kontroll.content.persistence.entities.ScopedContentItem
193710 [main] DEBUG org.hibernate.event.internal.AbstractFlushingEventListener  - Dirty checking collections
193710 [main] TRACE org.hibernate.event.internal.AbstractFlushingEventListener  - Flushing entities and processing referenced collections
193712 [main] DEBUG org.hibernate.engine.internal.Collections  - Collection found: [com.tmt.kontroll.content.persistence.entities.ScopedContentItem.conditions#5], was: [<unreferenced>] (initialized)
193713 [main] TRACE org.hibernate.event.internal.AbstractFlushingEventListener  - Processing unreferenced collections
193713 [main] TRACE org.hibernate.event.internal.AbstractFlushingEventListener  - Scheduling collection removes/(re)creates/updates
193713 [main] DEBUG org.hibernate.event.internal.AbstractFlushingEventListener  - Flushed: 0 insertions, 0 updates, 0 deletions to 1 objects
193713 [main] DEBUG org.hibernate.event.internal.AbstractFlushingEventListener  - Flushed: 1 (re)creations, 0 updates, 0 removals to 1 collections
193713 [main] DEBUG org.hibernate.internal.util.EntityPrinter  - Listing entities:
193713 [main] DEBUG org.hibernate.internal.util.EntityPrinter  - com.tmt.kontroll.content.persistence.entities.ScopedContentItem{content=2, conditions=[com.tmt.kontroll.content.persistence.entities.ScopedContentCondition#1], id=5, timeStamp=2014-02-26 12:44:14.647, tagName=0, cssClass=1, type=Audio, scopedContents=null}
193713 [main] TRACE org.hibernate.event.internal.AbstractFlushingEventListener  - Executing flush
193713 [main] TRACE org.hibernate.engine.jdbc.internal.LogicalConnectionImpl  - Disabling releases
193713 [main] TRACE org.hibernate.engine.jdbc.internal.LogicalConnectionImpl  - (Re)enabling releases
193713 [main] TRACE org.hibernate.engine.jdbc.internal.LogicalConnectionImpl  - Starting after statement execution processing [ON_CLOSE]
193713 [main] TRACE org.hibernate.event.internal.AbstractFlushingEventListener  - Post flush
193713 [main] TRACE org.hibernate.internal.SessionImpl  - before transaction completion
193713 [main] DEBUG org.hibernate.engine.transaction.internal.jdbc.JdbcTransaction  - committed JDBC Connection
193713 [main] DEBUG org.hibernate.engine.transaction.internal.jdbc.JdbcTransaction  - re-enabling autocommit
193713 [main] TRACE org.hibernate.engine.transaction.internal.TransactionCoordinatorImpl  - after transaction completion
193713 [main] TRACE org.hibernate.internal.SessionImpl  - after transaction completion
193713 [main] TRACE org.springframework.orm.jpa.JpaTransactionManager  - Triggering afterCommit synchronization
193713 [main] TRACE org.springframework.orm.jpa.JpaTransactionManager  - Triggering afterCompletion synchronization
193713 [main] TRACE org.springframework.transaction.support.TransactionSynchronizationManager  - Clearing transaction synchronization
193713 [main] TRACE org.springframework.transaction.support.TransactionSynchronizationManager  - Removed value [org.springframework.orm.jpa.EntityManagerHolder@b51dbf7] for key [org.springframework.orm.jpa.LocalContainerEntityManagerFactoryBean@7529f450] from thread [main]
193714 [main] TRACE org.springframework.transaction.support.TransactionSynchronizationManager  - Removed value [org.springframework.jdbc.datasource.ConnectionHolder@3b4667f0] for key [org.apache.commons.dbcp.BasicDataSource@3a3941c8] from thread [main]
193714 [main] DEBUG org.springframework.orm.jpa.JpaTransactionManager  - Closing JPA EntityManager [org.hibernate.ejb.EntityManagerImpl@3bc6091f] after transaction
193714 [main] DEBUG org.springframework.orm.jpa.EntityManagerFactoryUtils  - Closing JPA EntityManager
193714 [main] TRACE org.hibernate.internal.SessionImpl  - Closing session
193714 [main] TRACE org.hibernate.engine.jdbc.internal.LogicalConnectionImpl  - Closing logical connection
193714 [main] TRACE org.hibernate.engine.jdbc.internal.proxy.ConnectionProxyHandler  - Handling invocation of connection method [close]
193714 [main] TRACE org.hibernate.engine.jdbc.internal.proxy.ConnectionProxyHandler  - Invalidating connection handle
193714 [main] TRACE org.hibernate.engine.jdbc.internal.JdbcResourceRegistryImpl  - Closing JDBC container [org.hibernate.engine.jdbc.internal.JdbcResourceRegistryImpl@b6fee8c]
193714 [main] DEBUG org.hibernate.engine.jdbc.internal.LogicalConnectionImpl  - Releasing JDBC connection
193714 [main] DEBUG org.hibernate.engine.jdbc.internal.LogicalConnectionImpl  - Released JDBC connection
193714 [main] DEBUG org.hibernate.engine.jdbc.internal.proxy.ConnectionProxyHandler  - HHH000163: Logical connection releasing its physical connection
193714 [main] TRACE org.hibernate.engine.jdbc.internal.LogicalConnectionImpl  - Logical connection closed
193714 [main] TRACE org.springframework.test.context.TestContextManager  - afterTestMethod(): instance [com.tmt.kontroll.content.persistence.services.ScopedContentItemDaoServiceTest@6eaf6c3b], method [public void com.tmt.kontroll.test.persistence.PersistenceEntityDaoServiceTest.testThatUniqueConstraintsOnColumnViolationsCauseError()], exception [java.lang.AssertionError: Constraint assertion failed. Failures:
Unique constraint on column: ]
193714 [main] DEBUG org.dbunit.database.AbstractDatabaseConnection  - createDataSet() - start
193714 [main] DEBUG org.dbunit.database.DatabaseDataSet  - initialize() - start
193714 [main] DEBUG org.dbunit.database.DatabaseSequenceFilter  - sortTableNames(connection=_databaseConfig=org.dbunit.database.DatabaseConfig[, _propertyMap={http://www.dbunit.org/properties/statementFactory=org.dbunit.database.statement.PreparedStatementFactory@626bc2b8, http://www.dbunit.org/features/caseSensitiveTableNames=false, http://www.dbunit.org/properties/fetchSize=100, http://www.dbunit.org/features/batchedStatements=false, http://www.dbunit.org/properties/metadataHandler=org.dbunit.database.DefaultMetadataHandler@3eeace42, http://www.dbunit.org/properties/datatypeFactory=org.dbunit.dataset.datatype.DefaultDataTypeFactory[_toleratedDeltaMap=org.dbunit.dataset.datatype.ToleratedDeltaMap@6452310a], http://www.dbunit.org/properties/escapePattern=null, http://www.dbunit.org/properties/batchSize=100, http://www.dbunit.org/features/qualifiedTableNames=false, http://www.dbunit.org/properties/tableType=[Ljava.lang.String;@5011bafa, http://www.dbunit.org/properties/resultSetTableFactory=org.dbunit.database.CachedResultSetTableFactory@10bcf083, http://www.dbunit.org/features/datatypeWarning=true}], _dataSet=AbstractDataSet[_orderedTableNameMap=null], tableNames=[AUTHORITY, CAPTION, NESTEDSCOPEDCONTENTCONDITIONS, REQUESTCONTEXT, SCOPE, SCOPEDCONTENT, SCOPEDCONTENTCONDITION, SCOPEDCONTENTCONDITIONATTRIBUTE, SCOPEDCONTENTCONDITIONS_SCOPEDCONTENT, SCOPEDCONTENTCONDITIONS_SCOPEDCONTENTITEM, SCOPEDCONTENTITEM, SCOPEDCONTENT_SCOPEDCONTENTITEM, SCOPE_REQUESTCONTEXT, USER, USERS_AUTHORITIES]) - start
193714 [main] DEBUG org.dbunit.database.DatabaseSequenceFilter  - getDependencyInfo(connection=_databaseConfig=org.dbunit.database.DatabaseConfig[, _propertyMap={http://www.dbunit.org/properties/statementFactory=org.dbunit.database.statement.PreparedStatementFactory@626bc2b8, http://www.dbunit.org/features/caseSensitiveTableNames=false, http://www.dbunit.org/properties/fetchSize=100, http://www.dbunit.org/features/batchedStatements=false, http://www.dbunit.org/properties/metadataHandler=org.dbunit.database.DefaultMetadataHandler@3eeace42, http://www.dbunit.org/properties/datatypeFactory=org.dbunit.dataset.datatype.DefaultDataTypeFactory[_toleratedDeltaMap=org.dbunit.dataset.datatype.ToleratedDeltaMap@6452310a], http://www.dbunit.org/properties/escapePattern=null, http://www.dbunit.org/properties/batchSize=100, http://www.dbunit.org/features/qualifiedTableNames=false, http://www.dbunit.org/properties/tableType=[Ljava.lang.String;@5011bafa, http://www.dbunit.org/properties/resultSetTableFactory=org.dbunit.database.CachedResultSetTableFactory@10bcf083, http://www.dbunit.org/features/datatypeWarning=true}], _dataSet=AbstractDataSet[_orderedTableNameMap=null], tableName=AUTHORITY) - start
193715 [main] DEBUG org.dbunit.database.search.TablesDependencyHelper  - getDependentTables(connection=_databaseConfig=org.dbunit.database.DatabaseConfig[, _propertyMap={http://www.dbunit.org/properties/statementFactory=org.dbunit.database.statement.PreparedStatementFactory@626bc2b8, http://www.dbunit.org/features/caseSensitiveTableNames=false, http://www.dbunit.org/properties/fetchSize=100, http://www.dbunit.org/features/batchedStatements=false, http://www.dbunit.org/properties/metadataHandler=org.dbunit.database.DefaultMetadataHandler@3eeace42, http://www.dbunit.org/properties/datatypeFactory=org.dbunit.dataset.datatype.DefaultDataTypeFactory[_toleratedDeltaMap=org.dbunit.dataset.datatype.ToleratedDeltaMap@6452310a], http://www.dbunit.org/properties/escapePattern=null, http://www.dbunit.org/properties/batchSize=100, http://www.dbunit.org/features/qualifiedTableNames=false, http://www.dbunit.org/properties/tableType=[Ljava.lang.String;@5011bafa, http://www.dbunit.org/properties/resultSetTableFactory=org.dbunit.database.CachedResultSetTableFactory@10bcf083, http://www.dbunit.org/features/datatypeWarning=true}], _dataSet=AbstractDataSet[_orderedTableNameMap=null], rootTable=AUTHORITY) - start
193715 [main] DEBUG org.dbunit.database.search.TablesDependencyHelper  - getDependentTables(connection=_databaseConfig=org.dbunit.database.DatabaseConfig[, _propertyMap={http://www.dbunit.org/properties/statementFactory=org.dbunit.database.statement.PreparedStatementFactory@626bc2b8, http://www.dbunit.org/features/caseSensitiveTableNames=false, http://www.dbunit.org/properties/fetchSize=100, http://www.dbunit.org/features/batchedStatements=false, http://www.dbunit.org/properties/metadataHandler=org.dbunit.database.DefaultMetadataHandler@3eeace42, http://www.dbunit.org/properties/datatypeFactory=org.dbunit.dataset.datatype.DefaultDataTypeFactory[_toleratedDeltaMap=org.dbunit.dataset.datatype.ToleratedDeltaMap@6452310a], http://www.dbunit.org/properties/escapePattern=null, http://www.dbunit.org/properties/batchSize=100, http://www.dbunit.org/features/qualifiedTableNames=false, http://www.dbunit.org/properties/tableType=[Ljava.lang.String;@5011bafa, http://www.dbunit.org/properties/resultSetTableFactory=org.dbunit.database.CachedResultSetTableFactory@10bcf083, http://www.dbunit.org/features/datatypeWarning=true}], _dataSet=AbstractDataSet[_orderedTableNameMap=null], rootTables=[AUTHORITY]) - start
193715 [main] DEBUG org.dbunit.util.search.DepthFirstSearch  - search(nodesFrom=[AUTHORITY], callback=org.dbunit.database.search.ImportedKeysSearchCallback@74dfa10d) - start
193715 [main] DEBUG org.dbunit.util.CollectionsHelper  - objectsToSet(objects=AUTHORITY) - start
193715 [main] DEBUG org.dbunit.util.search.DepthFirstSearch  - search(nodesFrom=[AUTHORITY], callback=org.dbunit.database.search.ImportedKeysSearchCallback@74dfa10d) - start
193715 [main] DEBUG org.dbunit.util.search.DepthFirstSearch  - reverseSearch:AUTHORITY
193715 [main] DEBUG org.dbunit.database.search.ImportedKeysSearchCallback  - searchNode(node=AUTHORITY) - start
193715 [main] DEBUG org.dbunit.util.search.DepthFirstSearch  - Pushing (reverse) AUTHORITY
193715 [main] DEBUG org.dbunit.database.search.ImportedKeysSearchCallback  - getEdges(node=AUTHORITY) - start
193715 [main] DEBUG org.dbunit.database.search.AbstractMetaDataBasedSearchCallback  - getNodesFromImportedKeys(node=AUTHORITY) - start
193715 [main] DEBUG org.dbunit.database.search.AbstractMetaDataBasedSearchCallback  - getNodes(type=0, node=AUTHORITY) - start
193715 [main] DEBUG org.dbunit.database.DatabaseDataSourceConnection  - getConnection() - start
193715 [main] DEBUG org.dbunit.database.search.AbstractMetaDataBasedSearchCallback  - getNodes(type=0, node=AUTHORITY, conn=Transaction-aware proxy for target Connection [jdbc:hsqldb:mem:kontrollDS, UserName=sw, HSQL Database Engine Driver], schema=null, metaData=org.apache.commons.dbcp.DelegatingDatabaseMetaData@5c6986d, edges=[]) - start
193715 [main] DEBUG org.dbunit.database.search.AbstractMetaDataBasedSearchCallback  - Getting edges for node AUTHORITY
193715 [main] TRACE org.dbunit.database.DatabaseConfig  - getProperty(name=http://www.dbunit.org/properties/metadataHandler) - start
193715 [main] TRACE org.dbunit.database.DefaultMetadataHandler  - tableExists(metaData=org.apache.commons.dbcp.DelegatingDatabaseMetaData@5c6986d, schemaName=null, tableName=AUTHORITY) - start
193716 [main] DEBUG org.dbunit.util.SQLHelper  - close(resultSet=org.apache.commons.dbcp.DelegatingResultSet@2a5eae5a) - start
193717 [main] DEBUG org.dbunit.util.SQLHelper  - close(resultSet=org.apache.commons.dbcp.DelegatingResultSet@3b714653) - start
193717 [main] DEBUG org.dbunit.util.search.DepthFirstSearch  - search:AUTHORITY
193717 [main] DEBUG org.dbunit.database.search.ImportedKeysSearchCallback  - searchNode(node=AUTHORITY) - start
193717 [main] DEBUG org.dbunit.util.search.DepthFirstSearch  - Pushing AUTHORITY
193717 [main] DEBUG org.dbunit.database.search.ImportedKeysSearchCallback  - getEdges(node=AUTHORITY) - start
193717 [main] DEBUG org.dbunit.database.search.AbstractMetaDataBasedSearchCallback  - getNodesFromImportedKeys(node=AUTHORITY) - start
193717 [main] DEBUG org.dbunit.database.search.AbstractMetaDataBasedSearchCallback  - getNodes(type=0, node=AUTHORITY) - start
193717 [main] DEBUG org.dbunit.database.DatabaseDataSourceConnection  - getConnection() - start
193717 [main] DEBUG org.dbunit.database.search.AbstractMetaDataBasedSearchCallback  - getNodes(type=0, node=AUTHORITY, conn=Transaction-aware proxy for target Connection [jdbc:hsqldb:mem:kontrollDS, UserName=sw, HSQL Database Engine Driver], schema=null, metaData=org.apache.commons.dbcp.DelegatingDatabaseMetaData@9c011a2, edges=[]) - start
193717 [main] DEBUG org.dbunit.database.search.AbstractMetaDataBasedSearchCallback  - Getting edges for node AUTHORITY
193717 [main] TRACE org.dbunit.database.DatabaseConfig  - getProperty(name=http://www.dbunit.org/properties/metadataHandler) - start
193717 [main] TRACE org.dbunit.database.DefaultMetadataHandler  - tableExists(metaData=org.apache.commons.dbcp.DelegatingDatabaseMetaData@9c011a2, schemaName=null, tableName=AUTHORITY) - start
193719 [main] DEBUG org.dbunit.util.SQLHelper  - close(resultSet=org.apache.commons.dbcp.DelegatingResultSet@1083a151) - start
193719 [main] DEBUG org.dbunit.util.SQLHelper  - close(resultSet=org.apache.commons.dbcp.DelegatingResultSet@4a594f17) - start
193719 [main] DEBUG org.dbunit.util.search.DepthFirstSearch  - Adding node AUTHORITY to the final result
193719 [main] DEBUG org.dbunit.util.CollectionsHelper  - setToStrings(set=[AUTHORITY]) - start
193719 [main] DEBUG org.dbunit.database.search.TablesDependencyHelper  - getDependsOnTables(connection=_databaseConfig=org.dbunit.database.DatabaseConfig[, _propertyMap={http://www.dbunit.org/properties/statementFactory=org.dbunit.database.statement.PreparedStatementFactory@626bc2b8, http://www.dbunit.org/features/caseSensitiveTableNames=false, http://www.dbunit.org/properties/fetchSize=100, http://www.dbunit.org/features/batchedStatements=false, http://www.dbunit.org/properties/metadataHandler=org.dbunit.database.DefaultMetadataHandler@3eeace42, http://www.dbunit.org/properties/datatypeFactory=org.dbunit.dataset.datatype.DefaultDataTypeFactory[_toleratedDeltaMap=org.dbunit.dataset.datatype.ToleratedDeltaMap@6452310a], http://www.dbunit.org/properties/escapePattern=null, http://www.dbunit.org/properties/batchSize=100, http://www.dbunit.org/features/qualifiedTableNames=false, http://www.dbunit.org/properties/tableType=[Ljava.lang.String;@5011bafa, http://www.dbunit.org/properties/resultSetTableFactory=org.dbunit.database.CachedResultSetTableFactory@10bcf083, http://www.dbunit.org/features/datatypeWarning=true}], _dataSet=AbstractDataSet[_orderedTableNameMap=null], rootTable=AUTHORITY) - start
193719 [main] DEBUG org.dbunit.util.search.DepthFirstSearch  - search(nodesFrom=[AUTHORITY], callback=org.dbunit.database.search.ExportedKeysSearchCallback@51004416) - start
193719 [main] DEBUG org.dbunit.util.CollectionsHelper  - objectsToSet(objects=AUTHORITY) - start
193719 [main] DEBUG org.dbunit.util.search.DepthFirstSearch  - search(nodesFrom=[AUTHORITY], callback=org.dbunit.database.search.ExportedKeysSearchCallback@51004416) - start
193719 [main] DEBUG org.dbunit.util.search.DepthFirstSearch  - reverseSearch:AUTHORITY
193719 [main] DEBUG org.dbunit.database.search.ExportedKeysSearchCallback  - searchNode(node=AUTHORITY) - start
193719 [main] DEBUG org.dbunit.util.search.DepthFirstSearch  - Pushing (reverse) AUTHORITY
193719 [main] DEBUG org.dbunit.database.search.ExportedKeysSearchCallback  - getEdges(node=AUTHORITY) - start
193719 [main] DEBUG org.dbunit.database.search.AbstractMetaDataBasedSearchCallback  - getNodesFromExportedKeys(node=AUTHORITY) - start
193719 [main] DEBUG org.dbunit.database.search.AbstractMetaDataBasedSearchCallback  - getNodes(type=1, node=AUTHORITY) - start
193719 [main] DEBUG org.dbunit.database.DatabaseDataSourceConnection  - getConnection() - start
193719 [main] DEBUG org.dbunit.database.search.AbstractMetaDataBasedSearchCallback  - getNodes(type=1, node=AUTHORITY, conn=Transaction-aware proxy for target Connection [jdbc:hsqldb:mem:kontrollDS, UserName=sw, HSQL Database Engine Driver], schema=null, metaData=org.apache.commons.dbcp.DelegatingDatabaseMetaData@687629e5, edges=[]) - start
193719 [main] DEBUG org.dbunit.database.search.AbstractMetaDataBasedSearchCallback  - Getting edges for node AUTHORITY
193719 [main] TRACE org.dbunit.database.DatabaseConfig  - getProperty(name=http://www.dbunit.org/properties/metadataHandler) - start
193719 [main] TRACE org.dbunit.database.DefaultMetadataHandler  - tableExists(metaData=org.apache.commons.dbcp.DelegatingDatabaseMetaData@687629e5, schemaName=null, tableName=AUTHORITY) - start
193720 [main] DEBUG org.dbunit.util.SQLHelper  - close(resultSet=org.apache.commons.dbcp.DelegatingResultSet@7fe6ed79) - start
193721 [main] DEBUG org.dbunit.util.QualifiedTableName  - getQualifiedNameIfEnabled(config=org.dbunit.database.DatabaseConfig[, _propertyMap={http://www.dbunit.org/properties/statementFactory=org.dbunit.database.statement.PreparedStatementFactory@626bc2b8, http://www.dbunit.org/features/caseSensitiveTableNames=false, http://www.dbunit.org/properties/fetchSize=100, http://www.dbunit.org/features/batchedStatements=false, http://www.dbunit.org/properties/metadataHandler=org.dbunit.database.DefaultMetadataHandler@3eeace42, http://www.dbunit.org/properties/datatypeFactory=org.dbunit.dataset.datatype.DefaultDataTypeFactory[_toleratedDeltaMap=org.dbunit.dataset.datatype.ToleratedDeltaMap@6452310a], http://www.dbunit.org/properties/escapePattern=null, http://www.dbunit.org/properties/batchSize=100, http://www.dbunit.org/features/qualifiedTableNames=false, http://www.dbunit.org/properties/tableType=[Ljava.lang.String;@5011bafa, http://www.dbunit.org/properties/resultSetTableFactory=org.dbunit.database.CachedResultSetTableFactory@10bcf083, http://www.dbunit.org/features/datatypeWarning=true}]) - start
193721 [main] TRACE org.dbunit.database.DatabaseConfig  - getFeature(name=http://www.dbunit.org/features/qualifiedTableNames) - start
193721 [main] TRACE org.dbunit.database.DatabaseConfig  - getProperty(name=http://www.dbunit.org/features/qualifiedTableNames) - start
193721 [main] DEBUG org.dbunit.util.QualifiedTableName  - Qualified table names feature is disabled. Returning plain table name
193721 [main] DEBUG org.dbunit.util.QualifiedTableName  - getQualifiedName(prefix=null, name=AUTHORITY, escapePattern=null) - start
193721 [main] DEBUG org.dbunit.util.QualifiedTableName  - getQualifiedNameIfEnabled(config=org.dbunit.database.DatabaseConfig[, _propertyMap={http://www.dbunit.org/properties/statementFactory=org.dbunit.database.statement.PreparedStatementFactory@626bc2b8, http://www.dbunit.org/features/caseSensitiveTableNames=false, http://www.dbunit.org/properties/fetchSize=100, http://www.dbunit.org/features/batchedStatements=false, http://www.dbunit.org/properties/metadataHandler=org.dbunit.database.DefaultMetadataHandler@3eeace42, http://www.dbunit.org/properties/datatypeFactory=org.dbunit.dataset.datatype.DefaultDataTypeFactory[_toleratedDeltaMap=org.dbunit.dataset.datatype.ToleratedDeltaMap@6452310a], http://www.dbunit.org/properties/escapePattern=null, http://www.dbunit.org/properties/batchSize=100, http://www.dbunit.org/features/qualifiedTableNames=false, http://www.dbunit.org/properties/tableType=[Ljava.lang.String;@5011bafa, http://www.dbunit.org/properties/resultSetTableFactory=org.dbunit.database.CachedResultSetTableFactory@10bcf083, http://www.dbunit.org/features/datatypeWarning=true}]) - start
193721 [main] TRACE org.dbunit.database.DatabaseConfig  - getFeature(name=http://www.dbunit.org/features/qualifiedTableNames) - start
193721 [main] TRACE org.dbunit.database.DatabaseConfig  - getProperty(name=http://www.dbunit.org/features/qualifiedTableNames) - start
193721 [main] DEBUG org.dbunit.util.QualifiedTableName  - Qualified table names feature is disabled. Returning plain table name
193721 [main] DEBUG org.dbunit.util.QualifiedTableName  - getQualifiedName(prefix=null, name=USERS_AUTHORITIES, escapePattern=null) - start
193721 [main] DEBUG org.dbunit.database.search.AbstractMetaDataBasedSearchCallback  - newEdge(rs=org.apache.commons.dbcp.DelegatingResultSet@5e2be792, type=1, from=AUTHORITY, to=USERS_AUTHORITIES, fkColumn=AUTHORITY_ID, pkColumn=ID) - start
193721 [main] DEBUG org.dbunit.database.search.AbstractMetaDataBasedSearchCallback  - createFKEdge(rs=org.apache.commons.dbcp.DelegatingResultSet@5e2be792, type=1, from=AUTHORITY, to=USERS_AUTHORITIES, fkColumn=AUTHORITY_ID, pkColumn=ID) - start
193721 [main] DEBUG org.dbunit.database.search.AbstractMetaDataBasedSearchCallback  - Adding edge USERS_AUTHORITIES(AUTHORITY_ID)->AUTHORITY(ID)
193721 [main] DEBUG org.dbunit.util.search.Edge  - compareTo(o=USERS_AUTHORITIES(AUTHORITY_ID)->AUTHORITY(ID)) - start
193721 [main] DEBUG org.dbunit.util.SQLHelper  - close(resultSet=org.apache.commons.dbcp.DelegatingResultSet@5e2be792) - start
193721 [main] DEBUG org.dbunit.util.search.DepthFirstSearch  - reverseSearch:USERS_AUTHORITIES
193721 [main] DEBUG org.dbunit.database.search.ExportedKeysSearchCallback  - searchNode(node=USERS_AUTHORITIES) - start
193721 [main] DEBUG org.dbunit.util.search.DepthFirstSearch  - Pushing (reverse) USERS_AUTHORITIES
193723 [main] DEBUG org.dbunit.database.search.ExportedKeysSearchCallback  - getEdges(node=USERS_AUTHORITIES) - start
193723 [main] DEBUG org.dbunit.database.search.AbstractMetaDataBasedSearchCallback  - getNodesFromExportedKeys(node=USERS_AUTHORITIES) - start
193723 [main] DEBUG org.dbunit.database.search.AbstractMetaDataBasedSearchCallback  - getNodes(type=1, node=USERS_AUTHORITIES) - start
193723 [main] DEBUG org.dbunit.database.DatabaseDataSourceConnection  - getConnection() - start
193723 [main] DEBUG org.dbunit.database.search.AbstractMetaDataBasedSearchCallback  - getNodes(type=1, node=USERS_AUTHORITIES, conn=Transaction-aware proxy for target Connection [jdbc:hsqldb:mem:kontrollDS, UserName=sw, HSQL Database Engine Driver], schema=null, metaData=org.apache.commons.dbcp.DelegatingDatabaseMetaData@1470528b, edges=[]) - start
193723 [main] DEBUG org.dbunit.database.search.AbstractMetaDataBasedSearchCallback  - Getting edges for node USERS_AUTHORITIES
193723 [main] TRACE org.dbunit.database.DatabaseConfig  - getProperty(name=http://www.dbunit.org/properties/metadataHandler) - start
193723 [main] TRACE org.dbunit.database.DefaultMetadataHandler  - tableExists(metaData=org.apache.commons.dbcp.DelegatingDatabaseMetaData@1470528b, schemaName=null, tableName=USERS_AUTHORITIES) - start
193724 [main] DEBUG org.dbunit.util.SQLHelper  - close(resultSet=org.apache.commons.dbcp.DelegatingResultSet@6353725f) - start
193724 [main] DEBUG org.dbunit.util.SQLHelper  - close(resultSet=org.apache.commons.dbcp.DelegatingResultSet@1f2dcfb) - start
193724 [main] DEBUG org.dbunit.util.search.DepthFirstSearch  - search:USERS_AUTHORITIES
193724 [main] DEBUG org.dbunit.database.search.ExportedKeysSearchCallback  - searchNode(node=USERS_AUTHORITIES) - start
193724 [main] DEBUG org.dbunit.util.search.DepthFirstSearch  - Pushing USERS_AUTHORITIES
193724 [main] DEBUG org.dbunit.database.search.ExportedKeysSearchCallback  - getEdges(node=USERS_AUTHORITIES) - start
193724 [main] DEBUG org.dbunit.database.search.AbstractMetaDataBasedSearchCallback  - getNodesFromExportedKeys(node=USERS_AUTHORITIES) - start
193724 [main] DEBUG org.dbunit.database.search.AbstractMetaDataBasedSearchCallback  - getNodes(type=1, node=USERS_AUTHORITIES) - start
193724 [main] DEBUG org.dbunit.database.DatabaseDataSourceConnection  - getConnection() - start
193724 [main] DEBUG org.dbunit.database.search.AbstractMetaDataBasedSearchCallback  - getNodes(type=1, node=USERS_AUTHORITIES, conn=Transaction-aware proxy for target Connection [jdbc:hsqldb:mem:kontrollDS, UserName=sw, HSQL Database Engine Driver], schema=null, metaData=org.apache.commons.dbcp.DelegatingDatabaseMetaData@6f89e3bc, edges=[]) - start
193724 [main] DEBUG org.dbunit.database.search.AbstractMetaDataBasedSearchCallback  - Getting edges for node USERS_AUTHORITIES
193724 [main] TRACE org.dbunit.database.DatabaseConfig  - getProperty(name=http://www.dbunit.org/properties/metadataHandler) - start
193724 [main] TRACE org.dbunit.database.DefaultMetadataHandler  - tableExists(metaData=org.apache.commons.dbcp.DelegatingDatabaseMetaData@6f89e3bc, schemaName=null, tableName=USERS_AUTHORITIES) - start
193725 [main] DEBUG org.dbunit.util.SQLHelper  - close(resultSet=org.apache.commons.dbcp.DelegatingResultSet@6c3be658) - start
193725 [main] DEBUG org.dbunit.util.SQLHelper  - close(resultSet=org.apache.commons.dbcp.DelegatingResultSet@12606b9f) - start
193726 [main] DEBUG org.dbunit.util.search.DepthFirstSearch  - Adding node USERS_AUTHORITIES to the final result
193726 [main] DEBUG org.dbunit.util.search.DepthFirstSearch  - search:AUTHORITY
193726 [main] DEBUG org.dbunit.database.search.ExportedKeysSearchCallback  - searchNode(node=AUTHORITY) - start
193726 [main] DEBUG org.dbunit.util.search.DepthFirstSearch  - Pushing AUTHORITY
193726 [main] DEBUG org.dbunit.database.search.ExportedKeysSearchCallback  - getEdges(node=AUTHORITY) - start
193726 [main] DEBUG org.dbunit.database.search.AbstractMetaDataBasedSearchCallback  - getNodesFromExportedKeys(node=AUTHORITY) - start
193726 [main] DEBUG org.dbunit.database.search.AbstractMetaDataBasedSearchCallback  - getNodes(type=1, node=AUTHORITY) - start
193726 [main] DEBUG org.dbunit.database.DatabaseDataSourceConnection  - getConnection() - start
193726 [main] DEBUG org.dbunit.database.search.AbstractMetaDataBasedSearchCallback  - getNodes(type=1, node=AUTHORITY, conn=Transaction-aware proxy for target Connection [jdbc:hsqldb:mem:kontrollDS, UserName=sw, HSQL Database Engine Driver], schema=null, metaData=org.apache.commons.dbcp.DelegatingDatabaseMetaData@78399d25, edges=[]) - start
193726 [main] DEBUG org.dbunit.database.search.AbstractMetaDataBasedSearchCallback  - Getting edges for node AUTHORITY
193726 [main] TRACE org.dbunit.database.DatabaseConfig  - getProperty(name=http://www.dbunit.org/properties/metadataHandler) - start
193726 [main] TRACE org.dbunit.database.DefaultMetadataHandler  - tableExists(metaData=org.apache.commons.dbcp.DelegatingDatabaseMetaData@78399d25, schemaName=null, tableName=AUTHORITY) - start
193727 [main] DEBUG org.dbunit.util.SQLHelper  - close(resultSet=org.apache.commons.dbcp.DelegatingResultSet@7895bd28) - start
193727 [main] DEBUG org.dbunit.util.QualifiedTableName  - getQualifiedNameIfEnabled(config=org.dbunit.database.DatabaseConfig[, _propertyMap={http://www.dbunit.org/properties/statementFactory=org.dbunit.database.statement.PreparedStatementFactory@626bc2b8, http://www.dbunit.org/features/caseSensitiveTableNames=false, http://www.dbunit.org/properties/fetchSize=100, http://www.dbunit.org/features/batchedStatements=false, http://www.dbunit.org/properties/metadataHandler=org.dbunit.database.DefaultMetadataHandler@3eeace42, http://www.dbunit.org/properties/datatypeFactory=org.dbunit.dataset.datatype.DefaultDataTypeFactory[_toleratedDeltaMap=org.dbunit.dataset.datatype.ToleratedDeltaMap@6452310a], http://www.dbunit.org/properties/escapePattern=null, http://www.dbunit.org/properties/batchSize=100, http://www.dbunit.org/features/qualifiedTableNames=false, http://www.dbunit.org/properties/tableType=[Ljava.lang.String;@5011bafa, http://www.dbunit.org/properties/resultSetTableFactory=org.dbunit.database.CachedResultSetTableFactory@10bcf083, http://www.dbunit.org/features/datatypeWarning=true}]) - start
193727 [main] TRACE org.dbunit.database.DatabaseConfig  - getFeature(name=http://www.dbunit.org/features/qualifiedTableNames) - start
193727 [main] TRACE org.dbunit.database.DatabaseConfig  - getProperty(name=http://www.dbunit.org/features/qualifiedTableNames) - start
193727 [main] DEBUG org.dbunit.util.QualifiedTableName  - Qualified table names feature is disabled. Returning plain table name
193727 [main] DEBUG org.dbunit.util.QualifiedTableName  - getQualifiedName(prefix=null, name=AUTHORITY, escapePattern=null) - start
193727 [main] DEBUG org.dbunit.util.QualifiedTableName  - getQualifiedNameIfEnabled(config=org.dbunit.database.DatabaseConfig[, _propertyMap={http://www.dbunit.org/properties/statementFactory=org.dbunit.database.statement.PreparedStatementFactory@626bc2b8, http://www.dbunit.org/features/caseSensitiveTableNames=false, http://www.dbunit.org/properties/fetchSize=100, http://www.dbunit.org/features/batchedStatements=false, http://www.dbunit.org/properties/metadataHandler=org.dbunit.database.DefaultMetadataHandler@3eeace42, http://www.dbunit.org/properties/datatypeFactory=org.dbunit.dataset.datatype.DefaultDataTypeFactory[_toleratedDeltaMap=org.dbunit.dataset.datatype.ToleratedDeltaMap@6452310a], http://www.dbunit.org/properties/escapePattern=null, http://www.dbunit.org/properties/batchSize=100, http://www.dbunit.org/features/qualifiedTableNames=false, http://www.dbunit.org/properties/tableType=[Ljava.lang.String;@5011bafa, http://www.dbunit.org/properties/resultSetTableFactory=org.dbunit.database.CachedResultSetTableFactory@10bcf083, http://www.dbunit.org/features/datatypeWarning=true}]) - start
193727 [main] TRACE org.dbunit.database.DatabaseConfig  - getFeature(name=http://www.dbunit.org/features/qualifiedTableNames) - start
193727 [main] TRACE org.dbunit.database.DatabaseConfig  - getProperty(name=http://www.dbunit.org/features/qualifiedTableNames) - start
193727 [main] DEBUG org.dbunit.util.QualifiedTableName  - Qualified table names feature is disabled. Returning plain table name
193727 [main] DEBUG org.dbunit.util.QualifiedTableName  - getQualifiedName(prefix=null, name=USERS_AUTHORITIES, escapePattern=null) - start
193727 [main] DEBUG org.dbunit.database.search.AbstractMetaDataBasedSearchCallback  - newEdge(rs=org.apache.commons.dbcp.DelegatingResultSet@211eac2c, type=1, from=AUTHORITY, to=USERS_AUTHORITIES, fkColumn=AUTHORITY_ID, pkColumn=ID) - start
193727 [main] DEBUG org.dbunit.database.search.AbstractMetaDataBasedSearchCallback  - createFKEdge(rs=org.apache.commons.dbcp.DelegatingResultSet@211eac2c, type=1, from=AUTHORITY, to=USERS_AUTHORITIES, fkColumn=AUTHORITY_ID, pkColumn=ID) - start
193728 [main] DEBUG org.dbunit.database.search.AbstractMetaDataBasedSearchCallback  - Adding edge USERS_AUTHORITIES(AUTHORITY_ID)->AUTHORITY(ID)
193728 [main] DEBUG org.dbunit.util.search.Edge  - compareTo(o=USERS_AUTHORITIES(AUTHORITY_ID)->AUTHORITY(ID)) - start
193728 [main] DEBUG org.dbunit.util.SQLHelper  - close(resultSet=org.apache.commons.dbcp.DelegatingResultSet@211eac2c) - start
193728 [main] DEBUG org.dbunit.util.search.DepthFirstSearch  - search:AUTHORITY
193728 [main] DEBUG org.dbunit.util.search.DepthFirstSearch  - already searched; returning true
193728 [main] DEBUG org.dbunit.util.search.DepthFirstSearch  - Adding node AUTHORITY to the final result
193728 [main] DEBUG org.dbunit.util.CollectionsHelper  - setToStrings(set=[USERS_AUTHORITIES, AUTHORITY]) - start
193728 [main] DEBUG org.dbunit.database.search.TablesDependencyHelper  - getDirectDependsOnTables(connection=_databaseConfig=org.dbunit.database.DatabaseConfig[, _propertyMap={http://www.dbunit.org/properties/statementFactory=org.dbunit.database.statement.PreparedStatementFactory@626bc2b8, http://www.dbunit.org/features/caseSensitiveTableNames=false, http://www.dbunit.org/properties/fetchSize=100, http://www.dbunit.org/features/batchedStatements=false, http://www.dbunit.org/properties/metadataHandler=org.dbunit.database.DefaultMetadataHandler@3eeace42, http://www.dbunit.org/properties/datatypeFactory=org.dbunit.dataset.datatype.DefaultDataTypeFactory[_toleratedDeltaMap=org.dbunit.dataset.datatype.ToleratedDeltaMap@6452310a], http://www.dbunit.org/properties/escapePattern=null, http://www.dbunit.org/properties/batchSize=100, http://www.dbunit.org/features/qualifiedTableNames=false, http://www.dbunit.org/properties/tableType=[Ljava.lang.String;@5011bafa, http://www.dbunit.org/properties/resultSetTableFactory=org.dbunit.database.CachedResultSetTableFactory@10bcf083, http://www.dbunit.org/features/datatypeWarning=true}], _dataSet=AbstractDataSet[_orderedTableNameMap=null], tableName=AUTHORITY) - start
193728 [main] DEBUG org.dbunit.util.search.DepthFirstSearch  - search(nodesFrom=[AUTHORITY], callback=org.dbunit.database.search.ExportedKeysSearchCallback@52055179) - start
193728 [main] DEBUG org.dbunit.util.CollectionsHelper  - objectsToSet(objects=AUTHORITY) - start
193728 [main] DEBUG org.dbunit.util.search.DepthFirstSearch  - search(nodesFrom=[AUTHORITY], callback=org.dbunit.database.search.ExportedKeysSearchCallback@52055179) - start
193728 [main] DEBUG org.dbunit.util.search.DepthFirstSearch  - reverseSearch:AUTHORITY
193728 [main] DEBUG org.dbunit.database.search.ExportedKeysSearchCallback  - searchNode(node=AUTHORITY) - start
193728 [main] DEBUG org.dbunit.util.search.DepthFirstSearch  - Pushing (reverse) AUTHORITY
193728 [main] DEBUG org.dbunit.database.search.ExportedKeysSearchCallback  - getEdges(node=AUTHORITY) - start
193728 [main] DEBUG org.dbunit.database.search.AbstractMetaDataBasedSearchCallback  - getNodesFromExportedKeys(node=AUTHORITY) - start
193728 [main] DEBUG org.dbunit.database.search.AbstractMetaDataBasedSearchCallback  - getNodes(type=1, node=AUTHORITY) - start
193728 [main] DEBUG org.dbunit.database.DatabaseDataSourceConnection  - getConnection() - start
193728 [main] DEBUG org.dbunit.database.search.AbstractMetaDataBasedSearchCallback  - getNodes(type=1, node=AUTHORITY, conn=Transaction-aware proxy for target Connection [jdbc:hsqldb:mem:kontrollDS, UserName=sw, HSQL Database Engine Driver], schema=null, metaData=org.apache.commons.dbcp.DelegatingDatabaseMetaData@5b280900, edges=[]) - start
193728 [main] DEBUG org.dbunit.database.search.AbstractMetaDataBasedSearchCallback  - Getting edges for node AUTHORITY
193728 [main] TRACE org.dbunit.database.DatabaseConfig  - getProperty(name=http://www.dbunit.org/properties/metadataHandler) - start
193728 [main] TRACE org.dbunit.database.DefaultMetadataHandler  - tableExists(metaData=org.apache.commons.dbcp.DelegatingDatabaseMetaData@5b280900, schemaName=null, tableName=AUTHORITY) - start
193729 [main] DEBUG org.dbunit.util.SQLHelper  - close(resultSet=org.apache.commons.dbcp.DelegatingResultSet@74b80b08) - start
193730 [main] DEBUG org.dbunit.util.QualifiedTableName  - getQualifiedNameIfEnabled(config=org.dbunit.database.DatabaseConfig[, _propertyMap={http://www.dbunit.org/properties/statementFactory=org.dbunit.database.statement.PreparedStatementFactory@626bc2b8, http://www.dbunit.org/features/caseSensitiveTableNames=false, http://www.dbunit.org/properties/fetchSize=100, http://www.dbunit.org/features/batchedStatements=false, http://www.dbunit.org/properties/metadataHandler=org.dbunit.database.DefaultMetadataHandler@3eeace42, http://www.dbunit.org/properties/datatypeFactory=org.dbunit.dataset.datatype.DefaultDataTypeFactory[_toleratedDeltaMap=org.dbunit.dataset.datatype.ToleratedDeltaMap@6452310a], http://www.dbunit.org/properties/escapePattern=null, http://www.dbunit.org/properties/batchSize=100, http://www.dbunit.org/features/qualifiedTableNames=false, http://www.dbunit.org/properties/tableType=[Ljava.lang.String;@5011bafa, http://www.dbunit.org/properties/resultSetTableFactory=org.dbunit.database.CachedResultSetTableFactory@10bcf083, http://www.dbunit.org/features/datatypeWarning=true}]) - start
193730 [main] TRACE org.dbunit.database.DatabaseConfig  - getFeature(name=http://www.dbunit.org/features/qualifiedTableNames) - start
193730 [main] TRACE org.dbunit.database.DatabaseConfig  - getProperty(name=http://www.dbunit.org/features/qualifiedTableNames) - start
193730 [main] DEBUG org.dbunit.util.QualifiedTableName  - Qualified table names feature is disabled. Returning plain table name
193730 [main] DEBUG org.dbunit.util.QualifiedTableName  - getQualifiedName(prefix=null, name=AUTHORITY, escapePattern=null) - start
193730 [main] DEBUG org.dbunit.util.QualifiedTableName  - getQualifiedNameIfEnabled(config=org.dbunit.database.DatabaseConfig[, _propertyMap={http://www.dbunit.org/properties/statementFactory=org.dbunit.database.statement.PreparedStatementFactory@626bc2b8, http://www.dbunit.org/features/caseSensitiveTableNames=false, http://www.dbunit.org/properties/fetchSize=100, http://www.dbunit.org/features/batchedStatements=false, http://www.dbunit.org/properties/metadataHandler=org.dbunit.database.DefaultMetadataHandler@3eeace42, http://www.dbunit.org/properties/datatypeFactory=org.dbunit.dataset.datatype.DefaultDataTypeFactory[_toleratedDeltaMap=org.dbunit.dataset.datatype.ToleratedDeltaMap@6452310a], http://www.dbunit.org/properties/escapePattern=null, http://www.dbunit.org/properties/batchSize=100, http://www.dbunit.org/features/qualifiedTableNames=false, http://www.dbunit.org/properties/tableType=[Ljava.lang.String;@5011bafa, http://www.dbunit.org/properties/resultSetTableFactory=org.dbunit.database.CachedResultSetTableFactory@10bcf083, http://www.dbunit.org/features/datatypeWarning=true}]) - start
193730 [main] TRACE org.dbunit.database.DatabaseConfig  - getFeature(name=http://www.dbunit.org/features/qualifiedTableNames) - start
193730 [main] TRACE org.dbunit.database.DatabaseConfig  - getProperty(name=http://www.dbunit.org/features/qualifiedTableNames) - start
193730 [main] DEBUG org.dbunit.util.QualifiedTableName  - Qualified table names feature is disabled. Returning plain table name
193730 [main] DEBUG org.dbunit.util.QualifiedTableName  - getQualifiedName(prefix=null, name=USERS_AUTHORITIES, escapePattern=null) - start
193730 [main] DEBUG org.dbunit.database.search.AbstractMetaDataBasedSearchCallback  - newEdge(rs=org.apache.commons.dbcp.DelegatingResultSet@5bcc8d5a, type=1, from=AUTHORITY, to=USERS_AUTHORITIES, fkColumn=AUTHORITY_ID, pkColumn=ID) - start
193730 [main] DEBUG org.dbunit.database.search.AbstractMetaDataBasedSearchCallback  - createFKEdge(rs=org.apache.commons.dbcp.DelegatingResultSet@5bcc8d5a, type=1, from=AUTHORITY, to=USERS_AUTHORITIES, fkColumn=AUTHORITY_ID, pkColumn=ID) - start
193730 [main] DEBUG org.dbunit.database.search.AbstractMetaDataBasedSearchCallback  - Adding edge USERS_AUTHORITIES(AUTHORITY_ID)->AUTHORITY(ID)
193730 [main] DEBUG org.dbunit.util.search.Edge  - compareTo(o=USERS_AUTHORITIES(AUTHORITY_ID)->AUTHORITY(ID)) - start
193730 [main] DEBUG org.dbunit.util.SQLHelper  - close(resultSet=org.apache.commons.dbcp.DelegatingResultSet@5bcc8d5a) - start
193730 [main] DEBUG org.dbunit.util.search.DepthFirstSearch  - reverseSearch:USERS_AUTHORITIES
193730 [main] DEBUG org.dbunit.database.search.ExportedKeysSearchCallback  - searchNode(node=USERS_AUTHORITIES) - start
193730 [main] DEBUG org.dbunit.util.search.DepthFirstSearch  - Pushing (reverse) USERS_AUTHORITIES
193730 [main] DEBUG org.dbunit.database.search.ExportedKeysSearchCallback  - getEdges(node=USERS_AUTHORITIES) - start
193730 [main] DEBUG org.dbunit.database.search.AbstractMetaDataBasedSearchCallback  - getNodesFromExportedKeys(node=USERS_AUTHORITIES) - start
193730 [main] DEBUG org.dbunit.database.search.AbstractMetaDataBasedSearchCallback  - getNodes(type=1, node=USERS_AUTHORITIES) - start
193730 [main] DEBUG org.dbunit.database.DatabaseDataSourceConnection  - getConnection() - start
193730 [main] DEBUG org.dbunit.database.search.AbstractMetaDataBasedSearchCallback  - getNodes(type=1, node=USERS_AUTHORITIES, conn=Transaction-aware proxy for target Connection [jdbc:hsqldb:mem:kontrollDS, UserName=sw, HSQL Database Engine Driver], schema=null, metaData=org.apache.commons.dbcp.DelegatingDatabaseMetaData@52543ecb, edges=[]) - start
193730 [main] DEBUG org.dbunit.database.search.AbstractMetaDataBasedSearchCallback  - Getting edges for node USERS_AUTHORITIES
193730 [main] TRACE org.dbunit.database.DatabaseConfig  - getProperty(name=http://www.dbunit.org/properties/metadataHandler) - start
193731 [main] TRACE org.dbunit.database.DefaultMetadataHandler  - tableExists(metaData=org.apache.commons.dbcp.DelegatingDatabaseMetaData@52543ecb, schemaName=null, tableName=USERS_AUTHORITIES) - start
193732 [main] DEBUG org.dbunit.util.SQLHelper  - close(resultSet=org.apache.commons.dbcp.DelegatingResultSet@500f6db6) - start
193732 [main] DEBUG org.dbunit.util.SQLHelper  - close(resultSet=org.apache.commons.dbcp.DelegatingResultSet@7e0d70b5) - start
193732 [main] DEBUG org.dbunit.util.search.DepthFirstSearch  - search:USERS_AUTHORITIES
193732 [main] DEBUG org.dbunit.database.search.ExportedKeysSearchCallback  - searchNode(node=USERS_AUTHORITIES) - start
193732 [main] DEBUG org.dbunit.util.search.DepthFirstSearch  - Pushing USERS_AUTHORITIES
193732 [main] DEBUG org.dbunit.database.search.ExportedKeysSearchCallback  - getEdges(node=USERS_AUTHORITIES) - start
193732 [main] DEBUG org.dbunit.database.search.AbstractMetaDataBasedSearchCallback  - getNodesFromExportedKeys(node=USERS_AUTHORITIES) - start
193732 [main] DEBUG org.dbunit.database.search.AbstractMetaDataBasedSearchCallback  - getNodes(type=1, node=USERS_AUTHORITIES) - start
193732 [main] DEBUG org.dbunit.database.DatabaseDataSourceConnection  - getConnection() - start
193732 [main] DEBUG org.dbunit.database.search.AbstractMetaDataBasedSearchCallback  - getNodes(type=1, node=USERS_AUTHORITIES, conn=Transaction-aware proxy for target Connection [jdbc:hsqldb:mem:kontrollDS, UserName=sw, HSQL Database Engine Driver], schema=null, metaData=org.apache.commons.dbcp.DelegatingDatabaseMetaData@2462bbba, edges=[]) - start
193732 [main] DEBUG org.dbunit.database.search.AbstractMetaDataBasedSearchCallback  - Getting edges for node USERS_AUTHORITIES
193732 [main] TRACE org.dbunit.database.DatabaseConfig  - getProperty(name=http://www.dbunit.org/properties/metadataHandler) - start
193732 [main] TRACE org.dbunit.database.DefaultMetadataHandler  - tableExists(metaData=org.apache.commons.dbcp.DelegatingDatabaseMetaData@2462bbba, schemaName=null, tableName=USERS_AUTHORITIES) - start
193733 [main] DEBUG org.dbunit.util.SQLHelper  - close(resultSet=org.apache.commons.dbcp.DelegatingResultSet@31c01b64) - start
193733 [main] DEBUG org.dbunit.util.SQLHelper  - close(resultSet=org.apache.commons.dbcp.DelegatingResultSet@831b8a7) - start
193733 [main] DEBUG org.dbunit.util.search.DepthFirstSearch  - Adding node USERS_AUTHORITIES to the final result
193733 [main] DEBUG org.dbunit.util.search.DepthFirstSearch  - search:AUTHORITY
193733 [main] DEBUG org.dbunit.database.search.ExportedKeysSearchCallback  - searchNode(node=AUTHORITY) - start
193733 [main] DEBUG org.dbunit.util.search.DepthFirstSearch  - Pushing AUTHORITY
193733 [main] DEBUG org.dbunit.database.search.ExportedKeysSearchCallback  - getEdges(node=AUTHORITY) - start
193733 [main] DEBUG org.dbunit.database.search.AbstractMetaDataBasedSearchCallback  - getNodesFromExportedKeys(node=AUTHORITY) - start
193733 [main] DEBUG org.dbunit.database.search.AbstractMetaDataBasedSearchCallback  - getNodes(type=1, node=AUTHORITY) - start
193733 [main] DEBUG org.dbunit.database.DatabaseDataSourceConnection  - getConnection() - start
193733 [main] DEBUG org.dbunit.database.search.AbstractMetaDataBasedSearchCallback  - getNodes(type=1, node=AUTHORITY, conn=Transaction-aware proxy for target Connection [jdbc:hsqldb:mem:kontrollDS, UserName=sw, HSQL Database Engine Driver], schema=null, metaData=org.apache.commons.dbcp.DelegatingDatabaseMetaData@7851e024, edges=[]) - start
193733 [main] DEBUG org.dbunit.database.search.AbstractMetaDataBasedSearchCallback  - Getting edges for node AUTHORITY
193734 [main] TRACE org.dbunit.database.DatabaseConfig  - getProperty(name=http://www.dbunit.org/properties/metadataHandler) - start
193734 [main] TRACE org.dbunit.database.DefaultMetadataHandler  - tableExists(metaData=org.apache.commons.dbcp.DelegatingDatabaseMetaData@7851e024, schemaName=null, tableName=AUTHORITY) - start
193735 [main] DEBUG org.dbunit.util.SQLHelper  - close(resultSet=org.apache.commons.dbcp.DelegatingResultSet@7fc7c632) - start
193735 [main] DEBUG org.dbunit.util.QualifiedTableName  - getQualifiedNameIfEnabled(config=org.dbunit.database.DatabaseConfig[, _propertyMap={http://www.dbunit.org/properties/statementFactory=org.dbunit.database.statement.PreparedStatementFactory@626bc2b8, http://www.dbunit.org/features/caseSensitiveTableNames=false, http://www.dbunit.org/properties/fetchSize=100, http://www.dbunit.org/features/batchedStatements=false, http://www.dbunit.org/properties/metadataHandler=org.dbunit.database.DefaultMetadataHandler@3eeace42, http://www.dbunit.org/properties/datatypeFactory=org.dbunit.dataset.datatype.DefaultDataTypeFactory[_toleratedDeltaMap=org.dbunit.dataset.datatype.ToleratedDeltaMap@6452310a], http://www.dbunit.org/properties/escapePattern=null, http://www.dbunit.org/properties/batchSize=100, http://www.dbunit.org/features/qualifiedTableNames=false, http://www.dbunit.org/properties/tableType=[Ljava.lang.String;@5011bafa, http://www.dbunit.org/properties/resultSetTableFactory=org.dbunit.database.CachedResultSetTableFactory@10bcf083, http://www.dbunit.org/features/datatypeWarning=true}]) - start
193735 [main] TRACE org.dbunit.database.DatabaseConfig  - getFeature(name=http://www.dbunit.org/features/qualifiedTableNames) - start
193735 [main] TRACE org.dbunit.database.DatabaseConfig  - getProperty(name=http://www.dbunit.org/features/qualifiedTableNames) - start
193735 [main] DEBUG org.dbunit.util.QualifiedTableName  - Qualified table names feature is disabled. Returning plain table name
193735 [main] DEBUG org.dbunit.util.QualifiedTableName  - getQualifiedName(prefix=null, name=AUTHORITY, escapePattern=null) - start
193735 [main] DEBUG org.dbunit.util.QualifiedTableName  - getQualifiedNameIfEnabled(config=org.dbunit.database.DatabaseConfig[, _propertyMap={http://www.dbunit.org/properties/statementFactory=org.dbunit.database.statement.PreparedStatementFactory@626bc2b8, http://www.dbunit.org/features/caseSensitiveTableNames=false, http://www.dbunit.org/properties/fetchSize=100, http://www.dbunit.org/features/batchedStatements=false, http://www.dbunit.org/properties/metadataHandler=org.dbunit.database.DefaultMetadataHandler@3eeace42, http://www.dbunit.org/properties/datatypeFactory=org.dbunit.dataset.datatype.DefaultDataTypeFactory[_toleratedDeltaMap=org.dbunit.dataset.datatype.ToleratedDeltaMap@6452310a], http://www.dbunit.org/properties/escapePattern=null, http://www.dbunit.org/properties/batchSize=100, http://www.dbunit.org/features/qualifiedTableNames=false, http://www.dbunit.org/properties/tableType=[Ljava.lang.String;@5011bafa, http://www.dbunit.org/properties/resultSetTableFactory=org.dbunit.database.CachedResultSetTableFactory@10bcf083, http://www.dbunit.org/features/datatypeWarning=true}]) - start
193735 [main] TRACE org.dbunit.database.DatabaseConfig  - getFeature(name=http://www.dbunit.org/features/qualifiedTableNames) - start
193735 [main] TRACE org.dbunit.database.DatabaseConfig  - getProperty(name=http://www.dbunit.org/features/qualifiedTableNames) - start
193735 [main] DEBUG org.dbunit.util.QualifiedTableName  - Qualified table names feature is disabled. Returning plain table name
193735 [main] DEBUG org.dbunit.util.QualifiedTableName  - getQualifiedName(prefix=null, name=USERS_AUTHORITIES, escapePattern=null) - start
193735 [main] DEBUG org.dbunit.database.search.AbstractMetaDataBasedSearchCallback  - newEdge(rs=org.apache.commons.dbcp.DelegatingResultSet@6c93beae, type=1, from=AUTHORITY, to=USERS_AUTHORITIES, fkColumn=AUTHORITY_ID, pkColumn=ID) - start
193735 [main] DEBUG org.dbunit.database.search.AbstractMetaDataBasedSearchCallback  - createFKEdge(rs=org.apache.commons.dbcp.DelegatingResultSet@6c93beae, type=1, from=AUTHORITY, to=USERS_AUTHORITIES, fkColumn=AUTHORITY_ID, pkColumn=ID) - start
193735 [main] DEBUG org.dbunit.database.search.AbstractMetaDataBasedSearchCallback  - Adding edge USERS_AUTHORITIES(AUTHORITY_ID)->AUTHORITY(ID)
193735 [main] DEBUG org.dbunit.util.search.Edge  - compareTo(o=USERS_AUTHORITIES(AUTHORITY_ID)->AUTHORITY(ID)) - start
193735 [main] DEBUG org.dbunit.util.SQLHelper  - close(resultSet=org.apache.commons.dbcp.DelegatingResultSet@6c93beae) - start
193735 [main] DEBUG org.dbunit.util.search.DepthFirstSearch  - search:AUTHORITY
193735 [main] DEBUG org.dbunit.util.search.DepthFirstSearch  - already searched; returning true
193735 [main] DEBUG org.dbunit.util.search.DepthFirstSearch  - Adding node AUTHORITY to the final result
193735 [main] DEBUG org.dbunit.database.search.TablesDependencyHelper  - getDirectDependentTables(connection=_databaseConfig=org.dbunit.database.DatabaseConfig[, _propertyMap={http://www.dbunit.org/properties/statementFactory=org.dbunit.database.statement.PreparedStatementFactory@626bc2b8, http://www.dbunit.org/features/caseSensitiveTableNames=false, http://www.dbunit.org/properties/fetchSize=100, http://www.dbunit.org/features/batchedStatements=false, http://www.dbunit.org/properties/metadataHandler=org.dbunit.database.DefaultMetadataHandler@3eeace42, http://www.dbunit.org/properties/datatypeFactory=org.dbunit.dataset.datatype.DefaultDataTypeFactory[_toleratedDeltaMap=org.dbunit.dataset.datatype.ToleratedDeltaMap@6452310a], http://www.dbunit.org/properties/escapePattern=null, http://www.dbunit.org/properties/batchSize=100, http://www.dbunit.org/features/qualifiedTableNames=false, http://www.dbunit.org/properties/tableType=[Ljava.lang.String;@5011bafa, http://www.dbunit.org/properties/resultSetTableFactory=org.dbunit.database.CachedResultSetTableFactory@10bcf083, http://www.dbunit.org/features/datatypeWarning=true}], _dataSet=AbstractDataSet[_orderedTableNameMap=null], tableName=AUTHORITY) - start
193736 [main] DEBUG org.dbunit.util.search.DepthFirstSearch  - search(nodesFrom=[AUTHORITY], callback=org.dbunit.database.search.ImportedKeysSearchCallback@4061ea6) - start
193736 [main] DEBUG org.dbunit.util.CollectionsHelper  - objectsToSet(objects=AUTHORITY) - start
193736 [main] DEBUG org.dbunit.util.search.DepthFirstSearch  - search(nodesFrom=[AUTHORITY], callback=org.dbunit.database.search.ImportedKeysSearchCallback@4061ea6) - start
193736 [main] DEBUG org.dbunit.util.search.DepthFirstSearch  - reverseSearch:AUTHORITY
193736 [main] DEBUG org.dbunit.database.search.ImportedKeysSearchCallback  - searchNode(node=AUTHORITY) - start
193736 [main] DEBUG org.dbunit.util.search.DepthFirstSearch  - Pushing (reverse) AUTHORITY
193736 [main] DEBUG org.dbunit.database.search.ImportedKeysSearchCallback  - getEdges(node=AUTHORITY) - start
193736 [main] DEBUG org.dbunit.database.search.AbstractMetaDataBasedSearchCallback  - getNodesFromImportedKeys(node=AUTHORITY) - start
193736 [main] DEBUG org.dbunit.database.search.AbstractMetaDataBasedSearchCallback  - getNodes(type=0, node=AUTHORITY) - start
193736 [main] DEBUG org.dbunit.database.DatabaseDataSourceConnection  - getConnection() - start
193736 [main] DEBUG org.dbunit.database.search.AbstractMetaDataBasedSearchCallback  - getNodes(type=0, node=AUTHORITY, conn=Transaction-aware proxy for target Connection [jdbc:hsqldb:mem:kontrollDS, UserName=sw, HSQL Database Engine Driver], schema=null, metaData=org.apache.commons.dbcp.DelegatingDatabaseMetaData@2dc6265a, edges=[]) - start
193736 [main] DEBUG org.dbunit.database.search.AbstractMetaDataBasedSearchCallback  - Getting edges for node AUTHORITY
193736 [main] TRACE org.dbunit.database.DatabaseConfig  - getProperty(name=http://www.dbunit.org/properties/metadataHandler) - start
193736 [main] TRACE org.dbunit.database.DefaultMetadataHandler  - tableExists(metaData=org.apache.commons.dbcp.DelegatingDatabaseMetaData@2dc6265a, schemaName=null, tableName=AUTHORITY) - start
193737 [main] DEBUG org.dbunit.util.SQLHelper  - close(resultSet=org.apache.commons.dbcp.DelegatingResultSet@317bdfe1) - start
193737 [main] DEBUG org.dbunit.util.SQLHelper  - close(resultSet=org.apache.commons.dbcp.DelegatingResultSet@62ef0ab0) - start
193737 [main] DEBUG org.dbunit.util.search.DepthFirstSearch  - search:AUTHORITY
193737 [main] DEBUG org.dbunit.database.search.ImportedKeysSearchCallback  - searchNode(node=AUTHORITY) - start
193737 [main] DEBUG org.dbunit.util.search.DepthFirstSearch  - Pushing AUTHORITY
193737 [main] DEBUG org.dbunit.database.search.ImportedKeysSearchCallback  - getEdges(node=AUTHORITY) - start
193737 [main] DEBUG org.dbunit.database.search.AbstractMetaDataBasedSearchCallback  - getNodesFromImportedKeys(node=AUTHORITY) - start
193737 [main] DEBUG org.dbunit.database.search.AbstractMetaDataBasedSearchCallback  - getNodes(type=0, node=AUTHORITY) - start
193737 [main] DEBUG org.dbunit.database.DatabaseDataSourceConnection  - getConnection() - start
193738 [main] DEBUG org.dbunit.database.search.AbstractMetaDataBasedSearchCallback  - getNodes(type=0, node=AUTHORITY, conn=Transaction-aware proxy for target Connection [jdbc:hsqldb:mem:kontrollDS, UserName=sw, HSQL Database Engine Driver], schema=null, metaData=org.apache.commons.dbcp.DelegatingDatabaseMetaData@3ba6db8e, edges=[]) - start
193738 [main] DEBUG org.dbunit.database.search.AbstractMetaDataBasedSearchCallback  - Getting edges for node AUTHORITY
193738 [main] TRACE org.dbunit.database.DatabaseConfig  - getProperty(name=http://www.dbunit.org/properties/metadataHandler) - start
193738 [main] TRACE org.dbunit.database.DefaultMetadataHandler  - tableExists(metaData=org.apache.commons.dbcp.DelegatingDatabaseMetaData@3ba6db8e, schemaName=null, tableName=AUTHORITY) - start
193739 [main] DEBUG org.dbunit.util.SQLHelper  - close(resultSet=org.apache.commons.dbcp.DelegatingResultSet@665f8e8e) - start
193739 [main] DEBUG org.dbunit.util.SQLHelper  - close(resultSet=org.apache.commons.dbcp.DelegatingResultSet@1e6ca866) - start
193739 [main] DEBUG org.dbunit.util.search.DepthFirstSearch  - Adding node AUTHORITY to the final result
193739 [main] DEBUG org.dbunit.database.DatabaseSequenceFilter  - getDependencyInfo(connection=_databaseConfig=org.dbunit.database.DatabaseConfig[, _propertyMap={http://www.dbunit.org/properties/statementFactory=org.dbunit.database.statement.PreparedStatementFactory@626bc2b8, http://www.dbunit.org/features/caseSensitiveTableNames=false, http://www.dbunit.org/properties/fetchSize=100, http://www.dbunit.org/features/batchedStatements=false, http://www.dbunit.org/properties/metadataHandler=org.dbunit.database.DefaultMetadataHandler@3eeace42, http://www.dbunit.org/properties/datatypeFactory=org.dbunit.dataset.datatype.DefaultDataTypeFactory[_toleratedDeltaMap=org.dbunit.dataset.datatype.ToleratedDeltaMap@6452310a], http://www.dbunit.org/properties/escapePattern=null, http://www.dbunit.org/properties/batchSize=100, http://www.dbunit.org/features/qualifiedTableNames=false, http://www.dbunit.org/properties/tableType=[Ljava.lang.String;@5011bafa, http://www.dbunit.org/properties/resultSetTableFactory=org.dbunit.database.CachedResultSetTableFactory@10bcf083, http://www.dbunit.org/features/datatypeWarning=true}], _dataSet=AbstractDataSet[_orderedTableNameMap=null], tableName=CAPTION) - start
193739 [main] DEBUG org.dbunit.database.search.TablesDependencyHelper  - getDependentTables(connection=_databaseConfig=org.dbunit.database.DatabaseConfig[, _propertyMap={http://www.dbunit.org/properties/statementFactory=org.dbunit.database.statement.PreparedStatementFactory@626bc2b8, http://www.dbunit.org/features/caseSensitiveTableNames=false, http://www.dbunit.org/properties/fetchSize=100, http://www.dbunit.org/features/batchedStatements=false, http://www.dbunit.org/properties/metadataHandler=org.dbunit.database.DefaultMetadataHandler@3eeace42, http://www.dbunit.org/properties/datatypeFactory=org.dbunit.dataset.datatype.DefaultDataTypeFactory[_toleratedDeltaMap=org.dbunit.dataset.datatype.ToleratedDeltaMap@6452310a], http://www.dbunit.org/properties/escapePattern=null, http://www.dbunit.org/properties/batchSize=100, http://www.dbunit.org/features/qualifiedTableNames=false, http://www.dbunit.org/properties/tableType=[Ljava.lang.String;@5011bafa, http://www.dbunit.org/properties/resultSetTableFactory=org.dbunit.database.CachedResultSetTableFactory@10bcf083, http://www.dbunit.org/features/datatypeWarning=true}], _dataSet=AbstractDataSet[_orderedTableNameMap=null], rootTable=CAPTION) - start
193739 [main] DEBUG org.dbunit.database.search.TablesDependencyHelper  - getDependentTables(connection=_databaseConfig=org.dbunit.database.DatabaseConfig[, _propertyMap={http://www.dbunit.org/properties/statementFactory=org.dbunit.database.statement.PreparedStatementFactory@626bc2b8, http://www.dbunit.org/features/caseSensitiveTableNames=false, http://www.dbunit.org/properties/fetchSize=100, http://www.dbunit.org/features/batchedStatements=false, http://www.dbunit.org/properties/metadataHandler=org.dbunit.database.DefaultMetadataHandler@3eeace42, http://www.dbunit.org/properties/datatypeFactory=org.dbunit.dataset.datatype.DefaultDataTypeFactory[_toleratedDeltaMap=org.dbunit.dataset.datatype.ToleratedDeltaMap@6452310a], http://www.dbunit.org/properties/escapePattern=null, http://www.dbunit.org/properties/batchSize=100, http://www.dbunit.org/features/qualifiedTableNames=false, http://www.dbunit.org/properties/tableType=[Ljava.lang.String;@5011bafa, http://www.dbunit.org/properties/resultSetTableFactory=org.dbunit.database.CachedResultSetTableFactory@10bcf083, http://www.dbunit.org/features/datatypeWarning=true}], _dataSet=AbstractDataSet[_orderedTableNameMap=null], rootTables=[CAPTION]) - start
193739 [main] DEBUG org.dbunit.util.search.DepthFirstSearch  - search(nodesFrom=[CAPTION], callback=org.dbunit.database.search.ImportedKeysSearchCallback@6bb624be) - start
193739 [main] DEBUG org.dbunit.util.CollectionsHelper  - objectsToSet(objects=CAPTION) - start
193739 [main] DEBUG org.dbunit.util.search.DepthFirstSearch  - search(nodesFrom=[CAPTION], callback=org.dbunit.database.search.ImportedKeysSearchCallback@6bb624be) - start
193739 [main] DEBUG org.dbunit.util.search.DepthFirstSearch  - reverseSearch:CAPTION
193739 [main] DEBUG org.dbunit.database.search.ImportedKeysSearchCallback  - searchNode(node=CAPTION) - start
193739 [main] DEBUG org.dbunit.util.search.DepthFirstSearch  - Pushing (reverse) CAPTION
193739 [main] DEBUG org.dbunit.database.search.ImportedKeysSearchCallback  - getEdges(node=CAPTION) - start
193739 [main] DEBUG org.dbunit.database.search.AbstractMetaDataBasedSearchCallback  - getNodesFromImportedKeys(node=CAPTION) - start
193739 [main] DEBUG org.dbunit.database.search.AbstractMetaDataBasedSearchCallback  - getNodes(type=0, node=CAPTION) - start
193739 [main] DEBUG org.dbunit.database.DatabaseDataSourceConnection  - getConnection() - start
193739 [main] DEBUG org.dbunit.database.search.AbstractMetaDataBasedSearchCallback  - getNodes(type=0, node=CAPTION, conn=Transaction-aware proxy for target Connection [jdbc:hsqldb:mem:kontrollDS, UserName=sw, HSQL Database Engine Driver], schema=null, metaData=org.apache.commons.dbcp.DelegatingDatabaseMetaData@3266d31, edges=[]) - start
193739 [main] DEBUG org.dbunit.database.search.AbstractMetaDataBasedSearchCallback  - Getting edges for node CAPTION
193740 [main] TRACE org.dbunit.database.DatabaseConfig  - getProperty(name=http://www.dbunit.org/properties/metadataHandler) - start
193740 [main] TRACE org.dbunit.database.DefaultMetadataHandler  - tableExists(metaData=org.apache.commons.dbcp.DelegatingDatabaseMetaData@3266d31, schemaName=null, tableName=CAPTION) - start
193741 [main] DEBUG org.dbunit.util.SQLHelper  - close(resultSet=org.apache.commons.dbcp.DelegatingResultSet@349f879) - start
193741 [main] DEBUG org.dbunit.util.SQLHelper  - close(resultSet=org.apache.commons.dbcp.DelegatingResultSet@20831427) - start
193741 [main] DEBUG org.dbunit.util.search.DepthFirstSearch  - search:CAPTION
193741 [main] DEBUG org.dbunit.database.search.ImportedKeysSearchCallback  - searchNode(node=CAPTION) - start
193741 [main] DEBUG org.dbunit.util.search.DepthFirstSearch  - Pushing CAPTION
193741 [main] DEBUG org.dbunit.database.search.ImportedKeysSearchCallback  - getEdges(node=CAPTION) - start
193741 [main] DEBUG org.dbunit.database.search.AbstractMetaDataBasedSearchCallback  - getNodesFromImportedKeys(node=CAPTION) - start
193741 [main] DEBUG org.dbunit.database.search.AbstractMetaDataBasedSearchCallback  - getNodes(type=0, node=CAPTION) - start
193741 [main] DEBUG org.dbunit.database.DatabaseDataSourceConnection  - getConnection() - start
193741 [main] DEBUG org.dbunit.database.search.AbstractMetaDataBasedSearchCallback  - getNodes(type=0, node=CAPTION, conn=Transaction-aware proxy for target Connection [jdbc:hsqldb:mem:kontrollDS, UserName=sw, HSQL Database Engine Driver], schema=null, metaData=org.apache.commons.dbcp.DelegatingDatabaseMetaData@7da01d1d, edges=[]) - start
193741 [main] DEBUG org.dbunit.database.search.AbstractMetaDataBasedSearchCallback  - Getting edges for node CAPTION
193741 [main] TRACE org.dbunit.database.DatabaseConfig  - getProperty(name=http://www.dbunit.org/properties/metadataHandler) - start
193741 [main] TRACE org.dbunit.database.DefaultMetadataHandler  - tableExists(metaData=org.apache.commons.dbcp.DelegatingDatabaseMetaData@7da01d1d, schemaName=null, tableName=CAPTION) - start
193742 [main] DEBUG org.dbunit.util.SQLHelper  - close(resultSet=org.apache.commons.dbcp.DelegatingResultSet@41183f7a) - start
193742 [main] DEBUG org.dbunit.util.SQLHelper  - close(resultSet=org.apache.commons.dbcp.DelegatingResultSet@7ec1604c) - start
193742 [main] DEBUG org.dbunit.util.search.DepthFirstSearch  - Adding node CAPTION to the final result
193743 [main] DEBUG org.dbunit.util.CollectionsHelper  - setToStrings(set=[CAPTION]) - start
193743 [main] DEBUG org.dbunit.database.search.TablesDependencyHelper  - getDependsOnTables(connection=_databaseConfig=org.dbunit.database.DatabaseConfig[, _propertyMap={http://www.dbunit.org/properties/statementFactory=org.dbunit.database.statement.PreparedStatementFactory@626bc2b8, http://www.dbunit.org/features/caseSensitiveTableNames=false, http://www.dbunit.org/properties/fetchSize=100, http://www.dbunit.org/features/batchedStatements=false, http://www.dbunit.org/properties/metadataHandler=org.dbunit.database.DefaultMetadataHandler@3eeace42, http://www.dbunit.org/properties/datatypeFactory=org.dbunit.dataset.datatype.DefaultDataTypeFactory[_toleratedDeltaMap=org.dbunit.dataset.datatype.ToleratedDeltaMap@6452310a], http://www.dbunit.org/properties/escapePattern=null, http://www.dbunit.org/properties/batchSize=100, http://www.dbunit.org/features/qualifiedTableNames=false, http://www.dbunit.org/properties/tableType=[Ljava.lang.String;@5011bafa, http://www.dbunit.org/properties/resultSetTableFactory=org.dbunit.database.CachedResultSetTableFactory@10bcf083, http://www.dbunit.org/features/datatypeWarning=true}], _dataSet=AbstractDataSet[_orderedTableNameMap=null], rootTable=CAPTION) - start
193743 [main] DEBUG org.dbunit.util.search.DepthFirstSearch  - search(nodesFrom=[CAPTION], callback=org.dbunit.database.search.ExportedKeysSearchCallback@74113140) - start
193743 [main] DEBUG org.dbunit.util.CollectionsHelper  - objectsToSet(objects=CAPTION) - start
193743 [main] DEBUG org.dbunit.util.search.DepthFirstSearch  - search(nodesFrom=[CAPTION], callback=org.dbunit.database.search.ExportedKeysSearchCallback@74113140) - start
193743 [main] DEBUG org.dbunit.util.search.DepthFirstSearch  - reverseSearch:CAPTION
193743 [main] DEBUG org.dbunit.database.search.ExportedKeysSearchCallback  - searchNode(node=CAPTION) - start
193743 [main] DEBUG org.dbunit.util.search.DepthFirstSearch  - Pushing (reverse) CAPTION
193743 [main] DEBUG org.dbunit.database.search.ExportedKeysSearchCallback  - getEdges(node=CAPTION) - start
193743 [main] DEBUG org.dbunit.database.search.AbstractMetaDataBasedSearchCallback  - getNodesFromExportedKeys(node=CAPTION) - start
193743 [main] DEBUG org.dbunit.database.search.AbstractMetaDataBasedSearchCallback  - getNodes(type=1, node=CAPTION) - start
193743 [main] DEBUG org.dbunit.database.DatabaseDataSourceConnection  - getConnection() - start
193743 [main] DEBUG org.dbunit.database.search.AbstractMetaDataBasedSearchCallback  - getNodes(type=1, node=CAPTION, conn=Transaction-aware proxy for target Connection [jdbc:hsqldb:mem:kontrollDS, UserName=sw, HSQL Database Engine Driver], schema=null, metaData=org.apache.commons.dbcp.DelegatingDatabaseMetaData@14b89c48, edges=[]) - start
193743 [main] DEBUG org.dbunit.database.search.AbstractMetaDataBasedSearchCallback  - Getting edges for node CAPTION
193743 [main] TRACE org.dbunit.database.DatabaseConfig  - getProperty(name=http://www.dbunit.org/properties/metadataHandler) - start
193743 [main] TRACE org.dbunit.database.DefaultMetadataHandler  - tableExists(metaData=org.apache.commons.dbcp.DelegatingDatabaseMetaData@14b89c48, schemaName=null, tableName=CAPTION) - start
193744 [main] DEBUG org.dbunit.util.SQLHelper  - close(resultSet=org.apache.commons.dbcp.DelegatingResultSet@7c1d3180) - start
193744 [main] DEBUG org.dbunit.util.SQLHelper  - close(resultSet=org.apache.commons.dbcp.DelegatingResultSet@6605f9a5) - start
193744 [main] DEBUG org.dbunit.util.search.DepthFirstSearch  - search:CAPTION
193744 [main] DEBUG org.dbunit.database.search.ExportedKeysSearchCallback  - searchNode(node=CAPTION) - start
193744 [main] DEBUG org.dbunit.util.search.DepthFirstSearch  - Pushing CAPTION
193744 [main] DEBUG org.dbunit.database.search.ExportedKeysSearchCallback  - getEdges(node=CAPTION) - start
193744 [main] DEBUG org.dbunit.database.search.AbstractMetaDataBasedSearchCallback  - getNodesFromExportedKeys(node=CAPTION) - start
193744 [main] DEBUG org.dbunit.database.search.AbstractMetaDataBasedSearchCallback  - getNodes(type=1, node=CAPTION) - start
193744 [main] DEBUG org.dbunit.database.DatabaseDataSourceConnection  - getConnection() - start
193745 [main] DEBUG org.dbunit.database.search.AbstractMetaDataBasedSearchCallback  - getNodes(type=1, node=CAPTION, conn=Transaction-aware proxy for target Connection [jdbc:hsqldb:mem:kontrollDS, UserName=sw, HSQL Database Engine Driver], schema=null, metaData=org.apache.commons.dbcp.DelegatingDatabaseMetaData@1248f3f7, edges=[]) - start
193745 [main] DEBUG org.dbunit.database.search.AbstractMetaDataBasedSearchCallback  - Getting edges for node CAPTION
193745 [main] TRACE org.dbunit.database.DatabaseConfig  - getProperty(name=http://www.dbunit.org/properties/metadataHandler) - start
193745 [main] TRACE org.dbunit.database.DefaultMetadataHandler  - tableExists(metaData=org.apache.commons.dbcp.DelegatingDatabaseMetaData@1248f3f7, schemaName=null, tableName=CAPTION) - start
193746 [main] DEBUG org.dbunit.util.SQLHelper  - close(resultSet=org.apache.commons.dbcp.DelegatingResultSet@20d55a69) - start
193746 [main] DEBUG org.dbunit.util.SQLHelper  - close(resultSet=org.apache.commons.dbcp.DelegatingResultSet@676d85f7) - start
193746 [main] DEBUG org.dbunit.util.search.DepthFirstSearch  - Adding node CAPTION to the final result
193746 [main] DEBUG org.dbunit.util.CollectionsHelper  - setToStrings(set=[CAPTION]) - start
193746 [main] DEBUG org.dbunit.database.search.TablesDependencyHelper  - getDirectDependsOnTables(connection=_databaseConfig=org.dbunit.database.DatabaseConfig[, _propertyMap={http://www.dbunit.org/properties/statementFactory=org.dbunit.database.statement.PreparedStatementFactory@626bc2b8, http://www.dbunit.org/features/caseSensitiveTableNames=false, http://www.dbunit.org/properties/fetchSize=100, http://www.dbunit.org/features/batchedStatements=false, http://www.dbunit.org/properties/metadataHandler=org.dbunit.database.DefaultMetadataHandler@3eeace42, http://www.dbunit.org/properties/datatypeFactory=org.dbunit.dataset.datatype.DefaultDataTypeFactory[_toleratedDeltaMap=org.dbunit.dataset.datatype.ToleratedDeltaMap@6452310a], http://www.dbunit.org/properties/escapePattern=null, http://www.dbunit.org/properties/batchSize=100, http://www.dbunit.org/features/qualifiedTableNames=false, http://www.dbunit.org/properties/tableType=[Ljava.lang.String;@5011bafa, http://www.dbunit.org/properties/resultSetTableFactory=org.dbunit.database.CachedResultSetTableFactory@10bcf083, http://www.dbunit.org/features/datatypeWarning=true}], _dataSet=AbstractDataSet[_orderedTableNameMap=null], tableName=CAPTION) - start
193746 [main] DEBUG org.dbunit.util.search.DepthFirstSearch  - search(nodesFrom=[CAPTION], callback=org.dbunit.database.search.ExportedKeysSearchCallback@2889df02) - start
193746 [main] DEBUG org.dbunit.util.CollectionsHelper  - objectsToSet(objects=CAPTION) - start
193746 [main] DEBUG org.dbunit.util.search.DepthFirstSearch  - search(nodesFrom=[CAPTION], callback=org.dbunit.database.search.ExportedKeysSearchCallback@2889df02) - start
193746 [main] DEBUG org.dbunit.util.search.DepthFirstSearch  - reverseSearch:CAPTION
193746 [main] DEBUG org.dbunit.database.search.ExportedKeysSearchCallback  - searchNode(node=CAPTION) - start
193746 [main] DEBUG org.dbunit.util.search.DepthFirstSearch  - Pushing (reverse) CAPTION
193746 [main] DEBUG org.dbunit.database.search.ExportedKeysSearchCallback  - getEdges(node=CAPTION) - start
193746 [main] DEBUG org.dbunit.database.search.AbstractMetaDataBasedSearchCallback  - getNodesFromExportedKeys(node=CAPTION) - start
193746 [main] DEBUG org.dbunit.database.search.AbstractMetaDataBasedSearchCallback  - getNodes(type=1, node=CAPTION) - start
193746 [main] DEBUG org.dbunit.database.DatabaseDataSourceConnection  - getConnection() - start
193746 [main] DEBUG org.dbunit.database.search.AbstractMetaDataBasedSearchCallback  - getNodes(type=1, node=CAPTION, conn=Transaction-aware proxy for target Connection [jdbc:hsqldb:mem:kontrollDS, UserName=sw, HSQL Database Engine Driver], schema=null, metaData=org.apache.commons.dbcp.DelegatingDatabaseMetaData@73901118, edges=[]) - start
193746 [main] DEBUG org.dbunit.database.search.AbstractMetaDataBasedSearchCallback  - Getting edges for node CAPTION
193746 [main] TRACE org.dbunit.database.DatabaseConfig  - getProperty(name=http://www.dbunit.org/properties/metadataHandler) - start
193746 [main] TRACE org.dbunit.database.DefaultMetadataHandler  - tableExists(metaData=org.apache.commons.dbcp.DelegatingDatabaseMetaData@73901118, schemaName=null, tableName=CAPTION) - start
193747 [main] DEBUG org.dbunit.util.SQLHelper  - close(resultSet=org.apache.commons.dbcp.DelegatingResultSet@47c2f3ce) - start
193748 [main] DEBUG org.dbunit.util.SQLHelper  - close(resultSet=org.apache.commons.dbcp.DelegatingResultSet@7168aa62) - start
193748 [main] DEBUG org.dbunit.util.search.DepthFirstSearch  - search:CAPTION
193748 [main] DEBUG org.dbunit.database.search.ExportedKeysSearchCallback  - searchNode(node=CAPTION) - start
193748 [main] DEBUG org.dbunit.util.search.DepthFirstSearch  - Pushing CAPTION
193748 [main] DEBUG org.dbunit.database.search.ExportedKeysSearchCallback  - getEdges(node=CAPTION) - start
193748 [main] DEBUG org.dbunit.database.search.AbstractMetaDataBasedSearchCallback  - getNodesFromExportedKeys(node=CAPTION) - start
193748 [main] DEBUG org.dbunit.database.search.AbstractMetaDataBasedSearchCallback  - getNodes(type=1, node=CAPTION) - start
193748 [main] DEBUG org.dbunit.database.DatabaseDataSourceConnection  - getConnection() - start
193748 [main] DEBUG org.dbunit.database.search.AbstractMetaDataBasedSearchCallback  - getNodes(type=1, node=CAPTION, conn=Transaction-aware proxy for target Connection [jdbc:hsqldb:mem:kontrollDS, UserName=sw, HSQL Database Engine Driver], schema=null, metaData=org.apache.commons.dbcp.DelegatingDatabaseMetaData@e8a4219, edges=[]) - start
193748 [main] DEBUG org.dbunit.database.search.AbstractMetaDataBasedSearchCallback  - Getting edges for node CAPTION
193748 [main] TRACE org.dbunit.database.DatabaseConfig  - getProperty(name=http://www.dbunit.org/properties/metadataHandler) - start
193748 [main] TRACE org.dbunit.database.DefaultMetadataHandler  - tableExists(metaData=org.apache.commons.dbcp.DelegatingDatabaseMetaData@e8a4219, schemaName=null, tableName=CAPTION) - start
193749 [main] DEBUG org.dbunit.util.SQLHelper  - close(resultSet=org.apache.commons.dbcp.DelegatingResultSet@55f181a4) - start
193749 [main] DEBUG org.dbunit.util.SQLHelper  - close(resultSet=org.apache.commons.dbcp.DelegatingResultSet@4a203af0) - start
193749 [main] DEBUG org.dbunit.util.search.DepthFirstSearch  - Adding node CAPTION to the final result
193749 [main] DEBUG org.dbunit.database.search.TablesDependencyHelper  - getDirectDependentTables(connection=_databaseConfig=org.dbunit.database.DatabaseConfig[, _propertyMap={http://www.dbunit.org/properties/statementFactory=org.dbunit.database.statement.PreparedStatementFactory@626bc2b8, http://www.dbunit.org/features/caseSensitiveTableNames=false, http://www.dbunit.org/properties/fetchSize=100, http://www.dbunit.org/features/batchedStatements=false, http://www.dbunit.org/properties/metadataHandler=org.dbunit.database.DefaultMetadataHandler@3eeace42, http://www.dbunit.org/properties/datatypeFactory=org.dbunit.dataset.datatype.DefaultDataTypeFactory[_toleratedDeltaMap=org.dbunit.dataset.datatype.ToleratedDeltaMap@6452310a], http://www.dbunit.org/properties/escapePattern=null, http://www.dbunit.org/properties/batchSize=100, http://www.dbunit.org/features/qualifiedTableNames=false, http://www.dbunit.org/properties/tableType=[Ljava.lang.String;@5011bafa, http://www.dbunit.org/properties/resultSetTableFactory=org.dbunit.database.CachedResultSetTableFactory@10bcf083, http://www.dbunit.org/features/datatypeWarning=true}], _dataSet=AbstractDataSet[_orderedTableNameMap=null], tableName=CAPTION) - start
193749 [main] DEBUG org.dbunit.util.search.DepthFirstSearch  - search(nodesFrom=[CAPTION], callback=org.dbunit.database.search.ImportedKeysSearchCallback@6411f352) - start
193749 [main] DEBUG org.dbunit.util.CollectionsHelper  - objectsToSet(objects=CAPTION) - start
193749 [main] DEBUG org.dbunit.util.search.DepthFirstSearch  - search(nodesFrom=[CAPTION], callback=org.dbunit.database.search.ImportedKeysSearchCallback@6411f352) - start
193749 [main] DEBUG org.dbunit.util.search.DepthFirstSearch  - reverseSearch:CAPTION
193749 [main] DEBUG org.dbunit.database.search.ImportedKeysSearchCallback  - searchNode(node=CAPTION) - start
193749 [main] DEBUG org.dbunit.util.search.DepthFirstSearch  - Pushing (reverse) CAPTION
193749 [main] DEBUG org.dbunit.database.search.ImportedKeysSearchCallback  - getEdges(node=CAPTION) - start
193749 [main] DEBUG org.dbunit.database.search.AbstractMetaDataBasedSearchCallback  - getNodesFromImportedKeys(node=CAPTION) - start
193749 [main] DEBUG org.dbunit.database.search.AbstractMetaDataBasedSearchCallback  - getNodes(type=0, node=CAPTION) - start
193750 [main] DEBUG org.dbunit.database.DatabaseDataSourceConnection  - getConnection() - start
193750 [main] DEBUG org.dbunit.database.search.AbstractMetaDataBasedSearchCallback  - getNodes(type=0, node=CAPTION, conn=Transaction-aware proxy for target Connection [jdbc:hsqldb:mem:kontrollDS, UserName=sw, HSQL Database Engine Driver], schema=null, metaData=org.apache.commons.dbcp.DelegatingDatabaseMetaData@567dbfd1, edges=[]) - start
193750 [main] DEBUG org.dbunit.database.search.AbstractMetaDataBasedSearchCallback  - Getting edges for node CAPTION
193750 [main] TRACE org.dbunit.database.DatabaseConfig  - getProperty(name=http://www.dbunit.org/properties/metadataHandler) - start
193750 [main] TRACE org.dbunit.database.DefaultMetadataHandler  - tableExists(metaData=org.apache.commons.dbcp.DelegatingDatabaseMetaData@567dbfd1, schemaName=null, tableName=CAPTION) - start
193751 [main] DEBUG org.dbunit.util.SQLHelper  - close(resultSet=org.apache.commons.dbcp.DelegatingResultSet@5ded67cb) - start
193751 [main] DEBUG org.dbunit.util.SQLHelper  - close(resultSet=org.apache.commons.dbcp.DelegatingResultSet@360f953e) - start
193751 [main] DEBUG org.dbunit.util.search.DepthFirstSearch  - search:CAPTION
193751 [main] DEBUG org.dbunit.database.search.ImportedKeysSearchCallback  - searchNode(node=CAPTION) - start
193751 [main] DEBUG org.dbunit.util.search.DepthFirstSearch  - Pushing CAPTION
193751 [main] DEBUG org.dbunit.database.search.ImportedKeysSearchCallback  - getEdges(node=CAPTION) - start
193751 [main] DEBUG org.dbunit.database.search.AbstractMetaDataBasedSearchCallback  - getNodesFromImportedKeys(node=CAPTION) - start
193751 [main] DEBUG org.dbunit.database.search.AbstractMetaDataBasedSearchCallback  - getNodes(type=0, node=CAPTION) - start
193751 [main] DEBUG org.dbunit.database.DatabaseDataSourceConnection  - getConnection() - start
193751 [main] DEBUG org.dbunit.database.search.AbstractMetaDataBasedSearchCallback  - getNodes(type=0, node=CAPTION, conn=Transaction-aware proxy for target Connection [jdbc:hsqldb:mem:kontrollDS, UserName=sw, HSQL Database Engine Driver], schema=null, metaData=org.apache.commons.dbcp.DelegatingDatabaseMetaData@390f352c, edges=[]) - start
193751 [main] DEBUG org.dbunit.database.search.AbstractMetaDataBasedSearchCallback  - Getting edges for node CAPTION
193751 [main] TRACE org.dbunit.database.DatabaseConfig  - getProperty(name=http://www.dbunit.org/properties/metadataHandler) - start
193751 [main] TRACE org.dbunit.database.DefaultMetadataHandler  - tableExists(metaData=org.apache.commons.dbcp.DelegatingDatabaseMetaData@390f352c, schemaName=null, tableName=CAPTION) - start
193752 [main] DEBUG org.dbunit.util.SQLHelper  - close(resultSet=org.apache.commons.dbcp.DelegatingResultSet@63a66cc4) - start
193752 [main] DEBUG org.dbunit.util.SQLHelper  - close(resultSet=org.apache.commons.dbcp.DelegatingResultSet@3d44623d) - start
193752 [main] DEBUG org.dbunit.util.search.DepthFirstSearch  - Adding node CAPTION to the final result
193753 [main] DEBUG org.dbunit.database.DatabaseSequenceFilter  - getDependencyInfo(connection=_databaseConfig=org.dbunit.database.DatabaseConfig[, _propertyMap={http://www.dbunit.org/properties/statementFactory=org.dbunit.database.statement.PreparedStatementFactory@626bc2b8, http://www.dbunit.org/features/caseSensitiveTableNames=false, http://www.dbunit.org/properties/fetchSize=100, http://www.dbunit.org/features/batchedStatements=false, http://www.dbunit.org/properties/metadataHandler=org.dbunit.database.DefaultMetadataHandler@3eeace42, http://www.dbunit.org/properties/datatypeFactory=org.dbunit.dataset.datatype.DefaultDataTypeFactory[_toleratedDeltaMap=org.dbunit.dataset.datatype.ToleratedDeltaMap@6452310a], http://www.dbunit.org/properties/escapePattern=null, http://www.dbunit.org/properties/batchSize=100, http://www.dbunit.org/features/qualifiedTableNames=false, http://www.dbunit.org/properties/tableType=[Ljava.lang.String;@5011bafa, http://www.dbunit.org/properties/resultSetTableFactory=org.dbunit.database.CachedResultSetTableFactory@10bcf083, http://www.dbunit.org/features/datatypeWarning=true}], _dataSet=AbstractDataSet[_orderedTableNameMap=null], tableName=NESTEDSCOPEDCONTENTCONDITIONS) - start
193753 [main] DEBUG org.dbunit.database.search.TablesDependencyHelper  - getDependentTables(connection=_databaseConfig=org.dbunit.database.DatabaseConfig[, _propertyMap={http://www.dbunit.org/properties/statementFactory=org.dbunit.database.statement.PreparedStatementFactory@626bc2b8, http://www.dbunit.org/features/caseSensitiveTableNames=false, http://www.dbunit.org/properties/fetchSize=100, http://www.dbunit.org/features/batchedStatements=false, http://www.dbunit.org/properties/metadataHandler=org.dbunit.database.DefaultMetadataHandler@3eeace42, http://www.dbunit.org/properties/datatypeFactory=org.dbunit.dataset.datatype.DefaultDataTypeFactory[_toleratedDeltaMap=org.dbunit.dataset.datatype.ToleratedDeltaMap@6452310a], http://www.dbunit.org/properties/escapePattern=null, http://www.dbunit.org/properties/batchSize=100, http://www.dbunit.org/features/qualifiedTableNames=false, http://www.dbunit.org/properties/tableType=[Ljava.lang.String;@5011bafa, http://www.dbunit.org/properties/resultSetTableFactory=org.dbunit.database.CachedResultSetTableFactory@10bcf083, http://www.dbunit.org/features/datatypeWarning=true}], _dataSet=AbstractDataSet[_orderedTableNameMap=null], rootTable=NESTEDSCOPEDCONTENTCONDITIONS) - start
193753 [main] DEBUG org.dbunit.database.search.TablesDependencyHelper  - getDependentTables(connection=_databaseConfig=org.dbunit.database.DatabaseConfig[, _propertyMap={http://www.dbunit.org/properties/statementFactory=org.dbunit.database.statement.PreparedStatementFactory@626bc2b8, http://www.dbunit.org/features/caseSensitiveTableNames=false, http://www.dbunit.org/properties/fetchSize=100, http://www.dbunit.org/features/batchedStatements=false, http://www.dbunit.org/properties/metadataHandler=org.dbunit.database.DefaultMetadataHandler@3eeace42, http://www.dbunit.org/properties/datatypeFactory=org.dbunit.dataset.datatype.DefaultDataTypeFactory[_toleratedDeltaMap=org.dbunit.dataset.datatype.ToleratedDeltaMap@6452310a], http://www.dbunit.org/properties/escapePattern=null, http://www.dbunit.org/properties/batchSize=100, http://www.dbunit.org/features/qualifiedTableNames=false, http://www.dbunit.org/properties/tableType=[Ljava.lang.String;@5011bafa, http://www.dbunit.org/properties/resultSetTableFactory=org.dbunit.database.CachedResultSetTableFactory@10bcf083, http://www.dbunit.org/features/datatypeWarning=true}], _dataSet=AbstractDataSet[_orderedTableNameMap=null], rootTables=[NESTEDSCOPEDCONTENTCONDITIONS]) - start
193753 [main] DEBUG org.dbunit.util.search.DepthFirstSearch  - search(nodesFrom=[NESTEDSCOPEDCONTENTCONDITIONS], callback=org.dbunit.database.search.ImportedKeysSearchCallback@22af643f) - start
193753 [main] DEBUG org.dbunit.util.CollectionsHelper  - objectsToSet(objects=NESTEDSCOPEDCONTENTCONDITIONS) - start
193753 [main] DEBUG org.dbunit.util.search.DepthFirstSearch  - search(nodesFrom=[NESTEDSCOPEDCONTENTCONDITIONS], callback=org.dbunit.database.search.ImportedKeysSearchCallback@22af643f) - start
193753 [main] DEBUG org.dbunit.util.search.DepthFirstSearch  - reverseSearch:NESTEDSCOPEDCONTENTCONDITIONS
193753 [main] DEBUG org.dbunit.database.search.ImportedKeysSearchCallback  - searchNode(node=NESTEDSCOPEDCONTENTCONDITIONS) - start
193753 [main] DEBUG org.dbunit.util.search.DepthFirstSearch  - Pushing (reverse) NESTEDSCOPEDCONTENTCONDITIONS
193753 [main] DEBUG org.dbunit.database.search.ImportedKeysSearchCallback  - getEdges(node=NESTEDSCOPEDCONTENTCONDITIONS) - start
193753 [main] DEBUG org.dbunit.database.search.AbstractMetaDataBasedSearchCallback  - getNodesFromImportedKeys(node=NESTEDSCOPEDCONTENTCONDITIONS) - start
193753 [main] DEBUG org.dbunit.database.search.AbstractMetaDataBasedSearchCallback  - getNodes(type=0, node=NESTEDSCOPEDCONTENTCONDITIONS) - start
193753 [main] DEBUG org.dbunit.database.DatabaseDataSourceConnection  - getConnection() - start
193753 [main] DEBUG org.dbunit.database.search.AbstractMetaDataBasedSearchCallback  - getNodes(type=0, node=NESTEDSCOPEDCONTENTCONDITIONS, conn=Transaction-aware proxy for target Connection [jdbc:hsqldb:mem:kontrollDS, UserName=sw, HSQL Database Engine Driver], schema=null, metaData=org.apache.commons.dbcp.DelegatingDatabaseMetaData@28de75e3, edges=[]) - start
193753 [main] DEBUG org.dbunit.database.search.AbstractMetaDataBasedSearchCallback  - Getting edges for node NESTEDSCOPEDCONTENTCONDITIONS
193753 [main] TRACE org.dbunit.database.DatabaseConfig  - getProperty(name=http://www.dbunit.org/properties/metadataHandler) - start
193753 [main] TRACE org.dbunit.database.DefaultMetadataHandler  - tableExists(metaData=org.apache.commons.dbcp.DelegatingDatabaseMetaData@28de75e3, schemaName=null, tableName=NESTEDSCOPEDCONTENTCONDITIONS) - start
193755 [main] DEBUG org.dbunit.util.SQLHelper  - close(resultSet=org.apache.commons.dbcp.DelegatingResultSet@21449e2e) - start
193755 [main] DEBUG org.dbunit.util.QualifiedTableName  - getQualifiedNameIfEnabled(config=org.dbunit.database.DatabaseConfig[, _propertyMap={http://www.dbunit.org/properties/statementFactory=org.dbunit.database.statement.PreparedStatementFactory@626bc2b8, http://www.dbunit.org/features/caseSensitiveTableNames=false, http://www.dbunit.org/properties/fetchSize=100, http://www.dbunit.org/features/batchedStatements=false, http://www.dbunit.org/properties/metadataHandler=org.dbunit.database.DefaultMetadataHandler@3eeace42, http://www.dbunit.org/properties/datatypeFactory=org.dbunit.dataset.datatype.DefaultDataTypeFactory[_toleratedDeltaMap=org.dbunit.dataset.datatype.ToleratedDeltaMap@6452310a], http://www.dbunit.org/properties/escapePattern=null, http://www.dbunit.org/properties/batchSize=100, http://www.dbunit.org/features/qualifiedTableNames=false, http://www.dbunit.org/properties/tableType=[Ljava.lang.String;@5011bafa, http://www.dbunit.org/properties/resultSetTableFactory=org.dbunit.database.CachedResultSetTableFactory@10bcf083, http://www.dbunit.org/features/datatypeWarning=true}]) - start
193755 [main] TRACE org.dbunit.database.DatabaseConfig  - getFeature(name=http://www.dbunit.org/features/qualifiedTableNames) - start
193755 [main] TRACE org.dbunit.database.DatabaseConfig  - getProperty(name=http://www.dbunit.org/features/qualifiedTableNames) - start
193755 [main] DEBUG org.dbunit.util.QualifiedTableName  - Qualified table names feature is disabled. Returning plain table name
193755 [main] DEBUG org.dbunit.util.QualifiedTableName  - getQualifiedName(prefix=null, name=NESTEDSCOPEDCONTENTCONDITIONS, escapePattern=null) - start
193755 [main] DEBUG org.dbunit.util.QualifiedTableName  - getQualifiedNameIfEnabled(config=org.dbunit.database.DatabaseConfig[, _propertyMap={http://www.dbunit.org/properties/statementFactory=org.dbunit.database.statement.PreparedStatementFactory@626bc2b8, http://www.dbunit.org/features/caseSensitiveTableNames=false, http://www.dbunit.org/properties/fetchSize=100, http://www.dbunit.org/features/batchedStatements=false, http://www.dbunit.org/properties/metadataHandler=org.dbunit.database.DefaultMetadataHandler@3eeace42, http://www.dbunit.org/properties/datatypeFactory=org.dbunit.dataset.datatype.DefaultDataTypeFactory[_toleratedDeltaMap=org.dbunit.dataset.datatype.ToleratedDeltaMap@6452310a], http://www.dbunit.org/properties/escapePattern=null, http://www.dbunit.org/properties/batchSize=100, http://www.dbunit.org/features/qualifiedTableNames=false, http://www.dbunit.org/properties/tableType=[Ljava.lang.String;@5011bafa, http://www.dbunit.org/properties/resultSetTableFactory=org.dbunit.database.CachedResultSetTableFactory@10bcf083, http://www.dbunit.org/features/datatypeWarning=true}]) - start
193755 [main] TRACE org.dbunit.database.DatabaseConfig  - getFeature(name=http://www.dbunit.org/features/qualifiedTableNames) - start
193755 [main] TRACE org.dbunit.database.DatabaseConfig  - getProperty(name=http://www.dbunit.org/features/qualifiedTableNames) - start
193756 [main] DEBUG org.dbunit.util.QualifiedTableName  - Qualified table names feature is disabled. Returning plain table name
193756 [main] DEBUG org.dbunit.util.QualifiedTableName  - getQualifiedName(prefix=null, name=SCOPEDCONTENTCONDITION, escapePattern=null) - start
193756 [main] DEBUG org.dbunit.database.search.AbstractMetaDataBasedSearchCallback  - newEdge(rs=org.apache.commons.dbcp.DelegatingResultSet@7c43971d, type=0, from=NESTEDSCOPEDCONTENTCONDITIONS, to=SCOPEDCONTENTCONDITION, fkColumn=CHILD_CONDITION_ID, pkColumn=ID) - start
193756 [main] DEBUG org.dbunit.database.search.AbstractMetaDataBasedSearchCallback  - createFKEdge(rs=org.apache.commons.dbcp.DelegatingResultSet@7c43971d, type=0, from=NESTEDSCOPEDCONTENTCONDITIONS, to=SCOPEDCONTENTCONDITION, fkColumn=CHILD_CONDITION_ID, pkColumn=ID) - start
193756 [main] DEBUG org.dbunit.database.search.AbstractMetaDataBasedSearchCallback  - Adding edge NESTEDSCOPEDCONTENTCONDITIONS(CHILD_CONDITION_ID)->SCOPEDCONTENTCONDITION(ID)
193756 [main] DEBUG org.dbunit.util.search.Edge  - compareTo(o=NESTEDSCOPEDCONTENTCONDITIONS(CHILD_CONDITION_ID)->SCOPEDCONTENTCONDITION(ID)) - start
193756 [main] DEBUG org.dbunit.util.QualifiedTableName  - getQualifiedNameIfEnabled(config=org.dbunit.database.DatabaseConfig[, _propertyMap={http://www.dbunit.org/properties/statementFactory=org.dbunit.database.statement.PreparedStatementFactory@626bc2b8, http://www.dbunit.org/features/caseSensitiveTableNames=false, http://www.dbunit.org/properties/fetchSize=100, http://www.dbunit.org/features/batchedStatements=false, http://www.dbunit.org/properties/metadataHandler=org.dbunit.database.DefaultMetadataHandler@3eeace42, http://www.dbunit.org/properties/datatypeFactory=org.dbunit.dataset.datatype.DefaultDataTypeFactory[_toleratedDeltaMap=org.dbunit.dataset.datatype.ToleratedDeltaMap@6452310a], http://www.dbunit.org/properties/escapePattern=null, http://www.dbunit.org/properties/batchSize=100, http://www.dbunit.org/features/qualifiedTableNames=false, http://www.dbunit.org/properties/tableType=[Ljava.lang.String;@5011bafa, http://www.dbunit.org/properties/resultSetTableFactory=org.dbunit.database.CachedResultSetTableFactory@10bcf083, http://www.dbunit.org/features/datatypeWarning=true}]) - start
193756 [main] TRACE org.dbunit.database.DatabaseConfig  - getFeature(name=http://www.dbunit.org/features/qualifiedTableNames) - start
193756 [main] TRACE org.dbunit.database.DatabaseConfig  - getProperty(name=http://www.dbunit.org/features/qualifiedTableNames) - start
193756 [main] DEBUG org.dbunit.util.QualifiedTableName  - Qualified table names feature is disabled. Returning plain table name
193756 [main] DEBUG org.dbunit.util.QualifiedTableName  - getQualifiedName(prefix=null, name=NESTEDSCOPEDCONTENTCONDITIONS, escapePattern=null) - start
193756 [main] DEBUG org.dbunit.util.QualifiedTableName  - getQualifiedNameIfEnabled(config=org.dbunit.database.DatabaseConfig[, _propertyMap={http://www.dbunit.org/properties/statementFactory=org.dbunit.database.statement.PreparedStatementFactory@626bc2b8, http://www.dbunit.org/features/caseSensitiveTableNames=false, http://www.dbunit.org/properties/fetchSize=100, http://www.dbunit.org/features/batchedStatements=false, http://www.dbunit.org/properties/metadataHandler=org.dbunit.database.DefaultMetadataHandler@3eeace42, http://www.dbunit.org/properties/datatypeFactory=org.dbunit.dataset.datatype.DefaultDataTypeFactory[_toleratedDeltaMap=org.dbunit.dataset.datatype.ToleratedDeltaMap@6452310a], http://www.dbunit.org/properties/escapePattern=null, http://www.dbunit.org/properties/batchSize=100, http://www.dbunit.org/features/qualifiedTableNames=false, http://www.dbunit.org/properties/tableType=[Ljava.lang.String;@5011bafa, http://www.dbunit.org/properties/resultSetTableFactory=org.dbunit.database.CachedResultSetTableFactory@10bcf083, http://www.dbunit.org/features/datatypeWarning=true}]) - start
193756 [main] TRACE org.dbunit.database.DatabaseConfig  - getFeature(name=http://www.dbunit.org/features/qualifiedTableNames) - start
193756 [main] TRACE org.dbunit.database.DatabaseConfig  - getProperty(name=http://www.dbunit.org/features/qualifiedTableNames) - start
193756 [main] DEBUG org.dbunit.util.QualifiedTableName  - Qualified table names feature is disabled. Returning plain table name
193756 [main] DEBUG org.dbunit.util.QualifiedTableName  - getQualifiedName(prefix=null, name=SCOPEDCONTENTCONDITION, escapePattern=null) - start
193756 [main] DEBUG org.dbunit.database.search.AbstractMetaDataBasedSearchCallback  - newEdge(rs=org.apache.commons.dbcp.DelegatingResultSet@7c43971d, type=0, from=NESTEDSCOPEDCONTENTCONDITIONS, to=SCOPEDCONTENTCONDITION, fkColumn=PARENT_CONDITION_ID, pkColumn=ID) - start
193756 [main] DEBUG org.dbunit.database.search.AbstractMetaDataBasedSearchCallback  - createFKEdge(rs=org.apache.commons.dbcp.DelegatingResultSet@7c43971d, type=0, from=NESTEDSCOPEDCONTENTCONDITIONS, to=SCOPEDCONTENTCONDITION, fkColumn=PARENT_CONDITION_ID, pkColumn=ID) - start
193756 [main] DEBUG org.dbunit.database.search.AbstractMetaDataBasedSearchCallback  - Adding edge NESTEDSCOPEDCONTENTCONDITIONS(PARENT_CONDITION_ID)->SCOPEDCONTENTCONDITION(ID)
193756 [main] DEBUG org.dbunit.util.search.Edge  - compareTo(o=NESTEDSCOPEDCONTENTCONDITIONS(CHILD_CONDITION_ID)->SCOPEDCONTENTCONDITION(ID)) - start
193756 [main] DEBUG org.dbunit.util.SQLHelper  - close(resultSet=org.apache.commons.dbcp.DelegatingResultSet@7c43971d) - start
193757 [main] DEBUG org.dbunit.util.search.DepthFirstSearch  - search:NESTEDSCOPEDCONTENTCONDITIONS
193757 [main] DEBUG org.dbunit.database.search.ImportedKeysSearchCallback  - searchNode(node=NESTEDSCOPEDCONTENTCONDITIONS) - start
193757 [main] DEBUG org.dbunit.util.search.DepthFirstSearch  - Pushing NESTEDSCOPEDCONTENTCONDITIONS
193757 [main] DEBUG org.dbunit.database.search.ImportedKeysSearchCallback  - getEdges(node=NESTEDSCOPEDCONTENTCONDITIONS) - start
193757 [main] DEBUG org.dbunit.database.search.AbstractMetaDataBasedSearchCallback  - getNodesFromImportedKeys(node=NESTEDSCOPEDCONTENTCONDITIONS) - start
193757 [main] DEBUG org.dbunit.database.search.AbstractMetaDataBasedSearchCallback  - getNodes(type=0, node=NESTEDSCOPEDCONTENTCONDITIONS) - start
193757 [main] DEBUG org.dbunit.database.DatabaseDataSourceConnection  - getConnection() - start
193757 [main] DEBUG org.dbunit.database.search.AbstractMetaDataBasedSearchCallback  - getNodes(type=0, node=NESTEDSCOPEDCONTENTCONDITIONS, conn=Transaction-aware proxy for target Connection [jdbc:hsqldb:mem:kontrollDS, UserName=sw, HSQL Database Engine Driver], schema=null, metaData=org.apache.commons.dbcp.DelegatingDatabaseMetaData@397630a7, edges=[]) - start
193757 [main] DEBUG org.dbunit.database.search.AbstractMetaDataBasedSearchCallback  - Getting edges for node NESTEDSCOPEDCONTENTCONDITIONS
193757 [main] TRACE org.dbunit.database.DatabaseConfig  - getProperty(name=http://www.dbunit.org/properties/metadataHandler) - start
193757 [main] TRACE org.dbunit.database.DefaultMetadataHandler  - tableExists(metaData=org.apache.commons.dbcp.DelegatingDatabaseMetaData@397630a7, schemaName=null, tableName=NESTEDSCOPEDCONTENTCONDITIONS) - start
193758 [main] DEBUG org.dbunit.util.SQLHelper  - close(resultSet=org.apache.commons.dbcp.DelegatingResultSet@272955b) - start
193758 [main] DEBUG org.dbunit.util.QualifiedTableName  - getQualifiedNameIfEnabled(config=org.dbunit.database.DatabaseConfig[, _propertyMap={http://www.dbunit.org/properties/statementFactory=org.dbunit.database.statement.PreparedStatementFactory@626bc2b8, http://www.dbunit.org/features/caseSensitiveTableNames=false, http://www.dbunit.org/properties/fetchSize=100, http://www.dbunit.org/features/batchedStatements=false, http://www.dbunit.org/properties/metadataHandler=org.dbunit.database.DefaultMetadataHandler@3eeace42, http://www.dbunit.org/properties/datatypeFactory=org.dbunit.dataset.datatype.DefaultDataTypeFactory[_toleratedDeltaMap=org.dbunit.dataset.datatype.ToleratedDeltaMap@6452310a], http://www.dbunit.org/properties/escapePattern=null, http://www.dbunit.org/properties/batchSize=100, http://www.dbunit.org/features/qualifiedTableNames=false, http://www.dbunit.org/properties/tableType=[Ljava.lang.String;@5011bafa, http://www.dbunit.org/properties/resultSetTableFactory=org.dbunit.database.CachedResultSetTableFactory@10bcf083, http://www.dbunit.org/features/datatypeWarning=true}]) - start
193758 [main] TRACE org.dbunit.database.DatabaseConfig  - getFeature(name=http://www.dbunit.org/features/qualifiedTableNames) - start
193758 [main] TRACE org.dbunit.database.DatabaseConfig  - getProperty(name=http://www.dbunit.org/features/qualifiedTableNames) - start
193758 [main] DEBUG org.dbunit.util.QualifiedTableName  - Qualified table names feature is disabled. Returning plain table name
193759 [main] DEBUG org.dbunit.util.QualifiedTableName  - getQualifiedName(prefix=null, name=NESTEDSCOPEDCONTENTCONDITIONS, escapePattern=null) - start
193759 [main] DEBUG org.dbunit.util.QualifiedTableName  - getQualifiedNameIfEnabled(config=org.dbunit.database.DatabaseConfig[, _propertyMap={http://www.dbunit.org/properties/statementFactory=org.dbunit.database.statement.PreparedStatementFactory@626bc2b8, http://www.dbunit.org/features/caseSensitiveTableNames=false, http://www.dbunit.org/properties/fetchSize=100, http://www.dbunit.org/features/batchedStatements=false, http://www.dbunit.org/properties/metadataHandler=org.dbunit.database.DefaultMetadataHandler@3eeace42, http://www.dbunit.org/properties/datatypeFactory=org.dbunit.dataset.datatype.DefaultDataTypeFactory[_toleratedDeltaMap=org.dbunit.dataset.datatype.ToleratedDeltaMap@6452310a], http://www.dbunit.org/properties/escapePattern=null, http://www.dbunit.org/properties/batchSize=100, http://www.dbunit.org/features/qualifiedTableNames=false, http://www.dbunit.org/properties/tableType=[Ljava.lang.String;@5011bafa, http://www.dbunit.org/properties/resultSetTableFactory=org.dbunit.database.CachedResultSetTableFactory@10bcf083, http://www.dbunit.org/features/datatypeWarning=true}]) - start
193759 [main] TRACE org.dbunit.database.DatabaseConfig  - getFeature(name=http://www.dbunit.org/features/qualifiedTableNames) - start
193759 [main] TRACE org.dbunit.database.DatabaseConfig  - getProperty(name=http://www.dbunit.org/features/qualifiedTableNames) - start
193759 [main] DEBUG org.dbunit.util.QualifiedTableName  - Qualified table names feature is disabled. Returning plain table name
193759 [main] DEBUG org.dbunit.util.QualifiedTableName  - getQualifiedName(prefix=null, name=SCOPEDCONTENTCONDITION, escapePattern=null) - start
193759 [main] DEBUG org.dbunit.database.search.AbstractMetaDataBasedSearchCallback  - newEdge(rs=org.apache.commons.dbcp.DelegatingResultSet@4e19a408, type=0, from=NESTEDSCOPEDCONTENTCONDITIONS, to=SCOPEDCONTENTCONDITION, fkColumn=CHILD_CONDITION_ID, pkColumn=ID) - start
193759 [main] DEBUG org.dbunit.database.search.AbstractMetaDataBasedSearchCallback  - createFKEdge(rs=org.apache.commons.dbcp.DelegatingResultSet@4e19a408, type=0, from=NESTEDSCOPEDCONTENTCONDITIONS, to=SCOPEDCONTENTCONDITION, fkColumn=CHILD_CONDITION_ID, pkColumn=ID) - start
193759 [main] DEBUG org.dbunit.database.search.AbstractMetaDataBasedSearchCallback  - Adding edge NESTEDSCOPEDCONTENTCONDITIONS(CHILD_CONDITION_ID)->SCOPEDCONTENTCONDITION(ID)
193759 [main] DEBUG org.dbunit.util.search.Edge  - compareTo(o=NESTEDSCOPEDCONTENTCONDITIONS(CHILD_CONDITION_ID)->SCOPEDCONTENTCONDITION(ID)) - start
193759 [main] DEBUG org.dbunit.util.QualifiedTableName  - getQualifiedNameIfEnabled(config=org.dbunit.database.DatabaseConfig[, _propertyMap={http://www.dbunit.org/properties/statementFactory=org.dbunit.database.statement.PreparedStatementFactory@626bc2b8, http://www.dbunit.org/features/caseSensitiveTableNames=false, http://www.dbunit.org/properties/fetchSize=100, http://www.dbunit.org/features/batchedStatements=false, http://www.dbunit.org/properties/metadataHandler=org.dbunit.database.DefaultMetadataHandler@3eeace42, http://www.dbunit.org/properties/datatypeFactory=org.dbunit.dataset.datatype.DefaultDataTypeFactory[_toleratedDeltaMap=org.dbunit.dataset.datatype.ToleratedDeltaMap@6452310a], http://www.dbunit.org/properties/escapePattern=null, http://www.dbunit.org/properties/batchSize=100, http://www.dbunit.org/features/qualifiedTableNames=false, http://www.dbunit.org/properties/tableType=[Ljava.lang.String;@5011bafa, http://www.dbunit.org/properties/resultSetTableFactory=org.dbunit.database.CachedResultSetTableFactory@10bcf083, http://www.dbunit.org/features/datatypeWarning=true}]) - start
193759 [main] TRACE org.dbunit.database.DatabaseConfig  - getFeature(name=http://www.dbunit.org/features/qualifiedTableNames) - start
193759 [main] TRACE org.dbunit.database.DatabaseConfig  - getProperty(name=http://www.dbunit.org/features/qualifiedTableNames) - start
193759 [main] DEBUG org.dbunit.util.QualifiedTableName  - Qualified table names feature is disabled. Returning plain table name
193759 [main] DEBUG org.dbunit.util.QualifiedTableName  - getQualifiedName(prefix=null, name=NESTEDSCOPEDCONTENTCONDITIONS, escapePattern=null) - start
193759 [main] DEBUG org.dbunit.util.QualifiedTableName  - getQualifiedNameIfEnabled(config=org.dbunit.database.DatabaseConfig[, _propertyMap={http://www.dbunit.org/properties/statementFactory=org.dbunit.database.statement.PreparedStatementFactory@626bc2b8, http://www.dbunit.org/features/caseSensitiveTableNames=false, http://www.dbunit.org/properties/fetchSize=100, http://www.dbunit.org/features/batchedStatements=false, http://www.dbunit.org/properties/metadataHandler=org.dbunit.database.DefaultMetadataHandler@3eeace42, http://www.dbunit.org/properties/datatypeFactory=org.dbunit.dataset.datatype.DefaultDataTypeFactory[_toleratedDeltaMap=org.dbunit.dataset.datatype.ToleratedDeltaMap@6452310a], http://www.dbunit.org/properties/escapePattern=null, http://www.dbunit.org/properties/batchSize=100, http://www.dbunit.org/features/qualifiedTableNames=false, http://www.dbunit.org/properties/tableType=[Ljava.lang.String;@5011bafa, http://www.dbunit.org/properties/resultSetTableFactory=org.dbunit.database.CachedResultSetTableFactory@10bcf083, http://www.dbunit.org/features/datatypeWarning=true}]) - start
193759 [main] TRACE org.dbunit.database.DatabaseConfig  - getFeature(name=http://www.dbunit.org/features/qualifiedTableNames) - start
193759 [main] TRACE org.dbunit.database.DatabaseConfig  - getProperty(name=http://www.dbunit.org/features/qualifiedTableNames) - start
193759 [main] DEBUG org.dbunit.util.QualifiedTableName  - Qualified table names feature is disabled. Returning plain table name
193759 [main] DEBUG org.dbunit.util.QualifiedTableName  - getQualifiedName(prefix=null, name=SCOPEDCONTENTCONDITION, escapePattern=null) - start
193759 [main] DEBUG org.dbunit.database.search.AbstractMetaDataBasedSearchCallback  - newEdge(rs=org.apache.commons.dbcp.DelegatingResultSet@4e19a408, type=0, from=NESTEDSCOPEDCONTENTCONDITIONS, to=SCOPEDCONTENTCONDITION, fkColumn=PARENT_CONDITION_ID, pkColumn=ID) - start
193760 [main] DEBUG org.dbunit.database.search.AbstractMetaDataBasedSearchCallback  - createFKEdge(rs=org.apache.commons.dbcp.DelegatingResultSet@4e19a408, type=0, from=NESTEDSCOPEDCONTENTCONDITIONS, to=SCOPEDCONTENTCONDITION, fkColumn=PARENT_CONDITION_ID, pkColumn=ID) - start
193760 [main] DEBUG org.dbunit.database.search.AbstractMetaDataBasedSearchCallback  - Adding edge NESTEDSCOPEDCONTENTCONDITIONS(PARENT_CONDITION_ID)->SCOPEDCONTENTCONDITION(ID)
193760 [main] DEBUG org.dbunit.util.search.Edge  - compareTo(o=NESTEDSCOPEDCONTENTCONDITIONS(CHILD_CONDITION_ID)->SCOPEDCONTENTCONDITION(ID)) - start
193760 [main] DEBUG org.dbunit.util.SQLHelper  - close(resultSet=org.apache.commons.dbcp.DelegatingResultSet@4e19a408) - start
193760 [main] DEBUG org.dbunit.util.search.DepthFirstSearch  - search:SCOPEDCONTENTCONDITION
193760 [main] DEBUG org.dbunit.database.search.ImportedKeysSearchCallback  - searchNode(node=SCOPEDCONTENTCONDITION) - start
193760 [main] DEBUG org.dbunit.util.search.DepthFirstSearch  - Pushing SCOPEDCONTENTCONDITION
193760 [main] DEBUG org.dbunit.database.search.ImportedKeysSearchCallback  - getEdges(node=SCOPEDCONTENTCONDITION) - start
193760 [main] DEBUG org.dbunit.database.search.AbstractMetaDataBasedSearchCallback  - getNodesFromImportedKeys(node=SCOPEDCONTENTCONDITION) - start
193760 [main] DEBUG org.dbunit.database.search.AbstractMetaDataBasedSearchCallback  - getNodes(type=0, node=SCOPEDCONTENTCONDITION) - start
193760 [main] DEBUG org.dbunit.database.DatabaseDataSourceConnection  - getConnection() - start
193760 [main] DEBUG org.dbunit.database.search.AbstractMetaDataBasedSearchCallback  - getNodes(type=0, node=SCOPEDCONTENTCONDITION, conn=Transaction-aware proxy for target Connection [jdbc:hsqldb:mem:kontrollDS, UserName=sw, HSQL Database Engine Driver], schema=null, metaData=org.apache.commons.dbcp.DelegatingDatabaseMetaData@75603146, edges=[]) - start
193760 [main] DEBUG org.dbunit.database.search.AbstractMetaDataBasedSearchCallback  - Getting edges for node SCOPEDCONTENTCONDITION
193760 [main] TRACE org.dbunit.database.DatabaseConfig  - getProperty(name=http://www.dbunit.org/properties/metadataHandler) - start
193760 [main] TRACE org.dbunit.database.DefaultMetadataHandler  - tableExists(metaData=org.apache.commons.dbcp.DelegatingDatabaseMetaData@75603146, schemaName=null, tableName=SCOPEDCONTENTCONDITION) - start
193761 [main] DEBUG org.dbunit.util.SQLHelper  - close(resultSet=org.apache.commons.dbcp.DelegatingResultSet@6aacb7ed) - start
193761 [main] DEBUG org.dbunit.util.SQLHelper  - close(resultSet=org.apache.commons.dbcp.DelegatingResultSet@2c6af8fd) - start
193761 [main] DEBUG org.dbunit.util.search.DepthFirstSearch  - Adding node SCOPEDCONTENTCONDITION to the final result
193761 [main] DEBUG org.dbunit.util.search.DepthFirstSearch  - Adding node NESTEDSCOPEDCONTENTCONDITIONS to the final result
193761 [main] DEBUG org.dbunit.util.search.DepthFirstSearch  - reverseSearch:NESTEDSCOPEDCONTENTCONDITIONS
193762 [main] DEBUG org.dbunit.util.search.DepthFirstSearch  - already searched; returning true
193762 [main] DEBUG org.dbunit.util.search.DepthFirstSearch  - reverseSearch:SCOPEDCONTENTCONDITION
193762 [main] DEBUG org.dbunit.database.search.ImportedKeysSearchCallback  - searchNode(node=SCOPEDCONTENTCONDITION) - start
193762 [main] DEBUG org.dbunit.util.search.DepthFirstSearch  - Pushing (reverse) SCOPEDCONTENTCONDITION
193762 [main] DEBUG org.dbunit.database.search.ImportedKeysSearchCallback  - getEdges(node=SCOPEDCONTENTCONDITION) - start
193762 [main] DEBUG org.dbunit.database.search.AbstractMetaDataBasedSearchCallback  - getNodesFromImportedKeys(node=SCOPEDCONTENTCONDITION) - start
193762 [main] DEBUG org.dbunit.database.search.AbstractMetaDataBasedSearchCallback  - getNodes(type=0, node=SCOPEDCONTENTCONDITION) - start
193762 [main] DEBUG org.dbunit.database.DatabaseDataSourceConnection  - getConnection() - start
193762 [main] DEBUG org.dbunit.database.search.AbstractMetaDataBasedSearchCallback  - getNodes(type=0, node=SCOPEDCONTENTCONDITION, conn=Transaction-aware proxy for target Connection [jdbc:hsqldb:mem:kontrollDS, UserName=sw, HSQL Database Engine Driver], schema=null, metaData=org.apache.commons.dbcp.DelegatingDatabaseMetaData@2300c0d3, edges=[]) - start
193762 [main] DEBUG org.dbunit.database.search.AbstractMetaDataBasedSearchCallback  - Getting edges for node SCOPEDCONTENTCONDITION
193762 [main] TRACE org.dbunit.database.DatabaseConfig  - getProperty(name=http://www.dbunit.org/properties/metadataHandler) - start
193762 [main] TRACE org.dbunit.database.DefaultMetadataHandler  - tableExists(metaData=org.apache.commons.dbcp.DelegatingDatabaseMetaData@2300c0d3, schemaName=null, tableName=SCOPEDCONTENTCONDITION) - start
193763 [main] DEBUG org.dbunit.util.SQLHelper  - close(resultSet=org.apache.commons.dbcp.DelegatingResultSet@462021e) - start
193763 [main] DEBUG org.dbunit.util.SQLHelper  - close(resultSet=org.apache.commons.dbcp.DelegatingResultSet@7a666061) - start
193763 [main] DEBUG org.dbunit.util.search.DepthFirstSearch  - search:NESTEDSCOPEDCONTENTCONDITIONS
193763 [main] DEBUG org.dbunit.util.search.DepthFirstSearch  - already searched; returning true
193763 [main] DEBUG org.dbunit.util.search.DepthFirstSearch  - search:SCOPEDCONTENTCONDITION
193763 [main] DEBUG org.dbunit.util.search.DepthFirstSearch  - already searched; returning true
193763 [main] DEBUG org.dbunit.util.CollectionsHelper  - setToStrings(set=[SCOPEDCONTENTCONDITION, NESTEDSCOPEDCONTENTCONDITIONS]) - start
193763 [main] DEBUG org.dbunit.database.search.TablesDependencyHelper  - getDependsOnTables(connection=_databaseConfig=org.dbunit.database.DatabaseConfig[, _propertyMap={http://www.dbunit.org/properties/statementFactory=org.dbunit.database.statement.PreparedStatementFactory@626bc2b8, http://www.dbunit.org/features/caseSensitiveTableNames=false, http://www.dbunit.org/properties/fetchSize=100, http://www.dbunit.org/features/batchedStatements=false, http://www.dbunit.org/properties/metadataHandler=org.dbunit.database.DefaultMetadataHandler@3eeace42, http://www.dbunit.org/properties/datatypeFactory=org.dbunit.dataset.datatype.DefaultDataTypeFactory[_toleratedDeltaMap=org.dbunit.dataset.datatype.ToleratedDeltaMap@6452310a], http://www.dbunit.org/properties/escapePattern=null, http://www.dbunit.org/properties/batchSize=100, http://www.dbunit.org/features/qualifiedTableNames=false, http://www.dbunit.org/properties/tableType=[Ljava.lang.String;@5011bafa, http://www.dbunit.org/properties/resultSetTableFactory=org.dbunit.database.CachedResultSetTableFactory@10bcf083, http://www.dbunit.org/features/datatypeWarning=true}], _dataSet=AbstractDataSet[_orderedTableNameMap=null], rootTable=NESTEDSCOPEDCONTENTCONDITIONS) - start
193764 [main] DEBUG org.dbunit.util.search.DepthFirstSearch  - search(nodesFrom=[NESTEDSCOPEDCONTENTCONDITIONS], callback=org.dbunit.database.search.ExportedKeysSearchCallback@1d665ce3) - start
193764 [main] DEBUG org.dbunit.util.CollectionsHelper  - objectsToSet(objects=NESTEDSCOPEDCONTENTCONDITIONS) - start
193764 [main] DEBUG org.dbunit.util.search.DepthFirstSearch  - search(nodesFrom=[NESTEDSCOPEDCONTENTCONDITIONS], callback=org.dbunit.database.search.ExportedKeysSearchCallback@1d665ce3) - start
193764 [main] DEBUG org.dbunit.util.search.DepthFirstSearch  - reverseSearch:NESTEDSCOPEDCONTENTCONDITIONS
193764 [main] DEBUG org.dbunit.database.search.ExportedKeysSearchCallback  - searchNode(node=NESTEDSCOPEDCONTENTCONDITIONS) - start
193764 [main] DEBUG org.dbunit.util.search.DepthFirstSearch  - Pushing (reverse) NESTEDSCOPEDCONTENTCONDITIONS
193764 [main] DEBUG org.dbunit.database.search.ExportedKeysSearchCallback  - getEdges(node=NESTEDSCOPEDCONTENTCONDITIONS) - start
193764 [main] DEBUG org.dbunit.database.search.AbstractMetaDataBasedSearchCallback  - getNodesFromExportedKeys(node=NESTEDSCOPEDCONTENTCONDITIONS) - start
193764 [main] DEBUG org.dbunit.database.search.AbstractMetaDataBasedSearchCallback  - getNodes(type=1, node=NESTEDSCOPEDCONTENTCONDITIONS) - start
193764 [main] DEBUG org.dbunit.database.DatabaseDataSourceConnection  - getConnection() - start
193764 [main] DEBUG org.dbunit.database.search.AbstractMetaDataBasedSearchCallback  - getNodes(type=1, node=NESTEDSCOPEDCONTENTCONDITIONS, conn=Transaction-aware proxy for target Connection [jdbc:hsqldb:mem:kontrollDS, UserName=sw, HSQL Database Engine Driver], schema=null, metaData=org.apache.commons.dbcp.DelegatingDatabaseMetaData@2b5c4a29, edges=[]) - start
193764 [main] DEBUG org.dbunit.database.search.AbstractMetaDataBasedSearchCallback  - Getting edges for node NESTEDSCOPEDCONTENTCONDITIONS
193764 [main] TRACE org.dbunit.database.DatabaseConfig  - getProperty(name=http://www.dbunit.org/properties/metadataHandler) - start
193764 [main] TRACE org.dbunit.database.DefaultMetadataHandler  - tableExists(metaData=org.apache.commons.dbcp.DelegatingDatabaseMetaData@2b5c4a29, schemaName=null, tableName=NESTEDSCOPEDCONTENTCONDITIONS) - start
193765 [main] DEBUG org.dbunit.util.SQLHelper  - close(resultSet=org.apache.commons.dbcp.DelegatingResultSet@4ea93621) - start
193765 [main] DEBUG org.dbunit.util.SQLHelper  - close(resultSet=org.apache.commons.dbcp.DelegatingResultSet@3d7e3cf4) - start
193765 [main] DEBUG org.dbunit.util.search.DepthFirstSearch  - search:NESTEDSCOPEDCONTENTCONDITIONS
193765 [main] DEBUG org.dbunit.database.search.ExportedKeysSearchCallback  - searchNode(node=NESTEDSCOPEDCONTENTCONDITIONS) - start
193765 [main] DEBUG org.dbunit.util.search.DepthFirstSearch  - Pushing NESTEDSCOPEDCONTENTCONDITIONS
193765 [main] DEBUG org.dbunit.database.search.ExportedKeysSearchCallback  - getEdges(node=NESTEDSCOPEDCONTENTCONDITIONS) - start
193765 [main] DEBUG org.dbunit.database.search.AbstractMetaDataBasedSearchCallback  - getNodesFromExportedKeys(node=NESTEDSCOPEDCONTENTCONDITIONS) - start
193765 [main] DEBUG org.dbunit.database.search.AbstractMetaDataBasedSearchCallback  - getNodes(type=1, node=NESTEDSCOPEDCONTENTCONDITIONS) - start
193766 [main] DEBUG org.dbunit.database.DatabaseDataSourceConnection  - getConnection() - start
193766 [main] DEBUG org.dbunit.database.search.AbstractMetaDataBasedSearchCallback  - getNodes(type=1, node=NESTEDSCOPEDCONTENTCONDITIONS, conn=Transaction-aware proxy for target Connection [jdbc:hsqldb:mem:kontrollDS, UserName=sw, HSQL Database Engine Driver], schema=null, metaData=org.apache.commons.dbcp.DelegatingDatabaseMetaData@2ad3d6b6, edges=[]) - start
193766 [main] DEBUG org.dbunit.database.search.AbstractMetaDataBasedSearchCallback  - Getting edges for node NESTEDSCOPEDCONTENTCONDITIONS
193766 [main] TRACE org.dbunit.database.DatabaseConfig  - getProperty(name=http://www.dbunit.org/properties/metadataHandler) - start
193766 [main] TRACE org.dbunit.database.DefaultMetadataHandler  - tableExists(metaData=org.apache.commons.dbcp.DelegatingDatabaseMetaData@2ad3d6b6, schemaName=null, tableName=NESTEDSCOPEDCONTENTCONDITIONS) - start
193767 [main] DEBUG org.dbunit.util.SQLHelper  - close(resultSet=org.apache.commons.dbcp.DelegatingResultSet@31d88610) - start
193767 [main] DEBUG org.dbunit.util.SQLHelper  - close(resultSet=org.apache.commons.dbcp.DelegatingResultSet@132452c6) - start
193767 [main] DEBUG org.dbunit.util.search.DepthFirstSearch  - Adding node NESTEDSCOPEDCONTENTCONDITIONS to the final result
193767 [main] DEBUG org.dbunit.util.CollectionsHelper  - setToStrings(set=[NESTEDSCOPEDCONTENTCONDITIONS]) - start
193767 [main] DEBUG org.dbunit.database.search.TablesDependencyHelper  - getDirectDependsOnTables(connection=_databaseConfig=org.dbunit.database.DatabaseConfig[, _propertyMap={http://www.dbunit.org/properties/statementFactory=org.dbunit.database.statement.PreparedStatementFactory@626bc2b8, http://www.dbunit.org/features/caseSensitiveTableNames=false, http://www.dbunit.org/properties/fetchSize=100, http://www.dbunit.org/features/batchedStatements=false, http://www.dbunit.org/properties/metadataHandler=org.dbunit.database.DefaultMetadataHandler@3eeace42, http://www.dbunit.org/properties/datatypeFactory=org.dbunit.dataset.datatype.DefaultDataTypeFactory[_toleratedDeltaMap=org.dbunit.dataset.datatype.ToleratedDeltaMap@6452310a], http://www.dbunit.org/properties/escapePattern=null, http://www.dbunit.org/properties/batchSize=100, http://www.dbunit.org/features/qualifiedTableNames=false, http://www.dbunit.org/properties/tableType=[Ljava.lang.String;@5011bafa, http://www.dbunit.org/properties/resultSetTableFactory=org.dbunit.database.CachedResultSetTableFactory@10bcf083, http://www.dbunit.org/features/datatypeWarning=true}], _dataSet=AbstractDataSet[_orderedTableNameMap=null], tableName=NESTEDSCOPEDCONTENTCONDITIONS) - start
193767 [main] DEBUG org.dbunit.util.search.DepthFirstSearch  - search(nodesFrom=[NESTEDSCOPEDCONTENTCONDITIONS], callback=org.dbunit.database.search.ExportedKeysSearchCallback@53fb5c49) - start
193767 [main] DEBUG org.dbunit.util.CollectionsHelper  - objectsToSet(objects=NESTEDSCOPEDCONTENTCONDITIONS) - start
193767 [main] DEBUG org.dbunit.util.search.DepthFirstSearch  - search(nodesFrom=[NESTEDSCOPEDCONTENTCONDITIONS], callback=org.dbunit.database.search.ExportedKeysSearchCallback@53fb5c49) - start
193767 [main] DEBUG org.dbunit.util.search.DepthFirstSearch  - reverseSearch:NESTEDSCOPEDCONTENTCONDITIONS
193767 [main] DEBUG org.dbunit.database.search.ExportedKeysSearchCallback  - searchNode(node=NESTEDSCOPEDCONTENTCONDITIONS) - start
193767 [main] DEBUG org.dbunit.util.search.DepthFirstSearch  - Pushing (reverse) NESTEDSCOPEDCONTENTCONDITIONS
193768 [main] DEBUG org.dbunit.database.search.ExportedKeysSearchCallback  - getEdges(node=NESTEDSCOPEDCONTENTCONDITIONS) - start
193768 [main] DEBUG org.dbunit.database.search.AbstractMetaDataBasedSearchCallback  - getNodesFromExportedKeys(node=NESTEDSCOPEDCONTENTCONDITIONS) - start
193768 [main] DEBUG org.dbunit.database.search.AbstractMetaDataBasedSearchCallback  - getNodes(type=1, node=NESTEDSCOPEDCONTENTCONDITIONS) - start
193768 [main] DEBUG org.dbunit.database.DatabaseDataSourceConnection  - getConnection() - start
193768 [main] DEBUG org.dbunit.database.search.AbstractMetaDataBasedSearchCallback  - getNodes(type=1, node=NESTEDSCOPEDCONTENTCONDITIONS, conn=Transaction-aware proxy for target Connection [jdbc:hsqldb:mem:kontrollDS, UserName=sw, HSQL Database Engine Driver], schema=null, metaData=org.apache.commons.dbcp.DelegatingDatabaseMetaData@1b67e7b2, edges=[]) - start
193768 [main] DEBUG org.dbunit.database.search.AbstractMetaDataBasedSearchCallback  - Getting edges for node NESTEDSCOPEDCONTENTCONDITIONS
193768 [main] TRACE org.dbunit.database.DatabaseConfig  - getProperty(name=http://www.dbunit.org/properties/metadataHandler) - start
193768 [main] TRACE org.dbunit.database.DefaultMetadataHandler  - tableExists(metaData=org.apache.commons.dbcp.DelegatingDatabaseMetaData@1b67e7b2, schemaName=null, tableName=NESTEDSCOPEDCONTENTCONDITIONS) - start
193769 [main] DEBUG org.dbunit.util.SQLHelper  - close(resultSet=org.apache.commons.dbcp.DelegatingResultSet@29b64dde) - start
193769 [main] DEBUG org.dbunit.util.SQLHelper  - close(resultSet=org.apache.commons.dbcp.DelegatingResultSet@f5433b9) - start
193769 [main] DEBUG org.dbunit.util.search.DepthFirstSearch  - search:NESTEDSCOPEDCONTENTCONDITIONS
193769 [main] DEBUG org.dbunit.database.search.ExportedKeysSearchCallback  - searchNode(node=NESTEDSCOPEDCONTENTCONDITIONS) - start
193769 [main] DEBUG org.dbunit.util.search.DepthFirstSearch  - Pushing NESTEDSCOPEDCONTENTCONDITIONS
193769 [main] DEBUG org.dbunit.database.search.ExportedKeysSearchCallback  - getEdges(node=NESTEDSCOPEDCONTENTCONDITIONS) - start
193769 [main] DEBUG org.dbunit.database.search.AbstractMetaDataBasedSearchCallback  - getNodesFromExportedKeys(node=NESTEDSCOPEDCONTENTCONDITIONS) - start
193769 [main] DEBUG org.dbunit.database.search.AbstractMetaDataBasedSearchCallback  - getNodes(type=1, node=NESTEDSCOPEDCONTENTCONDITIONS) - start
193769 [main] DEBUG org.dbunit.database.DatabaseDataSourceConnection  - getConnection() - start
193770 [main] DEBUG org.dbunit.database.search.AbstractMetaDataBasedSearchCallback  - getNodes(type=1, node=NESTEDSCOPEDCONTENTCONDITIONS, conn=Transaction-aware proxy for target Connection [jdbc:hsqldb:mem:kontrollDS, UserName=sw, HSQL Database Engine Driver], schema=null, metaData=org.apache.commons.dbcp.DelegatingDatabaseMetaData@610fbe8b, edges=[]) - start
193770 [main] DEBUG org.dbunit.database.search.AbstractMetaDataBasedSearchCallback  - Getting edges for node NESTEDSCOPEDCONTENTCONDITIONS
193770 [main] TRACE org.dbunit.database.DatabaseConfig  - getProperty(name=http://www.dbunit.org/properties/metadataHandler) - start
193770 [main] TRACE org.dbunit.database.DefaultMetadataHandler  - tableExists(metaData=org.apache.commons.dbcp.DelegatingDatabaseMetaData@610fbe8b, schemaName=null, tableName=NESTEDSCOPEDCONTENTCONDITIONS) - start
193771 [main] DEBUG org.dbunit.util.SQLHelper  - close(resultSet=org.apache.commons.dbcp.DelegatingResultSet@75f449b0) - start
193771 [main] DEBUG org.dbunit.util.SQLHelper  - close(resultSet=org.apache.commons.dbcp.DelegatingResultSet@c4f32a2) - start
193771 [main] DEBUG org.dbunit.util.search.DepthFirstSearch  - Adding node NESTEDSCOPEDCONTENTCONDITIONS to the final result
193771 [main] DEBUG org.dbunit.database.search.TablesDependencyHelper  - getDirectDependentTables(connection=_databaseConfig=org.dbunit.database.DatabaseConfig[, _propertyMap={http://www.dbunit.org/properties/statementFactory=org.dbunit.database.statement.PreparedStatementFactory@626bc2b8, http://www.dbunit.org/features/caseSensitiveTableNames=false, http://www.dbunit.org/properties/fetchSize=100, http://www.dbunit.org/features/batchedStatements=false, http://www.dbunit.org/properties/metadataHandler=org.dbunit.database.DefaultMetadataHandler@3eeace42, http://www.dbunit.org/properties/datatypeFactory=org.dbunit.dataset.datatype.DefaultDataTypeFactory[_toleratedDeltaMap=org.dbunit.dataset.datatype.ToleratedDeltaMap@6452310a], http://www.dbunit.org/properties/escapePattern=null, http://www.dbunit.org/properties/batchSize=100, http://www.dbunit.org/features/qualifiedTableNames=false, http://www.dbunit.org/properties/tableType=[Ljava.lang.String;@5011bafa, http://www.dbunit.org/properties/resultSetTableFactory=org.dbunit.database.CachedResultSetTableFactory@10bcf083, http://www.dbunit.org/features/datatypeWarning=true}], _dataSet=AbstractDataSet[_orderedTableNameMap=null], tableName=NESTEDSCOPEDCONTENTCONDITIONS) - start
193771 [main] DEBUG org.dbunit.util.search.DepthFirstSearch  - search(nodesFrom=[NESTEDSCOPEDCONTENTCONDITIONS], callback=org.dbunit.database.search.ImportedKeysSearchCallback@7d11dee9) - start
193771 [main] DEBUG org.dbunit.util.CollectionsHelper  - objectsToSet(objects=NESTEDSCOPEDCONTENTCONDITIONS) - start
193771 [main] DEBUG org.dbunit.util.search.DepthFirstSearch  - search(nodesFrom=[NESTEDSCOPEDCONTENTCONDITIONS], callback=org.dbunit.database.search.ImportedKeysSearchCallback@7d11dee9) - start
193771 [main] DEBUG org.dbunit.util.search.DepthFirstSearch  - reverseSearch:NESTEDSCOPEDCONTENTCONDITIONS
193771 [main] DEBUG org.dbunit.database.search.ImportedKeysSearchCallback  - searchNode(node=NESTEDSCOPEDCONTENTCONDITIONS) - start
193771 [main] DEBUG org.dbunit.util.search.DepthFirstSearch  - Pushing (reverse) NESTEDSCOPEDCONTENTCONDITIONS
193771 [main] DEBUG org.dbunit.database.search.ImportedKeysSearchCallback  - getEdges(node=NESTEDSCOPEDCONTENTCONDITIONS) - start
193771 [main] DEBUG org.dbunit.database.search.AbstractMetaDataBasedSearchCallback  - getNodesFromImportedKeys(node=NESTEDSCOPEDCONTENTCONDITIONS) - start
193771 [main] DEBUG org.dbunit.database.search.AbstractMetaDataBasedSearchCallback  - getNodes(type=0, node=NESTEDSCOPEDCONTENTCONDITIONS) - start
193771 [main] DEBUG org.dbunit.database.DatabaseDataSourceConnection  - getConnection() - start
193771 [main] DEBUG org.dbunit.database.search.AbstractMetaDataBasedSearchCallback  - getNodes(type=0, node=NESTEDSCOPEDCONTENTCONDITIONS, conn=Transaction-aware proxy for target Connection [jdbc:hsqldb:mem:kontrollDS, UserName=sw, HSQL Database Engine Driver], schema=null, metaData=org.apache.commons.dbcp.DelegatingDatabaseMetaData@2041d325, edges=[]) - start
193771 [main] DEBUG org.dbunit.database.search.AbstractMetaDataBasedSearchCallback  - Getting edges for node NESTEDSCOPEDCONTENTCONDITIONS
193772 [main] TRACE org.dbunit.database.DatabaseConfig  - getProperty(name=http://www.dbunit.org/properties/metadataHandler) - start
193772 [main] TRACE org.dbunit.database.DefaultMetadataHandler  - tableExists(metaData=org.apache.commons.dbcp.DelegatingDatabaseMetaData@2041d325, schemaName=null, tableName=NESTEDSCOPEDCONTENTCONDITIONS) - start
193773 [main] DEBUG org.dbunit.util.SQLHelper  - close(resultSet=org.apache.commons.dbcp.DelegatingResultSet@1cfa5f21) - start
193773 [main] DEBUG org.dbunit.util.QualifiedTableName  - getQualifiedNameIfEnabled(config=org.dbunit.database.DatabaseConfig[, _propertyMap={http://www.dbunit.org/properties/statementFactory=org.dbunit.database.statement.PreparedStatementFactory@626bc2b8, http://www.dbunit.org/features/caseSensitiveTableNames=false, http://www.dbunit.org/properties/fetchSize=100, http://www.dbunit.org/features/batchedStatements=false, http://www.dbunit.org/properties/metadataHandler=org.dbunit.database.DefaultMetadataHandler@3eeace42, http://www.dbunit.org/properties/datatypeFactory=org.dbunit.dataset.datatype.DefaultDataTypeFactory[_toleratedDeltaMap=org.dbunit.dataset.datatype.ToleratedDeltaMap@6452310a], http://www.dbunit.org/properties/escapePattern=null, http://www.dbunit.org/properties/batchSize=100, http://www.dbunit.org/features/qualifiedTableNames=false, http://www.dbunit.org/properties/tableType=[Ljava.lang.String;@5011bafa, http://www.dbunit.org/properties/resultSetTableFactory=org.dbunit.database.CachedResultSetTableFactory@10bcf083, http://www.dbunit.org/features/datatypeWarning=true}]) - start
193773 [main] TRACE org.dbunit.database.DatabaseConfig  - getFeature(name=http://www.dbunit.org/features/qualifiedTableNames) - start
193773 [main] TRACE org.dbunit.database.DatabaseConfig  - getProperty(name=http://www.dbunit.org/features/qualifiedTableNames) - start
193773 [main] DEBUG org.dbunit.util.QualifiedTableName  - Qualified table names feature is disabled. Returning plain table name
193774 [main] DEBUG org.dbunit.util.QualifiedTableName  - getQualifiedName(prefix=null, name=NESTEDSCOPEDCONTENTCONDITIONS, escapePattern=null) - start
193774 [main] DEBUG org.dbunit.util.QualifiedTableName  - getQualifiedNameIfEnabled(config=org.dbunit.database.DatabaseConfig[, _propertyMap={http://www.dbunit.org/properties/statementFactory=org.dbunit.database.statement.PreparedStatementFactory@626bc2b8, http://www.dbunit.org/features/caseSensitiveTableNames=false, http://www.dbunit.org/properties/fetchSize=100, http://www.dbunit.org/features/batchedStatements=false, http://www.dbunit.org/properties/metadataHandler=org.dbunit.database.DefaultMetadataHandler@3eeace42, http://www.dbunit.org/properties/datatypeFactory=org.dbunit.dataset.datatype.DefaultDataTypeFactory[_toleratedDeltaMap=org.dbunit.dataset.datatype.ToleratedDeltaMap@6452310a], http://www.dbunit.org/properties/escapePattern=null, http://www.dbunit.org/properties/batchSize=100, http://www.dbunit.org/features/qualifiedTableNames=false, http://www.dbunit.org/properties/tableType=[Ljava.lang.String;@5011bafa, http://www.dbunit.org/properties/resultSetTableFactory=org.dbunit.database.CachedResultSetTableFactory@10bcf083, http://www.dbunit.org/features/datatypeWarning=true}]) - start
193774 [main] TRACE org.dbunit.database.DatabaseConfig  - getFeature(name=http://www.dbunit.org/features/qualifiedTableNames) - start
193774 [main] TRACE org.dbunit.database.DatabaseConfig  - getProperty(name=http://www.dbunit.org/features/qualifiedTableNames) - start
193774 [main] DEBUG org.dbunit.util.QualifiedTableName  - Qualified table names feature is disabled. Returning plain table name
193774 [main] DEBUG org.dbunit.util.QualifiedTableName  - getQualifiedName(prefix=null, name=SCOPEDCONTENTCONDITION, escapePattern=null) - start
193774 [main] DEBUG org.dbunit.database.search.AbstractMetaDataBasedSearchCallback  - newEdge(rs=org.apache.commons.dbcp.DelegatingResultSet@1aa6d3e4, type=0, from=NESTEDSCOPEDCONTENTCONDITIONS, to=SCOPEDCONTENTCONDITION, fkColumn=CHILD_CONDITION_ID, pkColumn=ID) - start
193774 [main] DEBUG org.dbunit.database.search.AbstractMetaDataBasedSearchCallback  - createFKEdge(rs=org.apache.commons.dbcp.DelegatingResultSet@1aa6d3e4, type=0, from=NESTEDSCOPEDCONTENTCONDITIONS, to=SCOPEDCONTENTCONDITION, fkColumn=CHILD_CONDITION_ID, pkColumn=ID) - start
193774 [main] DEBUG org.dbunit.database.search.AbstractMetaDataBasedSearchCallback  - Adding edge NESTEDSCOPEDCONTENTCONDITIONS(CHILD_CONDITION_ID)->SCOPEDCONTENTCONDITION(ID)
193774 [main] DEBUG org.dbunit.util.search.Edge  - compareTo(o=NESTEDSCOPEDCONTENTCONDITIONS(CHILD_CONDITION_ID)->SCOPEDCONTENTCONDITION(ID)) - start
193774 [main] DEBUG org.dbunit.util.QualifiedTableName  - getQualifiedNameIfEnabled(config=org.dbunit.database.DatabaseConfig[, _propertyMap={http://www.dbunit.org/properties/statementFactory=org.dbunit.database.statement.PreparedStatementFactory@626bc2b8, http://www.dbunit.org/features/caseSensitiveTableNames=false, http://www.dbunit.org/properties/fetchSize=100, http://www.dbunit.org/features/batchedStatements=false, http://www.dbunit.org/properties/metadataHandler=org.dbunit.database.DefaultMetadataHandler@3eeace42, http://www.dbunit.org/properties/datatypeFactory=org.dbunit.dataset.datatype.DefaultDataTypeFactory[_toleratedDeltaMap=org.dbunit.dataset.datatype.ToleratedDeltaMap@6452310a], http://www.dbunit.org/properties/escapePattern=null, http://www.dbunit.org/properties/batchSize=100, http://www.dbunit.org/features/qualifiedTableNames=false, http://www.dbunit.org/properties/tableType=[Ljava.lang.String;@5011bafa, http://www.dbunit.org/properties/resultSetTableFactory=org.dbunit.database.CachedResultSetTableFactory@10bcf083, http://www.dbunit.org/features/datatypeWarning=true}]) - start
193774 [main] TRACE org.dbunit.database.DatabaseConfig  - getFeature(name=http://www.dbunit.org/features/qualifiedTableNames) - start
193774 [main] TRACE org.dbunit.database.DatabaseConfig  - getProperty(name=http://www.dbunit.org/features/qualifiedTableNames) - start
193774 [main] DEBUG org.dbunit.util.QualifiedTableName  - Qualified table names feature is disabled. Returning plain table name
193774 [main] DEBUG org.dbunit.util.QualifiedTableName  - getQualifiedName(prefix=null, name=NESTEDSCOPEDCONTENTCONDITIONS, escapePattern=null) - start
193774 [main] DEBUG org.dbunit.util.QualifiedTableName  - getQualifiedNameIfEnabled(config=org.dbunit.database.DatabaseConfig[, _propertyMap={http://www.dbunit.org/properties/statementFactory=org.dbunit.database.statement.PreparedStatementFactory@626bc2b8, http://www.dbunit.org/features/caseSensitiveTableNames=false, http://www.dbunit.org/properties/fetchSize=100, http://www.dbunit.org/features/batchedStatements=false, http://www.dbunit.org/properties/metadataHandler=org.dbunit.database.DefaultMetadataHandler@3eeace42, http://www.dbunit.org/properties/datatypeFactory=org.dbunit.dataset.datatype.DefaultDataTypeFactory[_toleratedDeltaMap=org.dbunit.dataset.datatype.ToleratedDeltaMap@6452310a], http://www.dbunit.org/properties/escapePattern=null, http://www.dbunit.org/properties/batchSize=100, http://www.dbunit.org/features/qualifiedTableNames=false, http://www.dbunit.org/properties/tableType=[Ljava.lang.String;@5011bafa, http://www.dbunit.org/properties/resultSetTableFactory=org.dbunit.database.CachedResultSetTableFactory@10bcf083, http://www.dbunit.org/features/datatypeWarning=true}]) - start
193774 [main] TRACE org.dbunit.database.DatabaseConfig  - getFeature(name=http://www.dbunit.org/features/qualifiedTableNames) - start
193774 [main] TRACE org.dbunit.database.DatabaseConfig  - getProperty(name=http://www.dbunit.org/features/qualifiedTableNames) - start
193774 [main] DEBUG org.dbunit.util.QualifiedTableName  - Qualified table names feature is disabled. Returning plain table name
193774 [main] DEBUG org.dbunit.util.QualifiedTableName  - getQualifiedName(prefix=null, name=SCOPEDCONTENTCONDITION, escapePattern=null) - start
193774 [main] DEBUG org.dbunit.database.search.AbstractMetaDataBasedSearchCallback  - newEdge(rs=org.apache.commons.dbcp.DelegatingResultSet@1aa6d3e4, type=0, from=NESTEDSCOPEDCONTENTCONDITIONS, to=SCOPEDCONTENTCONDITION, fkColumn=PARENT_CONDITION_ID, pkColumn=ID) - start
193774 [main] DEBUG org.dbunit.database.search.AbstractMetaDataBasedSearchCallback  - createFKEdge(rs=org.apache.commons.dbcp.DelegatingResultSet@1aa6d3e4, type=0, from=NESTEDSCOPEDCONTENTCONDITIONS, to=SCOPEDCONTENTCONDITION, fkColumn=PARENT_CONDITION_ID, pkColumn=ID) - start
193775 [main] DEBUG org.dbunit.database.search.AbstractMetaDataBasedSearchCallback  - Adding edge NESTEDSCOPEDCONTENTCONDITIONS(PARENT_CONDITION_ID)->SCOPEDCONTENTCONDITION(ID)
193775 [main] DEBUG org.dbunit.util.search.Edge  - compareTo(o=NESTEDSCOPEDCONTENTCONDITIONS(CHILD_CONDITION_ID)->SCOPEDCONTENTCONDITION(ID)) - start
193775 [main] DEBUG org.dbunit.util.SQLHelper  - close(resultSet=org.apache.commons.dbcp.DelegatingResultSet@1aa6d3e4) - start
193775 [main] DEBUG org.dbunit.util.search.DepthFirstSearch  - search:NESTEDSCOPEDCONTENTCONDITIONS
193775 [main] DEBUG org.dbunit.database.search.ImportedKeysSearchCallback  - searchNode(node=NESTEDSCOPEDCONTENTCONDITIONS) - start
193775 [main] DEBUG org.dbunit.util.search.DepthFirstSearch  - Pushing NESTEDSCOPEDCONTENTCONDITIONS
193775 [main] DEBUG org.dbunit.database.search.ImportedKeysSearchCallback  - getEdges(node=NESTEDSCOPEDCONTENTCONDITIONS) - start
193775 [main] DEBUG org.dbunit.database.search.AbstractMetaDataBasedSearchCallback  - getNodesFromImportedKeys(node=NESTEDSCOPEDCONTENTCONDITIONS) - start
193775 [main] DEBUG org.dbunit.database.search.AbstractMetaDataBasedSearchCallback  - getNodes(type=0, node=NESTEDSCOPEDCONTENTCONDITIONS) - start
193775 [main] DEBUG org.dbunit.database.DatabaseDataSourceConnection  - getConnection() - start
193775 [main] DEBUG org.dbunit.database.search.AbstractMetaDataBasedSearchCallback  - getNodes(type=0, node=NESTEDSCOPEDCONTENTCONDITIONS, conn=Transaction-aware proxy for target Connection [jdbc:hsqldb:mem:kontrollDS, UserName=sw, HSQL Database Engine Driver], schema=null, metaData=org.apache.commons.dbcp.DelegatingDatabaseMetaData@3ea12b67, edges=[]) - start
193775 [main] DEBUG org.dbunit.database.search.AbstractMetaDataBasedSearchCallback  - Getting edges for node NESTEDSCOPEDCONTENTCONDITIONS
193775 [main] TRACE org.dbunit.database.DatabaseConfig  - getProperty(name=http://www.dbunit.org/properties/metadataHandler) - start
193775 [main] TRACE org.dbunit.database.DefaultMetadataHandler  - tableExists(metaData=org.apache.commons.dbcp.DelegatingDatabaseMetaData@3ea12b67, schemaName=null, tableName=NESTEDSCOPEDCONTENTCONDITIONS) - start
193776 [main] DEBUG org.dbunit.util.SQLHelper  - close(resultSet=org.apache.commons.dbcp.DelegatingResultSet@39e629af) - start
193777 [main] DEBUG org.dbunit.util.QualifiedTableName  - getQualifiedNameIfEnabled(config=org.dbunit.database.DatabaseConfig[, _propertyMap={http://www.dbunit.org/properties/statementFactory=org.dbunit.database.statement.PreparedStatementFactory@626bc2b8, http://www.dbunit.org/features/caseSensitiveTableNames=false, http://www.dbunit.org/properties/fetchSize=100, http://www.dbunit.org/features/batchedStatements=false, http://www.dbunit.org/properties/metadataHandler=org.dbunit.database.DefaultMetadataHandler@3eeace42, http://www.dbunit.org/properties/datatypeFactory=org.dbunit.dataset.datatype.DefaultDataTypeFactory[_toleratedDeltaMap=org.dbunit.dataset.datatype.ToleratedDeltaMap@6452310a], http://www.dbunit.org/properties/escapePattern=null, http://www.dbunit.org/properties/batchSize=100, http://www.dbunit.org/features/qualifiedTableNames=false, http://www.dbunit.org/properties/tableType=[Ljava.lang.String;@5011bafa, http://www.dbunit.org/properties/resultSetTableFactory=org.dbunit.database.CachedResultSetTableFactory@10bcf083, http://www.dbunit.org/features/datatypeWarning=true}]) - start
193777 [main] TRACE org.dbunit.database.DatabaseConfig  - getFeature(name=http://www.dbunit.org/features/qualifiedTableNames) - start
193777 [main] TRACE org.dbunit.database.DatabaseConfig  - getProperty(name=http://www.dbunit.org/features/qualifiedTableNames) - start
193777 [main] DEBUG org.dbunit.util.QualifiedTableName  - Qualified table names feature is disabled. Returning plain table name
193777 [main] DEBUG org.dbunit.util.QualifiedTableName  - getQualifiedName(prefix=null, name=NESTEDSCOPEDCONTENTCONDITIONS, escapePattern=null) - start
193777 [main] DEBUG org.dbunit.util.QualifiedTableName  - getQualifiedNameIfEnabled(config=org.dbunit.database.DatabaseConfig[, _propertyMap={http://www.dbunit.org/properties/statementFactory=org.dbunit.database.statement.PreparedStatementFactory@626bc2b8, http://www.dbunit.org/features/caseSensitiveTableNames=false, http://www.dbunit.org/properties/fetchSize=100, http://www.dbunit.org/features/batchedStatements=false, http://www.dbunit.org/properties/metadataHandler=org.dbunit.database.DefaultMetadataHandler@3eeace42, http://www.dbunit.org/properties/datatypeFactory=org.dbunit.dataset.datatype.DefaultDataTypeFactory[_toleratedDeltaMap=org.dbunit.dataset.datatype.ToleratedDeltaMap@6452310a], http://www.dbunit.org/properties/escapePattern=null, http://www.dbunit.org/properties/batchSize=100, http://www.dbunit.org/features/qualifiedTableNames=false, http://www.dbunit.org/properties/tableType=[Ljava.lang.String;@5011bafa, http://www.dbunit.org/properties/resultSetTableFactory=org.dbunit.database.CachedResultSetTableFactory@10bcf083, http://www.dbunit.org/features/datatypeWarning=true}]) - start
193777 [main] TRACE org.dbunit.database.DatabaseConfig  - getFeature(name=http://www.dbunit.org/features/qualifiedTableNames) - start
193777 [main] TRACE org.dbunit.database.DatabaseConfig  - getProperty(name=http://www.dbunit.org/features/qualifiedTableNames) - start
193777 [main] DEBUG org.dbunit.util.QualifiedTableName  - Qualified table names feature is disabled. Returning plain table name
193777 [main] DEBUG org.dbunit.util.QualifiedTableName  - getQualifiedName(prefix=null, name=SCOPEDCONTENTCONDITION, escapePattern=null) - start
193777 [main] DEBUG org.dbunit.database.search.AbstractMetaDataBasedSearchCallback  - newEdge(rs=org.apache.commons.dbcp.DelegatingResultSet@7706906b, type=0, from=NESTEDSCOPEDCONTENTCONDITIONS, to=SCOPEDCONTENTCONDITION, fkColumn=CHILD_CONDITION_ID, pkColumn=ID) - start
193777 [main] DEBUG org.dbunit.database.search.AbstractMetaDataBasedSearchCallback  - createFKEdge(rs=org.apache.commons.dbcp.DelegatingResultSet@7706906b, type=0, from=NESTEDSCOPEDCONTENTCONDITIONS, to=SCOPEDCONTENTCONDITION, fkColumn=CHILD_CONDITION_ID, pkColumn=ID) - start
193778 [main] DEBUG org.dbunit.database.search.AbstractMetaDataBasedSearchCallback  - Adding edge NESTEDSCOPEDCONTENTCONDITIONS(CHILD_CONDITION_ID)->SCOPEDCONTENTCONDITION(ID)
193778 [main] DEBUG org.dbunit.util.search.Edge  - compareTo(o=NESTEDSCOPEDCONTENTCONDITIONS(CHILD_CONDITION_ID)->SCOPEDCONTENTCONDITION(ID)) - start
193778 [main] DEBUG org.dbunit.util.QualifiedTableName  - getQualifiedNameIfEnabled(config=org.dbunit.database.DatabaseConfig[, _propertyMap={http://www.dbunit.org/properties/statementFactory=org.dbunit.database.statement.PreparedStatementFactory@626bc2b8, http://www.dbunit.org/features/caseSensitiveTableNames=false, http://www.dbunit.org/properties/fetchSize=100, http://www.dbunit.org/features/batchedStatements=false, http://www.dbunit.org/properties/metadataHandler=org.dbunit.database.DefaultMetadataHandler@3eeace42, http://www.dbunit.org/properties/datatypeFactory=org.dbunit.dataset.datatype.DefaultDataTypeFactory[_toleratedDeltaMap=org.dbunit.dataset.datatype.ToleratedDeltaMap@6452310a], http://www.dbunit.org/properties/escapePattern=null, http://www.dbunit.org/properties/batchSize=100, http://www.dbunit.org/features/qualifiedTableNames=false, http://www.dbunit.org/properties/tableType=[Ljava.lang.String;@5011bafa, http://www.dbunit.org/properties/resultSetTableFactory=org.dbunit.database.CachedResultSetTableFactory@10bcf083, http://www.dbunit.org/features/datatypeWarning=true}]) - start
193778 [main] TRACE org.dbunit.database.DatabaseConfig  - getFeature(name=http://www.dbunit.org/features/qualifiedTableNames) - start
193778 [main] TRACE org.dbunit.database.DatabaseConfig  - getProperty(name=http://www.dbunit.org/features/qualifiedTableNames) - start
193778 [main] DEBUG org.dbunit.util.QualifiedTableName  - Qualified table names feature is disabled. Returning plain table name
193778 [main] DEBUG org.dbunit.util.QualifiedTableName  - getQualifiedName(prefix=null, name=NESTEDSCOPEDCONTENTCONDITIONS, escapePattern=null) - start
193778 [main] DEBUG org.dbunit.util.QualifiedTableName  - getQualifiedNameIfEnabled(config=org.dbunit.database.DatabaseConfig[, _propertyMap={http://www.dbunit.org/properties/statementFactory=org.dbunit.database.statement.PreparedStatementFactory@626bc2b8, http://www.dbunit.org/features/caseSensitiveTableNames=false, http://www.dbunit.org/properties/fetchSize=100, http://www.dbunit.org/features/batchedStatements=false, http://www.dbunit.org/properties/metadataHandler=org.dbunit.database.DefaultMetadataHandler@3eeace42, http://www.dbunit.org/properties/datatypeFactory=org.dbunit.dataset.datatype.DefaultDataTypeFactory[_toleratedDeltaMap=org.dbunit.dataset.datatype.ToleratedDeltaMap@6452310a], http://www.dbunit.org/properties/escapePattern=null, http://www.dbunit.org/properties/batchSize=100, http://www.dbunit.org/features/qualifiedTableNames=false, http://www.dbunit.org/properties/tableType=[Ljava.lang.String;@5011bafa, http://www.dbunit.org/properties/resultSetTableFactory=org.dbunit.database.CachedResultSetTableFactory@10bcf083, http://www.dbunit.org/features/datatypeWarning=true}]) - start
193778 [main] TRACE org.dbunit.database.DatabaseConfig  - getFeature(name=http://www.dbunit.org/features/qualifiedTableNames) - start
193778 [main] TRACE org.dbunit.database.DatabaseConfig  - getProperty(name=http://www.dbunit.org/features/qualifiedTableNames) - start
193778 [main] DEBUG org.dbunit.util.QualifiedTableName  - Qualified table names feature is disabled. Returning plain table name
193778 [main] DEBUG org.dbunit.util.QualifiedTableName  - getQualifiedName(prefix=null, name=SCOPEDCONTENTCONDITION, escapePattern=null) - start
193778 [main] DEBUG org.dbunit.database.search.AbstractMetaDataBasedSearchCallback  - newEdge(rs=org.apache.commons.dbcp.DelegatingResultSet@7706906b, type=0, from=NESTEDSCOPEDCONTENTCONDITIONS, to=SCOPEDCONTENTCONDITION, fkColumn=PARENT_CONDITION_ID, pkColumn=ID) - start
193778 [main] DEBUG org.dbunit.database.search.AbstractMetaDataBasedSearchCallback  - createFKEdge(rs=org.apache.commons.dbcp.DelegatingResultSet@7706906b, type=0, from=NESTEDSCOPEDCONTENTCONDITIONS, to=SCOPEDCONTENTCONDITION, fkColumn=PARENT_CONDITION_ID, pkColumn=ID) - start
193779 [main] DEBUG org.dbunit.database.search.AbstractMetaDataBasedSearchCallback  - Adding edge NESTEDSCOPEDCONTENTCONDITIONS(PARENT_CONDITION_ID)->SCOPEDCONTENTCONDITION(ID)
193779 [main] DEBUG org.dbunit.util.search.Edge  - compareTo(o=NESTEDSCOPEDCONTENTCONDITIONS(CHILD_CONDITION_ID)->SCOPEDCONTENTCONDITION(ID)) - start
193779 [main] DEBUG org.dbunit.util.SQLHelper  - close(resultSet=org.apache.commons.dbcp.DelegatingResultSet@7706906b) - start
193779 [main] DEBUG org.dbunit.util.search.DepthFirstSearch  - search:SCOPEDCONTENTCONDITION
193779 [main] DEBUG org.dbunit.database.search.ImportedKeysSearchCallback  - searchNode(node=SCOPEDCONTENTCONDITION) - start
193779 [main] DEBUG org.dbunit.util.search.DepthFirstSearch  - Pushing SCOPEDCONTENTCONDITION
193779 [main] DEBUG org.dbunit.database.search.ImportedKeysSearchCallback  - getEdges(node=SCOPEDCONTENTCONDITION) - start
193779 [main] DEBUG org.dbunit.database.search.AbstractMetaDataBasedSearchCallback  - getNodesFromImportedKeys(node=SCOPEDCONTENTCONDITION) - start
193779 [main] DEBUG org.dbunit.database.search.AbstractMetaDataBasedSearchCallback  - getNodes(type=0, node=SCOPEDCONTENTCONDITION) - start
193779 [main] DEBUG org.dbunit.database.DatabaseDataSourceConnection  - getConnection() - start
193779 [main] DEBUG org.dbunit.database.search.AbstractMetaDataBasedSearchCallback  - getNodes(type=0, node=SCOPEDCONTENTCONDITION, conn=Transaction-aware proxy for target Connection [jdbc:hsqldb:mem:kontrollDS, UserName=sw, HSQL Database Engine Driver], schema=null, metaData=org.apache.commons.dbcp.DelegatingDatabaseMetaData@4ff39dd9, edges=[]) - start
193779 [main] DEBUG org.dbunit.database.search.AbstractMetaDataBasedSearchCallback  - Getting edges for node SCOPEDCONTENTCONDITION
193779 [main] TRACE org.dbunit.database.DatabaseConfig  - getProperty(name=http://www.dbunit.org/properties/metadataHandler) - start
193779 [main] TRACE org.dbunit.database.DefaultMetadataHandler  - tableExists(metaData=org.apache.commons.dbcp.DelegatingDatabaseMetaData@4ff39dd9, schemaName=null, tableName=SCOPEDCONTENTCONDITION) - start
193780 [main] DEBUG org.dbunit.util.SQLHelper  - close(resultSet=org.apache.commons.dbcp.DelegatingResultSet@4050721) - start
193780 [main] DEBUG org.dbunit.util.SQLHelper  - close(resultSet=org.apache.commons.dbcp.DelegatingResultSet@72768b36) - start
193780 [main] DEBUG org.dbunit.util.search.DepthFirstSearch  - Adding node SCOPEDCONTENTCONDITION to the final result
193780 [main] DEBUG org.dbunit.util.search.DepthFirstSearch  - Adding node NESTEDSCOPEDCONTENTCONDITIONS to the final result
193780 [main] DEBUG org.dbunit.util.search.DepthFirstSearch  - reverseSearch:NESTEDSCOPEDCONTENTCONDITIONS
193781 [main] DEBUG org.dbunit.util.search.DepthFirstSearch  - already searched; returning true
193781 [main] DEBUG org.dbunit.util.search.DepthFirstSearch  - reverseSearch:SCOPEDCONTENTCONDITION
193781 [main] DEBUG org.dbunit.database.search.ImportedKeysSearchCallback  - searchNode(node=SCOPEDCONTENTCONDITION) - start
193781 [main] DEBUG org.dbunit.util.search.DepthFirstSearch  - Pushing (reverse) SCOPEDCONTENTCONDITION
193781 [main] DEBUG org.dbunit.database.search.ImportedKeysSearchCallback  - getEdges(node=SCOPEDCONTENTCONDITION) - start
193781 [main] DEBUG org.dbunit.database.search.AbstractMetaDataBasedSearchCallback  - getNodesFromImportedKeys(node=SCOPEDCONTENTCONDITION) - start
193781 [main] DEBUG org.dbunit.database.search.AbstractMetaDataBasedSearchCallback  - getNodes(type=0, node=SCOPEDCONTENTCONDITION) - start
193781 [main] DEBUG org.dbunit.database.DatabaseDataSourceConnection  - getConnection() - start
193781 [main] DEBUG org.dbunit.database.search.AbstractMetaDataBasedSearchCallback  - getNodes(type=0, node=SCOPEDCONTENTCONDITION, conn=Transaction-aware proxy for target Connection [jdbc:hsqldb:mem:kontrollDS, UserName=sw, HSQL Database Engine Driver], schema=null, metaData=org.apache.commons.dbcp.DelegatingDatabaseMetaData@44adc0ef, edges=[]) - start
193781 [main] DEBUG org.dbunit.database.search.AbstractMetaDataBasedSearchCallback  - Getting edges for node SCOPEDCONTENTCONDITION
193781 [main] TRACE org.dbunit.database.DatabaseConfig  - getProperty(name=http://www.dbunit.org/properties/metadataHandler) - start
193781 [main] TRACE org.dbunit.database.DefaultMetadataHandler  - tableExists(metaData=org.apache.commons.dbcp.DelegatingDatabaseMetaData@44adc0ef, schemaName=null, tableName=SCOPEDCONTENTCONDITION) - start
193782 [main] DEBUG org.dbunit.util.SQLHelper  - close(resultSet=org.apache.commons.dbcp.DelegatingResultSet@461b713b) - start
193782 [main] DEBUG org.dbunit.util.SQLHelper  - close(resultSet=org.apache.commons.dbcp.DelegatingResultSet@1807badc) - start
193782 [main] DEBUG org.dbunit.util.search.DepthFirstSearch  - search:NESTEDSCOPEDCONTENTCONDITIONS
193782 [main] DEBUG org.dbunit.util.search.DepthFirstSearch  - already searched; returning true
193782 [main] DEBUG org.dbunit.util.search.DepthFirstSearch  - search:SCOPEDCONTENTCONDITION
193782 [main] DEBUG org.dbunit.util.search.DepthFirstSearch  - already searched; returning true
193782 [main] DEBUG org.dbunit.database.DatabaseSequenceFilter  - getDependencyInfo(connection=_databaseConfig=org.dbunit.database.DatabaseConfig[, _propertyMap={http://www.dbunit.org/properties/statementFactory=org.dbunit.database.statement.PreparedStatementFactory@626bc2b8, http://www.dbunit.org/features/caseSensitiveTableNames=false, http://www.dbunit.org/properties/fetchSize=100, http://www.dbunit.org/features/batchedStatements=false, http://www.dbunit.org/properties/metadataHandler=org.dbunit.database.DefaultMetadataHandler@3eeace42, http://www.dbunit.org/properties/datatypeFactory=org.dbunit.dataset.datatype.DefaultDataTypeFactory[_toleratedDeltaMap=org.dbunit.dataset.datatype.ToleratedDeltaMap@6452310a], http://www.dbunit.org/properties/escapePattern=null, http://www.dbunit.org/properties/batchSize=100, http://www.dbunit.org/features/qualifiedTableNames=false, http://www.dbunit.org/properties/tableType=[Ljava.lang.String;@5011bafa, http://www.dbunit.org/properties/resultSetTableFactory=org.dbunit.database.CachedResultSetTableFactory@10bcf083, http://www.dbunit.org/features/datatypeWarning=true}], _dataSet=AbstractDataSet[_orderedTableNameMap=null], tableName=REQUESTCONTEXT) - start
193783 [main] DEBUG org.dbunit.database.search.TablesDependencyHelper  - getDependentTables(connection=_databaseConfig=org.dbunit.database.DatabaseConfig[, _propertyMap={http://www.dbunit.org/properties/statementFactory=org.dbunit.database.statement.PreparedStatementFactory@626bc2b8, http://www.dbunit.org/features/caseSensitiveTableNames=false, http://www.dbunit.org/properties/fetchSize=100, http://www.dbunit.org/features/batchedStatements=false, http://www.dbunit.org/properties/metadataHandler=org.dbunit.database.DefaultMetadataHandler@3eeace42, http://www.dbunit.org/properties/datatypeFactory=org.dbunit.dataset.datatype.DefaultDataTypeFactory[_toleratedDeltaMap=org.dbunit.dataset.datatype.ToleratedDeltaMap@6452310a], http://www.dbunit.org/properties/escapePattern=null, http://www.dbunit.org/properties/batchSize=100, http://www.dbunit.org/features/qualifiedTableNames=false, http://www.dbunit.org/properties/tableType=[Ljava.lang.String;@5011bafa, http://www.dbunit.org/properties/resultSetTableFactory=org.dbunit.database.CachedResultSetTableFactory@10bcf083, http://www.dbunit.org/features/datatypeWarning=true}], _dataSet=AbstractDataSet[_orderedTableNameMap=null], rootTable=REQUESTCONTEXT) - start
193783 [main] DEBUG org.dbunit.database.search.TablesDependencyHelper  - getDependentTables(connection=_databaseConfig=org.dbunit.database.DatabaseConfig[, _propertyMap={http://www.dbunit.org/properties/statementFactory=org.dbunit.database.statement.PreparedStatementFactory@626bc2b8, http://www.dbunit.org/features/caseSensitiveTableNames=false, http://www.dbunit.org/properties/fetchSize=100, http://www.dbunit.org/features/batchedStatements=false, http://www.dbunit.org/properties/metadataHandler=org.dbunit.database.DefaultMetadataHandler@3eeace42, http://www.dbunit.org/properties/datatypeFactory=org.dbunit.dataset.datatype.DefaultDataTypeFactory[_toleratedDeltaMap=org.dbunit.dataset.datatype.ToleratedDeltaMap@6452310a], http://www.dbunit.org/properties/escapePattern=null, http://www.dbunit.org/properties/batchSize=100, http://www.dbunit.org/features/qualifiedTableNames=false, http://www.dbunit.org/properties/tableType=[Ljava.lang.String;@5011bafa, http://www.dbunit.org/properties/resultSetTableFactory=org.dbunit.database.CachedResultSetTableFactory@10bcf083, http://www.dbunit.org/features/datatypeWarning=true}], _dataSet=AbstractDataSet[_orderedTableNameMap=null], rootTables=[REQUESTCONTEXT]) - start
193783 [main] DEBUG org.dbunit.util.search.DepthFirstSearch  - search(nodesFrom=[REQUESTCONTEXT], callback=org.dbunit.database.search.ImportedKeysSearchCallback@56adf074) - start
193783 [main] DEBUG org.dbunit.util.CollectionsHelper  - objectsToSet(objects=REQUESTCONTEXT) - start
193783 [main] DEBUG org.dbunit.util.search.DepthFirstSearch  - search(nodesFrom=[REQUESTCONTEXT], callback=org.dbunit.database.search.ImportedKeysSearchCallback@56adf074) - start
193783 [main] DEBUG org.dbunit.util.search.DepthFirstSearch  - reverseSearch:REQUESTCONTEXT
193783 [main] DEBUG org.dbunit.database.search.ImportedKeysSearchCallback  - searchNode(node=REQUESTCONTEXT) - start
193783 [main] DEBUG org.dbunit.util.search.DepthFirstSearch  - Pushing (reverse) REQUESTCONTEXT
193783 [main] DEBUG org.dbunit.database.search.ImportedKeysSearchCallback  - getEdges(node=REQUESTCONTEXT) - start
193783 [main] DEBUG org.dbunit.database.search.AbstractMetaDataBasedSearchCallback  - getNodesFromImportedKeys(node=REQUESTCONTEXT) - start
193783 [main] DEBUG org.dbunit.database.search.AbstractMetaDataBasedSearchCallback  - getNodes(type=0, node=REQUESTCONTEXT) - start
193783 [main] DEBUG org.dbunit.database.DatabaseDataSourceConnection  - getConnection() - start
193783 [main] DEBUG org.dbunit.database.search.AbstractMetaDataBasedSearchCallback  - getNodes(type=0, node=REQUESTCONTEXT, conn=Transaction-aware proxy for target Connection [jdbc:hsqldb:mem:kontrollDS, UserName=sw, HSQL Database Engine Driver], schema=null, metaData=org.apache.commons.dbcp.DelegatingDatabaseMetaData@35857c21, edges=[]) - start
193783 [main] DEBUG org.dbunit.database.search.AbstractMetaDataBasedSearchCallback  - Getting edges for node REQUESTCONTEXT
193784 [main] TRACE org.dbunit.database.DatabaseConfig  - getProperty(name=http://www.dbunit.org/properties/metadataHandler) - start
193784 [main] TRACE org.dbunit.database.DefaultMetadataHandler  - tableExists(metaData=org.apache.commons.dbcp.DelegatingDatabaseMetaData@35857c21, schemaName=null, tableName=REQUESTCONTEXT) - start
193785 [main] DEBUG org.dbunit.util.SQLHelper  - close(resultSet=org.apache.commons.dbcp.DelegatingResultSet@7b699865) - start
193785 [main] DEBUG org.dbunit.util.SQLHelper  - close(resultSet=org.apache.commons.dbcp.DelegatingResultSet@5f991980) - start
193785 [main] DEBUG org.dbunit.util.search.DepthFirstSearch  - search:REQUESTCONTEXT
193785 [main] DEBUG org.dbunit.database.search.ImportedKeysSearchCallback  - searchNode(node=REQUESTCONTEXT) - start
193785 [main] DEBUG org.dbunit.util.search.DepthFirstSearch  - Pushing REQUESTCONTEXT
193785 [main] DEBUG org.dbunit.database.search.ImportedKeysSearchCallback  - getEdges(node=REQUESTCONTEXT) - start
193785 [main] DEBUG org.dbunit.database.search.AbstractMetaDataBasedSearchCallback  - getNodesFromImportedKeys(node=REQUESTCONTEXT) - start
193785 [main] DEBUG org.dbunit.database.search.AbstractMetaDataBasedSearchCallback  - getNodes(type=0, node=REQUESTCONTEXT) - start
193785 [main] DEBUG org.dbunit.database.DatabaseDataSourceConnection  - getConnection() - start
193785 [main] DEBUG org.dbunit.database.search.AbstractMetaDataBasedSearchCallback  - getNodes(type=0, node=REQUESTCONTEXT, conn=Transaction-aware proxy for target Connection [jdbc:hsqldb:mem:kontrollDS, UserName=sw, HSQL Database Engine Driver], schema=null, metaData=org.apache.commons.dbcp.DelegatingDatabaseMetaData@3c595388, edges=[]) - start
193785 [main] DEBUG org.dbunit.database.search.AbstractMetaDataBasedSearchCallback  - Getting edges for node REQUESTCONTEXT
193785 [main] TRACE org.dbunit.database.DatabaseConfig  - getProperty(name=http://www.dbunit.org/properties/metadataHandler) - start
193785 [main] TRACE org.dbunit.database.DefaultMetadataHandler  - tableExists(metaData=org.apache.commons.dbcp.DelegatingDatabaseMetaData@3c595388, schemaName=null, tableName=REQUESTCONTEXT) - start
193786 [main] DEBUG org.dbunit.util.SQLHelper  - close(resultSet=org.apache.commons.dbcp.DelegatingResultSet@68a49e9a) - start
193787 [main] DEBUG org.dbunit.util.SQLHelper  - close(resultSet=org.apache.commons.dbcp.DelegatingResultSet@1167ea36) - start
193787 [main] DEBUG org.dbunit.util.search.DepthFirstSearch  - Adding node REQUESTCONTEXT to the final result
193787 [main] DEBUG org.dbunit.util.CollectionsHelper  - setToStrings(set=[REQUESTCONTEXT]) - start
193787 [main] DEBUG org.dbunit.database.search.TablesDependencyHelper  - getDependsOnTables(connection=_databaseConfig=org.dbunit.database.DatabaseConfig[, _propertyMap={http://www.dbunit.org/properties/statementFactory=org.dbunit.database.statement.PreparedStatementFactory@626bc2b8, http://www.dbunit.org/features/caseSensitiveTableNames=false, http://www.dbunit.org/properties/fetchSize=100, http://www.dbunit.org/features/batchedStatements=false, http://www.dbunit.org/properties/metadataHandler=org.dbunit.database.DefaultMetadataHandler@3eeace42, http://www.dbunit.org/properties/datatypeFactory=org.dbunit.dataset.datatype.DefaultDataTypeFactory[_toleratedDeltaMap=org.dbunit.dataset.datatype.ToleratedDeltaMap@6452310a], http://www.dbunit.org/properties/escapePattern=null, http://www.dbunit.org/properties/batchSize=100, http://www.dbunit.org/features/qualifiedTableNames=false, http://www.dbunit.org/properties/tableType=[Ljava.lang.String;@5011bafa, http://www.dbunit.org/properties/resultSetTableFactory=org.dbunit.database.CachedResultSetTableFactory@10bcf083, http://www.dbunit.org/features/datatypeWarning=true}], _dataSet=AbstractDataSet[_orderedTableNameMap=null], rootTable=REQUESTCONTEXT) - start
193787 [main] DEBUG org.dbunit.util.search.DepthFirstSearch  - search(nodesFrom=[REQUESTCONTEXT], callback=org.dbunit.database.search.ExportedKeysSearchCallback@1951d7dc) - start
193787 [main] DEBUG org.dbunit.util.CollectionsHelper  - objectsToSet(objects=REQUESTCONTEXT) - start
193787 [main] DEBUG org.dbunit.util.search.DepthFirstSearch  - search(nodesFrom=[REQUESTCONTEXT], callback=org.dbunit.database.search.ExportedKeysSearchCallback@1951d7dc) - start
193787 [main] DEBUG org.dbunit.util.search.DepthFirstSearch  - reverseSearch:REQUESTCONTEXT
193787 [main] DEBUG org.dbunit.database.search.ExportedKeysSearchCallback  - searchNode(node=REQUESTCONTEXT) - start
193787 [main] DEBUG org.dbunit.util.search.DepthFirstSearch  - Pushing (reverse) REQUESTCONTEXT
193787 [main] DEBUG org.dbunit.database.search.ExportedKeysSearchCallback  - getEdges(node=REQUESTCONTEXT) - start
193787 [main] DEBUG org.dbunit.database.search.AbstractMetaDataBasedSearchCallback  - getNodesFromExportedKeys(node=REQUESTCONTEXT) - start
193787 [main] DEBUG org.dbunit.database.search.AbstractMetaDataBasedSearchCallback  - getNodes(type=1, node=REQUESTCONTEXT) - start
193787 [main] DEBUG org.dbunit.database.DatabaseDataSourceConnection  - getConnection() - start
193787 [main] DEBUG org.dbunit.database.search.AbstractMetaDataBasedSearchCallback  - getNodes(type=1, node=REQUESTCONTEXT, conn=Transaction-aware proxy for target Connection [jdbc:hsqldb:mem:kontrollDS, UserName=sw, HSQL Database Engine Driver], schema=null, metaData=org.apache.commons.dbcp.DelegatingDatabaseMetaData@4c32b980, edges=[]) - start
193787 [main] DEBUG org.dbunit.database.search.AbstractMetaDataBasedSearchCallback  - Getting edges for node REQUESTCONTEXT
193787 [main] TRACE org.dbunit.database.DatabaseConfig  - getProperty(name=http://www.dbunit.org/properties/metadataHandler) - start
193787 [main] TRACE org.dbunit.database.DefaultMetadataHandler  - tableExists(metaData=org.apache.commons.dbcp.DelegatingDatabaseMetaData@4c32b980, schemaName=null, tableName=REQUESTCONTEXT) - start
193788 [main] DEBUG org.dbunit.util.SQLHelper  - close(resultSet=org.apache.commons.dbcp.DelegatingResultSet@54cd8094) - start
193789 [main] DEBUG org.dbunit.util.QualifiedTableName  - getQualifiedNameIfEnabled(config=org.dbunit.database.DatabaseConfig[, _propertyMap={http://www.dbunit.org/properties/statementFactory=org.dbunit.database.statement.PreparedStatementFactory@626bc2b8, http://www.dbunit.org/features/caseSensitiveTableNames=false, http://www.dbunit.org/properties/fetchSize=100, http://www.dbunit.org/features/batchedStatements=false, http://www.dbunit.org/properties/metadataHandler=org.dbunit.database.DefaultMetadataHandler@3eeace42, http://www.dbunit.org/properties/datatypeFactory=org.dbunit.dataset.datatype.DefaultDataTypeFactory[_toleratedDeltaMap=org.dbunit.dataset.datatype.ToleratedDeltaMap@6452310a], http://www.dbunit.org/properties/escapePattern=null, http://www.dbunit.org/properties/batchSize=100, http://www.dbunit.org/features/qualifiedTableNames=false, http://www.dbunit.org/properties/tableType=[Ljava.lang.String;@5011bafa, http://www.dbunit.org/properties/resultSetTableFactory=org.dbunit.database.CachedResultSetTableFactory@10bcf083, http://www.dbunit.org/features/datatypeWarning=true}]) - start
193789 [main] TRACE org.dbunit.database.DatabaseConfig  - getFeature(name=http://www.dbunit.org/features/qualifiedTableNames) - start
193789 [main] TRACE org.dbunit.database.DatabaseConfig  - getProperty(name=http://www.dbunit.org/features/qualifiedTableNames) - start
193789 [main] DEBUG org.dbunit.util.QualifiedTableName  - Qualified table names feature is disabled. Returning plain table name
193789 [main] DEBUG org.dbunit.util.QualifiedTableName  - getQualifiedName(prefix=null, name=REQUESTCONTEXT, escapePattern=null) - start
193789 [main] DEBUG org.dbunit.util.QualifiedTableName  - getQualifiedNameIfEnabled(config=org.dbunit.database.DatabaseConfig[, _propertyMap={http://www.dbunit.org/properties/statementFactory=org.dbunit.database.statement.PreparedStatementFactory@626bc2b8, http://www.dbunit.org/features/caseSensitiveTableNames=false, http://www.dbunit.org/properties/fetchSize=100, http://www.dbunit.org/features/batchedStatements=false, http://www.dbunit.org/properties/metadataHandler=org.dbunit.database.DefaultMetadataHandler@3eeace42, http://www.dbunit.org/properties/datatypeFactory=org.dbunit.dataset.datatype.DefaultDataTypeFactory[_toleratedDeltaMap=org.dbunit.dataset.datatype.ToleratedDeltaMap@6452310a], http://www.dbunit.org/properties/escapePattern=null, http://www.dbunit.org/properties/batchSize=100, http://www.dbunit.org/features/qualifiedTableNames=false, http://www.dbunit.org/properties/tableType=[Ljava.lang.String;@5011bafa, http://www.dbunit.org/properties/resultSetTableFactory=org.dbunit.database.CachedResultSetTableFactory@10bcf083, http://www.dbunit.org/features/datatypeWarning=true}]) - start
193790 [main] TRACE org.dbunit.database.DatabaseConfig  - getFeature(name=http://www.dbunit.org/features/qualifiedTableNames) - start
193790 [main] TRACE org.dbunit.database.DatabaseConfig  - getProperty(name=http://www.dbunit.org/features/qualifiedTableNames) - start
193790 [main] DEBUG org.dbunit.util.QualifiedTableName  - Qualified table names feature is disabled. Returning plain table name
193790 [main] DEBUG org.dbunit.util.QualifiedTableName  - getQualifiedName(prefix=null, name=SCOPE_REQUESTCONTEXT, escapePattern=null) - start
193790 [main] DEBUG org.dbunit.database.search.AbstractMetaDataBasedSearchCallback  - newEdge(rs=org.apache.commons.dbcp.DelegatingResultSet@2b773206, type=1, from=REQUESTCONTEXT, to=SCOPE_REQUESTCONTEXT, fkColumn=REQUEST_CONTEXT_ID, pkColumn=ID) - start
193790 [main] DEBUG org.dbunit.database.search.AbstractMetaDataBasedSearchCallback  - createFKEdge(rs=org.apache.commons.dbcp.DelegatingResultSet@2b773206, type=1, from=REQUESTCONTEXT, to=SCOPE_REQUESTCONTEXT, fkColumn=REQUEST_CONTEXT_ID, pkColumn=ID) - start
193790 [main] DEBUG org.dbunit.database.search.AbstractMetaDataBasedSearchCallback  - Adding edge SCOPE_REQUESTCONTEXT(REQUEST_CONTEXT_ID)->REQUESTCONTEXT(ID)
193790 [main] DEBUG org.dbunit.util.search.Edge  - compareTo(o=SCOPE_REQUESTCONTEXT(REQUEST_CONTEXT_ID)->REQUESTCONTEXT(ID)) - start
193790 [main] DEBUG org.dbunit.util.SQLHelper  - close(resultSet=org.apache.commons.dbcp.DelegatingResultSet@2b773206) - start
193790 [main] DEBUG org.dbunit.util.search.DepthFirstSearch  - reverseSearch:SCOPE_REQUESTCONTEXT
193790 [main] DEBUG org.dbunit.database.search.ExportedKeysSearchCallback  - searchNode(node=SCOPE_REQUESTCONTEXT) - start
193790 [main] DEBUG org.dbunit.util.search.DepthFirstSearch  - Pushing (reverse) SCOPE_REQUESTCONTEXT
193790 [main] DEBUG org.dbunit.database.search.ExportedKeysSearchCallback  - getEdges(node=SCOPE_REQUESTCONTEXT) - start
193790 [main] DEBUG org.dbunit.database.search.AbstractMetaDataBasedSearchCallback  - getNodesFromExportedKeys(node=SCOPE_REQUESTCONTEXT) - start
193790 [main] DEBUG org.dbunit.database.search.AbstractMetaDataBasedSearchCallback  - getNodes(type=1, node=SCOPE_REQUESTCONTEXT) - start
193790 [main] DEBUG org.dbunit.database.DatabaseDataSourceConnection  - getConnection() - start
193791 [main] DEBUG org.dbunit.database.search.AbstractMetaDataBasedSearchCallback  - getNodes(type=1, node=SCOPE_REQUESTCONTEXT, conn=Transaction-aware proxy for target Connection [jdbc:hsqldb:mem:kontrollDS, UserName=sw, HSQL Database Engine Driver], schema=null, metaData=org.apache.commons.dbcp.DelegatingDatabaseMetaData@1e753e35, edges=[]) - start
193791 [main] DEBUG org.dbunit.database.search.AbstractMetaDataBasedSearchCallback  - Getting edges for node SCOPE_REQUESTCONTEXT
193791 [main] TRACE org.dbunit.database.DatabaseConfig  - getProperty(name=http://www.dbunit.org/properties/metadataHandler) - start
193791 [main] TRACE org.dbunit.database.DefaultMetadataHandler  - tableExists(metaData=org.apache.commons.dbcp.DelegatingDatabaseMetaData@1e753e35, schemaName=null, tableName=SCOPE_REQUESTCONTEXT) - start
193792 [main] DEBUG org.dbunit.util.SQLHelper  - close(resultSet=org.apache.commons.dbcp.DelegatingResultSet@10c733b6) - start
193792 [main] DEBUG org.dbunit.util.SQLHelper  - close(resultSet=org.apache.commons.dbcp.DelegatingResultSet@997e591) - start
193792 [main] DEBUG org.dbunit.util.search.DepthFirstSearch  - search:SCOPE_REQUESTCONTEXT
193792 [main] DEBUG org.dbunit.database.search.ExportedKeysSearchCallback  - searchNode(node=SCOPE_REQUESTCONTEXT) - start
193792 [main] DEBUG org.dbunit.util.search.DepthFirstSearch  - Pushing SCOPE_REQUESTCONTEXT
193792 [main] DEBUG org.dbunit.database.search.ExportedKeysSearchCallback  - getEdges(node=SCOPE_REQUESTCONTEXT) - start
193792 [main] DEBUG org.dbunit.database.search.AbstractMetaDataBasedSearchCallback  - getNodesFromExportedKeys(node=SCOPE_REQUESTCONTEXT) - start
193792 [main] DEBUG org.dbunit.database.search.AbstractMetaDataBasedSearchCallback  - getNodes(type=1, node=SCOPE_REQUESTCONTEXT) - start
193792 [main] DEBUG org.dbunit.database.DatabaseDataSourceConnection  - getConnection() - start
193792 [main] DEBUG org.dbunit.database.search.AbstractMetaDataBasedSearchCallback  - getNodes(type=1, node=SCOPE_REQUESTCONTEXT, conn=Transaction-aware proxy for target Connection [jdbc:hsqldb:mem:kontrollDS, UserName=sw, HSQL Database Engine Driver], schema=null, metaData=org.apache.commons.dbcp.DelegatingDatabaseMetaData@53609782, edges=[]) - start
193792 [main] DEBUG org.dbunit.database.search.AbstractMetaDataBasedSearchCallback  - Getting edges for node SCOPE_REQUESTCONTEXT
193792 [main] TRACE org.dbunit.database.DatabaseConfig  - getProperty(name=http://www.dbunit.org/properties/metadataHandler) - start
193792 [main] TRACE org.dbunit.database.DefaultMetadataHandler  - tableExists(metaData=org.apache.commons.dbcp.DelegatingDatabaseMetaData@53609782, schemaName=null, tableName=SCOPE_REQUESTCONTEXT) - start
193793 [main] DEBUG org.dbunit.util.SQLHelper  - close(resultSet=org.apache.commons.dbcp.DelegatingResultSet@31e5b434) - start
193794 [main] DEBUG org.dbunit.util.SQLHelper  - close(resultSet=org.apache.commons.dbcp.DelegatingResultSet@6e1aa67d) - start
193794 [main] DEBUG org.dbunit.util.search.DepthFirstSearch  - Adding node SCOPE_REQUESTCONTEXT to the final result
193794 [main] DEBUG org.dbunit.util.search.DepthFirstSearch  - search:REQUESTCONTEXT
193794 [main] DEBUG org.dbunit.database.search.ExportedKeysSearchCallback  - searchNode(node=REQUESTCONTEXT) - start
193794 [main] DEBUG org.dbunit.util.search.DepthFirstSearch  - Pushing REQUESTCONTEXT
193794 [main] DEBUG org.dbunit.database.search.ExportedKeysSearchCallback  - getEdges(node=REQUESTCONTEXT) - start
193794 [main] DEBUG org.dbunit.database.search.AbstractMetaDataBasedSearchCallback  - getNodesFromExportedKeys(node=REQUESTCONTEXT) - start
193794 [main] DEBUG org.dbunit.database.search.AbstractMetaDataBasedSearchCallback  - getNodes(type=1, node=REQUESTCONTEXT) - start
193794 [main] DEBUG org.dbunit.database.DatabaseDataSourceConnection  - getConnection() - start
193794 [main] DEBUG org.dbunit.database.search.AbstractMetaDataBasedSearchCallback  - getNodes(type=1, node=REQUESTCONTEXT, conn=Transaction-aware proxy for target Connection [jdbc:hsqldb:mem:kontrollDS, UserName=sw, HSQL Database Engine Driver], schema=null, metaData=org.apache.commons.dbcp.DelegatingDatabaseMetaData@17a89104, edges=[]) - start
193794 [main] DEBUG org.dbunit.database.search.AbstractMetaDataBasedSearchCallback  - Getting edges for node REQUESTCONTEXT
193794 [main] TRACE org.dbunit.database.DatabaseConfig  - getProperty(name=http://www.dbunit.org/properties/metadataHandler) - start
193794 [main] TRACE org.dbunit.database.DefaultMetadataHandler  - tableExists(metaData=org.apache.commons.dbcp.DelegatingDatabaseMetaData@17a89104, schemaName=null, tableName=REQUESTCONTEXT) - start
193795 [main] DEBUG org.dbunit.util.SQLHelper  - close(resultSet=org.apache.commons.dbcp.DelegatingResultSet@7300179b) - start
193795 [main] DEBUG org.dbunit.util.QualifiedTableName  - getQualifiedNameIfEnabled(config=org.dbunit.database.DatabaseConfig[, _propertyMap={http://www.dbunit.org/properties/statementFactory=org.dbunit.database.statement.PreparedStatementFactory@626bc2b8, http://www.dbunit.org/features/caseSensitiveTableNames=false, http://www.dbunit.org/properties/fetchSize=100, http://www.dbunit.org/features/batchedStatements=false, http://www.dbunit.org/properties/metadataHandler=org.dbunit.database.DefaultMetadataHandler@3eeace42, http://www.dbunit.org/properties/datatypeFactory=org.dbunit.dataset.datatype.DefaultDataTypeFactory[_toleratedDeltaMap=org.dbunit.dataset.datatype.ToleratedDeltaMap@6452310a], http://www.dbunit.org/properties/escapePattern=null, http://www.dbunit.org/properties/batchSize=100, http://www.dbunit.org/features/qualifiedTableNames=false, http://www.dbunit.org/properties/tableType=[Ljava.lang.String;@5011bafa, http://www.dbunit.org/properties/resultSetTableFactory=org.dbunit.database.CachedResultSetTableFactory@10bcf083, http://www.dbunit.org/features/datatypeWarning=true}]) - start
193796 [main] TRACE org.dbunit.database.DatabaseConfig  - getFeature(name=http://www.dbunit.org/features/qualifiedTableNames) - start
193796 [main] TRACE org.dbunit.database.DatabaseConfig  - getProperty(name=http://www.dbunit.org/features/qualifiedTableNames) - start
193796 [main] DEBUG org.dbunit.util.QualifiedTableName  - Qualified table names feature is disabled. Returning plain table name
193796 [main] DEBUG org.dbunit.util.QualifiedTableName  - getQualifiedName(prefix=null, name=REQUESTCONTEXT, escapePattern=null) - start
193796 [main] DEBUG org.dbunit.util.QualifiedTableName  - getQualifiedNameIfEnabled(config=org.dbunit.database.DatabaseConfig[, _propertyMap={http://www.dbunit.org/properties/statementFactory=org.dbunit.database.statement.PreparedStatementFactory@626bc2b8, http://www.dbunit.org/features/caseSensitiveTableNames=false, http://www.dbunit.org/properties/fetchSize=100, http://www.dbunit.org/features/batchedStatements=false, http://www.dbunit.org/properties/metadataHandler=org.dbunit.database.DefaultMetadataHandler@3eeace42, http://www.dbunit.org/properties/datatypeFactory=org.dbunit.dataset.datatype.DefaultDataTypeFactory[_toleratedDeltaMap=org.dbunit.dataset.datatype.ToleratedDeltaMap@6452310a], http://www.dbunit.org/properties/escapePattern=null, http://www.dbunit.org/properties/batchSize=100, http://www.dbunit.org/features/qualifiedTableNames=false, http://www.dbunit.org/properties/tableType=[Ljava.lang.String;@5011bafa, http://www.dbunit.org/properties/resultSetTableFactory=org.dbunit.database.CachedResultSetTableFactory@10bcf083, http://www.dbunit.org/features/datatypeWarning=true}]) - start
193796 [main] TRACE org.dbunit.database.DatabaseConfig  - getFeature(name=http://www.dbunit.org/features/qualifiedTableNames) - start
193796 [main] TRACE org.dbunit.database.DatabaseConfig  - getProperty(name=http://www.dbunit.org/features/qualifiedTableNames) - start
193796 [main] DEBUG org.dbunit.util.QualifiedTableName  - Qualified table names feature is disabled. Returning plain table name
193796 [main] DEBUG org.dbunit.util.QualifiedTableName  - getQualifiedName(prefix=null, name=SCOPE_REQUESTCONTEXT, escapePattern=null) - start
193796 [main] DEBUG org.dbunit.database.search.AbstractMetaDataBasedSearchCallback  - newEdge(rs=org.apache.commons.dbcp.DelegatingResultSet@4321d2fa, type=1, from=REQUESTCONTEXT, to=SCOPE_REQUESTCONTEXT, fkColumn=REQUEST_CONTEXT_ID, pkColumn=ID) - start
193796 [main] DEBUG org.dbunit.database.search.AbstractMetaDataBasedSearchCallback  - createFKEdge(rs=org.apache.commons.dbcp.DelegatingResultSet@4321d2fa, type=1, from=REQUESTCONTEXT, to=SCOPE_REQUESTCONTEXT, fkColumn=REQUEST_CONTEXT_ID, pkColumn=ID) - start
193796 [main] DEBUG org.dbunit.database.search.AbstractMetaDataBasedSearchCallback  - Adding edge SCOPE_REQUESTCONTEXT(REQUEST_CONTEXT_ID)->REQUESTCONTEXT(ID)
193796 [main] DEBUG org.dbunit.util.search.Edge  - compareTo(o=SCOPE_REQUESTCONTEXT(REQUEST_CONTEXT_ID)->REQUESTCONTEXT(ID)) - start
193796 [main] DEBUG org.dbunit.util.SQLHelper  - close(resultSet=org.apache.commons.dbcp.DelegatingResultSet@4321d2fa) - start
193796 [main] DEBUG org.dbunit.util.search.DepthFirstSearch  - search:REQUESTCONTEXT
193796 [main] DEBUG org.dbunit.util.search.DepthFirstSearch  - already searched; returning true
193796 [main] DEBUG org.dbunit.util.search.DepthFirstSearch  - Adding node REQUESTCONTEXT to the final result
193796 [main] DEBUG org.dbunit.util.CollectionsHelper  - setToStrings(set=[SCOPE_REQUESTCONTEXT, REQUESTCONTEXT]) - start
193796 [main] DEBUG org.dbunit.database.search.TablesDependencyHelper  - getDirectDependsOnTables(connection=_databaseConfig=org.dbunit.database.DatabaseConfig[, _propertyMap={http://www.dbunit.org/properties/statementFactory=org.dbunit.database.statement.PreparedStatementFactory@626bc2b8, http://www.dbunit.org/features/caseSensitiveTableNames=false, http://www.dbunit.org/properties/fetchSize=100, http://www.dbunit.org/features/batchedStatements=false, http://www.dbunit.org/properties/metadataHandler=org.dbunit.database.DefaultMetadataHandler@3eeace42, http://www.dbunit.org/properties/datatypeFactory=org.dbunit.dataset.datatype.DefaultDataTypeFactory[_toleratedDeltaMap=org.dbunit.dataset.datatype.ToleratedDeltaMap@6452310a], http://www.dbunit.org/properties/escapePattern=null, http://www.dbunit.org/properties/batchSize=100, http://www.dbunit.org/features/qualifiedTableNames=false, http://www.dbunit.org/properties/tableType=[Ljava.lang.String;@5011bafa, http://www.dbunit.org/properties/resultSetTableFactory=org.dbunit.database.CachedResultSetTableFactory@10bcf083, http://www.dbunit.org/features/datatypeWarning=true}], _dataSet=AbstractDataSet[_orderedTableNameMap=null], tableName=REQUESTCONTEXT) - start
193797 [main] DEBUG org.dbunit.util.search.DepthFirstSearch  - search(nodesFrom=[REQUESTCONTEXT], callback=org.dbunit.database.search.ExportedKeysSearchCallback@6274d72f) - start
193797 [main] DEBUG org.dbunit.util.CollectionsHelper  - objectsToSet(objects=REQUESTCONTEXT) - start
193797 [main] DEBUG org.dbunit.util.search.DepthFirstSearch  - search(nodesFrom=[REQUESTCONTEXT], callback=org.dbunit.database.search.ExportedKeysSearchCallback@6274d72f) - start
193797 [main] DEBUG org.dbunit.util.search.DepthFirstSearch  - reverseSearch:REQUESTCONTEXT
193797 [main] DEBUG org.dbunit.database.search.ExportedKeysSearchCallback  - searchNode(node=REQUESTCONTEXT) - start
193797 [main] DEBUG org.dbunit.util.search.DepthFirstSearch  - Pushing (reverse) REQUESTCONTEXT
193797 [main] DEBUG org.dbunit.database.search.ExportedKeysSearchCallback  - getEdges(node=REQUESTCONTEXT) - start
193797 [main] DEBUG org.dbunit.database.search.AbstractMetaDataBasedSearchCallback  - getNodesFromExportedKeys(node=REQUESTCONTEXT) - start
193797 [main] DEBUG org.dbunit.database.search.AbstractMetaDataBasedSearchCallback  - getNodes(type=1, node=REQUESTCONTEXT) - start
193797 [main] DEBUG org.dbunit.database.DatabaseDataSourceConnection  - getConnection() - start
193797 [main] DEBUG org.dbunit.database.search.AbstractMetaDataBasedSearchCallback  - getNodes(type=1, node=REQUESTCONTEXT, conn=Transaction-aware proxy for target Connection [jdbc:hsqldb:mem:kontrollDS, UserName=sw, HSQL Database Engine Driver], schema=null, metaData=org.apache.commons.dbcp.DelegatingDatabaseMetaData@64db8128, edges=[]) - start
193797 [main] DEBUG org.dbunit.database.search.AbstractMetaDataBasedSearchCallback  - Getting edges for node REQUESTCONTEXT
193797 [main] TRACE org.dbunit.database.DatabaseConfig  - getProperty(name=http://www.dbunit.org/properties/metadataHandler) - start
193797 [main] TRACE org.dbunit.database.DefaultMetadataHandler  - tableExists(metaData=org.apache.commons.dbcp.DelegatingDatabaseMetaData@64db8128, schemaName=null, tableName=REQUESTCONTEXT) - start
193798 [main] DEBUG org.dbunit.util.SQLHelper  - close(resultSet=org.apache.commons.dbcp.DelegatingResultSet@329be43a) - start
193798 [main] DEBUG org.dbunit.util.QualifiedTableName  - getQualifiedNameIfEnabled(config=org.dbunit.database.DatabaseConfig[, _propertyMap={http://www.dbunit.org/properties/statementFactory=org.dbunit.database.statement.PreparedStatementFactory@626bc2b8, http://www.dbunit.org/features/caseSensitiveTableNames=false, http://www.dbunit.org/properties/fetchSize=100, http://www.dbunit.org/features/batchedStatements=false, http://www.dbunit.org/properties/metadataHandler=org.dbunit.database.DefaultMetadataHandler@3eeace42, http://www.dbunit.org/properties/datatypeFactory=org.dbunit.dataset.datatype.DefaultDataTypeFactory[_toleratedDeltaMap=org.dbunit.dataset.datatype.ToleratedDeltaMap@6452310a], http://www.dbunit.org/properties/escapePattern=null, http://www.dbunit.org/properties/batchSize=100, http://www.dbunit.org/features/qualifiedTableNames=false, http://www.dbunit.org/properties/tableType=[Ljava.lang.String;@5011bafa, http://www.dbunit.org/properties/resultSetTableFactory=org.dbunit.database.CachedResultSetTableFactory@10bcf083, http://www.dbunit.org/features/datatypeWarning=true}]) - start
193798 [main] TRACE org.dbunit.database.DatabaseConfig  - getFeature(name=http://www.dbunit.org/features/qualifiedTableNames) - start
193799 [main] TRACE org.dbunit.database.DatabaseConfig  - getProperty(name=http://www.dbunit.org/features/qualifiedTableNames) - start
193799 [main] DEBUG org.dbunit.util.QualifiedTableName  - Qualified table names feature is disabled. Returning plain table name
193799 [main] DEBUG org.dbunit.util.QualifiedTableName  - getQualifiedName(prefix=null, name=REQUESTCONTEXT, escapePattern=null) - start
193799 [main] DEBUG org.dbunit.util.QualifiedTableName  - getQualifiedNameIfEnabled(config=org.dbunit.database.DatabaseConfig[, _propertyMap={http://www.dbunit.org/properties/statementFactory=org.dbunit.database.statement.PreparedStatementFactory@626bc2b8, http://www.dbunit.org/features/caseSensitiveTableNames=false, http://www.dbunit.org/properties/fetchSize=100, http://www.dbunit.org/features/batchedStatements=false, http://www.dbunit.org/properties/metadataHandler=org.dbunit.database.DefaultMetadataHandler@3eeace42, http://www.dbunit.org/properties/datatypeFactory=org.dbunit.dataset.datatype.DefaultDataTypeFactory[_toleratedDeltaMap=org.dbunit.dataset.datatype.ToleratedDeltaMap@6452310a], http://www.dbunit.org/properties/escapePattern=null, http://www.dbunit.org/properties/batchSize=100, http://www.dbunit.org/features/qualifiedTableNames=false, http://www.dbunit.org/properties/tableType=[Ljava.lang.String;@5011bafa, http://www.dbunit.org/properties/resultSetTableFactory=org.dbunit.database.CachedResultSetTableFactory@10bcf083, http://www.dbunit.org/features/datatypeWarning=true}]) - start
193799 [main] TRACE org.dbunit.database.DatabaseConfig  - getFeature(name=http://www.dbunit.org/features/qualifiedTableNames) - start
193799 [main] TRACE org.dbunit.database.DatabaseConfig  - getProperty(name=http://www.dbunit.org/features/qualifiedTableNames) - start
193799 [main] DEBUG org.dbunit.util.QualifiedTableName  - Qualified table names feature is disabled. Returning plain table name
193799 [main] DEBUG org.dbunit.util.QualifiedTableName  - getQualifiedName(prefix=null, name=SCOPE_REQUESTCONTEXT, escapePattern=null) - start
193799 [main] DEBUG org.dbunit.database.search.AbstractMetaDataBasedSearchCallback  - newEdge(rs=org.apache.commons.dbcp.DelegatingResultSet@659b2f10, type=1, from=REQUESTCONTEXT, to=SCOPE_REQUESTCONTEXT, fkColumn=REQUEST_CONTEXT_ID, pkColumn=ID) - start
193799 [main] DEBUG org.dbunit.database.search.AbstractMetaDataBasedSearchCallback  - createFKEdge(rs=org.apache.commons.dbcp.DelegatingResultSet@659b2f10, type=1, from=REQUESTCONTEXT, to=SCOPE_REQUESTCONTEXT, fkColumn=REQUEST_CONTEXT_ID, pkColumn=ID) - start
193799 [main] DEBUG org.dbunit.database.search.AbstractMetaDataBasedSearchCallback  - Adding edge SCOPE_REQUESTCONTEXT(REQUEST_CONTEXT_ID)->REQUESTCONTEXT(ID)
193799 [main] DEBUG org.dbunit.util.search.Edge  - compareTo(o=SCOPE_REQUESTCONTEXT(REQUEST_CONTEXT_ID)->REQUESTCONTEXT(ID)) - start
193799 [main] DEBUG org.dbunit.util.SQLHelper  - close(resultSet=org.apache.commons.dbcp.DelegatingResultSet@659b2f10) - start
193799 [main] DEBUG org.dbunit.util.search.DepthFirstSearch  - reverseSearch:SCOPE_REQUESTCONTEXT
193799 [main] DEBUG org.dbunit.database.search.ExportedKeysSearchCallback  - searchNode(node=SCOPE_REQUESTCONTEXT) - start
193799 [main] DEBUG org.dbunit.util.search.DepthFirstSearch  - Pushing (reverse) SCOPE_REQUESTCONTEXT
193799 [main] DEBUG org.dbunit.database.search.ExportedKeysSearchCallback  - getEdges(node=SCOPE_REQUESTCONTEXT) - start
193799 [main] DEBUG org.dbunit.database.search.AbstractMetaDataBasedSearchCallback  - getNodesFromExportedKeys(node=SCOPE_REQUESTCONTEXT) - start
193799 [main] DEBUG org.dbunit.database.search.AbstractMetaDataBasedSearchCallback  - getNodes(type=1, node=SCOPE_REQUESTCONTEXT) - start
193799 [main] DEBUG org.dbunit.database.DatabaseDataSourceConnection  - getConnection() - start
193800 [main] DEBUG org.dbunit.database.search.AbstractMetaDataBasedSearchCallback  - getNodes(type=1, node=SCOPE_REQUESTCONTEXT, conn=Transaction-aware proxy for target Connection [jdbc:hsqldb:mem:kontrollDS, UserName=sw, HSQL Database Engine Driver], schema=null, metaData=org.apache.commons.dbcp.DelegatingDatabaseMetaData@2f2ef78d, edges=[]) - start
193800 [main] DEBUG org.dbunit.database.search.AbstractMetaDataBasedSearchCallback  - Getting edges for node SCOPE_REQUESTCONTEXT
193800 [main] TRACE org.dbunit.database.DatabaseConfig  - getProperty(name=http://www.dbunit.org/properties/metadataHandler) - start
193800 [main] TRACE org.dbunit.database.DefaultMetadataHandler  - tableExists(metaData=org.apache.commons.dbcp.DelegatingDatabaseMetaData@2f2ef78d, schemaName=null, tableName=SCOPE_REQUESTCONTEXT) - start
193801 [main] DEBUG org.dbunit.util.SQLHelper  - close(resultSet=org.apache.commons.dbcp.DelegatingResultSet@555fd4ee) - start
193801 [main] DEBUG org.dbunit.util.SQLHelper  - close(resultSet=org.apache.commons.dbcp.DelegatingResultSet@7fa43e33) - start
193801 [main] DEBUG org.dbunit.util.search.DepthFirstSearch  - search:SCOPE_REQUESTCONTEXT
193801 [main] DEBUG org.dbunit.database.search.ExportedKeysSearchCallback  - searchNode(node=SCOPE_REQUESTCONTEXT) - start
193801 [main] DEBUG org.dbunit.util.search.DepthFirstSearch  - Pushing SCOPE_REQUESTCONTEXT
193801 [main] DEBUG org.dbunit.database.search.ExportedKeysSearchCallback  - getEdges(node=SCOPE_REQUESTCONTEXT) - start
193801 [main] DEBUG org.dbunit.database.search.AbstractMetaDataBasedSearchCallback  - getNodesFromExportedKeys(node=SCOPE_REQUESTCONTEXT) - start
193801 [main] DEBUG org.dbunit.database.search.AbstractMetaDataBasedSearchCallback  - getNodes(type=1, node=SCOPE_REQUESTCONTEXT) - start
193801 [main] DEBUG org.dbunit.database.DatabaseDataSourceConnection  - getConnection() - start
193801 [main] DEBUG org.dbunit.database.search.AbstractMetaDataBasedSearchCallback  - getNodes(type=1, node=SCOPE_REQUESTCONTEXT, conn=Transaction-aware proxy for target Connection [jdbc:hsqldb:mem:kontrollDS, UserName=sw, HSQL Database Engine Driver], schema=null, metaData=org.apache.commons.dbcp.DelegatingDatabaseMetaData@77efc7bc, edges=[]) - start
193801 [main] DEBUG org.dbunit.database.search.AbstractMetaDataBasedSearchCallback  - Getting edges for node SCOPE_REQUESTCONTEXT
193801 [main] TRACE org.dbunit.database.DatabaseConfig  - getProperty(name=http://www.dbunit.org/properties/metadataHandler) - start
193801 [main] TRACE org.dbunit.database.DefaultMetadataHandler  - tableExists(metaData=org.apache.commons.dbcp.DelegatingDatabaseMetaData@77efc7bc, schemaName=null, tableName=SCOPE_REQUESTCONTEXT) - start
193802 [main] DEBUG org.dbunit.util.SQLHelper  - close(resultSet=org.apache.commons.dbcp.DelegatingResultSet@2ea5510) - start
193803 [main] DEBUG org.dbunit.util.SQLHelper  - close(resultSet=org.apache.commons.dbcp.DelegatingResultSet@71a1dfcf) - start
193803 [main] DEBUG org.dbunit.util.search.DepthFirstSearch  - Adding node SCOPE_REQUESTCONTEXT to the final result
193803 [main] DEBUG org.dbunit.util.search.DepthFirstSearch  - search:REQUESTCONTEXT
193803 [main] DEBUG org.dbunit.database.search.ExportedKeysSearchCallback  - searchNode(node=REQUESTCONTEXT) - start
193803 [main] DEBUG org.dbunit.util.search.DepthFirstSearch  - Pushing REQUESTCONTEXT
193803 [main] DEBUG org.dbunit.database.search.ExportedKeysSearchCallback  - getEdges(node=REQUESTCONTEXT) - start
193803 [main] DEBUG org.dbunit.database.search.AbstractMetaDataBasedSearchCallback  - getNodesFromExportedKeys(node=REQUESTCONTEXT) - start
193803 [main] DEBUG org.dbunit.database.search.AbstractMetaDataBasedSearchCallback  - getNodes(type=1, node=REQUESTCONTEXT) - start
193803 [main] DEBUG org.dbunit.database.DatabaseDataSourceConnection  - getConnection() - start
193803 [main] DEBUG org.dbunit.database.search.AbstractMetaDataBasedSearchCallback  - getNodes(type=1, node=REQUESTCONTEXT, conn=Transaction-aware proxy for target Connection [jdbc:hsqldb:mem:kontrollDS, UserName=sw, HSQL Database Engine Driver], schema=null, metaData=org.apache.commons.dbcp.DelegatingDatabaseMetaData@3a6cc951, edges=[]) - start
193803 [main] DEBUG org.dbunit.database.search.AbstractMetaDataBasedSearchCallback  - Getting edges for node REQUESTCONTEXT
193803 [main] TRACE org.dbunit.database.DatabaseConfig  - getProperty(name=http://www.dbunit.org/properties/metadataHandler) - start
193803 [main] TRACE org.dbunit.database.DefaultMetadataHandler  - tableExists(metaData=org.apache.commons.dbcp.DelegatingDatabaseMetaData@3a6cc951, schemaName=null, tableName=REQUESTCONTEXT) - start
193804 [main] DEBUG org.dbunit.util.SQLHelper  - close(resultSet=org.apache.commons.dbcp.DelegatingResultSet@76b4133) - start
193804 [main] DEBUG org.dbunit.util.QualifiedTableName  - getQualifiedNameIfEnabled(config=org.dbunit.database.DatabaseConfig[, _propertyMap={http://www.dbunit.org/properties/statementFactory=org.dbunit.database.statement.PreparedStatementFactory@626bc2b8, http://www.dbunit.org/features/caseSensitiveTableNames=false, http://www.dbunit.org/properties/fetchSize=100, http://www.dbunit.org/features/batchedStatements=false, http://www.dbunit.org/properties/metadataHandler=org.dbunit.database.DefaultMetadataHandler@3eeace42, http://www.dbunit.org/properties/datatypeFactory=org.dbunit.dataset.datatype.DefaultDataTypeFactory[_toleratedDeltaMap=org.dbunit.dataset.datatype.ToleratedDeltaMap@6452310a], http://www.dbunit.org/properties/escapePattern=null, http://www.dbunit.org/properties/batchSize=100, http://www.dbunit.org/features/qualifiedTableNames=false, http://www.dbunit.org/properties/tableType=[Ljava.lang.String;@5011bafa, http://www.dbunit.org/properties/resultSetTableFactory=org.dbunit.database.CachedResultSetTableFactory@10bcf083, http://www.dbunit.org/features/datatypeWarning=true}]) - start
193804 [main] TRACE org.dbunit.database.DatabaseConfig  - getFeature(name=http://www.dbunit.org/features/qualifiedTableNames) - start
193804 [main] TRACE org.dbunit.database.DatabaseConfig  - getProperty(name=http://www.dbunit.org/features/qualifiedTableNames) - start
193805 [main] DEBUG org.dbunit.util.QualifiedTableName  - Qualified table names feature is disabled. Returning plain table name
193805 [main] DEBUG org.dbunit.util.QualifiedTableName  - getQualifiedName(prefix=null, name=REQUESTCONTEXT, escapePattern=null) - start
193805 [main] DEBUG org.dbunit.util.QualifiedTableName  - getQualifiedNameIfEnabled(config=org.dbunit.database.DatabaseConfig[, _propertyMap={http://www.dbunit.org/properties/statementFactory=org.dbunit.database.statement.PreparedStatementFactory@626bc2b8, http://www.dbunit.org/features/caseSensitiveTableNames=false, http://www.dbunit.org/properties/fetchSize=100, http://www.dbunit.org/features/batchedStatements=false, http://www.dbunit.org/properties/metadataHandler=org.dbunit.database.DefaultMetadataHandler@3eeace42, http://www.dbunit.org/properties/datatypeFactory=org.dbunit.dataset.datatype.DefaultDataTypeFactory[_toleratedDeltaMap=org.dbunit.dataset.datatype.ToleratedDeltaMap@6452310a], http://www.dbunit.org/properties/escapePattern=null, http://www.dbunit.org/properties/batchSize=100, http://www.dbunit.org/features/qualifiedTableNames=false, http://www.dbunit.org/properties/tableType=[Ljava.lang.String;@5011bafa, http://www.dbunit.org/properties/resultSetTableFactory=org.dbunit.database.CachedResultSetTableFactory@10bcf083, http://www.dbunit.org/features/datatypeWarning=true}]) - start
193805 [main] TRACE org.dbunit.database.DatabaseConfig  - getFeature(name=http://www.dbunit.org/features/qualifiedTableNames) - start
193805 [main] TRACE org.dbunit.database.DatabaseConfig  - getProperty(name=http://www.dbunit.org/features/qualifiedTableNames) - start
193805 [main] DEBUG org.dbunit.util.QualifiedTableName  - Qualified table names feature is disabled. Returning plain table name
193805 [main] DEBUG org.dbunit.util.QualifiedTableName  - getQualifiedName(prefix=null, name=SCOPE_REQUESTCONTEXT, escapePattern=null) - start
193806 [main] DEBUG org.dbunit.database.search.AbstractMetaDataBasedSearchCallback  - newEdge(rs=org.apache.commons.dbcp.DelegatingResultSet@7a59c1e4, type=1, from=REQUESTCONTEXT, to=SCOPE_REQUESTCONTEXT, fkColumn=REQUEST_CONTEXT_ID, pkColumn=ID) - start
193806 [main] DEBUG org.dbunit.database.search.AbstractMetaDataBasedSearchCallback  - createFKEdge(rs=org.apache.commons.dbcp.DelegatingResultSet@7a59c1e4, type=1, from=REQUESTCONTEXT, to=SCOPE_REQUESTCONTEXT, fkColumn=REQUEST_CONTEXT_ID, pkColumn=ID) - start
193806 [main] DEBUG org.dbunit.database.search.AbstractMetaDataBasedSearchCallback  - Adding edge SCOPE_REQUESTCONTEXT(REQUEST_CONTEXT_ID)->REQUESTCONTEXT(ID)
193806 [main] DEBUG org.dbunit.util.search.Edge  - compareTo(o=SCOPE_REQUESTCONTEXT(REQUEST_CONTEXT_ID)->REQUESTCONTEXT(ID)) - start
193806 [main] DEBUG org.dbunit.util.SQLHelper  - close(resultSet=org.apache.commons.dbcp.DelegatingResultSet@7a59c1e4) - start
193806 [main] DEBUG org.dbunit.util.search.DepthFirstSearch  - search:REQUESTCONTEXT
193806 [main] DEBUG org.dbunit.util.search.DepthFirstSearch  - already searched; returning true
193806 [main] DEBUG org.dbunit.util.search.DepthFirstSearch  - Adding node REQUESTCONTEXT to the final result
193806 [main] DEBUG org.dbunit.database.search.TablesDependencyHelper  - getDirectDependentTables(connection=_databaseConfig=org.dbunit.database.DatabaseConfig[, _propertyMap={http://www.dbunit.org/properties/statementFactory=org.dbunit.database.statement.PreparedStatementFactory@626bc2b8, http://www.dbunit.org/features/caseSensitiveTableNames=false, http://www.dbunit.org/properties/fetchSize=100, http://www.dbunit.org/features/batchedStatements=false, http://www.dbunit.org/properties/metadataHandler=org.dbunit.database.DefaultMetadataHandler@3eeace42, http://www.dbunit.org/properties/datatypeFactory=org.dbunit.dataset.datatype.DefaultDataTypeFactory[_toleratedDeltaMap=org.dbunit.dataset.datatype.ToleratedDeltaMap@6452310a], http://www.dbunit.org/properties/escapePattern=null, http://www.dbunit.org/properties/batchSize=100, http://www.dbunit.org/features/qualifiedTableNames=false, http://www.dbunit.org/properties/tableType=[Ljava.lang.String;@5011bafa, http://www.dbunit.org/properties/resultSetTableFactory=org.dbunit.database.CachedResultSetTableFactory@10bcf083, http://www.dbunit.org/features/datatypeWarning=true}], _dataSet=AbstractDataSet[_orderedTableNameMap=null], tableName=REQUESTCONTEXT) - start
193806 [main] DEBUG org.dbunit.util.search.DepthFirstSearch  - search(nodesFrom=[REQUESTCONTEXT], callback=org.dbunit.database.search.ImportedKeysSearchCallback@691d2e47) - start
193806 [main] DEBUG org.dbunit.util.CollectionsHelper  - objectsToSet(objects=REQUESTCONTEXT) - start
193806 [main] DEBUG org.dbunit.util.search.DepthFirstSearch  - search(nodesFrom=[REQUESTCONTEXT], callback=org.dbunit.database.search.ImportedKeysSearchCallback@691d2e47) - start
193806 [main] DEBUG org.dbunit.util.search.DepthFirstSearch  - reverseSearch:REQUESTCONTEXT
193806 [main] DEBUG org.dbunit.database.search.ImportedKeysSearchCallback  - searchNode(node=REQUESTCONTEXT) - start
193806 [main] DEBUG org.dbunit.util.search.DepthFirstSearch  - Pushing (reverse) REQUESTCONTEXT
193806 [main] DEBUG org.dbunit.database.search.ImportedKeysSearchCallback  - getEdges(node=REQUESTCONTEXT) - start
193806 [main] DEBUG org.dbunit.database.search.AbstractMetaDataBasedSearchCallback  - getNodesFromImportedKeys(node=REQUESTCONTEXT) - start
193806 [main] DEBUG org.dbunit.database.search.AbstractMetaDataBasedSearchCallback  - getNodes(type=0, node=REQUESTCONTEXT) - start
193806 [main] DEBUG org.dbunit.database.DatabaseDataSourceConnection  - getConnection() - start
193806 [main] DEBUG org.dbunit.database.search.AbstractMetaDataBasedSearchCallback  - getNodes(type=0, node=REQUESTCONTEXT, conn=Transaction-aware proxy for target Connection [jdbc:hsqldb:mem:kontrollDS, UserName=sw, HSQL Database Engine Driver], schema=null, metaData=org.apache.commons.dbcp.DelegatingDatabaseMetaData@7ac96d3a, edges=[]) - start
193807 [main] DEBUG org.dbunit.database.search.AbstractMetaDataBasedSearchCallback  - Getting edges for node REQUESTCONTEXT
193807 [main] TRACE org.dbunit.database.DatabaseConfig  - getProperty(name=http://www.dbunit.org/properties/metadataHandler) - start
193807 [main] TRACE org.dbunit.database.DefaultMetadataHandler  - tableExists(metaData=org.apache.commons.dbcp.DelegatingDatabaseMetaData@7ac96d3a, schemaName=null, tableName=REQUESTCONTEXT) - start
193808 [main] DEBUG org.dbunit.util.SQLHelper  - close(resultSet=org.apache.commons.dbcp.DelegatingResultSet@3901a68e) - start
193808 [main] DEBUG org.dbunit.util.SQLHelper  - close(resultSet=org.apache.commons.dbcp.DelegatingResultSet@2c7d9582) - start
193808 [main] DEBUG org.dbunit.util.search.DepthFirstSearch  - search:REQUESTCONTEXT
193808 [main] DEBUG org.dbunit.database.search.ImportedKeysSearchCallback  - searchNode(node=REQUESTCONTEXT) - start
193808 [main] DEBUG org.dbunit.util.search.DepthFirstSearch  - Pushing REQUESTCONTEXT
193808 [main] DEBUG org.dbunit.database.search.ImportedKeysSearchCallback  - getEdges(node=REQUESTCONTEXT) - start
193808 [main] DEBUG org.dbunit.database.search.AbstractMetaDataBasedSearchCallback  - getNodesFromImportedKeys(node=REQUESTCONTEXT) - start
193808 [main] DEBUG org.dbunit.database.search.AbstractMetaDataBasedSearchCallback  - getNodes(type=0, node=REQUESTCONTEXT) - start
193808 [main] DEBUG org.dbunit.database.DatabaseDataSourceConnection  - getConnection() - start
193808 [main] DEBUG org.dbunit.database.search.AbstractMetaDataBasedSearchCallback  - getNodes(type=0, node=REQUESTCONTEXT, conn=Transaction-aware proxy for target Connection [jdbc:hsqldb:mem:kontrollDS, UserName=sw, HSQL Database Engine Driver], schema=null, metaData=org.apache.commons.dbcp.DelegatingDatabaseMetaData@68e2a09f, edges=[]) - start
193808 [main] DEBUG org.dbunit.database.search.AbstractMetaDataBasedSearchCallback  - Getting edges for node REQUESTCONTEXT
193808 [main] TRACE org.dbunit.database.DatabaseConfig  - getProperty(name=http://www.dbunit.org/properties/metadataHandler) - start
193808 [main] TRACE org.dbunit.database.DefaultMetadataHandler  - tableExists(metaData=org.apache.commons.dbcp.DelegatingDatabaseMetaData@68e2a09f, schemaName=null, tableName=REQUESTCONTEXT) - start
193809 [main] DEBUG org.dbunit.util.SQLHelper  - close(resultSet=org.apache.commons.dbcp.DelegatingResultSet@58731af3) - start
193809 [main] DEBUG org.dbunit.util.SQLHelper  - close(resultSet=org.apache.commons.dbcp.DelegatingResultSet@1b3bd94d) - start
193810 [main] DEBUG org.dbunit.util.search.DepthFirstSearch  - Adding node REQUESTCONTEXT to the final result
193810 [main] DEBUG org.dbunit.database.DatabaseSequenceFilter  - getDependencyInfo(connection=_databaseConfig=org.dbunit.database.DatabaseConfig[, _propertyMap={http://www.dbunit.org/properties/statementFactory=org.dbunit.database.statement.PreparedStatementFactory@626bc2b8, http://www.dbunit.org/features/caseSensitiveTableNames=false, http://www.dbunit.org/properties/fetchSize=100, http://www.dbunit.org/features/batchedStatements=false, http://www.dbunit.org/properties/metadataHandler=org.dbunit.database.DefaultMetadataHandler@3eeace42, http://www.dbunit.org/properties/datatypeFactory=org.dbunit.dataset.datatype.DefaultDataTypeFactory[_toleratedDeltaMap=org.dbunit.dataset.datatype.ToleratedDeltaMap@6452310a], http://www.dbunit.org/properties/escapePattern=null, http://www.dbunit.org/properties/batchSize=100, http://www.dbunit.org/features/qualifiedTableNames=false, http://www.dbunit.org/properties/tableType=[Ljava.lang.String;@5011bafa, http://www.dbunit.org/properties/resultSetTableFactory=org.dbunit.database.CachedResultSetTableFactory@10bcf083, http://www.dbunit.org/features/datatypeWarning=true}], _dataSet=AbstractDataSet[_orderedTableNameMap=null], tableName=SCOPE) - start
193810 [main] DEBUG org.dbunit.database.search.TablesDependencyHelper  - getDependentTables(connection=_databaseConfig=org.dbunit.database.DatabaseConfig[, _propertyMap={http://www.dbunit.org/properties/statementFactory=org.dbunit.database.statement.PreparedStatementFactory@626bc2b8, http://www.dbunit.org/features/caseSensitiveTableNames=false, http://www.dbunit.org/properties/fetchSize=100, http://www.dbunit.org/features/batchedStatements=false, http://www.dbunit.org/properties/metadataHandler=org.dbunit.database.DefaultMetadataHandler@3eeace42, http://www.dbunit.org/properties/datatypeFactory=org.dbunit.dataset.datatype.DefaultDataTypeFactory[_toleratedDeltaMap=org.dbunit.dataset.datatype.ToleratedDeltaMap@6452310a], http://www.dbunit.org/properties/escapePattern=null, http://www.dbunit.org/properties/batchSize=100, http://www.dbunit.org/features/qualifiedTableNames=false, http://www.dbunit.org/properties/tableType=[Ljava.lang.String;@5011bafa, http://www.dbunit.org/properties/resultSetTableFactory=org.dbunit.database.CachedResultSetTableFactory@10bcf083, http://www.dbunit.org/features/datatypeWarning=true}], _dataSet=AbstractDataSet[_orderedTableNameMap=null], rootTable=SCOPE) - start
193810 [main] DEBUG org.dbunit.database.search.TablesDependencyHelper  - getDependentTables(connection=_databaseConfig=org.dbunit.database.DatabaseConfig[, _propertyMap={http://www.dbunit.org/properties/statementFactory=org.dbunit.database.statement.PreparedStatementFactory@626bc2b8, http://www.dbunit.org/features/caseSensitiveTableNames=false, http://www.dbunit.org/properties/fetchSize=100, http://www.dbunit.org/features/batchedStatements=false, http://www.dbunit.org/properties/metadataHandler=org.dbunit.database.DefaultMetadataHandler@3eeace42, http://www.dbunit.org/properties/datatypeFactory=org.dbunit.dataset.datatype.DefaultDataTypeFactory[_toleratedDeltaMap=org.dbunit.dataset.datatype.ToleratedDeltaMap@6452310a], http://www.dbunit.org/properties/escapePattern=null, http://www.dbunit.org/properties/batchSize=100, http://www.dbunit.org/features/qualifiedTableNames=false, http://www.dbunit.org/properties/tableType=[Ljava.lang.String;@5011bafa, http://www.dbunit.org/properties/resultSetTableFactory=org.dbunit.database.CachedResultSetTableFactory@10bcf083, http://www.dbunit.org/features/datatypeWarning=true}], _dataSet=AbstractDataSet[_orderedTableNameMap=null], rootTables=[SCOPE]) - start
193810 [main] DEBUG org.dbunit.util.search.DepthFirstSearch  - search(nodesFrom=[SCOPE], callback=org.dbunit.database.search.ImportedKeysSearchCallback@2c861340) - start
193810 [main] DEBUG org.dbunit.util.CollectionsHelper  - objectsToSet(objects=SCOPE) - start
193810 [main] DEBUG org.dbunit.util.search.DepthFirstSearch  - search(nodesFrom=[SCOPE], callback=org.dbunit.database.search.ImportedKeysSearchCallback@2c861340) - start
193810 [main] DEBUG org.dbunit.util.search.DepthFirstSearch  - reverseSearch:SCOPE
193810 [main] DEBUG org.dbunit.database.search.ImportedKeysSearchCallback  - searchNode(node=SCOPE) - start
193810 [main] DEBUG org.dbunit.util.search.DepthFirstSearch  - Pushing (reverse) SCOPE
193810 [main] DEBUG org.dbunit.database.search.ImportedKeysSearchCallback  - getEdges(node=SCOPE) - start
193810 [main] DEBUG org.dbunit.database.search.AbstractMetaDataBasedSearchCallback  - getNodesFromImportedKeys(node=SCOPE) - start
193810 [main] DEBUG org.dbunit.database.search.AbstractMetaDataBasedSearchCallback  - getNodes(type=0, node=SCOPE) - start
193810 [main] DEBUG org.dbunit.database.DatabaseDataSourceConnection  - getConnection() - start
193810 [main] DEBUG org.dbunit.database.search.AbstractMetaDataBasedSearchCallback  - getNodes(type=0, node=SCOPE, conn=Transaction-aware proxy for target Connection [jdbc:hsqldb:mem:kontrollDS, UserName=sw, HSQL Database Engine Driver], schema=null, metaData=org.apache.commons.dbcp.DelegatingDatabaseMetaData@1659e596, edges=[]) - start
193810 [main] DEBUG org.dbunit.database.search.AbstractMetaDataBasedSearchCallback  - Getting edges for node SCOPE
193810 [main] TRACE org.dbunit.database.DatabaseConfig  - getProperty(name=http://www.dbunit.org/properties/metadataHandler) - start
193810 [main] TRACE org.dbunit.database.DefaultMetadataHandler  - tableExists(metaData=org.apache.commons.dbcp.DelegatingDatabaseMetaData@1659e596, schemaName=null, tableName=SCOPE) - start
193811 [main] DEBUG org.dbunit.util.SQLHelper  - close(resultSet=org.apache.commons.dbcp.DelegatingResultSet@36f9c37f) - start
193812 [main] DEBUG org.dbunit.util.SQLHelper  - close(resultSet=org.apache.commons.dbcp.DelegatingResultSet@3ad10be2) - start
193812 [main] DEBUG org.dbunit.util.search.DepthFirstSearch  - search:SCOPE
193812 [main] DEBUG org.dbunit.database.search.ImportedKeysSearchCallback  - searchNode(node=SCOPE) - start
193812 [main] DEBUG org.dbunit.util.search.DepthFirstSearch  - Pushing SCOPE
193812 [main] DEBUG org.dbunit.database.search.ImportedKeysSearchCallback  - getEdges(node=SCOPE) - start
193812 [main] DEBUG org.dbunit.database.search.AbstractMetaDataBasedSearchCallback  - getNodesFromImportedKeys(node=SCOPE) - start
193812 [main] DEBUG org.dbunit.database.search.AbstractMetaDataBasedSearchCallback  - getNodes(type=0, node=SCOPE) - start
193812 [main] DEBUG org.dbunit.database.DatabaseDataSourceConnection  - getConnection() - start
193812 [main] DEBUG org.dbunit.database.search.AbstractMetaDataBasedSearchCallback  - getNodes(type=0, node=SCOPE, conn=Transaction-aware proxy for target Connection [jdbc:hsqldb:mem:kontrollDS, UserName=sw, HSQL Database Engine Driver], schema=null, metaData=org.apache.commons.dbcp.DelegatingDatabaseMetaData@72634098, edges=[]) - start
193812 [main] DEBUG org.dbunit.database.search.AbstractMetaDataBasedSearchCallback  - Getting edges for node SCOPE
193812 [main] TRACE org.dbunit.database.DatabaseConfig  - getProperty(name=http://www.dbunit.org/properties/metadataHandler) - start
193812 [main] TRACE org.dbunit.database.DefaultMetadataHandler  - tableExists(metaData=org.apache.commons.dbcp.DelegatingDatabaseMetaData@72634098, schemaName=null, tableName=SCOPE) - start
193813 [main] DEBUG org.dbunit.util.SQLHelper  - close(resultSet=org.apache.commons.dbcp.DelegatingResultSet@3a2e19c7) - start
193813 [main] DEBUG org.dbunit.util.SQLHelper  - close(resultSet=org.apache.commons.dbcp.DelegatingResultSet@3b3e7d6d) - start
193813 [main] DEBUG org.dbunit.util.search.DepthFirstSearch  - Adding node SCOPE to the final result
193813 [main] DEBUG org.dbunit.util.CollectionsHelper  - setToStrings(set=[SCOPE]) - start
193814 [main] DEBUG org.dbunit.database.search.TablesDependencyHelper  - getDependsOnTables(connection=_databaseConfig=org.dbunit.database.DatabaseConfig[, _propertyMap={http://www.dbunit.org/properties/statementFactory=org.dbunit.database.statement.PreparedStatementFactory@626bc2b8, http://www.dbunit.org/features/caseSensitiveTableNames=false, http://www.dbunit.org/properties/fetchSize=100, http://www.dbunit.org/features/batchedStatements=false, http://www.dbunit.org/properties/metadataHandler=org.dbunit.database.DefaultMetadataHandler@3eeace42, http://www.dbunit.org/properties/datatypeFactory=org.dbunit.dataset.datatype.DefaultDataTypeFactory[_toleratedDeltaMap=org.dbunit.dataset.datatype.ToleratedDeltaMap@6452310a], http://www.dbunit.org/properties/escapePattern=null, http://www.dbunit.org/properties/batchSize=100, http://www.dbunit.org/features/qualifiedTableNames=false, http://www.dbunit.org/properties/tableType=[Ljava.lang.String;@5011bafa, http://www.dbunit.org/properties/resultSetTableFactory=org.dbunit.database.CachedResultSetTableFactory@10bcf083, http://www.dbunit.org/features/datatypeWarning=true}], _dataSet=AbstractDataSet[_orderedTableNameMap=null], rootTable=SCOPE) - start
193814 [main] DEBUG org.dbunit.util.search.DepthFirstSearch  - search(nodesFrom=[SCOPE], callback=org.dbunit.database.search.ExportedKeysSearchCallback@1f27bd0c) - start
193814 [main] DEBUG org.dbunit.util.CollectionsHelper  - objectsToSet(objects=SCOPE) - start
193814 [main] DEBUG org.dbunit.util.search.DepthFirstSearch  - search(nodesFrom=[SCOPE], callback=org.dbunit.database.search.ExportedKeysSearchCallback@1f27bd0c) - start
193814 [main] DEBUG org.dbunit.util.search.DepthFirstSearch  - reverseSearch:SCOPE
193814 [main] DEBUG org.dbunit.database.search.ExportedKeysSearchCallback  - searchNode(node=SCOPE) - start
193814 [main] DEBUG org.dbunit.util.search.DepthFirstSearch  - Pushing (reverse) SCOPE
193814 [main] DEBUG org.dbunit.database.search.ExportedKeysSearchCallback  - getEdges(node=SCOPE) - start
193814 [main] DEBUG org.dbunit.database.search.AbstractMetaDataBasedSearchCallback  - getNodesFromExportedKeys(node=SCOPE) - start
193814 [main] DEBUG org.dbunit.database.search.AbstractMetaDataBasedSearchCallback  - getNodes(type=1, node=SCOPE) - start
193814 [main] DEBUG org.dbunit.database.DatabaseDataSourceConnection  - getConnection() - start
193814 [main] DEBUG org.dbunit.database.search.AbstractMetaDataBasedSearchCallback  - getNodes(type=1, node=SCOPE, conn=Transaction-aware proxy for target Connection [jdbc:hsqldb:mem:kontrollDS, UserName=sw, HSQL Database Engine Driver], schema=null, metaData=org.apache.commons.dbcp.DelegatingDatabaseMetaData@69ec6ece, edges=[]) - start
193814 [main] DEBUG org.dbunit.database.search.AbstractMetaDataBasedSearchCallback  - Getting edges for node SCOPE
193814 [main] TRACE org.dbunit.database.DatabaseConfig  - getProperty(name=http://www.dbunit.org/properties/metadataHandler) - start
193814 [main] TRACE org.dbunit.database.DefaultMetadataHandler  - tableExists(metaData=org.apache.commons.dbcp.DelegatingDatabaseMetaData@69ec6ece, schemaName=null, tableName=SCOPE) - start
193815 [main] DEBUG org.dbunit.util.SQLHelper  - close(resultSet=org.apache.commons.dbcp.DelegatingResultSet@56d1d1d7) - start
193816 [main] DEBUG org.dbunit.util.QualifiedTableName  - getQualifiedNameIfEnabled(config=org.dbunit.database.DatabaseConfig[, _propertyMap={http://www.dbunit.org/properties/statementFactory=org.dbunit.database.statement.PreparedStatementFactory@626bc2b8, http://www.dbunit.org/features/caseSensitiveTableNames=false, http://www.dbunit.org/properties/fetchSize=100, http://www.dbunit.org/features/batchedStatements=false, http://www.dbunit.org/properties/metadataHandler=org.dbunit.database.DefaultMetadataHandler@3eeace42, http://www.dbunit.org/properties/datatypeFactory=org.dbunit.dataset.datatype.DefaultDataTypeFactory[_toleratedDeltaMap=org.dbunit.dataset.datatype.ToleratedDeltaMap@6452310a], http://www.dbunit.org/properties/escapePattern=null, http://www.dbunit.org/properties/batchSize=100, http://www.dbunit.org/features/qualifiedTableNames=false, http://www.dbunit.org/properties/tableType=[Ljava.lang.String;@5011bafa, http://www.dbunit.org/properties/resultSetTableFactory=org.dbunit.database.CachedResultSetTableFactory@10bcf083, http://www.dbunit.org/features/datatypeWarning=true}]) - start
193816 [main] TRACE org.dbunit.database.DatabaseConfig  - getFeature(name=http://www.dbunit.org/features/qualifiedTableNames) - start
193816 [main] TRACE org.dbunit.database.DatabaseConfig  - getProperty(name=http://www.dbunit.org/features/qualifiedTableNames) - start
193816 [main] DEBUG org.dbunit.util.QualifiedTableName  - Qualified table names feature is disabled. Returning plain table name
193816 [main] DEBUG org.dbunit.util.QualifiedTableName  - getQualifiedName(prefix=null, name=SCOPE, escapePattern=null) - start
193816 [main] DEBUG org.dbunit.util.QualifiedTableName  - getQualifiedNameIfEnabled(config=org.dbunit.database.DatabaseConfig[, _propertyMap={http://www.dbunit.org/properties/statementFactory=org.dbunit.database.statement.PreparedStatementFactory@626bc2b8, http://www.dbunit.org/features/caseSensitiveTableNames=false, http://www.dbunit.org/properties/fetchSize=100, http://www.dbunit.org/features/batchedStatements=false, http://www.dbunit.org/properties/metadataHandler=org.dbunit.database.DefaultMetadataHandler@3eeace42, http://www.dbunit.org/properties/datatypeFactory=org.dbunit.dataset.datatype.DefaultDataTypeFactory[_toleratedDeltaMap=org.dbunit.dataset.datatype.ToleratedDeltaMap@6452310a], http://www.dbunit.org/properties/escapePattern=null, http://www.dbunit.org/properties/batchSize=100, http://www.dbunit.org/features/qualifiedTableNames=false, http://www.dbunit.org/properties/tableType=[Ljava.lang.String;@5011bafa, http://www.dbunit.org/properties/resultSetTableFactory=org.dbunit.database.CachedResultSetTableFactory@10bcf083, http://www.dbunit.org/features/datatypeWarning=true}]) - start
193816 [main] TRACE org.dbunit.database.DatabaseConfig  - getFeature(name=http://www.dbunit.org/features/qualifiedTableNames) - start
193816 [main] TRACE org.dbunit.database.DatabaseConfig  - getProperty(name=http://www.dbunit.org/features/qualifiedTableNames) - start
193816 [main] DEBUG org.dbunit.util.QualifiedTableName  - Qualified table names feature is disabled. Returning plain table name
193816 [main] DEBUG org.dbunit.util.QualifiedTableName  - getQualifiedName(prefix=null, name=SCOPE_REQUESTCONTEXT, escapePattern=null) - start
193816 [main] DEBUG org.dbunit.database.search.AbstractMetaDataBasedSearchCallback  - newEdge(rs=org.apache.commons.dbcp.DelegatingResultSet@2a36ca67, type=1, from=SCOPE, to=SCOPE_REQUESTCONTEXT, fkColumn=SCOPE_ID, pkColumn=ID) - start
193816 [main] DEBUG org.dbunit.database.search.AbstractMetaDataBasedSearchCallback  - createFKEdge(rs=org.apache.commons.dbcp.DelegatingResultSet@2a36ca67, type=1, from=SCOPE, to=SCOPE_REQUESTCONTEXT, fkColumn=SCOPE_ID, pkColumn=ID) - start
193816 [main] DEBUG org.dbunit.database.search.AbstractMetaDataBasedSearchCallback  - Adding edge SCOPE_REQUESTCONTEXT(SCOPE_ID)->SCOPE(ID)
193816 [main] DEBUG org.dbunit.util.search.Edge  - compareTo(o=SCOPE_REQUESTCONTEXT(SCOPE_ID)->SCOPE(ID)) - start
193816 [main] DEBUG org.dbunit.util.QualifiedTableName  - getQualifiedNameIfEnabled(config=org.dbunit.database.DatabaseConfig[, _propertyMap={http://www.dbunit.org/properties/statementFactory=org.dbunit.database.statement.PreparedStatementFactory@626bc2b8, http://www.dbunit.org/features/caseSensitiveTableNames=false, http://www.dbunit.org/properties/fetchSize=100, http://www.dbunit.org/features/batchedStatements=false, http://www.dbunit.org/properties/metadataHandler=org.dbunit.database.DefaultMetadataHandler@3eeace42, http://www.dbunit.org/properties/datatypeFactory=org.dbunit.dataset.datatype.DefaultDataTypeFactory[_toleratedDeltaMap=org.dbunit.dataset.datatype.ToleratedDeltaMap@6452310a], http://www.dbunit.org/properties/escapePattern=null, http://www.dbunit.org/properties/batchSize=100, http://www.dbunit.org/features/qualifiedTableNames=false, http://www.dbunit.org/properties/tableType=[Ljava.lang.String;@5011bafa, http://www.dbunit.org/properties/resultSetTableFactory=org.dbunit.database.CachedResultSetTableFactory@10bcf083, http://www.dbunit.org/features/datatypeWarning=true}]) - start
193816 [main] TRACE org.dbunit.database.DatabaseConfig  - getFeature(name=http://www.dbunit.org/features/qualifiedTableNames) - start
193817 [main] TRACE org.dbunit.database.DatabaseConfig  - getProperty(name=http://www.dbunit.org/features/qualifiedTableNames) - start
193817 [main] DEBUG org.dbunit.util.QualifiedTableName  - Qualified table names feature is disabled. Returning plain table name
193817 [main] DEBUG org.dbunit.util.QualifiedTableName  - getQualifiedName(prefix=null, name=SCOPE, escapePattern=null) - start
193817 [main] DEBUG org.dbunit.util.QualifiedTableName  - getQualifiedNameIfEnabled(config=org.dbunit.database.DatabaseConfig[, _propertyMap={http://www.dbunit.org/properties/statementFactory=org.dbunit.database.statement.PreparedStatementFactory@626bc2b8, http://www.dbunit.org/features/caseSensitiveTableNames=false, http://www.dbunit.org/properties/fetchSize=100, http://www.dbunit.org/features/batchedStatements=false, http://www.dbunit.org/properties/metadataHandler=org.dbunit.database.DefaultMetadataHandler@3eeace42, http://www.dbunit.org/properties/datatypeFactory=org.dbunit.dataset.datatype.DefaultDataTypeFactory[_toleratedDeltaMap=org.dbunit.dataset.datatype.ToleratedDeltaMap@6452310a], http://www.dbunit.org/properties/escapePattern=null, http://www.dbunit.org/properties/batchSize=100, http://www.dbunit.org/features/qualifiedTableNames=false, http://www.dbunit.org/properties/tableType=[Ljava.lang.String;@5011bafa, http://www.dbunit.org/properties/resultSetTableFactory=org.dbunit.database.CachedResultSetTableFactory@10bcf083, http://www.dbunit.org/features/datatypeWarning=true}]) - start
193817 [main] TRACE org.dbunit.database.DatabaseConfig  - getFeature(name=http://www.dbunit.org/features/qualifiedTableNames) - start
193817 [main] TRACE org.dbunit.database.DatabaseConfig  - getProperty(name=http://www.dbunit.org/features/qualifiedTableNames) - start
193817 [main] DEBUG org.dbunit.util.QualifiedTableName  - Qualified table names feature is disabled. Returning plain table name
193817 [main] DEBUG org.dbunit.util.QualifiedTableName  - getQualifiedName(prefix=null, name=SCOPEDCONTENT, escapePattern=null) - start
193817 [main] DEBUG org.dbunit.database.search.AbstractMetaDataBasedSearchCallback  - newEdge(rs=org.apache.commons.dbcp.DelegatingResultSet@2a36ca67, type=1, from=SCOPE, to=SCOPEDCONTENT, fkColumn=SCOPE, pkColumn=ID) - start
193817 [main] DEBUG org.dbunit.database.search.AbstractMetaDataBasedSearchCallback  - createFKEdge(rs=org.apache.commons.dbcp.DelegatingResultSet@2a36ca67, type=1, from=SCOPE, to=SCOPEDCONTENT, fkColumn=SCOPE, pkColumn=ID) - start
193817 [main] DEBUG org.dbunit.database.search.AbstractMetaDataBasedSearchCallback  - Adding edge SCOPEDCONTENT(SCOPE)->SCOPE(ID)
193817 [main] DEBUG org.dbunit.util.search.Edge  - compareTo(o=SCOPE_REQUESTCONTEXT(SCOPE_ID)->SCOPE(ID)) - start
193817 [main] DEBUG org.dbunit.util.SQLHelper  - close(resultSet=org.apache.commons.dbcp.DelegatingResultSet@2a36ca67) - start
193817 [main] DEBUG org.dbunit.util.search.DepthFirstSearch  - reverseSearch:SCOPEDCONTENT
193817 [main] DEBUG org.dbunit.database.search.ExportedKeysSearchCallback  - searchNode(node=SCOPEDCONTENT) - start
193817 [main] DEBUG org.dbunit.util.search.DepthFirstSearch  - Pushing (reverse) SCOPEDCONTENT
193817 [main] DEBUG org.dbunit.database.search.ExportedKeysSearchCallback  - getEdges(node=SCOPEDCONTENT) - start
193817 [main] DEBUG org.dbunit.database.search.AbstractMetaDataBasedSearchCallback  - getNodesFromExportedKeys(node=SCOPEDCONTENT) - start
193817 [main] DEBUG org.dbunit.database.search.AbstractMetaDataBasedSearchCallback  - getNodes(type=1, node=SCOPEDCONTENT) - start
193817 [main] DEBUG org.dbunit.database.DatabaseDataSourceConnection  - getConnection() - start
193817 [main] DEBUG org.dbunit.database.search.AbstractMetaDataBasedSearchCallback  - getNodes(type=1, node=SCOPEDCONTENT, conn=Transaction-aware proxy for target Connection [jdbc:hsqldb:mem:kontrollDS, UserName=sw, HSQL Database Engine Driver], schema=null, metaData=org.apache.commons.dbcp.DelegatingDatabaseMetaData@732245d7, edges=[]) - start
193817 [main] DEBUG org.dbunit.database.search.AbstractMetaDataBasedSearchCallback  - Getting edges for node SCOPEDCONTENT
193818 [main] TRACE org.dbunit.database.DatabaseConfig  - getProperty(name=http://www.dbunit.org/properties/metadataHandler) - start
193818 [main] TRACE org.dbunit.database.DefaultMetadataHandler  - tableExists(metaData=org.apache.commons.dbcp.DelegatingDatabaseMetaData@732245d7, schemaName=null, tableName=SCOPEDCONTENT) - start
193819 [main] DEBUG org.dbunit.util.SQLHelper  - close(resultSet=org.apache.commons.dbcp.DelegatingResultSet@7f57073) - start
193819 [main] DEBUG org.dbunit.util.QualifiedTableName  - getQualifiedNameIfEnabled(config=org.dbunit.database.DatabaseConfig[, _propertyMap={http://www.dbunit.org/properties/statementFactory=org.dbunit.database.statement.PreparedStatementFactory@626bc2b8, http://www.dbunit.org/features/caseSensitiveTableNames=false, http://www.dbunit.org/properties/fetchSize=100, http://www.dbunit.org/features/batchedStatements=false, http://www.dbunit.org/properties/metadataHandler=org.dbunit.database.DefaultMetadataHandler@3eeace42, http://www.dbunit.org/properties/datatypeFactory=org.dbunit.dataset.datatype.DefaultDataTypeFactory[_toleratedDeltaMap=org.dbunit.dataset.datatype.ToleratedDeltaMap@6452310a], http://www.dbunit.org/properties/escapePattern=null, http://www.dbunit.org/properties/batchSize=100, http://www.dbunit.org/features/qualifiedTableNames=false, http://www.dbunit.org/properties/tableType=[Ljava.lang.String;@5011bafa, http://www.dbunit.org/properties/resultSetTableFactory=org.dbunit.database.CachedResultSetTableFactory@10bcf083, http://www.dbunit.org/features/datatypeWarning=true}]) - start
193819 [main] TRACE org.dbunit.database.DatabaseConfig  - getFeature(name=http://www.dbunit.org/features/qualifiedTableNames) - start
193819 [main] TRACE org.dbunit.database.DatabaseConfig  - getProperty(name=http://www.dbunit.org/features/qualifiedTableNames) - start
193819 [main] DEBUG org.dbunit.util.QualifiedTableName  - Qualified table names feature is disabled. Returning plain table name
193819 [main] DEBUG org.dbunit.util.QualifiedTableName  - getQualifiedName(prefix=null, name=SCOPEDCONTENT, escapePattern=null) - start
193820 [main] DEBUG org.dbunit.util.QualifiedTableName  - getQualifiedNameIfEnabled(config=org.dbunit.database.DatabaseConfig[, _propertyMap={http://www.dbunit.org/properties/statementFactory=org.dbunit.database.statement.PreparedStatementFactory@626bc2b8, http://www.dbunit.org/features/caseSensitiveTableNames=false, http://www.dbunit.org/properties/fetchSize=100, http://www.dbunit.org/features/batchedStatements=false, http://www.dbunit.org/properties/metadataHandler=org.dbunit.database.DefaultMetadataHandler@3eeace42, http://www.dbunit.org/properties/datatypeFactory=org.dbunit.dataset.datatype.DefaultDataTypeFactory[_toleratedDeltaMap=org.dbunit.dataset.datatype.ToleratedDeltaMap@6452310a], http://www.dbunit.org/properties/escapePattern=null, http://www.dbunit.org/properties/batchSize=100, http://www.dbunit.org/features/qualifiedTableNames=false, http://www.dbunit.org/properties/tableType=[Ljava.lang.String;@5011bafa, http://www.dbunit.org/properties/resultSetTableFactory=org.dbunit.database.CachedResultSetTableFactory@10bcf083, http://www.dbunit.org/features/datatypeWarning=true}]) - start
193820 [main] TRACE org.dbunit.database.DatabaseConfig  - getFeature(name=http://www.dbunit.org/features/qualifiedTableNames) - start
193820 [main] TRACE org.dbunit.database.DatabaseConfig  - getProperty(name=http://www.dbunit.org/features/qualifiedTableNames) - start
193820 [main] DEBUG org.dbunit.util.QualifiedTableName  - Qualified table names feature is disabled. Returning plain table name
193820 [main] DEBUG org.dbunit.util.QualifiedTableName  - getQualifiedName(prefix=null, name=SCOPEDCONTENTCONDITIONS_SCOPEDCONTENT, escapePattern=null) - start
193820 [main] DEBUG org.dbunit.database.search.AbstractMetaDataBasedSearchCallback  - newEdge(rs=org.apache.commons.dbcp.DelegatingResultSet@4ab6ea53, type=1, from=SCOPEDCONTENT, to=SCOPEDCONTENTCONDITIONS_SCOPEDCONTENT, fkColumn=SCOPED_CONTENT_ID, pkColumn=ID) - start
193820 [main] DEBUG org.dbunit.database.search.AbstractMetaDataBasedSearchCallback  - createFKEdge(rs=org.apache.commons.dbcp.DelegatingResultSet@4ab6ea53, type=1, from=SCOPEDCONTENT, to=SCOPEDCONTENTCONDITIONS_SCOPEDCONTENT, fkColumn=SCOPED_CONTENT_ID, pkColumn=ID) - start
193820 [main] DEBUG org.dbunit.database.search.AbstractMetaDataBasedSearchCallback  - Adding edge SCOPEDCONTENTCONDITIONS_SCOPEDCONTENT(SCOPED_CONTENT_ID)->SCOPEDCONTENT(ID)
193820 [main] DEBUG org.dbunit.util.search.Edge  - compareTo(o=SCOPEDCONTENTCONDITIONS_SCOPEDCONTENT(SCOPED_CONTENT_ID)->SCOPEDCONTENT(ID)) - start
193820 [main] DEBUG org.dbunit.util.QualifiedTableName  - getQualifiedNameIfEnabled(config=org.dbunit.database.DatabaseConfig[, _propertyMap={http://www.dbunit.org/properties/statementFactory=org.dbunit.database.statement.PreparedStatementFactory@626bc2b8, http://www.dbunit.org/features/caseSensitiveTableNames=false, http://www.dbunit.org/properties/fetchSize=100, http://www.dbunit.org/features/batchedStatements=false, http://www.dbunit.org/properties/metadataHandler=org.dbunit.database.DefaultMetadataHandler@3eeace42, http://www.dbunit.org/properties/datatypeFactory=org.dbunit.dataset.datatype.DefaultDataTypeFactory[_toleratedDeltaMap=org.dbunit.dataset.datatype.ToleratedDeltaMap@6452310a], http://www.dbunit.org/properties/escapePattern=null, http://www.dbunit.org/properties/batchSize=100, http://www.dbunit.org/features/qualifiedTableNames=false, http://www.dbunit.org/properties/tableType=[Ljava.lang.String;@5011bafa, http://www.dbunit.org/properties/resultSetTableFactory=org.dbunit.database.CachedResultSetTableFactory@10bcf083, http://www.dbunit.org/features/datatypeWarning=true}]) - start
193820 [main] TRACE org.dbunit.database.DatabaseConfig  - getFeature(name=http://www.dbunit.org/features/qualifiedTableNames) - start
193820 [main] TRACE org.dbunit.database.DatabaseConfig  - getProperty(name=http://www.dbunit.org/features/qualifiedTableNames) - start
193820 [main] DEBUG org.dbunit.util.QualifiedTableName  - Qualified table names feature is disabled. Returning plain table name
193820 [main] DEBUG org.dbunit.util.QualifiedTableName  - getQualifiedName(prefix=null, name=SCOPEDCONTENT, escapePattern=null) - start
193820 [main] DEBUG org.dbunit.util.QualifiedTableName  - getQualifiedNameIfEnabled(config=org.dbunit.database.DatabaseConfig[, _propertyMap={http://www.dbunit.org/properties/statementFactory=org.dbunit.database.statement.PreparedStatementFactory@626bc2b8, http://www.dbunit.org/features/caseSensitiveTableNames=false, http://www.dbunit.org/properties/fetchSize=100, http://www.dbunit.org/features/batchedStatements=false, http://www.dbunit.org/properties/metadataHandler=org.dbunit.database.DefaultMetadataHandler@3eeace42, http://www.dbunit.org/properties/datatypeFactory=org.dbunit.dataset.datatype.DefaultDataTypeFactory[_toleratedDeltaMap=org.dbunit.dataset.datatype.ToleratedDeltaMap@6452310a], http://www.dbunit.org/properties/escapePattern=null, http://www.dbunit.org/properties/batchSize=100, http://www.dbunit.org/features/qualifiedTableNames=false, http://www.dbunit.org/properties/tableType=[Ljava.lang.String;@5011bafa, http://www.dbunit.org/properties/resultSetTableFactory=org.dbunit.database.CachedResultSetTableFactory@10bcf083, http://www.dbunit.org/features/datatypeWarning=true}]) - start
193820 [main] TRACE org.dbunit.database.DatabaseConfig  - getFeature(name=http://www.dbunit.org/features/qualifiedTableNames) - start
193820 [main] TRACE org.dbunit.database.DatabaseConfig  - getProperty(name=http://www.dbunit.org/features/qualifiedTableNames) - start
193820 [main] DEBUG org.dbunit.util.QualifiedTableName  - Qualified table names feature is disabled. Returning plain table name
193820 [main] DEBUG org.dbunit.util.QualifiedTableName  - getQualifiedName(prefix=null, name=SCOPEDCONTENT_SCOPEDCONTENTITEM, escapePattern=null) - start
193820 [main] DEBUG org.dbunit.database.search.AbstractMetaDataBasedSearchCallback  - newEdge(rs=org.apache.commons.dbcp.DelegatingResultSet@4ab6ea53, type=1, from=SCOPEDCONTENT, to=SCOPEDCONTENT_SCOPEDCONTENTITEM, fkColumn=SCOPED_CONTENT_ITEM_ID, pkColumn=ID) - start
193820 [main] DEBUG org.dbunit.database.search.AbstractMetaDataBasedSearchCallback  - createFKEdge(rs=org.apache.commons.dbcp.DelegatingResultSet@4ab6ea53, type=1, from=SCOPEDCONTENT, to=SCOPEDCONTENT_SCOPEDCONTENTITEM, fkColumn=SCOPED_CONTENT_ITEM_ID, pkColumn=ID) - start
193820 [main] DEBUG org.dbunit.database.search.AbstractMetaDataBasedSearchCallback  - Adding edge SCOPEDCONTENT_SCOPEDCONTENTITEM(SCOPED_CONTENT_ITEM_ID)->SCOPEDCONTENT(ID)
193820 [main] DEBUG org.dbunit.util.search.Edge  - compareTo(o=SCOPEDCONTENTCONDITIONS_SCOPEDCONTENT(SCOPED_CONTENT_ID)->SCOPEDCONTENT(ID)) - start
193820 [main] DEBUG org.dbunit.util.SQLHelper  - close(resultSet=org.apache.commons.dbcp.DelegatingResultSet@4ab6ea53) - start
193820 [main] DEBUG org.dbunit.util.search.DepthFirstSearch  - reverseSearch:SCOPEDCONTENTCONDITIONS_SCOPEDCONTENT
193821 [main] DEBUG org.dbunit.database.search.ExportedKeysSearchCallback  - searchNode(node=SCOPEDCONTENTCONDITIONS_SCOPEDCONTENT) - start
193821 [main] DEBUG org.dbunit.util.search.DepthFirstSearch  - Pushing (reverse) SCOPEDCONTENTCONDITIONS_SCOPEDCONTENT
193821 [main] DEBUG org.dbunit.database.search.ExportedKeysSearchCallback  - getEdges(node=SCOPEDCONTENTCONDITIONS_SCOPEDCONTENT) - start
193821 [main] DEBUG org.dbunit.database.search.AbstractMetaDataBasedSearchCallback  - getNodesFromExportedKeys(node=SCOPEDCONTENTCONDITIONS_SCOPEDCONTENT) - start
193821 [main] DEBUG org.dbunit.database.search.AbstractMetaDataBasedSearchCallback  - getNodes(type=1, node=SCOPEDCONTENTCONDITIONS_SCOPEDCONTENT) - start
193821 [main] DEBUG org.dbunit.database.DatabaseDataSourceConnection  - getConnection() - start
193821 [main] DEBUG org.dbunit.database.search.AbstractMetaDataBasedSearchCallback  - getNodes(type=1, node=SCOPEDCONTENTCONDITIONS_SCOPEDCONTENT, conn=Transaction-aware proxy for target Connection [jdbc:hsqldb:mem:kontrollDS, UserName=sw, HSQL Database Engine Driver], schema=null, metaData=org.apache.commons.dbcp.DelegatingDatabaseMetaData@2ed21577, edges=[]) - start
193821 [main] DEBUG org.dbunit.database.search.AbstractMetaDataBasedSearchCallback  - Getting edges for node SCOPEDCONTENTCONDITIONS_SCOPEDCONTENT
193821 [main] TRACE org.dbunit.database.DatabaseConfig  - getProperty(name=http://www.dbunit.org/properties/metadataHandler) - start
193821 [main] TRACE org.dbunit.database.DefaultMetadataHandler  - tableExists(metaData=org.apache.commons.dbcp.DelegatingDatabaseMetaData@2ed21577, schemaName=null, tableName=SCOPEDCONTENTCONDITIONS_SCOPEDCONTENT) - start
193822 [main] DEBUG org.dbunit.util.SQLHelper  - close(resultSet=org.apache.commons.dbcp.DelegatingResultSet@1445ca81) - start
193823 [main] DEBUG org.dbunit.util.SQLHelper  - close(resultSet=org.apache.commons.dbcp.DelegatingResultSet@401584c5) - start
193823 [main] DEBUG org.dbunit.util.search.DepthFirstSearch  - reverseSearch:SCOPEDCONTENT_SCOPEDCONTENTITEM
193823 [main] DEBUG org.dbunit.database.search.ExportedKeysSearchCallback  - searchNode(node=SCOPEDCONTENT_SCOPEDCONTENTITEM) - start
193823 [main] DEBUG org.dbunit.util.search.DepthFirstSearch  - Pushing (reverse) SCOPEDCONTENT_SCOPEDCONTENTITEM
193823 [main] DEBUG org.dbunit.database.search.ExportedKeysSearchCallback  - getEdges(node=SCOPEDCONTENT_SCOPEDCONTENTITEM) - start
193823 [main] DEBUG org.dbunit.database.search.AbstractMetaDataBasedSearchCallback  - getNodesFromExportedKeys(node=SCOPEDCONTENT_SCOPEDCONTENTITEM) - start
193823 [main] DEBUG org.dbunit.database.search.AbstractMetaDataBasedSearchCallback  - getNodes(type=1, node=SCOPEDCONTENT_SCOPEDCONTENTITEM) - start
193823 [main] DEBUG org.dbunit.database.DatabaseDataSourceConnection  - getConnection() - start
193823 [main] DEBUG org.dbunit.database.search.AbstractMetaDataBasedSearchCallback  - getNodes(type=1, node=SCOPEDCONTENT_SCOPEDCONTENTITEM, conn=Transaction-aware proxy for target Connection [jdbc:hsqldb:mem:kontrollDS, UserName=sw, HSQL Database Engine Driver], schema=null, metaData=org.apache.commons.dbcp.DelegatingDatabaseMetaData@44bfc261, edges=[]) - start
193823 [main] DEBUG org.dbunit.database.search.AbstractMetaDataBasedSearchCallback  - Getting edges for node SCOPEDCONTENT_SCOPEDCONTENTITEM
193823 [main] TRACE org.dbunit.database.DatabaseConfig  - getProperty(name=http://www.dbunit.org/properties/metadataHandler) - start
193823 [main] TRACE org.dbunit.database.DefaultMetadataHandler  - tableExists(metaData=org.apache.commons.dbcp.DelegatingDatabaseMetaData@44bfc261, schemaName=null, tableName=SCOPEDCONTENT_SCOPEDCONTENTITEM) - start
193824 [main] DEBUG org.dbunit.util.SQLHelper  - close(resultSet=org.apache.commons.dbcp.DelegatingResultSet@40b0ffde) - start
193825 [main] DEBUG org.dbunit.util.SQLHelper  - close(resultSet=org.apache.commons.dbcp.DelegatingResultSet@4caf91af) - start
193825 [main] DEBUG org.dbunit.util.search.DepthFirstSearch  - reverseSearch:SCOPE_REQUESTCONTEXT
193825 [main] DEBUG org.dbunit.database.search.ExportedKeysSearchCallback  - searchNode(node=SCOPE_REQUESTCONTEXT) - start
193825 [main] DEBUG org.dbunit.util.search.DepthFirstSearch  - Pushing (reverse) SCOPE_REQUESTCONTEXT
193825 [main] DEBUG org.dbunit.database.search.ExportedKeysSearchCallback  - getEdges(node=SCOPE_REQUESTCONTEXT) - start
193825 [main] DEBUG org.dbunit.database.search.AbstractMetaDataBasedSearchCallback  - getNodesFromExportedKeys(node=SCOPE_REQUESTCONTEXT) - start
193825 [main] DEBUG org.dbunit.database.search.AbstractMetaDataBasedSearchCallback  - getNodes(type=1, node=SCOPE_REQUESTCONTEXT) - start
193825 [main] DEBUG org.dbunit.database.DatabaseDataSourceConnection  - getConnection() - start
193825 [main] DEBUG org.dbunit.database.search.AbstractMetaDataBasedSearchCallback  - getNodes(type=1, node=SCOPE_REQUESTCONTEXT, conn=Transaction-aware proxy for target Connection [jdbc:hsqldb:mem:kontrollDS, UserName=sw, HSQL Database Engine Driver], schema=null, metaData=org.apache.commons.dbcp.DelegatingDatabaseMetaData@1a859f7e, edges=[]) - start
193825 [main] DEBUG org.dbunit.database.search.AbstractMetaDataBasedSearchCallback  - Getting edges for node SCOPE_REQUESTCONTEXT
193825 [main] TRACE org.dbunit.database.DatabaseConfig  - getProperty(name=http://www.dbunit.org/properties/metadataHandler) - start
193825 [main] TRACE org.dbunit.database.DefaultMetadataHandler  - tableExists(metaData=org.apache.commons.dbcp.DelegatingDatabaseMetaData@1a859f7e, schemaName=null, tableName=SCOPE_REQUESTCONTEXT) - start
193827 [main] DEBUG org.dbunit.util.SQLHelper  - close(resultSet=org.apache.commons.dbcp.DelegatingResultSet@74bec92a) - start
193827 [main] DEBUG org.dbunit.util.SQLHelper  - close(resultSet=org.apache.commons.dbcp.DelegatingResultSet@79a62269) - start
193827 [main] DEBUG org.dbunit.util.search.DepthFirstSearch  - search:SCOPEDCONTENTCONDITIONS_SCOPEDCONTENT
193827 [main] DEBUG org.dbunit.database.search.ExportedKeysSearchCallback  - searchNode(node=SCOPEDCONTENTCONDITIONS_SCOPEDCONTENT) - start
193827 [main] DEBUG org.dbunit.util.search.DepthFirstSearch  - Pushing SCOPEDCONTENTCONDITIONS_SCOPEDCONTENT
193827 [main] DEBUG org.dbunit.database.search.ExportedKeysSearchCallback  - getEdges(node=SCOPEDCONTENTCONDITIONS_SCOPEDCONTENT) - start
193827 [main] DEBUG org.dbunit.database.search.AbstractMetaDataBasedSearchCallback  - getNodesFromExportedKeys(node=SCOPEDCONTENTCONDITIONS_SCOPEDCONTENT) - start
193827 [main] DEBUG org.dbunit.database.search.AbstractMetaDataBasedSearchCallback  - getNodes(type=1, node=SCOPEDCONTENTCONDITIONS_SCOPEDCONTENT) - start
193827 [main] DEBUG org.dbunit.database.DatabaseDataSourceConnection  - getConnection() - start
193827 [main] DEBUG org.dbunit.database.search.AbstractMetaDataBasedSearchCallback  - getNodes(type=1, node=SCOPEDCONTENTCONDITIONS_SCOPEDCONTENT, conn=Transaction-aware proxy for target Connection [jdbc:hsqldb:mem:kontrollDS, UserName=sw, HSQL Database Engine Driver], schema=null, metaData=org.apache.commons.dbcp.DelegatingDatabaseMetaData@a1d59e4, edges=[]) - start
193827 [main] DEBUG org.dbunit.database.search.AbstractMetaDataBasedSearchCallback  - Getting edges for node SCOPEDCONTENTCONDITIONS_SCOPEDCONTENT
193827 [main] TRACE org.dbunit.database.DatabaseConfig  - getProperty(name=http://www.dbunit.org/properties/metadataHandler) - start
193827 [main] TRACE org.dbunit.database.DefaultMetadataHandler  - tableExists(metaData=org.apache.commons.dbcp.DelegatingDatabaseMetaData@a1d59e4, schemaName=null, tableName=SCOPEDCONTENTCONDITIONS_SCOPEDCONTENT) - start
193828 [main] DEBUG org.dbunit.util.SQLHelper  - close(resultSet=org.apache.commons.dbcp.DelegatingResultSet@11ebe09b) - start
193829 [main] DEBUG org.dbunit.util.SQLHelper  - close(resultSet=org.apache.commons.dbcp.DelegatingResultSet@43df0a9a) - start
193829 [main] DEBUG org.dbunit.util.search.DepthFirstSearch  - Adding node SCOPEDCONTENTCONDITIONS_SCOPEDCONTENT to the final result
193829 [main] DEBUG org.dbunit.util.search.DepthFirstSearch  - search:SCOPEDCONTENT_SCOPEDCONTENTITEM
193829 [main] DEBUG org.dbunit.database.search.ExportedKeysSearchCallback  - searchNode(node=SCOPEDCONTENT_SCOPEDCONTENTITEM) - start
193829 [main] DEBUG org.dbunit.util.search.DepthFirstSearch  - Pushing SCOPEDCONTENT_SCOPEDCONTENTITEM
193829 [main] DEBUG org.dbunit.database.search.ExportedKeysSearchCallback  - getEdges(node=SCOPEDCONTENT_SCOPEDCONTENTITEM) - start
193829 [main] DEBUG org.dbunit.database.search.AbstractMetaDataBasedSearchCallback  - getNodesFromExportedKeys(node=SCOPEDCONTENT_SCOPEDCONTENTITEM) - start
193829 [main] DEBUG org.dbunit.database.search.AbstractMetaDataBasedSearchCallback  - getNodes(type=1, node=SCOPEDCONTENT_SCOPEDCONTENTITEM) - start
193829 [main] DEBUG org.dbunit.database.DatabaseDataSourceConnection  - getConnection() - start
193829 [main] DEBUG org.dbunit.database.search.AbstractMetaDataBasedSearchCallback  - getNodes(type=1, node=SCOPEDCONTENT_SCOPEDCONTENTITEM, conn=Transaction-aware proxy for target Connection [jdbc:hsqldb:mem:kontrollDS, UserName=sw, HSQL Database Engine Driver], schema=null, metaData=org.apache.commons.dbcp.DelegatingDatabaseMetaData@68312745, edges=[]) - start
193829 [main] DEBUG org.dbunit.database.search.AbstractMetaDataBasedSearchCallback  - Getting edges for node SCOPEDCONTENT_SCOPEDCONTENTITEM
193829 [main] TRACE org.dbunit.database.DatabaseConfig  - getProperty(name=http://www.dbunit.org/properties/metadataHandler) - start
193829 [main] TRACE org.dbunit.database.DefaultMetadataHandler  - tableExists(metaData=org.apache.commons.dbcp.DelegatingDatabaseMetaData@68312745, schemaName=null, tableName=SCOPEDCONTENT_SCOPEDCONTENTITEM) - start
193830 [main] DEBUG org.dbunit.util.SQLHelper  - close(resultSet=org.apache.commons.dbcp.DelegatingResultSet@6a8e2105) - start
193830 [main] DEBUG org.dbunit.util.SQLHelper  - close(resultSet=org.apache.commons.dbcp.DelegatingResultSet@7b7a5285) - start
193830 [main] DEBUG org.dbunit.util.search.DepthFirstSearch  - Adding node SCOPEDCONTENT_SCOPEDCONTENTITEM to the final result
193830 [main] DEBUG org.dbunit.util.search.DepthFirstSearch  - search:SCOPEDCONTENT
193830 [main] DEBUG org.dbunit.database.search.ExportedKeysSearchCallback  - searchNode(node=SCOPEDCONTENT) - start
193830 [main] DEBUG org.dbunit.util.search.DepthFirstSearch  - Pushing SCOPEDCONTENT
193830 [main] DEBUG org.dbunit.database.search.ExportedKeysSearchCallback  - getEdges(node=SCOPEDCONTENT) - start
193831 [main] DEBUG org.dbunit.database.search.AbstractMetaDataBasedSearchCallback  - getNodesFromExportedKeys(node=SCOPEDCONTENT) - start
193831 [main] DEBUG org.dbunit.database.search.AbstractMetaDataBasedSearchCallback  - getNodes(type=1, node=SCOPEDCONTENT) - start
193831 [main] DEBUG org.dbunit.database.DatabaseDataSourceConnection  - getConnection() - start
193831 [main] DEBUG org.dbunit.database.search.AbstractMetaDataBasedSearchCallback  - getNodes(type=1, node=SCOPEDCONTENT, conn=Transaction-aware proxy for target Connection [jdbc:hsqldb:mem:kontrollDS, UserName=sw, HSQL Database Engine Driver], schema=null, metaData=org.apache.commons.dbcp.DelegatingDatabaseMetaData@1bbfd918, edges=[]) - start
193831 [main] DEBUG org.dbunit.database.search.AbstractMetaDataBasedSearchCallback  - Getting edges for node SCOPEDCONTENT
193831 [main] TRACE org.dbunit.database.DatabaseConfig  - getProperty(name=http://www.dbunit.org/properties/metadataHandler) - start
193831 [main] TRACE org.dbunit.database.DefaultMetadataHandler  - tableExists(metaData=org.apache.commons.dbcp.DelegatingDatabaseMetaData@1bbfd918, schemaName=null, tableName=SCOPEDCONTENT) - start
193832 [main] DEBUG org.dbunit.util.SQLHelper  - close(resultSet=org.apache.commons.dbcp.DelegatingResultSet@14813c41) - start
193832 [main] DEBUG org.dbunit.util.QualifiedTableName  - getQualifiedNameIfEnabled(config=org.dbunit.database.DatabaseConfig[, _propertyMap={http://www.dbunit.org/properties/statementFactory=org.dbunit.database.statement.PreparedStatementFactory@626bc2b8, http://www.dbunit.org/features/caseSensitiveTableNames=false, http://www.dbunit.org/properties/fetchSize=100, http://www.dbunit.org/features/batchedStatements=false, http://www.dbunit.org/properties/metadataHandler=org.dbunit.database.DefaultMetadataHandler@3eeace42, http://www.dbunit.org/properties/datatypeFactory=org.dbunit.dataset.datatype.DefaultDataTypeFactory[_toleratedDeltaMap=org.dbunit.dataset.datatype.ToleratedDeltaMap@6452310a], http://www.dbunit.org/properties/escapePattern=null, http://www.dbunit.org/properties/batchSize=100, http://www.dbunit.org/features/qualifiedTableNames=false, http://www.dbunit.org/properties/tableType=[Ljava.lang.String;@5011bafa, http://www.dbunit.org/properties/resultSetTableFactory=org.dbunit.database.CachedResultSetTableFactory@10bcf083, http://www.dbunit.org/features/datatypeWarning=true}]) - start
193832 [main] TRACE org.dbunit.database.DatabaseConfig  - getFeature(name=http://www.dbunit.org/features/qualifiedTableNames) - start
193832 [main] TRACE org.dbunit.database.DatabaseConfig  - getProperty(name=http://www.dbunit.org/features/qualifiedTableNames) - start
193832 [main] DEBUG org.dbunit.util.QualifiedTableName  - Qualified table names feature is disabled. Returning plain table name
193832 [main] DEBUG org.dbunit.util.QualifiedTableName  - getQualifiedName(prefix=null, name=SCOPEDCONTENT, escapePattern=null) - start
193832 [main] DEBUG org.dbunit.util.QualifiedTableName  - getQualifiedNameIfEnabled(config=org.dbunit.database.DatabaseConfig[, _propertyMap={http://www.dbunit.org/properties/statementFactory=org.dbunit.database.statement.PreparedStatementFactory@626bc2b8, http://www.dbunit.org/features/caseSensitiveTableNames=false, http://www.dbunit.org/properties/fetchSize=100, http://www.dbunit.org/features/batchedStatements=false, http://www.dbunit.org/properties/metadataHandler=org.dbunit.database.DefaultMetadataHandler@3eeace42, http://www.dbunit.org/properties/datatypeFactory=org.dbunit.dataset.datatype.DefaultDataTypeFactory[_toleratedDeltaMap=org.dbunit.dataset.datatype.ToleratedDeltaMap@6452310a], http://www.dbunit.org/properties/escapePattern=null, http://www.dbunit.org/properties/batchSize=100, http://www.dbunit.org/features/qualifiedTableNames=false, http://www.dbunit.org/properties/tableType=[Ljava.lang.String;@5011bafa, http://www.dbunit.org/properties/resultSetTableFactory=org.dbunit.database.CachedResultSetTableFactory@10bcf083, http://www.dbunit.org/features/datatypeWarning=true}]) - start
193832 [main] TRACE org.dbunit.database.DatabaseConfig  - getFeature(name=http://www.dbunit.org/features/qualifiedTableNames) - start
193832 [main] TRACE org.dbunit.database.DatabaseConfig  - getProperty(name=http://www.dbunit.org/features/qualifiedTableNames) - start
193832 [main] DEBUG org.dbunit.util.QualifiedTableName  - Qualified table names feature is disabled. Returning plain table name
193832 [main] DEBUG org.dbunit.util.QualifiedTableName  - getQualifiedName(prefix=null, name=SCOPEDCONTENTCONDITIONS_SCOPEDCONTENT, escapePattern=null) - start
193832 [main] DEBUG org.dbunit.database.search.AbstractMetaDataBasedSearchCallback  - newEdge(rs=org.apache.commons.dbcp.DelegatingResultSet@658ec3b, type=1, from=SCOPEDCONTENT, to=SCOPEDCONTENTCONDITIONS_SCOPEDCONTENT, fkColumn=SCOPED_CONTENT_ID, pkColumn=ID) - start
193832 [main] DEBUG org.dbunit.database.search.AbstractMetaDataBasedSearchCallback  - createFKEdge(rs=org.apache.commons.dbcp.DelegatingResultSet@658ec3b, type=1, from=SCOPEDCONTENT, to=SCOPEDCONTENTCONDITIONS_SCOPEDCONTENT, fkColumn=SCOPED_CONTENT_ID, pkColumn=ID) - start
193832 [main] DEBUG org.dbunit.database.search.AbstractMetaDataBasedSearchCallback  - Adding edge SCOPEDCONTENTCONDITIONS_SCOPEDCONTENT(SCOPED_CONTENT_ID)->SCOPEDCONTENT(ID)
193832 [main] DEBUG org.dbunit.util.search.Edge  - compareTo(o=SCOPEDCONTENTCONDITIONS_SCOPEDCONTENT(SCOPED_CONTENT_ID)->SCOPEDCONTENT(ID)) - start
193833 [main] DEBUG org.dbunit.util.QualifiedTableName  - getQualifiedNameIfEnabled(config=org.dbunit.database.DatabaseConfig[, _propertyMap={http://www.dbunit.org/properties/statementFactory=org.dbunit.database.statement.PreparedStatementFactory@626bc2b8, http://www.dbunit.org/features/caseSensitiveTableNames=false, http://www.dbunit.org/properties/fetchSize=100, http://www.dbunit.org/features/batchedStatements=false, http://www.dbunit.org/properties/metadataHandler=org.dbunit.database.DefaultMetadataHandler@3eeace42, http://www.dbunit.org/properties/datatypeFactory=org.dbunit.dataset.datatype.DefaultDataTypeFactory[_toleratedDeltaMap=org.dbunit.dataset.datatype.ToleratedDeltaMap@6452310a], http://www.dbunit.org/properties/escapePattern=null, http://www.dbunit.org/properties/batchSize=100, http://www.dbunit.org/features/qualifiedTableNames=false, http://www.dbunit.org/properties/tableType=[Ljava.lang.String;@5011bafa, http://www.dbunit.org/properties/resultSetTableFactory=org.dbunit.database.CachedResultSetTableFactory@10bcf083, http://www.dbunit.org/features/datatypeWarning=true}]) - start
193833 [main] TRACE org.dbunit.database.DatabaseConfig  - getFeature(name=http://www.dbunit.org/features/qualifiedTableNames) - start
193833 [main] TRACE org.dbunit.database.DatabaseConfig  - getProperty(name=http://www.dbunit.org/features/qualifiedTableNames) - start
193833 [main] DEBUG org.dbunit.util.QualifiedTableName  - Qualified table names feature is disabled. Returning plain table name
193833 [main] DEBUG org.dbunit.util.QualifiedTableName  - getQualifiedName(prefix=null, name=SCOPEDCONTENT, escapePattern=null) - start
193833 [main] DEBUG org.dbunit.util.QualifiedTableName  - getQualifiedNameIfEnabled(config=org.dbunit.database.DatabaseConfig[, _propertyMap={http://www.dbunit.org/properties/statementFactory=org.dbunit.database.statement.PreparedStatementFactory@626bc2b8, http://www.dbunit.org/features/caseSensitiveTableNames=false, http://www.dbunit.org/properties/fetchSize=100, http://www.dbunit.org/features/batchedStatements=false, http://www.dbunit.org/properties/metadataHandler=org.dbunit.database.DefaultMetadataHandler@3eeace42, http://www.dbunit.org/properties/datatypeFactory=org.dbunit.dataset.datatype.DefaultDataTypeFactory[_toleratedDeltaMap=org.dbunit.dataset.datatype.ToleratedDeltaMap@6452310a], http://www.dbunit.org/properties/escapePattern=null, http://www.dbunit.org/properties/batchSize=100, http://www.dbunit.org/features/qualifiedTableNames=false, http://www.dbunit.org/properties/tableType=[Ljava.lang.String;@5011bafa, http://www.dbunit.org/properties/resultSetTableFactory=org.dbunit.database.CachedResultSetTableFactory@10bcf083, http://www.dbunit.org/features/datatypeWarning=true}]) - start
193833 [main] TRACE org.dbunit.database.DatabaseConfig  - getFeature(name=http://www.dbunit.org/features/qualifiedTableNames) - start
193833 [main] TRACE org.dbunit.database.DatabaseConfig  - getProperty(name=http://www.dbunit.org/features/qualifiedTableNames) - start
193833 [main] DEBUG org.dbunit.util.QualifiedTableName  - Qualified table names feature is disabled. Returning plain table name
193833 [main] DEBUG org.dbunit.util.QualifiedTableName  - getQualifiedName(prefix=null, name=SCOPEDCONTENT_SCOPEDCONTENTITEM, escapePattern=null) - start
193833 [main] DEBUG org.dbunit.database.search.AbstractMetaDataBasedSearchCallback  - newEdge(rs=org.apache.commons.dbcp.DelegatingResultSet@658ec3b, type=1, from=SCOPEDCONTENT, to=SCOPEDCONTENT_SCOPEDCONTENTITEM, fkColumn=SCOPED_CONTENT_ITEM_ID, pkColumn=ID) - start
193833 [main] DEBUG org.dbunit.database.search.AbstractMetaDataBasedSearchCallback  - createFKEdge(rs=org.apache.commons.dbcp.DelegatingResultSet@658ec3b, type=1, from=SCOPEDCONTENT, to=SCOPEDCONTENT_SCOPEDCONTENTITEM, fkColumn=SCOPED_CONTENT_ITEM_ID, pkColumn=ID) - start
193833 [main] DEBUG org.dbunit.database.search.AbstractMetaDataBasedSearchCallback  - Adding edge SCOPEDCONTENT_SCOPEDCONTENTITEM(SCOPED_CONTENT_ITEM_ID)->SCOPEDCONTENT(ID)
193833 [main] DEBUG org.dbunit.util.search.Edge  - compareTo(o=SCOPEDCONTENTCONDITIONS_SCOPEDCONTENT(SCOPED_CONTENT_ID)->SCOPEDCONTENT(ID)) - start
193833 [main] DEBUG org.dbunit.util.SQLHelper  - close(resultSet=org.apache.commons.dbcp.DelegatingResultSet@658ec3b) - start
193833 [main] DEBUG org.dbunit.util.search.DepthFirstSearch  - search:SCOPEDCONTENT
193833 [main] DEBUG org.dbunit.util.search.DepthFirstSearch  - already searched; returning true
193833 [main] DEBUG org.dbunit.util.search.DepthFirstSearch  - search:SCOPEDCONTENT
193833 [main] DEBUG org.dbunit.util.search.DepthFirstSearch  - already searched; returning true
193833 [main] DEBUG org.dbunit.util.search.DepthFirstSearch  - Adding node SCOPEDCONTENT to the final result
193833 [main] DEBUG org.dbunit.util.search.DepthFirstSearch  - search:SCOPE_REQUESTCONTEXT
193833 [main] DEBUG org.dbunit.database.search.ExportedKeysSearchCallback  - searchNode(node=SCOPE_REQUESTCONTEXT) - start
193833 [main] DEBUG org.dbunit.util.search.DepthFirstSearch  - Pushing SCOPE_REQUESTCONTEXT
193833 [main] DEBUG org.dbunit.database.search.ExportedKeysSearchCallback  - getEdges(node=SCOPE_REQUESTCONTEXT) - start
193833 [main] DEBUG org.dbunit.database.search.AbstractMetaDataBasedSearchCallback  - getNodesFromExportedKeys(node=SCOPE_REQUESTCONTEXT) - start
193833 [main] DEBUG org.dbunit.database.search.AbstractMetaDataBasedSearchCallback  - getNodes(type=1, node=SCOPE_REQUESTCONTEXT) - start
193833 [main] DEBUG org.dbunit.database.DatabaseDataSourceConnection  - getConnection() - start
193834 [main] DEBUG org.dbunit.database.search.AbstractMetaDataBasedSearchCallback  - getNodes(type=1, node=SCOPE_REQUESTCONTEXT, conn=Transaction-aware proxy for target Connection [jdbc:hsqldb:mem:kontrollDS, UserName=sw, HSQL Database Engine Driver], schema=null, metaData=org.apache.commons.dbcp.DelegatingDatabaseMetaData@37fd18be, edges=[]) - start
193834 [main] DEBUG org.dbunit.database.search.AbstractMetaDataBasedSearchCallback  - Getting edges for node SCOPE_REQUESTCONTEXT
193834 [main] TRACE org.dbunit.database.DatabaseConfig  - getProperty(name=http://www.dbunit.org/properties/metadataHandler) - start
193834 [main] TRACE org.dbunit.database.DefaultMetadataHandler  - tableExists(metaData=org.apache.commons.dbcp.DelegatingDatabaseMetaData@37fd18be, schemaName=null, tableName=SCOPE_REQUESTCONTEXT) - start
193835 [main] DEBUG org.dbunit.util.SQLHelper  - close(resultSet=org.apache.commons.dbcp.DelegatingResultSet@2310aee3) - start
193835 [main] DEBUG org.dbunit.util.SQLHelper  - close(resultSet=org.apache.commons.dbcp.DelegatingResultSet@30b2d799) - start
193835 [main] DEBUG org.dbunit.util.search.DepthFirstSearch  - Adding node SCOPE_REQUESTCONTEXT to the final result
193835 [main] DEBUG org.dbunit.util.search.DepthFirstSearch  - search:SCOPE
193835 [main] DEBUG org.dbunit.database.search.ExportedKeysSearchCallback  - searchNode(node=SCOPE) - start
193835 [main] DEBUG org.dbunit.util.search.DepthFirstSearch  - Pushing SCOPE
193835 [main] DEBUG org.dbunit.database.search.ExportedKeysSearchCallback  - getEdges(node=SCOPE) - start
193835 [main] DEBUG org.dbunit.database.search.AbstractMetaDataBasedSearchCallback  - getNodesFromExportedKeys(node=SCOPE) - start
193835 [main] DEBUG org.dbunit.database.search.AbstractMetaDataBasedSearchCallback  - getNodes(type=1, node=SCOPE) - start
193835 [main] DEBUG org.dbunit.database.DatabaseDataSourceConnection  - getConnection() - start
193835 [main] DEBUG org.dbunit.database.search.AbstractMetaDataBasedSearchCallback  - getNodes(type=1, node=SCOPE, conn=Transaction-aware proxy for target Connection [jdbc:hsqldb:mem:kontrollDS, UserName=sw, HSQL Database Engine Driver], schema=null, metaData=org.apache.commons.dbcp.DelegatingDatabaseMetaData@2d6896c9, edges=[]) - start
193835 [main] DEBUG org.dbunit.database.search.AbstractMetaDataBasedSearchCallback  - Getting edges for node SCOPE
193835 [main] TRACE org.dbunit.database.DatabaseConfig  - getProperty(name=http://www.dbunit.org/properties/metadataHandler) - start
193835 [main] TRACE org.dbunit.database.DefaultMetadataHandler  - tableExists(metaData=org.apache.commons.dbcp.DelegatingDatabaseMetaData@2d6896c9, schemaName=null, tableName=SCOPE) - start
193836 [main] DEBUG org.dbunit.util.SQLHelper  - close(resultSet=org.apache.commons.dbcp.DelegatingResultSet@139e8fd7) - start
193837 [main] DEBUG org.dbunit.util.QualifiedTableName  - getQualifiedNameIfEnabled(config=org.dbunit.database.DatabaseConfig[, _propertyMap={http://www.dbunit.org/properties/statementFactory=org.dbunit.database.statement.PreparedStatementFactory@626bc2b8, http://www.dbunit.org/features/caseSensitiveTableNames=false, http://www.dbunit.org/properties/fetchSize=100, http://www.dbunit.org/features/batchedStatements=false, http://www.dbunit.org/properties/metadataHandler=org.dbunit.database.DefaultMetadataHandler@3eeace42, http://www.dbunit.org/properties/datatypeFactory=org.dbunit.dataset.datatype.DefaultDataTypeFactory[_toleratedDeltaMap=org.dbunit.dataset.datatype.ToleratedDeltaMap@6452310a], http://www.dbunit.org/properties/escapePattern=null, http://www.dbunit.org/properties/batchSize=100, http://www.dbunit.org/features/qualifiedTableNames=false, http://www.dbunit.org/properties/tableType=[Ljava.lang.String;@5011bafa, http://www.dbunit.org/properties/resultSetTableFactory=org.dbunit.database.CachedResultSetTableFactory@10bcf083, http://www.dbunit.org/features/datatypeWarning=true}]) - start
193837 [main] TRACE org.dbunit.database.DatabaseConfig  - getFeature(name=http://www.dbunit.org/features/qualifiedTableNames) - start
193837 [main] TRACE org.dbunit.database.DatabaseConfig  - getProperty(name=http://www.dbunit.org/features/qualifiedTableNames) - start
193837 [main] DEBUG org.dbunit.util.QualifiedTableName  - Qualified table names feature is disabled. Returning plain table name
193837 [main] DEBUG org.dbunit.util.QualifiedTableName  - getQualifiedName(prefix=null, name=SCOPE, escapePattern=null) - start
193837 [main] DEBUG org.dbunit.util.QualifiedTableName  - getQualifiedNameIfEnabled(config=org.dbunit.database.DatabaseConfig[, _propertyMap={http://www.dbunit.org/properties/statementFactory=org.dbunit.database.statement.PreparedStatementFactory@626bc2b8, http://www.dbunit.org/features/caseSensitiveTableNames=false, http://www.dbunit.org/properties/fetchSize=100, http://www.dbunit.org/features/batchedStatements=false, http://www.dbunit.org/properties/metadataHandler=org.dbunit.database.DefaultMetadataHandler@3eeace42, http://www.dbunit.org/properties/datatypeFactory=org.dbunit.dataset.datatype.DefaultDataTypeFactory[_toleratedDeltaMap=org.dbunit.dataset.datatype.ToleratedDeltaMap@6452310a], http://www.dbunit.org/properties/escapePattern=null, http://www.dbunit.org/properties/batchSize=100, http://www.dbunit.org/features/qualifiedTableNames=false, http://www.dbunit.org/properties/tableType=[Ljava.lang.String;@5011bafa, http://www.dbunit.org/properties/resultSetTableFactory=org.dbunit.database.CachedResultSetTableFactory@10bcf083, http://www.dbunit.org/features/datatypeWarning=true}]) - start
193837 [main] TRACE org.dbunit.database.DatabaseConfig  - getFeature(name=http://www.dbunit.org/features/qualifiedTableNames) - start
193837 [main] TRACE org.dbunit.database.DatabaseConfig  - getProperty(name=http://www.dbunit.org/features/qualifiedTableNames) - start
193837 [main] DEBUG org.dbunit.util.QualifiedTableName  - Qualified table names feature is disabled. Returning plain table name
193837 [main] DEBUG org.dbunit.util.QualifiedTableName  - getQualifiedName(prefix=null, name=SCOPE_REQUESTCONTEXT, escapePattern=null) - start
193837 [main] DEBUG org.dbunit.database.search.AbstractMetaDataBasedSearchCallback  - newEdge(rs=org.apache.commons.dbcp.DelegatingResultSet@152ac783, type=1, from=SCOPE, to=SCOPE_REQUESTCONTEXT, fkColumn=SCOPE_ID, pkColumn=ID) - start
193837 [main] DEBUG org.dbunit.database.search.AbstractMetaDataBasedSearchCallback  - createFKEdge(rs=org.apache.commons.dbcp.DelegatingResultSet@152ac783, type=1, from=SCOPE, to=SCOPE_REQUESTCONTEXT, fkColumn=SCOPE_ID, pkColumn=ID) - start
193837 [main] DEBUG org.dbunit.database.search.AbstractMetaDataBasedSearchCallback  - Adding edge SCOPE_REQUESTCONTEXT(SCOPE_ID)->SCOPE(ID)
193837 [main] DEBUG org.dbunit.util.search.Edge  - compareTo(o=SCOPE_REQUESTCONTEXT(SCOPE_ID)->SCOPE(ID)) - start
193837 [main] DEBUG org.dbunit.util.QualifiedTableName  - getQualifiedNameIfEnabled(config=org.dbunit.database.DatabaseConfig[, _propertyMap={http://www.dbunit.org/properties/statementFactory=org.dbunit.database.statement.PreparedStatementFactory@626bc2b8, http://www.dbunit.org/features/caseSensitiveTableNames=false, http://www.dbunit.org/properties/fetchSize=100, http://www.dbunit.org/features/batchedStatements=false, http://www.dbunit.org/properties/metadataHandler=org.dbunit.database.DefaultMetadataHandler@3eeace42, http://www.dbunit.org/properties/datatypeFactory=org.dbunit.dataset.datatype.DefaultDataTypeFactory[_toleratedDeltaMap=org.dbunit.dataset.datatype.ToleratedDeltaMap@6452310a], http://www.dbunit.org/properties/escapePattern=null, http://www.dbunit.org/properties/batchSize=100, http://www.dbunit.org/features/qualifiedTableNames=false, http://www.dbunit.org/properties/tableType=[Ljava.lang.String;@5011bafa, http://www.dbunit.org/properties/resultSetTableFactory=org.dbunit.database.CachedResultSetTableFactory@10bcf083, http://www.dbunit.org/features/datatypeWarning=true}]) - start
193837 [main] TRACE org.dbunit.database.DatabaseConfig  - getFeature(name=http://www.dbunit.org/features/qualifiedTableNames) - start
193837 [main] TRACE org.dbunit.database.DatabaseConfig  - getProperty(name=http://www.dbunit.org/features/qualifiedTableNames) - start
193837 [main] DEBUG org.dbunit.util.QualifiedTableName  - Qualified table names feature is disabled. Returning plain table name
193838 [main] DEBUG org.dbunit.util.QualifiedTableName  - getQualifiedName(prefix=null, name=SCOPE, escapePattern=null) - start
193838 [main] DEBUG org.dbunit.util.QualifiedTableName  - getQualifiedNameIfEnabled(config=org.dbunit.database.DatabaseConfig[, _propertyMap={http://www.dbunit.org/properties/statementFactory=org.dbunit.database.statement.PreparedStatementFactory@626bc2b8, http://www.dbunit.org/features/caseSensitiveTableNames=false, http://www.dbunit.org/properties/fetchSize=100, http://www.dbunit.org/features/batchedStatements=false, http://www.dbunit.org/properties/metadataHandler=org.dbunit.database.DefaultMetadataHandler@3eeace42, http://www.dbunit.org/properties/datatypeFactory=org.dbunit.dataset.datatype.DefaultDataTypeFactory[_toleratedDeltaMap=org.dbunit.dataset.datatype.ToleratedDeltaMap@6452310a], http://www.dbunit.org/properties/escapePattern=null, http://www.dbunit.org/properties/batchSize=100, http://www.dbunit.org/features/qualifiedTableNames=false, http://www.dbunit.org/properties/tableType=[Ljava.lang.String;@5011bafa, http://www.dbunit.org/properties/resultSetTableFactory=org.dbunit.database.CachedResultSetTableFactory@10bcf083, http://www.dbunit.org/features/datatypeWarning=true}]) - start
193838 [main] TRACE org.dbunit.database.DatabaseConfig  - getFeature(name=http://www.dbunit.org/features/qualifiedTableNames) - start
193838 [main] TRACE org.dbunit.database.DatabaseConfig  - getProperty(name=http://www.dbunit.org/features/qualifiedTableNames) - start
193838 [main] DEBUG org.dbunit.util.QualifiedTableName  - Qualified table names feature is disabled. Returning plain table name
193838 [main] DEBUG org.dbunit.util.QualifiedTableName  - getQualifiedName(prefix=null, name=SCOPEDCONTENT, escapePattern=null) - start
193838 [main] DEBUG org.dbunit.database.search.AbstractMetaDataBasedSearchCallback  - newEdge(rs=org.apache.commons.dbcp.DelegatingResultSet@152ac783, type=1, from=SCOPE, to=SCOPEDCONTENT, fkColumn=SCOPE, pkColumn=ID) - start
193838 [main] DEBUG org.dbunit.database.search.AbstractMetaDataBasedSearchCallback  - createFKEdge(rs=org.apache.commons.dbcp.DelegatingResultSet@152ac783, type=1, from=SCOPE, to=SCOPEDCONTENT, fkColumn=SCOPE, pkColumn=ID) - start
193838 [main] DEBUG org.dbunit.database.search.AbstractMetaDataBasedSearchCallback  - Adding edge SCOPEDCONTENT(SCOPE)->SCOPE(ID)
193838 [main] DEBUG org.dbunit.util.search.Edge  - compareTo(o=SCOPE_REQUESTCONTEXT(SCOPE_ID)->SCOPE(ID)) - start
193838 [main] DEBUG org.dbunit.util.SQLHelper  - close(resultSet=org.apache.commons.dbcp.DelegatingResultSet@152ac783) - start
193838 [main] DEBUG org.dbunit.util.search.DepthFirstSearch  - search:SCOPE
193838 [main] DEBUG org.dbunit.util.search.DepthFirstSearch  - already searched; returning true
193838 [main] DEBUG org.dbunit.util.search.DepthFirstSearch  - search:SCOPE
193838 [main] DEBUG org.dbunit.util.search.DepthFirstSearch  - already searched; returning true
193838 [main] DEBUG org.dbunit.util.search.DepthFirstSearch  - Adding node SCOPE to the final result
193838 [main] DEBUG org.dbunit.util.CollectionsHelper  - setToStrings(set=[SCOPEDCONTENTCONDITIONS_SCOPEDCONTENT, SCOPEDCONTENT_SCOPEDCONTENTITEM, SCOPEDCONTENT, SCOPE_REQUESTCONTEXT, SCOPE]) - start
193838 [main] DEBUG org.dbunit.database.search.TablesDependencyHelper  - getDirectDependsOnTables(connection=_databaseConfig=org.dbunit.database.DatabaseConfig[, _propertyMap={http://www.dbunit.org/properties/statementFactory=org.dbunit.database.statement.PreparedStatementFactory@626bc2b8, http://www.dbunit.org/features/caseSensitiveTableNames=false, http://www.dbunit.org/properties/fetchSize=100, http://www.dbunit.org/features/batchedStatements=false, http://www.dbunit.org/properties/metadataHandler=org.dbunit.database.DefaultMetadataHandler@3eeace42, http://www.dbunit.org/properties/datatypeFactory=org.dbunit.dataset.datatype.DefaultDataTypeFactory[_toleratedDeltaMap=org.dbunit.dataset.datatype.ToleratedDeltaMap@6452310a], http://www.dbunit.org/properties/escapePattern=null, http://www.dbunit.org/properties/batchSize=100, http://www.dbunit.org/features/qualifiedTableNames=false, http://www.dbunit.org/properties/tableType=[Ljava.lang.String;@5011bafa, http://www.dbunit.org/properties/resultSetTableFactory=org.dbunit.database.CachedResultSetTableFactory@10bcf083, http://www.dbunit.org/features/datatypeWarning=true}], _dataSet=AbstractDataSet[_orderedTableNameMap=null], tableName=SCOPE) - start
193838 [main] DEBUG org.dbunit.util.search.DepthFirstSearch  - search(nodesFrom=[SCOPE], callback=org.dbunit.database.search.ExportedKeysSearchCallback@18c44688) - start
193838 [main] DEBUG org.dbunit.util.CollectionsHelper  - objectsToSet(objects=SCOPE) - start
193838 [main] DEBUG org.dbunit.util.search.DepthFirstSearch  - search(nodesFrom=[SCOPE], callback=org.dbunit.database.search.ExportedKeysSearchCallback@18c44688) - start
193838 [main] DEBUG org.dbunit.util.search.DepthFirstSearch  - reverseSearch:SCOPE
193838 [main] DEBUG org.dbunit.database.search.ExportedKeysSearchCallback  - searchNode(node=SCOPE) - start
193838 [main] DEBUG org.dbunit.util.search.DepthFirstSearch  - Pushing (reverse) SCOPE
193839 [main] DEBUG org.dbunit.database.search.ExportedKeysSearchCallback  - getEdges(node=SCOPE) - start
193839 [main] DEBUG org.dbunit.database.search.AbstractMetaDataBasedSearchCallback  - getNodesFromExportedKeys(node=SCOPE) - start
193839 [main] DEBUG org.dbunit.database.search.AbstractMetaDataBasedSearchCallback  - getNodes(type=1, node=SCOPE) - start
193839 [main] DEBUG org.dbunit.database.DatabaseDataSourceConnection  - getConnection() - start
193839 [main] DEBUG org.dbunit.database.search.AbstractMetaDataBasedSearchCallback  - getNodes(type=1, node=SCOPE, conn=Transaction-aware proxy for target Connection [jdbc:hsqldb:mem:kontrollDS, UserName=sw, HSQL Database Engine Driver], schema=null, metaData=org.apache.commons.dbcp.DelegatingDatabaseMetaData@7df2976b, edges=[]) - start
193839 [main] DEBUG org.dbunit.database.search.AbstractMetaDataBasedSearchCallback  - Getting edges for node SCOPE
193839 [main] TRACE org.dbunit.database.DatabaseConfig  - getProperty(name=http://www.dbunit.org/properties/metadataHandler) - start
193839 [main] TRACE org.dbunit.database.DefaultMetadataHandler  - tableExists(metaData=org.apache.commons.dbcp.DelegatingDatabaseMetaData@7df2976b, schemaName=null, tableName=SCOPE) - start
193840 [main] DEBUG org.dbunit.util.SQLHelper  - close(resultSet=org.apache.commons.dbcp.DelegatingResultSet@5bb1e83c) - start
193840 [main] DEBUG org.dbunit.util.QualifiedTableName  - getQualifiedNameIfEnabled(config=org.dbunit.database.DatabaseConfig[, _propertyMap={http://www.dbunit.org/properties/statementFactory=org.dbunit.database.statement.PreparedStatementFactory@626bc2b8, http://www.dbunit.org/features/caseSensitiveTableNames=false, http://www.dbunit.org/properties/fetchSize=100, http://www.dbunit.org/features/batchedStatements=false, http://www.dbunit.org/properties/metadataHandler=org.dbunit.database.DefaultMetadataHandler@3eeace42, http://www.dbunit.org/properties/datatypeFactory=org.dbunit.dataset.datatype.DefaultDataTypeFactory[_toleratedDeltaMap=org.dbunit.dataset.datatype.ToleratedDeltaMap@6452310a], http://www.dbunit.org/properties/escapePattern=null, http://www.dbunit.org/properties/batchSize=100, http://www.dbunit.org/features/qualifiedTableNames=false, http://www.dbunit.org/properties/tableType=[Ljava.lang.String;@5011bafa, http://www.dbunit.org/properties/resultSetTableFactory=org.dbunit.database.CachedResultSetTableFactory@10bcf083, http://www.dbunit.org/features/datatypeWarning=true}]) - start
193840 [main] TRACE org.dbunit.database.DatabaseConfig  - getFeature(name=http://www.dbunit.org/features/qualifiedTableNames) - start
193840 [main] TRACE org.dbunit.database.DatabaseConfig  - getProperty(name=http://www.dbunit.org/features/qualifiedTableNames) - start
193841 [main] DEBUG org.dbunit.util.QualifiedTableName  - Qualified table names feature is disabled. Returning plain table name
193841 [main] DEBUG org.dbunit.util.QualifiedTableName  - getQualifiedName(prefix=null, name=SCOPE, escapePattern=null) - start
193841 [main] DEBUG org.dbunit.util.QualifiedTableName  - getQualifiedNameIfEnabled(config=org.dbunit.database.DatabaseConfig[, _propertyMap={http://www.dbunit.org/properties/statementFactory=org.dbunit.database.statement.PreparedStatementFactory@626bc2b8, http://www.dbunit.org/features/caseSensitiveTableNames=false, http://www.dbunit.org/properties/fetchSize=100, http://www.dbunit.org/features/batchedStatements=false, http://www.dbunit.org/properties/metadataHandler=org.dbunit.database.DefaultMetadataHandler@3eeace42, http://www.dbunit.org/properties/datatypeFactory=org.dbunit.dataset.datatype.DefaultDataTypeFactory[_toleratedDeltaMap=org.dbunit.dataset.datatype.ToleratedDeltaMap@6452310a], http://www.dbunit.org/properties/escapePattern=null, http://www.dbunit.org/properties/batchSize=100, http://www.dbunit.org/features/qualifiedTableNames=false, http://www.dbunit.org/properties/tableType=[Ljava.lang.String;@5011bafa, http://www.dbunit.org/properties/resultSetTableFactory=org.dbunit.database.CachedResultSetTableFactory@10bcf083, http://www.dbunit.org/features/datatypeWarning=true}]) - start
193841 [main] TRACE org.dbunit.database.DatabaseConfig  - getFeature(name=http://www.dbunit.org/features/qualifiedTableNames) - start
193841 [main] TRACE org.dbunit.database.DatabaseConfig  - getProperty(name=http://www.dbunit.org/features/qualifiedTableNames) - start
193841 [main] DEBUG org.dbunit.util.QualifiedTableName  - Qualified table names feature is disabled. Returning plain table name
193841 [main] DEBUG org.dbunit.util.QualifiedTableName  - getQualifiedName(prefix=null, name=SCOPE_REQUESTCONTEXT, escapePattern=null) - start
193841 [main] DEBUG org.dbunit.database.search.AbstractMetaDataBasedSearchCallback  - newEdge(rs=org.apache.commons.dbcp.DelegatingResultSet@f50ed2d, type=1, from=SCOPE, to=SCOPE_REQUESTCONTEXT, fkColumn=SCOPE_ID, pkColumn=ID) - start
193841 [main] DEBUG org.dbunit.database.search.AbstractMetaDataBasedSearchCallback  - createFKEdge(rs=org.apache.commons.dbcp.DelegatingResultSet@f50ed2d, type=1, from=SCOPE, to=SCOPE_REQUESTCONTEXT, fkColumn=SCOPE_ID, pkColumn=ID) - start
193842 [main] DEBUG org.dbunit.database.search.AbstractMetaDataBasedSearchCallback  - Adding edge SCOPE_REQUESTCONTEXT(SCOPE_ID)->SCOPE(ID)
193842 [main] DEBUG org.dbunit.util.search.Edge  - compareTo(o=SCOPE_REQUESTCONTEXT(SCOPE_ID)->SCOPE(ID)) - start
193842 [main] DEBUG org.dbunit.util.QualifiedTableName  - getQualifiedNameIfEnabled(config=org.dbunit.database.DatabaseConfig[, _propertyMap={http://www.dbunit.org/properties/statementFactory=org.dbunit.database.statement.PreparedStatementFactory@626bc2b8, http://www.dbunit.org/features/caseSensitiveTableNames=false, http://www.dbunit.org/properties/fetchSize=100, http://www.dbunit.org/features/batchedStatements=false, http://www.dbunit.org/properties/metadataHandler=org.dbunit.database.DefaultMetadataHandler@3eeace42, http://www.dbunit.org/properties/datatypeFactory=org.dbunit.dataset.datatype.DefaultDataTypeFactory[_toleratedDeltaMap=org.dbunit.dataset.datatype.ToleratedDeltaMap@6452310a], http://www.dbunit.org/properties/escapePattern=null, http://www.dbunit.org/properties/batchSize=100, http://www.dbunit.org/features/qualifiedTableNames=false, http://www.dbunit.org/properties/tableType=[Ljava.lang.String;@5011bafa, http://www.dbunit.org/properties/resultSetTableFactory=org.dbunit.database.CachedResultSetTableFactory@10bcf083, http://www.dbunit.org/features/datatypeWarning=true}]) - start
193842 [main] TRACE org.dbunit.database.DatabaseConfig  - getFeature(name=http://www.dbunit.org/features/qualifiedTableNames) - start
193842 [main] TRACE org.dbunit.database.DatabaseConfig  - getProperty(name=http://www.dbunit.org/features/qualifiedTableNames) - start
193842 [main] DEBUG org.dbunit.util.QualifiedTableName  - Qualified table names feature is disabled. Returning plain table name
193842 [main] DEBUG org.dbunit.util.QualifiedTableName  - getQualifiedName(prefix=null, name=SCOPE, escapePattern=null) - start
193842 [main] DEBUG org.dbunit.util.QualifiedTableName  - getQualifiedNameIfEnabled(config=org.dbunit.database.DatabaseConfig[, _propertyMap={http://www.dbunit.org/properties/statementFactory=org.dbunit.database.statement.PreparedStatementFactory@626bc2b8, http://www.dbunit.org/features/caseSensitiveTableNames=false, http://www.dbunit.org/properties/fetchSize=100, http://www.dbunit.org/features/batchedStatements=false, http://www.dbunit.org/properties/metadataHandler=org.dbunit.database.DefaultMetadataHandler@3eeace42, http://www.dbunit.org/properties/datatypeFactory=org.dbunit.dataset.datatype.DefaultDataTypeFactory[_toleratedDeltaMap=org.dbunit.dataset.datatype.ToleratedDeltaMap@6452310a], http://www.dbunit.org/properties/escapePattern=null, http://www.dbunit.org/properties/batchSize=100, http://www.dbunit.org/features/qualifiedTableNames=false, http://www.dbunit.org/properties/tableType=[Ljava.lang.String;@5011bafa, http://www.dbunit.org/properties/resultSetTableFactory=org.dbunit.database.CachedResultSetTableFactory@10bcf083, http://www.dbunit.org/features/datatypeWarning=true}]) - start
193842 [main] TRACE org.dbunit.database.DatabaseConfig  - getFeature(name=http://www.dbunit.org/features/qualifiedTableNames) - start
193842 [main] TRACE org.dbunit.database.DatabaseConfig  - getProperty(name=http://www.dbunit.org/features/qualifiedTableNames) - start
193842 [main] DEBUG org.dbunit.util.QualifiedTableName  - Qualified table names feature is disabled. Returning plain table name
193842 [main] DEBUG org.dbunit.util.QualifiedTableName  - getQualifiedName(prefix=null, name=SCOPEDCONTENT, escapePattern=null) - start
193842 [main] DEBUG org.dbunit.database.search.AbstractMetaDataBasedSearchCallback  - newEdge(rs=org.apache.commons.dbcp.DelegatingResultSet@f50ed2d, type=1, from=SCOPE, to=SCOPEDCONTENT, fkColumn=SCOPE, pkColumn=ID) - start
193842 [main] DEBUG org.dbunit.database.search.AbstractMetaDataBasedSearchCallback  - createFKEdge(rs=org.apache.commons.dbcp.DelegatingResultSet@f50ed2d, type=1, from=SCOPE, to=SCOPEDCONTENT, fkColumn=SCOPE, pkColumn=ID) - start
193842 [main] DEBUG org.dbunit.database.search.AbstractMetaDataBasedSearchCallback  - Adding edge SCOPEDCONTENT(SCOPE)->SCOPE(ID)
193842 [main] DEBUG org.dbunit.util.search.Edge  - compareTo(o=SCOPE_REQUESTCONTEXT(SCOPE_ID)->SCOPE(ID)) - start
193842 [main] DEBUG org.dbunit.util.SQLHelper  - close(resultSet=org.apache.commons.dbcp.DelegatingResultSet@f50ed2d) - start
193842 [main] DEBUG org.dbunit.util.search.DepthFirstSearch  - reverseSearch:SCOPEDCONTENT
193842 [main] DEBUG org.dbunit.database.search.ExportedKeysSearchCallback  - searchNode(node=SCOPEDCONTENT) - start
193842 [main] DEBUG org.dbunit.util.search.DepthFirstSearch  - Pushing (reverse) SCOPEDCONTENT
193842 [main] DEBUG org.dbunit.database.search.ExportedKeysSearchCallback  - getEdges(node=SCOPEDCONTENT) - start
193842 [main] DEBUG org.dbunit.database.search.AbstractMetaDataBasedSearchCallback  - getNodesFromExportedKeys(node=SCOPEDCONTENT) - start
193842 [main] DEBUG org.dbunit.database.search.AbstractMetaDataBasedSearchCallback  - getNodes(type=1, node=SCOPEDCONTENT) - start
193842 [main] DEBUG org.dbunit.database.DatabaseDataSourceConnection  - getConnection() - start
193843 [main] DEBUG org.dbunit.database.search.AbstractMetaDataBasedSearchCallback  - getNodes(type=1, node=SCOPEDCONTENT, conn=Transaction-aware proxy for target Connection [jdbc:hsqldb:mem:kontrollDS, UserName=sw, HSQL Database Engine Driver], schema=null, metaData=org.apache.commons.dbcp.DelegatingDatabaseMetaData@a032d36, edges=[]) - start
193843 [main] DEBUG org.dbunit.database.search.AbstractMetaDataBasedSearchCallback  - Getting edges for node SCOPEDCONTENT
193843 [main] TRACE org.dbunit.database.DatabaseConfig  - getProperty(name=http://www.dbunit.org/properties/metadataHandler) - start
193843 [main] TRACE org.dbunit.database.DefaultMetadataHandler  - tableExists(metaData=org.apache.commons.dbcp.DelegatingDatabaseMetaData@a032d36, schemaName=null, tableName=SCOPEDCONTENT) - start
193844 [main] DEBUG org.dbunit.util.SQLHelper  - close(resultSet=org.apache.commons.dbcp.DelegatingResultSet@51b0f368) - start
193844 [main] DEBUG org.dbunit.util.QualifiedTableName  - getQualifiedNameIfEnabled(config=org.dbunit.database.DatabaseConfig[, _propertyMap={http://www.dbunit.org/properties/statementFactory=org.dbunit.database.statement.PreparedStatementFactory@626bc2b8, http://www.dbunit.org/features/caseSensitiveTableNames=false, http://www.dbunit.org/properties/fetchSize=100, http://www.dbunit.org/features/batchedStatements=false, http://www.dbunit.org/properties/metadataHandler=org.dbunit.database.DefaultMetadataHandler@3eeace42, http://www.dbunit.org/properties/datatypeFactory=org.dbunit.dataset.datatype.DefaultDataTypeFactory[_toleratedDeltaMap=org.dbunit.dataset.datatype.ToleratedDeltaMap@6452310a], http://www.dbunit.org/properties/escapePattern=null, http://www.dbunit.org/properties/batchSize=100, http://www.dbunit.org/features/qualifiedTableNames=false, http://www.dbunit.org/properties/tableType=[Ljava.lang.String;@5011bafa, http://www.dbunit.org/properties/resultSetTableFactory=org.dbunit.database.CachedResultSetTableFactory@10bcf083, http://www.dbunit.org/features/datatypeWarning=true}]) - start
193844 [main] TRACE org.dbunit.database.DatabaseConfig  - getFeature(name=http://www.dbunit.org/features/qualifiedTableNames) - start
193844 [main] TRACE org.dbunit.database.DatabaseConfig  - getProperty(name=http://www.dbunit.org/features/qualifiedTableNames) - start
193844 [main] DEBUG org.dbunit.util.QualifiedTableName  - Qualified table names feature is disabled. Returning plain table name
193844 [main] DEBUG org.dbunit.util.QualifiedTableName  - getQualifiedName(prefix=null, name=SCOPEDCONTENT, escapePattern=null) - start
193844 [main] DEBUG org.dbunit.util.QualifiedTableName  - getQualifiedNameIfEnabled(config=org.dbunit.database.DatabaseConfig[, _propertyMap={http://www.dbunit.org/properties/statementFactory=org.dbunit.database.statement.PreparedStatementFactory@626bc2b8, http://www.dbunit.org/features/caseSensitiveTableNames=false, http://www.dbunit.org/properties/fetchSize=100, http://www.dbunit.org/features/batchedStatements=false, http://www.dbunit.org/properties/metadataHandler=org.dbunit.database.DefaultMetadataHandler@3eeace42, http://www.dbunit.org/properties/datatypeFactory=org.dbunit.dataset.datatype.DefaultDataTypeFactory[_toleratedDeltaMap=org.dbunit.dataset.datatype.ToleratedDeltaMap@6452310a], http://www.dbunit.org/properties/escapePattern=null, http://www.dbunit.org/properties/batchSize=100, http://www.dbunit.org/features/qualifiedTableNames=false, http://www.dbunit.org/properties/tableType=[Ljava.lang.String;@5011bafa, http://www.dbunit.org/properties/resultSetTableFactory=org.dbunit.database.CachedResultSetTableFactory@10bcf083, http://www.dbunit.org/features/datatypeWarning=true}]) - start
193844 [main] TRACE org.dbunit.database.DatabaseConfig  - getFeature(name=http://www.dbunit.org/features/qualifiedTableNames) - start
193844 [main] TRACE org.dbunit.database.DatabaseConfig  - getProperty(name=http://www.dbunit.org/features/qualifiedTableNames) - start
193844 [main] DEBUG org.dbunit.util.QualifiedTableName  - Qualified table names feature is disabled. Returning plain table name
193844 [main] DEBUG org.dbunit.util.QualifiedTableName  - getQualifiedName(prefix=null, name=SCOPEDCONTENTCONDITIONS_SCOPEDCONTENT, escapePattern=null) - start
193844 [main] DEBUG org.dbunit.database.search.AbstractMetaDataBasedSearchCallback  - newEdge(rs=org.apache.commons.dbcp.DelegatingResultSet@2698cca, type=1, from=SCOPEDCONTENT, to=SCOPEDCONTENTCONDITIONS_SCOPEDCONTENT, fkColumn=SCOPED_CONTENT_ID, pkColumn=ID) - start
193844 [main] DEBUG org.dbunit.database.search.AbstractMetaDataBasedSearchCallback  - createFKEdge(rs=org.apache.commons.dbcp.DelegatingResultSet@2698cca, type=1, from=SCOPEDCONTENT, to=SCOPEDCONTENTCONDITIONS_SCOPEDCONTENT, fkColumn=SCOPED_CONTENT_ID, pkColumn=ID) - start
193844 [main] DEBUG org.dbunit.database.search.AbstractMetaDataBasedSearchCallback  - Adding edge SCOPEDCONTENTCONDITIONS_SCOPEDCONTENT(SCOPED_CONTENT_ID)->SCOPEDCONTENT(ID)
193845 [main] DEBUG org.dbunit.util.search.Edge  - compareTo(o=SCOPEDCONTENTCONDITIONS_SCOPEDCONTENT(SCOPED_CONTENT_ID)->SCOPEDCONTENT(ID)) - start
193845 [main] DEBUG org.dbunit.util.QualifiedTableName  - getQualifiedNameIfEnabled(config=org.dbunit.database.DatabaseConfig[, _propertyMap={http://www.dbunit.org/properties/statementFactory=org.dbunit.database.statement.PreparedStatementFactory@626bc2b8, http://www.dbunit.org/features/caseSensitiveTableNames=false, http://www.dbunit.org/properties/fetchSize=100, http://www.dbunit.org/features/batchedStatements=false, http://www.dbunit.org/properties/metadataHandler=org.dbunit.database.DefaultMetadataHandler@3eeace42, http://www.dbunit.org/properties/datatypeFactory=org.dbunit.dataset.datatype.DefaultDataTypeFactory[_toleratedDeltaMap=org.dbunit.dataset.datatype.ToleratedDeltaMap@6452310a], http://www.dbunit.org/properties/escapePattern=null, http://www.dbunit.org/properties/batchSize=100, http://www.dbunit.org/features/qualifiedTableNames=false, http://www.dbunit.org/properties/tableType=[Ljava.lang.String;@5011bafa, http://www.dbunit.org/properties/resultSetTableFactory=org.dbunit.database.CachedResultSetTableFactory@10bcf083, http://www.dbunit.org/features/datatypeWarning=true}]) - start
193845 [main] TRACE org.dbunit.database.DatabaseConfig  - getFeature(name=http://www.dbunit.org/features/qualifiedTableNames) - start
193845 [main] TRACE org.dbunit.database.DatabaseConfig  - getProperty(name=http://www.dbunit.org/features/qualifiedTableNames) - start
193845 [main] DEBUG org.dbunit.util.QualifiedTableName  - Qualified table names feature is disabled. Returning plain table name
193845 [main] DEBUG org.dbunit.util.QualifiedTableName  - getQualifiedName(prefix=null, name=SCOPEDCONTENT, escapePattern=null) - start
193845 [main] DEBUG org.dbunit.util.QualifiedTableName  - getQualifiedNameIfEnabled(config=org.dbunit.database.DatabaseConfig[, _propertyMap={http://www.dbunit.org/properties/statementFactory=org.dbunit.database.statement.PreparedStatementFactory@626bc2b8, http://www.dbunit.org/features/caseSensitiveTableNames=false, http://www.dbunit.org/properties/fetchSize=100, http://www.dbunit.org/features/batchedStatements=false, http://www.dbunit.org/properties/metadataHandler=org.dbunit.database.DefaultMetadataHandler@3eeace42, http://www.dbunit.org/properties/datatypeFactory=org.dbunit.dataset.datatype.DefaultDataTypeFactory[_toleratedDeltaMap=org.dbunit.dataset.datatype.ToleratedDeltaMap@6452310a], http://www.dbunit.org/properties/escapePattern=null, http://www.dbunit.org/properties/batchSize=100, http://www.dbunit.org/features/qualifiedTableNames=false, http://www.dbunit.org/properties/tableType=[Ljava.lang.String;@5011bafa, http://www.dbunit.org/properties/resultSetTableFactory=org.dbunit.database.CachedResultSetTableFactory@10bcf083, http://www.dbunit.org/features/datatypeWarning=true}]) - start
193845 [main] TRACE org.dbunit.database.DatabaseConfig  - getFeature(name=http://www.dbunit.org/features/qualifiedTableNames) - start
193845 [main] TRACE org.dbunit.database.DatabaseConfig  - getProperty(name=http://www.dbunit.org/features/qualifiedTableNames) - start
193845 [main] DEBUG org.dbunit.util.QualifiedTableName  - Qualified table names feature is disabled. Returning plain table name
193845 [main] DEBUG org.dbunit.util.QualifiedTableName  - getQualifiedName(prefix=null, name=SCOPEDCONTENT_SCOPEDCONTENTITEM, escapePattern=null) - start
193845 [main] DEBUG org.dbunit.database.search.AbstractMetaDataBasedSearchCallback  - newEdge(rs=org.apache.commons.dbcp.DelegatingResultSet@2698cca, type=1, from=SCOPEDCONTENT, to=SCOPEDCONTENT_SCOPEDCONTENTITEM, fkColumn=SCOPED_CONTENT_ITEM_ID, pkColumn=ID) - start
193845 [main] DEBUG org.dbunit.database.search.AbstractMetaDataBasedSearchCallback  - createFKEdge(rs=org.apache.commons.dbcp.DelegatingResultSet@2698cca, type=1, from=SCOPEDCONTENT, to=SCOPEDCONTENT_SCOPEDCONTENTITEM, fkColumn=SCOPED_CONTENT_ITEM_ID, pkColumn=ID) - start
193845 [main] DEBUG org.dbunit.database.search.AbstractMetaDataBasedSearchCallback  - Adding edge SCOPEDCONTENT_SCOPEDCONTENTITEM(SCOPED_CONTENT_ITEM_ID)->SCOPEDCONTENT(ID)
193845 [main] DEBUG org.dbunit.util.search.Edge  - compareTo(o=SCOPEDCONTENTCONDITIONS_SCOPEDCONTENT(SCOPED_CONTENT_ID)->SCOPEDCONTENT(ID)) - start
193845 [main] DEBUG org.dbunit.util.SQLHelper  - close(resultSet=org.apache.commons.dbcp.DelegatingResultSet@2698cca) - start
193845 [main] DEBUG org.dbunit.util.search.DepthFirstSearch  - reverseSearch:SCOPEDCONTENTCONDITIONS_SCOPEDCONTENT
193845 [main] DEBUG org.dbunit.database.search.ExportedKeysSearchCallback  - searchNode(node=SCOPEDCONTENTCONDITIONS_SCOPEDCONTENT) - start
193845 [main] DEBUG org.dbunit.util.search.DepthFirstSearch  - Pushing (reverse) SCOPEDCONTENTCONDITIONS_SCOPEDCONTENT
193845 [main] DEBUG org.dbunit.database.search.ExportedKeysSearchCallback  - getEdges(node=SCOPEDCONTENTCONDITIONS_SCOPEDCONTENT) - start
193845 [main] DEBUG org.dbunit.database.search.AbstractMetaDataBasedSearchCallback  - getNodesFromExportedKeys(node=SCOPEDCONTENTCONDITIONS_SCOPEDCONTENT) - start
193845 [main] DEBUG org.dbunit.database.search.AbstractMetaDataBasedSearchCallback  - getNodes(type=1, node=SCOPEDCONTENTCONDITIONS_SCOPEDCONTENT) - start
193845 [main] DEBUG org.dbunit.database.DatabaseDataSourceConnection  - getConnection() - start
193845 [main] DEBUG org.dbunit.database.search.AbstractMetaDataBasedSearchCallback  - getNodes(type=1, node=SCOPEDCONTENTCONDITIONS_SCOPEDCONTENT, conn=Transaction-aware proxy for target Connection [jdbc:hsqldb:mem:kontrollDS, UserName=sw, HSQL Database Engine Driver], schema=null, metaData=org.apache.commons.dbcp.DelegatingDatabaseMetaData@5f9a2302, edges=[]) - start
193846 [main] DEBUG org.dbunit.database.search.AbstractMetaDataBasedSearchCallback  - Getting edges for node SCOPEDCONTENTCONDITIONS_SCOPEDCONTENT
193846 [main] TRACE org.dbunit.database.DatabaseConfig  - getProperty(name=http://www.dbunit.org/properties/metadataHandler) - start
193846 [main] TRACE org.dbunit.database.DefaultMetadataHandler  - tableExists(metaData=org.apache.commons.dbcp.DelegatingDatabaseMetaData@5f9a2302, schemaName=null, tableName=SCOPEDCONTENTCONDITIONS_SCOPEDCONTENT) - start
193847 [main] DEBUG org.dbunit.util.SQLHelper  - close(resultSet=org.apache.commons.dbcp.DelegatingResultSet@5c48aefa) - start
193847 [main] DEBUG org.dbunit.util.SQLHelper  - close(resultSet=org.apache.commons.dbcp.DelegatingResultSet@4930e73c) - start
193847 [main] DEBUG org.dbunit.util.search.DepthFirstSearch  - reverseSearch:SCOPEDCONTENT_SCOPEDCONTENTITEM
193847 [main] DEBUG org.dbunit.database.search.ExportedKeysSearchCallback  - searchNode(node=SCOPEDCONTENT_SCOPEDCONTENTITEM) - start
193847 [main] DEBUG org.dbunit.util.search.DepthFirstSearch  - Pushing (reverse) SCOPEDCONTENT_SCOPEDCONTENTITEM
193847 [main] DEBUG org.dbunit.util.search.DepthFirstSearch  - reverseSearch:SCOPE_REQUESTCONTEXT
193847 [main] DEBUG org.dbunit.database.search.ExportedKeysSearchCallback  - searchNode(node=SCOPE_REQUESTCONTEXT) - start
193847 [main] DEBUG org.dbunit.util.search.DepthFirstSearch  - Pushing (reverse) SCOPE_REQUESTCONTEXT
193847 [main] DEBUG org.dbunit.util.search.DepthFirstSearch  - search:SCOPEDCONTENTCONDITIONS_SCOPEDCONTENT
193847 [main] DEBUG org.dbunit.database.search.ExportedKeysSearchCallback  - searchNode(node=SCOPEDCONTENTCONDITIONS_SCOPEDCONTENT) - start
193847 [main] DEBUG org.dbunit.util.search.DepthFirstSearch  - Pushing SCOPEDCONTENTCONDITIONS_SCOPEDCONTENT
193847 [main] DEBUG org.dbunit.database.search.ExportedKeysSearchCallback  - getEdges(node=SCOPEDCONTENTCONDITIONS_SCOPEDCONTENT) - start
193847 [main] DEBUG org.dbunit.database.search.AbstractMetaDataBasedSearchCallback  - getNodesFromExportedKeys(node=SCOPEDCONTENTCONDITIONS_SCOPEDCONTENT) - start
193847 [main] DEBUG org.dbunit.database.search.AbstractMetaDataBasedSearchCallback  - getNodes(type=1, node=SCOPEDCONTENTCONDITIONS_SCOPEDCONTENT) - start
193847 [main] DEBUG org.dbunit.database.DatabaseDataSourceConnection  - getConnection() - start
193847 [main] DEBUG org.dbunit.database.search.AbstractMetaDataBasedSearchCallback  - getNodes(type=1, node=SCOPEDCONTENTCONDITIONS_SCOPEDCONTENT, conn=Transaction-aware proxy for target Connection [jdbc:hsqldb:mem:kontrollDS, UserName=sw, HSQL Database Engine Driver], schema=null, metaData=org.apache.commons.dbcp.DelegatingDatabaseMetaData@299d39ae, edges=[]) - start
193847 [main] DEBUG org.dbunit.database.search.AbstractMetaDataBasedSearchCallback  - Getting edges for node SCOPEDCONTENTCONDITIONS_SCOPEDCONTENT
193848 [main] TRACE org.dbunit.database.DatabaseConfig  - getProperty(name=http://www.dbunit.org/properties/metadataHandler) - start
193848 [main] TRACE org.dbunit.database.DefaultMetadataHandler  - tableExists(metaData=org.apache.commons.dbcp.DelegatingDatabaseMetaData@299d39ae, schemaName=null, tableName=SCOPEDCONTENTCONDITIONS_SCOPEDCONTENT) - start
193849 [main] DEBUG org.dbunit.util.SQLHelper  - close(resultSet=org.apache.commons.dbcp.DelegatingResultSet@69020609) - start
193849 [main] DEBUG org.dbunit.util.SQLHelper  - close(resultSet=org.apache.commons.dbcp.DelegatingResultSet@799bb8f6) - start
193849 [main] DEBUG org.dbunit.util.search.DepthFirstSearch  - Adding node SCOPEDCONTENTCONDITIONS_SCOPEDCONTENT to the final result
193849 [main] DEBUG org.dbunit.util.search.DepthFirstSearch  - search:SCOPEDCONTENT_SCOPEDCONTENTITEM
193849 [main] DEBUG org.dbunit.database.search.ExportedKeysSearchCallback  - searchNode(node=SCOPEDCONTENT_SCOPEDCONTENTITEM) - start
193849 [main] DEBUG org.dbunit.util.search.DepthFirstSearch  - Pushing SCOPEDCONTENT_SCOPEDCONTENTITEM
193849 [main] DEBUG org.dbunit.database.search.ExportedKeysSearchCallback  - getEdges(node=SCOPEDCONTENT_SCOPEDCONTENTITEM) - start
193849 [main] DEBUG org.dbunit.database.search.AbstractMetaDataBasedSearchCallback  - getNodesFromExportedKeys(node=SCOPEDCONTENT_SCOPEDCONTENTITEM) - start
193849 [main] DEBUG org.dbunit.database.search.AbstractMetaDataBasedSearchCallback  - getNodes(type=1, node=SCOPEDCONTENT_SCOPEDCONTENTITEM) - start
193849 [main] DEBUG org.dbunit.database.DatabaseDataSourceConnection  - getConnection() - start
193849 [main] DEBUG org.dbunit.database.search.AbstractMetaDataBasedSearchCallback  - getNodes(type=1, node=SCOPEDCONTENT_SCOPEDCONTENTITEM, conn=Transaction-aware proxy for target Connection [jdbc:hsqldb:mem:kontrollDS, UserName=sw, HSQL Database Engine Driver], schema=null, metaData=org.apache.commons.dbcp.DelegatingDatabaseMetaData@5e8c5cd9, edges=[]) - start
193849 [main] DEBUG org.dbunit.database.search.AbstractMetaDataBasedSearchCallback  - Getting edges for node SCOPEDCONTENT_SCOPEDCONTENTITEM
193849 [main] TRACE org.dbunit.database.DatabaseConfig  - getProperty(name=http://www.dbunit.org/properties/metadataHandler) - start
193849 [main] TRACE org.dbunit.database.DefaultMetadataHandler  - tableExists(metaData=org.apache.commons.dbcp.DelegatingDatabaseMetaData@5e8c5cd9, schemaName=null, tableName=SCOPEDCONTENT_SCOPEDCONTENTITEM) - start
193850 [main] DEBUG org.dbunit.util.SQLHelper  - close(resultSet=org.apache.commons.dbcp.DelegatingResultSet@9025c19) - start
193851 [main] DEBUG org.dbunit.util.SQLHelper  - close(resultSet=org.apache.commons.dbcp.DelegatingResultSet@122bbd24) - start
193851 [main] DEBUG org.dbunit.util.search.DepthFirstSearch  - Adding node SCOPEDCONTENT_SCOPEDCONTENTITEM to the final result
193851 [main] DEBUG org.dbunit.util.search.DepthFirstSearch  - search:SCOPEDCONTENT
193851 [main] DEBUG org.dbunit.database.search.ExportedKeysSearchCallback  - searchNode(node=SCOPEDCONTENT) - start
193851 [main] DEBUG org.dbunit.util.search.DepthFirstSearch  - Pushing SCOPEDCONTENT
193851 [main] DEBUG org.dbunit.database.search.ExportedKeysSearchCallback  - getEdges(node=SCOPEDCONTENT) - start
193851 [main] DEBUG org.dbunit.database.search.AbstractMetaDataBasedSearchCallback  - getNodesFromExportedKeys(node=SCOPEDCONTENT) - start
193851 [main] DEBUG org.dbunit.database.search.AbstractMetaDataBasedSearchCallback  - getNodes(type=1, node=SCOPEDCONTENT) - start
193851 [main] DEBUG org.dbunit.database.DatabaseDataSourceConnection  - getConnection() - start
193851 [main] DEBUG org.dbunit.database.search.AbstractMetaDataBasedSearchCallback  - getNodes(type=1, node=SCOPEDCONTENT, conn=Transaction-aware proxy for target Connection [jdbc:hsqldb:mem:kontrollDS, UserName=sw, HSQL Database Engine Driver], schema=null, metaData=org.apache.commons.dbcp.DelegatingDatabaseMetaData@758e8fcd, edges=[]) - start
193851 [main] DEBUG org.dbunit.database.search.AbstractMetaDataBasedSearchCallback  - Getting edges for node SCOPEDCONTENT
193851 [main] TRACE org.dbunit.database.DatabaseConfig  - getProperty(name=http://www.dbunit.org/properties/metadataHandler) - start
193851 [main] TRACE org.dbunit.database.DefaultMetadataHandler  - tableExists(metaData=org.apache.commons.dbcp.DelegatingDatabaseMetaData@758e8fcd, schemaName=null, tableName=SCOPEDCONTENT) - start
193852 [main] DEBUG org.dbunit.util.SQLHelper  - close(resultSet=org.apache.commons.dbcp.DelegatingResultSet@c9e6471) - start
193852 [main] DEBUG org.dbunit.util.QualifiedTableName  - getQualifiedNameIfEnabled(config=org.dbunit.database.DatabaseConfig[, _propertyMap={http://www.dbunit.org/properties/statementFactory=org.dbunit.database.statement.PreparedStatementFactory@626bc2b8, http://www.dbunit.org/features/caseSensitiveTableNames=false, http://www.dbunit.org/properties/fetchSize=100, http://www.dbunit.org/features/batchedStatements=false, http://www.dbunit.org/properties/metadataHandler=org.dbunit.database.DefaultMetadataHandler@3eeace42, http://www.dbunit.org/properties/datatypeFactory=org.dbunit.dataset.datatype.DefaultDataTypeFactory[_toleratedDeltaMap=org.dbunit.dataset.datatype.ToleratedDeltaMap@6452310a], http://www.dbunit.org/properties/escapePattern=null, http://www.dbunit.org/properties/batchSize=100, http://www.dbunit.org/features/qualifiedTableNames=false, http://www.dbunit.org/properties/tableType=[Ljava.lang.String;@5011bafa, http://www.dbunit.org/properties/resultSetTableFactory=org.dbunit.database.CachedResultSetTableFactory@10bcf083, http://www.dbunit.org/features/datatypeWarning=true}]) - start
193852 [main] TRACE org.dbunit.database.DatabaseConfig  - getFeature(name=http://www.dbunit.org/features/qualifiedTableNames) - start
193852 [main] TRACE org.dbunit.database.DatabaseConfig  - getProperty(name=http://www.dbunit.org/features/qualifiedTableNames) - start
193852 [main] DEBUG org.dbunit.util.QualifiedTableName  - Qualified table names feature is disabled. Returning plain table name
193852 [main] DEBUG org.dbunit.util.QualifiedTableName  - getQualifiedName(prefix=null, name=SCOPEDCONTENT, escapePattern=null) - start
193852 [main] DEBUG org.dbunit.util.QualifiedTableName  - getQualifiedNameIfEnabled(config=org.dbunit.database.DatabaseConfig[, _propertyMap={http://www.dbunit.org/properties/statementFactory=org.dbunit.database.statement.PreparedStatementFactory@626bc2b8, http://www.dbunit.org/features/caseSensitiveTableNames=false, http://www.dbunit.org/properties/fetchSize=100, http://www.dbunit.org/features/batchedStatements=false, http://www.dbunit.org/properties/metadataHandler=org.dbunit.database.DefaultMetadataHandler@3eeace42, http://www.dbunit.org/properties/datatypeFactory=org.dbunit.dataset.datatype.DefaultDataTypeFactory[_toleratedDeltaMap=org.dbunit.dataset.datatype.ToleratedDeltaMap@6452310a], http://www.dbunit.org/properties/escapePattern=null, http://www.dbunit.org/properties/batchSize=100, http://www.dbunit.org/features/qualifiedTableNames=false, http://www.dbunit.org/properties/tableType=[Ljava.lang.String;@5011bafa, http://www.dbunit.org/properties/resultSetTableFactory=org.dbunit.database.CachedResultSetTableFactory@10bcf083, http://www.dbunit.org/features/datatypeWarning=true}]) - start
193852 [main] TRACE org.dbunit.database.DatabaseConfig  - getFeature(name=http://www.dbunit.org/features/qualifiedTableNames) - start
193852 [main] TRACE org.dbunit.database.DatabaseConfig  - getProperty(name=http://www.dbunit.org/features/qualifiedTableNames) - start
193852 [main] DEBUG org.dbunit.util.QualifiedTableName  - Qualified table names feature is disabled. Returning plain table name
193853 [main] DEBUG org.dbunit.util.QualifiedTableName  - getQualifiedName(prefix=null, name=SCOPEDCONTENTCONDITIONS_SCOPEDCONTENT, escapePattern=null) - start
193853 [main] DEBUG org.dbunit.database.search.AbstractMetaDataBasedSearchCallback  - newEdge(rs=org.apache.commons.dbcp.DelegatingResultSet@4bfd138e, type=1, from=SCOPEDCONTENT, to=SCOPEDCONTENTCONDITIONS_SCOPEDCONTENT, fkColumn=SCOPED_CONTENT_ID, pkColumn=ID) - start
193853 [main] DEBUG org.dbunit.database.search.AbstractMetaDataBasedSearchCallback  - createFKEdge(rs=org.apache.commons.dbcp.DelegatingResultSet@4bfd138e, type=1, from=SCOPEDCONTENT, to=SCOPEDCONTENTCONDITIONS_SCOPEDCONTENT, fkColumn=SCOPED_CONTENT_ID, pkColumn=ID) - start
193853 [main] DEBUG org.dbunit.database.search.AbstractMetaDataBasedSearchCallback  - Adding edge SCOPEDCONTENTCONDITIONS_SCOPEDCONTENT(SCOPED_CONTENT_ID)->SCOPEDCONTENT(ID)
193853 [main] DEBUG org.dbunit.util.search.Edge  - compareTo(o=SCOPEDCONTENTCONDITIONS_SCOPEDCONTENT(SCOPED_CONTENT_ID)->SCOPEDCONTENT(ID)) - start
193853 [main] DEBUG org.dbunit.util.QualifiedTableName  - getQualifiedNameIfEnabled(config=org.dbunit.database.DatabaseConfig[, _propertyMap={http://www.dbunit.org/properties/statementFactory=org.dbunit.database.statement.PreparedStatementFactory@626bc2b8, http://www.dbunit.org/features/caseSensitiveTableNames=false, http://www.dbunit.org/properties/fetchSize=100, http://www.dbunit.org/features/batchedStatements=false, http://www.dbunit.org/properties/metadataHandler=org.dbunit.database.DefaultMetadataHandler@3eeace42, http://www.dbunit.org/properties/datatypeFactory=org.dbunit.dataset.datatype.DefaultDataTypeFactory[_toleratedDeltaMap=org.dbunit.dataset.datatype.ToleratedDeltaMap@6452310a], http://www.dbunit.org/properties/escapePattern=null, http://www.dbunit.org/properties/batchSize=100, http://www.dbunit.org/features/qualifiedTableNames=false, http://www.dbunit.org/properties/tableType=[Ljava.lang.String;@5011bafa, http://www.dbunit.org/properties/resultSetTableFactory=org.dbunit.database.CachedResultSetTableFactory@10bcf083, http://www.dbunit.org/features/datatypeWarning=true}]) - start
193853 [main] TRACE org.dbunit.database.DatabaseConfig  - getFeature(name=http://www.dbunit.org/features/qualifiedTableNames) - start
193853 [main] TRACE org.dbunit.database.DatabaseConfig  - getProperty(name=http://www.dbunit.org/features/qualifiedTableNames) - start
193853 [main] DEBUG org.dbunit.util.QualifiedTableName  - Qualified table names feature is disabled. Returning plain table name
193853 [main] DEBUG org.dbunit.util.QualifiedTableName  - getQualifiedName(prefix=null, name=SCOPEDCONTENT, escapePattern=null) - start
193853 [main] DEBUG org.dbunit.util.QualifiedTableName  - getQualifiedNameIfEnabled(config=org.dbunit.database.DatabaseConfig[, _propertyMap={http://www.dbunit.org/properties/statementFactory=org.dbunit.database.statement.PreparedStatementFactory@626bc2b8, http://www.dbunit.org/features/caseSensitiveTableNames=false, http://www.dbunit.org/properties/fetchSize=100, http://www.dbunit.org/features/batchedStatements=false, http://www.dbunit.org/properties/metadataHandler=org.dbunit.database.DefaultMetadataHandler@3eeace42, http://www.dbunit.org/properties/datatypeFactory=org.dbunit.dataset.datatype.DefaultDataTypeFactory[_toleratedDeltaMap=org.dbunit.dataset.datatype.ToleratedDeltaMap@6452310a], http://www.dbunit.org/properties/escapePattern=null, http://www.dbunit.org/properties/batchSize=100, http://www.dbunit.org/features/qualifiedTableNames=false, http://www.dbunit.org/properties/tableType=[Ljava.lang.String;@5011bafa, http://www.dbunit.org/properties/resultSetTableFactory=org.dbunit.database.CachedResultSetTableFactory@10bcf083, http://www.dbunit.org/features/datatypeWarning=true}]) - start
193853 [main] TRACE org.dbunit.database.DatabaseConfig  - getFeature(name=http://www.dbunit.org/features/qualifiedTableNames) - start
193853 [main] TRACE org.dbunit.database.DatabaseConfig  - getProperty(name=http://www.dbunit.org/features/qualifiedTableNames) - start
193853 [main] DEBUG org.dbunit.util.QualifiedTableName  - Qualified table names feature is disabled. Returning plain table name
193853 [main] DEBUG org.dbunit.util.QualifiedTableName  - getQualifiedName(prefix=null, name=SCOPEDCONTENT_SCOPEDCONTENTITEM, escapePattern=null) - start
193853 [main] DEBUG org.dbunit.database.search.AbstractMetaDataBasedSearchCallback  - newEdge(rs=org.apache.commons.dbcp.DelegatingResultSet@4bfd138e, type=1, from=SCOPEDCONTENT, to=SCOPEDCONTENT_SCOPEDCONTENTITEM, fkColumn=SCOPED_CONTENT_ITEM_ID, pkColumn=ID) - start
193853 [main] DEBUG org.dbunit.database.search.AbstractMetaDataBasedSearchCallback  - createFKEdge(rs=org.apache.commons.dbcp.DelegatingResultSet@4bfd138e, type=1, from=SCOPEDCONTENT, to=SCOPEDCONTENT_SCOPEDCONTENTITEM, fkColumn=SCOPED_CONTENT_ITEM_ID, pkColumn=ID) - start
193853 [main] DEBUG org.dbunit.database.search.AbstractMetaDataBasedSearchCallback  - Adding edge SCOPEDCONTENT_SCOPEDCONTENTITEM(SCOPED_CONTENT_ITEM_ID)->SCOPEDCONTENT(ID)
193853 [main] DEBUG org.dbunit.util.search.Edge  - compareTo(o=SCOPEDCONTENTCONDITIONS_SCOPEDCONTENT(SCOPED_CONTENT_ID)->SCOPEDCONTENT(ID)) - start
193853 [main] DEBUG org.dbunit.util.SQLHelper  - close(resultSet=org.apache.commons.dbcp.DelegatingResultSet@4bfd138e) - start
193853 [main] DEBUG org.dbunit.util.search.DepthFirstSearch  - search:SCOPEDCONTENT
193853 [main] DEBUG org.dbunit.util.search.DepthFirstSearch  - already searched; returning true
193853 [main] DEBUG org.dbunit.util.search.DepthFirstSearch  - search:SCOPEDCONTENT
193853 [main] DEBUG org.dbunit.util.search.DepthFirstSearch  - already searched; returning true
193853 [main] DEBUG org.dbunit.util.search.DepthFirstSearch  - Adding node SCOPEDCONTENT to the final result
193853 [main] DEBUG org.dbunit.util.search.DepthFirstSearch  - search:SCOPE_REQUESTCONTEXT
193854 [main] DEBUG org.dbunit.database.search.ExportedKeysSearchCallback  - searchNode(node=SCOPE_REQUESTCONTEXT) - start
193854 [main] DEBUG org.dbunit.util.search.DepthFirstSearch  - Pushing SCOPE_REQUESTCONTEXT
193854 [main] DEBUG org.dbunit.database.search.ExportedKeysSearchCallback  - getEdges(node=SCOPE_REQUESTCONTEXT) - start
193854 [main] DEBUG org.dbunit.database.search.AbstractMetaDataBasedSearchCallback  - getNodesFromExportedKeys(node=SCOPE_REQUESTCONTEXT) - start
193854 [main] DEBUG org.dbunit.database.search.AbstractMetaDataBasedSearchCallback  - getNodes(type=1, node=SCOPE_REQUESTCONTEXT) - start
193854 [main] DEBUG org.dbunit.database.DatabaseDataSourceConnection  - getConnection() - start
193854 [main] DEBUG org.dbunit.database.search.AbstractMetaDataBasedSearchCallback  - getNodes(type=1, node=SCOPE_REQUESTCONTEXT, conn=Transaction-aware proxy for target Connection [jdbc:hsqldb:mem:kontrollDS, UserName=sw, HSQL Database Engine Driver], schema=null, metaData=org.apache.commons.dbcp.DelegatingDatabaseMetaData@540ef69b, edges=[]) - start
193854 [main] DEBUG org.dbunit.database.search.AbstractMetaDataBasedSearchCallback  - Getting edges for node SCOPE_REQUESTCONTEXT
193854 [main] TRACE org.dbunit.database.DatabaseConfig  - getProperty(name=http://www.dbunit.org/properties/metadataHandler) - start
193854 [main] TRACE org.dbunit.database.DefaultMetadataHandler  - tableExists(metaData=org.apache.commons.dbcp.DelegatingDatabaseMetaData@540ef69b, schemaName=null, tableName=SCOPE_REQUESTCONTEXT) - start
193855 [main] DEBUG org.dbunit.util.SQLHelper  - close(resultSet=org.apache.commons.dbcp.DelegatingResultSet@6695d477) - start
193855 [main] DEBUG org.dbunit.util.SQLHelper  - close(resultSet=org.apache.commons.dbcp.DelegatingResultSet@1e286652) - start
193855 [main] DEBUG org.dbunit.util.search.DepthFirstSearch  - Adding node SCOPE_REQUESTCONTEXT to the final result
193855 [main] DEBUG org.dbunit.util.search.DepthFirstSearch  - search:SCOPE
193855 [main] DEBUG org.dbunit.database.search.ExportedKeysSearchCallback  - searchNode(node=SCOPE) - start
193855 [main] DEBUG org.dbunit.util.search.DepthFirstSearch  - Pushing SCOPE
193855 [main] DEBUG org.dbunit.database.search.ExportedKeysSearchCallback  - getEdges(node=SCOPE) - start
193855 [main] DEBUG org.dbunit.database.search.AbstractMetaDataBasedSearchCallback  - getNodesFromExportedKeys(node=SCOPE) - start
193855 [main] DEBUG org.dbunit.database.search.AbstractMetaDataBasedSearchCallback  - getNodes(type=1, node=SCOPE) - start
193855 [main] DEBUG org.dbunit.database.DatabaseDataSourceConnection  - getConnection() - start
193856 [main] DEBUG org.dbunit.database.search.AbstractMetaDataBasedSearchCallback  - getNodes(type=1, node=SCOPE, conn=Transaction-aware proxy for target Connection [jdbc:hsqldb:mem:kontrollDS, UserName=sw, HSQL Database Engine Driver], schema=null, metaData=org.apache.commons.dbcp.DelegatingDatabaseMetaData@6e55a0f5, edges=[]) - start
193856 [main] DEBUG org.dbunit.database.search.AbstractMetaDataBasedSearchCallback  - Getting edges for node SCOPE
193856 [main] TRACE org.dbunit.database.DatabaseConfig  - getProperty(name=http://www.dbunit.org/properties/metadataHandler) - start
193856 [main] TRACE org.dbunit.database.DefaultMetadataHandler  - tableExists(metaData=org.apache.commons.dbcp.DelegatingDatabaseMetaData@6e55a0f5, schemaName=null, tableName=SCOPE) - start
193857 [main] DEBUG org.dbunit.util.SQLHelper  - close(resultSet=org.apache.commons.dbcp.DelegatingResultSet@306566bb) - start
193857 [main] DEBUG org.dbunit.util.QualifiedTableName  - getQualifiedNameIfEnabled(config=org.dbunit.database.DatabaseConfig[, _propertyMap={http://www.dbunit.org/properties/statementFactory=org.dbunit.database.statement.PreparedStatementFactory@626bc2b8, http://www.dbunit.org/features/caseSensitiveTableNames=false, http://www.dbunit.org/properties/fetchSize=100, http://www.dbunit.org/features/batchedStatements=false, http://www.dbunit.org/properties/metadataHandler=org.dbunit.database.DefaultMetadataHandler@3eeace42, http://www.dbunit.org/properties/datatypeFactory=org.dbunit.dataset.datatype.DefaultDataTypeFactory[_toleratedDeltaMap=org.dbunit.dataset.datatype.ToleratedDeltaMap@6452310a], http://www.dbunit.org/properties/escapePattern=null, http://www.dbunit.org/properties/batchSize=100, http://www.dbunit.org/features/qualifiedTableNames=false, http://www.dbunit.org/properties/tableType=[Ljava.lang.String;@5011bafa, http://www.dbunit.org/properties/resultSetTableFactory=org.dbunit.database.CachedResultSetTableFactory@10bcf083, http://www.dbunit.org/features/datatypeWarning=true}]) - start
193857 [main] TRACE org.dbunit.database.DatabaseConfig  - getFeature(name=http://www.dbunit.org/features/qualifiedTableNames) - start
193857 [main] TRACE org.dbunit.database.DatabaseConfig  - getProperty(name=http://www.dbunit.org/features/qualifiedTableNames) - start
193857 [main] DEBUG org.dbunit.util.QualifiedTableName  - Qualified table names feature is disabled. Returning plain table name
193857 [main] DEBUG org.dbunit.util.QualifiedTableName  - getQualifiedName(prefix=null, name=SCOPE, escapePattern=null) - start
193857 [main] DEBUG org.dbunit.util.QualifiedTableName  - getQualifiedNameIfEnabled(config=org.dbunit.database.DatabaseConfig[, _propertyMap={http://www.dbunit.org/properties/statementFactory=org.dbunit.database.statement.PreparedStatementFactory@626bc2b8, http://www.dbunit.org/features/caseSensitiveTableNames=false, http://www.dbunit.org/properties/fetchSize=100, http://www.dbunit.org/features/batchedStatements=false, http://www.dbunit.org/properties/metadataHandler=org.dbunit.database.DefaultMetadataHandler@3eeace42, http://www.dbunit.org/properties/datatypeFactory=org.dbunit.dataset.datatype.DefaultDataTypeFactory[_toleratedDeltaMap=org.dbunit.dataset.datatype.ToleratedDeltaMap@6452310a], http://www.dbunit.org/properties/escapePattern=null, http://www.dbunit.org/properties/batchSize=100, http://www.dbunit.org/features/qualifiedTableNames=false, http://www.dbunit.org/properties/tableType=[Ljava.lang.String;@5011bafa, http://www.dbunit.org/properties/resultSetTableFactory=org.dbunit.database.CachedResultSetTableFactory@10bcf083, http://www.dbunit.org/features/datatypeWarning=true}]) - start
193857 [main] TRACE org.dbunit.database.DatabaseConfig  - getFeature(name=http://www.dbunit.org/features/qualifiedTableNames) - start
193857 [main] TRACE org.dbunit.database.DatabaseConfig  - getProperty(name=http://www.dbunit.org/features/qualifiedTableNames) - start
193857 [main] DEBUG org.dbunit.util.QualifiedTableName  - Qualified table names feature is disabled. Returning plain table name
193857 [main] DEBUG org.dbunit.util.QualifiedTableName  - getQualifiedName(prefix=null, name=SCOPE_REQUESTCONTEXT, escapePattern=null) - start
193857 [main] DEBUG org.dbunit.database.search.AbstractMetaDataBasedSearchCallback  - newEdge(rs=org.apache.commons.dbcp.DelegatingResultSet@1f6bc0b3, type=1, from=SCOPE, to=SCOPE_REQUESTCONTEXT, fkColumn=SCOPE_ID, pkColumn=ID) - start
193857 [main] DEBUG org.dbunit.database.search.AbstractMetaDataBasedSearchCallback  - createFKEdge(rs=org.apache.commons.dbcp.DelegatingResultSet@1f6bc0b3, type=1, from=SCOPE, to=SCOPE_REQUESTCONTEXT, fkColumn=SCOPE_ID, pkColumn=ID) - start
193857 [main] DEBUG org.dbunit.database.search.AbstractMetaDataBasedSearchCallback  - Adding edge SCOPE_REQUESTCONTEXT(SCOPE_ID)->SCOPE(ID)
193857 [main] DEBUG org.dbunit.util.search.Edge  - compareTo(o=SCOPE_REQUESTCONTEXT(SCOPE_ID)->SCOPE(ID)) - start
193857 [main] DEBUG org.dbunit.util.QualifiedTableName  - getQualifiedNameIfEnabled(config=org.dbunit.database.DatabaseConfig[, _propertyMap={http://www.dbunit.org/properties/statementFactory=org.dbunit.database.statement.PreparedStatementFactory@626bc2b8, http://www.dbunit.org/features/caseSensitiveTableNames=false, http://www.dbunit.org/properties/fetchSize=100, http://www.dbunit.org/features/batchedStatements=false, http://www.dbunit.org/properties/metadataHandler=org.dbunit.database.DefaultMetadataHandler@3eeace42, http://www.dbunit.org/properties/datatypeFactory=org.dbunit.dataset.datatype.DefaultDataTypeFactory[_toleratedDeltaMap=org.dbunit.dataset.datatype.ToleratedDeltaMap@6452310a], http://www.dbunit.org/properties/escapePattern=null, http://www.dbunit.org/properties/batchSize=100, http://www.dbunit.org/features/qualifiedTableNames=false, http://www.dbunit.org/properties/tableType=[Ljava.lang.String;@5011bafa, http://www.dbunit.org/properties/resultSetTableFactory=org.dbunit.database.CachedResultSetTableFactory@10bcf083, http://www.dbunit.org/features/datatypeWarning=true}]) - start
193858 [main] TRACE org.dbunit.database.DatabaseConfig  - getFeature(name=http://www.dbunit.org/features/qualifiedTableNames) - start
193858 [main] TRACE org.dbunit.database.DatabaseConfig  - getProperty(name=http://www.dbunit.org/features/qualifiedTableNames) - start
193858 [main] DEBUG org.dbunit.util.QualifiedTableName  - Qualified table names feature is disabled. Returning plain table name
193858 [main] DEBUG org.dbunit.util.QualifiedTableName  - getQualifiedName(prefix=null, name=SCOPE, escapePattern=null) - start
193858 [main] DEBUG org.dbunit.util.QualifiedTableName  - getQualifiedNameIfEnabled(config=org.dbunit.database.DatabaseConfig[, _propertyMap={http://www.dbunit.org/properties/statementFactory=org.dbunit.database.statement.PreparedStatementFactory@626bc2b8, http://www.dbunit.org/features/caseSensitiveTableNames=false, http://www.dbunit.org/properties/fetchSize=100, http://www.dbunit.org/features/batchedStatements=false, http://www.dbunit.org/properties/metadataHandler=org.dbunit.database.DefaultMetadataHandler@3eeace42, http://www.dbunit.org/properties/datatypeFactory=org.dbunit.dataset.datatype.DefaultDataTypeFactory[_toleratedDeltaMap=org.dbunit.dataset.datatype.ToleratedDeltaMap@6452310a], http://www.dbunit.org/properties/escapePattern=null, http://www.dbunit.org/properties/batchSize=100, http://www.dbunit.org/features/qualifiedTableNames=false, http://www.dbunit.org/properties/tableType=[Ljava.lang.String;@5011bafa, http://www.dbunit.org/properties/resultSetTableFactory=org.dbunit.database.CachedResultSetTableFactory@10bcf083, http://www.dbunit.org/features/datatypeWarning=true}]) - start
193858 [main] TRACE org.dbunit.database.DatabaseConfig  - getFeature(name=http://www.dbunit.org/features/qualifiedTableNames) - start
193858 [main] TRACE org.dbunit.database.DatabaseConfig  - getProperty(name=http://www.dbunit.org/features/qualifiedTableNames) - start
193858 [main] DEBUG org.dbunit.util.QualifiedTableName  - Qualified table names feature is disabled. Returning plain table name
193858 [main] DEBUG org.dbunit.util.QualifiedTableName  - getQualifiedName(prefix=null, name=SCOPEDCONTENT, escapePattern=null) - start
193858 [main] DEBUG org.dbunit.database.search.AbstractMetaDataBasedSearchCallback  - newEdge(rs=org.apache.commons.dbcp.DelegatingResultSet@1f6bc0b3, type=1, from=SCOPE, to=SCOPEDCONTENT, fkColumn=SCOPE, pkColumn=ID) - start
193858 [main] DEBUG org.dbunit.database.search.AbstractMetaDataBasedSearchCallback  - createFKEdge(rs=org.apache.commons.dbcp.DelegatingResultSet@1f6bc0b3, type=1, from=SCOPE, to=SCOPEDCONTENT, fkColumn=SCOPE, pkColumn=ID) - start
193858 [main] DEBUG org.dbunit.database.search.AbstractMetaDataBasedSearchCallback  - Adding edge SCOPEDCONTENT(SCOPE)->SCOPE(ID)
193858 [main] DEBUG org.dbunit.util.search.Edge  - compareTo(o=SCOPE_REQUESTCONTEXT(SCOPE_ID)->SCOPE(ID)) - start
193858 [main] DEBUG org.dbunit.util.SQLHelper  - close(resultSet=org.apache.commons.dbcp.DelegatingResultSet@1f6bc0b3) - start
193858 [main] DEBUG org.dbunit.util.search.DepthFirstSearch  - search:SCOPE
193858 [main] DEBUG org.dbunit.util.search.DepthFirstSearch  - already searched; returning true
193858 [main] DEBUG org.dbunit.util.search.DepthFirstSearch  - search:SCOPE
193858 [main] DEBUG org.dbunit.util.search.DepthFirstSearch  - already searched; returning true
193858 [main] DEBUG org.dbunit.util.search.DepthFirstSearch  - Adding node SCOPE to the final result
193858 [main] DEBUG org.dbunit.database.search.TablesDependencyHelper  - getDirectDependentTables(connection=_databaseConfig=org.dbunit.database.DatabaseConfig[, _propertyMap={http://www.dbunit.org/properties/statementFactory=org.dbunit.database.statement.PreparedStatementFactory@626bc2b8, http://www.dbunit.org/features/caseSensitiveTableNames=false, http://www.dbunit.org/properties/fetchSize=100, http://www.dbunit.org/features/batchedStatements=false, http://www.dbunit.org/properties/metadataHandler=org.dbunit.database.DefaultMetadataHandler@3eeace42, http://www.dbunit.org/properties/datatypeFactory=org.dbunit.dataset.datatype.DefaultDataTypeFactory[_toleratedDeltaMap=org.dbunit.dataset.datatype.ToleratedDeltaMap@6452310a], http://www.dbunit.org/properties/escapePattern=null, http://www.dbunit.org/properties/batchSize=100, http://www.dbunit.org/features/qualifiedTableNames=false, http://www.dbunit.org/properties/tableType=[Ljava.lang.String;@5011bafa, http://www.dbunit.org/properties/resultSetTableFactory=org.dbunit.database.CachedResultSetTableFactory@10bcf083, http://www.dbunit.org/features/datatypeWarning=true}], _dataSet=AbstractDataSet[_orderedTableNameMap=null], tableName=SCOPE) - start
193858 [main] DEBUG org.dbunit.util.search.DepthFirstSearch  - search(nodesFrom=[SCOPE], callback=org.dbunit.database.search.ImportedKeysSearchCallback@47dd0537) - start
193858 [main] DEBUG org.dbunit.util.CollectionsHelper  - objectsToSet(objects=SCOPE) - start
193858 [main] DEBUG org.dbunit.util.search.DepthFirstSearch  - search(nodesFrom=[SCOPE], callback=org.dbunit.database.search.ImportedKeysSearchCallback@47dd0537) - start
193859 [main] DEBUG org.dbunit.util.search.DepthFirstSearch  - reverseSearch:SCOPE
193859 [main] DEBUG org.dbunit.database.search.ImportedKeysSearchCallback  - searchNode(node=SCOPE) - start
193859 [main] DEBUG org.dbunit.util.search.DepthFirstSearch  - Pushing (reverse) SCOPE
193859 [main] DEBUG org.dbunit.database.search.ImportedKeysSearchCallback  - getEdges(node=SCOPE) - start
193859 [main] DEBUG org.dbunit.database.search.AbstractMetaDataBasedSearchCallback  - getNodesFromImportedKeys(node=SCOPE) - start
193859 [main] DEBUG org.dbunit.database.search.AbstractMetaDataBasedSearchCallback  - getNodes(type=0, node=SCOPE) - start
193859 [main] DEBUG org.dbunit.database.DatabaseDataSourceConnection  - getConnection() - start
193859 [main] DEBUG org.dbunit.database.search.AbstractMetaDataBasedSearchCallback  - getNodes(type=0, node=SCOPE, conn=Transaction-aware proxy for target Connection [jdbc:hsqldb:mem:kontrollDS, UserName=sw, HSQL Database Engine Driver], schema=null, metaData=org.apache.commons.dbcp.DelegatingDatabaseMetaData@7f8182bc, edges=[]) - start
193859 [main] DEBUG org.dbunit.database.search.AbstractMetaDataBasedSearchCallback  - Getting edges for node SCOPE
193859 [main] TRACE org.dbunit.database.DatabaseConfig  - getProperty(name=http://www.dbunit.org/properties/metadataHandler) - start
193859 [main] TRACE org.dbunit.database.DefaultMetadataHandler  - tableExists(metaData=org.apache.commons.dbcp.DelegatingDatabaseMetaData@7f8182bc, schemaName=null, tableName=SCOPE) - start
193860 [main] DEBUG org.dbunit.util.SQLHelper  - close(resultSet=org.apache.commons.dbcp.DelegatingResultSet@7a784290) - start
193861 [main] DEBUG org.dbunit.util.SQLHelper  - close(resultSet=org.apache.commons.dbcp.DelegatingResultSet@3ec74b56) - start
193861 [main] DEBUG org.dbunit.util.search.DepthFirstSearch  - search:SCOPE
193861 [main] DEBUG org.dbunit.database.search.ImportedKeysSearchCallback  - searchNode(node=SCOPE) - start
193861 [main] DEBUG org.dbunit.util.search.DepthFirstSearch  - Pushing SCOPE
193861 [main] DEBUG org.dbunit.database.search.ImportedKeysSearchCallback  - getEdges(node=SCOPE) - start
193861 [main] DEBUG org.dbunit.database.search.AbstractMetaDataBasedSearchCallback  - getNodesFromImportedKeys(node=SCOPE) - start
193861 [main] DEBUG org.dbunit.database.search.AbstractMetaDataBasedSearchCallback  - getNodes(type=0, node=SCOPE) - start
193861 [main] DEBUG org.dbunit.database.DatabaseDataSourceConnection  - getConnection() - start
193861 [main] DEBUG org.dbunit.database.search.AbstractMetaDataBasedSearchCallback  - getNodes(type=0, node=SCOPE, conn=Transaction-aware proxy for target Connection [jdbc:hsqldb:mem:kontrollDS, UserName=sw, HSQL Database Engine Driver], schema=null, metaData=org.apache.commons.dbcp.DelegatingDatabaseMetaData@e231b4d, edges=[]) - start
193861 [main] DEBUG org.dbunit.database.search.AbstractMetaDataBasedSearchCallback  - Getting edges for node SCOPE
193861 [main] TRACE org.dbunit.database.DatabaseConfig  - getProperty(name=http://www.dbunit.org/properties/metadataHandler) - start
193861 [main] TRACE org.dbunit.database.DefaultMetadataHandler  - tableExists(metaData=org.apache.commons.dbcp.DelegatingDatabaseMetaData@e231b4d, schemaName=null, tableName=SCOPE) - start
193863 [main] DEBUG org.dbunit.util.SQLHelper  - close(resultSet=org.apache.commons.dbcp.DelegatingResultSet@6776321a) - start
193863 [main] DEBUG org.dbunit.util.SQLHelper  - close(resultSet=org.apache.commons.dbcp.DelegatingResultSet@3cf6fdfd) - start
193863 [main] DEBUG org.dbunit.util.search.DepthFirstSearch  - Adding node SCOPE to the final result
193863 [main] DEBUG org.dbunit.database.DatabaseSequenceFilter  - getDependencyInfo(connection=_databaseConfig=org.dbunit.database.DatabaseConfig[, _propertyMap={http://www.dbunit.org/properties/statementFactory=org.dbunit.database.statement.PreparedStatementFactory@626bc2b8, http://www.dbunit.org/features/caseSensitiveTableNames=false, http://www.dbunit.org/properties/fetchSize=100, http://www.dbunit.org/features/batchedStatements=false, http://www.dbunit.org/properties/metadataHandler=org.dbunit.database.DefaultMetadataHandler@3eeace42, http://www.dbunit.org/properties/datatypeFactory=org.dbunit.dataset.datatype.DefaultDataTypeFactory[_toleratedDeltaMap=org.dbunit.dataset.datatype.ToleratedDeltaMap@6452310a], http://www.dbunit.org/properties/escapePattern=null, http://www.dbunit.org/properties/batchSize=100, http://www.dbunit.org/features/qualifiedTableNames=false, http://www.dbunit.org/properties/tableType=[Ljava.lang.String;@5011bafa, http://www.dbunit.org/properties/resultSetTableFactory=org.dbunit.database.CachedResultSetTableFactory@10bcf083, http://www.dbunit.org/features/datatypeWarning=true}], _dataSet=AbstractDataSet[_orderedTableNameMap=null], tableName=SCOPEDCONTENT) - start
193863 [main] DEBUG org.dbunit.database.search.TablesDependencyHelper  - getDependentTables(connection=_databaseConfig=org.dbunit.database.DatabaseConfig[, _propertyMap={http://www.dbunit.org/properties/statementFactory=org.dbunit.database.statement.PreparedStatementFactory@626bc2b8, http://www.dbunit.org/features/caseSensitiveTableNames=false, http://www.dbunit.org/properties/fetchSize=100, http://www.dbunit.org/features/batchedStatements=false, http://www.dbunit.org/properties/metadataHandler=org.dbunit.database.DefaultMetadataHandler@3eeace42, http://www.dbunit.org/properties/datatypeFactory=org.dbunit.dataset.datatype.DefaultDataTypeFactory[_toleratedDeltaMap=org.dbunit.dataset.datatype.ToleratedDeltaMap@6452310a], http://www.dbunit.org/properties/escapePattern=null, http://www.dbunit.org/properties/batchSize=100, http://www.dbunit.org/features/qualifiedTableNames=false, http://www.dbunit.org/properties/tableType=[Ljava.lang.String;@5011bafa, http://www.dbunit.org/properties/resultSetTableFactory=org.dbunit.database.CachedResultSetTableFactory@10bcf083, http://www.dbunit.org/features/datatypeWarning=true}], _dataSet=AbstractDataSet[_orderedTableNameMap=null], rootTable=SCOPEDCONTENT) - start
193863 [main] DEBUG org.dbunit.database.search.TablesDependencyHelper  - getDependentTables(connection=_databaseConfig=org.dbunit.database.DatabaseConfig[, _propertyMap={http://www.dbunit.org/properties/statementFactory=org.dbunit.database.statement.PreparedStatementFactory@626bc2b8, http://www.dbunit.org/features/caseSensitiveTableNames=false, http://www.dbunit.org/properties/fetchSize=100, http://www.dbunit.org/features/batchedStatements=false, http://www.dbunit.org/properties/metadataHandler=org.dbunit.database.DefaultMetadataHandler@3eeace42, http://www.dbunit.org/properties/datatypeFactory=org.dbunit.dataset.datatype.DefaultDataTypeFactory[_toleratedDeltaMap=org.dbunit.dataset.datatype.ToleratedDeltaMap@6452310a], http://www.dbunit.org/properties/escapePattern=null, http://www.dbunit.org/properties/batchSize=100, http://www.dbunit.org/features/qualifiedTableNames=false, http://www.dbunit.org/properties/tableType=[Ljava.lang.String;@5011bafa, http://www.dbunit.org/properties/resultSetTableFactory=org.dbunit.database.CachedResultSetTableFactory@10bcf083, http://www.dbunit.org/features/datatypeWarning=true}], _dataSet=AbstractDataSet[_orderedTableNameMap=null], rootTables=[SCOPEDCONTENT]) - start
193863 [main] DEBUG org.dbunit.util.search.DepthFirstSearch  - search(nodesFrom=[SCOPEDCONTENT], callback=org.dbunit.database.search.ImportedKeysSearchCallback@39355f0) - start
193863 [main] DEBUG org.dbunit.util.CollectionsHelper  - objectsToSet(objects=SCOPEDCONTENT) - start
193863 [main] DEBUG org.dbunit.util.search.DepthFirstSearch  - search(nodesFrom=[SCOPEDCONTENT], callback=org.dbunit.database.search.ImportedKeysSearchCallback@39355f0) - start
193863 [main] DEBUG org.dbunit.util.search.DepthFirstSearch  - reverseSearch:SCOPEDCONTENT
193863 [main] DEBUG org.dbunit.database.search.ImportedKeysSearchCallback  - searchNode(node=SCOPEDCONTENT) - start
193863 [main] DEBUG org.dbunit.util.search.DepthFirstSearch  - Pushing (reverse) SCOPEDCONTENT
193863 [main] DEBUG org.dbunit.database.search.ImportedKeysSearchCallback  - getEdges(node=SCOPEDCONTENT) - start
193863 [main] DEBUG org.dbunit.database.search.AbstractMetaDataBasedSearchCallback  - getNodesFromImportedKeys(node=SCOPEDCONTENT) - start
193863 [main] DEBUG org.dbunit.database.search.AbstractMetaDataBasedSearchCallback  - getNodes(type=0, node=SCOPEDCONTENT) - start
193863 [main] DEBUG org.dbunit.database.DatabaseDataSourceConnection  - getConnection() - start
193863 [main] DEBUG org.dbunit.database.search.AbstractMetaDataBasedSearchCallback  - getNodes(type=0, node=SCOPEDCONTENT, conn=Transaction-aware proxy for target Connection [jdbc:hsqldb:mem:kontrollDS, UserName=sw, HSQL Database Engine Driver], schema=null, metaData=org.apache.commons.dbcp.DelegatingDatabaseMetaData@3def0165, edges=[]) - start
193864 [main] DEBUG org.dbunit.database.search.AbstractMetaDataBasedSearchCallback  - Getting edges for node SCOPEDCONTENT
193864 [main] TRACE org.dbunit.database.DatabaseConfig  - getProperty(name=http://www.dbunit.org/properties/metadataHandler) - start
193864 [main] TRACE org.dbunit.database.DefaultMetadataHandler  - tableExists(metaData=org.apache.commons.dbcp.DelegatingDatabaseMetaData@3def0165, schemaName=null, tableName=SCOPEDCONTENT) - start
193865 [main] DEBUG org.dbunit.util.SQLHelper  - close(resultSet=org.apache.commons.dbcp.DelegatingResultSet@76e4ba5c) - start
193865 [main] DEBUG org.dbunit.util.QualifiedTableName  - getQualifiedNameIfEnabled(config=org.dbunit.database.DatabaseConfig[, _propertyMap={http://www.dbunit.org/properties/statementFactory=org.dbunit.database.statement.PreparedStatementFactory@626bc2b8, http://www.dbunit.org/features/caseSensitiveTableNames=false, http://www.dbunit.org/properties/fetchSize=100, http://www.dbunit.org/features/batchedStatements=false, http://www.dbunit.org/properties/metadataHandler=org.dbunit.database.DefaultMetadataHandler@3eeace42, http://www.dbunit.org/properties/datatypeFactory=org.dbunit.dataset.datatype.DefaultDataTypeFactory[_toleratedDeltaMap=org.dbunit.dataset.datatype.ToleratedDeltaMap@6452310a], http://www.dbunit.org/properties/escapePattern=null, http://www.dbunit.org/properties/batchSize=100, http://www.dbunit.org/features/qualifiedTableNames=false, http://www.dbunit.org/properties/tableType=[Ljava.lang.String;@5011bafa, http://www.dbunit.org/properties/resultSetTableFactory=org.dbunit.database.CachedResultSetTableFactory@10bcf083, http://www.dbunit.org/features/datatypeWarning=true}]) - start
193865 [main] TRACE org.dbunit.database.DatabaseConfig  - getFeature(name=http://www.dbunit.org/features/qualifiedTableNames) - start
193865 [main] TRACE org.dbunit.database.DatabaseConfig  - getProperty(name=http://www.dbunit.org/features/qualifiedTableNames) - start
193865 [main] DEBUG org.dbunit.util.QualifiedTableName  - Qualified table names feature is disabled. Returning plain table name
193865 [main] DEBUG org.dbunit.util.QualifiedTableName  - getQualifiedName(prefix=null, name=SCOPEDCONTENT, escapePattern=null) - start
193865 [main] DEBUG org.dbunit.util.QualifiedTableName  - getQualifiedNameIfEnabled(config=org.dbunit.database.DatabaseConfig[, _propertyMap={http://www.dbunit.org/properties/statementFactory=org.dbunit.database.statement.PreparedStatementFactory@626bc2b8, http://www.dbunit.org/features/caseSensitiveTableNames=false, http://www.dbunit.org/properties/fetchSize=100, http://www.dbunit.org/features/batchedStatements=false, http://www.dbunit.org/properties/metadataHandler=org.dbunit.database.DefaultMetadataHandler@3eeace42, http://www.dbunit.org/properties/datatypeFactory=org.dbunit.dataset.datatype.DefaultDataTypeFactory[_toleratedDeltaMap=org.dbunit.dataset.datatype.ToleratedDeltaMap@6452310a], http://www.dbunit.org/properties/escapePattern=null, http://www.dbunit.org/properties/batchSize=100, http://www.dbunit.org/features/qualifiedTableNames=false, http://www.dbunit.org/properties/tableType=[Ljava.lang.String;@5011bafa, http://www.dbunit.org/properties/resultSetTableFactory=org.dbunit.database.CachedResultSetTableFactory@10bcf083, http://www.dbunit.org/features/datatypeWarning=true}]) - start
193865 [main] TRACE org.dbunit.database.DatabaseConfig  - getFeature(name=http://www.dbunit.org/features/qualifiedTableNames) - start
193865 [main] TRACE org.dbunit.database.DatabaseConfig  - getProperty(name=http://www.dbunit.org/features/qualifiedTableNames) - start
193865 [main] DEBUG org.dbunit.util.QualifiedTableName  - Qualified table names feature is disabled. Returning plain table name
193865 [main] DEBUG org.dbunit.util.QualifiedTableName  - getQualifiedName(prefix=null, name=SCOPE, escapePattern=null) - start
193865 [main] DEBUG org.dbunit.database.search.AbstractMetaDataBasedSearchCallback  - newEdge(rs=org.apache.commons.dbcp.DelegatingResultSet@5817dd0e, type=0, from=SCOPEDCONTENT, to=SCOPE, fkColumn=SCOPE, pkColumn=ID) - start
193865 [main] DEBUG org.dbunit.database.search.AbstractMetaDataBasedSearchCallback  - createFKEdge(rs=org.apache.commons.dbcp.DelegatingResultSet@5817dd0e, type=0, from=SCOPEDCONTENT, to=SCOPE, fkColumn=SCOPE, pkColumn=ID) - start
193865 [main] DEBUG org.dbunit.database.search.AbstractMetaDataBasedSearchCallback  - Adding edge SCOPEDCONTENT(SCOPE)->SCOPE(ID)
193865 [main] DEBUG org.dbunit.util.search.Edge  - compareTo(o=SCOPEDCONTENT(SCOPE)->SCOPE(ID)) - start
193865 [main] DEBUG org.dbunit.util.SQLHelper  - close(resultSet=org.apache.commons.dbcp.DelegatingResultSet@5817dd0e) - start
193865 [main] DEBUG org.dbunit.util.search.DepthFirstSearch  - search:SCOPEDCONTENT
193865 [main] DEBUG org.dbunit.database.search.ImportedKeysSearchCallback  - searchNode(node=SCOPEDCONTENT) - start
193865 [main] DEBUG org.dbunit.util.search.DepthFirstSearch  - Pushing SCOPEDCONTENT
193866 [main] DEBUG org.dbunit.database.search.ImportedKeysSearchCallback  - getEdges(node=SCOPEDCONTENT) - start
193866 [main] DEBUG org.dbunit.database.search.AbstractMetaDataBasedSearchCallback  - getNodesFromImportedKeys(node=SCOPEDCONTENT) - start
193866 [main] DEBUG org.dbunit.database.search.AbstractMetaDataBasedSearchCallback  - getNodes(type=0, node=SCOPEDCONTENT) - start
193866 [main] DEBUG org.dbunit.database.DatabaseDataSourceConnection  - getConnection() - start
193866 [main] DEBUG org.dbunit.database.search.AbstractMetaDataBasedSearchCallback  - getNodes(type=0, node=SCOPEDCONTENT, conn=Transaction-aware proxy for target Connection [jdbc:hsqldb:mem:kontrollDS, UserName=sw, HSQL Database Engine Driver], schema=null, metaData=org.apache.commons.dbcp.DelegatingDatabaseMetaData@6b1ef51, edges=[]) - start
193866 [main] DEBUG org.dbunit.database.search.AbstractMetaDataBasedSearchCallback  - Getting edges for node SCOPEDCONTENT
193866 [main] TRACE org.dbunit.database.DatabaseConfig  - getProperty(name=http://www.dbunit.org/properties/metadataHandler) - start
193866 [main] TRACE org.dbunit.database.DefaultMetadataHandler  - tableExists(metaData=org.apache.commons.dbcp.DelegatingDatabaseMetaData@6b1ef51, schemaName=null, tableName=SCOPEDCONTENT) - start
193876 [main] DEBUG org.dbunit.util.SQLHelper  - close(resultSet=org.apache.commons.dbcp.DelegatingResultSet@3c5217bc) - start
193877 [main] DEBUG org.dbunit.util.QualifiedTableName  - getQualifiedNameIfEnabled(config=org.dbunit.database.DatabaseConfig[, _propertyMap={http://www.dbunit.org/properties/statementFactory=org.dbunit.database.statement.PreparedStatementFactory@626bc2b8, http://www.dbunit.org/features/caseSensitiveTableNames=false, http://www.dbunit.org/properties/fetchSize=100, http://www.dbunit.org/features/batchedStatements=false, http://www.dbunit.org/properties/metadataHandler=org.dbunit.database.DefaultMetadataHandler@3eeace42, http://www.dbunit.org/properties/datatypeFactory=org.dbunit.dataset.datatype.DefaultDataTypeFactory[_toleratedDeltaMap=org.dbunit.dataset.datatype.ToleratedDeltaMap@6452310a], http://www.dbunit.org/properties/escapePattern=null, http://www.dbunit.org/properties/batchSize=100, http://www.dbunit.org/features/qualifiedTableNames=false, http://www.dbunit.org/properties/tableType=[Ljava.lang.String;@5011bafa, http://www.dbunit.org/properties/resultSetTableFactory=org.dbunit.database.CachedResultSetTableFactory@10bcf083, http://www.dbunit.org/features/datatypeWarning=true}]) - start
193877 [main] TRACE org.dbunit.database.DatabaseConfig  - getFeature(name=http://www.dbunit.org/features/qualifiedTableNames) - start
193877 [main] TRACE org.dbunit.database.DatabaseConfig  - getProperty(name=http://www.dbunit.org/features/qualifiedTableNames) - start
193877 [main] DEBUG org.dbunit.util.QualifiedTableName  - Qualified table names feature is disabled. Returning plain table name
193877 [main] DEBUG org.dbunit.util.QualifiedTableName  - getQualifiedName(prefix=null, name=SCOPEDCONTENT, escapePattern=null) - start
193877 [main] DEBUG org.dbunit.util.QualifiedTableName  - getQualifiedNameIfEnabled(config=org.dbunit.database.DatabaseConfig[, _propertyMap={http://www.dbunit.org/properties/statementFactory=org.dbunit.database.statement.PreparedStatementFactory@626bc2b8, http://www.dbunit.org/features/caseSensitiveTableNames=false, http://www.dbunit.org/properties/fetchSize=100, http://www.dbunit.org/features/batchedStatements=false, http://www.dbunit.org/properties/metadataHandler=org.dbunit.database.DefaultMetadataHandler@3eeace42, http://www.dbunit.org/properties/datatypeFactory=org.dbunit.dataset.datatype.DefaultDataTypeFactory[_toleratedDeltaMap=org.dbunit.dataset.datatype.ToleratedDeltaMap@6452310a], http://www.dbunit.org/properties/escapePattern=null, http://www.dbunit.org/properties/batchSize=100, http://www.dbunit.org/features/qualifiedTableNames=false, http://www.dbunit.org/properties/tableType=[Ljava.lang.String;@5011bafa, http://www.dbunit.org/properties/resultSetTableFactory=org.dbunit.database.CachedResultSetTableFactory@10bcf083, http://www.dbunit.org/features/datatypeWarning=true}]) - start
193877 [main] TRACE org.dbunit.database.DatabaseConfig  - getFeature(name=http://www.dbunit.org/features/qualifiedTableNames) - start
193877 [main] TRACE org.dbunit.database.DatabaseConfig  - getProperty(name=http://www.dbunit.org/features/qualifiedTableNames) - start
193877 [main] DEBUG org.dbunit.util.QualifiedTableName  - Qualified table names feature is disabled. Returning plain table name
193877 [main] DEBUG org.dbunit.util.QualifiedTableName  - getQualifiedName(prefix=null, name=SCOPE, escapePattern=null) - start
193878 [main] DEBUG org.dbunit.database.search.AbstractMetaDataBasedSearchCallback  - newEdge(rs=org.apache.commons.dbcp.DelegatingResultSet@1c027fa, type=0, from=SCOPEDCONTENT, to=SCOPE, fkColumn=SCOPE, pkColumn=ID) - start
193878 [main] DEBUG org.dbunit.database.search.AbstractMetaDataBasedSearchCallback  - createFKEdge(rs=org.apache.commons.dbcp.DelegatingResultSet@1c027fa, type=0, from=SCOPEDCONTENT, to=SCOPE, fkColumn=SCOPE, pkColumn=ID) - start
193878 [main] DEBUG org.dbunit.database.search.AbstractMetaDataBasedSearchCallback  - Adding edge SCOPEDCONTENT(SCOPE)->SCOPE(ID)
193878 [main] DEBUG org.dbunit.util.search.Edge  - compareTo(o=SCOPEDCONTENT(SCOPE)->SCOPE(ID)) - start
193878 [main] DEBUG org.dbunit.util.SQLHelper  - close(resultSet=org.apache.commons.dbcp.DelegatingResultSet@1c027fa) - start
193878 [main] DEBUG org.dbunit.util.search.DepthFirstSearch  - search:SCOPE
193878 [main] DEBUG org.dbunit.database.search.ImportedKeysSearchCallback  - searchNode(node=SCOPE) - start
193878 [main] DEBUG org.dbunit.util.search.DepthFirstSearch  - Pushing SCOPE
193878 [main] DEBUG org.dbunit.database.search.ImportedKeysSearchCallback  - getEdges(node=SCOPE) - start
193878 [main] DEBUG org.dbunit.database.search.AbstractMetaDataBasedSearchCallback  - getNodesFromImportedKeys(node=SCOPE) - start
193878 [main] DEBUG org.dbunit.database.search.AbstractMetaDataBasedSearchCallback  - getNodes(type=0, node=SCOPE) - start
193878 [main] DEBUG org.dbunit.database.DatabaseDataSourceConnection  - getConnection() - start
193878 [main] DEBUG org.dbunit.database.search.AbstractMetaDataBasedSearchCallback  - getNodes(type=0, node=SCOPE, conn=Transaction-aware proxy for target Connection [jdbc:hsqldb:mem:kontrollDS, UserName=sw, HSQL Database Engine Driver], schema=null, metaData=org.apache.commons.dbcp.DelegatingDatabaseMetaData@6e808efb, edges=[]) - start
193878 [main] DEBUG org.dbunit.database.search.AbstractMetaDataBasedSearchCallback  - Getting edges for node SCOPE
193878 [main] TRACE org.dbunit.database.DatabaseConfig  - getProperty(name=http://www.dbunit.org/properties/metadataHandler) - start
193878 [main] TRACE org.dbunit.database.DefaultMetadataHandler  - tableExists(metaData=org.apache.commons.dbcp.DelegatingDatabaseMetaData@6e808efb, schemaName=null, tableName=SCOPE) - start
193879 [main] DEBUG org.dbunit.util.SQLHelper  - close(resultSet=org.apache.commons.dbcp.DelegatingResultSet@6bc67bfb) - start
193879 [main] DEBUG org.dbunit.util.SQLHelper  - close(resultSet=org.apache.commons.dbcp.DelegatingResultSet@4ff0c642) - start
193879 [main] DEBUG org.dbunit.util.search.DepthFirstSearch  - Adding node SCOPE to the final result
193879 [main] DEBUG org.dbunit.util.search.DepthFirstSearch  - Adding node SCOPEDCONTENT to the final result
193879 [main] DEBUG org.dbunit.util.search.DepthFirstSearch  - reverseSearch:SCOPEDCONTENT
193879 [main] DEBUG org.dbunit.util.search.DepthFirstSearch  - already searched; returning true
193879 [main] DEBUG org.dbunit.util.search.DepthFirstSearch  - reverseSearch:SCOPE
193880 [main] DEBUG org.dbunit.database.search.ImportedKeysSearchCallback  - searchNode(node=SCOPE) - start
193880 [main] DEBUG org.dbunit.util.search.DepthFirstSearch  - Pushing (reverse) SCOPE
193880 [main] DEBUG org.dbunit.database.search.ImportedKeysSearchCallback  - getEdges(node=SCOPE) - start
193880 [main] DEBUG org.dbunit.database.search.AbstractMetaDataBasedSearchCallback  - getNodesFromImportedKeys(node=SCOPE) - start
193880 [main] DEBUG org.dbunit.database.search.AbstractMetaDataBasedSearchCallback  - getNodes(type=0, node=SCOPE) - start
193880 [main] DEBUG org.dbunit.database.DatabaseDataSourceConnection  - getConnection() - start
193880 [main] DEBUG org.dbunit.database.search.AbstractMetaDataBasedSearchCallback  - getNodes(type=0, node=SCOPE, conn=Transaction-aware proxy for target Connection [jdbc:hsqldb:mem:kontrollDS, UserName=sw, HSQL Database Engine Driver], schema=null, metaData=org.apache.commons.dbcp.DelegatingDatabaseMetaData@4868400e, edges=[]) - start
193880 [main] DEBUG org.dbunit.database.search.AbstractMetaDataBasedSearchCallback  - Getting edges for node SCOPE
193880 [main] TRACE org.dbunit.database.DatabaseConfig  - getProperty(name=http://www.dbunit.org/properties/metadataHandler) - start
193880 [main] TRACE org.dbunit.database.DefaultMetadataHandler  - tableExists(metaData=org.apache.commons.dbcp.DelegatingDatabaseMetaData@4868400e, schemaName=null, tableName=SCOPE) - start
193881 [main] DEBUG org.dbunit.util.SQLHelper  - close(resultSet=org.apache.commons.dbcp.DelegatingResultSet@3de1b0d2) - start
193881 [main] DEBUG org.dbunit.util.SQLHelper  - close(resultSet=org.apache.commons.dbcp.DelegatingResultSet@5b36d19e) - start
193881 [main] DEBUG org.dbunit.util.search.DepthFirstSearch  - search:SCOPEDCONTENT
193881 [main] DEBUG org.dbunit.util.search.DepthFirstSearch  - already searched; returning true
193881 [main] DEBUG org.dbunit.util.search.DepthFirstSearch  - search:SCOPE
193881 [main] DEBUG org.dbunit.util.search.DepthFirstSearch  - already searched; returning true
193881 [main] DEBUG org.dbunit.util.CollectionsHelper  - setToStrings(set=[SCOPE, SCOPEDCONTENT]) - start
193881 [main] DEBUG org.dbunit.database.search.TablesDependencyHelper  - getDependsOnTables(connection=_databaseConfig=org.dbunit.database.DatabaseConfig[, _propertyMap={http://www.dbunit.org/properties/statementFactory=org.dbunit.database.statement.PreparedStatementFactory@626bc2b8, http://www.dbunit.org/features/caseSensitiveTableNames=false, http://www.dbunit.org/properties/fetchSize=100, http://www.dbunit.org/features/batchedStatements=false, http://www.dbunit.org/properties/metadataHandler=org.dbunit.database.DefaultMetadataHandler@3eeace42, http://www.dbunit.org/properties/datatypeFactory=org.dbunit.dataset.datatype.DefaultDataTypeFactory[_toleratedDeltaMap=org.dbunit.dataset.datatype.ToleratedDeltaMap@6452310a], http://www.dbunit.org/properties/escapePattern=null, http://www.dbunit.org/properties/batchSize=100, http://www.dbunit.org/features/qualifiedTableNames=false, http://www.dbunit.org/properties/tableType=[Ljava.lang.String;@5011bafa, http://www.dbunit.org/properties/resultSetTableFactory=org.dbunit.database.CachedResultSetTableFactory@10bcf083, http://www.dbunit.org/features/datatypeWarning=true}], _dataSet=AbstractDataSet[_orderedTableNameMap=null], rootTable=SCOPEDCONTENT) - start
193881 [main] DEBUG org.dbunit.util.search.DepthFirstSearch  - search(nodesFrom=[SCOPEDCONTENT], callback=org.dbunit.database.search.ExportedKeysSearchCallback@702ca598) - start
193881 [main] DEBUG org.dbunit.util.CollectionsHelper  - objectsToSet(objects=SCOPEDCONTENT) - start
193881 [main] DEBUG org.dbunit.util.search.DepthFirstSearch  - search(nodesFrom=[SCOPEDCONTENT], callback=org.dbunit.database.search.ExportedKeysSearchCallback@702ca598) - start
193882 [main] DEBUG org.dbunit.util.search.DepthFirstSearch  - reverseSearch:SCOPEDCONTENT
193882 [main] DEBUG org.dbunit.database.search.ExportedKeysSearchCallback  - searchNode(node=SCOPEDCONTENT) - start
193882 [main] DEBUG org.dbunit.util.search.DepthFirstSearch  - Pushing (reverse) SCOPEDCONTENT
193882 [main] DEBUG org.dbunit.database.search.ExportedKeysSearchCallback  - getEdges(node=SCOPEDCONTENT) - start
193882 [main] DEBUG org.dbunit.database.search.AbstractMetaDataBasedSearchCallback  - getNodesFromExportedKeys(node=SCOPEDCONTENT) - start
193882 [main] DEBUG org.dbunit.database.search.AbstractMetaDataBasedSearchCallback  - getNodes(type=1, node=SCOPEDCONTENT) - start
193882 [main] DEBUG org.dbunit.database.DatabaseDataSourceConnection  - getConnection() - start
193882 [main] DEBUG org.dbunit.database.search.AbstractMetaDataBasedSearchCallback  - getNodes(type=1, node=SCOPEDCONTENT, conn=Transaction-aware proxy for target Connection [jdbc:hsqldb:mem:kontrollDS, UserName=sw, HSQL Database Engine Driver], schema=null, metaData=org.apache.commons.dbcp.DelegatingDatabaseMetaData@32bd7b1, edges=[]) - start
193882 [main] DEBUG org.dbunit.database.search.AbstractMetaDataBasedSearchCallback  - Getting edges for node SCOPEDCONTENT
193882 [main] TRACE org.dbunit.database.DatabaseConfig  - getProperty(name=http://www.dbunit.org/properties/metadataHandler) - start
193882 [main] TRACE org.dbunit.database.DefaultMetadataHandler  - tableExists(metaData=org.apache.commons.dbcp.DelegatingDatabaseMetaData@32bd7b1, schemaName=null, tableName=SCOPEDCONTENT) - start
193883 [main] DEBUG org.dbunit.util.SQLHelper  - close(resultSet=org.apache.commons.dbcp.DelegatingResultSet@4984f159) - start
193883 [main] DEBUG org.dbunit.util.QualifiedTableName  - getQualifiedNameIfEnabled(config=org.dbunit.database.DatabaseConfig[, _propertyMap={http://www.dbunit.org/properties/statementFactory=org.dbunit.database.statement.PreparedStatementFactory@626bc2b8, http://www.dbunit.org/features/caseSensitiveTableNames=false, http://www.dbunit.org/properties/fetchSize=100, http://www.dbunit.org/features/batchedStatements=false, http://www.dbunit.org/properties/metadataHandler=org.dbunit.database.DefaultMetadataHandler@3eeace42, http://www.dbunit.org/properties/datatypeFactory=org.dbunit.dataset.datatype.DefaultDataTypeFactory[_toleratedDeltaMap=org.dbunit.dataset.datatype.ToleratedDeltaMap@6452310a], http://www.dbunit.org/properties/escapePattern=null, http://www.dbunit.org/properties/batchSize=100, http://www.dbunit.org/features/qualifiedTableNames=false, http://www.dbunit.org/properties/tableType=[Ljava.lang.String;@5011bafa, http://www.dbunit.org/properties/resultSetTableFactory=org.dbunit.database.CachedResultSetTableFactory@10bcf083, http://www.dbunit.org/features/datatypeWarning=true}]) - start
193883 [main] TRACE org.dbunit.database.DatabaseConfig  - getFeature(name=http://www.dbunit.org/features/qualifiedTableNames) - start
193883 [main] TRACE org.dbunit.database.DatabaseConfig  - getProperty(name=http://www.dbunit.org/features/qualifiedTableNames) - start
193883 [main] DEBUG org.dbunit.util.QualifiedTableName  - Qualified table names feature is disabled. Returning plain table name
193883 [main] DEBUG org.dbunit.util.QualifiedTableName  - getQualifiedName(prefix=null, name=SCOPEDCONTENT, escapePattern=null) - start
193883 [main] DEBUG org.dbunit.util.QualifiedTableName  - getQualifiedNameIfEnabled(config=org.dbunit.database.DatabaseConfig[, _propertyMap={http://www.dbunit.org/properties/statementFactory=org.dbunit.database.statement.PreparedStatementFactory@626bc2b8, http://www.dbunit.org/features/caseSensitiveTableNames=false, http://www.dbunit.org/properties/fetchSize=100, http://www.dbunit.org/features/batchedStatements=false, http://www.dbunit.org/properties/metadataHandler=org.dbunit.database.DefaultMetadataHandler@3eeace42, http://www.dbunit.org/properties/datatypeFactory=org.dbunit.dataset.datatype.DefaultDataTypeFactory[_toleratedDeltaMap=org.dbunit.dataset.datatype.ToleratedDeltaMap@6452310a], http://www.dbunit.org/properties/escapePattern=null, http://www.dbunit.org/properties/batchSize=100, http://www.dbunit.org/features/qualifiedTableNames=false, http://www.dbunit.org/properties/tableType=[Ljava.lang.String;@5011bafa, http://www.dbunit.org/properties/resultSetTableFactory=org.dbunit.database.CachedResultSetTableFactory@10bcf083, http://www.dbunit.org/features/datatypeWarning=true}]) - start
193883 [main] TRACE org.dbunit.database.DatabaseConfig  - getFeature(name=http://www.dbunit.org/features/qualifiedTableNames) - start
193883 [main] TRACE org.dbunit.database.DatabaseConfig  - getProperty(name=http://www.dbunit.org/features/qualifiedTableNames) - start
193883 [main] DEBUG org.dbunit.util.QualifiedTableName  - Qualified table names feature is disabled. Returning plain table name
193883 [main] DEBUG org.dbunit.util.QualifiedTableName  - getQualifiedName(prefix=null, name=SCOPEDCONTENTCONDITIONS_SCOPEDCONTENT, escapePattern=null) - start
193884 [main] DEBUG org.dbunit.database.search.AbstractMetaDataBasedSearchCallback  - newEdge(rs=org.apache.commons.dbcp.DelegatingResultSet@2ee70912, type=1, from=SCOPEDCONTENT, to=SCOPEDCONTENTCONDITIONS_SCOPEDCONTENT, fkColumn=SCOPED_CONTENT_ID, pkColumn=ID) - start
193884 [main] DEBUG org.dbunit.database.search.AbstractMetaDataBasedSearchCallback  - createFKEdge(rs=org.apache.commons.dbcp.DelegatingResultSet@2ee70912, type=1, from=SCOPEDCONTENT, to=SCOPEDCONTENTCONDITIONS_SCOPEDCONTENT, fkColumn=SCOPED_CONTENT_ID, pkColumn=ID) - start
193884 [main] DEBUG org.dbunit.database.search.AbstractMetaDataBasedSearchCallback  - Adding edge SCOPEDCONTENTCONDITIONS_SCOPEDCONTENT(SCOPED_CONTENT_ID)->SCOPEDCONTENT(ID)
193884 [main] DEBUG org.dbunit.util.search.Edge  - compareTo(o=SCOPEDCONTENTCONDITIONS_SCOPEDCONTENT(SCOPED_CONTENT_ID)->SCOPEDCONTENT(ID)) - start
193884 [main] DEBUG org.dbunit.util.QualifiedTableName  - getQualifiedNameIfEnabled(config=org.dbunit.database.DatabaseConfig[, _propertyMap={http://www.dbunit.org/properties/statementFactory=org.dbunit.database.statement.PreparedStatementFactory@626bc2b8, http://www.dbunit.org/features/caseSensitiveTableNames=false, http://www.dbunit.org/properties/fetchSize=100, http://www.dbunit.org/features/batchedStatements=false, http://www.dbunit.org/properties/metadataHandler=org.dbunit.database.DefaultMetadataHandler@3eeace42, http://www.dbunit.org/properties/datatypeFactory=org.dbunit.dataset.datatype.DefaultDataTypeFactory[_toleratedDeltaMap=org.dbunit.dataset.datatype.ToleratedDeltaMap@6452310a], http://www.dbunit.org/properties/escapePattern=null, http://www.dbunit.org/properties/batchSize=100, http://www.dbunit.org/features/qualifiedTableNames=false, http://www.dbunit.org/properties/tableType=[Ljava.lang.String;@5011bafa, http://www.dbunit.org/properties/resultSetTableFactory=org.dbunit.database.CachedResultSetTableFactory@10bcf083, http://www.dbunit.org/features/datatypeWarning=true}]) - start
193884 [main] TRACE org.dbunit.database.DatabaseConfig  - getFeature(name=http://www.dbunit.org/features/qualifiedTableNames) - start
193884 [main] TRACE org.dbunit.database.DatabaseConfig  - getProperty(name=http://www.dbunit.org/features/qualifiedTableNames) - start
193884 [main] DEBUG org.dbunit.util.QualifiedTableName  - Qualified table names feature is disabled. Returning plain table name
193884 [main] DEBUG org.dbunit.util.QualifiedTableName  - getQualifiedName(prefix=null, name=SCOPEDCONTENT, escapePattern=null) - start
193884 [main] DEBUG org.dbunit.util.QualifiedTableName  - getQualifiedNameIfEnabled(config=org.dbunit.database.DatabaseConfig[, _propertyMap={http://www.dbunit.org/properties/statementFactory=org.dbunit.database.statement.PreparedStatementFactory@626bc2b8, http://www.dbunit.org/features/caseSensitiveTableNames=false, http://www.dbunit.org/properties/fetchSize=100, http://www.dbunit.org/features/batchedStatements=false, http://www.dbunit.org/properties/metadataHandler=org.dbunit.database.DefaultMetadataHandler@3eeace42, http://www.dbunit.org/properties/datatypeFactory=org.dbunit.dataset.datatype.DefaultDataTypeFactory[_toleratedDeltaMap=org.dbunit.dataset.datatype.ToleratedDeltaMap@6452310a], http://www.dbunit.org/properties/escapePattern=null, http://www.dbunit.org/properties/batchSize=100, http://www.dbunit.org/features/qualifiedTableNames=false, http://www.dbunit.org/properties/tableType=[Ljava.lang.String;@5011bafa, http://www.dbunit.org/properties/resultSetTableFactory=org.dbunit.database.CachedResultSetTableFactory@10bcf083, http://www.dbunit.org/features/datatypeWarning=true}]) - start
193884 [main] TRACE org.dbunit.database.DatabaseConfig  - getFeature(name=http://www.dbunit.org/features/qualifiedTableNames) - start
193884 [main] TRACE org.dbunit.database.DatabaseConfig  - getProperty(name=http://www.dbunit.org/features/qualifiedTableNames) - start
193884 [main] DEBUG org.dbunit.util.QualifiedTableName  - Qualified table names feature is disabled. Returning plain table name
193884 [main] DEBUG org.dbunit.util.QualifiedTableName  - getQualifiedName(prefix=null, name=SCOPEDCONTENT_SCOPEDCONTENTITEM, escapePattern=null) - start
193884 [main] DEBUG org.dbunit.database.search.AbstractMetaDataBasedSearchCallback  - newEdge(rs=org.apache.commons.dbcp.DelegatingResultSet@2ee70912, type=1, from=SCOPEDCONTENT, to=SCOPEDCONTENT_SCOPEDCONTENTITEM, fkColumn=SCOPED_CONTENT_ITEM_ID, pkColumn=ID) - start
193884 [main] DEBUG org.dbunit.database.search.AbstractMetaDataBasedSearchCallback  - createFKEdge(rs=org.apache.commons.dbcp.DelegatingResultSet@2ee70912, type=1, from=SCOPEDCONTENT, to=SCOPEDCONTENT_SCOPEDCONTENTITEM, fkColumn=SCOPED_CONTENT_ITEM_ID, pkColumn=ID) - start
193884 [main] DEBUG org.dbunit.database.search.AbstractMetaDataBasedSearchCallback  - Adding edge SCOPEDCONTENT_SCOPEDCONTENTITEM(SCOPED_CONTENT_ITEM_ID)->SCOPEDCONTENT(ID)
193884 [main] DEBUG org.dbunit.util.search.Edge  - compareTo(o=SCOPEDCONTENTCONDITIONS_SCOPEDCONTENT(SCOPED_CONTENT_ID)->SCOPEDCONTENT(ID)) - start
193884 [main] DEBUG org.dbunit.util.SQLHelper  - close(resultSet=org.apache.commons.dbcp.DelegatingResultSet@2ee70912) - start
193884 [main] DEBUG org.dbunit.util.search.DepthFirstSearch  - reverseSearch:SCOPEDCONTENTCONDITIONS_SCOPEDCONTENT
193884 [main] DEBUG org.dbunit.database.search.ExportedKeysSearchCallback  - searchNode(node=SCOPEDCONTENTCONDITIONS_SCOPEDCONTENT) - start
193884 [main] DEBUG org.dbunit.util.search.DepthFirstSearch  - Pushing (reverse) SCOPEDCONTENTCONDITIONS_SCOPEDCONTENT
193884 [main] DEBUG org.dbunit.database.search.ExportedKeysSearchCallback  - getEdges(node=SCOPEDCONTENTCONDITIONS_SCOPEDCONTENT) - start
193885 [main] DEBUG org.dbunit.database.search.AbstractMetaDataBasedSearchCallback  - getNodesFromExportedKeys(node=SCOPEDCONTENTCONDITIONS_SCOPEDCONTENT) - start
193885 [main] DEBUG org.dbunit.database.search.AbstractMetaDataBasedSearchCallback  - getNodes(type=1, node=SCOPEDCONTENTCONDITIONS_SCOPEDCONTENT) - start
193885 [main] DEBUG org.dbunit.database.DatabaseDataSourceConnection  - getConnection() - start
193885 [main] DEBUG org.dbunit.database.search.AbstractMetaDataBasedSearchCallback  - getNodes(type=1, node=SCOPEDCONTENTCONDITIONS_SCOPEDCONTENT, conn=Transaction-aware proxy for target Connection [jdbc:hsqldb:mem:kontrollDS, UserName=sw, HSQL Database Engine Driver], schema=null, metaData=org.apache.commons.dbcp.DelegatingDatabaseMetaData@420494cc, edges=[]) - start
193885 [main] DEBUG org.dbunit.database.search.AbstractMetaDataBasedSearchCallback  - Getting edges for node SCOPEDCONTENTCONDITIONS_SCOPEDCONTENT
193885 [main] TRACE org.dbunit.database.DatabaseConfig  - getProperty(name=http://www.dbunit.org/properties/metadataHandler) - start
193885 [main] TRACE org.dbunit.database.DefaultMetadataHandler  - tableExists(metaData=org.apache.commons.dbcp.DelegatingDatabaseMetaData@420494cc, schemaName=null, tableName=SCOPEDCONTENTCONDITIONS_SCOPEDCONTENT) - start
193886 [main] DEBUG org.dbunit.util.SQLHelper  - close(resultSet=org.apache.commons.dbcp.DelegatingResultSet@5b3d5cb4) - start
193886 [main] DEBUG org.dbunit.util.SQLHelper  - close(resultSet=org.apache.commons.dbcp.DelegatingResultSet@163d6da5) - start
193886 [main] DEBUG org.dbunit.util.search.DepthFirstSearch  - reverseSearch:SCOPEDCONTENT_SCOPEDCONTENTITEM
193886 [main] DEBUG org.dbunit.database.search.ExportedKeysSearchCallback  - searchNode(node=SCOPEDCONTENT_SCOPEDCONTENTITEM) - start
193886 [main] DEBUG org.dbunit.util.search.DepthFirstSearch  - Pushing (reverse) SCOPEDCONTENT_SCOPEDCONTENTITEM
193886 [main] DEBUG org.dbunit.database.search.ExportedKeysSearchCallback  - getEdges(node=SCOPEDCONTENT_SCOPEDCONTENTITEM) - start
193886 [main] DEBUG org.dbunit.database.search.AbstractMetaDataBasedSearchCallback  - getNodesFromExportedKeys(node=SCOPEDCONTENT_SCOPEDCONTENTITEM) - start
193886 [main] DEBUG org.dbunit.database.search.AbstractMetaDataBasedSearchCallback  - getNodes(type=1, node=SCOPEDCONTENT_SCOPEDCONTENTITEM) - start
193886 [main] DEBUG org.dbunit.database.DatabaseDataSourceConnection  - getConnection() - start
193887 [main] DEBUG org.dbunit.database.search.AbstractMetaDataBasedSearchCallback  - getNodes(type=1, node=SCOPEDCONTENT_SCOPEDCONTENTITEM, conn=Transaction-aware proxy for target Connection [jdbc:hsqldb:mem:kontrollDS, UserName=sw, HSQL Database Engine Driver], schema=null, metaData=org.apache.commons.dbcp.DelegatingDatabaseMetaData@1ae9770b, edges=[]) - start
193887 [main] DEBUG org.dbunit.database.search.AbstractMetaDataBasedSearchCallback  - Getting edges for node SCOPEDCONTENT_SCOPEDCONTENTITEM
193887 [main] TRACE org.dbunit.database.DatabaseConfig  - getProperty(name=http://www.dbunit.org/properties/metadataHandler) - start
193887 [main] TRACE org.dbunit.database.DefaultMetadataHandler  - tableExists(metaData=org.apache.commons.dbcp.DelegatingDatabaseMetaData@1ae9770b, schemaName=null, tableName=SCOPEDCONTENT_SCOPEDCONTENTITEM) - start
193888 [main] DEBUG org.dbunit.util.SQLHelper  - close(resultSet=org.apache.commons.dbcp.DelegatingResultSet@717dc8f3) - start
193888 [main] DEBUG org.dbunit.util.SQLHelper  - close(resultSet=org.apache.commons.dbcp.DelegatingResultSet@1100e670) - start
193888 [main] DEBUG org.dbunit.util.search.DepthFirstSearch  - search:SCOPEDCONTENTCONDITIONS_SCOPEDCONTENT
193888 [main] DEBUG org.dbunit.database.search.ExportedKeysSearchCallback  - searchNode(node=SCOPEDCONTENTCONDITIONS_SCOPEDCONTENT) - start
193888 [main] DEBUG org.dbunit.util.search.DepthFirstSearch  - Pushing SCOPEDCONTENTCONDITIONS_SCOPEDCONTENT
193888 [main] DEBUG org.dbunit.database.search.ExportedKeysSearchCallback  - getEdges(node=SCOPEDCONTENTCONDITIONS_SCOPEDCONTENT) - start
193888 [main] DEBUG org.dbunit.database.search.AbstractMetaDataBasedSearchCallback  - getNodesFromExportedKeys(node=SCOPEDCONTENTCONDITIONS_SCOPEDCONTENT) - start
193888 [main] DEBUG org.dbunit.database.search.AbstractMetaDataBasedSearchCallback  - getNodes(type=1, node=SCOPEDCONTENTCONDITIONS_SCOPEDCONTENT) - start
193888 [main] DEBUG org.dbunit.database.DatabaseDataSourceConnection  - getConnection() - start
193888 [main] DEBUG org.dbunit.database.search.AbstractMetaDataBasedSearchCallback  - getNodes(type=1, node=SCOPEDCONTENTCONDITIONS_SCOPEDCONTENT, conn=Transaction-aware proxy for target Connection [jdbc:hsqldb:mem:kontrollDS, UserName=sw, HSQL Database Engine Driver], schema=null, metaData=org.apache.commons.dbcp.DelegatingDatabaseMetaData@5218cbc8, edges=[]) - start
193888 [main] DEBUG org.dbunit.database.search.AbstractMetaDataBasedSearchCallback  - Getting edges for node SCOPEDCONTENTCONDITIONS_SCOPEDCONTENT
193888 [main] TRACE org.dbunit.database.DatabaseConfig  - getProperty(name=http://www.dbunit.org/properties/metadataHandler) - start
193888 [main] TRACE org.dbunit.database.DefaultMetadataHandler  - tableExists(metaData=org.apache.commons.dbcp.DelegatingDatabaseMetaData@5218cbc8, schemaName=null, tableName=SCOPEDCONTENTCONDITIONS_SCOPEDCONTENT) - start
193889 [main] DEBUG org.dbunit.util.SQLHelper  - close(resultSet=org.apache.commons.dbcp.DelegatingResultSet@4b7fa803) - start
193890 [main] DEBUG org.dbunit.util.SQLHelper  - close(resultSet=org.apache.commons.dbcp.DelegatingResultSet@2bae2a04) - start
193890 [main] DEBUG org.dbunit.util.search.DepthFirstSearch  - Adding node SCOPEDCONTENTCONDITIONS_SCOPEDCONTENT to the final result
193890 [main] DEBUG org.dbunit.util.search.DepthFirstSearch  - search:SCOPEDCONTENT_SCOPEDCONTENTITEM
193890 [main] DEBUG org.dbunit.database.search.ExportedKeysSearchCallback  - searchNode(node=SCOPEDCONTENT_SCOPEDCONTENTITEM) - start
193890 [main] DEBUG org.dbunit.util.search.DepthFirstSearch  - Pushing SCOPEDCONTENT_SCOPEDCONTENTITEM
193890 [main] DEBUG org.dbunit.database.search.ExportedKeysSearchCallback  - getEdges(node=SCOPEDCONTENT_SCOPEDCONTENTITEM) - start
193890 [main] DEBUG org.dbunit.database.search.AbstractMetaDataBasedSearchCallback  - getNodesFromExportedKeys(node=SCOPEDCONTENT_SCOPEDCONTENTITEM) - start
193891 [main] DEBUG org.dbunit.database.search.AbstractMetaDataBasedSearchCallback  - getNodes(type=1, node=SCOPEDCONTENT_SCOPEDCONTENTITEM) - start
193891 [main] DEBUG org.dbunit.database.DatabaseDataSourceConnection  - getConnection() - start
193891 [main] DEBUG org.dbunit.database.search.AbstractMetaDataBasedSearchCallback  - getNodes(type=1, node=SCOPEDCONTENT_SCOPEDCONTENTITEM, conn=Transaction-aware proxy for target Connection [jdbc:hsqldb:mem:kontrollDS, UserName=sw, HSQL Database Engine Driver], schema=null, metaData=org.apache.commons.dbcp.DelegatingDatabaseMetaData@37488303, edges=[]) - start
193891 [main] DEBUG org.dbunit.database.search.AbstractMetaDataBasedSearchCallback  - Getting edges for node SCOPEDCONTENT_SCOPEDCONTENTITEM
193891 [main] TRACE org.dbunit.database.DatabaseConfig  - getProperty(name=http://www.dbunit.org/properties/metadataHandler) - start
193891 [main] TRACE org.dbunit.database.DefaultMetadataHandler  - tableExists(metaData=org.apache.commons.dbcp.DelegatingDatabaseMetaData@37488303, schemaName=null, tableName=SCOPEDCONTENT_SCOPEDCONTENTITEM) - start
193892 [main] DEBUG org.dbunit.util.SQLHelper  - close(resultSet=org.apache.commons.dbcp.DelegatingResultSet@34b99ae3) - start
193892 [main] DEBUG org.dbunit.util.SQLHelper  - close(resultSet=org.apache.commons.dbcp.DelegatingResultSet@6083afa5) - start
193892 [main] DEBUG org.dbunit.util.search.DepthFirstSearch  - Adding node SCOPEDCONTENT_SCOPEDCONTENTITEM to the final result
193892 [main] DEBUG org.dbunit.util.search.DepthFirstSearch  - search:SCOPEDCONTENT
193892 [main] DEBUG org.dbunit.database.search.ExportedKeysSearchCallback  - searchNode(node=SCOPEDCONTENT) - start
193892 [main] DEBUG org.dbunit.util.search.DepthFirstSearch  - Pushing SCOPEDCONTENT
193892 [main] DEBUG org.dbunit.database.search.ExportedKeysSearchCallback  - getEdges(node=SCOPEDCONTENT) - start
193892 [main] DEBUG org.dbunit.database.search.AbstractMetaDataBasedSearchCallback  - getNodesFromExportedKeys(node=SCOPEDCONTENT) - start
193892 [main] DEBUG org.dbunit.database.search.AbstractMetaDataBasedSearchCallback  - getNodes(type=1, node=SCOPEDCONTENT) - start
193892 [main] DEBUG org.dbunit.database.DatabaseDataSourceConnection  - getConnection() - start
193892 [main] DEBUG org.dbunit.database.search.AbstractMetaDataBasedSearchCallback  - getNodes(type=1, node=SCOPEDCONTENT, conn=Transaction-aware proxy for target Connection [jdbc:hsqldb:mem:kontrollDS, UserName=sw, HSQL Database Engine Driver], schema=null, metaData=org.apache.commons.dbcp.DelegatingDatabaseMetaData@6580ab23, edges=[]) - start
193892 [main] DEBUG org.dbunit.database.search.AbstractMetaDataBasedSearchCallback  - Getting edges for node SCOPEDCONTENT
193892 [main] TRACE org.dbunit.database.DatabaseConfig  - getProperty(name=http://www.dbunit.org/properties/metadataHandler) - start
193892 [main] TRACE org.dbunit.database.DefaultMetadataHandler  - tableExists(metaData=org.apache.commons.dbcp.DelegatingDatabaseMetaData@6580ab23, schemaName=null, tableName=SCOPEDCONTENT) - start
193893 [main] DEBUG org.dbunit.util.SQLHelper  - close(resultSet=org.apache.commons.dbcp.DelegatingResultSet@1830133) - start
193894 [main] DEBUG org.dbunit.util.QualifiedTableName  - getQualifiedNameIfEnabled(config=org.dbunit.database.DatabaseConfig[, _propertyMap={http://www.dbunit.org/properties/statementFactory=org.dbunit.database.statement.PreparedStatementFactory@626bc2b8, http://www.dbunit.org/features/caseSensitiveTableNames=false, http://www.dbunit.org/properties/fetchSize=100, http://www.dbunit.org/features/batchedStatements=false, http://www.dbunit.org/properties/metadataHandler=org.dbunit.database.DefaultMetadataHandler@3eeace42, http://www.dbunit.org/properties/datatypeFactory=org.dbunit.dataset.datatype.DefaultDataTypeFactory[_toleratedDeltaMap=org.dbunit.dataset.datatype.ToleratedDeltaMap@6452310a], http://www.dbunit.org/properties/escapePattern=null, http://www.dbunit.org/properties/batchSize=100, http://www.dbunit.org/features/qualifiedTableNames=false, http://www.dbunit.org/properties/tableType=[Ljava.lang.String;@5011bafa, http://www.dbunit.org/properties/resultSetTableFactory=org.dbunit.database.CachedResultSetTableFactory@10bcf083, http://www.dbunit.org/features/datatypeWarning=true}]) - start
193894 [main] TRACE org.dbunit.database.DatabaseConfig  - getFeature(name=http://www.dbunit.org/features/qualifiedTableNames) - start
193894 [main] TRACE org.dbunit.database.DatabaseConfig  - getProperty(name=http://www.dbunit.org/features/qualifiedTableNames) - start
193894 [main] DEBUG org.dbunit.util.QualifiedTableName  - Qualified table names feature is disabled. Returning plain table name
193894 [main] DEBUG org.dbunit.util.QualifiedTableName  - getQualifiedName(prefix=null, name=SCOPEDCONTENT, escapePattern=null) - start
193894 [main] DEBUG org.dbunit.util.QualifiedTableName  - getQualifiedNameIfEnabled(config=org.dbunit.database.DatabaseConfig[, _propertyMap={http://www.dbunit.org/properties/statementFactory=org.dbunit.database.statement.PreparedStatementFactory@626bc2b8, http://www.dbunit.org/features/caseSensitiveTableNames=false, http://www.dbunit.org/properties/fetchSize=100, http://www.dbunit.org/features/batchedStatements=false, http://www.dbunit.org/properties/metadataHandler=org.dbunit.database.DefaultMetadataHandler@3eeace42, http://www.dbunit.org/properties/datatypeFactory=org.dbunit.dataset.datatype.DefaultDataTypeFactory[_toleratedDeltaMap=org.dbunit.dataset.datatype.ToleratedDeltaMap@6452310a], http://www.dbunit.org/properties/escapePattern=null, http://www.dbunit.org/properties/batchSize=100, http://www.dbunit.org/features/qualifiedTableNames=false, http://www.dbunit.org/properties/tableType=[Ljava.lang.String;@5011bafa, http://www.dbunit.org/properties/resultSetTableFactory=org.dbunit.database.CachedResultSetTableFactory@10bcf083, http://www.dbunit.org/features/datatypeWarning=true}]) - start
193894 [main] TRACE org.dbunit.database.DatabaseConfig  - getFeature(name=http://www.dbunit.org/features/qualifiedTableNames) - start
193894 [main] TRACE org.dbunit.database.DatabaseConfig  - getProperty(name=http://www.dbunit.org/features/qualifiedTableNames) - start
193894 [main] DEBUG org.dbunit.util.QualifiedTableName  - Qualified table names feature is disabled. Returning plain table name
193894 [main] DEBUG org.dbunit.util.QualifiedTableName  - getQualifiedName(prefix=null, name=SCOPEDCONTENTCONDITIONS_SCOPEDCONTENT, escapePattern=null) - start
193894 [main] DEBUG org.dbunit.database.search.AbstractMetaDataBasedSearchCallback  - newEdge(rs=org.apache.commons.dbcp.DelegatingResultSet@4b6e96e1, type=1, from=SCOPEDCONTENT, to=SCOPEDCONTENTCONDITIONS_SCOPEDCONTENT, fkColumn=SCOPED_CONTENT_ID, pkColumn=ID) - start
193895 [main] DEBUG org.dbunit.database.search.AbstractMetaDataBasedSearchCallback  - createFKEdge(rs=org.apache.commons.dbcp.DelegatingResultSet@4b6e96e1, type=1, from=SCOPEDCONTENT, to=SCOPEDCONTENTCONDITIONS_SCOPEDCONTENT, fkColumn=SCOPED_CONTENT_ID, pkColumn=ID) - start
193895 [main] DEBUG org.dbunit.database.search.AbstractMetaDataBasedSearchCallback  - Adding edge SCOPEDCONTENTCONDITIONS_SCOPEDCONTENT(SCOPED_CONTENT_ID)->SCOPEDCONTENT(ID)
193895 [main] DEBUG org.dbunit.util.search.Edge  - compareTo(o=SCOPEDCONTENTCONDITIONS_SCOPEDCONTENT(SCOPED_CONTENT_ID)->SCOPEDCONTENT(ID)) - start
193895 [main] DEBUG org.dbunit.util.QualifiedTableName  - getQualifiedNameIfEnabled(config=org.dbunit.database.DatabaseConfig[, _propertyMap={http://www.dbunit.org/properties/statementFactory=org.dbunit.database.statement.PreparedStatementFactory@626bc2b8, http://www.dbunit.org/features/caseSensitiveTableNames=false, http://www.dbunit.org/properties/fetchSize=100, http://www.dbunit.org/features/batchedStatements=false, http://www.dbunit.org/properties/metadataHandler=org.dbunit.database.DefaultMetadataHandler@3eeace42, http://www.dbunit.org/properties/datatypeFactory=org.dbunit.dataset.datatype.DefaultDataTypeFactory[_toleratedDeltaMap=org.dbunit.dataset.datatype.ToleratedDeltaMap@6452310a], http://www.dbunit.org/properties/escapePattern=null, http://www.dbunit.org/properties/batchSize=100, http://www.dbunit.org/features/qualifiedTableNames=false, http://www.dbunit.org/properties/tableType=[Ljava.lang.String;@5011bafa, http://www.dbunit.org/properties/resultSetTableFactory=org.dbunit.database.CachedResultSetTableFactory@10bcf083, http://www.dbunit.org/features/datatypeWarning=true}]) - start
193895 [main] TRACE org.dbunit.database.DatabaseConfig  - getFeature(name=http://www.dbunit.org/features/qualifiedTableNames) - start
193895 [main] TRACE org.dbunit.database.DatabaseConfig  - getProperty(name=http://www.dbunit.org/features/qualifiedTableNames) - start
193895 [main] DEBUG org.dbunit.util.QualifiedTableName  - Qualified table names feature is disabled. Returning plain table name
193895 [main] DEBUG org.dbunit.util.QualifiedTableName  - getQualifiedName(prefix=null, name=SCOPEDCONTENT, escapePattern=null) - start
193895 [main] DEBUG org.dbunit.util.QualifiedTableName  - getQualifiedNameIfEnabled(config=org.dbunit.database.DatabaseConfig[, _propertyMap={http://www.dbunit.org/properties/statementFactory=org.dbunit.database.statement.PreparedStatementFactory@626bc2b8, http://www.dbunit.org/features/caseSensitiveTableNames=false, http://www.dbunit.org/properties/fetchSize=100, http://www.dbunit.org/features/batchedStatements=false, http://www.dbunit.org/properties/metadataHandler=org.dbunit.database.DefaultMetadataHandler@3eeace42, http://www.dbunit.org/properties/datatypeFactory=org.dbunit.dataset.datatype.DefaultDataTypeFactory[_toleratedDeltaMap=org.dbunit.dataset.datatype.ToleratedDeltaMap@6452310a], http://www.dbunit.org/properties/escapePattern=null, http://www.dbunit.org/properties/batchSize=100, http://www.dbunit.org/features/qualifiedTableNames=false, http://www.dbunit.org/properties/tableType=[Ljava.lang.String;@5011bafa, http://www.dbunit.org/properties/resultSetTableFactory=org.dbunit.database.CachedResultSetTableFactory@10bcf083, http://www.dbunit.org/features/datatypeWarning=true}]) - start
193895 [main] TRACE org.dbunit.database.DatabaseConfig  - getFeature(name=http://www.dbunit.org/features/qualifiedTableNames) - start
193895 [main] TRACE org.dbunit.database.DatabaseConfig  - getProperty(name=http://www.dbunit.org/features/qualifiedTableNames) - start
193895 [main] DEBUG org.dbunit.util.QualifiedTableName  - Qualified table names feature is disabled. Returning plain table name
193895 [main] DEBUG org.dbunit.util.QualifiedTableName  - getQualifiedName(prefix=null, name=SCOPEDCONTENT_SCOPEDCONTENTITEM, escapePattern=null) - start
193895 [main] DEBUG org.dbunit.database.search.AbstractMetaDataBasedSearchCallback  - newEdge(rs=org.apache.commons.dbcp.DelegatingResultSet@4b6e96e1, type=1, from=SCOPEDCONTENT, to=SCOPEDCONTENT_SCOPEDCONTENTITEM, fkColumn=SCOPED_CONTENT_ITEM_ID, pkColumn=ID) - start
193895 [main] DEBUG org.dbunit.database.search.AbstractMetaDataBasedSearchCallback  - createFKEdge(rs=org.apache.commons.dbcp.DelegatingResultSet@4b6e96e1, type=1, from=SCOPEDCONTENT, to=SCOPEDCONTENT_SCOPEDCONTENTITEM, fkColumn=SCOPED_CONTENT_ITEM_ID, pkColumn=ID) - start
193895 [main] DEBUG org.dbunit.database.search.AbstractMetaDataBasedSearchCallback  - Adding edge SCOPEDCONTENT_SCOPEDCONTENTITEM(SCOPED_CONTENT_ITEM_ID)->SCOPEDCONTENT(ID)
193895 [main] DEBUG org.dbunit.util.search.Edge  - compareTo(o=SCOPEDCONTENTCONDITIONS_SCOPEDCONTENT(SCOPED_CONTENT_ID)->SCOPEDCONTENT(ID)) - start
193895 [main] DEBUG org.dbunit.util.SQLHelper  - close(resultSet=org.apache.commons.dbcp.DelegatingResultSet@4b6e96e1) - start
193895 [main] DEBUG org.dbunit.util.search.DepthFirstSearch  - search:SCOPEDCONTENT
193895 [main] DEBUG org.dbunit.util.search.DepthFirstSearch  - already searched; returning true
193895 [main] DEBUG org.dbunit.util.search.DepthFirstSearch  - search:SCOPEDCONTENT
193895 [main] DEBUG org.dbunit.util.search.DepthFirstSearch  - already searched; returning true
193895 [main] DEBUG org.dbunit.util.search.DepthFirstSearch  - Adding node SCOPEDCONTENT to the final result
193895 [main] DEBUG org.dbunit.util.CollectionsHelper  - setToStrings(set=[SCOPEDCONTENTCONDITIONS_SCOPEDCONTENT, SCOPEDCONTENT_SCOPEDCONTENTITEM, SCOPEDCONTENT]) - start
193896 [main] DEBUG org.dbunit.database.search.TablesDependencyHelper  - getDirectDependsOnTables(connection=_databaseConfig=org.dbunit.database.DatabaseConfig[, _propertyMap={http://www.dbunit.org/properties/statementFactory=org.dbunit.database.statement.PreparedStatementFactory@626bc2b8, http://www.dbunit.org/features/caseSensitiveTableNames=false, http://www.dbunit.org/properties/fetchSize=100, http://www.dbunit.org/features/batchedStatements=false, http://www.dbunit.org/properties/metadataHandler=org.dbunit.database.DefaultMetadataHandler@3eeace42, http://www.dbunit.org/properties/datatypeFactory=org.dbunit.dataset.datatype.DefaultDataTypeFactory[_toleratedDeltaMap=org.dbunit.dataset.datatype.ToleratedDeltaMap@6452310a], http://www.dbunit.org/properties/escapePattern=null, http://www.dbunit.org/properties/batchSize=100, http://www.dbunit.org/features/qualifiedTableNames=false, http://www.dbunit.org/properties/tableType=[Ljava.lang.String;@5011bafa, http://www.dbunit.org/properties/resultSetTableFactory=org.dbunit.database.CachedResultSetTableFactory@10bcf083, http://www.dbunit.org/features/datatypeWarning=true}], _dataSet=AbstractDataSet[_orderedTableNameMap=null], tableName=SCOPEDCONTENT) - start
193896 [main] DEBUG org.dbunit.util.search.DepthFirstSearch  - search(nodesFrom=[SCOPEDCONTENT], callback=org.dbunit.database.search.ExportedKeysSearchCallback@4b4d164d) - start
193896 [main] DEBUG org.dbunit.util.CollectionsHelper  - objectsToSet(objects=SCOPEDCONTENT) - start
193896 [main] DEBUG org.dbunit.util.search.DepthFirstSearch  - search(nodesFrom=[SCOPEDCONTENT], callback=org.dbunit.database.search.ExportedKeysSearchCallback@4b4d164d) - start
193896 [main] DEBUG org.dbunit.util.search.DepthFirstSearch  - reverseSearch:SCOPEDCONTENT
193896 [main] DEBUG org.dbunit.database.search.ExportedKeysSearchCallback  - searchNode(node=SCOPEDCONTENT) - start
193896 [main] DEBUG org.dbunit.util.search.DepthFirstSearch  - Pushing (reverse) SCOPEDCONTENT
193896 [main] DEBUG org.dbunit.database.search.ExportedKeysSearchCallback  - getEdges(node=SCOPEDCONTENT) - start
193896 [main] DEBUG org.dbunit.database.search.AbstractMetaDataBasedSearchCallback  - getNodesFromExportedKeys(node=SCOPEDCONTENT) - start
193896 [main] DEBUG org.dbunit.database.search.AbstractMetaDataBasedSearchCallback  - getNodes(type=1, node=SCOPEDCONTENT) - start
193896 [main] DEBUG org.dbunit.database.DatabaseDataSourceConnection  - getConnection() - start
193896 [main] DEBUG org.dbunit.database.search.AbstractMetaDataBasedSearchCallback  - getNodes(type=1, node=SCOPEDCONTENT, conn=Transaction-aware proxy for target Connection [jdbc:hsqldb:mem:kontrollDS, UserName=sw, HSQL Database Engine Driver], schema=null, metaData=org.apache.commons.dbcp.DelegatingDatabaseMetaData@31f33fda, edges=[]) - start
193896 [main] DEBUG org.dbunit.database.search.AbstractMetaDataBasedSearchCallback  - Getting edges for node SCOPEDCONTENT
193896 [main] TRACE org.dbunit.database.DatabaseConfig  - getProperty(name=http://www.dbunit.org/properties/metadataHandler) - start
193896 [main] TRACE org.dbunit.database.DefaultMetadataHandler  - tableExists(metaData=org.apache.commons.dbcp.DelegatingDatabaseMetaData@31f33fda, schemaName=null, tableName=SCOPEDCONTENT) - start
193897 [main] DEBUG org.dbunit.util.SQLHelper  - close(resultSet=org.apache.commons.dbcp.DelegatingResultSet@294481e4) - start
193897 [main] DEBUG org.dbunit.util.QualifiedTableName  - getQualifiedNameIfEnabled(config=org.dbunit.database.DatabaseConfig[, _propertyMap={http://www.dbunit.org/properties/statementFactory=org.dbunit.database.statement.PreparedStatementFactory@626bc2b8, http://www.dbunit.org/features/caseSensitiveTableNames=false, http://www.dbunit.org/properties/fetchSize=100, http://www.dbunit.org/features/batchedStatements=false, http://www.dbunit.org/properties/metadataHandler=org.dbunit.database.DefaultMetadataHandler@3eeace42, http://www.dbunit.org/properties/datatypeFactory=org.dbunit.dataset.datatype.DefaultDataTypeFactory[_toleratedDeltaMap=org.dbunit.dataset.datatype.ToleratedDeltaMap@6452310a], http://www.dbunit.org/properties/escapePattern=null, http://www.dbunit.org/properties/batchSize=100, http://www.dbunit.org/features/qualifiedTableNames=false, http://www.dbunit.org/properties/tableType=[Ljava.lang.String;@5011bafa, http://www.dbunit.org/properties/resultSetTableFactory=org.dbunit.database.CachedResultSetTableFactory@10bcf083, http://www.dbunit.org/features/datatypeWarning=true}]) - start
193898 [main] TRACE org.dbunit.database.DatabaseConfig  - getFeature(name=http://www.dbunit.org/features/qualifiedTableNames) - start
193898 [main] TRACE org.dbunit.database.DatabaseConfig  - getProperty(name=http://www.dbunit.org/features/qualifiedTableNames) - start
193898 [main] DEBUG org.dbunit.util.QualifiedTableName  - Qualified table names feature is disabled. Returning plain table name
193898 [main] DEBUG org.dbunit.util.QualifiedTableName  - getQualifiedName(prefix=null, name=SCOPEDCONTENT, escapePattern=null) - start
193898 [main] DEBUG org.dbunit.util.QualifiedTableName  - getQualifiedNameIfEnabled(config=org.dbunit.database.DatabaseConfig[, _propertyMap={http://www.dbunit.org/properties/statementFactory=org.dbunit.database.statement.PreparedStatementFactory@626bc2b8, http://www.dbunit.org/features/caseSensitiveTableNames=false, http://www.dbunit.org/properties/fetchSize=100, http://www.dbunit.org/features/batchedStatements=false, http://www.dbunit.org/properties/metadataHandler=org.dbunit.database.DefaultMetadataHandler@3eeace42, http://www.dbunit.org/properties/datatypeFactory=org.dbunit.dataset.datatype.DefaultDataTypeFactory[_toleratedDeltaMap=org.dbunit.dataset.datatype.ToleratedDeltaMap@6452310a], http://www.dbunit.org/properties/escapePattern=null, http://www.dbunit.org/properties/batchSize=100, http://www.dbunit.org/features/qualifiedTableNames=false, http://www.dbunit.org/properties/tableType=[Ljava.lang.String;@5011bafa, http://www.dbunit.org/properties/resultSetTableFactory=org.dbunit.database.CachedResultSetTableFactory@10bcf083, http://www.dbunit.org/features/datatypeWarning=true}]) - start
193898 [main] TRACE org.dbunit.database.DatabaseConfig  - getFeature(name=http://www.dbunit.org/features/qualifiedTableNames) - start
193898 [main] TRACE org.dbunit.database.DatabaseConfig  - getProperty(name=http://www.dbunit.org/features/qualifiedTableNames) - start
193898 [main] DEBUG org.dbunit.util.QualifiedTableName  - Qualified table names feature is disabled. Returning plain table name
193898 [main] DEBUG org.dbunit.util.QualifiedTableName  - getQualifiedName(prefix=null, name=SCOPEDCONTENTCONDITIONS_SCOPEDCONTENT, escapePattern=null) - start
193898 [main] DEBUG org.dbunit.database.search.AbstractMetaDataBasedSearchCallback  - newEdge(rs=org.apache.commons.dbcp.DelegatingResultSet@38f1916a, type=1, from=SCOPEDCONTENT, to=SCOPEDCONTENTCONDITIONS_SCOPEDCONTENT, fkColumn=SCOPED_CONTENT_ID, pkColumn=ID) - start
193898 [main] DEBUG org.dbunit.database.search.AbstractMetaDataBasedSearchCallback  - createFKEdge(rs=org.apache.commons.dbcp.DelegatingResultSet@38f1916a, type=1, from=SCOPEDCONTENT, to=SCOPEDCONTENTCONDITIONS_SCOPEDCONTENT, fkColumn=SCOPED_CONTENT_ID, pkColumn=ID) - start
193898 [main] DEBUG org.dbunit.database.search.AbstractMetaDataBasedSearchCallback  - Adding edge SCOPEDCONTENTCONDITIONS_SCOPEDCONTENT(SCOPED_CONTENT_ID)->SCOPEDCONTENT(ID)
193898 [main] DEBUG org.dbunit.util.search.Edge  - compareTo(o=SCOPEDCONTENTCONDITIONS_SCOPEDCONTENT(SCOPED_CONTENT_ID)->SCOPEDCONTENT(ID)) - start
193898 [main] DEBUG org.dbunit.util.QualifiedTableName  - getQualifiedNameIfEnabled(config=org.dbunit.database.DatabaseConfig[, _propertyMap={http://www.dbunit.org/properties/statementFactory=org.dbunit.database.statement.PreparedStatementFactory@626bc2b8, http://www.dbunit.org/features/caseSensitiveTableNames=false, http://www.dbunit.org/properties/fetchSize=100, http://www.dbunit.org/features/batchedStatements=false, http://www.dbunit.org/properties/metadataHandler=org.dbunit.database.DefaultMetadataHandler@3eeace42, http://www.dbunit.org/properties/datatypeFactory=org.dbunit.dataset.datatype.DefaultDataTypeFactory[_toleratedDeltaMap=org.dbunit.dataset.datatype.ToleratedDeltaMap@6452310a], http://www.dbunit.org/properties/escapePattern=null, http://www.dbunit.org/properties/batchSize=100, http://www.dbunit.org/features/qualifiedTableNames=false, http://www.dbunit.org/properties/tableType=[Ljava.lang.String;@5011bafa, http://www.dbunit.org/properties/resultSetTableFactory=org.dbunit.database.CachedResultSetTableFactory@10bcf083, http://www.dbunit.org/features/datatypeWarning=true}]) - start
193898 [main] TRACE org.dbunit.database.DatabaseConfig  - getFeature(name=http://www.dbunit.org/features/qualifiedTableNames) - start
193898 [main] TRACE org.dbunit.database.DatabaseConfig  - getProperty(name=http://www.dbunit.org/features/qualifiedTableNames) - start
193898 [main] DEBUG org.dbunit.util.QualifiedTableName  - Qualified table names feature is disabled. Returning plain table name
193898 [main] DEBUG org.dbunit.util.QualifiedTableName  - getQualifiedName(prefix=null, name=SCOPEDCONTENT, escapePattern=null) - start
193898 [main] DEBUG org.dbunit.util.QualifiedTableName  - getQualifiedNameIfEnabled(config=org.dbunit.database.DatabaseConfig[, _propertyMap={http://www.dbunit.org/properties/statementFactory=org.dbunit.database.statement.PreparedStatementFactory@626bc2b8, http://www.dbunit.org/features/caseSensitiveTableNames=false, http://www.dbunit.org/properties/fetchSize=100, http://www.dbunit.org/features/batchedStatements=false, http://www.dbunit.org/properties/metadataHandler=org.dbunit.database.DefaultMetadataHandler@3eeace42, http://www.dbunit.org/properties/datatypeFactory=org.dbunit.dataset.datatype.DefaultDataTypeFactory[_toleratedDeltaMap=org.dbunit.dataset.datatype.ToleratedDeltaMap@6452310a], http://www.dbunit.org/properties/escapePattern=null, http://www.dbunit.org/properties/batchSize=100, http://www.dbunit.org/features/qualifiedTableNames=false, http://www.dbunit.org/properties/tableType=[Ljava.lang.String;@5011bafa, http://www.dbunit.org/properties/resultSetTableFactory=org.dbunit.database.CachedResultSetTableFactory@10bcf083, http://www.dbunit.org/features/datatypeWarning=true}]) - start
193898 [main] TRACE org.dbunit.database.DatabaseConfig  - getFeature(name=http://www.dbunit.org/features/qualifiedTableNames) - start
193898 [main] TRACE org.dbunit.database.DatabaseConfig  - getProperty(name=http://www.dbunit.org/features/qualifiedTableNames) - start
193898 [main] DEBUG org.dbunit.util.QualifiedTableName  - Qualified table names feature is disabled. Returning plain table name
193898 [main] DEBUG org.dbunit.util.QualifiedTableName  - getQualifiedName(prefix=null, name=SCOPEDCONTENT_SCOPEDCONTENTITEM, escapePattern=null) - start
193898 [main] DEBUG org.dbunit.database.search.AbstractMetaDataBasedSearchCallback  - newEdge(rs=org.apache.commons.dbcp.DelegatingResultSet@38f1916a, type=1, from=SCOPEDCONTENT, to=SCOPEDCONTENT_SCOPEDCONTENTITEM, fkColumn=SCOPED_CONTENT_ITEM_ID, pkColumn=ID) - start
193898 [main] DEBUG org.dbunit.database.search.AbstractMetaDataBasedSearchCallback  - createFKEdge(rs=org.apache.commons.dbcp.DelegatingResultSet@38f1916a, type=1, from=SCOPEDCONTENT, to=SCOPEDCONTENT_SCOPEDCONTENTITEM, fkColumn=SCOPED_CONTENT_ITEM_ID, pkColumn=ID) - start
193898 [main] DEBUG org.dbunit.database.search.AbstractMetaDataBasedSearchCallback  - Adding edge SCOPEDCONTENT_SCOPEDCONTENTITEM(SCOPED_CONTENT_ITEM_ID)->SCOPEDCONTENT(ID)
193898 [main] DEBUG org.dbunit.util.search.Edge  - compareTo(o=SCOPEDCONTENTCONDITIONS_SCOPEDCONTENT(SCOPED_CONTENT_ID)->SCOPEDCONTENT(ID)) - start
193899 [main] DEBUG org.dbunit.util.SQLHelper  - close(resultSet=org.apache.commons.dbcp.DelegatingResultSet@38f1916a) - start
193899 [main] DEBUG org.dbunit.util.search.DepthFirstSearch  - reverseSearch:SCOPEDCONTENTCONDITIONS_SCOPEDCONTENT
193899 [main] DEBUG org.dbunit.database.search.ExportedKeysSearchCallback  - searchNode(node=SCOPEDCONTENTCONDITIONS_SCOPEDCONTENT) - start
193899 [main] DEBUG org.dbunit.util.search.DepthFirstSearch  - Pushing (reverse) SCOPEDCONTENTCONDITIONS_SCOPEDCONTENT
193899 [main] DEBUG org.dbunit.database.search.ExportedKeysSearchCallback  - getEdges(node=SCOPEDCONTENTCONDITIONS_SCOPEDCONTENT) - start
193899 [main] DEBUG org.dbunit.database.search.AbstractMetaDataBasedSearchCallback  - getNodesFromExportedKeys(node=SCOPEDCONTENTCONDITIONS_SCOPEDCONTENT) - start
193899 [main] DEBUG org.dbunit.database.search.AbstractMetaDataBasedSearchCallback  - getNodes(type=1, node=SCOPEDCONTENTCONDITIONS_SCOPEDCONTENT) - start
193899 [main] DEBUG org.dbunit.database.DatabaseDataSourceConnection  - getConnection() - start
193899 [main] DEBUG org.dbunit.database.search.AbstractMetaDataBasedSearchCallback  - getNodes(type=1, node=SCOPEDCONTENTCONDITIONS_SCOPEDCONTENT, conn=Transaction-aware proxy for target Connection [jdbc:hsqldb:mem:kontrollDS, UserName=sw, HSQL Database Engine Driver], schema=null, metaData=org.apache.commons.dbcp.DelegatingDatabaseMetaData@7b81e35a, edges=[]) - start
193899 [main] DEBUG org.dbunit.database.search.AbstractMetaDataBasedSearchCallback  - Getting edges for node SCOPEDCONTENTCONDITIONS_SCOPEDCONTENT
193899 [main] TRACE org.dbunit.database.DatabaseConfig  - getProperty(name=http://www.dbunit.org/properties/metadataHandler) - start
193899 [main] TRACE org.dbunit.database.DefaultMetadataHandler  - tableExists(metaData=org.apache.commons.dbcp.DelegatingDatabaseMetaData@7b81e35a, schemaName=null, tableName=SCOPEDCONTENTCONDITIONS_SCOPEDCONTENT) - start
193900 [main] DEBUG org.dbunit.util.SQLHelper  - close(resultSet=org.apache.commons.dbcp.DelegatingResultSet@70445e2c) - start
193901 [main] DEBUG org.dbunit.util.SQLHelper  - close(resultSet=org.apache.commons.dbcp.DelegatingResultSet@353f1131) - start
193901 [main] DEBUG org.dbunit.util.search.DepthFirstSearch  - reverseSearch:SCOPEDCONTENT_SCOPEDCONTENTITEM
193901 [main] DEBUG org.dbunit.database.search.ExportedKeysSearchCallback  - searchNode(node=SCOPEDCONTENT_SCOPEDCONTENTITEM) - start
193901 [main] DEBUG org.dbunit.util.search.DepthFirstSearch  - Pushing (reverse) SCOPEDCONTENT_SCOPEDCONTENTITEM
193901 [main] DEBUG org.dbunit.util.search.DepthFirstSearch  - search:SCOPEDCONTENTCONDITIONS_SCOPEDCONTENT
193901 [main] DEBUG org.dbunit.database.search.ExportedKeysSearchCallback  - searchNode(node=SCOPEDCONTENTCONDITIONS_SCOPEDCONTENT) - start
193901 [main] DEBUG org.dbunit.util.search.DepthFirstSearch  - Pushing SCOPEDCONTENTCONDITIONS_SCOPEDCONTENT
193901 [main] DEBUG org.dbunit.database.search.ExportedKeysSearchCallback  - getEdges(node=SCOPEDCONTENTCONDITIONS_SCOPEDCONTENT) - start
193901 [main] DEBUG org.dbunit.database.search.AbstractMetaDataBasedSearchCallback  - getNodesFromExportedKeys(node=SCOPEDCONTENTCONDITIONS_SCOPEDCONTENT) - start
193901 [main] DEBUG org.dbunit.database.search.AbstractMetaDataBasedSearchCallback  - getNodes(type=1, node=SCOPEDCONTENTCONDITIONS_SCOPEDCONTENT) - start
193901 [main] DEBUG org.dbunit.database.DatabaseDataSourceConnection  - getConnection() - start
193901 [main] DEBUG org.dbunit.database.search.AbstractMetaDataBasedSearchCallback  - getNodes(type=1, node=SCOPEDCONTENTCONDITIONS_SCOPEDCONTENT, conn=Transaction-aware proxy for target Connection [jdbc:hsqldb:mem:kontrollDS, UserName=sw, HSQL Database Engine Driver], schema=null, metaData=org.apache.commons.dbcp.DelegatingDatabaseMetaData@3f81c346, edges=[]) - start
193901 [main] DEBUG org.dbunit.database.search.AbstractMetaDataBasedSearchCallback  - Getting edges for node SCOPEDCONTENTCONDITIONS_SCOPEDCONTENT
193901 [main] TRACE org.dbunit.database.DatabaseConfig  - getProperty(name=http://www.dbunit.org/properties/metadataHandler) - start
193901 [main] TRACE org.dbunit.database.DefaultMetadataHandler  - tableExists(metaData=org.apache.commons.dbcp.DelegatingDatabaseMetaData@3f81c346, schemaName=null, tableName=SCOPEDCONTENTCONDITIONS_SCOPEDCONTENT) - start
193902 [main] DEBUG org.dbunit.util.SQLHelper  - close(resultSet=org.apache.commons.dbcp.DelegatingResultSet@5445337f) - start
193902 [main] DEBUG org.dbunit.util.SQLHelper  - close(resultSet=org.apache.commons.dbcp.DelegatingResultSet@a0ff17f) - start
193902 [main] DEBUG org.dbunit.util.search.DepthFirstSearch  - Adding node SCOPEDCONTENTCONDITIONS_SCOPEDCONTENT to the final result
193902 [main] DEBUG org.dbunit.util.search.DepthFirstSearch  - search:SCOPEDCONTENT_SCOPEDCONTENTITEM
193902 [main] DEBUG org.dbunit.database.search.ExportedKeysSearchCallback  - searchNode(node=SCOPEDCONTENT_SCOPEDCONTENTITEM) - start
193902 [main] DEBUG org.dbunit.util.search.DepthFirstSearch  - Pushing SCOPEDCONTENT_SCOPEDCONTENTITEM
193902 [main] DEBUG org.dbunit.database.search.ExportedKeysSearchCallback  - getEdges(node=SCOPEDCONTENT_SCOPEDCONTENTITEM) - start
193902 [main] DEBUG org.dbunit.database.search.AbstractMetaDataBasedSearchCallback  - getNodesFromExportedKeys(node=SCOPEDCONTENT_SCOPEDCONTENTITEM) - start
193903 [main] DEBUG org.dbunit.database.search.AbstractMetaDataBasedSearchCallback  - getNodes(type=1, node=SCOPEDCONTENT_SCOPEDCONTENTITEM) - start
193903 [main] DEBUG org.dbunit.database.DatabaseDataSourceConnection  - getConnection() - start
193903 [main] DEBUG org.dbunit.database.search.AbstractMetaDataBasedSearchCallback  - getNodes(type=1, node=SCOPEDCONTENT_SCOPEDCONTENTITEM, conn=Transaction-aware proxy for target Connection [jdbc:hsqldb:mem:kontrollDS, UserName=sw, HSQL Database Engine Driver], schema=null, metaData=org.apache.commons.dbcp.DelegatingDatabaseMetaData@1cb7ce02, edges=[]) - start
193903 [main] DEBUG org.dbunit.database.search.AbstractMetaDataBasedSearchCallback  - Getting edges for node SCOPEDCONTENT_SCOPEDCONTENTITEM
193903 [main] TRACE org.dbunit.database.DatabaseConfig  - getProperty(name=http://www.dbunit.org/properties/metadataHandler) - start
193903 [main] TRACE org.dbunit.database.DefaultMetadataHandler  - tableExists(metaData=org.apache.commons.dbcp.DelegatingDatabaseMetaData@1cb7ce02, schemaName=null, tableName=SCOPEDCONTENT_SCOPEDCONTENTITEM) - start
193904 [main] DEBUG org.dbunit.util.SQLHelper  - close(resultSet=org.apache.commons.dbcp.DelegatingResultSet@7286e28) - start
193904 [main] DEBUG org.dbunit.util.SQLHelper  - close(resultSet=org.apache.commons.dbcp.DelegatingResultSet@7c65cc50) - start
193904 [main] DEBUG org.dbunit.util.search.DepthFirstSearch  - Adding node SCOPEDCONTENT_SCOPEDCONTENTITEM to the final result
193904 [main] DEBUG org.dbunit.util.search.DepthFirstSearch  - search:SCOPEDCONTENT
193904 [main] DEBUG org.dbunit.database.search.ExportedKeysSearchCallback  - searchNode(node=SCOPEDCONTENT) - start
193904 [main] DEBUG org.dbunit.util.search.DepthFirstSearch  - Pushing SCOPEDCONTENT
193904 [main] DEBUG org.dbunit.database.search.ExportedKeysSearchCallback  - getEdges(node=SCOPEDCONTENT) - start
193904 [main] DEBUG org.dbunit.database.search.AbstractMetaDataBasedSearchCallback  - getNodesFromExportedKeys(node=SCOPEDCONTENT) - start
193904 [main] DEBUG org.dbunit.database.search.AbstractMetaDataBasedSearchCallback  - getNodes(type=1, node=SCOPEDCONTENT) - start
193904 [main] DEBUG org.dbunit.database.DatabaseDataSourceConnection  - getConnection() - start
193904 [main] DEBUG org.dbunit.database.search.AbstractMetaDataBasedSearchCallback  - getNodes(type=1, node=SCOPEDCONTENT, conn=Transaction-aware proxy for target Connection [jdbc:hsqldb:mem:kontrollDS, UserName=sw, HSQL Database Engine Driver], schema=null, metaData=org.apache.commons.dbcp.DelegatingDatabaseMetaData@7f48d7fd, edges=[]) - start
193904 [main] DEBUG org.dbunit.database.search.AbstractMetaDataBasedSearchCallback  - Getting edges for node SCOPEDCONTENT
193904 [main] TRACE org.dbunit.database.DatabaseConfig  - getProperty(name=http://www.dbunit.org/properties/metadataHandler) - start
193904 [main] TRACE org.dbunit.database.DefaultMetadataHandler  - tableExists(metaData=org.apache.commons.dbcp.DelegatingDatabaseMetaData@7f48d7fd, schemaName=null, tableName=SCOPEDCONTENT) - start
193905 [main] DEBUG org.dbunit.util.SQLHelper  - close(resultSet=org.apache.commons.dbcp.DelegatingResultSet@42beca92) - start
193906 [main] DEBUG org.dbunit.util.QualifiedTableName  - getQualifiedNameIfEnabled(config=org.dbunit.database.DatabaseConfig[, _propertyMap={http://www.dbunit.org/properties/statementFactory=org.dbunit.database.statement.PreparedStatementFactory@626bc2b8, http://www.dbunit.org/features/caseSensitiveTableNames=false, http://www.dbunit.org/properties/fetchSize=100, http://www.dbunit.org/features/batchedStatements=false, http://www.dbunit.org/properties/metadataHandler=org.dbunit.database.DefaultMetadataHandler@3eeace42, http://www.dbunit.org/properties/datatypeFactory=org.dbunit.dataset.datatype.DefaultDataTypeFactory[_toleratedDeltaMap=org.dbunit.dataset.datatype.ToleratedDeltaMap@6452310a], http://www.dbunit.org/properties/escapePattern=null, http://www.dbunit.org/properties/batchSize=100, http://www.dbunit.org/features/qualifiedTableNames=false, http://www.dbunit.org/properties/tableType=[Ljava.lang.String;@5011bafa, http://www.dbunit.org/properties/resultSetTableFactory=org.dbunit.database.CachedResultSetTableFactory@10bcf083, http://www.dbunit.org/features/datatypeWarning=true}]) - start
193906 [main] TRACE org.dbunit.database.DatabaseConfig  - getFeature(name=http://www.dbunit.org/features/qualifiedTableNames) - start
193906 [main] TRACE org.dbunit.database.DatabaseConfig  - getProperty(name=http://www.dbunit.org/features/qualifiedTableNames) - start
193906 [main] DEBUG org.dbunit.util.QualifiedTableName  - Qualified table names feature is disabled. Returning plain table name
193906 [main] DEBUG org.dbunit.util.QualifiedTableName  - getQualifiedName(prefix=null, name=SCOPEDCONTENT, escapePattern=null) - start
193906 [main] DEBUG org.dbunit.util.QualifiedTableName  - getQualifiedNameIfEnabled(config=org.dbunit.database.DatabaseConfig[, _propertyMap={http://www.dbunit.org/properties/statementFactory=org.dbunit.database.statement.PreparedStatementFactory@626bc2b8, http://www.dbunit.org/features/caseSensitiveTableNames=false, http://www.dbunit.org/properties/fetchSize=100, http://www.dbunit.org/features/batchedStatements=false, http://www.dbunit.org/properties/metadataHandler=org.dbunit.database.DefaultMetadataHandler@3eeace42, http://www.dbunit.org/properties/datatypeFactory=org.dbunit.dataset.datatype.DefaultDataTypeFactory[_toleratedDeltaMap=org.dbunit.dataset.datatype.ToleratedDeltaMap@6452310a], http://www.dbunit.org/properties/escapePattern=null, http://www.dbunit.org/properties/batchSize=100, http://www.dbunit.org/features/qualifiedTableNames=false, http://www.dbunit.org/properties/tableType=[Ljava.lang.String;@5011bafa, http://www.dbunit.org/properties/resultSetTableFactory=org.dbunit.database.CachedResultSetTableFactory@10bcf083, http://www.dbunit.org/features/datatypeWarning=true}]) - start
193906 [main] TRACE org.dbunit.database.DatabaseConfig  - getFeature(name=http://www.dbunit.org/features/qualifiedTableNames) - start
193906 [main] TRACE org.dbunit.database.DatabaseConfig  - getProperty(name=http://www.dbunit.org/features/qualifiedTableNames) - start
193906 [main] DEBUG org.dbunit.util.QualifiedTableName  - Qualified table names feature is disabled. Returning plain table name
193906 [main] DEBUG org.dbunit.util.QualifiedTableName  - getQualifiedName(prefix=null, name=SCOPEDCONTENTCONDITIONS_SCOPEDCONTENT, escapePattern=null) - start
193906 [main] DEBUG org.dbunit.database.search.AbstractMetaDataBasedSearchCallback  - newEdge(rs=org.apache.commons.dbcp.DelegatingResultSet@e55567b, type=1, from=SCOPEDCONTENT, to=SCOPEDCONTENTCONDITIONS_SCOPEDCONTENT, fkColumn=SCOPED_CONTENT_ID, pkColumn=ID) - start
193906 [main] DEBUG org.dbunit.database.search.AbstractMetaDataBasedSearchCallback  - createFKEdge(rs=org.apache.commons.dbcp.DelegatingResultSet@e55567b, type=1, from=SCOPEDCONTENT, to=SCOPEDCONTENTCONDITIONS_SCOPEDCONTENT, fkColumn=SCOPED_CONTENT_ID, pkColumn=ID) - start
193906 [main] DEBUG org.dbunit.database.search.AbstractMetaDataBasedSearchCallback  - Adding edge SCOPEDCONTENTCONDITIONS_SCOPEDCONTENT(SCOPED_CONTENT_ID)->SCOPEDCONTENT(ID)
193906 [main] DEBUG org.dbunit.util.search.Edge  - compareTo(o=SCOPEDCONTENTCONDITIONS_SCOPEDCONTENT(SCOPED_CONTENT_ID)->SCOPEDCONTENT(ID)) - start
193906 [main] DEBUG org.dbunit.util.QualifiedTableName  - getQualifiedNameIfEnabled(config=org.dbunit.database.DatabaseConfig[, _propertyMap={http://www.dbunit.org/properties/statementFactory=org.dbunit.database.statement.PreparedStatementFactory@626bc2b8, http://www.dbunit.org/features/caseSensitiveTableNames=false, http://www.dbunit.org/properties/fetchSize=100, http://www.dbunit.org/features/batchedStatements=false, http://www.dbunit.org/properties/metadataHandler=org.dbunit.database.DefaultMetadataHandler@3eeace42, http://www.dbunit.org/properties/datatypeFactory=org.dbunit.dataset.datatype.DefaultDataTypeFactory[_toleratedDeltaMap=org.dbunit.dataset.datatype.ToleratedDeltaMap@6452310a], http://www.dbunit.org/properties/escapePattern=null, http://www.dbunit.org/properties/batchSize=100, http://www.dbunit.org/features/qualifiedTableNames=false, http://www.dbunit.org/properties/tableType=[Ljava.lang.String;@5011bafa, http://www.dbunit.org/properties/resultSetTableFactory=org.dbunit.database.CachedResultSetTableFactory@10bcf083, http://www.dbunit.org/features/datatypeWarning=true}]) - start
193906 [main] TRACE org.dbunit.database.DatabaseConfig  - getFeature(name=http://www.dbunit.org/features/qualifiedTableNames) - start
193906 [main] TRACE org.dbunit.database.DatabaseConfig  - getProperty(name=http://www.dbunit.org/features/qualifiedTableNames) - start
193906 [main] DEBUG org.dbunit.util.QualifiedTableName  - Qualified table names feature is disabled. Returning plain table name
193906 [main] DEBUG org.dbunit.util.QualifiedTableName  - getQualifiedName(prefix=null, name=SCOPEDCONTENT, escapePattern=null) - start
193907 [main] DEBUG org.dbunit.util.QualifiedTableName  - getQualifiedNameIfEnabled(config=org.dbunit.database.DatabaseConfig[, _propertyMap={http://www.dbunit.org/properties/statementFactory=org.dbunit.database.statement.PreparedStatementFactory@626bc2b8, http://www.dbunit.org/features/caseSensitiveTableNames=false, http://www.dbunit.org/properties/fetchSize=100, http://www.dbunit.org/features/batchedStatements=false, http://www.dbunit.org/properties/metadataHandler=org.dbunit.database.DefaultMetadataHandler@3eeace42, http://www.dbunit.org/properties/datatypeFactory=org.dbunit.dataset.datatype.DefaultDataTypeFactory[_toleratedDeltaMap=org.dbunit.dataset.datatype.ToleratedDeltaMap@6452310a], http://www.dbunit.org/properties/escapePattern=null, http://www.dbunit.org/properties/batchSize=100, http://www.dbunit.org/features/qualifiedTableNames=false, http://www.dbunit.org/properties/tableType=[Ljava.lang.String;@5011bafa, http://www.dbunit.org/properties/resultSetTableFactory=org.dbunit.database.CachedResultSetTableFactory@10bcf083, http://www.dbunit.org/features/datatypeWarning=true}]) - start
193907 [main] TRACE org.dbunit.database.DatabaseConfig  - getFeature(name=http://www.dbunit.org/features/qualifiedTableNames) - start
193907 [main] TRACE org.dbunit.database.DatabaseConfig  - getProperty(name=http://www.dbunit.org/features/qualifiedTableNames) - start
193907 [main] DEBUG org.dbunit.util.QualifiedTableName  - Qualified table names feature is disabled. Returning plain table name
193907 [main] DEBUG org.dbunit.util.QualifiedTableName  - getQualifiedName(prefix=null, name=SCOPEDCONTENT_SCOPEDCONTENTITEM, escapePattern=null) - start
193907 [main] DEBUG org.dbunit.database.search.AbstractMetaDataBasedSearchCallback  - newEdge(rs=org.apache.commons.dbcp.DelegatingResultSet@e55567b, type=1, from=SCOPEDCONTENT, to=SCOPEDCONTENT_SCOPEDCONTENTITEM, fkColumn=SCOPED_CONTENT_ITEM_ID, pkColumn=ID) - start
193907 [main] DEBUG org.dbunit.database.search.AbstractMetaDataBasedSearchCallback  - createFKEdge(rs=org.apache.commons.dbcp.DelegatingResultSet@e55567b, type=1, from=SCOPEDCONTENT, to=SCOPEDCONTENT_SCOPEDCONTENTITEM, fkColumn=SCOPED_CONTENT_ITEM_ID, pkColumn=ID) - start
193907 [main] DEBUG org.dbunit.database.search.AbstractMetaDataBasedSearchCallback  - Adding edge SCOPEDCONTENT_SCOPEDCONTENTITEM(SCOPED_CONTENT_ITEM_ID)->SCOPEDCONTENT(ID)
193907 [main] DEBUG org.dbunit.util.search.Edge  - compareTo(o=SCOPEDCONTENTCONDITIONS_SCOPEDCONTENT(SCOPED_CONTENT_ID)->SCOPEDCONTENT(ID)) - start
193907 [main] DEBUG org.dbunit.util.SQLHelper  - close(resultSet=org.apache.commons.dbcp.DelegatingResultSet@e55567b) - start
193907 [main] DEBUG org.dbunit.util.search.DepthFirstSearch  - search:SCOPEDCONTENT
193907 [main] DEBUG org.dbunit.util.search.DepthFirstSearch  - already searched; returning true
193907 [main] DEBUG org.dbunit.util.search.DepthFirstSearch  - search:SCOPEDCONTENT
193907 [main] DEBUG org.dbunit.util.search.DepthFirstSearch  - already searched; returning true
193907 [main] DEBUG org.dbunit.util.search.DepthFirstSearch  - Adding node SCOPEDCONTENT to the final result
193907 [main] DEBUG org.dbunit.database.search.TablesDependencyHelper  - getDirectDependentTables(connection=_databaseConfig=org.dbunit.database.DatabaseConfig[, _propertyMap={http://www.dbunit.org/properties/statementFactory=org.dbunit.database.statement.PreparedStatementFactory@626bc2b8, http://www.dbunit.org/features/caseSensitiveTableNames=false, http://www.dbunit.org/properties/fetchSize=100, http://www.dbunit.org/features/batchedStatements=false, http://www.dbunit.org/properties/metadataHandler=org.dbunit.database.DefaultMetadataHandler@3eeace42, http://www.dbunit.org/properties/datatypeFactory=org.dbunit.dataset.datatype.DefaultDataTypeFactory[_toleratedDeltaMap=org.dbunit.dataset.datatype.ToleratedDeltaMap@6452310a], http://www.dbunit.org/properties/escapePattern=null, http://www.dbunit.org/properties/batchSize=100, http://www.dbunit.org/features/qualifiedTableNames=false, http://www.dbunit.org/properties/tableType=[Ljava.lang.String;@5011bafa, http://www.dbunit.org/properties/resultSetTableFactory=org.dbunit.database.CachedResultSetTableFactory@10bcf083, http://www.dbunit.org/features/datatypeWarning=true}], _dataSet=AbstractDataSet[_orderedTableNameMap=null], tableName=SCOPEDCONTENT) - start
193907 [main] DEBUG org.dbunit.util.search.DepthFirstSearch  - search(nodesFrom=[SCOPEDCONTENT], callback=org.dbunit.database.search.ImportedKeysSearchCallback@50a2efe0) - start
193907 [main] DEBUG org.dbunit.util.CollectionsHelper  - objectsToSet(objects=SCOPEDCONTENT) - start
193907 [main] DEBUG org.dbunit.util.search.DepthFirstSearch  - search(nodesFrom=[SCOPEDCONTENT], callback=org.dbunit.database.search.ImportedKeysSearchCallback@50a2efe0) - start
193907 [main] DEBUG org.dbunit.util.search.DepthFirstSearch  - reverseSearch:SCOPEDCONTENT
193907 [main] DEBUG org.dbunit.database.search.ImportedKeysSearchCallback  - searchNode(node=SCOPEDCONTENT) - start
193907 [main] DEBUG org.dbunit.util.search.DepthFirstSearch  - Pushing (reverse) SCOPEDCONTENT
193907 [main] DEBUG org.dbunit.database.search.ImportedKeysSearchCallback  - getEdges(node=SCOPEDCONTENT) - start
193907 [main] DEBUG org.dbunit.database.search.AbstractMetaDataBasedSearchCallback  - getNodesFromImportedKeys(node=SCOPEDCONTENT) - start
193907 [main] DEBUG org.dbunit.database.search.AbstractMetaDataBasedSearchCallback  - getNodes(type=0, node=SCOPEDCONTENT) - start
193908 [main] DEBUG org.dbunit.database.DatabaseDataSourceConnection  - getConnection() - start
193908 [main] DEBUG org.dbunit.database.search.AbstractMetaDataBasedSearchCallback  - getNodes(type=0, node=SCOPEDCONTENT, conn=Transaction-aware proxy for target Connection [jdbc:hsqldb:mem:kontrollDS, UserName=sw, HSQL Database Engine Driver], schema=null, metaData=org.apache.commons.dbcp.DelegatingDatabaseMetaData@7932847b, edges=[]) - start
193908 [main] DEBUG org.dbunit.database.search.AbstractMetaDataBasedSearchCallback  - Getting edges for node SCOPEDCONTENT
193908 [main] TRACE org.dbunit.database.DatabaseConfig  - getProperty(name=http://www.dbunit.org/properties/metadataHandler) - start
193908 [main] TRACE org.dbunit.database.DefaultMetadataHandler  - tableExists(metaData=org.apache.commons.dbcp.DelegatingDatabaseMetaData@7932847b, schemaName=null, tableName=SCOPEDCONTENT) - start
193909 [main] DEBUG org.dbunit.util.SQLHelper  - close(resultSet=org.apache.commons.dbcp.DelegatingResultSet@955be9f) - start
193909 [main] DEBUG org.dbunit.util.QualifiedTableName  - getQualifiedNameIfEnabled(config=org.dbunit.database.DatabaseConfig[, _propertyMap={http://www.dbunit.org/properties/statementFactory=org.dbunit.database.statement.PreparedStatementFactory@626bc2b8, http://www.dbunit.org/features/caseSensitiveTableNames=false, http://www.dbunit.org/properties/fetchSize=100, http://www.dbunit.org/features/batchedStatements=false, http://www.dbunit.org/properties/metadataHandler=org.dbunit.database.DefaultMetadataHandler@3eeace42, http://www.dbunit.org/properties/datatypeFactory=org.dbunit.dataset.datatype.DefaultDataTypeFactory[_toleratedDeltaMap=org.dbunit.dataset.datatype.ToleratedDeltaMap@6452310a], http://www.dbunit.org/properties/escapePattern=null, http://www.dbunit.org/properties/batchSize=100, http://www.dbunit.org/features/qualifiedTableNames=false, http://www.dbunit.org/properties/tableType=[Ljava.lang.String;@5011bafa, http://www.dbunit.org/properties/resultSetTableFactory=org.dbunit.database.CachedResultSetTableFactory@10bcf083, http://www.dbunit.org/features/datatypeWarning=true}]) - start
193909 [main] TRACE org.dbunit.database.DatabaseConfig  - getFeature(name=http://www.dbunit.org/features/qualifiedTableNames) - start
193909 [main] TRACE org.dbunit.database.DatabaseConfig  - getProperty(name=http://www.dbunit.org/features/qualifiedTableNames) - start
193909 [main] DEBUG org.dbunit.util.QualifiedTableName  - Qualified table names feature is disabled. Returning plain table name
193909 [main] DEBUG org.dbunit.util.QualifiedTableName  - getQualifiedName(prefix=null, name=SCOPEDCONTENT, escapePattern=null) - start
193909 [main] DEBUG org.dbunit.util.QualifiedTableName  - getQualifiedNameIfEnabled(config=org.dbunit.database.DatabaseConfig[, _propertyMap={http://www.dbunit.org/properties/statementFactory=org.dbunit.database.statement.PreparedStatementFactory@626bc2b8, http://www.dbunit.org/features/caseSensitiveTableNames=false, http://www.dbunit.org/properties/fetchSize=100, http://www.dbunit.org/features/batchedStatements=false, http://www.dbunit.org/properties/metadataHandler=org.dbunit.database.DefaultMetadataHandler@3eeace42, http://www.dbunit.org/properties/datatypeFactory=org.dbunit.dataset.datatype.DefaultDataTypeFactory[_toleratedDeltaMap=org.dbunit.dataset.datatype.ToleratedDeltaMap@6452310a], http://www.dbunit.org/properties/escapePattern=null, http://www.dbunit.org/properties/batchSize=100, http://www.dbunit.org/features/qualifiedTableNames=false, http://www.dbunit.org/properties/tableType=[Ljava.lang.String;@5011bafa, http://www.dbunit.org/properties/resultSetTableFactory=org.dbunit.database.CachedResultSetTableFactory@10bcf083, http://www.dbunit.org/features/datatypeWarning=true}]) - start
193909 [main] TRACE org.dbunit.database.DatabaseConfig  - getFeature(name=http://www.dbunit.org/features/qualifiedTableNames) - start
193909 [main] TRACE org.dbunit.database.DatabaseConfig  - getProperty(name=http://www.dbunit.org/features/qualifiedTableNames) - start
193909 [main] DEBUG org.dbunit.util.QualifiedTableName  - Qualified table names feature is disabled. Returning plain table name
193909 [main] DEBUG org.dbunit.util.QualifiedTableName  - getQualifiedName(prefix=null, name=SCOPE, escapePattern=null) - start
193909 [main] DEBUG org.dbunit.database.search.AbstractMetaDataBasedSearchCallback  - newEdge(rs=org.apache.commons.dbcp.DelegatingResultSet@10cd12a, type=0, from=SCOPEDCONTENT, to=SCOPE, fkColumn=SCOPE, pkColumn=ID) - start
193909 [main] DEBUG org.dbunit.database.search.AbstractMetaDataBasedSearchCallback  - createFKEdge(rs=org.apache.commons.dbcp.DelegatingResultSet@10cd12a, type=0, from=SCOPEDCONTENT, to=SCOPE, fkColumn=SCOPE, pkColumn=ID) - start
193909 [main] DEBUG org.dbunit.database.search.AbstractMetaDataBasedSearchCallback  - Adding edge SCOPEDCONTENT(SCOPE)->SCOPE(ID)
193909 [main] DEBUG org.dbunit.util.search.Edge  - compareTo(o=SCOPEDCONTENT(SCOPE)->SCOPE(ID)) - start
193910 [main] DEBUG org.dbunit.util.SQLHelper  - close(resultSet=org.apache.commons.dbcp.DelegatingResultSet@10cd12a) - start
193910 [main] DEBUG org.dbunit.util.search.DepthFirstSearch  - search:SCOPEDCONTENT
193910 [main] DEBUG org.dbunit.database.search.ImportedKeysSearchCallback  - searchNode(node=SCOPEDCONTENT) - start
193910 [main] DEBUG org.dbunit.util.search.DepthFirstSearch  - Pushing SCOPEDCONTENT
193910 [main] DEBUG org.dbunit.database.search.ImportedKeysSearchCallback  - getEdges(node=SCOPEDCONTENT) - start
193910 [main] DEBUG org.dbunit.database.search.AbstractMetaDataBasedSearchCallback  - getNodesFromImportedKeys(node=SCOPEDCONTENT) - start
193910 [main] DEBUG org.dbunit.database.search.AbstractMetaDataBasedSearchCallback  - getNodes(type=0, node=SCOPEDCONTENT) - start
193910 [main] DEBUG org.dbunit.database.DatabaseDataSourceConnection  - getConnection() - start
193910 [main] DEBUG org.dbunit.database.search.AbstractMetaDataBasedSearchCallback  - getNodes(type=0, node=SCOPEDCONTENT, conn=Transaction-aware proxy for target Connection [jdbc:hsqldb:mem:kontrollDS, UserName=sw, HSQL Database Engine Driver], schema=null, metaData=org.apache.commons.dbcp.DelegatingDatabaseMetaData@70781cef, edges=[]) - start
193910 [main] DEBUG org.dbunit.database.search.AbstractMetaDataBasedSearchCallback  - Getting edges for node SCOPEDCONTENT
193910 [main] TRACE org.dbunit.database.DatabaseConfig  - getProperty(name=http://www.dbunit.org/properties/metadataHandler) - start
193910 [main] TRACE org.dbunit.database.DefaultMetadataHandler  - tableExists(metaData=org.apache.commons.dbcp.DelegatingDatabaseMetaData@70781cef, schemaName=null, tableName=SCOPEDCONTENT) - start
193911 [main] DEBUG org.dbunit.util.SQLHelper  - close(resultSet=org.apache.commons.dbcp.DelegatingResultSet@4636a337) - start
193911 [main] DEBUG org.dbunit.util.QualifiedTableName  - getQualifiedNameIfEnabled(config=org.dbunit.database.DatabaseConfig[, _propertyMap={http://www.dbunit.org/properties/statementFactory=org.dbunit.database.statement.PreparedStatementFactory@626bc2b8, http://www.dbunit.org/features/caseSensitiveTableNames=false, http://www.dbunit.org/properties/fetchSize=100, http://www.dbunit.org/features/batchedStatements=false, http://www.dbunit.org/properties/metadataHandler=org.dbunit.database.DefaultMetadataHandler@3eeace42, http://www.dbunit.org/properties/datatypeFactory=org.dbunit.dataset.datatype.DefaultDataTypeFactory[_toleratedDeltaMap=org.dbunit.dataset.datatype.ToleratedDeltaMap@6452310a], http://www.dbunit.org/properties/escapePattern=null, http://www.dbunit.org/properties/batchSize=100, http://www.dbunit.org/features/qualifiedTableNames=false, http://www.dbunit.org/properties/tableType=[Ljava.lang.String;@5011bafa, http://www.dbunit.org/properties/resultSetTableFactory=org.dbunit.database.CachedResultSetTableFactory@10bcf083, http://www.dbunit.org/features/datatypeWarning=true}]) - start
193911 [main] TRACE org.dbunit.database.DatabaseConfig  - getFeature(name=http://www.dbunit.org/features/qualifiedTableNames) - start
193911 [main] TRACE org.dbunit.database.DatabaseConfig  - getProperty(name=http://www.dbunit.org/features/qualifiedTableNames) - start
193911 [main] DEBUG org.dbunit.util.QualifiedTableName  - Qualified table names feature is disabled. Returning plain table name
193911 [main] DEBUG org.dbunit.util.QualifiedTableName  - getQualifiedName(prefix=null, name=SCOPEDCONTENT, escapePattern=null) - start
193912 [main] DEBUG org.dbunit.util.QualifiedTableName  - getQualifiedNameIfEnabled(config=org.dbunit.database.DatabaseConfig[, _propertyMap={http://www.dbunit.org/properties/statementFactory=org.dbunit.database.statement.PreparedStatementFactory@626bc2b8, http://www.dbunit.org/features/caseSensitiveTableNames=false, http://www.dbunit.org/properties/fetchSize=100, http://www.dbunit.org/features/batchedStatements=false, http://www.dbunit.org/properties/metadataHandler=org.dbunit.database.DefaultMetadataHandler@3eeace42, http://www.dbunit.org/properties/datatypeFactory=org.dbunit.dataset.datatype.DefaultDataTypeFactory[_toleratedDeltaMap=org.dbunit.dataset.datatype.ToleratedDeltaMap@6452310a], http://www.dbunit.org/properties/escapePattern=null, http://www.dbunit.org/properties/batchSize=100, http://www.dbunit.org/features/qualifiedTableNames=false, http://www.dbunit.org/properties/tableType=[Ljava.lang.String;@5011bafa, http://www.dbunit.org/properties/resultSetTableFactory=org.dbunit.database.CachedResultSetTableFactory@10bcf083, http://www.dbunit.org/features/datatypeWarning=true}]) - start
193912 [main] TRACE org.dbunit.database.DatabaseConfig  - getFeature(name=http://www.dbunit.org/features/qualifiedTableNames) - start
193912 [main] TRACE org.dbunit.database.DatabaseConfig  - getProperty(name=http://www.dbunit.org/features/qualifiedTableNames) - start
193912 [main] DEBUG org.dbunit.util.QualifiedTableName  - Qualified table names feature is disabled. Returning plain table name
193912 [main] DEBUG org.dbunit.util.QualifiedTableName  - getQualifiedName(prefix=null, name=SCOPE, escapePattern=null) - start
193912 [main] DEBUG org.dbunit.database.search.AbstractMetaDataBasedSearchCallback  - newEdge(rs=org.apache.commons.dbcp.DelegatingResultSet@63a074db, type=0, from=SCOPEDCONTENT, to=SCOPE, fkColumn=SCOPE, pkColumn=ID) - start
193912 [main] DEBUG org.dbunit.database.search.AbstractMetaDataBasedSearchCallback  - createFKEdge(rs=org.apache.commons.dbcp.DelegatingResultSet@63a074db, type=0, from=SCOPEDCONTENT, to=SCOPE, fkColumn=SCOPE, pkColumn=ID) - start
193912 [main] DEBUG org.dbunit.database.search.AbstractMetaDataBasedSearchCallback  - Adding edge SCOPEDCONTENT(SCOPE)->SCOPE(ID)
193912 [main] DEBUG org.dbunit.util.search.Edge  - compareTo(o=SCOPEDCONTENT(SCOPE)->SCOPE(ID)) - start
193912 [main] DEBUG org.dbunit.util.SQLHelper  - close(resultSet=org.apache.commons.dbcp.DelegatingResultSet@63a074db) - start
193912 [main] DEBUG org.dbunit.util.search.DepthFirstSearch  - search:SCOPE
193912 [main] DEBUG org.dbunit.database.search.ImportedKeysSearchCallback  - searchNode(node=SCOPE) - start
193912 [main] DEBUG org.dbunit.util.search.DepthFirstSearch  - Pushing SCOPE
193912 [main] DEBUG org.dbunit.database.search.ImportedKeysSearchCallback  - getEdges(node=SCOPE) - start
193912 [main] DEBUG org.dbunit.database.search.AbstractMetaDataBasedSearchCallback  - getNodesFromImportedKeys(node=SCOPE) - start
193912 [main] DEBUG org.dbunit.database.search.AbstractMetaDataBasedSearchCallback  - getNodes(type=0, node=SCOPE) - start
193912 [main] DEBUG org.dbunit.database.DatabaseDataSourceConnection  - getConnection() - start
193912 [main] DEBUG org.dbunit.database.search.AbstractMetaDataBasedSearchCallback  - getNodes(type=0, node=SCOPE, conn=Transaction-aware proxy for target Connection [jdbc:hsqldb:mem:kontrollDS, UserName=sw, HSQL Database Engine Driver], schema=null, metaData=org.apache.commons.dbcp.DelegatingDatabaseMetaData@3b5808f6, edges=[]) - start
193912 [main] DEBUG org.dbunit.database.search.AbstractMetaDataBasedSearchCallback  - Getting edges for node SCOPE
193912 [main] TRACE org.dbunit.database.DatabaseConfig  - getProperty(name=http://www.dbunit.org/properties/metadataHandler) - start
193912 [main] TRACE org.dbunit.database.DefaultMetadataHandler  - tableExists(metaData=org.apache.commons.dbcp.DelegatingDatabaseMetaData@3b5808f6, schemaName=null, tableName=SCOPE) - start
193913 [main] DEBUG org.dbunit.util.SQLHelper  - close(resultSet=org.apache.commons.dbcp.DelegatingResultSet@355a7f37) - start
193913 [main] DEBUG org.dbunit.util.SQLHelper  - close(resultSet=org.apache.commons.dbcp.DelegatingResultSet@a02d48c) - start
193913 [main] DEBUG org.dbunit.util.search.DepthFirstSearch  - Adding node SCOPE to the final result
193913 [main] DEBUG org.dbunit.util.search.DepthFirstSearch  - Adding node SCOPEDCONTENT to the final result
193913 [main] DEBUG org.dbunit.util.search.DepthFirstSearch  - reverseSearch:SCOPEDCONTENT
193914 [main] DEBUG org.dbunit.util.search.DepthFirstSearch  - already searched; returning true
193914 [main] DEBUG org.dbunit.util.search.DepthFirstSearch  - reverseSearch:SCOPE
193914 [main] DEBUG org.dbunit.database.search.ImportedKeysSearchCallback  - searchNode(node=SCOPE) - start
193914 [main] DEBUG org.dbunit.util.search.DepthFirstSearch  - Pushing (reverse) SCOPE
193914 [main] DEBUG org.dbunit.database.search.ImportedKeysSearchCallback  - getEdges(node=SCOPE) - start
193914 [main] DEBUG org.dbunit.database.search.AbstractMetaDataBasedSearchCallback  - getNodesFromImportedKeys(node=SCOPE) - start
193914 [main] DEBUG org.dbunit.database.search.AbstractMetaDataBasedSearchCallback  - getNodes(type=0, node=SCOPE) - start
193914 [main] DEBUG org.dbunit.database.DatabaseDataSourceConnection  - getConnection() - start
193914 [main] DEBUG org.dbunit.database.search.AbstractMetaDataBasedSearchCallback  - getNodes(type=0, node=SCOPE, conn=Transaction-aware proxy for target Connection [jdbc:hsqldb:mem:kontrollDS, UserName=sw, HSQL Database Engine Driver], schema=null, metaData=org.apache.commons.dbcp.DelegatingDatabaseMetaData@3fd03876, edges=[]) - start
193914 [main] DEBUG org.dbunit.database.search.AbstractMetaDataBasedSearchCallback  - Getting edges for node SCOPE
193914 [main] TRACE org.dbunit.database.DatabaseConfig  - getProperty(name=http://www.dbunit.org/properties/metadataHandler) - start
193914 [main] TRACE org.dbunit.database.DefaultMetadataHandler  - tableExists(metaData=org.apache.commons.dbcp.DelegatingDatabaseMetaData@3fd03876, schemaName=null, tableName=SCOPE) - start
193915 [main] DEBUG org.dbunit.util.SQLHelper  - close(resultSet=org.apache.commons.dbcp.DelegatingResultSet@5ad8b7a5) - start
193915 [main] DEBUG org.dbunit.util.SQLHelper  - close(resultSet=org.apache.commons.dbcp.DelegatingResultSet@7f816771) - start
193915 [main] DEBUG org.dbunit.util.search.DepthFirstSearch  - search:SCOPEDCONTENT
193915 [main] DEBUG org.dbunit.util.search.DepthFirstSearch  - already searched; returning true
193915 [main] DEBUG org.dbunit.util.search.DepthFirstSearch  - search:SCOPE
193915 [main] DEBUG org.dbunit.util.search.DepthFirstSearch  - already searched; returning true
193915 [main] DEBUG org.dbunit.database.DatabaseSequenceFilter  - getDependencyInfo(connection=_databaseConfig=org.dbunit.database.DatabaseConfig[, _propertyMap={http://www.dbunit.org/properties/statementFactory=org.dbunit.database.statement.PreparedStatementFactory@626bc2b8, http://www.dbunit.org/features/caseSensitiveTableNames=false, http://www.dbunit.org/properties/fetchSize=100, http://www.dbunit.org/features/batchedStatements=false, http://www.dbunit.org/properties/metadataHandler=org.dbunit.database.DefaultMetadataHandler@3eeace42, http://www.dbunit.org/properties/datatypeFactory=org.dbunit.dataset.datatype.DefaultDataTypeFactory[_toleratedDeltaMap=org.dbunit.dataset.datatype.ToleratedDeltaMap@6452310a], http://www.dbunit.org/properties/escapePattern=null, http://www.dbunit.org/properties/batchSize=100, http://www.dbunit.org/features/qualifiedTableNames=false, http://www.dbunit.org/properties/tableType=[Ljava.lang.String;@5011bafa, http://www.dbunit.org/properties/resultSetTableFactory=org.dbunit.database.CachedResultSetTableFactory@10bcf083, http://www.dbunit.org/features/datatypeWarning=true}], _dataSet=AbstractDataSet[_orderedTableNameMap=null], tableName=SCOPEDCONTENTCONDITION) - start
193915 [main] DEBUG org.dbunit.database.search.TablesDependencyHelper  - getDependentTables(connection=_databaseConfig=org.dbunit.database.DatabaseConfig[, _propertyMap={http://www.dbunit.org/properties/statementFactory=org.dbunit.database.statement.PreparedStatementFactory@626bc2b8, http://www.dbunit.org/features/caseSensitiveTableNames=false, http://www.dbunit.org/properties/fetchSize=100, http://www.dbunit.org/features/batchedStatements=false, http://www.dbunit.org/properties/metadataHandler=org.dbunit.database.DefaultMetadataHandler@3eeace42, http://www.dbunit.org/properties/datatypeFactory=org.dbunit.dataset.datatype.DefaultDataTypeFactory[_toleratedDeltaMap=org.dbunit.dataset.datatype.ToleratedDeltaMap@6452310a], http://www.dbunit.org/properties/escapePattern=null, http://www.dbunit.org/properties/batchSize=100, http://www.dbunit.org/features/qualifiedTableNames=false, http://www.dbunit.org/properties/tableType=[Ljava.lang.String;@5011bafa, http://www.dbunit.org/properties/resultSetTableFactory=org.dbunit.database.CachedResultSetTableFactory@10bcf083, http://www.dbunit.org/features/datatypeWarning=true}], _dataSet=AbstractDataSet[_orderedTableNameMap=null], rootTable=SCOPEDCONTENTCONDITION) - start
193916 [main] DEBUG org.dbunit.database.search.TablesDependencyHelper  - getDependentTables(connection=_databaseConfig=org.dbunit.database.DatabaseConfig[, _propertyMap={http://www.dbunit.org/properties/statementFactory=org.dbunit.database.statement.PreparedStatementFactory@626bc2b8, http://www.dbunit.org/features/caseSensitiveTableNames=false, http://www.dbunit.org/properties/fetchSize=100, http://www.dbunit.org/features/batchedStatements=false, http://www.dbunit.org/properties/metadataHandler=org.dbunit.database.DefaultMetadataHandler@3eeace42, http://www.dbunit.org/properties/datatypeFactory=org.dbunit.dataset.datatype.DefaultDataTypeFactory[_toleratedDeltaMap=org.dbunit.dataset.datatype.ToleratedDeltaMap@6452310a], http://www.dbunit.org/properties/escapePattern=null, http://www.dbunit.org/properties/batchSize=100, http://www.dbunit.org/features/qualifiedTableNames=false, http://www.dbunit.org/properties/tableType=[Ljava.lang.String;@5011bafa, http://www.dbunit.org/properties/resultSetTableFactory=org.dbunit.database.CachedResultSetTableFactory@10bcf083, http://www.dbunit.org/features/datatypeWarning=true}], _dataSet=AbstractDataSet[_orderedTableNameMap=null], rootTables=[SCOPEDCONTENTCONDITION]) - start
193916 [main] DEBUG org.dbunit.util.search.DepthFirstSearch  - search(nodesFrom=[SCOPEDCONTENTCONDITION], callback=org.dbunit.database.search.ImportedKeysSearchCallback@737d8f5e) - start
193916 [main] DEBUG org.dbunit.util.CollectionsHelper  - objectsToSet(objects=SCOPEDCONTENTCONDITION) - start
193916 [main] DEBUG org.dbunit.util.search.DepthFirstSearch  - search(nodesFrom=[SCOPEDCONTENTCONDITION], callback=org.dbunit.database.search.ImportedKeysSearchCallback@737d8f5e) - start
193916 [main] DEBUG org.dbunit.util.search.DepthFirstSearch  - reverseSearch:SCOPEDCONTENTCONDITION
193916 [main] DEBUG org.dbunit.database.search.ImportedKeysSearchCallback  - searchNode(node=SCOPEDCONTENTCONDITION) - start
193916 [main] DEBUG org.dbunit.util.search.DepthFirstSearch  - Pushing (reverse) SCOPEDCONTENTCONDITION
193916 [main] DEBUG org.dbunit.database.search.ImportedKeysSearchCallback  - getEdges(node=SCOPEDCONTENTCONDITION) - start
193916 [main] DEBUG org.dbunit.database.search.AbstractMetaDataBasedSearchCallback  - getNodesFromImportedKeys(node=SCOPEDCONTENTCONDITION) - start
193916 [main] DEBUG org.dbunit.database.search.AbstractMetaDataBasedSearchCallback  - getNodes(type=0, node=SCOPEDCONTENTCONDITION) - start
193916 [main] DEBUG org.dbunit.database.DatabaseDataSourceConnection  - getConnection() - start
193916 [main] DEBUG org.dbunit.database.search.AbstractMetaDataBasedSearchCallback  - getNodes(type=0, node=SCOPEDCONTENTCONDITION, conn=Transaction-aware proxy for target Connection [jdbc:hsqldb:mem:kontrollDS, UserName=sw, HSQL Database Engine Driver], schema=null, metaData=org.apache.commons.dbcp.DelegatingDatabaseMetaData@384f9f8e, edges=[]) - start
193916 [main] DEBUG org.dbunit.database.search.AbstractMetaDataBasedSearchCallback  - Getting edges for node SCOPEDCONTENTCONDITION
193916 [main] TRACE org.dbunit.database.DatabaseConfig  - getProperty(name=http://www.dbunit.org/properties/metadataHandler) - start
193916 [main] TRACE org.dbunit.database.DefaultMetadataHandler  - tableExists(metaData=org.apache.commons.dbcp.DelegatingDatabaseMetaData@384f9f8e, schemaName=null, tableName=SCOPEDCONTENTCONDITION) - start
193917 [main] DEBUG org.dbunit.util.SQLHelper  - close(resultSet=org.apache.commons.dbcp.DelegatingResultSet@553793ac) - start
193917 [main] DEBUG org.dbunit.util.SQLHelper  - close(resultSet=org.apache.commons.dbcp.DelegatingResultSet@dc48f8a) - start
193917 [main] DEBUG org.dbunit.util.search.DepthFirstSearch  - search:SCOPEDCONTENTCONDITION
193917 [main] DEBUG org.dbunit.database.search.ImportedKeysSearchCallback  - searchNode(node=SCOPEDCONTENTCONDITION) - start
193918 [main] DEBUG org.dbunit.util.search.DepthFirstSearch  - Pushing SCOPEDCONTENTCONDITION
193918 [main] DEBUG org.dbunit.database.search.ImportedKeysSearchCallback  - getEdges(node=SCOPEDCONTENTCONDITION) - start
193918 [main] DEBUG org.dbunit.database.search.AbstractMetaDataBasedSearchCallback  - getNodesFromImportedKeys(node=SCOPEDCONTENTCONDITION) - start
193918 [main] DEBUG org.dbunit.database.search.AbstractMetaDataBasedSearchCallback  - getNodes(type=0, node=SCOPEDCONTENTCONDITION) - start
193918 [main] DEBUG org.dbunit.database.DatabaseDataSourceConnection  - getConnection() - start
193918 [main] DEBUG org.dbunit.database.search.AbstractMetaDataBasedSearchCallback  - getNodes(type=0, node=SCOPEDCONTENTCONDITION, conn=Transaction-aware proxy for target Connection [jdbc:hsqldb:mem:kontrollDS, UserName=sw, HSQL Database Engine Driver], schema=null, metaData=org.apache.commons.dbcp.DelegatingDatabaseMetaData@63abb415, edges=[]) - start
193918 [main] DEBUG org.dbunit.database.search.AbstractMetaDataBasedSearchCallback  - Getting edges for node SCOPEDCONTENTCONDITION
193918 [main] TRACE org.dbunit.database.DatabaseConfig  - getProperty(name=http://www.dbunit.org/properties/metadataHandler) - start
193918 [main] TRACE org.dbunit.database.DefaultMetadataHandler  - tableExists(metaData=org.apache.commons.dbcp.DelegatingDatabaseMetaData@63abb415, schemaName=null, tableName=SCOPEDCONTENTCONDITION) - start
193919 [main] DEBUG org.dbunit.util.SQLHelper  - close(resultSet=org.apache.commons.dbcp.DelegatingResultSet@221b913e) - start
193919 [main] DEBUG org.dbunit.util.SQLHelper  - close(resultSet=org.apache.commons.dbcp.DelegatingResultSet@292c4f51) - start
193919 [main] DEBUG org.dbunit.util.search.DepthFirstSearch  - Adding node SCOPEDCONTENTCONDITION to the final result
193919 [main] DEBUG org.dbunit.util.CollectionsHelper  - setToStrings(set=[SCOPEDCONTENTCONDITION]) - start
193919 [main] DEBUG org.dbunit.database.search.TablesDependencyHelper  - getDependsOnTables(connection=_databaseConfig=org.dbunit.database.DatabaseConfig[, _propertyMap={http://www.dbunit.org/properties/statementFactory=org.dbunit.database.statement.PreparedStatementFactory@626bc2b8, http://www.dbunit.org/features/caseSensitiveTableNames=false, http://www.dbunit.org/properties/fetchSize=100, http://www.dbunit.org/features/batchedStatements=false, http://www.dbunit.org/properties/metadataHandler=org.dbunit.database.DefaultMetadataHandler@3eeace42, http://www.dbunit.org/properties/datatypeFactory=org.dbunit.dataset.datatype.DefaultDataTypeFactory[_toleratedDeltaMap=org.dbunit.dataset.datatype.ToleratedDeltaMap@6452310a], http://www.dbunit.org/properties/escapePattern=null, http://www.dbunit.org/properties/batchSize=100, http://www.dbunit.org/features/qualifiedTableNames=false, http://www.dbunit.org/properties/tableType=[Ljava.lang.String;@5011bafa, http://www.dbunit.org/properties/resultSetTableFactory=org.dbunit.database.CachedResultSetTableFactory@10bcf083, http://www.dbunit.org/features/datatypeWarning=true}], _dataSet=AbstractDataSet[_orderedTableNameMap=null], rootTable=SCOPEDCONTENTCONDITION) - start
193919 [main] DEBUG org.dbunit.util.search.DepthFirstSearch  - search(nodesFrom=[SCOPEDCONTENTCONDITION], callback=org.dbunit.database.search.ExportedKeysSearchCallback@2fcf7835) - start
193919 [main] DEBUG org.dbunit.util.CollectionsHelper  - objectsToSet(objects=SCOPEDCONTENTCONDITION) - start
193920 [main] DEBUG org.dbunit.util.search.DepthFirstSearch  - search(nodesFrom=[SCOPEDCONTENTCONDITION], callback=org.dbunit.database.search.ExportedKeysSearchCallback@2fcf7835) - start
193920 [main] DEBUG org.dbunit.util.search.DepthFirstSearch  - reverseSearch:SCOPEDCONTENTCONDITION
193920 [main] DEBUG org.dbunit.database.search.ExportedKeysSearchCallback  - searchNode(node=SCOPEDCONTENTCONDITION) - start
193920 [main] DEBUG org.dbunit.util.search.DepthFirstSearch  - Pushing (reverse) SCOPEDCONTENTCONDITION
193920 [main] DEBUG org.dbunit.database.search.ExportedKeysSearchCallback  - getEdges(node=SCOPEDCONTENTCONDITION) - start
193920 [main] DEBUG org.dbunit.database.search.AbstractMetaDataBasedSearchCallback  - getNodesFromExportedKeys(node=SCOPEDCONTENTCONDITION) - start
193920 [main] DEBUG org.dbunit.database.search.AbstractMetaDataBasedSearchCallback  - getNodes(type=1, node=SCOPEDCONTENTCONDITION) - start
193920 [main] DEBUG org.dbunit.database.DatabaseDataSourceConnection  - getConnection() - start
193920 [main] DEBUG org.dbunit.database.search.AbstractMetaDataBasedSearchCallback  - getNodes(type=1, node=SCOPEDCONTENTCONDITION, conn=Transaction-aware proxy for target Connection [jdbc:hsqldb:mem:kontrollDS, UserName=sw, HSQL Database Engine Driver], schema=null, metaData=org.apache.commons.dbcp.DelegatingDatabaseMetaData@5ddcf818, edges=[]) - start
193920 [main] DEBUG org.dbunit.database.search.AbstractMetaDataBasedSearchCallback  - Getting edges for node SCOPEDCONTENTCONDITION
193920 [main] TRACE org.dbunit.database.DatabaseConfig  - getProperty(name=http://www.dbunit.org/properties/metadataHandler) - start
193920 [main] TRACE org.dbunit.database.DefaultMetadataHandler  - tableExists(metaData=org.apache.commons.dbcp.DelegatingDatabaseMetaData@5ddcf818, schemaName=null, tableName=SCOPEDCONTENTCONDITION) - start
193921 [main] DEBUG org.dbunit.util.SQLHelper  - close(resultSet=org.apache.commons.dbcp.DelegatingResultSet@5da3b642) - start
193921 [main] DEBUG org.dbunit.util.QualifiedTableName  - getQualifiedNameIfEnabled(config=org.dbunit.database.DatabaseConfig[, _propertyMap={http://www.dbunit.org/properties/statementFactory=org.dbunit.database.statement.PreparedStatementFactory@626bc2b8, http://www.dbunit.org/features/caseSensitiveTableNames=false, http://www.dbunit.org/properties/fetchSize=100, http://www.dbunit.org/features/batchedStatements=false, http://www.dbunit.org/properties/metadataHandler=org.dbunit.database.DefaultMetadataHandler@3eeace42, http://www.dbunit.org/properties/datatypeFactory=org.dbunit.dataset.datatype.DefaultDataTypeFactory[_toleratedDeltaMap=org.dbunit.dataset.datatype.ToleratedDeltaMap@6452310a], http://www.dbunit.org/properties/escapePattern=null, http://www.dbunit.org/properties/batchSize=100, http://www.dbunit.org/features/qualifiedTableNames=false, http://www.dbunit.org/properties/tableType=[Ljava.lang.String;@5011bafa, http://www.dbunit.org/properties/resultSetTableFactory=org.dbunit.database.CachedResultSetTableFactory@10bcf083, http://www.dbunit.org/features/datatypeWarning=true}]) - start
193921 [main] TRACE org.dbunit.database.DatabaseConfig  - getFeature(name=http://www.dbunit.org/features/qualifiedTableNames) - start
193921 [main] TRACE org.dbunit.database.DatabaseConfig  - getProperty(name=http://www.dbunit.org/features/qualifiedTableNames) - start
193921 [main] DEBUG org.dbunit.util.QualifiedTableName  - Qualified table names feature is disabled. Returning plain table name
193921 [main] DEBUG org.dbunit.util.QualifiedTableName  - getQualifiedName(prefix=null, name=SCOPEDCONTENTCONDITION, escapePattern=null) - start
193921 [main] DEBUG org.dbunit.util.QualifiedTableName  - getQualifiedNameIfEnabled(config=org.dbunit.database.DatabaseConfig[, _propertyMap={http://www.dbunit.org/properties/statementFactory=org.dbunit.database.statement.PreparedStatementFactory@626bc2b8, http://www.dbunit.org/features/caseSensitiveTableNames=false, http://www.dbunit.org/properties/fetchSize=100, http://www.dbunit.org/features/batchedStatements=false, http://www.dbunit.org/properties/metadataHandler=org.dbunit.database.DefaultMetadataHandler@3eeace42, http://www.dbunit.org/properties/datatypeFactory=org.dbunit.dataset.datatype.DefaultDataTypeFactory[_toleratedDeltaMap=org.dbunit.dataset.datatype.ToleratedDeltaMap@6452310a], http://www.dbunit.org/properties/escapePattern=null, http://www.dbunit.org/properties/batchSize=100, http://www.dbunit.org/features/qualifiedTableNames=false, http://www.dbunit.org/properties/tableType=[Ljava.lang.String;@5011bafa, http://www.dbunit.org/properties/resultSetTableFactory=org.dbunit.database.CachedResultSetTableFactory@10bcf083, http://www.dbunit.org/features/datatypeWarning=true}]) - start
193921 [main] TRACE org.dbunit.database.DatabaseConfig  - getFeature(name=http://www.dbunit.org/features/qualifiedTableNames) - start
193921 [main] TRACE org.dbunit.database.DatabaseConfig  - getProperty(name=http://www.dbunit.org/features/qualifiedTableNames) - start
193921 [main] DEBUG org.dbunit.util.QualifiedTableName  - Qualified table names feature is disabled. Returning plain table name
193921 [main] DEBUG org.dbunit.util.QualifiedTableName  - getQualifiedName(prefix=null, name=NESTEDSCOPEDCONTENTCONDITIONS, escapePattern=null) - start
193921 [main] DEBUG org.dbunit.database.search.AbstractMetaDataBasedSearchCallback  - newEdge(rs=org.apache.commons.dbcp.DelegatingResultSet@45e6b7bd, type=1, from=SCOPEDCONTENTCONDITION, to=NESTEDSCOPEDCONTENTCONDITIONS, fkColumn=CHILD_CONDITION_ID, pkColumn=ID) - start
193921 [main] DEBUG org.dbunit.database.search.AbstractMetaDataBasedSearchCallback  - createFKEdge(rs=org.apache.commons.dbcp.DelegatingResultSet@45e6b7bd, type=1, from=SCOPEDCONTENTCONDITION, to=NESTEDSCOPEDCONTENTCONDITIONS, fkColumn=CHILD_CONDITION_ID, pkColumn=ID) - start
193922 [main] DEBUG org.dbunit.database.search.AbstractMetaDataBasedSearchCallback  - Adding edge NESTEDSCOPEDCONTENTCONDITIONS(CHILD_CONDITION_ID)->SCOPEDCONTENTCONDITION(ID)
193922 [main] DEBUG org.dbunit.util.search.Edge  - compareTo(o=NESTEDSCOPEDCONTENTCONDITIONS(CHILD_CONDITION_ID)->SCOPEDCONTENTCONDITION(ID)) - start
193922 [main] DEBUG org.dbunit.util.QualifiedTableName  - getQualifiedNameIfEnabled(config=org.dbunit.database.DatabaseConfig[, _propertyMap={http://www.dbunit.org/properties/statementFactory=org.dbunit.database.statement.PreparedStatementFactory@626bc2b8, http://www.dbunit.org/features/caseSensitiveTableNames=false, http://www.dbunit.org/properties/fetchSize=100, http://www.dbunit.org/features/batchedStatements=false, http://www.dbunit.org/properties/metadataHandler=org.dbunit.database.DefaultMetadataHandler@3eeace42, http://www.dbunit.org/properties/datatypeFactory=org.dbunit.dataset.datatype.DefaultDataTypeFactory[_toleratedDeltaMap=org.dbunit.dataset.datatype.ToleratedDeltaMap@6452310a], http://www.dbunit.org/properties/escapePattern=null, http://www.dbunit.org/properties/batchSize=100, http://www.dbunit.org/features/qualifiedTableNames=false, http://www.dbunit.org/properties/tableType=[Ljava.lang.String;@5011bafa, http://www.dbunit.org/properties/resultSetTableFactory=org.dbunit.database.CachedResultSetTableFactory@10bcf083, http://www.dbunit.org/features/datatypeWarning=true}]) - start
193922 [main] TRACE org.dbunit.database.DatabaseConfig  - getFeature(name=http://www.dbunit.org/features/qualifiedTableNames) - start
193922 [main] TRACE org.dbunit.database.DatabaseConfig  - getProperty(name=http://www.dbunit.org/features/qualifiedTableNames) - start
193922 [main] DEBUG org.dbunit.util.QualifiedTableName  - Qualified table names feature is disabled. Returning plain table name
193922 [main] DEBUG org.dbunit.util.QualifiedTableName  - getQualifiedName(prefix=null, name=SCOPEDCONTENTCONDITION, escapePattern=null) - start
193922 [main] DEBUG org.dbunit.util.QualifiedTableName  - getQualifiedNameIfEnabled(config=org.dbunit.database.DatabaseConfig[, _propertyMap={http://www.dbunit.org/properties/statementFactory=org.dbunit.database.statement.PreparedStatementFactory@626bc2b8, http://www.dbunit.org/features/caseSensitiveTableNames=false, http://www.dbunit.org/properties/fetchSize=100, http://www.dbunit.org/features/batchedStatements=false, http://www.dbunit.org/properties/metadataHandler=org.dbunit.database.DefaultMetadataHandler@3eeace42, http://www.dbunit.org/properties/datatypeFactory=org.dbunit.dataset.datatype.DefaultDataTypeFactory[_toleratedDeltaMap=org.dbunit.dataset.datatype.ToleratedDeltaMap@6452310a], http://www.dbunit.org/properties/escapePattern=null, http://www.dbunit.org/properties/batchSize=100, http://www.dbunit.org/features/qualifiedTableNames=false, http://www.dbunit.org/properties/tableType=[Ljava.lang.String;@5011bafa, http://www.dbunit.org/properties/resultSetTableFactory=org.dbunit.database.CachedResultSetTableFactory@10bcf083, http://www.dbunit.org/features/datatypeWarning=true}]) - start
193922 [main] TRACE org.dbunit.database.DatabaseConfig  - getFeature(name=http://www.dbunit.org/features/qualifiedTableNames) - start
193922 [main] TRACE org.dbunit.database.DatabaseConfig  - getProperty(name=http://www.dbunit.org/features/qualifiedTableNames) - start
193922 [main] DEBUG org.dbunit.util.QualifiedTableName  - Qualified table names feature is disabled. Returning plain table name
193922 [main] DEBUG org.dbunit.util.QualifiedTableName  - getQualifiedName(prefix=null, name=NESTEDSCOPEDCONTENTCONDITIONS, escapePattern=null) - start
193922 [main] DEBUG org.dbunit.database.search.AbstractMetaDataBasedSearchCallback  - newEdge(rs=org.apache.commons.dbcp.DelegatingResultSet@45e6b7bd, type=1, from=SCOPEDCONTENTCONDITION, to=NESTEDSCOPEDCONTENTCONDITIONS, fkColumn=PARENT_CONDITION_ID, pkColumn=ID) - start
193922 [main] DEBUG org.dbunit.database.search.AbstractMetaDataBasedSearchCallback  - createFKEdge(rs=org.apache.commons.dbcp.DelegatingResultSet@45e6b7bd, type=1, from=SCOPEDCONTENTCONDITION, to=NESTEDSCOPEDCONTENTCONDITIONS, fkColumn=PARENT_CONDITION_ID, pkColumn=ID) - start
193922 [main] DEBUG org.dbunit.database.search.AbstractMetaDataBasedSearchCallback  - Adding edge NESTEDSCOPEDCONTENTCONDITIONS(PARENT_CONDITION_ID)->SCOPEDCONTENTCONDITION(ID)
193922 [main] DEBUG org.dbunit.util.search.Edge  - compareTo(o=NESTEDSCOPEDCONTENTCONDITIONS(CHILD_CONDITION_ID)->SCOPEDCONTENTCONDITION(ID)) - start
193922 [main] DEBUG org.dbunit.util.QualifiedTableName  - getQualifiedNameIfEnabled(config=org.dbunit.database.DatabaseConfig[, _propertyMap={http://www.dbunit.org/properties/statementFactory=org.dbunit.database.statement.PreparedStatementFactory@626bc2b8, http://www.dbunit.org/features/caseSensitiveTableNames=false, http://www.dbunit.org/properties/fetchSize=100, http://www.dbunit.org/features/batchedStatements=false, http://www.dbunit.org/properties/metadataHandler=org.dbunit.database.DefaultMetadataHandler@3eeace42, http://www.dbunit.org/properties/datatypeFactory=org.dbunit.dataset.datatype.DefaultDataTypeFactory[_toleratedDeltaMap=org.dbunit.dataset.datatype.ToleratedDeltaMap@6452310a], http://www.dbunit.org/properties/escapePattern=null, http://www.dbunit.org/properties/batchSize=100, http://www.dbunit.org/features/qualifiedTableNames=false, http://www.dbunit.org/properties/tableType=[Ljava.lang.String;@5011bafa, http://www.dbunit.org/properties/resultSetTableFactory=org.dbunit.database.CachedResultSetTableFactory@10bcf083, http://www.dbunit.org/features/datatypeWarning=true}]) - start
193922 [main] TRACE org.dbunit.database.DatabaseConfig  - getFeature(name=http://www.dbunit.org/features/qualifiedTableNames) - start
193922 [main] TRACE org.dbunit.database.DatabaseConfig  - getProperty(name=http://www.dbunit.org/features/qualifiedTableNames) - start
193922 [main] DEBUG org.dbunit.util.QualifiedTableName  - Qualified table names feature is disabled. Returning plain table name
193922 [main] DEBUG org.dbunit.util.QualifiedTableName  - getQualifiedName(prefix=null, name=SCOPEDCONTENTCONDITION, escapePattern=null) - start
193922 [main] DEBUG org.dbunit.util.QualifiedTableName  - getQualifiedNameIfEnabled(config=org.dbunit.database.DatabaseConfig[, _propertyMap={http://www.dbunit.org/properties/statementFactory=org.dbunit.database.statement.PreparedStatementFactory@626bc2b8, http://www.dbunit.org/features/caseSensitiveTableNames=false, http://www.dbunit.org/properties/fetchSize=100, http://www.dbunit.org/features/batchedStatements=false, http://www.dbunit.org/properties/metadataHandler=org.dbunit.database.DefaultMetadataHandler@3eeace42, http://www.dbunit.org/properties/datatypeFactory=org.dbunit.dataset.datatype.DefaultDataTypeFactory[_toleratedDeltaMap=org.dbunit.dataset.datatype.ToleratedDeltaMap@6452310a], http://www.dbunit.org/properties/escapePattern=null, http://www.dbunit.org/properties/batchSize=100, http://www.dbunit.org/features/qualifiedTableNames=false, http://www.dbunit.org/properties/tableType=[Ljava.lang.String;@5011bafa, http://www.dbunit.org/properties/resultSetTableFactory=org.dbunit.database.CachedResultSetTableFactory@10bcf083, http://www.dbunit.org/features/datatypeWarning=true}]) - start
193922 [main] TRACE org.dbunit.database.DatabaseConfig  - getFeature(name=http://www.dbunit.org/features/qualifiedTableNames) - start
193922 [main] TRACE org.dbunit.database.DatabaseConfig  - getProperty(name=http://www.dbunit.org/features/qualifiedTableNames) - start
193922 [main] DEBUG org.dbunit.util.QualifiedTableName  - Qualified table names feature is disabled. Returning plain table name
193922 [main] DEBUG org.dbunit.util.QualifiedTableName  - getQualifiedName(prefix=null, name=SCOPEDCONTENTCONDITIONATTRIBUTE, escapePattern=null) - start
193923 [main] DEBUG org.dbunit.database.search.AbstractMetaDataBasedSearchCallback  - newEdge(rs=org.apache.commons.dbcp.DelegatingResultSet@45e6b7bd, type=1, from=SCOPEDCONTENTCONDITION, to=SCOPEDCONTENTCONDITIONATTRIBUTE, fkColumn=SCOPEDCONTENTCONDITION, pkColumn=ID) - start
193923 [main] DEBUG org.dbunit.database.search.AbstractMetaDataBasedSearchCallback  - createFKEdge(rs=org.apache.commons.dbcp.DelegatingResultSet@45e6b7bd, type=1, from=SCOPEDCONTENTCONDITION, to=SCOPEDCONTENTCONDITIONATTRIBUTE, fkColumn=SCOPEDCONTENTCONDITION, pkColumn=ID) - start
193923 [main] DEBUG org.dbunit.database.search.AbstractMetaDataBasedSearchCallback  - Adding edge SCOPEDCONTENTCONDITIONATTRIBUTE(SCOPEDCONTENTCONDITION)->SCOPEDCONTENTCONDITION(ID)
193923 [main] DEBUG org.dbunit.util.search.Edge  - compareTo(o=NESTEDSCOPEDCONTENTCONDITIONS(CHILD_CONDITION_ID)->SCOPEDCONTENTCONDITION(ID)) - start
193923 [main] DEBUG org.dbunit.util.QualifiedTableName  - getQualifiedNameIfEnabled(config=org.dbunit.database.DatabaseConfig[, _propertyMap={http://www.dbunit.org/properties/statementFactory=org.dbunit.database.statement.PreparedStatementFactory@626bc2b8, http://www.dbunit.org/features/caseSensitiveTableNames=false, http://www.dbunit.org/properties/fetchSize=100, http://www.dbunit.org/features/batchedStatements=false, http://www.dbunit.org/properties/metadataHandler=org.dbunit.database.DefaultMetadataHandler@3eeace42, http://www.dbunit.org/properties/datatypeFactory=org.dbunit.dataset.datatype.DefaultDataTypeFactory[_toleratedDeltaMap=org.dbunit.dataset.datatype.ToleratedDeltaMap@6452310a], http://www.dbunit.org/properties/escapePattern=null, http://www.dbunit.org/properties/batchSize=100, http://www.dbunit.org/features/qualifiedTableNames=false, http://www.dbunit.org/properties/tableType=[Ljava.lang.String;@5011bafa, http://www.dbunit.org/properties/resultSetTableFactory=org.dbunit.database.CachedResultSetTableFactory@10bcf083, http://www.dbunit.org/features/datatypeWarning=true}]) - start
193923 [main] TRACE org.dbunit.database.DatabaseConfig  - getFeature(name=http://www.dbunit.org/features/qualifiedTableNames) - start
193923 [main] TRACE org.dbunit.database.DatabaseConfig  - getProperty(name=http://www.dbunit.org/features/qualifiedTableNames) - start
193923 [main] DEBUG org.dbunit.util.QualifiedTableName  - Qualified table names feature is disabled. Returning plain table name
193923 [main] DEBUG org.dbunit.util.QualifiedTableName  - getQualifiedName(prefix=null, name=SCOPEDCONTENTCONDITION, escapePattern=null) - start
193923 [main] DEBUG org.dbunit.util.QualifiedTableName  - getQualifiedNameIfEnabled(config=org.dbunit.database.DatabaseConfig[, _propertyMap={http://www.dbunit.org/properties/statementFactory=org.dbunit.database.statement.PreparedStatementFactory@626bc2b8, http://www.dbunit.org/features/caseSensitiveTableNames=false, http://www.dbunit.org/properties/fetchSize=100, http://www.dbunit.org/features/batchedStatements=false, http://www.dbunit.org/properties/metadataHandler=org.dbunit.database.DefaultMetadataHandler@3eeace42, http://www.dbunit.org/properties/datatypeFactory=org.dbunit.dataset.datatype.DefaultDataTypeFactory[_toleratedDeltaMap=org.dbunit.dataset.datatype.ToleratedDeltaMap@6452310a], http://www.dbunit.org/properties/escapePattern=null, http://www.dbunit.org/properties/batchSize=100, http://www.dbunit.org/features/qualifiedTableNames=false, http://www.dbunit.org/properties/tableType=[Ljava.lang.String;@5011bafa, http://www.dbunit.org/properties/resultSetTableFactory=org.dbunit.database.CachedResultSetTableFactory@10bcf083, http://www.dbunit.org/features/datatypeWarning=true}]) - start
193923 [main] TRACE org.dbunit.database.DatabaseConfig  - getFeature(name=http://www.dbunit.org/features/qualifiedTableNames) - start
193923 [main] TRACE org.dbunit.database.DatabaseConfig  - getProperty(name=http://www.dbunit.org/features/qualifiedTableNames) - start
193923 [main] DEBUG org.dbunit.util.QualifiedTableName  - Qualified table names feature is disabled. Returning plain table name
193923 [main] DEBUG org.dbunit.util.QualifiedTableName  - getQualifiedName(prefix=null, name=SCOPEDCONTENTCONDITIONS_SCOPEDCONTENT, escapePattern=null) - start
193923 [main] DEBUG org.dbunit.database.search.AbstractMetaDataBasedSearchCallback  - newEdge(rs=org.apache.commons.dbcp.DelegatingResultSet@45e6b7bd, type=1, from=SCOPEDCONTENTCONDITION, to=SCOPEDCONTENTCONDITIONS_SCOPEDCONTENT, fkColumn=SCOPED_CONTENT_CONDITION_ID, pkColumn=ID) - start
193923 [main] DEBUG org.dbunit.database.search.AbstractMetaDataBasedSearchCallback  - createFKEdge(rs=org.apache.commons.dbcp.DelegatingResultSet@45e6b7bd, type=1, from=SCOPEDCONTENTCONDITION, to=SCOPEDCONTENTCONDITIONS_SCOPEDCONTENT, fkColumn=SCOPED_CONTENT_CONDITION_ID, pkColumn=ID) - start
193923 [main] DEBUG org.dbunit.database.search.AbstractMetaDataBasedSearchCallback  - Adding edge SCOPEDCONTENTCONDITIONS_SCOPEDCONTENT(SCOPED_CONTENT_CONDITION_ID)->SCOPEDCONTENTCONDITION(ID)
193923 [main] DEBUG org.dbunit.util.search.Edge  - compareTo(o=NESTEDSCOPEDCONTENTCONDITIONS(CHILD_CONDITION_ID)->SCOPEDCONTENTCONDITION(ID)) - start
193923 [main] DEBUG org.dbunit.util.search.Edge  - compareTo(o=SCOPEDCONTENTCONDITIONATTRIBUTE(SCOPEDCONTENTCONDITION)->SCOPEDCONTENTCONDITION(ID)) - start
193923 [main] DEBUG org.dbunit.util.QualifiedTableName  - getQualifiedNameIfEnabled(config=org.dbunit.database.DatabaseConfig[, _propertyMap={http://www.dbunit.org/properties/statementFactory=org.dbunit.database.statement.PreparedStatementFactory@626bc2b8, http://www.dbunit.org/features/caseSensitiveTableNames=false, http://www.dbunit.org/properties/fetchSize=100, http://www.dbunit.org/features/batchedStatements=false, http://www.dbunit.org/properties/metadataHandler=org.dbunit.database.DefaultMetadataHandler@3eeace42, http://www.dbunit.org/properties/datatypeFactory=org.dbunit.dataset.datatype.DefaultDataTypeFactory[_toleratedDeltaMap=org.dbunit.dataset.datatype.ToleratedDeltaMap@6452310a], http://www.dbunit.org/properties/escapePattern=null, http://www.dbunit.org/properties/batchSize=100, http://www.dbunit.org/features/qualifiedTableNames=false, http://www.dbunit.org/properties/tableType=[Ljava.lang.String;@5011bafa, http://www.dbunit.org/properties/resultSetTableFactory=org.dbunit.database.CachedResultSetTableFactory@10bcf083, http://www.dbunit.org/features/datatypeWarning=true}]) - start
193923 [main] TRACE org.dbunit.database.DatabaseConfig  - getFeature(name=http://www.dbunit.org/features/qualifiedTableNames) - start
193923 [main] TRACE org.dbunit.database.DatabaseConfig  - getProperty(name=http://www.dbunit.org/features/qualifiedTableNames) - start
193923 [main] DEBUG org.dbunit.util.QualifiedTableName  - Qualified table names feature is disabled. Returning plain table name
193924 [main] DEBUG org.dbunit.util.QualifiedTableName  - getQualifiedName(prefix=null, name=SCOPEDCONTENTCONDITION, escapePattern=null) - start
193924 [main] DEBUG org.dbunit.util.QualifiedTableName  - getQualifiedNameIfEnabled(config=org.dbunit.database.DatabaseConfig[, _propertyMap={http://www.dbunit.org/properties/statementFactory=org.dbunit.database.statement.PreparedStatementFactory@626bc2b8, http://www.dbunit.org/features/caseSensitiveTableNames=false, http://www.dbunit.org/properties/fetchSize=100, http://www.dbunit.org/features/batchedStatements=false, http://www.dbunit.org/properties/metadataHandler=org.dbunit.database.DefaultMetadataHandler@3eeace42, http://www.dbunit.org/properties/datatypeFactory=org.dbunit.dataset.datatype.DefaultDataTypeFactory[_toleratedDeltaMap=org.dbunit.dataset.datatype.ToleratedDeltaMap@6452310a], http://www.dbunit.org/properties/escapePattern=null, http://www.dbunit.org/properties/batchSize=100, http://www.dbunit.org/features/qualifiedTableNames=false, http://www.dbunit.org/properties/tableType=[Ljava.lang.String;@5011bafa, http://www.dbunit.org/properties/resultSetTableFactory=org.dbunit.database.CachedResultSetTableFactory@10bcf083, http://www.dbunit.org/features/datatypeWarning=true}]) - start
193924 [main] TRACE org.dbunit.database.DatabaseConfig  - getFeature(name=http://www.dbunit.org/features/qualifiedTableNames) - start
193924 [main] TRACE org.dbunit.database.DatabaseConfig  - getProperty(name=http://www.dbunit.org/features/qualifiedTableNames) - start
193924 [main] DEBUG org.dbunit.util.QualifiedTableName  - Qualified table names feature is disabled. Returning plain table name
193924 [main] DEBUG org.dbunit.util.QualifiedTableName  - getQualifiedName(prefix=null, name=SCOPEDCONTENTCONDITIONS_SCOPEDCONTENTITEM, escapePattern=null) - start
193924 [main] DEBUG org.dbunit.database.search.AbstractMetaDataBasedSearchCallback  - newEdge(rs=org.apache.commons.dbcp.DelegatingResultSet@45e6b7bd, type=1, from=SCOPEDCONTENTCONDITION, to=SCOPEDCONTENTCONDITIONS_SCOPEDCONTENTITEM, fkColumn=SCOPED_CONTENT_CONDITION_ID, pkColumn=ID) - start
193924 [main] DEBUG org.dbunit.database.search.AbstractMetaDataBasedSearchCallback  - createFKEdge(rs=org.apache.commons.dbcp.DelegatingResultSet@45e6b7bd, type=1, from=SCOPEDCONTENTCONDITION, to=SCOPEDCONTENTCONDITIONS_SCOPEDCONTENTITEM, fkColumn=SCOPED_CONTENT_CONDITION_ID, pkColumn=ID) - start
193924 [main] DEBUG org.dbunit.database.search.AbstractMetaDataBasedSearchCallback  - Adding edge SCOPEDCONTENTCONDITIONS_SCOPEDCONTENTITEM(SCOPED_CONTENT_CONDITION_ID)->SCOPEDCONTENTCONDITION(ID)
193924 [main] DEBUG org.dbunit.util.search.Edge  - compareTo(o=SCOPEDCONTENTCONDITIONATTRIBUTE(SCOPEDCONTENTCONDITION)->SCOPEDCONTENTCONDITION(ID)) - start
193924 [main] DEBUG org.dbunit.util.search.Edge  - compareTo(o=SCOPEDCONTENTCONDITIONS_SCOPEDCONTENT(SCOPED_CONTENT_CONDITION_ID)->SCOPEDCONTENTCONDITION(ID)) - start
193924 [main] DEBUG org.dbunit.util.SQLHelper  - close(resultSet=org.apache.commons.dbcp.DelegatingResultSet@45e6b7bd) - start
193924 [main] DEBUG org.dbunit.util.search.DepthFirstSearch  - reverseSearch:NESTEDSCOPEDCONTENTCONDITIONS
193924 [main] DEBUG org.dbunit.database.search.ExportedKeysSearchCallback  - searchNode(node=NESTEDSCOPEDCONTENTCONDITIONS) - start
193924 [main] DEBUG org.dbunit.util.search.DepthFirstSearch  - Pushing (reverse) NESTEDSCOPEDCONTENTCONDITIONS
193924 [main] DEBUG org.dbunit.database.search.ExportedKeysSearchCallback  - getEdges(node=NESTEDSCOPEDCONTENTCONDITIONS) - start
193924 [main] DEBUG org.dbunit.database.search.AbstractMetaDataBasedSearchCallback  - getNodesFromExportedKeys(node=NESTEDSCOPEDCONTENTCONDITIONS) - start
193924 [main] DEBUG org.dbunit.database.search.AbstractMetaDataBasedSearchCallback  - getNodes(type=1, node=NESTEDSCOPEDCONTENTCONDITIONS) - start
193924 [main] DEBUG org.dbunit.database.DatabaseDataSourceConnection  - getConnection() - start
193924 [main] DEBUG org.dbunit.database.search.AbstractMetaDataBasedSearchCallback  - getNodes(type=1, node=NESTEDSCOPEDCONTENTCONDITIONS, conn=Transaction-aware proxy for target Connection [jdbc:hsqldb:mem:kontrollDS, UserName=sw, HSQL Database Engine Driver], schema=null, metaData=org.apache.commons.dbcp.DelegatingDatabaseMetaData@2e28fd25, edges=[]) - start
193924 [main] DEBUG org.dbunit.database.search.AbstractMetaDataBasedSearchCallback  - Getting edges for node NESTEDSCOPEDCONTENTCONDITIONS
193924 [main] TRACE org.dbunit.database.DatabaseConfig  - getProperty(name=http://www.dbunit.org/properties/metadataHandler) - start
193924 [main] TRACE org.dbunit.database.DefaultMetadataHandler  - tableExists(metaData=org.apache.commons.dbcp.DelegatingDatabaseMetaData@2e28fd25, schemaName=null, tableName=NESTEDSCOPEDCONTENTCONDITIONS) - start
193925 [main] DEBUG org.dbunit.util.SQLHelper  - close(resultSet=org.apache.commons.dbcp.DelegatingResultSet@30f11342) - start
193926 [main] DEBUG org.dbunit.util.SQLHelper  - close(resultSet=org.apache.commons.dbcp.DelegatingResultSet@70ec211f) - start
193926 [main] DEBUG org.dbunit.util.search.DepthFirstSearch  - reverseSearch:SCOPEDCONTENTCONDITIONATTRIBUTE
193926 [main] DEBUG org.dbunit.database.search.ExportedKeysSearchCallback  - searchNode(node=SCOPEDCONTENTCONDITIONATTRIBUTE) - start
193926 [main] DEBUG org.dbunit.util.search.DepthFirstSearch  - Pushing (reverse) SCOPEDCONTENTCONDITIONATTRIBUTE
193926 [main] DEBUG org.dbunit.database.search.ExportedKeysSearchCallback  - getEdges(node=SCOPEDCONTENTCONDITIONATTRIBUTE) - start
193926 [main] DEBUG org.dbunit.database.search.AbstractMetaDataBasedSearchCallback  - getNodesFromExportedKeys(node=SCOPEDCONTENTCONDITIONATTRIBUTE) - start
193926 [main] DEBUG org.dbunit.database.search.AbstractMetaDataBasedSearchCallback  - getNodes(type=1, node=SCOPEDCONTENTCONDITIONATTRIBUTE) - start
193926 [main] DEBUG org.dbunit.database.DatabaseDataSourceConnection  - getConnection() - start
193926 [main] DEBUG org.dbunit.database.search.AbstractMetaDataBasedSearchCallback  - getNodes(type=1, node=SCOPEDCONTENTCONDITIONATTRIBUTE, conn=Transaction-aware proxy for target Connection [jdbc:hsqldb:mem:kontrollDS, UserName=sw, HSQL Database Engine Driver], schema=null, metaData=org.apache.commons.dbcp.DelegatingDatabaseMetaData@1e72b424, edges=[]) - start
193926 [main] DEBUG org.dbunit.database.search.AbstractMetaDataBasedSearchCallback  - Getting edges for node SCOPEDCONTENTCONDITIONATTRIBUTE
193926 [main] TRACE org.dbunit.database.DatabaseConfig  - getProperty(name=http://www.dbunit.org/properties/metadataHandler) - start
193926 [main] TRACE org.dbunit.database.DefaultMetadataHandler  - tableExists(metaData=org.apache.commons.dbcp.DelegatingDatabaseMetaData@1e72b424, schemaName=null, tableName=SCOPEDCONTENTCONDITIONATTRIBUTE) - start
193927 [main] DEBUG org.dbunit.util.SQLHelper  - close(resultSet=org.apache.commons.dbcp.DelegatingResultSet@e50a33) - start
193927 [main] DEBUG org.dbunit.util.SQLHelper  - close(resultSet=org.apache.commons.dbcp.DelegatingResultSet@72ae489f) - start
193927 [main] DEBUG org.dbunit.util.search.DepthFirstSearch  - reverseSearch:SCOPEDCONTENTCONDITIONS_SCOPEDCONTENT
193927 [main] DEBUG org.dbunit.database.search.ExportedKeysSearchCallback  - searchNode(node=SCOPEDCONTENTCONDITIONS_SCOPEDCONTENT) - start
193927 [main] DEBUG org.dbunit.util.search.DepthFirstSearch  - Pushing (reverse) SCOPEDCONTENTCONDITIONS_SCOPEDCONTENT
193927 [main] DEBUG org.dbunit.database.search.ExportedKeysSearchCallback  - getEdges(node=SCOPEDCONTENTCONDITIONS_SCOPEDCONTENT) - start
193927 [main] DEBUG org.dbunit.database.search.AbstractMetaDataBasedSearchCallback  - getNodesFromExportedKeys(node=SCOPEDCONTENTCONDITIONS_SCOPEDCONTENT) - start
193927 [main] DEBUG org.dbunit.database.search.AbstractMetaDataBasedSearchCallback  - getNodes(type=1, node=SCOPEDCONTENTCONDITIONS_SCOPEDCONTENT) - start
193927 [main] DEBUG org.dbunit.database.DatabaseDataSourceConnection  - getConnection() - start
193928 [main] DEBUG org.dbunit.database.search.AbstractMetaDataBasedSearchCallback  - getNodes(type=1, node=SCOPEDCONTENTCONDITIONS_SCOPEDCONTENT, conn=Transaction-aware proxy for target Connection [jdbc:hsqldb:mem:kontrollDS, UserName=sw, HSQL Database Engine Driver], schema=null, metaData=org.apache.commons.dbcp.DelegatingDatabaseMetaData@1021f98b, edges=[]) - start
193928 [main] DEBUG org.dbunit.database.search.AbstractMetaDataBasedSearchCallback  - Getting edges for node SCOPEDCONTENTCONDITIONS_SCOPEDCONTENT
193928 [main] TRACE org.dbunit.database.DatabaseConfig  - getProperty(name=http://www.dbunit.org/properties/metadataHandler) - start
193928 [main] TRACE org.dbunit.database.DefaultMetadataHandler  - tableExists(metaData=org.apache.commons.dbcp.DelegatingDatabaseMetaData@1021f98b, schemaName=null, tableName=SCOPEDCONTENTCONDITIONS_SCOPEDCONTENT) - start
193929 [main] DEBUG org.dbunit.util.SQLHelper  - close(resultSet=org.apache.commons.dbcp.DelegatingResultSet@2ed6a947) - start
193929 [main] DEBUG org.dbunit.util.SQLHelper  - close(resultSet=org.apache.commons.dbcp.DelegatingResultSet@31f2ab74) - start
193929 [main] DEBUG org.dbunit.util.search.DepthFirstSearch  - reverseSearch:SCOPEDCONTENTCONDITIONS_SCOPEDCONTENTITEM
193929 [main] DEBUG org.dbunit.database.search.ExportedKeysSearchCallback  - searchNode(node=SCOPEDCONTENTCONDITIONS_SCOPEDCONTENTITEM) - start
193929 [main] DEBUG org.dbunit.util.search.DepthFirstSearch  - Pushing (reverse) SCOPEDCONTENTCONDITIONS_SCOPEDCONTENTITEM
193929 [main] DEBUG org.dbunit.database.search.ExportedKeysSearchCallback  - getEdges(node=SCOPEDCONTENTCONDITIONS_SCOPEDCONTENTITEM) - start
193929 [main] DEBUG org.dbunit.database.search.AbstractMetaDataBasedSearchCallback  - getNodesFromExportedKeys(node=SCOPEDCONTENTCONDITIONS_SCOPEDCONTENTITEM) - start
193929 [main] DEBUG org.dbunit.database.search.AbstractMetaDataBasedSearchCallback  - getNodes(type=1, node=SCOPEDCONTENTCONDITIONS_SCOPEDCONTENTITEM) - start
193929 [main] DEBUG org.dbunit.database.DatabaseDataSourceConnection  - getConnection() - start
193929 [main] DEBUG org.dbunit.database.search.AbstractMetaDataBasedSearchCallback  - getNodes(type=1, node=SCOPEDCONTENTCONDITIONS_SCOPEDCONTENTITEM, conn=Transaction-aware proxy for target Connection [jdbc:hsqldb:mem:kontrollDS, UserName=sw, HSQL Database Engine Driver], schema=null, metaData=org.apache.commons.dbcp.DelegatingDatabaseMetaData@32d6664a, edges=[]) - start
193929 [main] DEBUG org.dbunit.database.search.AbstractMetaDataBasedSearchCallback  - Getting edges for node SCOPEDCONTENTCONDITIONS_SCOPEDCONTENTITEM
193929 [main] TRACE org.dbunit.database.DatabaseConfig  - getProperty(name=http://www.dbunit.org/properties/metadataHandler) - start
193929 [main] TRACE org.dbunit.database.DefaultMetadataHandler  - tableExists(metaData=org.apache.commons.dbcp.DelegatingDatabaseMetaData@32d6664a, schemaName=null, tableName=SCOPEDCONTENTCONDITIONS_SCOPEDCONTENTITEM) - start
193930 [main] DEBUG org.dbunit.util.SQLHelper  - close(resultSet=org.apache.commons.dbcp.DelegatingResultSet@178ef24f) - start
193930 [main] DEBUG org.dbunit.util.SQLHelper  - close(resultSet=org.apache.commons.dbcp.DelegatingResultSet@119b4e7f) - start
193930 [main] DEBUG org.dbunit.util.search.DepthFirstSearch  - search:NESTEDSCOPEDCONTENTCONDITIONS
193930 [main] DEBUG org.dbunit.database.search.ExportedKeysSearchCallback  - searchNode(node=NESTEDSCOPEDCONTENTCONDITIONS) - start
193930 [main] DEBUG org.dbunit.util.search.DepthFirstSearch  - Pushing NESTEDSCOPEDCONTENTCONDITIONS
193930 [main] DEBUG org.dbunit.database.search.ExportedKeysSearchCallback  - getEdges(node=NESTEDSCOPEDCONTENTCONDITIONS) - start
193931 [main] DEBUG org.dbunit.database.search.AbstractMetaDataBasedSearchCallback  - getNodesFromExportedKeys(node=NESTEDSCOPEDCONTENTCONDITIONS) - start
193931 [main] DEBUG org.dbunit.database.search.AbstractMetaDataBasedSearchCallback  - getNodes(type=1, node=NESTEDSCOPEDCONTENTCONDITIONS) - start
193931 [main] DEBUG org.dbunit.database.DatabaseDataSourceConnection  - getConnection() - start
193931 [main] DEBUG org.dbunit.database.search.AbstractMetaDataBasedSearchCallback  - getNodes(type=1, node=NESTEDSCOPEDCONTENTCONDITIONS, conn=Transaction-aware proxy for target Connection [jdbc:hsqldb:mem:kontrollDS, UserName=sw, HSQL Database Engine Driver], schema=null, metaData=org.apache.commons.dbcp.DelegatingDatabaseMetaData@6b3e7ce0, edges=[]) - start
193931 [main] DEBUG org.dbunit.database.search.AbstractMetaDataBasedSearchCallback  - Getting edges for node NESTEDSCOPEDCONTENTCONDITIONS
193931 [main] TRACE org.dbunit.database.DatabaseConfig  - getProperty(name=http://www.dbunit.org/properties/metadataHandler) - start
193931 [main] TRACE org.dbunit.database.DefaultMetadataHandler  - tableExists(metaData=org.apache.commons.dbcp.DelegatingDatabaseMetaData@6b3e7ce0, schemaName=null, tableName=NESTEDSCOPEDCONTENTCONDITIONS) - start
193932 [main] DEBUG org.dbunit.util.SQLHelper  - close(resultSet=org.apache.commons.dbcp.DelegatingResultSet@f799c57) - start
193932 [main] DEBUG org.dbunit.util.SQLHelper  - close(resultSet=org.apache.commons.dbcp.DelegatingResultSet@41aafde3) - start
193932 [main] DEBUG org.dbunit.util.search.DepthFirstSearch  - Adding node NESTEDSCOPEDCONTENTCONDITIONS to the final result
193932 [main] DEBUG org.dbunit.util.search.DepthFirstSearch  - search:SCOPEDCONTENTCONDITIONATTRIBUTE
193932 [main] DEBUG org.dbunit.database.search.ExportedKeysSearchCallback  - searchNode(node=SCOPEDCONTENTCONDITIONATTRIBUTE) - start
193932 [main] DEBUG org.dbunit.util.search.DepthFirstSearch  - Pushing SCOPEDCONTENTCONDITIONATTRIBUTE
193932 [main] DEBUG org.dbunit.database.search.ExportedKeysSearchCallback  - getEdges(node=SCOPEDCONTENTCONDITIONATTRIBUTE) - start
193932 [main] DEBUG org.dbunit.database.search.AbstractMetaDataBasedSearchCallback  - getNodesFromExportedKeys(node=SCOPEDCONTENTCONDITIONATTRIBUTE) - start
193932 [main] DEBUG org.dbunit.database.search.AbstractMetaDataBasedSearchCallback  - getNodes(type=1, node=SCOPEDCONTENTCONDITIONATTRIBUTE) - start
193932 [main] DEBUG org.dbunit.database.DatabaseDataSourceConnection  - getConnection() - start
193932 [main] DEBUG org.dbunit.database.search.AbstractMetaDataBasedSearchCallback  - getNodes(type=1, node=SCOPEDCONTENTCONDITIONATTRIBUTE, conn=Transaction-aware proxy for target Connection [jdbc:hsqldb:mem:kontrollDS, UserName=sw, HSQL Database Engine Driver], schema=null, metaData=org.apache.commons.dbcp.DelegatingDatabaseMetaData@410263c3, edges=[]) - start
193932 [main] DEBUG org.dbunit.database.search.AbstractMetaDataBasedSearchCallback  - Getting edges for node SCOPEDCONTENTCONDITIONATTRIBUTE
193932 [main] TRACE org.dbunit.database.DatabaseConfig  - getProperty(name=http://www.dbunit.org/properties/metadataHandler) - start
193932 [main] TRACE org.dbunit.database.DefaultMetadataHandler  - tableExists(metaData=org.apache.commons.dbcp.DelegatingDatabaseMetaData@410263c3, schemaName=null, tableName=SCOPEDCONTENTCONDITIONATTRIBUTE) - start
193933 [main] DEBUG org.dbunit.util.SQLHelper  - close(resultSet=org.apache.commons.dbcp.DelegatingResultSet@5b6932f9) - start
193933 [main] DEBUG org.dbunit.util.SQLHelper  - close(resultSet=org.apache.commons.dbcp.DelegatingResultSet@1bc18ac1) - start
193933 [main] DEBUG org.dbunit.util.search.DepthFirstSearch  - Adding node SCOPEDCONTENTCONDITIONATTRIBUTE to the final result
193933 [main] DEBUG org.dbunit.util.search.DepthFirstSearch  - search:SCOPEDCONTENTCONDITIONS_SCOPEDCONTENT
193933 [main] DEBUG org.dbunit.database.search.ExportedKeysSearchCallback  - searchNode(node=SCOPEDCONTENTCONDITIONS_SCOPEDCONTENT) - start
193934 [main] DEBUG org.dbunit.util.search.DepthFirstSearch  - Pushing SCOPEDCONTENTCONDITIONS_SCOPEDCONTENT
193934 [main] DEBUG org.dbunit.database.search.ExportedKeysSearchCallback  - getEdges(node=SCOPEDCONTENTCONDITIONS_SCOPEDCONTENT) - start
193934 [main] DEBUG org.dbunit.database.search.AbstractMetaDataBasedSearchCallback  - getNodesFromExportedKeys(node=SCOPEDCONTENTCONDITIONS_SCOPEDCONTENT) - start
193934 [main] DEBUG org.dbunit.database.search.AbstractMetaDataBasedSearchCallback  - getNodes(type=1, node=SCOPEDCONTENTCONDITIONS_SCOPEDCONTENT) - start
193934 [main] DEBUG org.dbunit.database.DatabaseDataSourceConnection  - getConnection() - start
193934 [main] DEBUG org.dbunit.database.search.AbstractMetaDataBasedSearchCallback  - getNodes(type=1, node=SCOPEDCONTENTCONDITIONS_SCOPEDCONTENT, conn=Transaction-aware proxy for target Connection [jdbc:hsqldb:mem:kontrollDS, UserName=sw, HSQL Database Engine Driver], schema=null, metaData=org.apache.commons.dbcp.DelegatingDatabaseMetaData@3f7c9323, edges=[]) - start
193934 [main] DEBUG org.dbunit.database.search.AbstractMetaDataBasedSearchCallback  - Getting edges for node SCOPEDCONTENTCONDITIONS_SCOPEDCONTENT
193934 [main] TRACE org.dbunit.database.DatabaseConfig  - getProperty(name=http://www.dbunit.org/properties/metadataHandler) - start
193934 [main] TRACE org.dbunit.database.DefaultMetadataHandler  - tableExists(metaData=org.apache.commons.dbcp.DelegatingDatabaseMetaData@3f7c9323, schemaName=null, tableName=SCOPEDCONTENTCONDITIONS_SCOPEDCONTENT) - start
193935 [main] DEBUG org.dbunit.util.SQLHelper  - close(resultSet=org.apache.commons.dbcp.DelegatingResultSet@353845d9) - start
193935 [main] DEBUG org.dbunit.util.SQLHelper  - close(resultSet=org.apache.commons.dbcp.DelegatingResultSet@5433069a) - start
193935 [main] DEBUG org.dbunit.util.search.DepthFirstSearch  - Adding node SCOPEDCONTENTCONDITIONS_SCOPEDCONTENT to the final result
193935 [main] DEBUG org.dbunit.util.search.DepthFirstSearch  - search:SCOPEDCONTENTCONDITIONS_SCOPEDCONTENTITEM
193935 [main] DEBUG org.dbunit.database.search.ExportedKeysSearchCallback  - searchNode(node=SCOPEDCONTENTCONDITIONS_SCOPEDCONTENTITEM) - start
193935 [main] DEBUG org.dbunit.util.search.DepthFirstSearch  - Pushing SCOPEDCONTENTCONDITIONS_SCOPEDCONTENTITEM
193935 [main] DEBUG org.dbunit.database.search.ExportedKeysSearchCallback  - getEdges(node=SCOPEDCONTENTCONDITIONS_SCOPEDCONTENTITEM) - start
193935 [main] DEBUG org.dbunit.database.search.AbstractMetaDataBasedSearchCallback  - getNodesFromExportedKeys(node=SCOPEDCONTENTCONDITIONS_SCOPEDCONTENTITEM) - start
193935 [main] DEBUG org.dbunit.database.search.AbstractMetaDataBasedSearchCallback  - getNodes(type=1, node=SCOPEDCONTENTCONDITIONS_SCOPEDCONTENTITEM) - start
193935 [main] DEBUG org.dbunit.database.DatabaseDataSourceConnection  - getConnection() - start
193935 [main] DEBUG org.dbunit.database.search.AbstractMetaDataBasedSearchCallback  - getNodes(type=1, node=SCOPEDCONTENTCONDITIONS_SCOPEDCONTENTITEM, conn=Transaction-aware proxy for target Connection [jdbc:hsqldb:mem:kontrollDS, UserName=sw, HSQL Database Engine Driver], schema=null, metaData=org.apache.commons.dbcp.DelegatingDatabaseMetaData@61f693a5, edges=[]) - start
193935 [main] DEBUG org.dbunit.database.search.AbstractMetaDataBasedSearchCallback  - Getting edges for node SCOPEDCONTENTCONDITIONS_SCOPEDCONTENTITEM
193935 [main] TRACE org.dbunit.database.DatabaseConfig  - getProperty(name=http://www.dbunit.org/properties/metadataHandler) - start
193935 [main] TRACE org.dbunit.database.DefaultMetadataHandler  - tableExists(metaData=org.apache.commons.dbcp.DelegatingDatabaseMetaData@61f693a5, schemaName=null, tableName=SCOPEDCONTENTCONDITIONS_SCOPEDCONTENTITEM) - start
193937 [main] DEBUG org.dbunit.util.SQLHelper  - close(resultSet=org.apache.commons.dbcp.DelegatingResultSet@5f652824) - start
193937 [main] DEBUG org.dbunit.util.SQLHelper  - close(resultSet=org.apache.commons.dbcp.DelegatingResultSet@13f73ff5) - start
193937 [main] DEBUG org.dbunit.util.search.DepthFirstSearch  - Adding node SCOPEDCONTENTCONDITIONS_SCOPEDCONTENTITEM to the final result
193937 [main] DEBUG org.dbunit.util.search.DepthFirstSearch  - search:SCOPEDCONTENTCONDITION
193937 [main] DEBUG org.dbunit.database.search.ExportedKeysSearchCallback  - searchNode(node=SCOPEDCONTENTCONDITION) - start
193937 [main] DEBUG org.dbunit.util.search.DepthFirstSearch  - Pushing SCOPEDCONTENTCONDITION
193937 [main] DEBUG org.dbunit.database.search.ExportedKeysSearchCallback  - getEdges(node=SCOPEDCONTENTCONDITION) - start
193937 [main] DEBUG org.dbunit.database.search.AbstractMetaDataBasedSearchCallback  - getNodesFromExportedKeys(node=SCOPEDCONTENTCONDITION) - start
193937 [main] DEBUG org.dbunit.database.search.AbstractMetaDataBasedSearchCallback  - getNodes(type=1, node=SCOPEDCONTENTCONDITION) - start
193937 [main] DEBUG org.dbunit.database.DatabaseDataSourceConnection  - getConnection() - start
193937 [main] DEBUG org.dbunit.database.search.AbstractMetaDataBasedSearchCallback  - getNodes(type=1, node=SCOPEDCONTENTCONDITION, conn=Transaction-aware proxy for target Connection [jdbc:hsqldb:mem:kontrollDS, UserName=sw, HSQL Database Engine Driver], schema=null, metaData=org.apache.commons.dbcp.DelegatingDatabaseMetaData@4d87f810, edges=[]) - start
193937 [main] DEBUG org.dbunit.database.search.AbstractMetaDataBasedSearchCallback  - Getting edges for node SCOPEDCONTENTCONDITION
193937 [main] TRACE org.dbunit.database.DatabaseConfig  - getProperty(name=http://www.dbunit.org/properties/metadataHandler) - start
193937 [main] TRACE org.dbunit.database.DefaultMetadataHandler  - tableExists(metaData=org.apache.commons.dbcp.DelegatingDatabaseMetaData@4d87f810, schemaName=null, tableName=SCOPEDCONTENTCONDITION) - start
193938 [main] DEBUG org.dbunit.util.SQLHelper  - close(resultSet=org.apache.commons.dbcp.DelegatingResultSet@32c6e918) - start
193938 [main] DEBUG org.dbunit.util.QualifiedTableName  - getQualifiedNameIfEnabled(config=org.dbunit.database.DatabaseConfig[, _propertyMap={http://www.dbunit.org/properties/statementFactory=org.dbunit.database.statement.PreparedStatementFactory@626bc2b8, http://www.dbunit.org/features/caseSensitiveTableNames=false, http://www.dbunit.org/properties/fetchSize=100, http://www.dbunit.org/features/batchedStatements=false, http://www.dbunit.org/properties/metadataHandler=org.dbunit.database.DefaultMetadataHandler@3eeace42, http://www.dbunit.org/properties/datatypeFactory=org.dbunit.dataset.datatype.DefaultDataTypeFactory[_toleratedDeltaMap=org.dbunit.dataset.datatype.ToleratedDeltaMap@6452310a], http://www.dbunit.org/properties/escapePattern=null, http://www.dbunit.org/properties/batchSize=100, http://www.dbunit.org/features/qualifiedTableNames=false, http://www.dbunit.org/properties/tableType=[Ljava.lang.String;@5011bafa, http://www.dbunit.org/properties/resultSetTableFactory=org.dbunit.database.CachedResultSetTableFactory@10bcf083, http://www.dbunit.org/features/datatypeWarning=true}]) - start
193938 [main] TRACE org.dbunit.database.DatabaseConfig  - getFeature(name=http://www.dbunit.org/features/qualifiedTableNames) - start
193938 [main] TRACE org.dbunit.database.DatabaseConfig  - getProperty(name=http://www.dbunit.org/features/qualifiedTableNames) - start
193938 [main] DEBUG org.dbunit.util.QualifiedTableName  - Qualified table names feature is disabled. Returning plain table name
193938 [main] DEBUG org.dbunit.util.QualifiedTableName  - getQualifiedName(prefix=null, name=SCOPEDCONTENTCONDITION, escapePattern=null) - start
193938 [main] DEBUG org.dbunit.util.QualifiedTableName  - getQualifiedNameIfEnabled(config=org.dbunit.database.DatabaseConfig[, _propertyMap={http://www.dbunit.org/properties/statementFactory=org.dbunit.database.statement.PreparedStatementFactory@626bc2b8, http://www.dbunit.org/features/caseSensitiveTableNames=false, http://www.dbunit.org/properties/fetchSize=100, http://www.dbunit.org/features/batchedStatements=false, http://www.dbunit.org/properties/metadataHandler=org.dbunit.database.DefaultMetadataHandler@3eeace42, http://www.dbunit.org/properties/datatypeFactory=org.dbunit.dataset.datatype.DefaultDataTypeFactory[_toleratedDeltaMap=org.dbunit.dataset.datatype.ToleratedDeltaMap@6452310a], http://www.dbunit.org/properties/escapePattern=null, http://www.dbunit.org/properties/batchSize=100, http://www.dbunit.org/features/qualifiedTableNames=false, http://www.dbunit.org/properties/tableType=[Ljava.lang.String;@5011bafa, http://www.dbunit.org/properties/resultSetTableFactory=org.dbunit.database.CachedResultSetTableFactory@10bcf083, http://www.dbunit.org/features/datatypeWarning=true}]) - start
193939 [main] TRACE org.dbunit.database.DatabaseConfig  - getFeature(name=http://www.dbunit.org/features/qualifiedTableNames) - start
193939 [main] TRACE org.dbunit.database.DatabaseConfig  - getProperty(name=http://www.dbunit.org/features/qualifiedTableNames) - start
193939 [main] DEBUG org.dbunit.util.QualifiedTableName  - Qualified table names feature is disabled. Returning plain table name
193939 [main] DEBUG org.dbunit.util.QualifiedTableName  - getQualifiedName(prefix=null, name=NESTEDSCOPEDCONTENTCONDITIONS, escapePattern=null) - start
193939 [main] DEBUG org.dbunit.database.search.AbstractMetaDataBasedSearchCallback  - newEdge(rs=org.apache.commons.dbcp.DelegatingResultSet@3eceb8aa, type=1, from=SCOPEDCONTENTCONDITION, to=NESTEDSCOPEDCONTENTCONDITIONS, fkColumn=CHILD_CONDITION_ID, pkColumn=ID) - start
193939 [main] DEBUG org.dbunit.database.search.AbstractMetaDataBasedSearchCallback  - createFKEdge(rs=org.apache.commons.dbcp.DelegatingResultSet@3eceb8aa, type=1, from=SCOPEDCONTENTCONDITION, to=NESTEDSCOPEDCONTENTCONDITIONS, fkColumn=CHILD_CONDITION_ID, pkColumn=ID) - start
193939 [main] DEBUG org.dbunit.database.search.AbstractMetaDataBasedSearchCallback  - Adding edge NESTEDSCOPEDCONTENTCONDITIONS(CHILD_CONDITION_ID)->SCOPEDCONTENTCONDITION(ID)
193939 [main] DEBUG org.dbunit.util.search.Edge  - compareTo(o=NESTEDSCOPEDCONTENTCONDITIONS(CHILD_CONDITION_ID)->SCOPEDCONTENTCONDITION(ID)) - start
193939 [main] DEBUG org.dbunit.util.QualifiedTableName  - getQualifiedNameIfEnabled(config=org.dbunit.database.DatabaseConfig[, _propertyMap={http://www.dbunit.org/properties/statementFactory=org.dbunit.database.statement.PreparedStatementFactory@626bc2b8, http://www.dbunit.org/features/caseSensitiveTableNames=false, http://www.dbunit.org/properties/fetchSize=100, http://www.dbunit.org/features/batchedStatements=false, http://www.dbunit.org/properties/metadataHandler=org.dbunit.database.DefaultMetadataHandler@3eeace42, http://www.dbunit.org/properties/datatypeFactory=org.dbunit.dataset.datatype.DefaultDataTypeFactory[_toleratedDeltaMap=org.dbunit.dataset.datatype.ToleratedDeltaMap@6452310a], http://www.dbunit.org/properties/escapePattern=null, http://www.dbunit.org/properties/batchSize=100, http://www.dbunit.org/features/qualifiedTableNames=false, http://www.dbunit.org/properties/tableType=[Ljava.lang.String;@5011bafa, http://www.dbunit.org/properties/resultSetTableFactory=org.dbunit.database.CachedResultSetTableFactory@10bcf083, http://www.dbunit.org/features/datatypeWarning=true}]) - start
193939 [main] TRACE org.dbunit.database.DatabaseConfig  - getFeature(name=http://www.dbunit.org/features/qualifiedTableNames) - start
193939 [main] TRACE org.dbunit.database.DatabaseConfig  - getProperty(name=http://www.dbunit.org/features/qualifiedTableNames) - start
193939 [main] DEBUG org.dbunit.util.QualifiedTableName  - Qualified table names feature is disabled. Returning plain table name
193939 [main] DEBUG org.dbunit.util.QualifiedTableName  - getQualifiedName(prefix=null, name=SCOPEDCONTENTCONDITION, escapePattern=null) - start
193939 [main] DEBUG org.dbunit.util.QualifiedTableName  - getQualifiedNameIfEnabled(config=org.dbunit.database.DatabaseConfig[, _propertyMap={http://www.dbunit.org/properties/statementFactory=org.dbunit.database.statement.PreparedStatementFactory@626bc2b8, http://www.dbunit.org/features/caseSensitiveTableNames=false, http://www.dbunit.org/properties/fetchSize=100, http://www.dbunit.org/features/batchedStatements=false, http://www.dbunit.org/properties/metadataHandler=org.dbunit.database.DefaultMetadataHandler@3eeace42, http://www.dbunit.org/properties/datatypeFactory=org.dbunit.dataset.datatype.DefaultDataTypeFactory[_toleratedDeltaMap=org.dbunit.dataset.datatype.ToleratedDeltaMap@6452310a], http://www.dbunit.org/properties/escapePattern=null, http://www.dbunit.org/properties/batchSize=100, http://www.dbunit.org/features/qualifiedTableNames=false, http://www.dbunit.org/properties/tableType=[Ljava.lang.String;@5011bafa, http://www.dbunit.org/properties/resultSetTableFactory=org.dbunit.database.CachedResultSetTableFactory@10bcf083, http://www.dbunit.org/features/datatypeWarning=true}]) - start
193939 [main] TRACE org.dbunit.database.DatabaseConfig  - getFeature(name=http://www.dbunit.org/features/qualifiedTableNames) - start
193939 [main] TRACE org.dbunit.database.DatabaseConfig  - getProperty(name=http://www.dbunit.org/features/qualifiedTableNames) - start
193939 [main] DEBUG org.dbunit.util.QualifiedTableName  - Qualified table names feature is disabled. Returning plain table name
193939 [main] DEBUG org.dbunit.util.QualifiedTableName  - getQualifiedName(prefix=null, name=NESTEDSCOPEDCONTENTCONDITIONS, escapePattern=null) - start
193939 [main] DEBUG org.dbunit.database.search.AbstractMetaDataBasedSearchCallback  - newEdge(rs=org.apache.commons.dbcp.DelegatingResultSet@3eceb8aa, type=1, from=SCOPEDCONTENTCONDITION, to=NESTEDSCOPEDCONTENTCONDITIONS, fkColumn=PARENT_CONDITION_ID, pkColumn=ID) - start
193939 [main] DEBUG org.dbunit.database.search.AbstractMetaDataBasedSearchCallback  - createFKEdge(rs=org.apache.commons.dbcp.DelegatingResultSet@3eceb8aa, type=1, from=SCOPEDCONTENTCONDITION, to=NESTEDSCOPEDCONTENTCONDITIONS, fkColumn=PARENT_CONDITION_ID, pkColumn=ID) - start
193939 [main] DEBUG org.dbunit.database.search.AbstractMetaDataBasedSearchCallback  - Adding edge NESTEDSCOPEDCONTENTCONDITIONS(PARENT_CONDITION_ID)->SCOPEDCONTENTCONDITION(ID)
193939 [main] DEBUG org.dbunit.util.search.Edge  - compareTo(o=NESTEDSCOPEDCONTENTCONDITIONS(CHILD_CONDITION_ID)->SCOPEDCONTENTCONDITION(ID)) - start
193939 [main] DEBUG org.dbunit.util.QualifiedTableName  - getQualifiedNameIfEnabled(config=org.dbunit.database.DatabaseConfig[, _propertyMap={http://www.dbunit.org/properties/statementFactory=org.dbunit.database.statement.PreparedStatementFactory@626bc2b8, http://www.dbunit.org/features/caseSensitiveTableNames=false, http://www.dbunit.org/properties/fetchSize=100, http://www.dbunit.org/features/batchedStatements=false, http://www.dbunit.org/properties/metadataHandler=org.dbunit.database.DefaultMetadataHandler@3eeace42, http://www.dbunit.org/properties/datatypeFactory=org.dbunit.dataset.datatype.DefaultDataTypeFactory[_toleratedDeltaMap=org.dbunit.dataset.datatype.ToleratedDeltaMap@6452310a], http://www.dbunit.org/properties/escapePattern=null, http://www.dbunit.org/properties/batchSize=100, http://www.dbunit.org/features/qualifiedTableNames=false, http://www.dbunit.org/properties/tableType=[Ljava.lang.String;@5011bafa, http://www.dbunit.org/properties/resultSetTableFactory=org.dbunit.database.CachedResultSetTableFactory@10bcf083, http://www.dbunit.org/features/datatypeWarning=true}]) - start
193939 [main] TRACE org.dbunit.database.DatabaseConfig  - getFeature(name=http://www.dbunit.org/features/qualifiedTableNames) - start
193939 [main] TRACE org.dbunit.database.DatabaseConfig  - getProperty(name=http://www.dbunit.org/features/qualifiedTableNames) - start
193940 [main] DEBUG org.dbunit.util.QualifiedTableName  - Qualified table names feature is disabled. Returning plain table name
193940 [main] DEBUG org.dbunit.util.QualifiedTableName  - getQualifiedName(prefix=null, name=SCOPEDCONTENTCONDITION, escapePattern=null) - start
193940 [main] DEBUG org.dbunit.util.QualifiedTableName  - getQualifiedNameIfEnabled(config=org.dbunit.database.DatabaseConfig[, _propertyMap={http://www.dbunit.org/properties/statementFactory=org.dbunit.database.statement.PreparedStatementFactory@626bc2b8, http://www.dbunit.org/features/caseSensitiveTableNames=false, http://www.dbunit.org/properties/fetchSize=100, http://www.dbunit.org/features/batchedStatements=false, http://www.dbunit.org/properties/metadataHandler=org.dbunit.database.DefaultMetadataHandler@3eeace42, http://www.dbunit.org/properties/datatypeFactory=org.dbunit.dataset.datatype.DefaultDataTypeFactory[_toleratedDeltaMap=org.dbunit.dataset.datatype.ToleratedDeltaMap@6452310a], http://www.dbunit.org/properties/escapePattern=null, http://www.dbunit.org/properties/batchSize=100, http://www.dbunit.org/features/qualifiedTableNames=false, http://www.dbunit.org/properties/tableType=[Ljava.lang.String;@5011bafa, http://www.dbunit.org/properties/resultSetTableFactory=org.dbunit.database.CachedResultSetTableFactory@10bcf083, http://www.dbunit.org/features/datatypeWarning=true}]) - start
193940 [main] TRACE org.dbunit.database.DatabaseConfig  - getFeature(name=http://www.dbunit.org/features/qualifiedTableNames) - start
193940 [main] TRACE org.dbunit.database.DatabaseConfig  - getProperty(name=http://www.dbunit.org/features/qualifiedTableNames) - start
193940 [main] DEBUG org.dbunit.util.QualifiedTableName  - Qualified table names feature is disabled. Returning plain table name
193940 [main] DEBUG org.dbunit.util.QualifiedTableName  - getQualifiedName(prefix=null, name=SCOPEDCONTENTCONDITIONATTRIBUTE, escapePattern=null) - start
193940 [main] DEBUG org.dbunit.database.search.AbstractMetaDataBasedSearchCallback  - newEdge(rs=org.apache.commons.dbcp.DelegatingResultSet@3eceb8aa, type=1, from=SCOPEDCONTENTCONDITION, to=SCOPEDCONTENTCONDITIONATTRIBUTE, fkColumn=SCOPEDCONTENTCONDITION, pkColumn=ID) - start
193940 [main] DEBUG org.dbunit.database.search.AbstractMetaDataBasedSearchCallback  - createFKEdge(rs=org.apache.commons.dbcp.DelegatingResultSet@3eceb8aa, type=1, from=SCOPEDCONTENTCONDITION, to=SCOPEDCONTENTCONDITIONATTRIBUTE, fkColumn=SCOPEDCONTENTCONDITION, pkColumn=ID) - start
193940 [main] DEBUG org.dbunit.database.search.AbstractMetaDataBasedSearchCallback  - Adding edge SCOPEDCONTENTCONDITIONATTRIBUTE(SCOPEDCONTENTCONDITION)->SCOPEDCONTENTCONDITION(ID)
193940 [main] DEBUG org.dbunit.util.search.Edge  - compareTo(o=NESTEDSCOPEDCONTENTCONDITIONS(CHILD_CONDITION_ID)->SCOPEDCONTENTCONDITION(ID)) - start
193940 [main] DEBUG org.dbunit.util.QualifiedTableName  - getQualifiedNameIfEnabled(config=org.dbunit.database.DatabaseConfig[, _propertyMap={http://www.dbunit.org/properties/statementFactory=org.dbunit.database.statement.PreparedStatementFactory@626bc2b8, http://www.dbunit.org/features/caseSensitiveTableNames=false, http://www.dbunit.org/properties/fetchSize=100, http://www.dbunit.org/features/batchedStatements=false, http://www.dbunit.org/properties/metadataHandler=org.dbunit.database.DefaultMetadataHandler@3eeace42, http://www.dbunit.org/properties/datatypeFactory=org.dbunit.dataset.datatype.DefaultDataTypeFactory[_toleratedDeltaMap=org.dbunit.dataset.datatype.ToleratedDeltaMap@6452310a], http://www.dbunit.org/properties/escapePattern=null, http://www.dbunit.org/properties/batchSize=100, http://www.dbunit.org/features/qualifiedTableNames=false, http://www.dbunit.org/properties/tableType=[Ljava.lang.String;@5011bafa, http://www.dbunit.org/properties/resultSetTableFactory=org.dbunit.database.CachedResultSetTableFactory@10bcf083, http://www.dbunit.org/features/datatypeWarning=true}]) - start
193940 [main] TRACE org.dbunit.database.DatabaseConfig  - getFeature(name=http://www.dbunit.org/features/qualifiedTableNames) - start
193940 [main] TRACE org.dbunit.database.DatabaseConfig  - getProperty(name=http://www.dbunit.org/features/qualifiedTableNames) - start
193940 [main] DEBUG org.dbunit.util.QualifiedTableName  - Qualified table names feature is disabled. Returning plain table name
193940 [main] DEBUG org.dbunit.util.QualifiedTableName  - getQualifiedName(prefix=null, name=SCOPEDCONTENTCONDITION, escapePattern=null) - start
193940 [main] DEBUG org.dbunit.util.QualifiedTableName  - getQualifiedNameIfEnabled(config=org.dbunit.database.DatabaseConfig[, _propertyMap={http://www.dbunit.org/properties/statementFactory=org.dbunit.database.statement.PreparedStatementFactory@626bc2b8, http://www.dbunit.org/features/caseSensitiveTableNames=false, http://www.dbunit.org/properties/fetchSize=100, http://www.dbunit.org/features/batchedStatements=false, http://www.dbunit.org/properties/metadataHandler=org.dbunit.database.DefaultMetadataHandler@3eeace42, http://www.dbunit.org/properties/datatypeFactory=org.dbunit.dataset.datatype.DefaultDataTypeFactory[_toleratedDeltaMap=org.dbunit.dataset.datatype.ToleratedDeltaMap@6452310a], http://www.dbunit.org/properties/escapePattern=null, http://www.dbunit.org/properties/batchSize=100, http://www.dbunit.org/features/qualifiedTableNames=false, http://www.dbunit.org/properties/tableType=[Ljava.lang.String;@5011bafa, http://www.dbunit.org/properties/resultSetTableFactory=org.dbunit.database.CachedResultSetTableFactory@10bcf083, http://www.dbunit.org/features/datatypeWarning=true}]) - start
193940 [main] TRACE org.dbunit.database.DatabaseConfig  - getFeature(name=http://www.dbunit.org/features/qualifiedTableNames) - start
193940 [main] TRACE org.dbunit.database.DatabaseConfig  - getProperty(name=http://www.dbunit.org/features/qualifiedTableNames) - start
193940 [main] DEBUG org.dbunit.util.QualifiedTableName  - Qualified table names feature is disabled. Returning plain table name
193940 [main] DEBUG org.dbunit.util.QualifiedTableName  - getQualifiedName(prefix=null, name=SCOPEDCONTENTCONDITIONS_SCOPEDCONTENT, escapePattern=null) - start
193940 [main] DEBUG org.dbunit.database.search.AbstractMetaDataBasedSearchCallback  - newEdge(rs=org.apache.commons.dbcp.DelegatingResultSet@3eceb8aa, type=1, from=SCOPEDCONTENTCONDITION, to=SCOPEDCONTENTCONDITIONS_SCOPEDCONTENT, fkColumn=SCOPED_CONTENT_CONDITION_ID, pkColumn=ID) - start
193941 [main] DEBUG org.dbunit.database.search.AbstractMetaDataBasedSearchCallback  - createFKEdge(rs=org.apache.commons.dbcp.DelegatingResultSet@3eceb8aa, type=1, from=SCOPEDCONTENTCONDITION, to=SCOPEDCONTENTCONDITIONS_SCOPEDCONTENT, fkColumn=SCOPED_CONTENT_CONDITION_ID, pkColumn=ID) - start
193941 [main] DEBUG org.dbunit.database.search.AbstractMetaDataBasedSearchCallback  - Adding edge SCOPEDCONTENTCONDITIONS_SCOPEDCONTENT(SCOPED_CONTENT_CONDITION_ID)->SCOPEDCONTENTCONDITION(ID)
193941 [main] DEBUG org.dbunit.util.search.Edge  - compareTo(o=NESTEDSCOPEDCONTENTCONDITIONS(CHILD_CONDITION_ID)->SCOPEDCONTENTCONDITION(ID)) - start
193941 [main] DEBUG org.dbunit.util.search.Edge  - compareTo(o=SCOPEDCONTENTCONDITIONATTRIBUTE(SCOPEDCONTENTCONDITION)->SCOPEDCONTENTCONDITION(ID)) - start
193941 [main] DEBUG org.dbunit.util.QualifiedTableName  - getQualifiedNameIfEnabled(config=org.dbunit.database.DatabaseConfig[, _propertyMap={http://www.dbunit.org/properties/statementFactory=org.dbunit.database.statement.PreparedStatementFactory@626bc2b8, http://www.dbunit.org/features/caseSensitiveTableNames=false, http://www.dbunit.org/properties/fetchSize=100, http://www.dbunit.org/features/batchedStatements=false, http://www.dbunit.org/properties/metadataHandler=org.dbunit.database.DefaultMetadataHandler@3eeace42, http://www.dbunit.org/properties/datatypeFactory=org.dbunit.dataset.datatype.DefaultDataTypeFactory[_toleratedDeltaMap=org.dbunit.dataset.datatype.ToleratedDeltaMap@6452310a], http://www.dbunit.org/properties/escapePattern=null, http://www.dbunit.org/properties/batchSize=100, http://www.dbunit.org/features/qualifiedTableNames=false, http://www.dbunit.org/properties/tableType=[Ljava.lang.String;@5011bafa, http://www.dbunit.org/properties/resultSetTableFactory=org.dbunit.database.CachedResultSetTableFactory@10bcf083, http://www.dbunit.org/features/datatypeWarning=true}]) - start
193941 [main] TRACE org.dbunit.database.DatabaseConfig  - getFeature(name=http://www.dbunit.org/features/qualifiedTableNames) - start
193941 [main] TRACE org.dbunit.database.DatabaseConfig  - getProperty(name=http://www.dbunit.org/features/qualifiedTableNames) - start
193941 [main] DEBUG org.dbunit.util.QualifiedTableName  - Qualified table names feature is disabled. Returning plain table name
193941 [main] DEBUG org.dbunit.util.QualifiedTableName  - getQualifiedName(prefix=null, name=SCOPEDCONTENTCONDITION, escapePattern=null) - start
193941 [main] DEBUG org.dbunit.util.QualifiedTableName  - getQualifiedNameIfEnabled(config=org.dbunit.database.DatabaseConfig[, _propertyMap={http://www.dbunit.org/properties/statementFactory=org.dbunit.database.statement.PreparedStatementFactory@626bc2b8, http://www.dbunit.org/features/caseSensitiveTableNames=false, http://www.dbunit.org/properties/fetchSize=100, http://www.dbunit.org/features/batchedStatements=false, http://www.dbunit.org/properties/metadataHandler=org.dbunit.database.DefaultMetadataHandler@3eeace42, http://www.dbunit.org/properties/datatypeFactory=org.dbunit.dataset.datatype.DefaultDataTypeFactory[_toleratedDeltaMap=org.dbunit.dataset.datatype.ToleratedDeltaMap@6452310a], http://www.dbunit.org/properties/escapePattern=null, http://www.dbunit.org/properties/batchSize=100, http://www.dbunit.org/features/qualifiedTableNames=false, http://www.dbunit.org/properties/tableType=[Ljava.lang.String;@5011bafa, http://www.dbunit.org/properties/resultSetTableFactory=org.dbunit.database.CachedResultSetTableFactory@10bcf083, http://www.dbunit.org/features/datatypeWarning=true}]) - start
193941 [main] TRACE org.dbunit.database.DatabaseConfig  - getFeature(name=http://www.dbunit.org/features/qualifiedTableNames) - start
193941 [main] TRACE org.dbunit.database.DatabaseConfig  - getProperty(name=http://www.dbunit.org/features/qualifiedTableNames) - start
193941 [main] DEBUG org.dbunit.util.QualifiedTableName  - Qualified table names feature is disabled. Returning plain table name
193941 [main] DEBUG org.dbunit.util.QualifiedTableName  - getQualifiedName(prefix=null, name=SCOPEDCONTENTCONDITIONS_SCOPEDCONTENTITEM, escapePattern=null) - start
193941 [main] DEBUG org.dbunit.database.search.AbstractMetaDataBasedSearchCallback  - newEdge(rs=org.apache.commons.dbcp.DelegatingResultSet@3eceb8aa, type=1, from=SCOPEDCONTENTCONDITION, to=SCOPEDCONTENTCONDITIONS_SCOPEDCONTENTITEM, fkColumn=SCOPED_CONTENT_CONDITION_ID, pkColumn=ID) - start
193941 [main] DEBUG org.dbunit.database.search.AbstractMetaDataBasedSearchCallback  - createFKEdge(rs=org.apache.commons.dbcp.DelegatingResultSet@3eceb8aa, type=1, from=SCOPEDCONTENTCONDITION, to=SCOPEDCONTENTCONDITIONS_SCOPEDCONTENTITEM, fkColumn=SCOPED_CONTENT_CONDITION_ID, pkColumn=ID) - start
193941 [main] DEBUG org.dbunit.database.search.AbstractMetaDataBasedSearchCallback  - Adding edge SCOPEDCONTENTCONDITIONS_SCOPEDCONTENTITEM(SCOPED_CONTENT_CONDITION_ID)->SCOPEDCONTENTCONDITION(ID)
193941 [main] DEBUG org.dbunit.util.search.Edge  - compareTo(o=SCOPEDCONTENTCONDITIONATTRIBUTE(SCOPEDCONTENTCONDITION)->SCOPEDCONTENTCONDITION(ID)) - start
193941 [main] DEBUG org.dbunit.util.search.Edge  - compareTo(o=SCOPEDCONTENTCONDITIONS_SCOPEDCONTENT(SCOPED_CONTENT_CONDITION_ID)->SCOPEDCONTENTCONDITION(ID)) - start
193941 [main] DEBUG org.dbunit.util.SQLHelper  - close(resultSet=org.apache.commons.dbcp.DelegatingResultSet@3eceb8aa) - start
193941 [main] DEBUG org.dbunit.util.search.DepthFirstSearch  - search:SCOPEDCONTENTCONDITION
193941 [main] DEBUG org.dbunit.util.search.DepthFirstSearch  - already searched; returning true
193941 [main] DEBUG org.dbunit.util.search.DepthFirstSearch  - search:SCOPEDCONTENTCONDITION
193941 [main] DEBUG org.dbunit.util.search.DepthFirstSearch  - already searched; returning true
193941 [main] DEBUG org.dbunit.util.search.DepthFirstSearch  - search:SCOPEDCONTENTCONDITION
193941 [main] DEBUG org.dbunit.util.search.DepthFirstSearch  - already searched; returning true
193941 [main] DEBUG org.dbunit.util.search.DepthFirstSearch  - search:SCOPEDCONTENTCONDITION
193942 [main] DEBUG org.dbunit.util.search.DepthFirstSearch  - already searched; returning true
193942 [main] DEBUG org.dbunit.util.search.DepthFirstSearch  - Adding node SCOPEDCONTENTCONDITION to the final result
193942 [main] DEBUG org.dbunit.util.CollectionsHelper  - setToStrings(set=[NESTEDSCOPEDCONTENTCONDITIONS, SCOPEDCONTENTCONDITIONATTRIBUTE, SCOPEDCONTENTCONDITIONS_SCOPEDCONTENT, SCOPEDCONTENTCONDITIONS_SCOPEDCONTENTITEM, SCOPEDCONTENTCONDITION]) - start
193942 [main] DEBUG org.dbunit.database.search.TablesDependencyHelper  - getDirectDependsOnTables(connection=_databaseConfig=org.dbunit.database.DatabaseConfig[, _propertyMap={http://www.dbunit.org/properties/statementFactory=org.dbunit.database.statement.PreparedStatementFactory@626bc2b8, http://www.dbunit.org/features/caseSensitiveTableNames=false, http://www.dbunit.org/properties/fetchSize=100, http://www.dbunit.org/features/batchedStatements=false, http://www.dbunit.org/properties/metadataHandler=org.dbunit.database.DefaultMetadataHandler@3eeace42, http://www.dbunit.org/properties/datatypeFactory=org.dbunit.dataset.datatype.DefaultDataTypeFactory[_toleratedDeltaMap=org.dbunit.dataset.datatype.ToleratedDeltaMap@6452310a], http://www.dbunit.org/properties/escapePattern=null, http://www.dbunit.org/properties/batchSize=100, http://www.dbunit.org/features/qualifiedTableNames=false, http://www.dbunit.org/properties/tableType=[Ljava.lang.String;@5011bafa, http://www.dbunit.org/properties/resultSetTableFactory=org.dbunit.database.CachedResultSetTableFactory@10bcf083, http://www.dbunit.org/features/datatypeWarning=true}], _dataSet=AbstractDataSet[_orderedTableNameMap=null], tableName=SCOPEDCONTENTCONDITION) - start
193942 [main] DEBUG org.dbunit.util.search.DepthFirstSearch  - search(nodesFrom=[SCOPEDCONTENTCONDITION], callback=org.dbunit.database.search.ExportedKeysSearchCallback@7cd151a7) - start
193942 [main] DEBUG org.dbunit.util.CollectionsHelper  - objectsToSet(objects=SCOPEDCONTENTCONDITION) - start
193942 [main] DEBUG org.dbunit.util.search.DepthFirstSearch  - search(nodesFrom=[SCOPEDCONTENTCONDITION], callback=org.dbunit.database.search.ExportedKeysSearchCallback@7cd151a7) - start
193942 [main] DEBUG org.dbunit.util.search.DepthFirstSearch  - reverseSearch:SCOPEDCONTENTCONDITION
193942 [main] DEBUG org.dbunit.database.search.ExportedKeysSearchCallback  - searchNode(node=SCOPEDCONTENTCONDITION) - start
193942 [main] DEBUG org.dbunit.util.search.DepthFirstSearch  - Pushing (reverse) SCOPEDCONTENTCONDITION
193942 [main] DEBUG org.dbunit.database.search.ExportedKeysSearchCallback  - getEdges(node=SCOPEDCONTENTCONDITION) - start
193942 [main] DEBUG org.dbunit.database.search.AbstractMetaDataBasedSearchCallback  - getNodesFromExportedKeys(node=SCOPEDCONTENTCONDITION) - start
193942 [main] DEBUG org.dbunit.database.search.AbstractMetaDataBasedSearchCallback  - getNodes(type=1, node=SCOPEDCONTENTCONDITION) - start
193942 [main] DEBUG org.dbunit.database.DatabaseDataSourceConnection  - getConnection() - start
193942 [main] DEBUG org.dbunit.database.search.AbstractMetaDataBasedSearchCallback  - getNodes(type=1, node=SCOPEDCONTENTCONDITION, conn=Transaction-aware proxy for target Connection [jdbc:hsqldb:mem:kontrollDS, UserName=sw, HSQL Database Engine Driver], schema=null, metaData=org.apache.commons.dbcp.DelegatingDatabaseMetaData@1247eaf6, edges=[]) - start
193942 [main] DEBUG org.dbunit.database.search.AbstractMetaDataBasedSearchCallback  - Getting edges for node SCOPEDCONTENTCONDITION
193942 [main] TRACE org.dbunit.database.DatabaseConfig  - getProperty(name=http://www.dbunit.org/properties/metadataHandler) - start
193942 [main] TRACE org.dbunit.database.DefaultMetadataHandler  - tableExists(metaData=org.apache.commons.dbcp.DelegatingDatabaseMetaData@1247eaf6, schemaName=null, tableName=SCOPEDCONTENTCONDITION) - start
193943 [main] DEBUG org.dbunit.util.SQLHelper  - close(resultSet=org.apache.commons.dbcp.DelegatingResultSet@4cfb839c) - start
193944 [main] DEBUG org.dbunit.util.QualifiedTableName  - getQualifiedNameIfEnabled(config=org.dbunit.database.DatabaseConfig[, _propertyMap={http://www.dbunit.org/properties/statementFactory=org.dbunit.database.statement.PreparedStatementFactory@626bc2b8, http://www.dbunit.org/features/caseSensitiveTableNames=false, http://www.dbunit.org/properties/fetchSize=100, http://www.dbunit.org/features/batchedStatements=false, http://www.dbunit.org/properties/metadataHandler=org.dbunit.database.DefaultMetadataHandler@3eeace42, http://www.dbunit.org/properties/datatypeFactory=org.dbunit.dataset.datatype.DefaultDataTypeFactory[_toleratedDeltaMap=org.dbunit.dataset.datatype.ToleratedDeltaMap@6452310a], http://www.dbunit.org/properties/escapePattern=null, http://www.dbunit.org/properties/batchSize=100, http://www.dbunit.org/features/qualifiedTableNames=false, http://www.dbunit.org/properties/tableType=[Ljava.lang.String;@5011bafa, http://www.dbunit.org/properties/resultSetTableFactory=org.dbunit.database.CachedResultSetTableFactory@10bcf083, http://www.dbunit.org/features/datatypeWarning=true}]) - start
193944 [main] TRACE org.dbunit.database.DatabaseConfig  - getFeature(name=http://www.dbunit.org/features/qualifiedTableNames) - start
193944 [main] TRACE org.dbunit.database.DatabaseConfig  - getProperty(name=http://www.dbunit.org/features/qualifiedTableNames) - start
193944 [main] DEBUG org.dbunit.util.QualifiedTableName  - Qualified table names feature is disabled. Returning plain table name
193944 [main] DEBUG org.dbunit.util.QualifiedTableName  - getQualifiedName(prefix=null, name=SCOPEDCONTENTCONDITION, escapePattern=null) - start
193944 [main] DEBUG org.dbunit.util.QualifiedTableName  - getQualifiedNameIfEnabled(config=org.dbunit.database.DatabaseConfig[, _propertyMap={http://www.dbunit.org/properties/statementFactory=org.dbunit.database.statement.PreparedStatementFactory@626bc2b8, http://www.dbunit.org/features/caseSensitiveTableNames=false, http://www.dbunit.org/properties/fetchSize=100, http://www.dbunit.org/features/batchedStatements=false, http://www.dbunit.org/properties/metadataHandler=org.dbunit.database.DefaultMetadataHandler@3eeace42, http://www.dbunit.org/properties/datatypeFactory=org.dbunit.dataset.datatype.DefaultDataTypeFactory[_toleratedDeltaMap=org.dbunit.dataset.datatype.ToleratedDeltaMap@6452310a], http://www.dbunit.org/properties/escapePattern=null, http://www.dbunit.org/properties/batchSize=100, http://www.dbunit.org/features/qualifiedTableNames=false, http://www.dbunit.org/properties/tableType=[Ljava.lang.String;@5011bafa, http://www.dbunit.org/properties/resultSetTableFactory=org.dbunit.database.CachedResultSetTableFactory@10bcf083, http://www.dbunit.org/features/datatypeWarning=true}]) - start
193944 [main] TRACE org.dbunit.database.DatabaseConfig  - getFeature(name=http://www.dbunit.org/features/qualifiedTableNames) - start
193944 [main] TRACE org.dbunit.database.DatabaseConfig  - getProperty(name=http://www.dbunit.org/features/qualifiedTableNames) - start
193944 [main] DEBUG org.dbunit.util.QualifiedTableName  - Qualified table names feature is disabled. Returning plain table name
193944 [main] DEBUG org.dbunit.util.QualifiedTableName  - getQualifiedName(prefix=null, name=NESTEDSCOPEDCONTENTCONDITIONS, escapePattern=null) - start
193944 [main] DEBUG org.dbunit.database.search.AbstractMetaDataBasedSearchCallback  - newEdge(rs=org.apache.commons.dbcp.DelegatingResultSet@43208642, type=1, from=SCOPEDCONTENTCONDITION, to=NESTEDSCOPEDCONTENTCONDITIONS, fkColumn=CHILD_CONDITION_ID, pkColumn=ID) - start
193944 [main] DEBUG org.dbunit.database.search.AbstractMetaDataBasedSearchCallback  - createFKEdge(rs=org.apache.commons.dbcp.DelegatingResultSet@43208642, type=1, from=SCOPEDCONTENTCONDITION, to=NESTEDSCOPEDCONTENTCONDITIONS, fkColumn=CHILD_CONDITION_ID, pkColumn=ID) - start
193944 [main] DEBUG org.dbunit.database.search.AbstractMetaDataBasedSearchCallback  - Adding edge NESTEDSCOPEDCONTENTCONDITIONS(CHILD_CONDITION_ID)->SCOPEDCONTENTCONDITION(ID)
193944 [main] DEBUG org.dbunit.util.search.Edge  - compareTo(o=NESTEDSCOPEDCONTENTCONDITIONS(CHILD_CONDITION_ID)->SCOPEDCONTENTCONDITION(ID)) - start
193944 [main] DEBUG org.dbunit.util.QualifiedTableName  - getQualifiedNameIfEnabled(config=org.dbunit.database.DatabaseConfig[, _propertyMap={http://www.dbunit.org/properties/statementFactory=org.dbunit.database.statement.PreparedStatementFactory@626bc2b8, http://www.dbunit.org/features/caseSensitiveTableNames=false, http://www.dbunit.org/properties/fetchSize=100, http://www.dbunit.org/features/batchedStatements=false, http://www.dbunit.org/properties/metadataHandler=org.dbunit.database.DefaultMetadataHandler@3eeace42, http://www.dbunit.org/properties/datatypeFactory=org.dbunit.dataset.datatype.DefaultDataTypeFactory[_toleratedDeltaMap=org.dbunit.dataset.datatype.ToleratedDeltaMap@6452310a], http://www.dbunit.org/properties/escapePattern=null, http://www.dbunit.org/properties/batchSize=100, http://www.dbunit.org/features/qualifiedTableNames=false, http://www.dbunit.org/properties/tableType=[Ljava.lang.String;@5011bafa, http://www.dbunit.org/properties/resultSetTableFactory=org.dbunit.database.CachedResultSetTableFactory@10bcf083, http://www.dbunit.org/features/datatypeWarning=true}]) - start
193944 [main] TRACE org.dbunit.database.DatabaseConfig  - getFeature(name=http://www.dbunit.org/features/qualifiedTableNames) - start
193944 [main] TRACE org.dbunit.database.DatabaseConfig  - getProperty(name=http://www.dbunit.org/features/qualifiedTableNames) - start
193944 [main] DEBUG org.dbunit.util.QualifiedTableName  - Qualified table names feature is disabled. Returning plain table name
193944 [main] DEBUG org.dbunit.util.QualifiedTableName  - getQualifiedName(prefix=null, name=SCOPEDCONTENTCONDITION, escapePattern=null) - start
193944 [main] DEBUG org.dbunit.util.QualifiedTableName  - getQualifiedNameIfEnabled(config=org.dbunit.database.DatabaseConfig[, _propertyMap={http://www.dbunit.org/properties/statementFactory=org.dbunit.database.statement.PreparedStatementFactory@626bc2b8, http://www.dbunit.org/features/caseSensitiveTableNames=false, http://www.dbunit.org/properties/fetchSize=100, http://www.dbunit.org/features/batchedStatements=false, http://www.dbunit.org/properties/metadataHandler=org.dbunit.database.DefaultMetadataHandler@3eeace42, http://www.dbunit.org/properties/datatypeFactory=org.dbunit.dataset.datatype.DefaultDataTypeFactory[_toleratedDeltaMap=org.dbunit.dataset.datatype.ToleratedDeltaMap@6452310a], http://www.dbunit.org/properties/escapePattern=null, http://www.dbunit.org/properties/batchSize=100, http://www.dbunit.org/features/qualifiedTableNames=false, http://www.dbunit.org/properties/tableType=[Ljava.lang.String;@5011bafa, http://www.dbunit.org/properties/resultSetTableFactory=org.dbunit.database.CachedResultSetTableFactory@10bcf083, http://www.dbunit.org/features/datatypeWarning=true}]) - start
193944 [main] TRACE org.dbunit.database.DatabaseConfig  - getFeature(name=http://www.dbunit.org/features/qualifiedTableNames) - start
193944 [main] TRACE org.dbunit.database.DatabaseConfig  - getProperty(name=http://www.dbunit.org/features/qualifiedTableNames) - start
193944 [main] DEBUG org.dbunit.util.QualifiedTableName  - Qualified table names feature is disabled. Returning plain table name
193944 [main] DEBUG org.dbunit.util.QualifiedTableName  - getQualifiedName(prefix=null, name=NESTEDSCOPEDCONTENTCONDITIONS, escapePattern=null) - start
193944 [main] DEBUG org.dbunit.database.search.AbstractMetaDataBasedSearchCallback  - newEdge(rs=org.apache.commons.dbcp.DelegatingResultSet@43208642, type=1, from=SCOPEDCONTENTCONDITION, to=NESTEDSCOPEDCONTENTCONDITIONS, fkColumn=PARENT_CONDITION_ID, pkColumn=ID) - start
193944 [main] DEBUG org.dbunit.database.search.AbstractMetaDataBasedSearchCallback  - createFKEdge(rs=org.apache.commons.dbcp.DelegatingResultSet@43208642, type=1, from=SCOPEDCONTENTCONDITION, to=NESTEDSCOPEDCONTENTCONDITIONS, fkColumn=PARENT_CONDITION_ID, pkColumn=ID) - start
193945 [main] DEBUG org.dbunit.database.search.AbstractMetaDataBasedSearchCallback  - Adding edge NESTEDSCOPEDCONTENTCONDITIONS(PARENT_CONDITION_ID)->SCOPEDCONTENTCONDITION(ID)
193945 [main] DEBUG org.dbunit.util.search.Edge  - compareTo(o=NESTEDSCOPEDCONTENTCONDITIONS(CHILD_CONDITION_ID)->SCOPEDCONTENTCONDITION(ID)) - start
193945 [main] DEBUG org.dbunit.util.QualifiedTableName  - getQualifiedNameIfEnabled(config=org.dbunit.database.DatabaseConfig[, _propertyMap={http://www.dbunit.org/properties/statementFactory=org.dbunit.database.statement.PreparedStatementFactory@626bc2b8, http://www.dbunit.org/features/caseSensitiveTableNames=false, http://www.dbunit.org/properties/fetchSize=100, http://www.dbunit.org/features/batchedStatements=false, http://www.dbunit.org/properties/metadataHandler=org.dbunit.database.DefaultMetadataHandler@3eeace42, http://www.dbunit.org/properties/datatypeFactory=org.dbunit.dataset.datatype.DefaultDataTypeFactory[_toleratedDeltaMap=org.dbunit.dataset.datatype.ToleratedDeltaMap@6452310a], http://www.dbunit.org/properties/escapePattern=null, http://www.dbunit.org/properties/batchSize=100, http://www.dbunit.org/features/qualifiedTableNames=false, http://www.dbunit.org/properties/tableType=[Ljava.lang.String;@5011bafa, http://www.dbunit.org/properties/resultSetTableFactory=org.dbunit.database.CachedResultSetTableFactory@10bcf083, http://www.dbunit.org/features/datatypeWarning=true}]) - start
193945 [main] TRACE org.dbunit.database.DatabaseConfig  - getFeature(name=http://www.dbunit.org/features/qualifiedTableNames) - start
193945 [main] TRACE org.dbunit.database.DatabaseConfig  - getProperty(name=http://www.dbunit.org/features/qualifiedTableNames) - start
193945 [main] DEBUG org.dbunit.util.QualifiedTableName  - Qualified table names feature is disabled. Returning plain table name
193945 [main] DEBUG org.dbunit.util.QualifiedTableName  - getQualifiedName(prefix=null, name=SCOPEDCONTENTCONDITION, escapePattern=null) - start
193945 [main] DEBUG org.dbunit.util.QualifiedTableName  - getQualifiedNameIfEnabled(config=org.dbunit.database.DatabaseConfig[, _propertyMap={http://www.dbunit.org/properties/statementFactory=org.dbunit.database.statement.PreparedStatementFactory@626bc2b8, http://www.dbunit.org/features/caseSensitiveTableNames=false, http://www.dbunit.org/properties/fetchSize=100, http://www.dbunit.org/features/batchedStatements=false, http://www.dbunit.org/properties/metadataHandler=org.dbunit.database.DefaultMetadataHandler@3eeace42, http://www.dbunit.org/properties/datatypeFactory=org.dbunit.dataset.datatype.DefaultDataTypeFactory[_toleratedDeltaMap=org.dbunit.dataset.datatype.ToleratedDeltaMap@6452310a], http://www.dbunit.org/properties/escapePattern=null, http://www.dbunit.org/properties/batchSize=100, http://www.dbunit.org/features/qualifiedTableNames=false, http://www.dbunit.org/properties/tableType=[Ljava.lang.String;@5011bafa, http://www.dbunit.org/properties/resultSetTableFactory=org.dbunit.database.CachedResultSetTableFactory@10bcf083, http://www.dbunit.org/features/datatypeWarning=true}]) - start
193945 [main] TRACE org.dbunit.database.DatabaseConfig  - getFeature(name=http://www.dbunit.org/features/qualifiedTableNames) - start
193945 [main] TRACE org.dbunit.database.DatabaseConfig  - getProperty(name=http://www.dbunit.org/features/qualifiedTableNames) - start
193945 [main] DEBUG org.dbunit.util.QualifiedTableName  - Qualified table names feature is disabled. Returning plain table name
193945 [main] DEBUG org.dbunit.util.QualifiedTableName  - getQualifiedName(prefix=null, name=SCOPEDCONTENTCONDITIONATTRIBUTE, escapePattern=null) - start
193945 [main] DEBUG org.dbunit.database.search.AbstractMetaDataBasedSearchCallback  - newEdge(rs=org.apache.commons.dbcp.DelegatingResultSet@43208642, type=1, from=SCOPEDCONTENTCONDITION, to=SCOPEDCONTENTCONDITIONATTRIBUTE, fkColumn=SCOPEDCONTENTCONDITION, pkColumn=ID) - start
193945 [main] DEBUG org.dbunit.database.search.AbstractMetaDataBasedSearchCallback  - createFKEdge(rs=org.apache.commons.dbcp.DelegatingResultSet@43208642, type=1, from=SCOPEDCONTENTCONDITION, to=SCOPEDCONTENTCONDITIONATTRIBUTE, fkColumn=SCOPEDCONTENTCONDITION, pkColumn=ID) - start
193945 [main] DEBUG org.dbunit.database.search.AbstractMetaDataBasedSearchCallback  - Adding edge SCOPEDCONTENTCONDITIONATTRIBUTE(SCOPEDCONTENTCONDITION)->SCOPEDCONTENTCONDITION(ID)
193945 [main] DEBUG org.dbunit.util.search.Edge  - compareTo(o=NESTEDSCOPEDCONTENTCONDITIONS(CHILD_CONDITION_ID)->SCOPEDCONTENTCONDITION(ID)) - start
193945 [main] DEBUG org.dbunit.util.QualifiedTableName  - getQualifiedNameIfEnabled(config=org.dbunit.database.DatabaseConfig[, _propertyMap={http://www.dbunit.org/properties/statementFactory=org.dbunit.database.statement.PreparedStatementFactory@626bc2b8, http://www.dbunit.org/features/caseSensitiveTableNames=false, http://www.dbunit.org/properties/fetchSize=100, http://www.dbunit.org/features/batchedStatements=false, http://www.dbunit.org/properties/metadataHandler=org.dbunit.database.DefaultMetadataHandler@3eeace42, http://www.dbunit.org/properties/datatypeFactory=org.dbunit.dataset.datatype.DefaultDataTypeFactory[_toleratedDeltaMap=org.dbunit.dataset.datatype.ToleratedDeltaMap@6452310a], http://www.dbunit.org/properties/escapePattern=null, http://www.dbunit.org/properties/batchSize=100, http://www.dbunit.org/features/qualifiedTableNames=false, http://www.dbunit.org/properties/tableType=[Ljava.lang.String;@5011bafa, http://www.dbunit.org/properties/resultSetTableFactory=org.dbunit.database.CachedResultSetTableFactory@10bcf083, http://www.dbunit.org/features/datatypeWarning=true}]) - start
193945 [main] TRACE org.dbunit.database.DatabaseConfig  - getFeature(name=http://www.dbunit.org/features/qualifiedTableNames) - start
193945 [main] TRACE org.dbunit.database.DatabaseConfig  - getProperty(name=http://www.dbunit.org/features/qualifiedTableNames) - start
193945 [main] DEBUG org.dbunit.util.QualifiedTableName  - Qualified table names feature is disabled. Returning plain table name
193945 [main] DEBUG org.dbunit.util.QualifiedTableName  - getQualifiedName(prefix=null, name=SCOPEDCONTENTCONDITION, escapePattern=null) - start
193945 [main] DEBUG org.dbunit.util.QualifiedTableName  - getQualifiedNameIfEnabled(config=org.dbunit.database.DatabaseConfig[, _propertyMap={http://www.dbunit.org/properties/statementFactory=org.dbunit.database.statement.PreparedStatementFactory@626bc2b8, http://www.dbunit.org/features/caseSensitiveTableNames=false, http://www.dbunit.org/properties/fetchSize=100, http://www.dbunit.org/features/batchedStatements=false, http://www.dbunit.org/properties/metadataHandler=org.dbunit.database.DefaultMetadataHandler@3eeace42, http://www.dbunit.org/properties/datatypeFactory=org.dbunit.dataset.datatype.DefaultDataTypeFactory[_toleratedDeltaMap=org.dbunit.dataset.datatype.ToleratedDeltaMap@6452310a], http://www.dbunit.org/properties/escapePattern=null, http://www.dbunit.org/properties/batchSize=100, http://www.dbunit.org/features/qualifiedTableNames=false, http://www.dbunit.org/properties/tableType=[Ljava.lang.String;@5011bafa, http://www.dbunit.org/properties/resultSetTableFactory=org.dbunit.database.CachedResultSetTableFactory@10bcf083, http://www.dbunit.org/features/datatypeWarning=true}]) - start
193945 [main] TRACE org.dbunit.database.DatabaseConfig  - getFeature(name=http://www.dbunit.org/features/qualifiedTableNames) - start
193945 [main] TRACE org.dbunit.database.DatabaseConfig  - getProperty(name=http://www.dbunit.org/features/qualifiedTableNames) - start
193946 [main] DEBUG org.dbunit.util.QualifiedTableName  - Qualified table names feature is disabled. Returning plain table name
193946 [main] DEBUG org.dbunit.util.QualifiedTableName  - getQualifiedName(prefix=null, name=SCOPEDCONTENTCONDITIONS_SCOPEDCONTENT, escapePattern=null) - start
193946 [main] DEBUG org.dbunit.database.search.AbstractMetaDataBasedSearchCallback  - newEdge(rs=org.apache.commons.dbcp.DelegatingResultSet@43208642, type=1, from=SCOPEDCONTENTCONDITION, to=SCOPEDCONTENTCONDITIONS_SCOPEDCONTENT, fkColumn=SCOPED_CONTENT_CONDITION_ID, pkColumn=ID) - start
193946 [main] DEBUG org.dbunit.database.search.AbstractMetaDataBasedSearchCallback  - createFKEdge(rs=org.apache.commons.dbcp.DelegatingResultSet@43208642, type=1, from=SCOPEDCONTENTCONDITION, to=SCOPEDCONTENTCONDITIONS_SCOPEDCONTENT, fkColumn=SCOPED_CONTENT_CONDITION_ID, pkColumn=ID) - start
193946 [main] DEBUG org.dbunit.database.search.AbstractMetaDataBasedSearchCallback  - Adding edge SCOPEDCONTENTCONDITIONS_SCOPEDCONTENT(SCOPED_CONTENT_CONDITION_ID)->SCOPEDCONTENTCONDITION(ID)
193946 [main] DEBUG org.dbunit.util.search.Edge  - compareTo(o=NESTEDSCOPEDCONTENTCONDITIONS(CHILD_CONDITION_ID)->SCOPEDCONTENTCONDITION(ID)) - start
193946 [main] DEBUG org.dbunit.util.search.Edge  - compareTo(o=SCOPEDCONTENTCONDITIONATTRIBUTE(SCOPEDCONTENTCONDITION)->SCOPEDCONTENTCONDITION(ID)) - start
193946 [main] DEBUG org.dbunit.util.QualifiedTableName  - getQualifiedNameIfEnabled(config=org.dbunit.database.DatabaseConfig[, _propertyMap={http://www.dbunit.org/properties/statementFactory=org.dbunit.database.statement.PreparedStatementFactory@626bc2b8, http://www.dbunit.org/features/caseSensitiveTableNames=false, http://www.dbunit.org/properties/fetchSize=100, http://www.dbunit.org/features/batchedStatements=false, http://www.dbunit.org/properties/metadataHandler=org.dbunit.database.DefaultMetadataHandler@3eeace42, http://www.dbunit.org/properties/datatypeFactory=org.dbunit.dataset.datatype.DefaultDataTypeFactory[_toleratedDeltaMap=org.dbunit.dataset.datatype.ToleratedDeltaMap@6452310a], http://www.dbunit.org/properties/escapePattern=null, http://www.dbunit.org/properties/batchSize=100, http://www.dbunit.org/features/qualifiedTableNames=false, http://www.dbunit.org/properties/tableType=[Ljava.lang.String;@5011bafa, http://www.dbunit.org/properties/resultSetTableFactory=org.dbunit.database.CachedResultSetTableFactory@10bcf083, http://www.dbunit.org/features/datatypeWarning=true}]) - start
193946 [main] TRACE org.dbunit.database.DatabaseConfig  - getFeature(name=http://www.dbunit.org/features/qualifiedTableNames) - start
193946 [main] TRACE org.dbunit.database.DatabaseConfig  - getProperty(name=http://www.dbunit.org/features/qualifiedTableNames) - start
193946 [main] DEBUG org.dbunit.util.QualifiedTableName  - Qualified table names feature is disabled. Returning plain table name
193946 [main] DEBUG org.dbunit.util.QualifiedTableName  - getQualifiedName(prefix=null, name=SCOPEDCONTENTCONDITION, escapePattern=null) - start
193946 [main] DEBUG org.dbunit.util.QualifiedTableName  - getQualifiedNameIfEnabled(config=org.dbunit.database.DatabaseConfig[, _propertyMap={http://www.dbunit.org/properties/statementFactory=org.dbunit.database.statement.PreparedStatementFactory@626bc2b8, http://www.dbunit.org/features/caseSensitiveTableNames=false, http://www.dbunit.org/properties/fetchSize=100, http://www.dbunit.org/features/batchedStatements=false, http://www.dbunit.org/properties/metadataHandler=org.dbunit.database.DefaultMetadataHandler@3eeace42, http://www.dbunit.org/properties/datatypeFactory=org.dbunit.dataset.datatype.DefaultDataTypeFactory[_toleratedDeltaMap=org.dbunit.dataset.datatype.ToleratedDeltaMap@6452310a], http://www.dbunit.org/properties/escapePattern=null, http://www.dbunit.org/properties/batchSize=100, http://www.dbunit.org/features/qualifiedTableNames=false, http://www.dbunit.org/properties/tableType=[Ljava.lang.String;@5011bafa, http://www.dbunit.org/properties/resultSetTableFactory=org.dbunit.database.CachedResultSetTableFactory@10bcf083, http://www.dbunit.org/features/datatypeWarning=true}]) - start
193946 [main] TRACE org.dbunit.database.DatabaseConfig  - getFeature(name=http://www.dbunit.org/features/qualifiedTableNames) - start
193946 [main] TRACE org.dbunit.database.DatabaseConfig  - getProperty(name=http://www.dbunit.org/features/qualifiedTableNames) - start
193946 [main] DEBUG org.dbunit.util.QualifiedTableName  - Qualified table names feature is disabled. Returning plain table name
193946 [main] DEBUG org.dbunit.util.QualifiedTableName  - getQualifiedName(prefix=null, name=SCOPEDCONTENTCONDITIONS_SCOPEDCONTENTITEM, escapePattern=null) - start
193946 [main] DEBUG org.dbunit.database.search.AbstractMetaDataBasedSearchCallback  - newEdge(rs=org.apache.commons.dbcp.DelegatingResultSet@43208642, type=1, from=SCOPEDCONTENTCONDITION, to=SCOPEDCONTENTCONDITIONS_SCOPEDCONTENTITEM, fkColumn=SCOPED_CONTENT_CONDITION_ID, pkColumn=ID) - start
193946 [main] DEBUG org.dbunit.database.search.AbstractMetaDataBasedSearchCallback  - createFKEdge(rs=org.apache.commons.dbcp.DelegatingResultSet@43208642, type=1, from=SCOPEDCONTENTCONDITION, to=SCOPEDCONTENTCONDITIONS_SCOPEDCONTENTITEM, fkColumn=SCOPED_CONTENT_CONDITION_ID, pkColumn=ID) - start
193946 [main] DEBUG org.dbunit.database.search.AbstractMetaDataBasedSearchCallback  - Adding edge SCOPEDCONTENTCONDITIONS_SCOPEDCONTENTITEM(SCOPED_CONTENT_CONDITION_ID)->SCOPEDCONTENTCONDITION(ID)
193946 [main] DEBUG org.dbunit.util.search.Edge  - compareTo(o=SCOPEDCONTENTCONDITIONATTRIBUTE(SCOPEDCONTENTCONDITION)->SCOPEDCONTENTCONDITION(ID)) - start
193946 [main] DEBUG org.dbunit.util.search.Edge  - compareTo(o=SCOPEDCONTENTCONDITIONS_SCOPEDCONTENT(SCOPED_CONTENT_CONDITION_ID)->SCOPEDCONTENTCONDITION(ID)) - start
193946 [main] DEBUG org.dbunit.util.SQLHelper  - close(resultSet=org.apache.commons.dbcp.DelegatingResultSet@43208642) - start
193947 [main] DEBUG org.dbunit.util.search.DepthFirstSearch  - reverseSearch:NESTEDSCOPEDCONTENTCONDITIONS
193947 [main] DEBUG org.dbunit.database.search.ExportedKeysSearchCallback  - searchNode(node=NESTEDSCOPEDCONTENTCONDITIONS) - start
193947 [main] DEBUG org.dbunit.util.search.DepthFirstSearch  - Pushing (reverse) NESTEDSCOPEDCONTENTCONDITIONS
193947 [main] DEBUG org.dbunit.database.search.ExportedKeysSearchCallback  - getEdges(node=NESTEDSCOPEDCONTENTCONDITIONS) - start
193947 [main] DEBUG org.dbunit.database.search.AbstractMetaDataBasedSearchCallback  - getNodesFromExportedKeys(node=NESTEDSCOPEDCONTENTCONDITIONS) - start
193947 [main] DEBUG org.dbunit.database.search.AbstractMetaDataBasedSearchCallback  - getNodes(type=1, node=NESTEDSCOPEDCONTENTCONDITIONS) - start
193947 [main] DEBUG org.dbunit.database.DatabaseDataSourceConnection  - getConnection() - start
193947 [main] DEBUG org.dbunit.database.search.AbstractMetaDataBasedSearchCallback  - getNodes(type=1, node=NESTEDSCOPEDCONTENTCONDITIONS, conn=Transaction-aware proxy for target Connection [jdbc:hsqldb:mem:kontrollDS, UserName=sw, HSQL Database Engine Driver], schema=null, metaData=org.apache.commons.dbcp.DelegatingDatabaseMetaData@c4e797c, edges=[]) - start
193947 [main] DEBUG org.dbunit.database.search.AbstractMetaDataBasedSearchCallback  - Getting edges for node NESTEDSCOPEDCONTENTCONDITIONS
193947 [main] TRACE org.dbunit.database.DatabaseConfig  - getProperty(name=http://www.dbunit.org/properties/metadataHandler) - start
193947 [main] TRACE org.dbunit.database.DefaultMetadataHandler  - tableExists(metaData=org.apache.commons.dbcp.DelegatingDatabaseMetaData@c4e797c, schemaName=null, tableName=NESTEDSCOPEDCONTENTCONDITIONS) - start
193948 [main] DEBUG org.dbunit.util.SQLHelper  - close(resultSet=org.apache.commons.dbcp.DelegatingResultSet@2cacddc9) - start
193948 [main] DEBUG org.dbunit.util.SQLHelper  - close(resultSet=org.apache.commons.dbcp.DelegatingResultSet@34e2b587) - start
193948 [main] DEBUG org.dbunit.util.search.DepthFirstSearch  - reverseSearch:SCOPEDCONTENTCONDITIONATTRIBUTE
193948 [main] DEBUG org.dbunit.database.search.ExportedKeysSearchCallback  - searchNode(node=SCOPEDCONTENTCONDITIONATTRIBUTE) - start
193948 [main] DEBUG org.dbunit.util.search.DepthFirstSearch  - Pushing (reverse) SCOPEDCONTENTCONDITIONATTRIBUTE
193948 [main] DEBUG org.dbunit.util.search.DepthFirstSearch  - reverseSearch:SCOPEDCONTENTCONDITIONS_SCOPEDCONTENT
193948 [main] DEBUG org.dbunit.database.search.ExportedKeysSearchCallback  - searchNode(node=SCOPEDCONTENTCONDITIONS_SCOPEDCONTENT) - start
193948 [main] DEBUG org.dbunit.util.search.DepthFirstSearch  - Pushing (reverse) SCOPEDCONTENTCONDITIONS_SCOPEDCONTENT
193948 [main] DEBUG org.dbunit.util.search.DepthFirstSearch  - reverseSearch:SCOPEDCONTENTCONDITIONS_SCOPEDCONTENTITEM
193948 [main] DEBUG org.dbunit.database.search.ExportedKeysSearchCallback  - searchNode(node=SCOPEDCONTENTCONDITIONS_SCOPEDCONTENTITEM) - start
193948 [main] DEBUG org.dbunit.util.search.DepthFirstSearch  - Pushing (reverse) SCOPEDCONTENTCONDITIONS_SCOPEDCONTENTITEM
193949 [main] DEBUG org.dbunit.util.search.DepthFirstSearch  - search:NESTEDSCOPEDCONTENTCONDITIONS
193949 [main] DEBUG org.dbunit.database.search.ExportedKeysSearchCallback  - searchNode(node=NESTEDSCOPEDCONTENTCONDITIONS) - start
193949 [main] DEBUG org.dbunit.util.search.DepthFirstSearch  - Pushing NESTEDSCOPEDCONTENTCONDITIONS
193949 [main] DEBUG org.dbunit.database.search.ExportedKeysSearchCallback  - getEdges(node=NESTEDSCOPEDCONTENTCONDITIONS) - start
193949 [main] DEBUG org.dbunit.database.search.AbstractMetaDataBasedSearchCallback  - getNodesFromExportedKeys(node=NESTEDSCOPEDCONTENTCONDITIONS) - start
193949 [main] DEBUG org.dbunit.database.search.AbstractMetaDataBasedSearchCallback  - getNodes(type=1, node=NESTEDSCOPEDCONTENTCONDITIONS) - start
193949 [main] DEBUG org.dbunit.database.DatabaseDataSourceConnection  - getConnection() - start
193949 [main] DEBUG org.dbunit.database.search.AbstractMetaDataBasedSearchCallback  - getNodes(type=1, node=NESTEDSCOPEDCONTENTCONDITIONS, conn=Transaction-aware proxy for target Connection [jdbc:hsqldb:mem:kontrollDS, UserName=sw, HSQL Database Engine Driver], schema=null, metaData=org.apache.commons.dbcp.DelegatingDatabaseMetaData@ffbcd31, edges=[]) - start
193949 [main] DEBUG org.dbunit.database.search.AbstractMetaDataBasedSearchCallback  - Getting edges for node NESTEDSCOPEDCONTENTCONDITIONS
193949 [main] TRACE org.dbunit.database.DatabaseConfig  - getProperty(name=http://www.dbunit.org/properties/metadataHandler) - start
193949 [main] TRACE org.dbunit.database.DefaultMetadataHandler  - tableExists(metaData=org.apache.commons.dbcp.DelegatingDatabaseMetaData@ffbcd31, schemaName=null, tableName=NESTEDSCOPEDCONTENTCONDITIONS) - start
193950 [main] DEBUG org.dbunit.util.SQLHelper  - close(resultSet=org.apache.commons.dbcp.DelegatingResultSet@31997f1e) - start
193950 [main] DEBUG org.dbunit.util.SQLHelper  - close(resultSet=org.apache.commons.dbcp.DelegatingResultSet@21e7aa99) - start
193950 [main] DEBUG org.dbunit.util.search.DepthFirstSearch  - Adding node NESTEDSCOPEDCONTENTCONDITIONS to the final result
193950 [main] DEBUG org.dbunit.util.search.DepthFirstSearch  - search:SCOPEDCONTENTCONDITIONATTRIBUTE
193950 [main] DEBUG org.dbunit.database.search.ExportedKeysSearchCallback  - searchNode(node=SCOPEDCONTENTCONDITIONATTRIBUTE) - start
193950 [main] DEBUG org.dbunit.util.search.DepthFirstSearch  - Pushing SCOPEDCONTENTCONDITIONATTRIBUTE
193950 [main] DEBUG org.dbunit.database.search.ExportedKeysSearchCallback  - getEdges(node=SCOPEDCONTENTCONDITIONATTRIBUTE) - start
193950 [main] DEBUG org.dbunit.database.search.AbstractMetaDataBasedSearchCallback  - getNodesFromExportedKeys(node=SCOPEDCONTENTCONDITIONATTRIBUTE) - start
193950 [main] DEBUG org.dbunit.database.search.AbstractMetaDataBasedSearchCallback  - getNodes(type=1, node=SCOPEDCONTENTCONDITIONATTRIBUTE) - start
193950 [main] DEBUG org.dbunit.database.DatabaseDataSourceConnection  - getConnection() - start
193950 [main] DEBUG org.dbunit.database.search.AbstractMetaDataBasedSearchCallback  - getNodes(type=1, node=SCOPEDCONTENTCONDITIONATTRIBUTE, conn=Transaction-aware proxy for target Connection [jdbc:hsqldb:mem:kontrollDS, UserName=sw, HSQL Database Engine Driver], schema=null, metaData=org.apache.commons.dbcp.DelegatingDatabaseMetaData@70713432, edges=[]) - start
193950 [main] DEBUG org.dbunit.database.search.AbstractMetaDataBasedSearchCallback  - Getting edges for node SCOPEDCONTENTCONDITIONATTRIBUTE
193950 [main] TRACE org.dbunit.database.DatabaseConfig  - getProperty(name=http://www.dbunit.org/properties/metadataHandler) - start
193950 [main] TRACE org.dbunit.database.DefaultMetadataHandler  - tableExists(metaData=org.apache.commons.dbcp.DelegatingDatabaseMetaData@70713432, schemaName=null, tableName=SCOPEDCONTENTCONDITIONATTRIBUTE) - start
193951 [main] DEBUG org.dbunit.util.SQLHelper  - close(resultSet=org.apache.commons.dbcp.DelegatingResultSet@50fbcea2) - start
193951 [main] DEBUG org.dbunit.util.SQLHelper  - close(resultSet=org.apache.commons.dbcp.DelegatingResultSet@2ff13e9e) - start
193952 [main] DEBUG org.dbunit.util.search.DepthFirstSearch  - Adding node SCOPEDCONTENTCONDITIONATTRIBUTE to the final result
193952 [main] DEBUG org.dbunit.util.search.DepthFirstSearch  - search:SCOPEDCONTENTCONDITIONS_SCOPEDCONTENT
193952 [main] DEBUG org.dbunit.database.search.ExportedKeysSearchCallback  - searchNode(node=SCOPEDCONTENTCONDITIONS_SCOPEDCONTENT) - start
193952 [main] DEBUG org.dbunit.util.search.DepthFirstSearch  - Pushing SCOPEDCONTENTCONDITIONS_SCOPEDCONTENT
193952 [main] DEBUG org.dbunit.database.search.ExportedKeysSearchCallback  - getEdges(node=SCOPEDCONTENTCONDITIONS_SCOPEDCONTENT) - start
193952 [main] DEBUG org.dbunit.database.search.AbstractMetaDataBasedSearchCallback  - getNodesFromExportedKeys(node=SCOPEDCONTENTCONDITIONS_SCOPEDCONTENT) - start
193952 [main] DEBUG org.dbunit.database.search.AbstractMetaDataBasedSearchCallback  - getNodes(type=1, node=SCOPEDCONTENTCONDITIONS_SCOPEDCONTENT) - start
193952 [main] DEBUG org.dbunit.database.DatabaseDataSourceConnection  - getConnection() - start
193952 [main] DEBUG org.dbunit.database.search.AbstractMetaDataBasedSearchCallback  - getNodes(type=1, node=SCOPEDCONTENTCONDITIONS_SCOPEDCONTENT, conn=Transaction-aware proxy for target Connection [jdbc:hsqldb:mem:kontrollDS, UserName=sw, HSQL Database Engine Driver], schema=null, metaData=org.apache.commons.dbcp.DelegatingDatabaseMetaData@7460fa9, edges=[]) - start
193952 [main] DEBUG org.dbunit.database.search.AbstractMetaDataBasedSearchCallback  - Getting edges for node SCOPEDCONTENTCONDITIONS_SCOPEDCONTENT
193952 [main] TRACE org.dbunit.database.DatabaseConfig  - getProperty(name=http://www.dbunit.org/properties/metadataHandler) - start
193952 [main] TRACE org.dbunit.database.DefaultMetadataHandler  - tableExists(metaData=org.apache.commons.dbcp.DelegatingDatabaseMetaData@7460fa9, schemaName=null, tableName=SCOPEDCONTENTCONDITIONS_SCOPEDCONTENT) - start
193953 [main] DEBUG org.dbunit.util.SQLHelper  - close(resultSet=org.apache.commons.dbcp.DelegatingResultSet@60bbf689) - start
193953 [main] DEBUG org.dbunit.util.SQLHelper  - close(resultSet=org.apache.commons.dbcp.DelegatingResultSet@5a0d8695) - start
193953 [main] DEBUG org.dbunit.util.search.DepthFirstSearch  - Adding node SCOPEDCONTENTCONDITIONS_SCOPEDCONTENT to the final result
193953 [main] DEBUG org.dbunit.util.search.DepthFirstSearch  - search:SCOPEDCONTENTCONDITIONS_SCOPEDCONTENTITEM
193953 [main] DEBUG org.dbunit.database.search.ExportedKeysSearchCallback  - searchNode(node=SCOPEDCONTENTCONDITIONS_SCOPEDCONTENTITEM) - start
193953 [main] DEBUG org.dbunit.util.search.DepthFirstSearch  - Pushing SCOPEDCONTENTCONDITIONS_SCOPEDCONTENTITEM
193953 [main] DEBUG org.dbunit.database.search.ExportedKeysSearchCallback  - getEdges(node=SCOPEDCONTENTCONDITIONS_SCOPEDCONTENTITEM) - start
193953 [main] DEBUG org.dbunit.database.search.AbstractMetaDataBasedSearchCallback  - getNodesFromExportedKeys(node=SCOPEDCONTENTCONDITIONS_SCOPEDCONTENTITEM) - start
193953 [main] DEBUG org.dbunit.database.search.AbstractMetaDataBasedSearchCallback  - getNodes(type=1, node=SCOPEDCONTENTCONDITIONS_SCOPEDCONTENTITEM) - start
193953 [main] DEBUG org.dbunit.database.DatabaseDataSourceConnection  - getConnection() - start
193953 [main] DEBUG org.dbunit.database.search.AbstractMetaDataBasedSearchCallback  - getNodes(type=1, node=SCOPEDCONTENTCONDITIONS_SCOPEDCONTENTITEM, conn=Transaction-aware proxy for target Connection [jdbc:hsqldb:mem:kontrollDS, UserName=sw, HSQL Database Engine Driver], schema=null, metaData=org.apache.commons.dbcp.DelegatingDatabaseMetaData@2dfece63, edges=[]) - start
193953 [main] DEBUG org.dbunit.database.search.AbstractMetaDataBasedSearchCallback  - Getting edges for node SCOPEDCONTENTCONDITIONS_SCOPEDCONTENTITEM
193953 [main] TRACE org.dbunit.database.DatabaseConfig  - getProperty(name=http://www.dbunit.org/properties/metadataHandler) - start
193953 [main] TRACE org.dbunit.database.DefaultMetadataHandler  - tableExists(metaData=org.apache.commons.dbcp.DelegatingDatabaseMetaData@2dfece63, schemaName=null, tableName=SCOPEDCONTENTCONDITIONS_SCOPEDCONTENTITEM) - start
193954 [main] DEBUG org.dbunit.util.SQLHelper  - close(resultSet=org.apache.commons.dbcp.DelegatingResultSet@44718e2e) - start
193954 [main] DEBUG org.dbunit.util.SQLHelper  - close(resultSet=org.apache.commons.dbcp.DelegatingResultSet@6c920471) - start
193955 [main] DEBUG org.dbunit.util.search.DepthFirstSearch  - Adding node SCOPEDCONTENTCONDITIONS_SCOPEDCONTENTITEM to the final result
193955 [main] DEBUG org.dbunit.util.search.DepthFirstSearch  - search:SCOPEDCONTENTCONDITION
193955 [main] DEBUG org.dbunit.database.search.ExportedKeysSearchCallback  - searchNode(node=SCOPEDCONTENTCONDITION) - start
193955 [main] DEBUG org.dbunit.util.search.DepthFirstSearch  - Pushing SCOPEDCONTENTCONDITION
193955 [main] DEBUG org.dbunit.database.search.ExportedKeysSearchCallback  - getEdges(node=SCOPEDCONTENTCONDITION) - start
193955 [main] DEBUG org.dbunit.database.search.AbstractMetaDataBasedSearchCallback  - getNodesFromExportedKeys(node=SCOPEDCONTENTCONDITION) - start
193955 [main] DEBUG org.dbunit.database.search.AbstractMetaDataBasedSearchCallback  - getNodes(type=1, node=SCOPEDCONTENTCONDITION) - start
193955 [main] DEBUG org.dbunit.database.DatabaseDataSourceConnection  - getConnection() - start
193955 [main] DEBUG org.dbunit.database.search.AbstractMetaDataBasedSearchCallback  - getNodes(type=1, node=SCOPEDCONTENTCONDITION, conn=Transaction-aware proxy for target Connection [jdbc:hsqldb:mem:kontrollDS, UserName=sw, HSQL Database Engine Driver], schema=null, metaData=org.apache.commons.dbcp.DelegatingDatabaseMetaData@6661ce66, edges=[]) - start
193955 [main] DEBUG org.dbunit.database.search.AbstractMetaDataBasedSearchCallback  - Getting edges for node SCOPEDCONTENTCONDITION
193955 [main] TRACE org.dbunit.database.DatabaseConfig  - getProperty(name=http://www.dbunit.org/properties/metadataHandler) - start
193955 [main] TRACE org.dbunit.database.DefaultMetadataHandler  - tableExists(metaData=org.apache.commons.dbcp.DelegatingDatabaseMetaData@6661ce66, schemaName=null, tableName=SCOPEDCONTENTCONDITION) - start
193956 [main] DEBUG org.dbunit.util.SQLHelper  - close(resultSet=org.apache.commons.dbcp.DelegatingResultSet@191fe7d) - start
193956 [main] DEBUG org.dbunit.util.QualifiedTableName  - getQualifiedNameIfEnabled(config=org.dbunit.database.DatabaseConfig[, _propertyMap={http://www.dbunit.org/properties/statementFactory=org.dbunit.database.statement.PreparedStatementFactory@626bc2b8, http://www.dbunit.org/features/caseSensitiveTableNames=false, http://www.dbunit.org/properties/fetchSize=100, http://www.dbunit.org/features/batchedStatements=false, http://www.dbunit.org/properties/metadataHandler=org.dbunit.database.DefaultMetadataHandler@3eeace42, http://www.dbunit.org/properties/datatypeFactory=org.dbunit.dataset.datatype.DefaultDataTypeFactory[_toleratedDeltaMap=org.dbunit.dataset.datatype.ToleratedDeltaMap@6452310a], http://www.dbunit.org/properties/escapePattern=null, http://www.dbunit.org/properties/batchSize=100, http://www.dbunit.org/features/qualifiedTableNames=false, http://www.dbunit.org/properties/tableType=[Ljava.lang.String;@5011bafa, http://www.dbunit.org/properties/resultSetTableFactory=org.dbunit.database.CachedResultSetTableFactory@10bcf083, http://www.dbunit.org/features/datatypeWarning=true}]) - start
193956 [main] TRACE org.dbunit.database.DatabaseConfig  - getFeature(name=http://www.dbunit.org/features/qualifiedTableNames) - start
193956 [main] TRACE org.dbunit.database.DatabaseConfig  - getProperty(name=http://www.dbunit.org/features/qualifiedTableNames) - start
193956 [main] DEBUG org.dbunit.util.QualifiedTableName  - Qualified table names feature is disabled. Returning plain table name
193956 [main] DEBUG org.dbunit.util.QualifiedTableName  - getQualifiedName(prefix=null, name=SCOPEDCONTENTCONDITION, escapePattern=null) - start
193956 [main] DEBUG org.dbunit.util.QualifiedTableName  - getQualifiedNameIfEnabled(config=org.dbunit.database.DatabaseConfig[, _propertyMap={http://www.dbunit.org/properties/statementFactory=org.dbunit.database.statement.PreparedStatementFactory@626bc2b8, http://www.dbunit.org/features/caseSensitiveTableNames=false, http://www.dbunit.org/properties/fetchSize=100, http://www.dbunit.org/features/batchedStatements=false, http://www.dbunit.org/properties/metadataHandler=org.dbunit.database.DefaultMetadataHandler@3eeace42, http://www.dbunit.org/properties/datatypeFactory=org.dbunit.dataset.datatype.DefaultDataTypeFactory[_toleratedDeltaMap=org.dbunit.dataset.datatype.ToleratedDeltaMap@6452310a], http://www.dbunit.org/properties/escapePattern=null, http://www.dbunit.org/properties/batchSize=100, http://www.dbunit.org/features/qualifiedTableNames=false, http://www.dbunit.org/properties/tableType=[Ljava.lang.String;@5011bafa, http://www.dbunit.org/properties/resultSetTableFactory=org.dbunit.database.CachedResultSetTableFactory@10bcf083, http://www.dbunit.org/features/datatypeWarning=true}]) - start
193956 [main] TRACE org.dbunit.database.DatabaseConfig  - getFeature(name=http://www.dbunit.org/features/qualifiedTableNames) - start
193956 [main] TRACE org.dbunit.database.DatabaseConfig  - getProperty(name=http://www.dbunit.org/features/qualifiedTableNames) - start
193956 [main] DEBUG org.dbunit.util.QualifiedTableName  - Qualified table names feature is disabled. Returning plain table name
193956 [main] DEBUG org.dbunit.util.QualifiedTableName  - getQualifiedName(prefix=null, name=NESTEDSCOPEDCONTENTCONDITIONS, escapePattern=null) - start
193956 [main] DEBUG org.dbunit.database.search.AbstractMetaDataBasedSearchCallback  - newEdge(rs=org.apache.commons.dbcp.DelegatingResultSet@1acbc64b, type=1, from=SCOPEDCONTENTCONDITION, to=NESTEDSCOPEDCONTENTCONDITIONS, fkColumn=CHILD_CONDITION_ID, pkColumn=ID) - start
193957 [main] DEBUG org.dbunit.database.search.AbstractMetaDataBasedSearchCallback  - createFKEdge(rs=org.apache.commons.dbcp.DelegatingResultSet@1acbc64b, type=1, from=SCOPEDCONTENTCONDITION, to=NESTEDSCOPEDCONTENTCONDITIONS, fkColumn=CHILD_CONDITION_ID, pkColumn=ID) - start
193957 [main] DEBUG org.dbunit.database.search.AbstractMetaDataBasedSearchCallback  - Adding edge NESTEDSCOPEDCONTENTCONDITIONS(CHILD_CONDITION_ID)->SCOPEDCONTENTCONDITION(ID)
193957 [main] DEBUG org.dbunit.util.search.Edge  - compareTo(o=NESTEDSCOPEDCONTENTCONDITIONS(CHILD_CONDITION_ID)->SCOPEDCONTENTCONDITION(ID)) - start
193957 [main] DEBUG org.dbunit.util.QualifiedTableName  - getQualifiedNameIfEnabled(config=org.dbunit.database.DatabaseConfig[, _propertyMap={http://www.dbunit.org/properties/statementFactory=org.dbunit.database.statement.PreparedStatementFactory@626bc2b8, http://www.dbunit.org/features/caseSensitiveTableNames=false, http://www.dbunit.org/properties/fetchSize=100, http://www.dbunit.org/features/batchedStatements=false, http://www.dbunit.org/properties/metadataHandler=org.dbunit.database.DefaultMetadataHandler@3eeace42, http://www.dbunit.org/properties/datatypeFactory=org.dbunit.dataset.datatype.DefaultDataTypeFactory[_toleratedDeltaMap=org.dbunit.dataset.datatype.ToleratedDeltaMap@6452310a], http://www.dbunit.org/properties/escapePattern=null, http://www.dbunit.org/properties/batchSize=100, http://www.dbunit.org/features/qualifiedTableNames=false, http://www.dbunit.org/properties/tableType=[Ljava.lang.String;@5011bafa, http://www.dbunit.org/properties/resultSetTableFactory=org.dbunit.database.CachedResultSetTableFactory@10bcf083, http://www.dbunit.org/features/datatypeWarning=true}]) - start
193957 [main] TRACE org.dbunit.database.DatabaseConfig  - getFeature(name=http://www.dbunit.org/features/qualifiedTableNames) - start
193957 [main] TRACE org.dbunit.database.DatabaseConfig  - getProperty(name=http://www.dbunit.org/features/qualifiedTableNames) - start
193957 [main] DEBUG org.dbunit.util.QualifiedTableName  - Qualified table names feature is disabled. Returning plain table name
193957 [main] DEBUG org.dbunit.util.QualifiedTableName  - getQualifiedName(prefix=null, name=SCOPEDCONTENTCONDITION, escapePattern=null) - start
193957 [main] DEBUG org.dbunit.util.QualifiedTableName  - getQualifiedNameIfEnabled(config=org.dbunit.database.DatabaseConfig[, _propertyMap={http://www.dbunit.org/properties/statementFactory=org.dbunit.database.statement.PreparedStatementFactory@626bc2b8, http://www.dbunit.org/features/caseSensitiveTableNames=false, http://www.dbunit.org/properties/fetchSize=100, http://www.dbunit.org/features/batchedStatements=false, http://www.dbunit.org/properties/metadataHandler=org.dbunit.database.DefaultMetadataHandler@3eeace42, http://www.dbunit.org/properties/datatypeFactory=org.dbunit.dataset.datatype.DefaultDataTypeFactory[_toleratedDeltaMap=org.dbunit.dataset.datatype.ToleratedDeltaMap@6452310a], http://www.dbunit.org/properties/escapePattern=null, http://www.dbunit.org/properties/batchSize=100, http://www.dbunit.org/features/qualifiedTableNames=false, http://www.dbunit.org/properties/tableType=[Ljava.lang.String;@5011bafa, http://www.dbunit.org/properties/resultSetTableFactory=org.dbunit.database.CachedResultSetTableFactory@10bcf083, http://www.dbunit.org/features/datatypeWarning=true}]) - start
193957 [main] TRACE org.dbunit.database.DatabaseConfig  - getFeature(name=http://www.dbunit.org/features/qualifiedTableNames) - start
193957 [main] TRACE org.dbunit.database.DatabaseConfig  - getProperty(name=http://www.dbunit.org/features/qualifiedTableNames) - start
193957 [main] DEBUG org.dbunit.util.QualifiedTableName  - Qualified table names feature is disabled. Returning plain table name
193957 [main] DEBUG org.dbunit.util.QualifiedTableName  - getQualifiedName(prefix=null, name=NESTEDSCOPEDCONTENTCONDITIONS, escapePattern=null) - start
193957 [main] DEBUG org.dbunit.database.search.AbstractMetaDataBasedSearchCallback  - newEdge(rs=org.apache.commons.dbcp.DelegatingResultSet@1acbc64b, type=1, from=SCOPEDCONTENTCONDITION, to=NESTEDSCOPEDCONTENTCONDITIONS, fkColumn=PARENT_CONDITION_ID, pkColumn=ID) - start
193957 [main] DEBUG org.dbunit.database.search.AbstractMetaDataBasedSearchCallback  - createFKEdge(rs=org.apache.commons.dbcp.DelegatingResultSet@1acbc64b, type=1, from=SCOPEDCONTENTCONDITION, to=NESTEDSCOPEDCONTENTCONDITIONS, fkColumn=PARENT_CONDITION_ID, pkColumn=ID) - start
193957 [main] DEBUG org.dbunit.database.search.AbstractMetaDataBasedSearchCallback  - Adding edge NESTEDSCOPEDCONTENTCONDITIONS(PARENT_CONDITION_ID)->SCOPEDCONTENTCONDITION(ID)
193957 [main] DEBUG org.dbunit.util.search.Edge  - compareTo(o=NESTEDSCOPEDCONTENTCONDITIONS(CHILD_CONDITION_ID)->SCOPEDCONTENTCONDITION(ID)) - start
193957 [main] DEBUG org.dbunit.util.QualifiedTableName  - getQualifiedNameIfEnabled(config=org.dbunit.database.DatabaseConfig[, _propertyMap={http://www.dbunit.org/properties/statementFactory=org.dbunit.database.statement.PreparedStatementFactory@626bc2b8, http://www.dbunit.org/features/caseSensitiveTableNames=false, http://www.dbunit.org/properties/fetchSize=100, http://www.dbunit.org/features/batchedStatements=false, http://www.dbunit.org/properties/metadataHandler=org.dbunit.database.DefaultMetadataHandler@3eeace42, http://www.dbunit.org/properties/datatypeFactory=org.dbunit.dataset.datatype.DefaultDataTypeFactory[_toleratedDeltaMap=org.dbunit.dataset.datatype.ToleratedDeltaMap@6452310a], http://www.dbunit.org/properties/escapePattern=null, http://www.dbunit.org/properties/batchSize=100, http://www.dbunit.org/features/qualifiedTableNames=false, http://www.dbunit.org/properties/tableType=[Ljava.lang.String;@5011bafa, http://www.dbunit.org/properties/resultSetTableFactory=org.dbunit.database.CachedResultSetTableFactory@10bcf083, http://www.dbunit.org/features/datatypeWarning=true}]) - start
193957 [main] TRACE org.dbunit.database.DatabaseConfig  - getFeature(name=http://www.dbunit.org/features/qualifiedTableNames) - start
193957 [main] TRACE org.dbunit.database.DatabaseConfig  - getProperty(name=http://www.dbunit.org/features/qualifiedTableNames) - start
193957 [main] DEBUG org.dbunit.util.QualifiedTableName  - Qualified table names feature is disabled. Returning plain table name
193957 [main] DEBUG org.dbunit.util.QualifiedTableName  - getQualifiedName(prefix=null, name=SCOPEDCONTENTCONDITION, escapePattern=null) - start
193957 [main] DEBUG org.dbunit.util.QualifiedTableName  - getQualifiedNameIfEnabled(config=org.dbunit.database.DatabaseConfig[, _propertyMap={http://www.dbunit.org/properties/statementFactory=org.dbunit.database.statement.PreparedStatementFactory@626bc2b8, http://www.dbunit.org/features/caseSensitiveTableNames=false, http://www.dbunit.org/properties/fetchSize=100, http://www.dbunit.org/features/batchedStatements=false, http://www.dbunit.org/properties/metadataHandler=org.dbunit.database.DefaultMetadataHandler@3eeace42, http://www.dbunit.org/properties/datatypeFactory=org.dbunit.dataset.datatype.DefaultDataTypeFactory[_toleratedDeltaMap=org.dbunit.dataset.datatype.ToleratedDeltaMap@6452310a], http://www.dbunit.org/properties/escapePattern=null, http://www.dbunit.org/properties/batchSize=100, http://www.dbunit.org/features/qualifiedTableNames=false, http://www.dbunit.org/properties/tableType=[Ljava.lang.String;@5011bafa, http://www.dbunit.org/properties/resultSetTableFactory=org.dbunit.database.CachedResultSetTableFactory@10bcf083, http://www.dbunit.org/features/datatypeWarning=true}]) - start
193957 [main] TRACE org.dbunit.database.DatabaseConfig  - getFeature(name=http://www.dbunit.org/features/qualifiedTableNames) - start
193957 [main] TRACE org.dbunit.database.DatabaseConfig  - getProperty(name=http://www.dbunit.org/features/qualifiedTableNames) - start
193958 [main] DEBUG org.dbunit.util.QualifiedTableName  - Qualified table names feature is disabled. Returning plain table name
193958 [main] DEBUG org.dbunit.util.QualifiedTableName  - getQualifiedName(prefix=null, name=SCOPEDCONTENTCONDITIONATTRIBUTE, escapePattern=null) - start
193958 [main] DEBUG org.dbunit.database.search.AbstractMetaDataBasedSearchCallback  - newEdge(rs=org.apache.commons.dbcp.DelegatingResultSet@1acbc64b, type=1, from=SCOPEDCONTENTCONDITION, to=SCOPEDCONTENTCONDITIONATTRIBUTE, fkColumn=SCOPEDCONTENTCONDITION, pkColumn=ID) - start
193958 [main] DEBUG org.dbunit.database.search.AbstractMetaDataBasedSearchCallback  - createFKEdge(rs=org.apache.commons.dbcp.DelegatingResultSet@1acbc64b, type=1, from=SCOPEDCONTENTCONDITION, to=SCOPEDCONTENTCONDITIONATTRIBUTE, fkColumn=SCOPEDCONTENTCONDITION, pkColumn=ID) - start
193958 [main] DEBUG org.dbunit.database.search.AbstractMetaDataBasedSearchCallback  - Adding edge SCOPEDCONTENTCONDITIONATTRIBUTE(SCOPEDCONTENTCONDITION)->SCOPEDCONTENTCONDITION(ID)
193958 [main] DEBUG org.dbunit.util.search.Edge  - compareTo(o=NESTEDSCOPEDCONTENTCONDITIONS(CHILD_CONDITION_ID)->SCOPEDCONTENTCONDITION(ID)) - start
193958 [main] DEBUG org.dbunit.util.QualifiedTableName  - getQualifiedNameIfEnabled(config=org.dbunit.database.DatabaseConfig[, _propertyMap={http://www.dbunit.org/properties/statementFactory=org.dbunit.database.statement.PreparedStatementFactory@626bc2b8, http://www.dbunit.org/features/caseSensitiveTableNames=false, http://www.dbunit.org/properties/fetchSize=100, http://www.dbunit.org/features/batchedStatements=false, http://www.dbunit.org/properties/metadataHandler=org.dbunit.database.DefaultMetadataHandler@3eeace42, http://www.dbunit.org/properties/datatypeFactory=org.dbunit.dataset.datatype.DefaultDataTypeFactory[_toleratedDeltaMap=org.dbunit.dataset.datatype.ToleratedDeltaMap@6452310a], http://www.dbunit.org/properties/escapePattern=null, http://www.dbunit.org/properties/batchSize=100, http://www.dbunit.org/features/qualifiedTableNames=false, http://www.dbunit.org/properties/tableType=[Ljava.lang.String;@5011bafa, http://www.dbunit.org/properties/resultSetTableFactory=org.dbunit.database.CachedResultSetTableFactory@10bcf083, http://www.dbunit.org/features/datatypeWarning=true}]) - start
193958 [main] TRACE org.dbunit.database.DatabaseConfig  - getFeature(name=http://www.dbunit.org/features/qualifiedTableNames) - start
193958 [main] TRACE org.dbunit.database.DatabaseConfig  - getProperty(name=http://www.dbunit.org/features/qualifiedTableNames) - start
193958 [main] DEBUG org.dbunit.util.QualifiedTableName  - Qualified table names feature is disabled. Returning plain table name
193958 [main] DEBUG org.dbunit.util.QualifiedTableName  - getQualifiedName(prefix=null, name=SCOPEDCONTENTCONDITION, escapePattern=null) - start
193958 [main] DEBUG org.dbunit.util.QualifiedTableName  - getQualifiedNameIfEnabled(config=org.dbunit.database.DatabaseConfig[, _propertyMap={http://www.dbunit.org/properties/statementFactory=org.dbunit.database.statement.PreparedStatementFactory@626bc2b8, http://www.dbunit.org/features/caseSensitiveTableNames=false, http://www.dbunit.org/properties/fetchSize=100, http://www.dbunit.org/features/batchedStatements=false, http://www.dbunit.org/properties/metadataHandler=org.dbunit.database.DefaultMetadataHandler@3eeace42, http://www.dbunit.org/properties/datatypeFactory=org.dbunit.dataset.datatype.DefaultDataTypeFactory[_toleratedDeltaMap=org.dbunit.dataset.datatype.ToleratedDeltaMap@6452310a], http://www.dbunit.org/properties/escapePattern=null, http://www.dbunit.org/properties/batchSize=100, http://www.dbunit.org/features/qualifiedTableNames=false, http://www.dbunit.org/properties/tableType=[Ljava.lang.String;@5011bafa, http://www.dbunit.org/properties/resultSetTableFactory=org.dbunit.database.CachedResultSetTableFactory@10bcf083, http://www.dbunit.org/features/datatypeWarning=true}]) - start
193958 [main] TRACE org.dbunit.database.DatabaseConfig  - getFeature(name=http://www.dbunit.org/features/qualifiedTableNames) - start
193958 [main] TRACE org.dbunit.database.DatabaseConfig  - getProperty(name=http://www.dbunit.org/features/qualifiedTableNames) - start
193958 [main] DEBUG org.dbunit.util.QualifiedTableName  - Qualified table names feature is disabled. Returning plain table name
193958 [main] DEBUG org.dbunit.util.QualifiedTableName  - getQualifiedName(prefix=null, name=SCOPEDCONTENTCONDITIONS_SCOPEDCONTENT, escapePattern=null) - start
193958 [main] DEBUG org.dbunit.database.search.AbstractMetaDataBasedSearchCallback  - newEdge(rs=org.apache.commons.dbcp.DelegatingResultSet@1acbc64b, type=1, from=SCOPEDCONTENTCONDITION, to=SCOPEDCONTENTCONDITIONS_SCOPEDCONTENT, fkColumn=SCOPED_CONTENT_CONDITION_ID, pkColumn=ID) - start
193958 [main] DEBUG org.dbunit.database.search.AbstractMetaDataBasedSearchCallback  - createFKEdge(rs=org.apache.commons.dbcp.DelegatingResultSet@1acbc64b, type=1, from=SCOPEDCONTENTCONDITION, to=SCOPEDCONTENTCONDITIONS_SCOPEDCONTENT, fkColumn=SCOPED_CONTENT_CONDITION_ID, pkColumn=ID) - start
193958 [main] DEBUG org.dbunit.database.search.AbstractMetaDataBasedSearchCallback  - Adding edge SCOPEDCONTENTCONDITIONS_SCOPEDCONTENT(SCOPED_CONTENT_CONDITION_ID)->SCOPEDCONTENTCONDITION(ID)
193958 [main] DEBUG org.dbunit.util.search.Edge  - compareTo(o=NESTEDSCOPEDCONTENTCONDITIONS(CHILD_CONDITION_ID)->SCOPEDCONTENTCONDITION(ID)) - start
193958 [main] DEBUG org.dbunit.util.search.Edge  - compareTo(o=SCOPEDCONTENTCONDITIONATTRIBUTE(SCOPEDCONTENTCONDITION)->SCOPEDCONTENTCONDITION(ID)) - start
193958 [main] DEBUG org.dbunit.util.QualifiedTableName  - getQualifiedNameIfEnabled(config=org.dbunit.database.DatabaseConfig[, _propertyMap={http://www.dbunit.org/properties/statementFactory=org.dbunit.database.statement.PreparedStatementFactory@626bc2b8, http://www.dbunit.org/features/caseSensitiveTableNames=false, http://www.dbunit.org/properties/fetchSize=100, http://www.dbunit.org/features/batchedStatements=false, http://www.dbunit.org/properties/metadataHandler=org.dbunit.database.DefaultMetadataHandler@3eeace42, http://www.dbunit.org/properties/datatypeFactory=org.dbunit.dataset.datatype.DefaultDataTypeFactory[_toleratedDeltaMap=org.dbunit.dataset.datatype.ToleratedDeltaMap@6452310a], http://www.dbunit.org/properties/escapePattern=null, http://www.dbunit.org/properties/batchSize=100, http://www.dbunit.org/features/qualifiedTableNames=false, http://www.dbunit.org/properties/tableType=[Ljava.lang.String;@5011bafa, http://www.dbunit.org/properties/resultSetTableFactory=org.dbunit.database.CachedResultSetTableFactory@10bcf083, http://www.dbunit.org/features/datatypeWarning=true}]) - start
193958 [main] TRACE org.dbunit.database.DatabaseConfig  - getFeature(name=http://www.dbunit.org/features/qualifiedTableNames) - start
193958 [main] TRACE org.dbunit.database.DatabaseConfig  - getProperty(name=http://www.dbunit.org/features/qualifiedTableNames) - start
193958 [main] DEBUG org.dbunit.util.QualifiedTableName  - Qualified table names feature is disabled. Returning plain table name
193959 [main] DEBUG org.dbunit.util.QualifiedTableName  - getQualifiedName(prefix=null, name=SCOPEDCONTENTCONDITION, escapePattern=null) - start
193959 [main] DEBUG org.dbunit.util.QualifiedTableName  - getQualifiedNameIfEnabled(config=org.dbunit.database.DatabaseConfig[, _propertyMap={http://www.dbunit.org/properties/statementFactory=org.dbunit.database.statement.PreparedStatementFactory@626bc2b8, http://www.dbunit.org/features/caseSensitiveTableNames=false, http://www.dbunit.org/properties/fetchSize=100, http://www.dbunit.org/features/batchedStatements=false, http://www.dbunit.org/properties/metadataHandler=org.dbunit.database.DefaultMetadataHandler@3eeace42, http://www.dbunit.org/properties/datatypeFactory=org.dbunit.dataset.datatype.DefaultDataTypeFactory[_toleratedDeltaMap=org.dbunit.dataset.datatype.ToleratedDeltaMap@6452310a], http://www.dbunit.org/properties/escapePattern=null, http://www.dbunit.org/properties/batchSize=100, http://www.dbunit.org/features/qualifiedTableNames=false, http://www.dbunit.org/properties/tableType=[Ljava.lang.String;@5011bafa, http://www.dbunit.org/properties/resultSetTableFactory=org.dbunit.database.CachedResultSetTableFactory@10bcf083, http://www.dbunit.org/features/datatypeWarning=true}]) - start
193959 [main] TRACE org.dbunit.database.DatabaseConfig  - getFeature(name=http://www.dbunit.org/features/qualifiedTableNames) - start
193959 [main] TRACE org.dbunit.database.DatabaseConfig  - getProperty(name=http://www.dbunit.org/features/qualifiedTableNames) - start
193959 [main] DEBUG org.dbunit.util.QualifiedTableName  - Qualified table names feature is disabled. Returning plain table name
193959 [main] DEBUG org.dbunit.util.QualifiedTableName  - getQualifiedName(prefix=null, name=SCOPEDCONTENTCONDITIONS_SCOPEDCONTENTITEM, escapePattern=null) - start
193959 [main] DEBUG org.dbunit.database.search.AbstractMetaDataBasedSearchCallback  - newEdge(rs=org.apache.commons.dbcp.DelegatingResultSet@1acbc64b, type=1, from=SCOPEDCONTENTCONDITION, to=SCOPEDCONTENTCONDITIONS_SCOPEDCONTENTITEM, fkColumn=SCOPED_CONTENT_CONDITION_ID, pkColumn=ID) - start
193959 [main] DEBUG org.dbunit.database.search.AbstractMetaDataBasedSearchCallback  - createFKEdge(rs=org.apache.commons.dbcp.DelegatingResultSet@1acbc64b, type=1, from=SCOPEDCONTENTCONDITION, to=SCOPEDCONTENTCONDITIONS_SCOPEDCONTENTITEM, fkColumn=SCOPED_CONTENT_CONDITION_ID, pkColumn=ID) - start
193959 [main] DEBUG org.dbunit.database.search.AbstractMetaDataBasedSearchCallback  - Adding edge SCOPEDCONTENTCONDITIONS_SCOPEDCONTENTITEM(SCOPED_CONTENT_CONDITION_ID)->SCOPEDCONTENTCONDITION(ID)
193959 [main] DEBUG org.dbunit.util.search.Edge  - compareTo(o=SCOPEDCONTENTCONDITIONATTRIBUTE(SCOPEDCONTENTCONDITION)->SCOPEDCONTENTCONDITION(ID)) - start
193959 [main] DEBUG org.dbunit.util.search.Edge  - compareTo(o=SCOPEDCONTENTCONDITIONS_SCOPEDCONTENT(SCOPED_CONTENT_CONDITION_ID)->SCOPEDCONTENTCONDITION(ID)) - start
193959 [main] DEBUG org.dbunit.util.SQLHelper  - close(resultSet=org.apache.commons.dbcp.DelegatingResultSet@1acbc64b) - start
193959 [main] DEBUG org.dbunit.util.search.DepthFirstSearch  - search:SCOPEDCONTENTCONDITION
193959 [main] DEBUG org.dbunit.util.search.DepthFirstSearch  - already searched; returning true
193959 [main] DEBUG org.dbunit.util.search.DepthFirstSearch  - search:SCOPEDCONTENTCONDITION
193959 [main] DEBUG org.dbunit.util.search.DepthFirstSearch  - already searched; returning true
193959 [main] DEBUG org.dbunit.util.search.DepthFirstSearch  - search:SCOPEDCONTENTCONDITION
193959 [main] DEBUG org.dbunit.util.search.DepthFirstSearch  - already searched; returning true
193959 [main] DEBUG org.dbunit.util.search.DepthFirstSearch  - search:SCOPEDCONTENTCONDITION
193959 [main] DEBUG org.dbunit.util.search.DepthFirstSearch  - already searched; returning true
193959 [main] DEBUG org.dbunit.util.search.DepthFirstSearch  - Adding node SCOPEDCONTENTCONDITION to the final result
193959 [main] DEBUG org.dbunit.database.search.TablesDependencyHelper  - getDirectDependentTables(connection=_databaseConfig=org.dbunit.database.DatabaseConfig[, _propertyMap={http://www.dbunit.org/properties/statementFactory=org.dbunit.database.statement.PreparedStatementFactory@626bc2b8, http://www.dbunit.org/features/caseSensitiveTableNames=false, http://www.dbunit.org/properties/fetchSize=100, http://www.dbunit.org/features/batchedStatements=false, http://www.dbunit.org/properties/metadataHandler=org.dbunit.database.DefaultMetadataHandler@3eeace42, http://www.dbunit.org/properties/datatypeFactory=org.dbunit.dataset.datatype.DefaultDataTypeFactory[_toleratedDeltaMap=org.dbunit.dataset.datatype.ToleratedDeltaMap@6452310a], http://www.dbunit.org/properties/escapePattern=null, http://www.dbunit.org/properties/batchSize=100, http://www.dbunit.org/features/qualifiedTableNames=false, http://www.dbunit.org/properties/tableType=[Ljava.lang.String;@5011bafa, http://www.dbunit.org/properties/resultSetTableFactory=org.dbunit.database.CachedResultSetTableFactory@10bcf083, http://www.dbunit.org/features/datatypeWarning=true}], _dataSet=AbstractDataSet[_orderedTableNameMap=null], tableName=SCOPEDCONTENTCONDITION) - start
193959 [main] DEBUG org.dbunit.util.search.DepthFirstSearch  - search(nodesFrom=[SCOPEDCONTENTCONDITION], callback=org.dbunit.database.search.ImportedKeysSearchCallback@5afafc6a) - start
193959 [main] DEBUG org.dbunit.util.CollectionsHelper  - objectsToSet(objects=SCOPEDCONTENTCONDITION) - start
193960 [main] DEBUG org.dbunit.util.search.DepthFirstSearch  - search(nodesFrom=[SCOPEDCONTENTCONDITION], callback=org.dbunit.database.search.ImportedKeysSearchCallback@5afafc6a) - start
193960 [main] DEBUG org.dbunit.util.search.DepthFirstSearch  - reverseSearch:SCOPEDCONTENTCONDITION
193960 [main] DEBUG org.dbunit.database.search.ImportedKeysSearchCallback  - searchNode(node=SCOPEDCONTENTCONDITION) - start
193960 [main] DEBUG org.dbunit.util.search.DepthFirstSearch  - Pushing (reverse) SCOPEDCONTENTCONDITION
193960 [main] DEBUG org.dbunit.database.search.ImportedKeysSearchCallback  - getEdges(node=SCOPEDCONTENTCONDITION) - start
193960 [main] DEBUG org.dbunit.database.search.AbstractMetaDataBasedSearchCallback  - getNodesFromImportedKeys(node=SCOPEDCONTENTCONDITION) - start
193960 [main] DEBUG org.dbunit.database.search.AbstractMetaDataBasedSearchCallback  - getNodes(type=0, node=SCOPEDCONTENTCONDITION) - start
193960 [main] DEBUG org.dbunit.database.DatabaseDataSourceConnection  - getConnection() - start
193960 [main] DEBUG org.dbunit.database.search.AbstractMetaDataBasedSearchCallback  - getNodes(type=0, node=SCOPEDCONTENTCONDITION, conn=Transaction-aware proxy for target Connection [jdbc:hsqldb:mem:kontrollDS, UserName=sw, HSQL Database Engine Driver], schema=null, metaData=org.apache.commons.dbcp.DelegatingDatabaseMetaData@13d1c1d0, edges=[]) - start
193960 [main] DEBUG org.dbunit.database.search.AbstractMetaDataBasedSearchCallback  - Getting edges for node SCOPEDCONTENTCONDITION
193960 [main] TRACE org.dbunit.database.DatabaseConfig  - getProperty(name=http://www.dbunit.org/properties/metadataHandler) - start
193960 [main] TRACE org.dbunit.database.DefaultMetadataHandler  - tableExists(metaData=org.apache.commons.dbcp.DelegatingDatabaseMetaData@13d1c1d0, schemaName=null, tableName=SCOPEDCONTENTCONDITION) - start
193961 [main] DEBUG org.dbunit.util.SQLHelper  - close(resultSet=org.apache.commons.dbcp.DelegatingResultSet@34dbf8da) - start
193961 [main] DEBUG org.dbunit.util.SQLHelper  - close(resultSet=org.apache.commons.dbcp.DelegatingResultSet@46a6a070) - start
193961 [main] DEBUG org.dbunit.util.search.DepthFirstSearch  - search:SCOPEDCONTENTCONDITION
193961 [main] DEBUG org.dbunit.database.search.ImportedKeysSearchCallback  - searchNode(node=SCOPEDCONTENTCONDITION) - start
193961 [main] DEBUG org.dbunit.util.search.DepthFirstSearch  - Pushing SCOPEDCONTENTCONDITION
193961 [main] DEBUG org.dbunit.database.search.ImportedKeysSearchCallback  - getEdges(node=SCOPEDCONTENTCONDITION) - start
193961 [main] DEBUG org.dbunit.database.search.AbstractMetaDataBasedSearchCallback  - getNodesFromImportedKeys(node=SCOPEDCONTENTCONDITION) - start
193961 [main] DEBUG org.dbunit.database.search.AbstractMetaDataBasedSearchCallback  - getNodes(type=0, node=SCOPEDCONTENTCONDITION) - start
193961 [main] DEBUG org.dbunit.database.DatabaseDataSourceConnection  - getConnection() - start
193961 [main] DEBUG org.dbunit.database.search.AbstractMetaDataBasedSearchCallback  - getNodes(type=0, node=SCOPEDCONTENTCONDITION, conn=Transaction-aware proxy for target Connection [jdbc:hsqldb:mem:kontrollDS, UserName=sw, HSQL Database Engine Driver], schema=null, metaData=org.apache.commons.dbcp.DelegatingDatabaseMetaData@656f3d4c, edges=[]) - start
193961 [main] DEBUG org.dbunit.database.search.AbstractMetaDataBasedSearchCallback  - Getting edges for node SCOPEDCONTENTCONDITION
193961 [main] TRACE org.dbunit.database.DatabaseConfig  - getProperty(name=http://www.dbunit.org/properties/metadataHandler) - start
193962 [main] TRACE org.dbunit.database.DefaultMetadataHandler  - tableExists(metaData=org.apache.commons.dbcp.DelegatingDatabaseMetaData@656f3d4c, schemaName=null, tableName=SCOPEDCONTENTCONDITION) - start
193962 [main] DEBUG org.dbunit.util.SQLHelper  - close(resultSet=org.apache.commons.dbcp.DelegatingResultSet@3c7b98e5) - start
193963 [main] DEBUG org.dbunit.util.SQLHelper  - close(resultSet=org.apache.commons.dbcp.DelegatingResultSet@18617f2f) - start
193963 [main] DEBUG org.dbunit.util.search.DepthFirstSearch  - Adding node SCOPEDCONTENTCONDITION to the final result
193963 [main] DEBUG org.dbunit.database.DatabaseSequenceFilter  - getDependencyInfo(connection=_databaseConfig=org.dbunit.database.DatabaseConfig[, _propertyMap={http://www.dbunit.org/properties/statementFactory=org.dbunit.database.statement.PreparedStatementFactory@626bc2b8, http://www.dbunit.org/features/caseSensitiveTableNames=false, http://www.dbunit.org/properties/fetchSize=100, http://www.dbunit.org/features/batchedStatements=false, http://www.dbunit.org/properties/metadataHandler=org.dbunit.database.DefaultMetadataHandler@3eeace42, http://www.dbunit.org/properties/datatypeFactory=org.dbunit.dataset.datatype.DefaultDataTypeFactory[_toleratedDeltaMap=org.dbunit.dataset.datatype.ToleratedDeltaMap@6452310a], http://www.dbunit.org/properties/escapePattern=null, http://www.dbunit.org/properties/batchSize=100, http://www.dbunit.org/features/qualifiedTableNames=false, http://www.dbunit.org/properties/tableType=[Ljava.lang.String;@5011bafa, http://www.dbunit.org/properties/resultSetTableFactory=org.dbunit.database.CachedResultSetTableFactory@10bcf083, http://www.dbunit.org/features/datatypeWarning=true}], _dataSet=AbstractDataSet[_orderedTableNameMap=null], tableName=SCOPEDCONTENTCONDITIONATTRIBUTE) - start
193963 [main] DEBUG org.dbunit.database.search.TablesDependencyHelper  - getDependentTables(connection=_databaseConfig=org.dbunit.database.DatabaseConfig[, _propertyMap={http://www.dbunit.org/properties/statementFactory=org.dbunit.database.statement.PreparedStatementFactory@626bc2b8, http://www.dbunit.org/features/caseSensitiveTableNames=false, http://www.dbunit.org/properties/fetchSize=100, http://www.dbunit.org/features/batchedStatements=false, http://www.dbunit.org/properties/metadataHandler=org.dbunit.database.DefaultMetadataHandler@3eeace42, http://www.dbunit.org/properties/datatypeFactory=org.dbunit.dataset.datatype.DefaultDataTypeFactory[_toleratedDeltaMap=org.dbunit.dataset.datatype.ToleratedDeltaMap@6452310a], http://www.dbunit.org/properties/escapePattern=null, http://www.dbunit.org/properties/batchSize=100, http://www.dbunit.org/features/qualifiedTableNames=false, http://www.dbunit.org/properties/tableType=[Ljava.lang.String;@5011bafa, http://www.dbunit.org/properties/resultSetTableFactory=org.dbunit.database.CachedResultSetTableFactory@10bcf083, http://www.dbunit.org/features/datatypeWarning=true}], _dataSet=AbstractDataSet[_orderedTableNameMap=null], rootTable=SCOPEDCONTENTCONDITIONATTRIBUTE) - start
193963 [main] DEBUG org.dbunit.database.search.TablesDependencyHelper  - getDependentTables(connection=_databaseConfig=org.dbunit.database.DatabaseConfig[, _propertyMap={http://www.dbunit.org/properties/statementFactory=org.dbunit.database.statement.PreparedStatementFactory@626bc2b8, http://www.dbunit.org/features/caseSensitiveTableNames=false, http://www.dbunit.org/properties/fetchSize=100, http://www.dbunit.org/features/batchedStatements=false, http://www.dbunit.org/properties/metadataHandler=org.dbunit.database.DefaultMetadataHandler@3eeace42, http://www.dbunit.org/properties/datatypeFactory=org.dbunit.dataset.datatype.DefaultDataTypeFactory[_toleratedDeltaMap=org.dbunit.dataset.datatype.ToleratedDeltaMap@6452310a], http://www.dbunit.org/properties/escapePattern=null, http://www.dbunit.org/properties/batchSize=100, http://www.dbunit.org/features/qualifiedTableNames=false, http://www.dbunit.org/properties/tableType=[Ljava.lang.String;@5011bafa, http://www.dbunit.org/properties/resultSetTableFactory=org.dbunit.database.CachedResultSetTableFactory@10bcf083, http://www.dbunit.org/features/datatypeWarning=true}], _dataSet=AbstractDataSet[_orderedTableNameMap=null], rootTables=[SCOPEDCONTENTCONDITIONATTRIBUTE]) - start
193963 [main] DEBUG org.dbunit.util.search.DepthFirstSearch  - search(nodesFrom=[SCOPEDCONTENTCONDITIONATTRIBUTE], callback=org.dbunit.database.search.ImportedKeysSearchCallback@4f185f5f) - start
193963 [main] DEBUG org.dbunit.util.CollectionsHelper  - objectsToSet(objects=SCOPEDCONTENTCONDITIONATTRIBUTE) - start
193963 [main] DEBUG org.dbunit.util.search.DepthFirstSearch  - search(nodesFrom=[SCOPEDCONTENTCONDITIONATTRIBUTE], callback=org.dbunit.database.search.ImportedKeysSearchCallback@4f185f5f) - start
193963 [main] DEBUG org.dbunit.util.search.DepthFirstSearch  - reverseSearch:SCOPEDCONTENTCONDITIONATTRIBUTE
193963 [main] DEBUG org.dbunit.database.search.ImportedKeysSearchCallback  - searchNode(node=SCOPEDCONTENTCONDITIONATTRIBUTE) - start
193963 [main] DEBUG org.dbunit.util.search.DepthFirstSearch  - Pushing (reverse) SCOPEDCONTENTCONDITIONATTRIBUTE
193963 [main] DEBUG org.dbunit.database.search.ImportedKeysSearchCallback  - getEdges(node=SCOPEDCONTENTCONDITIONATTRIBUTE) - start
193963 [main] DEBUG org.dbunit.database.search.AbstractMetaDataBasedSearchCallback  - getNodesFromImportedKeys(node=SCOPEDCONTENTCONDITIONATTRIBUTE) - start
193963 [main] DEBUG org.dbunit.database.search.AbstractMetaDataBasedSearchCallback  - getNodes(type=0, node=SCOPEDCONTENTCONDITIONATTRIBUTE) - start
193963 [main] DEBUG org.dbunit.database.DatabaseDataSourceConnection  - getConnection() - start
193963 [main] DEBUG org.dbunit.database.search.AbstractMetaDataBasedSearchCallback  - getNodes(type=0, node=SCOPEDCONTENTCONDITIONATTRIBUTE, conn=Transaction-aware proxy for target Connection [jdbc:hsqldb:mem:kontrollDS, UserName=sw, HSQL Database Engine Driver], schema=null, metaData=org.apache.commons.dbcp.DelegatingDatabaseMetaData@491d7e8a, edges=[]) - start
193963 [main] DEBUG org.dbunit.database.search.AbstractMetaDataBasedSearchCallback  - Getting edges for node SCOPEDCONTENTCONDITIONATTRIBUTE
193963 [main] TRACE org.dbunit.database.DatabaseConfig  - getProperty(name=http://www.dbunit.org/properties/metadataHandler) - start
193963 [main] TRACE org.dbunit.database.DefaultMetadataHandler  - tableExists(metaData=org.apache.commons.dbcp.DelegatingDatabaseMetaData@491d7e8a, schemaName=null, tableName=SCOPEDCONTENTCONDITIONATTRIBUTE) - start
193964 [main] DEBUG org.dbunit.util.SQLHelper  - close(resultSet=org.apache.commons.dbcp.DelegatingResultSet@746972b5) - start
193965 [main] DEBUG org.dbunit.util.QualifiedTableName  - getQualifiedNameIfEnabled(config=org.dbunit.database.DatabaseConfig[, _propertyMap={http://www.dbunit.org/properties/statementFactory=org.dbunit.database.statement.PreparedStatementFactory@626bc2b8, http://www.dbunit.org/features/caseSensitiveTableNames=false, http://www.dbunit.org/properties/fetchSize=100, http://www.dbunit.org/features/batchedStatements=false, http://www.dbunit.org/properties/metadataHandler=org.dbunit.database.DefaultMetadataHandler@3eeace42, http://www.dbunit.org/properties/datatypeFactory=org.dbunit.dataset.datatype.DefaultDataTypeFactory[_toleratedDeltaMap=org.dbunit.dataset.datatype.ToleratedDeltaMap@6452310a], http://www.dbunit.org/properties/escapePattern=null, http://www.dbunit.org/properties/batchSize=100, http://www.dbunit.org/features/qualifiedTableNames=false, http://www.dbunit.org/properties/tableType=[Ljava.lang.String;@5011bafa, http://www.dbunit.org/properties/resultSetTableFactory=org.dbunit.database.CachedResultSetTableFactory@10bcf083, http://www.dbunit.org/features/datatypeWarning=true}]) - start
193965 [main] TRACE org.dbunit.database.DatabaseConfig  - getFeature(name=http://www.dbunit.org/features/qualifiedTableNames) - start
193965 [main] TRACE org.dbunit.database.DatabaseConfig  - getProperty(name=http://www.dbunit.org/features/qualifiedTableNames) - start
193965 [main] DEBUG org.dbunit.util.QualifiedTableName  - Qualified table names feature is disabled. Returning plain table name
193965 [main] DEBUG org.dbunit.util.QualifiedTableName  - getQualifiedName(prefix=null, name=SCOPEDCONTENTCONDITIONATTRIBUTE, escapePattern=null) - start
193965 [main] DEBUG org.dbunit.util.QualifiedTableName  - getQualifiedNameIfEnabled(config=org.dbunit.database.DatabaseConfig[, _propertyMap={http://www.dbunit.org/properties/statementFactory=org.dbunit.database.statement.PreparedStatementFactory@626bc2b8, http://www.dbunit.org/features/caseSensitiveTableNames=false, http://www.dbunit.org/properties/fetchSize=100, http://www.dbunit.org/features/batchedStatements=false, http://www.dbunit.org/properties/metadataHandler=org.dbunit.database.DefaultMetadataHandler@3eeace42, http://www.dbunit.org/properties/datatypeFactory=org.dbunit.dataset.datatype.DefaultDataTypeFactory[_toleratedDeltaMap=org.dbunit.dataset.datatype.ToleratedDeltaMap@6452310a], http://www.dbunit.org/properties/escapePattern=null, http://www.dbunit.org/properties/batchSize=100, http://www.dbunit.org/features/qualifiedTableNames=false, http://www.dbunit.org/properties/tableType=[Ljava.lang.String;@5011bafa, http://www.dbunit.org/properties/resultSetTableFactory=org.dbunit.database.CachedResultSetTableFactory@10bcf083, http://www.dbunit.org/features/datatypeWarning=true}]) - start
193965 [main] TRACE org.dbunit.database.DatabaseConfig  - getFeature(name=http://www.dbunit.org/features/qualifiedTableNames) - start
193965 [main] TRACE org.dbunit.database.DatabaseConfig  - getProperty(name=http://www.dbunit.org/features/qualifiedTableNames) - start
193965 [main] DEBUG org.dbunit.util.QualifiedTableName  - Qualified table names feature is disabled. Returning plain table name
193965 [main] DEBUG org.dbunit.util.QualifiedTableName  - getQualifiedName(prefix=null, name=SCOPEDCONTENTCONDITION, escapePattern=null) - start
193965 [main] DEBUG org.dbunit.database.search.AbstractMetaDataBasedSearchCallback  - newEdge(rs=org.apache.commons.dbcp.DelegatingResultSet@3de002a2, type=0, from=SCOPEDCONTENTCONDITIONATTRIBUTE, to=SCOPEDCONTENTCONDITION, fkColumn=SCOPEDCONTENTCONDITION, pkColumn=ID) - start
193965 [main] DEBUG org.dbunit.database.search.AbstractMetaDataBasedSearchCallback  - createFKEdge(rs=org.apache.commons.dbcp.DelegatingResultSet@3de002a2, type=0, from=SCOPEDCONTENTCONDITIONATTRIBUTE, to=SCOPEDCONTENTCONDITION, fkColumn=SCOPEDCONTENTCONDITION, pkColumn=ID) - start
193965 [main] DEBUG org.dbunit.database.search.AbstractMetaDataBasedSearchCallback  - Adding edge SCOPEDCONTENTCONDITIONATTRIBUTE(SCOPEDCONTENTCONDITION)->SCOPEDCONTENTCONDITION(ID)
193965 [main] DEBUG org.dbunit.util.search.Edge  - compareTo(o=SCOPEDCONTENTCONDITIONATTRIBUTE(SCOPEDCONTENTCONDITION)->SCOPEDCONTENTCONDITION(ID)) - start
193965 [main] DEBUG org.dbunit.util.SQLHelper  - close(resultSet=org.apache.commons.dbcp.DelegatingResultSet@3de002a2) - start
193965 [main] DEBUG org.dbunit.util.search.DepthFirstSearch  - search:SCOPEDCONTENTCONDITIONATTRIBUTE
193965 [main] DEBUG org.dbunit.database.search.ImportedKeysSearchCallback  - searchNode(node=SCOPEDCONTENTCONDITIONATTRIBUTE) - start
193965 [main] DEBUG org.dbunit.util.search.DepthFirstSearch  - Pushing SCOPEDCONTENTCONDITIONATTRIBUTE
193965 [main] DEBUG org.dbunit.database.search.ImportedKeysSearchCallback  - getEdges(node=SCOPEDCONTENTCONDITIONATTRIBUTE) - start
193965 [main] DEBUG org.dbunit.database.search.AbstractMetaDataBasedSearchCallback  - getNodesFromImportedKeys(node=SCOPEDCONTENTCONDITIONATTRIBUTE) - start
193965 [main] DEBUG org.dbunit.database.search.AbstractMetaDataBasedSearchCallback  - getNodes(type=0, node=SCOPEDCONTENTCONDITIONATTRIBUTE) - start
193965 [main] DEBUG org.dbunit.database.DatabaseDataSourceConnection  - getConnection() - start
193966 [main] DEBUG org.dbunit.database.search.AbstractMetaDataBasedSearchCallback  - getNodes(type=0, node=SCOPEDCONTENTCONDITIONATTRIBUTE, conn=Transaction-aware proxy for target Connection [jdbc:hsqldb:mem:kontrollDS, UserName=sw, HSQL Database Engine Driver], schema=null, metaData=org.apache.commons.dbcp.DelegatingDatabaseMetaData@3dccf96a, edges=[]) - start
193966 [main] DEBUG org.dbunit.database.search.AbstractMetaDataBasedSearchCallback  - Getting edges for node SCOPEDCONTENTCONDITIONATTRIBUTE
193966 [main] TRACE org.dbunit.database.DatabaseConfig  - getProperty(name=http://www.dbunit.org/properties/metadataHandler) - start
193966 [main] TRACE org.dbunit.database.DefaultMetadataHandler  - tableExists(metaData=org.apache.commons.dbcp.DelegatingDatabaseMetaData@3dccf96a, schemaName=null, tableName=SCOPEDCONTENTCONDITIONATTRIBUTE) - start
193967 [main] DEBUG org.dbunit.util.SQLHelper  - close(resultSet=org.apache.commons.dbcp.DelegatingResultSet@4535df1d) - start
193967 [main] DEBUG org.dbunit.util.QualifiedTableName  - getQualifiedNameIfEnabled(config=org.dbunit.database.DatabaseConfig[, _propertyMap={http://www.dbunit.org/properties/statementFactory=org.dbunit.database.statement.PreparedStatementFactory@626bc2b8, http://www.dbunit.org/features/caseSensitiveTableNames=false, http://www.dbunit.org/properties/fetchSize=100, http://www.dbunit.org/features/batchedStatements=false, http://www.dbunit.org/properties/metadataHandler=org.dbunit.database.DefaultMetadataHandler@3eeace42, http://www.dbunit.org/properties/datatypeFactory=org.dbunit.dataset.datatype.DefaultDataTypeFactory[_toleratedDeltaMap=org.dbunit.dataset.datatype.ToleratedDeltaMap@6452310a], http://www.dbunit.org/properties/escapePattern=null, http://www.dbunit.org/properties/batchSize=100, http://www.dbunit.org/features/qualifiedTableNames=false, http://www.dbunit.org/properties/tableType=[Ljava.lang.String;@5011bafa, http://www.dbunit.org/properties/resultSetTableFactory=org.dbunit.database.CachedResultSetTableFactory@10bcf083, http://www.dbunit.org/features/datatypeWarning=true}]) - start
193967 [main] TRACE org.dbunit.database.DatabaseConfig  - getFeature(name=http://www.dbunit.org/features/qualifiedTableNames) - start
193967 [main] TRACE org.dbunit.database.DatabaseConfig  - getProperty(name=http://www.dbunit.org/features/qualifiedTableNames) - start
193967 [main] DEBUG org.dbunit.util.QualifiedTableName  - Qualified table names feature is disabled. Returning plain table name
193967 [main] DEBUG org.dbunit.util.QualifiedTableName  - getQualifiedName(prefix=null, name=SCOPEDCONTENTCONDITIONATTRIBUTE, escapePattern=null) - start
193967 [main] DEBUG org.dbunit.util.QualifiedTableName  - getQualifiedNameIfEnabled(config=org.dbunit.database.DatabaseConfig[, _propertyMap={http://www.dbunit.org/properties/statementFactory=org.dbunit.database.statement.PreparedStatementFactory@626bc2b8, http://www.dbunit.org/features/caseSensitiveTableNames=false, http://www.dbunit.org/properties/fetchSize=100, http://www.dbunit.org/features/batchedStatements=false, http://www.dbunit.org/properties/metadataHandler=org.dbunit.database.DefaultMetadataHandler@3eeace42, http://www.dbunit.org/properties/datatypeFactory=org.dbunit.dataset.datatype.DefaultDataTypeFactory[_toleratedDeltaMap=org.dbunit.dataset.datatype.ToleratedDeltaMap@6452310a], http://www.dbunit.org/properties/escapePattern=null, http://www.dbunit.org/properties/batchSize=100, http://www.dbunit.org/features/qualifiedTableNames=false, http://www.dbunit.org/properties/tableType=[Ljava.lang.String;@5011bafa, http://www.dbunit.org/properties/resultSetTableFactory=org.dbunit.database.CachedResultSetTableFactory@10bcf083, http://www.dbunit.org/features/datatypeWarning=true}]) - start
193967 [main] TRACE org.dbunit.database.DatabaseConfig  - getFeature(name=http://www.dbunit.org/features/qualifiedTableNames) - start
193967 [main] TRACE org.dbunit.database.DatabaseConfig  - getProperty(name=http://www.dbunit.org/features/qualifiedTableNames) - start
193967 [main] DEBUG org.dbunit.util.QualifiedTableName  - Qualified table names feature is disabled. Returning plain table name
193967 [main] DEBUG org.dbunit.util.QualifiedTableName  - getQualifiedName(prefix=null, name=SCOPEDCONTENTCONDITION, escapePattern=null) - start
193967 [main] DEBUG org.dbunit.database.search.AbstractMetaDataBasedSearchCallback  - newEdge(rs=org.apache.commons.dbcp.DelegatingResultSet@379c2e20, type=0, from=SCOPEDCONTENTCONDITIONATTRIBUTE, to=SCOPEDCONTENTCONDITION, fkColumn=SCOPEDCONTENTCONDITION, pkColumn=ID) - start
193968 [main] DEBUG org.dbunit.database.search.AbstractMetaDataBasedSearchCallback  - createFKEdge(rs=org.apache.commons.dbcp.DelegatingResultSet@379c2e20, type=0, from=SCOPEDCONTENTCONDITIONATTRIBUTE, to=SCOPEDCONTENTCONDITION, fkColumn=SCOPEDCONTENTCONDITION, pkColumn=ID) - start
193968 [main] DEBUG org.dbunit.database.search.AbstractMetaDataBasedSearchCallback  - Adding edge SCOPEDCONTENTCONDITIONATTRIBUTE(SCOPEDCONTENTCONDITION)->SCOPEDCONTENTCONDITION(ID)
193968 [main] DEBUG org.dbunit.util.search.Edge  - compareTo(o=SCOPEDCONTENTCONDITIONATTRIBUTE(SCOPEDCONTENTCONDITION)->SCOPEDCONTENTCONDITION(ID)) - start
193968 [main] DEBUG org.dbunit.util.SQLHelper  - close(resultSet=org.apache.commons.dbcp.DelegatingResultSet@379c2e20) - start
193968 [main] DEBUG org.dbunit.util.search.DepthFirstSearch  - search:SCOPEDCONTENTCONDITION
193968 [main] DEBUG org.dbunit.database.search.ImportedKeysSearchCallback  - searchNode(node=SCOPEDCONTENTCONDITION) - start
193968 [main] DEBUG org.dbunit.util.search.DepthFirstSearch  - Pushing SCOPEDCONTENTCONDITION
193968 [main] DEBUG org.dbunit.database.search.ImportedKeysSearchCallback  - getEdges(node=SCOPEDCONTENTCONDITION) - start
193968 [main] DEBUG org.dbunit.database.search.AbstractMetaDataBasedSearchCallback  - getNodesFromImportedKeys(node=SCOPEDCONTENTCONDITION) - start
193968 [main] DEBUG org.dbunit.database.search.AbstractMetaDataBasedSearchCallback  - getNodes(type=0, node=SCOPEDCONTENTCONDITION) - start
193968 [main] DEBUG org.dbunit.database.DatabaseDataSourceConnection  - getConnection() - start
193968 [main] DEBUG org.dbunit.database.search.AbstractMetaDataBasedSearchCallback  - getNodes(type=0, node=SCOPEDCONTENTCONDITION, conn=Transaction-aware proxy for target Connection [jdbc:hsqldb:mem:kontrollDS, UserName=sw, HSQL Database Engine Driver], schema=null, metaData=org.apache.commons.dbcp.DelegatingDatabaseMetaData@6e985365, edges=[]) - start
193968 [main] DEBUG org.dbunit.database.search.AbstractMetaDataBasedSearchCallback  - Getting edges for node SCOPEDCONTENTCONDITION
193968 [main] TRACE org.dbunit.database.DatabaseConfig  - getProperty(name=http://www.dbunit.org/properties/metadataHandler) - start
193968 [main] TRACE org.dbunit.database.DefaultMetadataHandler  - tableExists(metaData=org.apache.commons.dbcp.DelegatingDatabaseMetaData@6e985365, schemaName=null, tableName=SCOPEDCONTENTCONDITION) - start
193969 [main] DEBUG org.dbunit.util.SQLHelper  - close(resultSet=org.apache.commons.dbcp.DelegatingResultSet@3545881a) - start
193969 [main] DEBUG org.dbunit.util.SQLHelper  - close(resultSet=org.apache.commons.dbcp.DelegatingResultSet@5408de44) - start
193969 [main] DEBUG org.dbunit.util.search.DepthFirstSearch  - Adding node SCOPEDCONTENTCONDITION to the final result
193969 [main] DEBUG org.dbunit.util.search.DepthFirstSearch  - Adding node SCOPEDCONTENTCONDITIONATTRIBUTE to the final result
193969 [main] DEBUG org.dbunit.util.search.DepthFirstSearch  - reverseSearch:SCOPEDCONTENTCONDITION
193969 [main] DEBUG org.dbunit.database.search.ImportedKeysSearchCallback  - searchNode(node=SCOPEDCONTENTCONDITION) - start
193969 [main] DEBUG org.dbunit.util.search.DepthFirstSearch  - Pushing (reverse) SCOPEDCONTENTCONDITION
193969 [main] DEBUG org.dbunit.database.search.ImportedKeysSearchCallback  - getEdges(node=SCOPEDCONTENTCONDITION) - start
193969 [main] DEBUG org.dbunit.database.search.AbstractMetaDataBasedSearchCallback  - getNodesFromImportedKeys(node=SCOPEDCONTENTCONDITION) - start
193969 [main] DEBUG org.dbunit.database.search.AbstractMetaDataBasedSearchCallback  - getNodes(type=0, node=SCOPEDCONTENTCONDITION) - start
193969 [main] DEBUG org.dbunit.database.DatabaseDataSourceConnection  - getConnection() - start
193970 [main] DEBUG org.dbunit.database.search.AbstractMetaDataBasedSearchCallback  - getNodes(type=0, node=SCOPEDCONTENTCONDITION, conn=Transaction-aware proxy for target Connection [jdbc:hsqldb:mem:kontrollDS, UserName=sw, HSQL Database Engine Driver], schema=null, metaData=org.apache.commons.dbcp.DelegatingDatabaseMetaData@12386d76, edges=[]) - start
193970 [main] DEBUG org.dbunit.database.search.AbstractMetaDataBasedSearchCallback  - Getting edges for node SCOPEDCONTENTCONDITION
193970 [main] TRACE org.dbunit.database.DatabaseConfig  - getProperty(name=http://www.dbunit.org/properties/metadataHandler) - start
193970 [main] TRACE org.dbunit.database.DefaultMetadataHandler  - tableExists(metaData=org.apache.commons.dbcp.DelegatingDatabaseMetaData@12386d76, schemaName=null, tableName=SCOPEDCONTENTCONDITION) - start
193971 [main] DEBUG org.dbunit.util.SQLHelper  - close(resultSet=org.apache.commons.dbcp.DelegatingResultSet@52f5547f) - start
193971 [main] DEBUG org.dbunit.util.SQLHelper  - close(resultSet=org.apache.commons.dbcp.DelegatingResultSet@4b2cd47b) - start
193971 [main] DEBUG org.dbunit.util.search.DepthFirstSearch  - reverseSearch:SCOPEDCONTENTCONDITIONATTRIBUTE
193971 [main] DEBUG org.dbunit.util.search.DepthFirstSearch  - already searched; returning true
193971 [main] DEBUG org.dbunit.util.search.DepthFirstSearch  - search:SCOPEDCONTENTCONDITIONATTRIBUTE
193971 [main] DEBUG org.dbunit.util.search.DepthFirstSearch  - already searched; returning true
193971 [main] DEBUG org.dbunit.util.search.DepthFirstSearch  - search:SCOPEDCONTENTCONDITION
193971 [main] DEBUG org.dbunit.util.search.DepthFirstSearch  - already searched; returning true
193971 [main] DEBUG org.dbunit.util.CollectionsHelper  - setToStrings(set=[SCOPEDCONTENTCONDITION, SCOPEDCONTENTCONDITIONATTRIBUTE]) - start
193971 [main] DEBUG org.dbunit.database.search.TablesDependencyHelper  - getDependsOnTables(connection=_databaseConfig=org.dbunit.database.DatabaseConfig[, _propertyMap={http://www.dbunit.org/properties/statementFactory=org.dbunit.database.statement.PreparedStatementFactory@626bc2b8, http://www.dbunit.org/features/caseSensitiveTableNames=false, http://www.dbunit.org/properties/fetchSize=100, http://www.dbunit.org/features/batchedStatements=false, http://www.dbunit.org/properties/metadataHandler=org.dbunit.database.DefaultMetadataHandler@3eeace42, http://www.dbunit.org/properties/datatypeFactory=org.dbunit.dataset.datatype.DefaultDataTypeFactory[_toleratedDeltaMap=org.dbunit.dataset.datatype.ToleratedDeltaMap@6452310a], http://www.dbunit.org/properties/escapePattern=null, http://www.dbunit.org/properties/batchSize=100, http://www.dbunit.org/features/qualifiedTableNames=false, http://www.dbunit.org/properties/tableType=[Ljava.lang.String;@5011bafa, http://www.dbunit.org/properties/resultSetTableFactory=org.dbunit.database.CachedResultSetTableFactory@10bcf083, http://www.dbunit.org/features/datatypeWarning=true}], _dataSet=AbstractDataSet[_orderedTableNameMap=null], rootTable=SCOPEDCONTENTCONDITIONATTRIBUTE) - start
193971 [main] DEBUG org.dbunit.util.search.DepthFirstSearch  - search(nodesFrom=[SCOPEDCONTENTCONDITIONATTRIBUTE], callback=org.dbunit.database.search.ExportedKeysSearchCallback@460d51eb) - start
193971 [main] DEBUG org.dbunit.util.CollectionsHelper  - objectsToSet(objects=SCOPEDCONTENTCONDITIONATTRIBUTE) - start
193971 [main] DEBUG org.dbunit.util.search.DepthFirstSearch  - search(nodesFrom=[SCOPEDCONTENTCONDITIONATTRIBUTE], callback=org.dbunit.database.search.ExportedKeysSearchCallback@460d51eb) - start
193971 [main] DEBUG org.dbunit.util.search.DepthFirstSearch  - reverseSearch:SCOPEDCONTENTCONDITIONATTRIBUTE
193971 [main] DEBUG org.dbunit.database.search.ExportedKeysSearchCallback  - searchNode(node=SCOPEDCONTENTCONDITIONATTRIBUTE) - start
193971 [main] DEBUG org.dbunit.util.search.DepthFirstSearch  - Pushing (reverse) SCOPEDCONTENTCONDITIONATTRIBUTE
193971 [main] DEBUG org.dbunit.database.search.ExportedKeysSearchCallback  - getEdges(node=SCOPEDCONTENTCONDITIONATTRIBUTE) - start
193971 [main] DEBUG org.dbunit.database.search.AbstractMetaDataBasedSearchCallback  - getNodesFromExportedKeys(node=SCOPEDCONTENTCONDITIONATTRIBUTE) - start
193971 [main] DEBUG org.dbunit.database.search.AbstractMetaDataBasedSearchCallback  - getNodes(type=1, node=SCOPEDCONTENTCONDITIONATTRIBUTE) - start
193971 [main] DEBUG org.dbunit.database.DatabaseDataSourceConnection  - getConnection() - start
193971 [main] DEBUG org.dbunit.database.search.AbstractMetaDataBasedSearchCallback  - getNodes(type=1, node=SCOPEDCONTENTCONDITIONATTRIBUTE, conn=Transaction-aware proxy for target Connection [jdbc:hsqldb:mem:kontrollDS, UserName=sw, HSQL Database Engine Driver], schema=null, metaData=org.apache.commons.dbcp.DelegatingDatabaseMetaData@147d3f3b, edges=[]) - start
193971 [main] DEBUG org.dbunit.database.search.AbstractMetaDataBasedSearchCallback  - Getting edges for node SCOPEDCONTENTCONDITIONATTRIBUTE
193972 [main] TRACE org.dbunit.database.DatabaseConfig  - getProperty(name=http://www.dbunit.org/properties/metadataHandler) - start
193972 [main] TRACE org.dbunit.database.DefaultMetadataHandler  - tableExists(metaData=org.apache.commons.dbcp.DelegatingDatabaseMetaData@147d3f3b, schemaName=null, tableName=SCOPEDCONTENTCONDITIONATTRIBUTE) - start
193973 [main] DEBUG org.dbunit.util.SQLHelper  - close(resultSet=org.apache.commons.dbcp.DelegatingResultSet@383fd747) - start
193973 [main] DEBUG org.dbunit.util.SQLHelper  - close(resultSet=org.apache.commons.dbcp.DelegatingResultSet@579fdf62) - start
193973 [main] DEBUG org.dbunit.util.search.DepthFirstSearch  - search:SCOPEDCONTENTCONDITIONATTRIBUTE
193973 [main] DEBUG org.dbunit.database.search.ExportedKeysSearchCallback  - searchNode(node=SCOPEDCONTENTCONDITIONATTRIBUTE) - start
193973 [main] DEBUG org.dbunit.util.search.DepthFirstSearch  - Pushing SCOPEDCONTENTCONDITIONATTRIBUTE
193973 [main] DEBUG org.dbunit.database.search.ExportedKeysSearchCallback  - getEdges(node=SCOPEDCONTENTCONDITIONATTRIBUTE) - start
193973 [main] DEBUG org.dbunit.database.search.AbstractMetaDataBasedSearchCallback  - getNodesFromExportedKeys(node=SCOPEDCONTENTCONDITIONATTRIBUTE) - start
193973 [main] DEBUG org.dbunit.database.search.AbstractMetaDataBasedSearchCallback  - getNodes(type=1, node=SCOPEDCONTENTCONDITIONATTRIBUTE) - start
193973 [main] DEBUG org.dbunit.database.DatabaseDataSourceConnection  - getConnection() - start
193973 [main] DEBUG org.dbunit.database.search.AbstractMetaDataBasedSearchCallback  - getNodes(type=1, node=SCOPEDCONTENTCONDITIONATTRIBUTE, conn=Transaction-aware proxy for target Connection [jdbc:hsqldb:mem:kontrollDS, UserName=sw, HSQL Database Engine Driver], schema=null, metaData=org.apache.commons.dbcp.DelegatingDatabaseMetaData@4102c7df, edges=[]) - start
193973 [main] DEBUG org.dbunit.database.search.AbstractMetaDataBasedSearchCallback  - Getting edges for node SCOPEDCONTENTCONDITIONATTRIBUTE
193973 [main] TRACE org.dbunit.database.DatabaseConfig  - getProperty(name=http://www.dbunit.org/properties/metadataHandler) - start
193973 [main] TRACE org.dbunit.database.DefaultMetadataHandler  - tableExists(metaData=org.apache.commons.dbcp.DelegatingDatabaseMetaData@4102c7df, schemaName=null, tableName=SCOPEDCONTENTCONDITIONATTRIBUTE) - start
193974 [main] DEBUG org.dbunit.util.SQLHelper  - close(resultSet=org.apache.commons.dbcp.DelegatingResultSet@61ddd680) - start
193974 [main] DEBUG org.dbunit.util.SQLHelper  - close(resultSet=org.apache.commons.dbcp.DelegatingResultSet@404f7543) - start
193974 [main] DEBUG org.dbunit.util.search.DepthFirstSearch  - Adding node SCOPEDCONTENTCONDITIONATTRIBUTE to the final result
193974 [main] DEBUG org.dbunit.util.CollectionsHelper  - setToStrings(set=[SCOPEDCONTENTCONDITIONATTRIBUTE]) - start
193975 [main] DEBUG org.dbunit.database.search.TablesDependencyHelper  - getDirectDependsOnTables(connection=_databaseConfig=org.dbunit.database.DatabaseConfig[, _propertyMap={http://www.dbunit.org/properties/statementFactory=org.dbunit.database.statement.PreparedStatementFactory@626bc2b8, http://www.dbunit.org/features/caseSensitiveTableNames=false, http://www.dbunit.org/properties/fetchSize=100, http://www.dbunit.org/features/batchedStatements=false, http://www.dbunit.org/properties/metadataHandler=org.dbunit.database.DefaultMetadataHandler@3eeace42, http://www.dbunit.org/properties/datatypeFactory=org.dbunit.dataset.datatype.DefaultDataTypeFactory[_toleratedDeltaMap=org.dbunit.dataset.datatype.ToleratedDeltaMap@6452310a], http://www.dbunit.org/properties/escapePattern=null, http://www.dbunit.org/properties/batchSize=100, http://www.dbunit.org/features/qualifiedTableNames=false, http://www.dbunit.org/properties/tableType=[Ljava.lang.String;@5011bafa, http://www.dbunit.org/properties/resultSetTableFactory=org.dbunit.database.CachedResultSetTableFactory@10bcf083, http://www.dbunit.org/features/datatypeWarning=true}], _dataSet=AbstractDataSet[_orderedTableNameMap=null], tableName=SCOPEDCONTENTCONDITIONATTRIBUTE) - start
193975 [main] DEBUG org.dbunit.util.search.DepthFirstSearch  - search(nodesFrom=[SCOPEDCONTENTCONDITIONATTRIBUTE], callback=org.dbunit.database.search.ExportedKeysSearchCallback@49d62330) - start
193975 [main] DEBUG org.dbunit.util.CollectionsHelper  - objectsToSet(objects=SCOPEDCONTENTCONDITIONATTRIBUTE) - start
193975 [main] DEBUG org.dbunit.util.search.DepthFirstSearch  - search(nodesFrom=[SCOPEDCONTENTCONDITIONATTRIBUTE], callback=org.dbunit.database.search.ExportedKeysSearchCallback@49d62330) - start
193975 [main] DEBUG org.dbunit.util.search.DepthFirstSearch  - reverseSearch:SCOPEDCONTENTCONDITIONATTRIBUTE
193975 [main] DEBUG org.dbunit.database.search.ExportedKeysSearchCallback  - searchNode(node=SCOPEDCONTENTCONDITIONATTRIBUTE) - start
193975 [main] DEBUG org.dbunit.util.search.DepthFirstSearch  - Pushing (reverse) SCOPEDCONTENTCONDITIONATTRIBUTE
193975 [main] DEBUG org.dbunit.database.search.ExportedKeysSearchCallback  - getEdges(node=SCOPEDCONTENTCONDITIONATTRIBUTE) - start
193975 [main] DEBUG org.dbunit.database.search.AbstractMetaDataBasedSearchCallback  - getNodesFromExportedKeys(node=SCOPEDCONTENTCONDITIONATTRIBUTE) - start
193975 [main] DEBUG org.dbunit.database.search.AbstractMetaDataBasedSearchCallback  - getNodes(type=1, node=SCOPEDCONTENTCONDITIONATTRIBUTE) - start
193975 [main] DEBUG org.dbunit.database.DatabaseDataSourceConnection  - getConnection() - start
193975 [main] DEBUG org.dbunit.database.search.AbstractMetaDataBasedSearchCallback  - getNodes(type=1, node=SCOPEDCONTENTCONDITIONATTRIBUTE, conn=Transaction-aware proxy for target Connection [jdbc:hsqldb:mem:kontrollDS, UserName=sw, HSQL Database Engine Driver], schema=null, metaData=org.apache.commons.dbcp.DelegatingDatabaseMetaData@9a04a2f, edges=[]) - start
193975 [main] DEBUG org.dbunit.database.search.AbstractMetaDataBasedSearchCallback  - Getting edges for node SCOPEDCONTENTCONDITIONATTRIBUTE
193975 [main] TRACE org.dbunit.database.DatabaseConfig  - getProperty(name=http://www.dbunit.org/properties/metadataHandler) - start
193975 [main] TRACE org.dbunit.database.DefaultMetadataHandler  - tableExists(metaData=org.apache.commons.dbcp.DelegatingDatabaseMetaData@9a04a2f, schemaName=null, tableName=SCOPEDCONTENTCONDITIONATTRIBUTE) - start
193976 [main] DEBUG org.dbunit.util.SQLHelper  - close(resultSet=org.apache.commons.dbcp.DelegatingResultSet@5542a1ef) - start
193977 [main] DEBUG org.dbunit.util.SQLHelper  - close(resultSet=org.apache.commons.dbcp.DelegatingResultSet@356b9ee6) - start
193977 [main] DEBUG org.dbunit.util.search.DepthFirstSearch  - search:SCOPEDCONTENTCONDITIONATTRIBUTE
193977 [main] DEBUG org.dbunit.database.search.ExportedKeysSearchCallback  - searchNode(node=SCOPEDCONTENTCONDITIONATTRIBUTE) - start
193977 [main] DEBUG org.dbunit.util.search.DepthFirstSearch  - Pushing SCOPEDCONTENTCONDITIONATTRIBUTE
193977 [main] DEBUG org.dbunit.database.search.ExportedKeysSearchCallback  - getEdges(node=SCOPEDCONTENTCONDITIONATTRIBUTE) - start
193977 [main] DEBUG org.dbunit.database.search.AbstractMetaDataBasedSearchCallback  - getNodesFromExportedKeys(node=SCOPEDCONTENTCONDITIONATTRIBUTE) - start
193977 [main] DEBUG org.dbunit.database.search.AbstractMetaDataBasedSearchCallback  - getNodes(type=1, node=SCOPEDCONTENTCONDITIONATTRIBUTE) - start
193977 [main] DEBUG org.dbunit.database.DatabaseDataSourceConnection  - getConnection() - start
193977 [main] DEBUG org.dbunit.database.search.AbstractMetaDataBasedSearchCallback  - getNodes(type=1, node=SCOPEDCONTENTCONDITIONATTRIBUTE, conn=Transaction-aware proxy for target Connection [jdbc:hsqldb:mem:kontrollDS, UserName=sw, HSQL Database Engine Driver], schema=null, metaData=org.apache.commons.dbcp.DelegatingDatabaseMetaData@2c8d2970, edges=[]) - start
193977 [main] DEBUG org.dbunit.database.search.AbstractMetaDataBasedSearchCallback  - Getting edges for node SCOPEDCONTENTCONDITIONATTRIBUTE
193977 [main] TRACE org.dbunit.database.DatabaseConfig  - getProperty(name=http://www.dbunit.org/properties/metadataHandler) - start
193977 [main] TRACE org.dbunit.database.DefaultMetadataHandler  - tableExists(metaData=org.apache.commons.dbcp.DelegatingDatabaseMetaData@2c8d2970, schemaName=null, tableName=SCOPEDCONTENTCONDITIONATTRIBUTE) - start
193978 [main] DEBUG org.dbunit.util.SQLHelper  - close(resultSet=org.apache.commons.dbcp.DelegatingResultSet@15c39823) - start
193979 [main] DEBUG org.dbunit.util.SQLHelper  - close(resultSet=org.apache.commons.dbcp.DelegatingResultSet@2db906ff) - start
193979 [main] DEBUG org.dbunit.util.search.DepthFirstSearch  - Adding node SCOPEDCONTENTCONDITIONATTRIBUTE to the final result
193979 [main] DEBUG org.dbunit.database.search.TablesDependencyHelper  - getDirectDependentTables(connection=_databaseConfig=org.dbunit.database.DatabaseConfig[, _propertyMap={http://www.dbunit.org/properties/statementFactory=org.dbunit.database.statement.PreparedStatementFactory@626bc2b8, http://www.dbunit.org/features/caseSensitiveTableNames=false, http://www.dbunit.org/properties/fetchSize=100, http://www.dbunit.org/features/batchedStatements=false, http://www.dbunit.org/properties/metadataHandler=org.dbunit.database.DefaultMetadataHandler@3eeace42, http://www.dbunit.org/properties/datatypeFactory=org.dbunit.dataset.datatype.DefaultDataTypeFactory[_toleratedDeltaMap=org.dbunit.dataset.datatype.ToleratedDeltaMap@6452310a], http://www.dbunit.org/properties/escapePattern=null, http://www.dbunit.org/properties/batchSize=100, http://www.dbunit.org/features/qualifiedTableNames=false, http://www.dbunit.org/properties/tableType=[Ljava.lang.String;@5011bafa, http://www.dbunit.org/properties/resultSetTableFactory=org.dbunit.database.CachedResultSetTableFactory@10bcf083, http://www.dbunit.org/features/datatypeWarning=true}], _dataSet=AbstractDataSet[_orderedTableNameMap=null], tableName=SCOPEDCONTENTCONDITIONATTRIBUTE) - start
193979 [main] DEBUG org.dbunit.util.search.DepthFirstSearch  - search(nodesFrom=[SCOPEDCONTENTCONDITIONATTRIBUTE], callback=org.dbunit.database.search.ImportedKeysSearchCallback@45f30354) - start
193979 [main] DEBUG org.dbunit.util.CollectionsHelper  - objectsToSet(objects=SCOPEDCONTENTCONDITIONATTRIBUTE) - start
193979 [main] DEBUG org.dbunit.util.search.DepthFirstSearch  - search(nodesFrom=[SCOPEDCONTENTCONDITIONATTRIBUTE], callback=org.dbunit.database.search.ImportedKeysSearchCallback@45f30354) - start
193979 [main] DEBUG org.dbunit.util.search.DepthFirstSearch  - reverseSearch:SCOPEDCONTENTCONDITIONATTRIBUTE
193979 [main] DEBUG org.dbunit.database.search.ImportedKeysSearchCallback  - searchNode(node=SCOPEDCONTENTCONDITIONATTRIBUTE) - start
193979 [main] DEBUG org.dbunit.util.search.DepthFirstSearch  - Pushing (reverse) SCOPEDCONTENTCONDITIONATTRIBUTE
193979 [main] DEBUG org.dbunit.database.search.ImportedKeysSearchCallback  - getEdges(node=SCOPEDCONTENTCONDITIONATTRIBUTE) - start
193979 [main] DEBUG org.dbunit.database.search.AbstractMetaDataBasedSearchCallback  - getNodesFromImportedKeys(node=SCOPEDCONTENTCONDITIONATTRIBUTE) - start
193979 [main] DEBUG org.dbunit.database.search.AbstractMetaDataBasedSearchCallback  - getNodes(type=0, node=SCOPEDCONTENTCONDITIONATTRIBUTE) - start
193979 [main] DEBUG org.dbunit.database.DatabaseDataSourceConnection  - getConnection() - start
193979 [main] DEBUG org.dbunit.database.search.AbstractMetaDataBasedSearchCallback  - getNodes(type=0, node=SCOPEDCONTENTCONDITIONATTRIBUTE, conn=Transaction-aware proxy for target Connection [jdbc:hsqldb:mem:kontrollDS, UserName=sw, HSQL Database Engine Driver], schema=null, metaData=org.apache.commons.dbcp.DelegatingDatabaseMetaData@555fa3ac, edges=[]) - start
193980 [main] DEBUG org.dbunit.database.search.AbstractMetaDataBasedSearchCallback  - Getting edges for node SCOPEDCONTENTCONDITIONATTRIBUTE
193980 [main] TRACE org.dbunit.database.DatabaseConfig  - getProperty(name=http://www.dbunit.org/properties/metadataHandler) - start
193980 [main] TRACE org.dbunit.database.DefaultMetadataHandler  - tableExists(metaData=org.apache.commons.dbcp.DelegatingDatabaseMetaData@555fa3ac, schemaName=null, tableName=SCOPEDCONTENTCONDITIONATTRIBUTE) - start
193981 [main] DEBUG org.dbunit.util.SQLHelper  - close(resultSet=org.apache.commons.dbcp.DelegatingResultSet@2720e497) - start
193981 [main] DEBUG org.dbunit.util.QualifiedTableName  - getQualifiedNameIfEnabled(config=org.dbunit.database.DatabaseConfig[, _propertyMap={http://www.dbunit.org/properties/statementFactory=org.dbunit.database.statement.PreparedStatementFactory@626bc2b8, http://www.dbunit.org/features/caseSensitiveTableNames=false, http://www.dbunit.org/properties/fetchSize=100, http://www.dbunit.org/features/batchedStatements=false, http://www.dbunit.org/properties/metadataHandler=org.dbunit.database.DefaultMetadataHandler@3eeace42, http://www.dbunit.org/properties/datatypeFactory=org.dbunit.dataset.datatype.DefaultDataTypeFactory[_toleratedDeltaMap=org.dbunit.dataset.datatype.ToleratedDeltaMap@6452310a], http://www.dbunit.org/properties/escapePattern=null, http://www.dbunit.org/properties/batchSize=100, http://www.dbunit.org/features/qualifiedTableNames=false, http://www.dbunit.org/properties/tableType=[Ljava.lang.String;@5011bafa, http://www.dbunit.org/properties/resultSetTableFactory=org.dbunit.database.CachedResultSetTableFactory@10bcf083, http://www.dbunit.org/features/datatypeWarning=true}]) - start
193981 [main] TRACE org.dbunit.database.DatabaseConfig  - getFeature(name=http://www.dbunit.org/features/qualifiedTableNames) - start
193981 [main] TRACE org.dbunit.database.DatabaseConfig  - getProperty(name=http://www.dbunit.org/features/qualifiedTableNames) - start
193981 [main] DEBUG org.dbunit.util.QualifiedTableName  - Qualified table names feature is disabled. Returning plain table name
193981 [main] DEBUG org.dbunit.util.QualifiedTableName  - getQualifiedName(prefix=null, name=SCOPEDCONTENTCONDITIONATTRIBUTE, escapePattern=null) - start
193981 [main] DEBUG org.dbunit.util.QualifiedTableName  - getQualifiedNameIfEnabled(config=org.dbunit.database.DatabaseConfig[, _propertyMap={http://www.dbunit.org/properties/statementFactory=org.dbunit.database.statement.PreparedStatementFactory@626bc2b8, http://www.dbunit.org/features/caseSensitiveTableNames=false, http://www.dbunit.org/properties/fetchSize=100, http://www.dbunit.org/features/batchedStatements=false, http://www.dbunit.org/properties/metadataHandler=org.dbunit.database.DefaultMetadataHandler@3eeace42, http://www.dbunit.org/properties/datatypeFactory=org.dbunit.dataset.datatype.DefaultDataTypeFactory[_toleratedDeltaMap=org.dbunit.dataset.datatype.ToleratedDeltaMap@6452310a], http://www.dbunit.org/properties/escapePattern=null, http://www.dbunit.org/properties/batchSize=100, http://www.dbunit.org/features/qualifiedTableNames=false, http://www.dbunit.org/properties/tableType=[Ljava.lang.String;@5011bafa, http://www.dbunit.org/properties/resultSetTableFactory=org.dbunit.database.CachedResultSetTableFactory@10bcf083, http://www.dbunit.org/features/datatypeWarning=true}]) - start
193981 [main] TRACE org.dbunit.database.DatabaseConfig  - getFeature(name=http://www.dbunit.org/features/qualifiedTableNames) - start
193981 [main] TRACE org.dbunit.database.DatabaseConfig  - getProperty(name=http://www.dbunit.org/features/qualifiedTableNames) - start
193981 [main] DEBUG org.dbunit.util.QualifiedTableName  - Qualified table names feature is disabled. Returning plain table name
193981 [main] DEBUG org.dbunit.util.QualifiedTableName  - getQualifiedName(prefix=null, name=SCOPEDCONTENTCONDITION, escapePattern=null) - start
193981 [main] DEBUG org.dbunit.database.search.AbstractMetaDataBasedSearchCallback  - newEdge(rs=org.apache.commons.dbcp.DelegatingResultSet@552101bc, type=0, from=SCOPEDCONTENTCONDITIONATTRIBUTE, to=SCOPEDCONTENTCONDITION, fkColumn=SCOPEDCONTENTCONDITION, pkColumn=ID) - start
193981 [main] DEBUG org.dbunit.database.search.AbstractMetaDataBasedSearchCallback  - createFKEdge(rs=org.apache.commons.dbcp.DelegatingResultSet@552101bc, type=0, from=SCOPEDCONTENTCONDITIONATTRIBUTE, to=SCOPEDCONTENTCONDITION, fkColumn=SCOPEDCONTENTCONDITION, pkColumn=ID) - start
193981 [main] DEBUG org.dbunit.database.search.AbstractMetaDataBasedSearchCallback  - Adding edge SCOPEDCONTENTCONDITIONATTRIBUTE(SCOPEDCONTENTCONDITION)->SCOPEDCONTENTCONDITION(ID)
193982 [main] DEBUG org.dbunit.util.search.Edge  - compareTo(o=SCOPEDCONTENTCONDITIONATTRIBUTE(SCOPEDCONTENTCONDITION)->SCOPEDCONTENTCONDITION(ID)) - start
193982 [main] DEBUG org.dbunit.util.SQLHelper  - close(resultSet=org.apache.commons.dbcp.DelegatingResultSet@552101bc) - start
193982 [main] DEBUG org.dbunit.util.search.DepthFirstSearch  - search:SCOPEDCONTENTCONDITIONATTRIBUTE
193982 [main] DEBUG org.dbunit.database.search.ImportedKeysSearchCallback  - searchNode(node=SCOPEDCONTENTCONDITIONATTRIBUTE) - start
193982 [main] DEBUG org.dbunit.util.search.DepthFirstSearch  - Pushing SCOPEDCONTENTCONDITIONATTRIBUTE
193982 [main] DEBUG org.dbunit.database.search.ImportedKeysSearchCallback  - getEdges(node=SCOPEDCONTENTCONDITIONATTRIBUTE) - start
193982 [main] DEBUG org.dbunit.database.search.AbstractMetaDataBasedSearchCallback  - getNodesFromImportedKeys(node=SCOPEDCONTENTCONDITIONATTRIBUTE) - start
193982 [main] DEBUG org.dbunit.database.search.AbstractMetaDataBasedSearchCallback  - getNodes(type=0, node=SCOPEDCONTENTCONDITIONATTRIBUTE) - start
193982 [main] DEBUG org.dbunit.database.DatabaseDataSourceConnection  - getConnection() - start
193982 [main] DEBUG org.dbunit.database.search.AbstractMetaDataBasedSearchCallback  - getNodes(type=0, node=SCOPEDCONTENTCONDITIONATTRIBUTE, conn=Transaction-aware proxy for target Connection [jdbc:hsqldb:mem:kontrollDS, UserName=sw, HSQL Database Engine Driver], schema=null, metaData=org.apache.commons.dbcp.DelegatingDatabaseMetaData@69f9094d, edges=[]) - start
193982 [main] DEBUG org.dbunit.database.search.AbstractMetaDataBasedSearchCallback  - Getting edges for node SCOPEDCONTENTCONDITIONATTRIBUTE
193982 [main] TRACE org.dbunit.database.DatabaseConfig  - getProperty(name=http://www.dbunit.org/properties/metadataHandler) - start
193982 [main] TRACE org.dbunit.database.DefaultMetadataHandler  - tableExists(metaData=org.apache.commons.dbcp.DelegatingDatabaseMetaData@69f9094d, schemaName=null, tableName=SCOPEDCONTENTCONDITIONATTRIBUTE) - start
193983 [main] DEBUG org.dbunit.util.SQLHelper  - close(resultSet=org.apache.commons.dbcp.DelegatingResultSet@53dbb1ce) - start
193983 [main] DEBUG org.dbunit.util.QualifiedTableName  - getQualifiedNameIfEnabled(config=org.dbunit.database.DatabaseConfig[, _propertyMap={http://www.dbunit.org/properties/statementFactory=org.dbunit.database.statement.PreparedStatementFactory@626bc2b8, http://www.dbunit.org/features/caseSensitiveTableNames=false, http://www.dbunit.org/properties/fetchSize=100, http://www.dbunit.org/features/batchedStatements=false, http://www.dbunit.org/properties/metadataHandler=org.dbunit.database.DefaultMetadataHandler@3eeace42, http://www.dbunit.org/properties/datatypeFactory=org.dbunit.dataset.datatype.DefaultDataTypeFactory[_toleratedDeltaMap=org.dbunit.dataset.datatype.ToleratedDeltaMap@6452310a], http://www.dbunit.org/properties/escapePattern=null, http://www.dbunit.org/properties/batchSize=100, http://www.dbunit.org/features/qualifiedTableNames=false, http://www.dbunit.org/properties/tableType=[Ljava.lang.String;@5011bafa, http://www.dbunit.org/properties/resultSetTableFactory=org.dbunit.database.CachedResultSetTableFactory@10bcf083, http://www.dbunit.org/features/datatypeWarning=true}]) - start
193983 [main] TRACE org.dbunit.database.DatabaseConfig  - getFeature(name=http://www.dbunit.org/features/qualifiedTableNames) - start
193984 [main] TRACE org.dbunit.database.DatabaseConfig  - getProperty(name=http://www.dbunit.org/features/qualifiedTableNames) - start
193984 [main] DEBUG org.dbunit.util.QualifiedTableName  - Qualified table names feature is disabled. Returning plain table name
193984 [main] DEBUG org.dbunit.util.QualifiedTableName  - getQualifiedName(prefix=null, name=SCOPEDCONTENTCONDITIONATTRIBUTE, escapePattern=null) - start
193984 [main] DEBUG org.dbunit.util.QualifiedTableName  - getQualifiedNameIfEnabled(config=org.dbunit.database.DatabaseConfig[, _propertyMap={http://www.dbunit.org/properties/statementFactory=org.dbunit.database.statement.PreparedStatementFactory@626bc2b8, http://www.dbunit.org/features/caseSensitiveTableNames=false, http://www.dbunit.org/properties/fetchSize=100, http://www.dbunit.org/features/batchedStatements=false, http://www.dbunit.org/properties/metadataHandler=org.dbunit.database.DefaultMetadataHandler@3eeace42, http://www.dbunit.org/properties/datatypeFactory=org.dbunit.dataset.datatype.DefaultDataTypeFactory[_toleratedDeltaMap=org.dbunit.dataset.datatype.ToleratedDeltaMap@6452310a], http://www.dbunit.org/properties/escapePattern=null, http://www.dbunit.org/properties/batchSize=100, http://www.dbunit.org/features/qualifiedTableNames=false, http://www.dbunit.org/properties/tableType=[Ljava.lang.String;@5011bafa, http://www.dbunit.org/properties/resultSetTableFactory=org.dbunit.database.CachedResultSetTableFactory@10bcf083, http://www.dbunit.org/features/datatypeWarning=true}]) - start
193984 [main] TRACE org.dbunit.database.DatabaseConfig  - getFeature(name=http://www.dbunit.org/features/qualifiedTableNames) - start
193984 [main] TRACE org.dbunit.database.DatabaseConfig  - getProperty(name=http://www.dbunit.org/features/qualifiedTableNames) - start
193984 [main] DEBUG org.dbunit.util.QualifiedTableName  - Qualified table names feature is disabled. Returning plain table name
193984 [main] DEBUG org.dbunit.util.QualifiedTableName  - getQualifiedName(prefix=null, name=SCOPEDCONTENTCONDITION, escapePattern=null) - start
193984 [main] DEBUG org.dbunit.database.search.AbstractMetaDataBasedSearchCallback  - newEdge(rs=org.apache.commons.dbcp.DelegatingResultSet@4556df12, type=0, from=SCOPEDCONTENTCONDITIONATTRIBUTE, to=SCOPEDCONTENTCONDITION, fkColumn=SCOPEDCONTENTCONDITION, pkColumn=ID) - start
193984 [main] DEBUG org.dbunit.database.search.AbstractMetaDataBasedSearchCallback  - createFKEdge(rs=org.apache.commons.dbcp.DelegatingResultSet@4556df12, type=0, from=SCOPEDCONTENTCONDITIONATTRIBUTE, to=SCOPEDCONTENTCONDITION, fkColumn=SCOPEDCONTENTCONDITION, pkColumn=ID) - start
193984 [main] DEBUG org.dbunit.database.search.AbstractMetaDataBasedSearchCallback  - Adding edge SCOPEDCONTENTCONDITIONATTRIBUTE(SCOPEDCONTENTCONDITION)->SCOPEDCONTENTCONDITION(ID)
193984 [main] DEBUG org.dbunit.util.search.Edge  - compareTo(o=SCOPEDCONTENTCONDITIONATTRIBUTE(SCOPEDCONTENTCONDITION)->SCOPEDCONTENTCONDITION(ID)) - start
193984 [main] DEBUG org.dbunit.util.SQLHelper  - close(resultSet=org.apache.commons.dbcp.DelegatingResultSet@4556df12) - start
193984 [main] DEBUG org.dbunit.util.search.DepthFirstSearch  - search:SCOPEDCONTENTCONDITION
193984 [main] DEBUG org.dbunit.database.search.ImportedKeysSearchCallback  - searchNode(node=SCOPEDCONTENTCONDITION) - start
193984 [main] DEBUG org.dbunit.util.search.DepthFirstSearch  - Pushing SCOPEDCONTENTCONDITION
193984 [main] DEBUG org.dbunit.database.search.ImportedKeysSearchCallback  - getEdges(node=SCOPEDCONTENTCONDITION) - start
193984 [main] DEBUG org.dbunit.database.search.AbstractMetaDataBasedSearchCallback  - getNodesFromImportedKeys(node=SCOPEDCONTENTCONDITION) - start
193984 [main] DEBUG org.dbunit.database.search.AbstractMetaDataBasedSearchCallback  - getNodes(type=0, node=SCOPEDCONTENTCONDITION) - start
193984 [main] DEBUG org.dbunit.database.DatabaseDataSourceConnection  - getConnection() - start
193984 [main] DEBUG org.dbunit.database.search.AbstractMetaDataBasedSearchCallback  - getNodes(type=0, node=SCOPEDCONTENTCONDITION, conn=Transaction-aware proxy for target Connection [jdbc:hsqldb:mem:kontrollDS, UserName=sw, HSQL Database Engine Driver], schema=null, metaData=org.apache.commons.dbcp.DelegatingDatabaseMetaData@4a4f3a4e, edges=[]) - start
193984 [main] DEBUG org.dbunit.database.search.AbstractMetaDataBasedSearchCallback  - Getting edges for node SCOPEDCONTENTCONDITION
193984 [main] TRACE org.dbunit.database.DatabaseConfig  - getProperty(name=http://www.dbunit.org/properties/metadataHandler) - start
193984 [main] TRACE org.dbunit.database.DefaultMetadataHandler  - tableExists(metaData=org.apache.commons.dbcp.DelegatingDatabaseMetaData@4a4f3a4e, schemaName=null, tableName=SCOPEDCONTENTCONDITION) - start
193985 [main] DEBUG org.dbunit.util.SQLHelper  - close(resultSet=org.apache.commons.dbcp.DelegatingResultSet@ec5d565) - start
193986 [main] DEBUG org.dbunit.util.SQLHelper  - close(resultSet=org.apache.commons.dbcp.DelegatingResultSet@6ef63a4f) - start
193986 [main] DEBUG org.dbunit.util.search.DepthFirstSearch  - Adding node SCOPEDCONTENTCONDITION to the final result
193986 [main] DEBUG org.dbunit.util.search.DepthFirstSearch  - Adding node SCOPEDCONTENTCONDITIONATTRIBUTE to the final result
193986 [main] DEBUG org.dbunit.util.search.DepthFirstSearch  - reverseSearch:SCOPEDCONTENTCONDITION
193986 [main] DEBUG org.dbunit.database.search.ImportedKeysSearchCallback  - searchNode(node=SCOPEDCONTENTCONDITION) - start
193986 [main] DEBUG org.dbunit.util.search.DepthFirstSearch  - Pushing (reverse) SCOPEDCONTENTCONDITION
193986 [main] DEBUG org.dbunit.database.search.ImportedKeysSearchCallback  - getEdges(node=SCOPEDCONTENTCONDITION) - start
193986 [main] DEBUG org.dbunit.database.search.AbstractMetaDataBasedSearchCallback  - getNodesFromImportedKeys(node=SCOPEDCONTENTCONDITION) - start
193986 [main] DEBUG org.dbunit.database.search.AbstractMetaDataBasedSearchCallback  - getNodes(type=0, node=SCOPEDCONTENTCONDITION) - start
193986 [main] DEBUG org.dbunit.database.DatabaseDataSourceConnection  - getConnection() - start
193986 [main] DEBUG org.dbunit.database.search.AbstractMetaDataBasedSearchCallback  - getNodes(type=0, node=SCOPEDCONTENTCONDITION, conn=Transaction-aware proxy for target Connection [jdbc:hsqldb:mem:kontrollDS, UserName=sw, HSQL Database Engine Driver], schema=null, metaData=org.apache.commons.dbcp.DelegatingDatabaseMetaData@676e5172, edges=[]) - start
193986 [main] DEBUG org.dbunit.database.search.AbstractMetaDataBasedSearchCallback  - Getting edges for node SCOPEDCONTENTCONDITION
193986 [main] TRACE org.dbunit.database.DatabaseConfig  - getProperty(name=http://www.dbunit.org/properties/metadataHandler) - start
193986 [main] TRACE org.dbunit.database.DefaultMetadataHandler  - tableExists(metaData=org.apache.commons.dbcp.DelegatingDatabaseMetaData@676e5172, schemaName=null, tableName=SCOPEDCONTENTCONDITION) - start
193987 [main] DEBUG org.dbunit.util.SQLHelper  - close(resultSet=org.apache.commons.dbcp.DelegatingResultSet@20356691) - start
193988 [main] DEBUG org.dbunit.util.SQLHelper  - close(resultSet=org.apache.commons.dbcp.DelegatingResultSet@3cf4fd6f) - start
193988 [main] DEBUG org.dbunit.util.search.DepthFirstSearch  - reverseSearch:SCOPEDCONTENTCONDITIONATTRIBUTE
193988 [main] DEBUG org.dbunit.util.search.DepthFirstSearch  - already searched; returning true
193988 [main] DEBUG org.dbunit.util.search.DepthFirstSearch  - search:SCOPEDCONTENTCONDITIONATTRIBUTE
193988 [main] DEBUG org.dbunit.util.search.DepthFirstSearch  - already searched; returning true
193988 [main] DEBUG org.dbunit.util.search.DepthFirstSearch  - search:SCOPEDCONTENTCONDITION
193988 [main] DEBUG org.dbunit.util.search.DepthFirstSearch  - already searched; returning true
193988 [main] DEBUG org.dbunit.database.DatabaseSequenceFilter  - getDependencyInfo(connection=_databaseConfig=org.dbunit.database.DatabaseConfig[, _propertyMap={http://www.dbunit.org/properties/statementFactory=org.dbunit.database.statement.PreparedStatementFactory@626bc2b8, http://www.dbunit.org/features/caseSensitiveTableNames=false, http://www.dbunit.org/properties/fetchSize=100, http://www.dbunit.org/features/batchedStatements=false, http://www.dbunit.org/properties/metadataHandler=org.dbunit.database.DefaultMetadataHandler@3eeace42, http://www.dbunit.org/properties/datatypeFactory=org.dbunit.dataset.datatype.DefaultDataTypeFactory[_toleratedDeltaMap=org.dbunit.dataset.datatype.ToleratedDeltaMap@6452310a], http://www.dbunit.org/properties/escapePattern=null, http://www.dbunit.org/properties/batchSize=100, http://www.dbunit.org/features/qualifiedTableNames=false, http://www.dbunit.org/properties/tableType=[Ljava.lang.String;@5011bafa, http://www.dbunit.org/properties/resultSetTableFactory=org.dbunit.database.CachedResultSetTableFactory@10bcf083, http://www.dbunit.org/features/datatypeWarning=true}], _dataSet=AbstractDataSet[_orderedTableNameMap=null], tableName=SCOPEDCONTENTCONDITIONS_SCOPEDCONTENT) - start
193988 [main] DEBUG org.dbunit.database.search.TablesDependencyHelper  - getDependentTables(connection=_databaseConfig=org.dbunit.database.DatabaseConfig[, _propertyMap={http://www.dbunit.org/properties/statementFactory=org.dbunit.database.statement.PreparedStatementFactory@626bc2b8, http://www.dbunit.org/features/caseSensitiveTableNames=false, http://www.dbunit.org/properties/fetchSize=100, http://www.dbunit.org/features/batchedStatements=false, http://www.dbunit.org/properties/metadataHandler=org.dbunit.database.DefaultMetadataHandler@3eeace42, http://www.dbunit.org/properties/datatypeFactory=org.dbunit.dataset.datatype.DefaultDataTypeFactory[_toleratedDeltaMap=org.dbunit.dataset.datatype.ToleratedDeltaMap@6452310a], http://www.dbunit.org/properties/escapePattern=null, http://www.dbunit.org/properties/batchSize=100, http://www.dbunit.org/features/qualifiedTableNames=false, http://www.dbunit.org/properties/tableType=[Ljava.lang.String;@5011bafa, http://www.dbunit.org/properties/resultSetTableFactory=org.dbunit.database.CachedResultSetTableFactory@10bcf083, http://www.dbunit.org/features/datatypeWarning=true}], _dataSet=AbstractDataSet[_orderedTableNameMap=null], rootTable=SCOPEDCONTENTCONDITIONS_SCOPEDCONTENT) - start
193988 [main] DEBUG org.dbunit.database.search.TablesDependencyHelper  - getDependentTables(connection=_databaseConfig=org.dbunit.database.DatabaseConfig[, _propertyMap={http://www.dbunit.org/properties/statementFactory=org.dbunit.database.statement.PreparedStatementFactory@626bc2b8, http://www.dbunit.org/features/caseSensitiveTableNames=false, http://www.dbunit.org/properties/fetchSize=100, http://www.dbunit.org/features/batchedStatements=false, http://www.dbunit.org/properties/metadataHandler=org.dbunit.database.DefaultMetadataHandler@3eeace42, http://www.dbunit.org/properties/datatypeFactory=org.dbunit.dataset.datatype.DefaultDataTypeFactory[_toleratedDeltaMap=org.dbunit.dataset.datatype.ToleratedDeltaMap@6452310a], http://www.dbunit.org/properties/escapePattern=null, http://www.dbunit.org/properties/batchSize=100, http://www.dbunit.org/features/qualifiedTableNames=false, http://www.dbunit.org/properties/tableType=[Ljava.lang.String;@5011bafa, http://www.dbunit.org/properties/resultSetTableFactory=org.dbunit.database.CachedResultSetTableFactory@10bcf083, http://www.dbunit.org/features/datatypeWarning=true}], _dataSet=AbstractDataSet[_orderedTableNameMap=null], rootTables=[SCOPEDCONTENTCONDITIONS_SCOPEDCONTENT]) - start
193988 [main] DEBUG org.dbunit.util.search.DepthFirstSearch  - search(nodesFrom=[SCOPEDCONTENTCONDITIONS_SCOPEDCONTENT], callback=org.dbunit.database.search.ImportedKeysSearchCallback@36dc60d6) - start
193988 [main] DEBUG org.dbunit.util.CollectionsHelper  - objectsToSet(objects=SCOPEDCONTENTCONDITIONS_SCOPEDCONTENT) - start
193988 [main] DEBUG org.dbunit.util.search.DepthFirstSearch  - search(nodesFrom=[SCOPEDCONTENTCONDITIONS_SCOPEDCONTENT], callback=org.dbunit.database.search.ImportedKeysSearchCallback@36dc60d6) - start
193988 [main] DEBUG org.dbunit.util.search.DepthFirstSearch  - reverseSearch:SCOPEDCONTENTCONDITIONS_SCOPEDCONTENT
193988 [main] DEBUG org.dbunit.database.search.ImportedKeysSearchCallback  - searchNode(node=SCOPEDCONTENTCONDITIONS_SCOPEDCONTENT) - start
193988 [main] DEBUG org.dbunit.util.search.DepthFirstSearch  - Pushing (reverse) SCOPEDCONTENTCONDITIONS_SCOPEDCONTENT
193988 [main] DEBUG org.dbunit.database.search.ImportedKeysSearchCallback  - getEdges(node=SCOPEDCONTENTCONDITIONS_SCOPEDCONTENT) - start
193989 [main] DEBUG org.dbunit.database.search.AbstractMetaDataBasedSearchCallback  - getNodesFromImportedKeys(node=SCOPEDCONTENTCONDITIONS_SCOPEDCONTENT) - start
193989 [main] DEBUG org.dbunit.database.search.AbstractMetaDataBasedSearchCallback  - getNodes(type=0, node=SCOPEDCONTENTCONDITIONS_SCOPEDCONTENT) - start
193989 [main] DEBUG org.dbunit.database.DatabaseDataSourceConnection  - getConnection() - start
193989 [main] DEBUG org.dbunit.database.search.AbstractMetaDataBasedSearchCallback  - getNodes(type=0, node=SCOPEDCONTENTCONDITIONS_SCOPEDCONTENT, conn=Transaction-aware proxy for target Connection [jdbc:hsqldb:mem:kontrollDS, UserName=sw, HSQL Database Engine Driver], schema=null, metaData=org.apache.commons.dbcp.DelegatingDatabaseMetaData@3e599dbd, edges=[]) - start
193989 [main] DEBUG org.dbunit.database.search.AbstractMetaDataBasedSearchCallback  - Getting edges for node SCOPEDCONTENTCONDITIONS_SCOPEDCONTENT
193989 [main] TRACE org.dbunit.database.DatabaseConfig  - getProperty(name=http://www.dbunit.org/properties/metadataHandler) - start
193989 [main] TRACE org.dbunit.database.DefaultMetadataHandler  - tableExists(metaData=org.apache.commons.dbcp.DelegatingDatabaseMetaData@3e599dbd, schemaName=null, tableName=SCOPEDCONTENTCONDITIONS_SCOPEDCONTENT) - start
193990 [main] DEBUG org.dbunit.util.SQLHelper  - close(resultSet=org.apache.commons.dbcp.DelegatingResultSet@344bdf2e) - start
193990 [main] DEBUG org.dbunit.util.QualifiedTableName  - getQualifiedNameIfEnabled(config=org.dbunit.database.DatabaseConfig[, _propertyMap={http://www.dbunit.org/properties/statementFactory=org.dbunit.database.statement.PreparedStatementFactory@626bc2b8, http://www.dbunit.org/features/caseSensitiveTableNames=false, http://www.dbunit.org/properties/fetchSize=100, http://www.dbunit.org/features/batchedStatements=false, http://www.dbunit.org/properties/metadataHandler=org.dbunit.database.DefaultMetadataHandler@3eeace42, http://www.dbunit.org/properties/datatypeFactory=org.dbunit.dataset.datatype.DefaultDataTypeFactory[_toleratedDeltaMap=org.dbunit.dataset.datatype.ToleratedDeltaMap@6452310a], http://www.dbunit.org/properties/escapePattern=null, http://www.dbunit.org/properties/batchSize=100, http://www.dbunit.org/features/qualifiedTableNames=false, http://www.dbunit.org/properties/tableType=[Ljava.lang.String;@5011bafa, http://www.dbunit.org/properties/resultSetTableFactory=org.dbunit.database.CachedResultSetTableFactory@10bcf083, http://www.dbunit.org/features/datatypeWarning=true}]) - start
193990 [main] TRACE org.dbunit.database.DatabaseConfig  - getFeature(name=http://www.dbunit.org/features/qualifiedTableNames) - start
193990 [main] TRACE org.dbunit.database.DatabaseConfig  - getProperty(name=http://www.dbunit.org/features/qualifiedTableNames) - start
193990 [main] DEBUG org.dbunit.util.QualifiedTableName  - Qualified table names feature is disabled. Returning plain table name
193990 [main] DEBUG org.dbunit.util.QualifiedTableName  - getQualifiedName(prefix=null, name=SCOPEDCONTENTCONDITIONS_SCOPEDCONTENT, escapePattern=null) - start
193990 [main] DEBUG org.dbunit.util.QualifiedTableName  - getQualifiedNameIfEnabled(config=org.dbunit.database.DatabaseConfig[, _propertyMap={http://www.dbunit.org/properties/statementFactory=org.dbunit.database.statement.PreparedStatementFactory@626bc2b8, http://www.dbunit.org/features/caseSensitiveTableNames=false, http://www.dbunit.org/properties/fetchSize=100, http://www.dbunit.org/features/batchedStatements=false, http://www.dbunit.org/properties/metadataHandler=org.dbunit.database.DefaultMetadataHandler@3eeace42, http://www.dbunit.org/properties/datatypeFactory=org.dbunit.dataset.datatype.DefaultDataTypeFactory[_toleratedDeltaMap=org.dbunit.dataset.datatype.ToleratedDeltaMap@6452310a], http://www.dbunit.org/properties/escapePattern=null, http://www.dbunit.org/properties/batchSize=100, http://www.dbunit.org/features/qualifiedTableNames=false, http://www.dbunit.org/properties/tableType=[Ljava.lang.String;@5011bafa, http://www.dbunit.org/properties/resultSetTableFactory=org.dbunit.database.CachedResultSetTableFactory@10bcf083, http://www.dbunit.org/features/datatypeWarning=true}]) - start
193991 [main] TRACE org.dbunit.database.DatabaseConfig  - getFeature(name=http://www.dbunit.org/features/qualifiedTableNames) - start
193991 [main] TRACE org.dbunit.database.DatabaseConfig  - getProperty(name=http://www.dbunit.org/features/qualifiedTableNames) - start
193991 [main] DEBUG org.dbunit.util.QualifiedTableName  - Qualified table names feature is disabled. Returning plain table name
193991 [main] DEBUG org.dbunit.util.QualifiedTableName  - getQualifiedName(prefix=null, name=SCOPEDCONTENT, escapePattern=null) - start
193991 [main] DEBUG org.dbunit.database.search.AbstractMetaDataBasedSearchCallback  - newEdge(rs=org.apache.commons.dbcp.DelegatingResultSet@63528921, type=0, from=SCOPEDCONTENTCONDITIONS_SCOPEDCONTENT, to=SCOPEDCONTENT, fkColumn=SCOPED_CONTENT_ID, pkColumn=ID) - start
193991 [main] DEBUG org.dbunit.database.search.AbstractMetaDataBasedSearchCallback  - createFKEdge(rs=org.apache.commons.dbcp.DelegatingResultSet@63528921, type=0, from=SCOPEDCONTENTCONDITIONS_SCOPEDCONTENT, to=SCOPEDCONTENT, fkColumn=SCOPED_CONTENT_ID, pkColumn=ID) - start
193991 [main] DEBUG org.dbunit.database.search.AbstractMetaDataBasedSearchCallback  - Adding edge SCOPEDCONTENTCONDITIONS_SCOPEDCONTENT(SCOPED_CONTENT_ID)->SCOPEDCONTENT(ID)
193991 [main] DEBUG org.dbunit.util.search.Edge  - compareTo(o=SCOPEDCONTENTCONDITIONS_SCOPEDCONTENT(SCOPED_CONTENT_ID)->SCOPEDCONTENT(ID)) - start
193991 [main] DEBUG org.dbunit.util.QualifiedTableName  - getQualifiedNameIfEnabled(config=org.dbunit.database.DatabaseConfig[, _propertyMap={http://www.dbunit.org/properties/statementFactory=org.dbunit.database.statement.PreparedStatementFactory@626bc2b8, http://www.dbunit.org/features/caseSensitiveTableNames=false, http://www.dbunit.org/properties/fetchSize=100, http://www.dbunit.org/features/batchedStatements=false, http://www.dbunit.org/properties/metadataHandler=org.dbunit.database.DefaultMetadataHandler@3eeace42, http://www.dbunit.org/properties/datatypeFactory=org.dbunit.dataset.datatype.DefaultDataTypeFactory[_toleratedDeltaMap=org.dbunit.dataset.datatype.ToleratedDeltaMap@6452310a], http://www.dbunit.org/properties/escapePattern=null, http://www.dbunit.org/properties/batchSize=100, http://www.dbunit.org/features/qualifiedTableNames=false, http://www.dbunit.org/properties/tableType=[Ljava.lang.String;@5011bafa, http://www.dbunit.org/properties/resultSetTableFactory=org.dbunit.database.CachedResultSetTableFactory@10bcf083, http://www.dbunit.org/features/datatypeWarning=true}]) - start
193991 [main] TRACE org.dbunit.database.DatabaseConfig  - getFeature(name=http://www.dbunit.org/features/qualifiedTableNames) - start
193991 [main] TRACE org.dbunit.database.DatabaseConfig  - getProperty(name=http://www.dbunit.org/features/qualifiedTableNames) - start
193991 [main] DEBUG org.dbunit.util.QualifiedTableName  - Qualified table names feature is disabled. Returning plain table name
193991 [main] DEBUG org.dbunit.util.QualifiedTableName  - getQualifiedName(prefix=null, name=SCOPEDCONTENTCONDITIONS_SCOPEDCONTENT, escapePattern=null) - start
193991 [main] DEBUG org.dbunit.util.QualifiedTableName  - getQualifiedNameIfEnabled(config=org.dbunit.database.DatabaseConfig[, _propertyMap={http://www.dbunit.org/properties/statementFactory=org.dbunit.database.statement.PreparedStatementFactory@626bc2b8, http://www.dbunit.org/features/caseSensitiveTableNames=false, http://www.dbunit.org/properties/fetchSize=100, http://www.dbunit.org/features/batchedStatements=false, http://www.dbunit.org/properties/metadataHandler=org.dbunit.database.DefaultMetadataHandler@3eeace42, http://www.dbunit.org/properties/datatypeFactory=org.dbunit.dataset.datatype.DefaultDataTypeFactory[_toleratedDeltaMap=org.dbunit.dataset.datatype.ToleratedDeltaMap@6452310a], http://www.dbunit.org/properties/escapePattern=null, http://www.dbunit.org/properties/batchSize=100, http://www.dbunit.org/features/qualifiedTableNames=false, http://www.dbunit.org/properties/tableType=[Ljava.lang.String;@5011bafa, http://www.dbunit.org/properties/resultSetTableFactory=org.dbunit.database.CachedResultSetTableFactory@10bcf083, http://www.dbunit.org/features/datatypeWarning=true}]) - start
193991 [main] TRACE org.dbunit.database.DatabaseConfig  - getFeature(name=http://www.dbunit.org/features/qualifiedTableNames) - start
193991 [main] TRACE org.dbunit.database.DatabaseConfig  - getProperty(name=http://www.dbunit.org/features/qualifiedTableNames) - start
193991 [main] DEBUG org.dbunit.util.QualifiedTableName  - Qualified table names feature is disabled. Returning plain table name
193991 [main] DEBUG org.dbunit.util.QualifiedTableName  - getQualifiedName(prefix=null, name=SCOPEDCONTENTCONDITION, escapePattern=null) - start
193991 [main] DEBUG org.dbunit.database.search.AbstractMetaDataBasedSearchCallback  - newEdge(rs=org.apache.commons.dbcp.DelegatingResultSet@63528921, type=0, from=SCOPEDCONTENTCONDITIONS_SCOPEDCONTENT, to=SCOPEDCONTENTCONDITION, fkColumn=SCOPED_CONTENT_CONDITION_ID, pkColumn=ID) - start
193991 [main] DEBUG org.dbunit.database.search.AbstractMetaDataBasedSearchCallback  - createFKEdge(rs=org.apache.commons.dbcp.DelegatingResultSet@63528921, type=0, from=SCOPEDCONTENTCONDITIONS_SCOPEDCONTENT, to=SCOPEDCONTENTCONDITION, fkColumn=SCOPED_CONTENT_CONDITION_ID, pkColumn=ID) - start
193991 [main] DEBUG org.dbunit.database.search.AbstractMetaDataBasedSearchCallback  - Adding edge SCOPEDCONTENTCONDITIONS_SCOPEDCONTENT(SCOPED_CONTENT_CONDITION_ID)->SCOPEDCONTENTCONDITION(ID)
193991 [main] DEBUG org.dbunit.util.search.Edge  - compareTo(o=SCOPEDCONTENTCONDITIONS_SCOPEDCONTENT(SCOPED_CONTENT_ID)->SCOPEDCONTENT(ID)) - start
193991 [main] DEBUG org.dbunit.util.SQLHelper  - close(resultSet=org.apache.commons.dbcp.DelegatingResultSet@63528921) - start
193991 [main] DEBUG org.dbunit.util.search.DepthFirstSearch  - search:SCOPEDCONTENTCONDITIONS_SCOPEDCONTENT
193991 [main] DEBUG org.dbunit.database.search.ImportedKeysSearchCallback  - searchNode(node=SCOPEDCONTENTCONDITIONS_SCOPEDCONTENT) - start
193992 [main] DEBUG org.dbunit.util.search.DepthFirstSearch  - Pushing SCOPEDCONTENTCONDITIONS_SCOPEDCONTENT
193992 [main] DEBUG org.dbunit.database.search.ImportedKeysSearchCallback  - getEdges(node=SCOPEDCONTENTCONDITIONS_SCOPEDCONTENT) - start
193992 [main] DEBUG org.dbunit.database.search.AbstractMetaDataBasedSearchCallback  - getNodesFromImportedKeys(node=SCOPEDCONTENTCONDITIONS_SCOPEDCONTENT) - start
193992 [main] DEBUG org.dbunit.database.search.AbstractMetaDataBasedSearchCallback  - getNodes(type=0, node=SCOPEDCONTENTCONDITIONS_SCOPEDCONTENT) - start
193992 [main] DEBUG org.dbunit.database.DatabaseDataSourceConnection  - getConnection() - start
193992 [main] DEBUG org.dbunit.database.search.AbstractMetaDataBasedSearchCallback  - getNodes(type=0, node=SCOPEDCONTENTCONDITIONS_SCOPEDCONTENT, conn=Transaction-aware proxy for target Connection [jdbc:hsqldb:mem:kontrollDS, UserName=sw, HSQL Database Engine Driver], schema=null, metaData=org.apache.commons.dbcp.DelegatingDatabaseMetaData@3fa90878, edges=[]) - start
193992 [main] DEBUG org.dbunit.database.search.AbstractMetaDataBasedSearchCallback  - Getting edges for node SCOPEDCONTENTCONDITIONS_SCOPEDCONTENT
193992 [main] TRACE org.dbunit.database.DatabaseConfig  - getProperty(name=http://www.dbunit.org/properties/metadataHandler) - start
193992 [main] TRACE org.dbunit.database.DefaultMetadataHandler  - tableExists(metaData=org.apache.commons.dbcp.DelegatingDatabaseMetaData@3fa90878, schemaName=null, tableName=SCOPEDCONTENTCONDITIONS_SCOPEDCONTENT) - start
193993 [main] DEBUG org.dbunit.util.SQLHelper  - close(resultSet=org.apache.commons.dbcp.DelegatingResultSet@56bbd5f1) - start
193993 [main] DEBUG org.dbunit.util.QualifiedTableName  - getQualifiedNameIfEnabled(config=org.dbunit.database.DatabaseConfig[, _propertyMap={http://www.dbunit.org/properties/statementFactory=org.dbunit.database.statement.PreparedStatementFactory@626bc2b8, http://www.dbunit.org/features/caseSensitiveTableNames=false, http://www.dbunit.org/properties/fetchSize=100, http://www.dbunit.org/features/batchedStatements=false, http://www.dbunit.org/properties/metadataHandler=org.dbunit.database.DefaultMetadataHandler@3eeace42, http://www.dbunit.org/properties/datatypeFactory=org.dbunit.dataset.datatype.DefaultDataTypeFactory[_toleratedDeltaMap=org.dbunit.dataset.datatype.ToleratedDeltaMap@6452310a], http://www.dbunit.org/properties/escapePattern=null, http://www.dbunit.org/properties/batchSize=100, http://www.dbunit.org/features/qualifiedTableNames=false, http://www.dbunit.org/properties/tableType=[Ljava.lang.String;@5011bafa, http://www.dbunit.org/properties/resultSetTableFactory=org.dbunit.database.CachedResultSetTableFactory@10bcf083, http://www.dbunit.org/features/datatypeWarning=true}]) - start
193993 [main] TRACE org.dbunit.database.DatabaseConfig  - getFeature(name=http://www.dbunit.org/features/qualifiedTableNames) - start
193993 [main] TRACE org.dbunit.database.DatabaseConfig  - getProperty(name=http://www.dbunit.org/features/qualifiedTableNames) - start
193993 [main] DEBUG org.dbunit.util.QualifiedTableName  - Qualified table names feature is disabled. Returning plain table name
193993 [main] DEBUG org.dbunit.util.QualifiedTableName  - getQualifiedName(prefix=null, name=SCOPEDCONTENTCONDITIONS_SCOPEDCONTENT, escapePattern=null) - start
193993 [main] DEBUG org.dbunit.util.QualifiedTableName  - getQualifiedNameIfEnabled(config=org.dbunit.database.DatabaseConfig[, _propertyMap={http://www.dbunit.org/properties/statementFactory=org.dbunit.database.statement.PreparedStatementFactory@626bc2b8, http://www.dbunit.org/features/caseSensitiveTableNames=false, http://www.dbunit.org/properties/fetchSize=100, http://www.dbunit.org/features/batchedStatements=false, http://www.dbunit.org/properties/metadataHandler=org.dbunit.database.DefaultMetadataHandler@3eeace42, http://www.dbunit.org/properties/datatypeFactory=org.dbunit.dataset.datatype.DefaultDataTypeFactory[_toleratedDeltaMap=org.dbunit.dataset.datatype.ToleratedDeltaMap@6452310a], http://www.dbunit.org/properties/escapePattern=null, http://www.dbunit.org/properties/batchSize=100, http://www.dbunit.org/features/qualifiedTableNames=false, http://www.dbunit.org/properties/tableType=[Ljava.lang.String;@5011bafa, http://www.dbunit.org/properties/resultSetTableFactory=org.dbunit.database.CachedResultSetTableFactory@10bcf083, http://www.dbunit.org/features/datatypeWarning=true}]) - start
193994 [main] TRACE org.dbunit.database.DatabaseConfig  - getFeature(name=http://www.dbunit.org/features/qualifiedTableNames) - start
193994 [main] TRACE org.dbunit.database.DatabaseConfig  - getProperty(name=http://www.dbunit.org/features/qualifiedTableNames) - start
193994 [main] DEBUG org.dbunit.util.QualifiedTableName  - Qualified table names feature is disabled. Returning plain table name
193994 [main] DEBUG org.dbunit.util.QualifiedTableName  - getQualifiedName(prefix=null, name=SCOPEDCONTENT, escapePattern=null) - start
193994 [main] DEBUG org.dbunit.database.search.AbstractMetaDataBasedSearchCallback  - newEdge(rs=org.apache.commons.dbcp.DelegatingResultSet@282ba699, type=0, from=SCOPEDCONTENTCONDITIONS_SCOPEDCONTENT, to=SCOPEDCONTENT, fkColumn=SCOPED_CONTENT_ID, pkColumn=ID) - start
193994 [main] DEBUG org.dbunit.database.search.AbstractMetaDataBasedSearchCallback  - createFKEdge(rs=org.apache.commons.dbcp.DelegatingResultSet@282ba699, type=0, from=SCOPEDCONTENTCONDITIONS_SCOPEDCONTENT, to=SCOPEDCONTENT, fkColumn=SCOPED_CONTENT_ID, pkColumn=ID) - start
193994 [main] DEBUG org.dbunit.database.search.AbstractMetaDataBasedSearchCallback  - Adding edge SCOPEDCONTENTCONDITIONS_SCOPEDCONTENT(SCOPED_CONTENT_ID)->SCOPEDCONTENT(ID)
193994 [main] DEBUG org.dbunit.util.search.Edge  - compareTo(o=SCOPEDCONTENTCONDITIONS_SCOPEDCONTENT(SCOPED_CONTENT_ID)->SCOPEDCONTENT(ID)) - start
193994 [main] DEBUG org.dbunit.util.QualifiedTableName  - getQualifiedNameIfEnabled(config=org.dbunit.database.DatabaseConfig[, _propertyMap={http://www.dbunit.org/properties/statementFactory=org.dbunit.database.statement.PreparedStatementFactory@626bc2b8, http://www.dbunit.org/features/caseSensitiveTableNames=false, http://www.dbunit.org/properties/fetchSize=100, http://www.dbunit.org/features/batchedStatements=false, http://www.dbunit.org/properties/metadataHandler=org.dbunit.database.DefaultMetadataHandler@3eeace42, http://www.dbunit.org/properties/datatypeFactory=org.dbunit.dataset.datatype.DefaultDataTypeFactory[_toleratedDeltaMap=org.dbunit.dataset.datatype.ToleratedDeltaMap@6452310a], http://www.dbunit.org/properties/escapePattern=null, http://www.dbunit.org/properties/batchSize=100, http://www.dbunit.org/features/qualifiedTableNames=false, http://www.dbunit.org/properties/tableType=[Ljava.lang.String;@5011bafa, http://www.dbunit.org/properties/resultSetTableFactory=org.dbunit.database.CachedResultSetTableFactory@10bcf083, http://www.dbunit.org/features/datatypeWarning=true}]) - start
193994 [main] TRACE org.dbunit.database.DatabaseConfig  - getFeature(name=http://www.dbunit.org/features/qualifiedTableNames) - start
193994 [main] TRACE org.dbunit.database.DatabaseConfig  - getProperty(name=http://www.dbunit.org/features/qualifiedTableNames) - start
193994 [main] DEBUG org.dbunit.util.QualifiedTableName  - Qualified table names feature is disabled. Returning plain table name
193994 [main] DEBUG org.dbunit.util.QualifiedTableName  - getQualifiedName(prefix=null, name=SCOPEDCONTENTCONDITIONS_SCOPEDCONTENT, escapePattern=null) - start
193994 [main] DEBUG org.dbunit.util.QualifiedTableName  - getQualifiedNameIfEnabled(config=org.dbunit.database.DatabaseConfig[, _propertyMap={http://www.dbunit.org/properties/statementFactory=org.dbunit.database.statement.PreparedStatementFactory@626bc2b8, http://www.dbunit.org/features/caseSensitiveTableNames=false, http://www.dbunit.org/properties/fetchSize=100, http://www.dbunit.org/features/batchedStatements=false, http://www.dbunit.org/properties/metadataHandler=org.dbunit.database.DefaultMetadataHandler@3eeace42, http://www.dbunit.org/properties/datatypeFactory=org.dbunit.dataset.datatype.DefaultDataTypeFactory[_toleratedDeltaMap=org.dbunit.dataset.datatype.ToleratedDeltaMap@6452310a], http://www.dbunit.org/properties/escapePattern=null, http://www.dbunit.org/properties/batchSize=100, http://www.dbunit.org/features/qualifiedTableNames=false, http://www.dbunit.org/properties/tableType=[Ljava.lang.String;@5011bafa, http://www.dbunit.org/properties/resultSetTableFactory=org.dbunit.database.CachedResultSetTableFactory@10bcf083, http://www.dbunit.org/features/datatypeWarning=true}]) - start
193994 [main] TRACE org.dbunit.database.DatabaseConfig  - getFeature(name=http://www.dbunit.org/features/qualifiedTableNames) - start
193994 [main] TRACE org.dbunit.database.DatabaseConfig  - getProperty(name=http://www.dbunit.org/features/qualifiedTableNames) - start
193994 [main] DEBUG org.dbunit.util.QualifiedTableName  - Qualified table names feature is disabled. Returning plain table name
193994 [main] DEBUG org.dbunit.util.QualifiedTableName  - getQualifiedName(prefix=null, name=SCOPEDCONTENTCONDITION, escapePattern=null) - start
193994 [main] DEBUG org.dbunit.database.search.AbstractMetaDataBasedSearchCallback  - newEdge(rs=org.apache.commons.dbcp.DelegatingResultSet@282ba699, type=0, from=SCOPEDCONTENTCONDITIONS_SCOPEDCONTENT, to=SCOPEDCONTENTCONDITION, fkColumn=SCOPED_CONTENT_CONDITION_ID, pkColumn=ID) - start
193994 [main] DEBUG org.dbunit.database.search.AbstractMetaDataBasedSearchCallback  - createFKEdge(rs=org.apache.commons.dbcp.DelegatingResultSet@282ba699, type=0, from=SCOPEDCONTENTCONDITIONS_SCOPEDCONTENT, to=SCOPEDCONTENTCONDITION, fkColumn=SCOPED_CONTENT_CONDITION_ID, pkColumn=ID) - start
193994 [main] DEBUG org.dbunit.database.search.AbstractMetaDataBasedSearchCallback  - Adding edge SCOPEDCONTENTCONDITIONS_SCOPEDCONTENT(SCOPED_CONTENT_CONDITION_ID)->SCOPEDCONTENTCONDITION(ID)
193994 [main] DEBUG org.dbunit.util.search.Edge  - compareTo(o=SCOPEDCONTENTCONDITIONS_SCOPEDCONTENT(SCOPED_CONTENT_ID)->SCOPEDCONTENT(ID)) - start
193995 [main] DEBUG org.dbunit.util.SQLHelper  - close(resultSet=org.apache.commons.dbcp.DelegatingResultSet@282ba699) - start
193995 [main] DEBUG org.dbunit.util.search.DepthFirstSearch  - search:SCOPEDCONTENT
193995 [main] DEBUG org.dbunit.database.search.ImportedKeysSearchCallback  - searchNode(node=SCOPEDCONTENT) - start
193995 [main] DEBUG org.dbunit.util.search.DepthFirstSearch  - Pushing SCOPEDCONTENT
193995 [main] DEBUG org.dbunit.database.search.ImportedKeysSearchCallback  - getEdges(node=SCOPEDCONTENT) - start
193995 [main] DEBUG org.dbunit.database.search.AbstractMetaDataBasedSearchCallback  - getNodesFromImportedKeys(node=SCOPEDCONTENT) - start
193995 [main] DEBUG org.dbunit.database.search.AbstractMetaDataBasedSearchCallback  - getNodes(type=0, node=SCOPEDCONTENT) - start
193995 [main] DEBUG org.dbunit.database.DatabaseDataSourceConnection  - getConnection() - start
193995 [main] DEBUG org.dbunit.database.search.AbstractMetaDataBasedSearchCallback  - getNodes(type=0, node=SCOPEDCONTENT, conn=Transaction-aware proxy for target Connection [jdbc:hsqldb:mem:kontrollDS, UserName=sw, HSQL Database Engine Driver], schema=null, metaData=org.apache.commons.dbcp.DelegatingDatabaseMetaData@49c69b69, edges=[]) - start
193995 [main] DEBUG org.dbunit.database.search.AbstractMetaDataBasedSearchCallback  - Getting edges for node SCOPEDCONTENT
193995 [main] TRACE org.dbunit.database.DatabaseConfig  - getProperty(name=http://www.dbunit.org/properties/metadataHandler) - start
193995 [main] TRACE org.dbunit.database.DefaultMetadataHandler  - tableExists(metaData=org.apache.commons.dbcp.DelegatingDatabaseMetaData@49c69b69, schemaName=null, tableName=SCOPEDCONTENT) - start
193996 [main] DEBUG org.dbunit.util.SQLHelper  - close(resultSet=org.apache.commons.dbcp.DelegatingResultSet@76a8654a) - start
193996 [main] DEBUG org.dbunit.util.QualifiedTableName  - getQualifiedNameIfEnabled(config=org.dbunit.database.DatabaseConfig[, _propertyMap={http://www.dbunit.org/properties/statementFactory=org.dbunit.database.statement.PreparedStatementFactory@626bc2b8, http://www.dbunit.org/features/caseSensitiveTableNames=false, http://www.dbunit.org/properties/fetchSize=100, http://www.dbunit.org/features/batchedStatements=false, http://www.dbunit.org/properties/metadataHandler=org.dbunit.database.DefaultMetadataHandler@3eeace42, http://www.dbunit.org/properties/datatypeFactory=org.dbunit.dataset.datatype.DefaultDataTypeFactory[_toleratedDeltaMap=org.dbunit.dataset.datatype.ToleratedDeltaMap@6452310a], http://www.dbunit.org/properties/escapePattern=null, http://www.dbunit.org/properties/batchSize=100, http://www.dbunit.org/features/qualifiedTableNames=false, http://www.dbunit.org/properties/tableType=[Ljava.lang.String;@5011bafa, http://www.dbunit.org/properties/resultSetTableFactory=org.dbunit.database.CachedResultSetTableFactory@10bcf083, http://www.dbunit.org/features/datatypeWarning=true}]) - start
193996 [main] TRACE org.dbunit.database.DatabaseConfig  - getFeature(name=http://www.dbunit.org/features/qualifiedTableNames) - start
193996 [main] TRACE org.dbunit.database.DatabaseConfig  - getProperty(name=http://www.dbunit.org/features/qualifiedTableNames) - start
193997 [main] DEBUG org.dbunit.util.QualifiedTableName  - Qualified table names feature is disabled. Returning plain table name
193997 [main] DEBUG org.dbunit.util.QualifiedTableName  - getQualifiedName(prefix=null, name=SCOPEDCONTENT, escapePattern=null) - start
193997 [main] DEBUG org.dbunit.util.QualifiedTableName  - getQualifiedNameIfEnabled(config=org.dbunit.database.DatabaseConfig[, _propertyMap={http://www.dbunit.org/properties/statementFactory=org.dbunit.database.statement.PreparedStatementFactory@626bc2b8, http://www.dbunit.org/features/caseSensitiveTableNames=false, http://www.dbunit.org/properties/fetchSize=100, http://www.dbunit.org/features/batchedStatements=false, http://www.dbunit.org/properties/metadataHandler=org.dbunit.database.DefaultMetadataHandler@3eeace42, http://www.dbunit.org/properties/datatypeFactory=org.dbunit.dataset.datatype.DefaultDataTypeFactory[_toleratedDeltaMap=org.dbunit.dataset.datatype.ToleratedDeltaMap@6452310a], http://www.dbunit.org/properties/escapePattern=null, http://www.dbunit.org/properties/batchSize=100, http://www.dbunit.org/features/qualifiedTableNames=false, http://www.dbunit.org/properties/tableType=[Ljava.lang.String;@5011bafa, http://www.dbunit.org/properties/resultSetTableFactory=org.dbunit.database.CachedResultSetTableFactory@10bcf083, http://www.dbunit.org/features/datatypeWarning=true}]) - start
193997 [main] TRACE org.dbunit.database.DatabaseConfig  - getFeature(name=http://www.dbunit.org/features/qualifiedTableNames) - start
193997 [main] TRACE org.dbunit.database.DatabaseConfig  - getProperty(name=http://www.dbunit.org/features/qualifiedTableNames) - start
193997 [main] DEBUG org.dbunit.util.QualifiedTableName  - Qualified table names feature is disabled. Returning plain table name
193997 [main] DEBUG org.dbunit.util.QualifiedTableName  - getQualifiedName(prefix=null, name=SCOPE, escapePattern=null) - start
193997 [main] DEBUG org.dbunit.database.search.AbstractMetaDataBasedSearchCallback  - newEdge(rs=org.apache.commons.dbcp.DelegatingResultSet@36f1c380, type=0, from=SCOPEDCONTENT, to=SCOPE, fkColumn=SCOPE, pkColumn=ID) - start
193997 [main] DEBUG org.dbunit.database.search.AbstractMetaDataBasedSearchCallback  - createFKEdge(rs=org.apache.commons.dbcp.DelegatingResultSet@36f1c380, type=0, from=SCOPEDCONTENT, to=SCOPE, fkColumn=SCOPE, pkColumn=ID) - start
193997 [main] DEBUG org.dbunit.database.search.AbstractMetaDataBasedSearchCallback  - Adding edge SCOPEDCONTENT(SCOPE)->SCOPE(ID)
193997 [main] DEBUG org.dbunit.util.search.Edge  - compareTo(o=SCOPEDCONTENT(SCOPE)->SCOPE(ID)) - start
193997 [main] DEBUG org.dbunit.util.SQLHelper  - close(resultSet=org.apache.commons.dbcp.DelegatingResultSet@36f1c380) - start
193997 [main] DEBUG org.dbunit.util.search.DepthFirstSearch  - search:SCOPE
193997 [main] DEBUG org.dbunit.database.search.ImportedKeysSearchCallback  - searchNode(node=SCOPE) - start
193997 [main] DEBUG org.dbunit.util.search.DepthFirstSearch  - Pushing SCOPE
193997 [main] DEBUG org.dbunit.database.search.ImportedKeysSearchCallback  - getEdges(node=SCOPE) - start
193997 [main] DEBUG org.dbunit.database.search.AbstractMetaDataBasedSearchCallback  - getNodesFromImportedKeys(node=SCOPE) - start
193997 [main] DEBUG org.dbunit.database.search.AbstractMetaDataBasedSearchCallback  - getNodes(type=0, node=SCOPE) - start
193997 [main] DEBUG org.dbunit.database.DatabaseDataSourceConnection  - getConnection() - start
193997 [main] DEBUG org.dbunit.database.search.AbstractMetaDataBasedSearchCallback  - getNodes(type=0, node=SCOPE, conn=Transaction-aware proxy for target Connection [jdbc:hsqldb:mem:kontrollDS, UserName=sw, HSQL Database Engine Driver], schema=null, metaData=org.apache.commons.dbcp.DelegatingDatabaseMetaData@3a5a24ae, edges=[]) - start
193997 [main] DEBUG org.dbunit.database.search.AbstractMetaDataBasedSearchCallback  - Getting edges for node SCOPE
193997 [main] TRACE org.dbunit.database.DatabaseConfig  - getProperty(name=http://www.dbunit.org/properties/metadataHandler) - start
193997 [main] TRACE org.dbunit.database.DefaultMetadataHandler  - tableExists(metaData=org.apache.commons.dbcp.DelegatingDatabaseMetaData@3a5a24ae, schemaName=null, tableName=SCOPE) - start
193998 [main] DEBUG org.dbunit.util.SQLHelper  - close(resultSet=org.apache.commons.dbcp.DelegatingResultSet@6c4ce1f7) - start
193999 [main] DEBUG org.dbunit.util.SQLHelper  - close(resultSet=org.apache.commons.dbcp.DelegatingResultSet@424b8e2e) - start
193999 [main] DEBUG org.dbunit.util.search.DepthFirstSearch  - Adding node SCOPE to the final result
193999 [main] DEBUG org.dbunit.util.search.DepthFirstSearch  - Adding node SCOPEDCONTENT to the final result
193999 [main] DEBUG org.dbunit.util.search.DepthFirstSearch  - search:SCOPEDCONTENTCONDITION
193999 [main] DEBUG org.dbunit.database.search.ImportedKeysSearchCallback  - searchNode(node=SCOPEDCONTENTCONDITION) - start
193999 [main] DEBUG org.dbunit.util.search.DepthFirstSearch  - Pushing SCOPEDCONTENTCONDITION
193999 [main] DEBUG org.dbunit.database.search.ImportedKeysSearchCallback  - getEdges(node=SCOPEDCONTENTCONDITION) - start
193999 [main] DEBUG org.dbunit.database.search.AbstractMetaDataBasedSearchCallback  - getNodesFromImportedKeys(node=SCOPEDCONTENTCONDITION) - start
193999 [main] DEBUG org.dbunit.database.search.AbstractMetaDataBasedSearchCallback  - getNodes(type=0, node=SCOPEDCONTENTCONDITION) - start
193999 [main] DEBUG org.dbunit.database.DatabaseDataSourceConnection  - getConnection() - start
193999 [main] DEBUG org.dbunit.database.search.AbstractMetaDataBasedSearchCallback  - getNodes(type=0, node=SCOPEDCONTENTCONDITION, conn=Transaction-aware proxy for target Connection [jdbc:hsqldb:mem:kontrollDS, UserName=sw, HSQL Database Engine Driver], schema=null, metaData=org.apache.commons.dbcp.DelegatingDatabaseMetaData@6e639002, edges=[]) - start
193999 [main] DEBUG org.dbunit.database.search.AbstractMetaDataBasedSearchCallback  - Getting edges for node SCOPEDCONTENTCONDITION
193999 [main] TRACE org.dbunit.database.DatabaseConfig  - getProperty(name=http://www.dbunit.org/properties/metadataHandler) - start
193999 [main] TRACE org.dbunit.database.DefaultMetadataHandler  - tableExists(metaData=org.apache.commons.dbcp.DelegatingDatabaseMetaData@6e639002, schemaName=null, tableName=SCOPEDCONTENTCONDITION) - start
194000 [main] DEBUG org.dbunit.util.SQLHelper  - close(resultSet=org.apache.commons.dbcp.DelegatingResultSet@a8c392c) - start
194000 [main] DEBUG org.dbunit.util.SQLHelper  - close(resultSet=org.apache.commons.dbcp.DelegatingResultSet@3f20f8dc) - start
194000 [main] DEBUG org.dbunit.util.search.DepthFirstSearch  - Adding node SCOPEDCONTENTCONDITION to the final result
194000 [main] DEBUG org.dbunit.util.search.DepthFirstSearch  - Adding node SCOPEDCONTENTCONDITIONS_SCOPEDCONTENT to the final result
194000 [main] DEBUG org.dbunit.util.search.DepthFirstSearch  - reverseSearch:SCOPEDCONTENT
194000 [main] DEBUG org.dbunit.database.search.ImportedKeysSearchCallback  - searchNode(node=SCOPEDCONTENT) - start
194000 [main] DEBUG org.dbunit.util.search.DepthFirstSearch  - Pushing (reverse) SCOPEDCONTENT
194000 [main] DEBUG org.dbunit.database.search.ImportedKeysSearchCallback  - getEdges(node=SCOPEDCONTENT) - start
194001 [main] DEBUG org.dbunit.database.search.AbstractMetaDataBasedSearchCallback  - getNodesFromImportedKeys(node=SCOPEDCONTENT) - start
194001 [main] DEBUG org.dbunit.database.search.AbstractMetaDataBasedSearchCallback  - getNodes(type=0, node=SCOPEDCONTENT) - start
194001 [main] DEBUG org.dbunit.database.DatabaseDataSourceConnection  - getConnection() - start
194001 [main] DEBUG org.dbunit.database.search.AbstractMetaDataBasedSearchCallback  - getNodes(type=0, node=SCOPEDCONTENT, conn=Transaction-aware proxy for target Connection [jdbc:hsqldb:mem:kontrollDS, UserName=sw, HSQL Database Engine Driver], schema=null, metaData=org.apache.commons.dbcp.DelegatingDatabaseMetaData@db253e5, edges=[]) - start
194001 [main] DEBUG org.dbunit.database.search.AbstractMetaDataBasedSearchCallback  - Getting edges for node SCOPEDCONTENT
194001 [main] TRACE org.dbunit.database.DatabaseConfig  - getProperty(name=http://www.dbunit.org/properties/metadataHandler) - start
194001 [main] TRACE org.dbunit.database.DefaultMetadataHandler  - tableExists(metaData=org.apache.commons.dbcp.DelegatingDatabaseMetaData@db253e5, schemaName=null, tableName=SCOPEDCONTENT) - start
194002 [main] DEBUG org.dbunit.util.SQLHelper  - close(resultSet=org.apache.commons.dbcp.DelegatingResultSet@3f1e1384) - start
194002 [main] DEBUG org.dbunit.util.QualifiedTableName  - getQualifiedNameIfEnabled(config=org.dbunit.database.DatabaseConfig[, _propertyMap={http://www.dbunit.org/properties/statementFactory=org.dbunit.database.statement.PreparedStatementFactory@626bc2b8, http://www.dbunit.org/features/caseSensitiveTableNames=false, http://www.dbunit.org/properties/fetchSize=100, http://www.dbunit.org/features/batchedStatements=false, http://www.dbunit.org/properties/metadataHandler=org.dbunit.database.DefaultMetadataHandler@3eeace42, http://www.dbunit.org/properties/datatypeFactory=org.dbunit.dataset.datatype.DefaultDataTypeFactory[_toleratedDeltaMap=org.dbunit.dataset.datatype.ToleratedDeltaMap@6452310a], http://www.dbunit.org/properties/escapePattern=null, http://www.dbunit.org/properties/batchSize=100, http://www.dbunit.org/features/qualifiedTableNames=false, http://www.dbunit.org/properties/tableType=[Ljava.lang.String;@5011bafa, http://www.dbunit.org/properties/resultSetTableFactory=org.dbunit.database.CachedResultSetTableFactory@10bcf083, http://www.dbunit.org/features/datatypeWarning=true}]) - start
194002 [main] TRACE org.dbunit.database.DatabaseConfig  - getFeature(name=http://www.dbunit.org/features/qualifiedTableNames) - start
194002 [main] TRACE org.dbunit.database.DatabaseConfig  - getProperty(name=http://www.dbunit.org/features/qualifiedTableNames) - start
194002 [main] DEBUG org.dbunit.util.QualifiedTableName  - Qualified table names feature is disabled. Returning plain table name
194002 [main] DEBUG org.dbunit.util.QualifiedTableName  - getQualifiedName(prefix=null, name=SCOPEDCONTENT, escapePattern=null) - start
194002 [main] DEBUG org.dbunit.util.QualifiedTableName  - getQualifiedNameIfEnabled(config=org.dbunit.database.DatabaseConfig[, _propertyMap={http://www.dbunit.org/properties/statementFactory=org.dbunit.database.statement.PreparedStatementFactory@626bc2b8, http://www.dbunit.org/features/caseSensitiveTableNames=false, http://www.dbunit.org/properties/fetchSize=100, http://www.dbunit.org/features/batchedStatements=false, http://www.dbunit.org/properties/metadataHandler=org.dbunit.database.DefaultMetadataHandler@3eeace42, http://www.dbunit.org/properties/datatypeFactory=org.dbunit.dataset.datatype.DefaultDataTypeFactory[_toleratedDeltaMap=org.dbunit.dataset.datatype.ToleratedDeltaMap@6452310a], http://www.dbunit.org/properties/escapePattern=null, http://www.dbunit.org/properties/batchSize=100, http://www.dbunit.org/features/qualifiedTableNames=false, http://www.dbunit.org/properties/tableType=[Ljava.lang.String;@5011bafa, http://www.dbunit.org/properties/resultSetTableFactory=org.dbunit.database.CachedResultSetTableFactory@10bcf083, http://www.dbunit.org/features/datatypeWarning=true}]) - start
194003 [main] TRACE org.dbunit.database.DatabaseConfig  - getFeature(name=http://www.dbunit.org/features/qualifiedTableNames) - start
194003 [main] TRACE org.dbunit.database.DatabaseConfig  - getProperty(name=http://www.dbunit.org/features/qualifiedTableNames) - start
194003 [main] DEBUG org.dbunit.util.QualifiedTableName  - Qualified table names feature is disabled. Returning plain table name
194003 [main] DEBUG org.dbunit.util.QualifiedTableName  - getQualifiedName(prefix=null, name=SCOPE, escapePattern=null) - start
194003 [main] DEBUG org.dbunit.database.search.AbstractMetaDataBasedSearchCallback  - newEdge(rs=org.apache.commons.dbcp.DelegatingResultSet@5461ad0d, type=0, from=SCOPEDCONTENT, to=SCOPE, fkColumn=SCOPE, pkColumn=ID) - start
194003 [main] DEBUG org.dbunit.database.search.AbstractMetaDataBasedSearchCallback  - createFKEdge(rs=org.apache.commons.dbcp.DelegatingResultSet@5461ad0d, type=0, from=SCOPEDCONTENT, to=SCOPE, fkColumn=SCOPE, pkColumn=ID) - start
194003 [main] DEBUG org.dbunit.database.search.AbstractMetaDataBasedSearchCallback  - Adding edge SCOPEDCONTENT(SCOPE)->SCOPE(ID)
194003 [main] DEBUG org.dbunit.util.search.Edge  - compareTo(o=SCOPEDCONTENT(SCOPE)->SCOPE(ID)) - start
194003 [main] DEBUG org.dbunit.util.SQLHelper  - close(resultSet=org.apache.commons.dbcp.DelegatingResultSet@5461ad0d) - start
194003 [main] DEBUG org.dbunit.util.search.DepthFirstSearch  - reverseSearch:SCOPE
194003 [main] DEBUG org.dbunit.database.search.ImportedKeysSearchCallback  - searchNode(node=SCOPE) - start
194003 [main] DEBUG org.dbunit.util.search.DepthFirstSearch  - Pushing (reverse) SCOPE
194003 [main] DEBUG org.dbunit.database.search.ImportedKeysSearchCallback  - getEdges(node=SCOPE) - start
194003 [main] DEBUG org.dbunit.database.search.AbstractMetaDataBasedSearchCallback  - getNodesFromImportedKeys(node=SCOPE) - start
194003 [main] DEBUG org.dbunit.database.search.AbstractMetaDataBasedSearchCallback  - getNodes(type=0, node=SCOPE) - start
194003 [main] DEBUG org.dbunit.database.DatabaseDataSourceConnection  - getConnection() - start
194003 [main] DEBUG org.dbunit.database.search.AbstractMetaDataBasedSearchCallback  - getNodes(type=0, node=SCOPE, conn=Transaction-aware proxy for target Connection [jdbc:hsqldb:mem:kontrollDS, UserName=sw, HSQL Database Engine Driver], schema=null, metaData=org.apache.commons.dbcp.DelegatingDatabaseMetaData@58a85bc2, edges=[]) - start
194003 [main] DEBUG org.dbunit.database.search.AbstractMetaDataBasedSearchCallback  - Getting edges for node SCOPE
194003 [main] TRACE org.dbunit.database.DatabaseConfig  - getProperty(name=http://www.dbunit.org/properties/metadataHandler) - start
194003 [main] TRACE org.dbunit.database.DefaultMetadataHandler  - tableExists(metaData=org.apache.commons.dbcp.DelegatingDatabaseMetaData@58a85bc2, schemaName=null, tableName=SCOPE) - start
194004 [main] DEBUG org.dbunit.util.SQLHelper  - close(resultSet=org.apache.commons.dbcp.DelegatingResultSet@7b1dc366) - start
194005 [main] DEBUG org.dbunit.util.SQLHelper  - close(resultSet=org.apache.commons.dbcp.DelegatingResultSet@6cbfd5e6) - start
194005 [main] DEBUG org.dbunit.util.search.DepthFirstSearch  - reverseSearch:SCOPEDCONTENTCONDITION
194005 [main] DEBUG org.dbunit.database.search.ImportedKeysSearchCallback  - searchNode(node=SCOPEDCONTENTCONDITION) - start
194005 [main] DEBUG org.dbunit.util.search.DepthFirstSearch  - Pushing (reverse) SCOPEDCONTENTCONDITION
194005 [main] DEBUG org.dbunit.database.search.ImportedKeysSearchCallback  - getEdges(node=SCOPEDCONTENTCONDITION) - start
194005 [main] DEBUG org.dbunit.database.search.AbstractMetaDataBasedSearchCallback  - getNodesFromImportedKeys(node=SCOPEDCONTENTCONDITION) - start
194005 [main] DEBUG org.dbunit.database.search.AbstractMetaDataBasedSearchCallback  - getNodes(type=0, node=SCOPEDCONTENTCONDITION) - start
194005 [main] DEBUG org.dbunit.database.DatabaseDataSourceConnection  - getConnection() - start
194006 [main] DEBUG org.dbunit.database.search.AbstractMetaDataBasedSearchCallback  - getNodes(type=0, node=SCOPEDCONTENTCONDITION, conn=Transaction-aware proxy for target Connection [jdbc:hsqldb:mem:kontrollDS, UserName=sw, HSQL Database Engine Driver], schema=null, metaData=org.apache.commons.dbcp.DelegatingDatabaseMetaData@267426d1, edges=[]) - start
194006 [main] DEBUG org.dbunit.database.search.AbstractMetaDataBasedSearchCallback  - Getting edges for node SCOPEDCONTENTCONDITION
194006 [main] TRACE org.dbunit.database.DatabaseConfig  - getProperty(name=http://www.dbunit.org/properties/metadataHandler) - start
194006 [main] TRACE org.dbunit.database.DefaultMetadataHandler  - tableExists(metaData=org.apache.commons.dbcp.DelegatingDatabaseMetaData@267426d1, schemaName=null, tableName=SCOPEDCONTENTCONDITION) - start
194007 [main] DEBUG org.dbunit.util.SQLHelper  - close(resultSet=org.apache.commons.dbcp.DelegatingResultSet@be8c581) - start
194007 [main] DEBUG org.dbunit.util.SQLHelper  - close(resultSet=org.apache.commons.dbcp.DelegatingResultSet@1e482fc7) - start
194007 [main] DEBUG org.dbunit.util.search.DepthFirstSearch  - reverseSearch:SCOPEDCONTENTCONDITIONS_SCOPEDCONTENT
194007 [main] DEBUG org.dbunit.util.search.DepthFirstSearch  - already searched; returning true
194007 [main] DEBUG org.dbunit.util.search.DepthFirstSearch  - search:SCOPEDCONTENTCONDITIONS_SCOPEDCONTENT
194007 [main] DEBUG org.dbunit.util.search.DepthFirstSearch  - already searched; returning true
194007 [main] DEBUG org.dbunit.util.search.DepthFirstSearch  - search:SCOPEDCONTENT
194007 [main] DEBUG org.dbunit.util.search.DepthFirstSearch  - already searched; returning true
194007 [main] DEBUG org.dbunit.util.search.DepthFirstSearch  - search:SCOPE
194007 [main] DEBUG org.dbunit.util.search.DepthFirstSearch  - already searched; returning true
194007 [main] DEBUG org.dbunit.util.search.DepthFirstSearch  - search:SCOPEDCONTENTCONDITION
194007 [main] DEBUG org.dbunit.util.search.DepthFirstSearch  - already searched; returning true
194007 [main] DEBUG org.dbunit.util.CollectionsHelper  - setToStrings(set=[SCOPE, SCOPEDCONTENT, SCOPEDCONTENTCONDITION, SCOPEDCONTENTCONDITIONS_SCOPEDCONTENT]) - start
194008 [main] DEBUG org.dbunit.database.search.TablesDependencyHelper  - getDependsOnTables(connection=_databaseConfig=org.dbunit.database.DatabaseConfig[, _propertyMap={http://www.dbunit.org/properties/statementFactory=org.dbunit.database.statement.PreparedStatementFactory@626bc2b8, http://www.dbunit.org/features/caseSensitiveTableNames=false, http://www.dbunit.org/properties/fetchSize=100, http://www.dbunit.org/features/batchedStatements=false, http://www.dbunit.org/properties/metadataHandler=org.dbunit.database.DefaultMetadataHandler@3eeace42, http://www.dbunit.org/properties/datatypeFactory=org.dbunit.dataset.datatype.DefaultDataTypeFactory[_toleratedDeltaMap=org.dbunit.dataset.datatype.ToleratedDeltaMap@6452310a], http://www.dbunit.org/properties/escapePattern=null, http://www.dbunit.org/properties/batchSize=100, http://www.dbunit.org/features/qualifiedTableNames=false, http://www.dbunit.org/properties/tableType=[Ljava.lang.String;@5011bafa, http://www.dbunit.org/properties/resultSetTableFactory=org.dbunit.database.CachedResultSetTableFactory@10bcf083, http://www.dbunit.org/features/datatypeWarning=true}], _dataSet=AbstractDataSet[_orderedTableNameMap=null], rootTable=SCOPEDCONTENTCONDITIONS_SCOPEDCONTENT) - start
194008 [main] DEBUG org.dbunit.util.search.DepthFirstSearch  - search(nodesFrom=[SCOPEDCONTENTCONDITIONS_SCOPEDCONTENT], callback=org.dbunit.database.search.ExportedKeysSearchCallback@411dc4f1) - start
194008 [main] DEBUG org.dbunit.util.CollectionsHelper  - objectsToSet(objects=SCOPEDCONTENTCONDITIONS_SCOPEDCONTENT) - start
194008 [main] DEBUG org.dbunit.util.search.DepthFirstSearch  - search(nodesFrom=[SCOPEDCONTENTCONDITIONS_SCOPEDCONTENT], callback=org.dbunit.database.search.ExportedKeysSearchCallback@411dc4f1) - start
194008 [main] DEBUG org.dbunit.util.search.DepthFirstSearch  - reverseSearch:SCOPEDCONTENTCONDITIONS_SCOPEDCONTENT
194008 [main] DEBUG org.dbunit.database.search.ExportedKeysSearchCallback  - searchNode(node=SCOPEDCONTENTCONDITIONS_SCOPEDCONTENT) - start
194008 [main] DEBUG org.dbunit.util.search.DepthFirstSearch  - Pushing (reverse) SCOPEDCONTENTCONDITIONS_SCOPEDCONTENT
194008 [main] DEBUG org.dbunit.database.search.ExportedKeysSearchCallback  - getEdges(node=SCOPEDCONTENTCONDITIONS_SCOPEDCONTENT) - start
194008 [main] DEBUG org.dbunit.database.search.AbstractMetaDataBasedSearchCallback  - getNodesFromExportedKeys(node=SCOPEDCONTENTCONDITIONS_SCOPEDCONTENT) - start
194008 [main] DEBUG org.dbunit.database.search.AbstractMetaDataBasedSearchCallback  - getNodes(type=1, node=SCOPEDCONTENTCONDITIONS_SCOPEDCONTENT) - start
194008 [main] DEBUG org.dbunit.database.DatabaseDataSourceConnection  - getConnection() - start
194008 [main] DEBUG org.dbunit.database.search.AbstractMetaDataBasedSearchCallback  - getNodes(type=1, node=SCOPEDCONTENTCONDITIONS_SCOPEDCONTENT, conn=Transaction-aware proxy for target Connection [jdbc:hsqldb:mem:kontrollDS, UserName=sw, HSQL Database Engine Driver], schema=null, metaData=org.apache.commons.dbcp.DelegatingDatabaseMetaData@96ccb9d, edges=[]) - start
194008 [main] DEBUG org.dbunit.database.search.AbstractMetaDataBasedSearchCallback  - Getting edges for node SCOPEDCONTENTCONDITIONS_SCOPEDCONTENT
194008 [main] TRACE org.dbunit.database.DatabaseConfig  - getProperty(name=http://www.dbunit.org/properties/metadataHandler) - start
194008 [main] TRACE org.dbunit.database.DefaultMetadataHandler  - tableExists(metaData=org.apache.commons.dbcp.DelegatingDatabaseMetaData@96ccb9d, schemaName=null, tableName=SCOPEDCONTENTCONDITIONS_SCOPEDCONTENT) - start
194010 [main] DEBUG org.dbunit.util.SQLHelper  - close(resultSet=org.apache.commons.dbcp.DelegatingResultSet@c08a07c) - start
194010 [main] DEBUG org.dbunit.util.SQLHelper  - close(resultSet=org.apache.commons.dbcp.DelegatingResultSet@31b864c2) - start
194010 [main] DEBUG org.dbunit.util.search.DepthFirstSearch  - search:SCOPEDCONTENTCONDITIONS_SCOPEDCONTENT
194010 [main] DEBUG org.dbunit.database.search.ExportedKeysSearchCallback  - searchNode(node=SCOPEDCONTENTCONDITIONS_SCOPEDCONTENT) - start
194010 [main] DEBUG org.dbunit.util.search.DepthFirstSearch  - Pushing SCOPEDCONTENTCONDITIONS_SCOPEDCONTENT
194010 [main] DEBUG org.dbunit.database.search.ExportedKeysSearchCallback  - getEdges(node=SCOPEDCONTENTCONDITIONS_SCOPEDCONTENT) - start
194010 [main] DEBUG org.dbunit.database.search.AbstractMetaDataBasedSearchCallback  - getNodesFromExportedKeys(node=SCOPEDCONTENTCONDITIONS_SCOPEDCONTENT) - start
194010 [main] DEBUG org.dbunit.database.search.AbstractMetaDataBasedSearchCallback  - getNodes(type=1, node=SCOPEDCONTENTCONDITIONS_SCOPEDCONTENT) - start
194010 [main] DEBUG org.dbunit.database.DatabaseDataSourceConnection  - getConnection() - start
194010 [main] DEBUG org.dbunit.database.search.AbstractMetaDataBasedSearchCallback  - getNodes(type=1, node=SCOPEDCONTENTCONDITIONS_SCOPEDCONTENT, conn=Transaction-aware proxy for target Connection [jdbc:hsqldb:mem:kontrollDS, UserName=sw, HSQL Database Engine Driver], schema=null, metaData=org.apache.commons.dbcp.DelegatingDatabaseMetaData@40df160e, edges=[]) - start
194010 [main] DEBUG org.dbunit.database.search.AbstractMetaDataBasedSearchCallback  - Getting edges for node SCOPEDCONTENTCONDITIONS_SCOPEDCONTENT
194010 [main] TRACE org.dbunit.database.DatabaseConfig  - getProperty(name=http://www.dbunit.org/properties/metadataHandler) - start
194010 [main] TRACE org.dbunit.database.DefaultMetadataHandler  - tableExists(metaData=org.apache.commons.dbcp.DelegatingDatabaseMetaData@40df160e, schemaName=null, tableName=SCOPEDCONTENTCONDITIONS_SCOPEDCONTENT) - start
194011 [main] DEBUG org.dbunit.util.SQLHelper  - close(resultSet=org.apache.commons.dbcp.DelegatingResultSet@753f64c7) - start
194012 [main] DEBUG org.dbunit.util.SQLHelper  - close(resultSet=org.apache.commons.dbcp.DelegatingResultSet@7b491de9) - start
194012 [main] DEBUG org.dbunit.util.search.DepthFirstSearch  - Adding node SCOPEDCONTENTCONDITIONS_SCOPEDCONTENT to the final result
194012 [main] DEBUG org.dbunit.util.CollectionsHelper  - setToStrings(set=[SCOPEDCONTENTCONDITIONS_SCOPEDCONTENT]) - start
194012 [main] DEBUG org.dbunit.database.search.TablesDependencyHelper  - getDirectDependsOnTables(connection=_databaseConfig=org.dbunit.database.DatabaseConfig[, _propertyMap={http://www.dbunit.org/properties/statementFactory=org.dbunit.database.statement.PreparedStatementFactory@626bc2b8, http://www.dbunit.org/features/caseSensitiveTableNames=false, http://www.dbunit.org/properties/fetchSize=100, http://www.dbunit.org/features/batchedStatements=false, http://www.dbunit.org/properties/metadataHandler=org.dbunit.database.DefaultMetadataHandler@3eeace42, http://www.dbunit.org/properties/datatypeFactory=org.dbunit.dataset.datatype.DefaultDataTypeFactory[_toleratedDeltaMap=org.dbunit.dataset.datatype.ToleratedDeltaMap@6452310a], http://www.dbunit.org/properties/escapePattern=null, http://www.dbunit.org/properties/batchSize=100, http://www.dbunit.org/features/qualifiedTableNames=false, http://www.dbunit.org/properties/tableType=[Ljava.lang.String;@5011bafa, http://www.dbunit.org/properties/resultSetTableFactory=org.dbunit.database.CachedResultSetTableFactory@10bcf083, http://www.dbunit.org/features/datatypeWarning=true}], _dataSet=AbstractDataSet[_orderedTableNameMap=null], tableName=SCOPEDCONTENTCONDITIONS_SCOPEDCONTENT) - start
194012 [main] DEBUG org.dbunit.util.search.DepthFirstSearch  - search(nodesFrom=[SCOPEDCONTENTCONDITIONS_SCOPEDCONTENT], callback=org.dbunit.database.search.ExportedKeysSearchCallback@41996d19) - start
194012 [main] DEBUG org.dbunit.util.CollectionsHelper  - objectsToSet(objects=SCOPEDCONTENTCONDITIONS_SCOPEDCONTENT) - start
194012 [main] DEBUG org.dbunit.util.search.DepthFirstSearch  - search(nodesFrom=[SCOPEDCONTENTCONDITIONS_SCOPEDCONTENT], callback=org.dbunit.database.search.ExportedKeysSearchCallback@41996d19) - start
194012 [main] DEBUG org.dbunit.util.search.DepthFirstSearch  - reverseSearch:SCOPEDCONTENTCONDITIONS_SCOPEDCONTENT
194012 [main] DEBUG org.dbunit.database.search.ExportedKeysSearchCallback  - searchNode(node=SCOPEDCONTENTCONDITIONS_SCOPEDCONTENT) - start
194012 [main] DEBUG org.dbunit.util.search.DepthFirstSearch  - Pushing (reverse) SCOPEDCONTENTCONDITIONS_SCOPEDCONTENT
194012 [main] DEBUG org.dbunit.database.search.ExportedKeysSearchCallback  - getEdges(node=SCOPEDCONTENTCONDITIONS_SCOPEDCONTENT) - start
194012 [main] DEBUG org.dbunit.database.search.AbstractMetaDataBasedSearchCallback  - getNodesFromExportedKeys(node=SCOPEDCONTENTCONDITIONS_SCOPEDCONTENT) - start
194012 [main] DEBUG org.dbunit.database.search.AbstractMetaDataBasedSearchCallback  - getNodes(type=1, node=SCOPEDCONTENTCONDITIONS_SCOPEDCONTENT) - start
194012 [main] DEBUG org.dbunit.database.DatabaseDataSourceConnection  - getConnection() - start
194012 [main] DEBUG org.dbunit.database.search.AbstractMetaDataBasedSearchCallback  - getNodes(type=1, node=SCOPEDCONTENTCONDITIONS_SCOPEDCONTENT, conn=Transaction-aware proxy for target Connection [jdbc:hsqldb:mem:kontrollDS, UserName=sw, HSQL Database Engine Driver], schema=null, metaData=org.apache.commons.dbcp.DelegatingDatabaseMetaData@3fc9a5f4, edges=[]) - start
194013 [main] DEBUG org.dbunit.database.search.AbstractMetaDataBasedSearchCallback  - Getting edges for node SCOPEDCONTENTCONDITIONS_SCOPEDCONTENT
194013 [main] TRACE org.dbunit.database.DatabaseConfig  - getProperty(name=http://www.dbunit.org/properties/metadataHandler) - start
194013 [main] TRACE org.dbunit.database.DefaultMetadataHandler  - tableExists(metaData=org.apache.commons.dbcp.DelegatingDatabaseMetaData@3fc9a5f4, schemaName=null, tableName=SCOPEDCONTENTCONDITIONS_SCOPEDCONTENT) - start
194014 [main] DEBUG org.dbunit.util.SQLHelper  - close(resultSet=org.apache.commons.dbcp.DelegatingResultSet@3eca79f3) - start
194014 [main] DEBUG org.dbunit.util.SQLHelper  - close(resultSet=org.apache.commons.dbcp.DelegatingResultSet@25a2426f) - start
194014 [main] DEBUG org.dbunit.util.search.DepthFirstSearch  - search:SCOPEDCONTENTCONDITIONS_SCOPEDCONTENT
194014 [main] DEBUG org.dbunit.database.search.ExportedKeysSearchCallback  - searchNode(node=SCOPEDCONTENTCONDITIONS_SCOPEDCONTENT) - start
194014 [main] DEBUG org.dbunit.util.search.DepthFirstSearch  - Pushing SCOPEDCONTENTCONDITIONS_SCOPEDCONTENT
194014 [main] DEBUG org.dbunit.database.search.ExportedKeysSearchCallback  - getEdges(node=SCOPEDCONTENTCONDITIONS_SCOPEDCONTENT) - start
194014 [main] DEBUG org.dbunit.database.search.AbstractMetaDataBasedSearchCallback  - getNodesFromExportedKeys(node=SCOPEDCONTENTCONDITIONS_SCOPEDCONTENT) - start
194014 [main] DEBUG org.dbunit.database.search.AbstractMetaDataBasedSearchCallback  - getNodes(type=1, node=SCOPEDCONTENTCONDITIONS_SCOPEDCONTENT) - start
194014 [main] DEBUG org.dbunit.database.DatabaseDataSourceConnection  - getConnection() - start
194014 [main] DEBUG org.dbunit.database.search.AbstractMetaDataBasedSearchCallback  - getNodes(type=1, node=SCOPEDCONTENTCONDITIONS_SCOPEDCONTENT, conn=Transaction-aware proxy for target Connection [jdbc:hsqldb:mem:kontrollDS, UserName=sw, HSQL Database Engine Driver], schema=null, metaData=org.apache.commons.dbcp.DelegatingDatabaseMetaData@3fb798b6, edges=[]) - start
194014 [main] DEBUG org.dbunit.database.search.AbstractMetaDataBasedSearchCallback  - Getting edges for node SCOPEDCONTENTCONDITIONS_SCOPEDCONTENT
194014 [main] TRACE org.dbunit.database.DatabaseConfig  - getProperty(name=http://www.dbunit.org/properties/metadataHandler) - start
194014 [main] TRACE org.dbunit.database.DefaultMetadataHandler  - tableExists(metaData=org.apache.commons.dbcp.DelegatingDatabaseMetaData@3fb798b6, schemaName=null, tableName=SCOPEDCONTENTCONDITIONS_SCOPEDCONTENT) - start
194015 [main] DEBUG org.dbunit.util.SQLHelper  - close(resultSet=org.apache.commons.dbcp.DelegatingResultSet@24f596b7) - start
194015 [main] DEBUG org.dbunit.util.SQLHelper  - close(resultSet=org.apache.commons.dbcp.DelegatingResultSet@612ee6ba) - start
194015 [main] DEBUG org.dbunit.util.search.DepthFirstSearch  - Adding node SCOPEDCONTENTCONDITIONS_SCOPEDCONTENT to the final result
194016 [main] DEBUG org.dbunit.database.search.TablesDependencyHelper  - getDirectDependentTables(connection=_databaseConfig=org.dbunit.database.DatabaseConfig[, _propertyMap={http://www.dbunit.org/properties/statementFactory=org.dbunit.database.statement.PreparedStatementFactory@626bc2b8, http://www.dbunit.org/features/caseSensitiveTableNames=false, http://www.dbunit.org/properties/fetchSize=100, http://www.dbunit.org/features/batchedStatements=false, http://www.dbunit.org/properties/metadataHandler=org.dbunit.database.DefaultMetadataHandler@3eeace42, http://www.dbunit.org/properties/datatypeFactory=org.dbunit.dataset.datatype.DefaultDataTypeFactory[_toleratedDeltaMap=org.dbunit.dataset.datatype.ToleratedDeltaMap@6452310a], http://www.dbunit.org/properties/escapePattern=null, http://www.dbunit.org/properties/batchSize=100, http://www.dbunit.org/features/qualifiedTableNames=false, http://www.dbunit.org/properties/tableType=[Ljava.lang.String;@5011bafa, http://www.dbunit.org/properties/resultSetTableFactory=org.dbunit.database.CachedResultSetTableFactory@10bcf083, http://www.dbunit.org/features/datatypeWarning=true}], _dataSet=AbstractDataSet[_orderedTableNameMap=null], tableName=SCOPEDCONTENTCONDITIONS_SCOPEDCONTENT) - start
194016 [main] DEBUG org.dbunit.util.search.DepthFirstSearch  - search(nodesFrom=[SCOPEDCONTENTCONDITIONS_SCOPEDCONTENT], callback=org.dbunit.database.search.ImportedKeysSearchCallback@29b1dd1b) - start
194016 [main] DEBUG org.dbunit.util.CollectionsHelper  - objectsToSet(objects=SCOPEDCONTENTCONDITIONS_SCOPEDCONTENT) - start
194016 [main] DEBUG org.dbunit.util.search.DepthFirstSearch  - search(nodesFrom=[SCOPEDCONTENTCONDITIONS_SCOPEDCONTENT], callback=org.dbunit.database.search.ImportedKeysSearchCallback@29b1dd1b) - start
194016 [main] DEBUG org.dbunit.util.search.DepthFirstSearch  - reverseSearch:SCOPEDCONTENTCONDITIONS_SCOPEDCONTENT
194016 [main] DEBUG org.dbunit.database.search.ImportedKeysSearchCallback  - searchNode(node=SCOPEDCONTENTCONDITIONS_SCOPEDCONTENT) - start
194016 [main] DEBUG org.dbunit.util.search.DepthFirstSearch  - Pushing (reverse) SCOPEDCONTENTCONDITIONS_SCOPEDCONTENT
194016 [main] DEBUG org.dbunit.database.search.ImportedKeysSearchCallback  - getEdges(node=SCOPEDCONTENTCONDITIONS_SCOPEDCONTENT) - start
194016 [main] DEBUG org.dbunit.database.search.AbstractMetaDataBasedSearchCallback  - getNodesFromImportedKeys(node=SCOPEDCONTENTCONDITIONS_SCOPEDCONTENT) - start
194016 [main] DEBUG org.dbunit.database.search.AbstractMetaDataBasedSearchCallback  - getNodes(type=0, node=SCOPEDCONTENTCONDITIONS_SCOPEDCONTENT) - start
194016 [main] DEBUG org.dbunit.database.DatabaseDataSourceConnection  - getConnection() - start
194016 [main] DEBUG org.dbunit.database.search.AbstractMetaDataBasedSearchCallback  - getNodes(type=0, node=SCOPEDCONTENTCONDITIONS_SCOPEDCONTENT, conn=Transaction-aware proxy for target Connection [jdbc:hsqldb:mem:kontrollDS, UserName=sw, HSQL Database Engine Driver], schema=null, metaData=org.apache.commons.dbcp.DelegatingDatabaseMetaData@5c2b2cff, edges=[]) - start
194016 [main] DEBUG org.dbunit.database.search.AbstractMetaDataBasedSearchCallback  - Getting edges for node SCOPEDCONTENTCONDITIONS_SCOPEDCONTENT
194016 [main] TRACE org.dbunit.database.DatabaseConfig  - getProperty(name=http://www.dbunit.org/properties/metadataHandler) - start
194016 [main] TRACE org.dbunit.database.DefaultMetadataHandler  - tableExists(metaData=org.apache.commons.dbcp.DelegatingDatabaseMetaData@5c2b2cff, schemaName=null, tableName=SCOPEDCONTENTCONDITIONS_SCOPEDCONTENT) - start
194017 [main] DEBUG org.dbunit.util.SQLHelper  - close(resultSet=org.apache.commons.dbcp.DelegatingResultSet@2620ca4f) - start
194018 [main] DEBUG org.dbunit.util.QualifiedTableName  - getQualifiedNameIfEnabled(config=org.dbunit.database.DatabaseConfig[, _propertyMap={http://www.dbunit.org/properties/statementFactory=org.dbunit.database.statement.PreparedStatementFactory@626bc2b8, http://www.dbunit.org/features/caseSensitiveTableNames=false, http://www.dbunit.org/properties/fetchSize=100, http://www.dbunit.org/features/batchedStatements=false, http://www.dbunit.org/properties/metadataHandler=org.dbunit.database.DefaultMetadataHandler@3eeace42, http://www.dbunit.org/properties/datatypeFactory=org.dbunit.dataset.datatype.DefaultDataTypeFactory[_toleratedDeltaMap=org.dbunit.dataset.datatype.ToleratedDeltaMap@6452310a], http://www.dbunit.org/properties/escapePattern=null, http://www.dbunit.org/properties/batchSize=100, http://www.dbunit.org/features/qualifiedTableNames=false, http://www.dbunit.org/properties/tableType=[Ljava.lang.String;@5011bafa, http://www.dbunit.org/properties/resultSetTableFactory=org.dbunit.database.CachedResultSetTableFactory@10bcf083, http://www.dbunit.org/features/datatypeWarning=true}]) - start
194018 [main] TRACE org.dbunit.database.DatabaseConfig  - getFeature(name=http://www.dbunit.org/features/qualifiedTableNames) - start
194018 [main] TRACE org.dbunit.database.DatabaseConfig  - getProperty(name=http://www.dbunit.org/features/qualifiedTableNames) - start
194020 [main] DEBUG org.dbunit.util.QualifiedTableName  - Qualified table names feature is disabled. Returning plain table name
194020 [main] DEBUG org.dbunit.util.QualifiedTableName  - getQualifiedName(prefix=null, name=SCOPEDCONTENTCONDITIONS_SCOPEDCONTENT, escapePattern=null) - start
194020 [main] DEBUG org.dbunit.util.QualifiedTableName  - getQualifiedNameIfEnabled(config=org.dbunit.database.DatabaseConfig[, _propertyMap={http://www.dbunit.org/properties/statementFactory=org.dbunit.database.statement.PreparedStatementFactory@626bc2b8, http://www.dbunit.org/features/caseSensitiveTableNames=false, http://www.dbunit.org/properties/fetchSize=100, http://www.dbunit.org/features/batchedStatements=false, http://www.dbunit.org/properties/metadataHandler=org.dbunit.database.DefaultMetadataHandler@3eeace42, http://www.dbunit.org/properties/datatypeFactory=org.dbunit.dataset.datatype.DefaultDataTypeFactory[_toleratedDeltaMap=org.dbunit.dataset.datatype.ToleratedDeltaMap@6452310a], http://www.dbunit.org/properties/escapePattern=null, http://www.dbunit.org/properties/batchSize=100, http://www.dbunit.org/features/qualifiedTableNames=false, http://www.dbunit.org/properties/tableType=[Ljava.lang.String;@5011bafa, http://www.dbunit.org/properties/resultSetTableFactory=org.dbunit.database.CachedResultSetTableFactory@10bcf083, http://www.dbunit.org/features/datatypeWarning=true}]) - start
194020 [main] TRACE org.dbunit.database.DatabaseConfig  - getFeature(name=http://www.dbunit.org/features/qualifiedTableNames) - start
194020 [main] TRACE org.dbunit.database.DatabaseConfig  - getProperty(name=http://www.dbunit.org/features/qualifiedTableNames) - start
194020 [main] DEBUG org.dbunit.util.QualifiedTableName  - Qualified table names feature is disabled. Returning plain table name
194020 [main] DEBUG org.dbunit.util.QualifiedTableName  - getQualifiedName(prefix=null, name=SCOPEDCONTENT, escapePattern=null) - start
194020 [main] DEBUG org.dbunit.database.search.AbstractMetaDataBasedSearchCallback  - newEdge(rs=org.apache.commons.dbcp.DelegatingResultSet@65c24409, type=0, from=SCOPEDCONTENTCONDITIONS_SCOPEDCONTENT, to=SCOPEDCONTENT, fkColumn=SCOPED_CONTENT_ID, pkColumn=ID) - start
194020 [main] DEBUG org.dbunit.database.search.AbstractMetaDataBasedSearchCallback  - createFKEdge(rs=org.apache.commons.dbcp.DelegatingResultSet@65c24409, type=0, from=SCOPEDCONTENTCONDITIONS_SCOPEDCONTENT, to=SCOPEDCONTENT, fkColumn=SCOPED_CONTENT_ID, pkColumn=ID) - start
194020 [main] DEBUG org.dbunit.database.search.AbstractMetaDataBasedSearchCallback  - Adding edge SCOPEDCONTENTCONDITIONS_SCOPEDCONTENT(SCOPED_CONTENT_ID)->SCOPEDCONTENT(ID)
194020 [main] DEBUG org.dbunit.util.search.Edge  - compareTo(o=SCOPEDCONTENTCONDITIONS_SCOPEDCONTENT(SCOPED_CONTENT_ID)->SCOPEDCONTENT(ID)) - start
194020 [main] DEBUG org.dbunit.util.QualifiedTableName  - getQualifiedNameIfEnabled(config=org.dbunit.database.DatabaseConfig[, _propertyMap={http://www.dbunit.org/properties/statementFactory=org.dbunit.database.statement.PreparedStatementFactory@626bc2b8, http://www.dbunit.org/features/caseSensitiveTableNames=false, http://www.dbunit.org/properties/fetchSize=100, http://www.dbunit.org/features/batchedStatements=false, http://www.dbunit.org/properties/metadataHandler=org.dbunit.database.DefaultMetadataHandler@3eeace42, http://www.dbunit.org/properties/datatypeFactory=org.dbunit.dataset.datatype.DefaultDataTypeFactory[_toleratedDeltaMap=org.dbunit.dataset.datatype.ToleratedDeltaMap@6452310a], http://www.dbunit.org/properties/escapePattern=null, http://www.dbunit.org/properties/batchSize=100, http://www.dbunit.org/features/qualifiedTableNames=false, http://www.dbunit.org/properties/tableType=[Ljava.lang.String;@5011bafa, http://www.dbunit.org/properties/resultSetTableFactory=org.dbunit.database.CachedResultSetTableFactory@10bcf083, http://www.dbunit.org/features/datatypeWarning=true}]) - start
194020 [main] TRACE org.dbunit.database.DatabaseConfig  - getFeature(name=http://www.dbunit.org/features/qualifiedTableNames) - start
194020 [main] TRACE org.dbunit.database.DatabaseConfig  - getProperty(name=http://www.dbunit.org/features/qualifiedTableNames) - start
194021 [main] DEBUG org.dbunit.util.QualifiedTableName  - Qualified table names feature is disabled. Returning plain table name
194021 [main] DEBUG org.dbunit.util.QualifiedTableName  - getQualifiedName(prefix=null, name=SCOPEDCONTENTCONDITIONS_SCOPEDCONTENT, escapePattern=null) - start
194021 [main] DEBUG org.dbunit.util.QualifiedTableName  - getQualifiedNameIfEnabled(config=org.dbunit.database.DatabaseConfig[, _propertyMap={http://www.dbunit.org/properties/statementFactory=org.dbunit.database.statement.PreparedStatementFactory@626bc2b8, http://www.dbunit.org/features/caseSensitiveTableNames=false, http://www.dbunit.org/properties/fetchSize=100, http://www.dbunit.org/features/batchedStatements=false, http://www.dbunit.org/properties/metadataHandler=org.dbunit.database.DefaultMetadataHandler@3eeace42, http://www.dbunit.org/properties/datatypeFactory=org.dbunit.dataset.datatype.DefaultDataTypeFactory[_toleratedDeltaMap=org.dbunit.dataset.datatype.ToleratedDeltaMap@6452310a], http://www.dbunit.org/properties/escapePattern=null, http://www.dbunit.org/properties/batchSize=100, http://www.dbunit.org/features/qualifiedTableNames=false, http://www.dbunit.org/properties/tableType=[Ljava.lang.String;@5011bafa, http://www.dbunit.org/properties/resultSetTableFactory=org.dbunit.database.CachedResultSetTableFactory@10bcf083, http://www.dbunit.org/features/datatypeWarning=true}]) - start
194021 [main] TRACE org.dbunit.database.DatabaseConfig  - getFeature(name=http://www.dbunit.org/features/qualifiedTableNames) - start
194021 [main] TRACE org.dbunit.database.DatabaseConfig  - getProperty(name=http://www.dbunit.org/features/qualifiedTableNames) - start
194021 [main] DEBUG org.dbunit.util.QualifiedTableName  - Qualified table names feature is disabled. Returning plain table name
194021 [main] DEBUG org.dbunit.util.QualifiedTableName  - getQualifiedName(prefix=null, name=SCOPEDCONTENTCONDITION, escapePattern=null) - start
194021 [main] DEBUG org.dbunit.database.search.AbstractMetaDataBasedSearchCallback  - newEdge(rs=org.apache.commons.dbcp.DelegatingResultSet@65c24409, type=0, from=SCOPEDCONTENTCONDITIONS_SCOPEDCONTENT, to=SCOPEDCONTENTCONDITION, fkColumn=SCOPED_CONTENT_CONDITION_ID, pkColumn=ID) - start
194021 [main] DEBUG org.dbunit.database.search.AbstractMetaDataBasedSearchCallback  - createFKEdge(rs=org.apache.commons.dbcp.DelegatingResultSet@65c24409, type=0, from=SCOPEDCONTENTCONDITIONS_SCOPEDCONTENT, to=SCOPEDCONTENTCONDITION, fkColumn=SCOPED_CONTENT_CONDITION_ID, pkColumn=ID) - start
194021 [main] DEBUG org.dbunit.database.search.AbstractMetaDataBasedSearchCallback  - Adding edge SCOPEDCONTENTCONDITIONS_SCOPEDCONTENT(SCOPED_CONTENT_CONDITION_ID)->SCOPEDCONTENTCONDITION(ID)
194021 [main] DEBUG org.dbunit.util.search.Edge  - compareTo(o=SCOPEDCONTENTCONDITIONS_SCOPEDCONTENT(SCOPED_CONTENT_ID)->SCOPEDCONTENT(ID)) - start
194021 [main] DEBUG org.dbunit.util.SQLHelper  - close(resultSet=org.apache.commons.dbcp.DelegatingResultSet@65c24409) - start
194021 [main] DEBUG org.dbunit.util.search.DepthFirstSearch  - search:SCOPEDCONTENTCONDITIONS_SCOPEDCONTENT
194021 [main] DEBUG org.dbunit.database.search.ImportedKeysSearchCallback  - searchNode(node=SCOPEDCONTENTCONDITIONS_SCOPEDCONTENT) - start
194021 [main] DEBUG org.dbunit.util.search.DepthFirstSearch  - Pushing SCOPEDCONTENTCONDITIONS_SCOPEDCONTENT
194021 [main] DEBUG org.dbunit.database.search.ImportedKeysSearchCallback  - getEdges(node=SCOPEDCONTENTCONDITIONS_SCOPEDCONTENT) - start
194021 [main] DEBUG org.dbunit.database.search.AbstractMetaDataBasedSearchCallback  - getNodesFromImportedKeys(node=SCOPEDCONTENTCONDITIONS_SCOPEDCONTENT) - start
194021 [main] DEBUG org.dbunit.database.search.AbstractMetaDataBasedSearchCallback  - getNodes(type=0, node=SCOPEDCONTENTCONDITIONS_SCOPEDCONTENT) - start
194021 [main] DEBUG org.dbunit.database.DatabaseDataSourceConnection  - getConnection() - start
194021 [main] DEBUG org.dbunit.database.search.AbstractMetaDataBasedSearchCallback  - getNodes(type=0, node=SCOPEDCONTENTCONDITIONS_SCOPEDCONTENT, conn=Transaction-aware proxy for target Connection [jdbc:hsqldb:mem:kontrollDS, UserName=sw, HSQL Database Engine Driver], schema=null, metaData=org.apache.commons.dbcp.DelegatingDatabaseMetaData@3500df10, edges=[]) - start
194021 [main] DEBUG org.dbunit.database.search.AbstractMetaDataBasedSearchCallback  - Getting edges for node SCOPEDCONTENTCONDITIONS_SCOPEDCONTENT
194021 [main] TRACE org.dbunit.database.DatabaseConfig  - getProperty(name=http://www.dbunit.org/properties/metadataHandler) - start
194022 [main] TRACE org.dbunit.database.DefaultMetadataHandler  - tableExists(metaData=org.apache.commons.dbcp.DelegatingDatabaseMetaData@3500df10, schemaName=null, tableName=SCOPEDCONTENTCONDITIONS_SCOPEDCONTENT) - start
194023 [main] DEBUG org.dbunit.util.SQLHelper  - close(resultSet=org.apache.commons.dbcp.DelegatingResultSet@16b46fcf) - start
194023 [main] DEBUG org.dbunit.util.QualifiedTableName  - getQualifiedNameIfEnabled(config=org.dbunit.database.DatabaseConfig[, _propertyMap={http://www.dbunit.org/properties/statementFactory=org.dbunit.database.statement.PreparedStatementFactory@626bc2b8, http://www.dbunit.org/features/caseSensitiveTableNames=false, http://www.dbunit.org/properties/fetchSize=100, http://www.dbunit.org/features/batchedStatements=false, http://www.dbunit.org/properties/metadataHandler=org.dbunit.database.DefaultMetadataHandler@3eeace42, http://www.dbunit.org/properties/datatypeFactory=org.dbunit.dataset.datatype.DefaultDataTypeFactory[_toleratedDeltaMap=org.dbunit.dataset.datatype.ToleratedDeltaMap@6452310a], http://www.dbunit.org/properties/escapePattern=null, http://www.dbunit.org/properties/batchSize=100, http://www.dbunit.org/features/qualifiedTableNames=false, http://www.dbunit.org/properties/tableType=[Ljava.lang.String;@5011bafa, http://www.dbunit.org/properties/resultSetTableFactory=org.dbunit.database.CachedResultSetTableFactory@10bcf083, http://www.dbunit.org/features/datatypeWarning=true}]) - start
194023 [main] TRACE org.dbunit.database.DatabaseConfig  - getFeature(name=http://www.dbunit.org/features/qualifiedTableNames) - start
194023 [main] TRACE org.dbunit.database.DatabaseConfig  - getProperty(name=http://www.dbunit.org/features/qualifiedTableNames) - start
194023 [main] DEBUG org.dbunit.util.QualifiedTableName  - Qualified table names feature is disabled. Returning plain table name
194023 [main] DEBUG org.dbunit.util.QualifiedTableName  - getQualifiedName(prefix=null, name=SCOPEDCONTENTCONDITIONS_SCOPEDCONTENT, escapePattern=null) - start
194023 [main] DEBUG org.dbunit.util.QualifiedTableName  - getQualifiedNameIfEnabled(config=org.dbunit.database.DatabaseConfig[, _propertyMap={http://www.dbunit.org/properties/statementFactory=org.dbunit.database.statement.PreparedStatementFactory@626bc2b8, http://www.dbunit.org/features/caseSensitiveTableNames=false, http://www.dbunit.org/properties/fetchSize=100, http://www.dbunit.org/features/batchedStatements=false, http://www.dbunit.org/properties/metadataHandler=org.dbunit.database.DefaultMetadataHandler@3eeace42, http://www.dbunit.org/properties/datatypeFactory=org.dbunit.dataset.datatype.DefaultDataTypeFactory[_toleratedDeltaMap=org.dbunit.dataset.datatype.ToleratedDeltaMap@6452310a], http://www.dbunit.org/properties/escapePattern=null, http://www.dbunit.org/properties/batchSize=100, http://www.dbunit.org/features/qualifiedTableNames=false, http://www.dbunit.org/properties/tableType=[Ljava.lang.String;@5011bafa, http://www.dbunit.org/properties/resultSetTableFactory=org.dbunit.database.CachedResultSetTableFactory@10bcf083, http://www.dbunit.org/features/datatypeWarning=true}]) - start
194023 [main] TRACE org.dbunit.database.DatabaseConfig  - getFeature(name=http://www.dbunit.org/features/qualifiedTableNames) - start
194023 [main] TRACE org.dbunit.database.DatabaseConfig  - getProperty(name=http://www.dbunit.org/features/qualifiedTableNames) - start
194023 [main] DEBUG org.dbunit.util.QualifiedTableName  - Qualified table names feature is disabled. Returning plain table name
194023 [main] DEBUG org.dbunit.util.QualifiedTableName  - getQualifiedName(prefix=null, name=SCOPEDCONTENT, escapePattern=null) - start
194023 [main] DEBUG org.dbunit.database.search.AbstractMetaDataBasedSearchCallback  - newEdge(rs=org.apache.commons.dbcp.DelegatingResultSet@2b38b5f8, type=0, from=SCOPEDCONTENTCONDITIONS_SCOPEDCONTENT, to=SCOPEDCONTENT, fkColumn=SCOPED_CONTENT_ID, pkColumn=ID) - start
194024 [main] DEBUG org.dbunit.database.search.AbstractMetaDataBasedSearchCallback  - createFKEdge(rs=org.apache.commons.dbcp.DelegatingResultSet@2b38b5f8, type=0, from=SCOPEDCONTENTCONDITIONS_SCOPEDCONTENT, to=SCOPEDCONTENT, fkColumn=SCOPED_CONTENT_ID, pkColumn=ID) - start
194024 [main] DEBUG org.dbunit.database.search.AbstractMetaDataBasedSearchCallback  - Adding edge SCOPEDCONTENTCONDITIONS_SCOPEDCONTENT(SCOPED_CONTENT_ID)->SCOPEDCONTENT(ID)
194024 [main] DEBUG org.dbunit.util.search.Edge  - compareTo(o=SCOPEDCONTENTCONDITIONS_SCOPEDCONTENT(SCOPED_CONTENT_ID)->SCOPEDCONTENT(ID)) - start
194024 [main] DEBUG org.dbunit.util.QualifiedTableName  - getQualifiedNameIfEnabled(config=org.dbunit.database.DatabaseConfig[, _propertyMap={http://www.dbunit.org/properties/statementFactory=org.dbunit.database.statement.PreparedStatementFactory@626bc2b8, http://www.dbunit.org/features/caseSensitiveTableNames=false, http://www.dbunit.org/properties/fetchSize=100, http://www.dbunit.org/features/batchedStatements=false, http://www.dbunit.org/properties/metadataHandler=org.dbunit.database.DefaultMetadataHandler@3eeace42, http://www.dbunit.org/properties/datatypeFactory=org.dbunit.dataset.datatype.DefaultDataTypeFactory[_toleratedDeltaMap=org.dbunit.dataset.datatype.ToleratedDeltaMap@6452310a], http://www.dbunit.org/properties/escapePattern=null, http://www.dbunit.org/properties/batchSize=100, http://www.dbunit.org/features/qualifiedTableNames=false, http://www.dbunit.org/properties/tableType=[Ljava.lang.String;@5011bafa, http://www.dbunit.org/properties/resultSetTableFactory=org.dbunit.database.CachedResultSetTableFactory@10bcf083, http://www.dbunit.org/features/datatypeWarning=true}]) - start
194024 [main] TRACE org.dbunit.database.DatabaseConfig  - getFeature(name=http://www.dbunit.org/features/qualifiedTableNames) - start
194024 [main] TRACE org.dbunit.database.DatabaseConfig  - getProperty(name=http://www.dbunit.org/features/qualifiedTableNames) - start
194024 [main] DEBUG org.dbunit.util.QualifiedTableName  - Qualified table names feature is disabled. Returning plain table name
194024 [main] DEBUG org.dbunit.util.QualifiedTableName  - getQualifiedName(prefix=null, name=SCOPEDCONTENTCONDITIONS_SCOPEDCONTENT, escapePattern=null) - start
194024 [main] DEBUG org.dbunit.util.QualifiedTableName  - getQualifiedNameIfEnabled(config=org.dbunit.database.DatabaseConfig[, _propertyMap={http://www.dbunit.org/properties/statementFactory=org.dbunit.database.statement.PreparedStatementFactory@626bc2b8, http://www.dbunit.org/features/caseSensitiveTableNames=false, http://www.dbunit.org/properties/fetchSize=100, http://www.dbunit.org/features/batchedStatements=false, http://www.dbunit.org/properties/metadataHandler=org.dbunit.database.DefaultMetadataHandler@3eeace42, http://www.dbunit.org/properties/datatypeFactory=org.dbunit.dataset.datatype.DefaultDataTypeFactory[_toleratedDeltaMap=org.dbunit.dataset.datatype.ToleratedDeltaMap@6452310a], http://www.dbunit.org/properties/escapePattern=null, http://www.dbunit.org/properties/batchSize=100, http://www.dbunit.org/features/qualifiedTableNames=false, http://www.dbunit.org/properties/tableType=[Ljava.lang.String;@5011bafa, http://www.dbunit.org/properties/resultSetTableFactory=org.dbunit.database.CachedResultSetTableFactory@10bcf083, http://www.dbunit.org/features/datatypeWarning=true}]) - start
194025 [main] TRACE org.dbunit.database.DatabaseConfig  - getFeature(name=http://www.dbunit.org/features/qualifiedTableNames) - start
194025 [main] TRACE org.dbunit.database.DatabaseConfig  - getProperty(name=http://www.dbunit.org/features/qualifiedTableNames) - start
194025 [main] DEBUG org.dbunit.util.QualifiedTableName  - Qualified table names feature is disabled. Returning plain table name
194025 [main] DEBUG org.dbunit.util.QualifiedTableName  - getQualifiedName(prefix=null, name=SCOPEDCONTENTCONDITION, escapePattern=null) - start
194025 [main] DEBUG org.dbunit.database.search.AbstractMetaDataBasedSearchCallback  - newEdge(rs=org.apache.commons.dbcp.DelegatingResultSet@2b38b5f8, type=0, from=SCOPEDCONTENTCONDITIONS_SCOPEDCONTENT, to=SCOPEDCONTENTCONDITION, fkColumn=SCOPED_CONTENT_CONDITION_ID, pkColumn=ID) - start
194025 [main] DEBUG org.dbunit.database.search.AbstractMetaDataBasedSearchCallback  - createFKEdge(rs=org.apache.commons.dbcp.DelegatingResultSet@2b38b5f8, type=0, from=SCOPEDCONTENTCONDITIONS_SCOPEDCONTENT, to=SCOPEDCONTENTCONDITION, fkColumn=SCOPED_CONTENT_CONDITION_ID, pkColumn=ID) - start
194025 [main] DEBUG org.dbunit.database.search.AbstractMetaDataBasedSearchCallback  - Adding edge SCOPEDCONTENTCONDITIONS_SCOPEDCONTENT(SCOPED_CONTENT_CONDITION_ID)->SCOPEDCONTENTCONDITION(ID)
194025 [main] DEBUG org.dbunit.util.search.Edge  - compareTo(o=SCOPEDCONTENTCONDITIONS_SCOPEDCONTENT(SCOPED_CONTENT_ID)->SCOPEDCONTENT(ID)) - start
194025 [main] DEBUG org.dbunit.util.SQLHelper  - close(resultSet=org.apache.commons.dbcp.DelegatingResultSet@2b38b5f8) - start
194025 [main] DEBUG org.dbunit.util.search.DepthFirstSearch  - search:SCOPEDCONTENT
194025 [main] DEBUG org.dbunit.database.search.ImportedKeysSearchCallback  - searchNode(node=SCOPEDCONTENT) - start
194025 [main] DEBUG org.dbunit.util.search.DepthFirstSearch  - Pushing SCOPEDCONTENT
194025 [main] DEBUG org.dbunit.database.search.ImportedKeysSearchCallback  - getEdges(node=SCOPEDCONTENT) - start
194025 [main] DEBUG org.dbunit.database.search.AbstractMetaDataBasedSearchCallback  - getNodesFromImportedKeys(node=SCOPEDCONTENT) - start
194025 [main] DEBUG org.dbunit.database.search.AbstractMetaDataBasedSearchCallback  - getNodes(type=0, node=SCOPEDCONTENT) - start
194025 [main] DEBUG org.dbunit.database.DatabaseDataSourceConnection  - getConnection() - start
194025 [main] DEBUG org.dbunit.database.search.AbstractMetaDataBasedSearchCallback  - getNodes(type=0, node=SCOPEDCONTENT, conn=Transaction-aware proxy for target Connection [jdbc:hsqldb:mem:kontrollDS, UserName=sw, HSQL Database Engine Driver], schema=null, metaData=org.apache.commons.dbcp.DelegatingDatabaseMetaData@1832c2f3, edges=[]) - start
194025 [main] DEBUG org.dbunit.database.search.AbstractMetaDataBasedSearchCallback  - Getting edges for node SCOPEDCONTENT
194025 [main] TRACE org.dbunit.database.DatabaseConfig  - getProperty(name=http://www.dbunit.org/properties/metadataHandler) - start
194025 [main] TRACE org.dbunit.database.DefaultMetadataHandler  - tableExists(metaData=org.apache.commons.dbcp.DelegatingDatabaseMetaData@1832c2f3, schemaName=null, tableName=SCOPEDCONTENT) - start
194026 [main] DEBUG org.dbunit.util.SQLHelper  - close(resultSet=org.apache.commons.dbcp.DelegatingResultSet@72456d23) - start
194027 [main] DEBUG org.dbunit.util.QualifiedTableName  - getQualifiedNameIfEnabled(config=org.dbunit.database.DatabaseConfig[, _propertyMap={http://www.dbunit.org/properties/statementFactory=org.dbunit.database.statement.PreparedStatementFactory@626bc2b8, http://www.dbunit.org/features/caseSensitiveTableNames=false, http://www.dbunit.org/properties/fetchSize=100, http://www.dbunit.org/features/batchedStatements=false, http://www.dbunit.org/properties/metadataHandler=org.dbunit.database.DefaultMetadataHandler@3eeace42, http://www.dbunit.org/properties/datatypeFactory=org.dbunit.dataset.datatype.DefaultDataTypeFactory[_toleratedDeltaMap=org.dbunit.dataset.datatype.ToleratedDeltaMap@6452310a], http://www.dbunit.org/properties/escapePattern=null, http://www.dbunit.org/properties/batchSize=100, http://www.dbunit.org/features/qualifiedTableNames=false, http://www.dbunit.org/properties/tableType=[Ljava.lang.String;@5011bafa, http://www.dbunit.org/properties/resultSetTableFactory=org.dbunit.database.CachedResultSetTableFactory@10bcf083, http://www.dbunit.org/features/datatypeWarning=true}]) - start
194027 [main] TRACE org.dbunit.database.DatabaseConfig  - getFeature(name=http://www.dbunit.org/features/qualifiedTableNames) - start
194027 [main] TRACE org.dbunit.database.DatabaseConfig  - getProperty(name=http://www.dbunit.org/features/qualifiedTableNames) - start
194027 [main] DEBUG org.dbunit.util.QualifiedTableName  - Qualified table names feature is disabled. Returning plain table name
194027 [main] DEBUG org.dbunit.util.QualifiedTableName  - getQualifiedName(prefix=null, name=SCOPEDCONTENT, escapePattern=null) - start
194027 [main] DEBUG org.dbunit.util.QualifiedTableName  - getQualifiedNameIfEnabled(config=org.dbunit.database.DatabaseConfig[, _propertyMap={http://www.dbunit.org/properties/statementFactory=org.dbunit.database.statement.PreparedStatementFactory@626bc2b8, http://www.dbunit.org/features/caseSensitiveTableNames=false, http://www.dbunit.org/properties/fetchSize=100, http://www.dbunit.org/features/batchedStatements=false, http://www.dbunit.org/properties/metadataHandler=org.dbunit.database.DefaultMetadataHandler@3eeace42, http://www.dbunit.org/properties/datatypeFactory=org.dbunit.dataset.datatype.DefaultDataTypeFactory[_toleratedDeltaMap=org.dbunit.dataset.datatype.ToleratedDeltaMap@6452310a], http://www.dbunit.org/properties/escapePattern=null, http://www.dbunit.org/properties/batchSize=100, http://www.dbunit.org/features/qualifiedTableNames=false, http://www.dbunit.org/properties/tableType=[Ljava.lang.String;@5011bafa, http://www.dbunit.org/properties/resultSetTableFactory=org.dbunit.database.CachedResultSetTableFactory@10bcf083, http://www.dbunit.org/features/datatypeWarning=true}]) - start
194027 [main] TRACE org.dbunit.database.DatabaseConfig  - getFeature(name=http://www.dbunit.org/features/qualifiedTableNames) - start
194027 [main] TRACE org.dbunit.database.DatabaseConfig  - getProperty(name=http://www.dbunit.org/features/qualifiedTableNames) - start
194027 [main] DEBUG org.dbunit.util.QualifiedTableName  - Qualified table names feature is disabled. Returning plain table name
194027 [main] DEBUG org.dbunit.util.QualifiedTableName  - getQualifiedName(prefix=null, name=SCOPE, escapePattern=null) - start
194027 [main] DEBUG org.dbunit.database.search.AbstractMetaDataBasedSearchCallback  - newEdge(rs=org.apache.commons.dbcp.DelegatingResultSet@485f9a48, type=0, from=SCOPEDCONTENT, to=SCOPE, fkColumn=SCOPE, pkColumn=ID) - start
194027 [main] DEBUG org.dbunit.database.search.AbstractMetaDataBasedSearchCallback  - createFKEdge(rs=org.apache.commons.dbcp.DelegatingResultSet@485f9a48, type=0, from=SCOPEDCONTENT, to=SCOPE, fkColumn=SCOPE, pkColumn=ID) - start
194027 [main] DEBUG org.dbunit.database.search.AbstractMetaDataBasedSearchCallback  - Adding edge SCOPEDCONTENT(SCOPE)->SCOPE(ID)
194027 [main] DEBUG org.dbunit.util.search.Edge  - compareTo(o=SCOPEDCONTENT(SCOPE)->SCOPE(ID)) - start
194027 [main] DEBUG org.dbunit.util.SQLHelper  - close(resultSet=org.apache.commons.dbcp.DelegatingResultSet@485f9a48) - start
194027 [main] DEBUG org.dbunit.util.search.DepthFirstSearch  - search:SCOPE
194027 [main] DEBUG org.dbunit.database.search.ImportedKeysSearchCallback  - searchNode(node=SCOPE) - start
194028 [main] DEBUG org.dbunit.util.search.DepthFirstSearch  - Pushing SCOPE
194028 [main] DEBUG org.dbunit.database.search.ImportedKeysSearchCallback  - getEdges(node=SCOPE) - start
194028 [main] DEBUG org.dbunit.database.search.AbstractMetaDataBasedSearchCallback  - getNodesFromImportedKeys(node=SCOPE) - start
194028 [main] DEBUG org.dbunit.database.search.AbstractMetaDataBasedSearchCallback  - getNodes(type=0, node=SCOPE) - start
194028 [main] DEBUG org.dbunit.database.DatabaseDataSourceConnection  - getConnection() - start
194028 [main] DEBUG org.dbunit.database.search.AbstractMetaDataBasedSearchCallback  - getNodes(type=0, node=SCOPE, conn=Transaction-aware proxy for target Connection [jdbc:hsqldb:mem:kontrollDS, UserName=sw, HSQL Database Engine Driver], schema=null, metaData=org.apache.commons.dbcp.DelegatingDatabaseMetaData@7c8a1216, edges=[]) - start
194028 [main] DEBUG org.dbunit.database.search.AbstractMetaDataBasedSearchCallback  - Getting edges for node SCOPE
194028 [main] TRACE org.dbunit.database.DatabaseConfig  - getProperty(name=http://www.dbunit.org/properties/metadataHandler) - start
194028 [main] TRACE org.dbunit.database.DefaultMetadataHandler  - tableExists(metaData=org.apache.commons.dbcp.DelegatingDatabaseMetaData@7c8a1216, schemaName=null, tableName=SCOPE) - start
194029 [main] DEBUG org.dbunit.util.SQLHelper  - close(resultSet=org.apache.commons.dbcp.DelegatingResultSet@14d9b528) - start
194029 [main] DEBUG org.dbunit.util.SQLHelper  - close(resultSet=org.apache.commons.dbcp.DelegatingResultSet@662cb6e1) - start
194029 [main] DEBUG org.dbunit.util.search.DepthFirstSearch  - Adding node SCOPE to the final result
194029 [main] DEBUG org.dbunit.util.search.DepthFirstSearch  - Adding node SCOPEDCONTENT to the final result
194029 [main] DEBUG org.dbunit.util.search.DepthFirstSearch  - search:SCOPEDCONTENTCONDITION
194030 [main] DEBUG org.dbunit.database.search.ImportedKeysSearchCallback  - searchNode(node=SCOPEDCONTENTCONDITION) - start
194030 [main] DEBUG org.dbunit.util.search.DepthFirstSearch  - Pushing SCOPEDCONTENTCONDITION
194030 [main] DEBUG org.dbunit.util.search.DepthFirstSearch  - Adding node SCOPEDCONTENTCONDITION to the final result
194030 [main] DEBUG org.dbunit.util.search.DepthFirstSearch  - Adding node SCOPEDCONTENTCONDITIONS_SCOPEDCONTENT to the final result
194030 [main] DEBUG org.dbunit.util.search.DepthFirstSearch  - reverseSearch:SCOPEDCONTENT
194030 [main] DEBUG org.dbunit.database.search.ImportedKeysSearchCallback  - searchNode(node=SCOPEDCONTENT) - start
194030 [main] DEBUG org.dbunit.util.search.DepthFirstSearch  - Pushing (reverse) SCOPEDCONTENT
194030 [main] DEBUG org.dbunit.database.search.ImportedKeysSearchCallback  - getEdges(node=SCOPEDCONTENT) - start
194030 [main] DEBUG org.dbunit.database.search.AbstractMetaDataBasedSearchCallback  - getNodesFromImportedKeys(node=SCOPEDCONTENT) - start
194030 [main] DEBUG org.dbunit.database.search.AbstractMetaDataBasedSearchCallback  - getNodes(type=0, node=SCOPEDCONTENT) - start
194030 [main] DEBUG org.dbunit.database.DatabaseDataSourceConnection  - getConnection() - start
194030 [main] DEBUG org.dbunit.database.search.AbstractMetaDataBasedSearchCallback  - getNodes(type=0, node=SCOPEDCONTENT, conn=Transaction-aware proxy for target Connection [jdbc:hsqldb:mem:kontrollDS, UserName=sw, HSQL Database Engine Driver], schema=null, metaData=org.apache.commons.dbcp.DelegatingDatabaseMetaData@19aa22f, edges=[]) - start
194030 [main] DEBUG org.dbunit.database.search.AbstractMetaDataBasedSearchCallback  - Getting edges for node SCOPEDCONTENT
194030 [main] TRACE org.dbunit.database.DatabaseConfig  - getProperty(name=http://www.dbunit.org/properties/metadataHandler) - start
194030 [main] TRACE org.dbunit.database.DefaultMetadataHandler  - tableExists(metaData=org.apache.commons.dbcp.DelegatingDatabaseMetaData@19aa22f, schemaName=null, tableName=SCOPEDCONTENT) - start
194031 [main] DEBUG org.dbunit.util.SQLHelper  - close(resultSet=org.apache.commons.dbcp.DelegatingResultSet@ed157c9) - start
194031 [main] DEBUG org.dbunit.util.QualifiedTableName  - getQualifiedNameIfEnabled(config=org.dbunit.database.DatabaseConfig[, _propertyMap={http://www.dbunit.org/properties/statementFactory=org.dbunit.database.statement.PreparedStatementFactory@626bc2b8, http://www.dbunit.org/features/caseSensitiveTableNames=false, http://www.dbunit.org/properties/fetchSize=100, http://www.dbunit.org/features/batchedStatements=false, http://www.dbunit.org/properties/metadataHandler=org.dbunit.database.DefaultMetadataHandler@3eeace42, http://www.dbunit.org/properties/datatypeFactory=org.dbunit.dataset.datatype.DefaultDataTypeFactory[_toleratedDeltaMap=org.dbunit.dataset.datatype.ToleratedDeltaMap@6452310a], http://www.dbunit.org/properties/escapePattern=null, http://www.dbunit.org/properties/batchSize=100, http://www.dbunit.org/features/qualifiedTableNames=false, http://www.dbunit.org/properties/tableType=[Ljava.lang.String;@5011bafa, http://www.dbunit.org/properties/resultSetTableFactory=org.dbunit.database.CachedResultSetTableFactory@10bcf083, http://www.dbunit.org/features/datatypeWarning=true}]) - start
194032 [main] TRACE org.dbunit.database.DatabaseConfig  - getFeature(name=http://www.dbunit.org/features/qualifiedTableNames) - start
194032 [main] TRACE org.dbunit.database.DatabaseConfig  - getProperty(name=http://www.dbunit.org/features/qualifiedTableNames) - start
194032 [main] DEBUG org.dbunit.util.QualifiedTableName  - Qualified table names feature is disabled. Returning plain table name
194032 [main] DEBUG org.dbunit.util.QualifiedTableName  - getQualifiedName(prefix=null, name=SCOPEDCONTENT, escapePattern=null) - start
194032 [main] DEBUG org.dbunit.util.QualifiedTableName  - getQualifiedNameIfEnabled(config=org.dbunit.database.DatabaseConfig[, _propertyMap={http://www.dbunit.org/properties/statementFactory=org.dbunit.database.statement.PreparedStatementFactory@626bc2b8, http://www.dbunit.org/features/caseSensitiveTableNames=false, http://www.dbunit.org/properties/fetchSize=100, http://www.dbunit.org/features/batchedStatements=false, http://www.dbunit.org/properties/metadataHandler=org.dbunit.database.DefaultMetadataHandler@3eeace42, http://www.dbunit.org/properties/datatypeFactory=org.dbunit.dataset.datatype.DefaultDataTypeFactory[_toleratedDeltaMap=org.dbunit.dataset.datatype.ToleratedDeltaMap@6452310a], http://www.dbunit.org/properties/escapePattern=null, http://www.dbunit.org/properties/batchSize=100, http://www.dbunit.org/features/qualifiedTableNames=false, http://www.dbunit.org/properties/tableType=[Ljava.lang.String;@5011bafa, http://www.dbunit.org/properties/resultSetTableFactory=org.dbunit.database.CachedResultSetTableFactory@10bcf083, http://www.dbunit.org/features/datatypeWarning=true}]) - start
194032 [main] TRACE org.dbunit.database.DatabaseConfig  - getFeature(name=http://www.dbunit.org/features/qualifiedTableNames) - start
194032 [main] TRACE org.dbunit.database.DatabaseConfig  - getProperty(name=http://www.dbunit.org/features/qualifiedTableNames) - start
194032 [main] DEBUG org.dbunit.util.QualifiedTableName  - Qualified table names feature is disabled. Returning plain table name
194032 [main] DEBUG org.dbunit.util.QualifiedTableName  - getQualifiedName(prefix=null, name=SCOPE, escapePattern=null) - start
194032 [main] DEBUG org.dbunit.database.search.AbstractMetaDataBasedSearchCallback  - newEdge(rs=org.apache.commons.dbcp.DelegatingResultSet@54f02603, type=0, from=SCOPEDCONTENT, to=SCOPE, fkColumn=SCOPE, pkColumn=ID) - start
194032 [main] DEBUG org.dbunit.database.search.AbstractMetaDataBasedSearchCallback  - createFKEdge(rs=org.apache.commons.dbcp.DelegatingResultSet@54f02603, type=0, from=SCOPEDCONTENT, to=SCOPE, fkColumn=SCOPE, pkColumn=ID) - start
194032 [main] DEBUG org.dbunit.database.search.AbstractMetaDataBasedSearchCallback  - Adding edge SCOPEDCONTENT(SCOPE)->SCOPE(ID)
194032 [main] DEBUG org.dbunit.util.search.Edge  - compareTo(o=SCOPEDCONTENT(SCOPE)->SCOPE(ID)) - start
194032 [main] DEBUG org.dbunit.util.SQLHelper  - close(resultSet=org.apache.commons.dbcp.DelegatingResultSet@54f02603) - start
194032 [main] DEBUG org.dbunit.util.search.DepthFirstSearch  - reverseSearch:SCOPE
194032 [main] DEBUG org.dbunit.database.search.ImportedKeysSearchCallback  - searchNode(node=SCOPE) - start
194032 [main] DEBUG org.dbunit.util.search.DepthFirstSearch  - Pushing (reverse) SCOPE
194032 [main] DEBUG org.dbunit.database.search.ImportedKeysSearchCallback  - getEdges(node=SCOPE) - start
194032 [main] DEBUG org.dbunit.database.search.AbstractMetaDataBasedSearchCallback  - getNodesFromImportedKeys(node=SCOPE) - start
194032 [main] DEBUG org.dbunit.database.search.AbstractMetaDataBasedSearchCallback  - getNodes(type=0, node=SCOPE) - start
194032 [main] DEBUG org.dbunit.database.DatabaseDataSourceConnection  - getConnection() - start
194033 [main] DEBUG org.dbunit.database.search.AbstractMetaDataBasedSearchCallback  - getNodes(type=0, node=SCOPE, conn=Transaction-aware proxy for target Connection [jdbc:hsqldb:mem:kontrollDS, UserName=sw, HSQL Database Engine Driver], schema=null, metaData=org.apache.commons.dbcp.DelegatingDatabaseMetaData@624fba85, edges=[]) - start
194033 [main] DEBUG org.dbunit.database.search.AbstractMetaDataBasedSearchCallback  - Getting edges for node SCOPE
194033 [main] TRACE org.dbunit.database.DatabaseConfig  - getProperty(name=http://www.dbunit.org/properties/metadataHandler) - start
194033 [main] TRACE org.dbunit.database.DefaultMetadataHandler  - tableExists(metaData=org.apache.commons.dbcp.DelegatingDatabaseMetaData@624fba85, schemaName=null, tableName=SCOPE) - start
194034 [main] DEBUG org.dbunit.util.SQLHelper  - close(resultSet=org.apache.commons.dbcp.DelegatingResultSet@656d3b16) - start
194034 [main] DEBUG org.dbunit.util.SQLHelper  - close(resultSet=org.apache.commons.dbcp.DelegatingResultSet@cf3046c) - start
194034 [main] DEBUG org.dbunit.util.search.DepthFirstSearch  - reverseSearch:SCOPEDCONTENTCONDITION
194034 [main] DEBUG org.dbunit.database.search.ImportedKeysSearchCallback  - searchNode(node=SCOPEDCONTENTCONDITION) - start
194034 [main] DEBUG org.dbunit.util.search.DepthFirstSearch  - Pushing (reverse) SCOPEDCONTENTCONDITION
194034 [main] DEBUG org.dbunit.database.search.ImportedKeysSearchCallback  - getEdges(node=SCOPEDCONTENTCONDITION) - start
194034 [main] DEBUG org.dbunit.database.search.AbstractMetaDataBasedSearchCallback  - getNodesFromImportedKeys(node=SCOPEDCONTENTCONDITION) - start
194034 [main] DEBUG org.dbunit.database.search.AbstractMetaDataBasedSearchCallback  - getNodes(type=0, node=SCOPEDCONTENTCONDITION) - start
194034 [main] DEBUG org.dbunit.database.DatabaseDataSourceConnection  - getConnection() - start
194034 [main] DEBUG org.dbunit.database.search.AbstractMetaDataBasedSearchCallback  - getNodes(type=0, node=SCOPEDCONTENTCONDITION, conn=Transaction-aware proxy for target Connection [jdbc:hsqldb:mem:kontrollDS, UserName=sw, HSQL Database Engine Driver], schema=null, metaData=org.apache.commons.dbcp.DelegatingDatabaseMetaData@26a75518, edges=[]) - start
194034 [main] DEBUG org.dbunit.database.search.AbstractMetaDataBasedSearchCallback  - Getting edges for node SCOPEDCONTENTCONDITION
194034 [main] TRACE org.dbunit.database.DatabaseConfig  - getProperty(name=http://www.dbunit.org/properties/metadataHandler) - start
194034 [main] TRACE org.dbunit.database.DefaultMetadataHandler  - tableExists(metaData=org.apache.commons.dbcp.DelegatingDatabaseMetaData@26a75518, schemaName=null, tableName=SCOPEDCONTENTCONDITION) - start
194035 [main] DEBUG org.dbunit.util.SQLHelper  - close(resultSet=org.apache.commons.dbcp.DelegatingResultSet@73f427c9) - start
194036 [main] DEBUG org.dbunit.util.SQLHelper  - close(resultSet=org.apache.commons.dbcp.DelegatingResultSet@5b2394c9) - start
194036 [main] DEBUG org.dbunit.util.search.DepthFirstSearch  - reverseSearch:SCOPEDCONTENTCONDITIONS_SCOPEDCONTENT
194036 [main] DEBUG org.dbunit.util.search.DepthFirstSearch  - already searched; returning true
194036 [main] DEBUG org.dbunit.util.search.DepthFirstSearch  - search:SCOPEDCONTENTCONDITIONS_SCOPEDCONTENT
194036 [main] DEBUG org.dbunit.util.search.DepthFirstSearch  - already searched; returning true
194036 [main] DEBUG org.dbunit.util.search.DepthFirstSearch  - search:SCOPEDCONTENT
194036 [main] DEBUG org.dbunit.util.search.DepthFirstSearch  - already searched; returning true
194036 [main] DEBUG org.dbunit.util.search.DepthFirstSearch  - search:SCOPE
194036 [main] DEBUG org.dbunit.util.search.DepthFirstSearch  - already searched; returning true
194036 [main] DEBUG org.dbunit.util.search.DepthFirstSearch  - search:SCOPEDCONTENTCONDITION
194036 [main] DEBUG org.dbunit.util.search.DepthFirstSearch  - already searched; returning true
194036 [main] DEBUG org.dbunit.database.DatabaseSequenceFilter  - getDependencyInfo(connection=_databaseConfig=org.dbunit.database.DatabaseConfig[, _propertyMap={http://www.dbunit.org/properties/statementFactory=org.dbunit.database.statement.PreparedStatementFactory@626bc2b8, http://www.dbunit.org/features/caseSensitiveTableNames=false, http://www.dbunit.org/properties/fetchSize=100, http://www.dbunit.org/features/batchedStatements=false, http://www.dbunit.org/properties/metadataHandler=org.dbunit.database.DefaultMetadataHandler@3eeace42, http://www.dbunit.org/properties/datatypeFactory=org.dbunit.dataset.datatype.DefaultDataTypeFactory[_toleratedDeltaMap=org.dbunit.dataset.datatype.ToleratedDeltaMap@6452310a], http://www.dbunit.org/properties/escapePattern=null, http://www.dbunit.org/properties/batchSize=100, http://www.dbunit.org/features/qualifiedTableNames=false, http://www.dbunit.org/properties/tableType=[Ljava.lang.String;@5011bafa, http://www.dbunit.org/properties/resultSetTableFactory=org.dbunit.database.CachedResultSetTableFactory@10bcf083, http://www.dbunit.org/features/datatypeWarning=true}], _dataSet=AbstractDataSet[_orderedTableNameMap=null], tableName=SCOPEDCONTENTCONDITIONS_SCOPEDCONTENTITEM) - start
194036 [main] DEBUG org.dbunit.database.search.TablesDependencyHelper  - getDependentTables(connection=_databaseConfig=org.dbunit.database.DatabaseConfig[, _propertyMap={http://www.dbunit.org/properties/statementFactory=org.dbunit.database.statement.PreparedStatementFactory@626bc2b8, http://www.dbunit.org/features/caseSensitiveTableNames=false, http://www.dbunit.org/properties/fetchSize=100, http://www.dbunit.org/features/batchedStatements=false, http://www.dbunit.org/properties/metadataHandler=org.dbunit.database.DefaultMetadataHandler@3eeace42, http://www.dbunit.org/properties/datatypeFactory=org.dbunit.dataset.datatype.DefaultDataTypeFactory[_toleratedDeltaMap=org.dbunit.dataset.datatype.ToleratedDeltaMap@6452310a], http://www.dbunit.org/properties/escapePattern=null, http://www.dbunit.org/properties/batchSize=100, http://www.dbunit.org/features/qualifiedTableNames=false, http://www.dbunit.org/properties/tableType=[Ljava.lang.String;@5011bafa, http://www.dbunit.org/properties/resultSetTableFactory=org.dbunit.database.CachedResultSetTableFactory@10bcf083, http://www.dbunit.org/features/datatypeWarning=true}], _dataSet=AbstractDataSet[_orderedTableNameMap=null], rootTable=SCOPEDCONTENTCONDITIONS_SCOPEDCONTENTITEM) - start
194036 [main] DEBUG org.dbunit.database.search.TablesDependencyHelper  - getDependentTables(connection=_databaseConfig=org.dbunit.database.DatabaseConfig[, _propertyMap={http://www.dbunit.org/properties/statementFactory=org.dbunit.database.statement.PreparedStatementFactory@626bc2b8, http://www.dbunit.org/features/caseSensitiveTableNames=false, http://www.dbunit.org/properties/fetchSize=100, http://www.dbunit.org/features/batchedStatements=false, http://www.dbunit.org/properties/metadataHandler=org.dbunit.database.DefaultMetadataHandler@3eeace42, http://www.dbunit.org/properties/datatypeFactory=org.dbunit.dataset.datatype.DefaultDataTypeFactory[_toleratedDeltaMap=org.dbunit.dataset.datatype.ToleratedDeltaMap@6452310a], http://www.dbunit.org/properties/escapePattern=null, http://www.dbunit.org/properties/batchSize=100, http://www.dbunit.org/features/qualifiedTableNames=false, http://www.dbunit.org/properties/tableType=[Ljava.lang.String;@5011bafa, http://www.dbunit.org/properties/resultSetTableFactory=org.dbunit.database.CachedResultSetTableFactory@10bcf083, http://www.dbunit.org/features/datatypeWarning=true}], _dataSet=AbstractDataSet[_orderedTableNameMap=null], rootTables=[SCOPEDCONTENTCONDITIONS_SCOPEDCONTENTITEM]) - start
194037 [main] DEBUG org.dbunit.util.search.DepthFirstSearch  - search(nodesFrom=[SCOPEDCONTENTCONDITIONS_SCOPEDCONTENTITEM], callback=org.dbunit.database.search.ImportedKeysSearchCallback@58379746) - start
194037 [main] DEBUG org.dbunit.util.CollectionsHelper  - objectsToSet(objects=SCOPEDCONTENTCONDITIONS_SCOPEDCONTENTITEM) - start
194037 [main] DEBUG org.dbunit.util.search.DepthFirstSearch  - search(nodesFrom=[SCOPEDCONTENTCONDITIONS_SCOPEDCONTENTITEM], callback=org.dbunit.database.search.ImportedKeysSearchCallback@58379746) - start
194037 [main] DEBUG org.dbunit.util.search.DepthFirstSearch  - reverseSearch:SCOPEDCONTENTCONDITIONS_SCOPEDCONTENTITEM
194037 [main] DEBUG org.dbunit.database.search.ImportedKeysSearchCallback  - searchNode(node=SCOPEDCONTENTCONDITIONS_SCOPEDCONTENTITEM) - start
194037 [main] DEBUG org.dbunit.util.search.DepthFirstSearch  - Pushing (reverse) SCOPEDCONTENTCONDITIONS_SCOPEDCONTENTITEM
194037 [main] DEBUG org.dbunit.database.search.ImportedKeysSearchCallback  - getEdges(node=SCOPEDCONTENTCONDITIONS_SCOPEDCONTENTITEM) - start
194037 [main] DEBUG org.dbunit.database.search.AbstractMetaDataBasedSearchCallback  - getNodesFromImportedKeys(node=SCOPEDCONTENTCONDITIONS_SCOPEDCONTENTITEM) - start
194037 [main] DEBUG org.dbunit.database.search.AbstractMetaDataBasedSearchCallback  - getNodes(type=0, node=SCOPEDCONTENTCONDITIONS_SCOPEDCONTENTITEM) - start
194037 [main] DEBUG org.dbunit.database.DatabaseDataSourceConnection  - getConnection() - start
194037 [main] DEBUG org.dbunit.database.search.AbstractMetaDataBasedSearchCallback  - getNodes(type=0, node=SCOPEDCONTENTCONDITIONS_SCOPEDCONTENTITEM, conn=Transaction-aware proxy for target Connection [jdbc:hsqldb:mem:kontrollDS, UserName=sw, HSQL Database Engine Driver], schema=null, metaData=org.apache.commons.dbcp.DelegatingDatabaseMetaData@29aca1e9, edges=[]) - start
194037 [main] DEBUG org.dbunit.database.search.AbstractMetaDataBasedSearchCallback  - Getting edges for node SCOPEDCONTENTCONDITIONS_SCOPEDCONTENTITEM
194037 [main] TRACE org.dbunit.database.DatabaseConfig  - getProperty(name=http://www.dbunit.org/properties/metadataHandler) - start
194037 [main] TRACE org.dbunit.database.DefaultMetadataHandler  - tableExists(metaData=org.apache.commons.dbcp.DelegatingDatabaseMetaData@29aca1e9, schemaName=null, tableName=SCOPEDCONTENTCONDITIONS_SCOPEDCONTENTITEM) - start
194038 [main] DEBUG org.dbunit.util.SQLHelper  - close(resultSet=org.apache.commons.dbcp.DelegatingResultSet@46748a65) - start
194039 [main] DEBUG org.dbunit.util.QualifiedTableName  - getQualifiedNameIfEnabled(config=org.dbunit.database.DatabaseConfig[, _propertyMap={http://www.dbunit.org/properties/statementFactory=org.dbunit.database.statement.PreparedStatementFactory@626bc2b8, http://www.dbunit.org/features/caseSensitiveTableNames=false, http://www.dbunit.org/properties/fetchSize=100, http://www.dbunit.org/features/batchedStatements=false, http://www.dbunit.org/properties/metadataHandler=org.dbunit.database.DefaultMetadataHandler@3eeace42, http://www.dbunit.org/properties/datatypeFactory=org.dbunit.dataset.datatype.DefaultDataTypeFactory[_toleratedDeltaMap=org.dbunit.dataset.datatype.ToleratedDeltaMap@6452310a], http://www.dbunit.org/properties/escapePattern=null, http://www.dbunit.org/properties/batchSize=100, http://www.dbunit.org/features/qualifiedTableNames=false, http://www.dbunit.org/properties/tableType=[Ljava.lang.String;@5011bafa, http://www.dbunit.org/properties/resultSetTableFactory=org.dbunit.database.CachedResultSetTableFactory@10bcf083, http://www.dbunit.org/features/datatypeWarning=true}]) - start
194039 [main] TRACE org.dbunit.database.DatabaseConfig  - getFeature(name=http://www.dbunit.org/features/qualifiedTableNames) - start
194039 [main] TRACE org.dbunit.database.DatabaseConfig  - getProperty(name=http://www.dbunit.org/features/qualifiedTableNames) - start
194039 [main] DEBUG org.dbunit.util.QualifiedTableName  - Qualified table names feature is disabled. Returning plain table name
194039 [main] DEBUG org.dbunit.util.QualifiedTableName  - getQualifiedName(prefix=null, name=SCOPEDCONTENTCONDITIONS_SCOPEDCONTENTITEM, escapePattern=null) - start
194039 [main] DEBUG org.dbunit.util.QualifiedTableName  - getQualifiedNameIfEnabled(config=org.dbunit.database.DatabaseConfig[, _propertyMap={http://www.dbunit.org/properties/statementFactory=org.dbunit.database.statement.PreparedStatementFactory@626bc2b8, http://www.dbunit.org/features/caseSensitiveTableNames=false, http://www.dbunit.org/properties/fetchSize=100, http://www.dbunit.org/features/batchedStatements=false, http://www.dbunit.org/properties/metadataHandler=org.dbunit.database.DefaultMetadataHandler@3eeace42, http://www.dbunit.org/properties/datatypeFactory=org.dbunit.dataset.datatype.DefaultDataTypeFactory[_toleratedDeltaMap=org.dbunit.dataset.datatype.ToleratedDeltaMap@6452310a], http://www.dbunit.org/properties/escapePattern=null, http://www.dbunit.org/properties/batchSize=100, http://www.dbunit.org/features/qualifiedTableNames=false, http://www.dbunit.org/properties/tableType=[Ljava.lang.String;@5011bafa, http://www.dbunit.org/properties/resultSetTableFactory=org.dbunit.database.CachedResultSetTableFactory@10bcf083, http://www.dbunit.org/features/datatypeWarning=true}]) - start
194039 [main] TRACE org.dbunit.database.DatabaseConfig  - getFeature(name=http://www.dbunit.org/features/qualifiedTableNames) - start
194039 [main] TRACE org.dbunit.database.DatabaseConfig  - getProperty(name=http://www.dbunit.org/features/qualifiedTableNames) - start
194039 [main] DEBUG org.dbunit.util.QualifiedTableName  - Qualified table names feature is disabled. Returning plain table name
194040 [main] DEBUG org.dbunit.util.QualifiedTableName  - getQualifiedName(prefix=null, name=SCOPEDCONTENTCONDITION, escapePattern=null) - start
194040 [main] DEBUG org.dbunit.database.search.AbstractMetaDataBasedSearchCallback  - newEdge(rs=org.apache.commons.dbcp.DelegatingResultSet@44c3a7aa, type=0, from=SCOPEDCONTENTCONDITIONS_SCOPEDCONTENTITEM, to=SCOPEDCONTENTCONDITION, fkColumn=SCOPED_CONTENT_CONDITION_ID, pkColumn=ID) - start
194040 [main] DEBUG org.dbunit.database.search.AbstractMetaDataBasedSearchCallback  - createFKEdge(rs=org.apache.commons.dbcp.DelegatingResultSet@44c3a7aa, type=0, from=SCOPEDCONTENTCONDITIONS_SCOPEDCONTENTITEM, to=SCOPEDCONTENTCONDITION, fkColumn=SCOPED_CONTENT_CONDITION_ID, pkColumn=ID) - start
194040 [main] DEBUG org.dbunit.database.search.AbstractMetaDataBasedSearchCallback  - Adding edge SCOPEDCONTENTCONDITIONS_SCOPEDCONTENTITEM(SCOPED_CONTENT_CONDITION_ID)->SCOPEDCONTENTCONDITION(ID)
194040 [main] DEBUG org.dbunit.util.search.Edge  - compareTo(o=SCOPEDCONTENTCONDITIONS_SCOPEDCONTENTITEM(SCOPED_CONTENT_CONDITION_ID)->SCOPEDCONTENTCONDITION(ID)) - start
194040 [main] DEBUG org.dbunit.util.QualifiedTableName  - getQualifiedNameIfEnabled(config=org.dbunit.database.DatabaseConfig[, _propertyMap={http://www.dbunit.org/properties/statementFactory=org.dbunit.database.statement.PreparedStatementFactory@626bc2b8, http://www.dbunit.org/features/caseSensitiveTableNames=false, http://www.dbunit.org/properties/fetchSize=100, http://www.dbunit.org/features/batchedStatements=false, http://www.dbunit.org/properties/metadataHandler=org.dbunit.database.DefaultMetadataHandler@3eeace42, http://www.dbunit.org/properties/datatypeFactory=org.dbunit.dataset.datatype.DefaultDataTypeFactory[_toleratedDeltaMap=org.dbunit.dataset.datatype.ToleratedDeltaMap@6452310a], http://www.dbunit.org/properties/escapePattern=null, http://www.dbunit.org/properties/batchSize=100, http://www.dbunit.org/features/qualifiedTableNames=false, http://www.dbunit.org/properties/tableType=[Ljava.lang.String;@5011bafa, http://www.dbunit.org/properties/resultSetTableFactory=org.dbunit.database.CachedResultSetTableFactory@10bcf083, http://www.dbunit.org/features/datatypeWarning=true}]) - start
194040 [main] TRACE org.dbunit.database.DatabaseConfig  - getFeature(name=http://www.dbunit.org/features/qualifiedTableNames) - start
194040 [main] TRACE org.dbunit.database.DatabaseConfig  - getProperty(name=http://www.dbunit.org/features/qualifiedTableNames) - start
194040 [main] DEBUG org.dbunit.util.QualifiedTableName  - Qualified table names feature is disabled. Returning plain table name
194041 [main] DEBUG org.dbunit.util.QualifiedTableName  - getQualifiedName(prefix=null, name=SCOPEDCONTENTCONDITIONS_SCOPEDCONTENTITEM, escapePattern=null) - start
194041 [main] DEBUG org.dbunit.util.QualifiedTableName  - getQualifiedNameIfEnabled(config=org.dbunit.database.DatabaseConfig[, _propertyMap={http://www.dbunit.org/properties/statementFactory=org.dbunit.database.statement.PreparedStatementFactory@626bc2b8, http://www.dbunit.org/features/caseSensitiveTableNames=false, http://www.dbunit.org/properties/fetchSize=100, http://www.dbunit.org/features/batchedStatements=false, http://www.dbunit.org/properties/metadataHandler=org.dbunit.database.DefaultMetadataHandler@3eeace42, http://www.dbunit.org/properties/datatypeFactory=org.dbunit.dataset.datatype.DefaultDataTypeFactory[_toleratedDeltaMap=org.dbunit.dataset.datatype.ToleratedDeltaMap@6452310a], http://www.dbunit.org/properties/escapePattern=null, http://www.dbunit.org/properties/batchSize=100, http://www.dbunit.org/features/qualifiedTableNames=false, http://www.dbunit.org/properties/tableType=[Ljava.lang.String;@5011bafa, http://www.dbunit.org/properties/resultSetTableFactory=org.dbunit.database.CachedResultSetTableFactory@10bcf083, http://www.dbunit.org/features/datatypeWarning=true}]) - start
194041 [main] TRACE org.dbunit.database.DatabaseConfig  - getFeature(name=http://www.dbunit.org/features/qualifiedTableNames) - start
194041 [main] TRACE org.dbunit.database.DatabaseConfig  - getProperty(name=http://www.dbunit.org/features/qualifiedTableNames) - start
194041 [main] DEBUG org.dbunit.util.QualifiedTableName  - Qualified table names feature is disabled. Returning plain table name
194041 [main] DEBUG org.dbunit.util.QualifiedTableName  - getQualifiedName(prefix=null, name=SCOPEDCONTENTITEM, escapePattern=null) - start
194041 [main] DEBUG org.dbunit.database.search.AbstractMetaDataBasedSearchCallback  - newEdge(rs=org.apache.commons.dbcp.DelegatingResultSet@44c3a7aa, type=0, from=SCOPEDCONTENTCONDITIONS_SCOPEDCONTENTITEM, to=SCOPEDCONTENTITEM, fkColumn=SCOPED_CONTENT_ITEM_ID, pkColumn=ID) - start
194041 [main] DEBUG org.dbunit.database.search.AbstractMetaDataBasedSearchCallback  - createFKEdge(rs=org.apache.commons.dbcp.DelegatingResultSet@44c3a7aa, type=0, from=SCOPEDCONTENTCONDITIONS_SCOPEDCONTENTITEM, to=SCOPEDCONTENTITEM, fkColumn=SCOPED_CONTENT_ITEM_ID, pkColumn=ID) - start
194041 [main] DEBUG org.dbunit.database.search.AbstractMetaDataBasedSearchCallback  - Adding edge SCOPEDCONTENTCONDITIONS_SCOPEDCONTENTITEM(SCOPED_CONTENT_ITEM_ID)->SCOPEDCONTENTITEM(ID)
194041 [main] DEBUG org.dbunit.util.search.Edge  - compareTo(o=SCOPEDCONTENTCONDITIONS_SCOPEDCONTENTITEM(SCOPED_CONTENT_CONDITION_ID)->SCOPEDCONTENTCONDITION(ID)) - start
194041 [main] DEBUG org.dbunit.util.SQLHelper  - close(resultSet=org.apache.commons.dbcp.DelegatingResultSet@44c3a7aa) - start
194041 [main] DEBUG org.dbunit.util.search.DepthFirstSearch  - search:SCOPEDCONTENTCONDITIONS_SCOPEDCONTENTITEM
194041 [main] DEBUG org.dbunit.database.search.ImportedKeysSearchCallback  - searchNode(node=SCOPEDCONTENTCONDITIONS_SCOPEDCONTENTITEM) - start
194041 [main] DEBUG org.dbunit.util.search.DepthFirstSearch  - Pushing SCOPEDCONTENTCONDITIONS_SCOPEDCONTENTITEM
194041 [main] DEBUG org.dbunit.database.search.ImportedKeysSearchCallback  - getEdges(node=SCOPEDCONTENTCONDITIONS_SCOPEDCONTENTITEM) - start
194041 [main] DEBUG org.dbunit.database.search.AbstractMetaDataBasedSearchCallback  - getNodesFromImportedKeys(node=SCOPEDCONTENTCONDITIONS_SCOPEDCONTENTITEM) - start
194041 [main] DEBUG org.dbunit.database.search.AbstractMetaDataBasedSearchCallback  - getNodes(type=0, node=SCOPEDCONTENTCONDITIONS_SCOPEDCONTENTITEM) - start
194042 [main] DEBUG org.dbunit.database.DatabaseDataSourceConnection  - getConnection() - start
194042 [main] DEBUG org.dbunit.database.search.AbstractMetaDataBasedSearchCallback  - getNodes(type=0, node=SCOPEDCONTENTCONDITIONS_SCOPEDCONTENTITEM, conn=Transaction-aware proxy for target Connection [jdbc:hsqldb:mem:kontrollDS, UserName=sw, HSQL Database Engine Driver], schema=null, metaData=org.apache.commons.dbcp.DelegatingDatabaseMetaData@934ad2b, edges=[]) - start
194042 [main] DEBUG org.dbunit.database.search.AbstractMetaDataBasedSearchCallback  - Getting edges for node SCOPEDCONTENTCONDITIONS_SCOPEDCONTENTITEM
194042 [main] TRACE org.dbunit.database.DatabaseConfig  - getProperty(name=http://www.dbunit.org/properties/metadataHandler) - start
194042 [main] TRACE org.dbunit.database.DefaultMetadataHandler  - tableExists(metaData=org.apache.commons.dbcp.DelegatingDatabaseMetaData@934ad2b, schemaName=null, tableName=SCOPEDCONTENTCONDITIONS_SCOPEDCONTENTITEM) - start
194043 [main] DEBUG org.dbunit.util.SQLHelper  - close(resultSet=org.apache.commons.dbcp.DelegatingResultSet@cfac16f) - start
194043 [main] DEBUG org.dbunit.util.QualifiedTableName  - getQualifiedNameIfEnabled(config=org.dbunit.database.DatabaseConfig[, _propertyMap={http://www.dbunit.org/properties/statementFactory=org.dbunit.database.statement.PreparedStatementFactory@626bc2b8, http://www.dbunit.org/features/caseSensitiveTableNames=false, http://www.dbunit.org/properties/fetchSize=100, http://www.dbunit.org/features/batchedStatements=false, http://www.dbunit.org/properties/metadataHandler=org.dbunit.database.DefaultMetadataHandler@3eeace42, http://www.dbunit.org/properties/datatypeFactory=org.dbunit.dataset.datatype.DefaultDataTypeFactory[_toleratedDeltaMap=org.dbunit.dataset.datatype.ToleratedDeltaMap@6452310a], http://www.dbunit.org/properties/escapePattern=null, http://www.dbunit.org/properties/batchSize=100, http://www.dbunit.org/features/qualifiedTableNames=false, http://www.dbunit.org/properties/tableType=[Ljava.lang.String;@5011bafa, http://www.dbunit.org/properties/resultSetTableFactory=org.dbunit.database.CachedResultSetTableFactory@10bcf083, http://www.dbunit.org/features/datatypeWarning=true}]) - start
194044 [main] TRACE org.dbunit.database.DatabaseConfig  - getFeature(name=http://www.dbunit.org/features/qualifiedTableNames) - start
194044 [main] TRACE org.dbunit.database.DatabaseConfig  - getProperty(name=http://www.dbunit.org/features/qualifiedTableNames) - start
194044 [main] DEBUG org.dbunit.util.QualifiedTableName  - Qualified table names feature is disabled. Returning plain table name
194044 [main] DEBUG org.dbunit.util.QualifiedTableName  - getQualifiedName(prefix=null, name=SCOPEDCONTENTCONDITIONS_SCOPEDCONTENTITEM, escapePattern=null) - start
194044 [main] DEBUG org.dbunit.util.QualifiedTableName  - getQualifiedNameIfEnabled(config=org.dbunit.database.DatabaseConfig[, _propertyMap={http://www.dbunit.org/properties/statementFactory=org.dbunit.database.statement.PreparedStatementFactory@626bc2b8, http://www.dbunit.org/features/caseSensitiveTableNames=false, http://www.dbunit.org/properties/fetchSize=100, http://www.dbunit.org/features/batchedStatements=false, http://www.dbunit.org/properties/metadataHandler=org.dbunit.database.DefaultMetadataHandler@3eeace42, http://www.dbunit.org/properties/datatypeFactory=org.dbunit.dataset.datatype.DefaultDataTypeFactory[_toleratedDeltaMap=org.dbunit.dataset.datatype.ToleratedDeltaMap@6452310a], http://www.dbunit.org/properties/escapePattern=null, http://www.dbunit.org/properties/batchSize=100, http://www.dbunit.org/features/qualifiedTableNames=false, http://www.dbunit.org/properties/tableType=[Ljava.lang.String;@5011bafa, http://www.dbunit.org/properties/resultSetTableFactory=org.dbunit.database.CachedResultSetTableFactory@10bcf083, http://www.dbunit.org/features/datatypeWarning=true}]) - start
194044 [main] TRACE org.dbunit.database.DatabaseConfig  - getFeature(name=http://www.dbunit.org/features/qualifiedTableNames) - start
194044 [main] TRACE org.dbunit.database.DatabaseConfig  - getProperty(name=http://www.dbunit.org/features/qualifiedTableNames) - start
194044 [main] DEBUG org.dbunit.util.QualifiedTableName  - Qualified table names feature is disabled. Returning plain table name
194044 [main] DEBUG org.dbunit.util.QualifiedTableName  - getQualifiedName(prefix=null, name=SCOPEDCONTENTCONDITION, escapePattern=null) - start
194044 [main] DEBUG org.dbunit.database.search.AbstractMetaDataBasedSearchCallback  - newEdge(rs=org.apache.commons.dbcp.DelegatingResultSet@2c6250e2, type=0, from=SCOPEDCONTENTCONDITIONS_SCOPEDCONTENTITEM, to=SCOPEDCONTENTCONDITION, fkColumn=SCOPED_CONTENT_CONDITION_ID, pkColumn=ID) - start
194044 [main] DEBUG org.dbunit.database.search.AbstractMetaDataBasedSearchCallback  - createFKEdge(rs=org.apache.commons.dbcp.DelegatingResultSet@2c6250e2, type=0, from=SCOPEDCONTENTCONDITIONS_SCOPEDCONTENTITEM, to=SCOPEDCONTENTCONDITION, fkColumn=SCOPED_CONTENT_CONDITION_ID, pkColumn=ID) - start
194044 [main] DEBUG org.dbunit.database.search.AbstractMetaDataBasedSearchCallback  - Adding edge SCOPEDCONTENTCONDITIONS_SCOPEDCONTENTITEM(SCOPED_CONTENT_CONDITION_ID)->SCOPEDCONTENTCONDITION(ID)
194044 [main] DEBUG org.dbunit.util.search.Edge  - compareTo(o=SCOPEDCONTENTCONDITIONS_SCOPEDCONTENTITEM(SCOPED_CONTENT_CONDITION_ID)->SCOPEDCONTENTCONDITION(ID)) - start
194044 [main] DEBUG org.dbunit.util.QualifiedTableName  - getQualifiedNameIfEnabled(config=org.dbunit.database.DatabaseConfig[, _propertyMap={http://www.dbunit.org/properties/statementFactory=org.dbunit.database.statement.PreparedStatementFactory@626bc2b8, http://www.dbunit.org/features/caseSensitiveTableNames=false, http://www.dbunit.org/properties/fetchSize=100, http://www.dbunit.org/features/batchedStatements=false, http://www.dbunit.org/properties/metadataHandler=org.dbunit.database.DefaultMetadataHandler@3eeace42, http://www.dbunit.org/properties/datatypeFactory=org.dbunit.dataset.datatype.DefaultDataTypeFactory[_toleratedDeltaMap=org.dbunit.dataset.datatype.ToleratedDeltaMap@6452310a], http://www.dbunit.org/properties/escapePattern=null, http://www.dbunit.org/properties/batchSize=100, http://www.dbunit.org/features/qualifiedTableNames=false, http://www.dbunit.org/properties/tableType=[Ljava.lang.String;@5011bafa, http://www.dbunit.org/properties/resultSetTableFactory=org.dbunit.database.CachedResultSetTableFactory@10bcf083, http://www.dbunit.org/features/datatypeWarning=true}]) - start
194044 [main] TRACE org.dbunit.database.DatabaseConfig  - getFeature(name=http://www.dbunit.org/features/qualifiedTableNames) - start
194044 [main] TRACE org.dbunit.database.DatabaseConfig  - getProperty(name=http://www.dbunit.org/features/qualifiedTableNames) - start
194044 [main] DEBUG org.dbunit.util.QualifiedTableName  - Qualified table names feature is disabled. Returning plain table name
194044 [main] DEBUG org.dbunit.util.QualifiedTableName  - getQualifiedName(prefix=null, name=SCOPEDCONTENTCONDITIONS_SCOPEDCONTENTITEM, escapePattern=null) - start
194044 [main] DEBUG org.dbunit.util.QualifiedTableName  - getQualifiedNameIfEnabled(config=org.dbunit.database.DatabaseConfig[, _propertyMap={http://www.dbunit.org/properties/statementFactory=org.dbunit.database.statement.PreparedStatementFactory@626bc2b8, http://www.dbunit.org/features/caseSensitiveTableNames=false, http://www.dbunit.org/properties/fetchSize=100, http://www.dbunit.org/features/batchedStatements=false, http://www.dbunit.org/properties/metadataHandler=org.dbunit.database.DefaultMetadataHandler@3eeace42, http://www.dbunit.org/properties/datatypeFactory=org.dbunit.dataset.datatype.DefaultDataTypeFactory[_toleratedDeltaMap=org.dbunit.dataset.datatype.ToleratedDeltaMap@6452310a], http://www.dbunit.org/properties/escapePattern=null, http://www.dbunit.org/properties/batchSize=100, http://www.dbunit.org/features/qualifiedTableNames=false, http://www.dbunit.org/properties/tableType=[Ljava.lang.String;@5011bafa, http://www.dbunit.org/properties/resultSetTableFactory=org.dbunit.database.CachedResultSetTableFactory@10bcf083, http://www.dbunit.org/features/datatypeWarning=true}]) - start
194044 [main] TRACE org.dbunit.database.DatabaseConfig  - getFeature(name=http://www.dbunit.org/features/qualifiedTableNames) - start
194045 [main] TRACE org.dbunit.database.DatabaseConfig  - getProperty(name=http://www.dbunit.org/features/qualifiedTableNames) - start
194045 [main] DEBUG org.dbunit.util.QualifiedTableName  - Qualified table names feature is disabled. Returning plain table name
194045 [main] DEBUG org.dbunit.util.QualifiedTableName  - getQualifiedName(prefix=null, name=SCOPEDCONTENTITEM, escapePattern=null) - start
194045 [main] DEBUG org.dbunit.database.search.AbstractMetaDataBasedSearchCallback  - newEdge(rs=org.apache.commons.dbcp.DelegatingResultSet@2c6250e2, type=0, from=SCOPEDCONTENTCONDITIONS_SCOPEDCONTENTITEM, to=SCOPEDCONTENTITEM, fkColumn=SCOPED_CONTENT_ITEM_ID, pkColumn=ID) - start
194045 [main] DEBUG org.dbunit.database.search.AbstractMetaDataBasedSearchCallback  - createFKEdge(rs=org.apache.commons.dbcp.DelegatingResultSet@2c6250e2, type=0, from=SCOPEDCONTENTCONDITIONS_SCOPEDCONTENTITEM, to=SCOPEDCONTENTITEM, fkColumn=SCOPED_CONTENT_ITEM_ID, pkColumn=ID) - start
194045 [main] DEBUG org.dbunit.database.search.AbstractMetaDataBasedSearchCallback  - Adding edge SCOPEDCONTENTCONDITIONS_SCOPEDCONTENTITEM(SCOPED_CONTENT_ITEM_ID)->SCOPEDCONTENTITEM(ID)
194045 [main] DEBUG org.dbunit.util.search.Edge  - compareTo(o=SCOPEDCONTENTCONDITIONS_SCOPEDCONTENTITEM(SCOPED_CONTENT_CONDITION_ID)->SCOPEDCONTENTCONDITION(ID)) - start
194045 [main] DEBUG org.dbunit.util.SQLHelper  - close(resultSet=org.apache.commons.dbcp.DelegatingResultSet@2c6250e2) - start
194045 [main] DEBUG org.dbunit.util.search.DepthFirstSearch  - search:SCOPEDCONTENTCONDITION
194045 [main] DEBUG org.dbunit.database.search.ImportedKeysSearchCallback  - searchNode(node=SCOPEDCONTENTCONDITION) - start
194045 [main] DEBUG org.dbunit.util.search.DepthFirstSearch  - Pushing SCOPEDCONTENTCONDITION
194045 [main] DEBUG org.dbunit.database.search.ImportedKeysSearchCallback  - getEdges(node=SCOPEDCONTENTCONDITION) - start
194045 [main] DEBUG org.dbunit.database.search.AbstractMetaDataBasedSearchCallback  - getNodesFromImportedKeys(node=SCOPEDCONTENTCONDITION) - start
194045 [main] DEBUG org.dbunit.database.search.AbstractMetaDataBasedSearchCallback  - getNodes(type=0, node=SCOPEDCONTENTCONDITION) - start
194045 [main] DEBUG org.dbunit.database.DatabaseDataSourceConnection  - getConnection() - start
194045 [main] DEBUG org.dbunit.database.search.AbstractMetaDataBasedSearchCallback  - getNodes(type=0, node=SCOPEDCONTENTCONDITION, conn=Transaction-aware proxy for target Connection [jdbc:hsqldb:mem:kontrollDS, UserName=sw, HSQL Database Engine Driver], schema=null, metaData=org.apache.commons.dbcp.DelegatingDatabaseMetaData@6aac3c31, edges=[]) - start
194045 [main] DEBUG org.dbunit.database.search.AbstractMetaDataBasedSearchCallback  - Getting edges for node SCOPEDCONTENTCONDITION
194045 [main] TRACE org.dbunit.database.DatabaseConfig  - getProperty(name=http://www.dbunit.org/properties/metadataHandler) - start
194045 [main] TRACE org.dbunit.database.DefaultMetadataHandler  - tableExists(metaData=org.apache.commons.dbcp.DelegatingDatabaseMetaData@6aac3c31, schemaName=null, tableName=SCOPEDCONTENTCONDITION) - start
194046 [main] DEBUG org.dbunit.util.SQLHelper  - close(resultSet=org.apache.commons.dbcp.DelegatingResultSet@60c5d4ba) - start
194046 [main] DEBUG org.dbunit.util.SQLHelper  - close(resultSet=org.apache.commons.dbcp.DelegatingResultSet@6ca61900) - start
194047 [main] DEBUG org.dbunit.util.search.DepthFirstSearch  - Adding node SCOPEDCONTENTCONDITION to the final result
194047 [main] DEBUG org.dbunit.util.search.DepthFirstSearch  - search:SCOPEDCONTENTITEM
194047 [main] DEBUG org.dbunit.database.search.ImportedKeysSearchCallback  - searchNode(node=SCOPEDCONTENTITEM) - start
194047 [main] DEBUG org.dbunit.util.search.DepthFirstSearch  - Pushing SCOPEDCONTENTITEM
194047 [main] DEBUG org.dbunit.database.search.ImportedKeysSearchCallback  - getEdges(node=SCOPEDCONTENTITEM) - start
194047 [main] DEBUG org.dbunit.database.search.AbstractMetaDataBasedSearchCallback  - getNodesFromImportedKeys(node=SCOPEDCONTENTITEM) - start
194047 [main] DEBUG org.dbunit.database.search.AbstractMetaDataBasedSearchCallback  - getNodes(type=0, node=SCOPEDCONTENTITEM) - start
194047 [main] DEBUG org.dbunit.database.DatabaseDataSourceConnection  - getConnection() - start
194047 [main] DEBUG org.dbunit.database.search.AbstractMetaDataBasedSearchCallback  - getNodes(type=0, node=SCOPEDCONTENTITEM, conn=Transaction-aware proxy for target Connection [jdbc:hsqldb:mem:kontrollDS, UserName=sw, HSQL Database Engine Driver], schema=null, metaData=org.apache.commons.dbcp.DelegatingDatabaseMetaData@cb386ba, edges=[]) - start
194047 [main] DEBUG org.dbunit.database.search.AbstractMetaDataBasedSearchCallback  - Getting edges for node SCOPEDCONTENTITEM
194047 [main] TRACE org.dbunit.database.DatabaseConfig  - getProperty(name=http://www.dbunit.org/properties/metadataHandler) - start
194047 [main] TRACE org.dbunit.database.DefaultMetadataHandler  - tableExists(metaData=org.apache.commons.dbcp.DelegatingDatabaseMetaData@cb386ba, schemaName=null, tableName=SCOPEDCONTENTITEM) - start
194048 [main] DEBUG org.dbunit.util.SQLHelper  - close(resultSet=org.apache.commons.dbcp.DelegatingResultSet@62afabef) - start
194048 [main] DEBUG org.dbunit.util.SQLHelper  - close(resultSet=org.apache.commons.dbcp.DelegatingResultSet@6b1a22a1) - start
194048 [main] DEBUG org.dbunit.util.search.DepthFirstSearch  - Adding node SCOPEDCONTENTITEM to the final result
194048 [main] DEBUG org.dbunit.util.search.DepthFirstSearch  - Adding node SCOPEDCONTENTCONDITIONS_SCOPEDCONTENTITEM to the final result
194049 [main] DEBUG org.dbunit.util.search.DepthFirstSearch  - reverseSearch:SCOPEDCONTENTITEM
194049 [main] DEBUG org.dbunit.database.search.ImportedKeysSearchCallback  - searchNode(node=SCOPEDCONTENTITEM) - start
194049 [main] DEBUG org.dbunit.util.search.DepthFirstSearch  - Pushing (reverse) SCOPEDCONTENTITEM
194049 [main] DEBUG org.dbunit.database.search.ImportedKeysSearchCallback  - getEdges(node=SCOPEDCONTENTITEM) - start
194049 [main] DEBUG org.dbunit.database.search.AbstractMetaDataBasedSearchCallback  - getNodesFromImportedKeys(node=SCOPEDCONTENTITEM) - start
194049 [main] DEBUG org.dbunit.database.search.AbstractMetaDataBasedSearchCallback  - getNodes(type=0, node=SCOPEDCONTENTITEM) - start
194049 [main] DEBUG org.dbunit.database.DatabaseDataSourceConnection  - getConnection() - start
194049 [main] DEBUG org.dbunit.database.search.AbstractMetaDataBasedSearchCallback  - getNodes(type=0, node=SCOPEDCONTENTITEM, conn=Transaction-aware proxy for target Connection [jdbc:hsqldb:mem:kontrollDS, UserName=sw, HSQL Database Engine Driver], schema=null, metaData=org.apache.commons.dbcp.DelegatingDatabaseMetaData@d7aef6, edges=[]) - start
194049 [main] DEBUG org.dbunit.database.search.AbstractMetaDataBasedSearchCallback  - Getting edges for node SCOPEDCONTENTITEM
194049 [main] TRACE org.dbunit.database.DatabaseConfig  - getProperty(name=http://www.dbunit.org/properties/metadataHandler) - start
194049 [main] TRACE org.dbunit.database.DefaultMetadataHandler  - tableExists(metaData=org.apache.commons.dbcp.DelegatingDatabaseMetaData@d7aef6, schemaName=null, tableName=SCOPEDCONTENTITEM) - start
194050 [main] DEBUG org.dbunit.util.SQLHelper  - close(resultSet=org.apache.commons.dbcp.DelegatingResultSet@4a6fd070) - start
194050 [main] DEBUG org.dbunit.util.SQLHelper  - close(resultSet=org.apache.commons.dbcp.DelegatingResultSet@2fe728b5) - start
194050 [main] DEBUG org.dbunit.util.search.DepthFirstSearch  - reverseSearch:SCOPEDCONTENTCONDITIONS_SCOPEDCONTENTITEM
194050 [main] DEBUG org.dbunit.util.search.DepthFirstSearch  - already searched; returning true
194050 [main] DEBUG org.dbunit.util.search.DepthFirstSearch  - reverseSearch:SCOPEDCONTENTCONDITION
194050 [main] DEBUG org.dbunit.database.search.ImportedKeysSearchCallback  - searchNode(node=SCOPEDCONTENTCONDITION) - start
194050 [main] DEBUG org.dbunit.util.search.DepthFirstSearch  - Pushing (reverse) SCOPEDCONTENTCONDITION
194051 [main] DEBUG org.dbunit.database.search.ImportedKeysSearchCallback  - getEdges(node=SCOPEDCONTENTCONDITION) - start
194051 [main] DEBUG org.dbunit.database.search.AbstractMetaDataBasedSearchCallback  - getNodesFromImportedKeys(node=SCOPEDCONTENTCONDITION) - start
194051 [main] DEBUG org.dbunit.database.search.AbstractMetaDataBasedSearchCallback  - getNodes(type=0, node=SCOPEDCONTENTCONDITION) - start
194051 [main] DEBUG org.dbunit.database.DatabaseDataSourceConnection  - getConnection() - start
194051 [main] DEBUG org.dbunit.database.search.AbstractMetaDataBasedSearchCallback  - getNodes(type=0, node=SCOPEDCONTENTCONDITION, conn=Transaction-aware proxy for target Connection [jdbc:hsqldb:mem:kontrollDS, UserName=sw, HSQL Database Engine Driver], schema=null, metaData=org.apache.commons.dbcp.DelegatingDatabaseMetaData@71219ba4, edges=[]) - start
194051 [main] DEBUG org.dbunit.database.search.AbstractMetaDataBasedSearchCallback  - Getting edges for node SCOPEDCONTENTCONDITION
194051 [main] TRACE org.dbunit.database.DatabaseConfig  - getProperty(name=http://www.dbunit.org/properties/metadataHandler) - start
194051 [main] TRACE org.dbunit.database.DefaultMetadataHandler  - tableExists(metaData=org.apache.commons.dbcp.DelegatingDatabaseMetaData@71219ba4, schemaName=null, tableName=SCOPEDCONTENTCONDITION) - start
194052 [main] DEBUG org.dbunit.util.SQLHelper  - close(resultSet=org.apache.commons.dbcp.DelegatingResultSet@7e03921) - start
194052 [main] DEBUG org.dbunit.util.SQLHelper  - close(resultSet=org.apache.commons.dbcp.DelegatingResultSet@9a677b5) - start
194053 [main] DEBUG org.dbunit.util.search.DepthFirstSearch  - search:SCOPEDCONTENTCONDITIONS_SCOPEDCONTENTITEM
194053 [main] DEBUG org.dbunit.util.search.DepthFirstSearch  - already searched; returning true
194053 [main] DEBUG org.dbunit.util.search.DepthFirstSearch  - search:SCOPEDCONTENTITEM
194053 [main] DEBUG org.dbunit.util.search.DepthFirstSearch  - already searched; returning true
194053 [main] DEBUG org.dbunit.util.search.DepthFirstSearch  - search:SCOPEDCONTENTCONDITION
194053 [main] DEBUG org.dbunit.util.search.DepthFirstSearch  - already searched; returning true
194053 [main] DEBUG org.dbunit.util.CollectionsHelper  - setToStrings(set=[SCOPEDCONTENTCONDITION, SCOPEDCONTENTITEM, SCOPEDCONTENTCONDITIONS_SCOPEDCONTENTITEM]) - start
194053 [main] DEBUG org.dbunit.database.search.TablesDependencyHelper  - getDependsOnTables(connection=_databaseConfig=org.dbunit.database.DatabaseConfig[, _propertyMap={http://www.dbunit.org/properties/statementFactory=org.dbunit.database.statement.PreparedStatementFactory@626bc2b8, http://www.dbunit.org/features/caseSensitiveTableNames=false, http://www.dbunit.org/properties/fetchSize=100, http://www.dbunit.org/features/batchedStatements=false, http://www.dbunit.org/properties/metadataHandler=org.dbunit.database.DefaultMetadataHandler@3eeace42, http://www.dbunit.org/properties/datatypeFactory=org.dbunit.dataset.datatype.DefaultDataTypeFactory[_toleratedDeltaMap=org.dbunit.dataset.datatype.ToleratedDeltaMap@6452310a], http://www.dbunit.org/properties/escapePattern=null, http://www.dbunit.org/properties/batchSize=100, http://www.dbunit.org/features/qualifiedTableNames=false, http://www.dbunit.org/properties/tableType=[Ljava.lang.String;@5011bafa, http://www.dbunit.org/properties/resultSetTableFactory=org.dbunit.database.CachedResultSetTableFactory@10bcf083, http://www.dbunit.org/features/datatypeWarning=true}], _dataSet=AbstractDataSet[_orderedTableNameMap=null], rootTable=SCOPEDCONTENTCONDITIONS_SCOPEDCONTENTITEM) - start
194053 [main] DEBUG org.dbunit.util.search.DepthFirstSearch  - search(nodesFrom=[SCOPEDCONTENTCONDITIONS_SCOPEDCONTENTITEM], callback=org.dbunit.database.search.ExportedKeysSearchCallback@2f68a91d) - start
194053 [main] DEBUG org.dbunit.util.CollectionsHelper  - objectsToSet(objects=SCOPEDCONTENTCONDITIONS_SCOPEDCONTENTITEM) - start
194053 [main] DEBUG org.dbunit.util.search.DepthFirstSearch  - search(nodesFrom=[SCOPEDCONTENTCONDITIONS_SCOPEDCONTENTITEM], callback=org.dbunit.database.search.ExportedKeysSearchCallback@2f68a91d) - start
194053 [main] DEBUG org.dbunit.util.search.DepthFirstSearch  - reverseSearch:SCOPEDCONTENTCONDITIONS_SCOPEDCONTENTITEM
194053 [main] DEBUG org.dbunit.database.search.ExportedKeysSearchCallback  - searchNode(node=SCOPEDCONTENTCONDITIONS_SCOPEDCONTENTITEM) - start
194053 [main] DEBUG org.dbunit.util.search.DepthFirstSearch  - Pushing (reverse) SCOPEDCONTENTCONDITIONS_SCOPEDCONTENTITEM
194053 [main] DEBUG org.dbunit.database.search.ExportedKeysSearchCallback  - getEdges(node=SCOPEDCONTENTCONDITIONS_SCOPEDCONTENTITEM) - start
194053 [main] DEBUG org.dbunit.database.search.AbstractMetaDataBasedSearchCallback  - getNodesFromExportedKeys(node=SCOPEDCONTENTCONDITIONS_SCOPEDCONTENTITEM) - start
194053 [main] DEBUG org.dbunit.database.search.AbstractMetaDataBasedSearchCallback  - getNodes(type=1, node=SCOPEDCONTENTCONDITIONS_SCOPEDCONTENTITEM) - start
194053 [main] DEBUG org.dbunit.database.DatabaseDataSourceConnection  - getConnection() - start
194053 [main] DEBUG org.dbunit.database.search.AbstractMetaDataBasedSearchCallback  - getNodes(type=1, node=SCOPEDCONTENTCONDITIONS_SCOPEDCONTENTITEM, conn=Transaction-aware proxy for target Connection [jdbc:hsqldb:mem:kontrollDS, UserName=sw, HSQL Database Engine Driver], schema=null, metaData=org.apache.commons.dbcp.DelegatingDatabaseMetaData@36c73c, edges=[]) - start
194053 [main] DEBUG org.dbunit.database.search.AbstractMetaDataBasedSearchCallback  - Getting edges for node SCOPEDCONTENTCONDITIONS_SCOPEDCONTENTITEM
194054 [main] TRACE org.dbunit.database.DatabaseConfig  - getProperty(name=http://www.dbunit.org/properties/metadataHandler) - start
194054 [main] TRACE org.dbunit.database.DefaultMetadataHandler  - tableExists(metaData=org.apache.commons.dbcp.DelegatingDatabaseMetaData@36c73c, schemaName=null, tableName=SCOPEDCONTENTCONDITIONS_SCOPEDCONTENTITEM) - start
194055 [main] DEBUG org.dbunit.util.SQLHelper  - close(resultSet=org.apache.commons.dbcp.DelegatingResultSet@68e45c11) - start
194055 [main] DEBUG org.dbunit.util.SQLHelper  - close(resultSet=org.apache.commons.dbcp.DelegatingResultSet@fd89f9a) - start
194055 [main] DEBUG org.dbunit.util.search.DepthFirstSearch  - search:SCOPEDCONTENTCONDITIONS_SCOPEDCONTENTITEM
194055 [main] DEBUG org.dbunit.database.search.ExportedKeysSearchCallback  - searchNode(node=SCOPEDCONTENTCONDITIONS_SCOPEDCONTENTITEM) - start
194055 [main] DEBUG org.dbunit.util.search.DepthFirstSearch  - Pushing SCOPEDCONTENTCONDITIONS_SCOPEDCONTENTITEM
194055 [main] DEBUG org.dbunit.database.search.ExportedKeysSearchCallback  - getEdges(node=SCOPEDCONTENTCONDITIONS_SCOPEDCONTENTITEM) - start
194055 [main] DEBUG org.dbunit.database.search.AbstractMetaDataBasedSearchCallback  - getNodesFromExportedKeys(node=SCOPEDCONTENTCONDITIONS_SCOPEDCONTENTITEM) - start
194055 [main] DEBUG org.dbunit.database.search.AbstractMetaDataBasedSearchCallback  - getNodes(type=1, node=SCOPEDCONTENTCONDITIONS_SCOPEDCONTENTITEM) - start
194055 [main] DEBUG org.dbunit.database.DatabaseDataSourceConnection  - getConnection() - start
194055 [main] DEBUG org.dbunit.database.search.AbstractMetaDataBasedSearchCallback  - getNodes(type=1, node=SCOPEDCONTENTCONDITIONS_SCOPEDCONTENTITEM, conn=Transaction-aware proxy for target Connection [jdbc:hsqldb:mem:kontrollDS, UserName=sw, HSQL Database Engine Driver], schema=null, metaData=org.apache.commons.dbcp.DelegatingDatabaseMetaData@56d63f96, edges=[]) - start
194055 [main] DEBUG org.dbunit.database.search.AbstractMetaDataBasedSearchCallback  - Getting edges for node SCOPEDCONTENTCONDITIONS_SCOPEDCONTENTITEM
194055 [main] TRACE org.dbunit.database.DatabaseConfig  - getProperty(name=http://www.dbunit.org/properties/metadataHandler) - start
194055 [main] TRACE org.dbunit.database.DefaultMetadataHandler  - tableExists(metaData=org.apache.commons.dbcp.DelegatingDatabaseMetaData@56d63f96, schemaName=null, tableName=SCOPEDCONTENTCONDITIONS_SCOPEDCONTENTITEM) - start
194056 [main] DEBUG org.dbunit.util.SQLHelper  - close(resultSet=org.apache.commons.dbcp.DelegatingResultSet@5ce9f657) - start
194057 [main] DEBUG org.dbunit.util.SQLHelper  - close(resultSet=org.apache.commons.dbcp.DelegatingResultSet@63035ea2) - start
194057 [main] DEBUG org.dbunit.util.search.DepthFirstSearch  - Adding node SCOPEDCONTENTCONDITIONS_SCOPEDCONTENTITEM to the final result
194057 [main] DEBUG org.dbunit.util.CollectionsHelper  - setToStrings(set=[SCOPEDCONTENTCONDITIONS_SCOPEDCONTENTITEM]) - start
194057 [main] DEBUG org.dbunit.database.search.TablesDependencyHelper  - getDirectDependsOnTables(connection=_databaseConfig=org.dbunit.database.DatabaseConfig[, _propertyMap={http://www.dbunit.org/properties/statementFactory=org.dbunit.database.statement.PreparedStatementFactory@626bc2b8, http://www.dbunit.org/features/caseSensitiveTableNames=false, http://www.dbunit.org/properties/fetchSize=100, http://www.dbunit.org/features/batchedStatements=false, http://www.dbunit.org/properties/metadataHandler=org.dbunit.database.DefaultMetadataHandler@3eeace42, http://www.dbunit.org/properties/datatypeFactory=org.dbunit.dataset.datatype.DefaultDataTypeFactory[_toleratedDeltaMap=org.dbunit.dataset.datatype.ToleratedDeltaMap@6452310a], http://www.dbunit.org/properties/escapePattern=null, http://www.dbunit.org/properties/batchSize=100, http://www.dbunit.org/features/qualifiedTableNames=false, http://www.dbunit.org/properties/tableType=[Ljava.lang.String;@5011bafa, http://www.dbunit.org/properties/resultSetTableFactory=org.dbunit.database.CachedResultSetTableFactory@10bcf083, http://www.dbunit.org/features/datatypeWarning=true}], _dataSet=AbstractDataSet[_orderedTableNameMap=null], tableName=SCOPEDCONTENTCONDITIONS_SCOPEDCONTENTITEM) - start
194057 [main] DEBUG org.dbunit.util.search.DepthFirstSearch  - search(nodesFrom=[SCOPEDCONTENTCONDITIONS_SCOPEDCONTENTITEM], callback=org.dbunit.database.search.ExportedKeysSearchCallback@420eed90) - start
194057 [main] DEBUG org.dbunit.util.CollectionsHelper  - objectsToSet(objects=SCOPEDCONTENTCONDITIONS_SCOPEDCONTENTITEM) - start
194057 [main] DEBUG org.dbunit.util.search.DepthFirstSearch  - search(nodesFrom=[SCOPEDCONTENTCONDITIONS_SCOPEDCONTENTITEM], callback=org.dbunit.database.search.ExportedKeysSearchCallback@420eed90) - start
194057 [main] DEBUG org.dbunit.util.search.DepthFirstSearch  - reverseSearch:SCOPEDCONTENTCONDITIONS_SCOPEDCONTENTITEM
194057 [main] DEBUG org.dbunit.database.search.ExportedKeysSearchCallback  - searchNode(node=SCOPEDCONTENTCONDITIONS_SCOPEDCONTENTITEM) - start
194057 [main] DEBUG org.dbunit.util.search.DepthFirstSearch  - Pushing (reverse) SCOPEDCONTENTCONDITIONS_SCOPEDCONTENTITEM
194057 [main] DEBUG org.dbunit.database.search.ExportedKeysSearchCallback  - getEdges(node=SCOPEDCONTENTCONDITIONS_SCOPEDCONTENTITEM) - start
194057 [main] DEBUG org.dbunit.database.search.AbstractMetaDataBasedSearchCallback  - getNodesFromExportedKeys(node=SCOPEDCONTENTCONDITIONS_SCOPEDCONTENTITEM) - start
194057 [main] DEBUG org.dbunit.database.search.AbstractMetaDataBasedSearchCallback  - getNodes(type=1, node=SCOPEDCONTENTCONDITIONS_SCOPEDCONTENTITEM) - start
194057 [main] DEBUG org.dbunit.database.DatabaseDataSourceConnection  - getConnection() - start
194058 [main] DEBUG org.dbunit.database.search.AbstractMetaDataBasedSearchCallback  - getNodes(type=1, node=SCOPEDCONTENTCONDITIONS_SCOPEDCONTENTITEM, conn=Transaction-aware proxy for target Connection [jdbc:hsqldb:mem:kontrollDS, UserName=sw, HSQL Database Engine Driver], schema=null, metaData=org.apache.commons.dbcp.DelegatingDatabaseMetaData@620eaad1, edges=[]) - start
194059 [main] DEBUG org.dbunit.database.search.AbstractMetaDataBasedSearchCallback  - Getting edges for node SCOPEDCONTENTCONDITIONS_SCOPEDCONTENTITEM
194060 [main] TRACE org.dbunit.database.DatabaseConfig  - getProperty(name=http://www.dbunit.org/properties/metadataHandler) - start
194060 [main] TRACE org.dbunit.database.DefaultMetadataHandler  - tableExists(metaData=org.apache.commons.dbcp.DelegatingDatabaseMetaData@620eaad1, schemaName=null, tableName=SCOPEDCONTENTCONDITIONS_SCOPEDCONTENTITEM) - start
194061 [main] DEBUG org.dbunit.util.SQLHelper  - close(resultSet=org.apache.commons.dbcp.DelegatingResultSet@a1e1bc8) - start
194061 [main] DEBUG org.dbunit.util.SQLHelper  - close(resultSet=org.apache.commons.dbcp.DelegatingResultSet@132829c0) - start
194061 [main] DEBUG org.dbunit.util.search.DepthFirstSearch  - search:SCOPEDCONTENTCONDITIONS_SCOPEDCONTENTITEM
194061 [main] DEBUG org.dbunit.database.search.ExportedKeysSearchCallback  - searchNode(node=SCOPEDCONTENTCONDITIONS_SCOPEDCONTENTITEM) - start
194061 [main] DEBUG org.dbunit.util.search.DepthFirstSearch  - Pushing SCOPEDCONTENTCONDITIONS_SCOPEDCONTENTITEM
194061 [main] DEBUG org.dbunit.database.search.ExportedKeysSearchCallback  - getEdges(node=SCOPEDCONTENTCONDITIONS_SCOPEDCONTENTITEM) - start
194061 [main] DEBUG org.dbunit.database.search.AbstractMetaDataBasedSearchCallback  - getNodesFromExportedKeys(node=SCOPEDCONTENTCONDITIONS_SCOPEDCONTENTITEM) - start
194061 [main] DEBUG org.dbunit.database.search.AbstractMetaDataBasedSearchCallback  - getNodes(type=1, node=SCOPEDCONTENTCONDITIONS_SCOPEDCONTENTITEM) - start
194061 [main] DEBUG org.dbunit.database.DatabaseDataSourceConnection  - getConnection() - start
194061 [main] DEBUG org.dbunit.database.search.AbstractMetaDataBasedSearchCallback  - getNodes(type=1, node=SCOPEDCONTENTCONDITIONS_SCOPEDCONTENTITEM, conn=Transaction-aware proxy for target Connection [jdbc:hsqldb:mem:kontrollDS, UserName=sw, HSQL Database Engine Driver], schema=null, metaData=org.apache.commons.dbcp.DelegatingDatabaseMetaData@31cd0613, edges=[]) - start
194061 [main] DEBUG org.dbunit.database.search.AbstractMetaDataBasedSearchCallback  - Getting edges for node SCOPEDCONTENTCONDITIONS_SCOPEDCONTENTITEM
194061 [main] TRACE org.dbunit.database.DatabaseConfig  - getProperty(name=http://www.dbunit.org/properties/metadataHandler) - start
194061 [main] TRACE org.dbunit.database.DefaultMetadataHandler  - tableExists(metaData=org.apache.commons.dbcp.DelegatingDatabaseMetaData@31cd0613, schemaName=null, tableName=SCOPEDCONTENTCONDITIONS_SCOPEDCONTENTITEM) - start
194062 [main] DEBUG org.dbunit.util.SQLHelper  - close(resultSet=org.apache.commons.dbcp.DelegatingResultSet@1fd2005a) - start
194062 [main] DEBUG org.dbunit.util.SQLHelper  - close(resultSet=org.apache.commons.dbcp.DelegatingResultSet@78323a84) - start
194062 [main] DEBUG org.dbunit.util.search.DepthFirstSearch  - Adding node SCOPEDCONTENTCONDITIONS_SCOPEDCONTENTITEM to the final result
194063 [main] DEBUG org.dbunit.database.search.TablesDependencyHelper  - getDirectDependentTables(connection=_databaseConfig=org.dbunit.database.DatabaseConfig[, _propertyMap={http://www.dbunit.org/properties/statementFactory=org.dbunit.database.statement.PreparedStatementFactory@626bc2b8, http://www.dbunit.org/features/caseSensitiveTableNames=false, http://www.dbunit.org/properties/fetchSize=100, http://www.dbunit.org/features/batchedStatements=false, http://www.dbunit.org/properties/metadataHandler=org.dbunit.database.DefaultMetadataHandler@3eeace42, http://www.dbunit.org/properties/datatypeFactory=org.dbunit.dataset.datatype.DefaultDataTypeFactory[_toleratedDeltaMap=org.dbunit.dataset.datatype.ToleratedDeltaMap@6452310a], http://www.dbunit.org/properties/escapePattern=null, http://www.dbunit.org/properties/batchSize=100, http://www.dbunit.org/features/qualifiedTableNames=false, http://www.dbunit.org/properties/tableType=[Ljava.lang.String;@5011bafa, http://www.dbunit.org/properties/resultSetTableFactory=org.dbunit.database.CachedResultSetTableFactory@10bcf083, http://www.dbunit.org/features/datatypeWarning=true}], _dataSet=AbstractDataSet[_orderedTableNameMap=null], tableName=SCOPEDCONTENTCONDITIONS_SCOPEDCONTENTITEM) - start
194063 [main] DEBUG org.dbunit.util.search.DepthFirstSearch  - search(nodesFrom=[SCOPEDCONTENTCONDITIONS_SCOPEDCONTENTITEM], callback=org.dbunit.database.search.ImportedKeysSearchCallback@42b270e7) - start
194063 [main] DEBUG org.dbunit.util.CollectionsHelper  - objectsToSet(objects=SCOPEDCONTENTCONDITIONS_SCOPEDCONTENTITEM) - start
194063 [main] DEBUG org.dbunit.util.search.DepthFirstSearch  - search(nodesFrom=[SCOPEDCONTENTCONDITIONS_SCOPEDCONTENTITEM], callback=org.dbunit.database.search.ImportedKeysSearchCallback@42b270e7) - start
194063 [main] DEBUG org.dbunit.util.search.DepthFirstSearch  - reverseSearch:SCOPEDCONTENTCONDITIONS_SCOPEDCONTENTITEM
194063 [main] DEBUG org.dbunit.database.search.ImportedKeysSearchCallback  - searchNode(node=SCOPEDCONTENTCONDITIONS_SCOPEDCONTENTITEM) - start
194063 [main] DEBUG org.dbunit.util.search.DepthFirstSearch  - Pushing (reverse) SCOPEDCONTENTCONDITIONS_SCOPEDCONTENTITEM
194063 [main] DEBUG org.dbunit.database.search.ImportedKeysSearchCallback  - getEdges(node=SCOPEDCONTENTCONDITIONS_SCOPEDCONTENTITEM) - start
194063 [main] DEBUG org.dbunit.database.search.AbstractMetaDataBasedSearchCallback  - getNodesFromImportedKeys(node=SCOPEDCONTENTCONDITIONS_SCOPEDCONTENTITEM) - start
194063 [main] DEBUG org.dbunit.database.search.AbstractMetaDataBasedSearchCallback  - getNodes(type=0, node=SCOPEDCONTENTCONDITIONS_SCOPEDCONTENTITEM) - start
194063 [main] DEBUG org.dbunit.database.DatabaseDataSourceConnection  - getConnection() - start
194063 [main] DEBUG org.dbunit.database.search.AbstractMetaDataBasedSearchCallback  - getNodes(type=0, node=SCOPEDCONTENTCONDITIONS_SCOPEDCONTENTITEM, conn=Transaction-aware proxy for target Connection [jdbc:hsqldb:mem:kontrollDS, UserName=sw, HSQL Database Engine Driver], schema=null, metaData=org.apache.commons.dbcp.DelegatingDatabaseMetaData@51126fe6, edges=[]) - start
194063 [main] DEBUG org.dbunit.database.search.AbstractMetaDataBasedSearchCallback  - Getting edges for node SCOPEDCONTENTCONDITIONS_SCOPEDCONTENTITEM
194063 [main] TRACE org.dbunit.database.DatabaseConfig  - getProperty(name=http://www.dbunit.org/properties/metadataHandler) - start
194063 [main] TRACE org.dbunit.database.DefaultMetadataHandler  - tableExists(metaData=org.apache.commons.dbcp.DelegatingDatabaseMetaData@51126fe6, schemaName=null, tableName=SCOPEDCONTENTCONDITIONS_SCOPEDCONTENTITEM) - start
194064 [main] DEBUG org.dbunit.util.SQLHelper  - close(resultSet=org.apache.commons.dbcp.DelegatingResultSet@74a371aa) - start
194065 [main] DEBUG org.dbunit.util.QualifiedTableName  - getQualifiedNameIfEnabled(config=org.dbunit.database.DatabaseConfig[, _propertyMap={http://www.dbunit.org/properties/statementFactory=org.dbunit.database.statement.PreparedStatementFactory@626bc2b8, http://www.dbunit.org/features/caseSensitiveTableNames=false, http://www.dbunit.org/properties/fetchSize=100, http://www.dbunit.org/features/batchedStatements=false, http://www.dbunit.org/properties/metadataHandler=org.dbunit.database.DefaultMetadataHandler@3eeace42, http://www.dbunit.org/properties/datatypeFactory=org.dbunit.dataset.datatype.DefaultDataTypeFactory[_toleratedDeltaMap=org.dbunit.dataset.datatype.ToleratedDeltaMap@6452310a], http://www.dbunit.org/properties/escapePattern=null, http://www.dbunit.org/properties/batchSize=100, http://www.dbunit.org/features/qualifiedTableNames=false, http://www.dbunit.org/properties/tableType=[Ljava.lang.String;@5011bafa, http://www.dbunit.org/properties/resultSetTableFactory=org.dbunit.database.CachedResultSetTableFactory@10bcf083, http://www.dbunit.org/features/datatypeWarning=true}]) - start
194065 [main] TRACE org.dbunit.database.DatabaseConfig  - getFeature(name=http://www.dbunit.org/features/qualifiedTableNames) - start
194065 [main] TRACE org.dbunit.database.DatabaseConfig  - getProperty(name=http://www.dbunit.org/features/qualifiedTableNames) - start
194065 [main] DEBUG org.dbunit.util.QualifiedTableName  - Qualified table names feature is disabled. Returning plain table name
194065 [main] DEBUG org.dbunit.util.QualifiedTableName  - getQualifiedName(prefix=null, name=SCOPEDCONTENTCONDITIONS_SCOPEDCONTENTITEM, escapePattern=null) - start
194065 [main] DEBUG org.dbunit.util.QualifiedTableName  - getQualifiedNameIfEnabled(config=org.dbunit.database.DatabaseConfig[, _propertyMap={http://www.dbunit.org/properties/statementFactory=org.dbunit.database.statement.PreparedStatementFactory@626bc2b8, http://www.dbunit.org/features/caseSensitiveTableNames=false, http://www.dbunit.org/properties/fetchSize=100, http://www.dbunit.org/features/batchedStatements=false, http://www.dbunit.org/properties/metadataHandler=org.dbunit.database.DefaultMetadataHandler@3eeace42, http://www.dbunit.org/properties/datatypeFactory=org.dbunit.dataset.datatype.DefaultDataTypeFactory[_toleratedDeltaMap=org.dbunit.dataset.datatype.ToleratedDeltaMap@6452310a], http://www.dbunit.org/properties/escapePattern=null, http://www.dbunit.org/properties/batchSize=100, http://www.dbunit.org/features/qualifiedTableNames=false, http://www.dbunit.org/properties/tableType=[Ljava.lang.String;@5011bafa, http://www.dbunit.org/properties/resultSetTableFactory=org.dbunit.database.CachedResultSetTableFactory@10bcf083, http://www.dbunit.org/features/datatypeWarning=true}]) - start
194065 [main] TRACE org.dbunit.database.DatabaseConfig  - getFeature(name=http://www.dbunit.org/features/qualifiedTableNames) - start
194065 [main] TRACE org.dbunit.database.DatabaseConfig  - getProperty(name=http://www.dbunit.org/features/qualifiedTableNames) - start
194065 [main] DEBUG org.dbunit.util.QualifiedTableName  - Qualified table names feature is disabled. Returning plain table name
194065 [main] DEBUG org.dbunit.util.QualifiedTableName  - getQualifiedName(prefix=null, name=SCOPEDCONTENTCONDITION, escapePattern=null) - start
194065 [main] DEBUG org.dbunit.database.search.AbstractMetaDataBasedSearchCallback  - newEdge(rs=org.apache.commons.dbcp.DelegatingResultSet@9122a37, type=0, from=SCOPEDCONTENTCONDITIONS_SCOPEDCONTENTITEM, to=SCOPEDCONTENTCONDITION, fkColumn=SCOPED_CONTENT_CONDITION_ID, pkColumn=ID) - start
194065 [main] DEBUG org.dbunit.database.search.AbstractMetaDataBasedSearchCallback  - createFKEdge(rs=org.apache.commons.dbcp.DelegatingResultSet@9122a37, type=0, from=SCOPEDCONTENTCONDITIONS_SCOPEDCONTENTITEM, to=SCOPEDCONTENTCONDITION, fkColumn=SCOPED_CONTENT_CONDITION_ID, pkColumn=ID) - start
194065 [main] DEBUG org.dbunit.database.search.AbstractMetaDataBasedSearchCallback  - Adding edge SCOPEDCONTENTCONDITIONS_SCOPEDCONTENTITEM(SCOPED_CONTENT_CONDITION_ID)->SCOPEDCONTENTCONDITION(ID)
194065 [main] DEBUG org.dbunit.util.search.Edge  - compareTo(o=SCOPEDCONTENTCONDITIONS_SCOPEDCONTENTITEM(SCOPED_CONTENT_CONDITION_ID)->SCOPEDCONTENTCONDITION(ID)) - start
194065 [main] DEBUG org.dbunit.util.QualifiedTableName  - getQualifiedNameIfEnabled(config=org.dbunit.database.DatabaseConfig[, _propertyMap={http://www.dbunit.org/properties/statementFactory=org.dbunit.database.statement.PreparedStatementFactory@626bc2b8, http://www.dbunit.org/features/caseSensitiveTableNames=false, http://www.dbunit.org/properties/fetchSize=100, http://www.dbunit.org/features/batchedStatements=false, http://www.dbunit.org/properties/metadataHandler=org.dbunit.database.DefaultMetadataHandler@3eeace42, http://www.dbunit.org/properties/datatypeFactory=org.dbunit.dataset.datatype.DefaultDataTypeFactory[_toleratedDeltaMap=org.dbunit.dataset.datatype.ToleratedDeltaMap@6452310a], http://www.dbunit.org/properties/escapePattern=null, http://www.dbunit.org/properties/batchSize=100, http://www.dbunit.org/features/qualifiedTableNames=false, http://www.dbunit.org/properties/tableType=[Ljava.lang.String;@5011bafa, http://www.dbunit.org/properties/resultSetTableFactory=org.dbunit.database.CachedResultSetTableFactory@10bcf083, http://www.dbunit.org/features/datatypeWarning=true}]) - start
194065 [main] TRACE org.dbunit.database.DatabaseConfig  - getFeature(name=http://www.dbunit.org/features/qualifiedTableNames) - start
194065 [main] TRACE org.dbunit.database.DatabaseConfig  - getProperty(name=http://www.dbunit.org/features/qualifiedTableNames) - start
194065 [main] DEBUG org.dbunit.util.QualifiedTableName  - Qualified table names feature is disabled. Returning plain table name
194066 [main] DEBUG org.dbunit.util.QualifiedTableName  - getQualifiedName(prefix=null, name=SCOPEDCONTENTCONDITIONS_SCOPEDCONTENTITEM, escapePattern=null) - start
194066 [main] DEBUG org.dbunit.util.QualifiedTableName  - getQualifiedNameIfEnabled(config=org.dbunit.database.DatabaseConfig[, _propertyMap={http://www.dbunit.org/properties/statementFactory=org.dbunit.database.statement.PreparedStatementFactory@626bc2b8, http://www.dbunit.org/features/caseSensitiveTableNames=false, http://www.dbunit.org/properties/fetchSize=100, http://www.dbunit.org/features/batchedStatements=false, http://www.dbunit.org/properties/metadataHandler=org.dbunit.database.DefaultMetadataHandler@3eeace42, http://www.dbunit.org/properties/datatypeFactory=org.dbunit.dataset.datatype.DefaultDataTypeFactory[_toleratedDeltaMap=org.dbunit.dataset.datatype.ToleratedDeltaMap@6452310a], http://www.dbunit.org/properties/escapePattern=null, http://www.dbunit.org/properties/batchSize=100, http://www.dbunit.org/features/qualifiedTableNames=false, http://www.dbunit.org/properties/tableType=[Ljava.lang.String;@5011bafa, http://www.dbunit.org/properties/resultSetTableFactory=org.dbunit.database.CachedResultSetTableFactory@10bcf083, http://www.dbunit.org/features/datatypeWarning=true}]) - start
194066 [main] TRACE org.dbunit.database.DatabaseConfig  - getFeature(name=http://www.dbunit.org/features/qualifiedTableNames) - start
194066 [main] TRACE org.dbunit.database.DatabaseConfig  - getProperty(name=http://www.dbunit.org/features/qualifiedTableNames) - start
194066 [main] DEBUG org.dbunit.util.QualifiedTableName  - Qualified table names feature is disabled. Returning plain table name
194066 [main] DEBUG org.dbunit.util.QualifiedTableName  - getQualifiedName(prefix=null, name=SCOPEDCONTENTITEM, escapePattern=null) - start
194066 [main] DEBUG org.dbunit.database.search.AbstractMetaDataBasedSearchCallback  - newEdge(rs=org.apache.commons.dbcp.DelegatingResultSet@9122a37, type=0, from=SCOPEDCONTENTCONDITIONS_SCOPEDCONTENTITEM, to=SCOPEDCONTENTITEM, fkColumn=SCOPED_CONTENT_ITEM_ID, pkColumn=ID) - start
194066 [main] DEBUG org.dbunit.database.search.AbstractMetaDataBasedSearchCallback  - createFKEdge(rs=org.apache.commons.dbcp.DelegatingResultSet@9122a37, type=0, from=SCOPEDCONTENTCONDITIONS_SCOPEDCONTENTITEM, to=SCOPEDCONTENTITEM, fkColumn=SCOPED_CONTENT_ITEM_ID, pkColumn=ID) - start
194066 [main] DEBUG org.dbunit.database.search.AbstractMetaDataBasedSearchCallback  - Adding edge SCOPEDCONTENTCONDITIONS_SCOPEDCONTENTITEM(SCOPED_CONTENT_ITEM_ID)->SCOPEDCONTENTITEM(ID)
194066 [main] DEBUG org.dbunit.util.search.Edge  - compareTo(o=SCOPEDCONTENTCONDITIONS_SCOPEDCONTENTITEM(SCOPED_CONTENT_CONDITION_ID)->SCOPEDCONTENTCONDITION(ID)) - start
194066 [main] DEBUG org.dbunit.util.SQLHelper  - close(resultSet=org.apache.commons.dbcp.DelegatingResultSet@9122a37) - start
194066 [main] DEBUG org.dbunit.util.search.DepthFirstSearch  - search:SCOPEDCONTENTCONDITIONS_SCOPEDCONTENTITEM
194066 [main] DEBUG org.dbunit.database.search.ImportedKeysSearchCallback  - searchNode(node=SCOPEDCONTENTCONDITIONS_SCOPEDCONTENTITEM) - start
194066 [main] DEBUG org.dbunit.util.search.DepthFirstSearch  - Pushing SCOPEDCONTENTCONDITIONS_SCOPEDCONTENTITEM
194066 [main] DEBUG org.dbunit.database.search.ImportedKeysSearchCallback  - getEdges(node=SCOPEDCONTENTCONDITIONS_SCOPEDCONTENTITEM) - start
194066 [main] DEBUG org.dbunit.database.search.AbstractMetaDataBasedSearchCallback  - getNodesFromImportedKeys(node=SCOPEDCONTENTCONDITIONS_SCOPEDCONTENTITEM) - start
194066 [main] DEBUG org.dbunit.database.search.AbstractMetaDataBasedSearchCallback  - getNodes(type=0, node=SCOPEDCONTENTCONDITIONS_SCOPEDCONTENTITEM) - start
194066 [main] DEBUG org.dbunit.database.DatabaseDataSourceConnection  - getConnection() - start
194066 [main] DEBUG org.dbunit.database.search.AbstractMetaDataBasedSearchCallback  - getNodes(type=0, node=SCOPEDCONTENTCONDITIONS_SCOPEDCONTENTITEM, conn=Transaction-aware proxy for target Connection [jdbc:hsqldb:mem:kontrollDS, UserName=sw, HSQL Database Engine Driver], schema=null, metaData=org.apache.commons.dbcp.DelegatingDatabaseMetaData@7918588, edges=[]) - start
194066 [main] DEBUG org.dbunit.database.search.AbstractMetaDataBasedSearchCallback  - Getting edges for node SCOPEDCONTENTCONDITIONS_SCOPEDCONTENTITEM
194066 [main] TRACE org.dbunit.database.DatabaseConfig  - getProperty(name=http://www.dbunit.org/properties/metadataHandler) - start
194066 [main] TRACE org.dbunit.database.DefaultMetadataHandler  - tableExists(metaData=org.apache.commons.dbcp.DelegatingDatabaseMetaData@7918588, schemaName=null, tableName=SCOPEDCONTENTCONDITIONS_SCOPEDCONTENTITEM) - start
194068 [main] DEBUG org.dbunit.util.SQLHelper  - close(resultSet=org.apache.commons.dbcp.DelegatingResultSet@38ee6080) - start
194068 [main] DEBUG org.dbunit.util.QualifiedTableName  - getQualifiedNameIfEnabled(config=org.dbunit.database.DatabaseConfig[, _propertyMap={http://www.dbunit.org/properties/statementFactory=org.dbunit.database.statement.PreparedStatementFactory@626bc2b8, http://www.dbunit.org/features/caseSensitiveTableNames=false, http://www.dbunit.org/properties/fetchSize=100, http://www.dbunit.org/features/batchedStatements=false, http://www.dbunit.org/properties/metadataHandler=org.dbunit.database.DefaultMetadataHandler@3eeace42, http://www.dbunit.org/properties/datatypeFactory=org.dbunit.dataset.datatype.DefaultDataTypeFactory[_toleratedDeltaMap=org.dbunit.dataset.datatype.ToleratedDeltaMap@6452310a], http://www.dbunit.org/properties/escapePattern=null, http://www.dbunit.org/properties/batchSize=100, http://www.dbunit.org/features/qualifiedTableNames=false, http://www.dbunit.org/properties/tableType=[Ljava.lang.String;@5011bafa, http://www.dbunit.org/properties/resultSetTableFactory=org.dbunit.database.CachedResultSetTableFactory@10bcf083, http://www.dbunit.org/features/datatypeWarning=true}]) - start
194068 [main] TRACE org.dbunit.database.DatabaseConfig  - getFeature(name=http://www.dbunit.org/features/qualifiedTableNames) - start
194068 [main] TRACE org.dbunit.database.DatabaseConfig  - getProperty(name=http://www.dbunit.org/features/qualifiedTableNames) - start
194068 [main] DEBUG org.dbunit.util.QualifiedTableName  - Qualified table names feature is disabled. Returning plain table name
194068 [main] DEBUG org.dbunit.util.QualifiedTableName  - getQualifiedName(prefix=null, name=SCOPEDCONTENTCONDITIONS_SCOPEDCONTENTITEM, escapePattern=null) - start
194068 [main] DEBUG org.dbunit.util.QualifiedTableName  - getQualifiedNameIfEnabled(config=org.dbunit.database.DatabaseConfig[, _propertyMap={http://www.dbunit.org/properties/statementFactory=org.dbunit.database.statement.PreparedStatementFactory@626bc2b8, http://www.dbunit.org/features/caseSensitiveTableNames=false, http://www.dbunit.org/properties/fetchSize=100, http://www.dbunit.org/features/batchedStatements=false, http://www.dbunit.org/properties/metadataHandler=org.dbunit.database.DefaultMetadataHandler@3eeace42, http://www.dbunit.org/properties/datatypeFactory=org.dbunit.dataset.datatype.DefaultDataTypeFactory[_toleratedDeltaMap=org.dbunit.dataset.datatype.ToleratedDeltaMap@6452310a], http://www.dbunit.org/properties/escapePattern=null, http://www.dbunit.org/properties/batchSize=100, http://www.dbunit.org/features/qualifiedTableNames=false, http://www.dbunit.org/properties/tableType=[Ljava.lang.String;@5011bafa, http://www.dbunit.org/properties/resultSetTableFactory=org.dbunit.database.CachedResultSetTableFactory@10bcf083, http://www.dbunit.org/features/datatypeWarning=true}]) - start
194068 [main] TRACE org.dbunit.database.DatabaseConfig  - getFeature(name=http://www.dbunit.org/features/qualifiedTableNames) - start
194068 [main] TRACE org.dbunit.database.DatabaseConfig  - getProperty(name=http://www.dbunit.org/features/qualifiedTableNames) - start
194068 [main] DEBUG org.dbunit.util.QualifiedTableName  - Qualified table names feature is disabled. Returning plain table name
194068 [main] DEBUG org.dbunit.util.QualifiedTableName  - getQualifiedName(prefix=null, name=SCOPEDCONTENTCONDITION, escapePattern=null) - start
194069 [main] DEBUG org.dbunit.database.search.AbstractMetaDataBasedSearchCallback  - newEdge(rs=org.apache.commons.dbcp.DelegatingResultSet@4cc2ed50, type=0, from=SCOPEDCONTENTCONDITIONS_SCOPEDCONTENTITEM, to=SCOPEDCONTENTCONDITION, fkColumn=SCOPED_CONTENT_CONDITION_ID, pkColumn=ID) - start
194069 [main] DEBUG org.dbunit.database.search.AbstractMetaDataBasedSearchCallback  - createFKEdge(rs=org.apache.commons.dbcp.DelegatingResultSet@4cc2ed50, type=0, from=SCOPEDCONTENTCONDITIONS_SCOPEDCONTENTITEM, to=SCOPEDCONTENTCONDITION, fkColumn=SCOPED_CONTENT_CONDITION_ID, pkColumn=ID) - start
194069 [main] DEBUG org.dbunit.database.search.AbstractMetaDataBasedSearchCallback  - Adding edge SCOPEDCONTENTCONDITIONS_SCOPEDCONTENTITEM(SCOPED_CONTENT_CONDITION_ID)->SCOPEDCONTENTCONDITION(ID)
194069 [main] DEBUG org.dbunit.util.search.Edge  - compareTo(o=SCOPEDCONTENTCONDITIONS_SCOPEDCONTENTITEM(SCOPED_CONTENT_CONDITION_ID)->SCOPEDCONTENTCONDITION(ID)) - start
194069 [main] DEBUG org.dbunit.util.QualifiedTableName  - getQualifiedNameIfEnabled(config=org.dbunit.database.DatabaseConfig[, _propertyMap={http://www.dbunit.org/properties/statementFactory=org.dbunit.database.statement.PreparedStatementFactory@626bc2b8, http://www.dbunit.org/features/caseSensitiveTableNames=false, http://www.dbunit.org/properties/fetchSize=100, http://www.dbunit.org/features/batchedStatements=false, http://www.dbunit.org/properties/metadataHandler=org.dbunit.database.DefaultMetadataHandler@3eeace42, http://www.dbunit.org/properties/datatypeFactory=org.dbunit.dataset.datatype.DefaultDataTypeFactory[_toleratedDeltaMap=org.dbunit.dataset.datatype.ToleratedDeltaMap@6452310a], http://www.dbunit.org/properties/escapePattern=null, http://www.dbunit.org/properties/batchSize=100, http://www.dbunit.org/features/qualifiedTableNames=false, http://www.dbunit.org/properties/tableType=[Ljava.lang.String;@5011bafa, http://www.dbunit.org/properties/resultSetTableFactory=org.dbunit.database.CachedResultSetTableFactory@10bcf083, http://www.dbunit.org/features/datatypeWarning=true}]) - start
194069 [main] TRACE org.dbunit.database.DatabaseConfig  - getFeature(name=http://www.dbunit.org/features/qualifiedTableNames) - start
194069 [main] TRACE org.dbunit.database.DatabaseConfig  - getProperty(name=http://www.dbunit.org/features/qualifiedTableNames) - start
194069 [main] DEBUG org.dbunit.util.QualifiedTableName  - Qualified table names feature is disabled. Returning plain table name
194069 [main] DEBUG org.dbunit.util.QualifiedTableName  - getQualifiedName(prefix=null, name=SCOPEDCONTENTCONDITIONS_SCOPEDCONTENTITEM, escapePattern=null) - start
194069 [main] DEBUG org.dbunit.util.QualifiedTableName  - getQualifiedNameIfEnabled(config=org.dbunit.database.DatabaseConfig[, _propertyMap={http://www.dbunit.org/properties/statementFactory=org.dbunit.database.statement.PreparedStatementFactory@626bc2b8, http://www.dbunit.org/features/caseSensitiveTableNames=false, http://www.dbunit.org/properties/fetchSize=100, http://www.dbunit.org/features/batchedStatements=false, http://www.dbunit.org/properties/metadataHandler=org.dbunit.database.DefaultMetadataHandler@3eeace42, http://www.dbunit.org/properties/datatypeFactory=org.dbunit.dataset.datatype.DefaultDataTypeFactory[_toleratedDeltaMap=org.dbunit.dataset.datatype.ToleratedDeltaMap@6452310a], http://www.dbunit.org/properties/escapePattern=null, http://www.dbunit.org/properties/batchSize=100, http://www.dbunit.org/features/qualifiedTableNames=false, http://www.dbunit.org/properties/tableType=[Ljava.lang.String;@5011bafa, http://www.dbunit.org/properties/resultSetTableFactory=org.dbunit.database.CachedResultSetTableFactory@10bcf083, http://www.dbunit.org/features/datatypeWarning=true}]) - start
194069 [main] TRACE org.dbunit.database.DatabaseConfig  - getFeature(name=http://www.dbunit.org/features/qualifiedTableNames) - start
194069 [main] TRACE org.dbunit.database.DatabaseConfig  - getProperty(name=http://www.dbunit.org/features/qualifiedTableNames) - start
194069 [main] DEBUG org.dbunit.util.QualifiedTableName  - Qualified table names feature is disabled. Returning plain table name
194069 [main] DEBUG org.dbunit.util.QualifiedTableName  - getQualifiedName(prefix=null, name=SCOPEDCONTENTITEM, escapePattern=null) - start
194069 [main] DEBUG org.dbunit.database.search.AbstractMetaDataBasedSearchCallback  - newEdge(rs=org.apache.commons.dbcp.DelegatingResultSet@4cc2ed50, type=0, from=SCOPEDCONTENTCONDITIONS_SCOPEDCONTENTITEM, to=SCOPEDCONTENTITEM, fkColumn=SCOPED_CONTENT_ITEM_ID, pkColumn=ID) - start
194069 [main] DEBUG org.dbunit.database.search.AbstractMetaDataBasedSearchCallback  - createFKEdge(rs=org.apache.commons.dbcp.DelegatingResultSet@4cc2ed50, type=0, from=SCOPEDCONTENTCONDITIONS_SCOPEDCONTENTITEM, to=SCOPEDCONTENTITEM, fkColumn=SCOPED_CONTENT_ITEM_ID, pkColumn=ID) - start
194069 [main] DEBUG org.dbunit.database.search.AbstractMetaDataBasedSearchCallback  - Adding edge SCOPEDCONTENTCONDITIONS_SCOPEDCONTENTITEM(SCOPED_CONTENT_ITEM_ID)->SCOPEDCONTENTITEM(ID)
194069 [main] DEBUG org.dbunit.util.search.Edge  - compareTo(o=SCOPEDCONTENTCONDITIONS_SCOPEDCONTENTITEM(SCOPED_CONTENT_CONDITION_ID)->SCOPEDCONTENTCONDITION(ID)) - start
194069 [main] DEBUG org.dbunit.util.SQLHelper  - close(resultSet=org.apache.commons.dbcp.DelegatingResultSet@4cc2ed50) - start
194069 [main] DEBUG org.dbunit.util.search.DepthFirstSearch  - search:SCOPEDCONTENTCONDITION
194069 [main] DEBUG org.dbunit.database.search.ImportedKeysSearchCallback  - searchNode(node=SCOPEDCONTENTCONDITION) - start
194070 [main] DEBUG org.dbunit.util.search.DepthFirstSearch  - Pushing SCOPEDCONTENTCONDITION
194070 [main] DEBUG org.dbunit.database.search.ImportedKeysSearchCallback  - getEdges(node=SCOPEDCONTENTCONDITION) - start
194070 [main] DEBUG org.dbunit.database.search.AbstractMetaDataBasedSearchCallback  - getNodesFromImportedKeys(node=SCOPEDCONTENTCONDITION) - start
194070 [main] DEBUG org.dbunit.database.search.AbstractMetaDataBasedSearchCallback  - getNodes(type=0, node=SCOPEDCONTENTCONDITION) - start
194070 [main] DEBUG org.dbunit.database.DatabaseDataSourceConnection  - getConnection() - start
194070 [main] DEBUG org.dbunit.database.search.AbstractMetaDataBasedSearchCallback  - getNodes(type=0, node=SCOPEDCONTENTCONDITION, conn=Transaction-aware proxy for target Connection [jdbc:hsqldb:mem:kontrollDS, UserName=sw, HSQL Database Engine Driver], schema=null, metaData=org.apache.commons.dbcp.DelegatingDatabaseMetaData@116a468f, edges=[]) - start
194070 [main] DEBUG org.dbunit.database.search.AbstractMetaDataBasedSearchCallback  - Getting edges for node SCOPEDCONTENTCONDITION
194070 [main] TRACE org.dbunit.database.DatabaseConfig  - getProperty(name=http://www.dbunit.org/properties/metadataHandler) - start
194070 [main] TRACE org.dbunit.database.DefaultMetadataHandler  - tableExists(metaData=org.apache.commons.dbcp.DelegatingDatabaseMetaData@116a468f, schemaName=null, tableName=SCOPEDCONTENTCONDITION) - start
194071 [main] DEBUG org.dbunit.util.SQLHelper  - close(resultSet=org.apache.commons.dbcp.DelegatingResultSet@66dd4123) - start
194071 [main] DEBUG org.dbunit.util.SQLHelper  - close(resultSet=org.apache.commons.dbcp.DelegatingResultSet@27d6115e) - start
194071 [main] DEBUG org.dbunit.util.search.DepthFirstSearch  - Adding node SCOPEDCONTENTCONDITION to the final result
194071 [main] DEBUG org.dbunit.util.search.DepthFirstSearch  - search:SCOPEDCONTENTITEM
194071 [main] DEBUG org.dbunit.database.search.ImportedKeysSearchCallback  - searchNode(node=SCOPEDCONTENTITEM) - start
194071 [main] DEBUG org.dbunit.util.search.DepthFirstSearch  - Pushing SCOPEDCONTENTITEM
194071 [main] DEBUG org.dbunit.util.search.DepthFirstSearch  - Adding node SCOPEDCONTENTITEM to the final result
194071 [main] DEBUG org.dbunit.util.search.DepthFirstSearch  - Adding node SCOPEDCONTENTCONDITIONS_SCOPEDCONTENTITEM to the final result
194071 [main] DEBUG org.dbunit.util.search.DepthFirstSearch  - reverseSearch:SCOPEDCONTENTITEM
194072 [main] DEBUG org.dbunit.database.search.ImportedKeysSearchCallback  - searchNode(node=SCOPEDCONTENTITEM) - start
194072 [main] DEBUG org.dbunit.util.search.DepthFirstSearch  - Pushing (reverse) SCOPEDCONTENTITEM
194072 [main] DEBUG org.dbunit.database.search.ImportedKeysSearchCallback  - getEdges(node=SCOPEDCONTENTITEM) - start
194072 [main] DEBUG org.dbunit.database.search.AbstractMetaDataBasedSearchCallback  - getNodesFromImportedKeys(node=SCOPEDCONTENTITEM) - start
194072 [main] DEBUG org.dbunit.database.search.AbstractMetaDataBasedSearchCallback  - getNodes(type=0, node=SCOPEDCONTENTITEM) - start
194072 [main] DEBUG org.dbunit.database.DatabaseDataSourceConnection  - getConnection() - start
194072 [main] DEBUG org.dbunit.database.search.AbstractMetaDataBasedSearchCallback  - getNodes(type=0, node=SCOPEDCONTENTITEM, conn=Transaction-aware proxy for target Connection [jdbc:hsqldb:mem:kontrollDS, UserName=sw, HSQL Database Engine Driver], schema=null, metaData=org.apache.commons.dbcp.DelegatingDatabaseMetaData@570e46c0, edges=[]) - start
194072 [main] DEBUG org.dbunit.database.search.AbstractMetaDataBasedSearchCallback  - Getting edges for node SCOPEDCONTENTITEM
194072 [main] TRACE org.dbunit.database.DatabaseConfig  - getProperty(name=http://www.dbunit.org/properties/metadataHandler) - start
194072 [main] TRACE org.dbunit.database.DefaultMetadataHandler  - tableExists(metaData=org.apache.commons.dbcp.DelegatingDatabaseMetaData@570e46c0, schemaName=null, tableName=SCOPEDCONTENTITEM) - start
194073 [main] DEBUG org.dbunit.util.SQLHelper  - close(resultSet=org.apache.commons.dbcp.DelegatingResultSet@606b978c) - start
194074 [main] DEBUG org.dbunit.util.SQLHelper  - close(resultSet=org.apache.commons.dbcp.DelegatingResultSet@21563605) - start
194074 [main] DEBUG org.dbunit.util.search.DepthFirstSearch  - reverseSearch:SCOPEDCONTENTCONDITIONS_SCOPEDCONTENTITEM
194074 [main] DEBUG org.dbunit.util.search.DepthFirstSearch  - already searched; returning true
194074 [main] DEBUG org.dbunit.util.search.DepthFirstSearch  - reverseSearch:SCOPEDCONTENTCONDITION
194074 [main] DEBUG org.dbunit.database.search.ImportedKeysSearchCallback  - searchNode(node=SCOPEDCONTENTCONDITION) - start
194074 [main] DEBUG org.dbunit.util.search.DepthFirstSearch  - Pushing (reverse) SCOPEDCONTENTCONDITION
194074 [main] DEBUG org.dbunit.database.search.ImportedKeysSearchCallback  - getEdges(node=SCOPEDCONTENTCONDITION) - start
194074 [main] DEBUG org.dbunit.database.search.AbstractMetaDataBasedSearchCallback  - getNodesFromImportedKeys(node=SCOPEDCONTENTCONDITION) - start
194074 [main] DEBUG org.dbunit.database.search.AbstractMetaDataBasedSearchCallback  - getNodes(type=0, node=SCOPEDCONTENTCONDITION) - start
194074 [main] DEBUG org.dbunit.database.DatabaseDataSourceConnection  - getConnection() - start
194074 [main] DEBUG org.dbunit.database.search.AbstractMetaDataBasedSearchCallback  - getNodes(type=0, node=SCOPEDCONTENTCONDITION, conn=Transaction-aware proxy for target Connection [jdbc:hsqldb:mem:kontrollDS, UserName=sw, HSQL Database Engine Driver], schema=null, metaData=org.apache.commons.dbcp.DelegatingDatabaseMetaData@22f4935c, edges=[]) - start
194074 [main] DEBUG org.dbunit.database.search.AbstractMetaDataBasedSearchCallback  - Getting edges for node SCOPEDCONTENTCONDITION
194074 [main] TRACE org.dbunit.database.DatabaseConfig  - getProperty(name=http://www.dbunit.org/properties/metadataHandler) - start
194074 [main] TRACE org.dbunit.database.DefaultMetadataHandler  - tableExists(metaData=org.apache.commons.dbcp.DelegatingDatabaseMetaData@22f4935c, schemaName=null, tableName=SCOPEDCONTENTCONDITION) - start
194075 [main] DEBUG org.dbunit.util.SQLHelper  - close(resultSet=org.apache.commons.dbcp.DelegatingResultSet@4522a506) - start
194076 [main] DEBUG org.dbunit.util.SQLHelper  - close(resultSet=org.apache.commons.dbcp.DelegatingResultSet@4b1cc108) - start
194076 [main] DEBUG org.dbunit.util.search.DepthFirstSearch  - search:SCOPEDCONTENTCONDITIONS_SCOPEDCONTENTITEM
194076 [main] DEBUG org.dbunit.util.search.DepthFirstSearch  - already searched; returning true
194076 [main] DEBUG org.dbunit.util.search.DepthFirstSearch  - search:SCOPEDCONTENTITEM
194076 [main] DEBUG org.dbunit.util.search.DepthFirstSearch  - already searched; returning true
194076 [main] DEBUG org.dbunit.util.search.DepthFirstSearch  - search:SCOPEDCONTENTCONDITION
194076 [main] DEBUG org.dbunit.util.search.DepthFirstSearch  - already searched; returning true
194076 [main] DEBUG org.dbunit.database.DatabaseSequenceFilter  - getDependencyInfo(connection=_databaseConfig=org.dbunit.database.DatabaseConfig[, _propertyMap={http://www.dbunit.org/properties/statementFactory=org.dbunit.database.statement.PreparedStatementFactory@626bc2b8, http://www.dbunit.org/features/caseSensitiveTableNames=false, http://www.dbunit.org/properties/fetchSize=100, http://www.dbunit.org/features/batchedStatements=false, http://www.dbunit.org/properties/metadataHandler=org.dbunit.database.DefaultMetadataHandler@3eeace42, http://www.dbunit.org/properties/datatypeFactory=org.dbunit.dataset.datatype.DefaultDataTypeFactory[_toleratedDeltaMap=org.dbunit.dataset.datatype.ToleratedDeltaMap@6452310a], http://www.dbunit.org/properties/escapePattern=null, http://www.dbunit.org/properties/batchSize=100, http://www.dbunit.org/features/qualifiedTableNames=false, http://www.dbunit.org/properties/tableType=[Ljava.lang.String;@5011bafa, http://www.dbunit.org/properties/resultSetTableFactory=org.dbunit.database.CachedResultSetTableFactory@10bcf083, http://www.dbunit.org/features/datatypeWarning=true}], _dataSet=AbstractDataSet[_orderedTableNameMap=null], tableName=SCOPEDCONTENTITEM) - start
194076 [main] DEBUG org.dbunit.database.search.TablesDependencyHelper  - getDependentTables(connection=_databaseConfig=org.dbunit.database.DatabaseConfig[, _propertyMap={http://www.dbunit.org/properties/statementFactory=org.dbunit.database.statement.PreparedStatementFactory@626bc2b8, http://www.dbunit.org/features/caseSensitiveTableNames=false, http://www.dbunit.org/properties/fetchSize=100, http://www.dbunit.org/features/batchedStatements=false, http://www.dbunit.org/properties/metadataHandler=org.dbunit.database.DefaultMetadataHandler@3eeace42, http://www.dbunit.org/properties/datatypeFactory=org.dbunit.dataset.datatype.DefaultDataTypeFactory[_toleratedDeltaMap=org.dbunit.dataset.datatype.ToleratedDeltaMap@6452310a], http://www.dbunit.org/properties/escapePattern=null, http://www.dbunit.org/properties/batchSize=100, http://www.dbunit.org/features/qualifiedTableNames=false, http://www.dbunit.org/properties/tableType=[Ljava.lang.String;@5011bafa, http://www.dbunit.org/properties/resultSetTableFactory=org.dbunit.database.CachedResultSetTableFactory@10bcf083, http://www.dbunit.org/features/datatypeWarning=true}], _dataSet=AbstractDataSet[_orderedTableNameMap=null], rootTable=SCOPEDCONTENTITEM) - start
194076 [main] DEBUG org.dbunit.database.search.TablesDependencyHelper  - getDependentTables(connection=_databaseConfig=org.dbunit.database.DatabaseConfig[, _propertyMap={http://www.dbunit.org/properties/statementFactory=org.dbunit.database.statement.PreparedStatementFactory@626bc2b8, http://www.dbunit.org/features/caseSensitiveTableNames=false, http://www.dbunit.org/properties/fetchSize=100, http://www.dbunit.org/features/batchedStatements=false, http://www.dbunit.org/properties/metadataHandler=org.dbunit.database.DefaultMetadataHandler@3eeace42, http://www.dbunit.org/properties/datatypeFactory=org.dbunit.dataset.datatype.DefaultDataTypeFactory[_toleratedDeltaMap=org.dbunit.dataset.datatype.ToleratedDeltaMap@6452310a], http://www.dbunit.org/properties/escapePattern=null, http://www.dbunit.org/properties/batchSize=100, http://www.dbunit.org/features/qualifiedTableNames=false, http://www.dbunit.org/properties/tableType=[Ljava.lang.String;@5011bafa, http://www.dbunit.org/properties/resultSetTableFactory=org.dbunit.database.CachedResultSetTableFactory@10bcf083, http://www.dbunit.org/features/datatypeWarning=true}], _dataSet=AbstractDataSet[_orderedTableNameMap=null], rootTables=[SCOPEDCONTENTITEM]) - start
194076 [main] DEBUG org.dbunit.util.search.DepthFirstSearch  - search(nodesFrom=[SCOPEDCONTENTITEM], callback=org.dbunit.database.search.ImportedKeysSearchCallback@205ed752) - start
194076 [main] DEBUG org.dbunit.util.CollectionsHelper  - objectsToSet(objects=SCOPEDCONTENTITEM) - start
194076 [main] DEBUG org.dbunit.util.search.DepthFirstSearch  - search(nodesFrom=[SCOPEDCONTENTITEM], callback=org.dbunit.database.search.ImportedKeysSearchCallback@205ed752) - start
194076 [main] DEBUG org.dbunit.util.search.DepthFirstSearch  - reverseSearch:SCOPEDCONTENTITEM
194076 [main] DEBUG org.dbunit.database.search.ImportedKeysSearchCallback  - searchNode(node=SCOPEDCONTENTITEM) - start
194076 [main] DEBUG org.dbunit.util.search.DepthFirstSearch  - Pushing (reverse) SCOPEDCONTENTITEM
194076 [main] DEBUG org.dbunit.database.search.ImportedKeysSearchCallback  - getEdges(node=SCOPEDCONTENTITEM) - start
194076 [main] DEBUG org.dbunit.database.search.AbstractMetaDataBasedSearchCallback  - getNodesFromImportedKeys(node=SCOPEDCONTENTITEM) - start
194076 [main] DEBUG org.dbunit.database.search.AbstractMetaDataBasedSearchCallback  - getNodes(type=0, node=SCOPEDCONTENTITEM) - start
194077 [main] DEBUG org.dbunit.database.DatabaseDataSourceConnection  - getConnection() - start
194077 [main] DEBUG org.dbunit.database.search.AbstractMetaDataBasedSearchCallback  - getNodes(type=0, node=SCOPEDCONTENTITEM, conn=Transaction-aware proxy for target Connection [jdbc:hsqldb:mem:kontrollDS, UserName=sw, HSQL Database Engine Driver], schema=null, metaData=org.apache.commons.dbcp.DelegatingDatabaseMetaData@328a5918, edges=[]) - start
194077 [main] DEBUG org.dbunit.database.search.AbstractMetaDataBasedSearchCallback  - Getting edges for node SCOPEDCONTENTITEM
194077 [main] TRACE org.dbunit.database.DatabaseConfig  - getProperty(name=http://www.dbunit.org/properties/metadataHandler) - start
194077 [main] TRACE org.dbunit.database.DefaultMetadataHandler  - tableExists(metaData=org.apache.commons.dbcp.DelegatingDatabaseMetaData@328a5918, schemaName=null, tableName=SCOPEDCONTENTITEM) - start
194078 [main] DEBUG org.dbunit.util.SQLHelper  - close(resultSet=org.apache.commons.dbcp.DelegatingResultSet@6d23314d) - start
194078 [main] DEBUG org.dbunit.util.SQLHelper  - close(resultSet=org.apache.commons.dbcp.DelegatingResultSet@4c05eabe) - start
194078 [main] DEBUG org.dbunit.util.search.DepthFirstSearch  - search:SCOPEDCONTENTITEM
194078 [main] DEBUG org.dbunit.database.search.ImportedKeysSearchCallback  - searchNode(node=SCOPEDCONTENTITEM) - start
194078 [main] DEBUG org.dbunit.util.search.DepthFirstSearch  - Pushing SCOPEDCONTENTITEM
194078 [main] DEBUG org.dbunit.database.search.ImportedKeysSearchCallback  - getEdges(node=SCOPEDCONTENTITEM) - start
194078 [main] DEBUG org.dbunit.database.search.AbstractMetaDataBasedSearchCallback  - getNodesFromImportedKeys(node=SCOPEDCONTENTITEM) - start
194078 [main] DEBUG org.dbunit.database.search.AbstractMetaDataBasedSearchCallback  - getNodes(type=0, node=SCOPEDCONTENTITEM) - start
194078 [main] DEBUG org.dbunit.database.DatabaseDataSourceConnection  - getConnection() - start
194078 [main] DEBUG org.dbunit.database.search.AbstractMetaDataBasedSearchCallback  - getNodes(type=0, node=SCOPEDCONTENTITEM, conn=Transaction-aware proxy for target Connection [jdbc:hsqldb:mem:kontrollDS, UserName=sw, HSQL Database Engine Driver], schema=null, metaData=org.apache.commons.dbcp.DelegatingDatabaseMetaData@187686f0, edges=[]) - start
194078 [main] DEBUG org.dbunit.database.search.AbstractMetaDataBasedSearchCallback  - Getting edges for node SCOPEDCONTENTITEM
194078 [main] TRACE org.dbunit.database.DatabaseConfig  - getProperty(name=http://www.dbunit.org/properties/metadataHandler) - start
194079 [main] TRACE org.dbunit.database.DefaultMetadataHandler  - tableExists(metaData=org.apache.commons.dbcp.DelegatingDatabaseMetaData@187686f0, schemaName=null, tableName=SCOPEDCONTENTITEM) - start
194080 [main] DEBUG org.dbunit.util.SQLHelper  - close(resultSet=org.apache.commons.dbcp.DelegatingResultSet@31ff2a3b) - start
194080 [main] DEBUG org.dbunit.util.SQLHelper  - close(resultSet=org.apache.commons.dbcp.DelegatingResultSet@64adb272) - start
194080 [main] DEBUG org.dbunit.util.search.DepthFirstSearch  - Adding node SCOPEDCONTENTITEM to the final result
194080 [main] DEBUG org.dbunit.util.CollectionsHelper  - setToStrings(set=[SCOPEDCONTENTITEM]) - start
194080 [main] DEBUG org.dbunit.database.search.TablesDependencyHelper  - getDependsOnTables(connection=_databaseConfig=org.dbunit.database.DatabaseConfig[, _propertyMap={http://www.dbunit.org/properties/statementFactory=org.dbunit.database.statement.PreparedStatementFactory@626bc2b8, http://www.dbunit.org/features/caseSensitiveTableNames=false, http://www.dbunit.org/properties/fetchSize=100, http://www.dbunit.org/features/batchedStatements=false, http://www.dbunit.org/properties/metadataHandler=org.dbunit.database.DefaultMetadataHandler@3eeace42, http://www.dbunit.org/properties/datatypeFactory=org.dbunit.dataset.datatype.DefaultDataTypeFactory[_toleratedDeltaMap=org.dbunit.dataset.datatype.ToleratedDeltaMap@6452310a], http://www.dbunit.org/properties/escapePattern=null, http://www.dbunit.org/properties/batchSize=100, http://www.dbunit.org/features/qualifiedTableNames=false, http://www.dbunit.org/properties/tableType=[Ljava.lang.String;@5011bafa, http://www.dbunit.org/properties/resultSetTableFactory=org.dbunit.database.CachedResultSetTableFactory@10bcf083, http://www.dbunit.org/features/datatypeWarning=true}], _dataSet=AbstractDataSet[_orderedTableNameMap=null], rootTable=SCOPEDCONTENTITEM) - start
194080 [main] DEBUG org.dbunit.util.search.DepthFirstSearch  - search(nodesFrom=[SCOPEDCONTENTITEM], callback=org.dbunit.database.search.ExportedKeysSearchCallback@7a7d0862) - start
194080 [main] DEBUG org.dbunit.util.CollectionsHelper  - objectsToSet(objects=SCOPEDCONTENTITEM) - start
194080 [main] DEBUG org.dbunit.util.search.DepthFirstSearch  - search(nodesFrom=[SCOPEDCONTENTITEM], callback=org.dbunit.database.search.ExportedKeysSearchCallback@7a7d0862) - start
194080 [main] DEBUG org.dbunit.util.search.DepthFirstSearch  - reverseSearch:SCOPEDCONTENTITEM
194080 [main] DEBUG org.dbunit.database.search.ExportedKeysSearchCallback  - searchNode(node=SCOPEDCONTENTITEM) - start
194080 [main] DEBUG org.dbunit.util.search.DepthFirstSearch  - Pushing (reverse) SCOPEDCONTENTITEM
194080 [main] DEBUG org.dbunit.database.search.ExportedKeysSearchCallback  - getEdges(node=SCOPEDCONTENTITEM) - start
194080 [main] DEBUG org.dbunit.database.search.AbstractMetaDataBasedSearchCallback  - getNodesFromExportedKeys(node=SCOPEDCONTENTITEM) - start
194080 [main] DEBUG org.dbunit.database.search.AbstractMetaDataBasedSearchCallback  - getNodes(type=1, node=SCOPEDCONTENTITEM) - start
194080 [main] DEBUG org.dbunit.database.DatabaseDataSourceConnection  - getConnection() - start
194080 [main] DEBUG org.dbunit.database.search.AbstractMetaDataBasedSearchCallback  - getNodes(type=1, node=SCOPEDCONTENTITEM, conn=Transaction-aware proxy for target Connection [jdbc:hsqldb:mem:kontrollDS, UserName=sw, HSQL Database Engine Driver], schema=null, metaData=org.apache.commons.dbcp.DelegatingDatabaseMetaData@26b198c1, edges=[]) - start
194080 [main] DEBUG org.dbunit.database.search.AbstractMetaDataBasedSearchCallback  - Getting edges for node SCOPEDCONTENTITEM
194081 [main] TRACE org.dbunit.database.DatabaseConfig  - getProperty(name=http://www.dbunit.org/properties/metadataHandler) - start
194081 [main] TRACE org.dbunit.database.DefaultMetadataHandler  - tableExists(metaData=org.apache.commons.dbcp.DelegatingDatabaseMetaData@26b198c1, schemaName=null, tableName=SCOPEDCONTENTITEM) - start
194082 [main] DEBUG org.dbunit.util.SQLHelper  - close(resultSet=org.apache.commons.dbcp.DelegatingResultSet@70397d85) - start
194082 [main] DEBUG org.dbunit.util.QualifiedTableName  - getQualifiedNameIfEnabled(config=org.dbunit.database.DatabaseConfig[, _propertyMap={http://www.dbunit.org/properties/statementFactory=org.dbunit.database.statement.PreparedStatementFactory@626bc2b8, http://www.dbunit.org/features/caseSensitiveTableNames=false, http://www.dbunit.org/properties/fetchSize=100, http://www.dbunit.org/features/batchedStatements=false, http://www.dbunit.org/properties/metadataHandler=org.dbunit.database.DefaultMetadataHandler@3eeace42, http://www.dbunit.org/properties/datatypeFactory=org.dbunit.dataset.datatype.DefaultDataTypeFactory[_toleratedDeltaMap=org.dbunit.dataset.datatype.ToleratedDeltaMap@6452310a], http://www.dbunit.org/properties/escapePattern=null, http://www.dbunit.org/properties/batchSize=100, http://www.dbunit.org/features/qualifiedTableNames=false, http://www.dbunit.org/properties/tableType=[Ljava.lang.String;@5011bafa, http://www.dbunit.org/properties/resultSetTableFactory=org.dbunit.database.CachedResultSetTableFactory@10bcf083, http://www.dbunit.org/features/datatypeWarning=true}]) - start
194082 [main] TRACE org.dbunit.database.DatabaseConfig  - getFeature(name=http://www.dbunit.org/features/qualifiedTableNames) - start
194082 [main] TRACE org.dbunit.database.DatabaseConfig  - getProperty(name=http://www.dbunit.org/features/qualifiedTableNames) - start
194082 [main] DEBUG org.dbunit.util.QualifiedTableName  - Qualified table names feature is disabled. Returning plain table name
194082 [main] DEBUG org.dbunit.util.QualifiedTableName  - getQualifiedName(prefix=null, name=SCOPEDCONTENTITEM, escapePattern=null) - start
194082 [main] DEBUG org.dbunit.util.QualifiedTableName  - getQualifiedNameIfEnabled(config=org.dbunit.database.DatabaseConfig[, _propertyMap={http://www.dbunit.org/properties/statementFactory=org.dbunit.database.statement.PreparedStatementFactory@626bc2b8, http://www.dbunit.org/features/caseSensitiveTableNames=false, http://www.dbunit.org/properties/fetchSize=100, http://www.dbunit.org/features/batchedStatements=false, http://www.dbunit.org/properties/metadataHandler=org.dbunit.database.DefaultMetadataHandler@3eeace42, http://www.dbunit.org/properties/datatypeFactory=org.dbunit.dataset.datatype.DefaultDataTypeFactory[_toleratedDeltaMap=org.dbunit.dataset.datatype.ToleratedDeltaMap@6452310a], http://www.dbunit.org/properties/escapePattern=null, http://www.dbunit.org/properties/batchSize=100, http://www.dbunit.org/features/qualifiedTableNames=false, http://www.dbunit.org/properties/tableType=[Ljava.lang.String;@5011bafa, http://www.dbunit.org/properties/resultSetTableFactory=org.dbunit.database.CachedResultSetTableFactory@10bcf083, http://www.dbunit.org/features/datatypeWarning=true}]) - start
194082 [main] TRACE org.dbunit.database.DatabaseConfig  - getFeature(name=http://www.dbunit.org/features/qualifiedTableNames) - start
194082 [main] TRACE org.dbunit.database.DatabaseConfig  - getProperty(name=http://www.dbunit.org/features/qualifiedTableNames) - start
194082 [main] DEBUG org.dbunit.util.QualifiedTableName  - Qualified table names feature is disabled. Returning plain table name
194082 [main] DEBUG org.dbunit.util.QualifiedTableName  - getQualifiedName(prefix=null, name=SCOPEDCONTENTCONDITIONS_SCOPEDCONTENTITEM, escapePattern=null) - start
194082 [main] DEBUG org.dbunit.database.search.AbstractMetaDataBasedSearchCallback  - newEdge(rs=org.apache.commons.dbcp.DelegatingResultSet@78804fb0, type=1, from=SCOPEDCONTENTITEM, to=SCOPEDCONTENTCONDITIONS_SCOPEDCONTENTITEM, fkColumn=SCOPED_CONTENT_ITEM_ID, pkColumn=ID) - start
194082 [main] DEBUG org.dbunit.database.search.AbstractMetaDataBasedSearchCallback  - createFKEdge(rs=org.apache.commons.dbcp.DelegatingResultSet@78804fb0, type=1, from=SCOPEDCONTENTITEM, to=SCOPEDCONTENTCONDITIONS_SCOPEDCONTENTITEM, fkColumn=SCOPED_CONTENT_ITEM_ID, pkColumn=ID) - start
194082 [main] DEBUG org.dbunit.database.search.AbstractMetaDataBasedSearchCallback  - Adding edge SCOPEDCONTENTCONDITIONS_SCOPEDCONTENTITEM(SCOPED_CONTENT_ITEM_ID)->SCOPEDCONTENTITEM(ID)
194082 [main] DEBUG org.dbunit.util.search.Edge  - compareTo(o=SCOPEDCONTENTCONDITIONS_SCOPEDCONTENTITEM(SCOPED_CONTENT_ITEM_ID)->SCOPEDCONTENTITEM(ID)) - start
194083 [main] DEBUG org.dbunit.util.QualifiedTableName  - getQualifiedNameIfEnabled(config=org.dbunit.database.DatabaseConfig[, _propertyMap={http://www.dbunit.org/properties/statementFactory=org.dbunit.database.statement.PreparedStatementFactory@626bc2b8, http://www.dbunit.org/features/caseSensitiveTableNames=false, http://www.dbunit.org/properties/fetchSize=100, http://www.dbunit.org/features/batchedStatements=false, http://www.dbunit.org/properties/metadataHandler=org.dbunit.database.DefaultMetadataHandler@3eeace42, http://www.dbunit.org/properties/datatypeFactory=org.dbunit.dataset.datatype.DefaultDataTypeFactory[_toleratedDeltaMap=org.dbunit.dataset.datatype.ToleratedDeltaMap@6452310a], http://www.dbunit.org/properties/escapePattern=null, http://www.dbunit.org/properties/batchSize=100, http://www.dbunit.org/features/qualifiedTableNames=false, http://www.dbunit.org/properties/tableType=[Ljava.lang.String;@5011bafa, http://www.dbunit.org/properties/resultSetTableFactory=org.dbunit.database.CachedResultSetTableFactory@10bcf083, http://www.dbunit.org/features/datatypeWarning=true}]) - start
194083 [main] TRACE org.dbunit.database.DatabaseConfig  - getFeature(name=http://www.dbunit.org/features/qualifiedTableNames) - start
194083 [main] TRACE org.dbunit.database.DatabaseConfig  - getProperty(name=http://www.dbunit.org/features/qualifiedTableNames) - start
194083 [main] DEBUG org.dbunit.util.QualifiedTableName  - Qualified table names feature is disabled. Returning plain table name
194083 [main] DEBUG org.dbunit.util.QualifiedTableName  - getQualifiedName(prefix=null, name=SCOPEDCONTENTITEM, escapePattern=null) - start
194083 [main] DEBUG org.dbunit.util.QualifiedTableName  - getQualifiedNameIfEnabled(config=org.dbunit.database.DatabaseConfig[, _propertyMap={http://www.dbunit.org/properties/statementFactory=org.dbunit.database.statement.PreparedStatementFactory@626bc2b8, http://www.dbunit.org/features/caseSensitiveTableNames=false, http://www.dbunit.org/properties/fetchSize=100, http://www.dbunit.org/features/batchedStatements=false, http://www.dbunit.org/properties/metadataHandler=org.dbunit.database.DefaultMetadataHandler@3eeace42, http://www.dbunit.org/properties/datatypeFactory=org.dbunit.dataset.datatype.DefaultDataTypeFactory[_toleratedDeltaMap=org.dbunit.dataset.datatype.ToleratedDeltaMap@6452310a], http://www.dbunit.org/properties/escapePattern=null, http://www.dbunit.org/properties/batchSize=100, http://www.dbunit.org/features/qualifiedTableNames=false, http://www.dbunit.org/properties/tableType=[Ljava.lang.String;@5011bafa, http://www.dbunit.org/properties/resultSetTableFactory=org.dbunit.database.CachedResultSetTableFactory@10bcf083, http://www.dbunit.org/features/datatypeWarning=true}]) - start
194083 [main] TRACE org.dbunit.database.DatabaseConfig  - getFeature(name=http://www.dbunit.org/features/qualifiedTableNames) - start
194083 [main] TRACE org.dbunit.database.DatabaseConfig  - getProperty(name=http://www.dbunit.org/features/qualifiedTableNames) - start
194083 [main] DEBUG org.dbunit.util.QualifiedTableName  - Qualified table names feature is disabled. Returning plain table name
194083 [main] DEBUG org.dbunit.util.QualifiedTableName  - getQualifiedName(prefix=null, name=SCOPEDCONTENT_SCOPEDCONTENTITEM, escapePattern=null) - start
194083 [main] DEBUG org.dbunit.database.search.AbstractMetaDataBasedSearchCallback  - newEdge(rs=org.apache.commons.dbcp.DelegatingResultSet@78804fb0, type=1, from=SCOPEDCONTENTITEM, to=SCOPEDCONTENT_SCOPEDCONTENTITEM, fkColumn=SCOPED_CONTENT_ID, pkColumn=ID) - start
194083 [main] DEBUG org.dbunit.database.search.AbstractMetaDataBasedSearchCallback  - createFKEdge(rs=org.apache.commons.dbcp.DelegatingResultSet@78804fb0, type=1, from=SCOPEDCONTENTITEM, to=SCOPEDCONTENT_SCOPEDCONTENTITEM, fkColumn=SCOPED_CONTENT_ID, pkColumn=ID) - start
194083 [main] DEBUG org.dbunit.database.search.AbstractMetaDataBasedSearchCallback  - Adding edge SCOPEDCONTENT_SCOPEDCONTENTITEM(SCOPED_CONTENT_ID)->SCOPEDCONTENTITEM(ID)
194083 [main] DEBUG org.dbunit.util.search.Edge  - compareTo(o=SCOPEDCONTENTCONDITIONS_SCOPEDCONTENTITEM(SCOPED_CONTENT_ITEM_ID)->SCOPEDCONTENTITEM(ID)) - start
194083 [main] DEBUG org.dbunit.util.SQLHelper  - close(resultSet=org.apache.commons.dbcp.DelegatingResultSet@78804fb0) - start
194083 [main] DEBUG org.dbunit.util.search.DepthFirstSearch  - reverseSearch:SCOPEDCONTENTCONDITIONS_SCOPEDCONTENTITEM
194083 [main] DEBUG org.dbunit.database.search.ExportedKeysSearchCallback  - searchNode(node=SCOPEDCONTENTCONDITIONS_SCOPEDCONTENTITEM) - start
194083 [main] DEBUG org.dbunit.util.search.DepthFirstSearch  - Pushing (reverse) SCOPEDCONTENTCONDITIONS_SCOPEDCONTENTITEM
194083 [main] DEBUG org.dbunit.database.search.ExportedKeysSearchCallback  - getEdges(node=SCOPEDCONTENTCONDITIONS_SCOPEDCONTENTITEM) - start
194083 [main] DEBUG org.dbunit.database.search.AbstractMetaDataBasedSearchCallback  - getNodesFromExportedKeys(node=SCOPEDCONTENTCONDITIONS_SCOPEDCONTENTITEM) - start
194083 [main] DEBUG org.dbunit.database.search.AbstractMetaDataBasedSearchCallback  - getNodes(type=1, node=SCOPEDCONTENTCONDITIONS_SCOPEDCONTENTITEM) - start
194083 [main] DEBUG org.dbunit.database.DatabaseDataSourceConnection  - getConnection() - start
194083 [main] DEBUG org.dbunit.database.search.AbstractMetaDataBasedSearchCallback  - getNodes(type=1, node=SCOPEDCONTENTCONDITIONS_SCOPEDCONTENTITEM, conn=Transaction-aware proxy for target Connection [jdbc:hsqldb:mem:kontrollDS, UserName=sw, HSQL Database Engine Driver], schema=null, metaData=org.apache.commons.dbcp.DelegatingDatabaseMetaData@2fefe99e, edges=[]) - start
194083 [main] DEBUG org.dbunit.database.search.AbstractMetaDataBasedSearchCallback  - Getting edges for node SCOPEDCONTENTCONDITIONS_SCOPEDCONTENTITEM
194084 [main] TRACE org.dbunit.database.DatabaseConfig  - getProperty(name=http://www.dbunit.org/properties/metadataHandler) - start
194084 [main] TRACE org.dbunit.database.DefaultMetadataHandler  - tableExists(metaData=org.apache.commons.dbcp.DelegatingDatabaseMetaData@2fefe99e, schemaName=null, tableName=SCOPEDCONTENTCONDITIONS_SCOPEDCONTENTITEM) - start
194085 [main] DEBUG org.dbunit.util.SQLHelper  - close(resultSet=org.apache.commons.dbcp.DelegatingResultSet@2c2af21f) - start
194085 [main] DEBUG org.dbunit.util.SQLHelper  - close(resultSet=org.apache.commons.dbcp.DelegatingResultSet@2b023f96) - start
194085 [main] DEBUG org.dbunit.util.search.DepthFirstSearch  - reverseSearch:SCOPEDCONTENT_SCOPEDCONTENTITEM
194085 [main] DEBUG org.dbunit.database.search.ExportedKeysSearchCallback  - searchNode(node=SCOPEDCONTENT_SCOPEDCONTENTITEM) - start
194085 [main] DEBUG org.dbunit.util.search.DepthFirstSearch  - Pushing (reverse) SCOPEDCONTENT_SCOPEDCONTENTITEM
194085 [main] DEBUG org.dbunit.database.search.ExportedKeysSearchCallback  - getEdges(node=SCOPEDCONTENT_SCOPEDCONTENTITEM) - start
194085 [main] DEBUG org.dbunit.database.search.AbstractMetaDataBasedSearchCallback  - getNodesFromExportedKeys(node=SCOPEDCONTENT_SCOPEDCONTENTITEM) - start
194085 [main] DEBUG org.dbunit.database.search.AbstractMetaDataBasedSearchCallback  - getNodes(type=1, node=SCOPEDCONTENT_SCOPEDCONTENTITEM) - start
194086 [main] DEBUG org.dbunit.database.DatabaseDataSourceConnection  - getConnection() - start
194086 [main] DEBUG org.dbunit.database.search.AbstractMetaDataBasedSearchCallback  - getNodes(type=1, node=SCOPEDCONTENT_SCOPEDCONTENTITEM, conn=Transaction-aware proxy for target Connection [jdbc:hsqldb:mem:kontrollDS, UserName=sw, HSQL Database Engine Driver], schema=null, metaData=org.apache.commons.dbcp.DelegatingDatabaseMetaData@209ca6e9, edges=[]) - start
194086 [main] DEBUG org.dbunit.database.search.AbstractMetaDataBasedSearchCallback  - Getting edges for node SCOPEDCONTENT_SCOPEDCONTENTITEM
194086 [main] TRACE org.dbunit.database.DatabaseConfig  - getProperty(name=http://www.dbunit.org/properties/metadataHandler) - start
194086 [main] TRACE org.dbunit.database.DefaultMetadataHandler  - tableExists(metaData=org.apache.commons.dbcp.DelegatingDatabaseMetaData@209ca6e9, schemaName=null, tableName=SCOPEDCONTENT_SCOPEDCONTENTITEM) - start
194087 [main] DEBUG org.dbunit.util.SQLHelper  - close(resultSet=org.apache.commons.dbcp.DelegatingResultSet@4c5a1521) - start
194087 [main] DEBUG org.dbunit.util.SQLHelper  - close(resultSet=org.apache.commons.dbcp.DelegatingResultSet@d386a79) - start
194087 [main] DEBUG org.dbunit.util.search.DepthFirstSearch  - search:SCOPEDCONTENTCONDITIONS_SCOPEDCONTENTITEM
194087 [main] DEBUG org.dbunit.database.search.ExportedKeysSearchCallback  - searchNode(node=SCOPEDCONTENTCONDITIONS_SCOPEDCONTENTITEM) - start
194087 [main] DEBUG org.dbunit.util.search.DepthFirstSearch  - Pushing SCOPEDCONTENTCONDITIONS_SCOPEDCONTENTITEM
194087 [main] DEBUG org.dbunit.database.search.ExportedKeysSearchCallback  - getEdges(node=SCOPEDCONTENTCONDITIONS_SCOPEDCONTENTITEM) - start
194087 [main] DEBUG org.dbunit.database.search.AbstractMetaDataBasedSearchCallback  - getNodesFromExportedKeys(node=SCOPEDCONTENTCONDITIONS_SCOPEDCONTENTITEM) - start
194087 [main] DEBUG org.dbunit.database.search.AbstractMetaDataBasedSearchCallback  - getNodes(type=1, node=SCOPEDCONTENTCONDITIONS_SCOPEDCONTENTITEM) - start
194087 [main] DEBUG org.dbunit.database.DatabaseDataSourceConnection  - getConnection() - start
194087 [main] DEBUG org.dbunit.database.search.AbstractMetaDataBasedSearchCallback  - getNodes(type=1, node=SCOPEDCONTENTCONDITIONS_SCOPEDCONTENTITEM, conn=Transaction-aware proxy for target Connection [jdbc:hsqldb:mem:kontrollDS, UserName=sw, HSQL Database Engine Driver], schema=null, metaData=org.apache.commons.dbcp.DelegatingDatabaseMetaData@72d634b6, edges=[]) - start
194087 [main] DEBUG org.dbunit.database.search.AbstractMetaDataBasedSearchCallback  - Getting edges for node SCOPEDCONTENTCONDITIONS_SCOPEDCONTENTITEM
194087 [main] TRACE org.dbunit.database.DatabaseConfig  - getProperty(name=http://www.dbunit.org/properties/metadataHandler) - start
194087 [main] TRACE org.dbunit.database.DefaultMetadataHandler  - tableExists(metaData=org.apache.commons.dbcp.DelegatingDatabaseMetaData@72d634b6, schemaName=null, tableName=SCOPEDCONTENTCONDITIONS_SCOPEDCONTENTITEM) - start
194093 [main] DEBUG org.dbunit.util.SQLHelper  - close(resultSet=org.apache.commons.dbcp.DelegatingResultSet@22d7d4ee) - start
194094 [main] DEBUG org.dbunit.util.SQLHelper  - close(resultSet=org.apache.commons.dbcp.DelegatingResultSet@16f6ab8f) - start
194094 [main] DEBUG org.dbunit.util.search.DepthFirstSearch  - Adding node SCOPEDCONTENTCONDITIONS_SCOPEDCONTENTITEM to the final result
194094 [main] DEBUG org.dbunit.util.search.DepthFirstSearch  - search:SCOPEDCONTENT_SCOPEDCONTENTITEM
194094 [main] DEBUG org.dbunit.database.search.ExportedKeysSearchCallback  - searchNode(node=SCOPEDCONTENT_SCOPEDCONTENTITEM) - start
194094 [main] DEBUG org.dbunit.util.search.DepthFirstSearch  - Pushing SCOPEDCONTENT_SCOPEDCONTENTITEM
194094 [main] DEBUG org.dbunit.database.search.ExportedKeysSearchCallback  - getEdges(node=SCOPEDCONTENT_SCOPEDCONTENTITEM) - start
194094 [main] DEBUG org.dbunit.database.search.AbstractMetaDataBasedSearchCallback  - getNodesFromExportedKeys(node=SCOPEDCONTENT_SCOPEDCONTENTITEM) - start
194094 [main] DEBUG org.dbunit.database.search.AbstractMetaDataBasedSearchCallback  - getNodes(type=1, node=SCOPEDCONTENT_SCOPEDCONTENTITEM) - start
194094 [main] DEBUG org.dbunit.database.DatabaseDataSourceConnection  - getConnection() - start
194094 [main] DEBUG org.dbunit.database.search.AbstractMetaDataBasedSearchCallback  - getNodes(type=1, node=SCOPEDCONTENT_SCOPEDCONTENTITEM, conn=Transaction-aware proxy for target Connection [jdbc:hsqldb:mem:kontrollDS, UserName=sw, HSQL Database Engine Driver], schema=null, metaData=org.apache.commons.dbcp.DelegatingDatabaseMetaData@1c794510, edges=[]) - start
194094 [main] DEBUG org.dbunit.database.search.AbstractMetaDataBasedSearchCallback  - Getting edges for node SCOPEDCONTENT_SCOPEDCONTENTITEM
194094 [main] TRACE org.dbunit.database.DatabaseConfig  - getProperty(name=http://www.dbunit.org/properties/metadataHandler) - start
194094 [main] TRACE org.dbunit.database.DefaultMetadataHandler  - tableExists(metaData=org.apache.commons.dbcp.DelegatingDatabaseMetaData@1c794510, schemaName=null, tableName=SCOPEDCONTENT_SCOPEDCONTENTITEM) - start
194099 [main] DEBUG org.dbunit.util.SQLHelper  - close(resultSet=org.apache.commons.dbcp.DelegatingResultSet@11261a30) - start
194099 [main] DEBUG org.dbunit.util.SQLHelper  - close(resultSet=org.apache.commons.dbcp.DelegatingResultSet@2d2efe0f) - start
194099 [main] DEBUG org.dbunit.util.search.DepthFirstSearch  - Adding node SCOPEDCONTENT_SCOPEDCONTENTITEM to the final result
194099 [main] DEBUG org.dbunit.util.search.DepthFirstSearch  - search:SCOPEDCONTENTITEM
194099 [main] DEBUG org.dbunit.database.search.ExportedKeysSearchCallback  - searchNode(node=SCOPEDCONTENTITEM) - start
194099 [main] DEBUG org.dbunit.util.search.DepthFirstSearch  - Pushing SCOPEDCONTENTITEM
194100 [main] DEBUG org.dbunit.database.search.ExportedKeysSearchCallback  - getEdges(node=SCOPEDCONTENTITEM) - start
194100 [main] DEBUG org.dbunit.database.search.AbstractMetaDataBasedSearchCallback  - getNodesFromExportedKeys(node=SCOPEDCONTENTITEM) - start
194100 [main] DEBUG org.dbunit.database.search.AbstractMetaDataBasedSearchCallback  - getNodes(type=1, node=SCOPEDCONTENTITEM) - start
194100 [main] DEBUG org.dbunit.database.DatabaseDataSourceConnection  - getConnection() - start
194100 [main] DEBUG org.dbunit.database.search.AbstractMetaDataBasedSearchCallback  - getNodes(type=1, node=SCOPEDCONTENTITEM, conn=Transaction-aware proxy for target Connection [jdbc:hsqldb:mem:kontrollDS, UserName=sw, HSQL Database Engine Driver], schema=null, metaData=org.apache.commons.dbcp.DelegatingDatabaseMetaData@6829a1f5, edges=[]) - start
194100 [main] DEBUG org.dbunit.database.search.AbstractMetaDataBasedSearchCallback  - Getting edges for node SCOPEDCONTENTITEM
194100 [main] TRACE org.dbunit.database.DatabaseConfig  - getProperty(name=http://www.dbunit.org/properties/metadataHandler) - start
194100 [main] TRACE org.dbunit.database.DefaultMetadataHandler  - tableExists(metaData=org.apache.commons.dbcp.DelegatingDatabaseMetaData@6829a1f5, schemaName=null, tableName=SCOPEDCONTENTITEM) - start
194101 [main] DEBUG org.dbunit.util.SQLHelper  - close(resultSet=org.apache.commons.dbcp.DelegatingResultSet@3e648375) - start
194101 [main] DEBUG org.dbunit.util.QualifiedTableName  - getQualifiedNameIfEnabled(config=org.dbunit.database.DatabaseConfig[, _propertyMap={http://www.dbunit.org/properties/statementFactory=org.dbunit.database.statement.PreparedStatementFactory@626bc2b8, http://www.dbunit.org/features/caseSensitiveTableNames=false, http://www.dbunit.org/properties/fetchSize=100, http://www.dbunit.org/features/batchedStatements=false, http://www.dbunit.org/properties/metadataHandler=org.dbunit.database.DefaultMetadataHandler@3eeace42, http://www.dbunit.org/properties/datatypeFactory=org.dbunit.dataset.datatype.DefaultDataTypeFactory[_toleratedDeltaMap=org.dbunit.dataset.datatype.ToleratedDeltaMap@6452310a], http://www.dbunit.org/properties/escapePattern=null, http://www.dbunit.org/properties/batchSize=100, http://www.dbunit.org/features/qualifiedTableNames=false, http://www.dbunit.org/properties/tableType=[Ljava.lang.String;@5011bafa, http://www.dbunit.org/properties/resultSetTableFactory=org.dbunit.database.CachedResultSetTableFactory@10bcf083, http://www.dbunit.org/features/datatypeWarning=true}]) - start
194101 [main] TRACE org.dbunit.database.DatabaseConfig  - getFeature(name=http://www.dbunit.org/features/qualifiedTableNames) - start
194101 [main] TRACE org.dbunit.database.DatabaseConfig  - getProperty(name=http://www.dbunit.org/features/qualifiedTableNames) - start
194101 [main] DEBUG org.dbunit.util.QualifiedTableName  - Qualified table names feature is disabled. Returning plain table name
194101 [main] DEBUG org.dbunit.util.QualifiedTableName  - getQualifiedName(prefix=null, name=SCOPEDCONTENTITEM, escapePattern=null) - start
194101 [main] DEBUG org.dbunit.util.QualifiedTableName  - getQualifiedNameIfEnabled(config=org.dbunit.database.DatabaseConfig[, _propertyMap={http://www.dbunit.org/properties/statementFactory=org.dbunit.database.statement.PreparedStatementFactory@626bc2b8, http://www.dbunit.org/features/caseSensitiveTableNames=false, http://www.dbunit.org/properties/fetchSize=100, http://www.dbunit.org/features/batchedStatements=false, http://www.dbunit.org/properties/metadataHandler=org.dbunit.database.DefaultMetadataHandler@3eeace42, http://www.dbunit.org/properties/datatypeFactory=org.dbunit.dataset.datatype.DefaultDataTypeFactory[_toleratedDeltaMap=org.dbunit.dataset.datatype.ToleratedDeltaMap@6452310a], http://www.dbunit.org/properties/escapePattern=null, http://www.dbunit.org/properties/batchSize=100, http://www.dbunit.org/features/qualifiedTableNames=false, http://www.dbunit.org/properties/tableType=[Ljava.lang.String;@5011bafa, http://www.dbunit.org/properties/resultSetTableFactory=org.dbunit.database.CachedResultSetTableFactory@10bcf083, http://www.dbunit.org/features/datatypeWarning=true}]) - start
194101 [main] TRACE org.dbunit.database.DatabaseConfig  - getFeature(name=http://www.dbunit.org/features/qualifiedTableNames) - start
194101 [main] TRACE org.dbunit.database.DatabaseConfig  - getProperty(name=http://www.dbunit.org/features/qualifiedTableNames) - start
194101 [main] DEBUG org.dbunit.util.QualifiedTableName  - Qualified table names feature is disabled. Returning plain table name
194101 [main] DEBUG org.dbunit.util.QualifiedTableName  - getQualifiedName(prefix=null, name=SCOPEDCONTENTCONDITIONS_SCOPEDCONTENTITEM, escapePattern=null) - start
194101 [main] DEBUG org.dbunit.database.search.AbstractMetaDataBasedSearchCallback  - newEdge(rs=org.apache.commons.dbcp.DelegatingResultSet@3e6b405a, type=1, from=SCOPEDCONTENTITEM, to=SCOPEDCONTENTCONDITIONS_SCOPEDCONTENTITEM, fkColumn=SCOPED_CONTENT_ITEM_ID, pkColumn=ID) - start
194101 [main] DEBUG org.dbunit.database.search.AbstractMetaDataBasedSearchCallback  - createFKEdge(rs=org.apache.commons.dbcp.DelegatingResultSet@3e6b405a, type=1, from=SCOPEDCONTENTITEM, to=SCOPEDCONTENTCONDITIONS_SCOPEDCONTENTITEM, fkColumn=SCOPED_CONTENT_ITEM_ID, pkColumn=ID) - start
194101 [main] DEBUG org.dbunit.database.search.AbstractMetaDataBasedSearchCallback  - Adding edge SCOPEDCONTENTCONDITIONS_SCOPEDCONTENTITEM(SCOPED_CONTENT_ITEM_ID)->SCOPEDCONTENTITEM(ID)
194101 [main] DEBUG org.dbunit.util.search.Edge  - compareTo(o=SCOPEDCONTENTCONDITIONS_SCOPEDCONTENTITEM(SCOPED_CONTENT_ITEM_ID)->SCOPEDCONTENTITEM(ID)) - start
194101 [main] DEBUG org.dbunit.util.QualifiedTableName  - getQualifiedNameIfEnabled(config=org.dbunit.database.DatabaseConfig[, _propertyMap={http://www.dbunit.org/properties/statementFactory=org.dbunit.database.statement.PreparedStatementFactory@626bc2b8, http://www.dbunit.org/features/caseSensitiveTableNames=false, http://www.dbunit.org/properties/fetchSize=100, http://www.dbunit.org/features/batchedStatements=false, http://www.dbunit.org/properties/metadataHandler=org.dbunit.database.DefaultMetadataHandler@3eeace42, http://www.dbunit.org/properties/datatypeFactory=org.dbunit.dataset.datatype.DefaultDataTypeFactory[_toleratedDeltaMap=org.dbunit.dataset.datatype.ToleratedDeltaMap@6452310a], http://www.dbunit.org/properties/escapePattern=null, http://www.dbunit.org/properties/batchSize=100, http://www.dbunit.org/features/qualifiedTableNames=false, http://www.dbunit.org/properties/tableType=[Ljava.lang.String;@5011bafa, http://www.dbunit.org/properties/resultSetTableFactory=org.dbunit.database.CachedResultSetTableFactory@10bcf083, http://www.dbunit.org/features/datatypeWarning=true}]) - start
194101 [main] TRACE org.dbunit.database.DatabaseConfig  - getFeature(name=http://www.dbunit.org/features/qualifiedTableNames) - start
194102 [main] TRACE org.dbunit.database.DatabaseConfig  - getProperty(name=http://www.dbunit.org/features/qualifiedTableNames) - start
194102 [main] DEBUG org.dbunit.util.QualifiedTableName  - Qualified table names feature is disabled. Returning plain table name
194102 [main] DEBUG org.dbunit.util.QualifiedTableName  - getQualifiedName(prefix=null, name=SCOPEDCONTENTITEM, escapePattern=null) - start
194102 [main] DEBUG org.dbunit.util.QualifiedTableName  - getQualifiedNameIfEnabled(config=org.dbunit.database.DatabaseConfig[, _propertyMap={http://www.dbunit.org/properties/statementFactory=org.dbunit.database.statement.PreparedStatementFactory@626bc2b8, http://www.dbunit.org/features/caseSensitiveTableNames=false, http://www.dbunit.org/properties/fetchSize=100, http://www.dbunit.org/features/batchedStatements=false, http://www.dbunit.org/properties/metadataHandler=org.dbunit.database.DefaultMetadataHandler@3eeace42, http://www.dbunit.org/properties/datatypeFactory=org.dbunit.dataset.datatype.DefaultDataTypeFactory[_toleratedDeltaMap=org.dbunit.dataset.datatype.ToleratedDeltaMap@6452310a], http://www.dbunit.org/properties/escapePattern=null, http://www.dbunit.org/properties/batchSize=100, http://www.dbunit.org/features/qualifiedTableNames=false, http://www.dbunit.org/properties/tableType=[Ljava.lang.String;@5011bafa, http://www.dbunit.org/properties/resultSetTableFactory=org.dbunit.database.CachedResultSetTableFactory@10bcf083, http://www.dbunit.org/features/datatypeWarning=true}]) - start
194102 [main] TRACE org.dbunit.database.DatabaseConfig  - getFeature(name=http://www.dbunit.org/features/qualifiedTableNames) - start
194102 [main] TRACE org.dbunit.database.DatabaseConfig  - getProperty(name=http://www.dbunit.org/features/qualifiedTableNames) - start
194102 [main] DEBUG org.dbunit.util.QualifiedTableName  - Qualified table names feature is disabled. Returning plain table name
194102 [main] DEBUG org.dbunit.util.QualifiedTableName  - getQualifiedName(prefix=null, name=SCOPEDCONTENT_SCOPEDCONTENTITEM, escapePattern=null) - start
194102 [main] DEBUG org.dbunit.database.search.AbstractMetaDataBasedSearchCallback  - newEdge(rs=org.apache.commons.dbcp.DelegatingResultSet@3e6b405a, type=1, from=SCOPEDCONTENTITEM, to=SCOPEDCONTENT_SCOPEDCONTENTITEM, fkColumn=SCOPED_CONTENT_ID, pkColumn=ID) - start
194102 [main] DEBUG org.dbunit.database.search.AbstractMetaDataBasedSearchCallback  - createFKEdge(rs=org.apache.commons.dbcp.DelegatingResultSet@3e6b405a, type=1, from=SCOPEDCONTENTITEM, to=SCOPEDCONTENT_SCOPEDCONTENTITEM, fkColumn=SCOPED_CONTENT_ID, pkColumn=ID) - start
194102 [main] DEBUG org.dbunit.database.search.AbstractMetaDataBasedSearchCallback  - Adding edge SCOPEDCONTENT_SCOPEDCONTENTITEM(SCOPED_CONTENT_ID)->SCOPEDCONTENTITEM(ID)
194102 [main] DEBUG org.dbunit.util.search.Edge  - compareTo(o=SCOPEDCONTENTCONDITIONS_SCOPEDCONTENTITEM(SCOPED_CONTENT_ITEM_ID)->SCOPEDCONTENTITEM(ID)) - start
194102 [main] DEBUG org.dbunit.util.SQLHelper  - close(resultSet=org.apache.commons.dbcp.DelegatingResultSet@3e6b405a) - start
194102 [main] DEBUG org.dbunit.util.search.DepthFirstSearch  - search:SCOPEDCONTENTITEM
194102 [main] DEBUG org.dbunit.util.search.DepthFirstSearch  - already searched; returning true
194102 [main] DEBUG org.dbunit.util.search.DepthFirstSearch  - search:SCOPEDCONTENTITEM
194102 [main] DEBUG org.dbunit.util.search.DepthFirstSearch  - already searched; returning true
194102 [main] DEBUG org.dbunit.util.search.DepthFirstSearch  - Adding node SCOPEDCONTENTITEM to the final result
194102 [main] DEBUG org.dbunit.util.CollectionsHelper  - setToStrings(set=[SCOPEDCONTENTCONDITIONS_SCOPEDCONTENTITEM, SCOPEDCONTENT_SCOPEDCONTENTITEM, SCOPEDCONTENTITEM]) - start
194103 [main] DEBUG org.dbunit.database.search.TablesDependencyHelper  - getDirectDependsOnTables(connection=_databaseConfig=org.dbunit.database.DatabaseConfig[, _propertyMap={http://www.dbunit.org/properties/statementFactory=org.dbunit.database.statement.PreparedStatementFactory@626bc2b8, http://www.dbunit.org/features/caseSensitiveTableNames=false, http://www.dbunit.org/properties/fetchSize=100, http://www.dbunit.org/features/batchedStatements=false, http://www.dbunit.org/properties/metadataHandler=org.dbunit.database.DefaultMetadataHandler@3eeace42, http://www.dbunit.org/properties/datatypeFactory=org.dbunit.dataset.datatype.DefaultDataTypeFactory[_toleratedDeltaMap=org.dbunit.dataset.datatype.ToleratedDeltaMap@6452310a], http://www.dbunit.org/properties/escapePattern=null, http://www.dbunit.org/properties/batchSize=100, http://www.dbunit.org/features/qualifiedTableNames=false, http://www.dbunit.org/properties/tableType=[Ljava.lang.String;@5011bafa, http://www.dbunit.org/properties/resultSetTableFactory=org.dbunit.database.CachedResultSetTableFactory@10bcf083, http://www.dbunit.org/features/datatypeWarning=true}], _dataSet=AbstractDataSet[_orderedTableNameMap=null], tableName=SCOPEDCONTENTITEM) - start
194103 [main] DEBUG org.dbunit.util.search.DepthFirstSearch  - search(nodesFrom=[SCOPEDCONTENTITEM], callback=org.dbunit.database.search.ExportedKeysSearchCallback@2fdd8d3) - start
194103 [main] DEBUG org.dbunit.util.CollectionsHelper  - objectsToSet(objects=SCOPEDCONTENTITEM) - start
194103 [main] DEBUG org.dbunit.util.search.DepthFirstSearch  - search(nodesFrom=[SCOPEDCONTENTITEM], callback=org.dbunit.database.search.ExportedKeysSearchCallback@2fdd8d3) - start
194103 [main] DEBUG org.dbunit.util.search.DepthFirstSearch  - reverseSearch:SCOPEDCONTENTITEM
194103 [main] DEBUG org.dbunit.database.search.ExportedKeysSearchCallback  - searchNode(node=SCOPEDCONTENTITEM) - start
194103 [main] DEBUG org.dbunit.util.search.DepthFirstSearch  - Pushing (reverse) SCOPEDCONTENTITEM
194103 [main] DEBUG org.dbunit.database.search.ExportedKeysSearchCallback  - getEdges(node=SCOPEDCONTENTITEM) - start
194103 [main] DEBUG org.dbunit.database.search.AbstractMetaDataBasedSearchCallback  - getNodesFromExportedKeys(node=SCOPEDCONTENTITEM) - start
194103 [main] DEBUG org.dbunit.database.search.AbstractMetaDataBasedSearchCallback  - getNodes(type=1, node=SCOPEDCONTENTITEM) - start
194103 [main] DEBUG org.dbunit.database.DatabaseDataSourceConnection  - getConnection() - start
194103 [main] DEBUG org.dbunit.database.search.AbstractMetaDataBasedSearchCallback  - getNodes(type=1, node=SCOPEDCONTENTITEM, conn=Transaction-aware proxy for target Connection [jdbc:hsqldb:mem:kontrollDS, UserName=sw, HSQL Database Engine Driver], schema=null, metaData=org.apache.commons.dbcp.DelegatingDatabaseMetaData@67a6062d, edges=[]) - start
194103 [main] DEBUG org.dbunit.database.search.AbstractMetaDataBasedSearchCallback  - Getting edges for node SCOPEDCONTENTITEM
194103 [main] TRACE org.dbunit.database.DatabaseConfig  - getProperty(name=http://www.dbunit.org/properties/metadataHandler) - start
194103 [main] TRACE org.dbunit.database.DefaultMetadataHandler  - tableExists(metaData=org.apache.commons.dbcp.DelegatingDatabaseMetaData@67a6062d, schemaName=null, tableName=SCOPEDCONTENTITEM) - start
194104 [main] DEBUG org.dbunit.util.SQLHelper  - close(resultSet=org.apache.commons.dbcp.DelegatingResultSet@37f23c6f) - start
194104 [main] DEBUG org.dbunit.util.QualifiedTableName  - getQualifiedNameIfEnabled(config=org.dbunit.database.DatabaseConfig[, _propertyMap={http://www.dbunit.org/properties/statementFactory=org.dbunit.database.statement.PreparedStatementFactory@626bc2b8, http://www.dbunit.org/features/caseSensitiveTableNames=false, http://www.dbunit.org/properties/fetchSize=100, http://www.dbunit.org/features/batchedStatements=false, http://www.dbunit.org/properties/metadataHandler=org.dbunit.database.DefaultMetadataHandler@3eeace42, http://www.dbunit.org/properties/datatypeFactory=org.dbunit.dataset.datatype.DefaultDataTypeFactory[_toleratedDeltaMap=org.dbunit.dataset.datatype.ToleratedDeltaMap@6452310a], http://www.dbunit.org/properties/escapePattern=null, http://www.dbunit.org/properties/batchSize=100, http://www.dbunit.org/features/qualifiedTableNames=false, http://www.dbunit.org/properties/tableType=[Ljava.lang.String;@5011bafa, http://www.dbunit.org/properties/resultSetTableFactory=org.dbunit.database.CachedResultSetTableFactory@10bcf083, http://www.dbunit.org/features/datatypeWarning=true}]) - start
194105 [main] TRACE org.dbunit.database.DatabaseConfig  - getFeature(name=http://www.dbunit.org/features/qualifiedTableNames) - start
194105 [main] TRACE org.dbunit.database.DatabaseConfig  - getProperty(name=http://www.dbunit.org/features/qualifiedTableNames) - start
194105 [main] DEBUG org.dbunit.util.QualifiedTableName  - Qualified table names feature is disabled. Returning plain table name
194105 [main] DEBUG org.dbunit.util.QualifiedTableName  - getQualifiedName(prefix=null, name=SCOPEDCONTENTITEM, escapePattern=null) - start
194105 [main] DEBUG org.dbunit.util.QualifiedTableName  - getQualifiedNameIfEnabled(config=org.dbunit.database.DatabaseConfig[, _propertyMap={http://www.dbunit.org/properties/statementFactory=org.dbunit.database.statement.PreparedStatementFactory@626bc2b8, http://www.dbunit.org/features/caseSensitiveTableNames=false, http://www.dbunit.org/properties/fetchSize=100, http://www.dbunit.org/features/batchedStatements=false, http://www.dbunit.org/properties/metadataHandler=org.dbunit.database.DefaultMetadataHandler@3eeace42, http://www.dbunit.org/properties/datatypeFactory=org.dbunit.dataset.datatype.DefaultDataTypeFactory[_toleratedDeltaMap=org.dbunit.dataset.datatype.ToleratedDeltaMap@6452310a], http://www.dbunit.org/properties/escapePattern=null, http://www.dbunit.org/properties/batchSize=100, http://www.dbunit.org/features/qualifiedTableNames=false, http://www.dbunit.org/properties/tableType=[Ljava.lang.String;@5011bafa, http://www.dbunit.org/properties/resultSetTableFactory=org.dbunit.database.CachedResultSetTableFactory@10bcf083, http://www.dbunit.org/features/datatypeWarning=true}]) - start
194105 [main] TRACE org.dbunit.database.DatabaseConfig  - getFeature(name=http://www.dbunit.org/features/qualifiedTableNames) - start
194105 [main] TRACE org.dbunit.database.DatabaseConfig  - getProperty(name=http://www.dbunit.org/features/qualifiedTableNames) - start
194105 [main] DEBUG org.dbunit.util.QualifiedTableName  - Qualified table names feature is disabled. Returning plain table name
194105 [main] DEBUG org.dbunit.util.QualifiedTableName  - getQualifiedName(prefix=null, name=SCOPEDCONTENTCONDITIONS_SCOPEDCONTENTITEM, escapePattern=null) - start
194105 [main] DEBUG org.dbunit.database.search.AbstractMetaDataBasedSearchCallback  - newEdge(rs=org.apache.commons.dbcp.DelegatingResultSet@8e1f4cd, type=1, from=SCOPEDCONTENTITEM, to=SCOPEDCONTENTCONDITIONS_SCOPEDCONTENTITEM, fkColumn=SCOPED_CONTENT_ITEM_ID, pkColumn=ID) - start
194105 [main] DEBUG org.dbunit.database.search.AbstractMetaDataBasedSearchCallback  - createFKEdge(rs=org.apache.commons.dbcp.DelegatingResultSet@8e1f4cd, type=1, from=SCOPEDCONTENTITEM, to=SCOPEDCONTENTCONDITIONS_SCOPEDCONTENTITEM, fkColumn=SCOPED_CONTENT_ITEM_ID, pkColumn=ID) - start
194105 [main] DEBUG org.dbunit.database.search.AbstractMetaDataBasedSearchCallback  - Adding edge SCOPEDCONTENTCONDITIONS_SCOPEDCONTENTITEM(SCOPED_CONTENT_ITEM_ID)->SCOPEDCONTENTITEM(ID)
194105 [main] DEBUG org.dbunit.util.search.Edge  - compareTo(o=SCOPEDCONTENTCONDITIONS_SCOPEDCONTENTITEM(SCOPED_CONTENT_ITEM_ID)->SCOPEDCONTENTITEM(ID)) - start
194105 [main] DEBUG org.dbunit.util.QualifiedTableName  - getQualifiedNameIfEnabled(config=org.dbunit.database.DatabaseConfig[, _propertyMap={http://www.dbunit.org/properties/statementFactory=org.dbunit.database.statement.PreparedStatementFactory@626bc2b8, http://www.dbunit.org/features/caseSensitiveTableNames=false, http://www.dbunit.org/properties/fetchSize=100, http://www.dbunit.org/features/batchedStatements=false, http://www.dbunit.org/properties/metadataHandler=org.dbunit.database.DefaultMetadataHandler@3eeace42, http://www.dbunit.org/properties/datatypeFactory=org.dbunit.dataset.datatype.DefaultDataTypeFactory[_toleratedDeltaMap=org.dbunit.dataset.datatype.ToleratedDeltaMap@6452310a], http://www.dbunit.org/properties/escapePattern=null, http://www.dbunit.org/properties/batchSize=100, http://www.dbunit.org/features/qualifiedTableNames=false, http://www.dbunit.org/properties/tableType=[Ljava.lang.String;@5011bafa, http://www.dbunit.org/properties/resultSetTableFactory=org.dbunit.database.CachedResultSetTableFactory@10bcf083, http://www.dbunit.org/features/datatypeWarning=true}]) - start
194105 [main] TRACE org.dbunit.database.DatabaseConfig  - getFeature(name=http://www.dbunit.org/features/qualifiedTableNames) - start
194105 [main] TRACE org.dbunit.database.DatabaseConfig  - getProperty(name=http://www.dbunit.org/features/qualifiedTableNames) - start
194106 [main] DEBUG org.dbunit.util.QualifiedTableName  - Qualified table names feature is disabled. Returning plain table name
194106 [main] DEBUG org.dbunit.util.QualifiedTableName  - getQualifiedName(prefix=null, name=SCOPEDCONTENTITEM, escapePattern=null) - start
194106 [main] DEBUG org.dbunit.util.QualifiedTableName  - getQualifiedNameIfEnabled(config=org.dbunit.database.DatabaseConfig[, _propertyMap={http://www.dbunit.org/properties/statementFactory=org.dbunit.database.statement.PreparedStatementFactory@626bc2b8, http://www.dbunit.org/features/caseSensitiveTableNames=false, http://www.dbunit.org/properties/fetchSize=100, http://www.dbunit.org/features/batchedStatements=false, http://www.dbunit.org/properties/metadataHandler=org.dbunit.database.DefaultMetadataHandler@3eeace42, http://www.dbunit.org/properties/datatypeFactory=org.dbunit.dataset.datatype.DefaultDataTypeFactory[_toleratedDeltaMap=org.dbunit.dataset.datatype.ToleratedDeltaMap@6452310a], http://www.dbunit.org/properties/escapePattern=null, http://www.dbunit.org/properties/batchSize=100, http://www.dbunit.org/features/qualifiedTableNames=false, http://www.dbunit.org/properties/tableType=[Ljava.lang.String;@5011bafa, http://www.dbunit.org/properties/resultSetTableFactory=org.dbunit.database.CachedResultSetTableFactory@10bcf083, http://www.dbunit.org/features/datatypeWarning=true}]) - start
194106 [main] TRACE org.dbunit.database.DatabaseConfig  - getFeature(name=http://www.dbunit.org/features/qualifiedTableNames) - start
194106 [main] TRACE org.dbunit.database.DatabaseConfig  - getProperty(name=http://www.dbunit.org/features/qualifiedTableNames) - start
194106 [main] DEBUG org.dbunit.util.QualifiedTableName  - Qualified table names feature is disabled. Returning plain table name
194106 [main] DEBUG org.dbunit.util.QualifiedTableName  - getQualifiedName(prefix=null, name=SCOPEDCONTENT_SCOPEDCONTENTITEM, escapePattern=null) - start
194106 [main] DEBUG org.dbunit.database.search.AbstractMetaDataBasedSearchCallback  - newEdge(rs=org.apache.commons.dbcp.DelegatingResultSet@8e1f4cd, type=1, from=SCOPEDCONTENTITEM, to=SCOPEDCONTENT_SCOPEDCONTENTITEM, fkColumn=SCOPED_CONTENT_ID, pkColumn=ID) - start
194106 [main] DEBUG org.dbunit.database.search.AbstractMetaDataBasedSearchCallback  - createFKEdge(rs=org.apache.commons.dbcp.DelegatingResultSet@8e1f4cd, type=1, from=SCOPEDCONTENTITEM, to=SCOPEDCONTENT_SCOPEDCONTENTITEM, fkColumn=SCOPED_CONTENT_ID, pkColumn=ID) - start
194106 [main] DEBUG org.dbunit.database.search.AbstractMetaDataBasedSearchCallback  - Adding edge SCOPEDCONTENT_SCOPEDCONTENTITEM(SCOPED_CONTENT_ID)->SCOPEDCONTENTITEM(ID)
194106 [main] DEBUG org.dbunit.util.search.Edge  - compareTo(o=SCOPEDCONTENTCONDITIONS_SCOPEDCONTENTITEM(SCOPED_CONTENT_ITEM_ID)->SCOPEDCONTENTITEM(ID)) - start
194106 [main] DEBUG org.dbunit.util.SQLHelper  - close(resultSet=org.apache.commons.dbcp.DelegatingResultSet@8e1f4cd) - start
194106 [main] DEBUG org.dbunit.util.search.DepthFirstSearch  - reverseSearch:SCOPEDCONTENTCONDITIONS_SCOPEDCONTENTITEM
194106 [main] DEBUG org.dbunit.database.search.ExportedKeysSearchCallback  - searchNode(node=SCOPEDCONTENTCONDITIONS_SCOPEDCONTENTITEM) - start
194107 [main] DEBUG org.dbunit.util.search.DepthFirstSearch  - Pushing (reverse) SCOPEDCONTENTCONDITIONS_SCOPEDCONTENTITEM
194107 [main] DEBUG org.dbunit.database.search.ExportedKeysSearchCallback  - getEdges(node=SCOPEDCONTENTCONDITIONS_SCOPEDCONTENTITEM) - start
194107 [main] DEBUG org.dbunit.database.search.AbstractMetaDataBasedSearchCallback  - getNodesFromExportedKeys(node=SCOPEDCONTENTCONDITIONS_SCOPEDCONTENTITEM) - start
194107 [main] DEBUG org.dbunit.database.search.AbstractMetaDataBasedSearchCallback  - getNodes(type=1, node=SCOPEDCONTENTCONDITIONS_SCOPEDCONTENTITEM) - start
194107 [main] DEBUG org.dbunit.database.DatabaseDataSourceConnection  - getConnection() - start
194107 [main] DEBUG org.dbunit.database.search.AbstractMetaDataBasedSearchCallback  - getNodes(type=1, node=SCOPEDCONTENTCONDITIONS_SCOPEDCONTENTITEM, conn=Transaction-aware proxy for target Connection [jdbc:hsqldb:mem:kontrollDS, UserName=sw, HSQL Database Engine Driver], schema=null, metaData=org.apache.commons.dbcp.DelegatingDatabaseMetaData@2a8ec349, edges=[]) - start
194107 [main] DEBUG org.dbunit.database.search.AbstractMetaDataBasedSearchCallback  - Getting edges for node SCOPEDCONTENTCONDITIONS_SCOPEDCONTENTITEM
194107 [main] TRACE org.dbunit.database.DatabaseConfig  - getProperty(name=http://www.dbunit.org/properties/metadataHandler) - start
194107 [main] TRACE org.dbunit.database.DefaultMetadataHandler  - tableExists(metaData=org.apache.commons.dbcp.DelegatingDatabaseMetaData@2a8ec349, schemaName=null, tableName=SCOPEDCONTENTCONDITIONS_SCOPEDCONTENTITEM) - start
194108 [main] DEBUG org.dbunit.util.SQLHelper  - close(resultSet=org.apache.commons.dbcp.DelegatingResultSet@3d437469) - start
194108 [main] DEBUG org.dbunit.util.SQLHelper  - close(resultSet=org.apache.commons.dbcp.DelegatingResultSet@5cb55862) - start
194108 [main] DEBUG org.dbunit.util.search.DepthFirstSearch  - reverseSearch:SCOPEDCONTENT_SCOPEDCONTENTITEM
194108 [main] DEBUG org.dbunit.database.search.ExportedKeysSearchCallback  - searchNode(node=SCOPEDCONTENT_SCOPEDCONTENTITEM) - start
194108 [main] DEBUG org.dbunit.util.search.DepthFirstSearch  - Pushing (reverse) SCOPEDCONTENT_SCOPEDCONTENTITEM
194108 [main] DEBUG org.dbunit.util.search.DepthFirstSearch  - search:SCOPEDCONTENTCONDITIONS_SCOPEDCONTENTITEM
194108 [main] DEBUG org.dbunit.database.search.ExportedKeysSearchCallback  - searchNode(node=SCOPEDCONTENTCONDITIONS_SCOPEDCONTENTITEM) - start
194109 [main] DEBUG org.dbunit.util.search.DepthFirstSearch  - Pushing SCOPEDCONTENTCONDITIONS_SCOPEDCONTENTITEM
194109 [main] DEBUG org.dbunit.database.search.ExportedKeysSearchCallback  - getEdges(node=SCOPEDCONTENTCONDITIONS_SCOPEDCONTENTITEM) - start
194109 [main] DEBUG org.dbunit.database.search.AbstractMetaDataBasedSearchCallback  - getNodesFromExportedKeys(node=SCOPEDCONTENTCONDITIONS_SCOPEDCONTENTITEM) - start
194109 [main] DEBUG org.dbunit.database.search.AbstractMetaDataBasedSearchCallback  - getNodes(type=1, node=SCOPEDCONTENTCONDITIONS_SCOPEDCONTENTITEM) - start
194109 [main] DEBUG org.dbunit.database.DatabaseDataSourceConnection  - getConnection() - start
194109 [main] DEBUG org.dbunit.database.search.AbstractMetaDataBasedSearchCallback  - getNodes(type=1, node=SCOPEDCONTENTCONDITIONS_SCOPEDCONTENTITEM, conn=Transaction-aware proxy for target Connection [jdbc:hsqldb:mem:kontrollDS, UserName=sw, HSQL Database Engine Driver], schema=null, metaData=org.apache.commons.dbcp.DelegatingDatabaseMetaData@5bdb97b, edges=[]) - start
194109 [main] DEBUG org.dbunit.database.search.AbstractMetaDataBasedSearchCallback  - Getting edges for node SCOPEDCONTENTCONDITIONS_SCOPEDCONTENTITEM
194109 [main] TRACE org.dbunit.database.DatabaseConfig  - getProperty(name=http://www.dbunit.org/properties/metadataHandler) - start
194109 [main] TRACE org.dbunit.database.DefaultMetadataHandler  - tableExists(metaData=org.apache.commons.dbcp.DelegatingDatabaseMetaData@5bdb97b, schemaName=null, tableName=SCOPEDCONTENTCONDITIONS_SCOPEDCONTENTITEM) - start
194110 [main] DEBUG org.dbunit.util.SQLHelper  - close(resultSet=org.apache.commons.dbcp.DelegatingResultSet@2134cdd1) - start
194110 [main] DEBUG org.dbunit.util.SQLHelper  - close(resultSet=org.apache.commons.dbcp.DelegatingResultSet@5a6b490d) - start
194110 [main] DEBUG org.dbunit.util.search.DepthFirstSearch  - Adding node SCOPEDCONTENTCONDITIONS_SCOPEDCONTENTITEM to the final result
194110 [main] DEBUG org.dbunit.util.search.DepthFirstSearch  - search:SCOPEDCONTENT_SCOPEDCONTENTITEM
194110 [main] DEBUG org.dbunit.database.search.ExportedKeysSearchCallback  - searchNode(node=SCOPEDCONTENT_SCOPEDCONTENTITEM) - start
194110 [main] DEBUG org.dbunit.util.search.DepthFirstSearch  - Pushing SCOPEDCONTENT_SCOPEDCONTENTITEM
194110 [main] DEBUG org.dbunit.database.search.ExportedKeysSearchCallback  - getEdges(node=SCOPEDCONTENT_SCOPEDCONTENTITEM) - start
194110 [main] DEBUG org.dbunit.database.search.AbstractMetaDataBasedSearchCallback  - getNodesFromExportedKeys(node=SCOPEDCONTENT_SCOPEDCONTENTITEM) - start
194110 [main] DEBUG org.dbunit.database.search.AbstractMetaDataBasedSearchCallback  - getNodes(type=1, node=SCOPEDCONTENT_SCOPEDCONTENTITEM) - start
194110 [main] DEBUG org.dbunit.database.DatabaseDataSourceConnection  - getConnection() - start
194110 [main] DEBUG org.dbunit.database.search.AbstractMetaDataBasedSearchCallback  - getNodes(type=1, node=SCOPEDCONTENT_SCOPEDCONTENTITEM, conn=Transaction-aware proxy for target Connection [jdbc:hsqldb:mem:kontrollDS, UserName=sw, HSQL Database Engine Driver], schema=null, metaData=org.apache.commons.dbcp.DelegatingDatabaseMetaData@398922db, edges=[]) - start
194110 [main] DEBUG org.dbunit.database.search.AbstractMetaDataBasedSearchCallback  - Getting edges for node SCOPEDCONTENT_SCOPEDCONTENTITEM
194111 [main] TRACE org.dbunit.database.DatabaseConfig  - getProperty(name=http://www.dbunit.org/properties/metadataHandler) - start
194111 [main] TRACE org.dbunit.database.DefaultMetadataHandler  - tableExists(metaData=org.apache.commons.dbcp.DelegatingDatabaseMetaData@398922db, schemaName=null, tableName=SCOPEDCONTENT_SCOPEDCONTENTITEM) - start
194112 [main] DEBUG org.dbunit.util.SQLHelper  - close(resultSet=org.apache.commons.dbcp.DelegatingResultSet@16a2de4b) - start
194112 [main] DEBUG org.dbunit.util.SQLHelper  - close(resultSet=org.apache.commons.dbcp.DelegatingResultSet@3b5c811c) - start
194112 [main] DEBUG org.dbunit.util.search.DepthFirstSearch  - Adding node SCOPEDCONTENT_SCOPEDCONTENTITEM to the final result
194112 [main] DEBUG org.dbunit.util.search.DepthFirstSearch  - search:SCOPEDCONTENTITEM
194112 [main] DEBUG org.dbunit.database.search.ExportedKeysSearchCallback  - searchNode(node=SCOPEDCONTENTITEM) - start
194112 [main] DEBUG org.dbunit.util.search.DepthFirstSearch  - Pushing SCOPEDCONTENTITEM
194112 [main] DEBUG org.dbunit.database.search.ExportedKeysSearchCallback  - getEdges(node=SCOPEDCONTENTITEM) - start
194112 [main] DEBUG org.dbunit.database.search.AbstractMetaDataBasedSearchCallback  - getNodesFromExportedKeys(node=SCOPEDCONTENTITEM) - start
194112 [main] DEBUG org.dbunit.database.search.AbstractMetaDataBasedSearchCallback  - getNodes(type=1, node=SCOPEDCONTENTITEM) - start
194112 [main] DEBUG org.dbunit.database.DatabaseDataSourceConnection  - getConnection() - start
194112 [main] DEBUG org.dbunit.database.search.AbstractMetaDataBasedSearchCallback  - getNodes(type=1, node=SCOPEDCONTENTITEM, conn=Transaction-aware proxy for target Connection [jdbc:hsqldb:mem:kontrollDS, UserName=sw, HSQL Database Engine Driver], schema=null, metaData=org.apache.commons.dbcp.DelegatingDatabaseMetaData@362073b6, edges=[]) - start
194112 [main] DEBUG org.dbunit.database.search.AbstractMetaDataBasedSearchCallback  - Getting edges for node SCOPEDCONTENTITEM
194112 [main] TRACE org.dbunit.database.DatabaseConfig  - getProperty(name=http://www.dbunit.org/properties/metadataHandler) - start
194113 [main] TRACE org.dbunit.database.DefaultMetadataHandler  - tableExists(metaData=org.apache.commons.dbcp.DelegatingDatabaseMetaData@362073b6, schemaName=null, tableName=SCOPEDCONTENTITEM) - start
194114 [main] DEBUG org.dbunit.util.SQLHelper  - close(resultSet=org.apache.commons.dbcp.DelegatingResultSet@7006cffa) - start
194114 [main] DEBUG org.dbunit.util.QualifiedTableName  - getQualifiedNameIfEnabled(config=org.dbunit.database.DatabaseConfig[, _propertyMap={http://www.dbunit.org/properties/statementFactory=org.dbunit.database.statement.PreparedStatementFactory@626bc2b8, http://www.dbunit.org/features/caseSensitiveTableNames=false, http://www.dbunit.org/properties/fetchSize=100, http://www.dbunit.org/features/batchedStatements=false, http://www.dbunit.org/properties/metadataHandler=org.dbunit.database.DefaultMetadataHandler@3eeace42, http://www.dbunit.org/properties/datatypeFactory=org.dbunit.dataset.datatype.DefaultDataTypeFactory[_toleratedDeltaMap=org.dbunit.dataset.datatype.ToleratedDeltaMap@6452310a], http://www.dbunit.org/properties/escapePattern=null, http://www.dbunit.org/properties/batchSize=100, http://www.dbunit.org/features/qualifiedTableNames=false, http://www.dbunit.org/properties/tableType=[Ljava.lang.String;@5011bafa, http://www.dbunit.org/properties/resultSetTableFactory=org.dbunit.database.CachedResultSetTableFactory@10bcf083, http://www.dbunit.org/features/datatypeWarning=true}]) - start
194114 [main] TRACE org.dbunit.database.DatabaseConfig  - getFeature(name=http://www.dbunit.org/features/qualifiedTableNames) - start
194114 [main] TRACE org.dbunit.database.DatabaseConfig  - getProperty(name=http://www.dbunit.org/features/qualifiedTableNames) - start
194114 [main] DEBUG org.dbunit.util.QualifiedTableName  - Qualified table names feature is disabled. Returning plain table name
194114 [main] DEBUG org.dbunit.util.QualifiedTableName  - getQualifiedName(prefix=null, name=SCOPEDCONTENTITEM, escapePattern=null) - start
194114 [main] DEBUG org.dbunit.util.QualifiedTableName  - getQualifiedNameIfEnabled(config=org.dbunit.database.DatabaseConfig[, _propertyMap={http://www.dbunit.org/properties/statementFactory=org.dbunit.database.statement.PreparedStatementFactory@626bc2b8, http://www.dbunit.org/features/caseSensitiveTableNames=false, http://www.dbunit.org/properties/fetchSize=100, http://www.dbunit.org/features/batchedStatements=false, http://www.dbunit.org/properties/metadataHandler=org.dbunit.database.DefaultMetadataHandler@3eeace42, http://www.dbunit.org/properties/datatypeFactory=org.dbunit.dataset.datatype.DefaultDataTypeFactory[_toleratedDeltaMap=org.dbunit.dataset.datatype.ToleratedDeltaMap@6452310a], http://www.dbunit.org/properties/escapePattern=null, http://www.dbunit.org/properties/batchSize=100, http://www.dbunit.org/features/qualifiedTableNames=false, http://www.dbunit.org/properties/tableType=[Ljava.lang.String;@5011bafa, http://www.dbunit.org/properties/resultSetTableFactory=org.dbunit.database.CachedResultSetTableFactory@10bcf083, http://www.dbunit.org/features/datatypeWarning=true}]) - start
194114 [main] TRACE org.dbunit.database.DatabaseConfig  - getFeature(name=http://www.dbunit.org/features/qualifiedTableNames) - start
194114 [main] TRACE org.dbunit.database.DatabaseConfig  - getProperty(name=http://www.dbunit.org/features/qualifiedTableNames) - start
194114 [main] DEBUG org.dbunit.util.QualifiedTableName  - Qualified table names feature is disabled. Returning plain table name
194114 [main] DEBUG org.dbunit.util.QualifiedTableName  - getQualifiedName(prefix=null, name=SCOPEDCONTENTCONDITIONS_SCOPEDCONTENTITEM, escapePattern=null) - start
194114 [main] DEBUG org.dbunit.database.search.AbstractMetaDataBasedSearchCallback  - newEdge(rs=org.apache.commons.dbcp.DelegatingResultSet@b40c753, type=1, from=SCOPEDCONTENTITEM, to=SCOPEDCONTENTCONDITIONS_SCOPEDCONTENTITEM, fkColumn=SCOPED_CONTENT_ITEM_ID, pkColumn=ID) - start
194114 [main] DEBUG org.dbunit.database.search.AbstractMetaDataBasedSearchCallback  - createFKEdge(rs=org.apache.commons.dbcp.DelegatingResultSet@b40c753, type=1, from=SCOPEDCONTENTITEM, to=SCOPEDCONTENTCONDITIONS_SCOPEDCONTENTITEM, fkColumn=SCOPED_CONTENT_ITEM_ID, pkColumn=ID) - start
194114 [main] DEBUG org.dbunit.database.search.AbstractMetaDataBasedSearchCallback  - Adding edge SCOPEDCONTENTCONDITIONS_SCOPEDCONTENTITEM(SCOPED_CONTENT_ITEM_ID)->SCOPEDCONTENTITEM(ID)
194114 [main] DEBUG org.dbunit.util.search.Edge  - compareTo(o=SCOPEDCONTENTCONDITIONS_SCOPEDCONTENTITEM(SCOPED_CONTENT_ITEM_ID)->SCOPEDCONTENTITEM(ID)) - start
194114 [main] DEBUG org.dbunit.util.QualifiedTableName  - getQualifiedNameIfEnabled(config=org.dbunit.database.DatabaseConfig[, _propertyMap={http://www.dbunit.org/properties/statementFactory=org.dbunit.database.statement.PreparedStatementFactory@626bc2b8, http://www.dbunit.org/features/caseSensitiveTableNames=false, http://www.dbunit.org/properties/fetchSize=100, http://www.dbunit.org/features/batchedStatements=false, http://www.dbunit.org/properties/metadataHandler=org.dbunit.database.DefaultMetadataHandler@3eeace42, http://www.dbunit.org/properties/datatypeFactory=org.dbunit.dataset.datatype.DefaultDataTypeFactory[_toleratedDeltaMap=org.dbunit.dataset.datatype.ToleratedDeltaMap@6452310a], http://www.dbunit.org/properties/escapePattern=null, http://www.dbunit.org/properties/batchSize=100, http://www.dbunit.org/features/qualifiedTableNames=false, http://www.dbunit.org/properties/tableType=[Ljava.lang.String;@5011bafa, http://www.dbunit.org/properties/resultSetTableFactory=org.dbunit.database.CachedResultSetTableFactory@10bcf083, http://www.dbunit.org/features/datatypeWarning=true}]) - start
194114 [main] TRACE org.dbunit.database.DatabaseConfig  - getFeature(name=http://www.dbunit.org/features/qualifiedTableNames) - start
194114 [main] TRACE org.dbunit.database.DatabaseConfig  - getProperty(name=http://www.dbunit.org/features/qualifiedTableNames) - start
194115 [main] DEBUG org.dbunit.util.QualifiedTableName  - Qualified table names feature is disabled. Returning plain table name
194115 [main] DEBUG org.dbunit.util.QualifiedTableName  - getQualifiedName(prefix=null, name=SCOPEDCONTENTITEM, escapePattern=null) - start
194115 [main] DEBUG org.dbunit.util.QualifiedTableName  - getQualifiedNameIfEnabled(config=org.dbunit.database.DatabaseConfig[, _propertyMap={http://www.dbunit.org/properties/statementFactory=org.dbunit.database.statement.PreparedStatementFactory@626bc2b8, http://www.dbunit.org/features/caseSensitiveTableNames=false, http://www.dbunit.org/properties/fetchSize=100, http://www.dbunit.org/features/batchedStatements=false, http://www.dbunit.org/properties/metadataHandler=org.dbunit.database.DefaultMetadataHandler@3eeace42, http://www.dbunit.org/properties/datatypeFactory=org.dbunit.dataset.datatype.DefaultDataTypeFactory[_toleratedDeltaMap=org.dbunit.dataset.datatype.ToleratedDeltaMap@6452310a], http://www.dbunit.org/properties/escapePattern=null, http://www.dbunit.org/properties/batchSize=100, http://www.dbunit.org/features/qualifiedTableNames=false, http://www.dbunit.org/properties/tableType=[Ljava.lang.String;@5011bafa, http://www.dbunit.org/properties/resultSetTableFactory=org.dbunit.database.CachedResultSetTableFactory@10bcf083, http://www.dbunit.org/features/datatypeWarning=true}]) - start
194115 [main] TRACE org.dbunit.database.DatabaseConfig  - getFeature(name=http://www.dbunit.org/features/qualifiedTableNames) - start
194115 [main] TRACE org.dbunit.database.DatabaseConfig  - getProperty(name=http://www.dbunit.org/features/qualifiedTableNames) - start
194115 [main] DEBUG org.dbunit.util.QualifiedTableName  - Qualified table names feature is disabled. Returning plain table name
194115 [main] DEBUG org.dbunit.util.QualifiedTableName  - getQualifiedName(prefix=null, name=SCOPEDCONTENT_SCOPEDCONTENTITEM, escapePattern=null) - start
194115 [main] DEBUG org.dbunit.database.search.AbstractMetaDataBasedSearchCallback  - newEdge(rs=org.apache.commons.dbcp.DelegatingResultSet@b40c753, type=1, from=SCOPEDCONTENTITEM, to=SCOPEDCONTENT_SCOPEDCONTENTITEM, fkColumn=SCOPED_CONTENT_ID, pkColumn=ID) - start
194115 [main] DEBUG org.dbunit.database.search.AbstractMetaDataBasedSearchCallback  - createFKEdge(rs=org.apache.commons.dbcp.DelegatingResultSet@b40c753, type=1, from=SCOPEDCONTENTITEM, to=SCOPEDCONTENT_SCOPEDCONTENTITEM, fkColumn=SCOPED_CONTENT_ID, pkColumn=ID) - start
194115 [main] DEBUG org.dbunit.database.search.AbstractMetaDataBasedSearchCallback  - Adding edge SCOPEDCONTENT_SCOPEDCONTENTITEM(SCOPED_CONTENT_ID)->SCOPEDCONTENTITEM(ID)
194115 [main] DEBUG org.dbunit.util.search.Edge  - compareTo(o=SCOPEDCONTENTCONDITIONS_SCOPEDCONTENTITEM(SCOPED_CONTENT_ITEM_ID)->SCOPEDCONTENTITEM(ID)) - start
194115 [main] DEBUG org.dbunit.util.SQLHelper  - close(resultSet=org.apache.commons.dbcp.DelegatingResultSet@b40c753) - start
194115 [main] DEBUG org.dbunit.util.search.DepthFirstSearch  - search:SCOPEDCONTENTITEM
194115 [main] DEBUG org.dbunit.util.search.DepthFirstSearch  - already searched; returning true
194115 [main] DEBUG org.dbunit.util.search.DepthFirstSearch  - search:SCOPEDCONTENTITEM
194115 [main] DEBUG org.dbunit.util.search.DepthFirstSearch  - already searched; returning true
194115 [main] DEBUG org.dbunit.util.search.DepthFirstSearch  - Adding node SCOPEDCONTENTITEM to the final result
194115 [main] DEBUG org.dbunit.database.search.TablesDependencyHelper  - getDirectDependentTables(connection=_databaseConfig=org.dbunit.database.DatabaseConfig[, _propertyMap={http://www.dbunit.org/properties/statementFactory=org.dbunit.database.statement.PreparedStatementFactory@626bc2b8, http://www.dbunit.org/features/caseSensitiveTableNames=false, http://www.dbunit.org/properties/fetchSize=100, http://www.dbunit.org/features/batchedStatements=false, http://www.dbunit.org/properties/metadataHandler=org.dbunit.database.DefaultMetadataHandler@3eeace42, http://www.dbunit.org/properties/datatypeFactory=org.dbunit.dataset.datatype.DefaultDataTypeFactory[_toleratedDeltaMap=org.dbunit.dataset.datatype.ToleratedDeltaMap@6452310a], http://www.dbunit.org/properties/escapePattern=null, http://www.dbunit.org/properties/batchSize=100, http://www.dbunit.org/features/qualifiedTableNames=false, http://www.dbunit.org/properties/tableType=[Ljava.lang.String;@5011bafa, http://www.dbunit.org/properties/resultSetTableFactory=org.dbunit.database.CachedResultSetTableFactory@10bcf083, http://www.dbunit.org/features/datatypeWarning=true}], _dataSet=AbstractDataSet[_orderedTableNameMap=null], tableName=SCOPEDCONTENTITEM) - start
194115 [main] DEBUG org.dbunit.util.search.DepthFirstSearch  - search(nodesFrom=[SCOPEDCONTENTITEM], callback=org.dbunit.database.search.ImportedKeysSearchCallback@16016189) - start
194115 [main] DEBUG org.dbunit.util.CollectionsHelper  - objectsToSet(objects=SCOPEDCONTENTITEM) - start
194115 [main] DEBUG org.dbunit.util.search.DepthFirstSearch  - search(nodesFrom=[SCOPEDCONTENTITEM], callback=org.dbunit.database.search.ImportedKeysSearchCallback@16016189) - start
194115 [main] DEBUG org.dbunit.util.search.DepthFirstSearch  - reverseSearch:SCOPEDCONTENTITEM
194115 [main] DEBUG org.dbunit.database.search.ImportedKeysSearchCallback  - searchNode(node=SCOPEDCONTENTITEM) - start
194115 [main] DEBUG org.dbunit.util.search.DepthFirstSearch  - Pushing (reverse) SCOPEDCONTENTITEM
194115 [main] DEBUG org.dbunit.database.search.ImportedKeysSearchCallback  - getEdges(node=SCOPEDCONTENTITEM) - start
194116 [main] DEBUG org.dbunit.database.search.AbstractMetaDataBasedSearchCallback  - getNodesFromImportedKeys(node=SCOPEDCONTENTITEM) - start
194116 [main] DEBUG org.dbunit.database.search.AbstractMetaDataBasedSearchCallback  - getNodes(type=0, node=SCOPEDCONTENTITEM) - start
194116 [main] DEBUG org.dbunit.database.DatabaseDataSourceConnection  - getConnection() - start
194116 [main] DEBUG org.dbunit.database.search.AbstractMetaDataBasedSearchCallback  - getNodes(type=0, node=SCOPEDCONTENTITEM, conn=Transaction-aware proxy for target Connection [jdbc:hsqldb:mem:kontrollDS, UserName=sw, HSQL Database Engine Driver], schema=null, metaData=org.apache.commons.dbcp.DelegatingDatabaseMetaData@34aa74a8, edges=[]) - start
194116 [main] DEBUG org.dbunit.database.search.AbstractMetaDataBasedSearchCallback  - Getting edges for node SCOPEDCONTENTITEM
194116 [main] TRACE org.dbunit.database.DatabaseConfig  - getProperty(name=http://www.dbunit.org/properties/metadataHandler) - start
194116 [main] TRACE org.dbunit.database.DefaultMetadataHandler  - tableExists(metaData=org.apache.commons.dbcp.DelegatingDatabaseMetaData@34aa74a8, schemaName=null, tableName=SCOPEDCONTENTITEM) - start
194117 [main] DEBUG org.dbunit.util.SQLHelper  - close(resultSet=org.apache.commons.dbcp.DelegatingResultSet@3e4355f8) - start
194117 [main] DEBUG org.dbunit.util.SQLHelper  - close(resultSet=org.apache.commons.dbcp.DelegatingResultSet@445ebe76) - start
194117 [main] DEBUG org.dbunit.util.search.DepthFirstSearch  - search:SCOPEDCONTENTITEM
194117 [main] DEBUG org.dbunit.database.search.ImportedKeysSearchCallback  - searchNode(node=SCOPEDCONTENTITEM) - start
194117 [main] DEBUG org.dbunit.util.search.DepthFirstSearch  - Pushing SCOPEDCONTENTITEM
194117 [main] DEBUG org.dbunit.database.search.ImportedKeysSearchCallback  - getEdges(node=SCOPEDCONTENTITEM) - start
194117 [main] DEBUG org.dbunit.database.search.AbstractMetaDataBasedSearchCallback  - getNodesFromImportedKeys(node=SCOPEDCONTENTITEM) - start
194117 [main] DEBUG org.dbunit.database.search.AbstractMetaDataBasedSearchCallback  - getNodes(type=0, node=SCOPEDCONTENTITEM) - start
194117 [main] DEBUG org.dbunit.database.DatabaseDataSourceConnection  - getConnection() - start
194117 [main] DEBUG org.dbunit.database.search.AbstractMetaDataBasedSearchCallback  - getNodes(type=0, node=SCOPEDCONTENTITEM, conn=Transaction-aware proxy for target Connection [jdbc:hsqldb:mem:kontrollDS, UserName=sw, HSQL Database Engine Driver], schema=null, metaData=org.apache.commons.dbcp.DelegatingDatabaseMetaData@282a580b, edges=[]) - start
194117 [main] DEBUG org.dbunit.database.search.AbstractMetaDataBasedSearchCallback  - Getting edges for node SCOPEDCONTENTITEM
194117 [main] TRACE org.dbunit.database.DatabaseConfig  - getProperty(name=http://www.dbunit.org/properties/metadataHandler) - start
194118 [main] TRACE org.dbunit.database.DefaultMetadataHandler  - tableExists(metaData=org.apache.commons.dbcp.DelegatingDatabaseMetaData@282a580b, schemaName=null, tableName=SCOPEDCONTENTITEM) - start
194118 [main] DEBUG org.dbunit.util.SQLHelper  - close(resultSet=org.apache.commons.dbcp.DelegatingResultSet@3649e4a6) - start
194119 [main] DEBUG org.dbunit.util.SQLHelper  - close(resultSet=org.apache.commons.dbcp.DelegatingResultSet@6345f564) - start
194119 [main] DEBUG org.dbunit.util.search.DepthFirstSearch  - Adding node SCOPEDCONTENTITEM to the final result
194119 [main] DEBUG org.dbunit.database.DatabaseSequenceFilter  - getDependencyInfo(connection=_databaseConfig=org.dbunit.database.DatabaseConfig[, _propertyMap={http://www.dbunit.org/properties/statementFactory=org.dbunit.database.statement.PreparedStatementFactory@626bc2b8, http://www.dbunit.org/features/caseSensitiveTableNames=false, http://www.dbunit.org/properties/fetchSize=100, http://www.dbunit.org/features/batchedStatements=false, http://www.dbunit.org/properties/metadataHandler=org.dbunit.database.DefaultMetadataHandler@3eeace42, http://www.dbunit.org/properties/datatypeFactory=org.dbunit.dataset.datatype.DefaultDataTypeFactory[_toleratedDeltaMap=org.dbunit.dataset.datatype.ToleratedDeltaMap@6452310a], http://www.dbunit.org/properties/escapePattern=null, http://www.dbunit.org/properties/batchSize=100, http://www.dbunit.org/features/qualifiedTableNames=false, http://www.dbunit.org/properties/tableType=[Ljava.lang.String;@5011bafa, http://www.dbunit.org/properties/resultSetTableFactory=org.dbunit.database.CachedResultSetTableFactory@10bcf083, http://www.dbunit.org/features/datatypeWarning=true}], _dataSet=AbstractDataSet[_orderedTableNameMap=null], tableName=SCOPEDCONTENT_SCOPEDCONTENTITEM) - start
194119 [main] DEBUG org.dbunit.database.search.TablesDependencyHelper  - getDependentTables(connection=_databaseConfig=org.dbunit.database.DatabaseConfig[, _propertyMap={http://www.dbunit.org/properties/statementFactory=org.dbunit.database.statement.PreparedStatementFactory@626bc2b8, http://www.dbunit.org/features/caseSensitiveTableNames=false, http://www.dbunit.org/properties/fetchSize=100, http://www.dbunit.org/features/batchedStatements=false, http://www.dbunit.org/properties/metadataHandler=org.dbunit.database.DefaultMetadataHandler@3eeace42, http://www.dbunit.org/properties/datatypeFactory=org.dbunit.dataset.datatype.DefaultDataTypeFactory[_toleratedDeltaMap=org.dbunit.dataset.datatype.ToleratedDeltaMap@6452310a], http://www.dbunit.org/properties/escapePattern=null, http://www.dbunit.org/properties/batchSize=100, http://www.dbunit.org/features/qualifiedTableNames=false, http://www.dbunit.org/properties/tableType=[Ljava.lang.String;@5011bafa, http://www.dbunit.org/properties/resultSetTableFactory=org.dbunit.database.CachedResultSetTableFactory@10bcf083, http://www.dbunit.org/features/datatypeWarning=true}], _dataSet=AbstractDataSet[_orderedTableNameMap=null], rootTable=SCOPEDCONTENT_SCOPEDCONTENTITEM) - start
194119 [main] DEBUG org.dbunit.database.search.TablesDependencyHelper  - getDependentTables(connection=_databaseConfig=org.dbunit.database.DatabaseConfig[, _propertyMap={http://www.dbunit.org/properties/statementFactory=org.dbunit.database.statement.PreparedStatementFactory@626bc2b8, http://www.dbunit.org/features/caseSensitiveTableNames=false, http://www.dbunit.org/properties/fetchSize=100, http://www.dbunit.org/features/batchedStatements=false, http://www.dbunit.org/properties/metadataHandler=org.dbunit.database.DefaultMetadataHandler@3eeace42, http://www.dbunit.org/properties/datatypeFactory=org.dbunit.dataset.datatype.DefaultDataTypeFactory[_toleratedDeltaMap=org.dbunit.dataset.datatype.ToleratedDeltaMap@6452310a], http://www.dbunit.org/properties/escapePattern=null, http://www.dbunit.org/properties/batchSize=100, http://www.dbunit.org/features/qualifiedTableNames=false, http://www.dbunit.org/properties/tableType=[Ljava.lang.String;@5011bafa, http://www.dbunit.org/properties/resultSetTableFactory=org.dbunit.database.CachedResultSetTableFactory@10bcf083, http://www.dbunit.org/features/datatypeWarning=true}], _dataSet=AbstractDataSet[_orderedTableNameMap=null], rootTables=[SCOPEDCONTENT_SCOPEDCONTENTITEM]) - start
194119 [main] DEBUG org.dbunit.util.search.DepthFirstSearch  - search(nodesFrom=[SCOPEDCONTENT_SCOPEDCONTENTITEM], callback=org.dbunit.database.search.ImportedKeysSearchCallback@3d1b907d) - start
194119 [main] DEBUG org.dbunit.util.CollectionsHelper  - objectsToSet(objects=SCOPEDCONTENT_SCOPEDCONTENTITEM) - start
194119 [main] DEBUG org.dbunit.util.search.DepthFirstSearch  - search(nodesFrom=[SCOPEDCONTENT_SCOPEDCONTENTITEM], callback=org.dbunit.database.search.ImportedKeysSearchCallback@3d1b907d) - start
194119 [main] DEBUG org.dbunit.util.search.DepthFirstSearch  - reverseSearch:SCOPEDCONTENT_SCOPEDCONTENTITEM
194119 [main] DEBUG org.dbunit.database.search.ImportedKeysSearchCallback  - searchNode(node=SCOPEDCONTENT_SCOPEDCONTENTITEM) - start
194119 [main] DEBUG org.dbunit.util.search.DepthFirstSearch  - Pushing (reverse) SCOPEDCONTENT_SCOPEDCONTENTITEM
194119 [main] DEBUG org.dbunit.database.search.ImportedKeysSearchCallback  - getEdges(node=SCOPEDCONTENT_SCOPEDCONTENTITEM) - start
194119 [main] DEBUG org.dbunit.database.search.AbstractMetaDataBasedSearchCallback  - getNodesFromImportedKeys(node=SCOPEDCONTENT_SCOPEDCONTENTITEM) - start
194119 [main] DEBUG org.dbunit.database.search.AbstractMetaDataBasedSearchCallback  - getNodes(type=0, node=SCOPEDCONTENT_SCOPEDCONTENTITEM) - start
194120 [main] DEBUG org.dbunit.database.DatabaseDataSourceConnection  - getConnection() - start
194120 [main] DEBUG org.dbunit.database.search.AbstractMetaDataBasedSearchCallback  - getNodes(type=0, node=SCOPEDCONTENT_SCOPEDCONTENTITEM, conn=Transaction-aware proxy for target Connection [jdbc:hsqldb:mem:kontrollDS, UserName=sw, HSQL Database Engine Driver], schema=null, metaData=org.apache.commons.dbcp.DelegatingDatabaseMetaData@5cab1de2, edges=[]) - start
194120 [main] DEBUG org.dbunit.database.search.AbstractMetaDataBasedSearchCallback  - Getting edges for node SCOPEDCONTENT_SCOPEDCONTENTITEM
194120 [main] TRACE org.dbunit.database.DatabaseConfig  - getProperty(name=http://www.dbunit.org/properties/metadataHandler) - start
194120 [main] TRACE org.dbunit.database.DefaultMetadataHandler  - tableExists(metaData=org.apache.commons.dbcp.DelegatingDatabaseMetaData@5cab1de2, schemaName=null, tableName=SCOPEDCONTENT_SCOPEDCONTENTITEM) - start
194121 [main] DEBUG org.dbunit.util.SQLHelper  - close(resultSet=org.apache.commons.dbcp.DelegatingResultSet@28f8d240) - start
194121 [main] DEBUG org.dbunit.util.QualifiedTableName  - getQualifiedNameIfEnabled(config=org.dbunit.database.DatabaseConfig[, _propertyMap={http://www.dbunit.org/properties/statementFactory=org.dbunit.database.statement.PreparedStatementFactory@626bc2b8, http://www.dbunit.org/features/caseSensitiveTableNames=false, http://www.dbunit.org/properties/fetchSize=100, http://www.dbunit.org/features/batchedStatements=false, http://www.dbunit.org/properties/metadataHandler=org.dbunit.database.DefaultMetadataHandler@3eeace42, http://www.dbunit.org/properties/datatypeFactory=org.dbunit.dataset.datatype.DefaultDataTypeFactory[_toleratedDeltaMap=org.dbunit.dataset.datatype.ToleratedDeltaMap@6452310a], http://www.dbunit.org/properties/escapePattern=null, http://www.dbunit.org/properties/batchSize=100, http://www.dbunit.org/features/qualifiedTableNames=false, http://www.dbunit.org/properties/tableType=[Ljava.lang.String;@5011bafa, http://www.dbunit.org/properties/resultSetTableFactory=org.dbunit.database.CachedResultSetTableFactory@10bcf083, http://www.dbunit.org/features/datatypeWarning=true}]) - start
194121 [main] TRACE org.dbunit.database.DatabaseConfig  - getFeature(name=http://www.dbunit.org/features/qualifiedTableNames) - start
194121 [main] TRACE org.dbunit.database.DatabaseConfig  - getProperty(name=http://www.dbunit.org/features/qualifiedTableNames) - start
194121 [main] DEBUG org.dbunit.util.QualifiedTableName  - Qualified table names feature is disabled. Returning plain table name
194121 [main] DEBUG org.dbunit.util.QualifiedTableName  - getQualifiedName(prefix=null, name=SCOPEDCONTENT_SCOPEDCONTENTITEM, escapePattern=null) - start
194121 [main] DEBUG org.dbunit.util.QualifiedTableName  - getQualifiedNameIfEnabled(config=org.dbunit.database.DatabaseConfig[, _propertyMap={http://www.dbunit.org/properties/statementFactory=org.dbunit.database.statement.PreparedStatementFactory@626bc2b8, http://www.dbunit.org/features/caseSensitiveTableNames=false, http://www.dbunit.org/properties/fetchSize=100, http://www.dbunit.org/features/batchedStatements=false, http://www.dbunit.org/properties/metadataHandler=org.dbunit.database.DefaultMetadataHandler@3eeace42, http://www.dbunit.org/properties/datatypeFactory=org.dbunit.dataset.datatype.DefaultDataTypeFactory[_toleratedDeltaMap=org.dbunit.dataset.datatype.ToleratedDeltaMap@6452310a], http://www.dbunit.org/properties/escapePattern=null, http://www.dbunit.org/properties/batchSize=100, http://www.dbunit.org/features/qualifiedTableNames=false, http://www.dbunit.org/properties/tableType=[Ljava.lang.String;@5011bafa, http://www.dbunit.org/properties/resultSetTableFactory=org.dbunit.database.CachedResultSetTableFactory@10bcf083, http://www.dbunit.org/features/datatypeWarning=true}]) - start
194121 [main] TRACE org.dbunit.database.DatabaseConfig  - getFeature(name=http://www.dbunit.org/features/qualifiedTableNames) - start
194121 [main] TRACE org.dbunit.database.DatabaseConfig  - getProperty(name=http://www.dbunit.org/features/qualifiedTableNames) - start
194121 [main] DEBUG org.dbunit.util.QualifiedTableName  - Qualified table names feature is disabled. Returning plain table name
194121 [main] DEBUG org.dbunit.util.QualifiedTableName  - getQualifiedName(prefix=null, name=SCOPEDCONTENT, escapePattern=null) - start
194121 [main] DEBUG org.dbunit.database.search.AbstractMetaDataBasedSearchCallback  - newEdge(rs=org.apache.commons.dbcp.DelegatingResultSet@38c41b65, type=0, from=SCOPEDCONTENT_SCOPEDCONTENTITEM, to=SCOPEDCONTENT, fkColumn=SCOPED_CONTENT_ITEM_ID, pkColumn=ID) - start
194122 [main] DEBUG org.dbunit.database.search.AbstractMetaDataBasedSearchCallback  - createFKEdge(rs=org.apache.commons.dbcp.DelegatingResultSet@38c41b65, type=0, from=SCOPEDCONTENT_SCOPEDCONTENTITEM, to=SCOPEDCONTENT, fkColumn=SCOPED_CONTENT_ITEM_ID, pkColumn=ID) - start
194122 [main] DEBUG org.dbunit.database.search.AbstractMetaDataBasedSearchCallback  - Adding edge SCOPEDCONTENT_SCOPEDCONTENTITEM(SCOPED_CONTENT_ITEM_ID)->SCOPEDCONTENT(ID)
194122 [main] DEBUG org.dbunit.util.search.Edge  - compareTo(o=SCOPEDCONTENT_SCOPEDCONTENTITEM(SCOPED_CONTENT_ITEM_ID)->SCOPEDCONTENT(ID)) - start
194122 [main] DEBUG org.dbunit.util.QualifiedTableName  - getQualifiedNameIfEnabled(config=org.dbunit.database.DatabaseConfig[, _propertyMap={http://www.dbunit.org/properties/statementFactory=org.dbunit.database.statement.PreparedStatementFactory@626bc2b8, http://www.dbunit.org/features/caseSensitiveTableNames=false, http://www.dbunit.org/properties/fetchSize=100, http://www.dbunit.org/features/batchedStatements=false, http://www.dbunit.org/properties/metadataHandler=org.dbunit.database.DefaultMetadataHandler@3eeace42, http://www.dbunit.org/properties/datatypeFactory=org.dbunit.dataset.datatype.DefaultDataTypeFactory[_toleratedDeltaMap=org.dbunit.dataset.datatype.ToleratedDeltaMap@6452310a], http://www.dbunit.org/properties/escapePattern=null, http://www.dbunit.org/properties/batchSize=100, http://www.dbunit.org/features/qualifiedTableNames=false, http://www.dbunit.org/properties/tableType=[Ljava.lang.String;@5011bafa, http://www.dbunit.org/properties/resultSetTableFactory=org.dbunit.database.CachedResultSetTableFactory@10bcf083, http://www.dbunit.org/features/datatypeWarning=true}]) - start
194122 [main] TRACE org.dbunit.database.DatabaseConfig  - getFeature(name=http://www.dbunit.org/features/qualifiedTableNames) - start
194122 [main] TRACE org.dbunit.database.DatabaseConfig  - getProperty(name=http://www.dbunit.org/features/qualifiedTableNames) - start
194122 [main] DEBUG org.dbunit.util.QualifiedTableName  - Qualified table names feature is disabled. Returning plain table name
194122 [main] DEBUG org.dbunit.util.QualifiedTableName  - getQualifiedName(prefix=null, name=SCOPEDCONTENT_SCOPEDCONTENTITEM, escapePattern=null) - start
194122 [main] DEBUG org.dbunit.util.QualifiedTableName  - getQualifiedNameIfEnabled(config=org.dbunit.database.DatabaseConfig[, _propertyMap={http://www.dbunit.org/properties/statementFactory=org.dbunit.database.statement.PreparedStatementFactory@626bc2b8, http://www.dbunit.org/features/caseSensitiveTableNames=false, http://www.dbunit.org/properties/fetchSize=100, http://www.dbunit.org/features/batchedStatements=false, http://www.dbunit.org/properties/metadataHandler=org.dbunit.database.DefaultMetadataHandler@3eeace42, http://www.dbunit.org/properties/datatypeFactory=org.dbunit.dataset.datatype.DefaultDataTypeFactory[_toleratedDeltaMap=org.dbunit.dataset.datatype.ToleratedDeltaMap@6452310a], http://www.dbunit.org/properties/escapePattern=null, http://www.dbunit.org/properties/batchSize=100, http://www.dbunit.org/features/qualifiedTableNames=false, http://www.dbunit.org/properties/tableType=[Ljava.lang.String;@5011bafa, http://www.dbunit.org/properties/resultSetTableFactory=org.dbunit.database.CachedResultSetTableFactory@10bcf083, http://www.dbunit.org/features/datatypeWarning=true}]) - start
194122 [main] TRACE org.dbunit.database.DatabaseConfig  - getFeature(name=http://www.dbunit.org/features/qualifiedTableNames) - start
194122 [main] TRACE org.dbunit.database.DatabaseConfig  - getProperty(name=http://www.dbunit.org/features/qualifiedTableNames) - start
194122 [main] DEBUG org.dbunit.util.QualifiedTableName  - Qualified table names feature is disabled. Returning plain table name
194122 [main] DEBUG org.dbunit.util.QualifiedTableName  - getQualifiedName(prefix=null, name=SCOPEDCONTENTITEM, escapePattern=null) - start
194122 [main] DEBUG org.dbunit.database.search.AbstractMetaDataBasedSearchCallback  - newEdge(rs=org.apache.commons.dbcp.DelegatingResultSet@38c41b65, type=0, from=SCOPEDCONTENT_SCOPEDCONTENTITEM, to=SCOPEDCONTENTITEM, fkColumn=SCOPED_CONTENT_ID, pkColumn=ID) - start
194122 [main] DEBUG org.dbunit.database.search.AbstractMetaDataBasedSearchCallback  - createFKEdge(rs=org.apache.commons.dbcp.DelegatingResultSet@38c41b65, type=0, from=SCOPEDCONTENT_SCOPEDCONTENTITEM, to=SCOPEDCONTENTITEM, fkColumn=SCOPED_CONTENT_ID, pkColumn=ID) - start
194122 [main] DEBUG org.dbunit.database.search.AbstractMetaDataBasedSearchCallback  - Adding edge SCOPEDCONTENT_SCOPEDCONTENTITEM(SCOPED_CONTENT_ID)->SCOPEDCONTENTITEM(ID)
194122 [main] DEBUG org.dbunit.util.search.Edge  - compareTo(o=SCOPEDCONTENT_SCOPEDCONTENTITEM(SCOPED_CONTENT_ITEM_ID)->SCOPEDCONTENT(ID)) - start
194122 [main] DEBUG org.dbunit.util.SQLHelper  - close(resultSet=org.apache.commons.dbcp.DelegatingResultSet@38c41b65) - start
194122 [main] DEBUG org.dbunit.util.search.DepthFirstSearch  - search:SCOPEDCONTENT_SCOPEDCONTENTITEM
194122 [main] DEBUG org.dbunit.database.search.ImportedKeysSearchCallback  - searchNode(node=SCOPEDCONTENT_SCOPEDCONTENTITEM) - start
194122 [main] DEBUG org.dbunit.util.search.DepthFirstSearch  - Pushing SCOPEDCONTENT_SCOPEDCONTENTITEM
194122 [main] DEBUG org.dbunit.database.search.ImportedKeysSearchCallback  - getEdges(node=SCOPEDCONTENT_SCOPEDCONTENTITEM) - start
194122 [main] DEBUG org.dbunit.database.search.AbstractMetaDataBasedSearchCallback  - getNodesFromImportedKeys(node=SCOPEDCONTENT_SCOPEDCONTENTITEM) - start
194122 [main] DEBUG org.dbunit.database.search.AbstractMetaDataBasedSearchCallback  - getNodes(type=0, node=SCOPEDCONTENT_SCOPEDCONTENTITEM) - start
194122 [main] DEBUG org.dbunit.database.DatabaseDataSourceConnection  - getConnection() - start
194123 [main] DEBUG org.dbunit.database.search.AbstractMetaDataBasedSearchCallback  - getNodes(type=0, node=SCOPEDCONTENT_SCOPEDCONTENTITEM, conn=Transaction-aware proxy for target Connection [jdbc:hsqldb:mem:kontrollDS, UserName=sw, HSQL Database Engine Driver], schema=null, metaData=org.apache.commons.dbcp.DelegatingDatabaseMetaData@52e2a100, edges=[]) - start
194123 [main] DEBUG org.dbunit.database.search.AbstractMetaDataBasedSearchCallback  - Getting edges for node SCOPEDCONTENT_SCOPEDCONTENTITEM
194123 [main] TRACE org.dbunit.database.DatabaseConfig  - getProperty(name=http://www.dbunit.org/properties/metadataHandler) - start
194123 [main] TRACE org.dbunit.database.DefaultMetadataHandler  - tableExists(metaData=org.apache.commons.dbcp.DelegatingDatabaseMetaData@52e2a100, schemaName=null, tableName=SCOPEDCONTENT_SCOPEDCONTENTITEM) - start
194124 [main] DEBUG org.dbunit.util.SQLHelper  - close(resultSet=org.apache.commons.dbcp.DelegatingResultSet@ba9e30) - start
194124 [main] DEBUG org.dbunit.util.QualifiedTableName  - getQualifiedNameIfEnabled(config=org.dbunit.database.DatabaseConfig[, _propertyMap={http://www.dbunit.org/properties/statementFactory=org.dbunit.database.statement.PreparedStatementFactory@626bc2b8, http://www.dbunit.org/features/caseSensitiveTableNames=false, http://www.dbunit.org/properties/fetchSize=100, http://www.dbunit.org/features/batchedStatements=false, http://www.dbunit.org/properties/metadataHandler=org.dbunit.database.DefaultMetadataHandler@3eeace42, http://www.dbunit.org/properties/datatypeFactory=org.dbunit.dataset.datatype.DefaultDataTypeFactory[_toleratedDeltaMap=org.dbunit.dataset.datatype.ToleratedDeltaMap@6452310a], http://www.dbunit.org/properties/escapePattern=null, http://www.dbunit.org/properties/batchSize=100, http://www.dbunit.org/features/qualifiedTableNames=false, http://www.dbunit.org/properties/tableType=[Ljava.lang.String;@5011bafa, http://www.dbunit.org/properties/resultSetTableFactory=org.dbunit.database.CachedResultSetTableFactory@10bcf083, http://www.dbunit.org/features/datatypeWarning=true}]) - start
194124 [main] TRACE org.dbunit.database.DatabaseConfig  - getFeature(name=http://www.dbunit.org/features/qualifiedTableNames) - start
194124 [main] TRACE org.dbunit.database.DatabaseConfig  - getProperty(name=http://www.dbunit.org/features/qualifiedTableNames) - start
194124 [main] DEBUG org.dbunit.util.QualifiedTableName  - Qualified table names feature is disabled. Returning plain table name
194124 [main] DEBUG org.dbunit.util.QualifiedTableName  - getQualifiedName(prefix=null, name=SCOPEDCONTENT_SCOPEDCONTENTITEM, escapePattern=null) - start
194124 [main] DEBUG org.dbunit.util.QualifiedTableName  - getQualifiedNameIfEnabled(config=org.dbunit.database.DatabaseConfig[, _propertyMap={http://www.dbunit.org/properties/statementFactory=org.dbunit.database.statement.PreparedStatementFactory@626bc2b8, http://www.dbunit.org/features/caseSensitiveTableNames=false, http://www.dbunit.org/properties/fetchSize=100, http://www.dbunit.org/features/batchedStatements=false, http://www.dbunit.org/properties/metadataHandler=org.dbunit.database.DefaultMetadataHandler@3eeace42, http://www.dbunit.org/properties/datatypeFactory=org.dbunit.dataset.datatype.DefaultDataTypeFactory[_toleratedDeltaMap=org.dbunit.dataset.datatype.ToleratedDeltaMap@6452310a], http://www.dbunit.org/properties/escapePattern=null, http://www.dbunit.org/properties/batchSize=100, http://www.dbunit.org/features/qualifiedTableNames=false, http://www.dbunit.org/properties/tableType=[Ljava.lang.String;@5011bafa, http://www.dbunit.org/properties/resultSetTableFactory=org.dbunit.database.CachedResultSetTableFactory@10bcf083, http://www.dbunit.org/features/datatypeWarning=true}]) - start
194124 [main] TRACE org.dbunit.database.DatabaseConfig  - getFeature(name=http://www.dbunit.org/features/qualifiedTableNames) - start
194124 [main] TRACE org.dbunit.database.DatabaseConfig  - getProperty(name=http://www.dbunit.org/features/qualifiedTableNames) - start
194124 [main] DEBUG org.dbunit.util.QualifiedTableName  - Qualified table names feature is disabled. Returning plain table name
194124 [main] DEBUG org.dbunit.util.QualifiedTableName  - getQualifiedName(prefix=null, name=SCOPEDCONTENT, escapePattern=null) - start
194125 [main] DEBUG org.dbunit.database.search.AbstractMetaDataBasedSearchCallback  - newEdge(rs=org.apache.commons.dbcp.DelegatingResultSet@33be574c, type=0, from=SCOPEDCONTENT_SCOPEDCONTENTITEM, to=SCOPEDCONTENT, fkColumn=SCOPED_CONTENT_ITEM_ID, pkColumn=ID) - start
194125 [main] DEBUG org.dbunit.database.search.AbstractMetaDataBasedSearchCallback  - createFKEdge(rs=org.apache.commons.dbcp.DelegatingResultSet@33be574c, type=0, from=SCOPEDCONTENT_SCOPEDCONTENTITEM, to=SCOPEDCONTENT, fkColumn=SCOPED_CONTENT_ITEM_ID, pkColumn=ID) - start
194125 [main] DEBUG org.dbunit.database.search.AbstractMetaDataBasedSearchCallback  - Adding edge SCOPEDCONTENT_SCOPEDCONTENTITEM(SCOPED_CONTENT_ITEM_ID)->SCOPEDCONTENT(ID)
194125 [main] DEBUG org.dbunit.util.search.Edge  - compareTo(o=SCOPEDCONTENT_SCOPEDCONTENTITEM(SCOPED_CONTENT_ITEM_ID)->SCOPEDCONTENT(ID)) - start
194125 [main] DEBUG org.dbunit.util.QualifiedTableName  - getQualifiedNameIfEnabled(config=org.dbunit.database.DatabaseConfig[, _propertyMap={http://www.dbunit.org/properties/statementFactory=org.dbunit.database.statement.PreparedStatementFactory@626bc2b8, http://www.dbunit.org/features/caseSensitiveTableNames=false, http://www.dbunit.org/properties/fetchSize=100, http://www.dbunit.org/features/batchedStatements=false, http://www.dbunit.org/properties/metadataHandler=org.dbunit.database.DefaultMetadataHandler@3eeace42, http://www.dbunit.org/properties/datatypeFactory=org.dbunit.dataset.datatype.DefaultDataTypeFactory[_toleratedDeltaMap=org.dbunit.dataset.datatype.ToleratedDeltaMap@6452310a], http://www.dbunit.org/properties/escapePattern=null, http://www.dbunit.org/properties/batchSize=100, http://www.dbunit.org/features/qualifiedTableNames=false, http://www.dbunit.org/properties/tableType=[Ljava.lang.String;@5011bafa, http://www.dbunit.org/properties/resultSetTableFactory=org.dbunit.database.CachedResultSetTableFactory@10bcf083, http://www.dbunit.org/features/datatypeWarning=true}]) - start
194125 [main] TRACE org.dbunit.database.DatabaseConfig  - getFeature(name=http://www.dbunit.org/features/qualifiedTableNames) - start
194125 [main] TRACE org.dbunit.database.DatabaseConfig  - getProperty(name=http://www.dbunit.org/features/qualifiedTableNames) - start
194125 [main] DEBUG org.dbunit.util.QualifiedTableName  - Qualified table names feature is disabled. Returning plain table name
194125 [main] DEBUG org.dbunit.util.QualifiedTableName  - getQualifiedName(prefix=null, name=SCOPEDCONTENT_SCOPEDCONTENTITEM, escapePattern=null) - start
194125 [main] DEBUG org.dbunit.util.QualifiedTableName  - getQualifiedNameIfEnabled(config=org.dbunit.database.DatabaseConfig[, _propertyMap={http://www.dbunit.org/properties/statementFactory=org.dbunit.database.statement.PreparedStatementFactory@626bc2b8, http://www.dbunit.org/features/caseSensitiveTableNames=false, http://www.dbunit.org/properties/fetchSize=100, http://www.dbunit.org/features/batchedStatements=false, http://www.dbunit.org/properties/metadataHandler=org.dbunit.database.DefaultMetadataHandler@3eeace42, http://www.dbunit.org/properties/datatypeFactory=org.dbunit.dataset.datatype.DefaultDataTypeFactory[_toleratedDeltaMap=org.dbunit.dataset.datatype.ToleratedDeltaMap@6452310a], http://www.dbunit.org/properties/escapePattern=null, http://www.dbunit.org/properties/batchSize=100, http://www.dbunit.org/features/qualifiedTableNames=false, http://www.dbunit.org/properties/tableType=[Ljava.lang.String;@5011bafa, http://www.dbunit.org/properties/resultSetTableFactory=org.dbunit.database.CachedResultSetTableFactory@10bcf083, http://www.dbunit.org/features/datatypeWarning=true}]) - start
194125 [main] TRACE org.dbunit.database.DatabaseConfig  - getFeature(name=http://www.dbunit.org/features/qualifiedTableNames) - start
194125 [main] TRACE org.dbunit.database.DatabaseConfig  - getProperty(name=http://www.dbunit.org/features/qualifiedTableNames) - start
194125 [main] DEBUG org.dbunit.util.QualifiedTableName  - Qualified table names feature is disabled. Returning plain table name
194125 [main] DEBUG org.dbunit.util.QualifiedTableName  - getQualifiedName(prefix=null, name=SCOPEDCONTENTITEM, escapePattern=null) - start
194125 [main] DEBUG org.dbunit.database.search.AbstractMetaDataBasedSearchCallback  - newEdge(rs=org.apache.commons.dbcp.DelegatingResultSet@33be574c, type=0, from=SCOPEDCONTENT_SCOPEDCONTENTITEM, to=SCOPEDCONTENTITEM, fkColumn=SCOPED_CONTENT_ID, pkColumn=ID) - start
194125 [main] DEBUG org.dbunit.database.search.AbstractMetaDataBasedSearchCallback  - createFKEdge(rs=org.apache.commons.dbcp.DelegatingResultSet@33be574c, type=0, from=SCOPEDCONTENT_SCOPEDCONTENTITEM, to=SCOPEDCONTENTITEM, fkColumn=SCOPED_CONTENT_ID, pkColumn=ID) - start
194125 [main] DEBUG org.dbunit.database.search.AbstractMetaDataBasedSearchCallback  - Adding edge SCOPEDCONTENT_SCOPEDCONTENTITEM(SCOPED_CONTENT_ID)->SCOPEDCONTENTITEM(ID)
194125 [main] DEBUG org.dbunit.util.search.Edge  - compareTo(o=SCOPEDCONTENT_SCOPEDCONTENTITEM(SCOPED_CONTENT_ITEM_ID)->SCOPEDCONTENT(ID)) - start
194125 [main] DEBUG org.dbunit.util.SQLHelper  - close(resultSet=org.apache.commons.dbcp.DelegatingResultSet@33be574c) - start
194125 [main] DEBUG org.dbunit.util.search.DepthFirstSearch  - search:SCOPEDCONTENT
194125 [main] DEBUG org.dbunit.database.search.ImportedKeysSearchCallback  - searchNode(node=SCOPEDCONTENT) - start
194125 [main] DEBUG org.dbunit.util.search.DepthFirstSearch  - Pushing SCOPEDCONTENT
194125 [main] DEBUG org.dbunit.database.search.ImportedKeysSearchCallback  - getEdges(node=SCOPEDCONTENT) - start
194125 [main] DEBUG org.dbunit.database.search.AbstractMetaDataBasedSearchCallback  - getNodesFromImportedKeys(node=SCOPEDCONTENT) - start
194125 [main] DEBUG org.dbunit.database.search.AbstractMetaDataBasedSearchCallback  - getNodes(type=0, node=SCOPEDCONTENT) - start
194125 [main] DEBUG org.dbunit.database.DatabaseDataSourceConnection  - getConnection() - start
194126 [main] DEBUG org.dbunit.database.search.AbstractMetaDataBasedSearchCallback  - getNodes(type=0, node=SCOPEDCONTENT, conn=Transaction-aware proxy for target Connection [jdbc:hsqldb:mem:kontrollDS, UserName=sw, HSQL Database Engine Driver], schema=null, metaData=org.apache.commons.dbcp.DelegatingDatabaseMetaData@1555591e, edges=[]) - start
194126 [main] DEBUG org.dbunit.database.search.AbstractMetaDataBasedSearchCallback  - Getting edges for node SCOPEDCONTENT
194126 [main] TRACE org.dbunit.database.DatabaseConfig  - getProperty(name=http://www.dbunit.org/properties/metadataHandler) - start
194126 [main] TRACE org.dbunit.database.DefaultMetadataHandler  - tableExists(metaData=org.apache.commons.dbcp.DelegatingDatabaseMetaData@1555591e, schemaName=null, tableName=SCOPEDCONTENT) - start
194127 [main] DEBUG org.dbunit.util.SQLHelper  - close(resultSet=org.apache.commons.dbcp.DelegatingResultSet@4d6c10e5) - start
194127 [main] DEBUG org.dbunit.util.QualifiedTableName  - getQualifiedNameIfEnabled(config=org.dbunit.database.DatabaseConfig[, _propertyMap={http://www.dbunit.org/properties/statementFactory=org.dbunit.database.statement.PreparedStatementFactory@626bc2b8, http://www.dbunit.org/features/caseSensitiveTableNames=false, http://www.dbunit.org/properties/fetchSize=100, http://www.dbunit.org/features/batchedStatements=false, http://www.dbunit.org/properties/metadataHandler=org.dbunit.database.DefaultMetadataHandler@3eeace42, http://www.dbunit.org/properties/datatypeFactory=org.dbunit.dataset.datatype.DefaultDataTypeFactory[_toleratedDeltaMap=org.dbunit.dataset.datatype.ToleratedDeltaMap@6452310a], http://www.dbunit.org/properties/escapePattern=null, http://www.dbunit.org/properties/batchSize=100, http://www.dbunit.org/features/qualifiedTableNames=false, http://www.dbunit.org/properties/tableType=[Ljava.lang.String;@5011bafa, http://www.dbunit.org/properties/resultSetTableFactory=org.dbunit.database.CachedResultSetTableFactory@10bcf083, http://www.dbunit.org/features/datatypeWarning=true}]) - start
194127 [main] TRACE org.dbunit.database.DatabaseConfig  - getFeature(name=http://www.dbunit.org/features/qualifiedTableNames) - start
194127 [main] TRACE org.dbunit.database.DatabaseConfig  - getProperty(name=http://www.dbunit.org/features/qualifiedTableNames) - start
194127 [main] DEBUG org.dbunit.util.QualifiedTableName  - Qualified table names feature is disabled. Returning plain table name
194127 [main] DEBUG org.dbunit.util.QualifiedTableName  - getQualifiedName(prefix=null, name=SCOPEDCONTENT, escapePattern=null) - start
194127 [main] DEBUG org.dbunit.util.QualifiedTableName  - getQualifiedNameIfEnabled(config=org.dbunit.database.DatabaseConfig[, _propertyMap={http://www.dbunit.org/properties/statementFactory=org.dbunit.database.statement.PreparedStatementFactory@626bc2b8, http://www.dbunit.org/features/caseSensitiveTableNames=false, http://www.dbunit.org/properties/fetchSize=100, http://www.dbunit.org/features/batchedStatements=false, http://www.dbunit.org/properties/metadataHandler=org.dbunit.database.DefaultMetadataHandler@3eeace42, http://www.dbunit.org/properties/datatypeFactory=org.dbunit.dataset.datatype.DefaultDataTypeFactory[_toleratedDeltaMap=org.dbunit.dataset.datatype.ToleratedDeltaMap@6452310a], http://www.dbunit.org/properties/escapePattern=null, http://www.dbunit.org/properties/batchSize=100, http://www.dbunit.org/features/qualifiedTableNames=false, http://www.dbunit.org/properties/tableType=[Ljava.lang.String;@5011bafa, http://www.dbunit.org/properties/resultSetTableFactory=org.dbunit.database.CachedResultSetTableFactory@10bcf083, http://www.dbunit.org/features/datatypeWarning=true}]) - start
194127 [main] TRACE org.dbunit.database.DatabaseConfig  - getFeature(name=http://www.dbunit.org/features/qualifiedTableNames) - start
194127 [main] TRACE org.dbunit.database.DatabaseConfig  - getProperty(name=http://www.dbunit.org/features/qualifiedTableNames) - start
194127 [main] DEBUG org.dbunit.util.QualifiedTableName  - Qualified table names feature is disabled. Returning plain table name
194127 [main] DEBUG org.dbunit.util.QualifiedTableName  - getQualifiedName(prefix=null, name=SCOPE, escapePattern=null) - start
194127 [main] DEBUG org.dbunit.database.search.AbstractMetaDataBasedSearchCallback  - newEdge(rs=org.apache.commons.dbcp.DelegatingResultSet@582ce004, type=0, from=SCOPEDCONTENT, to=SCOPE, fkColumn=SCOPE, pkColumn=ID) - start
194127 [main] DEBUG org.dbunit.database.search.AbstractMetaDataBasedSearchCallback  - createFKEdge(rs=org.apache.commons.dbcp.DelegatingResultSet@582ce004, type=0, from=SCOPEDCONTENT, to=SCOPE, fkColumn=SCOPE, pkColumn=ID) - start
194127 [main] DEBUG org.dbunit.database.search.AbstractMetaDataBasedSearchCallback  - Adding edge SCOPEDCONTENT(SCOPE)->SCOPE(ID)
194127 [main] DEBUG org.dbunit.util.search.Edge  - compareTo(o=SCOPEDCONTENT(SCOPE)->SCOPE(ID)) - start
194128 [main] DEBUG org.dbunit.util.SQLHelper  - close(resultSet=org.apache.commons.dbcp.DelegatingResultSet@582ce004) - start
194128 [main] DEBUG org.dbunit.util.search.DepthFirstSearch  - search:SCOPE
194128 [main] DEBUG org.dbunit.database.search.ImportedKeysSearchCallback  - searchNode(node=SCOPE) - start
194128 [main] DEBUG org.dbunit.util.search.DepthFirstSearch  - Pushing SCOPE
194128 [main] DEBUG org.dbunit.database.search.ImportedKeysSearchCallback  - getEdges(node=SCOPE) - start
194128 [main] DEBUG org.dbunit.database.search.AbstractMetaDataBasedSearchCallback  - getNodesFromImportedKeys(node=SCOPE) - start
194128 [main] DEBUG org.dbunit.database.search.AbstractMetaDataBasedSearchCallback  - getNodes(type=0, node=SCOPE) - start
194128 [main] DEBUG org.dbunit.database.DatabaseDataSourceConnection  - getConnection() - start
194128 [main] DEBUG org.dbunit.database.search.AbstractMetaDataBasedSearchCallback  - getNodes(type=0, node=SCOPE, conn=Transaction-aware proxy for target Connection [jdbc:hsqldb:mem:kontrollDS, UserName=sw, HSQL Database Engine Driver], schema=null, metaData=org.apache.commons.dbcp.DelegatingDatabaseMetaData@6a2753d5, edges=[]) - start
194128 [main] DEBUG org.dbunit.database.search.AbstractMetaDataBasedSearchCallback  - Getting edges for node SCOPE
194128 [main] TRACE org.dbunit.database.DatabaseConfig  - getProperty(name=http://www.dbunit.org/properties/metadataHandler) - start
194128 [main] TRACE org.dbunit.database.DefaultMetadataHandler  - tableExists(metaData=org.apache.commons.dbcp.DelegatingDatabaseMetaData@6a2753d5, schemaName=null, tableName=SCOPE) - start
194129 [main] DEBUG org.dbunit.util.SQLHelper  - close(resultSet=org.apache.commons.dbcp.DelegatingResultSet@4a08c2a1) - start
194129 [main] DEBUG org.dbunit.util.SQLHelper  - close(resultSet=org.apache.commons.dbcp.DelegatingResultSet@7aaab4a1) - start
194129 [main] DEBUG org.dbunit.util.search.DepthFirstSearch  - Adding node SCOPE to the final result
194129 [main] DEBUG org.dbunit.util.search.DepthFirstSearch  - Adding node SCOPEDCONTENT to the final result
194129 [main] DEBUG org.dbunit.util.search.DepthFirstSearch  - search:SCOPEDCONTENTITEM
194129 [main] DEBUG org.dbunit.database.search.ImportedKeysSearchCallback  - searchNode(node=SCOPEDCONTENTITEM) - start
194129 [main] DEBUG org.dbunit.util.search.DepthFirstSearch  - Pushing SCOPEDCONTENTITEM
194129 [main] DEBUG org.dbunit.database.search.ImportedKeysSearchCallback  - getEdges(node=SCOPEDCONTENTITEM) - start
194129 [main] DEBUG org.dbunit.database.search.AbstractMetaDataBasedSearchCallback  - getNodesFromImportedKeys(node=SCOPEDCONTENTITEM) - start
194129 [main] DEBUG org.dbunit.database.search.AbstractMetaDataBasedSearchCallback  - getNodes(type=0, node=SCOPEDCONTENTITEM) - start
194129 [main] DEBUG org.dbunit.database.DatabaseDataSourceConnection  - getConnection() - start
194129 [main] DEBUG org.dbunit.database.search.AbstractMetaDataBasedSearchCallback  - getNodes(type=0, node=SCOPEDCONTENTITEM, conn=Transaction-aware proxy for target Connection [jdbc:hsqldb:mem:kontrollDS, UserName=sw, HSQL Database Engine Driver], schema=null, metaData=org.apache.commons.dbcp.DelegatingDatabaseMetaData@5d38f4f1, edges=[]) - start
194129 [main] DEBUG org.dbunit.database.search.AbstractMetaDataBasedSearchCallback  - Getting edges for node SCOPEDCONTENTITEM
194129 [main] TRACE org.dbunit.database.DatabaseConfig  - getProperty(name=http://www.dbunit.org/properties/metadataHandler) - start
194130 [main] TRACE org.dbunit.database.DefaultMetadataHandler  - tableExists(metaData=org.apache.commons.dbcp.DelegatingDatabaseMetaData@5d38f4f1, schemaName=null, tableName=SCOPEDCONTENTITEM) - start
194131 [main] DEBUG org.dbunit.util.SQLHelper  - close(resultSet=org.apache.commons.dbcp.DelegatingResultSet@7d655a6) - start
194131 [main] DEBUG org.dbunit.util.SQLHelper  - close(resultSet=org.apache.commons.dbcp.DelegatingResultSet@69fa25ed) - start
194131 [main] DEBUG org.dbunit.util.search.DepthFirstSearch  - Adding node SCOPEDCONTENTITEM to the final result
194131 [main] DEBUG org.dbunit.util.search.DepthFirstSearch  - Adding node SCOPEDCONTENT_SCOPEDCONTENTITEM to the final result
194131 [main] DEBUG org.dbunit.util.search.DepthFirstSearch  - reverseSearch:SCOPEDCONTENT
194131 [main] DEBUG org.dbunit.database.search.ImportedKeysSearchCallback  - searchNode(node=SCOPEDCONTENT) - start
194131 [main] DEBUG org.dbunit.util.search.DepthFirstSearch  - Pushing (reverse) SCOPEDCONTENT
194131 [main] DEBUG org.dbunit.database.search.ImportedKeysSearchCallback  - getEdges(node=SCOPEDCONTENT) - start
194131 [main] DEBUG org.dbunit.database.search.AbstractMetaDataBasedSearchCallback  - getNodesFromImportedKeys(node=SCOPEDCONTENT) - start
194131 [main] DEBUG org.dbunit.database.search.AbstractMetaDataBasedSearchCallback  - getNodes(type=0, node=SCOPEDCONTENT) - start
194131 [main] DEBUG org.dbunit.database.DatabaseDataSourceConnection  - getConnection() - start
194131 [main] DEBUG org.dbunit.database.search.AbstractMetaDataBasedSearchCallback  - getNodes(type=0, node=SCOPEDCONTENT, conn=Transaction-aware proxy for target Connection [jdbc:hsqldb:mem:kontrollDS, UserName=sw, HSQL Database Engine Driver], schema=null, metaData=org.apache.commons.dbcp.DelegatingDatabaseMetaData@25d020f6, edges=[]) - start
194131 [main] DEBUG org.dbunit.database.search.AbstractMetaDataBasedSearchCallback  - Getting edges for node SCOPEDCONTENT
194131 [main] TRACE org.dbunit.database.DatabaseConfig  - getProperty(name=http://www.dbunit.org/properties/metadataHandler) - start
194131 [main] TRACE org.dbunit.database.DefaultMetadataHandler  - tableExists(metaData=org.apache.commons.dbcp.DelegatingDatabaseMetaData@25d020f6, schemaName=null, tableName=SCOPEDCONTENT) - start
194132 [main] DEBUG org.dbunit.util.SQLHelper  - close(resultSet=org.apache.commons.dbcp.DelegatingResultSet@33041115) - start
194132 [main] DEBUG org.dbunit.util.QualifiedTableName  - getQualifiedNameIfEnabled(config=org.dbunit.database.DatabaseConfig[, _propertyMap={http://www.dbunit.org/properties/statementFactory=org.dbunit.database.statement.PreparedStatementFactory@626bc2b8, http://www.dbunit.org/features/caseSensitiveTableNames=false, http://www.dbunit.org/properties/fetchSize=100, http://www.dbunit.org/features/batchedStatements=false, http://www.dbunit.org/properties/metadataHandler=org.dbunit.database.DefaultMetadataHandler@3eeace42, http://www.dbunit.org/properties/datatypeFactory=org.dbunit.dataset.datatype.DefaultDataTypeFactory[_toleratedDeltaMap=org.dbunit.dataset.datatype.ToleratedDeltaMap@6452310a], http://www.dbunit.org/properties/escapePattern=null, http://www.dbunit.org/properties/batchSize=100, http://www.dbunit.org/features/qualifiedTableNames=false, http://www.dbunit.org/properties/tableType=[Ljava.lang.String;@5011bafa, http://www.dbunit.org/properties/resultSetTableFactory=org.dbunit.database.CachedResultSetTableFactory@10bcf083, http://www.dbunit.org/features/datatypeWarning=true}]) - start
194132 [main] TRACE org.dbunit.database.DatabaseConfig  - getFeature(name=http://www.dbunit.org/features/qualifiedTableNames) - start
194132 [main] TRACE org.dbunit.database.DatabaseConfig  - getProperty(name=http://www.dbunit.org/features/qualifiedTableNames) - start
194132 [main] DEBUG org.dbunit.util.QualifiedTableName  - Qualified table names feature is disabled. Returning plain table name
194133 [main] DEBUG org.dbunit.util.QualifiedTableName  - getQualifiedName(prefix=null, name=SCOPEDCONTENT, escapePattern=null) - start
194133 [main] DEBUG org.dbunit.util.QualifiedTableName  - getQualifiedNameIfEnabled(config=org.dbunit.database.DatabaseConfig[, _propertyMap={http://www.dbunit.org/properties/statementFactory=org.dbunit.database.statement.PreparedStatementFactory@626bc2b8, http://www.dbunit.org/features/caseSensitiveTableNames=false, http://www.dbunit.org/properties/fetchSize=100, http://www.dbunit.org/features/batchedStatements=false, http://www.dbunit.org/properties/metadataHandler=org.dbunit.database.DefaultMetadataHandler@3eeace42, http://www.dbunit.org/properties/datatypeFactory=org.dbunit.dataset.datatype.DefaultDataTypeFactory[_toleratedDeltaMap=org.dbunit.dataset.datatype.ToleratedDeltaMap@6452310a], http://www.dbunit.org/properties/escapePattern=null, http://www.dbunit.org/properties/batchSize=100, http://www.dbunit.org/features/qualifiedTableNames=false, http://www.dbunit.org/properties/tableType=[Ljava.lang.String;@5011bafa, http://www.dbunit.org/properties/resultSetTableFactory=org.dbunit.database.CachedResultSetTableFactory@10bcf083, http://www.dbunit.org/features/datatypeWarning=true}]) - start
194133 [main] TRACE org.dbunit.database.DatabaseConfig  - getFeature(name=http://www.dbunit.org/features/qualifiedTableNames) - start
194133 [main] TRACE org.dbunit.database.DatabaseConfig  - getProperty(name=http://www.dbunit.org/features/qualifiedTableNames) - start
194133 [main] DEBUG org.dbunit.util.QualifiedTableName  - Qualified table names feature is disabled. Returning plain table name
194133 [main] DEBUG org.dbunit.util.QualifiedTableName  - getQualifiedName(prefix=null, name=SCOPE, escapePattern=null) - start
194133 [main] DEBUG org.dbunit.database.search.AbstractMetaDataBasedSearchCallback  - newEdge(rs=org.apache.commons.dbcp.DelegatingResultSet@10f6bb32, type=0, from=SCOPEDCONTENT, to=SCOPE, fkColumn=SCOPE, pkColumn=ID) - start
194133 [main] DEBUG org.dbunit.database.search.AbstractMetaDataBasedSearchCallback  - createFKEdge(rs=org.apache.commons.dbcp.DelegatingResultSet@10f6bb32, type=0, from=SCOPEDCONTENT, to=SCOPE, fkColumn=SCOPE, pkColumn=ID) - start
194133 [main] DEBUG org.dbunit.database.search.AbstractMetaDataBasedSearchCallback  - Adding edge SCOPEDCONTENT(SCOPE)->SCOPE(ID)
194133 [main] DEBUG org.dbunit.util.search.Edge  - compareTo(o=SCOPEDCONTENT(SCOPE)->SCOPE(ID)) - start
194133 [main] DEBUG org.dbunit.util.SQLHelper  - close(resultSet=org.apache.commons.dbcp.DelegatingResultSet@10f6bb32) - start
194133 [main] DEBUG org.dbunit.util.search.DepthFirstSearch  - reverseSearch:SCOPEDCONTENTITEM
194133 [main] DEBUG org.dbunit.database.search.ImportedKeysSearchCallback  - searchNode(node=SCOPEDCONTENTITEM) - start
194133 [main] DEBUG org.dbunit.util.search.DepthFirstSearch  - Pushing (reverse) SCOPEDCONTENTITEM
194133 [main] DEBUG org.dbunit.database.search.ImportedKeysSearchCallback  - getEdges(node=SCOPEDCONTENTITEM) - start
194133 [main] DEBUG org.dbunit.database.search.AbstractMetaDataBasedSearchCallback  - getNodesFromImportedKeys(node=SCOPEDCONTENTITEM) - start
194133 [main] DEBUG org.dbunit.database.search.AbstractMetaDataBasedSearchCallback  - getNodes(type=0, node=SCOPEDCONTENTITEM) - start
194133 [main] DEBUG org.dbunit.database.DatabaseDataSourceConnection  - getConnection() - start
194133 [main] DEBUG org.dbunit.database.search.AbstractMetaDataBasedSearchCallback  - getNodes(type=0, node=SCOPEDCONTENTITEM, conn=Transaction-aware proxy for target Connection [jdbc:hsqldb:mem:kontrollDS, UserName=sw, HSQL Database Engine Driver], schema=null, metaData=org.apache.commons.dbcp.DelegatingDatabaseMetaData@367bd851, edges=[]) - start
194133 [main] DEBUG org.dbunit.database.search.AbstractMetaDataBasedSearchCallback  - Getting edges for node SCOPEDCONTENTITEM
194133 [main] TRACE org.dbunit.database.DatabaseConfig  - getProperty(name=http://www.dbunit.org/properties/metadataHandler) - start
194133 [main] TRACE org.dbunit.database.DefaultMetadataHandler  - tableExists(metaData=org.apache.commons.dbcp.DelegatingDatabaseMetaData@367bd851, schemaName=null, tableName=SCOPEDCONTENTITEM) - start
194134 [main] DEBUG org.dbunit.util.SQLHelper  - close(resultSet=org.apache.commons.dbcp.DelegatingResultSet@4479a96f) - start
194134 [main] DEBUG org.dbunit.util.SQLHelper  - close(resultSet=org.apache.commons.dbcp.DelegatingResultSet@22b7779c) - start
194134 [main] DEBUG org.dbunit.util.search.DepthFirstSearch  - reverseSearch:SCOPEDCONTENT_SCOPEDCONTENTITEM
194135 [main] DEBUG org.dbunit.util.search.DepthFirstSearch  - already searched; returning true
194135 [main] DEBUG org.dbunit.util.search.DepthFirstSearch  - reverseSearch:SCOPE
194135 [main] DEBUG org.dbunit.database.search.ImportedKeysSearchCallback  - searchNode(node=SCOPE) - start
194135 [main] DEBUG org.dbunit.util.search.DepthFirstSearch  - Pushing (reverse) SCOPE
194135 [main] DEBUG org.dbunit.database.search.ImportedKeysSearchCallback  - getEdges(node=SCOPE) - start
194135 [main] DEBUG org.dbunit.database.search.AbstractMetaDataBasedSearchCallback  - getNodesFromImportedKeys(node=SCOPE) - start
194135 [main] DEBUG org.dbunit.database.search.AbstractMetaDataBasedSearchCallback  - getNodes(type=0, node=SCOPE) - start
194135 [main] DEBUG org.dbunit.database.DatabaseDataSourceConnection  - getConnection() - start
194135 [main] DEBUG org.dbunit.database.search.AbstractMetaDataBasedSearchCallback  - getNodes(type=0, node=SCOPE, conn=Transaction-aware proxy for target Connection [jdbc:hsqldb:mem:kontrollDS, UserName=sw, HSQL Database Engine Driver], schema=null, metaData=org.apache.commons.dbcp.DelegatingDatabaseMetaData@3b0db492, edges=[]) - start
194135 [main] DEBUG org.dbunit.database.search.AbstractMetaDataBasedSearchCallback  - Getting edges for node SCOPE
194135 [main] TRACE org.dbunit.database.DatabaseConfig  - getProperty(name=http://www.dbunit.org/properties/metadataHandler) - start
194135 [main] TRACE org.dbunit.database.DefaultMetadataHandler  - tableExists(metaData=org.apache.commons.dbcp.DelegatingDatabaseMetaData@3b0db492, schemaName=null, tableName=SCOPE) - start
194136 [main] DEBUG org.dbunit.util.SQLHelper  - close(resultSet=org.apache.commons.dbcp.DelegatingResultSet@4ca09e1f) - start
194136 [main] DEBUG org.dbunit.util.SQLHelper  - close(resultSet=org.apache.commons.dbcp.DelegatingResultSet@2f0634c4) - start
194136 [main] DEBUG org.dbunit.util.search.DepthFirstSearch  - search:SCOPEDCONTENT_SCOPEDCONTENTITEM
194136 [main] DEBUG org.dbunit.util.search.DepthFirstSearch  - already searched; returning true
194136 [main] DEBUG org.dbunit.util.search.DepthFirstSearch  - search:SCOPEDCONTENT
194136 [main] DEBUG org.dbunit.util.search.DepthFirstSearch  - already searched; returning true
194136 [main] DEBUG org.dbunit.util.search.DepthFirstSearch  - search:SCOPEDCONTENTITEM
194136 [main] DEBUG org.dbunit.util.search.DepthFirstSearch  - already searched; returning true
194136 [main] DEBUG org.dbunit.util.search.DepthFirstSearch  - search:SCOPE
194136 [main] DEBUG org.dbunit.util.search.DepthFirstSearch  - already searched; returning true
194136 [main] DEBUG org.dbunit.util.CollectionsHelper  - setToStrings(set=[SCOPE, SCOPEDCONTENT, SCOPEDCONTENTITEM, SCOPEDCONTENT_SCOPEDCONTENTITEM]) - start
194137 [main] DEBUG org.dbunit.database.search.TablesDependencyHelper  - getDependsOnTables(connection=_databaseConfig=org.dbunit.database.DatabaseConfig[, _propertyMap={http://www.dbunit.org/properties/statementFactory=org.dbunit.database.statement.PreparedStatementFactory@626bc2b8, http://www.dbunit.org/features/caseSensitiveTableNames=false, http://www.dbunit.org/properties/fetchSize=100, http://www.dbunit.org/features/batchedStatements=false, http://www.dbunit.org/properties/metadataHandler=org.dbunit.database.DefaultMetadataHandler@3eeace42, http://www.dbunit.org/properties/datatypeFactory=org.dbunit.dataset.datatype.DefaultDataTypeFactory[_toleratedDeltaMap=org.dbunit.dataset.datatype.ToleratedDeltaMap@6452310a], http://www.dbunit.org/properties/escapePattern=null, http://www.dbunit.org/properties/batchSize=100, http://www.dbunit.org/features/qualifiedTableNames=false, http://www.dbunit.org/properties/tableType=[Ljava.lang.String;@5011bafa, http://www.dbunit.org/properties/resultSetTableFactory=org.dbunit.database.CachedResultSetTableFactory@10bcf083, http://www.dbunit.org/features/datatypeWarning=true}], _dataSet=AbstractDataSet[_orderedTableNameMap=null], rootTable=SCOPEDCONTENT_SCOPEDCONTENTITEM) - start
194137 [main] DEBUG org.dbunit.util.search.DepthFirstSearch  - search(nodesFrom=[SCOPEDCONTENT_SCOPEDCONTENTITEM], callback=org.dbunit.database.search.ExportedKeysSearchCallback@ed38f24) - start
194137 [main] DEBUG org.dbunit.util.CollectionsHelper  - objectsToSet(objects=SCOPEDCONTENT_SCOPEDCONTENTITEM) - start
194137 [main] DEBUG org.dbunit.util.search.DepthFirstSearch  - search(nodesFrom=[SCOPEDCONTENT_SCOPEDCONTENTITEM], callback=org.dbunit.database.search.ExportedKeysSearchCallback@ed38f24) - start
194137 [main] DEBUG org.dbunit.util.search.DepthFirstSearch  - reverseSearch:SCOPEDCONTENT_SCOPEDCONTENTITEM
194137 [main] DEBUG org.dbunit.database.search.ExportedKeysSearchCallback  - searchNode(node=SCOPEDCONTENT_SCOPEDCONTENTITEM) - start
194137 [main] DEBUG org.dbunit.util.search.DepthFirstSearch  - Pushing (reverse) SCOPEDCONTENT_SCOPEDCONTENTITEM
194137 [main] DEBUG org.dbunit.database.search.ExportedKeysSearchCallback  - getEdges(node=SCOPEDCONTENT_SCOPEDCONTENTITEM) - start
194137 [main] DEBUG org.dbunit.database.search.AbstractMetaDataBasedSearchCallback  - getNodesFromExportedKeys(node=SCOPEDCONTENT_SCOPEDCONTENTITEM) - start
194137 [main] DEBUG org.dbunit.database.search.AbstractMetaDataBasedSearchCallback  - getNodes(type=1, node=SCOPEDCONTENT_SCOPEDCONTENTITEM) - start
194137 [main] DEBUG org.dbunit.database.DatabaseDataSourceConnection  - getConnection() - start
194137 [main] DEBUG org.dbunit.database.search.AbstractMetaDataBasedSearchCallback  - getNodes(type=1, node=SCOPEDCONTENT_SCOPEDCONTENTITEM, conn=Transaction-aware proxy for target Connection [jdbc:hsqldb:mem:kontrollDS, UserName=sw, HSQL Database Engine Driver], schema=null, metaData=org.apache.commons.dbcp.DelegatingDatabaseMetaData@635a8c16, edges=[]) - start
194137 [main] DEBUG org.dbunit.database.search.AbstractMetaDataBasedSearchCallback  - Getting edges for node SCOPEDCONTENT_SCOPEDCONTENTITEM
194137 [main] TRACE org.dbunit.database.DatabaseConfig  - getProperty(name=http://www.dbunit.org/properties/metadataHandler) - start
194137 [main] TRACE org.dbunit.database.DefaultMetadataHandler  - tableExists(metaData=org.apache.commons.dbcp.DelegatingDatabaseMetaData@635a8c16, schemaName=null, tableName=SCOPEDCONTENT_SCOPEDCONTENTITEM) - start
194138 [main] DEBUG org.dbunit.util.SQLHelper  - close(resultSet=org.apache.commons.dbcp.DelegatingResultSet@1370775b) - start
194138 [main] DEBUG org.dbunit.util.SQLHelper  - close(resultSet=org.apache.commons.dbcp.DelegatingResultSet@408b9291) - start
194138 [main] DEBUG org.dbunit.util.search.DepthFirstSearch  - search:SCOPEDCONTENT_SCOPEDCONTENTITEM
194138 [main] DEBUG org.dbunit.database.search.ExportedKeysSearchCallback  - searchNode(node=SCOPEDCONTENT_SCOPEDCONTENTITEM) - start
194138 [main] DEBUG org.dbunit.util.search.DepthFirstSearch  - Pushing SCOPEDCONTENT_SCOPEDCONTENTITEM
194138 [main] DEBUG org.dbunit.database.search.ExportedKeysSearchCallback  - getEdges(node=SCOPEDCONTENT_SCOPEDCONTENTITEM) - start
194138 [main] DEBUG org.dbunit.database.search.AbstractMetaDataBasedSearchCallback  - getNodesFromExportedKeys(node=SCOPEDCONTENT_SCOPEDCONTENTITEM) - start
194138 [main] DEBUG org.dbunit.database.search.AbstractMetaDataBasedSearchCallback  - getNodes(type=1, node=SCOPEDCONTENT_SCOPEDCONTENTITEM) - start
194138 [main] DEBUG org.dbunit.database.DatabaseDataSourceConnection  - getConnection() - start
194139 [main] DEBUG org.dbunit.database.search.AbstractMetaDataBasedSearchCallback  - getNodes(type=1, node=SCOPEDCONTENT_SCOPEDCONTENTITEM, conn=Transaction-aware proxy for target Connection [jdbc:hsqldb:mem:kontrollDS, UserName=sw, HSQL Database Engine Driver], schema=null, metaData=org.apache.commons.dbcp.DelegatingDatabaseMetaData@b438eb2, edges=[]) - start
194139 [main] DEBUG org.dbunit.database.search.AbstractMetaDataBasedSearchCallback  - Getting edges for node SCOPEDCONTENT_SCOPEDCONTENTITEM
194139 [main] TRACE org.dbunit.database.DatabaseConfig  - getProperty(name=http://www.dbunit.org/properties/metadataHandler) - start
194139 [main] TRACE org.dbunit.database.DefaultMetadataHandler  - tableExists(metaData=org.apache.commons.dbcp.DelegatingDatabaseMetaData@b438eb2, schemaName=null, tableName=SCOPEDCONTENT_SCOPEDCONTENTITEM) - start
194140 [main] DEBUG org.dbunit.util.SQLHelper  - close(resultSet=org.apache.commons.dbcp.DelegatingResultSet@5334f58a) - start
194140 [main] DEBUG org.dbunit.util.SQLHelper  - close(resultSet=org.apache.commons.dbcp.DelegatingResultSet@40ca4c76) - start
194140 [main] DEBUG org.dbunit.util.search.DepthFirstSearch  - Adding node SCOPEDCONTENT_SCOPEDCONTENTITEM to the final result
194140 [main] DEBUG org.dbunit.util.CollectionsHelper  - setToStrings(set=[SCOPEDCONTENT_SCOPEDCONTENTITEM]) - start
194140 [main] DEBUG org.dbunit.database.search.TablesDependencyHelper  - getDirectDependsOnTables(connection=_databaseConfig=org.dbunit.database.DatabaseConfig[, _propertyMap={http://www.dbunit.org/properties/statementFactory=org.dbunit.database.statement.PreparedStatementFactory@626bc2b8, http://www.dbunit.org/features/caseSensitiveTableNames=false, http://www.dbunit.org/properties/fetchSize=100, http://www.dbunit.org/features/batchedStatements=false, http://www.dbunit.org/properties/metadataHandler=org.dbunit.database.DefaultMetadataHandler@3eeace42, http://www.dbunit.org/properties/datatypeFactory=org.dbunit.dataset.datatype.DefaultDataTypeFactory[_toleratedDeltaMap=org.dbunit.dataset.datatype.ToleratedDeltaMap@6452310a], http://www.dbunit.org/properties/escapePattern=null, http://www.dbunit.org/properties/batchSize=100, http://www.dbunit.org/features/qualifiedTableNames=false, http://www.dbunit.org/properties/tableType=[Ljava.lang.String;@5011bafa, http://www.dbunit.org/properties/resultSetTableFactory=org.dbunit.database.CachedResultSetTableFactory@10bcf083, http://www.dbunit.org/features/datatypeWarning=true}], _dataSet=AbstractDataSet[_orderedTableNameMap=null], tableName=SCOPEDCONTENT_SCOPEDCONTENTITEM) - start
194140 [main] DEBUG org.dbunit.util.search.DepthFirstSearch  - search(nodesFrom=[SCOPEDCONTENT_SCOPEDCONTENTITEM], callback=org.dbunit.database.search.ExportedKeysSearchCallback@26ee70b2) - start
194140 [main] DEBUG org.dbunit.util.CollectionsHelper  - objectsToSet(objects=SCOPEDCONTENT_SCOPEDCONTENTITEM) - start
194140 [main] DEBUG org.dbunit.util.search.DepthFirstSearch  - search(nodesFrom=[SCOPEDCONTENT_SCOPEDCONTENTITEM], callback=org.dbunit.database.search.ExportedKeysSearchCallback@26ee70b2) - start
194140 [main] DEBUG org.dbunit.util.search.DepthFirstSearch  - reverseSearch:SCOPEDCONTENT_SCOPEDCONTENTITEM
194140 [main] DEBUG org.dbunit.database.search.ExportedKeysSearchCallback  - searchNode(node=SCOPEDCONTENT_SCOPEDCONTENTITEM) - start
194140 [main] DEBUG org.dbunit.util.search.DepthFirstSearch  - Pushing (reverse) SCOPEDCONTENT_SCOPEDCONTENTITEM
194140 [main] DEBUG org.dbunit.database.search.ExportedKeysSearchCallback  - getEdges(node=SCOPEDCONTENT_SCOPEDCONTENTITEM) - start
194140 [main] DEBUG org.dbunit.database.search.AbstractMetaDataBasedSearchCallback  - getNodesFromExportedKeys(node=SCOPEDCONTENT_SCOPEDCONTENTITEM) - start
194140 [main] DEBUG org.dbunit.database.search.AbstractMetaDataBasedSearchCallback  - getNodes(type=1, node=SCOPEDCONTENT_SCOPEDCONTENTITEM) - start
194140 [main] DEBUG org.dbunit.database.DatabaseDataSourceConnection  - getConnection() - start
194140 [main] DEBUG org.dbunit.database.search.AbstractMetaDataBasedSearchCallback  - getNodes(type=1, node=SCOPEDCONTENT_SCOPEDCONTENTITEM, conn=Transaction-aware proxy for target Connection [jdbc:hsqldb:mem:kontrollDS, UserName=sw, HSQL Database Engine Driver], schema=null, metaData=org.apache.commons.dbcp.DelegatingDatabaseMetaData@7028ca15, edges=[]) - start
194140 [main] DEBUG org.dbunit.database.search.AbstractMetaDataBasedSearchCallback  - Getting edges for node SCOPEDCONTENT_SCOPEDCONTENTITEM
194141 [main] TRACE org.dbunit.database.DatabaseConfig  - getProperty(name=http://www.dbunit.org/properties/metadataHandler) - start
194141 [main] TRACE org.dbunit.database.DefaultMetadataHandler  - tableExists(metaData=org.apache.commons.dbcp.DelegatingDatabaseMetaData@7028ca15, schemaName=null, tableName=SCOPEDCONTENT_SCOPEDCONTENTITEM) - start
194142 [main] DEBUG org.dbunit.util.SQLHelper  - close(resultSet=org.apache.commons.dbcp.DelegatingResultSet@207dd0df) - start
194142 [main] DEBUG org.dbunit.util.SQLHelper  - close(resultSet=org.apache.commons.dbcp.DelegatingResultSet@2674435a) - start
194142 [main] DEBUG org.dbunit.util.search.DepthFirstSearch  - search:SCOPEDCONTENT_SCOPEDCONTENTITEM
194142 [main] DEBUG org.dbunit.database.search.ExportedKeysSearchCallback  - searchNode(node=SCOPEDCONTENT_SCOPEDCONTENTITEM) - start
194142 [main] DEBUG org.dbunit.util.search.DepthFirstSearch  - Pushing SCOPEDCONTENT_SCOPEDCONTENTITEM
194142 [main] DEBUG org.dbunit.database.search.ExportedKeysSearchCallback  - getEdges(node=SCOPEDCONTENT_SCOPEDCONTENTITEM) - start
194142 [main] DEBUG org.dbunit.database.search.AbstractMetaDataBasedSearchCallback  - getNodesFromExportedKeys(node=SCOPEDCONTENT_SCOPEDCONTENTITEM) - start
194142 [main] DEBUG org.dbunit.database.search.AbstractMetaDataBasedSearchCallback  - getNodes(type=1, node=SCOPEDCONTENT_SCOPEDCONTENTITEM) - start
194142 [main] DEBUG org.dbunit.database.DatabaseDataSourceConnection  - getConnection() - start
194142 [main] DEBUG org.dbunit.database.search.AbstractMetaDataBasedSearchCallback  - getNodes(type=1, node=SCOPEDCONTENT_SCOPEDCONTENTITEM, conn=Transaction-aware proxy for target Connection [jdbc:hsqldb:mem:kontrollDS, UserName=sw, HSQL Database Engine Driver], schema=null, metaData=org.apache.commons.dbcp.DelegatingDatabaseMetaData@1af1dd6f, edges=[]) - start
194142 [main] DEBUG org.dbunit.database.search.AbstractMetaDataBasedSearchCallback  - Getting edges for node SCOPEDCONTENT_SCOPEDCONTENTITEM
194142 [main] TRACE org.dbunit.database.DatabaseConfig  - getProperty(name=http://www.dbunit.org/properties/metadataHandler) - start
194142 [main] TRACE org.dbunit.database.DefaultMetadataHandler  - tableExists(metaData=org.apache.commons.dbcp.DelegatingDatabaseMetaData@1af1dd6f, schemaName=null, tableName=SCOPEDCONTENT_SCOPEDCONTENTITEM) - start
194143 [main] DEBUG org.dbunit.util.SQLHelper  - close(resultSet=org.apache.commons.dbcp.DelegatingResultSet@3831eff3) - start
194143 [main] DEBUG org.dbunit.util.SQLHelper  - close(resultSet=org.apache.commons.dbcp.DelegatingResultSet@3e63d1f) - start
194143 [main] DEBUG org.dbunit.util.search.DepthFirstSearch  - Adding node SCOPEDCONTENT_SCOPEDCONTENTITEM to the final result
194143 [main] DEBUG org.dbunit.database.search.TablesDependencyHelper  - getDirectDependentTables(connection=_databaseConfig=org.dbunit.database.DatabaseConfig[, _propertyMap={http://www.dbunit.org/properties/statementFactory=org.dbunit.database.statement.PreparedStatementFactory@626bc2b8, http://www.dbunit.org/features/caseSensitiveTableNames=false, http://www.dbunit.org/properties/fetchSize=100, http://www.dbunit.org/features/batchedStatements=false, http://www.dbunit.org/properties/metadataHandler=org.dbunit.database.DefaultMetadataHandler@3eeace42, http://www.dbunit.org/properties/datatypeFactory=org.dbunit.dataset.datatype.DefaultDataTypeFactory[_toleratedDeltaMap=org.dbunit.dataset.datatype.ToleratedDeltaMap@6452310a], http://www.dbunit.org/properties/escapePattern=null, http://www.dbunit.org/properties/batchSize=100, http://www.dbunit.org/features/qualifiedTableNames=false, http://www.dbunit.org/properties/tableType=[Ljava.lang.String;@5011bafa, http://www.dbunit.org/properties/resultSetTableFactory=org.dbunit.database.CachedResultSetTableFactory@10bcf083, http://www.dbunit.org/features/datatypeWarning=true}], _dataSet=AbstractDataSet[_orderedTableNameMap=null], tableName=SCOPEDCONTENT_SCOPEDCONTENTITEM) - start
194143 [main] DEBUG org.dbunit.util.search.DepthFirstSearch  - search(nodesFrom=[SCOPEDCONTENT_SCOPEDCONTENTITEM], callback=org.dbunit.database.search.ImportedKeysSearchCallback@5e05de8c) - start
194143 [main] DEBUG org.dbunit.util.CollectionsHelper  - objectsToSet(objects=SCOPEDCONTENT_SCOPEDCONTENTITEM) - start
194143 [main] DEBUG org.dbunit.util.search.DepthFirstSearch  - search(nodesFrom=[SCOPEDCONTENT_SCOPEDCONTENTITEM], callback=org.dbunit.database.search.ImportedKeysSearchCallback@5e05de8c) - start
194143 [main] DEBUG org.dbunit.util.search.DepthFirstSearch  - reverseSearch:SCOPEDCONTENT_SCOPEDCONTENTITEM
194144 [main] DEBUG org.dbunit.database.search.ImportedKeysSearchCallback  - searchNode(node=SCOPEDCONTENT_SCOPEDCONTENTITEM) - start
194144 [main] DEBUG org.dbunit.util.search.DepthFirstSearch  - Pushing (reverse) SCOPEDCONTENT_SCOPEDCONTENTITEM
194144 [main] DEBUG org.dbunit.database.search.ImportedKeysSearchCallback  - getEdges(node=SCOPEDCONTENT_SCOPEDCONTENTITEM) - start
194144 [main] DEBUG org.dbunit.database.search.AbstractMetaDataBasedSearchCallback  - getNodesFromImportedKeys(node=SCOPEDCONTENT_SCOPEDCONTENTITEM) - start
194144 [main] DEBUG org.dbunit.database.search.AbstractMetaDataBasedSearchCallback  - getNodes(type=0, node=SCOPEDCONTENT_SCOPEDCONTENTITEM) - start
194144 [main] DEBUG org.dbunit.database.DatabaseDataSourceConnection  - getConnection() - start
194144 [main] DEBUG org.dbunit.database.search.AbstractMetaDataBasedSearchCallback  - getNodes(type=0, node=SCOPEDCONTENT_SCOPEDCONTENTITEM, conn=Transaction-aware proxy for target Connection [jdbc:hsqldb:mem:kontrollDS, UserName=sw, HSQL Database Engine Driver], schema=null, metaData=org.apache.commons.dbcp.DelegatingDatabaseMetaData@5355e98d, edges=[]) - start
194144 [main] DEBUG org.dbunit.database.search.AbstractMetaDataBasedSearchCallback  - Getting edges for node SCOPEDCONTENT_SCOPEDCONTENTITEM
194144 [main] TRACE org.dbunit.database.DatabaseConfig  - getProperty(name=http://www.dbunit.org/properties/metadataHandler) - start
194144 [main] TRACE org.dbunit.database.DefaultMetadataHandler  - tableExists(metaData=org.apache.commons.dbcp.DelegatingDatabaseMetaData@5355e98d, schemaName=null, tableName=SCOPEDCONTENT_SCOPEDCONTENTITEM) - start
194145 [main] DEBUG org.dbunit.util.SQLHelper  - close(resultSet=org.apache.commons.dbcp.DelegatingResultSet@19f06f1) - start
194145 [main] DEBUG org.dbunit.util.QualifiedTableName  - getQualifiedNameIfEnabled(config=org.dbunit.database.DatabaseConfig[, _propertyMap={http://www.dbunit.org/properties/statementFactory=org.dbunit.database.statement.PreparedStatementFactory@626bc2b8, http://www.dbunit.org/features/caseSensitiveTableNames=false, http://www.dbunit.org/properties/fetchSize=100, http://www.dbunit.org/features/batchedStatements=false, http://www.dbunit.org/properties/metadataHandler=org.dbunit.database.DefaultMetadataHandler@3eeace42, http://www.dbunit.org/properties/datatypeFactory=org.dbunit.dataset.datatype.DefaultDataTypeFactory[_toleratedDeltaMap=org.dbunit.dataset.datatype.ToleratedDeltaMap@6452310a], http://www.dbunit.org/properties/escapePattern=null, http://www.dbunit.org/properties/batchSize=100, http://www.dbunit.org/features/qualifiedTableNames=false, http://www.dbunit.org/properties/tableType=[Ljava.lang.String;@5011bafa, http://www.dbunit.org/properties/resultSetTableFactory=org.dbunit.database.CachedResultSetTableFactory@10bcf083, http://www.dbunit.org/features/datatypeWarning=true}]) - start
194145 [main] TRACE org.dbunit.database.DatabaseConfig  - getFeature(name=http://www.dbunit.org/features/qualifiedTableNames) - start
194145 [main] TRACE org.dbunit.database.DatabaseConfig  - getProperty(name=http://www.dbunit.org/features/qualifiedTableNames) - start
194145 [main] DEBUG org.dbunit.util.QualifiedTableName  - Qualified table names feature is disabled. Returning plain table name
194145 [main] DEBUG org.dbunit.util.QualifiedTableName  - getQualifiedName(prefix=null, name=SCOPEDCONTENT_SCOPEDCONTENTITEM, escapePattern=null) - start
194145 [main] DEBUG org.dbunit.util.QualifiedTableName  - getQualifiedNameIfEnabled(config=org.dbunit.database.DatabaseConfig[, _propertyMap={http://www.dbunit.org/properties/statementFactory=org.dbunit.database.statement.PreparedStatementFactory@626bc2b8, http://www.dbunit.org/features/caseSensitiveTableNames=false, http://www.dbunit.org/properties/fetchSize=100, http://www.dbunit.org/features/batchedStatements=false, http://www.dbunit.org/properties/metadataHandler=org.dbunit.database.DefaultMetadataHandler@3eeace42, http://www.dbunit.org/properties/datatypeFactory=org.dbunit.dataset.datatype.DefaultDataTypeFactory[_toleratedDeltaMap=org.dbunit.dataset.datatype.ToleratedDeltaMap@6452310a], http://www.dbunit.org/properties/escapePattern=null, http://www.dbunit.org/properties/batchSize=100, http://www.dbunit.org/features/qualifiedTableNames=false, http://www.dbunit.org/properties/tableType=[Ljava.lang.String;@5011bafa, http://www.dbunit.org/properties/resultSetTableFactory=org.dbunit.database.CachedResultSetTableFactory@10bcf083, http://www.dbunit.org/features/datatypeWarning=true}]) - start
194145 [main] TRACE org.dbunit.database.DatabaseConfig  - getFeature(name=http://www.dbunit.org/features/qualifiedTableNames) - start
194145 [main] TRACE org.dbunit.database.DatabaseConfig  - getProperty(name=http://www.dbunit.org/features/qualifiedTableNames) - start
194145 [main] DEBUG org.dbunit.util.QualifiedTableName  - Qualified table names feature is disabled. Returning plain table name
194145 [main] DEBUG org.dbunit.util.QualifiedTableName  - getQualifiedName(prefix=null, name=SCOPEDCONTENT, escapePattern=null) - start
194145 [main] DEBUG org.dbunit.database.search.AbstractMetaDataBasedSearchCallback  - newEdge(rs=org.apache.commons.dbcp.DelegatingResultSet@6bf4ba5d, type=0, from=SCOPEDCONTENT_SCOPEDCONTENTITEM, to=SCOPEDCONTENT, fkColumn=SCOPED_CONTENT_ITEM_ID, pkColumn=ID) - start
194146 [main] DEBUG org.dbunit.database.search.AbstractMetaDataBasedSearchCallback  - createFKEdge(rs=org.apache.commons.dbcp.DelegatingResultSet@6bf4ba5d, type=0, from=SCOPEDCONTENT_SCOPEDCONTENTITEM, to=SCOPEDCONTENT, fkColumn=SCOPED_CONTENT_ITEM_ID, pkColumn=ID) - start
194146 [main] DEBUG org.dbunit.database.search.AbstractMetaDataBasedSearchCallback  - Adding edge SCOPEDCONTENT_SCOPEDCONTENTITEM(SCOPED_CONTENT_ITEM_ID)->SCOPEDCONTENT(ID)
194146 [main] DEBUG org.dbunit.util.search.Edge  - compareTo(o=SCOPEDCONTENT_SCOPEDCONTENTITEM(SCOPED_CONTENT_ITEM_ID)->SCOPEDCONTENT(ID)) - start
194146 [main] DEBUG org.dbunit.util.QualifiedTableName  - getQualifiedNameIfEnabled(config=org.dbunit.database.DatabaseConfig[, _propertyMap={http://www.dbunit.org/properties/statementFactory=org.dbunit.database.statement.PreparedStatementFactory@626bc2b8, http://www.dbunit.org/features/caseSensitiveTableNames=false, http://www.dbunit.org/properties/fetchSize=100, http://www.dbunit.org/features/batchedStatements=false, http://www.dbunit.org/properties/metadataHandler=org.dbunit.database.DefaultMetadataHandler@3eeace42, http://www.dbunit.org/properties/datatypeFactory=org.dbunit.dataset.datatype.DefaultDataTypeFactory[_toleratedDeltaMap=org.dbunit.dataset.datatype.ToleratedDeltaMap@6452310a], http://www.dbunit.org/properties/escapePattern=null, http://www.dbunit.org/properties/batchSize=100, http://www.dbunit.org/features/qualifiedTableNames=false, http://www.dbunit.org/properties/tableType=[Ljava.lang.String;@5011bafa, http://www.dbunit.org/properties/resultSetTableFactory=org.dbunit.database.CachedResultSetTableFactory@10bcf083, http://www.dbunit.org/features/datatypeWarning=true}]) - start
194146 [main] TRACE org.dbunit.database.DatabaseConfig  - getFeature(name=http://www.dbunit.org/features/qualifiedTableNames) - start
194146 [main] TRACE org.dbunit.database.DatabaseConfig  - getProperty(name=http://www.dbunit.org/features/qualifiedTableNames) - start
194146 [main] DEBUG org.dbunit.util.QualifiedTableName  - Qualified table names feature is disabled. Returning plain table name
194146 [main] DEBUG org.dbunit.util.QualifiedTableName  - getQualifiedName(prefix=null, name=SCOPEDCONTENT_SCOPEDCONTENTITEM, escapePattern=null) - start
194146 [main] DEBUG org.dbunit.util.QualifiedTableName  - getQualifiedNameIfEnabled(config=org.dbunit.database.DatabaseConfig[, _propertyMap={http://www.dbunit.org/properties/statementFactory=org.dbunit.database.statement.PreparedStatementFactory@626bc2b8, http://www.dbunit.org/features/caseSensitiveTableNames=false, http://www.dbunit.org/properties/fetchSize=100, http://www.dbunit.org/features/batchedStatements=false, http://www.dbunit.org/properties/metadataHandler=org.dbunit.database.DefaultMetadataHandler@3eeace42, http://www.dbunit.org/properties/datatypeFactory=org.dbunit.dataset.datatype.DefaultDataTypeFactory[_toleratedDeltaMap=org.dbunit.dataset.datatype.ToleratedDeltaMap@6452310a], http://www.dbunit.org/properties/escapePattern=null, http://www.dbunit.org/properties/batchSize=100, http://www.dbunit.org/features/qualifiedTableNames=false, http://www.dbunit.org/properties/tableType=[Ljava.lang.String;@5011bafa, http://www.dbunit.org/properties/resultSetTableFactory=org.dbunit.database.CachedResultSetTableFactory@10bcf083, http://www.dbunit.org/features/datatypeWarning=true}]) - start
194146 [main] TRACE org.dbunit.database.DatabaseConfig  - getFeature(name=http://www.dbunit.org/features/qualifiedTableNames) - start
194146 [main] TRACE org.dbunit.database.DatabaseConfig  - getProperty(name=http://www.dbunit.org/features/qualifiedTableNames) - start
194146 [main] DEBUG org.dbunit.util.QualifiedTableName  - Qualified table names feature is disabled. Returning plain table name
194146 [main] DEBUG org.dbunit.util.QualifiedTableName  - getQualifiedName(prefix=null, name=SCOPEDCONTENTITEM, escapePattern=null) - start
194146 [main] DEBUG org.dbunit.database.search.AbstractMetaDataBasedSearchCallback  - newEdge(rs=org.apache.commons.dbcp.DelegatingResultSet@6bf4ba5d, type=0, from=SCOPEDCONTENT_SCOPEDCONTENTITEM, to=SCOPEDCONTENTITEM, fkColumn=SCOPED_CONTENT_ID, pkColumn=ID) - start
194146 [main] DEBUG org.dbunit.database.search.AbstractMetaDataBasedSearchCallback  - createFKEdge(rs=org.apache.commons.dbcp.DelegatingResultSet@6bf4ba5d, type=0, from=SCOPEDCONTENT_SCOPEDCONTENTITEM, to=SCOPEDCONTENTITEM, fkColumn=SCOPED_CONTENT_ID, pkColumn=ID) - start
194146 [main] DEBUG org.dbunit.database.search.AbstractMetaDataBasedSearchCallback  - Adding edge SCOPEDCONTENT_SCOPEDCONTENTITEM(SCOPED_CONTENT_ID)->SCOPEDCONTENTITEM(ID)
194146 [main] DEBUG org.dbunit.util.search.Edge  - compareTo(o=SCOPEDCONTENT_SCOPEDCONTENTITEM(SCOPED_CONTENT_ITEM_ID)->SCOPEDCONTENT(ID)) - start
194146 [main] DEBUG org.dbunit.util.SQLHelper  - close(resultSet=org.apache.commons.dbcp.DelegatingResultSet@6bf4ba5d) - start
194146 [main] DEBUG org.dbunit.util.search.DepthFirstSearch  - search:SCOPEDCONTENT_SCOPEDCONTENTITEM
194146 [main] DEBUG org.dbunit.database.search.ImportedKeysSearchCallback  - searchNode(node=SCOPEDCONTENT_SCOPEDCONTENTITEM) - start
194146 [main] DEBUG org.dbunit.util.search.DepthFirstSearch  - Pushing SCOPEDCONTENT_SCOPEDCONTENTITEM
194146 [main] DEBUG org.dbunit.database.search.ImportedKeysSearchCallback  - getEdges(node=SCOPEDCONTENT_SCOPEDCONTENTITEM) - start
194146 [main] DEBUG org.dbunit.database.search.AbstractMetaDataBasedSearchCallback  - getNodesFromImportedKeys(node=SCOPEDCONTENT_SCOPEDCONTENTITEM) - start
194146 [main] DEBUG org.dbunit.database.search.AbstractMetaDataBasedSearchCallback  - getNodes(type=0, node=SCOPEDCONTENT_SCOPEDCONTENTITEM) - start
194146 [main] DEBUG org.dbunit.database.DatabaseDataSourceConnection  - getConnection() - start
194146 [main] DEBUG org.dbunit.database.search.AbstractMetaDataBasedSearchCallback  - getNodes(type=0, node=SCOPEDCONTENT_SCOPEDCONTENTITEM, conn=Transaction-aware proxy for target Connection [jdbc:hsqldb:mem:kontrollDS, UserName=sw, HSQL Database Engine Driver], schema=null, metaData=org.apache.commons.dbcp.DelegatingDatabaseMetaData@ff7670a, edges=[]) - start
194147 [main] DEBUG org.dbunit.database.search.AbstractMetaDataBasedSearchCallback  - Getting edges for node SCOPEDCONTENT_SCOPEDCONTENTITEM
194147 [main] TRACE org.dbunit.database.DatabaseConfig  - getProperty(name=http://www.dbunit.org/properties/metadataHandler) - start
194147 [main] TRACE org.dbunit.database.DefaultMetadataHandler  - tableExists(metaData=org.apache.commons.dbcp.DelegatingDatabaseMetaData@ff7670a, schemaName=null, tableName=SCOPEDCONTENT_SCOPEDCONTENTITEM) - start
194148 [main] DEBUG org.dbunit.util.SQLHelper  - close(resultSet=org.apache.commons.dbcp.DelegatingResultSet@59b5ea45) - start
194148 [main] DEBUG org.dbunit.util.QualifiedTableName  - getQualifiedNameIfEnabled(config=org.dbunit.database.DatabaseConfig[, _propertyMap={http://www.dbunit.org/properties/statementFactory=org.dbunit.database.statement.PreparedStatementFactory@626bc2b8, http://www.dbunit.org/features/caseSensitiveTableNames=false, http://www.dbunit.org/properties/fetchSize=100, http://www.dbunit.org/features/batchedStatements=false, http://www.dbunit.org/properties/metadataHandler=org.dbunit.database.DefaultMetadataHandler@3eeace42, http://www.dbunit.org/properties/datatypeFactory=org.dbunit.dataset.datatype.DefaultDataTypeFactory[_toleratedDeltaMap=org.dbunit.dataset.datatype.ToleratedDeltaMap@6452310a], http://www.dbunit.org/properties/escapePattern=null, http://www.dbunit.org/properties/batchSize=100, http://www.dbunit.org/features/qualifiedTableNames=false, http://www.dbunit.org/properties/tableType=[Ljava.lang.String;@5011bafa, http://www.dbunit.org/properties/resultSetTableFactory=org.dbunit.database.CachedResultSetTableFactory@10bcf083, http://www.dbunit.org/features/datatypeWarning=true}]) - start
194148 [main] TRACE org.dbunit.database.DatabaseConfig  - getFeature(name=http://www.dbunit.org/features/qualifiedTableNames) - start
194148 [main] TRACE org.dbunit.database.DatabaseConfig  - getProperty(name=http://www.dbunit.org/features/qualifiedTableNames) - start
194148 [main] DEBUG org.dbunit.util.QualifiedTableName  - Qualified table names feature is disabled. Returning plain table name
194148 [main] DEBUG org.dbunit.util.QualifiedTableName  - getQualifiedName(prefix=null, name=SCOPEDCONTENT_SCOPEDCONTENTITEM, escapePattern=null) - start
194148 [main] DEBUG org.dbunit.util.QualifiedTableName  - getQualifiedNameIfEnabled(config=org.dbunit.database.DatabaseConfig[, _propertyMap={http://www.dbunit.org/properties/statementFactory=org.dbunit.database.statement.PreparedStatementFactory@626bc2b8, http://www.dbunit.org/features/caseSensitiveTableNames=false, http://www.dbunit.org/properties/fetchSize=100, http://www.dbunit.org/features/batchedStatements=false, http://www.dbunit.org/properties/metadataHandler=org.dbunit.database.DefaultMetadataHandler@3eeace42, http://www.dbunit.org/properties/datatypeFactory=org.dbunit.dataset.datatype.DefaultDataTypeFactory[_toleratedDeltaMap=org.dbunit.dataset.datatype.ToleratedDeltaMap@6452310a], http://www.dbunit.org/properties/escapePattern=null, http://www.dbunit.org/properties/batchSize=100, http://www.dbunit.org/features/qualifiedTableNames=false, http://www.dbunit.org/properties/tableType=[Ljava.lang.String;@5011bafa, http://www.dbunit.org/properties/resultSetTableFactory=org.dbunit.database.CachedResultSetTableFactory@10bcf083, http://www.dbunit.org/features/datatypeWarning=true}]) - start
194148 [main] TRACE org.dbunit.database.DatabaseConfig  - getFeature(name=http://www.dbunit.org/features/qualifiedTableNames) - start
194148 [main] TRACE org.dbunit.database.DatabaseConfig  - getProperty(name=http://www.dbunit.org/features/qualifiedTableNames) - start
194148 [main] DEBUG org.dbunit.util.QualifiedTableName  - Qualified table names feature is disabled. Returning plain table name
194148 [main] DEBUG org.dbunit.util.QualifiedTableName  - getQualifiedName(prefix=null, name=SCOPEDCONTENT, escapePattern=null) - start
194148 [main] DEBUG org.dbunit.database.search.AbstractMetaDataBasedSearchCallback  - newEdge(rs=org.apache.commons.dbcp.DelegatingResultSet@5cd00fb0, type=0, from=SCOPEDCONTENT_SCOPEDCONTENTITEM, to=SCOPEDCONTENT, fkColumn=SCOPED_CONTENT_ITEM_ID, pkColumn=ID) - start
194148 [main] DEBUG org.dbunit.database.search.AbstractMetaDataBasedSearchCallback  - createFKEdge(rs=org.apache.commons.dbcp.DelegatingResultSet@5cd00fb0, type=0, from=SCOPEDCONTENT_SCOPEDCONTENTITEM, to=SCOPEDCONTENT, fkColumn=SCOPED_CONTENT_ITEM_ID, pkColumn=ID) - start
194148 [main] DEBUG org.dbunit.database.search.AbstractMetaDataBasedSearchCallback  - Adding edge SCOPEDCONTENT_SCOPEDCONTENTITEM(SCOPED_CONTENT_ITEM_ID)->SCOPEDCONTENT(ID)
194148 [main] DEBUG org.dbunit.util.search.Edge  - compareTo(o=SCOPEDCONTENT_SCOPEDCONTENTITEM(SCOPED_CONTENT_ITEM_ID)->SCOPEDCONTENT(ID)) - start
194148 [main] DEBUG org.dbunit.util.QualifiedTableName  - getQualifiedNameIfEnabled(config=org.dbunit.database.DatabaseConfig[, _propertyMap={http://www.dbunit.org/properties/statementFactory=org.dbunit.database.statement.PreparedStatementFactory@626bc2b8, http://www.dbunit.org/features/caseSensitiveTableNames=false, http://www.dbunit.org/properties/fetchSize=100, http://www.dbunit.org/features/batchedStatements=false, http://www.dbunit.org/properties/metadataHandler=org.dbunit.database.DefaultMetadataHandler@3eeace42, http://www.dbunit.org/properties/datatypeFactory=org.dbunit.dataset.datatype.DefaultDataTypeFactory[_toleratedDeltaMap=org.dbunit.dataset.datatype.ToleratedDeltaMap@6452310a], http://www.dbunit.org/properties/escapePattern=null, http://www.dbunit.org/properties/batchSize=100, http://www.dbunit.org/features/qualifiedTableNames=false, http://www.dbunit.org/properties/tableType=[Ljava.lang.String;@5011bafa, http://www.dbunit.org/properties/resultSetTableFactory=org.dbunit.database.CachedResultSetTableFactory@10bcf083, http://www.dbunit.org/features/datatypeWarning=true}]) - start
194148 [main] TRACE org.dbunit.database.DatabaseConfig  - getFeature(name=http://www.dbunit.org/features/qualifiedTableNames) - start
194149 [main] TRACE org.dbunit.database.DatabaseConfig  - getProperty(name=http://www.dbunit.org/features/qualifiedTableNames) - start
194149 [main] DEBUG org.dbunit.util.QualifiedTableName  - Qualified table names feature is disabled. Returning plain table name
194149 [main] DEBUG org.dbunit.util.QualifiedTableName  - getQualifiedName(prefix=null, name=SCOPEDCONTENT_SCOPEDCONTENTITEM, escapePattern=null) - start
194149 [main] DEBUG org.dbunit.util.QualifiedTableName  - getQualifiedNameIfEnabled(config=org.dbunit.database.DatabaseConfig[, _propertyMap={http://www.dbunit.org/properties/statementFactory=org.dbunit.database.statement.PreparedStatementFactory@626bc2b8, http://www.dbunit.org/features/caseSensitiveTableNames=false, http://www.dbunit.org/properties/fetchSize=100, http://www.dbunit.org/features/batchedStatements=false, http://www.dbunit.org/properties/metadataHandler=org.dbunit.database.DefaultMetadataHandler@3eeace42, http://www.dbunit.org/properties/datatypeFactory=org.dbunit.dataset.datatype.DefaultDataTypeFactory[_toleratedDeltaMap=org.dbunit.dataset.datatype.ToleratedDeltaMap@6452310a], http://www.dbunit.org/properties/escapePattern=null, http://www.dbunit.org/properties/batchSize=100, http://www.dbunit.org/features/qualifiedTableNames=false, http://www.dbunit.org/properties/tableType=[Ljava.lang.String;@5011bafa, http://www.dbunit.org/properties/resultSetTableFactory=org.dbunit.database.CachedResultSetTableFactory@10bcf083, http://www.dbunit.org/features/datatypeWarning=true}]) - start
194149 [main] TRACE org.dbunit.database.DatabaseConfig  - getFeature(name=http://www.dbunit.org/features/qualifiedTableNames) - start
194149 [main] TRACE org.dbunit.database.DatabaseConfig  - getProperty(name=http://www.dbunit.org/features/qualifiedTableNames) - start
194149 [main] DEBUG org.dbunit.util.QualifiedTableName  - Qualified table names feature is disabled. Returning plain table name
194149 [main] DEBUG org.dbunit.util.QualifiedTableName  - getQualifiedName(prefix=null, name=SCOPEDCONTENTITEM, escapePattern=null) - start
194149 [main] DEBUG org.dbunit.database.search.AbstractMetaDataBasedSearchCallback  - newEdge(rs=org.apache.commons.dbcp.DelegatingResultSet@5cd00fb0, type=0, from=SCOPEDCONTENT_SCOPEDCONTENTITEM, to=SCOPEDCONTENTITEM, fkColumn=SCOPED_CONTENT_ID, pkColumn=ID) - start
194149 [main] DEBUG org.dbunit.database.search.AbstractMetaDataBasedSearchCallback  - createFKEdge(rs=org.apache.commons.dbcp.DelegatingResultSet@5cd00fb0, type=0, from=SCOPEDCONTENT_SCOPEDCONTENTITEM, to=SCOPEDCONTENTITEM, fkColumn=SCOPED_CONTENT_ID, pkColumn=ID) - start
194149 [main] DEBUG org.dbunit.database.search.AbstractMetaDataBasedSearchCallback  - Adding edge SCOPEDCONTENT_SCOPEDCONTENTITEM(SCOPED_CONTENT_ID)->SCOPEDCONTENTITEM(ID)
194149 [main] DEBUG org.dbunit.util.search.Edge  - compareTo(o=SCOPEDCONTENT_SCOPEDCONTENTITEM(SCOPED_CONTENT_ITEM_ID)->SCOPEDCONTENT(ID)) - start
194149 [main] DEBUG org.dbunit.util.SQLHelper  - close(resultSet=org.apache.commons.dbcp.DelegatingResultSet@5cd00fb0) - start
194149 [main] DEBUG org.dbunit.util.search.DepthFirstSearch  - search:SCOPEDCONTENT
194149 [main] DEBUG org.dbunit.database.search.ImportedKeysSearchCallback  - searchNode(node=SCOPEDCONTENT) - start
194149 [main] DEBUG org.dbunit.util.search.DepthFirstSearch  - Pushing SCOPEDCONTENT
194149 [main] DEBUG org.dbunit.database.search.ImportedKeysSearchCallback  - getEdges(node=SCOPEDCONTENT) - start
194149 [main] DEBUG org.dbunit.database.search.AbstractMetaDataBasedSearchCallback  - getNodesFromImportedKeys(node=SCOPEDCONTENT) - start
194149 [main] DEBUG org.dbunit.database.search.AbstractMetaDataBasedSearchCallback  - getNodes(type=0, node=SCOPEDCONTENT) - start
194149 [main] DEBUG org.dbunit.database.DatabaseDataSourceConnection  - getConnection() - start
194149 [main] DEBUG org.dbunit.database.search.AbstractMetaDataBasedSearchCallback  - getNodes(type=0, node=SCOPEDCONTENT, conn=Transaction-aware proxy for target Connection [jdbc:hsqldb:mem:kontrollDS, UserName=sw, HSQL Database Engine Driver], schema=null, metaData=org.apache.commons.dbcp.DelegatingDatabaseMetaData@5fb61b6a, edges=[]) - start
194149 [main] DEBUG org.dbunit.database.search.AbstractMetaDataBasedSearchCallback  - Getting edges for node SCOPEDCONTENT
194149 [main] TRACE org.dbunit.database.DatabaseConfig  - getProperty(name=http://www.dbunit.org/properties/metadataHandler) - start
194149 [main] TRACE org.dbunit.database.DefaultMetadataHandler  - tableExists(metaData=org.apache.commons.dbcp.DelegatingDatabaseMetaData@5fb61b6a, schemaName=null, tableName=SCOPEDCONTENT) - start
194150 [main] DEBUG org.dbunit.util.SQLHelper  - close(resultSet=org.apache.commons.dbcp.DelegatingResultSet@73d8c6bf) - start
194151 [main] DEBUG org.dbunit.util.QualifiedTableName  - getQualifiedNameIfEnabled(config=org.dbunit.database.DatabaseConfig[, _propertyMap={http://www.dbunit.org/properties/statementFactory=org.dbunit.database.statement.PreparedStatementFactory@626bc2b8, http://www.dbunit.org/features/caseSensitiveTableNames=false, http://www.dbunit.org/properties/fetchSize=100, http://www.dbunit.org/features/batchedStatements=false, http://www.dbunit.org/properties/metadataHandler=org.dbunit.database.DefaultMetadataHandler@3eeace42, http://www.dbunit.org/properties/datatypeFactory=org.dbunit.dataset.datatype.DefaultDataTypeFactory[_toleratedDeltaMap=org.dbunit.dataset.datatype.ToleratedDeltaMap@6452310a], http://www.dbunit.org/properties/escapePattern=null, http://www.dbunit.org/properties/batchSize=100, http://www.dbunit.org/features/qualifiedTableNames=false, http://www.dbunit.org/properties/tableType=[Ljava.lang.String;@5011bafa, http://www.dbunit.org/properties/resultSetTableFactory=org.dbunit.database.CachedResultSetTableFactory@10bcf083, http://www.dbunit.org/features/datatypeWarning=true}]) - start
194151 [main] TRACE org.dbunit.database.DatabaseConfig  - getFeature(name=http://www.dbunit.org/features/qualifiedTableNames) - start
194151 [main] TRACE org.dbunit.database.DatabaseConfig  - getProperty(name=http://www.dbunit.org/features/qualifiedTableNames) - start
194151 [main] DEBUG org.dbunit.util.QualifiedTableName  - Qualified table names feature is disabled. Returning plain table name
194151 [main] DEBUG org.dbunit.util.QualifiedTableName  - getQualifiedName(prefix=null, name=SCOPEDCONTENT, escapePattern=null) - start
194151 [main] DEBUG org.dbunit.util.QualifiedTableName  - getQualifiedNameIfEnabled(config=org.dbunit.database.DatabaseConfig[, _propertyMap={http://www.dbunit.org/properties/statementFactory=org.dbunit.database.statement.PreparedStatementFactory@626bc2b8, http://www.dbunit.org/features/caseSensitiveTableNames=false, http://www.dbunit.org/properties/fetchSize=100, http://www.dbunit.org/features/batchedStatements=false, http://www.dbunit.org/properties/metadataHandler=org.dbunit.database.DefaultMetadataHandler@3eeace42, http://www.dbunit.org/properties/datatypeFactory=org.dbunit.dataset.datatype.DefaultDataTypeFactory[_toleratedDeltaMap=org.dbunit.dataset.datatype.ToleratedDeltaMap@6452310a], http://www.dbunit.org/properties/escapePattern=null, http://www.dbunit.org/properties/batchSize=100, http://www.dbunit.org/features/qualifiedTableNames=false, http://www.dbunit.org/properties/tableType=[Ljava.lang.String;@5011bafa, http://www.dbunit.org/properties/resultSetTableFactory=org.dbunit.database.CachedResultSetTableFactory@10bcf083, http://www.dbunit.org/features/datatypeWarning=true}]) - start
194151 [main] TRACE org.dbunit.database.DatabaseConfig  - getFeature(name=http://www.dbunit.org/features/qualifiedTableNames) - start
194151 [main] TRACE org.dbunit.database.DatabaseConfig  - getProperty(name=http://www.dbunit.org/features/qualifiedTableNames) - start
194151 [main] DEBUG org.dbunit.util.QualifiedTableName  - Qualified table names feature is disabled. Returning plain table name
194151 [main] DEBUG org.dbunit.util.QualifiedTableName  - getQualifiedName(prefix=null, name=SCOPE, escapePattern=null) - start
194151 [main] DEBUG org.dbunit.database.search.AbstractMetaDataBasedSearchCallback  - newEdge(rs=org.apache.commons.dbcp.DelegatingResultSet@4f015c6b, type=0, from=SCOPEDCONTENT, to=SCOPE, fkColumn=SCOPE, pkColumn=ID) - start
194151 [main] DEBUG org.dbunit.database.search.AbstractMetaDataBasedSearchCallback  - createFKEdge(rs=org.apache.commons.dbcp.DelegatingResultSet@4f015c6b, type=0, from=SCOPEDCONTENT, to=SCOPE, fkColumn=SCOPE, pkColumn=ID) - start
194151 [main] DEBUG org.dbunit.database.search.AbstractMetaDataBasedSearchCallback  - Adding edge SCOPEDCONTENT(SCOPE)->SCOPE(ID)
194151 [main] DEBUG org.dbunit.util.search.Edge  - compareTo(o=SCOPEDCONTENT(SCOPE)->SCOPE(ID)) - start
194151 [main] DEBUG org.dbunit.util.SQLHelper  - close(resultSet=org.apache.commons.dbcp.DelegatingResultSet@4f015c6b) - start
194151 [main] DEBUG org.dbunit.util.search.DepthFirstSearch  - search:SCOPE
194151 [main] DEBUG org.dbunit.database.search.ImportedKeysSearchCallback  - searchNode(node=SCOPE) - start
194151 [main] DEBUG org.dbunit.util.search.DepthFirstSearch  - Pushing SCOPE
194151 [main] DEBUG org.dbunit.database.search.ImportedKeysSearchCallback  - getEdges(node=SCOPE) - start
194151 [main] DEBUG org.dbunit.database.search.AbstractMetaDataBasedSearchCallback  - getNodesFromImportedKeys(node=SCOPE) - start
194151 [main] DEBUG org.dbunit.database.search.AbstractMetaDataBasedSearchCallback  - getNodes(type=0, node=SCOPE) - start
194151 [main] DEBUG org.dbunit.database.DatabaseDataSourceConnection  - getConnection() - start
194151 [main] DEBUG org.dbunit.database.search.AbstractMetaDataBasedSearchCallback  - getNodes(type=0, node=SCOPE, conn=Transaction-aware proxy for target Connection [jdbc:hsqldb:mem:kontrollDS, UserName=sw, HSQL Database Engine Driver], schema=null, metaData=org.apache.commons.dbcp.DelegatingDatabaseMetaData@625a9d52, edges=[]) - start
194151 [main] DEBUG org.dbunit.database.search.AbstractMetaDataBasedSearchCallback  - Getting edges for node SCOPE
194152 [main] TRACE org.dbunit.database.DatabaseConfig  - getProperty(name=http://www.dbunit.org/properties/metadataHandler) - start
194152 [main] TRACE org.dbunit.database.DefaultMetadataHandler  - tableExists(metaData=org.apache.commons.dbcp.DelegatingDatabaseMetaData@625a9d52, schemaName=null, tableName=SCOPE) - start
194153 [main] DEBUG org.dbunit.util.SQLHelper  - close(resultSet=org.apache.commons.dbcp.DelegatingResultSet@4e6e9ea5) - start
194153 [main] DEBUG org.dbunit.util.SQLHelper  - close(resultSet=org.apache.commons.dbcp.DelegatingResultSet@5e53d438) - start
194153 [main] DEBUG org.dbunit.util.search.DepthFirstSearch  - Adding node SCOPE to the final result
194153 [main] DEBUG org.dbunit.util.search.DepthFirstSearch  - Adding node SCOPEDCONTENT to the final result
194153 [main] DEBUG org.dbunit.util.search.DepthFirstSearch  - search:SCOPEDCONTENTITEM
194153 [main] DEBUG org.dbunit.database.search.ImportedKeysSearchCallback  - searchNode(node=SCOPEDCONTENTITEM) - start
194153 [main] DEBUG org.dbunit.util.search.DepthFirstSearch  - Pushing SCOPEDCONTENTITEM
194153 [main] DEBUG org.dbunit.util.search.DepthFirstSearch  - Adding node SCOPEDCONTENTITEM to the final result
194153 [main] DEBUG org.dbunit.util.search.DepthFirstSearch  - Adding node SCOPEDCONTENT_SCOPEDCONTENTITEM to the final result
194153 [main] DEBUG org.dbunit.util.search.DepthFirstSearch  - reverseSearch:SCOPEDCONTENT
194153 [main] DEBUG org.dbunit.database.search.ImportedKeysSearchCallback  - searchNode(node=SCOPEDCONTENT) - start
194153 [main] DEBUG org.dbunit.util.search.DepthFirstSearch  - Pushing (reverse) SCOPEDCONTENT
194153 [main] DEBUG org.dbunit.database.search.ImportedKeysSearchCallback  - getEdges(node=SCOPEDCONTENT) - start
194153 [main] DEBUG org.dbunit.database.search.AbstractMetaDataBasedSearchCallback  - getNodesFromImportedKeys(node=SCOPEDCONTENT) - start
194153 [main] DEBUG org.dbunit.database.search.AbstractMetaDataBasedSearchCallback  - getNodes(type=0, node=SCOPEDCONTENT) - start
194153 [main] DEBUG org.dbunit.database.DatabaseDataSourceConnection  - getConnection() - start
194153 [main] DEBUG org.dbunit.database.search.AbstractMetaDataBasedSearchCallback  - getNodes(type=0, node=SCOPEDCONTENT, conn=Transaction-aware proxy for target Connection [jdbc:hsqldb:mem:kontrollDS, UserName=sw, HSQL Database Engine Driver], schema=null, metaData=org.apache.commons.dbcp.DelegatingDatabaseMetaData@5191d8e9, edges=[]) - start
194153 [main] DEBUG org.dbunit.database.search.AbstractMetaDataBasedSearchCallback  - Getting edges for node SCOPEDCONTENT
194153 [main] TRACE org.dbunit.database.DatabaseConfig  - getProperty(name=http://www.dbunit.org/properties/metadataHandler) - start
194153 [main] TRACE org.dbunit.database.DefaultMetadataHandler  - tableExists(metaData=org.apache.commons.dbcp.DelegatingDatabaseMetaData@5191d8e9, schemaName=null, tableName=SCOPEDCONTENT) - start
194154 [main] DEBUG org.dbunit.util.SQLHelper  - close(resultSet=org.apache.commons.dbcp.DelegatingResultSet@42f2bddc) - start
194154 [main] DEBUG org.dbunit.util.QualifiedTableName  - getQualifiedNameIfEnabled(config=org.dbunit.database.DatabaseConfig[, _propertyMap={http://www.dbunit.org/properties/statementFactory=org.dbunit.database.statement.PreparedStatementFactory@626bc2b8, http://www.dbunit.org/features/caseSensitiveTableNames=false, http://www.dbunit.org/properties/fetchSize=100, http://www.dbunit.org/features/batchedStatements=false, http://www.dbunit.org/properties/metadataHandler=org.dbunit.database.DefaultMetadataHandler@3eeace42, http://www.dbunit.org/properties/datatypeFactory=org.dbunit.dataset.datatype.DefaultDataTypeFactory[_toleratedDeltaMap=org.dbunit.dataset.datatype.ToleratedDeltaMap@6452310a], http://www.dbunit.org/properties/escapePattern=null, http://www.dbunit.org/properties/batchSize=100, http://www.dbunit.org/features/qualifiedTableNames=false, http://www.dbunit.org/properties/tableType=[Ljava.lang.String;@5011bafa, http://www.dbunit.org/properties/resultSetTableFactory=org.dbunit.database.CachedResultSetTableFactory@10bcf083, http://www.dbunit.org/features/datatypeWarning=true}]) - start
194155 [main] TRACE org.dbunit.database.DatabaseConfig  - getFeature(name=http://www.dbunit.org/features/qualifiedTableNames) - start
194155 [main] TRACE org.dbunit.database.DatabaseConfig  - getProperty(name=http://www.dbunit.org/features/qualifiedTableNames) - start
194155 [main] DEBUG org.dbunit.util.QualifiedTableName  - Qualified table names feature is disabled. Returning plain table name
194155 [main] DEBUG org.dbunit.util.QualifiedTableName  - getQualifiedName(prefix=null, name=SCOPEDCONTENT, escapePattern=null) - start
194155 [main] DEBUG org.dbunit.util.QualifiedTableName  - getQualifiedNameIfEnabled(config=org.dbunit.database.DatabaseConfig[, _propertyMap={http://www.dbunit.org/properties/statementFactory=org.dbunit.database.statement.PreparedStatementFactory@626bc2b8, http://www.dbunit.org/features/caseSensitiveTableNames=false, http://www.dbunit.org/properties/fetchSize=100, http://www.dbunit.org/features/batchedStatements=false, http://www.dbunit.org/properties/metadataHandler=org.dbunit.database.DefaultMetadataHandler@3eeace42, http://www.dbunit.org/properties/datatypeFactory=org.dbunit.dataset.datatype.DefaultDataTypeFactory[_toleratedDeltaMap=org.dbunit.dataset.datatype.ToleratedDeltaMap@6452310a], http://www.dbunit.org/properties/escapePattern=null, http://www.dbunit.org/properties/batchSize=100, http://www.dbunit.org/features/qualifiedTableNames=false, http://www.dbunit.org/properties/tableType=[Ljava.lang.String;@5011bafa, http://www.dbunit.org/properties/resultSetTableFactory=org.dbunit.database.CachedResultSetTableFactory@10bcf083, http://www.dbunit.org/features/datatypeWarning=true}]) - start
194155 [main] TRACE org.dbunit.database.DatabaseConfig  - getFeature(name=http://www.dbunit.org/features/qualifiedTableNames) - start
194155 [main] TRACE org.dbunit.database.DatabaseConfig  - getProperty(name=http://www.dbunit.org/features/qualifiedTableNames) - start
194155 [main] DEBUG org.dbunit.util.QualifiedTableName  - Qualified table names feature is disabled. Returning plain table name
194155 [main] DEBUG org.dbunit.util.QualifiedTableName  - getQualifiedName(prefix=null, name=SCOPE, escapePattern=null) - start
194155 [main] DEBUG org.dbunit.database.search.AbstractMetaDataBasedSearchCallback  - newEdge(rs=org.apache.commons.dbcp.DelegatingResultSet@43ef881, type=0, from=SCOPEDCONTENT, to=SCOPE, fkColumn=SCOPE, pkColumn=ID) - start
194155 [main] DEBUG org.dbunit.database.search.AbstractMetaDataBasedSearchCallback  - createFKEdge(rs=org.apache.commons.dbcp.DelegatingResultSet@43ef881, type=0, from=SCOPEDCONTENT, to=SCOPE, fkColumn=SCOPE, pkColumn=ID) - start
194155 [main] DEBUG org.dbunit.database.search.AbstractMetaDataBasedSearchCallback  - Adding edge SCOPEDCONTENT(SCOPE)->SCOPE(ID)
194155 [main] DEBUG org.dbunit.util.search.Edge  - compareTo(o=SCOPEDCONTENT(SCOPE)->SCOPE(ID)) - start
194155 [main] DEBUG org.dbunit.util.SQLHelper  - close(resultSet=org.apache.commons.dbcp.DelegatingResultSet@43ef881) - start
194155 [main] DEBUG org.dbunit.util.search.DepthFirstSearch  - reverseSearch:SCOPEDCONTENTITEM
194155 [main] DEBUG org.dbunit.database.search.ImportedKeysSearchCallback  - searchNode(node=SCOPEDCONTENTITEM) - start
194155 [main] DEBUG org.dbunit.util.search.DepthFirstSearch  - Pushing (reverse) SCOPEDCONTENTITEM
194155 [main] DEBUG org.dbunit.database.search.ImportedKeysSearchCallback  - getEdges(node=SCOPEDCONTENTITEM) - start
194155 [main] DEBUG org.dbunit.database.search.AbstractMetaDataBasedSearchCallback  - getNodesFromImportedKeys(node=SCOPEDCONTENTITEM) - start
194155 [main] DEBUG org.dbunit.database.search.AbstractMetaDataBasedSearchCallback  - getNodes(type=0, node=SCOPEDCONTENTITEM) - start
194155 [main] DEBUG org.dbunit.database.DatabaseDataSourceConnection  - getConnection() - start
194155 [main] DEBUG org.dbunit.database.search.AbstractMetaDataBasedSearchCallback  - getNodes(type=0, node=SCOPEDCONTENTITEM, conn=Transaction-aware proxy for target Connection [jdbc:hsqldb:mem:kontrollDS, UserName=sw, HSQL Database Engine Driver], schema=null, metaData=org.apache.commons.dbcp.DelegatingDatabaseMetaData@422cdf54, edges=[]) - start
194155 [main] DEBUG org.dbunit.database.search.AbstractMetaDataBasedSearchCallback  - Getting edges for node SCOPEDCONTENTITEM
194155 [main] TRACE org.dbunit.database.DatabaseConfig  - getProperty(name=http://www.dbunit.org/properties/metadataHandler) - start
194155 [main] TRACE org.dbunit.database.DefaultMetadataHandler  - tableExists(metaData=org.apache.commons.dbcp.DelegatingDatabaseMetaData@422cdf54, schemaName=null, tableName=SCOPEDCONTENTITEM) - start
194156 [main] DEBUG org.dbunit.util.SQLHelper  - close(resultSet=org.apache.commons.dbcp.DelegatingResultSet@6fc3a37c) - start
194157 [main] DEBUG org.dbunit.util.SQLHelper  - close(resultSet=org.apache.commons.dbcp.DelegatingResultSet@29282b8) - start
194157 [main] DEBUG org.dbunit.util.search.DepthFirstSearch  - reverseSearch:SCOPEDCONTENT_SCOPEDCONTENTITEM
194157 [main] DEBUG org.dbunit.util.search.DepthFirstSearch  - already searched; returning true
194157 [main] DEBUG org.dbunit.util.search.DepthFirstSearch  - reverseSearch:SCOPE
194157 [main] DEBUG org.dbunit.database.search.ImportedKeysSearchCallback  - searchNode(node=SCOPE) - start
194157 [main] DEBUG org.dbunit.util.search.DepthFirstSearch  - Pushing (reverse) SCOPE
194157 [main] DEBUG org.dbunit.database.search.ImportedKeysSearchCallback  - getEdges(node=SCOPE) - start
194157 [main] DEBUG org.dbunit.database.search.AbstractMetaDataBasedSearchCallback  - getNodesFromImportedKeys(node=SCOPE) - start
194157 [main] DEBUG org.dbunit.database.search.AbstractMetaDataBasedSearchCallback  - getNodes(type=0, node=SCOPE) - start
194157 [main] DEBUG org.dbunit.database.DatabaseDataSourceConnection  - getConnection() - start
194157 [main] DEBUG org.dbunit.database.search.AbstractMetaDataBasedSearchCallback  - getNodes(type=0, node=SCOPE, conn=Transaction-aware proxy for target Connection [jdbc:hsqldb:mem:kontrollDS, UserName=sw, HSQL Database Engine Driver], schema=null, metaData=org.apache.commons.dbcp.DelegatingDatabaseMetaData@60c3ff59, edges=[]) - start
194157 [main] DEBUG org.dbunit.database.search.AbstractMetaDataBasedSearchCallback  - Getting edges for node SCOPE
194157 [main] TRACE org.dbunit.database.DatabaseConfig  - getProperty(name=http://www.dbunit.org/properties/metadataHandler) - start
194157 [main] TRACE org.dbunit.database.DefaultMetadataHandler  - tableExists(metaData=org.apache.commons.dbcp.DelegatingDatabaseMetaData@60c3ff59, schemaName=null, tableName=SCOPE) - start
194158 [main] DEBUG org.dbunit.util.SQLHelper  - close(resultSet=org.apache.commons.dbcp.DelegatingResultSet@117e00f2) - start
194158 [main] DEBUG org.dbunit.util.SQLHelper  - close(resultSet=org.apache.commons.dbcp.DelegatingResultSet@706ebea7) - start
194158 [main] DEBUG org.dbunit.util.search.DepthFirstSearch  - search:SCOPEDCONTENT_SCOPEDCONTENTITEM
194158 [main] DEBUG org.dbunit.util.search.DepthFirstSearch  - already searched; returning true
194158 [main] DEBUG org.dbunit.util.search.DepthFirstSearch  - search:SCOPEDCONTENT
194158 [main] DEBUG org.dbunit.util.search.DepthFirstSearch  - already searched; returning true
194158 [main] DEBUG org.dbunit.util.search.DepthFirstSearch  - search:SCOPEDCONTENTITEM
194159 [main] DEBUG org.dbunit.util.search.DepthFirstSearch  - already searched; returning true
194159 [main] DEBUG org.dbunit.util.search.DepthFirstSearch  - search:SCOPE
194159 [main] DEBUG org.dbunit.util.search.DepthFirstSearch  - already searched; returning true
194159 [main] DEBUG org.dbunit.database.DatabaseSequenceFilter  - getDependencyInfo(connection=_databaseConfig=org.dbunit.database.DatabaseConfig[, _propertyMap={http://www.dbunit.org/properties/statementFactory=org.dbunit.database.statement.PreparedStatementFactory@626bc2b8, http://www.dbunit.org/features/caseSensitiveTableNames=false, http://www.dbunit.org/properties/fetchSize=100, http://www.dbunit.org/features/batchedStatements=false, http://www.dbunit.org/properties/metadataHandler=org.dbunit.database.DefaultMetadataHandler@3eeace42, http://www.dbunit.org/properties/datatypeFactory=org.dbunit.dataset.datatype.DefaultDataTypeFactory[_toleratedDeltaMap=org.dbunit.dataset.datatype.ToleratedDeltaMap@6452310a], http://www.dbunit.org/properties/escapePattern=null, http://www.dbunit.org/properties/batchSize=100, http://www.dbunit.org/features/qualifiedTableNames=false, http://www.dbunit.org/properties/tableType=[Ljava.lang.String;@5011bafa, http://www.dbunit.org/properties/resultSetTableFactory=org.dbunit.database.CachedResultSetTableFactory@10bcf083, http://www.dbunit.org/features/datatypeWarning=true}], _dataSet=AbstractDataSet[_orderedTableNameMap=null], tableName=SCOPE_REQUESTCONTEXT) - start
194159 [main] DEBUG org.dbunit.database.search.TablesDependencyHelper  - getDependentTables(connection=_databaseConfig=org.dbunit.database.DatabaseConfig[, _propertyMap={http://www.dbunit.org/properties/statementFactory=org.dbunit.database.statement.PreparedStatementFactory@626bc2b8, http://www.dbunit.org/features/caseSensitiveTableNames=false, http://www.dbunit.org/properties/fetchSize=100, http://www.dbunit.org/features/batchedStatements=false, http://www.dbunit.org/properties/metadataHandler=org.dbunit.database.DefaultMetadataHandler@3eeace42, http://www.dbunit.org/properties/datatypeFactory=org.dbunit.dataset.datatype.DefaultDataTypeFactory[_toleratedDeltaMap=org.dbunit.dataset.datatype.ToleratedDeltaMap@6452310a], http://www.dbunit.org/properties/escapePattern=null, http://www.dbunit.org/properties/batchSize=100, http://www.dbunit.org/features/qualifiedTableNames=false, http://www.dbunit.org/properties/tableType=[Ljava.lang.String;@5011bafa, http://www.dbunit.org/properties/resultSetTableFactory=org.dbunit.database.CachedResultSetTableFactory@10bcf083, http://www.dbunit.org/features/datatypeWarning=true}], _dataSet=AbstractDataSet[_orderedTableNameMap=null], rootTable=SCOPE_REQUESTCONTEXT) - start
194159 [main] DEBUG org.dbunit.database.search.TablesDependencyHelper  - getDependentTables(connection=_databaseConfig=org.dbunit.database.DatabaseConfig[, _propertyMap={http://www.dbunit.org/properties/statementFactory=org.dbunit.database.statement.PreparedStatementFactory@626bc2b8, http://www.dbunit.org/features/caseSensitiveTableNames=false, http://www.dbunit.org/properties/fetchSize=100, http://www.dbunit.org/features/batchedStatements=false, http://www.dbunit.org/properties/metadataHandler=org.dbunit.database.DefaultMetadataHandler@3eeace42, http://www.dbunit.org/properties/datatypeFactory=org.dbunit.dataset.datatype.DefaultDataTypeFactory[_toleratedDeltaMap=org.dbunit.dataset.datatype.ToleratedDeltaMap@6452310a], http://www.dbunit.org/properties/escapePattern=null, http://www.dbunit.org/properties/batchSize=100, http://www.dbunit.org/features/qualifiedTableNames=false, http://www.dbunit.org/properties/tableType=[Ljava.lang.String;@5011bafa, http://www.dbunit.org/properties/resultSetTableFactory=org.dbunit.database.CachedResultSetTableFactory@10bcf083, http://www.dbunit.org/features/datatypeWarning=true}], _dataSet=AbstractDataSet[_orderedTableNameMap=null], rootTables=[SCOPE_REQUESTCONTEXT]) - start
194159 [main] DEBUG org.dbunit.util.search.DepthFirstSearch  - search(nodesFrom=[SCOPE_REQUESTCONTEXT], callback=org.dbunit.database.search.ImportedKeysSearchCallback@4dd755f8) - start
194159 [main] DEBUG org.dbunit.util.CollectionsHelper  - objectsToSet(objects=SCOPE_REQUESTCONTEXT) - start
194159 [main] DEBUG org.dbunit.util.search.DepthFirstSearch  - search(nodesFrom=[SCOPE_REQUESTCONTEXT], callback=org.dbunit.database.search.ImportedKeysSearchCallback@4dd755f8) - start
194159 [main] DEBUG org.dbunit.util.search.DepthFirstSearch  - reverseSearch:SCOPE_REQUESTCONTEXT
194159 [main] DEBUG org.dbunit.database.search.ImportedKeysSearchCallback  - searchNode(node=SCOPE_REQUESTCONTEXT) - start
194159 [main] DEBUG org.dbunit.util.search.DepthFirstSearch  - Pushing (reverse) SCOPE_REQUESTCONTEXT
194159 [main] DEBUG org.dbunit.database.search.ImportedKeysSearchCallback  - getEdges(node=SCOPE_REQUESTCONTEXT) - start
194159 [main] DEBUG org.dbunit.database.search.AbstractMetaDataBasedSearchCallback  - getNodesFromImportedKeys(node=SCOPE_REQUESTCONTEXT) - start
194159 [main] DEBUG org.dbunit.database.search.AbstractMetaDataBasedSearchCallback  - getNodes(type=0, node=SCOPE_REQUESTCONTEXT) - start
194159 [main] DEBUG org.dbunit.database.DatabaseDataSourceConnection  - getConnection() - start
194159 [main] DEBUG org.dbunit.database.search.AbstractMetaDataBasedSearchCallback  - getNodes(type=0, node=SCOPE_REQUESTCONTEXT, conn=Transaction-aware proxy for target Connection [jdbc:hsqldb:mem:kontrollDS, UserName=sw, HSQL Database Engine Driver], schema=null, metaData=org.apache.commons.dbcp.DelegatingDatabaseMetaData@744d34b4, edges=[]) - start
194159 [main] DEBUG org.dbunit.database.search.AbstractMetaDataBasedSearchCallback  - Getting edges for node SCOPE_REQUESTCONTEXT
194159 [main] TRACE org.dbunit.database.DatabaseConfig  - getProperty(name=http://www.dbunit.org/properties/metadataHandler) - start
194159 [main] TRACE org.dbunit.database.DefaultMetadataHandler  - tableExists(metaData=org.apache.commons.dbcp.DelegatingDatabaseMetaData@744d34b4, schemaName=null, tableName=SCOPE_REQUESTCONTEXT) - start
194160 [main] DEBUG org.dbunit.util.SQLHelper  - close(resultSet=org.apache.commons.dbcp.DelegatingResultSet@5863b2ac) - start
194161 [main] DEBUG org.dbunit.util.QualifiedTableName  - getQualifiedNameIfEnabled(config=org.dbunit.database.DatabaseConfig[, _propertyMap={http://www.dbunit.org/properties/statementFactory=org.dbunit.database.statement.PreparedStatementFactory@626bc2b8, http://www.dbunit.org/features/caseSensitiveTableNames=false, http://www.dbunit.org/properties/fetchSize=100, http://www.dbunit.org/features/batchedStatements=false, http://www.dbunit.org/properties/metadataHandler=org.dbunit.database.DefaultMetadataHandler@3eeace42, http://www.dbunit.org/properties/datatypeFactory=org.dbunit.dataset.datatype.DefaultDataTypeFactory[_toleratedDeltaMap=org.dbunit.dataset.datatype.ToleratedDeltaMap@6452310a], http://www.dbunit.org/properties/escapePattern=null, http://www.dbunit.org/properties/batchSize=100, http://www.dbunit.org/features/qualifiedTableNames=false, http://www.dbunit.org/properties/tableType=[Ljava.lang.String;@5011bafa, http://www.dbunit.org/properties/resultSetTableFactory=org.dbunit.database.CachedResultSetTableFactory@10bcf083, http://www.dbunit.org/features/datatypeWarning=true}]) - start
194161 [main] TRACE org.dbunit.database.DatabaseConfig  - getFeature(name=http://www.dbunit.org/features/qualifiedTableNames) - start
194161 [main] TRACE org.dbunit.database.DatabaseConfig  - getProperty(name=http://www.dbunit.org/features/qualifiedTableNames) - start
194161 [main] DEBUG org.dbunit.util.QualifiedTableName  - Qualified table names feature is disabled. Returning plain table name
194161 [main] DEBUG org.dbunit.util.QualifiedTableName  - getQualifiedName(prefix=null, name=SCOPE_REQUESTCONTEXT, escapePattern=null) - start
194161 [main] DEBUG org.dbunit.util.QualifiedTableName  - getQualifiedNameIfEnabled(config=org.dbunit.database.DatabaseConfig[, _propertyMap={http://www.dbunit.org/properties/statementFactory=org.dbunit.database.statement.PreparedStatementFactory@626bc2b8, http://www.dbunit.org/features/caseSensitiveTableNames=false, http://www.dbunit.org/properties/fetchSize=100, http://www.dbunit.org/features/batchedStatements=false, http://www.dbunit.org/properties/metadataHandler=org.dbunit.database.DefaultMetadataHandler@3eeace42, http://www.dbunit.org/properties/datatypeFactory=org.dbunit.dataset.datatype.DefaultDataTypeFactory[_toleratedDeltaMap=org.dbunit.dataset.datatype.ToleratedDeltaMap@6452310a], http://www.dbunit.org/properties/escapePattern=null, http://www.dbunit.org/properties/batchSize=100, http://www.dbunit.org/features/qualifiedTableNames=false, http://www.dbunit.org/properties/tableType=[Ljava.lang.String;@5011bafa, http://www.dbunit.org/properties/resultSetTableFactory=org.dbunit.database.CachedResultSetTableFactory@10bcf083, http://www.dbunit.org/features/datatypeWarning=true}]) - start
194161 [main] TRACE org.dbunit.database.DatabaseConfig  - getFeature(name=http://www.dbunit.org/features/qualifiedTableNames) - start
194161 [main] TRACE org.dbunit.database.DatabaseConfig  - getProperty(name=http://www.dbunit.org/features/qualifiedTableNames) - start
194161 [main] DEBUG org.dbunit.util.QualifiedTableName  - Qualified table names feature is disabled. Returning plain table name
194161 [main] DEBUG org.dbunit.util.QualifiedTableName  - getQualifiedName(prefix=null, name=REQUESTCONTEXT, escapePattern=null) - start
194161 [main] DEBUG org.dbunit.database.search.AbstractMetaDataBasedSearchCallback  - newEdge(rs=org.apache.commons.dbcp.DelegatingResultSet@73be91a3, type=0, from=SCOPE_REQUESTCONTEXT, to=REQUESTCONTEXT, fkColumn=REQUEST_CONTEXT_ID, pkColumn=ID) - start
194161 [main] DEBUG org.dbunit.database.search.AbstractMetaDataBasedSearchCallback  - createFKEdge(rs=org.apache.commons.dbcp.DelegatingResultSet@73be91a3, type=0, from=SCOPE_REQUESTCONTEXT, to=REQUESTCONTEXT, fkColumn=REQUEST_CONTEXT_ID, pkColumn=ID) - start
194161 [main] DEBUG org.dbunit.database.search.AbstractMetaDataBasedSearchCallback  - Adding edge SCOPE_REQUESTCONTEXT(REQUEST_CONTEXT_ID)->REQUESTCONTEXT(ID)
194161 [main] DEBUG org.dbunit.util.search.Edge  - compareTo(o=SCOPE_REQUESTCONTEXT(REQUEST_CONTEXT_ID)->REQUESTCONTEXT(ID)) - start
194161 [main] DEBUG org.dbunit.util.QualifiedTableName  - getQualifiedNameIfEnabled(config=org.dbunit.database.DatabaseConfig[, _propertyMap={http://www.dbunit.org/properties/statementFactory=org.dbunit.database.statement.PreparedStatementFactory@626bc2b8, http://www.dbunit.org/features/caseSensitiveTableNames=false, http://www.dbunit.org/properties/fetchSize=100, http://www.dbunit.org/features/batchedStatements=false, http://www.dbunit.org/properties/metadataHandler=org.dbunit.database.DefaultMetadataHandler@3eeace42, http://www.dbunit.org/properties/datatypeFactory=org.dbunit.dataset.datatype.DefaultDataTypeFactory[_toleratedDeltaMap=org.dbunit.dataset.datatype.ToleratedDeltaMap@6452310a], http://www.dbunit.org/properties/escapePattern=null, http://www.dbunit.org/properties/batchSize=100, http://www.dbunit.org/features/qualifiedTableNames=false, http://www.dbunit.org/properties/tableType=[Ljava.lang.String;@5011bafa, http://www.dbunit.org/properties/resultSetTableFactory=org.dbunit.database.CachedResultSetTableFactory@10bcf083, http://www.dbunit.org/features/datatypeWarning=true}]) - start
194161 [main] TRACE org.dbunit.database.DatabaseConfig  - getFeature(name=http://www.dbunit.org/features/qualifiedTableNames) - start
194161 [main] TRACE org.dbunit.database.DatabaseConfig  - getProperty(name=http://www.dbunit.org/features/qualifiedTableNames) - start
194161 [main] DEBUG org.dbunit.util.QualifiedTableName  - Qualified table names feature is disabled. Returning plain table name
194161 [main] DEBUG org.dbunit.util.QualifiedTableName  - getQualifiedName(prefix=null, name=SCOPE_REQUESTCONTEXT, escapePattern=null) - start
194161 [main] DEBUG org.dbunit.util.QualifiedTableName  - getQualifiedNameIfEnabled(config=org.dbunit.database.DatabaseConfig[, _propertyMap={http://www.dbunit.org/properties/statementFactory=org.dbunit.database.statement.PreparedStatementFactory@626bc2b8, http://www.dbunit.org/features/caseSensitiveTableNames=false, http://www.dbunit.org/properties/fetchSize=100, http://www.dbunit.org/features/batchedStatements=false, http://www.dbunit.org/properties/metadataHandler=org.dbunit.database.DefaultMetadataHandler@3eeace42, http://www.dbunit.org/properties/datatypeFactory=org.dbunit.dataset.datatype.DefaultDataTypeFactory[_toleratedDeltaMap=org.dbunit.dataset.datatype.ToleratedDeltaMap@6452310a], http://www.dbunit.org/properties/escapePattern=null, http://www.dbunit.org/properties/batchSize=100, http://www.dbunit.org/features/qualifiedTableNames=false, http://www.dbunit.org/properties/tableType=[Ljava.lang.String;@5011bafa, http://www.dbunit.org/properties/resultSetTableFactory=org.dbunit.database.CachedResultSetTableFactory@10bcf083, http://www.dbunit.org/features/datatypeWarning=true}]) - start
194161 [main] TRACE org.dbunit.database.DatabaseConfig  - getFeature(name=http://www.dbunit.org/features/qualifiedTableNames) - start
194161 [main] TRACE org.dbunit.database.DatabaseConfig  - getProperty(name=http://www.dbunit.org/features/qualifiedTableNames) - start
194161 [main] DEBUG org.dbunit.util.QualifiedTableName  - Qualified table names feature is disabled. Returning plain table name
194161 [main] DEBUG org.dbunit.util.QualifiedTableName  - getQualifiedName(prefix=null, name=SCOPE, escapePattern=null) - start
194162 [main] DEBUG org.dbunit.database.search.AbstractMetaDataBasedSearchCallback  - newEdge(rs=org.apache.commons.dbcp.DelegatingResultSet@73be91a3, type=0, from=SCOPE_REQUESTCONTEXT, to=SCOPE, fkColumn=SCOPE_ID, pkColumn=ID) - start
194162 [main] DEBUG org.dbunit.database.search.AbstractMetaDataBasedSearchCallback  - createFKEdge(rs=org.apache.commons.dbcp.DelegatingResultSet@73be91a3, type=0, from=SCOPE_REQUESTCONTEXT, to=SCOPE, fkColumn=SCOPE_ID, pkColumn=ID) - start
194162 [main] DEBUG org.dbunit.database.search.AbstractMetaDataBasedSearchCallback  - Adding edge SCOPE_REQUESTCONTEXT(SCOPE_ID)->SCOPE(ID)
194162 [main] DEBUG org.dbunit.util.search.Edge  - compareTo(o=SCOPE_REQUESTCONTEXT(REQUEST_CONTEXT_ID)->REQUESTCONTEXT(ID)) - start
194162 [main] DEBUG org.dbunit.util.SQLHelper  - close(resultSet=org.apache.commons.dbcp.DelegatingResultSet@73be91a3) - start
194162 [main] DEBUG org.dbunit.util.search.DepthFirstSearch  - search:SCOPE_REQUESTCONTEXT
194162 [main] DEBUG org.dbunit.database.search.ImportedKeysSearchCallback  - searchNode(node=SCOPE_REQUESTCONTEXT) - start
194162 [main] DEBUG org.dbunit.util.search.DepthFirstSearch  - Pushing SCOPE_REQUESTCONTEXT
194162 [main] DEBUG org.dbunit.database.search.ImportedKeysSearchCallback  - getEdges(node=SCOPE_REQUESTCONTEXT) - start
194162 [main] DEBUG org.dbunit.database.search.AbstractMetaDataBasedSearchCallback  - getNodesFromImportedKeys(node=SCOPE_REQUESTCONTEXT) - start
194162 [main] DEBUG org.dbunit.database.search.AbstractMetaDataBasedSearchCallback  - getNodes(type=0, node=SCOPE_REQUESTCONTEXT) - start
194162 [main] DEBUG org.dbunit.database.DatabaseDataSourceConnection  - getConnection() - start
194162 [main] DEBUG org.dbunit.database.search.AbstractMetaDataBasedSearchCallback  - getNodes(type=0, node=SCOPE_REQUESTCONTEXT, conn=Transaction-aware proxy for target Connection [jdbc:hsqldb:mem:kontrollDS, UserName=sw, HSQL Database Engine Driver], schema=null, metaData=org.apache.commons.dbcp.DelegatingDatabaseMetaData@644b9fb2, edges=[]) - start
194162 [main] DEBUG org.dbunit.database.search.AbstractMetaDataBasedSearchCallback  - Getting edges for node SCOPE_REQUESTCONTEXT
194162 [main] TRACE org.dbunit.database.DatabaseConfig  - getProperty(name=http://www.dbunit.org/properties/metadataHandler) - start
194162 [main] TRACE org.dbunit.database.DefaultMetadataHandler  - tableExists(metaData=org.apache.commons.dbcp.DelegatingDatabaseMetaData@644b9fb2, schemaName=null, tableName=SCOPE_REQUESTCONTEXT) - start
194163 [main] DEBUG org.dbunit.util.SQLHelper  - close(resultSet=org.apache.commons.dbcp.DelegatingResultSet@395cfb26) - start
194163 [main] DEBUG org.dbunit.util.QualifiedTableName  - getQualifiedNameIfEnabled(config=org.dbunit.database.DatabaseConfig[, _propertyMap={http://www.dbunit.org/properties/statementFactory=org.dbunit.database.statement.PreparedStatementFactory@626bc2b8, http://www.dbunit.org/features/caseSensitiveTableNames=false, http://www.dbunit.org/properties/fetchSize=100, http://www.dbunit.org/features/batchedStatements=false, http://www.dbunit.org/properties/metadataHandler=org.dbunit.database.DefaultMetadataHandler@3eeace42, http://www.dbunit.org/properties/datatypeFactory=org.dbunit.dataset.datatype.DefaultDataTypeFactory[_toleratedDeltaMap=org.dbunit.dataset.datatype.ToleratedDeltaMap@6452310a], http://www.dbunit.org/properties/escapePattern=null, http://www.dbunit.org/properties/batchSize=100, http://www.dbunit.org/features/qualifiedTableNames=false, http://www.dbunit.org/properties/tableType=[Ljava.lang.String;@5011bafa, http://www.dbunit.org/properties/resultSetTableFactory=org.dbunit.database.CachedResultSetTableFactory@10bcf083, http://www.dbunit.org/features/datatypeWarning=true}]) - start
194164 [main] TRACE org.dbunit.database.DatabaseConfig  - getFeature(name=http://www.dbunit.org/features/qualifiedTableNames) - start
194164 [main] TRACE org.dbunit.database.DatabaseConfig  - getProperty(name=http://www.dbunit.org/features/qualifiedTableNames) - start
194164 [main] DEBUG org.dbunit.util.QualifiedTableName  - Qualified table names feature is disabled. Returning plain table name
194164 [main] DEBUG org.dbunit.util.QualifiedTableName  - getQualifiedName(prefix=null, name=SCOPE_REQUESTCONTEXT, escapePattern=null) - start
194164 [main] DEBUG org.dbunit.util.QualifiedTableName  - getQualifiedNameIfEnabled(config=org.dbunit.database.DatabaseConfig[, _propertyMap={http://www.dbunit.org/properties/statementFactory=org.dbunit.database.statement.PreparedStatementFactory@626bc2b8, http://www.dbunit.org/features/caseSensitiveTableNames=false, http://www.dbunit.org/properties/fetchSize=100, http://www.dbunit.org/features/batchedStatements=false, http://www.dbunit.org/properties/metadataHandler=org.dbunit.database.DefaultMetadataHandler@3eeace42, http://www.dbunit.org/properties/datatypeFactory=org.dbunit.dataset.datatype.DefaultDataTypeFactory[_toleratedDeltaMap=org.dbunit.dataset.datatype.ToleratedDeltaMap@6452310a], http://www.dbunit.org/properties/escapePattern=null, http://www.dbunit.org/properties/batchSize=100, http://www.dbunit.org/features/qualifiedTableNames=false, http://www.dbunit.org/properties/tableType=[Ljava.lang.String;@5011bafa, http://www.dbunit.org/properties/resultSetTableFactory=org.dbunit.database.CachedResultSetTableFactory@10bcf083, http://www.dbunit.org/features/datatypeWarning=true}]) - start
194164 [main] TRACE org.dbunit.database.DatabaseConfig  - getFeature(name=http://www.dbunit.org/features/qualifiedTableNames) - start
194164 [main] TRACE org.dbunit.database.DatabaseConfig  - getProperty(name=http://www.dbunit.org/features/qualifiedTableNames) - start
194164 [main] DEBUG org.dbunit.util.QualifiedTableName  - Qualified table names feature is disabled. Returning plain table name
194164 [main] DEBUG org.dbunit.util.QualifiedTableName  - getQualifiedName(prefix=null, name=REQUESTCONTEXT, escapePattern=null) - start
194164 [main] DEBUG org.dbunit.database.search.AbstractMetaDataBasedSearchCallback  - newEdge(rs=org.apache.commons.dbcp.DelegatingResultSet@6abeac08, type=0, from=SCOPE_REQUESTCONTEXT, to=REQUESTCONTEXT, fkColumn=REQUEST_CONTEXT_ID, pkColumn=ID) - start
194164 [main] DEBUG org.dbunit.database.search.AbstractMetaDataBasedSearchCallback  - createFKEdge(rs=org.apache.commons.dbcp.DelegatingResultSet@6abeac08, type=0, from=SCOPE_REQUESTCONTEXT, to=REQUESTCONTEXT, fkColumn=REQUEST_CONTEXT_ID, pkColumn=ID) - start
194164 [main] DEBUG org.dbunit.database.search.AbstractMetaDataBasedSearchCallback  - Adding edge SCOPE_REQUESTCONTEXT(REQUEST_CONTEXT_ID)->REQUESTCONTEXT(ID)
194164 [main] DEBUG org.dbunit.util.search.Edge  - compareTo(o=SCOPE_REQUESTCONTEXT(REQUEST_CONTEXT_ID)->REQUESTCONTEXT(ID)) - start
194164 [main] DEBUG org.dbunit.util.QualifiedTableName  - getQualifiedNameIfEnabled(config=org.dbunit.database.DatabaseConfig[, _propertyMap={http://www.dbunit.org/properties/statementFactory=org.dbunit.database.statement.PreparedStatementFactory@626bc2b8, http://www.dbunit.org/features/caseSensitiveTableNames=false, http://www.dbunit.org/properties/fetchSize=100, http://www.dbunit.org/features/batchedStatements=false, http://www.dbunit.org/properties/metadataHandler=org.dbunit.database.DefaultMetadataHandler@3eeace42, http://www.dbunit.org/properties/datatypeFactory=org.dbunit.dataset.datatype.DefaultDataTypeFactory[_toleratedDeltaMap=org.dbunit.dataset.datatype.ToleratedDeltaMap@6452310a], http://www.dbunit.org/properties/escapePattern=null, http://www.dbunit.org/properties/batchSize=100, http://www.dbunit.org/features/qualifiedTableNames=false, http://www.dbunit.org/properties/tableType=[Ljava.lang.String;@5011bafa, http://www.dbunit.org/properties/resultSetTableFactory=org.dbunit.database.CachedResultSetTableFactory@10bcf083, http://www.dbunit.org/features/datatypeWarning=true}]) - start
194164 [main] TRACE org.dbunit.database.DatabaseConfig  - getFeature(name=http://www.dbunit.org/features/qualifiedTableNames) - start
194164 [main] TRACE org.dbunit.database.DatabaseConfig  - getProperty(name=http://www.dbunit.org/features/qualifiedTableNames) - start
194164 [main] DEBUG org.dbunit.util.QualifiedTableName  - Qualified table names feature is disabled. Returning plain table name
194164 [main] DEBUG org.dbunit.util.QualifiedTableName  - getQualifiedName(prefix=null, name=SCOPE_REQUESTCONTEXT, escapePattern=null) - start
194164 [main] DEBUG org.dbunit.util.QualifiedTableName  - getQualifiedNameIfEnabled(config=org.dbunit.database.DatabaseConfig[, _propertyMap={http://www.dbunit.org/properties/statementFactory=org.dbunit.database.statement.PreparedStatementFactory@626bc2b8, http://www.dbunit.org/features/caseSensitiveTableNames=false, http://www.dbunit.org/properties/fetchSize=100, http://www.dbunit.org/features/batchedStatements=false, http://www.dbunit.org/properties/metadataHandler=org.dbunit.database.DefaultMetadataHandler@3eeace42, http://www.dbunit.org/properties/datatypeFactory=org.dbunit.dataset.datatype.DefaultDataTypeFactory[_toleratedDeltaMap=org.dbunit.dataset.datatype.ToleratedDeltaMap@6452310a], http://www.dbunit.org/properties/escapePattern=null, http://www.dbunit.org/properties/batchSize=100, http://www.dbunit.org/features/qualifiedTableNames=false, http://www.dbunit.org/properties/tableType=[Ljava.lang.String;@5011bafa, http://www.dbunit.org/properties/resultSetTableFactory=org.dbunit.database.CachedResultSetTableFactory@10bcf083, http://www.dbunit.org/features/datatypeWarning=true}]) - start
194164 [main] TRACE org.dbunit.database.DatabaseConfig  - getFeature(name=http://www.dbunit.org/features/qualifiedTableNames) - start
194164 [main] TRACE org.dbunit.database.DatabaseConfig  - getProperty(name=http://www.dbunit.org/features/qualifiedTableNames) - start
194164 [main] DEBUG org.dbunit.util.QualifiedTableName  - Qualified table names feature is disabled. Returning plain table name
194164 [main] DEBUG org.dbunit.util.QualifiedTableName  - getQualifiedName(prefix=null, name=SCOPE, escapePattern=null) - start
194164 [main] DEBUG org.dbunit.database.search.AbstractMetaDataBasedSearchCallback  - newEdge(rs=org.apache.commons.dbcp.DelegatingResultSet@6abeac08, type=0, from=SCOPE_REQUESTCONTEXT, to=SCOPE, fkColumn=SCOPE_ID, pkColumn=ID) - start
194164 [main] DEBUG org.dbunit.database.search.AbstractMetaDataBasedSearchCallback  - createFKEdge(rs=org.apache.commons.dbcp.DelegatingResultSet@6abeac08, type=0, from=SCOPE_REQUESTCONTEXT, to=SCOPE, fkColumn=SCOPE_ID, pkColumn=ID) - start
194164 [main] DEBUG org.dbunit.database.search.AbstractMetaDataBasedSearchCallback  - Adding edge SCOPE_REQUESTCONTEXT(SCOPE_ID)->SCOPE(ID)
194164 [main] DEBUG org.dbunit.util.search.Edge  - compareTo(o=SCOPE_REQUESTCONTEXT(REQUEST_CONTEXT_ID)->REQUESTCONTEXT(ID)) - start
194164 [main] DEBUG org.dbunit.util.SQLHelper  - close(resultSet=org.apache.commons.dbcp.DelegatingResultSet@6abeac08) - start
194165 [main] DEBUG org.dbunit.util.search.DepthFirstSearch  - search:REQUESTCONTEXT
194165 [main] DEBUG org.dbunit.database.search.ImportedKeysSearchCallback  - searchNode(node=REQUESTCONTEXT) - start
194165 [main] DEBUG org.dbunit.util.search.DepthFirstSearch  - Pushing REQUESTCONTEXT
194165 [main] DEBUG org.dbunit.database.search.ImportedKeysSearchCallback  - getEdges(node=REQUESTCONTEXT) - start
194165 [main] DEBUG org.dbunit.database.search.AbstractMetaDataBasedSearchCallback  - getNodesFromImportedKeys(node=REQUESTCONTEXT) - start
194165 [main] DEBUG org.dbunit.database.search.AbstractMetaDataBasedSearchCallback  - getNodes(type=0, node=REQUESTCONTEXT) - start
194165 [main] DEBUG org.dbunit.database.DatabaseDataSourceConnection  - getConnection() - start
194165 [main] DEBUG org.dbunit.database.search.AbstractMetaDataBasedSearchCallback  - getNodes(type=0, node=REQUESTCONTEXT, conn=Transaction-aware proxy for target Connection [jdbc:hsqldb:mem:kontrollDS, UserName=sw, HSQL Database Engine Driver], schema=null, metaData=org.apache.commons.dbcp.DelegatingDatabaseMetaData@c1077f8, edges=[]) - start
194165 [main] DEBUG org.dbunit.database.search.AbstractMetaDataBasedSearchCallback  - Getting edges for node REQUESTCONTEXT
194165 [main] TRACE org.dbunit.database.DatabaseConfig  - getProperty(name=http://www.dbunit.org/properties/metadataHandler) - start
194165 [main] TRACE org.dbunit.database.DefaultMetadataHandler  - tableExists(metaData=org.apache.commons.dbcp.DelegatingDatabaseMetaData@c1077f8, schemaName=null, tableName=REQUESTCONTEXT) - start
194166 [main] DEBUG org.dbunit.util.SQLHelper  - close(resultSet=org.apache.commons.dbcp.DelegatingResultSet@6195608d) - start
194166 [main] DEBUG org.dbunit.util.SQLHelper  - close(resultSet=org.apache.commons.dbcp.DelegatingResultSet@4833d57b) - start
194166 [main] DEBUG org.dbunit.util.search.DepthFirstSearch  - Adding node REQUESTCONTEXT to the final result
194166 [main] DEBUG org.dbunit.util.search.DepthFirstSearch  - search:SCOPE
194166 [main] DEBUG org.dbunit.database.search.ImportedKeysSearchCallback  - searchNode(node=SCOPE) - start
194166 [main] DEBUG org.dbunit.util.search.DepthFirstSearch  - Pushing SCOPE
194166 [main] DEBUG org.dbunit.database.search.ImportedKeysSearchCallback  - getEdges(node=SCOPE) - start
194166 [main] DEBUG org.dbunit.database.search.AbstractMetaDataBasedSearchCallback  - getNodesFromImportedKeys(node=SCOPE) - start
194166 [main] DEBUG org.dbunit.database.search.AbstractMetaDataBasedSearchCallback  - getNodes(type=0, node=SCOPE) - start
194166 [main] DEBUG org.dbunit.database.DatabaseDataSourceConnection  - getConnection() - start
194166 [main] DEBUG org.dbunit.database.search.AbstractMetaDataBasedSearchCallback  - getNodes(type=0, node=SCOPE, conn=Transaction-aware proxy for target Connection [jdbc:hsqldb:mem:kontrollDS, UserName=sw, HSQL Database Engine Driver], schema=null, metaData=org.apache.commons.dbcp.DelegatingDatabaseMetaData@4304a345, edges=[]) - start
194166 [main] DEBUG org.dbunit.database.search.AbstractMetaDataBasedSearchCallback  - Getting edges for node SCOPE
194167 [main] TRACE org.dbunit.database.DatabaseConfig  - getProperty(name=http://www.dbunit.org/properties/metadataHandler) - start
194167 [main] TRACE org.dbunit.database.DefaultMetadataHandler  - tableExists(metaData=org.apache.commons.dbcp.DelegatingDatabaseMetaData@4304a345, schemaName=null, tableName=SCOPE) - start
194168 [main] DEBUG org.dbunit.util.SQLHelper  - close(resultSet=org.apache.commons.dbcp.DelegatingResultSet@78da14fa) - start
194168 [main] DEBUG org.dbunit.util.SQLHelper  - close(resultSet=org.apache.commons.dbcp.DelegatingResultSet@66efea3a) - start
194168 [main] DEBUG org.dbunit.util.search.DepthFirstSearch  - Adding node SCOPE to the final result
194168 [main] DEBUG org.dbunit.util.search.DepthFirstSearch  - Adding node SCOPE_REQUESTCONTEXT to the final result
194168 [main] DEBUG org.dbunit.util.search.DepthFirstSearch  - reverseSearch:REQUESTCONTEXT
194168 [main] DEBUG org.dbunit.database.search.ImportedKeysSearchCallback  - searchNode(node=REQUESTCONTEXT) - start
194168 [main] DEBUG org.dbunit.util.search.DepthFirstSearch  - Pushing (reverse) REQUESTCONTEXT
194168 [main] DEBUG org.dbunit.database.search.ImportedKeysSearchCallback  - getEdges(node=REQUESTCONTEXT) - start
194168 [main] DEBUG org.dbunit.database.search.AbstractMetaDataBasedSearchCallback  - getNodesFromImportedKeys(node=REQUESTCONTEXT) - start
194168 [main] DEBUG org.dbunit.database.search.AbstractMetaDataBasedSearchCallback  - getNodes(type=0, node=REQUESTCONTEXT) - start
194168 [main] DEBUG org.dbunit.database.DatabaseDataSourceConnection  - getConnection() - start
194169 [main] DEBUG org.dbunit.database.search.AbstractMetaDataBasedSearchCallback  - getNodes(type=0, node=REQUESTCONTEXT, conn=Transaction-aware proxy for target Connection [jdbc:hsqldb:mem:kontrollDS, UserName=sw, HSQL Database Engine Driver], schema=null, metaData=org.apache.commons.dbcp.DelegatingDatabaseMetaData@10fabaa2, edges=[]) - start
194169 [main] DEBUG org.dbunit.database.search.AbstractMetaDataBasedSearchCallback  - Getting edges for node REQUESTCONTEXT
194169 [main] TRACE org.dbunit.database.DatabaseConfig  - getProperty(name=http://www.dbunit.org/properties/metadataHandler) - start
194169 [main] TRACE org.dbunit.database.DefaultMetadataHandler  - tableExists(metaData=org.apache.commons.dbcp.DelegatingDatabaseMetaData@10fabaa2, schemaName=null, tableName=REQUESTCONTEXT) - start
194170 [main] DEBUG org.dbunit.util.SQLHelper  - close(resultSet=org.apache.commons.dbcp.DelegatingResultSet@6ffa28d7) - start
194170 [main] DEBUG org.dbunit.util.SQLHelper  - close(resultSet=org.apache.commons.dbcp.DelegatingResultSet@3a35d74e) - start
194170 [main] DEBUG org.dbunit.util.search.DepthFirstSearch  - reverseSearch:SCOPE_REQUESTCONTEXT
194170 [main] DEBUG org.dbunit.util.search.DepthFirstSearch  - already searched; returning true
194170 [main] DEBUG org.dbunit.util.search.DepthFirstSearch  - reverseSearch:SCOPE
194170 [main] DEBUG org.dbunit.database.search.ImportedKeysSearchCallback  - searchNode(node=SCOPE) - start
194170 [main] DEBUG org.dbunit.util.search.DepthFirstSearch  - Pushing (reverse) SCOPE
194170 [main] DEBUG org.dbunit.database.search.ImportedKeysSearchCallback  - getEdges(node=SCOPE) - start
194170 [main] DEBUG org.dbunit.database.search.AbstractMetaDataBasedSearchCallback  - getNodesFromImportedKeys(node=SCOPE) - start
194170 [main] DEBUG org.dbunit.database.search.AbstractMetaDataBasedSearchCallback  - getNodes(type=0, node=SCOPE) - start
194170 [main] DEBUG org.dbunit.database.DatabaseDataSourceConnection  - getConnection() - start
194170 [main] DEBUG org.dbunit.database.search.AbstractMetaDataBasedSearchCallback  - getNodes(type=0, node=SCOPE, conn=Transaction-aware proxy for target Connection [jdbc:hsqldb:mem:kontrollDS, UserName=sw, HSQL Database Engine Driver], schema=null, metaData=org.apache.commons.dbcp.DelegatingDatabaseMetaData@24ca5fbd, edges=[]) - start
194170 [main] DEBUG org.dbunit.database.search.AbstractMetaDataBasedSearchCallback  - Getting edges for node SCOPE
194170 [main] TRACE org.dbunit.database.DatabaseConfig  - getProperty(name=http://www.dbunit.org/properties/metadataHandler) - start
194170 [main] TRACE org.dbunit.database.DefaultMetadataHandler  - tableExists(metaData=org.apache.commons.dbcp.DelegatingDatabaseMetaData@24ca5fbd, schemaName=null, tableName=SCOPE) - start
194171 [main] DEBUG org.dbunit.util.SQLHelper  - close(resultSet=org.apache.commons.dbcp.DelegatingResultSet@5909d22d) - start
194171 [main] DEBUG org.dbunit.util.SQLHelper  - close(resultSet=org.apache.commons.dbcp.DelegatingResultSet@19314e0e) - start
194172 [main] DEBUG org.dbunit.util.search.DepthFirstSearch  - search:SCOPE_REQUESTCONTEXT
194172 [main] DEBUG org.dbunit.util.search.DepthFirstSearch  - already searched; returning true
194172 [main] DEBUG org.dbunit.util.search.DepthFirstSearch  - search:REQUESTCONTEXT
194172 [main] DEBUG org.dbunit.util.search.DepthFirstSearch  - already searched; returning true
194172 [main] DEBUG org.dbunit.util.search.DepthFirstSearch  - search:SCOPE
194172 [main] DEBUG org.dbunit.util.search.DepthFirstSearch  - already searched; returning true
194172 [main] DEBUG org.dbunit.util.CollectionsHelper  - setToStrings(set=[REQUESTCONTEXT, SCOPE, SCOPE_REQUESTCONTEXT]) - start
194172 [main] DEBUG org.dbunit.database.search.TablesDependencyHelper  - getDependsOnTables(connection=_databaseConfig=org.dbunit.database.DatabaseConfig[, _propertyMap={http://www.dbunit.org/properties/statementFactory=org.dbunit.database.statement.PreparedStatementFactory@626bc2b8, http://www.dbunit.org/features/caseSensitiveTableNames=false, http://www.dbunit.org/properties/fetchSize=100, http://www.dbunit.org/features/batchedStatements=false, http://www.dbunit.org/properties/metadataHandler=org.dbunit.database.DefaultMetadataHandler@3eeace42, http://www.dbunit.org/properties/datatypeFactory=org.dbunit.dataset.datatype.DefaultDataTypeFactory[_toleratedDeltaMap=org.dbunit.dataset.datatype.ToleratedDeltaMap@6452310a], http://www.dbunit.org/properties/escapePattern=null, http://www.dbunit.org/properties/batchSize=100, http://www.dbunit.org/features/qualifiedTableNames=false, http://www.dbunit.org/properties/tableType=[Ljava.lang.String;@5011bafa, http://www.dbunit.org/properties/resultSetTableFactory=org.dbunit.database.CachedResultSetTableFactory@10bcf083, http://www.dbunit.org/features/datatypeWarning=true}], _dataSet=AbstractDataSet[_orderedTableNameMap=null], rootTable=SCOPE_REQUESTCONTEXT) - start
194172 [main] DEBUG org.dbunit.util.search.DepthFirstSearch  - search(nodesFrom=[SCOPE_REQUESTCONTEXT], callback=org.dbunit.database.search.ExportedKeysSearchCallback@61dfaf8) - start
194172 [main] DEBUG org.dbunit.util.CollectionsHelper  - objectsToSet(objects=SCOPE_REQUESTCONTEXT) - start
194172 [main] DEBUG org.dbunit.util.search.DepthFirstSearch  - search(nodesFrom=[SCOPE_REQUESTCONTEXT], callback=org.dbunit.database.search.ExportedKeysSearchCallback@61dfaf8) - start
194172 [main] DEBUG org.dbunit.util.search.DepthFirstSearch  - reverseSearch:SCOPE_REQUESTCONTEXT
194172 [main] DEBUG org.dbunit.database.search.ExportedKeysSearchCallback  - searchNode(node=SCOPE_REQUESTCONTEXT) - start
194172 [main] DEBUG org.dbunit.util.search.DepthFirstSearch  - Pushing (reverse) SCOPE_REQUESTCONTEXT
194172 [main] DEBUG org.dbunit.database.search.ExportedKeysSearchCallback  - getEdges(node=SCOPE_REQUESTCONTEXT) - start
194172 [main] DEBUG org.dbunit.database.search.AbstractMetaDataBasedSearchCallback  - getNodesFromExportedKeys(node=SCOPE_REQUESTCONTEXT) - start
194172 [main] DEBUG org.dbunit.database.search.AbstractMetaDataBasedSearchCallback  - getNodes(type=1, node=SCOPE_REQUESTCONTEXT) - start
194172 [main] DEBUG org.dbunit.database.DatabaseDataSourceConnection  - getConnection() - start
194172 [main] DEBUG org.dbunit.database.search.AbstractMetaDataBasedSearchCallback  - getNodes(type=1, node=SCOPE_REQUESTCONTEXT, conn=Transaction-aware proxy for target Connection [jdbc:hsqldb:mem:kontrollDS, UserName=sw, HSQL Database Engine Driver], schema=null, metaData=org.apache.commons.dbcp.DelegatingDatabaseMetaData@1a47b2eb, edges=[]) - start
194172 [main] DEBUG org.dbunit.database.search.AbstractMetaDataBasedSearchCallback  - Getting edges for node SCOPE_REQUESTCONTEXT
194172 [main] TRACE org.dbunit.database.DatabaseConfig  - getProperty(name=http://www.dbunit.org/properties/metadataHandler) - start
194172 [main] TRACE org.dbunit.database.DefaultMetadataHandler  - tableExists(metaData=org.apache.commons.dbcp.DelegatingDatabaseMetaData@1a47b2eb, schemaName=null, tableName=SCOPE_REQUESTCONTEXT) - start
194173 [main] DEBUG org.dbunit.util.SQLHelper  - close(resultSet=org.apache.commons.dbcp.DelegatingResultSet@3fef9f91) - start
194174 [main] DEBUG org.dbunit.util.SQLHelper  - close(resultSet=org.apache.commons.dbcp.DelegatingResultSet@765b0782) - start
194174 [main] DEBUG org.dbunit.util.search.DepthFirstSearch  - search:SCOPE_REQUESTCONTEXT
194174 [main] DEBUG org.dbunit.database.search.ExportedKeysSearchCallback  - searchNode(node=SCOPE_REQUESTCONTEXT) - start
194174 [main] DEBUG org.dbunit.util.search.DepthFirstSearch  - Pushing SCOPE_REQUESTCONTEXT
194174 [main] DEBUG org.dbunit.database.search.ExportedKeysSearchCallback  - getEdges(node=SCOPE_REQUESTCONTEXT) - start
194174 [main] DEBUG org.dbunit.database.search.AbstractMetaDataBasedSearchCallback  - getNodesFromExportedKeys(node=SCOPE_REQUESTCONTEXT) - start
194174 [main] DEBUG org.dbunit.database.search.AbstractMetaDataBasedSearchCallback  - getNodes(type=1, node=SCOPE_REQUESTCONTEXT) - start
194174 [main] DEBUG org.dbunit.database.DatabaseDataSourceConnection  - getConnection() - start
194174 [main] DEBUG org.dbunit.database.search.AbstractMetaDataBasedSearchCallback  - getNodes(type=1, node=SCOPE_REQUESTCONTEXT, conn=Transaction-aware proxy for target Connection [jdbc:hsqldb:mem:kontrollDS, UserName=sw, HSQL Database Engine Driver], schema=null, metaData=org.apache.commons.dbcp.DelegatingDatabaseMetaData@524a2482, edges=[]) - start
194174 [main] DEBUG org.dbunit.database.search.AbstractMetaDataBasedSearchCallback  - Getting edges for node SCOPE_REQUESTCONTEXT
194174 [main] TRACE org.dbunit.database.DatabaseConfig  - getProperty(name=http://www.dbunit.org/properties/metadataHandler) - start
194174 [main] TRACE org.dbunit.database.DefaultMetadataHandler  - tableExists(metaData=org.apache.commons.dbcp.DelegatingDatabaseMetaData@524a2482, schemaName=null, tableName=SCOPE_REQUESTCONTEXT) - start
194175 [main] DEBUG org.dbunit.util.SQLHelper  - close(resultSet=org.apache.commons.dbcp.DelegatingResultSet@7390d0cb) - start
194175 [main] DEBUG org.dbunit.util.SQLHelper  - close(resultSet=org.apache.commons.dbcp.DelegatingResultSet@63881288) - start
194175 [main] DEBUG org.dbunit.util.search.DepthFirstSearch  - Adding node SCOPE_REQUESTCONTEXT to the final result
194175 [main] DEBUG org.dbunit.util.CollectionsHelper  - setToStrings(set=[SCOPE_REQUESTCONTEXT]) - start
194175 [main] DEBUG org.dbunit.database.search.TablesDependencyHelper  - getDirectDependsOnTables(connection=_databaseConfig=org.dbunit.database.DatabaseConfig[, _propertyMap={http://www.dbunit.org/properties/statementFactory=org.dbunit.database.statement.PreparedStatementFactory@626bc2b8, http://www.dbunit.org/features/caseSensitiveTableNames=false, http://www.dbunit.org/properties/fetchSize=100, http://www.dbunit.org/features/batchedStatements=false, http://www.dbunit.org/properties/metadataHandler=org.dbunit.database.DefaultMetadataHandler@3eeace42, http://www.dbunit.org/properties/datatypeFactory=org.dbunit.dataset.datatype.DefaultDataTypeFactory[_toleratedDeltaMap=org.dbunit.dataset.datatype.ToleratedDeltaMap@6452310a], http://www.dbunit.org/properties/escapePattern=null, http://www.dbunit.org/properties/batchSize=100, http://www.dbunit.org/features/qualifiedTableNames=false, http://www.dbunit.org/properties/tableType=[Ljava.lang.String;@5011bafa, http://www.dbunit.org/properties/resultSetTableFactory=org.dbunit.database.CachedResultSetTableFactory@10bcf083, http://www.dbunit.org/features/datatypeWarning=true}], _dataSet=AbstractDataSet[_orderedTableNameMap=null], tableName=SCOPE_REQUESTCONTEXT) - start
194176 [main] DEBUG org.dbunit.util.search.DepthFirstSearch  - search(nodesFrom=[SCOPE_REQUESTCONTEXT], callback=org.dbunit.database.search.ExportedKeysSearchCallback@1213d9ad) - start
194176 [main] DEBUG org.dbunit.util.CollectionsHelper  - objectsToSet(objects=SCOPE_REQUESTCONTEXT) - start
194176 [main] DEBUG org.dbunit.util.search.DepthFirstSearch  - search(nodesFrom=[SCOPE_REQUESTCONTEXT], callback=org.dbunit.database.search.ExportedKeysSearchCallback@1213d9ad) - start
194176 [main] DEBUG org.dbunit.util.search.DepthFirstSearch  - reverseSearch:SCOPE_REQUESTCONTEXT
194176 [main] DEBUG org.dbunit.database.search.ExportedKeysSearchCallback  - searchNode(node=SCOPE_REQUESTCONTEXT) - start
194176 [main] DEBUG org.dbunit.util.search.DepthFirstSearch  - Pushing (reverse) SCOPE_REQUESTCONTEXT
194176 [main] DEBUG org.dbunit.database.search.ExportedKeysSearchCallback  - getEdges(node=SCOPE_REQUESTCONTEXT) - start
194176 [main] DEBUG org.dbunit.database.search.AbstractMetaDataBasedSearchCallback  - getNodesFromExportedKeys(node=SCOPE_REQUESTCONTEXT) - start
194176 [main] DEBUG org.dbunit.database.search.AbstractMetaDataBasedSearchCallback  - getNodes(type=1, node=SCOPE_REQUESTCONTEXT) - start
194176 [main] DEBUG org.dbunit.database.DatabaseDataSourceConnection  - getConnection() - start
194176 [main] DEBUG org.dbunit.database.search.AbstractMetaDataBasedSearchCallback  - getNodes(type=1, node=SCOPE_REQUESTCONTEXT, conn=Transaction-aware proxy for target Connection [jdbc:hsqldb:mem:kontrollDS, UserName=sw, HSQL Database Engine Driver], schema=null, metaData=org.apache.commons.dbcp.DelegatingDatabaseMetaData@5537f620, edges=[]) - start
194176 [main] DEBUG org.dbunit.database.search.AbstractMetaDataBasedSearchCallback  - Getting edges for node SCOPE_REQUESTCONTEXT
194176 [main] TRACE org.dbunit.database.DatabaseConfig  - getProperty(name=http://www.dbunit.org/properties/metadataHandler) - start
194176 [main] TRACE org.dbunit.database.DefaultMetadataHandler  - tableExists(metaData=org.apache.commons.dbcp.DelegatingDatabaseMetaData@5537f620, schemaName=null, tableName=SCOPE_REQUESTCONTEXT) - start
194177 [main] DEBUG org.dbunit.util.SQLHelper  - close(resultSet=org.apache.commons.dbcp.DelegatingResultSet@316793b1) - start
194177 [main] DEBUG org.dbunit.util.SQLHelper  - close(resultSet=org.apache.commons.dbcp.DelegatingResultSet@66dc602) - start
194177 [main] DEBUG org.dbunit.util.search.DepthFirstSearch  - search:SCOPE_REQUESTCONTEXT
194177 [main] DEBUG org.dbunit.database.search.ExportedKeysSearchCallback  - searchNode(node=SCOPE_REQUESTCONTEXT) - start
194177 [main] DEBUG org.dbunit.util.search.DepthFirstSearch  - Pushing SCOPE_REQUESTCONTEXT
194177 [main] DEBUG org.dbunit.database.search.ExportedKeysSearchCallback  - getEdges(node=SCOPE_REQUESTCONTEXT) - start
194177 [main] DEBUG org.dbunit.database.search.AbstractMetaDataBasedSearchCallback  - getNodesFromExportedKeys(node=SCOPE_REQUESTCONTEXT) - start
194177 [main] DEBUG org.dbunit.database.search.AbstractMetaDataBasedSearchCallback  - getNodes(type=1, node=SCOPE_REQUESTCONTEXT) - start
194177 [main] DEBUG org.dbunit.database.DatabaseDataSourceConnection  - getConnection() - start
194177 [main] DEBUG org.dbunit.database.search.AbstractMetaDataBasedSearchCallback  - getNodes(type=1, node=SCOPE_REQUESTCONTEXT, conn=Transaction-aware proxy for target Connection [jdbc:hsqldb:mem:kontrollDS, UserName=sw, HSQL Database Engine Driver], schema=null, metaData=org.apache.commons.dbcp.DelegatingDatabaseMetaData@10e2b09a, edges=[]) - start
194177 [main] DEBUG org.dbunit.database.search.AbstractMetaDataBasedSearchCallback  - Getting edges for node SCOPE_REQUESTCONTEXT
194177 [main] TRACE org.dbunit.database.DatabaseConfig  - getProperty(name=http://www.dbunit.org/properties/metadataHandler) - start
194177 [main] TRACE org.dbunit.database.DefaultMetadataHandler  - tableExists(metaData=org.apache.commons.dbcp.DelegatingDatabaseMetaData@10e2b09a, schemaName=null, tableName=SCOPE_REQUESTCONTEXT) - start
194178 [main] DEBUG org.dbunit.util.SQLHelper  - close(resultSet=org.apache.commons.dbcp.DelegatingResultSet@45fbdd3) - start
194179 [main] DEBUG org.dbunit.util.SQLHelper  - close(resultSet=org.apache.commons.dbcp.DelegatingResultSet@2e18cb72) - start
194179 [main] DEBUG org.dbunit.util.search.DepthFirstSearch  - Adding node SCOPE_REQUESTCONTEXT to the final result
194179 [main] DEBUG org.dbunit.database.search.TablesDependencyHelper  - getDirectDependentTables(connection=_databaseConfig=org.dbunit.database.DatabaseConfig[, _propertyMap={http://www.dbunit.org/properties/statementFactory=org.dbunit.database.statement.PreparedStatementFactory@626bc2b8, http://www.dbunit.org/features/caseSensitiveTableNames=false, http://www.dbunit.org/properties/fetchSize=100, http://www.dbunit.org/features/batchedStatements=false, http://www.dbunit.org/properties/metadataHandler=org.dbunit.database.DefaultMetadataHandler@3eeace42, http://www.dbunit.org/properties/datatypeFactory=org.dbunit.dataset.datatype.DefaultDataTypeFactory[_toleratedDeltaMap=org.dbunit.dataset.datatype.ToleratedDeltaMap@6452310a], http://www.dbunit.org/properties/escapePattern=null, http://www.dbunit.org/properties/batchSize=100, http://www.dbunit.org/features/qualifiedTableNames=false, http://www.dbunit.org/properties/tableType=[Ljava.lang.String;@5011bafa, http://www.dbunit.org/properties/resultSetTableFactory=org.dbunit.database.CachedResultSetTableFactory@10bcf083, http://www.dbunit.org/features/datatypeWarning=true}], _dataSet=AbstractDataSet[_orderedTableNameMap=null], tableName=SCOPE_REQUESTCONTEXT) - start
194179 [main] DEBUG org.dbunit.util.search.DepthFirstSearch  - search(nodesFrom=[SCOPE_REQUESTCONTEXT], callback=org.dbunit.database.search.ImportedKeysSearchCallback@3acb9a6e) - start
194179 [main] DEBUG org.dbunit.util.CollectionsHelper  - objectsToSet(objects=SCOPE_REQUESTCONTEXT) - start
194179 [main] DEBUG org.dbunit.util.search.DepthFirstSearch  - search(nodesFrom=[SCOPE_REQUESTCONTEXT], callback=org.dbunit.database.search.ImportedKeysSearchCallback@3acb9a6e) - start
194179 [main] DEBUG org.dbunit.util.search.DepthFirstSearch  - reverseSearch:SCOPE_REQUESTCONTEXT
194179 [main] DEBUG org.dbunit.database.search.ImportedKeysSearchCallback  - searchNode(node=SCOPE_REQUESTCONTEXT) - start
194179 [main] DEBUG org.dbunit.util.search.DepthFirstSearch  - Pushing (reverse) SCOPE_REQUESTCONTEXT
194179 [main] DEBUG org.dbunit.database.search.ImportedKeysSearchCallback  - getEdges(node=SCOPE_REQUESTCONTEXT) - start
194179 [main] DEBUG org.dbunit.database.search.AbstractMetaDataBasedSearchCallback  - getNodesFromImportedKeys(node=SCOPE_REQUESTCONTEXT) - start
194179 [main] DEBUG org.dbunit.database.search.AbstractMetaDataBasedSearchCallback  - getNodes(type=0, node=SCOPE_REQUESTCONTEXT) - start
194179 [main] DEBUG org.dbunit.database.DatabaseDataSourceConnection  - getConnection() - start
194179 [main] DEBUG org.dbunit.database.search.AbstractMetaDataBasedSearchCallback  - getNodes(type=0, node=SCOPE_REQUESTCONTEXT, conn=Transaction-aware proxy for target Connection [jdbc:hsqldb:mem:kontrollDS, UserName=sw, HSQL Database Engine Driver], schema=null, metaData=org.apache.commons.dbcp.DelegatingDatabaseMetaData@d07c9ea, edges=[]) - start
194179 [main] DEBUG org.dbunit.database.search.AbstractMetaDataBasedSearchCallback  - Getting edges for node SCOPE_REQUESTCONTEXT
194179 [main] TRACE org.dbunit.database.DatabaseConfig  - getProperty(name=http://www.dbunit.org/properties/metadataHandler) - start
194179 [main] TRACE org.dbunit.database.DefaultMetadataHandler  - tableExists(metaData=org.apache.commons.dbcp.DelegatingDatabaseMetaData@d07c9ea, schemaName=null, tableName=SCOPE_REQUESTCONTEXT) - start
194180 [main] DEBUG org.dbunit.util.SQLHelper  - close(resultSet=org.apache.commons.dbcp.DelegatingResultSet@7366e18c) - start
194181 [main] DEBUG org.dbunit.util.QualifiedTableName  - getQualifiedNameIfEnabled(config=org.dbunit.database.DatabaseConfig[, _propertyMap={http://www.dbunit.org/properties/statementFactory=org.dbunit.database.statement.PreparedStatementFactory@626bc2b8, http://www.dbunit.org/features/caseSensitiveTableNames=false, http://www.dbunit.org/properties/fetchSize=100, http://www.dbunit.org/features/batchedStatements=false, http://www.dbunit.org/properties/metadataHandler=org.dbunit.database.DefaultMetadataHandler@3eeace42, http://www.dbunit.org/properties/datatypeFactory=org.dbunit.dataset.datatype.DefaultDataTypeFactory[_toleratedDeltaMap=org.dbunit.dataset.datatype.ToleratedDeltaMap@6452310a], http://www.dbunit.org/properties/escapePattern=null, http://www.dbunit.org/properties/batchSize=100, http://www.dbunit.org/features/qualifiedTableNames=false, http://www.dbunit.org/properties/tableType=[Ljava.lang.String;@5011bafa, http://www.dbunit.org/properties/resultSetTableFactory=org.dbunit.database.CachedResultSetTableFactory@10bcf083, http://www.dbunit.org/features/datatypeWarning=true}]) - start
194181 [main] TRACE org.dbunit.database.DatabaseConfig  - getFeature(name=http://www.dbunit.org/features/qualifiedTableNames) - start
194181 [main] TRACE org.dbunit.database.DatabaseConfig  - getProperty(name=http://www.dbunit.org/features/qualifiedTableNames) - start
194181 [main] DEBUG org.dbunit.util.QualifiedTableName  - Qualified table names feature is disabled. Returning plain table name
194181 [main] DEBUG org.dbunit.util.QualifiedTableName  - getQualifiedName(prefix=null, name=SCOPE_REQUESTCONTEXT, escapePattern=null) - start
194181 [main] DEBUG org.dbunit.util.QualifiedTableName  - getQualifiedNameIfEnabled(config=org.dbunit.database.DatabaseConfig[, _propertyMap={http://www.dbunit.org/properties/statementFactory=org.dbunit.database.statement.PreparedStatementFactory@626bc2b8, http://www.dbunit.org/features/caseSensitiveTableNames=false, http://www.dbunit.org/properties/fetchSize=100, http://www.dbunit.org/features/batchedStatements=false, http://www.dbunit.org/properties/metadataHandler=org.dbunit.database.DefaultMetadataHandler@3eeace42, http://www.dbunit.org/properties/datatypeFactory=org.dbunit.dataset.datatype.DefaultDataTypeFactory[_toleratedDeltaMap=org.dbunit.dataset.datatype.ToleratedDeltaMap@6452310a], http://www.dbunit.org/properties/escapePattern=null, http://www.dbunit.org/properties/batchSize=100, http://www.dbunit.org/features/qualifiedTableNames=false, http://www.dbunit.org/properties/tableType=[Ljava.lang.String;@5011bafa, http://www.dbunit.org/properties/resultSetTableFactory=org.dbunit.database.CachedResultSetTableFactory@10bcf083, http://www.dbunit.org/features/datatypeWarning=true}]) - start
194181 [main] TRACE org.dbunit.database.DatabaseConfig  - getFeature(name=http://www.dbunit.org/features/qualifiedTableNames) - start
194181 [main] TRACE org.dbunit.database.DatabaseConfig  - getProperty(name=http://www.dbunit.org/features/qualifiedTableNames) - start
194181 [main] DEBUG org.dbunit.util.QualifiedTableName  - Qualified table names feature is disabled. Returning plain table name
194181 [main] DEBUG org.dbunit.util.QualifiedTableName  - getQualifiedName(prefix=null, name=REQUESTCONTEXT, escapePattern=null) - start
194181 [main] DEBUG org.dbunit.database.search.AbstractMetaDataBasedSearchCallback  - newEdge(rs=org.apache.commons.dbcp.DelegatingResultSet@4d2a0e22, type=0, from=SCOPE_REQUESTCONTEXT, to=REQUESTCONTEXT, fkColumn=REQUEST_CONTEXT_ID, pkColumn=ID) - start
194181 [main] DEBUG org.dbunit.database.search.AbstractMetaDataBasedSearchCallback  - createFKEdge(rs=org.apache.commons.dbcp.DelegatingResultSet@4d2a0e22, type=0, from=SCOPE_REQUESTCONTEXT, to=REQUESTCONTEXT, fkColumn=REQUEST_CONTEXT_ID, pkColumn=ID) - start
194181 [main] DEBUG org.dbunit.database.search.AbstractMetaDataBasedSearchCallback  - Adding edge SCOPE_REQUESTCONTEXT(REQUEST_CONTEXT_ID)->REQUESTCONTEXT(ID)
194181 [main] DEBUG org.dbunit.util.search.Edge  - compareTo(o=SCOPE_REQUESTCONTEXT(REQUEST_CONTEXT_ID)->REQUESTCONTEXT(ID)) - start
194181 [main] DEBUG org.dbunit.util.QualifiedTableName  - getQualifiedNameIfEnabled(config=org.dbunit.database.DatabaseConfig[, _propertyMap={http://www.dbunit.org/properties/statementFactory=org.dbunit.database.statement.PreparedStatementFactory@626bc2b8, http://www.dbunit.org/features/caseSensitiveTableNames=false, http://www.dbunit.org/properties/fetchSize=100, http://www.dbunit.org/features/batchedStatements=false, http://www.dbunit.org/properties/metadataHandler=org.dbunit.database.DefaultMetadataHandler@3eeace42, http://www.dbunit.org/properties/datatypeFactory=org.dbunit.dataset.datatype.DefaultDataTypeFactory[_toleratedDeltaMap=org.dbunit.dataset.datatype.ToleratedDeltaMap@6452310a], http://www.dbunit.org/properties/escapePattern=null, http://www.dbunit.org/properties/batchSize=100, http://www.dbunit.org/features/qualifiedTableNames=false, http://www.dbunit.org/properties/tableType=[Ljava.lang.String;@5011bafa, http://www.dbunit.org/properties/resultSetTableFactory=org.dbunit.database.CachedResultSetTableFactory@10bcf083, http://www.dbunit.org/features/datatypeWarning=true}]) - start
194181 [main] TRACE org.dbunit.database.DatabaseConfig  - getFeature(name=http://www.dbunit.org/features/qualifiedTableNames) - start
194181 [main] TRACE org.dbunit.database.DatabaseConfig  - getProperty(name=http://www.dbunit.org/features/qualifiedTableNames) - start
194181 [main] DEBUG org.dbunit.util.QualifiedTableName  - Qualified table names feature is disabled. Returning plain table name
194181 [main] DEBUG org.dbunit.util.QualifiedTableName  - getQualifiedName(prefix=null, name=SCOPE_REQUESTCONTEXT, escapePattern=null) - start
194181 [main] DEBUG org.dbunit.util.QualifiedTableName  - getQualifiedNameIfEnabled(config=org.dbunit.database.DatabaseConfig[, _propertyMap={http://www.dbunit.org/properties/statementFactory=org.dbunit.database.statement.PreparedStatementFactory@626bc2b8, http://www.dbunit.org/features/caseSensitiveTableNames=false, http://www.dbunit.org/properties/fetchSize=100, http://www.dbunit.org/features/batchedStatements=false, http://www.dbunit.org/properties/metadataHandler=org.dbunit.database.DefaultMetadataHandler@3eeace42, http://www.dbunit.org/properties/datatypeFactory=org.dbunit.dataset.datatype.DefaultDataTypeFactory[_toleratedDeltaMap=org.dbunit.dataset.datatype.ToleratedDeltaMap@6452310a], http://www.dbunit.org/properties/escapePattern=null, http://www.dbunit.org/properties/batchSize=100, http://www.dbunit.org/features/qualifiedTableNames=false, http://www.dbunit.org/properties/tableType=[Ljava.lang.String;@5011bafa, http://www.dbunit.org/properties/resultSetTableFactory=org.dbunit.database.CachedResultSetTableFactory@10bcf083, http://www.dbunit.org/features/datatypeWarning=true}]) - start
194181 [main] TRACE org.dbunit.database.DatabaseConfig  - getFeature(name=http://www.dbunit.org/features/qualifiedTableNames) - start
194181 [main] TRACE org.dbunit.database.DatabaseConfig  - getProperty(name=http://www.dbunit.org/features/qualifiedTableNames) - start
194181 [main] DEBUG org.dbunit.util.QualifiedTableName  - Qualified table names feature is disabled. Returning plain table name
194181 [main] DEBUG org.dbunit.util.QualifiedTableName  - getQualifiedName(prefix=null, name=SCOPE, escapePattern=null) - start
194181 [main] DEBUG org.dbunit.database.search.AbstractMetaDataBasedSearchCallback  - newEdge(rs=org.apache.commons.dbcp.DelegatingResultSet@4d2a0e22, type=0, from=SCOPE_REQUESTCONTEXT, to=SCOPE, fkColumn=SCOPE_ID, pkColumn=ID) - start
194181 [main] DEBUG org.dbunit.database.search.AbstractMetaDataBasedSearchCallback  - createFKEdge(rs=org.apache.commons.dbcp.DelegatingResultSet@4d2a0e22, type=0, from=SCOPE_REQUESTCONTEXT, to=SCOPE, fkColumn=SCOPE_ID, pkColumn=ID) - start
194182 [main] DEBUG org.dbunit.database.search.AbstractMetaDataBasedSearchCallback  - Adding edge SCOPE_REQUESTCONTEXT(SCOPE_ID)->SCOPE(ID)
194182 [main] DEBUG org.dbunit.util.search.Edge  - compareTo(o=SCOPE_REQUESTCONTEXT(REQUEST_CONTEXT_ID)->REQUESTCONTEXT(ID)) - start
194182 [main] DEBUG org.dbunit.util.SQLHelper  - close(resultSet=org.apache.commons.dbcp.DelegatingResultSet@4d2a0e22) - start
194182 [main] DEBUG org.dbunit.util.search.DepthFirstSearch  - search:SCOPE_REQUESTCONTEXT
194182 [main] DEBUG org.dbunit.database.search.ImportedKeysSearchCallback  - searchNode(node=SCOPE_REQUESTCONTEXT) - start
194182 [main] DEBUG org.dbunit.util.search.DepthFirstSearch  - Pushing SCOPE_REQUESTCONTEXT
194182 [main] DEBUG org.dbunit.database.search.ImportedKeysSearchCallback  - getEdges(node=SCOPE_REQUESTCONTEXT) - start
194182 [main] DEBUG org.dbunit.database.search.AbstractMetaDataBasedSearchCallback  - getNodesFromImportedKeys(node=SCOPE_REQUESTCONTEXT) - start
194182 [main] DEBUG org.dbunit.database.search.AbstractMetaDataBasedSearchCallback  - getNodes(type=0, node=SCOPE_REQUESTCONTEXT) - start
194182 [main] DEBUG org.dbunit.database.DatabaseDataSourceConnection  - getConnection() - start
194182 [main] DEBUG org.dbunit.database.search.AbstractMetaDataBasedSearchCallback  - getNodes(type=0, node=SCOPE_REQUESTCONTEXT, conn=Transaction-aware proxy for target Connection [jdbc:hsqldb:mem:kontrollDS, UserName=sw, HSQL Database Engine Driver], schema=null, metaData=org.apache.commons.dbcp.DelegatingDatabaseMetaData@40601c2, edges=[]) - start
194182 [main] DEBUG org.dbunit.database.search.AbstractMetaDataBasedSearchCallback  - Getting edges for node SCOPE_REQUESTCONTEXT
194182 [main] TRACE org.dbunit.database.DatabaseConfig  - getProperty(name=http://www.dbunit.org/properties/metadataHandler) - start
194182 [main] TRACE org.dbunit.database.DefaultMetadataHandler  - tableExists(metaData=org.apache.commons.dbcp.DelegatingDatabaseMetaData@40601c2, schemaName=null, tableName=SCOPE_REQUESTCONTEXT) - start
194183 [main] DEBUG org.dbunit.util.SQLHelper  - close(resultSet=org.apache.commons.dbcp.DelegatingResultSet@3ec117bf) - start
194183 [main] DEBUG org.dbunit.util.QualifiedTableName  - getQualifiedNameIfEnabled(config=org.dbunit.database.DatabaseConfig[, _propertyMap={http://www.dbunit.org/properties/statementFactory=org.dbunit.database.statement.PreparedStatementFactory@626bc2b8, http://www.dbunit.org/features/caseSensitiveTableNames=false, http://www.dbunit.org/properties/fetchSize=100, http://www.dbunit.org/features/batchedStatements=false, http://www.dbunit.org/properties/metadataHandler=org.dbunit.database.DefaultMetadataHandler@3eeace42, http://www.dbunit.org/properties/datatypeFactory=org.dbunit.dataset.datatype.DefaultDataTypeFactory[_toleratedDeltaMap=org.dbunit.dataset.datatype.ToleratedDeltaMap@6452310a], http://www.dbunit.org/properties/escapePattern=null, http://www.dbunit.org/properties/batchSize=100, http://www.dbunit.org/features/qualifiedTableNames=false, http://www.dbunit.org/properties/tableType=[Ljava.lang.String;@5011bafa, http://www.dbunit.org/properties/resultSetTableFactory=org.dbunit.database.CachedResultSetTableFactory@10bcf083, http://www.dbunit.org/features/datatypeWarning=true}]) - start
194183 [main] TRACE org.dbunit.database.DatabaseConfig  - getFeature(name=http://www.dbunit.org/features/qualifiedTableNames) - start
194183 [main] TRACE org.dbunit.database.DatabaseConfig  - getProperty(name=http://www.dbunit.org/features/qualifiedTableNames) - start
194183 [main] DEBUG org.dbunit.util.QualifiedTableName  - Qualified table names feature is disabled. Returning plain table name
194183 [main] DEBUG org.dbunit.util.QualifiedTableName  - getQualifiedName(prefix=null, name=SCOPE_REQUESTCONTEXT, escapePattern=null) - start
194184 [main] DEBUG org.dbunit.util.QualifiedTableName  - getQualifiedNameIfEnabled(config=org.dbunit.database.DatabaseConfig[, _propertyMap={http://www.dbunit.org/properties/statementFactory=org.dbunit.database.statement.PreparedStatementFactory@626bc2b8, http://www.dbunit.org/features/caseSensitiveTableNames=false, http://www.dbunit.org/properties/fetchSize=100, http://www.dbunit.org/features/batchedStatements=false, http://www.dbunit.org/properties/metadataHandler=org.dbunit.database.DefaultMetadataHandler@3eeace42, http://www.dbunit.org/properties/datatypeFactory=org.dbunit.dataset.datatype.DefaultDataTypeFactory[_toleratedDeltaMap=org.dbunit.dataset.datatype.ToleratedDeltaMap@6452310a], http://www.dbunit.org/properties/escapePattern=null, http://www.dbunit.org/properties/batchSize=100, http://www.dbunit.org/features/qualifiedTableNames=false, http://www.dbunit.org/properties/tableType=[Ljava.lang.String;@5011bafa, http://www.dbunit.org/properties/resultSetTableFactory=org.dbunit.database.CachedResultSetTableFactory@10bcf083, http://www.dbunit.org/features/datatypeWarning=true}]) - start
194184 [main] TRACE org.dbunit.database.DatabaseConfig  - getFeature(name=http://www.dbunit.org/features/qualifiedTableNames) - start
194184 [main] TRACE org.dbunit.database.DatabaseConfig  - getProperty(name=http://www.dbunit.org/features/qualifiedTableNames) - start
194184 [main] DEBUG org.dbunit.util.QualifiedTableName  - Qualified table names feature is disabled. Returning plain table name
194184 [main] DEBUG org.dbunit.util.QualifiedTableName  - getQualifiedName(prefix=null, name=REQUESTCONTEXT, escapePattern=null) - start
194184 [main] DEBUG org.dbunit.database.search.AbstractMetaDataBasedSearchCallback  - newEdge(rs=org.apache.commons.dbcp.DelegatingResultSet@2513cb80, type=0, from=SCOPE_REQUESTCONTEXT, to=REQUESTCONTEXT, fkColumn=REQUEST_CONTEXT_ID, pkColumn=ID) - start
194184 [main] DEBUG org.dbunit.database.search.AbstractMetaDataBasedSearchCallback  - createFKEdge(rs=org.apache.commons.dbcp.DelegatingResultSet@2513cb80, type=0, from=SCOPE_REQUESTCONTEXT, to=REQUESTCONTEXT, fkColumn=REQUEST_CONTEXT_ID, pkColumn=ID) - start
194184 [main] DEBUG org.dbunit.database.search.AbstractMetaDataBasedSearchCallback  - Adding edge SCOPE_REQUESTCONTEXT(REQUEST_CONTEXT_ID)->REQUESTCONTEXT(ID)
194184 [main] DEBUG org.dbunit.util.search.Edge  - compareTo(o=SCOPE_REQUESTCONTEXT(REQUEST_CONTEXT_ID)->REQUESTCONTEXT(ID)) - start
194184 [main] DEBUG org.dbunit.util.QualifiedTableName  - getQualifiedNameIfEnabled(config=org.dbunit.database.DatabaseConfig[, _propertyMap={http://www.dbunit.org/properties/statementFactory=org.dbunit.database.statement.PreparedStatementFactory@626bc2b8, http://www.dbunit.org/features/caseSensitiveTableNames=false, http://www.dbunit.org/properties/fetchSize=100, http://www.dbunit.org/features/batchedStatements=false, http://www.dbunit.org/properties/metadataHandler=org.dbunit.database.DefaultMetadataHandler@3eeace42, http://www.dbunit.org/properties/datatypeFactory=org.dbunit.dataset.datatype.DefaultDataTypeFactory[_toleratedDeltaMap=org.dbunit.dataset.datatype.ToleratedDeltaMap@6452310a], http://www.dbunit.org/properties/escapePattern=null, http://www.dbunit.org/properties/batchSize=100, http://www.dbunit.org/features/qualifiedTableNames=false, http://www.dbunit.org/properties/tableType=[Ljava.lang.String;@5011bafa, http://www.dbunit.org/properties/resultSetTableFactory=org.dbunit.database.CachedResultSetTableFactory@10bcf083, http://www.dbunit.org/features/datatypeWarning=true}]) - start
194184 [main] TRACE org.dbunit.database.DatabaseConfig  - getFeature(name=http://www.dbunit.org/features/qualifiedTableNames) - start
194184 [main] TRACE org.dbunit.database.DatabaseConfig  - getProperty(name=http://www.dbunit.org/features/qualifiedTableNames) - start
194184 [main] DEBUG org.dbunit.util.QualifiedTableName  - Qualified table names feature is disabled. Returning plain table name
194184 [main] DEBUG org.dbunit.util.QualifiedTableName  - getQualifiedName(prefix=null, name=SCOPE_REQUESTCONTEXT, escapePattern=null) - start
194184 [main] DEBUG org.dbunit.util.QualifiedTableName  - getQualifiedNameIfEnabled(config=org.dbunit.database.DatabaseConfig[, _propertyMap={http://www.dbunit.org/properties/statementFactory=org.dbunit.database.statement.PreparedStatementFactory@626bc2b8, http://www.dbunit.org/features/caseSensitiveTableNames=false, http://www.dbunit.org/properties/fetchSize=100, http://www.dbunit.org/features/batchedStatements=false, http://www.dbunit.org/properties/metadataHandler=org.dbunit.database.DefaultMetadataHandler@3eeace42, http://www.dbunit.org/properties/datatypeFactory=org.dbunit.dataset.datatype.DefaultDataTypeFactory[_toleratedDeltaMap=org.dbunit.dataset.datatype.ToleratedDeltaMap@6452310a], http://www.dbunit.org/properties/escapePattern=null, http://www.dbunit.org/properties/batchSize=100, http://www.dbunit.org/features/qualifiedTableNames=false, http://www.dbunit.org/properties/tableType=[Ljava.lang.String;@5011bafa, http://www.dbunit.org/properties/resultSetTableFactory=org.dbunit.database.CachedResultSetTableFactory@10bcf083, http://www.dbunit.org/features/datatypeWarning=true}]) - start
194184 [main] TRACE org.dbunit.database.DatabaseConfig  - getFeature(name=http://www.dbunit.org/features/qualifiedTableNames) - start
194184 [main] TRACE org.dbunit.database.DatabaseConfig  - getProperty(name=http://www.dbunit.org/features/qualifiedTableNames) - start
194184 [main] DEBUG org.dbunit.util.QualifiedTableName  - Qualified table names feature is disabled. Returning plain table name
194184 [main] DEBUG org.dbunit.util.QualifiedTableName  - getQualifiedName(prefix=null, name=SCOPE, escapePattern=null) - start
194184 [main] DEBUG org.dbunit.database.search.AbstractMetaDataBasedSearchCallback  - newEdge(rs=org.apache.commons.dbcp.DelegatingResultSet@2513cb80, type=0, from=SCOPE_REQUESTCONTEXT, to=SCOPE, fkColumn=SCOPE_ID, pkColumn=ID) - start
194184 [main] DEBUG org.dbunit.database.search.AbstractMetaDataBasedSearchCallback  - createFKEdge(rs=org.apache.commons.dbcp.DelegatingResultSet@2513cb80, type=0, from=SCOPE_REQUESTCONTEXT, to=SCOPE, fkColumn=SCOPE_ID, pkColumn=ID) - start
194184 [main] DEBUG org.dbunit.database.search.AbstractMetaDataBasedSearchCallback  - Adding edge SCOPE_REQUESTCONTEXT(SCOPE_ID)->SCOPE(ID)
194184 [main] DEBUG org.dbunit.util.search.Edge  - compareTo(o=SCOPE_REQUESTCONTEXT(REQUEST_CONTEXT_ID)->REQUESTCONTEXT(ID)) - start
194184 [main] DEBUG org.dbunit.util.SQLHelper  - close(resultSet=org.apache.commons.dbcp.DelegatingResultSet@2513cb80) - start
194184 [main] DEBUG org.dbunit.util.search.DepthFirstSearch  - search:REQUESTCONTEXT
194184 [main] DEBUG org.dbunit.database.search.ImportedKeysSearchCallback  - searchNode(node=REQUESTCONTEXT) - start
194184 [main] DEBUG org.dbunit.util.search.DepthFirstSearch  - Pushing REQUESTCONTEXT
194184 [main] DEBUG org.dbunit.database.search.ImportedKeysSearchCallback  - getEdges(node=REQUESTCONTEXT) - start
194184 [main] DEBUG org.dbunit.database.search.AbstractMetaDataBasedSearchCallback  - getNodesFromImportedKeys(node=REQUESTCONTEXT) - start
194185 [main] DEBUG org.dbunit.database.search.AbstractMetaDataBasedSearchCallback  - getNodes(type=0, node=REQUESTCONTEXT) - start
194185 [main] DEBUG org.dbunit.database.DatabaseDataSourceConnection  - getConnection() - start
194185 [main] DEBUG org.dbunit.database.search.AbstractMetaDataBasedSearchCallback  - getNodes(type=0, node=REQUESTCONTEXT, conn=Transaction-aware proxy for target Connection [jdbc:hsqldb:mem:kontrollDS, UserName=sw, HSQL Database Engine Driver], schema=null, metaData=org.apache.commons.dbcp.DelegatingDatabaseMetaData@36955384, edges=[]) - start
194185 [main] DEBUG org.dbunit.database.search.AbstractMetaDataBasedSearchCallback  - Getting edges for node REQUESTCONTEXT
194185 [main] TRACE org.dbunit.database.DatabaseConfig  - getProperty(name=http://www.dbunit.org/properties/metadataHandler) - start
194185 [main] TRACE org.dbunit.database.DefaultMetadataHandler  - tableExists(metaData=org.apache.commons.dbcp.DelegatingDatabaseMetaData@36955384, schemaName=null, tableName=REQUESTCONTEXT) - start
194186 [main] DEBUG org.dbunit.util.SQLHelper  - close(resultSet=org.apache.commons.dbcp.DelegatingResultSet@4f058c7e) - start
194186 [main] DEBUG org.dbunit.util.SQLHelper  - close(resultSet=org.apache.commons.dbcp.DelegatingResultSet@1c6c1d8) - start
194186 [main] DEBUG org.dbunit.util.search.DepthFirstSearch  - Adding node REQUESTCONTEXT to the final result
194187 [main] DEBUG org.dbunit.util.search.DepthFirstSearch  - search:SCOPE
194187 [main] DEBUG org.dbunit.database.search.ImportedKeysSearchCallback  - searchNode(node=SCOPE) - start
194187 [main] DEBUG org.dbunit.util.search.DepthFirstSearch  - Pushing SCOPE
194187 [main] DEBUG org.dbunit.util.search.DepthFirstSearch  - Adding node SCOPE to the final result
194187 [main] DEBUG org.dbunit.util.search.DepthFirstSearch  - Adding node SCOPE_REQUESTCONTEXT to the final result
194187 [main] DEBUG org.dbunit.util.search.DepthFirstSearch  - reverseSearch:REQUESTCONTEXT
194187 [main] DEBUG org.dbunit.database.search.ImportedKeysSearchCallback  - searchNode(node=REQUESTCONTEXT) - start
194187 [main] DEBUG org.dbunit.util.search.DepthFirstSearch  - Pushing (reverse) REQUESTCONTEXT
194187 [main] DEBUG org.dbunit.database.search.ImportedKeysSearchCallback  - getEdges(node=REQUESTCONTEXT) - start
194187 [main] DEBUG org.dbunit.database.search.AbstractMetaDataBasedSearchCallback  - getNodesFromImportedKeys(node=REQUESTCONTEXT) - start
194187 [main] DEBUG org.dbunit.database.search.AbstractMetaDataBasedSearchCallback  - getNodes(type=0, node=REQUESTCONTEXT) - start
194187 [main] DEBUG org.dbunit.database.DatabaseDataSourceConnection  - getConnection() - start
194187 [main] DEBUG org.dbunit.database.search.AbstractMetaDataBasedSearchCallback  - getNodes(type=0, node=REQUESTCONTEXT, conn=Transaction-aware proxy for target Connection [jdbc:hsqldb:mem:kontrollDS, UserName=sw, HSQL Database Engine Driver], schema=null, metaData=org.apache.commons.dbcp.DelegatingDatabaseMetaData@1fe04cd1, edges=[]) - start
194187 [main] DEBUG org.dbunit.database.search.AbstractMetaDataBasedSearchCallback  - Getting edges for node REQUESTCONTEXT
194187 [main] TRACE org.dbunit.database.DatabaseConfig  - getProperty(name=http://www.dbunit.org/properties/metadataHandler) - start
194187 [main] TRACE org.dbunit.database.DefaultMetadataHandler  - tableExists(metaData=org.apache.commons.dbcp.DelegatingDatabaseMetaData@1fe04cd1, schemaName=null, tableName=REQUESTCONTEXT) - start
194188 [main] DEBUG org.dbunit.util.SQLHelper  - close(resultSet=org.apache.commons.dbcp.DelegatingResultSet@1e770e09) - start
194188 [main] DEBUG org.dbunit.util.SQLHelper  - close(resultSet=org.apache.commons.dbcp.DelegatingResultSet@76ca1f4c) - start
194188 [main] DEBUG org.dbunit.util.search.DepthFirstSearch  - reverseSearch:SCOPE_REQUESTCONTEXT
194188 [main] DEBUG org.dbunit.util.search.DepthFirstSearch  - already searched; returning true
194188 [main] DEBUG org.dbunit.util.search.DepthFirstSearch  - reverseSearch:SCOPE
194188 [main] DEBUG org.dbunit.database.search.ImportedKeysSearchCallback  - searchNode(node=SCOPE) - start
194188 [main] DEBUG org.dbunit.util.search.DepthFirstSearch  - Pushing (reverse) SCOPE
194188 [main] DEBUG org.dbunit.database.search.ImportedKeysSearchCallback  - getEdges(node=SCOPE) - start
194188 [main] DEBUG org.dbunit.database.search.AbstractMetaDataBasedSearchCallback  - getNodesFromImportedKeys(node=SCOPE) - start
194188 [main] DEBUG org.dbunit.database.search.AbstractMetaDataBasedSearchCallback  - getNodes(type=0, node=SCOPE) - start
194188 [main] DEBUG org.dbunit.database.DatabaseDataSourceConnection  - getConnection() - start
194188 [main] DEBUG org.dbunit.database.search.AbstractMetaDataBasedSearchCallback  - getNodes(type=0, node=SCOPE, conn=Transaction-aware proxy for target Connection [jdbc:hsqldb:mem:kontrollDS, UserName=sw, HSQL Database Engine Driver], schema=null, metaData=org.apache.commons.dbcp.DelegatingDatabaseMetaData@4fccf381, edges=[]) - start
194188 [main] DEBUG org.dbunit.database.search.AbstractMetaDataBasedSearchCallback  - Getting edges for node SCOPE
194189 [main] TRACE org.dbunit.database.DatabaseConfig  - getProperty(name=http://www.dbunit.org/properties/metadataHandler) - start
194189 [main] TRACE org.dbunit.database.DefaultMetadataHandler  - tableExists(metaData=org.apache.commons.dbcp.DelegatingDatabaseMetaData@4fccf381, schemaName=null, tableName=SCOPE) - start
194190 [main] DEBUG org.dbunit.util.SQLHelper  - close(resultSet=org.apache.commons.dbcp.DelegatingResultSet@3771a447) - start
194190 [main] DEBUG org.dbunit.util.SQLHelper  - close(resultSet=org.apache.commons.dbcp.DelegatingResultSet@3bd8bce6) - start
194190 [main] DEBUG org.dbunit.util.search.DepthFirstSearch  - search:SCOPE_REQUESTCONTEXT
194190 [main] DEBUG org.dbunit.util.search.DepthFirstSearch  - already searched; returning true
194190 [main] DEBUG org.dbunit.util.search.DepthFirstSearch  - search:REQUESTCONTEXT
194190 [main] DEBUG org.dbunit.util.search.DepthFirstSearch  - already searched; returning true
194190 [main] DEBUG org.dbunit.util.search.DepthFirstSearch  - search:SCOPE
194190 [main] DEBUG org.dbunit.util.search.DepthFirstSearch  - already searched; returning true
194190 [main] DEBUG org.dbunit.database.DatabaseSequenceFilter  - getDependencyInfo(connection=_databaseConfig=org.dbunit.database.DatabaseConfig[, _propertyMap={http://www.dbunit.org/properties/statementFactory=org.dbunit.database.statement.PreparedStatementFactory@626bc2b8, http://www.dbunit.org/features/caseSensitiveTableNames=false, http://www.dbunit.org/properties/fetchSize=100, http://www.dbunit.org/features/batchedStatements=false, http://www.dbunit.org/properties/metadataHandler=org.dbunit.database.DefaultMetadataHandler@3eeace42, http://www.dbunit.org/properties/datatypeFactory=org.dbunit.dataset.datatype.DefaultDataTypeFactory[_toleratedDeltaMap=org.dbunit.dataset.datatype.ToleratedDeltaMap@6452310a], http://www.dbunit.org/properties/escapePattern=null, http://www.dbunit.org/properties/batchSize=100, http://www.dbunit.org/features/qualifiedTableNames=false, http://www.dbunit.org/properties/tableType=[Ljava.lang.String;@5011bafa, http://www.dbunit.org/properties/resultSetTableFactory=org.dbunit.database.CachedResultSetTableFactory@10bcf083, http://www.dbunit.org/features/datatypeWarning=true}], _dataSet=AbstractDataSet[_orderedTableNameMap=null], tableName=USER) - start
194190 [main] DEBUG org.dbunit.database.search.TablesDependencyHelper  - getDependentTables(connection=_databaseConfig=org.dbunit.database.DatabaseConfig[, _propertyMap={http://www.dbunit.org/properties/statementFactory=org.dbunit.database.statement.PreparedStatementFactory@626bc2b8, http://www.dbunit.org/features/caseSensitiveTableNames=false, http://www.dbunit.org/properties/fetchSize=100, http://www.dbunit.org/features/batchedStatements=false, http://www.dbunit.org/properties/metadataHandler=org.dbunit.database.DefaultMetadataHandler@3eeace42, http://www.dbunit.org/properties/datatypeFactory=org.dbunit.dataset.datatype.DefaultDataTypeFactory[_toleratedDeltaMap=org.dbunit.dataset.datatype.ToleratedDeltaMap@6452310a], http://www.dbunit.org/properties/escapePattern=null, http://www.dbunit.org/properties/batchSize=100, http://www.dbunit.org/features/qualifiedTableNames=false, http://www.dbunit.org/properties/tableType=[Ljava.lang.String;@5011bafa, http://www.dbunit.org/properties/resultSetTableFactory=org.dbunit.database.CachedResultSetTableFactory@10bcf083, http://www.dbunit.org/features/datatypeWarning=true}], _dataSet=AbstractDataSet[_orderedTableNameMap=null], rootTable=USER) - start
194190 [main] DEBUG org.dbunit.database.search.TablesDependencyHelper  - getDependentTables(connection=_databaseConfig=org.dbunit.database.DatabaseConfig[, _propertyMap={http://www.dbunit.org/properties/statementFactory=org.dbunit.database.statement.PreparedStatementFactory@626bc2b8, http://www.dbunit.org/features/caseSensitiveTableNames=false, http://www.dbunit.org/properties/fetchSize=100, http://www.dbunit.org/features/batchedStatements=false, http://www.dbunit.org/properties/metadataHandler=org.dbunit.database.DefaultMetadataHandler@3eeace42, http://www.dbunit.org/properties/datatypeFactory=org.dbunit.dataset.datatype.DefaultDataTypeFactory[_toleratedDeltaMap=org.dbunit.dataset.datatype.ToleratedDeltaMap@6452310a], http://www.dbunit.org/properties/escapePattern=null, http://www.dbunit.org/properties/batchSize=100, http://www.dbunit.org/features/qualifiedTableNames=false, http://www.dbunit.org/properties/tableType=[Ljava.lang.String;@5011bafa, http://www.dbunit.org/properties/resultSetTableFactory=org.dbunit.database.CachedResultSetTableFactory@10bcf083, http://www.dbunit.org/features/datatypeWarning=true}], _dataSet=AbstractDataSet[_orderedTableNameMap=null], rootTables=[USER]) - start
194190 [main] DEBUG org.dbunit.util.search.DepthFirstSearch  - search(nodesFrom=[USER], callback=org.dbunit.database.search.ImportedKeysSearchCallback@41f9320d) - start
194190 [main] DEBUG org.dbunit.util.CollectionsHelper  - objectsToSet(objects=USER) - start
194190 [main] DEBUG org.dbunit.util.search.DepthFirstSearch  - search(nodesFrom=[USER], callback=org.dbunit.database.search.ImportedKeysSearchCallback@41f9320d) - start
194190 [main] DEBUG org.dbunit.util.search.DepthFirstSearch  - reverseSearch:USER
194190 [main] DEBUG org.dbunit.database.search.ImportedKeysSearchCallback  - searchNode(node=USER) - start
194190 [main] DEBUG org.dbunit.util.search.DepthFirstSearch  - Pushing (reverse) USER
194190 [main] DEBUG org.dbunit.database.search.ImportedKeysSearchCallback  - getEdges(node=USER) - start
194190 [main] DEBUG org.dbunit.database.search.AbstractMetaDataBasedSearchCallback  - getNodesFromImportedKeys(node=USER) - start
194191 [main] DEBUG org.dbunit.database.search.AbstractMetaDataBasedSearchCallback  - getNodes(type=0, node=USER) - start
194191 [main] DEBUG org.dbunit.database.DatabaseDataSourceConnection  - getConnection() - start
194191 [main] DEBUG org.dbunit.database.search.AbstractMetaDataBasedSearchCallback  - getNodes(type=0, node=USER, conn=Transaction-aware proxy for target Connection [jdbc:hsqldb:mem:kontrollDS, UserName=sw, HSQL Database Engine Driver], schema=null, metaData=org.apache.commons.dbcp.DelegatingDatabaseMetaData@4f451551, edges=[]) - start
194191 [main] DEBUG org.dbunit.database.search.AbstractMetaDataBasedSearchCallback  - Getting edges for node USER
194191 [main] TRACE org.dbunit.database.DatabaseConfig  - getProperty(name=http://www.dbunit.org/properties/metadataHandler) - start
194191 [main] TRACE org.dbunit.database.DefaultMetadataHandler  - tableExists(metaData=org.apache.commons.dbcp.DelegatingDatabaseMetaData@4f451551, schemaName=null, tableName=USER) - start
194192 [main] DEBUG org.dbunit.util.SQLHelper  - close(resultSet=org.apache.commons.dbcp.DelegatingResultSet@3300b9eb) - start
194192 [main] DEBUG org.dbunit.util.SQLHelper  - close(resultSet=org.apache.commons.dbcp.DelegatingResultSet@4ef5b82b) - start
194192 [main] DEBUG org.dbunit.util.search.DepthFirstSearch  - search:USER
194192 [main] DEBUG org.dbunit.database.search.ImportedKeysSearchCallback  - searchNode(node=USER) - start
194192 [main] DEBUG org.dbunit.util.search.DepthFirstSearch  - Pushing USER
194192 [main] DEBUG org.dbunit.database.search.ImportedKeysSearchCallback  - getEdges(node=USER) - start
194192 [main] DEBUG org.dbunit.database.search.AbstractMetaDataBasedSearchCallback  - getNodesFromImportedKeys(node=USER) - start
194192 [main] DEBUG org.dbunit.database.search.AbstractMetaDataBasedSearchCallback  - getNodes(type=0, node=USER) - start
194192 [main] DEBUG org.dbunit.database.DatabaseDataSourceConnection  - getConnection() - start
194192 [main] DEBUG org.dbunit.database.search.AbstractMetaDataBasedSearchCallback  - getNodes(type=0, node=USER, conn=Transaction-aware proxy for target Connection [jdbc:hsqldb:mem:kontrollDS, UserName=sw, HSQL Database Engine Driver], schema=null, metaData=org.apache.commons.dbcp.DelegatingDatabaseMetaData@660e378c, edges=[]) - start
194192 [main] DEBUG org.dbunit.database.search.AbstractMetaDataBasedSearchCallback  - Getting edges for node USER
194192 [main] TRACE org.dbunit.database.DatabaseConfig  - getProperty(name=http://www.dbunit.org/properties/metadataHandler) - start
194192 [main] TRACE org.dbunit.database.DefaultMetadataHandler  - tableExists(metaData=org.apache.commons.dbcp.DelegatingDatabaseMetaData@660e378c, schemaName=null, tableName=USER) - start
194193 [main] DEBUG org.dbunit.util.SQLHelper  - close(resultSet=org.apache.commons.dbcp.DelegatingResultSet@86c9881) - start
194193 [main] DEBUG org.dbunit.util.SQLHelper  - close(resultSet=org.apache.commons.dbcp.DelegatingResultSet@15ba77f1) - start
194193 [main] DEBUG org.dbunit.util.search.DepthFirstSearch  - Adding node USER to the final result
194194 [main] DEBUG org.dbunit.util.CollectionsHelper  - setToStrings(set=[USER]) - start
194194 [main] DEBUG org.dbunit.database.search.TablesDependencyHelper  - getDependsOnTables(connection=_databaseConfig=org.dbunit.database.DatabaseConfig[, _propertyMap={http://www.dbunit.org/properties/statementFactory=org.dbunit.database.statement.PreparedStatementFactory@626bc2b8, http://www.dbunit.org/features/caseSensitiveTableNames=false, http://www.dbunit.org/properties/fetchSize=100, http://www.dbunit.org/features/batchedStatements=false, http://www.dbunit.org/properties/metadataHandler=org.dbunit.database.DefaultMetadataHandler@3eeace42, http://www.dbunit.org/properties/datatypeFactory=org.dbunit.dataset.datatype.DefaultDataTypeFactory[_toleratedDeltaMap=org.dbunit.dataset.datatype.ToleratedDeltaMap@6452310a], http://www.dbunit.org/properties/escapePattern=null, http://www.dbunit.org/properties/batchSize=100, http://www.dbunit.org/features/qualifiedTableNames=false, http://www.dbunit.org/properties/tableType=[Ljava.lang.String;@5011bafa, http://www.dbunit.org/properties/resultSetTableFactory=org.dbunit.database.CachedResultSetTableFactory@10bcf083, http://www.dbunit.org/features/datatypeWarning=true}], _dataSet=AbstractDataSet[_orderedTableNameMap=null], rootTable=USER) - start
194194 [main] DEBUG org.dbunit.util.search.DepthFirstSearch  - search(nodesFrom=[USER], callback=org.dbunit.database.search.ExportedKeysSearchCallback@a0930a1) - start
194194 [main] DEBUG org.dbunit.util.CollectionsHelper  - objectsToSet(objects=USER) - start
194194 [main] DEBUG org.dbunit.util.search.DepthFirstSearch  - search(nodesFrom=[USER], callback=org.dbunit.database.search.ExportedKeysSearchCallback@a0930a1) - start
194194 [main] DEBUG org.dbunit.util.search.DepthFirstSearch  - reverseSearch:USER
194194 [main] DEBUG org.dbunit.database.search.ExportedKeysSearchCallback  - searchNode(node=USER) - start
194194 [main] DEBUG org.dbunit.util.search.DepthFirstSearch  - Pushing (reverse) USER
194194 [main] DEBUG org.dbunit.database.search.ExportedKeysSearchCallback  - getEdges(node=USER) - start
194194 [main] DEBUG org.dbunit.database.search.AbstractMetaDataBasedSearchCallback  - getNodesFromExportedKeys(node=USER) - start
194194 [main] DEBUG org.dbunit.database.search.AbstractMetaDataBasedSearchCallback  - getNodes(type=1, node=USER) - start
194194 [main] DEBUG org.dbunit.database.DatabaseDataSourceConnection  - getConnection() - start
194194 [main] DEBUG org.dbunit.database.search.AbstractMetaDataBasedSearchCallback  - getNodes(type=1, node=USER, conn=Transaction-aware proxy for target Connection [jdbc:hsqldb:mem:kontrollDS, UserName=sw, HSQL Database Engine Driver], schema=null, metaData=org.apache.commons.dbcp.DelegatingDatabaseMetaData@61579f2c, edges=[]) - start
194194 [main] DEBUG org.dbunit.database.search.AbstractMetaDataBasedSearchCallback  - Getting edges for node USER
194194 [main] TRACE org.dbunit.database.DatabaseConfig  - getProperty(name=http://www.dbunit.org/properties/metadataHandler) - start
194194 [main] TRACE org.dbunit.database.DefaultMetadataHandler  - tableExists(metaData=org.apache.commons.dbcp.DelegatingDatabaseMetaData@61579f2c, schemaName=null, tableName=USER) - start
194195 [main] DEBUG org.dbunit.util.SQLHelper  - close(resultSet=org.apache.commons.dbcp.DelegatingResultSet@5922afa2) - start
194195 [main] DEBUG org.dbunit.util.QualifiedTableName  - getQualifiedNameIfEnabled(config=org.dbunit.database.DatabaseConfig[, _propertyMap={http://www.dbunit.org/properties/statementFactory=org.dbunit.database.statement.PreparedStatementFactory@626bc2b8, http://www.dbunit.org/features/caseSensitiveTableNames=false, http://www.dbunit.org/properties/fetchSize=100, http://www.dbunit.org/features/batchedStatements=false, http://www.dbunit.org/properties/metadataHandler=org.dbunit.database.DefaultMetadataHandler@3eeace42, http://www.dbunit.org/properties/datatypeFactory=org.dbunit.dataset.datatype.DefaultDataTypeFactory[_toleratedDeltaMap=org.dbunit.dataset.datatype.ToleratedDeltaMap@6452310a], http://www.dbunit.org/properties/escapePattern=null, http://www.dbunit.org/properties/batchSize=100, http://www.dbunit.org/features/qualifiedTableNames=false, http://www.dbunit.org/properties/tableType=[Ljava.lang.String;@5011bafa, http://www.dbunit.org/properties/resultSetTableFactory=org.dbunit.database.CachedResultSetTableFactory@10bcf083, http://www.dbunit.org/features/datatypeWarning=true}]) - start
194196 [main] TRACE org.dbunit.database.DatabaseConfig  - getFeature(name=http://www.dbunit.org/features/qualifiedTableNames) - start
194196 [main] TRACE org.dbunit.database.DatabaseConfig  - getProperty(name=http://www.dbunit.org/features/qualifiedTableNames) - start
194196 [main] DEBUG org.dbunit.util.QualifiedTableName  - Qualified table names feature is disabled. Returning plain table name
194196 [main] DEBUG org.dbunit.util.QualifiedTableName  - getQualifiedName(prefix=null, name=USER, escapePattern=null) - start
194196 [main] DEBUG org.dbunit.util.QualifiedTableName  - getQualifiedNameIfEnabled(config=org.dbunit.database.DatabaseConfig[, _propertyMap={http://www.dbunit.org/properties/statementFactory=org.dbunit.database.statement.PreparedStatementFactory@626bc2b8, http://www.dbunit.org/features/caseSensitiveTableNames=false, http://www.dbunit.org/properties/fetchSize=100, http://www.dbunit.org/features/batchedStatements=false, http://www.dbunit.org/properties/metadataHandler=org.dbunit.database.DefaultMetadataHandler@3eeace42, http://www.dbunit.org/properties/datatypeFactory=org.dbunit.dataset.datatype.DefaultDataTypeFactory[_toleratedDeltaMap=org.dbunit.dataset.datatype.ToleratedDeltaMap@6452310a], http://www.dbunit.org/properties/escapePattern=null, http://www.dbunit.org/properties/batchSize=100, http://www.dbunit.org/features/qualifiedTableNames=false, http://www.dbunit.org/properties/tableType=[Ljava.lang.String;@5011bafa, http://www.dbunit.org/properties/resultSetTableFactory=org.dbunit.database.CachedResultSetTableFactory@10bcf083, http://www.dbunit.org/features/datatypeWarning=true}]) - start
194196 [main] TRACE org.dbunit.database.DatabaseConfig  - getFeature(name=http://www.dbunit.org/features/qualifiedTableNames) - start
194196 [main] TRACE org.dbunit.database.DatabaseConfig  - getProperty(name=http://www.dbunit.org/features/qualifiedTableNames) - start
194196 [main] DEBUG org.dbunit.util.QualifiedTableName  - Qualified table names feature is disabled. Returning plain table name
194196 [main] DEBUG org.dbunit.util.QualifiedTableName  - getQualifiedName(prefix=null, name=USERS_AUTHORITIES, escapePattern=null) - start
194196 [main] DEBUG org.dbunit.database.search.AbstractMetaDataBasedSearchCallback  - newEdge(rs=org.apache.commons.dbcp.DelegatingResultSet@4297907f, type=1, from=USER, to=USERS_AUTHORITIES, fkColumn=USER_ID, pkColumn=ID) - start
194196 [main] DEBUG org.dbunit.database.search.AbstractMetaDataBasedSearchCallback  - createFKEdge(rs=org.apache.commons.dbcp.DelegatingResultSet@4297907f, type=1, from=USER, to=USERS_AUTHORITIES, fkColumn=USER_ID, pkColumn=ID) - start
194196 [main] DEBUG org.dbunit.database.search.AbstractMetaDataBasedSearchCallback  - Adding edge USERS_AUTHORITIES(USER_ID)->USER(ID)
194196 [main] DEBUG org.dbunit.util.search.Edge  - compareTo(o=USERS_AUTHORITIES(USER_ID)->USER(ID)) - start
194196 [main] DEBUG org.dbunit.util.SQLHelper  - close(resultSet=org.apache.commons.dbcp.DelegatingResultSet@4297907f) - start
194196 [main] DEBUG org.dbunit.util.search.DepthFirstSearch  - reverseSearch:USERS_AUTHORITIES
194196 [main] DEBUG org.dbunit.database.search.ExportedKeysSearchCallback  - searchNode(node=USERS_AUTHORITIES) - start
194196 [main] DEBUG org.dbunit.util.search.DepthFirstSearch  - Pushing (reverse) USERS_AUTHORITIES
194196 [main] DEBUG org.dbunit.database.search.ExportedKeysSearchCallback  - getEdges(node=USERS_AUTHORITIES) - start
194196 [main] DEBUG org.dbunit.database.search.AbstractMetaDataBasedSearchCallback  - getNodesFromExportedKeys(node=USERS_AUTHORITIES) - start
194196 [main] DEBUG org.dbunit.database.search.AbstractMetaDataBasedSearchCallback  - getNodes(type=1, node=USERS_AUTHORITIES) - start
194197 [main] DEBUG org.dbunit.database.DatabaseDataSourceConnection  - getConnection() - start
194197 [main] DEBUG org.dbunit.database.search.AbstractMetaDataBasedSearchCallback  - getNodes(type=1, node=USERS_AUTHORITIES, conn=Transaction-aware proxy for target Connection [jdbc:hsqldb:mem:kontrollDS, UserName=sw, HSQL Database Engine Driver], schema=null, metaData=org.apache.commons.dbcp.DelegatingDatabaseMetaData@6c8fa400, edges=[]) - start
194197 [main] DEBUG org.dbunit.database.search.AbstractMetaDataBasedSearchCallback  - Getting edges for node USERS_AUTHORITIES
194197 [main] TRACE org.dbunit.database.DatabaseConfig  - getProperty(name=http://www.dbunit.org/properties/metadataHandler) - start
194197 [main] TRACE org.dbunit.database.DefaultMetadataHandler  - tableExists(metaData=org.apache.commons.dbcp.DelegatingDatabaseMetaData@6c8fa400, schemaName=null, tableName=USERS_AUTHORITIES) - start
194198 [main] DEBUG org.dbunit.util.SQLHelper  - close(resultSet=org.apache.commons.dbcp.DelegatingResultSet@64a90aa3) - start
194198 [main] DEBUG org.dbunit.util.SQLHelper  - close(resultSet=org.apache.commons.dbcp.DelegatingResultSet@310b8bbf) - start
194199 [main] DEBUG org.dbunit.util.search.DepthFirstSearch  - search:USERS_AUTHORITIES
194199 [main] DEBUG org.dbunit.database.search.ExportedKeysSearchCallback  - searchNode(node=USERS_AUTHORITIES) - start
194199 [main] DEBUG org.dbunit.util.search.DepthFirstSearch  - Pushing USERS_AUTHORITIES
194199 [main] DEBUG org.dbunit.database.search.ExportedKeysSearchCallback  - getEdges(node=USERS_AUTHORITIES) - start
194199 [main] DEBUG org.dbunit.database.search.AbstractMetaDataBasedSearchCallback  - getNodesFromExportedKeys(node=USERS_AUTHORITIES) - start
194199 [main] DEBUG org.dbunit.database.search.AbstractMetaDataBasedSearchCallback  - getNodes(type=1, node=USERS_AUTHORITIES) - start
194199 [main] DEBUG org.dbunit.database.DatabaseDataSourceConnection  - getConnection() - start
194199 [main] DEBUG org.dbunit.database.search.AbstractMetaDataBasedSearchCallback  - getNodes(type=1, node=USERS_AUTHORITIES, conn=Transaction-aware proxy for target Connection [jdbc:hsqldb:mem:kontrollDS, UserName=sw, HSQL Database Engine Driver], schema=null, metaData=org.apache.commons.dbcp.DelegatingDatabaseMetaData@6d03c1c0, edges=[]) - start
194199 [main] DEBUG org.dbunit.database.search.AbstractMetaDataBasedSearchCallback  - Getting edges for node USERS_AUTHORITIES
194199 [main] TRACE org.dbunit.database.DatabaseConfig  - getProperty(name=http://www.dbunit.org/properties/metadataHandler) - start
194199 [main] TRACE org.dbunit.database.DefaultMetadataHandler  - tableExists(metaData=org.apache.commons.dbcp.DelegatingDatabaseMetaData@6d03c1c0, schemaName=null, tableName=USERS_AUTHORITIES) - start
194200 [main] DEBUG org.dbunit.util.SQLHelper  - close(resultSet=org.apache.commons.dbcp.DelegatingResultSet@7f45d272) - start
194200 [main] DEBUG org.dbunit.util.SQLHelper  - close(resultSet=org.apache.commons.dbcp.DelegatingResultSet@3e72aef7) - start
194200 [main] DEBUG org.dbunit.util.search.DepthFirstSearch  - Adding node USERS_AUTHORITIES to the final result
194200 [main] DEBUG org.dbunit.util.search.DepthFirstSearch  - search:USER
194200 [main] DEBUG org.dbunit.database.search.ExportedKeysSearchCallback  - searchNode(node=USER) - start
194200 [main] DEBUG org.dbunit.util.search.DepthFirstSearch  - Pushing USER
194200 [main] DEBUG org.dbunit.database.search.ExportedKeysSearchCallback  - getEdges(node=USER) - start
194200 [main] DEBUG org.dbunit.database.search.AbstractMetaDataBasedSearchCallback  - getNodesFromExportedKeys(node=USER) - start
194200 [main] DEBUG org.dbunit.database.search.AbstractMetaDataBasedSearchCallback  - getNodes(type=1, node=USER) - start
194200 [main] DEBUG org.dbunit.database.DatabaseDataSourceConnection  - getConnection() - start
194201 [main] DEBUG org.dbunit.database.search.AbstractMetaDataBasedSearchCallback  - getNodes(type=1, node=USER, conn=Transaction-aware proxy for target Connection [jdbc:hsqldb:mem:kontrollDS, UserName=sw, HSQL Database Engine Driver], schema=null, metaData=org.apache.commons.dbcp.DelegatingDatabaseMetaData@5b3cfa28, edges=[]) - start
194201 [main] DEBUG org.dbunit.database.search.AbstractMetaDataBasedSearchCallback  - Getting edges for node USER
194201 [main] TRACE org.dbunit.database.DatabaseConfig  - getProperty(name=http://www.dbunit.org/properties/metadataHandler) - start
194201 [main] TRACE org.dbunit.database.DefaultMetadataHandler  - tableExists(metaData=org.apache.commons.dbcp.DelegatingDatabaseMetaData@5b3cfa28, schemaName=null, tableName=USER) - start
194202 [main] DEBUG org.dbunit.util.SQLHelper  - close(resultSet=org.apache.commons.dbcp.DelegatingResultSet@5e84e2e2) - start
194202 [main] DEBUG org.dbunit.util.QualifiedTableName  - getQualifiedNameIfEnabled(config=org.dbunit.database.DatabaseConfig[, _propertyMap={http://www.dbunit.org/properties/statementFactory=org.dbunit.database.statement.PreparedStatementFactory@626bc2b8, http://www.dbunit.org/features/caseSensitiveTableNames=false, http://www.dbunit.org/properties/fetchSize=100, http://www.dbunit.org/features/batchedStatements=false, http://www.dbunit.org/properties/metadataHandler=org.dbunit.database.DefaultMetadataHandler@3eeace42, http://www.dbunit.org/properties/datatypeFactory=org.dbunit.dataset.datatype.DefaultDataTypeFactory[_toleratedDeltaMap=org.dbunit.dataset.datatype.ToleratedDeltaMap@6452310a], http://www.dbunit.org/properties/escapePattern=null, http://www.dbunit.org/properties/batchSize=100, http://www.dbunit.org/features/qualifiedTableNames=false, http://www.dbunit.org/properties/tableType=[Ljava.lang.String;@5011bafa, http://www.dbunit.org/properties/resultSetTableFactory=org.dbunit.database.CachedResultSetTableFactory@10bcf083, http://www.dbunit.org/features/datatypeWarning=true}]) - start
194202 [main] TRACE org.dbunit.database.DatabaseConfig  - getFeature(name=http://www.dbunit.org/features/qualifiedTableNames) - start
194202 [main] TRACE org.dbunit.database.DatabaseConfig  - getProperty(name=http://www.dbunit.org/features/qualifiedTableNames) - start
194202 [main] DEBUG org.dbunit.util.QualifiedTableName  - Qualified table names feature is disabled. Returning plain table name
194202 [main] DEBUG org.dbunit.util.QualifiedTableName  - getQualifiedName(prefix=null, name=USER, escapePattern=null) - start
194202 [main] DEBUG org.dbunit.util.QualifiedTableName  - getQualifiedNameIfEnabled(config=org.dbunit.database.DatabaseConfig[, _propertyMap={http://www.dbunit.org/properties/statementFactory=org.dbunit.database.statement.PreparedStatementFactory@626bc2b8, http://www.dbunit.org/features/caseSensitiveTableNames=false, http://www.dbunit.org/properties/fetchSize=100, http://www.dbunit.org/features/batchedStatements=false, http://www.dbunit.org/properties/metadataHandler=org.dbunit.database.DefaultMetadataHandler@3eeace42, http://www.dbunit.org/properties/datatypeFactory=org.dbunit.dataset.datatype.DefaultDataTypeFactory[_toleratedDeltaMap=org.dbunit.dataset.datatype.ToleratedDeltaMap@6452310a], http://www.dbunit.org/properties/escapePattern=null, http://www.dbunit.org/properties/batchSize=100, http://www.dbunit.org/features/qualifiedTableNames=false, http://www.dbunit.org/properties/tableType=[Ljava.lang.String;@5011bafa, http://www.dbunit.org/properties/resultSetTableFactory=org.dbunit.database.CachedResultSetTableFactory@10bcf083, http://www.dbunit.org/features/datatypeWarning=true}]) - start
194202 [main] TRACE org.dbunit.database.DatabaseConfig  - getFeature(name=http://www.dbunit.org/features/qualifiedTableNames) - start
194202 [main] TRACE org.dbunit.database.DatabaseConfig  - getProperty(name=http://www.dbunit.org/features/qualifiedTableNames) - start
194202 [main] DEBUG org.dbunit.util.QualifiedTableName  - Qualified table names feature is disabled. Returning plain table name
194202 [main] DEBUG org.dbunit.util.QualifiedTableName  - getQualifiedName(prefix=null, name=USERS_AUTHORITIES, escapePattern=null) - start
194202 [main] DEBUG org.dbunit.database.search.AbstractMetaDataBasedSearchCallback  - newEdge(rs=org.apache.commons.dbcp.DelegatingResultSet@6bdb98cf, type=1, from=USER, to=USERS_AUTHORITIES, fkColumn=USER_ID, pkColumn=ID) - start
194202 [main] DEBUG org.dbunit.database.search.AbstractMetaDataBasedSearchCallback  - createFKEdge(rs=org.apache.commons.dbcp.DelegatingResultSet@6bdb98cf, type=1, from=USER, to=USERS_AUTHORITIES, fkColumn=USER_ID, pkColumn=ID) - start
194202 [main] DEBUG org.dbunit.database.search.AbstractMetaDataBasedSearchCallback  - Adding edge USERS_AUTHORITIES(USER_ID)->USER(ID)
194202 [main] DEBUG org.dbunit.util.search.Edge  - compareTo(o=USERS_AUTHORITIES(USER_ID)->USER(ID)) - start
194203 [main] DEBUG org.dbunit.util.SQLHelper  - close(resultSet=org.apache.commons.dbcp.DelegatingResultSet@6bdb98cf) - start
194203 [main] DEBUG org.dbunit.util.search.DepthFirstSearch  - search:USER
194203 [main] DEBUG org.dbunit.util.search.DepthFirstSearch  - already searched; returning true
194203 [main] DEBUG org.dbunit.util.search.DepthFirstSearch  - Adding node USER to the final result
194203 [main] DEBUG org.dbunit.util.CollectionsHelper  - setToStrings(set=[USERS_AUTHORITIES, USER]) - start
194203 [main] DEBUG org.dbunit.database.search.TablesDependencyHelper  - getDirectDependsOnTables(connection=_databaseConfig=org.dbunit.database.DatabaseConfig[, _propertyMap={http://www.dbunit.org/properties/statementFactory=org.dbunit.database.statement.PreparedStatementFactory@626bc2b8, http://www.dbunit.org/features/caseSensitiveTableNames=false, http://www.dbunit.org/properties/fetchSize=100, http://www.dbunit.org/features/batchedStatements=false, http://www.dbunit.org/properties/metadataHandler=org.dbunit.database.DefaultMetadataHandler@3eeace42, http://www.dbunit.org/properties/datatypeFactory=org.dbunit.dataset.datatype.DefaultDataTypeFactory[_toleratedDeltaMap=org.dbunit.dataset.datatype.ToleratedDeltaMap@6452310a], http://www.dbunit.org/properties/escapePattern=null, http://www.dbunit.org/properties/batchSize=100, http://www.dbunit.org/features/qualifiedTableNames=false, http://www.dbunit.org/properties/tableType=[Ljava.lang.String;@5011bafa, http://www.dbunit.org/properties/resultSetTableFactory=org.dbunit.database.CachedResultSetTableFactory@10bcf083, http://www.dbunit.org/features/datatypeWarning=true}], _dataSet=AbstractDataSet[_orderedTableNameMap=null], tableName=USER) - start
194203 [main] DEBUG org.dbunit.util.search.DepthFirstSearch  - search(nodesFrom=[USER], callback=org.dbunit.database.search.ExportedKeysSearchCallback@593b8c7) - start
194203 [main] DEBUG org.dbunit.util.CollectionsHelper  - objectsToSet(objects=USER) - start
194203 [main] DEBUG org.dbunit.util.search.DepthFirstSearch  - search(nodesFrom=[USER], callback=org.dbunit.database.search.ExportedKeysSearchCallback@593b8c7) - start
194203 [main] DEBUG org.dbunit.util.search.DepthFirstSearch  - reverseSearch:USER
194203 [main] DEBUG org.dbunit.database.search.ExportedKeysSearchCallback  - searchNode(node=USER) - start
194203 [main] DEBUG org.dbunit.util.search.DepthFirstSearch  - Pushing (reverse) USER
194203 [main] DEBUG org.dbunit.database.search.ExportedKeysSearchCallback  - getEdges(node=USER) - start
194203 [main] DEBUG org.dbunit.database.search.AbstractMetaDataBasedSearchCallback  - getNodesFromExportedKeys(node=USER) - start
194203 [main] DEBUG org.dbunit.database.search.AbstractMetaDataBasedSearchCallback  - getNodes(type=1, node=USER) - start
194203 [main] DEBUG org.dbunit.database.DatabaseDataSourceConnection  - getConnection() - start
194203 [main] DEBUG org.dbunit.database.search.AbstractMetaDataBasedSearchCallback  - getNodes(type=1, node=USER, conn=Transaction-aware proxy for target Connection [jdbc:hsqldb:mem:kontrollDS, UserName=sw, HSQL Database Engine Driver], schema=null, metaData=org.apache.commons.dbcp.DelegatingDatabaseMetaData@254813ad, edges=[]) - start
194203 [main] DEBUG org.dbunit.database.search.AbstractMetaDataBasedSearchCallback  - Getting edges for node USER
194203 [main] TRACE org.dbunit.database.DatabaseConfig  - getProperty(name=http://www.dbunit.org/properties/metadataHandler) - start
194203 [main] TRACE org.dbunit.database.DefaultMetadataHandler  - tableExists(metaData=org.apache.commons.dbcp.DelegatingDatabaseMetaData@254813ad, schemaName=null, tableName=USER) - start
194204 [main] DEBUG org.dbunit.util.SQLHelper  - close(resultSet=org.apache.commons.dbcp.DelegatingResultSet@34d51ffe) - start
194205 [main] DEBUG org.dbunit.util.QualifiedTableName  - getQualifiedNameIfEnabled(config=org.dbunit.database.DatabaseConfig[, _propertyMap={http://www.dbunit.org/properties/statementFactory=org.dbunit.database.statement.PreparedStatementFactory@626bc2b8, http://www.dbunit.org/features/caseSensitiveTableNames=false, http://www.dbunit.org/properties/fetchSize=100, http://www.dbunit.org/features/batchedStatements=false, http://www.dbunit.org/properties/metadataHandler=org.dbunit.database.DefaultMetadataHandler@3eeace42, http://www.dbunit.org/properties/datatypeFactory=org.dbunit.dataset.datatype.DefaultDataTypeFactory[_toleratedDeltaMap=org.dbunit.dataset.datatype.ToleratedDeltaMap@6452310a], http://www.dbunit.org/properties/escapePattern=null, http://www.dbunit.org/properties/batchSize=100, http://www.dbunit.org/features/qualifiedTableNames=false, http://www.dbunit.org/properties/tableType=[Ljava.lang.String;@5011bafa, http://www.dbunit.org/properties/resultSetTableFactory=org.dbunit.database.CachedResultSetTableFactory@10bcf083, http://www.dbunit.org/features/datatypeWarning=true}]) - start
194205 [main] TRACE org.dbunit.database.DatabaseConfig  - getFeature(name=http://www.dbunit.org/features/qualifiedTableNames) - start
194205 [main] TRACE org.dbunit.database.DatabaseConfig  - getProperty(name=http://www.dbunit.org/features/qualifiedTableNames) - start
194205 [main] DEBUG org.dbunit.util.QualifiedTableName  - Qualified table names feature is disabled. Returning plain table name
194205 [main] DEBUG org.dbunit.util.QualifiedTableName  - getQualifiedName(prefix=null, name=USER, escapePattern=null) - start
194205 [main] DEBUG org.dbunit.util.QualifiedTableName  - getQualifiedNameIfEnabled(config=org.dbunit.database.DatabaseConfig[, _propertyMap={http://www.dbunit.org/properties/statementFactory=org.dbunit.database.statement.PreparedStatementFactory@626bc2b8, http://www.dbunit.org/features/caseSensitiveTableNames=false, http://www.dbunit.org/properties/fetchSize=100, http://www.dbunit.org/features/batchedStatements=false, http://www.dbunit.org/properties/metadataHandler=org.dbunit.database.DefaultMetadataHandler@3eeace42, http://www.dbunit.org/properties/datatypeFactory=org.dbunit.dataset.datatype.DefaultDataTypeFactory[_toleratedDeltaMap=org.dbunit.dataset.datatype.ToleratedDeltaMap@6452310a], http://www.dbunit.org/properties/escapePattern=null, http://www.dbunit.org/properties/batchSize=100, http://www.dbunit.org/features/qualifiedTableNames=false, http://www.dbunit.org/properties/tableType=[Ljava.lang.String;@5011bafa, http://www.dbunit.org/properties/resultSetTableFactory=org.dbunit.database.CachedResultSetTableFactory@10bcf083, http://www.dbunit.org/features/datatypeWarning=true}]) - start
194205 [main] TRACE org.dbunit.database.DatabaseConfig  - getFeature(name=http://www.dbunit.org/features/qualifiedTableNames) - start
194205 [main] TRACE org.dbunit.database.DatabaseConfig  - getProperty(name=http://www.dbunit.org/features/qualifiedTableNames) - start
194205 [main] DEBUG org.dbunit.util.QualifiedTableName  - Qualified table names feature is disabled. Returning plain table name
194205 [main] DEBUG org.dbunit.util.QualifiedTableName  - getQualifiedName(prefix=null, name=USERS_AUTHORITIES, escapePattern=null) - start
194205 [main] DEBUG org.dbunit.database.search.AbstractMetaDataBasedSearchCallback  - newEdge(rs=org.apache.commons.dbcp.DelegatingResultSet@2b29bac3, type=1, from=USER, to=USERS_AUTHORITIES, fkColumn=USER_ID, pkColumn=ID) - start
194205 [main] DEBUG org.dbunit.database.search.AbstractMetaDataBasedSearchCallback  - createFKEdge(rs=org.apache.commons.dbcp.DelegatingResultSet@2b29bac3, type=1, from=USER, to=USERS_AUTHORITIES, fkColumn=USER_ID, pkColumn=ID) - start
194205 [main] DEBUG org.dbunit.database.search.AbstractMetaDataBasedSearchCallback  - Adding edge USERS_AUTHORITIES(USER_ID)->USER(ID)
194205 [main] DEBUG org.dbunit.util.search.Edge  - compareTo(o=USERS_AUTHORITIES(USER_ID)->USER(ID)) - start
194205 [main] DEBUG org.dbunit.util.SQLHelper  - close(resultSet=org.apache.commons.dbcp.DelegatingResultSet@2b29bac3) - start
194206 [main] DEBUG org.dbunit.util.search.DepthFirstSearch  - reverseSearch:USERS_AUTHORITIES
194206 [main] DEBUG org.dbunit.database.search.ExportedKeysSearchCallback  - searchNode(node=USERS_AUTHORITIES) - start
194206 [main] DEBUG org.dbunit.util.search.DepthFirstSearch  - Pushing (reverse) USERS_AUTHORITIES
194206 [main] DEBUG org.dbunit.database.search.ExportedKeysSearchCallback  - getEdges(node=USERS_AUTHORITIES) - start
194206 [main] DEBUG org.dbunit.database.search.AbstractMetaDataBasedSearchCallback  - getNodesFromExportedKeys(node=USERS_AUTHORITIES) - start
194206 [main] DEBUG org.dbunit.database.search.AbstractMetaDataBasedSearchCallback  - getNodes(type=1, node=USERS_AUTHORITIES) - start
194206 [main] DEBUG org.dbunit.database.DatabaseDataSourceConnection  - getConnection() - start
194206 [main] DEBUG org.dbunit.database.search.AbstractMetaDataBasedSearchCallback  - getNodes(type=1, node=USERS_AUTHORITIES, conn=Transaction-aware proxy for target Connection [jdbc:hsqldb:mem:kontrollDS, UserName=sw, HSQL Database Engine Driver], schema=null, metaData=org.apache.commons.dbcp.DelegatingDatabaseMetaData@40a46e58, edges=[]) - start
194206 [main] DEBUG org.dbunit.database.search.AbstractMetaDataBasedSearchCallback  - Getting edges for node USERS_AUTHORITIES
194206 [main] TRACE org.dbunit.database.DatabaseConfig  - getProperty(name=http://www.dbunit.org/properties/metadataHandler) - start
194206 [main] TRACE org.dbunit.database.DefaultMetadataHandler  - tableExists(metaData=org.apache.commons.dbcp.DelegatingDatabaseMetaData@40a46e58, schemaName=null, tableName=USERS_AUTHORITIES) - start
194207 [main] DEBUG org.dbunit.util.SQLHelper  - close(resultSet=org.apache.commons.dbcp.DelegatingResultSet@61dc8f4f) - start
194207 [main] DEBUG org.dbunit.util.SQLHelper  - close(resultSet=org.apache.commons.dbcp.DelegatingResultSet@62042b18) - start
194207 [main] DEBUG org.dbunit.util.search.DepthFirstSearch  - search:USERS_AUTHORITIES
194207 [main] DEBUG org.dbunit.database.search.ExportedKeysSearchCallback  - searchNode(node=USERS_AUTHORITIES) - start
194207 [main] DEBUG org.dbunit.util.search.DepthFirstSearch  - Pushing USERS_AUTHORITIES
194207 [main] DEBUG org.dbunit.database.search.ExportedKeysSearchCallback  - getEdges(node=USERS_AUTHORITIES) - start
194207 [main] DEBUG org.dbunit.database.search.AbstractMetaDataBasedSearchCallback  - getNodesFromExportedKeys(node=USERS_AUTHORITIES) - start
194208 [main] DEBUG org.dbunit.database.search.AbstractMetaDataBasedSearchCallback  - getNodes(type=1, node=USERS_AUTHORITIES) - start
194208 [main] DEBUG org.dbunit.database.DatabaseDataSourceConnection  - getConnection() - start
194208 [main] DEBUG org.dbunit.database.search.AbstractMetaDataBasedSearchCallback  - getNodes(type=1, node=USERS_AUTHORITIES, conn=Transaction-aware proxy for target Connection [jdbc:hsqldb:mem:kontrollDS, UserName=sw, HSQL Database Engine Driver], schema=null, metaData=org.apache.commons.dbcp.DelegatingDatabaseMetaData@7fa966ed, edges=[]) - start
194208 [main] DEBUG org.dbunit.database.search.AbstractMetaDataBasedSearchCallback  - Getting edges for node USERS_AUTHORITIES
194208 [main] TRACE org.dbunit.database.DatabaseConfig  - getProperty(name=http://www.dbunit.org/properties/metadataHandler) - start
194208 [main] TRACE org.dbunit.database.DefaultMetadataHandler  - tableExists(metaData=org.apache.commons.dbcp.DelegatingDatabaseMetaData@7fa966ed, schemaName=null, tableName=USERS_AUTHORITIES) - start
194209 [main] DEBUG org.dbunit.util.SQLHelper  - close(resultSet=org.apache.commons.dbcp.DelegatingResultSet@7ab46dfb) - start
194209 [main] DEBUG org.dbunit.util.SQLHelper  - close(resultSet=org.apache.commons.dbcp.DelegatingResultSet@14bc5333) - start
194209 [main] DEBUG org.dbunit.util.search.DepthFirstSearch  - Adding node USERS_AUTHORITIES to the final result
194209 [main] DEBUG org.dbunit.util.search.DepthFirstSearch  - search:USER
194209 [main] DEBUG org.dbunit.database.search.ExportedKeysSearchCallback  - searchNode(node=USER) - start
194209 [main] DEBUG org.dbunit.util.search.DepthFirstSearch  - Pushing USER
194209 [main] DEBUG org.dbunit.database.search.ExportedKeysSearchCallback  - getEdges(node=USER) - start
194209 [main] DEBUG org.dbunit.database.search.AbstractMetaDataBasedSearchCallback  - getNodesFromExportedKeys(node=USER) - start
194209 [main] DEBUG org.dbunit.database.search.AbstractMetaDataBasedSearchCallback  - getNodes(type=1, node=USER) - start
194209 [main] DEBUG org.dbunit.database.DatabaseDataSourceConnection  - getConnection() - start
194209 [main] DEBUG org.dbunit.database.search.AbstractMetaDataBasedSearchCallback  - getNodes(type=1, node=USER, conn=Transaction-aware proxy for target Connection [jdbc:hsqldb:mem:kontrollDS, UserName=sw, HSQL Database Engine Driver], schema=null, metaData=org.apache.commons.dbcp.DelegatingDatabaseMetaData@57fa43e7, edges=[]) - start
194209 [main] DEBUG org.dbunit.database.search.AbstractMetaDataBasedSearchCallback  - Getting edges for node USER
194209 [main] TRACE org.dbunit.database.DatabaseConfig  - getProperty(name=http://www.dbunit.org/properties/metadataHandler) - start
194209 [main] TRACE org.dbunit.database.DefaultMetadataHandler  - tableExists(metaData=org.apache.commons.dbcp.DelegatingDatabaseMetaData@57fa43e7, schemaName=null, tableName=USER) - start
194210 [main] DEBUG org.dbunit.util.SQLHelper  - close(resultSet=org.apache.commons.dbcp.DelegatingResultSet@44a8c9e0) - start
194210 [main] DEBUG org.dbunit.util.QualifiedTableName  - getQualifiedNameIfEnabled(config=org.dbunit.database.DatabaseConfig[, _propertyMap={http://www.dbunit.org/properties/statementFactory=org.dbunit.database.statement.PreparedStatementFactory@626bc2b8, http://www.dbunit.org/features/caseSensitiveTableNames=false, http://www.dbunit.org/properties/fetchSize=100, http://www.dbunit.org/features/batchedStatements=false, http://www.dbunit.org/properties/metadataHandler=org.dbunit.database.DefaultMetadataHandler@3eeace42, http://www.dbunit.org/properties/datatypeFactory=org.dbunit.dataset.datatype.DefaultDataTypeFactory[_toleratedDeltaMap=org.dbunit.dataset.datatype.ToleratedDeltaMap@6452310a], http://www.dbunit.org/properties/escapePattern=null, http://www.dbunit.org/properties/batchSize=100, http://www.dbunit.org/features/qualifiedTableNames=false, http://www.dbunit.org/properties/tableType=[Ljava.lang.String;@5011bafa, http://www.dbunit.org/properties/resultSetTableFactory=org.dbunit.database.CachedResultSetTableFactory@10bcf083, http://www.dbunit.org/features/datatypeWarning=true}]) - start
194211 [main] TRACE org.dbunit.database.DatabaseConfig  - getFeature(name=http://www.dbunit.org/features/qualifiedTableNames) - start
194211 [main] TRACE org.dbunit.database.DatabaseConfig  - getProperty(name=http://www.dbunit.org/features/qualifiedTableNames) - start
194211 [main] DEBUG org.dbunit.util.QualifiedTableName  - Qualified table names feature is disabled. Returning plain table name
194211 [main] DEBUG org.dbunit.util.QualifiedTableName  - getQualifiedName(prefix=null, name=USER, escapePattern=null) - start
194211 [main] DEBUG org.dbunit.util.QualifiedTableName  - getQualifiedNameIfEnabled(config=org.dbunit.database.DatabaseConfig[, _propertyMap={http://www.dbunit.org/properties/statementFactory=org.dbunit.database.statement.PreparedStatementFactory@626bc2b8, http://www.dbunit.org/features/caseSensitiveTableNames=false, http://www.dbunit.org/properties/fetchSize=100, http://www.dbunit.org/features/batchedStatements=false, http://www.dbunit.org/properties/metadataHandler=org.dbunit.database.DefaultMetadataHandler@3eeace42, http://www.dbunit.org/properties/datatypeFactory=org.dbunit.dataset.datatype.DefaultDataTypeFactory[_toleratedDeltaMap=org.dbunit.dataset.datatype.ToleratedDeltaMap@6452310a], http://www.dbunit.org/properties/escapePattern=null, http://www.dbunit.org/properties/batchSize=100, http://www.dbunit.org/features/qualifiedTableNames=false, http://www.dbunit.org/properties/tableType=[Ljava.lang.String;@5011bafa, http://www.dbunit.org/properties/resultSetTableFactory=org.dbunit.database.CachedResultSetTableFactory@10bcf083, http://www.dbunit.org/features/datatypeWarning=true}]) - start
194211 [main] TRACE org.dbunit.database.DatabaseConfig  - getFeature(name=http://www.dbunit.org/features/qualifiedTableNames) - start
194211 [main] TRACE org.dbunit.database.DatabaseConfig  - getProperty(name=http://www.dbunit.org/features/qualifiedTableNames) - start
194211 [main] DEBUG org.dbunit.util.QualifiedTableName  - Qualified table names feature is disabled. Returning plain table name
194211 [main] DEBUG org.dbunit.util.QualifiedTableName  - getQualifiedName(prefix=null, name=USERS_AUTHORITIES, escapePattern=null) - start
194211 [main] DEBUG org.dbunit.database.search.AbstractMetaDataBasedSearchCallback  - newEdge(rs=org.apache.commons.dbcp.DelegatingResultSet@2aeaceeb, type=1, from=USER, to=USERS_AUTHORITIES, fkColumn=USER_ID, pkColumn=ID) - start
194211 [main] DEBUG org.dbunit.database.search.AbstractMetaDataBasedSearchCallback  - createFKEdge(rs=org.apache.commons.dbcp.DelegatingResultSet@2aeaceeb, type=1, from=USER, to=USERS_AUTHORITIES, fkColumn=USER_ID, pkColumn=ID) - start
194211 [main] DEBUG org.dbunit.database.search.AbstractMetaDataBasedSearchCallback  - Adding edge USERS_AUTHORITIES(USER_ID)->USER(ID)
194211 [main] DEBUG org.dbunit.util.search.Edge  - compareTo(o=USERS_AUTHORITIES(USER_ID)->USER(ID)) - start
194211 [main] DEBUG org.dbunit.util.SQLHelper  - close(resultSet=org.apache.commons.dbcp.DelegatingResultSet@2aeaceeb) - start
194211 [main] DEBUG org.dbunit.util.search.DepthFirstSearch  - search:USER
194211 [main] DEBUG org.dbunit.util.search.DepthFirstSearch  - already searched; returning true
194211 [main] DEBUG org.dbunit.util.search.DepthFirstSearch  - Adding node USER to the final result
194211 [main] DEBUG org.dbunit.database.search.TablesDependencyHelper  - getDirectDependentTables(connection=_databaseConfig=org.dbunit.database.DatabaseConfig[, _propertyMap={http://www.dbunit.org/properties/statementFactory=org.dbunit.database.statement.PreparedStatementFactory@626bc2b8, http://www.dbunit.org/features/caseSensitiveTableNames=false, http://www.dbunit.org/properties/fetchSize=100, http://www.dbunit.org/features/batchedStatements=false, http://www.dbunit.org/properties/metadataHandler=org.dbunit.database.DefaultMetadataHandler@3eeace42, http://www.dbunit.org/properties/datatypeFactory=org.dbunit.dataset.datatype.DefaultDataTypeFactory[_toleratedDeltaMap=org.dbunit.dataset.datatype.ToleratedDeltaMap@6452310a], http://www.dbunit.org/properties/escapePattern=null, http://www.dbunit.org/properties/batchSize=100, http://www.dbunit.org/features/qualifiedTableNames=false, http://www.dbunit.org/properties/tableType=[Ljava.lang.String;@5011bafa, http://www.dbunit.org/properties/resultSetTableFactory=org.dbunit.database.CachedResultSetTableFactory@10bcf083, http://www.dbunit.org/features/datatypeWarning=true}], _dataSet=AbstractDataSet[_orderedTableNameMap=null], tableName=USER) - start
194212 [main] DEBUG org.dbunit.util.search.DepthFirstSearch  - search(nodesFrom=[USER], callback=org.dbunit.database.search.ImportedKeysSearchCallback@4805376d) - start
194212 [main] DEBUG org.dbunit.util.CollectionsHelper  - objectsToSet(objects=USER) - start
194212 [main] DEBUG org.dbunit.util.search.DepthFirstSearch  - search(nodesFrom=[USER], callback=org.dbunit.database.search.ImportedKeysSearchCallback@4805376d) - start
194212 [main] DEBUG org.dbunit.util.search.DepthFirstSearch  - reverseSearch:USER
194212 [main] DEBUG org.dbunit.database.search.ImportedKeysSearchCallback  - searchNode(node=USER) - start
194212 [main] DEBUG org.dbunit.util.search.DepthFirstSearch  - Pushing (reverse) USER
194212 [main] DEBUG org.dbunit.database.search.ImportedKeysSearchCallback  - getEdges(node=USER) - start
194212 [main] DEBUG org.dbunit.database.search.AbstractMetaDataBasedSearchCallback  - getNodesFromImportedKeys(node=USER) - start
194212 [main] DEBUG org.dbunit.database.search.AbstractMetaDataBasedSearchCallback  - getNodes(type=0, node=USER) - start
194212 [main] DEBUG org.dbunit.database.DatabaseDataSourceConnection  - getConnection() - start
194212 [main] DEBUG org.dbunit.database.search.AbstractMetaDataBasedSearchCallback  - getNodes(type=0, node=USER, conn=Transaction-aware proxy for target Connection [jdbc:hsqldb:mem:kontrollDS, UserName=sw, HSQL Database Engine Driver], schema=null, metaData=org.apache.commons.dbcp.DelegatingDatabaseMetaData@4e79fa0b, edges=[]) - start
194212 [main] DEBUG org.dbunit.database.search.AbstractMetaDataBasedSearchCallback  - Getting edges for node USER
194212 [main] TRACE org.dbunit.database.DatabaseConfig  - getProperty(name=http://www.dbunit.org/properties/metadataHandler) - start
194212 [main] TRACE org.dbunit.database.DefaultMetadataHandler  - tableExists(metaData=org.apache.commons.dbcp.DelegatingDatabaseMetaData@4e79fa0b, schemaName=null, tableName=USER) - start
194213 [main] DEBUG org.dbunit.util.SQLHelper  - close(resultSet=org.apache.commons.dbcp.DelegatingResultSet@42ff79ad) - start
194213 [main] DEBUG org.dbunit.util.SQLHelper  - close(resultSet=org.apache.commons.dbcp.DelegatingResultSet@380cf0c) - start
194213 [main] DEBUG org.dbunit.util.search.DepthFirstSearch  - search:USER
194213 [main] DEBUG org.dbunit.database.search.ImportedKeysSearchCallback  - searchNode(node=USER) - start
194213 [main] DEBUG org.dbunit.util.search.DepthFirstSearch  - Pushing USER
194213 [main] DEBUG org.dbunit.database.search.ImportedKeysSearchCallback  - getEdges(node=USER) - start
194213 [main] DEBUG org.dbunit.database.search.AbstractMetaDataBasedSearchCallback  - getNodesFromImportedKeys(node=USER) - start
194213 [main] DEBUG org.dbunit.database.search.AbstractMetaDataBasedSearchCallback  - getNodes(type=0, node=USER) - start
194213 [main] DEBUG org.dbunit.database.DatabaseDataSourceConnection  - getConnection() - start
194214 [main] DEBUG org.dbunit.database.search.AbstractMetaDataBasedSearchCallback  - getNodes(type=0, node=USER, conn=Transaction-aware proxy for target Connection [jdbc:hsqldb:mem:kontrollDS, UserName=sw, HSQL Database Engine Driver], schema=null, metaData=org.apache.commons.dbcp.DelegatingDatabaseMetaData@7d991e9f, edges=[]) - start
194214 [main] DEBUG org.dbunit.database.search.AbstractMetaDataBasedSearchCallback  - Getting edges for node USER
194214 [main] TRACE org.dbunit.database.DatabaseConfig  - getProperty(name=http://www.dbunit.org/properties/metadataHandler) - start
194214 [main] TRACE org.dbunit.database.DefaultMetadataHandler  - tableExists(metaData=org.apache.commons.dbcp.DelegatingDatabaseMetaData@7d991e9f, schemaName=null, tableName=USER) - start
194215 [main] DEBUG org.dbunit.util.SQLHelper  - close(resultSet=org.apache.commons.dbcp.DelegatingResultSet@7853358) - start
194215 [main] DEBUG org.dbunit.util.SQLHelper  - close(resultSet=org.apache.commons.dbcp.DelegatingResultSet@2e94826b) - start
194215 [main] DEBUG org.dbunit.util.search.DepthFirstSearch  - Adding node USER to the final result
194215 [main] DEBUG org.dbunit.database.DatabaseSequenceFilter  - getDependencyInfo(connection=_databaseConfig=org.dbunit.database.DatabaseConfig[, _propertyMap={http://www.dbunit.org/properties/statementFactory=org.dbunit.database.statement.PreparedStatementFactory@626bc2b8, http://www.dbunit.org/features/caseSensitiveTableNames=false, http://www.dbunit.org/properties/fetchSize=100, http://www.dbunit.org/features/batchedStatements=false, http://www.dbunit.org/properties/metadataHandler=org.dbunit.database.DefaultMetadataHandler@3eeace42, http://www.dbunit.org/properties/datatypeFactory=org.dbunit.dataset.datatype.DefaultDataTypeFactory[_toleratedDeltaMap=org.dbunit.dataset.datatype.ToleratedDeltaMap@6452310a], http://www.dbunit.org/properties/escapePattern=null, http://www.dbunit.org/properties/batchSize=100, http://www.dbunit.org/features/qualifiedTableNames=false, http://www.dbunit.org/properties/tableType=[Ljava.lang.String;@5011bafa, http://www.dbunit.org/properties/resultSetTableFactory=org.dbunit.database.CachedResultSetTableFactory@10bcf083, http://www.dbunit.org/features/datatypeWarning=true}], _dataSet=AbstractDataSet[_orderedTableNameMap=null], tableName=USERS_AUTHORITIES) - start
194215 [main] DEBUG org.dbunit.database.search.TablesDependencyHelper  - getDependentTables(connection=_databaseConfig=org.dbunit.database.DatabaseConfig[, _propertyMap={http://www.dbunit.org/properties/statementFactory=org.dbunit.database.statement.PreparedStatementFactory@626bc2b8, http://www.dbunit.org/features/caseSensitiveTableNames=false, http://www.dbunit.org/properties/fetchSize=100, http://www.dbunit.org/features/batchedStatements=false, http://www.dbunit.org/properties/metadataHandler=org.dbunit.database.DefaultMetadataHandler@3eeace42, http://www.dbunit.org/properties/datatypeFactory=org.dbunit.dataset.datatype.DefaultDataTypeFactory[_toleratedDeltaMap=org.dbunit.dataset.datatype.ToleratedDeltaMap@6452310a], http://www.dbunit.org/properties/escapePattern=null, http://www.dbunit.org/properties/batchSize=100, http://www.dbunit.org/features/qualifiedTableNames=false, http://www.dbunit.org/properties/tableType=[Ljava.lang.String;@5011bafa, http://www.dbunit.org/properties/resultSetTableFactory=org.dbunit.database.CachedResultSetTableFactory@10bcf083, http://www.dbunit.org/features/datatypeWarning=true}], _dataSet=AbstractDataSet[_orderedTableNameMap=null], rootTable=USERS_AUTHORITIES) - start
194216 [main] DEBUG org.dbunit.database.search.TablesDependencyHelper  - getDependentTables(connection=_databaseConfig=org.dbunit.database.DatabaseConfig[, _propertyMap={http://www.dbunit.org/properties/statementFactory=org.dbunit.database.statement.PreparedStatementFactory@626bc2b8, http://www.dbunit.org/features/caseSensitiveTableNames=false, http://www.dbunit.org/properties/fetchSize=100, http://www.dbunit.org/features/batchedStatements=false, http://www.dbunit.org/properties/metadataHandler=org.dbunit.database.DefaultMetadataHandler@3eeace42, http://www.dbunit.org/properties/datatypeFactory=org.dbunit.dataset.datatype.DefaultDataTypeFactory[_toleratedDeltaMap=org.dbunit.dataset.datatype.ToleratedDeltaMap@6452310a], http://www.dbunit.org/properties/escapePattern=null, http://www.dbunit.org/properties/batchSize=100, http://www.dbunit.org/features/qualifiedTableNames=false, http://www.dbunit.org/properties/tableType=[Ljava.lang.String;@5011bafa, http://www.dbunit.org/properties/resultSetTableFactory=org.dbunit.database.CachedResultSetTableFactory@10bcf083, http://www.dbunit.org/features/datatypeWarning=true}], _dataSet=AbstractDataSet[_orderedTableNameMap=null], rootTables=[USERS_AUTHORITIES]) - start
194216 [main] DEBUG org.dbunit.util.search.DepthFirstSearch  - search(nodesFrom=[USERS_AUTHORITIES], callback=org.dbunit.database.search.ImportedKeysSearchCallback@3aed8ac5) - start
194216 [main] DEBUG org.dbunit.util.CollectionsHelper  - objectsToSet(objects=USERS_AUTHORITIES) - start
194216 [main] DEBUG org.dbunit.util.search.DepthFirstSearch  - search(nodesFrom=[USERS_AUTHORITIES], callback=org.dbunit.database.search.ImportedKeysSearchCallback@3aed8ac5) - start
194216 [main] DEBUG org.dbunit.util.search.DepthFirstSearch  - reverseSearch:USERS_AUTHORITIES
194216 [main] DEBUG org.dbunit.database.search.ImportedKeysSearchCallback  - searchNode(node=USERS_AUTHORITIES) - start
194216 [main] DEBUG org.dbunit.util.search.DepthFirstSearch  - Pushing (reverse) USERS_AUTHORITIES
194216 [main] DEBUG org.dbunit.database.search.ImportedKeysSearchCallback  - getEdges(node=USERS_AUTHORITIES) - start
194216 [main] DEBUG org.dbunit.database.search.AbstractMetaDataBasedSearchCallback  - getNodesFromImportedKeys(node=USERS_AUTHORITIES) - start
194216 [main] DEBUG org.dbunit.database.search.AbstractMetaDataBasedSearchCallback  - getNodes(type=0, node=USERS_AUTHORITIES) - start
194216 [main] DEBUG org.dbunit.database.DatabaseDataSourceConnection  - getConnection() - start
194216 [main] DEBUG org.dbunit.database.search.AbstractMetaDataBasedSearchCallback  - getNodes(type=0, node=USERS_AUTHORITIES, conn=Transaction-aware proxy for target Connection [jdbc:hsqldb:mem:kontrollDS, UserName=sw, HSQL Database Engine Driver], schema=null, metaData=org.apache.commons.dbcp.DelegatingDatabaseMetaData@4131a9bc, edges=[]) - start
194216 [main] DEBUG org.dbunit.database.search.AbstractMetaDataBasedSearchCallback  - Getting edges for node USERS_AUTHORITIES
194216 [main] TRACE org.dbunit.database.DatabaseConfig  - getProperty(name=http://www.dbunit.org/properties/metadataHandler) - start
194216 [main] TRACE org.dbunit.database.DefaultMetadataHandler  - tableExists(metaData=org.apache.commons.dbcp.DelegatingDatabaseMetaData@4131a9bc, schemaName=null, tableName=USERS_AUTHORITIES) - start
194217 [main] DEBUG org.dbunit.util.SQLHelper  - close(resultSet=org.apache.commons.dbcp.DelegatingResultSet@4bf0b440) - start
194218 [main] DEBUG org.dbunit.util.QualifiedTableName  - getQualifiedNameIfEnabled(config=org.dbunit.database.DatabaseConfig[, _propertyMap={http://www.dbunit.org/properties/statementFactory=org.dbunit.database.statement.PreparedStatementFactory@626bc2b8, http://www.dbunit.org/features/caseSensitiveTableNames=false, http://www.dbunit.org/properties/fetchSize=100, http://www.dbunit.org/features/batchedStatements=false, http://www.dbunit.org/properties/metadataHandler=org.dbunit.database.DefaultMetadataHandler@3eeace42, http://www.dbunit.org/properties/datatypeFactory=org.dbunit.dataset.datatype.DefaultDataTypeFactory[_toleratedDeltaMap=org.dbunit.dataset.datatype.ToleratedDeltaMap@6452310a], http://www.dbunit.org/properties/escapePattern=null, http://www.dbunit.org/properties/batchSize=100, http://www.dbunit.org/features/qualifiedTableNames=false, http://www.dbunit.org/properties/tableType=[Ljava.lang.String;@5011bafa, http://www.dbunit.org/properties/resultSetTableFactory=org.dbunit.database.CachedResultSetTableFactory@10bcf083, http://www.dbunit.org/features/datatypeWarning=true}]) - start
194218 [main] TRACE org.dbunit.database.DatabaseConfig  - getFeature(name=http://www.dbunit.org/features/qualifiedTableNames) - start
194218 [main] TRACE org.dbunit.database.DatabaseConfig  - getProperty(name=http://www.dbunit.org/features/qualifiedTableNames) - start
194218 [main] DEBUG org.dbunit.util.QualifiedTableName  - Qualified table names feature is disabled. Returning plain table name
194218 [main] DEBUG org.dbunit.util.QualifiedTableName  - getQualifiedName(prefix=null, name=USERS_AUTHORITIES, escapePattern=null) - start
194220 [main] DEBUG org.dbunit.util.QualifiedTableName  - getQualifiedNameIfEnabled(config=org.dbunit.database.DatabaseConfig[, _propertyMap={http://www.dbunit.org/properties/statementFactory=org.dbunit.database.statement.PreparedStatementFactory@626bc2b8, http://www.dbunit.org/features/caseSensitiveTableNames=false, http://www.dbunit.org/properties/fetchSize=100, http://www.dbunit.org/features/batchedStatements=false, http://www.dbunit.org/properties/metadataHandler=org.dbunit.database.DefaultMetadataHandler@3eeace42, http://www.dbunit.org/properties/datatypeFactory=org.dbunit.dataset.datatype.DefaultDataTypeFactory[_toleratedDeltaMap=org.dbunit.dataset.datatype.ToleratedDeltaMap@6452310a], http://www.dbunit.org/properties/escapePattern=null, http://www.dbunit.org/properties/batchSize=100, http://www.dbunit.org/features/qualifiedTableNames=false, http://www.dbunit.org/properties/tableType=[Ljava.lang.String;@5011bafa, http://www.dbunit.org/properties/resultSetTableFactory=org.dbunit.database.CachedResultSetTableFactory@10bcf083, http://www.dbunit.org/features/datatypeWarning=true}]) - start
194220 [main] TRACE org.dbunit.database.DatabaseConfig  - getFeature(name=http://www.dbunit.org/features/qualifiedTableNames) - start
194220 [main] TRACE org.dbunit.database.DatabaseConfig  - getProperty(name=http://www.dbunit.org/features/qualifiedTableNames) - start
194220 [main] DEBUG org.dbunit.util.QualifiedTableName  - Qualified table names feature is disabled. Returning plain table name
194220 [main] DEBUG org.dbunit.util.QualifiedTableName  - getQualifiedName(prefix=null, name=AUTHORITY, escapePattern=null) - start
194220 [main] DEBUG org.dbunit.database.search.AbstractMetaDataBasedSearchCallback  - newEdge(rs=org.apache.commons.dbcp.DelegatingResultSet@3ded602d, type=0, from=USERS_AUTHORITIES, to=AUTHORITY, fkColumn=AUTHORITY_ID, pkColumn=ID) - start
194220 [main] DEBUG org.dbunit.database.search.AbstractMetaDataBasedSearchCallback  - createFKEdge(rs=org.apache.commons.dbcp.DelegatingResultSet@3ded602d, type=0, from=USERS_AUTHORITIES, to=AUTHORITY, fkColumn=AUTHORITY_ID, pkColumn=ID) - start
194221 [main] DEBUG org.dbunit.database.search.AbstractMetaDataBasedSearchCallback  - Adding edge USERS_AUTHORITIES(AUTHORITY_ID)->AUTHORITY(ID)
194221 [main] DEBUG org.dbunit.util.search.Edge  - compareTo(o=USERS_AUTHORITIES(AUTHORITY_ID)->AUTHORITY(ID)) - start
194221 [main] DEBUG org.dbunit.util.QualifiedTableName  - getQualifiedNameIfEnabled(config=org.dbunit.database.DatabaseConfig[, _propertyMap={http://www.dbunit.org/properties/statementFactory=org.dbunit.database.statement.PreparedStatementFactory@626bc2b8, http://www.dbunit.org/features/caseSensitiveTableNames=false, http://www.dbunit.org/properties/fetchSize=100, http://www.dbunit.org/features/batchedStatements=false, http://www.dbunit.org/properties/metadataHandler=org.dbunit.database.DefaultMetadataHandler@3eeace42, http://www.dbunit.org/properties/datatypeFactory=org.dbunit.dataset.datatype.DefaultDataTypeFactory[_toleratedDeltaMap=org.dbunit.dataset.datatype.ToleratedDeltaMap@6452310a], http://www.dbunit.org/properties/escapePattern=null, http://www.dbunit.org/properties/batchSize=100, http://www.dbunit.org/features/qualifiedTableNames=false, http://www.dbunit.org/properties/tableType=[Ljava.lang.String;@5011bafa, http://www.dbunit.org/properties/resultSetTableFactory=org.dbunit.database.CachedResultSetTableFactory@10bcf083, http://www.dbunit.org/features/datatypeWarning=true}]) - start
194221 [main] TRACE org.dbunit.database.DatabaseConfig  - getFeature(name=http://www.dbunit.org/features/qualifiedTableNames) - start
194221 [main] TRACE org.dbunit.database.DatabaseConfig  - getProperty(name=http://www.dbunit.org/features/qualifiedTableNames) - start
194221 [main] DEBUG org.dbunit.util.QualifiedTableName  - Qualified table names feature is disabled. Returning plain table name
194221 [main] DEBUG org.dbunit.util.QualifiedTableName  - getQualifiedName(prefix=null, name=USERS_AUTHORITIES, escapePattern=null) - start
194221 [main] DEBUG org.dbunit.util.QualifiedTableName  - getQualifiedNameIfEnabled(config=org.dbunit.database.DatabaseConfig[, _propertyMap={http://www.dbunit.org/properties/statementFactory=org.dbunit.database.statement.PreparedStatementFactory@626bc2b8, http://www.dbunit.org/features/caseSensitiveTableNames=false, http://www.dbunit.org/properties/fetchSize=100, http://www.dbunit.org/features/batchedStatements=false, http://www.dbunit.org/properties/metadataHandler=org.dbunit.database.DefaultMetadataHandler@3eeace42, http://www.dbunit.org/properties/datatypeFactory=org.dbunit.dataset.datatype.DefaultDataTypeFactory[_toleratedDeltaMap=org.dbunit.dataset.datatype.ToleratedDeltaMap@6452310a], http://www.dbunit.org/properties/escapePattern=null, http://www.dbunit.org/properties/batchSize=100, http://www.dbunit.org/features/qualifiedTableNames=false, http://www.dbunit.org/properties/tableType=[Ljava.lang.String;@5011bafa, http://www.dbunit.org/properties/resultSetTableFactory=org.dbunit.database.CachedResultSetTableFactory@10bcf083, http://www.dbunit.org/features/datatypeWarning=true}]) - start
194221 [main] TRACE org.dbunit.database.DatabaseConfig  - getFeature(name=http://www.dbunit.org/features/qualifiedTableNames) - start
194221 [main] TRACE org.dbunit.database.DatabaseConfig  - getProperty(name=http://www.dbunit.org/features/qualifiedTableNames) - start
194221 [main] DEBUG org.dbunit.util.QualifiedTableName  - Qualified table names feature is disabled. Returning plain table name
194221 [main] DEBUG org.dbunit.util.QualifiedTableName  - getQualifiedName(prefix=null, name=USER, escapePattern=null) - start
194221 [main] DEBUG org.dbunit.database.search.AbstractMetaDataBasedSearchCallback  - newEdge(rs=org.apache.commons.dbcp.DelegatingResultSet@3ded602d, type=0, from=USERS_AUTHORITIES, to=USER, fkColumn=USER_ID, pkColumn=ID) - start
194221 [main] DEBUG org.dbunit.database.search.AbstractMetaDataBasedSearchCallback  - createFKEdge(rs=org.apache.commons.dbcp.DelegatingResultSet@3ded602d, type=0, from=USERS_AUTHORITIES, to=USER, fkColumn=USER_ID, pkColumn=ID) - start
194221 [main] DEBUG org.dbunit.database.search.AbstractMetaDataBasedSearchCallback  - Adding edge USERS_AUTHORITIES(USER_ID)->USER(ID)
194221 [main] DEBUG org.dbunit.util.search.Edge  - compareTo(o=USERS_AUTHORITIES(AUTHORITY_ID)->AUTHORITY(ID)) - start
194221 [main] DEBUG org.dbunit.util.SQLHelper  - close(resultSet=org.apache.commons.dbcp.DelegatingResultSet@3ded602d) - start
194221 [main] DEBUG org.dbunit.util.search.DepthFirstSearch  - search:USERS_AUTHORITIES
194221 [main] DEBUG org.dbunit.database.search.ImportedKeysSearchCallback  - searchNode(node=USERS_AUTHORITIES) - start
194221 [main] DEBUG org.dbunit.util.search.DepthFirstSearch  - Pushing USERS_AUTHORITIES
194221 [main] DEBUG org.dbunit.database.search.ImportedKeysSearchCallback  - getEdges(node=USERS_AUTHORITIES) - start
194221 [main] DEBUG org.dbunit.database.search.AbstractMetaDataBasedSearchCallback  - getNodesFromImportedKeys(node=USERS_AUTHORITIES) - start
194222 [main] DEBUG org.dbunit.database.search.AbstractMetaDataBasedSearchCallback  - getNodes(type=0, node=USERS_AUTHORITIES) - start
194222 [main] DEBUG org.dbunit.database.DatabaseDataSourceConnection  - getConnection() - start
194222 [main] DEBUG org.dbunit.database.search.AbstractMetaDataBasedSearchCallback  - getNodes(type=0, node=USERS_AUTHORITIES, conn=Transaction-aware proxy for target Connection [jdbc:hsqldb:mem:kontrollDS, UserName=sw, HSQL Database Engine Driver], schema=null, metaData=org.apache.commons.dbcp.DelegatingDatabaseMetaData@2b454a1e, edges=[]) - start
194222 [main] DEBUG org.dbunit.database.search.AbstractMetaDataBasedSearchCallback  - Getting edges for node USERS_AUTHORITIES
194222 [main] TRACE org.dbunit.database.DatabaseConfig  - getProperty(name=http://www.dbunit.org/properties/metadataHandler) - start
194222 [main] TRACE org.dbunit.database.DefaultMetadataHandler  - tableExists(metaData=org.apache.commons.dbcp.DelegatingDatabaseMetaData@2b454a1e, schemaName=null, tableName=USERS_AUTHORITIES) - start
194223 [main] DEBUG org.dbunit.util.SQLHelper  - close(resultSet=org.apache.commons.dbcp.DelegatingResultSet@49caa746) - start
194223 [main] DEBUG org.dbunit.util.QualifiedTableName  - getQualifiedNameIfEnabled(config=org.dbunit.database.DatabaseConfig[, _propertyMap={http://www.dbunit.org/properties/statementFactory=org.dbunit.database.statement.PreparedStatementFactory@626bc2b8, http://www.dbunit.org/features/caseSensitiveTableNames=false, http://www.dbunit.org/properties/fetchSize=100, http://www.dbunit.org/features/batchedStatements=false, http://www.dbunit.org/properties/metadataHandler=org.dbunit.database.DefaultMetadataHandler@3eeace42, http://www.dbunit.org/properties/datatypeFactory=org.dbunit.dataset.datatype.DefaultDataTypeFactory[_toleratedDeltaMap=org.dbunit.dataset.datatype.ToleratedDeltaMap@6452310a], http://www.dbunit.org/properties/escapePattern=null, http://www.dbunit.org/properties/batchSize=100, http://www.dbunit.org/features/qualifiedTableNames=false, http://www.dbunit.org/properties/tableType=[Ljava.lang.String;@5011bafa, http://www.dbunit.org/properties/resultSetTableFactory=org.dbunit.database.CachedResultSetTableFactory@10bcf083, http://www.dbunit.org/features/datatypeWarning=true}]) - start
194224 [main] TRACE org.dbunit.database.DatabaseConfig  - getFeature(name=http://www.dbunit.org/features/qualifiedTableNames) - start
194224 [main] TRACE org.dbunit.database.DatabaseConfig  - getProperty(name=http://www.dbunit.org/features/qualifiedTableNames) - start
194224 [main] DEBUG org.dbunit.util.QualifiedTableName  - Qualified table names feature is disabled. Returning plain table name
194224 [main] DEBUG org.dbunit.util.QualifiedTableName  - getQualifiedName(prefix=null, name=USERS_AUTHORITIES, escapePattern=null) - start
194224 [main] DEBUG org.dbunit.util.QualifiedTableName  - getQualifiedNameIfEnabled(config=org.dbunit.database.DatabaseConfig[, _propertyMap={http://www.dbunit.org/properties/statementFactory=org.dbunit.database.statement.PreparedStatementFactory@626bc2b8, http://www.dbunit.org/features/caseSensitiveTableNames=false, http://www.dbunit.org/properties/fetchSize=100, http://www.dbunit.org/features/batchedStatements=false, http://www.dbunit.org/properties/metadataHandler=org.dbunit.database.DefaultMetadataHandler@3eeace42, http://www.dbunit.org/properties/datatypeFactory=org.dbunit.dataset.datatype.DefaultDataTypeFactory[_toleratedDeltaMap=org.dbunit.dataset.datatype.ToleratedDeltaMap@6452310a], http://www.dbunit.org/properties/escapePattern=null, http://www.dbunit.org/properties/batchSize=100, http://www.dbunit.org/features/qualifiedTableNames=false, http://www.dbunit.org/properties/tableType=[Ljava.lang.String;@5011bafa, http://www.dbunit.org/properties/resultSetTableFactory=org.dbunit.database.CachedResultSetTableFactory@10bcf083, http://www.dbunit.org/features/datatypeWarning=true}]) - start
194224 [main] TRACE org.dbunit.database.DatabaseConfig  - getFeature(name=http://www.dbunit.org/features/qualifiedTableNames) - start
194224 [main] TRACE org.dbunit.database.DatabaseConfig  - getProperty(name=http://www.dbunit.org/features/qualifiedTableNames) - start
194224 [main] DEBUG org.dbunit.util.QualifiedTableName  - Qualified table names feature is disabled. Returning plain table name
194224 [main] DEBUG org.dbunit.util.QualifiedTableName  - getQualifiedName(prefix=null, name=AUTHORITY, escapePattern=null) - start
194224 [main] DEBUG org.dbunit.database.search.AbstractMetaDataBasedSearchCallback  - newEdge(rs=org.apache.commons.dbcp.DelegatingResultSet@1fe62a99, type=0, from=USERS_AUTHORITIES, to=AUTHORITY, fkColumn=AUTHORITY_ID, pkColumn=ID) - start
194224 [main] DEBUG org.dbunit.database.search.AbstractMetaDataBasedSearchCallback  - createFKEdge(rs=org.apache.commons.dbcp.DelegatingResultSet@1fe62a99, type=0, from=USERS_AUTHORITIES, to=AUTHORITY, fkColumn=AUTHORITY_ID, pkColumn=ID) - start
194224 [main] DEBUG org.dbunit.database.search.AbstractMetaDataBasedSearchCallback  - Adding edge USERS_AUTHORITIES(AUTHORITY_ID)->AUTHORITY(ID)
194224 [main] DEBUG org.dbunit.util.search.Edge  - compareTo(o=USERS_AUTHORITIES(AUTHORITY_ID)->AUTHORITY(ID)) - start
194224 [main] DEBUG org.dbunit.util.QualifiedTableName  - getQualifiedNameIfEnabled(config=org.dbunit.database.DatabaseConfig[, _propertyMap={http://www.dbunit.org/properties/statementFactory=org.dbunit.database.statement.PreparedStatementFactory@626bc2b8, http://www.dbunit.org/features/caseSensitiveTableNames=false, http://www.dbunit.org/properties/fetchSize=100, http://www.dbunit.org/features/batchedStatements=false, http://www.dbunit.org/properties/metadataHandler=org.dbunit.database.DefaultMetadataHandler@3eeace42, http://www.dbunit.org/properties/datatypeFactory=org.dbunit.dataset.datatype.DefaultDataTypeFactory[_toleratedDeltaMap=org.dbunit.dataset.datatype.ToleratedDeltaMap@6452310a], http://www.dbunit.org/properties/escapePattern=null, http://www.dbunit.org/properties/batchSize=100, http://www.dbunit.org/features/qualifiedTableNames=false, http://www.dbunit.org/properties/tableType=[Ljava.lang.String;@5011bafa, http://www.dbunit.org/properties/resultSetTableFactory=org.dbunit.database.CachedResultSetTableFactory@10bcf083, http://www.dbunit.org/features/datatypeWarning=true}]) - start
194224 [main] TRACE org.dbunit.database.DatabaseConfig  - getFeature(name=http://www.dbunit.org/features/qualifiedTableNames) - start
194224 [main] TRACE org.dbunit.database.DatabaseConfig  - getProperty(name=http://www.dbunit.org/features/qualifiedTableNames) - start
194224 [main] DEBUG org.dbunit.util.QualifiedTableName  - Qualified table names feature is disabled. Returning plain table name
194224 [main] DEBUG org.dbunit.util.QualifiedTableName  - getQualifiedName(prefix=null, name=USERS_AUTHORITIES, escapePattern=null) - start
194224 [main] DEBUG org.dbunit.util.QualifiedTableName  - getQualifiedNameIfEnabled(config=org.dbunit.database.DatabaseConfig[, _propertyMap={http://www.dbunit.org/properties/statementFactory=org.dbunit.database.statement.PreparedStatementFactory@626bc2b8, http://www.dbunit.org/features/caseSensitiveTableNames=false, http://www.dbunit.org/properties/fetchSize=100, http://www.dbunit.org/features/batchedStatements=false, http://www.dbunit.org/properties/metadataHandler=org.dbunit.database.DefaultMetadataHandler@3eeace42, http://www.dbunit.org/properties/datatypeFactory=org.dbunit.dataset.datatype.DefaultDataTypeFactory[_toleratedDeltaMap=org.dbunit.dataset.datatype.ToleratedDeltaMap@6452310a], http://www.dbunit.org/properties/escapePattern=null, http://www.dbunit.org/properties/batchSize=100, http://www.dbunit.org/features/qualifiedTableNames=false, http://www.dbunit.org/properties/tableType=[Ljava.lang.String;@5011bafa, http://www.dbunit.org/properties/resultSetTableFactory=org.dbunit.database.CachedResultSetTableFactory@10bcf083, http://www.dbunit.org/features/datatypeWarning=true}]) - start
194225 [main] TRACE org.dbunit.database.DatabaseConfig  - getFeature(name=http://www.dbunit.org/features/qualifiedTableNames) - start
194225 [main] TRACE org.dbunit.database.DatabaseConfig  - getProperty(name=http://www.dbunit.org/features/qualifiedTableNames) - start
194225 [main] DEBUG org.dbunit.util.QualifiedTableName  - Qualified table names feature is disabled. Returning plain table name
194225 [main] DEBUG org.dbunit.util.QualifiedTableName  - getQualifiedName(prefix=null, name=USER, escapePattern=null) - start
194225 [main] DEBUG org.dbunit.database.search.AbstractMetaDataBasedSearchCallback  - newEdge(rs=org.apache.commons.dbcp.DelegatingResultSet@1fe62a99, type=0, from=USERS_AUTHORITIES, to=USER, fkColumn=USER_ID, pkColumn=ID) - start
194225 [main] DEBUG org.dbunit.database.search.AbstractMetaDataBasedSearchCallback  - createFKEdge(rs=org.apache.commons.dbcp.DelegatingResultSet@1fe62a99, type=0, from=USERS_AUTHORITIES, to=USER, fkColumn=USER_ID, pkColumn=ID) - start
194225 [main] DEBUG org.dbunit.database.search.AbstractMetaDataBasedSearchCallback  - Adding edge USERS_AUTHORITIES(USER_ID)->USER(ID)
194225 [main] DEBUG org.dbunit.util.search.Edge  - compareTo(o=USERS_AUTHORITIES(AUTHORITY_ID)->AUTHORITY(ID)) - start
194225 [main] DEBUG org.dbunit.util.SQLHelper  - close(resultSet=org.apache.commons.dbcp.DelegatingResultSet@1fe62a99) - start
194225 [main] DEBUG org.dbunit.util.search.DepthFirstSearch  - search:AUTHORITY
194225 [main] DEBUG org.dbunit.database.search.ImportedKeysSearchCallback  - searchNode(node=AUTHORITY) - start
194225 [main] DEBUG org.dbunit.util.search.DepthFirstSearch  - Pushing AUTHORITY
194225 [main] DEBUG org.dbunit.database.search.ImportedKeysSearchCallback  - getEdges(node=AUTHORITY) - start
194225 [main] DEBUG org.dbunit.database.search.AbstractMetaDataBasedSearchCallback  - getNodesFromImportedKeys(node=AUTHORITY) - start
194225 [main] DEBUG org.dbunit.database.search.AbstractMetaDataBasedSearchCallback  - getNodes(type=0, node=AUTHORITY) - start
194226 [main] DEBUG org.dbunit.database.DatabaseDataSourceConnection  - getConnection() - start
194226 [main] DEBUG org.dbunit.database.search.AbstractMetaDataBasedSearchCallback  - getNodes(type=0, node=AUTHORITY, conn=Transaction-aware proxy for target Connection [jdbc:hsqldb:mem:kontrollDS, UserName=sw, HSQL Database Engine Driver], schema=null, metaData=org.apache.commons.dbcp.DelegatingDatabaseMetaData@3ff6b32b, edges=[]) - start
194226 [main] DEBUG org.dbunit.database.search.AbstractMetaDataBasedSearchCallback  - Getting edges for node AUTHORITY
194226 [main] TRACE org.dbunit.database.DatabaseConfig  - getProperty(name=http://www.dbunit.org/properties/metadataHandler) - start
194226 [main] TRACE org.dbunit.database.DefaultMetadataHandler  - tableExists(metaData=org.apache.commons.dbcp.DelegatingDatabaseMetaData@3ff6b32b, schemaName=null, tableName=AUTHORITY) - start
194227 [main] DEBUG org.dbunit.util.SQLHelper  - close(resultSet=org.apache.commons.dbcp.DelegatingResultSet@1a324dc8) - start
194227 [main] DEBUG org.dbunit.util.SQLHelper  - close(resultSet=org.apache.commons.dbcp.DelegatingResultSet@179cab2b) - start
194227 [main] DEBUG org.dbunit.util.search.DepthFirstSearch  - Adding node AUTHORITY to the final result
194227 [main] DEBUG org.dbunit.util.search.DepthFirstSearch  - search:USER
194227 [main] DEBUG org.dbunit.database.search.ImportedKeysSearchCallback  - searchNode(node=USER) - start
194227 [main] DEBUG org.dbunit.util.search.DepthFirstSearch  - Pushing USER
194227 [main] DEBUG org.dbunit.database.search.ImportedKeysSearchCallback  - getEdges(node=USER) - start
194227 [main] DEBUG org.dbunit.database.search.AbstractMetaDataBasedSearchCallback  - getNodesFromImportedKeys(node=USER) - start
194227 [main] DEBUG org.dbunit.database.search.AbstractMetaDataBasedSearchCallback  - getNodes(type=0, node=USER) - start
194228 [main] DEBUG org.dbunit.database.DatabaseDataSourceConnection  - getConnection() - start
194228 [main] DEBUG org.dbunit.database.search.AbstractMetaDataBasedSearchCallback  - getNodes(type=0, node=USER, conn=Transaction-aware proxy for target Connection [jdbc:hsqldb:mem:kontrollDS, UserName=sw, HSQL Database Engine Driver], schema=null, metaData=org.apache.commons.dbcp.DelegatingDatabaseMetaData@2ea9a029, edges=[]) - start
194228 [main] DEBUG org.dbunit.database.search.AbstractMetaDataBasedSearchCallback  - Getting edges for node USER
194228 [main] TRACE org.dbunit.database.DatabaseConfig  - getProperty(name=http://www.dbunit.org/properties/metadataHandler) - start
194228 [main] TRACE org.dbunit.database.DefaultMetadataHandler  - tableExists(metaData=org.apache.commons.dbcp.DelegatingDatabaseMetaData@2ea9a029, schemaName=null, tableName=USER) - start
194229 [main] DEBUG org.dbunit.util.SQLHelper  - close(resultSet=org.apache.commons.dbcp.DelegatingResultSet@54625db2) - start
194229 [main] DEBUG org.dbunit.util.SQLHelper  - close(resultSet=org.apache.commons.dbcp.DelegatingResultSet@37ba0f98) - start
194229 [main] DEBUG org.dbunit.util.search.DepthFirstSearch  - Adding node USER to the final result
194229 [main] DEBUG org.dbunit.util.search.DepthFirstSearch  - Adding node USERS_AUTHORITIES to the final result
194229 [main] DEBUG org.dbunit.util.search.DepthFirstSearch  - reverseSearch:AUTHORITY
194229 [main] DEBUG org.dbunit.database.search.ImportedKeysSearchCallback  - searchNode(node=AUTHORITY) - start
194229 [main] DEBUG org.dbunit.util.search.DepthFirstSearch  - Pushing (reverse) AUTHORITY
194229 [main] DEBUG org.dbunit.database.search.ImportedKeysSearchCallback  - getEdges(node=AUTHORITY) - start
194229 [main] DEBUG org.dbunit.database.search.AbstractMetaDataBasedSearchCallback  - getNodesFromImportedKeys(node=AUTHORITY) - start
194229 [main] DEBUG org.dbunit.database.search.AbstractMetaDataBasedSearchCallback  - getNodes(type=0, node=AUTHORITY) - start
194229 [main] DEBUG org.dbunit.database.DatabaseDataSourceConnection  - getConnection() - start
194229 [main] DEBUG org.dbunit.database.search.AbstractMetaDataBasedSearchCallback  - getNodes(type=0, node=AUTHORITY, conn=Transaction-aware proxy for target Connection [jdbc:hsqldb:mem:kontrollDS, UserName=sw, HSQL Database Engine Driver], schema=null, metaData=org.apache.commons.dbcp.DelegatingDatabaseMetaData@1855e0bd, edges=[]) - start
194229 [main] DEBUG org.dbunit.database.search.AbstractMetaDataBasedSearchCallback  - Getting edges for node AUTHORITY
194229 [main] TRACE org.dbunit.database.DatabaseConfig  - getProperty(name=http://www.dbunit.org/properties/metadataHandler) - start
194229 [main] TRACE org.dbunit.database.DefaultMetadataHandler  - tableExists(metaData=org.apache.commons.dbcp.DelegatingDatabaseMetaData@1855e0bd, schemaName=null, tableName=AUTHORITY) - start
194230 [main] DEBUG org.dbunit.util.SQLHelper  - close(resultSet=org.apache.commons.dbcp.DelegatingResultSet@ef4dacd) - start
194231 [main] DEBUG org.dbunit.util.SQLHelper  - close(resultSet=org.apache.commons.dbcp.DelegatingResultSet@476a1097) - start
194231 [main] DEBUG org.dbunit.util.search.DepthFirstSearch  - reverseSearch:USERS_AUTHORITIES
194231 [main] DEBUG org.dbunit.util.search.DepthFirstSearch  - already searched; returning true
194231 [main] DEBUG org.dbunit.util.search.DepthFirstSearch  - reverseSearch:USER
194231 [main] DEBUG org.dbunit.database.search.ImportedKeysSearchCallback  - searchNode(node=USER) - start
194231 [main] DEBUG org.dbunit.util.search.DepthFirstSearch  - Pushing (reverse) USER
194231 [main] DEBUG org.dbunit.database.search.ImportedKeysSearchCallback  - getEdges(node=USER) - start
194231 [main] DEBUG org.dbunit.database.search.AbstractMetaDataBasedSearchCallback  - getNodesFromImportedKeys(node=USER) - start
194231 [main] DEBUG org.dbunit.database.search.AbstractMetaDataBasedSearchCallback  - getNodes(type=0, node=USER) - start
194231 [main] DEBUG org.dbunit.database.DatabaseDataSourceConnection  - getConnection() - start
194231 [main] DEBUG org.dbunit.database.search.AbstractMetaDataBasedSearchCallback  - getNodes(type=0, node=USER, conn=Transaction-aware proxy for target Connection [jdbc:hsqldb:mem:kontrollDS, UserName=sw, HSQL Database Engine Driver], schema=null, metaData=org.apache.commons.dbcp.DelegatingDatabaseMetaData@4674e22, edges=[]) - start
194231 [main] DEBUG org.dbunit.database.search.AbstractMetaDataBasedSearchCallback  - Getting edges for node USER
194231 [main] TRACE org.dbunit.database.DatabaseConfig  - getProperty(name=http://www.dbunit.org/properties/metadataHandler) - start
194231 [main] TRACE org.dbunit.database.DefaultMetadataHandler  - tableExists(metaData=org.apache.commons.dbcp.DelegatingDatabaseMetaData@4674e22, schemaName=null, tableName=USER) - start
194232 [main] DEBUG org.dbunit.util.SQLHelper  - close(resultSet=org.apache.commons.dbcp.DelegatingResultSet@7df48a83) - start
194233 [main] DEBUG org.dbunit.util.SQLHelper  - close(resultSet=org.apache.commons.dbcp.DelegatingResultSet@4ab737b) - start
194233 [main] DEBUG org.dbunit.util.search.DepthFirstSearch  - search:USERS_AUTHORITIES
194233 [main] DEBUG org.dbunit.util.search.DepthFirstSearch  - already searched; returning true
194233 [main] DEBUG org.dbunit.util.search.DepthFirstSearch  - search:AUTHORITY
194233 [main] DEBUG org.dbunit.util.search.DepthFirstSearch  - already searched; returning true
194233 [main] DEBUG org.dbunit.util.search.DepthFirstSearch  - search:USER
194233 [main] DEBUG org.dbunit.util.search.DepthFirstSearch  - already searched; returning true
194233 [main] DEBUG org.dbunit.util.CollectionsHelper  - setToStrings(set=[AUTHORITY, USER, USERS_AUTHORITIES]) - start
194233 [main] DEBUG org.dbunit.database.search.TablesDependencyHelper  - getDependsOnTables(connection=_databaseConfig=org.dbunit.database.DatabaseConfig[, _propertyMap={http://www.dbunit.org/properties/statementFactory=org.dbunit.database.statement.PreparedStatementFactory@626bc2b8, http://www.dbunit.org/features/caseSensitiveTableNames=false, http://www.dbunit.org/properties/fetchSize=100, http://www.dbunit.org/features/batchedStatements=false, http://www.dbunit.org/properties/metadataHandler=org.dbunit.database.DefaultMetadataHandler@3eeace42, http://www.dbunit.org/properties/datatypeFactory=org.dbunit.dataset.datatype.DefaultDataTypeFactory[_toleratedDeltaMap=org.dbunit.dataset.datatype.ToleratedDeltaMap@6452310a], http://www.dbunit.org/properties/escapePattern=null, http://www.dbunit.org/properties/batchSize=100, http://www.dbunit.org/features/qualifiedTableNames=false, http://www.dbunit.org/properties/tableType=[Ljava.lang.String;@5011bafa, http://www.dbunit.org/properties/resultSetTableFactory=org.dbunit.database.CachedResultSetTableFactory@10bcf083, http://www.dbunit.org/features/datatypeWarning=true}], _dataSet=AbstractDataSet[_orderedTableNameMap=null], rootTable=USERS_AUTHORITIES) - start
194233 [main] DEBUG org.dbunit.util.search.DepthFirstSearch  - search(nodesFrom=[USERS_AUTHORITIES], callback=org.dbunit.database.search.ExportedKeysSearchCallback@7700d405) - start
194233 [main] DEBUG org.dbunit.util.CollectionsHelper  - objectsToSet(objects=USERS_AUTHORITIES) - start
194233 [main] DEBUG org.dbunit.util.search.DepthFirstSearch  - search(nodesFrom=[USERS_AUTHORITIES], callback=org.dbunit.database.search.ExportedKeysSearchCallback@7700d405) - start
194233 [main] DEBUG org.dbunit.util.search.DepthFirstSearch  - reverseSearch:USERS_AUTHORITIES
194233 [main] DEBUG org.dbunit.database.search.ExportedKeysSearchCallback  - searchNode(node=USERS_AUTHORITIES) - start
194233 [main] DEBUG org.dbunit.util.search.DepthFirstSearch  - Pushing (reverse) USERS_AUTHORITIES
194233 [main] DEBUG org.dbunit.database.search.ExportedKeysSearchCallback  - getEdges(node=USERS_AUTHORITIES) - start
194233 [main] DEBUG org.dbunit.database.search.AbstractMetaDataBasedSearchCallback  - getNodesFromExportedKeys(node=USERS_AUTHORITIES) - start
194233 [main] DEBUG org.dbunit.database.search.AbstractMetaDataBasedSearchCallback  - getNodes(type=1, node=USERS_AUTHORITIES) - start
194233 [main] DEBUG org.dbunit.database.DatabaseDataSourceConnection  - getConnection() - start
194233 [main] DEBUG org.dbunit.database.search.AbstractMetaDataBasedSearchCallback  - getNodes(type=1, node=USERS_AUTHORITIES, conn=Transaction-aware proxy for target Connection [jdbc:hsqldb:mem:kontrollDS, UserName=sw, HSQL Database Engine Driver], schema=null, metaData=org.apache.commons.dbcp.DelegatingDatabaseMetaData@575fd14c, edges=[]) - start
194233 [main] DEBUG org.dbunit.database.search.AbstractMetaDataBasedSearchCallback  - Getting edges for node USERS_AUTHORITIES
194233 [main] TRACE org.dbunit.database.DatabaseConfig  - getProperty(name=http://www.dbunit.org/properties/metadataHandler) - start
194234 [main] TRACE org.dbunit.database.DefaultMetadataHandler  - tableExists(metaData=org.apache.commons.dbcp.DelegatingDatabaseMetaData@575fd14c, schemaName=null, tableName=USERS_AUTHORITIES) - start
194235 [main] DEBUG org.dbunit.util.SQLHelper  - close(resultSet=org.apache.commons.dbcp.DelegatingResultSet@37a57723) - start
194235 [main] DEBUG org.dbunit.util.SQLHelper  - close(resultSet=org.apache.commons.dbcp.DelegatingResultSet@2e56e71a) - start
194235 [main] DEBUG org.dbunit.util.search.DepthFirstSearch  - search:USERS_AUTHORITIES
194235 [main] DEBUG org.dbunit.database.search.ExportedKeysSearchCallback  - searchNode(node=USERS_AUTHORITIES) - start
194235 [main] DEBUG org.dbunit.util.search.DepthFirstSearch  - Pushing USERS_AUTHORITIES
194235 [main] DEBUG org.dbunit.database.search.ExportedKeysSearchCallback  - getEdges(node=USERS_AUTHORITIES) - start
194235 [main] DEBUG org.dbunit.database.search.AbstractMetaDataBasedSearchCallback  - getNodesFromExportedKeys(node=USERS_AUTHORITIES) - start
194235 [main] DEBUG org.dbunit.database.search.AbstractMetaDataBasedSearchCallback  - getNodes(type=1, node=USERS_AUTHORITIES) - start
194235 [main] DEBUG org.dbunit.database.DatabaseDataSourceConnection  - getConnection() - start
194235 [main] DEBUG org.dbunit.database.search.AbstractMetaDataBasedSearchCallback  - getNodes(type=1, node=USERS_AUTHORITIES, conn=Transaction-aware proxy for target Connection [jdbc:hsqldb:mem:kontrollDS, UserName=sw, HSQL Database Engine Driver], schema=null, metaData=org.apache.commons.dbcp.DelegatingDatabaseMetaData@4b5e73ba, edges=[]) - start
194235 [main] DEBUG org.dbunit.database.search.AbstractMetaDataBasedSearchCallback  - Getting edges for node USERS_AUTHORITIES
194235 [main] TRACE org.dbunit.database.DatabaseConfig  - getProperty(name=http://www.dbunit.org/properties/metadataHandler) - start
194235 [main] TRACE org.dbunit.database.DefaultMetadataHandler  - tableExists(metaData=org.apache.commons.dbcp.DelegatingDatabaseMetaData@4b5e73ba, schemaName=null, tableName=USERS_AUTHORITIES) - start
194236 [main] DEBUG org.dbunit.util.SQLHelper  - close(resultSet=org.apache.commons.dbcp.DelegatingResultSet@4189092f) - start
194236 [main] DEBUG org.dbunit.util.SQLHelper  - close(resultSet=org.apache.commons.dbcp.DelegatingResultSet@63ff1bad) - start
194236 [main] DEBUG org.dbunit.util.search.DepthFirstSearch  - Adding node USERS_AUTHORITIES to the final result
194237 [main] DEBUG org.dbunit.util.CollectionsHelper  - setToStrings(set=[USERS_AUTHORITIES]) - start
194237 [main] DEBUG org.dbunit.database.search.TablesDependencyHelper  - getDirectDependsOnTables(connection=_databaseConfig=org.dbunit.database.DatabaseConfig[, _propertyMap={http://www.dbunit.org/properties/statementFactory=org.dbunit.database.statement.PreparedStatementFactory@626bc2b8, http://www.dbunit.org/features/caseSensitiveTableNames=false, http://www.dbunit.org/properties/fetchSize=100, http://www.dbunit.org/features/batchedStatements=false, http://www.dbunit.org/properties/metadataHandler=org.dbunit.database.DefaultMetadataHandler@3eeace42, http://www.dbunit.org/properties/datatypeFactory=org.dbunit.dataset.datatype.DefaultDataTypeFactory[_toleratedDeltaMap=org.dbunit.dataset.datatype.ToleratedDeltaMap@6452310a], http://www.dbunit.org/properties/escapePattern=null, http://www.dbunit.org/properties/batchSize=100, http://www.dbunit.org/features/qualifiedTableNames=false, http://www.dbunit.org/properties/tableType=[Ljava.lang.String;@5011bafa, http://www.dbunit.org/properties/resultSetTableFactory=org.dbunit.database.CachedResultSetTableFactory@10bcf083, http://www.dbunit.org/features/datatypeWarning=true}], _dataSet=AbstractDataSet[_orderedTableNameMap=null], tableName=USERS_AUTHORITIES) - start
194237 [main] DEBUG org.dbunit.util.search.DepthFirstSearch  - search(nodesFrom=[USERS_AUTHORITIES], callback=org.dbunit.database.search.ExportedKeysSearchCallback@6f337fe0) - start
194237 [main] DEBUG org.dbunit.util.CollectionsHelper  - objectsToSet(objects=USERS_AUTHORITIES) - start
194237 [main] DEBUG org.dbunit.util.search.DepthFirstSearch  - search(nodesFrom=[USERS_AUTHORITIES], callback=org.dbunit.database.search.ExportedKeysSearchCallback@6f337fe0) - start
194237 [main] DEBUG org.dbunit.util.search.DepthFirstSearch  - reverseSearch:USERS_AUTHORITIES
194237 [main] DEBUG org.dbunit.database.search.ExportedKeysSearchCallback  - searchNode(node=USERS_AUTHORITIES) - start
194237 [main] DEBUG org.dbunit.util.search.DepthFirstSearch  - Pushing (reverse) USERS_AUTHORITIES
194237 [main] DEBUG org.dbunit.database.search.ExportedKeysSearchCallback  - getEdges(node=USERS_AUTHORITIES) - start
194237 [main] DEBUG org.dbunit.database.search.AbstractMetaDataBasedSearchCallback  - getNodesFromExportedKeys(node=USERS_AUTHORITIES) - start
194237 [main] DEBUG org.dbunit.database.search.AbstractMetaDataBasedSearchCallback  - getNodes(type=1, node=USERS_AUTHORITIES) - start
194237 [main] DEBUG org.dbunit.database.DatabaseDataSourceConnection  - getConnection() - start
194237 [main] DEBUG org.dbunit.database.search.AbstractMetaDataBasedSearchCallback  - getNodes(type=1, node=USERS_AUTHORITIES, conn=Transaction-aware proxy for target Connection [jdbc:hsqldb:mem:kontrollDS, UserName=sw, HSQL Database Engine Driver], schema=null, metaData=org.apache.commons.dbcp.DelegatingDatabaseMetaData@1e108429, edges=[]) - start
194237 [main] DEBUG org.dbunit.database.search.AbstractMetaDataBasedSearchCallback  - Getting edges for node USERS_AUTHORITIES
194237 [main] TRACE org.dbunit.database.DatabaseConfig  - getProperty(name=http://www.dbunit.org/properties/metadataHandler) - start
194237 [main] TRACE org.dbunit.database.DefaultMetadataHandler  - tableExists(metaData=org.apache.commons.dbcp.DelegatingDatabaseMetaData@1e108429, schemaName=null, tableName=USERS_AUTHORITIES) - start
194238 [main] DEBUG org.dbunit.util.SQLHelper  - close(resultSet=org.apache.commons.dbcp.DelegatingResultSet@19b81693) - start
194239 [main] DEBUG org.dbunit.util.SQLHelper  - close(resultSet=org.apache.commons.dbcp.DelegatingResultSet@7dae9cd2) - start
194239 [main] DEBUG org.dbunit.util.search.DepthFirstSearch  - search:USERS_AUTHORITIES
194239 [main] DEBUG org.dbunit.database.search.ExportedKeysSearchCallback  - searchNode(node=USERS_AUTHORITIES) - start
194239 [main] DEBUG org.dbunit.util.search.DepthFirstSearch  - Pushing USERS_AUTHORITIES
194239 [main] DEBUG org.dbunit.database.search.ExportedKeysSearchCallback  - getEdges(node=USERS_AUTHORITIES) - start
194239 [main] DEBUG org.dbunit.database.search.AbstractMetaDataBasedSearchCallback  - getNodesFromExportedKeys(node=USERS_AUTHORITIES) - start
194239 [main] DEBUG org.dbunit.database.search.AbstractMetaDataBasedSearchCallback  - getNodes(type=1, node=USERS_AUTHORITIES) - start
194239 [main] DEBUG org.dbunit.database.DatabaseDataSourceConnection  - getConnection() - start
194239 [main] DEBUG org.dbunit.database.search.AbstractMetaDataBasedSearchCallback  - getNodes(type=1, node=USERS_AUTHORITIES, conn=Transaction-aware proxy for target Connection [jdbc:hsqldb:mem:kontrollDS, UserName=sw, HSQL Database Engine Driver], schema=null, metaData=org.apache.commons.dbcp.DelegatingDatabaseMetaData@52b9df74, edges=[]) - start
194239 [main] DEBUG org.dbunit.database.search.AbstractMetaDataBasedSearchCallback  - Getting edges for node USERS_AUTHORITIES
194239 [main] TRACE org.dbunit.database.DatabaseConfig  - getProperty(name=http://www.dbunit.org/properties/metadataHandler) - start
194239 [main] TRACE org.dbunit.database.DefaultMetadataHandler  - tableExists(metaData=org.apache.commons.dbcp.DelegatingDatabaseMetaData@52b9df74, schemaName=null, tableName=USERS_AUTHORITIES) - start
194240 [main] DEBUG org.dbunit.util.SQLHelper  - close(resultSet=org.apache.commons.dbcp.DelegatingResultSet@137554fc) - start
194240 [main] DEBUG org.dbunit.util.SQLHelper  - close(resultSet=org.apache.commons.dbcp.DelegatingResultSet@33ed54fb) - start
194241 [main] DEBUG org.dbunit.util.search.DepthFirstSearch  - Adding node USERS_AUTHORITIES to the final result
194241 [main] DEBUG org.dbunit.database.search.TablesDependencyHelper  - getDirectDependentTables(connection=_databaseConfig=org.dbunit.database.DatabaseConfig[, _propertyMap={http://www.dbunit.org/properties/statementFactory=org.dbunit.database.statement.PreparedStatementFactory@626bc2b8, http://www.dbunit.org/features/caseSensitiveTableNames=false, http://www.dbunit.org/properties/fetchSize=100, http://www.dbunit.org/features/batchedStatements=false, http://www.dbunit.org/properties/metadataHandler=org.dbunit.database.DefaultMetadataHandler@3eeace42, http://www.dbunit.org/properties/datatypeFactory=org.dbunit.dataset.datatype.DefaultDataTypeFactory[_toleratedDeltaMap=org.dbunit.dataset.datatype.ToleratedDeltaMap@6452310a], http://www.dbunit.org/properties/escapePattern=null, http://www.dbunit.org/properties/batchSize=100, http://www.dbunit.org/features/qualifiedTableNames=false, http://www.dbunit.org/properties/tableType=[Ljava.lang.String;@5011bafa, http://www.dbunit.org/properties/resultSetTableFactory=org.dbunit.database.CachedResultSetTableFactory@10bcf083, http://www.dbunit.org/features/datatypeWarning=true}], _dataSet=AbstractDataSet[_orderedTableNameMap=null], tableName=USERS_AUTHORITIES) - start
194241 [main] DEBUG org.dbunit.util.search.DepthFirstSearch  - search(nodesFrom=[USERS_AUTHORITIES], callback=org.dbunit.database.search.ImportedKeysSearchCallback@6854719d) - start
194241 [main] DEBUG org.dbunit.util.CollectionsHelper  - objectsToSet(objects=USERS_AUTHORITIES) - start
194241 [main] DEBUG org.dbunit.util.search.DepthFirstSearch  - search(nodesFrom=[USERS_AUTHORITIES], callback=org.dbunit.database.search.ImportedKeysSearchCallback@6854719d) - start
194241 [main] DEBUG org.dbunit.util.search.DepthFirstSearch  - reverseSearch:USERS_AUTHORITIES
194241 [main] DEBUG org.dbunit.database.search.ImportedKeysSearchCallback  - searchNode(node=USERS_AUTHORITIES) - start
194241 [main] DEBUG org.dbunit.util.search.DepthFirstSearch  - Pushing (reverse) USERS_AUTHORITIES
194241 [main] DEBUG org.dbunit.database.search.ImportedKeysSearchCallback  - getEdges(node=USERS_AUTHORITIES) - start
194241 [main] DEBUG org.dbunit.database.search.AbstractMetaDataBasedSearchCallback  - getNodesFromImportedKeys(node=USERS_AUTHORITIES) - start
194241 [main] DEBUG org.dbunit.database.search.AbstractMetaDataBasedSearchCallback  - getNodes(type=0, node=USERS_AUTHORITIES) - start
194241 [main] DEBUG org.dbunit.database.DatabaseDataSourceConnection  - getConnection() - start
194241 [main] DEBUG org.dbunit.database.search.AbstractMetaDataBasedSearchCallback  - getNodes(type=0, node=USERS_AUTHORITIES, conn=Transaction-aware proxy for target Connection [jdbc:hsqldb:mem:kontrollDS, UserName=sw, HSQL Database Engine Driver], schema=null, metaData=org.apache.commons.dbcp.DelegatingDatabaseMetaData@7fef2fed, edges=[]) - start
194241 [main] DEBUG org.dbunit.database.search.AbstractMetaDataBasedSearchCallback  - Getting edges for node USERS_AUTHORITIES
194241 [main] TRACE org.dbunit.database.DatabaseConfig  - getProperty(name=http://www.dbunit.org/properties/metadataHandler) - start
194241 [main] TRACE org.dbunit.database.DefaultMetadataHandler  - tableExists(metaData=org.apache.commons.dbcp.DelegatingDatabaseMetaData@7fef2fed, schemaName=null, tableName=USERS_AUTHORITIES) - start
194242 [main] DEBUG org.dbunit.util.SQLHelper  - close(resultSet=org.apache.commons.dbcp.DelegatingResultSet@11f9d4e8) - start
194243 [main] DEBUG org.dbunit.util.QualifiedTableName  - getQualifiedNameIfEnabled(config=org.dbunit.database.DatabaseConfig[, _propertyMap={http://www.dbunit.org/properties/statementFactory=org.dbunit.database.statement.PreparedStatementFactory@626bc2b8, http://www.dbunit.org/features/caseSensitiveTableNames=false, http://www.dbunit.org/properties/fetchSize=100, http://www.dbunit.org/features/batchedStatements=false, http://www.dbunit.org/properties/metadataHandler=org.dbunit.database.DefaultMetadataHandler@3eeace42, http://www.dbunit.org/properties/datatypeFactory=org.dbunit.dataset.datatype.DefaultDataTypeFactory[_toleratedDeltaMap=org.dbunit.dataset.datatype.ToleratedDeltaMap@6452310a], http://www.dbunit.org/properties/escapePattern=null, http://www.dbunit.org/properties/batchSize=100, http://www.dbunit.org/features/qualifiedTableNames=false, http://www.dbunit.org/properties/tableType=[Ljava.lang.String;@5011bafa, http://www.dbunit.org/properties/resultSetTableFactory=org.dbunit.database.CachedResultSetTableFactory@10bcf083, http://www.dbunit.org/features/datatypeWarning=true}]) - start
194243 [main] TRACE org.dbunit.database.DatabaseConfig  - getFeature(name=http://www.dbunit.org/features/qualifiedTableNames) - start
194243 [main] TRACE org.dbunit.database.DatabaseConfig  - getProperty(name=http://www.dbunit.org/features/qualifiedTableNames) - start
194243 [main] DEBUG org.dbunit.util.QualifiedTableName  - Qualified table names feature is disabled. Returning plain table name
194243 [main] DEBUG org.dbunit.util.QualifiedTableName  - getQualifiedName(prefix=null, name=USERS_AUTHORITIES, escapePattern=null) - start
194243 [main] DEBUG org.dbunit.util.QualifiedTableName  - getQualifiedNameIfEnabled(config=org.dbunit.database.DatabaseConfig[, _propertyMap={http://www.dbunit.org/properties/statementFactory=org.dbunit.database.statement.PreparedStatementFactory@626bc2b8, http://www.dbunit.org/features/caseSensitiveTableNames=false, http://www.dbunit.org/properties/fetchSize=100, http://www.dbunit.org/features/batchedStatements=false, http://www.dbunit.org/properties/metadataHandler=org.dbunit.database.DefaultMetadataHandler@3eeace42, http://www.dbunit.org/properties/datatypeFactory=org.dbunit.dataset.datatype.DefaultDataTypeFactory[_toleratedDeltaMap=org.dbunit.dataset.datatype.ToleratedDeltaMap@6452310a], http://www.dbunit.org/properties/escapePattern=null, http://www.dbunit.org/properties/batchSize=100, http://www.dbunit.org/features/qualifiedTableNames=false, http://www.dbunit.org/properties/tableType=[Ljava.lang.String;@5011bafa, http://www.dbunit.org/properties/resultSetTableFactory=org.dbunit.database.CachedResultSetTableFactory@10bcf083, http://www.dbunit.org/features/datatypeWarning=true}]) - start
194243 [main] TRACE org.dbunit.database.DatabaseConfig  - getFeature(name=http://www.dbunit.org/features/qualifiedTableNames) - start
194243 [main] TRACE org.dbunit.database.DatabaseConfig  - getProperty(name=http://www.dbunit.org/features/qualifiedTableNames) - start
194243 [main] DEBUG org.dbunit.util.QualifiedTableName  - Qualified table names feature is disabled. Returning plain table name
194243 [main] DEBUG org.dbunit.util.QualifiedTableName  - getQualifiedName(prefix=null, name=AUTHORITY, escapePattern=null) - start
194243 [main] DEBUG org.dbunit.database.search.AbstractMetaDataBasedSearchCallback  - newEdge(rs=org.apache.commons.dbcp.DelegatingResultSet@2bb4efc, type=0, from=USERS_AUTHORITIES, to=AUTHORITY, fkColumn=AUTHORITY_ID, pkColumn=ID) - start
194243 [main] DEBUG org.dbunit.database.search.AbstractMetaDataBasedSearchCallback  - createFKEdge(rs=org.apache.commons.dbcp.DelegatingResultSet@2bb4efc, type=0, from=USERS_AUTHORITIES, to=AUTHORITY, fkColumn=AUTHORITY_ID, pkColumn=ID) - start
194243 [main] DEBUG org.dbunit.database.search.AbstractMetaDataBasedSearchCallback  - Adding edge USERS_AUTHORITIES(AUTHORITY_ID)->AUTHORITY(ID)
194243 [main] DEBUG org.dbunit.util.search.Edge  - compareTo(o=USERS_AUTHORITIES(AUTHORITY_ID)->AUTHORITY(ID)) - start
194243 [main] DEBUG org.dbunit.util.QualifiedTableName  - getQualifiedNameIfEnabled(config=org.dbunit.database.DatabaseConfig[, _propertyMap={http://www.dbunit.org/properties/statementFactory=org.dbunit.database.statement.PreparedStatementFactory@626bc2b8, http://www.dbunit.org/features/caseSensitiveTableNames=false, http://www.dbunit.org/properties/fetchSize=100, http://www.dbunit.org/features/batchedStatements=false, http://www.dbunit.org/properties/metadataHandler=org.dbunit.database.DefaultMetadataHandler@3eeace42, http://www.dbunit.org/properties/datatypeFactory=org.dbunit.dataset.datatype.DefaultDataTypeFactory[_toleratedDeltaMap=org.dbunit.dataset.datatype.ToleratedDeltaMap@6452310a], http://www.dbunit.org/properties/escapePattern=null, http://www.dbunit.org/properties/batchSize=100, http://www.dbunit.org/features/qualifiedTableNames=false, http://www.dbunit.org/properties/tableType=[Ljava.lang.String;@5011bafa, http://www.dbunit.org/properties/resultSetTableFactory=org.dbunit.database.CachedResultSetTableFactory@10bcf083, http://www.dbunit.org/features/datatypeWarning=true}]) - start
194244 [main] TRACE org.dbunit.database.DatabaseConfig  - getFeature(name=http://www.dbunit.org/features/qualifiedTableNames) - start
194244 [main] TRACE org.dbunit.database.DatabaseConfig  - getProperty(name=http://www.dbunit.org/features/qualifiedTableNames) - start
194244 [main] DEBUG org.dbunit.util.QualifiedTableName  - Qualified table names feature is disabled. Returning plain table name
194244 [main] DEBUG org.dbunit.util.QualifiedTableName  - getQualifiedName(prefix=null, name=USERS_AUTHORITIES, escapePattern=null) - start
194244 [main] DEBUG org.dbunit.util.QualifiedTableName  - getQualifiedNameIfEnabled(config=org.dbunit.database.DatabaseConfig[, _propertyMap={http://www.dbunit.org/properties/statementFactory=org.dbunit.database.statement.PreparedStatementFactory@626bc2b8, http://www.dbunit.org/features/caseSensitiveTableNames=false, http://www.dbunit.org/properties/fetchSize=100, http://www.dbunit.org/features/batchedStatements=false, http://www.dbunit.org/properties/metadataHandler=org.dbunit.database.DefaultMetadataHandler@3eeace42, http://www.dbunit.org/properties/datatypeFactory=org.dbunit.dataset.datatype.DefaultDataTypeFactory[_toleratedDeltaMap=org.dbunit.dataset.datatype.ToleratedDeltaMap@6452310a], http://www.dbunit.org/properties/escapePattern=null, http://www.dbunit.org/properties/batchSize=100, http://www.dbunit.org/features/qualifiedTableNames=false, http://www.dbunit.org/properties/tableType=[Ljava.lang.String;@5011bafa, http://www.dbunit.org/properties/resultSetTableFactory=org.dbunit.database.CachedResultSetTableFactory@10bcf083, http://www.dbunit.org/features/datatypeWarning=true}]) - start
194244 [main] TRACE org.dbunit.database.DatabaseConfig  - getFeature(name=http://www.dbunit.org/features/qualifiedTableNames) - start
194244 [main] TRACE org.dbunit.database.DatabaseConfig  - getProperty(name=http://www.dbunit.org/features/qualifiedTableNames) - start
194244 [main] DEBUG org.dbunit.util.QualifiedTableName  - Qualified table names feature is disabled. Returning plain table name
194244 [main] DEBUG org.dbunit.util.QualifiedTableName  - getQualifiedName(prefix=null, name=USER, escapePattern=null) - start
194244 [main] DEBUG org.dbunit.database.search.AbstractMetaDataBasedSearchCallback  - newEdge(rs=org.apache.commons.dbcp.DelegatingResultSet@2bb4efc, type=0, from=USERS_AUTHORITIES, to=USER, fkColumn=USER_ID, pkColumn=ID) - start
194244 [main] DEBUG org.dbunit.database.search.AbstractMetaDataBasedSearchCallback  - createFKEdge(rs=org.apache.commons.dbcp.DelegatingResultSet@2bb4efc, type=0, from=USERS_AUTHORITIES, to=USER, fkColumn=USER_ID, pkColumn=ID) - start
194244 [main] DEBUG org.dbunit.database.search.AbstractMetaDataBasedSearchCallback  - Adding edge USERS_AUTHORITIES(USER_ID)->USER(ID)
194244 [main] DEBUG org.dbunit.util.search.Edge  - compareTo(o=USERS_AUTHORITIES(AUTHORITY_ID)->AUTHORITY(ID)) - start
194244 [main] DEBUG org.dbunit.util.SQLHelper  - close(resultSet=org.apache.commons.dbcp.DelegatingResultSet@2bb4efc) - start
194244 [main] DEBUG org.dbunit.util.search.DepthFirstSearch  - search:USERS_AUTHORITIES
194244 [main] DEBUG org.dbunit.database.search.ImportedKeysSearchCallback  - searchNode(node=USERS_AUTHORITIES) - start
194244 [main] DEBUG org.dbunit.util.search.DepthFirstSearch  - Pushing USERS_AUTHORITIES
194244 [main] DEBUG org.dbunit.database.search.ImportedKeysSearchCallback  - getEdges(node=USERS_AUTHORITIES) - start
194244 [main] DEBUG org.dbunit.database.search.AbstractMetaDataBasedSearchCallback  - getNodesFromImportedKeys(node=USERS_AUTHORITIES) - start
194244 [main] DEBUG org.dbunit.database.search.AbstractMetaDataBasedSearchCallback  - getNodes(type=0, node=USERS_AUTHORITIES) - start
194244 [main] DEBUG org.dbunit.database.DatabaseDataSourceConnection  - getConnection() - start
194244 [main] DEBUG org.dbunit.database.search.AbstractMetaDataBasedSearchCallback  - getNodes(type=0, node=USERS_AUTHORITIES, conn=Transaction-aware proxy for target Connection [jdbc:hsqldb:mem:kontrollDS, UserName=sw, HSQL Database Engine Driver], schema=null, metaData=org.apache.commons.dbcp.DelegatingDatabaseMetaData@573e83ca, edges=[]) - start
194244 [main] DEBUG org.dbunit.database.search.AbstractMetaDataBasedSearchCallback  - Getting edges for node USERS_AUTHORITIES
194244 [main] TRACE org.dbunit.database.DatabaseConfig  - getProperty(name=http://www.dbunit.org/properties/metadataHandler) - start
194244 [main] TRACE org.dbunit.database.DefaultMetadataHandler  - tableExists(metaData=org.apache.commons.dbcp.DelegatingDatabaseMetaData@573e83ca, schemaName=null, tableName=USERS_AUTHORITIES) - start
194245 [main] DEBUG org.dbunit.util.SQLHelper  - close(resultSet=org.apache.commons.dbcp.DelegatingResultSet@220baa54) - start
194246 [main] DEBUG org.dbunit.util.QualifiedTableName  - getQualifiedNameIfEnabled(config=org.dbunit.database.DatabaseConfig[, _propertyMap={http://www.dbunit.org/properties/statementFactory=org.dbunit.database.statement.PreparedStatementFactory@626bc2b8, http://www.dbunit.org/features/caseSensitiveTableNames=false, http://www.dbunit.org/properties/fetchSize=100, http://www.dbunit.org/features/batchedStatements=false, http://www.dbunit.org/properties/metadataHandler=org.dbunit.database.DefaultMetadataHandler@3eeace42, http://www.dbunit.org/properties/datatypeFactory=org.dbunit.dataset.datatype.DefaultDataTypeFactory[_toleratedDeltaMap=org.dbunit.dataset.datatype.ToleratedDeltaMap@6452310a], http://www.dbunit.org/properties/escapePattern=null, http://www.dbunit.org/properties/batchSize=100, http://www.dbunit.org/features/qualifiedTableNames=false, http://www.dbunit.org/properties/tableType=[Ljava.lang.String;@5011bafa, http://www.dbunit.org/properties/resultSetTableFactory=org.dbunit.database.CachedResultSetTableFactory@10bcf083, http://www.dbunit.org/features/datatypeWarning=true}]) - start
194246 [main] TRACE org.dbunit.database.DatabaseConfig  - getFeature(name=http://www.dbunit.org/features/qualifiedTableNames) - start
194246 [main] TRACE org.dbunit.database.DatabaseConfig  - getProperty(name=http://www.dbunit.org/features/qualifiedTableNames) - start
194246 [main] DEBUG org.dbunit.util.QualifiedTableName  - Qualified table names feature is disabled. Returning plain table name
194246 [main] DEBUG org.dbunit.util.QualifiedTableName  - getQualifiedName(prefix=null, name=USERS_AUTHORITIES, escapePattern=null) - start
194246 [main] DEBUG org.dbunit.util.QualifiedTableName  - getQualifiedNameIfEnabled(config=org.dbunit.database.DatabaseConfig[, _propertyMap={http://www.dbunit.org/properties/statementFactory=org.dbunit.database.statement.PreparedStatementFactory@626bc2b8, http://www.dbunit.org/features/caseSensitiveTableNames=false, http://www.dbunit.org/properties/fetchSize=100, http://www.dbunit.org/features/batchedStatements=false, http://www.dbunit.org/properties/metadataHandler=org.dbunit.database.DefaultMetadataHandler@3eeace42, http://www.dbunit.org/properties/datatypeFactory=org.dbunit.dataset.datatype.DefaultDataTypeFactory[_toleratedDeltaMap=org.dbunit.dataset.datatype.ToleratedDeltaMap@6452310a], http://www.dbunit.org/properties/escapePattern=null, http://www.dbunit.org/properties/batchSize=100, http://www.dbunit.org/features/qualifiedTableNames=false, http://www.dbunit.org/properties/tableType=[Ljava.lang.String;@5011bafa, http://www.dbunit.org/properties/resultSetTableFactory=org.dbunit.database.CachedResultSetTableFactory@10bcf083, http://www.dbunit.org/features/datatypeWarning=true}]) - start
194246 [main] TRACE org.dbunit.database.DatabaseConfig  - getFeature(name=http://www.dbunit.org/features/qualifiedTableNames) - start
194246 [main] TRACE org.dbunit.database.DatabaseConfig  - getProperty(name=http://www.dbunit.org/features/qualifiedTableNames) - start
194246 [main] DEBUG org.dbunit.util.QualifiedTableName  - Qualified table names feature is disabled. Returning plain table name
194246 [main] DEBUG org.dbunit.util.QualifiedTableName  - getQualifiedName(prefix=null, name=AUTHORITY, escapePattern=null) - start
194246 [main] DEBUG org.dbunit.database.search.AbstractMetaDataBasedSearchCallback  - newEdge(rs=org.apache.commons.dbcp.DelegatingResultSet@5844d18c, type=0, from=USERS_AUTHORITIES, to=AUTHORITY, fkColumn=AUTHORITY_ID, pkColumn=ID) - start
194246 [main] DEBUG org.dbunit.database.search.AbstractMetaDataBasedSearchCallback  - createFKEdge(rs=org.apache.commons.dbcp.DelegatingResultSet@5844d18c, type=0, from=USERS_AUTHORITIES, to=AUTHORITY, fkColumn=AUTHORITY_ID, pkColumn=ID) - start
194246 [main] DEBUG org.dbunit.database.search.AbstractMetaDataBasedSearchCallback  - Adding edge USERS_AUTHORITIES(AUTHORITY_ID)->AUTHORITY(ID)
194246 [main] DEBUG org.dbunit.util.search.Edge  - compareTo(o=USERS_AUTHORITIES(AUTHORITY_ID)->AUTHORITY(ID)) - start
194246 [main] DEBUG org.dbunit.util.QualifiedTableName  - getQualifiedNameIfEnabled(config=org.dbunit.database.DatabaseConfig[, _propertyMap={http://www.dbunit.org/properties/statementFactory=org.dbunit.database.statement.PreparedStatementFactory@626bc2b8, http://www.dbunit.org/features/caseSensitiveTableNames=false, http://www.dbunit.org/properties/fetchSize=100, http://www.dbunit.org/features/batchedStatements=false, http://www.dbunit.org/properties/metadataHandler=org.dbunit.database.DefaultMetadataHandler@3eeace42, http://www.dbunit.org/properties/datatypeFactory=org.dbunit.dataset.datatype.DefaultDataTypeFactory[_toleratedDeltaMap=org.dbunit.dataset.datatype.ToleratedDeltaMap@6452310a], http://www.dbunit.org/properties/escapePattern=null, http://www.dbunit.org/properties/batchSize=100, http://www.dbunit.org/features/qualifiedTableNames=false, http://www.dbunit.org/properties/tableType=[Ljava.lang.String;@5011bafa, http://www.dbunit.org/properties/resultSetTableFactory=org.dbunit.database.CachedResultSetTableFactory@10bcf083, http://www.dbunit.org/features/datatypeWarning=true}]) - start
194247 [main] TRACE org.dbunit.database.DatabaseConfig  - getFeature(name=http://www.dbunit.org/features/qualifiedTableNames) - start
194247 [main] TRACE org.dbunit.database.DatabaseConfig  - getProperty(name=http://www.dbunit.org/features/qualifiedTableNames) - start
194247 [main] DEBUG org.dbunit.util.QualifiedTableName  - Qualified table names feature is disabled. Returning plain table name
194247 [main] DEBUG org.dbunit.util.QualifiedTableName  - getQualifiedName(prefix=null, name=USERS_AUTHORITIES, escapePattern=null) - start
194247 [main] DEBUG org.dbunit.util.QualifiedTableName  - getQualifiedNameIfEnabled(config=org.dbunit.database.DatabaseConfig[, _propertyMap={http://www.dbunit.org/properties/statementFactory=org.dbunit.database.statement.PreparedStatementFactory@626bc2b8, http://www.dbunit.org/features/caseSensitiveTableNames=false, http://www.dbunit.org/properties/fetchSize=100, http://www.dbunit.org/features/batchedStatements=false, http://www.dbunit.org/properties/metadataHandler=org.dbunit.database.DefaultMetadataHandler@3eeace42, http://www.dbunit.org/properties/datatypeFactory=org.dbunit.dataset.datatype.DefaultDataTypeFactory[_toleratedDeltaMap=org.dbunit.dataset.datatype.ToleratedDeltaMap@6452310a], http://www.dbunit.org/properties/escapePattern=null, http://www.dbunit.org/properties/batchSize=100, http://www.dbunit.org/features/qualifiedTableNames=false, http://www.dbunit.org/properties/tableType=[Ljava.lang.String;@5011bafa, http://www.dbunit.org/properties/resultSetTableFactory=org.dbunit.database.CachedResultSetTableFactory@10bcf083, http://www.dbunit.org/features/datatypeWarning=true}]) - start
194247 [main] TRACE org.dbunit.database.DatabaseConfig  - getFeature(name=http://www.dbunit.org/features/qualifiedTableNames) - start
194247 [main] TRACE org.dbunit.database.DatabaseConfig  - getProperty(name=http://www.dbunit.org/features/qualifiedTableNames) - start
194247 [main] DEBUG org.dbunit.util.QualifiedTableName  - Qualified table names feature is disabled. Returning plain table name
194247 [main] DEBUG org.dbunit.util.QualifiedTableName  - getQualifiedName(prefix=null, name=USER, escapePattern=null) - start
194247 [main] DEBUG org.dbunit.database.search.AbstractMetaDataBasedSearchCallback  - newEdge(rs=org.apache.commons.dbcp.DelegatingResultSet@5844d18c, type=0, from=USERS_AUTHORITIES, to=USER, fkColumn=USER_ID, pkColumn=ID) - start
194247 [main] DEBUG org.dbunit.database.search.AbstractMetaDataBasedSearchCallback  - createFKEdge(rs=org.apache.commons.dbcp.DelegatingResultSet@5844d18c, type=0, from=USERS_AUTHORITIES, to=USER, fkColumn=USER_ID, pkColumn=ID) - start
194247 [main] DEBUG org.dbunit.database.search.AbstractMetaDataBasedSearchCallback  - Adding edge USERS_AUTHORITIES(USER_ID)->USER(ID)
194247 [main] DEBUG org.dbunit.util.search.Edge  - compareTo(o=USERS_AUTHORITIES(AUTHORITY_ID)->AUTHORITY(ID)) - start
194247 [main] DEBUG org.dbunit.util.SQLHelper  - close(resultSet=org.apache.commons.dbcp.DelegatingResultSet@5844d18c) - start
194247 [main] DEBUG org.dbunit.util.search.DepthFirstSearch  - search:AUTHORITY
194247 [main] DEBUG org.dbunit.database.search.ImportedKeysSearchCallback  - searchNode(node=AUTHORITY) - start
194247 [main] DEBUG org.dbunit.util.search.DepthFirstSearch  - Pushing AUTHORITY
194247 [main] DEBUG org.dbunit.database.search.ImportedKeysSearchCallback  - getEdges(node=AUTHORITY) - start
194247 [main] DEBUG org.dbunit.database.search.AbstractMetaDataBasedSearchCallback  - getNodesFromImportedKeys(node=AUTHORITY) - start
194247 [main] DEBUG org.dbunit.database.search.AbstractMetaDataBasedSearchCallback  - getNodes(type=0, node=AUTHORITY) - start
194247 [main] DEBUG org.dbunit.database.DatabaseDataSourceConnection  - getConnection() - start
194247 [main] DEBUG org.dbunit.database.search.AbstractMetaDataBasedSearchCallback  - getNodes(type=0, node=AUTHORITY, conn=Transaction-aware proxy for target Connection [jdbc:hsqldb:mem:kontrollDS, UserName=sw, HSQL Database Engine Driver], schema=null, metaData=org.apache.commons.dbcp.DelegatingDatabaseMetaData@e196b9a, edges=[]) - start
194248 [main] DEBUG org.dbunit.database.search.AbstractMetaDataBasedSearchCallback  - Getting edges for node AUTHORITY
194248 [main] TRACE org.dbunit.database.DatabaseConfig  - getProperty(name=http://www.dbunit.org/properties/metadataHandler) - start
194248 [main] TRACE org.dbunit.database.DefaultMetadataHandler  - tableExists(metaData=org.apache.commons.dbcp.DelegatingDatabaseMetaData@e196b9a, schemaName=null, tableName=AUTHORITY) - start
194249 [main] DEBUG org.dbunit.util.SQLHelper  - close(resultSet=org.apache.commons.dbcp.DelegatingResultSet@1ce5f66b) - start
194249 [main] DEBUG org.dbunit.util.SQLHelper  - close(resultSet=org.apache.commons.dbcp.DelegatingResultSet@7f90554e) - start
194249 [main] DEBUG org.dbunit.util.search.DepthFirstSearch  - Adding node AUTHORITY to the final result
194249 [main] DEBUG org.dbunit.util.search.DepthFirstSearch  - search:USER
194249 [main] DEBUG org.dbunit.database.search.ImportedKeysSearchCallback  - searchNode(node=USER) - start
194249 [main] DEBUG org.dbunit.util.search.DepthFirstSearch  - Pushing USER
194249 [main] DEBUG org.dbunit.util.search.DepthFirstSearch  - Adding node USER to the final result
194249 [main] DEBUG org.dbunit.util.search.DepthFirstSearch  - Adding node USERS_AUTHORITIES to the final result
194249 [main] DEBUG org.dbunit.util.search.DepthFirstSearch  - reverseSearch:AUTHORITY
194249 [main] DEBUG org.dbunit.database.search.ImportedKeysSearchCallback  - searchNode(node=AUTHORITY) - start
194249 [main] DEBUG org.dbunit.util.search.DepthFirstSearch  - Pushing (reverse) AUTHORITY
194249 [main] DEBUG org.dbunit.database.search.ImportedKeysSearchCallback  - getEdges(node=AUTHORITY) - start
194249 [main] DEBUG org.dbunit.database.search.AbstractMetaDataBasedSearchCallback  - getNodesFromImportedKeys(node=AUTHORITY) - start
194249 [main] DEBUG org.dbunit.database.search.AbstractMetaDataBasedSearchCallback  - getNodes(type=0, node=AUTHORITY) - start
194249 [main] DEBUG org.dbunit.database.DatabaseDataSourceConnection  - getConnection() - start
194249 [main] DEBUG org.dbunit.database.search.AbstractMetaDataBasedSearchCallback  - getNodes(type=0, node=AUTHORITY, conn=Transaction-aware proxy for target Connection [jdbc:hsqldb:mem:kontrollDS, UserName=sw, HSQL Database Engine Driver], schema=null, metaData=org.apache.commons.dbcp.DelegatingDatabaseMetaData@5cd0b54f, edges=[]) - start
194250 [main] DEBUG org.dbunit.database.search.AbstractMetaDataBasedSearchCallback  - Getting edges for node AUTHORITY
194250 [main] TRACE org.dbunit.database.DatabaseConfig  - getProperty(name=http://www.dbunit.org/properties/metadataHandler) - start
194250 [main] TRACE org.dbunit.database.DefaultMetadataHandler  - tableExists(metaData=org.apache.commons.dbcp.DelegatingDatabaseMetaData@5cd0b54f, schemaName=null, tableName=AUTHORITY) - start
194251 [main] DEBUG org.dbunit.util.SQLHelper  - close(resultSet=org.apache.commons.dbcp.DelegatingResultSet@35ce03b5) - start
194251 [main] DEBUG org.dbunit.util.SQLHelper  - close(resultSet=org.apache.commons.dbcp.DelegatingResultSet@442a4d10) - start
194251 [main] DEBUG org.dbunit.util.search.DepthFirstSearch  - reverseSearch:USERS_AUTHORITIES
194251 [main] DEBUG org.dbunit.util.search.DepthFirstSearch  - already searched; returning true
194251 [main] DEBUG org.dbunit.util.search.DepthFirstSearch  - reverseSearch:USER
194251 [main] DEBUG org.dbunit.database.search.ImportedKeysSearchCallback  - searchNode(node=USER) - start
194251 [main] DEBUG org.dbunit.util.search.DepthFirstSearch  - Pushing (reverse) USER
194251 [main] DEBUG org.dbunit.database.search.ImportedKeysSearchCallback  - getEdges(node=USER) - start
194251 [main] DEBUG org.dbunit.database.search.AbstractMetaDataBasedSearchCallback  - getNodesFromImportedKeys(node=USER) - start
194251 [main] DEBUG org.dbunit.database.search.AbstractMetaDataBasedSearchCallback  - getNodes(type=0, node=USER) - start
194251 [main] DEBUG org.dbunit.database.DatabaseDataSourceConnection  - getConnection() - start
194251 [main] DEBUG org.dbunit.database.search.AbstractMetaDataBasedSearchCallback  - getNodes(type=0, node=USER, conn=Transaction-aware proxy for target Connection [jdbc:hsqldb:mem:kontrollDS, UserName=sw, HSQL Database Engine Driver], schema=null, metaData=org.apache.commons.dbcp.DelegatingDatabaseMetaData@35297866, edges=[]) - start
194251 [main] DEBUG org.dbunit.database.search.AbstractMetaDataBasedSearchCallback  - Getting edges for node USER
194251 [main] TRACE org.dbunit.database.DatabaseConfig  - getProperty(name=http://www.dbunit.org/properties/metadataHandler) - start
194252 [main] TRACE org.dbunit.database.DefaultMetadataHandler  - tableExists(metaData=org.apache.commons.dbcp.DelegatingDatabaseMetaData@35297866, schemaName=null, tableName=USER) - start
194252 [main] DEBUG org.dbunit.util.SQLHelper  - close(resultSet=org.apache.commons.dbcp.DelegatingResultSet@7d939ce2) - start
194253 [main] DEBUG org.dbunit.util.SQLHelper  - close(resultSet=org.apache.commons.dbcp.DelegatingResultSet@7ef284fb) - start
194253 [main] DEBUG org.dbunit.util.search.DepthFirstSearch  - search:USERS_AUTHORITIES
194253 [main] DEBUG org.dbunit.util.search.DepthFirstSearch  - already searched; returning true
194253 [main] DEBUG org.dbunit.util.search.DepthFirstSearch  - search:AUTHORITY
194253 [main] DEBUG org.dbunit.util.search.DepthFirstSearch  - already searched; returning true
194253 [main] DEBUG org.dbunit.util.search.DepthFirstSearch  - search:USER
194253 [main] DEBUG org.dbunit.util.search.DepthFirstSearch  - already searched; returning true
194253 [main] DEBUG org.dbunit.database.DatabaseSequenceFilter  - checkCycles() - start
194253 [main] DEBUG org.dbunit.database.DatabaseSequenceFilter  - checkCycles() - start
194253 [main] DEBUG org.dbunit.database.DatabaseSequenceFilter  - checkCycles() - start
194253 [main] DEBUG org.dbunit.database.DatabaseSequenceFilter  - checkCycles() - start
194253 [main] DEBUG org.dbunit.database.DatabaseSequenceFilter  - checkCycles() - start
194253 [main] DEBUG org.dbunit.database.DatabaseSequenceFilter  - checkCycles() - start
194253 [main] DEBUG org.dbunit.database.DatabaseSequenceFilter  - checkCycles() - start
194253 [main] DEBUG org.dbunit.database.DatabaseSequenceFilter  - checkCycles() - start
194253 [main] DEBUG org.dbunit.database.DatabaseSequenceFilter  - checkCycles() - start
194253 [main] DEBUG org.dbunit.database.DatabaseSequenceFilter  - checkCycles() - start
194253 [main] DEBUG org.dbunit.database.DatabaseSequenceFilter  - checkCycles() - start
194253 [main] DEBUG org.dbunit.database.DatabaseSequenceFilter  - checkCycles() - start
194253 [main] DEBUG org.dbunit.database.DatabaseSequenceFilter  - checkCycles() - start
194253 [main] DEBUG org.dbunit.database.DatabaseSequenceFilter  - checkCycles() - start
194253 [main] DEBUG org.dbunit.database.DatabaseSequenceFilter  - checkCycles() - start
194254 [main] DEBUG org.dbunit.database.DatabaseSequenceFilter  - sort(tableNames=[AUTHORITY, CAPTION, NESTEDSCOPEDCONTENTCONDITIONS, REQUESTCONTEXT, SCOPE, SCOPEDCONTENT, SCOPEDCONTENTCONDITION, SCOPEDCONTENTCONDITIONATTRIBUTE, SCOPEDCONTENTCONDITIONS_SCOPEDCONTENT, SCOPEDCONTENTCONDITIONS_SCOPEDCONTENTITEM, SCOPEDCONTENTITEM, SCOPEDCONTENT_SCOPEDCONTENTITEM, SCOPE_REQUESTCONTEXT, USER, USERS_AUTHORITIES], dependencies={SCOPE_REQUESTCONTEXT=DependencyInfo[table=SCOPE_REQUESTCONTEXT, directDependsOn=[], directDependent=[REQUESTCONTEXT, SCOPE], allDependsOn=[], allDependent=[REQUESTCONTEXT, SCOPE]], NESTEDSCOPEDCONTENTCONDITIONS=DependencyInfo[table=NESTEDSCOPEDCONTENTCONDITIONS, directDependsOn=[], directDependent=[SCOPEDCONTENTCONDITION], allDependsOn=[], allDependent=[SCOPEDCONTENTCONDITION]], SCOPE=DependencyInfo[table=SCOPE, directDependsOn=[SCOPEDCONTENTCONDITIONS_SCOPEDCONTENT, SCOPEDCONTENT_SCOPEDCONTENTITEM, SCOPEDCONTENT, SCOPE_REQUESTCONTEXT], directDependent=[], allDependsOn=[SCOPEDCONTENT, SCOPE_REQUESTCONTEXT, SCOPEDCONTENT_SCOPEDCONTENTITEM, SCOPEDCONTENTCONDITIONS_SCOPEDCONTENT], allDependent=[]], SCOPEDCONTENT_SCOPEDCONTENTITEM=DependencyInfo[table=SCOPEDCONTENT_SCOPEDCONTENTITEM, directDependsOn=[], directDependent=[SCOPE, SCOPEDCONTENT, SCOPEDCONTENTITEM], allDependsOn=[], allDependent=[SCOPEDCONTENT, SCOPEDCONTENTITEM, SCOPE]], SCOPEDCONTENTCONDITIONATTRIBUTE=DependencyInfo[table=SCOPEDCONTENTCONDITIONATTRIBUTE, directDependsOn=[], directDependent=[SCOPEDCONTENTCONDITION], allDependsOn=[], allDependent=[SCOPEDCONTENTCONDITION]], SCOPEDCONTENTCONDITIONS_SCOPEDCONTENT=DependencyInfo[table=SCOPEDCONTENTCONDITIONS_SCOPEDCONTENT, directDependsOn=[], directDependent=[SCOPE, SCOPEDCONTENT, SCOPEDCONTENTCONDITION], allDependsOn=[], allDependent=[SCOPEDCONTENT, SCOPE, SCOPEDCONTENTCONDITION]], USER=DependencyInfo[table=USER, directDependsOn=[USERS_AUTHORITIES], directDependent=[], allDependsOn=[USERS_AUTHORITIES], allDependent=[]], SCOPEDCONTENT=DependencyInfo[table=SCOPEDCONTENT, directDependsOn=[SCOPEDCONTENTCONDITIONS_SCOPEDCONTENT, SCOPEDCONTENT_SCOPEDCONTENTITEM], directDependent=[SCOPE], allDependsOn=[SCOPEDCONTENT_SCOPEDCONTENTITEM, SCOPEDCONTENTCONDITIONS_SCOPEDCONTENT], allDependent=[SCOPE]], REQUESTCONTEXT=DependencyInfo[table=REQUESTCONTEXT, directDependsOn=[SCOPE_REQUESTCONTEXT], directDependent=[], allDependsOn=[SCOPE_REQUESTCONTEXT], allDependent=[]], AUTHORITY=DependencyInfo[table=AUTHORITY, directDependsOn=[USERS_AUTHORITIES], directDependent=[], allDependsOn=[USERS_AUTHORITIES], allDependent=[]], USERS_AUTHORITIES=DependencyInfo[table=USERS_AUTHORITIES, directDependsOn=[], directDependent=[AUTHORITY, USER], allDependsOn=[], allDependent=[AUTHORITY, USER]], SCOPEDCONTENTITEM=DependencyInfo[table=SCOPEDCONTENTITEM, directDependsOn=[SCOPEDCONTENTCONDITIONS_SCOPEDCONTENTITEM, SCOPEDCONTENT_SCOPEDCONTENTITEM], directDependent=[], allDependsOn=[SCOPEDCONTENT_SCOPEDCONTENTITEM, SCOPEDCONTENTCONDITIONS_SCOPEDCONTENTITEM], allDependent=[]], CAPTION=DependencyInfo[table=CAPTION, directDependsOn=[], directDependent=[], allDependsOn=[], allDependent=[]], SCOPEDCONTENTCONDITIONS_SCOPEDCONTENTITEM=DependencyInfo[table=SCOPEDCONTENTCONDITIONS_SCOPEDCONTENTITEM, directDependsOn=[], directDependent=[SCOPEDCONTENTCONDITION, SCOPEDCONTENTITEM], allDependsOn=[], allDependent=[SCOPEDCONTENTITEM, SCOPEDCONTENTCONDITION]], SCOPEDCONTENTCONDITION=DependencyInfo[table=SCOPEDCONTENTCONDITION, directDependsOn=[NESTEDSCOPEDCONTENTCONDITIONS, SCOPEDCONTENTCONDITIONATTRIBUTE, SCOPEDCONTENTCONDITIONS_SCOPEDCONTENT, SCOPEDCONTENTCONDITIONS_SCOPEDCONTENTITEM], directDependent=[], allDependsOn=[SCOPEDCONTENTCONDITIONS_SCOPEDCONTENTITEM, NESTEDSCOPEDCONTENTCONDITIONS, SCOPEDCONTENTCONDITIONATTRIBUTE, SCOPEDCONTENTCONDITIONS_SCOPEDCONTENT], allDependent=[]]}) - start
194254 [main] DEBUG org.dbunit.dataset.OrderedTableNameMap  - add(tableName=AUTHORITY, object=null) - start
194254 [main] DEBUG org.dbunit.dataset.OrderedTableNameMap  - getTableName(tableName=AUTHORITY) - start
194254 [main] DEBUG org.dbunit.dataset.OrderedTableNameMap  - getTableName(tableName=AUTHORITY) - end - result=AUTHORITY
194254 [main] DEBUG org.dbunit.dataset.OrderedTableNameMap  - getTableName(tableName=AUTHORITY) - start
194254 [main] DEBUG org.dbunit.dataset.OrderedTableNameMap  - getTableName(tableName=AUTHORITY) - end - result=AUTHORITY
194254 [main] DEBUG org.dbunit.dataset.OrderedTableNameMap  - add(tableName=CAPTION, object=null) - start
194255 [main] DEBUG org.dbunit.dataset.OrderedTableNameMap  - getTableName(tableName=CAPTION) - start
194255 [main] DEBUG org.dbunit.dataset.OrderedTableNameMap  - getTableName(tableName=CAPTION) - end - result=CAPTION
194255 [main] DEBUG org.dbunit.dataset.OrderedTableNameMap  - getTableName(tableName=CAPTION) - start
194255 [main] DEBUG org.dbunit.dataset.OrderedTableNameMap  - getTableName(tableName=CAPTION) - end - result=CAPTION
194255 [main] DEBUG org.dbunit.dataset.OrderedTableNameMap  - add(tableName=SCOPEDCONTENTCONDITION, object=null) - start
194255 [main] DEBUG org.dbunit.dataset.OrderedTableNameMap  - getTableName(tableName=SCOPEDCONTENTCONDITION) - start
194255 [main] DEBUG org.dbunit.dataset.OrderedTableNameMap  - getTableName(tableName=SCOPEDCONTENTCONDITION) - end - result=SCOPEDCONTENTCONDITION
194255 [main] DEBUG org.dbunit.dataset.OrderedTableNameMap  - getTableName(tableName=SCOPEDCONTENTCONDITION) - start
194255 [main] DEBUG org.dbunit.dataset.OrderedTableNameMap  - getTableName(tableName=SCOPEDCONTENTCONDITION) - end - result=SCOPEDCONTENTCONDITION
194255 [main] DEBUG org.dbunit.dataset.OrderedTableNameMap  - add(tableName=NESTEDSCOPEDCONTENTCONDITIONS, object=null) - start
194255 [main] DEBUG org.dbunit.dataset.OrderedTableNameMap  - getTableName(tableName=NESTEDSCOPEDCONTENTCONDITIONS) - start
194255 [main] DEBUG org.dbunit.dataset.OrderedTableNameMap  - getTableName(tableName=NESTEDSCOPEDCONTENTCONDITIONS) - end - result=NESTEDSCOPEDCONTENTCONDITIONS
194255 [main] DEBUG org.dbunit.dataset.OrderedTableNameMap  - getTableName(tableName=NESTEDSCOPEDCONTENTCONDITIONS) - start
194255 [main] DEBUG org.dbunit.dataset.OrderedTableNameMap  - getTableName(tableName=NESTEDSCOPEDCONTENTCONDITIONS) - end - result=NESTEDSCOPEDCONTENTCONDITIONS
194255 [main] DEBUG org.dbunit.dataset.OrderedTableNameMap  - add(tableName=REQUESTCONTEXT, object=null) - start
194255 [main] DEBUG org.dbunit.dataset.OrderedTableNameMap  - getTableName(tableName=REQUESTCONTEXT) - start
194255 [main] DEBUG org.dbunit.dataset.OrderedTableNameMap  - getTableName(tableName=REQUESTCONTEXT) - end - result=REQUESTCONTEXT
194255 [main] DEBUG org.dbunit.dataset.OrderedTableNameMap  - getTableName(tableName=REQUESTCONTEXT) - start
194255 [main] DEBUG org.dbunit.dataset.OrderedTableNameMap  - getTableName(tableName=REQUESTCONTEXT) - end - result=REQUESTCONTEXT
194255 [main] DEBUG org.dbunit.dataset.OrderedTableNameMap  - add(tableName=SCOPE, object=null) - start
194255 [main] DEBUG org.dbunit.dataset.OrderedTableNameMap  - getTableName(tableName=SCOPE) - start
194255 [main] DEBUG org.dbunit.dataset.OrderedTableNameMap  - getTableName(tableName=SCOPE) - end - result=SCOPE
194255 [main] DEBUG org.dbunit.dataset.OrderedTableNameMap  - getTableName(tableName=SCOPE) - start
194255 [main] DEBUG org.dbunit.dataset.OrderedTableNameMap  - getTableName(tableName=SCOPE) - end - result=SCOPE
194255 [main] DEBUG org.dbunit.dataset.OrderedTableNameMap  - add(tableName=SCOPEDCONTENT, object=null) - start
194256 [main] DEBUG org.dbunit.dataset.OrderedTableNameMap  - getTableName(tableName=SCOPEDCONTENT) - start
194256 [main] DEBUG org.dbunit.dataset.OrderedTableNameMap  - getTableName(tableName=SCOPEDCONTENT) - end - result=SCOPEDCONTENT
194256 [main] DEBUG org.dbunit.dataset.OrderedTableNameMap  - getTableName(tableName=SCOPEDCONTENT) - start
194256 [main] DEBUG org.dbunit.dataset.OrderedTableNameMap  - getTableName(tableName=SCOPEDCONTENT) - end - result=SCOPEDCONTENT
194256 [main] DEBUG org.dbunit.dataset.OrderedTableNameMap  - add(tableName=SCOPEDCONTENTCONDITIONATTRIBUTE, object=null) - start
194256 [main] DEBUG org.dbunit.dataset.OrderedTableNameMap  - getTableName(tableName=SCOPEDCONTENTCONDITIONATTRIBUTE) - start
194256 [main] DEBUG org.dbunit.dataset.OrderedTableNameMap  - getTableName(tableName=SCOPEDCONTENTCONDITIONATTRIBUTE) - end - result=SCOPEDCONTENTCONDITIONATTRIBUTE
194256 [main] DEBUG org.dbunit.dataset.OrderedTableNameMap  - getTableName(tableName=SCOPEDCONTENTCONDITIONATTRIBUTE) - start
194256 [main] DEBUG org.dbunit.dataset.OrderedTableNameMap  - getTableName(tableName=SCOPEDCONTENTCONDITIONATTRIBUTE) - end - result=SCOPEDCONTENTCONDITIONATTRIBUTE
194256 [main] DEBUG org.dbunit.dataset.OrderedTableNameMap  - add(tableName=SCOPEDCONTENTCONDITIONS_SCOPEDCONTENT, object=null) - start
194256 [main] DEBUG org.dbunit.dataset.OrderedTableNameMap  - getTableName(tableName=SCOPEDCONTENTCONDITIONS_SCOPEDCONTENT) - start
194256 [main] DEBUG org.dbunit.dataset.OrderedTableNameMap  - getTableName(tableName=SCOPEDCONTENTCONDITIONS_SCOPEDCONTENT) - end - result=SCOPEDCONTENTCONDITIONS_SCOPEDCONTENT
194256 [main] DEBUG org.dbunit.dataset.OrderedTableNameMap  - getTableName(tableName=SCOPEDCONTENTCONDITIONS_SCOPEDCONTENT) - start
194256 [main] DEBUG org.dbunit.dataset.OrderedTableNameMap  - getTableName(tableName=SCOPEDCONTENTCONDITIONS_SCOPEDCONTENT) - end - result=SCOPEDCONTENTCONDITIONS_SCOPEDCONTENT
194256 [main] DEBUG org.dbunit.dataset.OrderedTableNameMap  - add(tableName=SCOPEDCONTENTITEM, object=null) - start
194256 [main] DEBUG org.dbunit.dataset.OrderedTableNameMap  - getTableName(tableName=SCOPEDCONTENTITEM) - start
194257 [main] DEBUG org.dbunit.dataset.OrderedTableNameMap  - getTableName(tableName=SCOPEDCONTENTITEM) - end - result=SCOPEDCONTENTITEM
194257 [main] DEBUG org.dbunit.dataset.OrderedTableNameMap  - getTableName(tableName=SCOPEDCONTENTITEM) - start
194257 [main] DEBUG org.dbunit.dataset.OrderedTableNameMap  - getTableName(tableName=SCOPEDCONTENTITEM) - end - result=SCOPEDCONTENTITEM
194257 [main] DEBUG org.dbunit.dataset.OrderedTableNameMap  - add(tableName=SCOPEDCONTENTCONDITIONS_SCOPEDCONTENTITEM, object=null) - start
194257 [main] DEBUG org.dbunit.dataset.OrderedTableNameMap  - getTableName(tableName=SCOPEDCONTENTCONDITIONS_SCOPEDCONTENTITEM) - start
194257 [main] DEBUG org.dbunit.dataset.OrderedTableNameMap  - getTableName(tableName=SCOPEDCONTENTCONDITIONS_SCOPEDCONTENTITEM) - end - result=SCOPEDCONTENTCONDITIONS_SCOPEDCONTENTITEM
194257 [main] DEBUG org.dbunit.dataset.OrderedTableNameMap  - getTableName(tableName=SCOPEDCONTENTCONDITIONS_SCOPEDCONTENTITEM) - start
194257 [main] DEBUG org.dbunit.dataset.OrderedTableNameMap  - getTableName(tableName=SCOPEDCONTENTCONDITIONS_SCOPEDCONTENTITEM) - end - result=SCOPEDCONTENTCONDITIONS_SCOPEDCONTENTITEM
194257 [main] DEBUG org.dbunit.dataset.OrderedTableNameMap  - add(tableName=SCOPEDCONTENT_SCOPEDCONTENTITEM, object=null) - start
194257 [main] DEBUG org.dbunit.dataset.OrderedTableNameMap  - getTableName(tableName=SCOPEDCONTENT_SCOPEDCONTENTITEM) - start
194257 [main] DEBUG org.dbunit.dataset.OrderedTableNameMap  - getTableName(tableName=SCOPEDCONTENT_SCOPEDCONTENTITEM) - end - result=SCOPEDCONTENT_SCOPEDCONTENTITEM
194257 [main] DEBUG org.dbunit.dataset.OrderedTableNameMap  - getTableName(tableName=SCOPEDCONTENT_SCOPEDCONTENTITEM) - start
194257 [main] DEBUG org.dbunit.dataset.OrderedTableNameMap  - getTableName(tableName=SCOPEDCONTENT_SCOPEDCONTENTITEM) - end - result=SCOPEDCONTENT_SCOPEDCONTENTITEM
194257 [main] DEBUG org.dbunit.dataset.OrderedTableNameMap  - add(tableName=SCOPE_REQUESTCONTEXT, object=null) - start
194257 [main] DEBUG org.dbunit.dataset.OrderedTableNameMap  - getTableName(tableName=SCOPE_REQUESTCONTEXT) - start
194257 [main] DEBUG org.dbunit.dataset.OrderedTableNameMap  - getTableName(tableName=SCOPE_REQUESTCONTEXT) - end - result=SCOPE_REQUESTCONTEXT
194258 [main] DEBUG org.dbunit.dataset.OrderedTableNameMap  - getTableName(tableName=SCOPE_REQUESTCONTEXT) - start
194258 [main] DEBUG org.dbunit.dataset.OrderedTableNameMap  - getTableName(tableName=SCOPE_REQUESTCONTEXT) - end - result=SCOPE_REQUESTCONTEXT
194258 [main] DEBUG org.dbunit.dataset.OrderedTableNameMap  - add(tableName=USER, object=null) - start
194258 [main] DEBUG org.dbunit.dataset.OrderedTableNameMap  - getTableName(tableName=USER) - start
194258 [main] DEBUG org.dbunit.dataset.OrderedTableNameMap  - getTableName(tableName=USER) - end - result=USER
194258 [main] DEBUG org.dbunit.dataset.OrderedTableNameMap  - getTableName(tableName=USER) - start
194258 [main] DEBUG org.dbunit.dataset.OrderedTableNameMap  - getTableName(tableName=USER) - end - result=USER
194258 [main] DEBUG org.dbunit.dataset.OrderedTableNameMap  - add(tableName=USERS_AUTHORITIES, object=null) - start
194258 [main] DEBUG org.dbunit.dataset.OrderedTableNameMap  - getTableName(tableName=USERS_AUTHORITIES) - start
194258 [main] DEBUG org.dbunit.dataset.OrderedTableNameMap  - getTableName(tableName=USERS_AUTHORITIES) - end - result=USERS_AUTHORITIES
194258 [main] DEBUG org.dbunit.dataset.OrderedTableNameMap  - getTableName(tableName=USERS_AUTHORITIES) - start
194258 [main] DEBUG org.dbunit.dataset.OrderedTableNameMap  - getTableName(tableName=USERS_AUTHORITIES) - end - result=USERS_AUTHORITIES
194260 [main] DEBUG org.dbunit.dataset.CachedDataSet  - startTable(metaData=tableName=ScopedContentItem, columns=[(tagName, UNKNOWN, nullableUnknown), (cssClass, UNKNOWN, nullableUnknown), (content, UNKNOWN, nullableUnknown), (type, UNKNOWN, nullableUnknown), (id, UNKNOWN, nullableUnknown), (timeStamp, UNKNOWN, nullableUnknown)], keys=[]) - start
194260 [main] DEBUG org.dbunit.dataset.CachedDataSet  - endTable() - start
194260 [main] DEBUG org.dbunit.dataset.OrderedTableNameMap  - getTableName(tableName=ScopedContentItem) - start
194260 [main] DEBUG org.dbunit.dataset.OrderedTableNameMap  - getTableName(tableName=ScopedContentItem) - end - result=SCOPEDCONTENTITEM
194260 [main] DEBUG org.dbunit.dataset.OrderedTableNameMap  - getTableName(tableName=ScopedContentItem) - start
194260 [main] DEBUG org.dbunit.dataset.OrderedTableNameMap  - getTableName(tableName=ScopedContentItem) - end - result=SCOPEDCONTENTITEM
194260 [main] DEBUG org.dbunit.dataset.DefaultTable  - addTableRows(table=org.dbunit.dataset.DefaultTable[_metaData=tableName=ScopedContentItem, columns=[(tagName, UNKNOWN, nullableUnknown), (cssClass, UNKNOWN, nullableUnknown), (content, UNKNOWN, nullableUnknown), (type, UNKNOWN, nullableUnknown), (id, UNKNOWN, nullableUnknown), (timeStamp, UNKNOWN, nullableUnknown)], keys=[], _rowList.size()=0]) - start
194260 [main] DEBUG org.dbunit.dataset.DefaultTable  - getValue(row=0, column=tagName) - start
194260 [main] DEBUG org.dbunit.dataset.AbstractTable  - assertValidRowIndex(row=0) - start
194260 [main] DEBUG org.dbunit.dataset.AbstractTable  - assertValidRowIndex(row=0, rowCount=0) - start
194260 [main] DEBUG org.dbunit.dataset.CachedDataSet  - startTable(metaData=tableName=ScopedContentCondition, columns=[(name, UNKNOWN, nullableUnknown), (description, UNKNOWN, nullableUnknown), (operator, UNKNOWN, nullableUnknown), (id, UNKNOWN, nullableUnknown), (timeStamp, UNKNOWN, nullableUnknown)], keys=[]) - start
194260 [main] DEBUG org.dbunit.dataset.CachedDataSet  - endTable() - start
194260 [main] DEBUG org.dbunit.dataset.OrderedTableNameMap  - getTableName(tableName=ScopedContentCondition) - start
194260 [main] DEBUG org.dbunit.dataset.OrderedTableNameMap  - getTableName(tableName=ScopedContentCondition) - end - result=SCOPEDCONTENTCONDITION
194260 [main] DEBUG org.dbunit.dataset.OrderedTableNameMap  - getTableName(tableName=ScopedContentCondition) - start
194260 [main] DEBUG org.dbunit.dataset.OrderedTableNameMap  - getTableName(tableName=ScopedContentCondition) - end - result=SCOPEDCONTENTCONDITION
194260 [main] DEBUG org.dbunit.dataset.DefaultTable  - addTableRows(table=org.dbunit.dataset.DefaultTable[_metaData=tableName=ScopedContentCondition, columns=[(name, UNKNOWN, nullableUnknown), (description, UNKNOWN, nullableUnknown), (operator, UNKNOWN, nullableUnknown), (id, UNKNOWN, nullableUnknown), (timeStamp, UNKNOWN, nullableUnknown)], keys=[], _rowList.size()=0]) - start
194260 [main] DEBUG org.dbunit.dataset.DefaultTable  - getValue(row=0, column=name) - start
194260 [main] DEBUG org.dbunit.dataset.AbstractTable  - assertValidRowIndex(row=0) - start
194260 [main] DEBUG org.dbunit.dataset.AbstractTable  - assertValidRowIndex(row=0, rowCount=0) - start
194261 [main] DEBUG org.dbunit.dataset.CachedDataSet  - startTable(metaData=tableName=ScopedContentConditionAttribute, columns=[(key, UNKNOWN, nullableUnknown), (checkOrder, UNKNOWN, nullableUnknown), (className, UNKNOWN, nullableUnknown), (valuePath, UNKNOWN, nullableUnknown), (operator, UNKNOWN, nullableUnknown), (expectedValue, UNKNOWN, nullableUnknown), (expectedValueType, UNKNOWN, nullableUnknown), (scopedContentCondition, UNKNOWN, nullableUnknown), (id, UNKNOWN, nullableUnknown), (timeStamp, UNKNOWN, nullableUnknown)], keys=[]) - start
194261 [main] DEBUG org.dbunit.dataset.CachedDataSet  - endTable() - start
194261 [main] DEBUG org.dbunit.dataset.OrderedTableNameMap  - getTableName(tableName=ScopedContentConditionAttribute) - start
194261 [main] DEBUG org.dbunit.dataset.OrderedTableNameMap  - getTableName(tableName=ScopedContentConditionAttribute) - end - result=SCOPEDCONTENTCONDITIONATTRIBUTE
194261 [main] DEBUG org.dbunit.dataset.OrderedTableNameMap  - getTableName(tableName=ScopedContentConditionAttribute) - start
194261 [main] DEBUG org.dbunit.dataset.OrderedTableNameMap  - getTableName(tableName=ScopedContentConditionAttribute) - end - result=SCOPEDCONTENTCONDITIONATTRIBUTE
194261 [main] DEBUG org.dbunit.dataset.DefaultTable  - addTableRows(table=org.dbunit.dataset.DefaultTable[_metaData=tableName=ScopedContentConditionAttribute, columns=[(key, UNKNOWN, nullableUnknown), (checkOrder, UNKNOWN, nullableUnknown), (className, UNKNOWN, nullableUnknown), (valuePath, UNKNOWN, nullableUnknown), (operator, UNKNOWN, nullableUnknown), (expectedValue, UNKNOWN, nullableUnknown), (expectedValueType, UNKNOWN, nullableUnknown), (scopedContentCondition, UNKNOWN, nullableUnknown), (id, UNKNOWN, nullableUnknown), (timeStamp, UNKNOWN, nullableUnknown)], keys=[], _rowList.size()=0]) - start
194261 [main] DEBUG org.dbunit.dataset.DefaultTable  - getValue(row=0, column=key) - start
194261 [main] DEBUG org.dbunit.dataset.AbstractTable  - assertValidRowIndex(row=0) - start
194261 [main] DEBUG org.dbunit.dataset.AbstractTable  - assertValidRowIndex(row=0, rowCount=0) - start
194261 [main] DEBUG org.dbunit.dataset.CachedDataSet  - startTable(metaData=tableName=Authority, columns=[], keys=[]) - start
194261 [main] DEBUG org.dbunit.dataset.CachedDataSet  - endTable() - start
194261 [main] DEBUG org.dbunit.dataset.OrderedTableNameMap  - getTableName(tableName=Authority) - start
194261 [main] DEBUG org.dbunit.dataset.OrderedTableNameMap  - getTableName(tableName=Authority) - end - result=AUTHORITY
194261 [main] DEBUG org.dbunit.dataset.OrderedTableNameMap  - getTableName(tableName=Authority) - start
194261 [main] DEBUG org.dbunit.dataset.OrderedTableNameMap  - getTableName(tableName=Authority) - end - result=AUTHORITY
194261 [main] DEBUG org.dbunit.dataset.DefaultTable  - addTableRows(table=org.dbunit.dataset.DefaultTable[_metaData=tableName=Authority, columns=[], keys=[], _rowList.size()=0]) - start
194261 [main] WARN  org.dbunit.dataset.DefaultTable  - The table 'org.dbunit.dataset.DefaultTable[_metaData=tableName=Authority, columns=[], keys=[], _rowList.size()=0]' does not have any columns. Cannot add table rows. This should never happen...
194261 [main] DEBUG org.dbunit.dataset.CachedDataSet  - startTable(metaData=tableName=User, columns=[], keys=[]) - start
194261 [main] DEBUG org.dbunit.dataset.CachedDataSet  - endTable() - start
194261 [main] DEBUG org.dbunit.dataset.OrderedTableNameMap  - getTableName(tableName=User) - start
194261 [main] DEBUG org.dbunit.dataset.OrderedTableNameMap  - getTableName(tableName=User) - end - result=USER
194261 [main] DEBUG org.dbunit.dataset.OrderedTableNameMap  - getTableName(tableName=User) - start
194262 [main] DEBUG org.dbunit.dataset.OrderedTableNameMap  - getTableName(tableName=User) - end - result=USER
194262 [main] DEBUG org.dbunit.dataset.DefaultTable  - addTableRows(table=org.dbunit.dataset.DefaultTable[_metaData=tableName=User, columns=[], keys=[], _rowList.size()=0]) - start
194262 [main] WARN  org.dbunit.dataset.DefaultTable  - The table 'org.dbunit.dataset.DefaultTable[_metaData=tableName=User, columns=[], keys=[], _rowList.size()=0]' does not have any columns. Cannot add table rows. This should never happen...
194262 [main] DEBUG org.dbunit.dataset.CachedDataSet  - startTable(metaData=tableName=Users_Authorities, columns=[], keys=[]) - start
194262 [main] DEBUG org.dbunit.dataset.CachedDataSet  - endTable() - start
194262 [main] DEBUG org.dbunit.dataset.OrderedTableNameMap  - getTableName(tableName=Users_Authorities) - start
194262 [main] DEBUG org.dbunit.dataset.OrderedTableNameMap  - getTableName(tableName=Users_Authorities) - end - result=USERS_AUTHORITIES
194262 [main] DEBUG org.dbunit.dataset.OrderedTableNameMap  - getTableName(tableName=Users_Authorities) - start
194262 [main] DEBUG org.dbunit.dataset.OrderedTableNameMap  - getTableName(tableName=Users_Authorities) - end - result=USERS_AUTHORITIES
194262 [main] DEBUG org.dbunit.dataset.DefaultTable  - addTableRows(table=org.dbunit.dataset.DefaultTable[_metaData=tableName=Users_Authorities, columns=[], keys=[], _rowList.size()=0]) - start
194262 [main] WARN  org.dbunit.dataset.DefaultTable  - The table 'org.dbunit.dataset.DefaultTable[_metaData=tableName=Users_Authorities, columns=[], keys=[], _rowList.size()=0]' does not have any columns. Cannot add table rows. This should never happen...
194262 [main] DEBUG org.dbunit.dataset.CachedDataSet  - startTable(metaData=tableName=ScopedContent, columns=[], keys=[]) - start
194262 [main] DEBUG org.dbunit.dataset.CachedDataSet  - endTable() - start
194263 [main] DEBUG org.dbunit.dataset.OrderedTableNameMap  - getTableName(tableName=ScopedContent) - start
194263 [main] DEBUG org.dbunit.dataset.OrderedTableNameMap  - getTableName(tableName=ScopedContent) - end - result=SCOPEDCONTENT
194263 [main] DEBUG org.dbunit.dataset.OrderedTableNameMap  - getTableName(tableName=ScopedContent) - start
194263 [main] DEBUG org.dbunit.dataset.OrderedTableNameMap  - getTableName(tableName=ScopedContent) - end - result=SCOPEDCONTENT
194263 [main] DEBUG org.dbunit.dataset.DefaultTable  - addTableRows(table=org.dbunit.dataset.DefaultTable[_metaData=tableName=ScopedContent, columns=[], keys=[], _rowList.size()=0]) - start
194263 [main] WARN  org.dbunit.dataset.DefaultTable  - The table 'org.dbunit.dataset.DefaultTable[_metaData=tableName=ScopedContent, columns=[], keys=[], _rowList.size()=0]' does not have any columns. Cannot add table rows. This should never happen...
194263 [main] DEBUG org.dbunit.dataset.CachedDataSet  - startTable(metaData=tableName=ScopedContent_ScopedContentItem, columns=[], keys=[]) - start
194263 [main] DEBUG org.dbunit.dataset.CachedDataSet  - endTable() - start
194263 [main] DEBUG org.dbunit.dataset.OrderedTableNameMap  - getTableName(tableName=ScopedContent_ScopedContentItem) - start
194263 [main] DEBUG org.dbunit.dataset.OrderedTableNameMap  - getTableName(tableName=ScopedContent_ScopedContentItem) - end - result=SCOPEDCONTENT_SCOPEDCONTENTITEM
194263 [main] DEBUG org.dbunit.dataset.OrderedTableNameMap  - getTableName(tableName=ScopedContent_ScopedContentItem) - start
194263 [main] DEBUG org.dbunit.dataset.OrderedTableNameMap  - getTableName(tableName=ScopedContent_ScopedContentItem) - end - result=SCOPEDCONTENT_SCOPEDCONTENTITEM
194263 [main] DEBUG org.dbunit.dataset.DefaultTable  - addTableRows(table=org.dbunit.dataset.DefaultTable[_metaData=tableName=ScopedContent_ScopedContentItem, columns=[], keys=[], _rowList.size()=0]) - start
194263 [main] WARN  org.dbunit.dataset.DefaultTable  - The table 'org.dbunit.dataset.DefaultTable[_metaData=tableName=ScopedContent_ScopedContentItem, columns=[], keys=[], _rowList.size()=0]' does not have any columns. Cannot add table rows. This should never happen...
194263 [main] DEBUG org.dbunit.dataset.CachedDataSet  - startTable(metaData=tableName=Scope, columns=[], keys=[]) - start
194263 [main] DEBUG org.dbunit.dataset.CachedDataSet  - endTable() - start
194263 [main] DEBUG org.dbunit.dataset.OrderedTableNameMap  - getTableName(tableName=Scope) - start
194263 [main] DEBUG org.dbunit.dataset.OrderedTableNameMap  - getTableName(tableName=Scope) - end - result=SCOPE
194263 [main] DEBUG org.dbunit.dataset.OrderedTableNameMap  - getTableName(tableName=Scope) - start
194263 [main] DEBUG org.dbunit.dataset.OrderedTableNameMap  - getTableName(tableName=Scope) - end - result=SCOPE
194263 [main] DEBUG org.dbunit.dataset.DefaultTable  - addTableRows(table=org.dbunit.dataset.DefaultTable[_metaData=tableName=Scope, columns=[], keys=[], _rowList.size()=0]) - start
194263 [main] WARN  org.dbunit.dataset.DefaultTable  - The table 'org.dbunit.dataset.DefaultTable[_metaData=tableName=Scope, columns=[], keys=[], _rowList.size()=0]' does not have any columns. Cannot add table rows. This should never happen...
194263 [main] DEBUG org.dbunit.dataset.CachedDataSet  - startTable(metaData=tableName=Scope_RequestContext, columns=[], keys=[]) - start
194263 [main] DEBUG org.dbunit.dataset.CachedDataSet  - endTable() - start
194263 [main] DEBUG org.dbunit.dataset.OrderedTableNameMap  - getTableName(tableName=Scope_RequestContext) - start
194263 [main] DEBUG org.dbunit.dataset.OrderedTableNameMap  - getTableName(tableName=Scope_RequestContext) - end - result=SCOPE_REQUESTCONTEXT
194264 [main] DEBUG org.dbunit.dataset.OrderedTableNameMap  - getTableName(tableName=Scope_RequestContext) - start
194264 [main] DEBUG org.dbunit.dataset.OrderedTableNameMap  - getTableName(tableName=Scope_RequestContext) - end - result=SCOPE_REQUESTCONTEXT
194264 [main] DEBUG org.dbunit.dataset.DefaultTable  - addTableRows(table=org.dbunit.dataset.DefaultTable[_metaData=tableName=Scope_RequestContext, columns=[], keys=[], _rowList.size()=0]) - start
194264 [main] WARN  org.dbunit.dataset.DefaultTable  - The table 'org.dbunit.dataset.DefaultTable[_metaData=tableName=Scope_RequestContext, columns=[], keys=[], _rowList.size()=0]' does not have any columns. Cannot add table rows. This should never happen...
194264 [main] DEBUG org.dbunit.dataset.CachedDataSet  - startTable(metaData=tableName=RequestContext, columns=[], keys=[]) - start
194264 [main] DEBUG org.dbunit.dataset.CachedDataSet  - endTable() - start
194264 [main] DEBUG org.dbunit.dataset.OrderedTableNameMap  - getTableName(tableName=RequestContext) - start
194264 [main] DEBUG org.dbunit.dataset.OrderedTableNameMap  - getTableName(tableName=RequestContext) - end - result=REQUESTCONTEXT
194264 [main] DEBUG org.dbunit.dataset.OrderedTableNameMap  - getTableName(tableName=RequestContext) - start
194264 [main] DEBUG org.dbunit.dataset.OrderedTableNameMap  - getTableName(tableName=RequestContext) - end - result=REQUESTCONTEXT
194264 [main] DEBUG org.dbunit.dataset.DefaultTable  - addTableRows(table=org.dbunit.dataset.DefaultTable[_metaData=tableName=RequestContext, columns=[], keys=[], _rowList.size()=0]) - start
194264 [main] WARN  org.dbunit.dataset.DefaultTable  - The table 'org.dbunit.dataset.DefaultTable[_metaData=tableName=RequestContext, columns=[], keys=[], _rowList.size()=0]' does not have any columns. Cannot add table rows. This should never happen...
194264 [main] DEBUG org.dbunit.dataset.CachedDataSet  - startTable(metaData=tableName=Caption, columns=[], keys=[]) - start
194264 [main] DEBUG org.dbunit.dataset.CachedDataSet  - endTable() - start
194264 [main] DEBUG org.dbunit.dataset.OrderedTableNameMap  - getTableName(tableName=Caption) - start
194264 [main] DEBUG org.dbunit.dataset.OrderedTableNameMap  - getTableName(tableName=Caption) - end - result=CAPTION
194264 [main] DEBUG org.dbunit.dataset.OrderedTableNameMap  - getTableName(tableName=Caption) - start
194264 [main] DEBUG org.dbunit.dataset.OrderedTableNameMap  - getTableName(tableName=Caption) - end - result=CAPTION
194264 [main] DEBUG org.dbunit.dataset.DefaultTable  - addTableRows(table=org.dbunit.dataset.DefaultTable[_metaData=tableName=Caption, columns=[], keys=[], _rowList.size()=0]) - start
194264 [main] WARN  org.dbunit.dataset.DefaultTable  - The table 'org.dbunit.dataset.DefaultTable[_metaData=tableName=Caption, columns=[], keys=[], _rowList.size()=0]' does not have any columns. Cannot add table rows. This should never happen...
194264 [main] DEBUG org.dbunit.dataset.CachedDataSet  - startTable(metaData=tableName=ScopedContentConditions_ScopedContent, columns=[], keys=[]) - start
194264 [main] DEBUG org.dbunit.dataset.CachedDataSet  - endTable() - start
194264 [main] DEBUG org.dbunit.dataset.OrderedTableNameMap  - getTableName(tableName=ScopedContentConditions_ScopedContent) - start
194264 [main] DEBUG org.dbunit.dataset.OrderedTableNameMap  - getTableName(tableName=ScopedContentConditions_ScopedContent) - end - result=SCOPEDCONTENTCONDITIONS_SCOPEDCONTENT
194264 [main] DEBUG org.dbunit.dataset.OrderedTableNameMap  - getTableName(tableName=ScopedContentConditions_ScopedContent) - start
194264 [main] DEBUG org.dbunit.dataset.OrderedTableNameMap  - getTableName(tableName=ScopedContentConditions_ScopedContent) - end - result=SCOPEDCONTENTCONDITIONS_SCOPEDCONTENT
194264 [main] DEBUG org.dbunit.dataset.DefaultTable  - addTableRows(table=org.dbunit.dataset.DefaultTable[_metaData=tableName=ScopedContentConditions_ScopedContent, columns=[], keys=[], _rowList.size()=0]) - start
194265 [main] WARN  org.dbunit.dataset.DefaultTable  - The table 'org.dbunit.dataset.DefaultTable[_metaData=tableName=ScopedContentConditions_ScopedContent, columns=[], keys=[], _rowList.size()=0]' does not have any columns. Cannot add table rows. This should never happen...
194265 [main] DEBUG org.dbunit.dataset.CachedDataSet  - startTable(metaData=tableName=ScopedContentConditions_ScopedContentItem, columns=[], keys=[]) - start
194265 [main] DEBUG org.dbunit.dataset.CachedDataSet  - endTable() - start
194265 [main] DEBUG org.dbunit.dataset.OrderedTableNameMap  - getTableName(tableName=ScopedContentConditions_ScopedContentItem) - start
194265 [main] DEBUG org.dbunit.dataset.OrderedTableNameMap  - getTableName(tableName=ScopedContentConditions_ScopedContentItem) - end - result=SCOPEDCONTENTCONDITIONS_SCOPEDCONTENTITEM
194265 [main] DEBUG org.dbunit.dataset.OrderedTableNameMap  - getTableName(tableName=ScopedContentConditions_ScopedContentItem) - start
194265 [main] DEBUG org.dbunit.dataset.OrderedTableNameMap  - getTableName(tableName=ScopedContentConditions_ScopedContentItem) - end - result=SCOPEDCONTENTCONDITIONS_SCOPEDCONTENTITEM
194265 [main] DEBUG org.dbunit.dataset.DefaultTable  - addTableRows(table=org.dbunit.dataset.DefaultTable[_metaData=tableName=ScopedContentConditions_ScopedContentItem, columns=[], keys=[], _rowList.size()=0]) - start
194265 [main] WARN  org.dbunit.dataset.DefaultTable  - The table 'org.dbunit.dataset.DefaultTable[_metaData=tableName=ScopedContentConditions_ScopedContentItem, columns=[], keys=[], _rowList.size()=0]' does not have any columns. Cannot add table rows. This should never happen...
194265 [main] DEBUG org.dbunit.dataset.CachedDataSet  - startTable(metaData=tableName=NestedScopedContentConditions, columns=[], keys=[]) - start
194265 [main] DEBUG org.dbunit.dataset.CachedDataSet  - endTable() - start
194265 [main] DEBUG org.dbunit.dataset.OrderedTableNameMap  - getTableName(tableName=NestedScopedContentConditions) - start
194265 [main] DEBUG org.dbunit.dataset.OrderedTableNameMap  - getTableName(tableName=NestedScopedContentConditions) - end - result=NESTEDSCOPEDCONTENTCONDITIONS
194265 [main] DEBUG org.dbunit.dataset.OrderedTableNameMap  - getTableName(tableName=NestedScopedContentConditions) - start
194265 [main] DEBUG org.dbunit.dataset.OrderedTableNameMap  - getTableName(tableName=NestedScopedContentConditions) - end - result=NESTEDSCOPEDCONTENTCONDITIONS
194265 [main] DEBUG org.dbunit.dataset.DefaultTable  - addTableRows(table=org.dbunit.dataset.DefaultTable[_metaData=tableName=NestedScopedContentConditions, columns=[], keys=[], _rowList.size()=0]) - start
194265 [main] WARN  org.dbunit.dataset.DefaultTable  - The table 'org.dbunit.dataset.DefaultTable[_metaData=tableName=NestedScopedContentConditions, columns=[], keys=[], _rowList.size()=0]' does not have any columns. Cannot add table rows. This should never happen...
194265 [main] DEBUG org.dbunit.dataset.CachedDataSet  - endDataSet() - start
194265 [main] DEBUG org.dbunit.dataset.CachedDataSet  - endDataSet() - the final tableMap is: org.dbunit.dataset.OrderedTableNameMap[_tableNames=[ScopedContentItem, ScopedContentCondition, ScopedContentConditionAttribute, Authority, User, Users_Authorities, ScopedContent, ScopedContent_ScopedContentItem, Scope, Scope_RequestContext, RequestContext, Caption, ScopedContentConditions_ScopedContent, ScopedContentConditions_ScopedContentItem, NestedScopedContentConditions], _tableMap={SCOPE_REQUESTCONTEXT=org.dbunit.dataset.DefaultTable[_metaData=tableName=Scope_RequestContext, columns=[], keys=[], _rowList.size()=0], NESTEDSCOPEDCONTENTCONDITIONS=org.dbunit.dataset.DefaultTable[_metaData=tableName=NestedScopedContentConditions, columns=[], keys=[], _rowList.size()=0], SCOPEDCONTENT_SCOPEDCONTENTITEM=org.dbunit.dataset.DefaultTable[_metaData=tableName=ScopedContent_ScopedContentItem, columns=[], keys=[], _rowList.size()=0], SCOPE=org.dbunit.dataset.DefaultTable[_metaData=tableName=Scope, columns=[], keys=[], _rowList.size()=0], SCOPEDCONTENTCONDITIONATTRIBUTE=org.dbunit.dataset.DefaultTable[_metaData=tableName=ScopedContentConditionAttribute, columns=[(key, UNKNOWN, nullableUnknown), (checkOrder, UNKNOWN, nullableUnknown), (className, UNKNOWN, nullableUnknown), (valuePath, UNKNOWN, nullableUnknown), (operator, UNKNOWN, nullableUnknown), (expectedValue, UNKNOWN, nullableUnknown), (expectedValueType, UNKNOWN, nullableUnknown), (scopedContentCondition, UNKNOWN, nullableUnknown), (id, UNKNOWN, nullableUnknown), (timeStamp, UNKNOWN, nullableUnknown)], keys=[], _rowList.size()=1], SCOPEDCONTENTCONDITIONS_SCOPEDCONTENT=org.dbunit.dataset.DefaultTable[_metaData=tableName=ScopedContentConditions_ScopedContent, columns=[], keys=[], _rowList.size()=0], USER=org.dbunit.dataset.DefaultTable[_metaData=tableName=User, columns=[], keys=[], _rowList.size()=0], SCOPEDCONTENT=org.dbunit.dataset.DefaultTable[_metaData=tableName=ScopedContent, columns=[], keys=[], _rowList.size()=0], REQUESTCONTEXT=org.dbunit.dataset.DefaultTable[_metaData=tableName=RequestContext, columns=[], keys=[], _rowList.size()=0], AUTHORITY=org.dbunit.dataset.DefaultTable[_metaData=tableName=Authority, columns=[], keys=[], _rowList.size()=0], USERS_AUTHORITIES=org.dbunit.dataset.DefaultTable[_metaData=tableName=Users_Authorities, columns=[], keys=[], _rowList.size()=0], SCOPEDCONTENTITEM=org.dbunit.dataset.DefaultTable[_metaData=tableName=ScopedContentItem, columns=[(tagName, UNKNOWN, nullableUnknown), (cssClass, UNKNOWN, nullableUnknown), (content, UNKNOWN, nullableUnknown), (type, UNKNOWN, nullableUnknown), (id, UNKNOWN, nullableUnknown), (timeStamp, UNKNOWN, nullableUnknown)], keys=[], _rowList.size()=1], CAPTION=org.dbunit.dataset.DefaultTable[_metaData=tableName=Caption, columns=[], keys=[], _rowList.size()=0], SCOPEDCONTENTCONDITIONS_SCOPEDCONTENTITEM=org.dbunit.dataset.DefaultTable[_metaData=tableName=ScopedContentConditions_ScopedContentItem, columns=[], keys=[], _rowList.size()=0], SCOPEDCONTENTCONDITION=org.dbunit.dataset.DefaultTable[_metaData=tableName=ScopedContentCondition, columns=[(name, UNKNOWN, nullableUnknown), (description, UNKNOWN, nullableUnknown), (operator, UNKNOWN, nullableUnknown), (id, UNKNOWN, nullableUnknown), (timeStamp, UNKNOWN, nullableUnknown)], keys=[], _rowList.size()=1]}, _caseSensitiveTableNames=false]
194266 [main] DEBUG org.dbunit.operation.CompositeOperation  - execute(connection=_databaseConfig=org.dbunit.database.DatabaseConfig[, _propertyMap={http://www.dbunit.org/properties/statementFactory=org.dbunit.database.statement.PreparedStatementFactory@626bc2b8, http://www.dbunit.org/features/caseSensitiveTableNames=false, http://www.dbunit.org/properties/fetchSize=100, http://www.dbunit.org/features/batchedStatements=false, http://www.dbunit.org/properties/metadataHandler=org.dbunit.database.DefaultMetadataHandler@3eeace42, http://www.dbunit.org/properties/datatypeFactory=org.dbunit.dataset.datatype.DefaultDataTypeFactory[_toleratedDeltaMap=org.dbunit.dataset.datatype.ToleratedDeltaMap@6452310a], http://www.dbunit.org/properties/escapePattern=null, http://www.dbunit.org/properties/batchSize=100, http://www.dbunit.org/features/qualifiedTableNames=false, http://www.dbunit.org/properties/tableType=[Ljava.lang.String;@5011bafa, http://www.dbunit.org/properties/resultSetTableFactory=org.dbunit.database.CachedResultSetTableFactory@10bcf083, http://www.dbunit.org/features/datatypeWarning=true}], _dataSet=AbstractDataSet[_orderedTableNameMap=null], , dataSet=AbstractDataSet[_orderedTableNameMap=null]) - start
194266 [main] DEBUG org.dbunit.operation.DeleteAllOperation  - execute(connection=_databaseConfig=org.dbunit.database.DatabaseConfig[, _propertyMap={http://www.dbunit.org/properties/statementFactory=org.dbunit.database.statement.PreparedStatementFactory@626bc2b8, http://www.dbunit.org/features/caseSensitiveTableNames=false, http://www.dbunit.org/properties/fetchSize=100, http://www.dbunit.org/features/batchedStatements=false, http://www.dbunit.org/properties/metadataHandler=org.dbunit.database.DefaultMetadataHandler@3eeace42, http://www.dbunit.org/properties/datatypeFactory=org.dbunit.dataset.datatype.DefaultDataTypeFactory[_toleratedDeltaMap=org.dbunit.dataset.datatype.ToleratedDeltaMap@6452310a], http://www.dbunit.org/properties/escapePattern=null, http://www.dbunit.org/properties/batchSize=100, http://www.dbunit.org/features/qualifiedTableNames=false, http://www.dbunit.org/properties/tableType=[Ljava.lang.String;@5011bafa, http://www.dbunit.org/properties/resultSetTableFactory=org.dbunit.database.CachedResultSetTableFactory@10bcf083, http://www.dbunit.org/features/datatypeWarning=true}], _dataSet=AbstractDataSet[_orderedTableNameMap=null], dataSet=AbstractDataSet[_orderedTableNameMap=null]) - start
194266 [main] DEBUG org.dbunit.database.AbstractDatabaseConnection  - createDataSet() - start
194266 [main] TRACE org.dbunit.database.DatabaseConfig  - getProperty(name=http://www.dbunit.org/properties/statementFactory) - start
194266 [main] DEBUG org.dbunit.database.statement.PreparedStatementFactory  - createBatchStatement(connection=_databaseConfig=org.dbunit.database.DatabaseConfig[, _propertyMap={http://www.dbunit.org/properties/statementFactory=org.dbunit.database.statement.PreparedStatementFactory@626bc2b8, http://www.dbunit.org/features/caseSensitiveTableNames=false, http://www.dbunit.org/properties/fetchSize=100, http://www.dbunit.org/features/batchedStatements=false, http://www.dbunit.org/properties/metadataHandler=org.dbunit.database.DefaultMetadataHandler@3eeace42, http://www.dbunit.org/properties/datatypeFactory=org.dbunit.dataset.datatype.DefaultDataTypeFactory[_toleratedDeltaMap=org.dbunit.dataset.datatype.ToleratedDeltaMap@6452310a], http://www.dbunit.org/properties/escapePattern=null, http://www.dbunit.org/properties/batchSize=100, http://www.dbunit.org/features/qualifiedTableNames=false, http://www.dbunit.org/properties/tableType=[Ljava.lang.String;@5011bafa, http://www.dbunit.org/properties/resultSetTableFactory=org.dbunit.database.CachedResultSetTableFactory@10bcf083, http://www.dbunit.org/features/datatypeWarning=true}], _dataSet=AbstractDataSet[_orderedTableNameMap=null]) - start
194266 [main] DEBUG org.dbunit.database.statement.AbstractStatementFactory  - supportBatchStatement(connection=_databaseConfig=org.dbunit.database.DatabaseConfig[, _propertyMap={http://www.dbunit.org/properties/statementFactory=org.dbunit.database.statement.PreparedStatementFactory@626bc2b8, http://www.dbunit.org/features/caseSensitiveTableNames=false, http://www.dbunit.org/properties/fetchSize=100, http://www.dbunit.org/features/batchedStatements=false, http://www.dbunit.org/properties/metadataHandler=org.dbunit.database.DefaultMetadataHandler@3eeace42, http://www.dbunit.org/properties/datatypeFactory=org.dbunit.dataset.datatype.DefaultDataTypeFactory[_toleratedDeltaMap=org.dbunit.dataset.datatype.ToleratedDeltaMap@6452310a], http://www.dbunit.org/properties/escapePattern=null, http://www.dbunit.org/properties/batchSize=100, http://www.dbunit.org/features/qualifiedTableNames=false, http://www.dbunit.org/properties/tableType=[Ljava.lang.String;@5011bafa, http://www.dbunit.org/properties/resultSetTableFactory=org.dbunit.database.CachedResultSetTableFactory@10bcf083, http://www.dbunit.org/features/datatypeWarning=true}], _dataSet=AbstractDataSet[_orderedTableNameMap=null]) - start
194266 [main] TRACE org.dbunit.database.DatabaseConfig  - getFeature(name=http://www.dbunit.org/features/batchedStatements) - start
194266 [main] TRACE org.dbunit.database.DatabaseConfig  - getProperty(name=http://www.dbunit.org/features/batchedStatements) - start
194266 [main] DEBUG org.dbunit.database.DatabaseDataSourceConnection  - getConnection() - start
194266 [main] DEBUG org.dbunit.dataset.AbstractDataSet  - iterator() - start
194266 [main] DEBUG org.dbunit.dataset.FilteredDataSet  - createIterator(reversed=false) - start
194267 [main] DEBUG org.dbunit.dataset.filter.SequenceTableFilter  - iterator(dataSet=AbstractDataSet[_orderedTableNameMap=org.dbunit.dataset.OrderedTableNameMap[_tableNames=[ScopedContentItem, ScopedContentCondition, ScopedContentConditionAttribute, Authority, User, Users_Authorities, ScopedContent, ScopedContent_ScopedContentItem, Scope, Scope_RequestContext, RequestContext, Caption, ScopedContentConditions_ScopedContent, ScopedContentConditions_ScopedContentItem, NestedScopedContentConditions], _tableMap={SCOPE_REQUESTCONTEXT=org.dbunit.dataset.DefaultTable[_metaData=tableName=Scope_RequestContext, columns=[], keys=[], _rowList.size()=0], NESTEDSCOPEDCONTENTCONDITIONS=org.dbunit.dataset.DefaultTable[_metaData=tableName=NestedScopedContentConditions, columns=[], keys=[], _rowList.size()=0], SCOPEDCONTENT_SCOPEDCONTENTITEM=org.dbunit.dataset.DefaultTable[_metaData=tableName=ScopedContent_ScopedContentItem, columns=[], keys=[], _rowList.size()=0], SCOPE=org.dbunit.dataset.DefaultTable[_metaData=tableName=Scope, columns=[], keys=[], _rowList.size()=0], SCOPEDCONTENTCONDITIONATTRIBUTE=org.dbunit.dataset.DefaultTable[_metaData=tableName=ScopedContentConditionAttribute, columns=[(key, UNKNOWN, nullableUnknown), (checkOrder, UNKNOWN, nullableUnknown), (className, UNKNOWN, nullableUnknown), (valuePath, UNKNOWN, nullableUnknown), (operator, UNKNOWN, nullableUnknown), (expectedValue, UNKNOWN, nullableUnknown), (expectedValueType, UNKNOWN, nullableUnknown), (scopedContentCondition, UNKNOWN, nullableUnknown), (id, UNKNOWN, nullableUnknown), (timeStamp, UNKNOWN, nullableUnknown)], keys=[], _rowList.size()=1], SCOPEDCONTENTCONDITIONS_SCOPEDCONTENT=org.dbunit.dataset.DefaultTable[_metaData=tableName=ScopedContentConditions_ScopedContent, columns=[], keys=[], _rowList.size()=0], USER=org.dbunit.dataset.DefaultTable[_metaData=tableName=User, columns=[], keys=[], _rowList.size()=0], SCOPEDCONTENT=org.dbunit.dataset.DefaultTable[_metaData=tableName=ScopedContent, columns=[], keys=[], _rowList.size()=0], REQUESTCONTEXT=org.dbunit.dataset.DefaultTable[_metaData=tableName=RequestContext, columns=[], keys=[], _rowList.size()=0], AUTHORITY=org.dbunit.dataset.DefaultTable[_metaData=tableName=Authority, columns=[], keys=[], _rowList.size()=0], USERS_AUTHORITIES=org.dbunit.dataset.DefaultTable[_metaData=tableName=Users_Authorities, columns=[], keys=[], _rowList.size()=0], SCOPEDCONTENTITEM=org.dbunit.dataset.DefaultTable[_metaData=tableName=ScopedContentItem, columns=[(tagName, UNKNOWN, nullableUnknown), (cssClass, UNKNOWN, nullableUnknown), (content, UNKNOWN, nullableUnknown), (type, UNKNOWN, nullableUnknown), (id, UNKNOWN, nullableUnknown), (timeStamp, UNKNOWN, nullableUnknown)], keys=[], _rowList.size()=1], CAPTION=org.dbunit.dataset.DefaultTable[_metaData=tableName=Caption, columns=[], keys=[], _rowList.size()=0], SCOPEDCONTENTCONDITIONS_SCOPEDCONTENTITEM=org.dbunit.dataset.DefaultTable[_metaData=tableName=ScopedContentConditions_ScopedContentItem, columns=[], keys=[], _rowList.size()=0], SCOPEDCONTENTCONDITION=org.dbunit.dataset.DefaultTable[_metaData=tableName=ScopedContentCondition, columns=[(name, UNKNOWN, nullableUnknown), (description, UNKNOWN, nullableUnknown), (operator, UNKNOWN, nullableUnknown), (id, UNKNOWN, nullableUnknown), (timeStamp, UNKNOWN, nullableUnknown)], keys=[], _rowList.size()=1]}, _caseSensitiveTableNames=false]], reversed=false) - start
194267 [main] DEBUG org.dbunit.dataset.filter.SequenceTableFilter  - getTableNames(dataSet=AbstractDataSet[_orderedTableNameMap=org.dbunit.dataset.OrderedTableNameMap[_tableNames=[ScopedContentItem, ScopedContentCondition, ScopedContentConditionAttribute, Authority, User, Users_Authorities, ScopedContent, ScopedContent_ScopedContentItem, Scope, Scope_RequestContext, RequestContext, Caption, ScopedContentConditions_ScopedContent, ScopedContentConditions_ScopedContentItem, NestedScopedContentConditions], _tableMap={SCOPE_REQUESTCONTEXT=org.dbunit.dataset.DefaultTable[_metaData=tableName=Scope_RequestContext, columns=[], keys=[], _rowList.size()=0], NESTEDSCOPEDCONTENTCONDITIONS=org.dbunit.dataset.DefaultTable[_metaData=tableName=NestedScopedContentConditions, columns=[], keys=[], _rowList.size()=0], SCOPEDCONTENT_SCOPEDCONTENTITEM=org.dbunit.dataset.DefaultTable[_metaData=tableName=ScopedContent_ScopedContentItem, columns=[], keys=[], _rowList.size()=0], SCOPE=org.dbunit.dataset.DefaultTable[_metaData=tableName=Scope, columns=[], keys=[], _rowList.size()=0], SCOPEDCONTENTCONDITIONATTRIBUTE=org.dbunit.dataset.DefaultTable[_metaData=tableName=ScopedContentConditionAttribute, columns=[(key, UNKNOWN, nullableUnknown), (checkOrder, UNKNOWN, nullableUnknown), (className, UNKNOWN, nullableUnknown), (valuePath, UNKNOWN, nullableUnknown), (operator, UNKNOWN, nullableUnknown), (expectedValue, UNKNOWN, nullableUnknown), (expectedValueType, UNKNOWN, nullableUnknown), (scopedContentCondition, UNKNOWN, nullableUnknown), (id, UNKNOWN, nullableUnknown), (timeStamp, UNKNOWN, nullableUnknown)], keys=[], _rowList.size()=1], SCOPEDCONTENTCONDITIONS_SCOPEDCONTENT=org.dbunit.dataset.DefaultTable[_metaData=tableName=ScopedContentConditions_ScopedContent, columns=[], keys=[], _rowList.size()=0], USER=org.dbunit.dataset.DefaultTable[_metaData=tableName=User, columns=[], keys=[], _rowList.size()=0], SCOPEDCONTENT=org.dbunit.dataset.DefaultTable[_metaData=tableName=ScopedContent, columns=[], keys=[], _rowList.size()=0], REQUESTCONTEXT=org.dbunit.dataset.DefaultTable[_metaData=tableName=RequestContext, columns=[], keys=[], _rowList.size()=0], AUTHORITY=org.dbunit.dataset.DefaultTable[_metaData=tableName=Authority, columns=[], keys=[], _rowList.size()=0], USERS_AUTHORITIES=org.dbunit.dataset.DefaultTable[_metaData=tableName=Users_Authorities, columns=[], keys=[], _rowList.size()=0], SCOPEDCONTENTITEM=org.dbunit.dataset.DefaultTable[_metaData=tableName=ScopedContentItem, columns=[(tagName, UNKNOWN, nullableUnknown), (cssClass, UNKNOWN, nullableUnknown), (content, UNKNOWN, nullableUnknown), (type, UNKNOWN, nullableUnknown), (id, UNKNOWN, nullableUnknown), (timeStamp, UNKNOWN, nullableUnknown)], keys=[], _rowList.size()=1], CAPTION=org.dbunit.dataset.DefaultTable[_metaData=tableName=Caption, columns=[], keys=[], _rowList.size()=0], SCOPEDCONTENTCONDITIONS_SCOPEDCONTENTITEM=org.dbunit.dataset.DefaultTable[_metaData=tableName=ScopedContentConditions_ScopedContentItem, columns=[], keys=[], _rowList.size()=0], SCOPEDCONTENTCONDITION=org.dbunit.dataset.DefaultTable[_metaData=tableName=ScopedContentCondition, columns=[(name, UNKNOWN, nullableUnknown), (description, UNKNOWN, nullableUnknown), (operator, UNKNOWN, nullableUnknown), (id, UNKNOWN, nullableUnknown), (timeStamp, UNKNOWN, nullableUnknown)], keys=[], _rowList.size()=1]}, _caseSensitiveTableNames=false]]) - start
194267 [main] DEBUG org.dbunit.dataset.AbstractDataSet  - getTableMetaData(tableName=AUTHORITY) - start
194268 [main] DEBUG org.dbunit.dataset.AbstractDataSet  - getTable(tableName=AUTHORITY) - start
194268 [main] DEBUG org.dbunit.dataset.AbstractDataSet  - initialize() - start
194268 [main] DEBUG org.dbunit.dataset.AbstractDataSet  - The table name map has already been initialized.
194268 [main] DEBUG org.dbunit.dataset.OrderedTableNameMap  - getTableName(tableName=AUTHORITY) - start
194268 [main] DEBUG org.dbunit.dataset.OrderedTableNameMap  - getTableName(tableName=AUTHORITY) - end - result=AUTHORITY
194268 [main] DEBUG org.dbunit.dataset.AbstractDataSet  - getTableMetaData(tableName=CAPTION) - start
194268 [main] DEBUG org.dbunit.dataset.AbstractDataSet  - getTable(tableName=CAPTION) - start
194268 [main] DEBUG org.dbunit.dataset.AbstractDataSet  - initialize() - start
194268 [main] DEBUG org.dbunit.dataset.AbstractDataSet  - The table name map has already been initialized.
194268 [main] DEBUG org.dbunit.dataset.OrderedTableNameMap  - getTableName(tableName=CAPTION) - start
194268 [main] DEBUG org.dbunit.dataset.OrderedTableNameMap  - getTableName(tableName=CAPTION) - end - result=CAPTION
194268 [main] DEBUG org.dbunit.dataset.AbstractDataSet  - getTableMetaData(tableName=SCOPEDCONTENTCONDITION) - start
194268 [main] DEBUG org.dbunit.dataset.AbstractDataSet  - getTable(tableName=SCOPEDCONTENTCONDITION) - start
194268 [main] DEBUG org.dbunit.dataset.AbstractDataSet  - initialize() - start
194268 [main] DEBUG org.dbunit.dataset.AbstractDataSet  - The table name map has already been initialized.
194268 [main] DEBUG org.dbunit.dataset.OrderedTableNameMap  - getTableName(tableName=SCOPEDCONTENTCONDITION) - start
194268 [main] DEBUG org.dbunit.dataset.OrderedTableNameMap  - getTableName(tableName=SCOPEDCONTENTCONDITION) - end - result=SCOPEDCONTENTCONDITION
194268 [main] DEBUG org.dbunit.dataset.AbstractDataSet  - getTableMetaData(tableName=NESTEDSCOPEDCONTENTCONDITIONS) - start
194268 [main] DEBUG org.dbunit.dataset.AbstractDataSet  - getTable(tableName=NESTEDSCOPEDCONTENTCONDITIONS) - start
194268 [main] DEBUG org.dbunit.dataset.AbstractDataSet  - initialize() - start
194268 [main] DEBUG org.dbunit.dataset.AbstractDataSet  - The table name map has already been initialized.
194268 [main] DEBUG org.dbunit.dataset.OrderedTableNameMap  - getTableName(tableName=NESTEDSCOPEDCONTENTCONDITIONS) - start
194268 [main] DEBUG org.dbunit.dataset.OrderedTableNameMap  - getTableName(tableName=NESTEDSCOPEDCONTENTCONDITIONS) - end - result=NESTEDSCOPEDCONTENTCONDITIONS
194268 [main] DEBUG org.dbunit.dataset.AbstractDataSet  - getTableMetaData(tableName=REQUESTCONTEXT) - start
194268 [main] DEBUG org.dbunit.dataset.AbstractDataSet  - getTable(tableName=REQUESTCONTEXT) - start
194268 [main] DEBUG org.dbunit.dataset.AbstractDataSet  - initialize() - start
194268 [main] DEBUG org.dbunit.dataset.AbstractDataSet  - The table name map has already been initialized.
194268 [main] DEBUG org.dbunit.dataset.OrderedTableNameMap  - getTableName(tableName=REQUESTCONTEXT) - start
194268 [main] DEBUG org.dbunit.dataset.OrderedTableNameMap  - getTableName(tableName=REQUESTCONTEXT) - end - result=REQUESTCONTEXT
194268 [main] DEBUG org.dbunit.dataset.AbstractDataSet  - getTableMetaData(tableName=SCOPE) - start
194268 [main] DEBUG org.dbunit.dataset.AbstractDataSet  - getTable(tableName=SCOPE) - start
194268 [main] DEBUG org.dbunit.dataset.AbstractDataSet  - initialize() - start
194268 [main] DEBUG org.dbunit.dataset.AbstractDataSet  - The table name map has already been initialized.
194268 [main] DEBUG org.dbunit.dataset.OrderedTableNameMap  - getTableName(tableName=SCOPE) - start
194268 [main] DEBUG org.dbunit.dataset.OrderedTableNameMap  - getTableName(tableName=SCOPE) - end - result=SCOPE
194268 [main] DEBUG org.dbunit.dataset.AbstractDataSet  - getTableMetaData(tableName=SCOPEDCONTENT) - start
194269 [main] DEBUG org.dbunit.dataset.AbstractDataSet  - getTable(tableName=SCOPEDCONTENT) - start
194269 [main] DEBUG org.dbunit.dataset.AbstractDataSet  - initialize() - start
194269 [main] DEBUG org.dbunit.dataset.AbstractDataSet  - The table name map has already been initialized.
194269 [main] DEBUG org.dbunit.dataset.OrderedTableNameMap  - getTableName(tableName=SCOPEDCONTENT) - start
194269 [main] DEBUG org.dbunit.dataset.OrderedTableNameMap  - getTableName(tableName=SCOPEDCONTENT) - end - result=SCOPEDCONTENT
194269 [main] DEBUG org.dbunit.dataset.AbstractDataSet  - getTableMetaData(tableName=SCOPEDCONTENTCONDITIONATTRIBUTE) - start
194269 [main] DEBUG org.dbunit.dataset.AbstractDataSet  - getTable(tableName=SCOPEDCONTENTCONDITIONATTRIBUTE) - start
194269 [main] DEBUG org.dbunit.dataset.AbstractDataSet  - initialize() - start
194269 [main] DEBUG org.dbunit.dataset.AbstractDataSet  - The table name map has already been initialized.
194269 [main] DEBUG org.dbunit.dataset.OrderedTableNameMap  - getTableName(tableName=SCOPEDCONTENTCONDITIONATTRIBUTE) - start
194269 [main] DEBUG org.dbunit.dataset.OrderedTableNameMap  - getTableName(tableName=SCOPEDCONTENTCONDITIONATTRIBUTE) - end - result=SCOPEDCONTENTCONDITIONATTRIBUTE
194269 [main] DEBUG org.dbunit.dataset.AbstractDataSet  - getTableMetaData(tableName=SCOPEDCONTENTCONDITIONS_SCOPEDCONTENT) - start
194269 [main] DEBUG org.dbunit.dataset.AbstractDataSet  - getTable(tableName=SCOPEDCONTENTCONDITIONS_SCOPEDCONTENT) - start
194269 [main] DEBUG org.dbunit.dataset.AbstractDataSet  - initialize() - start
194269 [main] DEBUG org.dbunit.dataset.AbstractDataSet  - The table name map has already been initialized.
194269 [main] DEBUG org.dbunit.dataset.OrderedTableNameMap  - getTableName(tableName=SCOPEDCONTENTCONDITIONS_SCOPEDCONTENT) - start
194269 [main] DEBUG org.dbunit.dataset.OrderedTableNameMap  - getTableName(tableName=SCOPEDCONTENTCONDITIONS_SCOPEDCONTENT) - end - result=SCOPEDCONTENTCONDITIONS_SCOPEDCONTENT
194269 [main] DEBUG org.dbunit.dataset.AbstractDataSet  - getTableMetaData(tableName=SCOPEDCONTENTITEM) - start
194269 [main] DEBUG org.dbunit.dataset.AbstractDataSet  - getTable(tableName=SCOPEDCONTENTITEM) - start
194269 [main] DEBUG org.dbunit.dataset.AbstractDataSet  - initialize() - start
194269 [main] DEBUG org.dbunit.dataset.AbstractDataSet  - The table name map has already been initialized.
194269 [main] DEBUG org.dbunit.dataset.OrderedTableNameMap  - getTableName(tableName=SCOPEDCONTENTITEM) - start
194269 [main] DEBUG org.dbunit.dataset.OrderedTableNameMap  - getTableName(tableName=SCOPEDCONTENTITEM) - end - result=SCOPEDCONTENTITEM
194269 [main] DEBUG org.dbunit.dataset.AbstractDataSet  - getTableMetaData(tableName=SCOPEDCONTENTCONDITIONS_SCOPEDCONTENTITEM) - start
194269 [main] DEBUG org.dbunit.dataset.AbstractDataSet  - getTable(tableName=SCOPEDCONTENTCONDITIONS_SCOPEDCONTENTITEM) - start
194269 [main] DEBUG org.dbunit.dataset.AbstractDataSet  - initialize() - start
194269 [main] DEBUG org.dbunit.dataset.AbstractDataSet  - The table name map has already been initialized.
194270 [main] DEBUG org.dbunit.dataset.OrderedTableNameMap  - getTableName(tableName=SCOPEDCONTENTCONDITIONS_SCOPEDCONTENTITEM) - start
194270 [main] DEBUG org.dbunit.dataset.OrderedTableNameMap  - getTableName(tableName=SCOPEDCONTENTCONDITIONS_SCOPEDCONTENTITEM) - end - result=SCOPEDCONTENTCONDITIONS_SCOPEDCONTENTITEM
194270 [main] DEBUG org.dbunit.dataset.AbstractDataSet  - getTableMetaData(tableName=SCOPEDCONTENT_SCOPEDCONTENTITEM) - start
194270 [main] DEBUG org.dbunit.dataset.AbstractDataSet  - getTable(tableName=SCOPEDCONTENT_SCOPEDCONTENTITEM) - start
194270 [main] DEBUG org.dbunit.dataset.AbstractDataSet  - initialize() - start
194270 [main] DEBUG org.dbunit.dataset.AbstractDataSet  - The table name map has already been initialized.
194270 [main] DEBUG org.dbunit.dataset.OrderedTableNameMap  - getTableName(tableName=SCOPEDCONTENT_SCOPEDCONTENTITEM) - start
194270 [main] DEBUG org.dbunit.dataset.OrderedTableNameMap  - getTableName(tableName=SCOPEDCONTENT_SCOPEDCONTENTITEM) - end - result=SCOPEDCONTENT_SCOPEDCONTENTITEM
194270 [main] DEBUG org.dbunit.dataset.AbstractDataSet  - getTableMetaData(tableName=SCOPE_REQUESTCONTEXT) - start
194270 [main] DEBUG org.dbunit.dataset.AbstractDataSet  - getTable(tableName=SCOPE_REQUESTCONTEXT) - start
194270 [main] DEBUG org.dbunit.dataset.AbstractDataSet  - initialize() - start
194270 [main] DEBUG org.dbunit.dataset.AbstractDataSet  - The table name map has already been initialized.
194270 [main] DEBUG org.dbunit.dataset.OrderedTableNameMap  - getTableName(tableName=SCOPE_REQUESTCONTEXT) - start
194270 [main] DEBUG org.dbunit.dataset.OrderedTableNameMap  - getTableName(tableName=SCOPE_REQUESTCONTEXT) - end - result=SCOPE_REQUESTCONTEXT
194270 [main] DEBUG org.dbunit.dataset.AbstractDataSet  - getTableMetaData(tableName=USER) - start
194270 [main] DEBUG org.dbunit.dataset.AbstractDataSet  - getTable(tableName=USER) - start
194270 [main] DEBUG org.dbunit.dataset.AbstractDataSet  - initialize() - start
194270 [main] DEBUG org.dbunit.dataset.AbstractDataSet  - The table name map has already been initialized.
194270 [main] DEBUG org.dbunit.dataset.OrderedTableNameMap  - getTableName(tableName=USER) - start
194270 [main] DEBUG org.dbunit.dataset.OrderedTableNameMap  - getTableName(tableName=USER) - end - result=USER
194270 [main] DEBUG org.dbunit.dataset.AbstractDataSet  - getTableMetaData(tableName=USERS_AUTHORITIES) - start
194270 [main] DEBUG org.dbunit.dataset.AbstractDataSet  - getTable(tableName=USERS_AUTHORITIES) - start
194270 [main] DEBUG org.dbunit.dataset.AbstractDataSet  - initialize() - start
194270 [main] DEBUG org.dbunit.dataset.AbstractDataSet  - The table name map has already been initialized.
194270 [main] DEBUG org.dbunit.dataset.OrderedTableNameMap  - getTableName(tableName=USERS_AUTHORITIES) - start
194270 [main] DEBUG org.dbunit.dataset.OrderedTableNameMap  - getTableName(tableName=USERS_AUTHORITIES) - end - result=USERS_AUTHORITIES
194270 [main] DEBUG org.dbunit.dataset.filter.SequenceTableIterator  - next() - start
194271 [main] DEBUG org.dbunit.dataset.filter.SequenceTableIterator  - getTableMetaData() - start
194271 [main] DEBUG org.dbunit.dataset.AbstractDataSet  - getTableMetaData(tableName=Authority) - start
194271 [main] DEBUG org.dbunit.dataset.AbstractDataSet  - getTable(tableName=Authority) - start
194271 [main] DEBUG org.dbunit.dataset.AbstractDataSet  - initialize() - start
194271 [main] DEBUG org.dbunit.dataset.AbstractDataSet  - The table name map has already been initialized.
194271 [main] DEBUG org.dbunit.dataset.OrderedTableNameMap  - getTableName(tableName=Authority) - start
194271 [main] DEBUG org.dbunit.dataset.OrderedTableNameMap  - getTableName(tableName=Authority) - end - result=AUTHORITY
194271 [main] DEBUG org.dbunit.dataset.filter.SequenceTableIterator  - next() - start
194271 [main] DEBUG org.dbunit.dataset.filter.SequenceTableIterator  - getTableMetaData() - start
194271 [main] DEBUG org.dbunit.dataset.AbstractDataSet  - getTableMetaData(tableName=Caption) - start
194271 [main] DEBUG org.dbunit.dataset.AbstractDataSet  - getTable(tableName=Caption) - start
194271 [main] DEBUG org.dbunit.dataset.AbstractDataSet  - initialize() - start
194271 [main] DEBUG org.dbunit.dataset.AbstractDataSet  - The table name map has already been initialized.
194271 [main] DEBUG org.dbunit.dataset.OrderedTableNameMap  - getTableName(tableName=Caption) - start
194271 [main] DEBUG org.dbunit.dataset.OrderedTableNameMap  - getTableName(tableName=Caption) - end - result=CAPTION
194271 [main] DEBUG org.dbunit.dataset.filter.SequenceTableIterator  - next() - start
194271 [main] DEBUG org.dbunit.dataset.filter.SequenceTableIterator  - getTableMetaData() - start
194271 [main] DEBUG org.dbunit.dataset.AbstractDataSet  - getTableMetaData(tableName=ScopedContentCondition) - start
194271 [main] DEBUG org.dbunit.dataset.AbstractDataSet  - getTable(tableName=ScopedContentCondition) - start
194271 [main] DEBUG org.dbunit.dataset.AbstractDataSet  - initialize() - start
194271 [main] DEBUG org.dbunit.dataset.AbstractDataSet  - The table name map has already been initialized.
194271 [main] DEBUG org.dbunit.dataset.OrderedTableNameMap  - getTableName(tableName=ScopedContentCondition) - start
194271 [main] DEBUG org.dbunit.dataset.OrderedTableNameMap  - getTableName(tableName=ScopedContentCondition) - end - result=SCOPEDCONTENTCONDITION
194271 [main] DEBUG org.dbunit.dataset.filter.SequenceTableIterator  - next() - start
194271 [main] DEBUG org.dbunit.dataset.filter.SequenceTableIterator  - getTableMetaData() - start
194271 [main] DEBUG org.dbunit.dataset.AbstractDataSet  - getTableMetaData(tableName=NestedScopedContentConditions) - start
194272 [main] DEBUG org.dbunit.dataset.AbstractDataSet  - getTable(tableName=NestedScopedContentConditions) - start
194272 [main] DEBUG org.dbunit.dataset.AbstractDataSet  - initialize() - start
194272 [main] DEBUG org.dbunit.dataset.AbstractDataSet  - The table name map has already been initialized.
194272 [main] DEBUG org.dbunit.dataset.OrderedTableNameMap  - getTableName(tableName=NestedScopedContentConditions) - start
194272 [main] DEBUG org.dbunit.dataset.OrderedTableNameMap  - getTableName(tableName=NestedScopedContentConditions) - end - result=NESTEDSCOPEDCONTENTCONDITIONS
194272 [main] DEBUG org.dbunit.dataset.filter.SequenceTableIterator  - next() - start
194272 [main] DEBUG org.dbunit.dataset.filter.SequenceTableIterator  - getTableMetaData() - start
194272 [main] DEBUG org.dbunit.dataset.AbstractDataSet  - getTableMetaData(tableName=RequestContext) - start
194272 [main] DEBUG org.dbunit.dataset.AbstractDataSet  - getTable(tableName=RequestContext) - start
194272 [main] DEBUG org.dbunit.dataset.AbstractDataSet  - initialize() - start
194272 [main] DEBUG org.dbunit.dataset.AbstractDataSet  - The table name map has already been initialized.
194272 [main] DEBUG org.dbunit.dataset.OrderedTableNameMap  - getTableName(tableName=RequestContext) - start
194272 [main] DEBUG org.dbunit.dataset.OrderedTableNameMap  - getTableName(tableName=RequestContext) - end - result=REQUESTCONTEXT
194272 [main] DEBUG org.dbunit.dataset.filter.SequenceTableIterator  - next() - start
194272 [main] DEBUG org.dbunit.dataset.filter.SequenceTableIterator  - getTableMetaData() - start
194272 [main] DEBUG org.dbunit.dataset.AbstractDataSet  - getTableMetaData(tableName=Scope) - start
194272 [main] DEBUG org.dbunit.dataset.AbstractDataSet  - getTable(tableName=Scope) - start
194272 [main] DEBUG org.dbunit.dataset.AbstractDataSet  - initialize() - start
194272 [main] DEBUG org.dbunit.dataset.AbstractDataSet  - The table name map has already been initialized.
194272 [main] DEBUG org.dbunit.dataset.OrderedTableNameMap  - getTableName(tableName=Scope) - start
194272 [main] DEBUG org.dbunit.dataset.OrderedTableNameMap  - getTableName(tableName=Scope) - end - result=SCOPE
194272 [main] DEBUG org.dbunit.dataset.filter.SequenceTableIterator  - next() - start
194272 [main] DEBUG org.dbunit.dataset.filter.SequenceTableIterator  - getTableMetaData() - start
194272 [main] DEBUG org.dbunit.dataset.AbstractDataSet  - getTableMetaData(tableName=ScopedContent) - start
194272 [main] DEBUG org.dbunit.dataset.AbstractDataSet  - getTable(tableName=ScopedContent) - start
194276 [main] DEBUG org.dbunit.dataset.AbstractDataSet  - initialize() - start
194276 [main] DEBUG org.dbunit.dataset.AbstractDataSet  - The table name map has already been initialized.
194276 [main] DEBUG org.dbunit.dataset.OrderedTableNameMap  - getTableName(tableName=ScopedContent) - start
194276 [main] DEBUG org.dbunit.dataset.OrderedTableNameMap  - getTableName(tableName=ScopedContent) - end - result=SCOPEDCONTENT
194276 [main] DEBUG org.dbunit.dataset.filter.SequenceTableIterator  - next() - start
194276 [main] DEBUG org.dbunit.dataset.filter.SequenceTableIterator  - getTableMetaData() - start
194276 [main] DEBUG org.dbunit.dataset.AbstractDataSet  - getTableMetaData(tableName=ScopedContentConditionAttribute) - start
194276 [main] DEBUG org.dbunit.dataset.AbstractDataSet  - getTable(tableName=ScopedContentConditionAttribute) - start
194276 [main] DEBUG org.dbunit.dataset.AbstractDataSet  - initialize() - start
194276 [main] DEBUG org.dbunit.dataset.AbstractDataSet  - The table name map has already been initialized.
194276 [main] DEBUG org.dbunit.dataset.OrderedTableNameMap  - getTableName(tableName=ScopedContentConditionAttribute) - start
194276 [main] DEBUG org.dbunit.dataset.OrderedTableNameMap  - getTableName(tableName=ScopedContentConditionAttribute) - end - result=SCOPEDCONTENTCONDITIONATTRIBUTE
194276 [main] DEBUG org.dbunit.dataset.filter.SequenceTableIterator  - next() - start
194276 [main] DEBUG org.dbunit.dataset.filter.SequenceTableIterator  - getTableMetaData() - start
194276 [main] DEBUG org.dbunit.dataset.AbstractDataSet  - getTableMetaData(tableName=ScopedContentConditions_ScopedContent) - start
194277 [main] DEBUG org.dbunit.dataset.AbstractDataSet  - getTable(tableName=ScopedContentConditions_ScopedContent) - start
194277 [main] DEBUG org.dbunit.dataset.AbstractDataSet  - initialize() - start
194277 [main] DEBUG org.dbunit.dataset.AbstractDataSet  - The table name map has already been initialized.
194277 [main] DEBUG org.dbunit.dataset.OrderedTableNameMap  - getTableName(tableName=ScopedContentConditions_ScopedContent) - start
194277 [main] DEBUG org.dbunit.dataset.OrderedTableNameMap  - getTableName(tableName=ScopedContentConditions_ScopedContent) - end - result=SCOPEDCONTENTCONDITIONS_SCOPEDCONTENT
194277 [main] DEBUG org.dbunit.dataset.filter.SequenceTableIterator  - next() - start
194277 [main] DEBUG org.dbunit.dataset.filter.SequenceTableIterator  - getTableMetaData() - start
194277 [main] DEBUG org.dbunit.dataset.AbstractDataSet  - getTableMetaData(tableName=ScopedContentItem) - start
194277 [main] DEBUG org.dbunit.dataset.AbstractDataSet  - getTable(tableName=ScopedContentItem) - start
194277 [main] DEBUG org.dbunit.dataset.AbstractDataSet  - initialize() - start
194278 [main] DEBUG org.dbunit.dataset.AbstractDataSet  - The table name map has already been initialized.
194278 [main] DEBUG org.dbunit.dataset.OrderedTableNameMap  - getTableName(tableName=ScopedContentItem) - start
194278 [main] DEBUG org.dbunit.dataset.OrderedTableNameMap  - getTableName(tableName=ScopedContentItem) - end - result=SCOPEDCONTENTITEM
194278 [main] DEBUG org.dbunit.dataset.filter.SequenceTableIterator  - next() - start
194278 [main] DEBUG org.dbunit.dataset.filter.SequenceTableIterator  - getTableMetaData() - start
194278 [main] DEBUG org.dbunit.dataset.AbstractDataSet  - getTableMetaData(tableName=ScopedContentConditions_ScopedContentItem) - start
194278 [main] DEBUG org.dbunit.dataset.AbstractDataSet  - getTable(tableName=ScopedContentConditions_ScopedContentItem) - start
194278 [main] DEBUG org.dbunit.dataset.AbstractDataSet  - initialize() - start
194278 [main] DEBUG org.dbunit.dataset.AbstractDataSet  - The table name map has already been initialized.
194278 [main] DEBUG org.dbunit.dataset.OrderedTableNameMap  - getTableName(tableName=ScopedContentConditions_ScopedContentItem) - start
194278 [main] DEBUG org.dbunit.dataset.OrderedTableNameMap  - getTableName(tableName=ScopedContentConditions_ScopedContentItem) - end - result=SCOPEDCONTENTCONDITIONS_SCOPEDCONTENTITEM
194278 [main] DEBUG org.dbunit.dataset.filter.SequenceTableIterator  - next() - start
194279 [main] DEBUG org.dbunit.dataset.filter.SequenceTableIterator  - getTableMetaData() - start
194279 [main] DEBUG org.dbunit.dataset.AbstractDataSet  - getTableMetaData(tableName=ScopedContent_ScopedContentItem) - start
194279 [main] DEBUG org.dbunit.dataset.AbstractDataSet  - getTable(tableName=ScopedContent_ScopedContentItem) - start
194279 [main] DEBUG org.dbunit.dataset.AbstractDataSet  - initialize() - start
194279 [main] DEBUG org.dbunit.dataset.AbstractDataSet  - The table name map has already been initialized.
194279 [main] DEBUG org.dbunit.dataset.OrderedTableNameMap  - getTableName(tableName=ScopedContent_ScopedContentItem) - start
194279 [main] DEBUG org.dbunit.dataset.OrderedTableNameMap  - getTableName(tableName=ScopedContent_ScopedContentItem) - end - result=SCOPEDCONTENT_SCOPEDCONTENTITEM
194279 [main] DEBUG org.dbunit.dataset.filter.SequenceTableIterator  - next() - start
194279 [main] DEBUG org.dbunit.dataset.filter.SequenceTableIterator  - getTableMetaData() - start
194279 [main] DEBUG org.dbunit.dataset.AbstractDataSet  - getTableMetaData(tableName=Scope_RequestContext) - start
194279 [main] DEBUG org.dbunit.dataset.AbstractDataSet  - getTable(tableName=Scope_RequestContext) - start
194279 [main] DEBUG org.dbunit.dataset.AbstractDataSet  - initialize() - start
194279 [main] DEBUG org.dbunit.dataset.AbstractDataSet  - The table name map has already been initialized.
194280 [main] DEBUG org.dbunit.dataset.OrderedTableNameMap  - getTableName(tableName=Scope_RequestContext) - start
194280 [main] DEBUG org.dbunit.dataset.OrderedTableNameMap  - getTableName(tableName=Scope_RequestContext) - end - result=SCOPE_REQUESTCONTEXT
194280 [main] DEBUG org.dbunit.dataset.filter.SequenceTableIterator  - next() - start
194280 [main] DEBUG org.dbunit.dataset.filter.SequenceTableIterator  - getTableMetaData() - start
194280 [main] DEBUG org.dbunit.dataset.AbstractDataSet  - getTableMetaData(tableName=User) - start
194280 [main] DEBUG org.dbunit.dataset.AbstractDataSet  - getTable(tableName=User) - start
194280 [main] DEBUG org.dbunit.dataset.AbstractDataSet  - initialize() - start
194280 [main] DEBUG org.dbunit.dataset.AbstractDataSet  - The table name map has already been initialized.
194280 [main] DEBUG org.dbunit.dataset.OrderedTableNameMap  - getTableName(tableName=User) - start
194280 [main] DEBUG org.dbunit.dataset.OrderedTableNameMap  - getTableName(tableName=User) - end - result=USER
194280 [main] DEBUG org.dbunit.dataset.filter.SequenceTableIterator  - next() - start
194281 [main] DEBUG org.dbunit.dataset.filter.SequenceTableIterator  - getTableMetaData() - start
194281 [main] DEBUG org.dbunit.dataset.AbstractDataSet  - getTableMetaData(tableName=Users_Authorities) - start
194281 [main] DEBUG org.dbunit.dataset.AbstractDataSet  - getTable(tableName=Users_Authorities) - start
194281 [main] DEBUG org.dbunit.dataset.AbstractDataSet  - initialize() - start
194281 [main] DEBUG org.dbunit.dataset.AbstractDataSet  - The table name map has already been initialized.
194281 [main] DEBUG org.dbunit.dataset.OrderedTableNameMap  - getTableName(tableName=Users_Authorities) - start
194281 [main] DEBUG org.dbunit.dataset.OrderedTableNameMap  - getTableName(tableName=Users_Authorities) - end - result=USERS_AUTHORITIES
194281 [main] DEBUG org.dbunit.dataset.filter.SequenceTableIterator  - next() - start
194281 [main] DEBUG org.dbunit.database.DatabaseDataSet  - getTableMetaData(tableName=Users_Authorities) - start
194281 [main] DEBUG org.dbunit.database.DatabaseDataSet  - initialize() - start
194281 [main] DEBUG org.dbunit.dataset.OrderedTableNameMap  - getTableName(tableName=Users_Authorities) - start
194281 [main] DEBUG org.dbunit.dataset.OrderedTableNameMap  - getTableName(tableName=Users_Authorities) - end - result=USERS_AUTHORITIES
194281 [main] DEBUG org.dbunit.dataset.OrderedTableNameMap  - getTableName(tableName=Users_Authorities) - start
194282 [main] DEBUG org.dbunit.dataset.OrderedTableNameMap  - getTableName(tableName=Users_Authorities) - end - result=USERS_AUTHORITIES
194282 [main] DEBUG org.dbunit.operation.AbstractOperation  - getQualifiedName(prefix=null, name=USERS_AUTHORITIES, connection=_databaseConfig=org.dbunit.database.DatabaseConfig[, _propertyMap={http://www.dbunit.org/properties/statementFactory=org.dbunit.database.statement.PreparedStatementFactory@626bc2b8, http://www.dbunit.org/features/caseSensitiveTableNames=false, http://www.dbunit.org/properties/fetchSize=100, http://www.dbunit.org/features/batchedStatements=false, http://www.dbunit.org/properties/metadataHandler=org.dbunit.database.DefaultMetadataHandler@3eeace42, http://www.dbunit.org/properties/datatypeFactory=org.dbunit.dataset.datatype.DefaultDataTypeFactory[_toleratedDeltaMap=org.dbunit.dataset.datatype.ToleratedDeltaMap@6452310a], http://www.dbunit.org/properties/escapePattern=null, http://www.dbunit.org/properties/batchSize=100, http://www.dbunit.org/features/qualifiedTableNames=false, http://www.dbunit.org/properties/tableType=[Ljava.lang.String;@5011bafa, http://www.dbunit.org/properties/resultSetTableFactory=org.dbunit.database.CachedResultSetTableFactory@10bcf083, http://www.dbunit.org/features/datatypeWarning=true}], _dataSet=AbstractDataSet[_orderedTableNameMap=null]) - start
194282 [main] TRACE org.dbunit.database.DatabaseConfig  - getProperty(name=http://www.dbunit.org/properties/escapePattern) - start
194282 [main] DEBUG org.dbunit.util.QualifiedTableName  - getQualifiedName() - start
194282 [main] DEBUG org.dbunit.util.QualifiedTableName  - getQualifiedName(prefix=null, name=USERS_AUTHORITIES, escapePattern=null) - start
194282 [main] DEBUG org.dbunit.database.statement.SimpleStatement  - addBatch(sql=delete from USERS_AUTHORITIES) - start
194282 [main] DEBUG org.dbunit.operation.DeleteAllOperation  - Added SQL: delete from USERS_AUTHORITIES
194282 [main] DEBUG org.dbunit.database.DatabaseDataSet  - getTableMetaData(tableName=User) - start
194282 [main] DEBUG org.dbunit.database.DatabaseDataSet  - initialize() - start
194282 [main] DEBUG org.dbunit.dataset.OrderedTableNameMap  - getTableName(tableName=User) - start
194282 [main] DEBUG org.dbunit.dataset.OrderedTableNameMap  - getTableName(tableName=User) - end - result=USER
194283 [main] DEBUG org.dbunit.dataset.OrderedTableNameMap  - getTableName(tableName=User) - start
194283 [main] DEBUG org.dbunit.dataset.OrderedTableNameMap  - getTableName(tableName=User) - end - result=USER
194283 [main] DEBUG org.dbunit.operation.AbstractOperation  - getQualifiedName(prefix=null, name=USER, connection=_databaseConfig=org.dbunit.database.DatabaseConfig[, _propertyMap={http://www.dbunit.org/properties/statementFactory=org.dbunit.database.statement.PreparedStatementFactory@626bc2b8, http://www.dbunit.org/features/caseSensitiveTableNames=false, http://www.dbunit.org/properties/fetchSize=100, http://www.dbunit.org/features/batchedStatements=false, http://www.dbunit.org/properties/metadataHandler=org.dbunit.database.DefaultMetadataHandler@3eeace42, http://www.dbunit.org/properties/datatypeFactory=org.dbunit.dataset.datatype.DefaultDataTypeFactory[_toleratedDeltaMap=org.dbunit.dataset.datatype.ToleratedDeltaMap@6452310a], http://www.dbunit.org/properties/escapePattern=null, http://www.dbunit.org/properties/batchSize=100, http://www.dbunit.org/features/qualifiedTableNames=false, http://www.dbunit.org/properties/tableType=[Ljava.lang.String;@5011bafa, http://www.dbunit.org/properties/resultSetTableFactory=org.dbunit.database.CachedResultSetTableFactory@10bcf083, http://www.dbunit.org/features/datatypeWarning=true}], _dataSet=AbstractDataSet[_orderedTableNameMap=null]) - start
194283 [main] TRACE org.dbunit.database.DatabaseConfig  - getProperty(name=http://www.dbunit.org/properties/escapePattern) - start
194283 [main] DEBUG org.dbunit.util.QualifiedTableName  - getQualifiedName() - start
194283 [main] DEBUG org.dbunit.util.QualifiedTableName  - getQualifiedName(prefix=null, name=USER, escapePattern=null) - start
194283 [main] DEBUG org.dbunit.database.statement.SimpleStatement  - addBatch(sql=delete from USER) - start
194283 [main] DEBUG org.dbunit.operation.DeleteAllOperation  - Added SQL: delete from USER
194283 [main] DEBUG org.dbunit.database.DatabaseDataSet  - getTableMetaData(tableName=Scope_RequestContext) - start
194283 [main] DEBUG org.dbunit.database.DatabaseDataSet  - initialize() - start
194283 [main] DEBUG org.dbunit.dataset.OrderedTableNameMap  - getTableName(tableName=Scope_RequestContext) - start
194284 [main] DEBUG org.dbunit.dataset.OrderedTableNameMap  - getTableName(tableName=Scope_RequestContext) - end - result=SCOPE_REQUESTCONTEXT
194284 [main] DEBUG org.dbunit.dataset.OrderedTableNameMap  - getTableName(tableName=Scope_RequestContext) - start
194284 [main] DEBUG org.dbunit.dataset.OrderedTableNameMap  - getTableName(tableName=Scope_RequestContext) - end - result=SCOPE_REQUESTCONTEXT
194284 [main] DEBUG org.dbunit.operation.AbstractOperation  - getQualifiedName(prefix=null, name=SCOPE_REQUESTCONTEXT, connection=_databaseConfig=org.dbunit.database.DatabaseConfig[, _propertyMap={http://www.dbunit.org/properties/statementFactory=org.dbunit.database.statement.PreparedStatementFactory@626bc2b8, http://www.dbunit.org/features/caseSensitiveTableNames=false, http://www.dbunit.org/properties/fetchSize=100, http://www.dbunit.org/features/batchedStatements=false, http://www.dbunit.org/properties/metadataHandler=org.dbunit.database.DefaultMetadataHandler@3eeace42, http://www.dbunit.org/properties/datatypeFactory=org.dbunit.dataset.datatype.DefaultDataTypeFactory[_toleratedDeltaMap=org.dbunit.dataset.datatype.ToleratedDeltaMap@6452310a], http://www.dbunit.org/properties/escapePattern=null, http://www.dbunit.org/properties/batchSize=100, http://www.dbunit.org/features/qualifiedTableNames=false, http://www.dbunit.org/properties/tableType=[Ljava.lang.String;@5011bafa, http://www.dbunit.org/properties/resultSetTableFactory=org.dbunit.database.CachedResultSetTableFactory@10bcf083, http://www.dbunit.org/features/datatypeWarning=true}], _dataSet=AbstractDataSet[_orderedTableNameMap=null]) - start
194284 [main] TRACE org.dbunit.database.DatabaseConfig  - getProperty(name=http://www.dbunit.org/properties/escapePattern) - start
194284 [main] DEBUG org.dbunit.util.QualifiedTableName  - getQualifiedName() - start
194284 [main] DEBUG org.dbunit.util.QualifiedTableName  - getQualifiedName(prefix=null, name=SCOPE_REQUESTCONTEXT, escapePattern=null) - start
194284 [main] DEBUG org.dbunit.database.statement.SimpleStatement  - addBatch(sql=delete from SCOPE_REQUESTCONTEXT) - start
194284 [main] DEBUG org.dbunit.operation.DeleteAllOperation  - Added SQL: delete from SCOPE_REQUESTCONTEXT
194284 [main] DEBUG org.dbunit.database.DatabaseDataSet  - getTableMetaData(tableName=ScopedContent_ScopedContentItem) - start
194284 [main] DEBUG org.dbunit.database.DatabaseDataSet  - initialize() - start
194284 [main] DEBUG org.dbunit.dataset.OrderedTableNameMap  - getTableName(tableName=ScopedContent_ScopedContentItem) - start
194285 [main] DEBUG org.dbunit.dataset.OrderedTableNameMap  - getTableName(tableName=ScopedContent_ScopedContentItem) - end - result=SCOPEDCONTENT_SCOPEDCONTENTITEM
194285 [main] DEBUG org.dbunit.dataset.OrderedTableNameMap  - getTableName(tableName=ScopedContent_ScopedContentItem) - start
194285 [main] DEBUG org.dbunit.dataset.OrderedTableNameMap  - getTableName(tableName=ScopedContent_ScopedContentItem) - end - result=SCOPEDCONTENT_SCOPEDCONTENTITEM
194285 [main] DEBUG org.dbunit.operation.AbstractOperation  - getQualifiedName(prefix=null, name=SCOPEDCONTENT_SCOPEDCONTENTITEM, connection=_databaseConfig=org.dbunit.database.DatabaseConfig[, _propertyMap={http://www.dbunit.org/properties/statementFactory=org.dbunit.database.statement.PreparedStatementFactory@626bc2b8, http://www.dbunit.org/features/caseSensitiveTableNames=false, http://www.dbunit.org/properties/fetchSize=100, http://www.dbunit.org/features/batchedStatements=false, http://www.dbunit.org/properties/metadataHandler=org.dbunit.database.DefaultMetadataHandler@3eeace42, http://www.dbunit.org/properties/datatypeFactory=org.dbunit.dataset.datatype.DefaultDataTypeFactory[_toleratedDeltaMap=org.dbunit.dataset.datatype.ToleratedDeltaMap@6452310a], http://www.dbunit.org/properties/escapePattern=null, http://www.dbunit.org/properties/batchSize=100, http://www.dbunit.org/features/qualifiedTableNames=false, http://www.dbunit.org/properties/tableType=[Ljava.lang.String;@5011bafa, http://www.dbunit.org/properties/resultSetTableFactory=org.dbunit.database.CachedResultSetTableFactory@10bcf083, http://www.dbunit.org/features/datatypeWarning=true}], _dataSet=AbstractDataSet[_orderedTableNameMap=null]) - start
194285 [main] TRACE org.dbunit.database.DatabaseConfig  - getProperty(name=http://www.dbunit.org/properties/escapePattern) - start
194285 [main] DEBUG org.dbunit.util.QualifiedTableName  - getQualifiedName() - start
194285 [main] DEBUG org.dbunit.util.QualifiedTableName  - getQualifiedName(prefix=null, name=SCOPEDCONTENT_SCOPEDCONTENTITEM, escapePattern=null) - start
194285 [main] DEBUG org.dbunit.database.statement.SimpleStatement  - addBatch(sql=delete from SCOPEDCONTENT_SCOPEDCONTENTITEM) - start
194285 [main] DEBUG org.dbunit.operation.DeleteAllOperation  - Added SQL: delete from SCOPEDCONTENT_SCOPEDCONTENTITEM
194285 [main] DEBUG org.dbunit.database.DatabaseDataSet  - getTableMetaData(tableName=ScopedContentConditions_ScopedContentItem) - start
194285 [main] DEBUG org.dbunit.database.DatabaseDataSet  - initialize() - start
194286 [main] DEBUG org.dbunit.dataset.OrderedTableNameMap  - getTableName(tableName=ScopedContentConditions_ScopedContentItem) - start
194286 [main] DEBUG org.dbunit.dataset.OrderedTableNameMap  - getTableName(tableName=ScopedContentConditions_ScopedContentItem) - end - result=SCOPEDCONTENTCONDITIONS_SCOPEDCONTENTITEM
194286 [main] DEBUG org.dbunit.dataset.OrderedTableNameMap  - getTableName(tableName=ScopedContentConditions_ScopedContentItem) - start
194286 [main] DEBUG org.dbunit.dataset.OrderedTableNameMap  - getTableName(tableName=ScopedContentConditions_ScopedContentItem) - end - result=SCOPEDCONTENTCONDITIONS_SCOPEDCONTENTITEM
194286 [main] DEBUG org.dbunit.operation.AbstractOperation  - getQualifiedName(prefix=null, name=SCOPEDCONTENTCONDITIONS_SCOPEDCONTENTITEM, connection=_databaseConfig=org.dbunit.database.DatabaseConfig[, _propertyMap={http://www.dbunit.org/properties/statementFactory=org.dbunit.database.statement.PreparedStatementFactory@626bc2b8, http://www.dbunit.org/features/caseSensitiveTableNames=false, http://www.dbunit.org/properties/fetchSize=100, http://www.dbunit.org/features/batchedStatements=false, http://www.dbunit.org/properties/metadataHandler=org.dbunit.database.DefaultMetadataHandler@3eeace42, http://www.dbunit.org/properties/datatypeFactory=org.dbunit.dataset.datatype.DefaultDataTypeFactory[_toleratedDeltaMap=org.dbunit.dataset.datatype.ToleratedDeltaMap@6452310a], http://www.dbunit.org/properties/escapePattern=null, http://www.dbunit.org/properties/batchSize=100, http://www.dbunit.org/features/qualifiedTableNames=false, http://www.dbunit.org/properties/tableType=[Ljava.lang.String;@5011bafa, http://www.dbunit.org/properties/resultSetTableFactory=org.dbunit.database.CachedResultSetTableFactory@10bcf083, http://www.dbunit.org/features/datatypeWarning=true}], _dataSet=AbstractDataSet[_orderedTableNameMap=null]) - start
194286 [main] TRACE org.dbunit.database.DatabaseConfig  - getProperty(name=http://www.dbunit.org/properties/escapePattern) - start
194286 [main] DEBUG org.dbunit.util.QualifiedTableName  - getQualifiedName() - start
194286 [main] DEBUG org.dbunit.util.QualifiedTableName  - getQualifiedName(prefix=null, name=SCOPEDCONTENTCONDITIONS_SCOPEDCONTENTITEM, escapePattern=null) - start
194286 [main] DEBUG org.dbunit.database.statement.SimpleStatement  - addBatch(sql=delete from SCOPEDCONTENTCONDITIONS_SCOPEDCONTENTITEM) - start
194286 [main] DEBUG org.dbunit.operation.DeleteAllOperation  - Added SQL: delete from SCOPEDCONTENTCONDITIONS_SCOPEDCONTENTITEM
194286 [main] DEBUG org.dbunit.database.DatabaseDataSet  - getTableMetaData(tableName=ScopedContentItem) - start
194287 [main] DEBUG org.dbunit.database.DatabaseDataSet  - initialize() - start
194287 [main] DEBUG org.dbunit.dataset.OrderedTableNameMap  - getTableName(tableName=ScopedContentItem) - start
194287 [main] DEBUG org.dbunit.dataset.OrderedTableNameMap  - getTableName(tableName=ScopedContentItem) - end - result=SCOPEDCONTENTITEM
194287 [main] DEBUG org.dbunit.dataset.OrderedTableNameMap  - getTableName(tableName=ScopedContentItem) - start
194287 [main] DEBUG org.dbunit.dataset.OrderedTableNameMap  - getTableName(tableName=ScopedContentItem) - end - result=SCOPEDCONTENTITEM
194287 [main] DEBUG org.dbunit.operation.AbstractOperation  - getQualifiedName(prefix=null, name=SCOPEDCONTENTITEM, connection=_databaseConfig=org.dbunit.database.DatabaseConfig[, _propertyMap={http://www.dbunit.org/properties/statementFactory=org.dbunit.database.statement.PreparedStatementFactory@626bc2b8, http://www.dbunit.org/features/caseSensitiveTableNames=false, http://www.dbunit.org/properties/fetchSize=100, http://www.dbunit.org/features/batchedStatements=false, http://www.dbunit.org/properties/metadataHandler=org.dbunit.database.DefaultMetadataHandler@3eeace42, http://www.dbunit.org/properties/datatypeFactory=org.dbunit.dataset.datatype.DefaultDataTypeFactory[_toleratedDeltaMap=org.dbunit.dataset.datatype.ToleratedDeltaMap@6452310a], http://www.dbunit.org/properties/escapePattern=null, http://www.dbunit.org/properties/batchSize=100, http://www.dbunit.org/features/qualifiedTableNames=false, http://www.dbunit.org/properties/tableType=[Ljava.lang.String;@5011bafa, http://www.dbunit.org/properties/resultSetTableFactory=org.dbunit.database.CachedResultSetTableFactory@10bcf083, http://www.dbunit.org/features/datatypeWarning=true}], _dataSet=AbstractDataSet[_orderedTableNameMap=null]) - start
194287 [main] TRACE org.dbunit.database.DatabaseConfig  - getProperty(name=http://www.dbunit.org/properties/escapePattern) - start
194287 [main] DEBUG org.dbunit.util.QualifiedTableName  - getQualifiedName() - start
194287 [main] DEBUG org.dbunit.util.QualifiedTableName  - getQualifiedName(prefix=null, name=SCOPEDCONTENTITEM, escapePattern=null) - start
194287 [main] DEBUG org.dbunit.database.statement.SimpleStatement  - addBatch(sql=delete from SCOPEDCONTENTITEM) - start
194287 [main] DEBUG org.dbunit.operation.DeleteAllOperation  - Added SQL: delete from SCOPEDCONTENTITEM
194287 [main] DEBUG org.dbunit.database.DatabaseDataSet  - getTableMetaData(tableName=ScopedContentConditions_ScopedContent) - start
194288 [main] DEBUG org.dbunit.database.DatabaseDataSet  - initialize() - start
194288 [main] DEBUG org.dbunit.dataset.OrderedTableNameMap  - getTableName(tableName=ScopedContentConditions_ScopedContent) - start
194288 [main] DEBUG org.dbunit.dataset.OrderedTableNameMap  - getTableName(tableName=ScopedContentConditions_ScopedContent) - end - result=SCOPEDCONTENTCONDITIONS_SCOPEDCONTENT
194288 [main] DEBUG org.dbunit.dataset.OrderedTableNameMap  - getTableName(tableName=ScopedContentConditions_ScopedContent) - start
194288 [main] DEBUG org.dbunit.dataset.OrderedTableNameMap  - getTableName(tableName=ScopedContentConditions_ScopedContent) - end - result=SCOPEDCONTENTCONDITIONS_SCOPEDCONTENT
194288 [main] DEBUG org.dbunit.operation.AbstractOperation  - getQualifiedName(prefix=null, name=SCOPEDCONTENTCONDITIONS_SCOPEDCONTENT, connection=_databaseConfig=org.dbunit.database.DatabaseConfig[, _propertyMap={http://www.dbunit.org/properties/statementFactory=org.dbunit.database.statement.PreparedStatementFactory@626bc2b8, http://www.dbunit.org/features/caseSensitiveTableNames=false, http://www.dbunit.org/properties/fetchSize=100, http://www.dbunit.org/features/batchedStatements=false, http://www.dbunit.org/properties/metadataHandler=org.dbunit.database.DefaultMetadataHandler@3eeace42, http://www.dbunit.org/properties/datatypeFactory=org.dbunit.dataset.datatype.DefaultDataTypeFactory[_toleratedDeltaMap=org.dbunit.dataset.datatype.ToleratedDeltaMap@6452310a], http://www.dbunit.org/properties/escapePattern=null, http://www.dbunit.org/properties/batchSize=100, http://www.dbunit.org/features/qualifiedTableNames=false, http://www.dbunit.org/properties/tableType=[Ljava.lang.String;@5011bafa, http://www.dbunit.org/properties/resultSetTableFactory=org.dbunit.database.CachedResultSetTableFactory@10bcf083, http://www.dbunit.org/features/datatypeWarning=true}], _dataSet=AbstractDataSet[_orderedTableNameMap=null]) - start
194288 [main] TRACE org.dbunit.database.DatabaseConfig  - getProperty(name=http://www.dbunit.org/properties/escapePattern) - start
194288 [main] DEBUG org.dbunit.util.QualifiedTableName  - getQualifiedName() - start
194288 [main] DEBUG org.dbunit.util.QualifiedTableName  - getQualifiedName(prefix=null, name=SCOPEDCONTENTCONDITIONS_SCOPEDCONTENT, escapePattern=null) - start
194288 [main] DEBUG org.dbunit.database.statement.SimpleStatement  - addBatch(sql=delete from SCOPEDCONTENTCONDITIONS_SCOPEDCONTENT) - start
194288 [main] DEBUG org.dbunit.operation.DeleteAllOperation  - Added SQL: delete from SCOPEDCONTENTCONDITIONS_SCOPEDCONTENT
194289 [main] DEBUG org.dbunit.database.DatabaseDataSet  - getTableMetaData(tableName=ScopedContentConditionAttribute) - start
194289 [main] DEBUG org.dbunit.database.DatabaseDataSet  - initialize() - start
194289 [main] DEBUG org.dbunit.dataset.OrderedTableNameMap  - getTableName(tableName=ScopedContentConditionAttribute) - start
194289 [main] DEBUG org.dbunit.dataset.OrderedTableNameMap  - getTableName(tableName=ScopedContentConditionAttribute) - end - result=SCOPEDCONTENTCONDITIONATTRIBUTE
194289 [main] DEBUG org.dbunit.dataset.OrderedTableNameMap  - getTableName(tableName=ScopedContentConditionAttribute) - start
194289 [main] DEBUG org.dbunit.dataset.OrderedTableNameMap  - getTableName(tableName=ScopedContentConditionAttribute) - end - result=SCOPEDCONTENTCONDITIONATTRIBUTE
194289 [main] DEBUG org.dbunit.operation.AbstractOperation  - getQualifiedName(prefix=null, name=SCOPEDCONTENTCONDITIONATTRIBUTE, connection=_databaseConfig=org.dbunit.database.DatabaseConfig[, _propertyMap={http://www.dbunit.org/properties/statementFactory=org.dbunit.database.statement.PreparedStatementFactory@626bc2b8, http://www.dbunit.org/features/caseSensitiveTableNames=false, http://www.dbunit.org/properties/fetchSize=100, http://www.dbunit.org/features/batchedStatements=false, http://www.dbunit.org/properties/metadataHandler=org.dbunit.database.DefaultMetadataHandler@3eeace42, http://www.dbunit.org/properties/datatypeFactory=org.dbunit.dataset.datatype.DefaultDataTypeFactory[_toleratedDeltaMap=org.dbunit.dataset.datatype.ToleratedDeltaMap@6452310a], http://www.dbunit.org/properties/escapePattern=null, http://www.dbunit.org/properties/batchSize=100, http://www.dbunit.org/features/qualifiedTableNames=false, http://www.dbunit.org/properties/tableType=[Ljava.lang.String;@5011bafa, http://www.dbunit.org/properties/resultSetTableFactory=org.dbunit.database.CachedResultSetTableFactory@10bcf083, http://www.dbunit.org/features/datatypeWarning=true}], _dataSet=AbstractDataSet[_orderedTableNameMap=null]) - start
194289 [main] TRACE org.dbunit.database.DatabaseConfig  - getProperty(name=http://www.dbunit.org/properties/escapePattern) - start
194289 [main] DEBUG org.dbunit.util.QualifiedTableName  - getQualifiedName() - start
194289 [main] DEBUG org.dbunit.util.QualifiedTableName  - getQualifiedName(prefix=null, name=SCOPEDCONTENTCONDITIONATTRIBUTE, escapePattern=null) - start
194290 [main] DEBUG org.dbunit.database.statement.SimpleStatement  - addBatch(sql=delete from SCOPEDCONTENTCONDITIONATTRIBUTE) - start
194290 [main] DEBUG org.dbunit.operation.DeleteAllOperation  - Added SQL: delete from SCOPEDCONTENTCONDITIONATTRIBUTE
194290 [main] DEBUG org.dbunit.database.DatabaseDataSet  - getTableMetaData(tableName=ScopedContent) - start
194290 [main] DEBUG org.dbunit.database.DatabaseDataSet  - initialize() - start
194290 [main] DEBUG org.dbunit.dataset.OrderedTableNameMap  - getTableName(tableName=ScopedContent) - start
194291 [main] DEBUG org.dbunit.dataset.OrderedTableNameMap  - getTableName(tableName=ScopedContent) - end - result=SCOPEDCONTENT
194291 [main] DEBUG org.dbunit.dataset.OrderedTableNameMap  - getTableName(tableName=ScopedContent) - start
194291 [main] DEBUG org.dbunit.dataset.OrderedTableNameMap  - getTableName(tableName=ScopedContent) - end - result=SCOPEDCONTENT
194291 [main] DEBUG org.dbunit.operation.AbstractOperation  - getQualifiedName(prefix=null, name=SCOPEDCONTENT, connection=_databaseConfig=org.dbunit.database.DatabaseConfig[, _propertyMap={http://www.dbunit.org/properties/statementFactory=org.dbunit.database.statement.PreparedStatementFactory@626bc2b8, http://www.dbunit.org/features/caseSensitiveTableNames=false, http://www.dbunit.org/properties/fetchSize=100, http://www.dbunit.org/features/batchedStatements=false, http://www.dbunit.org/properties/metadataHandler=org.dbunit.database.DefaultMetadataHandler@3eeace42, http://www.dbunit.org/properties/datatypeFactory=org.dbunit.dataset.datatype.DefaultDataTypeFactory[_toleratedDeltaMap=org.dbunit.dataset.datatype.ToleratedDeltaMap@6452310a], http://www.dbunit.org/properties/escapePattern=null, http://www.dbunit.org/properties/batchSize=100, http://www.dbunit.org/features/qualifiedTableNames=false, http://www.dbunit.org/properties/tableType=[Ljava.lang.String;@5011bafa, http://www.dbunit.org/properties/resultSetTableFactory=org.dbunit.database.CachedResultSetTableFactory@10bcf083, http://www.dbunit.org/features/datatypeWarning=true}], _dataSet=AbstractDataSet[_orderedTableNameMap=null]) - start
194291 [main] TRACE org.dbunit.database.DatabaseConfig  - getProperty(name=http://www.dbunit.org/properties/escapePattern) - start
194291 [main] DEBUG org.dbunit.util.QualifiedTableName  - getQualifiedName() - start
194291 [main] DEBUG org.dbunit.util.QualifiedTableName  - getQualifiedName(prefix=null, name=SCOPEDCONTENT, escapePattern=null) - start
194291 [main] DEBUG org.dbunit.database.statement.SimpleStatement  - addBatch(sql=delete from SCOPEDCONTENT) - start
194291 [main] DEBUG org.dbunit.operation.DeleteAllOperation  - Added SQL: delete from SCOPEDCONTENT
194291 [main] DEBUG org.dbunit.database.DatabaseDataSet  - getTableMetaData(tableName=Scope) - start
194291 [main] DEBUG org.dbunit.database.DatabaseDataSet  - initialize() - start
194291 [main] DEBUG org.dbunit.dataset.OrderedTableNameMap  - getTableName(tableName=Scope) - start
194292 [main] DEBUG org.dbunit.dataset.OrderedTableNameMap  - getTableName(tableName=Scope) - end - result=SCOPE
194292 [main] DEBUG org.dbunit.dataset.OrderedTableNameMap  - getTableName(tableName=Scope) - start
194292 [main] DEBUG org.dbunit.dataset.OrderedTableNameMap  - getTableName(tableName=Scope) - end - result=SCOPE
194292 [main] DEBUG org.dbunit.operation.AbstractOperation  - getQualifiedName(prefix=null, name=SCOPE, connection=_databaseConfig=org.dbunit.database.DatabaseConfig[, _propertyMap={http://www.dbunit.org/properties/statementFactory=org.dbunit.database.statement.PreparedStatementFactory@626bc2b8, http://www.dbunit.org/features/caseSensitiveTableNames=false, http://www.dbunit.org/properties/fetchSize=100, http://www.dbunit.org/features/batchedStatements=false, http://www.dbunit.org/properties/metadataHandler=org.dbunit.database.DefaultMetadataHandler@3eeace42, http://www.dbunit.org/properties/datatypeFactory=org.dbunit.dataset.datatype.DefaultDataTypeFactory[_toleratedDeltaMap=org.dbunit.dataset.datatype.ToleratedDeltaMap@6452310a], http://www.dbunit.org/properties/escapePattern=null, http://www.dbunit.org/properties/batchSize=100, http://www.dbunit.org/features/qualifiedTableNames=false, http://www.dbunit.org/properties/tableType=[Ljava.lang.String;@5011bafa, http://www.dbunit.org/properties/resultSetTableFactory=org.dbunit.database.CachedResultSetTableFactory@10bcf083, http://www.dbunit.org/features/datatypeWarning=true}], _dataSet=AbstractDataSet[_orderedTableNameMap=null]) - start
194292 [main] TRACE org.dbunit.database.DatabaseConfig  - getProperty(name=http://www.dbunit.org/properties/escapePattern) - start
194292 [main] DEBUG org.dbunit.util.QualifiedTableName  - getQualifiedName() - start
194292 [main] DEBUG org.dbunit.util.QualifiedTableName  - getQualifiedName(prefix=null, name=SCOPE, escapePattern=null) - start
194292 [main] DEBUG org.dbunit.database.statement.SimpleStatement  - addBatch(sql=delete from SCOPE) - start
194292 [main] DEBUG org.dbunit.operation.DeleteAllOperation  - Added SQL: delete from SCOPE
194292 [main] DEBUG org.dbunit.database.DatabaseDataSet  - getTableMetaData(tableName=RequestContext) - start
194292 [main] DEBUG org.dbunit.database.DatabaseDataSet  - initialize() - start
194292 [main] DEBUG org.dbunit.dataset.OrderedTableNameMap  - getTableName(tableName=RequestContext) - start
194293 [main] DEBUG org.dbunit.dataset.OrderedTableNameMap  - getTableName(tableName=RequestContext) - end - result=REQUESTCONTEXT
194293 [main] DEBUG org.dbunit.dataset.OrderedTableNameMap  - getTableName(tableName=RequestContext) - start
194293 [main] DEBUG org.dbunit.dataset.OrderedTableNameMap  - getTableName(tableName=RequestContext) - end - result=REQUESTCONTEXT
194293 [main] DEBUG org.dbunit.operation.AbstractOperation  - getQualifiedName(prefix=null, name=REQUESTCONTEXT, connection=_databaseConfig=org.dbunit.database.DatabaseConfig[, _propertyMap={http://www.dbunit.org/properties/statementFactory=org.dbunit.database.statement.PreparedStatementFactory@626bc2b8, http://www.dbunit.org/features/caseSensitiveTableNames=false, http://www.dbunit.org/properties/fetchSize=100, http://www.dbunit.org/features/batchedStatements=false, http://www.dbunit.org/properties/metadataHandler=org.dbunit.database.DefaultMetadataHandler@3eeace42, http://www.dbunit.org/properties/datatypeFactory=org.dbunit.dataset.datatype.DefaultDataTypeFactory[_toleratedDeltaMap=org.dbunit.dataset.datatype.ToleratedDeltaMap@6452310a], http://www.dbunit.org/properties/escapePattern=null, http://www.dbunit.org/properties/batchSize=100, http://www.dbunit.org/features/qualifiedTableNames=false, http://www.dbunit.org/properties/tableType=[Ljava.lang.String;@5011bafa, http://www.dbunit.org/properties/resultSetTableFactory=org.dbunit.database.CachedResultSetTableFactory@10bcf083, http://www.dbunit.org/features/datatypeWarning=true}], _dataSet=AbstractDataSet[_orderedTableNameMap=null]) - start
194293 [main] TRACE org.dbunit.database.DatabaseConfig  - getProperty(name=http://www.dbunit.org/properties/escapePattern) - start
194293 [main] DEBUG org.dbunit.util.QualifiedTableName  - getQualifiedName() - start
194293 [main] DEBUG org.dbunit.util.QualifiedTableName  - getQualifiedName(prefix=null, name=REQUESTCONTEXT, escapePattern=null) - start
194293 [main] DEBUG org.dbunit.database.statement.SimpleStatement  - addBatch(sql=delete from REQUESTCONTEXT) - start
194293 [main] DEBUG org.dbunit.operation.DeleteAllOperation  - Added SQL: delete from REQUESTCONTEXT
194293 [main] DEBUG org.dbunit.database.DatabaseDataSet  - getTableMetaData(tableName=NestedScopedContentConditions) - start
194293 [main] DEBUG org.dbunit.database.DatabaseDataSet  - initialize() - start
194294 [main] DEBUG org.dbunit.dataset.OrderedTableNameMap  - getTableName(tableName=NestedScopedContentConditions) - start
194294 [main] DEBUG org.dbunit.dataset.OrderedTableNameMap  - getTableName(tableName=NestedScopedContentConditions) - end - result=NESTEDSCOPEDCONTENTCONDITIONS
194294 [main] DEBUG org.dbunit.dataset.OrderedTableNameMap  - getTableName(tableName=NestedScopedContentConditions) - start
194294 [main] DEBUG org.dbunit.dataset.OrderedTableNameMap  - getTableName(tableName=NestedScopedContentConditions) - end - result=NESTEDSCOPEDCONTENTCONDITIONS
194294 [main] DEBUG org.dbunit.operation.AbstractOperation  - getQualifiedName(prefix=null, name=NESTEDSCOPEDCONTENTCONDITIONS, connection=_databaseConfig=org.dbunit.database.DatabaseConfig[, _propertyMap={http://www.dbunit.org/properties/statementFactory=org.dbunit.database.statement.PreparedStatementFactory@626bc2b8, http://www.dbunit.org/features/caseSensitiveTableNames=false, http://www.dbunit.org/properties/fetchSize=100, http://www.dbunit.org/features/batchedStatements=false, http://www.dbunit.org/properties/metadataHandler=org.dbunit.database.DefaultMetadataHandler@3eeace42, http://www.dbunit.org/properties/datatypeFactory=org.dbunit.dataset.datatype.DefaultDataTypeFactory[_toleratedDeltaMap=org.dbunit.dataset.datatype.ToleratedDeltaMap@6452310a], http://www.dbunit.org/properties/escapePattern=null, http://www.dbunit.org/properties/batchSize=100, http://www.dbunit.org/features/qualifiedTableNames=false, http://www.dbunit.org/properties/tableType=[Ljava.lang.String;@5011bafa, http://www.dbunit.org/properties/resultSetTableFactory=org.dbunit.database.CachedResultSetTableFactory@10bcf083, http://www.dbunit.org/features/datatypeWarning=true}], _dataSet=AbstractDataSet[_orderedTableNameMap=null]) - start
194294 [main] TRACE org.dbunit.database.DatabaseConfig  - getProperty(name=http://www.dbunit.org/properties/escapePattern) - start
194294 [main] DEBUG org.dbunit.util.QualifiedTableName  - getQualifiedName() - start
194294 [main] DEBUG org.dbunit.util.QualifiedTableName  - getQualifiedName(prefix=null, name=NESTEDSCOPEDCONTENTCONDITIONS, escapePattern=null) - start
194294 [main] DEBUG org.dbunit.database.statement.SimpleStatement  - addBatch(sql=delete from NESTEDSCOPEDCONTENTCONDITIONS) - start
194294 [main] DEBUG org.dbunit.operation.DeleteAllOperation  - Added SQL: delete from NESTEDSCOPEDCONTENTCONDITIONS
194294 [main] DEBUG org.dbunit.database.DatabaseDataSet  - getTableMetaData(tableName=ScopedContentCondition) - start
194295 [main] DEBUG org.dbunit.database.DatabaseDataSet  - initialize() - start
194295 [main] DEBUG org.dbunit.dataset.OrderedTableNameMap  - getTableName(tableName=ScopedContentCondition) - start
194295 [main] DEBUG org.dbunit.dataset.OrderedTableNameMap  - getTableName(tableName=ScopedContentCondition) - end - result=SCOPEDCONTENTCONDITION
194295 [main] DEBUG org.dbunit.dataset.OrderedTableNameMap  - getTableName(tableName=ScopedContentCondition) - start
194295 [main] DEBUG org.dbunit.dataset.OrderedTableNameMap  - getTableName(tableName=ScopedContentCondition) - end - result=SCOPEDCONTENTCONDITION
194295 [main] DEBUG org.dbunit.operation.AbstractOperation  - getQualifiedName(prefix=null, name=SCOPEDCONTENTCONDITION, connection=_databaseConfig=org.dbunit.database.DatabaseConfig[, _propertyMap={http://www.dbunit.org/properties/statementFactory=org.dbunit.database.statement.PreparedStatementFactory@626bc2b8, http://www.dbunit.org/features/caseSensitiveTableNames=false, http://www.dbunit.org/properties/fetchSize=100, http://www.dbunit.org/features/batchedStatements=false, http://www.dbunit.org/properties/metadataHandler=org.dbunit.database.DefaultMetadataHandler@3eeace42, http://www.dbunit.org/properties/datatypeFactory=org.dbunit.dataset.datatype.DefaultDataTypeFactory[_toleratedDeltaMap=org.dbunit.dataset.datatype.ToleratedDeltaMap@6452310a], http://www.dbunit.org/properties/escapePattern=null, http://www.dbunit.org/properties/batchSize=100, http://www.dbunit.org/features/qualifiedTableNames=false, http://www.dbunit.org/properties/tableType=[Ljava.lang.String;@5011bafa, http://www.dbunit.org/properties/resultSetTableFactory=org.dbunit.database.CachedResultSetTableFactory@10bcf083, http://www.dbunit.org/features/datatypeWarning=true}], _dataSet=AbstractDataSet[_orderedTableNameMap=null]) - start
194295 [main] TRACE org.dbunit.database.DatabaseConfig  - getProperty(name=http://www.dbunit.org/properties/escapePattern) - start
194295 [main] DEBUG org.dbunit.util.QualifiedTableName  - getQualifiedName() - start
194295 [main] DEBUG org.dbunit.util.QualifiedTableName  - getQualifiedName(prefix=null, name=SCOPEDCONTENTCONDITION, escapePattern=null) - start
194295 [main] DEBUG org.dbunit.database.statement.SimpleStatement  - addBatch(sql=delete from SCOPEDCONTENTCONDITION) - start
194295 [main] DEBUG org.dbunit.operation.DeleteAllOperation  - Added SQL: delete from SCOPEDCONTENTCONDITION
194296 [main] DEBUG org.dbunit.database.DatabaseDataSet  - getTableMetaData(tableName=Caption) - start
194296 [main] DEBUG org.dbunit.database.DatabaseDataSet  - initialize() - start
194296 [main] DEBUG org.dbunit.dataset.OrderedTableNameMap  - getTableName(tableName=Caption) - start
194296 [main] DEBUG org.dbunit.dataset.OrderedTableNameMap  - getTableName(tableName=Caption) - end - result=CAPTION
194296 [main] DEBUG org.dbunit.dataset.OrderedTableNameMap  - getTableName(tableName=Caption) - start
194296 [main] DEBUG org.dbunit.dataset.OrderedTableNameMap  - getTableName(tableName=Caption) - end - result=CAPTION
194296 [main] DEBUG org.dbunit.operation.AbstractOperation  - getQualifiedName(prefix=null, name=CAPTION, connection=_databaseConfig=org.dbunit.database.DatabaseConfig[, _propertyMap={http://www.dbunit.org/properties/statementFactory=org.dbunit.database.statement.PreparedStatementFactory@626bc2b8, http://www.dbunit.org/features/caseSensitiveTableNames=false, http://www.dbunit.org/properties/fetchSize=100, http://www.dbunit.org/features/batchedStatements=false, http://www.dbunit.org/properties/metadataHandler=org.dbunit.database.DefaultMetadataHandler@3eeace42, http://www.dbunit.org/properties/datatypeFactory=org.dbunit.dataset.datatype.DefaultDataTypeFactory[_toleratedDeltaMap=org.dbunit.dataset.datatype.ToleratedDeltaMap@6452310a], http://www.dbunit.org/properties/escapePattern=null, http://www.dbunit.org/properties/batchSize=100, http://www.dbunit.org/features/qualifiedTableNames=false, http://www.dbunit.org/properties/tableType=[Ljava.lang.String;@5011bafa, http://www.dbunit.org/properties/resultSetTableFactory=org.dbunit.database.CachedResultSetTableFactory@10bcf083, http://www.dbunit.org/features/datatypeWarning=true}], _dataSet=AbstractDataSet[_orderedTableNameMap=null]) - start
194296 [main] TRACE org.dbunit.database.DatabaseConfig  - getProperty(name=http://www.dbunit.org/properties/escapePattern) - start
194296 [main] DEBUG org.dbunit.util.QualifiedTableName  - getQualifiedName() - start
194296 [main] DEBUG org.dbunit.util.QualifiedTableName  - getQualifiedName(prefix=null, name=CAPTION, escapePattern=null) - start
194296 [main] DEBUG org.dbunit.database.statement.SimpleStatement  - addBatch(sql=delete from CAPTION) - start
194297 [main] DEBUG org.dbunit.operation.DeleteAllOperation  - Added SQL: delete from CAPTION
194297 [main] DEBUG org.dbunit.database.DatabaseDataSet  - getTableMetaData(tableName=Authority) - start
194297 [main] DEBUG org.dbunit.database.DatabaseDataSet  - initialize() - start
194297 [main] DEBUG org.dbunit.dataset.OrderedTableNameMap  - getTableName(tableName=Authority) - start
194297 [main] DEBUG org.dbunit.dataset.OrderedTableNameMap  - getTableName(tableName=Authority) - end - result=AUTHORITY
194297 [main] DEBUG org.dbunit.dataset.OrderedTableNameMap  - getTableName(tableName=Authority) - start
194297 [main] DEBUG org.dbunit.dataset.OrderedTableNameMap  - getTableName(tableName=Authority) - end - result=AUTHORITY
194297 [main] DEBUG org.dbunit.operation.AbstractOperation  - getQualifiedName(prefix=null, name=AUTHORITY, connection=_databaseConfig=org.dbunit.database.DatabaseConfig[, _propertyMap={http://www.dbunit.org/properties/statementFactory=org.dbunit.database.statement.PreparedStatementFactory@626bc2b8, http://www.dbunit.org/features/caseSensitiveTableNames=false, http://www.dbunit.org/properties/fetchSize=100, http://www.dbunit.org/features/batchedStatements=false, http://www.dbunit.org/properties/metadataHandler=org.dbunit.database.DefaultMetadataHandler@3eeace42, http://www.dbunit.org/properties/datatypeFactory=org.dbunit.dataset.datatype.DefaultDataTypeFactory[_toleratedDeltaMap=org.dbunit.dataset.datatype.ToleratedDeltaMap@6452310a], http://www.dbunit.org/properties/escapePattern=null, http://www.dbunit.org/properties/batchSize=100, http://www.dbunit.org/features/qualifiedTableNames=false, http://www.dbunit.org/properties/tableType=[Ljava.lang.String;@5011bafa, http://www.dbunit.org/properties/resultSetTableFactory=org.dbunit.database.CachedResultSetTableFactory@10bcf083, http://www.dbunit.org/features/datatypeWarning=true}], _dataSet=AbstractDataSet[_orderedTableNameMap=null]) - start
194297 [main] TRACE org.dbunit.database.DatabaseConfig  - getProperty(name=http://www.dbunit.org/properties/escapePattern) - start
194297 [main] DEBUG org.dbunit.util.QualifiedTableName  - getQualifiedName() - start
194297 [main] DEBUG org.dbunit.util.QualifiedTableName  - getQualifiedName(prefix=null, name=AUTHORITY, escapePattern=null) - start
194298 [main] DEBUG org.dbunit.database.statement.SimpleStatement  - addBatch(sql=delete from AUTHORITY) - start
194298 [main] DEBUG org.dbunit.operation.DeleteAllOperation  - Added SQL: delete from AUTHORITY
194298 [main] DEBUG org.dbunit.database.statement.SimpleStatement  - executeBatch() - start
194298 [main] DEBUG org.dbunit.database.statement.SimpleStatement  - DbUnit SQL: delete from USERS_AUTHORITIES
194298 [main] DEBUG org.dbunit.database.statement.SimpleStatement  - DbUnit SQL: delete from USER
194298 [main] DEBUG org.dbunit.database.statement.SimpleStatement  - DbUnit SQL: delete from SCOPE_REQUESTCONTEXT
194298 [main] DEBUG org.dbunit.database.statement.SimpleStatement  - DbUnit SQL: delete from SCOPEDCONTENT_SCOPEDCONTENTITEM
194298 [main] DEBUG org.dbunit.database.statement.SimpleStatement  - DbUnit SQL: delete from SCOPEDCONTENTCONDITIONS_SCOPEDCONTENTITEM
194299 [main] DEBUG org.dbunit.database.statement.SimpleStatement  - DbUnit SQL: delete from SCOPEDCONTENTITEM
194299 [main] DEBUG org.dbunit.database.statement.SimpleStatement  - DbUnit SQL: delete from SCOPEDCONTENTCONDITIONS_SCOPEDCONTENT
194299 [main] DEBUG org.dbunit.database.statement.SimpleStatement  - DbUnit SQL: delete from SCOPEDCONTENTCONDITIONATTRIBUTE
194299 [main] DEBUG org.dbunit.database.statement.SimpleStatement  - DbUnit SQL: delete from SCOPEDCONTENT
194299 [main] DEBUG org.dbunit.database.statement.SimpleStatement  - DbUnit SQL: delete from SCOPE
194300 [main] DEBUG org.dbunit.database.statement.SimpleStatement  - DbUnit SQL: delete from REQUESTCONTEXT
194300 [main] DEBUG org.dbunit.database.statement.SimpleStatement  - DbUnit SQL: delete from NESTEDSCOPEDCONTENTCONDITIONS
194300 [main] DEBUG org.dbunit.database.statement.SimpleStatement  - DbUnit SQL: delete from SCOPEDCONTENTCONDITION
194300 [main] DEBUG org.dbunit.database.statement.SimpleStatement  - DbUnit SQL: delete from CAPTION
194300 [main] DEBUG org.dbunit.database.statement.SimpleStatement  - DbUnit SQL: delete from AUTHORITY
194300 [main] DEBUG org.dbunit.database.statement.SimpleStatement  - clearBatch() - start
194300 [main] DEBUG org.dbunit.database.statement.AbstractBatchStatement  - close() - start
194300 [main] DEBUG org.dbunit.operation.AbstractBatchOperation  - execute(connection=_databaseConfig=org.dbunit.database.DatabaseConfig[, _propertyMap={http://www.dbunit.org/properties/statementFactory=org.dbunit.database.statement.PreparedStatementFactory@626bc2b8, http://www.dbunit.org/features/caseSensitiveTableNames=false, http://www.dbunit.org/properties/fetchSize=100, http://www.dbunit.org/features/batchedStatements=false, http://www.dbunit.org/properties/metadataHandler=org.dbunit.database.DefaultMetadataHandler@3eeace42, http://www.dbunit.org/properties/datatypeFactory=org.dbunit.dataset.datatype.DefaultDataTypeFactory[_toleratedDeltaMap=org.dbunit.dataset.datatype.ToleratedDeltaMap@6452310a], http://www.dbunit.org/properties/escapePattern=null, http://www.dbunit.org/properties/batchSize=100, http://www.dbunit.org/features/qualifiedTableNames=false, http://www.dbunit.org/properties/tableType=[Ljava.lang.String;@5011bafa, http://www.dbunit.org/properties/resultSetTableFactory=org.dbunit.database.CachedResultSetTableFactory@10bcf083, http://www.dbunit.org/features/datatypeWarning=true}], _dataSet=AbstractDataSet[_orderedTableNameMap=null], dataSet=AbstractDataSet[_orderedTableNameMap=null]) - start
194301 [main] TRACE org.dbunit.database.DatabaseConfig  - getProperty(name=http://www.dbunit.org/properties/statementFactory) - start
194301 [main] DEBUG org.dbunit.dataset.AbstractDataSet  - iterator() - start
194301 [main] DEBUG org.dbunit.dataset.FilteredDataSet  - createIterator(reversed=false) - start
194301 [main] DEBUG org.dbunit.dataset.filter.SequenceTableFilter  - iterator(dataSet=AbstractDataSet[_orderedTableNameMap=org.dbunit.dataset.OrderedTableNameMap[_tableNames=[ScopedContentItem, ScopedContentCondition, ScopedContentConditionAttribute, Authority, User, Users_Authorities, ScopedContent, ScopedContent_ScopedContentItem, Scope, Scope_RequestContext, RequestContext, Caption, ScopedContentConditions_ScopedContent, ScopedContentConditions_ScopedContentItem, NestedScopedContentConditions], _tableMap={SCOPE_REQUESTCONTEXT=org.dbunit.dataset.DefaultTable[_metaData=tableName=Scope_RequestContext, columns=[], keys=[], _rowList.size()=0], NESTEDSCOPEDCONTENTCONDITIONS=org.dbunit.dataset.DefaultTable[_metaData=tableName=NestedScopedContentConditions, columns=[], keys=[], _rowList.size()=0], SCOPEDCONTENT_SCOPEDCONTENTITEM=org.dbunit.dataset.DefaultTable[_metaData=tableName=ScopedContent_ScopedContentItem, columns=[], keys=[], _rowList.size()=0], SCOPE=org.dbunit.dataset.DefaultTable[_metaData=tableName=Scope, columns=[], keys=[], _rowList.size()=0], SCOPEDCONTENTCONDITIONATTRIBUTE=org.dbunit.dataset.DefaultTable[_metaData=tableName=ScopedContentConditionAttribute, columns=[(key, UNKNOWN, nullableUnknown), (checkOrder, UNKNOWN, nullableUnknown), (className, UNKNOWN, nullableUnknown), (valuePath, UNKNOWN, nullableUnknown), (operator, UNKNOWN, nullableUnknown), (expectedValue, UNKNOWN, nullableUnknown), (expectedValueType, UNKNOWN, nullableUnknown), (scopedContentCondition, UNKNOWN, nullableUnknown), (id, UNKNOWN, nullableUnknown), (timeStamp, UNKNOWN, nullableUnknown)], keys=[], _rowList.size()=1], SCOPEDCONTENTCONDITIONS_SCOPEDCONTENT=org.dbunit.dataset.DefaultTable[_metaData=tableName=ScopedContentConditions_ScopedContent, columns=[], keys=[], _rowList.size()=0], USER=org.dbunit.dataset.DefaultTable[_metaData=tableName=User, columns=[], keys=[], _rowList.size()=0], SCOPEDCONTENT=org.dbunit.dataset.DefaultTable[_metaData=tableName=ScopedContent, columns=[], keys=[], _rowList.size()=0], REQUESTCONTEXT=org.dbunit.dataset.DefaultTable[_metaData=tableName=RequestContext, columns=[], keys=[], _rowList.size()=0], AUTHORITY=org.dbunit.dataset.DefaultTable[_metaData=tableName=Authority, columns=[], keys=[], _rowList.size()=0], USERS_AUTHORITIES=org.dbunit.dataset.DefaultTable[_metaData=tableName=Users_Authorities, columns=[], keys=[], _rowList.size()=0], SCOPEDCONTENTITEM=org.dbunit.dataset.DefaultTable[_metaData=tableName=ScopedContentItem, columns=[(tagName, UNKNOWN, nullableUnknown), (cssClass, UNKNOWN, nullableUnknown), (content, UNKNOWN, nullableUnknown), (type, UNKNOWN, nullableUnknown), (id, UNKNOWN, nullableUnknown), (timeStamp, UNKNOWN, nullableUnknown)], keys=[], _rowList.size()=1], CAPTION=org.dbunit.dataset.DefaultTable[_metaData=tableName=Caption, columns=[], keys=[], _rowList.size()=0], SCOPEDCONTENTCONDITIONS_SCOPEDCONTENTITEM=org.dbunit.dataset.DefaultTable[_metaData=tableName=ScopedContentConditions_ScopedContentItem, columns=[], keys=[], _rowList.size()=0], SCOPEDCONTENTCONDITION=org.dbunit.dataset.DefaultTable[_metaData=tableName=ScopedContentCondition, columns=[(name, UNKNOWN, nullableUnknown), (description, UNKNOWN, nullableUnknown), (operator, UNKNOWN, nullableUnknown), (id, UNKNOWN, nullableUnknown), (timeStamp, UNKNOWN, nullableUnknown)], keys=[], _rowList.size()=1]}, _caseSensitiveTableNames=false]], reversed=false) - start
194301 [main] DEBUG org.dbunit.dataset.filter.SequenceTableFilter  - getTableNames(dataSet=AbstractDataSet[_orderedTableNameMap=org.dbunit.dataset.OrderedTableNameMap[_tableNames=[ScopedContentItem, ScopedContentCondition, ScopedContentConditionAttribute, Authority, User, Users_Authorities, ScopedContent, ScopedContent_ScopedContentItem, Scope, Scope_RequestContext, RequestContext, Caption, ScopedContentConditions_ScopedContent, ScopedContentConditions_ScopedContentItem, NestedScopedContentConditions], _tableMap={SCOPE_REQUESTCONTEXT=org.dbunit.dataset.DefaultTable[_metaData=tableName=Scope_RequestContext, columns=[], keys=[], _rowList.size()=0], NESTEDSCOPEDCONTENTCONDITIONS=org.dbunit.dataset.DefaultTable[_metaData=tableName=NestedScopedContentConditions, columns=[], keys=[], _rowList.size()=0], SCOPEDCONTENT_SCOPEDCONTENTITEM=org.dbunit.dataset.DefaultTable[_metaData=tableName=ScopedContent_ScopedContentItem, columns=[], keys=[], _rowList.size()=0], SCOPE=org.dbunit.dataset.DefaultTable[_metaData=tableName=Scope, columns=[], keys=[], _rowList.size()=0], SCOPEDCONTENTCONDITIONATTRIBUTE=org.dbunit.dataset.DefaultTable[_metaData=tableName=ScopedContentConditionAttribute, columns=[(key, UNKNOWN, nullableUnknown), (checkOrder, UNKNOWN, nullableUnknown), (className, UNKNOWN, nullableUnknown), (valuePath, UNKNOWN, nullableUnknown), (operator, UNKNOWN, nullableUnknown), (expectedValue, UNKNOWN, nullableUnknown), (expectedValueType, UNKNOWN, nullableUnknown), (scopedContentCondition, UNKNOWN, nullableUnknown), (id, UNKNOWN, nullableUnknown), (timeStamp, UNKNOWN, nullableUnknown)], keys=[], _rowList.size()=1], SCOPEDCONTENTCONDITIONS_SCOPEDCONTENT=org.dbunit.dataset.DefaultTable[_metaData=tableName=ScopedContentConditions_ScopedContent, columns=[], keys=[], _rowList.size()=0], USER=org.dbunit.dataset.DefaultTable[_metaData=tableName=User, columns=[], keys=[], _rowList.size()=0], SCOPEDCONTENT=org.dbunit.dataset.DefaultTable[_metaData=tableName=ScopedContent, columns=[], keys=[], _rowList.size()=0], REQUESTCONTEXT=org.dbunit.dataset.DefaultTable[_metaData=tableName=RequestContext, columns=[], keys=[], _rowList.size()=0], AUTHORITY=org.dbunit.dataset.DefaultTable[_metaData=tableName=Authority, columns=[], keys=[], _rowList.size()=0], USERS_AUTHORITIES=org.dbunit.dataset.DefaultTable[_metaData=tableName=Users_Authorities, columns=[], keys=[], _rowList.size()=0], SCOPEDCONTENTITEM=org.dbunit.dataset.DefaultTable[_metaData=tableName=ScopedContentItem, columns=[(tagName, UNKNOWN, nullableUnknown), (cssClass, UNKNOWN, nullableUnknown), (content, UNKNOWN, nullableUnknown), (type, UNKNOWN, nullableUnknown), (id, UNKNOWN, nullableUnknown), (timeStamp, UNKNOWN, nullableUnknown)], keys=[], _rowList.size()=1], CAPTION=org.dbunit.dataset.DefaultTable[_metaData=tableName=Caption, columns=[], keys=[], _rowList.size()=0], SCOPEDCONTENTCONDITIONS_SCOPEDCONTENTITEM=org.dbunit.dataset.DefaultTable[_metaData=tableName=ScopedContentConditions_ScopedContentItem, columns=[], keys=[], _rowList.size()=0], SCOPEDCONTENTCONDITION=org.dbunit.dataset.DefaultTable[_metaData=tableName=ScopedContentCondition, columns=[(name, UNKNOWN, nullableUnknown), (description, UNKNOWN, nullableUnknown), (operator, UNKNOWN, nullableUnknown), (id, UNKNOWN, nullableUnknown), (timeStamp, UNKNOWN, nullableUnknown)], keys=[], _rowList.size()=1]}, _caseSensitiveTableNames=false]]) - start
194302 [main] DEBUG org.dbunit.dataset.AbstractDataSet  - getTableMetaData(tableName=AUTHORITY) - start
194302 [main] DEBUG org.dbunit.dataset.AbstractDataSet  - getTable(tableName=AUTHORITY) - start
194302 [main] DEBUG org.dbunit.dataset.AbstractDataSet  - initialize() - start
194302 [main] DEBUG org.dbunit.dataset.AbstractDataSet  - The table name map has already been initialized.
194302 [main] DEBUG org.dbunit.dataset.OrderedTableNameMap  - getTableName(tableName=AUTHORITY) - start
194302 [main] DEBUG org.dbunit.dataset.OrderedTableNameMap  - getTableName(tableName=AUTHORITY) - end - result=AUTHORITY
194302 [main] DEBUG org.dbunit.dataset.AbstractDataSet  - getTableMetaData(tableName=CAPTION) - start
194302 [main] DEBUG org.dbunit.dataset.AbstractDataSet  - getTable(tableName=CAPTION) - start
194302 [main] DEBUG org.dbunit.dataset.AbstractDataSet  - initialize() - start
194302 [main] DEBUG org.dbunit.dataset.AbstractDataSet  - The table name map has already been initialized.
194302 [main] DEBUG org.dbunit.dataset.OrderedTableNameMap  - getTableName(tableName=CAPTION) - start
194302 [main] DEBUG org.dbunit.dataset.OrderedTableNameMap  - getTableName(tableName=CAPTION) - end - result=CAPTION
194303 [main] DEBUG org.dbunit.dataset.AbstractDataSet  - getTableMetaData(tableName=SCOPEDCONTENTCONDITION) - start
194303 [main] DEBUG org.dbunit.dataset.AbstractDataSet  - getTable(tableName=SCOPEDCONTENTCONDITION) - start
194303 [main] DEBUG org.dbunit.dataset.AbstractDataSet  - initialize() - start
194303 [main] DEBUG org.dbunit.dataset.AbstractDataSet  - The table name map has already been initialized.
194303 [main] DEBUG org.dbunit.dataset.OrderedTableNameMap  - getTableName(tableName=SCOPEDCONTENTCONDITION) - start
194303 [main] DEBUG org.dbunit.dataset.OrderedTableNameMap  - getTableName(tableName=SCOPEDCONTENTCONDITION) - end - result=SCOPEDCONTENTCONDITION
194303 [main] DEBUG org.dbunit.dataset.AbstractDataSet  - getTableMetaData(tableName=NESTEDSCOPEDCONTENTCONDITIONS) - start
194303 [main] DEBUG org.dbunit.dataset.AbstractDataSet  - getTable(tableName=NESTEDSCOPEDCONTENTCONDITIONS) - start
194303 [main] DEBUG org.dbunit.dataset.AbstractDataSet  - initialize() - start
194303 [main] DEBUG org.dbunit.dataset.AbstractDataSet  - The table name map has already been initialized.
194303 [main] DEBUG org.dbunit.dataset.OrderedTableNameMap  - getTableName(tableName=NESTEDSCOPEDCONTENTCONDITIONS) - start
194303 [main] DEBUG org.dbunit.dataset.OrderedTableNameMap  - getTableName(tableName=NESTEDSCOPEDCONTENTCONDITIONS) - end - result=NESTEDSCOPEDCONTENTCONDITIONS
194304 [main] DEBUG org.dbunit.dataset.AbstractDataSet  - getTableMetaData(tableName=REQUESTCONTEXT) - start
194304 [main] DEBUG org.dbunit.dataset.AbstractDataSet  - getTable(tableName=REQUESTCONTEXT) - start
194304 [main] DEBUG org.dbunit.dataset.AbstractDataSet  - initialize() - start
194304 [main] DEBUG org.dbunit.dataset.AbstractDataSet  - The table name map has already been initialized.
194304 [main] DEBUG org.dbunit.dataset.OrderedTableNameMap  - getTableName(tableName=REQUESTCONTEXT) - start
194304 [main] DEBUG org.dbunit.dataset.OrderedTableNameMap  - getTableName(tableName=REQUESTCONTEXT) - end - result=REQUESTCONTEXT
194304 [main] DEBUG org.dbunit.dataset.AbstractDataSet  - getTableMetaData(tableName=SCOPE) - start
194304 [main] DEBUG org.dbunit.dataset.AbstractDataSet  - getTable(tableName=SCOPE) - start
194304 [main] DEBUG org.dbunit.dataset.AbstractDataSet  - initialize() - start
194304 [main] DEBUG org.dbunit.dataset.AbstractDataSet  - The table name map has already been initialized.
194304 [main] DEBUG org.dbunit.dataset.OrderedTableNameMap  - getTableName(tableName=SCOPE) - start
194304 [main] DEBUG org.dbunit.dataset.OrderedTableNameMap  - getTableName(tableName=SCOPE) - end - result=SCOPE
194304 [main] DEBUG org.dbunit.dataset.AbstractDataSet  - getTableMetaData(tableName=SCOPEDCONTENT) - start
194305 [main] DEBUG org.dbunit.dataset.AbstractDataSet  - getTable(tableName=SCOPEDCONTENT) - start
194305 [main] DEBUG org.dbunit.dataset.AbstractDataSet  - initialize() - start
194305 [main] DEBUG org.dbunit.dataset.AbstractDataSet  - The table name map has already been initialized.
194305 [main] DEBUG org.dbunit.dataset.OrderedTableNameMap  - getTableName(tableName=SCOPEDCONTENT) - start
194305 [main] DEBUG org.dbunit.dataset.OrderedTableNameMap  - getTableName(tableName=SCOPEDCONTENT) - end - result=SCOPEDCONTENT
194305 [main] DEBUG org.dbunit.dataset.AbstractDataSet  - getTableMetaData(tableName=SCOPEDCONTENTCONDITIONATTRIBUTE) - start
194305 [main] DEBUG org.dbunit.dataset.AbstractDataSet  - getTable(tableName=SCOPEDCONTENTCONDITIONATTRIBUTE) - start
194305 [main] DEBUG org.dbunit.dataset.AbstractDataSet  - initialize() - start
194305 [main] DEBUG org.dbunit.dataset.AbstractDataSet  - The table name map has already been initialized.
194305 [main] DEBUG org.dbunit.dataset.OrderedTableNameMap  - getTableName(tableName=SCOPEDCONTENTCONDITIONATTRIBUTE) - start
194305 [main] DEBUG org.dbunit.dataset.OrderedTableNameMap  - getTableName(tableName=SCOPEDCONTENTCONDITIONATTRIBUTE) - end - result=SCOPEDCONTENTCONDITIONATTRIBUTE
194305 [main] DEBUG org.dbunit.dataset.AbstractDataSet  - getTableMetaData(tableName=SCOPEDCONTENTCONDITIONS_SCOPEDCONTENT) - start
194305 [main] DEBUG org.dbunit.dataset.AbstractDataSet  - getTable(tableName=SCOPEDCONTENTCONDITIONS_SCOPEDCONTENT) - start
194306 [main] DEBUG org.dbunit.dataset.AbstractDataSet  - initialize() - start
194306 [main] DEBUG org.dbunit.dataset.AbstractDataSet  - The table name map has already been initialized.
194306 [main] DEBUG org.dbunit.dataset.OrderedTableNameMap  - getTableName(tableName=SCOPEDCONTENTCONDITIONS_SCOPEDCONTENT) - start
194306 [main] DEBUG org.dbunit.dataset.OrderedTableNameMap  - getTableName(tableName=SCOPEDCONTENTCONDITIONS_SCOPEDCONTENT) - end - result=SCOPEDCONTENTCONDITIONS_SCOPEDCONTENT
194306 [main] DEBUG org.dbunit.dataset.AbstractDataSet  - getTableMetaData(tableName=SCOPEDCONTENTITEM) - start
194306 [main] DEBUG org.dbunit.dataset.AbstractDataSet  - getTable(tableName=SCOPEDCONTENTITEM) - start
194306 [main] DEBUG org.dbunit.dataset.AbstractDataSet  - initialize() - start
194306 [main] DEBUG org.dbunit.dataset.AbstractDataSet  - The table name map has already been initialized.
194306 [main] DEBUG org.dbunit.dataset.OrderedTableNameMap  - getTableName(tableName=SCOPEDCONTENTITEM) - start
194306 [main] DEBUG org.dbunit.dataset.OrderedTableNameMap  - getTableName(tableName=SCOPEDCONTENTITEM) - end - result=SCOPEDCONTENTITEM
194306 [main] DEBUG org.dbunit.dataset.AbstractDataSet  - getTableMetaData(tableName=SCOPEDCONTENTCONDITIONS_SCOPEDCONTENTITEM) - start
194307 [main] DEBUG org.dbunit.dataset.AbstractDataSet  - getTable(tableName=SCOPEDCONTENTCONDITIONS_SCOPEDCONTENTITEM) - start
194307 [main] DEBUG org.dbunit.dataset.AbstractDataSet  - initialize() - start
194307 [main] DEBUG org.dbunit.dataset.AbstractDataSet  - The table name map has already been initialized.
194307 [main] DEBUG org.dbunit.dataset.OrderedTableNameMap  - getTableName(tableName=SCOPEDCONTENTCONDITIONS_SCOPEDCONTENTITEM) - start
194307 [main] DEBUG org.dbunit.dataset.OrderedTableNameMap  - getTableName(tableName=SCOPEDCONTENTCONDITIONS_SCOPEDCONTENTITEM) - end - result=SCOPEDCONTENTCONDITIONS_SCOPEDCONTENTITEM
194307 [main] DEBUG org.dbunit.dataset.AbstractDataSet  - getTableMetaData(tableName=SCOPEDCONTENT_SCOPEDCONTENTITEM) - start
194307 [main] DEBUG org.dbunit.dataset.AbstractDataSet  - getTable(tableName=SCOPEDCONTENT_SCOPEDCONTENTITEM) - start
194307 [main] DEBUG org.dbunit.dataset.AbstractDataSet  - initialize() - start
194307 [main] DEBUG org.dbunit.dataset.AbstractDataSet  - The table name map has already been initialized.
194307 [main] DEBUG org.dbunit.dataset.OrderedTableNameMap  - getTableName(tableName=SCOPEDCONTENT_SCOPEDCONTENTITEM) - start
194307 [main] DEBUG org.dbunit.dataset.OrderedTableNameMap  - getTableName(tableName=SCOPEDCONTENT_SCOPEDCONTENTITEM) - end - result=SCOPEDCONTENT_SCOPEDCONTENTITEM
194307 [main] DEBUG org.dbunit.dataset.AbstractDataSet  - getTableMetaData(tableName=SCOPE_REQUESTCONTEXT) - start
194308 [main] DEBUG org.dbunit.dataset.AbstractDataSet  - getTable(tableName=SCOPE_REQUESTCONTEXT) - start
194308 [main] DEBUG org.dbunit.dataset.AbstractDataSet  - initialize() - start
194308 [main] DEBUG org.dbunit.dataset.AbstractDataSet  - The table name map has already been initialized.
194308 [main] DEBUG org.dbunit.dataset.OrderedTableNameMap  - getTableName(tableName=SCOPE_REQUESTCONTEXT) - start
194308 [main] DEBUG org.dbunit.dataset.OrderedTableNameMap  - getTableName(tableName=SCOPE_REQUESTCONTEXT) - end - result=SCOPE_REQUESTCONTEXT
194308 [main] DEBUG org.dbunit.dataset.AbstractDataSet  - getTableMetaData(tableName=USER) - start
194308 [main] DEBUG org.dbunit.dataset.AbstractDataSet  - getTable(tableName=USER) - start
194308 [main] DEBUG org.dbunit.dataset.AbstractDataSet  - initialize() - start
194308 [main] DEBUG org.dbunit.dataset.AbstractDataSet  - The table name map has already been initialized.
194308 [main] DEBUG org.dbunit.dataset.OrderedTableNameMap  - getTableName(tableName=USER) - start
194308 [main] DEBUG org.dbunit.dataset.OrderedTableNameMap  - getTableName(tableName=USER) - end - result=USER
194308 [main] DEBUG org.dbunit.dataset.AbstractDataSet  - getTableMetaData(tableName=USERS_AUTHORITIES) - start
194308 [main] DEBUG org.dbunit.dataset.AbstractDataSet  - getTable(tableName=USERS_AUTHORITIES) - start
194309 [main] DEBUG org.dbunit.dataset.AbstractDataSet  - initialize() - start
194309 [main] DEBUG org.dbunit.dataset.AbstractDataSet  - The table name map has already been initialized.
194309 [main] DEBUG org.dbunit.dataset.OrderedTableNameMap  - getTableName(tableName=USERS_AUTHORITIES) - start
194309 [main] DEBUG org.dbunit.dataset.OrderedTableNameMap  - getTableName(tableName=USERS_AUTHORITIES) - end - result=USERS_AUTHORITIES
194309 [main] DEBUG org.dbunit.dataset.filter.SequenceTableIterator  - next() - start
194309 [main] DEBUG org.dbunit.dataset.filter.SequenceTableIterator  - getTable() - start
194309 [main] DEBUG org.dbunit.dataset.AbstractDataSet  - getTable(tableName=Authority) - start
194309 [main] DEBUG org.dbunit.dataset.AbstractDataSet  - initialize() - start
194309 [main] DEBUG org.dbunit.dataset.AbstractDataSet  - The table name map has already been initialized.
194309 [main] DEBUG org.dbunit.dataset.OrderedTableNameMap  - getTableName(tableName=Authority) - start
194309 [main] DEBUG org.dbunit.dataset.OrderedTableNameMap  - getTableName(tableName=Authority) - end - result=AUTHORITY
194309 [main] TRACE org.dbunit.operation.AbstractBatchOperation  - execute: processing table='Authority'
194310 [main] DEBUG org.dbunit.operation.AbstractBatchOperation  - isEmpty(table=org.dbunit.dataset.DefaultTable[_metaData=tableName=Authority, columns=[], keys=[], _rowList.size()=0]) - start
194310 [main] DEBUG org.dbunit.dataset.filter.SequenceTableIterator  - next() - start
194310 [main] DEBUG org.dbunit.dataset.filter.SequenceTableIterator  - getTable() - start
194310 [main] DEBUG org.dbunit.dataset.AbstractDataSet  - getTable(tableName=Caption) - start
194310 [main] DEBUG org.dbunit.dataset.AbstractDataSet  - initialize() - start
194310 [main] DEBUG org.dbunit.dataset.AbstractDataSet  - The table name map has already been initialized.
194310 [main] DEBUG org.dbunit.dataset.OrderedTableNameMap  - getTableName(tableName=Caption) - start
194310 [main] DEBUG org.dbunit.dataset.OrderedTableNameMap  - getTableName(tableName=Caption) - end - result=CAPTION
194310 [main] TRACE org.dbunit.operation.AbstractBatchOperation  - execute: processing table='Caption'
194311 [main] DEBUG org.dbunit.operation.AbstractBatchOperation  - isEmpty(table=org.dbunit.dataset.DefaultTable[_metaData=tableName=Caption, columns=[], keys=[], _rowList.size()=0]) - start
194311 [main] DEBUG org.dbunit.dataset.filter.SequenceTableIterator  - next() - start
194311 [main] DEBUG org.dbunit.dataset.filter.SequenceTableIterator  - getTable() - start
194311 [main] DEBUG org.dbunit.dataset.AbstractDataSet  - getTable(tableName=ScopedContentCondition) - start
194311 [main] DEBUG org.dbunit.dataset.AbstractDataSet  - initialize() - start
194311 [main] DEBUG org.dbunit.dataset.AbstractDataSet  - The table name map has already been initialized.
194311 [main] DEBUG org.dbunit.dataset.OrderedTableNameMap  - getTableName(tableName=ScopedContentCondition) - start
194311 [main] DEBUG org.dbunit.dataset.OrderedTableNameMap  - getTableName(tableName=ScopedContentCondition) - end - result=SCOPEDCONTENTCONDITION
194311 [main] TRACE org.dbunit.operation.AbstractBatchOperation  - execute: processing table='ScopedContentCondition'
194311 [main] DEBUG org.dbunit.operation.AbstractBatchOperation  - isEmpty(table=org.dbunit.dataset.DefaultTable[_metaData=tableName=ScopedContentCondition, columns=[(name, UNKNOWN, nullableUnknown), (description, UNKNOWN, nullableUnknown), (operator, UNKNOWN, nullableUnknown), (id, UNKNOWN, nullableUnknown), (timeStamp, UNKNOWN, nullableUnknown)], keys=[], _rowList.size()=1]) - start
194312 [main] DEBUG org.dbunit.dataset.DefaultTable  - getValue(row=0, column=name) - start
194312 [main] DEBUG org.dbunit.dataset.AbstractTable  - assertValidRowIndex(row=0) - start
194312 [main] DEBUG org.dbunit.dataset.AbstractTable  - assertValidRowIndex(row=0, rowCount=1) - start
194312 [main] DEBUG org.dbunit.dataset.AbstractTable  - getColumnIndex(columnName=name) - start
194312 [main] DEBUG org.dbunit.dataset.AbstractTableMetaData  - getColumnIndex(columnName=name) - start
194312 [main] DEBUG org.dbunit.operation.AbstractOperation  - getOperationMetaData(connection=_databaseConfig=org.dbunit.database.DatabaseConfig[, _propertyMap={http://www.dbunit.org/properties/statementFactory=org.dbunit.database.statement.PreparedStatementFactory@626bc2b8, http://www.dbunit.org/features/caseSensitiveTableNames=false, http://www.dbunit.org/properties/fetchSize=100, http://www.dbunit.org/features/batchedStatements=false, http://www.dbunit.org/properties/metadataHandler=org.dbunit.database.DefaultMetadataHandler@3eeace42, http://www.dbunit.org/properties/datatypeFactory=org.dbunit.dataset.datatype.DefaultDataTypeFactory[_toleratedDeltaMap=org.dbunit.dataset.datatype.ToleratedDeltaMap@6452310a], http://www.dbunit.org/properties/escapePattern=null, http://www.dbunit.org/properties/batchSize=100, http://www.dbunit.org/features/qualifiedTableNames=false, http://www.dbunit.org/properties/tableType=[Ljava.lang.String;@5011bafa, http://www.dbunit.org/properties/resultSetTableFactory=org.dbunit.database.CachedResultSetTableFactory@10bcf083, http://www.dbunit.org/features/datatypeWarning=true}], _dataSet=AbstractDataSet[_orderedTableNameMap=null], metaData=tableName=ScopedContentCondition, columns=[(name, UNKNOWN, nullableUnknown), (description, UNKNOWN, nullableUnknown), (operator, UNKNOWN, nullableUnknown), (id, UNKNOWN, nullableUnknown), (timeStamp, UNKNOWN, nullableUnknown)], keys=[]) - start
194312 [main] DEBUG org.dbunit.database.AbstractDatabaseConnection  - createDataSet() - start
194312 [main] DEBUG org.dbunit.database.DatabaseDataSet  - getTableMetaData(tableName=ScopedContentCondition) - start
194312 [main] DEBUG org.dbunit.database.DatabaseDataSet  - initialize() - start
194313 [main] DEBUG org.dbunit.dataset.OrderedTableNameMap  - getTableName(tableName=ScopedContentCondition) - start
194313 [main] DEBUG org.dbunit.dataset.OrderedTableNameMap  - getTableName(tableName=ScopedContentCondition) - end - result=SCOPEDCONTENTCONDITION
194313 [main] DEBUG org.dbunit.dataset.OrderedTableNameMap  - getTableName(tableName=ScopedContentCondition) - start
194313 [main] DEBUG org.dbunit.dataset.OrderedTableNameMap  - getTableName(tableName=ScopedContentCondition) - end - result=SCOPEDCONTENTCONDITION
194313 [main] DEBUG org.dbunit.dataset.AbstractTableMetaData  - getColumnIndex(columnName=name) - start
194313 [main] DEBUG org.dbunit.database.DatabaseTableMetaData  - getColumns() - start
194313 [main] DEBUG org.dbunit.dataset.AbstractTableMetaData  - getColumnIndex(columnName=description) - start
194313 [main] DEBUG org.dbunit.database.DatabaseTableMetaData  - getColumns() - start
194313 [main] DEBUG org.dbunit.dataset.AbstractTableMetaData  - getColumnIndex(columnName=operator) - start
194313 [main] DEBUG org.dbunit.database.DatabaseTableMetaData  - getColumns() - start
194313 [main] DEBUG org.dbunit.dataset.AbstractTableMetaData  - getColumnIndex(columnName=id) - start
194313 [main] DEBUG org.dbunit.database.DatabaseTableMetaData  - getColumns() - start
194314 [main] DEBUG org.dbunit.dataset.AbstractTableMetaData  - getColumnIndex(columnName=timeStamp) - start
194314 [main] DEBUG org.dbunit.database.DatabaseTableMetaData  - getColumns() - start
194314 [main] DEBUG org.dbunit.database.DatabaseTableMetaData  - getPrimaryKeys() - start
194314 [main] TRACE org.dbunit.database.DatabaseConfig  - getProperty(name=http://www.dbunit.org/properties/primaryKeyFilter) - start
194314 [main] DEBUG org.dbunit.operation.InsertOperation  - getIgnoreMapping(table=org.dbunit.dataset.DefaultTable[_metaData=tableName=ScopedContentCondition, columns=[(name, UNKNOWN, nullableUnknown), (description, UNKNOWN, nullableUnknown), (operator, UNKNOWN, nullableUnknown), (id, UNKNOWN, nullableUnknown), (timeStamp, UNKNOWN, nullableUnknown)], keys=[], _rowList.size()=1], row=0) - start
194314 [main] DEBUG org.dbunit.dataset.DefaultTable  - getValue(row=0, column=name) - start
194314 [main] DEBUG org.dbunit.dataset.AbstractTable  - assertValidRowIndex(row=0) - start
194314 [main] DEBUG org.dbunit.dataset.AbstractTable  - assertValidRowIndex(row=0, rowCount=1) - start
194314 [main] DEBUG org.dbunit.dataset.AbstractTable  - getColumnIndex(columnName=name) - start
194314 [main] DEBUG org.dbunit.dataset.AbstractTableMetaData  - getColumnIndex(columnName=name) - start
194314 [main] DEBUG org.dbunit.dataset.DefaultTable  - getValue(row=0, column=description) - start
194314 [main] DEBUG org.dbunit.dataset.AbstractTable  - assertValidRowIndex(row=0) - start
194314 [main] DEBUG org.dbunit.dataset.AbstractTable  - assertValidRowIndex(row=0, rowCount=1) - start
194315 [main] DEBUG org.dbunit.dataset.AbstractTable  - getColumnIndex(columnName=description) - start
194315 [main] DEBUG org.dbunit.dataset.AbstractTableMetaData  - getColumnIndex(columnName=description) - start
194315 [main] DEBUG org.dbunit.dataset.DefaultTable  - getValue(row=0, column=operator) - start
194315 [main] DEBUG org.dbunit.dataset.AbstractTable  - assertValidRowIndex(row=0) - start
194315 [main] DEBUG org.dbunit.dataset.AbstractTable  - assertValidRowIndex(row=0, rowCount=1) - start
194315 [main] DEBUG org.dbunit.dataset.AbstractTable  - getColumnIndex(columnName=operator) - start
194315 [main] DEBUG org.dbunit.dataset.AbstractTableMetaData  - getColumnIndex(columnName=operator) - start
194315 [main] DEBUG org.dbunit.dataset.DefaultTable  - getValue(row=0, column=id) - start
194315 [main] DEBUG org.dbunit.dataset.AbstractTable  - assertValidRowIndex(row=0) - start
194315 [main] DEBUG org.dbunit.dataset.AbstractTable  - assertValidRowIndex(row=0, rowCount=1) - start
194315 [main] DEBUG org.dbunit.dataset.AbstractTable  - getColumnIndex(columnName=id) - start
194315 [main] DEBUG org.dbunit.dataset.AbstractTableMetaData  - getColumnIndex(columnName=id) - start
194315 [main] DEBUG org.dbunit.dataset.DefaultTable  - getValue(row=0, column=timeStamp) - start
194316 [main] DEBUG org.dbunit.dataset.AbstractTable  - assertValidRowIndex(row=0) - start
194316 [main] DEBUG org.dbunit.dataset.AbstractTable  - assertValidRowIndex(row=0, rowCount=1) - start
194316 [main] DEBUG org.dbunit.dataset.AbstractTable  - getColumnIndex(columnName=timeStamp) - start
194316 [main] DEBUG org.dbunit.dataset.AbstractTableMetaData  - getColumnIndex(columnName=timeStamp) - start
194316 [main] DEBUG org.dbunit.operation.InsertOperation  - getOperationData(metaData=tableName=SCOPEDCONTENTCONDITION, columns=[(NAME, VARCHAR, noNulls), (DESCRIPTION, VARCHAR, nullable), (OPERATOR, VARCHAR, noNulls), (ID, INTEGER, noNulls), (TIMESTAMP, TIMESTAMP, nullable)], keys=[(ID, INTEGER, noNulls)], ignoreMapping={}, connection=_databaseConfig=org.dbunit.database.DatabaseConfig[, _propertyMap={http://www.dbunit.org/properties/statementFactory=org.dbunit.database.statement.PreparedStatementFactory@626bc2b8, http://www.dbunit.org/features/caseSensitiveTableNames=false, http://www.dbunit.org/properties/fetchSize=100, http://www.dbunit.org/features/batchedStatements=false, http://www.dbunit.org/properties/metadataHandler=org.dbunit.database.DefaultMetadataHandler@3eeace42, http://www.dbunit.org/properties/datatypeFactory=org.dbunit.dataset.datatype.DefaultDataTypeFactory[_toleratedDeltaMap=org.dbunit.dataset.datatype.ToleratedDeltaMap@6452310a], http://www.dbunit.org/properties/escapePattern=null, http://www.dbunit.org/properties/batchSize=100, http://www.dbunit.org/features/qualifiedTableNames=false, http://www.dbunit.org/properties/tableType=[Ljava.lang.String;@5011bafa, http://www.dbunit.org/properties/resultSetTableFactory=org.dbunit.database.CachedResultSetTableFactory@10bcf083, http://www.dbunit.org/features/datatypeWarning=true}], _dataSet=AbstractDataSet[_orderedTableNameMap=null]) - start
194316 [main] DEBUG org.dbunit.operation.AbstractOperation  - getQualifiedName(prefix=null, name=SCOPEDCONTENTCONDITION, connection=_databaseConfig=org.dbunit.database.DatabaseConfig[, _propertyMap={http://www.dbunit.org/properties/statementFactory=org.dbunit.database.statement.PreparedStatementFactory@626bc2b8, http://www.dbunit.org/features/caseSensitiveTableNames=false, http://www.dbunit.org/properties/fetchSize=100, http://www.dbunit.org/features/batchedStatements=false, http://www.dbunit.org/properties/metadataHandler=org.dbunit.database.DefaultMetadataHandler@3eeace42, http://www.dbunit.org/properties/datatypeFactory=org.dbunit.dataset.datatype.DefaultDataTypeFactory[_toleratedDeltaMap=org.dbunit.dataset.datatype.ToleratedDeltaMap@6452310a], http://www.dbunit.org/properties/escapePattern=null, http://www.dbunit.org/properties/batchSize=100, http://www.dbunit.org/features/qualifiedTableNames=false, http://www.dbunit.org/properties/tableType=[Ljava.lang.String;@5011bafa, http://www.dbunit.org/properties/resultSetTableFactory=org.dbunit.database.CachedResultSetTableFactory@10bcf083, http://www.dbunit.org/features/datatypeWarning=true}], _dataSet=AbstractDataSet[_orderedTableNameMap=null]) - start
194316 [main] TRACE org.dbunit.database.DatabaseConfig  - getProperty(name=http://www.dbunit.org/properties/escapePattern) - start
194316 [main] DEBUG org.dbunit.util.QualifiedTableName  - getQualifiedName() - start
194316 [main] DEBUG org.dbunit.util.QualifiedTableName  - getQualifiedName(prefix=null, name=SCOPEDCONTENTCONDITION, escapePattern=null) - start
194316 [main] DEBUG org.dbunit.operation.AbstractOperation  - getQualifiedName(prefix=null, name=NAME, connection=_databaseConfig=org.dbunit.database.DatabaseConfig[, _propertyMap={http://www.dbunit.org/properties/statementFactory=org.dbunit.database.statement.PreparedStatementFactory@626bc2b8, http://www.dbunit.org/features/caseSensitiveTableNames=false, http://www.dbunit.org/properties/fetchSize=100, http://www.dbunit.org/features/batchedStatements=false, http://www.dbunit.org/properties/metadataHandler=org.dbunit.database.DefaultMetadataHandler@3eeace42, http://www.dbunit.org/properties/datatypeFactory=org.dbunit.dataset.datatype.DefaultDataTypeFactory[_toleratedDeltaMap=org.dbunit.dataset.datatype.ToleratedDeltaMap@6452310a], http://www.dbunit.org/properties/escapePattern=null, http://www.dbunit.org/properties/batchSize=100, http://www.dbunit.org/features/qualifiedTableNames=false, http://www.dbunit.org/properties/tableType=[Ljava.lang.String;@5011bafa, http://www.dbunit.org/properties/resultSetTableFactory=org.dbunit.database.CachedResultSetTableFactory@10bcf083, http://www.dbunit.org/features/datatypeWarning=true}], _dataSet=AbstractDataSet[_orderedTableNameMap=null]) - start
194317 [main] TRACE org.dbunit.database.DatabaseConfig  - getProperty(name=http://www.dbunit.org/properties/escapePattern) - start
194317 [main] DEBUG org.dbunit.util.QualifiedTableName  - getQualifiedName() - start
194317 [main] DEBUG org.dbunit.util.QualifiedTableName  - getQualifiedName(prefix=null, name=NAME, escapePattern=null) - start
194317 [main] DEBUG org.dbunit.operation.AbstractOperation  - getQualifiedName(prefix=null, name=DESCRIPTION, connection=_databaseConfig=org.dbunit.database.DatabaseConfig[, _propertyMap={http://www.dbunit.org/properties/statementFactory=org.dbunit.database.statement.PreparedStatementFactory@626bc2b8, http://www.dbunit.org/features/caseSensitiveTableNames=false, http://www.dbunit.org/properties/fetchSize=100, http://www.dbunit.org/features/batchedStatements=false, http://www.dbunit.org/properties/metadataHandler=org.dbunit.database.DefaultMetadataHandler@3eeace42, http://www.dbunit.org/properties/datatypeFactory=org.dbunit.dataset.datatype.DefaultDataTypeFactory[_toleratedDeltaMap=org.dbunit.dataset.datatype.ToleratedDeltaMap@6452310a], http://www.dbunit.org/properties/escapePattern=null, http://www.dbunit.org/properties/batchSize=100, http://www.dbunit.org/features/qualifiedTableNames=false, http://www.dbunit.org/properties/tableType=[Ljava.lang.String;@5011bafa, http://www.dbunit.org/properties/resultSetTableFactory=org.dbunit.database.CachedResultSetTableFactory@10bcf083, http://www.dbunit.org/features/datatypeWarning=true}], _dataSet=AbstractDataSet[_orderedTableNameMap=null]) - start
194317 [main] TRACE org.dbunit.database.DatabaseConfig  - getProperty(name=http://www.dbunit.org/properties/escapePattern) - start
194317 [main] DEBUG org.dbunit.util.QualifiedTableName  - getQualifiedName() - start
194317 [main] DEBUG org.dbunit.util.QualifiedTableName  - getQualifiedName(prefix=null, name=DESCRIPTION, escapePattern=null) - start
194317 [main] DEBUG org.dbunit.operation.AbstractOperation  - getQualifiedName(prefix=null, name=OPERATOR, connection=_databaseConfig=org.dbunit.database.DatabaseConfig[, _propertyMap={http://www.dbunit.org/properties/statementFactory=org.dbunit.database.statement.PreparedStatementFactory@626bc2b8, http://www.dbunit.org/features/caseSensitiveTableNames=false, http://www.dbunit.org/properties/fetchSize=100, http://www.dbunit.org/features/batchedStatements=false, http://www.dbunit.org/properties/metadataHandler=org.dbunit.database.DefaultMetadataHandler@3eeace42, http://www.dbunit.org/properties/datatypeFactory=org.dbunit.dataset.datatype.DefaultDataTypeFactory[_toleratedDeltaMap=org.dbunit.dataset.datatype.ToleratedDeltaMap@6452310a], http://www.dbunit.org/properties/escapePattern=null, http://www.dbunit.org/properties/batchSize=100, http://www.dbunit.org/features/qualifiedTableNames=false, http://www.dbunit.org/properties/tableType=[Ljava.lang.String;@5011bafa, http://www.dbunit.org/properties/resultSetTableFactory=org.dbunit.database.CachedResultSetTableFactory@10bcf083, http://www.dbunit.org/features/datatypeWarning=true}], _dataSet=AbstractDataSet[_orderedTableNameMap=null]) - start
194318 [main] TRACE org.dbunit.database.DatabaseConfig  - getProperty(name=http://www.dbunit.org/properties/escapePattern) - start
194318 [main] DEBUG org.dbunit.util.QualifiedTableName  - getQualifiedName() - start
194318 [main] DEBUG org.dbunit.util.QualifiedTableName  - getQualifiedName(prefix=null, name=OPERATOR, escapePattern=null) - start
194318 [main] DEBUG org.dbunit.operation.AbstractOperation  - getQualifiedName(prefix=null, name=ID, connection=_databaseConfig=org.dbunit.database.DatabaseConfig[, _propertyMap={http://www.dbunit.org/properties/statementFactory=org.dbunit.database.statement.PreparedStatementFactory@626bc2b8, http://www.dbunit.org/features/caseSensitiveTableNames=false, http://www.dbunit.org/properties/fetchSize=100, http://www.dbunit.org/features/batchedStatements=false, http://www.dbunit.org/properties/metadataHandler=org.dbunit.database.DefaultMetadataHandler@3eeace42, http://www.dbunit.org/properties/datatypeFactory=org.dbunit.dataset.datatype.DefaultDataTypeFactory[_toleratedDeltaMap=org.dbunit.dataset.datatype.ToleratedDeltaMap@6452310a], http://www.dbunit.org/properties/escapePattern=null, http://www.dbunit.org/properties/batchSize=100, http://www.dbunit.org/features/qualifiedTableNames=false, http://www.dbunit.org/properties/tableType=[Ljava.lang.String;@5011bafa, http://www.dbunit.org/properties/resultSetTableFactory=org.dbunit.database.CachedResultSetTableFactory@10bcf083, http://www.dbunit.org/features/datatypeWarning=true}], _dataSet=AbstractDataSet[_orderedTableNameMap=null]) - start
194318 [main] TRACE org.dbunit.database.DatabaseConfig  - getProperty(name=http://www.dbunit.org/properties/escapePattern) - start
194318 [main] DEBUG org.dbunit.util.QualifiedTableName  - getQualifiedName() - start
194318 [main] DEBUG org.dbunit.util.QualifiedTableName  - getQualifiedName(prefix=null, name=ID, escapePattern=null) - start
194318 [main] DEBUG org.dbunit.operation.AbstractOperation  - getQualifiedName(prefix=null, name=TIMESTAMP, connection=_databaseConfig=org.dbunit.database.DatabaseConfig[, _propertyMap={http://www.dbunit.org/properties/statementFactory=org.dbunit.database.statement.PreparedStatementFactory@626bc2b8, http://www.dbunit.org/features/caseSensitiveTableNames=false, http://www.dbunit.org/properties/fetchSize=100, http://www.dbunit.org/features/batchedStatements=false, http://www.dbunit.org/properties/metadataHandler=org.dbunit.database.DefaultMetadataHandler@3eeace42, http://www.dbunit.org/properties/datatypeFactory=org.dbunit.dataset.datatype.DefaultDataTypeFactory[_toleratedDeltaMap=org.dbunit.dataset.datatype.ToleratedDeltaMap@6452310a], http://www.dbunit.org/properties/escapePattern=null, http://www.dbunit.org/properties/batchSize=100, http://www.dbunit.org/features/qualifiedTableNames=false, http://www.dbunit.org/properties/tableType=[Ljava.lang.String;@5011bafa, http://www.dbunit.org/properties/resultSetTableFactory=org.dbunit.database.CachedResultSetTableFactory@10bcf083, http://www.dbunit.org/features/datatypeWarning=true}], _dataSet=AbstractDataSet[_orderedTableNameMap=null]) - start
194318 [main] TRACE org.dbunit.database.DatabaseConfig  - getProperty(name=http://www.dbunit.org/properties/escapePattern) - start
194318 [main] DEBUG org.dbunit.util.QualifiedTableName  - getQualifiedName() - start
194318 [main] DEBUG org.dbunit.util.QualifiedTableName  - getQualifiedName(prefix=null, name=TIMESTAMP, escapePattern=null) - start
194319 [main] DEBUG org.dbunit.database.statement.PreparedStatementFactory  - createPreparedBatchStatement(sql=insert into SCOPEDCONTENTCONDITION (NAME, DESCRIPTION, OPERATOR, ID, TIMESTAMP) values (?, ?, ?, ?, ?), connection=_databaseConfig=org.dbunit.database.DatabaseConfig[, _propertyMap={http://www.dbunit.org/properties/statementFactory=org.dbunit.database.statement.PreparedStatementFactory@626bc2b8, http://www.dbunit.org/features/caseSensitiveTableNames=false, http://www.dbunit.org/properties/fetchSize=100, http://www.dbunit.org/features/batchedStatements=false, http://www.dbunit.org/properties/metadataHandler=org.dbunit.database.DefaultMetadataHandler@3eeace42, http://www.dbunit.org/properties/datatypeFactory=org.dbunit.dataset.datatype.DefaultDataTypeFactory[_toleratedDeltaMap=org.dbunit.dataset.datatype.ToleratedDeltaMap@6452310a], http://www.dbunit.org/properties/escapePattern=null, http://www.dbunit.org/properties/batchSize=100, http://www.dbunit.org/features/qualifiedTableNames=false, http://www.dbunit.org/properties/tableType=[Ljava.lang.String;@5011bafa, http://www.dbunit.org/properties/resultSetTableFactory=org.dbunit.database.CachedResultSetTableFactory@10bcf083, http://www.dbunit.org/features/datatypeWarning=true}], _dataSet=AbstractDataSet[_orderedTableNameMap=null]) - start
194319 [main] TRACE org.dbunit.database.DatabaseConfig  - getProperty(name=http://www.dbunit.org/properties/batchSize) - start
194319 [main] DEBUG org.dbunit.database.statement.AbstractStatementFactory  - supportBatchStatement(connection=_databaseConfig=org.dbunit.database.DatabaseConfig[, _propertyMap={http://www.dbunit.org/properties/statementFactory=org.dbunit.database.statement.PreparedStatementFactory@626bc2b8, http://www.dbunit.org/features/caseSensitiveTableNames=false, http://www.dbunit.org/properties/fetchSize=100, http://www.dbunit.org/features/batchedStatements=false, http://www.dbunit.org/properties/metadataHandler=org.dbunit.database.DefaultMetadataHandler@3eeace42, http://www.dbunit.org/properties/datatypeFactory=org.dbunit.dataset.datatype.DefaultDataTypeFactory[_toleratedDeltaMap=org.dbunit.dataset.datatype.ToleratedDeltaMap@6452310a], http://www.dbunit.org/properties/escapePattern=null, http://www.dbunit.org/properties/batchSize=100, http://www.dbunit.org/features/qualifiedTableNames=false, http://www.dbunit.org/properties/tableType=[Ljava.lang.String;@5011bafa, http://www.dbunit.org/properties/resultSetTableFactory=org.dbunit.database.CachedResultSetTableFactory@10bcf083, http://www.dbunit.org/features/datatypeWarning=true}], _dataSet=AbstractDataSet[_orderedTableNameMap=null]) - start
194319 [main] TRACE org.dbunit.database.DatabaseConfig  - getFeature(name=http://www.dbunit.org/features/batchedStatements) - start
194319 [main] TRACE org.dbunit.database.DatabaseConfig  - getProperty(name=http://www.dbunit.org/features/batchedStatements) - start
194319 [main] DEBUG org.dbunit.database.DatabaseDataSourceConnection  - getConnection() - start
194319 [main] DEBUG org.dbunit.dataset.DefaultTable  - getValue(row=0, column=NAME) - start
194319 [main] DEBUG org.dbunit.dataset.AbstractTable  - assertValidRowIndex(row=0) - start
194320 [main] DEBUG org.dbunit.dataset.AbstractTable  - assertValidRowIndex(row=0, rowCount=1) - start
194320 [main] DEBUG org.dbunit.dataset.AbstractTable  - getColumnIndex(columnName=NAME) - start
194320 [main] DEBUG org.dbunit.dataset.AbstractTableMetaData  - getColumnIndex(columnName=NAME) - start
194320 [main] DEBUG org.dbunit.database.statement.AutomaticPreparedBatchStatement  - addValue(value=3, dataType=VARCHAR) - start
194320 [main] DEBUG org.dbunit.database.statement.SimplePreparedStatement  - addValue(value=3, dataType=VARCHAR) - start
194320 [main] DEBUG org.dbunit.dataset.datatype.StringDataType  - setSqlValue(value=3, column=1, statement=org.hsqldb.jdbc.JDBCPreparedStatement@63f8bbd9[sql=[insert into SCOPEDCONTENTCONDITION (NAME, DESCRIPTION, OPERATOR, ID, TIMESTAMP) values (?, ?, ?, ?, ?)], parameters=[[null], [null], [null], [null], [null]]]) - start
194320 [main] DEBUG org.dbunit.dataset.datatype.DataType  - asString(value=3) - start
194320 [main] DEBUG org.dbunit.dataset.datatype.StringDataType  - typeCast(value=3) - start
194320 [main] DEBUG org.dbunit.dataset.DefaultTable  - getValue(row=0, column=DESCRIPTION) - start
194320 [main] DEBUG org.dbunit.dataset.AbstractTable  - assertValidRowIndex(row=0) - start
194320 [main] DEBUG org.dbunit.dataset.AbstractTable  - assertValidRowIndex(row=0, rowCount=1) - start
194320 [main] DEBUG org.dbunit.dataset.AbstractTable  - getColumnIndex(columnName=DESCRIPTION) - start
194321 [main] DEBUG org.dbunit.dataset.AbstractTableMetaData  - getColumnIndex(columnName=DESCRIPTION) - start
194321 [main] DEBUG org.dbunit.database.statement.AutomaticPreparedBatchStatement  - addValue(value=4, dataType=VARCHAR) - start
194321 [main] DEBUG org.dbunit.database.statement.SimplePreparedStatement  - addValue(value=4, dataType=VARCHAR) - start
194321 [main] DEBUG org.dbunit.dataset.datatype.StringDataType  - setSqlValue(value=4, column=2, statement=org.hsqldb.jdbc.JDBCPreparedStatement@63f8bbd9[sql=[insert into SCOPEDCONTENTCONDITION (NAME, DESCRIPTION, OPERATOR, ID, TIMESTAMP) values (?, ?, ?, ?, ?)], parameters=[[3], [null], [null], [null], [null]]]) - start
194321 [main] DEBUG org.dbunit.dataset.datatype.DataType  - asString(value=4) - start
194321 [main] DEBUG org.dbunit.dataset.datatype.StringDataType  - typeCast(value=4) - start
194321 [main] DEBUG org.dbunit.dataset.DefaultTable  - getValue(row=0, column=OPERATOR) - start
194321 [main] DEBUG org.dbunit.dataset.AbstractTable  - assertValidRowIndex(row=0) - start
194321 [main] DEBUG org.dbunit.dataset.AbstractTable  - assertValidRowIndex(row=0, rowCount=1) - start
194321 [main] DEBUG org.dbunit.dataset.AbstractTable  - getColumnIndex(columnName=OPERATOR) - start
194321 [main] DEBUG org.dbunit.dataset.AbstractTableMetaData  - getColumnIndex(columnName=OPERATOR) - start
194322 [main] DEBUG org.dbunit.database.statement.AutomaticPreparedBatchStatement  - addValue(value=And, dataType=VARCHAR) - start
194322 [main] DEBUG org.dbunit.database.statement.SimplePreparedStatement  - addValue(value=And, dataType=VARCHAR) - start
194322 [main] DEBUG org.dbunit.dataset.datatype.StringDataType  - setSqlValue(value=And, column=3, statement=org.hsqldb.jdbc.JDBCPreparedStatement@63f8bbd9[sql=[insert into SCOPEDCONTENTCONDITION (NAME, DESCRIPTION, OPERATOR, ID, TIMESTAMP) values (?, ?, ?, ?, ?)], parameters=[[3], [4], [null], [null], [null]]]) - start
194322 [main] DEBUG org.dbunit.dataset.datatype.DataType  - asString(value=And) - start
194322 [main] DEBUG org.dbunit.dataset.datatype.StringDataType  - typeCast(value=And) - start
194322 [main] WARN  org.dbunit.dataset.datatype.StringDataType  - Unknown/unsupported object type 'com.tmt.kontroll.content.persistence.selections.ConditionalOperator' - will invoke toString() as last fallback which might produce undesired results
194322 [main] DEBUG org.dbunit.dataset.DefaultTable  - getValue(row=0, column=ID) - start
194322 [main] DEBUG org.dbunit.dataset.AbstractTable  - assertValidRowIndex(row=0) - start
194322 [main] DEBUG org.dbunit.dataset.AbstractTable  - assertValidRowIndex(row=0, rowCount=1) - start
194322 [main] DEBUG org.dbunit.dataset.AbstractTable  - getColumnIndex(columnName=ID) - start
194322 [main] DEBUG org.dbunit.dataset.AbstractTableMetaData  - getColumnIndex(columnName=ID) - start
194323 [main] DEBUG org.dbunit.database.statement.AutomaticPreparedBatchStatement  - addValue(value=1, dataType=INTEGER) - start
194323 [main] DEBUG org.dbunit.database.statement.SimplePreparedStatement  - addValue(value=1, dataType=INTEGER) - start
194323 [main] DEBUG org.dbunit.dataset.datatype.IntegerDataType  - setSqlValue(value=1, column=4, statement=org.hsqldb.jdbc.JDBCPreparedStatement@63f8bbd9[sql=[insert into SCOPEDCONTENTCONDITION (NAME, DESCRIPTION, OPERATOR, ID, TIMESTAMP) values (?, ?, ?, ?, ?)], parameters=[[3], [4], [And], [null], [null]]]) - start
194323 [main] DEBUG org.dbunit.dataset.datatype.IntegerDataType  - typeCast(value=1) - start
194325 [main] DEBUG org.dbunit.dataset.DefaultTable  - getValue(row=0, column=TIMESTAMP) - start
194326 [main] DEBUG org.dbunit.dataset.AbstractTable  - assertValidRowIndex(row=0) - start
194326 [main] DEBUG org.dbunit.dataset.AbstractTable  - assertValidRowIndex(row=0, rowCount=1) - start
194326 [main] DEBUG org.dbunit.dataset.AbstractTable  - getColumnIndex(columnName=TIMESTAMP) - start
194326 [main] DEBUG org.dbunit.dataset.AbstractTableMetaData  - getColumnIndex(columnName=TIMESTAMP) - start
194326 [main] DEBUG org.dbunit.database.statement.AutomaticPreparedBatchStatement  - addValue(value=2014-02-26 12:44:14.648, dataType=TIMESTAMP) - start
194326 [main] DEBUG org.dbunit.database.statement.SimplePreparedStatement  - addValue(value=2014-02-26 12:44:14.648, dataType=TIMESTAMP) - start
194326 [main] DEBUG org.dbunit.dataset.datatype.TimestampDataType  - setSqlValue(value=2014-02-26 12:44:14.648, column=5, statement=org.hsqldb.jdbc.JDBCPreparedStatement@63f8bbd9[sql=[insert into SCOPEDCONTENTCONDITION (NAME, DESCRIPTION, OPERATOR, ID, TIMESTAMP) values (?, ?, ?, ?, ?)], parameters=[[3], [4], [And], [1], [null]]]) - start
194326 [main] DEBUG org.dbunit.dataset.datatype.TimestampDataType  - typeCast(value=2014-02-26 12:44:14.648) - start
194326 [main] DEBUG org.dbunit.database.statement.AutomaticPreparedBatchStatement  - addBatch() - start
194326 [main] DEBUG org.dbunit.database.statement.SimplePreparedStatement  - addBatch() - start
194326 [main] DEBUG org.dbunit.operation.InsertOperation  - equalsIgnoreMapping(ignoreMapping={}, table=org.dbunit.dataset.DefaultTable[_metaData=tableName=ScopedContentCondition, columns=[(name, UNKNOWN, nullableUnknown), (description, UNKNOWN, nullableUnknown), (operator, UNKNOWN, nullableUnknown), (id, UNKNOWN, nullableUnknown), (timeStamp, UNKNOWN, nullableUnknown)], keys=[], _rowList.size()=1], row=1) - start
194326 [main] DEBUG org.dbunit.dataset.DefaultTable  - getValue(row=1, column=name) - start
194326 [main] DEBUG org.dbunit.dataset.AbstractTable  - assertValidRowIndex(row=1) - start
194326 [main] DEBUG org.dbunit.dataset.AbstractTable  - assertValidRowIndex(row=1, rowCount=1) - start
194326 [main] DEBUG org.dbunit.database.statement.AutomaticPreparedBatchStatement  - executeBatch() - start
194326 [main] DEBUG org.dbunit.database.statement.SimplePreparedStatement  - executeBatch() - start
194326 [main] DEBUG org.dbunit.database.statement.SimplePreparedStatement  - clearBatch() - start
194326 [main] DEBUG org.dbunit.database.statement.AutomaticPreparedBatchStatement  - clearBatch() - start
194326 [main] DEBUG org.dbunit.database.statement.SimplePreparedStatement  - clearBatch() - start
194326 [main] DEBUG org.dbunit.database.statement.AutomaticPreparedBatchStatement  - close() - start
194326 [main] DEBUG org.dbunit.database.statement.AbstractPreparedBatchStatement  - close() - start
194326 [main] DEBUG org.dbunit.dataset.filter.SequenceTableIterator  - next() - start
194326 [main] DEBUG org.dbunit.dataset.filter.SequenceTableIterator  - getTable() - start
194326 [main] DEBUG org.dbunit.dataset.AbstractDataSet  - getTable(tableName=NestedScopedContentConditions) - start
194326 [main] DEBUG org.dbunit.dataset.AbstractDataSet  - initialize() - start
194326 [main] DEBUG org.dbunit.dataset.AbstractDataSet  - The table name map has already been initialized.
194326 [main] DEBUG org.dbunit.dataset.OrderedTableNameMap  - getTableName(tableName=NestedScopedContentConditions) - start
194327 [main] DEBUG org.dbunit.dataset.OrderedTableNameMap  - getTableName(tableName=NestedScopedContentConditions) - end - result=NESTEDSCOPEDCONTENTCONDITIONS
194327 [main] TRACE org.dbunit.operation.AbstractBatchOperation  - execute: processing table='NestedScopedContentConditions'
194327 [main] DEBUG org.dbunit.operation.AbstractBatchOperation  - isEmpty(table=org.dbunit.dataset.DefaultTable[_metaData=tableName=NestedScopedContentConditions, columns=[], keys=[], _rowList.size()=0]) - start
194327 [main] DEBUG org.dbunit.dataset.filter.SequenceTableIterator  - next() - start
194327 [main] DEBUG org.dbunit.dataset.filter.SequenceTableIterator  - getTable() - start
194327 [main] DEBUG org.dbunit.dataset.AbstractDataSet  - getTable(tableName=RequestContext) - start
194327 [main] DEBUG org.dbunit.dataset.AbstractDataSet  - initialize() - start
194327 [main] DEBUG org.dbunit.dataset.AbstractDataSet  - The table name map has already been initialized.
194327 [main] DEBUG org.dbunit.dataset.OrderedTableNameMap  - getTableName(tableName=RequestContext) - start
194327 [main] DEBUG org.dbunit.dataset.OrderedTableNameMap  - getTableName(tableName=RequestContext) - end - result=REQUESTCONTEXT
194327 [main] TRACE org.dbunit.operation.AbstractBatchOperation  - execute: processing table='RequestContext'
194327 [main] DEBUG org.dbunit.operation.AbstractBatchOperation  - isEmpty(table=org.dbunit.dataset.DefaultTable[_metaData=tableName=RequestContext, columns=[], keys=[], _rowList.size()=0]) - start
194327 [main] DEBUG org.dbunit.dataset.filter.SequenceTableIterator  - next() - start
194327 [main] DEBUG org.dbunit.dataset.filter.SequenceTableIterator  - getTable() - start
194327 [main] DEBUG org.dbunit.dataset.AbstractDataSet  - getTable(tableName=Scope) - start
194327 [main] DEBUG org.dbunit.dataset.AbstractDataSet  - initialize() - start
194327 [main] DEBUG org.dbunit.dataset.AbstractDataSet  - The table name map has already been initialized.
194327 [main] DEBUG org.dbunit.dataset.OrderedTableNameMap  - getTableName(tableName=Scope) - start
194327 [main] DEBUG org.dbunit.dataset.OrderedTableNameMap  - getTableName(tableName=Scope) - end - result=SCOPE
194327 [main] TRACE org.dbunit.operation.AbstractBatchOperation  - execute: processing table='Scope'
194327 [main] DEBUG org.dbunit.operation.AbstractBatchOperation  - isEmpty(table=org.dbunit.dataset.DefaultTable[_metaData=tableName=Scope, columns=[], keys=[], _rowList.size()=0]) - start
194327 [main] DEBUG org.dbunit.dataset.filter.SequenceTableIterator  - next() - start
194327 [main] DEBUG org.dbunit.dataset.filter.SequenceTableIterator  - getTable() - start
194327 [main] DEBUG org.dbunit.dataset.AbstractDataSet  - getTable(tableName=ScopedContent) - start
194327 [main] DEBUG org.dbunit.dataset.AbstractDataSet  - initialize() - start
194327 [main] DEBUG org.dbunit.dataset.AbstractDataSet  - The table name map has already been initialized.
194327 [main] DEBUG org.dbunit.dataset.OrderedTableNameMap  - getTableName(tableName=ScopedContent) - start
194328 [main] DEBUG org.dbunit.dataset.OrderedTableNameMap  - getTableName(tableName=ScopedContent) - end - result=SCOPEDCONTENT
194328 [main] TRACE org.dbunit.operation.AbstractBatchOperation  - execute: processing table='ScopedContent'
194328 [main] DEBUG org.dbunit.operation.AbstractBatchOperation  - isEmpty(table=org.dbunit.dataset.DefaultTable[_metaData=tableName=ScopedContent, columns=[], keys=[], _rowList.size()=0]) - start
194328 [main] DEBUG org.dbunit.dataset.filter.SequenceTableIterator  - next() - start
194328 [main] DEBUG org.dbunit.dataset.filter.SequenceTableIterator  - getTable() - start
194328 [main] DEBUG org.dbunit.dataset.AbstractDataSet  - getTable(tableName=ScopedContentConditionAttribute) - start
194328 [main] DEBUG org.dbunit.dataset.AbstractDataSet  - initialize() - start
194328 [main] DEBUG org.dbunit.dataset.AbstractDataSet  - The table name map has already been initialized.
194328 [main] DEBUG org.dbunit.dataset.OrderedTableNameMap  - getTableName(tableName=ScopedContentConditionAttribute) - start
194328 [main] DEBUG org.dbunit.dataset.OrderedTableNameMap  - getTableName(tableName=ScopedContentConditionAttribute) - end - result=SCOPEDCONTENTCONDITIONATTRIBUTE
194328 [main] TRACE org.dbunit.operation.AbstractBatchOperation  - execute: processing table='ScopedContentConditionAttribute'
194328 [main] DEBUG org.dbunit.operation.AbstractBatchOperation  - isEmpty(table=org.dbunit.dataset.DefaultTable[_metaData=tableName=ScopedContentConditionAttribute, columns=[(key, UNKNOWN, nullableUnknown), (checkOrder, UNKNOWN, nullableUnknown), (className, UNKNOWN, nullableUnknown), (valuePath, UNKNOWN, nullableUnknown), (operator, UNKNOWN, nullableUnknown), (expectedValue, UNKNOWN, nullableUnknown), (expectedValueType, UNKNOWN, nullableUnknown), (scopedContentCondition, UNKNOWN, nullableUnknown), (id, UNKNOWN, nullableUnknown), (timeStamp, UNKNOWN, nullableUnknown)], keys=[], _rowList.size()=1]) - start
194328 [main] DEBUG org.dbunit.dataset.DefaultTable  - getValue(row=0, column=key) - start
194328 [main] DEBUG org.dbunit.dataset.AbstractTable  - assertValidRowIndex(row=0) - start
194328 [main] DEBUG org.dbunit.dataset.AbstractTable  - assertValidRowIndex(row=0, rowCount=1) - start
194328 [main] DEBUG org.dbunit.dataset.AbstractTable  - getColumnIndex(columnName=key) - start
194328 [main] DEBUG org.dbunit.dataset.AbstractTableMetaData  - getColumnIndex(columnName=key) - start
194328 [main] DEBUG org.dbunit.operation.AbstractOperation  - getOperationMetaData(connection=_databaseConfig=org.dbunit.database.DatabaseConfig[, _propertyMap={http://www.dbunit.org/properties/statementFactory=org.dbunit.database.statement.PreparedStatementFactory@626bc2b8, http://www.dbunit.org/features/caseSensitiveTableNames=false, http://www.dbunit.org/properties/fetchSize=100, http://www.dbunit.org/features/batchedStatements=false, http://www.dbunit.org/properties/metadataHandler=org.dbunit.database.DefaultMetadataHandler@3eeace42, http://www.dbunit.org/properties/datatypeFactory=org.dbunit.dataset.datatype.DefaultDataTypeFactory[_toleratedDeltaMap=org.dbunit.dataset.datatype.ToleratedDeltaMap@6452310a], http://www.dbunit.org/properties/escapePattern=null, http://www.dbunit.org/properties/batchSize=100, http://www.dbunit.org/features/qualifiedTableNames=false, http://www.dbunit.org/properties/tableType=[Ljava.lang.String;@5011bafa, http://www.dbunit.org/properties/resultSetTableFactory=org.dbunit.database.CachedResultSetTableFactory@10bcf083, http://www.dbunit.org/features/datatypeWarning=true}], _dataSet=AbstractDataSet[_orderedTableNameMap=null], metaData=tableName=ScopedContentConditionAttribute, columns=[(key, UNKNOWN, nullableUnknown), (checkOrder, UNKNOWN, nullableUnknown), (className, UNKNOWN, nullableUnknown), (valuePath, UNKNOWN, nullableUnknown), (operator, UNKNOWN, nullableUnknown), (expectedValue, UNKNOWN, nullableUnknown), (expectedValueType, UNKNOWN, nullableUnknown), (scopedContentCondition, UNKNOWN, nullableUnknown), (id, UNKNOWN, nullableUnknown), (timeStamp, UNKNOWN, nullableUnknown)], keys=[]) - start
194328 [main] DEBUG org.dbunit.database.AbstractDatabaseConnection  - createDataSet() - start
194328 [main] DEBUG org.dbunit.database.DatabaseDataSet  - getTableMetaData(tableName=ScopedContentConditionAttribute) - start
194328 [main] DEBUG org.dbunit.database.DatabaseDataSet  - initialize() - start
194328 [main] DEBUG org.dbunit.dataset.OrderedTableNameMap  - getTableName(tableName=ScopedContentConditionAttribute) - start
194329 [main] DEBUG org.dbunit.dataset.OrderedTableNameMap  - getTableName(tableName=ScopedContentConditionAttribute) - end - result=SCOPEDCONTENTCONDITIONATTRIBUTE
194329 [main] DEBUG org.dbunit.dataset.OrderedTableNameMap  - getTableName(tableName=ScopedContentConditionAttribute) - start
194329 [main] DEBUG org.dbunit.dataset.OrderedTableNameMap  - getTableName(tableName=ScopedContentConditionAttribute) - end - result=SCOPEDCONTENTCONDITIONATTRIBUTE
194329 [main] DEBUG org.dbunit.dataset.AbstractTableMetaData  - getColumnIndex(columnName=key) - start
194329 [main] DEBUG org.dbunit.database.DatabaseTableMetaData  - getColumns() - start
194329 [main] DEBUG org.dbunit.dataset.AbstractTableMetaData  - getColumnIndex(columnName=checkOrder) - start
194329 [main] DEBUG org.dbunit.database.DatabaseTableMetaData  - getColumns() - start
194329 [main] DEBUG org.dbunit.dataset.AbstractTableMetaData  - getColumnIndex(columnName=className) - start
194329 [main] DEBUG org.dbunit.database.DatabaseTableMetaData  - getColumns() - start
194329 [main] DEBUG org.dbunit.dataset.AbstractTableMetaData  - getColumnIndex(columnName=valuePath) - start
194329 [main] DEBUG org.dbunit.database.DatabaseTableMetaData  - getColumns() - start
194329 [main] DEBUG org.dbunit.dataset.AbstractTableMetaData  - getColumnIndex(columnName=operator) - start
194329 [main] DEBUG org.dbunit.database.DatabaseTableMetaData  - getColumns() - start
194329 [main] DEBUG org.dbunit.dataset.AbstractTableMetaData  - getColumnIndex(columnName=expectedValue) - start
194329 [main] DEBUG org.dbunit.database.DatabaseTableMetaData  - getColumns() - start
194329 [main] DEBUG org.dbunit.dataset.AbstractTableMetaData  - getColumnIndex(columnName=expectedValueType) - start
194329 [main] DEBUG org.dbunit.database.DatabaseTableMetaData  - getColumns() - start
194329 [main] DEBUG org.dbunit.dataset.AbstractTableMetaData  - getColumnIndex(columnName=scopedContentCondition) - start
194329 [main] DEBUG org.dbunit.database.DatabaseTableMetaData  - getColumns() - start
194329 [main] DEBUG org.dbunit.dataset.AbstractTableMetaData  - getColumnIndex(columnName=id) - start
194329 [main] DEBUG org.dbunit.database.DatabaseTableMetaData  - getColumns() - start
194329 [main] DEBUG org.dbunit.dataset.AbstractTableMetaData  - getColumnIndex(columnName=timeStamp) - start
194329 [main] DEBUG org.dbunit.database.DatabaseTableMetaData  - getColumns() - start
194329 [main] DEBUG org.dbunit.database.DatabaseTableMetaData  - getPrimaryKeys() - start
194329 [main] TRACE org.dbunit.database.DatabaseConfig  - getProperty(name=http://www.dbunit.org/properties/primaryKeyFilter) - start
194329 [main] DEBUG org.dbunit.operation.InsertOperation  - getIgnoreMapping(table=org.dbunit.dataset.DefaultTable[_metaData=tableName=ScopedContentConditionAttribute, columns=[(key, UNKNOWN, nullableUnknown), (checkOrder, UNKNOWN, nullableUnknown), (className, UNKNOWN, nullableUnknown), (valuePath, UNKNOWN, nullableUnknown), (operator, UNKNOWN, nullableUnknown), (expectedValue, UNKNOWN, nullableUnknown), (expectedValueType, UNKNOWN, nullableUnknown), (scopedContentCondition, UNKNOWN, nullableUnknown), (id, UNKNOWN, nullableUnknown), (timeStamp, UNKNOWN, nullableUnknown)], keys=[], _rowList.size()=1], row=0) - start
194329 [main] DEBUG org.dbunit.dataset.DefaultTable  - getValue(row=0, column=key) - start
194329 [main] DEBUG org.dbunit.dataset.AbstractTable  - assertValidRowIndex(row=0) - start
194329 [main] DEBUG org.dbunit.dataset.AbstractTable  - assertValidRowIndex(row=0, rowCount=1) - start
194330 [main] DEBUG org.dbunit.dataset.AbstractTable  - getColumnIndex(columnName=key) - start
194330 [main] DEBUG org.dbunit.dataset.AbstractTableMetaData  - getColumnIndex(columnName=key) - start
194330 [main] DEBUG org.dbunit.dataset.DefaultTable  - getValue(row=0, column=checkOrder) - start
194330 [main] DEBUG org.dbunit.dataset.AbstractTable  - assertValidRowIndex(row=0) - start
194330 [main] DEBUG org.dbunit.dataset.AbstractTable  - assertValidRowIndex(row=0, rowCount=1) - start
194330 [main] DEBUG org.dbunit.dataset.AbstractTable  - getColumnIndex(columnName=checkOrder) - start
194330 [main] DEBUG org.dbunit.dataset.AbstractTableMetaData  - getColumnIndex(columnName=checkOrder) - start
194330 [main] DEBUG org.dbunit.dataset.DefaultTable  - getValue(row=0, column=className) - start
194330 [main] DEBUG org.dbunit.dataset.AbstractTable  - assertValidRowIndex(row=0) - start
194330 [main] DEBUG org.dbunit.dataset.AbstractTable  - assertValidRowIndex(row=0, rowCount=1) - start
194330 [main] DEBUG org.dbunit.dataset.AbstractTable  - getColumnIndex(columnName=className) - start
194330 [main] DEBUG org.dbunit.dataset.AbstractTableMetaData  - getColumnIndex(columnName=className) - start
194330 [main] DEBUG org.dbunit.dataset.DefaultTable  - getValue(row=0, column=valuePath) - start
194330 [main] DEBUG org.dbunit.dataset.AbstractTable  - assertValidRowIndex(row=0) - start
194330 [main] DEBUG org.dbunit.dataset.AbstractTable  - assertValidRowIndex(row=0, rowCount=1) - start
194330 [main] DEBUG org.dbunit.dataset.AbstractTable  - getColumnIndex(columnName=valuePath) - start
194330 [main] DEBUG org.dbunit.dataset.AbstractTableMetaData  - getColumnIndex(columnName=valuePath) - start
194330 [main] DEBUG org.dbunit.dataset.DefaultTable  - getValue(row=0, column=operator) - start
194330 [main] DEBUG org.dbunit.dataset.AbstractTable  - assertValidRowIndex(row=0) - start
194330 [main] DEBUG org.dbunit.dataset.AbstractTable  - assertValidRowIndex(row=0, rowCount=1) - start
194330 [main] DEBUG org.dbunit.dataset.AbstractTable  - getColumnIndex(columnName=operator) - start
194330 [main] DEBUG org.dbunit.dataset.AbstractTableMetaData  - getColumnIndex(columnName=operator) - start
194330 [main] DEBUG org.dbunit.dataset.DefaultTable  - getValue(row=0, column=expectedValue) - start
194330 [main] DEBUG org.dbunit.dataset.AbstractTable  - assertValidRowIndex(row=0) - start
194330 [main] DEBUG org.dbunit.dataset.AbstractTable  - assertValidRowIndex(row=0, rowCount=1) - start
194330 [main] DEBUG org.dbunit.dataset.AbstractTable  - getColumnIndex(columnName=expectedValue) - start
194330 [main] DEBUG org.dbunit.dataset.AbstractTableMetaData  - getColumnIndex(columnName=expectedValue) - start
194330 [main] DEBUG org.dbunit.dataset.DefaultTable  - getValue(row=0, column=expectedValueType) - start
194330 [main] DEBUG org.dbunit.dataset.AbstractTable  - assertValidRowIndex(row=0) - start
194330 [main] DEBUG org.dbunit.dataset.AbstractTable  - assertValidRowIndex(row=0, rowCount=1) - start
194330 [main] DEBUG org.dbunit.dataset.AbstractTable  - getColumnIndex(columnName=expectedValueType) - start
194331 [main] DEBUG org.dbunit.dataset.AbstractTableMetaData  - getColumnIndex(columnName=expectedValueType) - start
194331 [main] DEBUG org.dbunit.dataset.DefaultTable  - getValue(row=0, column=scopedContentCondition) - start
194331 [main] DEBUG org.dbunit.dataset.AbstractTable  - assertValidRowIndex(row=0) - start
194331 [main] DEBUG org.dbunit.dataset.AbstractTable  - assertValidRowIndex(row=0, rowCount=1) - start
194331 [main] DEBUG org.dbunit.dataset.AbstractTable  - getColumnIndex(columnName=scopedContentCondition) - start
194331 [main] DEBUG org.dbunit.dataset.AbstractTableMetaData  - getColumnIndex(columnName=scopedContentCondition) - start
194331 [main] DEBUG org.dbunit.dataset.DefaultTable  - getValue(row=0, column=id) - start
194331 [main] DEBUG org.dbunit.dataset.AbstractTable  - assertValidRowIndex(row=0) - start
194331 [main] DEBUG org.dbunit.dataset.AbstractTable  - assertValidRowIndex(row=0, rowCount=1) - start
194331 [main] DEBUG org.dbunit.dataset.AbstractTable  - getColumnIndex(columnName=id) - start
194331 [main] DEBUG org.dbunit.dataset.AbstractTableMetaData  - getColumnIndex(columnName=id) - start
194331 [main] DEBUG org.dbunit.dataset.DefaultTable  - getValue(row=0, column=timeStamp) - start
194331 [main] DEBUG org.dbunit.dataset.AbstractTable  - assertValidRowIndex(row=0) - start
194331 [main] DEBUG org.dbunit.dataset.AbstractTable  - assertValidRowIndex(row=0, rowCount=1) - start
194331 [main] DEBUG org.dbunit.dataset.AbstractTable  - getColumnIndex(columnName=timeStamp) - start
194331 [main] DEBUG org.dbunit.dataset.AbstractTableMetaData  - getColumnIndex(columnName=timeStamp) - start
194331 [main] DEBUG org.dbunit.operation.InsertOperation  - getOperationData(metaData=tableName=SCOPEDCONTENTCONDITIONATTRIBUTE, columns=[(KEY, VARCHAR, noNulls), (CHECKORDER, INTEGER, noNulls), (CLASSNAME, VARCHAR, noNulls), (VALUEPATH, VARCHAR, noNulls), (OPERATOR, VARCHAR, noNulls), (EXPECTEDVALUE, VARCHAR, noNulls), (EXPECTEDVALUETYPE, VARCHAR, noNulls), (SCOPEDCONTENTCONDITION, INTEGER, noNulls), (ID, INTEGER, noNulls), (TIMESTAMP, TIMESTAMP, nullable)], keys=[(ID, INTEGER, noNulls)], ignoreMapping={}, connection=_databaseConfig=org.dbunit.database.DatabaseConfig[, _propertyMap={http://www.dbunit.org/properties/statementFactory=org.dbunit.database.statement.PreparedStatementFactory@626bc2b8, http://www.dbunit.org/features/caseSensitiveTableNames=false, http://www.dbunit.org/properties/fetchSize=100, http://www.dbunit.org/features/batchedStatements=false, http://www.dbunit.org/properties/metadataHandler=org.dbunit.database.DefaultMetadataHandler@3eeace42, http://www.dbunit.org/properties/datatypeFactory=org.dbunit.dataset.datatype.DefaultDataTypeFactory[_toleratedDeltaMap=org.dbunit.dataset.datatype.ToleratedDeltaMap@6452310a], http://www.dbunit.org/properties/escapePattern=null, http://www.dbunit.org/properties/batchSize=100, http://www.dbunit.org/features/qualifiedTableNames=false, http://www.dbunit.org/properties/tableType=[Ljava.lang.String;@5011bafa, http://www.dbunit.org/properties/resultSetTableFactory=org.dbunit.database.CachedResultSetTableFactory@10bcf083, http://www.dbunit.org/features/datatypeWarning=true}], _dataSet=AbstractDataSet[_orderedTableNameMap=null]) - start
194331 [main] DEBUG org.dbunit.operation.AbstractOperation  - getQualifiedName(prefix=null, name=SCOPEDCONTENTCONDITIONATTRIBUTE, connection=_databaseConfig=org.dbunit.database.DatabaseConfig[, _propertyMap={http://www.dbunit.org/properties/statementFactory=org.dbunit.database.statement.PreparedStatementFactory@626bc2b8, http://www.dbunit.org/features/caseSensitiveTableNames=false, http://www.dbunit.org/properties/fetchSize=100, http://www.dbunit.org/features/batchedStatements=false, http://www.dbunit.org/properties/metadataHandler=org.dbunit.database.DefaultMetadataHandler@3eeace42, http://www.dbunit.org/properties/datatypeFactory=org.dbunit.dataset.datatype.DefaultDataTypeFactory[_toleratedDeltaMap=org.dbunit.dataset.datatype.ToleratedDeltaMap@6452310a], http://www.dbunit.org/properties/escapePattern=null, http://www.dbunit.org/properties/batchSize=100, http://www.dbunit.org/features/qualifiedTableNames=false, http://www.dbunit.org/properties/tableType=[Ljava.lang.String;@5011bafa, http://www.dbunit.org/properties/resultSetTableFactory=org.dbunit.database.CachedResultSetTableFactory@10bcf083, http://www.dbunit.org/features/datatypeWarning=true}], _dataSet=AbstractDataSet[_orderedTableNameMap=null]) - start
194332 [main] TRACE org.dbunit.database.DatabaseConfig  - getProperty(name=http://www.dbunit.org/properties/escapePattern) - start
194332 [main] DEBUG org.dbunit.util.QualifiedTableName  - getQualifiedName() - start
194332 [main] DEBUG org.dbunit.util.QualifiedTableName  - getQualifiedName(prefix=null, name=SCOPEDCONTENTCONDITIONATTRIBUTE, escapePattern=null) - start
194332 [main] DEBUG org.dbunit.operation.AbstractOperation  - getQualifiedName(prefix=null, name=KEY, connection=_databaseConfig=org.dbunit.database.DatabaseConfig[, _propertyMap={http://www.dbunit.org/properties/statementFactory=org.dbunit.database.statement.PreparedStatementFactory@626bc2b8, http://www.dbunit.org/features/caseSensitiveTableNames=false, http://www.dbunit.org/properties/fetchSize=100, http://www.dbunit.org/features/batchedStatements=false, http://www.dbunit.org/properties/metadataHandler=org.dbunit.database.DefaultMetadataHandler@3eeace42, http://www.dbunit.org/properties/datatypeFactory=org.dbunit.dataset.datatype.DefaultDataTypeFactory[_toleratedDeltaMap=org.dbunit.dataset.datatype.ToleratedDeltaMap@6452310a], http://www.dbunit.org/properties/escapePattern=null, http://www.dbunit.org/properties/batchSize=100, http://www.dbunit.org/features/qualifiedTableNames=false, http://www.dbunit.org/properties/tableType=[Ljava.lang.String;@5011bafa, http://www.dbunit.org/properties/resultSetTableFactory=org.dbunit.database.CachedResultSetTableFactory@10bcf083, http://www.dbunit.org/features/datatypeWarning=true}], _dataSet=AbstractDataSet[_orderedTableNameMap=null]) - start
194332 [main] TRACE org.dbunit.database.DatabaseConfig  - getProperty(name=http://www.dbunit.org/properties/escapePattern) - start
194332 [main] DEBUG org.dbunit.util.QualifiedTableName  - getQualifiedName() - start
194332 [main] DEBUG org.dbunit.util.QualifiedTableName  - getQualifiedName(prefix=null, name=KEY, escapePattern=null) - start
194332 [main] DEBUG org.dbunit.operation.AbstractOperation  - getQualifiedName(prefix=null, name=CHECKORDER, connection=_databaseConfig=org.dbunit.database.DatabaseConfig[, _propertyMap={http://www.dbunit.org/properties/statementFactory=org.dbunit.database.statement.PreparedStatementFactory@626bc2b8, http://www.dbunit.org/features/caseSensitiveTableNames=false, http://www.dbunit.org/properties/fetchSize=100, http://www.dbunit.org/features/batchedStatements=false, http://www.dbunit.org/properties/metadataHandler=org.dbunit.database.DefaultMetadataHandler@3eeace42, http://www.dbunit.org/properties/datatypeFactory=org.dbunit.dataset.datatype.DefaultDataTypeFactory[_toleratedDeltaMap=org.dbunit.dataset.datatype.ToleratedDeltaMap@6452310a], http://www.dbunit.org/properties/escapePattern=null, http://www.dbunit.org/properties/batchSize=100, http://www.dbunit.org/features/qualifiedTableNames=false, http://www.dbunit.org/properties/tableType=[Ljava.lang.String;@5011bafa, http://www.dbunit.org/properties/resultSetTableFactory=org.dbunit.database.CachedResultSetTableFactory@10bcf083, http://www.dbunit.org/features/datatypeWarning=true}], _dataSet=AbstractDataSet[_orderedTableNameMap=null]) - start
194332 [main] TRACE org.dbunit.database.DatabaseConfig  - getProperty(name=http://www.dbunit.org/properties/escapePattern) - start
194332 [main] DEBUG org.dbunit.util.QualifiedTableName  - getQualifiedName() - start
194332 [main] DEBUG org.dbunit.util.QualifiedTableName  - getQualifiedName(prefix=null, name=CHECKORDER, escapePattern=null) - start
194332 [main] DEBUG org.dbunit.operation.AbstractOperation  - getQualifiedName(prefix=null, name=CLASSNAME, connection=_databaseConfig=org.dbunit.database.DatabaseConfig[, _propertyMap={http://www.dbunit.org/properties/statementFactory=org.dbunit.database.statement.PreparedStatementFactory@626bc2b8, http://www.dbunit.org/features/caseSensitiveTableNames=false, http://www.dbunit.org/properties/fetchSize=100, http://www.dbunit.org/features/batchedStatements=false, http://www.dbunit.org/properties/metadataHandler=org.dbunit.database.DefaultMetadataHandler@3eeace42, http://www.dbunit.org/properties/datatypeFactory=org.dbunit.dataset.datatype.DefaultDataTypeFactory[_toleratedDeltaMap=org.dbunit.dataset.datatype.ToleratedDeltaMap@6452310a], http://www.dbunit.org/properties/escapePattern=null, http://www.dbunit.org/properties/batchSize=100, http://www.dbunit.org/features/qualifiedTableNames=false, http://www.dbunit.org/properties/tableType=[Ljava.lang.String;@5011bafa, http://www.dbunit.org/properties/resultSetTableFactory=org.dbunit.database.CachedResultSetTableFactory@10bcf083, http://www.dbunit.org/features/datatypeWarning=true}], _dataSet=AbstractDataSet[_orderedTableNameMap=null]) - start
194332 [main] TRACE org.dbunit.database.DatabaseConfig  - getProperty(name=http://www.dbunit.org/properties/escapePattern) - start
194332 [main] DEBUG org.dbunit.util.QualifiedTableName  - getQualifiedName() - start
194332 [main] DEBUG org.dbunit.util.QualifiedTableName  - getQualifiedName(prefix=null, name=CLASSNAME, escapePattern=null) - start
194332 [main] DEBUG org.dbunit.operation.AbstractOperation  - getQualifiedName(prefix=null, name=VALUEPATH, connection=_databaseConfig=org.dbunit.database.DatabaseConfig[, _propertyMap={http://www.dbunit.org/properties/statementFactory=org.dbunit.database.statement.PreparedStatementFactory@626bc2b8, http://www.dbunit.org/features/caseSensitiveTableNames=false, http://www.dbunit.org/properties/fetchSize=100, http://www.dbunit.org/features/batchedStatements=false, http://www.dbunit.org/properties/metadataHandler=org.dbunit.database.DefaultMetadataHandler@3eeace42, http://www.dbunit.org/properties/datatypeFactory=org.dbunit.dataset.datatype.DefaultDataTypeFactory[_toleratedDeltaMap=org.dbunit.dataset.datatype.ToleratedDeltaMap@6452310a], http://www.dbunit.org/properties/escapePattern=null, http://www.dbunit.org/properties/batchSize=100, http://www.dbunit.org/features/qualifiedTableNames=false, http://www.dbunit.org/properties/tableType=[Ljava.lang.String;@5011bafa, http://www.dbunit.org/properties/resultSetTableFactory=org.dbunit.database.CachedResultSetTableFactory@10bcf083, http://www.dbunit.org/features/datatypeWarning=true}], _dataSet=AbstractDataSet[_orderedTableNameMap=null]) - start
194332 [main] TRACE org.dbunit.database.DatabaseConfig  - getProperty(name=http://www.dbunit.org/properties/escapePattern) - start
194332 [main] DEBUG org.dbunit.util.QualifiedTableName  - getQualifiedName() - start
194332 [main] DEBUG org.dbunit.util.QualifiedTableName  - getQualifiedName(prefix=null, name=VALUEPATH, escapePattern=null) - start
194332 [main] DEBUG org.dbunit.operation.AbstractOperation  - getQualifiedName(prefix=null, name=OPERATOR, connection=_databaseConfig=org.dbunit.database.DatabaseConfig[, _propertyMap={http://www.dbunit.org/properties/statementFactory=org.dbunit.database.statement.PreparedStatementFactory@626bc2b8, http://www.dbunit.org/features/caseSensitiveTableNames=false, http://www.dbunit.org/properties/fetchSize=100, http://www.dbunit.org/features/batchedStatements=false, http://www.dbunit.org/properties/metadataHandler=org.dbunit.database.DefaultMetadataHandler@3eeace42, http://www.dbunit.org/properties/datatypeFactory=org.dbunit.dataset.datatype.DefaultDataTypeFactory[_toleratedDeltaMap=org.dbunit.dataset.datatype.ToleratedDeltaMap@6452310a], http://www.dbunit.org/properties/escapePattern=null, http://www.dbunit.org/properties/batchSize=100, http://www.dbunit.org/features/qualifiedTableNames=false, http://www.dbunit.org/properties/tableType=[Ljava.lang.String;@5011bafa, http://www.dbunit.org/properties/resultSetTableFactory=org.dbunit.database.CachedResultSetTableFactory@10bcf083, http://www.dbunit.org/features/datatypeWarning=true}], _dataSet=AbstractDataSet[_orderedTableNameMap=null]) - start
194333 [main] TRACE org.dbunit.database.DatabaseConfig  - getProperty(name=http://www.dbunit.org/properties/escapePattern) - start
194333 [main] DEBUG org.dbunit.util.QualifiedTableName  - getQualifiedName() - start
194333 [main] DEBUG org.dbunit.util.QualifiedTableName  - getQualifiedName(prefix=null, name=OPERATOR, escapePattern=null) - start
194333 [main] DEBUG org.dbunit.operation.AbstractOperation  - getQualifiedName(prefix=null, name=EXPECTEDVALUE, connection=_databaseConfig=org.dbunit.database.DatabaseConfig[, _propertyMap={http://www.dbunit.org/properties/statementFactory=org.dbunit.database.statement.PreparedStatementFactory@626bc2b8, http://www.dbunit.org/features/caseSensitiveTableNames=false, http://www.dbunit.org/properties/fetchSize=100, http://www.dbunit.org/features/batchedStatements=false, http://www.dbunit.org/properties/metadataHandler=org.dbunit.database.DefaultMetadataHandler@3eeace42, http://www.dbunit.org/properties/datatypeFactory=org.dbunit.dataset.datatype.DefaultDataTypeFactory[_toleratedDeltaMap=org.dbunit.dataset.datatype.ToleratedDeltaMap@6452310a], http://www.dbunit.org/properties/escapePattern=null, http://www.dbunit.org/properties/batchSize=100, http://www.dbunit.org/features/qualifiedTableNames=false, http://www.dbunit.org/properties/tableType=[Ljava.lang.String;@5011bafa, http://www.dbunit.org/properties/resultSetTableFactory=org.dbunit.database.CachedResultSetTableFactory@10bcf083, http://www.dbunit.org/features/datatypeWarning=true}], _dataSet=AbstractDataSet[_orderedTableNameMap=null]) - start
194333 [main] TRACE org.dbunit.database.DatabaseConfig  - getProperty(name=http://www.dbunit.org/properties/escapePattern) - start
194333 [main] DEBUG org.dbunit.util.QualifiedTableName  - getQualifiedName() - start
194333 [main] DEBUG org.dbunit.util.QualifiedTableName  - getQualifiedName(prefix=null, name=EXPECTEDVALUE, escapePattern=null) - start
194333 [main] DEBUG org.dbunit.operation.AbstractOperation  - getQualifiedName(prefix=null, name=EXPECTEDVALUETYPE, connection=_databaseConfig=org.dbunit.database.DatabaseConfig[, _propertyMap={http://www.dbunit.org/properties/statementFactory=org.dbunit.database.statement.PreparedStatementFactory@626bc2b8, http://www.dbunit.org/features/caseSensitiveTableNames=false, http://www.dbunit.org/properties/fetchSize=100, http://www.dbunit.org/features/batchedStatements=false, http://www.dbunit.org/properties/metadataHandler=org.dbunit.database.DefaultMetadataHandler@3eeace42, http://www.dbunit.org/properties/datatypeFactory=org.dbunit.dataset.datatype.DefaultDataTypeFactory[_toleratedDeltaMap=org.dbunit.dataset.datatype.ToleratedDeltaMap@6452310a], http://www.dbunit.org/properties/escapePattern=null, http://www.dbunit.org/properties/batchSize=100, http://www.dbunit.org/features/qualifiedTableNames=false, http://www.dbunit.org/properties/tableType=[Ljava.lang.String;@5011bafa, http://www.dbunit.org/properties/resultSetTableFactory=org.dbunit.database.CachedResultSetTableFactory@10bcf083, http://www.dbunit.org/features/datatypeWarning=true}], _dataSet=AbstractDataSet[_orderedTableNameMap=null]) - start
194333 [main] TRACE org.dbunit.database.DatabaseConfig  - getProperty(name=http://www.dbunit.org/properties/escapePattern) - start
194333 [main] DEBUG org.dbunit.util.QualifiedTableName  - getQualifiedName() - start
194333 [main] DEBUG org.dbunit.util.QualifiedTableName  - getQualifiedName(prefix=null, name=EXPECTEDVALUETYPE, escapePattern=null) - start
194333 [main] DEBUG org.dbunit.operation.AbstractOperation  - getQualifiedName(prefix=null, name=SCOPEDCONTENTCONDITION, connection=_databaseConfig=org.dbunit.database.DatabaseConfig[, _propertyMap={http://www.dbunit.org/properties/statementFactory=org.dbunit.database.statement.PreparedStatementFactory@626bc2b8, http://www.dbunit.org/features/caseSensitiveTableNames=false, http://www.dbunit.org/properties/fetchSize=100, http://www.dbunit.org/features/batchedStatements=false, http://www.dbunit.org/properties/metadataHandler=org.dbunit.database.DefaultMetadataHandler@3eeace42, http://www.dbunit.org/properties/datatypeFactory=org.dbunit.dataset.datatype.DefaultDataTypeFactory[_toleratedDeltaMap=org.dbunit.dataset.datatype.ToleratedDeltaMap@6452310a], http://www.dbunit.org/properties/escapePattern=null, http://www.dbunit.org/properties/batchSize=100, http://www.dbunit.org/features/qualifiedTableNames=false, http://www.dbunit.org/properties/tableType=[Ljava.lang.String;@5011bafa, http://www.dbunit.org/properties/resultSetTableFactory=org.dbunit.database.CachedResultSetTableFactory@10bcf083, http://www.dbunit.org/features/datatypeWarning=true}], _dataSet=AbstractDataSet[_orderedTableNameMap=null]) - start
194333 [main] TRACE org.dbunit.database.DatabaseConfig  - getProperty(name=http://www.dbunit.org/properties/escapePattern) - start
194333 [main] DEBUG org.dbunit.util.QualifiedTableName  - getQualifiedName() - start
194333 [main] DEBUG org.dbunit.util.QualifiedTableName  - getQualifiedName(prefix=null, name=SCOPEDCONTENTCONDITION, escapePattern=null) - start
194333 [main] DEBUG org.dbunit.operation.AbstractOperation  - getQualifiedName(prefix=null, name=ID, connection=_databaseConfig=org.dbunit.database.DatabaseConfig[, _propertyMap={http://www.dbunit.org/properties/statementFactory=org.dbunit.database.statement.PreparedStatementFactory@626bc2b8, http://www.dbunit.org/features/caseSensitiveTableNames=false, http://www.dbunit.org/properties/fetchSize=100, http://www.dbunit.org/features/batchedStatements=false, http://www.dbunit.org/properties/metadataHandler=org.dbunit.database.DefaultMetadataHandler@3eeace42, http://www.dbunit.org/properties/datatypeFactory=org.dbunit.dataset.datatype.DefaultDataTypeFactory[_toleratedDeltaMap=org.dbunit.dataset.datatype.ToleratedDeltaMap@6452310a], http://www.dbunit.org/properties/escapePattern=null, http://www.dbunit.org/properties/batchSize=100, http://www.dbunit.org/features/qualifiedTableNames=false, http://www.dbunit.org/properties/tableType=[Ljava.lang.String;@5011bafa, http://www.dbunit.org/properties/resultSetTableFactory=org.dbunit.database.CachedResultSetTableFactory@10bcf083, http://www.dbunit.org/features/datatypeWarning=true}], _dataSet=AbstractDataSet[_orderedTableNameMap=null]) - start
194333 [main] TRACE org.dbunit.database.DatabaseConfig  - getProperty(name=http://www.dbunit.org/properties/escapePattern) - start
194333 [main] DEBUG org.dbunit.util.QualifiedTableName  - getQualifiedName() - start
194333 [main] DEBUG org.dbunit.util.QualifiedTableName  - getQualifiedName(prefix=null, name=ID, escapePattern=null) - start
194334 [main] DEBUG org.dbunit.operation.AbstractOperation  - getQualifiedName(prefix=null, name=TIMESTAMP, connection=_databaseConfig=org.dbunit.database.DatabaseConfig[, _propertyMap={http://www.dbunit.org/properties/statementFactory=org.dbunit.database.statement.PreparedStatementFactory@626bc2b8, http://www.dbunit.org/features/caseSensitiveTableNames=false, http://www.dbunit.org/properties/fetchSize=100, http://www.dbunit.org/features/batchedStatements=false, http://www.dbunit.org/properties/metadataHandler=org.dbunit.database.DefaultMetadataHandler@3eeace42, http://www.dbunit.org/properties/datatypeFactory=org.dbunit.dataset.datatype.DefaultDataTypeFactory[_toleratedDeltaMap=org.dbunit.dataset.datatype.ToleratedDeltaMap@6452310a], http://www.dbunit.org/properties/escapePattern=null, http://www.dbunit.org/properties/batchSize=100, http://www.dbunit.org/features/qualifiedTableNames=false, http://www.dbunit.org/properties/tableType=[Ljava.lang.String;@5011bafa, http://www.dbunit.org/properties/resultSetTableFactory=org.dbunit.database.CachedResultSetTableFactory@10bcf083, http://www.dbunit.org/features/datatypeWarning=true}], _dataSet=AbstractDataSet[_orderedTableNameMap=null]) - start
194334 [main] TRACE org.dbunit.database.DatabaseConfig  - getProperty(name=http://www.dbunit.org/properties/escapePattern) - start
194334 [main] DEBUG org.dbunit.util.QualifiedTableName  - getQualifiedName() - start
194334 [main] DEBUG org.dbunit.util.QualifiedTableName  - getQualifiedName(prefix=null, name=TIMESTAMP, escapePattern=null) - start
194334 [main] DEBUG org.dbunit.database.statement.PreparedStatementFactory  - createPreparedBatchStatement(sql=insert into SCOPEDCONTENTCONDITIONATTRIBUTE (KEY, CHECKORDER, CLASSNAME, VALUEPATH, OPERATOR, EXPECTEDVALUE, EXPECTEDVALUETYPE, SCOPEDCONTENTCONDITION, ID, TIMESTAMP) values (?, ?, ?, ?, ?, ?, ?, ?, ?, ?), connection=_databaseConfig=org.dbunit.database.DatabaseConfig[, _propertyMap={http://www.dbunit.org/properties/statementFactory=org.dbunit.database.statement.PreparedStatementFactory@626bc2b8, http://www.dbunit.org/features/caseSensitiveTableNames=false, http://www.dbunit.org/properties/fetchSize=100, http://www.dbunit.org/features/batchedStatements=false, http://www.dbunit.org/properties/metadataHandler=org.dbunit.database.DefaultMetadataHandler@3eeace42, http://www.dbunit.org/properties/datatypeFactory=org.dbunit.dataset.datatype.DefaultDataTypeFactory[_toleratedDeltaMap=org.dbunit.dataset.datatype.ToleratedDeltaMap@6452310a], http://www.dbunit.org/properties/escapePattern=null, http://www.dbunit.org/properties/batchSize=100, http://www.dbunit.org/features/qualifiedTableNames=false, http://www.dbunit.org/properties/tableType=[Ljava.lang.String;@5011bafa, http://www.dbunit.org/properties/resultSetTableFactory=org.dbunit.database.CachedResultSetTableFactory@10bcf083, http://www.dbunit.org/features/datatypeWarning=true}], _dataSet=AbstractDataSet[_orderedTableNameMap=null]) - start
194334 [main] TRACE org.dbunit.database.DatabaseConfig  - getProperty(name=http://www.dbunit.org/properties/batchSize) - start
194334 [main] DEBUG org.dbunit.database.statement.AbstractStatementFactory  - supportBatchStatement(connection=_databaseConfig=org.dbunit.database.DatabaseConfig[, _propertyMap={http://www.dbunit.org/properties/statementFactory=org.dbunit.database.statement.PreparedStatementFactory@626bc2b8, http://www.dbunit.org/features/caseSensitiveTableNames=false, http://www.dbunit.org/properties/fetchSize=100, http://www.dbunit.org/features/batchedStatements=false, http://www.dbunit.org/properties/metadataHandler=org.dbunit.database.DefaultMetadataHandler@3eeace42, http://www.dbunit.org/properties/datatypeFactory=org.dbunit.dataset.datatype.DefaultDataTypeFactory[_toleratedDeltaMap=org.dbunit.dataset.datatype.ToleratedDeltaMap@6452310a], http://www.dbunit.org/properties/escapePattern=null, http://www.dbunit.org/properties/batchSize=100, http://www.dbunit.org/features/qualifiedTableNames=false, http://www.dbunit.org/properties/tableType=[Ljava.lang.String;@5011bafa, http://www.dbunit.org/properties/resultSetTableFactory=org.dbunit.database.CachedResultSetTableFactory@10bcf083, http://www.dbunit.org/features/datatypeWarning=true}], _dataSet=AbstractDataSet[_orderedTableNameMap=null]) - start
194352 [main] TRACE org.dbunit.database.DatabaseConfig  - getFeature(name=http://www.dbunit.org/features/batchedStatements) - start
194352 [main] TRACE org.dbunit.database.DatabaseConfig  - getProperty(name=http://www.dbunit.org/features/batchedStatements) - start
194352 [main] DEBUG org.dbunit.database.DatabaseDataSourceConnection  - getConnection() - start
194352 [main] DEBUG org.dbunit.dataset.DefaultTable  - getValue(row=0, column=KEY) - start
194352 [main] DEBUG org.dbunit.dataset.AbstractTable  - assertValidRowIndex(row=0) - start
194352 [main] DEBUG org.dbunit.dataset.AbstractTable  - assertValidRowIndex(row=0, rowCount=1) - start
194353 [main] DEBUG org.dbunit.dataset.AbstractTable  - getColumnIndex(columnName=KEY) - start
194353 [main] DEBUG org.dbunit.dataset.AbstractTableMetaData  - getColumnIndex(columnName=KEY) - start
194353 [main] DEBUG org.dbunit.database.statement.AutomaticPreparedBatchStatement  - addValue(value=5, dataType=VARCHAR) - start
194353 [main] DEBUG org.dbunit.database.statement.SimplePreparedStatement  - addValue(value=5, dataType=VARCHAR) - start
194353 [main] DEBUG org.dbunit.dataset.datatype.StringDataType  - setSqlValue(value=5, column=1, statement=org.hsqldb.jdbc.JDBCPreparedStatement@5ef4d6d5[sql=[insert into SCOPEDCONTENTCONDITIONATTRIBUTE (KEY, CHECKORDER, CLASSNAME, VALUEPATH, OPERATOR, EXPECTEDVALUE, EXPECTEDVALUETYPE, SCOPEDCONTENTCONDITION, ID, TIMESTAMP) values (?, ?, ?, ?, ?, ?, ?, ?, ?, ?)], parameters=[[null], [null], [null], [null], [null], [null], [null], [null], [null], [null]]]) - start
194353 [main] DEBUG org.dbunit.dataset.datatype.DataType  - asString(value=5) - start
194353 [main] DEBUG org.dbunit.dataset.datatype.StringDataType  - typeCast(value=5) - start
194353 [main] DEBUG org.dbunit.dataset.DefaultTable  - getValue(row=0, column=CHECKORDER) - start
194353 [main] DEBUG org.dbunit.dataset.AbstractTable  - assertValidRowIndex(row=0) - start
194353 [main] DEBUG org.dbunit.dataset.AbstractTable  - assertValidRowIndex(row=0, rowCount=1) - start
194353 [main] DEBUG org.dbunit.dataset.AbstractTable  - getColumnIndex(columnName=CHECKORDER) - start
194353 [main] DEBUG org.dbunit.dataset.AbstractTableMetaData  - getColumnIndex(columnName=CHECKORDER) - start
194353 [main] DEBUG org.dbunit.database.statement.AutomaticPreparedBatchStatement  - addValue(value=0, dataType=INTEGER) - start
194353 [main] DEBUG org.dbunit.database.statement.SimplePreparedStatement  - addValue(value=0, dataType=INTEGER) - start
194353 [main] DEBUG org.dbunit.dataset.datatype.IntegerDataType  - setSqlValue(value=0, column=2, statement=org.hsqldb.jdbc.JDBCPreparedStatement@5ef4d6d5[sql=[insert into SCOPEDCONTENTCONDITIONATTRIBUTE (KEY, CHECKORDER, CLASSNAME, VALUEPATH, OPERATOR, EXPECTEDVALUE, EXPECTEDVALUETYPE, SCOPEDCONTENTCONDITION, ID, TIMESTAMP) values (?, ?, ?, ?, ?, ?, ?, ?, ?, ?)], parameters=[[5], [null], [null], [null], [null], [null], [null], [null], [null], [null]]]) - start
194353 [main] DEBUG org.dbunit.dataset.datatype.IntegerDataType  - typeCast(value=0) - start
194353 [main] DEBUG org.dbunit.dataset.DefaultTable  - getValue(row=0, column=CLASSNAME) - start
194353 [main] DEBUG org.dbunit.dataset.AbstractTable  - assertValidRowIndex(row=0) - start
194353 [main] DEBUG org.dbunit.dataset.AbstractTable  - assertValidRowIndex(row=0, rowCount=1) - start
194353 [main] DEBUG org.dbunit.dataset.AbstractTable  - getColumnIndex(columnName=CLASSNAME) - start
194353 [main] DEBUG org.dbunit.dataset.AbstractTableMetaData  - getColumnIndex(columnName=CLASSNAME) - start
194353 [main] DEBUG org.dbunit.database.statement.AutomaticPreparedBatchStatement  - addValue(value=6, dataType=VARCHAR) - start
194353 [main] DEBUG org.dbunit.database.statement.SimplePreparedStatement  - addValue(value=6, dataType=VARCHAR) - start
194353 [main] DEBUG org.dbunit.dataset.datatype.StringDataType  - setSqlValue(value=6, column=3, statement=org.hsqldb.jdbc.JDBCPreparedStatement@5ef4d6d5[sql=[insert into SCOPEDCONTENTCONDITIONATTRIBUTE (KEY, CHECKORDER, CLASSNAME, VALUEPATH, OPERATOR, EXPECTEDVALUE, EXPECTEDVALUETYPE, SCOPEDCONTENTCONDITION, ID, TIMESTAMP) values (?, ?, ?, ?, ?, ?, ?, ?, ?, ?)], parameters=[[5], [0], [null], [null], [null], [null], [null], [null], [null], [null]]]) - start
194353 [main] DEBUG org.dbunit.dataset.datatype.DataType  - asString(value=6) - start
194353 [main] DEBUG org.dbunit.dataset.datatype.StringDataType  - typeCast(value=6) - start
194353 [main] DEBUG org.dbunit.dataset.DefaultTable  - getValue(row=0, column=VALUEPATH) - start
194354 [main] DEBUG org.dbunit.dataset.AbstractTable  - assertValidRowIndex(row=0) - start
194354 [main] DEBUG org.dbunit.dataset.AbstractTable  - assertValidRowIndex(row=0, rowCount=1) - start
194354 [main] DEBUG org.dbunit.dataset.AbstractTable  - getColumnIndex(columnName=VALUEPATH) - start
194354 [main] DEBUG org.dbunit.dataset.AbstractTableMetaData  - getColumnIndex(columnName=VALUEPATH) - start
194354 [main] DEBUG org.dbunit.database.statement.AutomaticPreparedBatchStatement  - addValue(value=7, dataType=VARCHAR) - start
194354 [main] DEBUG org.dbunit.database.statement.SimplePreparedStatement  - addValue(value=7, dataType=VARCHAR) - start
194354 [main] DEBUG org.dbunit.dataset.datatype.StringDataType  - setSqlValue(value=7, column=4, statement=org.hsqldb.jdbc.JDBCPreparedStatement@5ef4d6d5[sql=[insert into SCOPEDCONTENTCONDITIONATTRIBUTE (KEY, CHECKORDER, CLASSNAME, VALUEPATH, OPERATOR, EXPECTEDVALUE, EXPECTEDVALUETYPE, SCOPEDCONTENTCONDITION, ID, TIMESTAMP) values (?, ?, ?, ?, ?, ?, ?, ?, ?, ?)], parameters=[[5], [0], [6], [null], [null], [null], [null], [null], [null], [null]]]) - start
194354 [main] DEBUG org.dbunit.dataset.datatype.DataType  - asString(value=7) - start
194354 [main] DEBUG org.dbunit.dataset.datatype.StringDataType  - typeCast(value=7) - start
194354 [main] DEBUG org.dbunit.dataset.DefaultTable  - getValue(row=0, column=OPERATOR) - start
194354 [main] DEBUG org.dbunit.dataset.AbstractTable  - assertValidRowIndex(row=0) - start
194354 [main] DEBUG org.dbunit.dataset.AbstractTable  - assertValidRowIndex(row=0, rowCount=1) - start
194354 [main] DEBUG org.dbunit.dataset.AbstractTable  - getColumnIndex(columnName=OPERATOR) - start
194354 [main] DEBUG org.dbunit.dataset.AbstractTableMetaData  - getColumnIndex(columnName=OPERATOR) - start
194354 [main] DEBUG org.dbunit.database.statement.AutomaticPreparedBatchStatement  - addValue(value=IsEqual, dataType=VARCHAR) - start
194354 [main] DEBUG org.dbunit.database.statement.SimplePreparedStatement  - addValue(value=IsEqual, dataType=VARCHAR) - start
194354 [main] DEBUG org.dbunit.dataset.datatype.StringDataType  - setSqlValue(value=IsEqual, column=5, statement=org.hsqldb.jdbc.JDBCPreparedStatement@5ef4d6d5[sql=[insert into SCOPEDCONTENTCONDITIONATTRIBUTE (KEY, CHECKORDER, CLASSNAME, VALUEPATH, OPERATOR, EXPECTEDVALUE, EXPECTEDVALUETYPE, SCOPEDCONTENTCONDITION, ID, TIMESTAMP) values (?, ?, ?, ?, ?, ?, ?, ?, ?, ?)], parameters=[[5], [0], [6], [7], [null], [null], [null], [null], [null], [null]]]) - start
194354 [main] DEBUG org.dbunit.dataset.datatype.DataType  - asString(value=IsEqual) - start
194354 [main] DEBUG org.dbunit.dataset.datatype.StringDataType  - typeCast(value=IsEqual) - start
194354 [main] WARN  org.dbunit.dataset.datatype.StringDataType  - Unknown/unsupported object type 'com.tmt.kontroll.content.persistence.selections.ReferenceOperator' - will invoke toString() as last fallback which might produce undesired results
194354 [main] DEBUG org.dbunit.dataset.DefaultTable  - getValue(row=0, column=EXPECTEDVALUE) - start
194354 [main] DEBUG org.dbunit.dataset.AbstractTable  - assertValidRowIndex(row=0) - start
194354 [main] DEBUG org.dbunit.dataset.AbstractTable  - assertValidRowIndex(row=0, rowCount=1) - start
194354 [main] DEBUG org.dbunit.dataset.AbstractTable  - getColumnIndex(columnName=EXPECTEDVALUE) - start
194354 [main] DEBUG org.dbunit.dataset.AbstractTableMetaData  - getColumnIndex(columnName=EXPECTEDVALUE) - start
194354 [main] DEBUG org.dbunit.database.statement.AutomaticPreparedBatchStatement  - addValue(value=8, dataType=VARCHAR) - start
194354 [main] DEBUG org.dbunit.database.statement.SimplePreparedStatement  - addValue(value=8, dataType=VARCHAR) - start
194355 [main] DEBUG org.dbunit.dataset.datatype.StringDataType  - setSqlValue(value=8, column=6, statement=org.hsqldb.jdbc.JDBCPreparedStatement@5ef4d6d5[sql=[insert into SCOPEDCONTENTCONDITIONATTRIBUTE (KEY, CHECKORDER, CLASSNAME, VALUEPATH, OPERATOR, EXPECTEDVALUE, EXPECTEDVALUETYPE, SCOPEDCONTENTCONDITION, ID, TIMESTAMP) values (?, ?, ?, ?, ?, ?, ?, ?, ?, ?)], parameters=[[5], [0], [6], [7], [IsEqual], [null], [null], [null], [null], [null]]]) - start
194355 [main] DEBUG org.dbunit.dataset.datatype.DataType  - asString(value=8) - start
194355 [main] DEBUG org.dbunit.dataset.datatype.StringDataType  - typeCast(value=8) - start
194355 [main] DEBUG org.dbunit.dataset.DefaultTable  - getValue(row=0, column=EXPECTEDVALUETYPE) - start
194355 [main] DEBUG org.dbunit.dataset.AbstractTable  - assertValidRowIndex(row=0) - start
194355 [main] DEBUG org.dbunit.dataset.AbstractTable  - assertValidRowIndex(row=0, rowCount=1) - start
194355 [main] DEBUG org.dbunit.dataset.AbstractTable  - getColumnIndex(columnName=EXPECTEDVALUETYPE) - start
194355 [main] DEBUG org.dbunit.dataset.AbstractTableMetaData  - getColumnIndex(columnName=EXPECTEDVALUETYPE) - start
194355 [main] DEBUG org.dbunit.database.statement.AutomaticPreparedBatchStatement  - addValue(value=9, dataType=VARCHAR) - start
194355 [main] DEBUG org.dbunit.database.statement.SimplePreparedStatement  - addValue(value=9, dataType=VARCHAR) - start
194355 [main] DEBUG org.dbunit.dataset.datatype.StringDataType  - setSqlValue(value=9, column=7, statement=org.hsqldb.jdbc.JDBCPreparedStatement@5ef4d6d5[sql=[insert into SCOPEDCONTENTCONDITIONATTRIBUTE (KEY, CHECKORDER, CLASSNAME, VALUEPATH, OPERATOR, EXPECTEDVALUE, EXPECTEDVALUETYPE, SCOPEDCONTENTCONDITION, ID, TIMESTAMP) values (?, ?, ?, ?, ?, ?, ?, ?, ?, ?)], parameters=[[5], [0], [6], [7], [IsEqual], [8], [null], [null], [null], [null]]]) - start
194355 [main] DEBUG org.dbunit.dataset.datatype.DataType  - asString(value=9) - start
194355 [main] DEBUG org.dbunit.dataset.datatype.StringDataType  - typeCast(value=9) - start
194355 [main] DEBUG org.dbunit.dataset.DefaultTable  - getValue(row=0, column=SCOPEDCONTENTCONDITION) - start
194355 [main] DEBUG org.dbunit.dataset.AbstractTable  - assertValidRowIndex(row=0) - start
194355 [main] DEBUG org.dbunit.dataset.AbstractTable  - assertValidRowIndex(row=0, rowCount=1) - start
194355 [main] DEBUG org.dbunit.dataset.AbstractTable  - getColumnIndex(columnName=SCOPEDCONTENTCONDITION) - start
194355 [main] DEBUG org.dbunit.dataset.AbstractTableMetaData  - getColumnIndex(columnName=SCOPEDCONTENTCONDITION) - start
194355 [main] DEBUG org.dbunit.database.statement.AutomaticPreparedBatchStatement  - addValue(value=1, dataType=INTEGER) - start
194355 [main] DEBUG org.dbunit.database.statement.SimplePreparedStatement  - addValue(value=1, dataType=INTEGER) - start
194355 [main] DEBUG org.dbunit.dataset.datatype.IntegerDataType  - setSqlValue(value=1, column=8, statement=org.hsqldb.jdbc.JDBCPreparedStatement@5ef4d6d5[sql=[insert into SCOPEDCONTENTCONDITIONATTRIBUTE (KEY, CHECKORDER, CLASSNAME, VALUEPATH, OPERATOR, EXPECTEDVALUE, EXPECTEDVALUETYPE, SCOPEDCONTENTCONDITION, ID, TIMESTAMP) values (?, ?, ?, ?, ?, ?, ?, ?, ?, ?)], parameters=[[5], [0], [6], [7], [IsEqual], [8], [9], [null], [null], [null]]]) - start
194355 [main] DEBUG org.dbunit.dataset.datatype.IntegerDataType  - typeCast(value=1) - start
194355 [main] DEBUG org.dbunit.dataset.DefaultTable  - getValue(row=0, column=ID) - start
194355 [main] DEBUG org.dbunit.dataset.AbstractTable  - assertValidRowIndex(row=0) - start
194355 [main] DEBUG org.dbunit.dataset.AbstractTable  - assertValidRowIndex(row=0, rowCount=1) - start
194355 [main] DEBUG org.dbunit.dataset.AbstractTable  - getColumnIndex(columnName=ID) - start
194355 [main] DEBUG org.dbunit.dataset.AbstractTableMetaData  - getColumnIndex(columnName=ID) - start
194356 [main] DEBUG org.dbunit.database.statement.AutomaticPreparedBatchStatement  - addValue(value=1, dataType=INTEGER) - start
194356 [main] DEBUG org.dbunit.database.statement.SimplePreparedStatement  - addValue(value=1, dataType=INTEGER) - start
194356 [main] DEBUG org.dbunit.dataset.datatype.IntegerDataType  - setSqlValue(value=1, column=9, statement=org.hsqldb.jdbc.JDBCPreparedStatement@5ef4d6d5[sql=[insert into SCOPEDCONTENTCONDITIONATTRIBUTE (KEY, CHECKORDER, CLASSNAME, VALUEPATH, OPERATOR, EXPECTEDVALUE, EXPECTEDVALUETYPE, SCOPEDCONTENTCONDITION, ID, TIMESTAMP) values (?, ?, ?, ?, ?, ?, ?, ?, ?, ?)], parameters=[[5], [0], [6], [7], [IsEqual], [8], [9], [1], [null], [null]]]) - start
194356 [main] DEBUG org.dbunit.dataset.datatype.IntegerDataType  - typeCast(value=1) - start
194356 [main] DEBUG org.dbunit.dataset.DefaultTable  - getValue(row=0, column=TIMESTAMP) - start
194356 [main] DEBUG org.dbunit.dataset.AbstractTable  - assertValidRowIndex(row=0) - start
194356 [main] DEBUG org.dbunit.dataset.AbstractTable  - assertValidRowIndex(row=0, rowCount=1) - start
194356 [main] DEBUG org.dbunit.dataset.AbstractTable  - getColumnIndex(columnName=TIMESTAMP) - start
194356 [main] DEBUG org.dbunit.dataset.AbstractTableMetaData  - getColumnIndex(columnName=TIMESTAMP) - start
194356 [main] DEBUG org.dbunit.database.statement.AutomaticPreparedBatchStatement  - addValue(value=2014-02-26 12:44:14.649, dataType=TIMESTAMP) - start
194356 [main] DEBUG org.dbunit.database.statement.SimplePreparedStatement  - addValue(value=2014-02-26 12:44:14.649, dataType=TIMESTAMP) - start
194356 [main] DEBUG org.dbunit.dataset.datatype.TimestampDataType  - setSqlValue(value=2014-02-26 12:44:14.649, column=10, statement=org.hsqldb.jdbc.JDBCPreparedStatement@5ef4d6d5[sql=[insert into SCOPEDCONTENTCONDITIONATTRIBUTE (KEY, CHECKORDER, CLASSNAME, VALUEPATH, OPERATOR, EXPECTEDVALUE, EXPECTEDVALUETYPE, SCOPEDCONTENTCONDITION, ID, TIMESTAMP) values (?, ?, ?, ?, ?, ?, ?, ?, ?, ?)], parameters=[[5], [0], [6], [7], [IsEqual], [8], [9], [1], [1], [null]]]) - start
194356 [main] DEBUG org.dbunit.dataset.datatype.TimestampDataType  - typeCast(value=2014-02-26 12:44:14.649) - start
194356 [main] DEBUG org.dbunit.database.statement.AutomaticPreparedBatchStatement  - addBatch() - start
194356 [main] DEBUG org.dbunit.database.statement.SimplePreparedStatement  - addBatch() - start
194356 [main] DEBUG org.dbunit.operation.InsertOperation  - equalsIgnoreMapping(ignoreMapping={}, table=org.dbunit.dataset.DefaultTable[_metaData=tableName=ScopedContentConditionAttribute, columns=[(key, UNKNOWN, nullableUnknown), (checkOrder, UNKNOWN, nullableUnknown), (className, UNKNOWN, nullableUnknown), (valuePath, UNKNOWN, nullableUnknown), (operator, UNKNOWN, nullableUnknown), (expectedValue, UNKNOWN, nullableUnknown), (expectedValueType, UNKNOWN, nullableUnknown), (scopedContentCondition, UNKNOWN, nullableUnknown), (id, UNKNOWN, nullableUnknown), (timeStamp, UNKNOWN, nullableUnknown)], keys=[], _rowList.size()=1], row=1) - start
194357 [main] DEBUG org.dbunit.dataset.DefaultTable  - getValue(row=1, column=key) - start
194357 [main] DEBUG org.dbunit.dataset.AbstractTable  - assertValidRowIndex(row=1) - start
194357 [main] DEBUG org.dbunit.dataset.AbstractTable  - assertValidRowIndex(row=1, rowCount=1) - start
194357 [main] DEBUG org.dbunit.database.statement.AutomaticPreparedBatchStatement  - executeBatch() - start
194357 [main] DEBUG org.dbunit.database.statement.SimplePreparedStatement  - executeBatch() - start
194357 [main] DEBUG org.dbunit.database.statement.SimplePreparedStatement  - clearBatch() - start
194357 [main] DEBUG org.dbunit.database.statement.AutomaticPreparedBatchStatement  - clearBatch() - start
194357 [main] DEBUG org.dbunit.database.statement.SimplePreparedStatement  - clearBatch() - start
194357 [main] DEBUG org.dbunit.database.statement.AutomaticPreparedBatchStatement  - close() - start
194357 [main] DEBUG org.dbunit.database.statement.AbstractPreparedBatchStatement  - close() - start
194357 [main] DEBUG org.dbunit.dataset.filter.SequenceTableIterator  - next() - start
194357 [main] DEBUG org.dbunit.dataset.filter.SequenceTableIterator  - getTable() - start
194357 [main] DEBUG org.dbunit.dataset.AbstractDataSet  - getTable(tableName=ScopedContentConditions_ScopedContent) - start
194357 [main] DEBUG org.dbunit.dataset.AbstractDataSet  - initialize() - start
194357 [main] DEBUG org.dbunit.dataset.AbstractDataSet  - The table name map has already been initialized.
194357 [main] DEBUG org.dbunit.dataset.OrderedTableNameMap  - getTableName(tableName=ScopedContentConditions_ScopedContent) - start
194357 [main] DEBUG org.dbunit.dataset.OrderedTableNameMap  - getTableName(tableName=ScopedContentConditions_ScopedContent) - end - result=SCOPEDCONTENTCONDITIONS_SCOPEDCONTENT
194357 [main] TRACE org.dbunit.operation.AbstractBatchOperation  - execute: processing table='ScopedContentConditions_ScopedContent'
194357 [main] DEBUG org.dbunit.operation.AbstractBatchOperation  - isEmpty(table=org.dbunit.dataset.DefaultTable[_metaData=tableName=ScopedContentConditions_ScopedContent, columns=[], keys=[], _rowList.size()=0]) - start
194357 [main] DEBUG org.dbunit.dataset.filter.SequenceTableIterator  - next() - start
194357 [main] DEBUG org.dbunit.dataset.filter.SequenceTableIterator  - getTable() - start
194357 [main] DEBUG org.dbunit.dataset.AbstractDataSet  - getTable(tableName=ScopedContentItem) - start
194357 [main] DEBUG org.dbunit.dataset.AbstractDataSet  - initialize() - start
194357 [main] DEBUG org.dbunit.dataset.AbstractDataSet  - The table name map has already been initialized.
194357 [main] DEBUG org.dbunit.dataset.OrderedTableNameMap  - getTableName(tableName=ScopedContentItem) - start
194357 [main] DEBUG org.dbunit.dataset.OrderedTableNameMap  - getTableName(tableName=ScopedContentItem) - end - result=SCOPEDCONTENTITEM
194357 [main] TRACE org.dbunit.operation.AbstractBatchOperation  - execute: processing table='ScopedContentItem'
194357 [main] DEBUG org.dbunit.operation.AbstractBatchOperation  - isEmpty(table=org.dbunit.dataset.DefaultTable[_metaData=tableName=ScopedContentItem, columns=[(tagName, UNKNOWN, nullableUnknown), (cssClass, UNKNOWN, nullableUnknown), (content, UNKNOWN, nullableUnknown), (type, UNKNOWN, nullableUnknown), (id, UNKNOWN, nullableUnknown), (timeStamp, UNKNOWN, nullableUnknown)], keys=[], _rowList.size()=1]) - start
194358 [main] DEBUG org.dbunit.dataset.DefaultTable  - getValue(row=0, column=tagName) - start
194358 [main] DEBUG org.dbunit.dataset.AbstractTable  - assertValidRowIndex(row=0) - start
194358 [main] DEBUG org.dbunit.dataset.AbstractTable  - assertValidRowIndex(row=0, rowCount=1) - start
194358 [main] DEBUG org.dbunit.dataset.AbstractTable  - getColumnIndex(columnName=tagName) - start
194358 [main] DEBUG org.dbunit.dataset.AbstractTableMetaData  - getColumnIndex(columnName=tagName) - start
194358 [main] DEBUG org.dbunit.operation.AbstractOperation  - getOperationMetaData(connection=_databaseConfig=org.dbunit.database.DatabaseConfig[, _propertyMap={http://www.dbunit.org/properties/statementFactory=org.dbunit.database.statement.PreparedStatementFactory@626bc2b8, http://www.dbunit.org/features/caseSensitiveTableNames=false, http://www.dbunit.org/properties/fetchSize=100, http://www.dbunit.org/features/batchedStatements=false, http://www.dbunit.org/properties/metadataHandler=org.dbunit.database.DefaultMetadataHandler@3eeace42, http://www.dbunit.org/properties/datatypeFactory=org.dbunit.dataset.datatype.DefaultDataTypeFactory[_toleratedDeltaMap=org.dbunit.dataset.datatype.ToleratedDeltaMap@6452310a], http://www.dbunit.org/properties/escapePattern=null, http://www.dbunit.org/properties/batchSize=100, http://www.dbunit.org/features/qualifiedTableNames=false, http://www.dbunit.org/properties/tableType=[Ljava.lang.String;@5011bafa, http://www.dbunit.org/properties/resultSetTableFactory=org.dbunit.database.CachedResultSetTableFactory@10bcf083, http://www.dbunit.org/features/datatypeWarning=true}], _dataSet=AbstractDataSet[_orderedTableNameMap=null], metaData=tableName=ScopedContentItem, columns=[(tagName, UNKNOWN, nullableUnknown), (cssClass, UNKNOWN, nullableUnknown), (content, UNKNOWN, nullableUnknown), (type, UNKNOWN, nullableUnknown), (id, UNKNOWN, nullableUnknown), (timeStamp, UNKNOWN, nullableUnknown)], keys=[]) - start
194358 [main] DEBUG org.dbunit.database.AbstractDatabaseConnection  - createDataSet() - start
194358 [main] DEBUG org.dbunit.database.DatabaseDataSet  - getTableMetaData(tableName=ScopedContentItem) - start
194358 [main] DEBUG org.dbunit.database.DatabaseDataSet  - initialize() - start
194358 [main] DEBUG org.dbunit.dataset.OrderedTableNameMap  - getTableName(tableName=ScopedContentItem) - start
194358 [main] DEBUG org.dbunit.dataset.OrderedTableNameMap  - getTableName(tableName=ScopedContentItem) - end - result=SCOPEDCONTENTITEM
194358 [main] DEBUG org.dbunit.dataset.OrderedTableNameMap  - getTableName(tableName=ScopedContentItem) - start
194358 [main] DEBUG org.dbunit.dataset.OrderedTableNameMap  - getTableName(tableName=ScopedContentItem) - end - result=SCOPEDCONTENTITEM
194358 [main] DEBUG org.dbunit.dataset.AbstractTableMetaData  - getColumnIndex(columnName=tagName) - start
194358 [main] DEBUG org.dbunit.database.DatabaseTableMetaData  - getColumns() - start
194358 [main] DEBUG org.dbunit.dataset.AbstractTableMetaData  - getColumnIndex(columnName=cssClass) - start
194358 [main] DEBUG org.dbunit.database.DatabaseTableMetaData  - getColumns() - start
194358 [main] DEBUG org.dbunit.dataset.AbstractTableMetaData  - getColumnIndex(columnName=content) - start
194358 [main] DEBUG org.dbunit.database.DatabaseTableMetaData  - getColumns() - start
194358 [main] DEBUG org.dbunit.dataset.AbstractTableMetaData  - getColumnIndex(columnName=type) - start
194358 [main] DEBUG org.dbunit.database.DatabaseTableMetaData  - getColumns() - start
194358 [main] DEBUG org.dbunit.dataset.AbstractTableMetaData  - getColumnIndex(columnName=id) - start
194358 [main] DEBUG org.dbunit.database.DatabaseTableMetaData  - getColumns() - start
194358 [main] DEBUG org.dbunit.dataset.AbstractTableMetaData  - getColumnIndex(columnName=timeStamp) - start
194358 [main] DEBUG org.dbunit.database.DatabaseTableMetaData  - getColumns() - start
194358 [main] DEBUG org.dbunit.database.DatabaseTableMetaData  - getPrimaryKeys() - start
194358 [main] TRACE org.dbunit.database.DatabaseConfig  - getProperty(name=http://www.dbunit.org/properties/primaryKeyFilter) - start
194359 [main] DEBUG org.dbunit.operation.InsertOperation  - getIgnoreMapping(table=org.dbunit.dataset.DefaultTable[_metaData=tableName=ScopedContentItem, columns=[(tagName, UNKNOWN, nullableUnknown), (cssClass, UNKNOWN, nullableUnknown), (content, UNKNOWN, nullableUnknown), (type, UNKNOWN, nullableUnknown), (id, UNKNOWN, nullableUnknown), (timeStamp, UNKNOWN, nullableUnknown)], keys=[], _rowList.size()=1], row=0) - start
194359 [main] DEBUG org.dbunit.dataset.DefaultTable  - getValue(row=0, column=tagName) - start
194359 [main] DEBUG org.dbunit.dataset.AbstractTable  - assertValidRowIndex(row=0) - start
194359 [main] DEBUG org.dbunit.dataset.AbstractTable  - assertValidRowIndex(row=0, rowCount=1) - start
194359 [main] DEBUG org.dbunit.dataset.AbstractTable  - getColumnIndex(columnName=tagName) - start
194359 [main] DEBUG org.dbunit.dataset.AbstractTableMetaData  - getColumnIndex(columnName=tagName) - start
194359 [main] DEBUG org.dbunit.dataset.DefaultTable  - getValue(row=0, column=cssClass) - start
194359 [main] DEBUG org.dbunit.dataset.AbstractTable  - assertValidRowIndex(row=0) - start
194359 [main] DEBUG org.dbunit.dataset.AbstractTable  - assertValidRowIndex(row=0, rowCount=1) - start
194359 [main] DEBUG org.dbunit.dataset.AbstractTable  - getColumnIndex(columnName=cssClass) - start
194359 [main] DEBUG org.dbunit.dataset.AbstractTableMetaData  - getColumnIndex(columnName=cssClass) - start
194359 [main] DEBUG org.dbunit.dataset.DefaultTable  - getValue(row=0, column=content) - start
194359 [main] DEBUG org.dbunit.dataset.AbstractTable  - assertValidRowIndex(row=0) - start
194359 [main] DEBUG org.dbunit.dataset.AbstractTable  - assertValidRowIndex(row=0, rowCount=1) - start
194359 [main] DEBUG org.dbunit.dataset.AbstractTable  - getColumnIndex(columnName=content) - start
194359 [main] DEBUG org.dbunit.dataset.AbstractTableMetaData  - getColumnIndex(columnName=content) - start
194359 [main] DEBUG org.dbunit.dataset.DefaultTable  - getValue(row=0, column=type) - start
194359 [main] DEBUG org.dbunit.dataset.AbstractTable  - assertValidRowIndex(row=0) - start
194359 [main] DEBUG org.dbunit.dataset.AbstractTable  - assertValidRowIndex(row=0, rowCount=1) - start
194359 [main] DEBUG org.dbunit.dataset.AbstractTable  - getColumnIndex(columnName=type) - start
194359 [main] DEBUG org.dbunit.dataset.AbstractTableMetaData  - getColumnIndex(columnName=type) - start
194359 [main] DEBUG org.dbunit.dataset.DefaultTable  - getValue(row=0, column=id) - start
194359 [main] DEBUG org.dbunit.dataset.AbstractTable  - assertValidRowIndex(row=0) - start
194359 [main] DEBUG org.dbunit.dataset.AbstractTable  - assertValidRowIndex(row=0, rowCount=1) - start
194359 [main] DEBUG org.dbunit.dataset.AbstractTable  - getColumnIndex(columnName=id) - start
194359 [main] DEBUG org.dbunit.dataset.AbstractTableMetaData  - getColumnIndex(columnName=id) - start
194359 [main] DEBUG org.dbunit.dataset.DefaultTable  - getValue(row=0, column=timeStamp) - start
194359 [main] DEBUG org.dbunit.dataset.AbstractTable  - assertValidRowIndex(row=0) - start
194359 [main] DEBUG org.dbunit.dataset.AbstractTable  - assertValidRowIndex(row=0, rowCount=1) - start
194360 [main] DEBUG org.dbunit.dataset.AbstractTable  - getColumnIndex(columnName=timeStamp) - start
194360 [main] DEBUG org.dbunit.dataset.AbstractTableMetaData  - getColumnIndex(columnName=timeStamp) - start
194360 [main] DEBUG org.dbunit.operation.InsertOperation  - getOperationData(metaData=tableName=SCOPEDCONTENTITEM, columns=[(TAGNAME, VARCHAR, nullable), (CSSCLASS, VARCHAR, nullable), (CONTENT, VARCHAR, noNulls), (TYPE, VARCHAR, nullable), (ID, INTEGER, noNulls), (TIMESTAMP, TIMESTAMP, nullable)], keys=[(ID, INTEGER, noNulls)], ignoreMapping={}, connection=_databaseConfig=org.dbunit.database.DatabaseConfig[, _propertyMap={http://www.dbunit.org/properties/statementFactory=org.dbunit.database.statement.PreparedStatementFactory@626bc2b8, http://www.dbunit.org/features/caseSensitiveTableNames=false, http://www.dbunit.org/properties/fetchSize=100, http://www.dbunit.org/features/batchedStatements=false, http://www.dbunit.org/properties/metadataHandler=org.dbunit.database.DefaultMetadataHandler@3eeace42, http://www.dbunit.org/properties/datatypeFactory=org.dbunit.dataset.datatype.DefaultDataTypeFactory[_toleratedDeltaMap=org.dbunit.dataset.datatype.ToleratedDeltaMap@6452310a], http://www.dbunit.org/properties/escapePattern=null, http://www.dbunit.org/properties/batchSize=100, http://www.dbunit.org/features/qualifiedTableNames=false, http://www.dbunit.org/properties/tableType=[Ljava.lang.String;@5011bafa, http://www.dbunit.org/properties/resultSetTableFactory=org.dbunit.database.CachedResultSetTableFactory@10bcf083, http://www.dbunit.org/features/datatypeWarning=true}], _dataSet=AbstractDataSet[_orderedTableNameMap=null]) - start
194360 [main] DEBUG org.dbunit.operation.AbstractOperation  - getQualifiedName(prefix=null, name=SCOPEDCONTENTITEM, connection=_databaseConfig=org.dbunit.database.DatabaseConfig[, _propertyMap={http://www.dbunit.org/properties/statementFactory=org.dbunit.database.statement.PreparedStatementFactory@626bc2b8, http://www.dbunit.org/features/caseSensitiveTableNames=false, http://www.dbunit.org/properties/fetchSize=100, http://www.dbunit.org/features/batchedStatements=false, http://www.dbunit.org/properties/metadataHandler=org.dbunit.database.DefaultMetadataHandler@3eeace42, http://www.dbunit.org/properties/datatypeFactory=org.dbunit.dataset.datatype.DefaultDataTypeFactory[_toleratedDeltaMap=org.dbunit.dataset.datatype.ToleratedDeltaMap@6452310a], http://www.dbunit.org/properties/escapePattern=null, http://www.dbunit.org/properties/batchSize=100, http://www.dbunit.org/features/qualifiedTableNames=false, http://www.dbunit.org/properties/tableType=[Ljava.lang.String;@5011bafa, http://www.dbunit.org/properties/resultSetTableFactory=org.dbunit.database.CachedResultSetTableFactory@10bcf083, http://www.dbunit.org/features/datatypeWarning=true}], _dataSet=AbstractDataSet[_orderedTableNameMap=null]) - start
194360 [main] TRACE org.dbunit.database.DatabaseConfig  - getProperty(name=http://www.dbunit.org/properties/escapePattern) - start
194360 [main] DEBUG org.dbunit.util.QualifiedTableName  - getQualifiedName() - start
194360 [main] DEBUG org.dbunit.util.QualifiedTableName  - getQualifiedName(prefix=null, name=SCOPEDCONTENTITEM, escapePattern=null) - start
194360 [main] DEBUG org.dbunit.operation.AbstractOperation  - getQualifiedName(prefix=null, name=TAGNAME, connection=_databaseConfig=org.dbunit.database.DatabaseConfig[, _propertyMap={http://www.dbunit.org/properties/statementFactory=org.dbunit.database.statement.PreparedStatementFactory@626bc2b8, http://www.dbunit.org/features/caseSensitiveTableNames=false, http://www.dbunit.org/properties/fetchSize=100, http://www.dbunit.org/features/batchedStatements=false, http://www.dbunit.org/properties/metadataHandler=org.dbunit.database.DefaultMetadataHandler@3eeace42, http://www.dbunit.org/properties/datatypeFactory=org.dbunit.dataset.datatype.DefaultDataTypeFactory[_toleratedDeltaMap=org.dbunit.dataset.datatype.ToleratedDeltaMap@6452310a], http://www.dbunit.org/properties/escapePattern=null, http://www.dbunit.org/properties/batchSize=100, http://www.dbunit.org/features/qualifiedTableNames=false, http://www.dbunit.org/properties/tableType=[Ljava.lang.String;@5011bafa, http://www.dbunit.org/properties/resultSetTableFactory=org.dbunit.database.CachedResultSetTableFactory@10bcf083, http://www.dbunit.org/features/datatypeWarning=true}], _dataSet=AbstractDataSet[_orderedTableNameMap=null]) - start
194360 [main] TRACE org.dbunit.database.DatabaseConfig  - getProperty(name=http://www.dbunit.org/properties/escapePattern) - start
194360 [main] DEBUG org.dbunit.util.QualifiedTableName  - getQualifiedName() - start
194360 [main] DEBUG org.dbunit.util.QualifiedTableName  - getQualifiedName(prefix=null, name=TAGNAME, escapePattern=null) - start
194360 [main] DEBUG org.dbunit.operation.AbstractOperation  - getQualifiedName(prefix=null, name=CSSCLASS, connection=_databaseConfig=org.dbunit.database.DatabaseConfig[, _propertyMap={http://www.dbunit.org/properties/statementFactory=org.dbunit.database.statement.PreparedStatementFactory@626bc2b8, http://www.dbunit.org/features/caseSensitiveTableNames=false, http://www.dbunit.org/properties/fetchSize=100, http://www.dbunit.org/features/batchedStatements=false, http://www.dbunit.org/properties/metadataHandler=org.dbunit.database.DefaultMetadataHandler@3eeace42, http://www.dbunit.org/properties/datatypeFactory=org.dbunit.dataset.datatype.DefaultDataTypeFactory[_toleratedDeltaMap=org.dbunit.dataset.datatype.ToleratedDeltaMap@6452310a], http://www.dbunit.org/properties/escapePattern=null, http://www.dbunit.org/properties/batchSize=100, http://www.dbunit.org/features/qualifiedTableNames=false, http://www.dbunit.org/properties/tableType=[Ljava.lang.String;@5011bafa, http://www.dbunit.org/properties/resultSetTableFactory=org.dbunit.database.CachedResultSetTableFactory@10bcf083, http://www.dbunit.org/features/datatypeWarning=true}], _dataSet=AbstractDataSet[_orderedTableNameMap=null]) - start
194360 [main] TRACE org.dbunit.database.DatabaseConfig  - getProperty(name=http://www.dbunit.org/properties/escapePattern) - start
194360 [main] DEBUG org.dbunit.util.QualifiedTableName  - getQualifiedName() - start
194360 [main] DEBUG org.dbunit.util.QualifiedTableName  - getQualifiedName(prefix=null, name=CSSCLASS, escapePattern=null) - start
194360 [main] DEBUG org.dbunit.operation.AbstractOperation  - getQualifiedName(prefix=null, name=CONTENT, connection=_databaseConfig=org.dbunit.database.DatabaseConfig[, _propertyMap={http://www.dbunit.org/properties/statementFactory=org.dbunit.database.statement.PreparedStatementFactory@626bc2b8, http://www.dbunit.org/features/caseSensitiveTableNames=false, http://www.dbunit.org/properties/fetchSize=100, http://www.dbunit.org/features/batchedStatements=false, http://www.dbunit.org/properties/metadataHandler=org.dbunit.database.DefaultMetadataHandler@3eeace42, http://www.dbunit.org/properties/datatypeFactory=org.dbunit.dataset.datatype.DefaultDataTypeFactory[_toleratedDeltaMap=org.dbunit.dataset.datatype.ToleratedDeltaMap@6452310a], http://www.dbunit.org/properties/escapePattern=null, http://www.dbunit.org/properties/batchSize=100, http://www.dbunit.org/features/qualifiedTableNames=false, http://www.dbunit.org/properties/tableType=[Ljava.lang.String;@5011bafa, http://www.dbunit.org/properties/resultSetTableFactory=org.dbunit.database.CachedResultSetTableFactory@10bcf083, http://www.dbunit.org/features/datatypeWarning=true}], _dataSet=AbstractDataSet[_orderedTableNameMap=null]) - start
194360 [main] TRACE org.dbunit.database.DatabaseConfig  - getProperty(name=http://www.dbunit.org/properties/escapePattern) - start
194360 [main] DEBUG org.dbunit.util.QualifiedTableName  - getQualifiedName() - start
194361 [main] DEBUG org.dbunit.util.QualifiedTableName  - getQualifiedName(prefix=null, name=CONTENT, escapePattern=null) - start
194361 [main] DEBUG org.dbunit.operation.AbstractOperation  - getQualifiedName(prefix=null, name=TYPE, connection=_databaseConfig=org.dbunit.database.DatabaseConfig[, _propertyMap={http://www.dbunit.org/properties/statementFactory=org.dbunit.database.statement.PreparedStatementFactory@626bc2b8, http://www.dbunit.org/features/caseSensitiveTableNames=false, http://www.dbunit.org/properties/fetchSize=100, http://www.dbunit.org/features/batchedStatements=false, http://www.dbunit.org/properties/metadataHandler=org.dbunit.database.DefaultMetadataHandler@3eeace42, http://www.dbunit.org/properties/datatypeFactory=org.dbunit.dataset.datatype.DefaultDataTypeFactory[_toleratedDeltaMap=org.dbunit.dataset.datatype.ToleratedDeltaMap@6452310a], http://www.dbunit.org/properties/escapePattern=null, http://www.dbunit.org/properties/batchSize=100, http://www.dbunit.org/features/qualifiedTableNames=false, http://www.dbunit.org/properties/tableType=[Ljava.lang.String;@5011bafa, http://www.dbunit.org/properties/resultSetTableFactory=org.dbunit.database.CachedResultSetTableFactory@10bcf083, http://www.dbunit.org/features/datatypeWarning=true}], _dataSet=AbstractDataSet[_orderedTableNameMap=null]) - start
194361 [main] TRACE org.dbunit.database.DatabaseConfig  - getProperty(name=http://www.dbunit.org/properties/escapePattern) - start
194361 [main] DEBUG org.dbunit.util.QualifiedTableName  - getQualifiedName() - start
194361 [main] DEBUG org.dbunit.util.QualifiedTableName  - getQualifiedName(prefix=null, name=TYPE, escapePattern=null) - start
194361 [main] DEBUG org.dbunit.operation.AbstractOperation  - getQualifiedName(prefix=null, name=ID, connection=_databaseConfig=org.dbunit.database.DatabaseConfig[, _propertyMap={http://www.dbunit.org/properties/statementFactory=org.dbunit.database.statement.PreparedStatementFactory@626bc2b8, http://www.dbunit.org/features/caseSensitiveTableNames=false, http://www.dbunit.org/properties/fetchSize=100, http://www.dbunit.org/features/batchedStatements=false, http://www.dbunit.org/properties/metadataHandler=org.dbunit.database.DefaultMetadataHandler@3eeace42, http://www.dbunit.org/properties/datatypeFactory=org.dbunit.dataset.datatype.DefaultDataTypeFactory[_toleratedDeltaMap=org.dbunit.dataset.datatype.ToleratedDeltaMap@6452310a], http://www.dbunit.org/properties/escapePattern=null, http://www.dbunit.org/properties/batchSize=100, http://www.dbunit.org/features/qualifiedTableNames=false, http://www.dbunit.org/properties/tableType=[Ljava.lang.String;@5011bafa, http://www.dbunit.org/properties/resultSetTableFactory=org.dbunit.database.CachedResultSetTableFactory@10bcf083, http://www.dbunit.org/features/datatypeWarning=true}], _dataSet=AbstractDataSet[_orderedTableNameMap=null]) - start
194361 [main] TRACE org.dbunit.database.DatabaseConfig  - getProperty(name=http://www.dbunit.org/properties/escapePattern) - start
194361 [main] DEBUG org.dbunit.util.QualifiedTableName  - getQualifiedName() - start
194361 [main] DEBUG org.dbunit.util.QualifiedTableName  - getQualifiedName(prefix=null, name=ID, escapePattern=null) - start
194361 [main] DEBUG org.dbunit.operation.AbstractOperation  - getQualifiedName(prefix=null, name=TIMESTAMP, connection=_databaseConfig=org.dbunit.database.DatabaseConfig[, _propertyMap={http://www.dbunit.org/properties/statementFactory=org.dbunit.database.statement.PreparedStatementFactory@626bc2b8, http://www.dbunit.org/features/caseSensitiveTableNames=false, http://www.dbunit.org/properties/fetchSize=100, http://www.dbunit.org/features/batchedStatements=false, http://www.dbunit.org/properties/metadataHandler=org.dbunit.database.DefaultMetadataHandler@3eeace42, http://www.dbunit.org/properties/datatypeFactory=org.dbunit.dataset.datatype.DefaultDataTypeFactory[_toleratedDeltaMap=org.dbunit.dataset.datatype.ToleratedDeltaMap@6452310a], http://www.dbunit.org/properties/escapePattern=null, http://www.dbunit.org/properties/batchSize=100, http://www.dbunit.org/features/qualifiedTableNames=false, http://www.dbunit.org/properties/tableType=[Ljava.lang.String;@5011bafa, http://www.dbunit.org/properties/resultSetTableFactory=org.dbunit.database.CachedResultSetTableFactory@10bcf083, http://www.dbunit.org/features/datatypeWarning=true}], _dataSet=AbstractDataSet[_orderedTableNameMap=null]) - start
194361 [main] TRACE org.dbunit.database.DatabaseConfig  - getProperty(name=http://www.dbunit.org/properties/escapePattern) - start
194361 [main] DEBUG org.dbunit.util.QualifiedTableName  - getQualifiedName() - start
194361 [main] DEBUG org.dbunit.util.QualifiedTableName  - getQualifiedName(prefix=null, name=TIMESTAMP, escapePattern=null) - start
194361 [main] DEBUG org.dbunit.database.statement.PreparedStatementFactory  - createPreparedBatchStatement(sql=insert into SCOPEDCONTENTITEM (TAGNAME, CSSCLASS, CONTENT, TYPE, ID, TIMESTAMP) values (?, ?, ?, ?, ?, ?), connection=_databaseConfig=org.dbunit.database.DatabaseConfig[, _propertyMap={http://www.dbunit.org/properties/statementFactory=org.dbunit.database.statement.PreparedStatementFactory@626bc2b8, http://www.dbunit.org/features/caseSensitiveTableNames=false, http://www.dbunit.org/properties/fetchSize=100, http://www.dbunit.org/features/batchedStatements=false, http://www.dbunit.org/properties/metadataHandler=org.dbunit.database.DefaultMetadataHandler@3eeace42, http://www.dbunit.org/properties/datatypeFactory=org.dbunit.dataset.datatype.DefaultDataTypeFactory[_toleratedDeltaMap=org.dbunit.dataset.datatype.ToleratedDeltaMap@6452310a], http://www.dbunit.org/properties/escapePattern=null, http://www.dbunit.org/properties/batchSize=100, http://www.dbunit.org/features/qualifiedTableNames=false, http://www.dbunit.org/properties/tableType=[Ljava.lang.String;@5011bafa, http://www.dbunit.org/properties/resultSetTableFactory=org.dbunit.database.CachedResultSetTableFactory@10bcf083, http://www.dbunit.org/features/datatypeWarning=true}], _dataSet=AbstractDataSet[_orderedTableNameMap=null]) - start
194361 [main] TRACE org.dbunit.database.DatabaseConfig  - getProperty(name=http://www.dbunit.org/properties/batchSize) - start
194361 [main] DEBUG org.dbunit.database.statement.AbstractStatementFactory  - supportBatchStatement(connection=_databaseConfig=org.dbunit.database.DatabaseConfig[, _propertyMap={http://www.dbunit.org/properties/statementFactory=org.dbunit.database.statement.PreparedStatementFactory@626bc2b8, http://www.dbunit.org/features/caseSensitiveTableNames=false, http://www.dbunit.org/properties/fetchSize=100, http://www.dbunit.org/features/batchedStatements=false, http://www.dbunit.org/properties/metadataHandler=org.dbunit.database.DefaultMetadataHandler@3eeace42, http://www.dbunit.org/properties/datatypeFactory=org.dbunit.dataset.datatype.DefaultDataTypeFactory[_toleratedDeltaMap=org.dbunit.dataset.datatype.ToleratedDeltaMap@6452310a], http://www.dbunit.org/properties/escapePattern=null, http://www.dbunit.org/properties/batchSize=100, http://www.dbunit.org/features/qualifiedTableNames=false, http://www.dbunit.org/properties/tableType=[Ljava.lang.String;@5011bafa, http://www.dbunit.org/properties/resultSetTableFactory=org.dbunit.database.CachedResultSetTableFactory@10bcf083, http://www.dbunit.org/features/datatypeWarning=true}], _dataSet=AbstractDataSet[_orderedTableNameMap=null]) - start
194361 [main] TRACE org.dbunit.database.DatabaseConfig  - getFeature(name=http://www.dbunit.org/features/batchedStatements) - start
194361 [main] TRACE org.dbunit.database.DatabaseConfig  - getProperty(name=http://www.dbunit.org/features/batchedStatements) - start
194361 [main] DEBUG org.dbunit.database.DatabaseDataSourceConnection  - getConnection() - start
194362 [main] DEBUG org.dbunit.dataset.DefaultTable  - getValue(row=0, column=TAGNAME) - start
194362 [main] DEBUG org.dbunit.dataset.AbstractTable  - assertValidRowIndex(row=0) - start
194362 [main] DEBUG org.dbunit.dataset.AbstractTable  - assertValidRowIndex(row=0, rowCount=1) - start
194362 [main] DEBUG org.dbunit.dataset.AbstractTable  - getColumnIndex(columnName=TAGNAME) - start
194362 [main] DEBUG org.dbunit.dataset.AbstractTableMetaData  - getColumnIndex(columnName=TAGNAME) - start
194362 [main] DEBUG org.dbunit.database.statement.AutomaticPreparedBatchStatement  - addValue(value=0, dataType=VARCHAR) - start
194362 [main] DEBUG org.dbunit.database.statement.SimplePreparedStatement  - addValue(value=0, dataType=VARCHAR) - start
194362 [main] DEBUG org.dbunit.dataset.datatype.StringDataType  - setSqlValue(value=0, column=1, statement=org.hsqldb.jdbc.JDBCPreparedStatement@1c446aa7[sql=[insert into SCOPEDCONTENTITEM (TAGNAME, CSSCLASS, CONTENT, TYPE, ID, TIMESTAMP) values (?, ?, ?, ?, ?, ?)], parameters=[[null], [null], [null], [null], [null], [null]]]) - start
194362 [main] DEBUG org.dbunit.dataset.datatype.DataType  - asString(value=0) - start
194362 [main] DEBUG org.dbunit.dataset.datatype.StringDataType  - typeCast(value=0) - start
194362 [main] DEBUG org.dbunit.dataset.DefaultTable  - getValue(row=0, column=CSSCLASS) - start
194362 [main] DEBUG org.dbunit.dataset.AbstractTable  - assertValidRowIndex(row=0) - start
194362 [main] DEBUG org.dbunit.dataset.AbstractTable  - assertValidRowIndex(row=0, rowCount=1) - start
194362 [main] DEBUG org.dbunit.dataset.AbstractTable  - getColumnIndex(columnName=CSSCLASS) - start
194362 [main] DEBUG org.dbunit.dataset.AbstractTableMetaData  - getColumnIndex(columnName=CSSCLASS) - start
194362 [main] DEBUG org.dbunit.database.statement.AutomaticPreparedBatchStatement  - addValue(value=1, dataType=VARCHAR) - start
194362 [main] DEBUG org.dbunit.database.statement.SimplePreparedStatement  - addValue(value=1, dataType=VARCHAR) - start
194362 [main] DEBUG org.dbunit.dataset.datatype.StringDataType  - setSqlValue(value=1, column=2, statement=org.hsqldb.jdbc.JDBCPreparedStatement@1c446aa7[sql=[insert into SCOPEDCONTENTITEM (TAGNAME, CSSCLASS, CONTENT, TYPE, ID, TIMESTAMP) values (?, ?, ?, ?, ?, ?)], parameters=[[0], [null], [null], [null], [null], [null]]]) - start
194362 [main] DEBUG org.dbunit.dataset.datatype.DataType  - asString(value=1) - start
194362 [main] DEBUG org.dbunit.dataset.datatype.StringDataType  - typeCast(value=1) - start
194362 [main] DEBUG org.dbunit.dataset.DefaultTable  - getValue(row=0, column=CONTENT) - start
194363 [main] DEBUG org.dbunit.dataset.AbstractTable  - assertValidRowIndex(row=0) - start
194363 [main] DEBUG org.dbunit.dataset.AbstractTable  - assertValidRowIndex(row=0, rowCount=1) - start
194363 [main] DEBUG org.dbunit.dataset.AbstractTable  - getColumnIndex(columnName=CONTENT) - start
194363 [main] DEBUG org.dbunit.dataset.AbstractTableMetaData  - getColumnIndex(columnName=CONTENT) - start
194363 [main] DEBUG org.dbunit.database.statement.AutomaticPreparedBatchStatement  - addValue(value=2, dataType=VARCHAR) - start
194363 [main] DEBUG org.dbunit.database.statement.SimplePreparedStatement  - addValue(value=2, dataType=VARCHAR) - start
194363 [main] DEBUG org.dbunit.dataset.datatype.StringDataType  - setSqlValue(value=2, column=3, statement=org.hsqldb.jdbc.JDBCPreparedStatement@1c446aa7[sql=[insert into SCOPEDCONTENTITEM (TAGNAME, CSSCLASS, CONTENT, TYPE, ID, TIMESTAMP) values (?, ?, ?, ?, ?, ?)], parameters=[[0], [1], [null], [null], [null], [null]]]) - start
194363 [main] DEBUG org.dbunit.dataset.datatype.DataType  - asString(value=2) - start
194363 [main] DEBUG org.dbunit.dataset.datatype.StringDataType  - typeCast(value=2) - start
194363 [main] DEBUG org.dbunit.dataset.DefaultTable  - getValue(row=0, column=TYPE) - start
194363 [main] DEBUG org.dbunit.dataset.AbstractTable  - assertValidRowIndex(row=0) - start
194363 [main] DEBUG org.dbunit.dataset.AbstractTable  - assertValidRowIndex(row=0, rowCount=1) - start
194363 [main] DEBUG org.dbunit.dataset.AbstractTable  - getColumnIndex(columnName=TYPE) - start
194363 [main] DEBUG org.dbunit.dataset.AbstractTableMetaData  - getColumnIndex(columnName=TYPE) - start
194363 [main] DEBUG org.dbunit.database.statement.AutomaticPreparedBatchStatement  - addValue(value=Audio, dataType=VARCHAR) - start
194363 [main] DEBUG org.dbunit.database.statement.SimplePreparedStatement  - addValue(value=Audio, dataType=VARCHAR) - start
194363 [main] DEBUG org.dbunit.dataset.datatype.StringDataType  - setSqlValue(value=Audio, column=4, statement=org.hsqldb.jdbc.JDBCPreparedStatement@1c446aa7[sql=[insert into SCOPEDCONTENTITEM (TAGNAME, CSSCLASS, CONTENT, TYPE, ID, TIMESTAMP) values (?, ?, ?, ?, ?, ?)], parameters=[[0], [1], [2], [null], [null], [null]]]) - start
194363 [main] DEBUG org.dbunit.dataset.datatype.DataType  - asString(value=Audio) - start
194363 [main] DEBUG org.dbunit.dataset.datatype.StringDataType  - typeCast(value=Audio) - start
194363 [main] WARN  org.dbunit.dataset.datatype.StringDataType  - Unknown/unsupported object type 'com.tmt.kontroll.content.persistence.selections.ContentType' - will invoke toString() as last fallback which might produce undesired results
194363 [main] DEBUG org.dbunit.dataset.DefaultTable  - getValue(row=0, column=ID) - start
194363 [main] DEBUG org.dbunit.dataset.AbstractTable  - assertValidRowIndex(row=0) - start
194363 [main] DEBUG org.dbunit.dataset.AbstractTable  - assertValidRowIndex(row=0, rowCount=1) - start
194363 [main] DEBUG org.dbunit.dataset.AbstractTable  - getColumnIndex(columnName=ID) - start
194363 [main] DEBUG org.dbunit.dataset.AbstractTableMetaData  - getColumnIndex(columnName=ID) - start
194363 [main] DEBUG org.dbunit.database.statement.AutomaticPreparedBatchStatement  - addValue(value=1, dataType=INTEGER) - start
194363 [main] DEBUG org.dbunit.database.statement.SimplePreparedStatement  - addValue(value=1, dataType=INTEGER) - start
194363 [main] DEBUG org.dbunit.dataset.datatype.IntegerDataType  - setSqlValue(value=1, column=5, statement=org.hsqldb.jdbc.JDBCPreparedStatement@1c446aa7[sql=[insert into SCOPEDCONTENTITEM (TAGNAME, CSSCLASS, CONTENT, TYPE, ID, TIMESTAMP) values (?, ?, ?, ?, ?, ?)], parameters=[[0], [1], [2], [Audio], [null], [null]]]) - start
194364 [main] DEBUG org.dbunit.dataset.datatype.IntegerDataType  - typeCast(value=1) - start
194364 [main] DEBUG org.dbunit.dataset.DefaultTable  - getValue(row=0, column=TIMESTAMP) - start
194364 [main] DEBUG org.dbunit.dataset.AbstractTable  - assertValidRowIndex(row=0) - start
194364 [main] DEBUG org.dbunit.dataset.AbstractTable  - assertValidRowIndex(row=0, rowCount=1) - start
194364 [main] DEBUG org.dbunit.dataset.AbstractTable  - getColumnIndex(columnName=TIMESTAMP) - start
194364 [main] DEBUG org.dbunit.dataset.AbstractTableMetaData  - getColumnIndex(columnName=TIMESTAMP) - start
194364 [main] DEBUG org.dbunit.database.statement.AutomaticPreparedBatchStatement  - addValue(value=2014-02-26 12:44:14.647, dataType=TIMESTAMP) - start
194364 [main] DEBUG org.dbunit.database.statement.SimplePreparedStatement  - addValue(value=2014-02-26 12:44:14.647, dataType=TIMESTAMP) - start
194364 [main] DEBUG org.dbunit.dataset.datatype.TimestampDataType  - setSqlValue(value=2014-02-26 12:44:14.647, column=6, statement=org.hsqldb.jdbc.JDBCPreparedStatement@1c446aa7[sql=[insert into SCOPEDCONTENTITEM (TAGNAME, CSSCLASS, CONTENT, TYPE, ID, TIMESTAMP) values (?, ?, ?, ?, ?, ?)], parameters=[[0], [1], [2], [Audio], [1], [null]]]) - start
194364 [main] DEBUG org.dbunit.dataset.datatype.TimestampDataType  - typeCast(value=2014-02-26 12:44:14.647) - start
194364 [main] DEBUG org.dbunit.database.statement.AutomaticPreparedBatchStatement  - addBatch() - start
194364 [main] DEBUG org.dbunit.database.statement.SimplePreparedStatement  - addBatch() - start
194364 [main] DEBUG org.dbunit.operation.InsertOperation  - equalsIgnoreMapping(ignoreMapping={}, table=org.dbunit.dataset.DefaultTable[_metaData=tableName=ScopedContentItem, columns=[(tagName, UNKNOWN, nullableUnknown), (cssClass, UNKNOWN, nullableUnknown), (content, UNKNOWN, nullableUnknown), (type, UNKNOWN, nullableUnknown), (id, UNKNOWN, nullableUnknown), (timeStamp, UNKNOWN, nullableUnknown)], keys=[], _rowList.size()=1], row=1) - start
194364 [main] DEBUG org.dbunit.dataset.DefaultTable  - getValue(row=1, column=tagName) - start
194364 [main] DEBUG org.dbunit.dataset.AbstractTable  - assertValidRowIndex(row=1) - start
194364 [main] DEBUG org.dbunit.dataset.AbstractTable  - assertValidRowIndex(row=1, rowCount=1) - start
194364 [main] DEBUG org.dbunit.database.statement.AutomaticPreparedBatchStatement  - executeBatch() - start
194364 [main] DEBUG org.dbunit.database.statement.SimplePreparedStatement  - executeBatch() - start
194364 [main] DEBUG org.dbunit.database.statement.SimplePreparedStatement  - clearBatch() - start
194365 [main] DEBUG org.dbunit.database.statement.AutomaticPreparedBatchStatement  - clearBatch() - start
194365 [main] DEBUG org.dbunit.database.statement.SimplePreparedStatement  - clearBatch() - start
194365 [main] DEBUG org.dbunit.database.statement.AutomaticPreparedBatchStatement  - close() - start
194365 [main] DEBUG org.dbunit.database.statement.AbstractPreparedBatchStatement  - close() - start
194365 [main] DEBUG org.dbunit.dataset.filter.SequenceTableIterator  - next() - start
194365 [main] DEBUG org.dbunit.dataset.filter.SequenceTableIterator  - getTable() - start
194365 [main] DEBUG org.dbunit.dataset.AbstractDataSet  - getTable(tableName=ScopedContentConditions_ScopedContentItem) - start
194365 [main] DEBUG org.dbunit.dataset.AbstractDataSet  - initialize() - start
194365 [main] DEBUG org.dbunit.dataset.AbstractDataSet  - The table name map has already been initialized.
194365 [main] DEBUG org.dbunit.dataset.OrderedTableNameMap  - getTableName(tableName=ScopedContentConditions_ScopedContentItem) - start
194365 [main] DEBUG org.dbunit.dataset.OrderedTableNameMap  - getTableName(tableName=ScopedContentConditions_ScopedContentItem) - end - result=SCOPEDCONTENTCONDITIONS_SCOPEDCONTENTITEM
194365 [main] TRACE org.dbunit.operation.AbstractBatchOperation  - execute: processing table='ScopedContentConditions_ScopedContentItem'
194365 [main] DEBUG org.dbunit.operation.AbstractBatchOperation  - isEmpty(table=org.dbunit.dataset.DefaultTable[_metaData=tableName=ScopedContentConditions_ScopedContentItem, columns=[], keys=[], _rowList.size()=0]) - start
194365 [main] DEBUG org.dbunit.dataset.filter.SequenceTableIterator  - next() - start
194365 [main] DEBUG org.dbunit.dataset.filter.SequenceTableIterator  - getTable() - start
194365 [main] DEBUG org.dbunit.dataset.AbstractDataSet  - getTable(tableName=ScopedContent_ScopedContentItem) - start
194365 [main] DEBUG org.dbunit.dataset.AbstractDataSet  - initialize() - start
194365 [main] DEBUG org.dbunit.dataset.AbstractDataSet  - The table name map has already been initialized.
194365 [main] DEBUG org.dbunit.dataset.OrderedTableNameMap  - getTableName(tableName=ScopedContent_ScopedContentItem) - start
194365 [main] DEBUG org.dbunit.dataset.OrderedTableNameMap  - getTableName(tableName=ScopedContent_ScopedContentItem) - end - result=SCOPEDCONTENT_SCOPEDCONTENTITEM
194365 [main] TRACE org.dbunit.operation.AbstractBatchOperation  - execute: processing table='ScopedContent_ScopedContentItem'
194365 [main] DEBUG org.dbunit.operation.AbstractBatchOperation  - isEmpty(table=org.dbunit.dataset.DefaultTable[_metaData=tableName=ScopedContent_ScopedContentItem, columns=[], keys=[], _rowList.size()=0]) - start
194365 [main] DEBUG org.dbunit.dataset.filter.SequenceTableIterator  - next() - start
194365 [main] DEBUG org.dbunit.dataset.filter.SequenceTableIterator  - getTable() - start
194365 [main] DEBUG org.dbunit.dataset.AbstractDataSet  - getTable(tableName=Scope_RequestContext) - start
194365 [main] DEBUG org.dbunit.dataset.AbstractDataSet  - initialize() - start
194365 [main] DEBUG org.dbunit.dataset.AbstractDataSet  - The table name map has already been initialized.
194365 [main] DEBUG org.dbunit.dataset.OrderedTableNameMap  - getTableName(tableName=Scope_RequestContext) - start
194365 [main] DEBUG org.dbunit.dataset.OrderedTableNameMap  - getTableName(tableName=Scope_RequestContext) - end - result=SCOPE_REQUESTCONTEXT
194365 [main] TRACE org.dbunit.operation.AbstractBatchOperation  - execute: processing table='Scope_RequestContext'
194365 [main] DEBUG org.dbunit.operation.AbstractBatchOperation  - isEmpty(table=org.dbunit.dataset.DefaultTable[_metaData=tableName=Scope_RequestContext, columns=[], keys=[], _rowList.size()=0]) - start
194366 [main] DEBUG org.dbunit.dataset.filter.SequenceTableIterator  - next() - start
194366 [main] DEBUG org.dbunit.dataset.filter.SequenceTableIterator  - getTable() - start
194366 [main] DEBUG org.dbunit.dataset.AbstractDataSet  - getTable(tableName=User) - start
194366 [main] DEBUG org.dbunit.dataset.AbstractDataSet  - initialize() - start
194366 [main] DEBUG org.dbunit.dataset.AbstractDataSet  - The table name map has already been initialized.
194366 [main] DEBUG org.dbunit.dataset.OrderedTableNameMap  - getTableName(tableName=User) - start
194366 [main] DEBUG org.dbunit.dataset.OrderedTableNameMap  - getTableName(tableName=User) - end - result=USER
194366 [main] TRACE org.dbunit.operation.AbstractBatchOperation  - execute: processing table='User'
194366 [main] DEBUG org.dbunit.operation.AbstractBatchOperation  - isEmpty(table=org.dbunit.dataset.DefaultTable[_metaData=tableName=User, columns=[], keys=[], _rowList.size()=0]) - start
194366 [main] DEBUG org.dbunit.dataset.filter.SequenceTableIterator  - next() - start
194366 [main] DEBUG org.dbunit.dataset.filter.SequenceTableIterator  - getTable() - start
194366 [main] DEBUG org.dbunit.dataset.AbstractDataSet  - getTable(tableName=Users_Authorities) - start
194366 [main] DEBUG org.dbunit.dataset.AbstractDataSet  - initialize() - start
194366 [main] DEBUG org.dbunit.dataset.AbstractDataSet  - The table name map has already been initialized.
194366 [main] DEBUG org.dbunit.dataset.OrderedTableNameMap  - getTableName(tableName=Users_Authorities) - start
194366 [main] DEBUG org.dbunit.dataset.OrderedTableNameMap  - getTableName(tableName=Users_Authorities) - end - result=USERS_AUTHORITIES
194366 [main] TRACE org.dbunit.operation.AbstractBatchOperation  - execute: processing table='Users_Authorities'
194366 [main] DEBUG org.dbunit.operation.AbstractBatchOperation  - isEmpty(table=org.dbunit.dataset.DefaultTable[_metaData=tableName=Users_Authorities, columns=[], keys=[], _rowList.size()=0]) - start
194366 [main] DEBUG org.dbunit.dataset.filter.SequenceTableIterator  - next() - start
194366 [main] DEBUG org.dbunit.database.DatabaseDataSourceConnection  - close() - start
194366 [main] DEBUG org.springframework.jdbc.datasource.DataSourceUtils  - Returning JDBC Connection to DataSource
194367 [main] DEBUG org.springframework.test.context.support.DirtiesContextTestExecutionListener  - After test method: context [[TestContext@61b3d792 testClass = ScopedContentItemDaoServiceTest, testInstance = com.tmt.kontroll.content.persistence.services.ScopedContentItemDaoServiceTest@6eaf6c3b, testMethod = testThatUniqueConstraintsOnColumnViolationsCauseError@PersistenceEntityDaoServiceTest, testException = java.lang.AssertionError: Constraint assertion failed. Failures:
Unique constraint on column: , mergedContextConfiguration = [MergedContextConfiguration@660de45a testClass = ScopedContentItemDaoServiceTest, locations = '{}', classes = '{class com.tmt.kontroll.content.config.ContentTestConfig}', contextInitializerClasses = '[]', activeProfiles = '{}', contextLoader = 'org.springframework.test.context.support.DelegatingSmartContextLoader', parent = [null]]]], class dirties context [false], class mode [null], method dirties context [false].
]]></system-out>
  </testcase>
  <testcase name="testThatNullableConstraintsViolationsCauseError" classname="com.tmt.kontroll.content.persistence.services.ScopedContentItemDaoServiceTest" time="3.688"/>
  <testcase name="testThatLengthConstraintsViolationsCauseError" classname="com.tmt.kontroll.content.persistence.services.ScopedContentItemDaoServiceTest" time="3.519"/>
</testsuite>