<?xml version="1.0" encoding="UTF-8"?>
<testsuite name="com.tmt.kontroll.content.persistence.services.ScopedContentConditionDaoServiceTest" time="50.058" tests="12" errors="0" skipped="0" failures="1">
  <properties>
    <property name="java.runtime.name" value="Java(TM) SE Runtime Environment"/>
    <property name="sun.boot.library.path" value="F:\JDKs\Java7\jre\bin"/>
    <property name="java.vm.version" value="22.1-b02"/>
    <property name="user.country.format" value="DE"/>
    <property name="java.vm.vendor" value="Oracle Corporation"/>
    <property name="java.vendor.url" value="http://java.oracle.com/"/>
    <property name="path.separator" value=";"/>
    <property name="guice.disable.misplaced.annotation.check" value="true"/>
    <property name="java.vm.name" value="Java HotSpot(TM) 64-Bit Server VM"/>
    <property name="file.encoding.pkg" value="sun.io"/>
    <property name="user.script" value=""/>
    <property name="user.country" value="US"/>
    <property name="sun.java.launcher" value="SUN_STANDARD"/>
    <property name="sun.os.patch.level" value="Service Pack 1"/>
    <property name="java.vm.specification.name" value="Java Virtual Machine Specification"/>
    <property name="user.dir" value="F:\projects\Kontroll\kontroll\kontroll-content"/>
    <property name="java.runtime.version" value="1.7.0_03-b05"/>
    <property name="java.awt.graphicsenv" value="sun.awt.Win32GraphicsEnvironment"/>
    <property name="java.endorsed.dirs" value="F:\JDKs\Java7\jre\lib\endorsed"/>
    <property name="os.arch" value="amd64"/>
    <property name="java.io.tmpdir" value="C:\Users\SERGDE~1\AppData\Local\Temp\"/>
    <property name="line.separator" value="&#10;"/>
    <property name="java.vm.specification.vendor" value="Oracle Corporation"/>
    <property name="user.variant" value=""/>
    <property name="os.name" value="Windows 7"/>
    <property name="classworlds.conf" value="F:\projects\Kontroll\.metadata\.plugins\org.eclipse.m2e.launching\launches\m2conf5435103827556277629.tmp"/>
    <property name="sun.jnu.encoding" value="Cp1252"/>
    <property name="java.library.path" value="F:\JDKs\Java7\bin;C:\Windows\Sun\Java\bin;C:\Windows\system32;C:\Windows;C:\Windows\system32;C:\Windows;C:\Windows\System32\Wbem;C:\Windows\System32\WindowsPowerShell\v1.0\,F:\JDKs\Java7\bin;F:\tools\mysql\MySQL Server 5.5\bin;F:\tools\mysql\bin;F:\JDKs\Java7\jre\bin;F:\tools\node\;F:\tools\maven\apache-maven-3.0.3\bin;F:\JDKs\Java7\jre\bin;F:\tools\spring-roo\bin;C:\Users\Serg Derbst\AppData\Roaming\npm;."/>
    <property name="java.specification.name" value="Java Platform API Specification"/>
    <property name="java.class.version" value="51.0"/>
    <property name="sun.management.compiler" value="HotSpot 64-Bit Tiered Compilers"/>
    <property name="os.version" value="6.1"/>
    <property name="user.home" value="C:\Users\Serg Derbst"/>
    <property name="user.timezone" value="Europe/Berlin"/>
    <property name="java.awt.printerjob" value="sun.awt.windows.WPrinterJob"/>
    <property name="java.specification.version" value="1.7"/>
    <property name="file.encoding" value="Cp1252"/>
    <property name="user.name" value="Serg Derbst"/>
    <property name="java.class.path" value="/F:/tools/eclipse/configuration/org.eclipse.osgi/bundles/501/1/.cp/jars/plexus-classworlds-2.4.jar"/>
    <property name="java.vm.specification.version" value="1.7"/>
    <property name="sun.arch.data.model" value="64"/>
    <property name="java.home" value="F:\JDKs\Java7\jre"/>
    <property name="sun.java.command" value="org.codehaus.plexus.classworlds.launcher.Launcher -B -s C:\Users\Serg Derbst\.m2\settings.xml test"/>
    <property name="java.specification.vendor" value="Oracle Corporation"/>
    <property name="user.language" value="en"/>
    <property name="user.language.format" value="de"/>
    <property name="awt.toolkit" value="sun.awt.windows.WToolkit"/>
    <property name="java.vm.info" value="mixed mode"/>
    <property name="java.version" value="1.7.0_03"/>
    <property name="java.ext.dirs" value="F:\JDKs\Java7\jre\lib\ext;C:\Windows\Sun\Java\lib\ext"/>
    <property name="sun.boot.class.path" value="F:\JDKs\Java7\jre\lib\resources.jar;F:\JDKs\Java7\jre\lib\rt.jar;F:\JDKs\Java7\jre\lib\sunrsasign.jar;F:\JDKs\Java7\jre\lib\jsse.jar;F:\JDKs\Java7\jre\lib\jce.jar;F:\JDKs\Java7\jre\lib\charsets.jar;F:\JDKs\Java7\jre\classes"/>
    <property name="java.vendor" value="Oracle Corporation"/>
    <property name="maven.home" value="F:\projects\Kontroll\kontroll\kontroll-content\EMBEDDED"/>
    <property name="file.separator" value="\"/>
    <property name="java.vendor.url.bug" value="http://bugreport.sun.com/bugreport/"/>
    <property name="maven.bootclasspath" value="/F:/tools/eclipse/configuration/org.eclipse.osgi/bundles/501/1/.cp/jars/plexus-classworlds-2.4.jar"/>
    <property name="sun.cpu.endian" value="little"/>
    <property name="sun.io.unicode.encoding" value="UnicodeLittle"/>
    <property name="sun.desktop" value="windows"/>
    <property name="sun.cpu.isalist" value="amd64"/>
  </properties>
  <testcase name="testThatCreateWorks" classname="com.tmt.kontroll.content.persistence.services.ScopedContentConditionDaoServiceTest" time="4.699"/>
  <testcase name="testThatCreateAllWorks" classname="com.tmt.kontroll.content.persistence.services.ScopedContentConditionDaoServiceTest" time="4.245"/>
  <testcase name="testThatUpdateWorks" classname="com.tmt.kontroll.content.persistence.services.ScopedContentConditionDaoServiceTest" time="4.279"/>
  <testcase name="testThatCountWorks" classname="com.tmt.kontroll.content.persistence.services.ScopedContentConditionDaoServiceTest" time="3.79"/>
  <testcase name="testThatDeleteWorks" classname="com.tmt.kontroll.content.persistence.services.ScopedContentConditionDaoServiceTest" time="4.495"/>
  <testcase name="testThatExistsWorks" classname="com.tmt.kontroll.content.persistence.services.ScopedContentConditionDaoServiceTest" time="3.875"/>
  <testcase name="testThatReadAllWorks" classname="com.tmt.kontroll.content.persistence.services.ScopedContentConditionDaoServiceTest" time="4.322"/>
  <testcase name="testThatReadWorks" classname="com.tmt.kontroll.content.persistence.services.ScopedContentConditionDaoServiceTest" time="4.158"/>
  <testcase name="testThatUniqueConstraintsOnTableViolationsCauseError" classname="com.tmt.kontroll.content.persistence.services.ScopedContentConditionDaoServiceTest" time="4.091"/>
  <testcase name="testThatUniqueConstraintsOnColumnViolationsCauseError" classname="com.tmt.kontroll.content.persistence.services.ScopedContentConditionDaoServiceTest" time="3.987">
    <failure message="Constraint assertion failed. Failures:&#10;Unique constraint on column: " type="java.lang.AssertionError">java.lang.AssertionError: Constraint assertion failed. Failures:
Unique constraint on column: 
	at org.junit.Assert.fail(Assert.java:93)
	at com.tmt.kontroll.test.persistence.run.data.assertion.constraint.ConstraintAsserter.assertConstraints(ConstraintAsserter.java:43)
	at com.tmt.kontroll.test.persistence.PersistenceEntityDaoServiceTest.testThatUniqueConstraintsOnColumnViolationsCauseError(PersistenceEntityDaoServiceTest.java:148)
	at sun.reflect.NativeMethodAccessorImpl.invoke0(Native Method)
	at sun.reflect.NativeMethodAccessorImpl.invoke(NativeMethodAccessorImpl.java:57)
	at sun.reflect.DelegatingMethodAccessorImpl.invoke(DelegatingMethodAccessorImpl.java:43)
	at java.lang.reflect.Method.invoke(Method.java:601)
	at org.junit.runners.model.FrameworkMethod$1.runReflectiveCall(FrameworkMethod.java:45)
	at org.junit.internal.runners.model.ReflectiveCallable.run(ReflectiveCallable.java:15)
	at org.junit.runners.model.FrameworkMethod.invokeExplosively(FrameworkMethod.java:42)
	at org.junit.internal.runners.statements.InvokeMethod.evaluate(InvokeMethod.java:20)
	at org.springframework.test.context.junit4.statements.RunBeforeTestMethodCallbacks.evaluate(RunBeforeTestMethodCallbacks.java:74)
	at org.springframework.test.context.junit4.statements.RunAfterTestMethodCallbacks.evaluate(RunAfterTestMethodCallbacks.java:83)
	at org.springframework.test.context.junit4.statements.SpringRepeat.evaluate(SpringRepeat.java:72)
	at org.springframework.test.context.junit4.SpringJUnit4ClassRunner.runChild(SpringJUnit4ClassRunner.java:231)
	at org.springframework.test.context.junit4.SpringJUnit4ClassRunner.runChild(SpringJUnit4ClassRunner.java:88)
	at org.junit.runners.ParentRunner$3.run(ParentRunner.java:231)
	at org.junit.runners.ParentRunner$1.schedule(ParentRunner.java:60)
	at org.junit.runners.ParentRunner.runChildren(ParentRunner.java:229)
	at org.junit.runners.ParentRunner.access$000(ParentRunner.java:50)
	at org.junit.runners.ParentRunner$2.evaluate(ParentRunner.java:222)
	at org.springframework.test.context.junit4.statements.RunBeforeTestClassCallbacks.evaluate(RunBeforeTestClassCallbacks.java:61)
	at org.springframework.test.context.junit4.statements.RunAfterTestClassCallbacks.evaluate(RunAfterTestClassCallbacks.java:71)
	at org.junit.runners.ParentRunner.run(ParentRunner.java:300)
	at org.springframework.test.context.junit4.SpringJUnit4ClassRunner.run(SpringJUnit4ClassRunner.java:174)
	at org.apache.maven.surefire.junit4.JUnit4Provider.execute(JUnit4Provider.java:264)
	at org.apache.maven.surefire.junit4.JUnit4Provider.executeTestSet(JUnit4Provider.java:153)
	at org.apache.maven.surefire.junit4.JUnit4Provider.invoke(JUnit4Provider.java:124)
	at sun.reflect.NativeMethodAccessorImpl.invoke0(Native Method)
	at sun.reflect.NativeMethodAccessorImpl.invoke(NativeMethodAccessorImpl.java:57)
	at sun.reflect.DelegatingMethodAccessorImpl.invoke(DelegatingMethodAccessorImpl.java:43)
	at java.lang.reflect.Method.invoke(Method.java:601)
	at org.apache.maven.surefire.util.ReflectionUtils.invokeMethodWithArray2(ReflectionUtils.java:208)
	at org.apache.maven.surefire.booter.ProviderFactory$ProviderProxy.invoke(ProviderFactory.java:159)
	at org.apache.maven.surefire.booter.ProviderFactory.invokeProvider(ProviderFactory.java:87)
	at org.apache.maven.surefire.booter.ForkedBooter.runSuitesInProcess(ForkedBooter.java:153)
	at org.apache.maven.surefire.booter.ForkedBooter.main(ForkedBooter.java:95)
</failure>
    <system-out><![CDATA[145997 [main] DEBUG org.springframework.test.annotation.ProfileValueUtils  - Retrieved @ProfileValueSourceConfiguration [null] for test class [com.tmt.kontroll.content.persistence.services.ScopedContentConditionDaoServiceTest]
145998 [main] DEBUG org.springframework.test.annotation.ProfileValueUtils  - Retrieved ProfileValueSource type [class org.springframework.test.annotation.SystemProfileValueSource] for class [com.tmt.kontroll.content.persistence.services.ScopedContentConditionDaoServiceTest]
145999 [main] TRACE org.springframework.test.context.TestContextManager  - prepareTestInstance(): instance [com.tmt.kontroll.content.persistence.services.ScopedContentConditionDaoServiceTest@62244738]
145999 [main] DEBUG org.springframework.test.context.support.DependencyInjectionTestExecutionListener  - Performing dependency injection for test context [[TestContext@2bebbde9 testClass = ScopedContentConditionDaoServiceTest, testInstance = com.tmt.kontroll.content.persistence.services.ScopedContentConditionDaoServiceTest@62244738, testMethod = [null], testException = [null], mergedContextConfiguration = [MergedContextConfiguration@2012286 testClass = ScopedContentConditionDaoServiceTest, locations = '{}', classes = '{class com.tmt.kontroll.content.config.ContentTestConfig}', contextInitializerClasses = '[]', activeProfiles = '{}', contextLoader = 'org.springframework.test.context.support.DelegatingSmartContextLoader', parent = [null]]]].
145999 [main] DEBUG org.springframework.test.context.CacheAwareContextLoaderDelegate  - Retrieved ApplicationContext from cache with key [[MergedContextConfiguration@2012286 testClass = ScopedContentConditionDaoServiceTest, locations = '{}', classes = '{class com.tmt.kontroll.content.config.ContentTestConfig}', contextInitializerClasses = '[]', activeProfiles = '{}', contextLoader = 'org.springframework.test.context.support.DelegatingSmartContextLoader', parent = [null]]].
145999 [main] DEBUG org.springframework.beans.factory.annotation.InjectionMetadata  - Processing injected method of bean 'com.tmt.kontroll.content.persistence.services.ScopedContentConditionDaoServiceTest': AutowiredFieldElement for private com.tmt.kontroll.content.persistence.services.ScopedContentConditionDaoService com.tmt.kontroll.content.persistence.services.ScopedContentConditionDaoServiceTest.service
145999 [main] DEBUG org.springframework.beans.factory.support.DefaultListableBeanFactory  - Returning cached instance of singleton bean 'scopedContentConditionDaoService'
145999 [main] DEBUG com.github.springtestdbunit.DbUnitTestExecutionListener  - Preparing test instance class com.tmt.kontroll.content.persistence.services.ScopedContentConditionDaoServiceTest for DBUnit
146000 [main] DEBUG org.springframework.test.context.CacheAwareContextLoaderDelegate  - Retrieved ApplicationContext from cache with key [[MergedContextConfiguration@2012286 testClass = ScopedContentConditionDaoServiceTest, locations = '{}', classes = '{class com.tmt.kontroll.content.config.ContentTestConfig}', contextInitializerClasses = '[]', activeProfiles = '{}', contextLoader = 'org.springframework.test.context.support.DelegatingSmartContextLoader', parent = [null]]].
146000 [main] DEBUG org.springframework.test.context.CacheAwareContextLoaderDelegate  - Retrieved ApplicationContext from cache with key [[MergedContextConfiguration@2012286 testClass = ScopedContentConditionDaoServiceTest, locations = '{}', classes = '{class com.tmt.kontroll.content.config.ContentTestConfig}', contextInitializerClasses = '[]', activeProfiles = '{}', contextLoader = 'org.springframework.test.context.support.DelegatingSmartContextLoader', parent = [null]]].
146000 [main] DEBUG com.github.springtestdbunit.DbUnitTestExecutionListener  - DBUnit tests will run using databaseConnection "dataSource", datasets will be loaded using class com.github.springtestdbunit.dataset.FlatXmlDataSetLoader
146000 [main] DEBUG org.springframework.test.context.CacheAwareContextLoaderDelegate  - Retrieved ApplicationContext from cache with key [[MergedContextConfiguration@2012286 testClass = ScopedContentConditionDaoServiceTest, locations = '{}', classes = '{class com.tmt.kontroll.content.config.ContentTestConfig}', contextInitializerClasses = '[]', activeProfiles = '{}', contextLoader = 'org.springframework.test.context.support.DelegatingSmartContextLoader', parent = [null]]].
146000 [main] DEBUG org.springframework.beans.factory.support.DefaultListableBeanFactory  - Returning cached instance of singleton bean 'dataSource'
146000 [main] TRACE org.dbunit.database.DatabaseConfig  - setFeature(name=http://www.dbunit.org/features/batchedStatements, value=false) - start
146000 [main] TRACE org.dbunit.database.DatabaseConfig  - setProperty(name=http://www.dbunit.org/features/batchedStatements, value=false) - start
146000 [main] TRACE org.dbunit.database.DatabaseConfig  - convertIfNeeded(property=http://www.dbunit.org/features/batchedStatements, value=false) - start
146000 [main] TRACE org.dbunit.database.DatabaseConfig  - checkObjectAllowed(property=http://www.dbunit.org/features/batchedStatements, value=false) - start
146000 [main] TRACE org.dbunit.database.DatabaseConfig  - setFeature(name=http://www.dbunit.org/features/qualifiedTableNames, value=false) - start
146000 [main] TRACE org.dbunit.database.DatabaseConfig  - setProperty(name=http://www.dbunit.org/features/qualifiedTableNames, value=false) - start
146001 [main] TRACE org.dbunit.database.DatabaseConfig  - convertIfNeeded(property=http://www.dbunit.org/features/qualifiedTableNames, value=false) - start
146001 [main] TRACE org.dbunit.database.DatabaseConfig  - checkObjectAllowed(property=http://www.dbunit.org/features/qualifiedTableNames, value=false) - start
146001 [main] TRACE org.dbunit.database.DatabaseConfig  - setFeature(name=http://www.dbunit.org/features/caseSensitiveTableNames, value=false) - start
146001 [main] TRACE org.dbunit.database.DatabaseConfig  - setProperty(name=http://www.dbunit.org/features/caseSensitiveTableNames, value=false) - start
146001 [main] TRACE org.dbunit.database.DatabaseConfig  - convertIfNeeded(property=http://www.dbunit.org/features/caseSensitiveTableNames, value=false) - start
146001 [main] TRACE org.dbunit.database.DatabaseConfig  - checkObjectAllowed(property=http://www.dbunit.org/features/caseSensitiveTableNames, value=false) - start
146001 [main] TRACE org.dbunit.database.DatabaseConfig  - setFeature(name=http://www.dbunit.org/features/datatypeWarning, value=true) - start
146001 [main] TRACE org.dbunit.database.DatabaseConfig  - setProperty(name=http://www.dbunit.org/features/datatypeWarning, value=true) - start
146001 [main] TRACE org.dbunit.database.DatabaseConfig  - convertIfNeeded(property=http://www.dbunit.org/features/datatypeWarning, value=true) - start
146001 [main] TRACE org.dbunit.database.DatabaseConfig  - checkObjectAllowed(property=http://www.dbunit.org/features/datatypeWarning, value=true) - start
146001 [main] TRACE org.dbunit.database.DatabaseConfig  - setProperty(name=http://www.dbunit.org/properties/statementFactory, value=org.dbunit.database.statement.PreparedStatementFactory@626bc2b8) - start
146001 [main] TRACE org.dbunit.database.DatabaseConfig  - convertIfNeeded(property=http://www.dbunit.org/properties/statementFactory, value=org.dbunit.database.statement.PreparedStatementFactory@626bc2b8) - start
146001 [main] TRACE org.dbunit.database.DatabaseConfig  - checkObjectAllowed(property=http://www.dbunit.org/properties/statementFactory, value=org.dbunit.database.statement.PreparedStatementFactory@626bc2b8) - start
146002 [main] TRACE org.dbunit.database.DatabaseConfig  - setProperty(name=http://www.dbunit.org/properties/resultSetTableFactory, value=org.dbunit.database.CachedResultSetTableFactory@10bcf083) - start
146002 [main] TRACE org.dbunit.database.DatabaseConfig  - convertIfNeeded(property=http://www.dbunit.org/properties/resultSetTableFactory, value=org.dbunit.database.CachedResultSetTableFactory@10bcf083) - start
146002 [main] TRACE org.dbunit.database.DatabaseConfig  - checkObjectAllowed(property=http://www.dbunit.org/properties/resultSetTableFactory, value=org.dbunit.database.CachedResultSetTableFactory@10bcf083) - start
146002 [main] TRACE org.dbunit.database.DatabaseConfig  - setProperty(name=http://www.dbunit.org/properties/datatypeFactory, value=org.dbunit.dataset.datatype.DefaultDataTypeFactory[_toleratedDeltaMap=org.dbunit.dataset.datatype.ToleratedDeltaMap@6452310a]) - start
146002 [main] TRACE org.dbunit.database.DatabaseConfig  - convertIfNeeded(property=http://www.dbunit.org/properties/datatypeFactory, value=org.dbunit.dataset.datatype.DefaultDataTypeFactory[_toleratedDeltaMap=org.dbunit.dataset.datatype.ToleratedDeltaMap@6452310a]) - start
146002 [main] TRACE org.dbunit.database.DatabaseConfig  - checkObjectAllowed(property=http://www.dbunit.org/properties/datatypeFactory, value=org.dbunit.dataset.datatype.DefaultDataTypeFactory[_toleratedDeltaMap=org.dbunit.dataset.datatype.ToleratedDeltaMap@6452310a]) - start
146002 [main] TRACE org.dbunit.database.DatabaseConfig  - setProperty(name=http://www.dbunit.org/properties/escapePattern, value=null) - start
146002 [main] TRACE org.dbunit.database.DatabaseConfig  - convertIfNeeded(property=http://www.dbunit.org/properties/escapePattern, value=null) - start
146002 [main] TRACE org.dbunit.database.DatabaseConfig  - checkObjectAllowed(property=http://www.dbunit.org/properties/escapePattern, value=null) - start
146002 [main] TRACE org.dbunit.database.DatabaseConfig  - setProperty(name=http://www.dbunit.org/properties/tableType, value=[TABLE]) - start
146002 [main] TRACE org.dbunit.database.DatabaseConfig  - convertIfNeeded(property=http://www.dbunit.org/properties/tableType, value=[TABLE]) - start
146002 [main] TRACE org.dbunit.database.DatabaseConfig  - checkObjectAllowed(property=http://www.dbunit.org/properties/tableType, value=[TABLE]) - start
146003 [main] TRACE org.dbunit.database.DatabaseConfig  - setProperty(name=http://www.dbunit.org/properties/batchSize, value=100) - start
146003 [main] TRACE org.dbunit.database.DatabaseConfig  - convertIfNeeded(property=http://www.dbunit.org/properties/batchSize, value=100) - start
146003 [main] TRACE org.dbunit.database.DatabaseConfig  - checkObjectAllowed(property=http://www.dbunit.org/properties/batchSize, value=100) - start
146003 [main] TRACE org.dbunit.database.DatabaseConfig  - setProperty(name=http://www.dbunit.org/properties/fetchSize, value=100) - start
146003 [main] TRACE org.dbunit.database.DatabaseConfig  - convertIfNeeded(property=http://www.dbunit.org/properties/fetchSize, value=100) - start
146003 [main] TRACE org.dbunit.database.DatabaseConfig  - checkObjectAllowed(property=http://www.dbunit.org/properties/fetchSize, value=100) - start
146003 [main] TRACE org.dbunit.database.DatabaseConfig  - setProperty(name=http://www.dbunit.org/properties/metadataHandler, value=org.dbunit.database.DefaultMetadataHandler@3bbfdfde) - start
146003 [main] TRACE org.dbunit.database.DatabaseConfig  - convertIfNeeded(property=http://www.dbunit.org/properties/metadataHandler, value=org.dbunit.database.DefaultMetadataHandler@3bbfdfde) - start
146003 [main] TRACE org.dbunit.database.DatabaseConfig  - checkObjectAllowed(property=http://www.dbunit.org/properties/metadataHandler, value=org.dbunit.database.DefaultMetadataHandler@3bbfdfde) - start
146003 [main] TRACE org.springframework.test.context.TestContextManager  - beforeTestMethod(): instance [com.tmt.kontroll.content.persistence.services.ScopedContentConditionDaoServiceTest@62244738], method [public void com.tmt.kontroll.test.persistence.PersistenceEntityDaoServiceTest.testThatUniqueConstraintsOnColumnViolationsCauseError()]
146004 [main] DEBUG org.dbunit.dataset.CachedDataSet  - startDataSet() - start

146012 [main] DEBUG org.dbunit.database.AbstractDatabaseConnection  - createDataSet() - start
146013 [main] TRACE org.dbunit.database.DatabaseConfig  - getFeature(name=http://www.dbunit.org/features/caseSensitiveTableNames) - start
146013 [main] TRACE org.dbunit.database.DatabaseConfig  - getProperty(name=http://www.dbunit.org/features/caseSensitiveTableNames) - start
146013 [main] DEBUG org.dbunit.database.DatabaseDataSet  - initialize() - start
146013 [main] DEBUG org.dbunit.database.DatabaseDataSet  - Initializing the data set from the database...
146013 [main] DEBUG org.dbunit.database.DatabaseDataSourceConnection  - getConnection() - start
146013 [main] DEBUG org.springframework.jdbc.datasource.DataSourceUtils  - Fetching JDBC Connection from DataSource
146013 [main] TRACE org.dbunit.database.DatabaseConfig  - getProperty(name=http://www.dbunit.org/properties/tableType) - start
146013 [main] TRACE org.dbunit.database.DatabaseConfig  - getProperty(name=http://www.dbunit.org/properties/metadataHandler) - start
146013 [main] TRACE org.dbunit.database.DefaultMetadataHandler  - getTables(metaData=org.apache.commons.dbcp.DelegatingDatabaseMetaData@6e379dfa, schemaName=null, tableType=[TABLE]) - start
146015 [main] DEBUG org.dbunit.database.DatabaseDataSet  - 
	database product name=HSQL Database Engine
	database version=2.2.8
	database major version=2
	database minor version=2
	jdbc driver name=HSQL Database Engine Driver
	jdbc driver version=2.2.8
	jdbc driver major version=2
	jdbc driver minor version=2

146015 [main] DEBUG org.dbunit.database.DatabaseDataSet  - metadata resultset=org.apache.commons.dbcp.DelegatingResultSet@4c46bfbf
146015 [main] TRACE org.dbunit.database.DefaultMetadataHandler  - getColumns(resultSet=org.apache.commons.dbcp.DelegatingResultSet@4c46bfbf) - start
146015 [main] TRACE org.dbunit.database.DatabaseConfig  - getFeature(name=http://www.dbunit.org/features/skipOracleRecycleBinTables) - start
146015 [main] TRACE org.dbunit.database.DatabaseConfig  - getProperty(name=http://www.dbunit.org/features/skipOracleRecycleBinTables) - start
146015 [main] DEBUG org.dbunit.util.QualifiedTableName  - getQualifiedNameIfEnabled(config=org.dbunit.database.DatabaseConfig[, _propertyMap={http://www.dbunit.org/properties/statementFactory=org.dbunit.database.statement.PreparedStatementFactory@626bc2b8, http://www.dbunit.org/features/caseSensitiveTableNames=false, http://www.dbunit.org/properties/fetchSize=100, http://www.dbunit.org/features/batchedStatements=false, http://www.dbunit.org/properties/metadataHandler=org.dbunit.database.DefaultMetadataHandler@3bbfdfde, http://www.dbunit.org/properties/datatypeFactory=org.dbunit.dataset.datatype.DefaultDataTypeFactory[_toleratedDeltaMap=org.dbunit.dataset.datatype.ToleratedDeltaMap@6452310a], http://www.dbunit.org/properties/escapePattern=null, http://www.dbunit.org/properties/batchSize=100, http://www.dbunit.org/features/qualifiedTableNames=false, http://www.dbunit.org/properties/tableType=[Ljava.lang.String;@5011bafa, http://www.dbunit.org/properties/resultSetTableFactory=org.dbunit.database.CachedResultSetTableFactory@10bcf083, http://www.dbunit.org/features/datatypeWarning=true}]) - start
146015 [main] TRACE org.dbunit.database.DatabaseConfig  - getFeature(name=http://www.dbunit.org/features/qualifiedTableNames) - start
146015 [main] TRACE org.dbunit.database.DatabaseConfig  - getProperty(name=http://www.dbunit.org/features/qualifiedTableNames) - start
146015 [main] DEBUG org.dbunit.util.QualifiedTableName  - Qualified table names feature is disabled. Returning plain table name
146015 [main] DEBUG org.dbunit.util.QualifiedTableName  - getQualifiedName(prefix=null, name=AUTHORITY, escapePattern=null) - start
146015 [main] DEBUG org.dbunit.dataset.OrderedTableNameMap  - add(tableName=AUTHORITY, object=null) - start
146015 [main] DEBUG org.dbunit.dataset.OrderedTableNameMap  - getTableName(tableName=AUTHORITY) - start
146015 [main] DEBUG org.dbunit.dataset.OrderedTableNameMap  - getTableName(tableName=AUTHORITY) - end - result=AUTHORITY
146015 [main] DEBUG org.dbunit.dataset.OrderedTableNameMap  - getTableName(tableName=AUTHORITY) - start
146015 [main] DEBUG org.dbunit.dataset.OrderedTableNameMap  - getTableName(tableName=AUTHORITY) - end - result=AUTHORITY
146015 [main] TRACE org.dbunit.database.DefaultMetadataHandler  - getColumns(resultSet=org.apache.commons.dbcp.DelegatingResultSet@4c46bfbf) - start
146015 [main] TRACE org.dbunit.database.DatabaseConfig  - getFeature(name=http://www.dbunit.org/features/skipOracleRecycleBinTables) - start
146015 [main] TRACE org.dbunit.database.DatabaseConfig  - getProperty(name=http://www.dbunit.org/features/skipOracleRecycleBinTables) - start
146015 [main] DEBUG org.dbunit.util.QualifiedTableName  - getQualifiedNameIfEnabled(config=org.dbunit.database.DatabaseConfig[, _propertyMap={http://www.dbunit.org/properties/statementFactory=org.dbunit.database.statement.PreparedStatementFactory@626bc2b8, http://www.dbunit.org/features/caseSensitiveTableNames=false, http://www.dbunit.org/properties/fetchSize=100, http://www.dbunit.org/features/batchedStatements=false, http://www.dbunit.org/properties/metadataHandler=org.dbunit.database.DefaultMetadataHandler@3bbfdfde, http://www.dbunit.org/properties/datatypeFactory=org.dbunit.dataset.datatype.DefaultDataTypeFactory[_toleratedDeltaMap=org.dbunit.dataset.datatype.ToleratedDeltaMap@6452310a], http://www.dbunit.org/properties/escapePattern=null, http://www.dbunit.org/properties/batchSize=100, http://www.dbunit.org/features/qualifiedTableNames=false, http://www.dbunit.org/properties/tableType=[Ljava.lang.String;@5011bafa, http://www.dbunit.org/properties/resultSetTableFactory=org.dbunit.database.CachedResultSetTableFactory@10bcf083, http://www.dbunit.org/features/datatypeWarning=true}]) - start
146015 [main] TRACE org.dbunit.database.DatabaseConfig  - getFeature(name=http://www.dbunit.org/features/qualifiedTableNames) - start
146015 [main] TRACE org.dbunit.database.DatabaseConfig  - getProperty(name=http://www.dbunit.org/features/qualifiedTableNames) - start
146015 [main] DEBUG org.dbunit.util.QualifiedTableName  - Qualified table names feature is disabled. Returning plain table name
146015 [main] DEBUG org.dbunit.util.QualifiedTableName  - getQualifiedName(prefix=null, name=CAPTION, escapePattern=null) - start
146015 [main] DEBUG org.dbunit.dataset.OrderedTableNameMap  - add(tableName=CAPTION, object=null) - start
146016 [main] DEBUG org.dbunit.dataset.OrderedTableNameMap  - getTableName(tableName=CAPTION) - start
146016 [main] DEBUG org.dbunit.dataset.OrderedTableNameMap  - getTableName(tableName=CAPTION) - end - result=CAPTION
146016 [main] DEBUG org.dbunit.dataset.OrderedTableNameMap  - getTableName(tableName=CAPTION) - start
146016 [main] DEBUG org.dbunit.dataset.OrderedTableNameMap  - getTableName(tableName=CAPTION) - end - result=CAPTION
146016 [main] TRACE org.dbunit.database.DefaultMetadataHandler  - getColumns(resultSet=org.apache.commons.dbcp.DelegatingResultSet@4c46bfbf) - start
146016 [main] TRACE org.dbunit.database.DatabaseConfig  - getFeature(name=http://www.dbunit.org/features/skipOracleRecycleBinTables) - start
146016 [main] TRACE org.dbunit.database.DatabaseConfig  - getProperty(name=http://www.dbunit.org/features/skipOracleRecycleBinTables) - start
146016 [main] DEBUG org.dbunit.util.QualifiedTableName  - getQualifiedNameIfEnabled(config=org.dbunit.database.DatabaseConfig[, _propertyMap={http://www.dbunit.org/properties/statementFactory=org.dbunit.database.statement.PreparedStatementFactory@626bc2b8, http://www.dbunit.org/features/caseSensitiveTableNames=false, http://www.dbunit.org/properties/fetchSize=100, http://www.dbunit.org/features/batchedStatements=false, http://www.dbunit.org/properties/metadataHandler=org.dbunit.database.DefaultMetadataHandler@3bbfdfde, http://www.dbunit.org/properties/datatypeFactory=org.dbunit.dataset.datatype.DefaultDataTypeFactory[_toleratedDeltaMap=org.dbunit.dataset.datatype.ToleratedDeltaMap@6452310a], http://www.dbunit.org/properties/escapePattern=null, http://www.dbunit.org/properties/batchSize=100, http://www.dbunit.org/features/qualifiedTableNames=false, http://www.dbunit.org/properties/tableType=[Ljava.lang.String;@5011bafa, http://www.dbunit.org/properties/resultSetTableFactory=org.dbunit.database.CachedResultSetTableFactory@10bcf083, http://www.dbunit.org/features/datatypeWarning=true}]) - start
146016 [main] TRACE org.dbunit.database.DatabaseConfig  - getFeature(name=http://www.dbunit.org/features/qualifiedTableNames) - start
146016 [main] TRACE org.dbunit.database.DatabaseConfig  - getProperty(name=http://www.dbunit.org/features/qualifiedTableNames) - start
146016 [main] DEBUG org.dbunit.util.QualifiedTableName  - Qualified table names feature is disabled. Returning plain table name
146016 [main] DEBUG org.dbunit.util.QualifiedTableName  - getQualifiedName(prefix=null, name=NESTEDSCOPEDCONTENTCONDITIONS, escapePattern=null) - start
146017 [main] DEBUG org.dbunit.dataset.OrderedTableNameMap  - add(tableName=NESTEDSCOPEDCONTENTCONDITIONS, object=null) - start
146017 [main] DEBUG org.dbunit.dataset.OrderedTableNameMap  - getTableName(tableName=NESTEDSCOPEDCONTENTCONDITIONS) - start
146017 [main] DEBUG org.dbunit.dataset.OrderedTableNameMap  - getTableName(tableName=NESTEDSCOPEDCONTENTCONDITIONS) - end - result=NESTEDSCOPEDCONTENTCONDITIONS
146017 [main] DEBUG org.dbunit.dataset.OrderedTableNameMap  - getTableName(tableName=NESTEDSCOPEDCONTENTCONDITIONS) - start
146017 [main] DEBUG org.dbunit.dataset.OrderedTableNameMap  - getTableName(tableName=NESTEDSCOPEDCONTENTCONDITIONS) - end - result=NESTEDSCOPEDCONTENTCONDITIONS
146017 [main] TRACE org.dbunit.database.DefaultMetadataHandler  - getColumns(resultSet=org.apache.commons.dbcp.DelegatingResultSet@4c46bfbf) - start
146017 [main] TRACE org.dbunit.database.DatabaseConfig  - getFeature(name=http://www.dbunit.org/features/skipOracleRecycleBinTables) - start
146017 [main] TRACE org.dbunit.database.DatabaseConfig  - getProperty(name=http://www.dbunit.org/features/skipOracleRecycleBinTables) - start
146017 [main] DEBUG org.dbunit.util.QualifiedTableName  - getQualifiedNameIfEnabled(config=org.dbunit.database.DatabaseConfig[, _propertyMap={http://www.dbunit.org/properties/statementFactory=org.dbunit.database.statement.PreparedStatementFactory@626bc2b8, http://www.dbunit.org/features/caseSensitiveTableNames=false, http://www.dbunit.org/properties/fetchSize=100, http://www.dbunit.org/features/batchedStatements=false, http://www.dbunit.org/properties/metadataHandler=org.dbunit.database.DefaultMetadataHandler@3bbfdfde, http://www.dbunit.org/properties/datatypeFactory=org.dbunit.dataset.datatype.DefaultDataTypeFactory[_toleratedDeltaMap=org.dbunit.dataset.datatype.ToleratedDeltaMap@6452310a], http://www.dbunit.org/properties/escapePattern=null, http://www.dbunit.org/properties/batchSize=100, http://www.dbunit.org/features/qualifiedTableNames=false, http://www.dbunit.org/properties/tableType=[Ljava.lang.String;@5011bafa, http://www.dbunit.org/properties/resultSetTableFactory=org.dbunit.database.CachedResultSetTableFactory@10bcf083, http://www.dbunit.org/features/datatypeWarning=true}]) - start
146017 [main] TRACE org.dbunit.database.DatabaseConfig  - getFeature(name=http://www.dbunit.org/features/qualifiedTableNames) - start
146017 [main] TRACE org.dbunit.database.DatabaseConfig  - getProperty(name=http://www.dbunit.org/features/qualifiedTableNames) - start
146018 [main] DEBUG org.dbunit.util.QualifiedTableName  - Qualified table names feature is disabled. Returning plain table name
146018 [main] DEBUG org.dbunit.util.QualifiedTableName  - getQualifiedName(prefix=null, name=REQUESTCONTEXT, escapePattern=null) - start
146018 [main] DEBUG org.dbunit.dataset.OrderedTableNameMap  - add(tableName=REQUESTCONTEXT, object=null) - start
146018 [main] DEBUG org.dbunit.dataset.OrderedTableNameMap  - getTableName(tableName=REQUESTCONTEXT) - start
146018 [main] DEBUG org.dbunit.dataset.OrderedTableNameMap  - getTableName(tableName=REQUESTCONTEXT) - end - result=REQUESTCONTEXT
146018 [main] DEBUG org.dbunit.dataset.OrderedTableNameMap  - getTableName(tableName=REQUESTCONTEXT) - start
146018 [main] DEBUG org.dbunit.dataset.OrderedTableNameMap  - getTableName(tableName=REQUESTCONTEXT) - end - result=REQUESTCONTEXT
146018 [main] TRACE org.dbunit.database.DefaultMetadataHandler  - getColumns(resultSet=org.apache.commons.dbcp.DelegatingResultSet@4c46bfbf) - start
146018 [main] TRACE org.dbunit.database.DatabaseConfig  - getFeature(name=http://www.dbunit.org/features/skipOracleRecycleBinTables) - start
146018 [main] TRACE org.dbunit.database.DatabaseConfig  - getProperty(name=http://www.dbunit.org/features/skipOracleRecycleBinTables) - start
146018 [main] DEBUG org.dbunit.util.QualifiedTableName  - getQualifiedNameIfEnabled(config=org.dbunit.database.DatabaseConfig[, _propertyMap={http://www.dbunit.org/properties/statementFactory=org.dbunit.database.statement.PreparedStatementFactory@626bc2b8, http://www.dbunit.org/features/caseSensitiveTableNames=false, http://www.dbunit.org/properties/fetchSize=100, http://www.dbunit.org/features/batchedStatements=false, http://www.dbunit.org/properties/metadataHandler=org.dbunit.database.DefaultMetadataHandler@3bbfdfde, http://www.dbunit.org/properties/datatypeFactory=org.dbunit.dataset.datatype.DefaultDataTypeFactory[_toleratedDeltaMap=org.dbunit.dataset.datatype.ToleratedDeltaMap@6452310a], http://www.dbunit.org/properties/escapePattern=null, http://www.dbunit.org/properties/batchSize=100, http://www.dbunit.org/features/qualifiedTableNames=false, http://www.dbunit.org/properties/tableType=[Ljava.lang.String;@5011bafa, http://www.dbunit.org/properties/resultSetTableFactory=org.dbunit.database.CachedResultSetTableFactory@10bcf083, http://www.dbunit.org/features/datatypeWarning=true}]) - start
146018 [main] TRACE org.dbunit.database.DatabaseConfig  - getFeature(name=http://www.dbunit.org/features/qualifiedTableNames) - start
146018 [main] TRACE org.dbunit.database.DatabaseConfig  - getProperty(name=http://www.dbunit.org/features/qualifiedTableNames) - start
146018 [main] DEBUG org.dbunit.util.QualifiedTableName  - Qualified table names feature is disabled. Returning plain table name
146018 [main] DEBUG org.dbunit.util.QualifiedTableName  - getQualifiedName(prefix=null, name=SCOPE, escapePattern=null) - start
146018 [main] DEBUG org.dbunit.dataset.OrderedTableNameMap  - add(tableName=SCOPE, object=null) - start
146018 [main] DEBUG org.dbunit.dataset.OrderedTableNameMap  - getTableName(tableName=SCOPE) - start
146018 [main] DEBUG org.dbunit.dataset.OrderedTableNameMap  - getTableName(tableName=SCOPE) - end - result=SCOPE
146018 [main] DEBUG org.dbunit.dataset.OrderedTableNameMap  - getTableName(tableName=SCOPE) - start
146018 [main] DEBUG org.dbunit.dataset.OrderedTableNameMap  - getTableName(tableName=SCOPE) - end - result=SCOPE
146019 [main] TRACE org.dbunit.database.DefaultMetadataHandler  - getColumns(resultSet=org.apache.commons.dbcp.DelegatingResultSet@4c46bfbf) - start
146019 [main] TRACE org.dbunit.database.DatabaseConfig  - getFeature(name=http://www.dbunit.org/features/skipOracleRecycleBinTables) - start
146019 [main] TRACE org.dbunit.database.DatabaseConfig  - getProperty(name=http://www.dbunit.org/features/skipOracleRecycleBinTables) - start
146019 [main] DEBUG org.dbunit.util.QualifiedTableName  - getQualifiedNameIfEnabled(config=org.dbunit.database.DatabaseConfig[, _propertyMap={http://www.dbunit.org/properties/statementFactory=org.dbunit.database.statement.PreparedStatementFactory@626bc2b8, http://www.dbunit.org/features/caseSensitiveTableNames=false, http://www.dbunit.org/properties/fetchSize=100, http://www.dbunit.org/features/batchedStatements=false, http://www.dbunit.org/properties/metadataHandler=org.dbunit.database.DefaultMetadataHandler@3bbfdfde, http://www.dbunit.org/properties/datatypeFactory=org.dbunit.dataset.datatype.DefaultDataTypeFactory[_toleratedDeltaMap=org.dbunit.dataset.datatype.ToleratedDeltaMap@6452310a], http://www.dbunit.org/properties/escapePattern=null, http://www.dbunit.org/properties/batchSize=100, http://www.dbunit.org/features/qualifiedTableNames=false, http://www.dbunit.org/properties/tableType=[Ljava.lang.String;@5011bafa, http://www.dbunit.org/properties/resultSetTableFactory=org.dbunit.database.CachedResultSetTableFactory@10bcf083, http://www.dbunit.org/features/datatypeWarning=true}]) - start
146019 [main] TRACE org.dbunit.database.DatabaseConfig  - getFeature(name=http://www.dbunit.org/features/qualifiedTableNames) - start
146019 [main] TRACE org.dbunit.database.DatabaseConfig  - getProperty(name=http://www.dbunit.org/features/qualifiedTableNames) - start
146019 [main] DEBUG org.dbunit.util.QualifiedTableName  - Qualified table names feature is disabled. Returning plain table name
146019 [main] DEBUG org.dbunit.util.QualifiedTableName  - getQualifiedName(prefix=null, name=SCOPEDCONTENT, escapePattern=null) - start
146019 [main] DEBUG org.dbunit.dataset.OrderedTableNameMap  - add(tableName=SCOPEDCONTENT, object=null) - start
146019 [main] DEBUG org.dbunit.dataset.OrderedTableNameMap  - getTableName(tableName=SCOPEDCONTENT) - start
146019 [main] DEBUG org.dbunit.dataset.OrderedTableNameMap  - getTableName(tableName=SCOPEDCONTENT) - end - result=SCOPEDCONTENT
146019 [main] DEBUG org.dbunit.dataset.OrderedTableNameMap  - getTableName(tableName=SCOPEDCONTENT) - start
146019 [main] DEBUG org.dbunit.dataset.OrderedTableNameMap  - getTableName(tableName=SCOPEDCONTENT) - end - result=SCOPEDCONTENT
146019 [main] TRACE org.dbunit.database.DefaultMetadataHandler  - getColumns(resultSet=org.apache.commons.dbcp.DelegatingResultSet@4c46bfbf) - start
146019 [main] TRACE org.dbunit.database.DatabaseConfig  - getFeature(name=http://www.dbunit.org/features/skipOracleRecycleBinTables) - start
146019 [main] TRACE org.dbunit.database.DatabaseConfig  - getProperty(name=http://www.dbunit.org/features/skipOracleRecycleBinTables) - start
146019 [main] DEBUG org.dbunit.util.QualifiedTableName  - getQualifiedNameIfEnabled(config=org.dbunit.database.DatabaseConfig[, _propertyMap={http://www.dbunit.org/properties/statementFactory=org.dbunit.database.statement.PreparedStatementFactory@626bc2b8, http://www.dbunit.org/features/caseSensitiveTableNames=false, http://www.dbunit.org/properties/fetchSize=100, http://www.dbunit.org/features/batchedStatements=false, http://www.dbunit.org/properties/metadataHandler=org.dbunit.database.DefaultMetadataHandler@3bbfdfde, http://www.dbunit.org/properties/datatypeFactory=org.dbunit.dataset.datatype.DefaultDataTypeFactory[_toleratedDeltaMap=org.dbunit.dataset.datatype.ToleratedDeltaMap@6452310a], http://www.dbunit.org/properties/escapePattern=null, http://www.dbunit.org/properties/batchSize=100, http://www.dbunit.org/features/qualifiedTableNames=false, http://www.dbunit.org/properties/tableType=[Ljava.lang.String;@5011bafa, http://www.dbunit.org/properties/resultSetTableFactory=org.dbunit.database.CachedResultSetTableFactory@10bcf083, http://www.dbunit.org/features/datatypeWarning=true}]) - start
146019 [main] TRACE org.dbunit.database.DatabaseConfig  - getFeature(name=http://www.dbunit.org/features/qualifiedTableNames) - start
146019 [main] TRACE org.dbunit.database.DatabaseConfig  - getProperty(name=http://www.dbunit.org/features/qualifiedTableNames) - start
146019 [main] DEBUG org.dbunit.util.QualifiedTableName  - Qualified table names feature is disabled. Returning plain table name
146019 [main] DEBUG org.dbunit.util.QualifiedTableName  - getQualifiedName(prefix=null, name=SCOPEDCONTENTCONDITION, escapePattern=null) - start
146019 [main] DEBUG org.dbunit.dataset.OrderedTableNameMap  - add(tableName=SCOPEDCONTENTCONDITION, object=null) - start
146019 [main] DEBUG org.dbunit.dataset.OrderedTableNameMap  - getTableName(tableName=SCOPEDCONTENTCONDITION) - start
146019 [main] DEBUG org.dbunit.dataset.OrderedTableNameMap  - getTableName(tableName=SCOPEDCONTENTCONDITION) - end - result=SCOPEDCONTENTCONDITION
146019 [main] DEBUG org.dbunit.dataset.OrderedTableNameMap  - getTableName(tableName=SCOPEDCONTENTCONDITION) - start
146019 [main] DEBUG org.dbunit.dataset.OrderedTableNameMap  - getTableName(tableName=SCOPEDCONTENTCONDITION) - end - result=SCOPEDCONTENTCONDITION
146019 [main] TRACE org.dbunit.database.DefaultMetadataHandler  - getColumns(resultSet=org.apache.commons.dbcp.DelegatingResultSet@4c46bfbf) - start
146019 [main] TRACE org.dbunit.database.DatabaseConfig  - getFeature(name=http://www.dbunit.org/features/skipOracleRecycleBinTables) - start
146019 [main] TRACE org.dbunit.database.DatabaseConfig  - getProperty(name=http://www.dbunit.org/features/skipOracleRecycleBinTables) - start
146020 [main] DEBUG org.dbunit.util.QualifiedTableName  - getQualifiedNameIfEnabled(config=org.dbunit.database.DatabaseConfig[, _propertyMap={http://www.dbunit.org/properties/statementFactory=org.dbunit.database.statement.PreparedStatementFactory@626bc2b8, http://www.dbunit.org/features/caseSensitiveTableNames=false, http://www.dbunit.org/properties/fetchSize=100, http://www.dbunit.org/features/batchedStatements=false, http://www.dbunit.org/properties/metadataHandler=org.dbunit.database.DefaultMetadataHandler@3bbfdfde, http://www.dbunit.org/properties/datatypeFactory=org.dbunit.dataset.datatype.DefaultDataTypeFactory[_toleratedDeltaMap=org.dbunit.dataset.datatype.ToleratedDeltaMap@6452310a], http://www.dbunit.org/properties/escapePattern=null, http://www.dbunit.org/properties/batchSize=100, http://www.dbunit.org/features/qualifiedTableNames=false, http://www.dbunit.org/properties/tableType=[Ljava.lang.String;@5011bafa, http://www.dbunit.org/properties/resultSetTableFactory=org.dbunit.database.CachedResultSetTableFactory@10bcf083, http://www.dbunit.org/features/datatypeWarning=true}]) - start
146020 [main] TRACE org.dbunit.database.DatabaseConfig  - getFeature(name=http://www.dbunit.org/features/qualifiedTableNames) - start
146020 [main] TRACE org.dbunit.database.DatabaseConfig  - getProperty(name=http://www.dbunit.org/features/qualifiedTableNames) - start
146020 [main] DEBUG org.dbunit.util.QualifiedTableName  - Qualified table names feature is disabled. Returning plain table name
146020 [main] DEBUG org.dbunit.util.QualifiedTableName  - getQualifiedName(prefix=null, name=SCOPEDCONTENTCONDITIONATTRIBUTE, escapePattern=null) - start
146020 [main] DEBUG org.dbunit.dataset.OrderedTableNameMap  - add(tableName=SCOPEDCONTENTCONDITIONATTRIBUTE, object=null) - start
146020 [main] DEBUG org.dbunit.dataset.OrderedTableNameMap  - getTableName(tableName=SCOPEDCONTENTCONDITIONATTRIBUTE) - start
146020 [main] DEBUG org.dbunit.dataset.OrderedTableNameMap  - getTableName(tableName=SCOPEDCONTENTCONDITIONATTRIBUTE) - end - result=SCOPEDCONTENTCONDITIONATTRIBUTE
146020 [main] DEBUG org.dbunit.dataset.OrderedTableNameMap  - getTableName(tableName=SCOPEDCONTENTCONDITIONATTRIBUTE) - start
146020 [main] DEBUG org.dbunit.dataset.OrderedTableNameMap  - getTableName(tableName=SCOPEDCONTENTCONDITIONATTRIBUTE) - end - result=SCOPEDCONTENTCONDITIONATTRIBUTE
146020 [main] TRACE org.dbunit.database.DefaultMetadataHandler  - getColumns(resultSet=org.apache.commons.dbcp.DelegatingResultSet@4c46bfbf) - start
146020 [main] TRACE org.dbunit.database.DatabaseConfig  - getFeature(name=http://www.dbunit.org/features/skipOracleRecycleBinTables) - start
146020 [main] TRACE org.dbunit.database.DatabaseConfig  - getProperty(name=http://www.dbunit.org/features/skipOracleRecycleBinTables) - start
146020 [main] DEBUG org.dbunit.util.QualifiedTableName  - getQualifiedNameIfEnabled(config=org.dbunit.database.DatabaseConfig[, _propertyMap={http://www.dbunit.org/properties/statementFactory=org.dbunit.database.statement.PreparedStatementFactory@626bc2b8, http://www.dbunit.org/features/caseSensitiveTableNames=false, http://www.dbunit.org/properties/fetchSize=100, http://www.dbunit.org/features/batchedStatements=false, http://www.dbunit.org/properties/metadataHandler=org.dbunit.database.DefaultMetadataHandler@3bbfdfde, http://www.dbunit.org/properties/datatypeFactory=org.dbunit.dataset.datatype.DefaultDataTypeFactory[_toleratedDeltaMap=org.dbunit.dataset.datatype.ToleratedDeltaMap@6452310a], http://www.dbunit.org/properties/escapePattern=null, http://www.dbunit.org/properties/batchSize=100, http://www.dbunit.org/features/qualifiedTableNames=false, http://www.dbunit.org/properties/tableType=[Ljava.lang.String;@5011bafa, http://www.dbunit.org/properties/resultSetTableFactory=org.dbunit.database.CachedResultSetTableFactory@10bcf083, http://www.dbunit.org/features/datatypeWarning=true}]) - start
146020 [main] TRACE org.dbunit.database.DatabaseConfig  - getFeature(name=http://www.dbunit.org/features/qualifiedTableNames) - start
146020 [main] TRACE org.dbunit.database.DatabaseConfig  - getProperty(name=http://www.dbunit.org/features/qualifiedTableNames) - start
146020 [main] DEBUG org.dbunit.util.QualifiedTableName  - Qualified table names feature is disabled. Returning plain table name
146020 [main] DEBUG org.dbunit.util.QualifiedTableName  - getQualifiedName(prefix=null, name=SCOPEDCONTENTCONDITIONS_SCOPEDCONTENT, escapePattern=null) - start
146020 [main] DEBUG org.dbunit.dataset.OrderedTableNameMap  - add(tableName=SCOPEDCONTENTCONDITIONS_SCOPEDCONTENT, object=null) - start
146020 [main] DEBUG org.dbunit.dataset.OrderedTableNameMap  - getTableName(tableName=SCOPEDCONTENTCONDITIONS_SCOPEDCONTENT) - start
146020 [main] DEBUG org.dbunit.dataset.OrderedTableNameMap  - getTableName(tableName=SCOPEDCONTENTCONDITIONS_SCOPEDCONTENT) - end - result=SCOPEDCONTENTCONDITIONS_SCOPEDCONTENT
146020 [main] DEBUG org.dbunit.dataset.OrderedTableNameMap  - getTableName(tableName=SCOPEDCONTENTCONDITIONS_SCOPEDCONTENT) - start
146020 [main] DEBUG org.dbunit.dataset.OrderedTableNameMap  - getTableName(tableName=SCOPEDCONTENTCONDITIONS_SCOPEDCONTENT) - end - result=SCOPEDCONTENTCONDITIONS_SCOPEDCONTENT
146020 [main] TRACE org.dbunit.database.DefaultMetadataHandler  - getColumns(resultSet=org.apache.commons.dbcp.DelegatingResultSet@4c46bfbf) - start
146020 [main] TRACE org.dbunit.database.DatabaseConfig  - getFeature(name=http://www.dbunit.org/features/skipOracleRecycleBinTables) - start
146020 [main] TRACE org.dbunit.database.DatabaseConfig  - getProperty(name=http://www.dbunit.org/features/skipOracleRecycleBinTables) - start
146021 [main] DEBUG org.dbunit.util.QualifiedTableName  - getQualifiedNameIfEnabled(config=org.dbunit.database.DatabaseConfig[, _propertyMap={http://www.dbunit.org/properties/statementFactory=org.dbunit.database.statement.PreparedStatementFactory@626bc2b8, http://www.dbunit.org/features/caseSensitiveTableNames=false, http://www.dbunit.org/properties/fetchSize=100, http://www.dbunit.org/features/batchedStatements=false, http://www.dbunit.org/properties/metadataHandler=org.dbunit.database.DefaultMetadataHandler@3bbfdfde, http://www.dbunit.org/properties/datatypeFactory=org.dbunit.dataset.datatype.DefaultDataTypeFactory[_toleratedDeltaMap=org.dbunit.dataset.datatype.ToleratedDeltaMap@6452310a], http://www.dbunit.org/properties/escapePattern=null, http://www.dbunit.org/properties/batchSize=100, http://www.dbunit.org/features/qualifiedTableNames=false, http://www.dbunit.org/properties/tableType=[Ljava.lang.String;@5011bafa, http://www.dbunit.org/properties/resultSetTableFactory=org.dbunit.database.CachedResultSetTableFactory@10bcf083, http://www.dbunit.org/features/datatypeWarning=true}]) - start
146021 [main] TRACE org.dbunit.database.DatabaseConfig  - getFeature(name=http://www.dbunit.org/features/qualifiedTableNames) - start
146021 [main] TRACE org.dbunit.database.DatabaseConfig  - getProperty(name=http://www.dbunit.org/features/qualifiedTableNames) - start
146021 [main] DEBUG org.dbunit.util.QualifiedTableName  - Qualified table names feature is disabled. Returning plain table name
146021 [main] DEBUG org.dbunit.util.QualifiedTableName  - getQualifiedName(prefix=null, name=SCOPEDCONTENTCONDITIONS_SCOPEDCONTENTITEM, escapePattern=null) - start
146021 [main] DEBUG org.dbunit.dataset.OrderedTableNameMap  - add(tableName=SCOPEDCONTENTCONDITIONS_SCOPEDCONTENTITEM, object=null) - start
146021 [main] DEBUG org.dbunit.dataset.OrderedTableNameMap  - getTableName(tableName=SCOPEDCONTENTCONDITIONS_SCOPEDCONTENTITEM) - start
146021 [main] DEBUG org.dbunit.dataset.OrderedTableNameMap  - getTableName(tableName=SCOPEDCONTENTCONDITIONS_SCOPEDCONTENTITEM) - end - result=SCOPEDCONTENTCONDITIONS_SCOPEDCONTENTITEM
146021 [main] DEBUG org.dbunit.dataset.OrderedTableNameMap  - getTableName(tableName=SCOPEDCONTENTCONDITIONS_SCOPEDCONTENTITEM) - start
146021 [main] DEBUG org.dbunit.dataset.OrderedTableNameMap  - getTableName(tableName=SCOPEDCONTENTCONDITIONS_SCOPEDCONTENTITEM) - end - result=SCOPEDCONTENTCONDITIONS_SCOPEDCONTENTITEM
146021 [main] TRACE org.dbunit.database.DefaultMetadataHandler  - getColumns(resultSet=org.apache.commons.dbcp.DelegatingResultSet@4c46bfbf) - start
146021 [main] TRACE org.dbunit.database.DatabaseConfig  - getFeature(name=http://www.dbunit.org/features/skipOracleRecycleBinTables) - start
146021 [main] TRACE org.dbunit.database.DatabaseConfig  - getProperty(name=http://www.dbunit.org/features/skipOracleRecycleBinTables) - start
146021 [main] DEBUG org.dbunit.util.QualifiedTableName  - getQualifiedNameIfEnabled(config=org.dbunit.database.DatabaseConfig[, _propertyMap={http://www.dbunit.org/properties/statementFactory=org.dbunit.database.statement.PreparedStatementFactory@626bc2b8, http://www.dbunit.org/features/caseSensitiveTableNames=false, http://www.dbunit.org/properties/fetchSize=100, http://www.dbunit.org/features/batchedStatements=false, http://www.dbunit.org/properties/metadataHandler=org.dbunit.database.DefaultMetadataHandler@3bbfdfde, http://www.dbunit.org/properties/datatypeFactory=org.dbunit.dataset.datatype.DefaultDataTypeFactory[_toleratedDeltaMap=org.dbunit.dataset.datatype.ToleratedDeltaMap@6452310a], http://www.dbunit.org/properties/escapePattern=null, http://www.dbunit.org/properties/batchSize=100, http://www.dbunit.org/features/qualifiedTableNames=false, http://www.dbunit.org/properties/tableType=[Ljava.lang.String;@5011bafa, http://www.dbunit.org/properties/resultSetTableFactory=org.dbunit.database.CachedResultSetTableFactory@10bcf083, http://www.dbunit.org/features/datatypeWarning=true}]) - start
146021 [main] TRACE org.dbunit.database.DatabaseConfig  - getFeature(name=http://www.dbunit.org/features/qualifiedTableNames) - start
146021 [main] TRACE org.dbunit.database.DatabaseConfig  - getProperty(name=http://www.dbunit.org/features/qualifiedTableNames) - start
146021 [main] DEBUG org.dbunit.util.QualifiedTableName  - Qualified table names feature is disabled. Returning plain table name
146021 [main] DEBUG org.dbunit.util.QualifiedTableName  - getQualifiedName(prefix=null, name=SCOPEDCONTENTITEM, escapePattern=null) - start
146021 [main] DEBUG org.dbunit.dataset.OrderedTableNameMap  - add(tableName=SCOPEDCONTENTITEM, object=null) - start
146021 [main] DEBUG org.dbunit.dataset.OrderedTableNameMap  - getTableName(tableName=SCOPEDCONTENTITEM) - start
146021 [main] DEBUG org.dbunit.dataset.OrderedTableNameMap  - getTableName(tableName=SCOPEDCONTENTITEM) - end - result=SCOPEDCONTENTITEM
146021 [main] DEBUG org.dbunit.dataset.OrderedTableNameMap  - getTableName(tableName=SCOPEDCONTENTITEM) - start
146021 [main] DEBUG org.dbunit.dataset.OrderedTableNameMap  - getTableName(tableName=SCOPEDCONTENTITEM) - end - result=SCOPEDCONTENTITEM
146021 [main] TRACE org.dbunit.database.DefaultMetadataHandler  - getColumns(resultSet=org.apache.commons.dbcp.DelegatingResultSet@4c46bfbf) - start
146021 [main] TRACE org.dbunit.database.DatabaseConfig  - getFeature(name=http://www.dbunit.org/features/skipOracleRecycleBinTables) - start
146021 [main] TRACE org.dbunit.database.DatabaseConfig  - getProperty(name=http://www.dbunit.org/features/skipOracleRecycleBinTables) - start
146021 [main] DEBUG org.dbunit.util.QualifiedTableName  - getQualifiedNameIfEnabled(config=org.dbunit.database.DatabaseConfig[, _propertyMap={http://www.dbunit.org/properties/statementFactory=org.dbunit.database.statement.PreparedStatementFactory@626bc2b8, http://www.dbunit.org/features/caseSensitiveTableNames=false, http://www.dbunit.org/properties/fetchSize=100, http://www.dbunit.org/features/batchedStatements=false, http://www.dbunit.org/properties/metadataHandler=org.dbunit.database.DefaultMetadataHandler@3bbfdfde, http://www.dbunit.org/properties/datatypeFactory=org.dbunit.dataset.datatype.DefaultDataTypeFactory[_toleratedDeltaMap=org.dbunit.dataset.datatype.ToleratedDeltaMap@6452310a], http://www.dbunit.org/properties/escapePattern=null, http://www.dbunit.org/properties/batchSize=100, http://www.dbunit.org/features/qualifiedTableNames=false, http://www.dbunit.org/properties/tableType=[Ljava.lang.String;@5011bafa, http://www.dbunit.org/properties/resultSetTableFactory=org.dbunit.database.CachedResultSetTableFactory@10bcf083, http://www.dbunit.org/features/datatypeWarning=true}]) - start
146022 [main] TRACE org.dbunit.database.DatabaseConfig  - getFeature(name=http://www.dbunit.org/features/qualifiedTableNames) - start
146022 [main] TRACE org.dbunit.database.DatabaseConfig  - getProperty(name=http://www.dbunit.org/features/qualifiedTableNames) - start
146022 [main] DEBUG org.dbunit.util.QualifiedTableName  - Qualified table names feature is disabled. Returning plain table name
146022 [main] DEBUG org.dbunit.util.QualifiedTableName  - getQualifiedName(prefix=null, name=SCOPEDCONTENT_SCOPEDCONTENTITEM, escapePattern=null) - start
146022 [main] DEBUG org.dbunit.dataset.OrderedTableNameMap  - add(tableName=SCOPEDCONTENT_SCOPEDCONTENTITEM, object=null) - start
146022 [main] DEBUG org.dbunit.dataset.OrderedTableNameMap  - getTableName(tableName=SCOPEDCONTENT_SCOPEDCONTENTITEM) - start
146022 [main] DEBUG org.dbunit.dataset.OrderedTableNameMap  - getTableName(tableName=SCOPEDCONTENT_SCOPEDCONTENTITEM) - end - result=SCOPEDCONTENT_SCOPEDCONTENTITEM
146022 [main] DEBUG org.dbunit.dataset.OrderedTableNameMap  - getTableName(tableName=SCOPEDCONTENT_SCOPEDCONTENTITEM) - start
146022 [main] DEBUG org.dbunit.dataset.OrderedTableNameMap  - getTableName(tableName=SCOPEDCONTENT_SCOPEDCONTENTITEM) - end - result=SCOPEDCONTENT_SCOPEDCONTENTITEM
146022 [main] TRACE org.dbunit.database.DefaultMetadataHandler  - getColumns(resultSet=org.apache.commons.dbcp.DelegatingResultSet@4c46bfbf) - start
146022 [main] TRACE org.dbunit.database.DatabaseConfig  - getFeature(name=http://www.dbunit.org/features/skipOracleRecycleBinTables) - start
146022 [main] TRACE org.dbunit.database.DatabaseConfig  - getProperty(name=http://www.dbunit.org/features/skipOracleRecycleBinTables) - start
146022 [main] DEBUG org.dbunit.util.QualifiedTableName  - getQualifiedNameIfEnabled(config=org.dbunit.database.DatabaseConfig[, _propertyMap={http://www.dbunit.org/properties/statementFactory=org.dbunit.database.statement.PreparedStatementFactory@626bc2b8, http://www.dbunit.org/features/caseSensitiveTableNames=false, http://www.dbunit.org/properties/fetchSize=100, http://www.dbunit.org/features/batchedStatements=false, http://www.dbunit.org/properties/metadataHandler=org.dbunit.database.DefaultMetadataHandler@3bbfdfde, http://www.dbunit.org/properties/datatypeFactory=org.dbunit.dataset.datatype.DefaultDataTypeFactory[_toleratedDeltaMap=org.dbunit.dataset.datatype.ToleratedDeltaMap@6452310a], http://www.dbunit.org/properties/escapePattern=null, http://www.dbunit.org/properties/batchSize=100, http://www.dbunit.org/features/qualifiedTableNames=false, http://www.dbunit.org/properties/tableType=[Ljava.lang.String;@5011bafa, http://www.dbunit.org/properties/resultSetTableFactory=org.dbunit.database.CachedResultSetTableFactory@10bcf083, http://www.dbunit.org/features/datatypeWarning=true}]) - start
146022 [main] TRACE org.dbunit.database.DatabaseConfig  - getFeature(name=http://www.dbunit.org/features/qualifiedTableNames) - start
146022 [main] TRACE org.dbunit.database.DatabaseConfig  - getProperty(name=http://www.dbunit.org/features/qualifiedTableNames) - start
146022 [main] DEBUG org.dbunit.util.QualifiedTableName  - Qualified table names feature is disabled. Returning plain table name
146022 [main] DEBUG org.dbunit.util.QualifiedTableName  - getQualifiedName(prefix=null, name=SCOPE_REQUESTCONTEXT, escapePattern=null) - start
146022 [main] DEBUG org.dbunit.dataset.OrderedTableNameMap  - add(tableName=SCOPE_REQUESTCONTEXT, object=null) - start
146022 [main] DEBUG org.dbunit.dataset.OrderedTableNameMap  - getTableName(tableName=SCOPE_REQUESTCONTEXT) - start
146022 [main] DEBUG org.dbunit.dataset.OrderedTableNameMap  - getTableName(tableName=SCOPE_REQUESTCONTEXT) - end - result=SCOPE_REQUESTCONTEXT
146022 [main] DEBUG org.dbunit.dataset.OrderedTableNameMap  - getTableName(tableName=SCOPE_REQUESTCONTEXT) - start
146022 [main] DEBUG org.dbunit.dataset.OrderedTableNameMap  - getTableName(tableName=SCOPE_REQUESTCONTEXT) - end - result=SCOPE_REQUESTCONTEXT
146022 [main] TRACE org.dbunit.database.DefaultMetadataHandler  - getColumns(resultSet=org.apache.commons.dbcp.DelegatingResultSet@4c46bfbf) - start
146022 [main] TRACE org.dbunit.database.DatabaseConfig  - getFeature(name=http://www.dbunit.org/features/skipOracleRecycleBinTables) - start
146022 [main] TRACE org.dbunit.database.DatabaseConfig  - getProperty(name=http://www.dbunit.org/features/skipOracleRecycleBinTables) - start
146022 [main] DEBUG org.dbunit.util.QualifiedTableName  - getQualifiedNameIfEnabled(config=org.dbunit.database.DatabaseConfig[, _propertyMap={http://www.dbunit.org/properties/statementFactory=org.dbunit.database.statement.PreparedStatementFactory@626bc2b8, http://www.dbunit.org/features/caseSensitiveTableNames=false, http://www.dbunit.org/properties/fetchSize=100, http://www.dbunit.org/features/batchedStatements=false, http://www.dbunit.org/properties/metadataHandler=org.dbunit.database.DefaultMetadataHandler@3bbfdfde, http://www.dbunit.org/properties/datatypeFactory=org.dbunit.dataset.datatype.DefaultDataTypeFactory[_toleratedDeltaMap=org.dbunit.dataset.datatype.ToleratedDeltaMap@6452310a], http://www.dbunit.org/properties/escapePattern=null, http://www.dbunit.org/properties/batchSize=100, http://www.dbunit.org/features/qualifiedTableNames=false, http://www.dbunit.org/properties/tableType=[Ljava.lang.String;@5011bafa, http://www.dbunit.org/properties/resultSetTableFactory=org.dbunit.database.CachedResultSetTableFactory@10bcf083, http://www.dbunit.org/features/datatypeWarning=true}]) - start
146023 [main] TRACE org.dbunit.database.DatabaseConfig  - getFeature(name=http://www.dbunit.org/features/qualifiedTableNames) - start
146023 [main] TRACE org.dbunit.database.DatabaseConfig  - getProperty(name=http://www.dbunit.org/features/qualifiedTableNames) - start
146023 [main] DEBUG org.dbunit.util.QualifiedTableName  - Qualified table names feature is disabled. Returning plain table name
146023 [main] DEBUG org.dbunit.util.QualifiedTableName  - getQualifiedName(prefix=null, name=USER, escapePattern=null) - start
146023 [main] DEBUG org.dbunit.dataset.OrderedTableNameMap  - add(tableName=USER, object=null) - start
146023 [main] DEBUG org.dbunit.dataset.OrderedTableNameMap  - getTableName(tableName=USER) - start
146023 [main] DEBUG org.dbunit.dataset.OrderedTableNameMap  - getTableName(tableName=USER) - end - result=USER
146023 [main] DEBUG org.dbunit.dataset.OrderedTableNameMap  - getTableName(tableName=USER) - start
146023 [main] DEBUG org.dbunit.dataset.OrderedTableNameMap  - getTableName(tableName=USER) - end - result=USER
146023 [main] TRACE org.dbunit.database.DefaultMetadataHandler  - getColumns(resultSet=org.apache.commons.dbcp.DelegatingResultSet@4c46bfbf) - start
146023 [main] TRACE org.dbunit.database.DatabaseConfig  - getFeature(name=http://www.dbunit.org/features/skipOracleRecycleBinTables) - start
146023 [main] TRACE org.dbunit.database.DatabaseConfig  - getProperty(name=http://www.dbunit.org/features/skipOracleRecycleBinTables) - start
146023 [main] DEBUG org.dbunit.util.QualifiedTableName  - getQualifiedNameIfEnabled(config=org.dbunit.database.DatabaseConfig[, _propertyMap={http://www.dbunit.org/properties/statementFactory=org.dbunit.database.statement.PreparedStatementFactory@626bc2b8, http://www.dbunit.org/features/caseSensitiveTableNames=false, http://www.dbunit.org/properties/fetchSize=100, http://www.dbunit.org/features/batchedStatements=false, http://www.dbunit.org/properties/metadataHandler=org.dbunit.database.DefaultMetadataHandler@3bbfdfde, http://www.dbunit.org/properties/datatypeFactory=org.dbunit.dataset.datatype.DefaultDataTypeFactory[_toleratedDeltaMap=org.dbunit.dataset.datatype.ToleratedDeltaMap@6452310a], http://www.dbunit.org/properties/escapePattern=null, http://www.dbunit.org/properties/batchSize=100, http://www.dbunit.org/features/qualifiedTableNames=false, http://www.dbunit.org/properties/tableType=[Ljava.lang.String;@5011bafa, http://www.dbunit.org/properties/resultSetTableFactory=org.dbunit.database.CachedResultSetTableFactory@10bcf083, http://www.dbunit.org/features/datatypeWarning=true}]) - start
146023 [main] TRACE org.dbunit.database.DatabaseConfig  - getFeature(name=http://www.dbunit.org/features/qualifiedTableNames) - start
146023 [main] TRACE org.dbunit.database.DatabaseConfig  - getProperty(name=http://www.dbunit.org/features/qualifiedTableNames) - start
146023 [main] DEBUG org.dbunit.util.QualifiedTableName  - Qualified table names feature is disabled. Returning plain table name
146023 [main] DEBUG org.dbunit.util.QualifiedTableName  - getQualifiedName(prefix=null, name=USERS_AUTHORITIES, escapePattern=null) - start
146023 [main] DEBUG org.dbunit.dataset.OrderedTableNameMap  - add(tableName=USERS_AUTHORITIES, object=null) - start
146023 [main] DEBUG org.dbunit.dataset.OrderedTableNameMap  - getTableName(tableName=USERS_AUTHORITIES) - start
146023 [main] DEBUG org.dbunit.dataset.OrderedTableNameMap  - getTableName(tableName=USERS_AUTHORITIES) - end - result=USERS_AUTHORITIES
146023 [main] DEBUG org.dbunit.dataset.OrderedTableNameMap  - getTableName(tableName=USERS_AUTHORITIES) - start
146023 [main] DEBUG org.dbunit.dataset.OrderedTableNameMap  - getTableName(tableName=USERS_AUTHORITIES) - end - result=USERS_AUTHORITIES
146023 [main] DEBUG org.dbunit.database.DatabaseSequenceFilter  - sortTableNames(connection=_databaseConfig=org.dbunit.database.DatabaseConfig[, _propertyMap={http://www.dbunit.org/properties/statementFactory=org.dbunit.database.statement.PreparedStatementFactory@626bc2b8, http://www.dbunit.org/features/caseSensitiveTableNames=false, http://www.dbunit.org/properties/fetchSize=100, http://www.dbunit.org/features/batchedStatements=false, http://www.dbunit.org/properties/metadataHandler=org.dbunit.database.DefaultMetadataHandler@3bbfdfde, http://www.dbunit.org/properties/datatypeFactory=org.dbunit.dataset.datatype.DefaultDataTypeFactory[_toleratedDeltaMap=org.dbunit.dataset.datatype.ToleratedDeltaMap@6452310a], http://www.dbunit.org/properties/escapePattern=null, http://www.dbunit.org/properties/batchSize=100, http://www.dbunit.org/features/qualifiedTableNames=false, http://www.dbunit.org/properties/tableType=[Ljava.lang.String;@5011bafa, http://www.dbunit.org/properties/resultSetTableFactory=org.dbunit.database.CachedResultSetTableFactory@10bcf083, http://www.dbunit.org/features/datatypeWarning=true}], _dataSet=AbstractDataSet[_orderedTableNameMap=null], tableNames=[AUTHORITY, CAPTION, NESTEDSCOPEDCONTENTCONDITIONS, REQUESTCONTEXT, SCOPE, SCOPEDCONTENT, SCOPEDCONTENTCONDITION, SCOPEDCONTENTCONDITIONATTRIBUTE, SCOPEDCONTENTCONDITIONS_SCOPEDCONTENT, SCOPEDCONTENTCONDITIONS_SCOPEDCONTENTITEM, SCOPEDCONTENTITEM, SCOPEDCONTENT_SCOPEDCONTENTITEM, SCOPE_REQUESTCONTEXT, USER, USERS_AUTHORITIES]) - start
146024 [main] DEBUG org.dbunit.database.DatabaseSequenceFilter  - getDependencyInfo(connection=_databaseConfig=org.dbunit.database.DatabaseConfig[, _propertyMap={http://www.dbunit.org/properties/statementFactory=org.dbunit.database.statement.PreparedStatementFactory@626bc2b8, http://www.dbunit.org/features/caseSensitiveTableNames=false, http://www.dbunit.org/properties/fetchSize=100, http://www.dbunit.org/features/batchedStatements=false, http://www.dbunit.org/properties/metadataHandler=org.dbunit.database.DefaultMetadataHandler@3bbfdfde, http://www.dbunit.org/properties/datatypeFactory=org.dbunit.dataset.datatype.DefaultDataTypeFactory[_toleratedDeltaMap=org.dbunit.dataset.datatype.ToleratedDeltaMap@6452310a], http://www.dbunit.org/properties/escapePattern=null, http://www.dbunit.org/properties/batchSize=100, http://www.dbunit.org/features/qualifiedTableNames=false, http://www.dbunit.org/properties/tableType=[Ljava.lang.String;@5011bafa, http://www.dbunit.org/properties/resultSetTableFactory=org.dbunit.database.CachedResultSetTableFactory@10bcf083, http://www.dbunit.org/features/datatypeWarning=true}], _dataSet=AbstractDataSet[_orderedTableNameMap=null], tableName=AUTHORITY) - start
146024 [main] DEBUG org.dbunit.database.search.TablesDependencyHelper  - getDependentTables(connection=_databaseConfig=org.dbunit.database.DatabaseConfig[, _propertyMap={http://www.dbunit.org/properties/statementFactory=org.dbunit.database.statement.PreparedStatementFactory@626bc2b8, http://www.dbunit.org/features/caseSensitiveTableNames=false, http://www.dbunit.org/properties/fetchSize=100, http://www.dbunit.org/features/batchedStatements=false, http://www.dbunit.org/properties/metadataHandler=org.dbunit.database.DefaultMetadataHandler@3bbfdfde, http://www.dbunit.org/properties/datatypeFactory=org.dbunit.dataset.datatype.DefaultDataTypeFactory[_toleratedDeltaMap=org.dbunit.dataset.datatype.ToleratedDeltaMap@6452310a], http://www.dbunit.org/properties/escapePattern=null, http://www.dbunit.org/properties/batchSize=100, http://www.dbunit.org/features/qualifiedTableNames=false, http://www.dbunit.org/properties/tableType=[Ljava.lang.String;@5011bafa, http://www.dbunit.org/properties/resultSetTableFactory=org.dbunit.database.CachedResultSetTableFactory@10bcf083, http://www.dbunit.org/features/datatypeWarning=true}], _dataSet=AbstractDataSet[_orderedTableNameMap=null], rootTable=AUTHORITY) - start
146024 [main] DEBUG org.dbunit.database.search.TablesDependencyHelper  - getDependentTables(connection=_databaseConfig=org.dbunit.database.DatabaseConfig[, _propertyMap={http://www.dbunit.org/properties/statementFactory=org.dbunit.database.statement.PreparedStatementFactory@626bc2b8, http://www.dbunit.org/features/caseSensitiveTableNames=false, http://www.dbunit.org/properties/fetchSize=100, http://www.dbunit.org/features/batchedStatements=false, http://www.dbunit.org/properties/metadataHandler=org.dbunit.database.DefaultMetadataHandler@3bbfdfde, http://www.dbunit.org/properties/datatypeFactory=org.dbunit.dataset.datatype.DefaultDataTypeFactory[_toleratedDeltaMap=org.dbunit.dataset.datatype.ToleratedDeltaMap@6452310a], http://www.dbunit.org/properties/escapePattern=null, http://www.dbunit.org/properties/batchSize=100, http://www.dbunit.org/features/qualifiedTableNames=false, http://www.dbunit.org/properties/tableType=[Ljava.lang.String;@5011bafa, http://www.dbunit.org/properties/resultSetTableFactory=org.dbunit.database.CachedResultSetTableFactory@10bcf083, http://www.dbunit.org/features/datatypeWarning=true}], _dataSet=AbstractDataSet[_orderedTableNameMap=null], rootTables=[AUTHORITY]) - start
146024 [main] DEBUG org.dbunit.util.search.DepthFirstSearch  - search(nodesFrom=[AUTHORITY], callback=org.dbunit.database.search.ImportedKeysSearchCallback@1bf860dd) - start
146024 [main] DEBUG org.dbunit.util.CollectionsHelper  - objectsToSet(objects=AUTHORITY) - start
146024 [main] DEBUG org.dbunit.util.search.DepthFirstSearch  - search(nodesFrom=[AUTHORITY], callback=org.dbunit.database.search.ImportedKeysSearchCallback@1bf860dd) - start
146024 [main] DEBUG org.dbunit.util.search.DepthFirstSearch  - reverseSearch:AUTHORITY
146024 [main] DEBUG org.dbunit.database.search.ImportedKeysSearchCallback  - searchNode(node=AUTHORITY) - start
146024 [main] DEBUG org.dbunit.util.search.DepthFirstSearch  - Pushing (reverse) AUTHORITY
146024 [main] DEBUG org.dbunit.database.search.ImportedKeysSearchCallback  - getEdges(node=AUTHORITY) - start
146024 [main] DEBUG org.dbunit.database.search.AbstractMetaDataBasedSearchCallback  - getNodesFromImportedKeys(node=AUTHORITY) - start
146024 [main] DEBUG org.dbunit.database.search.AbstractMetaDataBasedSearchCallback  - getNodes(type=0, node=AUTHORITY) - start
146024 [main] DEBUG org.dbunit.database.DatabaseDataSourceConnection  - getConnection() - start
146024 [main] DEBUG org.dbunit.database.search.AbstractMetaDataBasedSearchCallback  - getNodes(type=0, node=AUTHORITY, conn=Transaction-aware proxy for target Connection [jdbc:hsqldb:mem:kontrollDS, UserName=sw, HSQL Database Engine Driver], schema=null, metaData=org.apache.commons.dbcp.DelegatingDatabaseMetaData@4f9f5b83, edges=[]) - start
146024 [main] DEBUG org.dbunit.database.search.AbstractMetaDataBasedSearchCallback  - Getting edges for node AUTHORITY
146024 [main] TRACE org.dbunit.database.DatabaseConfig  - getProperty(name=http://www.dbunit.org/properties/metadataHandler) - start
146024 [main] TRACE org.dbunit.database.DefaultMetadataHandler  - tableExists(metaData=org.apache.commons.dbcp.DelegatingDatabaseMetaData@4f9f5b83, schemaName=null, tableName=AUTHORITY) - start
146025 [main] DEBUG org.dbunit.util.SQLHelper  - close(resultSet=org.apache.commons.dbcp.DelegatingResultSet@49bc02da) - start
146026 [main] DEBUG org.dbunit.util.SQLHelper  - close(resultSet=org.apache.commons.dbcp.DelegatingResultSet@e92fbde) - start
146026 [main] DEBUG org.dbunit.util.search.DepthFirstSearch  - search:AUTHORITY
146026 [main] DEBUG org.dbunit.database.search.ImportedKeysSearchCallback  - searchNode(node=AUTHORITY) - start
146026 [main] DEBUG org.dbunit.util.search.DepthFirstSearch  - Pushing AUTHORITY
146026 [main] DEBUG org.dbunit.database.search.ImportedKeysSearchCallback  - getEdges(node=AUTHORITY) - start
146026 [main] DEBUG org.dbunit.database.search.AbstractMetaDataBasedSearchCallback  - getNodesFromImportedKeys(node=AUTHORITY) - start
146026 [main] DEBUG org.dbunit.database.search.AbstractMetaDataBasedSearchCallback  - getNodes(type=0, node=AUTHORITY) - start
146026 [main] DEBUG org.dbunit.database.DatabaseDataSourceConnection  - getConnection() - start
146026 [main] DEBUG org.dbunit.database.search.AbstractMetaDataBasedSearchCallback  - getNodes(type=0, node=AUTHORITY, conn=Transaction-aware proxy for target Connection [jdbc:hsqldb:mem:kontrollDS, UserName=sw, HSQL Database Engine Driver], schema=null, metaData=org.apache.commons.dbcp.DelegatingDatabaseMetaData@53d5b34b, edges=[]) - start
146026 [main] DEBUG org.dbunit.database.search.AbstractMetaDataBasedSearchCallback  - Getting edges for node AUTHORITY
146026 [main] TRACE org.dbunit.database.DatabaseConfig  - getProperty(name=http://www.dbunit.org/properties/metadataHandler) - start
146026 [main] TRACE org.dbunit.database.DefaultMetadataHandler  - tableExists(metaData=org.apache.commons.dbcp.DelegatingDatabaseMetaData@53d5b34b, schemaName=null, tableName=AUTHORITY) - start
146027 [main] DEBUG org.dbunit.util.SQLHelper  - close(resultSet=org.apache.commons.dbcp.DelegatingResultSet@7285cde6) - start
146027 [main] DEBUG org.dbunit.util.SQLHelper  - close(resultSet=org.apache.commons.dbcp.DelegatingResultSet@2df157b3) - start
146027 [main] DEBUG org.dbunit.util.search.DepthFirstSearch  - Adding node AUTHORITY to the final result
146027 [main] DEBUG org.dbunit.util.CollectionsHelper  - setToStrings(set=[AUTHORITY]) - start
146027 [main] DEBUG org.dbunit.database.search.TablesDependencyHelper  - getDependsOnTables(connection=_databaseConfig=org.dbunit.database.DatabaseConfig[, _propertyMap={http://www.dbunit.org/properties/statementFactory=org.dbunit.database.statement.PreparedStatementFactory@626bc2b8, http://www.dbunit.org/features/caseSensitiveTableNames=false, http://www.dbunit.org/properties/fetchSize=100, http://www.dbunit.org/features/batchedStatements=false, http://www.dbunit.org/properties/metadataHandler=org.dbunit.database.DefaultMetadataHandler@3bbfdfde, http://www.dbunit.org/properties/datatypeFactory=org.dbunit.dataset.datatype.DefaultDataTypeFactory[_toleratedDeltaMap=org.dbunit.dataset.datatype.ToleratedDeltaMap@6452310a], http://www.dbunit.org/properties/escapePattern=null, http://www.dbunit.org/properties/batchSize=100, http://www.dbunit.org/features/qualifiedTableNames=false, http://www.dbunit.org/properties/tableType=[Ljava.lang.String;@5011bafa, http://www.dbunit.org/properties/resultSetTableFactory=org.dbunit.database.CachedResultSetTableFactory@10bcf083, http://www.dbunit.org/features/datatypeWarning=true}], _dataSet=AbstractDataSet[_orderedTableNameMap=null], rootTable=AUTHORITY) - start
146027 [main] DEBUG org.dbunit.util.search.DepthFirstSearch  - search(nodesFrom=[AUTHORITY], callback=org.dbunit.database.search.ExportedKeysSearchCallback@73bf2d1f) - start
146027 [main] DEBUG org.dbunit.util.CollectionsHelper  - objectsToSet(objects=AUTHORITY) - start
146027 [main] DEBUG org.dbunit.util.search.DepthFirstSearch  - search(nodesFrom=[AUTHORITY], callback=org.dbunit.database.search.ExportedKeysSearchCallback@73bf2d1f) - start
146027 [main] DEBUG org.dbunit.util.search.DepthFirstSearch  - reverseSearch:AUTHORITY
146027 [main] DEBUG org.dbunit.database.search.ExportedKeysSearchCallback  - searchNode(node=AUTHORITY) - start
146027 [main] DEBUG org.dbunit.util.search.DepthFirstSearch  - Pushing (reverse) AUTHORITY
146027 [main] DEBUG org.dbunit.database.search.ExportedKeysSearchCallback  - getEdges(node=AUTHORITY) - start
146028 [main] DEBUG org.dbunit.database.search.AbstractMetaDataBasedSearchCallback  - getNodesFromExportedKeys(node=AUTHORITY) - start
146028 [main] DEBUG org.dbunit.database.search.AbstractMetaDataBasedSearchCallback  - getNodes(type=1, node=AUTHORITY) - start
146028 [main] DEBUG org.dbunit.database.DatabaseDataSourceConnection  - getConnection() - start
146028 [main] DEBUG org.dbunit.database.search.AbstractMetaDataBasedSearchCallback  - getNodes(type=1, node=AUTHORITY, conn=Transaction-aware proxy for target Connection [jdbc:hsqldb:mem:kontrollDS, UserName=sw, HSQL Database Engine Driver], schema=null, metaData=org.apache.commons.dbcp.DelegatingDatabaseMetaData@c2b8997, edges=[]) - start
146028 [main] DEBUG org.dbunit.database.search.AbstractMetaDataBasedSearchCallback  - Getting edges for node AUTHORITY
146028 [main] TRACE org.dbunit.database.DatabaseConfig  - getProperty(name=http://www.dbunit.org/properties/metadataHandler) - start
146028 [main] TRACE org.dbunit.database.DefaultMetadataHandler  - tableExists(metaData=org.apache.commons.dbcp.DelegatingDatabaseMetaData@c2b8997, schemaName=null, tableName=AUTHORITY) - start
146029 [main] DEBUG org.dbunit.util.SQLHelper  - close(resultSet=org.apache.commons.dbcp.DelegatingResultSet@47fc8cbe) - start
146029 [main] DEBUG org.dbunit.util.QualifiedTableName  - getQualifiedNameIfEnabled(config=org.dbunit.database.DatabaseConfig[, _propertyMap={http://www.dbunit.org/properties/statementFactory=org.dbunit.database.statement.PreparedStatementFactory@626bc2b8, http://www.dbunit.org/features/caseSensitiveTableNames=false, http://www.dbunit.org/properties/fetchSize=100, http://www.dbunit.org/features/batchedStatements=false, http://www.dbunit.org/properties/metadataHandler=org.dbunit.database.DefaultMetadataHandler@3bbfdfde, http://www.dbunit.org/properties/datatypeFactory=org.dbunit.dataset.datatype.DefaultDataTypeFactory[_toleratedDeltaMap=org.dbunit.dataset.datatype.ToleratedDeltaMap@6452310a], http://www.dbunit.org/properties/escapePattern=null, http://www.dbunit.org/properties/batchSize=100, http://www.dbunit.org/features/qualifiedTableNames=false, http://www.dbunit.org/properties/tableType=[Ljava.lang.String;@5011bafa, http://www.dbunit.org/properties/resultSetTableFactory=org.dbunit.database.CachedResultSetTableFactory@10bcf083, http://www.dbunit.org/features/datatypeWarning=true}]) - start
146029 [main] TRACE org.dbunit.database.DatabaseConfig  - getFeature(name=http://www.dbunit.org/features/qualifiedTableNames) - start
146029 [main] TRACE org.dbunit.database.DatabaseConfig  - getProperty(name=http://www.dbunit.org/features/qualifiedTableNames) - start
146029 [main] DEBUG org.dbunit.util.QualifiedTableName  - Qualified table names feature is disabled. Returning plain table name
146029 [main] DEBUG org.dbunit.util.QualifiedTableName  - getQualifiedName(prefix=null, name=AUTHORITY, escapePattern=null) - start
146029 [main] DEBUG org.dbunit.util.QualifiedTableName  - getQualifiedNameIfEnabled(config=org.dbunit.database.DatabaseConfig[, _propertyMap={http://www.dbunit.org/properties/statementFactory=org.dbunit.database.statement.PreparedStatementFactory@626bc2b8, http://www.dbunit.org/features/caseSensitiveTableNames=false, http://www.dbunit.org/properties/fetchSize=100, http://www.dbunit.org/features/batchedStatements=false, http://www.dbunit.org/properties/metadataHandler=org.dbunit.database.DefaultMetadataHandler@3bbfdfde, http://www.dbunit.org/properties/datatypeFactory=org.dbunit.dataset.datatype.DefaultDataTypeFactory[_toleratedDeltaMap=org.dbunit.dataset.datatype.ToleratedDeltaMap@6452310a], http://www.dbunit.org/properties/escapePattern=null, http://www.dbunit.org/properties/batchSize=100, http://www.dbunit.org/features/qualifiedTableNames=false, http://www.dbunit.org/properties/tableType=[Ljava.lang.String;@5011bafa, http://www.dbunit.org/properties/resultSetTableFactory=org.dbunit.database.CachedResultSetTableFactory@10bcf083, http://www.dbunit.org/features/datatypeWarning=true}]) - start
146029 [main] TRACE org.dbunit.database.DatabaseConfig  - getFeature(name=http://www.dbunit.org/features/qualifiedTableNames) - start
146029 [main] TRACE org.dbunit.database.DatabaseConfig  - getProperty(name=http://www.dbunit.org/features/qualifiedTableNames) - start
146029 [main] DEBUG org.dbunit.util.QualifiedTableName  - Qualified table names feature is disabled. Returning plain table name
146029 [main] DEBUG org.dbunit.util.QualifiedTableName  - getQualifiedName(prefix=null, name=USERS_AUTHORITIES, escapePattern=null) - start
146029 [main] DEBUG org.dbunit.database.search.AbstractMetaDataBasedSearchCallback  - newEdge(rs=org.apache.commons.dbcp.DelegatingResultSet@cef97d7, type=1, from=AUTHORITY, to=USERS_AUTHORITIES, fkColumn=AUTHORITY_ID, pkColumn=ID) - start
146029 [main] DEBUG org.dbunit.database.search.AbstractMetaDataBasedSearchCallback  - createFKEdge(rs=org.apache.commons.dbcp.DelegatingResultSet@cef97d7, type=1, from=AUTHORITY, to=USERS_AUTHORITIES, fkColumn=AUTHORITY_ID, pkColumn=ID) - start
146029 [main] DEBUG org.dbunit.database.search.AbstractMetaDataBasedSearchCallback  - Adding edge USERS_AUTHORITIES(AUTHORITY_ID)->AUTHORITY(ID)
146029 [main] DEBUG org.dbunit.util.search.Edge  - compareTo(o=USERS_AUTHORITIES(AUTHORITY_ID)->AUTHORITY(ID)) - start
146029 [main] DEBUG org.dbunit.util.SQLHelper  - close(resultSet=org.apache.commons.dbcp.DelegatingResultSet@cef97d7) - start
146029 [main] DEBUG org.dbunit.util.search.DepthFirstSearch  - reverseSearch:USERS_AUTHORITIES
146030 [main] DEBUG org.dbunit.database.search.ExportedKeysSearchCallback  - searchNode(node=USERS_AUTHORITIES) - start
146030 [main] DEBUG org.dbunit.util.search.DepthFirstSearch  - Pushing (reverse) USERS_AUTHORITIES
146030 [main] DEBUG org.dbunit.database.search.ExportedKeysSearchCallback  - getEdges(node=USERS_AUTHORITIES) - start
146030 [main] DEBUG org.dbunit.database.search.AbstractMetaDataBasedSearchCallback  - getNodesFromExportedKeys(node=USERS_AUTHORITIES) - start
146030 [main] DEBUG org.dbunit.database.search.AbstractMetaDataBasedSearchCallback  - getNodes(type=1, node=USERS_AUTHORITIES) - start
146030 [main] DEBUG org.dbunit.database.DatabaseDataSourceConnection  - getConnection() - start
146030 [main] DEBUG org.dbunit.database.search.AbstractMetaDataBasedSearchCallback  - getNodes(type=1, node=USERS_AUTHORITIES, conn=Transaction-aware proxy for target Connection [jdbc:hsqldb:mem:kontrollDS, UserName=sw, HSQL Database Engine Driver], schema=null, metaData=org.apache.commons.dbcp.DelegatingDatabaseMetaData@45d9aae3, edges=[]) - start
146030 [main] DEBUG org.dbunit.database.search.AbstractMetaDataBasedSearchCallback  - Getting edges for node USERS_AUTHORITIES
146030 [main] TRACE org.dbunit.database.DatabaseConfig  - getProperty(name=http://www.dbunit.org/properties/metadataHandler) - start
146030 [main] TRACE org.dbunit.database.DefaultMetadataHandler  - tableExists(metaData=org.apache.commons.dbcp.DelegatingDatabaseMetaData@45d9aae3, schemaName=null, tableName=USERS_AUTHORITIES) - start
146031 [main] DEBUG org.dbunit.util.SQLHelper  - close(resultSet=org.apache.commons.dbcp.DelegatingResultSet@25936b23) - start
146031 [main] DEBUG org.dbunit.util.SQLHelper  - close(resultSet=org.apache.commons.dbcp.DelegatingResultSet@a411b1c) - start
146031 [main] DEBUG org.dbunit.util.search.DepthFirstSearch  - search:USERS_AUTHORITIES
146031 [main] DEBUG org.dbunit.database.search.ExportedKeysSearchCallback  - searchNode(node=USERS_AUTHORITIES) - start
146031 [main] DEBUG org.dbunit.util.search.DepthFirstSearch  - Pushing USERS_AUTHORITIES
146031 [main] DEBUG org.dbunit.database.search.ExportedKeysSearchCallback  - getEdges(node=USERS_AUTHORITIES) - start
146031 [main] DEBUG org.dbunit.database.search.AbstractMetaDataBasedSearchCallback  - getNodesFromExportedKeys(node=USERS_AUTHORITIES) - start
146031 [main] DEBUG org.dbunit.database.search.AbstractMetaDataBasedSearchCallback  - getNodes(type=1, node=USERS_AUTHORITIES) - start
146031 [main] DEBUG org.dbunit.database.DatabaseDataSourceConnection  - getConnection() - start
146031 [main] DEBUG org.dbunit.database.search.AbstractMetaDataBasedSearchCallback  - getNodes(type=1, node=USERS_AUTHORITIES, conn=Transaction-aware proxy for target Connection [jdbc:hsqldb:mem:kontrollDS, UserName=sw, HSQL Database Engine Driver], schema=null, metaData=org.apache.commons.dbcp.DelegatingDatabaseMetaData@385ad086, edges=[]) - start
146031 [main] DEBUG org.dbunit.database.search.AbstractMetaDataBasedSearchCallback  - Getting edges for node USERS_AUTHORITIES
146031 [main] TRACE org.dbunit.database.DatabaseConfig  - getProperty(name=http://www.dbunit.org/properties/metadataHandler) - start
146031 [main] TRACE org.dbunit.database.DefaultMetadataHandler  - tableExists(metaData=org.apache.commons.dbcp.DelegatingDatabaseMetaData@385ad086, schemaName=null, tableName=USERS_AUTHORITIES) - start
146033 [main] DEBUG org.dbunit.util.SQLHelper  - close(resultSet=org.apache.commons.dbcp.DelegatingResultSet@582a55fe) - start
146033 [main] DEBUG org.dbunit.util.SQLHelper  - close(resultSet=org.apache.commons.dbcp.DelegatingResultSet@65435a3e) - start
146033 [main] DEBUG org.dbunit.util.search.DepthFirstSearch  - Adding node USERS_AUTHORITIES to the final result
146033 [main] DEBUG org.dbunit.util.search.DepthFirstSearch  - search:AUTHORITY
146033 [main] DEBUG org.dbunit.database.search.ExportedKeysSearchCallback  - searchNode(node=AUTHORITY) - start
146033 [main] DEBUG org.dbunit.util.search.DepthFirstSearch  - Pushing AUTHORITY
146033 [main] DEBUG org.dbunit.database.search.ExportedKeysSearchCallback  - getEdges(node=AUTHORITY) - start
146033 [main] DEBUG org.dbunit.database.search.AbstractMetaDataBasedSearchCallback  - getNodesFromExportedKeys(node=AUTHORITY) - start
146033 [main] DEBUG org.dbunit.database.search.AbstractMetaDataBasedSearchCallback  - getNodes(type=1, node=AUTHORITY) - start
146033 [main] DEBUG org.dbunit.database.DatabaseDataSourceConnection  - getConnection() - start
146033 [main] DEBUG org.dbunit.database.search.AbstractMetaDataBasedSearchCallback  - getNodes(type=1, node=AUTHORITY, conn=Transaction-aware proxy for target Connection [jdbc:hsqldb:mem:kontrollDS, UserName=sw, HSQL Database Engine Driver], schema=null, metaData=org.apache.commons.dbcp.DelegatingDatabaseMetaData@28d9d062, edges=[]) - start
146033 [main] DEBUG org.dbunit.database.search.AbstractMetaDataBasedSearchCallback  - Getting edges for node AUTHORITY
146033 [main] TRACE org.dbunit.database.DatabaseConfig  - getProperty(name=http://www.dbunit.org/properties/metadataHandler) - start
146033 [main] TRACE org.dbunit.database.DefaultMetadataHandler  - tableExists(metaData=org.apache.commons.dbcp.DelegatingDatabaseMetaData@28d9d062, schemaName=null, tableName=AUTHORITY) - start
146034 [main] DEBUG org.dbunit.util.SQLHelper  - close(resultSet=org.apache.commons.dbcp.DelegatingResultSet@258ef946) - start
146034 [main] DEBUG org.dbunit.util.QualifiedTableName  - getQualifiedNameIfEnabled(config=org.dbunit.database.DatabaseConfig[, _propertyMap={http://www.dbunit.org/properties/statementFactory=org.dbunit.database.statement.PreparedStatementFactory@626bc2b8, http://www.dbunit.org/features/caseSensitiveTableNames=false, http://www.dbunit.org/properties/fetchSize=100, http://www.dbunit.org/features/batchedStatements=false, http://www.dbunit.org/properties/metadataHandler=org.dbunit.database.DefaultMetadataHandler@3bbfdfde, http://www.dbunit.org/properties/datatypeFactory=org.dbunit.dataset.datatype.DefaultDataTypeFactory[_toleratedDeltaMap=org.dbunit.dataset.datatype.ToleratedDeltaMap@6452310a], http://www.dbunit.org/properties/escapePattern=null, http://www.dbunit.org/properties/batchSize=100, http://www.dbunit.org/features/qualifiedTableNames=false, http://www.dbunit.org/properties/tableType=[Ljava.lang.String;@5011bafa, http://www.dbunit.org/properties/resultSetTableFactory=org.dbunit.database.CachedResultSetTableFactory@10bcf083, http://www.dbunit.org/features/datatypeWarning=true}]) - start
146034 [main] TRACE org.dbunit.database.DatabaseConfig  - getFeature(name=http://www.dbunit.org/features/qualifiedTableNames) - start
146034 [main] TRACE org.dbunit.database.DatabaseConfig  - getProperty(name=http://www.dbunit.org/features/qualifiedTableNames) - start
146034 [main] DEBUG org.dbunit.util.QualifiedTableName  - Qualified table names feature is disabled. Returning plain table name
146034 [main] DEBUG org.dbunit.util.QualifiedTableName  - getQualifiedName(prefix=null, name=AUTHORITY, escapePattern=null) - start
146034 [main] DEBUG org.dbunit.util.QualifiedTableName  - getQualifiedNameIfEnabled(config=org.dbunit.database.DatabaseConfig[, _propertyMap={http://www.dbunit.org/properties/statementFactory=org.dbunit.database.statement.PreparedStatementFactory@626bc2b8, http://www.dbunit.org/features/caseSensitiveTableNames=false, http://www.dbunit.org/properties/fetchSize=100, http://www.dbunit.org/features/batchedStatements=false, http://www.dbunit.org/properties/metadataHandler=org.dbunit.database.DefaultMetadataHandler@3bbfdfde, http://www.dbunit.org/properties/datatypeFactory=org.dbunit.dataset.datatype.DefaultDataTypeFactory[_toleratedDeltaMap=org.dbunit.dataset.datatype.ToleratedDeltaMap@6452310a], http://www.dbunit.org/properties/escapePattern=null, http://www.dbunit.org/properties/batchSize=100, http://www.dbunit.org/features/qualifiedTableNames=false, http://www.dbunit.org/properties/tableType=[Ljava.lang.String;@5011bafa, http://www.dbunit.org/properties/resultSetTableFactory=org.dbunit.database.CachedResultSetTableFactory@10bcf083, http://www.dbunit.org/features/datatypeWarning=true}]) - start
146034 [main] TRACE org.dbunit.database.DatabaseConfig  - getFeature(name=http://www.dbunit.org/features/qualifiedTableNames) - start
146035 [main] TRACE org.dbunit.database.DatabaseConfig  - getProperty(name=http://www.dbunit.org/features/qualifiedTableNames) - start
146035 [main] DEBUG org.dbunit.util.QualifiedTableName  - Qualified table names feature is disabled. Returning plain table name
146035 [main] DEBUG org.dbunit.util.QualifiedTableName  - getQualifiedName(prefix=null, name=USERS_AUTHORITIES, escapePattern=null) - start
146035 [main] DEBUG org.dbunit.database.search.AbstractMetaDataBasedSearchCallback  - newEdge(rs=org.apache.commons.dbcp.DelegatingResultSet@5874263, type=1, from=AUTHORITY, to=USERS_AUTHORITIES, fkColumn=AUTHORITY_ID, pkColumn=ID) - start
146035 [main] DEBUG org.dbunit.database.search.AbstractMetaDataBasedSearchCallback  - createFKEdge(rs=org.apache.commons.dbcp.DelegatingResultSet@5874263, type=1, from=AUTHORITY, to=USERS_AUTHORITIES, fkColumn=AUTHORITY_ID, pkColumn=ID) - start
146035 [main] DEBUG org.dbunit.database.search.AbstractMetaDataBasedSearchCallback  - Adding edge USERS_AUTHORITIES(AUTHORITY_ID)->AUTHORITY(ID)
146035 [main] DEBUG org.dbunit.util.search.Edge  - compareTo(o=USERS_AUTHORITIES(AUTHORITY_ID)->AUTHORITY(ID)) - start
146035 [main] DEBUG org.dbunit.util.SQLHelper  - close(resultSet=org.apache.commons.dbcp.DelegatingResultSet@5874263) - start
146035 [main] DEBUG org.dbunit.util.search.DepthFirstSearch  - search:AUTHORITY
146035 [main] DEBUG org.dbunit.util.search.DepthFirstSearch  - already searched; returning true
146035 [main] DEBUG org.dbunit.util.search.DepthFirstSearch  - Adding node AUTHORITY to the final result
146035 [main] DEBUG org.dbunit.util.CollectionsHelper  - setToStrings(set=[USERS_AUTHORITIES, AUTHORITY]) - start
146035 [main] DEBUG org.dbunit.database.search.TablesDependencyHelper  - getDirectDependsOnTables(connection=_databaseConfig=org.dbunit.database.DatabaseConfig[, _propertyMap={http://www.dbunit.org/properties/statementFactory=org.dbunit.database.statement.PreparedStatementFactory@626bc2b8, http://www.dbunit.org/features/caseSensitiveTableNames=false, http://www.dbunit.org/properties/fetchSize=100, http://www.dbunit.org/features/batchedStatements=false, http://www.dbunit.org/properties/metadataHandler=org.dbunit.database.DefaultMetadataHandler@3bbfdfde, http://www.dbunit.org/properties/datatypeFactory=org.dbunit.dataset.datatype.DefaultDataTypeFactory[_toleratedDeltaMap=org.dbunit.dataset.datatype.ToleratedDeltaMap@6452310a], http://www.dbunit.org/properties/escapePattern=null, http://www.dbunit.org/properties/batchSize=100, http://www.dbunit.org/features/qualifiedTableNames=false, http://www.dbunit.org/properties/tableType=[Ljava.lang.String;@5011bafa, http://www.dbunit.org/properties/resultSetTableFactory=org.dbunit.database.CachedResultSetTableFactory@10bcf083, http://www.dbunit.org/features/datatypeWarning=true}], _dataSet=AbstractDataSet[_orderedTableNameMap=null], tableName=AUTHORITY) - start
146035 [main] DEBUG org.dbunit.util.search.DepthFirstSearch  - search(nodesFrom=[AUTHORITY], callback=org.dbunit.database.search.ExportedKeysSearchCallback@8dc162e) - start
146035 [main] DEBUG org.dbunit.util.CollectionsHelper  - objectsToSet(objects=AUTHORITY) - start
146035 [main] DEBUG org.dbunit.util.search.DepthFirstSearch  - search(nodesFrom=[AUTHORITY], callback=org.dbunit.database.search.ExportedKeysSearchCallback@8dc162e) - start
146035 [main] DEBUG org.dbunit.util.search.DepthFirstSearch  - reverseSearch:AUTHORITY
146035 [main] DEBUG org.dbunit.database.search.ExportedKeysSearchCallback  - searchNode(node=AUTHORITY) - start
146035 [main] DEBUG org.dbunit.util.search.DepthFirstSearch  - Pushing (reverse) AUTHORITY
146035 [main] DEBUG org.dbunit.database.search.ExportedKeysSearchCallback  - getEdges(node=AUTHORITY) - start
146035 [main] DEBUG org.dbunit.database.search.AbstractMetaDataBasedSearchCallback  - getNodesFromExportedKeys(node=AUTHORITY) - start
146035 [main] DEBUG org.dbunit.database.search.AbstractMetaDataBasedSearchCallback  - getNodes(type=1, node=AUTHORITY) - start
146035 [main] DEBUG org.dbunit.database.DatabaseDataSourceConnection  - getConnection() - start
146035 [main] DEBUG org.dbunit.database.search.AbstractMetaDataBasedSearchCallback  - getNodes(type=1, node=AUTHORITY, conn=Transaction-aware proxy for target Connection [jdbc:hsqldb:mem:kontrollDS, UserName=sw, HSQL Database Engine Driver], schema=null, metaData=org.apache.commons.dbcp.DelegatingDatabaseMetaData@29342a8d, edges=[]) - start
146035 [main] DEBUG org.dbunit.database.search.AbstractMetaDataBasedSearchCallback  - Getting edges for node AUTHORITY
146035 [main] TRACE org.dbunit.database.DatabaseConfig  - getProperty(name=http://www.dbunit.org/properties/metadataHandler) - start
146036 [main] TRACE org.dbunit.database.DefaultMetadataHandler  - tableExists(metaData=org.apache.commons.dbcp.DelegatingDatabaseMetaData@29342a8d, schemaName=null, tableName=AUTHORITY) - start
146036 [main] DEBUG org.dbunit.util.SQLHelper  - close(resultSet=org.apache.commons.dbcp.DelegatingResultSet@3097c3f) - start
146037 [main] DEBUG org.dbunit.util.QualifiedTableName  - getQualifiedNameIfEnabled(config=org.dbunit.database.DatabaseConfig[, _propertyMap={http://www.dbunit.org/properties/statementFactory=org.dbunit.database.statement.PreparedStatementFactory@626bc2b8, http://www.dbunit.org/features/caseSensitiveTableNames=false, http://www.dbunit.org/properties/fetchSize=100, http://www.dbunit.org/features/batchedStatements=false, http://www.dbunit.org/properties/metadataHandler=org.dbunit.database.DefaultMetadataHandler@3bbfdfde, http://www.dbunit.org/properties/datatypeFactory=org.dbunit.dataset.datatype.DefaultDataTypeFactory[_toleratedDeltaMap=org.dbunit.dataset.datatype.ToleratedDeltaMap@6452310a], http://www.dbunit.org/properties/escapePattern=null, http://www.dbunit.org/properties/batchSize=100, http://www.dbunit.org/features/qualifiedTableNames=false, http://www.dbunit.org/properties/tableType=[Ljava.lang.String;@5011bafa, http://www.dbunit.org/properties/resultSetTableFactory=org.dbunit.database.CachedResultSetTableFactory@10bcf083, http://www.dbunit.org/features/datatypeWarning=true}]) - start
146037 [main] TRACE org.dbunit.database.DatabaseConfig  - getFeature(name=http://www.dbunit.org/features/qualifiedTableNames) - start
146037 [main] TRACE org.dbunit.database.DatabaseConfig  - getProperty(name=http://www.dbunit.org/features/qualifiedTableNames) - start
146037 [main] DEBUG org.dbunit.util.QualifiedTableName  - Qualified table names feature is disabled. Returning plain table name
146037 [main] DEBUG org.dbunit.util.QualifiedTableName  - getQualifiedName(prefix=null, name=AUTHORITY, escapePattern=null) - start
146037 [main] DEBUG org.dbunit.util.QualifiedTableName  - getQualifiedNameIfEnabled(config=org.dbunit.database.DatabaseConfig[, _propertyMap={http://www.dbunit.org/properties/statementFactory=org.dbunit.database.statement.PreparedStatementFactory@626bc2b8, http://www.dbunit.org/features/caseSensitiveTableNames=false, http://www.dbunit.org/properties/fetchSize=100, http://www.dbunit.org/features/batchedStatements=false, http://www.dbunit.org/properties/metadataHandler=org.dbunit.database.DefaultMetadataHandler@3bbfdfde, http://www.dbunit.org/properties/datatypeFactory=org.dbunit.dataset.datatype.DefaultDataTypeFactory[_toleratedDeltaMap=org.dbunit.dataset.datatype.ToleratedDeltaMap@6452310a], http://www.dbunit.org/properties/escapePattern=null, http://www.dbunit.org/properties/batchSize=100, http://www.dbunit.org/features/qualifiedTableNames=false, http://www.dbunit.org/properties/tableType=[Ljava.lang.String;@5011bafa, http://www.dbunit.org/properties/resultSetTableFactory=org.dbunit.database.CachedResultSetTableFactory@10bcf083, http://www.dbunit.org/features/datatypeWarning=true}]) - start
146037 [main] TRACE org.dbunit.database.DatabaseConfig  - getFeature(name=http://www.dbunit.org/features/qualifiedTableNames) - start
146037 [main] TRACE org.dbunit.database.DatabaseConfig  - getProperty(name=http://www.dbunit.org/features/qualifiedTableNames) - start
146037 [main] DEBUG org.dbunit.util.QualifiedTableName  - Qualified table names feature is disabled. Returning plain table name
146037 [main] DEBUG org.dbunit.util.QualifiedTableName  - getQualifiedName(prefix=null, name=USERS_AUTHORITIES, escapePattern=null) - start
146037 [main] DEBUG org.dbunit.database.search.AbstractMetaDataBasedSearchCallback  - newEdge(rs=org.apache.commons.dbcp.DelegatingResultSet@4f248218, type=1, from=AUTHORITY, to=USERS_AUTHORITIES, fkColumn=AUTHORITY_ID, pkColumn=ID) - start
146037 [main] DEBUG org.dbunit.database.search.AbstractMetaDataBasedSearchCallback  - createFKEdge(rs=org.apache.commons.dbcp.DelegatingResultSet@4f248218, type=1, from=AUTHORITY, to=USERS_AUTHORITIES, fkColumn=AUTHORITY_ID, pkColumn=ID) - start
146037 [main] DEBUG org.dbunit.database.search.AbstractMetaDataBasedSearchCallback  - Adding edge USERS_AUTHORITIES(AUTHORITY_ID)->AUTHORITY(ID)
146037 [main] DEBUG org.dbunit.util.search.Edge  - compareTo(o=USERS_AUTHORITIES(AUTHORITY_ID)->AUTHORITY(ID)) - start
146037 [main] DEBUG org.dbunit.util.SQLHelper  - close(resultSet=org.apache.commons.dbcp.DelegatingResultSet@4f248218) - start
146037 [main] DEBUG org.dbunit.util.search.DepthFirstSearch  - reverseSearch:USERS_AUTHORITIES
146037 [main] DEBUG org.dbunit.database.search.ExportedKeysSearchCallback  - searchNode(node=USERS_AUTHORITIES) - start
146037 [main] DEBUG org.dbunit.util.search.DepthFirstSearch  - Pushing (reverse) USERS_AUTHORITIES
146037 [main] DEBUG org.dbunit.database.search.ExportedKeysSearchCallback  - getEdges(node=USERS_AUTHORITIES) - start
146037 [main] DEBUG org.dbunit.database.search.AbstractMetaDataBasedSearchCallback  - getNodesFromExportedKeys(node=USERS_AUTHORITIES) - start
146037 [main] DEBUG org.dbunit.database.search.AbstractMetaDataBasedSearchCallback  - getNodes(type=1, node=USERS_AUTHORITIES) - start
146037 [main] DEBUG org.dbunit.database.DatabaseDataSourceConnection  - getConnection() - start
146038 [main] DEBUG org.dbunit.database.search.AbstractMetaDataBasedSearchCallback  - getNodes(type=1, node=USERS_AUTHORITIES, conn=Transaction-aware proxy for target Connection [jdbc:hsqldb:mem:kontrollDS, UserName=sw, HSQL Database Engine Driver], schema=null, metaData=org.apache.commons.dbcp.DelegatingDatabaseMetaData@65d91e3f, edges=[]) - start
146038 [main] DEBUG org.dbunit.database.search.AbstractMetaDataBasedSearchCallback  - Getting edges for node USERS_AUTHORITIES
146038 [main] TRACE org.dbunit.database.DatabaseConfig  - getProperty(name=http://www.dbunit.org/properties/metadataHandler) - start
146038 [main] TRACE org.dbunit.database.DefaultMetadataHandler  - tableExists(metaData=org.apache.commons.dbcp.DelegatingDatabaseMetaData@65d91e3f, schemaName=null, tableName=USERS_AUTHORITIES) - start
146039 [main] DEBUG org.dbunit.util.SQLHelper  - close(resultSet=org.apache.commons.dbcp.DelegatingResultSet@584f58fb) - start
146039 [main] DEBUG org.dbunit.util.SQLHelper  - close(resultSet=org.apache.commons.dbcp.DelegatingResultSet@3a4b5abd) - start
146039 [main] DEBUG org.dbunit.util.search.DepthFirstSearch  - search:USERS_AUTHORITIES
146039 [main] DEBUG org.dbunit.database.search.ExportedKeysSearchCallback  - searchNode(node=USERS_AUTHORITIES) - start
146039 [main] DEBUG org.dbunit.util.search.DepthFirstSearch  - Pushing USERS_AUTHORITIES
146039 [main] DEBUG org.dbunit.database.search.ExportedKeysSearchCallback  - getEdges(node=USERS_AUTHORITIES) - start
146039 [main] DEBUG org.dbunit.database.search.AbstractMetaDataBasedSearchCallback  - getNodesFromExportedKeys(node=USERS_AUTHORITIES) - start
146039 [main] DEBUG org.dbunit.database.search.AbstractMetaDataBasedSearchCallback  - getNodes(type=1, node=USERS_AUTHORITIES) - start
146039 [main] DEBUG org.dbunit.database.DatabaseDataSourceConnection  - getConnection() - start
146039 [main] DEBUG org.dbunit.database.search.AbstractMetaDataBasedSearchCallback  - getNodes(type=1, node=USERS_AUTHORITIES, conn=Transaction-aware proxy for target Connection [jdbc:hsqldb:mem:kontrollDS, UserName=sw, HSQL Database Engine Driver], schema=null, metaData=org.apache.commons.dbcp.DelegatingDatabaseMetaData@29324c31, edges=[]) - start
146039 [main] DEBUG org.dbunit.database.search.AbstractMetaDataBasedSearchCallback  - Getting edges for node USERS_AUTHORITIES
146039 [main] TRACE org.dbunit.database.DatabaseConfig  - getProperty(name=http://www.dbunit.org/properties/metadataHandler) - start
146039 [main] TRACE org.dbunit.database.DefaultMetadataHandler  - tableExists(metaData=org.apache.commons.dbcp.DelegatingDatabaseMetaData@29324c31, schemaName=null, tableName=USERS_AUTHORITIES) - start
146040 [main] DEBUG org.dbunit.util.SQLHelper  - close(resultSet=org.apache.commons.dbcp.DelegatingResultSet@73fe10b6) - start
146040 [main] DEBUG org.dbunit.util.SQLHelper  - close(resultSet=org.apache.commons.dbcp.DelegatingResultSet@295cdb9a) - start
146040 [main] DEBUG org.dbunit.util.search.DepthFirstSearch  - Adding node USERS_AUTHORITIES to the final result
146040 [main] DEBUG org.dbunit.util.search.DepthFirstSearch  - search:AUTHORITY
146040 [main] DEBUG org.dbunit.database.search.ExportedKeysSearchCallback  - searchNode(node=AUTHORITY) - start
146040 [main] DEBUG org.dbunit.util.search.DepthFirstSearch  - Pushing AUTHORITY
146040 [main] DEBUG org.dbunit.database.search.ExportedKeysSearchCallback  - getEdges(node=AUTHORITY) - start
146040 [main] DEBUG org.dbunit.database.search.AbstractMetaDataBasedSearchCallback  - getNodesFromExportedKeys(node=AUTHORITY) - start
146041 [main] DEBUG org.dbunit.database.search.AbstractMetaDataBasedSearchCallback  - getNodes(type=1, node=AUTHORITY) - start
146041 [main] DEBUG org.dbunit.database.DatabaseDataSourceConnection  - getConnection() - start
146041 [main] DEBUG org.dbunit.database.search.AbstractMetaDataBasedSearchCallback  - getNodes(type=1, node=AUTHORITY, conn=Transaction-aware proxy for target Connection [jdbc:hsqldb:mem:kontrollDS, UserName=sw, HSQL Database Engine Driver], schema=null, metaData=org.apache.commons.dbcp.DelegatingDatabaseMetaData@f5570ad, edges=[]) - start
146041 [main] DEBUG org.dbunit.database.search.AbstractMetaDataBasedSearchCallback  - Getting edges for node AUTHORITY
146041 [main] TRACE org.dbunit.database.DatabaseConfig  - getProperty(name=http://www.dbunit.org/properties/metadataHandler) - start
146041 [main] TRACE org.dbunit.database.DefaultMetadataHandler  - tableExists(metaData=org.apache.commons.dbcp.DelegatingDatabaseMetaData@f5570ad, schemaName=null, tableName=AUTHORITY) - start
146042 [main] DEBUG org.dbunit.util.SQLHelper  - close(resultSet=org.apache.commons.dbcp.DelegatingResultSet@4d989cda) - start
146042 [main] DEBUG org.dbunit.util.QualifiedTableName  - getQualifiedNameIfEnabled(config=org.dbunit.database.DatabaseConfig[, _propertyMap={http://www.dbunit.org/properties/statementFactory=org.dbunit.database.statement.PreparedStatementFactory@626bc2b8, http://www.dbunit.org/features/caseSensitiveTableNames=false, http://www.dbunit.org/properties/fetchSize=100, http://www.dbunit.org/features/batchedStatements=false, http://www.dbunit.org/properties/metadataHandler=org.dbunit.database.DefaultMetadataHandler@3bbfdfde, http://www.dbunit.org/properties/datatypeFactory=org.dbunit.dataset.datatype.DefaultDataTypeFactory[_toleratedDeltaMap=org.dbunit.dataset.datatype.ToleratedDeltaMap@6452310a], http://www.dbunit.org/properties/escapePattern=null, http://www.dbunit.org/properties/batchSize=100, http://www.dbunit.org/features/qualifiedTableNames=false, http://www.dbunit.org/properties/tableType=[Ljava.lang.String;@5011bafa, http://www.dbunit.org/properties/resultSetTableFactory=org.dbunit.database.CachedResultSetTableFactory@10bcf083, http://www.dbunit.org/features/datatypeWarning=true}]) - start
146042 [main] TRACE org.dbunit.database.DatabaseConfig  - getFeature(name=http://www.dbunit.org/features/qualifiedTableNames) - start
146042 [main] TRACE org.dbunit.database.DatabaseConfig  - getProperty(name=http://www.dbunit.org/features/qualifiedTableNames) - start
146042 [main] DEBUG org.dbunit.util.QualifiedTableName  - Qualified table names feature is disabled. Returning plain table name
146042 [main] DEBUG org.dbunit.util.QualifiedTableName  - getQualifiedName(prefix=null, name=AUTHORITY, escapePattern=null) - start
146042 [main] DEBUG org.dbunit.util.QualifiedTableName  - getQualifiedNameIfEnabled(config=org.dbunit.database.DatabaseConfig[, _propertyMap={http://www.dbunit.org/properties/statementFactory=org.dbunit.database.statement.PreparedStatementFactory@626bc2b8, http://www.dbunit.org/features/caseSensitiveTableNames=false, http://www.dbunit.org/properties/fetchSize=100, http://www.dbunit.org/features/batchedStatements=false, http://www.dbunit.org/properties/metadataHandler=org.dbunit.database.DefaultMetadataHandler@3bbfdfde, http://www.dbunit.org/properties/datatypeFactory=org.dbunit.dataset.datatype.DefaultDataTypeFactory[_toleratedDeltaMap=org.dbunit.dataset.datatype.ToleratedDeltaMap@6452310a], http://www.dbunit.org/properties/escapePattern=null, http://www.dbunit.org/properties/batchSize=100, http://www.dbunit.org/features/qualifiedTableNames=false, http://www.dbunit.org/properties/tableType=[Ljava.lang.String;@5011bafa, http://www.dbunit.org/properties/resultSetTableFactory=org.dbunit.database.CachedResultSetTableFactory@10bcf083, http://www.dbunit.org/features/datatypeWarning=true}]) - start
146042 [main] TRACE org.dbunit.database.DatabaseConfig  - getFeature(name=http://www.dbunit.org/features/qualifiedTableNames) - start
146042 [main] TRACE org.dbunit.database.DatabaseConfig  - getProperty(name=http://www.dbunit.org/features/qualifiedTableNames) - start
146042 [main] DEBUG org.dbunit.util.QualifiedTableName  - Qualified table names feature is disabled. Returning plain table name
146042 [main] DEBUG org.dbunit.util.QualifiedTableName  - getQualifiedName(prefix=null, name=USERS_AUTHORITIES, escapePattern=null) - start
146042 [main] DEBUG org.dbunit.database.search.AbstractMetaDataBasedSearchCallback  - newEdge(rs=org.apache.commons.dbcp.DelegatingResultSet@68a5ffb6, type=1, from=AUTHORITY, to=USERS_AUTHORITIES, fkColumn=AUTHORITY_ID, pkColumn=ID) - start
146042 [main] DEBUG org.dbunit.database.search.AbstractMetaDataBasedSearchCallback  - createFKEdge(rs=org.apache.commons.dbcp.DelegatingResultSet@68a5ffb6, type=1, from=AUTHORITY, to=USERS_AUTHORITIES, fkColumn=AUTHORITY_ID, pkColumn=ID) - start
146042 [main] DEBUG org.dbunit.database.search.AbstractMetaDataBasedSearchCallback  - Adding edge USERS_AUTHORITIES(AUTHORITY_ID)->AUTHORITY(ID)
146042 [main] DEBUG org.dbunit.util.search.Edge  - compareTo(o=USERS_AUTHORITIES(AUTHORITY_ID)->AUTHORITY(ID)) - start
146042 [main] DEBUG org.dbunit.util.SQLHelper  - close(resultSet=org.apache.commons.dbcp.DelegatingResultSet@68a5ffb6) - start
146042 [main] DEBUG org.dbunit.util.search.DepthFirstSearch  - search:AUTHORITY
146042 [main] DEBUG org.dbunit.util.search.DepthFirstSearch  - already searched; returning true
146042 [main] DEBUG org.dbunit.util.search.DepthFirstSearch  - Adding node AUTHORITY to the final result
146043 [main] DEBUG org.dbunit.database.search.TablesDependencyHelper  - getDirectDependentTables(connection=_databaseConfig=org.dbunit.database.DatabaseConfig[, _propertyMap={http://www.dbunit.org/properties/statementFactory=org.dbunit.database.statement.PreparedStatementFactory@626bc2b8, http://www.dbunit.org/features/caseSensitiveTableNames=false, http://www.dbunit.org/properties/fetchSize=100, http://www.dbunit.org/features/batchedStatements=false, http://www.dbunit.org/properties/metadataHandler=org.dbunit.database.DefaultMetadataHandler@3bbfdfde, http://www.dbunit.org/properties/datatypeFactory=org.dbunit.dataset.datatype.DefaultDataTypeFactory[_toleratedDeltaMap=org.dbunit.dataset.datatype.ToleratedDeltaMap@6452310a], http://www.dbunit.org/properties/escapePattern=null, http://www.dbunit.org/properties/batchSize=100, http://www.dbunit.org/features/qualifiedTableNames=false, http://www.dbunit.org/properties/tableType=[Ljava.lang.String;@5011bafa, http://www.dbunit.org/properties/resultSetTableFactory=org.dbunit.database.CachedResultSetTableFactory@10bcf083, http://www.dbunit.org/features/datatypeWarning=true}], _dataSet=AbstractDataSet[_orderedTableNameMap=null], tableName=AUTHORITY) - start
146043 [main] DEBUG org.dbunit.util.search.DepthFirstSearch  - search(nodesFrom=[AUTHORITY], callback=org.dbunit.database.search.ImportedKeysSearchCallback@501cdc04) - start
146043 [main] DEBUG org.dbunit.util.CollectionsHelper  - objectsToSet(objects=AUTHORITY) - start
146043 [main] DEBUG org.dbunit.util.search.DepthFirstSearch  - search(nodesFrom=[AUTHORITY], callback=org.dbunit.database.search.ImportedKeysSearchCallback@501cdc04) - start
146043 [main] DEBUG org.dbunit.util.search.DepthFirstSearch  - reverseSearch:AUTHORITY
146043 [main] DEBUG org.dbunit.database.search.ImportedKeysSearchCallback  - searchNode(node=AUTHORITY) - start
146043 [main] DEBUG org.dbunit.util.search.DepthFirstSearch  - Pushing (reverse) AUTHORITY
146043 [main] DEBUG org.dbunit.database.search.ImportedKeysSearchCallback  - getEdges(node=AUTHORITY) - start
146043 [main] DEBUG org.dbunit.database.search.AbstractMetaDataBasedSearchCallback  - getNodesFromImportedKeys(node=AUTHORITY) - start
146043 [main] DEBUG org.dbunit.database.search.AbstractMetaDataBasedSearchCallback  - getNodes(type=0, node=AUTHORITY) - start
146043 [main] DEBUG org.dbunit.database.DatabaseDataSourceConnection  - getConnection() - start
146043 [main] DEBUG org.dbunit.database.search.AbstractMetaDataBasedSearchCallback  - getNodes(type=0, node=AUTHORITY, conn=Transaction-aware proxy for target Connection [jdbc:hsqldb:mem:kontrollDS, UserName=sw, HSQL Database Engine Driver], schema=null, metaData=org.apache.commons.dbcp.DelegatingDatabaseMetaData@16b0b3b3, edges=[]) - start
146043 [main] DEBUG org.dbunit.database.search.AbstractMetaDataBasedSearchCallback  - Getting edges for node AUTHORITY
146043 [main] TRACE org.dbunit.database.DatabaseConfig  - getProperty(name=http://www.dbunit.org/properties/metadataHandler) - start
146043 [main] TRACE org.dbunit.database.DefaultMetadataHandler  - tableExists(metaData=org.apache.commons.dbcp.DelegatingDatabaseMetaData@16b0b3b3, schemaName=null, tableName=AUTHORITY) - start
146044 [main] DEBUG org.dbunit.util.SQLHelper  - close(resultSet=org.apache.commons.dbcp.DelegatingResultSet@4fadc9d8) - start
146044 [main] DEBUG org.dbunit.util.SQLHelper  - close(resultSet=org.apache.commons.dbcp.DelegatingResultSet@276108d1) - start
146044 [main] DEBUG org.dbunit.util.search.DepthFirstSearch  - search:AUTHORITY
146044 [main] DEBUG org.dbunit.database.search.ImportedKeysSearchCallback  - searchNode(node=AUTHORITY) - start
146044 [main] DEBUG org.dbunit.util.search.DepthFirstSearch  - Pushing AUTHORITY
146044 [main] DEBUG org.dbunit.database.search.ImportedKeysSearchCallback  - getEdges(node=AUTHORITY) - start
146044 [main] DEBUG org.dbunit.database.search.AbstractMetaDataBasedSearchCallback  - getNodesFromImportedKeys(node=AUTHORITY) - start
146044 [main] DEBUG org.dbunit.database.search.AbstractMetaDataBasedSearchCallback  - getNodes(type=0, node=AUTHORITY) - start
146045 [main] DEBUG org.dbunit.database.DatabaseDataSourceConnection  - getConnection() - start
146045 [main] DEBUG org.dbunit.database.search.AbstractMetaDataBasedSearchCallback  - getNodes(type=0, node=AUTHORITY, conn=Transaction-aware proxy for target Connection [jdbc:hsqldb:mem:kontrollDS, UserName=sw, HSQL Database Engine Driver], schema=null, metaData=org.apache.commons.dbcp.DelegatingDatabaseMetaData@5389e589, edges=[]) - start
146045 [main] DEBUG org.dbunit.database.search.AbstractMetaDataBasedSearchCallback  - Getting edges for node AUTHORITY
146045 [main] TRACE org.dbunit.database.DatabaseConfig  - getProperty(name=http://www.dbunit.org/properties/metadataHandler) - start
146045 [main] TRACE org.dbunit.database.DefaultMetadataHandler  - tableExists(metaData=org.apache.commons.dbcp.DelegatingDatabaseMetaData@5389e589, schemaName=null, tableName=AUTHORITY) - start
146046 [main] DEBUG org.dbunit.util.SQLHelper  - close(resultSet=org.apache.commons.dbcp.DelegatingResultSet@5e552dad) - start
146046 [main] DEBUG org.dbunit.util.SQLHelper  - close(resultSet=org.apache.commons.dbcp.DelegatingResultSet@258fb96b) - start
146046 [main] DEBUG org.dbunit.util.search.DepthFirstSearch  - Adding node AUTHORITY to the final result
146046 [main] DEBUG org.dbunit.database.DatabaseSequenceFilter  - getDependencyInfo(connection=_databaseConfig=org.dbunit.database.DatabaseConfig[, _propertyMap={http://www.dbunit.org/properties/statementFactory=org.dbunit.database.statement.PreparedStatementFactory@626bc2b8, http://www.dbunit.org/features/caseSensitiveTableNames=false, http://www.dbunit.org/properties/fetchSize=100, http://www.dbunit.org/features/batchedStatements=false, http://www.dbunit.org/properties/metadataHandler=org.dbunit.database.DefaultMetadataHandler@3bbfdfde, http://www.dbunit.org/properties/datatypeFactory=org.dbunit.dataset.datatype.DefaultDataTypeFactory[_toleratedDeltaMap=org.dbunit.dataset.datatype.ToleratedDeltaMap@6452310a], http://www.dbunit.org/properties/escapePattern=null, http://www.dbunit.org/properties/batchSize=100, http://www.dbunit.org/features/qualifiedTableNames=false, http://www.dbunit.org/properties/tableType=[Ljava.lang.String;@5011bafa, http://www.dbunit.org/properties/resultSetTableFactory=org.dbunit.database.CachedResultSetTableFactory@10bcf083, http://www.dbunit.org/features/datatypeWarning=true}], _dataSet=AbstractDataSet[_orderedTableNameMap=null], tableName=CAPTION) - start
146046 [main] DEBUG org.dbunit.database.search.TablesDependencyHelper  - getDependentTables(connection=_databaseConfig=org.dbunit.database.DatabaseConfig[, _propertyMap={http://www.dbunit.org/properties/statementFactory=org.dbunit.database.statement.PreparedStatementFactory@626bc2b8, http://www.dbunit.org/features/caseSensitiveTableNames=false, http://www.dbunit.org/properties/fetchSize=100, http://www.dbunit.org/features/batchedStatements=false, http://www.dbunit.org/properties/metadataHandler=org.dbunit.database.DefaultMetadataHandler@3bbfdfde, http://www.dbunit.org/properties/datatypeFactory=org.dbunit.dataset.datatype.DefaultDataTypeFactory[_toleratedDeltaMap=org.dbunit.dataset.datatype.ToleratedDeltaMap@6452310a], http://www.dbunit.org/properties/escapePattern=null, http://www.dbunit.org/properties/batchSize=100, http://www.dbunit.org/features/qualifiedTableNames=false, http://www.dbunit.org/properties/tableType=[Ljava.lang.String;@5011bafa, http://www.dbunit.org/properties/resultSetTableFactory=org.dbunit.database.CachedResultSetTableFactory@10bcf083, http://www.dbunit.org/features/datatypeWarning=true}], _dataSet=AbstractDataSet[_orderedTableNameMap=null], rootTable=CAPTION) - start
146046 [main] DEBUG org.dbunit.database.search.TablesDependencyHelper  - getDependentTables(connection=_databaseConfig=org.dbunit.database.DatabaseConfig[, _propertyMap={http://www.dbunit.org/properties/statementFactory=org.dbunit.database.statement.PreparedStatementFactory@626bc2b8, http://www.dbunit.org/features/caseSensitiveTableNames=false, http://www.dbunit.org/properties/fetchSize=100, http://www.dbunit.org/features/batchedStatements=false, http://www.dbunit.org/properties/metadataHandler=org.dbunit.database.DefaultMetadataHandler@3bbfdfde, http://www.dbunit.org/properties/datatypeFactory=org.dbunit.dataset.datatype.DefaultDataTypeFactory[_toleratedDeltaMap=org.dbunit.dataset.datatype.ToleratedDeltaMap@6452310a], http://www.dbunit.org/properties/escapePattern=null, http://www.dbunit.org/properties/batchSize=100, http://www.dbunit.org/features/qualifiedTableNames=false, http://www.dbunit.org/properties/tableType=[Ljava.lang.String;@5011bafa, http://www.dbunit.org/properties/resultSetTableFactory=org.dbunit.database.CachedResultSetTableFactory@10bcf083, http://www.dbunit.org/features/datatypeWarning=true}], _dataSet=AbstractDataSet[_orderedTableNameMap=null], rootTables=[CAPTION]) - start
146046 [main] DEBUG org.dbunit.util.search.DepthFirstSearch  - search(nodesFrom=[CAPTION], callback=org.dbunit.database.search.ImportedKeysSearchCallback@20b2a07e) - start
146046 [main] DEBUG org.dbunit.util.CollectionsHelper  - objectsToSet(objects=CAPTION) - start
146046 [main] DEBUG org.dbunit.util.search.DepthFirstSearch  - search(nodesFrom=[CAPTION], callback=org.dbunit.database.search.ImportedKeysSearchCallback@20b2a07e) - start
146046 [main] DEBUG org.dbunit.util.search.DepthFirstSearch  - reverseSearch:CAPTION
146046 [main] DEBUG org.dbunit.database.search.ImportedKeysSearchCallback  - searchNode(node=CAPTION) - start
146046 [main] DEBUG org.dbunit.util.search.DepthFirstSearch  - Pushing (reverse) CAPTION
146046 [main] DEBUG org.dbunit.database.search.ImportedKeysSearchCallback  - getEdges(node=CAPTION) - start
146046 [main] DEBUG org.dbunit.database.search.AbstractMetaDataBasedSearchCallback  - getNodesFromImportedKeys(node=CAPTION) - start
146046 [main] DEBUG org.dbunit.database.search.AbstractMetaDataBasedSearchCallback  - getNodes(type=0, node=CAPTION) - start
146046 [main] DEBUG org.dbunit.database.DatabaseDataSourceConnection  - getConnection() - start
146047 [main] DEBUG org.dbunit.database.search.AbstractMetaDataBasedSearchCallback  - getNodes(type=0, node=CAPTION, conn=Transaction-aware proxy for target Connection [jdbc:hsqldb:mem:kontrollDS, UserName=sw, HSQL Database Engine Driver], schema=null, metaData=org.apache.commons.dbcp.DelegatingDatabaseMetaData@2f46c0f7, edges=[]) - start
146047 [main] DEBUG org.dbunit.database.search.AbstractMetaDataBasedSearchCallback  - Getting edges for node CAPTION
146047 [main] TRACE org.dbunit.database.DatabaseConfig  - getProperty(name=http://www.dbunit.org/properties/metadataHandler) - start
146047 [main] TRACE org.dbunit.database.DefaultMetadataHandler  - tableExists(metaData=org.apache.commons.dbcp.DelegatingDatabaseMetaData@2f46c0f7, schemaName=null, tableName=CAPTION) - start
146048 [main] DEBUG org.dbunit.util.SQLHelper  - close(resultSet=org.apache.commons.dbcp.DelegatingResultSet@4e0596b5) - start
146048 [main] DEBUG org.dbunit.util.SQLHelper  - close(resultSet=org.apache.commons.dbcp.DelegatingResultSet@cf92a81) - start
146048 [main] DEBUG org.dbunit.util.search.DepthFirstSearch  - search:CAPTION
146048 [main] DEBUG org.dbunit.database.search.ImportedKeysSearchCallback  - searchNode(node=CAPTION) - start
146048 [main] DEBUG org.dbunit.util.search.DepthFirstSearch  - Pushing CAPTION
146048 [main] DEBUG org.dbunit.database.search.ImportedKeysSearchCallback  - getEdges(node=CAPTION) - start
146048 [main] DEBUG org.dbunit.database.search.AbstractMetaDataBasedSearchCallback  - getNodesFromImportedKeys(node=CAPTION) - start
146048 [main] DEBUG org.dbunit.database.search.AbstractMetaDataBasedSearchCallback  - getNodes(type=0, node=CAPTION) - start
146048 [main] DEBUG org.dbunit.database.DatabaseDataSourceConnection  - getConnection() - start
146048 [main] DEBUG org.dbunit.database.search.AbstractMetaDataBasedSearchCallback  - getNodes(type=0, node=CAPTION, conn=Transaction-aware proxy for target Connection [jdbc:hsqldb:mem:kontrollDS, UserName=sw, HSQL Database Engine Driver], schema=null, metaData=org.apache.commons.dbcp.DelegatingDatabaseMetaData@3a5581ce, edges=[]) - start
146048 [main] DEBUG org.dbunit.database.search.AbstractMetaDataBasedSearchCallback  - Getting edges for node CAPTION
146048 [main] TRACE org.dbunit.database.DatabaseConfig  - getProperty(name=http://www.dbunit.org/properties/metadataHandler) - start
146048 [main] TRACE org.dbunit.database.DefaultMetadataHandler  - tableExists(metaData=org.apache.commons.dbcp.DelegatingDatabaseMetaData@3a5581ce, schemaName=null, tableName=CAPTION) - start
146049 [main] DEBUG org.dbunit.util.SQLHelper  - close(resultSet=org.apache.commons.dbcp.DelegatingResultSet@33c830f9) - start
146049 [main] DEBUG org.dbunit.util.SQLHelper  - close(resultSet=org.apache.commons.dbcp.DelegatingResultSet@21843512) - start
146049 [main] DEBUG org.dbunit.util.search.DepthFirstSearch  - Adding node CAPTION to the final result
146049 [main] DEBUG org.dbunit.util.CollectionsHelper  - setToStrings(set=[CAPTION]) - start
146049 [main] DEBUG org.dbunit.database.search.TablesDependencyHelper  - getDependsOnTables(connection=_databaseConfig=org.dbunit.database.DatabaseConfig[, _propertyMap={http://www.dbunit.org/properties/statementFactory=org.dbunit.database.statement.PreparedStatementFactory@626bc2b8, http://www.dbunit.org/features/caseSensitiveTableNames=false, http://www.dbunit.org/properties/fetchSize=100, http://www.dbunit.org/features/batchedStatements=false, http://www.dbunit.org/properties/metadataHandler=org.dbunit.database.DefaultMetadataHandler@3bbfdfde, http://www.dbunit.org/properties/datatypeFactory=org.dbunit.dataset.datatype.DefaultDataTypeFactory[_toleratedDeltaMap=org.dbunit.dataset.datatype.ToleratedDeltaMap@6452310a], http://www.dbunit.org/properties/escapePattern=null, http://www.dbunit.org/properties/batchSize=100, http://www.dbunit.org/features/qualifiedTableNames=false, http://www.dbunit.org/properties/tableType=[Ljava.lang.String;@5011bafa, http://www.dbunit.org/properties/resultSetTableFactory=org.dbunit.database.CachedResultSetTableFactory@10bcf083, http://www.dbunit.org/features/datatypeWarning=true}], _dataSet=AbstractDataSet[_orderedTableNameMap=null], rootTable=CAPTION) - start
146050 [main] DEBUG org.dbunit.util.search.DepthFirstSearch  - search(nodesFrom=[CAPTION], callback=org.dbunit.database.search.ExportedKeysSearchCallback@2f0a90c) - start
146050 [main] DEBUG org.dbunit.util.CollectionsHelper  - objectsToSet(objects=CAPTION) - start
146050 [main] DEBUG org.dbunit.util.search.DepthFirstSearch  - search(nodesFrom=[CAPTION], callback=org.dbunit.database.search.ExportedKeysSearchCallback@2f0a90c) - start
146050 [main] DEBUG org.dbunit.util.search.DepthFirstSearch  - reverseSearch:CAPTION
146050 [main] DEBUG org.dbunit.database.search.ExportedKeysSearchCallback  - searchNode(node=CAPTION) - start
146050 [main] DEBUG org.dbunit.util.search.DepthFirstSearch  - Pushing (reverse) CAPTION
146050 [main] DEBUG org.dbunit.database.search.ExportedKeysSearchCallback  - getEdges(node=CAPTION) - start
146050 [main] DEBUG org.dbunit.database.search.AbstractMetaDataBasedSearchCallback  - getNodesFromExportedKeys(node=CAPTION) - start
146050 [main] DEBUG org.dbunit.database.search.AbstractMetaDataBasedSearchCallback  - getNodes(type=1, node=CAPTION) - start
146050 [main] DEBUG org.dbunit.database.DatabaseDataSourceConnection  - getConnection() - start
146050 [main] DEBUG org.dbunit.database.search.AbstractMetaDataBasedSearchCallback  - getNodes(type=1, node=CAPTION, conn=Transaction-aware proxy for target Connection [jdbc:hsqldb:mem:kontrollDS, UserName=sw, HSQL Database Engine Driver], schema=null, metaData=org.apache.commons.dbcp.DelegatingDatabaseMetaData@5ea5456, edges=[]) - start
146050 [main] DEBUG org.dbunit.database.search.AbstractMetaDataBasedSearchCallback  - Getting edges for node CAPTION
146050 [main] TRACE org.dbunit.database.DatabaseConfig  - getProperty(name=http://www.dbunit.org/properties/metadataHandler) - start
146050 [main] TRACE org.dbunit.database.DefaultMetadataHandler  - tableExists(metaData=org.apache.commons.dbcp.DelegatingDatabaseMetaData@5ea5456, schemaName=null, tableName=CAPTION) - start
146051 [main] DEBUG org.dbunit.util.SQLHelper  - close(resultSet=org.apache.commons.dbcp.DelegatingResultSet@96011ff) - start
146051 [main] DEBUG org.dbunit.util.SQLHelper  - close(resultSet=org.apache.commons.dbcp.DelegatingResultSet@13ea6a3e) - start
146051 [main] DEBUG org.dbunit.util.search.DepthFirstSearch  - search:CAPTION
146051 [main] DEBUG org.dbunit.database.search.ExportedKeysSearchCallback  - searchNode(node=CAPTION) - start
146051 [main] DEBUG org.dbunit.util.search.DepthFirstSearch  - Pushing CAPTION
146051 [main] DEBUG org.dbunit.database.search.ExportedKeysSearchCallback  - getEdges(node=CAPTION) - start
146051 [main] DEBUG org.dbunit.database.search.AbstractMetaDataBasedSearchCallback  - getNodesFromExportedKeys(node=CAPTION) - start
146051 [main] DEBUG org.dbunit.database.search.AbstractMetaDataBasedSearchCallback  - getNodes(type=1, node=CAPTION) - start
146051 [main] DEBUG org.dbunit.database.DatabaseDataSourceConnection  - getConnection() - start
146051 [main] DEBUG org.dbunit.database.search.AbstractMetaDataBasedSearchCallback  - getNodes(type=1, node=CAPTION, conn=Transaction-aware proxy for target Connection [jdbc:hsqldb:mem:kontrollDS, UserName=sw, HSQL Database Engine Driver], schema=null, metaData=org.apache.commons.dbcp.DelegatingDatabaseMetaData@2e516a9, edges=[]) - start
146051 [main] DEBUG org.dbunit.database.search.AbstractMetaDataBasedSearchCallback  - Getting edges for node CAPTION
146052 [main] TRACE org.dbunit.database.DatabaseConfig  - getProperty(name=http://www.dbunit.org/properties/metadataHandler) - start
146052 [main] TRACE org.dbunit.database.DefaultMetadataHandler  - tableExists(metaData=org.apache.commons.dbcp.DelegatingDatabaseMetaData@2e516a9, schemaName=null, tableName=CAPTION) - start
146052 [main] DEBUG org.dbunit.util.SQLHelper  - close(resultSet=org.apache.commons.dbcp.DelegatingResultSet@22741a45) - start
146053 [main] DEBUG org.dbunit.util.SQLHelper  - close(resultSet=org.apache.commons.dbcp.DelegatingResultSet@7768a37) - start
146053 [main] DEBUG org.dbunit.util.search.DepthFirstSearch  - Adding node CAPTION to the final result
146053 [main] DEBUG org.dbunit.util.CollectionsHelper  - setToStrings(set=[CAPTION]) - start
146053 [main] DEBUG org.dbunit.database.search.TablesDependencyHelper  - getDirectDependsOnTables(connection=_databaseConfig=org.dbunit.database.DatabaseConfig[, _propertyMap={http://www.dbunit.org/properties/statementFactory=org.dbunit.database.statement.PreparedStatementFactory@626bc2b8, http://www.dbunit.org/features/caseSensitiveTableNames=false, http://www.dbunit.org/properties/fetchSize=100, http://www.dbunit.org/features/batchedStatements=false, http://www.dbunit.org/properties/metadataHandler=org.dbunit.database.DefaultMetadataHandler@3bbfdfde, http://www.dbunit.org/properties/datatypeFactory=org.dbunit.dataset.datatype.DefaultDataTypeFactory[_toleratedDeltaMap=org.dbunit.dataset.datatype.ToleratedDeltaMap@6452310a], http://www.dbunit.org/properties/escapePattern=null, http://www.dbunit.org/properties/batchSize=100, http://www.dbunit.org/features/qualifiedTableNames=false, http://www.dbunit.org/properties/tableType=[Ljava.lang.String;@5011bafa, http://www.dbunit.org/properties/resultSetTableFactory=org.dbunit.database.CachedResultSetTableFactory@10bcf083, http://www.dbunit.org/features/datatypeWarning=true}], _dataSet=AbstractDataSet[_orderedTableNameMap=null], tableName=CAPTION) - start
146053 [main] DEBUG org.dbunit.util.search.DepthFirstSearch  - search(nodesFrom=[CAPTION], callback=org.dbunit.database.search.ExportedKeysSearchCallback@5cdde2ac) - start
146053 [main] DEBUG org.dbunit.util.CollectionsHelper  - objectsToSet(objects=CAPTION) - start
146053 [main] DEBUG org.dbunit.util.search.DepthFirstSearch  - search(nodesFrom=[CAPTION], callback=org.dbunit.database.search.ExportedKeysSearchCallback@5cdde2ac) - start
146053 [main] DEBUG org.dbunit.util.search.DepthFirstSearch  - reverseSearch:CAPTION
146053 [main] DEBUG org.dbunit.database.search.ExportedKeysSearchCallback  - searchNode(node=CAPTION) - start
146053 [main] DEBUG org.dbunit.util.search.DepthFirstSearch  - Pushing (reverse) CAPTION
146053 [main] DEBUG org.dbunit.database.search.ExportedKeysSearchCallback  - getEdges(node=CAPTION) - start
146053 [main] DEBUG org.dbunit.database.search.AbstractMetaDataBasedSearchCallback  - getNodesFromExportedKeys(node=CAPTION) - start
146053 [main] DEBUG org.dbunit.database.search.AbstractMetaDataBasedSearchCallback  - getNodes(type=1, node=CAPTION) - start
146053 [main] DEBUG org.dbunit.database.DatabaseDataSourceConnection  - getConnection() - start
146053 [main] DEBUG org.dbunit.database.search.AbstractMetaDataBasedSearchCallback  - getNodes(type=1, node=CAPTION, conn=Transaction-aware proxy for target Connection [jdbc:hsqldb:mem:kontrollDS, UserName=sw, HSQL Database Engine Driver], schema=null, metaData=org.apache.commons.dbcp.DelegatingDatabaseMetaData@6b4cb9d5, edges=[]) - start
146053 [main] DEBUG org.dbunit.database.search.AbstractMetaDataBasedSearchCallback  - Getting edges for node CAPTION
146053 [main] TRACE org.dbunit.database.DatabaseConfig  - getProperty(name=http://www.dbunit.org/properties/metadataHandler) - start
146053 [main] TRACE org.dbunit.database.DefaultMetadataHandler  - tableExists(metaData=org.apache.commons.dbcp.DelegatingDatabaseMetaData@6b4cb9d5, schemaName=null, tableName=CAPTION) - start
146054 [main] DEBUG org.dbunit.util.SQLHelper  - close(resultSet=org.apache.commons.dbcp.DelegatingResultSet@1b80606f) - start
146054 [main] DEBUG org.dbunit.util.SQLHelper  - close(resultSet=org.apache.commons.dbcp.DelegatingResultSet@a1c01d8) - start
146054 [main] DEBUG org.dbunit.util.search.DepthFirstSearch  - search:CAPTION
146055 [main] DEBUG org.dbunit.database.search.ExportedKeysSearchCallback  - searchNode(node=CAPTION) - start
146055 [main] DEBUG org.dbunit.util.search.DepthFirstSearch  - Pushing CAPTION
146055 [main] DEBUG org.dbunit.database.search.ExportedKeysSearchCallback  - getEdges(node=CAPTION) - start
146055 [main] DEBUG org.dbunit.database.search.AbstractMetaDataBasedSearchCallback  - getNodesFromExportedKeys(node=CAPTION) - start
146055 [main] DEBUG org.dbunit.database.search.AbstractMetaDataBasedSearchCallback  - getNodes(type=1, node=CAPTION) - start
146055 [main] DEBUG org.dbunit.database.DatabaseDataSourceConnection  - getConnection() - start
146055 [main] DEBUG org.dbunit.database.search.AbstractMetaDataBasedSearchCallback  - getNodes(type=1, node=CAPTION, conn=Transaction-aware proxy for target Connection [jdbc:hsqldb:mem:kontrollDS, UserName=sw, HSQL Database Engine Driver], schema=null, metaData=org.apache.commons.dbcp.DelegatingDatabaseMetaData@34bd1117, edges=[]) - start
146055 [main] DEBUG org.dbunit.database.search.AbstractMetaDataBasedSearchCallback  - Getting edges for node CAPTION
146055 [main] TRACE org.dbunit.database.DatabaseConfig  - getProperty(name=http://www.dbunit.org/properties/metadataHandler) - start
146055 [main] TRACE org.dbunit.database.DefaultMetadataHandler  - tableExists(metaData=org.apache.commons.dbcp.DelegatingDatabaseMetaData@34bd1117, schemaName=null, tableName=CAPTION) - start
146056 [main] DEBUG org.dbunit.util.SQLHelper  - close(resultSet=org.apache.commons.dbcp.DelegatingResultSet@3c06332b) - start
146056 [main] DEBUG org.dbunit.util.SQLHelper  - close(resultSet=org.apache.commons.dbcp.DelegatingResultSet@674525e1) - start
146056 [main] DEBUG org.dbunit.util.search.DepthFirstSearch  - Adding node CAPTION to the final result
146056 [main] DEBUG org.dbunit.database.search.TablesDependencyHelper  - getDirectDependentTables(connection=_databaseConfig=org.dbunit.database.DatabaseConfig[, _propertyMap={http://www.dbunit.org/properties/statementFactory=org.dbunit.database.statement.PreparedStatementFactory@626bc2b8, http://www.dbunit.org/features/caseSensitiveTableNames=false, http://www.dbunit.org/properties/fetchSize=100, http://www.dbunit.org/features/batchedStatements=false, http://www.dbunit.org/properties/metadataHandler=org.dbunit.database.DefaultMetadataHandler@3bbfdfde, http://www.dbunit.org/properties/datatypeFactory=org.dbunit.dataset.datatype.DefaultDataTypeFactory[_toleratedDeltaMap=org.dbunit.dataset.datatype.ToleratedDeltaMap@6452310a], http://www.dbunit.org/properties/escapePattern=null, http://www.dbunit.org/properties/batchSize=100, http://www.dbunit.org/features/qualifiedTableNames=false, http://www.dbunit.org/properties/tableType=[Ljava.lang.String;@5011bafa, http://www.dbunit.org/properties/resultSetTableFactory=org.dbunit.database.CachedResultSetTableFactory@10bcf083, http://www.dbunit.org/features/datatypeWarning=true}], _dataSet=AbstractDataSet[_orderedTableNameMap=null], tableName=CAPTION) - start
146056 [main] DEBUG org.dbunit.util.search.DepthFirstSearch  - search(nodesFrom=[CAPTION], callback=org.dbunit.database.search.ImportedKeysSearchCallback@2a591eb6) - start
146056 [main] DEBUG org.dbunit.util.CollectionsHelper  - objectsToSet(objects=CAPTION) - start
146056 [main] DEBUG org.dbunit.util.search.DepthFirstSearch  - search(nodesFrom=[CAPTION], callback=org.dbunit.database.search.ImportedKeysSearchCallback@2a591eb6) - start
146056 [main] DEBUG org.dbunit.util.search.DepthFirstSearch  - reverseSearch:CAPTION
146056 [main] DEBUG org.dbunit.database.search.ImportedKeysSearchCallback  - searchNode(node=CAPTION) - start
146056 [main] DEBUG org.dbunit.util.search.DepthFirstSearch  - Pushing (reverse) CAPTION
146056 [main] DEBUG org.dbunit.database.search.ImportedKeysSearchCallback  - getEdges(node=CAPTION) - start
146056 [main] DEBUG org.dbunit.database.search.AbstractMetaDataBasedSearchCallback  - getNodesFromImportedKeys(node=CAPTION) - start
146056 [main] DEBUG org.dbunit.database.search.AbstractMetaDataBasedSearchCallback  - getNodes(type=0, node=CAPTION) - start
146056 [main] DEBUG org.dbunit.database.DatabaseDataSourceConnection  - getConnection() - start
146056 [main] DEBUG org.dbunit.database.search.AbstractMetaDataBasedSearchCallback  - getNodes(type=0, node=CAPTION, conn=Transaction-aware proxy for target Connection [jdbc:hsqldb:mem:kontrollDS, UserName=sw, HSQL Database Engine Driver], schema=null, metaData=org.apache.commons.dbcp.DelegatingDatabaseMetaData@40ef5472, edges=[]) - start
146056 [main] DEBUG org.dbunit.database.search.AbstractMetaDataBasedSearchCallback  - Getting edges for node CAPTION
146057 [main] TRACE org.dbunit.database.DatabaseConfig  - getProperty(name=http://www.dbunit.org/properties/metadataHandler) - start
146057 [main] TRACE org.dbunit.database.DefaultMetadataHandler  - tableExists(metaData=org.apache.commons.dbcp.DelegatingDatabaseMetaData@40ef5472, schemaName=null, tableName=CAPTION) - start
146058 [main] DEBUG org.dbunit.util.SQLHelper  - close(resultSet=org.apache.commons.dbcp.DelegatingResultSet@1a46ebe8) - start
146058 [main] DEBUG org.dbunit.util.SQLHelper  - close(resultSet=org.apache.commons.dbcp.DelegatingResultSet@59b7d91) - start
146058 [main] DEBUG org.dbunit.util.search.DepthFirstSearch  - search:CAPTION
146058 [main] DEBUG org.dbunit.database.search.ImportedKeysSearchCallback  - searchNode(node=CAPTION) - start
146058 [main] DEBUG org.dbunit.util.search.DepthFirstSearch  - Pushing CAPTION
146058 [main] DEBUG org.dbunit.database.search.ImportedKeysSearchCallback  - getEdges(node=CAPTION) - start
146058 [main] DEBUG org.dbunit.database.search.AbstractMetaDataBasedSearchCallback  - getNodesFromImportedKeys(node=CAPTION) - start
146058 [main] DEBUG org.dbunit.database.search.AbstractMetaDataBasedSearchCallback  - getNodes(type=0, node=CAPTION) - start
146058 [main] DEBUG org.dbunit.database.DatabaseDataSourceConnection  - getConnection() - start
146058 [main] DEBUG org.dbunit.database.search.AbstractMetaDataBasedSearchCallback  - getNodes(type=0, node=CAPTION, conn=Transaction-aware proxy for target Connection [jdbc:hsqldb:mem:kontrollDS, UserName=sw, HSQL Database Engine Driver], schema=null, metaData=org.apache.commons.dbcp.DelegatingDatabaseMetaData@2350bd77, edges=[]) - start
146058 [main] DEBUG org.dbunit.database.search.AbstractMetaDataBasedSearchCallback  - Getting edges for node CAPTION
146058 [main] TRACE org.dbunit.database.DatabaseConfig  - getProperty(name=http://www.dbunit.org/properties/metadataHandler) - start
146058 [main] TRACE org.dbunit.database.DefaultMetadataHandler  - tableExists(metaData=org.apache.commons.dbcp.DelegatingDatabaseMetaData@2350bd77, schemaName=null, tableName=CAPTION) - start
146059 [main] DEBUG org.dbunit.util.SQLHelper  - close(resultSet=org.apache.commons.dbcp.DelegatingResultSet@600e85f5) - start
146059 [main] DEBUG org.dbunit.util.SQLHelper  - close(resultSet=org.apache.commons.dbcp.DelegatingResultSet@f7632e7) - start
146059 [main] DEBUG org.dbunit.util.search.DepthFirstSearch  - Adding node CAPTION to the final result
146059 [main] DEBUG org.dbunit.database.DatabaseSequenceFilter  - getDependencyInfo(connection=_databaseConfig=org.dbunit.database.DatabaseConfig[, _propertyMap={http://www.dbunit.org/properties/statementFactory=org.dbunit.database.statement.PreparedStatementFactory@626bc2b8, http://www.dbunit.org/features/caseSensitiveTableNames=false, http://www.dbunit.org/properties/fetchSize=100, http://www.dbunit.org/features/batchedStatements=false, http://www.dbunit.org/properties/metadataHandler=org.dbunit.database.DefaultMetadataHandler@3bbfdfde, http://www.dbunit.org/properties/datatypeFactory=org.dbunit.dataset.datatype.DefaultDataTypeFactory[_toleratedDeltaMap=org.dbunit.dataset.datatype.ToleratedDeltaMap@6452310a], http://www.dbunit.org/properties/escapePattern=null, http://www.dbunit.org/properties/batchSize=100, http://www.dbunit.org/features/qualifiedTableNames=false, http://www.dbunit.org/properties/tableType=[Ljava.lang.String;@5011bafa, http://www.dbunit.org/properties/resultSetTableFactory=org.dbunit.database.CachedResultSetTableFactory@10bcf083, http://www.dbunit.org/features/datatypeWarning=true}], _dataSet=AbstractDataSet[_orderedTableNameMap=null], tableName=NESTEDSCOPEDCONTENTCONDITIONS) - start
146059 [main] DEBUG org.dbunit.database.search.TablesDependencyHelper  - getDependentTables(connection=_databaseConfig=org.dbunit.database.DatabaseConfig[, _propertyMap={http://www.dbunit.org/properties/statementFactory=org.dbunit.database.statement.PreparedStatementFactory@626bc2b8, http://www.dbunit.org/features/caseSensitiveTableNames=false, http://www.dbunit.org/properties/fetchSize=100, http://www.dbunit.org/features/batchedStatements=false, http://www.dbunit.org/properties/metadataHandler=org.dbunit.database.DefaultMetadataHandler@3bbfdfde, http://www.dbunit.org/properties/datatypeFactory=org.dbunit.dataset.datatype.DefaultDataTypeFactory[_toleratedDeltaMap=org.dbunit.dataset.datatype.ToleratedDeltaMap@6452310a], http://www.dbunit.org/properties/escapePattern=null, http://www.dbunit.org/properties/batchSize=100, http://www.dbunit.org/features/qualifiedTableNames=false, http://www.dbunit.org/properties/tableType=[Ljava.lang.String;@5011bafa, http://www.dbunit.org/properties/resultSetTableFactory=org.dbunit.database.CachedResultSetTableFactory@10bcf083, http://www.dbunit.org/features/datatypeWarning=true}], _dataSet=AbstractDataSet[_orderedTableNameMap=null], rootTable=NESTEDSCOPEDCONTENTCONDITIONS) - start
146059 [main] DEBUG org.dbunit.database.search.TablesDependencyHelper  - getDependentTables(connection=_databaseConfig=org.dbunit.database.DatabaseConfig[, _propertyMap={http://www.dbunit.org/properties/statementFactory=org.dbunit.database.statement.PreparedStatementFactory@626bc2b8, http://www.dbunit.org/features/caseSensitiveTableNames=false, http://www.dbunit.org/properties/fetchSize=100, http://www.dbunit.org/features/batchedStatements=false, http://www.dbunit.org/properties/metadataHandler=org.dbunit.database.DefaultMetadataHandler@3bbfdfde, http://www.dbunit.org/properties/datatypeFactory=org.dbunit.dataset.datatype.DefaultDataTypeFactory[_toleratedDeltaMap=org.dbunit.dataset.datatype.ToleratedDeltaMap@6452310a], http://www.dbunit.org/properties/escapePattern=null, http://www.dbunit.org/properties/batchSize=100, http://www.dbunit.org/features/qualifiedTableNames=false, http://www.dbunit.org/properties/tableType=[Ljava.lang.String;@5011bafa, http://www.dbunit.org/properties/resultSetTableFactory=org.dbunit.database.CachedResultSetTableFactory@10bcf083, http://www.dbunit.org/features/datatypeWarning=true}], _dataSet=AbstractDataSet[_orderedTableNameMap=null], rootTables=[NESTEDSCOPEDCONTENTCONDITIONS]) - start
146060 [main] DEBUG org.dbunit.util.search.DepthFirstSearch  - search(nodesFrom=[NESTEDSCOPEDCONTENTCONDITIONS], callback=org.dbunit.database.search.ImportedKeysSearchCallback@54f0e88f) - start
146060 [main] DEBUG org.dbunit.util.CollectionsHelper  - objectsToSet(objects=NESTEDSCOPEDCONTENTCONDITIONS) - start
146060 [main] DEBUG org.dbunit.util.search.DepthFirstSearch  - search(nodesFrom=[NESTEDSCOPEDCONTENTCONDITIONS], callback=org.dbunit.database.search.ImportedKeysSearchCallback@54f0e88f) - start
146060 [main] DEBUG org.dbunit.util.search.DepthFirstSearch  - reverseSearch:NESTEDSCOPEDCONTENTCONDITIONS
146060 [main] DEBUG org.dbunit.database.search.ImportedKeysSearchCallback  - searchNode(node=NESTEDSCOPEDCONTENTCONDITIONS) - start
146060 [main] DEBUG org.dbunit.util.search.DepthFirstSearch  - Pushing (reverse) NESTEDSCOPEDCONTENTCONDITIONS
146060 [main] DEBUG org.dbunit.database.search.ImportedKeysSearchCallback  - getEdges(node=NESTEDSCOPEDCONTENTCONDITIONS) - start
146060 [main] DEBUG org.dbunit.database.search.AbstractMetaDataBasedSearchCallback  - getNodesFromImportedKeys(node=NESTEDSCOPEDCONTENTCONDITIONS) - start
146060 [main] DEBUG org.dbunit.database.search.AbstractMetaDataBasedSearchCallback  - getNodes(type=0, node=NESTEDSCOPEDCONTENTCONDITIONS) - start
146060 [main] DEBUG org.dbunit.database.DatabaseDataSourceConnection  - getConnection() - start
146060 [main] DEBUG org.dbunit.database.search.AbstractMetaDataBasedSearchCallback  - getNodes(type=0, node=NESTEDSCOPEDCONTENTCONDITIONS, conn=Transaction-aware proxy for target Connection [jdbc:hsqldb:mem:kontrollDS, UserName=sw, HSQL Database Engine Driver], schema=null, metaData=org.apache.commons.dbcp.DelegatingDatabaseMetaData@14342fda, edges=[]) - start
146060 [main] DEBUG org.dbunit.database.search.AbstractMetaDataBasedSearchCallback  - Getting edges for node NESTEDSCOPEDCONTENTCONDITIONS
146060 [main] TRACE org.dbunit.database.DatabaseConfig  - getProperty(name=http://www.dbunit.org/properties/metadataHandler) - start
146060 [main] TRACE org.dbunit.database.DefaultMetadataHandler  - tableExists(metaData=org.apache.commons.dbcp.DelegatingDatabaseMetaData@14342fda, schemaName=null, tableName=NESTEDSCOPEDCONTENTCONDITIONS) - start
146061 [main] DEBUG org.dbunit.util.SQLHelper  - close(resultSet=org.apache.commons.dbcp.DelegatingResultSet@7adcc6c2) - start
146061 [main] DEBUG org.dbunit.util.QualifiedTableName  - getQualifiedNameIfEnabled(config=org.dbunit.database.DatabaseConfig[, _propertyMap={http://www.dbunit.org/properties/statementFactory=org.dbunit.database.statement.PreparedStatementFactory@626bc2b8, http://www.dbunit.org/features/caseSensitiveTableNames=false, http://www.dbunit.org/properties/fetchSize=100, http://www.dbunit.org/features/batchedStatements=false, http://www.dbunit.org/properties/metadataHandler=org.dbunit.database.DefaultMetadataHandler@3bbfdfde, http://www.dbunit.org/properties/datatypeFactory=org.dbunit.dataset.datatype.DefaultDataTypeFactory[_toleratedDeltaMap=org.dbunit.dataset.datatype.ToleratedDeltaMap@6452310a], http://www.dbunit.org/properties/escapePattern=null, http://www.dbunit.org/properties/batchSize=100, http://www.dbunit.org/features/qualifiedTableNames=false, http://www.dbunit.org/properties/tableType=[Ljava.lang.String;@5011bafa, http://www.dbunit.org/properties/resultSetTableFactory=org.dbunit.database.CachedResultSetTableFactory@10bcf083, http://www.dbunit.org/features/datatypeWarning=true}]) - start
146061 [main] TRACE org.dbunit.database.DatabaseConfig  - getFeature(name=http://www.dbunit.org/features/qualifiedTableNames) - start
146061 [main] TRACE org.dbunit.database.DatabaseConfig  - getProperty(name=http://www.dbunit.org/features/qualifiedTableNames) - start
146061 [main] DEBUG org.dbunit.util.QualifiedTableName  - Qualified table names feature is disabled. Returning plain table name
146061 [main] DEBUG org.dbunit.util.QualifiedTableName  - getQualifiedName(prefix=null, name=NESTEDSCOPEDCONTENTCONDITIONS, escapePattern=null) - start
146061 [main] DEBUG org.dbunit.util.QualifiedTableName  - getQualifiedNameIfEnabled(config=org.dbunit.database.DatabaseConfig[, _propertyMap={http://www.dbunit.org/properties/statementFactory=org.dbunit.database.statement.PreparedStatementFactory@626bc2b8, http://www.dbunit.org/features/caseSensitiveTableNames=false, http://www.dbunit.org/properties/fetchSize=100, http://www.dbunit.org/features/batchedStatements=false, http://www.dbunit.org/properties/metadataHandler=org.dbunit.database.DefaultMetadataHandler@3bbfdfde, http://www.dbunit.org/properties/datatypeFactory=org.dbunit.dataset.datatype.DefaultDataTypeFactory[_toleratedDeltaMap=org.dbunit.dataset.datatype.ToleratedDeltaMap@6452310a], http://www.dbunit.org/properties/escapePattern=null, http://www.dbunit.org/properties/batchSize=100, http://www.dbunit.org/features/qualifiedTableNames=false, http://www.dbunit.org/properties/tableType=[Ljava.lang.String;@5011bafa, http://www.dbunit.org/properties/resultSetTableFactory=org.dbunit.database.CachedResultSetTableFactory@10bcf083, http://www.dbunit.org/features/datatypeWarning=true}]) - start
146061 [main] TRACE org.dbunit.database.DatabaseConfig  - getFeature(name=http://www.dbunit.org/features/qualifiedTableNames) - start
146061 [main] TRACE org.dbunit.database.DatabaseConfig  - getProperty(name=http://www.dbunit.org/features/qualifiedTableNames) - start
146062 [main] DEBUG org.dbunit.util.QualifiedTableName  - Qualified table names feature is disabled. Returning plain table name
146062 [main] DEBUG org.dbunit.util.QualifiedTableName  - getQualifiedName(prefix=null, name=SCOPEDCONTENTCONDITION, escapePattern=null) - start
146062 [main] DEBUG org.dbunit.database.search.AbstractMetaDataBasedSearchCallback  - newEdge(rs=org.apache.commons.dbcp.DelegatingResultSet@5344b2a, type=0, from=NESTEDSCOPEDCONTENTCONDITIONS, to=SCOPEDCONTENTCONDITION, fkColumn=CHILD_CONDITION_ID, pkColumn=ID) - start
146062 [main] DEBUG org.dbunit.database.search.AbstractMetaDataBasedSearchCallback  - createFKEdge(rs=org.apache.commons.dbcp.DelegatingResultSet@5344b2a, type=0, from=NESTEDSCOPEDCONTENTCONDITIONS, to=SCOPEDCONTENTCONDITION, fkColumn=CHILD_CONDITION_ID, pkColumn=ID) - start
146062 [main] DEBUG org.dbunit.database.search.AbstractMetaDataBasedSearchCallback  - Adding edge NESTEDSCOPEDCONTENTCONDITIONS(CHILD_CONDITION_ID)->SCOPEDCONTENTCONDITION(ID)
146062 [main] DEBUG org.dbunit.util.search.Edge  - compareTo(o=NESTEDSCOPEDCONTENTCONDITIONS(CHILD_CONDITION_ID)->SCOPEDCONTENTCONDITION(ID)) - start
146062 [main] DEBUG org.dbunit.util.QualifiedTableName  - getQualifiedNameIfEnabled(config=org.dbunit.database.DatabaseConfig[, _propertyMap={http://www.dbunit.org/properties/statementFactory=org.dbunit.database.statement.PreparedStatementFactory@626bc2b8, http://www.dbunit.org/features/caseSensitiveTableNames=false, http://www.dbunit.org/properties/fetchSize=100, http://www.dbunit.org/features/batchedStatements=false, http://www.dbunit.org/properties/metadataHandler=org.dbunit.database.DefaultMetadataHandler@3bbfdfde, http://www.dbunit.org/properties/datatypeFactory=org.dbunit.dataset.datatype.DefaultDataTypeFactory[_toleratedDeltaMap=org.dbunit.dataset.datatype.ToleratedDeltaMap@6452310a], http://www.dbunit.org/properties/escapePattern=null, http://www.dbunit.org/properties/batchSize=100, http://www.dbunit.org/features/qualifiedTableNames=false, http://www.dbunit.org/properties/tableType=[Ljava.lang.String;@5011bafa, http://www.dbunit.org/properties/resultSetTableFactory=org.dbunit.database.CachedResultSetTableFactory@10bcf083, http://www.dbunit.org/features/datatypeWarning=true}]) - start
146062 [main] TRACE org.dbunit.database.DatabaseConfig  - getFeature(name=http://www.dbunit.org/features/qualifiedTableNames) - start
146062 [main] TRACE org.dbunit.database.DatabaseConfig  - getProperty(name=http://www.dbunit.org/features/qualifiedTableNames) - start
146062 [main] DEBUG org.dbunit.util.QualifiedTableName  - Qualified table names feature is disabled. Returning plain table name
146062 [main] DEBUG org.dbunit.util.QualifiedTableName  - getQualifiedName(prefix=null, name=NESTEDSCOPEDCONTENTCONDITIONS, escapePattern=null) - start
146062 [main] DEBUG org.dbunit.util.QualifiedTableName  - getQualifiedNameIfEnabled(config=org.dbunit.database.DatabaseConfig[, _propertyMap={http://www.dbunit.org/properties/statementFactory=org.dbunit.database.statement.PreparedStatementFactory@626bc2b8, http://www.dbunit.org/features/caseSensitiveTableNames=false, http://www.dbunit.org/properties/fetchSize=100, http://www.dbunit.org/features/batchedStatements=false, http://www.dbunit.org/properties/metadataHandler=org.dbunit.database.DefaultMetadataHandler@3bbfdfde, http://www.dbunit.org/properties/datatypeFactory=org.dbunit.dataset.datatype.DefaultDataTypeFactory[_toleratedDeltaMap=org.dbunit.dataset.datatype.ToleratedDeltaMap@6452310a], http://www.dbunit.org/properties/escapePattern=null, http://www.dbunit.org/properties/batchSize=100, http://www.dbunit.org/features/qualifiedTableNames=false, http://www.dbunit.org/properties/tableType=[Ljava.lang.String;@5011bafa, http://www.dbunit.org/properties/resultSetTableFactory=org.dbunit.database.CachedResultSetTableFactory@10bcf083, http://www.dbunit.org/features/datatypeWarning=true}]) - start
146062 [main] TRACE org.dbunit.database.DatabaseConfig  - getFeature(name=http://www.dbunit.org/features/qualifiedTableNames) - start
146062 [main] TRACE org.dbunit.database.DatabaseConfig  - getProperty(name=http://www.dbunit.org/features/qualifiedTableNames) - start
146062 [main] DEBUG org.dbunit.util.QualifiedTableName  - Qualified table names feature is disabled. Returning plain table name
146062 [main] DEBUG org.dbunit.util.QualifiedTableName  - getQualifiedName(prefix=null, name=SCOPEDCONTENTCONDITION, escapePattern=null) - start
146062 [main] DEBUG org.dbunit.database.search.AbstractMetaDataBasedSearchCallback  - newEdge(rs=org.apache.commons.dbcp.DelegatingResultSet@5344b2a, type=0, from=NESTEDSCOPEDCONTENTCONDITIONS, to=SCOPEDCONTENTCONDITION, fkColumn=PARENT_CONDITION_ID, pkColumn=ID) - start
146062 [main] DEBUG org.dbunit.database.search.AbstractMetaDataBasedSearchCallback  - createFKEdge(rs=org.apache.commons.dbcp.DelegatingResultSet@5344b2a, type=0, from=NESTEDSCOPEDCONTENTCONDITIONS, to=SCOPEDCONTENTCONDITION, fkColumn=PARENT_CONDITION_ID, pkColumn=ID) - start
146062 [main] DEBUG org.dbunit.database.search.AbstractMetaDataBasedSearchCallback  - Adding edge NESTEDSCOPEDCONTENTCONDITIONS(PARENT_CONDITION_ID)->SCOPEDCONTENTCONDITION(ID)
146062 [main] DEBUG org.dbunit.util.search.Edge  - compareTo(o=NESTEDSCOPEDCONTENTCONDITIONS(CHILD_CONDITION_ID)->SCOPEDCONTENTCONDITION(ID)) - start
146062 [main] DEBUG org.dbunit.util.SQLHelper  - close(resultSet=org.apache.commons.dbcp.DelegatingResultSet@5344b2a) - start
146062 [main] DEBUG org.dbunit.util.search.DepthFirstSearch  - search:NESTEDSCOPEDCONTENTCONDITIONS
146062 [main] DEBUG org.dbunit.database.search.ImportedKeysSearchCallback  - searchNode(node=NESTEDSCOPEDCONTENTCONDITIONS) - start
146062 [main] DEBUG org.dbunit.util.search.DepthFirstSearch  - Pushing NESTEDSCOPEDCONTENTCONDITIONS
146062 [main] DEBUG org.dbunit.database.search.ImportedKeysSearchCallback  - getEdges(node=NESTEDSCOPEDCONTENTCONDITIONS) - start
146062 [main] DEBUG org.dbunit.database.search.AbstractMetaDataBasedSearchCallback  - getNodesFromImportedKeys(node=NESTEDSCOPEDCONTENTCONDITIONS) - start
146062 [main] DEBUG org.dbunit.database.search.AbstractMetaDataBasedSearchCallback  - getNodes(type=0, node=NESTEDSCOPEDCONTENTCONDITIONS) - start
146063 [main] DEBUG org.dbunit.database.DatabaseDataSourceConnection  - getConnection() - start
146063 [main] DEBUG org.dbunit.database.search.AbstractMetaDataBasedSearchCallback  - getNodes(type=0, node=NESTEDSCOPEDCONTENTCONDITIONS, conn=Transaction-aware proxy for target Connection [jdbc:hsqldb:mem:kontrollDS, UserName=sw, HSQL Database Engine Driver], schema=null, metaData=org.apache.commons.dbcp.DelegatingDatabaseMetaData@2c32b511, edges=[]) - start
146063 [main] DEBUG org.dbunit.database.search.AbstractMetaDataBasedSearchCallback  - Getting edges for node NESTEDSCOPEDCONTENTCONDITIONS
146063 [main] TRACE org.dbunit.database.DatabaseConfig  - getProperty(name=http://www.dbunit.org/properties/metadataHandler) - start
146063 [main] TRACE org.dbunit.database.DefaultMetadataHandler  - tableExists(metaData=org.apache.commons.dbcp.DelegatingDatabaseMetaData@2c32b511, schemaName=null, tableName=NESTEDSCOPEDCONTENTCONDITIONS) - start
146064 [main] DEBUG org.dbunit.util.SQLHelper  - close(resultSet=org.apache.commons.dbcp.DelegatingResultSet@ac89ec4) - start
146064 [main] DEBUG org.dbunit.util.QualifiedTableName  - getQualifiedNameIfEnabled(config=org.dbunit.database.DatabaseConfig[, _propertyMap={http://www.dbunit.org/properties/statementFactory=org.dbunit.database.statement.PreparedStatementFactory@626bc2b8, http://www.dbunit.org/features/caseSensitiveTableNames=false, http://www.dbunit.org/properties/fetchSize=100, http://www.dbunit.org/features/batchedStatements=false, http://www.dbunit.org/properties/metadataHandler=org.dbunit.database.DefaultMetadataHandler@3bbfdfde, http://www.dbunit.org/properties/datatypeFactory=org.dbunit.dataset.datatype.DefaultDataTypeFactory[_toleratedDeltaMap=org.dbunit.dataset.datatype.ToleratedDeltaMap@6452310a], http://www.dbunit.org/properties/escapePattern=null, http://www.dbunit.org/properties/batchSize=100, http://www.dbunit.org/features/qualifiedTableNames=false, http://www.dbunit.org/properties/tableType=[Ljava.lang.String;@5011bafa, http://www.dbunit.org/properties/resultSetTableFactory=org.dbunit.database.CachedResultSetTableFactory@10bcf083, http://www.dbunit.org/features/datatypeWarning=true}]) - start
146064 [main] TRACE org.dbunit.database.DatabaseConfig  - getFeature(name=http://www.dbunit.org/features/qualifiedTableNames) - start
146064 [main] TRACE org.dbunit.database.DatabaseConfig  - getProperty(name=http://www.dbunit.org/features/qualifiedTableNames) - start
146064 [main] DEBUG org.dbunit.util.QualifiedTableName  - Qualified table names feature is disabled. Returning plain table name
146064 [main] DEBUG org.dbunit.util.QualifiedTableName  - getQualifiedName(prefix=null, name=NESTEDSCOPEDCONTENTCONDITIONS, escapePattern=null) - start
146064 [main] DEBUG org.dbunit.util.QualifiedTableName  - getQualifiedNameIfEnabled(config=org.dbunit.database.DatabaseConfig[, _propertyMap={http://www.dbunit.org/properties/statementFactory=org.dbunit.database.statement.PreparedStatementFactory@626bc2b8, http://www.dbunit.org/features/caseSensitiveTableNames=false, http://www.dbunit.org/properties/fetchSize=100, http://www.dbunit.org/features/batchedStatements=false, http://www.dbunit.org/properties/metadataHandler=org.dbunit.database.DefaultMetadataHandler@3bbfdfde, http://www.dbunit.org/properties/datatypeFactory=org.dbunit.dataset.datatype.DefaultDataTypeFactory[_toleratedDeltaMap=org.dbunit.dataset.datatype.ToleratedDeltaMap@6452310a], http://www.dbunit.org/properties/escapePattern=null, http://www.dbunit.org/properties/batchSize=100, http://www.dbunit.org/features/qualifiedTableNames=false, http://www.dbunit.org/properties/tableType=[Ljava.lang.String;@5011bafa, http://www.dbunit.org/properties/resultSetTableFactory=org.dbunit.database.CachedResultSetTableFactory@10bcf083, http://www.dbunit.org/features/datatypeWarning=true}]) - start
146064 [main] TRACE org.dbunit.database.DatabaseConfig  - getFeature(name=http://www.dbunit.org/features/qualifiedTableNames) - start
146064 [main] TRACE org.dbunit.database.DatabaseConfig  - getProperty(name=http://www.dbunit.org/features/qualifiedTableNames) - start
146064 [main] DEBUG org.dbunit.util.QualifiedTableName  - Qualified table names feature is disabled. Returning plain table name
146064 [main] DEBUG org.dbunit.util.QualifiedTableName  - getQualifiedName(prefix=null, name=SCOPEDCONTENTCONDITION, escapePattern=null) - start
146064 [main] DEBUG org.dbunit.database.search.AbstractMetaDataBasedSearchCallback  - newEdge(rs=org.apache.commons.dbcp.DelegatingResultSet@1418febd, type=0, from=NESTEDSCOPEDCONTENTCONDITIONS, to=SCOPEDCONTENTCONDITION, fkColumn=CHILD_CONDITION_ID, pkColumn=ID) - start
146064 [main] DEBUG org.dbunit.database.search.AbstractMetaDataBasedSearchCallback  - createFKEdge(rs=org.apache.commons.dbcp.DelegatingResultSet@1418febd, type=0, from=NESTEDSCOPEDCONTENTCONDITIONS, to=SCOPEDCONTENTCONDITION, fkColumn=CHILD_CONDITION_ID, pkColumn=ID) - start
146065 [main] DEBUG org.dbunit.database.search.AbstractMetaDataBasedSearchCallback  - Adding edge NESTEDSCOPEDCONTENTCONDITIONS(CHILD_CONDITION_ID)->SCOPEDCONTENTCONDITION(ID)
146065 [main] DEBUG org.dbunit.util.search.Edge  - compareTo(o=NESTEDSCOPEDCONTENTCONDITIONS(CHILD_CONDITION_ID)->SCOPEDCONTENTCONDITION(ID)) - start
146065 [main] DEBUG org.dbunit.util.QualifiedTableName  - getQualifiedNameIfEnabled(config=org.dbunit.database.DatabaseConfig[, _propertyMap={http://www.dbunit.org/properties/statementFactory=org.dbunit.database.statement.PreparedStatementFactory@626bc2b8, http://www.dbunit.org/features/caseSensitiveTableNames=false, http://www.dbunit.org/properties/fetchSize=100, http://www.dbunit.org/features/batchedStatements=false, http://www.dbunit.org/properties/metadataHandler=org.dbunit.database.DefaultMetadataHandler@3bbfdfde, http://www.dbunit.org/properties/datatypeFactory=org.dbunit.dataset.datatype.DefaultDataTypeFactory[_toleratedDeltaMap=org.dbunit.dataset.datatype.ToleratedDeltaMap@6452310a], http://www.dbunit.org/properties/escapePattern=null, http://www.dbunit.org/properties/batchSize=100, http://www.dbunit.org/features/qualifiedTableNames=false, http://www.dbunit.org/properties/tableType=[Ljava.lang.String;@5011bafa, http://www.dbunit.org/properties/resultSetTableFactory=org.dbunit.database.CachedResultSetTableFactory@10bcf083, http://www.dbunit.org/features/datatypeWarning=true}]) - start
146065 [main] TRACE org.dbunit.database.DatabaseConfig  - getFeature(name=http://www.dbunit.org/features/qualifiedTableNames) - start
146065 [main] TRACE org.dbunit.database.DatabaseConfig  - getProperty(name=http://www.dbunit.org/features/qualifiedTableNames) - start
146065 [main] DEBUG org.dbunit.util.QualifiedTableName  - Qualified table names feature is disabled. Returning plain table name
146065 [main] DEBUG org.dbunit.util.QualifiedTableName  - getQualifiedName(prefix=null, name=NESTEDSCOPEDCONTENTCONDITIONS, escapePattern=null) - start
146065 [main] DEBUG org.dbunit.util.QualifiedTableName  - getQualifiedNameIfEnabled(config=org.dbunit.database.DatabaseConfig[, _propertyMap={http://www.dbunit.org/properties/statementFactory=org.dbunit.database.statement.PreparedStatementFactory@626bc2b8, http://www.dbunit.org/features/caseSensitiveTableNames=false, http://www.dbunit.org/properties/fetchSize=100, http://www.dbunit.org/features/batchedStatements=false, http://www.dbunit.org/properties/metadataHandler=org.dbunit.database.DefaultMetadataHandler@3bbfdfde, http://www.dbunit.org/properties/datatypeFactory=org.dbunit.dataset.datatype.DefaultDataTypeFactory[_toleratedDeltaMap=org.dbunit.dataset.datatype.ToleratedDeltaMap@6452310a], http://www.dbunit.org/properties/escapePattern=null, http://www.dbunit.org/properties/batchSize=100, http://www.dbunit.org/features/qualifiedTableNames=false, http://www.dbunit.org/properties/tableType=[Ljava.lang.String;@5011bafa, http://www.dbunit.org/properties/resultSetTableFactory=org.dbunit.database.CachedResultSetTableFactory@10bcf083, http://www.dbunit.org/features/datatypeWarning=true}]) - start
146065 [main] TRACE org.dbunit.database.DatabaseConfig  - getFeature(name=http://www.dbunit.org/features/qualifiedTableNames) - start
146065 [main] TRACE org.dbunit.database.DatabaseConfig  - getProperty(name=http://www.dbunit.org/features/qualifiedTableNames) - start
146065 [main] DEBUG org.dbunit.util.QualifiedTableName  - Qualified table names feature is disabled. Returning plain table name
146065 [main] DEBUG org.dbunit.util.QualifiedTableName  - getQualifiedName(prefix=null, name=SCOPEDCONTENTCONDITION, escapePattern=null) - start
146065 [main] DEBUG org.dbunit.database.search.AbstractMetaDataBasedSearchCallback  - newEdge(rs=org.apache.commons.dbcp.DelegatingResultSet@1418febd, type=0, from=NESTEDSCOPEDCONTENTCONDITIONS, to=SCOPEDCONTENTCONDITION, fkColumn=PARENT_CONDITION_ID, pkColumn=ID) - start
146065 [main] DEBUG org.dbunit.database.search.AbstractMetaDataBasedSearchCallback  - createFKEdge(rs=org.apache.commons.dbcp.DelegatingResultSet@1418febd, type=0, from=NESTEDSCOPEDCONTENTCONDITIONS, to=SCOPEDCONTENTCONDITION, fkColumn=PARENT_CONDITION_ID, pkColumn=ID) - start
146065 [main] DEBUG org.dbunit.database.search.AbstractMetaDataBasedSearchCallback  - Adding edge NESTEDSCOPEDCONTENTCONDITIONS(PARENT_CONDITION_ID)->SCOPEDCONTENTCONDITION(ID)
146065 [main] DEBUG org.dbunit.util.search.Edge  - compareTo(o=NESTEDSCOPEDCONTENTCONDITIONS(CHILD_CONDITION_ID)->SCOPEDCONTENTCONDITION(ID)) - start
146065 [main] DEBUG org.dbunit.util.SQLHelper  - close(resultSet=org.apache.commons.dbcp.DelegatingResultSet@1418febd) - start
146065 [main] DEBUG org.dbunit.util.search.DepthFirstSearch  - search:SCOPEDCONTENTCONDITION
146065 [main] DEBUG org.dbunit.database.search.ImportedKeysSearchCallback  - searchNode(node=SCOPEDCONTENTCONDITION) - start
146065 [main] DEBUG org.dbunit.util.search.DepthFirstSearch  - Pushing SCOPEDCONTENTCONDITION
146065 [main] DEBUG org.dbunit.database.search.ImportedKeysSearchCallback  - getEdges(node=SCOPEDCONTENTCONDITION) - start
146065 [main] DEBUG org.dbunit.database.search.AbstractMetaDataBasedSearchCallback  - getNodesFromImportedKeys(node=SCOPEDCONTENTCONDITION) - start
146065 [main] DEBUG org.dbunit.database.search.AbstractMetaDataBasedSearchCallback  - getNodes(type=0, node=SCOPEDCONTENTCONDITION) - start
146065 [main] DEBUG org.dbunit.database.DatabaseDataSourceConnection  - getConnection() - start
146065 [main] DEBUG org.dbunit.database.search.AbstractMetaDataBasedSearchCallback  - getNodes(type=0, node=SCOPEDCONTENTCONDITION, conn=Transaction-aware proxy for target Connection [jdbc:hsqldb:mem:kontrollDS, UserName=sw, HSQL Database Engine Driver], schema=null, metaData=org.apache.commons.dbcp.DelegatingDatabaseMetaData@74fc3499, edges=[]) - start
146065 [main] DEBUG org.dbunit.database.search.AbstractMetaDataBasedSearchCallback  - Getting edges for node SCOPEDCONTENTCONDITION
146065 [main] TRACE org.dbunit.database.DatabaseConfig  - getProperty(name=http://www.dbunit.org/properties/metadataHandler) - start
146066 [main] TRACE org.dbunit.database.DefaultMetadataHandler  - tableExists(metaData=org.apache.commons.dbcp.DelegatingDatabaseMetaData@74fc3499, schemaName=null, tableName=SCOPEDCONTENTCONDITION) - start
146067 [main] DEBUG org.dbunit.util.SQLHelper  - close(resultSet=org.apache.commons.dbcp.DelegatingResultSet@5ca18022) - start
146067 [main] DEBUG org.dbunit.util.SQLHelper  - close(resultSet=org.apache.commons.dbcp.DelegatingResultSet@13ac8cb0) - start
146067 [main] DEBUG org.dbunit.util.search.DepthFirstSearch  - Adding node SCOPEDCONTENTCONDITION to the final result
146067 [main] DEBUG org.dbunit.util.search.DepthFirstSearch  - Adding node NESTEDSCOPEDCONTENTCONDITIONS to the final result
146067 [main] DEBUG org.dbunit.util.search.DepthFirstSearch  - reverseSearch:NESTEDSCOPEDCONTENTCONDITIONS
146067 [main] DEBUG org.dbunit.util.search.DepthFirstSearch  - already searched; returning true
146067 [main] DEBUG org.dbunit.util.search.DepthFirstSearch  - reverseSearch:SCOPEDCONTENTCONDITION
146067 [main] DEBUG org.dbunit.database.search.ImportedKeysSearchCallback  - searchNode(node=SCOPEDCONTENTCONDITION) - start
146067 [main] DEBUG org.dbunit.util.search.DepthFirstSearch  - Pushing (reverse) SCOPEDCONTENTCONDITION
146067 [main] DEBUG org.dbunit.database.search.ImportedKeysSearchCallback  - getEdges(node=SCOPEDCONTENTCONDITION) - start
146067 [main] DEBUG org.dbunit.database.search.AbstractMetaDataBasedSearchCallback  - getNodesFromImportedKeys(node=SCOPEDCONTENTCONDITION) - start
146067 [main] DEBUG org.dbunit.database.search.AbstractMetaDataBasedSearchCallback  - getNodes(type=0, node=SCOPEDCONTENTCONDITION) - start
146067 [main] DEBUG org.dbunit.database.DatabaseDataSourceConnection  - getConnection() - start
146067 [main] DEBUG org.dbunit.database.search.AbstractMetaDataBasedSearchCallback  - getNodes(type=0, node=SCOPEDCONTENTCONDITION, conn=Transaction-aware proxy for target Connection [jdbc:hsqldb:mem:kontrollDS, UserName=sw, HSQL Database Engine Driver], schema=null, metaData=org.apache.commons.dbcp.DelegatingDatabaseMetaData@254880e7, edges=[]) - start
146067 [main] DEBUG org.dbunit.database.search.AbstractMetaDataBasedSearchCallback  - Getting edges for node SCOPEDCONTENTCONDITION
146067 [main] TRACE org.dbunit.database.DatabaseConfig  - getProperty(name=http://www.dbunit.org/properties/metadataHandler) - start
146067 [main] TRACE org.dbunit.database.DefaultMetadataHandler  - tableExists(metaData=org.apache.commons.dbcp.DelegatingDatabaseMetaData@254880e7, schemaName=null, tableName=SCOPEDCONTENTCONDITION) - start
146068 [main] DEBUG org.dbunit.util.SQLHelper  - close(resultSet=org.apache.commons.dbcp.DelegatingResultSet@3c7725f6) - start
146069 [main] DEBUG org.dbunit.util.SQLHelper  - close(resultSet=org.apache.commons.dbcp.DelegatingResultSet@e5c9060) - start
146069 [main] DEBUG org.dbunit.util.search.DepthFirstSearch  - search:NESTEDSCOPEDCONTENTCONDITIONS
146069 [main] DEBUG org.dbunit.util.search.DepthFirstSearch  - already searched; returning true
146069 [main] DEBUG org.dbunit.util.search.DepthFirstSearch  - search:SCOPEDCONTENTCONDITION
146069 [main] DEBUG org.dbunit.util.search.DepthFirstSearch  - already searched; returning true
146069 [main] DEBUG org.dbunit.util.CollectionsHelper  - setToStrings(set=[SCOPEDCONTENTCONDITION, NESTEDSCOPEDCONTENTCONDITIONS]) - start
146069 [main] DEBUG org.dbunit.database.search.TablesDependencyHelper  - getDependsOnTables(connection=_databaseConfig=org.dbunit.database.DatabaseConfig[, _propertyMap={http://www.dbunit.org/properties/statementFactory=org.dbunit.database.statement.PreparedStatementFactory@626bc2b8, http://www.dbunit.org/features/caseSensitiveTableNames=false, http://www.dbunit.org/properties/fetchSize=100, http://www.dbunit.org/features/batchedStatements=false, http://www.dbunit.org/properties/metadataHandler=org.dbunit.database.DefaultMetadataHandler@3bbfdfde, http://www.dbunit.org/properties/datatypeFactory=org.dbunit.dataset.datatype.DefaultDataTypeFactory[_toleratedDeltaMap=org.dbunit.dataset.datatype.ToleratedDeltaMap@6452310a], http://www.dbunit.org/properties/escapePattern=null, http://www.dbunit.org/properties/batchSize=100, http://www.dbunit.org/features/qualifiedTableNames=false, http://www.dbunit.org/properties/tableType=[Ljava.lang.String;@5011bafa, http://www.dbunit.org/properties/resultSetTableFactory=org.dbunit.database.CachedResultSetTableFactory@10bcf083, http://www.dbunit.org/features/datatypeWarning=true}], _dataSet=AbstractDataSet[_orderedTableNameMap=null], rootTable=NESTEDSCOPEDCONTENTCONDITIONS) - start
146069 [main] DEBUG org.dbunit.util.search.DepthFirstSearch  - search(nodesFrom=[NESTEDSCOPEDCONTENTCONDITIONS], callback=org.dbunit.database.search.ExportedKeysSearchCallback@2ffd45ca) - start
146069 [main] DEBUG org.dbunit.util.CollectionsHelper  - objectsToSet(objects=NESTEDSCOPEDCONTENTCONDITIONS) - start
146069 [main] DEBUG org.dbunit.util.search.DepthFirstSearch  - search(nodesFrom=[NESTEDSCOPEDCONTENTCONDITIONS], callback=org.dbunit.database.search.ExportedKeysSearchCallback@2ffd45ca) - start
146069 [main] DEBUG org.dbunit.util.search.DepthFirstSearch  - reverseSearch:NESTEDSCOPEDCONTENTCONDITIONS
146069 [main] DEBUG org.dbunit.database.search.ExportedKeysSearchCallback  - searchNode(node=NESTEDSCOPEDCONTENTCONDITIONS) - start
146069 [main] DEBUG org.dbunit.util.search.DepthFirstSearch  - Pushing (reverse) NESTEDSCOPEDCONTENTCONDITIONS
146069 [main] DEBUG org.dbunit.database.search.ExportedKeysSearchCallback  - getEdges(node=NESTEDSCOPEDCONTENTCONDITIONS) - start
146069 [main] DEBUG org.dbunit.database.search.AbstractMetaDataBasedSearchCallback  - getNodesFromExportedKeys(node=NESTEDSCOPEDCONTENTCONDITIONS) - start
146069 [main] DEBUG org.dbunit.database.search.AbstractMetaDataBasedSearchCallback  - getNodes(type=1, node=NESTEDSCOPEDCONTENTCONDITIONS) - start
146069 [main] DEBUG org.dbunit.database.DatabaseDataSourceConnection  - getConnection() - start
146069 [main] DEBUG org.dbunit.database.search.AbstractMetaDataBasedSearchCallback  - getNodes(type=1, node=NESTEDSCOPEDCONTENTCONDITIONS, conn=Transaction-aware proxy for target Connection [jdbc:hsqldb:mem:kontrollDS, UserName=sw, HSQL Database Engine Driver], schema=null, metaData=org.apache.commons.dbcp.DelegatingDatabaseMetaData@1cf0e963, edges=[]) - start
146069 [main] DEBUG org.dbunit.database.search.AbstractMetaDataBasedSearchCallback  - Getting edges for node NESTEDSCOPEDCONTENTCONDITIONS
146069 [main] TRACE org.dbunit.database.DatabaseConfig  - getProperty(name=http://www.dbunit.org/properties/metadataHandler) - start
146069 [main] TRACE org.dbunit.database.DefaultMetadataHandler  - tableExists(metaData=org.apache.commons.dbcp.DelegatingDatabaseMetaData@1cf0e963, schemaName=null, tableName=NESTEDSCOPEDCONTENTCONDITIONS) - start
146070 [main] DEBUG org.dbunit.util.SQLHelper  - close(resultSet=org.apache.commons.dbcp.DelegatingResultSet@203cb179) - start
146070 [main] DEBUG org.dbunit.util.SQLHelper  - close(resultSet=org.apache.commons.dbcp.DelegatingResultSet@8bc0769) - start
146070 [main] DEBUG org.dbunit.util.search.DepthFirstSearch  - search:NESTEDSCOPEDCONTENTCONDITIONS
146070 [main] DEBUG org.dbunit.database.search.ExportedKeysSearchCallback  - searchNode(node=NESTEDSCOPEDCONTENTCONDITIONS) - start
146071 [main] DEBUG org.dbunit.util.search.DepthFirstSearch  - Pushing NESTEDSCOPEDCONTENTCONDITIONS
146071 [main] DEBUG org.dbunit.database.search.ExportedKeysSearchCallback  - getEdges(node=NESTEDSCOPEDCONTENTCONDITIONS) - start
146071 [main] DEBUG org.dbunit.database.search.AbstractMetaDataBasedSearchCallback  - getNodesFromExportedKeys(node=NESTEDSCOPEDCONTENTCONDITIONS) - start
146071 [main] DEBUG org.dbunit.database.search.AbstractMetaDataBasedSearchCallback  - getNodes(type=1, node=NESTEDSCOPEDCONTENTCONDITIONS) - start
146071 [main] DEBUG org.dbunit.database.DatabaseDataSourceConnection  - getConnection() - start
146071 [main] DEBUG org.dbunit.database.search.AbstractMetaDataBasedSearchCallback  - getNodes(type=1, node=NESTEDSCOPEDCONTENTCONDITIONS, conn=Transaction-aware proxy for target Connection [jdbc:hsqldb:mem:kontrollDS, UserName=sw, HSQL Database Engine Driver], schema=null, metaData=org.apache.commons.dbcp.DelegatingDatabaseMetaData@708a82f9, edges=[]) - start
146071 [main] DEBUG org.dbunit.database.search.AbstractMetaDataBasedSearchCallback  - Getting edges for node NESTEDSCOPEDCONTENTCONDITIONS
146071 [main] TRACE org.dbunit.database.DatabaseConfig  - getProperty(name=http://www.dbunit.org/properties/metadataHandler) - start
146071 [main] TRACE org.dbunit.database.DefaultMetadataHandler  - tableExists(metaData=org.apache.commons.dbcp.DelegatingDatabaseMetaData@708a82f9, schemaName=null, tableName=NESTEDSCOPEDCONTENTCONDITIONS) - start
146072 [main] DEBUG org.dbunit.util.SQLHelper  - close(resultSet=org.apache.commons.dbcp.DelegatingResultSet@6f05622d) - start
146072 [main] DEBUG org.dbunit.util.SQLHelper  - close(resultSet=org.apache.commons.dbcp.DelegatingResultSet@2c881ac2) - start
146072 [main] DEBUG org.dbunit.util.search.DepthFirstSearch  - Adding node NESTEDSCOPEDCONTENTCONDITIONS to the final result
146072 [main] DEBUG org.dbunit.util.CollectionsHelper  - setToStrings(set=[NESTEDSCOPEDCONTENTCONDITIONS]) - start
146072 [main] DEBUG org.dbunit.database.search.TablesDependencyHelper  - getDirectDependsOnTables(connection=_databaseConfig=org.dbunit.database.DatabaseConfig[, _propertyMap={http://www.dbunit.org/properties/statementFactory=org.dbunit.database.statement.PreparedStatementFactory@626bc2b8, http://www.dbunit.org/features/caseSensitiveTableNames=false, http://www.dbunit.org/properties/fetchSize=100, http://www.dbunit.org/features/batchedStatements=false, http://www.dbunit.org/properties/metadataHandler=org.dbunit.database.DefaultMetadataHandler@3bbfdfde, http://www.dbunit.org/properties/datatypeFactory=org.dbunit.dataset.datatype.DefaultDataTypeFactory[_toleratedDeltaMap=org.dbunit.dataset.datatype.ToleratedDeltaMap@6452310a], http://www.dbunit.org/properties/escapePattern=null, http://www.dbunit.org/properties/batchSize=100, http://www.dbunit.org/features/qualifiedTableNames=false, http://www.dbunit.org/properties/tableType=[Ljava.lang.String;@5011bafa, http://www.dbunit.org/properties/resultSetTableFactory=org.dbunit.database.CachedResultSetTableFactory@10bcf083, http://www.dbunit.org/features/datatypeWarning=true}], _dataSet=AbstractDataSet[_orderedTableNameMap=null], tableName=NESTEDSCOPEDCONTENTCONDITIONS) - start
146072 [main] DEBUG org.dbunit.util.search.DepthFirstSearch  - search(nodesFrom=[NESTEDSCOPEDCONTENTCONDITIONS], callback=org.dbunit.database.search.ExportedKeysSearchCallback@4638b008) - start
146072 [main] DEBUG org.dbunit.util.CollectionsHelper  - objectsToSet(objects=NESTEDSCOPEDCONTENTCONDITIONS) - start
146072 [main] DEBUG org.dbunit.util.search.DepthFirstSearch  - search(nodesFrom=[NESTEDSCOPEDCONTENTCONDITIONS], callback=org.dbunit.database.search.ExportedKeysSearchCallback@4638b008) - start
146072 [main] DEBUG org.dbunit.util.search.DepthFirstSearch  - reverseSearch:NESTEDSCOPEDCONTENTCONDITIONS
146072 [main] DEBUG org.dbunit.database.search.ExportedKeysSearchCallback  - searchNode(node=NESTEDSCOPEDCONTENTCONDITIONS) - start
146072 [main] DEBUG org.dbunit.util.search.DepthFirstSearch  - Pushing (reverse) NESTEDSCOPEDCONTENTCONDITIONS
146072 [main] DEBUG org.dbunit.database.search.ExportedKeysSearchCallback  - getEdges(node=NESTEDSCOPEDCONTENTCONDITIONS) - start
146072 [main] DEBUG org.dbunit.database.search.AbstractMetaDataBasedSearchCallback  - getNodesFromExportedKeys(node=NESTEDSCOPEDCONTENTCONDITIONS) - start
146072 [main] DEBUG org.dbunit.database.search.AbstractMetaDataBasedSearchCallback  - getNodes(type=1, node=NESTEDSCOPEDCONTENTCONDITIONS) - start
146072 [main] DEBUG org.dbunit.database.DatabaseDataSourceConnection  - getConnection() - start
146073 [main] DEBUG org.dbunit.database.search.AbstractMetaDataBasedSearchCallback  - getNodes(type=1, node=NESTEDSCOPEDCONTENTCONDITIONS, conn=Transaction-aware proxy for target Connection [jdbc:hsqldb:mem:kontrollDS, UserName=sw, HSQL Database Engine Driver], schema=null, metaData=org.apache.commons.dbcp.DelegatingDatabaseMetaData@33ad013c, edges=[]) - start
146073 [main] DEBUG org.dbunit.database.search.AbstractMetaDataBasedSearchCallback  - Getting edges for node NESTEDSCOPEDCONTENTCONDITIONS
146073 [main] TRACE org.dbunit.database.DatabaseConfig  - getProperty(name=http://www.dbunit.org/properties/metadataHandler) - start
146073 [main] TRACE org.dbunit.database.DefaultMetadataHandler  - tableExists(metaData=org.apache.commons.dbcp.DelegatingDatabaseMetaData@33ad013c, schemaName=null, tableName=NESTEDSCOPEDCONTENTCONDITIONS) - start
146074 [main] DEBUG org.dbunit.util.SQLHelper  - close(resultSet=org.apache.commons.dbcp.DelegatingResultSet@2719dead) - start
146074 [main] DEBUG org.dbunit.util.SQLHelper  - close(resultSet=org.apache.commons.dbcp.DelegatingResultSet@25907ff4) - start
146074 [main] DEBUG org.dbunit.util.search.DepthFirstSearch  - search:NESTEDSCOPEDCONTENTCONDITIONS
146074 [main] DEBUG org.dbunit.database.search.ExportedKeysSearchCallback  - searchNode(node=NESTEDSCOPEDCONTENTCONDITIONS) - start
146074 [main] DEBUG org.dbunit.util.search.DepthFirstSearch  - Pushing NESTEDSCOPEDCONTENTCONDITIONS
146074 [main] DEBUG org.dbunit.database.search.ExportedKeysSearchCallback  - getEdges(node=NESTEDSCOPEDCONTENTCONDITIONS) - start
146074 [main] DEBUG org.dbunit.database.search.AbstractMetaDataBasedSearchCallback  - getNodesFromExportedKeys(node=NESTEDSCOPEDCONTENTCONDITIONS) - start
146074 [main] DEBUG org.dbunit.database.search.AbstractMetaDataBasedSearchCallback  - getNodes(type=1, node=NESTEDSCOPEDCONTENTCONDITIONS) - start
146074 [main] DEBUG org.dbunit.database.DatabaseDataSourceConnection  - getConnection() - start
146074 [main] DEBUG org.dbunit.database.search.AbstractMetaDataBasedSearchCallback  - getNodes(type=1, node=NESTEDSCOPEDCONTENTCONDITIONS, conn=Transaction-aware proxy for target Connection [jdbc:hsqldb:mem:kontrollDS, UserName=sw, HSQL Database Engine Driver], schema=null, metaData=org.apache.commons.dbcp.DelegatingDatabaseMetaData@31c07f70, edges=[]) - start
146074 [main] DEBUG org.dbunit.database.search.AbstractMetaDataBasedSearchCallback  - Getting edges for node NESTEDSCOPEDCONTENTCONDITIONS
146074 [main] TRACE org.dbunit.database.DatabaseConfig  - getProperty(name=http://www.dbunit.org/properties/metadataHandler) - start
146074 [main] TRACE org.dbunit.database.DefaultMetadataHandler  - tableExists(metaData=org.apache.commons.dbcp.DelegatingDatabaseMetaData@31c07f70, schemaName=null, tableName=NESTEDSCOPEDCONTENTCONDITIONS) - start
146075 [main] DEBUG org.dbunit.util.SQLHelper  - close(resultSet=org.apache.commons.dbcp.DelegatingResultSet@142ad1c) - start
146075 [main] DEBUG org.dbunit.util.SQLHelper  - close(resultSet=org.apache.commons.dbcp.DelegatingResultSet@408fc10d) - start
146075 [main] DEBUG org.dbunit.util.search.DepthFirstSearch  - Adding node NESTEDSCOPEDCONTENTCONDITIONS to the final result
146075 [main] DEBUG org.dbunit.database.search.TablesDependencyHelper  - getDirectDependentTables(connection=_databaseConfig=org.dbunit.database.DatabaseConfig[, _propertyMap={http://www.dbunit.org/properties/statementFactory=org.dbunit.database.statement.PreparedStatementFactory@626bc2b8, http://www.dbunit.org/features/caseSensitiveTableNames=false, http://www.dbunit.org/properties/fetchSize=100, http://www.dbunit.org/features/batchedStatements=false, http://www.dbunit.org/properties/metadataHandler=org.dbunit.database.DefaultMetadataHandler@3bbfdfde, http://www.dbunit.org/properties/datatypeFactory=org.dbunit.dataset.datatype.DefaultDataTypeFactory[_toleratedDeltaMap=org.dbunit.dataset.datatype.ToleratedDeltaMap@6452310a], http://www.dbunit.org/properties/escapePattern=null, http://www.dbunit.org/properties/batchSize=100, http://www.dbunit.org/features/qualifiedTableNames=false, http://www.dbunit.org/properties/tableType=[Ljava.lang.String;@5011bafa, http://www.dbunit.org/properties/resultSetTableFactory=org.dbunit.database.CachedResultSetTableFactory@10bcf083, http://www.dbunit.org/features/datatypeWarning=true}], _dataSet=AbstractDataSet[_orderedTableNameMap=null], tableName=NESTEDSCOPEDCONTENTCONDITIONS) - start
146075 [main] DEBUG org.dbunit.util.search.DepthFirstSearch  - search(nodesFrom=[NESTEDSCOPEDCONTENTCONDITIONS], callback=org.dbunit.database.search.ImportedKeysSearchCallback@126db570) - start
146075 [main] DEBUG org.dbunit.util.CollectionsHelper  - objectsToSet(objects=NESTEDSCOPEDCONTENTCONDITIONS) - start
146075 [main] DEBUG org.dbunit.util.search.DepthFirstSearch  - search(nodesFrom=[NESTEDSCOPEDCONTENTCONDITIONS], callback=org.dbunit.database.search.ImportedKeysSearchCallback@126db570) - start
146075 [main] DEBUG org.dbunit.util.search.DepthFirstSearch  - reverseSearch:NESTEDSCOPEDCONTENTCONDITIONS
146076 [main] DEBUG org.dbunit.database.search.ImportedKeysSearchCallback  - searchNode(node=NESTEDSCOPEDCONTENTCONDITIONS) - start
146076 [main] DEBUG org.dbunit.util.search.DepthFirstSearch  - Pushing (reverse) NESTEDSCOPEDCONTENTCONDITIONS
146076 [main] DEBUG org.dbunit.database.search.ImportedKeysSearchCallback  - getEdges(node=NESTEDSCOPEDCONTENTCONDITIONS) - start
146076 [main] DEBUG org.dbunit.database.search.AbstractMetaDataBasedSearchCallback  - getNodesFromImportedKeys(node=NESTEDSCOPEDCONTENTCONDITIONS) - start
146076 [main] DEBUG org.dbunit.database.search.AbstractMetaDataBasedSearchCallback  - getNodes(type=0, node=NESTEDSCOPEDCONTENTCONDITIONS) - start
146076 [main] DEBUG org.dbunit.database.DatabaseDataSourceConnection  - getConnection() - start
146076 [main] DEBUG org.dbunit.database.search.AbstractMetaDataBasedSearchCallback  - getNodes(type=0, node=NESTEDSCOPEDCONTENTCONDITIONS, conn=Transaction-aware proxy for target Connection [jdbc:hsqldb:mem:kontrollDS, UserName=sw, HSQL Database Engine Driver], schema=null, metaData=org.apache.commons.dbcp.DelegatingDatabaseMetaData@60a2d583, edges=[]) - start
146076 [main] DEBUG org.dbunit.database.search.AbstractMetaDataBasedSearchCallback  - Getting edges for node NESTEDSCOPEDCONTENTCONDITIONS
146076 [main] TRACE org.dbunit.database.DatabaseConfig  - getProperty(name=http://www.dbunit.org/properties/metadataHandler) - start
146076 [main] TRACE org.dbunit.database.DefaultMetadataHandler  - tableExists(metaData=org.apache.commons.dbcp.DelegatingDatabaseMetaData@60a2d583, schemaName=null, tableName=NESTEDSCOPEDCONTENTCONDITIONS) - start
146077 [main] DEBUG org.dbunit.util.SQLHelper  - close(resultSet=org.apache.commons.dbcp.DelegatingResultSet@15e2c5c0) - start
146077 [main] DEBUG org.dbunit.util.QualifiedTableName  - getQualifiedNameIfEnabled(config=org.dbunit.database.DatabaseConfig[, _propertyMap={http://www.dbunit.org/properties/statementFactory=org.dbunit.database.statement.PreparedStatementFactory@626bc2b8, http://www.dbunit.org/features/caseSensitiveTableNames=false, http://www.dbunit.org/properties/fetchSize=100, http://www.dbunit.org/features/batchedStatements=false, http://www.dbunit.org/properties/metadataHandler=org.dbunit.database.DefaultMetadataHandler@3bbfdfde, http://www.dbunit.org/properties/datatypeFactory=org.dbunit.dataset.datatype.DefaultDataTypeFactory[_toleratedDeltaMap=org.dbunit.dataset.datatype.ToleratedDeltaMap@6452310a], http://www.dbunit.org/properties/escapePattern=null, http://www.dbunit.org/properties/batchSize=100, http://www.dbunit.org/features/qualifiedTableNames=false, http://www.dbunit.org/properties/tableType=[Ljava.lang.String;@5011bafa, http://www.dbunit.org/properties/resultSetTableFactory=org.dbunit.database.CachedResultSetTableFactory@10bcf083, http://www.dbunit.org/features/datatypeWarning=true}]) - start
146077 [main] TRACE org.dbunit.database.DatabaseConfig  - getFeature(name=http://www.dbunit.org/features/qualifiedTableNames) - start
146077 [main] TRACE org.dbunit.database.DatabaseConfig  - getProperty(name=http://www.dbunit.org/features/qualifiedTableNames) - start
146077 [main] DEBUG org.dbunit.util.QualifiedTableName  - Qualified table names feature is disabled. Returning plain table name
146077 [main] DEBUG org.dbunit.util.QualifiedTableName  - getQualifiedName(prefix=null, name=NESTEDSCOPEDCONTENTCONDITIONS, escapePattern=null) - start
146077 [main] DEBUG org.dbunit.util.QualifiedTableName  - getQualifiedNameIfEnabled(config=org.dbunit.database.DatabaseConfig[, _propertyMap={http://www.dbunit.org/properties/statementFactory=org.dbunit.database.statement.PreparedStatementFactory@626bc2b8, http://www.dbunit.org/features/caseSensitiveTableNames=false, http://www.dbunit.org/properties/fetchSize=100, http://www.dbunit.org/features/batchedStatements=false, http://www.dbunit.org/properties/metadataHandler=org.dbunit.database.DefaultMetadataHandler@3bbfdfde, http://www.dbunit.org/properties/datatypeFactory=org.dbunit.dataset.datatype.DefaultDataTypeFactory[_toleratedDeltaMap=org.dbunit.dataset.datatype.ToleratedDeltaMap@6452310a], http://www.dbunit.org/properties/escapePattern=null, http://www.dbunit.org/properties/batchSize=100, http://www.dbunit.org/features/qualifiedTableNames=false, http://www.dbunit.org/properties/tableType=[Ljava.lang.String;@5011bafa, http://www.dbunit.org/properties/resultSetTableFactory=org.dbunit.database.CachedResultSetTableFactory@10bcf083, http://www.dbunit.org/features/datatypeWarning=true}]) - start
146077 [main] TRACE org.dbunit.database.DatabaseConfig  - getFeature(name=http://www.dbunit.org/features/qualifiedTableNames) - start
146077 [main] TRACE org.dbunit.database.DatabaseConfig  - getProperty(name=http://www.dbunit.org/features/qualifiedTableNames) - start
146077 [main] DEBUG org.dbunit.util.QualifiedTableName  - Qualified table names feature is disabled. Returning plain table name
146077 [main] DEBUG org.dbunit.util.QualifiedTableName  - getQualifiedName(prefix=null, name=SCOPEDCONTENTCONDITION, escapePattern=null) - start
146077 [main] DEBUG org.dbunit.database.search.AbstractMetaDataBasedSearchCallback  - newEdge(rs=org.apache.commons.dbcp.DelegatingResultSet@4caaa3ae, type=0, from=NESTEDSCOPEDCONTENTCONDITIONS, to=SCOPEDCONTENTCONDITION, fkColumn=CHILD_CONDITION_ID, pkColumn=ID) - start
146078 [main] DEBUG org.dbunit.database.search.AbstractMetaDataBasedSearchCallback  - createFKEdge(rs=org.apache.commons.dbcp.DelegatingResultSet@4caaa3ae, type=0, from=NESTEDSCOPEDCONTENTCONDITIONS, to=SCOPEDCONTENTCONDITION, fkColumn=CHILD_CONDITION_ID, pkColumn=ID) - start
146078 [main] DEBUG org.dbunit.database.search.AbstractMetaDataBasedSearchCallback  - Adding edge NESTEDSCOPEDCONTENTCONDITIONS(CHILD_CONDITION_ID)->SCOPEDCONTENTCONDITION(ID)
146078 [main] DEBUG org.dbunit.util.search.Edge  - compareTo(o=NESTEDSCOPEDCONTENTCONDITIONS(CHILD_CONDITION_ID)->SCOPEDCONTENTCONDITION(ID)) - start
146078 [main] DEBUG org.dbunit.util.QualifiedTableName  - getQualifiedNameIfEnabled(config=org.dbunit.database.DatabaseConfig[, _propertyMap={http://www.dbunit.org/properties/statementFactory=org.dbunit.database.statement.PreparedStatementFactory@626bc2b8, http://www.dbunit.org/features/caseSensitiveTableNames=false, http://www.dbunit.org/properties/fetchSize=100, http://www.dbunit.org/features/batchedStatements=false, http://www.dbunit.org/properties/metadataHandler=org.dbunit.database.DefaultMetadataHandler@3bbfdfde, http://www.dbunit.org/properties/datatypeFactory=org.dbunit.dataset.datatype.DefaultDataTypeFactory[_toleratedDeltaMap=org.dbunit.dataset.datatype.ToleratedDeltaMap@6452310a], http://www.dbunit.org/properties/escapePattern=null, http://www.dbunit.org/properties/batchSize=100, http://www.dbunit.org/features/qualifiedTableNames=false, http://www.dbunit.org/properties/tableType=[Ljava.lang.String;@5011bafa, http://www.dbunit.org/properties/resultSetTableFactory=org.dbunit.database.CachedResultSetTableFactory@10bcf083, http://www.dbunit.org/features/datatypeWarning=true}]) - start
146078 [main] TRACE org.dbunit.database.DatabaseConfig  - getFeature(name=http://www.dbunit.org/features/qualifiedTableNames) - start
146078 [main] TRACE org.dbunit.database.DatabaseConfig  - getProperty(name=http://www.dbunit.org/features/qualifiedTableNames) - start
146078 [main] DEBUG org.dbunit.util.QualifiedTableName  - Qualified table names feature is disabled. Returning plain table name
146078 [main] DEBUG org.dbunit.util.QualifiedTableName  - getQualifiedName(prefix=null, name=NESTEDSCOPEDCONTENTCONDITIONS, escapePattern=null) - start
146078 [main] DEBUG org.dbunit.util.QualifiedTableName  - getQualifiedNameIfEnabled(config=org.dbunit.database.DatabaseConfig[, _propertyMap={http://www.dbunit.org/properties/statementFactory=org.dbunit.database.statement.PreparedStatementFactory@626bc2b8, http://www.dbunit.org/features/caseSensitiveTableNames=false, http://www.dbunit.org/properties/fetchSize=100, http://www.dbunit.org/features/batchedStatements=false, http://www.dbunit.org/properties/metadataHandler=org.dbunit.database.DefaultMetadataHandler@3bbfdfde, http://www.dbunit.org/properties/datatypeFactory=org.dbunit.dataset.datatype.DefaultDataTypeFactory[_toleratedDeltaMap=org.dbunit.dataset.datatype.ToleratedDeltaMap@6452310a], http://www.dbunit.org/properties/escapePattern=null, http://www.dbunit.org/properties/batchSize=100, http://www.dbunit.org/features/qualifiedTableNames=false, http://www.dbunit.org/properties/tableType=[Ljava.lang.String;@5011bafa, http://www.dbunit.org/properties/resultSetTableFactory=org.dbunit.database.CachedResultSetTableFactory@10bcf083, http://www.dbunit.org/features/datatypeWarning=true}]) - start
146078 [main] TRACE org.dbunit.database.DatabaseConfig  - getFeature(name=http://www.dbunit.org/features/qualifiedTableNames) - start
146078 [main] TRACE org.dbunit.database.DatabaseConfig  - getProperty(name=http://www.dbunit.org/features/qualifiedTableNames) - start
146078 [main] DEBUG org.dbunit.util.QualifiedTableName  - Qualified table names feature is disabled. Returning plain table name
146078 [main] DEBUG org.dbunit.util.QualifiedTableName  - getQualifiedName(prefix=null, name=SCOPEDCONTENTCONDITION, escapePattern=null) - start
146078 [main] DEBUG org.dbunit.database.search.AbstractMetaDataBasedSearchCallback  - newEdge(rs=org.apache.commons.dbcp.DelegatingResultSet@4caaa3ae, type=0, from=NESTEDSCOPEDCONTENTCONDITIONS, to=SCOPEDCONTENTCONDITION, fkColumn=PARENT_CONDITION_ID, pkColumn=ID) - start
146078 [main] DEBUG org.dbunit.database.search.AbstractMetaDataBasedSearchCallback  - createFKEdge(rs=org.apache.commons.dbcp.DelegatingResultSet@4caaa3ae, type=0, from=NESTEDSCOPEDCONTENTCONDITIONS, to=SCOPEDCONTENTCONDITION, fkColumn=PARENT_CONDITION_ID, pkColumn=ID) - start
146078 [main] DEBUG org.dbunit.database.search.AbstractMetaDataBasedSearchCallback  - Adding edge NESTEDSCOPEDCONTENTCONDITIONS(PARENT_CONDITION_ID)->SCOPEDCONTENTCONDITION(ID)
146078 [main] DEBUG org.dbunit.util.search.Edge  - compareTo(o=NESTEDSCOPEDCONTENTCONDITIONS(CHILD_CONDITION_ID)->SCOPEDCONTENTCONDITION(ID)) - start
146078 [main] DEBUG org.dbunit.util.SQLHelper  - close(resultSet=org.apache.commons.dbcp.DelegatingResultSet@4caaa3ae) - start
146078 [main] DEBUG org.dbunit.util.search.DepthFirstSearch  - search:NESTEDSCOPEDCONTENTCONDITIONS
146078 [main] DEBUG org.dbunit.database.search.ImportedKeysSearchCallback  - searchNode(node=NESTEDSCOPEDCONTENTCONDITIONS) - start
146078 [main] DEBUG org.dbunit.util.search.DepthFirstSearch  - Pushing NESTEDSCOPEDCONTENTCONDITIONS
146078 [main] DEBUG org.dbunit.database.search.ImportedKeysSearchCallback  - getEdges(node=NESTEDSCOPEDCONTENTCONDITIONS) - start
146078 [main] DEBUG org.dbunit.database.search.AbstractMetaDataBasedSearchCallback  - getNodesFromImportedKeys(node=NESTEDSCOPEDCONTENTCONDITIONS) - start
146078 [main] DEBUG org.dbunit.database.search.AbstractMetaDataBasedSearchCallback  - getNodes(type=0, node=NESTEDSCOPEDCONTENTCONDITIONS) - start
146078 [main] DEBUG org.dbunit.database.DatabaseDataSourceConnection  - getConnection() - start
146078 [main] DEBUG org.dbunit.database.search.AbstractMetaDataBasedSearchCallback  - getNodes(type=0, node=NESTEDSCOPEDCONTENTCONDITIONS, conn=Transaction-aware proxy for target Connection [jdbc:hsqldb:mem:kontrollDS, UserName=sw, HSQL Database Engine Driver], schema=null, metaData=org.apache.commons.dbcp.DelegatingDatabaseMetaData@56e01bd4, edges=[]) - start
146079 [main] DEBUG org.dbunit.database.search.AbstractMetaDataBasedSearchCallback  - Getting edges for node NESTEDSCOPEDCONTENTCONDITIONS
146079 [main] TRACE org.dbunit.database.DatabaseConfig  - getProperty(name=http://www.dbunit.org/properties/metadataHandler) - start
146079 [main] TRACE org.dbunit.database.DefaultMetadataHandler  - tableExists(metaData=org.apache.commons.dbcp.DelegatingDatabaseMetaData@56e01bd4, schemaName=null, tableName=NESTEDSCOPEDCONTENTCONDITIONS) - start
146080 [main] DEBUG org.dbunit.util.SQLHelper  - close(resultSet=org.apache.commons.dbcp.DelegatingResultSet@1deda4be) - start
146080 [main] DEBUG org.dbunit.util.QualifiedTableName  - getQualifiedNameIfEnabled(config=org.dbunit.database.DatabaseConfig[, _propertyMap={http://www.dbunit.org/properties/statementFactory=org.dbunit.database.statement.PreparedStatementFactory@626bc2b8, http://www.dbunit.org/features/caseSensitiveTableNames=false, http://www.dbunit.org/properties/fetchSize=100, http://www.dbunit.org/features/batchedStatements=false, http://www.dbunit.org/properties/metadataHandler=org.dbunit.database.DefaultMetadataHandler@3bbfdfde, http://www.dbunit.org/properties/datatypeFactory=org.dbunit.dataset.datatype.DefaultDataTypeFactory[_toleratedDeltaMap=org.dbunit.dataset.datatype.ToleratedDeltaMap@6452310a], http://www.dbunit.org/properties/escapePattern=null, http://www.dbunit.org/properties/batchSize=100, http://www.dbunit.org/features/qualifiedTableNames=false, http://www.dbunit.org/properties/tableType=[Ljava.lang.String;@5011bafa, http://www.dbunit.org/properties/resultSetTableFactory=org.dbunit.database.CachedResultSetTableFactory@10bcf083, http://www.dbunit.org/features/datatypeWarning=true}]) - start
146080 [main] TRACE org.dbunit.database.DatabaseConfig  - getFeature(name=http://www.dbunit.org/features/qualifiedTableNames) - start
146080 [main] TRACE org.dbunit.database.DatabaseConfig  - getProperty(name=http://www.dbunit.org/features/qualifiedTableNames) - start
146080 [main] DEBUG org.dbunit.util.QualifiedTableName  - Qualified table names feature is disabled. Returning plain table name
146080 [main] DEBUG org.dbunit.util.QualifiedTableName  - getQualifiedName(prefix=null, name=NESTEDSCOPEDCONTENTCONDITIONS, escapePattern=null) - start
146080 [main] DEBUG org.dbunit.util.QualifiedTableName  - getQualifiedNameIfEnabled(config=org.dbunit.database.DatabaseConfig[, _propertyMap={http://www.dbunit.org/properties/statementFactory=org.dbunit.database.statement.PreparedStatementFactory@626bc2b8, http://www.dbunit.org/features/caseSensitiveTableNames=false, http://www.dbunit.org/properties/fetchSize=100, http://www.dbunit.org/features/batchedStatements=false, http://www.dbunit.org/properties/metadataHandler=org.dbunit.database.DefaultMetadataHandler@3bbfdfde, http://www.dbunit.org/properties/datatypeFactory=org.dbunit.dataset.datatype.DefaultDataTypeFactory[_toleratedDeltaMap=org.dbunit.dataset.datatype.ToleratedDeltaMap@6452310a], http://www.dbunit.org/properties/escapePattern=null, http://www.dbunit.org/properties/batchSize=100, http://www.dbunit.org/features/qualifiedTableNames=false, http://www.dbunit.org/properties/tableType=[Ljava.lang.String;@5011bafa, http://www.dbunit.org/properties/resultSetTableFactory=org.dbunit.database.CachedResultSetTableFactory@10bcf083, http://www.dbunit.org/features/datatypeWarning=true}]) - start
146080 [main] TRACE org.dbunit.database.DatabaseConfig  - getFeature(name=http://www.dbunit.org/features/qualifiedTableNames) - start
146080 [main] TRACE org.dbunit.database.DatabaseConfig  - getProperty(name=http://www.dbunit.org/features/qualifiedTableNames) - start
146080 [main] DEBUG org.dbunit.util.QualifiedTableName  - Qualified table names feature is disabled. Returning plain table name
146080 [main] DEBUG org.dbunit.util.QualifiedTableName  - getQualifiedName(prefix=null, name=SCOPEDCONTENTCONDITION, escapePattern=null) - start
146080 [main] DEBUG org.dbunit.database.search.AbstractMetaDataBasedSearchCallback  - newEdge(rs=org.apache.commons.dbcp.DelegatingResultSet@1eceee8d, type=0, from=NESTEDSCOPEDCONTENTCONDITIONS, to=SCOPEDCONTENTCONDITION, fkColumn=CHILD_CONDITION_ID, pkColumn=ID) - start
146080 [main] DEBUG org.dbunit.database.search.AbstractMetaDataBasedSearchCallback  - createFKEdge(rs=org.apache.commons.dbcp.DelegatingResultSet@1eceee8d, type=0, from=NESTEDSCOPEDCONTENTCONDITIONS, to=SCOPEDCONTENTCONDITION, fkColumn=CHILD_CONDITION_ID, pkColumn=ID) - start
146080 [main] DEBUG org.dbunit.database.search.AbstractMetaDataBasedSearchCallback  - Adding edge NESTEDSCOPEDCONTENTCONDITIONS(CHILD_CONDITION_ID)->SCOPEDCONTENTCONDITION(ID)
146080 [main] DEBUG org.dbunit.util.search.Edge  - compareTo(o=NESTEDSCOPEDCONTENTCONDITIONS(CHILD_CONDITION_ID)->SCOPEDCONTENTCONDITION(ID)) - start
146080 [main] DEBUG org.dbunit.util.QualifiedTableName  - getQualifiedNameIfEnabled(config=org.dbunit.database.DatabaseConfig[, _propertyMap={http://www.dbunit.org/properties/statementFactory=org.dbunit.database.statement.PreparedStatementFactory@626bc2b8, http://www.dbunit.org/features/caseSensitiveTableNames=false, http://www.dbunit.org/properties/fetchSize=100, http://www.dbunit.org/features/batchedStatements=false, http://www.dbunit.org/properties/metadataHandler=org.dbunit.database.DefaultMetadataHandler@3bbfdfde, http://www.dbunit.org/properties/datatypeFactory=org.dbunit.dataset.datatype.DefaultDataTypeFactory[_toleratedDeltaMap=org.dbunit.dataset.datatype.ToleratedDeltaMap@6452310a], http://www.dbunit.org/properties/escapePattern=null, http://www.dbunit.org/properties/batchSize=100, http://www.dbunit.org/features/qualifiedTableNames=false, http://www.dbunit.org/properties/tableType=[Ljava.lang.String;@5011bafa, http://www.dbunit.org/properties/resultSetTableFactory=org.dbunit.database.CachedResultSetTableFactory@10bcf083, http://www.dbunit.org/features/datatypeWarning=true}]) - start
146080 [main] TRACE org.dbunit.database.DatabaseConfig  - getFeature(name=http://www.dbunit.org/features/qualifiedTableNames) - start
146080 [main] TRACE org.dbunit.database.DatabaseConfig  - getProperty(name=http://www.dbunit.org/features/qualifiedTableNames) - start
146081 [main] DEBUG org.dbunit.util.QualifiedTableName  - Qualified table names feature is disabled. Returning plain table name
146081 [main] DEBUG org.dbunit.util.QualifiedTableName  - getQualifiedName(prefix=null, name=NESTEDSCOPEDCONTENTCONDITIONS, escapePattern=null) - start
146081 [main] DEBUG org.dbunit.util.QualifiedTableName  - getQualifiedNameIfEnabled(config=org.dbunit.database.DatabaseConfig[, _propertyMap={http://www.dbunit.org/properties/statementFactory=org.dbunit.database.statement.PreparedStatementFactory@626bc2b8, http://www.dbunit.org/features/caseSensitiveTableNames=false, http://www.dbunit.org/properties/fetchSize=100, http://www.dbunit.org/features/batchedStatements=false, http://www.dbunit.org/properties/metadataHandler=org.dbunit.database.DefaultMetadataHandler@3bbfdfde, http://www.dbunit.org/properties/datatypeFactory=org.dbunit.dataset.datatype.DefaultDataTypeFactory[_toleratedDeltaMap=org.dbunit.dataset.datatype.ToleratedDeltaMap@6452310a], http://www.dbunit.org/properties/escapePattern=null, http://www.dbunit.org/properties/batchSize=100, http://www.dbunit.org/features/qualifiedTableNames=false, http://www.dbunit.org/properties/tableType=[Ljava.lang.String;@5011bafa, http://www.dbunit.org/properties/resultSetTableFactory=org.dbunit.database.CachedResultSetTableFactory@10bcf083, http://www.dbunit.org/features/datatypeWarning=true}]) - start
146081 [main] TRACE org.dbunit.database.DatabaseConfig  - getFeature(name=http://www.dbunit.org/features/qualifiedTableNames) - start
146081 [main] TRACE org.dbunit.database.DatabaseConfig  - getProperty(name=http://www.dbunit.org/features/qualifiedTableNames) - start
146081 [main] DEBUG org.dbunit.util.QualifiedTableName  - Qualified table names feature is disabled. Returning plain table name
146081 [main] DEBUG org.dbunit.util.QualifiedTableName  - getQualifiedName(prefix=null, name=SCOPEDCONTENTCONDITION, escapePattern=null) - start
146081 [main] DEBUG org.dbunit.database.search.AbstractMetaDataBasedSearchCallback  - newEdge(rs=org.apache.commons.dbcp.DelegatingResultSet@1eceee8d, type=0, from=NESTEDSCOPEDCONTENTCONDITIONS, to=SCOPEDCONTENTCONDITION, fkColumn=PARENT_CONDITION_ID, pkColumn=ID) - start
146081 [main] DEBUG org.dbunit.database.search.AbstractMetaDataBasedSearchCallback  - createFKEdge(rs=org.apache.commons.dbcp.DelegatingResultSet@1eceee8d, type=0, from=NESTEDSCOPEDCONTENTCONDITIONS, to=SCOPEDCONTENTCONDITION, fkColumn=PARENT_CONDITION_ID, pkColumn=ID) - start
146081 [main] DEBUG org.dbunit.database.search.AbstractMetaDataBasedSearchCallback  - Adding edge NESTEDSCOPEDCONTENTCONDITIONS(PARENT_CONDITION_ID)->SCOPEDCONTENTCONDITION(ID)
146081 [main] DEBUG org.dbunit.util.search.Edge  - compareTo(o=NESTEDSCOPEDCONTENTCONDITIONS(CHILD_CONDITION_ID)->SCOPEDCONTENTCONDITION(ID)) - start
146081 [main] DEBUG org.dbunit.util.SQLHelper  - close(resultSet=org.apache.commons.dbcp.DelegatingResultSet@1eceee8d) - start
146081 [main] DEBUG org.dbunit.util.search.DepthFirstSearch  - search:SCOPEDCONTENTCONDITION
146081 [main] DEBUG org.dbunit.database.search.ImportedKeysSearchCallback  - searchNode(node=SCOPEDCONTENTCONDITION) - start
146081 [main] DEBUG org.dbunit.util.search.DepthFirstSearch  - Pushing SCOPEDCONTENTCONDITION
146081 [main] DEBUG org.dbunit.database.search.ImportedKeysSearchCallback  - getEdges(node=SCOPEDCONTENTCONDITION) - start
146081 [main] DEBUG org.dbunit.database.search.AbstractMetaDataBasedSearchCallback  - getNodesFromImportedKeys(node=SCOPEDCONTENTCONDITION) - start
146081 [main] DEBUG org.dbunit.database.search.AbstractMetaDataBasedSearchCallback  - getNodes(type=0, node=SCOPEDCONTENTCONDITION) - start
146081 [main] DEBUG org.dbunit.database.DatabaseDataSourceConnection  - getConnection() - start
146081 [main] DEBUG org.dbunit.database.search.AbstractMetaDataBasedSearchCallback  - getNodes(type=0, node=SCOPEDCONTENTCONDITION, conn=Transaction-aware proxy for target Connection [jdbc:hsqldb:mem:kontrollDS, UserName=sw, HSQL Database Engine Driver], schema=null, metaData=org.apache.commons.dbcp.DelegatingDatabaseMetaData@238f7ac8, edges=[]) - start
146081 [main] DEBUG org.dbunit.database.search.AbstractMetaDataBasedSearchCallback  - Getting edges for node SCOPEDCONTENTCONDITION
146081 [main] TRACE org.dbunit.database.DatabaseConfig  - getProperty(name=http://www.dbunit.org/properties/metadataHandler) - start
146081 [main] TRACE org.dbunit.database.DefaultMetadataHandler  - tableExists(metaData=org.apache.commons.dbcp.DelegatingDatabaseMetaData@238f7ac8, schemaName=null, tableName=SCOPEDCONTENTCONDITION) - start
146082 [main] DEBUG org.dbunit.util.SQLHelper  - close(resultSet=org.apache.commons.dbcp.DelegatingResultSet@23c159e2) - start
146083 [main] DEBUG org.dbunit.util.SQLHelper  - close(resultSet=org.apache.commons.dbcp.DelegatingResultSet@3f02d4b7) - start
146083 [main] DEBUG org.dbunit.util.search.DepthFirstSearch  - Adding node SCOPEDCONTENTCONDITION to the final result
146083 [main] DEBUG org.dbunit.util.search.DepthFirstSearch  - Adding node NESTEDSCOPEDCONTENTCONDITIONS to the final result
146083 [main] DEBUG org.dbunit.util.search.DepthFirstSearch  - reverseSearch:NESTEDSCOPEDCONTENTCONDITIONS
146083 [main] DEBUG org.dbunit.util.search.DepthFirstSearch  - already searched; returning true
146083 [main] DEBUG org.dbunit.util.search.DepthFirstSearch  - reverseSearch:SCOPEDCONTENTCONDITION
146083 [main] DEBUG org.dbunit.database.search.ImportedKeysSearchCallback  - searchNode(node=SCOPEDCONTENTCONDITION) - start
146083 [main] DEBUG org.dbunit.util.search.DepthFirstSearch  - Pushing (reverse) SCOPEDCONTENTCONDITION
146083 [main] DEBUG org.dbunit.database.search.ImportedKeysSearchCallback  - getEdges(node=SCOPEDCONTENTCONDITION) - start
146083 [main] DEBUG org.dbunit.database.search.AbstractMetaDataBasedSearchCallback  - getNodesFromImportedKeys(node=SCOPEDCONTENTCONDITION) - start
146083 [main] DEBUG org.dbunit.database.search.AbstractMetaDataBasedSearchCallback  - getNodes(type=0, node=SCOPEDCONTENTCONDITION) - start
146083 [main] DEBUG org.dbunit.database.DatabaseDataSourceConnection  - getConnection() - start
146083 [main] DEBUG org.dbunit.database.search.AbstractMetaDataBasedSearchCallback  - getNodes(type=0, node=SCOPEDCONTENTCONDITION, conn=Transaction-aware proxy for target Connection [jdbc:hsqldb:mem:kontrollDS, UserName=sw, HSQL Database Engine Driver], schema=null, metaData=org.apache.commons.dbcp.DelegatingDatabaseMetaData@52db5ab2, edges=[]) - start
146083 [main] DEBUG org.dbunit.database.search.AbstractMetaDataBasedSearchCallback  - Getting edges for node SCOPEDCONTENTCONDITION
146083 [main] TRACE org.dbunit.database.DatabaseConfig  - getProperty(name=http://www.dbunit.org/properties/metadataHandler) - start
146083 [main] TRACE org.dbunit.database.DefaultMetadataHandler  - tableExists(metaData=org.apache.commons.dbcp.DelegatingDatabaseMetaData@52db5ab2, schemaName=null, tableName=SCOPEDCONTENTCONDITION) - start
146084 [main] DEBUG org.dbunit.util.SQLHelper  - close(resultSet=org.apache.commons.dbcp.DelegatingResultSet@2ebecdcb) - start
146084 [main] DEBUG org.dbunit.util.SQLHelper  - close(resultSet=org.apache.commons.dbcp.DelegatingResultSet@7a17d05a) - start
146084 [main] DEBUG org.dbunit.util.search.DepthFirstSearch  - search:NESTEDSCOPEDCONTENTCONDITIONS
146084 [main] DEBUG org.dbunit.util.search.DepthFirstSearch  - already searched; returning true
146084 [main] DEBUG org.dbunit.util.search.DepthFirstSearch  - search:SCOPEDCONTENTCONDITION
146084 [main] DEBUG org.dbunit.util.search.DepthFirstSearch  - already searched; returning true
146085 [main] DEBUG org.dbunit.database.DatabaseSequenceFilter  - getDependencyInfo(connection=_databaseConfig=org.dbunit.database.DatabaseConfig[, _propertyMap={http://www.dbunit.org/properties/statementFactory=org.dbunit.database.statement.PreparedStatementFactory@626bc2b8, http://www.dbunit.org/features/caseSensitiveTableNames=false, http://www.dbunit.org/properties/fetchSize=100, http://www.dbunit.org/features/batchedStatements=false, http://www.dbunit.org/properties/metadataHandler=org.dbunit.database.DefaultMetadataHandler@3bbfdfde, http://www.dbunit.org/properties/datatypeFactory=org.dbunit.dataset.datatype.DefaultDataTypeFactory[_toleratedDeltaMap=org.dbunit.dataset.datatype.ToleratedDeltaMap@6452310a], http://www.dbunit.org/properties/escapePattern=null, http://www.dbunit.org/properties/batchSize=100, http://www.dbunit.org/features/qualifiedTableNames=false, http://www.dbunit.org/properties/tableType=[Ljava.lang.String;@5011bafa, http://www.dbunit.org/properties/resultSetTableFactory=org.dbunit.database.CachedResultSetTableFactory@10bcf083, http://www.dbunit.org/features/datatypeWarning=true}], _dataSet=AbstractDataSet[_orderedTableNameMap=null], tableName=REQUESTCONTEXT) - start
146085 [main] DEBUG org.dbunit.database.search.TablesDependencyHelper  - getDependentTables(connection=_databaseConfig=org.dbunit.database.DatabaseConfig[, _propertyMap={http://www.dbunit.org/properties/statementFactory=org.dbunit.database.statement.PreparedStatementFactory@626bc2b8, http://www.dbunit.org/features/caseSensitiveTableNames=false, http://www.dbunit.org/properties/fetchSize=100, http://www.dbunit.org/features/batchedStatements=false, http://www.dbunit.org/properties/metadataHandler=org.dbunit.database.DefaultMetadataHandler@3bbfdfde, http://www.dbunit.org/properties/datatypeFactory=org.dbunit.dataset.datatype.DefaultDataTypeFactory[_toleratedDeltaMap=org.dbunit.dataset.datatype.ToleratedDeltaMap@6452310a], http://www.dbunit.org/properties/escapePattern=null, http://www.dbunit.org/properties/batchSize=100, http://www.dbunit.org/features/qualifiedTableNames=false, http://www.dbunit.org/properties/tableType=[Ljava.lang.String;@5011bafa, http://www.dbunit.org/properties/resultSetTableFactory=org.dbunit.database.CachedResultSetTableFactory@10bcf083, http://www.dbunit.org/features/datatypeWarning=true}], _dataSet=AbstractDataSet[_orderedTableNameMap=null], rootTable=REQUESTCONTEXT) - start
146085 [main] DEBUG org.dbunit.database.search.TablesDependencyHelper  - getDependentTables(connection=_databaseConfig=org.dbunit.database.DatabaseConfig[, _propertyMap={http://www.dbunit.org/properties/statementFactory=org.dbunit.database.statement.PreparedStatementFactory@626bc2b8, http://www.dbunit.org/features/caseSensitiveTableNames=false, http://www.dbunit.org/properties/fetchSize=100, http://www.dbunit.org/features/batchedStatements=false, http://www.dbunit.org/properties/metadataHandler=org.dbunit.database.DefaultMetadataHandler@3bbfdfde, http://www.dbunit.org/properties/datatypeFactory=org.dbunit.dataset.datatype.DefaultDataTypeFactory[_toleratedDeltaMap=org.dbunit.dataset.datatype.ToleratedDeltaMap@6452310a], http://www.dbunit.org/properties/escapePattern=null, http://www.dbunit.org/properties/batchSize=100, http://www.dbunit.org/features/qualifiedTableNames=false, http://www.dbunit.org/properties/tableType=[Ljava.lang.String;@5011bafa, http://www.dbunit.org/properties/resultSetTableFactory=org.dbunit.database.CachedResultSetTableFactory@10bcf083, http://www.dbunit.org/features/datatypeWarning=true}], _dataSet=AbstractDataSet[_orderedTableNameMap=null], rootTables=[REQUESTCONTEXT]) - start
146085 [main] DEBUG org.dbunit.util.search.DepthFirstSearch  - search(nodesFrom=[REQUESTCONTEXT], callback=org.dbunit.database.search.ImportedKeysSearchCallback@30eadace) - start
146085 [main] DEBUG org.dbunit.util.CollectionsHelper  - objectsToSet(objects=REQUESTCONTEXT) - start
146085 [main] DEBUG org.dbunit.util.search.DepthFirstSearch  - search(nodesFrom=[REQUESTCONTEXT], callback=org.dbunit.database.search.ImportedKeysSearchCallback@30eadace) - start
146085 [main] DEBUG org.dbunit.util.search.DepthFirstSearch  - reverseSearch:REQUESTCONTEXT
146085 [main] DEBUG org.dbunit.database.search.ImportedKeysSearchCallback  - searchNode(node=REQUESTCONTEXT) - start
146085 [main] DEBUG org.dbunit.util.search.DepthFirstSearch  - Pushing (reverse) REQUESTCONTEXT
146085 [main] DEBUG org.dbunit.database.search.ImportedKeysSearchCallback  - getEdges(node=REQUESTCONTEXT) - start
146085 [main] DEBUG org.dbunit.database.search.AbstractMetaDataBasedSearchCallback  - getNodesFromImportedKeys(node=REQUESTCONTEXT) - start
146085 [main] DEBUG org.dbunit.database.search.AbstractMetaDataBasedSearchCallback  - getNodes(type=0, node=REQUESTCONTEXT) - start
146085 [main] DEBUG org.dbunit.database.DatabaseDataSourceConnection  - getConnection() - start
146085 [main] DEBUG org.dbunit.database.search.AbstractMetaDataBasedSearchCallback  - getNodes(type=0, node=REQUESTCONTEXT, conn=Transaction-aware proxy for target Connection [jdbc:hsqldb:mem:kontrollDS, UserName=sw, HSQL Database Engine Driver], schema=null, metaData=org.apache.commons.dbcp.DelegatingDatabaseMetaData@ac32379, edges=[]) - start
146085 [main] DEBUG org.dbunit.database.search.AbstractMetaDataBasedSearchCallback  - Getting edges for node REQUESTCONTEXT
146085 [main] TRACE org.dbunit.database.DatabaseConfig  - getProperty(name=http://www.dbunit.org/properties/metadataHandler) - start
146085 [main] TRACE org.dbunit.database.DefaultMetadataHandler  - tableExists(metaData=org.apache.commons.dbcp.DelegatingDatabaseMetaData@ac32379, schemaName=null, tableName=REQUESTCONTEXT) - start
146086 [main] DEBUG org.dbunit.util.SQLHelper  - close(resultSet=org.apache.commons.dbcp.DelegatingResultSet@104e368c) - start
146086 [main] DEBUG org.dbunit.util.SQLHelper  - close(resultSet=org.apache.commons.dbcp.DelegatingResultSet@6d2a22e2) - start
146086 [main] DEBUG org.dbunit.util.search.DepthFirstSearch  - search:REQUESTCONTEXT
146086 [main] DEBUG org.dbunit.database.search.ImportedKeysSearchCallback  - searchNode(node=REQUESTCONTEXT) - start
146087 [main] DEBUG org.dbunit.util.search.DepthFirstSearch  - Pushing REQUESTCONTEXT
146087 [main] DEBUG org.dbunit.database.search.ImportedKeysSearchCallback  - getEdges(node=REQUESTCONTEXT) - start
146087 [main] DEBUG org.dbunit.database.search.AbstractMetaDataBasedSearchCallback  - getNodesFromImportedKeys(node=REQUESTCONTEXT) - start
146087 [main] DEBUG org.dbunit.database.search.AbstractMetaDataBasedSearchCallback  - getNodes(type=0, node=REQUESTCONTEXT) - start
146087 [main] DEBUG org.dbunit.database.DatabaseDataSourceConnection  - getConnection() - start
146087 [main] DEBUG org.dbunit.database.search.AbstractMetaDataBasedSearchCallback  - getNodes(type=0, node=REQUESTCONTEXT, conn=Transaction-aware proxy for target Connection [jdbc:hsqldb:mem:kontrollDS, UserName=sw, HSQL Database Engine Driver], schema=null, metaData=org.apache.commons.dbcp.DelegatingDatabaseMetaData@69585b6b, edges=[]) - start
146087 [main] DEBUG org.dbunit.database.search.AbstractMetaDataBasedSearchCallback  - Getting edges for node REQUESTCONTEXT
146087 [main] TRACE org.dbunit.database.DatabaseConfig  - getProperty(name=http://www.dbunit.org/properties/metadataHandler) - start
146087 [main] TRACE org.dbunit.database.DefaultMetadataHandler  - tableExists(metaData=org.apache.commons.dbcp.DelegatingDatabaseMetaData@69585b6b, schemaName=null, tableName=REQUESTCONTEXT) - start
146088 [main] DEBUG org.dbunit.util.SQLHelper  - close(resultSet=org.apache.commons.dbcp.DelegatingResultSet@5a31a963) - start
146088 [main] DEBUG org.dbunit.util.SQLHelper  - close(resultSet=org.apache.commons.dbcp.DelegatingResultSet@7dc00dee) - start
146088 [main] DEBUG org.dbunit.util.search.DepthFirstSearch  - Adding node REQUESTCONTEXT to the final result
146088 [main] DEBUG org.dbunit.util.CollectionsHelper  - setToStrings(set=[REQUESTCONTEXT]) - start
146088 [main] DEBUG org.dbunit.database.search.TablesDependencyHelper  - getDependsOnTables(connection=_databaseConfig=org.dbunit.database.DatabaseConfig[, _propertyMap={http://www.dbunit.org/properties/statementFactory=org.dbunit.database.statement.PreparedStatementFactory@626bc2b8, http://www.dbunit.org/features/caseSensitiveTableNames=false, http://www.dbunit.org/properties/fetchSize=100, http://www.dbunit.org/features/batchedStatements=false, http://www.dbunit.org/properties/metadataHandler=org.dbunit.database.DefaultMetadataHandler@3bbfdfde, http://www.dbunit.org/properties/datatypeFactory=org.dbunit.dataset.datatype.DefaultDataTypeFactory[_toleratedDeltaMap=org.dbunit.dataset.datatype.ToleratedDeltaMap@6452310a], http://www.dbunit.org/properties/escapePattern=null, http://www.dbunit.org/properties/batchSize=100, http://www.dbunit.org/features/qualifiedTableNames=false, http://www.dbunit.org/properties/tableType=[Ljava.lang.String;@5011bafa, http://www.dbunit.org/properties/resultSetTableFactory=org.dbunit.database.CachedResultSetTableFactory@10bcf083, http://www.dbunit.org/features/datatypeWarning=true}], _dataSet=AbstractDataSet[_orderedTableNameMap=null], rootTable=REQUESTCONTEXT) - start
146088 [main] DEBUG org.dbunit.util.search.DepthFirstSearch  - search(nodesFrom=[REQUESTCONTEXT], callback=org.dbunit.database.search.ExportedKeysSearchCallback@7a7381ca) - start
146088 [main] DEBUG org.dbunit.util.CollectionsHelper  - objectsToSet(objects=REQUESTCONTEXT) - start
146088 [main] DEBUG org.dbunit.util.search.DepthFirstSearch  - search(nodesFrom=[REQUESTCONTEXT], callback=org.dbunit.database.search.ExportedKeysSearchCallback@7a7381ca) - start
146088 [main] DEBUG org.dbunit.util.search.DepthFirstSearch  - reverseSearch:REQUESTCONTEXT
146088 [main] DEBUG org.dbunit.database.search.ExportedKeysSearchCallback  - searchNode(node=REQUESTCONTEXT) - start
146088 [main] DEBUG org.dbunit.util.search.DepthFirstSearch  - Pushing (reverse) REQUESTCONTEXT
146088 [main] DEBUG org.dbunit.database.search.ExportedKeysSearchCallback  - getEdges(node=REQUESTCONTEXT) - start
146088 [main] DEBUG org.dbunit.database.search.AbstractMetaDataBasedSearchCallback  - getNodesFromExportedKeys(node=REQUESTCONTEXT) - start
146088 [main] DEBUG org.dbunit.database.search.AbstractMetaDataBasedSearchCallback  - getNodes(type=1, node=REQUESTCONTEXT) - start
146088 [main] DEBUG org.dbunit.database.DatabaseDataSourceConnection  - getConnection() - start
146089 [main] DEBUG org.dbunit.database.search.AbstractMetaDataBasedSearchCallback  - getNodes(type=1, node=REQUESTCONTEXT, conn=Transaction-aware proxy for target Connection [jdbc:hsqldb:mem:kontrollDS, UserName=sw, HSQL Database Engine Driver], schema=null, metaData=org.apache.commons.dbcp.DelegatingDatabaseMetaData@354e3394, edges=[]) - start
146089 [main] DEBUG org.dbunit.database.search.AbstractMetaDataBasedSearchCallback  - Getting edges for node REQUESTCONTEXT
146089 [main] TRACE org.dbunit.database.DatabaseConfig  - getProperty(name=http://www.dbunit.org/properties/metadataHandler) - start
146089 [main] TRACE org.dbunit.database.DefaultMetadataHandler  - tableExists(metaData=org.apache.commons.dbcp.DelegatingDatabaseMetaData@354e3394, schemaName=null, tableName=REQUESTCONTEXT) - start
146090 [main] DEBUG org.dbunit.util.SQLHelper  - close(resultSet=org.apache.commons.dbcp.DelegatingResultSet@4b091410) - start
146090 [main] DEBUG org.dbunit.util.QualifiedTableName  - getQualifiedNameIfEnabled(config=org.dbunit.database.DatabaseConfig[, _propertyMap={http://www.dbunit.org/properties/statementFactory=org.dbunit.database.statement.PreparedStatementFactory@626bc2b8, http://www.dbunit.org/features/caseSensitiveTableNames=false, http://www.dbunit.org/properties/fetchSize=100, http://www.dbunit.org/features/batchedStatements=false, http://www.dbunit.org/properties/metadataHandler=org.dbunit.database.DefaultMetadataHandler@3bbfdfde, http://www.dbunit.org/properties/datatypeFactory=org.dbunit.dataset.datatype.DefaultDataTypeFactory[_toleratedDeltaMap=org.dbunit.dataset.datatype.ToleratedDeltaMap@6452310a], http://www.dbunit.org/properties/escapePattern=null, http://www.dbunit.org/properties/batchSize=100, http://www.dbunit.org/features/qualifiedTableNames=false, http://www.dbunit.org/properties/tableType=[Ljava.lang.String;@5011bafa, http://www.dbunit.org/properties/resultSetTableFactory=org.dbunit.database.CachedResultSetTableFactory@10bcf083, http://www.dbunit.org/features/datatypeWarning=true}]) - start
146090 [main] TRACE org.dbunit.database.DatabaseConfig  - getFeature(name=http://www.dbunit.org/features/qualifiedTableNames) - start
146090 [main] TRACE org.dbunit.database.DatabaseConfig  - getProperty(name=http://www.dbunit.org/features/qualifiedTableNames) - start
146090 [main] DEBUG org.dbunit.util.QualifiedTableName  - Qualified table names feature is disabled. Returning plain table name
146090 [main] DEBUG org.dbunit.util.QualifiedTableName  - getQualifiedName(prefix=null, name=REQUESTCONTEXT, escapePattern=null) - start
146090 [main] DEBUG org.dbunit.util.QualifiedTableName  - getQualifiedNameIfEnabled(config=org.dbunit.database.DatabaseConfig[, _propertyMap={http://www.dbunit.org/properties/statementFactory=org.dbunit.database.statement.PreparedStatementFactory@626bc2b8, http://www.dbunit.org/features/caseSensitiveTableNames=false, http://www.dbunit.org/properties/fetchSize=100, http://www.dbunit.org/features/batchedStatements=false, http://www.dbunit.org/properties/metadataHandler=org.dbunit.database.DefaultMetadataHandler@3bbfdfde, http://www.dbunit.org/properties/datatypeFactory=org.dbunit.dataset.datatype.DefaultDataTypeFactory[_toleratedDeltaMap=org.dbunit.dataset.datatype.ToleratedDeltaMap@6452310a], http://www.dbunit.org/properties/escapePattern=null, http://www.dbunit.org/properties/batchSize=100, http://www.dbunit.org/features/qualifiedTableNames=false, http://www.dbunit.org/properties/tableType=[Ljava.lang.String;@5011bafa, http://www.dbunit.org/properties/resultSetTableFactory=org.dbunit.database.CachedResultSetTableFactory@10bcf083, http://www.dbunit.org/features/datatypeWarning=true}]) - start
146090 [main] TRACE org.dbunit.database.DatabaseConfig  - getFeature(name=http://www.dbunit.org/features/qualifiedTableNames) - start
146090 [main] TRACE org.dbunit.database.DatabaseConfig  - getProperty(name=http://www.dbunit.org/features/qualifiedTableNames) - start
146090 [main] DEBUG org.dbunit.util.QualifiedTableName  - Qualified table names feature is disabled. Returning plain table name
146090 [main] DEBUG org.dbunit.util.QualifiedTableName  - getQualifiedName(prefix=null, name=SCOPE_REQUESTCONTEXT, escapePattern=null) - start
146090 [main] DEBUG org.dbunit.database.search.AbstractMetaDataBasedSearchCallback  - newEdge(rs=org.apache.commons.dbcp.DelegatingResultSet@1563b4d, type=1, from=REQUESTCONTEXT, to=SCOPE_REQUESTCONTEXT, fkColumn=REQUEST_CONTEXT_ID, pkColumn=ID) - start
146090 [main] DEBUG org.dbunit.database.search.AbstractMetaDataBasedSearchCallback  - createFKEdge(rs=org.apache.commons.dbcp.DelegatingResultSet@1563b4d, type=1, from=REQUESTCONTEXT, to=SCOPE_REQUESTCONTEXT, fkColumn=REQUEST_CONTEXT_ID, pkColumn=ID) - start
146090 [main] DEBUG org.dbunit.database.search.AbstractMetaDataBasedSearchCallback  - Adding edge SCOPE_REQUESTCONTEXT(REQUEST_CONTEXT_ID)->REQUESTCONTEXT(ID)
146090 [main] DEBUG org.dbunit.util.search.Edge  - compareTo(o=SCOPE_REQUESTCONTEXT(REQUEST_CONTEXT_ID)->REQUESTCONTEXT(ID)) - start
146090 [main] DEBUG org.dbunit.util.SQLHelper  - close(resultSet=org.apache.commons.dbcp.DelegatingResultSet@1563b4d) - start
146090 [main] DEBUG org.dbunit.util.search.DepthFirstSearch  - reverseSearch:SCOPE_REQUESTCONTEXT
146090 [main] DEBUG org.dbunit.database.search.ExportedKeysSearchCallback  - searchNode(node=SCOPE_REQUESTCONTEXT) - start
146090 [main] DEBUG org.dbunit.util.search.DepthFirstSearch  - Pushing (reverse) SCOPE_REQUESTCONTEXT
146090 [main] DEBUG org.dbunit.database.search.ExportedKeysSearchCallback  - getEdges(node=SCOPE_REQUESTCONTEXT) - start
146090 [main] DEBUG org.dbunit.database.search.AbstractMetaDataBasedSearchCallback  - getNodesFromExportedKeys(node=SCOPE_REQUESTCONTEXT) - start
146091 [main] DEBUG org.dbunit.database.search.AbstractMetaDataBasedSearchCallback  - getNodes(type=1, node=SCOPE_REQUESTCONTEXT) - start
146091 [main] DEBUG org.dbunit.database.DatabaseDataSourceConnection  - getConnection() - start
146091 [main] DEBUG org.dbunit.database.search.AbstractMetaDataBasedSearchCallback  - getNodes(type=1, node=SCOPE_REQUESTCONTEXT, conn=Transaction-aware proxy for target Connection [jdbc:hsqldb:mem:kontrollDS, UserName=sw, HSQL Database Engine Driver], schema=null, metaData=org.apache.commons.dbcp.DelegatingDatabaseMetaData@444f3cea, edges=[]) - start
146091 [main] DEBUG org.dbunit.database.search.AbstractMetaDataBasedSearchCallback  - Getting edges for node SCOPE_REQUESTCONTEXT
146091 [main] TRACE org.dbunit.database.DatabaseConfig  - getProperty(name=http://www.dbunit.org/properties/metadataHandler) - start
146091 [main] TRACE org.dbunit.database.DefaultMetadataHandler  - tableExists(metaData=org.apache.commons.dbcp.DelegatingDatabaseMetaData@444f3cea, schemaName=null, tableName=SCOPE_REQUESTCONTEXT) - start
146092 [main] DEBUG org.dbunit.util.SQLHelper  - close(resultSet=org.apache.commons.dbcp.DelegatingResultSet@56fd97d5) - start
146092 [main] DEBUG org.dbunit.util.SQLHelper  - close(resultSet=org.apache.commons.dbcp.DelegatingResultSet@20a17c88) - start
146092 [main] DEBUG org.dbunit.util.search.DepthFirstSearch  - search:SCOPE_REQUESTCONTEXT
146092 [main] DEBUG org.dbunit.database.search.ExportedKeysSearchCallback  - searchNode(node=SCOPE_REQUESTCONTEXT) - start
146092 [main] DEBUG org.dbunit.util.search.DepthFirstSearch  - Pushing SCOPE_REQUESTCONTEXT
146092 [main] DEBUG org.dbunit.database.search.ExportedKeysSearchCallback  - getEdges(node=SCOPE_REQUESTCONTEXT) - start
146092 [main] DEBUG org.dbunit.database.search.AbstractMetaDataBasedSearchCallback  - getNodesFromExportedKeys(node=SCOPE_REQUESTCONTEXT) - start
146092 [main] DEBUG org.dbunit.database.search.AbstractMetaDataBasedSearchCallback  - getNodes(type=1, node=SCOPE_REQUESTCONTEXT) - start
146092 [main] DEBUG org.dbunit.database.DatabaseDataSourceConnection  - getConnection() - start
146092 [main] DEBUG org.dbunit.database.search.AbstractMetaDataBasedSearchCallback  - getNodes(type=1, node=SCOPE_REQUESTCONTEXT, conn=Transaction-aware proxy for target Connection [jdbc:hsqldb:mem:kontrollDS, UserName=sw, HSQL Database Engine Driver], schema=null, metaData=org.apache.commons.dbcp.DelegatingDatabaseMetaData@49f6d574, edges=[]) - start
146092 [main] DEBUG org.dbunit.database.search.AbstractMetaDataBasedSearchCallback  - Getting edges for node SCOPE_REQUESTCONTEXT
146092 [main] TRACE org.dbunit.database.DatabaseConfig  - getProperty(name=http://www.dbunit.org/properties/metadataHandler) - start
146092 [main] TRACE org.dbunit.database.DefaultMetadataHandler  - tableExists(metaData=org.apache.commons.dbcp.DelegatingDatabaseMetaData@49f6d574, schemaName=null, tableName=SCOPE_REQUESTCONTEXT) - start
146093 [main] DEBUG org.dbunit.util.SQLHelper  - close(resultSet=org.apache.commons.dbcp.DelegatingResultSet@466ddf9e) - start
146094 [main] DEBUG org.dbunit.util.SQLHelper  - close(resultSet=org.apache.commons.dbcp.DelegatingResultSet@970ebd2) - start
146094 [main] DEBUG org.dbunit.util.search.DepthFirstSearch  - Adding node SCOPE_REQUESTCONTEXT to the final result
146094 [main] DEBUG org.dbunit.util.search.DepthFirstSearch  - search:REQUESTCONTEXT
146094 [main] DEBUG org.dbunit.database.search.ExportedKeysSearchCallback  - searchNode(node=REQUESTCONTEXT) - start
146094 [main] DEBUG org.dbunit.util.search.DepthFirstSearch  - Pushing REQUESTCONTEXT
146094 [main] DEBUG org.dbunit.database.search.ExportedKeysSearchCallback  - getEdges(node=REQUESTCONTEXT) - start
146094 [main] DEBUG org.dbunit.database.search.AbstractMetaDataBasedSearchCallback  - getNodesFromExportedKeys(node=REQUESTCONTEXT) - start
146094 [main] DEBUG org.dbunit.database.search.AbstractMetaDataBasedSearchCallback  - getNodes(type=1, node=REQUESTCONTEXT) - start
146094 [main] DEBUG org.dbunit.database.DatabaseDataSourceConnection  - getConnection() - start
146094 [main] DEBUG org.dbunit.database.search.AbstractMetaDataBasedSearchCallback  - getNodes(type=1, node=REQUESTCONTEXT, conn=Transaction-aware proxy for target Connection [jdbc:hsqldb:mem:kontrollDS, UserName=sw, HSQL Database Engine Driver], schema=null, metaData=org.apache.commons.dbcp.DelegatingDatabaseMetaData@548a2cd5, edges=[]) - start
146094 [main] DEBUG org.dbunit.database.search.AbstractMetaDataBasedSearchCallback  - Getting edges for node REQUESTCONTEXT
146094 [main] TRACE org.dbunit.database.DatabaseConfig  - getProperty(name=http://www.dbunit.org/properties/metadataHandler) - start
146094 [main] TRACE org.dbunit.database.DefaultMetadataHandler  - tableExists(metaData=org.apache.commons.dbcp.DelegatingDatabaseMetaData@548a2cd5, schemaName=null, tableName=REQUESTCONTEXT) - start
146096 [main] DEBUG org.dbunit.util.SQLHelper  - close(resultSet=org.apache.commons.dbcp.DelegatingResultSet@39693a10) - start
146096 [main] DEBUG org.dbunit.util.QualifiedTableName  - getQualifiedNameIfEnabled(config=org.dbunit.database.DatabaseConfig[, _propertyMap={http://www.dbunit.org/properties/statementFactory=org.dbunit.database.statement.PreparedStatementFactory@626bc2b8, http://www.dbunit.org/features/caseSensitiveTableNames=false, http://www.dbunit.org/properties/fetchSize=100, http://www.dbunit.org/features/batchedStatements=false, http://www.dbunit.org/properties/metadataHandler=org.dbunit.database.DefaultMetadataHandler@3bbfdfde, http://www.dbunit.org/properties/datatypeFactory=org.dbunit.dataset.datatype.DefaultDataTypeFactory[_toleratedDeltaMap=org.dbunit.dataset.datatype.ToleratedDeltaMap@6452310a], http://www.dbunit.org/properties/escapePattern=null, http://www.dbunit.org/properties/batchSize=100, http://www.dbunit.org/features/qualifiedTableNames=false, http://www.dbunit.org/properties/tableType=[Ljava.lang.String;@5011bafa, http://www.dbunit.org/properties/resultSetTableFactory=org.dbunit.database.CachedResultSetTableFactory@10bcf083, http://www.dbunit.org/features/datatypeWarning=true}]) - start
146096 [main] TRACE org.dbunit.database.DatabaseConfig  - getFeature(name=http://www.dbunit.org/features/qualifiedTableNames) - start
146096 [main] TRACE org.dbunit.database.DatabaseConfig  - getProperty(name=http://www.dbunit.org/features/qualifiedTableNames) - start
146096 [main] DEBUG org.dbunit.util.QualifiedTableName  - Qualified table names feature is disabled. Returning plain table name
146096 [main] DEBUG org.dbunit.util.QualifiedTableName  - getQualifiedName(prefix=null, name=REQUESTCONTEXT, escapePattern=null) - start
146096 [main] DEBUG org.dbunit.util.QualifiedTableName  - getQualifiedNameIfEnabled(config=org.dbunit.database.DatabaseConfig[, _propertyMap={http://www.dbunit.org/properties/statementFactory=org.dbunit.database.statement.PreparedStatementFactory@626bc2b8, http://www.dbunit.org/features/caseSensitiveTableNames=false, http://www.dbunit.org/properties/fetchSize=100, http://www.dbunit.org/features/batchedStatements=false, http://www.dbunit.org/properties/metadataHandler=org.dbunit.database.DefaultMetadataHandler@3bbfdfde, http://www.dbunit.org/properties/datatypeFactory=org.dbunit.dataset.datatype.DefaultDataTypeFactory[_toleratedDeltaMap=org.dbunit.dataset.datatype.ToleratedDeltaMap@6452310a], http://www.dbunit.org/properties/escapePattern=null, http://www.dbunit.org/properties/batchSize=100, http://www.dbunit.org/features/qualifiedTableNames=false, http://www.dbunit.org/properties/tableType=[Ljava.lang.String;@5011bafa, http://www.dbunit.org/properties/resultSetTableFactory=org.dbunit.database.CachedResultSetTableFactory@10bcf083, http://www.dbunit.org/features/datatypeWarning=true}]) - start
146096 [main] TRACE org.dbunit.database.DatabaseConfig  - getFeature(name=http://www.dbunit.org/features/qualifiedTableNames) - start
146096 [main] TRACE org.dbunit.database.DatabaseConfig  - getProperty(name=http://www.dbunit.org/features/qualifiedTableNames) - start
146096 [main] DEBUG org.dbunit.util.QualifiedTableName  - Qualified table names feature is disabled. Returning plain table name
146096 [main] DEBUG org.dbunit.util.QualifiedTableName  - getQualifiedName(prefix=null, name=SCOPE_REQUESTCONTEXT, escapePattern=null) - start
146096 [main] DEBUG org.dbunit.database.search.AbstractMetaDataBasedSearchCallback  - newEdge(rs=org.apache.commons.dbcp.DelegatingResultSet@742486ae, type=1, from=REQUESTCONTEXT, to=SCOPE_REQUESTCONTEXT, fkColumn=REQUEST_CONTEXT_ID, pkColumn=ID) - start
146096 [main] DEBUG org.dbunit.database.search.AbstractMetaDataBasedSearchCallback  - createFKEdge(rs=org.apache.commons.dbcp.DelegatingResultSet@742486ae, type=1, from=REQUESTCONTEXT, to=SCOPE_REQUESTCONTEXT, fkColumn=REQUEST_CONTEXT_ID, pkColumn=ID) - start
146097 [main] DEBUG org.dbunit.database.search.AbstractMetaDataBasedSearchCallback  - Adding edge SCOPE_REQUESTCONTEXT(REQUEST_CONTEXT_ID)->REQUESTCONTEXT(ID)
146097 [main] DEBUG org.dbunit.util.search.Edge  - compareTo(o=SCOPE_REQUESTCONTEXT(REQUEST_CONTEXT_ID)->REQUESTCONTEXT(ID)) - start
146097 [main] DEBUG org.dbunit.util.SQLHelper  - close(resultSet=org.apache.commons.dbcp.DelegatingResultSet@742486ae) - start
146097 [main] DEBUG org.dbunit.util.search.DepthFirstSearch  - search:REQUESTCONTEXT
146097 [main] DEBUG org.dbunit.util.search.DepthFirstSearch  - already searched; returning true
146097 [main] DEBUG org.dbunit.util.search.DepthFirstSearch  - Adding node REQUESTCONTEXT to the final result
146097 [main] DEBUG org.dbunit.util.CollectionsHelper  - setToStrings(set=[SCOPE_REQUESTCONTEXT, REQUESTCONTEXT]) - start
146097 [main] DEBUG org.dbunit.database.search.TablesDependencyHelper  - getDirectDependsOnTables(connection=_databaseConfig=org.dbunit.database.DatabaseConfig[, _propertyMap={http://www.dbunit.org/properties/statementFactory=org.dbunit.database.statement.PreparedStatementFactory@626bc2b8, http://www.dbunit.org/features/caseSensitiveTableNames=false, http://www.dbunit.org/properties/fetchSize=100, http://www.dbunit.org/features/batchedStatements=false, http://www.dbunit.org/properties/metadataHandler=org.dbunit.database.DefaultMetadataHandler@3bbfdfde, http://www.dbunit.org/properties/datatypeFactory=org.dbunit.dataset.datatype.DefaultDataTypeFactory[_toleratedDeltaMap=org.dbunit.dataset.datatype.ToleratedDeltaMap@6452310a], http://www.dbunit.org/properties/escapePattern=null, http://www.dbunit.org/properties/batchSize=100, http://www.dbunit.org/features/qualifiedTableNames=false, http://www.dbunit.org/properties/tableType=[Ljava.lang.String;@5011bafa, http://www.dbunit.org/properties/resultSetTableFactory=org.dbunit.database.CachedResultSetTableFactory@10bcf083, http://www.dbunit.org/features/datatypeWarning=true}], _dataSet=AbstractDataSet[_orderedTableNameMap=null], tableName=REQUESTCONTEXT) - start
146097 [main] DEBUG org.dbunit.util.search.DepthFirstSearch  - search(nodesFrom=[REQUESTCONTEXT], callback=org.dbunit.database.search.ExportedKeysSearchCallback@21a12930) - start
146097 [main] DEBUG org.dbunit.util.CollectionsHelper  - objectsToSet(objects=REQUESTCONTEXT) - start
146097 [main] DEBUG org.dbunit.util.search.DepthFirstSearch  - search(nodesFrom=[REQUESTCONTEXT], callback=org.dbunit.database.search.ExportedKeysSearchCallback@21a12930) - start
146097 [main] DEBUG org.dbunit.util.search.DepthFirstSearch  - reverseSearch:REQUESTCONTEXT
146097 [main] DEBUG org.dbunit.database.search.ExportedKeysSearchCallback  - searchNode(node=REQUESTCONTEXT) - start
146097 [main] DEBUG org.dbunit.util.search.DepthFirstSearch  - Pushing (reverse) REQUESTCONTEXT
146097 [main] DEBUG org.dbunit.database.search.ExportedKeysSearchCallback  - getEdges(node=REQUESTCONTEXT) - start
146097 [main] DEBUG org.dbunit.database.search.AbstractMetaDataBasedSearchCallback  - getNodesFromExportedKeys(node=REQUESTCONTEXT) - start
146097 [main] DEBUG org.dbunit.database.search.AbstractMetaDataBasedSearchCallback  - getNodes(type=1, node=REQUESTCONTEXT) - start
146097 [main] DEBUG org.dbunit.database.DatabaseDataSourceConnection  - getConnection() - start
146097 [main] DEBUG org.dbunit.database.search.AbstractMetaDataBasedSearchCallback  - getNodes(type=1, node=REQUESTCONTEXT, conn=Transaction-aware proxy for target Connection [jdbc:hsqldb:mem:kontrollDS, UserName=sw, HSQL Database Engine Driver], schema=null, metaData=org.apache.commons.dbcp.DelegatingDatabaseMetaData@5b971f8f, edges=[]) - start
146097 [main] DEBUG org.dbunit.database.search.AbstractMetaDataBasedSearchCallback  - Getting edges for node REQUESTCONTEXT
146098 [main] TRACE org.dbunit.database.DatabaseConfig  - getProperty(name=http://www.dbunit.org/properties/metadataHandler) - start
146098 [main] TRACE org.dbunit.database.DefaultMetadataHandler  - tableExists(metaData=org.apache.commons.dbcp.DelegatingDatabaseMetaData@5b971f8f, schemaName=null, tableName=REQUESTCONTEXT) - start
146099 [main] DEBUG org.dbunit.util.SQLHelper  - close(resultSet=org.apache.commons.dbcp.DelegatingResultSet@54014a66) - start
146099 [main] DEBUG org.dbunit.util.QualifiedTableName  - getQualifiedNameIfEnabled(config=org.dbunit.database.DatabaseConfig[, _propertyMap={http://www.dbunit.org/properties/statementFactory=org.dbunit.database.statement.PreparedStatementFactory@626bc2b8, http://www.dbunit.org/features/caseSensitiveTableNames=false, http://www.dbunit.org/properties/fetchSize=100, http://www.dbunit.org/features/batchedStatements=false, http://www.dbunit.org/properties/metadataHandler=org.dbunit.database.DefaultMetadataHandler@3bbfdfde, http://www.dbunit.org/properties/datatypeFactory=org.dbunit.dataset.datatype.DefaultDataTypeFactory[_toleratedDeltaMap=org.dbunit.dataset.datatype.ToleratedDeltaMap@6452310a], http://www.dbunit.org/properties/escapePattern=null, http://www.dbunit.org/properties/batchSize=100, http://www.dbunit.org/features/qualifiedTableNames=false, http://www.dbunit.org/properties/tableType=[Ljava.lang.String;@5011bafa, http://www.dbunit.org/properties/resultSetTableFactory=org.dbunit.database.CachedResultSetTableFactory@10bcf083, http://www.dbunit.org/features/datatypeWarning=true}]) - start
146099 [main] TRACE org.dbunit.database.DatabaseConfig  - getFeature(name=http://www.dbunit.org/features/qualifiedTableNames) - start
146099 [main] TRACE org.dbunit.database.DatabaseConfig  - getProperty(name=http://www.dbunit.org/features/qualifiedTableNames) - start
146099 [main] DEBUG org.dbunit.util.QualifiedTableName  - Qualified table names feature is disabled. Returning plain table name
146099 [main] DEBUG org.dbunit.util.QualifiedTableName  - getQualifiedName(prefix=null, name=REQUESTCONTEXT, escapePattern=null) - start
146099 [main] DEBUG org.dbunit.util.QualifiedTableName  - getQualifiedNameIfEnabled(config=org.dbunit.database.DatabaseConfig[, _propertyMap={http://www.dbunit.org/properties/statementFactory=org.dbunit.database.statement.PreparedStatementFactory@626bc2b8, http://www.dbunit.org/features/caseSensitiveTableNames=false, http://www.dbunit.org/properties/fetchSize=100, http://www.dbunit.org/features/batchedStatements=false, http://www.dbunit.org/properties/metadataHandler=org.dbunit.database.DefaultMetadataHandler@3bbfdfde, http://www.dbunit.org/properties/datatypeFactory=org.dbunit.dataset.datatype.DefaultDataTypeFactory[_toleratedDeltaMap=org.dbunit.dataset.datatype.ToleratedDeltaMap@6452310a], http://www.dbunit.org/properties/escapePattern=null, http://www.dbunit.org/properties/batchSize=100, http://www.dbunit.org/features/qualifiedTableNames=false, http://www.dbunit.org/properties/tableType=[Ljava.lang.String;@5011bafa, http://www.dbunit.org/properties/resultSetTableFactory=org.dbunit.database.CachedResultSetTableFactory@10bcf083, http://www.dbunit.org/features/datatypeWarning=true}]) - start
146099 [main] TRACE org.dbunit.database.DatabaseConfig  - getFeature(name=http://www.dbunit.org/features/qualifiedTableNames) - start
146099 [main] TRACE org.dbunit.database.DatabaseConfig  - getProperty(name=http://www.dbunit.org/features/qualifiedTableNames) - start
146099 [main] DEBUG org.dbunit.util.QualifiedTableName  - Qualified table names feature is disabled. Returning plain table name
146099 [main] DEBUG org.dbunit.util.QualifiedTableName  - getQualifiedName(prefix=null, name=SCOPE_REQUESTCONTEXT, escapePattern=null) - start
146099 [main] DEBUG org.dbunit.database.search.AbstractMetaDataBasedSearchCallback  - newEdge(rs=org.apache.commons.dbcp.DelegatingResultSet@7c62e829, type=1, from=REQUESTCONTEXT, to=SCOPE_REQUESTCONTEXT, fkColumn=REQUEST_CONTEXT_ID, pkColumn=ID) - start
146099 [main] DEBUG org.dbunit.database.search.AbstractMetaDataBasedSearchCallback  - createFKEdge(rs=org.apache.commons.dbcp.DelegatingResultSet@7c62e829, type=1, from=REQUESTCONTEXT, to=SCOPE_REQUESTCONTEXT, fkColumn=REQUEST_CONTEXT_ID, pkColumn=ID) - start
146100 [main] DEBUG org.dbunit.database.search.AbstractMetaDataBasedSearchCallback  - Adding edge SCOPE_REQUESTCONTEXT(REQUEST_CONTEXT_ID)->REQUESTCONTEXT(ID)
146100 [main] DEBUG org.dbunit.util.search.Edge  - compareTo(o=SCOPE_REQUESTCONTEXT(REQUEST_CONTEXT_ID)->REQUESTCONTEXT(ID)) - start
146100 [main] DEBUG org.dbunit.util.SQLHelper  - close(resultSet=org.apache.commons.dbcp.DelegatingResultSet@7c62e829) - start
146100 [main] DEBUG org.dbunit.util.search.DepthFirstSearch  - reverseSearch:SCOPE_REQUESTCONTEXT
146100 [main] DEBUG org.dbunit.database.search.ExportedKeysSearchCallback  - searchNode(node=SCOPE_REQUESTCONTEXT) - start
146100 [main] DEBUG org.dbunit.util.search.DepthFirstSearch  - Pushing (reverse) SCOPE_REQUESTCONTEXT
146100 [main] DEBUG org.dbunit.database.search.ExportedKeysSearchCallback  - getEdges(node=SCOPE_REQUESTCONTEXT) - start
146100 [main] DEBUG org.dbunit.database.search.AbstractMetaDataBasedSearchCallback  - getNodesFromExportedKeys(node=SCOPE_REQUESTCONTEXT) - start
146100 [main] DEBUG org.dbunit.database.search.AbstractMetaDataBasedSearchCallback  - getNodes(type=1, node=SCOPE_REQUESTCONTEXT) - start
146100 [main] DEBUG org.dbunit.database.DatabaseDataSourceConnection  - getConnection() - start
146100 [main] DEBUG org.dbunit.database.search.AbstractMetaDataBasedSearchCallback  - getNodes(type=1, node=SCOPE_REQUESTCONTEXT, conn=Transaction-aware proxy for target Connection [jdbc:hsqldb:mem:kontrollDS, UserName=sw, HSQL Database Engine Driver], schema=null, metaData=org.apache.commons.dbcp.DelegatingDatabaseMetaData@41781b8b, edges=[]) - start
146100 [main] DEBUG org.dbunit.database.search.AbstractMetaDataBasedSearchCallback  - Getting edges for node SCOPE_REQUESTCONTEXT
146100 [main] TRACE org.dbunit.database.DatabaseConfig  - getProperty(name=http://www.dbunit.org/properties/metadataHandler) - start
146100 [main] TRACE org.dbunit.database.DefaultMetadataHandler  - tableExists(metaData=org.apache.commons.dbcp.DelegatingDatabaseMetaData@41781b8b, schemaName=null, tableName=SCOPE_REQUESTCONTEXT) - start
146101 [main] DEBUG org.dbunit.util.SQLHelper  - close(resultSet=org.apache.commons.dbcp.DelegatingResultSet@171e0240) - start
146101 [main] DEBUG org.dbunit.util.SQLHelper  - close(resultSet=org.apache.commons.dbcp.DelegatingResultSet@744d0f58) - start
146101 [main] DEBUG org.dbunit.util.search.DepthFirstSearch  - search:SCOPE_REQUESTCONTEXT
146101 [main] DEBUG org.dbunit.database.search.ExportedKeysSearchCallback  - searchNode(node=SCOPE_REQUESTCONTEXT) - start
146101 [main] DEBUG org.dbunit.util.search.DepthFirstSearch  - Pushing SCOPE_REQUESTCONTEXT
146101 [main] DEBUG org.dbunit.database.search.ExportedKeysSearchCallback  - getEdges(node=SCOPE_REQUESTCONTEXT) - start
146101 [main] DEBUG org.dbunit.database.search.AbstractMetaDataBasedSearchCallback  - getNodesFromExportedKeys(node=SCOPE_REQUESTCONTEXT) - start
146101 [main] DEBUG org.dbunit.database.search.AbstractMetaDataBasedSearchCallback  - getNodes(type=1, node=SCOPE_REQUESTCONTEXT) - start
146101 [main] DEBUG org.dbunit.database.DatabaseDataSourceConnection  - getConnection() - start
146101 [main] DEBUG org.dbunit.database.search.AbstractMetaDataBasedSearchCallback  - getNodes(type=1, node=SCOPE_REQUESTCONTEXT, conn=Transaction-aware proxy for target Connection [jdbc:hsqldb:mem:kontrollDS, UserName=sw, HSQL Database Engine Driver], schema=null, metaData=org.apache.commons.dbcp.DelegatingDatabaseMetaData@6f2a960e, edges=[]) - start
146102 [main] DEBUG org.dbunit.database.search.AbstractMetaDataBasedSearchCallback  - Getting edges for node SCOPE_REQUESTCONTEXT
146102 [main] TRACE org.dbunit.database.DatabaseConfig  - getProperty(name=http://www.dbunit.org/properties/metadataHandler) - start
146102 [main] TRACE org.dbunit.database.DefaultMetadataHandler  - tableExists(metaData=org.apache.commons.dbcp.DelegatingDatabaseMetaData@6f2a960e, schemaName=null, tableName=SCOPE_REQUESTCONTEXT) - start
146103 [main] DEBUG org.dbunit.util.SQLHelper  - close(resultSet=org.apache.commons.dbcp.DelegatingResultSet@2b69d053) - start
146103 [main] DEBUG org.dbunit.util.SQLHelper  - close(resultSet=org.apache.commons.dbcp.DelegatingResultSet@32e7cf13) - start
146103 [main] DEBUG org.dbunit.util.search.DepthFirstSearch  - Adding node SCOPE_REQUESTCONTEXT to the final result
146103 [main] DEBUG org.dbunit.util.search.DepthFirstSearch  - search:REQUESTCONTEXT
146103 [main] DEBUG org.dbunit.database.search.ExportedKeysSearchCallback  - searchNode(node=REQUESTCONTEXT) - start
146103 [main] DEBUG org.dbunit.util.search.DepthFirstSearch  - Pushing REQUESTCONTEXT
146103 [main] DEBUG org.dbunit.database.search.ExportedKeysSearchCallback  - getEdges(node=REQUESTCONTEXT) - start
146103 [main] DEBUG org.dbunit.database.search.AbstractMetaDataBasedSearchCallback  - getNodesFromExportedKeys(node=REQUESTCONTEXT) - start
146103 [main] DEBUG org.dbunit.database.search.AbstractMetaDataBasedSearchCallback  - getNodes(type=1, node=REQUESTCONTEXT) - start
146103 [main] DEBUG org.dbunit.database.DatabaseDataSourceConnection  - getConnection() - start
146103 [main] DEBUG org.dbunit.database.search.AbstractMetaDataBasedSearchCallback  - getNodes(type=1, node=REQUESTCONTEXT, conn=Transaction-aware proxy for target Connection [jdbc:hsqldb:mem:kontrollDS, UserName=sw, HSQL Database Engine Driver], schema=null, metaData=org.apache.commons.dbcp.DelegatingDatabaseMetaData@10cc0281, edges=[]) - start
146103 [main] DEBUG org.dbunit.database.search.AbstractMetaDataBasedSearchCallback  - Getting edges for node REQUESTCONTEXT
146103 [main] TRACE org.dbunit.database.DatabaseConfig  - getProperty(name=http://www.dbunit.org/properties/metadataHandler) - start
146103 [main] TRACE org.dbunit.database.DefaultMetadataHandler  - tableExists(metaData=org.apache.commons.dbcp.DelegatingDatabaseMetaData@10cc0281, schemaName=null, tableName=REQUESTCONTEXT) - start
146104 [main] DEBUG org.dbunit.util.SQLHelper  - close(resultSet=org.apache.commons.dbcp.DelegatingResultSet@32ab3291) - start
146105 [main] DEBUG org.dbunit.util.QualifiedTableName  - getQualifiedNameIfEnabled(config=org.dbunit.database.DatabaseConfig[, _propertyMap={http://www.dbunit.org/properties/statementFactory=org.dbunit.database.statement.PreparedStatementFactory@626bc2b8, http://www.dbunit.org/features/caseSensitiveTableNames=false, http://www.dbunit.org/properties/fetchSize=100, http://www.dbunit.org/features/batchedStatements=false, http://www.dbunit.org/properties/metadataHandler=org.dbunit.database.DefaultMetadataHandler@3bbfdfde, http://www.dbunit.org/properties/datatypeFactory=org.dbunit.dataset.datatype.DefaultDataTypeFactory[_toleratedDeltaMap=org.dbunit.dataset.datatype.ToleratedDeltaMap@6452310a], http://www.dbunit.org/properties/escapePattern=null, http://www.dbunit.org/properties/batchSize=100, http://www.dbunit.org/features/qualifiedTableNames=false, http://www.dbunit.org/properties/tableType=[Ljava.lang.String;@5011bafa, http://www.dbunit.org/properties/resultSetTableFactory=org.dbunit.database.CachedResultSetTableFactory@10bcf083, http://www.dbunit.org/features/datatypeWarning=true}]) - start
146105 [main] TRACE org.dbunit.database.DatabaseConfig  - getFeature(name=http://www.dbunit.org/features/qualifiedTableNames) - start
146105 [main] TRACE org.dbunit.database.DatabaseConfig  - getProperty(name=http://www.dbunit.org/features/qualifiedTableNames) - start
146105 [main] DEBUG org.dbunit.util.QualifiedTableName  - Qualified table names feature is disabled. Returning plain table name
146105 [main] DEBUG org.dbunit.util.QualifiedTableName  - getQualifiedName(prefix=null, name=REQUESTCONTEXT, escapePattern=null) - start
146105 [main] DEBUG org.dbunit.util.QualifiedTableName  - getQualifiedNameIfEnabled(config=org.dbunit.database.DatabaseConfig[, _propertyMap={http://www.dbunit.org/properties/statementFactory=org.dbunit.database.statement.PreparedStatementFactory@626bc2b8, http://www.dbunit.org/features/caseSensitiveTableNames=false, http://www.dbunit.org/properties/fetchSize=100, http://www.dbunit.org/features/batchedStatements=false, http://www.dbunit.org/properties/metadataHandler=org.dbunit.database.DefaultMetadataHandler@3bbfdfde, http://www.dbunit.org/properties/datatypeFactory=org.dbunit.dataset.datatype.DefaultDataTypeFactory[_toleratedDeltaMap=org.dbunit.dataset.datatype.ToleratedDeltaMap@6452310a], http://www.dbunit.org/properties/escapePattern=null, http://www.dbunit.org/properties/batchSize=100, http://www.dbunit.org/features/qualifiedTableNames=false, http://www.dbunit.org/properties/tableType=[Ljava.lang.String;@5011bafa, http://www.dbunit.org/properties/resultSetTableFactory=org.dbunit.database.CachedResultSetTableFactory@10bcf083, http://www.dbunit.org/features/datatypeWarning=true}]) - start
146105 [main] TRACE org.dbunit.database.DatabaseConfig  - getFeature(name=http://www.dbunit.org/features/qualifiedTableNames) - start
146105 [main] TRACE org.dbunit.database.DatabaseConfig  - getProperty(name=http://www.dbunit.org/features/qualifiedTableNames) - start
146105 [main] DEBUG org.dbunit.util.QualifiedTableName  - Qualified table names feature is disabled. Returning plain table name
146105 [main] DEBUG org.dbunit.util.QualifiedTableName  - getQualifiedName(prefix=null, name=SCOPE_REQUESTCONTEXT, escapePattern=null) - start
146105 [main] DEBUG org.dbunit.database.search.AbstractMetaDataBasedSearchCallback  - newEdge(rs=org.apache.commons.dbcp.DelegatingResultSet@587fa860, type=1, from=REQUESTCONTEXT, to=SCOPE_REQUESTCONTEXT, fkColumn=REQUEST_CONTEXT_ID, pkColumn=ID) - start
146105 [main] DEBUG org.dbunit.database.search.AbstractMetaDataBasedSearchCallback  - createFKEdge(rs=org.apache.commons.dbcp.DelegatingResultSet@587fa860, type=1, from=REQUESTCONTEXT, to=SCOPE_REQUESTCONTEXT, fkColumn=REQUEST_CONTEXT_ID, pkColumn=ID) - start
146105 [main] DEBUG org.dbunit.database.search.AbstractMetaDataBasedSearchCallback  - Adding edge SCOPE_REQUESTCONTEXT(REQUEST_CONTEXT_ID)->REQUESTCONTEXT(ID)
146105 [main] DEBUG org.dbunit.util.search.Edge  - compareTo(o=SCOPE_REQUESTCONTEXT(REQUEST_CONTEXT_ID)->REQUESTCONTEXT(ID)) - start
146105 [main] DEBUG org.dbunit.util.SQLHelper  - close(resultSet=org.apache.commons.dbcp.DelegatingResultSet@587fa860) - start
146105 [main] DEBUG org.dbunit.util.search.DepthFirstSearch  - search:REQUESTCONTEXT
146105 [main] DEBUG org.dbunit.util.search.DepthFirstSearch  - already searched; returning true
146105 [main] DEBUG org.dbunit.util.search.DepthFirstSearch  - Adding node REQUESTCONTEXT to the final result
146105 [main] DEBUG org.dbunit.database.search.TablesDependencyHelper  - getDirectDependentTables(connection=_databaseConfig=org.dbunit.database.DatabaseConfig[, _propertyMap={http://www.dbunit.org/properties/statementFactory=org.dbunit.database.statement.PreparedStatementFactory@626bc2b8, http://www.dbunit.org/features/caseSensitiveTableNames=false, http://www.dbunit.org/properties/fetchSize=100, http://www.dbunit.org/features/batchedStatements=false, http://www.dbunit.org/properties/metadataHandler=org.dbunit.database.DefaultMetadataHandler@3bbfdfde, http://www.dbunit.org/properties/datatypeFactory=org.dbunit.dataset.datatype.DefaultDataTypeFactory[_toleratedDeltaMap=org.dbunit.dataset.datatype.ToleratedDeltaMap@6452310a], http://www.dbunit.org/properties/escapePattern=null, http://www.dbunit.org/properties/batchSize=100, http://www.dbunit.org/features/qualifiedTableNames=false, http://www.dbunit.org/properties/tableType=[Ljava.lang.String;@5011bafa, http://www.dbunit.org/properties/resultSetTableFactory=org.dbunit.database.CachedResultSetTableFactory@10bcf083, http://www.dbunit.org/features/datatypeWarning=true}], _dataSet=AbstractDataSet[_orderedTableNameMap=null], tableName=REQUESTCONTEXT) - start
146106 [main] DEBUG org.dbunit.util.search.DepthFirstSearch  - search(nodesFrom=[REQUESTCONTEXT], callback=org.dbunit.database.search.ImportedKeysSearchCallback@837559a) - start
146106 [main] DEBUG org.dbunit.util.CollectionsHelper  - objectsToSet(objects=REQUESTCONTEXT) - start
146106 [main] DEBUG org.dbunit.util.search.DepthFirstSearch  - search(nodesFrom=[REQUESTCONTEXT], callback=org.dbunit.database.search.ImportedKeysSearchCallback@837559a) - start
146106 [main] DEBUG org.dbunit.util.search.DepthFirstSearch  - reverseSearch:REQUESTCONTEXT
146106 [main] DEBUG org.dbunit.database.search.ImportedKeysSearchCallback  - searchNode(node=REQUESTCONTEXT) - start
146106 [main] DEBUG org.dbunit.util.search.DepthFirstSearch  - Pushing (reverse) REQUESTCONTEXT
146106 [main] DEBUG org.dbunit.database.search.ImportedKeysSearchCallback  - getEdges(node=REQUESTCONTEXT) - start
146106 [main] DEBUG org.dbunit.database.search.AbstractMetaDataBasedSearchCallback  - getNodesFromImportedKeys(node=REQUESTCONTEXT) - start
146106 [main] DEBUG org.dbunit.database.search.AbstractMetaDataBasedSearchCallback  - getNodes(type=0, node=REQUESTCONTEXT) - start
146106 [main] DEBUG org.dbunit.database.DatabaseDataSourceConnection  - getConnection() - start
146106 [main] DEBUG org.dbunit.database.search.AbstractMetaDataBasedSearchCallback  - getNodes(type=0, node=REQUESTCONTEXT, conn=Transaction-aware proxy for target Connection [jdbc:hsqldb:mem:kontrollDS, UserName=sw, HSQL Database Engine Driver], schema=null, metaData=org.apache.commons.dbcp.DelegatingDatabaseMetaData@68d4f5ac, edges=[]) - start
146106 [main] DEBUG org.dbunit.database.search.AbstractMetaDataBasedSearchCallback  - Getting edges for node REQUESTCONTEXT
146106 [main] TRACE org.dbunit.database.DatabaseConfig  - getProperty(name=http://www.dbunit.org/properties/metadataHandler) - start
146106 [main] TRACE org.dbunit.database.DefaultMetadataHandler  - tableExists(metaData=org.apache.commons.dbcp.DelegatingDatabaseMetaData@68d4f5ac, schemaName=null, tableName=REQUESTCONTEXT) - start
146107 [main] DEBUG org.dbunit.util.SQLHelper  - close(resultSet=org.apache.commons.dbcp.DelegatingResultSet@1bb651f2) - start
146107 [main] DEBUG org.dbunit.util.SQLHelper  - close(resultSet=org.apache.commons.dbcp.DelegatingResultSet@92524a4) - start
146108 [main] DEBUG org.dbunit.util.search.DepthFirstSearch  - search:REQUESTCONTEXT
146108 [main] DEBUG org.dbunit.database.search.ImportedKeysSearchCallback  - searchNode(node=REQUESTCONTEXT) - start
146108 [main] DEBUG org.dbunit.util.search.DepthFirstSearch  - Pushing REQUESTCONTEXT
146108 [main] DEBUG org.dbunit.database.search.ImportedKeysSearchCallback  - getEdges(node=REQUESTCONTEXT) - start
146108 [main] DEBUG org.dbunit.database.search.AbstractMetaDataBasedSearchCallback  - getNodesFromImportedKeys(node=REQUESTCONTEXT) - start
146108 [main] DEBUG org.dbunit.database.search.AbstractMetaDataBasedSearchCallback  - getNodes(type=0, node=REQUESTCONTEXT) - start
146108 [main] DEBUG org.dbunit.database.DatabaseDataSourceConnection  - getConnection() - start
146108 [main] DEBUG org.dbunit.database.search.AbstractMetaDataBasedSearchCallback  - getNodes(type=0, node=REQUESTCONTEXT, conn=Transaction-aware proxy for target Connection [jdbc:hsqldb:mem:kontrollDS, UserName=sw, HSQL Database Engine Driver], schema=null, metaData=org.apache.commons.dbcp.DelegatingDatabaseMetaData@65888fac, edges=[]) - start
146108 [main] DEBUG org.dbunit.database.search.AbstractMetaDataBasedSearchCallback  - Getting edges for node REQUESTCONTEXT
146108 [main] TRACE org.dbunit.database.DatabaseConfig  - getProperty(name=http://www.dbunit.org/properties/metadataHandler) - start
146108 [main] TRACE org.dbunit.database.DefaultMetadataHandler  - tableExists(metaData=org.apache.commons.dbcp.DelegatingDatabaseMetaData@65888fac, schemaName=null, tableName=REQUESTCONTEXT) - start
146109 [main] DEBUG org.dbunit.util.SQLHelper  - close(resultSet=org.apache.commons.dbcp.DelegatingResultSet@6d3f39f2) - start
146109 [main] DEBUG org.dbunit.util.SQLHelper  - close(resultSet=org.apache.commons.dbcp.DelegatingResultSet@4a512013) - start
146109 [main] DEBUG org.dbunit.util.search.DepthFirstSearch  - Adding node REQUESTCONTEXT to the final result
146109 [main] DEBUG org.dbunit.database.DatabaseSequenceFilter  - getDependencyInfo(connection=_databaseConfig=org.dbunit.database.DatabaseConfig[, _propertyMap={http://www.dbunit.org/properties/statementFactory=org.dbunit.database.statement.PreparedStatementFactory@626bc2b8, http://www.dbunit.org/features/caseSensitiveTableNames=false, http://www.dbunit.org/properties/fetchSize=100, http://www.dbunit.org/features/batchedStatements=false, http://www.dbunit.org/properties/metadataHandler=org.dbunit.database.DefaultMetadataHandler@3bbfdfde, http://www.dbunit.org/properties/datatypeFactory=org.dbunit.dataset.datatype.DefaultDataTypeFactory[_toleratedDeltaMap=org.dbunit.dataset.datatype.ToleratedDeltaMap@6452310a], http://www.dbunit.org/properties/escapePattern=null, http://www.dbunit.org/properties/batchSize=100, http://www.dbunit.org/features/qualifiedTableNames=false, http://www.dbunit.org/properties/tableType=[Ljava.lang.String;@5011bafa, http://www.dbunit.org/properties/resultSetTableFactory=org.dbunit.database.CachedResultSetTableFactory@10bcf083, http://www.dbunit.org/features/datatypeWarning=true}], _dataSet=AbstractDataSet[_orderedTableNameMap=null], tableName=SCOPE) - start
146109 [main] DEBUG org.dbunit.database.search.TablesDependencyHelper  - getDependentTables(connection=_databaseConfig=org.dbunit.database.DatabaseConfig[, _propertyMap={http://www.dbunit.org/properties/statementFactory=org.dbunit.database.statement.PreparedStatementFactory@626bc2b8, http://www.dbunit.org/features/caseSensitiveTableNames=false, http://www.dbunit.org/properties/fetchSize=100, http://www.dbunit.org/features/batchedStatements=false, http://www.dbunit.org/properties/metadataHandler=org.dbunit.database.DefaultMetadataHandler@3bbfdfde, http://www.dbunit.org/properties/datatypeFactory=org.dbunit.dataset.datatype.DefaultDataTypeFactory[_toleratedDeltaMap=org.dbunit.dataset.datatype.ToleratedDeltaMap@6452310a], http://www.dbunit.org/properties/escapePattern=null, http://www.dbunit.org/properties/batchSize=100, http://www.dbunit.org/features/qualifiedTableNames=false, http://www.dbunit.org/properties/tableType=[Ljava.lang.String;@5011bafa, http://www.dbunit.org/properties/resultSetTableFactory=org.dbunit.database.CachedResultSetTableFactory@10bcf083, http://www.dbunit.org/features/datatypeWarning=true}], _dataSet=AbstractDataSet[_orderedTableNameMap=null], rootTable=SCOPE) - start
146109 [main] DEBUG org.dbunit.database.search.TablesDependencyHelper  - getDependentTables(connection=_databaseConfig=org.dbunit.database.DatabaseConfig[, _propertyMap={http://www.dbunit.org/properties/statementFactory=org.dbunit.database.statement.PreparedStatementFactory@626bc2b8, http://www.dbunit.org/features/caseSensitiveTableNames=false, http://www.dbunit.org/properties/fetchSize=100, http://www.dbunit.org/features/batchedStatements=false, http://www.dbunit.org/properties/metadataHandler=org.dbunit.database.DefaultMetadataHandler@3bbfdfde, http://www.dbunit.org/properties/datatypeFactory=org.dbunit.dataset.datatype.DefaultDataTypeFactory[_toleratedDeltaMap=org.dbunit.dataset.datatype.ToleratedDeltaMap@6452310a], http://www.dbunit.org/properties/escapePattern=null, http://www.dbunit.org/properties/batchSize=100, http://www.dbunit.org/features/qualifiedTableNames=false, http://www.dbunit.org/properties/tableType=[Ljava.lang.String;@5011bafa, http://www.dbunit.org/properties/resultSetTableFactory=org.dbunit.database.CachedResultSetTableFactory@10bcf083, http://www.dbunit.org/features/datatypeWarning=true}], _dataSet=AbstractDataSet[_orderedTableNameMap=null], rootTables=[SCOPE]) - start
146110 [main] DEBUG org.dbunit.util.search.DepthFirstSearch  - search(nodesFrom=[SCOPE], callback=org.dbunit.database.search.ImportedKeysSearchCallback@614c05bf) - start
146110 [main] DEBUG org.dbunit.util.CollectionsHelper  - objectsToSet(objects=SCOPE) - start
146110 [main] DEBUG org.dbunit.util.search.DepthFirstSearch  - search(nodesFrom=[SCOPE], callback=org.dbunit.database.search.ImportedKeysSearchCallback@614c05bf) - start
146110 [main] DEBUG org.dbunit.util.search.DepthFirstSearch  - reverseSearch:SCOPE
146110 [main] DEBUG org.dbunit.database.search.ImportedKeysSearchCallback  - searchNode(node=SCOPE) - start
146110 [main] DEBUG org.dbunit.util.search.DepthFirstSearch  - Pushing (reverse) SCOPE
146110 [main] DEBUG org.dbunit.database.search.ImportedKeysSearchCallback  - getEdges(node=SCOPE) - start
146110 [main] DEBUG org.dbunit.database.search.AbstractMetaDataBasedSearchCallback  - getNodesFromImportedKeys(node=SCOPE) - start
146110 [main] DEBUG org.dbunit.database.search.AbstractMetaDataBasedSearchCallback  - getNodes(type=0, node=SCOPE) - start
146110 [main] DEBUG org.dbunit.database.DatabaseDataSourceConnection  - getConnection() - start
146110 [main] DEBUG org.dbunit.database.search.AbstractMetaDataBasedSearchCallback  - getNodes(type=0, node=SCOPE, conn=Transaction-aware proxy for target Connection [jdbc:hsqldb:mem:kontrollDS, UserName=sw, HSQL Database Engine Driver], schema=null, metaData=org.apache.commons.dbcp.DelegatingDatabaseMetaData@460d7080, edges=[]) - start
146110 [main] DEBUG org.dbunit.database.search.AbstractMetaDataBasedSearchCallback  - Getting edges for node SCOPE
146110 [main] TRACE org.dbunit.database.DatabaseConfig  - getProperty(name=http://www.dbunit.org/properties/metadataHandler) - start
146110 [main] TRACE org.dbunit.database.DefaultMetadataHandler  - tableExists(metaData=org.apache.commons.dbcp.DelegatingDatabaseMetaData@460d7080, schemaName=null, tableName=SCOPE) - start
146111 [main] DEBUG org.dbunit.util.SQLHelper  - close(resultSet=org.apache.commons.dbcp.DelegatingResultSet@125ad54a) - start
146111 [main] DEBUG org.dbunit.util.SQLHelper  - close(resultSet=org.apache.commons.dbcp.DelegatingResultSet@4a1ba1a3) - start
146111 [main] DEBUG org.dbunit.util.search.DepthFirstSearch  - search:SCOPE
146111 [main] DEBUG org.dbunit.database.search.ImportedKeysSearchCallback  - searchNode(node=SCOPE) - start
146111 [main] DEBUG org.dbunit.util.search.DepthFirstSearch  - Pushing SCOPE
146111 [main] DEBUG org.dbunit.database.search.ImportedKeysSearchCallback  - getEdges(node=SCOPE) - start
146112 [main] DEBUG org.dbunit.database.search.AbstractMetaDataBasedSearchCallback  - getNodesFromImportedKeys(node=SCOPE) - start
146112 [main] DEBUG org.dbunit.database.search.AbstractMetaDataBasedSearchCallback  - getNodes(type=0, node=SCOPE) - start
146112 [main] DEBUG org.dbunit.database.DatabaseDataSourceConnection  - getConnection() - start
146112 [main] DEBUG org.dbunit.database.search.AbstractMetaDataBasedSearchCallback  - getNodes(type=0, node=SCOPE, conn=Transaction-aware proxy for target Connection [jdbc:hsqldb:mem:kontrollDS, UserName=sw, HSQL Database Engine Driver], schema=null, metaData=org.apache.commons.dbcp.DelegatingDatabaseMetaData@5c10fa57, edges=[]) - start
146112 [main] DEBUG org.dbunit.database.search.AbstractMetaDataBasedSearchCallback  - Getting edges for node SCOPE
146112 [main] TRACE org.dbunit.database.DatabaseConfig  - getProperty(name=http://www.dbunit.org/properties/metadataHandler) - start
146112 [main] TRACE org.dbunit.database.DefaultMetadataHandler  - tableExists(metaData=org.apache.commons.dbcp.DelegatingDatabaseMetaData@5c10fa57, schemaName=null, tableName=SCOPE) - start
146113 [main] DEBUG org.dbunit.util.SQLHelper  - close(resultSet=org.apache.commons.dbcp.DelegatingResultSet@458997f9) - start
146113 [main] DEBUG org.dbunit.util.SQLHelper  - close(resultSet=org.apache.commons.dbcp.DelegatingResultSet@46421077) - start
146113 [main] DEBUG org.dbunit.util.search.DepthFirstSearch  - Adding node SCOPE to the final result
146113 [main] DEBUG org.dbunit.util.CollectionsHelper  - setToStrings(set=[SCOPE]) - start
146113 [main] DEBUG org.dbunit.database.search.TablesDependencyHelper  - getDependsOnTables(connection=_databaseConfig=org.dbunit.database.DatabaseConfig[, _propertyMap={http://www.dbunit.org/properties/statementFactory=org.dbunit.database.statement.PreparedStatementFactory@626bc2b8, http://www.dbunit.org/features/caseSensitiveTableNames=false, http://www.dbunit.org/properties/fetchSize=100, http://www.dbunit.org/features/batchedStatements=false, http://www.dbunit.org/properties/metadataHandler=org.dbunit.database.DefaultMetadataHandler@3bbfdfde, http://www.dbunit.org/properties/datatypeFactory=org.dbunit.dataset.datatype.DefaultDataTypeFactory[_toleratedDeltaMap=org.dbunit.dataset.datatype.ToleratedDeltaMap@6452310a], http://www.dbunit.org/properties/escapePattern=null, http://www.dbunit.org/properties/batchSize=100, http://www.dbunit.org/features/qualifiedTableNames=false, http://www.dbunit.org/properties/tableType=[Ljava.lang.String;@5011bafa, http://www.dbunit.org/properties/resultSetTableFactory=org.dbunit.database.CachedResultSetTableFactory@10bcf083, http://www.dbunit.org/features/datatypeWarning=true}], _dataSet=AbstractDataSet[_orderedTableNameMap=null], rootTable=SCOPE) - start
146113 [main] DEBUG org.dbunit.util.search.DepthFirstSearch  - search(nodesFrom=[SCOPE], callback=org.dbunit.database.search.ExportedKeysSearchCallback@58a44ee3) - start
146113 [main] DEBUG org.dbunit.util.CollectionsHelper  - objectsToSet(objects=SCOPE) - start
146113 [main] DEBUG org.dbunit.util.search.DepthFirstSearch  - search(nodesFrom=[SCOPE], callback=org.dbunit.database.search.ExportedKeysSearchCallback@58a44ee3) - start
146113 [main] DEBUG org.dbunit.util.search.DepthFirstSearch  - reverseSearch:SCOPE
146113 [main] DEBUG org.dbunit.database.search.ExportedKeysSearchCallback  - searchNode(node=SCOPE) - start
146113 [main] DEBUG org.dbunit.util.search.DepthFirstSearch  - Pushing (reverse) SCOPE
146113 [main] DEBUG org.dbunit.database.search.ExportedKeysSearchCallback  - getEdges(node=SCOPE) - start
146114 [main] DEBUG org.dbunit.database.search.AbstractMetaDataBasedSearchCallback  - getNodesFromExportedKeys(node=SCOPE) - start
146114 [main] DEBUG org.dbunit.database.search.AbstractMetaDataBasedSearchCallback  - getNodes(type=1, node=SCOPE) - start
146114 [main] DEBUG org.dbunit.database.DatabaseDataSourceConnection  - getConnection() - start
146114 [main] DEBUG org.dbunit.database.search.AbstractMetaDataBasedSearchCallback  - getNodes(type=1, node=SCOPE, conn=Transaction-aware proxy for target Connection [jdbc:hsqldb:mem:kontrollDS, UserName=sw, HSQL Database Engine Driver], schema=null, metaData=org.apache.commons.dbcp.DelegatingDatabaseMetaData@b37468c, edges=[]) - start
146114 [main] DEBUG org.dbunit.database.search.AbstractMetaDataBasedSearchCallback  - Getting edges for node SCOPE
146114 [main] TRACE org.dbunit.database.DatabaseConfig  - getProperty(name=http://www.dbunit.org/properties/metadataHandler) - start
146114 [main] TRACE org.dbunit.database.DefaultMetadataHandler  - tableExists(metaData=org.apache.commons.dbcp.DelegatingDatabaseMetaData@b37468c, schemaName=null, tableName=SCOPE) - start
146115 [main] DEBUG org.dbunit.util.SQLHelper  - close(resultSet=org.apache.commons.dbcp.DelegatingResultSet@4f86d031) - start
146115 [main] DEBUG org.dbunit.util.QualifiedTableName  - getQualifiedNameIfEnabled(config=org.dbunit.database.DatabaseConfig[, _propertyMap={http://www.dbunit.org/properties/statementFactory=org.dbunit.database.statement.PreparedStatementFactory@626bc2b8, http://www.dbunit.org/features/caseSensitiveTableNames=false, http://www.dbunit.org/properties/fetchSize=100, http://www.dbunit.org/features/batchedStatements=false, http://www.dbunit.org/properties/metadataHandler=org.dbunit.database.DefaultMetadataHandler@3bbfdfde, http://www.dbunit.org/properties/datatypeFactory=org.dbunit.dataset.datatype.DefaultDataTypeFactory[_toleratedDeltaMap=org.dbunit.dataset.datatype.ToleratedDeltaMap@6452310a], http://www.dbunit.org/properties/escapePattern=null, http://www.dbunit.org/properties/batchSize=100, http://www.dbunit.org/features/qualifiedTableNames=false, http://www.dbunit.org/properties/tableType=[Ljava.lang.String;@5011bafa, http://www.dbunit.org/properties/resultSetTableFactory=org.dbunit.database.CachedResultSetTableFactory@10bcf083, http://www.dbunit.org/features/datatypeWarning=true}]) - start
146115 [main] TRACE org.dbunit.database.DatabaseConfig  - getFeature(name=http://www.dbunit.org/features/qualifiedTableNames) - start
146115 [main] TRACE org.dbunit.database.DatabaseConfig  - getProperty(name=http://www.dbunit.org/features/qualifiedTableNames) - start
146115 [main] DEBUG org.dbunit.util.QualifiedTableName  - Qualified table names feature is disabled. Returning plain table name
146115 [main] DEBUG org.dbunit.util.QualifiedTableName  - getQualifiedName(prefix=null, name=SCOPE, escapePattern=null) - start
146115 [main] DEBUG org.dbunit.util.QualifiedTableName  - getQualifiedNameIfEnabled(config=org.dbunit.database.DatabaseConfig[, _propertyMap={http://www.dbunit.org/properties/statementFactory=org.dbunit.database.statement.PreparedStatementFactory@626bc2b8, http://www.dbunit.org/features/caseSensitiveTableNames=false, http://www.dbunit.org/properties/fetchSize=100, http://www.dbunit.org/features/batchedStatements=false, http://www.dbunit.org/properties/metadataHandler=org.dbunit.database.DefaultMetadataHandler@3bbfdfde, http://www.dbunit.org/properties/datatypeFactory=org.dbunit.dataset.datatype.DefaultDataTypeFactory[_toleratedDeltaMap=org.dbunit.dataset.datatype.ToleratedDeltaMap@6452310a], http://www.dbunit.org/properties/escapePattern=null, http://www.dbunit.org/properties/batchSize=100, http://www.dbunit.org/features/qualifiedTableNames=false, http://www.dbunit.org/properties/tableType=[Ljava.lang.String;@5011bafa, http://www.dbunit.org/properties/resultSetTableFactory=org.dbunit.database.CachedResultSetTableFactory@10bcf083, http://www.dbunit.org/features/datatypeWarning=true}]) - start
146116 [main] TRACE org.dbunit.database.DatabaseConfig  - getFeature(name=http://www.dbunit.org/features/qualifiedTableNames) - start
146116 [main] TRACE org.dbunit.database.DatabaseConfig  - getProperty(name=http://www.dbunit.org/features/qualifiedTableNames) - start
146116 [main] DEBUG org.dbunit.util.QualifiedTableName  - Qualified table names feature is disabled. Returning plain table name
146116 [main] DEBUG org.dbunit.util.QualifiedTableName  - getQualifiedName(prefix=null, name=SCOPE_REQUESTCONTEXT, escapePattern=null) - start
146116 [main] DEBUG org.dbunit.database.search.AbstractMetaDataBasedSearchCallback  - newEdge(rs=org.apache.commons.dbcp.DelegatingResultSet@c810c2a, type=1, from=SCOPE, to=SCOPE_REQUESTCONTEXT, fkColumn=SCOPE_ID, pkColumn=ID) - start
146116 [main] DEBUG org.dbunit.database.search.AbstractMetaDataBasedSearchCallback  - createFKEdge(rs=org.apache.commons.dbcp.DelegatingResultSet@c810c2a, type=1, from=SCOPE, to=SCOPE_REQUESTCONTEXT, fkColumn=SCOPE_ID, pkColumn=ID) - start
146116 [main] DEBUG org.dbunit.database.search.AbstractMetaDataBasedSearchCallback  - Adding edge SCOPE_REQUESTCONTEXT(SCOPE_ID)->SCOPE(ID)
146116 [main] DEBUG org.dbunit.util.search.Edge  - compareTo(o=SCOPE_REQUESTCONTEXT(SCOPE_ID)->SCOPE(ID)) - start
146116 [main] DEBUG org.dbunit.util.QualifiedTableName  - getQualifiedNameIfEnabled(config=org.dbunit.database.DatabaseConfig[, _propertyMap={http://www.dbunit.org/properties/statementFactory=org.dbunit.database.statement.PreparedStatementFactory@626bc2b8, http://www.dbunit.org/features/caseSensitiveTableNames=false, http://www.dbunit.org/properties/fetchSize=100, http://www.dbunit.org/features/batchedStatements=false, http://www.dbunit.org/properties/metadataHandler=org.dbunit.database.DefaultMetadataHandler@3bbfdfde, http://www.dbunit.org/properties/datatypeFactory=org.dbunit.dataset.datatype.DefaultDataTypeFactory[_toleratedDeltaMap=org.dbunit.dataset.datatype.ToleratedDeltaMap@6452310a], http://www.dbunit.org/properties/escapePattern=null, http://www.dbunit.org/properties/batchSize=100, http://www.dbunit.org/features/qualifiedTableNames=false, http://www.dbunit.org/properties/tableType=[Ljava.lang.String;@5011bafa, http://www.dbunit.org/properties/resultSetTableFactory=org.dbunit.database.CachedResultSetTableFactory@10bcf083, http://www.dbunit.org/features/datatypeWarning=true}]) - start
146116 [main] TRACE org.dbunit.database.DatabaseConfig  - getFeature(name=http://www.dbunit.org/features/qualifiedTableNames) - start
146116 [main] TRACE org.dbunit.database.DatabaseConfig  - getProperty(name=http://www.dbunit.org/features/qualifiedTableNames) - start
146116 [main] DEBUG org.dbunit.util.QualifiedTableName  - Qualified table names feature is disabled. Returning plain table name
146116 [main] DEBUG org.dbunit.util.QualifiedTableName  - getQualifiedName(prefix=null, name=SCOPE, escapePattern=null) - start
146116 [main] DEBUG org.dbunit.util.QualifiedTableName  - getQualifiedNameIfEnabled(config=org.dbunit.database.DatabaseConfig[, _propertyMap={http://www.dbunit.org/properties/statementFactory=org.dbunit.database.statement.PreparedStatementFactory@626bc2b8, http://www.dbunit.org/features/caseSensitiveTableNames=false, http://www.dbunit.org/properties/fetchSize=100, http://www.dbunit.org/features/batchedStatements=false, http://www.dbunit.org/properties/metadataHandler=org.dbunit.database.DefaultMetadataHandler@3bbfdfde, http://www.dbunit.org/properties/datatypeFactory=org.dbunit.dataset.datatype.DefaultDataTypeFactory[_toleratedDeltaMap=org.dbunit.dataset.datatype.ToleratedDeltaMap@6452310a], http://www.dbunit.org/properties/escapePattern=null, http://www.dbunit.org/properties/batchSize=100, http://www.dbunit.org/features/qualifiedTableNames=false, http://www.dbunit.org/properties/tableType=[Ljava.lang.String;@5011bafa, http://www.dbunit.org/properties/resultSetTableFactory=org.dbunit.database.CachedResultSetTableFactory@10bcf083, http://www.dbunit.org/features/datatypeWarning=true}]) - start
146116 [main] TRACE org.dbunit.database.DatabaseConfig  - getFeature(name=http://www.dbunit.org/features/qualifiedTableNames) - start
146116 [main] TRACE org.dbunit.database.DatabaseConfig  - getProperty(name=http://www.dbunit.org/features/qualifiedTableNames) - start
146116 [main] DEBUG org.dbunit.util.QualifiedTableName  - Qualified table names feature is disabled. Returning plain table name
146117 [main] DEBUG org.dbunit.util.QualifiedTableName  - getQualifiedName(prefix=null, name=SCOPEDCONTENT, escapePattern=null) - start
146117 [main] DEBUG org.dbunit.database.search.AbstractMetaDataBasedSearchCallback  - newEdge(rs=org.apache.commons.dbcp.DelegatingResultSet@c810c2a, type=1, from=SCOPE, to=SCOPEDCONTENT, fkColumn=SCOPE, pkColumn=ID) - start
146117 [main] DEBUG org.dbunit.database.search.AbstractMetaDataBasedSearchCallback  - createFKEdge(rs=org.apache.commons.dbcp.DelegatingResultSet@c810c2a, type=1, from=SCOPE, to=SCOPEDCONTENT, fkColumn=SCOPE, pkColumn=ID) - start
146117 [main] DEBUG org.dbunit.database.search.AbstractMetaDataBasedSearchCallback  - Adding edge SCOPEDCONTENT(SCOPE)->SCOPE(ID)
146117 [main] DEBUG org.dbunit.util.search.Edge  - compareTo(o=SCOPE_REQUESTCONTEXT(SCOPE_ID)->SCOPE(ID)) - start
146117 [main] DEBUG org.dbunit.util.SQLHelper  - close(resultSet=org.apache.commons.dbcp.DelegatingResultSet@c810c2a) - start
146117 [main] DEBUG org.dbunit.util.search.DepthFirstSearch  - reverseSearch:SCOPEDCONTENT
146117 [main] DEBUG org.dbunit.database.search.ExportedKeysSearchCallback  - searchNode(node=SCOPEDCONTENT) - start
146117 [main] DEBUG org.dbunit.util.search.DepthFirstSearch  - Pushing (reverse) SCOPEDCONTENT
146117 [main] DEBUG org.dbunit.database.search.ExportedKeysSearchCallback  - getEdges(node=SCOPEDCONTENT) - start
146117 [main] DEBUG org.dbunit.database.search.AbstractMetaDataBasedSearchCallback  - getNodesFromExportedKeys(node=SCOPEDCONTENT) - start
146117 [main] DEBUG org.dbunit.database.search.AbstractMetaDataBasedSearchCallback  - getNodes(type=1, node=SCOPEDCONTENT) - start
146117 [main] DEBUG org.dbunit.database.DatabaseDataSourceConnection  - getConnection() - start
146118 [main] DEBUG org.dbunit.database.search.AbstractMetaDataBasedSearchCallback  - getNodes(type=1, node=SCOPEDCONTENT, conn=Transaction-aware proxy for target Connection [jdbc:hsqldb:mem:kontrollDS, UserName=sw, HSQL Database Engine Driver], schema=null, metaData=org.apache.commons.dbcp.DelegatingDatabaseMetaData@6c459fcf, edges=[]) - start
146118 [main] DEBUG org.dbunit.database.search.AbstractMetaDataBasedSearchCallback  - Getting edges for node SCOPEDCONTENT
146118 [main] TRACE org.dbunit.database.DatabaseConfig  - getProperty(name=http://www.dbunit.org/properties/metadataHandler) - start
146118 [main] TRACE org.dbunit.database.DefaultMetadataHandler  - tableExists(metaData=org.apache.commons.dbcp.DelegatingDatabaseMetaData@6c459fcf, schemaName=null, tableName=SCOPEDCONTENT) - start
146119 [main] DEBUG org.dbunit.util.SQLHelper  - close(resultSet=org.apache.commons.dbcp.DelegatingResultSet@4908421b) - start
146119 [main] DEBUG org.dbunit.util.QualifiedTableName  - getQualifiedNameIfEnabled(config=org.dbunit.database.DatabaseConfig[, _propertyMap={http://www.dbunit.org/properties/statementFactory=org.dbunit.database.statement.PreparedStatementFactory@626bc2b8, http://www.dbunit.org/features/caseSensitiveTableNames=false, http://www.dbunit.org/properties/fetchSize=100, http://www.dbunit.org/features/batchedStatements=false, http://www.dbunit.org/properties/metadataHandler=org.dbunit.database.DefaultMetadataHandler@3bbfdfde, http://www.dbunit.org/properties/datatypeFactory=org.dbunit.dataset.datatype.DefaultDataTypeFactory[_toleratedDeltaMap=org.dbunit.dataset.datatype.ToleratedDeltaMap@6452310a], http://www.dbunit.org/properties/escapePattern=null, http://www.dbunit.org/properties/batchSize=100, http://www.dbunit.org/features/qualifiedTableNames=false, http://www.dbunit.org/properties/tableType=[Ljava.lang.String;@5011bafa, http://www.dbunit.org/properties/resultSetTableFactory=org.dbunit.database.CachedResultSetTableFactory@10bcf083, http://www.dbunit.org/features/datatypeWarning=true}]) - start
146119 [main] TRACE org.dbunit.database.DatabaseConfig  - getFeature(name=http://www.dbunit.org/features/qualifiedTableNames) - start
146119 [main] TRACE org.dbunit.database.DatabaseConfig  - getProperty(name=http://www.dbunit.org/features/qualifiedTableNames) - start
146120 [main] DEBUG org.dbunit.util.QualifiedTableName  - Qualified table names feature is disabled. Returning plain table name
146120 [main] DEBUG org.dbunit.util.QualifiedTableName  - getQualifiedName(prefix=null, name=SCOPEDCONTENT, escapePattern=null) - start
146120 [main] DEBUG org.dbunit.util.QualifiedTableName  - getQualifiedNameIfEnabled(config=org.dbunit.database.DatabaseConfig[, _propertyMap={http://www.dbunit.org/properties/statementFactory=org.dbunit.database.statement.PreparedStatementFactory@626bc2b8, http://www.dbunit.org/features/caseSensitiveTableNames=false, http://www.dbunit.org/properties/fetchSize=100, http://www.dbunit.org/features/batchedStatements=false, http://www.dbunit.org/properties/metadataHandler=org.dbunit.database.DefaultMetadataHandler@3bbfdfde, http://www.dbunit.org/properties/datatypeFactory=org.dbunit.dataset.datatype.DefaultDataTypeFactory[_toleratedDeltaMap=org.dbunit.dataset.datatype.ToleratedDeltaMap@6452310a], http://www.dbunit.org/properties/escapePattern=null, http://www.dbunit.org/properties/batchSize=100, http://www.dbunit.org/features/qualifiedTableNames=false, http://www.dbunit.org/properties/tableType=[Ljava.lang.String;@5011bafa, http://www.dbunit.org/properties/resultSetTableFactory=org.dbunit.database.CachedResultSetTableFactory@10bcf083, http://www.dbunit.org/features/datatypeWarning=true}]) - start
146120 [main] TRACE org.dbunit.database.DatabaseConfig  - getFeature(name=http://www.dbunit.org/features/qualifiedTableNames) - start
146120 [main] TRACE org.dbunit.database.DatabaseConfig  - getProperty(name=http://www.dbunit.org/features/qualifiedTableNames) - start
146120 [main] DEBUG org.dbunit.util.QualifiedTableName  - Qualified table names feature is disabled. Returning plain table name
146120 [main] DEBUG org.dbunit.util.QualifiedTableName  - getQualifiedName(prefix=null, name=SCOPEDCONTENTCONDITIONS_SCOPEDCONTENT, escapePattern=null) - start
146120 [main] DEBUG org.dbunit.database.search.AbstractMetaDataBasedSearchCallback  - newEdge(rs=org.apache.commons.dbcp.DelegatingResultSet@1bed9d1e, type=1, from=SCOPEDCONTENT, to=SCOPEDCONTENTCONDITIONS_SCOPEDCONTENT, fkColumn=SCOPED_CONTENT_ID, pkColumn=ID) - start
146120 [main] DEBUG org.dbunit.database.search.AbstractMetaDataBasedSearchCallback  - createFKEdge(rs=org.apache.commons.dbcp.DelegatingResultSet@1bed9d1e, type=1, from=SCOPEDCONTENT, to=SCOPEDCONTENTCONDITIONS_SCOPEDCONTENT, fkColumn=SCOPED_CONTENT_ID, pkColumn=ID) - start
146120 [main] DEBUG org.dbunit.database.search.AbstractMetaDataBasedSearchCallback  - Adding edge SCOPEDCONTENTCONDITIONS_SCOPEDCONTENT(SCOPED_CONTENT_ID)->SCOPEDCONTENT(ID)
146120 [main] DEBUG org.dbunit.util.search.Edge  - compareTo(o=SCOPEDCONTENTCONDITIONS_SCOPEDCONTENT(SCOPED_CONTENT_ID)->SCOPEDCONTENT(ID)) - start
146120 [main] DEBUG org.dbunit.util.QualifiedTableName  - getQualifiedNameIfEnabled(config=org.dbunit.database.DatabaseConfig[, _propertyMap={http://www.dbunit.org/properties/statementFactory=org.dbunit.database.statement.PreparedStatementFactory@626bc2b8, http://www.dbunit.org/features/caseSensitiveTableNames=false, http://www.dbunit.org/properties/fetchSize=100, http://www.dbunit.org/features/batchedStatements=false, http://www.dbunit.org/properties/metadataHandler=org.dbunit.database.DefaultMetadataHandler@3bbfdfde, http://www.dbunit.org/properties/datatypeFactory=org.dbunit.dataset.datatype.DefaultDataTypeFactory[_toleratedDeltaMap=org.dbunit.dataset.datatype.ToleratedDeltaMap@6452310a], http://www.dbunit.org/properties/escapePattern=null, http://www.dbunit.org/properties/batchSize=100, http://www.dbunit.org/features/qualifiedTableNames=false, http://www.dbunit.org/properties/tableType=[Ljava.lang.String;@5011bafa, http://www.dbunit.org/properties/resultSetTableFactory=org.dbunit.database.CachedResultSetTableFactory@10bcf083, http://www.dbunit.org/features/datatypeWarning=true}]) - start
146121 [main] TRACE org.dbunit.database.DatabaseConfig  - getFeature(name=http://www.dbunit.org/features/qualifiedTableNames) - start
146121 [main] TRACE org.dbunit.database.DatabaseConfig  - getProperty(name=http://www.dbunit.org/features/qualifiedTableNames) - start
146121 [main] DEBUG org.dbunit.util.QualifiedTableName  - Qualified table names feature is disabled. Returning plain table name
146121 [main] DEBUG org.dbunit.util.QualifiedTableName  - getQualifiedName(prefix=null, name=SCOPEDCONTENT, escapePattern=null) - start
146121 [main] DEBUG org.dbunit.util.QualifiedTableName  - getQualifiedNameIfEnabled(config=org.dbunit.database.DatabaseConfig[, _propertyMap={http://www.dbunit.org/properties/statementFactory=org.dbunit.database.statement.PreparedStatementFactory@626bc2b8, http://www.dbunit.org/features/caseSensitiveTableNames=false, http://www.dbunit.org/properties/fetchSize=100, http://www.dbunit.org/features/batchedStatements=false, http://www.dbunit.org/properties/metadataHandler=org.dbunit.database.DefaultMetadataHandler@3bbfdfde, http://www.dbunit.org/properties/datatypeFactory=org.dbunit.dataset.datatype.DefaultDataTypeFactory[_toleratedDeltaMap=org.dbunit.dataset.datatype.ToleratedDeltaMap@6452310a], http://www.dbunit.org/properties/escapePattern=null, http://www.dbunit.org/properties/batchSize=100, http://www.dbunit.org/features/qualifiedTableNames=false, http://www.dbunit.org/properties/tableType=[Ljava.lang.String;@5011bafa, http://www.dbunit.org/properties/resultSetTableFactory=org.dbunit.database.CachedResultSetTableFactory@10bcf083, http://www.dbunit.org/features/datatypeWarning=true}]) - start
146121 [main] TRACE org.dbunit.database.DatabaseConfig  - getFeature(name=http://www.dbunit.org/features/qualifiedTableNames) - start
146121 [main] TRACE org.dbunit.database.DatabaseConfig  - getProperty(name=http://www.dbunit.org/features/qualifiedTableNames) - start
146121 [main] DEBUG org.dbunit.util.QualifiedTableName  - Qualified table names feature is disabled. Returning plain table name
146121 [main] DEBUG org.dbunit.util.QualifiedTableName  - getQualifiedName(prefix=null, name=SCOPEDCONTENT_SCOPEDCONTENTITEM, escapePattern=null) - start
146121 [main] DEBUG org.dbunit.database.search.AbstractMetaDataBasedSearchCallback  - newEdge(rs=org.apache.commons.dbcp.DelegatingResultSet@1bed9d1e, type=1, from=SCOPEDCONTENT, to=SCOPEDCONTENT_SCOPEDCONTENTITEM, fkColumn=SCOPED_CONTENT_ITEM_ID, pkColumn=ID) - start
146121 [main] DEBUG org.dbunit.database.search.AbstractMetaDataBasedSearchCallback  - createFKEdge(rs=org.apache.commons.dbcp.DelegatingResultSet@1bed9d1e, type=1, from=SCOPEDCONTENT, to=SCOPEDCONTENT_SCOPEDCONTENTITEM, fkColumn=SCOPED_CONTENT_ITEM_ID, pkColumn=ID) - start
146122 [main] DEBUG org.dbunit.database.search.AbstractMetaDataBasedSearchCallback  - Adding edge SCOPEDCONTENT_SCOPEDCONTENTITEM(SCOPED_CONTENT_ITEM_ID)->SCOPEDCONTENT(ID)
146122 [main] DEBUG org.dbunit.util.search.Edge  - compareTo(o=SCOPEDCONTENTCONDITIONS_SCOPEDCONTENT(SCOPED_CONTENT_ID)->SCOPEDCONTENT(ID)) - start
146122 [main] DEBUG org.dbunit.util.SQLHelper  - close(resultSet=org.apache.commons.dbcp.DelegatingResultSet@1bed9d1e) - start
146122 [main] DEBUG org.dbunit.util.search.DepthFirstSearch  - reverseSearch:SCOPEDCONTENTCONDITIONS_SCOPEDCONTENT
146122 [main] DEBUG org.dbunit.database.search.ExportedKeysSearchCallback  - searchNode(node=SCOPEDCONTENTCONDITIONS_SCOPEDCONTENT) - start
146122 [main] DEBUG org.dbunit.util.search.DepthFirstSearch  - Pushing (reverse) SCOPEDCONTENTCONDITIONS_SCOPEDCONTENT
146122 [main] DEBUG org.dbunit.database.search.ExportedKeysSearchCallback  - getEdges(node=SCOPEDCONTENTCONDITIONS_SCOPEDCONTENT) - start
146122 [main] DEBUG org.dbunit.database.search.AbstractMetaDataBasedSearchCallback  - getNodesFromExportedKeys(node=SCOPEDCONTENTCONDITIONS_SCOPEDCONTENT) - start
146122 [main] DEBUG org.dbunit.database.search.AbstractMetaDataBasedSearchCallback  - getNodes(type=1, node=SCOPEDCONTENTCONDITIONS_SCOPEDCONTENT) - start
146122 [main] DEBUG org.dbunit.database.DatabaseDataSourceConnection  - getConnection() - start
146122 [main] DEBUG org.dbunit.database.search.AbstractMetaDataBasedSearchCallback  - getNodes(type=1, node=SCOPEDCONTENTCONDITIONS_SCOPEDCONTENT, conn=Transaction-aware proxy for target Connection [jdbc:hsqldb:mem:kontrollDS, UserName=sw, HSQL Database Engine Driver], schema=null, metaData=org.apache.commons.dbcp.DelegatingDatabaseMetaData@ce62ae5, edges=[]) - start
146123 [main] DEBUG org.dbunit.database.search.AbstractMetaDataBasedSearchCallback  - Getting edges for node SCOPEDCONTENTCONDITIONS_SCOPEDCONTENT
146123 [main] TRACE org.dbunit.database.DatabaseConfig  - getProperty(name=http://www.dbunit.org/properties/metadataHandler) - start
146123 [main] TRACE org.dbunit.database.DefaultMetadataHandler  - tableExists(metaData=org.apache.commons.dbcp.DelegatingDatabaseMetaData@ce62ae5, schemaName=null, tableName=SCOPEDCONTENTCONDITIONS_SCOPEDCONTENT) - start
146124 [main] DEBUG org.dbunit.util.SQLHelper  - close(resultSet=org.apache.commons.dbcp.DelegatingResultSet@77869fb1) - start
146124 [main] DEBUG org.dbunit.util.SQLHelper  - close(resultSet=org.apache.commons.dbcp.DelegatingResultSet@23994fb4) - start
146124 [main] DEBUG org.dbunit.util.search.DepthFirstSearch  - reverseSearch:SCOPEDCONTENT_SCOPEDCONTENTITEM
146124 [main] DEBUG org.dbunit.database.search.ExportedKeysSearchCallback  - searchNode(node=SCOPEDCONTENT_SCOPEDCONTENTITEM) - start
146124 [main] DEBUG org.dbunit.util.search.DepthFirstSearch  - Pushing (reverse) SCOPEDCONTENT_SCOPEDCONTENTITEM
146124 [main] DEBUG org.dbunit.database.search.ExportedKeysSearchCallback  - getEdges(node=SCOPEDCONTENT_SCOPEDCONTENTITEM) - start
146125 [main] DEBUG org.dbunit.database.search.AbstractMetaDataBasedSearchCallback  - getNodesFromExportedKeys(node=SCOPEDCONTENT_SCOPEDCONTENTITEM) - start
146125 [main] DEBUG org.dbunit.database.search.AbstractMetaDataBasedSearchCallback  - getNodes(type=1, node=SCOPEDCONTENT_SCOPEDCONTENTITEM) - start
146125 [main] DEBUG org.dbunit.database.DatabaseDataSourceConnection  - getConnection() - start
146125 [main] DEBUG org.dbunit.database.search.AbstractMetaDataBasedSearchCallback  - getNodes(type=1, node=SCOPEDCONTENT_SCOPEDCONTENTITEM, conn=Transaction-aware proxy for target Connection [jdbc:hsqldb:mem:kontrollDS, UserName=sw, HSQL Database Engine Driver], schema=null, metaData=org.apache.commons.dbcp.DelegatingDatabaseMetaData@263fc4ae, edges=[]) - start
146125 [main] DEBUG org.dbunit.database.search.AbstractMetaDataBasedSearchCallback  - Getting edges for node SCOPEDCONTENT_SCOPEDCONTENTITEM
146125 [main] TRACE org.dbunit.database.DatabaseConfig  - getProperty(name=http://www.dbunit.org/properties/metadataHandler) - start
146125 [main] TRACE org.dbunit.database.DefaultMetadataHandler  - tableExists(metaData=org.apache.commons.dbcp.DelegatingDatabaseMetaData@263fc4ae, schemaName=null, tableName=SCOPEDCONTENT_SCOPEDCONTENTITEM) - start
146126 [main] DEBUG org.dbunit.util.SQLHelper  - close(resultSet=org.apache.commons.dbcp.DelegatingResultSet@4313909d) - start
146126 [main] DEBUG org.dbunit.util.SQLHelper  - close(resultSet=org.apache.commons.dbcp.DelegatingResultSet@503f6b79) - start
146127 [main] DEBUG org.dbunit.util.search.DepthFirstSearch  - reverseSearch:SCOPE_REQUESTCONTEXT
146127 [main] DEBUG org.dbunit.database.search.ExportedKeysSearchCallback  - searchNode(node=SCOPE_REQUESTCONTEXT) - start
146127 [main] DEBUG org.dbunit.util.search.DepthFirstSearch  - Pushing (reverse) SCOPE_REQUESTCONTEXT
146127 [main] DEBUG org.dbunit.database.search.ExportedKeysSearchCallback  - getEdges(node=SCOPE_REQUESTCONTEXT) - start
146127 [main] DEBUG org.dbunit.database.search.AbstractMetaDataBasedSearchCallback  - getNodesFromExportedKeys(node=SCOPE_REQUESTCONTEXT) - start
146127 [main] DEBUG org.dbunit.database.search.AbstractMetaDataBasedSearchCallback  - getNodes(type=1, node=SCOPE_REQUESTCONTEXT) - start
146127 [main] DEBUG org.dbunit.database.DatabaseDataSourceConnection  - getConnection() - start
146127 [main] DEBUG org.dbunit.database.search.AbstractMetaDataBasedSearchCallback  - getNodes(type=1, node=SCOPE_REQUESTCONTEXT, conn=Transaction-aware proxy for target Connection [jdbc:hsqldb:mem:kontrollDS, UserName=sw, HSQL Database Engine Driver], schema=null, metaData=org.apache.commons.dbcp.DelegatingDatabaseMetaData@73a8fe17, edges=[]) - start
146127 [main] DEBUG org.dbunit.database.search.AbstractMetaDataBasedSearchCallback  - Getting edges for node SCOPE_REQUESTCONTEXT
146127 [main] TRACE org.dbunit.database.DatabaseConfig  - getProperty(name=http://www.dbunit.org/properties/metadataHandler) - start
146127 [main] TRACE org.dbunit.database.DefaultMetadataHandler  - tableExists(metaData=org.apache.commons.dbcp.DelegatingDatabaseMetaData@73a8fe17, schemaName=null, tableName=SCOPE_REQUESTCONTEXT) - start
146128 [main] DEBUG org.dbunit.util.SQLHelper  - close(resultSet=org.apache.commons.dbcp.DelegatingResultSet@12191d35) - start
146129 [main] DEBUG org.dbunit.util.SQLHelper  - close(resultSet=org.apache.commons.dbcp.DelegatingResultSet@76f1eedd) - start
146129 [main] DEBUG org.dbunit.util.search.DepthFirstSearch  - search:SCOPEDCONTENTCONDITIONS_SCOPEDCONTENT
146129 [main] DEBUG org.dbunit.database.search.ExportedKeysSearchCallback  - searchNode(node=SCOPEDCONTENTCONDITIONS_SCOPEDCONTENT) - start
146129 [main] DEBUG org.dbunit.util.search.DepthFirstSearch  - Pushing SCOPEDCONTENTCONDITIONS_SCOPEDCONTENT
146129 [main] DEBUG org.dbunit.database.search.ExportedKeysSearchCallback  - getEdges(node=SCOPEDCONTENTCONDITIONS_SCOPEDCONTENT) - start
146129 [main] DEBUG org.dbunit.database.search.AbstractMetaDataBasedSearchCallback  - getNodesFromExportedKeys(node=SCOPEDCONTENTCONDITIONS_SCOPEDCONTENT) - start
146129 [main] DEBUG org.dbunit.database.search.AbstractMetaDataBasedSearchCallback  - getNodes(type=1, node=SCOPEDCONTENTCONDITIONS_SCOPEDCONTENT) - start
146129 [main] DEBUG org.dbunit.database.DatabaseDataSourceConnection  - getConnection() - start
146129 [main] DEBUG org.dbunit.database.search.AbstractMetaDataBasedSearchCallback  - getNodes(type=1, node=SCOPEDCONTENTCONDITIONS_SCOPEDCONTENT, conn=Transaction-aware proxy for target Connection [jdbc:hsqldb:mem:kontrollDS, UserName=sw, HSQL Database Engine Driver], schema=null, metaData=org.apache.commons.dbcp.DelegatingDatabaseMetaData@5792c2d, edges=[]) - start
146129 [main] DEBUG org.dbunit.database.search.AbstractMetaDataBasedSearchCallback  - Getting edges for node SCOPEDCONTENTCONDITIONS_SCOPEDCONTENT
146130 [main] TRACE org.dbunit.database.DatabaseConfig  - getProperty(name=http://www.dbunit.org/properties/metadataHandler) - start
146130 [main] TRACE org.dbunit.database.DefaultMetadataHandler  - tableExists(metaData=org.apache.commons.dbcp.DelegatingDatabaseMetaData@5792c2d, schemaName=null, tableName=SCOPEDCONTENTCONDITIONS_SCOPEDCONTENT) - start
146131 [main] DEBUG org.dbunit.util.SQLHelper  - close(resultSet=org.apache.commons.dbcp.DelegatingResultSet@596b16fd) - start
146134 [main] DEBUG org.dbunit.util.SQLHelper  - close(resultSet=org.apache.commons.dbcp.DelegatingResultSet@4470144) - start
146134 [main] DEBUG org.dbunit.util.search.DepthFirstSearch  - Adding node SCOPEDCONTENTCONDITIONS_SCOPEDCONTENT to the final result
146134 [main] DEBUG org.dbunit.util.search.DepthFirstSearch  - search:SCOPEDCONTENT_SCOPEDCONTENTITEM
146134 [main] DEBUG org.dbunit.database.search.ExportedKeysSearchCallback  - searchNode(node=SCOPEDCONTENT_SCOPEDCONTENTITEM) - start
146134 [main] DEBUG org.dbunit.util.search.DepthFirstSearch  - Pushing SCOPEDCONTENT_SCOPEDCONTENTITEM
146134 [main] DEBUG org.dbunit.database.search.ExportedKeysSearchCallback  - getEdges(node=SCOPEDCONTENT_SCOPEDCONTENTITEM) - start
146134 [main] DEBUG org.dbunit.database.search.AbstractMetaDataBasedSearchCallback  - getNodesFromExportedKeys(node=SCOPEDCONTENT_SCOPEDCONTENTITEM) - start
146134 [main] DEBUG org.dbunit.database.search.AbstractMetaDataBasedSearchCallback  - getNodes(type=1, node=SCOPEDCONTENT_SCOPEDCONTENTITEM) - start
146134 [main] DEBUG org.dbunit.database.DatabaseDataSourceConnection  - getConnection() - start
146134 [main] DEBUG org.dbunit.database.search.AbstractMetaDataBasedSearchCallback  - getNodes(type=1, node=SCOPEDCONTENT_SCOPEDCONTENTITEM, conn=Transaction-aware proxy for target Connection [jdbc:hsqldb:mem:kontrollDS, UserName=sw, HSQL Database Engine Driver], schema=null, metaData=org.apache.commons.dbcp.DelegatingDatabaseMetaData@51a4198d, edges=[]) - start
146134 [main] DEBUG org.dbunit.database.search.AbstractMetaDataBasedSearchCallback  - Getting edges for node SCOPEDCONTENT_SCOPEDCONTENTITEM
146134 [main] TRACE org.dbunit.database.DatabaseConfig  - getProperty(name=http://www.dbunit.org/properties/metadataHandler) - start
146134 [main] TRACE org.dbunit.database.DefaultMetadataHandler  - tableExists(metaData=org.apache.commons.dbcp.DelegatingDatabaseMetaData@51a4198d, schemaName=null, tableName=SCOPEDCONTENT_SCOPEDCONTENTITEM) - start
146135 [main] DEBUG org.dbunit.util.SQLHelper  - close(resultSet=org.apache.commons.dbcp.DelegatingResultSet@3fe126e1) - start
146135 [main] DEBUG org.dbunit.util.SQLHelper  - close(resultSet=org.apache.commons.dbcp.DelegatingResultSet@3e41a284) - start
146135 [main] DEBUG org.dbunit.util.search.DepthFirstSearch  - Adding node SCOPEDCONTENT_SCOPEDCONTENTITEM to the final result
146135 [main] DEBUG org.dbunit.util.search.DepthFirstSearch  - search:SCOPEDCONTENT
146135 [main] DEBUG org.dbunit.database.search.ExportedKeysSearchCallback  - searchNode(node=SCOPEDCONTENT) - start
146135 [main] DEBUG org.dbunit.util.search.DepthFirstSearch  - Pushing SCOPEDCONTENT
146135 [main] DEBUG org.dbunit.database.search.ExportedKeysSearchCallback  - getEdges(node=SCOPEDCONTENT) - start
146135 [main] DEBUG org.dbunit.database.search.AbstractMetaDataBasedSearchCallback  - getNodesFromExportedKeys(node=SCOPEDCONTENT) - start
146135 [main] DEBUG org.dbunit.database.search.AbstractMetaDataBasedSearchCallback  - getNodes(type=1, node=SCOPEDCONTENT) - start
146135 [main] DEBUG org.dbunit.database.DatabaseDataSourceConnection  - getConnection() - start
146135 [main] DEBUG org.dbunit.database.search.AbstractMetaDataBasedSearchCallback  - getNodes(type=1, node=SCOPEDCONTENT, conn=Transaction-aware proxy for target Connection [jdbc:hsqldb:mem:kontrollDS, UserName=sw, HSQL Database Engine Driver], schema=null, metaData=org.apache.commons.dbcp.DelegatingDatabaseMetaData@4714a80a, edges=[]) - start
146135 [main] DEBUG org.dbunit.database.search.AbstractMetaDataBasedSearchCallback  - Getting edges for node SCOPEDCONTENT
146136 [main] TRACE org.dbunit.database.DatabaseConfig  - getProperty(name=http://www.dbunit.org/properties/metadataHandler) - start
146136 [main] TRACE org.dbunit.database.DefaultMetadataHandler  - tableExists(metaData=org.apache.commons.dbcp.DelegatingDatabaseMetaData@4714a80a, schemaName=null, tableName=SCOPEDCONTENT) - start
146137 [main] DEBUG org.dbunit.util.SQLHelper  - close(resultSet=org.apache.commons.dbcp.DelegatingResultSet@3a3a01af) - start
146137 [main] DEBUG org.dbunit.util.QualifiedTableName  - getQualifiedNameIfEnabled(config=org.dbunit.database.DatabaseConfig[, _propertyMap={http://www.dbunit.org/properties/statementFactory=org.dbunit.database.statement.PreparedStatementFactory@626bc2b8, http://www.dbunit.org/features/caseSensitiveTableNames=false, http://www.dbunit.org/properties/fetchSize=100, http://www.dbunit.org/features/batchedStatements=false, http://www.dbunit.org/properties/metadataHandler=org.dbunit.database.DefaultMetadataHandler@3bbfdfde, http://www.dbunit.org/properties/datatypeFactory=org.dbunit.dataset.datatype.DefaultDataTypeFactory[_toleratedDeltaMap=org.dbunit.dataset.datatype.ToleratedDeltaMap@6452310a], http://www.dbunit.org/properties/escapePattern=null, http://www.dbunit.org/properties/batchSize=100, http://www.dbunit.org/features/qualifiedTableNames=false, http://www.dbunit.org/properties/tableType=[Ljava.lang.String;@5011bafa, http://www.dbunit.org/properties/resultSetTableFactory=org.dbunit.database.CachedResultSetTableFactory@10bcf083, http://www.dbunit.org/features/datatypeWarning=true}]) - start
146137 [main] TRACE org.dbunit.database.DatabaseConfig  - getFeature(name=http://www.dbunit.org/features/qualifiedTableNames) - start
146137 [main] TRACE org.dbunit.database.DatabaseConfig  - getProperty(name=http://www.dbunit.org/features/qualifiedTableNames) - start
146137 [main] DEBUG org.dbunit.util.QualifiedTableName  - Qualified table names feature is disabled. Returning plain table name
146137 [main] DEBUG org.dbunit.util.QualifiedTableName  - getQualifiedName(prefix=null, name=SCOPEDCONTENT, escapePattern=null) - start
146137 [main] DEBUG org.dbunit.util.QualifiedTableName  - getQualifiedNameIfEnabled(config=org.dbunit.database.DatabaseConfig[, _propertyMap={http://www.dbunit.org/properties/statementFactory=org.dbunit.database.statement.PreparedStatementFactory@626bc2b8, http://www.dbunit.org/features/caseSensitiveTableNames=false, http://www.dbunit.org/properties/fetchSize=100, http://www.dbunit.org/features/batchedStatements=false, http://www.dbunit.org/properties/metadataHandler=org.dbunit.database.DefaultMetadataHandler@3bbfdfde, http://www.dbunit.org/properties/datatypeFactory=org.dbunit.dataset.datatype.DefaultDataTypeFactory[_toleratedDeltaMap=org.dbunit.dataset.datatype.ToleratedDeltaMap@6452310a], http://www.dbunit.org/properties/escapePattern=null, http://www.dbunit.org/properties/batchSize=100, http://www.dbunit.org/features/qualifiedTableNames=false, http://www.dbunit.org/properties/tableType=[Ljava.lang.String;@5011bafa, http://www.dbunit.org/properties/resultSetTableFactory=org.dbunit.database.CachedResultSetTableFactory@10bcf083, http://www.dbunit.org/features/datatypeWarning=true}]) - start
146137 [main] TRACE org.dbunit.database.DatabaseConfig  - getFeature(name=http://www.dbunit.org/features/qualifiedTableNames) - start
146137 [main] TRACE org.dbunit.database.DatabaseConfig  - getProperty(name=http://www.dbunit.org/features/qualifiedTableNames) - start
146137 [main] DEBUG org.dbunit.util.QualifiedTableName  - Qualified table names feature is disabled. Returning plain table name
146137 [main] DEBUG org.dbunit.util.QualifiedTableName  - getQualifiedName(prefix=null, name=SCOPEDCONTENTCONDITIONS_SCOPEDCONTENT, escapePattern=null) - start
146137 [main] DEBUG org.dbunit.database.search.AbstractMetaDataBasedSearchCallback  - newEdge(rs=org.apache.commons.dbcp.DelegatingResultSet@54efefbf, type=1, from=SCOPEDCONTENT, to=SCOPEDCONTENTCONDITIONS_SCOPEDCONTENT, fkColumn=SCOPED_CONTENT_ID, pkColumn=ID) - start
146138 [main] DEBUG org.dbunit.database.search.AbstractMetaDataBasedSearchCallback  - createFKEdge(rs=org.apache.commons.dbcp.DelegatingResultSet@54efefbf, type=1, from=SCOPEDCONTENT, to=SCOPEDCONTENTCONDITIONS_SCOPEDCONTENT, fkColumn=SCOPED_CONTENT_ID, pkColumn=ID) - start
146138 [main] DEBUG org.dbunit.database.search.AbstractMetaDataBasedSearchCallback  - Adding edge SCOPEDCONTENTCONDITIONS_SCOPEDCONTENT(SCOPED_CONTENT_ID)->SCOPEDCONTENT(ID)
146138 [main] DEBUG org.dbunit.util.search.Edge  - compareTo(o=SCOPEDCONTENTCONDITIONS_SCOPEDCONTENT(SCOPED_CONTENT_ID)->SCOPEDCONTENT(ID)) - start
146138 [main] DEBUG org.dbunit.util.QualifiedTableName  - getQualifiedNameIfEnabled(config=org.dbunit.database.DatabaseConfig[, _propertyMap={http://www.dbunit.org/properties/statementFactory=org.dbunit.database.statement.PreparedStatementFactory@626bc2b8, http://www.dbunit.org/features/caseSensitiveTableNames=false, http://www.dbunit.org/properties/fetchSize=100, http://www.dbunit.org/features/batchedStatements=false, http://www.dbunit.org/properties/metadataHandler=org.dbunit.database.DefaultMetadataHandler@3bbfdfde, http://www.dbunit.org/properties/datatypeFactory=org.dbunit.dataset.datatype.DefaultDataTypeFactory[_toleratedDeltaMap=org.dbunit.dataset.datatype.ToleratedDeltaMap@6452310a], http://www.dbunit.org/properties/escapePattern=null, http://www.dbunit.org/properties/batchSize=100, http://www.dbunit.org/features/qualifiedTableNames=false, http://www.dbunit.org/properties/tableType=[Ljava.lang.String;@5011bafa, http://www.dbunit.org/properties/resultSetTableFactory=org.dbunit.database.CachedResultSetTableFactory@10bcf083, http://www.dbunit.org/features/datatypeWarning=true}]) - start
146138 [main] TRACE org.dbunit.database.DatabaseConfig  - getFeature(name=http://www.dbunit.org/features/qualifiedTableNames) - start
146138 [main] TRACE org.dbunit.database.DatabaseConfig  - getProperty(name=http://www.dbunit.org/features/qualifiedTableNames) - start
146138 [main] DEBUG org.dbunit.util.QualifiedTableName  - Qualified table names feature is disabled. Returning plain table name
146138 [main] DEBUG org.dbunit.util.QualifiedTableName  - getQualifiedName(prefix=null, name=SCOPEDCONTENT, escapePattern=null) - start
146138 [main] DEBUG org.dbunit.util.QualifiedTableName  - getQualifiedNameIfEnabled(config=org.dbunit.database.DatabaseConfig[, _propertyMap={http://www.dbunit.org/properties/statementFactory=org.dbunit.database.statement.PreparedStatementFactory@626bc2b8, http://www.dbunit.org/features/caseSensitiveTableNames=false, http://www.dbunit.org/properties/fetchSize=100, http://www.dbunit.org/features/batchedStatements=false, http://www.dbunit.org/properties/metadataHandler=org.dbunit.database.DefaultMetadataHandler@3bbfdfde, http://www.dbunit.org/properties/datatypeFactory=org.dbunit.dataset.datatype.DefaultDataTypeFactory[_toleratedDeltaMap=org.dbunit.dataset.datatype.ToleratedDeltaMap@6452310a], http://www.dbunit.org/properties/escapePattern=null, http://www.dbunit.org/properties/batchSize=100, http://www.dbunit.org/features/qualifiedTableNames=false, http://www.dbunit.org/properties/tableType=[Ljava.lang.String;@5011bafa, http://www.dbunit.org/properties/resultSetTableFactory=org.dbunit.database.CachedResultSetTableFactory@10bcf083, http://www.dbunit.org/features/datatypeWarning=true}]) - start
146138 [main] TRACE org.dbunit.database.DatabaseConfig  - getFeature(name=http://www.dbunit.org/features/qualifiedTableNames) - start
146138 [main] TRACE org.dbunit.database.DatabaseConfig  - getProperty(name=http://www.dbunit.org/features/qualifiedTableNames) - start
146138 [main] DEBUG org.dbunit.util.QualifiedTableName  - Qualified table names feature is disabled. Returning plain table name
146139 [main] DEBUG org.dbunit.util.QualifiedTableName  - getQualifiedName(prefix=null, name=SCOPEDCONTENT_SCOPEDCONTENTITEM, escapePattern=null) - start
146139 [main] DEBUG org.dbunit.database.search.AbstractMetaDataBasedSearchCallback  - newEdge(rs=org.apache.commons.dbcp.DelegatingResultSet@54efefbf, type=1, from=SCOPEDCONTENT, to=SCOPEDCONTENT_SCOPEDCONTENTITEM, fkColumn=SCOPED_CONTENT_ITEM_ID, pkColumn=ID) - start
146139 [main] DEBUG org.dbunit.database.search.AbstractMetaDataBasedSearchCallback  - createFKEdge(rs=org.apache.commons.dbcp.DelegatingResultSet@54efefbf, type=1, from=SCOPEDCONTENT, to=SCOPEDCONTENT_SCOPEDCONTENTITEM, fkColumn=SCOPED_CONTENT_ITEM_ID, pkColumn=ID) - start
146139 [main] DEBUG org.dbunit.database.search.AbstractMetaDataBasedSearchCallback  - Adding edge SCOPEDCONTENT_SCOPEDCONTENTITEM(SCOPED_CONTENT_ITEM_ID)->SCOPEDCONTENT(ID)
146139 [main] DEBUG org.dbunit.util.search.Edge  - compareTo(o=SCOPEDCONTENTCONDITIONS_SCOPEDCONTENT(SCOPED_CONTENT_ID)->SCOPEDCONTENT(ID)) - start
146139 [main] DEBUG org.dbunit.util.SQLHelper  - close(resultSet=org.apache.commons.dbcp.DelegatingResultSet@54efefbf) - start
146139 [main] DEBUG org.dbunit.util.search.DepthFirstSearch  - search:SCOPEDCONTENT
146139 [main] DEBUG org.dbunit.util.search.DepthFirstSearch  - already searched; returning true
146139 [main] DEBUG org.dbunit.util.search.DepthFirstSearch  - search:SCOPEDCONTENT
146139 [main] DEBUG org.dbunit.util.search.DepthFirstSearch  - already searched; returning true
146139 [main] DEBUG org.dbunit.util.search.DepthFirstSearch  - Adding node SCOPEDCONTENT to the final result
146139 [main] DEBUG org.dbunit.util.search.DepthFirstSearch  - search:SCOPE_REQUESTCONTEXT
146139 [main] DEBUG org.dbunit.database.search.ExportedKeysSearchCallback  - searchNode(node=SCOPE_REQUESTCONTEXT) - start
146139 [main] DEBUG org.dbunit.util.search.DepthFirstSearch  - Pushing SCOPE_REQUESTCONTEXT
146139 [main] DEBUG org.dbunit.database.search.ExportedKeysSearchCallback  - getEdges(node=SCOPE_REQUESTCONTEXT) - start
146140 [main] DEBUG org.dbunit.database.search.AbstractMetaDataBasedSearchCallback  - getNodesFromExportedKeys(node=SCOPE_REQUESTCONTEXT) - start
146140 [main] DEBUG org.dbunit.database.search.AbstractMetaDataBasedSearchCallback  - getNodes(type=1, node=SCOPE_REQUESTCONTEXT) - start
146140 [main] DEBUG org.dbunit.database.DatabaseDataSourceConnection  - getConnection() - start
146140 [main] DEBUG org.dbunit.database.search.AbstractMetaDataBasedSearchCallback  - getNodes(type=1, node=SCOPE_REQUESTCONTEXT, conn=Transaction-aware proxy for target Connection [jdbc:hsqldb:mem:kontrollDS, UserName=sw, HSQL Database Engine Driver], schema=null, metaData=org.apache.commons.dbcp.DelegatingDatabaseMetaData@54651029, edges=[]) - start
146140 [main] DEBUG org.dbunit.database.search.AbstractMetaDataBasedSearchCallback  - Getting edges for node SCOPE_REQUESTCONTEXT
146140 [main] TRACE org.dbunit.database.DatabaseConfig  - getProperty(name=http://www.dbunit.org/properties/metadataHandler) - start
146140 [main] TRACE org.dbunit.database.DefaultMetadataHandler  - tableExists(metaData=org.apache.commons.dbcp.DelegatingDatabaseMetaData@54651029, schemaName=null, tableName=SCOPE_REQUESTCONTEXT) - start
146141 [main] DEBUG org.dbunit.util.SQLHelper  - close(resultSet=org.apache.commons.dbcp.DelegatingResultSet@762d6271) - start
146141 [main] DEBUG org.dbunit.util.SQLHelper  - close(resultSet=org.apache.commons.dbcp.DelegatingResultSet@7308bcfa) - start
146141 [main] DEBUG org.dbunit.util.search.DepthFirstSearch  - Adding node SCOPE_REQUESTCONTEXT to the final result
146141 [main] DEBUG org.dbunit.util.search.DepthFirstSearch  - search:SCOPE
146141 [main] DEBUG org.dbunit.database.search.ExportedKeysSearchCallback  - searchNode(node=SCOPE) - start
146141 [main] DEBUG org.dbunit.util.search.DepthFirstSearch  - Pushing SCOPE
146141 [main] DEBUG org.dbunit.database.search.ExportedKeysSearchCallback  - getEdges(node=SCOPE) - start
146141 [main] DEBUG org.dbunit.database.search.AbstractMetaDataBasedSearchCallback  - getNodesFromExportedKeys(node=SCOPE) - start
146141 [main] DEBUG org.dbunit.database.search.AbstractMetaDataBasedSearchCallback  - getNodes(type=1, node=SCOPE) - start
146141 [main] DEBUG org.dbunit.database.DatabaseDataSourceConnection  - getConnection() - start
146142 [main] DEBUG org.dbunit.database.search.AbstractMetaDataBasedSearchCallback  - getNodes(type=1, node=SCOPE, conn=Transaction-aware proxy for target Connection [jdbc:hsqldb:mem:kontrollDS, UserName=sw, HSQL Database Engine Driver], schema=null, metaData=org.apache.commons.dbcp.DelegatingDatabaseMetaData@42aefc16, edges=[]) - start
146142 [main] DEBUG org.dbunit.database.search.AbstractMetaDataBasedSearchCallback  - Getting edges for node SCOPE
146142 [main] TRACE org.dbunit.database.DatabaseConfig  - getProperty(name=http://www.dbunit.org/properties/metadataHandler) - start
146142 [main] TRACE org.dbunit.database.DefaultMetadataHandler  - tableExists(metaData=org.apache.commons.dbcp.DelegatingDatabaseMetaData@42aefc16, schemaName=null, tableName=SCOPE) - start
146143 [main] DEBUG org.dbunit.util.SQLHelper  - close(resultSet=org.apache.commons.dbcp.DelegatingResultSet@f01c77b) - start
146143 [main] DEBUG org.dbunit.util.QualifiedTableName  - getQualifiedNameIfEnabled(config=org.dbunit.database.DatabaseConfig[, _propertyMap={http://www.dbunit.org/properties/statementFactory=org.dbunit.database.statement.PreparedStatementFactory@626bc2b8, http://www.dbunit.org/features/caseSensitiveTableNames=false, http://www.dbunit.org/properties/fetchSize=100, http://www.dbunit.org/features/batchedStatements=false, http://www.dbunit.org/properties/metadataHandler=org.dbunit.database.DefaultMetadataHandler@3bbfdfde, http://www.dbunit.org/properties/datatypeFactory=org.dbunit.dataset.datatype.DefaultDataTypeFactory[_toleratedDeltaMap=org.dbunit.dataset.datatype.ToleratedDeltaMap@6452310a], http://www.dbunit.org/properties/escapePattern=null, http://www.dbunit.org/properties/batchSize=100, http://www.dbunit.org/features/qualifiedTableNames=false, http://www.dbunit.org/properties/tableType=[Ljava.lang.String;@5011bafa, http://www.dbunit.org/properties/resultSetTableFactory=org.dbunit.database.CachedResultSetTableFactory@10bcf083, http://www.dbunit.org/features/datatypeWarning=true}]) - start
146143 [main] TRACE org.dbunit.database.DatabaseConfig  - getFeature(name=http://www.dbunit.org/features/qualifiedTableNames) - start
146143 [main] TRACE org.dbunit.database.DatabaseConfig  - getProperty(name=http://www.dbunit.org/features/qualifiedTableNames) - start
146143 [main] DEBUG org.dbunit.util.QualifiedTableName  - Qualified table names feature is disabled. Returning plain table name
146143 [main] DEBUG org.dbunit.util.QualifiedTableName  - getQualifiedName(prefix=null, name=SCOPE, escapePattern=null) - start
146143 [main] DEBUG org.dbunit.util.QualifiedTableName  - getQualifiedNameIfEnabled(config=org.dbunit.database.DatabaseConfig[, _propertyMap={http://www.dbunit.org/properties/statementFactory=org.dbunit.database.statement.PreparedStatementFactory@626bc2b8, http://www.dbunit.org/features/caseSensitiveTableNames=false, http://www.dbunit.org/properties/fetchSize=100, http://www.dbunit.org/features/batchedStatements=false, http://www.dbunit.org/properties/metadataHandler=org.dbunit.database.DefaultMetadataHandler@3bbfdfde, http://www.dbunit.org/properties/datatypeFactory=org.dbunit.dataset.datatype.DefaultDataTypeFactory[_toleratedDeltaMap=org.dbunit.dataset.datatype.ToleratedDeltaMap@6452310a], http://www.dbunit.org/properties/escapePattern=null, http://www.dbunit.org/properties/batchSize=100, http://www.dbunit.org/features/qualifiedTableNames=false, http://www.dbunit.org/properties/tableType=[Ljava.lang.String;@5011bafa, http://www.dbunit.org/properties/resultSetTableFactory=org.dbunit.database.CachedResultSetTableFactory@10bcf083, http://www.dbunit.org/features/datatypeWarning=true}]) - start
146143 [main] TRACE org.dbunit.database.DatabaseConfig  - getFeature(name=http://www.dbunit.org/features/qualifiedTableNames) - start
146143 [main] TRACE org.dbunit.database.DatabaseConfig  - getProperty(name=http://www.dbunit.org/features/qualifiedTableNames) - start
146143 [main] DEBUG org.dbunit.util.QualifiedTableName  - Qualified table names feature is disabled. Returning plain table name
146143 [main] DEBUG org.dbunit.util.QualifiedTableName  - getQualifiedName(prefix=null, name=SCOPE_REQUESTCONTEXT, escapePattern=null) - start
146143 [main] DEBUG org.dbunit.database.search.AbstractMetaDataBasedSearchCallback  - newEdge(rs=org.apache.commons.dbcp.DelegatingResultSet@7aa9ff9c, type=1, from=SCOPE, to=SCOPE_REQUESTCONTEXT, fkColumn=SCOPE_ID, pkColumn=ID) - start
146143 [main] DEBUG org.dbunit.database.search.AbstractMetaDataBasedSearchCallback  - createFKEdge(rs=org.apache.commons.dbcp.DelegatingResultSet@7aa9ff9c, type=1, from=SCOPE, to=SCOPE_REQUESTCONTEXT, fkColumn=SCOPE_ID, pkColumn=ID) - start
146143 [main] DEBUG org.dbunit.database.search.AbstractMetaDataBasedSearchCallback  - Adding edge SCOPE_REQUESTCONTEXT(SCOPE_ID)->SCOPE(ID)
146143 [main] DEBUG org.dbunit.util.search.Edge  - compareTo(o=SCOPE_REQUESTCONTEXT(SCOPE_ID)->SCOPE(ID)) - start
146144 [main] DEBUG org.dbunit.util.QualifiedTableName  - getQualifiedNameIfEnabled(config=org.dbunit.database.DatabaseConfig[, _propertyMap={http://www.dbunit.org/properties/statementFactory=org.dbunit.database.statement.PreparedStatementFactory@626bc2b8, http://www.dbunit.org/features/caseSensitiveTableNames=false, http://www.dbunit.org/properties/fetchSize=100, http://www.dbunit.org/features/batchedStatements=false, http://www.dbunit.org/properties/metadataHandler=org.dbunit.database.DefaultMetadataHandler@3bbfdfde, http://www.dbunit.org/properties/datatypeFactory=org.dbunit.dataset.datatype.DefaultDataTypeFactory[_toleratedDeltaMap=org.dbunit.dataset.datatype.ToleratedDeltaMap@6452310a], http://www.dbunit.org/properties/escapePattern=null, http://www.dbunit.org/properties/batchSize=100, http://www.dbunit.org/features/qualifiedTableNames=false, http://www.dbunit.org/properties/tableType=[Ljava.lang.String;@5011bafa, http://www.dbunit.org/properties/resultSetTableFactory=org.dbunit.database.CachedResultSetTableFactory@10bcf083, http://www.dbunit.org/features/datatypeWarning=true}]) - start
146144 [main] TRACE org.dbunit.database.DatabaseConfig  - getFeature(name=http://www.dbunit.org/features/qualifiedTableNames) - start
146144 [main] TRACE org.dbunit.database.DatabaseConfig  - getProperty(name=http://www.dbunit.org/features/qualifiedTableNames) - start
146144 [main] DEBUG org.dbunit.util.QualifiedTableName  - Qualified table names feature is disabled. Returning plain table name
146144 [main] DEBUG org.dbunit.util.QualifiedTableName  - getQualifiedName(prefix=null, name=SCOPE, escapePattern=null) - start
146144 [main] DEBUG org.dbunit.util.QualifiedTableName  - getQualifiedNameIfEnabled(config=org.dbunit.database.DatabaseConfig[, _propertyMap={http://www.dbunit.org/properties/statementFactory=org.dbunit.database.statement.PreparedStatementFactory@626bc2b8, http://www.dbunit.org/features/caseSensitiveTableNames=false, http://www.dbunit.org/properties/fetchSize=100, http://www.dbunit.org/features/batchedStatements=false, http://www.dbunit.org/properties/metadataHandler=org.dbunit.database.DefaultMetadataHandler@3bbfdfde, http://www.dbunit.org/properties/datatypeFactory=org.dbunit.dataset.datatype.DefaultDataTypeFactory[_toleratedDeltaMap=org.dbunit.dataset.datatype.ToleratedDeltaMap@6452310a], http://www.dbunit.org/properties/escapePattern=null, http://www.dbunit.org/properties/batchSize=100, http://www.dbunit.org/features/qualifiedTableNames=false, http://www.dbunit.org/properties/tableType=[Ljava.lang.String;@5011bafa, http://www.dbunit.org/properties/resultSetTableFactory=org.dbunit.database.CachedResultSetTableFactory@10bcf083, http://www.dbunit.org/features/datatypeWarning=true}]) - start
146144 [main] TRACE org.dbunit.database.DatabaseConfig  - getFeature(name=http://www.dbunit.org/features/qualifiedTableNames) - start
146144 [main] TRACE org.dbunit.database.DatabaseConfig  - getProperty(name=http://www.dbunit.org/features/qualifiedTableNames) - start
146144 [main] DEBUG org.dbunit.util.QualifiedTableName  - Qualified table names feature is disabled. Returning plain table name
146144 [main] DEBUG org.dbunit.util.QualifiedTableName  - getQualifiedName(prefix=null, name=SCOPEDCONTENT, escapePattern=null) - start
146144 [main] DEBUG org.dbunit.database.search.AbstractMetaDataBasedSearchCallback  - newEdge(rs=org.apache.commons.dbcp.DelegatingResultSet@7aa9ff9c, type=1, from=SCOPE, to=SCOPEDCONTENT, fkColumn=SCOPE, pkColumn=ID) - start
146145 [main] DEBUG org.dbunit.database.search.AbstractMetaDataBasedSearchCallback  - createFKEdge(rs=org.apache.commons.dbcp.DelegatingResultSet@7aa9ff9c, type=1, from=SCOPE, to=SCOPEDCONTENT, fkColumn=SCOPE, pkColumn=ID) - start
146145 [main] DEBUG org.dbunit.database.search.AbstractMetaDataBasedSearchCallback  - Adding edge SCOPEDCONTENT(SCOPE)->SCOPE(ID)
146145 [main] DEBUG org.dbunit.util.search.Edge  - compareTo(o=SCOPE_REQUESTCONTEXT(SCOPE_ID)->SCOPE(ID)) - start
146145 [main] DEBUG org.dbunit.util.SQLHelper  - close(resultSet=org.apache.commons.dbcp.DelegatingResultSet@7aa9ff9c) - start
146145 [main] DEBUG org.dbunit.util.search.DepthFirstSearch  - search:SCOPE
146145 [main] DEBUG org.dbunit.util.search.DepthFirstSearch  - already searched; returning true
146145 [main] DEBUG org.dbunit.util.search.DepthFirstSearch  - search:SCOPE
146145 [main] DEBUG org.dbunit.util.search.DepthFirstSearch  - already searched; returning true
146145 [main] DEBUG org.dbunit.util.search.DepthFirstSearch  - Adding node SCOPE to the final result
146145 [main] DEBUG org.dbunit.util.CollectionsHelper  - setToStrings(set=[SCOPEDCONTENTCONDITIONS_SCOPEDCONTENT, SCOPEDCONTENT_SCOPEDCONTENTITEM, SCOPEDCONTENT, SCOPE_REQUESTCONTEXT, SCOPE]) - start
146145 [main] DEBUG org.dbunit.database.search.TablesDependencyHelper  - getDirectDependsOnTables(connection=_databaseConfig=org.dbunit.database.DatabaseConfig[, _propertyMap={http://www.dbunit.org/properties/statementFactory=org.dbunit.database.statement.PreparedStatementFactory@626bc2b8, http://www.dbunit.org/features/caseSensitiveTableNames=false, http://www.dbunit.org/properties/fetchSize=100, http://www.dbunit.org/features/batchedStatements=false, http://www.dbunit.org/properties/metadataHandler=org.dbunit.database.DefaultMetadataHandler@3bbfdfde, http://www.dbunit.org/properties/datatypeFactory=org.dbunit.dataset.datatype.DefaultDataTypeFactory[_toleratedDeltaMap=org.dbunit.dataset.datatype.ToleratedDeltaMap@6452310a], http://www.dbunit.org/properties/escapePattern=null, http://www.dbunit.org/properties/batchSize=100, http://www.dbunit.org/features/qualifiedTableNames=false, http://www.dbunit.org/properties/tableType=[Ljava.lang.String;@5011bafa, http://www.dbunit.org/properties/resultSetTableFactory=org.dbunit.database.CachedResultSetTableFactory@10bcf083, http://www.dbunit.org/features/datatypeWarning=true}], _dataSet=AbstractDataSet[_orderedTableNameMap=null], tableName=SCOPE) - start
146145 [main] DEBUG org.dbunit.util.search.DepthFirstSearch  - search(nodesFrom=[SCOPE], callback=org.dbunit.database.search.ExportedKeysSearchCallback@7a7d8682) - start
146145 [main] DEBUG org.dbunit.util.CollectionsHelper  - objectsToSet(objects=SCOPE) - start
146145 [main] DEBUG org.dbunit.util.search.DepthFirstSearch  - search(nodesFrom=[SCOPE], callback=org.dbunit.database.search.ExportedKeysSearchCallback@7a7d8682) - start
146145 [main] DEBUG org.dbunit.util.search.DepthFirstSearch  - reverseSearch:SCOPE
146145 [main] DEBUG org.dbunit.database.search.ExportedKeysSearchCallback  - searchNode(node=SCOPE) - start
146145 [main] DEBUG org.dbunit.util.search.DepthFirstSearch  - Pushing (reverse) SCOPE
146145 [main] DEBUG org.dbunit.database.search.ExportedKeysSearchCallback  - getEdges(node=SCOPE) - start
146145 [main] DEBUG org.dbunit.database.search.AbstractMetaDataBasedSearchCallback  - getNodesFromExportedKeys(node=SCOPE) - start
146145 [main] DEBUG org.dbunit.database.search.AbstractMetaDataBasedSearchCallback  - getNodes(type=1, node=SCOPE) - start
146145 [main] DEBUG org.dbunit.database.DatabaseDataSourceConnection  - getConnection() - start
146145 [main] DEBUG org.dbunit.database.search.AbstractMetaDataBasedSearchCallback  - getNodes(type=1, node=SCOPE, conn=Transaction-aware proxy for target Connection [jdbc:hsqldb:mem:kontrollDS, UserName=sw, HSQL Database Engine Driver], schema=null, metaData=org.apache.commons.dbcp.DelegatingDatabaseMetaData@4709ffa1, edges=[]) - start
146145 [main] DEBUG org.dbunit.database.search.AbstractMetaDataBasedSearchCallback  - Getting edges for node SCOPE
146146 [main] TRACE org.dbunit.database.DatabaseConfig  - getProperty(name=http://www.dbunit.org/properties/metadataHandler) - start
146146 [main] TRACE org.dbunit.database.DefaultMetadataHandler  - tableExists(metaData=org.apache.commons.dbcp.DelegatingDatabaseMetaData@4709ffa1, schemaName=null, tableName=SCOPE) - start
146147 [main] DEBUG org.dbunit.util.SQLHelper  - close(resultSet=org.apache.commons.dbcp.DelegatingResultSet@6e4245f2) - start
146147 [main] DEBUG org.dbunit.util.QualifiedTableName  - getQualifiedNameIfEnabled(config=org.dbunit.database.DatabaseConfig[, _propertyMap={http://www.dbunit.org/properties/statementFactory=org.dbunit.database.statement.PreparedStatementFactory@626bc2b8, http://www.dbunit.org/features/caseSensitiveTableNames=false, http://www.dbunit.org/properties/fetchSize=100, http://www.dbunit.org/features/batchedStatements=false, http://www.dbunit.org/properties/metadataHandler=org.dbunit.database.DefaultMetadataHandler@3bbfdfde, http://www.dbunit.org/properties/datatypeFactory=org.dbunit.dataset.datatype.DefaultDataTypeFactory[_toleratedDeltaMap=org.dbunit.dataset.datatype.ToleratedDeltaMap@6452310a], http://www.dbunit.org/properties/escapePattern=null, http://www.dbunit.org/properties/batchSize=100, http://www.dbunit.org/features/qualifiedTableNames=false, http://www.dbunit.org/properties/tableType=[Ljava.lang.String;@5011bafa, http://www.dbunit.org/properties/resultSetTableFactory=org.dbunit.database.CachedResultSetTableFactory@10bcf083, http://www.dbunit.org/features/datatypeWarning=true}]) - start
146147 [main] TRACE org.dbunit.database.DatabaseConfig  - getFeature(name=http://www.dbunit.org/features/qualifiedTableNames) - start
146147 [main] TRACE org.dbunit.database.DatabaseConfig  - getProperty(name=http://www.dbunit.org/features/qualifiedTableNames) - start
146147 [main] DEBUG org.dbunit.util.QualifiedTableName  - Qualified table names feature is disabled. Returning plain table name
146147 [main] DEBUG org.dbunit.util.QualifiedTableName  - getQualifiedName(prefix=null, name=SCOPE, escapePattern=null) - start
146147 [main] DEBUG org.dbunit.util.QualifiedTableName  - getQualifiedNameIfEnabled(config=org.dbunit.database.DatabaseConfig[, _propertyMap={http://www.dbunit.org/properties/statementFactory=org.dbunit.database.statement.PreparedStatementFactory@626bc2b8, http://www.dbunit.org/features/caseSensitiveTableNames=false, http://www.dbunit.org/properties/fetchSize=100, http://www.dbunit.org/features/batchedStatements=false, http://www.dbunit.org/properties/metadataHandler=org.dbunit.database.DefaultMetadataHandler@3bbfdfde, http://www.dbunit.org/properties/datatypeFactory=org.dbunit.dataset.datatype.DefaultDataTypeFactory[_toleratedDeltaMap=org.dbunit.dataset.datatype.ToleratedDeltaMap@6452310a], http://www.dbunit.org/properties/escapePattern=null, http://www.dbunit.org/properties/batchSize=100, http://www.dbunit.org/features/qualifiedTableNames=false, http://www.dbunit.org/properties/tableType=[Ljava.lang.String;@5011bafa, http://www.dbunit.org/properties/resultSetTableFactory=org.dbunit.database.CachedResultSetTableFactory@10bcf083, http://www.dbunit.org/features/datatypeWarning=true}]) - start
146147 [main] TRACE org.dbunit.database.DatabaseConfig  - getFeature(name=http://www.dbunit.org/features/qualifiedTableNames) - start
146147 [main] TRACE org.dbunit.database.DatabaseConfig  - getProperty(name=http://www.dbunit.org/features/qualifiedTableNames) - start
146147 [main] DEBUG org.dbunit.util.QualifiedTableName  - Qualified table names feature is disabled. Returning plain table name
146147 [main] DEBUG org.dbunit.util.QualifiedTableName  - getQualifiedName(prefix=null, name=SCOPE_REQUESTCONTEXT, escapePattern=null) - start
146147 [main] DEBUG org.dbunit.database.search.AbstractMetaDataBasedSearchCallback  - newEdge(rs=org.apache.commons.dbcp.DelegatingResultSet@77097f22, type=1, from=SCOPE, to=SCOPE_REQUESTCONTEXT, fkColumn=SCOPE_ID, pkColumn=ID) - start
146147 [main] DEBUG org.dbunit.database.search.AbstractMetaDataBasedSearchCallback  - createFKEdge(rs=org.apache.commons.dbcp.DelegatingResultSet@77097f22, type=1, from=SCOPE, to=SCOPE_REQUESTCONTEXT, fkColumn=SCOPE_ID, pkColumn=ID) - start
146148 [main] DEBUG org.dbunit.database.search.AbstractMetaDataBasedSearchCallback  - Adding edge SCOPE_REQUESTCONTEXT(SCOPE_ID)->SCOPE(ID)
146148 [main] DEBUG org.dbunit.util.search.Edge  - compareTo(o=SCOPE_REQUESTCONTEXT(SCOPE_ID)->SCOPE(ID)) - start
146148 [main] DEBUG org.dbunit.util.QualifiedTableName  - getQualifiedNameIfEnabled(config=org.dbunit.database.DatabaseConfig[, _propertyMap={http://www.dbunit.org/properties/statementFactory=org.dbunit.database.statement.PreparedStatementFactory@626bc2b8, http://www.dbunit.org/features/caseSensitiveTableNames=false, http://www.dbunit.org/properties/fetchSize=100, http://www.dbunit.org/features/batchedStatements=false, http://www.dbunit.org/properties/metadataHandler=org.dbunit.database.DefaultMetadataHandler@3bbfdfde, http://www.dbunit.org/properties/datatypeFactory=org.dbunit.dataset.datatype.DefaultDataTypeFactory[_toleratedDeltaMap=org.dbunit.dataset.datatype.ToleratedDeltaMap@6452310a], http://www.dbunit.org/properties/escapePattern=null, http://www.dbunit.org/properties/batchSize=100, http://www.dbunit.org/features/qualifiedTableNames=false, http://www.dbunit.org/properties/tableType=[Ljava.lang.String;@5011bafa, http://www.dbunit.org/properties/resultSetTableFactory=org.dbunit.database.CachedResultSetTableFactory@10bcf083, http://www.dbunit.org/features/datatypeWarning=true}]) - start
146148 [main] TRACE org.dbunit.database.DatabaseConfig  - getFeature(name=http://www.dbunit.org/features/qualifiedTableNames) - start
146148 [main] TRACE org.dbunit.database.DatabaseConfig  - getProperty(name=http://www.dbunit.org/features/qualifiedTableNames) - start
146148 [main] DEBUG org.dbunit.util.QualifiedTableName  - Qualified table names feature is disabled. Returning plain table name
146148 [main] DEBUG org.dbunit.util.QualifiedTableName  - getQualifiedName(prefix=null, name=SCOPE, escapePattern=null) - start
146148 [main] DEBUG org.dbunit.util.QualifiedTableName  - getQualifiedNameIfEnabled(config=org.dbunit.database.DatabaseConfig[, _propertyMap={http://www.dbunit.org/properties/statementFactory=org.dbunit.database.statement.PreparedStatementFactory@626bc2b8, http://www.dbunit.org/features/caseSensitiveTableNames=false, http://www.dbunit.org/properties/fetchSize=100, http://www.dbunit.org/features/batchedStatements=false, http://www.dbunit.org/properties/metadataHandler=org.dbunit.database.DefaultMetadataHandler@3bbfdfde, http://www.dbunit.org/properties/datatypeFactory=org.dbunit.dataset.datatype.DefaultDataTypeFactory[_toleratedDeltaMap=org.dbunit.dataset.datatype.ToleratedDeltaMap@6452310a], http://www.dbunit.org/properties/escapePattern=null, http://www.dbunit.org/properties/batchSize=100, http://www.dbunit.org/features/qualifiedTableNames=false, http://www.dbunit.org/properties/tableType=[Ljava.lang.String;@5011bafa, http://www.dbunit.org/properties/resultSetTableFactory=org.dbunit.database.CachedResultSetTableFactory@10bcf083, http://www.dbunit.org/features/datatypeWarning=true}]) - start
146148 [main] TRACE org.dbunit.database.DatabaseConfig  - getFeature(name=http://www.dbunit.org/features/qualifiedTableNames) - start
146148 [main] TRACE org.dbunit.database.DatabaseConfig  - getProperty(name=http://www.dbunit.org/features/qualifiedTableNames) - start
146148 [main] DEBUG org.dbunit.util.QualifiedTableName  - Qualified table names feature is disabled. Returning plain table name
146148 [main] DEBUG org.dbunit.util.QualifiedTableName  - getQualifiedName(prefix=null, name=SCOPEDCONTENT, escapePattern=null) - start
146148 [main] DEBUG org.dbunit.database.search.AbstractMetaDataBasedSearchCallback  - newEdge(rs=org.apache.commons.dbcp.DelegatingResultSet@77097f22, type=1, from=SCOPE, to=SCOPEDCONTENT, fkColumn=SCOPE, pkColumn=ID) - start
146148 [main] DEBUG org.dbunit.database.search.AbstractMetaDataBasedSearchCallback  - createFKEdge(rs=org.apache.commons.dbcp.DelegatingResultSet@77097f22, type=1, from=SCOPE, to=SCOPEDCONTENT, fkColumn=SCOPE, pkColumn=ID) - start
146148 [main] DEBUG org.dbunit.database.search.AbstractMetaDataBasedSearchCallback  - Adding edge SCOPEDCONTENT(SCOPE)->SCOPE(ID)
146148 [main] DEBUG org.dbunit.util.search.Edge  - compareTo(o=SCOPE_REQUESTCONTEXT(SCOPE_ID)->SCOPE(ID)) - start
146148 [main] DEBUG org.dbunit.util.SQLHelper  - close(resultSet=org.apache.commons.dbcp.DelegatingResultSet@77097f22) - start
146148 [main] DEBUG org.dbunit.util.search.DepthFirstSearch  - reverseSearch:SCOPEDCONTENT
146148 [main] DEBUG org.dbunit.database.search.ExportedKeysSearchCallback  - searchNode(node=SCOPEDCONTENT) - start
146148 [main] DEBUG org.dbunit.util.search.DepthFirstSearch  - Pushing (reverse) SCOPEDCONTENT
146148 [main] DEBUG org.dbunit.database.search.ExportedKeysSearchCallback  - getEdges(node=SCOPEDCONTENT) - start
146148 [main] DEBUG org.dbunit.database.search.AbstractMetaDataBasedSearchCallback  - getNodesFromExportedKeys(node=SCOPEDCONTENT) - start
146148 [main] DEBUG org.dbunit.database.search.AbstractMetaDataBasedSearchCallback  - getNodes(type=1, node=SCOPEDCONTENT) - start
146148 [main] DEBUG org.dbunit.database.DatabaseDataSourceConnection  - getConnection() - start
146149 [main] DEBUG org.dbunit.database.search.AbstractMetaDataBasedSearchCallback  - getNodes(type=1, node=SCOPEDCONTENT, conn=Transaction-aware proxy for target Connection [jdbc:hsqldb:mem:kontrollDS, UserName=sw, HSQL Database Engine Driver], schema=null, metaData=org.apache.commons.dbcp.DelegatingDatabaseMetaData@1079ce3c, edges=[]) - start
146149 [main] DEBUG org.dbunit.database.search.AbstractMetaDataBasedSearchCallback  - Getting edges for node SCOPEDCONTENT
146149 [main] TRACE org.dbunit.database.DatabaseConfig  - getProperty(name=http://www.dbunit.org/properties/metadataHandler) - start
146149 [main] TRACE org.dbunit.database.DefaultMetadataHandler  - tableExists(metaData=org.apache.commons.dbcp.DelegatingDatabaseMetaData@1079ce3c, schemaName=null, tableName=SCOPEDCONTENT) - start
146150 [main] DEBUG org.dbunit.util.SQLHelper  - close(resultSet=org.apache.commons.dbcp.DelegatingResultSet@43b78b7e) - start
146150 [main] DEBUG org.dbunit.util.QualifiedTableName  - getQualifiedNameIfEnabled(config=org.dbunit.database.DatabaseConfig[, _propertyMap={http://www.dbunit.org/properties/statementFactory=org.dbunit.database.statement.PreparedStatementFactory@626bc2b8, http://www.dbunit.org/features/caseSensitiveTableNames=false, http://www.dbunit.org/properties/fetchSize=100, http://www.dbunit.org/features/batchedStatements=false, http://www.dbunit.org/properties/metadataHandler=org.dbunit.database.DefaultMetadataHandler@3bbfdfde, http://www.dbunit.org/properties/datatypeFactory=org.dbunit.dataset.datatype.DefaultDataTypeFactory[_toleratedDeltaMap=org.dbunit.dataset.datatype.ToleratedDeltaMap@6452310a], http://www.dbunit.org/properties/escapePattern=null, http://www.dbunit.org/properties/batchSize=100, http://www.dbunit.org/features/qualifiedTableNames=false, http://www.dbunit.org/properties/tableType=[Ljava.lang.String;@5011bafa, http://www.dbunit.org/properties/resultSetTableFactory=org.dbunit.database.CachedResultSetTableFactory@10bcf083, http://www.dbunit.org/features/datatypeWarning=true}]) - start
146150 [main] TRACE org.dbunit.database.DatabaseConfig  - getFeature(name=http://www.dbunit.org/features/qualifiedTableNames) - start
146150 [main] TRACE org.dbunit.database.DatabaseConfig  - getProperty(name=http://www.dbunit.org/features/qualifiedTableNames) - start
146150 [main] DEBUG org.dbunit.util.QualifiedTableName  - Qualified table names feature is disabled. Returning plain table name
146150 [main] DEBUG org.dbunit.util.QualifiedTableName  - getQualifiedName(prefix=null, name=SCOPEDCONTENT, escapePattern=null) - start
146150 [main] DEBUG org.dbunit.util.QualifiedTableName  - getQualifiedNameIfEnabled(config=org.dbunit.database.DatabaseConfig[, _propertyMap={http://www.dbunit.org/properties/statementFactory=org.dbunit.database.statement.PreparedStatementFactory@626bc2b8, http://www.dbunit.org/features/caseSensitiveTableNames=false, http://www.dbunit.org/properties/fetchSize=100, http://www.dbunit.org/features/batchedStatements=false, http://www.dbunit.org/properties/metadataHandler=org.dbunit.database.DefaultMetadataHandler@3bbfdfde, http://www.dbunit.org/properties/datatypeFactory=org.dbunit.dataset.datatype.DefaultDataTypeFactory[_toleratedDeltaMap=org.dbunit.dataset.datatype.ToleratedDeltaMap@6452310a], http://www.dbunit.org/properties/escapePattern=null, http://www.dbunit.org/properties/batchSize=100, http://www.dbunit.org/features/qualifiedTableNames=false, http://www.dbunit.org/properties/tableType=[Ljava.lang.String;@5011bafa, http://www.dbunit.org/properties/resultSetTableFactory=org.dbunit.database.CachedResultSetTableFactory@10bcf083, http://www.dbunit.org/features/datatypeWarning=true}]) - start
146150 [main] TRACE org.dbunit.database.DatabaseConfig  - getFeature(name=http://www.dbunit.org/features/qualifiedTableNames) - start
146150 [main] TRACE org.dbunit.database.DatabaseConfig  - getProperty(name=http://www.dbunit.org/features/qualifiedTableNames) - start
146150 [main] DEBUG org.dbunit.util.QualifiedTableName  - Qualified table names feature is disabled. Returning plain table name
146151 [main] DEBUG org.dbunit.util.QualifiedTableName  - getQualifiedName(prefix=null, name=SCOPEDCONTENTCONDITIONS_SCOPEDCONTENT, escapePattern=null) - start
146151 [main] DEBUG org.dbunit.database.search.AbstractMetaDataBasedSearchCallback  - newEdge(rs=org.apache.commons.dbcp.DelegatingResultSet@59a12519, type=1, from=SCOPEDCONTENT, to=SCOPEDCONTENTCONDITIONS_SCOPEDCONTENT, fkColumn=SCOPED_CONTENT_ID, pkColumn=ID) - start
146151 [main] DEBUG org.dbunit.database.search.AbstractMetaDataBasedSearchCallback  - createFKEdge(rs=org.apache.commons.dbcp.DelegatingResultSet@59a12519, type=1, from=SCOPEDCONTENT, to=SCOPEDCONTENTCONDITIONS_SCOPEDCONTENT, fkColumn=SCOPED_CONTENT_ID, pkColumn=ID) - start
146151 [main] DEBUG org.dbunit.database.search.AbstractMetaDataBasedSearchCallback  - Adding edge SCOPEDCONTENTCONDITIONS_SCOPEDCONTENT(SCOPED_CONTENT_ID)->SCOPEDCONTENT(ID)
146151 [main] DEBUG org.dbunit.util.search.Edge  - compareTo(o=SCOPEDCONTENTCONDITIONS_SCOPEDCONTENT(SCOPED_CONTENT_ID)->SCOPEDCONTENT(ID)) - start
146151 [main] DEBUG org.dbunit.util.QualifiedTableName  - getQualifiedNameIfEnabled(config=org.dbunit.database.DatabaseConfig[, _propertyMap={http://www.dbunit.org/properties/statementFactory=org.dbunit.database.statement.PreparedStatementFactory@626bc2b8, http://www.dbunit.org/features/caseSensitiveTableNames=false, http://www.dbunit.org/properties/fetchSize=100, http://www.dbunit.org/features/batchedStatements=false, http://www.dbunit.org/properties/metadataHandler=org.dbunit.database.DefaultMetadataHandler@3bbfdfde, http://www.dbunit.org/properties/datatypeFactory=org.dbunit.dataset.datatype.DefaultDataTypeFactory[_toleratedDeltaMap=org.dbunit.dataset.datatype.ToleratedDeltaMap@6452310a], http://www.dbunit.org/properties/escapePattern=null, http://www.dbunit.org/properties/batchSize=100, http://www.dbunit.org/features/qualifiedTableNames=false, http://www.dbunit.org/properties/tableType=[Ljava.lang.String;@5011bafa, http://www.dbunit.org/properties/resultSetTableFactory=org.dbunit.database.CachedResultSetTableFactory@10bcf083, http://www.dbunit.org/features/datatypeWarning=true}]) - start
146151 [main] TRACE org.dbunit.database.DatabaseConfig  - getFeature(name=http://www.dbunit.org/features/qualifiedTableNames) - start
146151 [main] TRACE org.dbunit.database.DatabaseConfig  - getProperty(name=http://www.dbunit.org/features/qualifiedTableNames) - start
146151 [main] DEBUG org.dbunit.util.QualifiedTableName  - Qualified table names feature is disabled. Returning plain table name
146151 [main] DEBUG org.dbunit.util.QualifiedTableName  - getQualifiedName(prefix=null, name=SCOPEDCONTENT, escapePattern=null) - start
146151 [main] DEBUG org.dbunit.util.QualifiedTableName  - getQualifiedNameIfEnabled(config=org.dbunit.database.DatabaseConfig[, _propertyMap={http://www.dbunit.org/properties/statementFactory=org.dbunit.database.statement.PreparedStatementFactory@626bc2b8, http://www.dbunit.org/features/caseSensitiveTableNames=false, http://www.dbunit.org/properties/fetchSize=100, http://www.dbunit.org/features/batchedStatements=false, http://www.dbunit.org/properties/metadataHandler=org.dbunit.database.DefaultMetadataHandler@3bbfdfde, http://www.dbunit.org/properties/datatypeFactory=org.dbunit.dataset.datatype.DefaultDataTypeFactory[_toleratedDeltaMap=org.dbunit.dataset.datatype.ToleratedDeltaMap@6452310a], http://www.dbunit.org/properties/escapePattern=null, http://www.dbunit.org/properties/batchSize=100, http://www.dbunit.org/features/qualifiedTableNames=false, http://www.dbunit.org/properties/tableType=[Ljava.lang.String;@5011bafa, http://www.dbunit.org/properties/resultSetTableFactory=org.dbunit.database.CachedResultSetTableFactory@10bcf083, http://www.dbunit.org/features/datatypeWarning=true}]) - start
146151 [main] TRACE org.dbunit.database.DatabaseConfig  - getFeature(name=http://www.dbunit.org/features/qualifiedTableNames) - start
146151 [main] TRACE org.dbunit.database.DatabaseConfig  - getProperty(name=http://www.dbunit.org/features/qualifiedTableNames) - start
146151 [main] DEBUG org.dbunit.util.QualifiedTableName  - Qualified table names feature is disabled. Returning plain table name
146151 [main] DEBUG org.dbunit.util.QualifiedTableName  - getQualifiedName(prefix=null, name=SCOPEDCONTENT_SCOPEDCONTENTITEM, escapePattern=null) - start
146151 [main] DEBUG org.dbunit.database.search.AbstractMetaDataBasedSearchCallback  - newEdge(rs=org.apache.commons.dbcp.DelegatingResultSet@59a12519, type=1, from=SCOPEDCONTENT, to=SCOPEDCONTENT_SCOPEDCONTENTITEM, fkColumn=SCOPED_CONTENT_ITEM_ID, pkColumn=ID) - start
146151 [main] DEBUG org.dbunit.database.search.AbstractMetaDataBasedSearchCallback  - createFKEdge(rs=org.apache.commons.dbcp.DelegatingResultSet@59a12519, type=1, from=SCOPEDCONTENT, to=SCOPEDCONTENT_SCOPEDCONTENTITEM, fkColumn=SCOPED_CONTENT_ITEM_ID, pkColumn=ID) - start
146151 [main] DEBUG org.dbunit.database.search.AbstractMetaDataBasedSearchCallback  - Adding edge SCOPEDCONTENT_SCOPEDCONTENTITEM(SCOPED_CONTENT_ITEM_ID)->SCOPEDCONTENT(ID)
146151 [main] DEBUG org.dbunit.util.search.Edge  - compareTo(o=SCOPEDCONTENTCONDITIONS_SCOPEDCONTENT(SCOPED_CONTENT_ID)->SCOPEDCONTENT(ID)) - start
146151 [main] DEBUG org.dbunit.util.SQLHelper  - close(resultSet=org.apache.commons.dbcp.DelegatingResultSet@59a12519) - start
146151 [main] DEBUG org.dbunit.util.search.DepthFirstSearch  - reverseSearch:SCOPEDCONTENTCONDITIONS_SCOPEDCONTENT
146151 [main] DEBUG org.dbunit.database.search.ExportedKeysSearchCallback  - searchNode(node=SCOPEDCONTENTCONDITIONS_SCOPEDCONTENT) - start
146151 [main] DEBUG org.dbunit.util.search.DepthFirstSearch  - Pushing (reverse) SCOPEDCONTENTCONDITIONS_SCOPEDCONTENT
146152 [main] DEBUG org.dbunit.database.search.ExportedKeysSearchCallback  - getEdges(node=SCOPEDCONTENTCONDITIONS_SCOPEDCONTENT) - start
146152 [main] DEBUG org.dbunit.database.search.AbstractMetaDataBasedSearchCallback  - getNodesFromExportedKeys(node=SCOPEDCONTENTCONDITIONS_SCOPEDCONTENT) - start
146152 [main] DEBUG org.dbunit.database.search.AbstractMetaDataBasedSearchCallback  - getNodes(type=1, node=SCOPEDCONTENTCONDITIONS_SCOPEDCONTENT) - start
146152 [main] DEBUG org.dbunit.database.DatabaseDataSourceConnection  - getConnection() - start
146152 [main] DEBUG org.dbunit.database.search.AbstractMetaDataBasedSearchCallback  - getNodes(type=1, node=SCOPEDCONTENTCONDITIONS_SCOPEDCONTENT, conn=Transaction-aware proxy for target Connection [jdbc:hsqldb:mem:kontrollDS, UserName=sw, HSQL Database Engine Driver], schema=null, metaData=org.apache.commons.dbcp.DelegatingDatabaseMetaData@628aba47, edges=[]) - start
146152 [main] DEBUG org.dbunit.database.search.AbstractMetaDataBasedSearchCallback  - Getting edges for node SCOPEDCONTENTCONDITIONS_SCOPEDCONTENT
146152 [main] TRACE org.dbunit.database.DatabaseConfig  - getProperty(name=http://www.dbunit.org/properties/metadataHandler) - start
146152 [main] TRACE org.dbunit.database.DefaultMetadataHandler  - tableExists(metaData=org.apache.commons.dbcp.DelegatingDatabaseMetaData@628aba47, schemaName=null, tableName=SCOPEDCONTENTCONDITIONS_SCOPEDCONTENT) - start
146153 [main] DEBUG org.dbunit.util.SQLHelper  - close(resultSet=org.apache.commons.dbcp.DelegatingResultSet@671db76f) - start
146153 [main] DEBUG org.dbunit.util.SQLHelper  - close(resultSet=org.apache.commons.dbcp.DelegatingResultSet@22e32197) - start
146153 [main] DEBUG org.dbunit.util.search.DepthFirstSearch  - reverseSearch:SCOPEDCONTENT_SCOPEDCONTENTITEM
146153 [main] DEBUG org.dbunit.database.search.ExportedKeysSearchCallback  - searchNode(node=SCOPEDCONTENT_SCOPEDCONTENTITEM) - start
146153 [main] DEBUG org.dbunit.util.search.DepthFirstSearch  - Pushing (reverse) SCOPEDCONTENT_SCOPEDCONTENTITEM
146153 [main] DEBUG org.dbunit.util.search.DepthFirstSearch  - reverseSearch:SCOPE_REQUESTCONTEXT
146153 [main] DEBUG org.dbunit.database.search.ExportedKeysSearchCallback  - searchNode(node=SCOPE_REQUESTCONTEXT) - start
146153 [main] DEBUG org.dbunit.util.search.DepthFirstSearch  - Pushing (reverse) SCOPE_REQUESTCONTEXT
146153 [main] DEBUG org.dbunit.util.search.DepthFirstSearch  - search:SCOPEDCONTENTCONDITIONS_SCOPEDCONTENT
146154 [main] DEBUG org.dbunit.database.search.ExportedKeysSearchCallback  - searchNode(node=SCOPEDCONTENTCONDITIONS_SCOPEDCONTENT) - start
146154 [main] DEBUG org.dbunit.util.search.DepthFirstSearch  - Pushing SCOPEDCONTENTCONDITIONS_SCOPEDCONTENT
146154 [main] DEBUG org.dbunit.database.search.ExportedKeysSearchCallback  - getEdges(node=SCOPEDCONTENTCONDITIONS_SCOPEDCONTENT) - start
146154 [main] DEBUG org.dbunit.database.search.AbstractMetaDataBasedSearchCallback  - getNodesFromExportedKeys(node=SCOPEDCONTENTCONDITIONS_SCOPEDCONTENT) - start
146154 [main] DEBUG org.dbunit.database.search.AbstractMetaDataBasedSearchCallback  - getNodes(type=1, node=SCOPEDCONTENTCONDITIONS_SCOPEDCONTENT) - start
146154 [main] DEBUG org.dbunit.database.DatabaseDataSourceConnection  - getConnection() - start
146154 [main] DEBUG org.dbunit.database.search.AbstractMetaDataBasedSearchCallback  - getNodes(type=1, node=SCOPEDCONTENTCONDITIONS_SCOPEDCONTENT, conn=Transaction-aware proxy for target Connection [jdbc:hsqldb:mem:kontrollDS, UserName=sw, HSQL Database Engine Driver], schema=null, metaData=org.apache.commons.dbcp.DelegatingDatabaseMetaData@6db25265, edges=[]) - start
146154 [main] DEBUG org.dbunit.database.search.AbstractMetaDataBasedSearchCallback  - Getting edges for node SCOPEDCONTENTCONDITIONS_SCOPEDCONTENT
146154 [main] TRACE org.dbunit.database.DatabaseConfig  - getProperty(name=http://www.dbunit.org/properties/metadataHandler) - start
146154 [main] TRACE org.dbunit.database.DefaultMetadataHandler  - tableExists(metaData=org.apache.commons.dbcp.DelegatingDatabaseMetaData@6db25265, schemaName=null, tableName=SCOPEDCONTENTCONDITIONS_SCOPEDCONTENT) - start
146155 [main] DEBUG org.dbunit.util.SQLHelper  - close(resultSet=org.apache.commons.dbcp.DelegatingResultSet@6a665606) - start
146156 [main] DEBUG org.dbunit.util.SQLHelper  - close(resultSet=org.apache.commons.dbcp.DelegatingResultSet@30d7367d) - start
146156 [main] DEBUG org.dbunit.util.search.DepthFirstSearch  - Adding node SCOPEDCONTENTCONDITIONS_SCOPEDCONTENT to the final result
146156 [main] DEBUG org.dbunit.util.search.DepthFirstSearch  - search:SCOPEDCONTENT_SCOPEDCONTENTITEM
146156 [main] DEBUG org.dbunit.database.search.ExportedKeysSearchCallback  - searchNode(node=SCOPEDCONTENT_SCOPEDCONTENTITEM) - start
146156 [main] DEBUG org.dbunit.util.search.DepthFirstSearch  - Pushing SCOPEDCONTENT_SCOPEDCONTENTITEM
146156 [main] DEBUG org.dbunit.database.search.ExportedKeysSearchCallback  - getEdges(node=SCOPEDCONTENT_SCOPEDCONTENTITEM) - start
146156 [main] DEBUG org.dbunit.database.search.AbstractMetaDataBasedSearchCallback  - getNodesFromExportedKeys(node=SCOPEDCONTENT_SCOPEDCONTENTITEM) - start
146156 [main] DEBUG org.dbunit.database.search.AbstractMetaDataBasedSearchCallback  - getNodes(type=1, node=SCOPEDCONTENT_SCOPEDCONTENTITEM) - start
146156 [main] DEBUG org.dbunit.database.DatabaseDataSourceConnection  - getConnection() - start
146156 [main] DEBUG org.dbunit.database.search.AbstractMetaDataBasedSearchCallback  - getNodes(type=1, node=SCOPEDCONTENT_SCOPEDCONTENTITEM, conn=Transaction-aware proxy for target Connection [jdbc:hsqldb:mem:kontrollDS, UserName=sw, HSQL Database Engine Driver], schema=null, metaData=org.apache.commons.dbcp.DelegatingDatabaseMetaData@13a6198, edges=[]) - start
146156 [main] DEBUG org.dbunit.database.search.AbstractMetaDataBasedSearchCallback  - Getting edges for node SCOPEDCONTENT_SCOPEDCONTENTITEM
146156 [main] TRACE org.dbunit.database.DatabaseConfig  - getProperty(name=http://www.dbunit.org/properties/metadataHandler) - start
146156 [main] TRACE org.dbunit.database.DefaultMetadataHandler  - tableExists(metaData=org.apache.commons.dbcp.DelegatingDatabaseMetaData@13a6198, schemaName=null, tableName=SCOPEDCONTENT_SCOPEDCONTENTITEM) - start
146158 [main] DEBUG org.dbunit.util.SQLHelper  - close(resultSet=org.apache.commons.dbcp.DelegatingResultSet@774baa76) - start
146158 [main] DEBUG org.dbunit.util.SQLHelper  - close(resultSet=org.apache.commons.dbcp.DelegatingResultSet@612f53d4) - start
146158 [main] DEBUG org.dbunit.util.search.DepthFirstSearch  - Adding node SCOPEDCONTENT_SCOPEDCONTENTITEM to the final result
146158 [main] DEBUG org.dbunit.util.search.DepthFirstSearch  - search:SCOPEDCONTENT
146158 [main] DEBUG org.dbunit.database.search.ExportedKeysSearchCallback  - searchNode(node=SCOPEDCONTENT) - start
146158 [main] DEBUG org.dbunit.util.search.DepthFirstSearch  - Pushing SCOPEDCONTENT
146158 [main] DEBUG org.dbunit.database.search.ExportedKeysSearchCallback  - getEdges(node=SCOPEDCONTENT) - start
146158 [main] DEBUG org.dbunit.database.search.AbstractMetaDataBasedSearchCallback  - getNodesFromExportedKeys(node=SCOPEDCONTENT) - start
146158 [main] DEBUG org.dbunit.database.search.AbstractMetaDataBasedSearchCallback  - getNodes(type=1, node=SCOPEDCONTENT) - start
146158 [main] DEBUG org.dbunit.database.DatabaseDataSourceConnection  - getConnection() - start
146158 [main] DEBUG org.dbunit.database.search.AbstractMetaDataBasedSearchCallback  - getNodes(type=1, node=SCOPEDCONTENT, conn=Transaction-aware proxy for target Connection [jdbc:hsqldb:mem:kontrollDS, UserName=sw, HSQL Database Engine Driver], schema=null, metaData=org.apache.commons.dbcp.DelegatingDatabaseMetaData@6a28b524, edges=[]) - start
146158 [main] DEBUG org.dbunit.database.search.AbstractMetaDataBasedSearchCallback  - Getting edges for node SCOPEDCONTENT
146158 [main] TRACE org.dbunit.database.DatabaseConfig  - getProperty(name=http://www.dbunit.org/properties/metadataHandler) - start
146159 [main] TRACE org.dbunit.database.DefaultMetadataHandler  - tableExists(metaData=org.apache.commons.dbcp.DelegatingDatabaseMetaData@6a28b524, schemaName=null, tableName=SCOPEDCONTENT) - start
146173 [main] DEBUG org.dbunit.util.SQLHelper  - close(resultSet=org.apache.commons.dbcp.DelegatingResultSet@636b7279) - start
146173 [main] DEBUG org.dbunit.util.QualifiedTableName  - getQualifiedNameIfEnabled(config=org.dbunit.database.DatabaseConfig[, _propertyMap={http://www.dbunit.org/properties/statementFactory=org.dbunit.database.statement.PreparedStatementFactory@626bc2b8, http://www.dbunit.org/features/caseSensitiveTableNames=false, http://www.dbunit.org/properties/fetchSize=100, http://www.dbunit.org/features/batchedStatements=false, http://www.dbunit.org/properties/metadataHandler=org.dbunit.database.DefaultMetadataHandler@3bbfdfde, http://www.dbunit.org/properties/datatypeFactory=org.dbunit.dataset.datatype.DefaultDataTypeFactory[_toleratedDeltaMap=org.dbunit.dataset.datatype.ToleratedDeltaMap@6452310a], http://www.dbunit.org/properties/escapePattern=null, http://www.dbunit.org/properties/batchSize=100, http://www.dbunit.org/features/qualifiedTableNames=false, http://www.dbunit.org/properties/tableType=[Ljava.lang.String;@5011bafa, http://www.dbunit.org/properties/resultSetTableFactory=org.dbunit.database.CachedResultSetTableFactory@10bcf083, http://www.dbunit.org/features/datatypeWarning=true}]) - start
146173 [main] TRACE org.dbunit.database.DatabaseConfig  - getFeature(name=http://www.dbunit.org/features/qualifiedTableNames) - start
146173 [main] TRACE org.dbunit.database.DatabaseConfig  - getProperty(name=http://www.dbunit.org/features/qualifiedTableNames) - start
146173 [main] DEBUG org.dbunit.util.QualifiedTableName  - Qualified table names feature is disabled. Returning plain table name
146174 [main] DEBUG org.dbunit.util.QualifiedTableName  - getQualifiedName(prefix=null, name=SCOPEDCONTENT, escapePattern=null) - start
146174 [main] DEBUG org.dbunit.util.QualifiedTableName  - getQualifiedNameIfEnabled(config=org.dbunit.database.DatabaseConfig[, _propertyMap={http://www.dbunit.org/properties/statementFactory=org.dbunit.database.statement.PreparedStatementFactory@626bc2b8, http://www.dbunit.org/features/caseSensitiveTableNames=false, http://www.dbunit.org/properties/fetchSize=100, http://www.dbunit.org/features/batchedStatements=false, http://www.dbunit.org/properties/metadataHandler=org.dbunit.database.DefaultMetadataHandler@3bbfdfde, http://www.dbunit.org/properties/datatypeFactory=org.dbunit.dataset.datatype.DefaultDataTypeFactory[_toleratedDeltaMap=org.dbunit.dataset.datatype.ToleratedDeltaMap@6452310a], http://www.dbunit.org/properties/escapePattern=null, http://www.dbunit.org/properties/batchSize=100, http://www.dbunit.org/features/qualifiedTableNames=false, http://www.dbunit.org/properties/tableType=[Ljava.lang.String;@5011bafa, http://www.dbunit.org/properties/resultSetTableFactory=org.dbunit.database.CachedResultSetTableFactory@10bcf083, http://www.dbunit.org/features/datatypeWarning=true}]) - start
146174 [main] TRACE org.dbunit.database.DatabaseConfig  - getFeature(name=http://www.dbunit.org/features/qualifiedTableNames) - start
146174 [main] TRACE org.dbunit.database.DatabaseConfig  - getProperty(name=http://www.dbunit.org/features/qualifiedTableNames) - start
146174 [main] DEBUG org.dbunit.util.QualifiedTableName  - Qualified table names feature is disabled. Returning plain table name
146174 [main] DEBUG org.dbunit.util.QualifiedTableName  - getQualifiedName(prefix=null, name=SCOPEDCONTENTCONDITIONS_SCOPEDCONTENT, escapePattern=null) - start
146174 [main] DEBUG org.dbunit.database.search.AbstractMetaDataBasedSearchCallback  - newEdge(rs=org.apache.commons.dbcp.DelegatingResultSet@3e5001a3, type=1, from=SCOPEDCONTENT, to=SCOPEDCONTENTCONDITIONS_SCOPEDCONTENT, fkColumn=SCOPED_CONTENT_ID, pkColumn=ID) - start
146174 [main] DEBUG org.dbunit.database.search.AbstractMetaDataBasedSearchCallback  - createFKEdge(rs=org.apache.commons.dbcp.DelegatingResultSet@3e5001a3, type=1, from=SCOPEDCONTENT, to=SCOPEDCONTENTCONDITIONS_SCOPEDCONTENT, fkColumn=SCOPED_CONTENT_ID, pkColumn=ID) - start
146174 [main] DEBUG org.dbunit.database.search.AbstractMetaDataBasedSearchCallback  - Adding edge SCOPEDCONTENTCONDITIONS_SCOPEDCONTENT(SCOPED_CONTENT_ID)->SCOPEDCONTENT(ID)
146174 [main] DEBUG org.dbunit.util.search.Edge  - compareTo(o=SCOPEDCONTENTCONDITIONS_SCOPEDCONTENT(SCOPED_CONTENT_ID)->SCOPEDCONTENT(ID)) - start
146174 [main] DEBUG org.dbunit.util.QualifiedTableName  - getQualifiedNameIfEnabled(config=org.dbunit.database.DatabaseConfig[, _propertyMap={http://www.dbunit.org/properties/statementFactory=org.dbunit.database.statement.PreparedStatementFactory@626bc2b8, http://www.dbunit.org/features/caseSensitiveTableNames=false, http://www.dbunit.org/properties/fetchSize=100, http://www.dbunit.org/features/batchedStatements=false, http://www.dbunit.org/properties/metadataHandler=org.dbunit.database.DefaultMetadataHandler@3bbfdfde, http://www.dbunit.org/properties/datatypeFactory=org.dbunit.dataset.datatype.DefaultDataTypeFactory[_toleratedDeltaMap=org.dbunit.dataset.datatype.ToleratedDeltaMap@6452310a], http://www.dbunit.org/properties/escapePattern=null, http://www.dbunit.org/properties/batchSize=100, http://www.dbunit.org/features/qualifiedTableNames=false, http://www.dbunit.org/properties/tableType=[Ljava.lang.String;@5011bafa, http://www.dbunit.org/properties/resultSetTableFactory=org.dbunit.database.CachedResultSetTableFactory@10bcf083, http://www.dbunit.org/features/datatypeWarning=true}]) - start
146174 [main] TRACE org.dbunit.database.DatabaseConfig  - getFeature(name=http://www.dbunit.org/features/qualifiedTableNames) - start
146175 [main] TRACE org.dbunit.database.DatabaseConfig  - getProperty(name=http://www.dbunit.org/features/qualifiedTableNames) - start
146175 [main] DEBUG org.dbunit.util.QualifiedTableName  - Qualified table names feature is disabled. Returning plain table name
146175 [main] DEBUG org.dbunit.util.QualifiedTableName  - getQualifiedName(prefix=null, name=SCOPEDCONTENT, escapePattern=null) - start
146175 [main] DEBUG org.dbunit.util.QualifiedTableName  - getQualifiedNameIfEnabled(config=org.dbunit.database.DatabaseConfig[, _propertyMap={http://www.dbunit.org/properties/statementFactory=org.dbunit.database.statement.PreparedStatementFactory@626bc2b8, http://www.dbunit.org/features/caseSensitiveTableNames=false, http://www.dbunit.org/properties/fetchSize=100, http://www.dbunit.org/features/batchedStatements=false, http://www.dbunit.org/properties/metadataHandler=org.dbunit.database.DefaultMetadataHandler@3bbfdfde, http://www.dbunit.org/properties/datatypeFactory=org.dbunit.dataset.datatype.DefaultDataTypeFactory[_toleratedDeltaMap=org.dbunit.dataset.datatype.ToleratedDeltaMap@6452310a], http://www.dbunit.org/properties/escapePattern=null, http://www.dbunit.org/properties/batchSize=100, http://www.dbunit.org/features/qualifiedTableNames=false, http://www.dbunit.org/properties/tableType=[Ljava.lang.String;@5011bafa, http://www.dbunit.org/properties/resultSetTableFactory=org.dbunit.database.CachedResultSetTableFactory@10bcf083, http://www.dbunit.org/features/datatypeWarning=true}]) - start
146175 [main] TRACE org.dbunit.database.DatabaseConfig  - getFeature(name=http://www.dbunit.org/features/qualifiedTableNames) - start
146175 [main] TRACE org.dbunit.database.DatabaseConfig  - getProperty(name=http://www.dbunit.org/features/qualifiedTableNames) - start
146175 [main] DEBUG org.dbunit.util.QualifiedTableName  - Qualified table names feature is disabled. Returning plain table name
146175 [main] DEBUG org.dbunit.util.QualifiedTableName  - getQualifiedName(prefix=null, name=SCOPEDCONTENT_SCOPEDCONTENTITEM, escapePattern=null) - start
146175 [main] DEBUG org.dbunit.database.search.AbstractMetaDataBasedSearchCallback  - newEdge(rs=org.apache.commons.dbcp.DelegatingResultSet@3e5001a3, type=1, from=SCOPEDCONTENT, to=SCOPEDCONTENT_SCOPEDCONTENTITEM, fkColumn=SCOPED_CONTENT_ITEM_ID, pkColumn=ID) - start
146175 [main] DEBUG org.dbunit.database.search.AbstractMetaDataBasedSearchCallback  - createFKEdge(rs=org.apache.commons.dbcp.DelegatingResultSet@3e5001a3, type=1, from=SCOPEDCONTENT, to=SCOPEDCONTENT_SCOPEDCONTENTITEM, fkColumn=SCOPED_CONTENT_ITEM_ID, pkColumn=ID) - start
146175 [main] DEBUG org.dbunit.database.search.AbstractMetaDataBasedSearchCallback  - Adding edge SCOPEDCONTENT_SCOPEDCONTENTITEM(SCOPED_CONTENT_ITEM_ID)->SCOPEDCONTENT(ID)
146175 [main] DEBUG org.dbunit.util.search.Edge  - compareTo(o=SCOPEDCONTENTCONDITIONS_SCOPEDCONTENT(SCOPED_CONTENT_ID)->SCOPEDCONTENT(ID)) - start
146176 [main] DEBUG org.dbunit.util.SQLHelper  - close(resultSet=org.apache.commons.dbcp.DelegatingResultSet@3e5001a3) - start
146176 [main] DEBUG org.dbunit.util.search.DepthFirstSearch  - search:SCOPEDCONTENT
146176 [main] DEBUG org.dbunit.util.search.DepthFirstSearch  - already searched; returning true
146176 [main] DEBUG org.dbunit.util.search.DepthFirstSearch  - search:SCOPEDCONTENT
146176 [main] DEBUG org.dbunit.util.search.DepthFirstSearch  - already searched; returning true
146176 [main] DEBUG org.dbunit.util.search.DepthFirstSearch  - Adding node SCOPEDCONTENT to the final result
146176 [main] DEBUG org.dbunit.util.search.DepthFirstSearch  - search:SCOPE_REQUESTCONTEXT
146176 [main] DEBUG org.dbunit.database.search.ExportedKeysSearchCallback  - searchNode(node=SCOPE_REQUESTCONTEXT) - start
146176 [main] DEBUG org.dbunit.util.search.DepthFirstSearch  - Pushing SCOPE_REQUESTCONTEXT
146176 [main] DEBUG org.dbunit.database.search.ExportedKeysSearchCallback  - getEdges(node=SCOPE_REQUESTCONTEXT) - start
146176 [main] DEBUG org.dbunit.database.search.AbstractMetaDataBasedSearchCallback  - getNodesFromExportedKeys(node=SCOPE_REQUESTCONTEXT) - start
146176 [main] DEBUG org.dbunit.database.search.AbstractMetaDataBasedSearchCallback  - getNodes(type=1, node=SCOPE_REQUESTCONTEXT) - start
146176 [main] DEBUG org.dbunit.database.DatabaseDataSourceConnection  - getConnection() - start
146177 [main] DEBUG org.dbunit.database.search.AbstractMetaDataBasedSearchCallback  - getNodes(type=1, node=SCOPE_REQUESTCONTEXT, conn=Transaction-aware proxy for target Connection [jdbc:hsqldb:mem:kontrollDS, UserName=sw, HSQL Database Engine Driver], schema=null, metaData=org.apache.commons.dbcp.DelegatingDatabaseMetaData@769b944a, edges=[]) - start
146177 [main] DEBUG org.dbunit.database.search.AbstractMetaDataBasedSearchCallback  - Getting edges for node SCOPE_REQUESTCONTEXT
146177 [main] TRACE org.dbunit.database.DatabaseConfig  - getProperty(name=http://www.dbunit.org/properties/metadataHandler) - start
146177 [main] TRACE org.dbunit.database.DefaultMetadataHandler  - tableExists(metaData=org.apache.commons.dbcp.DelegatingDatabaseMetaData@769b944a, schemaName=null, tableName=SCOPE_REQUESTCONTEXT) - start
146178 [main] DEBUG org.dbunit.util.SQLHelper  - close(resultSet=org.apache.commons.dbcp.DelegatingResultSet@d8552ed) - start
146178 [main] DEBUG org.dbunit.util.SQLHelper  - close(resultSet=org.apache.commons.dbcp.DelegatingResultSet@13320e9b) - start
146178 [main] DEBUG org.dbunit.util.search.DepthFirstSearch  - Adding node SCOPE_REQUESTCONTEXT to the final result
146178 [main] DEBUG org.dbunit.util.search.DepthFirstSearch  - search:SCOPE
146178 [main] DEBUG org.dbunit.database.search.ExportedKeysSearchCallback  - searchNode(node=SCOPE) - start
146178 [main] DEBUG org.dbunit.util.search.DepthFirstSearch  - Pushing SCOPE
146179 [main] DEBUG org.dbunit.database.search.ExportedKeysSearchCallback  - getEdges(node=SCOPE) - start
146179 [main] DEBUG org.dbunit.database.search.AbstractMetaDataBasedSearchCallback  - getNodesFromExportedKeys(node=SCOPE) - start
146179 [main] DEBUG org.dbunit.database.search.AbstractMetaDataBasedSearchCallback  - getNodes(type=1, node=SCOPE) - start
146179 [main] DEBUG org.dbunit.database.DatabaseDataSourceConnection  - getConnection() - start
146179 [main] DEBUG org.dbunit.database.search.AbstractMetaDataBasedSearchCallback  - getNodes(type=1, node=SCOPE, conn=Transaction-aware proxy for target Connection [jdbc:hsqldb:mem:kontrollDS, UserName=sw, HSQL Database Engine Driver], schema=null, metaData=org.apache.commons.dbcp.DelegatingDatabaseMetaData@3b5cebf5, edges=[]) - start
146179 [main] DEBUG org.dbunit.database.search.AbstractMetaDataBasedSearchCallback  - Getting edges for node SCOPE
146179 [main] TRACE org.dbunit.database.DatabaseConfig  - getProperty(name=http://www.dbunit.org/properties/metadataHandler) - start
146179 [main] TRACE org.dbunit.database.DefaultMetadataHandler  - tableExists(metaData=org.apache.commons.dbcp.DelegatingDatabaseMetaData@3b5cebf5, schemaName=null, tableName=SCOPE) - start
146180 [main] DEBUG org.dbunit.util.SQLHelper  - close(resultSet=org.apache.commons.dbcp.DelegatingResultSet@68c9bd4) - start
146180 [main] DEBUG org.dbunit.util.QualifiedTableName  - getQualifiedNameIfEnabled(config=org.dbunit.database.DatabaseConfig[, _propertyMap={http://www.dbunit.org/properties/statementFactory=org.dbunit.database.statement.PreparedStatementFactory@626bc2b8, http://www.dbunit.org/features/caseSensitiveTableNames=false, http://www.dbunit.org/properties/fetchSize=100, http://www.dbunit.org/features/batchedStatements=false, http://www.dbunit.org/properties/metadataHandler=org.dbunit.database.DefaultMetadataHandler@3bbfdfde, http://www.dbunit.org/properties/datatypeFactory=org.dbunit.dataset.datatype.DefaultDataTypeFactory[_toleratedDeltaMap=org.dbunit.dataset.datatype.ToleratedDeltaMap@6452310a], http://www.dbunit.org/properties/escapePattern=null, http://www.dbunit.org/properties/batchSize=100, http://www.dbunit.org/features/qualifiedTableNames=false, http://www.dbunit.org/properties/tableType=[Ljava.lang.String;@5011bafa, http://www.dbunit.org/properties/resultSetTableFactory=org.dbunit.database.CachedResultSetTableFactory@10bcf083, http://www.dbunit.org/features/datatypeWarning=true}]) - start
146180 [main] TRACE org.dbunit.database.DatabaseConfig  - getFeature(name=http://www.dbunit.org/features/qualifiedTableNames) - start
146181 [main] TRACE org.dbunit.database.DatabaseConfig  - getProperty(name=http://www.dbunit.org/features/qualifiedTableNames) - start
146181 [main] DEBUG org.dbunit.util.QualifiedTableName  - Qualified table names feature is disabled. Returning plain table name
146181 [main] DEBUG org.dbunit.util.QualifiedTableName  - getQualifiedName(prefix=null, name=SCOPE, escapePattern=null) - start
146182 [main] DEBUG org.dbunit.util.QualifiedTableName  - getQualifiedNameIfEnabled(config=org.dbunit.database.DatabaseConfig[, _propertyMap={http://www.dbunit.org/properties/statementFactory=org.dbunit.database.statement.PreparedStatementFactory@626bc2b8, http://www.dbunit.org/features/caseSensitiveTableNames=false, http://www.dbunit.org/properties/fetchSize=100, http://www.dbunit.org/features/batchedStatements=false, http://www.dbunit.org/properties/metadataHandler=org.dbunit.database.DefaultMetadataHandler@3bbfdfde, http://www.dbunit.org/properties/datatypeFactory=org.dbunit.dataset.datatype.DefaultDataTypeFactory[_toleratedDeltaMap=org.dbunit.dataset.datatype.ToleratedDeltaMap@6452310a], http://www.dbunit.org/properties/escapePattern=null, http://www.dbunit.org/properties/batchSize=100, http://www.dbunit.org/features/qualifiedTableNames=false, http://www.dbunit.org/properties/tableType=[Ljava.lang.String;@5011bafa, http://www.dbunit.org/properties/resultSetTableFactory=org.dbunit.database.CachedResultSetTableFactory@10bcf083, http://www.dbunit.org/features/datatypeWarning=true}]) - start
146182 [main] TRACE org.dbunit.database.DatabaseConfig  - getFeature(name=http://www.dbunit.org/features/qualifiedTableNames) - start
146182 [main] TRACE org.dbunit.database.DatabaseConfig  - getProperty(name=http://www.dbunit.org/features/qualifiedTableNames) - start
146182 [main] DEBUG org.dbunit.util.QualifiedTableName  - Qualified table names feature is disabled. Returning plain table name
146182 [main] DEBUG org.dbunit.util.QualifiedTableName  - getQualifiedName(prefix=null, name=SCOPE_REQUESTCONTEXT, escapePattern=null) - start
146182 [main] DEBUG org.dbunit.database.search.AbstractMetaDataBasedSearchCallback  - newEdge(rs=org.apache.commons.dbcp.DelegatingResultSet@9c14427, type=1, from=SCOPE, to=SCOPE_REQUESTCONTEXT, fkColumn=SCOPE_ID, pkColumn=ID) - start
146182 [main] DEBUG org.dbunit.database.search.AbstractMetaDataBasedSearchCallback  - createFKEdge(rs=org.apache.commons.dbcp.DelegatingResultSet@9c14427, type=1, from=SCOPE, to=SCOPE_REQUESTCONTEXT, fkColumn=SCOPE_ID, pkColumn=ID) - start
146182 [main] DEBUG org.dbunit.database.search.AbstractMetaDataBasedSearchCallback  - Adding edge SCOPE_REQUESTCONTEXT(SCOPE_ID)->SCOPE(ID)
146183 [main] DEBUG org.dbunit.util.search.Edge  - compareTo(o=SCOPE_REQUESTCONTEXT(SCOPE_ID)->SCOPE(ID)) - start
146183 [main] DEBUG org.dbunit.util.QualifiedTableName  - getQualifiedNameIfEnabled(config=org.dbunit.database.DatabaseConfig[, _propertyMap={http://www.dbunit.org/properties/statementFactory=org.dbunit.database.statement.PreparedStatementFactory@626bc2b8, http://www.dbunit.org/features/caseSensitiveTableNames=false, http://www.dbunit.org/properties/fetchSize=100, http://www.dbunit.org/features/batchedStatements=false, http://www.dbunit.org/properties/metadataHandler=org.dbunit.database.DefaultMetadataHandler@3bbfdfde, http://www.dbunit.org/properties/datatypeFactory=org.dbunit.dataset.datatype.DefaultDataTypeFactory[_toleratedDeltaMap=org.dbunit.dataset.datatype.ToleratedDeltaMap@6452310a], http://www.dbunit.org/properties/escapePattern=null, http://www.dbunit.org/properties/batchSize=100, http://www.dbunit.org/features/qualifiedTableNames=false, http://www.dbunit.org/properties/tableType=[Ljava.lang.String;@5011bafa, http://www.dbunit.org/properties/resultSetTableFactory=org.dbunit.database.CachedResultSetTableFactory@10bcf083, http://www.dbunit.org/features/datatypeWarning=true}]) - start
146183 [main] TRACE org.dbunit.database.DatabaseConfig  - getFeature(name=http://www.dbunit.org/features/qualifiedTableNames) - start
146183 [main] TRACE org.dbunit.database.DatabaseConfig  - getProperty(name=http://www.dbunit.org/features/qualifiedTableNames) - start
146183 [main] DEBUG org.dbunit.util.QualifiedTableName  - Qualified table names feature is disabled. Returning plain table name
146183 [main] DEBUG org.dbunit.util.QualifiedTableName  - getQualifiedName(prefix=null, name=SCOPE, escapePattern=null) - start
146183 [main] DEBUG org.dbunit.util.QualifiedTableName  - getQualifiedNameIfEnabled(config=org.dbunit.database.DatabaseConfig[, _propertyMap={http://www.dbunit.org/properties/statementFactory=org.dbunit.database.statement.PreparedStatementFactory@626bc2b8, http://www.dbunit.org/features/caseSensitiveTableNames=false, http://www.dbunit.org/properties/fetchSize=100, http://www.dbunit.org/features/batchedStatements=false, http://www.dbunit.org/properties/metadataHandler=org.dbunit.database.DefaultMetadataHandler@3bbfdfde, http://www.dbunit.org/properties/datatypeFactory=org.dbunit.dataset.datatype.DefaultDataTypeFactory[_toleratedDeltaMap=org.dbunit.dataset.datatype.ToleratedDeltaMap@6452310a], http://www.dbunit.org/properties/escapePattern=null, http://www.dbunit.org/properties/batchSize=100, http://www.dbunit.org/features/qualifiedTableNames=false, http://www.dbunit.org/properties/tableType=[Ljava.lang.String;@5011bafa, http://www.dbunit.org/properties/resultSetTableFactory=org.dbunit.database.CachedResultSetTableFactory@10bcf083, http://www.dbunit.org/features/datatypeWarning=true}]) - start
146183 [main] TRACE org.dbunit.database.DatabaseConfig  - getFeature(name=http://www.dbunit.org/features/qualifiedTableNames) - start
146183 [main] TRACE org.dbunit.database.DatabaseConfig  - getProperty(name=http://www.dbunit.org/features/qualifiedTableNames) - start
146183 [main] DEBUG org.dbunit.util.QualifiedTableName  - Qualified table names feature is disabled. Returning plain table name
146183 [main] DEBUG org.dbunit.util.QualifiedTableName  - getQualifiedName(prefix=null, name=SCOPEDCONTENT, escapePattern=null) - start
146183 [main] DEBUG org.dbunit.database.search.AbstractMetaDataBasedSearchCallback  - newEdge(rs=org.apache.commons.dbcp.DelegatingResultSet@9c14427, type=1, from=SCOPE, to=SCOPEDCONTENT, fkColumn=SCOPE, pkColumn=ID) - start
146184 [main] DEBUG org.dbunit.database.search.AbstractMetaDataBasedSearchCallback  - createFKEdge(rs=org.apache.commons.dbcp.DelegatingResultSet@9c14427, type=1, from=SCOPE, to=SCOPEDCONTENT, fkColumn=SCOPE, pkColumn=ID) - start
146184 [main] DEBUG org.dbunit.database.search.AbstractMetaDataBasedSearchCallback  - Adding edge SCOPEDCONTENT(SCOPE)->SCOPE(ID)
146184 [main] DEBUG org.dbunit.util.search.Edge  - compareTo(o=SCOPE_REQUESTCONTEXT(SCOPE_ID)->SCOPE(ID)) - start
146184 [main] DEBUG org.dbunit.util.SQLHelper  - close(resultSet=org.apache.commons.dbcp.DelegatingResultSet@9c14427) - start
146184 [main] DEBUG org.dbunit.util.search.DepthFirstSearch  - search:SCOPE
146184 [main] DEBUG org.dbunit.util.search.DepthFirstSearch  - already searched; returning true
146184 [main] DEBUG org.dbunit.util.search.DepthFirstSearch  - search:SCOPE
146184 [main] DEBUG org.dbunit.util.search.DepthFirstSearch  - already searched; returning true
146184 [main] DEBUG org.dbunit.util.search.DepthFirstSearch  - Adding node SCOPE to the final result
146184 [main] DEBUG org.dbunit.database.search.TablesDependencyHelper  - getDirectDependentTables(connection=_databaseConfig=org.dbunit.database.DatabaseConfig[, _propertyMap={http://www.dbunit.org/properties/statementFactory=org.dbunit.database.statement.PreparedStatementFactory@626bc2b8, http://www.dbunit.org/features/caseSensitiveTableNames=false, http://www.dbunit.org/properties/fetchSize=100, http://www.dbunit.org/features/batchedStatements=false, http://www.dbunit.org/properties/metadataHandler=org.dbunit.database.DefaultMetadataHandler@3bbfdfde, http://www.dbunit.org/properties/datatypeFactory=org.dbunit.dataset.datatype.DefaultDataTypeFactory[_toleratedDeltaMap=org.dbunit.dataset.datatype.ToleratedDeltaMap@6452310a], http://www.dbunit.org/properties/escapePattern=null, http://www.dbunit.org/properties/batchSize=100, http://www.dbunit.org/features/qualifiedTableNames=false, http://www.dbunit.org/properties/tableType=[Ljava.lang.String;@5011bafa, http://www.dbunit.org/properties/resultSetTableFactory=org.dbunit.database.CachedResultSetTableFactory@10bcf083, http://www.dbunit.org/features/datatypeWarning=true}], _dataSet=AbstractDataSet[_orderedTableNameMap=null], tableName=SCOPE) - start
146184 [main] DEBUG org.dbunit.util.search.DepthFirstSearch  - search(nodesFrom=[SCOPE], callback=org.dbunit.database.search.ImportedKeysSearchCallback@62447ad7) - start
146184 [main] DEBUG org.dbunit.util.CollectionsHelper  - objectsToSet(objects=SCOPE) - start
146185 [main] DEBUG org.dbunit.util.search.DepthFirstSearch  - search(nodesFrom=[SCOPE], callback=org.dbunit.database.search.ImportedKeysSearchCallback@62447ad7) - start
146185 [main] DEBUG org.dbunit.util.search.DepthFirstSearch  - reverseSearch:SCOPE
146185 [main] DEBUG org.dbunit.database.search.ImportedKeysSearchCallback  - searchNode(node=SCOPE) - start
146185 [main] DEBUG org.dbunit.util.search.DepthFirstSearch  - Pushing (reverse) SCOPE
146185 [main] DEBUG org.dbunit.database.search.ImportedKeysSearchCallback  - getEdges(node=SCOPE) - start
146185 [main] DEBUG org.dbunit.database.search.AbstractMetaDataBasedSearchCallback  - getNodesFromImportedKeys(node=SCOPE) - start
146185 [main] DEBUG org.dbunit.database.search.AbstractMetaDataBasedSearchCallback  - getNodes(type=0, node=SCOPE) - start
146185 [main] DEBUG org.dbunit.database.DatabaseDataSourceConnection  - getConnection() - start
146185 [main] DEBUG org.dbunit.database.search.AbstractMetaDataBasedSearchCallback  - getNodes(type=0, node=SCOPE, conn=Transaction-aware proxy for target Connection [jdbc:hsqldb:mem:kontrollDS, UserName=sw, HSQL Database Engine Driver], schema=null, metaData=org.apache.commons.dbcp.DelegatingDatabaseMetaData@7ddceba7, edges=[]) - start
146185 [main] DEBUG org.dbunit.database.search.AbstractMetaDataBasedSearchCallback  - Getting edges for node SCOPE
146185 [main] TRACE org.dbunit.database.DatabaseConfig  - getProperty(name=http://www.dbunit.org/properties/metadataHandler) - start
146185 [main] TRACE org.dbunit.database.DefaultMetadataHandler  - tableExists(metaData=org.apache.commons.dbcp.DelegatingDatabaseMetaData@7ddceba7, schemaName=null, tableName=SCOPE) - start
146187 [main] DEBUG org.dbunit.util.SQLHelper  - close(resultSet=org.apache.commons.dbcp.DelegatingResultSet@885f2fb) - start
146187 [main] DEBUG org.dbunit.util.SQLHelper  - close(resultSet=org.apache.commons.dbcp.DelegatingResultSet@2e179e89) - start
146187 [main] DEBUG org.dbunit.util.search.DepthFirstSearch  - search:SCOPE
146187 [main] DEBUG org.dbunit.database.search.ImportedKeysSearchCallback  - searchNode(node=SCOPE) - start
146187 [main] DEBUG org.dbunit.util.search.DepthFirstSearch  - Pushing SCOPE
146187 [main] DEBUG org.dbunit.database.search.ImportedKeysSearchCallback  - getEdges(node=SCOPE) - start
146187 [main] DEBUG org.dbunit.database.search.AbstractMetaDataBasedSearchCallback  - getNodesFromImportedKeys(node=SCOPE) - start
146187 [main] DEBUG org.dbunit.database.search.AbstractMetaDataBasedSearchCallback  - getNodes(type=0, node=SCOPE) - start
146187 [main] DEBUG org.dbunit.database.DatabaseDataSourceConnection  - getConnection() - start
146187 [main] DEBUG org.dbunit.database.search.AbstractMetaDataBasedSearchCallback  - getNodes(type=0, node=SCOPE, conn=Transaction-aware proxy for target Connection [jdbc:hsqldb:mem:kontrollDS, UserName=sw, HSQL Database Engine Driver], schema=null, metaData=org.apache.commons.dbcp.DelegatingDatabaseMetaData@10a94c03, edges=[]) - start
146188 [main] DEBUG org.dbunit.database.search.AbstractMetaDataBasedSearchCallback  - Getting edges for node SCOPE
146188 [main] TRACE org.dbunit.database.DatabaseConfig  - getProperty(name=http://www.dbunit.org/properties/metadataHandler) - start
146188 [main] TRACE org.dbunit.database.DefaultMetadataHandler  - tableExists(metaData=org.apache.commons.dbcp.DelegatingDatabaseMetaData@10a94c03, schemaName=null, tableName=SCOPE) - start
146189 [main] DEBUG org.dbunit.util.SQLHelper  - close(resultSet=org.apache.commons.dbcp.DelegatingResultSet@474c490a) - start
146189 [main] DEBUG org.dbunit.util.SQLHelper  - close(resultSet=org.apache.commons.dbcp.DelegatingResultSet@1f19e3ea) - start
146189 [main] DEBUG org.dbunit.util.search.DepthFirstSearch  - Adding node SCOPE to the final result
146189 [main] DEBUG org.dbunit.database.DatabaseSequenceFilter  - getDependencyInfo(connection=_databaseConfig=org.dbunit.database.DatabaseConfig[, _propertyMap={http://www.dbunit.org/properties/statementFactory=org.dbunit.database.statement.PreparedStatementFactory@626bc2b8, http://www.dbunit.org/features/caseSensitiveTableNames=false, http://www.dbunit.org/properties/fetchSize=100, http://www.dbunit.org/features/batchedStatements=false, http://www.dbunit.org/properties/metadataHandler=org.dbunit.database.DefaultMetadataHandler@3bbfdfde, http://www.dbunit.org/properties/datatypeFactory=org.dbunit.dataset.datatype.DefaultDataTypeFactory[_toleratedDeltaMap=org.dbunit.dataset.datatype.ToleratedDeltaMap@6452310a], http://www.dbunit.org/properties/escapePattern=null, http://www.dbunit.org/properties/batchSize=100, http://www.dbunit.org/features/qualifiedTableNames=false, http://www.dbunit.org/properties/tableType=[Ljava.lang.String;@5011bafa, http://www.dbunit.org/properties/resultSetTableFactory=org.dbunit.database.CachedResultSetTableFactory@10bcf083, http://www.dbunit.org/features/datatypeWarning=true}], _dataSet=AbstractDataSet[_orderedTableNameMap=null], tableName=SCOPEDCONTENT) - start
146189 [main] DEBUG org.dbunit.database.search.TablesDependencyHelper  - getDependentTables(connection=_databaseConfig=org.dbunit.database.DatabaseConfig[, _propertyMap={http://www.dbunit.org/properties/statementFactory=org.dbunit.database.statement.PreparedStatementFactory@626bc2b8, http://www.dbunit.org/features/caseSensitiveTableNames=false, http://www.dbunit.org/properties/fetchSize=100, http://www.dbunit.org/features/batchedStatements=false, http://www.dbunit.org/properties/metadataHandler=org.dbunit.database.DefaultMetadataHandler@3bbfdfde, http://www.dbunit.org/properties/datatypeFactory=org.dbunit.dataset.datatype.DefaultDataTypeFactory[_toleratedDeltaMap=org.dbunit.dataset.datatype.ToleratedDeltaMap@6452310a], http://www.dbunit.org/properties/escapePattern=null, http://www.dbunit.org/properties/batchSize=100, http://www.dbunit.org/features/qualifiedTableNames=false, http://www.dbunit.org/properties/tableType=[Ljava.lang.String;@5011bafa, http://www.dbunit.org/properties/resultSetTableFactory=org.dbunit.database.CachedResultSetTableFactory@10bcf083, http://www.dbunit.org/features/datatypeWarning=true}], _dataSet=AbstractDataSet[_orderedTableNameMap=null], rootTable=SCOPEDCONTENT) - start
146189 [main] DEBUG org.dbunit.database.search.TablesDependencyHelper  - getDependentTables(connection=_databaseConfig=org.dbunit.database.DatabaseConfig[, _propertyMap={http://www.dbunit.org/properties/statementFactory=org.dbunit.database.statement.PreparedStatementFactory@626bc2b8, http://www.dbunit.org/features/caseSensitiveTableNames=false, http://www.dbunit.org/properties/fetchSize=100, http://www.dbunit.org/features/batchedStatements=false, http://www.dbunit.org/properties/metadataHandler=org.dbunit.database.DefaultMetadataHandler@3bbfdfde, http://www.dbunit.org/properties/datatypeFactory=org.dbunit.dataset.datatype.DefaultDataTypeFactory[_toleratedDeltaMap=org.dbunit.dataset.datatype.ToleratedDeltaMap@6452310a], http://www.dbunit.org/properties/escapePattern=null, http://www.dbunit.org/properties/batchSize=100, http://www.dbunit.org/features/qualifiedTableNames=false, http://www.dbunit.org/properties/tableType=[Ljava.lang.String;@5011bafa, http://www.dbunit.org/properties/resultSetTableFactory=org.dbunit.database.CachedResultSetTableFactory@10bcf083, http://www.dbunit.org/features/datatypeWarning=true}], _dataSet=AbstractDataSet[_orderedTableNameMap=null], rootTables=[SCOPEDCONTENT]) - start
146190 [main] DEBUG org.dbunit.util.search.DepthFirstSearch  - search(nodesFrom=[SCOPEDCONTENT], callback=org.dbunit.database.search.ImportedKeysSearchCallback@4eb5dd62) - start
146190 [main] DEBUG org.dbunit.util.CollectionsHelper  - objectsToSet(objects=SCOPEDCONTENT) - start
146190 [main] DEBUG org.dbunit.util.search.DepthFirstSearch  - search(nodesFrom=[SCOPEDCONTENT], callback=org.dbunit.database.search.ImportedKeysSearchCallback@4eb5dd62) - start
146190 [main] DEBUG org.dbunit.util.search.DepthFirstSearch  - reverseSearch:SCOPEDCONTENT
146190 [main] DEBUG org.dbunit.database.search.ImportedKeysSearchCallback  - searchNode(node=SCOPEDCONTENT) - start
146190 [main] DEBUG org.dbunit.util.search.DepthFirstSearch  - Pushing (reverse) SCOPEDCONTENT
146190 [main] DEBUG org.dbunit.database.search.ImportedKeysSearchCallback  - getEdges(node=SCOPEDCONTENT) - start
146190 [main] DEBUG org.dbunit.database.search.AbstractMetaDataBasedSearchCallback  - getNodesFromImportedKeys(node=SCOPEDCONTENT) - start
146190 [main] DEBUG org.dbunit.database.search.AbstractMetaDataBasedSearchCallback  - getNodes(type=0, node=SCOPEDCONTENT) - start
146190 [main] DEBUG org.dbunit.database.DatabaseDataSourceConnection  - getConnection() - start
146190 [main] DEBUG org.dbunit.database.search.AbstractMetaDataBasedSearchCallback  - getNodes(type=0, node=SCOPEDCONTENT, conn=Transaction-aware proxy for target Connection [jdbc:hsqldb:mem:kontrollDS, UserName=sw, HSQL Database Engine Driver], schema=null, metaData=org.apache.commons.dbcp.DelegatingDatabaseMetaData@5d9754d, edges=[]) - start
146190 [main] DEBUG org.dbunit.database.search.AbstractMetaDataBasedSearchCallback  - Getting edges for node SCOPEDCONTENT
146190 [main] TRACE org.dbunit.database.DatabaseConfig  - getProperty(name=http://www.dbunit.org/properties/metadataHandler) - start
146190 [main] TRACE org.dbunit.database.DefaultMetadataHandler  - tableExists(metaData=org.apache.commons.dbcp.DelegatingDatabaseMetaData@5d9754d, schemaName=null, tableName=SCOPEDCONTENT) - start
146191 [main] DEBUG org.dbunit.util.SQLHelper  - close(resultSet=org.apache.commons.dbcp.DelegatingResultSet@256dd868) - start
146191 [main] DEBUG org.dbunit.util.QualifiedTableName  - getQualifiedNameIfEnabled(config=org.dbunit.database.DatabaseConfig[, _propertyMap={http://www.dbunit.org/properties/statementFactory=org.dbunit.database.statement.PreparedStatementFactory@626bc2b8, http://www.dbunit.org/features/caseSensitiveTableNames=false, http://www.dbunit.org/properties/fetchSize=100, http://www.dbunit.org/features/batchedStatements=false, http://www.dbunit.org/properties/metadataHandler=org.dbunit.database.DefaultMetadataHandler@3bbfdfde, http://www.dbunit.org/properties/datatypeFactory=org.dbunit.dataset.datatype.DefaultDataTypeFactory[_toleratedDeltaMap=org.dbunit.dataset.datatype.ToleratedDeltaMap@6452310a], http://www.dbunit.org/properties/escapePattern=null, http://www.dbunit.org/properties/batchSize=100, http://www.dbunit.org/features/qualifiedTableNames=false, http://www.dbunit.org/properties/tableType=[Ljava.lang.String;@5011bafa, http://www.dbunit.org/properties/resultSetTableFactory=org.dbunit.database.CachedResultSetTableFactory@10bcf083, http://www.dbunit.org/features/datatypeWarning=true}]) - start
146191 [main] TRACE org.dbunit.database.DatabaseConfig  - getFeature(name=http://www.dbunit.org/features/qualifiedTableNames) - start
146191 [main] TRACE org.dbunit.database.DatabaseConfig  - getProperty(name=http://www.dbunit.org/features/qualifiedTableNames) - start
146191 [main] DEBUG org.dbunit.util.QualifiedTableName  - Qualified table names feature is disabled. Returning plain table name
146191 [main] DEBUG org.dbunit.util.QualifiedTableName  - getQualifiedName(prefix=null, name=SCOPEDCONTENT, escapePattern=null) - start
146191 [main] DEBUG org.dbunit.util.QualifiedTableName  - getQualifiedNameIfEnabled(config=org.dbunit.database.DatabaseConfig[, _propertyMap={http://www.dbunit.org/properties/statementFactory=org.dbunit.database.statement.PreparedStatementFactory@626bc2b8, http://www.dbunit.org/features/caseSensitiveTableNames=false, http://www.dbunit.org/properties/fetchSize=100, http://www.dbunit.org/features/batchedStatements=false, http://www.dbunit.org/properties/metadataHandler=org.dbunit.database.DefaultMetadataHandler@3bbfdfde, http://www.dbunit.org/properties/datatypeFactory=org.dbunit.dataset.datatype.DefaultDataTypeFactory[_toleratedDeltaMap=org.dbunit.dataset.datatype.ToleratedDeltaMap@6452310a], http://www.dbunit.org/properties/escapePattern=null, http://www.dbunit.org/properties/batchSize=100, http://www.dbunit.org/features/qualifiedTableNames=false, http://www.dbunit.org/properties/tableType=[Ljava.lang.String;@5011bafa, http://www.dbunit.org/properties/resultSetTableFactory=org.dbunit.database.CachedResultSetTableFactory@10bcf083, http://www.dbunit.org/features/datatypeWarning=true}]) - start
146191 [main] TRACE org.dbunit.database.DatabaseConfig  - getFeature(name=http://www.dbunit.org/features/qualifiedTableNames) - start
146191 [main] TRACE org.dbunit.database.DatabaseConfig  - getProperty(name=http://www.dbunit.org/features/qualifiedTableNames) - start
146191 [main] DEBUG org.dbunit.util.QualifiedTableName  - Qualified table names feature is disabled. Returning plain table name
146191 [main] DEBUG org.dbunit.util.QualifiedTableName  - getQualifiedName(prefix=null, name=SCOPE, escapePattern=null) - start
146192 [main] DEBUG org.dbunit.database.search.AbstractMetaDataBasedSearchCallback  - newEdge(rs=org.apache.commons.dbcp.DelegatingResultSet@b4ca9d7, type=0, from=SCOPEDCONTENT, to=SCOPE, fkColumn=SCOPE, pkColumn=ID) - start
146192 [main] DEBUG org.dbunit.database.search.AbstractMetaDataBasedSearchCallback  - createFKEdge(rs=org.apache.commons.dbcp.DelegatingResultSet@b4ca9d7, type=0, from=SCOPEDCONTENT, to=SCOPE, fkColumn=SCOPE, pkColumn=ID) - start
146192 [main] DEBUG org.dbunit.database.search.AbstractMetaDataBasedSearchCallback  - Adding edge SCOPEDCONTENT(SCOPE)->SCOPE(ID)
146192 [main] DEBUG org.dbunit.util.search.Edge  - compareTo(o=SCOPEDCONTENT(SCOPE)->SCOPE(ID)) - start
146192 [main] DEBUG org.dbunit.util.SQLHelper  - close(resultSet=org.apache.commons.dbcp.DelegatingResultSet@b4ca9d7) - start
146192 [main] DEBUG org.dbunit.util.search.DepthFirstSearch  - search:SCOPEDCONTENT
146192 [main] DEBUG org.dbunit.database.search.ImportedKeysSearchCallback  - searchNode(node=SCOPEDCONTENT) - start
146192 [main] DEBUG org.dbunit.util.search.DepthFirstSearch  - Pushing SCOPEDCONTENT
146192 [main] DEBUG org.dbunit.database.search.ImportedKeysSearchCallback  - getEdges(node=SCOPEDCONTENT) - start
146192 [main] DEBUG org.dbunit.database.search.AbstractMetaDataBasedSearchCallback  - getNodesFromImportedKeys(node=SCOPEDCONTENT) - start
146192 [main] DEBUG org.dbunit.database.search.AbstractMetaDataBasedSearchCallback  - getNodes(type=0, node=SCOPEDCONTENT) - start
146192 [main] DEBUG org.dbunit.database.DatabaseDataSourceConnection  - getConnection() - start
146192 [main] DEBUG org.dbunit.database.search.AbstractMetaDataBasedSearchCallback  - getNodes(type=0, node=SCOPEDCONTENT, conn=Transaction-aware proxy for target Connection [jdbc:hsqldb:mem:kontrollDS, UserName=sw, HSQL Database Engine Driver], schema=null, metaData=org.apache.commons.dbcp.DelegatingDatabaseMetaData@5622680c, edges=[]) - start
146192 [main] DEBUG org.dbunit.database.search.AbstractMetaDataBasedSearchCallback  - Getting edges for node SCOPEDCONTENT
146192 [main] TRACE org.dbunit.database.DatabaseConfig  - getProperty(name=http://www.dbunit.org/properties/metadataHandler) - start
146192 [main] TRACE org.dbunit.database.DefaultMetadataHandler  - tableExists(metaData=org.apache.commons.dbcp.DelegatingDatabaseMetaData@5622680c, schemaName=null, tableName=SCOPEDCONTENT) - start
146193 [main] DEBUG org.dbunit.util.SQLHelper  - close(resultSet=org.apache.commons.dbcp.DelegatingResultSet@2753217d) - start
146193 [main] DEBUG org.dbunit.util.QualifiedTableName  - getQualifiedNameIfEnabled(config=org.dbunit.database.DatabaseConfig[, _propertyMap={http://www.dbunit.org/properties/statementFactory=org.dbunit.database.statement.PreparedStatementFactory@626bc2b8, http://www.dbunit.org/features/caseSensitiveTableNames=false, http://www.dbunit.org/properties/fetchSize=100, http://www.dbunit.org/features/batchedStatements=false, http://www.dbunit.org/properties/metadataHandler=org.dbunit.database.DefaultMetadataHandler@3bbfdfde, http://www.dbunit.org/properties/datatypeFactory=org.dbunit.dataset.datatype.DefaultDataTypeFactory[_toleratedDeltaMap=org.dbunit.dataset.datatype.ToleratedDeltaMap@6452310a], http://www.dbunit.org/properties/escapePattern=null, http://www.dbunit.org/properties/batchSize=100, http://www.dbunit.org/features/qualifiedTableNames=false, http://www.dbunit.org/properties/tableType=[Ljava.lang.String;@5011bafa, http://www.dbunit.org/properties/resultSetTableFactory=org.dbunit.database.CachedResultSetTableFactory@10bcf083, http://www.dbunit.org/features/datatypeWarning=true}]) - start
146193 [main] TRACE org.dbunit.database.DatabaseConfig  - getFeature(name=http://www.dbunit.org/features/qualifiedTableNames) - start
146193 [main] TRACE org.dbunit.database.DatabaseConfig  - getProperty(name=http://www.dbunit.org/features/qualifiedTableNames) - start
146193 [main] DEBUG org.dbunit.util.QualifiedTableName  - Qualified table names feature is disabled. Returning plain table name
146193 [main] DEBUG org.dbunit.util.QualifiedTableName  - getQualifiedName(prefix=null, name=SCOPEDCONTENT, escapePattern=null) - start
146193 [main] DEBUG org.dbunit.util.QualifiedTableName  - getQualifiedNameIfEnabled(config=org.dbunit.database.DatabaseConfig[, _propertyMap={http://www.dbunit.org/properties/statementFactory=org.dbunit.database.statement.PreparedStatementFactory@626bc2b8, http://www.dbunit.org/features/caseSensitiveTableNames=false, http://www.dbunit.org/properties/fetchSize=100, http://www.dbunit.org/features/batchedStatements=false, http://www.dbunit.org/properties/metadataHandler=org.dbunit.database.DefaultMetadataHandler@3bbfdfde, http://www.dbunit.org/properties/datatypeFactory=org.dbunit.dataset.datatype.DefaultDataTypeFactory[_toleratedDeltaMap=org.dbunit.dataset.datatype.ToleratedDeltaMap@6452310a], http://www.dbunit.org/properties/escapePattern=null, http://www.dbunit.org/properties/batchSize=100, http://www.dbunit.org/features/qualifiedTableNames=false, http://www.dbunit.org/properties/tableType=[Ljava.lang.String;@5011bafa, http://www.dbunit.org/properties/resultSetTableFactory=org.dbunit.database.CachedResultSetTableFactory@10bcf083, http://www.dbunit.org/features/datatypeWarning=true}]) - start
146194 [main] TRACE org.dbunit.database.DatabaseConfig  - getFeature(name=http://www.dbunit.org/features/qualifiedTableNames) - start
146194 [main] TRACE org.dbunit.database.DatabaseConfig  - getProperty(name=http://www.dbunit.org/features/qualifiedTableNames) - start
146194 [main] DEBUG org.dbunit.util.QualifiedTableName  - Qualified table names feature is disabled. Returning plain table name
146194 [main] DEBUG org.dbunit.util.QualifiedTableName  - getQualifiedName(prefix=null, name=SCOPE, escapePattern=null) - start
146194 [main] DEBUG org.dbunit.database.search.AbstractMetaDataBasedSearchCallback  - newEdge(rs=org.apache.commons.dbcp.DelegatingResultSet@2e830df4, type=0, from=SCOPEDCONTENT, to=SCOPE, fkColumn=SCOPE, pkColumn=ID) - start
146194 [main] DEBUG org.dbunit.database.search.AbstractMetaDataBasedSearchCallback  - createFKEdge(rs=org.apache.commons.dbcp.DelegatingResultSet@2e830df4, type=0, from=SCOPEDCONTENT, to=SCOPE, fkColumn=SCOPE, pkColumn=ID) - start
146194 [main] DEBUG org.dbunit.database.search.AbstractMetaDataBasedSearchCallback  - Adding edge SCOPEDCONTENT(SCOPE)->SCOPE(ID)
146194 [main] DEBUG org.dbunit.util.search.Edge  - compareTo(o=SCOPEDCONTENT(SCOPE)->SCOPE(ID)) - start
146194 [main] DEBUG org.dbunit.util.SQLHelper  - close(resultSet=org.apache.commons.dbcp.DelegatingResultSet@2e830df4) - start
146194 [main] DEBUG org.dbunit.util.search.DepthFirstSearch  - search:SCOPE
146194 [main] DEBUG org.dbunit.database.search.ImportedKeysSearchCallback  - searchNode(node=SCOPE) - start
146194 [main] DEBUG org.dbunit.util.search.DepthFirstSearch  - Pushing SCOPE
146194 [main] DEBUG org.dbunit.database.search.ImportedKeysSearchCallback  - getEdges(node=SCOPE) - start
146194 [main] DEBUG org.dbunit.database.search.AbstractMetaDataBasedSearchCallback  - getNodesFromImportedKeys(node=SCOPE) - start
146194 [main] DEBUG org.dbunit.database.search.AbstractMetaDataBasedSearchCallback  - getNodes(type=0, node=SCOPE) - start
146194 [main] DEBUG org.dbunit.database.DatabaseDataSourceConnection  - getConnection() - start
146194 [main] DEBUG org.dbunit.database.search.AbstractMetaDataBasedSearchCallback  - getNodes(type=0, node=SCOPE, conn=Transaction-aware proxy for target Connection [jdbc:hsqldb:mem:kontrollDS, UserName=sw, HSQL Database Engine Driver], schema=null, metaData=org.apache.commons.dbcp.DelegatingDatabaseMetaData@1e092607, edges=[]) - start
146194 [main] DEBUG org.dbunit.database.search.AbstractMetaDataBasedSearchCallback  - Getting edges for node SCOPE
146195 [main] TRACE org.dbunit.database.DatabaseConfig  - getProperty(name=http://www.dbunit.org/properties/metadataHandler) - start
146195 [main] TRACE org.dbunit.database.DefaultMetadataHandler  - tableExists(metaData=org.apache.commons.dbcp.DelegatingDatabaseMetaData@1e092607, schemaName=null, tableName=SCOPE) - start
146196 [main] DEBUG org.dbunit.util.SQLHelper  - close(resultSet=org.apache.commons.dbcp.DelegatingResultSet@1707cc78) - start
146196 [main] DEBUG org.dbunit.util.SQLHelper  - close(resultSet=org.apache.commons.dbcp.DelegatingResultSet@6202322b) - start
146196 [main] DEBUG org.dbunit.util.search.DepthFirstSearch  - Adding node SCOPE to the final result
146196 [main] DEBUG org.dbunit.util.search.DepthFirstSearch  - Adding node SCOPEDCONTENT to the final result
146196 [main] DEBUG org.dbunit.util.search.DepthFirstSearch  - reverseSearch:SCOPEDCONTENT
146196 [main] DEBUG org.dbunit.util.search.DepthFirstSearch  - already searched; returning true
146196 [main] DEBUG org.dbunit.util.search.DepthFirstSearch  - reverseSearch:SCOPE
146196 [main] DEBUG org.dbunit.database.search.ImportedKeysSearchCallback  - searchNode(node=SCOPE) - start
146196 [main] DEBUG org.dbunit.util.search.DepthFirstSearch  - Pushing (reverse) SCOPE
146196 [main] DEBUG org.dbunit.database.search.ImportedKeysSearchCallback  - getEdges(node=SCOPE) - start
146196 [main] DEBUG org.dbunit.database.search.AbstractMetaDataBasedSearchCallback  - getNodesFromImportedKeys(node=SCOPE) - start
146196 [main] DEBUG org.dbunit.database.search.AbstractMetaDataBasedSearchCallback  - getNodes(type=0, node=SCOPE) - start
146196 [main] DEBUG org.dbunit.database.DatabaseDataSourceConnection  - getConnection() - start
146196 [main] DEBUG org.dbunit.database.search.AbstractMetaDataBasedSearchCallback  - getNodes(type=0, node=SCOPE, conn=Transaction-aware proxy for target Connection [jdbc:hsqldb:mem:kontrollDS, UserName=sw, HSQL Database Engine Driver], schema=null, metaData=org.apache.commons.dbcp.DelegatingDatabaseMetaData@7e2bd751, edges=[]) - start
146196 [main] DEBUG org.dbunit.database.search.AbstractMetaDataBasedSearchCallback  - Getting edges for node SCOPE
146196 [main] TRACE org.dbunit.database.DatabaseConfig  - getProperty(name=http://www.dbunit.org/properties/metadataHandler) - start
146196 [main] TRACE org.dbunit.database.DefaultMetadataHandler  - tableExists(metaData=org.apache.commons.dbcp.DelegatingDatabaseMetaData@7e2bd751, schemaName=null, tableName=SCOPE) - start
146197 [main] DEBUG org.dbunit.util.SQLHelper  - close(resultSet=org.apache.commons.dbcp.DelegatingResultSet@545cb390) - start
146197 [main] DEBUG org.dbunit.util.SQLHelper  - close(resultSet=org.apache.commons.dbcp.DelegatingResultSet@116c72d7) - start
146197 [main] DEBUG org.dbunit.util.search.DepthFirstSearch  - search:SCOPEDCONTENT
146197 [main] DEBUG org.dbunit.util.search.DepthFirstSearch  - already searched; returning true
146197 [main] DEBUG org.dbunit.util.search.DepthFirstSearch  - search:SCOPE
146198 [main] DEBUG org.dbunit.util.search.DepthFirstSearch  - already searched; returning true
146198 [main] DEBUG org.dbunit.util.CollectionsHelper  - setToStrings(set=[SCOPE, SCOPEDCONTENT]) - start
146198 [main] DEBUG org.dbunit.database.search.TablesDependencyHelper  - getDependsOnTables(connection=_databaseConfig=org.dbunit.database.DatabaseConfig[, _propertyMap={http://www.dbunit.org/properties/statementFactory=org.dbunit.database.statement.PreparedStatementFactory@626bc2b8, http://www.dbunit.org/features/caseSensitiveTableNames=false, http://www.dbunit.org/properties/fetchSize=100, http://www.dbunit.org/features/batchedStatements=false, http://www.dbunit.org/properties/metadataHandler=org.dbunit.database.DefaultMetadataHandler@3bbfdfde, http://www.dbunit.org/properties/datatypeFactory=org.dbunit.dataset.datatype.DefaultDataTypeFactory[_toleratedDeltaMap=org.dbunit.dataset.datatype.ToleratedDeltaMap@6452310a], http://www.dbunit.org/properties/escapePattern=null, http://www.dbunit.org/properties/batchSize=100, http://www.dbunit.org/features/qualifiedTableNames=false, http://www.dbunit.org/properties/tableType=[Ljava.lang.String;@5011bafa, http://www.dbunit.org/properties/resultSetTableFactory=org.dbunit.database.CachedResultSetTableFactory@10bcf083, http://www.dbunit.org/features/datatypeWarning=true}], _dataSet=AbstractDataSet[_orderedTableNameMap=null], rootTable=SCOPEDCONTENT) - start
146198 [main] DEBUG org.dbunit.util.search.DepthFirstSearch  - search(nodesFrom=[SCOPEDCONTENT], callback=org.dbunit.database.search.ExportedKeysSearchCallback@6b218a17) - start
146198 [main] DEBUG org.dbunit.util.CollectionsHelper  - objectsToSet(objects=SCOPEDCONTENT) - start
146198 [main] DEBUG org.dbunit.util.search.DepthFirstSearch  - search(nodesFrom=[SCOPEDCONTENT], callback=org.dbunit.database.search.ExportedKeysSearchCallback@6b218a17) - start
146198 [main] DEBUG org.dbunit.util.search.DepthFirstSearch  - reverseSearch:SCOPEDCONTENT
146198 [main] DEBUG org.dbunit.database.search.ExportedKeysSearchCallback  - searchNode(node=SCOPEDCONTENT) - start
146198 [main] DEBUG org.dbunit.util.search.DepthFirstSearch  - Pushing (reverse) SCOPEDCONTENT
146198 [main] DEBUG org.dbunit.database.search.ExportedKeysSearchCallback  - getEdges(node=SCOPEDCONTENT) - start
146198 [main] DEBUG org.dbunit.database.search.AbstractMetaDataBasedSearchCallback  - getNodesFromExportedKeys(node=SCOPEDCONTENT) - start
146198 [main] DEBUG org.dbunit.database.search.AbstractMetaDataBasedSearchCallback  - getNodes(type=1, node=SCOPEDCONTENT) - start
146198 [main] DEBUG org.dbunit.database.DatabaseDataSourceConnection  - getConnection() - start
146198 [main] DEBUG org.dbunit.database.search.AbstractMetaDataBasedSearchCallback  - getNodes(type=1, node=SCOPEDCONTENT, conn=Transaction-aware proxy for target Connection [jdbc:hsqldb:mem:kontrollDS, UserName=sw, HSQL Database Engine Driver], schema=null, metaData=org.apache.commons.dbcp.DelegatingDatabaseMetaData@66f122f3, edges=[]) - start
146198 [main] DEBUG org.dbunit.database.search.AbstractMetaDataBasedSearchCallback  - Getting edges for node SCOPEDCONTENT
146198 [main] TRACE org.dbunit.database.DatabaseConfig  - getProperty(name=http://www.dbunit.org/properties/metadataHandler) - start
146198 [main] TRACE org.dbunit.database.DefaultMetadataHandler  - tableExists(metaData=org.apache.commons.dbcp.DelegatingDatabaseMetaData@66f122f3, schemaName=null, tableName=SCOPEDCONTENT) - start
146199 [main] DEBUG org.dbunit.util.SQLHelper  - close(resultSet=org.apache.commons.dbcp.DelegatingResultSet@7f9963ae) - start
146199 [main] DEBUG org.dbunit.util.QualifiedTableName  - getQualifiedNameIfEnabled(config=org.dbunit.database.DatabaseConfig[, _propertyMap={http://www.dbunit.org/properties/statementFactory=org.dbunit.database.statement.PreparedStatementFactory@626bc2b8, http://www.dbunit.org/features/caseSensitiveTableNames=false, http://www.dbunit.org/properties/fetchSize=100, http://www.dbunit.org/features/batchedStatements=false, http://www.dbunit.org/properties/metadataHandler=org.dbunit.database.DefaultMetadataHandler@3bbfdfde, http://www.dbunit.org/properties/datatypeFactory=org.dbunit.dataset.datatype.DefaultDataTypeFactory[_toleratedDeltaMap=org.dbunit.dataset.datatype.ToleratedDeltaMap@6452310a], http://www.dbunit.org/properties/escapePattern=null, http://www.dbunit.org/properties/batchSize=100, http://www.dbunit.org/features/qualifiedTableNames=false, http://www.dbunit.org/properties/tableType=[Ljava.lang.String;@5011bafa, http://www.dbunit.org/properties/resultSetTableFactory=org.dbunit.database.CachedResultSetTableFactory@10bcf083, http://www.dbunit.org/features/datatypeWarning=true}]) - start
146199 [main] TRACE org.dbunit.database.DatabaseConfig  - getFeature(name=http://www.dbunit.org/features/qualifiedTableNames) - start
146199 [main] TRACE org.dbunit.database.DatabaseConfig  - getProperty(name=http://www.dbunit.org/features/qualifiedTableNames) - start
146199 [main] DEBUG org.dbunit.util.QualifiedTableName  - Qualified table names feature is disabled. Returning plain table name
146200 [main] DEBUG org.dbunit.util.QualifiedTableName  - getQualifiedName(prefix=null, name=SCOPEDCONTENT, escapePattern=null) - start
146200 [main] DEBUG org.dbunit.util.QualifiedTableName  - getQualifiedNameIfEnabled(config=org.dbunit.database.DatabaseConfig[, _propertyMap={http://www.dbunit.org/properties/statementFactory=org.dbunit.database.statement.PreparedStatementFactory@626bc2b8, http://www.dbunit.org/features/caseSensitiveTableNames=false, http://www.dbunit.org/properties/fetchSize=100, http://www.dbunit.org/features/batchedStatements=false, http://www.dbunit.org/properties/metadataHandler=org.dbunit.database.DefaultMetadataHandler@3bbfdfde, http://www.dbunit.org/properties/datatypeFactory=org.dbunit.dataset.datatype.DefaultDataTypeFactory[_toleratedDeltaMap=org.dbunit.dataset.datatype.ToleratedDeltaMap@6452310a], http://www.dbunit.org/properties/escapePattern=null, http://www.dbunit.org/properties/batchSize=100, http://www.dbunit.org/features/qualifiedTableNames=false, http://www.dbunit.org/properties/tableType=[Ljava.lang.String;@5011bafa, http://www.dbunit.org/properties/resultSetTableFactory=org.dbunit.database.CachedResultSetTableFactory@10bcf083, http://www.dbunit.org/features/datatypeWarning=true}]) - start
146200 [main] TRACE org.dbunit.database.DatabaseConfig  - getFeature(name=http://www.dbunit.org/features/qualifiedTableNames) - start
146200 [main] TRACE org.dbunit.database.DatabaseConfig  - getProperty(name=http://www.dbunit.org/features/qualifiedTableNames) - start
146200 [main] DEBUG org.dbunit.util.QualifiedTableName  - Qualified table names feature is disabled. Returning plain table name
146200 [main] DEBUG org.dbunit.util.QualifiedTableName  - getQualifiedName(prefix=null, name=SCOPEDCONTENTCONDITIONS_SCOPEDCONTENT, escapePattern=null) - start
146200 [main] DEBUG org.dbunit.database.search.AbstractMetaDataBasedSearchCallback  - newEdge(rs=org.apache.commons.dbcp.DelegatingResultSet@2438fe78, type=1, from=SCOPEDCONTENT, to=SCOPEDCONTENTCONDITIONS_SCOPEDCONTENT, fkColumn=SCOPED_CONTENT_ID, pkColumn=ID) - start
146200 [main] DEBUG org.dbunit.database.search.AbstractMetaDataBasedSearchCallback  - createFKEdge(rs=org.apache.commons.dbcp.DelegatingResultSet@2438fe78, type=1, from=SCOPEDCONTENT, to=SCOPEDCONTENTCONDITIONS_SCOPEDCONTENT, fkColumn=SCOPED_CONTENT_ID, pkColumn=ID) - start
146200 [main] DEBUG org.dbunit.database.search.AbstractMetaDataBasedSearchCallback  - Adding edge SCOPEDCONTENTCONDITIONS_SCOPEDCONTENT(SCOPED_CONTENT_ID)->SCOPEDCONTENT(ID)
146200 [main] DEBUG org.dbunit.util.search.Edge  - compareTo(o=SCOPEDCONTENTCONDITIONS_SCOPEDCONTENT(SCOPED_CONTENT_ID)->SCOPEDCONTENT(ID)) - start
146200 [main] DEBUG org.dbunit.util.QualifiedTableName  - getQualifiedNameIfEnabled(config=org.dbunit.database.DatabaseConfig[, _propertyMap={http://www.dbunit.org/properties/statementFactory=org.dbunit.database.statement.PreparedStatementFactory@626bc2b8, http://www.dbunit.org/features/caseSensitiveTableNames=false, http://www.dbunit.org/properties/fetchSize=100, http://www.dbunit.org/features/batchedStatements=false, http://www.dbunit.org/properties/metadataHandler=org.dbunit.database.DefaultMetadataHandler@3bbfdfde, http://www.dbunit.org/properties/datatypeFactory=org.dbunit.dataset.datatype.DefaultDataTypeFactory[_toleratedDeltaMap=org.dbunit.dataset.datatype.ToleratedDeltaMap@6452310a], http://www.dbunit.org/properties/escapePattern=null, http://www.dbunit.org/properties/batchSize=100, http://www.dbunit.org/features/qualifiedTableNames=false, http://www.dbunit.org/properties/tableType=[Ljava.lang.String;@5011bafa, http://www.dbunit.org/properties/resultSetTableFactory=org.dbunit.database.CachedResultSetTableFactory@10bcf083, http://www.dbunit.org/features/datatypeWarning=true}]) - start
146200 [main] TRACE org.dbunit.database.DatabaseConfig  - getFeature(name=http://www.dbunit.org/features/qualifiedTableNames) - start
146200 [main] TRACE org.dbunit.database.DatabaseConfig  - getProperty(name=http://www.dbunit.org/features/qualifiedTableNames) - start
146200 [main] DEBUG org.dbunit.util.QualifiedTableName  - Qualified table names feature is disabled. Returning plain table name
146200 [main] DEBUG org.dbunit.util.QualifiedTableName  - getQualifiedName(prefix=null, name=SCOPEDCONTENT, escapePattern=null) - start
146200 [main] DEBUG org.dbunit.util.QualifiedTableName  - getQualifiedNameIfEnabled(config=org.dbunit.database.DatabaseConfig[, _propertyMap={http://www.dbunit.org/properties/statementFactory=org.dbunit.database.statement.PreparedStatementFactory@626bc2b8, http://www.dbunit.org/features/caseSensitiveTableNames=false, http://www.dbunit.org/properties/fetchSize=100, http://www.dbunit.org/features/batchedStatements=false, http://www.dbunit.org/properties/metadataHandler=org.dbunit.database.DefaultMetadataHandler@3bbfdfde, http://www.dbunit.org/properties/datatypeFactory=org.dbunit.dataset.datatype.DefaultDataTypeFactory[_toleratedDeltaMap=org.dbunit.dataset.datatype.ToleratedDeltaMap@6452310a], http://www.dbunit.org/properties/escapePattern=null, http://www.dbunit.org/properties/batchSize=100, http://www.dbunit.org/features/qualifiedTableNames=false, http://www.dbunit.org/properties/tableType=[Ljava.lang.String;@5011bafa, http://www.dbunit.org/properties/resultSetTableFactory=org.dbunit.database.CachedResultSetTableFactory@10bcf083, http://www.dbunit.org/features/datatypeWarning=true}]) - start
146200 [main] TRACE org.dbunit.database.DatabaseConfig  - getFeature(name=http://www.dbunit.org/features/qualifiedTableNames) - start
146200 [main] TRACE org.dbunit.database.DatabaseConfig  - getProperty(name=http://www.dbunit.org/features/qualifiedTableNames) - start
146200 [main] DEBUG org.dbunit.util.QualifiedTableName  - Qualified table names feature is disabled. Returning plain table name
146200 [main] DEBUG org.dbunit.util.QualifiedTableName  - getQualifiedName(prefix=null, name=SCOPEDCONTENT_SCOPEDCONTENTITEM, escapePattern=null) - start
146200 [main] DEBUG org.dbunit.database.search.AbstractMetaDataBasedSearchCallback  - newEdge(rs=org.apache.commons.dbcp.DelegatingResultSet@2438fe78, type=1, from=SCOPEDCONTENT, to=SCOPEDCONTENT_SCOPEDCONTENTITEM, fkColumn=SCOPED_CONTENT_ITEM_ID, pkColumn=ID) - start
146200 [main] DEBUG org.dbunit.database.search.AbstractMetaDataBasedSearchCallback  - createFKEdge(rs=org.apache.commons.dbcp.DelegatingResultSet@2438fe78, type=1, from=SCOPEDCONTENT, to=SCOPEDCONTENT_SCOPEDCONTENTITEM, fkColumn=SCOPED_CONTENT_ITEM_ID, pkColumn=ID) - start
146200 [main] DEBUG org.dbunit.database.search.AbstractMetaDataBasedSearchCallback  - Adding edge SCOPEDCONTENT_SCOPEDCONTENTITEM(SCOPED_CONTENT_ITEM_ID)->SCOPEDCONTENT(ID)
146200 [main] DEBUG org.dbunit.util.search.Edge  - compareTo(o=SCOPEDCONTENTCONDITIONS_SCOPEDCONTENT(SCOPED_CONTENT_ID)->SCOPEDCONTENT(ID)) - start
146200 [main] DEBUG org.dbunit.util.SQLHelper  - close(resultSet=org.apache.commons.dbcp.DelegatingResultSet@2438fe78) - start
146200 [main] DEBUG org.dbunit.util.search.DepthFirstSearch  - reverseSearch:SCOPEDCONTENTCONDITIONS_SCOPEDCONTENT
146201 [main] DEBUG org.dbunit.database.search.ExportedKeysSearchCallback  - searchNode(node=SCOPEDCONTENTCONDITIONS_SCOPEDCONTENT) - start
146201 [main] DEBUG org.dbunit.util.search.DepthFirstSearch  - Pushing (reverse) SCOPEDCONTENTCONDITIONS_SCOPEDCONTENT
146201 [main] DEBUG org.dbunit.database.search.ExportedKeysSearchCallback  - getEdges(node=SCOPEDCONTENTCONDITIONS_SCOPEDCONTENT) - start
146201 [main] DEBUG org.dbunit.database.search.AbstractMetaDataBasedSearchCallback  - getNodesFromExportedKeys(node=SCOPEDCONTENTCONDITIONS_SCOPEDCONTENT) - start
146201 [main] DEBUG org.dbunit.database.search.AbstractMetaDataBasedSearchCallback  - getNodes(type=1, node=SCOPEDCONTENTCONDITIONS_SCOPEDCONTENT) - start
146201 [main] DEBUG org.dbunit.database.DatabaseDataSourceConnection  - getConnection() - start
146201 [main] DEBUG org.dbunit.database.search.AbstractMetaDataBasedSearchCallback  - getNodes(type=1, node=SCOPEDCONTENTCONDITIONS_SCOPEDCONTENT, conn=Transaction-aware proxy for target Connection [jdbc:hsqldb:mem:kontrollDS, UserName=sw, HSQL Database Engine Driver], schema=null, metaData=org.apache.commons.dbcp.DelegatingDatabaseMetaData@19ca8adc, edges=[]) - start
146201 [main] DEBUG org.dbunit.database.search.AbstractMetaDataBasedSearchCallback  - Getting edges for node SCOPEDCONTENTCONDITIONS_SCOPEDCONTENT
146201 [main] TRACE org.dbunit.database.DatabaseConfig  - getProperty(name=http://www.dbunit.org/properties/metadataHandler) - start
146201 [main] TRACE org.dbunit.database.DefaultMetadataHandler  - tableExists(metaData=org.apache.commons.dbcp.DelegatingDatabaseMetaData@19ca8adc, schemaName=null, tableName=SCOPEDCONTENTCONDITIONS_SCOPEDCONTENT) - start
146202 [main] DEBUG org.dbunit.util.SQLHelper  - close(resultSet=org.apache.commons.dbcp.DelegatingResultSet@26f0cf8) - start
146202 [main] DEBUG org.dbunit.util.SQLHelper  - close(resultSet=org.apache.commons.dbcp.DelegatingResultSet@4b1d59df) - start
146202 [main] DEBUG org.dbunit.util.search.DepthFirstSearch  - reverseSearch:SCOPEDCONTENT_SCOPEDCONTENTITEM
146202 [main] DEBUG org.dbunit.database.search.ExportedKeysSearchCallback  - searchNode(node=SCOPEDCONTENT_SCOPEDCONTENTITEM) - start
146203 [main] DEBUG org.dbunit.util.search.DepthFirstSearch  - Pushing (reverse) SCOPEDCONTENT_SCOPEDCONTENTITEM
146203 [main] DEBUG org.dbunit.database.search.ExportedKeysSearchCallback  - getEdges(node=SCOPEDCONTENT_SCOPEDCONTENTITEM) - start
146203 [main] DEBUG org.dbunit.database.search.AbstractMetaDataBasedSearchCallback  - getNodesFromExportedKeys(node=SCOPEDCONTENT_SCOPEDCONTENTITEM) - start
146203 [main] DEBUG org.dbunit.database.search.AbstractMetaDataBasedSearchCallback  - getNodes(type=1, node=SCOPEDCONTENT_SCOPEDCONTENTITEM) - start
146203 [main] DEBUG org.dbunit.database.DatabaseDataSourceConnection  - getConnection() - start
146203 [main] DEBUG org.dbunit.database.search.AbstractMetaDataBasedSearchCallback  - getNodes(type=1, node=SCOPEDCONTENT_SCOPEDCONTENTITEM, conn=Transaction-aware proxy for target Connection [jdbc:hsqldb:mem:kontrollDS, UserName=sw, HSQL Database Engine Driver], schema=null, metaData=org.apache.commons.dbcp.DelegatingDatabaseMetaData@73f765ff, edges=[]) - start
146203 [main] DEBUG org.dbunit.database.search.AbstractMetaDataBasedSearchCallback  - Getting edges for node SCOPEDCONTENT_SCOPEDCONTENTITEM
146203 [main] TRACE org.dbunit.database.DatabaseConfig  - getProperty(name=http://www.dbunit.org/properties/metadataHandler) - start
146203 [main] TRACE org.dbunit.database.DefaultMetadataHandler  - tableExists(metaData=org.apache.commons.dbcp.DelegatingDatabaseMetaData@73f765ff, schemaName=null, tableName=SCOPEDCONTENT_SCOPEDCONTENTITEM) - start
146204 [main] DEBUG org.dbunit.util.SQLHelper  - close(resultSet=org.apache.commons.dbcp.DelegatingResultSet@7b6dced3) - start
146204 [main] DEBUG org.dbunit.util.SQLHelper  - close(resultSet=org.apache.commons.dbcp.DelegatingResultSet@37d9d0e9) - start
146204 [main] DEBUG org.dbunit.util.search.DepthFirstSearch  - search:SCOPEDCONTENTCONDITIONS_SCOPEDCONTENT
146204 [main] DEBUG org.dbunit.database.search.ExportedKeysSearchCallback  - searchNode(node=SCOPEDCONTENTCONDITIONS_SCOPEDCONTENT) - start
146204 [main] DEBUG org.dbunit.util.search.DepthFirstSearch  - Pushing SCOPEDCONTENTCONDITIONS_SCOPEDCONTENT
146204 [main] DEBUG org.dbunit.database.search.ExportedKeysSearchCallback  - getEdges(node=SCOPEDCONTENTCONDITIONS_SCOPEDCONTENT) - start
146204 [main] DEBUG org.dbunit.database.search.AbstractMetaDataBasedSearchCallback  - getNodesFromExportedKeys(node=SCOPEDCONTENTCONDITIONS_SCOPEDCONTENT) - start
146204 [main] DEBUG org.dbunit.database.search.AbstractMetaDataBasedSearchCallback  - getNodes(type=1, node=SCOPEDCONTENTCONDITIONS_SCOPEDCONTENT) - start
146204 [main] DEBUG org.dbunit.database.DatabaseDataSourceConnection  - getConnection() - start
146204 [main] DEBUG org.dbunit.database.search.AbstractMetaDataBasedSearchCallback  - getNodes(type=1, node=SCOPEDCONTENTCONDITIONS_SCOPEDCONTENT, conn=Transaction-aware proxy for target Connection [jdbc:hsqldb:mem:kontrollDS, UserName=sw, HSQL Database Engine Driver], schema=null, metaData=org.apache.commons.dbcp.DelegatingDatabaseMetaData@3d228da4, edges=[]) - start
146204 [main] DEBUG org.dbunit.database.search.AbstractMetaDataBasedSearchCallback  - Getting edges for node SCOPEDCONTENTCONDITIONS_SCOPEDCONTENT
146204 [main] TRACE org.dbunit.database.DatabaseConfig  - getProperty(name=http://www.dbunit.org/properties/metadataHandler) - start
146204 [main] TRACE org.dbunit.database.DefaultMetadataHandler  - tableExists(metaData=org.apache.commons.dbcp.DelegatingDatabaseMetaData@3d228da4, schemaName=null, tableName=SCOPEDCONTENTCONDITIONS_SCOPEDCONTENT) - start
146205 [main] DEBUG org.dbunit.util.SQLHelper  - close(resultSet=org.apache.commons.dbcp.DelegatingResultSet@10c12304) - start
146205 [main] DEBUG org.dbunit.util.SQLHelper  - close(resultSet=org.apache.commons.dbcp.DelegatingResultSet@f4d0dc2) - start
146205 [main] DEBUG org.dbunit.util.search.DepthFirstSearch  - Adding node SCOPEDCONTENTCONDITIONS_SCOPEDCONTENT to the final result
146205 [main] DEBUG org.dbunit.util.search.DepthFirstSearch  - search:SCOPEDCONTENT_SCOPEDCONTENTITEM
146205 [main] DEBUG org.dbunit.database.search.ExportedKeysSearchCallback  - searchNode(node=SCOPEDCONTENT_SCOPEDCONTENTITEM) - start
146205 [main] DEBUG org.dbunit.util.search.DepthFirstSearch  - Pushing SCOPEDCONTENT_SCOPEDCONTENTITEM
146205 [main] DEBUG org.dbunit.database.search.ExportedKeysSearchCallback  - getEdges(node=SCOPEDCONTENT_SCOPEDCONTENTITEM) - start
146206 [main] DEBUG org.dbunit.database.search.AbstractMetaDataBasedSearchCallback  - getNodesFromExportedKeys(node=SCOPEDCONTENT_SCOPEDCONTENTITEM) - start
146206 [main] DEBUG org.dbunit.database.search.AbstractMetaDataBasedSearchCallback  - getNodes(type=1, node=SCOPEDCONTENT_SCOPEDCONTENTITEM) - start
146206 [main] DEBUG org.dbunit.database.DatabaseDataSourceConnection  - getConnection() - start
146206 [main] DEBUG org.dbunit.database.search.AbstractMetaDataBasedSearchCallback  - getNodes(type=1, node=SCOPEDCONTENT_SCOPEDCONTENTITEM, conn=Transaction-aware proxy for target Connection [jdbc:hsqldb:mem:kontrollDS, UserName=sw, HSQL Database Engine Driver], schema=null, metaData=org.apache.commons.dbcp.DelegatingDatabaseMetaData@bc24367, edges=[]) - start
146206 [main] DEBUG org.dbunit.database.search.AbstractMetaDataBasedSearchCallback  - Getting edges for node SCOPEDCONTENT_SCOPEDCONTENTITEM
146206 [main] TRACE org.dbunit.database.DatabaseConfig  - getProperty(name=http://www.dbunit.org/properties/metadataHandler) - start
146206 [main] TRACE org.dbunit.database.DefaultMetadataHandler  - tableExists(metaData=org.apache.commons.dbcp.DelegatingDatabaseMetaData@bc24367, schemaName=null, tableName=SCOPEDCONTENT_SCOPEDCONTENTITEM) - start
146207 [main] DEBUG org.dbunit.util.SQLHelper  - close(resultSet=org.apache.commons.dbcp.DelegatingResultSet@5eccc096) - start
146207 [main] DEBUG org.dbunit.util.SQLHelper  - close(resultSet=org.apache.commons.dbcp.DelegatingResultSet@c3f8b42) - start
146207 [main] DEBUG org.dbunit.util.search.DepthFirstSearch  - Adding node SCOPEDCONTENT_SCOPEDCONTENTITEM to the final result
146207 [main] DEBUG org.dbunit.util.search.DepthFirstSearch  - search:SCOPEDCONTENT
146207 [main] DEBUG org.dbunit.database.search.ExportedKeysSearchCallback  - searchNode(node=SCOPEDCONTENT) - start
146207 [main] DEBUG org.dbunit.util.search.DepthFirstSearch  - Pushing SCOPEDCONTENT
146207 [main] DEBUG org.dbunit.database.search.ExportedKeysSearchCallback  - getEdges(node=SCOPEDCONTENT) - start
146207 [main] DEBUG org.dbunit.database.search.AbstractMetaDataBasedSearchCallback  - getNodesFromExportedKeys(node=SCOPEDCONTENT) - start
146207 [main] DEBUG org.dbunit.database.search.AbstractMetaDataBasedSearchCallback  - getNodes(type=1, node=SCOPEDCONTENT) - start
146207 [main] DEBUG org.dbunit.database.DatabaseDataSourceConnection  - getConnection() - start
146207 [main] DEBUG org.dbunit.database.search.AbstractMetaDataBasedSearchCallback  - getNodes(type=1, node=SCOPEDCONTENT, conn=Transaction-aware proxy for target Connection [jdbc:hsqldb:mem:kontrollDS, UserName=sw, HSQL Database Engine Driver], schema=null, metaData=org.apache.commons.dbcp.DelegatingDatabaseMetaData@1fcfa056, edges=[]) - start
146207 [main] DEBUG org.dbunit.database.search.AbstractMetaDataBasedSearchCallback  - Getting edges for node SCOPEDCONTENT
146207 [main] TRACE org.dbunit.database.DatabaseConfig  - getProperty(name=http://www.dbunit.org/properties/metadataHandler) - start
146207 [main] TRACE org.dbunit.database.DefaultMetadataHandler  - tableExists(metaData=org.apache.commons.dbcp.DelegatingDatabaseMetaData@1fcfa056, schemaName=null, tableName=SCOPEDCONTENT) - start
146208 [main] DEBUG org.dbunit.util.SQLHelper  - close(resultSet=org.apache.commons.dbcp.DelegatingResultSet@68dc9ec6) - start
146208 [main] DEBUG org.dbunit.util.QualifiedTableName  - getQualifiedNameIfEnabled(config=org.dbunit.database.DatabaseConfig[, _propertyMap={http://www.dbunit.org/properties/statementFactory=org.dbunit.database.statement.PreparedStatementFactory@626bc2b8, http://www.dbunit.org/features/caseSensitiveTableNames=false, http://www.dbunit.org/properties/fetchSize=100, http://www.dbunit.org/features/batchedStatements=false, http://www.dbunit.org/properties/metadataHandler=org.dbunit.database.DefaultMetadataHandler@3bbfdfde, http://www.dbunit.org/properties/datatypeFactory=org.dbunit.dataset.datatype.DefaultDataTypeFactory[_toleratedDeltaMap=org.dbunit.dataset.datatype.ToleratedDeltaMap@6452310a], http://www.dbunit.org/properties/escapePattern=null, http://www.dbunit.org/properties/batchSize=100, http://www.dbunit.org/features/qualifiedTableNames=false, http://www.dbunit.org/properties/tableType=[Ljava.lang.String;@5011bafa, http://www.dbunit.org/properties/resultSetTableFactory=org.dbunit.database.CachedResultSetTableFactory@10bcf083, http://www.dbunit.org/features/datatypeWarning=true}]) - start
146209 [main] TRACE org.dbunit.database.DatabaseConfig  - getFeature(name=http://www.dbunit.org/features/qualifiedTableNames) - start
146209 [main] TRACE org.dbunit.database.DatabaseConfig  - getProperty(name=http://www.dbunit.org/features/qualifiedTableNames) - start
146209 [main] DEBUG org.dbunit.util.QualifiedTableName  - Qualified table names feature is disabled. Returning plain table name
146209 [main] DEBUG org.dbunit.util.QualifiedTableName  - getQualifiedName(prefix=null, name=SCOPEDCONTENT, escapePattern=null) - start
146209 [main] DEBUG org.dbunit.util.QualifiedTableName  - getQualifiedNameIfEnabled(config=org.dbunit.database.DatabaseConfig[, _propertyMap={http://www.dbunit.org/properties/statementFactory=org.dbunit.database.statement.PreparedStatementFactory@626bc2b8, http://www.dbunit.org/features/caseSensitiveTableNames=false, http://www.dbunit.org/properties/fetchSize=100, http://www.dbunit.org/features/batchedStatements=false, http://www.dbunit.org/properties/metadataHandler=org.dbunit.database.DefaultMetadataHandler@3bbfdfde, http://www.dbunit.org/properties/datatypeFactory=org.dbunit.dataset.datatype.DefaultDataTypeFactory[_toleratedDeltaMap=org.dbunit.dataset.datatype.ToleratedDeltaMap@6452310a], http://www.dbunit.org/properties/escapePattern=null, http://www.dbunit.org/properties/batchSize=100, http://www.dbunit.org/features/qualifiedTableNames=false, http://www.dbunit.org/properties/tableType=[Ljava.lang.String;@5011bafa, http://www.dbunit.org/properties/resultSetTableFactory=org.dbunit.database.CachedResultSetTableFactory@10bcf083, http://www.dbunit.org/features/datatypeWarning=true}]) - start
146209 [main] TRACE org.dbunit.database.DatabaseConfig  - getFeature(name=http://www.dbunit.org/features/qualifiedTableNames) - start
146209 [main] TRACE org.dbunit.database.DatabaseConfig  - getProperty(name=http://www.dbunit.org/features/qualifiedTableNames) - start
146209 [main] DEBUG org.dbunit.util.QualifiedTableName  - Qualified table names feature is disabled. Returning plain table name
146209 [main] DEBUG org.dbunit.util.QualifiedTableName  - getQualifiedName(prefix=null, name=SCOPEDCONTENTCONDITIONS_SCOPEDCONTENT, escapePattern=null) - start
146209 [main] DEBUG org.dbunit.database.search.AbstractMetaDataBasedSearchCallback  - newEdge(rs=org.apache.commons.dbcp.DelegatingResultSet@5af96961, type=1, from=SCOPEDCONTENT, to=SCOPEDCONTENTCONDITIONS_SCOPEDCONTENT, fkColumn=SCOPED_CONTENT_ID, pkColumn=ID) - start
146209 [main] DEBUG org.dbunit.database.search.AbstractMetaDataBasedSearchCallback  - createFKEdge(rs=org.apache.commons.dbcp.DelegatingResultSet@5af96961, type=1, from=SCOPEDCONTENT, to=SCOPEDCONTENTCONDITIONS_SCOPEDCONTENT, fkColumn=SCOPED_CONTENT_ID, pkColumn=ID) - start
146209 [main] DEBUG org.dbunit.database.search.AbstractMetaDataBasedSearchCallback  - Adding edge SCOPEDCONTENTCONDITIONS_SCOPEDCONTENT(SCOPED_CONTENT_ID)->SCOPEDCONTENT(ID)
146209 [main] DEBUG org.dbunit.util.search.Edge  - compareTo(o=SCOPEDCONTENTCONDITIONS_SCOPEDCONTENT(SCOPED_CONTENT_ID)->SCOPEDCONTENT(ID)) - start
146209 [main] DEBUG org.dbunit.util.QualifiedTableName  - getQualifiedNameIfEnabled(config=org.dbunit.database.DatabaseConfig[, _propertyMap={http://www.dbunit.org/properties/statementFactory=org.dbunit.database.statement.PreparedStatementFactory@626bc2b8, http://www.dbunit.org/features/caseSensitiveTableNames=false, http://www.dbunit.org/properties/fetchSize=100, http://www.dbunit.org/features/batchedStatements=false, http://www.dbunit.org/properties/metadataHandler=org.dbunit.database.DefaultMetadataHandler@3bbfdfde, http://www.dbunit.org/properties/datatypeFactory=org.dbunit.dataset.datatype.DefaultDataTypeFactory[_toleratedDeltaMap=org.dbunit.dataset.datatype.ToleratedDeltaMap@6452310a], http://www.dbunit.org/properties/escapePattern=null, http://www.dbunit.org/properties/batchSize=100, http://www.dbunit.org/features/qualifiedTableNames=false, http://www.dbunit.org/properties/tableType=[Ljava.lang.String;@5011bafa, http://www.dbunit.org/properties/resultSetTableFactory=org.dbunit.database.CachedResultSetTableFactory@10bcf083, http://www.dbunit.org/features/datatypeWarning=true}]) - start
146209 [main] TRACE org.dbunit.database.DatabaseConfig  - getFeature(name=http://www.dbunit.org/features/qualifiedTableNames) - start
146209 [main] TRACE org.dbunit.database.DatabaseConfig  - getProperty(name=http://www.dbunit.org/features/qualifiedTableNames) - start
146209 [main] DEBUG org.dbunit.util.QualifiedTableName  - Qualified table names feature is disabled. Returning plain table name
146209 [main] DEBUG org.dbunit.util.QualifiedTableName  - getQualifiedName(prefix=null, name=SCOPEDCONTENT, escapePattern=null) - start
146209 [main] DEBUG org.dbunit.util.QualifiedTableName  - getQualifiedNameIfEnabled(config=org.dbunit.database.DatabaseConfig[, _propertyMap={http://www.dbunit.org/properties/statementFactory=org.dbunit.database.statement.PreparedStatementFactory@626bc2b8, http://www.dbunit.org/features/caseSensitiveTableNames=false, http://www.dbunit.org/properties/fetchSize=100, http://www.dbunit.org/features/batchedStatements=false, http://www.dbunit.org/properties/metadataHandler=org.dbunit.database.DefaultMetadataHandler@3bbfdfde, http://www.dbunit.org/properties/datatypeFactory=org.dbunit.dataset.datatype.DefaultDataTypeFactory[_toleratedDeltaMap=org.dbunit.dataset.datatype.ToleratedDeltaMap@6452310a], http://www.dbunit.org/properties/escapePattern=null, http://www.dbunit.org/properties/batchSize=100, http://www.dbunit.org/features/qualifiedTableNames=false, http://www.dbunit.org/properties/tableType=[Ljava.lang.String;@5011bafa, http://www.dbunit.org/properties/resultSetTableFactory=org.dbunit.database.CachedResultSetTableFactory@10bcf083, http://www.dbunit.org/features/datatypeWarning=true}]) - start
146209 [main] TRACE org.dbunit.database.DatabaseConfig  - getFeature(name=http://www.dbunit.org/features/qualifiedTableNames) - start
146209 [main] TRACE org.dbunit.database.DatabaseConfig  - getProperty(name=http://www.dbunit.org/features/qualifiedTableNames) - start
146209 [main] DEBUG org.dbunit.util.QualifiedTableName  - Qualified table names feature is disabled. Returning plain table name
146209 [main] DEBUG org.dbunit.util.QualifiedTableName  - getQualifiedName(prefix=null, name=SCOPEDCONTENT_SCOPEDCONTENTITEM, escapePattern=null) - start
146209 [main] DEBUG org.dbunit.database.search.AbstractMetaDataBasedSearchCallback  - newEdge(rs=org.apache.commons.dbcp.DelegatingResultSet@5af96961, type=1, from=SCOPEDCONTENT, to=SCOPEDCONTENT_SCOPEDCONTENTITEM, fkColumn=SCOPED_CONTENT_ITEM_ID, pkColumn=ID) - start
146209 [main] DEBUG org.dbunit.database.search.AbstractMetaDataBasedSearchCallback  - createFKEdge(rs=org.apache.commons.dbcp.DelegatingResultSet@5af96961, type=1, from=SCOPEDCONTENT, to=SCOPEDCONTENT_SCOPEDCONTENTITEM, fkColumn=SCOPED_CONTENT_ITEM_ID, pkColumn=ID) - start
146209 [main] DEBUG org.dbunit.database.search.AbstractMetaDataBasedSearchCallback  - Adding edge SCOPEDCONTENT_SCOPEDCONTENTITEM(SCOPED_CONTENT_ITEM_ID)->SCOPEDCONTENT(ID)
146210 [main] DEBUG org.dbunit.util.search.Edge  - compareTo(o=SCOPEDCONTENTCONDITIONS_SCOPEDCONTENT(SCOPED_CONTENT_ID)->SCOPEDCONTENT(ID)) - start
146210 [main] DEBUG org.dbunit.util.SQLHelper  - close(resultSet=org.apache.commons.dbcp.DelegatingResultSet@5af96961) - start
146210 [main] DEBUG org.dbunit.util.search.DepthFirstSearch  - search:SCOPEDCONTENT
146210 [main] DEBUG org.dbunit.util.search.DepthFirstSearch  - already searched; returning true
146210 [main] DEBUG org.dbunit.util.search.DepthFirstSearch  - search:SCOPEDCONTENT
146210 [main] DEBUG org.dbunit.util.search.DepthFirstSearch  - already searched; returning true
146210 [main] DEBUG org.dbunit.util.search.DepthFirstSearch  - Adding node SCOPEDCONTENT to the final result
146210 [main] DEBUG org.dbunit.util.CollectionsHelper  - setToStrings(set=[SCOPEDCONTENTCONDITIONS_SCOPEDCONTENT, SCOPEDCONTENT_SCOPEDCONTENTITEM, SCOPEDCONTENT]) - start
146210 [main] DEBUG org.dbunit.database.search.TablesDependencyHelper  - getDirectDependsOnTables(connection=_databaseConfig=org.dbunit.database.DatabaseConfig[, _propertyMap={http://www.dbunit.org/properties/statementFactory=org.dbunit.database.statement.PreparedStatementFactory@626bc2b8, http://www.dbunit.org/features/caseSensitiveTableNames=false, http://www.dbunit.org/properties/fetchSize=100, http://www.dbunit.org/features/batchedStatements=false, http://www.dbunit.org/properties/metadataHandler=org.dbunit.database.DefaultMetadataHandler@3bbfdfde, http://www.dbunit.org/properties/datatypeFactory=org.dbunit.dataset.datatype.DefaultDataTypeFactory[_toleratedDeltaMap=org.dbunit.dataset.datatype.ToleratedDeltaMap@6452310a], http://www.dbunit.org/properties/escapePattern=null, http://www.dbunit.org/properties/batchSize=100, http://www.dbunit.org/features/qualifiedTableNames=false, http://www.dbunit.org/properties/tableType=[Ljava.lang.String;@5011bafa, http://www.dbunit.org/properties/resultSetTableFactory=org.dbunit.database.CachedResultSetTableFactory@10bcf083, http://www.dbunit.org/features/datatypeWarning=true}], _dataSet=AbstractDataSet[_orderedTableNameMap=null], tableName=SCOPEDCONTENT) - start
146210 [main] DEBUG org.dbunit.util.search.DepthFirstSearch  - search(nodesFrom=[SCOPEDCONTENT], callback=org.dbunit.database.search.ExportedKeysSearchCallback@59b99e5d) - start
146210 [main] DEBUG org.dbunit.util.CollectionsHelper  - objectsToSet(objects=SCOPEDCONTENT) - start
146210 [main] DEBUG org.dbunit.util.search.DepthFirstSearch  - search(nodesFrom=[SCOPEDCONTENT], callback=org.dbunit.database.search.ExportedKeysSearchCallback@59b99e5d) - start
146210 [main] DEBUG org.dbunit.util.search.DepthFirstSearch  - reverseSearch:SCOPEDCONTENT
146210 [main] DEBUG org.dbunit.database.search.ExportedKeysSearchCallback  - searchNode(node=SCOPEDCONTENT) - start
146210 [main] DEBUG org.dbunit.util.search.DepthFirstSearch  - Pushing (reverse) SCOPEDCONTENT
146210 [main] DEBUG org.dbunit.database.search.ExportedKeysSearchCallback  - getEdges(node=SCOPEDCONTENT) - start
146210 [main] DEBUG org.dbunit.database.search.AbstractMetaDataBasedSearchCallback  - getNodesFromExportedKeys(node=SCOPEDCONTENT) - start
146210 [main] DEBUG org.dbunit.database.search.AbstractMetaDataBasedSearchCallback  - getNodes(type=1, node=SCOPEDCONTENT) - start
146210 [main] DEBUG org.dbunit.database.DatabaseDataSourceConnection  - getConnection() - start
146210 [main] DEBUG org.dbunit.database.search.AbstractMetaDataBasedSearchCallback  - getNodes(type=1, node=SCOPEDCONTENT, conn=Transaction-aware proxy for target Connection [jdbc:hsqldb:mem:kontrollDS, UserName=sw, HSQL Database Engine Driver], schema=null, metaData=org.apache.commons.dbcp.DelegatingDatabaseMetaData@294c19b0, edges=[]) - start
146210 [main] DEBUG org.dbunit.database.search.AbstractMetaDataBasedSearchCallback  - Getting edges for node SCOPEDCONTENT
146210 [main] TRACE org.dbunit.database.DatabaseConfig  - getProperty(name=http://www.dbunit.org/properties/metadataHandler) - start
146210 [main] TRACE org.dbunit.database.DefaultMetadataHandler  - tableExists(metaData=org.apache.commons.dbcp.DelegatingDatabaseMetaData@294c19b0, schemaName=null, tableName=SCOPEDCONTENT) - start
146212 [main] DEBUG org.dbunit.util.SQLHelper  - close(resultSet=org.apache.commons.dbcp.DelegatingResultSet@1d04b025) - start
146212 [main] DEBUG org.dbunit.util.QualifiedTableName  - getQualifiedNameIfEnabled(config=org.dbunit.database.DatabaseConfig[, _propertyMap={http://www.dbunit.org/properties/statementFactory=org.dbunit.database.statement.PreparedStatementFactory@626bc2b8, http://www.dbunit.org/features/caseSensitiveTableNames=false, http://www.dbunit.org/properties/fetchSize=100, http://www.dbunit.org/features/batchedStatements=false, http://www.dbunit.org/properties/metadataHandler=org.dbunit.database.DefaultMetadataHandler@3bbfdfde, http://www.dbunit.org/properties/datatypeFactory=org.dbunit.dataset.datatype.DefaultDataTypeFactory[_toleratedDeltaMap=org.dbunit.dataset.datatype.ToleratedDeltaMap@6452310a], http://www.dbunit.org/properties/escapePattern=null, http://www.dbunit.org/properties/batchSize=100, http://www.dbunit.org/features/qualifiedTableNames=false, http://www.dbunit.org/properties/tableType=[Ljava.lang.String;@5011bafa, http://www.dbunit.org/properties/resultSetTableFactory=org.dbunit.database.CachedResultSetTableFactory@10bcf083, http://www.dbunit.org/features/datatypeWarning=true}]) - start
146212 [main] TRACE org.dbunit.database.DatabaseConfig  - getFeature(name=http://www.dbunit.org/features/qualifiedTableNames) - start
146212 [main] TRACE org.dbunit.database.DatabaseConfig  - getProperty(name=http://www.dbunit.org/features/qualifiedTableNames) - start
146212 [main] DEBUG org.dbunit.util.QualifiedTableName  - Qualified table names feature is disabled. Returning plain table name
146212 [main] DEBUG org.dbunit.util.QualifiedTableName  - getQualifiedName(prefix=null, name=SCOPEDCONTENT, escapePattern=null) - start
146212 [main] DEBUG org.dbunit.util.QualifiedTableName  - getQualifiedNameIfEnabled(config=org.dbunit.database.DatabaseConfig[, _propertyMap={http://www.dbunit.org/properties/statementFactory=org.dbunit.database.statement.PreparedStatementFactory@626bc2b8, http://www.dbunit.org/features/caseSensitiveTableNames=false, http://www.dbunit.org/properties/fetchSize=100, http://www.dbunit.org/features/batchedStatements=false, http://www.dbunit.org/properties/metadataHandler=org.dbunit.database.DefaultMetadataHandler@3bbfdfde, http://www.dbunit.org/properties/datatypeFactory=org.dbunit.dataset.datatype.DefaultDataTypeFactory[_toleratedDeltaMap=org.dbunit.dataset.datatype.ToleratedDeltaMap@6452310a], http://www.dbunit.org/properties/escapePattern=null, http://www.dbunit.org/properties/batchSize=100, http://www.dbunit.org/features/qualifiedTableNames=false, http://www.dbunit.org/properties/tableType=[Ljava.lang.String;@5011bafa, http://www.dbunit.org/properties/resultSetTableFactory=org.dbunit.database.CachedResultSetTableFactory@10bcf083, http://www.dbunit.org/features/datatypeWarning=true}]) - start
146212 [main] TRACE org.dbunit.database.DatabaseConfig  - getFeature(name=http://www.dbunit.org/features/qualifiedTableNames) - start
146212 [main] TRACE org.dbunit.database.DatabaseConfig  - getProperty(name=http://www.dbunit.org/features/qualifiedTableNames) - start
146212 [main] DEBUG org.dbunit.util.QualifiedTableName  - Qualified table names feature is disabled. Returning plain table name
146212 [main] DEBUG org.dbunit.util.QualifiedTableName  - getQualifiedName(prefix=null, name=SCOPEDCONTENTCONDITIONS_SCOPEDCONTENT, escapePattern=null) - start
146212 [main] DEBUG org.dbunit.database.search.AbstractMetaDataBasedSearchCallback  - newEdge(rs=org.apache.commons.dbcp.DelegatingResultSet@74115c0c, type=1, from=SCOPEDCONTENT, to=SCOPEDCONTENTCONDITIONS_SCOPEDCONTENT, fkColumn=SCOPED_CONTENT_ID, pkColumn=ID) - start
146212 [main] DEBUG org.dbunit.database.search.AbstractMetaDataBasedSearchCallback  - createFKEdge(rs=org.apache.commons.dbcp.DelegatingResultSet@74115c0c, type=1, from=SCOPEDCONTENT, to=SCOPEDCONTENTCONDITIONS_SCOPEDCONTENT, fkColumn=SCOPED_CONTENT_ID, pkColumn=ID) - start
146212 [main] DEBUG org.dbunit.database.search.AbstractMetaDataBasedSearchCallback  - Adding edge SCOPEDCONTENTCONDITIONS_SCOPEDCONTENT(SCOPED_CONTENT_ID)->SCOPEDCONTENT(ID)
146212 [main] DEBUG org.dbunit.util.search.Edge  - compareTo(o=SCOPEDCONTENTCONDITIONS_SCOPEDCONTENT(SCOPED_CONTENT_ID)->SCOPEDCONTENT(ID)) - start
146212 [main] DEBUG org.dbunit.util.QualifiedTableName  - getQualifiedNameIfEnabled(config=org.dbunit.database.DatabaseConfig[, _propertyMap={http://www.dbunit.org/properties/statementFactory=org.dbunit.database.statement.PreparedStatementFactory@626bc2b8, http://www.dbunit.org/features/caseSensitiveTableNames=false, http://www.dbunit.org/properties/fetchSize=100, http://www.dbunit.org/features/batchedStatements=false, http://www.dbunit.org/properties/metadataHandler=org.dbunit.database.DefaultMetadataHandler@3bbfdfde, http://www.dbunit.org/properties/datatypeFactory=org.dbunit.dataset.datatype.DefaultDataTypeFactory[_toleratedDeltaMap=org.dbunit.dataset.datatype.ToleratedDeltaMap@6452310a], http://www.dbunit.org/properties/escapePattern=null, http://www.dbunit.org/properties/batchSize=100, http://www.dbunit.org/features/qualifiedTableNames=false, http://www.dbunit.org/properties/tableType=[Ljava.lang.String;@5011bafa, http://www.dbunit.org/properties/resultSetTableFactory=org.dbunit.database.CachedResultSetTableFactory@10bcf083, http://www.dbunit.org/features/datatypeWarning=true}]) - start
146212 [main] TRACE org.dbunit.database.DatabaseConfig  - getFeature(name=http://www.dbunit.org/features/qualifiedTableNames) - start
146212 [main] TRACE org.dbunit.database.DatabaseConfig  - getProperty(name=http://www.dbunit.org/features/qualifiedTableNames) - start
146212 [main] DEBUG org.dbunit.util.QualifiedTableName  - Qualified table names feature is disabled. Returning plain table name
146212 [main] DEBUG org.dbunit.util.QualifiedTableName  - getQualifiedName(prefix=null, name=SCOPEDCONTENT, escapePattern=null) - start
146212 [main] DEBUG org.dbunit.util.QualifiedTableName  - getQualifiedNameIfEnabled(config=org.dbunit.database.DatabaseConfig[, _propertyMap={http://www.dbunit.org/properties/statementFactory=org.dbunit.database.statement.PreparedStatementFactory@626bc2b8, http://www.dbunit.org/features/caseSensitiveTableNames=false, http://www.dbunit.org/properties/fetchSize=100, http://www.dbunit.org/features/batchedStatements=false, http://www.dbunit.org/properties/metadataHandler=org.dbunit.database.DefaultMetadataHandler@3bbfdfde, http://www.dbunit.org/properties/datatypeFactory=org.dbunit.dataset.datatype.DefaultDataTypeFactory[_toleratedDeltaMap=org.dbunit.dataset.datatype.ToleratedDeltaMap@6452310a], http://www.dbunit.org/properties/escapePattern=null, http://www.dbunit.org/properties/batchSize=100, http://www.dbunit.org/features/qualifiedTableNames=false, http://www.dbunit.org/properties/tableType=[Ljava.lang.String;@5011bafa, http://www.dbunit.org/properties/resultSetTableFactory=org.dbunit.database.CachedResultSetTableFactory@10bcf083, http://www.dbunit.org/features/datatypeWarning=true}]) - start
146213 [main] TRACE org.dbunit.database.DatabaseConfig  - getFeature(name=http://www.dbunit.org/features/qualifiedTableNames) - start
146213 [main] TRACE org.dbunit.database.DatabaseConfig  - getProperty(name=http://www.dbunit.org/features/qualifiedTableNames) - start
146213 [main] DEBUG org.dbunit.util.QualifiedTableName  - Qualified table names feature is disabled. Returning plain table name
146213 [main] DEBUG org.dbunit.util.QualifiedTableName  - getQualifiedName(prefix=null, name=SCOPEDCONTENT_SCOPEDCONTENTITEM, escapePattern=null) - start
146213 [main] DEBUG org.dbunit.database.search.AbstractMetaDataBasedSearchCallback  - newEdge(rs=org.apache.commons.dbcp.DelegatingResultSet@74115c0c, type=1, from=SCOPEDCONTENT, to=SCOPEDCONTENT_SCOPEDCONTENTITEM, fkColumn=SCOPED_CONTENT_ITEM_ID, pkColumn=ID) - start
146213 [main] DEBUG org.dbunit.database.search.AbstractMetaDataBasedSearchCallback  - createFKEdge(rs=org.apache.commons.dbcp.DelegatingResultSet@74115c0c, type=1, from=SCOPEDCONTENT, to=SCOPEDCONTENT_SCOPEDCONTENTITEM, fkColumn=SCOPED_CONTENT_ITEM_ID, pkColumn=ID) - start
146213 [main] DEBUG org.dbunit.database.search.AbstractMetaDataBasedSearchCallback  - Adding edge SCOPEDCONTENT_SCOPEDCONTENTITEM(SCOPED_CONTENT_ITEM_ID)->SCOPEDCONTENT(ID)
146213 [main] DEBUG org.dbunit.util.search.Edge  - compareTo(o=SCOPEDCONTENTCONDITIONS_SCOPEDCONTENT(SCOPED_CONTENT_ID)->SCOPEDCONTENT(ID)) - start
146213 [main] DEBUG org.dbunit.util.SQLHelper  - close(resultSet=org.apache.commons.dbcp.DelegatingResultSet@74115c0c) - start
146213 [main] DEBUG org.dbunit.util.search.DepthFirstSearch  - reverseSearch:SCOPEDCONTENTCONDITIONS_SCOPEDCONTENT
146213 [main] DEBUG org.dbunit.database.search.ExportedKeysSearchCallback  - searchNode(node=SCOPEDCONTENTCONDITIONS_SCOPEDCONTENT) - start
146213 [main] DEBUG org.dbunit.util.search.DepthFirstSearch  - Pushing (reverse) SCOPEDCONTENTCONDITIONS_SCOPEDCONTENT
146213 [main] DEBUG org.dbunit.database.search.ExportedKeysSearchCallback  - getEdges(node=SCOPEDCONTENTCONDITIONS_SCOPEDCONTENT) - start
146213 [main] DEBUG org.dbunit.database.search.AbstractMetaDataBasedSearchCallback  - getNodesFromExportedKeys(node=SCOPEDCONTENTCONDITIONS_SCOPEDCONTENT) - start
146213 [main] DEBUG org.dbunit.database.search.AbstractMetaDataBasedSearchCallback  - getNodes(type=1, node=SCOPEDCONTENTCONDITIONS_SCOPEDCONTENT) - start
146213 [main] DEBUG org.dbunit.database.DatabaseDataSourceConnection  - getConnection() - start
146213 [main] DEBUG org.dbunit.database.search.AbstractMetaDataBasedSearchCallback  - getNodes(type=1, node=SCOPEDCONTENTCONDITIONS_SCOPEDCONTENT, conn=Transaction-aware proxy for target Connection [jdbc:hsqldb:mem:kontrollDS, UserName=sw, HSQL Database Engine Driver], schema=null, metaData=org.apache.commons.dbcp.DelegatingDatabaseMetaData@1fb2535c, edges=[]) - start
146213 [main] DEBUG org.dbunit.database.search.AbstractMetaDataBasedSearchCallback  - Getting edges for node SCOPEDCONTENTCONDITIONS_SCOPEDCONTENT
146213 [main] TRACE org.dbunit.database.DatabaseConfig  - getProperty(name=http://www.dbunit.org/properties/metadataHandler) - start
146213 [main] TRACE org.dbunit.database.DefaultMetadataHandler  - tableExists(metaData=org.apache.commons.dbcp.DelegatingDatabaseMetaData@1fb2535c, schemaName=null, tableName=SCOPEDCONTENTCONDITIONS_SCOPEDCONTENT) - start
146214 [main] DEBUG org.dbunit.util.SQLHelper  - close(resultSet=org.apache.commons.dbcp.DelegatingResultSet@30d6a8c3) - start
146215 [main] DEBUG org.dbunit.util.SQLHelper  - close(resultSet=org.apache.commons.dbcp.DelegatingResultSet@65bfa00a) - start
146215 [main] DEBUG org.dbunit.util.search.DepthFirstSearch  - reverseSearch:SCOPEDCONTENT_SCOPEDCONTENTITEM
146215 [main] DEBUG org.dbunit.database.search.ExportedKeysSearchCallback  - searchNode(node=SCOPEDCONTENT_SCOPEDCONTENTITEM) - start
146215 [main] DEBUG org.dbunit.util.search.DepthFirstSearch  - Pushing (reverse) SCOPEDCONTENT_SCOPEDCONTENTITEM
146215 [main] DEBUG org.dbunit.util.search.DepthFirstSearch  - search:SCOPEDCONTENTCONDITIONS_SCOPEDCONTENT
146215 [main] DEBUG org.dbunit.database.search.ExportedKeysSearchCallback  - searchNode(node=SCOPEDCONTENTCONDITIONS_SCOPEDCONTENT) - start
146215 [main] DEBUG org.dbunit.util.search.DepthFirstSearch  - Pushing SCOPEDCONTENTCONDITIONS_SCOPEDCONTENT
146215 [main] DEBUG org.dbunit.database.search.ExportedKeysSearchCallback  - getEdges(node=SCOPEDCONTENTCONDITIONS_SCOPEDCONTENT) - start
146215 [main] DEBUG org.dbunit.database.search.AbstractMetaDataBasedSearchCallback  - getNodesFromExportedKeys(node=SCOPEDCONTENTCONDITIONS_SCOPEDCONTENT) - start
146215 [main] DEBUG org.dbunit.database.search.AbstractMetaDataBasedSearchCallback  - getNodes(type=1, node=SCOPEDCONTENTCONDITIONS_SCOPEDCONTENT) - start
146215 [main] DEBUG org.dbunit.database.DatabaseDataSourceConnection  - getConnection() - start
146215 [main] DEBUG org.dbunit.database.search.AbstractMetaDataBasedSearchCallback  - getNodes(type=1, node=SCOPEDCONTENTCONDITIONS_SCOPEDCONTENT, conn=Transaction-aware proxy for target Connection [jdbc:hsqldb:mem:kontrollDS, UserName=sw, HSQL Database Engine Driver], schema=null, metaData=org.apache.commons.dbcp.DelegatingDatabaseMetaData@7a424b6, edges=[]) - start
146215 [main] DEBUG org.dbunit.database.search.AbstractMetaDataBasedSearchCallback  - Getting edges for node SCOPEDCONTENTCONDITIONS_SCOPEDCONTENT
146215 [main] TRACE org.dbunit.database.DatabaseConfig  - getProperty(name=http://www.dbunit.org/properties/metadataHandler) - start
146215 [main] TRACE org.dbunit.database.DefaultMetadataHandler  - tableExists(metaData=org.apache.commons.dbcp.DelegatingDatabaseMetaData@7a424b6, schemaName=null, tableName=SCOPEDCONTENTCONDITIONS_SCOPEDCONTENT) - start
146216 [main] DEBUG org.dbunit.util.SQLHelper  - close(resultSet=org.apache.commons.dbcp.DelegatingResultSet@72fd19de) - start
146216 [main] DEBUG org.dbunit.util.SQLHelper  - close(resultSet=org.apache.commons.dbcp.DelegatingResultSet@26d5bd54) - start
146216 [main] DEBUG org.dbunit.util.search.DepthFirstSearch  - Adding node SCOPEDCONTENTCONDITIONS_SCOPEDCONTENT to the final result
146216 [main] DEBUG org.dbunit.util.search.DepthFirstSearch  - search:SCOPEDCONTENT_SCOPEDCONTENTITEM
146216 [main] DEBUG org.dbunit.database.search.ExportedKeysSearchCallback  - searchNode(node=SCOPEDCONTENT_SCOPEDCONTENTITEM) - start
146216 [main] DEBUG org.dbunit.util.search.DepthFirstSearch  - Pushing SCOPEDCONTENT_SCOPEDCONTENTITEM
146216 [main] DEBUG org.dbunit.database.search.ExportedKeysSearchCallback  - getEdges(node=SCOPEDCONTENT_SCOPEDCONTENTITEM) - start
146217 [main] DEBUG org.dbunit.database.search.AbstractMetaDataBasedSearchCallback  - getNodesFromExportedKeys(node=SCOPEDCONTENT_SCOPEDCONTENTITEM) - start
146217 [main] DEBUG org.dbunit.database.search.AbstractMetaDataBasedSearchCallback  - getNodes(type=1, node=SCOPEDCONTENT_SCOPEDCONTENTITEM) - start
146217 [main] DEBUG org.dbunit.database.DatabaseDataSourceConnection  - getConnection() - start
146217 [main] DEBUG org.dbunit.database.search.AbstractMetaDataBasedSearchCallback  - getNodes(type=1, node=SCOPEDCONTENT_SCOPEDCONTENTITEM, conn=Transaction-aware proxy for target Connection [jdbc:hsqldb:mem:kontrollDS, UserName=sw, HSQL Database Engine Driver], schema=null, metaData=org.apache.commons.dbcp.DelegatingDatabaseMetaData@1a80e9b7, edges=[]) - start
146217 [main] DEBUG org.dbunit.database.search.AbstractMetaDataBasedSearchCallback  - Getting edges for node SCOPEDCONTENT_SCOPEDCONTENTITEM
146217 [main] TRACE org.dbunit.database.DatabaseConfig  - getProperty(name=http://www.dbunit.org/properties/metadataHandler) - start
146217 [main] TRACE org.dbunit.database.DefaultMetadataHandler  - tableExists(metaData=org.apache.commons.dbcp.DelegatingDatabaseMetaData@1a80e9b7, schemaName=null, tableName=SCOPEDCONTENT_SCOPEDCONTENTITEM) - start
146218 [main] DEBUG org.dbunit.util.SQLHelper  - close(resultSet=org.apache.commons.dbcp.DelegatingResultSet@7ac5f438) - start
146218 [main] DEBUG org.dbunit.util.SQLHelper  - close(resultSet=org.apache.commons.dbcp.DelegatingResultSet@24a5d2bc) - start
146218 [main] DEBUG org.dbunit.util.search.DepthFirstSearch  - Adding node SCOPEDCONTENT_SCOPEDCONTENTITEM to the final result
146218 [main] DEBUG org.dbunit.util.search.DepthFirstSearch  - search:SCOPEDCONTENT
146218 [main] DEBUG org.dbunit.database.search.ExportedKeysSearchCallback  - searchNode(node=SCOPEDCONTENT) - start
146219 [main] DEBUG org.dbunit.util.search.DepthFirstSearch  - Pushing SCOPEDCONTENT
146219 [main] DEBUG org.dbunit.database.search.ExportedKeysSearchCallback  - getEdges(node=SCOPEDCONTENT) - start
146219 [main] DEBUG org.dbunit.database.search.AbstractMetaDataBasedSearchCallback  - getNodesFromExportedKeys(node=SCOPEDCONTENT) - start
146219 [main] DEBUG org.dbunit.database.search.AbstractMetaDataBasedSearchCallback  - getNodes(type=1, node=SCOPEDCONTENT) - start
146219 [main] DEBUG org.dbunit.database.DatabaseDataSourceConnection  - getConnection() - start
146219 [main] DEBUG org.dbunit.database.search.AbstractMetaDataBasedSearchCallback  - getNodes(type=1, node=SCOPEDCONTENT, conn=Transaction-aware proxy for target Connection [jdbc:hsqldb:mem:kontrollDS, UserName=sw, HSQL Database Engine Driver], schema=null, metaData=org.apache.commons.dbcp.DelegatingDatabaseMetaData@2ae4770, edges=[]) - start
146219 [main] DEBUG org.dbunit.database.search.AbstractMetaDataBasedSearchCallback  - Getting edges for node SCOPEDCONTENT
146219 [main] TRACE org.dbunit.database.DatabaseConfig  - getProperty(name=http://www.dbunit.org/properties/metadataHandler) - start
146219 [main] TRACE org.dbunit.database.DefaultMetadataHandler  - tableExists(metaData=org.apache.commons.dbcp.DelegatingDatabaseMetaData@2ae4770, schemaName=null, tableName=SCOPEDCONTENT) - start
146220 [main] DEBUG org.dbunit.util.SQLHelper  - close(resultSet=org.apache.commons.dbcp.DelegatingResultSet@3a3ae5f9) - start
146220 [main] DEBUG org.dbunit.util.QualifiedTableName  - getQualifiedNameIfEnabled(config=org.dbunit.database.DatabaseConfig[, _propertyMap={http://www.dbunit.org/properties/statementFactory=org.dbunit.database.statement.PreparedStatementFactory@626bc2b8, http://www.dbunit.org/features/caseSensitiveTableNames=false, http://www.dbunit.org/properties/fetchSize=100, http://www.dbunit.org/features/batchedStatements=false, http://www.dbunit.org/properties/metadataHandler=org.dbunit.database.DefaultMetadataHandler@3bbfdfde, http://www.dbunit.org/properties/datatypeFactory=org.dbunit.dataset.datatype.DefaultDataTypeFactory[_toleratedDeltaMap=org.dbunit.dataset.datatype.ToleratedDeltaMap@6452310a], http://www.dbunit.org/properties/escapePattern=null, http://www.dbunit.org/properties/batchSize=100, http://www.dbunit.org/features/qualifiedTableNames=false, http://www.dbunit.org/properties/tableType=[Ljava.lang.String;@5011bafa, http://www.dbunit.org/properties/resultSetTableFactory=org.dbunit.database.CachedResultSetTableFactory@10bcf083, http://www.dbunit.org/features/datatypeWarning=true}]) - start
146220 [main] TRACE org.dbunit.database.DatabaseConfig  - getFeature(name=http://www.dbunit.org/features/qualifiedTableNames) - start
146220 [main] TRACE org.dbunit.database.DatabaseConfig  - getProperty(name=http://www.dbunit.org/features/qualifiedTableNames) - start
146220 [main] DEBUG org.dbunit.util.QualifiedTableName  - Qualified table names feature is disabled. Returning plain table name
146220 [main] DEBUG org.dbunit.util.QualifiedTableName  - getQualifiedName(prefix=null, name=SCOPEDCONTENT, escapePattern=null) - start
146220 [main] DEBUG org.dbunit.util.QualifiedTableName  - getQualifiedNameIfEnabled(config=org.dbunit.database.DatabaseConfig[, _propertyMap={http://www.dbunit.org/properties/statementFactory=org.dbunit.database.statement.PreparedStatementFactory@626bc2b8, http://www.dbunit.org/features/caseSensitiveTableNames=false, http://www.dbunit.org/properties/fetchSize=100, http://www.dbunit.org/features/batchedStatements=false, http://www.dbunit.org/properties/metadataHandler=org.dbunit.database.DefaultMetadataHandler@3bbfdfde, http://www.dbunit.org/properties/datatypeFactory=org.dbunit.dataset.datatype.DefaultDataTypeFactory[_toleratedDeltaMap=org.dbunit.dataset.datatype.ToleratedDeltaMap@6452310a], http://www.dbunit.org/properties/escapePattern=null, http://www.dbunit.org/properties/batchSize=100, http://www.dbunit.org/features/qualifiedTableNames=false, http://www.dbunit.org/properties/tableType=[Ljava.lang.String;@5011bafa, http://www.dbunit.org/properties/resultSetTableFactory=org.dbunit.database.CachedResultSetTableFactory@10bcf083, http://www.dbunit.org/features/datatypeWarning=true}]) - start
146221 [main] TRACE org.dbunit.database.DatabaseConfig  - getFeature(name=http://www.dbunit.org/features/qualifiedTableNames) - start
146221 [main] TRACE org.dbunit.database.DatabaseConfig  - getProperty(name=http://www.dbunit.org/features/qualifiedTableNames) - start
146221 [main] DEBUG org.dbunit.util.QualifiedTableName  - Qualified table names feature is disabled. Returning plain table name
146221 [main] DEBUG org.dbunit.util.QualifiedTableName  - getQualifiedName(prefix=null, name=SCOPEDCONTENTCONDITIONS_SCOPEDCONTENT, escapePattern=null) - start
146221 [main] DEBUG org.dbunit.database.search.AbstractMetaDataBasedSearchCallback  - newEdge(rs=org.apache.commons.dbcp.DelegatingResultSet@7f5bbb70, type=1, from=SCOPEDCONTENT, to=SCOPEDCONTENTCONDITIONS_SCOPEDCONTENT, fkColumn=SCOPED_CONTENT_ID, pkColumn=ID) - start
146221 [main] DEBUG org.dbunit.database.search.AbstractMetaDataBasedSearchCallback  - createFKEdge(rs=org.apache.commons.dbcp.DelegatingResultSet@7f5bbb70, type=1, from=SCOPEDCONTENT, to=SCOPEDCONTENTCONDITIONS_SCOPEDCONTENT, fkColumn=SCOPED_CONTENT_ID, pkColumn=ID) - start
146221 [main] DEBUG org.dbunit.database.search.AbstractMetaDataBasedSearchCallback  - Adding edge SCOPEDCONTENTCONDITIONS_SCOPEDCONTENT(SCOPED_CONTENT_ID)->SCOPEDCONTENT(ID)
146221 [main] DEBUG org.dbunit.util.search.Edge  - compareTo(o=SCOPEDCONTENTCONDITIONS_SCOPEDCONTENT(SCOPED_CONTENT_ID)->SCOPEDCONTENT(ID)) - start
146221 [main] DEBUG org.dbunit.util.QualifiedTableName  - getQualifiedNameIfEnabled(config=org.dbunit.database.DatabaseConfig[, _propertyMap={http://www.dbunit.org/properties/statementFactory=org.dbunit.database.statement.PreparedStatementFactory@626bc2b8, http://www.dbunit.org/features/caseSensitiveTableNames=false, http://www.dbunit.org/properties/fetchSize=100, http://www.dbunit.org/features/batchedStatements=false, http://www.dbunit.org/properties/metadataHandler=org.dbunit.database.DefaultMetadataHandler@3bbfdfde, http://www.dbunit.org/properties/datatypeFactory=org.dbunit.dataset.datatype.DefaultDataTypeFactory[_toleratedDeltaMap=org.dbunit.dataset.datatype.ToleratedDeltaMap@6452310a], http://www.dbunit.org/properties/escapePattern=null, http://www.dbunit.org/properties/batchSize=100, http://www.dbunit.org/features/qualifiedTableNames=false, http://www.dbunit.org/properties/tableType=[Ljava.lang.String;@5011bafa, http://www.dbunit.org/properties/resultSetTableFactory=org.dbunit.database.CachedResultSetTableFactory@10bcf083, http://www.dbunit.org/features/datatypeWarning=true}]) - start
146221 [main] TRACE org.dbunit.database.DatabaseConfig  - getFeature(name=http://www.dbunit.org/features/qualifiedTableNames) - start
146221 [main] TRACE org.dbunit.database.DatabaseConfig  - getProperty(name=http://www.dbunit.org/features/qualifiedTableNames) - start
146221 [main] DEBUG org.dbunit.util.QualifiedTableName  - Qualified table names feature is disabled. Returning plain table name
146221 [main] DEBUG org.dbunit.util.QualifiedTableName  - getQualifiedName(prefix=null, name=SCOPEDCONTENT, escapePattern=null) - start
146221 [main] DEBUG org.dbunit.util.QualifiedTableName  - getQualifiedNameIfEnabled(config=org.dbunit.database.DatabaseConfig[, _propertyMap={http://www.dbunit.org/properties/statementFactory=org.dbunit.database.statement.PreparedStatementFactory@626bc2b8, http://www.dbunit.org/features/caseSensitiveTableNames=false, http://www.dbunit.org/properties/fetchSize=100, http://www.dbunit.org/features/batchedStatements=false, http://www.dbunit.org/properties/metadataHandler=org.dbunit.database.DefaultMetadataHandler@3bbfdfde, http://www.dbunit.org/properties/datatypeFactory=org.dbunit.dataset.datatype.DefaultDataTypeFactory[_toleratedDeltaMap=org.dbunit.dataset.datatype.ToleratedDeltaMap@6452310a], http://www.dbunit.org/properties/escapePattern=null, http://www.dbunit.org/properties/batchSize=100, http://www.dbunit.org/features/qualifiedTableNames=false, http://www.dbunit.org/properties/tableType=[Ljava.lang.String;@5011bafa, http://www.dbunit.org/properties/resultSetTableFactory=org.dbunit.database.CachedResultSetTableFactory@10bcf083, http://www.dbunit.org/features/datatypeWarning=true}]) - start
146221 [main] TRACE org.dbunit.database.DatabaseConfig  - getFeature(name=http://www.dbunit.org/features/qualifiedTableNames) - start
146221 [main] TRACE org.dbunit.database.DatabaseConfig  - getProperty(name=http://www.dbunit.org/features/qualifiedTableNames) - start
146221 [main] DEBUG org.dbunit.util.QualifiedTableName  - Qualified table names feature is disabled. Returning plain table name
146221 [main] DEBUG org.dbunit.util.QualifiedTableName  - getQualifiedName(prefix=null, name=SCOPEDCONTENT_SCOPEDCONTENTITEM, escapePattern=null) - start
146221 [main] DEBUG org.dbunit.database.search.AbstractMetaDataBasedSearchCallback  - newEdge(rs=org.apache.commons.dbcp.DelegatingResultSet@7f5bbb70, type=1, from=SCOPEDCONTENT, to=SCOPEDCONTENT_SCOPEDCONTENTITEM, fkColumn=SCOPED_CONTENT_ITEM_ID, pkColumn=ID) - start
146221 [main] DEBUG org.dbunit.database.search.AbstractMetaDataBasedSearchCallback  - createFKEdge(rs=org.apache.commons.dbcp.DelegatingResultSet@7f5bbb70, type=1, from=SCOPEDCONTENT, to=SCOPEDCONTENT_SCOPEDCONTENTITEM, fkColumn=SCOPED_CONTENT_ITEM_ID, pkColumn=ID) - start
146221 [main] DEBUG org.dbunit.database.search.AbstractMetaDataBasedSearchCallback  - Adding edge SCOPEDCONTENT_SCOPEDCONTENTITEM(SCOPED_CONTENT_ITEM_ID)->SCOPEDCONTENT(ID)
146221 [main] DEBUG org.dbunit.util.search.Edge  - compareTo(o=SCOPEDCONTENTCONDITIONS_SCOPEDCONTENT(SCOPED_CONTENT_ID)->SCOPEDCONTENT(ID)) - start
146221 [main] DEBUG org.dbunit.util.SQLHelper  - close(resultSet=org.apache.commons.dbcp.DelegatingResultSet@7f5bbb70) - start
146221 [main] DEBUG org.dbunit.util.search.DepthFirstSearch  - search:SCOPEDCONTENT
146221 [main] DEBUG org.dbunit.util.search.DepthFirstSearch  - already searched; returning true
146221 [main] DEBUG org.dbunit.util.search.DepthFirstSearch  - search:SCOPEDCONTENT
146221 [main] DEBUG org.dbunit.util.search.DepthFirstSearch  - already searched; returning true
146221 [main] DEBUG org.dbunit.util.search.DepthFirstSearch  - Adding node SCOPEDCONTENT to the final result
146222 [main] DEBUG org.dbunit.database.search.TablesDependencyHelper  - getDirectDependentTables(connection=_databaseConfig=org.dbunit.database.DatabaseConfig[, _propertyMap={http://www.dbunit.org/properties/statementFactory=org.dbunit.database.statement.PreparedStatementFactory@626bc2b8, http://www.dbunit.org/features/caseSensitiveTableNames=false, http://www.dbunit.org/properties/fetchSize=100, http://www.dbunit.org/features/batchedStatements=false, http://www.dbunit.org/properties/metadataHandler=org.dbunit.database.DefaultMetadataHandler@3bbfdfde, http://www.dbunit.org/properties/datatypeFactory=org.dbunit.dataset.datatype.DefaultDataTypeFactory[_toleratedDeltaMap=org.dbunit.dataset.datatype.ToleratedDeltaMap@6452310a], http://www.dbunit.org/properties/escapePattern=null, http://www.dbunit.org/properties/batchSize=100, http://www.dbunit.org/features/qualifiedTableNames=false, http://www.dbunit.org/properties/tableType=[Ljava.lang.String;@5011bafa, http://www.dbunit.org/properties/resultSetTableFactory=org.dbunit.database.CachedResultSetTableFactory@10bcf083, http://www.dbunit.org/features/datatypeWarning=true}], _dataSet=AbstractDataSet[_orderedTableNameMap=null], tableName=SCOPEDCONTENT) - start
146222 [main] DEBUG org.dbunit.util.search.DepthFirstSearch  - search(nodesFrom=[SCOPEDCONTENT], callback=org.dbunit.database.search.ImportedKeysSearchCallback@6e3373e0) - start
146222 [main] DEBUG org.dbunit.util.CollectionsHelper  - objectsToSet(objects=SCOPEDCONTENT) - start
146222 [main] DEBUG org.dbunit.util.search.DepthFirstSearch  - search(nodesFrom=[SCOPEDCONTENT], callback=org.dbunit.database.search.ImportedKeysSearchCallback@6e3373e0) - start
146222 [main] DEBUG org.dbunit.util.search.DepthFirstSearch  - reverseSearch:SCOPEDCONTENT
146222 [main] DEBUG org.dbunit.database.search.ImportedKeysSearchCallback  - searchNode(node=SCOPEDCONTENT) - start
146222 [main] DEBUG org.dbunit.util.search.DepthFirstSearch  - Pushing (reverse) SCOPEDCONTENT
146222 [main] DEBUG org.dbunit.database.search.ImportedKeysSearchCallback  - getEdges(node=SCOPEDCONTENT) - start
146222 [main] DEBUG org.dbunit.database.search.AbstractMetaDataBasedSearchCallback  - getNodesFromImportedKeys(node=SCOPEDCONTENT) - start
146222 [main] DEBUG org.dbunit.database.search.AbstractMetaDataBasedSearchCallback  - getNodes(type=0, node=SCOPEDCONTENT) - start
146222 [main] DEBUG org.dbunit.database.DatabaseDataSourceConnection  - getConnection() - start
146222 [main] DEBUG org.dbunit.database.search.AbstractMetaDataBasedSearchCallback  - getNodes(type=0, node=SCOPEDCONTENT, conn=Transaction-aware proxy for target Connection [jdbc:hsqldb:mem:kontrollDS, UserName=sw, HSQL Database Engine Driver], schema=null, metaData=org.apache.commons.dbcp.DelegatingDatabaseMetaData@73fcafa5, edges=[]) - start
146222 [main] DEBUG org.dbunit.database.search.AbstractMetaDataBasedSearchCallback  - Getting edges for node SCOPEDCONTENT
146222 [main] TRACE org.dbunit.database.DatabaseConfig  - getProperty(name=http://www.dbunit.org/properties/metadataHandler) - start
146222 [main] TRACE org.dbunit.database.DefaultMetadataHandler  - tableExists(metaData=org.apache.commons.dbcp.DelegatingDatabaseMetaData@73fcafa5, schemaName=null, tableName=SCOPEDCONTENT) - start
146223 [main] DEBUG org.dbunit.util.SQLHelper  - close(resultSet=org.apache.commons.dbcp.DelegatingResultSet@23dc7228) - start
146223 [main] DEBUG org.dbunit.util.QualifiedTableName  - getQualifiedNameIfEnabled(config=org.dbunit.database.DatabaseConfig[, _propertyMap={http://www.dbunit.org/properties/statementFactory=org.dbunit.database.statement.PreparedStatementFactory@626bc2b8, http://www.dbunit.org/features/caseSensitiveTableNames=false, http://www.dbunit.org/properties/fetchSize=100, http://www.dbunit.org/features/batchedStatements=false, http://www.dbunit.org/properties/metadataHandler=org.dbunit.database.DefaultMetadataHandler@3bbfdfde, http://www.dbunit.org/properties/datatypeFactory=org.dbunit.dataset.datatype.DefaultDataTypeFactory[_toleratedDeltaMap=org.dbunit.dataset.datatype.ToleratedDeltaMap@6452310a], http://www.dbunit.org/properties/escapePattern=null, http://www.dbunit.org/properties/batchSize=100, http://www.dbunit.org/features/qualifiedTableNames=false, http://www.dbunit.org/properties/tableType=[Ljava.lang.String;@5011bafa, http://www.dbunit.org/properties/resultSetTableFactory=org.dbunit.database.CachedResultSetTableFactory@10bcf083, http://www.dbunit.org/features/datatypeWarning=true}]) - start
146224 [main] TRACE org.dbunit.database.DatabaseConfig  - getFeature(name=http://www.dbunit.org/features/qualifiedTableNames) - start
146224 [main] TRACE org.dbunit.database.DatabaseConfig  - getProperty(name=http://www.dbunit.org/features/qualifiedTableNames) - start
146224 [main] DEBUG org.dbunit.util.QualifiedTableName  - Qualified table names feature is disabled. Returning plain table name
146224 [main] DEBUG org.dbunit.util.QualifiedTableName  - getQualifiedName(prefix=null, name=SCOPEDCONTENT, escapePattern=null) - start
146224 [main] DEBUG org.dbunit.util.QualifiedTableName  - getQualifiedNameIfEnabled(config=org.dbunit.database.DatabaseConfig[, _propertyMap={http://www.dbunit.org/properties/statementFactory=org.dbunit.database.statement.PreparedStatementFactory@626bc2b8, http://www.dbunit.org/features/caseSensitiveTableNames=false, http://www.dbunit.org/properties/fetchSize=100, http://www.dbunit.org/features/batchedStatements=false, http://www.dbunit.org/properties/metadataHandler=org.dbunit.database.DefaultMetadataHandler@3bbfdfde, http://www.dbunit.org/properties/datatypeFactory=org.dbunit.dataset.datatype.DefaultDataTypeFactory[_toleratedDeltaMap=org.dbunit.dataset.datatype.ToleratedDeltaMap@6452310a], http://www.dbunit.org/properties/escapePattern=null, http://www.dbunit.org/properties/batchSize=100, http://www.dbunit.org/features/qualifiedTableNames=false, http://www.dbunit.org/properties/tableType=[Ljava.lang.String;@5011bafa, http://www.dbunit.org/properties/resultSetTableFactory=org.dbunit.database.CachedResultSetTableFactory@10bcf083, http://www.dbunit.org/features/datatypeWarning=true}]) - start
146224 [main] TRACE org.dbunit.database.DatabaseConfig  - getFeature(name=http://www.dbunit.org/features/qualifiedTableNames) - start
146224 [main] TRACE org.dbunit.database.DatabaseConfig  - getProperty(name=http://www.dbunit.org/features/qualifiedTableNames) - start
146224 [main] DEBUG org.dbunit.util.QualifiedTableName  - Qualified table names feature is disabled. Returning plain table name
146224 [main] DEBUG org.dbunit.util.QualifiedTableName  - getQualifiedName(prefix=null, name=SCOPE, escapePattern=null) - start
146224 [main] DEBUG org.dbunit.database.search.AbstractMetaDataBasedSearchCallback  - newEdge(rs=org.apache.commons.dbcp.DelegatingResultSet@268c1aff, type=0, from=SCOPEDCONTENT, to=SCOPE, fkColumn=SCOPE, pkColumn=ID) - start
146224 [main] DEBUG org.dbunit.database.search.AbstractMetaDataBasedSearchCallback  - createFKEdge(rs=org.apache.commons.dbcp.DelegatingResultSet@268c1aff, type=0, from=SCOPEDCONTENT, to=SCOPE, fkColumn=SCOPE, pkColumn=ID) - start
146224 [main] DEBUG org.dbunit.database.search.AbstractMetaDataBasedSearchCallback  - Adding edge SCOPEDCONTENT(SCOPE)->SCOPE(ID)
146224 [main] DEBUG org.dbunit.util.search.Edge  - compareTo(o=SCOPEDCONTENT(SCOPE)->SCOPE(ID)) - start
146224 [main] DEBUG org.dbunit.util.SQLHelper  - close(resultSet=org.apache.commons.dbcp.DelegatingResultSet@268c1aff) - start
146224 [main] DEBUG org.dbunit.util.search.DepthFirstSearch  - search:SCOPEDCONTENT
146224 [main] DEBUG org.dbunit.database.search.ImportedKeysSearchCallback  - searchNode(node=SCOPEDCONTENT) - start
146224 [main] DEBUG org.dbunit.util.search.DepthFirstSearch  - Pushing SCOPEDCONTENT
146224 [main] DEBUG org.dbunit.database.search.ImportedKeysSearchCallback  - getEdges(node=SCOPEDCONTENT) - start
146224 [main] DEBUG org.dbunit.database.search.AbstractMetaDataBasedSearchCallback  - getNodesFromImportedKeys(node=SCOPEDCONTENT) - start
146224 [main] DEBUG org.dbunit.database.search.AbstractMetaDataBasedSearchCallback  - getNodes(type=0, node=SCOPEDCONTENT) - start
146224 [main] DEBUG org.dbunit.database.DatabaseDataSourceConnection  - getConnection() - start
146224 [main] DEBUG org.dbunit.database.search.AbstractMetaDataBasedSearchCallback  - getNodes(type=0, node=SCOPEDCONTENT, conn=Transaction-aware proxy for target Connection [jdbc:hsqldb:mem:kontrollDS, UserName=sw, HSQL Database Engine Driver], schema=null, metaData=org.apache.commons.dbcp.DelegatingDatabaseMetaData@38406f1e, edges=[]) - start
146224 [main] DEBUG org.dbunit.database.search.AbstractMetaDataBasedSearchCallback  - Getting edges for node SCOPEDCONTENT
146224 [main] TRACE org.dbunit.database.DatabaseConfig  - getProperty(name=http://www.dbunit.org/properties/metadataHandler) - start
146224 [main] TRACE org.dbunit.database.DefaultMetadataHandler  - tableExists(metaData=org.apache.commons.dbcp.DelegatingDatabaseMetaData@38406f1e, schemaName=null, tableName=SCOPEDCONTENT) - start
146225 [main] DEBUG org.dbunit.util.SQLHelper  - close(resultSet=org.apache.commons.dbcp.DelegatingResultSet@584f9ac2) - start
146226 [main] DEBUG org.dbunit.util.QualifiedTableName  - getQualifiedNameIfEnabled(config=org.dbunit.database.DatabaseConfig[, _propertyMap={http://www.dbunit.org/properties/statementFactory=org.dbunit.database.statement.PreparedStatementFactory@626bc2b8, http://www.dbunit.org/features/caseSensitiveTableNames=false, http://www.dbunit.org/properties/fetchSize=100, http://www.dbunit.org/features/batchedStatements=false, http://www.dbunit.org/properties/metadataHandler=org.dbunit.database.DefaultMetadataHandler@3bbfdfde, http://www.dbunit.org/properties/datatypeFactory=org.dbunit.dataset.datatype.DefaultDataTypeFactory[_toleratedDeltaMap=org.dbunit.dataset.datatype.ToleratedDeltaMap@6452310a], http://www.dbunit.org/properties/escapePattern=null, http://www.dbunit.org/properties/batchSize=100, http://www.dbunit.org/features/qualifiedTableNames=false, http://www.dbunit.org/properties/tableType=[Ljava.lang.String;@5011bafa, http://www.dbunit.org/properties/resultSetTableFactory=org.dbunit.database.CachedResultSetTableFactory@10bcf083, http://www.dbunit.org/features/datatypeWarning=true}]) - start
146226 [main] TRACE org.dbunit.database.DatabaseConfig  - getFeature(name=http://www.dbunit.org/features/qualifiedTableNames) - start
146226 [main] TRACE org.dbunit.database.DatabaseConfig  - getProperty(name=http://www.dbunit.org/features/qualifiedTableNames) - start
146226 [main] DEBUG org.dbunit.util.QualifiedTableName  - Qualified table names feature is disabled. Returning plain table name
146226 [main] DEBUG org.dbunit.util.QualifiedTableName  - getQualifiedName(prefix=null, name=SCOPEDCONTENT, escapePattern=null) - start
146226 [main] DEBUG org.dbunit.util.QualifiedTableName  - getQualifiedNameIfEnabled(config=org.dbunit.database.DatabaseConfig[, _propertyMap={http://www.dbunit.org/properties/statementFactory=org.dbunit.database.statement.PreparedStatementFactory@626bc2b8, http://www.dbunit.org/features/caseSensitiveTableNames=false, http://www.dbunit.org/properties/fetchSize=100, http://www.dbunit.org/features/batchedStatements=false, http://www.dbunit.org/properties/metadataHandler=org.dbunit.database.DefaultMetadataHandler@3bbfdfde, http://www.dbunit.org/properties/datatypeFactory=org.dbunit.dataset.datatype.DefaultDataTypeFactory[_toleratedDeltaMap=org.dbunit.dataset.datatype.ToleratedDeltaMap@6452310a], http://www.dbunit.org/properties/escapePattern=null, http://www.dbunit.org/properties/batchSize=100, http://www.dbunit.org/features/qualifiedTableNames=false, http://www.dbunit.org/properties/tableType=[Ljava.lang.String;@5011bafa, http://www.dbunit.org/properties/resultSetTableFactory=org.dbunit.database.CachedResultSetTableFactory@10bcf083, http://www.dbunit.org/features/datatypeWarning=true}]) - start
146226 [main] TRACE org.dbunit.database.DatabaseConfig  - getFeature(name=http://www.dbunit.org/features/qualifiedTableNames) - start
146226 [main] TRACE org.dbunit.database.DatabaseConfig  - getProperty(name=http://www.dbunit.org/features/qualifiedTableNames) - start
146226 [main] DEBUG org.dbunit.util.QualifiedTableName  - Qualified table names feature is disabled. Returning plain table name
146226 [main] DEBUG org.dbunit.util.QualifiedTableName  - getQualifiedName(prefix=null, name=SCOPE, escapePattern=null) - start
146226 [main] DEBUG org.dbunit.database.search.AbstractMetaDataBasedSearchCallback  - newEdge(rs=org.apache.commons.dbcp.DelegatingResultSet@35ca65bb, type=0, from=SCOPEDCONTENT, to=SCOPE, fkColumn=SCOPE, pkColumn=ID) - start
146226 [main] DEBUG org.dbunit.database.search.AbstractMetaDataBasedSearchCallback  - createFKEdge(rs=org.apache.commons.dbcp.DelegatingResultSet@35ca65bb, type=0, from=SCOPEDCONTENT, to=SCOPE, fkColumn=SCOPE, pkColumn=ID) - start
146226 [main] DEBUG org.dbunit.database.search.AbstractMetaDataBasedSearchCallback  - Adding edge SCOPEDCONTENT(SCOPE)->SCOPE(ID)
146226 [main] DEBUG org.dbunit.util.search.Edge  - compareTo(o=SCOPEDCONTENT(SCOPE)->SCOPE(ID)) - start
146226 [main] DEBUG org.dbunit.util.SQLHelper  - close(resultSet=org.apache.commons.dbcp.DelegatingResultSet@35ca65bb) - start
146226 [main] DEBUG org.dbunit.util.search.DepthFirstSearch  - search:SCOPE
146226 [main] DEBUG org.dbunit.database.search.ImportedKeysSearchCallback  - searchNode(node=SCOPE) - start
146226 [main] DEBUG org.dbunit.util.search.DepthFirstSearch  - Pushing SCOPE
146226 [main] DEBUG org.dbunit.database.search.ImportedKeysSearchCallback  - getEdges(node=SCOPE) - start
146226 [main] DEBUG org.dbunit.database.search.AbstractMetaDataBasedSearchCallback  - getNodesFromImportedKeys(node=SCOPE) - start
146226 [main] DEBUG org.dbunit.database.search.AbstractMetaDataBasedSearchCallback  - getNodes(type=0, node=SCOPE) - start
146226 [main] DEBUG org.dbunit.database.DatabaseDataSourceConnection  - getConnection() - start
146226 [main] DEBUG org.dbunit.database.search.AbstractMetaDataBasedSearchCallback  - getNodes(type=0, node=SCOPE, conn=Transaction-aware proxy for target Connection [jdbc:hsqldb:mem:kontrollDS, UserName=sw, HSQL Database Engine Driver], schema=null, metaData=org.apache.commons.dbcp.DelegatingDatabaseMetaData@7adcf393, edges=[]) - start
146227 [main] DEBUG org.dbunit.database.search.AbstractMetaDataBasedSearchCallback  - Getting edges for node SCOPE
146227 [main] TRACE org.dbunit.database.DatabaseConfig  - getProperty(name=http://www.dbunit.org/properties/metadataHandler) - start
146227 [main] TRACE org.dbunit.database.DefaultMetadataHandler  - tableExists(metaData=org.apache.commons.dbcp.DelegatingDatabaseMetaData@7adcf393, schemaName=null, tableName=SCOPE) - start
146228 [main] DEBUG org.dbunit.util.SQLHelper  - close(resultSet=org.apache.commons.dbcp.DelegatingResultSet@163bdbd0) - start
146228 [main] DEBUG org.dbunit.util.SQLHelper  - close(resultSet=org.apache.commons.dbcp.DelegatingResultSet@40f3c09a) - start
146228 [main] DEBUG org.dbunit.util.search.DepthFirstSearch  - Adding node SCOPE to the final result
146228 [main] DEBUG org.dbunit.util.search.DepthFirstSearch  - Adding node SCOPEDCONTENT to the final result
146228 [main] DEBUG org.dbunit.util.search.DepthFirstSearch  - reverseSearch:SCOPEDCONTENT
146228 [main] DEBUG org.dbunit.util.search.DepthFirstSearch  - already searched; returning true
146228 [main] DEBUG org.dbunit.util.search.DepthFirstSearch  - reverseSearch:SCOPE
146228 [main] DEBUG org.dbunit.database.search.ImportedKeysSearchCallback  - searchNode(node=SCOPE) - start
146228 [main] DEBUG org.dbunit.util.search.DepthFirstSearch  - Pushing (reverse) SCOPE
146228 [main] DEBUG org.dbunit.database.search.ImportedKeysSearchCallback  - getEdges(node=SCOPE) - start
146228 [main] DEBUG org.dbunit.database.search.AbstractMetaDataBasedSearchCallback  - getNodesFromImportedKeys(node=SCOPE) - start
146228 [main] DEBUG org.dbunit.database.search.AbstractMetaDataBasedSearchCallback  - getNodes(type=0, node=SCOPE) - start
146228 [main] DEBUG org.dbunit.database.DatabaseDataSourceConnection  - getConnection() - start
146228 [main] DEBUG org.dbunit.database.search.AbstractMetaDataBasedSearchCallback  - getNodes(type=0, node=SCOPE, conn=Transaction-aware proxy for target Connection [jdbc:hsqldb:mem:kontrollDS, UserName=sw, HSQL Database Engine Driver], schema=null, metaData=org.apache.commons.dbcp.DelegatingDatabaseMetaData@42e9dfc6, edges=[]) - start
146228 [main] DEBUG org.dbunit.database.search.AbstractMetaDataBasedSearchCallback  - Getting edges for node SCOPE
146228 [main] TRACE org.dbunit.database.DatabaseConfig  - getProperty(name=http://www.dbunit.org/properties/metadataHandler) - start
146228 [main] TRACE org.dbunit.database.DefaultMetadataHandler  - tableExists(metaData=org.apache.commons.dbcp.DelegatingDatabaseMetaData@42e9dfc6, schemaName=null, tableName=SCOPE) - start
146229 [main] DEBUG org.dbunit.util.SQLHelper  - close(resultSet=org.apache.commons.dbcp.DelegatingResultSet@732fbf30) - start
146229 [main] DEBUG org.dbunit.util.SQLHelper  - close(resultSet=org.apache.commons.dbcp.DelegatingResultSet@228a9cf4) - start
146229 [main] DEBUG org.dbunit.util.search.DepthFirstSearch  - search:SCOPEDCONTENT
146229 [main] DEBUG org.dbunit.util.search.DepthFirstSearch  - already searched; returning true
146230 [main] DEBUG org.dbunit.util.search.DepthFirstSearch  - search:SCOPE
146230 [main] DEBUG org.dbunit.util.search.DepthFirstSearch  - already searched; returning true
146230 [main] DEBUG org.dbunit.database.DatabaseSequenceFilter  - getDependencyInfo(connection=_databaseConfig=org.dbunit.database.DatabaseConfig[, _propertyMap={http://www.dbunit.org/properties/statementFactory=org.dbunit.database.statement.PreparedStatementFactory@626bc2b8, http://www.dbunit.org/features/caseSensitiveTableNames=false, http://www.dbunit.org/properties/fetchSize=100, http://www.dbunit.org/features/batchedStatements=false, http://www.dbunit.org/properties/metadataHandler=org.dbunit.database.DefaultMetadataHandler@3bbfdfde, http://www.dbunit.org/properties/datatypeFactory=org.dbunit.dataset.datatype.DefaultDataTypeFactory[_toleratedDeltaMap=org.dbunit.dataset.datatype.ToleratedDeltaMap@6452310a], http://www.dbunit.org/properties/escapePattern=null, http://www.dbunit.org/properties/batchSize=100, http://www.dbunit.org/features/qualifiedTableNames=false, http://www.dbunit.org/properties/tableType=[Ljava.lang.String;@5011bafa, http://www.dbunit.org/properties/resultSetTableFactory=org.dbunit.database.CachedResultSetTableFactory@10bcf083, http://www.dbunit.org/features/datatypeWarning=true}], _dataSet=AbstractDataSet[_orderedTableNameMap=null], tableName=SCOPEDCONTENTCONDITION) - start
146230 [main] DEBUG org.dbunit.database.search.TablesDependencyHelper  - getDependentTables(connection=_databaseConfig=org.dbunit.database.DatabaseConfig[, _propertyMap={http://www.dbunit.org/properties/statementFactory=org.dbunit.database.statement.PreparedStatementFactory@626bc2b8, http://www.dbunit.org/features/caseSensitiveTableNames=false, http://www.dbunit.org/properties/fetchSize=100, http://www.dbunit.org/features/batchedStatements=false, http://www.dbunit.org/properties/metadataHandler=org.dbunit.database.DefaultMetadataHandler@3bbfdfde, http://www.dbunit.org/properties/datatypeFactory=org.dbunit.dataset.datatype.DefaultDataTypeFactory[_toleratedDeltaMap=org.dbunit.dataset.datatype.ToleratedDeltaMap@6452310a], http://www.dbunit.org/properties/escapePattern=null, http://www.dbunit.org/properties/batchSize=100, http://www.dbunit.org/features/qualifiedTableNames=false, http://www.dbunit.org/properties/tableType=[Ljava.lang.String;@5011bafa, http://www.dbunit.org/properties/resultSetTableFactory=org.dbunit.database.CachedResultSetTableFactory@10bcf083, http://www.dbunit.org/features/datatypeWarning=true}], _dataSet=AbstractDataSet[_orderedTableNameMap=null], rootTable=SCOPEDCONTENTCONDITION) - start
146230 [main] DEBUG org.dbunit.database.search.TablesDependencyHelper  - getDependentTables(connection=_databaseConfig=org.dbunit.database.DatabaseConfig[, _propertyMap={http://www.dbunit.org/properties/statementFactory=org.dbunit.database.statement.PreparedStatementFactory@626bc2b8, http://www.dbunit.org/features/caseSensitiveTableNames=false, http://www.dbunit.org/properties/fetchSize=100, http://www.dbunit.org/features/batchedStatements=false, http://www.dbunit.org/properties/metadataHandler=org.dbunit.database.DefaultMetadataHandler@3bbfdfde, http://www.dbunit.org/properties/datatypeFactory=org.dbunit.dataset.datatype.DefaultDataTypeFactory[_toleratedDeltaMap=org.dbunit.dataset.datatype.ToleratedDeltaMap@6452310a], http://www.dbunit.org/properties/escapePattern=null, http://www.dbunit.org/properties/batchSize=100, http://www.dbunit.org/features/qualifiedTableNames=false, http://www.dbunit.org/properties/tableType=[Ljava.lang.String;@5011bafa, http://www.dbunit.org/properties/resultSetTableFactory=org.dbunit.database.CachedResultSetTableFactory@10bcf083, http://www.dbunit.org/features/datatypeWarning=true}], _dataSet=AbstractDataSet[_orderedTableNameMap=null], rootTables=[SCOPEDCONTENTCONDITION]) - start
146230 [main] DEBUG org.dbunit.util.search.DepthFirstSearch  - search(nodesFrom=[SCOPEDCONTENTCONDITION], callback=org.dbunit.database.search.ImportedKeysSearchCallback@64902cf8) - start
146230 [main] DEBUG org.dbunit.util.CollectionsHelper  - objectsToSet(objects=SCOPEDCONTENTCONDITION) - start
146230 [main] DEBUG org.dbunit.util.search.DepthFirstSearch  - search(nodesFrom=[SCOPEDCONTENTCONDITION], callback=org.dbunit.database.search.ImportedKeysSearchCallback@64902cf8) - start
146230 [main] DEBUG org.dbunit.util.search.DepthFirstSearch  - reverseSearch:SCOPEDCONTENTCONDITION
146230 [main] DEBUG org.dbunit.database.search.ImportedKeysSearchCallback  - searchNode(node=SCOPEDCONTENTCONDITION) - start
146230 [main] DEBUG org.dbunit.util.search.DepthFirstSearch  - Pushing (reverse) SCOPEDCONTENTCONDITION
146230 [main] DEBUG org.dbunit.database.search.ImportedKeysSearchCallback  - getEdges(node=SCOPEDCONTENTCONDITION) - start
146230 [main] DEBUG org.dbunit.database.search.AbstractMetaDataBasedSearchCallback  - getNodesFromImportedKeys(node=SCOPEDCONTENTCONDITION) - start
146230 [main] DEBUG org.dbunit.database.search.AbstractMetaDataBasedSearchCallback  - getNodes(type=0, node=SCOPEDCONTENTCONDITION) - start
146230 [main] DEBUG org.dbunit.database.DatabaseDataSourceConnection  - getConnection() - start
146231 [main] DEBUG org.dbunit.database.search.AbstractMetaDataBasedSearchCallback  - getNodes(type=0, node=SCOPEDCONTENTCONDITION, conn=Transaction-aware proxy for target Connection [jdbc:hsqldb:mem:kontrollDS, UserName=sw, HSQL Database Engine Driver], schema=null, metaData=org.apache.commons.dbcp.DelegatingDatabaseMetaData@3578815c, edges=[]) - start
146231 [main] DEBUG org.dbunit.database.search.AbstractMetaDataBasedSearchCallback  - Getting edges for node SCOPEDCONTENTCONDITION
146231 [main] TRACE org.dbunit.database.DatabaseConfig  - getProperty(name=http://www.dbunit.org/properties/metadataHandler) - start
146231 [main] TRACE org.dbunit.database.DefaultMetadataHandler  - tableExists(metaData=org.apache.commons.dbcp.DelegatingDatabaseMetaData@3578815c, schemaName=null, tableName=SCOPEDCONTENTCONDITION) - start
146232 [main] DEBUG org.dbunit.util.SQLHelper  - close(resultSet=org.apache.commons.dbcp.DelegatingResultSet@db12ddf) - start
146232 [main] DEBUG org.dbunit.util.SQLHelper  - close(resultSet=org.apache.commons.dbcp.DelegatingResultSet@5267c531) - start
146232 [main] DEBUG org.dbunit.util.search.DepthFirstSearch  - search:SCOPEDCONTENTCONDITION
146232 [main] DEBUG org.dbunit.database.search.ImportedKeysSearchCallback  - searchNode(node=SCOPEDCONTENTCONDITION) - start
146232 [main] DEBUG org.dbunit.util.search.DepthFirstSearch  - Pushing SCOPEDCONTENTCONDITION
146232 [main] DEBUG org.dbunit.database.search.ImportedKeysSearchCallback  - getEdges(node=SCOPEDCONTENTCONDITION) - start
146232 [main] DEBUG org.dbunit.database.search.AbstractMetaDataBasedSearchCallback  - getNodesFromImportedKeys(node=SCOPEDCONTENTCONDITION) - start
146232 [main] DEBUG org.dbunit.database.search.AbstractMetaDataBasedSearchCallback  - getNodes(type=0, node=SCOPEDCONTENTCONDITION) - start
146232 [main] DEBUG org.dbunit.database.DatabaseDataSourceConnection  - getConnection() - start
146232 [main] DEBUG org.dbunit.database.search.AbstractMetaDataBasedSearchCallback  - getNodes(type=0, node=SCOPEDCONTENTCONDITION, conn=Transaction-aware proxy for target Connection [jdbc:hsqldb:mem:kontrollDS, UserName=sw, HSQL Database Engine Driver], schema=null, metaData=org.apache.commons.dbcp.DelegatingDatabaseMetaData@1ac33e3b, edges=[]) - start
146232 [main] DEBUG org.dbunit.database.search.AbstractMetaDataBasedSearchCallback  - Getting edges for node SCOPEDCONTENTCONDITION
146232 [main] TRACE org.dbunit.database.DatabaseConfig  - getProperty(name=http://www.dbunit.org/properties/metadataHandler) - start
146233 [main] TRACE org.dbunit.database.DefaultMetadataHandler  - tableExists(metaData=org.apache.commons.dbcp.DelegatingDatabaseMetaData@1ac33e3b, schemaName=null, tableName=SCOPEDCONTENTCONDITION) - start
146234 [main] DEBUG org.dbunit.util.SQLHelper  - close(resultSet=org.apache.commons.dbcp.DelegatingResultSet@26be2611) - start
146234 [main] DEBUG org.dbunit.util.SQLHelper  - close(resultSet=org.apache.commons.dbcp.DelegatingResultSet@74f04c81) - start
146234 [main] DEBUG org.dbunit.util.search.DepthFirstSearch  - Adding node SCOPEDCONTENTCONDITION to the final result
146234 [main] DEBUG org.dbunit.util.CollectionsHelper  - setToStrings(set=[SCOPEDCONTENTCONDITION]) - start
146234 [main] DEBUG org.dbunit.database.search.TablesDependencyHelper  - getDependsOnTables(connection=_databaseConfig=org.dbunit.database.DatabaseConfig[, _propertyMap={http://www.dbunit.org/properties/statementFactory=org.dbunit.database.statement.PreparedStatementFactory@626bc2b8, http://www.dbunit.org/features/caseSensitiveTableNames=false, http://www.dbunit.org/properties/fetchSize=100, http://www.dbunit.org/features/batchedStatements=false, http://www.dbunit.org/properties/metadataHandler=org.dbunit.database.DefaultMetadataHandler@3bbfdfde, http://www.dbunit.org/properties/datatypeFactory=org.dbunit.dataset.datatype.DefaultDataTypeFactory[_toleratedDeltaMap=org.dbunit.dataset.datatype.ToleratedDeltaMap@6452310a], http://www.dbunit.org/properties/escapePattern=null, http://www.dbunit.org/properties/batchSize=100, http://www.dbunit.org/features/qualifiedTableNames=false, http://www.dbunit.org/properties/tableType=[Ljava.lang.String;@5011bafa, http://www.dbunit.org/properties/resultSetTableFactory=org.dbunit.database.CachedResultSetTableFactory@10bcf083, http://www.dbunit.org/features/datatypeWarning=true}], _dataSet=AbstractDataSet[_orderedTableNameMap=null], rootTable=SCOPEDCONTENTCONDITION) - start
146234 [main] DEBUG org.dbunit.util.search.DepthFirstSearch  - search(nodesFrom=[SCOPEDCONTENTCONDITION], callback=org.dbunit.database.search.ExportedKeysSearchCallback@1ac5009a) - start
146234 [main] DEBUG org.dbunit.util.CollectionsHelper  - objectsToSet(objects=SCOPEDCONTENTCONDITION) - start
146234 [main] DEBUG org.dbunit.util.search.DepthFirstSearch  - search(nodesFrom=[SCOPEDCONTENTCONDITION], callback=org.dbunit.database.search.ExportedKeysSearchCallback@1ac5009a) - start
146234 [main] DEBUG org.dbunit.util.search.DepthFirstSearch  - reverseSearch:SCOPEDCONTENTCONDITION
146234 [main] DEBUG org.dbunit.database.search.ExportedKeysSearchCallback  - searchNode(node=SCOPEDCONTENTCONDITION) - start
146234 [main] DEBUG org.dbunit.util.search.DepthFirstSearch  - Pushing (reverse) SCOPEDCONTENTCONDITION
146234 [main] DEBUG org.dbunit.database.search.ExportedKeysSearchCallback  - getEdges(node=SCOPEDCONTENTCONDITION) - start
146234 [main] DEBUG org.dbunit.database.search.AbstractMetaDataBasedSearchCallback  - getNodesFromExportedKeys(node=SCOPEDCONTENTCONDITION) - start
146234 [main] DEBUG org.dbunit.database.search.AbstractMetaDataBasedSearchCallback  - getNodes(type=1, node=SCOPEDCONTENTCONDITION) - start
146234 [main] DEBUG org.dbunit.database.DatabaseDataSourceConnection  - getConnection() - start
146234 [main] DEBUG org.dbunit.database.search.AbstractMetaDataBasedSearchCallback  - getNodes(type=1, node=SCOPEDCONTENTCONDITION, conn=Transaction-aware proxy for target Connection [jdbc:hsqldb:mem:kontrollDS, UserName=sw, HSQL Database Engine Driver], schema=null, metaData=org.apache.commons.dbcp.DelegatingDatabaseMetaData@7baa8c30, edges=[]) - start
146234 [main] DEBUG org.dbunit.database.search.AbstractMetaDataBasedSearchCallback  - Getting edges for node SCOPEDCONTENTCONDITION
146234 [main] TRACE org.dbunit.database.DatabaseConfig  - getProperty(name=http://www.dbunit.org/properties/metadataHandler) - start
146234 [main] TRACE org.dbunit.database.DefaultMetadataHandler  - tableExists(metaData=org.apache.commons.dbcp.DelegatingDatabaseMetaData@7baa8c30, schemaName=null, tableName=SCOPEDCONTENTCONDITION) - start
146235 [main] DEBUG org.dbunit.util.SQLHelper  - close(resultSet=org.apache.commons.dbcp.DelegatingResultSet@4fb524ca) - start
146236 [main] DEBUG org.dbunit.util.QualifiedTableName  - getQualifiedNameIfEnabled(config=org.dbunit.database.DatabaseConfig[, _propertyMap={http://www.dbunit.org/properties/statementFactory=org.dbunit.database.statement.PreparedStatementFactory@626bc2b8, http://www.dbunit.org/features/caseSensitiveTableNames=false, http://www.dbunit.org/properties/fetchSize=100, http://www.dbunit.org/features/batchedStatements=false, http://www.dbunit.org/properties/metadataHandler=org.dbunit.database.DefaultMetadataHandler@3bbfdfde, http://www.dbunit.org/properties/datatypeFactory=org.dbunit.dataset.datatype.DefaultDataTypeFactory[_toleratedDeltaMap=org.dbunit.dataset.datatype.ToleratedDeltaMap@6452310a], http://www.dbunit.org/properties/escapePattern=null, http://www.dbunit.org/properties/batchSize=100, http://www.dbunit.org/features/qualifiedTableNames=false, http://www.dbunit.org/properties/tableType=[Ljava.lang.String;@5011bafa, http://www.dbunit.org/properties/resultSetTableFactory=org.dbunit.database.CachedResultSetTableFactory@10bcf083, http://www.dbunit.org/features/datatypeWarning=true}]) - start
146236 [main] TRACE org.dbunit.database.DatabaseConfig  - getFeature(name=http://www.dbunit.org/features/qualifiedTableNames) - start
146236 [main] TRACE org.dbunit.database.DatabaseConfig  - getProperty(name=http://www.dbunit.org/features/qualifiedTableNames) - start
146236 [main] DEBUG org.dbunit.util.QualifiedTableName  - Qualified table names feature is disabled. Returning plain table name
146236 [main] DEBUG org.dbunit.util.QualifiedTableName  - getQualifiedName(prefix=null, name=SCOPEDCONTENTCONDITION, escapePattern=null) - start
146236 [main] DEBUG org.dbunit.util.QualifiedTableName  - getQualifiedNameIfEnabled(config=org.dbunit.database.DatabaseConfig[, _propertyMap={http://www.dbunit.org/properties/statementFactory=org.dbunit.database.statement.PreparedStatementFactory@626bc2b8, http://www.dbunit.org/features/caseSensitiveTableNames=false, http://www.dbunit.org/properties/fetchSize=100, http://www.dbunit.org/features/batchedStatements=false, http://www.dbunit.org/properties/metadataHandler=org.dbunit.database.DefaultMetadataHandler@3bbfdfde, http://www.dbunit.org/properties/datatypeFactory=org.dbunit.dataset.datatype.DefaultDataTypeFactory[_toleratedDeltaMap=org.dbunit.dataset.datatype.ToleratedDeltaMap@6452310a], http://www.dbunit.org/properties/escapePattern=null, http://www.dbunit.org/properties/batchSize=100, http://www.dbunit.org/features/qualifiedTableNames=false, http://www.dbunit.org/properties/tableType=[Ljava.lang.String;@5011bafa, http://www.dbunit.org/properties/resultSetTableFactory=org.dbunit.database.CachedResultSetTableFactory@10bcf083, http://www.dbunit.org/features/datatypeWarning=true}]) - start
146236 [main] TRACE org.dbunit.database.DatabaseConfig  - getFeature(name=http://www.dbunit.org/features/qualifiedTableNames) - start
146236 [main] TRACE org.dbunit.database.DatabaseConfig  - getProperty(name=http://www.dbunit.org/features/qualifiedTableNames) - start
146236 [main] DEBUG org.dbunit.util.QualifiedTableName  - Qualified table names feature is disabled. Returning plain table name
146236 [main] DEBUG org.dbunit.util.QualifiedTableName  - getQualifiedName(prefix=null, name=NESTEDSCOPEDCONTENTCONDITIONS, escapePattern=null) - start
146236 [main] DEBUG org.dbunit.database.search.AbstractMetaDataBasedSearchCallback  - newEdge(rs=org.apache.commons.dbcp.DelegatingResultSet@7f357250, type=1, from=SCOPEDCONTENTCONDITION, to=NESTEDSCOPEDCONTENTCONDITIONS, fkColumn=CHILD_CONDITION_ID, pkColumn=ID) - start
146236 [main] DEBUG org.dbunit.database.search.AbstractMetaDataBasedSearchCallback  - createFKEdge(rs=org.apache.commons.dbcp.DelegatingResultSet@7f357250, type=1, from=SCOPEDCONTENTCONDITION, to=NESTEDSCOPEDCONTENTCONDITIONS, fkColumn=CHILD_CONDITION_ID, pkColumn=ID) - start
146236 [main] DEBUG org.dbunit.database.search.AbstractMetaDataBasedSearchCallback  - Adding edge NESTEDSCOPEDCONTENTCONDITIONS(CHILD_CONDITION_ID)->SCOPEDCONTENTCONDITION(ID)
146236 [main] DEBUG org.dbunit.util.search.Edge  - compareTo(o=NESTEDSCOPEDCONTENTCONDITIONS(CHILD_CONDITION_ID)->SCOPEDCONTENTCONDITION(ID)) - start
146236 [main] DEBUG org.dbunit.util.QualifiedTableName  - getQualifiedNameIfEnabled(config=org.dbunit.database.DatabaseConfig[, _propertyMap={http://www.dbunit.org/properties/statementFactory=org.dbunit.database.statement.PreparedStatementFactory@626bc2b8, http://www.dbunit.org/features/caseSensitiveTableNames=false, http://www.dbunit.org/properties/fetchSize=100, http://www.dbunit.org/features/batchedStatements=false, http://www.dbunit.org/properties/metadataHandler=org.dbunit.database.DefaultMetadataHandler@3bbfdfde, http://www.dbunit.org/properties/datatypeFactory=org.dbunit.dataset.datatype.DefaultDataTypeFactory[_toleratedDeltaMap=org.dbunit.dataset.datatype.ToleratedDeltaMap@6452310a], http://www.dbunit.org/properties/escapePattern=null, http://www.dbunit.org/properties/batchSize=100, http://www.dbunit.org/features/qualifiedTableNames=false, http://www.dbunit.org/properties/tableType=[Ljava.lang.String;@5011bafa, http://www.dbunit.org/properties/resultSetTableFactory=org.dbunit.database.CachedResultSetTableFactory@10bcf083, http://www.dbunit.org/features/datatypeWarning=true}]) - start
146236 [main] TRACE org.dbunit.database.DatabaseConfig  - getFeature(name=http://www.dbunit.org/features/qualifiedTableNames) - start
146236 [main] TRACE org.dbunit.database.DatabaseConfig  - getProperty(name=http://www.dbunit.org/features/qualifiedTableNames) - start
146236 [main] DEBUG org.dbunit.util.QualifiedTableName  - Qualified table names feature is disabled. Returning plain table name
146236 [main] DEBUG org.dbunit.util.QualifiedTableName  - getQualifiedName(prefix=null, name=SCOPEDCONTENTCONDITION, escapePattern=null) - start
146236 [main] DEBUG org.dbunit.util.QualifiedTableName  - getQualifiedNameIfEnabled(config=org.dbunit.database.DatabaseConfig[, _propertyMap={http://www.dbunit.org/properties/statementFactory=org.dbunit.database.statement.PreparedStatementFactory@626bc2b8, http://www.dbunit.org/features/caseSensitiveTableNames=false, http://www.dbunit.org/properties/fetchSize=100, http://www.dbunit.org/features/batchedStatements=false, http://www.dbunit.org/properties/metadataHandler=org.dbunit.database.DefaultMetadataHandler@3bbfdfde, http://www.dbunit.org/properties/datatypeFactory=org.dbunit.dataset.datatype.DefaultDataTypeFactory[_toleratedDeltaMap=org.dbunit.dataset.datatype.ToleratedDeltaMap@6452310a], http://www.dbunit.org/properties/escapePattern=null, http://www.dbunit.org/properties/batchSize=100, http://www.dbunit.org/features/qualifiedTableNames=false, http://www.dbunit.org/properties/tableType=[Ljava.lang.String;@5011bafa, http://www.dbunit.org/properties/resultSetTableFactory=org.dbunit.database.CachedResultSetTableFactory@10bcf083, http://www.dbunit.org/features/datatypeWarning=true}]) - start
146236 [main] TRACE org.dbunit.database.DatabaseConfig  - getFeature(name=http://www.dbunit.org/features/qualifiedTableNames) - start
146236 [main] TRACE org.dbunit.database.DatabaseConfig  - getProperty(name=http://www.dbunit.org/features/qualifiedTableNames) - start
146236 [main] DEBUG org.dbunit.util.QualifiedTableName  - Qualified table names feature is disabled. Returning plain table name
146236 [main] DEBUG org.dbunit.util.QualifiedTableName  - getQualifiedName(prefix=null, name=NESTEDSCOPEDCONTENTCONDITIONS, escapePattern=null) - start
146236 [main] DEBUG org.dbunit.database.search.AbstractMetaDataBasedSearchCallback  - newEdge(rs=org.apache.commons.dbcp.DelegatingResultSet@7f357250, type=1, from=SCOPEDCONTENTCONDITION, to=NESTEDSCOPEDCONTENTCONDITIONS, fkColumn=PARENT_CONDITION_ID, pkColumn=ID) - start
146237 [main] DEBUG org.dbunit.database.search.AbstractMetaDataBasedSearchCallback  - createFKEdge(rs=org.apache.commons.dbcp.DelegatingResultSet@7f357250, type=1, from=SCOPEDCONTENTCONDITION, to=NESTEDSCOPEDCONTENTCONDITIONS, fkColumn=PARENT_CONDITION_ID, pkColumn=ID) - start
146237 [main] DEBUG org.dbunit.database.search.AbstractMetaDataBasedSearchCallback  - Adding edge NESTEDSCOPEDCONTENTCONDITIONS(PARENT_CONDITION_ID)->SCOPEDCONTENTCONDITION(ID)
146237 [main] DEBUG org.dbunit.util.search.Edge  - compareTo(o=NESTEDSCOPEDCONTENTCONDITIONS(CHILD_CONDITION_ID)->SCOPEDCONTENTCONDITION(ID)) - start
146237 [main] DEBUG org.dbunit.util.QualifiedTableName  - getQualifiedNameIfEnabled(config=org.dbunit.database.DatabaseConfig[, _propertyMap={http://www.dbunit.org/properties/statementFactory=org.dbunit.database.statement.PreparedStatementFactory@626bc2b8, http://www.dbunit.org/features/caseSensitiveTableNames=false, http://www.dbunit.org/properties/fetchSize=100, http://www.dbunit.org/features/batchedStatements=false, http://www.dbunit.org/properties/metadataHandler=org.dbunit.database.DefaultMetadataHandler@3bbfdfde, http://www.dbunit.org/properties/datatypeFactory=org.dbunit.dataset.datatype.DefaultDataTypeFactory[_toleratedDeltaMap=org.dbunit.dataset.datatype.ToleratedDeltaMap@6452310a], http://www.dbunit.org/properties/escapePattern=null, http://www.dbunit.org/properties/batchSize=100, http://www.dbunit.org/features/qualifiedTableNames=false, http://www.dbunit.org/properties/tableType=[Ljava.lang.String;@5011bafa, http://www.dbunit.org/properties/resultSetTableFactory=org.dbunit.database.CachedResultSetTableFactory@10bcf083, http://www.dbunit.org/features/datatypeWarning=true}]) - start
146237 [main] TRACE org.dbunit.database.DatabaseConfig  - getFeature(name=http://www.dbunit.org/features/qualifiedTableNames) - start
146237 [main] TRACE org.dbunit.database.DatabaseConfig  - getProperty(name=http://www.dbunit.org/features/qualifiedTableNames) - start
146237 [main] DEBUG org.dbunit.util.QualifiedTableName  - Qualified table names feature is disabled. Returning plain table name
146237 [main] DEBUG org.dbunit.util.QualifiedTableName  - getQualifiedName(prefix=null, name=SCOPEDCONTENTCONDITION, escapePattern=null) - start
146237 [main] DEBUG org.dbunit.util.QualifiedTableName  - getQualifiedNameIfEnabled(config=org.dbunit.database.DatabaseConfig[, _propertyMap={http://www.dbunit.org/properties/statementFactory=org.dbunit.database.statement.PreparedStatementFactory@626bc2b8, http://www.dbunit.org/features/caseSensitiveTableNames=false, http://www.dbunit.org/properties/fetchSize=100, http://www.dbunit.org/features/batchedStatements=false, http://www.dbunit.org/properties/metadataHandler=org.dbunit.database.DefaultMetadataHandler@3bbfdfde, http://www.dbunit.org/properties/datatypeFactory=org.dbunit.dataset.datatype.DefaultDataTypeFactory[_toleratedDeltaMap=org.dbunit.dataset.datatype.ToleratedDeltaMap@6452310a], http://www.dbunit.org/properties/escapePattern=null, http://www.dbunit.org/properties/batchSize=100, http://www.dbunit.org/features/qualifiedTableNames=false, http://www.dbunit.org/properties/tableType=[Ljava.lang.String;@5011bafa, http://www.dbunit.org/properties/resultSetTableFactory=org.dbunit.database.CachedResultSetTableFactory@10bcf083, http://www.dbunit.org/features/datatypeWarning=true}]) - start
146237 [main] TRACE org.dbunit.database.DatabaseConfig  - getFeature(name=http://www.dbunit.org/features/qualifiedTableNames) - start
146237 [main] TRACE org.dbunit.database.DatabaseConfig  - getProperty(name=http://www.dbunit.org/features/qualifiedTableNames) - start
146237 [main] DEBUG org.dbunit.util.QualifiedTableName  - Qualified table names feature is disabled. Returning plain table name
146237 [main] DEBUG org.dbunit.util.QualifiedTableName  - getQualifiedName(prefix=null, name=SCOPEDCONTENTCONDITIONATTRIBUTE, escapePattern=null) - start
146237 [main] DEBUG org.dbunit.database.search.AbstractMetaDataBasedSearchCallback  - newEdge(rs=org.apache.commons.dbcp.DelegatingResultSet@7f357250, type=1, from=SCOPEDCONTENTCONDITION, to=SCOPEDCONTENTCONDITIONATTRIBUTE, fkColumn=SCOPEDCONTENTCONDITION, pkColumn=ID) - start
146237 [main] DEBUG org.dbunit.database.search.AbstractMetaDataBasedSearchCallback  - createFKEdge(rs=org.apache.commons.dbcp.DelegatingResultSet@7f357250, type=1, from=SCOPEDCONTENTCONDITION, to=SCOPEDCONTENTCONDITIONATTRIBUTE, fkColumn=SCOPEDCONTENTCONDITION, pkColumn=ID) - start
146237 [main] DEBUG org.dbunit.database.search.AbstractMetaDataBasedSearchCallback  - Adding edge SCOPEDCONTENTCONDITIONATTRIBUTE(SCOPEDCONTENTCONDITION)->SCOPEDCONTENTCONDITION(ID)
146237 [main] DEBUG org.dbunit.util.search.Edge  - compareTo(o=NESTEDSCOPEDCONTENTCONDITIONS(CHILD_CONDITION_ID)->SCOPEDCONTENTCONDITION(ID)) - start
146237 [main] DEBUG org.dbunit.util.QualifiedTableName  - getQualifiedNameIfEnabled(config=org.dbunit.database.DatabaseConfig[, _propertyMap={http://www.dbunit.org/properties/statementFactory=org.dbunit.database.statement.PreparedStatementFactory@626bc2b8, http://www.dbunit.org/features/caseSensitiveTableNames=false, http://www.dbunit.org/properties/fetchSize=100, http://www.dbunit.org/features/batchedStatements=false, http://www.dbunit.org/properties/metadataHandler=org.dbunit.database.DefaultMetadataHandler@3bbfdfde, http://www.dbunit.org/properties/datatypeFactory=org.dbunit.dataset.datatype.DefaultDataTypeFactory[_toleratedDeltaMap=org.dbunit.dataset.datatype.ToleratedDeltaMap@6452310a], http://www.dbunit.org/properties/escapePattern=null, http://www.dbunit.org/properties/batchSize=100, http://www.dbunit.org/features/qualifiedTableNames=false, http://www.dbunit.org/properties/tableType=[Ljava.lang.String;@5011bafa, http://www.dbunit.org/properties/resultSetTableFactory=org.dbunit.database.CachedResultSetTableFactory@10bcf083, http://www.dbunit.org/features/datatypeWarning=true}]) - start
146237 [main] TRACE org.dbunit.database.DatabaseConfig  - getFeature(name=http://www.dbunit.org/features/qualifiedTableNames) - start
146237 [main] TRACE org.dbunit.database.DatabaseConfig  - getProperty(name=http://www.dbunit.org/features/qualifiedTableNames) - start
146237 [main] DEBUG org.dbunit.util.QualifiedTableName  - Qualified table names feature is disabled. Returning plain table name
146237 [main] DEBUG org.dbunit.util.QualifiedTableName  - getQualifiedName(prefix=null, name=SCOPEDCONTENTCONDITION, escapePattern=null) - start
146237 [main] DEBUG org.dbunit.util.QualifiedTableName  - getQualifiedNameIfEnabled(config=org.dbunit.database.DatabaseConfig[, _propertyMap={http://www.dbunit.org/properties/statementFactory=org.dbunit.database.statement.PreparedStatementFactory@626bc2b8, http://www.dbunit.org/features/caseSensitiveTableNames=false, http://www.dbunit.org/properties/fetchSize=100, http://www.dbunit.org/features/batchedStatements=false, http://www.dbunit.org/properties/metadataHandler=org.dbunit.database.DefaultMetadataHandler@3bbfdfde, http://www.dbunit.org/properties/datatypeFactory=org.dbunit.dataset.datatype.DefaultDataTypeFactory[_toleratedDeltaMap=org.dbunit.dataset.datatype.ToleratedDeltaMap@6452310a], http://www.dbunit.org/properties/escapePattern=null, http://www.dbunit.org/properties/batchSize=100, http://www.dbunit.org/features/qualifiedTableNames=false, http://www.dbunit.org/properties/tableType=[Ljava.lang.String;@5011bafa, http://www.dbunit.org/properties/resultSetTableFactory=org.dbunit.database.CachedResultSetTableFactory@10bcf083, http://www.dbunit.org/features/datatypeWarning=true}]) - start
146238 [main] TRACE org.dbunit.database.DatabaseConfig  - getFeature(name=http://www.dbunit.org/features/qualifiedTableNames) - start
146238 [main] TRACE org.dbunit.database.DatabaseConfig  - getProperty(name=http://www.dbunit.org/features/qualifiedTableNames) - start
146238 [main] DEBUG org.dbunit.util.QualifiedTableName  - Qualified table names feature is disabled. Returning plain table name
146238 [main] DEBUG org.dbunit.util.QualifiedTableName  - getQualifiedName(prefix=null, name=SCOPEDCONTENTCONDITIONS_SCOPEDCONTENT, escapePattern=null) - start
146238 [main] DEBUG org.dbunit.database.search.AbstractMetaDataBasedSearchCallback  - newEdge(rs=org.apache.commons.dbcp.DelegatingResultSet@7f357250, type=1, from=SCOPEDCONTENTCONDITION, to=SCOPEDCONTENTCONDITIONS_SCOPEDCONTENT, fkColumn=SCOPED_CONTENT_CONDITION_ID, pkColumn=ID) - start
146238 [main] DEBUG org.dbunit.database.search.AbstractMetaDataBasedSearchCallback  - createFKEdge(rs=org.apache.commons.dbcp.DelegatingResultSet@7f357250, type=1, from=SCOPEDCONTENTCONDITION, to=SCOPEDCONTENTCONDITIONS_SCOPEDCONTENT, fkColumn=SCOPED_CONTENT_CONDITION_ID, pkColumn=ID) - start
146238 [main] DEBUG org.dbunit.database.search.AbstractMetaDataBasedSearchCallback  - Adding edge SCOPEDCONTENTCONDITIONS_SCOPEDCONTENT(SCOPED_CONTENT_CONDITION_ID)->SCOPEDCONTENTCONDITION(ID)
146238 [main] DEBUG org.dbunit.util.search.Edge  - compareTo(o=NESTEDSCOPEDCONTENTCONDITIONS(CHILD_CONDITION_ID)->SCOPEDCONTENTCONDITION(ID)) - start
146238 [main] DEBUG org.dbunit.util.search.Edge  - compareTo(o=SCOPEDCONTENTCONDITIONATTRIBUTE(SCOPEDCONTENTCONDITION)->SCOPEDCONTENTCONDITION(ID)) - start
146238 [main] DEBUG org.dbunit.util.QualifiedTableName  - getQualifiedNameIfEnabled(config=org.dbunit.database.DatabaseConfig[, _propertyMap={http://www.dbunit.org/properties/statementFactory=org.dbunit.database.statement.PreparedStatementFactory@626bc2b8, http://www.dbunit.org/features/caseSensitiveTableNames=false, http://www.dbunit.org/properties/fetchSize=100, http://www.dbunit.org/features/batchedStatements=false, http://www.dbunit.org/properties/metadataHandler=org.dbunit.database.DefaultMetadataHandler@3bbfdfde, http://www.dbunit.org/properties/datatypeFactory=org.dbunit.dataset.datatype.DefaultDataTypeFactory[_toleratedDeltaMap=org.dbunit.dataset.datatype.ToleratedDeltaMap@6452310a], http://www.dbunit.org/properties/escapePattern=null, http://www.dbunit.org/properties/batchSize=100, http://www.dbunit.org/features/qualifiedTableNames=false, http://www.dbunit.org/properties/tableType=[Ljava.lang.String;@5011bafa, http://www.dbunit.org/properties/resultSetTableFactory=org.dbunit.database.CachedResultSetTableFactory@10bcf083, http://www.dbunit.org/features/datatypeWarning=true}]) - start
146238 [main] TRACE org.dbunit.database.DatabaseConfig  - getFeature(name=http://www.dbunit.org/features/qualifiedTableNames) - start
146238 [main] TRACE org.dbunit.database.DatabaseConfig  - getProperty(name=http://www.dbunit.org/features/qualifiedTableNames) - start
146238 [main] DEBUG org.dbunit.util.QualifiedTableName  - Qualified table names feature is disabled. Returning plain table name
146238 [main] DEBUG org.dbunit.util.QualifiedTableName  - getQualifiedName(prefix=null, name=SCOPEDCONTENTCONDITION, escapePattern=null) - start
146238 [main] DEBUG org.dbunit.util.QualifiedTableName  - getQualifiedNameIfEnabled(config=org.dbunit.database.DatabaseConfig[, _propertyMap={http://www.dbunit.org/properties/statementFactory=org.dbunit.database.statement.PreparedStatementFactory@626bc2b8, http://www.dbunit.org/features/caseSensitiveTableNames=false, http://www.dbunit.org/properties/fetchSize=100, http://www.dbunit.org/features/batchedStatements=false, http://www.dbunit.org/properties/metadataHandler=org.dbunit.database.DefaultMetadataHandler@3bbfdfde, http://www.dbunit.org/properties/datatypeFactory=org.dbunit.dataset.datatype.DefaultDataTypeFactory[_toleratedDeltaMap=org.dbunit.dataset.datatype.ToleratedDeltaMap@6452310a], http://www.dbunit.org/properties/escapePattern=null, http://www.dbunit.org/properties/batchSize=100, http://www.dbunit.org/features/qualifiedTableNames=false, http://www.dbunit.org/properties/tableType=[Ljava.lang.String;@5011bafa, http://www.dbunit.org/properties/resultSetTableFactory=org.dbunit.database.CachedResultSetTableFactory@10bcf083, http://www.dbunit.org/features/datatypeWarning=true}]) - start
146238 [main] TRACE org.dbunit.database.DatabaseConfig  - getFeature(name=http://www.dbunit.org/features/qualifiedTableNames) - start
146238 [main] TRACE org.dbunit.database.DatabaseConfig  - getProperty(name=http://www.dbunit.org/features/qualifiedTableNames) - start
146238 [main] DEBUG org.dbunit.util.QualifiedTableName  - Qualified table names feature is disabled. Returning plain table name
146238 [main] DEBUG org.dbunit.util.QualifiedTableName  - getQualifiedName(prefix=null, name=SCOPEDCONTENTCONDITIONS_SCOPEDCONTENTITEM, escapePattern=null) - start
146238 [main] DEBUG org.dbunit.database.search.AbstractMetaDataBasedSearchCallback  - newEdge(rs=org.apache.commons.dbcp.DelegatingResultSet@7f357250, type=1, from=SCOPEDCONTENTCONDITION, to=SCOPEDCONTENTCONDITIONS_SCOPEDCONTENTITEM, fkColumn=SCOPED_CONTENT_CONDITION_ID, pkColumn=ID) - start
146238 [main] DEBUG org.dbunit.database.search.AbstractMetaDataBasedSearchCallback  - createFKEdge(rs=org.apache.commons.dbcp.DelegatingResultSet@7f357250, type=1, from=SCOPEDCONTENTCONDITION, to=SCOPEDCONTENTCONDITIONS_SCOPEDCONTENTITEM, fkColumn=SCOPED_CONTENT_CONDITION_ID, pkColumn=ID) - start
146238 [main] DEBUG org.dbunit.database.search.AbstractMetaDataBasedSearchCallback  - Adding edge SCOPEDCONTENTCONDITIONS_SCOPEDCONTENTITEM(SCOPED_CONTENT_CONDITION_ID)->SCOPEDCONTENTCONDITION(ID)
146238 [main] DEBUG org.dbunit.util.search.Edge  - compareTo(o=SCOPEDCONTENTCONDITIONATTRIBUTE(SCOPEDCONTENTCONDITION)->SCOPEDCONTENTCONDITION(ID)) - start
146238 [main] DEBUG org.dbunit.util.search.Edge  - compareTo(o=SCOPEDCONTENTCONDITIONS_SCOPEDCONTENT(SCOPED_CONTENT_CONDITION_ID)->SCOPEDCONTENTCONDITION(ID)) - start
146238 [main] DEBUG org.dbunit.util.SQLHelper  - close(resultSet=org.apache.commons.dbcp.DelegatingResultSet@7f357250) - start
146239 [main] DEBUG org.dbunit.util.search.DepthFirstSearch  - reverseSearch:NESTEDSCOPEDCONTENTCONDITIONS
146239 [main] DEBUG org.dbunit.database.search.ExportedKeysSearchCallback  - searchNode(node=NESTEDSCOPEDCONTENTCONDITIONS) - start
146239 [main] DEBUG org.dbunit.util.search.DepthFirstSearch  - Pushing (reverse) NESTEDSCOPEDCONTENTCONDITIONS
146239 [main] DEBUG org.dbunit.database.search.ExportedKeysSearchCallback  - getEdges(node=NESTEDSCOPEDCONTENTCONDITIONS) - start
146239 [main] DEBUG org.dbunit.database.search.AbstractMetaDataBasedSearchCallback  - getNodesFromExportedKeys(node=NESTEDSCOPEDCONTENTCONDITIONS) - start
146239 [main] DEBUG org.dbunit.database.search.AbstractMetaDataBasedSearchCallback  - getNodes(type=1, node=NESTEDSCOPEDCONTENTCONDITIONS) - start
146239 [main] DEBUG org.dbunit.database.DatabaseDataSourceConnection  - getConnection() - start
146239 [main] DEBUG org.dbunit.database.search.AbstractMetaDataBasedSearchCallback  - getNodes(type=1, node=NESTEDSCOPEDCONTENTCONDITIONS, conn=Transaction-aware proxy for target Connection [jdbc:hsqldb:mem:kontrollDS, UserName=sw, HSQL Database Engine Driver], schema=null, metaData=org.apache.commons.dbcp.DelegatingDatabaseMetaData@de4236f, edges=[]) - start
146239 [main] DEBUG org.dbunit.database.search.AbstractMetaDataBasedSearchCallback  - Getting edges for node NESTEDSCOPEDCONTENTCONDITIONS
146239 [main] TRACE org.dbunit.database.DatabaseConfig  - getProperty(name=http://www.dbunit.org/properties/metadataHandler) - start
146239 [main] TRACE org.dbunit.database.DefaultMetadataHandler  - tableExists(metaData=org.apache.commons.dbcp.DelegatingDatabaseMetaData@de4236f, schemaName=null, tableName=NESTEDSCOPEDCONTENTCONDITIONS) - start
146240 [main] DEBUG org.dbunit.util.SQLHelper  - close(resultSet=org.apache.commons.dbcp.DelegatingResultSet@546a45bd) - start
146240 [main] DEBUG org.dbunit.util.SQLHelper  - close(resultSet=org.apache.commons.dbcp.DelegatingResultSet@32f10a30) - start
146240 [main] DEBUG org.dbunit.util.search.DepthFirstSearch  - reverseSearch:SCOPEDCONTENTCONDITIONATTRIBUTE
146240 [main] DEBUG org.dbunit.database.search.ExportedKeysSearchCallback  - searchNode(node=SCOPEDCONTENTCONDITIONATTRIBUTE) - start
146240 [main] DEBUG org.dbunit.util.search.DepthFirstSearch  - Pushing (reverse) SCOPEDCONTENTCONDITIONATTRIBUTE
146240 [main] DEBUG org.dbunit.database.search.ExportedKeysSearchCallback  - getEdges(node=SCOPEDCONTENTCONDITIONATTRIBUTE) - start
146240 [main] DEBUG org.dbunit.database.search.AbstractMetaDataBasedSearchCallback  - getNodesFromExportedKeys(node=SCOPEDCONTENTCONDITIONATTRIBUTE) - start
146240 [main] DEBUG org.dbunit.database.search.AbstractMetaDataBasedSearchCallback  - getNodes(type=1, node=SCOPEDCONTENTCONDITIONATTRIBUTE) - start
146240 [main] DEBUG org.dbunit.database.DatabaseDataSourceConnection  - getConnection() - start
146240 [main] DEBUG org.dbunit.database.search.AbstractMetaDataBasedSearchCallback  - getNodes(type=1, node=SCOPEDCONTENTCONDITIONATTRIBUTE, conn=Transaction-aware proxy for target Connection [jdbc:hsqldb:mem:kontrollDS, UserName=sw, HSQL Database Engine Driver], schema=null, metaData=org.apache.commons.dbcp.DelegatingDatabaseMetaData@6ed3ef70, edges=[]) - start
146240 [main] DEBUG org.dbunit.database.search.AbstractMetaDataBasedSearchCallback  - Getting edges for node SCOPEDCONTENTCONDITIONATTRIBUTE
146240 [main] TRACE org.dbunit.database.DatabaseConfig  - getProperty(name=http://www.dbunit.org/properties/metadataHandler) - start
146241 [main] TRACE org.dbunit.database.DefaultMetadataHandler  - tableExists(metaData=org.apache.commons.dbcp.DelegatingDatabaseMetaData@6ed3ef70, schemaName=null, tableName=SCOPEDCONTENTCONDITIONATTRIBUTE) - start
146241 [main] DEBUG org.dbunit.util.SQLHelper  - close(resultSet=org.apache.commons.dbcp.DelegatingResultSet@ff7c3bb) - start
146242 [main] DEBUG org.dbunit.util.SQLHelper  - close(resultSet=org.apache.commons.dbcp.DelegatingResultSet@7b035317) - start
146242 [main] DEBUG org.dbunit.util.search.DepthFirstSearch  - reverseSearch:SCOPEDCONTENTCONDITIONS_SCOPEDCONTENT
146242 [main] DEBUG org.dbunit.database.search.ExportedKeysSearchCallback  - searchNode(node=SCOPEDCONTENTCONDITIONS_SCOPEDCONTENT) - start
146242 [main] DEBUG org.dbunit.util.search.DepthFirstSearch  - Pushing (reverse) SCOPEDCONTENTCONDITIONS_SCOPEDCONTENT
146242 [main] DEBUG org.dbunit.database.search.ExportedKeysSearchCallback  - getEdges(node=SCOPEDCONTENTCONDITIONS_SCOPEDCONTENT) - start
146242 [main] DEBUG org.dbunit.database.search.AbstractMetaDataBasedSearchCallback  - getNodesFromExportedKeys(node=SCOPEDCONTENTCONDITIONS_SCOPEDCONTENT) - start
146242 [main] DEBUG org.dbunit.database.search.AbstractMetaDataBasedSearchCallback  - getNodes(type=1, node=SCOPEDCONTENTCONDITIONS_SCOPEDCONTENT) - start
146242 [main] DEBUG org.dbunit.database.DatabaseDataSourceConnection  - getConnection() - start
146242 [main] DEBUG org.dbunit.database.search.AbstractMetaDataBasedSearchCallback  - getNodes(type=1, node=SCOPEDCONTENTCONDITIONS_SCOPEDCONTENT, conn=Transaction-aware proxy for target Connection [jdbc:hsqldb:mem:kontrollDS, UserName=sw, HSQL Database Engine Driver], schema=null, metaData=org.apache.commons.dbcp.DelegatingDatabaseMetaData@17444a19, edges=[]) - start
146242 [main] DEBUG org.dbunit.database.search.AbstractMetaDataBasedSearchCallback  - Getting edges for node SCOPEDCONTENTCONDITIONS_SCOPEDCONTENT
146242 [main] TRACE org.dbunit.database.DatabaseConfig  - getProperty(name=http://www.dbunit.org/properties/metadataHandler) - start
146242 [main] TRACE org.dbunit.database.DefaultMetadataHandler  - tableExists(metaData=org.apache.commons.dbcp.DelegatingDatabaseMetaData@17444a19, schemaName=null, tableName=SCOPEDCONTENTCONDITIONS_SCOPEDCONTENT) - start
146245 [main] DEBUG org.dbunit.util.SQLHelper  - close(resultSet=org.apache.commons.dbcp.DelegatingResultSet@41f35d1) - start
146245 [main] DEBUG org.dbunit.util.SQLHelper  - close(resultSet=org.apache.commons.dbcp.DelegatingResultSet@d3d08f) - start
146245 [main] DEBUG org.dbunit.util.search.DepthFirstSearch  - reverseSearch:SCOPEDCONTENTCONDITIONS_SCOPEDCONTENTITEM
146245 [main] DEBUG org.dbunit.database.search.ExportedKeysSearchCallback  - searchNode(node=SCOPEDCONTENTCONDITIONS_SCOPEDCONTENTITEM) - start
146245 [main] DEBUG org.dbunit.util.search.DepthFirstSearch  - Pushing (reverse) SCOPEDCONTENTCONDITIONS_SCOPEDCONTENTITEM
146245 [main] DEBUG org.dbunit.database.search.ExportedKeysSearchCallback  - getEdges(node=SCOPEDCONTENTCONDITIONS_SCOPEDCONTENTITEM) - start
146245 [main] DEBUG org.dbunit.database.search.AbstractMetaDataBasedSearchCallback  - getNodesFromExportedKeys(node=SCOPEDCONTENTCONDITIONS_SCOPEDCONTENTITEM) - start
146246 [main] DEBUG org.dbunit.database.search.AbstractMetaDataBasedSearchCallback  - getNodes(type=1, node=SCOPEDCONTENTCONDITIONS_SCOPEDCONTENTITEM) - start
146246 [main] DEBUG org.dbunit.database.DatabaseDataSourceConnection  - getConnection() - start
146246 [main] DEBUG org.dbunit.database.search.AbstractMetaDataBasedSearchCallback  - getNodes(type=1, node=SCOPEDCONTENTCONDITIONS_SCOPEDCONTENTITEM, conn=Transaction-aware proxy for target Connection [jdbc:hsqldb:mem:kontrollDS, UserName=sw, HSQL Database Engine Driver], schema=null, metaData=org.apache.commons.dbcp.DelegatingDatabaseMetaData@52215cb5, edges=[]) - start
146246 [main] DEBUG org.dbunit.database.search.AbstractMetaDataBasedSearchCallback  - Getting edges for node SCOPEDCONTENTCONDITIONS_SCOPEDCONTENTITEM
146246 [main] TRACE org.dbunit.database.DatabaseConfig  - getProperty(name=http://www.dbunit.org/properties/metadataHandler) - start
146246 [main] TRACE org.dbunit.database.DefaultMetadataHandler  - tableExists(metaData=org.apache.commons.dbcp.DelegatingDatabaseMetaData@52215cb5, schemaName=null, tableName=SCOPEDCONTENTCONDITIONS_SCOPEDCONTENTITEM) - start
146247 [main] DEBUG org.dbunit.util.SQLHelper  - close(resultSet=org.apache.commons.dbcp.DelegatingResultSet@3a84e994) - start
146247 [main] DEBUG org.dbunit.util.SQLHelper  - close(resultSet=org.apache.commons.dbcp.DelegatingResultSet@3d75faaf) - start
146247 [main] DEBUG org.dbunit.util.search.DepthFirstSearch  - search:NESTEDSCOPEDCONTENTCONDITIONS
146247 [main] DEBUG org.dbunit.database.search.ExportedKeysSearchCallback  - searchNode(node=NESTEDSCOPEDCONTENTCONDITIONS) - start
146247 [main] DEBUG org.dbunit.util.search.DepthFirstSearch  - Pushing NESTEDSCOPEDCONTENTCONDITIONS
146247 [main] DEBUG org.dbunit.database.search.ExportedKeysSearchCallback  - getEdges(node=NESTEDSCOPEDCONTENTCONDITIONS) - start
146247 [main] DEBUG org.dbunit.database.search.AbstractMetaDataBasedSearchCallback  - getNodesFromExportedKeys(node=NESTEDSCOPEDCONTENTCONDITIONS) - start
146247 [main] DEBUG org.dbunit.database.search.AbstractMetaDataBasedSearchCallback  - getNodes(type=1, node=NESTEDSCOPEDCONTENTCONDITIONS) - start
146247 [main] DEBUG org.dbunit.database.DatabaseDataSourceConnection  - getConnection() - start
146247 [main] DEBUG org.dbunit.database.search.AbstractMetaDataBasedSearchCallback  - getNodes(type=1, node=NESTEDSCOPEDCONTENTCONDITIONS, conn=Transaction-aware proxy for target Connection [jdbc:hsqldb:mem:kontrollDS, UserName=sw, HSQL Database Engine Driver], schema=null, metaData=org.apache.commons.dbcp.DelegatingDatabaseMetaData@c9d16af, edges=[]) - start
146247 [main] DEBUG org.dbunit.database.search.AbstractMetaDataBasedSearchCallback  - Getting edges for node NESTEDSCOPEDCONTENTCONDITIONS
146247 [main] TRACE org.dbunit.database.DatabaseConfig  - getProperty(name=http://www.dbunit.org/properties/metadataHandler) - start
146247 [main] TRACE org.dbunit.database.DefaultMetadataHandler  - tableExists(metaData=org.apache.commons.dbcp.DelegatingDatabaseMetaData@c9d16af, schemaName=null, tableName=NESTEDSCOPEDCONTENTCONDITIONS) - start
146248 [main] DEBUG org.dbunit.util.SQLHelper  - close(resultSet=org.apache.commons.dbcp.DelegatingResultSet@5ef8c005) - start
146248 [main] DEBUG org.dbunit.util.SQLHelper  - close(resultSet=org.apache.commons.dbcp.DelegatingResultSet@2459f252) - start
146248 [main] DEBUG org.dbunit.util.search.DepthFirstSearch  - Adding node NESTEDSCOPEDCONTENTCONDITIONS to the final result
146248 [main] DEBUG org.dbunit.util.search.DepthFirstSearch  - search:SCOPEDCONTENTCONDITIONATTRIBUTE
146248 [main] DEBUG org.dbunit.database.search.ExportedKeysSearchCallback  - searchNode(node=SCOPEDCONTENTCONDITIONATTRIBUTE) - start
146249 [main] DEBUG org.dbunit.util.search.DepthFirstSearch  - Pushing SCOPEDCONTENTCONDITIONATTRIBUTE
146249 [main] DEBUG org.dbunit.database.search.ExportedKeysSearchCallback  - getEdges(node=SCOPEDCONTENTCONDITIONATTRIBUTE) - start
146249 [main] DEBUG org.dbunit.database.search.AbstractMetaDataBasedSearchCallback  - getNodesFromExportedKeys(node=SCOPEDCONTENTCONDITIONATTRIBUTE) - start
146249 [main] DEBUG org.dbunit.database.search.AbstractMetaDataBasedSearchCallback  - getNodes(type=1, node=SCOPEDCONTENTCONDITIONATTRIBUTE) - start
146249 [main] DEBUG org.dbunit.database.DatabaseDataSourceConnection  - getConnection() - start
146249 [main] DEBUG org.dbunit.database.search.AbstractMetaDataBasedSearchCallback  - getNodes(type=1, node=SCOPEDCONTENTCONDITIONATTRIBUTE, conn=Transaction-aware proxy for target Connection [jdbc:hsqldb:mem:kontrollDS, UserName=sw, HSQL Database Engine Driver], schema=null, metaData=org.apache.commons.dbcp.DelegatingDatabaseMetaData@d33f823, edges=[]) - start
146249 [main] DEBUG org.dbunit.database.search.AbstractMetaDataBasedSearchCallback  - Getting edges for node SCOPEDCONTENTCONDITIONATTRIBUTE
146249 [main] TRACE org.dbunit.database.DatabaseConfig  - getProperty(name=http://www.dbunit.org/properties/metadataHandler) - start
146249 [main] TRACE org.dbunit.database.DefaultMetadataHandler  - tableExists(metaData=org.apache.commons.dbcp.DelegatingDatabaseMetaData@d33f823, schemaName=null, tableName=SCOPEDCONTENTCONDITIONATTRIBUTE) - start
146250 [main] DEBUG org.dbunit.util.SQLHelper  - close(resultSet=org.apache.commons.dbcp.DelegatingResultSet@53231eee) - start
146250 [main] DEBUG org.dbunit.util.SQLHelper  - close(resultSet=org.apache.commons.dbcp.DelegatingResultSet@7ef592eb) - start
146250 [main] DEBUG org.dbunit.util.search.DepthFirstSearch  - Adding node SCOPEDCONTENTCONDITIONATTRIBUTE to the final result
146250 [main] DEBUG org.dbunit.util.search.DepthFirstSearch  - search:SCOPEDCONTENTCONDITIONS_SCOPEDCONTENT
146250 [main] DEBUG org.dbunit.database.search.ExportedKeysSearchCallback  - searchNode(node=SCOPEDCONTENTCONDITIONS_SCOPEDCONTENT) - start
146250 [main] DEBUG org.dbunit.util.search.DepthFirstSearch  - Pushing SCOPEDCONTENTCONDITIONS_SCOPEDCONTENT
146250 [main] DEBUG org.dbunit.database.search.ExportedKeysSearchCallback  - getEdges(node=SCOPEDCONTENTCONDITIONS_SCOPEDCONTENT) - start
146250 [main] DEBUG org.dbunit.database.search.AbstractMetaDataBasedSearchCallback  - getNodesFromExportedKeys(node=SCOPEDCONTENTCONDITIONS_SCOPEDCONTENT) - start
146250 [main] DEBUG org.dbunit.database.search.AbstractMetaDataBasedSearchCallback  - getNodes(type=1, node=SCOPEDCONTENTCONDITIONS_SCOPEDCONTENT) - start
146250 [main] DEBUG org.dbunit.database.DatabaseDataSourceConnection  - getConnection() - start
146250 [main] DEBUG org.dbunit.database.search.AbstractMetaDataBasedSearchCallback  - getNodes(type=1, node=SCOPEDCONTENTCONDITIONS_SCOPEDCONTENT, conn=Transaction-aware proxy for target Connection [jdbc:hsqldb:mem:kontrollDS, UserName=sw, HSQL Database Engine Driver], schema=null, metaData=org.apache.commons.dbcp.DelegatingDatabaseMetaData@2c80c36b, edges=[]) - start
146250 [main] DEBUG org.dbunit.database.search.AbstractMetaDataBasedSearchCallback  - Getting edges for node SCOPEDCONTENTCONDITIONS_SCOPEDCONTENT
146250 [main] TRACE org.dbunit.database.DatabaseConfig  - getProperty(name=http://www.dbunit.org/properties/metadataHandler) - start
146250 [main] TRACE org.dbunit.database.DefaultMetadataHandler  - tableExists(metaData=org.apache.commons.dbcp.DelegatingDatabaseMetaData@2c80c36b, schemaName=null, tableName=SCOPEDCONTENTCONDITIONS_SCOPEDCONTENT) - start
146251 [main] DEBUG org.dbunit.util.SQLHelper  - close(resultSet=org.apache.commons.dbcp.DelegatingResultSet@22cac9ed) - start
146251 [main] DEBUG org.dbunit.util.SQLHelper  - close(resultSet=org.apache.commons.dbcp.DelegatingResultSet@53595e69) - start
146251 [main] DEBUG org.dbunit.util.search.DepthFirstSearch  - Adding node SCOPEDCONTENTCONDITIONS_SCOPEDCONTENT to the final result
146251 [main] DEBUG org.dbunit.util.search.DepthFirstSearch  - search:SCOPEDCONTENTCONDITIONS_SCOPEDCONTENTITEM
146251 [main] DEBUG org.dbunit.database.search.ExportedKeysSearchCallback  - searchNode(node=SCOPEDCONTENTCONDITIONS_SCOPEDCONTENTITEM) - start
146252 [main] DEBUG org.dbunit.util.search.DepthFirstSearch  - Pushing SCOPEDCONTENTCONDITIONS_SCOPEDCONTENTITEM
146252 [main] DEBUG org.dbunit.database.search.ExportedKeysSearchCallback  - getEdges(node=SCOPEDCONTENTCONDITIONS_SCOPEDCONTENTITEM) - start
146252 [main] DEBUG org.dbunit.database.search.AbstractMetaDataBasedSearchCallback  - getNodesFromExportedKeys(node=SCOPEDCONTENTCONDITIONS_SCOPEDCONTENTITEM) - start
146252 [main] DEBUG org.dbunit.database.search.AbstractMetaDataBasedSearchCallback  - getNodes(type=1, node=SCOPEDCONTENTCONDITIONS_SCOPEDCONTENTITEM) - start
146252 [main] DEBUG org.dbunit.database.DatabaseDataSourceConnection  - getConnection() - start
146252 [main] DEBUG org.dbunit.database.search.AbstractMetaDataBasedSearchCallback  - getNodes(type=1, node=SCOPEDCONTENTCONDITIONS_SCOPEDCONTENTITEM, conn=Transaction-aware proxy for target Connection [jdbc:hsqldb:mem:kontrollDS, UserName=sw, HSQL Database Engine Driver], schema=null, metaData=org.apache.commons.dbcp.DelegatingDatabaseMetaData@10456a3f, edges=[]) - start
146252 [main] DEBUG org.dbunit.database.search.AbstractMetaDataBasedSearchCallback  - Getting edges for node SCOPEDCONTENTCONDITIONS_SCOPEDCONTENTITEM
146252 [main] TRACE org.dbunit.database.DatabaseConfig  - getProperty(name=http://www.dbunit.org/properties/metadataHandler) - start
146252 [main] TRACE org.dbunit.database.DefaultMetadataHandler  - tableExists(metaData=org.apache.commons.dbcp.DelegatingDatabaseMetaData@10456a3f, schemaName=null, tableName=SCOPEDCONTENTCONDITIONS_SCOPEDCONTENTITEM) - start
146253 [main] DEBUG org.dbunit.util.SQLHelper  - close(resultSet=org.apache.commons.dbcp.DelegatingResultSet@4e393422) - start
146253 [main] DEBUG org.dbunit.util.SQLHelper  - close(resultSet=org.apache.commons.dbcp.DelegatingResultSet@585fda2e) - start
146253 [main] DEBUG org.dbunit.util.search.DepthFirstSearch  - Adding node SCOPEDCONTENTCONDITIONS_SCOPEDCONTENTITEM to the final result
146253 [main] DEBUG org.dbunit.util.search.DepthFirstSearch  - search:SCOPEDCONTENTCONDITION
146253 [main] DEBUG org.dbunit.database.search.ExportedKeysSearchCallback  - searchNode(node=SCOPEDCONTENTCONDITION) - start
146253 [main] DEBUG org.dbunit.util.search.DepthFirstSearch  - Pushing SCOPEDCONTENTCONDITION
146253 [main] DEBUG org.dbunit.database.search.ExportedKeysSearchCallback  - getEdges(node=SCOPEDCONTENTCONDITION) - start
146253 [main] DEBUG org.dbunit.database.search.AbstractMetaDataBasedSearchCallback  - getNodesFromExportedKeys(node=SCOPEDCONTENTCONDITION) - start
146253 [main] DEBUG org.dbunit.database.search.AbstractMetaDataBasedSearchCallback  - getNodes(type=1, node=SCOPEDCONTENTCONDITION) - start
146253 [main] DEBUG org.dbunit.database.DatabaseDataSourceConnection  - getConnection() - start
146253 [main] DEBUG org.dbunit.database.search.AbstractMetaDataBasedSearchCallback  - getNodes(type=1, node=SCOPEDCONTENTCONDITION, conn=Transaction-aware proxy for target Connection [jdbc:hsqldb:mem:kontrollDS, UserName=sw, HSQL Database Engine Driver], schema=null, metaData=org.apache.commons.dbcp.DelegatingDatabaseMetaData@7ced2f55, edges=[]) - start
146253 [main] DEBUG org.dbunit.database.search.AbstractMetaDataBasedSearchCallback  - Getting edges for node SCOPEDCONTENTCONDITION
146253 [main] TRACE org.dbunit.database.DatabaseConfig  - getProperty(name=http://www.dbunit.org/properties/metadataHandler) - start
146253 [main] TRACE org.dbunit.database.DefaultMetadataHandler  - tableExists(metaData=org.apache.commons.dbcp.DelegatingDatabaseMetaData@7ced2f55, schemaName=null, tableName=SCOPEDCONTENTCONDITION) - start
146254 [main] DEBUG org.dbunit.util.SQLHelper  - close(resultSet=org.apache.commons.dbcp.DelegatingResultSet@497f8d01) - start
146254 [main] DEBUG org.dbunit.util.QualifiedTableName  - getQualifiedNameIfEnabled(config=org.dbunit.database.DatabaseConfig[, _propertyMap={http://www.dbunit.org/properties/statementFactory=org.dbunit.database.statement.PreparedStatementFactory@626bc2b8, http://www.dbunit.org/features/caseSensitiveTableNames=false, http://www.dbunit.org/properties/fetchSize=100, http://www.dbunit.org/features/batchedStatements=false, http://www.dbunit.org/properties/metadataHandler=org.dbunit.database.DefaultMetadataHandler@3bbfdfde, http://www.dbunit.org/properties/datatypeFactory=org.dbunit.dataset.datatype.DefaultDataTypeFactory[_toleratedDeltaMap=org.dbunit.dataset.datatype.ToleratedDeltaMap@6452310a], http://www.dbunit.org/properties/escapePattern=null, http://www.dbunit.org/properties/batchSize=100, http://www.dbunit.org/features/qualifiedTableNames=false, http://www.dbunit.org/properties/tableType=[Ljava.lang.String;@5011bafa, http://www.dbunit.org/properties/resultSetTableFactory=org.dbunit.database.CachedResultSetTableFactory@10bcf083, http://www.dbunit.org/features/datatypeWarning=true}]) - start
146254 [main] TRACE org.dbunit.database.DatabaseConfig  - getFeature(name=http://www.dbunit.org/features/qualifiedTableNames) - start
146254 [main] TRACE org.dbunit.database.DatabaseConfig  - getProperty(name=http://www.dbunit.org/features/qualifiedTableNames) - start
146254 [main] DEBUG org.dbunit.util.QualifiedTableName  - Qualified table names feature is disabled. Returning plain table name
146255 [main] DEBUG org.dbunit.util.QualifiedTableName  - getQualifiedName(prefix=null, name=SCOPEDCONTENTCONDITION, escapePattern=null) - start
146255 [main] DEBUG org.dbunit.util.QualifiedTableName  - getQualifiedNameIfEnabled(config=org.dbunit.database.DatabaseConfig[, _propertyMap={http://www.dbunit.org/properties/statementFactory=org.dbunit.database.statement.PreparedStatementFactory@626bc2b8, http://www.dbunit.org/features/caseSensitiveTableNames=false, http://www.dbunit.org/properties/fetchSize=100, http://www.dbunit.org/features/batchedStatements=false, http://www.dbunit.org/properties/metadataHandler=org.dbunit.database.DefaultMetadataHandler@3bbfdfde, http://www.dbunit.org/properties/datatypeFactory=org.dbunit.dataset.datatype.DefaultDataTypeFactory[_toleratedDeltaMap=org.dbunit.dataset.datatype.ToleratedDeltaMap@6452310a], http://www.dbunit.org/properties/escapePattern=null, http://www.dbunit.org/properties/batchSize=100, http://www.dbunit.org/features/qualifiedTableNames=false, http://www.dbunit.org/properties/tableType=[Ljava.lang.String;@5011bafa, http://www.dbunit.org/properties/resultSetTableFactory=org.dbunit.database.CachedResultSetTableFactory@10bcf083, http://www.dbunit.org/features/datatypeWarning=true}]) - start
146255 [main] TRACE org.dbunit.database.DatabaseConfig  - getFeature(name=http://www.dbunit.org/features/qualifiedTableNames) - start
146255 [main] TRACE org.dbunit.database.DatabaseConfig  - getProperty(name=http://www.dbunit.org/features/qualifiedTableNames) - start
146255 [main] DEBUG org.dbunit.util.QualifiedTableName  - Qualified table names feature is disabled. Returning plain table name
146255 [main] DEBUG org.dbunit.util.QualifiedTableName  - getQualifiedName(prefix=null, name=NESTEDSCOPEDCONTENTCONDITIONS, escapePattern=null) - start
146255 [main] DEBUG org.dbunit.database.search.AbstractMetaDataBasedSearchCallback  - newEdge(rs=org.apache.commons.dbcp.DelegatingResultSet@f86eca9, type=1, from=SCOPEDCONTENTCONDITION, to=NESTEDSCOPEDCONTENTCONDITIONS, fkColumn=CHILD_CONDITION_ID, pkColumn=ID) - start
146255 [main] DEBUG org.dbunit.database.search.AbstractMetaDataBasedSearchCallback  - createFKEdge(rs=org.apache.commons.dbcp.DelegatingResultSet@f86eca9, type=1, from=SCOPEDCONTENTCONDITION, to=NESTEDSCOPEDCONTENTCONDITIONS, fkColumn=CHILD_CONDITION_ID, pkColumn=ID) - start
146255 [main] DEBUG org.dbunit.database.search.AbstractMetaDataBasedSearchCallback  - Adding edge NESTEDSCOPEDCONTENTCONDITIONS(CHILD_CONDITION_ID)->SCOPEDCONTENTCONDITION(ID)
146255 [main] DEBUG org.dbunit.util.search.Edge  - compareTo(o=NESTEDSCOPEDCONTENTCONDITIONS(CHILD_CONDITION_ID)->SCOPEDCONTENTCONDITION(ID)) - start
146255 [main] DEBUG org.dbunit.util.QualifiedTableName  - getQualifiedNameIfEnabled(config=org.dbunit.database.DatabaseConfig[, _propertyMap={http://www.dbunit.org/properties/statementFactory=org.dbunit.database.statement.PreparedStatementFactory@626bc2b8, http://www.dbunit.org/features/caseSensitiveTableNames=false, http://www.dbunit.org/properties/fetchSize=100, http://www.dbunit.org/features/batchedStatements=false, http://www.dbunit.org/properties/metadataHandler=org.dbunit.database.DefaultMetadataHandler@3bbfdfde, http://www.dbunit.org/properties/datatypeFactory=org.dbunit.dataset.datatype.DefaultDataTypeFactory[_toleratedDeltaMap=org.dbunit.dataset.datatype.ToleratedDeltaMap@6452310a], http://www.dbunit.org/properties/escapePattern=null, http://www.dbunit.org/properties/batchSize=100, http://www.dbunit.org/features/qualifiedTableNames=false, http://www.dbunit.org/properties/tableType=[Ljava.lang.String;@5011bafa, http://www.dbunit.org/properties/resultSetTableFactory=org.dbunit.database.CachedResultSetTableFactory@10bcf083, http://www.dbunit.org/features/datatypeWarning=true}]) - start
146255 [main] TRACE org.dbunit.database.DatabaseConfig  - getFeature(name=http://www.dbunit.org/features/qualifiedTableNames) - start
146255 [main] TRACE org.dbunit.database.DatabaseConfig  - getProperty(name=http://www.dbunit.org/features/qualifiedTableNames) - start
146255 [main] DEBUG org.dbunit.util.QualifiedTableName  - Qualified table names feature is disabled. Returning plain table name
146255 [main] DEBUG org.dbunit.util.QualifiedTableName  - getQualifiedName(prefix=null, name=SCOPEDCONTENTCONDITION, escapePattern=null) - start
146255 [main] DEBUG org.dbunit.util.QualifiedTableName  - getQualifiedNameIfEnabled(config=org.dbunit.database.DatabaseConfig[, _propertyMap={http://www.dbunit.org/properties/statementFactory=org.dbunit.database.statement.PreparedStatementFactory@626bc2b8, http://www.dbunit.org/features/caseSensitiveTableNames=false, http://www.dbunit.org/properties/fetchSize=100, http://www.dbunit.org/features/batchedStatements=false, http://www.dbunit.org/properties/metadataHandler=org.dbunit.database.DefaultMetadataHandler@3bbfdfde, http://www.dbunit.org/properties/datatypeFactory=org.dbunit.dataset.datatype.DefaultDataTypeFactory[_toleratedDeltaMap=org.dbunit.dataset.datatype.ToleratedDeltaMap@6452310a], http://www.dbunit.org/properties/escapePattern=null, http://www.dbunit.org/properties/batchSize=100, http://www.dbunit.org/features/qualifiedTableNames=false, http://www.dbunit.org/properties/tableType=[Ljava.lang.String;@5011bafa, http://www.dbunit.org/properties/resultSetTableFactory=org.dbunit.database.CachedResultSetTableFactory@10bcf083, http://www.dbunit.org/features/datatypeWarning=true}]) - start
146255 [main] TRACE org.dbunit.database.DatabaseConfig  - getFeature(name=http://www.dbunit.org/features/qualifiedTableNames) - start
146255 [main] TRACE org.dbunit.database.DatabaseConfig  - getProperty(name=http://www.dbunit.org/features/qualifiedTableNames) - start
146255 [main] DEBUG org.dbunit.util.QualifiedTableName  - Qualified table names feature is disabled. Returning plain table name
146255 [main] DEBUG org.dbunit.util.QualifiedTableName  - getQualifiedName(prefix=null, name=NESTEDSCOPEDCONTENTCONDITIONS, escapePattern=null) - start
146255 [main] DEBUG org.dbunit.database.search.AbstractMetaDataBasedSearchCallback  - newEdge(rs=org.apache.commons.dbcp.DelegatingResultSet@f86eca9, type=1, from=SCOPEDCONTENTCONDITION, to=NESTEDSCOPEDCONTENTCONDITIONS, fkColumn=PARENT_CONDITION_ID, pkColumn=ID) - start
146255 [main] DEBUG org.dbunit.database.search.AbstractMetaDataBasedSearchCallback  - createFKEdge(rs=org.apache.commons.dbcp.DelegatingResultSet@f86eca9, type=1, from=SCOPEDCONTENTCONDITION, to=NESTEDSCOPEDCONTENTCONDITIONS, fkColumn=PARENT_CONDITION_ID, pkColumn=ID) - start
146255 [main] DEBUG org.dbunit.database.search.AbstractMetaDataBasedSearchCallback  - Adding edge NESTEDSCOPEDCONTENTCONDITIONS(PARENT_CONDITION_ID)->SCOPEDCONTENTCONDITION(ID)
146255 [main] DEBUG org.dbunit.util.search.Edge  - compareTo(o=NESTEDSCOPEDCONTENTCONDITIONS(CHILD_CONDITION_ID)->SCOPEDCONTENTCONDITION(ID)) - start
146255 [main] DEBUG org.dbunit.util.QualifiedTableName  - getQualifiedNameIfEnabled(config=org.dbunit.database.DatabaseConfig[, _propertyMap={http://www.dbunit.org/properties/statementFactory=org.dbunit.database.statement.PreparedStatementFactory@626bc2b8, http://www.dbunit.org/features/caseSensitiveTableNames=false, http://www.dbunit.org/properties/fetchSize=100, http://www.dbunit.org/features/batchedStatements=false, http://www.dbunit.org/properties/metadataHandler=org.dbunit.database.DefaultMetadataHandler@3bbfdfde, http://www.dbunit.org/properties/datatypeFactory=org.dbunit.dataset.datatype.DefaultDataTypeFactory[_toleratedDeltaMap=org.dbunit.dataset.datatype.ToleratedDeltaMap@6452310a], http://www.dbunit.org/properties/escapePattern=null, http://www.dbunit.org/properties/batchSize=100, http://www.dbunit.org/features/qualifiedTableNames=false, http://www.dbunit.org/properties/tableType=[Ljava.lang.String;@5011bafa, http://www.dbunit.org/properties/resultSetTableFactory=org.dbunit.database.CachedResultSetTableFactory@10bcf083, http://www.dbunit.org/features/datatypeWarning=true}]) - start
146256 [main] TRACE org.dbunit.database.DatabaseConfig  - getFeature(name=http://www.dbunit.org/features/qualifiedTableNames) - start
146256 [main] TRACE org.dbunit.database.DatabaseConfig  - getProperty(name=http://www.dbunit.org/features/qualifiedTableNames) - start
146256 [main] DEBUG org.dbunit.util.QualifiedTableName  - Qualified table names feature is disabled. Returning plain table name
146256 [main] DEBUG org.dbunit.util.QualifiedTableName  - getQualifiedName(prefix=null, name=SCOPEDCONTENTCONDITION, escapePattern=null) - start
146256 [main] DEBUG org.dbunit.util.QualifiedTableName  - getQualifiedNameIfEnabled(config=org.dbunit.database.DatabaseConfig[, _propertyMap={http://www.dbunit.org/properties/statementFactory=org.dbunit.database.statement.PreparedStatementFactory@626bc2b8, http://www.dbunit.org/features/caseSensitiveTableNames=false, http://www.dbunit.org/properties/fetchSize=100, http://www.dbunit.org/features/batchedStatements=false, http://www.dbunit.org/properties/metadataHandler=org.dbunit.database.DefaultMetadataHandler@3bbfdfde, http://www.dbunit.org/properties/datatypeFactory=org.dbunit.dataset.datatype.DefaultDataTypeFactory[_toleratedDeltaMap=org.dbunit.dataset.datatype.ToleratedDeltaMap@6452310a], http://www.dbunit.org/properties/escapePattern=null, http://www.dbunit.org/properties/batchSize=100, http://www.dbunit.org/features/qualifiedTableNames=false, http://www.dbunit.org/properties/tableType=[Ljava.lang.String;@5011bafa, http://www.dbunit.org/properties/resultSetTableFactory=org.dbunit.database.CachedResultSetTableFactory@10bcf083, http://www.dbunit.org/features/datatypeWarning=true}]) - start
146256 [main] TRACE org.dbunit.database.DatabaseConfig  - getFeature(name=http://www.dbunit.org/features/qualifiedTableNames) - start
146256 [main] TRACE org.dbunit.database.DatabaseConfig  - getProperty(name=http://www.dbunit.org/features/qualifiedTableNames) - start
146256 [main] DEBUG org.dbunit.util.QualifiedTableName  - Qualified table names feature is disabled. Returning plain table name
146256 [main] DEBUG org.dbunit.util.QualifiedTableName  - getQualifiedName(prefix=null, name=SCOPEDCONTENTCONDITIONATTRIBUTE, escapePattern=null) - start
146256 [main] DEBUG org.dbunit.database.search.AbstractMetaDataBasedSearchCallback  - newEdge(rs=org.apache.commons.dbcp.DelegatingResultSet@f86eca9, type=1, from=SCOPEDCONTENTCONDITION, to=SCOPEDCONTENTCONDITIONATTRIBUTE, fkColumn=SCOPEDCONTENTCONDITION, pkColumn=ID) - start
146256 [main] DEBUG org.dbunit.database.search.AbstractMetaDataBasedSearchCallback  - createFKEdge(rs=org.apache.commons.dbcp.DelegatingResultSet@f86eca9, type=1, from=SCOPEDCONTENTCONDITION, to=SCOPEDCONTENTCONDITIONATTRIBUTE, fkColumn=SCOPEDCONTENTCONDITION, pkColumn=ID) - start
146256 [main] DEBUG org.dbunit.database.search.AbstractMetaDataBasedSearchCallback  - Adding edge SCOPEDCONTENTCONDITIONATTRIBUTE(SCOPEDCONTENTCONDITION)->SCOPEDCONTENTCONDITION(ID)
146256 [main] DEBUG org.dbunit.util.search.Edge  - compareTo(o=NESTEDSCOPEDCONTENTCONDITIONS(CHILD_CONDITION_ID)->SCOPEDCONTENTCONDITION(ID)) - start
146256 [main] DEBUG org.dbunit.util.QualifiedTableName  - getQualifiedNameIfEnabled(config=org.dbunit.database.DatabaseConfig[, _propertyMap={http://www.dbunit.org/properties/statementFactory=org.dbunit.database.statement.PreparedStatementFactory@626bc2b8, http://www.dbunit.org/features/caseSensitiveTableNames=false, http://www.dbunit.org/properties/fetchSize=100, http://www.dbunit.org/features/batchedStatements=false, http://www.dbunit.org/properties/metadataHandler=org.dbunit.database.DefaultMetadataHandler@3bbfdfde, http://www.dbunit.org/properties/datatypeFactory=org.dbunit.dataset.datatype.DefaultDataTypeFactory[_toleratedDeltaMap=org.dbunit.dataset.datatype.ToleratedDeltaMap@6452310a], http://www.dbunit.org/properties/escapePattern=null, http://www.dbunit.org/properties/batchSize=100, http://www.dbunit.org/features/qualifiedTableNames=false, http://www.dbunit.org/properties/tableType=[Ljava.lang.String;@5011bafa, http://www.dbunit.org/properties/resultSetTableFactory=org.dbunit.database.CachedResultSetTableFactory@10bcf083, http://www.dbunit.org/features/datatypeWarning=true}]) - start
146256 [main] TRACE org.dbunit.database.DatabaseConfig  - getFeature(name=http://www.dbunit.org/features/qualifiedTableNames) - start
146256 [main] TRACE org.dbunit.database.DatabaseConfig  - getProperty(name=http://www.dbunit.org/features/qualifiedTableNames) - start
146256 [main] DEBUG org.dbunit.util.QualifiedTableName  - Qualified table names feature is disabled. Returning plain table name
146256 [main] DEBUG org.dbunit.util.QualifiedTableName  - getQualifiedName(prefix=null, name=SCOPEDCONTENTCONDITION, escapePattern=null) - start
146256 [main] DEBUG org.dbunit.util.QualifiedTableName  - getQualifiedNameIfEnabled(config=org.dbunit.database.DatabaseConfig[, _propertyMap={http://www.dbunit.org/properties/statementFactory=org.dbunit.database.statement.PreparedStatementFactory@626bc2b8, http://www.dbunit.org/features/caseSensitiveTableNames=false, http://www.dbunit.org/properties/fetchSize=100, http://www.dbunit.org/features/batchedStatements=false, http://www.dbunit.org/properties/metadataHandler=org.dbunit.database.DefaultMetadataHandler@3bbfdfde, http://www.dbunit.org/properties/datatypeFactory=org.dbunit.dataset.datatype.DefaultDataTypeFactory[_toleratedDeltaMap=org.dbunit.dataset.datatype.ToleratedDeltaMap@6452310a], http://www.dbunit.org/properties/escapePattern=null, http://www.dbunit.org/properties/batchSize=100, http://www.dbunit.org/features/qualifiedTableNames=false, http://www.dbunit.org/properties/tableType=[Ljava.lang.String;@5011bafa, http://www.dbunit.org/properties/resultSetTableFactory=org.dbunit.database.CachedResultSetTableFactory@10bcf083, http://www.dbunit.org/features/datatypeWarning=true}]) - start
146256 [main] TRACE org.dbunit.database.DatabaseConfig  - getFeature(name=http://www.dbunit.org/features/qualifiedTableNames) - start
146256 [main] TRACE org.dbunit.database.DatabaseConfig  - getProperty(name=http://www.dbunit.org/features/qualifiedTableNames) - start
146256 [main] DEBUG org.dbunit.util.QualifiedTableName  - Qualified table names feature is disabled. Returning plain table name
146256 [main] DEBUG org.dbunit.util.QualifiedTableName  - getQualifiedName(prefix=null, name=SCOPEDCONTENTCONDITIONS_SCOPEDCONTENT, escapePattern=null) - start
146256 [main] DEBUG org.dbunit.database.search.AbstractMetaDataBasedSearchCallback  - newEdge(rs=org.apache.commons.dbcp.DelegatingResultSet@f86eca9, type=1, from=SCOPEDCONTENTCONDITION, to=SCOPEDCONTENTCONDITIONS_SCOPEDCONTENT, fkColumn=SCOPED_CONTENT_CONDITION_ID, pkColumn=ID) - start
146256 [main] DEBUG org.dbunit.database.search.AbstractMetaDataBasedSearchCallback  - createFKEdge(rs=org.apache.commons.dbcp.DelegatingResultSet@f86eca9, type=1, from=SCOPEDCONTENTCONDITION, to=SCOPEDCONTENTCONDITIONS_SCOPEDCONTENT, fkColumn=SCOPED_CONTENT_CONDITION_ID, pkColumn=ID) - start
146256 [main] DEBUG org.dbunit.database.search.AbstractMetaDataBasedSearchCallback  - Adding edge SCOPEDCONTENTCONDITIONS_SCOPEDCONTENT(SCOPED_CONTENT_CONDITION_ID)->SCOPEDCONTENTCONDITION(ID)
146257 [main] DEBUG org.dbunit.util.search.Edge  - compareTo(o=NESTEDSCOPEDCONTENTCONDITIONS(CHILD_CONDITION_ID)->SCOPEDCONTENTCONDITION(ID)) - start
146257 [main] DEBUG org.dbunit.util.search.Edge  - compareTo(o=SCOPEDCONTENTCONDITIONATTRIBUTE(SCOPEDCONTENTCONDITION)->SCOPEDCONTENTCONDITION(ID)) - start
146257 [main] DEBUG org.dbunit.util.QualifiedTableName  - getQualifiedNameIfEnabled(config=org.dbunit.database.DatabaseConfig[, _propertyMap={http://www.dbunit.org/properties/statementFactory=org.dbunit.database.statement.PreparedStatementFactory@626bc2b8, http://www.dbunit.org/features/caseSensitiveTableNames=false, http://www.dbunit.org/properties/fetchSize=100, http://www.dbunit.org/features/batchedStatements=false, http://www.dbunit.org/properties/metadataHandler=org.dbunit.database.DefaultMetadataHandler@3bbfdfde, http://www.dbunit.org/properties/datatypeFactory=org.dbunit.dataset.datatype.DefaultDataTypeFactory[_toleratedDeltaMap=org.dbunit.dataset.datatype.ToleratedDeltaMap@6452310a], http://www.dbunit.org/properties/escapePattern=null, http://www.dbunit.org/properties/batchSize=100, http://www.dbunit.org/features/qualifiedTableNames=false, http://www.dbunit.org/properties/tableType=[Ljava.lang.String;@5011bafa, http://www.dbunit.org/properties/resultSetTableFactory=org.dbunit.database.CachedResultSetTableFactory@10bcf083, http://www.dbunit.org/features/datatypeWarning=true}]) - start
146257 [main] TRACE org.dbunit.database.DatabaseConfig  - getFeature(name=http://www.dbunit.org/features/qualifiedTableNames) - start
146257 [main] TRACE org.dbunit.database.DatabaseConfig  - getProperty(name=http://www.dbunit.org/features/qualifiedTableNames) - start
146257 [main] DEBUG org.dbunit.util.QualifiedTableName  - Qualified table names feature is disabled. Returning plain table name
146257 [main] DEBUG org.dbunit.util.QualifiedTableName  - getQualifiedName(prefix=null, name=SCOPEDCONTENTCONDITION, escapePattern=null) - start
146257 [main] DEBUG org.dbunit.util.QualifiedTableName  - getQualifiedNameIfEnabled(config=org.dbunit.database.DatabaseConfig[, _propertyMap={http://www.dbunit.org/properties/statementFactory=org.dbunit.database.statement.PreparedStatementFactory@626bc2b8, http://www.dbunit.org/features/caseSensitiveTableNames=false, http://www.dbunit.org/properties/fetchSize=100, http://www.dbunit.org/features/batchedStatements=false, http://www.dbunit.org/properties/metadataHandler=org.dbunit.database.DefaultMetadataHandler@3bbfdfde, http://www.dbunit.org/properties/datatypeFactory=org.dbunit.dataset.datatype.DefaultDataTypeFactory[_toleratedDeltaMap=org.dbunit.dataset.datatype.ToleratedDeltaMap@6452310a], http://www.dbunit.org/properties/escapePattern=null, http://www.dbunit.org/properties/batchSize=100, http://www.dbunit.org/features/qualifiedTableNames=false, http://www.dbunit.org/properties/tableType=[Ljava.lang.String;@5011bafa, http://www.dbunit.org/properties/resultSetTableFactory=org.dbunit.database.CachedResultSetTableFactory@10bcf083, http://www.dbunit.org/features/datatypeWarning=true}]) - start
146257 [main] TRACE org.dbunit.database.DatabaseConfig  - getFeature(name=http://www.dbunit.org/features/qualifiedTableNames) - start
146257 [main] TRACE org.dbunit.database.DatabaseConfig  - getProperty(name=http://www.dbunit.org/features/qualifiedTableNames) - start
146257 [main] DEBUG org.dbunit.util.QualifiedTableName  - Qualified table names feature is disabled. Returning plain table name
146257 [main] DEBUG org.dbunit.util.QualifiedTableName  - getQualifiedName(prefix=null, name=SCOPEDCONTENTCONDITIONS_SCOPEDCONTENTITEM, escapePattern=null) - start
146257 [main] DEBUG org.dbunit.database.search.AbstractMetaDataBasedSearchCallback  - newEdge(rs=org.apache.commons.dbcp.DelegatingResultSet@f86eca9, type=1, from=SCOPEDCONTENTCONDITION, to=SCOPEDCONTENTCONDITIONS_SCOPEDCONTENTITEM, fkColumn=SCOPED_CONTENT_CONDITION_ID, pkColumn=ID) - start
146257 [main] DEBUG org.dbunit.database.search.AbstractMetaDataBasedSearchCallback  - createFKEdge(rs=org.apache.commons.dbcp.DelegatingResultSet@f86eca9, type=1, from=SCOPEDCONTENTCONDITION, to=SCOPEDCONTENTCONDITIONS_SCOPEDCONTENTITEM, fkColumn=SCOPED_CONTENT_CONDITION_ID, pkColumn=ID) - start
146257 [main] DEBUG org.dbunit.database.search.AbstractMetaDataBasedSearchCallback  - Adding edge SCOPEDCONTENTCONDITIONS_SCOPEDCONTENTITEM(SCOPED_CONTENT_CONDITION_ID)->SCOPEDCONTENTCONDITION(ID)
146257 [main] DEBUG org.dbunit.util.search.Edge  - compareTo(o=SCOPEDCONTENTCONDITIONATTRIBUTE(SCOPEDCONTENTCONDITION)->SCOPEDCONTENTCONDITION(ID)) - start
146257 [main] DEBUG org.dbunit.util.search.Edge  - compareTo(o=SCOPEDCONTENTCONDITIONS_SCOPEDCONTENT(SCOPED_CONTENT_CONDITION_ID)->SCOPEDCONTENTCONDITION(ID)) - start
146257 [main] DEBUG org.dbunit.util.SQLHelper  - close(resultSet=org.apache.commons.dbcp.DelegatingResultSet@f86eca9) - start
146257 [main] DEBUG org.dbunit.util.search.DepthFirstSearch  - search:SCOPEDCONTENTCONDITION
146257 [main] DEBUG org.dbunit.util.search.DepthFirstSearch  - already searched; returning true
146257 [main] DEBUG org.dbunit.util.search.DepthFirstSearch  - search:SCOPEDCONTENTCONDITION
146258 [main] DEBUG org.dbunit.util.search.DepthFirstSearch  - already searched; returning true
146258 [main] DEBUG org.dbunit.util.search.DepthFirstSearch  - search:SCOPEDCONTENTCONDITION
146258 [main] DEBUG org.dbunit.util.search.DepthFirstSearch  - already searched; returning true
146258 [main] DEBUG org.dbunit.util.search.DepthFirstSearch  - search:SCOPEDCONTENTCONDITION
146258 [main] DEBUG org.dbunit.util.search.DepthFirstSearch  - already searched; returning true
146258 [main] DEBUG org.dbunit.util.search.DepthFirstSearch  - Adding node SCOPEDCONTENTCONDITION to the final result
146258 [main] DEBUG org.dbunit.util.CollectionsHelper  - setToStrings(set=[NESTEDSCOPEDCONTENTCONDITIONS, SCOPEDCONTENTCONDITIONATTRIBUTE, SCOPEDCONTENTCONDITIONS_SCOPEDCONTENT, SCOPEDCONTENTCONDITIONS_SCOPEDCONTENTITEM, SCOPEDCONTENTCONDITION]) - start
146258 [main] DEBUG org.dbunit.database.search.TablesDependencyHelper  - getDirectDependsOnTables(connection=_databaseConfig=org.dbunit.database.DatabaseConfig[, _propertyMap={http://www.dbunit.org/properties/statementFactory=org.dbunit.database.statement.PreparedStatementFactory@626bc2b8, http://www.dbunit.org/features/caseSensitiveTableNames=false, http://www.dbunit.org/properties/fetchSize=100, http://www.dbunit.org/features/batchedStatements=false, http://www.dbunit.org/properties/metadataHandler=org.dbunit.database.DefaultMetadataHandler@3bbfdfde, http://www.dbunit.org/properties/datatypeFactory=org.dbunit.dataset.datatype.DefaultDataTypeFactory[_toleratedDeltaMap=org.dbunit.dataset.datatype.ToleratedDeltaMap@6452310a], http://www.dbunit.org/properties/escapePattern=null, http://www.dbunit.org/properties/batchSize=100, http://www.dbunit.org/features/qualifiedTableNames=false, http://www.dbunit.org/properties/tableType=[Ljava.lang.String;@5011bafa, http://www.dbunit.org/properties/resultSetTableFactory=org.dbunit.database.CachedResultSetTableFactory@10bcf083, http://www.dbunit.org/features/datatypeWarning=true}], _dataSet=AbstractDataSet[_orderedTableNameMap=null], tableName=SCOPEDCONTENTCONDITION) - start
146258 [main] DEBUG org.dbunit.util.search.DepthFirstSearch  - search(nodesFrom=[SCOPEDCONTENTCONDITION], callback=org.dbunit.database.search.ExportedKeysSearchCallback@16f3ef68) - start
146258 [main] DEBUG org.dbunit.util.CollectionsHelper  - objectsToSet(objects=SCOPEDCONTENTCONDITION) - start
146258 [main] DEBUG org.dbunit.util.search.DepthFirstSearch  - search(nodesFrom=[SCOPEDCONTENTCONDITION], callback=org.dbunit.database.search.ExportedKeysSearchCallback@16f3ef68) - start
146258 [main] DEBUG org.dbunit.util.search.DepthFirstSearch  - reverseSearch:SCOPEDCONTENTCONDITION
146258 [main] DEBUG org.dbunit.database.search.ExportedKeysSearchCallback  - searchNode(node=SCOPEDCONTENTCONDITION) - start
146258 [main] DEBUG org.dbunit.util.search.DepthFirstSearch  - Pushing (reverse) SCOPEDCONTENTCONDITION
146258 [main] DEBUG org.dbunit.database.search.ExportedKeysSearchCallback  - getEdges(node=SCOPEDCONTENTCONDITION) - start
146258 [main] DEBUG org.dbunit.database.search.AbstractMetaDataBasedSearchCallback  - getNodesFromExportedKeys(node=SCOPEDCONTENTCONDITION) - start
146258 [main] DEBUG org.dbunit.database.search.AbstractMetaDataBasedSearchCallback  - getNodes(type=1, node=SCOPEDCONTENTCONDITION) - start
146258 [main] DEBUG org.dbunit.database.DatabaseDataSourceConnection  - getConnection() - start
146258 [main] DEBUG org.dbunit.database.search.AbstractMetaDataBasedSearchCallback  - getNodes(type=1, node=SCOPEDCONTENTCONDITION, conn=Transaction-aware proxy for target Connection [jdbc:hsqldb:mem:kontrollDS, UserName=sw, HSQL Database Engine Driver], schema=null, metaData=org.apache.commons.dbcp.DelegatingDatabaseMetaData@68eaa09d, edges=[]) - start
146258 [main] DEBUG org.dbunit.database.search.AbstractMetaDataBasedSearchCallback  - Getting edges for node SCOPEDCONTENTCONDITION
146258 [main] TRACE org.dbunit.database.DatabaseConfig  - getProperty(name=http://www.dbunit.org/properties/metadataHandler) - start
146258 [main] TRACE org.dbunit.database.DefaultMetadataHandler  - tableExists(metaData=org.apache.commons.dbcp.DelegatingDatabaseMetaData@68eaa09d, schemaName=null, tableName=SCOPEDCONTENTCONDITION) - start
146259 [main] DEBUG org.dbunit.util.SQLHelper  - close(resultSet=org.apache.commons.dbcp.DelegatingResultSet@e4fb275) - start
146260 [main] DEBUG org.dbunit.util.QualifiedTableName  - getQualifiedNameIfEnabled(config=org.dbunit.database.DatabaseConfig[, _propertyMap={http://www.dbunit.org/properties/statementFactory=org.dbunit.database.statement.PreparedStatementFactory@626bc2b8, http://www.dbunit.org/features/caseSensitiveTableNames=false, http://www.dbunit.org/properties/fetchSize=100, http://www.dbunit.org/features/batchedStatements=false, http://www.dbunit.org/properties/metadataHandler=org.dbunit.database.DefaultMetadataHandler@3bbfdfde, http://www.dbunit.org/properties/datatypeFactory=org.dbunit.dataset.datatype.DefaultDataTypeFactory[_toleratedDeltaMap=org.dbunit.dataset.datatype.ToleratedDeltaMap@6452310a], http://www.dbunit.org/properties/escapePattern=null, http://www.dbunit.org/properties/batchSize=100, http://www.dbunit.org/features/qualifiedTableNames=false, http://www.dbunit.org/properties/tableType=[Ljava.lang.String;@5011bafa, http://www.dbunit.org/properties/resultSetTableFactory=org.dbunit.database.CachedResultSetTableFactory@10bcf083, http://www.dbunit.org/features/datatypeWarning=true}]) - start
146260 [main] TRACE org.dbunit.database.DatabaseConfig  - getFeature(name=http://www.dbunit.org/features/qualifiedTableNames) - start
146260 [main] TRACE org.dbunit.database.DatabaseConfig  - getProperty(name=http://www.dbunit.org/features/qualifiedTableNames) - start
146260 [main] DEBUG org.dbunit.util.QualifiedTableName  - Qualified table names feature is disabled. Returning plain table name
146260 [main] DEBUG org.dbunit.util.QualifiedTableName  - getQualifiedName(prefix=null, name=SCOPEDCONTENTCONDITION, escapePattern=null) - start
146260 [main] DEBUG org.dbunit.util.QualifiedTableName  - getQualifiedNameIfEnabled(config=org.dbunit.database.DatabaseConfig[, _propertyMap={http://www.dbunit.org/properties/statementFactory=org.dbunit.database.statement.PreparedStatementFactory@626bc2b8, http://www.dbunit.org/features/caseSensitiveTableNames=false, http://www.dbunit.org/properties/fetchSize=100, http://www.dbunit.org/features/batchedStatements=false, http://www.dbunit.org/properties/metadataHandler=org.dbunit.database.DefaultMetadataHandler@3bbfdfde, http://www.dbunit.org/properties/datatypeFactory=org.dbunit.dataset.datatype.DefaultDataTypeFactory[_toleratedDeltaMap=org.dbunit.dataset.datatype.ToleratedDeltaMap@6452310a], http://www.dbunit.org/properties/escapePattern=null, http://www.dbunit.org/properties/batchSize=100, http://www.dbunit.org/features/qualifiedTableNames=false, http://www.dbunit.org/properties/tableType=[Ljava.lang.String;@5011bafa, http://www.dbunit.org/properties/resultSetTableFactory=org.dbunit.database.CachedResultSetTableFactory@10bcf083, http://www.dbunit.org/features/datatypeWarning=true}]) - start
146260 [main] TRACE org.dbunit.database.DatabaseConfig  - getFeature(name=http://www.dbunit.org/features/qualifiedTableNames) - start
146260 [main] TRACE org.dbunit.database.DatabaseConfig  - getProperty(name=http://www.dbunit.org/features/qualifiedTableNames) - start
146260 [main] DEBUG org.dbunit.util.QualifiedTableName  - Qualified table names feature is disabled. Returning plain table name
146260 [main] DEBUG org.dbunit.util.QualifiedTableName  - getQualifiedName(prefix=null, name=NESTEDSCOPEDCONTENTCONDITIONS, escapePattern=null) - start
146260 [main] DEBUG org.dbunit.database.search.AbstractMetaDataBasedSearchCallback  - newEdge(rs=org.apache.commons.dbcp.DelegatingResultSet@7256c49, type=1, from=SCOPEDCONTENTCONDITION, to=NESTEDSCOPEDCONTENTCONDITIONS, fkColumn=CHILD_CONDITION_ID, pkColumn=ID) - start
146260 [main] DEBUG org.dbunit.database.search.AbstractMetaDataBasedSearchCallback  - createFKEdge(rs=org.apache.commons.dbcp.DelegatingResultSet@7256c49, type=1, from=SCOPEDCONTENTCONDITION, to=NESTEDSCOPEDCONTENTCONDITIONS, fkColumn=CHILD_CONDITION_ID, pkColumn=ID) - start
146260 [main] DEBUG org.dbunit.database.search.AbstractMetaDataBasedSearchCallback  - Adding edge NESTEDSCOPEDCONTENTCONDITIONS(CHILD_CONDITION_ID)->SCOPEDCONTENTCONDITION(ID)
146260 [main] DEBUG org.dbunit.util.search.Edge  - compareTo(o=NESTEDSCOPEDCONTENTCONDITIONS(CHILD_CONDITION_ID)->SCOPEDCONTENTCONDITION(ID)) - start
146260 [main] DEBUG org.dbunit.util.QualifiedTableName  - getQualifiedNameIfEnabled(config=org.dbunit.database.DatabaseConfig[, _propertyMap={http://www.dbunit.org/properties/statementFactory=org.dbunit.database.statement.PreparedStatementFactory@626bc2b8, http://www.dbunit.org/features/caseSensitiveTableNames=false, http://www.dbunit.org/properties/fetchSize=100, http://www.dbunit.org/features/batchedStatements=false, http://www.dbunit.org/properties/metadataHandler=org.dbunit.database.DefaultMetadataHandler@3bbfdfde, http://www.dbunit.org/properties/datatypeFactory=org.dbunit.dataset.datatype.DefaultDataTypeFactory[_toleratedDeltaMap=org.dbunit.dataset.datatype.ToleratedDeltaMap@6452310a], http://www.dbunit.org/properties/escapePattern=null, http://www.dbunit.org/properties/batchSize=100, http://www.dbunit.org/features/qualifiedTableNames=false, http://www.dbunit.org/properties/tableType=[Ljava.lang.String;@5011bafa, http://www.dbunit.org/properties/resultSetTableFactory=org.dbunit.database.CachedResultSetTableFactory@10bcf083, http://www.dbunit.org/features/datatypeWarning=true}]) - start
146260 [main] TRACE org.dbunit.database.DatabaseConfig  - getFeature(name=http://www.dbunit.org/features/qualifiedTableNames) - start
146260 [main] TRACE org.dbunit.database.DatabaseConfig  - getProperty(name=http://www.dbunit.org/features/qualifiedTableNames) - start
146260 [main] DEBUG org.dbunit.util.QualifiedTableName  - Qualified table names feature is disabled. Returning plain table name
146260 [main] DEBUG org.dbunit.util.QualifiedTableName  - getQualifiedName(prefix=null, name=SCOPEDCONTENTCONDITION, escapePattern=null) - start
146260 [main] DEBUG org.dbunit.util.QualifiedTableName  - getQualifiedNameIfEnabled(config=org.dbunit.database.DatabaseConfig[, _propertyMap={http://www.dbunit.org/properties/statementFactory=org.dbunit.database.statement.PreparedStatementFactory@626bc2b8, http://www.dbunit.org/features/caseSensitiveTableNames=false, http://www.dbunit.org/properties/fetchSize=100, http://www.dbunit.org/features/batchedStatements=false, http://www.dbunit.org/properties/metadataHandler=org.dbunit.database.DefaultMetadataHandler@3bbfdfde, http://www.dbunit.org/properties/datatypeFactory=org.dbunit.dataset.datatype.DefaultDataTypeFactory[_toleratedDeltaMap=org.dbunit.dataset.datatype.ToleratedDeltaMap@6452310a], http://www.dbunit.org/properties/escapePattern=null, http://www.dbunit.org/properties/batchSize=100, http://www.dbunit.org/features/qualifiedTableNames=false, http://www.dbunit.org/properties/tableType=[Ljava.lang.String;@5011bafa, http://www.dbunit.org/properties/resultSetTableFactory=org.dbunit.database.CachedResultSetTableFactory@10bcf083, http://www.dbunit.org/features/datatypeWarning=true}]) - start
146260 [main] TRACE org.dbunit.database.DatabaseConfig  - getFeature(name=http://www.dbunit.org/features/qualifiedTableNames) - start
146260 [main] TRACE org.dbunit.database.DatabaseConfig  - getProperty(name=http://www.dbunit.org/features/qualifiedTableNames) - start
146261 [main] DEBUG org.dbunit.util.QualifiedTableName  - Qualified table names feature is disabled. Returning plain table name
146261 [main] DEBUG org.dbunit.util.QualifiedTableName  - getQualifiedName(prefix=null, name=NESTEDSCOPEDCONTENTCONDITIONS, escapePattern=null) - start
146261 [main] DEBUG org.dbunit.database.search.AbstractMetaDataBasedSearchCallback  - newEdge(rs=org.apache.commons.dbcp.DelegatingResultSet@7256c49, type=1, from=SCOPEDCONTENTCONDITION, to=NESTEDSCOPEDCONTENTCONDITIONS, fkColumn=PARENT_CONDITION_ID, pkColumn=ID) - start
146261 [main] DEBUG org.dbunit.database.search.AbstractMetaDataBasedSearchCallback  - createFKEdge(rs=org.apache.commons.dbcp.DelegatingResultSet@7256c49, type=1, from=SCOPEDCONTENTCONDITION, to=NESTEDSCOPEDCONTENTCONDITIONS, fkColumn=PARENT_CONDITION_ID, pkColumn=ID) - start
146261 [main] DEBUG org.dbunit.database.search.AbstractMetaDataBasedSearchCallback  - Adding edge NESTEDSCOPEDCONTENTCONDITIONS(PARENT_CONDITION_ID)->SCOPEDCONTENTCONDITION(ID)
146261 [main] DEBUG org.dbunit.util.search.Edge  - compareTo(o=NESTEDSCOPEDCONTENTCONDITIONS(CHILD_CONDITION_ID)->SCOPEDCONTENTCONDITION(ID)) - start
146261 [main] DEBUG org.dbunit.util.QualifiedTableName  - getQualifiedNameIfEnabled(config=org.dbunit.database.DatabaseConfig[, _propertyMap={http://www.dbunit.org/properties/statementFactory=org.dbunit.database.statement.PreparedStatementFactory@626bc2b8, http://www.dbunit.org/features/caseSensitiveTableNames=false, http://www.dbunit.org/properties/fetchSize=100, http://www.dbunit.org/features/batchedStatements=false, http://www.dbunit.org/properties/metadataHandler=org.dbunit.database.DefaultMetadataHandler@3bbfdfde, http://www.dbunit.org/properties/datatypeFactory=org.dbunit.dataset.datatype.DefaultDataTypeFactory[_toleratedDeltaMap=org.dbunit.dataset.datatype.ToleratedDeltaMap@6452310a], http://www.dbunit.org/properties/escapePattern=null, http://www.dbunit.org/properties/batchSize=100, http://www.dbunit.org/features/qualifiedTableNames=false, http://www.dbunit.org/properties/tableType=[Ljava.lang.String;@5011bafa, http://www.dbunit.org/properties/resultSetTableFactory=org.dbunit.database.CachedResultSetTableFactory@10bcf083, http://www.dbunit.org/features/datatypeWarning=true}]) - start
146261 [main] TRACE org.dbunit.database.DatabaseConfig  - getFeature(name=http://www.dbunit.org/features/qualifiedTableNames) - start
146261 [main] TRACE org.dbunit.database.DatabaseConfig  - getProperty(name=http://www.dbunit.org/features/qualifiedTableNames) - start
146261 [main] DEBUG org.dbunit.util.QualifiedTableName  - Qualified table names feature is disabled. Returning plain table name
146261 [main] DEBUG org.dbunit.util.QualifiedTableName  - getQualifiedName(prefix=null, name=SCOPEDCONTENTCONDITION, escapePattern=null) - start
146261 [main] DEBUG org.dbunit.util.QualifiedTableName  - getQualifiedNameIfEnabled(config=org.dbunit.database.DatabaseConfig[, _propertyMap={http://www.dbunit.org/properties/statementFactory=org.dbunit.database.statement.PreparedStatementFactory@626bc2b8, http://www.dbunit.org/features/caseSensitiveTableNames=false, http://www.dbunit.org/properties/fetchSize=100, http://www.dbunit.org/features/batchedStatements=false, http://www.dbunit.org/properties/metadataHandler=org.dbunit.database.DefaultMetadataHandler@3bbfdfde, http://www.dbunit.org/properties/datatypeFactory=org.dbunit.dataset.datatype.DefaultDataTypeFactory[_toleratedDeltaMap=org.dbunit.dataset.datatype.ToleratedDeltaMap@6452310a], http://www.dbunit.org/properties/escapePattern=null, http://www.dbunit.org/properties/batchSize=100, http://www.dbunit.org/features/qualifiedTableNames=false, http://www.dbunit.org/properties/tableType=[Ljava.lang.String;@5011bafa, http://www.dbunit.org/properties/resultSetTableFactory=org.dbunit.database.CachedResultSetTableFactory@10bcf083, http://www.dbunit.org/features/datatypeWarning=true}]) - start
146261 [main] TRACE org.dbunit.database.DatabaseConfig  - getFeature(name=http://www.dbunit.org/features/qualifiedTableNames) - start
146261 [main] TRACE org.dbunit.database.DatabaseConfig  - getProperty(name=http://www.dbunit.org/features/qualifiedTableNames) - start
146261 [main] DEBUG org.dbunit.util.QualifiedTableName  - Qualified table names feature is disabled. Returning plain table name
146261 [main] DEBUG org.dbunit.util.QualifiedTableName  - getQualifiedName(prefix=null, name=SCOPEDCONTENTCONDITIONATTRIBUTE, escapePattern=null) - start
146261 [main] DEBUG org.dbunit.database.search.AbstractMetaDataBasedSearchCallback  - newEdge(rs=org.apache.commons.dbcp.DelegatingResultSet@7256c49, type=1, from=SCOPEDCONTENTCONDITION, to=SCOPEDCONTENTCONDITIONATTRIBUTE, fkColumn=SCOPEDCONTENTCONDITION, pkColumn=ID) - start
146261 [main] DEBUG org.dbunit.database.search.AbstractMetaDataBasedSearchCallback  - createFKEdge(rs=org.apache.commons.dbcp.DelegatingResultSet@7256c49, type=1, from=SCOPEDCONTENTCONDITION, to=SCOPEDCONTENTCONDITIONATTRIBUTE, fkColumn=SCOPEDCONTENTCONDITION, pkColumn=ID) - start
146261 [main] DEBUG org.dbunit.database.search.AbstractMetaDataBasedSearchCallback  - Adding edge SCOPEDCONTENTCONDITIONATTRIBUTE(SCOPEDCONTENTCONDITION)->SCOPEDCONTENTCONDITION(ID)
146261 [main] DEBUG org.dbunit.util.search.Edge  - compareTo(o=NESTEDSCOPEDCONTENTCONDITIONS(CHILD_CONDITION_ID)->SCOPEDCONTENTCONDITION(ID)) - start
146261 [main] DEBUG org.dbunit.util.QualifiedTableName  - getQualifiedNameIfEnabled(config=org.dbunit.database.DatabaseConfig[, _propertyMap={http://www.dbunit.org/properties/statementFactory=org.dbunit.database.statement.PreparedStatementFactory@626bc2b8, http://www.dbunit.org/features/caseSensitiveTableNames=false, http://www.dbunit.org/properties/fetchSize=100, http://www.dbunit.org/features/batchedStatements=false, http://www.dbunit.org/properties/metadataHandler=org.dbunit.database.DefaultMetadataHandler@3bbfdfde, http://www.dbunit.org/properties/datatypeFactory=org.dbunit.dataset.datatype.DefaultDataTypeFactory[_toleratedDeltaMap=org.dbunit.dataset.datatype.ToleratedDeltaMap@6452310a], http://www.dbunit.org/properties/escapePattern=null, http://www.dbunit.org/properties/batchSize=100, http://www.dbunit.org/features/qualifiedTableNames=false, http://www.dbunit.org/properties/tableType=[Ljava.lang.String;@5011bafa, http://www.dbunit.org/properties/resultSetTableFactory=org.dbunit.database.CachedResultSetTableFactory@10bcf083, http://www.dbunit.org/features/datatypeWarning=true}]) - start
146261 [main] TRACE org.dbunit.database.DatabaseConfig  - getFeature(name=http://www.dbunit.org/features/qualifiedTableNames) - start
146261 [main] TRACE org.dbunit.database.DatabaseConfig  - getProperty(name=http://www.dbunit.org/features/qualifiedTableNames) - start
146261 [main] DEBUG org.dbunit.util.QualifiedTableName  - Qualified table names feature is disabled. Returning plain table name
146261 [main] DEBUG org.dbunit.util.QualifiedTableName  - getQualifiedName(prefix=null, name=SCOPEDCONTENTCONDITION, escapePattern=null) - start
146261 [main] DEBUG org.dbunit.util.QualifiedTableName  - getQualifiedNameIfEnabled(config=org.dbunit.database.DatabaseConfig[, _propertyMap={http://www.dbunit.org/properties/statementFactory=org.dbunit.database.statement.PreparedStatementFactory@626bc2b8, http://www.dbunit.org/features/caseSensitiveTableNames=false, http://www.dbunit.org/properties/fetchSize=100, http://www.dbunit.org/features/batchedStatements=false, http://www.dbunit.org/properties/metadataHandler=org.dbunit.database.DefaultMetadataHandler@3bbfdfde, http://www.dbunit.org/properties/datatypeFactory=org.dbunit.dataset.datatype.DefaultDataTypeFactory[_toleratedDeltaMap=org.dbunit.dataset.datatype.ToleratedDeltaMap@6452310a], http://www.dbunit.org/properties/escapePattern=null, http://www.dbunit.org/properties/batchSize=100, http://www.dbunit.org/features/qualifiedTableNames=false, http://www.dbunit.org/properties/tableType=[Ljava.lang.String;@5011bafa, http://www.dbunit.org/properties/resultSetTableFactory=org.dbunit.database.CachedResultSetTableFactory@10bcf083, http://www.dbunit.org/features/datatypeWarning=true}]) - start
146262 [main] TRACE org.dbunit.database.DatabaseConfig  - getFeature(name=http://www.dbunit.org/features/qualifiedTableNames) - start
146262 [main] TRACE org.dbunit.database.DatabaseConfig  - getProperty(name=http://www.dbunit.org/features/qualifiedTableNames) - start
146262 [main] DEBUG org.dbunit.util.QualifiedTableName  - Qualified table names feature is disabled. Returning plain table name
146262 [main] DEBUG org.dbunit.util.QualifiedTableName  - getQualifiedName(prefix=null, name=SCOPEDCONTENTCONDITIONS_SCOPEDCONTENT, escapePattern=null) - start
146262 [main] DEBUG org.dbunit.database.search.AbstractMetaDataBasedSearchCallback  - newEdge(rs=org.apache.commons.dbcp.DelegatingResultSet@7256c49, type=1, from=SCOPEDCONTENTCONDITION, to=SCOPEDCONTENTCONDITIONS_SCOPEDCONTENT, fkColumn=SCOPED_CONTENT_CONDITION_ID, pkColumn=ID) - start
146262 [main] DEBUG org.dbunit.database.search.AbstractMetaDataBasedSearchCallback  - createFKEdge(rs=org.apache.commons.dbcp.DelegatingResultSet@7256c49, type=1, from=SCOPEDCONTENTCONDITION, to=SCOPEDCONTENTCONDITIONS_SCOPEDCONTENT, fkColumn=SCOPED_CONTENT_CONDITION_ID, pkColumn=ID) - start
146262 [main] DEBUG org.dbunit.database.search.AbstractMetaDataBasedSearchCallback  - Adding edge SCOPEDCONTENTCONDITIONS_SCOPEDCONTENT(SCOPED_CONTENT_CONDITION_ID)->SCOPEDCONTENTCONDITION(ID)
146262 [main] DEBUG org.dbunit.util.search.Edge  - compareTo(o=NESTEDSCOPEDCONTENTCONDITIONS(CHILD_CONDITION_ID)->SCOPEDCONTENTCONDITION(ID)) - start
146262 [main] DEBUG org.dbunit.util.search.Edge  - compareTo(o=SCOPEDCONTENTCONDITIONATTRIBUTE(SCOPEDCONTENTCONDITION)->SCOPEDCONTENTCONDITION(ID)) - start
146262 [main] DEBUG org.dbunit.util.QualifiedTableName  - getQualifiedNameIfEnabled(config=org.dbunit.database.DatabaseConfig[, _propertyMap={http://www.dbunit.org/properties/statementFactory=org.dbunit.database.statement.PreparedStatementFactory@626bc2b8, http://www.dbunit.org/features/caseSensitiveTableNames=false, http://www.dbunit.org/properties/fetchSize=100, http://www.dbunit.org/features/batchedStatements=false, http://www.dbunit.org/properties/metadataHandler=org.dbunit.database.DefaultMetadataHandler@3bbfdfde, http://www.dbunit.org/properties/datatypeFactory=org.dbunit.dataset.datatype.DefaultDataTypeFactory[_toleratedDeltaMap=org.dbunit.dataset.datatype.ToleratedDeltaMap@6452310a], http://www.dbunit.org/properties/escapePattern=null, http://www.dbunit.org/properties/batchSize=100, http://www.dbunit.org/features/qualifiedTableNames=false, http://www.dbunit.org/properties/tableType=[Ljava.lang.String;@5011bafa, http://www.dbunit.org/properties/resultSetTableFactory=org.dbunit.database.CachedResultSetTableFactory@10bcf083, http://www.dbunit.org/features/datatypeWarning=true}]) - start
146262 [main] TRACE org.dbunit.database.DatabaseConfig  - getFeature(name=http://www.dbunit.org/features/qualifiedTableNames) - start
146262 [main] TRACE org.dbunit.database.DatabaseConfig  - getProperty(name=http://www.dbunit.org/features/qualifiedTableNames) - start
146262 [main] DEBUG org.dbunit.util.QualifiedTableName  - Qualified table names feature is disabled. Returning plain table name
146262 [main] DEBUG org.dbunit.util.QualifiedTableName  - getQualifiedName(prefix=null, name=SCOPEDCONTENTCONDITION, escapePattern=null) - start
146262 [main] DEBUG org.dbunit.util.QualifiedTableName  - getQualifiedNameIfEnabled(config=org.dbunit.database.DatabaseConfig[, _propertyMap={http://www.dbunit.org/properties/statementFactory=org.dbunit.database.statement.PreparedStatementFactory@626bc2b8, http://www.dbunit.org/features/caseSensitiveTableNames=false, http://www.dbunit.org/properties/fetchSize=100, http://www.dbunit.org/features/batchedStatements=false, http://www.dbunit.org/properties/metadataHandler=org.dbunit.database.DefaultMetadataHandler@3bbfdfde, http://www.dbunit.org/properties/datatypeFactory=org.dbunit.dataset.datatype.DefaultDataTypeFactory[_toleratedDeltaMap=org.dbunit.dataset.datatype.ToleratedDeltaMap@6452310a], http://www.dbunit.org/properties/escapePattern=null, http://www.dbunit.org/properties/batchSize=100, http://www.dbunit.org/features/qualifiedTableNames=false, http://www.dbunit.org/properties/tableType=[Ljava.lang.String;@5011bafa, http://www.dbunit.org/properties/resultSetTableFactory=org.dbunit.database.CachedResultSetTableFactory@10bcf083, http://www.dbunit.org/features/datatypeWarning=true}]) - start
146262 [main] TRACE org.dbunit.database.DatabaseConfig  - getFeature(name=http://www.dbunit.org/features/qualifiedTableNames) - start
146262 [main] TRACE org.dbunit.database.DatabaseConfig  - getProperty(name=http://www.dbunit.org/features/qualifiedTableNames) - start
146262 [main] DEBUG org.dbunit.util.QualifiedTableName  - Qualified table names feature is disabled. Returning plain table name
146262 [main] DEBUG org.dbunit.util.QualifiedTableName  - getQualifiedName(prefix=null, name=SCOPEDCONTENTCONDITIONS_SCOPEDCONTENTITEM, escapePattern=null) - start
146262 [main] DEBUG org.dbunit.database.search.AbstractMetaDataBasedSearchCallback  - newEdge(rs=org.apache.commons.dbcp.DelegatingResultSet@7256c49, type=1, from=SCOPEDCONTENTCONDITION, to=SCOPEDCONTENTCONDITIONS_SCOPEDCONTENTITEM, fkColumn=SCOPED_CONTENT_CONDITION_ID, pkColumn=ID) - start
146262 [main] DEBUG org.dbunit.database.search.AbstractMetaDataBasedSearchCallback  - createFKEdge(rs=org.apache.commons.dbcp.DelegatingResultSet@7256c49, type=1, from=SCOPEDCONTENTCONDITION, to=SCOPEDCONTENTCONDITIONS_SCOPEDCONTENTITEM, fkColumn=SCOPED_CONTENT_CONDITION_ID, pkColumn=ID) - start
146262 [main] DEBUG org.dbunit.database.search.AbstractMetaDataBasedSearchCallback  - Adding edge SCOPEDCONTENTCONDITIONS_SCOPEDCONTENTITEM(SCOPED_CONTENT_CONDITION_ID)->SCOPEDCONTENTCONDITION(ID)
146262 [main] DEBUG org.dbunit.util.search.Edge  - compareTo(o=SCOPEDCONTENTCONDITIONATTRIBUTE(SCOPEDCONTENTCONDITION)->SCOPEDCONTENTCONDITION(ID)) - start
146262 [main] DEBUG org.dbunit.util.search.Edge  - compareTo(o=SCOPEDCONTENTCONDITIONS_SCOPEDCONTENT(SCOPED_CONTENT_CONDITION_ID)->SCOPEDCONTENTCONDITION(ID)) - start
146262 [main] DEBUG org.dbunit.util.SQLHelper  - close(resultSet=org.apache.commons.dbcp.DelegatingResultSet@7256c49) - start
146263 [main] DEBUG org.dbunit.util.search.DepthFirstSearch  - reverseSearch:NESTEDSCOPEDCONTENTCONDITIONS
146263 [main] DEBUG org.dbunit.database.search.ExportedKeysSearchCallback  - searchNode(node=NESTEDSCOPEDCONTENTCONDITIONS) - start
146263 [main] DEBUG org.dbunit.util.search.DepthFirstSearch  - Pushing (reverse) NESTEDSCOPEDCONTENTCONDITIONS
146263 [main] DEBUG org.dbunit.database.search.ExportedKeysSearchCallback  - getEdges(node=NESTEDSCOPEDCONTENTCONDITIONS) - start
146263 [main] DEBUG org.dbunit.database.search.AbstractMetaDataBasedSearchCallback  - getNodesFromExportedKeys(node=NESTEDSCOPEDCONTENTCONDITIONS) - start
146263 [main] DEBUG org.dbunit.database.search.AbstractMetaDataBasedSearchCallback  - getNodes(type=1, node=NESTEDSCOPEDCONTENTCONDITIONS) - start
146263 [main] DEBUG org.dbunit.database.DatabaseDataSourceConnection  - getConnection() - start
146263 [main] DEBUG org.dbunit.database.search.AbstractMetaDataBasedSearchCallback  - getNodes(type=1, node=NESTEDSCOPEDCONTENTCONDITIONS, conn=Transaction-aware proxy for target Connection [jdbc:hsqldb:mem:kontrollDS, UserName=sw, HSQL Database Engine Driver], schema=null, metaData=org.apache.commons.dbcp.DelegatingDatabaseMetaData@29e83049, edges=[]) - start
146263 [main] DEBUG org.dbunit.database.search.AbstractMetaDataBasedSearchCallback  - Getting edges for node NESTEDSCOPEDCONTENTCONDITIONS
146263 [main] TRACE org.dbunit.database.DatabaseConfig  - getProperty(name=http://www.dbunit.org/properties/metadataHandler) - start
146263 [main] TRACE org.dbunit.database.DefaultMetadataHandler  - tableExists(metaData=org.apache.commons.dbcp.DelegatingDatabaseMetaData@29e83049, schemaName=null, tableName=NESTEDSCOPEDCONTENTCONDITIONS) - start
146264 [main] DEBUG org.dbunit.util.SQLHelper  - close(resultSet=org.apache.commons.dbcp.DelegatingResultSet@10f283f) - start
146264 [main] DEBUG org.dbunit.util.SQLHelper  - close(resultSet=org.apache.commons.dbcp.DelegatingResultSet@330d42b) - start
146264 [main] DEBUG org.dbunit.util.search.DepthFirstSearch  - reverseSearch:SCOPEDCONTENTCONDITIONATTRIBUTE
146264 [main] DEBUG org.dbunit.database.search.ExportedKeysSearchCallback  - searchNode(node=SCOPEDCONTENTCONDITIONATTRIBUTE) - start
146264 [main] DEBUG org.dbunit.util.search.DepthFirstSearch  - Pushing (reverse) SCOPEDCONTENTCONDITIONATTRIBUTE
146264 [main] DEBUG org.dbunit.util.search.DepthFirstSearch  - reverseSearch:SCOPEDCONTENTCONDITIONS_SCOPEDCONTENT
146264 [main] DEBUG org.dbunit.database.search.ExportedKeysSearchCallback  - searchNode(node=SCOPEDCONTENTCONDITIONS_SCOPEDCONTENT) - start
146264 [main] DEBUG org.dbunit.util.search.DepthFirstSearch  - Pushing (reverse) SCOPEDCONTENTCONDITIONS_SCOPEDCONTENT
146264 [main] DEBUG org.dbunit.util.search.DepthFirstSearch  - reverseSearch:SCOPEDCONTENTCONDITIONS_SCOPEDCONTENTITEM
146264 [main] DEBUG org.dbunit.database.search.ExportedKeysSearchCallback  - searchNode(node=SCOPEDCONTENTCONDITIONS_SCOPEDCONTENTITEM) - start
146264 [main] DEBUG org.dbunit.util.search.DepthFirstSearch  - Pushing (reverse) SCOPEDCONTENTCONDITIONS_SCOPEDCONTENTITEM
146265 [main] DEBUG org.dbunit.util.search.DepthFirstSearch  - search:NESTEDSCOPEDCONTENTCONDITIONS
146265 [main] DEBUG org.dbunit.database.search.ExportedKeysSearchCallback  - searchNode(node=NESTEDSCOPEDCONTENTCONDITIONS) - start
146265 [main] DEBUG org.dbunit.util.search.DepthFirstSearch  - Pushing NESTEDSCOPEDCONTENTCONDITIONS
146265 [main] DEBUG org.dbunit.database.search.ExportedKeysSearchCallback  - getEdges(node=NESTEDSCOPEDCONTENTCONDITIONS) - start
146265 [main] DEBUG org.dbunit.database.search.AbstractMetaDataBasedSearchCallback  - getNodesFromExportedKeys(node=NESTEDSCOPEDCONTENTCONDITIONS) - start
146265 [main] DEBUG org.dbunit.database.search.AbstractMetaDataBasedSearchCallback  - getNodes(type=1, node=NESTEDSCOPEDCONTENTCONDITIONS) - start
146265 [main] DEBUG org.dbunit.database.DatabaseDataSourceConnection  - getConnection() - start
146265 [main] DEBUG org.dbunit.database.search.AbstractMetaDataBasedSearchCallback  - getNodes(type=1, node=NESTEDSCOPEDCONTENTCONDITIONS, conn=Transaction-aware proxy for target Connection [jdbc:hsqldb:mem:kontrollDS, UserName=sw, HSQL Database Engine Driver], schema=null, metaData=org.apache.commons.dbcp.DelegatingDatabaseMetaData@7ab954af, edges=[]) - start
146265 [main] DEBUG org.dbunit.database.search.AbstractMetaDataBasedSearchCallback  - Getting edges for node NESTEDSCOPEDCONTENTCONDITIONS
146265 [main] TRACE org.dbunit.database.DatabaseConfig  - getProperty(name=http://www.dbunit.org/properties/metadataHandler) - start
146265 [main] TRACE org.dbunit.database.DefaultMetadataHandler  - tableExists(metaData=org.apache.commons.dbcp.DelegatingDatabaseMetaData@7ab954af, schemaName=null, tableName=NESTEDSCOPEDCONTENTCONDITIONS) - start
146266 [main] DEBUG org.dbunit.util.SQLHelper  - close(resultSet=org.apache.commons.dbcp.DelegatingResultSet@5016efb1) - start
146266 [main] DEBUG org.dbunit.util.SQLHelper  - close(resultSet=org.apache.commons.dbcp.DelegatingResultSet@1064a8d1) - start
146266 [main] DEBUG org.dbunit.util.search.DepthFirstSearch  - Adding node NESTEDSCOPEDCONTENTCONDITIONS to the final result
146266 [main] DEBUG org.dbunit.util.search.DepthFirstSearch  - search:SCOPEDCONTENTCONDITIONATTRIBUTE
146266 [main] DEBUG org.dbunit.database.search.ExportedKeysSearchCallback  - searchNode(node=SCOPEDCONTENTCONDITIONATTRIBUTE) - start
146266 [main] DEBUG org.dbunit.util.search.DepthFirstSearch  - Pushing SCOPEDCONTENTCONDITIONATTRIBUTE
146266 [main] DEBUG org.dbunit.database.search.ExportedKeysSearchCallback  - getEdges(node=SCOPEDCONTENTCONDITIONATTRIBUTE) - start
146266 [main] DEBUG org.dbunit.database.search.AbstractMetaDataBasedSearchCallback  - getNodesFromExportedKeys(node=SCOPEDCONTENTCONDITIONATTRIBUTE) - start
146266 [main] DEBUG org.dbunit.database.search.AbstractMetaDataBasedSearchCallback  - getNodes(type=1, node=SCOPEDCONTENTCONDITIONATTRIBUTE) - start
146266 [main] DEBUG org.dbunit.database.DatabaseDataSourceConnection  - getConnection() - start
146266 [main] DEBUG org.dbunit.database.search.AbstractMetaDataBasedSearchCallback  - getNodes(type=1, node=SCOPEDCONTENTCONDITIONATTRIBUTE, conn=Transaction-aware proxy for target Connection [jdbc:hsqldb:mem:kontrollDS, UserName=sw, HSQL Database Engine Driver], schema=null, metaData=org.apache.commons.dbcp.DelegatingDatabaseMetaData@408739bf, edges=[]) - start
146266 [main] DEBUG org.dbunit.database.search.AbstractMetaDataBasedSearchCallback  - Getting edges for node SCOPEDCONTENTCONDITIONATTRIBUTE
146266 [main] TRACE org.dbunit.database.DatabaseConfig  - getProperty(name=http://www.dbunit.org/properties/metadataHandler) - start
146266 [main] TRACE org.dbunit.database.DefaultMetadataHandler  - tableExists(metaData=org.apache.commons.dbcp.DelegatingDatabaseMetaData@408739bf, schemaName=null, tableName=SCOPEDCONTENTCONDITIONATTRIBUTE) - start
146267 [main] DEBUG org.dbunit.util.SQLHelper  - close(resultSet=org.apache.commons.dbcp.DelegatingResultSet@208989d2) - start
146268 [main] DEBUG org.dbunit.util.SQLHelper  - close(resultSet=org.apache.commons.dbcp.DelegatingResultSet@2487f8da) - start
146268 [main] DEBUG org.dbunit.util.search.DepthFirstSearch  - Adding node SCOPEDCONTENTCONDITIONATTRIBUTE to the final result
146268 [main] DEBUG org.dbunit.util.search.DepthFirstSearch  - search:SCOPEDCONTENTCONDITIONS_SCOPEDCONTENT
146268 [main] DEBUG org.dbunit.database.search.ExportedKeysSearchCallback  - searchNode(node=SCOPEDCONTENTCONDITIONS_SCOPEDCONTENT) - start
146268 [main] DEBUG org.dbunit.util.search.DepthFirstSearch  - Pushing SCOPEDCONTENTCONDITIONS_SCOPEDCONTENT
146268 [main] DEBUG org.dbunit.database.search.ExportedKeysSearchCallback  - getEdges(node=SCOPEDCONTENTCONDITIONS_SCOPEDCONTENT) - start
146268 [main] DEBUG org.dbunit.database.search.AbstractMetaDataBasedSearchCallback  - getNodesFromExportedKeys(node=SCOPEDCONTENTCONDITIONS_SCOPEDCONTENT) - start
146268 [main] DEBUG org.dbunit.database.search.AbstractMetaDataBasedSearchCallback  - getNodes(type=1, node=SCOPEDCONTENTCONDITIONS_SCOPEDCONTENT) - start
146268 [main] DEBUG org.dbunit.database.DatabaseDataSourceConnection  - getConnection() - start
146268 [main] DEBUG org.dbunit.database.search.AbstractMetaDataBasedSearchCallback  - getNodes(type=1, node=SCOPEDCONTENTCONDITIONS_SCOPEDCONTENT, conn=Transaction-aware proxy for target Connection [jdbc:hsqldb:mem:kontrollDS, UserName=sw, HSQL Database Engine Driver], schema=null, metaData=org.apache.commons.dbcp.DelegatingDatabaseMetaData@5ae2c2f2, edges=[]) - start
146268 [main] DEBUG org.dbunit.database.search.AbstractMetaDataBasedSearchCallback  - Getting edges for node SCOPEDCONTENTCONDITIONS_SCOPEDCONTENT
146268 [main] TRACE org.dbunit.database.DatabaseConfig  - getProperty(name=http://www.dbunit.org/properties/metadataHandler) - start
146268 [main] TRACE org.dbunit.database.DefaultMetadataHandler  - tableExists(metaData=org.apache.commons.dbcp.DelegatingDatabaseMetaData@5ae2c2f2, schemaName=null, tableName=SCOPEDCONTENTCONDITIONS_SCOPEDCONTENT) - start
146269 [main] DEBUG org.dbunit.util.SQLHelper  - close(resultSet=org.apache.commons.dbcp.DelegatingResultSet@11e4cf28) - start
146269 [main] DEBUG org.dbunit.util.SQLHelper  - close(resultSet=org.apache.commons.dbcp.DelegatingResultSet@5d20a154) - start
146269 [main] DEBUG org.dbunit.util.search.DepthFirstSearch  - Adding node SCOPEDCONTENTCONDITIONS_SCOPEDCONTENT to the final result
146269 [main] DEBUG org.dbunit.util.search.DepthFirstSearch  - search:SCOPEDCONTENTCONDITIONS_SCOPEDCONTENTITEM
146269 [main] DEBUG org.dbunit.database.search.ExportedKeysSearchCallback  - searchNode(node=SCOPEDCONTENTCONDITIONS_SCOPEDCONTENTITEM) - start
146269 [main] DEBUG org.dbunit.util.search.DepthFirstSearch  - Pushing SCOPEDCONTENTCONDITIONS_SCOPEDCONTENTITEM
146269 [main] DEBUG org.dbunit.database.search.ExportedKeysSearchCallback  - getEdges(node=SCOPEDCONTENTCONDITIONS_SCOPEDCONTENTITEM) - start
146269 [main] DEBUG org.dbunit.database.search.AbstractMetaDataBasedSearchCallback  - getNodesFromExportedKeys(node=SCOPEDCONTENTCONDITIONS_SCOPEDCONTENTITEM) - start
146269 [main] DEBUG org.dbunit.database.search.AbstractMetaDataBasedSearchCallback  - getNodes(type=1, node=SCOPEDCONTENTCONDITIONS_SCOPEDCONTENTITEM) - start
146269 [main] DEBUG org.dbunit.database.DatabaseDataSourceConnection  - getConnection() - start
146269 [main] DEBUG org.dbunit.database.search.AbstractMetaDataBasedSearchCallback  - getNodes(type=1, node=SCOPEDCONTENTCONDITIONS_SCOPEDCONTENTITEM, conn=Transaction-aware proxy for target Connection [jdbc:hsqldb:mem:kontrollDS, UserName=sw, HSQL Database Engine Driver], schema=null, metaData=org.apache.commons.dbcp.DelegatingDatabaseMetaData@93fc190, edges=[]) - start
146269 [main] DEBUG org.dbunit.database.search.AbstractMetaDataBasedSearchCallback  - Getting edges for node SCOPEDCONTENTCONDITIONS_SCOPEDCONTENTITEM
146269 [main] TRACE org.dbunit.database.DatabaseConfig  - getProperty(name=http://www.dbunit.org/properties/metadataHandler) - start
146269 [main] TRACE org.dbunit.database.DefaultMetadataHandler  - tableExists(metaData=org.apache.commons.dbcp.DelegatingDatabaseMetaData@93fc190, schemaName=null, tableName=SCOPEDCONTENTCONDITIONS_SCOPEDCONTENTITEM) - start
146270 [main] DEBUG org.dbunit.util.SQLHelper  - close(resultSet=org.apache.commons.dbcp.DelegatingResultSet@76774b9b) - start
146271 [main] DEBUG org.dbunit.util.SQLHelper  - close(resultSet=org.apache.commons.dbcp.DelegatingResultSet@967a5e) - start
146271 [main] DEBUG org.dbunit.util.search.DepthFirstSearch  - Adding node SCOPEDCONTENTCONDITIONS_SCOPEDCONTENTITEM to the final result
146271 [main] DEBUG org.dbunit.util.search.DepthFirstSearch  - search:SCOPEDCONTENTCONDITION
146271 [main] DEBUG org.dbunit.database.search.ExportedKeysSearchCallback  - searchNode(node=SCOPEDCONTENTCONDITION) - start
146271 [main] DEBUG org.dbunit.util.search.DepthFirstSearch  - Pushing SCOPEDCONTENTCONDITION
146271 [main] DEBUG org.dbunit.database.search.ExportedKeysSearchCallback  - getEdges(node=SCOPEDCONTENTCONDITION) - start
146271 [main] DEBUG org.dbunit.database.search.AbstractMetaDataBasedSearchCallback  - getNodesFromExportedKeys(node=SCOPEDCONTENTCONDITION) - start
146271 [main] DEBUG org.dbunit.database.search.AbstractMetaDataBasedSearchCallback  - getNodes(type=1, node=SCOPEDCONTENTCONDITION) - start
146271 [main] DEBUG org.dbunit.database.DatabaseDataSourceConnection  - getConnection() - start
146271 [main] DEBUG org.dbunit.database.search.AbstractMetaDataBasedSearchCallback  - getNodes(type=1, node=SCOPEDCONTENTCONDITION, conn=Transaction-aware proxy for target Connection [jdbc:hsqldb:mem:kontrollDS, UserName=sw, HSQL Database Engine Driver], schema=null, metaData=org.apache.commons.dbcp.DelegatingDatabaseMetaData@173bb19f, edges=[]) - start
146271 [main] DEBUG org.dbunit.database.search.AbstractMetaDataBasedSearchCallback  - Getting edges for node SCOPEDCONTENTCONDITION
146271 [main] TRACE org.dbunit.database.DatabaseConfig  - getProperty(name=http://www.dbunit.org/properties/metadataHandler) - start
146271 [main] TRACE org.dbunit.database.DefaultMetadataHandler  - tableExists(metaData=org.apache.commons.dbcp.DelegatingDatabaseMetaData@173bb19f, schemaName=null, tableName=SCOPEDCONTENTCONDITION) - start
146272 [main] DEBUG org.dbunit.util.SQLHelper  - close(resultSet=org.apache.commons.dbcp.DelegatingResultSet@53689562) - start
146272 [main] DEBUG org.dbunit.util.QualifiedTableName  - getQualifiedNameIfEnabled(config=org.dbunit.database.DatabaseConfig[, _propertyMap={http://www.dbunit.org/properties/statementFactory=org.dbunit.database.statement.PreparedStatementFactory@626bc2b8, http://www.dbunit.org/features/caseSensitiveTableNames=false, http://www.dbunit.org/properties/fetchSize=100, http://www.dbunit.org/features/batchedStatements=false, http://www.dbunit.org/properties/metadataHandler=org.dbunit.database.DefaultMetadataHandler@3bbfdfde, http://www.dbunit.org/properties/datatypeFactory=org.dbunit.dataset.datatype.DefaultDataTypeFactory[_toleratedDeltaMap=org.dbunit.dataset.datatype.ToleratedDeltaMap@6452310a], http://www.dbunit.org/properties/escapePattern=null, http://www.dbunit.org/properties/batchSize=100, http://www.dbunit.org/features/qualifiedTableNames=false, http://www.dbunit.org/properties/tableType=[Ljava.lang.String;@5011bafa, http://www.dbunit.org/properties/resultSetTableFactory=org.dbunit.database.CachedResultSetTableFactory@10bcf083, http://www.dbunit.org/features/datatypeWarning=true}]) - start
146272 [main] TRACE org.dbunit.database.DatabaseConfig  - getFeature(name=http://www.dbunit.org/features/qualifiedTableNames) - start
146272 [main] TRACE org.dbunit.database.DatabaseConfig  - getProperty(name=http://www.dbunit.org/features/qualifiedTableNames) - start
146272 [main] DEBUG org.dbunit.util.QualifiedTableName  - Qualified table names feature is disabled. Returning plain table name
146272 [main] DEBUG org.dbunit.util.QualifiedTableName  - getQualifiedName(prefix=null, name=SCOPEDCONTENTCONDITION, escapePattern=null) - start
146272 [main] DEBUG org.dbunit.util.QualifiedTableName  - getQualifiedNameIfEnabled(config=org.dbunit.database.DatabaseConfig[, _propertyMap={http://www.dbunit.org/properties/statementFactory=org.dbunit.database.statement.PreparedStatementFactory@626bc2b8, http://www.dbunit.org/features/caseSensitiveTableNames=false, http://www.dbunit.org/properties/fetchSize=100, http://www.dbunit.org/features/batchedStatements=false, http://www.dbunit.org/properties/metadataHandler=org.dbunit.database.DefaultMetadataHandler@3bbfdfde, http://www.dbunit.org/properties/datatypeFactory=org.dbunit.dataset.datatype.DefaultDataTypeFactory[_toleratedDeltaMap=org.dbunit.dataset.datatype.ToleratedDeltaMap@6452310a], http://www.dbunit.org/properties/escapePattern=null, http://www.dbunit.org/properties/batchSize=100, http://www.dbunit.org/features/qualifiedTableNames=false, http://www.dbunit.org/properties/tableType=[Ljava.lang.String;@5011bafa, http://www.dbunit.org/properties/resultSetTableFactory=org.dbunit.database.CachedResultSetTableFactory@10bcf083, http://www.dbunit.org/features/datatypeWarning=true}]) - start
146272 [main] TRACE org.dbunit.database.DatabaseConfig  - getFeature(name=http://www.dbunit.org/features/qualifiedTableNames) - start
146273 [main] TRACE org.dbunit.database.DatabaseConfig  - getProperty(name=http://www.dbunit.org/features/qualifiedTableNames) - start
146273 [main] DEBUG org.dbunit.util.QualifiedTableName  - Qualified table names feature is disabled. Returning plain table name
146273 [main] DEBUG org.dbunit.util.QualifiedTableName  - getQualifiedName(prefix=null, name=NESTEDSCOPEDCONTENTCONDITIONS, escapePattern=null) - start
146273 [main] DEBUG org.dbunit.database.search.AbstractMetaDataBasedSearchCallback  - newEdge(rs=org.apache.commons.dbcp.DelegatingResultSet@42318130, type=1, from=SCOPEDCONTENTCONDITION, to=NESTEDSCOPEDCONTENTCONDITIONS, fkColumn=CHILD_CONDITION_ID, pkColumn=ID) - start
146273 [main] DEBUG org.dbunit.database.search.AbstractMetaDataBasedSearchCallback  - createFKEdge(rs=org.apache.commons.dbcp.DelegatingResultSet@42318130, type=1, from=SCOPEDCONTENTCONDITION, to=NESTEDSCOPEDCONTENTCONDITIONS, fkColumn=CHILD_CONDITION_ID, pkColumn=ID) - start
146273 [main] DEBUG org.dbunit.database.search.AbstractMetaDataBasedSearchCallback  - Adding edge NESTEDSCOPEDCONTENTCONDITIONS(CHILD_CONDITION_ID)->SCOPEDCONTENTCONDITION(ID)
146273 [main] DEBUG org.dbunit.util.search.Edge  - compareTo(o=NESTEDSCOPEDCONTENTCONDITIONS(CHILD_CONDITION_ID)->SCOPEDCONTENTCONDITION(ID)) - start
146273 [main] DEBUG org.dbunit.util.QualifiedTableName  - getQualifiedNameIfEnabled(config=org.dbunit.database.DatabaseConfig[, _propertyMap={http://www.dbunit.org/properties/statementFactory=org.dbunit.database.statement.PreparedStatementFactory@626bc2b8, http://www.dbunit.org/features/caseSensitiveTableNames=false, http://www.dbunit.org/properties/fetchSize=100, http://www.dbunit.org/features/batchedStatements=false, http://www.dbunit.org/properties/metadataHandler=org.dbunit.database.DefaultMetadataHandler@3bbfdfde, http://www.dbunit.org/properties/datatypeFactory=org.dbunit.dataset.datatype.DefaultDataTypeFactory[_toleratedDeltaMap=org.dbunit.dataset.datatype.ToleratedDeltaMap@6452310a], http://www.dbunit.org/properties/escapePattern=null, http://www.dbunit.org/properties/batchSize=100, http://www.dbunit.org/features/qualifiedTableNames=false, http://www.dbunit.org/properties/tableType=[Ljava.lang.String;@5011bafa, http://www.dbunit.org/properties/resultSetTableFactory=org.dbunit.database.CachedResultSetTableFactory@10bcf083, http://www.dbunit.org/features/datatypeWarning=true}]) - start
146273 [main] TRACE org.dbunit.database.DatabaseConfig  - getFeature(name=http://www.dbunit.org/features/qualifiedTableNames) - start
146273 [main] TRACE org.dbunit.database.DatabaseConfig  - getProperty(name=http://www.dbunit.org/features/qualifiedTableNames) - start
146273 [main] DEBUG org.dbunit.util.QualifiedTableName  - Qualified table names feature is disabled. Returning plain table name
146273 [main] DEBUG org.dbunit.util.QualifiedTableName  - getQualifiedName(prefix=null, name=SCOPEDCONTENTCONDITION, escapePattern=null) - start
146273 [main] DEBUG org.dbunit.util.QualifiedTableName  - getQualifiedNameIfEnabled(config=org.dbunit.database.DatabaseConfig[, _propertyMap={http://www.dbunit.org/properties/statementFactory=org.dbunit.database.statement.PreparedStatementFactory@626bc2b8, http://www.dbunit.org/features/caseSensitiveTableNames=false, http://www.dbunit.org/properties/fetchSize=100, http://www.dbunit.org/features/batchedStatements=false, http://www.dbunit.org/properties/metadataHandler=org.dbunit.database.DefaultMetadataHandler@3bbfdfde, http://www.dbunit.org/properties/datatypeFactory=org.dbunit.dataset.datatype.DefaultDataTypeFactory[_toleratedDeltaMap=org.dbunit.dataset.datatype.ToleratedDeltaMap@6452310a], http://www.dbunit.org/properties/escapePattern=null, http://www.dbunit.org/properties/batchSize=100, http://www.dbunit.org/features/qualifiedTableNames=false, http://www.dbunit.org/properties/tableType=[Ljava.lang.String;@5011bafa, http://www.dbunit.org/properties/resultSetTableFactory=org.dbunit.database.CachedResultSetTableFactory@10bcf083, http://www.dbunit.org/features/datatypeWarning=true}]) - start
146273 [main] TRACE org.dbunit.database.DatabaseConfig  - getFeature(name=http://www.dbunit.org/features/qualifiedTableNames) - start
146273 [main] TRACE org.dbunit.database.DatabaseConfig  - getProperty(name=http://www.dbunit.org/features/qualifiedTableNames) - start
146273 [main] DEBUG org.dbunit.util.QualifiedTableName  - Qualified table names feature is disabled. Returning plain table name
146273 [main] DEBUG org.dbunit.util.QualifiedTableName  - getQualifiedName(prefix=null, name=NESTEDSCOPEDCONTENTCONDITIONS, escapePattern=null) - start
146273 [main] DEBUG org.dbunit.database.search.AbstractMetaDataBasedSearchCallback  - newEdge(rs=org.apache.commons.dbcp.DelegatingResultSet@42318130, type=1, from=SCOPEDCONTENTCONDITION, to=NESTEDSCOPEDCONTENTCONDITIONS, fkColumn=PARENT_CONDITION_ID, pkColumn=ID) - start
146274 [main] DEBUG org.dbunit.database.search.AbstractMetaDataBasedSearchCallback  - createFKEdge(rs=org.apache.commons.dbcp.DelegatingResultSet@42318130, type=1, from=SCOPEDCONTENTCONDITION, to=NESTEDSCOPEDCONTENTCONDITIONS, fkColumn=PARENT_CONDITION_ID, pkColumn=ID) - start
146274 [main] DEBUG org.dbunit.database.search.AbstractMetaDataBasedSearchCallback  - Adding edge NESTEDSCOPEDCONTENTCONDITIONS(PARENT_CONDITION_ID)->SCOPEDCONTENTCONDITION(ID)
146274 [main] DEBUG org.dbunit.util.search.Edge  - compareTo(o=NESTEDSCOPEDCONTENTCONDITIONS(CHILD_CONDITION_ID)->SCOPEDCONTENTCONDITION(ID)) - start
146274 [main] DEBUG org.dbunit.util.QualifiedTableName  - getQualifiedNameIfEnabled(config=org.dbunit.database.DatabaseConfig[, _propertyMap={http://www.dbunit.org/properties/statementFactory=org.dbunit.database.statement.PreparedStatementFactory@626bc2b8, http://www.dbunit.org/features/caseSensitiveTableNames=false, http://www.dbunit.org/properties/fetchSize=100, http://www.dbunit.org/features/batchedStatements=false, http://www.dbunit.org/properties/metadataHandler=org.dbunit.database.DefaultMetadataHandler@3bbfdfde, http://www.dbunit.org/properties/datatypeFactory=org.dbunit.dataset.datatype.DefaultDataTypeFactory[_toleratedDeltaMap=org.dbunit.dataset.datatype.ToleratedDeltaMap@6452310a], http://www.dbunit.org/properties/escapePattern=null, http://www.dbunit.org/properties/batchSize=100, http://www.dbunit.org/features/qualifiedTableNames=false, http://www.dbunit.org/properties/tableType=[Ljava.lang.String;@5011bafa, http://www.dbunit.org/properties/resultSetTableFactory=org.dbunit.database.CachedResultSetTableFactory@10bcf083, http://www.dbunit.org/features/datatypeWarning=true}]) - start
146274 [main] TRACE org.dbunit.database.DatabaseConfig  - getFeature(name=http://www.dbunit.org/features/qualifiedTableNames) - start
146274 [main] TRACE org.dbunit.database.DatabaseConfig  - getProperty(name=http://www.dbunit.org/features/qualifiedTableNames) - start
146274 [main] DEBUG org.dbunit.util.QualifiedTableName  - Qualified table names feature is disabled. Returning plain table name
146274 [main] DEBUG org.dbunit.util.QualifiedTableName  - getQualifiedName(prefix=null, name=SCOPEDCONTENTCONDITION, escapePattern=null) - start
146274 [main] DEBUG org.dbunit.util.QualifiedTableName  - getQualifiedNameIfEnabled(config=org.dbunit.database.DatabaseConfig[, _propertyMap={http://www.dbunit.org/properties/statementFactory=org.dbunit.database.statement.PreparedStatementFactory@626bc2b8, http://www.dbunit.org/features/caseSensitiveTableNames=false, http://www.dbunit.org/properties/fetchSize=100, http://www.dbunit.org/features/batchedStatements=false, http://www.dbunit.org/properties/metadataHandler=org.dbunit.database.DefaultMetadataHandler@3bbfdfde, http://www.dbunit.org/properties/datatypeFactory=org.dbunit.dataset.datatype.DefaultDataTypeFactory[_toleratedDeltaMap=org.dbunit.dataset.datatype.ToleratedDeltaMap@6452310a], http://www.dbunit.org/properties/escapePattern=null, http://www.dbunit.org/properties/batchSize=100, http://www.dbunit.org/features/qualifiedTableNames=false, http://www.dbunit.org/properties/tableType=[Ljava.lang.String;@5011bafa, http://www.dbunit.org/properties/resultSetTableFactory=org.dbunit.database.CachedResultSetTableFactory@10bcf083, http://www.dbunit.org/features/datatypeWarning=true}]) - start
146274 [main] TRACE org.dbunit.database.DatabaseConfig  - getFeature(name=http://www.dbunit.org/features/qualifiedTableNames) - start
146274 [main] TRACE org.dbunit.database.DatabaseConfig  - getProperty(name=http://www.dbunit.org/features/qualifiedTableNames) - start
146274 [main] DEBUG org.dbunit.util.QualifiedTableName  - Qualified table names feature is disabled. Returning plain table name
146274 [main] DEBUG org.dbunit.util.QualifiedTableName  - getQualifiedName(prefix=null, name=SCOPEDCONTENTCONDITIONATTRIBUTE, escapePattern=null) - start
146274 [main] DEBUG org.dbunit.database.search.AbstractMetaDataBasedSearchCallback  - newEdge(rs=org.apache.commons.dbcp.DelegatingResultSet@42318130, type=1, from=SCOPEDCONTENTCONDITION, to=SCOPEDCONTENTCONDITIONATTRIBUTE, fkColumn=SCOPEDCONTENTCONDITION, pkColumn=ID) - start
146275 [main] DEBUG org.dbunit.database.search.AbstractMetaDataBasedSearchCallback  - createFKEdge(rs=org.apache.commons.dbcp.DelegatingResultSet@42318130, type=1, from=SCOPEDCONTENTCONDITION, to=SCOPEDCONTENTCONDITIONATTRIBUTE, fkColumn=SCOPEDCONTENTCONDITION, pkColumn=ID) - start
146275 [main] DEBUG org.dbunit.database.search.AbstractMetaDataBasedSearchCallback  - Adding edge SCOPEDCONTENTCONDITIONATTRIBUTE(SCOPEDCONTENTCONDITION)->SCOPEDCONTENTCONDITION(ID)
146275 [main] DEBUG org.dbunit.util.search.Edge  - compareTo(o=NESTEDSCOPEDCONTENTCONDITIONS(CHILD_CONDITION_ID)->SCOPEDCONTENTCONDITION(ID)) - start
146275 [main] DEBUG org.dbunit.util.QualifiedTableName  - getQualifiedNameIfEnabled(config=org.dbunit.database.DatabaseConfig[, _propertyMap={http://www.dbunit.org/properties/statementFactory=org.dbunit.database.statement.PreparedStatementFactory@626bc2b8, http://www.dbunit.org/features/caseSensitiveTableNames=false, http://www.dbunit.org/properties/fetchSize=100, http://www.dbunit.org/features/batchedStatements=false, http://www.dbunit.org/properties/metadataHandler=org.dbunit.database.DefaultMetadataHandler@3bbfdfde, http://www.dbunit.org/properties/datatypeFactory=org.dbunit.dataset.datatype.DefaultDataTypeFactory[_toleratedDeltaMap=org.dbunit.dataset.datatype.ToleratedDeltaMap@6452310a], http://www.dbunit.org/properties/escapePattern=null, http://www.dbunit.org/properties/batchSize=100, http://www.dbunit.org/features/qualifiedTableNames=false, http://www.dbunit.org/properties/tableType=[Ljava.lang.String;@5011bafa, http://www.dbunit.org/properties/resultSetTableFactory=org.dbunit.database.CachedResultSetTableFactory@10bcf083, http://www.dbunit.org/features/datatypeWarning=true}]) - start
146275 [main] TRACE org.dbunit.database.DatabaseConfig  - getFeature(name=http://www.dbunit.org/features/qualifiedTableNames) - start
146275 [main] TRACE org.dbunit.database.DatabaseConfig  - getProperty(name=http://www.dbunit.org/features/qualifiedTableNames) - start
146275 [main] DEBUG org.dbunit.util.QualifiedTableName  - Qualified table names feature is disabled. Returning plain table name
146275 [main] DEBUG org.dbunit.util.QualifiedTableName  - getQualifiedName(prefix=null, name=SCOPEDCONTENTCONDITION, escapePattern=null) - start
146275 [main] DEBUG org.dbunit.util.QualifiedTableName  - getQualifiedNameIfEnabled(config=org.dbunit.database.DatabaseConfig[, _propertyMap={http://www.dbunit.org/properties/statementFactory=org.dbunit.database.statement.PreparedStatementFactory@626bc2b8, http://www.dbunit.org/features/caseSensitiveTableNames=false, http://www.dbunit.org/properties/fetchSize=100, http://www.dbunit.org/features/batchedStatements=false, http://www.dbunit.org/properties/metadataHandler=org.dbunit.database.DefaultMetadataHandler@3bbfdfde, http://www.dbunit.org/properties/datatypeFactory=org.dbunit.dataset.datatype.DefaultDataTypeFactory[_toleratedDeltaMap=org.dbunit.dataset.datatype.ToleratedDeltaMap@6452310a], http://www.dbunit.org/properties/escapePattern=null, http://www.dbunit.org/properties/batchSize=100, http://www.dbunit.org/features/qualifiedTableNames=false, http://www.dbunit.org/properties/tableType=[Ljava.lang.String;@5011bafa, http://www.dbunit.org/properties/resultSetTableFactory=org.dbunit.database.CachedResultSetTableFactory@10bcf083, http://www.dbunit.org/features/datatypeWarning=true}]) - start
146275 [main] TRACE org.dbunit.database.DatabaseConfig  - getFeature(name=http://www.dbunit.org/features/qualifiedTableNames) - start
146275 [main] TRACE org.dbunit.database.DatabaseConfig  - getProperty(name=http://www.dbunit.org/features/qualifiedTableNames) - start
146275 [main] DEBUG org.dbunit.util.QualifiedTableName  - Qualified table names feature is disabled. Returning plain table name
146275 [main] DEBUG org.dbunit.util.QualifiedTableName  - getQualifiedName(prefix=null, name=SCOPEDCONTENTCONDITIONS_SCOPEDCONTENT, escapePattern=null) - start
146275 [main] DEBUG org.dbunit.database.search.AbstractMetaDataBasedSearchCallback  - newEdge(rs=org.apache.commons.dbcp.DelegatingResultSet@42318130, type=1, from=SCOPEDCONTENTCONDITION, to=SCOPEDCONTENTCONDITIONS_SCOPEDCONTENT, fkColumn=SCOPED_CONTENT_CONDITION_ID, pkColumn=ID) - start
146275 [main] DEBUG org.dbunit.database.search.AbstractMetaDataBasedSearchCallback  - createFKEdge(rs=org.apache.commons.dbcp.DelegatingResultSet@42318130, type=1, from=SCOPEDCONTENTCONDITION, to=SCOPEDCONTENTCONDITIONS_SCOPEDCONTENT, fkColumn=SCOPED_CONTENT_CONDITION_ID, pkColumn=ID) - start
146275 [main] DEBUG org.dbunit.database.search.AbstractMetaDataBasedSearchCallback  - Adding edge SCOPEDCONTENTCONDITIONS_SCOPEDCONTENT(SCOPED_CONTENT_CONDITION_ID)->SCOPEDCONTENTCONDITION(ID)
146275 [main] DEBUG org.dbunit.util.search.Edge  - compareTo(o=NESTEDSCOPEDCONTENTCONDITIONS(CHILD_CONDITION_ID)->SCOPEDCONTENTCONDITION(ID)) - start
146275 [main] DEBUG org.dbunit.util.search.Edge  - compareTo(o=SCOPEDCONTENTCONDITIONATTRIBUTE(SCOPEDCONTENTCONDITION)->SCOPEDCONTENTCONDITION(ID)) - start
146275 [main] DEBUG org.dbunit.util.QualifiedTableName  - getQualifiedNameIfEnabled(config=org.dbunit.database.DatabaseConfig[, _propertyMap={http://www.dbunit.org/properties/statementFactory=org.dbunit.database.statement.PreparedStatementFactory@626bc2b8, http://www.dbunit.org/features/caseSensitiveTableNames=false, http://www.dbunit.org/properties/fetchSize=100, http://www.dbunit.org/features/batchedStatements=false, http://www.dbunit.org/properties/metadataHandler=org.dbunit.database.DefaultMetadataHandler@3bbfdfde, http://www.dbunit.org/properties/datatypeFactory=org.dbunit.dataset.datatype.DefaultDataTypeFactory[_toleratedDeltaMap=org.dbunit.dataset.datatype.ToleratedDeltaMap@6452310a], http://www.dbunit.org/properties/escapePattern=null, http://www.dbunit.org/properties/batchSize=100, http://www.dbunit.org/features/qualifiedTableNames=false, http://www.dbunit.org/properties/tableType=[Ljava.lang.String;@5011bafa, http://www.dbunit.org/properties/resultSetTableFactory=org.dbunit.database.CachedResultSetTableFactory@10bcf083, http://www.dbunit.org/features/datatypeWarning=true}]) - start
146275 [main] TRACE org.dbunit.database.DatabaseConfig  - getFeature(name=http://www.dbunit.org/features/qualifiedTableNames) - start
146275 [main] TRACE org.dbunit.database.DatabaseConfig  - getProperty(name=http://www.dbunit.org/features/qualifiedTableNames) - start
146275 [main] DEBUG org.dbunit.util.QualifiedTableName  - Qualified table names feature is disabled. Returning plain table name
146275 [main] DEBUG org.dbunit.util.QualifiedTableName  - getQualifiedName(prefix=null, name=SCOPEDCONTENTCONDITION, escapePattern=null) - start
146276 [main] DEBUG org.dbunit.util.QualifiedTableName  - getQualifiedNameIfEnabled(config=org.dbunit.database.DatabaseConfig[, _propertyMap={http://www.dbunit.org/properties/statementFactory=org.dbunit.database.statement.PreparedStatementFactory@626bc2b8, http://www.dbunit.org/features/caseSensitiveTableNames=false, http://www.dbunit.org/properties/fetchSize=100, http://www.dbunit.org/features/batchedStatements=false, http://www.dbunit.org/properties/metadataHandler=org.dbunit.database.DefaultMetadataHandler@3bbfdfde, http://www.dbunit.org/properties/datatypeFactory=org.dbunit.dataset.datatype.DefaultDataTypeFactory[_toleratedDeltaMap=org.dbunit.dataset.datatype.ToleratedDeltaMap@6452310a], http://www.dbunit.org/properties/escapePattern=null, http://www.dbunit.org/properties/batchSize=100, http://www.dbunit.org/features/qualifiedTableNames=false, http://www.dbunit.org/properties/tableType=[Ljava.lang.String;@5011bafa, http://www.dbunit.org/properties/resultSetTableFactory=org.dbunit.database.CachedResultSetTableFactory@10bcf083, http://www.dbunit.org/features/datatypeWarning=true}]) - start
146276 [main] TRACE org.dbunit.database.DatabaseConfig  - getFeature(name=http://www.dbunit.org/features/qualifiedTableNames) - start
146276 [main] TRACE org.dbunit.database.DatabaseConfig  - getProperty(name=http://www.dbunit.org/features/qualifiedTableNames) - start
146276 [main] DEBUG org.dbunit.util.QualifiedTableName  - Qualified table names feature is disabled. Returning plain table name
146276 [main] DEBUG org.dbunit.util.QualifiedTableName  - getQualifiedName(prefix=null, name=SCOPEDCONTENTCONDITIONS_SCOPEDCONTENTITEM, escapePattern=null) - start
146276 [main] DEBUG org.dbunit.database.search.AbstractMetaDataBasedSearchCallback  - newEdge(rs=org.apache.commons.dbcp.DelegatingResultSet@42318130, type=1, from=SCOPEDCONTENTCONDITION, to=SCOPEDCONTENTCONDITIONS_SCOPEDCONTENTITEM, fkColumn=SCOPED_CONTENT_CONDITION_ID, pkColumn=ID) - start
146276 [main] DEBUG org.dbunit.database.search.AbstractMetaDataBasedSearchCallback  - createFKEdge(rs=org.apache.commons.dbcp.DelegatingResultSet@42318130, type=1, from=SCOPEDCONTENTCONDITION, to=SCOPEDCONTENTCONDITIONS_SCOPEDCONTENTITEM, fkColumn=SCOPED_CONTENT_CONDITION_ID, pkColumn=ID) - start
146276 [main] DEBUG org.dbunit.database.search.AbstractMetaDataBasedSearchCallback  - Adding edge SCOPEDCONTENTCONDITIONS_SCOPEDCONTENTITEM(SCOPED_CONTENT_CONDITION_ID)->SCOPEDCONTENTCONDITION(ID)
146276 [main] DEBUG org.dbunit.util.search.Edge  - compareTo(o=SCOPEDCONTENTCONDITIONATTRIBUTE(SCOPEDCONTENTCONDITION)->SCOPEDCONTENTCONDITION(ID)) - start
146276 [main] DEBUG org.dbunit.util.search.Edge  - compareTo(o=SCOPEDCONTENTCONDITIONS_SCOPEDCONTENT(SCOPED_CONTENT_CONDITION_ID)->SCOPEDCONTENTCONDITION(ID)) - start
146276 [main] DEBUG org.dbunit.util.SQLHelper  - close(resultSet=org.apache.commons.dbcp.DelegatingResultSet@42318130) - start
146276 [main] DEBUG org.dbunit.util.search.DepthFirstSearch  - search:SCOPEDCONTENTCONDITION
146276 [main] DEBUG org.dbunit.util.search.DepthFirstSearch  - already searched; returning true
146276 [main] DEBUG org.dbunit.util.search.DepthFirstSearch  - search:SCOPEDCONTENTCONDITION
146276 [main] DEBUG org.dbunit.util.search.DepthFirstSearch  - already searched; returning true
146276 [main] DEBUG org.dbunit.util.search.DepthFirstSearch  - search:SCOPEDCONTENTCONDITION
146276 [main] DEBUG org.dbunit.util.search.DepthFirstSearch  - already searched; returning true
146276 [main] DEBUG org.dbunit.util.search.DepthFirstSearch  - search:SCOPEDCONTENTCONDITION
146276 [main] DEBUG org.dbunit.util.search.DepthFirstSearch  - already searched; returning true
146276 [main] DEBUG org.dbunit.util.search.DepthFirstSearch  - Adding node SCOPEDCONTENTCONDITION to the final result
146276 [main] DEBUG org.dbunit.database.search.TablesDependencyHelper  - getDirectDependentTables(connection=_databaseConfig=org.dbunit.database.DatabaseConfig[, _propertyMap={http://www.dbunit.org/properties/statementFactory=org.dbunit.database.statement.PreparedStatementFactory@626bc2b8, http://www.dbunit.org/features/caseSensitiveTableNames=false, http://www.dbunit.org/properties/fetchSize=100, http://www.dbunit.org/features/batchedStatements=false, http://www.dbunit.org/properties/metadataHandler=org.dbunit.database.DefaultMetadataHandler@3bbfdfde, http://www.dbunit.org/properties/datatypeFactory=org.dbunit.dataset.datatype.DefaultDataTypeFactory[_toleratedDeltaMap=org.dbunit.dataset.datatype.ToleratedDeltaMap@6452310a], http://www.dbunit.org/properties/escapePattern=null, http://www.dbunit.org/properties/batchSize=100, http://www.dbunit.org/features/qualifiedTableNames=false, http://www.dbunit.org/properties/tableType=[Ljava.lang.String;@5011bafa, http://www.dbunit.org/properties/resultSetTableFactory=org.dbunit.database.CachedResultSetTableFactory@10bcf083, http://www.dbunit.org/features/datatypeWarning=true}], _dataSet=AbstractDataSet[_orderedTableNameMap=null], tableName=SCOPEDCONTENTCONDITION) - start
146277 [main] DEBUG org.dbunit.util.search.DepthFirstSearch  - search(nodesFrom=[SCOPEDCONTENTCONDITION], callback=org.dbunit.database.search.ImportedKeysSearchCallback@eb47795) - start
146277 [main] DEBUG org.dbunit.util.CollectionsHelper  - objectsToSet(objects=SCOPEDCONTENTCONDITION) - start
146277 [main] DEBUG org.dbunit.util.search.DepthFirstSearch  - search(nodesFrom=[SCOPEDCONTENTCONDITION], callback=org.dbunit.database.search.ImportedKeysSearchCallback@eb47795) - start
146277 [main] DEBUG org.dbunit.util.search.DepthFirstSearch  - reverseSearch:SCOPEDCONTENTCONDITION
146277 [main] DEBUG org.dbunit.database.search.ImportedKeysSearchCallback  - searchNode(node=SCOPEDCONTENTCONDITION) - start
146277 [main] DEBUG org.dbunit.util.search.DepthFirstSearch  - Pushing (reverse) SCOPEDCONTENTCONDITION
146277 [main] DEBUG org.dbunit.database.search.ImportedKeysSearchCallback  - getEdges(node=SCOPEDCONTENTCONDITION) - start
146277 [main] DEBUG org.dbunit.database.search.AbstractMetaDataBasedSearchCallback  - getNodesFromImportedKeys(node=SCOPEDCONTENTCONDITION) - start
146277 [main] DEBUG org.dbunit.database.search.AbstractMetaDataBasedSearchCallback  - getNodes(type=0, node=SCOPEDCONTENTCONDITION) - start
146277 [main] DEBUG org.dbunit.database.DatabaseDataSourceConnection  - getConnection() - start
146277 [main] DEBUG org.dbunit.database.search.AbstractMetaDataBasedSearchCallback  - getNodes(type=0, node=SCOPEDCONTENTCONDITION, conn=Transaction-aware proxy for target Connection [jdbc:hsqldb:mem:kontrollDS, UserName=sw, HSQL Database Engine Driver], schema=null, metaData=org.apache.commons.dbcp.DelegatingDatabaseMetaData@6a16debd, edges=[]) - start
146277 [main] DEBUG org.dbunit.database.search.AbstractMetaDataBasedSearchCallback  - Getting edges for node SCOPEDCONTENTCONDITION
146277 [main] TRACE org.dbunit.database.DatabaseConfig  - getProperty(name=http://www.dbunit.org/properties/metadataHandler) - start
146277 [main] TRACE org.dbunit.database.DefaultMetadataHandler  - tableExists(metaData=org.apache.commons.dbcp.DelegatingDatabaseMetaData@6a16debd, schemaName=null, tableName=SCOPEDCONTENTCONDITION) - start
146278 [main] DEBUG org.dbunit.util.SQLHelper  - close(resultSet=org.apache.commons.dbcp.DelegatingResultSet@1df0ecdb) - start
146278 [main] DEBUG org.dbunit.util.SQLHelper  - close(resultSet=org.apache.commons.dbcp.DelegatingResultSet@787ad25b) - start
146279 [main] DEBUG org.dbunit.util.search.DepthFirstSearch  - search:SCOPEDCONTENTCONDITION
146279 [main] DEBUG org.dbunit.database.search.ImportedKeysSearchCallback  - searchNode(node=SCOPEDCONTENTCONDITION) - start
146279 [main] DEBUG org.dbunit.util.search.DepthFirstSearch  - Pushing SCOPEDCONTENTCONDITION
146279 [main] DEBUG org.dbunit.database.search.ImportedKeysSearchCallback  - getEdges(node=SCOPEDCONTENTCONDITION) - start
146279 [main] DEBUG org.dbunit.database.search.AbstractMetaDataBasedSearchCallback  - getNodesFromImportedKeys(node=SCOPEDCONTENTCONDITION) - start
146279 [main] DEBUG org.dbunit.database.search.AbstractMetaDataBasedSearchCallback  - getNodes(type=0, node=SCOPEDCONTENTCONDITION) - start
146279 [main] DEBUG org.dbunit.database.DatabaseDataSourceConnection  - getConnection() - start
146279 [main] DEBUG org.dbunit.database.search.AbstractMetaDataBasedSearchCallback  - getNodes(type=0, node=SCOPEDCONTENTCONDITION, conn=Transaction-aware proxy for target Connection [jdbc:hsqldb:mem:kontrollDS, UserName=sw, HSQL Database Engine Driver], schema=null, metaData=org.apache.commons.dbcp.DelegatingDatabaseMetaData@47889228, edges=[]) - start
146279 [main] DEBUG org.dbunit.database.search.AbstractMetaDataBasedSearchCallback  - Getting edges for node SCOPEDCONTENTCONDITION
146279 [main] TRACE org.dbunit.database.DatabaseConfig  - getProperty(name=http://www.dbunit.org/properties/metadataHandler) - start
146279 [main] TRACE org.dbunit.database.DefaultMetadataHandler  - tableExists(metaData=org.apache.commons.dbcp.DelegatingDatabaseMetaData@47889228, schemaName=null, tableName=SCOPEDCONTENTCONDITION) - start
146280 [main] DEBUG org.dbunit.util.SQLHelper  - close(resultSet=org.apache.commons.dbcp.DelegatingResultSet@7f877331) - start
146280 [main] DEBUG org.dbunit.util.SQLHelper  - close(resultSet=org.apache.commons.dbcp.DelegatingResultSet@2a58eab5) - start
146280 [main] DEBUG org.dbunit.util.search.DepthFirstSearch  - Adding node SCOPEDCONTENTCONDITION to the final result
146280 [main] DEBUG org.dbunit.database.DatabaseSequenceFilter  - getDependencyInfo(connection=_databaseConfig=org.dbunit.database.DatabaseConfig[, _propertyMap={http://www.dbunit.org/properties/statementFactory=org.dbunit.database.statement.PreparedStatementFactory@626bc2b8, http://www.dbunit.org/features/caseSensitiveTableNames=false, http://www.dbunit.org/properties/fetchSize=100, http://www.dbunit.org/features/batchedStatements=false, http://www.dbunit.org/properties/metadataHandler=org.dbunit.database.DefaultMetadataHandler@3bbfdfde, http://www.dbunit.org/properties/datatypeFactory=org.dbunit.dataset.datatype.DefaultDataTypeFactory[_toleratedDeltaMap=org.dbunit.dataset.datatype.ToleratedDeltaMap@6452310a], http://www.dbunit.org/properties/escapePattern=null, http://www.dbunit.org/properties/batchSize=100, http://www.dbunit.org/features/qualifiedTableNames=false, http://www.dbunit.org/properties/tableType=[Ljava.lang.String;@5011bafa, http://www.dbunit.org/properties/resultSetTableFactory=org.dbunit.database.CachedResultSetTableFactory@10bcf083, http://www.dbunit.org/features/datatypeWarning=true}], _dataSet=AbstractDataSet[_orderedTableNameMap=null], tableName=SCOPEDCONTENTCONDITIONATTRIBUTE) - start
146280 [main] DEBUG org.dbunit.database.search.TablesDependencyHelper  - getDependentTables(connection=_databaseConfig=org.dbunit.database.DatabaseConfig[, _propertyMap={http://www.dbunit.org/properties/statementFactory=org.dbunit.database.statement.PreparedStatementFactory@626bc2b8, http://www.dbunit.org/features/caseSensitiveTableNames=false, http://www.dbunit.org/properties/fetchSize=100, http://www.dbunit.org/features/batchedStatements=false, http://www.dbunit.org/properties/metadataHandler=org.dbunit.database.DefaultMetadataHandler@3bbfdfde, http://www.dbunit.org/properties/datatypeFactory=org.dbunit.dataset.datatype.DefaultDataTypeFactory[_toleratedDeltaMap=org.dbunit.dataset.datatype.ToleratedDeltaMap@6452310a], http://www.dbunit.org/properties/escapePattern=null, http://www.dbunit.org/properties/batchSize=100, http://www.dbunit.org/features/qualifiedTableNames=false, http://www.dbunit.org/properties/tableType=[Ljava.lang.String;@5011bafa, http://www.dbunit.org/properties/resultSetTableFactory=org.dbunit.database.CachedResultSetTableFactory@10bcf083, http://www.dbunit.org/features/datatypeWarning=true}], _dataSet=AbstractDataSet[_orderedTableNameMap=null], rootTable=SCOPEDCONTENTCONDITIONATTRIBUTE) - start
146281 [main] DEBUG org.dbunit.database.search.TablesDependencyHelper  - getDependentTables(connection=_databaseConfig=org.dbunit.database.DatabaseConfig[, _propertyMap={http://www.dbunit.org/properties/statementFactory=org.dbunit.database.statement.PreparedStatementFactory@626bc2b8, http://www.dbunit.org/features/caseSensitiveTableNames=false, http://www.dbunit.org/properties/fetchSize=100, http://www.dbunit.org/features/batchedStatements=false, http://www.dbunit.org/properties/metadataHandler=org.dbunit.database.DefaultMetadataHandler@3bbfdfde, http://www.dbunit.org/properties/datatypeFactory=org.dbunit.dataset.datatype.DefaultDataTypeFactory[_toleratedDeltaMap=org.dbunit.dataset.datatype.ToleratedDeltaMap@6452310a], http://www.dbunit.org/properties/escapePattern=null, http://www.dbunit.org/properties/batchSize=100, http://www.dbunit.org/features/qualifiedTableNames=false, http://www.dbunit.org/properties/tableType=[Ljava.lang.String;@5011bafa, http://www.dbunit.org/properties/resultSetTableFactory=org.dbunit.database.CachedResultSetTableFactory@10bcf083, http://www.dbunit.org/features/datatypeWarning=true}], _dataSet=AbstractDataSet[_orderedTableNameMap=null], rootTables=[SCOPEDCONTENTCONDITIONATTRIBUTE]) - start
146281 [main] DEBUG org.dbunit.util.search.DepthFirstSearch  - search(nodesFrom=[SCOPEDCONTENTCONDITIONATTRIBUTE], callback=org.dbunit.database.search.ImportedKeysSearchCallback@bc1f3e4) - start
146281 [main] DEBUG org.dbunit.util.CollectionsHelper  - objectsToSet(objects=SCOPEDCONTENTCONDITIONATTRIBUTE) - start
146281 [main] DEBUG org.dbunit.util.search.DepthFirstSearch  - search(nodesFrom=[SCOPEDCONTENTCONDITIONATTRIBUTE], callback=org.dbunit.database.search.ImportedKeysSearchCallback@bc1f3e4) - start
146281 [main] DEBUG org.dbunit.util.search.DepthFirstSearch  - reverseSearch:SCOPEDCONTENTCONDITIONATTRIBUTE
146281 [main] DEBUG org.dbunit.database.search.ImportedKeysSearchCallback  - searchNode(node=SCOPEDCONTENTCONDITIONATTRIBUTE) - start
146281 [main] DEBUG org.dbunit.util.search.DepthFirstSearch  - Pushing (reverse) SCOPEDCONTENTCONDITIONATTRIBUTE
146281 [main] DEBUG org.dbunit.database.search.ImportedKeysSearchCallback  - getEdges(node=SCOPEDCONTENTCONDITIONATTRIBUTE) - start
146281 [main] DEBUG org.dbunit.database.search.AbstractMetaDataBasedSearchCallback  - getNodesFromImportedKeys(node=SCOPEDCONTENTCONDITIONATTRIBUTE) - start
146282 [main] DEBUG org.dbunit.database.search.AbstractMetaDataBasedSearchCallback  - getNodes(type=0, node=SCOPEDCONTENTCONDITIONATTRIBUTE) - start
146282 [main] DEBUG org.dbunit.database.DatabaseDataSourceConnection  - getConnection() - start
146282 [main] DEBUG org.dbunit.database.search.AbstractMetaDataBasedSearchCallback  - getNodes(type=0, node=SCOPEDCONTENTCONDITIONATTRIBUTE, conn=Transaction-aware proxy for target Connection [jdbc:hsqldb:mem:kontrollDS, UserName=sw, HSQL Database Engine Driver], schema=null, metaData=org.apache.commons.dbcp.DelegatingDatabaseMetaData@6a7303c3, edges=[]) - start
146282 [main] DEBUG org.dbunit.database.search.AbstractMetaDataBasedSearchCallback  - Getting edges for node SCOPEDCONTENTCONDITIONATTRIBUTE
146282 [main] TRACE org.dbunit.database.DatabaseConfig  - getProperty(name=http://www.dbunit.org/properties/metadataHandler) - start
146282 [main] TRACE org.dbunit.database.DefaultMetadataHandler  - tableExists(metaData=org.apache.commons.dbcp.DelegatingDatabaseMetaData@6a7303c3, schemaName=null, tableName=SCOPEDCONTENTCONDITIONATTRIBUTE) - start
146283 [main] DEBUG org.dbunit.util.SQLHelper  - close(resultSet=org.apache.commons.dbcp.DelegatingResultSet@2823425a) - start
146283 [main] DEBUG org.dbunit.util.QualifiedTableName  - getQualifiedNameIfEnabled(config=org.dbunit.database.DatabaseConfig[, _propertyMap={http://www.dbunit.org/properties/statementFactory=org.dbunit.database.statement.PreparedStatementFactory@626bc2b8, http://www.dbunit.org/features/caseSensitiveTableNames=false, http://www.dbunit.org/properties/fetchSize=100, http://www.dbunit.org/features/batchedStatements=false, http://www.dbunit.org/properties/metadataHandler=org.dbunit.database.DefaultMetadataHandler@3bbfdfde, http://www.dbunit.org/properties/datatypeFactory=org.dbunit.dataset.datatype.DefaultDataTypeFactory[_toleratedDeltaMap=org.dbunit.dataset.datatype.ToleratedDeltaMap@6452310a], http://www.dbunit.org/properties/escapePattern=null, http://www.dbunit.org/properties/batchSize=100, http://www.dbunit.org/features/qualifiedTableNames=false, http://www.dbunit.org/properties/tableType=[Ljava.lang.String;@5011bafa, http://www.dbunit.org/properties/resultSetTableFactory=org.dbunit.database.CachedResultSetTableFactory@10bcf083, http://www.dbunit.org/features/datatypeWarning=true}]) - start
146283 [main] TRACE org.dbunit.database.DatabaseConfig  - getFeature(name=http://www.dbunit.org/features/qualifiedTableNames) - start
146284 [main] TRACE org.dbunit.database.DatabaseConfig  - getProperty(name=http://www.dbunit.org/features/qualifiedTableNames) - start
146284 [main] DEBUG org.dbunit.util.QualifiedTableName  - Qualified table names feature is disabled. Returning plain table name
146284 [main] DEBUG org.dbunit.util.QualifiedTableName  - getQualifiedName(prefix=null, name=SCOPEDCONTENTCONDITIONATTRIBUTE, escapePattern=null) - start
146284 [main] DEBUG org.dbunit.util.QualifiedTableName  - getQualifiedNameIfEnabled(config=org.dbunit.database.DatabaseConfig[, _propertyMap={http://www.dbunit.org/properties/statementFactory=org.dbunit.database.statement.PreparedStatementFactory@626bc2b8, http://www.dbunit.org/features/caseSensitiveTableNames=false, http://www.dbunit.org/properties/fetchSize=100, http://www.dbunit.org/features/batchedStatements=false, http://www.dbunit.org/properties/metadataHandler=org.dbunit.database.DefaultMetadataHandler@3bbfdfde, http://www.dbunit.org/properties/datatypeFactory=org.dbunit.dataset.datatype.DefaultDataTypeFactory[_toleratedDeltaMap=org.dbunit.dataset.datatype.ToleratedDeltaMap@6452310a], http://www.dbunit.org/properties/escapePattern=null, http://www.dbunit.org/properties/batchSize=100, http://www.dbunit.org/features/qualifiedTableNames=false, http://www.dbunit.org/properties/tableType=[Ljava.lang.String;@5011bafa, http://www.dbunit.org/properties/resultSetTableFactory=org.dbunit.database.CachedResultSetTableFactory@10bcf083, http://www.dbunit.org/features/datatypeWarning=true}]) - start
146284 [main] TRACE org.dbunit.database.DatabaseConfig  - getFeature(name=http://www.dbunit.org/features/qualifiedTableNames) - start
146284 [main] TRACE org.dbunit.database.DatabaseConfig  - getProperty(name=http://www.dbunit.org/features/qualifiedTableNames) - start
146284 [main] DEBUG org.dbunit.util.QualifiedTableName  - Qualified table names feature is disabled. Returning plain table name
146284 [main] DEBUG org.dbunit.util.QualifiedTableName  - getQualifiedName(prefix=null, name=SCOPEDCONTENTCONDITION, escapePattern=null) - start
146284 [main] DEBUG org.dbunit.database.search.AbstractMetaDataBasedSearchCallback  - newEdge(rs=org.apache.commons.dbcp.DelegatingResultSet@62bd7073, type=0, from=SCOPEDCONTENTCONDITIONATTRIBUTE, to=SCOPEDCONTENTCONDITION, fkColumn=SCOPEDCONTENTCONDITION, pkColumn=ID) - start
146284 [main] DEBUG org.dbunit.database.search.AbstractMetaDataBasedSearchCallback  - createFKEdge(rs=org.apache.commons.dbcp.DelegatingResultSet@62bd7073, type=0, from=SCOPEDCONTENTCONDITIONATTRIBUTE, to=SCOPEDCONTENTCONDITION, fkColumn=SCOPEDCONTENTCONDITION, pkColumn=ID) - start
146284 [main] DEBUG org.dbunit.database.search.AbstractMetaDataBasedSearchCallback  - Adding edge SCOPEDCONTENTCONDITIONATTRIBUTE(SCOPEDCONTENTCONDITION)->SCOPEDCONTENTCONDITION(ID)
146284 [main] DEBUG org.dbunit.util.search.Edge  - compareTo(o=SCOPEDCONTENTCONDITIONATTRIBUTE(SCOPEDCONTENTCONDITION)->SCOPEDCONTENTCONDITION(ID)) - start
146285 [main] DEBUG org.dbunit.util.SQLHelper  - close(resultSet=org.apache.commons.dbcp.DelegatingResultSet@62bd7073) - start
146285 [main] DEBUG org.dbunit.util.search.DepthFirstSearch  - search:SCOPEDCONTENTCONDITIONATTRIBUTE
146285 [main] DEBUG org.dbunit.database.search.ImportedKeysSearchCallback  - searchNode(node=SCOPEDCONTENTCONDITIONATTRIBUTE) - start
146285 [main] DEBUG org.dbunit.util.search.DepthFirstSearch  - Pushing SCOPEDCONTENTCONDITIONATTRIBUTE
146285 [main] DEBUG org.dbunit.database.search.ImportedKeysSearchCallback  - getEdges(node=SCOPEDCONTENTCONDITIONATTRIBUTE) - start
146285 [main] DEBUG org.dbunit.database.search.AbstractMetaDataBasedSearchCallback  - getNodesFromImportedKeys(node=SCOPEDCONTENTCONDITIONATTRIBUTE) - start
146285 [main] DEBUG org.dbunit.database.search.AbstractMetaDataBasedSearchCallback  - getNodes(type=0, node=SCOPEDCONTENTCONDITIONATTRIBUTE) - start
146285 [main] DEBUG org.dbunit.database.DatabaseDataSourceConnection  - getConnection() - start
146285 [main] DEBUG org.dbunit.database.search.AbstractMetaDataBasedSearchCallback  - getNodes(type=0, node=SCOPEDCONTENTCONDITIONATTRIBUTE, conn=Transaction-aware proxy for target Connection [jdbc:hsqldb:mem:kontrollDS, UserName=sw, HSQL Database Engine Driver], schema=null, metaData=org.apache.commons.dbcp.DelegatingDatabaseMetaData@321c0aa, edges=[]) - start
146285 [main] DEBUG org.dbunit.database.search.AbstractMetaDataBasedSearchCallback  - Getting edges for node SCOPEDCONTENTCONDITIONATTRIBUTE
146285 [main] TRACE org.dbunit.database.DatabaseConfig  - getProperty(name=http://www.dbunit.org/properties/metadataHandler) - start
146285 [main] TRACE org.dbunit.database.DefaultMetadataHandler  - tableExists(metaData=org.apache.commons.dbcp.DelegatingDatabaseMetaData@321c0aa, schemaName=null, tableName=SCOPEDCONTENTCONDITIONATTRIBUTE) - start
146287 [main] DEBUG org.dbunit.util.SQLHelper  - close(resultSet=org.apache.commons.dbcp.DelegatingResultSet@46f259fe) - start
146287 [main] DEBUG org.dbunit.util.QualifiedTableName  - getQualifiedNameIfEnabled(config=org.dbunit.database.DatabaseConfig[, _propertyMap={http://www.dbunit.org/properties/statementFactory=org.dbunit.database.statement.PreparedStatementFactory@626bc2b8, http://www.dbunit.org/features/caseSensitiveTableNames=false, http://www.dbunit.org/properties/fetchSize=100, http://www.dbunit.org/features/batchedStatements=false, http://www.dbunit.org/properties/metadataHandler=org.dbunit.database.DefaultMetadataHandler@3bbfdfde, http://www.dbunit.org/properties/datatypeFactory=org.dbunit.dataset.datatype.DefaultDataTypeFactory[_toleratedDeltaMap=org.dbunit.dataset.datatype.ToleratedDeltaMap@6452310a], http://www.dbunit.org/properties/escapePattern=null, http://www.dbunit.org/properties/batchSize=100, http://www.dbunit.org/features/qualifiedTableNames=false, http://www.dbunit.org/properties/tableType=[Ljava.lang.String;@5011bafa, http://www.dbunit.org/properties/resultSetTableFactory=org.dbunit.database.CachedResultSetTableFactory@10bcf083, http://www.dbunit.org/features/datatypeWarning=true}]) - start
146287 [main] TRACE org.dbunit.database.DatabaseConfig  - getFeature(name=http://www.dbunit.org/features/qualifiedTableNames) - start
146287 [main] TRACE org.dbunit.database.DatabaseConfig  - getProperty(name=http://www.dbunit.org/features/qualifiedTableNames) - start
146287 [main] DEBUG org.dbunit.util.QualifiedTableName  - Qualified table names feature is disabled. Returning plain table name
146287 [main] DEBUG org.dbunit.util.QualifiedTableName  - getQualifiedName(prefix=null, name=SCOPEDCONTENTCONDITIONATTRIBUTE, escapePattern=null) - start
146287 [main] DEBUG org.dbunit.util.QualifiedTableName  - getQualifiedNameIfEnabled(config=org.dbunit.database.DatabaseConfig[, _propertyMap={http://www.dbunit.org/properties/statementFactory=org.dbunit.database.statement.PreparedStatementFactory@626bc2b8, http://www.dbunit.org/features/caseSensitiveTableNames=false, http://www.dbunit.org/properties/fetchSize=100, http://www.dbunit.org/features/batchedStatements=false, http://www.dbunit.org/properties/metadataHandler=org.dbunit.database.DefaultMetadataHandler@3bbfdfde, http://www.dbunit.org/properties/datatypeFactory=org.dbunit.dataset.datatype.DefaultDataTypeFactory[_toleratedDeltaMap=org.dbunit.dataset.datatype.ToleratedDeltaMap@6452310a], http://www.dbunit.org/properties/escapePattern=null, http://www.dbunit.org/properties/batchSize=100, http://www.dbunit.org/features/qualifiedTableNames=false, http://www.dbunit.org/properties/tableType=[Ljava.lang.String;@5011bafa, http://www.dbunit.org/properties/resultSetTableFactory=org.dbunit.database.CachedResultSetTableFactory@10bcf083, http://www.dbunit.org/features/datatypeWarning=true}]) - start
146287 [main] TRACE org.dbunit.database.DatabaseConfig  - getFeature(name=http://www.dbunit.org/features/qualifiedTableNames) - start
146287 [main] TRACE org.dbunit.database.DatabaseConfig  - getProperty(name=http://www.dbunit.org/features/qualifiedTableNames) - start
146288 [main] DEBUG org.dbunit.util.QualifiedTableName  - Qualified table names feature is disabled. Returning plain table name
146288 [main] DEBUG org.dbunit.util.QualifiedTableName  - getQualifiedName(prefix=null, name=SCOPEDCONTENTCONDITION, escapePattern=null) - start
146288 [main] DEBUG org.dbunit.database.search.AbstractMetaDataBasedSearchCallback  - newEdge(rs=org.apache.commons.dbcp.DelegatingResultSet@56334d37, type=0, from=SCOPEDCONTENTCONDITIONATTRIBUTE, to=SCOPEDCONTENTCONDITION, fkColumn=SCOPEDCONTENTCONDITION, pkColumn=ID) - start
146288 [main] DEBUG org.dbunit.database.search.AbstractMetaDataBasedSearchCallback  - createFKEdge(rs=org.apache.commons.dbcp.DelegatingResultSet@56334d37, type=0, from=SCOPEDCONTENTCONDITIONATTRIBUTE, to=SCOPEDCONTENTCONDITION, fkColumn=SCOPEDCONTENTCONDITION, pkColumn=ID) - start
146288 [main] DEBUG org.dbunit.database.search.AbstractMetaDataBasedSearchCallback  - Adding edge SCOPEDCONTENTCONDITIONATTRIBUTE(SCOPEDCONTENTCONDITION)->SCOPEDCONTENTCONDITION(ID)
146288 [main] DEBUG org.dbunit.util.search.Edge  - compareTo(o=SCOPEDCONTENTCONDITIONATTRIBUTE(SCOPEDCONTENTCONDITION)->SCOPEDCONTENTCONDITION(ID)) - start
146288 [main] DEBUG org.dbunit.util.SQLHelper  - close(resultSet=org.apache.commons.dbcp.DelegatingResultSet@56334d37) - start
146288 [main] DEBUG org.dbunit.util.search.DepthFirstSearch  - search:SCOPEDCONTENTCONDITION
146288 [main] DEBUG org.dbunit.database.search.ImportedKeysSearchCallback  - searchNode(node=SCOPEDCONTENTCONDITION) - start
146288 [main] DEBUG org.dbunit.util.search.DepthFirstSearch  - Pushing SCOPEDCONTENTCONDITION
146288 [main] DEBUG org.dbunit.database.search.ImportedKeysSearchCallback  - getEdges(node=SCOPEDCONTENTCONDITION) - start
146288 [main] DEBUG org.dbunit.database.search.AbstractMetaDataBasedSearchCallback  - getNodesFromImportedKeys(node=SCOPEDCONTENTCONDITION) - start
146289 [main] DEBUG org.dbunit.database.search.AbstractMetaDataBasedSearchCallback  - getNodes(type=0, node=SCOPEDCONTENTCONDITION) - start
146289 [main] DEBUG org.dbunit.database.DatabaseDataSourceConnection  - getConnection() - start
146289 [main] DEBUG org.dbunit.database.search.AbstractMetaDataBasedSearchCallback  - getNodes(type=0, node=SCOPEDCONTENTCONDITION, conn=Transaction-aware proxy for target Connection [jdbc:hsqldb:mem:kontrollDS, UserName=sw, HSQL Database Engine Driver], schema=null, metaData=org.apache.commons.dbcp.DelegatingDatabaseMetaData@42128217, edges=[]) - start
146289 [main] DEBUG org.dbunit.database.search.AbstractMetaDataBasedSearchCallback  - Getting edges for node SCOPEDCONTENTCONDITION
146289 [main] TRACE org.dbunit.database.DatabaseConfig  - getProperty(name=http://www.dbunit.org/properties/metadataHandler) - start
146289 [main] TRACE org.dbunit.database.DefaultMetadataHandler  - tableExists(metaData=org.apache.commons.dbcp.DelegatingDatabaseMetaData@42128217, schemaName=null, tableName=SCOPEDCONTENTCONDITION) - start
146290 [main] DEBUG org.dbunit.util.SQLHelper  - close(resultSet=org.apache.commons.dbcp.DelegatingResultSet@1cd09348) - start
146290 [main] DEBUG org.dbunit.util.SQLHelper  - close(resultSet=org.apache.commons.dbcp.DelegatingResultSet@3b3432c) - start
146290 [main] DEBUG org.dbunit.util.search.DepthFirstSearch  - Adding node SCOPEDCONTENTCONDITION to the final result
146291 [main] DEBUG org.dbunit.util.search.DepthFirstSearch  - Adding node SCOPEDCONTENTCONDITIONATTRIBUTE to the final result
146291 [main] DEBUG org.dbunit.util.search.DepthFirstSearch  - reverseSearch:SCOPEDCONTENTCONDITION
146291 [main] DEBUG org.dbunit.database.search.ImportedKeysSearchCallback  - searchNode(node=SCOPEDCONTENTCONDITION) - start
146291 [main] DEBUG org.dbunit.util.search.DepthFirstSearch  - Pushing (reverse) SCOPEDCONTENTCONDITION
146291 [main] DEBUG org.dbunit.database.search.ImportedKeysSearchCallback  - getEdges(node=SCOPEDCONTENTCONDITION) - start
146291 [main] DEBUG org.dbunit.database.search.AbstractMetaDataBasedSearchCallback  - getNodesFromImportedKeys(node=SCOPEDCONTENTCONDITION) - start
146291 [main] DEBUG org.dbunit.database.search.AbstractMetaDataBasedSearchCallback  - getNodes(type=0, node=SCOPEDCONTENTCONDITION) - start
146291 [main] DEBUG org.dbunit.database.DatabaseDataSourceConnection  - getConnection() - start
146291 [main] DEBUG org.dbunit.database.search.AbstractMetaDataBasedSearchCallback  - getNodes(type=0, node=SCOPEDCONTENTCONDITION, conn=Transaction-aware proxy for target Connection [jdbc:hsqldb:mem:kontrollDS, UserName=sw, HSQL Database Engine Driver], schema=null, metaData=org.apache.commons.dbcp.DelegatingDatabaseMetaData@6dfeff99, edges=[]) - start
146291 [main] DEBUG org.dbunit.database.search.AbstractMetaDataBasedSearchCallback  - Getting edges for node SCOPEDCONTENTCONDITION
146291 [main] TRACE org.dbunit.database.DatabaseConfig  - getProperty(name=http://www.dbunit.org/properties/metadataHandler) - start
146292 [main] TRACE org.dbunit.database.DefaultMetadataHandler  - tableExists(metaData=org.apache.commons.dbcp.DelegatingDatabaseMetaData@6dfeff99, schemaName=null, tableName=SCOPEDCONTENTCONDITION) - start
146293 [main] DEBUG org.dbunit.util.SQLHelper  - close(resultSet=org.apache.commons.dbcp.DelegatingResultSet@1b5541f6) - start
146293 [main] DEBUG org.dbunit.util.SQLHelper  - close(resultSet=org.apache.commons.dbcp.DelegatingResultSet@13713bf5) - start
146293 [main] DEBUG org.dbunit.util.search.DepthFirstSearch  - reverseSearch:SCOPEDCONTENTCONDITIONATTRIBUTE
146293 [main] DEBUG org.dbunit.util.search.DepthFirstSearch  - already searched; returning true
146293 [main] DEBUG org.dbunit.util.search.DepthFirstSearch  - search:SCOPEDCONTENTCONDITIONATTRIBUTE
146293 [main] DEBUG org.dbunit.util.search.DepthFirstSearch  - already searched; returning true
146294 [main] DEBUG org.dbunit.util.search.DepthFirstSearch  - search:SCOPEDCONTENTCONDITION
146294 [main] DEBUG org.dbunit.util.search.DepthFirstSearch  - already searched; returning true
146294 [main] DEBUG org.dbunit.util.CollectionsHelper  - setToStrings(set=[SCOPEDCONTENTCONDITION, SCOPEDCONTENTCONDITIONATTRIBUTE]) - start
146294 [main] DEBUG org.dbunit.database.search.TablesDependencyHelper  - getDependsOnTables(connection=_databaseConfig=org.dbunit.database.DatabaseConfig[, _propertyMap={http://www.dbunit.org/properties/statementFactory=org.dbunit.database.statement.PreparedStatementFactory@626bc2b8, http://www.dbunit.org/features/caseSensitiveTableNames=false, http://www.dbunit.org/properties/fetchSize=100, http://www.dbunit.org/features/batchedStatements=false, http://www.dbunit.org/properties/metadataHandler=org.dbunit.database.DefaultMetadataHandler@3bbfdfde, http://www.dbunit.org/properties/datatypeFactory=org.dbunit.dataset.datatype.DefaultDataTypeFactory[_toleratedDeltaMap=org.dbunit.dataset.datatype.ToleratedDeltaMap@6452310a], http://www.dbunit.org/properties/escapePattern=null, http://www.dbunit.org/properties/batchSize=100, http://www.dbunit.org/features/qualifiedTableNames=false, http://www.dbunit.org/properties/tableType=[Ljava.lang.String;@5011bafa, http://www.dbunit.org/properties/resultSetTableFactory=org.dbunit.database.CachedResultSetTableFactory@10bcf083, http://www.dbunit.org/features/datatypeWarning=true}], _dataSet=AbstractDataSet[_orderedTableNameMap=null], rootTable=SCOPEDCONTENTCONDITIONATTRIBUTE) - start
146294 [main] DEBUG org.dbunit.util.search.DepthFirstSearch  - search(nodesFrom=[SCOPEDCONTENTCONDITIONATTRIBUTE], callback=org.dbunit.database.search.ExportedKeysSearchCallback@668ba567) - start
146294 [main] DEBUG org.dbunit.util.CollectionsHelper  - objectsToSet(objects=SCOPEDCONTENTCONDITIONATTRIBUTE) - start
146294 [main] DEBUG org.dbunit.util.search.DepthFirstSearch  - search(nodesFrom=[SCOPEDCONTENTCONDITIONATTRIBUTE], callback=org.dbunit.database.search.ExportedKeysSearchCallback@668ba567) - start
146294 [main] DEBUG org.dbunit.util.search.DepthFirstSearch  - reverseSearch:SCOPEDCONTENTCONDITIONATTRIBUTE
146294 [main] DEBUG org.dbunit.database.search.ExportedKeysSearchCallback  - searchNode(node=SCOPEDCONTENTCONDITIONATTRIBUTE) - start
146294 [main] DEBUG org.dbunit.util.search.DepthFirstSearch  - Pushing (reverse) SCOPEDCONTENTCONDITIONATTRIBUTE
146294 [main] DEBUG org.dbunit.database.search.ExportedKeysSearchCallback  - getEdges(node=SCOPEDCONTENTCONDITIONATTRIBUTE) - start
146295 [main] DEBUG org.dbunit.database.search.AbstractMetaDataBasedSearchCallback  - getNodesFromExportedKeys(node=SCOPEDCONTENTCONDITIONATTRIBUTE) - start
146295 [main] DEBUG org.dbunit.database.search.AbstractMetaDataBasedSearchCallback  - getNodes(type=1, node=SCOPEDCONTENTCONDITIONATTRIBUTE) - start
146295 [main] DEBUG org.dbunit.database.DatabaseDataSourceConnection  - getConnection() - start
146295 [main] DEBUG org.dbunit.database.search.AbstractMetaDataBasedSearchCallback  - getNodes(type=1, node=SCOPEDCONTENTCONDITIONATTRIBUTE, conn=Transaction-aware proxy for target Connection [jdbc:hsqldb:mem:kontrollDS, UserName=sw, HSQL Database Engine Driver], schema=null, metaData=org.apache.commons.dbcp.DelegatingDatabaseMetaData@5a1841c9, edges=[]) - start
146295 [main] DEBUG org.dbunit.database.search.AbstractMetaDataBasedSearchCallback  - Getting edges for node SCOPEDCONTENTCONDITIONATTRIBUTE
146295 [main] TRACE org.dbunit.database.DatabaseConfig  - getProperty(name=http://www.dbunit.org/properties/metadataHandler) - start
146295 [main] TRACE org.dbunit.database.DefaultMetadataHandler  - tableExists(metaData=org.apache.commons.dbcp.DelegatingDatabaseMetaData@5a1841c9, schemaName=null, tableName=SCOPEDCONTENTCONDITIONATTRIBUTE) - start
146296 [main] DEBUG org.dbunit.util.SQLHelper  - close(resultSet=org.apache.commons.dbcp.DelegatingResultSet@699d4a7c) - start
146296 [main] DEBUG org.dbunit.util.SQLHelper  - close(resultSet=org.apache.commons.dbcp.DelegatingResultSet@217fa3a6) - start
146297 [main] DEBUG org.dbunit.util.search.DepthFirstSearch  - search:SCOPEDCONTENTCONDITIONATTRIBUTE
146297 [main] DEBUG org.dbunit.database.search.ExportedKeysSearchCallback  - searchNode(node=SCOPEDCONTENTCONDITIONATTRIBUTE) - start
146297 [main] DEBUG org.dbunit.util.search.DepthFirstSearch  - Pushing SCOPEDCONTENTCONDITIONATTRIBUTE
146297 [main] DEBUG org.dbunit.database.search.ExportedKeysSearchCallback  - getEdges(node=SCOPEDCONTENTCONDITIONATTRIBUTE) - start
146297 [main] DEBUG org.dbunit.database.search.AbstractMetaDataBasedSearchCallback  - getNodesFromExportedKeys(node=SCOPEDCONTENTCONDITIONATTRIBUTE) - start
146297 [main] DEBUG org.dbunit.database.search.AbstractMetaDataBasedSearchCallback  - getNodes(type=1, node=SCOPEDCONTENTCONDITIONATTRIBUTE) - start
146297 [main] DEBUG org.dbunit.database.DatabaseDataSourceConnection  - getConnection() - start
146297 [main] DEBUG org.dbunit.database.search.AbstractMetaDataBasedSearchCallback  - getNodes(type=1, node=SCOPEDCONTENTCONDITIONATTRIBUTE, conn=Transaction-aware proxy for target Connection [jdbc:hsqldb:mem:kontrollDS, UserName=sw, HSQL Database Engine Driver], schema=null, metaData=org.apache.commons.dbcp.DelegatingDatabaseMetaData@42d0f878, edges=[]) - start
146297 [main] DEBUG org.dbunit.database.search.AbstractMetaDataBasedSearchCallback  - Getting edges for node SCOPEDCONTENTCONDITIONATTRIBUTE
146297 [main] TRACE org.dbunit.database.DatabaseConfig  - getProperty(name=http://www.dbunit.org/properties/metadataHandler) - start
146297 [main] TRACE org.dbunit.database.DefaultMetadataHandler  - tableExists(metaData=org.apache.commons.dbcp.DelegatingDatabaseMetaData@42d0f878, schemaName=null, tableName=SCOPEDCONTENTCONDITIONATTRIBUTE) - start
146299 [main] DEBUG org.dbunit.util.SQLHelper  - close(resultSet=org.apache.commons.dbcp.DelegatingResultSet@7c1f0c2a) - start
146300 [main] DEBUG org.dbunit.util.SQLHelper  - close(resultSet=org.apache.commons.dbcp.DelegatingResultSet@3d6b961f) - start
146300 [main] DEBUG org.dbunit.util.search.DepthFirstSearch  - Adding node SCOPEDCONTENTCONDITIONATTRIBUTE to the final result
146300 [main] DEBUG org.dbunit.util.CollectionsHelper  - setToStrings(set=[SCOPEDCONTENTCONDITIONATTRIBUTE]) - start
146300 [main] DEBUG org.dbunit.database.search.TablesDependencyHelper  - getDirectDependsOnTables(connection=_databaseConfig=org.dbunit.database.DatabaseConfig[, _propertyMap={http://www.dbunit.org/properties/statementFactory=org.dbunit.database.statement.PreparedStatementFactory@626bc2b8, http://www.dbunit.org/features/caseSensitiveTableNames=false, http://www.dbunit.org/properties/fetchSize=100, http://www.dbunit.org/features/batchedStatements=false, http://www.dbunit.org/properties/metadataHandler=org.dbunit.database.DefaultMetadataHandler@3bbfdfde, http://www.dbunit.org/properties/datatypeFactory=org.dbunit.dataset.datatype.DefaultDataTypeFactory[_toleratedDeltaMap=org.dbunit.dataset.datatype.ToleratedDeltaMap@6452310a], http://www.dbunit.org/properties/escapePattern=null, http://www.dbunit.org/properties/batchSize=100, http://www.dbunit.org/features/qualifiedTableNames=false, http://www.dbunit.org/properties/tableType=[Ljava.lang.String;@5011bafa, http://www.dbunit.org/properties/resultSetTableFactory=org.dbunit.database.CachedResultSetTableFactory@10bcf083, http://www.dbunit.org/features/datatypeWarning=true}], _dataSet=AbstractDataSet[_orderedTableNameMap=null], tableName=SCOPEDCONTENTCONDITIONATTRIBUTE) - start
146300 [main] DEBUG org.dbunit.util.search.DepthFirstSearch  - search(nodesFrom=[SCOPEDCONTENTCONDITIONATTRIBUTE], callback=org.dbunit.database.search.ExportedKeysSearchCallback@2849981a) - start
146300 [main] DEBUG org.dbunit.util.CollectionsHelper  - objectsToSet(objects=SCOPEDCONTENTCONDITIONATTRIBUTE) - start
146300 [main] DEBUG org.dbunit.util.search.DepthFirstSearch  - search(nodesFrom=[SCOPEDCONTENTCONDITIONATTRIBUTE], callback=org.dbunit.database.search.ExportedKeysSearchCallback@2849981a) - start
146300 [main] DEBUG org.dbunit.util.search.DepthFirstSearch  - reverseSearch:SCOPEDCONTENTCONDITIONATTRIBUTE
146300 [main] DEBUG org.dbunit.database.search.ExportedKeysSearchCallback  - searchNode(node=SCOPEDCONTENTCONDITIONATTRIBUTE) - start
146300 [main] DEBUG org.dbunit.util.search.DepthFirstSearch  - Pushing (reverse) SCOPEDCONTENTCONDITIONATTRIBUTE
146301 [main] DEBUG org.dbunit.database.search.ExportedKeysSearchCallback  - getEdges(node=SCOPEDCONTENTCONDITIONATTRIBUTE) - start
146301 [main] DEBUG org.dbunit.database.search.AbstractMetaDataBasedSearchCallback  - getNodesFromExportedKeys(node=SCOPEDCONTENTCONDITIONATTRIBUTE) - start
146301 [main] DEBUG org.dbunit.database.search.AbstractMetaDataBasedSearchCallback  - getNodes(type=1, node=SCOPEDCONTENTCONDITIONATTRIBUTE) - start
146301 [main] DEBUG org.dbunit.database.DatabaseDataSourceConnection  - getConnection() - start
146301 [main] DEBUG org.dbunit.database.search.AbstractMetaDataBasedSearchCallback  - getNodes(type=1, node=SCOPEDCONTENTCONDITIONATTRIBUTE, conn=Transaction-aware proxy for target Connection [jdbc:hsqldb:mem:kontrollDS, UserName=sw, HSQL Database Engine Driver], schema=null, metaData=org.apache.commons.dbcp.DelegatingDatabaseMetaData@77a0e79f, edges=[]) - start
146301 [main] DEBUG org.dbunit.database.search.AbstractMetaDataBasedSearchCallback  - Getting edges for node SCOPEDCONTENTCONDITIONATTRIBUTE
146301 [main] TRACE org.dbunit.database.DatabaseConfig  - getProperty(name=http://www.dbunit.org/properties/metadataHandler) - start
146301 [main] TRACE org.dbunit.database.DefaultMetadataHandler  - tableExists(metaData=org.apache.commons.dbcp.DelegatingDatabaseMetaData@77a0e79f, schemaName=null, tableName=SCOPEDCONTENTCONDITIONATTRIBUTE) - start
146302 [main] DEBUG org.dbunit.util.SQLHelper  - close(resultSet=org.apache.commons.dbcp.DelegatingResultSet@319a67bc) - start
146303 [main] DEBUG org.dbunit.util.SQLHelper  - close(resultSet=org.apache.commons.dbcp.DelegatingResultSet@2b8a91f0) - start
146303 [main] DEBUG org.dbunit.util.search.DepthFirstSearch  - search:SCOPEDCONTENTCONDITIONATTRIBUTE
146303 [main] DEBUG org.dbunit.database.search.ExportedKeysSearchCallback  - searchNode(node=SCOPEDCONTENTCONDITIONATTRIBUTE) - start
146303 [main] DEBUG org.dbunit.util.search.DepthFirstSearch  - Pushing SCOPEDCONTENTCONDITIONATTRIBUTE
146303 [main] DEBUG org.dbunit.database.search.ExportedKeysSearchCallback  - getEdges(node=SCOPEDCONTENTCONDITIONATTRIBUTE) - start
146303 [main] DEBUG org.dbunit.database.search.AbstractMetaDataBasedSearchCallback  - getNodesFromExportedKeys(node=SCOPEDCONTENTCONDITIONATTRIBUTE) - start
146303 [main] DEBUG org.dbunit.database.search.AbstractMetaDataBasedSearchCallback  - getNodes(type=1, node=SCOPEDCONTENTCONDITIONATTRIBUTE) - start
146303 [main] DEBUG org.dbunit.database.DatabaseDataSourceConnection  - getConnection() - start
146303 [main] DEBUG org.dbunit.database.search.AbstractMetaDataBasedSearchCallback  - getNodes(type=1, node=SCOPEDCONTENTCONDITIONATTRIBUTE, conn=Transaction-aware proxy for target Connection [jdbc:hsqldb:mem:kontrollDS, UserName=sw, HSQL Database Engine Driver], schema=null, metaData=org.apache.commons.dbcp.DelegatingDatabaseMetaData@167339e5, edges=[]) - start
146303 [main] DEBUG org.dbunit.database.search.AbstractMetaDataBasedSearchCallback  - Getting edges for node SCOPEDCONTENTCONDITIONATTRIBUTE
146303 [main] TRACE org.dbunit.database.DatabaseConfig  - getProperty(name=http://www.dbunit.org/properties/metadataHandler) - start
146303 [main] TRACE org.dbunit.database.DefaultMetadataHandler  - tableExists(metaData=org.apache.commons.dbcp.DelegatingDatabaseMetaData@167339e5, schemaName=null, tableName=SCOPEDCONTENTCONDITIONATTRIBUTE) - start
146304 [main] DEBUG org.dbunit.util.SQLHelper  - close(resultSet=org.apache.commons.dbcp.DelegatingResultSet@75f95ccc) - start
146305 [main] DEBUG org.dbunit.util.SQLHelper  - close(resultSet=org.apache.commons.dbcp.DelegatingResultSet@70d332df) - start
146305 [main] DEBUG org.dbunit.util.search.DepthFirstSearch  - Adding node SCOPEDCONTENTCONDITIONATTRIBUTE to the final result
146305 [main] DEBUG org.dbunit.database.search.TablesDependencyHelper  - getDirectDependentTables(connection=_databaseConfig=org.dbunit.database.DatabaseConfig[, _propertyMap={http://www.dbunit.org/properties/statementFactory=org.dbunit.database.statement.PreparedStatementFactory@626bc2b8, http://www.dbunit.org/features/caseSensitiveTableNames=false, http://www.dbunit.org/properties/fetchSize=100, http://www.dbunit.org/features/batchedStatements=false, http://www.dbunit.org/properties/metadataHandler=org.dbunit.database.DefaultMetadataHandler@3bbfdfde, http://www.dbunit.org/properties/datatypeFactory=org.dbunit.dataset.datatype.DefaultDataTypeFactory[_toleratedDeltaMap=org.dbunit.dataset.datatype.ToleratedDeltaMap@6452310a], http://www.dbunit.org/properties/escapePattern=null, http://www.dbunit.org/properties/batchSize=100, http://www.dbunit.org/features/qualifiedTableNames=false, http://www.dbunit.org/properties/tableType=[Ljava.lang.String;@5011bafa, http://www.dbunit.org/properties/resultSetTableFactory=org.dbunit.database.CachedResultSetTableFactory@10bcf083, http://www.dbunit.org/features/datatypeWarning=true}], _dataSet=AbstractDataSet[_orderedTableNameMap=null], tableName=SCOPEDCONTENTCONDITIONATTRIBUTE) - start
146305 [main] DEBUG org.dbunit.util.search.DepthFirstSearch  - search(nodesFrom=[SCOPEDCONTENTCONDITIONATTRIBUTE], callback=org.dbunit.database.search.ImportedKeysSearchCallback@159aa558) - start
146305 [main] DEBUG org.dbunit.util.CollectionsHelper  - objectsToSet(objects=SCOPEDCONTENTCONDITIONATTRIBUTE) - start
146305 [main] DEBUG org.dbunit.util.search.DepthFirstSearch  - search(nodesFrom=[SCOPEDCONTENTCONDITIONATTRIBUTE], callback=org.dbunit.database.search.ImportedKeysSearchCallback@159aa558) - start
146305 [main] DEBUG org.dbunit.util.search.DepthFirstSearch  - reverseSearch:SCOPEDCONTENTCONDITIONATTRIBUTE
146305 [main] DEBUG org.dbunit.database.search.ImportedKeysSearchCallback  - searchNode(node=SCOPEDCONTENTCONDITIONATTRIBUTE) - start
146306 [main] DEBUG org.dbunit.util.search.DepthFirstSearch  - Pushing (reverse) SCOPEDCONTENTCONDITIONATTRIBUTE
146306 [main] DEBUG org.dbunit.database.search.ImportedKeysSearchCallback  - getEdges(node=SCOPEDCONTENTCONDITIONATTRIBUTE) - start
146306 [main] DEBUG org.dbunit.database.search.AbstractMetaDataBasedSearchCallback  - getNodesFromImportedKeys(node=SCOPEDCONTENTCONDITIONATTRIBUTE) - start
146306 [main] DEBUG org.dbunit.database.search.AbstractMetaDataBasedSearchCallback  - getNodes(type=0, node=SCOPEDCONTENTCONDITIONATTRIBUTE) - start
146306 [main] DEBUG org.dbunit.database.DatabaseDataSourceConnection  - getConnection() - start
146306 [main] DEBUG org.dbunit.database.search.AbstractMetaDataBasedSearchCallback  - getNodes(type=0, node=SCOPEDCONTENTCONDITIONATTRIBUTE, conn=Transaction-aware proxy for target Connection [jdbc:hsqldb:mem:kontrollDS, UserName=sw, HSQL Database Engine Driver], schema=null, metaData=org.apache.commons.dbcp.DelegatingDatabaseMetaData@5bdd3f7c, edges=[]) - start
146306 [main] DEBUG org.dbunit.database.search.AbstractMetaDataBasedSearchCallback  - Getting edges for node SCOPEDCONTENTCONDITIONATTRIBUTE
146306 [main] TRACE org.dbunit.database.DatabaseConfig  - getProperty(name=http://www.dbunit.org/properties/metadataHandler) - start
146306 [main] TRACE org.dbunit.database.DefaultMetadataHandler  - tableExists(metaData=org.apache.commons.dbcp.DelegatingDatabaseMetaData@5bdd3f7c, schemaName=null, tableName=SCOPEDCONTENTCONDITIONATTRIBUTE) - start
146307 [main] DEBUG org.dbunit.util.SQLHelper  - close(resultSet=org.apache.commons.dbcp.DelegatingResultSet@796843de) - start
146308 [main] DEBUG org.dbunit.util.QualifiedTableName  - getQualifiedNameIfEnabled(config=org.dbunit.database.DatabaseConfig[, _propertyMap={http://www.dbunit.org/properties/statementFactory=org.dbunit.database.statement.PreparedStatementFactory@626bc2b8, http://www.dbunit.org/features/caseSensitiveTableNames=false, http://www.dbunit.org/properties/fetchSize=100, http://www.dbunit.org/features/batchedStatements=false, http://www.dbunit.org/properties/metadataHandler=org.dbunit.database.DefaultMetadataHandler@3bbfdfde, http://www.dbunit.org/properties/datatypeFactory=org.dbunit.dataset.datatype.DefaultDataTypeFactory[_toleratedDeltaMap=org.dbunit.dataset.datatype.ToleratedDeltaMap@6452310a], http://www.dbunit.org/properties/escapePattern=null, http://www.dbunit.org/properties/batchSize=100, http://www.dbunit.org/features/qualifiedTableNames=false, http://www.dbunit.org/properties/tableType=[Ljava.lang.String;@5011bafa, http://www.dbunit.org/properties/resultSetTableFactory=org.dbunit.database.CachedResultSetTableFactory@10bcf083, http://www.dbunit.org/features/datatypeWarning=true}]) - start
146308 [main] TRACE org.dbunit.database.DatabaseConfig  - getFeature(name=http://www.dbunit.org/features/qualifiedTableNames) - start
146308 [main] TRACE org.dbunit.database.DatabaseConfig  - getProperty(name=http://www.dbunit.org/features/qualifiedTableNames) - start
146308 [main] DEBUG org.dbunit.util.QualifiedTableName  - Qualified table names feature is disabled. Returning plain table name
146308 [main] DEBUG org.dbunit.util.QualifiedTableName  - getQualifiedName(prefix=null, name=SCOPEDCONTENTCONDITIONATTRIBUTE, escapePattern=null) - start
146308 [main] DEBUG org.dbunit.util.QualifiedTableName  - getQualifiedNameIfEnabled(config=org.dbunit.database.DatabaseConfig[, _propertyMap={http://www.dbunit.org/properties/statementFactory=org.dbunit.database.statement.PreparedStatementFactory@626bc2b8, http://www.dbunit.org/features/caseSensitiveTableNames=false, http://www.dbunit.org/properties/fetchSize=100, http://www.dbunit.org/features/batchedStatements=false, http://www.dbunit.org/properties/metadataHandler=org.dbunit.database.DefaultMetadataHandler@3bbfdfde, http://www.dbunit.org/properties/datatypeFactory=org.dbunit.dataset.datatype.DefaultDataTypeFactory[_toleratedDeltaMap=org.dbunit.dataset.datatype.ToleratedDeltaMap@6452310a], http://www.dbunit.org/properties/escapePattern=null, http://www.dbunit.org/properties/batchSize=100, http://www.dbunit.org/features/qualifiedTableNames=false, http://www.dbunit.org/properties/tableType=[Ljava.lang.String;@5011bafa, http://www.dbunit.org/properties/resultSetTableFactory=org.dbunit.database.CachedResultSetTableFactory@10bcf083, http://www.dbunit.org/features/datatypeWarning=true}]) - start
146308 [main] TRACE org.dbunit.database.DatabaseConfig  - getFeature(name=http://www.dbunit.org/features/qualifiedTableNames) - start
146308 [main] TRACE org.dbunit.database.DatabaseConfig  - getProperty(name=http://www.dbunit.org/features/qualifiedTableNames) - start
146308 [main] DEBUG org.dbunit.util.QualifiedTableName  - Qualified table names feature is disabled. Returning plain table name
146308 [main] DEBUG org.dbunit.util.QualifiedTableName  - getQualifiedName(prefix=null, name=SCOPEDCONTENTCONDITION, escapePattern=null) - start
146309 [main] DEBUG org.dbunit.database.search.AbstractMetaDataBasedSearchCallback  - newEdge(rs=org.apache.commons.dbcp.DelegatingResultSet@16146ab3, type=0, from=SCOPEDCONTENTCONDITIONATTRIBUTE, to=SCOPEDCONTENTCONDITION, fkColumn=SCOPEDCONTENTCONDITION, pkColumn=ID) - start
146309 [main] DEBUG org.dbunit.database.search.AbstractMetaDataBasedSearchCallback  - createFKEdge(rs=org.apache.commons.dbcp.DelegatingResultSet@16146ab3, type=0, from=SCOPEDCONTENTCONDITIONATTRIBUTE, to=SCOPEDCONTENTCONDITION, fkColumn=SCOPEDCONTENTCONDITION, pkColumn=ID) - start
146309 [main] DEBUG org.dbunit.database.search.AbstractMetaDataBasedSearchCallback  - Adding edge SCOPEDCONTENTCONDITIONATTRIBUTE(SCOPEDCONTENTCONDITION)->SCOPEDCONTENTCONDITION(ID)
146309 [main] DEBUG org.dbunit.util.search.Edge  - compareTo(o=SCOPEDCONTENTCONDITIONATTRIBUTE(SCOPEDCONTENTCONDITION)->SCOPEDCONTENTCONDITION(ID)) - start
146309 [main] DEBUG org.dbunit.util.SQLHelper  - close(resultSet=org.apache.commons.dbcp.DelegatingResultSet@16146ab3) - start
146309 [main] DEBUG org.dbunit.util.search.DepthFirstSearch  - search:SCOPEDCONTENTCONDITIONATTRIBUTE
146309 [main] DEBUG org.dbunit.database.search.ImportedKeysSearchCallback  - searchNode(node=SCOPEDCONTENTCONDITIONATTRIBUTE) - start
146309 [main] DEBUG org.dbunit.util.search.DepthFirstSearch  - Pushing SCOPEDCONTENTCONDITIONATTRIBUTE
146309 [main] DEBUG org.dbunit.database.search.ImportedKeysSearchCallback  - getEdges(node=SCOPEDCONTENTCONDITIONATTRIBUTE) - start
146309 [main] DEBUG org.dbunit.database.search.AbstractMetaDataBasedSearchCallback  - getNodesFromImportedKeys(node=SCOPEDCONTENTCONDITIONATTRIBUTE) - start
146309 [main] DEBUG org.dbunit.database.search.AbstractMetaDataBasedSearchCallback  - getNodes(type=0, node=SCOPEDCONTENTCONDITIONATTRIBUTE) - start
146309 [main] DEBUG org.dbunit.database.DatabaseDataSourceConnection  - getConnection() - start
146310 [main] DEBUG org.dbunit.database.search.AbstractMetaDataBasedSearchCallback  - getNodes(type=0, node=SCOPEDCONTENTCONDITIONATTRIBUTE, conn=Transaction-aware proxy for target Connection [jdbc:hsqldb:mem:kontrollDS, UserName=sw, HSQL Database Engine Driver], schema=null, metaData=org.apache.commons.dbcp.DelegatingDatabaseMetaData@16691918, edges=[]) - start
146310 [main] DEBUG org.dbunit.database.search.AbstractMetaDataBasedSearchCallback  - Getting edges for node SCOPEDCONTENTCONDITIONATTRIBUTE
146310 [main] TRACE org.dbunit.database.DatabaseConfig  - getProperty(name=http://www.dbunit.org/properties/metadataHandler) - start
146310 [main] TRACE org.dbunit.database.DefaultMetadataHandler  - tableExists(metaData=org.apache.commons.dbcp.DelegatingDatabaseMetaData@16691918, schemaName=null, tableName=SCOPEDCONTENTCONDITIONATTRIBUTE) - start
146311 [main] DEBUG org.dbunit.util.SQLHelper  - close(resultSet=org.apache.commons.dbcp.DelegatingResultSet@65a2b4c2) - start
146311 [main] DEBUG org.dbunit.util.QualifiedTableName  - getQualifiedNameIfEnabled(config=org.dbunit.database.DatabaseConfig[, _propertyMap={http://www.dbunit.org/properties/statementFactory=org.dbunit.database.statement.PreparedStatementFactory@626bc2b8, http://www.dbunit.org/features/caseSensitiveTableNames=false, http://www.dbunit.org/properties/fetchSize=100, http://www.dbunit.org/features/batchedStatements=false, http://www.dbunit.org/properties/metadataHandler=org.dbunit.database.DefaultMetadataHandler@3bbfdfde, http://www.dbunit.org/properties/datatypeFactory=org.dbunit.dataset.datatype.DefaultDataTypeFactory[_toleratedDeltaMap=org.dbunit.dataset.datatype.ToleratedDeltaMap@6452310a], http://www.dbunit.org/properties/escapePattern=null, http://www.dbunit.org/properties/batchSize=100, http://www.dbunit.org/features/qualifiedTableNames=false, http://www.dbunit.org/properties/tableType=[Ljava.lang.String;@5011bafa, http://www.dbunit.org/properties/resultSetTableFactory=org.dbunit.database.CachedResultSetTableFactory@10bcf083, http://www.dbunit.org/features/datatypeWarning=true}]) - start
146311 [main] TRACE org.dbunit.database.DatabaseConfig  - getFeature(name=http://www.dbunit.org/features/qualifiedTableNames) - start
146311 [main] TRACE org.dbunit.database.DatabaseConfig  - getProperty(name=http://www.dbunit.org/features/qualifiedTableNames) - start
146311 [main] DEBUG org.dbunit.util.QualifiedTableName  - Qualified table names feature is disabled. Returning plain table name
146312 [main] DEBUG org.dbunit.util.QualifiedTableName  - getQualifiedName(prefix=null, name=SCOPEDCONTENTCONDITIONATTRIBUTE, escapePattern=null) - start
146312 [main] DEBUG org.dbunit.util.QualifiedTableName  - getQualifiedNameIfEnabled(config=org.dbunit.database.DatabaseConfig[, _propertyMap={http://www.dbunit.org/properties/statementFactory=org.dbunit.database.statement.PreparedStatementFactory@626bc2b8, http://www.dbunit.org/features/caseSensitiveTableNames=false, http://www.dbunit.org/properties/fetchSize=100, http://www.dbunit.org/features/batchedStatements=false, http://www.dbunit.org/properties/metadataHandler=org.dbunit.database.DefaultMetadataHandler@3bbfdfde, http://www.dbunit.org/properties/datatypeFactory=org.dbunit.dataset.datatype.DefaultDataTypeFactory[_toleratedDeltaMap=org.dbunit.dataset.datatype.ToleratedDeltaMap@6452310a], http://www.dbunit.org/properties/escapePattern=null, http://www.dbunit.org/properties/batchSize=100, http://www.dbunit.org/features/qualifiedTableNames=false, http://www.dbunit.org/properties/tableType=[Ljava.lang.String;@5011bafa, http://www.dbunit.org/properties/resultSetTableFactory=org.dbunit.database.CachedResultSetTableFactory@10bcf083, http://www.dbunit.org/features/datatypeWarning=true}]) - start
146312 [main] TRACE org.dbunit.database.DatabaseConfig  - getFeature(name=http://www.dbunit.org/features/qualifiedTableNames) - start
146312 [main] TRACE org.dbunit.database.DatabaseConfig  - getProperty(name=http://www.dbunit.org/features/qualifiedTableNames) - start
146312 [main] DEBUG org.dbunit.util.QualifiedTableName  - Qualified table names feature is disabled. Returning plain table name
146312 [main] DEBUG org.dbunit.util.QualifiedTableName  - getQualifiedName(prefix=null, name=SCOPEDCONTENTCONDITION, escapePattern=null) - start
146312 [main] DEBUG org.dbunit.database.search.AbstractMetaDataBasedSearchCallback  - newEdge(rs=org.apache.commons.dbcp.DelegatingResultSet@52aa900d, type=0, from=SCOPEDCONTENTCONDITIONATTRIBUTE, to=SCOPEDCONTENTCONDITION, fkColumn=SCOPEDCONTENTCONDITION, pkColumn=ID) - start
146312 [main] DEBUG org.dbunit.database.search.AbstractMetaDataBasedSearchCallback  - createFKEdge(rs=org.apache.commons.dbcp.DelegatingResultSet@52aa900d, type=0, from=SCOPEDCONTENTCONDITIONATTRIBUTE, to=SCOPEDCONTENTCONDITION, fkColumn=SCOPEDCONTENTCONDITION, pkColumn=ID) - start
146312 [main] DEBUG org.dbunit.database.search.AbstractMetaDataBasedSearchCallback  - Adding edge SCOPEDCONTENTCONDITIONATTRIBUTE(SCOPEDCONTENTCONDITION)->SCOPEDCONTENTCONDITION(ID)
146312 [main] DEBUG org.dbunit.util.search.Edge  - compareTo(o=SCOPEDCONTENTCONDITIONATTRIBUTE(SCOPEDCONTENTCONDITION)->SCOPEDCONTENTCONDITION(ID)) - start
146312 [main] DEBUG org.dbunit.util.SQLHelper  - close(resultSet=org.apache.commons.dbcp.DelegatingResultSet@52aa900d) - start
146313 [main] DEBUG org.dbunit.util.search.DepthFirstSearch  - search:SCOPEDCONTENTCONDITION
146313 [main] DEBUG org.dbunit.database.search.ImportedKeysSearchCallback  - searchNode(node=SCOPEDCONTENTCONDITION) - start
146313 [main] DEBUG org.dbunit.util.search.DepthFirstSearch  - Pushing SCOPEDCONTENTCONDITION
146313 [main] DEBUG org.dbunit.database.search.ImportedKeysSearchCallback  - getEdges(node=SCOPEDCONTENTCONDITION) - start
146313 [main] DEBUG org.dbunit.database.search.AbstractMetaDataBasedSearchCallback  - getNodesFromImportedKeys(node=SCOPEDCONTENTCONDITION) - start
146313 [main] DEBUG org.dbunit.database.search.AbstractMetaDataBasedSearchCallback  - getNodes(type=0, node=SCOPEDCONTENTCONDITION) - start
146313 [main] DEBUG org.dbunit.database.DatabaseDataSourceConnection  - getConnection() - start
146313 [main] DEBUG org.dbunit.database.search.AbstractMetaDataBasedSearchCallback  - getNodes(type=0, node=SCOPEDCONTENTCONDITION, conn=Transaction-aware proxy for target Connection [jdbc:hsqldb:mem:kontrollDS, UserName=sw, HSQL Database Engine Driver], schema=null, metaData=org.apache.commons.dbcp.DelegatingDatabaseMetaData@3bd76fe1, edges=[]) - start
146313 [main] DEBUG org.dbunit.database.search.AbstractMetaDataBasedSearchCallback  - Getting edges for node SCOPEDCONTENTCONDITION
146313 [main] TRACE org.dbunit.database.DatabaseConfig  - getProperty(name=http://www.dbunit.org/properties/metadataHandler) - start
146313 [main] TRACE org.dbunit.database.DefaultMetadataHandler  - tableExists(metaData=org.apache.commons.dbcp.DelegatingDatabaseMetaData@3bd76fe1, schemaName=null, tableName=SCOPEDCONTENTCONDITION) - start
146315 [main] DEBUG org.dbunit.util.SQLHelper  - close(resultSet=org.apache.commons.dbcp.DelegatingResultSet@431e628a) - start
146315 [main] DEBUG org.dbunit.util.SQLHelper  - close(resultSet=org.apache.commons.dbcp.DelegatingResultSet@1a1e29f0) - start
146315 [main] DEBUG org.dbunit.util.search.DepthFirstSearch  - Adding node SCOPEDCONTENTCONDITION to the final result
146315 [main] DEBUG org.dbunit.util.search.DepthFirstSearch  - Adding node SCOPEDCONTENTCONDITIONATTRIBUTE to the final result
146315 [main] DEBUG org.dbunit.util.search.DepthFirstSearch  - reverseSearch:SCOPEDCONTENTCONDITION
146315 [main] DEBUG org.dbunit.database.search.ImportedKeysSearchCallback  - searchNode(node=SCOPEDCONTENTCONDITION) - start
146315 [main] DEBUG org.dbunit.util.search.DepthFirstSearch  - Pushing (reverse) SCOPEDCONTENTCONDITION
146316 [main] DEBUG org.dbunit.database.search.ImportedKeysSearchCallback  - getEdges(node=SCOPEDCONTENTCONDITION) - start
146316 [main] DEBUG org.dbunit.database.search.AbstractMetaDataBasedSearchCallback  - getNodesFromImportedKeys(node=SCOPEDCONTENTCONDITION) - start
146316 [main] DEBUG org.dbunit.database.search.AbstractMetaDataBasedSearchCallback  - getNodes(type=0, node=SCOPEDCONTENTCONDITION) - start
146316 [main] DEBUG org.dbunit.database.DatabaseDataSourceConnection  - getConnection() - start
146316 [main] DEBUG org.dbunit.database.search.AbstractMetaDataBasedSearchCallback  - getNodes(type=0, node=SCOPEDCONTENTCONDITION, conn=Transaction-aware proxy for target Connection [jdbc:hsqldb:mem:kontrollDS, UserName=sw, HSQL Database Engine Driver], schema=null, metaData=org.apache.commons.dbcp.DelegatingDatabaseMetaData@325358f5, edges=[]) - start
146316 [main] DEBUG org.dbunit.database.search.AbstractMetaDataBasedSearchCallback  - Getting edges for node SCOPEDCONTENTCONDITION
146316 [main] TRACE org.dbunit.database.DatabaseConfig  - getProperty(name=http://www.dbunit.org/properties/metadataHandler) - start
146316 [main] TRACE org.dbunit.database.DefaultMetadataHandler  - tableExists(metaData=org.apache.commons.dbcp.DelegatingDatabaseMetaData@325358f5, schemaName=null, tableName=SCOPEDCONTENTCONDITION) - start
146318 [main] DEBUG org.dbunit.util.SQLHelper  - close(resultSet=org.apache.commons.dbcp.DelegatingResultSet@760ae648) - start
146318 [main] DEBUG org.dbunit.util.SQLHelper  - close(resultSet=org.apache.commons.dbcp.DelegatingResultSet@28260725) - start
146319 [main] DEBUG org.dbunit.util.search.DepthFirstSearch  - reverseSearch:SCOPEDCONTENTCONDITIONATTRIBUTE
146319 [main] DEBUG org.dbunit.util.search.DepthFirstSearch  - already searched; returning true
146319 [main] DEBUG org.dbunit.util.search.DepthFirstSearch  - search:SCOPEDCONTENTCONDITIONATTRIBUTE
146319 [main] DEBUG org.dbunit.util.search.DepthFirstSearch  - already searched; returning true
146319 [main] DEBUG org.dbunit.util.search.DepthFirstSearch  - search:SCOPEDCONTENTCONDITION
146319 [main] DEBUG org.dbunit.util.search.DepthFirstSearch  - already searched; returning true
146319 [main] DEBUG org.dbunit.database.DatabaseSequenceFilter  - getDependencyInfo(connection=_databaseConfig=org.dbunit.database.DatabaseConfig[, _propertyMap={http://www.dbunit.org/properties/statementFactory=org.dbunit.database.statement.PreparedStatementFactory@626bc2b8, http://www.dbunit.org/features/caseSensitiveTableNames=false, http://www.dbunit.org/properties/fetchSize=100, http://www.dbunit.org/features/batchedStatements=false, http://www.dbunit.org/properties/metadataHandler=org.dbunit.database.DefaultMetadataHandler@3bbfdfde, http://www.dbunit.org/properties/datatypeFactory=org.dbunit.dataset.datatype.DefaultDataTypeFactory[_toleratedDeltaMap=org.dbunit.dataset.datatype.ToleratedDeltaMap@6452310a], http://www.dbunit.org/properties/escapePattern=null, http://www.dbunit.org/properties/batchSize=100, http://www.dbunit.org/features/qualifiedTableNames=false, http://www.dbunit.org/properties/tableType=[Ljava.lang.String;@5011bafa, http://www.dbunit.org/properties/resultSetTableFactory=org.dbunit.database.CachedResultSetTableFactory@10bcf083, http://www.dbunit.org/features/datatypeWarning=true}], _dataSet=AbstractDataSet[_orderedTableNameMap=null], tableName=SCOPEDCONTENTCONDITIONS_SCOPEDCONTENT) - start
146319 [main] DEBUG org.dbunit.database.search.TablesDependencyHelper  - getDependentTables(connection=_databaseConfig=org.dbunit.database.DatabaseConfig[, _propertyMap={http://www.dbunit.org/properties/statementFactory=org.dbunit.database.statement.PreparedStatementFactory@626bc2b8, http://www.dbunit.org/features/caseSensitiveTableNames=false, http://www.dbunit.org/properties/fetchSize=100, http://www.dbunit.org/features/batchedStatements=false, http://www.dbunit.org/properties/metadataHandler=org.dbunit.database.DefaultMetadataHandler@3bbfdfde, http://www.dbunit.org/properties/datatypeFactory=org.dbunit.dataset.datatype.DefaultDataTypeFactory[_toleratedDeltaMap=org.dbunit.dataset.datatype.ToleratedDeltaMap@6452310a], http://www.dbunit.org/properties/escapePattern=null, http://www.dbunit.org/properties/batchSize=100, http://www.dbunit.org/features/qualifiedTableNames=false, http://www.dbunit.org/properties/tableType=[Ljava.lang.String;@5011bafa, http://www.dbunit.org/properties/resultSetTableFactory=org.dbunit.database.CachedResultSetTableFactory@10bcf083, http://www.dbunit.org/features/datatypeWarning=true}], _dataSet=AbstractDataSet[_orderedTableNameMap=null], rootTable=SCOPEDCONTENTCONDITIONS_SCOPEDCONTENT) - start
146319 [main] DEBUG org.dbunit.database.search.TablesDependencyHelper  - getDependentTables(connection=_databaseConfig=org.dbunit.database.DatabaseConfig[, _propertyMap={http://www.dbunit.org/properties/statementFactory=org.dbunit.database.statement.PreparedStatementFactory@626bc2b8, http://www.dbunit.org/features/caseSensitiveTableNames=false, http://www.dbunit.org/properties/fetchSize=100, http://www.dbunit.org/features/batchedStatements=false, http://www.dbunit.org/properties/metadataHandler=org.dbunit.database.DefaultMetadataHandler@3bbfdfde, http://www.dbunit.org/properties/datatypeFactory=org.dbunit.dataset.datatype.DefaultDataTypeFactory[_toleratedDeltaMap=org.dbunit.dataset.datatype.ToleratedDeltaMap@6452310a], http://www.dbunit.org/properties/escapePattern=null, http://www.dbunit.org/properties/batchSize=100, http://www.dbunit.org/features/qualifiedTableNames=false, http://www.dbunit.org/properties/tableType=[Ljava.lang.String;@5011bafa, http://www.dbunit.org/properties/resultSetTableFactory=org.dbunit.database.CachedResultSetTableFactory@10bcf083, http://www.dbunit.org/features/datatypeWarning=true}], _dataSet=AbstractDataSet[_orderedTableNameMap=null], rootTables=[SCOPEDCONTENTCONDITIONS_SCOPEDCONTENT]) - start
146320 [main] DEBUG org.dbunit.util.search.DepthFirstSearch  - search(nodesFrom=[SCOPEDCONTENTCONDITIONS_SCOPEDCONTENT], callback=org.dbunit.database.search.ImportedKeysSearchCallback@37a10eca) - start
146320 [main] DEBUG org.dbunit.util.CollectionsHelper  - objectsToSet(objects=SCOPEDCONTENTCONDITIONS_SCOPEDCONTENT) - start
146320 [main] DEBUG org.dbunit.util.search.DepthFirstSearch  - search(nodesFrom=[SCOPEDCONTENTCONDITIONS_SCOPEDCONTENT], callback=org.dbunit.database.search.ImportedKeysSearchCallback@37a10eca) - start
146320 [main] DEBUG org.dbunit.util.search.DepthFirstSearch  - reverseSearch:SCOPEDCONTENTCONDITIONS_SCOPEDCONTENT
146320 [main] DEBUG org.dbunit.database.search.ImportedKeysSearchCallback  - searchNode(node=SCOPEDCONTENTCONDITIONS_SCOPEDCONTENT) - start
146320 [main] DEBUG org.dbunit.util.search.DepthFirstSearch  - Pushing (reverse) SCOPEDCONTENTCONDITIONS_SCOPEDCONTENT
146320 [main] DEBUG org.dbunit.database.search.ImportedKeysSearchCallback  - getEdges(node=SCOPEDCONTENTCONDITIONS_SCOPEDCONTENT) - start
146320 [main] DEBUG org.dbunit.database.search.AbstractMetaDataBasedSearchCallback  - getNodesFromImportedKeys(node=SCOPEDCONTENTCONDITIONS_SCOPEDCONTENT) - start
146320 [main] DEBUG org.dbunit.database.search.AbstractMetaDataBasedSearchCallback  - getNodes(type=0, node=SCOPEDCONTENTCONDITIONS_SCOPEDCONTENT) - start
146320 [main] DEBUG org.dbunit.database.DatabaseDataSourceConnection  - getConnection() - start
146320 [main] DEBUG org.dbunit.database.search.AbstractMetaDataBasedSearchCallback  - getNodes(type=0, node=SCOPEDCONTENTCONDITIONS_SCOPEDCONTENT, conn=Transaction-aware proxy for target Connection [jdbc:hsqldb:mem:kontrollDS, UserName=sw, HSQL Database Engine Driver], schema=null, metaData=org.apache.commons.dbcp.DelegatingDatabaseMetaData@2ed20c4e, edges=[]) - start
146320 [main] DEBUG org.dbunit.database.search.AbstractMetaDataBasedSearchCallback  - Getting edges for node SCOPEDCONTENTCONDITIONS_SCOPEDCONTENT
146320 [main] TRACE org.dbunit.database.DatabaseConfig  - getProperty(name=http://www.dbunit.org/properties/metadataHandler) - start
146320 [main] TRACE org.dbunit.database.DefaultMetadataHandler  - tableExists(metaData=org.apache.commons.dbcp.DelegatingDatabaseMetaData@2ed20c4e, schemaName=null, tableName=SCOPEDCONTENTCONDITIONS_SCOPEDCONTENT) - start
146322 [main] DEBUG org.dbunit.util.SQLHelper  - close(resultSet=org.apache.commons.dbcp.DelegatingResultSet@59e3dfb3) - start
146322 [main] DEBUG org.dbunit.util.QualifiedTableName  - getQualifiedNameIfEnabled(config=org.dbunit.database.DatabaseConfig[, _propertyMap={http://www.dbunit.org/properties/statementFactory=org.dbunit.database.statement.PreparedStatementFactory@626bc2b8, http://www.dbunit.org/features/caseSensitiveTableNames=false, http://www.dbunit.org/properties/fetchSize=100, http://www.dbunit.org/features/batchedStatements=false, http://www.dbunit.org/properties/metadataHandler=org.dbunit.database.DefaultMetadataHandler@3bbfdfde, http://www.dbunit.org/properties/datatypeFactory=org.dbunit.dataset.datatype.DefaultDataTypeFactory[_toleratedDeltaMap=org.dbunit.dataset.datatype.ToleratedDeltaMap@6452310a], http://www.dbunit.org/properties/escapePattern=null, http://www.dbunit.org/properties/batchSize=100, http://www.dbunit.org/features/qualifiedTableNames=false, http://www.dbunit.org/properties/tableType=[Ljava.lang.String;@5011bafa, http://www.dbunit.org/properties/resultSetTableFactory=org.dbunit.database.CachedResultSetTableFactory@10bcf083, http://www.dbunit.org/features/datatypeWarning=true}]) - start
146322 [main] TRACE org.dbunit.database.DatabaseConfig  - getFeature(name=http://www.dbunit.org/features/qualifiedTableNames) - start
146322 [main] TRACE org.dbunit.database.DatabaseConfig  - getProperty(name=http://www.dbunit.org/features/qualifiedTableNames) - start
146322 [main] DEBUG org.dbunit.util.QualifiedTableName  - Qualified table names feature is disabled. Returning plain table name
146322 [main] DEBUG org.dbunit.util.QualifiedTableName  - getQualifiedName(prefix=null, name=SCOPEDCONTENTCONDITIONS_SCOPEDCONTENT, escapePattern=null) - start
146322 [main] DEBUG org.dbunit.util.QualifiedTableName  - getQualifiedNameIfEnabled(config=org.dbunit.database.DatabaseConfig[, _propertyMap={http://www.dbunit.org/properties/statementFactory=org.dbunit.database.statement.PreparedStatementFactory@626bc2b8, http://www.dbunit.org/features/caseSensitiveTableNames=false, http://www.dbunit.org/properties/fetchSize=100, http://www.dbunit.org/features/batchedStatements=false, http://www.dbunit.org/properties/metadataHandler=org.dbunit.database.DefaultMetadataHandler@3bbfdfde, http://www.dbunit.org/properties/datatypeFactory=org.dbunit.dataset.datatype.DefaultDataTypeFactory[_toleratedDeltaMap=org.dbunit.dataset.datatype.ToleratedDeltaMap@6452310a], http://www.dbunit.org/properties/escapePattern=null, http://www.dbunit.org/properties/batchSize=100, http://www.dbunit.org/features/qualifiedTableNames=false, http://www.dbunit.org/properties/tableType=[Ljava.lang.String;@5011bafa, http://www.dbunit.org/properties/resultSetTableFactory=org.dbunit.database.CachedResultSetTableFactory@10bcf083, http://www.dbunit.org/features/datatypeWarning=true}]) - start
146323 [main] TRACE org.dbunit.database.DatabaseConfig  - getFeature(name=http://www.dbunit.org/features/qualifiedTableNames) - start
146323 [main] TRACE org.dbunit.database.DatabaseConfig  - getProperty(name=http://www.dbunit.org/features/qualifiedTableNames) - start
146323 [main] DEBUG org.dbunit.util.QualifiedTableName  - Qualified table names feature is disabled. Returning plain table name
146323 [main] DEBUG org.dbunit.util.QualifiedTableName  - getQualifiedName(prefix=null, name=SCOPEDCONTENT, escapePattern=null) - start
146323 [main] DEBUG org.dbunit.database.search.AbstractMetaDataBasedSearchCallback  - newEdge(rs=org.apache.commons.dbcp.DelegatingResultSet@7ba913d7, type=0, from=SCOPEDCONTENTCONDITIONS_SCOPEDCONTENT, to=SCOPEDCONTENT, fkColumn=SCOPED_CONTENT_ID, pkColumn=ID) - start
146323 [main] DEBUG org.dbunit.database.search.AbstractMetaDataBasedSearchCallback  - createFKEdge(rs=org.apache.commons.dbcp.DelegatingResultSet@7ba913d7, type=0, from=SCOPEDCONTENTCONDITIONS_SCOPEDCONTENT, to=SCOPEDCONTENT, fkColumn=SCOPED_CONTENT_ID, pkColumn=ID) - start
146323 [main] DEBUG org.dbunit.database.search.AbstractMetaDataBasedSearchCallback  - Adding edge SCOPEDCONTENTCONDITIONS_SCOPEDCONTENT(SCOPED_CONTENT_ID)->SCOPEDCONTENT(ID)
146323 [main] DEBUG org.dbunit.util.search.Edge  - compareTo(o=SCOPEDCONTENTCONDITIONS_SCOPEDCONTENT(SCOPED_CONTENT_ID)->SCOPEDCONTENT(ID)) - start
146323 [main] DEBUG org.dbunit.util.QualifiedTableName  - getQualifiedNameIfEnabled(config=org.dbunit.database.DatabaseConfig[, _propertyMap={http://www.dbunit.org/properties/statementFactory=org.dbunit.database.statement.PreparedStatementFactory@626bc2b8, http://www.dbunit.org/features/caseSensitiveTableNames=false, http://www.dbunit.org/properties/fetchSize=100, http://www.dbunit.org/features/batchedStatements=false, http://www.dbunit.org/properties/metadataHandler=org.dbunit.database.DefaultMetadataHandler@3bbfdfde, http://www.dbunit.org/properties/datatypeFactory=org.dbunit.dataset.datatype.DefaultDataTypeFactory[_toleratedDeltaMap=org.dbunit.dataset.datatype.ToleratedDeltaMap@6452310a], http://www.dbunit.org/properties/escapePattern=null, http://www.dbunit.org/properties/batchSize=100, http://www.dbunit.org/features/qualifiedTableNames=false, http://www.dbunit.org/properties/tableType=[Ljava.lang.String;@5011bafa, http://www.dbunit.org/properties/resultSetTableFactory=org.dbunit.database.CachedResultSetTableFactory@10bcf083, http://www.dbunit.org/features/datatypeWarning=true}]) - start
146323 [main] TRACE org.dbunit.database.DatabaseConfig  - getFeature(name=http://www.dbunit.org/features/qualifiedTableNames) - start
146323 [main] TRACE org.dbunit.database.DatabaseConfig  - getProperty(name=http://www.dbunit.org/features/qualifiedTableNames) - start
146323 [main] DEBUG org.dbunit.util.QualifiedTableName  - Qualified table names feature is disabled. Returning plain table name
146323 [main] DEBUG org.dbunit.util.QualifiedTableName  - getQualifiedName(prefix=null, name=SCOPEDCONTENTCONDITIONS_SCOPEDCONTENT, escapePattern=null) - start
146323 [main] DEBUG org.dbunit.util.QualifiedTableName  - getQualifiedNameIfEnabled(config=org.dbunit.database.DatabaseConfig[, _propertyMap={http://www.dbunit.org/properties/statementFactory=org.dbunit.database.statement.PreparedStatementFactory@626bc2b8, http://www.dbunit.org/features/caseSensitiveTableNames=false, http://www.dbunit.org/properties/fetchSize=100, http://www.dbunit.org/features/batchedStatements=false, http://www.dbunit.org/properties/metadataHandler=org.dbunit.database.DefaultMetadataHandler@3bbfdfde, http://www.dbunit.org/properties/datatypeFactory=org.dbunit.dataset.datatype.DefaultDataTypeFactory[_toleratedDeltaMap=org.dbunit.dataset.datatype.ToleratedDeltaMap@6452310a], http://www.dbunit.org/properties/escapePattern=null, http://www.dbunit.org/properties/batchSize=100, http://www.dbunit.org/features/qualifiedTableNames=false, http://www.dbunit.org/properties/tableType=[Ljava.lang.String;@5011bafa, http://www.dbunit.org/properties/resultSetTableFactory=org.dbunit.database.CachedResultSetTableFactory@10bcf083, http://www.dbunit.org/features/datatypeWarning=true}]) - start
146325 [main] TRACE org.dbunit.database.DatabaseConfig  - getFeature(name=http://www.dbunit.org/features/qualifiedTableNames) - start
146325 [main] TRACE org.dbunit.database.DatabaseConfig  - getProperty(name=http://www.dbunit.org/features/qualifiedTableNames) - start
146326 [main] DEBUG org.dbunit.util.QualifiedTableName  - Qualified table names feature is disabled. Returning plain table name
146326 [main] DEBUG org.dbunit.util.QualifiedTableName  - getQualifiedName(prefix=null, name=SCOPEDCONTENTCONDITION, escapePattern=null) - start
146326 [main] DEBUG org.dbunit.database.search.AbstractMetaDataBasedSearchCallback  - newEdge(rs=org.apache.commons.dbcp.DelegatingResultSet@7ba913d7, type=0, from=SCOPEDCONTENTCONDITIONS_SCOPEDCONTENT, to=SCOPEDCONTENTCONDITION, fkColumn=SCOPED_CONTENT_CONDITION_ID, pkColumn=ID) - start
146326 [main] DEBUG org.dbunit.database.search.AbstractMetaDataBasedSearchCallback  - createFKEdge(rs=org.apache.commons.dbcp.DelegatingResultSet@7ba913d7, type=0, from=SCOPEDCONTENTCONDITIONS_SCOPEDCONTENT, to=SCOPEDCONTENTCONDITION, fkColumn=SCOPED_CONTENT_CONDITION_ID, pkColumn=ID) - start
146326 [main] DEBUG org.dbunit.database.search.AbstractMetaDataBasedSearchCallback  - Adding edge SCOPEDCONTENTCONDITIONS_SCOPEDCONTENT(SCOPED_CONTENT_CONDITION_ID)->SCOPEDCONTENTCONDITION(ID)
146326 [main] DEBUG org.dbunit.util.search.Edge  - compareTo(o=SCOPEDCONTENTCONDITIONS_SCOPEDCONTENT(SCOPED_CONTENT_ID)->SCOPEDCONTENT(ID)) - start
146326 [main] DEBUG org.dbunit.util.SQLHelper  - close(resultSet=org.apache.commons.dbcp.DelegatingResultSet@7ba913d7) - start
146326 [main] DEBUG org.dbunit.util.search.DepthFirstSearch  - search:SCOPEDCONTENTCONDITIONS_SCOPEDCONTENT
146326 [main] DEBUG org.dbunit.database.search.ImportedKeysSearchCallback  - searchNode(node=SCOPEDCONTENTCONDITIONS_SCOPEDCONTENT) - start
146326 [main] DEBUG org.dbunit.util.search.DepthFirstSearch  - Pushing SCOPEDCONTENTCONDITIONS_SCOPEDCONTENT
146326 [main] DEBUG org.dbunit.database.search.ImportedKeysSearchCallback  - getEdges(node=SCOPEDCONTENTCONDITIONS_SCOPEDCONTENT) - start
146326 [main] DEBUG org.dbunit.database.search.AbstractMetaDataBasedSearchCallback  - getNodesFromImportedKeys(node=SCOPEDCONTENTCONDITIONS_SCOPEDCONTENT) - start
146326 [main] DEBUG org.dbunit.database.search.AbstractMetaDataBasedSearchCallback  - getNodes(type=0, node=SCOPEDCONTENTCONDITIONS_SCOPEDCONTENT) - start
146326 [main] DEBUG org.dbunit.database.DatabaseDataSourceConnection  - getConnection() - start
146326 [main] DEBUG org.dbunit.database.search.AbstractMetaDataBasedSearchCallback  - getNodes(type=0, node=SCOPEDCONTENTCONDITIONS_SCOPEDCONTENT, conn=Transaction-aware proxy for target Connection [jdbc:hsqldb:mem:kontrollDS, UserName=sw, HSQL Database Engine Driver], schema=null, metaData=org.apache.commons.dbcp.DelegatingDatabaseMetaData@1955c7ae, edges=[]) - start
146326 [main] DEBUG org.dbunit.database.search.AbstractMetaDataBasedSearchCallback  - Getting edges for node SCOPEDCONTENTCONDITIONS_SCOPEDCONTENT
146326 [main] TRACE org.dbunit.database.DatabaseConfig  - getProperty(name=http://www.dbunit.org/properties/metadataHandler) - start
146326 [main] TRACE org.dbunit.database.DefaultMetadataHandler  - tableExists(metaData=org.apache.commons.dbcp.DelegatingDatabaseMetaData@1955c7ae, schemaName=null, tableName=SCOPEDCONTENTCONDITIONS_SCOPEDCONTENT) - start
146327 [main] DEBUG org.dbunit.util.SQLHelper  - close(resultSet=org.apache.commons.dbcp.DelegatingResultSet@17c786d8) - start
146327 [main] DEBUG org.dbunit.util.QualifiedTableName  - getQualifiedNameIfEnabled(config=org.dbunit.database.DatabaseConfig[, _propertyMap={http://www.dbunit.org/properties/statementFactory=org.dbunit.database.statement.PreparedStatementFactory@626bc2b8, http://www.dbunit.org/features/caseSensitiveTableNames=false, http://www.dbunit.org/properties/fetchSize=100, http://www.dbunit.org/features/batchedStatements=false, http://www.dbunit.org/properties/metadataHandler=org.dbunit.database.DefaultMetadataHandler@3bbfdfde, http://www.dbunit.org/properties/datatypeFactory=org.dbunit.dataset.datatype.DefaultDataTypeFactory[_toleratedDeltaMap=org.dbunit.dataset.datatype.ToleratedDeltaMap@6452310a], http://www.dbunit.org/properties/escapePattern=null, http://www.dbunit.org/properties/batchSize=100, http://www.dbunit.org/features/qualifiedTableNames=false, http://www.dbunit.org/properties/tableType=[Ljava.lang.String;@5011bafa, http://www.dbunit.org/properties/resultSetTableFactory=org.dbunit.database.CachedResultSetTableFactory@10bcf083, http://www.dbunit.org/features/datatypeWarning=true}]) - start
146328 [main] TRACE org.dbunit.database.DatabaseConfig  - getFeature(name=http://www.dbunit.org/features/qualifiedTableNames) - start
146328 [main] TRACE org.dbunit.database.DatabaseConfig  - getProperty(name=http://www.dbunit.org/features/qualifiedTableNames) - start
146328 [main] DEBUG org.dbunit.util.QualifiedTableName  - Qualified table names feature is disabled. Returning plain table name
146328 [main] DEBUG org.dbunit.util.QualifiedTableName  - getQualifiedName(prefix=null, name=SCOPEDCONTENTCONDITIONS_SCOPEDCONTENT, escapePattern=null) - start
146328 [main] DEBUG org.dbunit.util.QualifiedTableName  - getQualifiedNameIfEnabled(config=org.dbunit.database.DatabaseConfig[, _propertyMap={http://www.dbunit.org/properties/statementFactory=org.dbunit.database.statement.PreparedStatementFactory@626bc2b8, http://www.dbunit.org/features/caseSensitiveTableNames=false, http://www.dbunit.org/properties/fetchSize=100, http://www.dbunit.org/features/batchedStatements=false, http://www.dbunit.org/properties/metadataHandler=org.dbunit.database.DefaultMetadataHandler@3bbfdfde, http://www.dbunit.org/properties/datatypeFactory=org.dbunit.dataset.datatype.DefaultDataTypeFactory[_toleratedDeltaMap=org.dbunit.dataset.datatype.ToleratedDeltaMap@6452310a], http://www.dbunit.org/properties/escapePattern=null, http://www.dbunit.org/properties/batchSize=100, http://www.dbunit.org/features/qualifiedTableNames=false, http://www.dbunit.org/properties/tableType=[Ljava.lang.String;@5011bafa, http://www.dbunit.org/properties/resultSetTableFactory=org.dbunit.database.CachedResultSetTableFactory@10bcf083, http://www.dbunit.org/features/datatypeWarning=true}]) - start
146328 [main] TRACE org.dbunit.database.DatabaseConfig  - getFeature(name=http://www.dbunit.org/features/qualifiedTableNames) - start
146328 [main] TRACE org.dbunit.database.DatabaseConfig  - getProperty(name=http://www.dbunit.org/features/qualifiedTableNames) - start
146328 [main] DEBUG org.dbunit.util.QualifiedTableName  - Qualified table names feature is disabled. Returning plain table name
146328 [main] DEBUG org.dbunit.util.QualifiedTableName  - getQualifiedName(prefix=null, name=SCOPEDCONTENT, escapePattern=null) - start
146329 [main] DEBUG org.dbunit.database.search.AbstractMetaDataBasedSearchCallback  - newEdge(rs=org.apache.commons.dbcp.DelegatingResultSet@53139ebb, type=0, from=SCOPEDCONTENTCONDITIONS_SCOPEDCONTENT, to=SCOPEDCONTENT, fkColumn=SCOPED_CONTENT_ID, pkColumn=ID) - start
146329 [main] DEBUG org.dbunit.database.search.AbstractMetaDataBasedSearchCallback  - createFKEdge(rs=org.apache.commons.dbcp.DelegatingResultSet@53139ebb, type=0, from=SCOPEDCONTENTCONDITIONS_SCOPEDCONTENT, to=SCOPEDCONTENT, fkColumn=SCOPED_CONTENT_ID, pkColumn=ID) - start
146329 [main] DEBUG org.dbunit.database.search.AbstractMetaDataBasedSearchCallback  - Adding edge SCOPEDCONTENTCONDITIONS_SCOPEDCONTENT(SCOPED_CONTENT_ID)->SCOPEDCONTENT(ID)
146329 [main] DEBUG org.dbunit.util.search.Edge  - compareTo(o=SCOPEDCONTENTCONDITIONS_SCOPEDCONTENT(SCOPED_CONTENT_ID)->SCOPEDCONTENT(ID)) - start
146329 [main] DEBUG org.dbunit.util.QualifiedTableName  - getQualifiedNameIfEnabled(config=org.dbunit.database.DatabaseConfig[, _propertyMap={http://www.dbunit.org/properties/statementFactory=org.dbunit.database.statement.PreparedStatementFactory@626bc2b8, http://www.dbunit.org/features/caseSensitiveTableNames=false, http://www.dbunit.org/properties/fetchSize=100, http://www.dbunit.org/features/batchedStatements=false, http://www.dbunit.org/properties/metadataHandler=org.dbunit.database.DefaultMetadataHandler@3bbfdfde, http://www.dbunit.org/properties/datatypeFactory=org.dbunit.dataset.datatype.DefaultDataTypeFactory[_toleratedDeltaMap=org.dbunit.dataset.datatype.ToleratedDeltaMap@6452310a], http://www.dbunit.org/properties/escapePattern=null, http://www.dbunit.org/properties/batchSize=100, http://www.dbunit.org/features/qualifiedTableNames=false, http://www.dbunit.org/properties/tableType=[Ljava.lang.String;@5011bafa, http://www.dbunit.org/properties/resultSetTableFactory=org.dbunit.database.CachedResultSetTableFactory@10bcf083, http://www.dbunit.org/features/datatypeWarning=true}]) - start
146329 [main] TRACE org.dbunit.database.DatabaseConfig  - getFeature(name=http://www.dbunit.org/features/qualifiedTableNames) - start
146329 [main] TRACE org.dbunit.database.DatabaseConfig  - getProperty(name=http://www.dbunit.org/features/qualifiedTableNames) - start
146329 [main] DEBUG org.dbunit.util.QualifiedTableName  - Qualified table names feature is disabled. Returning plain table name
146329 [main] DEBUG org.dbunit.util.QualifiedTableName  - getQualifiedName(prefix=null, name=SCOPEDCONTENTCONDITIONS_SCOPEDCONTENT, escapePattern=null) - start
146329 [main] DEBUG org.dbunit.util.QualifiedTableName  - getQualifiedNameIfEnabled(config=org.dbunit.database.DatabaseConfig[, _propertyMap={http://www.dbunit.org/properties/statementFactory=org.dbunit.database.statement.PreparedStatementFactory@626bc2b8, http://www.dbunit.org/features/caseSensitiveTableNames=false, http://www.dbunit.org/properties/fetchSize=100, http://www.dbunit.org/features/batchedStatements=false, http://www.dbunit.org/properties/metadataHandler=org.dbunit.database.DefaultMetadataHandler@3bbfdfde, http://www.dbunit.org/properties/datatypeFactory=org.dbunit.dataset.datatype.DefaultDataTypeFactory[_toleratedDeltaMap=org.dbunit.dataset.datatype.ToleratedDeltaMap@6452310a], http://www.dbunit.org/properties/escapePattern=null, http://www.dbunit.org/properties/batchSize=100, http://www.dbunit.org/features/qualifiedTableNames=false, http://www.dbunit.org/properties/tableType=[Ljava.lang.String;@5011bafa, http://www.dbunit.org/properties/resultSetTableFactory=org.dbunit.database.CachedResultSetTableFactory@10bcf083, http://www.dbunit.org/features/datatypeWarning=true}]) - start
146329 [main] TRACE org.dbunit.database.DatabaseConfig  - getFeature(name=http://www.dbunit.org/features/qualifiedTableNames) - start
146329 [main] TRACE org.dbunit.database.DatabaseConfig  - getProperty(name=http://www.dbunit.org/features/qualifiedTableNames) - start
146329 [main] DEBUG org.dbunit.util.QualifiedTableName  - Qualified table names feature is disabled. Returning plain table name
146329 [main] DEBUG org.dbunit.util.QualifiedTableName  - getQualifiedName(prefix=null, name=SCOPEDCONTENTCONDITION, escapePattern=null) - start
146329 [main] DEBUG org.dbunit.database.search.AbstractMetaDataBasedSearchCallback  - newEdge(rs=org.apache.commons.dbcp.DelegatingResultSet@53139ebb, type=0, from=SCOPEDCONTENTCONDITIONS_SCOPEDCONTENT, to=SCOPEDCONTENTCONDITION, fkColumn=SCOPED_CONTENT_CONDITION_ID, pkColumn=ID) - start
146329 [main] DEBUG org.dbunit.database.search.AbstractMetaDataBasedSearchCallback  - createFKEdge(rs=org.apache.commons.dbcp.DelegatingResultSet@53139ebb, type=0, from=SCOPEDCONTENTCONDITIONS_SCOPEDCONTENT, to=SCOPEDCONTENTCONDITION, fkColumn=SCOPED_CONTENT_CONDITION_ID, pkColumn=ID) - start
146329 [main] DEBUG org.dbunit.database.search.AbstractMetaDataBasedSearchCallback  - Adding edge SCOPEDCONTENTCONDITIONS_SCOPEDCONTENT(SCOPED_CONTENT_CONDITION_ID)->SCOPEDCONTENTCONDITION(ID)
146329 [main] DEBUG org.dbunit.util.search.Edge  - compareTo(o=SCOPEDCONTENTCONDITIONS_SCOPEDCONTENT(SCOPED_CONTENT_ID)->SCOPEDCONTENT(ID)) - start
146329 [main] DEBUG org.dbunit.util.SQLHelper  - close(resultSet=org.apache.commons.dbcp.DelegatingResultSet@53139ebb) - start
146329 [main] DEBUG org.dbunit.util.search.DepthFirstSearch  - search:SCOPEDCONTENT
146329 [main] DEBUG org.dbunit.database.search.ImportedKeysSearchCallback  - searchNode(node=SCOPEDCONTENT) - start
146329 [main] DEBUG org.dbunit.util.search.DepthFirstSearch  - Pushing SCOPEDCONTENT
146329 [main] DEBUG org.dbunit.database.search.ImportedKeysSearchCallback  - getEdges(node=SCOPEDCONTENT) - start
146329 [main] DEBUG org.dbunit.database.search.AbstractMetaDataBasedSearchCallback  - getNodesFromImportedKeys(node=SCOPEDCONTENT) - start
146330 [main] DEBUG org.dbunit.database.search.AbstractMetaDataBasedSearchCallback  - getNodes(type=0, node=SCOPEDCONTENT) - start
146330 [main] DEBUG org.dbunit.database.DatabaseDataSourceConnection  - getConnection() - start
146330 [main] DEBUG org.dbunit.database.search.AbstractMetaDataBasedSearchCallback  - getNodes(type=0, node=SCOPEDCONTENT, conn=Transaction-aware proxy for target Connection [jdbc:hsqldb:mem:kontrollDS, UserName=sw, HSQL Database Engine Driver], schema=null, metaData=org.apache.commons.dbcp.DelegatingDatabaseMetaData@2d1a3199, edges=[]) - start
146330 [main] DEBUG org.dbunit.database.search.AbstractMetaDataBasedSearchCallback  - Getting edges for node SCOPEDCONTENT
146330 [main] TRACE org.dbunit.database.DatabaseConfig  - getProperty(name=http://www.dbunit.org/properties/metadataHandler) - start
146330 [main] TRACE org.dbunit.database.DefaultMetadataHandler  - tableExists(metaData=org.apache.commons.dbcp.DelegatingDatabaseMetaData@2d1a3199, schemaName=null, tableName=SCOPEDCONTENT) - start
146331 [main] DEBUG org.dbunit.util.SQLHelper  - close(resultSet=org.apache.commons.dbcp.DelegatingResultSet@70ba1dcb) - start
146331 [main] DEBUG org.dbunit.util.QualifiedTableName  - getQualifiedNameIfEnabled(config=org.dbunit.database.DatabaseConfig[, _propertyMap={http://www.dbunit.org/properties/statementFactory=org.dbunit.database.statement.PreparedStatementFactory@626bc2b8, http://www.dbunit.org/features/caseSensitiveTableNames=false, http://www.dbunit.org/properties/fetchSize=100, http://www.dbunit.org/features/batchedStatements=false, http://www.dbunit.org/properties/metadataHandler=org.dbunit.database.DefaultMetadataHandler@3bbfdfde, http://www.dbunit.org/properties/datatypeFactory=org.dbunit.dataset.datatype.DefaultDataTypeFactory[_toleratedDeltaMap=org.dbunit.dataset.datatype.ToleratedDeltaMap@6452310a], http://www.dbunit.org/properties/escapePattern=null, http://www.dbunit.org/properties/batchSize=100, http://www.dbunit.org/features/qualifiedTableNames=false, http://www.dbunit.org/properties/tableType=[Ljava.lang.String;@5011bafa, http://www.dbunit.org/properties/resultSetTableFactory=org.dbunit.database.CachedResultSetTableFactory@10bcf083, http://www.dbunit.org/features/datatypeWarning=true}]) - start
146331 [main] TRACE org.dbunit.database.DatabaseConfig  - getFeature(name=http://www.dbunit.org/features/qualifiedTableNames) - start
146331 [main] TRACE org.dbunit.database.DatabaseConfig  - getProperty(name=http://www.dbunit.org/features/qualifiedTableNames) - start
146331 [main] DEBUG org.dbunit.util.QualifiedTableName  - Qualified table names feature is disabled. Returning plain table name
146331 [main] DEBUG org.dbunit.util.QualifiedTableName  - getQualifiedName(prefix=null, name=SCOPEDCONTENT, escapePattern=null) - start
146331 [main] DEBUG org.dbunit.util.QualifiedTableName  - getQualifiedNameIfEnabled(config=org.dbunit.database.DatabaseConfig[, _propertyMap={http://www.dbunit.org/properties/statementFactory=org.dbunit.database.statement.PreparedStatementFactory@626bc2b8, http://www.dbunit.org/features/caseSensitiveTableNames=false, http://www.dbunit.org/properties/fetchSize=100, http://www.dbunit.org/features/batchedStatements=false, http://www.dbunit.org/properties/metadataHandler=org.dbunit.database.DefaultMetadataHandler@3bbfdfde, http://www.dbunit.org/properties/datatypeFactory=org.dbunit.dataset.datatype.DefaultDataTypeFactory[_toleratedDeltaMap=org.dbunit.dataset.datatype.ToleratedDeltaMap@6452310a], http://www.dbunit.org/properties/escapePattern=null, http://www.dbunit.org/properties/batchSize=100, http://www.dbunit.org/features/qualifiedTableNames=false, http://www.dbunit.org/properties/tableType=[Ljava.lang.String;@5011bafa, http://www.dbunit.org/properties/resultSetTableFactory=org.dbunit.database.CachedResultSetTableFactory@10bcf083, http://www.dbunit.org/features/datatypeWarning=true}]) - start
146334 [main] TRACE org.dbunit.database.DatabaseConfig  - getFeature(name=http://www.dbunit.org/features/qualifiedTableNames) - start
146334 [main] TRACE org.dbunit.database.DatabaseConfig  - getProperty(name=http://www.dbunit.org/features/qualifiedTableNames) - start
146334 [main] DEBUG org.dbunit.util.QualifiedTableName  - Qualified table names feature is disabled. Returning plain table name
146334 [main] DEBUG org.dbunit.util.QualifiedTableName  - getQualifiedName(prefix=null, name=SCOPE, escapePattern=null) - start
146334 [main] DEBUG org.dbunit.database.search.AbstractMetaDataBasedSearchCallback  - newEdge(rs=org.apache.commons.dbcp.DelegatingResultSet@707bf8e6, type=0, from=SCOPEDCONTENT, to=SCOPE, fkColumn=SCOPE, pkColumn=ID) - start
146334 [main] DEBUG org.dbunit.database.search.AbstractMetaDataBasedSearchCallback  - createFKEdge(rs=org.apache.commons.dbcp.DelegatingResultSet@707bf8e6, type=0, from=SCOPEDCONTENT, to=SCOPE, fkColumn=SCOPE, pkColumn=ID) - start
146334 [main] DEBUG org.dbunit.database.search.AbstractMetaDataBasedSearchCallback  - Adding edge SCOPEDCONTENT(SCOPE)->SCOPE(ID)
146334 [main] DEBUG org.dbunit.util.search.Edge  - compareTo(o=SCOPEDCONTENT(SCOPE)->SCOPE(ID)) - start
146334 [main] DEBUG org.dbunit.util.SQLHelper  - close(resultSet=org.apache.commons.dbcp.DelegatingResultSet@707bf8e6) - start
146334 [main] DEBUG org.dbunit.util.search.DepthFirstSearch  - search:SCOPE
146334 [main] DEBUG org.dbunit.database.search.ImportedKeysSearchCallback  - searchNode(node=SCOPE) - start
146334 [main] DEBUG org.dbunit.util.search.DepthFirstSearch  - Pushing SCOPE
146334 [main] DEBUG org.dbunit.database.search.ImportedKeysSearchCallback  - getEdges(node=SCOPE) - start
146334 [main] DEBUG org.dbunit.database.search.AbstractMetaDataBasedSearchCallback  - getNodesFromImportedKeys(node=SCOPE) - start
146334 [main] DEBUG org.dbunit.database.search.AbstractMetaDataBasedSearchCallback  - getNodes(type=0, node=SCOPE) - start
146334 [main] DEBUG org.dbunit.database.DatabaseDataSourceConnection  - getConnection() - start
146335 [main] DEBUG org.dbunit.database.search.AbstractMetaDataBasedSearchCallback  - getNodes(type=0, node=SCOPE, conn=Transaction-aware proxy for target Connection [jdbc:hsqldb:mem:kontrollDS, UserName=sw, HSQL Database Engine Driver], schema=null, metaData=org.apache.commons.dbcp.DelegatingDatabaseMetaData@5b11fdbb, edges=[]) - start
146335 [main] DEBUG org.dbunit.database.search.AbstractMetaDataBasedSearchCallback  - Getting edges for node SCOPE
146335 [main] TRACE org.dbunit.database.DatabaseConfig  - getProperty(name=http://www.dbunit.org/properties/metadataHandler) - start
146335 [main] TRACE org.dbunit.database.DefaultMetadataHandler  - tableExists(metaData=org.apache.commons.dbcp.DelegatingDatabaseMetaData@5b11fdbb, schemaName=null, tableName=SCOPE) - start
146336 [main] DEBUG org.dbunit.util.SQLHelper  - close(resultSet=org.apache.commons.dbcp.DelegatingResultSet@25b8e6c6) - start
146336 [main] DEBUG org.dbunit.util.SQLHelper  - close(resultSet=org.apache.commons.dbcp.DelegatingResultSet@35d45bbf) - start
146336 [main] DEBUG org.dbunit.util.search.DepthFirstSearch  - Adding node SCOPE to the final result
146336 [main] DEBUG org.dbunit.util.search.DepthFirstSearch  - Adding node SCOPEDCONTENT to the final result
146336 [main] DEBUG org.dbunit.util.search.DepthFirstSearch  - search:SCOPEDCONTENTCONDITION
146336 [main] DEBUG org.dbunit.database.search.ImportedKeysSearchCallback  - searchNode(node=SCOPEDCONTENTCONDITION) - start
146336 [main] DEBUG org.dbunit.util.search.DepthFirstSearch  - Pushing SCOPEDCONTENTCONDITION
146336 [main] DEBUG org.dbunit.database.search.ImportedKeysSearchCallback  - getEdges(node=SCOPEDCONTENTCONDITION) - start
146336 [main] DEBUG org.dbunit.database.search.AbstractMetaDataBasedSearchCallback  - getNodesFromImportedKeys(node=SCOPEDCONTENTCONDITION) - start
146336 [main] DEBUG org.dbunit.database.search.AbstractMetaDataBasedSearchCallback  - getNodes(type=0, node=SCOPEDCONTENTCONDITION) - start
146336 [main] DEBUG org.dbunit.database.DatabaseDataSourceConnection  - getConnection() - start
146336 [main] DEBUG org.dbunit.database.search.AbstractMetaDataBasedSearchCallback  - getNodes(type=0, node=SCOPEDCONTENTCONDITION, conn=Transaction-aware proxy for target Connection [jdbc:hsqldb:mem:kontrollDS, UserName=sw, HSQL Database Engine Driver], schema=null, metaData=org.apache.commons.dbcp.DelegatingDatabaseMetaData@8d37435, edges=[]) - start
146337 [main] DEBUG org.dbunit.database.search.AbstractMetaDataBasedSearchCallback  - Getting edges for node SCOPEDCONTENTCONDITION
146337 [main] TRACE org.dbunit.database.DatabaseConfig  - getProperty(name=http://www.dbunit.org/properties/metadataHandler) - start
146337 [main] TRACE org.dbunit.database.DefaultMetadataHandler  - tableExists(metaData=org.apache.commons.dbcp.DelegatingDatabaseMetaData@8d37435, schemaName=null, tableName=SCOPEDCONTENTCONDITION) - start
146338 [main] DEBUG org.dbunit.util.SQLHelper  - close(resultSet=org.apache.commons.dbcp.DelegatingResultSet@2cdb9c02) - start
146338 [main] DEBUG org.dbunit.util.SQLHelper  - close(resultSet=org.apache.commons.dbcp.DelegatingResultSet@ba8d933) - start
146338 [main] DEBUG org.dbunit.util.search.DepthFirstSearch  - Adding node SCOPEDCONTENTCONDITION to the final result
146338 [main] DEBUG org.dbunit.util.search.DepthFirstSearch  - Adding node SCOPEDCONTENTCONDITIONS_SCOPEDCONTENT to the final result
146338 [main] DEBUG org.dbunit.util.search.DepthFirstSearch  - reverseSearch:SCOPEDCONTENT
146338 [main] DEBUG org.dbunit.database.search.ImportedKeysSearchCallback  - searchNode(node=SCOPEDCONTENT) - start
146338 [main] DEBUG org.dbunit.util.search.DepthFirstSearch  - Pushing (reverse) SCOPEDCONTENT
146338 [main] DEBUG org.dbunit.database.search.ImportedKeysSearchCallback  - getEdges(node=SCOPEDCONTENT) - start
146338 [main] DEBUG org.dbunit.database.search.AbstractMetaDataBasedSearchCallback  - getNodesFromImportedKeys(node=SCOPEDCONTENT) - start
146338 [main] DEBUG org.dbunit.database.search.AbstractMetaDataBasedSearchCallback  - getNodes(type=0, node=SCOPEDCONTENT) - start
146338 [main] DEBUG org.dbunit.database.DatabaseDataSourceConnection  - getConnection() - start
146338 [main] DEBUG org.dbunit.database.search.AbstractMetaDataBasedSearchCallback  - getNodes(type=0, node=SCOPEDCONTENT, conn=Transaction-aware proxy for target Connection [jdbc:hsqldb:mem:kontrollDS, UserName=sw, HSQL Database Engine Driver], schema=null, metaData=org.apache.commons.dbcp.DelegatingDatabaseMetaData@7a4ba93f, edges=[]) - start
146338 [main] DEBUG org.dbunit.database.search.AbstractMetaDataBasedSearchCallback  - Getting edges for node SCOPEDCONTENT
146338 [main] TRACE org.dbunit.database.DatabaseConfig  - getProperty(name=http://www.dbunit.org/properties/metadataHandler) - start
146338 [main] TRACE org.dbunit.database.DefaultMetadataHandler  - tableExists(metaData=org.apache.commons.dbcp.DelegatingDatabaseMetaData@7a4ba93f, schemaName=null, tableName=SCOPEDCONTENT) - start
146339 [main] DEBUG org.dbunit.util.SQLHelper  - close(resultSet=org.apache.commons.dbcp.DelegatingResultSet@4052be46) - start
146340 [main] DEBUG org.dbunit.util.QualifiedTableName  - getQualifiedNameIfEnabled(config=org.dbunit.database.DatabaseConfig[, _propertyMap={http://www.dbunit.org/properties/statementFactory=org.dbunit.database.statement.PreparedStatementFactory@626bc2b8, http://www.dbunit.org/features/caseSensitiveTableNames=false, http://www.dbunit.org/properties/fetchSize=100, http://www.dbunit.org/features/batchedStatements=false, http://www.dbunit.org/properties/metadataHandler=org.dbunit.database.DefaultMetadataHandler@3bbfdfde, http://www.dbunit.org/properties/datatypeFactory=org.dbunit.dataset.datatype.DefaultDataTypeFactory[_toleratedDeltaMap=org.dbunit.dataset.datatype.ToleratedDeltaMap@6452310a], http://www.dbunit.org/properties/escapePattern=null, http://www.dbunit.org/properties/batchSize=100, http://www.dbunit.org/features/qualifiedTableNames=false, http://www.dbunit.org/properties/tableType=[Ljava.lang.String;@5011bafa, http://www.dbunit.org/properties/resultSetTableFactory=org.dbunit.database.CachedResultSetTableFactory@10bcf083, http://www.dbunit.org/features/datatypeWarning=true}]) - start
146340 [main] TRACE org.dbunit.database.DatabaseConfig  - getFeature(name=http://www.dbunit.org/features/qualifiedTableNames) - start
146340 [main] TRACE org.dbunit.database.DatabaseConfig  - getProperty(name=http://www.dbunit.org/features/qualifiedTableNames) - start
146340 [main] DEBUG org.dbunit.util.QualifiedTableName  - Qualified table names feature is disabled. Returning plain table name
146340 [main] DEBUG org.dbunit.util.QualifiedTableName  - getQualifiedName(prefix=null, name=SCOPEDCONTENT, escapePattern=null) - start
146340 [main] DEBUG org.dbunit.util.QualifiedTableName  - getQualifiedNameIfEnabled(config=org.dbunit.database.DatabaseConfig[, _propertyMap={http://www.dbunit.org/properties/statementFactory=org.dbunit.database.statement.PreparedStatementFactory@626bc2b8, http://www.dbunit.org/features/caseSensitiveTableNames=false, http://www.dbunit.org/properties/fetchSize=100, http://www.dbunit.org/features/batchedStatements=false, http://www.dbunit.org/properties/metadataHandler=org.dbunit.database.DefaultMetadataHandler@3bbfdfde, http://www.dbunit.org/properties/datatypeFactory=org.dbunit.dataset.datatype.DefaultDataTypeFactory[_toleratedDeltaMap=org.dbunit.dataset.datatype.ToleratedDeltaMap@6452310a], http://www.dbunit.org/properties/escapePattern=null, http://www.dbunit.org/properties/batchSize=100, http://www.dbunit.org/features/qualifiedTableNames=false, http://www.dbunit.org/properties/tableType=[Ljava.lang.String;@5011bafa, http://www.dbunit.org/properties/resultSetTableFactory=org.dbunit.database.CachedResultSetTableFactory@10bcf083, http://www.dbunit.org/features/datatypeWarning=true}]) - start
146340 [main] TRACE org.dbunit.database.DatabaseConfig  - getFeature(name=http://www.dbunit.org/features/qualifiedTableNames) - start
146340 [main] TRACE org.dbunit.database.DatabaseConfig  - getProperty(name=http://www.dbunit.org/features/qualifiedTableNames) - start
146340 [main] DEBUG org.dbunit.util.QualifiedTableName  - Qualified table names feature is disabled. Returning plain table name
146340 [main] DEBUG org.dbunit.util.QualifiedTableName  - getQualifiedName(prefix=null, name=SCOPE, escapePattern=null) - start
146340 [main] DEBUG org.dbunit.database.search.AbstractMetaDataBasedSearchCallback  - newEdge(rs=org.apache.commons.dbcp.DelegatingResultSet@43fafba3, type=0, from=SCOPEDCONTENT, to=SCOPE, fkColumn=SCOPE, pkColumn=ID) - start
146340 [main] DEBUG org.dbunit.database.search.AbstractMetaDataBasedSearchCallback  - createFKEdge(rs=org.apache.commons.dbcp.DelegatingResultSet@43fafba3, type=0, from=SCOPEDCONTENT, to=SCOPE, fkColumn=SCOPE, pkColumn=ID) - start
146340 [main] DEBUG org.dbunit.database.search.AbstractMetaDataBasedSearchCallback  - Adding edge SCOPEDCONTENT(SCOPE)->SCOPE(ID)
146340 [main] DEBUG org.dbunit.util.search.Edge  - compareTo(o=SCOPEDCONTENT(SCOPE)->SCOPE(ID)) - start
146340 [main] DEBUG org.dbunit.util.SQLHelper  - close(resultSet=org.apache.commons.dbcp.DelegatingResultSet@43fafba3) - start
146340 [main] DEBUG org.dbunit.util.search.DepthFirstSearch  - reverseSearch:SCOPE
146340 [main] DEBUG org.dbunit.database.search.ImportedKeysSearchCallback  - searchNode(node=SCOPE) - start
146340 [main] DEBUG org.dbunit.util.search.DepthFirstSearch  - Pushing (reverse) SCOPE
146340 [main] DEBUG org.dbunit.database.search.ImportedKeysSearchCallback  - getEdges(node=SCOPE) - start
146340 [main] DEBUG org.dbunit.database.search.AbstractMetaDataBasedSearchCallback  - getNodesFromImportedKeys(node=SCOPE) - start
146340 [main] DEBUG org.dbunit.database.search.AbstractMetaDataBasedSearchCallback  - getNodes(type=0, node=SCOPE) - start
146340 [main] DEBUG org.dbunit.database.DatabaseDataSourceConnection  - getConnection() - start
146341 [main] DEBUG org.dbunit.database.search.AbstractMetaDataBasedSearchCallback  - getNodes(type=0, node=SCOPE, conn=Transaction-aware proxy for target Connection [jdbc:hsqldb:mem:kontrollDS, UserName=sw, HSQL Database Engine Driver], schema=null, metaData=org.apache.commons.dbcp.DelegatingDatabaseMetaData@129ead33, edges=[]) - start
146341 [main] DEBUG org.dbunit.database.search.AbstractMetaDataBasedSearchCallback  - Getting edges for node SCOPE
146341 [main] TRACE org.dbunit.database.DatabaseConfig  - getProperty(name=http://www.dbunit.org/properties/metadataHandler) - start
146341 [main] TRACE org.dbunit.database.DefaultMetadataHandler  - tableExists(metaData=org.apache.commons.dbcp.DelegatingDatabaseMetaData@129ead33, schemaName=null, tableName=SCOPE) - start
146342 [main] DEBUG org.dbunit.util.SQLHelper  - close(resultSet=org.apache.commons.dbcp.DelegatingResultSet@75b39a85) - start
146342 [main] DEBUG org.dbunit.util.SQLHelper  - close(resultSet=org.apache.commons.dbcp.DelegatingResultSet@9c00aff) - start
146342 [main] DEBUG org.dbunit.util.search.DepthFirstSearch  - reverseSearch:SCOPEDCONTENTCONDITION
146342 [main] DEBUG org.dbunit.database.search.ImportedKeysSearchCallback  - searchNode(node=SCOPEDCONTENTCONDITION) - start
146342 [main] DEBUG org.dbunit.util.search.DepthFirstSearch  - Pushing (reverse) SCOPEDCONTENTCONDITION
146342 [main] DEBUG org.dbunit.database.search.ImportedKeysSearchCallback  - getEdges(node=SCOPEDCONTENTCONDITION) - start
146342 [main] DEBUG org.dbunit.database.search.AbstractMetaDataBasedSearchCallback  - getNodesFromImportedKeys(node=SCOPEDCONTENTCONDITION) - start
146342 [main] DEBUG org.dbunit.database.search.AbstractMetaDataBasedSearchCallback  - getNodes(type=0, node=SCOPEDCONTENTCONDITION) - start
146342 [main] DEBUG org.dbunit.database.DatabaseDataSourceConnection  - getConnection() - start
146342 [main] DEBUG org.dbunit.database.search.AbstractMetaDataBasedSearchCallback  - getNodes(type=0, node=SCOPEDCONTENTCONDITION, conn=Transaction-aware proxy for target Connection [jdbc:hsqldb:mem:kontrollDS, UserName=sw, HSQL Database Engine Driver], schema=null, metaData=org.apache.commons.dbcp.DelegatingDatabaseMetaData@1f11f059, edges=[]) - start
146342 [main] DEBUG org.dbunit.database.search.AbstractMetaDataBasedSearchCallback  - Getting edges for node SCOPEDCONTENTCONDITION
146342 [main] TRACE org.dbunit.database.DatabaseConfig  - getProperty(name=http://www.dbunit.org/properties/metadataHandler) - start
146342 [main] TRACE org.dbunit.database.DefaultMetadataHandler  - tableExists(metaData=org.apache.commons.dbcp.DelegatingDatabaseMetaData@1f11f059, schemaName=null, tableName=SCOPEDCONTENTCONDITION) - start
146343 [main] DEBUG org.dbunit.util.SQLHelper  - close(resultSet=org.apache.commons.dbcp.DelegatingResultSet@4ed3ac20) - start
146344 [main] DEBUG org.dbunit.util.SQLHelper  - close(resultSet=org.apache.commons.dbcp.DelegatingResultSet@1762add4) - start
146344 [main] DEBUG org.dbunit.util.search.DepthFirstSearch  - reverseSearch:SCOPEDCONTENTCONDITIONS_SCOPEDCONTENT
146344 [main] DEBUG org.dbunit.util.search.DepthFirstSearch  - already searched; returning true
146344 [main] DEBUG org.dbunit.util.search.DepthFirstSearch  - search:SCOPEDCONTENTCONDITIONS_SCOPEDCONTENT
146344 [main] DEBUG org.dbunit.util.search.DepthFirstSearch  - already searched; returning true
146344 [main] DEBUG org.dbunit.util.search.DepthFirstSearch  - search:SCOPEDCONTENT
146344 [main] DEBUG org.dbunit.util.search.DepthFirstSearch  - already searched; returning true
146344 [main] DEBUG org.dbunit.util.search.DepthFirstSearch  - search:SCOPE
146344 [main] DEBUG org.dbunit.util.search.DepthFirstSearch  - already searched; returning true
146344 [main] DEBUG org.dbunit.util.search.DepthFirstSearch  - search:SCOPEDCONTENTCONDITION
146344 [main] DEBUG org.dbunit.util.search.DepthFirstSearch  - already searched; returning true
146344 [main] DEBUG org.dbunit.util.CollectionsHelper  - setToStrings(set=[SCOPE, SCOPEDCONTENT, SCOPEDCONTENTCONDITION, SCOPEDCONTENTCONDITIONS_SCOPEDCONTENT]) - start
146344 [main] DEBUG org.dbunit.database.search.TablesDependencyHelper  - getDependsOnTables(connection=_databaseConfig=org.dbunit.database.DatabaseConfig[, _propertyMap={http://www.dbunit.org/properties/statementFactory=org.dbunit.database.statement.PreparedStatementFactory@626bc2b8, http://www.dbunit.org/features/caseSensitiveTableNames=false, http://www.dbunit.org/properties/fetchSize=100, http://www.dbunit.org/features/batchedStatements=false, http://www.dbunit.org/properties/metadataHandler=org.dbunit.database.DefaultMetadataHandler@3bbfdfde, http://www.dbunit.org/properties/datatypeFactory=org.dbunit.dataset.datatype.DefaultDataTypeFactory[_toleratedDeltaMap=org.dbunit.dataset.datatype.ToleratedDeltaMap@6452310a], http://www.dbunit.org/properties/escapePattern=null, http://www.dbunit.org/properties/batchSize=100, http://www.dbunit.org/features/qualifiedTableNames=false, http://www.dbunit.org/properties/tableType=[Ljava.lang.String;@5011bafa, http://www.dbunit.org/properties/resultSetTableFactory=org.dbunit.database.CachedResultSetTableFactory@10bcf083, http://www.dbunit.org/features/datatypeWarning=true}], _dataSet=AbstractDataSet[_orderedTableNameMap=null], rootTable=SCOPEDCONTENTCONDITIONS_SCOPEDCONTENT) - start
146344 [main] DEBUG org.dbunit.util.search.DepthFirstSearch  - search(nodesFrom=[SCOPEDCONTENTCONDITIONS_SCOPEDCONTENT], callback=org.dbunit.database.search.ExportedKeysSearchCallback@7193260d) - start
146344 [main] DEBUG org.dbunit.util.CollectionsHelper  - objectsToSet(objects=SCOPEDCONTENTCONDITIONS_SCOPEDCONTENT) - start
146344 [main] DEBUG org.dbunit.util.search.DepthFirstSearch  - search(nodesFrom=[SCOPEDCONTENTCONDITIONS_SCOPEDCONTENT], callback=org.dbunit.database.search.ExportedKeysSearchCallback@7193260d) - start
146344 [main] DEBUG org.dbunit.util.search.DepthFirstSearch  - reverseSearch:SCOPEDCONTENTCONDITIONS_SCOPEDCONTENT
146344 [main] DEBUG org.dbunit.database.search.ExportedKeysSearchCallback  - searchNode(node=SCOPEDCONTENTCONDITIONS_SCOPEDCONTENT) - start
146344 [main] DEBUG org.dbunit.util.search.DepthFirstSearch  - Pushing (reverse) SCOPEDCONTENTCONDITIONS_SCOPEDCONTENT
146344 [main] DEBUG org.dbunit.database.search.ExportedKeysSearchCallback  - getEdges(node=SCOPEDCONTENTCONDITIONS_SCOPEDCONTENT) - start
146344 [main] DEBUG org.dbunit.database.search.AbstractMetaDataBasedSearchCallback  - getNodesFromExportedKeys(node=SCOPEDCONTENTCONDITIONS_SCOPEDCONTENT) - start
146344 [main] DEBUG org.dbunit.database.search.AbstractMetaDataBasedSearchCallback  - getNodes(type=1, node=SCOPEDCONTENTCONDITIONS_SCOPEDCONTENT) - start
146344 [main] DEBUG org.dbunit.database.DatabaseDataSourceConnection  - getConnection() - start
146344 [main] DEBUG org.dbunit.database.search.AbstractMetaDataBasedSearchCallback  - getNodes(type=1, node=SCOPEDCONTENTCONDITIONS_SCOPEDCONTENT, conn=Transaction-aware proxy for target Connection [jdbc:hsqldb:mem:kontrollDS, UserName=sw, HSQL Database Engine Driver], schema=null, metaData=org.apache.commons.dbcp.DelegatingDatabaseMetaData@73a759bb, edges=[]) - start
146345 [main] DEBUG org.dbunit.database.search.AbstractMetaDataBasedSearchCallback  - Getting edges for node SCOPEDCONTENTCONDITIONS_SCOPEDCONTENT
146345 [main] TRACE org.dbunit.database.DatabaseConfig  - getProperty(name=http://www.dbunit.org/properties/metadataHandler) - start
146345 [main] TRACE org.dbunit.database.DefaultMetadataHandler  - tableExists(metaData=org.apache.commons.dbcp.DelegatingDatabaseMetaData@73a759bb, schemaName=null, tableName=SCOPEDCONTENTCONDITIONS_SCOPEDCONTENT) - start
146346 [main] DEBUG org.dbunit.util.SQLHelper  - close(resultSet=org.apache.commons.dbcp.DelegatingResultSet@c68534e) - start
146346 [main] DEBUG org.dbunit.util.SQLHelper  - close(resultSet=org.apache.commons.dbcp.DelegatingResultSet@55ebe6f9) - start
146346 [main] DEBUG org.dbunit.util.search.DepthFirstSearch  - search:SCOPEDCONTENTCONDITIONS_SCOPEDCONTENT
146346 [main] DEBUG org.dbunit.database.search.ExportedKeysSearchCallback  - searchNode(node=SCOPEDCONTENTCONDITIONS_SCOPEDCONTENT) - start
146346 [main] DEBUG org.dbunit.util.search.DepthFirstSearch  - Pushing SCOPEDCONTENTCONDITIONS_SCOPEDCONTENT
146346 [main] DEBUG org.dbunit.database.search.ExportedKeysSearchCallback  - getEdges(node=SCOPEDCONTENTCONDITIONS_SCOPEDCONTENT) - start
146346 [main] DEBUG org.dbunit.database.search.AbstractMetaDataBasedSearchCallback  - getNodesFromExportedKeys(node=SCOPEDCONTENTCONDITIONS_SCOPEDCONTENT) - start
146346 [main] DEBUG org.dbunit.database.search.AbstractMetaDataBasedSearchCallback  - getNodes(type=1, node=SCOPEDCONTENTCONDITIONS_SCOPEDCONTENT) - start
146346 [main] DEBUG org.dbunit.database.DatabaseDataSourceConnection  - getConnection() - start
146346 [main] DEBUG org.dbunit.database.search.AbstractMetaDataBasedSearchCallback  - getNodes(type=1, node=SCOPEDCONTENTCONDITIONS_SCOPEDCONTENT, conn=Transaction-aware proxy for target Connection [jdbc:hsqldb:mem:kontrollDS, UserName=sw, HSQL Database Engine Driver], schema=null, metaData=org.apache.commons.dbcp.DelegatingDatabaseMetaData@72891180, edges=[]) - start
146346 [main] DEBUG org.dbunit.database.search.AbstractMetaDataBasedSearchCallback  - Getting edges for node SCOPEDCONTENTCONDITIONS_SCOPEDCONTENT
146346 [main] TRACE org.dbunit.database.DatabaseConfig  - getProperty(name=http://www.dbunit.org/properties/metadataHandler) - start
146346 [main] TRACE org.dbunit.database.DefaultMetadataHandler  - tableExists(metaData=org.apache.commons.dbcp.DelegatingDatabaseMetaData@72891180, schemaName=null, tableName=SCOPEDCONTENTCONDITIONS_SCOPEDCONTENT) - start
146347 [main] DEBUG org.dbunit.util.SQLHelper  - close(resultSet=org.apache.commons.dbcp.DelegatingResultSet@11114d97) - start
146348 [main] DEBUG org.dbunit.util.SQLHelper  - close(resultSet=org.apache.commons.dbcp.DelegatingResultSet@4b56fba3) - start
146348 [main] DEBUG org.dbunit.util.search.DepthFirstSearch  - Adding node SCOPEDCONTENTCONDITIONS_SCOPEDCONTENT to the final result
146348 [main] DEBUG org.dbunit.util.CollectionsHelper  - setToStrings(set=[SCOPEDCONTENTCONDITIONS_SCOPEDCONTENT]) - start
146348 [main] DEBUG org.dbunit.database.search.TablesDependencyHelper  - getDirectDependsOnTables(connection=_databaseConfig=org.dbunit.database.DatabaseConfig[, _propertyMap={http://www.dbunit.org/properties/statementFactory=org.dbunit.database.statement.PreparedStatementFactory@626bc2b8, http://www.dbunit.org/features/caseSensitiveTableNames=false, http://www.dbunit.org/properties/fetchSize=100, http://www.dbunit.org/features/batchedStatements=false, http://www.dbunit.org/properties/metadataHandler=org.dbunit.database.DefaultMetadataHandler@3bbfdfde, http://www.dbunit.org/properties/datatypeFactory=org.dbunit.dataset.datatype.DefaultDataTypeFactory[_toleratedDeltaMap=org.dbunit.dataset.datatype.ToleratedDeltaMap@6452310a], http://www.dbunit.org/properties/escapePattern=null, http://www.dbunit.org/properties/batchSize=100, http://www.dbunit.org/features/qualifiedTableNames=false, http://www.dbunit.org/properties/tableType=[Ljava.lang.String;@5011bafa, http://www.dbunit.org/properties/resultSetTableFactory=org.dbunit.database.CachedResultSetTableFactory@10bcf083, http://www.dbunit.org/features/datatypeWarning=true}], _dataSet=AbstractDataSet[_orderedTableNameMap=null], tableName=SCOPEDCONTENTCONDITIONS_SCOPEDCONTENT) - start
146348 [main] DEBUG org.dbunit.util.search.DepthFirstSearch  - search(nodesFrom=[SCOPEDCONTENTCONDITIONS_SCOPEDCONTENT], callback=org.dbunit.database.search.ExportedKeysSearchCallback@3610ca05) - start
146348 [main] DEBUG org.dbunit.util.CollectionsHelper  - objectsToSet(objects=SCOPEDCONTENTCONDITIONS_SCOPEDCONTENT) - start
146348 [main] DEBUG org.dbunit.util.search.DepthFirstSearch  - search(nodesFrom=[SCOPEDCONTENTCONDITIONS_SCOPEDCONTENT], callback=org.dbunit.database.search.ExportedKeysSearchCallback@3610ca05) - start
146348 [main] DEBUG org.dbunit.util.search.DepthFirstSearch  - reverseSearch:SCOPEDCONTENTCONDITIONS_SCOPEDCONTENT
146348 [main] DEBUG org.dbunit.database.search.ExportedKeysSearchCallback  - searchNode(node=SCOPEDCONTENTCONDITIONS_SCOPEDCONTENT) - start
146348 [main] DEBUG org.dbunit.util.search.DepthFirstSearch  - Pushing (reverse) SCOPEDCONTENTCONDITIONS_SCOPEDCONTENT
146348 [main] DEBUG org.dbunit.database.search.ExportedKeysSearchCallback  - getEdges(node=SCOPEDCONTENTCONDITIONS_SCOPEDCONTENT) - start
146348 [main] DEBUG org.dbunit.database.search.AbstractMetaDataBasedSearchCallback  - getNodesFromExportedKeys(node=SCOPEDCONTENTCONDITIONS_SCOPEDCONTENT) - start
146348 [main] DEBUG org.dbunit.database.search.AbstractMetaDataBasedSearchCallback  - getNodes(type=1, node=SCOPEDCONTENTCONDITIONS_SCOPEDCONTENT) - start
146348 [main] DEBUG org.dbunit.database.DatabaseDataSourceConnection  - getConnection() - start
146349 [main] DEBUG org.dbunit.database.search.AbstractMetaDataBasedSearchCallback  - getNodes(type=1, node=SCOPEDCONTENTCONDITIONS_SCOPEDCONTENT, conn=Transaction-aware proxy for target Connection [jdbc:hsqldb:mem:kontrollDS, UserName=sw, HSQL Database Engine Driver], schema=null, metaData=org.apache.commons.dbcp.DelegatingDatabaseMetaData@83f29fe, edges=[]) - start
146349 [main] DEBUG org.dbunit.database.search.AbstractMetaDataBasedSearchCallback  - Getting edges for node SCOPEDCONTENTCONDITIONS_SCOPEDCONTENT
146349 [main] TRACE org.dbunit.database.DatabaseConfig  - getProperty(name=http://www.dbunit.org/properties/metadataHandler) - start
146349 [main] TRACE org.dbunit.database.DefaultMetadataHandler  - tableExists(metaData=org.apache.commons.dbcp.DelegatingDatabaseMetaData@83f29fe, schemaName=null, tableName=SCOPEDCONTENTCONDITIONS_SCOPEDCONTENT) - start
146350 [main] DEBUG org.dbunit.util.SQLHelper  - close(resultSet=org.apache.commons.dbcp.DelegatingResultSet@e63c6c4) - start
146350 [main] DEBUG org.dbunit.util.SQLHelper  - close(resultSet=org.apache.commons.dbcp.DelegatingResultSet@10b314cd) - start
146350 [main] DEBUG org.dbunit.util.search.DepthFirstSearch  - search:SCOPEDCONTENTCONDITIONS_SCOPEDCONTENT
146350 [main] DEBUG org.dbunit.database.search.ExportedKeysSearchCallback  - searchNode(node=SCOPEDCONTENTCONDITIONS_SCOPEDCONTENT) - start
146350 [main] DEBUG org.dbunit.util.search.DepthFirstSearch  - Pushing SCOPEDCONTENTCONDITIONS_SCOPEDCONTENT
146350 [main] DEBUG org.dbunit.database.search.ExportedKeysSearchCallback  - getEdges(node=SCOPEDCONTENTCONDITIONS_SCOPEDCONTENT) - start
146350 [main] DEBUG org.dbunit.database.search.AbstractMetaDataBasedSearchCallback  - getNodesFromExportedKeys(node=SCOPEDCONTENTCONDITIONS_SCOPEDCONTENT) - start
146350 [main] DEBUG org.dbunit.database.search.AbstractMetaDataBasedSearchCallback  - getNodes(type=1, node=SCOPEDCONTENTCONDITIONS_SCOPEDCONTENT) - start
146350 [main] DEBUG org.dbunit.database.DatabaseDataSourceConnection  - getConnection() - start
146350 [main] DEBUG org.dbunit.database.search.AbstractMetaDataBasedSearchCallback  - getNodes(type=1, node=SCOPEDCONTENTCONDITIONS_SCOPEDCONTENT, conn=Transaction-aware proxy for target Connection [jdbc:hsqldb:mem:kontrollDS, UserName=sw, HSQL Database Engine Driver], schema=null, metaData=org.apache.commons.dbcp.DelegatingDatabaseMetaData@5d1aa74b, edges=[]) - start
146350 [main] DEBUG org.dbunit.database.search.AbstractMetaDataBasedSearchCallback  - Getting edges for node SCOPEDCONTENTCONDITIONS_SCOPEDCONTENT
146350 [main] TRACE org.dbunit.database.DatabaseConfig  - getProperty(name=http://www.dbunit.org/properties/metadataHandler) - start
146350 [main] TRACE org.dbunit.database.DefaultMetadataHandler  - tableExists(metaData=org.apache.commons.dbcp.DelegatingDatabaseMetaData@5d1aa74b, schemaName=null, tableName=SCOPEDCONTENTCONDITIONS_SCOPEDCONTENT) - start
146351 [main] DEBUG org.dbunit.util.SQLHelper  - close(resultSet=org.apache.commons.dbcp.DelegatingResultSet@44efa3f3) - start
146351 [main] DEBUG org.dbunit.util.SQLHelper  - close(resultSet=org.apache.commons.dbcp.DelegatingResultSet@76f1baa5) - start
146352 [main] DEBUG org.dbunit.util.search.DepthFirstSearch  - Adding node SCOPEDCONTENTCONDITIONS_SCOPEDCONTENT to the final result
146352 [main] DEBUG org.dbunit.database.search.TablesDependencyHelper  - getDirectDependentTables(connection=_databaseConfig=org.dbunit.database.DatabaseConfig[, _propertyMap={http://www.dbunit.org/properties/statementFactory=org.dbunit.database.statement.PreparedStatementFactory@626bc2b8, http://www.dbunit.org/features/caseSensitiveTableNames=false, http://www.dbunit.org/properties/fetchSize=100, http://www.dbunit.org/features/batchedStatements=false, http://www.dbunit.org/properties/metadataHandler=org.dbunit.database.DefaultMetadataHandler@3bbfdfde, http://www.dbunit.org/properties/datatypeFactory=org.dbunit.dataset.datatype.DefaultDataTypeFactory[_toleratedDeltaMap=org.dbunit.dataset.datatype.ToleratedDeltaMap@6452310a], http://www.dbunit.org/properties/escapePattern=null, http://www.dbunit.org/properties/batchSize=100, http://www.dbunit.org/features/qualifiedTableNames=false, http://www.dbunit.org/properties/tableType=[Ljava.lang.String;@5011bafa, http://www.dbunit.org/properties/resultSetTableFactory=org.dbunit.database.CachedResultSetTableFactory@10bcf083, http://www.dbunit.org/features/datatypeWarning=true}], _dataSet=AbstractDataSet[_orderedTableNameMap=null], tableName=SCOPEDCONTENTCONDITIONS_SCOPEDCONTENT) - start
146352 [main] DEBUG org.dbunit.util.search.DepthFirstSearch  - search(nodesFrom=[SCOPEDCONTENTCONDITIONS_SCOPEDCONTENT], callback=org.dbunit.database.search.ImportedKeysSearchCallback@236d6193) - start
146352 [main] DEBUG org.dbunit.util.CollectionsHelper  - objectsToSet(objects=SCOPEDCONTENTCONDITIONS_SCOPEDCONTENT) - start
146352 [main] DEBUG org.dbunit.util.search.DepthFirstSearch  - search(nodesFrom=[SCOPEDCONTENTCONDITIONS_SCOPEDCONTENT], callback=org.dbunit.database.search.ImportedKeysSearchCallback@236d6193) - start
146352 [main] DEBUG org.dbunit.util.search.DepthFirstSearch  - reverseSearch:SCOPEDCONTENTCONDITIONS_SCOPEDCONTENT
146352 [main] DEBUG org.dbunit.database.search.ImportedKeysSearchCallback  - searchNode(node=SCOPEDCONTENTCONDITIONS_SCOPEDCONTENT) - start
146352 [main] DEBUG org.dbunit.util.search.DepthFirstSearch  - Pushing (reverse) SCOPEDCONTENTCONDITIONS_SCOPEDCONTENT
146352 [main] DEBUG org.dbunit.database.search.ImportedKeysSearchCallback  - getEdges(node=SCOPEDCONTENTCONDITIONS_SCOPEDCONTENT) - start
146352 [main] DEBUG org.dbunit.database.search.AbstractMetaDataBasedSearchCallback  - getNodesFromImportedKeys(node=SCOPEDCONTENTCONDITIONS_SCOPEDCONTENT) - start
146352 [main] DEBUG org.dbunit.database.search.AbstractMetaDataBasedSearchCallback  - getNodes(type=0, node=SCOPEDCONTENTCONDITIONS_SCOPEDCONTENT) - start
146352 [main] DEBUG org.dbunit.database.DatabaseDataSourceConnection  - getConnection() - start
146352 [main] DEBUG org.dbunit.database.search.AbstractMetaDataBasedSearchCallback  - getNodes(type=0, node=SCOPEDCONTENTCONDITIONS_SCOPEDCONTENT, conn=Transaction-aware proxy for target Connection [jdbc:hsqldb:mem:kontrollDS, UserName=sw, HSQL Database Engine Driver], schema=null, metaData=org.apache.commons.dbcp.DelegatingDatabaseMetaData@62210c10, edges=[]) - start
146352 [main] DEBUG org.dbunit.database.search.AbstractMetaDataBasedSearchCallback  - Getting edges for node SCOPEDCONTENTCONDITIONS_SCOPEDCONTENT
146352 [main] TRACE org.dbunit.database.DatabaseConfig  - getProperty(name=http://www.dbunit.org/properties/metadataHandler) - start
146352 [main] TRACE org.dbunit.database.DefaultMetadataHandler  - tableExists(metaData=org.apache.commons.dbcp.DelegatingDatabaseMetaData@62210c10, schemaName=null, tableName=SCOPEDCONTENTCONDITIONS_SCOPEDCONTENT) - start
146353 [main] DEBUG org.dbunit.util.SQLHelper  - close(resultSet=org.apache.commons.dbcp.DelegatingResultSet@205902) - start
146353 [main] DEBUG org.dbunit.util.QualifiedTableName  - getQualifiedNameIfEnabled(config=org.dbunit.database.DatabaseConfig[, _propertyMap={http://www.dbunit.org/properties/statementFactory=org.dbunit.database.statement.PreparedStatementFactory@626bc2b8, http://www.dbunit.org/features/caseSensitiveTableNames=false, http://www.dbunit.org/properties/fetchSize=100, http://www.dbunit.org/features/batchedStatements=false, http://www.dbunit.org/properties/metadataHandler=org.dbunit.database.DefaultMetadataHandler@3bbfdfde, http://www.dbunit.org/properties/datatypeFactory=org.dbunit.dataset.datatype.DefaultDataTypeFactory[_toleratedDeltaMap=org.dbunit.dataset.datatype.ToleratedDeltaMap@6452310a], http://www.dbunit.org/properties/escapePattern=null, http://www.dbunit.org/properties/batchSize=100, http://www.dbunit.org/features/qualifiedTableNames=false, http://www.dbunit.org/properties/tableType=[Ljava.lang.String;@5011bafa, http://www.dbunit.org/properties/resultSetTableFactory=org.dbunit.database.CachedResultSetTableFactory@10bcf083, http://www.dbunit.org/features/datatypeWarning=true}]) - start
146354 [main] TRACE org.dbunit.database.DatabaseConfig  - getFeature(name=http://www.dbunit.org/features/qualifiedTableNames) - start
146354 [main] TRACE org.dbunit.database.DatabaseConfig  - getProperty(name=http://www.dbunit.org/features/qualifiedTableNames) - start
146354 [main] DEBUG org.dbunit.util.QualifiedTableName  - Qualified table names feature is disabled. Returning plain table name
146354 [main] DEBUG org.dbunit.util.QualifiedTableName  - getQualifiedName(prefix=null, name=SCOPEDCONTENTCONDITIONS_SCOPEDCONTENT, escapePattern=null) - start
146354 [main] DEBUG org.dbunit.util.QualifiedTableName  - getQualifiedNameIfEnabled(config=org.dbunit.database.DatabaseConfig[, _propertyMap={http://www.dbunit.org/properties/statementFactory=org.dbunit.database.statement.PreparedStatementFactory@626bc2b8, http://www.dbunit.org/features/caseSensitiveTableNames=false, http://www.dbunit.org/properties/fetchSize=100, http://www.dbunit.org/features/batchedStatements=false, http://www.dbunit.org/properties/metadataHandler=org.dbunit.database.DefaultMetadataHandler@3bbfdfde, http://www.dbunit.org/properties/datatypeFactory=org.dbunit.dataset.datatype.DefaultDataTypeFactory[_toleratedDeltaMap=org.dbunit.dataset.datatype.ToleratedDeltaMap@6452310a], http://www.dbunit.org/properties/escapePattern=null, http://www.dbunit.org/properties/batchSize=100, http://www.dbunit.org/features/qualifiedTableNames=false, http://www.dbunit.org/properties/tableType=[Ljava.lang.String;@5011bafa, http://www.dbunit.org/properties/resultSetTableFactory=org.dbunit.database.CachedResultSetTableFactory@10bcf083, http://www.dbunit.org/features/datatypeWarning=true}]) - start
146354 [main] TRACE org.dbunit.database.DatabaseConfig  - getFeature(name=http://www.dbunit.org/features/qualifiedTableNames) - start
146354 [main] TRACE org.dbunit.database.DatabaseConfig  - getProperty(name=http://www.dbunit.org/features/qualifiedTableNames) - start
146354 [main] DEBUG org.dbunit.util.QualifiedTableName  - Qualified table names feature is disabled. Returning plain table name
146354 [main] DEBUG org.dbunit.util.QualifiedTableName  - getQualifiedName(prefix=null, name=SCOPEDCONTENT, escapePattern=null) - start
146354 [main] DEBUG org.dbunit.database.search.AbstractMetaDataBasedSearchCallback  - newEdge(rs=org.apache.commons.dbcp.DelegatingResultSet@7a4e8025, type=0, from=SCOPEDCONTENTCONDITIONS_SCOPEDCONTENT, to=SCOPEDCONTENT, fkColumn=SCOPED_CONTENT_ID, pkColumn=ID) - start
146354 [main] DEBUG org.dbunit.database.search.AbstractMetaDataBasedSearchCallback  - createFKEdge(rs=org.apache.commons.dbcp.DelegatingResultSet@7a4e8025, type=0, from=SCOPEDCONTENTCONDITIONS_SCOPEDCONTENT, to=SCOPEDCONTENT, fkColumn=SCOPED_CONTENT_ID, pkColumn=ID) - start
146354 [main] DEBUG org.dbunit.database.search.AbstractMetaDataBasedSearchCallback  - Adding edge SCOPEDCONTENTCONDITIONS_SCOPEDCONTENT(SCOPED_CONTENT_ID)->SCOPEDCONTENT(ID)
146354 [main] DEBUG org.dbunit.util.search.Edge  - compareTo(o=SCOPEDCONTENTCONDITIONS_SCOPEDCONTENT(SCOPED_CONTENT_ID)->SCOPEDCONTENT(ID)) - start
146354 [main] DEBUG org.dbunit.util.QualifiedTableName  - getQualifiedNameIfEnabled(config=org.dbunit.database.DatabaseConfig[, _propertyMap={http://www.dbunit.org/properties/statementFactory=org.dbunit.database.statement.PreparedStatementFactory@626bc2b8, http://www.dbunit.org/features/caseSensitiveTableNames=false, http://www.dbunit.org/properties/fetchSize=100, http://www.dbunit.org/features/batchedStatements=false, http://www.dbunit.org/properties/metadataHandler=org.dbunit.database.DefaultMetadataHandler@3bbfdfde, http://www.dbunit.org/properties/datatypeFactory=org.dbunit.dataset.datatype.DefaultDataTypeFactory[_toleratedDeltaMap=org.dbunit.dataset.datatype.ToleratedDeltaMap@6452310a], http://www.dbunit.org/properties/escapePattern=null, http://www.dbunit.org/properties/batchSize=100, http://www.dbunit.org/features/qualifiedTableNames=false, http://www.dbunit.org/properties/tableType=[Ljava.lang.String;@5011bafa, http://www.dbunit.org/properties/resultSetTableFactory=org.dbunit.database.CachedResultSetTableFactory@10bcf083, http://www.dbunit.org/features/datatypeWarning=true}]) - start
146354 [main] TRACE org.dbunit.database.DatabaseConfig  - getFeature(name=http://www.dbunit.org/features/qualifiedTableNames) - start
146354 [main] TRACE org.dbunit.database.DatabaseConfig  - getProperty(name=http://www.dbunit.org/features/qualifiedTableNames) - start
146354 [main] DEBUG org.dbunit.util.QualifiedTableName  - Qualified table names feature is disabled. Returning plain table name
146354 [main] DEBUG org.dbunit.util.QualifiedTableName  - getQualifiedName(prefix=null, name=SCOPEDCONTENTCONDITIONS_SCOPEDCONTENT, escapePattern=null) - start
146354 [main] DEBUG org.dbunit.util.QualifiedTableName  - getQualifiedNameIfEnabled(config=org.dbunit.database.DatabaseConfig[, _propertyMap={http://www.dbunit.org/properties/statementFactory=org.dbunit.database.statement.PreparedStatementFactory@626bc2b8, http://www.dbunit.org/features/caseSensitiveTableNames=false, http://www.dbunit.org/properties/fetchSize=100, http://www.dbunit.org/features/batchedStatements=false, http://www.dbunit.org/properties/metadataHandler=org.dbunit.database.DefaultMetadataHandler@3bbfdfde, http://www.dbunit.org/properties/datatypeFactory=org.dbunit.dataset.datatype.DefaultDataTypeFactory[_toleratedDeltaMap=org.dbunit.dataset.datatype.ToleratedDeltaMap@6452310a], http://www.dbunit.org/properties/escapePattern=null, http://www.dbunit.org/properties/batchSize=100, http://www.dbunit.org/features/qualifiedTableNames=false, http://www.dbunit.org/properties/tableType=[Ljava.lang.String;@5011bafa, http://www.dbunit.org/properties/resultSetTableFactory=org.dbunit.database.CachedResultSetTableFactory@10bcf083, http://www.dbunit.org/features/datatypeWarning=true}]) - start
146354 [main] TRACE org.dbunit.database.DatabaseConfig  - getFeature(name=http://www.dbunit.org/features/qualifiedTableNames) - start
146354 [main] TRACE org.dbunit.database.DatabaseConfig  - getProperty(name=http://www.dbunit.org/features/qualifiedTableNames) - start
146354 [main] DEBUG org.dbunit.util.QualifiedTableName  - Qualified table names feature is disabled. Returning plain table name
146354 [main] DEBUG org.dbunit.util.QualifiedTableName  - getQualifiedName(prefix=null, name=SCOPEDCONTENTCONDITION, escapePattern=null) - start
146354 [main] DEBUG org.dbunit.database.search.AbstractMetaDataBasedSearchCallback  - newEdge(rs=org.apache.commons.dbcp.DelegatingResultSet@7a4e8025, type=0, from=SCOPEDCONTENTCONDITIONS_SCOPEDCONTENT, to=SCOPEDCONTENTCONDITION, fkColumn=SCOPED_CONTENT_CONDITION_ID, pkColumn=ID) - start
146354 [main] DEBUG org.dbunit.database.search.AbstractMetaDataBasedSearchCallback  - createFKEdge(rs=org.apache.commons.dbcp.DelegatingResultSet@7a4e8025, type=0, from=SCOPEDCONTENTCONDITIONS_SCOPEDCONTENT, to=SCOPEDCONTENTCONDITION, fkColumn=SCOPED_CONTENT_CONDITION_ID, pkColumn=ID) - start
146354 [main] DEBUG org.dbunit.database.search.AbstractMetaDataBasedSearchCallback  - Adding edge SCOPEDCONTENTCONDITIONS_SCOPEDCONTENT(SCOPED_CONTENT_CONDITION_ID)->SCOPEDCONTENTCONDITION(ID)
146355 [main] DEBUG org.dbunit.util.search.Edge  - compareTo(o=SCOPEDCONTENTCONDITIONS_SCOPEDCONTENT(SCOPED_CONTENT_ID)->SCOPEDCONTENT(ID)) - start
146355 [main] DEBUG org.dbunit.util.SQLHelper  - close(resultSet=org.apache.commons.dbcp.DelegatingResultSet@7a4e8025) - start
146355 [main] DEBUG org.dbunit.util.search.DepthFirstSearch  - search:SCOPEDCONTENTCONDITIONS_SCOPEDCONTENT
146355 [main] DEBUG org.dbunit.database.search.ImportedKeysSearchCallback  - searchNode(node=SCOPEDCONTENTCONDITIONS_SCOPEDCONTENT) - start
146355 [main] DEBUG org.dbunit.util.search.DepthFirstSearch  - Pushing SCOPEDCONTENTCONDITIONS_SCOPEDCONTENT
146355 [main] DEBUG org.dbunit.database.search.ImportedKeysSearchCallback  - getEdges(node=SCOPEDCONTENTCONDITIONS_SCOPEDCONTENT) - start
146355 [main] DEBUG org.dbunit.database.search.AbstractMetaDataBasedSearchCallback  - getNodesFromImportedKeys(node=SCOPEDCONTENTCONDITIONS_SCOPEDCONTENT) - start
146355 [main] DEBUG org.dbunit.database.search.AbstractMetaDataBasedSearchCallback  - getNodes(type=0, node=SCOPEDCONTENTCONDITIONS_SCOPEDCONTENT) - start
146355 [main] DEBUG org.dbunit.database.DatabaseDataSourceConnection  - getConnection() - start
146355 [main] DEBUG org.dbunit.database.search.AbstractMetaDataBasedSearchCallback  - getNodes(type=0, node=SCOPEDCONTENTCONDITIONS_SCOPEDCONTENT, conn=Transaction-aware proxy for target Connection [jdbc:hsqldb:mem:kontrollDS, UserName=sw, HSQL Database Engine Driver], schema=null, metaData=org.apache.commons.dbcp.DelegatingDatabaseMetaData@37bf3bde, edges=[]) - start
146355 [main] DEBUG org.dbunit.database.search.AbstractMetaDataBasedSearchCallback  - Getting edges for node SCOPEDCONTENTCONDITIONS_SCOPEDCONTENT
146355 [main] TRACE org.dbunit.database.DatabaseConfig  - getProperty(name=http://www.dbunit.org/properties/metadataHandler) - start
146355 [main] TRACE org.dbunit.database.DefaultMetadataHandler  - tableExists(metaData=org.apache.commons.dbcp.DelegatingDatabaseMetaData@37bf3bde, schemaName=null, tableName=SCOPEDCONTENTCONDITIONS_SCOPEDCONTENT) - start
146356 [main] DEBUG org.dbunit.util.SQLHelper  - close(resultSet=org.apache.commons.dbcp.DelegatingResultSet@4180dcdd) - start
146357 [main] DEBUG org.dbunit.util.QualifiedTableName  - getQualifiedNameIfEnabled(config=org.dbunit.database.DatabaseConfig[, _propertyMap={http://www.dbunit.org/properties/statementFactory=org.dbunit.database.statement.PreparedStatementFactory@626bc2b8, http://www.dbunit.org/features/caseSensitiveTableNames=false, http://www.dbunit.org/properties/fetchSize=100, http://www.dbunit.org/features/batchedStatements=false, http://www.dbunit.org/properties/metadataHandler=org.dbunit.database.DefaultMetadataHandler@3bbfdfde, http://www.dbunit.org/properties/datatypeFactory=org.dbunit.dataset.datatype.DefaultDataTypeFactory[_toleratedDeltaMap=org.dbunit.dataset.datatype.ToleratedDeltaMap@6452310a], http://www.dbunit.org/properties/escapePattern=null, http://www.dbunit.org/properties/batchSize=100, http://www.dbunit.org/features/qualifiedTableNames=false, http://www.dbunit.org/properties/tableType=[Ljava.lang.String;@5011bafa, http://www.dbunit.org/properties/resultSetTableFactory=org.dbunit.database.CachedResultSetTableFactory@10bcf083, http://www.dbunit.org/features/datatypeWarning=true}]) - start
146357 [main] TRACE org.dbunit.database.DatabaseConfig  - getFeature(name=http://www.dbunit.org/features/qualifiedTableNames) - start
146357 [main] TRACE org.dbunit.database.DatabaseConfig  - getProperty(name=http://www.dbunit.org/features/qualifiedTableNames) - start
146357 [main] DEBUG org.dbunit.util.QualifiedTableName  - Qualified table names feature is disabled. Returning plain table name
146357 [main] DEBUG org.dbunit.util.QualifiedTableName  - getQualifiedName(prefix=null, name=SCOPEDCONTENTCONDITIONS_SCOPEDCONTENT, escapePattern=null) - start
146357 [main] DEBUG org.dbunit.util.QualifiedTableName  - getQualifiedNameIfEnabled(config=org.dbunit.database.DatabaseConfig[, _propertyMap={http://www.dbunit.org/properties/statementFactory=org.dbunit.database.statement.PreparedStatementFactory@626bc2b8, http://www.dbunit.org/features/caseSensitiveTableNames=false, http://www.dbunit.org/properties/fetchSize=100, http://www.dbunit.org/features/batchedStatements=false, http://www.dbunit.org/properties/metadataHandler=org.dbunit.database.DefaultMetadataHandler@3bbfdfde, http://www.dbunit.org/properties/datatypeFactory=org.dbunit.dataset.datatype.DefaultDataTypeFactory[_toleratedDeltaMap=org.dbunit.dataset.datatype.ToleratedDeltaMap@6452310a], http://www.dbunit.org/properties/escapePattern=null, http://www.dbunit.org/properties/batchSize=100, http://www.dbunit.org/features/qualifiedTableNames=false, http://www.dbunit.org/properties/tableType=[Ljava.lang.String;@5011bafa, http://www.dbunit.org/properties/resultSetTableFactory=org.dbunit.database.CachedResultSetTableFactory@10bcf083, http://www.dbunit.org/features/datatypeWarning=true}]) - start
146357 [main] TRACE org.dbunit.database.DatabaseConfig  - getFeature(name=http://www.dbunit.org/features/qualifiedTableNames) - start
146357 [main] TRACE org.dbunit.database.DatabaseConfig  - getProperty(name=http://www.dbunit.org/features/qualifiedTableNames) - start
146357 [main] DEBUG org.dbunit.util.QualifiedTableName  - Qualified table names feature is disabled. Returning plain table name
146357 [main] DEBUG org.dbunit.util.QualifiedTableName  - getQualifiedName(prefix=null, name=SCOPEDCONTENT, escapePattern=null) - start
146357 [main] DEBUG org.dbunit.database.search.AbstractMetaDataBasedSearchCallback  - newEdge(rs=org.apache.commons.dbcp.DelegatingResultSet@55b5bb43, type=0, from=SCOPEDCONTENTCONDITIONS_SCOPEDCONTENT, to=SCOPEDCONTENT, fkColumn=SCOPED_CONTENT_ID, pkColumn=ID) - start
146357 [main] DEBUG org.dbunit.database.search.AbstractMetaDataBasedSearchCallback  - createFKEdge(rs=org.apache.commons.dbcp.DelegatingResultSet@55b5bb43, type=0, from=SCOPEDCONTENTCONDITIONS_SCOPEDCONTENT, to=SCOPEDCONTENT, fkColumn=SCOPED_CONTENT_ID, pkColumn=ID) - start
146357 [main] DEBUG org.dbunit.database.search.AbstractMetaDataBasedSearchCallback  - Adding edge SCOPEDCONTENTCONDITIONS_SCOPEDCONTENT(SCOPED_CONTENT_ID)->SCOPEDCONTENT(ID)
146357 [main] DEBUG org.dbunit.util.search.Edge  - compareTo(o=SCOPEDCONTENTCONDITIONS_SCOPEDCONTENT(SCOPED_CONTENT_ID)->SCOPEDCONTENT(ID)) - start
146357 [main] DEBUG org.dbunit.util.QualifiedTableName  - getQualifiedNameIfEnabled(config=org.dbunit.database.DatabaseConfig[, _propertyMap={http://www.dbunit.org/properties/statementFactory=org.dbunit.database.statement.PreparedStatementFactory@626bc2b8, http://www.dbunit.org/features/caseSensitiveTableNames=false, http://www.dbunit.org/properties/fetchSize=100, http://www.dbunit.org/features/batchedStatements=false, http://www.dbunit.org/properties/metadataHandler=org.dbunit.database.DefaultMetadataHandler@3bbfdfde, http://www.dbunit.org/properties/datatypeFactory=org.dbunit.dataset.datatype.DefaultDataTypeFactory[_toleratedDeltaMap=org.dbunit.dataset.datatype.ToleratedDeltaMap@6452310a], http://www.dbunit.org/properties/escapePattern=null, http://www.dbunit.org/properties/batchSize=100, http://www.dbunit.org/features/qualifiedTableNames=false, http://www.dbunit.org/properties/tableType=[Ljava.lang.String;@5011bafa, http://www.dbunit.org/properties/resultSetTableFactory=org.dbunit.database.CachedResultSetTableFactory@10bcf083, http://www.dbunit.org/features/datatypeWarning=true}]) - start
146357 [main] TRACE org.dbunit.database.DatabaseConfig  - getFeature(name=http://www.dbunit.org/features/qualifiedTableNames) - start
146357 [main] TRACE org.dbunit.database.DatabaseConfig  - getProperty(name=http://www.dbunit.org/features/qualifiedTableNames) - start
146357 [main] DEBUG org.dbunit.util.QualifiedTableName  - Qualified table names feature is disabled. Returning plain table name
146357 [main] DEBUG org.dbunit.util.QualifiedTableName  - getQualifiedName(prefix=null, name=SCOPEDCONTENTCONDITIONS_SCOPEDCONTENT, escapePattern=null) - start
146357 [main] DEBUG org.dbunit.util.QualifiedTableName  - getQualifiedNameIfEnabled(config=org.dbunit.database.DatabaseConfig[, _propertyMap={http://www.dbunit.org/properties/statementFactory=org.dbunit.database.statement.PreparedStatementFactory@626bc2b8, http://www.dbunit.org/features/caseSensitiveTableNames=false, http://www.dbunit.org/properties/fetchSize=100, http://www.dbunit.org/features/batchedStatements=false, http://www.dbunit.org/properties/metadataHandler=org.dbunit.database.DefaultMetadataHandler@3bbfdfde, http://www.dbunit.org/properties/datatypeFactory=org.dbunit.dataset.datatype.DefaultDataTypeFactory[_toleratedDeltaMap=org.dbunit.dataset.datatype.ToleratedDeltaMap@6452310a], http://www.dbunit.org/properties/escapePattern=null, http://www.dbunit.org/properties/batchSize=100, http://www.dbunit.org/features/qualifiedTableNames=false, http://www.dbunit.org/properties/tableType=[Ljava.lang.String;@5011bafa, http://www.dbunit.org/properties/resultSetTableFactory=org.dbunit.database.CachedResultSetTableFactory@10bcf083, http://www.dbunit.org/features/datatypeWarning=true}]) - start
146357 [main] TRACE org.dbunit.database.DatabaseConfig  - getFeature(name=http://www.dbunit.org/features/qualifiedTableNames) - start
146357 [main] TRACE org.dbunit.database.DatabaseConfig  - getProperty(name=http://www.dbunit.org/features/qualifiedTableNames) - start
146357 [main] DEBUG org.dbunit.util.QualifiedTableName  - Qualified table names feature is disabled. Returning plain table name
146357 [main] DEBUG org.dbunit.util.QualifiedTableName  - getQualifiedName(prefix=null, name=SCOPEDCONTENTCONDITION, escapePattern=null) - start
146357 [main] DEBUG org.dbunit.database.search.AbstractMetaDataBasedSearchCallback  - newEdge(rs=org.apache.commons.dbcp.DelegatingResultSet@55b5bb43, type=0, from=SCOPEDCONTENTCONDITIONS_SCOPEDCONTENT, to=SCOPEDCONTENTCONDITION, fkColumn=SCOPED_CONTENT_CONDITION_ID, pkColumn=ID) - start
146357 [main] DEBUG org.dbunit.database.search.AbstractMetaDataBasedSearchCallback  - createFKEdge(rs=org.apache.commons.dbcp.DelegatingResultSet@55b5bb43, type=0, from=SCOPEDCONTENTCONDITIONS_SCOPEDCONTENT, to=SCOPEDCONTENTCONDITION, fkColumn=SCOPED_CONTENT_CONDITION_ID, pkColumn=ID) - start
146358 [main] DEBUG org.dbunit.database.search.AbstractMetaDataBasedSearchCallback  - Adding edge SCOPEDCONTENTCONDITIONS_SCOPEDCONTENT(SCOPED_CONTENT_CONDITION_ID)->SCOPEDCONTENTCONDITION(ID)
146358 [main] DEBUG org.dbunit.util.search.Edge  - compareTo(o=SCOPEDCONTENTCONDITIONS_SCOPEDCONTENT(SCOPED_CONTENT_ID)->SCOPEDCONTENT(ID)) - start
146358 [main] DEBUG org.dbunit.util.SQLHelper  - close(resultSet=org.apache.commons.dbcp.DelegatingResultSet@55b5bb43) - start
146358 [main] DEBUG org.dbunit.util.search.DepthFirstSearch  - search:SCOPEDCONTENT
146358 [main] DEBUG org.dbunit.database.search.ImportedKeysSearchCallback  - searchNode(node=SCOPEDCONTENT) - start
146358 [main] DEBUG org.dbunit.util.search.DepthFirstSearch  - Pushing SCOPEDCONTENT
146358 [main] DEBUG org.dbunit.database.search.ImportedKeysSearchCallback  - getEdges(node=SCOPEDCONTENT) - start
146358 [main] DEBUG org.dbunit.database.search.AbstractMetaDataBasedSearchCallback  - getNodesFromImportedKeys(node=SCOPEDCONTENT) - start
146358 [main] DEBUG org.dbunit.database.search.AbstractMetaDataBasedSearchCallback  - getNodes(type=0, node=SCOPEDCONTENT) - start
146358 [main] DEBUG org.dbunit.database.DatabaseDataSourceConnection  - getConnection() - start
146358 [main] DEBUG org.dbunit.database.search.AbstractMetaDataBasedSearchCallback  - getNodes(type=0, node=SCOPEDCONTENT, conn=Transaction-aware proxy for target Connection [jdbc:hsqldb:mem:kontrollDS, UserName=sw, HSQL Database Engine Driver], schema=null, metaData=org.apache.commons.dbcp.DelegatingDatabaseMetaData@e1957ab, edges=[]) - start
146358 [main] DEBUG org.dbunit.database.search.AbstractMetaDataBasedSearchCallback  - Getting edges for node SCOPEDCONTENT
146358 [main] TRACE org.dbunit.database.DatabaseConfig  - getProperty(name=http://www.dbunit.org/properties/metadataHandler) - start
146358 [main] TRACE org.dbunit.database.DefaultMetadataHandler  - tableExists(metaData=org.apache.commons.dbcp.DelegatingDatabaseMetaData@e1957ab, schemaName=null, tableName=SCOPEDCONTENT) - start
146359 [main] DEBUG org.dbunit.util.SQLHelper  - close(resultSet=org.apache.commons.dbcp.DelegatingResultSet@7e8509cc) - start
146359 [main] DEBUG org.dbunit.util.QualifiedTableName  - getQualifiedNameIfEnabled(config=org.dbunit.database.DatabaseConfig[, _propertyMap={http://www.dbunit.org/properties/statementFactory=org.dbunit.database.statement.PreparedStatementFactory@626bc2b8, http://www.dbunit.org/features/caseSensitiveTableNames=false, http://www.dbunit.org/properties/fetchSize=100, http://www.dbunit.org/features/batchedStatements=false, http://www.dbunit.org/properties/metadataHandler=org.dbunit.database.DefaultMetadataHandler@3bbfdfde, http://www.dbunit.org/properties/datatypeFactory=org.dbunit.dataset.datatype.DefaultDataTypeFactory[_toleratedDeltaMap=org.dbunit.dataset.datatype.ToleratedDeltaMap@6452310a], http://www.dbunit.org/properties/escapePattern=null, http://www.dbunit.org/properties/batchSize=100, http://www.dbunit.org/features/qualifiedTableNames=false, http://www.dbunit.org/properties/tableType=[Ljava.lang.String;@5011bafa, http://www.dbunit.org/properties/resultSetTableFactory=org.dbunit.database.CachedResultSetTableFactory@10bcf083, http://www.dbunit.org/features/datatypeWarning=true}]) - start
146360 [main] TRACE org.dbunit.database.DatabaseConfig  - getFeature(name=http://www.dbunit.org/features/qualifiedTableNames) - start
146360 [main] TRACE org.dbunit.database.DatabaseConfig  - getProperty(name=http://www.dbunit.org/features/qualifiedTableNames) - start
146360 [main] DEBUG org.dbunit.util.QualifiedTableName  - Qualified table names feature is disabled. Returning plain table name
146360 [main] DEBUG org.dbunit.util.QualifiedTableName  - getQualifiedName(prefix=null, name=SCOPEDCONTENT, escapePattern=null) - start
146360 [main] DEBUG org.dbunit.util.QualifiedTableName  - getQualifiedNameIfEnabled(config=org.dbunit.database.DatabaseConfig[, _propertyMap={http://www.dbunit.org/properties/statementFactory=org.dbunit.database.statement.PreparedStatementFactory@626bc2b8, http://www.dbunit.org/features/caseSensitiveTableNames=false, http://www.dbunit.org/properties/fetchSize=100, http://www.dbunit.org/features/batchedStatements=false, http://www.dbunit.org/properties/metadataHandler=org.dbunit.database.DefaultMetadataHandler@3bbfdfde, http://www.dbunit.org/properties/datatypeFactory=org.dbunit.dataset.datatype.DefaultDataTypeFactory[_toleratedDeltaMap=org.dbunit.dataset.datatype.ToleratedDeltaMap@6452310a], http://www.dbunit.org/properties/escapePattern=null, http://www.dbunit.org/properties/batchSize=100, http://www.dbunit.org/features/qualifiedTableNames=false, http://www.dbunit.org/properties/tableType=[Ljava.lang.String;@5011bafa, http://www.dbunit.org/properties/resultSetTableFactory=org.dbunit.database.CachedResultSetTableFactory@10bcf083, http://www.dbunit.org/features/datatypeWarning=true}]) - start
146360 [main] TRACE org.dbunit.database.DatabaseConfig  - getFeature(name=http://www.dbunit.org/features/qualifiedTableNames) - start
146360 [main] TRACE org.dbunit.database.DatabaseConfig  - getProperty(name=http://www.dbunit.org/features/qualifiedTableNames) - start
146360 [main] DEBUG org.dbunit.util.QualifiedTableName  - Qualified table names feature is disabled. Returning plain table name
146360 [main] DEBUG org.dbunit.util.QualifiedTableName  - getQualifiedName(prefix=null, name=SCOPE, escapePattern=null) - start
146360 [main] DEBUG org.dbunit.database.search.AbstractMetaDataBasedSearchCallback  - newEdge(rs=org.apache.commons.dbcp.DelegatingResultSet@40a2d2f4, type=0, from=SCOPEDCONTENT, to=SCOPE, fkColumn=SCOPE, pkColumn=ID) - start
146360 [main] DEBUG org.dbunit.database.search.AbstractMetaDataBasedSearchCallback  - createFKEdge(rs=org.apache.commons.dbcp.DelegatingResultSet@40a2d2f4, type=0, from=SCOPEDCONTENT, to=SCOPE, fkColumn=SCOPE, pkColumn=ID) - start
146360 [main] DEBUG org.dbunit.database.search.AbstractMetaDataBasedSearchCallback  - Adding edge SCOPEDCONTENT(SCOPE)->SCOPE(ID)
146360 [main] DEBUG org.dbunit.util.search.Edge  - compareTo(o=SCOPEDCONTENT(SCOPE)->SCOPE(ID)) - start
146360 [main] DEBUG org.dbunit.util.SQLHelper  - close(resultSet=org.apache.commons.dbcp.DelegatingResultSet@40a2d2f4) - start
146360 [main] DEBUG org.dbunit.util.search.DepthFirstSearch  - search:SCOPE
146360 [main] DEBUG org.dbunit.database.search.ImportedKeysSearchCallback  - searchNode(node=SCOPE) - start
146360 [main] DEBUG org.dbunit.util.search.DepthFirstSearch  - Pushing SCOPE
146360 [main] DEBUG org.dbunit.database.search.ImportedKeysSearchCallback  - getEdges(node=SCOPE) - start
146360 [main] DEBUG org.dbunit.database.search.AbstractMetaDataBasedSearchCallback  - getNodesFromImportedKeys(node=SCOPE) - start
146360 [main] DEBUG org.dbunit.database.search.AbstractMetaDataBasedSearchCallback  - getNodes(type=0, node=SCOPE) - start
146360 [main] DEBUG org.dbunit.database.DatabaseDataSourceConnection  - getConnection() - start
146360 [main] DEBUG org.dbunit.database.search.AbstractMetaDataBasedSearchCallback  - getNodes(type=0, node=SCOPE, conn=Transaction-aware proxy for target Connection [jdbc:hsqldb:mem:kontrollDS, UserName=sw, HSQL Database Engine Driver], schema=null, metaData=org.apache.commons.dbcp.DelegatingDatabaseMetaData@1c7b253, edges=[]) - start
146360 [main] DEBUG org.dbunit.database.search.AbstractMetaDataBasedSearchCallback  - Getting edges for node SCOPE
146360 [main] TRACE org.dbunit.database.DatabaseConfig  - getProperty(name=http://www.dbunit.org/properties/metadataHandler) - start
146360 [main] TRACE org.dbunit.database.DefaultMetadataHandler  - tableExists(metaData=org.apache.commons.dbcp.DelegatingDatabaseMetaData@1c7b253, schemaName=null, tableName=SCOPE) - start
146361 [main] DEBUG org.dbunit.util.SQLHelper  - close(resultSet=org.apache.commons.dbcp.DelegatingResultSet@2d039f1d) - start
146362 [main] DEBUG org.dbunit.util.SQLHelper  - close(resultSet=org.apache.commons.dbcp.DelegatingResultSet@a9f26f9) - start
146362 [main] DEBUG org.dbunit.util.search.DepthFirstSearch  - Adding node SCOPE to the final result
146362 [main] DEBUG org.dbunit.util.search.DepthFirstSearch  - Adding node SCOPEDCONTENT to the final result
146362 [main] DEBUG org.dbunit.util.search.DepthFirstSearch  - search:SCOPEDCONTENTCONDITION
146362 [main] DEBUG org.dbunit.database.search.ImportedKeysSearchCallback  - searchNode(node=SCOPEDCONTENTCONDITION) - start
146362 [main] DEBUG org.dbunit.util.search.DepthFirstSearch  - Pushing SCOPEDCONTENTCONDITION
146362 [main] DEBUG org.dbunit.util.search.DepthFirstSearch  - Adding node SCOPEDCONTENTCONDITION to the final result
146362 [main] DEBUG org.dbunit.util.search.DepthFirstSearch  - Adding node SCOPEDCONTENTCONDITIONS_SCOPEDCONTENT to the final result
146362 [main] DEBUG org.dbunit.util.search.DepthFirstSearch  - reverseSearch:SCOPEDCONTENT
146362 [main] DEBUG org.dbunit.database.search.ImportedKeysSearchCallback  - searchNode(node=SCOPEDCONTENT) - start
146362 [main] DEBUG org.dbunit.util.search.DepthFirstSearch  - Pushing (reverse) SCOPEDCONTENT
146362 [main] DEBUG org.dbunit.database.search.ImportedKeysSearchCallback  - getEdges(node=SCOPEDCONTENT) - start
146362 [main] DEBUG org.dbunit.database.search.AbstractMetaDataBasedSearchCallback  - getNodesFromImportedKeys(node=SCOPEDCONTENT) - start
146362 [main] DEBUG org.dbunit.database.search.AbstractMetaDataBasedSearchCallback  - getNodes(type=0, node=SCOPEDCONTENT) - start
146362 [main] DEBUG org.dbunit.database.DatabaseDataSourceConnection  - getConnection() - start
146362 [main] DEBUG org.dbunit.database.search.AbstractMetaDataBasedSearchCallback  - getNodes(type=0, node=SCOPEDCONTENT, conn=Transaction-aware proxy for target Connection [jdbc:hsqldb:mem:kontrollDS, UserName=sw, HSQL Database Engine Driver], schema=null, metaData=org.apache.commons.dbcp.DelegatingDatabaseMetaData@56b7aae1, edges=[]) - start
146362 [main] DEBUG org.dbunit.database.search.AbstractMetaDataBasedSearchCallback  - Getting edges for node SCOPEDCONTENT
146362 [main] TRACE org.dbunit.database.DatabaseConfig  - getProperty(name=http://www.dbunit.org/properties/metadataHandler) - start
146362 [main] TRACE org.dbunit.database.DefaultMetadataHandler  - tableExists(metaData=org.apache.commons.dbcp.DelegatingDatabaseMetaData@56b7aae1, schemaName=null, tableName=SCOPEDCONTENT) - start
146363 [main] DEBUG org.dbunit.util.SQLHelper  - close(resultSet=org.apache.commons.dbcp.DelegatingResultSet@331cf02d) - start
146364 [main] DEBUG org.dbunit.util.QualifiedTableName  - getQualifiedNameIfEnabled(config=org.dbunit.database.DatabaseConfig[, _propertyMap={http://www.dbunit.org/properties/statementFactory=org.dbunit.database.statement.PreparedStatementFactory@626bc2b8, http://www.dbunit.org/features/caseSensitiveTableNames=false, http://www.dbunit.org/properties/fetchSize=100, http://www.dbunit.org/features/batchedStatements=false, http://www.dbunit.org/properties/metadataHandler=org.dbunit.database.DefaultMetadataHandler@3bbfdfde, http://www.dbunit.org/properties/datatypeFactory=org.dbunit.dataset.datatype.DefaultDataTypeFactory[_toleratedDeltaMap=org.dbunit.dataset.datatype.ToleratedDeltaMap@6452310a], http://www.dbunit.org/properties/escapePattern=null, http://www.dbunit.org/properties/batchSize=100, http://www.dbunit.org/features/qualifiedTableNames=false, http://www.dbunit.org/properties/tableType=[Ljava.lang.String;@5011bafa, http://www.dbunit.org/properties/resultSetTableFactory=org.dbunit.database.CachedResultSetTableFactory@10bcf083, http://www.dbunit.org/features/datatypeWarning=true}]) - start
146364 [main] TRACE org.dbunit.database.DatabaseConfig  - getFeature(name=http://www.dbunit.org/features/qualifiedTableNames) - start
146364 [main] TRACE org.dbunit.database.DatabaseConfig  - getProperty(name=http://www.dbunit.org/features/qualifiedTableNames) - start
146364 [main] DEBUG org.dbunit.util.QualifiedTableName  - Qualified table names feature is disabled. Returning plain table name
146364 [main] DEBUG org.dbunit.util.QualifiedTableName  - getQualifiedName(prefix=null, name=SCOPEDCONTENT, escapePattern=null) - start
146364 [main] DEBUG org.dbunit.util.QualifiedTableName  - getQualifiedNameIfEnabled(config=org.dbunit.database.DatabaseConfig[, _propertyMap={http://www.dbunit.org/properties/statementFactory=org.dbunit.database.statement.PreparedStatementFactory@626bc2b8, http://www.dbunit.org/features/caseSensitiveTableNames=false, http://www.dbunit.org/properties/fetchSize=100, http://www.dbunit.org/features/batchedStatements=false, http://www.dbunit.org/properties/metadataHandler=org.dbunit.database.DefaultMetadataHandler@3bbfdfde, http://www.dbunit.org/properties/datatypeFactory=org.dbunit.dataset.datatype.DefaultDataTypeFactory[_toleratedDeltaMap=org.dbunit.dataset.datatype.ToleratedDeltaMap@6452310a], http://www.dbunit.org/properties/escapePattern=null, http://www.dbunit.org/properties/batchSize=100, http://www.dbunit.org/features/qualifiedTableNames=false, http://www.dbunit.org/properties/tableType=[Ljava.lang.String;@5011bafa, http://www.dbunit.org/properties/resultSetTableFactory=org.dbunit.database.CachedResultSetTableFactory@10bcf083, http://www.dbunit.org/features/datatypeWarning=true}]) - start
146364 [main] TRACE org.dbunit.database.DatabaseConfig  - getFeature(name=http://www.dbunit.org/features/qualifiedTableNames) - start
146364 [main] TRACE org.dbunit.database.DatabaseConfig  - getProperty(name=http://www.dbunit.org/features/qualifiedTableNames) - start
146364 [main] DEBUG org.dbunit.util.QualifiedTableName  - Qualified table names feature is disabled. Returning plain table name
146365 [main] DEBUG org.dbunit.util.QualifiedTableName  - getQualifiedName(prefix=null, name=SCOPE, escapePattern=null) - start
146365 [main] DEBUG org.dbunit.database.search.AbstractMetaDataBasedSearchCallback  - newEdge(rs=org.apache.commons.dbcp.DelegatingResultSet@48ff764d, type=0, from=SCOPEDCONTENT, to=SCOPE, fkColumn=SCOPE, pkColumn=ID) - start
146365 [main] DEBUG org.dbunit.database.search.AbstractMetaDataBasedSearchCallback  - createFKEdge(rs=org.apache.commons.dbcp.DelegatingResultSet@48ff764d, type=0, from=SCOPEDCONTENT, to=SCOPE, fkColumn=SCOPE, pkColumn=ID) - start
146365 [main] DEBUG org.dbunit.database.search.AbstractMetaDataBasedSearchCallback  - Adding edge SCOPEDCONTENT(SCOPE)->SCOPE(ID)
146365 [main] DEBUG org.dbunit.util.search.Edge  - compareTo(o=SCOPEDCONTENT(SCOPE)->SCOPE(ID)) - start
146365 [main] DEBUG org.dbunit.util.SQLHelper  - close(resultSet=org.apache.commons.dbcp.DelegatingResultSet@48ff764d) - start
146365 [main] DEBUG org.dbunit.util.search.DepthFirstSearch  - reverseSearch:SCOPE
146365 [main] DEBUG org.dbunit.database.search.ImportedKeysSearchCallback  - searchNode(node=SCOPE) - start
146365 [main] DEBUG org.dbunit.util.search.DepthFirstSearch  - Pushing (reverse) SCOPE
146365 [main] DEBUG org.dbunit.database.search.ImportedKeysSearchCallback  - getEdges(node=SCOPE) - start
146365 [main] DEBUG org.dbunit.database.search.AbstractMetaDataBasedSearchCallback  - getNodesFromImportedKeys(node=SCOPE) - start
146365 [main] DEBUG org.dbunit.database.search.AbstractMetaDataBasedSearchCallback  - getNodes(type=0, node=SCOPE) - start
146365 [main] DEBUG org.dbunit.database.DatabaseDataSourceConnection  - getConnection() - start
146365 [main] DEBUG org.dbunit.database.search.AbstractMetaDataBasedSearchCallback  - getNodes(type=0, node=SCOPE, conn=Transaction-aware proxy for target Connection [jdbc:hsqldb:mem:kontrollDS, UserName=sw, HSQL Database Engine Driver], schema=null, metaData=org.apache.commons.dbcp.DelegatingDatabaseMetaData@7bafdeab, edges=[]) - start
146365 [main] DEBUG org.dbunit.database.search.AbstractMetaDataBasedSearchCallback  - Getting edges for node SCOPE
146365 [main] TRACE org.dbunit.database.DatabaseConfig  - getProperty(name=http://www.dbunit.org/properties/metadataHandler) - start
146365 [main] TRACE org.dbunit.database.DefaultMetadataHandler  - tableExists(metaData=org.apache.commons.dbcp.DelegatingDatabaseMetaData@7bafdeab, schemaName=null, tableName=SCOPE) - start
146366 [main] DEBUG org.dbunit.util.SQLHelper  - close(resultSet=org.apache.commons.dbcp.DelegatingResultSet@2c3a5bcd) - start
146366 [main] DEBUG org.dbunit.util.SQLHelper  - close(resultSet=org.apache.commons.dbcp.DelegatingResultSet@6eec2f65) - start
146366 [main] DEBUG org.dbunit.util.search.DepthFirstSearch  - reverseSearch:SCOPEDCONTENTCONDITION
146366 [main] DEBUG org.dbunit.database.search.ImportedKeysSearchCallback  - searchNode(node=SCOPEDCONTENTCONDITION) - start
146367 [main] DEBUG org.dbunit.util.search.DepthFirstSearch  - Pushing (reverse) SCOPEDCONTENTCONDITION
146367 [main] DEBUG org.dbunit.database.search.ImportedKeysSearchCallback  - getEdges(node=SCOPEDCONTENTCONDITION) - start
146367 [main] DEBUG org.dbunit.database.search.AbstractMetaDataBasedSearchCallback  - getNodesFromImportedKeys(node=SCOPEDCONTENTCONDITION) - start
146367 [main] DEBUG org.dbunit.database.search.AbstractMetaDataBasedSearchCallback  - getNodes(type=0, node=SCOPEDCONTENTCONDITION) - start
146367 [main] DEBUG org.dbunit.database.DatabaseDataSourceConnection  - getConnection() - start
146367 [main] DEBUG org.dbunit.database.search.AbstractMetaDataBasedSearchCallback  - getNodes(type=0, node=SCOPEDCONTENTCONDITION, conn=Transaction-aware proxy for target Connection [jdbc:hsqldb:mem:kontrollDS, UserName=sw, HSQL Database Engine Driver], schema=null, metaData=org.apache.commons.dbcp.DelegatingDatabaseMetaData@541bc8c7, edges=[]) - start
146367 [main] DEBUG org.dbunit.database.search.AbstractMetaDataBasedSearchCallback  - Getting edges for node SCOPEDCONTENTCONDITION
146367 [main] TRACE org.dbunit.database.DatabaseConfig  - getProperty(name=http://www.dbunit.org/properties/metadataHandler) - start
146367 [main] TRACE org.dbunit.database.DefaultMetadataHandler  - tableExists(metaData=org.apache.commons.dbcp.DelegatingDatabaseMetaData@541bc8c7, schemaName=null, tableName=SCOPEDCONTENTCONDITION) - start
146368 [main] DEBUG org.dbunit.util.SQLHelper  - close(resultSet=org.apache.commons.dbcp.DelegatingResultSet@4b0f579e) - start
146368 [main] DEBUG org.dbunit.util.SQLHelper  - close(resultSet=org.apache.commons.dbcp.DelegatingResultSet@4b3ed2e8) - start
146368 [main] DEBUG org.dbunit.util.search.DepthFirstSearch  - reverseSearch:SCOPEDCONTENTCONDITIONS_SCOPEDCONTENT
146368 [main] DEBUG org.dbunit.util.search.DepthFirstSearch  - already searched; returning true
146368 [main] DEBUG org.dbunit.util.search.DepthFirstSearch  - search:SCOPEDCONTENTCONDITIONS_SCOPEDCONTENT
146368 [main] DEBUG org.dbunit.util.search.DepthFirstSearch  - already searched; returning true
146368 [main] DEBUG org.dbunit.util.search.DepthFirstSearch  - search:SCOPEDCONTENT
146368 [main] DEBUG org.dbunit.util.search.DepthFirstSearch  - already searched; returning true
146368 [main] DEBUG org.dbunit.util.search.DepthFirstSearch  - search:SCOPE
146368 [main] DEBUG org.dbunit.util.search.DepthFirstSearch  - already searched; returning true
146368 [main] DEBUG org.dbunit.util.search.DepthFirstSearch  - search:SCOPEDCONTENTCONDITION
146368 [main] DEBUG org.dbunit.util.search.DepthFirstSearch  - already searched; returning true
146368 [main] DEBUG org.dbunit.database.DatabaseSequenceFilter  - getDependencyInfo(connection=_databaseConfig=org.dbunit.database.DatabaseConfig[, _propertyMap={http://www.dbunit.org/properties/statementFactory=org.dbunit.database.statement.PreparedStatementFactory@626bc2b8, http://www.dbunit.org/features/caseSensitiveTableNames=false, http://www.dbunit.org/properties/fetchSize=100, http://www.dbunit.org/features/batchedStatements=false, http://www.dbunit.org/properties/metadataHandler=org.dbunit.database.DefaultMetadataHandler@3bbfdfde, http://www.dbunit.org/properties/datatypeFactory=org.dbunit.dataset.datatype.DefaultDataTypeFactory[_toleratedDeltaMap=org.dbunit.dataset.datatype.ToleratedDeltaMap@6452310a], http://www.dbunit.org/properties/escapePattern=null, http://www.dbunit.org/properties/batchSize=100, http://www.dbunit.org/features/qualifiedTableNames=false, http://www.dbunit.org/properties/tableType=[Ljava.lang.String;@5011bafa, http://www.dbunit.org/properties/resultSetTableFactory=org.dbunit.database.CachedResultSetTableFactory@10bcf083, http://www.dbunit.org/features/datatypeWarning=true}], _dataSet=AbstractDataSet[_orderedTableNameMap=null], tableName=SCOPEDCONTENTCONDITIONS_SCOPEDCONTENTITEM) - start
146369 [main] DEBUG org.dbunit.database.search.TablesDependencyHelper  - getDependentTables(connection=_databaseConfig=org.dbunit.database.DatabaseConfig[, _propertyMap={http://www.dbunit.org/properties/statementFactory=org.dbunit.database.statement.PreparedStatementFactory@626bc2b8, http://www.dbunit.org/features/caseSensitiveTableNames=false, http://www.dbunit.org/properties/fetchSize=100, http://www.dbunit.org/features/batchedStatements=false, http://www.dbunit.org/properties/metadataHandler=org.dbunit.database.DefaultMetadataHandler@3bbfdfde, http://www.dbunit.org/properties/datatypeFactory=org.dbunit.dataset.datatype.DefaultDataTypeFactory[_toleratedDeltaMap=org.dbunit.dataset.datatype.ToleratedDeltaMap@6452310a], http://www.dbunit.org/properties/escapePattern=null, http://www.dbunit.org/properties/batchSize=100, http://www.dbunit.org/features/qualifiedTableNames=false, http://www.dbunit.org/properties/tableType=[Ljava.lang.String;@5011bafa, http://www.dbunit.org/properties/resultSetTableFactory=org.dbunit.database.CachedResultSetTableFactory@10bcf083, http://www.dbunit.org/features/datatypeWarning=true}], _dataSet=AbstractDataSet[_orderedTableNameMap=null], rootTable=SCOPEDCONTENTCONDITIONS_SCOPEDCONTENTITEM) - start
146369 [main] DEBUG org.dbunit.database.search.TablesDependencyHelper  - getDependentTables(connection=_databaseConfig=org.dbunit.database.DatabaseConfig[, _propertyMap={http://www.dbunit.org/properties/statementFactory=org.dbunit.database.statement.PreparedStatementFactory@626bc2b8, http://www.dbunit.org/features/caseSensitiveTableNames=false, http://www.dbunit.org/properties/fetchSize=100, http://www.dbunit.org/features/batchedStatements=false, http://www.dbunit.org/properties/metadataHandler=org.dbunit.database.DefaultMetadataHandler@3bbfdfde, http://www.dbunit.org/properties/datatypeFactory=org.dbunit.dataset.datatype.DefaultDataTypeFactory[_toleratedDeltaMap=org.dbunit.dataset.datatype.ToleratedDeltaMap@6452310a], http://www.dbunit.org/properties/escapePattern=null, http://www.dbunit.org/properties/batchSize=100, http://www.dbunit.org/features/qualifiedTableNames=false, http://www.dbunit.org/properties/tableType=[Ljava.lang.String;@5011bafa, http://www.dbunit.org/properties/resultSetTableFactory=org.dbunit.database.CachedResultSetTableFactory@10bcf083, http://www.dbunit.org/features/datatypeWarning=true}], _dataSet=AbstractDataSet[_orderedTableNameMap=null], rootTables=[SCOPEDCONTENTCONDITIONS_SCOPEDCONTENTITEM]) - start
146369 [main] DEBUG org.dbunit.util.search.DepthFirstSearch  - search(nodesFrom=[SCOPEDCONTENTCONDITIONS_SCOPEDCONTENTITEM], callback=org.dbunit.database.search.ImportedKeysSearchCallback@69c2e673) - start
146369 [main] DEBUG org.dbunit.util.CollectionsHelper  - objectsToSet(objects=SCOPEDCONTENTCONDITIONS_SCOPEDCONTENTITEM) - start
146369 [main] DEBUG org.dbunit.util.search.DepthFirstSearch  - search(nodesFrom=[SCOPEDCONTENTCONDITIONS_SCOPEDCONTENTITEM], callback=org.dbunit.database.search.ImportedKeysSearchCallback@69c2e673) - start
146369 [main] DEBUG org.dbunit.util.search.DepthFirstSearch  - reverseSearch:SCOPEDCONTENTCONDITIONS_SCOPEDCONTENTITEM
146369 [main] DEBUG org.dbunit.database.search.ImportedKeysSearchCallback  - searchNode(node=SCOPEDCONTENTCONDITIONS_SCOPEDCONTENTITEM) - start
146369 [main] DEBUG org.dbunit.util.search.DepthFirstSearch  - Pushing (reverse) SCOPEDCONTENTCONDITIONS_SCOPEDCONTENTITEM
146369 [main] DEBUG org.dbunit.database.search.ImportedKeysSearchCallback  - getEdges(node=SCOPEDCONTENTCONDITIONS_SCOPEDCONTENTITEM) - start
146369 [main] DEBUG org.dbunit.database.search.AbstractMetaDataBasedSearchCallback  - getNodesFromImportedKeys(node=SCOPEDCONTENTCONDITIONS_SCOPEDCONTENTITEM) - start
146369 [main] DEBUG org.dbunit.database.search.AbstractMetaDataBasedSearchCallback  - getNodes(type=0, node=SCOPEDCONTENTCONDITIONS_SCOPEDCONTENTITEM) - start
146369 [main] DEBUG org.dbunit.database.DatabaseDataSourceConnection  - getConnection() - start
146369 [main] DEBUG org.dbunit.database.search.AbstractMetaDataBasedSearchCallback  - getNodes(type=0, node=SCOPEDCONTENTCONDITIONS_SCOPEDCONTENTITEM, conn=Transaction-aware proxy for target Connection [jdbc:hsqldb:mem:kontrollDS, UserName=sw, HSQL Database Engine Driver], schema=null, metaData=org.apache.commons.dbcp.DelegatingDatabaseMetaData@7aa7be43, edges=[]) - start
146369 [main] DEBUG org.dbunit.database.search.AbstractMetaDataBasedSearchCallback  - Getting edges for node SCOPEDCONTENTCONDITIONS_SCOPEDCONTENTITEM
146369 [main] TRACE org.dbunit.database.DatabaseConfig  - getProperty(name=http://www.dbunit.org/properties/metadataHandler) - start
146369 [main] TRACE org.dbunit.database.DefaultMetadataHandler  - tableExists(metaData=org.apache.commons.dbcp.DelegatingDatabaseMetaData@7aa7be43, schemaName=null, tableName=SCOPEDCONTENTCONDITIONS_SCOPEDCONTENTITEM) - start
146370 [main] DEBUG org.dbunit.util.SQLHelper  - close(resultSet=org.apache.commons.dbcp.DelegatingResultSet@45298bc8) - start
146371 [main] DEBUG org.dbunit.util.QualifiedTableName  - getQualifiedNameIfEnabled(config=org.dbunit.database.DatabaseConfig[, _propertyMap={http://www.dbunit.org/properties/statementFactory=org.dbunit.database.statement.PreparedStatementFactory@626bc2b8, http://www.dbunit.org/features/caseSensitiveTableNames=false, http://www.dbunit.org/properties/fetchSize=100, http://www.dbunit.org/features/batchedStatements=false, http://www.dbunit.org/properties/metadataHandler=org.dbunit.database.DefaultMetadataHandler@3bbfdfde, http://www.dbunit.org/properties/datatypeFactory=org.dbunit.dataset.datatype.DefaultDataTypeFactory[_toleratedDeltaMap=org.dbunit.dataset.datatype.ToleratedDeltaMap@6452310a], http://www.dbunit.org/properties/escapePattern=null, http://www.dbunit.org/properties/batchSize=100, http://www.dbunit.org/features/qualifiedTableNames=false, http://www.dbunit.org/properties/tableType=[Ljava.lang.String;@5011bafa, http://www.dbunit.org/properties/resultSetTableFactory=org.dbunit.database.CachedResultSetTableFactory@10bcf083, http://www.dbunit.org/features/datatypeWarning=true}]) - start
146371 [main] TRACE org.dbunit.database.DatabaseConfig  - getFeature(name=http://www.dbunit.org/features/qualifiedTableNames) - start
146371 [main] TRACE org.dbunit.database.DatabaseConfig  - getProperty(name=http://www.dbunit.org/features/qualifiedTableNames) - start
146371 [main] DEBUG org.dbunit.util.QualifiedTableName  - Qualified table names feature is disabled. Returning plain table name
146371 [main] DEBUG org.dbunit.util.QualifiedTableName  - getQualifiedName(prefix=null, name=SCOPEDCONTENTCONDITIONS_SCOPEDCONTENTITEM, escapePattern=null) - start
146371 [main] DEBUG org.dbunit.util.QualifiedTableName  - getQualifiedNameIfEnabled(config=org.dbunit.database.DatabaseConfig[, _propertyMap={http://www.dbunit.org/properties/statementFactory=org.dbunit.database.statement.PreparedStatementFactory@626bc2b8, http://www.dbunit.org/features/caseSensitiveTableNames=false, http://www.dbunit.org/properties/fetchSize=100, http://www.dbunit.org/features/batchedStatements=false, http://www.dbunit.org/properties/metadataHandler=org.dbunit.database.DefaultMetadataHandler@3bbfdfde, http://www.dbunit.org/properties/datatypeFactory=org.dbunit.dataset.datatype.DefaultDataTypeFactory[_toleratedDeltaMap=org.dbunit.dataset.datatype.ToleratedDeltaMap@6452310a], http://www.dbunit.org/properties/escapePattern=null, http://www.dbunit.org/properties/batchSize=100, http://www.dbunit.org/features/qualifiedTableNames=false, http://www.dbunit.org/properties/tableType=[Ljava.lang.String;@5011bafa, http://www.dbunit.org/properties/resultSetTableFactory=org.dbunit.database.CachedResultSetTableFactory@10bcf083, http://www.dbunit.org/features/datatypeWarning=true}]) - start
146371 [main] TRACE org.dbunit.database.DatabaseConfig  - getFeature(name=http://www.dbunit.org/features/qualifiedTableNames) - start
146371 [main] TRACE org.dbunit.database.DatabaseConfig  - getProperty(name=http://www.dbunit.org/features/qualifiedTableNames) - start
146371 [main] DEBUG org.dbunit.util.QualifiedTableName  - Qualified table names feature is disabled. Returning plain table name
146371 [main] DEBUG org.dbunit.util.QualifiedTableName  - getQualifiedName(prefix=null, name=SCOPEDCONTENTCONDITION, escapePattern=null) - start
146371 [main] DEBUG org.dbunit.database.search.AbstractMetaDataBasedSearchCallback  - newEdge(rs=org.apache.commons.dbcp.DelegatingResultSet@6810da0f, type=0, from=SCOPEDCONTENTCONDITIONS_SCOPEDCONTENTITEM, to=SCOPEDCONTENTCONDITION, fkColumn=SCOPED_CONTENT_CONDITION_ID, pkColumn=ID) - start
146371 [main] DEBUG org.dbunit.database.search.AbstractMetaDataBasedSearchCallback  - createFKEdge(rs=org.apache.commons.dbcp.DelegatingResultSet@6810da0f, type=0, from=SCOPEDCONTENTCONDITIONS_SCOPEDCONTENTITEM, to=SCOPEDCONTENTCONDITION, fkColumn=SCOPED_CONTENT_CONDITION_ID, pkColumn=ID) - start
146371 [main] DEBUG org.dbunit.database.search.AbstractMetaDataBasedSearchCallback  - Adding edge SCOPEDCONTENTCONDITIONS_SCOPEDCONTENTITEM(SCOPED_CONTENT_CONDITION_ID)->SCOPEDCONTENTCONDITION(ID)
146371 [main] DEBUG org.dbunit.util.search.Edge  - compareTo(o=SCOPEDCONTENTCONDITIONS_SCOPEDCONTENTITEM(SCOPED_CONTENT_CONDITION_ID)->SCOPEDCONTENTCONDITION(ID)) - start
146371 [main] DEBUG org.dbunit.util.QualifiedTableName  - getQualifiedNameIfEnabled(config=org.dbunit.database.DatabaseConfig[, _propertyMap={http://www.dbunit.org/properties/statementFactory=org.dbunit.database.statement.PreparedStatementFactory@626bc2b8, http://www.dbunit.org/features/caseSensitiveTableNames=false, http://www.dbunit.org/properties/fetchSize=100, http://www.dbunit.org/features/batchedStatements=false, http://www.dbunit.org/properties/metadataHandler=org.dbunit.database.DefaultMetadataHandler@3bbfdfde, http://www.dbunit.org/properties/datatypeFactory=org.dbunit.dataset.datatype.DefaultDataTypeFactory[_toleratedDeltaMap=org.dbunit.dataset.datatype.ToleratedDeltaMap@6452310a], http://www.dbunit.org/properties/escapePattern=null, http://www.dbunit.org/properties/batchSize=100, http://www.dbunit.org/features/qualifiedTableNames=false, http://www.dbunit.org/properties/tableType=[Ljava.lang.String;@5011bafa, http://www.dbunit.org/properties/resultSetTableFactory=org.dbunit.database.CachedResultSetTableFactory@10bcf083, http://www.dbunit.org/features/datatypeWarning=true}]) - start
146371 [main] TRACE org.dbunit.database.DatabaseConfig  - getFeature(name=http://www.dbunit.org/features/qualifiedTableNames) - start
146371 [main] TRACE org.dbunit.database.DatabaseConfig  - getProperty(name=http://www.dbunit.org/features/qualifiedTableNames) - start
146371 [main] DEBUG org.dbunit.util.QualifiedTableName  - Qualified table names feature is disabled. Returning plain table name
146371 [main] DEBUG org.dbunit.util.QualifiedTableName  - getQualifiedName(prefix=null, name=SCOPEDCONTENTCONDITIONS_SCOPEDCONTENTITEM, escapePattern=null) - start
146371 [main] DEBUG org.dbunit.util.QualifiedTableName  - getQualifiedNameIfEnabled(config=org.dbunit.database.DatabaseConfig[, _propertyMap={http://www.dbunit.org/properties/statementFactory=org.dbunit.database.statement.PreparedStatementFactory@626bc2b8, http://www.dbunit.org/features/caseSensitiveTableNames=false, http://www.dbunit.org/properties/fetchSize=100, http://www.dbunit.org/features/batchedStatements=false, http://www.dbunit.org/properties/metadataHandler=org.dbunit.database.DefaultMetadataHandler@3bbfdfde, http://www.dbunit.org/properties/datatypeFactory=org.dbunit.dataset.datatype.DefaultDataTypeFactory[_toleratedDeltaMap=org.dbunit.dataset.datatype.ToleratedDeltaMap@6452310a], http://www.dbunit.org/properties/escapePattern=null, http://www.dbunit.org/properties/batchSize=100, http://www.dbunit.org/features/qualifiedTableNames=false, http://www.dbunit.org/properties/tableType=[Ljava.lang.String;@5011bafa, http://www.dbunit.org/properties/resultSetTableFactory=org.dbunit.database.CachedResultSetTableFactory@10bcf083, http://www.dbunit.org/features/datatypeWarning=true}]) - start
146371 [main] TRACE org.dbunit.database.DatabaseConfig  - getFeature(name=http://www.dbunit.org/features/qualifiedTableNames) - start
146371 [main] TRACE org.dbunit.database.DatabaseConfig  - getProperty(name=http://www.dbunit.org/features/qualifiedTableNames) - start
146371 [main] DEBUG org.dbunit.util.QualifiedTableName  - Qualified table names feature is disabled. Returning plain table name
146371 [main] DEBUG org.dbunit.util.QualifiedTableName  - getQualifiedName(prefix=null, name=SCOPEDCONTENTITEM, escapePattern=null) - start
146372 [main] DEBUG org.dbunit.database.search.AbstractMetaDataBasedSearchCallback  - newEdge(rs=org.apache.commons.dbcp.DelegatingResultSet@6810da0f, type=0, from=SCOPEDCONTENTCONDITIONS_SCOPEDCONTENTITEM, to=SCOPEDCONTENTITEM, fkColumn=SCOPED_CONTENT_ITEM_ID, pkColumn=ID) - start
146372 [main] DEBUG org.dbunit.database.search.AbstractMetaDataBasedSearchCallback  - createFKEdge(rs=org.apache.commons.dbcp.DelegatingResultSet@6810da0f, type=0, from=SCOPEDCONTENTCONDITIONS_SCOPEDCONTENTITEM, to=SCOPEDCONTENTITEM, fkColumn=SCOPED_CONTENT_ITEM_ID, pkColumn=ID) - start
146372 [main] DEBUG org.dbunit.database.search.AbstractMetaDataBasedSearchCallback  - Adding edge SCOPEDCONTENTCONDITIONS_SCOPEDCONTENTITEM(SCOPED_CONTENT_ITEM_ID)->SCOPEDCONTENTITEM(ID)
146372 [main] DEBUG org.dbunit.util.search.Edge  - compareTo(o=SCOPEDCONTENTCONDITIONS_SCOPEDCONTENTITEM(SCOPED_CONTENT_CONDITION_ID)->SCOPEDCONTENTCONDITION(ID)) - start
146372 [main] DEBUG org.dbunit.util.SQLHelper  - close(resultSet=org.apache.commons.dbcp.DelegatingResultSet@6810da0f) - start
146372 [main] DEBUG org.dbunit.util.search.DepthFirstSearch  - search:SCOPEDCONTENTCONDITIONS_SCOPEDCONTENTITEM
146372 [main] DEBUG org.dbunit.database.search.ImportedKeysSearchCallback  - searchNode(node=SCOPEDCONTENTCONDITIONS_SCOPEDCONTENTITEM) - start
146372 [main] DEBUG org.dbunit.util.search.DepthFirstSearch  - Pushing SCOPEDCONTENTCONDITIONS_SCOPEDCONTENTITEM
146372 [main] DEBUG org.dbunit.database.search.ImportedKeysSearchCallback  - getEdges(node=SCOPEDCONTENTCONDITIONS_SCOPEDCONTENTITEM) - start
146372 [main] DEBUG org.dbunit.database.search.AbstractMetaDataBasedSearchCallback  - getNodesFromImportedKeys(node=SCOPEDCONTENTCONDITIONS_SCOPEDCONTENTITEM) - start
146372 [main] DEBUG org.dbunit.database.search.AbstractMetaDataBasedSearchCallback  - getNodes(type=0, node=SCOPEDCONTENTCONDITIONS_SCOPEDCONTENTITEM) - start
146372 [main] DEBUG org.dbunit.database.DatabaseDataSourceConnection  - getConnection() - start
146372 [main] DEBUG org.dbunit.database.search.AbstractMetaDataBasedSearchCallback  - getNodes(type=0, node=SCOPEDCONTENTCONDITIONS_SCOPEDCONTENTITEM, conn=Transaction-aware proxy for target Connection [jdbc:hsqldb:mem:kontrollDS, UserName=sw, HSQL Database Engine Driver], schema=null, metaData=org.apache.commons.dbcp.DelegatingDatabaseMetaData@2a5c4429, edges=[]) - start
146372 [main] DEBUG org.dbunit.database.search.AbstractMetaDataBasedSearchCallback  - Getting edges for node SCOPEDCONTENTCONDITIONS_SCOPEDCONTENTITEM
146372 [main] TRACE org.dbunit.database.DatabaseConfig  - getProperty(name=http://www.dbunit.org/properties/metadataHandler) - start
146372 [main] TRACE org.dbunit.database.DefaultMetadataHandler  - tableExists(metaData=org.apache.commons.dbcp.DelegatingDatabaseMetaData@2a5c4429, schemaName=null, tableName=SCOPEDCONTENTCONDITIONS_SCOPEDCONTENTITEM) - start
146373 [main] DEBUG org.dbunit.util.SQLHelper  - close(resultSet=org.apache.commons.dbcp.DelegatingResultSet@5825e2e1) - start
146374 [main] DEBUG org.dbunit.util.QualifiedTableName  - getQualifiedNameIfEnabled(config=org.dbunit.database.DatabaseConfig[, _propertyMap={http://www.dbunit.org/properties/statementFactory=org.dbunit.database.statement.PreparedStatementFactory@626bc2b8, http://www.dbunit.org/features/caseSensitiveTableNames=false, http://www.dbunit.org/properties/fetchSize=100, http://www.dbunit.org/features/batchedStatements=false, http://www.dbunit.org/properties/metadataHandler=org.dbunit.database.DefaultMetadataHandler@3bbfdfde, http://www.dbunit.org/properties/datatypeFactory=org.dbunit.dataset.datatype.DefaultDataTypeFactory[_toleratedDeltaMap=org.dbunit.dataset.datatype.ToleratedDeltaMap@6452310a], http://www.dbunit.org/properties/escapePattern=null, http://www.dbunit.org/properties/batchSize=100, http://www.dbunit.org/features/qualifiedTableNames=false, http://www.dbunit.org/properties/tableType=[Ljava.lang.String;@5011bafa, http://www.dbunit.org/properties/resultSetTableFactory=org.dbunit.database.CachedResultSetTableFactory@10bcf083, http://www.dbunit.org/features/datatypeWarning=true}]) - start
146374 [main] TRACE org.dbunit.database.DatabaseConfig  - getFeature(name=http://www.dbunit.org/features/qualifiedTableNames) - start
146374 [main] TRACE org.dbunit.database.DatabaseConfig  - getProperty(name=http://www.dbunit.org/features/qualifiedTableNames) - start
146374 [main] DEBUG org.dbunit.util.QualifiedTableName  - Qualified table names feature is disabled. Returning plain table name
146374 [main] DEBUG org.dbunit.util.QualifiedTableName  - getQualifiedName(prefix=null, name=SCOPEDCONTENTCONDITIONS_SCOPEDCONTENTITEM, escapePattern=null) - start
146374 [main] DEBUG org.dbunit.util.QualifiedTableName  - getQualifiedNameIfEnabled(config=org.dbunit.database.DatabaseConfig[, _propertyMap={http://www.dbunit.org/properties/statementFactory=org.dbunit.database.statement.PreparedStatementFactory@626bc2b8, http://www.dbunit.org/features/caseSensitiveTableNames=false, http://www.dbunit.org/properties/fetchSize=100, http://www.dbunit.org/features/batchedStatements=false, http://www.dbunit.org/properties/metadataHandler=org.dbunit.database.DefaultMetadataHandler@3bbfdfde, http://www.dbunit.org/properties/datatypeFactory=org.dbunit.dataset.datatype.DefaultDataTypeFactory[_toleratedDeltaMap=org.dbunit.dataset.datatype.ToleratedDeltaMap@6452310a], http://www.dbunit.org/properties/escapePattern=null, http://www.dbunit.org/properties/batchSize=100, http://www.dbunit.org/features/qualifiedTableNames=false, http://www.dbunit.org/properties/tableType=[Ljava.lang.String;@5011bafa, http://www.dbunit.org/properties/resultSetTableFactory=org.dbunit.database.CachedResultSetTableFactory@10bcf083, http://www.dbunit.org/features/datatypeWarning=true}]) - start
146374 [main] TRACE org.dbunit.database.DatabaseConfig  - getFeature(name=http://www.dbunit.org/features/qualifiedTableNames) - start
146374 [main] TRACE org.dbunit.database.DatabaseConfig  - getProperty(name=http://www.dbunit.org/features/qualifiedTableNames) - start
146374 [main] DEBUG org.dbunit.util.QualifiedTableName  - Qualified table names feature is disabled. Returning plain table name
146374 [main] DEBUG org.dbunit.util.QualifiedTableName  - getQualifiedName(prefix=null, name=SCOPEDCONTENTCONDITION, escapePattern=null) - start
146374 [main] DEBUG org.dbunit.database.search.AbstractMetaDataBasedSearchCallback  - newEdge(rs=org.apache.commons.dbcp.DelegatingResultSet@54bfd41b, type=0, from=SCOPEDCONTENTCONDITIONS_SCOPEDCONTENTITEM, to=SCOPEDCONTENTCONDITION, fkColumn=SCOPED_CONTENT_CONDITION_ID, pkColumn=ID) - start
146374 [main] DEBUG org.dbunit.database.search.AbstractMetaDataBasedSearchCallback  - createFKEdge(rs=org.apache.commons.dbcp.DelegatingResultSet@54bfd41b, type=0, from=SCOPEDCONTENTCONDITIONS_SCOPEDCONTENTITEM, to=SCOPEDCONTENTCONDITION, fkColumn=SCOPED_CONTENT_CONDITION_ID, pkColumn=ID) - start
146374 [main] DEBUG org.dbunit.database.search.AbstractMetaDataBasedSearchCallback  - Adding edge SCOPEDCONTENTCONDITIONS_SCOPEDCONTENTITEM(SCOPED_CONTENT_CONDITION_ID)->SCOPEDCONTENTCONDITION(ID)
146374 [main] DEBUG org.dbunit.util.search.Edge  - compareTo(o=SCOPEDCONTENTCONDITIONS_SCOPEDCONTENTITEM(SCOPED_CONTENT_CONDITION_ID)->SCOPEDCONTENTCONDITION(ID)) - start
146374 [main] DEBUG org.dbunit.util.QualifiedTableName  - getQualifiedNameIfEnabled(config=org.dbunit.database.DatabaseConfig[, _propertyMap={http://www.dbunit.org/properties/statementFactory=org.dbunit.database.statement.PreparedStatementFactory@626bc2b8, http://www.dbunit.org/features/caseSensitiveTableNames=false, http://www.dbunit.org/properties/fetchSize=100, http://www.dbunit.org/features/batchedStatements=false, http://www.dbunit.org/properties/metadataHandler=org.dbunit.database.DefaultMetadataHandler@3bbfdfde, http://www.dbunit.org/properties/datatypeFactory=org.dbunit.dataset.datatype.DefaultDataTypeFactory[_toleratedDeltaMap=org.dbunit.dataset.datatype.ToleratedDeltaMap@6452310a], http://www.dbunit.org/properties/escapePattern=null, http://www.dbunit.org/properties/batchSize=100, http://www.dbunit.org/features/qualifiedTableNames=false, http://www.dbunit.org/properties/tableType=[Ljava.lang.String;@5011bafa, http://www.dbunit.org/properties/resultSetTableFactory=org.dbunit.database.CachedResultSetTableFactory@10bcf083, http://www.dbunit.org/features/datatypeWarning=true}]) - start
146374 [main] TRACE org.dbunit.database.DatabaseConfig  - getFeature(name=http://www.dbunit.org/features/qualifiedTableNames) - start
146374 [main] TRACE org.dbunit.database.DatabaseConfig  - getProperty(name=http://www.dbunit.org/features/qualifiedTableNames) - start
146374 [main] DEBUG org.dbunit.util.QualifiedTableName  - Qualified table names feature is disabled. Returning plain table name
146374 [main] DEBUG org.dbunit.util.QualifiedTableName  - getQualifiedName(prefix=null, name=SCOPEDCONTENTCONDITIONS_SCOPEDCONTENTITEM, escapePattern=null) - start
146374 [main] DEBUG org.dbunit.util.QualifiedTableName  - getQualifiedNameIfEnabled(config=org.dbunit.database.DatabaseConfig[, _propertyMap={http://www.dbunit.org/properties/statementFactory=org.dbunit.database.statement.PreparedStatementFactory@626bc2b8, http://www.dbunit.org/features/caseSensitiveTableNames=false, http://www.dbunit.org/properties/fetchSize=100, http://www.dbunit.org/features/batchedStatements=false, http://www.dbunit.org/properties/metadataHandler=org.dbunit.database.DefaultMetadataHandler@3bbfdfde, http://www.dbunit.org/properties/datatypeFactory=org.dbunit.dataset.datatype.DefaultDataTypeFactory[_toleratedDeltaMap=org.dbunit.dataset.datatype.ToleratedDeltaMap@6452310a], http://www.dbunit.org/properties/escapePattern=null, http://www.dbunit.org/properties/batchSize=100, http://www.dbunit.org/features/qualifiedTableNames=false, http://www.dbunit.org/properties/tableType=[Ljava.lang.String;@5011bafa, http://www.dbunit.org/properties/resultSetTableFactory=org.dbunit.database.CachedResultSetTableFactory@10bcf083, http://www.dbunit.org/features/datatypeWarning=true}]) - start
146374 [main] TRACE org.dbunit.database.DatabaseConfig  - getFeature(name=http://www.dbunit.org/features/qualifiedTableNames) - start
146374 [main] TRACE org.dbunit.database.DatabaseConfig  - getProperty(name=http://www.dbunit.org/features/qualifiedTableNames) - start
146374 [main] DEBUG org.dbunit.util.QualifiedTableName  - Qualified table names feature is disabled. Returning plain table name
146374 [main] DEBUG org.dbunit.util.QualifiedTableName  - getQualifiedName(prefix=null, name=SCOPEDCONTENTITEM, escapePattern=null) - start
146374 [main] DEBUG org.dbunit.database.search.AbstractMetaDataBasedSearchCallback  - newEdge(rs=org.apache.commons.dbcp.DelegatingResultSet@54bfd41b, type=0, from=SCOPEDCONTENTCONDITIONS_SCOPEDCONTENTITEM, to=SCOPEDCONTENTITEM, fkColumn=SCOPED_CONTENT_ITEM_ID, pkColumn=ID) - start
146375 [main] DEBUG org.dbunit.database.search.AbstractMetaDataBasedSearchCallback  - createFKEdge(rs=org.apache.commons.dbcp.DelegatingResultSet@54bfd41b, type=0, from=SCOPEDCONTENTCONDITIONS_SCOPEDCONTENTITEM, to=SCOPEDCONTENTITEM, fkColumn=SCOPED_CONTENT_ITEM_ID, pkColumn=ID) - start
146375 [main] DEBUG org.dbunit.database.search.AbstractMetaDataBasedSearchCallback  - Adding edge SCOPEDCONTENTCONDITIONS_SCOPEDCONTENTITEM(SCOPED_CONTENT_ITEM_ID)->SCOPEDCONTENTITEM(ID)
146375 [main] DEBUG org.dbunit.util.search.Edge  - compareTo(o=SCOPEDCONTENTCONDITIONS_SCOPEDCONTENTITEM(SCOPED_CONTENT_CONDITION_ID)->SCOPEDCONTENTCONDITION(ID)) - start
146375 [main] DEBUG org.dbunit.util.SQLHelper  - close(resultSet=org.apache.commons.dbcp.DelegatingResultSet@54bfd41b) - start
146375 [main] DEBUG org.dbunit.util.search.DepthFirstSearch  - search:SCOPEDCONTENTCONDITION
146375 [main] DEBUG org.dbunit.database.search.ImportedKeysSearchCallback  - searchNode(node=SCOPEDCONTENTCONDITION) - start
146375 [main] DEBUG org.dbunit.util.search.DepthFirstSearch  - Pushing SCOPEDCONTENTCONDITION
146375 [main] DEBUG org.dbunit.database.search.ImportedKeysSearchCallback  - getEdges(node=SCOPEDCONTENTCONDITION) - start
146375 [main] DEBUG org.dbunit.database.search.AbstractMetaDataBasedSearchCallback  - getNodesFromImportedKeys(node=SCOPEDCONTENTCONDITION) - start
146375 [main] DEBUG org.dbunit.database.search.AbstractMetaDataBasedSearchCallback  - getNodes(type=0, node=SCOPEDCONTENTCONDITION) - start
146375 [main] DEBUG org.dbunit.database.DatabaseDataSourceConnection  - getConnection() - start
146375 [main] DEBUG org.dbunit.database.search.AbstractMetaDataBasedSearchCallback  - getNodes(type=0, node=SCOPEDCONTENTCONDITION, conn=Transaction-aware proxy for target Connection [jdbc:hsqldb:mem:kontrollDS, UserName=sw, HSQL Database Engine Driver], schema=null, metaData=org.apache.commons.dbcp.DelegatingDatabaseMetaData@7dfe6414, edges=[]) - start
146375 [main] DEBUG org.dbunit.database.search.AbstractMetaDataBasedSearchCallback  - Getting edges for node SCOPEDCONTENTCONDITION
146375 [main] TRACE org.dbunit.database.DatabaseConfig  - getProperty(name=http://www.dbunit.org/properties/metadataHandler) - start
146375 [main] TRACE org.dbunit.database.DefaultMetadataHandler  - tableExists(metaData=org.apache.commons.dbcp.DelegatingDatabaseMetaData@7dfe6414, schemaName=null, tableName=SCOPEDCONTENTCONDITION) - start
146376 [main] DEBUG org.dbunit.util.SQLHelper  - close(resultSet=org.apache.commons.dbcp.DelegatingResultSet@38736aaa) - start
146376 [main] DEBUG org.dbunit.util.SQLHelper  - close(resultSet=org.apache.commons.dbcp.DelegatingResultSet@1c5ad654) - start
146376 [main] DEBUG org.dbunit.util.search.DepthFirstSearch  - Adding node SCOPEDCONTENTCONDITION to the final result
146376 [main] DEBUG org.dbunit.util.search.DepthFirstSearch  - search:SCOPEDCONTENTITEM
146376 [main] DEBUG org.dbunit.database.search.ImportedKeysSearchCallback  - searchNode(node=SCOPEDCONTENTITEM) - start
146376 [main] DEBUG org.dbunit.util.search.DepthFirstSearch  - Pushing SCOPEDCONTENTITEM
146377 [main] DEBUG org.dbunit.database.search.ImportedKeysSearchCallback  - getEdges(node=SCOPEDCONTENTITEM) - start
146377 [main] DEBUG org.dbunit.database.search.AbstractMetaDataBasedSearchCallback  - getNodesFromImportedKeys(node=SCOPEDCONTENTITEM) - start
146377 [main] DEBUG org.dbunit.database.search.AbstractMetaDataBasedSearchCallback  - getNodes(type=0, node=SCOPEDCONTENTITEM) - start
146377 [main] DEBUG org.dbunit.database.DatabaseDataSourceConnection  - getConnection() - start
146377 [main] DEBUG org.dbunit.database.search.AbstractMetaDataBasedSearchCallback  - getNodes(type=0, node=SCOPEDCONTENTITEM, conn=Transaction-aware proxy for target Connection [jdbc:hsqldb:mem:kontrollDS, UserName=sw, HSQL Database Engine Driver], schema=null, metaData=org.apache.commons.dbcp.DelegatingDatabaseMetaData@fad3357, edges=[]) - start
146377 [main] DEBUG org.dbunit.database.search.AbstractMetaDataBasedSearchCallback  - Getting edges for node SCOPEDCONTENTITEM
146377 [main] TRACE org.dbunit.database.DatabaseConfig  - getProperty(name=http://www.dbunit.org/properties/metadataHandler) - start
146377 [main] TRACE org.dbunit.database.DefaultMetadataHandler  - tableExists(metaData=org.apache.commons.dbcp.DelegatingDatabaseMetaData@fad3357, schemaName=null, tableName=SCOPEDCONTENTITEM) - start
146378 [main] DEBUG org.dbunit.util.SQLHelper  - close(resultSet=org.apache.commons.dbcp.DelegatingResultSet@5c78ee1b) - start
146378 [main] DEBUG org.dbunit.util.SQLHelper  - close(resultSet=org.apache.commons.dbcp.DelegatingResultSet@3a8627f1) - start
146378 [main] DEBUG org.dbunit.util.search.DepthFirstSearch  - Adding node SCOPEDCONTENTITEM to the final result
146378 [main] DEBUG org.dbunit.util.search.DepthFirstSearch  - Adding node SCOPEDCONTENTCONDITIONS_SCOPEDCONTENTITEM to the final result
146378 [main] DEBUG org.dbunit.util.search.DepthFirstSearch  - reverseSearch:SCOPEDCONTENTITEM
146378 [main] DEBUG org.dbunit.database.search.ImportedKeysSearchCallback  - searchNode(node=SCOPEDCONTENTITEM) - start
146378 [main] DEBUG org.dbunit.util.search.DepthFirstSearch  - Pushing (reverse) SCOPEDCONTENTITEM
146378 [main] DEBUG org.dbunit.database.search.ImportedKeysSearchCallback  - getEdges(node=SCOPEDCONTENTITEM) - start
146378 [main] DEBUG org.dbunit.database.search.AbstractMetaDataBasedSearchCallback  - getNodesFromImportedKeys(node=SCOPEDCONTENTITEM) - start
146378 [main] DEBUG org.dbunit.database.search.AbstractMetaDataBasedSearchCallback  - getNodes(type=0, node=SCOPEDCONTENTITEM) - start
146378 [main] DEBUG org.dbunit.database.DatabaseDataSourceConnection  - getConnection() - start
146378 [main] DEBUG org.dbunit.database.search.AbstractMetaDataBasedSearchCallback  - getNodes(type=0, node=SCOPEDCONTENTITEM, conn=Transaction-aware proxy for target Connection [jdbc:hsqldb:mem:kontrollDS, UserName=sw, HSQL Database Engine Driver], schema=null, metaData=org.apache.commons.dbcp.DelegatingDatabaseMetaData@3da85d3b, edges=[]) - start
146379 [main] DEBUG org.dbunit.database.search.AbstractMetaDataBasedSearchCallback  - Getting edges for node SCOPEDCONTENTITEM
146379 [main] TRACE org.dbunit.database.DatabaseConfig  - getProperty(name=http://www.dbunit.org/properties/metadataHandler) - start
146379 [main] TRACE org.dbunit.database.DefaultMetadataHandler  - tableExists(metaData=org.apache.commons.dbcp.DelegatingDatabaseMetaData@3da85d3b, schemaName=null, tableName=SCOPEDCONTENTITEM) - start
146380 [main] DEBUG org.dbunit.util.SQLHelper  - close(resultSet=org.apache.commons.dbcp.DelegatingResultSet@580d6012) - start
146380 [main] DEBUG org.dbunit.util.SQLHelper  - close(resultSet=org.apache.commons.dbcp.DelegatingResultSet@66fc8fdc) - start
146380 [main] DEBUG org.dbunit.util.search.DepthFirstSearch  - reverseSearch:SCOPEDCONTENTCONDITIONS_SCOPEDCONTENTITEM
146380 [main] DEBUG org.dbunit.util.search.DepthFirstSearch  - already searched; returning true
146380 [main] DEBUG org.dbunit.util.search.DepthFirstSearch  - reverseSearch:SCOPEDCONTENTCONDITION
146380 [main] DEBUG org.dbunit.database.search.ImportedKeysSearchCallback  - searchNode(node=SCOPEDCONTENTCONDITION) - start
146380 [main] DEBUG org.dbunit.util.search.DepthFirstSearch  - Pushing (reverse) SCOPEDCONTENTCONDITION
146380 [main] DEBUG org.dbunit.database.search.ImportedKeysSearchCallback  - getEdges(node=SCOPEDCONTENTCONDITION) - start
146380 [main] DEBUG org.dbunit.database.search.AbstractMetaDataBasedSearchCallback  - getNodesFromImportedKeys(node=SCOPEDCONTENTCONDITION) - start
146380 [main] DEBUG org.dbunit.database.search.AbstractMetaDataBasedSearchCallback  - getNodes(type=0, node=SCOPEDCONTENTCONDITION) - start
146380 [main] DEBUG org.dbunit.database.DatabaseDataSourceConnection  - getConnection() - start
146380 [main] DEBUG org.dbunit.database.search.AbstractMetaDataBasedSearchCallback  - getNodes(type=0, node=SCOPEDCONTENTCONDITION, conn=Transaction-aware proxy for target Connection [jdbc:hsqldb:mem:kontrollDS, UserName=sw, HSQL Database Engine Driver], schema=null, metaData=org.apache.commons.dbcp.DelegatingDatabaseMetaData@4f48e956, edges=[]) - start
146380 [main] DEBUG org.dbunit.database.search.AbstractMetaDataBasedSearchCallback  - Getting edges for node SCOPEDCONTENTCONDITION
146380 [main] TRACE org.dbunit.database.DatabaseConfig  - getProperty(name=http://www.dbunit.org/properties/metadataHandler) - start
146380 [main] TRACE org.dbunit.database.DefaultMetadataHandler  - tableExists(metaData=org.apache.commons.dbcp.DelegatingDatabaseMetaData@4f48e956, schemaName=null, tableName=SCOPEDCONTENTCONDITION) - start
146382 [main] DEBUG org.dbunit.util.SQLHelper  - close(resultSet=org.apache.commons.dbcp.DelegatingResultSet@20d2f589) - start
146382 [main] DEBUG org.dbunit.util.SQLHelper  - close(resultSet=org.apache.commons.dbcp.DelegatingResultSet@7117e7a) - start
146382 [main] DEBUG org.dbunit.util.search.DepthFirstSearch  - search:SCOPEDCONTENTCONDITIONS_SCOPEDCONTENTITEM
146382 [main] DEBUG org.dbunit.util.search.DepthFirstSearch  - already searched; returning true
146382 [main] DEBUG org.dbunit.util.search.DepthFirstSearch  - search:SCOPEDCONTENTITEM
146382 [main] DEBUG org.dbunit.util.search.DepthFirstSearch  - already searched; returning true
146382 [main] DEBUG org.dbunit.util.search.DepthFirstSearch  - search:SCOPEDCONTENTCONDITION
146382 [main] DEBUG org.dbunit.util.search.DepthFirstSearch  - already searched; returning true
146382 [main] DEBUG org.dbunit.util.CollectionsHelper  - setToStrings(set=[SCOPEDCONTENTCONDITION, SCOPEDCONTENTITEM, SCOPEDCONTENTCONDITIONS_SCOPEDCONTENTITEM]) - start
146382 [main] DEBUG org.dbunit.database.search.TablesDependencyHelper  - getDependsOnTables(connection=_databaseConfig=org.dbunit.database.DatabaseConfig[, _propertyMap={http://www.dbunit.org/properties/statementFactory=org.dbunit.database.statement.PreparedStatementFactory@626bc2b8, http://www.dbunit.org/features/caseSensitiveTableNames=false, http://www.dbunit.org/properties/fetchSize=100, http://www.dbunit.org/features/batchedStatements=false, http://www.dbunit.org/properties/metadataHandler=org.dbunit.database.DefaultMetadataHandler@3bbfdfde, http://www.dbunit.org/properties/datatypeFactory=org.dbunit.dataset.datatype.DefaultDataTypeFactory[_toleratedDeltaMap=org.dbunit.dataset.datatype.ToleratedDeltaMap@6452310a], http://www.dbunit.org/properties/escapePattern=null, http://www.dbunit.org/properties/batchSize=100, http://www.dbunit.org/features/qualifiedTableNames=false, http://www.dbunit.org/properties/tableType=[Ljava.lang.String;@5011bafa, http://www.dbunit.org/properties/resultSetTableFactory=org.dbunit.database.CachedResultSetTableFactory@10bcf083, http://www.dbunit.org/features/datatypeWarning=true}], _dataSet=AbstractDataSet[_orderedTableNameMap=null], rootTable=SCOPEDCONTENTCONDITIONS_SCOPEDCONTENTITEM) - start
146383 [main] DEBUG org.dbunit.util.search.DepthFirstSearch  - search(nodesFrom=[SCOPEDCONTENTCONDITIONS_SCOPEDCONTENTITEM], callback=org.dbunit.database.search.ExportedKeysSearchCallback@7909b929) - start
146383 [main] DEBUG org.dbunit.util.CollectionsHelper  - objectsToSet(objects=SCOPEDCONTENTCONDITIONS_SCOPEDCONTENTITEM) - start
146383 [main] DEBUG org.dbunit.util.search.DepthFirstSearch  - search(nodesFrom=[SCOPEDCONTENTCONDITIONS_SCOPEDCONTENTITEM], callback=org.dbunit.database.search.ExportedKeysSearchCallback@7909b929) - start
146383 [main] DEBUG org.dbunit.util.search.DepthFirstSearch  - reverseSearch:SCOPEDCONTENTCONDITIONS_SCOPEDCONTENTITEM
146383 [main] DEBUG org.dbunit.database.search.ExportedKeysSearchCallback  - searchNode(node=SCOPEDCONTENTCONDITIONS_SCOPEDCONTENTITEM) - start
146383 [main] DEBUG org.dbunit.util.search.DepthFirstSearch  - Pushing (reverse) SCOPEDCONTENTCONDITIONS_SCOPEDCONTENTITEM
146383 [main] DEBUG org.dbunit.database.search.ExportedKeysSearchCallback  - getEdges(node=SCOPEDCONTENTCONDITIONS_SCOPEDCONTENTITEM) - start
146383 [main] DEBUG org.dbunit.database.search.AbstractMetaDataBasedSearchCallback  - getNodesFromExportedKeys(node=SCOPEDCONTENTCONDITIONS_SCOPEDCONTENTITEM) - start
146383 [main] DEBUG org.dbunit.database.search.AbstractMetaDataBasedSearchCallback  - getNodes(type=1, node=SCOPEDCONTENTCONDITIONS_SCOPEDCONTENTITEM) - start
146383 [main] DEBUG org.dbunit.database.DatabaseDataSourceConnection  - getConnection() - start
146383 [main] DEBUG org.dbunit.database.search.AbstractMetaDataBasedSearchCallback  - getNodes(type=1, node=SCOPEDCONTENTCONDITIONS_SCOPEDCONTENTITEM, conn=Transaction-aware proxy for target Connection [jdbc:hsqldb:mem:kontrollDS, UserName=sw, HSQL Database Engine Driver], schema=null, metaData=org.apache.commons.dbcp.DelegatingDatabaseMetaData@6d5b70d3, edges=[]) - start
146383 [main] DEBUG org.dbunit.database.search.AbstractMetaDataBasedSearchCallback  - Getting edges for node SCOPEDCONTENTCONDITIONS_SCOPEDCONTENTITEM
146383 [main] TRACE org.dbunit.database.DatabaseConfig  - getProperty(name=http://www.dbunit.org/properties/metadataHandler) - start
146383 [main] TRACE org.dbunit.database.DefaultMetadataHandler  - tableExists(metaData=org.apache.commons.dbcp.DelegatingDatabaseMetaData@6d5b70d3, schemaName=null, tableName=SCOPEDCONTENTCONDITIONS_SCOPEDCONTENTITEM) - start
146384 [main] DEBUG org.dbunit.util.SQLHelper  - close(resultSet=org.apache.commons.dbcp.DelegatingResultSet@396979f9) - start
146384 [main] DEBUG org.dbunit.util.SQLHelper  - close(resultSet=org.apache.commons.dbcp.DelegatingResultSet@7fa1836f) - start
146384 [main] DEBUG org.dbunit.util.search.DepthFirstSearch  - search:SCOPEDCONTENTCONDITIONS_SCOPEDCONTENTITEM
146384 [main] DEBUG org.dbunit.database.search.ExportedKeysSearchCallback  - searchNode(node=SCOPEDCONTENTCONDITIONS_SCOPEDCONTENTITEM) - start
146385 [main] DEBUG org.dbunit.util.search.DepthFirstSearch  - Pushing SCOPEDCONTENTCONDITIONS_SCOPEDCONTENTITEM
146393 [main] DEBUG org.dbunit.database.search.ExportedKeysSearchCallback  - getEdges(node=SCOPEDCONTENTCONDITIONS_SCOPEDCONTENTITEM) - start
146393 [main] DEBUG org.dbunit.database.search.AbstractMetaDataBasedSearchCallback  - getNodesFromExportedKeys(node=SCOPEDCONTENTCONDITIONS_SCOPEDCONTENTITEM) - start
146393 [main] DEBUG org.dbunit.database.search.AbstractMetaDataBasedSearchCallback  - getNodes(type=1, node=SCOPEDCONTENTCONDITIONS_SCOPEDCONTENTITEM) - start
146394 [main] DEBUG org.dbunit.database.DatabaseDataSourceConnection  - getConnection() - start
146394 [main] DEBUG org.dbunit.database.search.AbstractMetaDataBasedSearchCallback  - getNodes(type=1, node=SCOPEDCONTENTCONDITIONS_SCOPEDCONTENTITEM, conn=Transaction-aware proxy for target Connection [jdbc:hsqldb:mem:kontrollDS, UserName=sw, HSQL Database Engine Driver], schema=null, metaData=org.apache.commons.dbcp.DelegatingDatabaseMetaData@44bc2ddf, edges=[]) - start
146394 [main] DEBUG org.dbunit.database.search.AbstractMetaDataBasedSearchCallback  - Getting edges for node SCOPEDCONTENTCONDITIONS_SCOPEDCONTENTITEM
146394 [main] TRACE org.dbunit.database.DatabaseConfig  - getProperty(name=http://www.dbunit.org/properties/metadataHandler) - start
146394 [main] TRACE org.dbunit.database.DefaultMetadataHandler  - tableExists(metaData=org.apache.commons.dbcp.DelegatingDatabaseMetaData@44bc2ddf, schemaName=null, tableName=SCOPEDCONTENTCONDITIONS_SCOPEDCONTENTITEM) - start
146395 [main] DEBUG org.dbunit.util.SQLHelper  - close(resultSet=org.apache.commons.dbcp.DelegatingResultSet@290044ee) - start
146395 [main] DEBUG org.dbunit.util.SQLHelper  - close(resultSet=org.apache.commons.dbcp.DelegatingResultSet@2d377800) - start
146395 [main] DEBUG org.dbunit.util.search.DepthFirstSearch  - Adding node SCOPEDCONTENTCONDITIONS_SCOPEDCONTENTITEM to the final result
146395 [main] DEBUG org.dbunit.util.CollectionsHelper  - setToStrings(set=[SCOPEDCONTENTCONDITIONS_SCOPEDCONTENTITEM]) - start
146395 [main] DEBUG org.dbunit.database.search.TablesDependencyHelper  - getDirectDependsOnTables(connection=_databaseConfig=org.dbunit.database.DatabaseConfig[, _propertyMap={http://www.dbunit.org/properties/statementFactory=org.dbunit.database.statement.PreparedStatementFactory@626bc2b8, http://www.dbunit.org/features/caseSensitiveTableNames=false, http://www.dbunit.org/properties/fetchSize=100, http://www.dbunit.org/features/batchedStatements=false, http://www.dbunit.org/properties/metadataHandler=org.dbunit.database.DefaultMetadataHandler@3bbfdfde, http://www.dbunit.org/properties/datatypeFactory=org.dbunit.dataset.datatype.DefaultDataTypeFactory[_toleratedDeltaMap=org.dbunit.dataset.datatype.ToleratedDeltaMap@6452310a], http://www.dbunit.org/properties/escapePattern=null, http://www.dbunit.org/properties/batchSize=100, http://www.dbunit.org/features/qualifiedTableNames=false, http://www.dbunit.org/properties/tableType=[Ljava.lang.String;@5011bafa, http://www.dbunit.org/properties/resultSetTableFactory=org.dbunit.database.CachedResultSetTableFactory@10bcf083, http://www.dbunit.org/features/datatypeWarning=true}], _dataSet=AbstractDataSet[_orderedTableNameMap=null], tableName=SCOPEDCONTENTCONDITIONS_SCOPEDCONTENTITEM) - start
146395 [main] DEBUG org.dbunit.util.search.DepthFirstSearch  - search(nodesFrom=[SCOPEDCONTENTCONDITIONS_SCOPEDCONTENTITEM], callback=org.dbunit.database.search.ExportedKeysSearchCallback@785a948e) - start
146395 [main] DEBUG org.dbunit.util.CollectionsHelper  - objectsToSet(objects=SCOPEDCONTENTCONDITIONS_SCOPEDCONTENTITEM) - start
146395 [main] DEBUG org.dbunit.util.search.DepthFirstSearch  - search(nodesFrom=[SCOPEDCONTENTCONDITIONS_SCOPEDCONTENTITEM], callback=org.dbunit.database.search.ExportedKeysSearchCallback@785a948e) - start
146396 [main] DEBUG org.dbunit.util.search.DepthFirstSearch  - reverseSearch:SCOPEDCONTENTCONDITIONS_SCOPEDCONTENTITEM
146396 [main] DEBUG org.dbunit.database.search.ExportedKeysSearchCallback  - searchNode(node=SCOPEDCONTENTCONDITIONS_SCOPEDCONTENTITEM) - start
146396 [main] DEBUG org.dbunit.util.search.DepthFirstSearch  - Pushing (reverse) SCOPEDCONTENTCONDITIONS_SCOPEDCONTENTITEM
146396 [main] DEBUG org.dbunit.database.search.ExportedKeysSearchCallback  - getEdges(node=SCOPEDCONTENTCONDITIONS_SCOPEDCONTENTITEM) - start
146396 [main] DEBUG org.dbunit.database.search.AbstractMetaDataBasedSearchCallback  - getNodesFromExportedKeys(node=SCOPEDCONTENTCONDITIONS_SCOPEDCONTENTITEM) - start
146396 [main] DEBUG org.dbunit.database.search.AbstractMetaDataBasedSearchCallback  - getNodes(type=1, node=SCOPEDCONTENTCONDITIONS_SCOPEDCONTENTITEM) - start
146396 [main] DEBUG org.dbunit.database.DatabaseDataSourceConnection  - getConnection() - start
146396 [main] DEBUG org.dbunit.database.search.AbstractMetaDataBasedSearchCallback  - getNodes(type=1, node=SCOPEDCONTENTCONDITIONS_SCOPEDCONTENTITEM, conn=Transaction-aware proxy for target Connection [jdbc:hsqldb:mem:kontrollDS, UserName=sw, HSQL Database Engine Driver], schema=null, metaData=org.apache.commons.dbcp.DelegatingDatabaseMetaData@2cf345d, edges=[]) - start
146396 [main] DEBUG org.dbunit.database.search.AbstractMetaDataBasedSearchCallback  - Getting edges for node SCOPEDCONTENTCONDITIONS_SCOPEDCONTENTITEM
146396 [main] TRACE org.dbunit.database.DatabaseConfig  - getProperty(name=http://www.dbunit.org/properties/metadataHandler) - start
146396 [main] TRACE org.dbunit.database.DefaultMetadataHandler  - tableExists(metaData=org.apache.commons.dbcp.DelegatingDatabaseMetaData@2cf345d, schemaName=null, tableName=SCOPEDCONTENTCONDITIONS_SCOPEDCONTENTITEM) - start
146397 [main] DEBUG org.dbunit.util.SQLHelper  - close(resultSet=org.apache.commons.dbcp.DelegatingResultSet@2d09f7cf) - start
146397 [main] DEBUG org.dbunit.util.SQLHelper  - close(resultSet=org.apache.commons.dbcp.DelegatingResultSet@457dd040) - start
146397 [main] DEBUG org.dbunit.util.search.DepthFirstSearch  - search:SCOPEDCONTENTCONDITIONS_SCOPEDCONTENTITEM
146397 [main] DEBUG org.dbunit.database.search.ExportedKeysSearchCallback  - searchNode(node=SCOPEDCONTENTCONDITIONS_SCOPEDCONTENTITEM) - start
146398 [main] DEBUG org.dbunit.util.search.DepthFirstSearch  - Pushing SCOPEDCONTENTCONDITIONS_SCOPEDCONTENTITEM
146398 [main] DEBUG org.dbunit.database.search.ExportedKeysSearchCallback  - getEdges(node=SCOPEDCONTENTCONDITIONS_SCOPEDCONTENTITEM) - start
146398 [main] DEBUG org.dbunit.database.search.AbstractMetaDataBasedSearchCallback  - getNodesFromExportedKeys(node=SCOPEDCONTENTCONDITIONS_SCOPEDCONTENTITEM) - start
146398 [main] DEBUG org.dbunit.database.search.AbstractMetaDataBasedSearchCallback  - getNodes(type=1, node=SCOPEDCONTENTCONDITIONS_SCOPEDCONTENTITEM) - start
146398 [main] DEBUG org.dbunit.database.DatabaseDataSourceConnection  - getConnection() - start
146398 [main] DEBUG org.dbunit.database.search.AbstractMetaDataBasedSearchCallback  - getNodes(type=1, node=SCOPEDCONTENTCONDITIONS_SCOPEDCONTENTITEM, conn=Transaction-aware proxy for target Connection [jdbc:hsqldb:mem:kontrollDS, UserName=sw, HSQL Database Engine Driver], schema=null, metaData=org.apache.commons.dbcp.DelegatingDatabaseMetaData@46f33d64, edges=[]) - start
146398 [main] DEBUG org.dbunit.database.search.AbstractMetaDataBasedSearchCallback  - Getting edges for node SCOPEDCONTENTCONDITIONS_SCOPEDCONTENTITEM
146398 [main] TRACE org.dbunit.database.DatabaseConfig  - getProperty(name=http://www.dbunit.org/properties/metadataHandler) - start
146398 [main] TRACE org.dbunit.database.DefaultMetadataHandler  - tableExists(metaData=org.apache.commons.dbcp.DelegatingDatabaseMetaData@46f33d64, schemaName=null, tableName=SCOPEDCONTENTCONDITIONS_SCOPEDCONTENTITEM) - start
146399 [main] DEBUG org.dbunit.util.SQLHelper  - close(resultSet=org.apache.commons.dbcp.DelegatingResultSet@1d29a27) - start
146399 [main] DEBUG org.dbunit.util.SQLHelper  - close(resultSet=org.apache.commons.dbcp.DelegatingResultSet@3b0754ec) - start
146399 [main] DEBUG org.dbunit.util.search.DepthFirstSearch  - Adding node SCOPEDCONTENTCONDITIONS_SCOPEDCONTENTITEM to the final result
146399 [main] DEBUG org.dbunit.database.search.TablesDependencyHelper  - getDirectDependentTables(connection=_databaseConfig=org.dbunit.database.DatabaseConfig[, _propertyMap={http://www.dbunit.org/properties/statementFactory=org.dbunit.database.statement.PreparedStatementFactory@626bc2b8, http://www.dbunit.org/features/caseSensitiveTableNames=false, http://www.dbunit.org/properties/fetchSize=100, http://www.dbunit.org/features/batchedStatements=false, http://www.dbunit.org/properties/metadataHandler=org.dbunit.database.DefaultMetadataHandler@3bbfdfde, http://www.dbunit.org/properties/datatypeFactory=org.dbunit.dataset.datatype.DefaultDataTypeFactory[_toleratedDeltaMap=org.dbunit.dataset.datatype.ToleratedDeltaMap@6452310a], http://www.dbunit.org/properties/escapePattern=null, http://www.dbunit.org/properties/batchSize=100, http://www.dbunit.org/features/qualifiedTableNames=false, http://www.dbunit.org/properties/tableType=[Ljava.lang.String;@5011bafa, http://www.dbunit.org/properties/resultSetTableFactory=org.dbunit.database.CachedResultSetTableFactory@10bcf083, http://www.dbunit.org/features/datatypeWarning=true}], _dataSet=AbstractDataSet[_orderedTableNameMap=null], tableName=SCOPEDCONTENTCONDITIONS_SCOPEDCONTENTITEM) - start
146400 [main] DEBUG org.dbunit.util.search.DepthFirstSearch  - search(nodesFrom=[SCOPEDCONTENTCONDITIONS_SCOPEDCONTENTITEM], callback=org.dbunit.database.search.ImportedKeysSearchCallback@30203a) - start
146400 [main] DEBUG org.dbunit.util.CollectionsHelper  - objectsToSet(objects=SCOPEDCONTENTCONDITIONS_SCOPEDCONTENTITEM) - start
146400 [main] DEBUG org.dbunit.util.search.DepthFirstSearch  - search(nodesFrom=[SCOPEDCONTENTCONDITIONS_SCOPEDCONTENTITEM], callback=org.dbunit.database.search.ImportedKeysSearchCallback@30203a) - start
146400 [main] DEBUG org.dbunit.util.search.DepthFirstSearch  - reverseSearch:SCOPEDCONTENTCONDITIONS_SCOPEDCONTENTITEM
146400 [main] DEBUG org.dbunit.database.search.ImportedKeysSearchCallback  - searchNode(node=SCOPEDCONTENTCONDITIONS_SCOPEDCONTENTITEM) - start
146400 [main] DEBUG org.dbunit.util.search.DepthFirstSearch  - Pushing (reverse) SCOPEDCONTENTCONDITIONS_SCOPEDCONTENTITEM
146400 [main] DEBUG org.dbunit.database.search.ImportedKeysSearchCallback  - getEdges(node=SCOPEDCONTENTCONDITIONS_SCOPEDCONTENTITEM) - start
146400 [main] DEBUG org.dbunit.database.search.AbstractMetaDataBasedSearchCallback  - getNodesFromImportedKeys(node=SCOPEDCONTENTCONDITIONS_SCOPEDCONTENTITEM) - start
146400 [main] DEBUG org.dbunit.database.search.AbstractMetaDataBasedSearchCallback  - getNodes(type=0, node=SCOPEDCONTENTCONDITIONS_SCOPEDCONTENTITEM) - start
146400 [main] DEBUG org.dbunit.database.DatabaseDataSourceConnection  - getConnection() - start
146400 [main] DEBUG org.dbunit.database.search.AbstractMetaDataBasedSearchCallback  - getNodes(type=0, node=SCOPEDCONTENTCONDITIONS_SCOPEDCONTENTITEM, conn=Transaction-aware proxy for target Connection [jdbc:hsqldb:mem:kontrollDS, UserName=sw, HSQL Database Engine Driver], schema=null, metaData=org.apache.commons.dbcp.DelegatingDatabaseMetaData@5793bfee, edges=[]) - start
146400 [main] DEBUG org.dbunit.database.search.AbstractMetaDataBasedSearchCallback  - Getting edges for node SCOPEDCONTENTCONDITIONS_SCOPEDCONTENTITEM
146400 [main] TRACE org.dbunit.database.DatabaseConfig  - getProperty(name=http://www.dbunit.org/properties/metadataHandler) - start
146400 [main] TRACE org.dbunit.database.DefaultMetadataHandler  - tableExists(metaData=org.apache.commons.dbcp.DelegatingDatabaseMetaData@5793bfee, schemaName=null, tableName=SCOPEDCONTENTCONDITIONS_SCOPEDCONTENTITEM) - start
146401 [main] DEBUG org.dbunit.util.SQLHelper  - close(resultSet=org.apache.commons.dbcp.DelegatingResultSet@480ca664) - start
146402 [main] DEBUG org.dbunit.util.QualifiedTableName  - getQualifiedNameIfEnabled(config=org.dbunit.database.DatabaseConfig[, _propertyMap={http://www.dbunit.org/properties/statementFactory=org.dbunit.database.statement.PreparedStatementFactory@626bc2b8, http://www.dbunit.org/features/caseSensitiveTableNames=false, http://www.dbunit.org/properties/fetchSize=100, http://www.dbunit.org/features/batchedStatements=false, http://www.dbunit.org/properties/metadataHandler=org.dbunit.database.DefaultMetadataHandler@3bbfdfde, http://www.dbunit.org/properties/datatypeFactory=org.dbunit.dataset.datatype.DefaultDataTypeFactory[_toleratedDeltaMap=org.dbunit.dataset.datatype.ToleratedDeltaMap@6452310a], http://www.dbunit.org/properties/escapePattern=null, http://www.dbunit.org/properties/batchSize=100, http://www.dbunit.org/features/qualifiedTableNames=false, http://www.dbunit.org/properties/tableType=[Ljava.lang.String;@5011bafa, http://www.dbunit.org/properties/resultSetTableFactory=org.dbunit.database.CachedResultSetTableFactory@10bcf083, http://www.dbunit.org/features/datatypeWarning=true}]) - start
146402 [main] TRACE org.dbunit.database.DatabaseConfig  - getFeature(name=http://www.dbunit.org/features/qualifiedTableNames) - start
146402 [main] TRACE org.dbunit.database.DatabaseConfig  - getProperty(name=http://www.dbunit.org/features/qualifiedTableNames) - start
146402 [main] DEBUG org.dbunit.util.QualifiedTableName  - Qualified table names feature is disabled. Returning plain table name
146402 [main] DEBUG org.dbunit.util.QualifiedTableName  - getQualifiedName(prefix=null, name=SCOPEDCONTENTCONDITIONS_SCOPEDCONTENTITEM, escapePattern=null) - start
146402 [main] DEBUG org.dbunit.util.QualifiedTableName  - getQualifiedNameIfEnabled(config=org.dbunit.database.DatabaseConfig[, _propertyMap={http://www.dbunit.org/properties/statementFactory=org.dbunit.database.statement.PreparedStatementFactory@626bc2b8, http://www.dbunit.org/features/caseSensitiveTableNames=false, http://www.dbunit.org/properties/fetchSize=100, http://www.dbunit.org/features/batchedStatements=false, http://www.dbunit.org/properties/metadataHandler=org.dbunit.database.DefaultMetadataHandler@3bbfdfde, http://www.dbunit.org/properties/datatypeFactory=org.dbunit.dataset.datatype.DefaultDataTypeFactory[_toleratedDeltaMap=org.dbunit.dataset.datatype.ToleratedDeltaMap@6452310a], http://www.dbunit.org/properties/escapePattern=null, http://www.dbunit.org/properties/batchSize=100, http://www.dbunit.org/features/qualifiedTableNames=false, http://www.dbunit.org/properties/tableType=[Ljava.lang.String;@5011bafa, http://www.dbunit.org/properties/resultSetTableFactory=org.dbunit.database.CachedResultSetTableFactory@10bcf083, http://www.dbunit.org/features/datatypeWarning=true}]) - start
146403 [main] TRACE org.dbunit.database.DatabaseConfig  - getFeature(name=http://www.dbunit.org/features/qualifiedTableNames) - start
146403 [main] TRACE org.dbunit.database.DatabaseConfig  - getProperty(name=http://www.dbunit.org/features/qualifiedTableNames) - start
146403 [main] DEBUG org.dbunit.util.QualifiedTableName  - Qualified table names feature is disabled. Returning plain table name
146403 [main] DEBUG org.dbunit.util.QualifiedTableName  - getQualifiedName(prefix=null, name=SCOPEDCONTENTCONDITION, escapePattern=null) - start
146403 [main] DEBUG org.dbunit.database.search.AbstractMetaDataBasedSearchCallback  - newEdge(rs=org.apache.commons.dbcp.DelegatingResultSet@12ad7744, type=0, from=SCOPEDCONTENTCONDITIONS_SCOPEDCONTENTITEM, to=SCOPEDCONTENTCONDITION, fkColumn=SCOPED_CONTENT_CONDITION_ID, pkColumn=ID) - start
146403 [main] DEBUG org.dbunit.database.search.AbstractMetaDataBasedSearchCallback  - createFKEdge(rs=org.apache.commons.dbcp.DelegatingResultSet@12ad7744, type=0, from=SCOPEDCONTENTCONDITIONS_SCOPEDCONTENTITEM, to=SCOPEDCONTENTCONDITION, fkColumn=SCOPED_CONTENT_CONDITION_ID, pkColumn=ID) - start
146403 [main] DEBUG org.dbunit.database.search.AbstractMetaDataBasedSearchCallback  - Adding edge SCOPEDCONTENTCONDITIONS_SCOPEDCONTENTITEM(SCOPED_CONTENT_CONDITION_ID)->SCOPEDCONTENTCONDITION(ID)
146403 [main] DEBUG org.dbunit.util.search.Edge  - compareTo(o=SCOPEDCONTENTCONDITIONS_SCOPEDCONTENTITEM(SCOPED_CONTENT_CONDITION_ID)->SCOPEDCONTENTCONDITION(ID)) - start
146403 [main] DEBUG org.dbunit.util.QualifiedTableName  - getQualifiedNameIfEnabled(config=org.dbunit.database.DatabaseConfig[, _propertyMap={http://www.dbunit.org/properties/statementFactory=org.dbunit.database.statement.PreparedStatementFactory@626bc2b8, http://www.dbunit.org/features/caseSensitiveTableNames=false, http://www.dbunit.org/properties/fetchSize=100, http://www.dbunit.org/features/batchedStatements=false, http://www.dbunit.org/properties/metadataHandler=org.dbunit.database.DefaultMetadataHandler@3bbfdfde, http://www.dbunit.org/properties/datatypeFactory=org.dbunit.dataset.datatype.DefaultDataTypeFactory[_toleratedDeltaMap=org.dbunit.dataset.datatype.ToleratedDeltaMap@6452310a], http://www.dbunit.org/properties/escapePattern=null, http://www.dbunit.org/properties/batchSize=100, http://www.dbunit.org/features/qualifiedTableNames=false, http://www.dbunit.org/properties/tableType=[Ljava.lang.String;@5011bafa, http://www.dbunit.org/properties/resultSetTableFactory=org.dbunit.database.CachedResultSetTableFactory@10bcf083, http://www.dbunit.org/features/datatypeWarning=true}]) - start
146403 [main] TRACE org.dbunit.database.DatabaseConfig  - getFeature(name=http://www.dbunit.org/features/qualifiedTableNames) - start
146403 [main] TRACE org.dbunit.database.DatabaseConfig  - getProperty(name=http://www.dbunit.org/features/qualifiedTableNames) - start
146403 [main] DEBUG org.dbunit.util.QualifiedTableName  - Qualified table names feature is disabled. Returning plain table name
146403 [main] DEBUG org.dbunit.util.QualifiedTableName  - getQualifiedName(prefix=null, name=SCOPEDCONTENTCONDITIONS_SCOPEDCONTENTITEM, escapePattern=null) - start
146403 [main] DEBUG org.dbunit.util.QualifiedTableName  - getQualifiedNameIfEnabled(config=org.dbunit.database.DatabaseConfig[, _propertyMap={http://www.dbunit.org/properties/statementFactory=org.dbunit.database.statement.PreparedStatementFactory@626bc2b8, http://www.dbunit.org/features/caseSensitiveTableNames=false, http://www.dbunit.org/properties/fetchSize=100, http://www.dbunit.org/features/batchedStatements=false, http://www.dbunit.org/properties/metadataHandler=org.dbunit.database.DefaultMetadataHandler@3bbfdfde, http://www.dbunit.org/properties/datatypeFactory=org.dbunit.dataset.datatype.DefaultDataTypeFactory[_toleratedDeltaMap=org.dbunit.dataset.datatype.ToleratedDeltaMap@6452310a], http://www.dbunit.org/properties/escapePattern=null, http://www.dbunit.org/properties/batchSize=100, http://www.dbunit.org/features/qualifiedTableNames=false, http://www.dbunit.org/properties/tableType=[Ljava.lang.String;@5011bafa, http://www.dbunit.org/properties/resultSetTableFactory=org.dbunit.database.CachedResultSetTableFactory@10bcf083, http://www.dbunit.org/features/datatypeWarning=true}]) - start
146403 [main] TRACE org.dbunit.database.DatabaseConfig  - getFeature(name=http://www.dbunit.org/features/qualifiedTableNames) - start
146403 [main] TRACE org.dbunit.database.DatabaseConfig  - getProperty(name=http://www.dbunit.org/features/qualifiedTableNames) - start
146403 [main] DEBUG org.dbunit.util.QualifiedTableName  - Qualified table names feature is disabled. Returning plain table name
146403 [main] DEBUG org.dbunit.util.QualifiedTableName  - getQualifiedName(prefix=null, name=SCOPEDCONTENTITEM, escapePattern=null) - start
146403 [main] DEBUG org.dbunit.database.search.AbstractMetaDataBasedSearchCallback  - newEdge(rs=org.apache.commons.dbcp.DelegatingResultSet@12ad7744, type=0, from=SCOPEDCONTENTCONDITIONS_SCOPEDCONTENTITEM, to=SCOPEDCONTENTITEM, fkColumn=SCOPED_CONTENT_ITEM_ID, pkColumn=ID) - start
146403 [main] DEBUG org.dbunit.database.search.AbstractMetaDataBasedSearchCallback  - createFKEdge(rs=org.apache.commons.dbcp.DelegatingResultSet@12ad7744, type=0, from=SCOPEDCONTENTCONDITIONS_SCOPEDCONTENTITEM, to=SCOPEDCONTENTITEM, fkColumn=SCOPED_CONTENT_ITEM_ID, pkColumn=ID) - start
146403 [main] DEBUG org.dbunit.database.search.AbstractMetaDataBasedSearchCallback  - Adding edge SCOPEDCONTENTCONDITIONS_SCOPEDCONTENTITEM(SCOPED_CONTENT_ITEM_ID)->SCOPEDCONTENTITEM(ID)
146403 [main] DEBUG org.dbunit.util.search.Edge  - compareTo(o=SCOPEDCONTENTCONDITIONS_SCOPEDCONTENTITEM(SCOPED_CONTENT_CONDITION_ID)->SCOPEDCONTENTCONDITION(ID)) - start
146404 [main] DEBUG org.dbunit.util.SQLHelper  - close(resultSet=org.apache.commons.dbcp.DelegatingResultSet@12ad7744) - start
146404 [main] DEBUG org.dbunit.util.search.DepthFirstSearch  - search:SCOPEDCONTENTCONDITIONS_SCOPEDCONTENTITEM
146404 [main] DEBUG org.dbunit.database.search.ImportedKeysSearchCallback  - searchNode(node=SCOPEDCONTENTCONDITIONS_SCOPEDCONTENTITEM) - start
146404 [main] DEBUG org.dbunit.util.search.DepthFirstSearch  - Pushing SCOPEDCONTENTCONDITIONS_SCOPEDCONTENTITEM
146404 [main] DEBUG org.dbunit.database.search.ImportedKeysSearchCallback  - getEdges(node=SCOPEDCONTENTCONDITIONS_SCOPEDCONTENTITEM) - start
146404 [main] DEBUG org.dbunit.database.search.AbstractMetaDataBasedSearchCallback  - getNodesFromImportedKeys(node=SCOPEDCONTENTCONDITIONS_SCOPEDCONTENTITEM) - start
146404 [main] DEBUG org.dbunit.database.search.AbstractMetaDataBasedSearchCallback  - getNodes(type=0, node=SCOPEDCONTENTCONDITIONS_SCOPEDCONTENTITEM) - start
146404 [main] DEBUG org.dbunit.database.DatabaseDataSourceConnection  - getConnection() - start
146404 [main] DEBUG org.dbunit.database.search.AbstractMetaDataBasedSearchCallback  - getNodes(type=0, node=SCOPEDCONTENTCONDITIONS_SCOPEDCONTENTITEM, conn=Transaction-aware proxy for target Connection [jdbc:hsqldb:mem:kontrollDS, UserName=sw, HSQL Database Engine Driver], schema=null, metaData=org.apache.commons.dbcp.DelegatingDatabaseMetaData@3a711af0, edges=[]) - start
146404 [main] DEBUG org.dbunit.database.search.AbstractMetaDataBasedSearchCallback  - Getting edges for node SCOPEDCONTENTCONDITIONS_SCOPEDCONTENTITEM
146404 [main] TRACE org.dbunit.database.DatabaseConfig  - getProperty(name=http://www.dbunit.org/properties/metadataHandler) - start
146404 [main] TRACE org.dbunit.database.DefaultMetadataHandler  - tableExists(metaData=org.apache.commons.dbcp.DelegatingDatabaseMetaData@3a711af0, schemaName=null, tableName=SCOPEDCONTENTCONDITIONS_SCOPEDCONTENTITEM) - start
146405 [main] DEBUG org.dbunit.util.SQLHelper  - close(resultSet=org.apache.commons.dbcp.DelegatingResultSet@30e4af50) - start
146405 [main] DEBUG org.dbunit.util.QualifiedTableName  - getQualifiedNameIfEnabled(config=org.dbunit.database.DatabaseConfig[, _propertyMap={http://www.dbunit.org/properties/statementFactory=org.dbunit.database.statement.PreparedStatementFactory@626bc2b8, http://www.dbunit.org/features/caseSensitiveTableNames=false, http://www.dbunit.org/properties/fetchSize=100, http://www.dbunit.org/features/batchedStatements=false, http://www.dbunit.org/properties/metadataHandler=org.dbunit.database.DefaultMetadataHandler@3bbfdfde, http://www.dbunit.org/properties/datatypeFactory=org.dbunit.dataset.datatype.DefaultDataTypeFactory[_toleratedDeltaMap=org.dbunit.dataset.datatype.ToleratedDeltaMap@6452310a], http://www.dbunit.org/properties/escapePattern=null, http://www.dbunit.org/properties/batchSize=100, http://www.dbunit.org/features/qualifiedTableNames=false, http://www.dbunit.org/properties/tableType=[Ljava.lang.String;@5011bafa, http://www.dbunit.org/properties/resultSetTableFactory=org.dbunit.database.CachedResultSetTableFactory@10bcf083, http://www.dbunit.org/features/datatypeWarning=true}]) - start
146406 [main] TRACE org.dbunit.database.DatabaseConfig  - getFeature(name=http://www.dbunit.org/features/qualifiedTableNames) - start
146406 [main] TRACE org.dbunit.database.DatabaseConfig  - getProperty(name=http://www.dbunit.org/features/qualifiedTableNames) - start
146406 [main] DEBUG org.dbunit.util.QualifiedTableName  - Qualified table names feature is disabled. Returning plain table name
146406 [main] DEBUG org.dbunit.util.QualifiedTableName  - getQualifiedName(prefix=null, name=SCOPEDCONTENTCONDITIONS_SCOPEDCONTENTITEM, escapePattern=null) - start
146406 [main] DEBUG org.dbunit.util.QualifiedTableName  - getQualifiedNameIfEnabled(config=org.dbunit.database.DatabaseConfig[, _propertyMap={http://www.dbunit.org/properties/statementFactory=org.dbunit.database.statement.PreparedStatementFactory@626bc2b8, http://www.dbunit.org/features/caseSensitiveTableNames=false, http://www.dbunit.org/properties/fetchSize=100, http://www.dbunit.org/features/batchedStatements=false, http://www.dbunit.org/properties/metadataHandler=org.dbunit.database.DefaultMetadataHandler@3bbfdfde, http://www.dbunit.org/properties/datatypeFactory=org.dbunit.dataset.datatype.DefaultDataTypeFactory[_toleratedDeltaMap=org.dbunit.dataset.datatype.ToleratedDeltaMap@6452310a], http://www.dbunit.org/properties/escapePattern=null, http://www.dbunit.org/properties/batchSize=100, http://www.dbunit.org/features/qualifiedTableNames=false, http://www.dbunit.org/properties/tableType=[Ljava.lang.String;@5011bafa, http://www.dbunit.org/properties/resultSetTableFactory=org.dbunit.database.CachedResultSetTableFactory@10bcf083, http://www.dbunit.org/features/datatypeWarning=true}]) - start
146406 [main] TRACE org.dbunit.database.DatabaseConfig  - getFeature(name=http://www.dbunit.org/features/qualifiedTableNames) - start
146406 [main] TRACE org.dbunit.database.DatabaseConfig  - getProperty(name=http://www.dbunit.org/features/qualifiedTableNames) - start
146406 [main] DEBUG org.dbunit.util.QualifiedTableName  - Qualified table names feature is disabled. Returning plain table name
146406 [main] DEBUG org.dbunit.util.QualifiedTableName  - getQualifiedName(prefix=null, name=SCOPEDCONTENTCONDITION, escapePattern=null) - start
146406 [main] DEBUG org.dbunit.database.search.AbstractMetaDataBasedSearchCallback  - newEdge(rs=org.apache.commons.dbcp.DelegatingResultSet@6a4f9512, type=0, from=SCOPEDCONTENTCONDITIONS_SCOPEDCONTENTITEM, to=SCOPEDCONTENTCONDITION, fkColumn=SCOPED_CONTENT_CONDITION_ID, pkColumn=ID) - start
146406 [main] DEBUG org.dbunit.database.search.AbstractMetaDataBasedSearchCallback  - createFKEdge(rs=org.apache.commons.dbcp.DelegatingResultSet@6a4f9512, type=0, from=SCOPEDCONTENTCONDITIONS_SCOPEDCONTENTITEM, to=SCOPEDCONTENTCONDITION, fkColumn=SCOPED_CONTENT_CONDITION_ID, pkColumn=ID) - start
146406 [main] DEBUG org.dbunit.database.search.AbstractMetaDataBasedSearchCallback  - Adding edge SCOPEDCONTENTCONDITIONS_SCOPEDCONTENTITEM(SCOPED_CONTENT_CONDITION_ID)->SCOPEDCONTENTCONDITION(ID)
146406 [main] DEBUG org.dbunit.util.search.Edge  - compareTo(o=SCOPEDCONTENTCONDITIONS_SCOPEDCONTENTITEM(SCOPED_CONTENT_CONDITION_ID)->SCOPEDCONTENTCONDITION(ID)) - start
146406 [main] DEBUG org.dbunit.util.QualifiedTableName  - getQualifiedNameIfEnabled(config=org.dbunit.database.DatabaseConfig[, _propertyMap={http://www.dbunit.org/properties/statementFactory=org.dbunit.database.statement.PreparedStatementFactory@626bc2b8, http://www.dbunit.org/features/caseSensitiveTableNames=false, http://www.dbunit.org/properties/fetchSize=100, http://www.dbunit.org/features/batchedStatements=false, http://www.dbunit.org/properties/metadataHandler=org.dbunit.database.DefaultMetadataHandler@3bbfdfde, http://www.dbunit.org/properties/datatypeFactory=org.dbunit.dataset.datatype.DefaultDataTypeFactory[_toleratedDeltaMap=org.dbunit.dataset.datatype.ToleratedDeltaMap@6452310a], http://www.dbunit.org/properties/escapePattern=null, http://www.dbunit.org/properties/batchSize=100, http://www.dbunit.org/features/qualifiedTableNames=false, http://www.dbunit.org/properties/tableType=[Ljava.lang.String;@5011bafa, http://www.dbunit.org/properties/resultSetTableFactory=org.dbunit.database.CachedResultSetTableFactory@10bcf083, http://www.dbunit.org/features/datatypeWarning=true}]) - start
146406 [main] TRACE org.dbunit.database.DatabaseConfig  - getFeature(name=http://www.dbunit.org/features/qualifiedTableNames) - start
146406 [main] TRACE org.dbunit.database.DatabaseConfig  - getProperty(name=http://www.dbunit.org/features/qualifiedTableNames) - start
146406 [main] DEBUG org.dbunit.util.QualifiedTableName  - Qualified table names feature is disabled. Returning plain table name
146406 [main] DEBUG org.dbunit.util.QualifiedTableName  - getQualifiedName(prefix=null, name=SCOPEDCONTENTCONDITIONS_SCOPEDCONTENTITEM, escapePattern=null) - start
146406 [main] DEBUG org.dbunit.util.QualifiedTableName  - getQualifiedNameIfEnabled(config=org.dbunit.database.DatabaseConfig[, _propertyMap={http://www.dbunit.org/properties/statementFactory=org.dbunit.database.statement.PreparedStatementFactory@626bc2b8, http://www.dbunit.org/features/caseSensitiveTableNames=false, http://www.dbunit.org/properties/fetchSize=100, http://www.dbunit.org/features/batchedStatements=false, http://www.dbunit.org/properties/metadataHandler=org.dbunit.database.DefaultMetadataHandler@3bbfdfde, http://www.dbunit.org/properties/datatypeFactory=org.dbunit.dataset.datatype.DefaultDataTypeFactory[_toleratedDeltaMap=org.dbunit.dataset.datatype.ToleratedDeltaMap@6452310a], http://www.dbunit.org/properties/escapePattern=null, http://www.dbunit.org/properties/batchSize=100, http://www.dbunit.org/features/qualifiedTableNames=false, http://www.dbunit.org/properties/tableType=[Ljava.lang.String;@5011bafa, http://www.dbunit.org/properties/resultSetTableFactory=org.dbunit.database.CachedResultSetTableFactory@10bcf083, http://www.dbunit.org/features/datatypeWarning=true}]) - start
146406 [main] TRACE org.dbunit.database.DatabaseConfig  - getFeature(name=http://www.dbunit.org/features/qualifiedTableNames) - start
146406 [main] TRACE org.dbunit.database.DatabaseConfig  - getProperty(name=http://www.dbunit.org/features/qualifiedTableNames) - start
146406 [main] DEBUG org.dbunit.util.QualifiedTableName  - Qualified table names feature is disabled. Returning plain table name
146406 [main] DEBUG org.dbunit.util.QualifiedTableName  - getQualifiedName(prefix=null, name=SCOPEDCONTENTITEM, escapePattern=null) - start
146406 [main] DEBUG org.dbunit.database.search.AbstractMetaDataBasedSearchCallback  - newEdge(rs=org.apache.commons.dbcp.DelegatingResultSet@6a4f9512, type=0, from=SCOPEDCONTENTCONDITIONS_SCOPEDCONTENTITEM, to=SCOPEDCONTENTITEM, fkColumn=SCOPED_CONTENT_ITEM_ID, pkColumn=ID) - start
146406 [main] DEBUG org.dbunit.database.search.AbstractMetaDataBasedSearchCallback  - createFKEdge(rs=org.apache.commons.dbcp.DelegatingResultSet@6a4f9512, type=0, from=SCOPEDCONTENTCONDITIONS_SCOPEDCONTENTITEM, to=SCOPEDCONTENTITEM, fkColumn=SCOPED_CONTENT_ITEM_ID, pkColumn=ID) - start
146406 [main] DEBUG org.dbunit.database.search.AbstractMetaDataBasedSearchCallback  - Adding edge SCOPEDCONTENTCONDITIONS_SCOPEDCONTENTITEM(SCOPED_CONTENT_ITEM_ID)->SCOPEDCONTENTITEM(ID)
146406 [main] DEBUG org.dbunit.util.search.Edge  - compareTo(o=SCOPEDCONTENTCONDITIONS_SCOPEDCONTENTITEM(SCOPED_CONTENT_CONDITION_ID)->SCOPEDCONTENTCONDITION(ID)) - start
146407 [main] DEBUG org.dbunit.util.SQLHelper  - close(resultSet=org.apache.commons.dbcp.DelegatingResultSet@6a4f9512) - start
146407 [main] DEBUG org.dbunit.util.search.DepthFirstSearch  - search:SCOPEDCONTENTCONDITION
146407 [main] DEBUG org.dbunit.database.search.ImportedKeysSearchCallback  - searchNode(node=SCOPEDCONTENTCONDITION) - start
146407 [main] DEBUG org.dbunit.util.search.DepthFirstSearch  - Pushing SCOPEDCONTENTCONDITION
146407 [main] DEBUG org.dbunit.database.search.ImportedKeysSearchCallback  - getEdges(node=SCOPEDCONTENTCONDITION) - start
146407 [main] DEBUG org.dbunit.database.search.AbstractMetaDataBasedSearchCallback  - getNodesFromImportedKeys(node=SCOPEDCONTENTCONDITION) - start
146407 [main] DEBUG org.dbunit.database.search.AbstractMetaDataBasedSearchCallback  - getNodes(type=0, node=SCOPEDCONTENTCONDITION) - start
146407 [main] DEBUG org.dbunit.database.DatabaseDataSourceConnection  - getConnection() - start
146407 [main] DEBUG org.dbunit.database.search.AbstractMetaDataBasedSearchCallback  - getNodes(type=0, node=SCOPEDCONTENTCONDITION, conn=Transaction-aware proxy for target Connection [jdbc:hsqldb:mem:kontrollDS, UserName=sw, HSQL Database Engine Driver], schema=null, metaData=org.apache.commons.dbcp.DelegatingDatabaseMetaData@ec40745, edges=[]) - start
146407 [main] DEBUG org.dbunit.database.search.AbstractMetaDataBasedSearchCallback  - Getting edges for node SCOPEDCONTENTCONDITION
146407 [main] TRACE org.dbunit.database.DatabaseConfig  - getProperty(name=http://www.dbunit.org/properties/metadataHandler) - start
146407 [main] TRACE org.dbunit.database.DefaultMetadataHandler  - tableExists(metaData=org.apache.commons.dbcp.DelegatingDatabaseMetaData@ec40745, schemaName=null, tableName=SCOPEDCONTENTCONDITION) - start
146408 [main] DEBUG org.dbunit.util.SQLHelper  - close(resultSet=org.apache.commons.dbcp.DelegatingResultSet@35cfb166) - start
146408 [main] DEBUG org.dbunit.util.SQLHelper  - close(resultSet=org.apache.commons.dbcp.DelegatingResultSet@690f2336) - start
146408 [main] DEBUG org.dbunit.util.search.DepthFirstSearch  - Adding node SCOPEDCONTENTCONDITION to the final result
146408 [main] DEBUG org.dbunit.util.search.DepthFirstSearch  - search:SCOPEDCONTENTITEM
146408 [main] DEBUG org.dbunit.database.search.ImportedKeysSearchCallback  - searchNode(node=SCOPEDCONTENTITEM) - start
146408 [main] DEBUG org.dbunit.util.search.DepthFirstSearch  - Pushing SCOPEDCONTENTITEM
146408 [main] DEBUG org.dbunit.util.search.DepthFirstSearch  - Adding node SCOPEDCONTENTITEM to the final result
146408 [main] DEBUG org.dbunit.util.search.DepthFirstSearch  - Adding node SCOPEDCONTENTCONDITIONS_SCOPEDCONTENTITEM to the final result
146408 [main] DEBUG org.dbunit.util.search.DepthFirstSearch  - reverseSearch:SCOPEDCONTENTITEM
146409 [main] DEBUG org.dbunit.database.search.ImportedKeysSearchCallback  - searchNode(node=SCOPEDCONTENTITEM) - start
146409 [main] DEBUG org.dbunit.util.search.DepthFirstSearch  - Pushing (reverse) SCOPEDCONTENTITEM
146409 [main] DEBUG org.dbunit.database.search.ImportedKeysSearchCallback  - getEdges(node=SCOPEDCONTENTITEM) - start
146409 [main] DEBUG org.dbunit.database.search.AbstractMetaDataBasedSearchCallback  - getNodesFromImportedKeys(node=SCOPEDCONTENTITEM) - start
146409 [main] DEBUG org.dbunit.database.search.AbstractMetaDataBasedSearchCallback  - getNodes(type=0, node=SCOPEDCONTENTITEM) - start
146409 [main] DEBUG org.dbunit.database.DatabaseDataSourceConnection  - getConnection() - start
146409 [main] DEBUG org.dbunit.database.search.AbstractMetaDataBasedSearchCallback  - getNodes(type=0, node=SCOPEDCONTENTITEM, conn=Transaction-aware proxy for target Connection [jdbc:hsqldb:mem:kontrollDS, UserName=sw, HSQL Database Engine Driver], schema=null, metaData=org.apache.commons.dbcp.DelegatingDatabaseMetaData@60d0e41c, edges=[]) - start
146409 [main] DEBUG org.dbunit.database.search.AbstractMetaDataBasedSearchCallback  - Getting edges for node SCOPEDCONTENTITEM
146409 [main] TRACE org.dbunit.database.DatabaseConfig  - getProperty(name=http://www.dbunit.org/properties/metadataHandler) - start
146409 [main] TRACE org.dbunit.database.DefaultMetadataHandler  - tableExists(metaData=org.apache.commons.dbcp.DelegatingDatabaseMetaData@60d0e41c, schemaName=null, tableName=SCOPEDCONTENTITEM) - start
146410 [main] DEBUG org.dbunit.util.SQLHelper  - close(resultSet=org.apache.commons.dbcp.DelegatingResultSet@74793cb1) - start
146410 [main] DEBUG org.dbunit.util.SQLHelper  - close(resultSet=org.apache.commons.dbcp.DelegatingResultSet@792a548a) - start
146410 [main] DEBUG org.dbunit.util.search.DepthFirstSearch  - reverseSearch:SCOPEDCONTENTCONDITIONS_SCOPEDCONTENTITEM
146410 [main] DEBUG org.dbunit.util.search.DepthFirstSearch  - already searched; returning true
146410 [main] DEBUG org.dbunit.util.search.DepthFirstSearch  - reverseSearch:SCOPEDCONTENTCONDITION
146410 [main] DEBUG org.dbunit.database.search.ImportedKeysSearchCallback  - searchNode(node=SCOPEDCONTENTCONDITION) - start
146410 [main] DEBUG org.dbunit.util.search.DepthFirstSearch  - Pushing (reverse) SCOPEDCONTENTCONDITION
146410 [main] DEBUG org.dbunit.database.search.ImportedKeysSearchCallback  - getEdges(node=SCOPEDCONTENTCONDITION) - start
146410 [main] DEBUG org.dbunit.database.search.AbstractMetaDataBasedSearchCallback  - getNodesFromImportedKeys(node=SCOPEDCONTENTCONDITION) - start
146410 [main] DEBUG org.dbunit.database.search.AbstractMetaDataBasedSearchCallback  - getNodes(type=0, node=SCOPEDCONTENTCONDITION) - start
146410 [main] DEBUG org.dbunit.database.DatabaseDataSourceConnection  - getConnection() - start
146410 [main] DEBUG org.dbunit.database.search.AbstractMetaDataBasedSearchCallback  - getNodes(type=0, node=SCOPEDCONTENTCONDITION, conn=Transaction-aware proxy for target Connection [jdbc:hsqldb:mem:kontrollDS, UserName=sw, HSQL Database Engine Driver], schema=null, metaData=org.apache.commons.dbcp.DelegatingDatabaseMetaData@4a146e2b, edges=[]) - start
146410 [main] DEBUG org.dbunit.database.search.AbstractMetaDataBasedSearchCallback  - Getting edges for node SCOPEDCONTENTCONDITION
146410 [main] TRACE org.dbunit.database.DatabaseConfig  - getProperty(name=http://www.dbunit.org/properties/metadataHandler) - start
146411 [main] TRACE org.dbunit.database.DefaultMetadataHandler  - tableExists(metaData=org.apache.commons.dbcp.DelegatingDatabaseMetaData@4a146e2b, schemaName=null, tableName=SCOPEDCONTENTCONDITION) - start
146411 [main] DEBUG org.dbunit.util.SQLHelper  - close(resultSet=org.apache.commons.dbcp.DelegatingResultSet@2fe1fe85) - start
146412 [main] DEBUG org.dbunit.util.SQLHelper  - close(resultSet=org.apache.commons.dbcp.DelegatingResultSet@60e520e7) - start
146412 [main] DEBUG org.dbunit.util.search.DepthFirstSearch  - search:SCOPEDCONTENTCONDITIONS_SCOPEDCONTENTITEM
146412 [main] DEBUG org.dbunit.util.search.DepthFirstSearch  - already searched; returning true
146412 [main] DEBUG org.dbunit.util.search.DepthFirstSearch  - search:SCOPEDCONTENTITEM
146412 [main] DEBUG org.dbunit.util.search.DepthFirstSearch  - already searched; returning true
146412 [main] DEBUG org.dbunit.util.search.DepthFirstSearch  - search:SCOPEDCONTENTCONDITION
146412 [main] DEBUG org.dbunit.util.search.DepthFirstSearch  - already searched; returning true
146412 [main] DEBUG org.dbunit.database.DatabaseSequenceFilter  - getDependencyInfo(connection=_databaseConfig=org.dbunit.database.DatabaseConfig[, _propertyMap={http://www.dbunit.org/properties/statementFactory=org.dbunit.database.statement.PreparedStatementFactory@626bc2b8, http://www.dbunit.org/features/caseSensitiveTableNames=false, http://www.dbunit.org/properties/fetchSize=100, http://www.dbunit.org/features/batchedStatements=false, http://www.dbunit.org/properties/metadataHandler=org.dbunit.database.DefaultMetadataHandler@3bbfdfde, http://www.dbunit.org/properties/datatypeFactory=org.dbunit.dataset.datatype.DefaultDataTypeFactory[_toleratedDeltaMap=org.dbunit.dataset.datatype.ToleratedDeltaMap@6452310a], http://www.dbunit.org/properties/escapePattern=null, http://www.dbunit.org/properties/batchSize=100, http://www.dbunit.org/features/qualifiedTableNames=false, http://www.dbunit.org/properties/tableType=[Ljava.lang.String;@5011bafa, http://www.dbunit.org/properties/resultSetTableFactory=org.dbunit.database.CachedResultSetTableFactory@10bcf083, http://www.dbunit.org/features/datatypeWarning=true}], _dataSet=AbstractDataSet[_orderedTableNameMap=null], tableName=SCOPEDCONTENTITEM) - start
146412 [main] DEBUG org.dbunit.database.search.TablesDependencyHelper  - getDependentTables(connection=_databaseConfig=org.dbunit.database.DatabaseConfig[, _propertyMap={http://www.dbunit.org/properties/statementFactory=org.dbunit.database.statement.PreparedStatementFactory@626bc2b8, http://www.dbunit.org/features/caseSensitiveTableNames=false, http://www.dbunit.org/properties/fetchSize=100, http://www.dbunit.org/features/batchedStatements=false, http://www.dbunit.org/properties/metadataHandler=org.dbunit.database.DefaultMetadataHandler@3bbfdfde, http://www.dbunit.org/properties/datatypeFactory=org.dbunit.dataset.datatype.DefaultDataTypeFactory[_toleratedDeltaMap=org.dbunit.dataset.datatype.ToleratedDeltaMap@6452310a], http://www.dbunit.org/properties/escapePattern=null, http://www.dbunit.org/properties/batchSize=100, http://www.dbunit.org/features/qualifiedTableNames=false, http://www.dbunit.org/properties/tableType=[Ljava.lang.String;@5011bafa, http://www.dbunit.org/properties/resultSetTableFactory=org.dbunit.database.CachedResultSetTableFactory@10bcf083, http://www.dbunit.org/features/datatypeWarning=true}], _dataSet=AbstractDataSet[_orderedTableNameMap=null], rootTable=SCOPEDCONTENTITEM) - start
146412 [main] DEBUG org.dbunit.database.search.TablesDependencyHelper  - getDependentTables(connection=_databaseConfig=org.dbunit.database.DatabaseConfig[, _propertyMap={http://www.dbunit.org/properties/statementFactory=org.dbunit.database.statement.PreparedStatementFactory@626bc2b8, http://www.dbunit.org/features/caseSensitiveTableNames=false, http://www.dbunit.org/properties/fetchSize=100, http://www.dbunit.org/features/batchedStatements=false, http://www.dbunit.org/properties/metadataHandler=org.dbunit.database.DefaultMetadataHandler@3bbfdfde, http://www.dbunit.org/properties/datatypeFactory=org.dbunit.dataset.datatype.DefaultDataTypeFactory[_toleratedDeltaMap=org.dbunit.dataset.datatype.ToleratedDeltaMap@6452310a], http://www.dbunit.org/properties/escapePattern=null, http://www.dbunit.org/properties/batchSize=100, http://www.dbunit.org/features/qualifiedTableNames=false, http://www.dbunit.org/properties/tableType=[Ljava.lang.String;@5011bafa, http://www.dbunit.org/properties/resultSetTableFactory=org.dbunit.database.CachedResultSetTableFactory@10bcf083, http://www.dbunit.org/features/datatypeWarning=true}], _dataSet=AbstractDataSet[_orderedTableNameMap=null], rootTables=[SCOPEDCONTENTITEM]) - start
146412 [main] DEBUG org.dbunit.util.search.DepthFirstSearch  - search(nodesFrom=[SCOPEDCONTENTITEM], callback=org.dbunit.database.search.ImportedKeysSearchCallback@1f011f45) - start
146412 [main] DEBUG org.dbunit.util.CollectionsHelper  - objectsToSet(objects=SCOPEDCONTENTITEM) - start
146412 [main] DEBUG org.dbunit.util.search.DepthFirstSearch  - search(nodesFrom=[SCOPEDCONTENTITEM], callback=org.dbunit.database.search.ImportedKeysSearchCallback@1f011f45) - start
146412 [main] DEBUG org.dbunit.util.search.DepthFirstSearch  - reverseSearch:SCOPEDCONTENTITEM
146412 [main] DEBUG org.dbunit.database.search.ImportedKeysSearchCallback  - searchNode(node=SCOPEDCONTENTITEM) - start
146412 [main] DEBUG org.dbunit.util.search.DepthFirstSearch  - Pushing (reverse) SCOPEDCONTENTITEM
146412 [main] DEBUG org.dbunit.database.search.ImportedKeysSearchCallback  - getEdges(node=SCOPEDCONTENTITEM) - start
146413 [main] DEBUG org.dbunit.database.search.AbstractMetaDataBasedSearchCallback  - getNodesFromImportedKeys(node=SCOPEDCONTENTITEM) - start
146413 [main] DEBUG org.dbunit.database.search.AbstractMetaDataBasedSearchCallback  - getNodes(type=0, node=SCOPEDCONTENTITEM) - start
146413 [main] DEBUG org.dbunit.database.DatabaseDataSourceConnection  - getConnection() - start
146413 [main] DEBUG org.dbunit.database.search.AbstractMetaDataBasedSearchCallback  - getNodes(type=0, node=SCOPEDCONTENTITEM, conn=Transaction-aware proxy for target Connection [jdbc:hsqldb:mem:kontrollDS, UserName=sw, HSQL Database Engine Driver], schema=null, metaData=org.apache.commons.dbcp.DelegatingDatabaseMetaData@2abfaea, edges=[]) - start
146413 [main] DEBUG org.dbunit.database.search.AbstractMetaDataBasedSearchCallback  - Getting edges for node SCOPEDCONTENTITEM
146413 [main] TRACE org.dbunit.database.DatabaseConfig  - getProperty(name=http://www.dbunit.org/properties/metadataHandler) - start
146413 [main] TRACE org.dbunit.database.DefaultMetadataHandler  - tableExists(metaData=org.apache.commons.dbcp.DelegatingDatabaseMetaData@2abfaea, schemaName=null, tableName=SCOPEDCONTENTITEM) - start
146414 [main] DEBUG org.dbunit.util.SQLHelper  - close(resultSet=org.apache.commons.dbcp.DelegatingResultSet@5ab63269) - start
146414 [main] DEBUG org.dbunit.util.SQLHelper  - close(resultSet=org.apache.commons.dbcp.DelegatingResultSet@6ca5d787) - start
146414 [main] DEBUG org.dbunit.util.search.DepthFirstSearch  - search:SCOPEDCONTENTITEM
146414 [main] DEBUG org.dbunit.database.search.ImportedKeysSearchCallback  - searchNode(node=SCOPEDCONTENTITEM) - start
146414 [main] DEBUG org.dbunit.util.search.DepthFirstSearch  - Pushing SCOPEDCONTENTITEM
146414 [main] DEBUG org.dbunit.database.search.ImportedKeysSearchCallback  - getEdges(node=SCOPEDCONTENTITEM) - start
146414 [main] DEBUG org.dbunit.database.search.AbstractMetaDataBasedSearchCallback  - getNodesFromImportedKeys(node=SCOPEDCONTENTITEM) - start
146414 [main] DEBUG org.dbunit.database.search.AbstractMetaDataBasedSearchCallback  - getNodes(type=0, node=SCOPEDCONTENTITEM) - start
146414 [main] DEBUG org.dbunit.database.DatabaseDataSourceConnection  - getConnection() - start
146414 [main] DEBUG org.dbunit.database.search.AbstractMetaDataBasedSearchCallback  - getNodes(type=0, node=SCOPEDCONTENTITEM, conn=Transaction-aware proxy for target Connection [jdbc:hsqldb:mem:kontrollDS, UserName=sw, HSQL Database Engine Driver], schema=null, metaData=org.apache.commons.dbcp.DelegatingDatabaseMetaData@7be917ca, edges=[]) - start
146414 [main] DEBUG org.dbunit.database.search.AbstractMetaDataBasedSearchCallback  - Getting edges for node SCOPEDCONTENTITEM
146414 [main] TRACE org.dbunit.database.DatabaseConfig  - getProperty(name=http://www.dbunit.org/properties/metadataHandler) - start
146414 [main] TRACE org.dbunit.database.DefaultMetadataHandler  - tableExists(metaData=org.apache.commons.dbcp.DelegatingDatabaseMetaData@7be917ca, schemaName=null, tableName=SCOPEDCONTENTITEM) - start
146415 [main] DEBUG org.dbunit.util.SQLHelper  - close(resultSet=org.apache.commons.dbcp.DelegatingResultSet@8fbaee6) - start
146416 [main] DEBUG org.dbunit.util.SQLHelper  - close(resultSet=org.apache.commons.dbcp.DelegatingResultSet@1002414e) - start
146416 [main] DEBUG org.dbunit.util.search.DepthFirstSearch  - Adding node SCOPEDCONTENTITEM to the final result
146416 [main] DEBUG org.dbunit.util.CollectionsHelper  - setToStrings(set=[SCOPEDCONTENTITEM]) - start
146416 [main] DEBUG org.dbunit.database.search.TablesDependencyHelper  - getDependsOnTables(connection=_databaseConfig=org.dbunit.database.DatabaseConfig[, _propertyMap={http://www.dbunit.org/properties/statementFactory=org.dbunit.database.statement.PreparedStatementFactory@626bc2b8, http://www.dbunit.org/features/caseSensitiveTableNames=false, http://www.dbunit.org/properties/fetchSize=100, http://www.dbunit.org/features/batchedStatements=false, http://www.dbunit.org/properties/metadataHandler=org.dbunit.database.DefaultMetadataHandler@3bbfdfde, http://www.dbunit.org/properties/datatypeFactory=org.dbunit.dataset.datatype.DefaultDataTypeFactory[_toleratedDeltaMap=org.dbunit.dataset.datatype.ToleratedDeltaMap@6452310a], http://www.dbunit.org/properties/escapePattern=null, http://www.dbunit.org/properties/batchSize=100, http://www.dbunit.org/features/qualifiedTableNames=false, http://www.dbunit.org/properties/tableType=[Ljava.lang.String;@5011bafa, http://www.dbunit.org/properties/resultSetTableFactory=org.dbunit.database.CachedResultSetTableFactory@10bcf083, http://www.dbunit.org/features/datatypeWarning=true}], _dataSet=AbstractDataSet[_orderedTableNameMap=null], rootTable=SCOPEDCONTENTITEM) - start
146418 [main] DEBUG org.dbunit.util.search.DepthFirstSearch  - search(nodesFrom=[SCOPEDCONTENTITEM], callback=org.dbunit.database.search.ExportedKeysSearchCallback@e3a39bc) - start
146418 [main] DEBUG org.dbunit.util.CollectionsHelper  - objectsToSet(objects=SCOPEDCONTENTITEM) - start
146418 [main] DEBUG org.dbunit.util.search.DepthFirstSearch  - search(nodesFrom=[SCOPEDCONTENTITEM], callback=org.dbunit.database.search.ExportedKeysSearchCallback@e3a39bc) - start
146418 [main] DEBUG org.dbunit.util.search.DepthFirstSearch  - reverseSearch:SCOPEDCONTENTITEM
146418 [main] DEBUG org.dbunit.database.search.ExportedKeysSearchCallback  - searchNode(node=SCOPEDCONTENTITEM) - start
146418 [main] DEBUG org.dbunit.util.search.DepthFirstSearch  - Pushing (reverse) SCOPEDCONTENTITEM
146418 [main] DEBUG org.dbunit.database.search.ExportedKeysSearchCallback  - getEdges(node=SCOPEDCONTENTITEM) - start
146418 [main] DEBUG org.dbunit.database.search.AbstractMetaDataBasedSearchCallback  - getNodesFromExportedKeys(node=SCOPEDCONTENTITEM) - start
146418 [main] DEBUG org.dbunit.database.search.AbstractMetaDataBasedSearchCallback  - getNodes(type=1, node=SCOPEDCONTENTITEM) - start
146418 [main] DEBUG org.dbunit.database.DatabaseDataSourceConnection  - getConnection() - start
146418 [main] DEBUG org.dbunit.database.search.AbstractMetaDataBasedSearchCallback  - getNodes(type=1, node=SCOPEDCONTENTITEM, conn=Transaction-aware proxy for target Connection [jdbc:hsqldb:mem:kontrollDS, UserName=sw, HSQL Database Engine Driver], schema=null, metaData=org.apache.commons.dbcp.DelegatingDatabaseMetaData@10a46cf0, edges=[]) - start
146418 [main] DEBUG org.dbunit.database.search.AbstractMetaDataBasedSearchCallback  - Getting edges for node SCOPEDCONTENTITEM
146418 [main] TRACE org.dbunit.database.DatabaseConfig  - getProperty(name=http://www.dbunit.org/properties/metadataHandler) - start
146418 [main] TRACE org.dbunit.database.DefaultMetadataHandler  - tableExists(metaData=org.apache.commons.dbcp.DelegatingDatabaseMetaData@10a46cf0, schemaName=null, tableName=SCOPEDCONTENTITEM) - start
146419 [main] DEBUG org.dbunit.util.SQLHelper  - close(resultSet=org.apache.commons.dbcp.DelegatingResultSet@7e49561d) - start
146419 [main] DEBUG org.dbunit.util.QualifiedTableName  - getQualifiedNameIfEnabled(config=org.dbunit.database.DatabaseConfig[, _propertyMap={http://www.dbunit.org/properties/statementFactory=org.dbunit.database.statement.PreparedStatementFactory@626bc2b8, http://www.dbunit.org/features/caseSensitiveTableNames=false, http://www.dbunit.org/properties/fetchSize=100, http://www.dbunit.org/features/batchedStatements=false, http://www.dbunit.org/properties/metadataHandler=org.dbunit.database.DefaultMetadataHandler@3bbfdfde, http://www.dbunit.org/properties/datatypeFactory=org.dbunit.dataset.datatype.DefaultDataTypeFactory[_toleratedDeltaMap=org.dbunit.dataset.datatype.ToleratedDeltaMap@6452310a], http://www.dbunit.org/properties/escapePattern=null, http://www.dbunit.org/properties/batchSize=100, http://www.dbunit.org/features/qualifiedTableNames=false, http://www.dbunit.org/properties/tableType=[Ljava.lang.String;@5011bafa, http://www.dbunit.org/properties/resultSetTableFactory=org.dbunit.database.CachedResultSetTableFactory@10bcf083, http://www.dbunit.org/features/datatypeWarning=true}]) - start
146419 [main] TRACE org.dbunit.database.DatabaseConfig  - getFeature(name=http://www.dbunit.org/features/qualifiedTableNames) - start
146419 [main] TRACE org.dbunit.database.DatabaseConfig  - getProperty(name=http://www.dbunit.org/features/qualifiedTableNames) - start
146420 [main] DEBUG org.dbunit.util.QualifiedTableName  - Qualified table names feature is disabled. Returning plain table name
146420 [main] DEBUG org.dbunit.util.QualifiedTableName  - getQualifiedName(prefix=null, name=SCOPEDCONTENTITEM, escapePattern=null) - start
146420 [main] DEBUG org.dbunit.util.QualifiedTableName  - getQualifiedNameIfEnabled(config=org.dbunit.database.DatabaseConfig[, _propertyMap={http://www.dbunit.org/properties/statementFactory=org.dbunit.database.statement.PreparedStatementFactory@626bc2b8, http://www.dbunit.org/features/caseSensitiveTableNames=false, http://www.dbunit.org/properties/fetchSize=100, http://www.dbunit.org/features/batchedStatements=false, http://www.dbunit.org/properties/metadataHandler=org.dbunit.database.DefaultMetadataHandler@3bbfdfde, http://www.dbunit.org/properties/datatypeFactory=org.dbunit.dataset.datatype.DefaultDataTypeFactory[_toleratedDeltaMap=org.dbunit.dataset.datatype.ToleratedDeltaMap@6452310a], http://www.dbunit.org/properties/escapePattern=null, http://www.dbunit.org/properties/batchSize=100, http://www.dbunit.org/features/qualifiedTableNames=false, http://www.dbunit.org/properties/tableType=[Ljava.lang.String;@5011bafa, http://www.dbunit.org/properties/resultSetTableFactory=org.dbunit.database.CachedResultSetTableFactory@10bcf083, http://www.dbunit.org/features/datatypeWarning=true}]) - start
146420 [main] TRACE org.dbunit.database.DatabaseConfig  - getFeature(name=http://www.dbunit.org/features/qualifiedTableNames) - start
146420 [main] TRACE org.dbunit.database.DatabaseConfig  - getProperty(name=http://www.dbunit.org/features/qualifiedTableNames) - start
146420 [main] DEBUG org.dbunit.util.QualifiedTableName  - Qualified table names feature is disabled. Returning plain table name
146420 [main] DEBUG org.dbunit.util.QualifiedTableName  - getQualifiedName(prefix=null, name=SCOPEDCONTENTCONDITIONS_SCOPEDCONTENTITEM, escapePattern=null) - start
146420 [main] DEBUG org.dbunit.database.search.AbstractMetaDataBasedSearchCallback  - newEdge(rs=org.apache.commons.dbcp.DelegatingResultSet@5d672ad3, type=1, from=SCOPEDCONTENTITEM, to=SCOPEDCONTENTCONDITIONS_SCOPEDCONTENTITEM, fkColumn=SCOPED_CONTENT_ITEM_ID, pkColumn=ID) - start
146420 [main] DEBUG org.dbunit.database.search.AbstractMetaDataBasedSearchCallback  - createFKEdge(rs=org.apache.commons.dbcp.DelegatingResultSet@5d672ad3, type=1, from=SCOPEDCONTENTITEM, to=SCOPEDCONTENTCONDITIONS_SCOPEDCONTENTITEM, fkColumn=SCOPED_CONTENT_ITEM_ID, pkColumn=ID) - start
146420 [main] DEBUG org.dbunit.database.search.AbstractMetaDataBasedSearchCallback  - Adding edge SCOPEDCONTENTCONDITIONS_SCOPEDCONTENTITEM(SCOPED_CONTENT_ITEM_ID)->SCOPEDCONTENTITEM(ID)
146420 [main] DEBUG org.dbunit.util.search.Edge  - compareTo(o=SCOPEDCONTENTCONDITIONS_SCOPEDCONTENTITEM(SCOPED_CONTENT_ITEM_ID)->SCOPEDCONTENTITEM(ID)) - start
146420 [main] DEBUG org.dbunit.util.QualifiedTableName  - getQualifiedNameIfEnabled(config=org.dbunit.database.DatabaseConfig[, _propertyMap={http://www.dbunit.org/properties/statementFactory=org.dbunit.database.statement.PreparedStatementFactory@626bc2b8, http://www.dbunit.org/features/caseSensitiveTableNames=false, http://www.dbunit.org/properties/fetchSize=100, http://www.dbunit.org/features/batchedStatements=false, http://www.dbunit.org/properties/metadataHandler=org.dbunit.database.DefaultMetadataHandler@3bbfdfde, http://www.dbunit.org/properties/datatypeFactory=org.dbunit.dataset.datatype.DefaultDataTypeFactory[_toleratedDeltaMap=org.dbunit.dataset.datatype.ToleratedDeltaMap@6452310a], http://www.dbunit.org/properties/escapePattern=null, http://www.dbunit.org/properties/batchSize=100, http://www.dbunit.org/features/qualifiedTableNames=false, http://www.dbunit.org/properties/tableType=[Ljava.lang.String;@5011bafa, http://www.dbunit.org/properties/resultSetTableFactory=org.dbunit.database.CachedResultSetTableFactory@10bcf083, http://www.dbunit.org/features/datatypeWarning=true}]) - start
146420 [main] TRACE org.dbunit.database.DatabaseConfig  - getFeature(name=http://www.dbunit.org/features/qualifiedTableNames) - start
146420 [main] TRACE org.dbunit.database.DatabaseConfig  - getProperty(name=http://www.dbunit.org/features/qualifiedTableNames) - start
146420 [main] DEBUG org.dbunit.util.QualifiedTableName  - Qualified table names feature is disabled. Returning plain table name
146420 [main] DEBUG org.dbunit.util.QualifiedTableName  - getQualifiedName(prefix=null, name=SCOPEDCONTENTITEM, escapePattern=null) - start
146420 [main] DEBUG org.dbunit.util.QualifiedTableName  - getQualifiedNameIfEnabled(config=org.dbunit.database.DatabaseConfig[, _propertyMap={http://www.dbunit.org/properties/statementFactory=org.dbunit.database.statement.PreparedStatementFactory@626bc2b8, http://www.dbunit.org/features/caseSensitiveTableNames=false, http://www.dbunit.org/properties/fetchSize=100, http://www.dbunit.org/features/batchedStatements=false, http://www.dbunit.org/properties/metadataHandler=org.dbunit.database.DefaultMetadataHandler@3bbfdfde, http://www.dbunit.org/properties/datatypeFactory=org.dbunit.dataset.datatype.DefaultDataTypeFactory[_toleratedDeltaMap=org.dbunit.dataset.datatype.ToleratedDeltaMap@6452310a], http://www.dbunit.org/properties/escapePattern=null, http://www.dbunit.org/properties/batchSize=100, http://www.dbunit.org/features/qualifiedTableNames=false, http://www.dbunit.org/properties/tableType=[Ljava.lang.String;@5011bafa, http://www.dbunit.org/properties/resultSetTableFactory=org.dbunit.database.CachedResultSetTableFactory@10bcf083, http://www.dbunit.org/features/datatypeWarning=true}]) - start
146420 [main] TRACE org.dbunit.database.DatabaseConfig  - getFeature(name=http://www.dbunit.org/features/qualifiedTableNames) - start
146420 [main] TRACE org.dbunit.database.DatabaseConfig  - getProperty(name=http://www.dbunit.org/features/qualifiedTableNames) - start
146420 [main] DEBUG org.dbunit.util.QualifiedTableName  - Qualified table names feature is disabled. Returning plain table name
146420 [main] DEBUG org.dbunit.util.QualifiedTableName  - getQualifiedName(prefix=null, name=SCOPEDCONTENT_SCOPEDCONTENTITEM, escapePattern=null) - start
146421 [main] DEBUG org.dbunit.database.search.AbstractMetaDataBasedSearchCallback  - newEdge(rs=org.apache.commons.dbcp.DelegatingResultSet@5d672ad3, type=1, from=SCOPEDCONTENTITEM, to=SCOPEDCONTENT_SCOPEDCONTENTITEM, fkColumn=SCOPED_CONTENT_ID, pkColumn=ID) - start
146421 [main] DEBUG org.dbunit.database.search.AbstractMetaDataBasedSearchCallback  - createFKEdge(rs=org.apache.commons.dbcp.DelegatingResultSet@5d672ad3, type=1, from=SCOPEDCONTENTITEM, to=SCOPEDCONTENT_SCOPEDCONTENTITEM, fkColumn=SCOPED_CONTENT_ID, pkColumn=ID) - start
146421 [main] DEBUG org.dbunit.database.search.AbstractMetaDataBasedSearchCallback  - Adding edge SCOPEDCONTENT_SCOPEDCONTENTITEM(SCOPED_CONTENT_ID)->SCOPEDCONTENTITEM(ID)
146421 [main] DEBUG org.dbunit.util.search.Edge  - compareTo(o=SCOPEDCONTENTCONDITIONS_SCOPEDCONTENTITEM(SCOPED_CONTENT_ITEM_ID)->SCOPEDCONTENTITEM(ID)) - start
146421 [main] DEBUG org.dbunit.util.SQLHelper  - close(resultSet=org.apache.commons.dbcp.DelegatingResultSet@5d672ad3) - start
146421 [main] DEBUG org.dbunit.util.search.DepthFirstSearch  - reverseSearch:SCOPEDCONTENTCONDITIONS_SCOPEDCONTENTITEM
146421 [main] DEBUG org.dbunit.database.search.ExportedKeysSearchCallback  - searchNode(node=SCOPEDCONTENTCONDITIONS_SCOPEDCONTENTITEM) - start
146421 [main] DEBUG org.dbunit.util.search.DepthFirstSearch  - Pushing (reverse) SCOPEDCONTENTCONDITIONS_SCOPEDCONTENTITEM
146421 [main] DEBUG org.dbunit.database.search.ExportedKeysSearchCallback  - getEdges(node=SCOPEDCONTENTCONDITIONS_SCOPEDCONTENTITEM) - start
146421 [main] DEBUG org.dbunit.database.search.AbstractMetaDataBasedSearchCallback  - getNodesFromExportedKeys(node=SCOPEDCONTENTCONDITIONS_SCOPEDCONTENTITEM) - start
146421 [main] DEBUG org.dbunit.database.search.AbstractMetaDataBasedSearchCallback  - getNodes(type=1, node=SCOPEDCONTENTCONDITIONS_SCOPEDCONTENTITEM) - start
146421 [main] DEBUG org.dbunit.database.DatabaseDataSourceConnection  - getConnection() - start
146421 [main] DEBUG org.dbunit.database.search.AbstractMetaDataBasedSearchCallback  - getNodes(type=1, node=SCOPEDCONTENTCONDITIONS_SCOPEDCONTENTITEM, conn=Transaction-aware proxy for target Connection [jdbc:hsqldb:mem:kontrollDS, UserName=sw, HSQL Database Engine Driver], schema=null, metaData=org.apache.commons.dbcp.DelegatingDatabaseMetaData@202cb28d, edges=[]) - start
146421 [main] DEBUG org.dbunit.database.search.AbstractMetaDataBasedSearchCallback  - Getting edges for node SCOPEDCONTENTCONDITIONS_SCOPEDCONTENTITEM
146421 [main] TRACE org.dbunit.database.DatabaseConfig  - getProperty(name=http://www.dbunit.org/properties/metadataHandler) - start
146421 [main] TRACE org.dbunit.database.DefaultMetadataHandler  - tableExists(metaData=org.apache.commons.dbcp.DelegatingDatabaseMetaData@202cb28d, schemaName=null, tableName=SCOPEDCONTENTCONDITIONS_SCOPEDCONTENTITEM) - start
146422 [main] DEBUG org.dbunit.util.SQLHelper  - close(resultSet=org.apache.commons.dbcp.DelegatingResultSet@a1789a) - start
146423 [main] DEBUG org.dbunit.util.SQLHelper  - close(resultSet=org.apache.commons.dbcp.DelegatingResultSet@1e26aa4d) - start
146423 [main] DEBUG org.dbunit.util.search.DepthFirstSearch  - reverseSearch:SCOPEDCONTENT_SCOPEDCONTENTITEM
146423 [main] DEBUG org.dbunit.database.search.ExportedKeysSearchCallback  - searchNode(node=SCOPEDCONTENT_SCOPEDCONTENTITEM) - start
146423 [main] DEBUG org.dbunit.util.search.DepthFirstSearch  - Pushing (reverse) SCOPEDCONTENT_SCOPEDCONTENTITEM
146423 [main] DEBUG org.dbunit.database.search.ExportedKeysSearchCallback  - getEdges(node=SCOPEDCONTENT_SCOPEDCONTENTITEM) - start
146423 [main] DEBUG org.dbunit.database.search.AbstractMetaDataBasedSearchCallback  - getNodesFromExportedKeys(node=SCOPEDCONTENT_SCOPEDCONTENTITEM) - start
146423 [main] DEBUG org.dbunit.database.search.AbstractMetaDataBasedSearchCallback  - getNodes(type=1, node=SCOPEDCONTENT_SCOPEDCONTENTITEM) - start
146423 [main] DEBUG org.dbunit.database.DatabaseDataSourceConnection  - getConnection() - start
146423 [main] DEBUG org.dbunit.database.search.AbstractMetaDataBasedSearchCallback  - getNodes(type=1, node=SCOPEDCONTENT_SCOPEDCONTENTITEM, conn=Transaction-aware proxy for target Connection [jdbc:hsqldb:mem:kontrollDS, UserName=sw, HSQL Database Engine Driver], schema=null, metaData=org.apache.commons.dbcp.DelegatingDatabaseMetaData@7c76b4b1, edges=[]) - start
146423 [main] DEBUG org.dbunit.database.search.AbstractMetaDataBasedSearchCallback  - Getting edges for node SCOPEDCONTENT_SCOPEDCONTENTITEM
146423 [main] TRACE org.dbunit.database.DatabaseConfig  - getProperty(name=http://www.dbunit.org/properties/metadataHandler) - start
146423 [main] TRACE org.dbunit.database.DefaultMetadataHandler  - tableExists(metaData=org.apache.commons.dbcp.DelegatingDatabaseMetaData@7c76b4b1, schemaName=null, tableName=SCOPEDCONTENT_SCOPEDCONTENTITEM) - start
146424 [main] DEBUG org.dbunit.util.SQLHelper  - close(resultSet=org.apache.commons.dbcp.DelegatingResultSet@3d055afd) - start
146424 [main] DEBUG org.dbunit.util.SQLHelper  - close(resultSet=org.apache.commons.dbcp.DelegatingResultSet@102cc69a) - start
146424 [main] DEBUG org.dbunit.util.search.DepthFirstSearch  - search:SCOPEDCONTENTCONDITIONS_SCOPEDCONTENTITEM
146424 [main] DEBUG org.dbunit.database.search.ExportedKeysSearchCallback  - searchNode(node=SCOPEDCONTENTCONDITIONS_SCOPEDCONTENTITEM) - start
146424 [main] DEBUG org.dbunit.util.search.DepthFirstSearch  - Pushing SCOPEDCONTENTCONDITIONS_SCOPEDCONTENTITEM
146424 [main] DEBUG org.dbunit.database.search.ExportedKeysSearchCallback  - getEdges(node=SCOPEDCONTENTCONDITIONS_SCOPEDCONTENTITEM) - start
146424 [main] DEBUG org.dbunit.database.search.AbstractMetaDataBasedSearchCallback  - getNodesFromExportedKeys(node=SCOPEDCONTENTCONDITIONS_SCOPEDCONTENTITEM) - start
146424 [main] DEBUG org.dbunit.database.search.AbstractMetaDataBasedSearchCallback  - getNodes(type=1, node=SCOPEDCONTENTCONDITIONS_SCOPEDCONTENTITEM) - start
146424 [main] DEBUG org.dbunit.database.DatabaseDataSourceConnection  - getConnection() - start
146424 [main] DEBUG org.dbunit.database.search.AbstractMetaDataBasedSearchCallback  - getNodes(type=1, node=SCOPEDCONTENTCONDITIONS_SCOPEDCONTENTITEM, conn=Transaction-aware proxy for target Connection [jdbc:hsqldb:mem:kontrollDS, UserName=sw, HSQL Database Engine Driver], schema=null, metaData=org.apache.commons.dbcp.DelegatingDatabaseMetaData@6ba2b0c1, edges=[]) - start
146425 [main] DEBUG org.dbunit.database.search.AbstractMetaDataBasedSearchCallback  - Getting edges for node SCOPEDCONTENTCONDITIONS_SCOPEDCONTENTITEM
146425 [main] TRACE org.dbunit.database.DatabaseConfig  - getProperty(name=http://www.dbunit.org/properties/metadataHandler) - start
146425 [main] TRACE org.dbunit.database.DefaultMetadataHandler  - tableExists(metaData=org.apache.commons.dbcp.DelegatingDatabaseMetaData@6ba2b0c1, schemaName=null, tableName=SCOPEDCONTENTCONDITIONS_SCOPEDCONTENTITEM) - start
146426 [main] DEBUG org.dbunit.util.SQLHelper  - close(resultSet=org.apache.commons.dbcp.DelegatingResultSet@fb29b59) - start
146426 [main] DEBUG org.dbunit.util.SQLHelper  - close(resultSet=org.apache.commons.dbcp.DelegatingResultSet@2ccd020a) - start
146426 [main] DEBUG org.dbunit.util.search.DepthFirstSearch  - Adding node SCOPEDCONTENTCONDITIONS_SCOPEDCONTENTITEM to the final result
146426 [main] DEBUG org.dbunit.util.search.DepthFirstSearch  - search:SCOPEDCONTENT_SCOPEDCONTENTITEM
146426 [main] DEBUG org.dbunit.database.search.ExportedKeysSearchCallback  - searchNode(node=SCOPEDCONTENT_SCOPEDCONTENTITEM) - start
146426 [main] DEBUG org.dbunit.util.search.DepthFirstSearch  - Pushing SCOPEDCONTENT_SCOPEDCONTENTITEM
146426 [main] DEBUG org.dbunit.database.search.ExportedKeysSearchCallback  - getEdges(node=SCOPEDCONTENT_SCOPEDCONTENTITEM) - start
146426 [main] DEBUG org.dbunit.database.search.AbstractMetaDataBasedSearchCallback  - getNodesFromExportedKeys(node=SCOPEDCONTENT_SCOPEDCONTENTITEM) - start
146426 [main] DEBUG org.dbunit.database.search.AbstractMetaDataBasedSearchCallback  - getNodes(type=1, node=SCOPEDCONTENT_SCOPEDCONTENTITEM) - start
146426 [main] DEBUG org.dbunit.database.DatabaseDataSourceConnection  - getConnection() - start
146426 [main] DEBUG org.dbunit.database.search.AbstractMetaDataBasedSearchCallback  - getNodes(type=1, node=SCOPEDCONTENT_SCOPEDCONTENTITEM, conn=Transaction-aware proxy for target Connection [jdbc:hsqldb:mem:kontrollDS, UserName=sw, HSQL Database Engine Driver], schema=null, metaData=org.apache.commons.dbcp.DelegatingDatabaseMetaData@4740f580, edges=[]) - start
146426 [main] DEBUG org.dbunit.database.search.AbstractMetaDataBasedSearchCallback  - Getting edges for node SCOPEDCONTENT_SCOPEDCONTENTITEM
146426 [main] TRACE org.dbunit.database.DatabaseConfig  - getProperty(name=http://www.dbunit.org/properties/metadataHandler) - start
146426 [main] TRACE org.dbunit.database.DefaultMetadataHandler  - tableExists(metaData=org.apache.commons.dbcp.DelegatingDatabaseMetaData@4740f580, schemaName=null, tableName=SCOPEDCONTENT_SCOPEDCONTENTITEM) - start
146427 [main] DEBUG org.dbunit.util.SQLHelper  - close(resultSet=org.apache.commons.dbcp.DelegatingResultSet@e257d9a) - start
146428 [main] DEBUG org.dbunit.util.SQLHelper  - close(resultSet=org.apache.commons.dbcp.DelegatingResultSet@70587ede) - start
146428 [main] DEBUG org.dbunit.util.search.DepthFirstSearch  - Adding node SCOPEDCONTENT_SCOPEDCONTENTITEM to the final result
146428 [main] DEBUG org.dbunit.util.search.DepthFirstSearch  - search:SCOPEDCONTENTITEM
146428 [main] DEBUG org.dbunit.database.search.ExportedKeysSearchCallback  - searchNode(node=SCOPEDCONTENTITEM) - start
146428 [main] DEBUG org.dbunit.util.search.DepthFirstSearch  - Pushing SCOPEDCONTENTITEM
146428 [main] DEBUG org.dbunit.database.search.ExportedKeysSearchCallback  - getEdges(node=SCOPEDCONTENTITEM) - start
146428 [main] DEBUG org.dbunit.database.search.AbstractMetaDataBasedSearchCallback  - getNodesFromExportedKeys(node=SCOPEDCONTENTITEM) - start
146428 [main] DEBUG org.dbunit.database.search.AbstractMetaDataBasedSearchCallback  - getNodes(type=1, node=SCOPEDCONTENTITEM) - start
146428 [main] DEBUG org.dbunit.database.DatabaseDataSourceConnection  - getConnection() - start
146428 [main] DEBUG org.dbunit.database.search.AbstractMetaDataBasedSearchCallback  - getNodes(type=1, node=SCOPEDCONTENTITEM, conn=Transaction-aware proxy for target Connection [jdbc:hsqldb:mem:kontrollDS, UserName=sw, HSQL Database Engine Driver], schema=null, metaData=org.apache.commons.dbcp.DelegatingDatabaseMetaData@41f15a71, edges=[]) - start
146428 [main] DEBUG org.dbunit.database.search.AbstractMetaDataBasedSearchCallback  - Getting edges for node SCOPEDCONTENTITEM
146428 [main] TRACE org.dbunit.database.DatabaseConfig  - getProperty(name=http://www.dbunit.org/properties/metadataHandler) - start
146428 [main] TRACE org.dbunit.database.DefaultMetadataHandler  - tableExists(metaData=org.apache.commons.dbcp.DelegatingDatabaseMetaData@41f15a71, schemaName=null, tableName=SCOPEDCONTENTITEM) - start
146429 [main] DEBUG org.dbunit.util.SQLHelper  - close(resultSet=org.apache.commons.dbcp.DelegatingResultSet@75d6478f) - start
146430 [main] DEBUG org.dbunit.util.QualifiedTableName  - getQualifiedNameIfEnabled(config=org.dbunit.database.DatabaseConfig[, _propertyMap={http://www.dbunit.org/properties/statementFactory=org.dbunit.database.statement.PreparedStatementFactory@626bc2b8, http://www.dbunit.org/features/caseSensitiveTableNames=false, http://www.dbunit.org/properties/fetchSize=100, http://www.dbunit.org/features/batchedStatements=false, http://www.dbunit.org/properties/metadataHandler=org.dbunit.database.DefaultMetadataHandler@3bbfdfde, http://www.dbunit.org/properties/datatypeFactory=org.dbunit.dataset.datatype.DefaultDataTypeFactory[_toleratedDeltaMap=org.dbunit.dataset.datatype.ToleratedDeltaMap@6452310a], http://www.dbunit.org/properties/escapePattern=null, http://www.dbunit.org/properties/batchSize=100, http://www.dbunit.org/features/qualifiedTableNames=false, http://www.dbunit.org/properties/tableType=[Ljava.lang.String;@5011bafa, http://www.dbunit.org/properties/resultSetTableFactory=org.dbunit.database.CachedResultSetTableFactory@10bcf083, http://www.dbunit.org/features/datatypeWarning=true}]) - start
146430 [main] TRACE org.dbunit.database.DatabaseConfig  - getFeature(name=http://www.dbunit.org/features/qualifiedTableNames) - start
146430 [main] TRACE org.dbunit.database.DatabaseConfig  - getProperty(name=http://www.dbunit.org/features/qualifiedTableNames) - start
146430 [main] DEBUG org.dbunit.util.QualifiedTableName  - Qualified table names feature is disabled. Returning plain table name
146430 [main] DEBUG org.dbunit.util.QualifiedTableName  - getQualifiedName(prefix=null, name=SCOPEDCONTENTITEM, escapePattern=null) - start
146430 [main] DEBUG org.dbunit.util.QualifiedTableName  - getQualifiedNameIfEnabled(config=org.dbunit.database.DatabaseConfig[, _propertyMap={http://www.dbunit.org/properties/statementFactory=org.dbunit.database.statement.PreparedStatementFactory@626bc2b8, http://www.dbunit.org/features/caseSensitiveTableNames=false, http://www.dbunit.org/properties/fetchSize=100, http://www.dbunit.org/features/batchedStatements=false, http://www.dbunit.org/properties/metadataHandler=org.dbunit.database.DefaultMetadataHandler@3bbfdfde, http://www.dbunit.org/properties/datatypeFactory=org.dbunit.dataset.datatype.DefaultDataTypeFactory[_toleratedDeltaMap=org.dbunit.dataset.datatype.ToleratedDeltaMap@6452310a], http://www.dbunit.org/properties/escapePattern=null, http://www.dbunit.org/properties/batchSize=100, http://www.dbunit.org/features/qualifiedTableNames=false, http://www.dbunit.org/properties/tableType=[Ljava.lang.String;@5011bafa, http://www.dbunit.org/properties/resultSetTableFactory=org.dbunit.database.CachedResultSetTableFactory@10bcf083, http://www.dbunit.org/features/datatypeWarning=true}]) - start
146430 [main] TRACE org.dbunit.database.DatabaseConfig  - getFeature(name=http://www.dbunit.org/features/qualifiedTableNames) - start
146430 [main] TRACE org.dbunit.database.DatabaseConfig  - getProperty(name=http://www.dbunit.org/features/qualifiedTableNames) - start
146430 [main] DEBUG org.dbunit.util.QualifiedTableName  - Qualified table names feature is disabled. Returning plain table name
146430 [main] DEBUG org.dbunit.util.QualifiedTableName  - getQualifiedName(prefix=null, name=SCOPEDCONTENTCONDITIONS_SCOPEDCONTENTITEM, escapePattern=null) - start
146430 [main] DEBUG org.dbunit.database.search.AbstractMetaDataBasedSearchCallback  - newEdge(rs=org.apache.commons.dbcp.DelegatingResultSet@4bf9c513, type=1, from=SCOPEDCONTENTITEM, to=SCOPEDCONTENTCONDITIONS_SCOPEDCONTENTITEM, fkColumn=SCOPED_CONTENT_ITEM_ID, pkColumn=ID) - start
146430 [main] DEBUG org.dbunit.database.search.AbstractMetaDataBasedSearchCallback  - createFKEdge(rs=org.apache.commons.dbcp.DelegatingResultSet@4bf9c513, type=1, from=SCOPEDCONTENTITEM, to=SCOPEDCONTENTCONDITIONS_SCOPEDCONTENTITEM, fkColumn=SCOPED_CONTENT_ITEM_ID, pkColumn=ID) - start
146430 [main] DEBUG org.dbunit.database.search.AbstractMetaDataBasedSearchCallback  - Adding edge SCOPEDCONTENTCONDITIONS_SCOPEDCONTENTITEM(SCOPED_CONTENT_ITEM_ID)->SCOPEDCONTENTITEM(ID)
146430 [main] DEBUG org.dbunit.util.search.Edge  - compareTo(o=SCOPEDCONTENTCONDITIONS_SCOPEDCONTENTITEM(SCOPED_CONTENT_ITEM_ID)->SCOPEDCONTENTITEM(ID)) - start
146430 [main] DEBUG org.dbunit.util.QualifiedTableName  - getQualifiedNameIfEnabled(config=org.dbunit.database.DatabaseConfig[, _propertyMap={http://www.dbunit.org/properties/statementFactory=org.dbunit.database.statement.PreparedStatementFactory@626bc2b8, http://www.dbunit.org/features/caseSensitiveTableNames=false, http://www.dbunit.org/properties/fetchSize=100, http://www.dbunit.org/features/batchedStatements=false, http://www.dbunit.org/properties/metadataHandler=org.dbunit.database.DefaultMetadataHandler@3bbfdfde, http://www.dbunit.org/properties/datatypeFactory=org.dbunit.dataset.datatype.DefaultDataTypeFactory[_toleratedDeltaMap=org.dbunit.dataset.datatype.ToleratedDeltaMap@6452310a], http://www.dbunit.org/properties/escapePattern=null, http://www.dbunit.org/properties/batchSize=100, http://www.dbunit.org/features/qualifiedTableNames=false, http://www.dbunit.org/properties/tableType=[Ljava.lang.String;@5011bafa, http://www.dbunit.org/properties/resultSetTableFactory=org.dbunit.database.CachedResultSetTableFactory@10bcf083, http://www.dbunit.org/features/datatypeWarning=true}]) - start
146430 [main] TRACE org.dbunit.database.DatabaseConfig  - getFeature(name=http://www.dbunit.org/features/qualifiedTableNames) - start
146430 [main] TRACE org.dbunit.database.DatabaseConfig  - getProperty(name=http://www.dbunit.org/features/qualifiedTableNames) - start
146430 [main] DEBUG org.dbunit.util.QualifiedTableName  - Qualified table names feature is disabled. Returning plain table name
146430 [main] DEBUG org.dbunit.util.QualifiedTableName  - getQualifiedName(prefix=null, name=SCOPEDCONTENTITEM, escapePattern=null) - start
146430 [main] DEBUG org.dbunit.util.QualifiedTableName  - getQualifiedNameIfEnabled(config=org.dbunit.database.DatabaseConfig[, _propertyMap={http://www.dbunit.org/properties/statementFactory=org.dbunit.database.statement.PreparedStatementFactory@626bc2b8, http://www.dbunit.org/features/caseSensitiveTableNames=false, http://www.dbunit.org/properties/fetchSize=100, http://www.dbunit.org/features/batchedStatements=false, http://www.dbunit.org/properties/metadataHandler=org.dbunit.database.DefaultMetadataHandler@3bbfdfde, http://www.dbunit.org/properties/datatypeFactory=org.dbunit.dataset.datatype.DefaultDataTypeFactory[_toleratedDeltaMap=org.dbunit.dataset.datatype.ToleratedDeltaMap@6452310a], http://www.dbunit.org/properties/escapePattern=null, http://www.dbunit.org/properties/batchSize=100, http://www.dbunit.org/features/qualifiedTableNames=false, http://www.dbunit.org/properties/tableType=[Ljava.lang.String;@5011bafa, http://www.dbunit.org/properties/resultSetTableFactory=org.dbunit.database.CachedResultSetTableFactory@10bcf083, http://www.dbunit.org/features/datatypeWarning=true}]) - start
146431 [main] TRACE org.dbunit.database.DatabaseConfig  - getFeature(name=http://www.dbunit.org/features/qualifiedTableNames) - start
146431 [main] TRACE org.dbunit.database.DatabaseConfig  - getProperty(name=http://www.dbunit.org/features/qualifiedTableNames) - start
146431 [main] DEBUG org.dbunit.util.QualifiedTableName  - Qualified table names feature is disabled. Returning plain table name
146431 [main] DEBUG org.dbunit.util.QualifiedTableName  - getQualifiedName(prefix=null, name=SCOPEDCONTENT_SCOPEDCONTENTITEM, escapePattern=null) - start
146431 [main] DEBUG org.dbunit.database.search.AbstractMetaDataBasedSearchCallback  - newEdge(rs=org.apache.commons.dbcp.DelegatingResultSet@4bf9c513, type=1, from=SCOPEDCONTENTITEM, to=SCOPEDCONTENT_SCOPEDCONTENTITEM, fkColumn=SCOPED_CONTENT_ID, pkColumn=ID) - start
146431 [main] DEBUG org.dbunit.database.search.AbstractMetaDataBasedSearchCallback  - createFKEdge(rs=org.apache.commons.dbcp.DelegatingResultSet@4bf9c513, type=1, from=SCOPEDCONTENTITEM, to=SCOPEDCONTENT_SCOPEDCONTENTITEM, fkColumn=SCOPED_CONTENT_ID, pkColumn=ID) - start
146431 [main] DEBUG org.dbunit.database.search.AbstractMetaDataBasedSearchCallback  - Adding edge SCOPEDCONTENT_SCOPEDCONTENTITEM(SCOPED_CONTENT_ID)->SCOPEDCONTENTITEM(ID)
146431 [main] DEBUG org.dbunit.util.search.Edge  - compareTo(o=SCOPEDCONTENTCONDITIONS_SCOPEDCONTENTITEM(SCOPED_CONTENT_ITEM_ID)->SCOPEDCONTENTITEM(ID)) - start
146431 [main] DEBUG org.dbunit.util.SQLHelper  - close(resultSet=org.apache.commons.dbcp.DelegatingResultSet@4bf9c513) - start
146431 [main] DEBUG org.dbunit.util.search.DepthFirstSearch  - search:SCOPEDCONTENTITEM
146431 [main] DEBUG org.dbunit.util.search.DepthFirstSearch  - already searched; returning true
146431 [main] DEBUG org.dbunit.util.search.DepthFirstSearch  - search:SCOPEDCONTENTITEM
146431 [main] DEBUG org.dbunit.util.search.DepthFirstSearch  - already searched; returning true
146431 [main] DEBUG org.dbunit.util.search.DepthFirstSearch  - Adding node SCOPEDCONTENTITEM to the final result
146431 [main] DEBUG org.dbunit.util.CollectionsHelper  - setToStrings(set=[SCOPEDCONTENTCONDITIONS_SCOPEDCONTENTITEM, SCOPEDCONTENT_SCOPEDCONTENTITEM, SCOPEDCONTENTITEM]) - start
146431 [main] DEBUG org.dbunit.database.search.TablesDependencyHelper  - getDirectDependsOnTables(connection=_databaseConfig=org.dbunit.database.DatabaseConfig[, _propertyMap={http://www.dbunit.org/properties/statementFactory=org.dbunit.database.statement.PreparedStatementFactory@626bc2b8, http://www.dbunit.org/features/caseSensitiveTableNames=false, http://www.dbunit.org/properties/fetchSize=100, http://www.dbunit.org/features/batchedStatements=false, http://www.dbunit.org/properties/metadataHandler=org.dbunit.database.DefaultMetadataHandler@3bbfdfde, http://www.dbunit.org/properties/datatypeFactory=org.dbunit.dataset.datatype.DefaultDataTypeFactory[_toleratedDeltaMap=org.dbunit.dataset.datatype.ToleratedDeltaMap@6452310a], http://www.dbunit.org/properties/escapePattern=null, http://www.dbunit.org/properties/batchSize=100, http://www.dbunit.org/features/qualifiedTableNames=false, http://www.dbunit.org/properties/tableType=[Ljava.lang.String;@5011bafa, http://www.dbunit.org/properties/resultSetTableFactory=org.dbunit.database.CachedResultSetTableFactory@10bcf083, http://www.dbunit.org/features/datatypeWarning=true}], _dataSet=AbstractDataSet[_orderedTableNameMap=null], tableName=SCOPEDCONTENTITEM) - start
146431 [main] DEBUG org.dbunit.util.search.DepthFirstSearch  - search(nodesFrom=[SCOPEDCONTENTITEM], callback=org.dbunit.database.search.ExportedKeysSearchCallback@14a93617) - start
146431 [main] DEBUG org.dbunit.util.CollectionsHelper  - objectsToSet(objects=SCOPEDCONTENTITEM) - start
146431 [main] DEBUG org.dbunit.util.search.DepthFirstSearch  - search(nodesFrom=[SCOPEDCONTENTITEM], callback=org.dbunit.database.search.ExportedKeysSearchCallback@14a93617) - start
146431 [main] DEBUG org.dbunit.util.search.DepthFirstSearch  - reverseSearch:SCOPEDCONTENTITEM
146432 [main] DEBUG org.dbunit.database.search.ExportedKeysSearchCallback  - searchNode(node=SCOPEDCONTENTITEM) - start
146432 [main] DEBUG org.dbunit.util.search.DepthFirstSearch  - Pushing (reverse) SCOPEDCONTENTITEM
146432 [main] DEBUG org.dbunit.database.search.ExportedKeysSearchCallback  - getEdges(node=SCOPEDCONTENTITEM) - start
146432 [main] DEBUG org.dbunit.database.search.AbstractMetaDataBasedSearchCallback  - getNodesFromExportedKeys(node=SCOPEDCONTENTITEM) - start
146432 [main] DEBUG org.dbunit.database.search.AbstractMetaDataBasedSearchCallback  - getNodes(type=1, node=SCOPEDCONTENTITEM) - start
146432 [main] DEBUG org.dbunit.database.DatabaseDataSourceConnection  - getConnection() - start
146432 [main] DEBUG org.dbunit.database.search.AbstractMetaDataBasedSearchCallback  - getNodes(type=1, node=SCOPEDCONTENTITEM, conn=Transaction-aware proxy for target Connection [jdbc:hsqldb:mem:kontrollDS, UserName=sw, HSQL Database Engine Driver], schema=null, metaData=org.apache.commons.dbcp.DelegatingDatabaseMetaData@711e2a99, edges=[]) - start
146432 [main] DEBUG org.dbunit.database.search.AbstractMetaDataBasedSearchCallback  - Getting edges for node SCOPEDCONTENTITEM
146432 [main] TRACE org.dbunit.database.DatabaseConfig  - getProperty(name=http://www.dbunit.org/properties/metadataHandler) - start
146432 [main] TRACE org.dbunit.database.DefaultMetadataHandler  - tableExists(metaData=org.apache.commons.dbcp.DelegatingDatabaseMetaData@711e2a99, schemaName=null, tableName=SCOPEDCONTENTITEM) - start
146433 [main] DEBUG org.dbunit.util.SQLHelper  - close(resultSet=org.apache.commons.dbcp.DelegatingResultSet@dd3dbe2) - start
146433 [main] DEBUG org.dbunit.util.QualifiedTableName  - getQualifiedNameIfEnabled(config=org.dbunit.database.DatabaseConfig[, _propertyMap={http://www.dbunit.org/properties/statementFactory=org.dbunit.database.statement.PreparedStatementFactory@626bc2b8, http://www.dbunit.org/features/caseSensitiveTableNames=false, http://www.dbunit.org/properties/fetchSize=100, http://www.dbunit.org/features/batchedStatements=false, http://www.dbunit.org/properties/metadataHandler=org.dbunit.database.DefaultMetadataHandler@3bbfdfde, http://www.dbunit.org/properties/datatypeFactory=org.dbunit.dataset.datatype.DefaultDataTypeFactory[_toleratedDeltaMap=org.dbunit.dataset.datatype.ToleratedDeltaMap@6452310a], http://www.dbunit.org/properties/escapePattern=null, http://www.dbunit.org/properties/batchSize=100, http://www.dbunit.org/features/qualifiedTableNames=false, http://www.dbunit.org/properties/tableType=[Ljava.lang.String;@5011bafa, http://www.dbunit.org/properties/resultSetTableFactory=org.dbunit.database.CachedResultSetTableFactory@10bcf083, http://www.dbunit.org/features/datatypeWarning=true}]) - start
146433 [main] TRACE org.dbunit.database.DatabaseConfig  - getFeature(name=http://www.dbunit.org/features/qualifiedTableNames) - start
146434 [main] TRACE org.dbunit.database.DatabaseConfig  - getProperty(name=http://www.dbunit.org/features/qualifiedTableNames) - start
146434 [main] DEBUG org.dbunit.util.QualifiedTableName  - Qualified table names feature is disabled. Returning plain table name
146434 [main] DEBUG org.dbunit.util.QualifiedTableName  - getQualifiedName(prefix=null, name=SCOPEDCONTENTITEM, escapePattern=null) - start
146434 [main] DEBUG org.dbunit.util.QualifiedTableName  - getQualifiedNameIfEnabled(config=org.dbunit.database.DatabaseConfig[, _propertyMap={http://www.dbunit.org/properties/statementFactory=org.dbunit.database.statement.PreparedStatementFactory@626bc2b8, http://www.dbunit.org/features/caseSensitiveTableNames=false, http://www.dbunit.org/properties/fetchSize=100, http://www.dbunit.org/features/batchedStatements=false, http://www.dbunit.org/properties/metadataHandler=org.dbunit.database.DefaultMetadataHandler@3bbfdfde, http://www.dbunit.org/properties/datatypeFactory=org.dbunit.dataset.datatype.DefaultDataTypeFactory[_toleratedDeltaMap=org.dbunit.dataset.datatype.ToleratedDeltaMap@6452310a], http://www.dbunit.org/properties/escapePattern=null, http://www.dbunit.org/properties/batchSize=100, http://www.dbunit.org/features/qualifiedTableNames=false, http://www.dbunit.org/properties/tableType=[Ljava.lang.String;@5011bafa, http://www.dbunit.org/properties/resultSetTableFactory=org.dbunit.database.CachedResultSetTableFactory@10bcf083, http://www.dbunit.org/features/datatypeWarning=true}]) - start
146434 [main] TRACE org.dbunit.database.DatabaseConfig  - getFeature(name=http://www.dbunit.org/features/qualifiedTableNames) - start
146434 [main] TRACE org.dbunit.database.DatabaseConfig  - getProperty(name=http://www.dbunit.org/features/qualifiedTableNames) - start
146434 [main] DEBUG org.dbunit.util.QualifiedTableName  - Qualified table names feature is disabled. Returning plain table name
146434 [main] DEBUG org.dbunit.util.QualifiedTableName  - getQualifiedName(prefix=null, name=SCOPEDCONTENTCONDITIONS_SCOPEDCONTENTITEM, escapePattern=null) - start
146434 [main] DEBUG org.dbunit.database.search.AbstractMetaDataBasedSearchCallback  - newEdge(rs=org.apache.commons.dbcp.DelegatingResultSet@7500d3cf, type=1, from=SCOPEDCONTENTITEM, to=SCOPEDCONTENTCONDITIONS_SCOPEDCONTENTITEM, fkColumn=SCOPED_CONTENT_ITEM_ID, pkColumn=ID) - start
146434 [main] DEBUG org.dbunit.database.search.AbstractMetaDataBasedSearchCallback  - createFKEdge(rs=org.apache.commons.dbcp.DelegatingResultSet@7500d3cf, type=1, from=SCOPEDCONTENTITEM, to=SCOPEDCONTENTCONDITIONS_SCOPEDCONTENTITEM, fkColumn=SCOPED_CONTENT_ITEM_ID, pkColumn=ID) - start
146434 [main] DEBUG org.dbunit.database.search.AbstractMetaDataBasedSearchCallback  - Adding edge SCOPEDCONTENTCONDITIONS_SCOPEDCONTENTITEM(SCOPED_CONTENT_ITEM_ID)->SCOPEDCONTENTITEM(ID)
146434 [main] DEBUG org.dbunit.util.search.Edge  - compareTo(o=SCOPEDCONTENTCONDITIONS_SCOPEDCONTENTITEM(SCOPED_CONTENT_ITEM_ID)->SCOPEDCONTENTITEM(ID)) - start
146434 [main] DEBUG org.dbunit.util.QualifiedTableName  - getQualifiedNameIfEnabled(config=org.dbunit.database.DatabaseConfig[, _propertyMap={http://www.dbunit.org/properties/statementFactory=org.dbunit.database.statement.PreparedStatementFactory@626bc2b8, http://www.dbunit.org/features/caseSensitiveTableNames=false, http://www.dbunit.org/properties/fetchSize=100, http://www.dbunit.org/features/batchedStatements=false, http://www.dbunit.org/properties/metadataHandler=org.dbunit.database.DefaultMetadataHandler@3bbfdfde, http://www.dbunit.org/properties/datatypeFactory=org.dbunit.dataset.datatype.DefaultDataTypeFactory[_toleratedDeltaMap=org.dbunit.dataset.datatype.ToleratedDeltaMap@6452310a], http://www.dbunit.org/properties/escapePattern=null, http://www.dbunit.org/properties/batchSize=100, http://www.dbunit.org/features/qualifiedTableNames=false, http://www.dbunit.org/properties/tableType=[Ljava.lang.String;@5011bafa, http://www.dbunit.org/properties/resultSetTableFactory=org.dbunit.database.CachedResultSetTableFactory@10bcf083, http://www.dbunit.org/features/datatypeWarning=true}]) - start
146434 [main] TRACE org.dbunit.database.DatabaseConfig  - getFeature(name=http://www.dbunit.org/features/qualifiedTableNames) - start
146434 [main] TRACE org.dbunit.database.DatabaseConfig  - getProperty(name=http://www.dbunit.org/features/qualifiedTableNames) - start
146434 [main] DEBUG org.dbunit.util.QualifiedTableName  - Qualified table names feature is disabled. Returning plain table name
146434 [main] DEBUG org.dbunit.util.QualifiedTableName  - getQualifiedName(prefix=null, name=SCOPEDCONTENTITEM, escapePattern=null) - start
146434 [main] DEBUG org.dbunit.util.QualifiedTableName  - getQualifiedNameIfEnabled(config=org.dbunit.database.DatabaseConfig[, _propertyMap={http://www.dbunit.org/properties/statementFactory=org.dbunit.database.statement.PreparedStatementFactory@626bc2b8, http://www.dbunit.org/features/caseSensitiveTableNames=false, http://www.dbunit.org/properties/fetchSize=100, http://www.dbunit.org/features/batchedStatements=false, http://www.dbunit.org/properties/metadataHandler=org.dbunit.database.DefaultMetadataHandler@3bbfdfde, http://www.dbunit.org/properties/datatypeFactory=org.dbunit.dataset.datatype.DefaultDataTypeFactory[_toleratedDeltaMap=org.dbunit.dataset.datatype.ToleratedDeltaMap@6452310a], http://www.dbunit.org/properties/escapePattern=null, http://www.dbunit.org/properties/batchSize=100, http://www.dbunit.org/features/qualifiedTableNames=false, http://www.dbunit.org/properties/tableType=[Ljava.lang.String;@5011bafa, http://www.dbunit.org/properties/resultSetTableFactory=org.dbunit.database.CachedResultSetTableFactory@10bcf083, http://www.dbunit.org/features/datatypeWarning=true}]) - start
146434 [main] TRACE org.dbunit.database.DatabaseConfig  - getFeature(name=http://www.dbunit.org/features/qualifiedTableNames) - start
146434 [main] TRACE org.dbunit.database.DatabaseConfig  - getProperty(name=http://www.dbunit.org/features/qualifiedTableNames) - start
146434 [main] DEBUG org.dbunit.util.QualifiedTableName  - Qualified table names feature is disabled. Returning plain table name
146434 [main] DEBUG org.dbunit.util.QualifiedTableName  - getQualifiedName(prefix=null, name=SCOPEDCONTENT_SCOPEDCONTENTITEM, escapePattern=null) - start
146434 [main] DEBUG org.dbunit.database.search.AbstractMetaDataBasedSearchCallback  - newEdge(rs=org.apache.commons.dbcp.DelegatingResultSet@7500d3cf, type=1, from=SCOPEDCONTENTITEM, to=SCOPEDCONTENT_SCOPEDCONTENTITEM, fkColumn=SCOPED_CONTENT_ID, pkColumn=ID) - start
146434 [main] DEBUG org.dbunit.database.search.AbstractMetaDataBasedSearchCallback  - createFKEdge(rs=org.apache.commons.dbcp.DelegatingResultSet@7500d3cf, type=1, from=SCOPEDCONTENTITEM, to=SCOPEDCONTENT_SCOPEDCONTENTITEM, fkColumn=SCOPED_CONTENT_ID, pkColumn=ID) - start
146434 [main] DEBUG org.dbunit.database.search.AbstractMetaDataBasedSearchCallback  - Adding edge SCOPEDCONTENT_SCOPEDCONTENTITEM(SCOPED_CONTENT_ID)->SCOPEDCONTENTITEM(ID)
146434 [main] DEBUG org.dbunit.util.search.Edge  - compareTo(o=SCOPEDCONTENTCONDITIONS_SCOPEDCONTENTITEM(SCOPED_CONTENT_ITEM_ID)->SCOPEDCONTENTITEM(ID)) - start
146435 [main] DEBUG org.dbunit.util.SQLHelper  - close(resultSet=org.apache.commons.dbcp.DelegatingResultSet@7500d3cf) - start
146435 [main] DEBUG org.dbunit.util.search.DepthFirstSearch  - reverseSearch:SCOPEDCONTENTCONDITIONS_SCOPEDCONTENTITEM
146435 [main] DEBUG org.dbunit.database.search.ExportedKeysSearchCallback  - searchNode(node=SCOPEDCONTENTCONDITIONS_SCOPEDCONTENTITEM) - start
146435 [main] DEBUG org.dbunit.util.search.DepthFirstSearch  - Pushing (reverse) SCOPEDCONTENTCONDITIONS_SCOPEDCONTENTITEM
146435 [main] DEBUG org.dbunit.database.search.ExportedKeysSearchCallback  - getEdges(node=SCOPEDCONTENTCONDITIONS_SCOPEDCONTENTITEM) - start
146435 [main] DEBUG org.dbunit.database.search.AbstractMetaDataBasedSearchCallback  - getNodesFromExportedKeys(node=SCOPEDCONTENTCONDITIONS_SCOPEDCONTENTITEM) - start
146435 [main] DEBUG org.dbunit.database.search.AbstractMetaDataBasedSearchCallback  - getNodes(type=1, node=SCOPEDCONTENTCONDITIONS_SCOPEDCONTENTITEM) - start
146435 [main] DEBUG org.dbunit.database.DatabaseDataSourceConnection  - getConnection() - start
146435 [main] DEBUG org.dbunit.database.search.AbstractMetaDataBasedSearchCallback  - getNodes(type=1, node=SCOPEDCONTENTCONDITIONS_SCOPEDCONTENTITEM, conn=Transaction-aware proxy for target Connection [jdbc:hsqldb:mem:kontrollDS, UserName=sw, HSQL Database Engine Driver], schema=null, metaData=org.apache.commons.dbcp.DelegatingDatabaseMetaData@951f70c, edges=[]) - start
146435 [main] DEBUG org.dbunit.database.search.AbstractMetaDataBasedSearchCallback  - Getting edges for node SCOPEDCONTENTCONDITIONS_SCOPEDCONTENTITEM
146435 [main] TRACE org.dbunit.database.DatabaseConfig  - getProperty(name=http://www.dbunit.org/properties/metadataHandler) - start
146435 [main] TRACE org.dbunit.database.DefaultMetadataHandler  - tableExists(metaData=org.apache.commons.dbcp.DelegatingDatabaseMetaData@951f70c, schemaName=null, tableName=SCOPEDCONTENTCONDITIONS_SCOPEDCONTENTITEM) - start
146436 [main] DEBUG org.dbunit.util.SQLHelper  - close(resultSet=org.apache.commons.dbcp.DelegatingResultSet@1d642281) - start
146436 [main] DEBUG org.dbunit.util.SQLHelper  - close(resultSet=org.apache.commons.dbcp.DelegatingResultSet@46c96ab3) - start
146436 [main] DEBUG org.dbunit.util.search.DepthFirstSearch  - reverseSearch:SCOPEDCONTENT_SCOPEDCONTENTITEM
146436 [main] DEBUG org.dbunit.database.search.ExportedKeysSearchCallback  - searchNode(node=SCOPEDCONTENT_SCOPEDCONTENTITEM) - start
146436 [main] DEBUG org.dbunit.util.search.DepthFirstSearch  - Pushing (reverse) SCOPEDCONTENT_SCOPEDCONTENTITEM
146436 [main] DEBUG org.dbunit.util.search.DepthFirstSearch  - search:SCOPEDCONTENTCONDITIONS_SCOPEDCONTENTITEM
146437 [main] DEBUG org.dbunit.database.search.ExportedKeysSearchCallback  - searchNode(node=SCOPEDCONTENTCONDITIONS_SCOPEDCONTENTITEM) - start
146437 [main] DEBUG org.dbunit.util.search.DepthFirstSearch  - Pushing SCOPEDCONTENTCONDITIONS_SCOPEDCONTENTITEM
146437 [main] DEBUG org.dbunit.database.search.ExportedKeysSearchCallback  - getEdges(node=SCOPEDCONTENTCONDITIONS_SCOPEDCONTENTITEM) - start
146437 [main] DEBUG org.dbunit.database.search.AbstractMetaDataBasedSearchCallback  - getNodesFromExportedKeys(node=SCOPEDCONTENTCONDITIONS_SCOPEDCONTENTITEM) - start
146437 [main] DEBUG org.dbunit.database.search.AbstractMetaDataBasedSearchCallback  - getNodes(type=1, node=SCOPEDCONTENTCONDITIONS_SCOPEDCONTENTITEM) - start
146437 [main] DEBUG org.dbunit.database.DatabaseDataSourceConnection  - getConnection() - start
146437 [main] DEBUG org.dbunit.database.search.AbstractMetaDataBasedSearchCallback  - getNodes(type=1, node=SCOPEDCONTENTCONDITIONS_SCOPEDCONTENTITEM, conn=Transaction-aware proxy for target Connection [jdbc:hsqldb:mem:kontrollDS, UserName=sw, HSQL Database Engine Driver], schema=null, metaData=org.apache.commons.dbcp.DelegatingDatabaseMetaData@517c3213, edges=[]) - start
146437 [main] DEBUG org.dbunit.database.search.AbstractMetaDataBasedSearchCallback  - Getting edges for node SCOPEDCONTENTCONDITIONS_SCOPEDCONTENTITEM
146437 [main] TRACE org.dbunit.database.DatabaseConfig  - getProperty(name=http://www.dbunit.org/properties/metadataHandler) - start
146437 [main] TRACE org.dbunit.database.DefaultMetadataHandler  - tableExists(metaData=org.apache.commons.dbcp.DelegatingDatabaseMetaData@517c3213, schemaName=null, tableName=SCOPEDCONTENTCONDITIONS_SCOPEDCONTENTITEM) - start
146438 [main] DEBUG org.dbunit.util.SQLHelper  - close(resultSet=org.apache.commons.dbcp.DelegatingResultSet@6fdd594e) - start
146438 [main] DEBUG org.dbunit.util.SQLHelper  - close(resultSet=org.apache.commons.dbcp.DelegatingResultSet@b87a32c) - start
146438 [main] DEBUG org.dbunit.util.search.DepthFirstSearch  - Adding node SCOPEDCONTENTCONDITIONS_SCOPEDCONTENTITEM to the final result
146438 [main] DEBUG org.dbunit.util.search.DepthFirstSearch  - search:SCOPEDCONTENT_SCOPEDCONTENTITEM
146438 [main] DEBUG org.dbunit.database.search.ExportedKeysSearchCallback  - searchNode(node=SCOPEDCONTENT_SCOPEDCONTENTITEM) - start
146438 [main] DEBUG org.dbunit.util.search.DepthFirstSearch  - Pushing SCOPEDCONTENT_SCOPEDCONTENTITEM
146438 [main] DEBUG org.dbunit.database.search.ExportedKeysSearchCallback  - getEdges(node=SCOPEDCONTENT_SCOPEDCONTENTITEM) - start
146438 [main] DEBUG org.dbunit.database.search.AbstractMetaDataBasedSearchCallback  - getNodesFromExportedKeys(node=SCOPEDCONTENT_SCOPEDCONTENTITEM) - start
146438 [main] DEBUG org.dbunit.database.search.AbstractMetaDataBasedSearchCallback  - getNodes(type=1, node=SCOPEDCONTENT_SCOPEDCONTENTITEM) - start
146438 [main] DEBUG org.dbunit.database.DatabaseDataSourceConnection  - getConnection() - start
146438 [main] DEBUG org.dbunit.database.search.AbstractMetaDataBasedSearchCallback  - getNodes(type=1, node=SCOPEDCONTENT_SCOPEDCONTENTITEM, conn=Transaction-aware proxy for target Connection [jdbc:hsqldb:mem:kontrollDS, UserName=sw, HSQL Database Engine Driver], schema=null, metaData=org.apache.commons.dbcp.DelegatingDatabaseMetaData@75e9a39d, edges=[]) - start
146438 [main] DEBUG org.dbunit.database.search.AbstractMetaDataBasedSearchCallback  - Getting edges for node SCOPEDCONTENT_SCOPEDCONTENTITEM
146438 [main] TRACE org.dbunit.database.DatabaseConfig  - getProperty(name=http://www.dbunit.org/properties/metadataHandler) - start
146439 [main] TRACE org.dbunit.database.DefaultMetadataHandler  - tableExists(metaData=org.apache.commons.dbcp.DelegatingDatabaseMetaData@75e9a39d, schemaName=null, tableName=SCOPEDCONTENT_SCOPEDCONTENTITEM) - start
146439 [main] DEBUG org.dbunit.util.SQLHelper  - close(resultSet=org.apache.commons.dbcp.DelegatingResultSet@14c5262a) - start
146440 [main] DEBUG org.dbunit.util.SQLHelper  - close(resultSet=org.apache.commons.dbcp.DelegatingResultSet@4215d97b) - start
146440 [main] DEBUG org.dbunit.util.search.DepthFirstSearch  - Adding node SCOPEDCONTENT_SCOPEDCONTENTITEM to the final result
146440 [main] DEBUG org.dbunit.util.search.DepthFirstSearch  - search:SCOPEDCONTENTITEM
146440 [main] DEBUG org.dbunit.database.search.ExportedKeysSearchCallback  - searchNode(node=SCOPEDCONTENTITEM) - start
146440 [main] DEBUG org.dbunit.util.search.DepthFirstSearch  - Pushing SCOPEDCONTENTITEM
146440 [main] DEBUG org.dbunit.database.search.ExportedKeysSearchCallback  - getEdges(node=SCOPEDCONTENTITEM) - start
146440 [main] DEBUG org.dbunit.database.search.AbstractMetaDataBasedSearchCallback  - getNodesFromExportedKeys(node=SCOPEDCONTENTITEM) - start
146440 [main] DEBUG org.dbunit.database.search.AbstractMetaDataBasedSearchCallback  - getNodes(type=1, node=SCOPEDCONTENTITEM) - start
146440 [main] DEBUG org.dbunit.database.DatabaseDataSourceConnection  - getConnection() - start
146440 [main] DEBUG org.dbunit.database.search.AbstractMetaDataBasedSearchCallback  - getNodes(type=1, node=SCOPEDCONTENTITEM, conn=Transaction-aware proxy for target Connection [jdbc:hsqldb:mem:kontrollDS, UserName=sw, HSQL Database Engine Driver], schema=null, metaData=org.apache.commons.dbcp.DelegatingDatabaseMetaData@28793c22, edges=[]) - start
146440 [main] DEBUG org.dbunit.database.search.AbstractMetaDataBasedSearchCallback  - Getting edges for node SCOPEDCONTENTITEM
146440 [main] TRACE org.dbunit.database.DatabaseConfig  - getProperty(name=http://www.dbunit.org/properties/metadataHandler) - start
146440 [main] TRACE org.dbunit.database.DefaultMetadataHandler  - tableExists(metaData=org.apache.commons.dbcp.DelegatingDatabaseMetaData@28793c22, schemaName=null, tableName=SCOPEDCONTENTITEM) - start
146441 [main] DEBUG org.dbunit.util.SQLHelper  - close(resultSet=org.apache.commons.dbcp.DelegatingResultSet@7b8034d9) - start
146441 [main] DEBUG org.dbunit.util.QualifiedTableName  - getQualifiedNameIfEnabled(config=org.dbunit.database.DatabaseConfig[, _propertyMap={http://www.dbunit.org/properties/statementFactory=org.dbunit.database.statement.PreparedStatementFactory@626bc2b8, http://www.dbunit.org/features/caseSensitiveTableNames=false, http://www.dbunit.org/properties/fetchSize=100, http://www.dbunit.org/features/batchedStatements=false, http://www.dbunit.org/properties/metadataHandler=org.dbunit.database.DefaultMetadataHandler@3bbfdfde, http://www.dbunit.org/properties/datatypeFactory=org.dbunit.dataset.datatype.DefaultDataTypeFactory[_toleratedDeltaMap=org.dbunit.dataset.datatype.ToleratedDeltaMap@6452310a], http://www.dbunit.org/properties/escapePattern=null, http://www.dbunit.org/properties/batchSize=100, http://www.dbunit.org/features/qualifiedTableNames=false, http://www.dbunit.org/properties/tableType=[Ljava.lang.String;@5011bafa, http://www.dbunit.org/properties/resultSetTableFactory=org.dbunit.database.CachedResultSetTableFactory@10bcf083, http://www.dbunit.org/features/datatypeWarning=true}]) - start
146441 [main] TRACE org.dbunit.database.DatabaseConfig  - getFeature(name=http://www.dbunit.org/features/qualifiedTableNames) - start
146441 [main] TRACE org.dbunit.database.DatabaseConfig  - getProperty(name=http://www.dbunit.org/features/qualifiedTableNames) - start
146441 [main] DEBUG org.dbunit.util.QualifiedTableName  - Qualified table names feature is disabled. Returning plain table name
146441 [main] DEBUG org.dbunit.util.QualifiedTableName  - getQualifiedName(prefix=null, name=SCOPEDCONTENTITEM, escapePattern=null) - start
146442 [main] DEBUG org.dbunit.util.QualifiedTableName  - getQualifiedNameIfEnabled(config=org.dbunit.database.DatabaseConfig[, _propertyMap={http://www.dbunit.org/properties/statementFactory=org.dbunit.database.statement.PreparedStatementFactory@626bc2b8, http://www.dbunit.org/features/caseSensitiveTableNames=false, http://www.dbunit.org/properties/fetchSize=100, http://www.dbunit.org/features/batchedStatements=false, http://www.dbunit.org/properties/metadataHandler=org.dbunit.database.DefaultMetadataHandler@3bbfdfde, http://www.dbunit.org/properties/datatypeFactory=org.dbunit.dataset.datatype.DefaultDataTypeFactory[_toleratedDeltaMap=org.dbunit.dataset.datatype.ToleratedDeltaMap@6452310a], http://www.dbunit.org/properties/escapePattern=null, http://www.dbunit.org/properties/batchSize=100, http://www.dbunit.org/features/qualifiedTableNames=false, http://www.dbunit.org/properties/tableType=[Ljava.lang.String;@5011bafa, http://www.dbunit.org/properties/resultSetTableFactory=org.dbunit.database.CachedResultSetTableFactory@10bcf083, http://www.dbunit.org/features/datatypeWarning=true}]) - start
146442 [main] TRACE org.dbunit.database.DatabaseConfig  - getFeature(name=http://www.dbunit.org/features/qualifiedTableNames) - start
146442 [main] TRACE org.dbunit.database.DatabaseConfig  - getProperty(name=http://www.dbunit.org/features/qualifiedTableNames) - start
146442 [main] DEBUG org.dbunit.util.QualifiedTableName  - Qualified table names feature is disabled. Returning plain table name
146442 [main] DEBUG org.dbunit.util.QualifiedTableName  - getQualifiedName(prefix=null, name=SCOPEDCONTENTCONDITIONS_SCOPEDCONTENTITEM, escapePattern=null) - start
146442 [main] DEBUG org.dbunit.database.search.AbstractMetaDataBasedSearchCallback  - newEdge(rs=org.apache.commons.dbcp.DelegatingResultSet@1d4fa41b, type=1, from=SCOPEDCONTENTITEM, to=SCOPEDCONTENTCONDITIONS_SCOPEDCONTENTITEM, fkColumn=SCOPED_CONTENT_ITEM_ID, pkColumn=ID) - start
146442 [main] DEBUG org.dbunit.database.search.AbstractMetaDataBasedSearchCallback  - createFKEdge(rs=org.apache.commons.dbcp.DelegatingResultSet@1d4fa41b, type=1, from=SCOPEDCONTENTITEM, to=SCOPEDCONTENTCONDITIONS_SCOPEDCONTENTITEM, fkColumn=SCOPED_CONTENT_ITEM_ID, pkColumn=ID) - start
146442 [main] DEBUG org.dbunit.database.search.AbstractMetaDataBasedSearchCallback  - Adding edge SCOPEDCONTENTCONDITIONS_SCOPEDCONTENTITEM(SCOPED_CONTENT_ITEM_ID)->SCOPEDCONTENTITEM(ID)
146442 [main] DEBUG org.dbunit.util.search.Edge  - compareTo(o=SCOPEDCONTENTCONDITIONS_SCOPEDCONTENTITEM(SCOPED_CONTENT_ITEM_ID)->SCOPEDCONTENTITEM(ID)) - start
146442 [main] DEBUG org.dbunit.util.QualifiedTableName  - getQualifiedNameIfEnabled(config=org.dbunit.database.DatabaseConfig[, _propertyMap={http://www.dbunit.org/properties/statementFactory=org.dbunit.database.statement.PreparedStatementFactory@626bc2b8, http://www.dbunit.org/features/caseSensitiveTableNames=false, http://www.dbunit.org/properties/fetchSize=100, http://www.dbunit.org/features/batchedStatements=false, http://www.dbunit.org/properties/metadataHandler=org.dbunit.database.DefaultMetadataHandler@3bbfdfde, http://www.dbunit.org/properties/datatypeFactory=org.dbunit.dataset.datatype.DefaultDataTypeFactory[_toleratedDeltaMap=org.dbunit.dataset.datatype.ToleratedDeltaMap@6452310a], http://www.dbunit.org/properties/escapePattern=null, http://www.dbunit.org/properties/batchSize=100, http://www.dbunit.org/features/qualifiedTableNames=false, http://www.dbunit.org/properties/tableType=[Ljava.lang.String;@5011bafa, http://www.dbunit.org/properties/resultSetTableFactory=org.dbunit.database.CachedResultSetTableFactory@10bcf083, http://www.dbunit.org/features/datatypeWarning=true}]) - start
146442 [main] TRACE org.dbunit.database.DatabaseConfig  - getFeature(name=http://www.dbunit.org/features/qualifiedTableNames) - start
146442 [main] TRACE org.dbunit.database.DatabaseConfig  - getProperty(name=http://www.dbunit.org/features/qualifiedTableNames) - start
146442 [main] DEBUG org.dbunit.util.QualifiedTableName  - Qualified table names feature is disabled. Returning plain table name
146442 [main] DEBUG org.dbunit.util.QualifiedTableName  - getQualifiedName(prefix=null, name=SCOPEDCONTENTITEM, escapePattern=null) - start
146442 [main] DEBUG org.dbunit.util.QualifiedTableName  - getQualifiedNameIfEnabled(config=org.dbunit.database.DatabaseConfig[, _propertyMap={http://www.dbunit.org/properties/statementFactory=org.dbunit.database.statement.PreparedStatementFactory@626bc2b8, http://www.dbunit.org/features/caseSensitiveTableNames=false, http://www.dbunit.org/properties/fetchSize=100, http://www.dbunit.org/features/batchedStatements=false, http://www.dbunit.org/properties/metadataHandler=org.dbunit.database.DefaultMetadataHandler@3bbfdfde, http://www.dbunit.org/properties/datatypeFactory=org.dbunit.dataset.datatype.DefaultDataTypeFactory[_toleratedDeltaMap=org.dbunit.dataset.datatype.ToleratedDeltaMap@6452310a], http://www.dbunit.org/properties/escapePattern=null, http://www.dbunit.org/properties/batchSize=100, http://www.dbunit.org/features/qualifiedTableNames=false, http://www.dbunit.org/properties/tableType=[Ljava.lang.String;@5011bafa, http://www.dbunit.org/properties/resultSetTableFactory=org.dbunit.database.CachedResultSetTableFactory@10bcf083, http://www.dbunit.org/features/datatypeWarning=true}]) - start
146442 [main] TRACE org.dbunit.database.DatabaseConfig  - getFeature(name=http://www.dbunit.org/features/qualifiedTableNames) - start
146442 [main] TRACE org.dbunit.database.DatabaseConfig  - getProperty(name=http://www.dbunit.org/features/qualifiedTableNames) - start
146442 [main] DEBUG org.dbunit.util.QualifiedTableName  - Qualified table names feature is disabled. Returning plain table name
146442 [main] DEBUG org.dbunit.util.QualifiedTableName  - getQualifiedName(prefix=null, name=SCOPEDCONTENT_SCOPEDCONTENTITEM, escapePattern=null) - start
146442 [main] DEBUG org.dbunit.database.search.AbstractMetaDataBasedSearchCallback  - newEdge(rs=org.apache.commons.dbcp.DelegatingResultSet@1d4fa41b, type=1, from=SCOPEDCONTENTITEM, to=SCOPEDCONTENT_SCOPEDCONTENTITEM, fkColumn=SCOPED_CONTENT_ID, pkColumn=ID) - start
146442 [main] DEBUG org.dbunit.database.search.AbstractMetaDataBasedSearchCallback  - createFKEdge(rs=org.apache.commons.dbcp.DelegatingResultSet@1d4fa41b, type=1, from=SCOPEDCONTENTITEM, to=SCOPEDCONTENT_SCOPEDCONTENTITEM, fkColumn=SCOPED_CONTENT_ID, pkColumn=ID) - start
146443 [main] DEBUG org.dbunit.database.search.AbstractMetaDataBasedSearchCallback  - Adding edge SCOPEDCONTENT_SCOPEDCONTENTITEM(SCOPED_CONTENT_ID)->SCOPEDCONTENTITEM(ID)
146443 [main] DEBUG org.dbunit.util.search.Edge  - compareTo(o=SCOPEDCONTENTCONDITIONS_SCOPEDCONTENTITEM(SCOPED_CONTENT_ITEM_ID)->SCOPEDCONTENTITEM(ID)) - start
146443 [main] DEBUG org.dbunit.util.SQLHelper  - close(resultSet=org.apache.commons.dbcp.DelegatingResultSet@1d4fa41b) - start
146443 [main] DEBUG org.dbunit.util.search.DepthFirstSearch  - search:SCOPEDCONTENTITEM
146443 [main] DEBUG org.dbunit.util.search.DepthFirstSearch  - already searched; returning true
146443 [main] DEBUG org.dbunit.util.search.DepthFirstSearch  - search:SCOPEDCONTENTITEM
146443 [main] DEBUG org.dbunit.util.search.DepthFirstSearch  - already searched; returning true
146443 [main] DEBUG org.dbunit.util.search.DepthFirstSearch  - Adding node SCOPEDCONTENTITEM to the final result
146443 [main] DEBUG org.dbunit.database.search.TablesDependencyHelper  - getDirectDependentTables(connection=_databaseConfig=org.dbunit.database.DatabaseConfig[, _propertyMap={http://www.dbunit.org/properties/statementFactory=org.dbunit.database.statement.PreparedStatementFactory@626bc2b8, http://www.dbunit.org/features/caseSensitiveTableNames=false, http://www.dbunit.org/properties/fetchSize=100, http://www.dbunit.org/features/batchedStatements=false, http://www.dbunit.org/properties/metadataHandler=org.dbunit.database.DefaultMetadataHandler@3bbfdfde, http://www.dbunit.org/properties/datatypeFactory=org.dbunit.dataset.datatype.DefaultDataTypeFactory[_toleratedDeltaMap=org.dbunit.dataset.datatype.ToleratedDeltaMap@6452310a], http://www.dbunit.org/properties/escapePattern=null, http://www.dbunit.org/properties/batchSize=100, http://www.dbunit.org/features/qualifiedTableNames=false, http://www.dbunit.org/properties/tableType=[Ljava.lang.String;@5011bafa, http://www.dbunit.org/properties/resultSetTableFactory=org.dbunit.database.CachedResultSetTableFactory@10bcf083, http://www.dbunit.org/features/datatypeWarning=true}], _dataSet=AbstractDataSet[_orderedTableNameMap=null], tableName=SCOPEDCONTENTITEM) - start
146443 [main] DEBUG org.dbunit.util.search.DepthFirstSearch  - search(nodesFrom=[SCOPEDCONTENTITEM], callback=org.dbunit.database.search.ImportedKeysSearchCallback@5949e94) - start
146443 [main] DEBUG org.dbunit.util.CollectionsHelper  - objectsToSet(objects=SCOPEDCONTENTITEM) - start
146443 [main] DEBUG org.dbunit.util.search.DepthFirstSearch  - search(nodesFrom=[SCOPEDCONTENTITEM], callback=org.dbunit.database.search.ImportedKeysSearchCallback@5949e94) - start
146443 [main] DEBUG org.dbunit.util.search.DepthFirstSearch  - reverseSearch:SCOPEDCONTENTITEM
146443 [main] DEBUG org.dbunit.database.search.ImportedKeysSearchCallback  - searchNode(node=SCOPEDCONTENTITEM) - start
146443 [main] DEBUG org.dbunit.util.search.DepthFirstSearch  - Pushing (reverse) SCOPEDCONTENTITEM
146443 [main] DEBUG org.dbunit.database.search.ImportedKeysSearchCallback  - getEdges(node=SCOPEDCONTENTITEM) - start
146443 [main] DEBUG org.dbunit.database.search.AbstractMetaDataBasedSearchCallback  - getNodesFromImportedKeys(node=SCOPEDCONTENTITEM) - start
146443 [main] DEBUG org.dbunit.database.search.AbstractMetaDataBasedSearchCallback  - getNodes(type=0, node=SCOPEDCONTENTITEM) - start
146443 [main] DEBUG org.dbunit.database.DatabaseDataSourceConnection  - getConnection() - start
146443 [main] DEBUG org.dbunit.database.search.AbstractMetaDataBasedSearchCallback  - getNodes(type=0, node=SCOPEDCONTENTITEM, conn=Transaction-aware proxy for target Connection [jdbc:hsqldb:mem:kontrollDS, UserName=sw, HSQL Database Engine Driver], schema=null, metaData=org.apache.commons.dbcp.DelegatingDatabaseMetaData@60370968, edges=[]) - start
146443 [main] DEBUG org.dbunit.database.search.AbstractMetaDataBasedSearchCallback  - Getting edges for node SCOPEDCONTENTITEM
146443 [main] TRACE org.dbunit.database.DatabaseConfig  - getProperty(name=http://www.dbunit.org/properties/metadataHandler) - start
146444 [main] TRACE org.dbunit.database.DefaultMetadataHandler  - tableExists(metaData=org.apache.commons.dbcp.DelegatingDatabaseMetaData@60370968, schemaName=null, tableName=SCOPEDCONTENTITEM) - start
146445 [main] DEBUG org.dbunit.util.SQLHelper  - close(resultSet=org.apache.commons.dbcp.DelegatingResultSet@75895466) - start
146445 [main] DEBUG org.dbunit.util.SQLHelper  - close(resultSet=org.apache.commons.dbcp.DelegatingResultSet@4021724b) - start
146445 [main] DEBUG org.dbunit.util.search.DepthFirstSearch  - search:SCOPEDCONTENTITEM
146445 [main] DEBUG org.dbunit.database.search.ImportedKeysSearchCallback  - searchNode(node=SCOPEDCONTENTITEM) - start
146445 [main] DEBUG org.dbunit.util.search.DepthFirstSearch  - Pushing SCOPEDCONTENTITEM
146445 [main] DEBUG org.dbunit.database.search.ImportedKeysSearchCallback  - getEdges(node=SCOPEDCONTENTITEM) - start
146445 [main] DEBUG org.dbunit.database.search.AbstractMetaDataBasedSearchCallback  - getNodesFromImportedKeys(node=SCOPEDCONTENTITEM) - start
146445 [main] DEBUG org.dbunit.database.search.AbstractMetaDataBasedSearchCallback  - getNodes(type=0, node=SCOPEDCONTENTITEM) - start
146445 [main] DEBUG org.dbunit.database.DatabaseDataSourceConnection  - getConnection() - start
146445 [main] DEBUG org.dbunit.database.search.AbstractMetaDataBasedSearchCallback  - getNodes(type=0, node=SCOPEDCONTENTITEM, conn=Transaction-aware proxy for target Connection [jdbc:hsqldb:mem:kontrollDS, UserName=sw, HSQL Database Engine Driver], schema=null, metaData=org.apache.commons.dbcp.DelegatingDatabaseMetaData@53d6bad1, edges=[]) - start
146445 [main] DEBUG org.dbunit.database.search.AbstractMetaDataBasedSearchCallback  - Getting edges for node SCOPEDCONTENTITEM
146445 [main] TRACE org.dbunit.database.DatabaseConfig  - getProperty(name=http://www.dbunit.org/properties/metadataHandler) - start
146445 [main] TRACE org.dbunit.database.DefaultMetadataHandler  - tableExists(metaData=org.apache.commons.dbcp.DelegatingDatabaseMetaData@53d6bad1, schemaName=null, tableName=SCOPEDCONTENTITEM) - start
146446 [main] DEBUG org.dbunit.util.SQLHelper  - close(resultSet=org.apache.commons.dbcp.DelegatingResultSet@593661b6) - start
146446 [main] DEBUG org.dbunit.util.SQLHelper  - close(resultSet=org.apache.commons.dbcp.DelegatingResultSet@6835548c) - start
146446 [main] DEBUG org.dbunit.util.search.DepthFirstSearch  - Adding node SCOPEDCONTENTITEM to the final result
146447 [main] DEBUG org.dbunit.database.DatabaseSequenceFilter  - getDependencyInfo(connection=_databaseConfig=org.dbunit.database.DatabaseConfig[, _propertyMap={http://www.dbunit.org/properties/statementFactory=org.dbunit.database.statement.PreparedStatementFactory@626bc2b8, http://www.dbunit.org/features/caseSensitiveTableNames=false, http://www.dbunit.org/properties/fetchSize=100, http://www.dbunit.org/features/batchedStatements=false, http://www.dbunit.org/properties/metadataHandler=org.dbunit.database.DefaultMetadataHandler@3bbfdfde, http://www.dbunit.org/properties/datatypeFactory=org.dbunit.dataset.datatype.DefaultDataTypeFactory[_toleratedDeltaMap=org.dbunit.dataset.datatype.ToleratedDeltaMap@6452310a], http://www.dbunit.org/properties/escapePattern=null, http://www.dbunit.org/properties/batchSize=100, http://www.dbunit.org/features/qualifiedTableNames=false, http://www.dbunit.org/properties/tableType=[Ljava.lang.String;@5011bafa, http://www.dbunit.org/properties/resultSetTableFactory=org.dbunit.database.CachedResultSetTableFactory@10bcf083, http://www.dbunit.org/features/datatypeWarning=true}], _dataSet=AbstractDataSet[_orderedTableNameMap=null], tableName=SCOPEDCONTENT_SCOPEDCONTENTITEM) - start
146447 [main] DEBUG org.dbunit.database.search.TablesDependencyHelper  - getDependentTables(connection=_databaseConfig=org.dbunit.database.DatabaseConfig[, _propertyMap={http://www.dbunit.org/properties/statementFactory=org.dbunit.database.statement.PreparedStatementFactory@626bc2b8, http://www.dbunit.org/features/caseSensitiveTableNames=false, http://www.dbunit.org/properties/fetchSize=100, http://www.dbunit.org/features/batchedStatements=false, http://www.dbunit.org/properties/metadataHandler=org.dbunit.database.DefaultMetadataHandler@3bbfdfde, http://www.dbunit.org/properties/datatypeFactory=org.dbunit.dataset.datatype.DefaultDataTypeFactory[_toleratedDeltaMap=org.dbunit.dataset.datatype.ToleratedDeltaMap@6452310a], http://www.dbunit.org/properties/escapePattern=null, http://www.dbunit.org/properties/batchSize=100, http://www.dbunit.org/features/qualifiedTableNames=false, http://www.dbunit.org/properties/tableType=[Ljava.lang.String;@5011bafa, http://www.dbunit.org/properties/resultSetTableFactory=org.dbunit.database.CachedResultSetTableFactory@10bcf083, http://www.dbunit.org/features/datatypeWarning=true}], _dataSet=AbstractDataSet[_orderedTableNameMap=null], rootTable=SCOPEDCONTENT_SCOPEDCONTENTITEM) - start
146447 [main] DEBUG org.dbunit.database.search.TablesDependencyHelper  - getDependentTables(connection=_databaseConfig=org.dbunit.database.DatabaseConfig[, _propertyMap={http://www.dbunit.org/properties/statementFactory=org.dbunit.database.statement.PreparedStatementFactory@626bc2b8, http://www.dbunit.org/features/caseSensitiveTableNames=false, http://www.dbunit.org/properties/fetchSize=100, http://www.dbunit.org/features/batchedStatements=false, http://www.dbunit.org/properties/metadataHandler=org.dbunit.database.DefaultMetadataHandler@3bbfdfde, http://www.dbunit.org/properties/datatypeFactory=org.dbunit.dataset.datatype.DefaultDataTypeFactory[_toleratedDeltaMap=org.dbunit.dataset.datatype.ToleratedDeltaMap@6452310a], http://www.dbunit.org/properties/escapePattern=null, http://www.dbunit.org/properties/batchSize=100, http://www.dbunit.org/features/qualifiedTableNames=false, http://www.dbunit.org/properties/tableType=[Ljava.lang.String;@5011bafa, http://www.dbunit.org/properties/resultSetTableFactory=org.dbunit.database.CachedResultSetTableFactory@10bcf083, http://www.dbunit.org/features/datatypeWarning=true}], _dataSet=AbstractDataSet[_orderedTableNameMap=null], rootTables=[SCOPEDCONTENT_SCOPEDCONTENTITEM]) - start
146447 [main] DEBUG org.dbunit.util.search.DepthFirstSearch  - search(nodesFrom=[SCOPEDCONTENT_SCOPEDCONTENTITEM], callback=org.dbunit.database.search.ImportedKeysSearchCallback@2a196383) - start
146447 [main] DEBUG org.dbunit.util.CollectionsHelper  - objectsToSet(objects=SCOPEDCONTENT_SCOPEDCONTENTITEM) - start
146447 [main] DEBUG org.dbunit.util.search.DepthFirstSearch  - search(nodesFrom=[SCOPEDCONTENT_SCOPEDCONTENTITEM], callback=org.dbunit.database.search.ImportedKeysSearchCallback@2a196383) - start
146447 [main] DEBUG org.dbunit.util.search.DepthFirstSearch  - reverseSearch:SCOPEDCONTENT_SCOPEDCONTENTITEM
146447 [main] DEBUG org.dbunit.database.search.ImportedKeysSearchCallback  - searchNode(node=SCOPEDCONTENT_SCOPEDCONTENTITEM) - start
146447 [main] DEBUG org.dbunit.util.search.DepthFirstSearch  - Pushing (reverse) SCOPEDCONTENT_SCOPEDCONTENTITEM
146447 [main] DEBUG org.dbunit.database.search.ImportedKeysSearchCallback  - getEdges(node=SCOPEDCONTENT_SCOPEDCONTENTITEM) - start
146447 [main] DEBUG org.dbunit.database.search.AbstractMetaDataBasedSearchCallback  - getNodesFromImportedKeys(node=SCOPEDCONTENT_SCOPEDCONTENTITEM) - start
146448 [main] DEBUG org.dbunit.database.search.AbstractMetaDataBasedSearchCallback  - getNodes(type=0, node=SCOPEDCONTENT_SCOPEDCONTENTITEM) - start
146448 [main] DEBUG org.dbunit.database.DatabaseDataSourceConnection  - getConnection() - start
146448 [main] DEBUG org.dbunit.database.search.AbstractMetaDataBasedSearchCallback  - getNodes(type=0, node=SCOPEDCONTENT_SCOPEDCONTENTITEM, conn=Transaction-aware proxy for target Connection [jdbc:hsqldb:mem:kontrollDS, UserName=sw, HSQL Database Engine Driver], schema=null, metaData=org.apache.commons.dbcp.DelegatingDatabaseMetaData@68d4430c, edges=[]) - start
146448 [main] DEBUG org.dbunit.database.search.AbstractMetaDataBasedSearchCallback  - Getting edges for node SCOPEDCONTENT_SCOPEDCONTENTITEM
146448 [main] TRACE org.dbunit.database.DatabaseConfig  - getProperty(name=http://www.dbunit.org/properties/metadataHandler) - start
146448 [main] TRACE org.dbunit.database.DefaultMetadataHandler  - tableExists(metaData=org.apache.commons.dbcp.DelegatingDatabaseMetaData@68d4430c, schemaName=null, tableName=SCOPEDCONTENT_SCOPEDCONTENTITEM) - start
146449 [main] DEBUG org.dbunit.util.SQLHelper  - close(resultSet=org.apache.commons.dbcp.DelegatingResultSet@20d5d1d3) - start
146449 [main] DEBUG org.dbunit.util.QualifiedTableName  - getQualifiedNameIfEnabled(config=org.dbunit.database.DatabaseConfig[, _propertyMap={http://www.dbunit.org/properties/statementFactory=org.dbunit.database.statement.PreparedStatementFactory@626bc2b8, http://www.dbunit.org/features/caseSensitiveTableNames=false, http://www.dbunit.org/properties/fetchSize=100, http://www.dbunit.org/features/batchedStatements=false, http://www.dbunit.org/properties/metadataHandler=org.dbunit.database.DefaultMetadataHandler@3bbfdfde, http://www.dbunit.org/properties/datatypeFactory=org.dbunit.dataset.datatype.DefaultDataTypeFactory[_toleratedDeltaMap=org.dbunit.dataset.datatype.ToleratedDeltaMap@6452310a], http://www.dbunit.org/properties/escapePattern=null, http://www.dbunit.org/properties/batchSize=100, http://www.dbunit.org/features/qualifiedTableNames=false, http://www.dbunit.org/properties/tableType=[Ljava.lang.String;@5011bafa, http://www.dbunit.org/properties/resultSetTableFactory=org.dbunit.database.CachedResultSetTableFactory@10bcf083, http://www.dbunit.org/features/datatypeWarning=true}]) - start
146449 [main] TRACE org.dbunit.database.DatabaseConfig  - getFeature(name=http://www.dbunit.org/features/qualifiedTableNames) - start
146449 [main] TRACE org.dbunit.database.DatabaseConfig  - getProperty(name=http://www.dbunit.org/features/qualifiedTableNames) - start
146449 [main] DEBUG org.dbunit.util.QualifiedTableName  - Qualified table names feature is disabled. Returning plain table name
146449 [main] DEBUG org.dbunit.util.QualifiedTableName  - getQualifiedName(prefix=null, name=SCOPEDCONTENT_SCOPEDCONTENTITEM, escapePattern=null) - start
146449 [main] DEBUG org.dbunit.util.QualifiedTableName  - getQualifiedNameIfEnabled(config=org.dbunit.database.DatabaseConfig[, _propertyMap={http://www.dbunit.org/properties/statementFactory=org.dbunit.database.statement.PreparedStatementFactory@626bc2b8, http://www.dbunit.org/features/caseSensitiveTableNames=false, http://www.dbunit.org/properties/fetchSize=100, http://www.dbunit.org/features/batchedStatements=false, http://www.dbunit.org/properties/metadataHandler=org.dbunit.database.DefaultMetadataHandler@3bbfdfde, http://www.dbunit.org/properties/datatypeFactory=org.dbunit.dataset.datatype.DefaultDataTypeFactory[_toleratedDeltaMap=org.dbunit.dataset.datatype.ToleratedDeltaMap@6452310a], http://www.dbunit.org/properties/escapePattern=null, http://www.dbunit.org/properties/batchSize=100, http://www.dbunit.org/features/qualifiedTableNames=false, http://www.dbunit.org/properties/tableType=[Ljava.lang.String;@5011bafa, http://www.dbunit.org/properties/resultSetTableFactory=org.dbunit.database.CachedResultSetTableFactory@10bcf083, http://www.dbunit.org/features/datatypeWarning=true}]) - start
146449 [main] TRACE org.dbunit.database.DatabaseConfig  - getFeature(name=http://www.dbunit.org/features/qualifiedTableNames) - start
146449 [main] TRACE org.dbunit.database.DatabaseConfig  - getProperty(name=http://www.dbunit.org/features/qualifiedTableNames) - start
146450 [main] DEBUG org.dbunit.util.QualifiedTableName  - Qualified table names feature is disabled. Returning plain table name
146450 [main] DEBUG org.dbunit.util.QualifiedTableName  - getQualifiedName(prefix=null, name=SCOPEDCONTENT, escapePattern=null) - start
146450 [main] DEBUG org.dbunit.database.search.AbstractMetaDataBasedSearchCallback  - newEdge(rs=org.apache.commons.dbcp.DelegatingResultSet@75880476, type=0, from=SCOPEDCONTENT_SCOPEDCONTENTITEM, to=SCOPEDCONTENT, fkColumn=SCOPED_CONTENT_ITEM_ID, pkColumn=ID) - start
146450 [main] DEBUG org.dbunit.database.search.AbstractMetaDataBasedSearchCallback  - createFKEdge(rs=org.apache.commons.dbcp.DelegatingResultSet@75880476, type=0, from=SCOPEDCONTENT_SCOPEDCONTENTITEM, to=SCOPEDCONTENT, fkColumn=SCOPED_CONTENT_ITEM_ID, pkColumn=ID) - start
146450 [main] DEBUG org.dbunit.database.search.AbstractMetaDataBasedSearchCallback  - Adding edge SCOPEDCONTENT_SCOPEDCONTENTITEM(SCOPED_CONTENT_ITEM_ID)->SCOPEDCONTENT(ID)
146450 [main] DEBUG org.dbunit.util.search.Edge  - compareTo(o=SCOPEDCONTENT_SCOPEDCONTENTITEM(SCOPED_CONTENT_ITEM_ID)->SCOPEDCONTENT(ID)) - start
146450 [main] DEBUG org.dbunit.util.QualifiedTableName  - getQualifiedNameIfEnabled(config=org.dbunit.database.DatabaseConfig[, _propertyMap={http://www.dbunit.org/properties/statementFactory=org.dbunit.database.statement.PreparedStatementFactory@626bc2b8, http://www.dbunit.org/features/caseSensitiveTableNames=false, http://www.dbunit.org/properties/fetchSize=100, http://www.dbunit.org/features/batchedStatements=false, http://www.dbunit.org/properties/metadataHandler=org.dbunit.database.DefaultMetadataHandler@3bbfdfde, http://www.dbunit.org/properties/datatypeFactory=org.dbunit.dataset.datatype.DefaultDataTypeFactory[_toleratedDeltaMap=org.dbunit.dataset.datatype.ToleratedDeltaMap@6452310a], http://www.dbunit.org/properties/escapePattern=null, http://www.dbunit.org/properties/batchSize=100, http://www.dbunit.org/features/qualifiedTableNames=false, http://www.dbunit.org/properties/tableType=[Ljava.lang.String;@5011bafa, http://www.dbunit.org/properties/resultSetTableFactory=org.dbunit.database.CachedResultSetTableFactory@10bcf083, http://www.dbunit.org/features/datatypeWarning=true}]) - start
146450 [main] TRACE org.dbunit.database.DatabaseConfig  - getFeature(name=http://www.dbunit.org/features/qualifiedTableNames) - start
146450 [main] TRACE org.dbunit.database.DatabaseConfig  - getProperty(name=http://www.dbunit.org/features/qualifiedTableNames) - start
146450 [main] DEBUG org.dbunit.util.QualifiedTableName  - Qualified table names feature is disabled. Returning plain table name
146450 [main] DEBUG org.dbunit.util.QualifiedTableName  - getQualifiedName(prefix=null, name=SCOPEDCONTENT_SCOPEDCONTENTITEM, escapePattern=null) - start
146450 [main] DEBUG org.dbunit.util.QualifiedTableName  - getQualifiedNameIfEnabled(config=org.dbunit.database.DatabaseConfig[, _propertyMap={http://www.dbunit.org/properties/statementFactory=org.dbunit.database.statement.PreparedStatementFactory@626bc2b8, http://www.dbunit.org/features/caseSensitiveTableNames=false, http://www.dbunit.org/properties/fetchSize=100, http://www.dbunit.org/features/batchedStatements=false, http://www.dbunit.org/properties/metadataHandler=org.dbunit.database.DefaultMetadataHandler@3bbfdfde, http://www.dbunit.org/properties/datatypeFactory=org.dbunit.dataset.datatype.DefaultDataTypeFactory[_toleratedDeltaMap=org.dbunit.dataset.datatype.ToleratedDeltaMap@6452310a], http://www.dbunit.org/properties/escapePattern=null, http://www.dbunit.org/properties/batchSize=100, http://www.dbunit.org/features/qualifiedTableNames=false, http://www.dbunit.org/properties/tableType=[Ljava.lang.String;@5011bafa, http://www.dbunit.org/properties/resultSetTableFactory=org.dbunit.database.CachedResultSetTableFactory@10bcf083, http://www.dbunit.org/features/datatypeWarning=true}]) - start
146450 [main] TRACE org.dbunit.database.DatabaseConfig  - getFeature(name=http://www.dbunit.org/features/qualifiedTableNames) - start
146450 [main] TRACE org.dbunit.database.DatabaseConfig  - getProperty(name=http://www.dbunit.org/features/qualifiedTableNames) - start
146450 [main] DEBUG org.dbunit.util.QualifiedTableName  - Qualified table names feature is disabled. Returning plain table name
146450 [main] DEBUG org.dbunit.util.QualifiedTableName  - getQualifiedName(prefix=null, name=SCOPEDCONTENTITEM, escapePattern=null) - start
146450 [main] DEBUG org.dbunit.database.search.AbstractMetaDataBasedSearchCallback  - newEdge(rs=org.apache.commons.dbcp.DelegatingResultSet@75880476, type=0, from=SCOPEDCONTENT_SCOPEDCONTENTITEM, to=SCOPEDCONTENTITEM, fkColumn=SCOPED_CONTENT_ID, pkColumn=ID) - start
146450 [main] DEBUG org.dbunit.database.search.AbstractMetaDataBasedSearchCallback  - createFKEdge(rs=org.apache.commons.dbcp.DelegatingResultSet@75880476, type=0, from=SCOPEDCONTENT_SCOPEDCONTENTITEM, to=SCOPEDCONTENTITEM, fkColumn=SCOPED_CONTENT_ID, pkColumn=ID) - start
146450 [main] DEBUG org.dbunit.database.search.AbstractMetaDataBasedSearchCallback  - Adding edge SCOPEDCONTENT_SCOPEDCONTENTITEM(SCOPED_CONTENT_ID)->SCOPEDCONTENTITEM(ID)
146450 [main] DEBUG org.dbunit.util.search.Edge  - compareTo(o=SCOPEDCONTENT_SCOPEDCONTENTITEM(SCOPED_CONTENT_ITEM_ID)->SCOPEDCONTENT(ID)) - start
146450 [main] DEBUG org.dbunit.util.SQLHelper  - close(resultSet=org.apache.commons.dbcp.DelegatingResultSet@75880476) - start
146450 [main] DEBUG org.dbunit.util.search.DepthFirstSearch  - search:SCOPEDCONTENT_SCOPEDCONTENTITEM
146450 [main] DEBUG org.dbunit.database.search.ImportedKeysSearchCallback  - searchNode(node=SCOPEDCONTENT_SCOPEDCONTENTITEM) - start
146450 [main] DEBUG org.dbunit.util.search.DepthFirstSearch  - Pushing SCOPEDCONTENT_SCOPEDCONTENTITEM
146450 [main] DEBUG org.dbunit.database.search.ImportedKeysSearchCallback  - getEdges(node=SCOPEDCONTENT_SCOPEDCONTENTITEM) - start
146450 [main] DEBUG org.dbunit.database.search.AbstractMetaDataBasedSearchCallback  - getNodesFromImportedKeys(node=SCOPEDCONTENT_SCOPEDCONTENTITEM) - start
146451 [main] DEBUG org.dbunit.database.search.AbstractMetaDataBasedSearchCallback  - getNodes(type=0, node=SCOPEDCONTENT_SCOPEDCONTENTITEM) - start
146451 [main] DEBUG org.dbunit.database.DatabaseDataSourceConnection  - getConnection() - start
146451 [main] DEBUG org.dbunit.database.search.AbstractMetaDataBasedSearchCallback  - getNodes(type=0, node=SCOPEDCONTENT_SCOPEDCONTENTITEM, conn=Transaction-aware proxy for target Connection [jdbc:hsqldb:mem:kontrollDS, UserName=sw, HSQL Database Engine Driver], schema=null, metaData=org.apache.commons.dbcp.DelegatingDatabaseMetaData@34dd1b42, edges=[]) - start
146451 [main] DEBUG org.dbunit.database.search.AbstractMetaDataBasedSearchCallback  - Getting edges for node SCOPEDCONTENT_SCOPEDCONTENTITEM
146451 [main] TRACE org.dbunit.database.DatabaseConfig  - getProperty(name=http://www.dbunit.org/properties/metadataHandler) - start
146451 [main] TRACE org.dbunit.database.DefaultMetadataHandler  - tableExists(metaData=org.apache.commons.dbcp.DelegatingDatabaseMetaData@34dd1b42, schemaName=null, tableName=SCOPEDCONTENT_SCOPEDCONTENTITEM) - start
146452 [main] DEBUG org.dbunit.util.SQLHelper  - close(resultSet=org.apache.commons.dbcp.DelegatingResultSet@4c73ba8b) - start
146452 [main] DEBUG org.dbunit.util.QualifiedTableName  - getQualifiedNameIfEnabled(config=org.dbunit.database.DatabaseConfig[, _propertyMap={http://www.dbunit.org/properties/statementFactory=org.dbunit.database.statement.PreparedStatementFactory@626bc2b8, http://www.dbunit.org/features/caseSensitiveTableNames=false, http://www.dbunit.org/properties/fetchSize=100, http://www.dbunit.org/features/batchedStatements=false, http://www.dbunit.org/properties/metadataHandler=org.dbunit.database.DefaultMetadataHandler@3bbfdfde, http://www.dbunit.org/properties/datatypeFactory=org.dbunit.dataset.datatype.DefaultDataTypeFactory[_toleratedDeltaMap=org.dbunit.dataset.datatype.ToleratedDeltaMap@6452310a], http://www.dbunit.org/properties/escapePattern=null, http://www.dbunit.org/properties/batchSize=100, http://www.dbunit.org/features/qualifiedTableNames=false, http://www.dbunit.org/properties/tableType=[Ljava.lang.String;@5011bafa, http://www.dbunit.org/properties/resultSetTableFactory=org.dbunit.database.CachedResultSetTableFactory@10bcf083, http://www.dbunit.org/features/datatypeWarning=true}]) - start
146452 [main] TRACE org.dbunit.database.DatabaseConfig  - getFeature(name=http://www.dbunit.org/features/qualifiedTableNames) - start
146452 [main] TRACE org.dbunit.database.DatabaseConfig  - getProperty(name=http://www.dbunit.org/features/qualifiedTableNames) - start
146452 [main] DEBUG org.dbunit.util.QualifiedTableName  - Qualified table names feature is disabled. Returning plain table name
146452 [main] DEBUG org.dbunit.util.QualifiedTableName  - getQualifiedName(prefix=null, name=SCOPEDCONTENT_SCOPEDCONTENTITEM, escapePattern=null) - start
146452 [main] DEBUG org.dbunit.util.QualifiedTableName  - getQualifiedNameIfEnabled(config=org.dbunit.database.DatabaseConfig[, _propertyMap={http://www.dbunit.org/properties/statementFactory=org.dbunit.database.statement.PreparedStatementFactory@626bc2b8, http://www.dbunit.org/features/caseSensitiveTableNames=false, http://www.dbunit.org/properties/fetchSize=100, http://www.dbunit.org/features/batchedStatements=false, http://www.dbunit.org/properties/metadataHandler=org.dbunit.database.DefaultMetadataHandler@3bbfdfde, http://www.dbunit.org/properties/datatypeFactory=org.dbunit.dataset.datatype.DefaultDataTypeFactory[_toleratedDeltaMap=org.dbunit.dataset.datatype.ToleratedDeltaMap@6452310a], http://www.dbunit.org/properties/escapePattern=null, http://www.dbunit.org/properties/batchSize=100, http://www.dbunit.org/features/qualifiedTableNames=false, http://www.dbunit.org/properties/tableType=[Ljava.lang.String;@5011bafa, http://www.dbunit.org/properties/resultSetTableFactory=org.dbunit.database.CachedResultSetTableFactory@10bcf083, http://www.dbunit.org/features/datatypeWarning=true}]) - start
146452 [main] TRACE org.dbunit.database.DatabaseConfig  - getFeature(name=http://www.dbunit.org/features/qualifiedTableNames) - start
146452 [main] TRACE org.dbunit.database.DatabaseConfig  - getProperty(name=http://www.dbunit.org/features/qualifiedTableNames) - start
146452 [main] DEBUG org.dbunit.util.QualifiedTableName  - Qualified table names feature is disabled. Returning plain table name
146452 [main] DEBUG org.dbunit.util.QualifiedTableName  - getQualifiedName(prefix=null, name=SCOPEDCONTENT, escapePattern=null) - start
146453 [main] DEBUG org.dbunit.database.search.AbstractMetaDataBasedSearchCallback  - newEdge(rs=org.apache.commons.dbcp.DelegatingResultSet@5b7686dc, type=0, from=SCOPEDCONTENT_SCOPEDCONTENTITEM, to=SCOPEDCONTENT, fkColumn=SCOPED_CONTENT_ITEM_ID, pkColumn=ID) - start
146453 [main] DEBUG org.dbunit.database.search.AbstractMetaDataBasedSearchCallback  - createFKEdge(rs=org.apache.commons.dbcp.DelegatingResultSet@5b7686dc, type=0, from=SCOPEDCONTENT_SCOPEDCONTENTITEM, to=SCOPEDCONTENT, fkColumn=SCOPED_CONTENT_ITEM_ID, pkColumn=ID) - start
146453 [main] DEBUG org.dbunit.database.search.AbstractMetaDataBasedSearchCallback  - Adding edge SCOPEDCONTENT_SCOPEDCONTENTITEM(SCOPED_CONTENT_ITEM_ID)->SCOPEDCONTENT(ID)
146453 [main] DEBUG org.dbunit.util.search.Edge  - compareTo(o=SCOPEDCONTENT_SCOPEDCONTENTITEM(SCOPED_CONTENT_ITEM_ID)->SCOPEDCONTENT(ID)) - start
146453 [main] DEBUG org.dbunit.util.QualifiedTableName  - getQualifiedNameIfEnabled(config=org.dbunit.database.DatabaseConfig[, _propertyMap={http://www.dbunit.org/properties/statementFactory=org.dbunit.database.statement.PreparedStatementFactory@626bc2b8, http://www.dbunit.org/features/caseSensitiveTableNames=false, http://www.dbunit.org/properties/fetchSize=100, http://www.dbunit.org/features/batchedStatements=false, http://www.dbunit.org/properties/metadataHandler=org.dbunit.database.DefaultMetadataHandler@3bbfdfde, http://www.dbunit.org/properties/datatypeFactory=org.dbunit.dataset.datatype.DefaultDataTypeFactory[_toleratedDeltaMap=org.dbunit.dataset.datatype.ToleratedDeltaMap@6452310a], http://www.dbunit.org/properties/escapePattern=null, http://www.dbunit.org/properties/batchSize=100, http://www.dbunit.org/features/qualifiedTableNames=false, http://www.dbunit.org/properties/tableType=[Ljava.lang.String;@5011bafa, http://www.dbunit.org/properties/resultSetTableFactory=org.dbunit.database.CachedResultSetTableFactory@10bcf083, http://www.dbunit.org/features/datatypeWarning=true}]) - start
146453 [main] TRACE org.dbunit.database.DatabaseConfig  - getFeature(name=http://www.dbunit.org/features/qualifiedTableNames) - start
146453 [main] TRACE org.dbunit.database.DatabaseConfig  - getProperty(name=http://www.dbunit.org/features/qualifiedTableNames) - start
146453 [main] DEBUG org.dbunit.util.QualifiedTableName  - Qualified table names feature is disabled. Returning plain table name
146453 [main] DEBUG org.dbunit.util.QualifiedTableName  - getQualifiedName(prefix=null, name=SCOPEDCONTENT_SCOPEDCONTENTITEM, escapePattern=null) - start
146453 [main] DEBUG org.dbunit.util.QualifiedTableName  - getQualifiedNameIfEnabled(config=org.dbunit.database.DatabaseConfig[, _propertyMap={http://www.dbunit.org/properties/statementFactory=org.dbunit.database.statement.PreparedStatementFactory@626bc2b8, http://www.dbunit.org/features/caseSensitiveTableNames=false, http://www.dbunit.org/properties/fetchSize=100, http://www.dbunit.org/features/batchedStatements=false, http://www.dbunit.org/properties/metadataHandler=org.dbunit.database.DefaultMetadataHandler@3bbfdfde, http://www.dbunit.org/properties/datatypeFactory=org.dbunit.dataset.datatype.DefaultDataTypeFactory[_toleratedDeltaMap=org.dbunit.dataset.datatype.ToleratedDeltaMap@6452310a], http://www.dbunit.org/properties/escapePattern=null, http://www.dbunit.org/properties/batchSize=100, http://www.dbunit.org/features/qualifiedTableNames=false, http://www.dbunit.org/properties/tableType=[Ljava.lang.String;@5011bafa, http://www.dbunit.org/properties/resultSetTableFactory=org.dbunit.database.CachedResultSetTableFactory@10bcf083, http://www.dbunit.org/features/datatypeWarning=true}]) - start
146453 [main] TRACE org.dbunit.database.DatabaseConfig  - getFeature(name=http://www.dbunit.org/features/qualifiedTableNames) - start
146453 [main] TRACE org.dbunit.database.DatabaseConfig  - getProperty(name=http://www.dbunit.org/features/qualifiedTableNames) - start
146453 [main] DEBUG org.dbunit.util.QualifiedTableName  - Qualified table names feature is disabled. Returning plain table name
146453 [main] DEBUG org.dbunit.util.QualifiedTableName  - getQualifiedName(prefix=null, name=SCOPEDCONTENTITEM, escapePattern=null) - start
146453 [main] DEBUG org.dbunit.database.search.AbstractMetaDataBasedSearchCallback  - newEdge(rs=org.apache.commons.dbcp.DelegatingResultSet@5b7686dc, type=0, from=SCOPEDCONTENT_SCOPEDCONTENTITEM, to=SCOPEDCONTENTITEM, fkColumn=SCOPED_CONTENT_ID, pkColumn=ID) - start
146453 [main] DEBUG org.dbunit.database.search.AbstractMetaDataBasedSearchCallback  - createFKEdge(rs=org.apache.commons.dbcp.DelegatingResultSet@5b7686dc, type=0, from=SCOPEDCONTENT_SCOPEDCONTENTITEM, to=SCOPEDCONTENTITEM, fkColumn=SCOPED_CONTENT_ID, pkColumn=ID) - start
146453 [main] DEBUG org.dbunit.database.search.AbstractMetaDataBasedSearchCallback  - Adding edge SCOPEDCONTENT_SCOPEDCONTENTITEM(SCOPED_CONTENT_ID)->SCOPEDCONTENTITEM(ID)
146453 [main] DEBUG org.dbunit.util.search.Edge  - compareTo(o=SCOPEDCONTENT_SCOPEDCONTENTITEM(SCOPED_CONTENT_ITEM_ID)->SCOPEDCONTENT(ID)) - start
146453 [main] DEBUG org.dbunit.util.SQLHelper  - close(resultSet=org.apache.commons.dbcp.DelegatingResultSet@5b7686dc) - start
146453 [main] DEBUG org.dbunit.util.search.DepthFirstSearch  - search:SCOPEDCONTENT
146453 [main] DEBUG org.dbunit.database.search.ImportedKeysSearchCallback  - searchNode(node=SCOPEDCONTENT) - start
146453 [main] DEBUG org.dbunit.util.search.DepthFirstSearch  - Pushing SCOPEDCONTENT
146453 [main] DEBUG org.dbunit.database.search.ImportedKeysSearchCallback  - getEdges(node=SCOPEDCONTENT) - start
146453 [main] DEBUG org.dbunit.database.search.AbstractMetaDataBasedSearchCallback  - getNodesFromImportedKeys(node=SCOPEDCONTENT) - start
146453 [main] DEBUG org.dbunit.database.search.AbstractMetaDataBasedSearchCallback  - getNodes(type=0, node=SCOPEDCONTENT) - start
146453 [main] DEBUG org.dbunit.database.DatabaseDataSourceConnection  - getConnection() - start
146454 [main] DEBUG org.dbunit.database.search.AbstractMetaDataBasedSearchCallback  - getNodes(type=0, node=SCOPEDCONTENT, conn=Transaction-aware proxy for target Connection [jdbc:hsqldb:mem:kontrollDS, UserName=sw, HSQL Database Engine Driver], schema=null, metaData=org.apache.commons.dbcp.DelegatingDatabaseMetaData@4290046d, edges=[]) - start
146454 [main] DEBUG org.dbunit.database.search.AbstractMetaDataBasedSearchCallback  - Getting edges for node SCOPEDCONTENT
146454 [main] TRACE org.dbunit.database.DatabaseConfig  - getProperty(name=http://www.dbunit.org/properties/metadataHandler) - start
146454 [main] TRACE org.dbunit.database.DefaultMetadataHandler  - tableExists(metaData=org.apache.commons.dbcp.DelegatingDatabaseMetaData@4290046d, schemaName=null, tableName=SCOPEDCONTENT) - start
146455 [main] DEBUG org.dbunit.util.SQLHelper  - close(resultSet=org.apache.commons.dbcp.DelegatingResultSet@56744498) - start
146455 [main] DEBUG org.dbunit.util.QualifiedTableName  - getQualifiedNameIfEnabled(config=org.dbunit.database.DatabaseConfig[, _propertyMap={http://www.dbunit.org/properties/statementFactory=org.dbunit.database.statement.PreparedStatementFactory@626bc2b8, http://www.dbunit.org/features/caseSensitiveTableNames=false, http://www.dbunit.org/properties/fetchSize=100, http://www.dbunit.org/features/batchedStatements=false, http://www.dbunit.org/properties/metadataHandler=org.dbunit.database.DefaultMetadataHandler@3bbfdfde, http://www.dbunit.org/properties/datatypeFactory=org.dbunit.dataset.datatype.DefaultDataTypeFactory[_toleratedDeltaMap=org.dbunit.dataset.datatype.ToleratedDeltaMap@6452310a], http://www.dbunit.org/properties/escapePattern=null, http://www.dbunit.org/properties/batchSize=100, http://www.dbunit.org/features/qualifiedTableNames=false, http://www.dbunit.org/properties/tableType=[Ljava.lang.String;@5011bafa, http://www.dbunit.org/properties/resultSetTableFactory=org.dbunit.database.CachedResultSetTableFactory@10bcf083, http://www.dbunit.org/features/datatypeWarning=true}]) - start
146455 [main] TRACE org.dbunit.database.DatabaseConfig  - getFeature(name=http://www.dbunit.org/features/qualifiedTableNames) - start
146455 [main] TRACE org.dbunit.database.DatabaseConfig  - getProperty(name=http://www.dbunit.org/features/qualifiedTableNames) - start
146455 [main] DEBUG org.dbunit.util.QualifiedTableName  - Qualified table names feature is disabled. Returning plain table name
146455 [main] DEBUG org.dbunit.util.QualifiedTableName  - getQualifiedName(prefix=null, name=SCOPEDCONTENT, escapePattern=null) - start
146455 [main] DEBUG org.dbunit.util.QualifiedTableName  - getQualifiedNameIfEnabled(config=org.dbunit.database.DatabaseConfig[, _propertyMap={http://www.dbunit.org/properties/statementFactory=org.dbunit.database.statement.PreparedStatementFactory@626bc2b8, http://www.dbunit.org/features/caseSensitiveTableNames=false, http://www.dbunit.org/properties/fetchSize=100, http://www.dbunit.org/features/batchedStatements=false, http://www.dbunit.org/properties/metadataHandler=org.dbunit.database.DefaultMetadataHandler@3bbfdfde, http://www.dbunit.org/properties/datatypeFactory=org.dbunit.dataset.datatype.DefaultDataTypeFactory[_toleratedDeltaMap=org.dbunit.dataset.datatype.ToleratedDeltaMap@6452310a], http://www.dbunit.org/properties/escapePattern=null, http://www.dbunit.org/properties/batchSize=100, http://www.dbunit.org/features/qualifiedTableNames=false, http://www.dbunit.org/properties/tableType=[Ljava.lang.String;@5011bafa, http://www.dbunit.org/properties/resultSetTableFactory=org.dbunit.database.CachedResultSetTableFactory@10bcf083, http://www.dbunit.org/features/datatypeWarning=true}]) - start
146455 [main] TRACE org.dbunit.database.DatabaseConfig  - getFeature(name=http://www.dbunit.org/features/qualifiedTableNames) - start
146455 [main] TRACE org.dbunit.database.DatabaseConfig  - getProperty(name=http://www.dbunit.org/features/qualifiedTableNames) - start
146455 [main] DEBUG org.dbunit.util.QualifiedTableName  - Qualified table names feature is disabled. Returning plain table name
146455 [main] DEBUG org.dbunit.util.QualifiedTableName  - getQualifiedName(prefix=null, name=SCOPE, escapePattern=null) - start
146455 [main] DEBUG org.dbunit.database.search.AbstractMetaDataBasedSearchCallback  - newEdge(rs=org.apache.commons.dbcp.DelegatingResultSet@1d6e3ddd, type=0, from=SCOPEDCONTENT, to=SCOPE, fkColumn=SCOPE, pkColumn=ID) - start
146455 [main] DEBUG org.dbunit.database.search.AbstractMetaDataBasedSearchCallback  - createFKEdge(rs=org.apache.commons.dbcp.DelegatingResultSet@1d6e3ddd, type=0, from=SCOPEDCONTENT, to=SCOPE, fkColumn=SCOPE, pkColumn=ID) - start
146455 [main] DEBUG org.dbunit.database.search.AbstractMetaDataBasedSearchCallback  - Adding edge SCOPEDCONTENT(SCOPE)->SCOPE(ID)
146455 [main] DEBUG org.dbunit.util.search.Edge  - compareTo(o=SCOPEDCONTENT(SCOPE)->SCOPE(ID)) - start
146455 [main] DEBUG org.dbunit.util.SQLHelper  - close(resultSet=org.apache.commons.dbcp.DelegatingResultSet@1d6e3ddd) - start
146456 [main] DEBUG org.dbunit.util.search.DepthFirstSearch  - search:SCOPE
146456 [main] DEBUG org.dbunit.database.search.ImportedKeysSearchCallback  - searchNode(node=SCOPE) - start
146456 [main] DEBUG org.dbunit.util.search.DepthFirstSearch  - Pushing SCOPE
146456 [main] DEBUG org.dbunit.database.search.ImportedKeysSearchCallback  - getEdges(node=SCOPE) - start
146456 [main] DEBUG org.dbunit.database.search.AbstractMetaDataBasedSearchCallback  - getNodesFromImportedKeys(node=SCOPE) - start
146456 [main] DEBUG org.dbunit.database.search.AbstractMetaDataBasedSearchCallback  - getNodes(type=0, node=SCOPE) - start
146456 [main] DEBUG org.dbunit.database.DatabaseDataSourceConnection  - getConnection() - start
146456 [main] DEBUG org.dbunit.database.search.AbstractMetaDataBasedSearchCallback  - getNodes(type=0, node=SCOPE, conn=Transaction-aware proxy for target Connection [jdbc:hsqldb:mem:kontrollDS, UserName=sw, HSQL Database Engine Driver], schema=null, metaData=org.apache.commons.dbcp.DelegatingDatabaseMetaData@309f8743, edges=[]) - start
146456 [main] DEBUG org.dbunit.database.search.AbstractMetaDataBasedSearchCallback  - Getting edges for node SCOPE
146456 [main] TRACE org.dbunit.database.DatabaseConfig  - getProperty(name=http://www.dbunit.org/properties/metadataHandler) - start
146456 [main] TRACE org.dbunit.database.DefaultMetadataHandler  - tableExists(metaData=org.apache.commons.dbcp.DelegatingDatabaseMetaData@309f8743, schemaName=null, tableName=SCOPE) - start
146457 [main] DEBUG org.dbunit.util.SQLHelper  - close(resultSet=org.apache.commons.dbcp.DelegatingResultSet@333ad615) - start
146457 [main] DEBUG org.dbunit.util.SQLHelper  - close(resultSet=org.apache.commons.dbcp.DelegatingResultSet@5b2f647c) - start
146457 [main] DEBUG org.dbunit.util.search.DepthFirstSearch  - Adding node SCOPE to the final result
146457 [main] DEBUG org.dbunit.util.search.DepthFirstSearch  - Adding node SCOPEDCONTENT to the final result
146457 [main] DEBUG org.dbunit.util.search.DepthFirstSearch  - search:SCOPEDCONTENTITEM
146457 [main] DEBUG org.dbunit.database.search.ImportedKeysSearchCallback  - searchNode(node=SCOPEDCONTENTITEM) - start
146457 [main] DEBUG org.dbunit.util.search.DepthFirstSearch  - Pushing SCOPEDCONTENTITEM
146457 [main] DEBUG org.dbunit.database.search.ImportedKeysSearchCallback  - getEdges(node=SCOPEDCONTENTITEM) - start
146457 [main] DEBUG org.dbunit.database.search.AbstractMetaDataBasedSearchCallback  - getNodesFromImportedKeys(node=SCOPEDCONTENTITEM) - start
146457 [main] DEBUG org.dbunit.database.search.AbstractMetaDataBasedSearchCallback  - getNodes(type=0, node=SCOPEDCONTENTITEM) - start
146457 [main] DEBUG org.dbunit.database.DatabaseDataSourceConnection  - getConnection() - start
146458 [main] DEBUG org.dbunit.database.search.AbstractMetaDataBasedSearchCallback  - getNodes(type=0, node=SCOPEDCONTENTITEM, conn=Transaction-aware proxy for target Connection [jdbc:hsqldb:mem:kontrollDS, UserName=sw, HSQL Database Engine Driver], schema=null, metaData=org.apache.commons.dbcp.DelegatingDatabaseMetaData@46e37a9, edges=[]) - start
146458 [main] DEBUG org.dbunit.database.search.AbstractMetaDataBasedSearchCallback  - Getting edges for node SCOPEDCONTENTITEM
146458 [main] TRACE org.dbunit.database.DatabaseConfig  - getProperty(name=http://www.dbunit.org/properties/metadataHandler) - start
146458 [main] TRACE org.dbunit.database.DefaultMetadataHandler  - tableExists(metaData=org.apache.commons.dbcp.DelegatingDatabaseMetaData@46e37a9, schemaName=null, tableName=SCOPEDCONTENTITEM) - start
146459 [main] DEBUG org.dbunit.util.SQLHelper  - close(resultSet=org.apache.commons.dbcp.DelegatingResultSet@3c39e15d) - start
146459 [main] DEBUG org.dbunit.util.SQLHelper  - close(resultSet=org.apache.commons.dbcp.DelegatingResultSet@b364339) - start
146459 [main] DEBUG org.dbunit.util.search.DepthFirstSearch  - Adding node SCOPEDCONTENTITEM to the final result
146459 [main] DEBUG org.dbunit.util.search.DepthFirstSearch  - Adding node SCOPEDCONTENT_SCOPEDCONTENTITEM to the final result
146459 [main] DEBUG org.dbunit.util.search.DepthFirstSearch  - reverseSearch:SCOPEDCONTENT
146459 [main] DEBUG org.dbunit.database.search.ImportedKeysSearchCallback  - searchNode(node=SCOPEDCONTENT) - start
146459 [main] DEBUG org.dbunit.util.search.DepthFirstSearch  - Pushing (reverse) SCOPEDCONTENT
146459 [main] DEBUG org.dbunit.database.search.ImportedKeysSearchCallback  - getEdges(node=SCOPEDCONTENT) - start
146459 [main] DEBUG org.dbunit.database.search.AbstractMetaDataBasedSearchCallback  - getNodesFromImportedKeys(node=SCOPEDCONTENT) - start
146459 [main] DEBUG org.dbunit.database.search.AbstractMetaDataBasedSearchCallback  - getNodes(type=0, node=SCOPEDCONTENT) - start
146459 [main] DEBUG org.dbunit.database.DatabaseDataSourceConnection  - getConnection() - start
146459 [main] DEBUG org.dbunit.database.search.AbstractMetaDataBasedSearchCallback  - getNodes(type=0, node=SCOPEDCONTENT, conn=Transaction-aware proxy for target Connection [jdbc:hsqldb:mem:kontrollDS, UserName=sw, HSQL Database Engine Driver], schema=null, metaData=org.apache.commons.dbcp.DelegatingDatabaseMetaData@177758ef, edges=[]) - start
146459 [main] DEBUG org.dbunit.database.search.AbstractMetaDataBasedSearchCallback  - Getting edges for node SCOPEDCONTENT
146459 [main] TRACE org.dbunit.database.DatabaseConfig  - getProperty(name=http://www.dbunit.org/properties/metadataHandler) - start
146459 [main] TRACE org.dbunit.database.DefaultMetadataHandler  - tableExists(metaData=org.apache.commons.dbcp.DelegatingDatabaseMetaData@177758ef, schemaName=null, tableName=SCOPEDCONTENT) - start
146460 [main] DEBUG org.dbunit.util.SQLHelper  - close(resultSet=org.apache.commons.dbcp.DelegatingResultSet@6c611073) - start
146461 [main] DEBUG org.dbunit.util.QualifiedTableName  - getQualifiedNameIfEnabled(config=org.dbunit.database.DatabaseConfig[, _propertyMap={http://www.dbunit.org/properties/statementFactory=org.dbunit.database.statement.PreparedStatementFactory@626bc2b8, http://www.dbunit.org/features/caseSensitiveTableNames=false, http://www.dbunit.org/properties/fetchSize=100, http://www.dbunit.org/features/batchedStatements=false, http://www.dbunit.org/properties/metadataHandler=org.dbunit.database.DefaultMetadataHandler@3bbfdfde, http://www.dbunit.org/properties/datatypeFactory=org.dbunit.dataset.datatype.DefaultDataTypeFactory[_toleratedDeltaMap=org.dbunit.dataset.datatype.ToleratedDeltaMap@6452310a], http://www.dbunit.org/properties/escapePattern=null, http://www.dbunit.org/properties/batchSize=100, http://www.dbunit.org/features/qualifiedTableNames=false, http://www.dbunit.org/properties/tableType=[Ljava.lang.String;@5011bafa, http://www.dbunit.org/properties/resultSetTableFactory=org.dbunit.database.CachedResultSetTableFactory@10bcf083, http://www.dbunit.org/features/datatypeWarning=true}]) - start
146461 [main] TRACE org.dbunit.database.DatabaseConfig  - getFeature(name=http://www.dbunit.org/features/qualifiedTableNames) - start
146461 [main] TRACE org.dbunit.database.DatabaseConfig  - getProperty(name=http://www.dbunit.org/features/qualifiedTableNames) - start
146461 [main] DEBUG org.dbunit.util.QualifiedTableName  - Qualified table names feature is disabled. Returning plain table name
146461 [main] DEBUG org.dbunit.util.QualifiedTableName  - getQualifiedName(prefix=null, name=SCOPEDCONTENT, escapePattern=null) - start
146461 [main] DEBUG org.dbunit.util.QualifiedTableName  - getQualifiedNameIfEnabled(config=org.dbunit.database.DatabaseConfig[, _propertyMap={http://www.dbunit.org/properties/statementFactory=org.dbunit.database.statement.PreparedStatementFactory@626bc2b8, http://www.dbunit.org/features/caseSensitiveTableNames=false, http://www.dbunit.org/properties/fetchSize=100, http://www.dbunit.org/features/batchedStatements=false, http://www.dbunit.org/properties/metadataHandler=org.dbunit.database.DefaultMetadataHandler@3bbfdfde, http://www.dbunit.org/properties/datatypeFactory=org.dbunit.dataset.datatype.DefaultDataTypeFactory[_toleratedDeltaMap=org.dbunit.dataset.datatype.ToleratedDeltaMap@6452310a], http://www.dbunit.org/properties/escapePattern=null, http://www.dbunit.org/properties/batchSize=100, http://www.dbunit.org/features/qualifiedTableNames=false, http://www.dbunit.org/properties/tableType=[Ljava.lang.String;@5011bafa, http://www.dbunit.org/properties/resultSetTableFactory=org.dbunit.database.CachedResultSetTableFactory@10bcf083, http://www.dbunit.org/features/datatypeWarning=true}]) - start
146461 [main] TRACE org.dbunit.database.DatabaseConfig  - getFeature(name=http://www.dbunit.org/features/qualifiedTableNames) - start
146461 [main] TRACE org.dbunit.database.DatabaseConfig  - getProperty(name=http://www.dbunit.org/features/qualifiedTableNames) - start
146461 [main] DEBUG org.dbunit.util.QualifiedTableName  - Qualified table names feature is disabled. Returning plain table name
146461 [main] DEBUG org.dbunit.util.QualifiedTableName  - getQualifiedName(prefix=null, name=SCOPE, escapePattern=null) - start
146461 [main] DEBUG org.dbunit.database.search.AbstractMetaDataBasedSearchCallback  - newEdge(rs=org.apache.commons.dbcp.DelegatingResultSet@37e1081, type=0, from=SCOPEDCONTENT, to=SCOPE, fkColumn=SCOPE, pkColumn=ID) - start
146461 [main] DEBUG org.dbunit.database.search.AbstractMetaDataBasedSearchCallback  - createFKEdge(rs=org.apache.commons.dbcp.DelegatingResultSet@37e1081, type=0, from=SCOPEDCONTENT, to=SCOPE, fkColumn=SCOPE, pkColumn=ID) - start
146461 [main] DEBUG org.dbunit.database.search.AbstractMetaDataBasedSearchCallback  - Adding edge SCOPEDCONTENT(SCOPE)->SCOPE(ID)
146461 [main] DEBUG org.dbunit.util.search.Edge  - compareTo(o=SCOPEDCONTENT(SCOPE)->SCOPE(ID)) - start
146461 [main] DEBUG org.dbunit.util.SQLHelper  - close(resultSet=org.apache.commons.dbcp.DelegatingResultSet@37e1081) - start
146461 [main] DEBUG org.dbunit.util.search.DepthFirstSearch  - reverseSearch:SCOPEDCONTENTITEM
146461 [main] DEBUG org.dbunit.database.search.ImportedKeysSearchCallback  - searchNode(node=SCOPEDCONTENTITEM) - start
146461 [main] DEBUG org.dbunit.util.search.DepthFirstSearch  - Pushing (reverse) SCOPEDCONTENTITEM
146461 [main] DEBUG org.dbunit.database.search.ImportedKeysSearchCallback  - getEdges(node=SCOPEDCONTENTITEM) - start
146461 [main] DEBUG org.dbunit.database.search.AbstractMetaDataBasedSearchCallback  - getNodesFromImportedKeys(node=SCOPEDCONTENTITEM) - start
146461 [main] DEBUG org.dbunit.database.search.AbstractMetaDataBasedSearchCallback  - getNodes(type=0, node=SCOPEDCONTENTITEM) - start
146461 [main] DEBUG org.dbunit.database.DatabaseDataSourceConnection  - getConnection() - start
146461 [main] DEBUG org.dbunit.database.search.AbstractMetaDataBasedSearchCallback  - getNodes(type=0, node=SCOPEDCONTENTITEM, conn=Transaction-aware proxy for target Connection [jdbc:hsqldb:mem:kontrollDS, UserName=sw, HSQL Database Engine Driver], schema=null, metaData=org.apache.commons.dbcp.DelegatingDatabaseMetaData@496d86f1, edges=[]) - start
146461 [main] DEBUG org.dbunit.database.search.AbstractMetaDataBasedSearchCallback  - Getting edges for node SCOPEDCONTENTITEM
146462 [main] TRACE org.dbunit.database.DatabaseConfig  - getProperty(name=http://www.dbunit.org/properties/metadataHandler) - start
146462 [main] TRACE org.dbunit.database.DefaultMetadataHandler  - tableExists(metaData=org.apache.commons.dbcp.DelegatingDatabaseMetaData@496d86f1, schemaName=null, tableName=SCOPEDCONTENTITEM) - start
146463 [main] DEBUG org.dbunit.util.SQLHelper  - close(resultSet=org.apache.commons.dbcp.DelegatingResultSet@57cd38ac) - start
146463 [main] DEBUG org.dbunit.util.SQLHelper  - close(resultSet=org.apache.commons.dbcp.DelegatingResultSet@525dec8a) - start
146463 [main] DEBUG org.dbunit.util.search.DepthFirstSearch  - reverseSearch:SCOPEDCONTENT_SCOPEDCONTENTITEM
146463 [main] DEBUG org.dbunit.util.search.DepthFirstSearch  - already searched; returning true
146463 [main] DEBUG org.dbunit.util.search.DepthFirstSearch  - reverseSearch:SCOPE
146463 [main] DEBUG org.dbunit.database.search.ImportedKeysSearchCallback  - searchNode(node=SCOPE) - start
146463 [main] DEBUG org.dbunit.util.search.DepthFirstSearch  - Pushing (reverse) SCOPE
146463 [main] DEBUG org.dbunit.database.search.ImportedKeysSearchCallback  - getEdges(node=SCOPE) - start
146463 [main] DEBUG org.dbunit.database.search.AbstractMetaDataBasedSearchCallback  - getNodesFromImportedKeys(node=SCOPE) - start
146463 [main] DEBUG org.dbunit.database.search.AbstractMetaDataBasedSearchCallback  - getNodes(type=0, node=SCOPE) - start
146463 [main] DEBUG org.dbunit.database.DatabaseDataSourceConnection  - getConnection() - start
146463 [main] DEBUG org.dbunit.database.search.AbstractMetaDataBasedSearchCallback  - getNodes(type=0, node=SCOPE, conn=Transaction-aware proxy for target Connection [jdbc:hsqldb:mem:kontrollDS, UserName=sw, HSQL Database Engine Driver], schema=null, metaData=org.apache.commons.dbcp.DelegatingDatabaseMetaData@14548245, edges=[]) - start
146463 [main] DEBUG org.dbunit.database.search.AbstractMetaDataBasedSearchCallback  - Getting edges for node SCOPE
146463 [main] TRACE org.dbunit.database.DatabaseConfig  - getProperty(name=http://www.dbunit.org/properties/metadataHandler) - start
146463 [main] TRACE org.dbunit.database.DefaultMetadataHandler  - tableExists(metaData=org.apache.commons.dbcp.DelegatingDatabaseMetaData@14548245, schemaName=null, tableName=SCOPE) - start
146464 [main] DEBUG org.dbunit.util.SQLHelper  - close(resultSet=org.apache.commons.dbcp.DelegatingResultSet@16cdbe4) - start
146465 [main] DEBUG org.dbunit.util.SQLHelper  - close(resultSet=org.apache.commons.dbcp.DelegatingResultSet@1214a7c8) - start
146465 [main] DEBUG org.dbunit.util.search.DepthFirstSearch  - search:SCOPEDCONTENT_SCOPEDCONTENTITEM
146465 [main] DEBUG org.dbunit.util.search.DepthFirstSearch  - already searched; returning true
146465 [main] DEBUG org.dbunit.util.search.DepthFirstSearch  - search:SCOPEDCONTENT
146465 [main] DEBUG org.dbunit.util.search.DepthFirstSearch  - already searched; returning true
146465 [main] DEBUG org.dbunit.util.search.DepthFirstSearch  - search:SCOPEDCONTENTITEM
146465 [main] DEBUG org.dbunit.util.search.DepthFirstSearch  - already searched; returning true
146465 [main] DEBUG org.dbunit.util.search.DepthFirstSearch  - search:SCOPE
146465 [main] DEBUG org.dbunit.util.search.DepthFirstSearch  - already searched; returning true
146465 [main] DEBUG org.dbunit.util.CollectionsHelper  - setToStrings(set=[SCOPE, SCOPEDCONTENT, SCOPEDCONTENTITEM, SCOPEDCONTENT_SCOPEDCONTENTITEM]) - start
146465 [main] DEBUG org.dbunit.database.search.TablesDependencyHelper  - getDependsOnTables(connection=_databaseConfig=org.dbunit.database.DatabaseConfig[, _propertyMap={http://www.dbunit.org/properties/statementFactory=org.dbunit.database.statement.PreparedStatementFactory@626bc2b8, http://www.dbunit.org/features/caseSensitiveTableNames=false, http://www.dbunit.org/properties/fetchSize=100, http://www.dbunit.org/features/batchedStatements=false, http://www.dbunit.org/properties/metadataHandler=org.dbunit.database.DefaultMetadataHandler@3bbfdfde, http://www.dbunit.org/properties/datatypeFactory=org.dbunit.dataset.datatype.DefaultDataTypeFactory[_toleratedDeltaMap=org.dbunit.dataset.datatype.ToleratedDeltaMap@6452310a], http://www.dbunit.org/properties/escapePattern=null, http://www.dbunit.org/properties/batchSize=100, http://www.dbunit.org/features/qualifiedTableNames=false, http://www.dbunit.org/properties/tableType=[Ljava.lang.String;@5011bafa, http://www.dbunit.org/properties/resultSetTableFactory=org.dbunit.database.CachedResultSetTableFactory@10bcf083, http://www.dbunit.org/features/datatypeWarning=true}], _dataSet=AbstractDataSet[_orderedTableNameMap=null], rootTable=SCOPEDCONTENT_SCOPEDCONTENTITEM) - start
146465 [main] DEBUG org.dbunit.util.search.DepthFirstSearch  - search(nodesFrom=[SCOPEDCONTENT_SCOPEDCONTENTITEM], callback=org.dbunit.database.search.ExportedKeysSearchCallback@77061b1c) - start
146465 [main] DEBUG org.dbunit.util.CollectionsHelper  - objectsToSet(objects=SCOPEDCONTENT_SCOPEDCONTENTITEM) - start
146465 [main] DEBUG org.dbunit.util.search.DepthFirstSearch  - search(nodesFrom=[SCOPEDCONTENT_SCOPEDCONTENTITEM], callback=org.dbunit.database.search.ExportedKeysSearchCallback@77061b1c) - start
146465 [main] DEBUG org.dbunit.util.search.DepthFirstSearch  - reverseSearch:SCOPEDCONTENT_SCOPEDCONTENTITEM
146465 [main] DEBUG org.dbunit.database.search.ExportedKeysSearchCallback  - searchNode(node=SCOPEDCONTENT_SCOPEDCONTENTITEM) - start
146465 [main] DEBUG org.dbunit.util.search.DepthFirstSearch  - Pushing (reverse) SCOPEDCONTENT_SCOPEDCONTENTITEM
146465 [main] DEBUG org.dbunit.database.search.ExportedKeysSearchCallback  - getEdges(node=SCOPEDCONTENT_SCOPEDCONTENTITEM) - start
146465 [main] DEBUG org.dbunit.database.search.AbstractMetaDataBasedSearchCallback  - getNodesFromExportedKeys(node=SCOPEDCONTENT_SCOPEDCONTENTITEM) - start
146465 [main] DEBUG org.dbunit.database.search.AbstractMetaDataBasedSearchCallback  - getNodes(type=1, node=SCOPEDCONTENT_SCOPEDCONTENTITEM) - start
146465 [main] DEBUG org.dbunit.database.DatabaseDataSourceConnection  - getConnection() - start
146465 [main] DEBUG org.dbunit.database.search.AbstractMetaDataBasedSearchCallback  - getNodes(type=1, node=SCOPEDCONTENT_SCOPEDCONTENTITEM, conn=Transaction-aware proxy for target Connection [jdbc:hsqldb:mem:kontrollDS, UserName=sw, HSQL Database Engine Driver], schema=null, metaData=org.apache.commons.dbcp.DelegatingDatabaseMetaData@31de0850, edges=[]) - start
146465 [main] DEBUG org.dbunit.database.search.AbstractMetaDataBasedSearchCallback  - Getting edges for node SCOPEDCONTENT_SCOPEDCONTENTITEM
146465 [main] TRACE org.dbunit.database.DatabaseConfig  - getProperty(name=http://www.dbunit.org/properties/metadataHandler) - start
146465 [main] TRACE org.dbunit.database.DefaultMetadataHandler  - tableExists(metaData=org.apache.commons.dbcp.DelegatingDatabaseMetaData@31de0850, schemaName=null, tableName=SCOPEDCONTENT_SCOPEDCONTENTITEM) - start
146466 [main] DEBUG org.dbunit.util.SQLHelper  - close(resultSet=org.apache.commons.dbcp.DelegatingResultSet@39572a86) - start
146467 [main] DEBUG org.dbunit.util.SQLHelper  - close(resultSet=org.apache.commons.dbcp.DelegatingResultSet@2e404199) - start
146467 [main] DEBUG org.dbunit.util.search.DepthFirstSearch  - search:SCOPEDCONTENT_SCOPEDCONTENTITEM
146467 [main] DEBUG org.dbunit.database.search.ExportedKeysSearchCallback  - searchNode(node=SCOPEDCONTENT_SCOPEDCONTENTITEM) - start
146467 [main] DEBUG org.dbunit.util.search.DepthFirstSearch  - Pushing SCOPEDCONTENT_SCOPEDCONTENTITEM
146467 [main] DEBUG org.dbunit.database.search.ExportedKeysSearchCallback  - getEdges(node=SCOPEDCONTENT_SCOPEDCONTENTITEM) - start
146467 [main] DEBUG org.dbunit.database.search.AbstractMetaDataBasedSearchCallback  - getNodesFromExportedKeys(node=SCOPEDCONTENT_SCOPEDCONTENTITEM) - start
146467 [main] DEBUG org.dbunit.database.search.AbstractMetaDataBasedSearchCallback  - getNodes(type=1, node=SCOPEDCONTENT_SCOPEDCONTENTITEM) - start
146467 [main] DEBUG org.dbunit.database.DatabaseDataSourceConnection  - getConnection() - start
146467 [main] DEBUG org.dbunit.database.search.AbstractMetaDataBasedSearchCallback  - getNodes(type=1, node=SCOPEDCONTENT_SCOPEDCONTENTITEM, conn=Transaction-aware proxy for target Connection [jdbc:hsqldb:mem:kontrollDS, UserName=sw, HSQL Database Engine Driver], schema=null, metaData=org.apache.commons.dbcp.DelegatingDatabaseMetaData@7c92bb87, edges=[]) - start
146467 [main] DEBUG org.dbunit.database.search.AbstractMetaDataBasedSearchCallback  - Getting edges for node SCOPEDCONTENT_SCOPEDCONTENTITEM
146467 [main] TRACE org.dbunit.database.DatabaseConfig  - getProperty(name=http://www.dbunit.org/properties/metadataHandler) - start
146467 [main] TRACE org.dbunit.database.DefaultMetadataHandler  - tableExists(metaData=org.apache.commons.dbcp.DelegatingDatabaseMetaData@7c92bb87, schemaName=null, tableName=SCOPEDCONTENT_SCOPEDCONTENTITEM) - start
146468 [main] DEBUG org.dbunit.util.SQLHelper  - close(resultSet=org.apache.commons.dbcp.DelegatingResultSet@47dbf636) - start
146468 [main] DEBUG org.dbunit.util.SQLHelper  - close(resultSet=org.apache.commons.dbcp.DelegatingResultSet@3672c873) - start
146468 [main] DEBUG org.dbunit.util.search.DepthFirstSearch  - Adding node SCOPEDCONTENT_SCOPEDCONTENTITEM to the final result
146469 [main] DEBUG org.dbunit.util.CollectionsHelper  - setToStrings(set=[SCOPEDCONTENT_SCOPEDCONTENTITEM]) - start
146469 [main] DEBUG org.dbunit.database.search.TablesDependencyHelper  - getDirectDependsOnTables(connection=_databaseConfig=org.dbunit.database.DatabaseConfig[, _propertyMap={http://www.dbunit.org/properties/statementFactory=org.dbunit.database.statement.PreparedStatementFactory@626bc2b8, http://www.dbunit.org/features/caseSensitiveTableNames=false, http://www.dbunit.org/properties/fetchSize=100, http://www.dbunit.org/features/batchedStatements=false, http://www.dbunit.org/properties/metadataHandler=org.dbunit.database.DefaultMetadataHandler@3bbfdfde, http://www.dbunit.org/properties/datatypeFactory=org.dbunit.dataset.datatype.DefaultDataTypeFactory[_toleratedDeltaMap=org.dbunit.dataset.datatype.ToleratedDeltaMap@6452310a], http://www.dbunit.org/properties/escapePattern=null, http://www.dbunit.org/properties/batchSize=100, http://www.dbunit.org/features/qualifiedTableNames=false, http://www.dbunit.org/properties/tableType=[Ljava.lang.String;@5011bafa, http://www.dbunit.org/properties/resultSetTableFactory=org.dbunit.database.CachedResultSetTableFactory@10bcf083, http://www.dbunit.org/features/datatypeWarning=true}], _dataSet=AbstractDataSet[_orderedTableNameMap=null], tableName=SCOPEDCONTENT_SCOPEDCONTENTITEM) - start
146469 [main] DEBUG org.dbunit.util.search.DepthFirstSearch  - search(nodesFrom=[SCOPEDCONTENT_SCOPEDCONTENTITEM], callback=org.dbunit.database.search.ExportedKeysSearchCallback@ac43c4b) - start
146469 [main] DEBUG org.dbunit.util.CollectionsHelper  - objectsToSet(objects=SCOPEDCONTENT_SCOPEDCONTENTITEM) - start
146469 [main] DEBUG org.dbunit.util.search.DepthFirstSearch  - search(nodesFrom=[SCOPEDCONTENT_SCOPEDCONTENTITEM], callback=org.dbunit.database.search.ExportedKeysSearchCallback@ac43c4b) - start
146469 [main] DEBUG org.dbunit.util.search.DepthFirstSearch  - reverseSearch:SCOPEDCONTENT_SCOPEDCONTENTITEM
146469 [main] DEBUG org.dbunit.database.search.ExportedKeysSearchCallback  - searchNode(node=SCOPEDCONTENT_SCOPEDCONTENTITEM) - start
146469 [main] DEBUG org.dbunit.util.search.DepthFirstSearch  - Pushing (reverse) SCOPEDCONTENT_SCOPEDCONTENTITEM
146469 [main] DEBUG org.dbunit.database.search.ExportedKeysSearchCallback  - getEdges(node=SCOPEDCONTENT_SCOPEDCONTENTITEM) - start
146469 [main] DEBUG org.dbunit.database.search.AbstractMetaDataBasedSearchCallback  - getNodesFromExportedKeys(node=SCOPEDCONTENT_SCOPEDCONTENTITEM) - start
146469 [main] DEBUG org.dbunit.database.search.AbstractMetaDataBasedSearchCallback  - getNodes(type=1, node=SCOPEDCONTENT_SCOPEDCONTENTITEM) - start
146469 [main] DEBUG org.dbunit.database.DatabaseDataSourceConnection  - getConnection() - start
146469 [main] DEBUG org.dbunit.database.search.AbstractMetaDataBasedSearchCallback  - getNodes(type=1, node=SCOPEDCONTENT_SCOPEDCONTENTITEM, conn=Transaction-aware proxy for target Connection [jdbc:hsqldb:mem:kontrollDS, UserName=sw, HSQL Database Engine Driver], schema=null, metaData=org.apache.commons.dbcp.DelegatingDatabaseMetaData@59526572, edges=[]) - start
146469 [main] DEBUG org.dbunit.database.search.AbstractMetaDataBasedSearchCallback  - Getting edges for node SCOPEDCONTENT_SCOPEDCONTENTITEM
146469 [main] TRACE org.dbunit.database.DatabaseConfig  - getProperty(name=http://www.dbunit.org/properties/metadataHandler) - start
146469 [main] TRACE org.dbunit.database.DefaultMetadataHandler  - tableExists(metaData=org.apache.commons.dbcp.DelegatingDatabaseMetaData@59526572, schemaName=null, tableName=SCOPEDCONTENT_SCOPEDCONTENTITEM) - start
146470 [main] DEBUG org.dbunit.util.SQLHelper  - close(resultSet=org.apache.commons.dbcp.DelegatingResultSet@3a991fe3) - start
146470 [main] DEBUG org.dbunit.util.SQLHelper  - close(resultSet=org.apache.commons.dbcp.DelegatingResultSet@3ad7a9ac) - start
146470 [main] DEBUG org.dbunit.util.search.DepthFirstSearch  - search:SCOPEDCONTENT_SCOPEDCONTENTITEM
146470 [main] DEBUG org.dbunit.database.search.ExportedKeysSearchCallback  - searchNode(node=SCOPEDCONTENT_SCOPEDCONTENTITEM) - start
146470 [main] DEBUG org.dbunit.util.search.DepthFirstSearch  - Pushing SCOPEDCONTENT_SCOPEDCONTENTITEM
146471 [main] DEBUG org.dbunit.database.search.ExportedKeysSearchCallback  - getEdges(node=SCOPEDCONTENT_SCOPEDCONTENTITEM) - start
146471 [main] DEBUG org.dbunit.database.search.AbstractMetaDataBasedSearchCallback  - getNodesFromExportedKeys(node=SCOPEDCONTENT_SCOPEDCONTENTITEM) - start
146471 [main] DEBUG org.dbunit.database.search.AbstractMetaDataBasedSearchCallback  - getNodes(type=1, node=SCOPEDCONTENT_SCOPEDCONTENTITEM) - start
146471 [main] DEBUG org.dbunit.database.DatabaseDataSourceConnection  - getConnection() - start
146471 [main] DEBUG org.dbunit.database.search.AbstractMetaDataBasedSearchCallback  - getNodes(type=1, node=SCOPEDCONTENT_SCOPEDCONTENTITEM, conn=Transaction-aware proxy for target Connection [jdbc:hsqldb:mem:kontrollDS, UserName=sw, HSQL Database Engine Driver], schema=null, metaData=org.apache.commons.dbcp.DelegatingDatabaseMetaData@24c47962, edges=[]) - start
146471 [main] DEBUG org.dbunit.database.search.AbstractMetaDataBasedSearchCallback  - Getting edges for node SCOPEDCONTENT_SCOPEDCONTENTITEM
146471 [main] TRACE org.dbunit.database.DatabaseConfig  - getProperty(name=http://www.dbunit.org/properties/metadataHandler) - start
146471 [main] TRACE org.dbunit.database.DefaultMetadataHandler  - tableExists(metaData=org.apache.commons.dbcp.DelegatingDatabaseMetaData@24c47962, schemaName=null, tableName=SCOPEDCONTENT_SCOPEDCONTENTITEM) - start
146472 [main] DEBUG org.dbunit.util.SQLHelper  - close(resultSet=org.apache.commons.dbcp.DelegatingResultSet@3d3891d7) - start
146472 [main] DEBUG org.dbunit.util.SQLHelper  - close(resultSet=org.apache.commons.dbcp.DelegatingResultSet@55138a66) - start
146472 [main] DEBUG org.dbunit.util.search.DepthFirstSearch  - Adding node SCOPEDCONTENT_SCOPEDCONTENTITEM to the final result
146472 [main] DEBUG org.dbunit.database.search.TablesDependencyHelper  - getDirectDependentTables(connection=_databaseConfig=org.dbunit.database.DatabaseConfig[, _propertyMap={http://www.dbunit.org/properties/statementFactory=org.dbunit.database.statement.PreparedStatementFactory@626bc2b8, http://www.dbunit.org/features/caseSensitiveTableNames=false, http://www.dbunit.org/properties/fetchSize=100, http://www.dbunit.org/features/batchedStatements=false, http://www.dbunit.org/properties/metadataHandler=org.dbunit.database.DefaultMetadataHandler@3bbfdfde, http://www.dbunit.org/properties/datatypeFactory=org.dbunit.dataset.datatype.DefaultDataTypeFactory[_toleratedDeltaMap=org.dbunit.dataset.datatype.ToleratedDeltaMap@6452310a], http://www.dbunit.org/properties/escapePattern=null, http://www.dbunit.org/properties/batchSize=100, http://www.dbunit.org/features/qualifiedTableNames=false, http://www.dbunit.org/properties/tableType=[Ljava.lang.String;@5011bafa, http://www.dbunit.org/properties/resultSetTableFactory=org.dbunit.database.CachedResultSetTableFactory@10bcf083, http://www.dbunit.org/features/datatypeWarning=true}], _dataSet=AbstractDataSet[_orderedTableNameMap=null], tableName=SCOPEDCONTENT_SCOPEDCONTENTITEM) - start
146473 [main] DEBUG org.dbunit.util.search.DepthFirstSearch  - search(nodesFrom=[SCOPEDCONTENT_SCOPEDCONTENTITEM], callback=org.dbunit.database.search.ImportedKeysSearchCallback@21353b2b) - start
146473 [main] DEBUG org.dbunit.util.CollectionsHelper  - objectsToSet(objects=SCOPEDCONTENT_SCOPEDCONTENTITEM) - start
146473 [main] DEBUG org.dbunit.util.search.DepthFirstSearch  - search(nodesFrom=[SCOPEDCONTENT_SCOPEDCONTENTITEM], callback=org.dbunit.database.search.ImportedKeysSearchCallback@21353b2b) - start
146473 [main] DEBUG org.dbunit.util.search.DepthFirstSearch  - reverseSearch:SCOPEDCONTENT_SCOPEDCONTENTITEM
146473 [main] DEBUG org.dbunit.database.search.ImportedKeysSearchCallback  - searchNode(node=SCOPEDCONTENT_SCOPEDCONTENTITEM) - start
146473 [main] DEBUG org.dbunit.util.search.DepthFirstSearch  - Pushing (reverse) SCOPEDCONTENT_SCOPEDCONTENTITEM
146473 [main] DEBUG org.dbunit.database.search.ImportedKeysSearchCallback  - getEdges(node=SCOPEDCONTENT_SCOPEDCONTENTITEM) - start
146473 [main] DEBUG org.dbunit.database.search.AbstractMetaDataBasedSearchCallback  - getNodesFromImportedKeys(node=SCOPEDCONTENT_SCOPEDCONTENTITEM) - start
146473 [main] DEBUG org.dbunit.database.search.AbstractMetaDataBasedSearchCallback  - getNodes(type=0, node=SCOPEDCONTENT_SCOPEDCONTENTITEM) - start
146473 [main] DEBUG org.dbunit.database.DatabaseDataSourceConnection  - getConnection() - start
146473 [main] DEBUG org.dbunit.database.search.AbstractMetaDataBasedSearchCallback  - getNodes(type=0, node=SCOPEDCONTENT_SCOPEDCONTENTITEM, conn=Transaction-aware proxy for target Connection [jdbc:hsqldb:mem:kontrollDS, UserName=sw, HSQL Database Engine Driver], schema=null, metaData=org.apache.commons.dbcp.DelegatingDatabaseMetaData@2dbf9515, edges=[]) - start
146473 [main] DEBUG org.dbunit.database.search.AbstractMetaDataBasedSearchCallback  - Getting edges for node SCOPEDCONTENT_SCOPEDCONTENTITEM
146473 [main] TRACE org.dbunit.database.DatabaseConfig  - getProperty(name=http://www.dbunit.org/properties/metadataHandler) - start
146473 [main] TRACE org.dbunit.database.DefaultMetadataHandler  - tableExists(metaData=org.apache.commons.dbcp.DelegatingDatabaseMetaData@2dbf9515, schemaName=null, tableName=SCOPEDCONTENT_SCOPEDCONTENTITEM) - start
146474 [main] DEBUG org.dbunit.util.SQLHelper  - close(resultSet=org.apache.commons.dbcp.DelegatingResultSet@6eb49ec5) - start
146474 [main] DEBUG org.dbunit.util.QualifiedTableName  - getQualifiedNameIfEnabled(config=org.dbunit.database.DatabaseConfig[, _propertyMap={http://www.dbunit.org/properties/statementFactory=org.dbunit.database.statement.PreparedStatementFactory@626bc2b8, http://www.dbunit.org/features/caseSensitiveTableNames=false, http://www.dbunit.org/properties/fetchSize=100, http://www.dbunit.org/features/batchedStatements=false, http://www.dbunit.org/properties/metadataHandler=org.dbunit.database.DefaultMetadataHandler@3bbfdfde, http://www.dbunit.org/properties/datatypeFactory=org.dbunit.dataset.datatype.DefaultDataTypeFactory[_toleratedDeltaMap=org.dbunit.dataset.datatype.ToleratedDeltaMap@6452310a], http://www.dbunit.org/properties/escapePattern=null, http://www.dbunit.org/properties/batchSize=100, http://www.dbunit.org/features/qualifiedTableNames=false, http://www.dbunit.org/properties/tableType=[Ljava.lang.String;@5011bafa, http://www.dbunit.org/properties/resultSetTableFactory=org.dbunit.database.CachedResultSetTableFactory@10bcf083, http://www.dbunit.org/features/datatypeWarning=true}]) - start
146474 [main] TRACE org.dbunit.database.DatabaseConfig  - getFeature(name=http://www.dbunit.org/features/qualifiedTableNames) - start
146474 [main] TRACE org.dbunit.database.DatabaseConfig  - getProperty(name=http://www.dbunit.org/features/qualifiedTableNames) - start
146474 [main] DEBUG org.dbunit.util.QualifiedTableName  - Qualified table names feature is disabled. Returning plain table name
146474 [main] DEBUG org.dbunit.util.QualifiedTableName  - getQualifiedName(prefix=null, name=SCOPEDCONTENT_SCOPEDCONTENTITEM, escapePattern=null) - start
146475 [main] DEBUG org.dbunit.util.QualifiedTableName  - getQualifiedNameIfEnabled(config=org.dbunit.database.DatabaseConfig[, _propertyMap={http://www.dbunit.org/properties/statementFactory=org.dbunit.database.statement.PreparedStatementFactory@626bc2b8, http://www.dbunit.org/features/caseSensitiveTableNames=false, http://www.dbunit.org/properties/fetchSize=100, http://www.dbunit.org/features/batchedStatements=false, http://www.dbunit.org/properties/metadataHandler=org.dbunit.database.DefaultMetadataHandler@3bbfdfde, http://www.dbunit.org/properties/datatypeFactory=org.dbunit.dataset.datatype.DefaultDataTypeFactory[_toleratedDeltaMap=org.dbunit.dataset.datatype.ToleratedDeltaMap@6452310a], http://www.dbunit.org/properties/escapePattern=null, http://www.dbunit.org/properties/batchSize=100, http://www.dbunit.org/features/qualifiedTableNames=false, http://www.dbunit.org/properties/tableType=[Ljava.lang.String;@5011bafa, http://www.dbunit.org/properties/resultSetTableFactory=org.dbunit.database.CachedResultSetTableFactory@10bcf083, http://www.dbunit.org/features/datatypeWarning=true}]) - start
146475 [main] TRACE org.dbunit.database.DatabaseConfig  - getFeature(name=http://www.dbunit.org/features/qualifiedTableNames) - start
146475 [main] TRACE org.dbunit.database.DatabaseConfig  - getProperty(name=http://www.dbunit.org/features/qualifiedTableNames) - start
146475 [main] DEBUG org.dbunit.util.QualifiedTableName  - Qualified table names feature is disabled. Returning plain table name
146475 [main] DEBUG org.dbunit.util.QualifiedTableName  - getQualifiedName(prefix=null, name=SCOPEDCONTENT, escapePattern=null) - start
146475 [main] DEBUG org.dbunit.database.search.AbstractMetaDataBasedSearchCallback  - newEdge(rs=org.apache.commons.dbcp.DelegatingResultSet@3b3ff641, type=0, from=SCOPEDCONTENT_SCOPEDCONTENTITEM, to=SCOPEDCONTENT, fkColumn=SCOPED_CONTENT_ITEM_ID, pkColumn=ID) - start
146475 [main] DEBUG org.dbunit.database.search.AbstractMetaDataBasedSearchCallback  - createFKEdge(rs=org.apache.commons.dbcp.DelegatingResultSet@3b3ff641, type=0, from=SCOPEDCONTENT_SCOPEDCONTENTITEM, to=SCOPEDCONTENT, fkColumn=SCOPED_CONTENT_ITEM_ID, pkColumn=ID) - start
146475 [main] DEBUG org.dbunit.database.search.AbstractMetaDataBasedSearchCallback  - Adding edge SCOPEDCONTENT_SCOPEDCONTENTITEM(SCOPED_CONTENT_ITEM_ID)->SCOPEDCONTENT(ID)
146475 [main] DEBUG org.dbunit.util.search.Edge  - compareTo(o=SCOPEDCONTENT_SCOPEDCONTENTITEM(SCOPED_CONTENT_ITEM_ID)->SCOPEDCONTENT(ID)) - start
146475 [main] DEBUG org.dbunit.util.QualifiedTableName  - getQualifiedNameIfEnabled(config=org.dbunit.database.DatabaseConfig[, _propertyMap={http://www.dbunit.org/properties/statementFactory=org.dbunit.database.statement.PreparedStatementFactory@626bc2b8, http://www.dbunit.org/features/caseSensitiveTableNames=false, http://www.dbunit.org/properties/fetchSize=100, http://www.dbunit.org/features/batchedStatements=false, http://www.dbunit.org/properties/metadataHandler=org.dbunit.database.DefaultMetadataHandler@3bbfdfde, http://www.dbunit.org/properties/datatypeFactory=org.dbunit.dataset.datatype.DefaultDataTypeFactory[_toleratedDeltaMap=org.dbunit.dataset.datatype.ToleratedDeltaMap@6452310a], http://www.dbunit.org/properties/escapePattern=null, http://www.dbunit.org/properties/batchSize=100, http://www.dbunit.org/features/qualifiedTableNames=false, http://www.dbunit.org/properties/tableType=[Ljava.lang.String;@5011bafa, http://www.dbunit.org/properties/resultSetTableFactory=org.dbunit.database.CachedResultSetTableFactory@10bcf083, http://www.dbunit.org/features/datatypeWarning=true}]) - start
146475 [main] TRACE org.dbunit.database.DatabaseConfig  - getFeature(name=http://www.dbunit.org/features/qualifiedTableNames) - start
146475 [main] TRACE org.dbunit.database.DatabaseConfig  - getProperty(name=http://www.dbunit.org/features/qualifiedTableNames) - start
146475 [main] DEBUG org.dbunit.util.QualifiedTableName  - Qualified table names feature is disabled. Returning plain table name
146475 [main] DEBUG org.dbunit.util.QualifiedTableName  - getQualifiedName(prefix=null, name=SCOPEDCONTENT_SCOPEDCONTENTITEM, escapePattern=null) - start
146475 [main] DEBUG org.dbunit.util.QualifiedTableName  - getQualifiedNameIfEnabled(config=org.dbunit.database.DatabaseConfig[, _propertyMap={http://www.dbunit.org/properties/statementFactory=org.dbunit.database.statement.PreparedStatementFactory@626bc2b8, http://www.dbunit.org/features/caseSensitiveTableNames=false, http://www.dbunit.org/properties/fetchSize=100, http://www.dbunit.org/features/batchedStatements=false, http://www.dbunit.org/properties/metadataHandler=org.dbunit.database.DefaultMetadataHandler@3bbfdfde, http://www.dbunit.org/properties/datatypeFactory=org.dbunit.dataset.datatype.DefaultDataTypeFactory[_toleratedDeltaMap=org.dbunit.dataset.datatype.ToleratedDeltaMap@6452310a], http://www.dbunit.org/properties/escapePattern=null, http://www.dbunit.org/properties/batchSize=100, http://www.dbunit.org/features/qualifiedTableNames=false, http://www.dbunit.org/properties/tableType=[Ljava.lang.String;@5011bafa, http://www.dbunit.org/properties/resultSetTableFactory=org.dbunit.database.CachedResultSetTableFactory@10bcf083, http://www.dbunit.org/features/datatypeWarning=true}]) - start
146476 [main] TRACE org.dbunit.database.DatabaseConfig  - getFeature(name=http://www.dbunit.org/features/qualifiedTableNames) - start
146476 [main] TRACE org.dbunit.database.DatabaseConfig  - getProperty(name=http://www.dbunit.org/features/qualifiedTableNames) - start
146476 [main] DEBUG org.dbunit.util.QualifiedTableName  - Qualified table names feature is disabled. Returning plain table name
146476 [main] DEBUG org.dbunit.util.QualifiedTableName  - getQualifiedName(prefix=null, name=SCOPEDCONTENTITEM, escapePattern=null) - start
146476 [main] DEBUG org.dbunit.database.search.AbstractMetaDataBasedSearchCallback  - newEdge(rs=org.apache.commons.dbcp.DelegatingResultSet@3b3ff641, type=0, from=SCOPEDCONTENT_SCOPEDCONTENTITEM, to=SCOPEDCONTENTITEM, fkColumn=SCOPED_CONTENT_ID, pkColumn=ID) - start
146476 [main] DEBUG org.dbunit.database.search.AbstractMetaDataBasedSearchCallback  - createFKEdge(rs=org.apache.commons.dbcp.DelegatingResultSet@3b3ff641, type=0, from=SCOPEDCONTENT_SCOPEDCONTENTITEM, to=SCOPEDCONTENTITEM, fkColumn=SCOPED_CONTENT_ID, pkColumn=ID) - start
146476 [main] DEBUG org.dbunit.database.search.AbstractMetaDataBasedSearchCallback  - Adding edge SCOPEDCONTENT_SCOPEDCONTENTITEM(SCOPED_CONTENT_ID)->SCOPEDCONTENTITEM(ID)
146476 [main] DEBUG org.dbunit.util.search.Edge  - compareTo(o=SCOPEDCONTENT_SCOPEDCONTENTITEM(SCOPED_CONTENT_ITEM_ID)->SCOPEDCONTENT(ID)) - start
146476 [main] DEBUG org.dbunit.util.SQLHelper  - close(resultSet=org.apache.commons.dbcp.DelegatingResultSet@3b3ff641) - start
146476 [main] DEBUG org.dbunit.util.search.DepthFirstSearch  - search:SCOPEDCONTENT_SCOPEDCONTENTITEM
146476 [main] DEBUG org.dbunit.database.search.ImportedKeysSearchCallback  - searchNode(node=SCOPEDCONTENT_SCOPEDCONTENTITEM) - start
146476 [main] DEBUG org.dbunit.util.search.DepthFirstSearch  - Pushing SCOPEDCONTENT_SCOPEDCONTENTITEM
146476 [main] DEBUG org.dbunit.database.search.ImportedKeysSearchCallback  - getEdges(node=SCOPEDCONTENT_SCOPEDCONTENTITEM) - start
146476 [main] DEBUG org.dbunit.database.search.AbstractMetaDataBasedSearchCallback  - getNodesFromImportedKeys(node=SCOPEDCONTENT_SCOPEDCONTENTITEM) - start
146476 [main] DEBUG org.dbunit.database.search.AbstractMetaDataBasedSearchCallback  - getNodes(type=0, node=SCOPEDCONTENT_SCOPEDCONTENTITEM) - start
146476 [main] DEBUG org.dbunit.database.DatabaseDataSourceConnection  - getConnection() - start
146476 [main] DEBUG org.dbunit.database.search.AbstractMetaDataBasedSearchCallback  - getNodes(type=0, node=SCOPEDCONTENT_SCOPEDCONTENTITEM, conn=Transaction-aware proxy for target Connection [jdbc:hsqldb:mem:kontrollDS, UserName=sw, HSQL Database Engine Driver], schema=null, metaData=org.apache.commons.dbcp.DelegatingDatabaseMetaData@644043ca, edges=[]) - start
146476 [main] DEBUG org.dbunit.database.search.AbstractMetaDataBasedSearchCallback  - Getting edges for node SCOPEDCONTENT_SCOPEDCONTENTITEM
146476 [main] TRACE org.dbunit.database.DatabaseConfig  - getProperty(name=http://www.dbunit.org/properties/metadataHandler) - start
146476 [main] TRACE org.dbunit.database.DefaultMetadataHandler  - tableExists(metaData=org.apache.commons.dbcp.DelegatingDatabaseMetaData@644043ca, schemaName=null, tableName=SCOPEDCONTENT_SCOPEDCONTENTITEM) - start
146477 [main] DEBUG org.dbunit.util.SQLHelper  - close(resultSet=org.apache.commons.dbcp.DelegatingResultSet@47e7673e) - start
146478 [main] DEBUG org.dbunit.util.QualifiedTableName  - getQualifiedNameIfEnabled(config=org.dbunit.database.DatabaseConfig[, _propertyMap={http://www.dbunit.org/properties/statementFactory=org.dbunit.database.statement.PreparedStatementFactory@626bc2b8, http://www.dbunit.org/features/caseSensitiveTableNames=false, http://www.dbunit.org/properties/fetchSize=100, http://www.dbunit.org/features/batchedStatements=false, http://www.dbunit.org/properties/metadataHandler=org.dbunit.database.DefaultMetadataHandler@3bbfdfde, http://www.dbunit.org/properties/datatypeFactory=org.dbunit.dataset.datatype.DefaultDataTypeFactory[_toleratedDeltaMap=org.dbunit.dataset.datatype.ToleratedDeltaMap@6452310a], http://www.dbunit.org/properties/escapePattern=null, http://www.dbunit.org/properties/batchSize=100, http://www.dbunit.org/features/qualifiedTableNames=false, http://www.dbunit.org/properties/tableType=[Ljava.lang.String;@5011bafa, http://www.dbunit.org/properties/resultSetTableFactory=org.dbunit.database.CachedResultSetTableFactory@10bcf083, http://www.dbunit.org/features/datatypeWarning=true}]) - start
146478 [main] TRACE org.dbunit.database.DatabaseConfig  - getFeature(name=http://www.dbunit.org/features/qualifiedTableNames) - start
146478 [main] TRACE org.dbunit.database.DatabaseConfig  - getProperty(name=http://www.dbunit.org/features/qualifiedTableNames) - start
146478 [main] DEBUG org.dbunit.util.QualifiedTableName  - Qualified table names feature is disabled. Returning plain table name
146478 [main] DEBUG org.dbunit.util.QualifiedTableName  - getQualifiedName(prefix=null, name=SCOPEDCONTENT_SCOPEDCONTENTITEM, escapePattern=null) - start
146478 [main] DEBUG org.dbunit.util.QualifiedTableName  - getQualifiedNameIfEnabled(config=org.dbunit.database.DatabaseConfig[, _propertyMap={http://www.dbunit.org/properties/statementFactory=org.dbunit.database.statement.PreparedStatementFactory@626bc2b8, http://www.dbunit.org/features/caseSensitiveTableNames=false, http://www.dbunit.org/properties/fetchSize=100, http://www.dbunit.org/features/batchedStatements=false, http://www.dbunit.org/properties/metadataHandler=org.dbunit.database.DefaultMetadataHandler@3bbfdfde, http://www.dbunit.org/properties/datatypeFactory=org.dbunit.dataset.datatype.DefaultDataTypeFactory[_toleratedDeltaMap=org.dbunit.dataset.datatype.ToleratedDeltaMap@6452310a], http://www.dbunit.org/properties/escapePattern=null, http://www.dbunit.org/properties/batchSize=100, http://www.dbunit.org/features/qualifiedTableNames=false, http://www.dbunit.org/properties/tableType=[Ljava.lang.String;@5011bafa, http://www.dbunit.org/properties/resultSetTableFactory=org.dbunit.database.CachedResultSetTableFactory@10bcf083, http://www.dbunit.org/features/datatypeWarning=true}]) - start
146478 [main] TRACE org.dbunit.database.DatabaseConfig  - getFeature(name=http://www.dbunit.org/features/qualifiedTableNames) - start
146478 [main] TRACE org.dbunit.database.DatabaseConfig  - getProperty(name=http://www.dbunit.org/features/qualifiedTableNames) - start
146478 [main] DEBUG org.dbunit.util.QualifiedTableName  - Qualified table names feature is disabled. Returning plain table name
146478 [main] DEBUG org.dbunit.util.QualifiedTableName  - getQualifiedName(prefix=null, name=SCOPEDCONTENT, escapePattern=null) - start
146478 [main] DEBUG org.dbunit.database.search.AbstractMetaDataBasedSearchCallback  - newEdge(rs=org.apache.commons.dbcp.DelegatingResultSet@55858242, type=0, from=SCOPEDCONTENT_SCOPEDCONTENTITEM, to=SCOPEDCONTENT, fkColumn=SCOPED_CONTENT_ITEM_ID, pkColumn=ID) - start
146478 [main] DEBUG org.dbunit.database.search.AbstractMetaDataBasedSearchCallback  - createFKEdge(rs=org.apache.commons.dbcp.DelegatingResultSet@55858242, type=0, from=SCOPEDCONTENT_SCOPEDCONTENTITEM, to=SCOPEDCONTENT, fkColumn=SCOPED_CONTENT_ITEM_ID, pkColumn=ID) - start
146478 [main] DEBUG org.dbunit.database.search.AbstractMetaDataBasedSearchCallback  - Adding edge SCOPEDCONTENT_SCOPEDCONTENTITEM(SCOPED_CONTENT_ITEM_ID)->SCOPEDCONTENT(ID)
146478 [main] DEBUG org.dbunit.util.search.Edge  - compareTo(o=SCOPEDCONTENT_SCOPEDCONTENTITEM(SCOPED_CONTENT_ITEM_ID)->SCOPEDCONTENT(ID)) - start
146478 [main] DEBUG org.dbunit.util.QualifiedTableName  - getQualifiedNameIfEnabled(config=org.dbunit.database.DatabaseConfig[, _propertyMap={http://www.dbunit.org/properties/statementFactory=org.dbunit.database.statement.PreparedStatementFactory@626bc2b8, http://www.dbunit.org/features/caseSensitiveTableNames=false, http://www.dbunit.org/properties/fetchSize=100, http://www.dbunit.org/features/batchedStatements=false, http://www.dbunit.org/properties/metadataHandler=org.dbunit.database.DefaultMetadataHandler@3bbfdfde, http://www.dbunit.org/properties/datatypeFactory=org.dbunit.dataset.datatype.DefaultDataTypeFactory[_toleratedDeltaMap=org.dbunit.dataset.datatype.ToleratedDeltaMap@6452310a], http://www.dbunit.org/properties/escapePattern=null, http://www.dbunit.org/properties/batchSize=100, http://www.dbunit.org/features/qualifiedTableNames=false, http://www.dbunit.org/properties/tableType=[Ljava.lang.String;@5011bafa, http://www.dbunit.org/properties/resultSetTableFactory=org.dbunit.database.CachedResultSetTableFactory@10bcf083, http://www.dbunit.org/features/datatypeWarning=true}]) - start
146478 [main] TRACE org.dbunit.database.DatabaseConfig  - getFeature(name=http://www.dbunit.org/features/qualifiedTableNames) - start
146478 [main] TRACE org.dbunit.database.DatabaseConfig  - getProperty(name=http://www.dbunit.org/features/qualifiedTableNames) - start
146478 [main] DEBUG org.dbunit.util.QualifiedTableName  - Qualified table names feature is disabled. Returning plain table name
146478 [main] DEBUG org.dbunit.util.QualifiedTableName  - getQualifiedName(prefix=null, name=SCOPEDCONTENT_SCOPEDCONTENTITEM, escapePattern=null) - start
146478 [main] DEBUG org.dbunit.util.QualifiedTableName  - getQualifiedNameIfEnabled(config=org.dbunit.database.DatabaseConfig[, _propertyMap={http://www.dbunit.org/properties/statementFactory=org.dbunit.database.statement.PreparedStatementFactory@626bc2b8, http://www.dbunit.org/features/caseSensitiveTableNames=false, http://www.dbunit.org/properties/fetchSize=100, http://www.dbunit.org/features/batchedStatements=false, http://www.dbunit.org/properties/metadataHandler=org.dbunit.database.DefaultMetadataHandler@3bbfdfde, http://www.dbunit.org/properties/datatypeFactory=org.dbunit.dataset.datatype.DefaultDataTypeFactory[_toleratedDeltaMap=org.dbunit.dataset.datatype.ToleratedDeltaMap@6452310a], http://www.dbunit.org/properties/escapePattern=null, http://www.dbunit.org/properties/batchSize=100, http://www.dbunit.org/features/qualifiedTableNames=false, http://www.dbunit.org/properties/tableType=[Ljava.lang.String;@5011bafa, http://www.dbunit.org/properties/resultSetTableFactory=org.dbunit.database.CachedResultSetTableFactory@10bcf083, http://www.dbunit.org/features/datatypeWarning=true}]) - start
146478 [main] TRACE org.dbunit.database.DatabaseConfig  - getFeature(name=http://www.dbunit.org/features/qualifiedTableNames) - start
146479 [main] TRACE org.dbunit.database.DatabaseConfig  - getProperty(name=http://www.dbunit.org/features/qualifiedTableNames) - start
146479 [main] DEBUG org.dbunit.util.QualifiedTableName  - Qualified table names feature is disabled. Returning plain table name
146479 [main] DEBUG org.dbunit.util.QualifiedTableName  - getQualifiedName(prefix=null, name=SCOPEDCONTENTITEM, escapePattern=null) - start
146479 [main] DEBUG org.dbunit.database.search.AbstractMetaDataBasedSearchCallback  - newEdge(rs=org.apache.commons.dbcp.DelegatingResultSet@55858242, type=0, from=SCOPEDCONTENT_SCOPEDCONTENTITEM, to=SCOPEDCONTENTITEM, fkColumn=SCOPED_CONTENT_ID, pkColumn=ID) - start
146479 [main] DEBUG org.dbunit.database.search.AbstractMetaDataBasedSearchCallback  - createFKEdge(rs=org.apache.commons.dbcp.DelegatingResultSet@55858242, type=0, from=SCOPEDCONTENT_SCOPEDCONTENTITEM, to=SCOPEDCONTENTITEM, fkColumn=SCOPED_CONTENT_ID, pkColumn=ID) - start
146479 [main] DEBUG org.dbunit.database.search.AbstractMetaDataBasedSearchCallback  - Adding edge SCOPEDCONTENT_SCOPEDCONTENTITEM(SCOPED_CONTENT_ID)->SCOPEDCONTENTITEM(ID)
146479 [main] DEBUG org.dbunit.util.search.Edge  - compareTo(o=SCOPEDCONTENT_SCOPEDCONTENTITEM(SCOPED_CONTENT_ITEM_ID)->SCOPEDCONTENT(ID)) - start
146479 [main] DEBUG org.dbunit.util.SQLHelper  - close(resultSet=org.apache.commons.dbcp.DelegatingResultSet@55858242) - start
146479 [main] DEBUG org.dbunit.util.search.DepthFirstSearch  - search:SCOPEDCONTENT
146479 [main] DEBUG org.dbunit.database.search.ImportedKeysSearchCallback  - searchNode(node=SCOPEDCONTENT) - start
146479 [main] DEBUG org.dbunit.util.search.DepthFirstSearch  - Pushing SCOPEDCONTENT
146479 [main] DEBUG org.dbunit.database.search.ImportedKeysSearchCallback  - getEdges(node=SCOPEDCONTENT) - start
146479 [main] DEBUG org.dbunit.database.search.AbstractMetaDataBasedSearchCallback  - getNodesFromImportedKeys(node=SCOPEDCONTENT) - start
146479 [main] DEBUG org.dbunit.database.search.AbstractMetaDataBasedSearchCallback  - getNodes(type=0, node=SCOPEDCONTENT) - start
146479 [main] DEBUG org.dbunit.database.DatabaseDataSourceConnection  - getConnection() - start
146479 [main] DEBUG org.dbunit.database.search.AbstractMetaDataBasedSearchCallback  - getNodes(type=0, node=SCOPEDCONTENT, conn=Transaction-aware proxy for target Connection [jdbc:hsqldb:mem:kontrollDS, UserName=sw, HSQL Database Engine Driver], schema=null, metaData=org.apache.commons.dbcp.DelegatingDatabaseMetaData@302ae6eb, edges=[]) - start
146479 [main] DEBUG org.dbunit.database.search.AbstractMetaDataBasedSearchCallback  - Getting edges for node SCOPEDCONTENT
146479 [main] TRACE org.dbunit.database.DatabaseConfig  - getProperty(name=http://www.dbunit.org/properties/metadataHandler) - start
146479 [main] TRACE org.dbunit.database.DefaultMetadataHandler  - tableExists(metaData=org.apache.commons.dbcp.DelegatingDatabaseMetaData@302ae6eb, schemaName=null, tableName=SCOPEDCONTENT) - start
146480 [main] DEBUG org.dbunit.util.SQLHelper  - close(resultSet=org.apache.commons.dbcp.DelegatingResultSet@4f7c9c00) - start
146481 [main] DEBUG org.dbunit.util.QualifiedTableName  - getQualifiedNameIfEnabled(config=org.dbunit.database.DatabaseConfig[, _propertyMap={http://www.dbunit.org/properties/statementFactory=org.dbunit.database.statement.PreparedStatementFactory@626bc2b8, http://www.dbunit.org/features/caseSensitiveTableNames=false, http://www.dbunit.org/properties/fetchSize=100, http://www.dbunit.org/features/batchedStatements=false, http://www.dbunit.org/properties/metadataHandler=org.dbunit.database.DefaultMetadataHandler@3bbfdfde, http://www.dbunit.org/properties/datatypeFactory=org.dbunit.dataset.datatype.DefaultDataTypeFactory[_toleratedDeltaMap=org.dbunit.dataset.datatype.ToleratedDeltaMap@6452310a], http://www.dbunit.org/properties/escapePattern=null, http://www.dbunit.org/properties/batchSize=100, http://www.dbunit.org/features/qualifiedTableNames=false, http://www.dbunit.org/properties/tableType=[Ljava.lang.String;@5011bafa, http://www.dbunit.org/properties/resultSetTableFactory=org.dbunit.database.CachedResultSetTableFactory@10bcf083, http://www.dbunit.org/features/datatypeWarning=true}]) - start
146481 [main] TRACE org.dbunit.database.DatabaseConfig  - getFeature(name=http://www.dbunit.org/features/qualifiedTableNames) - start
146481 [main] TRACE org.dbunit.database.DatabaseConfig  - getProperty(name=http://www.dbunit.org/features/qualifiedTableNames) - start
146481 [main] DEBUG org.dbunit.util.QualifiedTableName  - Qualified table names feature is disabled. Returning plain table name
146481 [main] DEBUG org.dbunit.util.QualifiedTableName  - getQualifiedName(prefix=null, name=SCOPEDCONTENT, escapePattern=null) - start
146481 [main] DEBUG org.dbunit.util.QualifiedTableName  - getQualifiedNameIfEnabled(config=org.dbunit.database.DatabaseConfig[, _propertyMap={http://www.dbunit.org/properties/statementFactory=org.dbunit.database.statement.PreparedStatementFactory@626bc2b8, http://www.dbunit.org/features/caseSensitiveTableNames=false, http://www.dbunit.org/properties/fetchSize=100, http://www.dbunit.org/features/batchedStatements=false, http://www.dbunit.org/properties/metadataHandler=org.dbunit.database.DefaultMetadataHandler@3bbfdfde, http://www.dbunit.org/properties/datatypeFactory=org.dbunit.dataset.datatype.DefaultDataTypeFactory[_toleratedDeltaMap=org.dbunit.dataset.datatype.ToleratedDeltaMap@6452310a], http://www.dbunit.org/properties/escapePattern=null, http://www.dbunit.org/properties/batchSize=100, http://www.dbunit.org/features/qualifiedTableNames=false, http://www.dbunit.org/properties/tableType=[Ljava.lang.String;@5011bafa, http://www.dbunit.org/properties/resultSetTableFactory=org.dbunit.database.CachedResultSetTableFactory@10bcf083, http://www.dbunit.org/features/datatypeWarning=true}]) - start
146481 [main] TRACE org.dbunit.database.DatabaseConfig  - getFeature(name=http://www.dbunit.org/features/qualifiedTableNames) - start
146481 [main] TRACE org.dbunit.database.DatabaseConfig  - getProperty(name=http://www.dbunit.org/features/qualifiedTableNames) - start
146481 [main] DEBUG org.dbunit.util.QualifiedTableName  - Qualified table names feature is disabled. Returning plain table name
146481 [main] DEBUG org.dbunit.util.QualifiedTableName  - getQualifiedName(prefix=null, name=SCOPE, escapePattern=null) - start
146481 [main] DEBUG org.dbunit.database.search.AbstractMetaDataBasedSearchCallback  - newEdge(rs=org.apache.commons.dbcp.DelegatingResultSet@21b786f, type=0, from=SCOPEDCONTENT, to=SCOPE, fkColumn=SCOPE, pkColumn=ID) - start
146481 [main] DEBUG org.dbunit.database.search.AbstractMetaDataBasedSearchCallback  - createFKEdge(rs=org.apache.commons.dbcp.DelegatingResultSet@21b786f, type=0, from=SCOPEDCONTENT, to=SCOPE, fkColumn=SCOPE, pkColumn=ID) - start
146481 [main] DEBUG org.dbunit.database.search.AbstractMetaDataBasedSearchCallback  - Adding edge SCOPEDCONTENT(SCOPE)->SCOPE(ID)
146481 [main] DEBUG org.dbunit.util.search.Edge  - compareTo(o=SCOPEDCONTENT(SCOPE)->SCOPE(ID)) - start
146481 [main] DEBUG org.dbunit.util.SQLHelper  - close(resultSet=org.apache.commons.dbcp.DelegatingResultSet@21b786f) - start
146481 [main] DEBUG org.dbunit.util.search.DepthFirstSearch  - search:SCOPE
146481 [main] DEBUG org.dbunit.database.search.ImportedKeysSearchCallback  - searchNode(node=SCOPE) - start
146481 [main] DEBUG org.dbunit.util.search.DepthFirstSearch  - Pushing SCOPE
146481 [main] DEBUG org.dbunit.database.search.ImportedKeysSearchCallback  - getEdges(node=SCOPE) - start
146481 [main] DEBUG org.dbunit.database.search.AbstractMetaDataBasedSearchCallback  - getNodesFromImportedKeys(node=SCOPE) - start
146481 [main] DEBUG org.dbunit.database.search.AbstractMetaDataBasedSearchCallback  - getNodes(type=0, node=SCOPE) - start
146481 [main] DEBUG org.dbunit.database.DatabaseDataSourceConnection  - getConnection() - start
146481 [main] DEBUG org.dbunit.database.search.AbstractMetaDataBasedSearchCallback  - getNodes(type=0, node=SCOPE, conn=Transaction-aware proxy for target Connection [jdbc:hsqldb:mem:kontrollDS, UserName=sw, HSQL Database Engine Driver], schema=null, metaData=org.apache.commons.dbcp.DelegatingDatabaseMetaData@597fc07d, edges=[]) - start
146482 [main] DEBUG org.dbunit.database.search.AbstractMetaDataBasedSearchCallback  - Getting edges for node SCOPE
146482 [main] TRACE org.dbunit.database.DatabaseConfig  - getProperty(name=http://www.dbunit.org/properties/metadataHandler) - start
146482 [main] TRACE org.dbunit.database.DefaultMetadataHandler  - tableExists(metaData=org.apache.commons.dbcp.DelegatingDatabaseMetaData@597fc07d, schemaName=null, tableName=SCOPE) - start
146483 [main] DEBUG org.dbunit.util.SQLHelper  - close(resultSet=org.apache.commons.dbcp.DelegatingResultSet@77244a88) - start
146483 [main] DEBUG org.dbunit.util.SQLHelper  - close(resultSet=org.apache.commons.dbcp.DelegatingResultSet@3f68eae2) - start
146483 [main] DEBUG org.dbunit.util.search.DepthFirstSearch  - Adding node SCOPE to the final result
146483 [main] DEBUG org.dbunit.util.search.DepthFirstSearch  - Adding node SCOPEDCONTENT to the final result
146483 [main] DEBUG org.dbunit.util.search.DepthFirstSearch  - search:SCOPEDCONTENTITEM
146483 [main] DEBUG org.dbunit.database.search.ImportedKeysSearchCallback  - searchNode(node=SCOPEDCONTENTITEM) - start
146483 [main] DEBUG org.dbunit.util.search.DepthFirstSearch  - Pushing SCOPEDCONTENTITEM
146483 [main] DEBUG org.dbunit.util.search.DepthFirstSearch  - Adding node SCOPEDCONTENTITEM to the final result
146483 [main] DEBUG org.dbunit.util.search.DepthFirstSearch  - Adding node SCOPEDCONTENT_SCOPEDCONTENTITEM to the final result
146483 [main] DEBUG org.dbunit.util.search.DepthFirstSearch  - reverseSearch:SCOPEDCONTENT
146483 [main] DEBUG org.dbunit.database.search.ImportedKeysSearchCallback  - searchNode(node=SCOPEDCONTENT) - start
146483 [main] DEBUG org.dbunit.util.search.DepthFirstSearch  - Pushing (reverse) SCOPEDCONTENT
146483 [main] DEBUG org.dbunit.database.search.ImportedKeysSearchCallback  - getEdges(node=SCOPEDCONTENT) - start
146483 [main] DEBUG org.dbunit.database.search.AbstractMetaDataBasedSearchCallback  - getNodesFromImportedKeys(node=SCOPEDCONTENT) - start
146483 [main] DEBUG org.dbunit.database.search.AbstractMetaDataBasedSearchCallback  - getNodes(type=0, node=SCOPEDCONTENT) - start
146483 [main] DEBUG org.dbunit.database.DatabaseDataSourceConnection  - getConnection() - start
146483 [main] DEBUG org.dbunit.database.search.AbstractMetaDataBasedSearchCallback  - getNodes(type=0, node=SCOPEDCONTENT, conn=Transaction-aware proxy for target Connection [jdbc:hsqldb:mem:kontrollDS, UserName=sw, HSQL Database Engine Driver], schema=null, metaData=org.apache.commons.dbcp.DelegatingDatabaseMetaData@114bbf4, edges=[]) - start
146483 [main] DEBUG org.dbunit.database.search.AbstractMetaDataBasedSearchCallback  - Getting edges for node SCOPEDCONTENT
146483 [main] TRACE org.dbunit.database.DatabaseConfig  - getProperty(name=http://www.dbunit.org/properties/metadataHandler) - start
146483 [main] TRACE org.dbunit.database.DefaultMetadataHandler  - tableExists(metaData=org.apache.commons.dbcp.DelegatingDatabaseMetaData@114bbf4, schemaName=null, tableName=SCOPEDCONTENT) - start
146484 [main] DEBUG org.dbunit.util.SQLHelper  - close(resultSet=org.apache.commons.dbcp.DelegatingResultSet@15369f5c) - start
146485 [main] DEBUG org.dbunit.util.QualifiedTableName  - getQualifiedNameIfEnabled(config=org.dbunit.database.DatabaseConfig[, _propertyMap={http://www.dbunit.org/properties/statementFactory=org.dbunit.database.statement.PreparedStatementFactory@626bc2b8, http://www.dbunit.org/features/caseSensitiveTableNames=false, http://www.dbunit.org/properties/fetchSize=100, http://www.dbunit.org/features/batchedStatements=false, http://www.dbunit.org/properties/metadataHandler=org.dbunit.database.DefaultMetadataHandler@3bbfdfde, http://www.dbunit.org/properties/datatypeFactory=org.dbunit.dataset.datatype.DefaultDataTypeFactory[_toleratedDeltaMap=org.dbunit.dataset.datatype.ToleratedDeltaMap@6452310a], http://www.dbunit.org/properties/escapePattern=null, http://www.dbunit.org/properties/batchSize=100, http://www.dbunit.org/features/qualifiedTableNames=false, http://www.dbunit.org/properties/tableType=[Ljava.lang.String;@5011bafa, http://www.dbunit.org/properties/resultSetTableFactory=org.dbunit.database.CachedResultSetTableFactory@10bcf083, http://www.dbunit.org/features/datatypeWarning=true}]) - start
146485 [main] TRACE org.dbunit.database.DatabaseConfig  - getFeature(name=http://www.dbunit.org/features/qualifiedTableNames) - start
146485 [main] TRACE org.dbunit.database.DatabaseConfig  - getProperty(name=http://www.dbunit.org/features/qualifiedTableNames) - start
146485 [main] DEBUG org.dbunit.util.QualifiedTableName  - Qualified table names feature is disabled. Returning plain table name
146485 [main] DEBUG org.dbunit.util.QualifiedTableName  - getQualifiedName(prefix=null, name=SCOPEDCONTENT, escapePattern=null) - start
146485 [main] DEBUG org.dbunit.util.QualifiedTableName  - getQualifiedNameIfEnabled(config=org.dbunit.database.DatabaseConfig[, _propertyMap={http://www.dbunit.org/properties/statementFactory=org.dbunit.database.statement.PreparedStatementFactory@626bc2b8, http://www.dbunit.org/features/caseSensitiveTableNames=false, http://www.dbunit.org/properties/fetchSize=100, http://www.dbunit.org/features/batchedStatements=false, http://www.dbunit.org/properties/metadataHandler=org.dbunit.database.DefaultMetadataHandler@3bbfdfde, http://www.dbunit.org/properties/datatypeFactory=org.dbunit.dataset.datatype.DefaultDataTypeFactory[_toleratedDeltaMap=org.dbunit.dataset.datatype.ToleratedDeltaMap@6452310a], http://www.dbunit.org/properties/escapePattern=null, http://www.dbunit.org/properties/batchSize=100, http://www.dbunit.org/features/qualifiedTableNames=false, http://www.dbunit.org/properties/tableType=[Ljava.lang.String;@5011bafa, http://www.dbunit.org/properties/resultSetTableFactory=org.dbunit.database.CachedResultSetTableFactory@10bcf083, http://www.dbunit.org/features/datatypeWarning=true}]) - start
146485 [main] TRACE org.dbunit.database.DatabaseConfig  - getFeature(name=http://www.dbunit.org/features/qualifiedTableNames) - start
146485 [main] TRACE org.dbunit.database.DatabaseConfig  - getProperty(name=http://www.dbunit.org/features/qualifiedTableNames) - start
146485 [main] DEBUG org.dbunit.util.QualifiedTableName  - Qualified table names feature is disabled. Returning plain table name
146485 [main] DEBUG org.dbunit.util.QualifiedTableName  - getQualifiedName(prefix=null, name=SCOPE, escapePattern=null) - start
146485 [main] DEBUG org.dbunit.database.search.AbstractMetaDataBasedSearchCallback  - newEdge(rs=org.apache.commons.dbcp.DelegatingResultSet@5239329e, type=0, from=SCOPEDCONTENT, to=SCOPE, fkColumn=SCOPE, pkColumn=ID) - start
146485 [main] DEBUG org.dbunit.database.search.AbstractMetaDataBasedSearchCallback  - createFKEdge(rs=org.apache.commons.dbcp.DelegatingResultSet@5239329e, type=0, from=SCOPEDCONTENT, to=SCOPE, fkColumn=SCOPE, pkColumn=ID) - start
146485 [main] DEBUG org.dbunit.database.search.AbstractMetaDataBasedSearchCallback  - Adding edge SCOPEDCONTENT(SCOPE)->SCOPE(ID)
146485 [main] DEBUG org.dbunit.util.search.Edge  - compareTo(o=SCOPEDCONTENT(SCOPE)->SCOPE(ID)) - start
146485 [main] DEBUG org.dbunit.util.SQLHelper  - close(resultSet=org.apache.commons.dbcp.DelegatingResultSet@5239329e) - start
146485 [main] DEBUG org.dbunit.util.search.DepthFirstSearch  - reverseSearch:SCOPEDCONTENTITEM
146485 [main] DEBUG org.dbunit.database.search.ImportedKeysSearchCallback  - searchNode(node=SCOPEDCONTENTITEM) - start
146485 [main] DEBUG org.dbunit.util.search.DepthFirstSearch  - Pushing (reverse) SCOPEDCONTENTITEM
146485 [main] DEBUG org.dbunit.database.search.ImportedKeysSearchCallback  - getEdges(node=SCOPEDCONTENTITEM) - start
146486 [main] DEBUG org.dbunit.database.search.AbstractMetaDataBasedSearchCallback  - getNodesFromImportedKeys(node=SCOPEDCONTENTITEM) - start
146486 [main] DEBUG org.dbunit.database.search.AbstractMetaDataBasedSearchCallback  - getNodes(type=0, node=SCOPEDCONTENTITEM) - start
146486 [main] DEBUG org.dbunit.database.DatabaseDataSourceConnection  - getConnection() - start
146486 [main] DEBUG org.dbunit.database.search.AbstractMetaDataBasedSearchCallback  - getNodes(type=0, node=SCOPEDCONTENTITEM, conn=Transaction-aware proxy for target Connection [jdbc:hsqldb:mem:kontrollDS, UserName=sw, HSQL Database Engine Driver], schema=null, metaData=org.apache.commons.dbcp.DelegatingDatabaseMetaData@292a4d3e, edges=[]) - start
146486 [main] DEBUG org.dbunit.database.search.AbstractMetaDataBasedSearchCallback  - Getting edges for node SCOPEDCONTENTITEM
146486 [main] TRACE org.dbunit.database.DatabaseConfig  - getProperty(name=http://www.dbunit.org/properties/metadataHandler) - start
146486 [main] TRACE org.dbunit.database.DefaultMetadataHandler  - tableExists(metaData=org.apache.commons.dbcp.DelegatingDatabaseMetaData@292a4d3e, schemaName=null, tableName=SCOPEDCONTENTITEM) - start
146487 [main] DEBUG org.dbunit.util.SQLHelper  - close(resultSet=org.apache.commons.dbcp.DelegatingResultSet@4d90f2b3) - start
146487 [main] DEBUG org.dbunit.util.SQLHelper  - close(resultSet=org.apache.commons.dbcp.DelegatingResultSet@7846f8e6) - start
146487 [main] DEBUG org.dbunit.util.search.DepthFirstSearch  - reverseSearch:SCOPEDCONTENT_SCOPEDCONTENTITEM
146487 [main] DEBUG org.dbunit.util.search.DepthFirstSearch  - already searched; returning true
146487 [main] DEBUG org.dbunit.util.search.DepthFirstSearch  - reverseSearch:SCOPE
146487 [main] DEBUG org.dbunit.database.search.ImportedKeysSearchCallback  - searchNode(node=SCOPE) - start
146487 [main] DEBUG org.dbunit.util.search.DepthFirstSearch  - Pushing (reverse) SCOPE
146487 [main] DEBUG org.dbunit.database.search.ImportedKeysSearchCallback  - getEdges(node=SCOPE) - start
146487 [main] DEBUG org.dbunit.database.search.AbstractMetaDataBasedSearchCallback  - getNodesFromImportedKeys(node=SCOPE) - start
146487 [main] DEBUG org.dbunit.database.search.AbstractMetaDataBasedSearchCallback  - getNodes(type=0, node=SCOPE) - start
146487 [main] DEBUG org.dbunit.database.DatabaseDataSourceConnection  - getConnection() - start
146488 [main] DEBUG org.dbunit.database.search.AbstractMetaDataBasedSearchCallback  - getNodes(type=0, node=SCOPE, conn=Transaction-aware proxy for target Connection [jdbc:hsqldb:mem:kontrollDS, UserName=sw, HSQL Database Engine Driver], schema=null, metaData=org.apache.commons.dbcp.DelegatingDatabaseMetaData@7b7f01ba, edges=[]) - start
146488 [main] DEBUG org.dbunit.database.search.AbstractMetaDataBasedSearchCallback  - Getting edges for node SCOPE
146488 [main] TRACE org.dbunit.database.DatabaseConfig  - getProperty(name=http://www.dbunit.org/properties/metadataHandler) - start
146488 [main] TRACE org.dbunit.database.DefaultMetadataHandler  - tableExists(metaData=org.apache.commons.dbcp.DelegatingDatabaseMetaData@7b7f01ba, schemaName=null, tableName=SCOPE) - start
146489 [main] DEBUG org.dbunit.util.SQLHelper  - close(resultSet=org.apache.commons.dbcp.DelegatingResultSet@2aaf5586) - start
146489 [main] DEBUG org.dbunit.util.SQLHelper  - close(resultSet=org.apache.commons.dbcp.DelegatingResultSet@4c113aa1) - start
146489 [main] DEBUG org.dbunit.util.search.DepthFirstSearch  - search:SCOPEDCONTENT_SCOPEDCONTENTITEM
146489 [main] DEBUG org.dbunit.util.search.DepthFirstSearch  - already searched; returning true
146489 [main] DEBUG org.dbunit.util.search.DepthFirstSearch  - search:SCOPEDCONTENT
146489 [main] DEBUG org.dbunit.util.search.DepthFirstSearch  - already searched; returning true
146489 [main] DEBUG org.dbunit.util.search.DepthFirstSearch  - search:SCOPEDCONTENTITEM
146489 [main] DEBUG org.dbunit.util.search.DepthFirstSearch  - already searched; returning true
146489 [main] DEBUG org.dbunit.util.search.DepthFirstSearch  - search:SCOPE
146489 [main] DEBUG org.dbunit.util.search.DepthFirstSearch  - already searched; returning true
146489 [main] DEBUG org.dbunit.database.DatabaseSequenceFilter  - getDependencyInfo(connection=_databaseConfig=org.dbunit.database.DatabaseConfig[, _propertyMap={http://www.dbunit.org/properties/statementFactory=org.dbunit.database.statement.PreparedStatementFactory@626bc2b8, http://www.dbunit.org/features/caseSensitiveTableNames=false, http://www.dbunit.org/properties/fetchSize=100, http://www.dbunit.org/features/batchedStatements=false, http://www.dbunit.org/properties/metadataHandler=org.dbunit.database.DefaultMetadataHandler@3bbfdfde, http://www.dbunit.org/properties/datatypeFactory=org.dbunit.dataset.datatype.DefaultDataTypeFactory[_toleratedDeltaMap=org.dbunit.dataset.datatype.ToleratedDeltaMap@6452310a], http://www.dbunit.org/properties/escapePattern=null, http://www.dbunit.org/properties/batchSize=100, http://www.dbunit.org/features/qualifiedTableNames=false, http://www.dbunit.org/properties/tableType=[Ljava.lang.String;@5011bafa, http://www.dbunit.org/properties/resultSetTableFactory=org.dbunit.database.CachedResultSetTableFactory@10bcf083, http://www.dbunit.org/features/datatypeWarning=true}], _dataSet=AbstractDataSet[_orderedTableNameMap=null], tableName=SCOPE_REQUESTCONTEXT) - start
146489 [main] DEBUG org.dbunit.database.search.TablesDependencyHelper  - getDependentTables(connection=_databaseConfig=org.dbunit.database.DatabaseConfig[, _propertyMap={http://www.dbunit.org/properties/statementFactory=org.dbunit.database.statement.PreparedStatementFactory@626bc2b8, http://www.dbunit.org/features/caseSensitiveTableNames=false, http://www.dbunit.org/properties/fetchSize=100, http://www.dbunit.org/features/batchedStatements=false, http://www.dbunit.org/properties/metadataHandler=org.dbunit.database.DefaultMetadataHandler@3bbfdfde, http://www.dbunit.org/properties/datatypeFactory=org.dbunit.dataset.datatype.DefaultDataTypeFactory[_toleratedDeltaMap=org.dbunit.dataset.datatype.ToleratedDeltaMap@6452310a], http://www.dbunit.org/properties/escapePattern=null, http://www.dbunit.org/properties/batchSize=100, http://www.dbunit.org/features/qualifiedTableNames=false, http://www.dbunit.org/properties/tableType=[Ljava.lang.String;@5011bafa, http://www.dbunit.org/properties/resultSetTableFactory=org.dbunit.database.CachedResultSetTableFactory@10bcf083, http://www.dbunit.org/features/datatypeWarning=true}], _dataSet=AbstractDataSet[_orderedTableNameMap=null], rootTable=SCOPE_REQUESTCONTEXT) - start
146489 [main] DEBUG org.dbunit.database.search.TablesDependencyHelper  - getDependentTables(connection=_databaseConfig=org.dbunit.database.DatabaseConfig[, _propertyMap={http://www.dbunit.org/properties/statementFactory=org.dbunit.database.statement.PreparedStatementFactory@626bc2b8, http://www.dbunit.org/features/caseSensitiveTableNames=false, http://www.dbunit.org/properties/fetchSize=100, http://www.dbunit.org/features/batchedStatements=false, http://www.dbunit.org/properties/metadataHandler=org.dbunit.database.DefaultMetadataHandler@3bbfdfde, http://www.dbunit.org/properties/datatypeFactory=org.dbunit.dataset.datatype.DefaultDataTypeFactory[_toleratedDeltaMap=org.dbunit.dataset.datatype.ToleratedDeltaMap@6452310a], http://www.dbunit.org/properties/escapePattern=null, http://www.dbunit.org/properties/batchSize=100, http://www.dbunit.org/features/qualifiedTableNames=false, http://www.dbunit.org/properties/tableType=[Ljava.lang.String;@5011bafa, http://www.dbunit.org/properties/resultSetTableFactory=org.dbunit.database.CachedResultSetTableFactory@10bcf083, http://www.dbunit.org/features/datatypeWarning=true}], _dataSet=AbstractDataSet[_orderedTableNameMap=null], rootTables=[SCOPE_REQUESTCONTEXT]) - start
146490 [main] DEBUG org.dbunit.util.search.DepthFirstSearch  - search(nodesFrom=[SCOPE_REQUESTCONTEXT], callback=org.dbunit.database.search.ImportedKeysSearchCallback@201822ba) - start
146490 [main] DEBUG org.dbunit.util.CollectionsHelper  - objectsToSet(objects=SCOPE_REQUESTCONTEXT) - start
146490 [main] DEBUG org.dbunit.util.search.DepthFirstSearch  - search(nodesFrom=[SCOPE_REQUESTCONTEXT], callback=org.dbunit.database.search.ImportedKeysSearchCallback@201822ba) - start
146490 [main] DEBUG org.dbunit.util.search.DepthFirstSearch  - reverseSearch:SCOPE_REQUESTCONTEXT
146490 [main] DEBUG org.dbunit.database.search.ImportedKeysSearchCallback  - searchNode(node=SCOPE_REQUESTCONTEXT) - start
146490 [main] DEBUG org.dbunit.util.search.DepthFirstSearch  - Pushing (reverse) SCOPE_REQUESTCONTEXT
146490 [main] DEBUG org.dbunit.database.search.ImportedKeysSearchCallback  - getEdges(node=SCOPE_REQUESTCONTEXT) - start
146490 [main] DEBUG org.dbunit.database.search.AbstractMetaDataBasedSearchCallback  - getNodesFromImportedKeys(node=SCOPE_REQUESTCONTEXT) - start
146490 [main] DEBUG org.dbunit.database.search.AbstractMetaDataBasedSearchCallback  - getNodes(type=0, node=SCOPE_REQUESTCONTEXT) - start
146490 [main] DEBUG org.dbunit.database.DatabaseDataSourceConnection  - getConnection() - start
146490 [main] DEBUG org.dbunit.database.search.AbstractMetaDataBasedSearchCallback  - getNodes(type=0, node=SCOPE_REQUESTCONTEXT, conn=Transaction-aware proxy for target Connection [jdbc:hsqldb:mem:kontrollDS, UserName=sw, HSQL Database Engine Driver], schema=null, metaData=org.apache.commons.dbcp.DelegatingDatabaseMetaData@108ff1cc, edges=[]) - start
146490 [main] DEBUG org.dbunit.database.search.AbstractMetaDataBasedSearchCallback  - Getting edges for node SCOPE_REQUESTCONTEXT
146490 [main] TRACE org.dbunit.database.DatabaseConfig  - getProperty(name=http://www.dbunit.org/properties/metadataHandler) - start
146490 [main] TRACE org.dbunit.database.DefaultMetadataHandler  - tableExists(metaData=org.apache.commons.dbcp.DelegatingDatabaseMetaData@108ff1cc, schemaName=null, tableName=SCOPE_REQUESTCONTEXT) - start
146491 [main] DEBUG org.dbunit.util.SQLHelper  - close(resultSet=org.apache.commons.dbcp.DelegatingResultSet@17008f8e) - start
146492 [main] DEBUG org.dbunit.util.QualifiedTableName  - getQualifiedNameIfEnabled(config=org.dbunit.database.DatabaseConfig[, _propertyMap={http://www.dbunit.org/properties/statementFactory=org.dbunit.database.statement.PreparedStatementFactory@626bc2b8, http://www.dbunit.org/features/caseSensitiveTableNames=false, http://www.dbunit.org/properties/fetchSize=100, http://www.dbunit.org/features/batchedStatements=false, http://www.dbunit.org/properties/metadataHandler=org.dbunit.database.DefaultMetadataHandler@3bbfdfde, http://www.dbunit.org/properties/datatypeFactory=org.dbunit.dataset.datatype.DefaultDataTypeFactory[_toleratedDeltaMap=org.dbunit.dataset.datatype.ToleratedDeltaMap@6452310a], http://www.dbunit.org/properties/escapePattern=null, http://www.dbunit.org/properties/batchSize=100, http://www.dbunit.org/features/qualifiedTableNames=false, http://www.dbunit.org/properties/tableType=[Ljava.lang.String;@5011bafa, http://www.dbunit.org/properties/resultSetTableFactory=org.dbunit.database.CachedResultSetTableFactory@10bcf083, http://www.dbunit.org/features/datatypeWarning=true}]) - start
146492 [main] TRACE org.dbunit.database.DatabaseConfig  - getFeature(name=http://www.dbunit.org/features/qualifiedTableNames) - start
146492 [main] TRACE org.dbunit.database.DatabaseConfig  - getProperty(name=http://www.dbunit.org/features/qualifiedTableNames) - start
146492 [main] DEBUG org.dbunit.util.QualifiedTableName  - Qualified table names feature is disabled. Returning plain table name
146492 [main] DEBUG org.dbunit.util.QualifiedTableName  - getQualifiedName(prefix=null, name=SCOPE_REQUESTCONTEXT, escapePattern=null) - start
146492 [main] DEBUG org.dbunit.util.QualifiedTableName  - getQualifiedNameIfEnabled(config=org.dbunit.database.DatabaseConfig[, _propertyMap={http://www.dbunit.org/properties/statementFactory=org.dbunit.database.statement.PreparedStatementFactory@626bc2b8, http://www.dbunit.org/features/caseSensitiveTableNames=false, http://www.dbunit.org/properties/fetchSize=100, http://www.dbunit.org/features/batchedStatements=false, http://www.dbunit.org/properties/metadataHandler=org.dbunit.database.DefaultMetadataHandler@3bbfdfde, http://www.dbunit.org/properties/datatypeFactory=org.dbunit.dataset.datatype.DefaultDataTypeFactory[_toleratedDeltaMap=org.dbunit.dataset.datatype.ToleratedDeltaMap@6452310a], http://www.dbunit.org/properties/escapePattern=null, http://www.dbunit.org/properties/batchSize=100, http://www.dbunit.org/features/qualifiedTableNames=false, http://www.dbunit.org/properties/tableType=[Ljava.lang.String;@5011bafa, http://www.dbunit.org/properties/resultSetTableFactory=org.dbunit.database.CachedResultSetTableFactory@10bcf083, http://www.dbunit.org/features/datatypeWarning=true}]) - start
146492 [main] TRACE org.dbunit.database.DatabaseConfig  - getFeature(name=http://www.dbunit.org/features/qualifiedTableNames) - start
146492 [main] TRACE org.dbunit.database.DatabaseConfig  - getProperty(name=http://www.dbunit.org/features/qualifiedTableNames) - start
146492 [main] DEBUG org.dbunit.util.QualifiedTableName  - Qualified table names feature is disabled. Returning plain table name
146492 [main] DEBUG org.dbunit.util.QualifiedTableName  - getQualifiedName(prefix=null, name=REQUESTCONTEXT, escapePattern=null) - start
146492 [main] DEBUG org.dbunit.database.search.AbstractMetaDataBasedSearchCallback  - newEdge(rs=org.apache.commons.dbcp.DelegatingResultSet@2bc7e227, type=0, from=SCOPE_REQUESTCONTEXT, to=REQUESTCONTEXT, fkColumn=REQUEST_CONTEXT_ID, pkColumn=ID) - start
146492 [main] DEBUG org.dbunit.database.search.AbstractMetaDataBasedSearchCallback  - createFKEdge(rs=org.apache.commons.dbcp.DelegatingResultSet@2bc7e227, type=0, from=SCOPE_REQUESTCONTEXT, to=REQUESTCONTEXT, fkColumn=REQUEST_CONTEXT_ID, pkColumn=ID) - start
146492 [main] DEBUG org.dbunit.database.search.AbstractMetaDataBasedSearchCallback  - Adding edge SCOPE_REQUESTCONTEXT(REQUEST_CONTEXT_ID)->REQUESTCONTEXT(ID)
146492 [main] DEBUG org.dbunit.util.search.Edge  - compareTo(o=SCOPE_REQUESTCONTEXT(REQUEST_CONTEXT_ID)->REQUESTCONTEXT(ID)) - start
146492 [main] DEBUG org.dbunit.util.QualifiedTableName  - getQualifiedNameIfEnabled(config=org.dbunit.database.DatabaseConfig[, _propertyMap={http://www.dbunit.org/properties/statementFactory=org.dbunit.database.statement.PreparedStatementFactory@626bc2b8, http://www.dbunit.org/features/caseSensitiveTableNames=false, http://www.dbunit.org/properties/fetchSize=100, http://www.dbunit.org/features/batchedStatements=false, http://www.dbunit.org/properties/metadataHandler=org.dbunit.database.DefaultMetadataHandler@3bbfdfde, http://www.dbunit.org/properties/datatypeFactory=org.dbunit.dataset.datatype.DefaultDataTypeFactory[_toleratedDeltaMap=org.dbunit.dataset.datatype.ToleratedDeltaMap@6452310a], http://www.dbunit.org/properties/escapePattern=null, http://www.dbunit.org/properties/batchSize=100, http://www.dbunit.org/features/qualifiedTableNames=false, http://www.dbunit.org/properties/tableType=[Ljava.lang.String;@5011bafa, http://www.dbunit.org/properties/resultSetTableFactory=org.dbunit.database.CachedResultSetTableFactory@10bcf083, http://www.dbunit.org/features/datatypeWarning=true}]) - start
146492 [main] TRACE org.dbunit.database.DatabaseConfig  - getFeature(name=http://www.dbunit.org/features/qualifiedTableNames) - start
146492 [main] TRACE org.dbunit.database.DatabaseConfig  - getProperty(name=http://www.dbunit.org/features/qualifiedTableNames) - start
146492 [main] DEBUG org.dbunit.util.QualifiedTableName  - Qualified table names feature is disabled. Returning plain table name
146492 [main] DEBUG org.dbunit.util.QualifiedTableName  - getQualifiedName(prefix=null, name=SCOPE_REQUESTCONTEXT, escapePattern=null) - start
146492 [main] DEBUG org.dbunit.util.QualifiedTableName  - getQualifiedNameIfEnabled(config=org.dbunit.database.DatabaseConfig[, _propertyMap={http://www.dbunit.org/properties/statementFactory=org.dbunit.database.statement.PreparedStatementFactory@626bc2b8, http://www.dbunit.org/features/caseSensitiveTableNames=false, http://www.dbunit.org/properties/fetchSize=100, http://www.dbunit.org/features/batchedStatements=false, http://www.dbunit.org/properties/metadataHandler=org.dbunit.database.DefaultMetadataHandler@3bbfdfde, http://www.dbunit.org/properties/datatypeFactory=org.dbunit.dataset.datatype.DefaultDataTypeFactory[_toleratedDeltaMap=org.dbunit.dataset.datatype.ToleratedDeltaMap@6452310a], http://www.dbunit.org/properties/escapePattern=null, http://www.dbunit.org/properties/batchSize=100, http://www.dbunit.org/features/qualifiedTableNames=false, http://www.dbunit.org/properties/tableType=[Ljava.lang.String;@5011bafa, http://www.dbunit.org/properties/resultSetTableFactory=org.dbunit.database.CachedResultSetTableFactory@10bcf083, http://www.dbunit.org/features/datatypeWarning=true}]) - start
146492 [main] TRACE org.dbunit.database.DatabaseConfig  - getFeature(name=http://www.dbunit.org/features/qualifiedTableNames) - start
146493 [main] TRACE org.dbunit.database.DatabaseConfig  - getProperty(name=http://www.dbunit.org/features/qualifiedTableNames) - start
146493 [main] DEBUG org.dbunit.util.QualifiedTableName  - Qualified table names feature is disabled. Returning plain table name
146493 [main] DEBUG org.dbunit.util.QualifiedTableName  - getQualifiedName(prefix=null, name=SCOPE, escapePattern=null) - start
146493 [main] DEBUG org.dbunit.database.search.AbstractMetaDataBasedSearchCallback  - newEdge(rs=org.apache.commons.dbcp.DelegatingResultSet@2bc7e227, type=0, from=SCOPE_REQUESTCONTEXT, to=SCOPE, fkColumn=SCOPE_ID, pkColumn=ID) - start
146493 [main] DEBUG org.dbunit.database.search.AbstractMetaDataBasedSearchCallback  - createFKEdge(rs=org.apache.commons.dbcp.DelegatingResultSet@2bc7e227, type=0, from=SCOPE_REQUESTCONTEXT, to=SCOPE, fkColumn=SCOPE_ID, pkColumn=ID) - start
146493 [main] DEBUG org.dbunit.database.search.AbstractMetaDataBasedSearchCallback  - Adding edge SCOPE_REQUESTCONTEXT(SCOPE_ID)->SCOPE(ID)
146493 [main] DEBUG org.dbunit.util.search.Edge  - compareTo(o=SCOPE_REQUESTCONTEXT(REQUEST_CONTEXT_ID)->REQUESTCONTEXT(ID)) - start
146493 [main] DEBUG org.dbunit.util.SQLHelper  - close(resultSet=org.apache.commons.dbcp.DelegatingResultSet@2bc7e227) - start
146493 [main] DEBUG org.dbunit.util.search.DepthFirstSearch  - search:SCOPE_REQUESTCONTEXT
146493 [main] DEBUG org.dbunit.database.search.ImportedKeysSearchCallback  - searchNode(node=SCOPE_REQUESTCONTEXT) - start
146493 [main] DEBUG org.dbunit.util.search.DepthFirstSearch  - Pushing SCOPE_REQUESTCONTEXT
146493 [main] DEBUG org.dbunit.database.search.ImportedKeysSearchCallback  - getEdges(node=SCOPE_REQUESTCONTEXT) - start
146493 [main] DEBUG org.dbunit.database.search.AbstractMetaDataBasedSearchCallback  - getNodesFromImportedKeys(node=SCOPE_REQUESTCONTEXT) - start
146493 [main] DEBUG org.dbunit.database.search.AbstractMetaDataBasedSearchCallback  - getNodes(type=0, node=SCOPE_REQUESTCONTEXT) - start
146493 [main] DEBUG org.dbunit.database.DatabaseDataSourceConnection  - getConnection() - start
146493 [main] DEBUG org.dbunit.database.search.AbstractMetaDataBasedSearchCallback  - getNodes(type=0, node=SCOPE_REQUESTCONTEXT, conn=Transaction-aware proxy for target Connection [jdbc:hsqldb:mem:kontrollDS, UserName=sw, HSQL Database Engine Driver], schema=null, metaData=org.apache.commons.dbcp.DelegatingDatabaseMetaData@4fd084e5, edges=[]) - start
146493 [main] DEBUG org.dbunit.database.search.AbstractMetaDataBasedSearchCallback  - Getting edges for node SCOPE_REQUESTCONTEXT
146493 [main] TRACE org.dbunit.database.DatabaseConfig  - getProperty(name=http://www.dbunit.org/properties/metadataHandler) - start
146493 [main] TRACE org.dbunit.database.DefaultMetadataHandler  - tableExists(metaData=org.apache.commons.dbcp.DelegatingDatabaseMetaData@4fd084e5, schemaName=null, tableName=SCOPE_REQUESTCONTEXT) - start
146494 [main] DEBUG org.dbunit.util.SQLHelper  - close(resultSet=org.apache.commons.dbcp.DelegatingResultSet@5356a390) - start
146495 [main] DEBUG org.dbunit.util.QualifiedTableName  - getQualifiedNameIfEnabled(config=org.dbunit.database.DatabaseConfig[, _propertyMap={http://www.dbunit.org/properties/statementFactory=org.dbunit.database.statement.PreparedStatementFactory@626bc2b8, http://www.dbunit.org/features/caseSensitiveTableNames=false, http://www.dbunit.org/properties/fetchSize=100, http://www.dbunit.org/features/batchedStatements=false, http://www.dbunit.org/properties/metadataHandler=org.dbunit.database.DefaultMetadataHandler@3bbfdfde, http://www.dbunit.org/properties/datatypeFactory=org.dbunit.dataset.datatype.DefaultDataTypeFactory[_toleratedDeltaMap=org.dbunit.dataset.datatype.ToleratedDeltaMap@6452310a], http://www.dbunit.org/properties/escapePattern=null, http://www.dbunit.org/properties/batchSize=100, http://www.dbunit.org/features/qualifiedTableNames=false, http://www.dbunit.org/properties/tableType=[Ljava.lang.String;@5011bafa, http://www.dbunit.org/properties/resultSetTableFactory=org.dbunit.database.CachedResultSetTableFactory@10bcf083, http://www.dbunit.org/features/datatypeWarning=true}]) - start
146495 [main] TRACE org.dbunit.database.DatabaseConfig  - getFeature(name=http://www.dbunit.org/features/qualifiedTableNames) - start
146495 [main] TRACE org.dbunit.database.DatabaseConfig  - getProperty(name=http://www.dbunit.org/features/qualifiedTableNames) - start
146495 [main] DEBUG org.dbunit.util.QualifiedTableName  - Qualified table names feature is disabled. Returning plain table name
146495 [main] DEBUG org.dbunit.util.QualifiedTableName  - getQualifiedName(prefix=null, name=SCOPE_REQUESTCONTEXT, escapePattern=null) - start
146495 [main] DEBUG org.dbunit.util.QualifiedTableName  - getQualifiedNameIfEnabled(config=org.dbunit.database.DatabaseConfig[, _propertyMap={http://www.dbunit.org/properties/statementFactory=org.dbunit.database.statement.PreparedStatementFactory@626bc2b8, http://www.dbunit.org/features/caseSensitiveTableNames=false, http://www.dbunit.org/properties/fetchSize=100, http://www.dbunit.org/features/batchedStatements=false, http://www.dbunit.org/properties/metadataHandler=org.dbunit.database.DefaultMetadataHandler@3bbfdfde, http://www.dbunit.org/properties/datatypeFactory=org.dbunit.dataset.datatype.DefaultDataTypeFactory[_toleratedDeltaMap=org.dbunit.dataset.datatype.ToleratedDeltaMap@6452310a], http://www.dbunit.org/properties/escapePattern=null, http://www.dbunit.org/properties/batchSize=100, http://www.dbunit.org/features/qualifiedTableNames=false, http://www.dbunit.org/properties/tableType=[Ljava.lang.String;@5011bafa, http://www.dbunit.org/properties/resultSetTableFactory=org.dbunit.database.CachedResultSetTableFactory@10bcf083, http://www.dbunit.org/features/datatypeWarning=true}]) - start
146495 [main] TRACE org.dbunit.database.DatabaseConfig  - getFeature(name=http://www.dbunit.org/features/qualifiedTableNames) - start
146495 [main] TRACE org.dbunit.database.DatabaseConfig  - getProperty(name=http://www.dbunit.org/features/qualifiedTableNames) - start
146495 [main] DEBUG org.dbunit.util.QualifiedTableName  - Qualified table names feature is disabled. Returning plain table name
146495 [main] DEBUG org.dbunit.util.QualifiedTableName  - getQualifiedName(prefix=null, name=REQUESTCONTEXT, escapePattern=null) - start
146495 [main] DEBUG org.dbunit.database.search.AbstractMetaDataBasedSearchCallback  - newEdge(rs=org.apache.commons.dbcp.DelegatingResultSet@5af4ea3b, type=0, from=SCOPE_REQUESTCONTEXT, to=REQUESTCONTEXT, fkColumn=REQUEST_CONTEXT_ID, pkColumn=ID) - start
146495 [main] DEBUG org.dbunit.database.search.AbstractMetaDataBasedSearchCallback  - createFKEdge(rs=org.apache.commons.dbcp.DelegatingResultSet@5af4ea3b, type=0, from=SCOPE_REQUESTCONTEXT, to=REQUESTCONTEXT, fkColumn=REQUEST_CONTEXT_ID, pkColumn=ID) - start
146495 [main] DEBUG org.dbunit.database.search.AbstractMetaDataBasedSearchCallback  - Adding edge SCOPE_REQUESTCONTEXT(REQUEST_CONTEXT_ID)->REQUESTCONTEXT(ID)
146495 [main] DEBUG org.dbunit.util.search.Edge  - compareTo(o=SCOPE_REQUESTCONTEXT(REQUEST_CONTEXT_ID)->REQUESTCONTEXT(ID)) - start
146495 [main] DEBUG org.dbunit.util.QualifiedTableName  - getQualifiedNameIfEnabled(config=org.dbunit.database.DatabaseConfig[, _propertyMap={http://www.dbunit.org/properties/statementFactory=org.dbunit.database.statement.PreparedStatementFactory@626bc2b8, http://www.dbunit.org/features/caseSensitiveTableNames=false, http://www.dbunit.org/properties/fetchSize=100, http://www.dbunit.org/features/batchedStatements=false, http://www.dbunit.org/properties/metadataHandler=org.dbunit.database.DefaultMetadataHandler@3bbfdfde, http://www.dbunit.org/properties/datatypeFactory=org.dbunit.dataset.datatype.DefaultDataTypeFactory[_toleratedDeltaMap=org.dbunit.dataset.datatype.ToleratedDeltaMap@6452310a], http://www.dbunit.org/properties/escapePattern=null, http://www.dbunit.org/properties/batchSize=100, http://www.dbunit.org/features/qualifiedTableNames=false, http://www.dbunit.org/properties/tableType=[Ljava.lang.String;@5011bafa, http://www.dbunit.org/properties/resultSetTableFactory=org.dbunit.database.CachedResultSetTableFactory@10bcf083, http://www.dbunit.org/features/datatypeWarning=true}]) - start
146495 [main] TRACE org.dbunit.database.DatabaseConfig  - getFeature(name=http://www.dbunit.org/features/qualifiedTableNames) - start
146495 [main] TRACE org.dbunit.database.DatabaseConfig  - getProperty(name=http://www.dbunit.org/features/qualifiedTableNames) - start
146495 [main] DEBUG org.dbunit.util.QualifiedTableName  - Qualified table names feature is disabled. Returning plain table name
146495 [main] DEBUG org.dbunit.util.QualifiedTableName  - getQualifiedName(prefix=null, name=SCOPE_REQUESTCONTEXT, escapePattern=null) - start
146495 [main] DEBUG org.dbunit.util.QualifiedTableName  - getQualifiedNameIfEnabled(config=org.dbunit.database.DatabaseConfig[, _propertyMap={http://www.dbunit.org/properties/statementFactory=org.dbunit.database.statement.PreparedStatementFactory@626bc2b8, http://www.dbunit.org/features/caseSensitiveTableNames=false, http://www.dbunit.org/properties/fetchSize=100, http://www.dbunit.org/features/batchedStatements=false, http://www.dbunit.org/properties/metadataHandler=org.dbunit.database.DefaultMetadataHandler@3bbfdfde, http://www.dbunit.org/properties/datatypeFactory=org.dbunit.dataset.datatype.DefaultDataTypeFactory[_toleratedDeltaMap=org.dbunit.dataset.datatype.ToleratedDeltaMap@6452310a], http://www.dbunit.org/properties/escapePattern=null, http://www.dbunit.org/properties/batchSize=100, http://www.dbunit.org/features/qualifiedTableNames=false, http://www.dbunit.org/properties/tableType=[Ljava.lang.String;@5011bafa, http://www.dbunit.org/properties/resultSetTableFactory=org.dbunit.database.CachedResultSetTableFactory@10bcf083, http://www.dbunit.org/features/datatypeWarning=true}]) - start
146495 [main] TRACE org.dbunit.database.DatabaseConfig  - getFeature(name=http://www.dbunit.org/features/qualifiedTableNames) - start
146495 [main] TRACE org.dbunit.database.DatabaseConfig  - getProperty(name=http://www.dbunit.org/features/qualifiedTableNames) - start
146496 [main] DEBUG org.dbunit.util.QualifiedTableName  - Qualified table names feature is disabled. Returning plain table name
146496 [main] DEBUG org.dbunit.util.QualifiedTableName  - getQualifiedName(prefix=null, name=SCOPE, escapePattern=null) - start
146496 [main] DEBUG org.dbunit.database.search.AbstractMetaDataBasedSearchCallback  - newEdge(rs=org.apache.commons.dbcp.DelegatingResultSet@5af4ea3b, type=0, from=SCOPE_REQUESTCONTEXT, to=SCOPE, fkColumn=SCOPE_ID, pkColumn=ID) - start
146496 [main] DEBUG org.dbunit.database.search.AbstractMetaDataBasedSearchCallback  - createFKEdge(rs=org.apache.commons.dbcp.DelegatingResultSet@5af4ea3b, type=0, from=SCOPE_REQUESTCONTEXT, to=SCOPE, fkColumn=SCOPE_ID, pkColumn=ID) - start
146496 [main] DEBUG org.dbunit.database.search.AbstractMetaDataBasedSearchCallback  - Adding edge SCOPE_REQUESTCONTEXT(SCOPE_ID)->SCOPE(ID)
146496 [main] DEBUG org.dbunit.util.search.Edge  - compareTo(o=SCOPE_REQUESTCONTEXT(REQUEST_CONTEXT_ID)->REQUESTCONTEXT(ID)) - start
146496 [main] DEBUG org.dbunit.util.SQLHelper  - close(resultSet=org.apache.commons.dbcp.DelegatingResultSet@5af4ea3b) - start
146496 [main] DEBUG org.dbunit.util.search.DepthFirstSearch  - search:REQUESTCONTEXT
146496 [main] DEBUG org.dbunit.database.search.ImportedKeysSearchCallback  - searchNode(node=REQUESTCONTEXT) - start
146496 [main] DEBUG org.dbunit.util.search.DepthFirstSearch  - Pushing REQUESTCONTEXT
146496 [main] DEBUG org.dbunit.database.search.ImportedKeysSearchCallback  - getEdges(node=REQUESTCONTEXT) - start
146496 [main] DEBUG org.dbunit.database.search.AbstractMetaDataBasedSearchCallback  - getNodesFromImportedKeys(node=REQUESTCONTEXT) - start
146496 [main] DEBUG org.dbunit.database.search.AbstractMetaDataBasedSearchCallback  - getNodes(type=0, node=REQUESTCONTEXT) - start
146496 [main] DEBUG org.dbunit.database.DatabaseDataSourceConnection  - getConnection() - start
146496 [main] DEBUG org.dbunit.database.search.AbstractMetaDataBasedSearchCallback  - getNodes(type=0, node=REQUESTCONTEXT, conn=Transaction-aware proxy for target Connection [jdbc:hsqldb:mem:kontrollDS, UserName=sw, HSQL Database Engine Driver], schema=null, metaData=org.apache.commons.dbcp.DelegatingDatabaseMetaData@53df624, edges=[]) - start
146496 [main] DEBUG org.dbunit.database.search.AbstractMetaDataBasedSearchCallback  - Getting edges for node REQUESTCONTEXT
146496 [main] TRACE org.dbunit.database.DatabaseConfig  - getProperty(name=http://www.dbunit.org/properties/metadataHandler) - start
146496 [main] TRACE org.dbunit.database.DefaultMetadataHandler  - tableExists(metaData=org.apache.commons.dbcp.DelegatingDatabaseMetaData@53df624, schemaName=null, tableName=REQUESTCONTEXT) - start
146497 [main] DEBUG org.dbunit.util.SQLHelper  - close(resultSet=org.apache.commons.dbcp.DelegatingResultSet@7be164a9) - start
146498 [main] DEBUG org.dbunit.util.SQLHelper  - close(resultSet=org.apache.commons.dbcp.DelegatingResultSet@758f8f8d) - start
146498 [main] DEBUG org.dbunit.util.search.DepthFirstSearch  - Adding node REQUESTCONTEXT to the final result
146498 [main] DEBUG org.dbunit.util.search.DepthFirstSearch  - search:SCOPE
146498 [main] DEBUG org.dbunit.database.search.ImportedKeysSearchCallback  - searchNode(node=SCOPE) - start
146498 [main] DEBUG org.dbunit.util.search.DepthFirstSearch  - Pushing SCOPE
146498 [main] DEBUG org.dbunit.database.search.ImportedKeysSearchCallback  - getEdges(node=SCOPE) - start
146498 [main] DEBUG org.dbunit.database.search.AbstractMetaDataBasedSearchCallback  - getNodesFromImportedKeys(node=SCOPE) - start
146498 [main] DEBUG org.dbunit.database.search.AbstractMetaDataBasedSearchCallback  - getNodes(type=0, node=SCOPE) - start
146498 [main] DEBUG org.dbunit.database.DatabaseDataSourceConnection  - getConnection() - start
146498 [main] DEBUG org.dbunit.database.search.AbstractMetaDataBasedSearchCallback  - getNodes(type=0, node=SCOPE, conn=Transaction-aware proxy for target Connection [jdbc:hsqldb:mem:kontrollDS, UserName=sw, HSQL Database Engine Driver], schema=null, metaData=org.apache.commons.dbcp.DelegatingDatabaseMetaData@2419ae47, edges=[]) - start
146498 [main] DEBUG org.dbunit.database.search.AbstractMetaDataBasedSearchCallback  - Getting edges for node SCOPE
146498 [main] TRACE org.dbunit.database.DatabaseConfig  - getProperty(name=http://www.dbunit.org/properties/metadataHandler) - start
146499 [main] TRACE org.dbunit.database.DefaultMetadataHandler  - tableExists(metaData=org.apache.commons.dbcp.DelegatingDatabaseMetaData@2419ae47, schemaName=null, tableName=SCOPE) - start
146500 [main] DEBUG org.dbunit.util.SQLHelper  - close(resultSet=org.apache.commons.dbcp.DelegatingResultSet@71c2c82e) - start
146500 [main] DEBUG org.dbunit.util.SQLHelper  - close(resultSet=org.apache.commons.dbcp.DelegatingResultSet@7f239e5c) - start
146500 [main] DEBUG org.dbunit.util.search.DepthFirstSearch  - Adding node SCOPE to the final result
146500 [main] DEBUG org.dbunit.util.search.DepthFirstSearch  - Adding node SCOPE_REQUESTCONTEXT to the final result
146500 [main] DEBUG org.dbunit.util.search.DepthFirstSearch  - reverseSearch:REQUESTCONTEXT
146500 [main] DEBUG org.dbunit.database.search.ImportedKeysSearchCallback  - searchNode(node=REQUESTCONTEXT) - start
146500 [main] DEBUG org.dbunit.util.search.DepthFirstSearch  - Pushing (reverse) REQUESTCONTEXT
146500 [main] DEBUG org.dbunit.database.search.ImportedKeysSearchCallback  - getEdges(node=REQUESTCONTEXT) - start
146500 [main] DEBUG org.dbunit.database.search.AbstractMetaDataBasedSearchCallback  - getNodesFromImportedKeys(node=REQUESTCONTEXT) - start
146500 [main] DEBUG org.dbunit.database.search.AbstractMetaDataBasedSearchCallback  - getNodes(type=0, node=REQUESTCONTEXT) - start
146500 [main] DEBUG org.dbunit.database.DatabaseDataSourceConnection  - getConnection() - start
146500 [main] DEBUG org.dbunit.database.search.AbstractMetaDataBasedSearchCallback  - getNodes(type=0, node=REQUESTCONTEXT, conn=Transaction-aware proxy for target Connection [jdbc:hsqldb:mem:kontrollDS, UserName=sw, HSQL Database Engine Driver], schema=null, metaData=org.apache.commons.dbcp.DelegatingDatabaseMetaData@7b71eb39, edges=[]) - start
146500 [main] DEBUG org.dbunit.database.search.AbstractMetaDataBasedSearchCallback  - Getting edges for node REQUESTCONTEXT
146500 [main] TRACE org.dbunit.database.DatabaseConfig  - getProperty(name=http://www.dbunit.org/properties/metadataHandler) - start
146500 [main] TRACE org.dbunit.database.DefaultMetadataHandler  - tableExists(metaData=org.apache.commons.dbcp.DelegatingDatabaseMetaData@7b71eb39, schemaName=null, tableName=REQUESTCONTEXT) - start
146501 [main] DEBUG org.dbunit.util.SQLHelper  - close(resultSet=org.apache.commons.dbcp.DelegatingResultSet@476c335d) - start
146502 [main] DEBUG org.dbunit.util.SQLHelper  - close(resultSet=org.apache.commons.dbcp.DelegatingResultSet@9a27cc2) - start
146502 [main] DEBUG org.dbunit.util.search.DepthFirstSearch  - reverseSearch:SCOPE_REQUESTCONTEXT
146502 [main] DEBUG org.dbunit.util.search.DepthFirstSearch  - already searched; returning true
146502 [main] DEBUG org.dbunit.util.search.DepthFirstSearch  - reverseSearch:SCOPE
146502 [main] DEBUG org.dbunit.database.search.ImportedKeysSearchCallback  - searchNode(node=SCOPE) - start
146502 [main] DEBUG org.dbunit.util.search.DepthFirstSearch  - Pushing (reverse) SCOPE
146502 [main] DEBUG org.dbunit.database.search.ImportedKeysSearchCallback  - getEdges(node=SCOPE) - start
146502 [main] DEBUG org.dbunit.database.search.AbstractMetaDataBasedSearchCallback  - getNodesFromImportedKeys(node=SCOPE) - start
146502 [main] DEBUG org.dbunit.database.search.AbstractMetaDataBasedSearchCallback  - getNodes(type=0, node=SCOPE) - start
146502 [main] DEBUG org.dbunit.database.DatabaseDataSourceConnection  - getConnection() - start
146502 [main] DEBUG org.dbunit.database.search.AbstractMetaDataBasedSearchCallback  - getNodes(type=0, node=SCOPE, conn=Transaction-aware proxy for target Connection [jdbc:hsqldb:mem:kontrollDS, UserName=sw, HSQL Database Engine Driver], schema=null, metaData=org.apache.commons.dbcp.DelegatingDatabaseMetaData@aaca97f, edges=[]) - start
146502 [main] DEBUG org.dbunit.database.search.AbstractMetaDataBasedSearchCallback  - Getting edges for node SCOPE
146502 [main] TRACE org.dbunit.database.DatabaseConfig  - getProperty(name=http://www.dbunit.org/properties/metadataHandler) - start
146502 [main] TRACE org.dbunit.database.DefaultMetadataHandler  - tableExists(metaData=org.apache.commons.dbcp.DelegatingDatabaseMetaData@aaca97f, schemaName=null, tableName=SCOPE) - start
146503 [main] DEBUG org.dbunit.util.SQLHelper  - close(resultSet=org.apache.commons.dbcp.DelegatingResultSet@4c83c954) - start
146503 [main] DEBUG org.dbunit.util.SQLHelper  - close(resultSet=org.apache.commons.dbcp.DelegatingResultSet@79f618ce) - start
146503 [main] DEBUG org.dbunit.util.search.DepthFirstSearch  - search:SCOPE_REQUESTCONTEXT
146503 [main] DEBUG org.dbunit.util.search.DepthFirstSearch  - already searched; returning true
146503 [main] DEBUG org.dbunit.util.search.DepthFirstSearch  - search:REQUESTCONTEXT
146503 [main] DEBUG org.dbunit.util.search.DepthFirstSearch  - already searched; returning true
146504 [main] DEBUG org.dbunit.util.search.DepthFirstSearch  - search:SCOPE
146504 [main] DEBUG org.dbunit.util.search.DepthFirstSearch  - already searched; returning true
146504 [main] DEBUG org.dbunit.util.CollectionsHelper  - setToStrings(set=[REQUESTCONTEXT, SCOPE, SCOPE_REQUESTCONTEXT]) - start
146504 [main] DEBUG org.dbunit.database.search.TablesDependencyHelper  - getDependsOnTables(connection=_databaseConfig=org.dbunit.database.DatabaseConfig[, _propertyMap={http://www.dbunit.org/properties/statementFactory=org.dbunit.database.statement.PreparedStatementFactory@626bc2b8, http://www.dbunit.org/features/caseSensitiveTableNames=false, http://www.dbunit.org/properties/fetchSize=100, http://www.dbunit.org/features/batchedStatements=false, http://www.dbunit.org/properties/metadataHandler=org.dbunit.database.DefaultMetadataHandler@3bbfdfde, http://www.dbunit.org/properties/datatypeFactory=org.dbunit.dataset.datatype.DefaultDataTypeFactory[_toleratedDeltaMap=org.dbunit.dataset.datatype.ToleratedDeltaMap@6452310a], http://www.dbunit.org/properties/escapePattern=null, http://www.dbunit.org/properties/batchSize=100, http://www.dbunit.org/features/qualifiedTableNames=false, http://www.dbunit.org/properties/tableType=[Ljava.lang.String;@5011bafa, http://www.dbunit.org/properties/resultSetTableFactory=org.dbunit.database.CachedResultSetTableFactory@10bcf083, http://www.dbunit.org/features/datatypeWarning=true}], _dataSet=AbstractDataSet[_orderedTableNameMap=null], rootTable=SCOPE_REQUESTCONTEXT) - start
146504 [main] DEBUG org.dbunit.util.search.DepthFirstSearch  - search(nodesFrom=[SCOPE_REQUESTCONTEXT], callback=org.dbunit.database.search.ExportedKeysSearchCallback@3e8ae8a2) - start
146504 [main] DEBUG org.dbunit.util.CollectionsHelper  - objectsToSet(objects=SCOPE_REQUESTCONTEXT) - start
146504 [main] DEBUG org.dbunit.util.search.DepthFirstSearch  - search(nodesFrom=[SCOPE_REQUESTCONTEXT], callback=org.dbunit.database.search.ExportedKeysSearchCallback@3e8ae8a2) - start
146504 [main] DEBUG org.dbunit.util.search.DepthFirstSearch  - reverseSearch:SCOPE_REQUESTCONTEXT
146504 [main] DEBUG org.dbunit.database.search.ExportedKeysSearchCallback  - searchNode(node=SCOPE_REQUESTCONTEXT) - start
146504 [main] DEBUG org.dbunit.util.search.DepthFirstSearch  - Pushing (reverse) SCOPE_REQUESTCONTEXT
146504 [main] DEBUG org.dbunit.database.search.ExportedKeysSearchCallback  - getEdges(node=SCOPE_REQUESTCONTEXT) - start
146504 [main] DEBUG org.dbunit.database.search.AbstractMetaDataBasedSearchCallback  - getNodesFromExportedKeys(node=SCOPE_REQUESTCONTEXT) - start
146504 [main] DEBUG org.dbunit.database.search.AbstractMetaDataBasedSearchCallback  - getNodes(type=1, node=SCOPE_REQUESTCONTEXT) - start
146504 [main] DEBUG org.dbunit.database.DatabaseDataSourceConnection  - getConnection() - start
146504 [main] DEBUG org.dbunit.database.search.AbstractMetaDataBasedSearchCallback  - getNodes(type=1, node=SCOPE_REQUESTCONTEXT, conn=Transaction-aware proxy for target Connection [jdbc:hsqldb:mem:kontrollDS, UserName=sw, HSQL Database Engine Driver], schema=null, metaData=org.apache.commons.dbcp.DelegatingDatabaseMetaData@11af03c2, edges=[]) - start
146504 [main] DEBUG org.dbunit.database.search.AbstractMetaDataBasedSearchCallback  - Getting edges for node SCOPE_REQUESTCONTEXT
146504 [main] TRACE org.dbunit.database.DatabaseConfig  - getProperty(name=http://www.dbunit.org/properties/metadataHandler) - start
146504 [main] TRACE org.dbunit.database.DefaultMetadataHandler  - tableExists(metaData=org.apache.commons.dbcp.DelegatingDatabaseMetaData@11af03c2, schemaName=null, tableName=SCOPE_REQUESTCONTEXT) - start
146505 [main] DEBUG org.dbunit.util.SQLHelper  - close(resultSet=org.apache.commons.dbcp.DelegatingResultSet@131bf6d9) - start
146505 [main] DEBUG org.dbunit.util.SQLHelper  - close(resultSet=org.apache.commons.dbcp.DelegatingResultSet@3f2a06b1) - start
146506 [main] DEBUG org.dbunit.util.search.DepthFirstSearch  - search:SCOPE_REQUESTCONTEXT
146506 [main] DEBUG org.dbunit.database.search.ExportedKeysSearchCallback  - searchNode(node=SCOPE_REQUESTCONTEXT) - start
146506 [main] DEBUG org.dbunit.util.search.DepthFirstSearch  - Pushing SCOPE_REQUESTCONTEXT
146506 [main] DEBUG org.dbunit.database.search.ExportedKeysSearchCallback  - getEdges(node=SCOPE_REQUESTCONTEXT) - start
146506 [main] DEBUG org.dbunit.database.search.AbstractMetaDataBasedSearchCallback  - getNodesFromExportedKeys(node=SCOPE_REQUESTCONTEXT) - start
146506 [main] DEBUG org.dbunit.database.search.AbstractMetaDataBasedSearchCallback  - getNodes(type=1, node=SCOPE_REQUESTCONTEXT) - start
146506 [main] DEBUG org.dbunit.database.DatabaseDataSourceConnection  - getConnection() - start
146506 [main] DEBUG org.dbunit.database.search.AbstractMetaDataBasedSearchCallback  - getNodes(type=1, node=SCOPE_REQUESTCONTEXT, conn=Transaction-aware proxy for target Connection [jdbc:hsqldb:mem:kontrollDS, UserName=sw, HSQL Database Engine Driver], schema=null, metaData=org.apache.commons.dbcp.DelegatingDatabaseMetaData@601d6edc, edges=[]) - start
146506 [main] DEBUG org.dbunit.database.search.AbstractMetaDataBasedSearchCallback  - Getting edges for node SCOPE_REQUESTCONTEXT
146506 [main] TRACE org.dbunit.database.DatabaseConfig  - getProperty(name=http://www.dbunit.org/properties/metadataHandler) - start
146506 [main] TRACE org.dbunit.database.DefaultMetadataHandler  - tableExists(metaData=org.apache.commons.dbcp.DelegatingDatabaseMetaData@601d6edc, schemaName=null, tableName=SCOPE_REQUESTCONTEXT) - start
146507 [main] DEBUG org.dbunit.util.SQLHelper  - close(resultSet=org.apache.commons.dbcp.DelegatingResultSet@1f5fc06f) - start
146507 [main] DEBUG org.dbunit.util.SQLHelper  - close(resultSet=org.apache.commons.dbcp.DelegatingResultSet@ba7c915) - start
146507 [main] DEBUG org.dbunit.util.search.DepthFirstSearch  - Adding node SCOPE_REQUESTCONTEXT to the final result
146507 [main] DEBUG org.dbunit.util.CollectionsHelper  - setToStrings(set=[SCOPE_REQUESTCONTEXT]) - start
146507 [main] DEBUG org.dbunit.database.search.TablesDependencyHelper  - getDirectDependsOnTables(connection=_databaseConfig=org.dbunit.database.DatabaseConfig[, _propertyMap={http://www.dbunit.org/properties/statementFactory=org.dbunit.database.statement.PreparedStatementFactory@626bc2b8, http://www.dbunit.org/features/caseSensitiveTableNames=false, http://www.dbunit.org/properties/fetchSize=100, http://www.dbunit.org/features/batchedStatements=false, http://www.dbunit.org/properties/metadataHandler=org.dbunit.database.DefaultMetadataHandler@3bbfdfde, http://www.dbunit.org/properties/datatypeFactory=org.dbunit.dataset.datatype.DefaultDataTypeFactory[_toleratedDeltaMap=org.dbunit.dataset.datatype.ToleratedDeltaMap@6452310a], http://www.dbunit.org/properties/escapePattern=null, http://www.dbunit.org/properties/batchSize=100, http://www.dbunit.org/features/qualifiedTableNames=false, http://www.dbunit.org/properties/tableType=[Ljava.lang.String;@5011bafa, http://www.dbunit.org/properties/resultSetTableFactory=org.dbunit.database.CachedResultSetTableFactory@10bcf083, http://www.dbunit.org/features/datatypeWarning=true}], _dataSet=AbstractDataSet[_orderedTableNameMap=null], tableName=SCOPE_REQUESTCONTEXT) - start
146507 [main] DEBUG org.dbunit.util.search.DepthFirstSearch  - search(nodesFrom=[SCOPE_REQUESTCONTEXT], callback=org.dbunit.database.search.ExportedKeysSearchCallback@659989c9) - start
146507 [main] DEBUG org.dbunit.util.CollectionsHelper  - objectsToSet(objects=SCOPE_REQUESTCONTEXT) - start
146507 [main] DEBUG org.dbunit.util.search.DepthFirstSearch  - search(nodesFrom=[SCOPE_REQUESTCONTEXT], callback=org.dbunit.database.search.ExportedKeysSearchCallback@659989c9) - start
146508 [main] DEBUG org.dbunit.util.search.DepthFirstSearch  - reverseSearch:SCOPE_REQUESTCONTEXT
146508 [main] DEBUG org.dbunit.database.search.ExportedKeysSearchCallback  - searchNode(node=SCOPE_REQUESTCONTEXT) - start
146508 [main] DEBUG org.dbunit.util.search.DepthFirstSearch  - Pushing (reverse) SCOPE_REQUESTCONTEXT
146508 [main] DEBUG org.dbunit.database.search.ExportedKeysSearchCallback  - getEdges(node=SCOPE_REQUESTCONTEXT) - start
146508 [main] DEBUG org.dbunit.database.search.AbstractMetaDataBasedSearchCallback  - getNodesFromExportedKeys(node=SCOPE_REQUESTCONTEXT) - start
146508 [main] DEBUG org.dbunit.database.search.AbstractMetaDataBasedSearchCallback  - getNodes(type=1, node=SCOPE_REQUESTCONTEXT) - start
146508 [main] DEBUG org.dbunit.database.DatabaseDataSourceConnection  - getConnection() - start
146508 [main] DEBUG org.dbunit.database.search.AbstractMetaDataBasedSearchCallback  - getNodes(type=1, node=SCOPE_REQUESTCONTEXT, conn=Transaction-aware proxy for target Connection [jdbc:hsqldb:mem:kontrollDS, UserName=sw, HSQL Database Engine Driver], schema=null, metaData=org.apache.commons.dbcp.DelegatingDatabaseMetaData@43251f3b, edges=[]) - start
146508 [main] DEBUG org.dbunit.database.search.AbstractMetaDataBasedSearchCallback  - Getting edges for node SCOPE_REQUESTCONTEXT
146508 [main] TRACE org.dbunit.database.DatabaseConfig  - getProperty(name=http://www.dbunit.org/properties/metadataHandler) - start
146508 [main] TRACE org.dbunit.database.DefaultMetadataHandler  - tableExists(metaData=org.apache.commons.dbcp.DelegatingDatabaseMetaData@43251f3b, schemaName=null, tableName=SCOPE_REQUESTCONTEXT) - start
146509 [main] DEBUG org.dbunit.util.SQLHelper  - close(resultSet=org.apache.commons.dbcp.DelegatingResultSet@732cc96d) - start
146510 [main] DEBUG org.dbunit.util.SQLHelper  - close(resultSet=org.apache.commons.dbcp.DelegatingResultSet@5310aeb4) - start
146510 [main] DEBUG org.dbunit.util.search.DepthFirstSearch  - search:SCOPE_REQUESTCONTEXT
146510 [main] DEBUG org.dbunit.database.search.ExportedKeysSearchCallback  - searchNode(node=SCOPE_REQUESTCONTEXT) - start
146510 [main] DEBUG org.dbunit.util.search.DepthFirstSearch  - Pushing SCOPE_REQUESTCONTEXT
146510 [main] DEBUG org.dbunit.database.search.ExportedKeysSearchCallback  - getEdges(node=SCOPE_REQUESTCONTEXT) - start
146510 [main] DEBUG org.dbunit.database.search.AbstractMetaDataBasedSearchCallback  - getNodesFromExportedKeys(node=SCOPE_REQUESTCONTEXT) - start
146510 [main] DEBUG org.dbunit.database.search.AbstractMetaDataBasedSearchCallback  - getNodes(type=1, node=SCOPE_REQUESTCONTEXT) - start
146510 [main] DEBUG org.dbunit.database.DatabaseDataSourceConnection  - getConnection() - start
146510 [main] DEBUG org.dbunit.database.search.AbstractMetaDataBasedSearchCallback  - getNodes(type=1, node=SCOPE_REQUESTCONTEXT, conn=Transaction-aware proxy for target Connection [jdbc:hsqldb:mem:kontrollDS, UserName=sw, HSQL Database Engine Driver], schema=null, metaData=org.apache.commons.dbcp.DelegatingDatabaseMetaData@6c3dd606, edges=[]) - start
146510 [main] DEBUG org.dbunit.database.search.AbstractMetaDataBasedSearchCallback  - Getting edges for node SCOPE_REQUESTCONTEXT
146510 [main] TRACE org.dbunit.database.DatabaseConfig  - getProperty(name=http://www.dbunit.org/properties/metadataHandler) - start
146510 [main] TRACE org.dbunit.database.DefaultMetadataHandler  - tableExists(metaData=org.apache.commons.dbcp.DelegatingDatabaseMetaData@6c3dd606, schemaName=null, tableName=SCOPE_REQUESTCONTEXT) - start
146511 [main] DEBUG org.dbunit.util.SQLHelper  - close(resultSet=org.apache.commons.dbcp.DelegatingResultSet@3ff4bba0) - start
146511 [main] DEBUG org.dbunit.util.SQLHelper  - close(resultSet=org.apache.commons.dbcp.DelegatingResultSet@81083b1) - start
146511 [main] DEBUG org.dbunit.util.search.DepthFirstSearch  - Adding node SCOPE_REQUESTCONTEXT to the final result
146511 [main] DEBUG org.dbunit.database.search.TablesDependencyHelper  - getDirectDependentTables(connection=_databaseConfig=org.dbunit.database.DatabaseConfig[, _propertyMap={http://www.dbunit.org/properties/statementFactory=org.dbunit.database.statement.PreparedStatementFactory@626bc2b8, http://www.dbunit.org/features/caseSensitiveTableNames=false, http://www.dbunit.org/properties/fetchSize=100, http://www.dbunit.org/features/batchedStatements=false, http://www.dbunit.org/properties/metadataHandler=org.dbunit.database.DefaultMetadataHandler@3bbfdfde, http://www.dbunit.org/properties/datatypeFactory=org.dbunit.dataset.datatype.DefaultDataTypeFactory[_toleratedDeltaMap=org.dbunit.dataset.datatype.ToleratedDeltaMap@6452310a], http://www.dbunit.org/properties/escapePattern=null, http://www.dbunit.org/properties/batchSize=100, http://www.dbunit.org/features/qualifiedTableNames=false, http://www.dbunit.org/properties/tableType=[Ljava.lang.String;@5011bafa, http://www.dbunit.org/properties/resultSetTableFactory=org.dbunit.database.CachedResultSetTableFactory@10bcf083, http://www.dbunit.org/features/datatypeWarning=true}], _dataSet=AbstractDataSet[_orderedTableNameMap=null], tableName=SCOPE_REQUESTCONTEXT) - start
146512 [main] DEBUG org.dbunit.util.search.DepthFirstSearch  - search(nodesFrom=[SCOPE_REQUESTCONTEXT], callback=org.dbunit.database.search.ImportedKeysSearchCallback@7c67a369) - start
146512 [main] DEBUG org.dbunit.util.CollectionsHelper  - objectsToSet(objects=SCOPE_REQUESTCONTEXT) - start
146512 [main] DEBUG org.dbunit.util.search.DepthFirstSearch  - search(nodesFrom=[SCOPE_REQUESTCONTEXT], callback=org.dbunit.database.search.ImportedKeysSearchCallback@7c67a369) - start
146512 [main] DEBUG org.dbunit.util.search.DepthFirstSearch  - reverseSearch:SCOPE_REQUESTCONTEXT
146512 [main] DEBUG org.dbunit.database.search.ImportedKeysSearchCallback  - searchNode(node=SCOPE_REQUESTCONTEXT) - start
146512 [main] DEBUG org.dbunit.util.search.DepthFirstSearch  - Pushing (reverse) SCOPE_REQUESTCONTEXT
146512 [main] DEBUG org.dbunit.database.search.ImportedKeysSearchCallback  - getEdges(node=SCOPE_REQUESTCONTEXT) - start
146512 [main] DEBUG org.dbunit.database.search.AbstractMetaDataBasedSearchCallback  - getNodesFromImportedKeys(node=SCOPE_REQUESTCONTEXT) - start
146512 [main] DEBUG org.dbunit.database.search.AbstractMetaDataBasedSearchCallback  - getNodes(type=0, node=SCOPE_REQUESTCONTEXT) - start
146512 [main] DEBUG org.dbunit.database.DatabaseDataSourceConnection  - getConnection() - start
146512 [main] DEBUG org.dbunit.database.search.AbstractMetaDataBasedSearchCallback  - getNodes(type=0, node=SCOPE_REQUESTCONTEXT, conn=Transaction-aware proxy for target Connection [jdbc:hsqldb:mem:kontrollDS, UserName=sw, HSQL Database Engine Driver], schema=null, metaData=org.apache.commons.dbcp.DelegatingDatabaseMetaData@7819824d, edges=[]) - start
146512 [main] DEBUG org.dbunit.database.search.AbstractMetaDataBasedSearchCallback  - Getting edges for node SCOPE_REQUESTCONTEXT
146512 [main] TRACE org.dbunit.database.DatabaseConfig  - getProperty(name=http://www.dbunit.org/properties/metadataHandler) - start
146512 [main] TRACE org.dbunit.database.DefaultMetadataHandler  - tableExists(metaData=org.apache.commons.dbcp.DelegatingDatabaseMetaData@7819824d, schemaName=null, tableName=SCOPE_REQUESTCONTEXT) - start
146513 [main] DEBUG org.dbunit.util.SQLHelper  - close(resultSet=org.apache.commons.dbcp.DelegatingResultSet@23b34eba) - start
146513 [main] DEBUG org.dbunit.util.QualifiedTableName  - getQualifiedNameIfEnabled(config=org.dbunit.database.DatabaseConfig[, _propertyMap={http://www.dbunit.org/properties/statementFactory=org.dbunit.database.statement.PreparedStatementFactory@626bc2b8, http://www.dbunit.org/features/caseSensitiveTableNames=false, http://www.dbunit.org/properties/fetchSize=100, http://www.dbunit.org/features/batchedStatements=false, http://www.dbunit.org/properties/metadataHandler=org.dbunit.database.DefaultMetadataHandler@3bbfdfde, http://www.dbunit.org/properties/datatypeFactory=org.dbunit.dataset.datatype.DefaultDataTypeFactory[_toleratedDeltaMap=org.dbunit.dataset.datatype.ToleratedDeltaMap@6452310a], http://www.dbunit.org/properties/escapePattern=null, http://www.dbunit.org/properties/batchSize=100, http://www.dbunit.org/features/qualifiedTableNames=false, http://www.dbunit.org/properties/tableType=[Ljava.lang.String;@5011bafa, http://www.dbunit.org/properties/resultSetTableFactory=org.dbunit.database.CachedResultSetTableFactory@10bcf083, http://www.dbunit.org/features/datatypeWarning=true}]) - start
146513 [main] TRACE org.dbunit.database.DatabaseConfig  - getFeature(name=http://www.dbunit.org/features/qualifiedTableNames) - start
146513 [main] TRACE org.dbunit.database.DatabaseConfig  - getProperty(name=http://www.dbunit.org/features/qualifiedTableNames) - start
146513 [main] DEBUG org.dbunit.util.QualifiedTableName  - Qualified table names feature is disabled. Returning plain table name
146513 [main] DEBUG org.dbunit.util.QualifiedTableName  - getQualifiedName(prefix=null, name=SCOPE_REQUESTCONTEXT, escapePattern=null) - start
146514 [main] DEBUG org.dbunit.util.QualifiedTableName  - getQualifiedNameIfEnabled(config=org.dbunit.database.DatabaseConfig[, _propertyMap={http://www.dbunit.org/properties/statementFactory=org.dbunit.database.statement.PreparedStatementFactory@626bc2b8, http://www.dbunit.org/features/caseSensitiveTableNames=false, http://www.dbunit.org/properties/fetchSize=100, http://www.dbunit.org/features/batchedStatements=false, http://www.dbunit.org/properties/metadataHandler=org.dbunit.database.DefaultMetadataHandler@3bbfdfde, http://www.dbunit.org/properties/datatypeFactory=org.dbunit.dataset.datatype.DefaultDataTypeFactory[_toleratedDeltaMap=org.dbunit.dataset.datatype.ToleratedDeltaMap@6452310a], http://www.dbunit.org/properties/escapePattern=null, http://www.dbunit.org/properties/batchSize=100, http://www.dbunit.org/features/qualifiedTableNames=false, http://www.dbunit.org/properties/tableType=[Ljava.lang.String;@5011bafa, http://www.dbunit.org/properties/resultSetTableFactory=org.dbunit.database.CachedResultSetTableFactory@10bcf083, http://www.dbunit.org/features/datatypeWarning=true}]) - start
146514 [main] TRACE org.dbunit.database.DatabaseConfig  - getFeature(name=http://www.dbunit.org/features/qualifiedTableNames) - start
146514 [main] TRACE org.dbunit.database.DatabaseConfig  - getProperty(name=http://www.dbunit.org/features/qualifiedTableNames) - start
146514 [main] DEBUG org.dbunit.util.QualifiedTableName  - Qualified table names feature is disabled. Returning plain table name
146514 [main] DEBUG org.dbunit.util.QualifiedTableName  - getQualifiedName(prefix=null, name=REQUESTCONTEXT, escapePattern=null) - start
146514 [main] DEBUG org.dbunit.database.search.AbstractMetaDataBasedSearchCallback  - newEdge(rs=org.apache.commons.dbcp.DelegatingResultSet@2fd16b29, type=0, from=SCOPE_REQUESTCONTEXT, to=REQUESTCONTEXT, fkColumn=REQUEST_CONTEXT_ID, pkColumn=ID) - start
146514 [main] DEBUG org.dbunit.database.search.AbstractMetaDataBasedSearchCallback  - createFKEdge(rs=org.apache.commons.dbcp.DelegatingResultSet@2fd16b29, type=0, from=SCOPE_REQUESTCONTEXT, to=REQUESTCONTEXT, fkColumn=REQUEST_CONTEXT_ID, pkColumn=ID) - start
146514 [main] DEBUG org.dbunit.database.search.AbstractMetaDataBasedSearchCallback  - Adding edge SCOPE_REQUESTCONTEXT(REQUEST_CONTEXT_ID)->REQUESTCONTEXT(ID)
146514 [main] DEBUG org.dbunit.util.search.Edge  - compareTo(o=SCOPE_REQUESTCONTEXT(REQUEST_CONTEXT_ID)->REQUESTCONTEXT(ID)) - start
146514 [main] DEBUG org.dbunit.util.QualifiedTableName  - getQualifiedNameIfEnabled(config=org.dbunit.database.DatabaseConfig[, _propertyMap={http://www.dbunit.org/properties/statementFactory=org.dbunit.database.statement.PreparedStatementFactory@626bc2b8, http://www.dbunit.org/features/caseSensitiveTableNames=false, http://www.dbunit.org/properties/fetchSize=100, http://www.dbunit.org/features/batchedStatements=false, http://www.dbunit.org/properties/metadataHandler=org.dbunit.database.DefaultMetadataHandler@3bbfdfde, http://www.dbunit.org/properties/datatypeFactory=org.dbunit.dataset.datatype.DefaultDataTypeFactory[_toleratedDeltaMap=org.dbunit.dataset.datatype.ToleratedDeltaMap@6452310a], http://www.dbunit.org/properties/escapePattern=null, http://www.dbunit.org/properties/batchSize=100, http://www.dbunit.org/features/qualifiedTableNames=false, http://www.dbunit.org/properties/tableType=[Ljava.lang.String;@5011bafa, http://www.dbunit.org/properties/resultSetTableFactory=org.dbunit.database.CachedResultSetTableFactory@10bcf083, http://www.dbunit.org/features/datatypeWarning=true}]) - start
146514 [main] TRACE org.dbunit.database.DatabaseConfig  - getFeature(name=http://www.dbunit.org/features/qualifiedTableNames) - start
146514 [main] TRACE org.dbunit.database.DatabaseConfig  - getProperty(name=http://www.dbunit.org/features/qualifiedTableNames) - start
146514 [main] DEBUG org.dbunit.util.QualifiedTableName  - Qualified table names feature is disabled. Returning plain table name
146514 [main] DEBUG org.dbunit.util.QualifiedTableName  - getQualifiedName(prefix=null, name=SCOPE_REQUESTCONTEXT, escapePattern=null) - start
146514 [main] DEBUG org.dbunit.util.QualifiedTableName  - getQualifiedNameIfEnabled(config=org.dbunit.database.DatabaseConfig[, _propertyMap={http://www.dbunit.org/properties/statementFactory=org.dbunit.database.statement.PreparedStatementFactory@626bc2b8, http://www.dbunit.org/features/caseSensitiveTableNames=false, http://www.dbunit.org/properties/fetchSize=100, http://www.dbunit.org/features/batchedStatements=false, http://www.dbunit.org/properties/metadataHandler=org.dbunit.database.DefaultMetadataHandler@3bbfdfde, http://www.dbunit.org/properties/datatypeFactory=org.dbunit.dataset.datatype.DefaultDataTypeFactory[_toleratedDeltaMap=org.dbunit.dataset.datatype.ToleratedDeltaMap@6452310a], http://www.dbunit.org/properties/escapePattern=null, http://www.dbunit.org/properties/batchSize=100, http://www.dbunit.org/features/qualifiedTableNames=false, http://www.dbunit.org/properties/tableType=[Ljava.lang.String;@5011bafa, http://www.dbunit.org/properties/resultSetTableFactory=org.dbunit.database.CachedResultSetTableFactory@10bcf083, http://www.dbunit.org/features/datatypeWarning=true}]) - start
146514 [main] TRACE org.dbunit.database.DatabaseConfig  - getFeature(name=http://www.dbunit.org/features/qualifiedTableNames) - start
146514 [main] TRACE org.dbunit.database.DatabaseConfig  - getProperty(name=http://www.dbunit.org/features/qualifiedTableNames) - start
146514 [main] DEBUG org.dbunit.util.QualifiedTableName  - Qualified table names feature is disabled. Returning plain table name
146514 [main] DEBUG org.dbunit.util.QualifiedTableName  - getQualifiedName(prefix=null, name=SCOPE, escapePattern=null) - start
146514 [main] DEBUG org.dbunit.database.search.AbstractMetaDataBasedSearchCallback  - newEdge(rs=org.apache.commons.dbcp.DelegatingResultSet@2fd16b29, type=0, from=SCOPE_REQUESTCONTEXT, to=SCOPE, fkColumn=SCOPE_ID, pkColumn=ID) - start
146514 [main] DEBUG org.dbunit.database.search.AbstractMetaDataBasedSearchCallback  - createFKEdge(rs=org.apache.commons.dbcp.DelegatingResultSet@2fd16b29, type=0, from=SCOPE_REQUESTCONTEXT, to=SCOPE, fkColumn=SCOPE_ID, pkColumn=ID) - start
146514 [main] DEBUG org.dbunit.database.search.AbstractMetaDataBasedSearchCallback  - Adding edge SCOPE_REQUESTCONTEXT(SCOPE_ID)->SCOPE(ID)
146514 [main] DEBUG org.dbunit.util.search.Edge  - compareTo(o=SCOPE_REQUESTCONTEXT(REQUEST_CONTEXT_ID)->REQUESTCONTEXT(ID)) - start
146514 [main] DEBUG org.dbunit.util.SQLHelper  - close(resultSet=org.apache.commons.dbcp.DelegatingResultSet@2fd16b29) - start
146515 [main] DEBUG org.dbunit.util.search.DepthFirstSearch  - search:SCOPE_REQUESTCONTEXT
146515 [main] DEBUG org.dbunit.database.search.ImportedKeysSearchCallback  - searchNode(node=SCOPE_REQUESTCONTEXT) - start
146515 [main] DEBUG org.dbunit.util.search.DepthFirstSearch  - Pushing SCOPE_REQUESTCONTEXT
146515 [main] DEBUG org.dbunit.database.search.ImportedKeysSearchCallback  - getEdges(node=SCOPE_REQUESTCONTEXT) - start
146515 [main] DEBUG org.dbunit.database.search.AbstractMetaDataBasedSearchCallback  - getNodesFromImportedKeys(node=SCOPE_REQUESTCONTEXT) - start
146515 [main] DEBUG org.dbunit.database.search.AbstractMetaDataBasedSearchCallback  - getNodes(type=0, node=SCOPE_REQUESTCONTEXT) - start
146515 [main] DEBUG org.dbunit.database.DatabaseDataSourceConnection  - getConnection() - start
146515 [main] DEBUG org.dbunit.database.search.AbstractMetaDataBasedSearchCallback  - getNodes(type=0, node=SCOPE_REQUESTCONTEXT, conn=Transaction-aware proxy for target Connection [jdbc:hsqldb:mem:kontrollDS, UserName=sw, HSQL Database Engine Driver], schema=null, metaData=org.apache.commons.dbcp.DelegatingDatabaseMetaData@5dd26945, edges=[]) - start
146515 [main] DEBUG org.dbunit.database.search.AbstractMetaDataBasedSearchCallback  - Getting edges for node SCOPE_REQUESTCONTEXT
146515 [main] TRACE org.dbunit.database.DatabaseConfig  - getProperty(name=http://www.dbunit.org/properties/metadataHandler) - start
146515 [main] TRACE org.dbunit.database.DefaultMetadataHandler  - tableExists(metaData=org.apache.commons.dbcp.DelegatingDatabaseMetaData@5dd26945, schemaName=null, tableName=SCOPE_REQUESTCONTEXT) - start
146516 [main] DEBUG org.dbunit.util.SQLHelper  - close(resultSet=org.apache.commons.dbcp.DelegatingResultSet@5af41019) - start
146516 [main] DEBUG org.dbunit.util.QualifiedTableName  - getQualifiedNameIfEnabled(config=org.dbunit.database.DatabaseConfig[, _propertyMap={http://www.dbunit.org/properties/statementFactory=org.dbunit.database.statement.PreparedStatementFactory@626bc2b8, http://www.dbunit.org/features/caseSensitiveTableNames=false, http://www.dbunit.org/properties/fetchSize=100, http://www.dbunit.org/features/batchedStatements=false, http://www.dbunit.org/properties/metadataHandler=org.dbunit.database.DefaultMetadataHandler@3bbfdfde, http://www.dbunit.org/properties/datatypeFactory=org.dbunit.dataset.datatype.DefaultDataTypeFactory[_toleratedDeltaMap=org.dbunit.dataset.datatype.ToleratedDeltaMap@6452310a], http://www.dbunit.org/properties/escapePattern=null, http://www.dbunit.org/properties/batchSize=100, http://www.dbunit.org/features/qualifiedTableNames=false, http://www.dbunit.org/properties/tableType=[Ljava.lang.String;@5011bafa, http://www.dbunit.org/properties/resultSetTableFactory=org.dbunit.database.CachedResultSetTableFactory@10bcf083, http://www.dbunit.org/features/datatypeWarning=true}]) - start
146516 [main] TRACE org.dbunit.database.DatabaseConfig  - getFeature(name=http://www.dbunit.org/features/qualifiedTableNames) - start
146516 [main] TRACE org.dbunit.database.DatabaseConfig  - getProperty(name=http://www.dbunit.org/features/qualifiedTableNames) - start
146516 [main] DEBUG org.dbunit.util.QualifiedTableName  - Qualified table names feature is disabled. Returning plain table name
146516 [main] DEBUG org.dbunit.util.QualifiedTableName  - getQualifiedName(prefix=null, name=SCOPE_REQUESTCONTEXT, escapePattern=null) - start
146516 [main] DEBUG org.dbunit.util.QualifiedTableName  - getQualifiedNameIfEnabled(config=org.dbunit.database.DatabaseConfig[, _propertyMap={http://www.dbunit.org/properties/statementFactory=org.dbunit.database.statement.PreparedStatementFactory@626bc2b8, http://www.dbunit.org/features/caseSensitiveTableNames=false, http://www.dbunit.org/properties/fetchSize=100, http://www.dbunit.org/features/batchedStatements=false, http://www.dbunit.org/properties/metadataHandler=org.dbunit.database.DefaultMetadataHandler@3bbfdfde, http://www.dbunit.org/properties/datatypeFactory=org.dbunit.dataset.datatype.DefaultDataTypeFactory[_toleratedDeltaMap=org.dbunit.dataset.datatype.ToleratedDeltaMap@6452310a], http://www.dbunit.org/properties/escapePattern=null, http://www.dbunit.org/properties/batchSize=100, http://www.dbunit.org/features/qualifiedTableNames=false, http://www.dbunit.org/properties/tableType=[Ljava.lang.String;@5011bafa, http://www.dbunit.org/properties/resultSetTableFactory=org.dbunit.database.CachedResultSetTableFactory@10bcf083, http://www.dbunit.org/features/datatypeWarning=true}]) - start
146517 [main] TRACE org.dbunit.database.DatabaseConfig  - getFeature(name=http://www.dbunit.org/features/qualifiedTableNames) - start
146517 [main] TRACE org.dbunit.database.DatabaseConfig  - getProperty(name=http://www.dbunit.org/features/qualifiedTableNames) - start
146517 [main] DEBUG org.dbunit.util.QualifiedTableName  - Qualified table names feature is disabled. Returning plain table name
146517 [main] DEBUG org.dbunit.util.QualifiedTableName  - getQualifiedName(prefix=null, name=REQUESTCONTEXT, escapePattern=null) - start
146517 [main] DEBUG org.dbunit.database.search.AbstractMetaDataBasedSearchCallback  - newEdge(rs=org.apache.commons.dbcp.DelegatingResultSet@7c458d78, type=0, from=SCOPE_REQUESTCONTEXT, to=REQUESTCONTEXT, fkColumn=REQUEST_CONTEXT_ID, pkColumn=ID) - start
146517 [main] DEBUG org.dbunit.database.search.AbstractMetaDataBasedSearchCallback  - createFKEdge(rs=org.apache.commons.dbcp.DelegatingResultSet@7c458d78, type=0, from=SCOPE_REQUESTCONTEXT, to=REQUESTCONTEXT, fkColumn=REQUEST_CONTEXT_ID, pkColumn=ID) - start
146517 [main] DEBUG org.dbunit.database.search.AbstractMetaDataBasedSearchCallback  - Adding edge SCOPE_REQUESTCONTEXT(REQUEST_CONTEXT_ID)->REQUESTCONTEXT(ID)
146517 [main] DEBUG org.dbunit.util.search.Edge  - compareTo(o=SCOPE_REQUESTCONTEXT(REQUEST_CONTEXT_ID)->REQUESTCONTEXT(ID)) - start
146517 [main] DEBUG org.dbunit.util.QualifiedTableName  - getQualifiedNameIfEnabled(config=org.dbunit.database.DatabaseConfig[, _propertyMap={http://www.dbunit.org/properties/statementFactory=org.dbunit.database.statement.PreparedStatementFactory@626bc2b8, http://www.dbunit.org/features/caseSensitiveTableNames=false, http://www.dbunit.org/properties/fetchSize=100, http://www.dbunit.org/features/batchedStatements=false, http://www.dbunit.org/properties/metadataHandler=org.dbunit.database.DefaultMetadataHandler@3bbfdfde, http://www.dbunit.org/properties/datatypeFactory=org.dbunit.dataset.datatype.DefaultDataTypeFactory[_toleratedDeltaMap=org.dbunit.dataset.datatype.ToleratedDeltaMap@6452310a], http://www.dbunit.org/properties/escapePattern=null, http://www.dbunit.org/properties/batchSize=100, http://www.dbunit.org/features/qualifiedTableNames=false, http://www.dbunit.org/properties/tableType=[Ljava.lang.String;@5011bafa, http://www.dbunit.org/properties/resultSetTableFactory=org.dbunit.database.CachedResultSetTableFactory@10bcf083, http://www.dbunit.org/features/datatypeWarning=true}]) - start
146517 [main] TRACE org.dbunit.database.DatabaseConfig  - getFeature(name=http://www.dbunit.org/features/qualifiedTableNames) - start
146517 [main] TRACE org.dbunit.database.DatabaseConfig  - getProperty(name=http://www.dbunit.org/features/qualifiedTableNames) - start
146517 [main] DEBUG org.dbunit.util.QualifiedTableName  - Qualified table names feature is disabled. Returning plain table name
146517 [main] DEBUG org.dbunit.util.QualifiedTableName  - getQualifiedName(prefix=null, name=SCOPE_REQUESTCONTEXT, escapePattern=null) - start
146517 [main] DEBUG org.dbunit.util.QualifiedTableName  - getQualifiedNameIfEnabled(config=org.dbunit.database.DatabaseConfig[, _propertyMap={http://www.dbunit.org/properties/statementFactory=org.dbunit.database.statement.PreparedStatementFactory@626bc2b8, http://www.dbunit.org/features/caseSensitiveTableNames=false, http://www.dbunit.org/properties/fetchSize=100, http://www.dbunit.org/features/batchedStatements=false, http://www.dbunit.org/properties/metadataHandler=org.dbunit.database.DefaultMetadataHandler@3bbfdfde, http://www.dbunit.org/properties/datatypeFactory=org.dbunit.dataset.datatype.DefaultDataTypeFactory[_toleratedDeltaMap=org.dbunit.dataset.datatype.ToleratedDeltaMap@6452310a], http://www.dbunit.org/properties/escapePattern=null, http://www.dbunit.org/properties/batchSize=100, http://www.dbunit.org/features/qualifiedTableNames=false, http://www.dbunit.org/properties/tableType=[Ljava.lang.String;@5011bafa, http://www.dbunit.org/properties/resultSetTableFactory=org.dbunit.database.CachedResultSetTableFactory@10bcf083, http://www.dbunit.org/features/datatypeWarning=true}]) - start
146517 [main] TRACE org.dbunit.database.DatabaseConfig  - getFeature(name=http://www.dbunit.org/features/qualifiedTableNames) - start
146517 [main] TRACE org.dbunit.database.DatabaseConfig  - getProperty(name=http://www.dbunit.org/features/qualifiedTableNames) - start
146517 [main] DEBUG org.dbunit.util.QualifiedTableName  - Qualified table names feature is disabled. Returning plain table name
146517 [main] DEBUG org.dbunit.util.QualifiedTableName  - getQualifiedName(prefix=null, name=SCOPE, escapePattern=null) - start
146517 [main] DEBUG org.dbunit.database.search.AbstractMetaDataBasedSearchCallback  - newEdge(rs=org.apache.commons.dbcp.DelegatingResultSet@7c458d78, type=0, from=SCOPE_REQUESTCONTEXT, to=SCOPE, fkColumn=SCOPE_ID, pkColumn=ID) - start
146517 [main] DEBUG org.dbunit.database.search.AbstractMetaDataBasedSearchCallback  - createFKEdge(rs=org.apache.commons.dbcp.DelegatingResultSet@7c458d78, type=0, from=SCOPE_REQUESTCONTEXT, to=SCOPE, fkColumn=SCOPE_ID, pkColumn=ID) - start
146517 [main] DEBUG org.dbunit.database.search.AbstractMetaDataBasedSearchCallback  - Adding edge SCOPE_REQUESTCONTEXT(SCOPE_ID)->SCOPE(ID)
146517 [main] DEBUG org.dbunit.util.search.Edge  - compareTo(o=SCOPE_REQUESTCONTEXT(REQUEST_CONTEXT_ID)->REQUESTCONTEXT(ID)) - start
146517 [main] DEBUG org.dbunit.util.SQLHelper  - close(resultSet=org.apache.commons.dbcp.DelegatingResultSet@7c458d78) - start
146517 [main] DEBUG org.dbunit.util.search.DepthFirstSearch  - search:REQUESTCONTEXT
146518 [main] DEBUG org.dbunit.database.search.ImportedKeysSearchCallback  - searchNode(node=REQUESTCONTEXT) - start
146518 [main] DEBUG org.dbunit.util.search.DepthFirstSearch  - Pushing REQUESTCONTEXT
146518 [main] DEBUG org.dbunit.database.search.ImportedKeysSearchCallback  - getEdges(node=REQUESTCONTEXT) - start
146518 [main] DEBUG org.dbunit.database.search.AbstractMetaDataBasedSearchCallback  - getNodesFromImportedKeys(node=REQUESTCONTEXT) - start
146518 [main] DEBUG org.dbunit.database.search.AbstractMetaDataBasedSearchCallback  - getNodes(type=0, node=REQUESTCONTEXT) - start
146518 [main] DEBUG org.dbunit.database.DatabaseDataSourceConnection  - getConnection() - start
146518 [main] DEBUG org.dbunit.database.search.AbstractMetaDataBasedSearchCallback  - getNodes(type=0, node=REQUESTCONTEXT, conn=Transaction-aware proxy for target Connection [jdbc:hsqldb:mem:kontrollDS, UserName=sw, HSQL Database Engine Driver], schema=null, metaData=org.apache.commons.dbcp.DelegatingDatabaseMetaData@3a4b0105, edges=[]) - start
146518 [main] DEBUG org.dbunit.database.search.AbstractMetaDataBasedSearchCallback  - Getting edges for node REQUESTCONTEXT
146518 [main] TRACE org.dbunit.database.DatabaseConfig  - getProperty(name=http://www.dbunit.org/properties/metadataHandler) - start
146518 [main] TRACE org.dbunit.database.DefaultMetadataHandler  - tableExists(metaData=org.apache.commons.dbcp.DelegatingDatabaseMetaData@3a4b0105, schemaName=null, tableName=REQUESTCONTEXT) - start
146519 [main] DEBUG org.dbunit.util.SQLHelper  - close(resultSet=org.apache.commons.dbcp.DelegatingResultSet@10b00813) - start
146519 [main] DEBUG org.dbunit.util.SQLHelper  - close(resultSet=org.apache.commons.dbcp.DelegatingResultSet@99fd6e2) - start
146519 [main] DEBUG org.dbunit.util.search.DepthFirstSearch  - Adding node REQUESTCONTEXT to the final result
146519 [main] DEBUG org.dbunit.util.search.DepthFirstSearch  - search:SCOPE
146519 [main] DEBUG org.dbunit.database.search.ImportedKeysSearchCallback  - searchNode(node=SCOPE) - start
146519 [main] DEBUG org.dbunit.util.search.DepthFirstSearch  - Pushing SCOPE
146519 [main] DEBUG org.dbunit.util.search.DepthFirstSearch  - Adding node SCOPE to the final result
146519 [main] DEBUG org.dbunit.util.search.DepthFirstSearch  - Adding node SCOPE_REQUESTCONTEXT to the final result
146519 [main] DEBUG org.dbunit.util.search.DepthFirstSearch  - reverseSearch:REQUESTCONTEXT
146519 [main] DEBUG org.dbunit.database.search.ImportedKeysSearchCallback  - searchNode(node=REQUESTCONTEXT) - start
146519 [main] DEBUG org.dbunit.util.search.DepthFirstSearch  - Pushing (reverse) REQUESTCONTEXT
146520 [main] DEBUG org.dbunit.database.search.ImportedKeysSearchCallback  - getEdges(node=REQUESTCONTEXT) - start
146520 [main] DEBUG org.dbunit.database.search.AbstractMetaDataBasedSearchCallback  - getNodesFromImportedKeys(node=REQUESTCONTEXT) - start
146520 [main] DEBUG org.dbunit.database.search.AbstractMetaDataBasedSearchCallback  - getNodes(type=0, node=REQUESTCONTEXT) - start
146520 [main] DEBUG org.dbunit.database.DatabaseDataSourceConnection  - getConnection() - start
146520 [main] DEBUG org.dbunit.database.search.AbstractMetaDataBasedSearchCallback  - getNodes(type=0, node=REQUESTCONTEXT, conn=Transaction-aware proxy for target Connection [jdbc:hsqldb:mem:kontrollDS, UserName=sw, HSQL Database Engine Driver], schema=null, metaData=org.apache.commons.dbcp.DelegatingDatabaseMetaData@5cd4945d, edges=[]) - start
146520 [main] DEBUG org.dbunit.database.search.AbstractMetaDataBasedSearchCallback  - Getting edges for node REQUESTCONTEXT
146520 [main] TRACE org.dbunit.database.DatabaseConfig  - getProperty(name=http://www.dbunit.org/properties/metadataHandler) - start
146520 [main] TRACE org.dbunit.database.DefaultMetadataHandler  - tableExists(metaData=org.apache.commons.dbcp.DelegatingDatabaseMetaData@5cd4945d, schemaName=null, tableName=REQUESTCONTEXT) - start
146521 [main] DEBUG org.dbunit.util.SQLHelper  - close(resultSet=org.apache.commons.dbcp.DelegatingResultSet@6fb0ae3f) - start
146521 [main] DEBUG org.dbunit.util.SQLHelper  - close(resultSet=org.apache.commons.dbcp.DelegatingResultSet@542953e8) - start
146521 [main] DEBUG org.dbunit.util.search.DepthFirstSearch  - reverseSearch:SCOPE_REQUESTCONTEXT
146521 [main] DEBUG org.dbunit.util.search.DepthFirstSearch  - already searched; returning true
146521 [main] DEBUG org.dbunit.util.search.DepthFirstSearch  - reverseSearch:SCOPE
146521 [main] DEBUG org.dbunit.database.search.ImportedKeysSearchCallback  - searchNode(node=SCOPE) - start
146521 [main] DEBUG org.dbunit.util.search.DepthFirstSearch  - Pushing (reverse) SCOPE
146521 [main] DEBUG org.dbunit.database.search.ImportedKeysSearchCallback  - getEdges(node=SCOPE) - start
146521 [main] DEBUG org.dbunit.database.search.AbstractMetaDataBasedSearchCallback  - getNodesFromImportedKeys(node=SCOPE) - start
146521 [main] DEBUG org.dbunit.database.search.AbstractMetaDataBasedSearchCallback  - getNodes(type=0, node=SCOPE) - start
146521 [main] DEBUG org.dbunit.database.DatabaseDataSourceConnection  - getConnection() - start
146521 [main] DEBUG org.dbunit.database.search.AbstractMetaDataBasedSearchCallback  - getNodes(type=0, node=SCOPE, conn=Transaction-aware proxy for target Connection [jdbc:hsqldb:mem:kontrollDS, UserName=sw, HSQL Database Engine Driver], schema=null, metaData=org.apache.commons.dbcp.DelegatingDatabaseMetaData@6543cf82, edges=[]) - start
146521 [main] DEBUG org.dbunit.database.search.AbstractMetaDataBasedSearchCallback  - Getting edges for node SCOPE
146521 [main] TRACE org.dbunit.database.DatabaseConfig  - getProperty(name=http://www.dbunit.org/properties/metadataHandler) - start
146521 [main] TRACE org.dbunit.database.DefaultMetadataHandler  - tableExists(metaData=org.apache.commons.dbcp.DelegatingDatabaseMetaData@6543cf82, schemaName=null, tableName=SCOPE) - start
146522 [main] DEBUG org.dbunit.util.SQLHelper  - close(resultSet=org.apache.commons.dbcp.DelegatingResultSet@55d7c352) - start
146523 [main] DEBUG org.dbunit.util.SQLHelper  - close(resultSet=org.apache.commons.dbcp.DelegatingResultSet@243618de) - start
146523 [main] DEBUG org.dbunit.util.search.DepthFirstSearch  - search:SCOPE_REQUESTCONTEXT
146523 [main] DEBUG org.dbunit.util.search.DepthFirstSearch  - already searched; returning true
146523 [main] DEBUG org.dbunit.util.search.DepthFirstSearch  - search:REQUESTCONTEXT
146523 [main] DEBUG org.dbunit.util.search.DepthFirstSearch  - already searched; returning true
146523 [main] DEBUG org.dbunit.util.search.DepthFirstSearch  - search:SCOPE
146523 [main] DEBUG org.dbunit.util.search.DepthFirstSearch  - already searched; returning true
146523 [main] DEBUG org.dbunit.database.DatabaseSequenceFilter  - getDependencyInfo(connection=_databaseConfig=org.dbunit.database.DatabaseConfig[, _propertyMap={http://www.dbunit.org/properties/statementFactory=org.dbunit.database.statement.PreparedStatementFactory@626bc2b8, http://www.dbunit.org/features/caseSensitiveTableNames=false, http://www.dbunit.org/properties/fetchSize=100, http://www.dbunit.org/features/batchedStatements=false, http://www.dbunit.org/properties/metadataHandler=org.dbunit.database.DefaultMetadataHandler@3bbfdfde, http://www.dbunit.org/properties/datatypeFactory=org.dbunit.dataset.datatype.DefaultDataTypeFactory[_toleratedDeltaMap=org.dbunit.dataset.datatype.ToleratedDeltaMap@6452310a], http://www.dbunit.org/properties/escapePattern=null, http://www.dbunit.org/properties/batchSize=100, http://www.dbunit.org/features/qualifiedTableNames=false, http://www.dbunit.org/properties/tableType=[Ljava.lang.String;@5011bafa, http://www.dbunit.org/properties/resultSetTableFactory=org.dbunit.database.CachedResultSetTableFactory@10bcf083, http://www.dbunit.org/features/datatypeWarning=true}], _dataSet=AbstractDataSet[_orderedTableNameMap=null], tableName=USER) - start
146523 [main] DEBUG org.dbunit.database.search.TablesDependencyHelper  - getDependentTables(connection=_databaseConfig=org.dbunit.database.DatabaseConfig[, _propertyMap={http://www.dbunit.org/properties/statementFactory=org.dbunit.database.statement.PreparedStatementFactory@626bc2b8, http://www.dbunit.org/features/caseSensitiveTableNames=false, http://www.dbunit.org/properties/fetchSize=100, http://www.dbunit.org/features/batchedStatements=false, http://www.dbunit.org/properties/metadataHandler=org.dbunit.database.DefaultMetadataHandler@3bbfdfde, http://www.dbunit.org/properties/datatypeFactory=org.dbunit.dataset.datatype.DefaultDataTypeFactory[_toleratedDeltaMap=org.dbunit.dataset.datatype.ToleratedDeltaMap@6452310a], http://www.dbunit.org/properties/escapePattern=null, http://www.dbunit.org/properties/batchSize=100, http://www.dbunit.org/features/qualifiedTableNames=false, http://www.dbunit.org/properties/tableType=[Ljava.lang.String;@5011bafa, http://www.dbunit.org/properties/resultSetTableFactory=org.dbunit.database.CachedResultSetTableFactory@10bcf083, http://www.dbunit.org/features/datatypeWarning=true}], _dataSet=AbstractDataSet[_orderedTableNameMap=null], rootTable=USER) - start
146523 [main] DEBUG org.dbunit.database.search.TablesDependencyHelper  - getDependentTables(connection=_databaseConfig=org.dbunit.database.DatabaseConfig[, _propertyMap={http://www.dbunit.org/properties/statementFactory=org.dbunit.database.statement.PreparedStatementFactory@626bc2b8, http://www.dbunit.org/features/caseSensitiveTableNames=false, http://www.dbunit.org/properties/fetchSize=100, http://www.dbunit.org/features/batchedStatements=false, http://www.dbunit.org/properties/metadataHandler=org.dbunit.database.DefaultMetadataHandler@3bbfdfde, http://www.dbunit.org/properties/datatypeFactory=org.dbunit.dataset.datatype.DefaultDataTypeFactory[_toleratedDeltaMap=org.dbunit.dataset.datatype.ToleratedDeltaMap@6452310a], http://www.dbunit.org/properties/escapePattern=null, http://www.dbunit.org/properties/batchSize=100, http://www.dbunit.org/features/qualifiedTableNames=false, http://www.dbunit.org/properties/tableType=[Ljava.lang.String;@5011bafa, http://www.dbunit.org/properties/resultSetTableFactory=org.dbunit.database.CachedResultSetTableFactory@10bcf083, http://www.dbunit.org/features/datatypeWarning=true}], _dataSet=AbstractDataSet[_orderedTableNameMap=null], rootTables=[USER]) - start
146523 [main] DEBUG org.dbunit.util.search.DepthFirstSearch  - search(nodesFrom=[USER], callback=org.dbunit.database.search.ImportedKeysSearchCallback@6e71338) - start
146523 [main] DEBUG org.dbunit.util.CollectionsHelper  - objectsToSet(objects=USER) - start
146523 [main] DEBUG org.dbunit.util.search.DepthFirstSearch  - search(nodesFrom=[USER], callback=org.dbunit.database.search.ImportedKeysSearchCallback@6e71338) - start
146523 [main] DEBUG org.dbunit.util.search.DepthFirstSearch  - reverseSearch:USER
146523 [main] DEBUG org.dbunit.database.search.ImportedKeysSearchCallback  - searchNode(node=USER) - start
146523 [main] DEBUG org.dbunit.util.search.DepthFirstSearch  - Pushing (reverse) USER
146523 [main] DEBUG org.dbunit.database.search.ImportedKeysSearchCallback  - getEdges(node=USER) - start
146523 [main] DEBUG org.dbunit.database.search.AbstractMetaDataBasedSearchCallback  - getNodesFromImportedKeys(node=USER) - start
146524 [main] DEBUG org.dbunit.database.search.AbstractMetaDataBasedSearchCallback  - getNodes(type=0, node=USER) - start
146524 [main] DEBUG org.dbunit.database.DatabaseDataSourceConnection  - getConnection() - start
146524 [main] DEBUG org.dbunit.database.search.AbstractMetaDataBasedSearchCallback  - getNodes(type=0, node=USER, conn=Transaction-aware proxy for target Connection [jdbc:hsqldb:mem:kontrollDS, UserName=sw, HSQL Database Engine Driver], schema=null, metaData=org.apache.commons.dbcp.DelegatingDatabaseMetaData@2c9ec512, edges=[]) - start
146524 [main] DEBUG org.dbunit.database.search.AbstractMetaDataBasedSearchCallback  - Getting edges for node USER
146524 [main] TRACE org.dbunit.database.DatabaseConfig  - getProperty(name=http://www.dbunit.org/properties/metadataHandler) - start
146524 [main] TRACE org.dbunit.database.DefaultMetadataHandler  - tableExists(metaData=org.apache.commons.dbcp.DelegatingDatabaseMetaData@2c9ec512, schemaName=null, tableName=USER) - start
146525 [main] DEBUG org.dbunit.util.SQLHelper  - close(resultSet=org.apache.commons.dbcp.DelegatingResultSet@5d082091) - start
146525 [main] DEBUG org.dbunit.util.SQLHelper  - close(resultSet=org.apache.commons.dbcp.DelegatingResultSet@417a3b00) - start
146525 [main] DEBUG org.dbunit.util.search.DepthFirstSearch  - search:USER
146525 [main] DEBUG org.dbunit.database.search.ImportedKeysSearchCallback  - searchNode(node=USER) - start
146525 [main] DEBUG org.dbunit.util.search.DepthFirstSearch  - Pushing USER
146525 [main] DEBUG org.dbunit.database.search.ImportedKeysSearchCallback  - getEdges(node=USER) - start
146525 [main] DEBUG org.dbunit.database.search.AbstractMetaDataBasedSearchCallback  - getNodesFromImportedKeys(node=USER) - start
146525 [main] DEBUG org.dbunit.database.search.AbstractMetaDataBasedSearchCallback  - getNodes(type=0, node=USER) - start
146525 [main] DEBUG org.dbunit.database.DatabaseDataSourceConnection  - getConnection() - start
146525 [main] DEBUG org.dbunit.database.search.AbstractMetaDataBasedSearchCallback  - getNodes(type=0, node=USER, conn=Transaction-aware proxy for target Connection [jdbc:hsqldb:mem:kontrollDS, UserName=sw, HSQL Database Engine Driver], schema=null, metaData=org.apache.commons.dbcp.DelegatingDatabaseMetaData@3fb79e95, edges=[]) - start
146525 [main] DEBUG org.dbunit.database.search.AbstractMetaDataBasedSearchCallback  - Getting edges for node USER
146525 [main] TRACE org.dbunit.database.DatabaseConfig  - getProperty(name=http://www.dbunit.org/properties/metadataHandler) - start
146525 [main] TRACE org.dbunit.database.DefaultMetadataHandler  - tableExists(metaData=org.apache.commons.dbcp.DelegatingDatabaseMetaData@3fb79e95, schemaName=null, tableName=USER) - start
146526 [main] DEBUG org.dbunit.util.SQLHelper  - close(resultSet=org.apache.commons.dbcp.DelegatingResultSet@7eb9a46b) - start
146527 [main] DEBUG org.dbunit.util.SQLHelper  - close(resultSet=org.apache.commons.dbcp.DelegatingResultSet@e215402) - start
146527 [main] DEBUG org.dbunit.util.search.DepthFirstSearch  - Adding node USER to the final result
146527 [main] DEBUG org.dbunit.util.CollectionsHelper  - setToStrings(set=[USER]) - start
146527 [main] DEBUG org.dbunit.database.search.TablesDependencyHelper  - getDependsOnTables(connection=_databaseConfig=org.dbunit.database.DatabaseConfig[, _propertyMap={http://www.dbunit.org/properties/statementFactory=org.dbunit.database.statement.PreparedStatementFactory@626bc2b8, http://www.dbunit.org/features/caseSensitiveTableNames=false, http://www.dbunit.org/properties/fetchSize=100, http://www.dbunit.org/features/batchedStatements=false, http://www.dbunit.org/properties/metadataHandler=org.dbunit.database.DefaultMetadataHandler@3bbfdfde, http://www.dbunit.org/properties/datatypeFactory=org.dbunit.dataset.datatype.DefaultDataTypeFactory[_toleratedDeltaMap=org.dbunit.dataset.datatype.ToleratedDeltaMap@6452310a], http://www.dbunit.org/properties/escapePattern=null, http://www.dbunit.org/properties/batchSize=100, http://www.dbunit.org/features/qualifiedTableNames=false, http://www.dbunit.org/properties/tableType=[Ljava.lang.String;@5011bafa, http://www.dbunit.org/properties/resultSetTableFactory=org.dbunit.database.CachedResultSetTableFactory@10bcf083, http://www.dbunit.org/features/datatypeWarning=true}], _dataSet=AbstractDataSet[_orderedTableNameMap=null], rootTable=USER) - start
146527 [main] DEBUG org.dbunit.util.search.DepthFirstSearch  - search(nodesFrom=[USER], callback=org.dbunit.database.search.ExportedKeysSearchCallback@35f05a9c) - start
146527 [main] DEBUG org.dbunit.util.CollectionsHelper  - objectsToSet(objects=USER) - start
146527 [main] DEBUG org.dbunit.util.search.DepthFirstSearch  - search(nodesFrom=[USER], callback=org.dbunit.database.search.ExportedKeysSearchCallback@35f05a9c) - start
146527 [main] DEBUG org.dbunit.util.search.DepthFirstSearch  - reverseSearch:USER
146527 [main] DEBUG org.dbunit.database.search.ExportedKeysSearchCallback  - searchNode(node=USER) - start
146527 [main] DEBUG org.dbunit.util.search.DepthFirstSearch  - Pushing (reverse) USER
146527 [main] DEBUG org.dbunit.database.search.ExportedKeysSearchCallback  - getEdges(node=USER) - start
146527 [main] DEBUG org.dbunit.database.search.AbstractMetaDataBasedSearchCallback  - getNodesFromExportedKeys(node=USER) - start
146527 [main] DEBUG org.dbunit.database.search.AbstractMetaDataBasedSearchCallback  - getNodes(type=1, node=USER) - start
146527 [main] DEBUG org.dbunit.database.DatabaseDataSourceConnection  - getConnection() - start
146527 [main] DEBUG org.dbunit.database.search.AbstractMetaDataBasedSearchCallback  - getNodes(type=1, node=USER, conn=Transaction-aware proxy for target Connection [jdbc:hsqldb:mem:kontrollDS, UserName=sw, HSQL Database Engine Driver], schema=null, metaData=org.apache.commons.dbcp.DelegatingDatabaseMetaData@36ccd36e, edges=[]) - start
146527 [main] DEBUG org.dbunit.database.search.AbstractMetaDataBasedSearchCallback  - Getting edges for node USER
146527 [main] TRACE org.dbunit.database.DatabaseConfig  - getProperty(name=http://www.dbunit.org/properties/metadataHandler) - start
146527 [main] TRACE org.dbunit.database.DefaultMetadataHandler  - tableExists(metaData=org.apache.commons.dbcp.DelegatingDatabaseMetaData@36ccd36e, schemaName=null, tableName=USER) - start
146528 [main] DEBUG org.dbunit.util.SQLHelper  - close(resultSet=org.apache.commons.dbcp.DelegatingResultSet@23e348a9) - start
146529 [main] DEBUG org.dbunit.util.QualifiedTableName  - getQualifiedNameIfEnabled(config=org.dbunit.database.DatabaseConfig[, _propertyMap={http://www.dbunit.org/properties/statementFactory=org.dbunit.database.statement.PreparedStatementFactory@626bc2b8, http://www.dbunit.org/features/caseSensitiveTableNames=false, http://www.dbunit.org/properties/fetchSize=100, http://www.dbunit.org/features/batchedStatements=false, http://www.dbunit.org/properties/metadataHandler=org.dbunit.database.DefaultMetadataHandler@3bbfdfde, http://www.dbunit.org/properties/datatypeFactory=org.dbunit.dataset.datatype.DefaultDataTypeFactory[_toleratedDeltaMap=org.dbunit.dataset.datatype.ToleratedDeltaMap@6452310a], http://www.dbunit.org/properties/escapePattern=null, http://www.dbunit.org/properties/batchSize=100, http://www.dbunit.org/features/qualifiedTableNames=false, http://www.dbunit.org/properties/tableType=[Ljava.lang.String;@5011bafa, http://www.dbunit.org/properties/resultSetTableFactory=org.dbunit.database.CachedResultSetTableFactory@10bcf083, http://www.dbunit.org/features/datatypeWarning=true}]) - start
146529 [main] TRACE org.dbunit.database.DatabaseConfig  - getFeature(name=http://www.dbunit.org/features/qualifiedTableNames) - start
146529 [main] TRACE org.dbunit.database.DatabaseConfig  - getProperty(name=http://www.dbunit.org/features/qualifiedTableNames) - start
146529 [main] DEBUG org.dbunit.util.QualifiedTableName  - Qualified table names feature is disabled. Returning plain table name
146529 [main] DEBUG org.dbunit.util.QualifiedTableName  - getQualifiedName(prefix=null, name=USER, escapePattern=null) - start
146529 [main] DEBUG org.dbunit.util.QualifiedTableName  - getQualifiedNameIfEnabled(config=org.dbunit.database.DatabaseConfig[, _propertyMap={http://www.dbunit.org/properties/statementFactory=org.dbunit.database.statement.PreparedStatementFactory@626bc2b8, http://www.dbunit.org/features/caseSensitiveTableNames=false, http://www.dbunit.org/properties/fetchSize=100, http://www.dbunit.org/features/batchedStatements=false, http://www.dbunit.org/properties/metadataHandler=org.dbunit.database.DefaultMetadataHandler@3bbfdfde, http://www.dbunit.org/properties/datatypeFactory=org.dbunit.dataset.datatype.DefaultDataTypeFactory[_toleratedDeltaMap=org.dbunit.dataset.datatype.ToleratedDeltaMap@6452310a], http://www.dbunit.org/properties/escapePattern=null, http://www.dbunit.org/properties/batchSize=100, http://www.dbunit.org/features/qualifiedTableNames=false, http://www.dbunit.org/properties/tableType=[Ljava.lang.String;@5011bafa, http://www.dbunit.org/properties/resultSetTableFactory=org.dbunit.database.CachedResultSetTableFactory@10bcf083, http://www.dbunit.org/features/datatypeWarning=true}]) - start
146529 [main] TRACE org.dbunit.database.DatabaseConfig  - getFeature(name=http://www.dbunit.org/features/qualifiedTableNames) - start
146529 [main] TRACE org.dbunit.database.DatabaseConfig  - getProperty(name=http://www.dbunit.org/features/qualifiedTableNames) - start
146529 [main] DEBUG org.dbunit.util.QualifiedTableName  - Qualified table names feature is disabled. Returning plain table name
146529 [main] DEBUG org.dbunit.util.QualifiedTableName  - getQualifiedName(prefix=null, name=USERS_AUTHORITIES, escapePattern=null) - start
146529 [main] DEBUG org.dbunit.database.search.AbstractMetaDataBasedSearchCallback  - newEdge(rs=org.apache.commons.dbcp.DelegatingResultSet@196c2ab2, type=1, from=USER, to=USERS_AUTHORITIES, fkColumn=USER_ID, pkColumn=ID) - start
146529 [main] DEBUG org.dbunit.database.search.AbstractMetaDataBasedSearchCallback  - createFKEdge(rs=org.apache.commons.dbcp.DelegatingResultSet@196c2ab2, type=1, from=USER, to=USERS_AUTHORITIES, fkColumn=USER_ID, pkColumn=ID) - start
146529 [main] DEBUG org.dbunit.database.search.AbstractMetaDataBasedSearchCallback  - Adding edge USERS_AUTHORITIES(USER_ID)->USER(ID)
146529 [main] DEBUG org.dbunit.util.search.Edge  - compareTo(o=USERS_AUTHORITIES(USER_ID)->USER(ID)) - start
146529 [main] DEBUG org.dbunit.util.SQLHelper  - close(resultSet=org.apache.commons.dbcp.DelegatingResultSet@196c2ab2) - start
146529 [main] DEBUG org.dbunit.util.search.DepthFirstSearch  - reverseSearch:USERS_AUTHORITIES
146529 [main] DEBUG org.dbunit.database.search.ExportedKeysSearchCallback  - searchNode(node=USERS_AUTHORITIES) - start
146529 [main] DEBUG org.dbunit.util.search.DepthFirstSearch  - Pushing (reverse) USERS_AUTHORITIES
146529 [main] DEBUG org.dbunit.database.search.ExportedKeysSearchCallback  - getEdges(node=USERS_AUTHORITIES) - start
146529 [main] DEBUG org.dbunit.database.search.AbstractMetaDataBasedSearchCallback  - getNodesFromExportedKeys(node=USERS_AUTHORITIES) - start
146529 [main] DEBUG org.dbunit.database.search.AbstractMetaDataBasedSearchCallback  - getNodes(type=1, node=USERS_AUTHORITIES) - start
146529 [main] DEBUG org.dbunit.database.DatabaseDataSourceConnection  - getConnection() - start
146530 [main] DEBUG org.dbunit.database.search.AbstractMetaDataBasedSearchCallback  - getNodes(type=1, node=USERS_AUTHORITIES, conn=Transaction-aware proxy for target Connection [jdbc:hsqldb:mem:kontrollDS, UserName=sw, HSQL Database Engine Driver], schema=null, metaData=org.apache.commons.dbcp.DelegatingDatabaseMetaData@c671928, edges=[]) - start
146530 [main] DEBUG org.dbunit.database.search.AbstractMetaDataBasedSearchCallback  - Getting edges for node USERS_AUTHORITIES
146530 [main] TRACE org.dbunit.database.DatabaseConfig  - getProperty(name=http://www.dbunit.org/properties/metadataHandler) - start
146530 [main] TRACE org.dbunit.database.DefaultMetadataHandler  - tableExists(metaData=org.apache.commons.dbcp.DelegatingDatabaseMetaData@c671928, schemaName=null, tableName=USERS_AUTHORITIES) - start
146531 [main] DEBUG org.dbunit.util.SQLHelper  - close(resultSet=org.apache.commons.dbcp.DelegatingResultSet@11d363e1) - start
146531 [main] DEBUG org.dbunit.util.SQLHelper  - close(resultSet=org.apache.commons.dbcp.DelegatingResultSet@3d1042ed) - start
146531 [main] DEBUG org.dbunit.util.search.DepthFirstSearch  - search:USERS_AUTHORITIES
146531 [main] DEBUG org.dbunit.database.search.ExportedKeysSearchCallback  - searchNode(node=USERS_AUTHORITIES) - start
146531 [main] DEBUG org.dbunit.util.search.DepthFirstSearch  - Pushing USERS_AUTHORITIES
146531 [main] DEBUG org.dbunit.database.search.ExportedKeysSearchCallback  - getEdges(node=USERS_AUTHORITIES) - start
146531 [main] DEBUG org.dbunit.database.search.AbstractMetaDataBasedSearchCallback  - getNodesFromExportedKeys(node=USERS_AUTHORITIES) - start
146531 [main] DEBUG org.dbunit.database.search.AbstractMetaDataBasedSearchCallback  - getNodes(type=1, node=USERS_AUTHORITIES) - start
146531 [main] DEBUG org.dbunit.database.DatabaseDataSourceConnection  - getConnection() - start
146531 [main] DEBUG org.dbunit.database.search.AbstractMetaDataBasedSearchCallback  - getNodes(type=1, node=USERS_AUTHORITIES, conn=Transaction-aware proxy for target Connection [jdbc:hsqldb:mem:kontrollDS, UserName=sw, HSQL Database Engine Driver], schema=null, metaData=org.apache.commons.dbcp.DelegatingDatabaseMetaData@7699f4ec, edges=[]) - start
146531 [main] DEBUG org.dbunit.database.search.AbstractMetaDataBasedSearchCallback  - Getting edges for node USERS_AUTHORITIES
146531 [main] TRACE org.dbunit.database.DatabaseConfig  - getProperty(name=http://www.dbunit.org/properties/metadataHandler) - start
146532 [main] TRACE org.dbunit.database.DefaultMetadataHandler  - tableExists(metaData=org.apache.commons.dbcp.DelegatingDatabaseMetaData@7699f4ec, schemaName=null, tableName=USERS_AUTHORITIES) - start
146533 [main] DEBUG org.dbunit.util.SQLHelper  - close(resultSet=org.apache.commons.dbcp.DelegatingResultSet@154ec8cc) - start
146533 [main] DEBUG org.dbunit.util.SQLHelper  - close(resultSet=org.apache.commons.dbcp.DelegatingResultSet@5fec2ad) - start
146533 [main] DEBUG org.dbunit.util.search.DepthFirstSearch  - Adding node USERS_AUTHORITIES to the final result
146533 [main] DEBUG org.dbunit.util.search.DepthFirstSearch  - search:USER
146533 [main] DEBUG org.dbunit.database.search.ExportedKeysSearchCallback  - searchNode(node=USER) - start
146533 [main] DEBUG org.dbunit.util.search.DepthFirstSearch  - Pushing USER
146533 [main] DEBUG org.dbunit.database.search.ExportedKeysSearchCallback  - getEdges(node=USER) - start
146533 [main] DEBUG org.dbunit.database.search.AbstractMetaDataBasedSearchCallback  - getNodesFromExportedKeys(node=USER) - start
146533 [main] DEBUG org.dbunit.database.search.AbstractMetaDataBasedSearchCallback  - getNodes(type=1, node=USER) - start
146533 [main] DEBUG org.dbunit.database.DatabaseDataSourceConnection  - getConnection() - start
146533 [main] DEBUG org.dbunit.database.search.AbstractMetaDataBasedSearchCallback  - getNodes(type=1, node=USER, conn=Transaction-aware proxy for target Connection [jdbc:hsqldb:mem:kontrollDS, UserName=sw, HSQL Database Engine Driver], schema=null, metaData=org.apache.commons.dbcp.DelegatingDatabaseMetaData@189eeeee, edges=[]) - start
146533 [main] DEBUG org.dbunit.database.search.AbstractMetaDataBasedSearchCallback  - Getting edges for node USER
146533 [main] TRACE org.dbunit.database.DatabaseConfig  - getProperty(name=http://www.dbunit.org/properties/metadataHandler) - start
146533 [main] TRACE org.dbunit.database.DefaultMetadataHandler  - tableExists(metaData=org.apache.commons.dbcp.DelegatingDatabaseMetaData@189eeeee, schemaName=null, tableName=USER) - start
146534 [main] DEBUG org.dbunit.util.SQLHelper  - close(resultSet=org.apache.commons.dbcp.DelegatingResultSet@4df1ecf9) - start
146534 [main] DEBUG org.dbunit.util.QualifiedTableName  - getQualifiedNameIfEnabled(config=org.dbunit.database.DatabaseConfig[, _propertyMap={http://www.dbunit.org/properties/statementFactory=org.dbunit.database.statement.PreparedStatementFactory@626bc2b8, http://www.dbunit.org/features/caseSensitiveTableNames=false, http://www.dbunit.org/properties/fetchSize=100, http://www.dbunit.org/features/batchedStatements=false, http://www.dbunit.org/properties/metadataHandler=org.dbunit.database.DefaultMetadataHandler@3bbfdfde, http://www.dbunit.org/properties/datatypeFactory=org.dbunit.dataset.datatype.DefaultDataTypeFactory[_toleratedDeltaMap=org.dbunit.dataset.datatype.ToleratedDeltaMap@6452310a], http://www.dbunit.org/properties/escapePattern=null, http://www.dbunit.org/properties/batchSize=100, http://www.dbunit.org/features/qualifiedTableNames=false, http://www.dbunit.org/properties/tableType=[Ljava.lang.String;@5011bafa, http://www.dbunit.org/properties/resultSetTableFactory=org.dbunit.database.CachedResultSetTableFactory@10bcf083, http://www.dbunit.org/features/datatypeWarning=true}]) - start
146534 [main] TRACE org.dbunit.database.DatabaseConfig  - getFeature(name=http://www.dbunit.org/features/qualifiedTableNames) - start
146535 [main] TRACE org.dbunit.database.DatabaseConfig  - getProperty(name=http://www.dbunit.org/features/qualifiedTableNames) - start
146535 [main] DEBUG org.dbunit.util.QualifiedTableName  - Qualified table names feature is disabled. Returning plain table name
146535 [main] DEBUG org.dbunit.util.QualifiedTableName  - getQualifiedName(prefix=null, name=USER, escapePattern=null) - start
146535 [main] DEBUG org.dbunit.util.QualifiedTableName  - getQualifiedNameIfEnabled(config=org.dbunit.database.DatabaseConfig[, _propertyMap={http://www.dbunit.org/properties/statementFactory=org.dbunit.database.statement.PreparedStatementFactory@626bc2b8, http://www.dbunit.org/features/caseSensitiveTableNames=false, http://www.dbunit.org/properties/fetchSize=100, http://www.dbunit.org/features/batchedStatements=false, http://www.dbunit.org/properties/metadataHandler=org.dbunit.database.DefaultMetadataHandler@3bbfdfde, http://www.dbunit.org/properties/datatypeFactory=org.dbunit.dataset.datatype.DefaultDataTypeFactory[_toleratedDeltaMap=org.dbunit.dataset.datatype.ToleratedDeltaMap@6452310a], http://www.dbunit.org/properties/escapePattern=null, http://www.dbunit.org/properties/batchSize=100, http://www.dbunit.org/features/qualifiedTableNames=false, http://www.dbunit.org/properties/tableType=[Ljava.lang.String;@5011bafa, http://www.dbunit.org/properties/resultSetTableFactory=org.dbunit.database.CachedResultSetTableFactory@10bcf083, http://www.dbunit.org/features/datatypeWarning=true}]) - start
146535 [main] TRACE org.dbunit.database.DatabaseConfig  - getFeature(name=http://www.dbunit.org/features/qualifiedTableNames) - start
146535 [main] TRACE org.dbunit.database.DatabaseConfig  - getProperty(name=http://www.dbunit.org/features/qualifiedTableNames) - start
146535 [main] DEBUG org.dbunit.util.QualifiedTableName  - Qualified table names feature is disabled. Returning plain table name
146535 [main] DEBUG org.dbunit.util.QualifiedTableName  - getQualifiedName(prefix=null, name=USERS_AUTHORITIES, escapePattern=null) - start
146535 [main] DEBUG org.dbunit.database.search.AbstractMetaDataBasedSearchCallback  - newEdge(rs=org.apache.commons.dbcp.DelegatingResultSet@62d73264, type=1, from=USER, to=USERS_AUTHORITIES, fkColumn=USER_ID, pkColumn=ID) - start
146535 [main] DEBUG org.dbunit.database.search.AbstractMetaDataBasedSearchCallback  - createFKEdge(rs=org.apache.commons.dbcp.DelegatingResultSet@62d73264, type=1, from=USER, to=USERS_AUTHORITIES, fkColumn=USER_ID, pkColumn=ID) - start
146535 [main] DEBUG org.dbunit.database.search.AbstractMetaDataBasedSearchCallback  - Adding edge USERS_AUTHORITIES(USER_ID)->USER(ID)
146535 [main] DEBUG org.dbunit.util.search.Edge  - compareTo(o=USERS_AUTHORITIES(USER_ID)->USER(ID)) - start
146535 [main] DEBUG org.dbunit.util.SQLHelper  - close(resultSet=org.apache.commons.dbcp.DelegatingResultSet@62d73264) - start
146535 [main] DEBUG org.dbunit.util.search.DepthFirstSearch  - search:USER
146535 [main] DEBUG org.dbunit.util.search.DepthFirstSearch  - already searched; returning true
146535 [main] DEBUG org.dbunit.util.search.DepthFirstSearch  - Adding node USER to the final result
146535 [main] DEBUG org.dbunit.util.CollectionsHelper  - setToStrings(set=[USERS_AUTHORITIES, USER]) - start
146535 [main] DEBUG org.dbunit.database.search.TablesDependencyHelper  - getDirectDependsOnTables(connection=_databaseConfig=org.dbunit.database.DatabaseConfig[, _propertyMap={http://www.dbunit.org/properties/statementFactory=org.dbunit.database.statement.PreparedStatementFactory@626bc2b8, http://www.dbunit.org/features/caseSensitiveTableNames=false, http://www.dbunit.org/properties/fetchSize=100, http://www.dbunit.org/features/batchedStatements=false, http://www.dbunit.org/properties/metadataHandler=org.dbunit.database.DefaultMetadataHandler@3bbfdfde, http://www.dbunit.org/properties/datatypeFactory=org.dbunit.dataset.datatype.DefaultDataTypeFactory[_toleratedDeltaMap=org.dbunit.dataset.datatype.ToleratedDeltaMap@6452310a], http://www.dbunit.org/properties/escapePattern=null, http://www.dbunit.org/properties/batchSize=100, http://www.dbunit.org/features/qualifiedTableNames=false, http://www.dbunit.org/properties/tableType=[Ljava.lang.String;@5011bafa, http://www.dbunit.org/properties/resultSetTableFactory=org.dbunit.database.CachedResultSetTableFactory@10bcf083, http://www.dbunit.org/features/datatypeWarning=true}], _dataSet=AbstractDataSet[_orderedTableNameMap=null], tableName=USER) - start
146535 [main] DEBUG org.dbunit.util.search.DepthFirstSearch  - search(nodesFrom=[USER], callback=org.dbunit.database.search.ExportedKeysSearchCallback@3a996bbc) - start
146535 [main] DEBUG org.dbunit.util.CollectionsHelper  - objectsToSet(objects=USER) - start
146535 [main] DEBUG org.dbunit.util.search.DepthFirstSearch  - search(nodesFrom=[USER], callback=org.dbunit.database.search.ExportedKeysSearchCallback@3a996bbc) - start
146535 [main] DEBUG org.dbunit.util.search.DepthFirstSearch  - reverseSearch:USER
146535 [main] DEBUG org.dbunit.database.search.ExportedKeysSearchCallback  - searchNode(node=USER) - start
146535 [main] DEBUG org.dbunit.util.search.DepthFirstSearch  - Pushing (reverse) USER
146536 [main] DEBUG org.dbunit.database.search.ExportedKeysSearchCallback  - getEdges(node=USER) - start
146536 [main] DEBUG org.dbunit.database.search.AbstractMetaDataBasedSearchCallback  - getNodesFromExportedKeys(node=USER) - start
146536 [main] DEBUG org.dbunit.database.search.AbstractMetaDataBasedSearchCallback  - getNodes(type=1, node=USER) - start
146536 [main] DEBUG org.dbunit.database.DatabaseDataSourceConnection  - getConnection() - start
146536 [main] DEBUG org.dbunit.database.search.AbstractMetaDataBasedSearchCallback  - getNodes(type=1, node=USER, conn=Transaction-aware proxy for target Connection [jdbc:hsqldb:mem:kontrollDS, UserName=sw, HSQL Database Engine Driver], schema=null, metaData=org.apache.commons.dbcp.DelegatingDatabaseMetaData@2e7021b2, edges=[]) - start
146536 [main] DEBUG org.dbunit.database.search.AbstractMetaDataBasedSearchCallback  - Getting edges for node USER
146536 [main] TRACE org.dbunit.database.DatabaseConfig  - getProperty(name=http://www.dbunit.org/properties/metadataHandler) - start
146536 [main] TRACE org.dbunit.database.DefaultMetadataHandler  - tableExists(metaData=org.apache.commons.dbcp.DelegatingDatabaseMetaData@2e7021b2, schemaName=null, tableName=USER) - start
146537 [main] DEBUG org.dbunit.util.SQLHelper  - close(resultSet=org.apache.commons.dbcp.DelegatingResultSet@7019c9a2) - start
146537 [main] DEBUG org.dbunit.util.QualifiedTableName  - getQualifiedNameIfEnabled(config=org.dbunit.database.DatabaseConfig[, _propertyMap={http://www.dbunit.org/properties/statementFactory=org.dbunit.database.statement.PreparedStatementFactory@626bc2b8, http://www.dbunit.org/features/caseSensitiveTableNames=false, http://www.dbunit.org/properties/fetchSize=100, http://www.dbunit.org/features/batchedStatements=false, http://www.dbunit.org/properties/metadataHandler=org.dbunit.database.DefaultMetadataHandler@3bbfdfde, http://www.dbunit.org/properties/datatypeFactory=org.dbunit.dataset.datatype.DefaultDataTypeFactory[_toleratedDeltaMap=org.dbunit.dataset.datatype.ToleratedDeltaMap@6452310a], http://www.dbunit.org/properties/escapePattern=null, http://www.dbunit.org/properties/batchSize=100, http://www.dbunit.org/features/qualifiedTableNames=false, http://www.dbunit.org/properties/tableType=[Ljava.lang.String;@5011bafa, http://www.dbunit.org/properties/resultSetTableFactory=org.dbunit.database.CachedResultSetTableFactory@10bcf083, http://www.dbunit.org/features/datatypeWarning=true}]) - start
146537 [main] TRACE org.dbunit.database.DatabaseConfig  - getFeature(name=http://www.dbunit.org/features/qualifiedTableNames) - start
146537 [main] TRACE org.dbunit.database.DatabaseConfig  - getProperty(name=http://www.dbunit.org/features/qualifiedTableNames) - start
146537 [main] DEBUG org.dbunit.util.QualifiedTableName  - Qualified table names feature is disabled. Returning plain table name
146537 [main] DEBUG org.dbunit.util.QualifiedTableName  - getQualifiedName(prefix=null, name=USER, escapePattern=null) - start
146537 [main] DEBUG org.dbunit.util.QualifiedTableName  - getQualifiedNameIfEnabled(config=org.dbunit.database.DatabaseConfig[, _propertyMap={http://www.dbunit.org/properties/statementFactory=org.dbunit.database.statement.PreparedStatementFactory@626bc2b8, http://www.dbunit.org/features/caseSensitiveTableNames=false, http://www.dbunit.org/properties/fetchSize=100, http://www.dbunit.org/features/batchedStatements=false, http://www.dbunit.org/properties/metadataHandler=org.dbunit.database.DefaultMetadataHandler@3bbfdfde, http://www.dbunit.org/properties/datatypeFactory=org.dbunit.dataset.datatype.DefaultDataTypeFactory[_toleratedDeltaMap=org.dbunit.dataset.datatype.ToleratedDeltaMap@6452310a], http://www.dbunit.org/properties/escapePattern=null, http://www.dbunit.org/properties/batchSize=100, http://www.dbunit.org/features/qualifiedTableNames=false, http://www.dbunit.org/properties/tableType=[Ljava.lang.String;@5011bafa, http://www.dbunit.org/properties/resultSetTableFactory=org.dbunit.database.CachedResultSetTableFactory@10bcf083, http://www.dbunit.org/features/datatypeWarning=true}]) - start
146537 [main] TRACE org.dbunit.database.DatabaseConfig  - getFeature(name=http://www.dbunit.org/features/qualifiedTableNames) - start
146537 [main] TRACE org.dbunit.database.DatabaseConfig  - getProperty(name=http://www.dbunit.org/features/qualifiedTableNames) - start
146537 [main] DEBUG org.dbunit.util.QualifiedTableName  - Qualified table names feature is disabled. Returning plain table name
146537 [main] DEBUG org.dbunit.util.QualifiedTableName  - getQualifiedName(prefix=null, name=USERS_AUTHORITIES, escapePattern=null) - start
146537 [main] DEBUG org.dbunit.database.search.AbstractMetaDataBasedSearchCallback  - newEdge(rs=org.apache.commons.dbcp.DelegatingResultSet@1c205d72, type=1, from=USER, to=USERS_AUTHORITIES, fkColumn=USER_ID, pkColumn=ID) - start
146538 [main] DEBUG org.dbunit.database.search.AbstractMetaDataBasedSearchCallback  - createFKEdge(rs=org.apache.commons.dbcp.DelegatingResultSet@1c205d72, type=1, from=USER, to=USERS_AUTHORITIES, fkColumn=USER_ID, pkColumn=ID) - start
146538 [main] DEBUG org.dbunit.database.search.AbstractMetaDataBasedSearchCallback  - Adding edge USERS_AUTHORITIES(USER_ID)->USER(ID)
146538 [main] DEBUG org.dbunit.util.search.Edge  - compareTo(o=USERS_AUTHORITIES(USER_ID)->USER(ID)) - start
146538 [main] DEBUG org.dbunit.util.SQLHelper  - close(resultSet=org.apache.commons.dbcp.DelegatingResultSet@1c205d72) - start
146538 [main] DEBUG org.dbunit.util.search.DepthFirstSearch  - reverseSearch:USERS_AUTHORITIES
146538 [main] DEBUG org.dbunit.database.search.ExportedKeysSearchCallback  - searchNode(node=USERS_AUTHORITIES) - start
146538 [main] DEBUG org.dbunit.util.search.DepthFirstSearch  - Pushing (reverse) USERS_AUTHORITIES
146538 [main] DEBUG org.dbunit.database.search.ExportedKeysSearchCallback  - getEdges(node=USERS_AUTHORITIES) - start
146538 [main] DEBUG org.dbunit.database.search.AbstractMetaDataBasedSearchCallback  - getNodesFromExportedKeys(node=USERS_AUTHORITIES) - start
146538 [main] DEBUG org.dbunit.database.search.AbstractMetaDataBasedSearchCallback  - getNodes(type=1, node=USERS_AUTHORITIES) - start
146538 [main] DEBUG org.dbunit.database.DatabaseDataSourceConnection  - getConnection() - start
146538 [main] DEBUG org.dbunit.database.search.AbstractMetaDataBasedSearchCallback  - getNodes(type=1, node=USERS_AUTHORITIES, conn=Transaction-aware proxy for target Connection [jdbc:hsqldb:mem:kontrollDS, UserName=sw, HSQL Database Engine Driver], schema=null, metaData=org.apache.commons.dbcp.DelegatingDatabaseMetaData@10d6f5cb, edges=[]) - start
146538 [main] DEBUG org.dbunit.database.search.AbstractMetaDataBasedSearchCallback  - Getting edges for node USERS_AUTHORITIES
146538 [main] TRACE org.dbunit.database.DatabaseConfig  - getProperty(name=http://www.dbunit.org/properties/metadataHandler) - start
146538 [main] TRACE org.dbunit.database.DefaultMetadataHandler  - tableExists(metaData=org.apache.commons.dbcp.DelegatingDatabaseMetaData@10d6f5cb, schemaName=null, tableName=USERS_AUTHORITIES) - start
146539 [main] DEBUG org.dbunit.util.SQLHelper  - close(resultSet=org.apache.commons.dbcp.DelegatingResultSet@37f66ff8) - start
146539 [main] DEBUG org.dbunit.util.SQLHelper  - close(resultSet=org.apache.commons.dbcp.DelegatingResultSet@250a103f) - start
146539 [main] DEBUG org.dbunit.util.search.DepthFirstSearch  - search:USERS_AUTHORITIES
146539 [main] DEBUG org.dbunit.database.search.ExportedKeysSearchCallback  - searchNode(node=USERS_AUTHORITIES) - start
146539 [main] DEBUG org.dbunit.util.search.DepthFirstSearch  - Pushing USERS_AUTHORITIES
146540 [main] DEBUG org.dbunit.database.search.ExportedKeysSearchCallback  - getEdges(node=USERS_AUTHORITIES) - start
146540 [main] DEBUG org.dbunit.database.search.AbstractMetaDataBasedSearchCallback  - getNodesFromExportedKeys(node=USERS_AUTHORITIES) - start
146540 [main] DEBUG org.dbunit.database.search.AbstractMetaDataBasedSearchCallback  - getNodes(type=1, node=USERS_AUTHORITIES) - start
146540 [main] DEBUG org.dbunit.database.DatabaseDataSourceConnection  - getConnection() - start
146540 [main] DEBUG org.dbunit.database.search.AbstractMetaDataBasedSearchCallback  - getNodes(type=1, node=USERS_AUTHORITIES, conn=Transaction-aware proxy for target Connection [jdbc:hsqldb:mem:kontrollDS, UserName=sw, HSQL Database Engine Driver], schema=null, metaData=org.apache.commons.dbcp.DelegatingDatabaseMetaData@37b0ab18, edges=[]) - start
146540 [main] DEBUG org.dbunit.database.search.AbstractMetaDataBasedSearchCallback  - Getting edges for node USERS_AUTHORITIES
146540 [main] TRACE org.dbunit.database.DatabaseConfig  - getProperty(name=http://www.dbunit.org/properties/metadataHandler) - start
146540 [main] TRACE org.dbunit.database.DefaultMetadataHandler  - tableExists(metaData=org.apache.commons.dbcp.DelegatingDatabaseMetaData@37b0ab18, schemaName=null, tableName=USERS_AUTHORITIES) - start
146541 [main] DEBUG org.dbunit.util.SQLHelper  - close(resultSet=org.apache.commons.dbcp.DelegatingResultSet@177cbfe) - start
146541 [main] DEBUG org.dbunit.util.SQLHelper  - close(resultSet=org.apache.commons.dbcp.DelegatingResultSet@6c840493) - start
146541 [main] DEBUG org.dbunit.util.search.DepthFirstSearch  - Adding node USERS_AUTHORITIES to the final result
146541 [main] DEBUG org.dbunit.util.search.DepthFirstSearch  - search:USER
146541 [main] DEBUG org.dbunit.database.search.ExportedKeysSearchCallback  - searchNode(node=USER) - start
146541 [main] DEBUG org.dbunit.util.search.DepthFirstSearch  - Pushing USER
146541 [main] DEBUG org.dbunit.database.search.ExportedKeysSearchCallback  - getEdges(node=USER) - start
146541 [main] DEBUG org.dbunit.database.search.AbstractMetaDataBasedSearchCallback  - getNodesFromExportedKeys(node=USER) - start
146541 [main] DEBUG org.dbunit.database.search.AbstractMetaDataBasedSearchCallback  - getNodes(type=1, node=USER) - start
146541 [main] DEBUG org.dbunit.database.DatabaseDataSourceConnection  - getConnection() - start
146541 [main] DEBUG org.dbunit.database.search.AbstractMetaDataBasedSearchCallback  - getNodes(type=1, node=USER, conn=Transaction-aware proxy for target Connection [jdbc:hsqldb:mem:kontrollDS, UserName=sw, HSQL Database Engine Driver], schema=null, metaData=org.apache.commons.dbcp.DelegatingDatabaseMetaData@4f48868d, edges=[]) - start
146541 [main] DEBUG org.dbunit.database.search.AbstractMetaDataBasedSearchCallback  - Getting edges for node USER
146541 [main] TRACE org.dbunit.database.DatabaseConfig  - getProperty(name=http://www.dbunit.org/properties/metadataHandler) - start
146543 [main] TRACE org.dbunit.database.DefaultMetadataHandler  - tableExists(metaData=org.apache.commons.dbcp.DelegatingDatabaseMetaData@4f48868d, schemaName=null, tableName=USER) - start
146544 [main] DEBUG org.dbunit.util.SQLHelper  - close(resultSet=org.apache.commons.dbcp.DelegatingResultSet@660e5f51) - start
146545 [main] DEBUG org.dbunit.util.QualifiedTableName  - getQualifiedNameIfEnabled(config=org.dbunit.database.DatabaseConfig[, _propertyMap={http://www.dbunit.org/properties/statementFactory=org.dbunit.database.statement.PreparedStatementFactory@626bc2b8, http://www.dbunit.org/features/caseSensitiveTableNames=false, http://www.dbunit.org/properties/fetchSize=100, http://www.dbunit.org/features/batchedStatements=false, http://www.dbunit.org/properties/metadataHandler=org.dbunit.database.DefaultMetadataHandler@3bbfdfde, http://www.dbunit.org/properties/datatypeFactory=org.dbunit.dataset.datatype.DefaultDataTypeFactory[_toleratedDeltaMap=org.dbunit.dataset.datatype.ToleratedDeltaMap@6452310a], http://www.dbunit.org/properties/escapePattern=null, http://www.dbunit.org/properties/batchSize=100, http://www.dbunit.org/features/qualifiedTableNames=false, http://www.dbunit.org/properties/tableType=[Ljava.lang.String;@5011bafa, http://www.dbunit.org/properties/resultSetTableFactory=org.dbunit.database.CachedResultSetTableFactory@10bcf083, http://www.dbunit.org/features/datatypeWarning=true}]) - start
146545 [main] TRACE org.dbunit.database.DatabaseConfig  - getFeature(name=http://www.dbunit.org/features/qualifiedTableNames) - start
146545 [main] TRACE org.dbunit.database.DatabaseConfig  - getProperty(name=http://www.dbunit.org/features/qualifiedTableNames) - start
146545 [main] DEBUG org.dbunit.util.QualifiedTableName  - Qualified table names feature is disabled. Returning plain table name
146545 [main] DEBUG org.dbunit.util.QualifiedTableName  - getQualifiedName(prefix=null, name=USER, escapePattern=null) - start
146545 [main] DEBUG org.dbunit.util.QualifiedTableName  - getQualifiedNameIfEnabled(config=org.dbunit.database.DatabaseConfig[, _propertyMap={http://www.dbunit.org/properties/statementFactory=org.dbunit.database.statement.PreparedStatementFactory@626bc2b8, http://www.dbunit.org/features/caseSensitiveTableNames=false, http://www.dbunit.org/properties/fetchSize=100, http://www.dbunit.org/features/batchedStatements=false, http://www.dbunit.org/properties/metadataHandler=org.dbunit.database.DefaultMetadataHandler@3bbfdfde, http://www.dbunit.org/properties/datatypeFactory=org.dbunit.dataset.datatype.DefaultDataTypeFactory[_toleratedDeltaMap=org.dbunit.dataset.datatype.ToleratedDeltaMap@6452310a], http://www.dbunit.org/properties/escapePattern=null, http://www.dbunit.org/properties/batchSize=100, http://www.dbunit.org/features/qualifiedTableNames=false, http://www.dbunit.org/properties/tableType=[Ljava.lang.String;@5011bafa, http://www.dbunit.org/properties/resultSetTableFactory=org.dbunit.database.CachedResultSetTableFactory@10bcf083, http://www.dbunit.org/features/datatypeWarning=true}]) - start
146545 [main] TRACE org.dbunit.database.DatabaseConfig  - getFeature(name=http://www.dbunit.org/features/qualifiedTableNames) - start
146545 [main] TRACE org.dbunit.database.DatabaseConfig  - getProperty(name=http://www.dbunit.org/features/qualifiedTableNames) - start
146545 [main] DEBUG org.dbunit.util.QualifiedTableName  - Qualified table names feature is disabled. Returning plain table name
146545 [main] DEBUG org.dbunit.util.QualifiedTableName  - getQualifiedName(prefix=null, name=USERS_AUTHORITIES, escapePattern=null) - start
146545 [main] DEBUG org.dbunit.database.search.AbstractMetaDataBasedSearchCallback  - newEdge(rs=org.apache.commons.dbcp.DelegatingResultSet@2042b031, type=1, from=USER, to=USERS_AUTHORITIES, fkColumn=USER_ID, pkColumn=ID) - start
146545 [main] DEBUG org.dbunit.database.search.AbstractMetaDataBasedSearchCallback  - createFKEdge(rs=org.apache.commons.dbcp.DelegatingResultSet@2042b031, type=1, from=USER, to=USERS_AUTHORITIES, fkColumn=USER_ID, pkColumn=ID) - start
146545 [main] DEBUG org.dbunit.database.search.AbstractMetaDataBasedSearchCallback  - Adding edge USERS_AUTHORITIES(USER_ID)->USER(ID)
146545 [main] DEBUG org.dbunit.util.search.Edge  - compareTo(o=USERS_AUTHORITIES(USER_ID)->USER(ID)) - start
146545 [main] DEBUG org.dbunit.util.SQLHelper  - close(resultSet=org.apache.commons.dbcp.DelegatingResultSet@2042b031) - start
146545 [main] DEBUG org.dbunit.util.search.DepthFirstSearch  - search:USER
146545 [main] DEBUG org.dbunit.util.search.DepthFirstSearch  - already searched; returning true
146545 [main] DEBUG org.dbunit.util.search.DepthFirstSearch  - Adding node USER to the final result
146545 [main] DEBUG org.dbunit.database.search.TablesDependencyHelper  - getDirectDependentTables(connection=_databaseConfig=org.dbunit.database.DatabaseConfig[, _propertyMap={http://www.dbunit.org/properties/statementFactory=org.dbunit.database.statement.PreparedStatementFactory@626bc2b8, http://www.dbunit.org/features/caseSensitiveTableNames=false, http://www.dbunit.org/properties/fetchSize=100, http://www.dbunit.org/features/batchedStatements=false, http://www.dbunit.org/properties/metadataHandler=org.dbunit.database.DefaultMetadataHandler@3bbfdfde, http://www.dbunit.org/properties/datatypeFactory=org.dbunit.dataset.datatype.DefaultDataTypeFactory[_toleratedDeltaMap=org.dbunit.dataset.datatype.ToleratedDeltaMap@6452310a], http://www.dbunit.org/properties/escapePattern=null, http://www.dbunit.org/properties/batchSize=100, http://www.dbunit.org/features/qualifiedTableNames=false, http://www.dbunit.org/properties/tableType=[Ljava.lang.String;@5011bafa, http://www.dbunit.org/properties/resultSetTableFactory=org.dbunit.database.CachedResultSetTableFactory@10bcf083, http://www.dbunit.org/features/datatypeWarning=true}], _dataSet=AbstractDataSet[_orderedTableNameMap=null], tableName=USER) - start
146545 [main] DEBUG org.dbunit.util.search.DepthFirstSearch  - search(nodesFrom=[USER], callback=org.dbunit.database.search.ImportedKeysSearchCallback@57e74c80) - start
146545 [main] DEBUG org.dbunit.util.CollectionsHelper  - objectsToSet(objects=USER) - start
146546 [main] DEBUG org.dbunit.util.search.DepthFirstSearch  - search(nodesFrom=[USER], callback=org.dbunit.database.search.ImportedKeysSearchCallback@57e74c80) - start
146546 [main] DEBUG org.dbunit.util.search.DepthFirstSearch  - reverseSearch:USER
146546 [main] DEBUG org.dbunit.database.search.ImportedKeysSearchCallback  - searchNode(node=USER) - start
146546 [main] DEBUG org.dbunit.util.search.DepthFirstSearch  - Pushing (reverse) USER
146546 [main] DEBUG org.dbunit.database.search.ImportedKeysSearchCallback  - getEdges(node=USER) - start
146546 [main] DEBUG org.dbunit.database.search.AbstractMetaDataBasedSearchCallback  - getNodesFromImportedKeys(node=USER) - start
146546 [main] DEBUG org.dbunit.database.search.AbstractMetaDataBasedSearchCallback  - getNodes(type=0, node=USER) - start
146546 [main] DEBUG org.dbunit.database.DatabaseDataSourceConnection  - getConnection() - start
146546 [main] DEBUG org.dbunit.database.search.AbstractMetaDataBasedSearchCallback  - getNodes(type=0, node=USER, conn=Transaction-aware proxy for target Connection [jdbc:hsqldb:mem:kontrollDS, UserName=sw, HSQL Database Engine Driver], schema=null, metaData=org.apache.commons.dbcp.DelegatingDatabaseMetaData@124f9496, edges=[]) - start
146546 [main] DEBUG org.dbunit.database.search.AbstractMetaDataBasedSearchCallback  - Getting edges for node USER
146546 [main] TRACE org.dbunit.database.DatabaseConfig  - getProperty(name=http://www.dbunit.org/properties/metadataHandler) - start
146546 [main] TRACE org.dbunit.database.DefaultMetadataHandler  - tableExists(metaData=org.apache.commons.dbcp.DelegatingDatabaseMetaData@124f9496, schemaName=null, tableName=USER) - start
146547 [main] DEBUG org.dbunit.util.SQLHelper  - close(resultSet=org.apache.commons.dbcp.DelegatingResultSet@5c617543) - start
146547 [main] DEBUG org.dbunit.util.SQLHelper  - close(resultSet=org.apache.commons.dbcp.DelegatingResultSet@4e795e35) - start
146547 [main] DEBUG org.dbunit.util.search.DepthFirstSearch  - search:USER
146547 [main] DEBUG org.dbunit.database.search.ImportedKeysSearchCallback  - searchNode(node=USER) - start
146547 [main] DEBUG org.dbunit.util.search.DepthFirstSearch  - Pushing USER
146547 [main] DEBUG org.dbunit.database.search.ImportedKeysSearchCallback  - getEdges(node=USER) - start
146547 [main] DEBUG org.dbunit.database.search.AbstractMetaDataBasedSearchCallback  - getNodesFromImportedKeys(node=USER) - start
146548 [main] DEBUG org.dbunit.database.search.AbstractMetaDataBasedSearchCallback  - getNodes(type=0, node=USER) - start
146548 [main] DEBUG org.dbunit.database.DatabaseDataSourceConnection  - getConnection() - start
146548 [main] DEBUG org.dbunit.database.search.AbstractMetaDataBasedSearchCallback  - getNodes(type=0, node=USER, conn=Transaction-aware proxy for target Connection [jdbc:hsqldb:mem:kontrollDS, UserName=sw, HSQL Database Engine Driver], schema=null, metaData=org.apache.commons.dbcp.DelegatingDatabaseMetaData@21811d3, edges=[]) - start
146548 [main] DEBUG org.dbunit.database.search.AbstractMetaDataBasedSearchCallback  - Getting edges for node USER
146548 [main] TRACE org.dbunit.database.DatabaseConfig  - getProperty(name=http://www.dbunit.org/properties/metadataHandler) - start
146548 [main] TRACE org.dbunit.database.DefaultMetadataHandler  - tableExists(metaData=org.apache.commons.dbcp.DelegatingDatabaseMetaData@21811d3, schemaName=null, tableName=USER) - start
146549 [main] DEBUG org.dbunit.util.SQLHelper  - close(resultSet=org.apache.commons.dbcp.DelegatingResultSet@35b1912) - start
146549 [main] DEBUG org.dbunit.util.SQLHelper  - close(resultSet=org.apache.commons.dbcp.DelegatingResultSet@61edaeed) - start
146549 [main] DEBUG org.dbunit.util.search.DepthFirstSearch  - Adding node USER to the final result
146550 [main] DEBUG org.dbunit.database.DatabaseSequenceFilter  - getDependencyInfo(connection=_databaseConfig=org.dbunit.database.DatabaseConfig[, _propertyMap={http://www.dbunit.org/properties/statementFactory=org.dbunit.database.statement.PreparedStatementFactory@626bc2b8, http://www.dbunit.org/features/caseSensitiveTableNames=false, http://www.dbunit.org/properties/fetchSize=100, http://www.dbunit.org/features/batchedStatements=false, http://www.dbunit.org/properties/metadataHandler=org.dbunit.database.DefaultMetadataHandler@3bbfdfde, http://www.dbunit.org/properties/datatypeFactory=org.dbunit.dataset.datatype.DefaultDataTypeFactory[_toleratedDeltaMap=org.dbunit.dataset.datatype.ToleratedDeltaMap@6452310a], http://www.dbunit.org/properties/escapePattern=null, http://www.dbunit.org/properties/batchSize=100, http://www.dbunit.org/features/qualifiedTableNames=false, http://www.dbunit.org/properties/tableType=[Ljava.lang.String;@5011bafa, http://www.dbunit.org/properties/resultSetTableFactory=org.dbunit.database.CachedResultSetTableFactory@10bcf083, http://www.dbunit.org/features/datatypeWarning=true}], _dataSet=AbstractDataSet[_orderedTableNameMap=null], tableName=USERS_AUTHORITIES) - start
146550 [main] DEBUG org.dbunit.database.search.TablesDependencyHelper  - getDependentTables(connection=_databaseConfig=org.dbunit.database.DatabaseConfig[, _propertyMap={http://www.dbunit.org/properties/statementFactory=org.dbunit.database.statement.PreparedStatementFactory@626bc2b8, http://www.dbunit.org/features/caseSensitiveTableNames=false, http://www.dbunit.org/properties/fetchSize=100, http://www.dbunit.org/features/batchedStatements=false, http://www.dbunit.org/properties/metadataHandler=org.dbunit.database.DefaultMetadataHandler@3bbfdfde, http://www.dbunit.org/properties/datatypeFactory=org.dbunit.dataset.datatype.DefaultDataTypeFactory[_toleratedDeltaMap=org.dbunit.dataset.datatype.ToleratedDeltaMap@6452310a], http://www.dbunit.org/properties/escapePattern=null, http://www.dbunit.org/properties/batchSize=100, http://www.dbunit.org/features/qualifiedTableNames=false, http://www.dbunit.org/properties/tableType=[Ljava.lang.String;@5011bafa, http://www.dbunit.org/properties/resultSetTableFactory=org.dbunit.database.CachedResultSetTableFactory@10bcf083, http://www.dbunit.org/features/datatypeWarning=true}], _dataSet=AbstractDataSet[_orderedTableNameMap=null], rootTable=USERS_AUTHORITIES) - start
146550 [main] DEBUG org.dbunit.database.search.TablesDependencyHelper  - getDependentTables(connection=_databaseConfig=org.dbunit.database.DatabaseConfig[, _propertyMap={http://www.dbunit.org/properties/statementFactory=org.dbunit.database.statement.PreparedStatementFactory@626bc2b8, http://www.dbunit.org/features/caseSensitiveTableNames=false, http://www.dbunit.org/properties/fetchSize=100, http://www.dbunit.org/features/batchedStatements=false, http://www.dbunit.org/properties/metadataHandler=org.dbunit.database.DefaultMetadataHandler@3bbfdfde, http://www.dbunit.org/properties/datatypeFactory=org.dbunit.dataset.datatype.DefaultDataTypeFactory[_toleratedDeltaMap=org.dbunit.dataset.datatype.ToleratedDeltaMap@6452310a], http://www.dbunit.org/properties/escapePattern=null, http://www.dbunit.org/properties/batchSize=100, http://www.dbunit.org/features/qualifiedTableNames=false, http://www.dbunit.org/properties/tableType=[Ljava.lang.String;@5011bafa, http://www.dbunit.org/properties/resultSetTableFactory=org.dbunit.database.CachedResultSetTableFactory@10bcf083, http://www.dbunit.org/features/datatypeWarning=true}], _dataSet=AbstractDataSet[_orderedTableNameMap=null], rootTables=[USERS_AUTHORITIES]) - start
146550 [main] DEBUG org.dbunit.util.search.DepthFirstSearch  - search(nodesFrom=[USERS_AUTHORITIES], callback=org.dbunit.database.search.ImportedKeysSearchCallback@2162fb73) - start
146550 [main] DEBUG org.dbunit.util.CollectionsHelper  - objectsToSet(objects=USERS_AUTHORITIES) - start
146550 [main] DEBUG org.dbunit.util.search.DepthFirstSearch  - search(nodesFrom=[USERS_AUTHORITIES], callback=org.dbunit.database.search.ImportedKeysSearchCallback@2162fb73) - start
146550 [main] DEBUG org.dbunit.util.search.DepthFirstSearch  - reverseSearch:USERS_AUTHORITIES
146550 [main] DEBUG org.dbunit.database.search.ImportedKeysSearchCallback  - searchNode(node=USERS_AUTHORITIES) - start
146550 [main] DEBUG org.dbunit.util.search.DepthFirstSearch  - Pushing (reverse) USERS_AUTHORITIES
146550 [main] DEBUG org.dbunit.database.search.ImportedKeysSearchCallback  - getEdges(node=USERS_AUTHORITIES) - start
146550 [main] DEBUG org.dbunit.database.search.AbstractMetaDataBasedSearchCallback  - getNodesFromImportedKeys(node=USERS_AUTHORITIES) - start
146550 [main] DEBUG org.dbunit.database.search.AbstractMetaDataBasedSearchCallback  - getNodes(type=0, node=USERS_AUTHORITIES) - start
146550 [main] DEBUG org.dbunit.database.DatabaseDataSourceConnection  - getConnection() - start
146550 [main] DEBUG org.dbunit.database.search.AbstractMetaDataBasedSearchCallback  - getNodes(type=0, node=USERS_AUTHORITIES, conn=Transaction-aware proxy for target Connection [jdbc:hsqldb:mem:kontrollDS, UserName=sw, HSQL Database Engine Driver], schema=null, metaData=org.apache.commons.dbcp.DelegatingDatabaseMetaData@696a4c24, edges=[]) - start
146550 [main] DEBUG org.dbunit.database.search.AbstractMetaDataBasedSearchCallback  - Getting edges for node USERS_AUTHORITIES
146550 [main] TRACE org.dbunit.database.DatabaseConfig  - getProperty(name=http://www.dbunit.org/properties/metadataHandler) - start
146550 [main] TRACE org.dbunit.database.DefaultMetadataHandler  - tableExists(metaData=org.apache.commons.dbcp.DelegatingDatabaseMetaData@696a4c24, schemaName=null, tableName=USERS_AUTHORITIES) - start
146551 [main] DEBUG org.dbunit.util.SQLHelper  - close(resultSet=org.apache.commons.dbcp.DelegatingResultSet@46478daa) - start
146552 [main] DEBUG org.dbunit.util.QualifiedTableName  - getQualifiedNameIfEnabled(config=org.dbunit.database.DatabaseConfig[, _propertyMap={http://www.dbunit.org/properties/statementFactory=org.dbunit.database.statement.PreparedStatementFactory@626bc2b8, http://www.dbunit.org/features/caseSensitiveTableNames=false, http://www.dbunit.org/properties/fetchSize=100, http://www.dbunit.org/features/batchedStatements=false, http://www.dbunit.org/properties/metadataHandler=org.dbunit.database.DefaultMetadataHandler@3bbfdfde, http://www.dbunit.org/properties/datatypeFactory=org.dbunit.dataset.datatype.DefaultDataTypeFactory[_toleratedDeltaMap=org.dbunit.dataset.datatype.ToleratedDeltaMap@6452310a], http://www.dbunit.org/properties/escapePattern=null, http://www.dbunit.org/properties/batchSize=100, http://www.dbunit.org/features/qualifiedTableNames=false, http://www.dbunit.org/properties/tableType=[Ljava.lang.String;@5011bafa, http://www.dbunit.org/properties/resultSetTableFactory=org.dbunit.database.CachedResultSetTableFactory@10bcf083, http://www.dbunit.org/features/datatypeWarning=true}]) - start
146552 [main] TRACE org.dbunit.database.DatabaseConfig  - getFeature(name=http://www.dbunit.org/features/qualifiedTableNames) - start
146552 [main] TRACE org.dbunit.database.DatabaseConfig  - getProperty(name=http://www.dbunit.org/features/qualifiedTableNames) - start
146552 [main] DEBUG org.dbunit.util.QualifiedTableName  - Qualified table names feature is disabled. Returning plain table name
146552 [main] DEBUG org.dbunit.util.QualifiedTableName  - getQualifiedName(prefix=null, name=USERS_AUTHORITIES, escapePattern=null) - start
146552 [main] DEBUG org.dbunit.util.QualifiedTableName  - getQualifiedNameIfEnabled(config=org.dbunit.database.DatabaseConfig[, _propertyMap={http://www.dbunit.org/properties/statementFactory=org.dbunit.database.statement.PreparedStatementFactory@626bc2b8, http://www.dbunit.org/features/caseSensitiveTableNames=false, http://www.dbunit.org/properties/fetchSize=100, http://www.dbunit.org/features/batchedStatements=false, http://www.dbunit.org/properties/metadataHandler=org.dbunit.database.DefaultMetadataHandler@3bbfdfde, http://www.dbunit.org/properties/datatypeFactory=org.dbunit.dataset.datatype.DefaultDataTypeFactory[_toleratedDeltaMap=org.dbunit.dataset.datatype.ToleratedDeltaMap@6452310a], http://www.dbunit.org/properties/escapePattern=null, http://www.dbunit.org/properties/batchSize=100, http://www.dbunit.org/features/qualifiedTableNames=false, http://www.dbunit.org/properties/tableType=[Ljava.lang.String;@5011bafa, http://www.dbunit.org/properties/resultSetTableFactory=org.dbunit.database.CachedResultSetTableFactory@10bcf083, http://www.dbunit.org/features/datatypeWarning=true}]) - start
146552 [main] TRACE org.dbunit.database.DatabaseConfig  - getFeature(name=http://www.dbunit.org/features/qualifiedTableNames) - start
146552 [main] TRACE org.dbunit.database.DatabaseConfig  - getProperty(name=http://www.dbunit.org/features/qualifiedTableNames) - start
146552 [main] DEBUG org.dbunit.util.QualifiedTableName  - Qualified table names feature is disabled. Returning plain table name
146552 [main] DEBUG org.dbunit.util.QualifiedTableName  - getQualifiedName(prefix=null, name=AUTHORITY, escapePattern=null) - start
146552 [main] DEBUG org.dbunit.database.search.AbstractMetaDataBasedSearchCallback  - newEdge(rs=org.apache.commons.dbcp.DelegatingResultSet@74cf72bc, type=0, from=USERS_AUTHORITIES, to=AUTHORITY, fkColumn=AUTHORITY_ID, pkColumn=ID) - start
146552 [main] DEBUG org.dbunit.database.search.AbstractMetaDataBasedSearchCallback  - createFKEdge(rs=org.apache.commons.dbcp.DelegatingResultSet@74cf72bc, type=0, from=USERS_AUTHORITIES, to=AUTHORITY, fkColumn=AUTHORITY_ID, pkColumn=ID) - start
146552 [main] DEBUG org.dbunit.database.search.AbstractMetaDataBasedSearchCallback  - Adding edge USERS_AUTHORITIES(AUTHORITY_ID)->AUTHORITY(ID)
146552 [main] DEBUG org.dbunit.util.search.Edge  - compareTo(o=USERS_AUTHORITIES(AUTHORITY_ID)->AUTHORITY(ID)) - start
146552 [main] DEBUG org.dbunit.util.QualifiedTableName  - getQualifiedNameIfEnabled(config=org.dbunit.database.DatabaseConfig[, _propertyMap={http://www.dbunit.org/properties/statementFactory=org.dbunit.database.statement.PreparedStatementFactory@626bc2b8, http://www.dbunit.org/features/caseSensitiveTableNames=false, http://www.dbunit.org/properties/fetchSize=100, http://www.dbunit.org/features/batchedStatements=false, http://www.dbunit.org/properties/metadataHandler=org.dbunit.database.DefaultMetadataHandler@3bbfdfde, http://www.dbunit.org/properties/datatypeFactory=org.dbunit.dataset.datatype.DefaultDataTypeFactory[_toleratedDeltaMap=org.dbunit.dataset.datatype.ToleratedDeltaMap@6452310a], http://www.dbunit.org/properties/escapePattern=null, http://www.dbunit.org/properties/batchSize=100, http://www.dbunit.org/features/qualifiedTableNames=false, http://www.dbunit.org/properties/tableType=[Ljava.lang.String;@5011bafa, http://www.dbunit.org/properties/resultSetTableFactory=org.dbunit.database.CachedResultSetTableFactory@10bcf083, http://www.dbunit.org/features/datatypeWarning=true}]) - start
146552 [main] TRACE org.dbunit.database.DatabaseConfig  - getFeature(name=http://www.dbunit.org/features/qualifiedTableNames) - start
146552 [main] TRACE org.dbunit.database.DatabaseConfig  - getProperty(name=http://www.dbunit.org/features/qualifiedTableNames) - start
146552 [main] DEBUG org.dbunit.util.QualifiedTableName  - Qualified table names feature is disabled. Returning plain table name
146552 [main] DEBUG org.dbunit.util.QualifiedTableName  - getQualifiedName(prefix=null, name=USERS_AUTHORITIES, escapePattern=null) - start
146552 [main] DEBUG org.dbunit.util.QualifiedTableName  - getQualifiedNameIfEnabled(config=org.dbunit.database.DatabaseConfig[, _propertyMap={http://www.dbunit.org/properties/statementFactory=org.dbunit.database.statement.PreparedStatementFactory@626bc2b8, http://www.dbunit.org/features/caseSensitiveTableNames=false, http://www.dbunit.org/properties/fetchSize=100, http://www.dbunit.org/features/batchedStatements=false, http://www.dbunit.org/properties/metadataHandler=org.dbunit.database.DefaultMetadataHandler@3bbfdfde, http://www.dbunit.org/properties/datatypeFactory=org.dbunit.dataset.datatype.DefaultDataTypeFactory[_toleratedDeltaMap=org.dbunit.dataset.datatype.ToleratedDeltaMap@6452310a], http://www.dbunit.org/properties/escapePattern=null, http://www.dbunit.org/properties/batchSize=100, http://www.dbunit.org/features/qualifiedTableNames=false, http://www.dbunit.org/properties/tableType=[Ljava.lang.String;@5011bafa, http://www.dbunit.org/properties/resultSetTableFactory=org.dbunit.database.CachedResultSetTableFactory@10bcf083, http://www.dbunit.org/features/datatypeWarning=true}]) - start
146552 [main] TRACE org.dbunit.database.DatabaseConfig  - getFeature(name=http://www.dbunit.org/features/qualifiedTableNames) - start
146552 [main] TRACE org.dbunit.database.DatabaseConfig  - getProperty(name=http://www.dbunit.org/features/qualifiedTableNames) - start
146552 [main] DEBUG org.dbunit.util.QualifiedTableName  - Qualified table names feature is disabled. Returning plain table name
146553 [main] DEBUG org.dbunit.util.QualifiedTableName  - getQualifiedName(prefix=null, name=USER, escapePattern=null) - start
146553 [main] DEBUG org.dbunit.database.search.AbstractMetaDataBasedSearchCallback  - newEdge(rs=org.apache.commons.dbcp.DelegatingResultSet@74cf72bc, type=0, from=USERS_AUTHORITIES, to=USER, fkColumn=USER_ID, pkColumn=ID) - start
146553 [main] DEBUG org.dbunit.database.search.AbstractMetaDataBasedSearchCallback  - createFKEdge(rs=org.apache.commons.dbcp.DelegatingResultSet@74cf72bc, type=0, from=USERS_AUTHORITIES, to=USER, fkColumn=USER_ID, pkColumn=ID) - start
146553 [main] DEBUG org.dbunit.database.search.AbstractMetaDataBasedSearchCallback  - Adding edge USERS_AUTHORITIES(USER_ID)->USER(ID)
146553 [main] DEBUG org.dbunit.util.search.Edge  - compareTo(o=USERS_AUTHORITIES(AUTHORITY_ID)->AUTHORITY(ID)) - start
146553 [main] DEBUG org.dbunit.util.SQLHelper  - close(resultSet=org.apache.commons.dbcp.DelegatingResultSet@74cf72bc) - start
146553 [main] DEBUG org.dbunit.util.search.DepthFirstSearch  - search:USERS_AUTHORITIES
146553 [main] DEBUG org.dbunit.database.search.ImportedKeysSearchCallback  - searchNode(node=USERS_AUTHORITIES) - start
146553 [main] DEBUG org.dbunit.util.search.DepthFirstSearch  - Pushing USERS_AUTHORITIES
146553 [main] DEBUG org.dbunit.database.search.ImportedKeysSearchCallback  - getEdges(node=USERS_AUTHORITIES) - start
146553 [main] DEBUG org.dbunit.database.search.AbstractMetaDataBasedSearchCallback  - getNodesFromImportedKeys(node=USERS_AUTHORITIES) - start
146553 [main] DEBUG org.dbunit.database.search.AbstractMetaDataBasedSearchCallback  - getNodes(type=0, node=USERS_AUTHORITIES) - start
146553 [main] DEBUG org.dbunit.database.DatabaseDataSourceConnection  - getConnection() - start
146553 [main] DEBUG org.dbunit.database.search.AbstractMetaDataBasedSearchCallback  - getNodes(type=0, node=USERS_AUTHORITIES, conn=Transaction-aware proxy for target Connection [jdbc:hsqldb:mem:kontrollDS, UserName=sw, HSQL Database Engine Driver], schema=null, metaData=org.apache.commons.dbcp.DelegatingDatabaseMetaData@5f75d08d, edges=[]) - start
146553 [main] DEBUG org.dbunit.database.search.AbstractMetaDataBasedSearchCallback  - Getting edges for node USERS_AUTHORITIES
146553 [main] TRACE org.dbunit.database.DatabaseConfig  - getProperty(name=http://www.dbunit.org/properties/metadataHandler) - start
146553 [main] TRACE org.dbunit.database.DefaultMetadataHandler  - tableExists(metaData=org.apache.commons.dbcp.DelegatingDatabaseMetaData@5f75d08d, schemaName=null, tableName=USERS_AUTHORITIES) - start
146554 [main] DEBUG org.dbunit.util.SQLHelper  - close(resultSet=org.apache.commons.dbcp.DelegatingResultSet@4195c5bc) - start
146555 [main] DEBUG org.dbunit.util.QualifiedTableName  - getQualifiedNameIfEnabled(config=org.dbunit.database.DatabaseConfig[, _propertyMap={http://www.dbunit.org/properties/statementFactory=org.dbunit.database.statement.PreparedStatementFactory@626bc2b8, http://www.dbunit.org/features/caseSensitiveTableNames=false, http://www.dbunit.org/properties/fetchSize=100, http://www.dbunit.org/features/batchedStatements=false, http://www.dbunit.org/properties/metadataHandler=org.dbunit.database.DefaultMetadataHandler@3bbfdfde, http://www.dbunit.org/properties/datatypeFactory=org.dbunit.dataset.datatype.DefaultDataTypeFactory[_toleratedDeltaMap=org.dbunit.dataset.datatype.ToleratedDeltaMap@6452310a], http://www.dbunit.org/properties/escapePattern=null, http://www.dbunit.org/properties/batchSize=100, http://www.dbunit.org/features/qualifiedTableNames=false, http://www.dbunit.org/properties/tableType=[Ljava.lang.String;@5011bafa, http://www.dbunit.org/properties/resultSetTableFactory=org.dbunit.database.CachedResultSetTableFactory@10bcf083, http://www.dbunit.org/features/datatypeWarning=true}]) - start
146555 [main] TRACE org.dbunit.database.DatabaseConfig  - getFeature(name=http://www.dbunit.org/features/qualifiedTableNames) - start
146555 [main] TRACE org.dbunit.database.DatabaseConfig  - getProperty(name=http://www.dbunit.org/features/qualifiedTableNames) - start
146555 [main] DEBUG org.dbunit.util.QualifiedTableName  - Qualified table names feature is disabled. Returning plain table name
146555 [main] DEBUG org.dbunit.util.QualifiedTableName  - getQualifiedName(prefix=null, name=USERS_AUTHORITIES, escapePattern=null) - start
146555 [main] DEBUG org.dbunit.util.QualifiedTableName  - getQualifiedNameIfEnabled(config=org.dbunit.database.DatabaseConfig[, _propertyMap={http://www.dbunit.org/properties/statementFactory=org.dbunit.database.statement.PreparedStatementFactory@626bc2b8, http://www.dbunit.org/features/caseSensitiveTableNames=false, http://www.dbunit.org/properties/fetchSize=100, http://www.dbunit.org/features/batchedStatements=false, http://www.dbunit.org/properties/metadataHandler=org.dbunit.database.DefaultMetadataHandler@3bbfdfde, http://www.dbunit.org/properties/datatypeFactory=org.dbunit.dataset.datatype.DefaultDataTypeFactory[_toleratedDeltaMap=org.dbunit.dataset.datatype.ToleratedDeltaMap@6452310a], http://www.dbunit.org/properties/escapePattern=null, http://www.dbunit.org/properties/batchSize=100, http://www.dbunit.org/features/qualifiedTableNames=false, http://www.dbunit.org/properties/tableType=[Ljava.lang.String;@5011bafa, http://www.dbunit.org/properties/resultSetTableFactory=org.dbunit.database.CachedResultSetTableFactory@10bcf083, http://www.dbunit.org/features/datatypeWarning=true}]) - start
146555 [main] TRACE org.dbunit.database.DatabaseConfig  - getFeature(name=http://www.dbunit.org/features/qualifiedTableNames) - start
146555 [main] TRACE org.dbunit.database.DatabaseConfig  - getProperty(name=http://www.dbunit.org/features/qualifiedTableNames) - start
146555 [main] DEBUG org.dbunit.util.QualifiedTableName  - Qualified table names feature is disabled. Returning plain table name
146555 [main] DEBUG org.dbunit.util.QualifiedTableName  - getQualifiedName(prefix=null, name=AUTHORITY, escapePattern=null) - start
146555 [main] DEBUG org.dbunit.database.search.AbstractMetaDataBasedSearchCallback  - newEdge(rs=org.apache.commons.dbcp.DelegatingResultSet@40943b4d, type=0, from=USERS_AUTHORITIES, to=AUTHORITY, fkColumn=AUTHORITY_ID, pkColumn=ID) - start
146555 [main] DEBUG org.dbunit.database.search.AbstractMetaDataBasedSearchCallback  - createFKEdge(rs=org.apache.commons.dbcp.DelegatingResultSet@40943b4d, type=0, from=USERS_AUTHORITIES, to=AUTHORITY, fkColumn=AUTHORITY_ID, pkColumn=ID) - start
146555 [main] DEBUG org.dbunit.database.search.AbstractMetaDataBasedSearchCallback  - Adding edge USERS_AUTHORITIES(AUTHORITY_ID)->AUTHORITY(ID)
146555 [main] DEBUG org.dbunit.util.search.Edge  - compareTo(o=USERS_AUTHORITIES(AUTHORITY_ID)->AUTHORITY(ID)) - start
146555 [main] DEBUG org.dbunit.util.QualifiedTableName  - getQualifiedNameIfEnabled(config=org.dbunit.database.DatabaseConfig[, _propertyMap={http://www.dbunit.org/properties/statementFactory=org.dbunit.database.statement.PreparedStatementFactory@626bc2b8, http://www.dbunit.org/features/caseSensitiveTableNames=false, http://www.dbunit.org/properties/fetchSize=100, http://www.dbunit.org/features/batchedStatements=false, http://www.dbunit.org/properties/metadataHandler=org.dbunit.database.DefaultMetadataHandler@3bbfdfde, http://www.dbunit.org/properties/datatypeFactory=org.dbunit.dataset.datatype.DefaultDataTypeFactory[_toleratedDeltaMap=org.dbunit.dataset.datatype.ToleratedDeltaMap@6452310a], http://www.dbunit.org/properties/escapePattern=null, http://www.dbunit.org/properties/batchSize=100, http://www.dbunit.org/features/qualifiedTableNames=false, http://www.dbunit.org/properties/tableType=[Ljava.lang.String;@5011bafa, http://www.dbunit.org/properties/resultSetTableFactory=org.dbunit.database.CachedResultSetTableFactory@10bcf083, http://www.dbunit.org/features/datatypeWarning=true}]) - start
146555 [main] TRACE org.dbunit.database.DatabaseConfig  - getFeature(name=http://www.dbunit.org/features/qualifiedTableNames) - start
146555 [main] TRACE org.dbunit.database.DatabaseConfig  - getProperty(name=http://www.dbunit.org/features/qualifiedTableNames) - start
146556 [main] DEBUG org.dbunit.util.QualifiedTableName  - Qualified table names feature is disabled. Returning plain table name
146556 [main] DEBUG org.dbunit.util.QualifiedTableName  - getQualifiedName(prefix=null, name=USERS_AUTHORITIES, escapePattern=null) - start
146556 [main] DEBUG org.dbunit.util.QualifiedTableName  - getQualifiedNameIfEnabled(config=org.dbunit.database.DatabaseConfig[, _propertyMap={http://www.dbunit.org/properties/statementFactory=org.dbunit.database.statement.PreparedStatementFactory@626bc2b8, http://www.dbunit.org/features/caseSensitiveTableNames=false, http://www.dbunit.org/properties/fetchSize=100, http://www.dbunit.org/features/batchedStatements=false, http://www.dbunit.org/properties/metadataHandler=org.dbunit.database.DefaultMetadataHandler@3bbfdfde, http://www.dbunit.org/properties/datatypeFactory=org.dbunit.dataset.datatype.DefaultDataTypeFactory[_toleratedDeltaMap=org.dbunit.dataset.datatype.ToleratedDeltaMap@6452310a], http://www.dbunit.org/properties/escapePattern=null, http://www.dbunit.org/properties/batchSize=100, http://www.dbunit.org/features/qualifiedTableNames=false, http://www.dbunit.org/properties/tableType=[Ljava.lang.String;@5011bafa, http://www.dbunit.org/properties/resultSetTableFactory=org.dbunit.database.CachedResultSetTableFactory@10bcf083, http://www.dbunit.org/features/datatypeWarning=true}]) - start
146556 [main] TRACE org.dbunit.database.DatabaseConfig  - getFeature(name=http://www.dbunit.org/features/qualifiedTableNames) - start
146556 [main] TRACE org.dbunit.database.DatabaseConfig  - getProperty(name=http://www.dbunit.org/features/qualifiedTableNames) - start
146556 [main] DEBUG org.dbunit.util.QualifiedTableName  - Qualified table names feature is disabled. Returning plain table name
146556 [main] DEBUG org.dbunit.util.QualifiedTableName  - getQualifiedName(prefix=null, name=USER, escapePattern=null) - start
146556 [main] DEBUG org.dbunit.database.search.AbstractMetaDataBasedSearchCallback  - newEdge(rs=org.apache.commons.dbcp.DelegatingResultSet@40943b4d, type=0, from=USERS_AUTHORITIES, to=USER, fkColumn=USER_ID, pkColumn=ID) - start
146556 [main] DEBUG org.dbunit.database.search.AbstractMetaDataBasedSearchCallback  - createFKEdge(rs=org.apache.commons.dbcp.DelegatingResultSet@40943b4d, type=0, from=USERS_AUTHORITIES, to=USER, fkColumn=USER_ID, pkColumn=ID) - start
146556 [main] DEBUG org.dbunit.database.search.AbstractMetaDataBasedSearchCallback  - Adding edge USERS_AUTHORITIES(USER_ID)->USER(ID)
146556 [main] DEBUG org.dbunit.util.search.Edge  - compareTo(o=USERS_AUTHORITIES(AUTHORITY_ID)->AUTHORITY(ID)) - start
146556 [main] DEBUG org.dbunit.util.SQLHelper  - close(resultSet=org.apache.commons.dbcp.DelegatingResultSet@40943b4d) - start
146556 [main] DEBUG org.dbunit.util.search.DepthFirstSearch  - search:AUTHORITY
146556 [main] DEBUG org.dbunit.database.search.ImportedKeysSearchCallback  - searchNode(node=AUTHORITY) - start
146556 [main] DEBUG org.dbunit.util.search.DepthFirstSearch  - Pushing AUTHORITY
146556 [main] DEBUG org.dbunit.database.search.ImportedKeysSearchCallback  - getEdges(node=AUTHORITY) - start
146556 [main] DEBUG org.dbunit.database.search.AbstractMetaDataBasedSearchCallback  - getNodesFromImportedKeys(node=AUTHORITY) - start
146556 [main] DEBUG org.dbunit.database.search.AbstractMetaDataBasedSearchCallback  - getNodes(type=0, node=AUTHORITY) - start
146556 [main] DEBUG org.dbunit.database.DatabaseDataSourceConnection  - getConnection() - start
146556 [main] DEBUG org.dbunit.database.search.AbstractMetaDataBasedSearchCallback  - getNodes(type=0, node=AUTHORITY, conn=Transaction-aware proxy for target Connection [jdbc:hsqldb:mem:kontrollDS, UserName=sw, HSQL Database Engine Driver], schema=null, metaData=org.apache.commons.dbcp.DelegatingDatabaseMetaData@43c15d5a, edges=[]) - start
146556 [main] DEBUG org.dbunit.database.search.AbstractMetaDataBasedSearchCallback  - Getting edges for node AUTHORITY
146556 [main] TRACE org.dbunit.database.DatabaseConfig  - getProperty(name=http://www.dbunit.org/properties/metadataHandler) - start
146557 [main] TRACE org.dbunit.database.DefaultMetadataHandler  - tableExists(metaData=org.apache.commons.dbcp.DelegatingDatabaseMetaData@43c15d5a, schemaName=null, tableName=AUTHORITY) - start
146558 [main] DEBUG org.dbunit.util.SQLHelper  - close(resultSet=org.apache.commons.dbcp.DelegatingResultSet@4a54d7e0) - start
146558 [main] DEBUG org.dbunit.util.SQLHelper  - close(resultSet=org.apache.commons.dbcp.DelegatingResultSet@31cefcef) - start
146558 [main] DEBUG org.dbunit.util.search.DepthFirstSearch  - Adding node AUTHORITY to the final result
146558 [main] DEBUG org.dbunit.util.search.DepthFirstSearch  - search:USER
146559 [main] DEBUG org.dbunit.database.search.ImportedKeysSearchCallback  - searchNode(node=USER) - start
146559 [main] DEBUG org.dbunit.util.search.DepthFirstSearch  - Pushing USER
146559 [main] DEBUG org.dbunit.database.search.ImportedKeysSearchCallback  - getEdges(node=USER) - start
146559 [main] DEBUG org.dbunit.database.search.AbstractMetaDataBasedSearchCallback  - getNodesFromImportedKeys(node=USER) - start
146559 [main] DEBUG org.dbunit.database.search.AbstractMetaDataBasedSearchCallback  - getNodes(type=0, node=USER) - start
146559 [main] DEBUG org.dbunit.database.DatabaseDataSourceConnection  - getConnection() - start
146559 [main] DEBUG org.dbunit.database.search.AbstractMetaDataBasedSearchCallback  - getNodes(type=0, node=USER, conn=Transaction-aware proxy for target Connection [jdbc:hsqldb:mem:kontrollDS, UserName=sw, HSQL Database Engine Driver], schema=null, metaData=org.apache.commons.dbcp.DelegatingDatabaseMetaData@c3fc875, edges=[]) - start
146559 [main] DEBUG org.dbunit.database.search.AbstractMetaDataBasedSearchCallback  - Getting edges for node USER
146559 [main] TRACE org.dbunit.database.DatabaseConfig  - getProperty(name=http://www.dbunit.org/properties/metadataHandler) - start
146559 [main] TRACE org.dbunit.database.DefaultMetadataHandler  - tableExists(metaData=org.apache.commons.dbcp.DelegatingDatabaseMetaData@c3fc875, schemaName=null, tableName=USER) - start
146560 [main] DEBUG org.dbunit.util.SQLHelper  - close(resultSet=org.apache.commons.dbcp.DelegatingResultSet@5ee0b17a) - start
146561 [main] DEBUG org.dbunit.util.SQLHelper  - close(resultSet=org.apache.commons.dbcp.DelegatingResultSet@42339962) - start
146561 [main] DEBUG org.dbunit.util.search.DepthFirstSearch  - Adding node USER to the final result
146561 [main] DEBUG org.dbunit.util.search.DepthFirstSearch  - Adding node USERS_AUTHORITIES to the final result
146561 [main] DEBUG org.dbunit.util.search.DepthFirstSearch  - reverseSearch:AUTHORITY
146561 [main] DEBUG org.dbunit.database.search.ImportedKeysSearchCallback  - searchNode(node=AUTHORITY) - start
146561 [main] DEBUG org.dbunit.util.search.DepthFirstSearch  - Pushing (reverse) AUTHORITY
146561 [main] DEBUG org.dbunit.database.search.ImportedKeysSearchCallback  - getEdges(node=AUTHORITY) - start
146561 [main] DEBUG org.dbunit.database.search.AbstractMetaDataBasedSearchCallback  - getNodesFromImportedKeys(node=AUTHORITY) - start
146561 [main] DEBUG org.dbunit.database.search.AbstractMetaDataBasedSearchCallback  - getNodes(type=0, node=AUTHORITY) - start
146561 [main] DEBUG org.dbunit.database.DatabaseDataSourceConnection  - getConnection() - start
146561 [main] DEBUG org.dbunit.database.search.AbstractMetaDataBasedSearchCallback  - getNodes(type=0, node=AUTHORITY, conn=Transaction-aware proxy for target Connection [jdbc:hsqldb:mem:kontrollDS, UserName=sw, HSQL Database Engine Driver], schema=null, metaData=org.apache.commons.dbcp.DelegatingDatabaseMetaData@499b12e2, edges=[]) - start
146561 [main] DEBUG org.dbunit.database.search.AbstractMetaDataBasedSearchCallback  - Getting edges for node AUTHORITY
146561 [main] TRACE org.dbunit.database.DatabaseConfig  - getProperty(name=http://www.dbunit.org/properties/metadataHandler) - start
146561 [main] TRACE org.dbunit.database.DefaultMetadataHandler  - tableExists(metaData=org.apache.commons.dbcp.DelegatingDatabaseMetaData@499b12e2, schemaName=null, tableName=AUTHORITY) - start
146562 [main] DEBUG org.dbunit.util.SQLHelper  - close(resultSet=org.apache.commons.dbcp.DelegatingResultSet@5fde8e46) - start
146563 [main] DEBUG org.dbunit.util.SQLHelper  - close(resultSet=org.apache.commons.dbcp.DelegatingResultSet@7e011ea) - start
146563 [main] DEBUG org.dbunit.util.search.DepthFirstSearch  - reverseSearch:USERS_AUTHORITIES
146563 [main] DEBUG org.dbunit.util.search.DepthFirstSearch  - already searched; returning true
146563 [main] DEBUG org.dbunit.util.search.DepthFirstSearch  - reverseSearch:USER
146563 [main] DEBUG org.dbunit.database.search.ImportedKeysSearchCallback  - searchNode(node=USER) - start
146563 [main] DEBUG org.dbunit.util.search.DepthFirstSearch  - Pushing (reverse) USER
146563 [main] DEBUG org.dbunit.database.search.ImportedKeysSearchCallback  - getEdges(node=USER) - start
146563 [main] DEBUG org.dbunit.database.search.AbstractMetaDataBasedSearchCallback  - getNodesFromImportedKeys(node=USER) - start
146563 [main] DEBUG org.dbunit.database.search.AbstractMetaDataBasedSearchCallback  - getNodes(type=0, node=USER) - start
146563 [main] DEBUG org.dbunit.database.DatabaseDataSourceConnection  - getConnection() - start
146563 [main] DEBUG org.dbunit.database.search.AbstractMetaDataBasedSearchCallback  - getNodes(type=0, node=USER, conn=Transaction-aware proxy for target Connection [jdbc:hsqldb:mem:kontrollDS, UserName=sw, HSQL Database Engine Driver], schema=null, metaData=org.apache.commons.dbcp.DelegatingDatabaseMetaData@7b81db0, edges=[]) - start
146563 [main] DEBUG org.dbunit.database.search.AbstractMetaDataBasedSearchCallback  - Getting edges for node USER
146563 [main] TRACE org.dbunit.database.DatabaseConfig  - getProperty(name=http://www.dbunit.org/properties/metadataHandler) - start
146563 [main] TRACE org.dbunit.database.DefaultMetadataHandler  - tableExists(metaData=org.apache.commons.dbcp.DelegatingDatabaseMetaData@7b81db0, schemaName=null, tableName=USER) - start
146564 [main] DEBUG org.dbunit.util.SQLHelper  - close(resultSet=org.apache.commons.dbcp.DelegatingResultSet@4d31c1c5) - start
146564 [main] DEBUG org.dbunit.util.SQLHelper  - close(resultSet=org.apache.commons.dbcp.DelegatingResultSet@46937769) - start
146564 [main] DEBUG org.dbunit.util.search.DepthFirstSearch  - search:USERS_AUTHORITIES
146564 [main] DEBUG org.dbunit.util.search.DepthFirstSearch  - already searched; returning true
146564 [main] DEBUG org.dbunit.util.search.DepthFirstSearch  - search:AUTHORITY
146564 [main] DEBUG org.dbunit.util.search.DepthFirstSearch  - already searched; returning true
146564 [main] DEBUG org.dbunit.util.search.DepthFirstSearch  - search:USER
146564 [main] DEBUG org.dbunit.util.search.DepthFirstSearch  - already searched; returning true
146565 [main] DEBUG org.dbunit.util.CollectionsHelper  - setToStrings(set=[AUTHORITY, USER, USERS_AUTHORITIES]) - start
146565 [main] DEBUG org.dbunit.database.search.TablesDependencyHelper  - getDependsOnTables(connection=_databaseConfig=org.dbunit.database.DatabaseConfig[, _propertyMap={http://www.dbunit.org/properties/statementFactory=org.dbunit.database.statement.PreparedStatementFactory@626bc2b8, http://www.dbunit.org/features/caseSensitiveTableNames=false, http://www.dbunit.org/properties/fetchSize=100, http://www.dbunit.org/features/batchedStatements=false, http://www.dbunit.org/properties/metadataHandler=org.dbunit.database.DefaultMetadataHandler@3bbfdfde, http://www.dbunit.org/properties/datatypeFactory=org.dbunit.dataset.datatype.DefaultDataTypeFactory[_toleratedDeltaMap=org.dbunit.dataset.datatype.ToleratedDeltaMap@6452310a], http://www.dbunit.org/properties/escapePattern=null, http://www.dbunit.org/properties/batchSize=100, http://www.dbunit.org/features/qualifiedTableNames=false, http://www.dbunit.org/properties/tableType=[Ljava.lang.String;@5011bafa, http://www.dbunit.org/properties/resultSetTableFactory=org.dbunit.database.CachedResultSetTableFactory@10bcf083, http://www.dbunit.org/features/datatypeWarning=true}], _dataSet=AbstractDataSet[_orderedTableNameMap=null], rootTable=USERS_AUTHORITIES) - start
146565 [main] DEBUG org.dbunit.util.search.DepthFirstSearch  - search(nodesFrom=[USERS_AUTHORITIES], callback=org.dbunit.database.search.ExportedKeysSearchCallback@44efc1d1) - start
146565 [main] DEBUG org.dbunit.util.CollectionsHelper  - objectsToSet(objects=USERS_AUTHORITIES) - start
146565 [main] DEBUG org.dbunit.util.search.DepthFirstSearch  - search(nodesFrom=[USERS_AUTHORITIES], callback=org.dbunit.database.search.ExportedKeysSearchCallback@44efc1d1) - start
146565 [main] DEBUG org.dbunit.util.search.DepthFirstSearch  - reverseSearch:USERS_AUTHORITIES
146565 [main] DEBUG org.dbunit.database.search.ExportedKeysSearchCallback  - searchNode(node=USERS_AUTHORITIES) - start
146565 [main] DEBUG org.dbunit.util.search.DepthFirstSearch  - Pushing (reverse) USERS_AUTHORITIES
146565 [main] DEBUG org.dbunit.database.search.ExportedKeysSearchCallback  - getEdges(node=USERS_AUTHORITIES) - start
146565 [main] DEBUG org.dbunit.database.search.AbstractMetaDataBasedSearchCallback  - getNodesFromExportedKeys(node=USERS_AUTHORITIES) - start
146565 [main] DEBUG org.dbunit.database.search.AbstractMetaDataBasedSearchCallback  - getNodes(type=1, node=USERS_AUTHORITIES) - start
146565 [main] DEBUG org.dbunit.database.DatabaseDataSourceConnection  - getConnection() - start
146565 [main] DEBUG org.dbunit.database.search.AbstractMetaDataBasedSearchCallback  - getNodes(type=1, node=USERS_AUTHORITIES, conn=Transaction-aware proxy for target Connection [jdbc:hsqldb:mem:kontrollDS, UserName=sw, HSQL Database Engine Driver], schema=null, metaData=org.apache.commons.dbcp.DelegatingDatabaseMetaData@589da3b2, edges=[]) - start
146565 [main] DEBUG org.dbunit.database.search.AbstractMetaDataBasedSearchCallback  - Getting edges for node USERS_AUTHORITIES
146565 [main] TRACE org.dbunit.database.DatabaseConfig  - getProperty(name=http://www.dbunit.org/properties/metadataHandler) - start
146565 [main] TRACE org.dbunit.database.DefaultMetadataHandler  - tableExists(metaData=org.apache.commons.dbcp.DelegatingDatabaseMetaData@589da3b2, schemaName=null, tableName=USERS_AUTHORITIES) - start
146566 [main] DEBUG org.dbunit.util.SQLHelper  - close(resultSet=org.apache.commons.dbcp.DelegatingResultSet@25f17364) - start
146568 [main] DEBUG org.dbunit.util.SQLHelper  - close(resultSet=org.apache.commons.dbcp.DelegatingResultSet@2707f8b6) - start
146568 [main] DEBUG org.dbunit.util.search.DepthFirstSearch  - search:USERS_AUTHORITIES
146568 [main] DEBUG org.dbunit.database.search.ExportedKeysSearchCallback  - searchNode(node=USERS_AUTHORITIES) - start
146568 [main] DEBUG org.dbunit.util.search.DepthFirstSearch  - Pushing USERS_AUTHORITIES
146568 [main] DEBUG org.dbunit.database.search.ExportedKeysSearchCallback  - getEdges(node=USERS_AUTHORITIES) - start
146568 [main] DEBUG org.dbunit.database.search.AbstractMetaDataBasedSearchCallback  - getNodesFromExportedKeys(node=USERS_AUTHORITIES) - start
146568 [main] DEBUG org.dbunit.database.search.AbstractMetaDataBasedSearchCallback  - getNodes(type=1, node=USERS_AUTHORITIES) - start
146568 [main] DEBUG org.dbunit.database.DatabaseDataSourceConnection  - getConnection() - start
146568 [main] DEBUG org.dbunit.database.search.AbstractMetaDataBasedSearchCallback  - getNodes(type=1, node=USERS_AUTHORITIES, conn=Transaction-aware proxy for target Connection [jdbc:hsqldb:mem:kontrollDS, UserName=sw, HSQL Database Engine Driver], schema=null, metaData=org.apache.commons.dbcp.DelegatingDatabaseMetaData@7c5988be, edges=[]) - start
146568 [main] DEBUG org.dbunit.database.search.AbstractMetaDataBasedSearchCallback  - Getting edges for node USERS_AUTHORITIES
146568 [main] TRACE org.dbunit.database.DatabaseConfig  - getProperty(name=http://www.dbunit.org/properties/metadataHandler) - start
146568 [main] TRACE org.dbunit.database.DefaultMetadataHandler  - tableExists(metaData=org.apache.commons.dbcp.DelegatingDatabaseMetaData@7c5988be, schemaName=null, tableName=USERS_AUTHORITIES) - start
146569 [main] DEBUG org.dbunit.util.SQLHelper  - close(resultSet=org.apache.commons.dbcp.DelegatingResultSet@187416e9) - start
146570 [main] DEBUG org.dbunit.util.SQLHelper  - close(resultSet=org.apache.commons.dbcp.DelegatingResultSet@c77cb8f) - start
146570 [main] DEBUG org.dbunit.util.search.DepthFirstSearch  - Adding node USERS_AUTHORITIES to the final result
146570 [main] DEBUG org.dbunit.util.CollectionsHelper  - setToStrings(set=[USERS_AUTHORITIES]) - start
146570 [main] DEBUG org.dbunit.database.search.TablesDependencyHelper  - getDirectDependsOnTables(connection=_databaseConfig=org.dbunit.database.DatabaseConfig[, _propertyMap={http://www.dbunit.org/properties/statementFactory=org.dbunit.database.statement.PreparedStatementFactory@626bc2b8, http://www.dbunit.org/features/caseSensitiveTableNames=false, http://www.dbunit.org/properties/fetchSize=100, http://www.dbunit.org/features/batchedStatements=false, http://www.dbunit.org/properties/metadataHandler=org.dbunit.database.DefaultMetadataHandler@3bbfdfde, http://www.dbunit.org/properties/datatypeFactory=org.dbunit.dataset.datatype.DefaultDataTypeFactory[_toleratedDeltaMap=org.dbunit.dataset.datatype.ToleratedDeltaMap@6452310a], http://www.dbunit.org/properties/escapePattern=null, http://www.dbunit.org/properties/batchSize=100, http://www.dbunit.org/features/qualifiedTableNames=false, http://www.dbunit.org/properties/tableType=[Ljava.lang.String;@5011bafa, http://www.dbunit.org/properties/resultSetTableFactory=org.dbunit.database.CachedResultSetTableFactory@10bcf083, http://www.dbunit.org/features/datatypeWarning=true}], _dataSet=AbstractDataSet[_orderedTableNameMap=null], tableName=USERS_AUTHORITIES) - start
146570 [main] DEBUG org.dbunit.util.search.DepthFirstSearch  - search(nodesFrom=[USERS_AUTHORITIES], callback=org.dbunit.database.search.ExportedKeysSearchCallback@7c12df16) - start
146570 [main] DEBUG org.dbunit.util.CollectionsHelper  - objectsToSet(objects=USERS_AUTHORITIES) - start
146570 [main] DEBUG org.dbunit.util.search.DepthFirstSearch  - search(nodesFrom=[USERS_AUTHORITIES], callback=org.dbunit.database.search.ExportedKeysSearchCallback@7c12df16) - start
146570 [main] DEBUG org.dbunit.util.search.DepthFirstSearch  - reverseSearch:USERS_AUTHORITIES
146570 [main] DEBUG org.dbunit.database.search.ExportedKeysSearchCallback  - searchNode(node=USERS_AUTHORITIES) - start
146570 [main] DEBUG org.dbunit.util.search.DepthFirstSearch  - Pushing (reverse) USERS_AUTHORITIES
146570 [main] DEBUG org.dbunit.database.search.ExportedKeysSearchCallback  - getEdges(node=USERS_AUTHORITIES) - start
146570 [main] DEBUG org.dbunit.database.search.AbstractMetaDataBasedSearchCallback  - getNodesFromExportedKeys(node=USERS_AUTHORITIES) - start
146570 [main] DEBUG org.dbunit.database.search.AbstractMetaDataBasedSearchCallback  - getNodes(type=1, node=USERS_AUTHORITIES) - start
146570 [main] DEBUG org.dbunit.database.DatabaseDataSourceConnection  - getConnection() - start
146570 [main] DEBUG org.dbunit.database.search.AbstractMetaDataBasedSearchCallback  - getNodes(type=1, node=USERS_AUTHORITIES, conn=Transaction-aware proxy for target Connection [jdbc:hsqldb:mem:kontrollDS, UserName=sw, HSQL Database Engine Driver], schema=null, metaData=org.apache.commons.dbcp.DelegatingDatabaseMetaData@3af45cfd, edges=[]) - start
146570 [main] DEBUG org.dbunit.database.search.AbstractMetaDataBasedSearchCallback  - Getting edges for node USERS_AUTHORITIES
146570 [main] TRACE org.dbunit.database.DatabaseConfig  - getProperty(name=http://www.dbunit.org/properties/metadataHandler) - start
146570 [main] TRACE org.dbunit.database.DefaultMetadataHandler  - tableExists(metaData=org.apache.commons.dbcp.DelegatingDatabaseMetaData@3af45cfd, schemaName=null, tableName=USERS_AUTHORITIES) - start
146571 [main] DEBUG org.dbunit.util.SQLHelper  - close(resultSet=org.apache.commons.dbcp.DelegatingResultSet@705c137d) - start
146572 [main] DEBUG org.dbunit.util.SQLHelper  - close(resultSet=org.apache.commons.dbcp.DelegatingResultSet@4c5e3aca) - start
146572 [main] DEBUG org.dbunit.util.search.DepthFirstSearch  - search:USERS_AUTHORITIES
146572 [main] DEBUG org.dbunit.database.search.ExportedKeysSearchCallback  - searchNode(node=USERS_AUTHORITIES) - start
146572 [main] DEBUG org.dbunit.util.search.DepthFirstSearch  - Pushing USERS_AUTHORITIES
146572 [main] DEBUG org.dbunit.database.search.ExportedKeysSearchCallback  - getEdges(node=USERS_AUTHORITIES) - start
146572 [main] DEBUG org.dbunit.database.search.AbstractMetaDataBasedSearchCallback  - getNodesFromExportedKeys(node=USERS_AUTHORITIES) - start
146572 [main] DEBUG org.dbunit.database.search.AbstractMetaDataBasedSearchCallback  - getNodes(type=1, node=USERS_AUTHORITIES) - start
146572 [main] DEBUG org.dbunit.database.DatabaseDataSourceConnection  - getConnection() - start
146572 [main] DEBUG org.dbunit.database.search.AbstractMetaDataBasedSearchCallback  - getNodes(type=1, node=USERS_AUTHORITIES, conn=Transaction-aware proxy for target Connection [jdbc:hsqldb:mem:kontrollDS, UserName=sw, HSQL Database Engine Driver], schema=null, metaData=org.apache.commons.dbcp.DelegatingDatabaseMetaData@3e65caf1, edges=[]) - start
146572 [main] DEBUG org.dbunit.database.search.AbstractMetaDataBasedSearchCallback  - Getting edges for node USERS_AUTHORITIES
146572 [main] TRACE org.dbunit.database.DatabaseConfig  - getProperty(name=http://www.dbunit.org/properties/metadataHandler) - start
146572 [main] TRACE org.dbunit.database.DefaultMetadataHandler  - tableExists(metaData=org.apache.commons.dbcp.DelegatingDatabaseMetaData@3e65caf1, schemaName=null, tableName=USERS_AUTHORITIES) - start
146573 [main] DEBUG org.dbunit.util.SQLHelper  - close(resultSet=org.apache.commons.dbcp.DelegatingResultSet@b79cf2a) - start
146574 [main] DEBUG org.dbunit.util.SQLHelper  - close(resultSet=org.apache.commons.dbcp.DelegatingResultSet@3539f95e) - start
146574 [main] DEBUG org.dbunit.util.search.DepthFirstSearch  - Adding node USERS_AUTHORITIES to the final result
146574 [main] DEBUG org.dbunit.database.search.TablesDependencyHelper  - getDirectDependentTables(connection=_databaseConfig=org.dbunit.database.DatabaseConfig[, _propertyMap={http://www.dbunit.org/properties/statementFactory=org.dbunit.database.statement.PreparedStatementFactory@626bc2b8, http://www.dbunit.org/features/caseSensitiveTableNames=false, http://www.dbunit.org/properties/fetchSize=100, http://www.dbunit.org/features/batchedStatements=false, http://www.dbunit.org/properties/metadataHandler=org.dbunit.database.DefaultMetadataHandler@3bbfdfde, http://www.dbunit.org/properties/datatypeFactory=org.dbunit.dataset.datatype.DefaultDataTypeFactory[_toleratedDeltaMap=org.dbunit.dataset.datatype.ToleratedDeltaMap@6452310a], http://www.dbunit.org/properties/escapePattern=null, http://www.dbunit.org/properties/batchSize=100, http://www.dbunit.org/features/qualifiedTableNames=false, http://www.dbunit.org/properties/tableType=[Ljava.lang.String;@5011bafa, http://www.dbunit.org/properties/resultSetTableFactory=org.dbunit.database.CachedResultSetTableFactory@10bcf083, http://www.dbunit.org/features/datatypeWarning=true}], _dataSet=AbstractDataSet[_orderedTableNameMap=null], tableName=USERS_AUTHORITIES) - start
146574 [main] DEBUG org.dbunit.util.search.DepthFirstSearch  - search(nodesFrom=[USERS_AUTHORITIES], callback=org.dbunit.database.search.ImportedKeysSearchCallback@19a76219) - start
146574 [main] DEBUG org.dbunit.util.CollectionsHelper  - objectsToSet(objects=USERS_AUTHORITIES) - start
146574 [main] DEBUG org.dbunit.util.search.DepthFirstSearch  - search(nodesFrom=[USERS_AUTHORITIES], callback=org.dbunit.database.search.ImportedKeysSearchCallback@19a76219) - start
146574 [main] DEBUG org.dbunit.util.search.DepthFirstSearch  - reverseSearch:USERS_AUTHORITIES
146574 [main] DEBUG org.dbunit.database.search.ImportedKeysSearchCallback  - searchNode(node=USERS_AUTHORITIES) - start
146574 [main] DEBUG org.dbunit.util.search.DepthFirstSearch  - Pushing (reverse) USERS_AUTHORITIES
146574 [main] DEBUG org.dbunit.database.search.ImportedKeysSearchCallback  - getEdges(node=USERS_AUTHORITIES) - start
146574 [main] DEBUG org.dbunit.database.search.AbstractMetaDataBasedSearchCallback  - getNodesFromImportedKeys(node=USERS_AUTHORITIES) - start
146574 [main] DEBUG org.dbunit.database.search.AbstractMetaDataBasedSearchCallback  - getNodes(type=0, node=USERS_AUTHORITIES) - start
146574 [main] DEBUG org.dbunit.database.DatabaseDataSourceConnection  - getConnection() - start
146574 [main] DEBUG org.dbunit.database.search.AbstractMetaDataBasedSearchCallback  - getNodes(type=0, node=USERS_AUTHORITIES, conn=Transaction-aware proxy for target Connection [jdbc:hsqldb:mem:kontrollDS, UserName=sw, HSQL Database Engine Driver], schema=null, metaData=org.apache.commons.dbcp.DelegatingDatabaseMetaData@3c196477, edges=[]) - start
146574 [main] DEBUG org.dbunit.database.search.AbstractMetaDataBasedSearchCallback  - Getting edges for node USERS_AUTHORITIES
146574 [main] TRACE org.dbunit.database.DatabaseConfig  - getProperty(name=http://www.dbunit.org/properties/metadataHandler) - start
146574 [main] TRACE org.dbunit.database.DefaultMetadataHandler  - tableExists(metaData=org.apache.commons.dbcp.DelegatingDatabaseMetaData@3c196477, schemaName=null, tableName=USERS_AUTHORITIES) - start
146575 [main] DEBUG org.dbunit.util.SQLHelper  - close(resultSet=org.apache.commons.dbcp.DelegatingResultSet@480c4cb6) - start
146576 [main] DEBUG org.dbunit.util.QualifiedTableName  - getQualifiedNameIfEnabled(config=org.dbunit.database.DatabaseConfig[, _propertyMap={http://www.dbunit.org/properties/statementFactory=org.dbunit.database.statement.PreparedStatementFactory@626bc2b8, http://www.dbunit.org/features/caseSensitiveTableNames=false, http://www.dbunit.org/properties/fetchSize=100, http://www.dbunit.org/features/batchedStatements=false, http://www.dbunit.org/properties/metadataHandler=org.dbunit.database.DefaultMetadataHandler@3bbfdfde, http://www.dbunit.org/properties/datatypeFactory=org.dbunit.dataset.datatype.DefaultDataTypeFactory[_toleratedDeltaMap=org.dbunit.dataset.datatype.ToleratedDeltaMap@6452310a], http://www.dbunit.org/properties/escapePattern=null, http://www.dbunit.org/properties/batchSize=100, http://www.dbunit.org/features/qualifiedTableNames=false, http://www.dbunit.org/properties/tableType=[Ljava.lang.String;@5011bafa, http://www.dbunit.org/properties/resultSetTableFactory=org.dbunit.database.CachedResultSetTableFactory@10bcf083, http://www.dbunit.org/features/datatypeWarning=true}]) - start
146576 [main] TRACE org.dbunit.database.DatabaseConfig  - getFeature(name=http://www.dbunit.org/features/qualifiedTableNames) - start
146576 [main] TRACE org.dbunit.database.DatabaseConfig  - getProperty(name=http://www.dbunit.org/features/qualifiedTableNames) - start
146576 [main] DEBUG org.dbunit.util.QualifiedTableName  - Qualified table names feature is disabled. Returning plain table name
146576 [main] DEBUG org.dbunit.util.QualifiedTableName  - getQualifiedName(prefix=null, name=USERS_AUTHORITIES, escapePattern=null) - start
146576 [main] DEBUG org.dbunit.util.QualifiedTableName  - getQualifiedNameIfEnabled(config=org.dbunit.database.DatabaseConfig[, _propertyMap={http://www.dbunit.org/properties/statementFactory=org.dbunit.database.statement.PreparedStatementFactory@626bc2b8, http://www.dbunit.org/features/caseSensitiveTableNames=false, http://www.dbunit.org/properties/fetchSize=100, http://www.dbunit.org/features/batchedStatements=false, http://www.dbunit.org/properties/metadataHandler=org.dbunit.database.DefaultMetadataHandler@3bbfdfde, http://www.dbunit.org/properties/datatypeFactory=org.dbunit.dataset.datatype.DefaultDataTypeFactory[_toleratedDeltaMap=org.dbunit.dataset.datatype.ToleratedDeltaMap@6452310a], http://www.dbunit.org/properties/escapePattern=null, http://www.dbunit.org/properties/batchSize=100, http://www.dbunit.org/features/qualifiedTableNames=false, http://www.dbunit.org/properties/tableType=[Ljava.lang.String;@5011bafa, http://www.dbunit.org/properties/resultSetTableFactory=org.dbunit.database.CachedResultSetTableFactory@10bcf083, http://www.dbunit.org/features/datatypeWarning=true}]) - start
146576 [main] TRACE org.dbunit.database.DatabaseConfig  - getFeature(name=http://www.dbunit.org/features/qualifiedTableNames) - start
146576 [main] TRACE org.dbunit.database.DatabaseConfig  - getProperty(name=http://www.dbunit.org/features/qualifiedTableNames) - start
146576 [main] DEBUG org.dbunit.util.QualifiedTableName  - Qualified table names feature is disabled. Returning plain table name
146576 [main] DEBUG org.dbunit.util.QualifiedTableName  - getQualifiedName(prefix=null, name=AUTHORITY, escapePattern=null) - start
146576 [main] DEBUG org.dbunit.database.search.AbstractMetaDataBasedSearchCallback  - newEdge(rs=org.apache.commons.dbcp.DelegatingResultSet@269392aa, type=0, from=USERS_AUTHORITIES, to=AUTHORITY, fkColumn=AUTHORITY_ID, pkColumn=ID) - start
146576 [main] DEBUG org.dbunit.database.search.AbstractMetaDataBasedSearchCallback  - createFKEdge(rs=org.apache.commons.dbcp.DelegatingResultSet@269392aa, type=0, from=USERS_AUTHORITIES, to=AUTHORITY, fkColumn=AUTHORITY_ID, pkColumn=ID) - start
146576 [main] DEBUG org.dbunit.database.search.AbstractMetaDataBasedSearchCallback  - Adding edge USERS_AUTHORITIES(AUTHORITY_ID)->AUTHORITY(ID)
146576 [main] DEBUG org.dbunit.util.search.Edge  - compareTo(o=USERS_AUTHORITIES(AUTHORITY_ID)->AUTHORITY(ID)) - start
146576 [main] DEBUG org.dbunit.util.QualifiedTableName  - getQualifiedNameIfEnabled(config=org.dbunit.database.DatabaseConfig[, _propertyMap={http://www.dbunit.org/properties/statementFactory=org.dbunit.database.statement.PreparedStatementFactory@626bc2b8, http://www.dbunit.org/features/caseSensitiveTableNames=false, http://www.dbunit.org/properties/fetchSize=100, http://www.dbunit.org/features/batchedStatements=false, http://www.dbunit.org/properties/metadataHandler=org.dbunit.database.DefaultMetadataHandler@3bbfdfde, http://www.dbunit.org/properties/datatypeFactory=org.dbunit.dataset.datatype.DefaultDataTypeFactory[_toleratedDeltaMap=org.dbunit.dataset.datatype.ToleratedDeltaMap@6452310a], http://www.dbunit.org/properties/escapePattern=null, http://www.dbunit.org/properties/batchSize=100, http://www.dbunit.org/features/qualifiedTableNames=false, http://www.dbunit.org/properties/tableType=[Ljava.lang.String;@5011bafa, http://www.dbunit.org/properties/resultSetTableFactory=org.dbunit.database.CachedResultSetTableFactory@10bcf083, http://www.dbunit.org/features/datatypeWarning=true}]) - start
146576 [main] TRACE org.dbunit.database.DatabaseConfig  - getFeature(name=http://www.dbunit.org/features/qualifiedTableNames) - start
146576 [main] TRACE org.dbunit.database.DatabaseConfig  - getProperty(name=http://www.dbunit.org/features/qualifiedTableNames) - start
146576 [main] DEBUG org.dbunit.util.QualifiedTableName  - Qualified table names feature is disabled. Returning plain table name
146576 [main] DEBUG org.dbunit.util.QualifiedTableName  - getQualifiedName(prefix=null, name=USERS_AUTHORITIES, escapePattern=null) - start
146576 [main] DEBUG org.dbunit.util.QualifiedTableName  - getQualifiedNameIfEnabled(config=org.dbunit.database.DatabaseConfig[, _propertyMap={http://www.dbunit.org/properties/statementFactory=org.dbunit.database.statement.PreparedStatementFactory@626bc2b8, http://www.dbunit.org/features/caseSensitiveTableNames=false, http://www.dbunit.org/properties/fetchSize=100, http://www.dbunit.org/features/batchedStatements=false, http://www.dbunit.org/properties/metadataHandler=org.dbunit.database.DefaultMetadataHandler@3bbfdfde, http://www.dbunit.org/properties/datatypeFactory=org.dbunit.dataset.datatype.DefaultDataTypeFactory[_toleratedDeltaMap=org.dbunit.dataset.datatype.ToleratedDeltaMap@6452310a], http://www.dbunit.org/properties/escapePattern=null, http://www.dbunit.org/properties/batchSize=100, http://www.dbunit.org/features/qualifiedTableNames=false, http://www.dbunit.org/properties/tableType=[Ljava.lang.String;@5011bafa, http://www.dbunit.org/properties/resultSetTableFactory=org.dbunit.database.CachedResultSetTableFactory@10bcf083, http://www.dbunit.org/features/datatypeWarning=true}]) - start
146576 [main] TRACE org.dbunit.database.DatabaseConfig  - getFeature(name=http://www.dbunit.org/features/qualifiedTableNames) - start
146576 [main] TRACE org.dbunit.database.DatabaseConfig  - getProperty(name=http://www.dbunit.org/features/qualifiedTableNames) - start
146576 [main] DEBUG org.dbunit.util.QualifiedTableName  - Qualified table names feature is disabled. Returning plain table name
146577 [main] DEBUG org.dbunit.util.QualifiedTableName  - getQualifiedName(prefix=null, name=USER, escapePattern=null) - start
146577 [main] DEBUG org.dbunit.database.search.AbstractMetaDataBasedSearchCallback  - newEdge(rs=org.apache.commons.dbcp.DelegatingResultSet@269392aa, type=0, from=USERS_AUTHORITIES, to=USER, fkColumn=USER_ID, pkColumn=ID) - start
146577 [main] DEBUG org.dbunit.database.search.AbstractMetaDataBasedSearchCallback  - createFKEdge(rs=org.apache.commons.dbcp.DelegatingResultSet@269392aa, type=0, from=USERS_AUTHORITIES, to=USER, fkColumn=USER_ID, pkColumn=ID) - start
146577 [main] DEBUG org.dbunit.database.search.AbstractMetaDataBasedSearchCallback  - Adding edge USERS_AUTHORITIES(USER_ID)->USER(ID)
146577 [main] DEBUG org.dbunit.util.search.Edge  - compareTo(o=USERS_AUTHORITIES(AUTHORITY_ID)->AUTHORITY(ID)) - start
146577 [main] DEBUG org.dbunit.util.SQLHelper  - close(resultSet=org.apache.commons.dbcp.DelegatingResultSet@269392aa) - start
146577 [main] DEBUG org.dbunit.util.search.DepthFirstSearch  - search:USERS_AUTHORITIES
146577 [main] DEBUG org.dbunit.database.search.ImportedKeysSearchCallback  - searchNode(node=USERS_AUTHORITIES) - start
146577 [main] DEBUG org.dbunit.util.search.DepthFirstSearch  - Pushing USERS_AUTHORITIES
146577 [main] DEBUG org.dbunit.database.search.ImportedKeysSearchCallback  - getEdges(node=USERS_AUTHORITIES) - start
146577 [main] DEBUG org.dbunit.database.search.AbstractMetaDataBasedSearchCallback  - getNodesFromImportedKeys(node=USERS_AUTHORITIES) - start
146577 [main] DEBUG org.dbunit.database.search.AbstractMetaDataBasedSearchCallback  - getNodes(type=0, node=USERS_AUTHORITIES) - start
146577 [main] DEBUG org.dbunit.database.DatabaseDataSourceConnection  - getConnection() - start
146577 [main] DEBUG org.dbunit.database.search.AbstractMetaDataBasedSearchCallback  - getNodes(type=0, node=USERS_AUTHORITIES, conn=Transaction-aware proxy for target Connection [jdbc:hsqldb:mem:kontrollDS, UserName=sw, HSQL Database Engine Driver], schema=null, metaData=org.apache.commons.dbcp.DelegatingDatabaseMetaData@2281eaaf, edges=[]) - start
146577 [main] DEBUG org.dbunit.database.search.AbstractMetaDataBasedSearchCallback  - Getting edges for node USERS_AUTHORITIES
146577 [main] TRACE org.dbunit.database.DatabaseConfig  - getProperty(name=http://www.dbunit.org/properties/metadataHandler) - start
146577 [main] TRACE org.dbunit.database.DefaultMetadataHandler  - tableExists(metaData=org.apache.commons.dbcp.DelegatingDatabaseMetaData@2281eaaf, schemaName=null, tableName=USERS_AUTHORITIES) - start
146578 [main] DEBUG org.dbunit.util.SQLHelper  - close(resultSet=org.apache.commons.dbcp.DelegatingResultSet@e4d932d) - start
146579 [main] DEBUG org.dbunit.util.QualifiedTableName  - getQualifiedNameIfEnabled(config=org.dbunit.database.DatabaseConfig[, _propertyMap={http://www.dbunit.org/properties/statementFactory=org.dbunit.database.statement.PreparedStatementFactory@626bc2b8, http://www.dbunit.org/features/caseSensitiveTableNames=false, http://www.dbunit.org/properties/fetchSize=100, http://www.dbunit.org/features/batchedStatements=false, http://www.dbunit.org/properties/metadataHandler=org.dbunit.database.DefaultMetadataHandler@3bbfdfde, http://www.dbunit.org/properties/datatypeFactory=org.dbunit.dataset.datatype.DefaultDataTypeFactory[_toleratedDeltaMap=org.dbunit.dataset.datatype.ToleratedDeltaMap@6452310a], http://www.dbunit.org/properties/escapePattern=null, http://www.dbunit.org/properties/batchSize=100, http://www.dbunit.org/features/qualifiedTableNames=false, http://www.dbunit.org/properties/tableType=[Ljava.lang.String;@5011bafa, http://www.dbunit.org/properties/resultSetTableFactory=org.dbunit.database.CachedResultSetTableFactory@10bcf083, http://www.dbunit.org/features/datatypeWarning=true}]) - start
146579 [main] TRACE org.dbunit.database.DatabaseConfig  - getFeature(name=http://www.dbunit.org/features/qualifiedTableNames) - start
146579 [main] TRACE org.dbunit.database.DatabaseConfig  - getProperty(name=http://www.dbunit.org/features/qualifiedTableNames) - start
146579 [main] DEBUG org.dbunit.util.QualifiedTableName  - Qualified table names feature is disabled. Returning plain table name
146579 [main] DEBUG org.dbunit.util.QualifiedTableName  - getQualifiedName(prefix=null, name=USERS_AUTHORITIES, escapePattern=null) - start
146579 [main] DEBUG org.dbunit.util.QualifiedTableName  - getQualifiedNameIfEnabled(config=org.dbunit.database.DatabaseConfig[, _propertyMap={http://www.dbunit.org/properties/statementFactory=org.dbunit.database.statement.PreparedStatementFactory@626bc2b8, http://www.dbunit.org/features/caseSensitiveTableNames=false, http://www.dbunit.org/properties/fetchSize=100, http://www.dbunit.org/features/batchedStatements=false, http://www.dbunit.org/properties/metadataHandler=org.dbunit.database.DefaultMetadataHandler@3bbfdfde, http://www.dbunit.org/properties/datatypeFactory=org.dbunit.dataset.datatype.DefaultDataTypeFactory[_toleratedDeltaMap=org.dbunit.dataset.datatype.ToleratedDeltaMap@6452310a], http://www.dbunit.org/properties/escapePattern=null, http://www.dbunit.org/properties/batchSize=100, http://www.dbunit.org/features/qualifiedTableNames=false, http://www.dbunit.org/properties/tableType=[Ljava.lang.String;@5011bafa, http://www.dbunit.org/properties/resultSetTableFactory=org.dbunit.database.CachedResultSetTableFactory@10bcf083, http://www.dbunit.org/features/datatypeWarning=true}]) - start
146579 [main] TRACE org.dbunit.database.DatabaseConfig  - getFeature(name=http://www.dbunit.org/features/qualifiedTableNames) - start
146579 [main] TRACE org.dbunit.database.DatabaseConfig  - getProperty(name=http://www.dbunit.org/features/qualifiedTableNames) - start
146579 [main] DEBUG org.dbunit.util.QualifiedTableName  - Qualified table names feature is disabled. Returning plain table name
146579 [main] DEBUG org.dbunit.util.QualifiedTableName  - getQualifiedName(prefix=null, name=AUTHORITY, escapePattern=null) - start
146579 [main] DEBUG org.dbunit.database.search.AbstractMetaDataBasedSearchCallback  - newEdge(rs=org.apache.commons.dbcp.DelegatingResultSet@63df620a, type=0, from=USERS_AUTHORITIES, to=AUTHORITY, fkColumn=AUTHORITY_ID, pkColumn=ID) - start
146579 [main] DEBUG org.dbunit.database.search.AbstractMetaDataBasedSearchCallback  - createFKEdge(rs=org.apache.commons.dbcp.DelegatingResultSet@63df620a, type=0, from=USERS_AUTHORITIES, to=AUTHORITY, fkColumn=AUTHORITY_ID, pkColumn=ID) - start
146579 [main] DEBUG org.dbunit.database.search.AbstractMetaDataBasedSearchCallback  - Adding edge USERS_AUTHORITIES(AUTHORITY_ID)->AUTHORITY(ID)
146579 [main] DEBUG org.dbunit.util.search.Edge  - compareTo(o=USERS_AUTHORITIES(AUTHORITY_ID)->AUTHORITY(ID)) - start
146579 [main] DEBUG org.dbunit.util.QualifiedTableName  - getQualifiedNameIfEnabled(config=org.dbunit.database.DatabaseConfig[, _propertyMap={http://www.dbunit.org/properties/statementFactory=org.dbunit.database.statement.PreparedStatementFactory@626bc2b8, http://www.dbunit.org/features/caseSensitiveTableNames=false, http://www.dbunit.org/properties/fetchSize=100, http://www.dbunit.org/features/batchedStatements=false, http://www.dbunit.org/properties/metadataHandler=org.dbunit.database.DefaultMetadataHandler@3bbfdfde, http://www.dbunit.org/properties/datatypeFactory=org.dbunit.dataset.datatype.DefaultDataTypeFactory[_toleratedDeltaMap=org.dbunit.dataset.datatype.ToleratedDeltaMap@6452310a], http://www.dbunit.org/properties/escapePattern=null, http://www.dbunit.org/properties/batchSize=100, http://www.dbunit.org/features/qualifiedTableNames=false, http://www.dbunit.org/properties/tableType=[Ljava.lang.String;@5011bafa, http://www.dbunit.org/properties/resultSetTableFactory=org.dbunit.database.CachedResultSetTableFactory@10bcf083, http://www.dbunit.org/features/datatypeWarning=true}]) - start
146579 [main] TRACE org.dbunit.database.DatabaseConfig  - getFeature(name=http://www.dbunit.org/features/qualifiedTableNames) - start
146579 [main] TRACE org.dbunit.database.DatabaseConfig  - getProperty(name=http://www.dbunit.org/features/qualifiedTableNames) - start
146579 [main] DEBUG org.dbunit.util.QualifiedTableName  - Qualified table names feature is disabled. Returning plain table name
146579 [main] DEBUG org.dbunit.util.QualifiedTableName  - getQualifiedName(prefix=null, name=USERS_AUTHORITIES, escapePattern=null) - start
146579 [main] DEBUG org.dbunit.util.QualifiedTableName  - getQualifiedNameIfEnabled(config=org.dbunit.database.DatabaseConfig[, _propertyMap={http://www.dbunit.org/properties/statementFactory=org.dbunit.database.statement.PreparedStatementFactory@626bc2b8, http://www.dbunit.org/features/caseSensitiveTableNames=false, http://www.dbunit.org/properties/fetchSize=100, http://www.dbunit.org/features/batchedStatements=false, http://www.dbunit.org/properties/metadataHandler=org.dbunit.database.DefaultMetadataHandler@3bbfdfde, http://www.dbunit.org/properties/datatypeFactory=org.dbunit.dataset.datatype.DefaultDataTypeFactory[_toleratedDeltaMap=org.dbunit.dataset.datatype.ToleratedDeltaMap@6452310a], http://www.dbunit.org/properties/escapePattern=null, http://www.dbunit.org/properties/batchSize=100, http://www.dbunit.org/features/qualifiedTableNames=false, http://www.dbunit.org/properties/tableType=[Ljava.lang.String;@5011bafa, http://www.dbunit.org/properties/resultSetTableFactory=org.dbunit.database.CachedResultSetTableFactory@10bcf083, http://www.dbunit.org/features/datatypeWarning=true}]) - start
146580 [main] TRACE org.dbunit.database.DatabaseConfig  - getFeature(name=http://www.dbunit.org/features/qualifiedTableNames) - start
146580 [main] TRACE org.dbunit.database.DatabaseConfig  - getProperty(name=http://www.dbunit.org/features/qualifiedTableNames) - start
146580 [main] DEBUG org.dbunit.util.QualifiedTableName  - Qualified table names feature is disabled. Returning plain table name
146580 [main] DEBUG org.dbunit.util.QualifiedTableName  - getQualifiedName(prefix=null, name=USER, escapePattern=null) - start
146580 [main] DEBUG org.dbunit.database.search.AbstractMetaDataBasedSearchCallback  - newEdge(rs=org.apache.commons.dbcp.DelegatingResultSet@63df620a, type=0, from=USERS_AUTHORITIES, to=USER, fkColumn=USER_ID, pkColumn=ID) - start
146580 [main] DEBUG org.dbunit.database.search.AbstractMetaDataBasedSearchCallback  - createFKEdge(rs=org.apache.commons.dbcp.DelegatingResultSet@63df620a, type=0, from=USERS_AUTHORITIES, to=USER, fkColumn=USER_ID, pkColumn=ID) - start
146580 [main] DEBUG org.dbunit.database.search.AbstractMetaDataBasedSearchCallback  - Adding edge USERS_AUTHORITIES(USER_ID)->USER(ID)
146580 [main] DEBUG org.dbunit.util.search.Edge  - compareTo(o=USERS_AUTHORITIES(AUTHORITY_ID)->AUTHORITY(ID)) - start
146580 [main] DEBUG org.dbunit.util.SQLHelper  - close(resultSet=org.apache.commons.dbcp.DelegatingResultSet@63df620a) - start
146580 [main] DEBUG org.dbunit.util.search.DepthFirstSearch  - search:AUTHORITY
146580 [main] DEBUG org.dbunit.database.search.ImportedKeysSearchCallback  - searchNode(node=AUTHORITY) - start
146580 [main] DEBUG org.dbunit.util.search.DepthFirstSearch  - Pushing AUTHORITY
146580 [main] DEBUG org.dbunit.database.search.ImportedKeysSearchCallback  - getEdges(node=AUTHORITY) - start
146580 [main] DEBUG org.dbunit.database.search.AbstractMetaDataBasedSearchCallback  - getNodesFromImportedKeys(node=AUTHORITY) - start
146580 [main] DEBUG org.dbunit.database.search.AbstractMetaDataBasedSearchCallback  - getNodes(type=0, node=AUTHORITY) - start
146580 [main] DEBUG org.dbunit.database.DatabaseDataSourceConnection  - getConnection() - start
146580 [main] DEBUG org.dbunit.database.search.AbstractMetaDataBasedSearchCallback  - getNodes(type=0, node=AUTHORITY, conn=Transaction-aware proxy for target Connection [jdbc:hsqldb:mem:kontrollDS, UserName=sw, HSQL Database Engine Driver], schema=null, metaData=org.apache.commons.dbcp.DelegatingDatabaseMetaData@5e9db1bf, edges=[]) - start
146580 [main] DEBUG org.dbunit.database.search.AbstractMetaDataBasedSearchCallback  - Getting edges for node AUTHORITY
146580 [main] TRACE org.dbunit.database.DatabaseConfig  - getProperty(name=http://www.dbunit.org/properties/metadataHandler) - start
146580 [main] TRACE org.dbunit.database.DefaultMetadataHandler  - tableExists(metaData=org.apache.commons.dbcp.DelegatingDatabaseMetaData@5e9db1bf, schemaName=null, tableName=AUTHORITY) - start
146581 [main] DEBUG org.dbunit.util.SQLHelper  - close(resultSet=org.apache.commons.dbcp.DelegatingResultSet@5ed5ac3d) - start
146582 [main] DEBUG org.dbunit.util.SQLHelper  - close(resultSet=org.apache.commons.dbcp.DelegatingResultSet@7a465dc) - start
146582 [main] DEBUG org.dbunit.util.search.DepthFirstSearch  - Adding node AUTHORITY to the final result
146582 [main] DEBUG org.dbunit.util.search.DepthFirstSearch  - search:USER
146582 [main] DEBUG org.dbunit.database.search.ImportedKeysSearchCallback  - searchNode(node=USER) - start
146582 [main] DEBUG org.dbunit.util.search.DepthFirstSearch  - Pushing USER
146582 [main] DEBUG org.dbunit.util.search.DepthFirstSearch  - Adding node USER to the final result
146582 [main] DEBUG org.dbunit.util.search.DepthFirstSearch  - Adding node USERS_AUTHORITIES to the final result
146582 [main] DEBUG org.dbunit.util.search.DepthFirstSearch  - reverseSearch:AUTHORITY
146582 [main] DEBUG org.dbunit.database.search.ImportedKeysSearchCallback  - searchNode(node=AUTHORITY) - start
146582 [main] DEBUG org.dbunit.util.search.DepthFirstSearch  - Pushing (reverse) AUTHORITY
146582 [main] DEBUG org.dbunit.database.search.ImportedKeysSearchCallback  - getEdges(node=AUTHORITY) - start
146582 [main] DEBUG org.dbunit.database.search.AbstractMetaDataBasedSearchCallback  - getNodesFromImportedKeys(node=AUTHORITY) - start
146582 [main] DEBUG org.dbunit.database.search.AbstractMetaDataBasedSearchCallback  - getNodes(type=0, node=AUTHORITY) - start
146582 [main] DEBUG org.dbunit.database.DatabaseDataSourceConnection  - getConnection() - start
146582 [main] DEBUG org.dbunit.database.search.AbstractMetaDataBasedSearchCallback  - getNodes(type=0, node=AUTHORITY, conn=Transaction-aware proxy for target Connection [jdbc:hsqldb:mem:kontrollDS, UserName=sw, HSQL Database Engine Driver], schema=null, metaData=org.apache.commons.dbcp.DelegatingDatabaseMetaData@3a1b526f, edges=[]) - start
146582 [main] DEBUG org.dbunit.database.search.AbstractMetaDataBasedSearchCallback  - Getting edges for node AUTHORITY
146582 [main] TRACE org.dbunit.database.DatabaseConfig  - getProperty(name=http://www.dbunit.org/properties/metadataHandler) - start
146582 [main] TRACE org.dbunit.database.DefaultMetadataHandler  - tableExists(metaData=org.apache.commons.dbcp.DelegatingDatabaseMetaData@3a1b526f, schemaName=null, tableName=AUTHORITY) - start
146583 [main] DEBUG org.dbunit.util.SQLHelper  - close(resultSet=org.apache.commons.dbcp.DelegatingResultSet@44d46b3c) - start
146584 [main] DEBUG org.dbunit.util.SQLHelper  - close(resultSet=org.apache.commons.dbcp.DelegatingResultSet@597a4bb8) - start
146584 [main] DEBUG org.dbunit.util.search.DepthFirstSearch  - reverseSearch:USERS_AUTHORITIES
146584 [main] DEBUG org.dbunit.util.search.DepthFirstSearch  - already searched; returning true
146584 [main] DEBUG org.dbunit.util.search.DepthFirstSearch  - reverseSearch:USER
146584 [main] DEBUG org.dbunit.database.search.ImportedKeysSearchCallback  - searchNode(node=USER) - start
146584 [main] DEBUG org.dbunit.util.search.DepthFirstSearch  - Pushing (reverse) USER
146584 [main] DEBUG org.dbunit.database.search.ImportedKeysSearchCallback  - getEdges(node=USER) - start
146584 [main] DEBUG org.dbunit.database.search.AbstractMetaDataBasedSearchCallback  - getNodesFromImportedKeys(node=USER) - start
146584 [main] DEBUG org.dbunit.database.search.AbstractMetaDataBasedSearchCallback  - getNodes(type=0, node=USER) - start
146584 [main] DEBUG org.dbunit.database.DatabaseDataSourceConnection  - getConnection() - start
146584 [main] DEBUG org.dbunit.database.search.AbstractMetaDataBasedSearchCallback  - getNodes(type=0, node=USER, conn=Transaction-aware proxy for target Connection [jdbc:hsqldb:mem:kontrollDS, UserName=sw, HSQL Database Engine Driver], schema=null, metaData=org.apache.commons.dbcp.DelegatingDatabaseMetaData@6c014aec, edges=[]) - start
146584 [main] DEBUG org.dbunit.database.search.AbstractMetaDataBasedSearchCallback  - Getting edges for node USER
146584 [main] TRACE org.dbunit.database.DatabaseConfig  - getProperty(name=http://www.dbunit.org/properties/metadataHandler) - start
146584 [main] TRACE org.dbunit.database.DefaultMetadataHandler  - tableExists(metaData=org.apache.commons.dbcp.DelegatingDatabaseMetaData@6c014aec, schemaName=null, tableName=USER) - start
146585 [main] DEBUG org.dbunit.util.SQLHelper  - close(resultSet=org.apache.commons.dbcp.DelegatingResultSet@67aded6e) - start
146585 [main] DEBUG org.dbunit.util.SQLHelper  - close(resultSet=org.apache.commons.dbcp.DelegatingResultSet@6a1eb4c2) - start
146585 [main] DEBUG org.dbunit.util.search.DepthFirstSearch  - search:USERS_AUTHORITIES
146585 [main] DEBUG org.dbunit.util.search.DepthFirstSearch  - already searched; returning true
146585 [main] DEBUG org.dbunit.util.search.DepthFirstSearch  - search:AUTHORITY
146585 [main] DEBUG org.dbunit.util.search.DepthFirstSearch  - already searched; returning true
146585 [main] DEBUG org.dbunit.util.search.DepthFirstSearch  - search:USER
146585 [main] DEBUG org.dbunit.util.search.DepthFirstSearch  - already searched; returning true
146586 [main] DEBUG org.dbunit.database.DatabaseSequenceFilter  - checkCycles() - start
146586 [main] DEBUG org.dbunit.database.DatabaseSequenceFilter  - checkCycles() - start
146586 [main] DEBUG org.dbunit.database.DatabaseSequenceFilter  - checkCycles() - start
146586 [main] DEBUG org.dbunit.database.DatabaseSequenceFilter  - checkCycles() - start
146586 [main] DEBUG org.dbunit.database.DatabaseSequenceFilter  - checkCycles() - start
146586 [main] DEBUG org.dbunit.database.DatabaseSequenceFilter  - checkCycles() - start
146586 [main] DEBUG org.dbunit.database.DatabaseSequenceFilter  - checkCycles() - start
146586 [main] DEBUG org.dbunit.database.DatabaseSequenceFilter  - checkCycles() - start
146586 [main] DEBUG org.dbunit.database.DatabaseSequenceFilter  - checkCycles() - start
146586 [main] DEBUG org.dbunit.database.DatabaseSequenceFilter  - checkCycles() - start
146586 [main] DEBUG org.dbunit.database.DatabaseSequenceFilter  - checkCycles() - start
146586 [main] DEBUG org.dbunit.database.DatabaseSequenceFilter  - checkCycles() - start
146586 [main] DEBUG org.dbunit.database.DatabaseSequenceFilter  - checkCycles() - start
146586 [main] DEBUG org.dbunit.database.DatabaseSequenceFilter  - checkCycles() - start
146586 [main] DEBUG org.dbunit.database.DatabaseSequenceFilter  - checkCycles() - start
146586 [main] DEBUG org.dbunit.database.DatabaseSequenceFilter  - sort(tableNames=[AUTHORITY, CAPTION, NESTEDSCOPEDCONTENTCONDITIONS, REQUESTCONTEXT, SCOPE, SCOPEDCONTENT, SCOPEDCONTENTCONDITION, SCOPEDCONTENTCONDITIONATTRIBUTE, SCOPEDCONTENTCONDITIONS_SCOPEDCONTENT, SCOPEDCONTENTCONDITIONS_SCOPEDCONTENTITEM, SCOPEDCONTENTITEM, SCOPEDCONTENT_SCOPEDCONTENTITEM, SCOPE_REQUESTCONTEXT, USER, USERS_AUTHORITIES], dependencies={SCOPE_REQUESTCONTEXT=DependencyInfo[table=SCOPE_REQUESTCONTEXT, directDependsOn=[], directDependent=[REQUESTCONTEXT, SCOPE], allDependsOn=[], allDependent=[REQUESTCONTEXT, SCOPE]], NESTEDSCOPEDCONTENTCONDITIONS=DependencyInfo[table=NESTEDSCOPEDCONTENTCONDITIONS, directDependsOn=[], directDependent=[SCOPEDCONTENTCONDITION], allDependsOn=[], allDependent=[SCOPEDCONTENTCONDITION]], SCOPE=DependencyInfo[table=SCOPE, directDependsOn=[SCOPEDCONTENTCONDITIONS_SCOPEDCONTENT, SCOPEDCONTENT_SCOPEDCONTENTITEM, SCOPEDCONTENT, SCOPE_REQUESTCONTEXT], directDependent=[], allDependsOn=[SCOPEDCONTENT, SCOPE_REQUESTCONTEXT, SCOPEDCONTENT_SCOPEDCONTENTITEM, SCOPEDCONTENTCONDITIONS_SCOPEDCONTENT], allDependent=[]], SCOPEDCONTENT_SCOPEDCONTENTITEM=DependencyInfo[table=SCOPEDCONTENT_SCOPEDCONTENTITEM, directDependsOn=[], directDependent=[SCOPE, SCOPEDCONTENT, SCOPEDCONTENTITEM], allDependsOn=[], allDependent=[SCOPEDCONTENT, SCOPEDCONTENTITEM, SCOPE]], SCOPEDCONTENTCONDITIONATTRIBUTE=DependencyInfo[table=SCOPEDCONTENTCONDITIONATTRIBUTE, directDependsOn=[], directDependent=[SCOPEDCONTENTCONDITION], allDependsOn=[], allDependent=[SCOPEDCONTENTCONDITION]], SCOPEDCONTENTCONDITIONS_SCOPEDCONTENT=DependencyInfo[table=SCOPEDCONTENTCONDITIONS_SCOPEDCONTENT, directDependsOn=[], directDependent=[SCOPE, SCOPEDCONTENT, SCOPEDCONTENTCONDITION], allDependsOn=[], allDependent=[SCOPEDCONTENT, SCOPE, SCOPEDCONTENTCONDITION]], USER=DependencyInfo[table=USER, directDependsOn=[USERS_AUTHORITIES], directDependent=[], allDependsOn=[USERS_AUTHORITIES], allDependent=[]], SCOPEDCONTENT=DependencyInfo[table=SCOPEDCONTENT, directDependsOn=[SCOPEDCONTENTCONDITIONS_SCOPEDCONTENT, SCOPEDCONTENT_SCOPEDCONTENTITEM], directDependent=[SCOPE], allDependsOn=[SCOPEDCONTENT_SCOPEDCONTENTITEM, SCOPEDCONTENTCONDITIONS_SCOPEDCONTENT], allDependent=[SCOPE]], REQUESTCONTEXT=DependencyInfo[table=REQUESTCONTEXT, directDependsOn=[SCOPE_REQUESTCONTEXT], directDependent=[], allDependsOn=[SCOPE_REQUESTCONTEXT], allDependent=[]], AUTHORITY=DependencyInfo[table=AUTHORITY, directDependsOn=[USERS_AUTHORITIES], directDependent=[], allDependsOn=[USERS_AUTHORITIES], allDependent=[]], USERS_AUTHORITIES=DependencyInfo[table=USERS_AUTHORITIES, directDependsOn=[], directDependent=[AUTHORITY, USER], allDependsOn=[], allDependent=[AUTHORITY, USER]], SCOPEDCONTENTITEM=DependencyInfo[table=SCOPEDCONTENTITEM, directDependsOn=[SCOPEDCONTENTCONDITIONS_SCOPEDCONTENTITEM, SCOPEDCONTENT_SCOPEDCONTENTITEM], directDependent=[], allDependsOn=[SCOPEDCONTENT_SCOPEDCONTENTITEM, SCOPEDCONTENTCONDITIONS_SCOPEDCONTENTITEM], allDependent=[]], CAPTION=DependencyInfo[table=CAPTION, directDependsOn=[], directDependent=[], allDependsOn=[], allDependent=[]], SCOPEDCONTENTCONDITIONS_SCOPEDCONTENTITEM=DependencyInfo[table=SCOPEDCONTENTCONDITIONS_SCOPEDCONTENTITEM, directDependsOn=[], directDependent=[SCOPEDCONTENTCONDITION, SCOPEDCONTENTITEM], allDependsOn=[], allDependent=[SCOPEDCONTENTITEM, SCOPEDCONTENTCONDITION]], SCOPEDCONTENTCONDITION=DependencyInfo[table=SCOPEDCONTENTCONDITION, directDependsOn=[NESTEDSCOPEDCONTENTCONDITIONS, SCOPEDCONTENTCONDITIONATTRIBUTE, SCOPEDCONTENTCONDITIONS_SCOPEDCONTENT, SCOPEDCONTENTCONDITIONS_SCOPEDCONTENTITEM], directDependent=[], allDependsOn=[SCOPEDCONTENTCONDITIONS_SCOPEDCONTENTITEM, NESTEDSCOPEDCONTENTCONDITIONS, SCOPEDCONTENTCONDITIONATTRIBUTE, SCOPEDCONTENTCONDITIONS_SCOPEDCONTENT], allDependent=[]]}) - start
146586 [main] DEBUG org.dbunit.dataset.OrderedTableNameMap  - add(tableName=AUTHORITY, object=null) - start
146586 [main] DEBUG org.dbunit.dataset.OrderedTableNameMap  - getTableName(tableName=AUTHORITY) - start
146587 [main] DEBUG org.dbunit.dataset.OrderedTableNameMap  - getTableName(tableName=AUTHORITY) - end - result=AUTHORITY
146587 [main] DEBUG org.dbunit.dataset.OrderedTableNameMap  - getTableName(tableName=AUTHORITY) - start
146587 [main] DEBUG org.dbunit.dataset.OrderedTableNameMap  - getTableName(tableName=AUTHORITY) - end - result=AUTHORITY
146587 [main] DEBUG org.dbunit.dataset.OrderedTableNameMap  - add(tableName=CAPTION, object=null) - start
146587 [main] DEBUG org.dbunit.dataset.OrderedTableNameMap  - getTableName(tableName=CAPTION) - start
146587 [main] DEBUG org.dbunit.dataset.OrderedTableNameMap  - getTableName(tableName=CAPTION) - end - result=CAPTION
146587 [main] DEBUG org.dbunit.dataset.OrderedTableNameMap  - getTableName(tableName=CAPTION) - start
146587 [main] DEBUG org.dbunit.dataset.OrderedTableNameMap  - getTableName(tableName=CAPTION) - end - result=CAPTION
146587 [main] DEBUG org.dbunit.dataset.OrderedTableNameMap  - add(tableName=SCOPEDCONTENTCONDITION, object=null) - start
146587 [main] DEBUG org.dbunit.dataset.OrderedTableNameMap  - getTableName(tableName=SCOPEDCONTENTCONDITION) - start
146587 [main] DEBUG org.dbunit.dataset.OrderedTableNameMap  - getTableName(tableName=SCOPEDCONTENTCONDITION) - end - result=SCOPEDCONTENTCONDITION
146587 [main] DEBUG org.dbunit.dataset.OrderedTableNameMap  - getTableName(tableName=SCOPEDCONTENTCONDITION) - start
146587 [main] DEBUG org.dbunit.dataset.OrderedTableNameMap  - getTableName(tableName=SCOPEDCONTENTCONDITION) - end - result=SCOPEDCONTENTCONDITION
146587 [main] DEBUG org.dbunit.dataset.OrderedTableNameMap  - add(tableName=NESTEDSCOPEDCONTENTCONDITIONS, object=null) - start
146587 [main] DEBUG org.dbunit.dataset.OrderedTableNameMap  - getTableName(tableName=NESTEDSCOPEDCONTENTCONDITIONS) - start
146587 [main] DEBUG org.dbunit.dataset.OrderedTableNameMap  - getTableName(tableName=NESTEDSCOPEDCONTENTCONDITIONS) - end - result=NESTEDSCOPEDCONTENTCONDITIONS
146587 [main] DEBUG org.dbunit.dataset.OrderedTableNameMap  - getTableName(tableName=NESTEDSCOPEDCONTENTCONDITIONS) - start
146587 [main] DEBUG org.dbunit.dataset.OrderedTableNameMap  - getTableName(tableName=NESTEDSCOPEDCONTENTCONDITIONS) - end - result=NESTEDSCOPEDCONTENTCONDITIONS
146587 [main] DEBUG org.dbunit.dataset.OrderedTableNameMap  - add(tableName=REQUESTCONTEXT, object=null) - start
146587 [main] DEBUG org.dbunit.dataset.OrderedTableNameMap  - getTableName(tableName=REQUESTCONTEXT) - start
146587 [main] DEBUG org.dbunit.dataset.OrderedTableNameMap  - getTableName(tableName=REQUESTCONTEXT) - end - result=REQUESTCONTEXT
146587 [main] DEBUG org.dbunit.dataset.OrderedTableNameMap  - getTableName(tableName=REQUESTCONTEXT) - start
146587 [main] DEBUG org.dbunit.dataset.OrderedTableNameMap  - getTableName(tableName=REQUESTCONTEXT) - end - result=REQUESTCONTEXT
146587 [main] DEBUG org.dbunit.dataset.OrderedTableNameMap  - add(tableName=SCOPE, object=null) - start
146587 [main] DEBUG org.dbunit.dataset.OrderedTableNameMap  - getTableName(tableName=SCOPE) - start
146587 [main] DEBUG org.dbunit.dataset.OrderedTableNameMap  - getTableName(tableName=SCOPE) - end - result=SCOPE
146587 [main] DEBUG org.dbunit.dataset.OrderedTableNameMap  - getTableName(tableName=SCOPE) - start
146587 [main] DEBUG org.dbunit.dataset.OrderedTableNameMap  - getTableName(tableName=SCOPE) - end - result=SCOPE
146587 [main] DEBUG org.dbunit.dataset.OrderedTableNameMap  - add(tableName=SCOPEDCONTENT, object=null) - start
146587 [main] DEBUG org.dbunit.dataset.OrderedTableNameMap  - getTableName(tableName=SCOPEDCONTENT) - start
146587 [main] DEBUG org.dbunit.dataset.OrderedTableNameMap  - getTableName(tableName=SCOPEDCONTENT) - end - result=SCOPEDCONTENT
146587 [main] DEBUG org.dbunit.dataset.OrderedTableNameMap  - getTableName(tableName=SCOPEDCONTENT) - start
146588 [main] DEBUG org.dbunit.dataset.OrderedTableNameMap  - getTableName(tableName=SCOPEDCONTENT) - end - result=SCOPEDCONTENT
146588 [main] DEBUG org.dbunit.dataset.OrderedTableNameMap  - add(tableName=SCOPEDCONTENTCONDITIONATTRIBUTE, object=null) - start
146588 [main] DEBUG org.dbunit.dataset.OrderedTableNameMap  - getTableName(tableName=SCOPEDCONTENTCONDITIONATTRIBUTE) - start
146588 [main] DEBUG org.dbunit.dataset.OrderedTableNameMap  - getTableName(tableName=SCOPEDCONTENTCONDITIONATTRIBUTE) - end - result=SCOPEDCONTENTCONDITIONATTRIBUTE
146588 [main] DEBUG org.dbunit.dataset.OrderedTableNameMap  - getTableName(tableName=SCOPEDCONTENTCONDITIONATTRIBUTE) - start
146588 [main] DEBUG org.dbunit.dataset.OrderedTableNameMap  - getTableName(tableName=SCOPEDCONTENTCONDITIONATTRIBUTE) - end - result=SCOPEDCONTENTCONDITIONATTRIBUTE
146588 [main] DEBUG org.dbunit.dataset.OrderedTableNameMap  - add(tableName=SCOPEDCONTENTCONDITIONS_SCOPEDCONTENT, object=null) - start
146588 [main] DEBUG org.dbunit.dataset.OrderedTableNameMap  - getTableName(tableName=SCOPEDCONTENTCONDITIONS_SCOPEDCONTENT) - start
146588 [main] DEBUG org.dbunit.dataset.OrderedTableNameMap  - getTableName(tableName=SCOPEDCONTENTCONDITIONS_SCOPEDCONTENT) - end - result=SCOPEDCONTENTCONDITIONS_SCOPEDCONTENT
146588 [main] DEBUG org.dbunit.dataset.OrderedTableNameMap  - getTableName(tableName=SCOPEDCONTENTCONDITIONS_SCOPEDCONTENT) - start
146588 [main] DEBUG org.dbunit.dataset.OrderedTableNameMap  - getTableName(tableName=SCOPEDCONTENTCONDITIONS_SCOPEDCONTENT) - end - result=SCOPEDCONTENTCONDITIONS_SCOPEDCONTENT
146588 [main] DEBUG org.dbunit.dataset.OrderedTableNameMap  - add(tableName=SCOPEDCONTENTITEM, object=null) - start
146588 [main] DEBUG org.dbunit.dataset.OrderedTableNameMap  - getTableName(tableName=SCOPEDCONTENTITEM) - start
146588 [main] DEBUG org.dbunit.dataset.OrderedTableNameMap  - getTableName(tableName=SCOPEDCONTENTITEM) - end - result=SCOPEDCONTENTITEM
146588 [main] DEBUG org.dbunit.dataset.OrderedTableNameMap  - getTableName(tableName=SCOPEDCONTENTITEM) - start
146588 [main] DEBUG org.dbunit.dataset.OrderedTableNameMap  - getTableName(tableName=SCOPEDCONTENTITEM) - end - result=SCOPEDCONTENTITEM
146588 [main] DEBUG org.dbunit.dataset.OrderedTableNameMap  - add(tableName=SCOPEDCONTENTCONDITIONS_SCOPEDCONTENTITEM, object=null) - start
146588 [main] DEBUG org.dbunit.dataset.OrderedTableNameMap  - getTableName(tableName=SCOPEDCONTENTCONDITIONS_SCOPEDCONTENTITEM) - start
146588 [main] DEBUG org.dbunit.dataset.OrderedTableNameMap  - getTableName(tableName=SCOPEDCONTENTCONDITIONS_SCOPEDCONTENTITEM) - end - result=SCOPEDCONTENTCONDITIONS_SCOPEDCONTENTITEM
146588 [main] DEBUG org.dbunit.dataset.OrderedTableNameMap  - getTableName(tableName=SCOPEDCONTENTCONDITIONS_SCOPEDCONTENTITEM) - start
146588 [main] DEBUG org.dbunit.dataset.OrderedTableNameMap  - getTableName(tableName=SCOPEDCONTENTCONDITIONS_SCOPEDCONTENTITEM) - end - result=SCOPEDCONTENTCONDITIONS_SCOPEDCONTENTITEM
146588 [main] DEBUG org.dbunit.dataset.OrderedTableNameMap  - add(tableName=SCOPEDCONTENT_SCOPEDCONTENTITEM, object=null) - start
146588 [main] DEBUG org.dbunit.dataset.OrderedTableNameMap  - getTableName(tableName=SCOPEDCONTENT_SCOPEDCONTENTITEM) - start
146588 [main] DEBUG org.dbunit.dataset.OrderedTableNameMap  - getTableName(tableName=SCOPEDCONTENT_SCOPEDCONTENTITEM) - end - result=SCOPEDCONTENT_SCOPEDCONTENTITEM
146588 [main] DEBUG org.dbunit.dataset.OrderedTableNameMap  - getTableName(tableName=SCOPEDCONTENT_SCOPEDCONTENTITEM) - start
146588 [main] DEBUG org.dbunit.dataset.OrderedTableNameMap  - getTableName(tableName=SCOPEDCONTENT_SCOPEDCONTENTITEM) - end - result=SCOPEDCONTENT_SCOPEDCONTENTITEM
146588 [main] DEBUG org.dbunit.dataset.OrderedTableNameMap  - add(tableName=SCOPE_REQUESTCONTEXT, object=null) - start
146588 [main] DEBUG org.dbunit.dataset.OrderedTableNameMap  - getTableName(tableName=SCOPE_REQUESTCONTEXT) - start
146588 [main] DEBUG org.dbunit.dataset.OrderedTableNameMap  - getTableName(tableName=SCOPE_REQUESTCONTEXT) - end - result=SCOPE_REQUESTCONTEXT
146588 [main] DEBUG org.dbunit.dataset.OrderedTableNameMap  - getTableName(tableName=SCOPE_REQUESTCONTEXT) - start
146588 [main] DEBUG org.dbunit.dataset.OrderedTableNameMap  - getTableName(tableName=SCOPE_REQUESTCONTEXT) - end - result=SCOPE_REQUESTCONTEXT
146589 [main] DEBUG org.dbunit.dataset.OrderedTableNameMap  - add(tableName=USER, object=null) - start
146589 [main] DEBUG org.dbunit.dataset.OrderedTableNameMap  - getTableName(tableName=USER) - start
146589 [main] DEBUG org.dbunit.dataset.OrderedTableNameMap  - getTableName(tableName=USER) - end - result=USER
146589 [main] DEBUG org.dbunit.dataset.OrderedTableNameMap  - getTableName(tableName=USER) - start
146589 [main] DEBUG org.dbunit.dataset.OrderedTableNameMap  - getTableName(tableName=USER) - end - result=USER
146589 [main] DEBUG org.dbunit.dataset.OrderedTableNameMap  - add(tableName=USERS_AUTHORITIES, object=null) - start
146589 [main] DEBUG org.dbunit.dataset.OrderedTableNameMap  - getTableName(tableName=USERS_AUTHORITIES) - start
146589 [main] DEBUG org.dbunit.dataset.OrderedTableNameMap  - getTableName(tableName=USERS_AUTHORITIES) - end - result=USERS_AUTHORITIES
146589 [main] DEBUG org.dbunit.dataset.OrderedTableNameMap  - getTableName(tableName=USERS_AUTHORITIES) - start
146589 [main] DEBUG org.dbunit.dataset.OrderedTableNameMap  - getTableName(tableName=USERS_AUTHORITIES) - end - result=USERS_AUTHORITIES
146589 [main] DEBUG org.dbunit.dataset.Columns  - getColumns(columnNames=[], columns=[(name, UNKNOWN, nullableUnknown), (description, UNKNOWN, nullableUnknown), (id, UNKNOWN, nullableUnknown), (timeStamp, UNKNOWN, nullableUnknown)]) - start
146589 [main] DEBUG org.dbunit.dataset.Columns  - getColumns(columnNames=[], columns=[(name, UNKNOWN, nullableUnknown), (description, UNKNOWN, nullableUnknown), (id, UNKNOWN, nullableUnknown), (timeStamp, UNKNOWN, nullableUnknown)]) - start
146590 [main] DEBUG org.dbunit.dataset.Columns  - getColumns(columnNames=[], columns=[(key, UNKNOWN, nullableUnknown), (checkOrder, UNKNOWN, nullableUnknown), (className, UNKNOWN, nullableUnknown), (valuePath, UNKNOWN, nullableUnknown), (operator, UNKNOWN, nullableUnknown), (expectedValue, UNKNOWN, nullableUnknown), (expectedValueType, UNKNOWN, nullableUnknown), (scopedContentCondition, UNKNOWN, nullableUnknown), (id, UNKNOWN, nullableUnknown), (timeStamp, UNKNOWN, nullableUnknown)]) - start
146590 [main] DEBUG org.dbunit.dataset.Columns  - getColumns(columnNames=[], columns=[(key, UNKNOWN, nullableUnknown), (checkOrder, UNKNOWN, nullableUnknown), (className, UNKNOWN, nullableUnknown), (valuePath, UNKNOWN, nullableUnknown), (operator, UNKNOWN, nullableUnknown), (expectedValue, UNKNOWN, nullableUnknown), (expectedValueType, UNKNOWN, nullableUnknown), (scopedContentCondition, UNKNOWN, nullableUnknown), (id, UNKNOWN, nullableUnknown), (timeStamp, UNKNOWN, nullableUnknown)]) - start
146591 [main] DEBUG org.dbunit.dataset.Columns  - getColumns(columnNames=[], columns=[(name, UNKNOWN, nullableUnknown), (description, UNKNOWN, nullableUnknown), (scope, UNKNOWN, nullableUnknown), (id, UNKNOWN, nullableUnknown), (timeStamp, UNKNOWN, nullableUnknown)]) - start
146591 [main] DEBUG org.dbunit.dataset.Columns  - getColumns(columnNames=[], columns=[(name, UNKNOWN, nullableUnknown), (description, UNKNOWN, nullableUnknown), (scope, UNKNOWN, nullableUnknown), (id, UNKNOWN, nullableUnknown), (timeStamp, UNKNOWN, nullableUnknown)]) - start
146592 [main] DEBUG org.dbunit.dataset.Columns  - getColumns(columnNames=[], columns=[(name, UNKNOWN, nullableUnknown), (description, UNKNOWN, nullableUnknown), (operator, UNKNOWN, nullableUnknown), (id, UNKNOWN, nullableUnknown), (timeStamp, UNKNOWN, nullableUnknown)]) - start
146592 [main] DEBUG org.dbunit.dataset.Columns  - getColumns(columnNames=[], columns=[(name, UNKNOWN, nullableUnknown), (description, UNKNOWN, nullableUnknown), (operator, UNKNOWN, nullableUnknown), (id, UNKNOWN, nullableUnknown), (timeStamp, UNKNOWN, nullableUnknown)]) - start
146592 [main] DEBUG org.dbunit.dataset.Columns  - getColumns(columnNames=[], columns=[(tagName, UNKNOWN, nullableUnknown), (cssClass, UNKNOWN, nullableUnknown), (content, UNKNOWN, nullableUnknown), (type, UNKNOWN, nullableUnknown), (id, UNKNOWN, nullableUnknown), (timeStamp, UNKNOWN, nullableUnknown)]) - start
146592 [main] DEBUG org.dbunit.dataset.Columns  - getColumns(columnNames=[], columns=[(tagName, UNKNOWN, nullableUnknown), (cssClass, UNKNOWN, nullableUnknown), (content, UNKNOWN, nullableUnknown), (type, UNKNOWN, nullableUnknown), (id, UNKNOWN, nullableUnknown), (timeStamp, UNKNOWN, nullableUnknown)]) - start
146592 [main] DEBUG org.dbunit.dataset.Columns  - getColumns(columnNames=[], columns=[(path, UNKNOWN, nullableUnknown), (id, UNKNOWN, nullableUnknown), (timeStamp, UNKNOWN, nullableUnknown)]) - start
146592 [main] DEBUG org.dbunit.dataset.Columns  - getColumns(columnNames=[], columns=[(path, UNKNOWN, nullableUnknown), (id, UNKNOWN, nullableUnknown), (timeStamp, UNKNOWN, nullableUnknown)]) - start
146592 [main] DEBUG org.dbunit.dataset.Columns  - getColumns(columnNames=[], columns=[]) - start
146593 [main] DEBUG org.dbunit.dataset.Columns  - getColumns(columnNames=[], columns=[]) - start
146593 [main] DEBUG org.dbunit.dataset.Columns  - getColumns(columnNames=[], columns=[]) - start
146593 [main] DEBUG org.dbunit.dataset.Columns  - getColumns(columnNames=[], columns=[]) - start
146593 [main] DEBUG org.dbunit.dataset.Columns  - getColumns(columnNames=[], columns=[]) - start
146593 [main] DEBUG org.dbunit.dataset.Columns  - getColumns(columnNames=[], columns=[]) - start
146594 [main] DEBUG org.dbunit.dataset.Columns  - getColumns(columnNames=[], columns=[]) - start
146594 [main] DEBUG org.dbunit.dataset.Columns  - getColumns(columnNames=[], columns=[]) - start
146594 [main] DEBUG org.dbunit.dataset.Columns  - getColumns(columnNames=[], columns=[]) - start
146594 [main] DEBUG org.dbunit.dataset.CachedDataSet  - startTable(metaData=tableName=Scope, columns=[(name, UNKNOWN, nullableUnknown), (description, UNKNOWN, nullableUnknown), (id, UNKNOWN, nullableUnknown), (timeStamp, UNKNOWN, nullableUnknown)], keys=[]) - start
146594 [main] DEBUG org.dbunit.dataset.CachedDataSet  - row(values=0) - start
146594 [main] DEBUG org.dbunit.dataset.DefaultTable  - addRow(values=0) - start
146594 [main] DEBUG org.dbunit.dataset.CachedDataSet  - endTable() - start
146594 [main] DEBUG org.dbunit.dataset.OrderedTableNameMap  - getTableName(tableName=Scope) - start
146594 [main] DEBUG org.dbunit.dataset.OrderedTableNameMap  - getTableName(tableName=Scope) - end - result=SCOPE
146594 [main] DEBUG org.dbunit.dataset.OrderedTableNameMap  - add(tableName=Scope, object=org.dbunit.dataset.DefaultTable[_metaData=tableName=Scope, columns=[(name, UNKNOWN, nullableUnknown), (description, UNKNOWN, nullableUnknown), (id, UNKNOWN, nullableUnknown), (timeStamp, UNKNOWN, nullableUnknown)], keys=[], _rowList.size()=1]) - start
146594 [main] DEBUG org.dbunit.dataset.OrderedTableNameMap  - getTableName(tableName=Scope) - start
146594 [main] DEBUG org.dbunit.dataset.OrderedTableNameMap  - getTableName(tableName=Scope) - end - result=SCOPE
146594 [main] DEBUG org.dbunit.dataset.OrderedTableNameMap  - getTableName(tableName=SCOPE) - start
146594 [main] DEBUG org.dbunit.dataset.OrderedTableNameMap  - getTableName(tableName=SCOPE) - end - result=SCOPE
146594 [main] DEBUG org.dbunit.dataset.CachedDataSet  - startTable(metaData=tableName=ScopedContentConditionAttribute, columns=[(key, UNKNOWN, nullableUnknown), (checkOrder, UNKNOWN, nullableUnknown), (className, UNKNOWN, nullableUnknown), (valuePath, UNKNOWN, nullableUnknown), (operator, UNKNOWN, nullableUnknown), (expectedValue, UNKNOWN, nullableUnknown), (expectedValueType, UNKNOWN, nullableUnknown), (scopedContentCondition, UNKNOWN, nullableUnknown), (id, UNKNOWN, nullableUnknown), (timeStamp, UNKNOWN, nullableUnknown)], keys=[]) - start
146595 [main] DEBUG org.dbunit.dataset.CachedDataSet  - row(values=2) - start
146595 [main] DEBUG org.dbunit.dataset.DefaultTable  - addRow(values=2) - start
146595 [main] DEBUG org.dbunit.dataset.CachedDataSet  - endTable() - start
146595 [main] DEBUG org.dbunit.dataset.OrderedTableNameMap  - getTableName(tableName=ScopedContentConditionAttribute) - start
146595 [main] DEBUG org.dbunit.dataset.OrderedTableNameMap  - getTableName(tableName=ScopedContentConditionAttribute) - end - result=SCOPEDCONTENTCONDITIONATTRIBUTE
146595 [main] DEBUG org.dbunit.dataset.OrderedTableNameMap  - add(tableName=ScopedContentConditionAttribute, object=org.dbunit.dataset.DefaultTable[_metaData=tableName=ScopedContentConditionAttribute, columns=[(key, UNKNOWN, nullableUnknown), (checkOrder, UNKNOWN, nullableUnknown), (className, UNKNOWN, nullableUnknown), (valuePath, UNKNOWN, nullableUnknown), (operator, UNKNOWN, nullableUnknown), (expectedValue, UNKNOWN, nullableUnknown), (expectedValueType, UNKNOWN, nullableUnknown), (scopedContentCondition, UNKNOWN, nullableUnknown), (id, UNKNOWN, nullableUnknown), (timeStamp, UNKNOWN, nullableUnknown)], keys=[], _rowList.size()=1]) - start
146595 [main] DEBUG org.dbunit.dataset.OrderedTableNameMap  - getTableName(tableName=ScopedContentConditionAttribute) - start
146595 [main] DEBUG org.dbunit.dataset.OrderedTableNameMap  - getTableName(tableName=ScopedContentConditionAttribute) - end - result=SCOPEDCONTENTCONDITIONATTRIBUTE
146595 [main] DEBUG org.dbunit.dataset.OrderedTableNameMap  - getTableName(tableName=SCOPEDCONTENTCONDITIONATTRIBUTE) - start
146595 [main] DEBUG org.dbunit.dataset.OrderedTableNameMap  - getTableName(tableName=SCOPEDCONTENTCONDITIONATTRIBUTE) - end - result=SCOPEDCONTENTCONDITIONATTRIBUTE
146595 [main] DEBUG org.dbunit.dataset.CachedDataSet  - startTable(metaData=tableName=ScopedContent, columns=[(name, UNKNOWN, nullableUnknown), (description, UNKNOWN, nullableUnknown), (scope, UNKNOWN, nullableUnknown), (id, UNKNOWN, nullableUnknown), (timeStamp, UNKNOWN, nullableUnknown)], keys=[]) - start
146595 [main] DEBUG org.dbunit.dataset.CachedDataSet  - row(values=7) - start
146595 [main] DEBUG org.dbunit.dataset.DefaultTable  - addRow(values=7) - start
146595 [main] DEBUG org.dbunit.dataset.CachedDataSet  - endTable() - start
146595 [main] DEBUG org.dbunit.dataset.OrderedTableNameMap  - getTableName(tableName=ScopedContent) - start
146595 [main] DEBUG org.dbunit.dataset.OrderedTableNameMap  - getTableName(tableName=ScopedContent) - end - result=SCOPEDCONTENT
146595 [main] DEBUG org.dbunit.dataset.OrderedTableNameMap  - add(tableName=ScopedContent, object=org.dbunit.dataset.DefaultTable[_metaData=tableName=ScopedContent, columns=[(name, UNKNOWN, nullableUnknown), (description, UNKNOWN, nullableUnknown), (scope, UNKNOWN, nullableUnknown), (id, UNKNOWN, nullableUnknown), (timeStamp, UNKNOWN, nullableUnknown)], keys=[], _rowList.size()=1]) - start
146595 [main] DEBUG org.dbunit.dataset.OrderedTableNameMap  - getTableName(tableName=ScopedContent) - start
146595 [main] DEBUG org.dbunit.dataset.OrderedTableNameMap  - getTableName(tableName=ScopedContent) - end - result=SCOPEDCONTENT
146595 [main] DEBUG org.dbunit.dataset.OrderedTableNameMap  - getTableName(tableName=SCOPEDCONTENT) - start
146595 [main] DEBUG org.dbunit.dataset.OrderedTableNameMap  - getTableName(tableName=SCOPEDCONTENT) - end - result=SCOPEDCONTENT
146595 [main] DEBUG org.dbunit.dataset.CachedDataSet  - startTable(metaData=tableName=ScopedContentCondition, columns=[(name, UNKNOWN, nullableUnknown), (description, UNKNOWN, nullableUnknown), (operator, UNKNOWN, nullableUnknown), (id, UNKNOWN, nullableUnknown), (timeStamp, UNKNOWN, nullableUnknown)], keys=[]) - start
146595 [main] DEBUG org.dbunit.dataset.CachedDataSet  - row(values=9) - start
146595 [main] DEBUG org.dbunit.dataset.DefaultTable  - addRow(values=9) - start
146595 [main] DEBUG org.dbunit.dataset.CachedDataSet  - endTable() - start
146595 [main] DEBUG org.dbunit.dataset.OrderedTableNameMap  - getTableName(tableName=ScopedContentCondition) - start
146595 [main] DEBUG org.dbunit.dataset.OrderedTableNameMap  - getTableName(tableName=ScopedContentCondition) - end - result=SCOPEDCONTENTCONDITION
146595 [main] DEBUG org.dbunit.dataset.OrderedTableNameMap  - add(tableName=ScopedContentCondition, object=org.dbunit.dataset.DefaultTable[_metaData=tableName=ScopedContentCondition, columns=[(name, UNKNOWN, nullableUnknown), (description, UNKNOWN, nullableUnknown), (operator, UNKNOWN, nullableUnknown), (id, UNKNOWN, nullableUnknown), (timeStamp, UNKNOWN, nullableUnknown)], keys=[], _rowList.size()=1]) - start
146596 [main] DEBUG org.dbunit.dataset.OrderedTableNameMap  - getTableName(tableName=ScopedContentCondition) - start
146596 [main] DEBUG org.dbunit.dataset.OrderedTableNameMap  - getTableName(tableName=ScopedContentCondition) - end - result=SCOPEDCONTENTCONDITION
146596 [main] DEBUG org.dbunit.dataset.OrderedTableNameMap  - getTableName(tableName=SCOPEDCONTENTCONDITION) - start
146596 [main] DEBUG org.dbunit.dataset.OrderedTableNameMap  - getTableName(tableName=SCOPEDCONTENTCONDITION) - end - result=SCOPEDCONTENTCONDITION
146596 [main] DEBUG org.dbunit.dataset.CachedDataSet  - startTable(metaData=tableName=ScopedContentItem, columns=[(tagName, UNKNOWN, nullableUnknown), (cssClass, UNKNOWN, nullableUnknown), (content, UNKNOWN, nullableUnknown), (type, UNKNOWN, nullableUnknown), (id, UNKNOWN, nullableUnknown), (timeStamp, UNKNOWN, nullableUnknown)], keys=[]) - start
146596 [main] DEBUG org.dbunit.dataset.CachedDataSet  - row(values=11) - start
146596 [main] DEBUG org.dbunit.dataset.DefaultTable  - addRow(values=11) - start
146596 [main] DEBUG org.dbunit.dataset.CachedDataSet  - endTable() - start
146596 [main] DEBUG org.dbunit.dataset.OrderedTableNameMap  - getTableName(tableName=ScopedContentItem) - start
146596 [main] DEBUG org.dbunit.dataset.OrderedTableNameMap  - getTableName(tableName=ScopedContentItem) - end - result=SCOPEDCONTENTITEM
146596 [main] DEBUG org.dbunit.dataset.OrderedTableNameMap  - add(tableName=ScopedContentItem, object=org.dbunit.dataset.DefaultTable[_metaData=tableName=ScopedContentItem, columns=[(tagName, UNKNOWN, nullableUnknown), (cssClass, UNKNOWN, nullableUnknown), (content, UNKNOWN, nullableUnknown), (type, UNKNOWN, nullableUnknown), (id, UNKNOWN, nullableUnknown), (timeStamp, UNKNOWN, nullableUnknown)], keys=[], _rowList.size()=1]) - start
146596 [main] DEBUG org.dbunit.dataset.OrderedTableNameMap  - getTableName(tableName=ScopedContentItem) - start
146596 [main] DEBUG org.dbunit.dataset.OrderedTableNameMap  - getTableName(tableName=ScopedContentItem) - end - result=SCOPEDCONTENTITEM
146596 [main] DEBUG org.dbunit.dataset.OrderedTableNameMap  - getTableName(tableName=SCOPEDCONTENTITEM) - start
146596 [main] DEBUG org.dbunit.dataset.OrderedTableNameMap  - getTableName(tableName=SCOPEDCONTENTITEM) - end - result=SCOPEDCONTENTITEM
146596 [main] DEBUG org.dbunit.dataset.CachedDataSet  - startTable(metaData=tableName=RequestContext, columns=[(path, UNKNOWN, nullableUnknown), (id, UNKNOWN, nullableUnknown), (timeStamp, UNKNOWN, nullableUnknown)], keys=[]) - start
146596 [main] DEBUG org.dbunit.dataset.CachedDataSet  - row(values=14) - start
146596 [main] DEBUG org.dbunit.dataset.DefaultTable  - addRow(values=14) - start
146596 [main] DEBUG org.dbunit.dataset.CachedDataSet  - endTable() - start
146596 [main] DEBUG org.dbunit.dataset.OrderedTableNameMap  - getTableName(tableName=RequestContext) - start
146596 [main] DEBUG org.dbunit.dataset.OrderedTableNameMap  - getTableName(tableName=RequestContext) - end - result=REQUESTCONTEXT
146596 [main] DEBUG org.dbunit.dataset.OrderedTableNameMap  - add(tableName=RequestContext, object=org.dbunit.dataset.DefaultTable[_metaData=tableName=RequestContext, columns=[(path, UNKNOWN, nullableUnknown), (id, UNKNOWN, nullableUnknown), (timeStamp, UNKNOWN, nullableUnknown)], keys=[], _rowList.size()=1]) - start
146596 [main] DEBUG org.dbunit.dataset.OrderedTableNameMap  - getTableName(tableName=RequestContext) - start
146596 [main] DEBUG org.dbunit.dataset.OrderedTableNameMap  - getTableName(tableName=RequestContext) - end - result=REQUESTCONTEXT
146596 [main] DEBUG org.dbunit.dataset.OrderedTableNameMap  - getTableName(tableName=REQUESTCONTEXT) - start
146596 [main] DEBUG org.dbunit.dataset.OrderedTableNameMap  - getTableName(tableName=REQUESTCONTEXT) - end - result=REQUESTCONTEXT
146596 [main] DEBUG org.dbunit.dataset.CachedDataSet  - startTable(metaData=tableName=Authority, columns=[], keys=[]) - start
146596 [main] DEBUG org.dbunit.dataset.CachedDataSet  - endTable() - start
146597 [main] DEBUG org.dbunit.dataset.OrderedTableNameMap  - getTableName(tableName=Authority) - start
146597 [main] DEBUG org.dbunit.dataset.OrderedTableNameMap  - getTableName(tableName=Authority) - end - result=AUTHORITY
146597 [main] DEBUG org.dbunit.dataset.OrderedTableNameMap  - add(tableName=Authority, object=org.dbunit.dataset.DefaultTable[_metaData=tableName=Authority, columns=[], keys=[], _rowList.size()=0]) - start
146597 [main] DEBUG org.dbunit.dataset.OrderedTableNameMap  - getTableName(tableName=Authority) - start
146597 [main] DEBUG org.dbunit.dataset.OrderedTableNameMap  - getTableName(tableName=Authority) - end - result=AUTHORITY
146597 [main] DEBUG org.dbunit.dataset.OrderedTableNameMap  - getTableName(tableName=AUTHORITY) - start
146597 [main] DEBUG org.dbunit.dataset.OrderedTableNameMap  - getTableName(tableName=AUTHORITY) - end - result=AUTHORITY
146597 [main] DEBUG org.dbunit.dataset.CachedDataSet  - startTable(metaData=tableName=User, columns=[], keys=[]) - start
146597 [main] DEBUG org.dbunit.dataset.CachedDataSet  - endTable() - start
146597 [main] DEBUG org.dbunit.dataset.OrderedTableNameMap  - getTableName(tableName=User) - start
146597 [main] DEBUG org.dbunit.dataset.OrderedTableNameMap  - getTableName(tableName=User) - end - result=USER
146597 [main] DEBUG org.dbunit.dataset.OrderedTableNameMap  - add(tableName=User, object=org.dbunit.dataset.DefaultTable[_metaData=tableName=User, columns=[], keys=[], _rowList.size()=0]) - start
146597 [main] DEBUG org.dbunit.dataset.OrderedTableNameMap  - getTableName(tableName=User) - start
146597 [main] DEBUG org.dbunit.dataset.OrderedTableNameMap  - getTableName(tableName=User) - end - result=USER
146597 [main] DEBUG org.dbunit.dataset.OrderedTableNameMap  - getTableName(tableName=USER) - start
146597 [main] DEBUG org.dbunit.dataset.OrderedTableNameMap  - getTableName(tableName=USER) - end - result=USER
146597 [main] DEBUG org.dbunit.dataset.CachedDataSet  - startTable(metaData=tableName=Users_Authorities, columns=[], keys=[]) - start
146597 [main] DEBUG org.dbunit.dataset.CachedDataSet  - endTable() - start
146597 [main] DEBUG org.dbunit.dataset.OrderedTableNameMap  - getTableName(tableName=Users_Authorities) - start
146597 [main] DEBUG org.dbunit.dataset.OrderedTableNameMap  - getTableName(tableName=Users_Authorities) - end - result=USERS_AUTHORITIES
146597 [main] DEBUG org.dbunit.dataset.OrderedTableNameMap  - add(tableName=Users_Authorities, object=org.dbunit.dataset.DefaultTable[_metaData=tableName=Users_Authorities, columns=[], keys=[], _rowList.size()=0]) - start
146597 [main] DEBUG org.dbunit.dataset.OrderedTableNameMap  - getTableName(tableName=Users_Authorities) - start
146597 [main] DEBUG org.dbunit.dataset.OrderedTableNameMap  - getTableName(tableName=Users_Authorities) - end - result=USERS_AUTHORITIES
146597 [main] DEBUG org.dbunit.dataset.OrderedTableNameMap  - getTableName(tableName=USERS_AUTHORITIES) - start
146597 [main] DEBUG org.dbunit.dataset.OrderedTableNameMap  - getTableName(tableName=USERS_AUTHORITIES) - end - result=USERS_AUTHORITIES
146597 [main] DEBUG org.dbunit.dataset.CachedDataSet  - startTable(metaData=tableName=ScopedContent_ScopedContentItem, columns=[], keys=[]) - start
146597 [main] DEBUG org.dbunit.dataset.CachedDataSet  - endTable() - start
146597 [main] DEBUG org.dbunit.dataset.OrderedTableNameMap  - getTableName(tableName=ScopedContent_ScopedContentItem) - start
146597 [main] DEBUG org.dbunit.dataset.OrderedTableNameMap  - getTableName(tableName=ScopedContent_ScopedContentItem) - end - result=SCOPEDCONTENT_SCOPEDCONTENTITEM
146598 [main] DEBUG org.dbunit.dataset.OrderedTableNameMap  - add(tableName=ScopedContent_ScopedContentItem, object=org.dbunit.dataset.DefaultTable[_metaData=tableName=ScopedContent_ScopedContentItem, columns=[], keys=[], _rowList.size()=0]) - start
146598 [main] DEBUG org.dbunit.dataset.OrderedTableNameMap  - getTableName(tableName=ScopedContent_ScopedContentItem) - start
146598 [main] DEBUG org.dbunit.dataset.OrderedTableNameMap  - getTableName(tableName=ScopedContent_ScopedContentItem) - end - result=SCOPEDCONTENT_SCOPEDCONTENTITEM
146598 [main] DEBUG org.dbunit.dataset.OrderedTableNameMap  - getTableName(tableName=SCOPEDCONTENT_SCOPEDCONTENTITEM) - start
146598 [main] DEBUG org.dbunit.dataset.OrderedTableNameMap  - getTableName(tableName=SCOPEDCONTENT_SCOPEDCONTENTITEM) - end - result=SCOPEDCONTENT_SCOPEDCONTENTITEM
146598 [main] DEBUG org.dbunit.dataset.CachedDataSet  - startTable(metaData=tableName=Scope_RequestContext, columns=[], keys=[]) - start
146598 [main] DEBUG org.dbunit.dataset.CachedDataSet  - endTable() - start
146598 [main] DEBUG org.dbunit.dataset.OrderedTableNameMap  - getTableName(tableName=Scope_RequestContext) - start
146598 [main] DEBUG org.dbunit.dataset.OrderedTableNameMap  - getTableName(tableName=Scope_RequestContext) - end - result=SCOPE_REQUESTCONTEXT
146598 [main] DEBUG org.dbunit.dataset.OrderedTableNameMap  - add(tableName=Scope_RequestContext, object=org.dbunit.dataset.DefaultTable[_metaData=tableName=Scope_RequestContext, columns=[], keys=[], _rowList.size()=0]) - start
146598 [main] DEBUG org.dbunit.dataset.OrderedTableNameMap  - getTableName(tableName=Scope_RequestContext) - start
146598 [main] DEBUG org.dbunit.dataset.OrderedTableNameMap  - getTableName(tableName=Scope_RequestContext) - end - result=SCOPE_REQUESTCONTEXT
146598 [main] DEBUG org.dbunit.dataset.OrderedTableNameMap  - getTableName(tableName=SCOPE_REQUESTCONTEXT) - start
146598 [main] DEBUG org.dbunit.dataset.OrderedTableNameMap  - getTableName(tableName=SCOPE_REQUESTCONTEXT) - end - result=SCOPE_REQUESTCONTEXT
146598 [main] DEBUG org.dbunit.dataset.CachedDataSet  - startTable(metaData=tableName=Caption, columns=[], keys=[]) - start
146598 [main] DEBUG org.dbunit.dataset.CachedDataSet  - endTable() - start
146598 [main] DEBUG org.dbunit.dataset.OrderedTableNameMap  - getTableName(tableName=Caption) - start
146598 [main] DEBUG org.dbunit.dataset.OrderedTableNameMap  - getTableName(tableName=Caption) - end - result=CAPTION
146598 [main] DEBUG org.dbunit.dataset.OrderedTableNameMap  - add(tableName=Caption, object=org.dbunit.dataset.DefaultTable[_metaData=tableName=Caption, columns=[], keys=[], _rowList.size()=0]) - start
146598 [main] DEBUG org.dbunit.dataset.OrderedTableNameMap  - getTableName(tableName=Caption) - start
146598 [main] DEBUG org.dbunit.dataset.OrderedTableNameMap  - getTableName(tableName=Caption) - end - result=CAPTION
146598 [main] DEBUG org.dbunit.dataset.OrderedTableNameMap  - getTableName(tableName=CAPTION) - start
146598 [main] DEBUG org.dbunit.dataset.OrderedTableNameMap  - getTableName(tableName=CAPTION) - end - result=CAPTION
146598 [main] DEBUG org.dbunit.dataset.CachedDataSet  - startTable(metaData=tableName=ScopedContentConditions_ScopedContent, columns=[], keys=[]) - start
146599 [main] DEBUG org.dbunit.dataset.CachedDataSet  - endTable() - start
146599 [main] DEBUG org.dbunit.dataset.OrderedTableNameMap  - getTableName(tableName=ScopedContentConditions_ScopedContent) - start
146599 [main] DEBUG org.dbunit.dataset.OrderedTableNameMap  - getTableName(tableName=ScopedContentConditions_ScopedContent) - end - result=SCOPEDCONTENTCONDITIONS_SCOPEDCONTENT
146599 [main] DEBUG org.dbunit.dataset.OrderedTableNameMap  - add(tableName=ScopedContentConditions_ScopedContent, object=org.dbunit.dataset.DefaultTable[_metaData=tableName=ScopedContentConditions_ScopedContent, columns=[], keys=[], _rowList.size()=0]) - start
146599 [main] DEBUG org.dbunit.dataset.OrderedTableNameMap  - getTableName(tableName=ScopedContentConditions_ScopedContent) - start
146599 [main] DEBUG org.dbunit.dataset.OrderedTableNameMap  - getTableName(tableName=ScopedContentConditions_ScopedContent) - end - result=SCOPEDCONTENTCONDITIONS_SCOPEDCONTENT
146599 [main] DEBUG org.dbunit.dataset.OrderedTableNameMap  - getTableName(tableName=SCOPEDCONTENTCONDITIONS_SCOPEDCONTENT) - start
146599 [main] DEBUG org.dbunit.dataset.OrderedTableNameMap  - getTableName(tableName=SCOPEDCONTENTCONDITIONS_SCOPEDCONTENT) - end - result=SCOPEDCONTENTCONDITIONS_SCOPEDCONTENT
146599 [main] DEBUG org.dbunit.dataset.CachedDataSet  - startTable(metaData=tableName=ScopedContentConditions_ScopedContentItem, columns=[], keys=[]) - start
146599 [main] DEBUG org.dbunit.dataset.CachedDataSet  - endTable() - start
146599 [main] DEBUG org.dbunit.dataset.OrderedTableNameMap  - getTableName(tableName=ScopedContentConditions_ScopedContentItem) - start
146599 [main] DEBUG org.dbunit.dataset.OrderedTableNameMap  - getTableName(tableName=ScopedContentConditions_ScopedContentItem) - end - result=SCOPEDCONTENTCONDITIONS_SCOPEDCONTENTITEM
146599 [main] DEBUG org.dbunit.dataset.OrderedTableNameMap  - add(tableName=ScopedContentConditions_ScopedContentItem, object=org.dbunit.dataset.DefaultTable[_metaData=tableName=ScopedContentConditions_ScopedContentItem, columns=[], keys=[], _rowList.size()=0]) - start
146599 [main] DEBUG org.dbunit.dataset.OrderedTableNameMap  - getTableName(tableName=ScopedContentConditions_ScopedContentItem) - start
146599 [main] DEBUG org.dbunit.dataset.OrderedTableNameMap  - getTableName(tableName=ScopedContentConditions_ScopedContentItem) - end - result=SCOPEDCONTENTCONDITIONS_SCOPEDCONTENTITEM
146599 [main] DEBUG org.dbunit.dataset.OrderedTableNameMap  - getTableName(tableName=SCOPEDCONTENTCONDITIONS_SCOPEDCONTENTITEM) - start
146599 [main] DEBUG org.dbunit.dataset.OrderedTableNameMap  - getTableName(tableName=SCOPEDCONTENTCONDITIONS_SCOPEDCONTENTITEM) - end - result=SCOPEDCONTENTCONDITIONS_SCOPEDCONTENTITEM
146599 [main] DEBUG org.dbunit.dataset.CachedDataSet  - startTable(metaData=tableName=NestedScopedContentConditions, columns=[], keys=[]) - start
146600 [main] DEBUG org.dbunit.dataset.CachedDataSet  - endTable() - start
146600 [main] DEBUG org.dbunit.dataset.OrderedTableNameMap  - getTableName(tableName=NestedScopedContentConditions) - start
146600 [main] DEBUG org.dbunit.dataset.OrderedTableNameMap  - getTableName(tableName=NestedScopedContentConditions) - end - result=NESTEDSCOPEDCONTENTCONDITIONS
146600 [main] DEBUG org.dbunit.dataset.OrderedTableNameMap  - add(tableName=NestedScopedContentConditions, object=org.dbunit.dataset.DefaultTable[_metaData=tableName=NestedScopedContentConditions, columns=[], keys=[], _rowList.size()=0]) - start
146600 [main] DEBUG org.dbunit.dataset.OrderedTableNameMap  - getTableName(tableName=NestedScopedContentConditions) - start
146600 [main] DEBUG org.dbunit.dataset.OrderedTableNameMap  - getTableName(tableName=NestedScopedContentConditions) - end - result=NESTEDSCOPEDCONTENTCONDITIONS
146600 [main] DEBUG org.dbunit.dataset.OrderedTableNameMap  - getTableName(tableName=NESTEDSCOPEDCONTENTCONDITIONS) - start
146600 [main] DEBUG org.dbunit.dataset.OrderedTableNameMap  - getTableName(tableName=NESTEDSCOPEDCONTENTCONDITIONS) - end - result=NESTEDSCOPEDCONTENTCONDITIONS
146600 [main] DEBUG org.dbunit.dataset.CachedDataSet  - endDataSet() - start
146600 [main] DEBUG org.dbunit.dataset.CachedDataSet  - endDataSet() - the final tableMap is: org.dbunit.dataset.OrderedTableNameMap[_tableNames=[Scope, ScopedContentConditionAttribute, ScopedContent, ScopedContentCondition, ScopedContentItem, RequestContext, Authority, User, Users_Authorities, ScopedContent_ScopedContentItem, Scope_RequestContext, Caption, ScopedContentConditions_ScopedContent, ScopedContentConditions_ScopedContentItem, NestedScopedContentConditions], _tableMap={SCOPE_REQUESTCONTEXT=org.dbunit.dataset.DefaultTable[_metaData=tableName=Scope_RequestContext, columns=[], keys=[], _rowList.size()=0], NESTEDSCOPEDCONTENTCONDITIONS=org.dbunit.dataset.DefaultTable[_metaData=tableName=NestedScopedContentConditions, columns=[], keys=[], _rowList.size()=0], SCOPE=org.dbunit.dataset.DefaultTable[_metaData=tableName=Scope, columns=[(name, UNKNOWN, nullableUnknown), (description, UNKNOWN, nullableUnknown), (id, UNKNOWN, nullableUnknown), (timeStamp, UNKNOWN, nullableUnknown)], keys=[], _rowList.size()=1], SCOPEDCONTENT_SCOPEDCONTENTITEM=org.dbunit.dataset.DefaultTable[_metaData=tableName=ScopedContent_ScopedContentItem, columns=[], keys=[], _rowList.size()=0], SCOPEDCONTENTCONDITIONATTRIBUTE=org.dbunit.dataset.DefaultTable[_metaData=tableName=ScopedContentConditionAttribute, columns=[(key, UNKNOWN, nullableUnknown), (checkOrder, UNKNOWN, nullableUnknown), (className, UNKNOWN, nullableUnknown), (valuePath, UNKNOWN, nullableUnknown), (operator, UNKNOWN, nullableUnknown), (expectedValue, UNKNOWN, nullableUnknown), (expectedValueType, UNKNOWN, nullableUnknown), (scopedContentCondition, UNKNOWN, nullableUnknown), (id, UNKNOWN, nullableUnknown), (timeStamp, UNKNOWN, nullableUnknown)], keys=[], _rowList.size()=1], SCOPEDCONTENTCONDITIONS_SCOPEDCONTENT=org.dbunit.dataset.DefaultTable[_metaData=tableName=ScopedContentConditions_ScopedContent, columns=[], keys=[], _rowList.size()=0], USER=org.dbunit.dataset.DefaultTable[_metaData=tableName=User, columns=[], keys=[], _rowList.size()=0], SCOPEDCONTENT=org.dbunit.dataset.DefaultTable[_metaData=tableName=ScopedContent, columns=[(name, UNKNOWN, nullableUnknown), (description, UNKNOWN, nullableUnknown), (scope, UNKNOWN, nullableUnknown), (id, UNKNOWN, nullableUnknown), (timeStamp, UNKNOWN, nullableUnknown)], keys=[], _rowList.size()=1], REQUESTCONTEXT=org.dbunit.dataset.DefaultTable[_metaData=tableName=RequestContext, columns=[(path, UNKNOWN, nullableUnknown), (id, UNKNOWN, nullableUnknown), (timeStamp, UNKNOWN, nullableUnknown)], keys=[], _rowList.size()=1], AUTHORITY=org.dbunit.dataset.DefaultTable[_metaData=tableName=Authority, columns=[], keys=[], _rowList.size()=0], USERS_AUTHORITIES=org.dbunit.dataset.DefaultTable[_metaData=tableName=Users_Authorities, columns=[], keys=[], _rowList.size()=0], SCOPEDCONTENTITEM=org.dbunit.dataset.DefaultTable[_metaData=tableName=ScopedContentItem, columns=[(tagName, UNKNOWN, nullableUnknown), (cssClass, UNKNOWN, nullableUnknown), (content, UNKNOWN, nullableUnknown), (type, UNKNOWN, nullableUnknown), (id, UNKNOWN, nullableUnknown), (timeStamp, UNKNOWN, nullableUnknown)], keys=[], _rowList.size()=1], CAPTION=org.dbunit.dataset.DefaultTable[_metaData=tableName=Caption, columns=[], keys=[], _rowList.size()=0], SCOPEDCONTENTCONDITIONS_SCOPEDCONTENTITEM=org.dbunit.dataset.DefaultTable[_metaData=tableName=ScopedContentConditions_ScopedContentItem, columns=[], keys=[], _rowList.size()=0], SCOPEDCONTENTCONDITION=org.dbunit.dataset.DefaultTable[_metaData=tableName=ScopedContentCondition, columns=[(name, UNKNOWN, nullableUnknown), (description, UNKNOWN, nullableUnknown), (operator, UNKNOWN, nullableUnknown), (id, UNKNOWN, nullableUnknown), (timeStamp, UNKNOWN, nullableUnknown)], keys=[], _rowList.size()=1]}, _caseSensitiveTableNames=false]
146600 [main] DEBUG org.dbunit.operation.CompositeOperation  - execute(connection=_databaseConfig=org.dbunit.database.DatabaseConfig[, _propertyMap={http://www.dbunit.org/properties/statementFactory=org.dbunit.database.statement.PreparedStatementFactory@626bc2b8, http://www.dbunit.org/features/caseSensitiveTableNames=false, http://www.dbunit.org/properties/fetchSize=100, http://www.dbunit.org/features/batchedStatements=false, http://www.dbunit.org/properties/metadataHandler=org.dbunit.database.DefaultMetadataHandler@3bbfdfde, http://www.dbunit.org/properties/datatypeFactory=org.dbunit.dataset.datatype.DefaultDataTypeFactory[_toleratedDeltaMap=org.dbunit.dataset.datatype.ToleratedDeltaMap@6452310a], http://www.dbunit.org/properties/escapePattern=null, http://www.dbunit.org/properties/batchSize=100, http://www.dbunit.org/features/qualifiedTableNames=false, http://www.dbunit.org/properties/tableType=[Ljava.lang.String;@5011bafa, http://www.dbunit.org/properties/resultSetTableFactory=org.dbunit.database.CachedResultSetTableFactory@10bcf083, http://www.dbunit.org/features/datatypeWarning=true}], _dataSet=AbstractDataSet[_orderedTableNameMap=null], , dataSet=AbstractDataSet[_orderedTableNameMap=null]) - start
146600 [main] DEBUG org.dbunit.operation.DeleteAllOperation  - execute(connection=_databaseConfig=org.dbunit.database.DatabaseConfig[, _propertyMap={http://www.dbunit.org/properties/statementFactory=org.dbunit.database.statement.PreparedStatementFactory@626bc2b8, http://www.dbunit.org/features/caseSensitiveTableNames=false, http://www.dbunit.org/properties/fetchSize=100, http://www.dbunit.org/features/batchedStatements=false, http://www.dbunit.org/properties/metadataHandler=org.dbunit.database.DefaultMetadataHandler@3bbfdfde, http://www.dbunit.org/properties/datatypeFactory=org.dbunit.dataset.datatype.DefaultDataTypeFactory[_toleratedDeltaMap=org.dbunit.dataset.datatype.ToleratedDeltaMap@6452310a], http://www.dbunit.org/properties/escapePattern=null, http://www.dbunit.org/properties/batchSize=100, http://www.dbunit.org/features/qualifiedTableNames=false, http://www.dbunit.org/properties/tableType=[Ljava.lang.String;@5011bafa, http://www.dbunit.org/properties/resultSetTableFactory=org.dbunit.database.CachedResultSetTableFactory@10bcf083, http://www.dbunit.org/features/datatypeWarning=true}], _dataSet=AbstractDataSet[_orderedTableNameMap=null], dataSet=AbstractDataSet[_orderedTableNameMap=null]) - start
146600 [main] DEBUG org.dbunit.database.AbstractDatabaseConnection  - createDataSet() - start
146600 [main] TRACE org.dbunit.database.DatabaseConfig  - getProperty(name=http://www.dbunit.org/properties/statementFactory) - start
146601 [main] DEBUG org.dbunit.database.statement.PreparedStatementFactory  - createBatchStatement(connection=_databaseConfig=org.dbunit.database.DatabaseConfig[, _propertyMap={http://www.dbunit.org/properties/statementFactory=org.dbunit.database.statement.PreparedStatementFactory@626bc2b8, http://www.dbunit.org/features/caseSensitiveTableNames=false, http://www.dbunit.org/properties/fetchSize=100, http://www.dbunit.org/features/batchedStatements=false, http://www.dbunit.org/properties/metadataHandler=org.dbunit.database.DefaultMetadataHandler@3bbfdfde, http://www.dbunit.org/properties/datatypeFactory=org.dbunit.dataset.datatype.DefaultDataTypeFactory[_toleratedDeltaMap=org.dbunit.dataset.datatype.ToleratedDeltaMap@6452310a], http://www.dbunit.org/properties/escapePattern=null, http://www.dbunit.org/properties/batchSize=100, http://www.dbunit.org/features/qualifiedTableNames=false, http://www.dbunit.org/properties/tableType=[Ljava.lang.String;@5011bafa, http://www.dbunit.org/properties/resultSetTableFactory=org.dbunit.database.CachedResultSetTableFactory@10bcf083, http://www.dbunit.org/features/datatypeWarning=true}], _dataSet=AbstractDataSet[_orderedTableNameMap=null]) - start
146601 [main] DEBUG org.dbunit.database.statement.AbstractStatementFactory  - supportBatchStatement(connection=_databaseConfig=org.dbunit.database.DatabaseConfig[, _propertyMap={http://www.dbunit.org/properties/statementFactory=org.dbunit.database.statement.PreparedStatementFactory@626bc2b8, http://www.dbunit.org/features/caseSensitiveTableNames=false, http://www.dbunit.org/properties/fetchSize=100, http://www.dbunit.org/features/batchedStatements=false, http://www.dbunit.org/properties/metadataHandler=org.dbunit.database.DefaultMetadataHandler@3bbfdfde, http://www.dbunit.org/properties/datatypeFactory=org.dbunit.dataset.datatype.DefaultDataTypeFactory[_toleratedDeltaMap=org.dbunit.dataset.datatype.ToleratedDeltaMap@6452310a], http://www.dbunit.org/properties/escapePattern=null, http://www.dbunit.org/properties/batchSize=100, http://www.dbunit.org/features/qualifiedTableNames=false, http://www.dbunit.org/properties/tableType=[Ljava.lang.String;@5011bafa, http://www.dbunit.org/properties/resultSetTableFactory=org.dbunit.database.CachedResultSetTableFactory@10bcf083, http://www.dbunit.org/features/datatypeWarning=true}], _dataSet=AbstractDataSet[_orderedTableNameMap=null]) - start
146601 [main] TRACE org.dbunit.database.DatabaseConfig  - getFeature(name=http://www.dbunit.org/features/batchedStatements) - start
146601 [main] TRACE org.dbunit.database.DatabaseConfig  - getProperty(name=http://www.dbunit.org/features/batchedStatements) - start
146601 [main] DEBUG org.dbunit.database.DatabaseDataSourceConnection  - getConnection() - start
146601 [main] DEBUG org.dbunit.dataset.AbstractDataSet  - iterator() - start
146601 [main] DEBUG org.dbunit.dataset.FilteredDataSet  - createIterator(reversed=false) - start
146601 [main] DEBUG org.dbunit.dataset.filter.SequenceTableFilter  - iterator(dataSet=AbstractDataSet[_orderedTableNameMap=null], reversed=false) - start
146601 [main] DEBUG org.dbunit.dataset.filter.SequenceTableFilter  - getTableNames(dataSet=AbstractDataSet[_orderedTableNameMap=null]) - start
146601 [main] DEBUG org.dbunit.dataset.AbstractDataSet  - getTableMetaData(tableName=AUTHORITY) - start
146601 [main] DEBUG org.dbunit.dataset.AbstractDataSet  - getTable(tableName=AUTHORITY) - start
146601 [main] DEBUG org.dbunit.dataset.AbstractDataSet  - initialize() - start
146601 [main] DEBUG org.dbunit.dataset.CachedDataSet  - createIterator(reversed=false) - start
146601 [main] DEBUG org.dbunit.dataset.OrderedTableNameMap  - orderedValues() - start
146601 [main] DEBUG org.dbunit.dataset.OrderedTableNameMap  - getTableName(tableName=Scope) - start
146601 [main] DEBUG org.dbunit.dataset.OrderedTableNameMap  - getTableName(tableName=Scope) - end - result=SCOPE
146601 [main] DEBUG org.dbunit.dataset.OrderedTableNameMap  - getTableName(tableName=ScopedContentConditionAttribute) - start
146601 [main] DEBUG org.dbunit.dataset.OrderedTableNameMap  - getTableName(tableName=ScopedContentConditionAttribute) - end - result=SCOPEDCONTENTCONDITIONATTRIBUTE
146601 [main] DEBUG org.dbunit.dataset.OrderedTableNameMap  - getTableName(tableName=ScopedContent) - start
146601 [main] DEBUG org.dbunit.dataset.OrderedTableNameMap  - getTableName(tableName=ScopedContent) - end - result=SCOPEDCONTENT
146601 [main] DEBUG org.dbunit.dataset.OrderedTableNameMap  - getTableName(tableName=ScopedContentCondition) - start
146601 [main] DEBUG org.dbunit.dataset.OrderedTableNameMap  - getTableName(tableName=ScopedContentCondition) - end - result=SCOPEDCONTENTCONDITION
146602 [main] DEBUG org.dbunit.dataset.OrderedTableNameMap  - getTableName(tableName=ScopedContentItem) - start
146602 [main] DEBUG org.dbunit.dataset.OrderedTableNameMap  - getTableName(tableName=ScopedContentItem) - end - result=SCOPEDCONTENTITEM
146602 [main] DEBUG org.dbunit.dataset.OrderedTableNameMap  - getTableName(tableName=RequestContext) - start
146602 [main] DEBUG org.dbunit.dataset.OrderedTableNameMap  - getTableName(tableName=RequestContext) - end - result=REQUESTCONTEXT
146602 [main] DEBUG org.dbunit.dataset.OrderedTableNameMap  - getTableName(tableName=Authority) - start
146602 [main] DEBUG org.dbunit.dataset.OrderedTableNameMap  - getTableName(tableName=Authority) - end - result=AUTHORITY
146602 [main] DEBUG org.dbunit.dataset.OrderedTableNameMap  - getTableName(tableName=User) - start
146602 [main] DEBUG org.dbunit.dataset.OrderedTableNameMap  - getTableName(tableName=User) - end - result=USER
146602 [main] DEBUG org.dbunit.dataset.OrderedTableNameMap  - getTableName(tableName=Users_Authorities) - start
146602 [main] DEBUG org.dbunit.dataset.OrderedTableNameMap  - getTableName(tableName=Users_Authorities) - end - result=USERS_AUTHORITIES
146602 [main] DEBUG org.dbunit.dataset.OrderedTableNameMap  - getTableName(tableName=ScopedContent_ScopedContentItem) - start
146602 [main] DEBUG org.dbunit.dataset.OrderedTableNameMap  - getTableName(tableName=ScopedContent_ScopedContentItem) - end - result=SCOPEDCONTENT_SCOPEDCONTENTITEM
146602 [main] DEBUG org.dbunit.dataset.OrderedTableNameMap  - getTableName(tableName=Scope_RequestContext) - start
146602 [main] DEBUG org.dbunit.dataset.OrderedTableNameMap  - getTableName(tableName=Scope_RequestContext) - end - result=SCOPE_REQUESTCONTEXT
146602 [main] DEBUG org.dbunit.dataset.OrderedTableNameMap  - getTableName(tableName=Caption) - start
146602 [main] DEBUG org.dbunit.dataset.OrderedTableNameMap  - getTableName(tableName=Caption) - end - result=CAPTION
146602 [main] DEBUG org.dbunit.dataset.OrderedTableNameMap  - getTableName(tableName=ScopedContentConditions_ScopedContent) - start
146602 [main] DEBUG org.dbunit.dataset.OrderedTableNameMap  - getTableName(tableName=ScopedContentConditions_ScopedContent) - end - result=SCOPEDCONTENTCONDITIONS_SCOPEDCONTENT
146602 [main] DEBUG org.dbunit.dataset.OrderedTableNameMap  - getTableName(tableName=ScopedContentConditions_ScopedContentItem) - start
146602 [main] DEBUG org.dbunit.dataset.OrderedTableNameMap  - getTableName(tableName=ScopedContentConditions_ScopedContentItem) - end - result=SCOPEDCONTENTCONDITIONS_SCOPEDCONTENTITEM
146602 [main] DEBUG org.dbunit.dataset.OrderedTableNameMap  - getTableName(tableName=NestedScopedContentConditions) - start
146602 [main] DEBUG org.dbunit.dataset.OrderedTableNameMap  - getTableName(tableName=NestedScopedContentConditions) - end - result=NESTEDSCOPEDCONTENTCONDITIONS
146602 [main] DEBUG org.dbunit.dataset.DefaultTableIterator  - getTable() - start
146602 [main] DEBUG org.dbunit.dataset.OrderedTableNameMap  - add(tableName=Scope, object=org.dbunit.dataset.DefaultTable[_metaData=tableName=Scope, columns=[(name, UNKNOWN, nullableUnknown), (description, UNKNOWN, nullableUnknown), (id, UNKNOWN, nullableUnknown), (timeStamp, UNKNOWN, nullableUnknown)], keys=[], _rowList.size()=1]) - start
146602 [main] DEBUG org.dbunit.dataset.OrderedTableNameMap  - getTableName(tableName=Scope) - start
146602 [main] DEBUG org.dbunit.dataset.OrderedTableNameMap  - getTableName(tableName=Scope) - end - result=SCOPE
146602 [main] DEBUG org.dbunit.dataset.OrderedTableNameMap  - getTableName(tableName=SCOPE) - start
146602 [main] DEBUG org.dbunit.dataset.OrderedTableNameMap  - getTableName(tableName=SCOPE) - end - result=SCOPE
146603 [main] DEBUG org.dbunit.dataset.DefaultTableIterator  - getTable() - start
146603 [main] DEBUG org.dbunit.dataset.OrderedTableNameMap  - add(tableName=ScopedContentConditionAttribute, object=org.dbunit.dataset.DefaultTable[_metaData=tableName=ScopedContentConditionAttribute, columns=[(key, UNKNOWN, nullableUnknown), (checkOrder, UNKNOWN, nullableUnknown), (className, UNKNOWN, nullableUnknown), (valuePath, UNKNOWN, nullableUnknown), (operator, UNKNOWN, nullableUnknown), (expectedValue, UNKNOWN, nullableUnknown), (expectedValueType, UNKNOWN, nullableUnknown), (scopedContentCondition, UNKNOWN, nullableUnknown), (id, UNKNOWN, nullableUnknown), (timeStamp, UNKNOWN, nullableUnknown)], keys=[], _rowList.size()=1]) - start
146603 [main] DEBUG org.dbunit.dataset.OrderedTableNameMap  - getTableName(tableName=ScopedContentConditionAttribute) - start
146603 [main] DEBUG org.dbunit.dataset.OrderedTableNameMap  - getTableName(tableName=ScopedContentConditionAttribute) - end - result=SCOPEDCONTENTCONDITIONATTRIBUTE
146603 [main] DEBUG org.dbunit.dataset.OrderedTableNameMap  - getTableName(tableName=SCOPEDCONTENTCONDITIONATTRIBUTE) - start
146603 [main] DEBUG org.dbunit.dataset.OrderedTableNameMap  - getTableName(tableName=SCOPEDCONTENTCONDITIONATTRIBUTE) - end - result=SCOPEDCONTENTCONDITIONATTRIBUTE
146603 [main] DEBUG org.dbunit.dataset.DefaultTableIterator  - getTable() - start
146603 [main] DEBUG org.dbunit.dataset.OrderedTableNameMap  - add(tableName=ScopedContent, object=org.dbunit.dataset.DefaultTable[_metaData=tableName=ScopedContent, columns=[(name, UNKNOWN, nullableUnknown), (description, UNKNOWN, nullableUnknown), (scope, UNKNOWN, nullableUnknown), (id, UNKNOWN, nullableUnknown), (timeStamp, UNKNOWN, nullableUnknown)], keys=[], _rowList.size()=1]) - start
146604 [main] DEBUG org.dbunit.dataset.OrderedTableNameMap  - getTableName(tableName=ScopedContent) - start
146604 [main] DEBUG org.dbunit.dataset.OrderedTableNameMap  - getTableName(tableName=ScopedContent) - end - result=SCOPEDCONTENT
146604 [main] DEBUG org.dbunit.dataset.OrderedTableNameMap  - getTableName(tableName=SCOPEDCONTENT) - start
146604 [main] DEBUG org.dbunit.dataset.OrderedTableNameMap  - getTableName(tableName=SCOPEDCONTENT) - end - result=SCOPEDCONTENT
146604 [main] DEBUG org.dbunit.dataset.DefaultTableIterator  - getTable() - start
146604 [main] DEBUG org.dbunit.dataset.OrderedTableNameMap  - add(tableName=ScopedContentCondition, object=org.dbunit.dataset.DefaultTable[_metaData=tableName=ScopedContentCondition, columns=[(name, UNKNOWN, nullableUnknown), (description, UNKNOWN, nullableUnknown), (operator, UNKNOWN, nullableUnknown), (id, UNKNOWN, nullableUnknown), (timeStamp, UNKNOWN, nullableUnknown)], keys=[], _rowList.size()=1]) - start
146604 [main] DEBUG org.dbunit.dataset.OrderedTableNameMap  - getTableName(tableName=ScopedContentCondition) - start
146604 [main] DEBUG org.dbunit.dataset.OrderedTableNameMap  - getTableName(tableName=ScopedContentCondition) - end - result=SCOPEDCONTENTCONDITION
146604 [main] DEBUG org.dbunit.dataset.OrderedTableNameMap  - getTableName(tableName=SCOPEDCONTENTCONDITION) - start
146604 [main] DEBUG org.dbunit.dataset.OrderedTableNameMap  - getTableName(tableName=SCOPEDCONTENTCONDITION) - end - result=SCOPEDCONTENTCONDITION
146604 [main] DEBUG org.dbunit.dataset.DefaultTableIterator  - getTable() - start
146604 [main] DEBUG org.dbunit.dataset.OrderedTableNameMap  - add(tableName=ScopedContentItem, object=org.dbunit.dataset.DefaultTable[_metaData=tableName=ScopedContentItem, columns=[(tagName, UNKNOWN, nullableUnknown), (cssClass, UNKNOWN, nullableUnknown), (content, UNKNOWN, nullableUnknown), (type, UNKNOWN, nullableUnknown), (id, UNKNOWN, nullableUnknown), (timeStamp, UNKNOWN, nullableUnknown)], keys=[], _rowList.size()=1]) - start
146620 [main] DEBUG org.dbunit.dataset.OrderedTableNameMap  - getTableName(tableName=ScopedContentItem) - start
146621 [main] DEBUG org.dbunit.dataset.OrderedTableNameMap  - getTableName(tableName=ScopedContentItem) - end - result=SCOPEDCONTENTITEM
146621 [main] DEBUG org.dbunit.dataset.OrderedTableNameMap  - getTableName(tableName=SCOPEDCONTENTITEM) - start
146621 [main] DEBUG org.dbunit.dataset.OrderedTableNameMap  - getTableName(tableName=SCOPEDCONTENTITEM) - end - result=SCOPEDCONTENTITEM
146621 [main] DEBUG org.dbunit.dataset.DefaultTableIterator  - getTable() - start
146621 [main] DEBUG org.dbunit.dataset.OrderedTableNameMap  - add(tableName=RequestContext, object=org.dbunit.dataset.DefaultTable[_metaData=tableName=RequestContext, columns=[(path, UNKNOWN, nullableUnknown), (id, UNKNOWN, nullableUnknown), (timeStamp, UNKNOWN, nullableUnknown)], keys=[], _rowList.size()=1]) - start
146621 [main] DEBUG org.dbunit.dataset.OrderedTableNameMap  - getTableName(tableName=RequestContext) - start
146621 [main] DEBUG org.dbunit.dataset.OrderedTableNameMap  - getTableName(tableName=RequestContext) - end - result=REQUESTCONTEXT
146621 [main] DEBUG org.dbunit.dataset.OrderedTableNameMap  - getTableName(tableName=REQUESTCONTEXT) - start
146621 [main] DEBUG org.dbunit.dataset.OrderedTableNameMap  - getTableName(tableName=REQUESTCONTEXT) - end - result=REQUESTCONTEXT
146621 [main] DEBUG org.dbunit.dataset.DefaultTableIterator  - getTable() - start
146621 [main] DEBUG org.dbunit.dataset.OrderedTableNameMap  - add(tableName=Authority, object=org.dbunit.dataset.DefaultTable[_metaData=tableName=Authority, columns=[], keys=[], _rowList.size()=0]) - start
146621 [main] DEBUG org.dbunit.dataset.OrderedTableNameMap  - getTableName(tableName=Authority) - start
146621 [main] DEBUG org.dbunit.dataset.OrderedTableNameMap  - getTableName(tableName=Authority) - end - result=AUTHORITY
146621 [main] DEBUG org.dbunit.dataset.OrderedTableNameMap  - getTableName(tableName=AUTHORITY) - start
146621 [main] DEBUG org.dbunit.dataset.OrderedTableNameMap  - getTableName(tableName=AUTHORITY) - end - result=AUTHORITY
146621 [main] DEBUG org.dbunit.dataset.DefaultTableIterator  - getTable() - start
146621 [main] DEBUG org.dbunit.dataset.OrderedTableNameMap  - add(tableName=User, object=org.dbunit.dataset.DefaultTable[_metaData=tableName=User, columns=[], keys=[], _rowList.size()=0]) - start
146621 [main] DEBUG org.dbunit.dataset.OrderedTableNameMap  - getTableName(tableName=User) - start
146621 [main] DEBUG org.dbunit.dataset.OrderedTableNameMap  - getTableName(tableName=User) - end - result=USER
146621 [main] DEBUG org.dbunit.dataset.OrderedTableNameMap  - getTableName(tableName=USER) - start
146621 [main] DEBUG org.dbunit.dataset.OrderedTableNameMap  - getTableName(tableName=USER) - end - result=USER
146621 [main] DEBUG org.dbunit.dataset.DefaultTableIterator  - getTable() - start
146621 [main] DEBUG org.dbunit.dataset.OrderedTableNameMap  - add(tableName=Users_Authorities, object=org.dbunit.dataset.DefaultTable[_metaData=tableName=Users_Authorities, columns=[], keys=[], _rowList.size()=0]) - start
146621 [main] DEBUG org.dbunit.dataset.OrderedTableNameMap  - getTableName(tableName=Users_Authorities) - start
146621 [main] DEBUG org.dbunit.dataset.OrderedTableNameMap  - getTableName(tableName=Users_Authorities) - end - result=USERS_AUTHORITIES
146621 [main] DEBUG org.dbunit.dataset.OrderedTableNameMap  - getTableName(tableName=USERS_AUTHORITIES) - start
146621 [main] DEBUG org.dbunit.dataset.OrderedTableNameMap  - getTableName(tableName=USERS_AUTHORITIES) - end - result=USERS_AUTHORITIES
146621 [main] DEBUG org.dbunit.dataset.DefaultTableIterator  - getTable() - start
146622 [main] DEBUG org.dbunit.dataset.OrderedTableNameMap  - add(tableName=ScopedContent_ScopedContentItem, object=org.dbunit.dataset.DefaultTable[_metaData=tableName=ScopedContent_ScopedContentItem, columns=[], keys=[], _rowList.size()=0]) - start
146622 [main] DEBUG org.dbunit.dataset.OrderedTableNameMap  - getTableName(tableName=ScopedContent_ScopedContentItem) - start
146622 [main] DEBUG org.dbunit.dataset.OrderedTableNameMap  - getTableName(tableName=ScopedContent_ScopedContentItem) - end - result=SCOPEDCONTENT_SCOPEDCONTENTITEM
146622 [main] DEBUG org.dbunit.dataset.OrderedTableNameMap  - getTableName(tableName=SCOPEDCONTENT_SCOPEDCONTENTITEM) - start
146622 [main] DEBUG org.dbunit.dataset.OrderedTableNameMap  - getTableName(tableName=SCOPEDCONTENT_SCOPEDCONTENTITEM) - end - result=SCOPEDCONTENT_SCOPEDCONTENTITEM
146622 [main] DEBUG org.dbunit.dataset.DefaultTableIterator  - getTable() - start
146622 [main] DEBUG org.dbunit.dataset.OrderedTableNameMap  - add(tableName=Scope_RequestContext, object=org.dbunit.dataset.DefaultTable[_metaData=tableName=Scope_RequestContext, columns=[], keys=[], _rowList.size()=0]) - start
146622 [main] DEBUG org.dbunit.dataset.OrderedTableNameMap  - getTableName(tableName=Scope_RequestContext) - start
146622 [main] DEBUG org.dbunit.dataset.OrderedTableNameMap  - getTableName(tableName=Scope_RequestContext) - end - result=SCOPE_REQUESTCONTEXT
146622 [main] DEBUG org.dbunit.dataset.OrderedTableNameMap  - getTableName(tableName=SCOPE_REQUESTCONTEXT) - start
146622 [main] DEBUG org.dbunit.dataset.OrderedTableNameMap  - getTableName(tableName=SCOPE_REQUESTCONTEXT) - end - result=SCOPE_REQUESTCONTEXT
146622 [main] DEBUG org.dbunit.dataset.DefaultTableIterator  - getTable() - start
146622 [main] DEBUG org.dbunit.dataset.OrderedTableNameMap  - add(tableName=Caption, object=org.dbunit.dataset.DefaultTable[_metaData=tableName=Caption, columns=[], keys=[], _rowList.size()=0]) - start
146622 [main] DEBUG org.dbunit.dataset.OrderedTableNameMap  - getTableName(tableName=Caption) - start
146622 [main] DEBUG org.dbunit.dataset.OrderedTableNameMap  - getTableName(tableName=Caption) - end - result=CAPTION
146622 [main] DEBUG org.dbunit.dataset.OrderedTableNameMap  - getTableName(tableName=CAPTION) - start
146622 [main] DEBUG org.dbunit.dataset.OrderedTableNameMap  - getTableName(tableName=CAPTION) - end - result=CAPTION
146622 [main] DEBUG org.dbunit.dataset.DefaultTableIterator  - getTable() - start
146622 [main] DEBUG org.dbunit.dataset.OrderedTableNameMap  - add(tableName=ScopedContentConditions_ScopedContent, object=org.dbunit.dataset.DefaultTable[_metaData=tableName=ScopedContentConditions_ScopedContent, columns=[], keys=[], _rowList.size()=0]) - start
146622 [main] DEBUG org.dbunit.dataset.OrderedTableNameMap  - getTableName(tableName=ScopedContentConditions_ScopedContent) - start
146622 [main] DEBUG org.dbunit.dataset.OrderedTableNameMap  - getTableName(tableName=ScopedContentConditions_ScopedContent) - end - result=SCOPEDCONTENTCONDITIONS_SCOPEDCONTENT
146622 [main] DEBUG org.dbunit.dataset.OrderedTableNameMap  - getTableName(tableName=SCOPEDCONTENTCONDITIONS_SCOPEDCONTENT) - start
146622 [main] DEBUG org.dbunit.dataset.OrderedTableNameMap  - getTableName(tableName=SCOPEDCONTENTCONDITIONS_SCOPEDCONTENT) - end - result=SCOPEDCONTENTCONDITIONS_SCOPEDCONTENT
146622 [main] DEBUG org.dbunit.dataset.DefaultTableIterator  - getTable() - start
146622 [main] DEBUG org.dbunit.dataset.OrderedTableNameMap  - add(tableName=ScopedContentConditions_ScopedContentItem, object=org.dbunit.dataset.DefaultTable[_metaData=tableName=ScopedContentConditions_ScopedContentItem, columns=[], keys=[], _rowList.size()=0]) - start
146622 [main] DEBUG org.dbunit.dataset.OrderedTableNameMap  - getTableName(tableName=ScopedContentConditions_ScopedContentItem) - start
146622 [main] DEBUG org.dbunit.dataset.OrderedTableNameMap  - getTableName(tableName=ScopedContentConditions_ScopedContentItem) - end - result=SCOPEDCONTENTCONDITIONS_SCOPEDCONTENTITEM
146622 [main] DEBUG org.dbunit.dataset.OrderedTableNameMap  - getTableName(tableName=SCOPEDCONTENTCONDITIONS_SCOPEDCONTENTITEM) - start
146622 [main] DEBUG org.dbunit.dataset.OrderedTableNameMap  - getTableName(tableName=SCOPEDCONTENTCONDITIONS_SCOPEDCONTENTITEM) - end - result=SCOPEDCONTENTCONDITIONS_SCOPEDCONTENTITEM
146623 [main] DEBUG org.dbunit.dataset.DefaultTableIterator  - getTable() - start
146623 [main] DEBUG org.dbunit.dataset.OrderedTableNameMap  - add(tableName=NestedScopedContentConditions, object=org.dbunit.dataset.DefaultTable[_metaData=tableName=NestedScopedContentConditions, columns=[], keys=[], _rowList.size()=0]) - start
146623 [main] DEBUG org.dbunit.dataset.OrderedTableNameMap  - getTableName(tableName=NestedScopedContentConditions) - start
146623 [main] DEBUG org.dbunit.dataset.OrderedTableNameMap  - getTableName(tableName=NestedScopedContentConditions) - end - result=NESTEDSCOPEDCONTENTCONDITIONS
146623 [main] DEBUG org.dbunit.dataset.OrderedTableNameMap  - getTableName(tableName=NESTEDSCOPEDCONTENTCONDITIONS) - start
146623 [main] DEBUG org.dbunit.dataset.OrderedTableNameMap  - getTableName(tableName=NESTEDSCOPEDCONTENTCONDITIONS) - end - result=NESTEDSCOPEDCONTENTCONDITIONS
146623 [main] DEBUG org.dbunit.dataset.OrderedTableNameMap  - getTableName(tableName=AUTHORITY) - start
146623 [main] DEBUG org.dbunit.dataset.OrderedTableNameMap  - getTableName(tableName=AUTHORITY) - end - result=AUTHORITY
146623 [main] DEBUG org.dbunit.dataset.AbstractDataSet  - getTableMetaData(tableName=CAPTION) - start
146623 [main] DEBUG org.dbunit.dataset.AbstractDataSet  - getTable(tableName=CAPTION) - start
146623 [main] DEBUG org.dbunit.dataset.AbstractDataSet  - initialize() - start
146623 [main] DEBUG org.dbunit.dataset.AbstractDataSet  - The table name map has already been initialized.
146623 [main] DEBUG org.dbunit.dataset.OrderedTableNameMap  - getTableName(tableName=CAPTION) - start
146623 [main] DEBUG org.dbunit.dataset.OrderedTableNameMap  - getTableName(tableName=CAPTION) - end - result=CAPTION
146623 [main] DEBUG org.dbunit.dataset.AbstractDataSet  - getTableMetaData(tableName=SCOPEDCONTENTCONDITION) - start
146623 [main] DEBUG org.dbunit.dataset.AbstractDataSet  - getTable(tableName=SCOPEDCONTENTCONDITION) - start
146623 [main] DEBUG org.dbunit.dataset.AbstractDataSet  - initialize() - start
146623 [main] DEBUG org.dbunit.dataset.AbstractDataSet  - The table name map has already been initialized.
146623 [main] DEBUG org.dbunit.dataset.OrderedTableNameMap  - getTableName(tableName=SCOPEDCONTENTCONDITION) - start
146623 [main] DEBUG org.dbunit.dataset.OrderedTableNameMap  - getTableName(tableName=SCOPEDCONTENTCONDITION) - end - result=SCOPEDCONTENTCONDITION
146623 [main] DEBUG org.dbunit.dataset.AbstractDataSet  - getTableMetaData(tableName=NESTEDSCOPEDCONTENTCONDITIONS) - start
146623 [main] DEBUG org.dbunit.dataset.AbstractDataSet  - getTable(tableName=NESTEDSCOPEDCONTENTCONDITIONS) - start
146623 [main] DEBUG org.dbunit.dataset.AbstractDataSet  - initialize() - start
146623 [main] DEBUG org.dbunit.dataset.AbstractDataSet  - The table name map has already been initialized.
146623 [main] DEBUG org.dbunit.dataset.OrderedTableNameMap  - getTableName(tableName=NESTEDSCOPEDCONTENTCONDITIONS) - start
146623 [main] DEBUG org.dbunit.dataset.OrderedTableNameMap  - getTableName(tableName=NESTEDSCOPEDCONTENTCONDITIONS) - end - result=NESTEDSCOPEDCONTENTCONDITIONS
146623 [main] DEBUG org.dbunit.dataset.AbstractDataSet  - getTableMetaData(tableName=REQUESTCONTEXT) - start
146623 [main] DEBUG org.dbunit.dataset.AbstractDataSet  - getTable(tableName=REQUESTCONTEXT) - start
146623 [main] DEBUG org.dbunit.dataset.AbstractDataSet  - initialize() - start
146623 [main] DEBUG org.dbunit.dataset.AbstractDataSet  - The table name map has already been initialized.
146624 [main] DEBUG org.dbunit.dataset.OrderedTableNameMap  - getTableName(tableName=REQUESTCONTEXT) - start
146624 [main] DEBUG org.dbunit.dataset.OrderedTableNameMap  - getTableName(tableName=REQUESTCONTEXT) - end - result=REQUESTCONTEXT
146624 [main] DEBUG org.dbunit.dataset.AbstractDataSet  - getTableMetaData(tableName=SCOPE) - start
146624 [main] DEBUG org.dbunit.dataset.AbstractDataSet  - getTable(tableName=SCOPE) - start
146624 [main] DEBUG org.dbunit.dataset.AbstractDataSet  - initialize() - start
146624 [main] DEBUG org.dbunit.dataset.AbstractDataSet  - The table name map has already been initialized.
146624 [main] DEBUG org.dbunit.dataset.OrderedTableNameMap  - getTableName(tableName=SCOPE) - start
146624 [main] DEBUG org.dbunit.dataset.OrderedTableNameMap  - getTableName(tableName=SCOPE) - end - result=SCOPE
146624 [main] DEBUG org.dbunit.dataset.AbstractDataSet  - getTableMetaData(tableName=SCOPEDCONTENT) - start
146624 [main] DEBUG org.dbunit.dataset.AbstractDataSet  - getTable(tableName=SCOPEDCONTENT) - start
146624 [main] DEBUG org.dbunit.dataset.AbstractDataSet  - initialize() - start
146624 [main] DEBUG org.dbunit.dataset.AbstractDataSet  - The table name map has already been initialized.
146624 [main] DEBUG org.dbunit.dataset.OrderedTableNameMap  - getTableName(tableName=SCOPEDCONTENT) - start
146624 [main] DEBUG org.dbunit.dataset.OrderedTableNameMap  - getTableName(tableName=SCOPEDCONTENT) - end - result=SCOPEDCONTENT
146624 [main] DEBUG org.dbunit.dataset.AbstractDataSet  - getTableMetaData(tableName=SCOPEDCONTENTCONDITIONATTRIBUTE) - start
146624 [main] DEBUG org.dbunit.dataset.AbstractDataSet  - getTable(tableName=SCOPEDCONTENTCONDITIONATTRIBUTE) - start
146624 [main] DEBUG org.dbunit.dataset.AbstractDataSet  - initialize() - start
146624 [main] DEBUG org.dbunit.dataset.AbstractDataSet  - The table name map has already been initialized.
146624 [main] DEBUG org.dbunit.dataset.OrderedTableNameMap  - getTableName(tableName=SCOPEDCONTENTCONDITIONATTRIBUTE) - start
146624 [main] DEBUG org.dbunit.dataset.OrderedTableNameMap  - getTableName(tableName=SCOPEDCONTENTCONDITIONATTRIBUTE) - end - result=SCOPEDCONTENTCONDITIONATTRIBUTE
146624 [main] DEBUG org.dbunit.dataset.AbstractDataSet  - getTableMetaData(tableName=SCOPEDCONTENTCONDITIONS_SCOPEDCONTENT) - start
146624 [main] DEBUG org.dbunit.dataset.AbstractDataSet  - getTable(tableName=SCOPEDCONTENTCONDITIONS_SCOPEDCONTENT) - start
146624 [main] DEBUG org.dbunit.dataset.AbstractDataSet  - initialize() - start
146624 [main] DEBUG org.dbunit.dataset.AbstractDataSet  - The table name map has already been initialized.
146624 [main] DEBUG org.dbunit.dataset.OrderedTableNameMap  - getTableName(tableName=SCOPEDCONTENTCONDITIONS_SCOPEDCONTENT) - start
146624 [main] DEBUG org.dbunit.dataset.OrderedTableNameMap  - getTableName(tableName=SCOPEDCONTENTCONDITIONS_SCOPEDCONTENT) - end - result=SCOPEDCONTENTCONDITIONS_SCOPEDCONTENT
146624 [main] DEBUG org.dbunit.dataset.AbstractDataSet  - getTableMetaData(tableName=SCOPEDCONTENTITEM) - start
146624 [main] DEBUG org.dbunit.dataset.AbstractDataSet  - getTable(tableName=SCOPEDCONTENTITEM) - start
146624 [main] DEBUG org.dbunit.dataset.AbstractDataSet  - initialize() - start
146624 [main] DEBUG org.dbunit.dataset.AbstractDataSet  - The table name map has already been initialized.
146624 [main] DEBUG org.dbunit.dataset.OrderedTableNameMap  - getTableName(tableName=SCOPEDCONTENTITEM) - start
146624 [main] DEBUG org.dbunit.dataset.OrderedTableNameMap  - getTableName(tableName=SCOPEDCONTENTITEM) - end - result=SCOPEDCONTENTITEM
146625 [main] DEBUG org.dbunit.dataset.AbstractDataSet  - getTableMetaData(tableName=SCOPEDCONTENTCONDITIONS_SCOPEDCONTENTITEM) - start
146625 [main] DEBUG org.dbunit.dataset.AbstractDataSet  - getTable(tableName=SCOPEDCONTENTCONDITIONS_SCOPEDCONTENTITEM) - start
146625 [main] DEBUG org.dbunit.dataset.AbstractDataSet  - initialize() - start
146625 [main] DEBUG org.dbunit.dataset.AbstractDataSet  - The table name map has already been initialized.
146625 [main] DEBUG org.dbunit.dataset.OrderedTableNameMap  - getTableName(tableName=SCOPEDCONTENTCONDITIONS_SCOPEDCONTENTITEM) - start
146625 [main] DEBUG org.dbunit.dataset.OrderedTableNameMap  - getTableName(tableName=SCOPEDCONTENTCONDITIONS_SCOPEDCONTENTITEM) - end - result=SCOPEDCONTENTCONDITIONS_SCOPEDCONTENTITEM
146625 [main] DEBUG org.dbunit.dataset.AbstractDataSet  - getTableMetaData(tableName=SCOPEDCONTENT_SCOPEDCONTENTITEM) - start
146625 [main] DEBUG org.dbunit.dataset.AbstractDataSet  - getTable(tableName=SCOPEDCONTENT_SCOPEDCONTENTITEM) - start
146625 [main] DEBUG org.dbunit.dataset.AbstractDataSet  - initialize() - start
146625 [main] DEBUG org.dbunit.dataset.AbstractDataSet  - The table name map has already been initialized.
146625 [main] DEBUG org.dbunit.dataset.OrderedTableNameMap  - getTableName(tableName=SCOPEDCONTENT_SCOPEDCONTENTITEM) - start
146625 [main] DEBUG org.dbunit.dataset.OrderedTableNameMap  - getTableName(tableName=SCOPEDCONTENT_SCOPEDCONTENTITEM) - end - result=SCOPEDCONTENT_SCOPEDCONTENTITEM
146625 [main] DEBUG org.dbunit.dataset.AbstractDataSet  - getTableMetaData(tableName=SCOPE_REQUESTCONTEXT) - start
146625 [main] DEBUG org.dbunit.dataset.AbstractDataSet  - getTable(tableName=SCOPE_REQUESTCONTEXT) - start
146625 [main] DEBUG org.dbunit.dataset.AbstractDataSet  - initialize() - start
146625 [main] DEBUG org.dbunit.dataset.AbstractDataSet  - The table name map has already been initialized.
146625 [main] DEBUG org.dbunit.dataset.OrderedTableNameMap  - getTableName(tableName=SCOPE_REQUESTCONTEXT) - start
146625 [main] DEBUG org.dbunit.dataset.OrderedTableNameMap  - getTableName(tableName=SCOPE_REQUESTCONTEXT) - end - result=SCOPE_REQUESTCONTEXT
146625 [main] DEBUG org.dbunit.dataset.AbstractDataSet  - getTableMetaData(tableName=USER) - start
146625 [main] DEBUG org.dbunit.dataset.AbstractDataSet  - getTable(tableName=USER) - start
146625 [main] DEBUG org.dbunit.dataset.AbstractDataSet  - initialize() - start
146625 [main] DEBUG org.dbunit.dataset.AbstractDataSet  - The table name map has already been initialized.
146625 [main] DEBUG org.dbunit.dataset.OrderedTableNameMap  - getTableName(tableName=USER) - start
146625 [main] DEBUG org.dbunit.dataset.OrderedTableNameMap  - getTableName(tableName=USER) - end - result=USER
146625 [main] DEBUG org.dbunit.dataset.AbstractDataSet  - getTableMetaData(tableName=USERS_AUTHORITIES) - start
146625 [main] DEBUG org.dbunit.dataset.AbstractDataSet  - getTable(tableName=USERS_AUTHORITIES) - start
146625 [main] DEBUG org.dbunit.dataset.AbstractDataSet  - initialize() - start
146625 [main] DEBUG org.dbunit.dataset.AbstractDataSet  - The table name map has already been initialized.
146625 [main] DEBUG org.dbunit.dataset.OrderedTableNameMap  - getTableName(tableName=USERS_AUTHORITIES) - start
146625 [main] DEBUG org.dbunit.dataset.OrderedTableNameMap  - getTableName(tableName=USERS_AUTHORITIES) - end - result=USERS_AUTHORITIES
146625 [main] DEBUG org.dbunit.dataset.filter.SequenceTableIterator  - next() - start
146625 [main] DEBUG org.dbunit.dataset.filter.SequenceTableIterator  - getTableMetaData() - start
146625 [main] DEBUG org.dbunit.dataset.AbstractDataSet  - getTableMetaData(tableName=Authority) - start
146625 [main] DEBUG org.dbunit.dataset.AbstractDataSet  - getTable(tableName=Authority) - start
146626 [main] DEBUG org.dbunit.dataset.AbstractDataSet  - initialize() - start
146626 [main] DEBUG org.dbunit.dataset.AbstractDataSet  - The table name map has already been initialized.
146626 [main] DEBUG org.dbunit.dataset.OrderedTableNameMap  - getTableName(tableName=Authority) - start
146626 [main] DEBUG org.dbunit.dataset.OrderedTableNameMap  - getTableName(tableName=Authority) - end - result=AUTHORITY
146626 [main] DEBUG org.dbunit.dataset.filter.SequenceTableIterator  - next() - start
146626 [main] DEBUG org.dbunit.dataset.filter.SequenceTableIterator  - getTableMetaData() - start
146626 [main] DEBUG org.dbunit.dataset.AbstractDataSet  - getTableMetaData(tableName=Caption) - start
146626 [main] DEBUG org.dbunit.dataset.AbstractDataSet  - getTable(tableName=Caption) - start
146626 [main] DEBUG org.dbunit.dataset.AbstractDataSet  - initialize() - start
146626 [main] DEBUG org.dbunit.dataset.AbstractDataSet  - The table name map has already been initialized.
146626 [main] DEBUG org.dbunit.dataset.OrderedTableNameMap  - getTableName(tableName=Caption) - start
146626 [main] DEBUG org.dbunit.dataset.OrderedTableNameMap  - getTableName(tableName=Caption) - end - result=CAPTION
146626 [main] DEBUG org.dbunit.dataset.filter.SequenceTableIterator  - next() - start
146626 [main] DEBUG org.dbunit.dataset.filter.SequenceTableIterator  - getTableMetaData() - start
146626 [main] DEBUG org.dbunit.dataset.AbstractDataSet  - getTableMetaData(tableName=ScopedContentCondition) - start
146626 [main] DEBUG org.dbunit.dataset.AbstractDataSet  - getTable(tableName=ScopedContentCondition) - start
146626 [main] DEBUG org.dbunit.dataset.AbstractDataSet  - initialize() - start
146626 [main] DEBUG org.dbunit.dataset.AbstractDataSet  - The table name map has already been initialized.
146626 [main] DEBUG org.dbunit.dataset.OrderedTableNameMap  - getTableName(tableName=ScopedContentCondition) - start
146626 [main] DEBUG org.dbunit.dataset.OrderedTableNameMap  - getTableName(tableName=ScopedContentCondition) - end - result=SCOPEDCONTENTCONDITION
146626 [main] DEBUG org.dbunit.dataset.filter.SequenceTableIterator  - next() - start
146626 [main] DEBUG org.dbunit.dataset.filter.SequenceTableIterator  - getTableMetaData() - start
146626 [main] DEBUG org.dbunit.dataset.AbstractDataSet  - getTableMetaData(tableName=NestedScopedContentConditions) - start
146626 [main] DEBUG org.dbunit.dataset.AbstractDataSet  - getTable(tableName=NestedScopedContentConditions) - start
146626 [main] DEBUG org.dbunit.dataset.AbstractDataSet  - initialize() - start
146626 [main] DEBUG org.dbunit.dataset.AbstractDataSet  - The table name map has already been initialized.
146626 [main] DEBUG org.dbunit.dataset.OrderedTableNameMap  - getTableName(tableName=NestedScopedContentConditions) - start
146626 [main] DEBUG org.dbunit.dataset.OrderedTableNameMap  - getTableName(tableName=NestedScopedContentConditions) - end - result=NESTEDSCOPEDCONTENTCONDITIONS
146626 [main] DEBUG org.dbunit.dataset.filter.SequenceTableIterator  - next() - start
146626 [main] DEBUG org.dbunit.dataset.filter.SequenceTableIterator  - getTableMetaData() - start
146626 [main] DEBUG org.dbunit.dataset.AbstractDataSet  - getTableMetaData(tableName=RequestContext) - start
146627 [main] DEBUG org.dbunit.dataset.AbstractDataSet  - getTable(tableName=RequestContext) - start
146627 [main] DEBUG org.dbunit.dataset.AbstractDataSet  - initialize() - start
146627 [main] DEBUG org.dbunit.dataset.AbstractDataSet  - The table name map has already been initialized.
146627 [main] DEBUG org.dbunit.dataset.OrderedTableNameMap  - getTableName(tableName=RequestContext) - start
146627 [main] DEBUG org.dbunit.dataset.OrderedTableNameMap  - getTableName(tableName=RequestContext) - end - result=REQUESTCONTEXT
146627 [main] DEBUG org.dbunit.dataset.filter.SequenceTableIterator  - next() - start
146627 [main] DEBUG org.dbunit.dataset.filter.SequenceTableIterator  - getTableMetaData() - start
146627 [main] DEBUG org.dbunit.dataset.AbstractDataSet  - getTableMetaData(tableName=Scope) - start
146627 [main] DEBUG org.dbunit.dataset.AbstractDataSet  - getTable(tableName=Scope) - start
146627 [main] DEBUG org.dbunit.dataset.AbstractDataSet  - initialize() - start
146627 [main] DEBUG org.dbunit.dataset.AbstractDataSet  - The table name map has already been initialized.
146627 [main] DEBUG org.dbunit.dataset.OrderedTableNameMap  - getTableName(tableName=Scope) - start
146627 [main] DEBUG org.dbunit.dataset.OrderedTableNameMap  - getTableName(tableName=Scope) - end - result=SCOPE
146627 [main] DEBUG org.dbunit.dataset.filter.SequenceTableIterator  - next() - start
146627 [main] DEBUG org.dbunit.dataset.filter.SequenceTableIterator  - getTableMetaData() - start
146627 [main] DEBUG org.dbunit.dataset.AbstractDataSet  - getTableMetaData(tableName=ScopedContent) - start
146627 [main] DEBUG org.dbunit.dataset.AbstractDataSet  - getTable(tableName=ScopedContent) - start
146627 [main] DEBUG org.dbunit.dataset.AbstractDataSet  - initialize() - start
146627 [main] DEBUG org.dbunit.dataset.AbstractDataSet  - The table name map has already been initialized.
146627 [main] DEBUG org.dbunit.dataset.OrderedTableNameMap  - getTableName(tableName=ScopedContent) - start
146627 [main] DEBUG org.dbunit.dataset.OrderedTableNameMap  - getTableName(tableName=ScopedContent) - end - result=SCOPEDCONTENT
146627 [main] DEBUG org.dbunit.dataset.filter.SequenceTableIterator  - next() - start
146627 [main] DEBUG org.dbunit.dataset.filter.SequenceTableIterator  - getTableMetaData() - start
146627 [main] DEBUG org.dbunit.dataset.AbstractDataSet  - getTableMetaData(tableName=ScopedContentConditionAttribute) - start
146627 [main] DEBUG org.dbunit.dataset.AbstractDataSet  - getTable(tableName=ScopedContentConditionAttribute) - start
146627 [main] DEBUG org.dbunit.dataset.AbstractDataSet  - initialize() - start
146627 [main] DEBUG org.dbunit.dataset.AbstractDataSet  - The table name map has already been initialized.
146628 [main] DEBUG org.dbunit.dataset.OrderedTableNameMap  - getTableName(tableName=ScopedContentConditionAttribute) - start
146628 [main] DEBUG org.dbunit.dataset.OrderedTableNameMap  - getTableName(tableName=ScopedContentConditionAttribute) - end - result=SCOPEDCONTENTCONDITIONATTRIBUTE
146628 [main] DEBUG org.dbunit.dataset.filter.SequenceTableIterator  - next() - start
146628 [main] DEBUG org.dbunit.dataset.filter.SequenceTableIterator  - getTableMetaData() - start
146628 [main] DEBUG org.dbunit.dataset.AbstractDataSet  - getTableMetaData(tableName=ScopedContentConditions_ScopedContent) - start
146628 [main] DEBUG org.dbunit.dataset.AbstractDataSet  - getTable(tableName=ScopedContentConditions_ScopedContent) - start
146628 [main] DEBUG org.dbunit.dataset.AbstractDataSet  - initialize() - start
146628 [main] DEBUG org.dbunit.dataset.AbstractDataSet  - The table name map has already been initialized.
146628 [main] DEBUG org.dbunit.dataset.OrderedTableNameMap  - getTableName(tableName=ScopedContentConditions_ScopedContent) - start
146628 [main] DEBUG org.dbunit.dataset.OrderedTableNameMap  - getTableName(tableName=ScopedContentConditions_ScopedContent) - end - result=SCOPEDCONTENTCONDITIONS_SCOPEDCONTENT
146628 [main] DEBUG org.dbunit.dataset.filter.SequenceTableIterator  - next() - start
146628 [main] DEBUG org.dbunit.dataset.filter.SequenceTableIterator  - getTableMetaData() - start
146628 [main] DEBUG org.dbunit.dataset.AbstractDataSet  - getTableMetaData(tableName=ScopedContentItem) - start
146628 [main] DEBUG org.dbunit.dataset.AbstractDataSet  - getTable(tableName=ScopedContentItem) - start
146628 [main] DEBUG org.dbunit.dataset.AbstractDataSet  - initialize() - start
146628 [main] DEBUG org.dbunit.dataset.AbstractDataSet  - The table name map has already been initialized.
146628 [main] DEBUG org.dbunit.dataset.OrderedTableNameMap  - getTableName(tableName=ScopedContentItem) - start
146628 [main] DEBUG org.dbunit.dataset.OrderedTableNameMap  - getTableName(tableName=ScopedContentItem) - end - result=SCOPEDCONTENTITEM
146628 [main] DEBUG org.dbunit.dataset.filter.SequenceTableIterator  - next() - start
146628 [main] DEBUG org.dbunit.dataset.filter.SequenceTableIterator  - getTableMetaData() - start
146628 [main] DEBUG org.dbunit.dataset.AbstractDataSet  - getTableMetaData(tableName=ScopedContentConditions_ScopedContentItem) - start
146628 [main] DEBUG org.dbunit.dataset.AbstractDataSet  - getTable(tableName=ScopedContentConditions_ScopedContentItem) - start
146628 [main] DEBUG org.dbunit.dataset.AbstractDataSet  - initialize() - start
146628 [main] DEBUG org.dbunit.dataset.AbstractDataSet  - The table name map has already been initialized.
146629 [main] DEBUG org.dbunit.dataset.OrderedTableNameMap  - getTableName(tableName=ScopedContentConditions_ScopedContentItem) - start
146629 [main] DEBUG org.dbunit.dataset.OrderedTableNameMap  - getTableName(tableName=ScopedContentConditions_ScopedContentItem) - end - result=SCOPEDCONTENTCONDITIONS_SCOPEDCONTENTITEM
146629 [main] DEBUG org.dbunit.dataset.filter.SequenceTableIterator  - next() - start
146629 [main] DEBUG org.dbunit.dataset.filter.SequenceTableIterator  - getTableMetaData() - start
146629 [main] DEBUG org.dbunit.dataset.AbstractDataSet  - getTableMetaData(tableName=ScopedContent_ScopedContentItem) - start
146629 [main] DEBUG org.dbunit.dataset.AbstractDataSet  - getTable(tableName=ScopedContent_ScopedContentItem) - start
146629 [main] DEBUG org.dbunit.dataset.AbstractDataSet  - initialize() - start
146629 [main] DEBUG org.dbunit.dataset.AbstractDataSet  - The table name map has already been initialized.
146629 [main] DEBUG org.dbunit.dataset.OrderedTableNameMap  - getTableName(tableName=ScopedContent_ScopedContentItem) - start
146629 [main] DEBUG org.dbunit.dataset.OrderedTableNameMap  - getTableName(tableName=ScopedContent_ScopedContentItem) - end - result=SCOPEDCONTENT_SCOPEDCONTENTITEM
146629 [main] DEBUG org.dbunit.dataset.filter.SequenceTableIterator  - next() - start
146629 [main] DEBUG org.dbunit.dataset.filter.SequenceTableIterator  - getTableMetaData() - start
146629 [main] DEBUG org.dbunit.dataset.AbstractDataSet  - getTableMetaData(tableName=Scope_RequestContext) - start
146629 [main] DEBUG org.dbunit.dataset.AbstractDataSet  - getTable(tableName=Scope_RequestContext) - start
146629 [main] DEBUG org.dbunit.dataset.AbstractDataSet  - initialize() - start
146629 [main] DEBUG org.dbunit.dataset.AbstractDataSet  - The table name map has already been initialized.
146629 [main] DEBUG org.dbunit.dataset.OrderedTableNameMap  - getTableName(tableName=Scope_RequestContext) - start
146629 [main] DEBUG org.dbunit.dataset.OrderedTableNameMap  - getTableName(tableName=Scope_RequestContext) - end - result=SCOPE_REQUESTCONTEXT
146629 [main] DEBUG org.dbunit.dataset.filter.SequenceTableIterator  - next() - start
146629 [main] DEBUG org.dbunit.dataset.filter.SequenceTableIterator  - getTableMetaData() - start
146629 [main] DEBUG org.dbunit.dataset.AbstractDataSet  - getTableMetaData(tableName=User) - start
146629 [main] DEBUG org.dbunit.dataset.AbstractDataSet  - getTable(tableName=User) - start
146629 [main] DEBUG org.dbunit.dataset.AbstractDataSet  - initialize() - start
146629 [main] DEBUG org.dbunit.dataset.AbstractDataSet  - The table name map has already been initialized.
146629 [main] DEBUG org.dbunit.dataset.OrderedTableNameMap  - getTableName(tableName=User) - start
146630 [main] DEBUG org.dbunit.dataset.OrderedTableNameMap  - getTableName(tableName=User) - end - result=USER
146630 [main] DEBUG org.dbunit.dataset.filter.SequenceTableIterator  - next() - start
146630 [main] DEBUG org.dbunit.dataset.filter.SequenceTableIterator  - getTableMetaData() - start
146630 [main] DEBUG org.dbunit.dataset.AbstractDataSet  - getTableMetaData(tableName=Users_Authorities) - start
146630 [main] DEBUG org.dbunit.dataset.AbstractDataSet  - getTable(tableName=Users_Authorities) - start
146630 [main] DEBUG org.dbunit.dataset.AbstractDataSet  - initialize() - start
146630 [main] DEBUG org.dbunit.dataset.AbstractDataSet  - The table name map has already been initialized.
146630 [main] DEBUG org.dbunit.dataset.OrderedTableNameMap  - getTableName(tableName=Users_Authorities) - start
146630 [main] DEBUG org.dbunit.dataset.OrderedTableNameMap  - getTableName(tableName=Users_Authorities) - end - result=USERS_AUTHORITIES
146630 [main] DEBUG org.dbunit.dataset.filter.SequenceTableIterator  - next() - start
146630 [main] DEBUG org.dbunit.database.DatabaseDataSet  - getTableMetaData(tableName=Users_Authorities) - start
146630 [main] DEBUG org.dbunit.database.DatabaseDataSet  - initialize() - start
146630 [main] DEBUG org.dbunit.dataset.OrderedTableNameMap  - getTableName(tableName=Users_Authorities) - start
146630 [main] DEBUG org.dbunit.dataset.OrderedTableNameMap  - getTableName(tableName=Users_Authorities) - end - result=USERS_AUTHORITIES
146630 [main] DEBUG org.dbunit.dataset.OrderedTableNameMap  - getTableName(tableName=Users_Authorities) - start
146630 [main] DEBUG org.dbunit.dataset.OrderedTableNameMap  - getTableName(tableName=Users_Authorities) - end - result=USERS_AUTHORITIES
146630 [main] DEBUG org.dbunit.database.DatabaseDataSourceConnection  - getConnection() - start
146630 [main] TRACE org.dbunit.util.SQLHelper  - correctCase(tableName=Users_Authorities, connection=Transaction-aware proxy for target Connection [jdbc:hsqldb:mem:kontrollDS, UserName=sw, HSQL Database Engine Driver]) - start
146630 [main] TRACE org.dbunit.util.SQLHelper  - correctCase(tableName=Users_Authorities, databaseMetaData=org.apache.commons.dbcp.DelegatingDatabaseMetaData@1cc3a3e0) - start
146630 [main] TRACE org.dbunit.util.SQLHelper  - isEscaped(tableName=Users_Authorities, dbIdentifierQuoteString=") - start
146631 [main] DEBUG org.dbunit.util.SQLHelper  - isEscaped returns 'false' for tableName=Users_Authorities (dbIdentifierQuoteString=")
146631 [main] DEBUG org.dbunit.util.SQLHelper  - class org.dbunit.database.DatabaseTableMetaData. Corrected table name: oldValue=Users_Authorities newValue=USERS_AUTHORITIES
146631 [main] DEBUG org.dbunit.database.DatabaseTableMetaData  - Validating if table 'USERS_AUTHORITIES' exists in schema 'null' ...
146631 [main] TRACE org.dbunit.database.DatabaseConfig  - getProperty(name=http://www.dbunit.org/properties/metadataHandler) - start
146631 [main] TRACE org.dbunit.database.DefaultMetadataHandler  - tableExists(metaData=org.apache.commons.dbcp.DelegatingDatabaseMetaData@703bd5e0, schemaName=null, tableName=USERS_AUTHORITIES) - start
146632 [main] DEBUG org.dbunit.util.SQLHelper  - close(resultSet=org.apache.commons.dbcp.DelegatingResultSet@ecc6a54) - start
146632 [main] DEBUG org.dbunit.database.DatabaseTableMetaData  - getColumns() - start
146632 [main] DEBUG org.dbunit.database.DatabaseDataSourceConnection  - getConnection() - start
146632 [main] TRACE org.dbunit.database.DatabaseConfig  - getProperty(name=http://www.dbunit.org/properties/metadataHandler) - start
146632 [main] TRACE org.dbunit.database.DefaultMetadataHandler  - getColumns(databaseMetaData=org.apache.commons.dbcp.DelegatingDatabaseMetaData@e58b863, schemaName=null, tableName=USERS_AUTHORITIES) - start
146649 [main] TRACE org.dbunit.database.DatabaseConfig  - getProperty(name=http://www.dbunit.org/properties/datatypeFactory) - start
146649 [main] DEBUG org.dbunit.database.DatabaseDataSourceConnection  - getConnection() - start
146649 [main] WARN  org.dbunit.dataset.AbstractTableMetaData  - Potential problem found: The configured data type factory 'class org.dbunit.dataset.datatype.DefaultDataTypeFactory' might cause problems with the current database 'HSQL Database Engine' (e.g. some datatypes may not be supported properly). In rare cases you might see this message because the list of supported database products is incomplete (list=[derby]). If so please request a java-class update via the forums.If you are using your own IDataTypeFactory extending DefaultDataTypeFactory, ensure that you override getValidDbProducts() to specify the supported database products.
146649 [main] TRACE org.dbunit.database.DatabaseConfig  - getFeature(name=http://www.dbunit.org/features/datatypeWarning) - start
146649 [main] TRACE org.dbunit.database.DatabaseConfig  - getProperty(name=http://www.dbunit.org/features/datatypeWarning) - start
146649 [main] TRACE org.dbunit.database.DefaultMetadataHandler  - matches(columnsResultSet=org.apache.commons.dbcp.DelegatingResultSet@6ff11d2e, catalog=null, schema=null, table=USERS_AUTHORITIES, column=null, caseSensitive=false) - start
146649 [main] DEBUG org.dbunit.database.DefaultMetadataHandler  - Comparing the following values using caseSensitive=false (searched<=>actual): catalog: null<=>PUBLIC schema: null<=>PUBLIC table: USERS_AUTHORITIES<=>USERS_AUTHORITIES column: null<=>AUTHORITY_ID
146649 [main] DEBUG org.dbunit.dataset.datatype.DefaultDataTypeFactory  - createDataType(sqlType=4 , sqlTypeName=INTEGER, tableName=USERS_AUTHORITIES, columnName=AUTHORITY_ID) - start
146649 [main] DEBUG org.dbunit.dataset.datatype.DefaultDataTypeFactory  - createDataType(sqlType=4, sqlTypeName=INTEGER) - start
146649 [main] DEBUG org.dbunit.dataset.datatype.DataType  - forSqlType(sqlType=4) - start
146649 [main] DEBUG org.dbunit.dataset.datatype.AbstractDataType  - getSqlType() - start
146650 [main] DEBUG org.dbunit.dataset.datatype.AbstractDataType  - getSqlType() - start
146650 [main] DEBUG org.dbunit.dataset.datatype.AbstractDataType  - getSqlType() - start
146650 [main] DEBUG org.dbunit.dataset.datatype.AbstractDataType  - getSqlType() - start
146650 [main] DEBUG org.dbunit.dataset.datatype.AbstractDataType  - getSqlType() - start
146650 [main] DEBUG org.dbunit.dataset.datatype.AbstractDataType  - getSqlType() - start
146650 [main] DEBUG org.dbunit.dataset.datatype.AbstractDataType  - getSqlType() - start
146650 [main] DEBUG org.dbunit.dataset.datatype.AbstractDataType  - getSqlType() - start
146650 [main] DEBUG org.dbunit.dataset.datatype.AbstractDataType  - getSqlType() - start
146650 [main] DEBUG org.dbunit.dataset.datatype.AbstractDataType  - getSqlType() - start
146650 [main] DEBUG org.dbunit.dataset.datatype.AbstractDataType  - getSqlType() - start
146650 [main] DEBUG org.dbunit.dataset.datatype.AbstractDataType  - getSqlType() - start
146650 [main] DEBUG org.dbunit.dataset.Column  - nullableValue(nullable=0) - start
146650 [main] DEBUG org.dbunit.dataset.Column  - autoIncrementValue(isAutoIncrement=NO) - start
146650 [main] TRACE org.dbunit.database.DefaultMetadataHandler  - matches(columnsResultSet=org.apache.commons.dbcp.DelegatingResultSet@6ff11d2e, catalog=null, schema=null, table=USERS_AUTHORITIES, column=null, caseSensitive=false) - start
146650 [main] DEBUG org.dbunit.database.DefaultMetadataHandler  - Comparing the following values using caseSensitive=false (searched<=>actual): catalog: null<=>PUBLIC schema: null<=>PUBLIC table: USERS_AUTHORITIES<=>USERS_AUTHORITIES column: null<=>USER_ID
146650 [main] DEBUG org.dbunit.dataset.datatype.DefaultDataTypeFactory  - createDataType(sqlType=4 , sqlTypeName=INTEGER, tableName=USERS_AUTHORITIES, columnName=USER_ID) - start
146650 [main] DEBUG org.dbunit.dataset.datatype.DefaultDataTypeFactory  - createDataType(sqlType=4, sqlTypeName=INTEGER) - start
146650 [main] DEBUG org.dbunit.dataset.datatype.DataType  - forSqlType(sqlType=4) - start
146650 [main] DEBUG org.dbunit.dataset.datatype.AbstractDataType  - getSqlType() - start
146650 [main] DEBUG org.dbunit.dataset.datatype.AbstractDataType  - getSqlType() - start
146651 [main] DEBUG org.dbunit.dataset.datatype.AbstractDataType  - getSqlType() - start
146651 [main] DEBUG org.dbunit.dataset.datatype.AbstractDataType  - getSqlType() - start
146651 [main] DEBUG org.dbunit.dataset.datatype.AbstractDataType  - getSqlType() - start
146651 [main] DEBUG org.dbunit.dataset.datatype.AbstractDataType  - getSqlType() - start
146651 [main] DEBUG org.dbunit.dataset.datatype.AbstractDataType  - getSqlType() - start
146651 [main] DEBUG org.dbunit.dataset.datatype.AbstractDataType  - getSqlType() - start
146651 [main] DEBUG org.dbunit.dataset.datatype.AbstractDataType  - getSqlType() - start
146651 [main] DEBUG org.dbunit.dataset.datatype.AbstractDataType  - getSqlType() - start
146651 [main] DEBUG org.dbunit.dataset.datatype.AbstractDataType  - getSqlType() - start
146651 [main] DEBUG org.dbunit.dataset.datatype.AbstractDataType  - getSqlType() - start
146651 [main] DEBUG org.dbunit.dataset.Column  - nullableValue(nullable=0) - start
146651 [main] DEBUG org.dbunit.dataset.Column  - autoIncrementValue(isAutoIncrement=NO) - start
146651 [main] DEBUG org.dbunit.database.DatabaseTableMetaData  - getPrimaryKeys() - start
146652 [main] TRACE org.dbunit.database.DatabaseConfig  - getProperty(name=http://www.dbunit.org/properties/primaryKeyFilter) - start
146652 [main] DEBUG org.dbunit.database.DatabaseTableMetaData  - getPrimaryKeyNames() - start
146652 [main] DEBUG org.dbunit.database.DatabaseDataSourceConnection  - getConnection() - start
146652 [main] TRACE org.dbunit.database.DatabaseConfig  - getProperty(name=http://www.dbunit.org/properties/metadataHandler) - start
146652 [main] TRACE org.dbunit.database.DefaultMetadataHandler  - getPrimaryKeys(metaData=org.apache.commons.dbcp.DelegatingDatabaseMetaData@3eb2f06c, schemaName=null, tableName=USERS_AUTHORITIES) - start
146652 [main] DEBUG org.dbunit.database.DatabaseTableMetaData  - getColumns() - start
146652 [main] DEBUG org.dbunit.dataset.Columns  - getColumns(columnNames=[], columns=[(AUTHORITY_ID, INTEGER, noNulls), (USER_ID, INTEGER, noNulls)]) - start
146652 [main] DEBUG org.dbunit.dataset.OrderedTableNameMap  - update(tableName=Users_Authorities, object=table=USERS_AUTHORITIES, cols=[(AUTHORITY_ID, INTEGER, noNulls), (USER_ID, INTEGER, noNulls)], pk=[]) - start
146652 [main] DEBUG org.dbunit.dataset.OrderedTableNameMap  - getTableName(tableName=Users_Authorities) - start
146653 [main] DEBUG org.dbunit.dataset.OrderedTableNameMap  - getTableName(tableName=Users_Authorities) - end - result=USERS_AUTHORITIES
146653 [main] DEBUG org.dbunit.dataset.OrderedTableNameMap  - getTableName(tableName=Users_Authorities) - start
146653 [main] DEBUG org.dbunit.dataset.OrderedTableNameMap  - getTableName(tableName=Users_Authorities) - end - result=USERS_AUTHORITIES
146653 [main] DEBUG org.dbunit.operation.AbstractOperation  - getQualifiedName(prefix=null, name=USERS_AUTHORITIES, connection=_databaseConfig=org.dbunit.database.DatabaseConfig[, _propertyMap={http://www.dbunit.org/properties/statementFactory=org.dbunit.database.statement.PreparedStatementFactory@626bc2b8, http://www.dbunit.org/features/caseSensitiveTableNames=false, http://www.dbunit.org/properties/fetchSize=100, http://www.dbunit.org/features/batchedStatements=false, http://www.dbunit.org/properties/metadataHandler=org.dbunit.database.DefaultMetadataHandler@3bbfdfde, http://www.dbunit.org/properties/datatypeFactory=org.dbunit.dataset.datatype.DefaultDataTypeFactory[_toleratedDeltaMap=org.dbunit.dataset.datatype.ToleratedDeltaMap@6452310a], http://www.dbunit.org/properties/escapePattern=null, http://www.dbunit.org/properties/batchSize=100, http://www.dbunit.org/features/qualifiedTableNames=false, http://www.dbunit.org/properties/tableType=[Ljava.lang.String;@5011bafa, http://www.dbunit.org/properties/resultSetTableFactory=org.dbunit.database.CachedResultSetTableFactory@10bcf083, http://www.dbunit.org/features/datatypeWarning=true}], _dataSet=AbstractDataSet[_orderedTableNameMap=null]) - start
146653 [main] TRACE org.dbunit.database.DatabaseConfig  - getProperty(name=http://www.dbunit.org/properties/escapePattern) - start
146653 [main] DEBUG org.dbunit.util.QualifiedTableName  - getQualifiedName() - start
146653 [main] DEBUG org.dbunit.util.QualifiedTableName  - getQualifiedName(prefix=null, name=USERS_AUTHORITIES, escapePattern=null) - start
146653 [main] DEBUG org.dbunit.database.statement.SimpleStatement  - addBatch(sql=delete from USERS_AUTHORITIES) - start
146653 [main] DEBUG org.dbunit.operation.DeleteAllOperation  - Added SQL: delete from USERS_AUTHORITIES
146653 [main] DEBUG org.dbunit.database.DatabaseDataSet  - getTableMetaData(tableName=User) - start
146653 [main] DEBUG org.dbunit.database.DatabaseDataSet  - initialize() - start
146653 [main] DEBUG org.dbunit.dataset.OrderedTableNameMap  - getTableName(tableName=User) - start
146653 [main] DEBUG org.dbunit.dataset.OrderedTableNameMap  - getTableName(tableName=User) - end - result=USER
146653 [main] DEBUG org.dbunit.dataset.OrderedTableNameMap  - getTableName(tableName=User) - start
146653 [main] DEBUG org.dbunit.dataset.OrderedTableNameMap  - getTableName(tableName=User) - end - result=USER
146653 [main] DEBUG org.dbunit.database.DatabaseDataSourceConnection  - getConnection() - start
146654 [main] TRACE org.dbunit.util.SQLHelper  - correctCase(tableName=User, connection=Transaction-aware proxy for target Connection [jdbc:hsqldb:mem:kontrollDS, UserName=sw, HSQL Database Engine Driver]) - start
146654 [main] TRACE org.dbunit.util.SQLHelper  - correctCase(tableName=User, databaseMetaData=org.apache.commons.dbcp.DelegatingDatabaseMetaData@3dbe45a6) - start
146654 [main] TRACE org.dbunit.util.SQLHelper  - isEscaped(tableName=User, dbIdentifierQuoteString=") - start
146654 [main] DEBUG org.dbunit.util.SQLHelper  - isEscaped returns 'false' for tableName=User (dbIdentifierQuoteString=")
146654 [main] DEBUG org.dbunit.util.SQLHelper  - class org.dbunit.database.DatabaseTableMetaData. Corrected table name: oldValue=User newValue=USER
146654 [main] DEBUG org.dbunit.database.DatabaseTableMetaData  - Validating if table 'USER' exists in schema 'null' ...
146654 [main] TRACE org.dbunit.database.DatabaseConfig  - getProperty(name=http://www.dbunit.org/properties/metadataHandler) - start
146654 [main] TRACE org.dbunit.database.DefaultMetadataHandler  - tableExists(metaData=org.apache.commons.dbcp.DelegatingDatabaseMetaData@16ceb4f5, schemaName=null, tableName=USER) - start
146655 [main] DEBUG org.dbunit.util.SQLHelper  - close(resultSet=org.apache.commons.dbcp.DelegatingResultSet@6565df5a) - start
146655 [main] DEBUG org.dbunit.database.DatabaseTableMetaData  - getColumns() - start
146655 [main] DEBUG org.dbunit.database.DatabaseDataSourceConnection  - getConnection() - start
146655 [main] TRACE org.dbunit.database.DatabaseConfig  - getProperty(name=http://www.dbunit.org/properties/metadataHandler) - start
146655 [main] TRACE org.dbunit.database.DefaultMetadataHandler  - getColumns(databaseMetaData=org.apache.commons.dbcp.DelegatingDatabaseMetaData@32ac1b8, schemaName=null, tableName=USER) - start
146670 [main] TRACE org.dbunit.database.DatabaseConfig  - getProperty(name=http://www.dbunit.org/properties/datatypeFactory) - start
146670 [main] DEBUG org.dbunit.database.DatabaseDataSourceConnection  - getConnection() - start
146670 [main] WARN  org.dbunit.dataset.AbstractTableMetaData  - Potential problem found: The configured data type factory 'class org.dbunit.dataset.datatype.DefaultDataTypeFactory' might cause problems with the current database 'HSQL Database Engine' (e.g. some datatypes may not be supported properly). In rare cases you might see this message because the list of supported database products is incomplete (list=[derby]). If so please request a java-class update via the forums.If you are using your own IDataTypeFactory extending DefaultDataTypeFactory, ensure that you override getValidDbProducts() to specify the supported database products.
146670 [main] TRACE org.dbunit.database.DatabaseConfig  - getFeature(name=http://www.dbunit.org/features/datatypeWarning) - start
146670 [main] TRACE org.dbunit.database.DatabaseConfig  - getProperty(name=http://www.dbunit.org/features/datatypeWarning) - start
146670 [main] TRACE org.dbunit.database.DefaultMetadataHandler  - matches(columnsResultSet=org.apache.commons.dbcp.DelegatingResultSet@1b5eb360, catalog=null, schema=null, table=USER, column=null, caseSensitive=false) - start
146670 [main] DEBUG org.dbunit.database.DefaultMetadataHandler  - Comparing the following values using caseSensitive=false (searched<=>actual): catalog: null<=>PUBLIC schema: null<=>PUBLIC table: USER<=>USER column: null<=>ID
146670 [main] DEBUG org.dbunit.dataset.datatype.DefaultDataTypeFactory  - createDataType(sqlType=4 , sqlTypeName=INTEGER, tableName=USER, columnName=ID) - start
146670 [main] DEBUG org.dbunit.dataset.datatype.DefaultDataTypeFactory  - createDataType(sqlType=4, sqlTypeName=INTEGER) - start
146670 [main] DEBUG org.dbunit.dataset.datatype.DataType  - forSqlType(sqlType=4) - start
146670 [main] DEBUG org.dbunit.dataset.datatype.AbstractDataType  - getSqlType() - start
146670 [main] DEBUG org.dbunit.dataset.datatype.AbstractDataType  - getSqlType() - start
146670 [main] DEBUG org.dbunit.dataset.datatype.AbstractDataType  - getSqlType() - start
146670 [main] DEBUG org.dbunit.dataset.datatype.AbstractDataType  - getSqlType() - start
146670 [main] DEBUG org.dbunit.dataset.datatype.AbstractDataType  - getSqlType() - start
146670 [main] DEBUG org.dbunit.dataset.datatype.AbstractDataType  - getSqlType() - start
146670 [main] DEBUG org.dbunit.dataset.datatype.AbstractDataType  - getSqlType() - start
146670 [main] DEBUG org.dbunit.dataset.datatype.AbstractDataType  - getSqlType() - start
146670 [main] DEBUG org.dbunit.dataset.datatype.AbstractDataType  - getSqlType() - start
146670 [main] DEBUG org.dbunit.dataset.datatype.AbstractDataType  - getSqlType() - start
146670 [main] DEBUG org.dbunit.dataset.datatype.AbstractDataType  - getSqlType() - start
146670 [main] DEBUG org.dbunit.dataset.datatype.AbstractDataType  - getSqlType() - start
146670 [main] DEBUG org.dbunit.dataset.Column  - nullableValue(nullable=0) - start
146670 [main] DEBUG org.dbunit.dataset.Column  - autoIncrementValue(isAutoIncrement=YES) - start
146670 [main] TRACE org.dbunit.database.DefaultMetadataHandler  - matches(columnsResultSet=org.apache.commons.dbcp.DelegatingResultSet@1b5eb360, catalog=null, schema=null, table=USER, column=null, caseSensitive=false) - start
146670 [main] DEBUG org.dbunit.database.DefaultMetadataHandler  - Comparing the following values using caseSensitive=false (searched<=>actual): catalog: null<=>PUBLIC schema: null<=>PUBLIC table: USER<=>USER column: null<=>TIMESTAMP
146670 [main] DEBUG org.dbunit.dataset.datatype.DefaultDataTypeFactory  - createDataType(sqlType=93 , sqlTypeName=TIMESTAMP, tableName=USER, columnName=TIMESTAMP) - start
146671 [main] DEBUG org.dbunit.dataset.datatype.DefaultDataTypeFactory  - createDataType(sqlType=93, sqlTypeName=TIMESTAMP) - start
146671 [main] DEBUG org.dbunit.dataset.datatype.DataType  - forSqlType(sqlType=93) - start
146671 [main] DEBUG org.dbunit.dataset.datatype.AbstractDataType  - getSqlType() - start
146671 [main] DEBUG org.dbunit.dataset.datatype.AbstractDataType  - getSqlType() - start
146671 [main] DEBUG org.dbunit.dataset.datatype.AbstractDataType  - getSqlType() - start
146671 [main] DEBUG org.dbunit.dataset.datatype.AbstractDataType  - getSqlType() - start
146671 [main] DEBUG org.dbunit.dataset.datatype.AbstractDataType  - getSqlType() - start
146671 [main] DEBUG org.dbunit.dataset.datatype.AbstractDataType  - getSqlType() - start
146671 [main] DEBUG org.dbunit.dataset.datatype.AbstractDataType  - getSqlType() - start
146671 [main] DEBUG org.dbunit.dataset.datatype.AbstractDataType  - getSqlType() - start
146671 [main] DEBUG org.dbunit.dataset.datatype.AbstractDataType  - getSqlType() - start
146671 [main] DEBUG org.dbunit.dataset.datatype.AbstractDataType  - getSqlType() - start
146671 [main] DEBUG org.dbunit.dataset.datatype.AbstractDataType  - getSqlType() - start
146671 [main] DEBUG org.dbunit.dataset.datatype.AbstractDataType  - getSqlType() - start
146671 [main] DEBUG org.dbunit.dataset.datatype.AbstractDataType  - getSqlType() - start
146671 [main] DEBUG org.dbunit.dataset.datatype.AbstractDataType  - getSqlType() - start
146671 [main] DEBUG org.dbunit.dataset.datatype.AbstractDataType  - getSqlType() - start
146671 [main] DEBUG org.dbunit.dataset.datatype.AbstractDataType  - getSqlType() - start
146671 [main] DEBUG org.dbunit.dataset.datatype.AbstractDataType  - getSqlType() - start
146671 [main] DEBUG org.dbunit.dataset.datatype.AbstractDataType  - getSqlType() - start
146671 [main] DEBUG org.dbunit.dataset.datatype.AbstractDataType  - getSqlType() - start
146671 [main] DEBUG org.dbunit.dataset.datatype.AbstractDataType  - getSqlType() - start
146671 [main] DEBUG org.dbunit.dataset.datatype.AbstractDataType  - getSqlType() - start
146671 [main] DEBUG org.dbunit.dataset.Column  - nullableValue(nullable=1) - start
146671 [main] DEBUG org.dbunit.dataset.Column  - autoIncrementValue(isAutoIncrement=NO) - start
146671 [main] TRACE org.dbunit.database.DefaultMetadataHandler  - matches(columnsResultSet=org.apache.commons.dbcp.DelegatingResultSet@1b5eb360, catalog=null, schema=null, table=USER, column=null, caseSensitive=false) - start
146671 [main] DEBUG org.dbunit.database.DefaultMetadataHandler  - Comparing the following values using caseSensitive=false (searched<=>actual): catalog: null<=>PUBLIC schema: null<=>PUBLIC table: USER<=>USER column: null<=>ENABLED
146671 [main] DEBUG org.dbunit.dataset.datatype.DefaultDataTypeFactory  - createDataType(sqlType=16 , sqlTypeName=BOOLEAN, tableName=USER, columnName=ENABLED) - start
146671 [main] DEBUG org.dbunit.dataset.datatype.DefaultDataTypeFactory  - createDataType(sqlType=16, sqlTypeName=BOOLEAN) - start
146671 [main] DEBUG org.dbunit.dataset.datatype.DataType  - forSqlType(sqlType=16) - start
146671 [main] DEBUG org.dbunit.dataset.datatype.AbstractDataType  - getSqlType() - start
146671 [main] DEBUG org.dbunit.dataset.datatype.AbstractDataType  - getSqlType() - start
146672 [main] DEBUG org.dbunit.dataset.datatype.AbstractDataType  - getSqlType() - start
146672 [main] DEBUG org.dbunit.dataset.datatype.AbstractDataType  - getSqlType() - start
146672 [main] DEBUG org.dbunit.dataset.datatype.AbstractDataType  - getSqlType() - start
146672 [main] DEBUG org.dbunit.dataset.datatype.AbstractDataType  - getSqlType() - start
146672 [main] DEBUG org.dbunit.dataset.datatype.AbstractDataType  - getSqlType() - start
146672 [main] DEBUG org.dbunit.dataset.datatype.AbstractDataType  - getSqlType() - start
146672 [main] DEBUG org.dbunit.dataset.datatype.AbstractDataType  - getSqlType() - start
146672 [main] DEBUG org.dbunit.dataset.datatype.AbstractDataType  - getSqlType() - start
146672 [main] DEBUG org.dbunit.dataset.Column  - nullableValue(nullable=0) - start
146672 [main] DEBUG org.dbunit.dataset.Column  - autoIncrementValue(isAutoIncrement=NO) - start
146672 [main] TRACE org.dbunit.database.DefaultMetadataHandler  - matches(columnsResultSet=org.apache.commons.dbcp.DelegatingResultSet@1b5eb360, catalog=null, schema=null, table=USER, column=null, caseSensitive=false) - start
146672 [main] DEBUG org.dbunit.database.DefaultMetadataHandler  - Comparing the following values using caseSensitive=false (searched<=>actual): catalog: null<=>PUBLIC schema: null<=>PUBLIC table: USER<=>USER column: null<=>NAME
146672 [main] DEBUG org.dbunit.dataset.datatype.DefaultDataTypeFactory  - createDataType(sqlType=12 , sqlTypeName=VARCHAR, tableName=USER, columnName=NAME) - start
146672 [main] DEBUG org.dbunit.dataset.datatype.DefaultDataTypeFactory  - createDataType(sqlType=12, sqlTypeName=VARCHAR) - start
146672 [main] DEBUG org.dbunit.dataset.datatype.DataType  - forSqlType(sqlType=12) - start
146672 [main] DEBUG org.dbunit.dataset.datatype.AbstractDataType  - getSqlType() - start
146672 [main] DEBUG org.dbunit.dataset.Column  - nullableValue(nullable=0) - start
146672 [main] DEBUG org.dbunit.dataset.Column  - autoIncrementValue(isAutoIncrement=NO) - start
146672 [main] TRACE org.dbunit.database.DefaultMetadataHandler  - matches(columnsResultSet=org.apache.commons.dbcp.DelegatingResultSet@1b5eb360, catalog=null, schema=null, table=USER, column=null, caseSensitive=false) - start
146672 [main] DEBUG org.dbunit.database.DefaultMetadataHandler  - Comparing the following values using caseSensitive=false (searched<=>actual): catalog: null<=>PUBLIC schema: null<=>PUBLIC table: USER<=>USER column: null<=>PASSWORD
146672 [main] DEBUG org.dbunit.dataset.datatype.DefaultDataTypeFactory  - createDataType(sqlType=12 , sqlTypeName=VARCHAR, tableName=USER, columnName=PASSWORD) - start
146672 [main] DEBUG org.dbunit.dataset.datatype.DefaultDataTypeFactory  - createDataType(sqlType=12, sqlTypeName=VARCHAR) - start
146672 [main] DEBUG org.dbunit.dataset.datatype.DataType  - forSqlType(sqlType=12) - start
146672 [main] DEBUG org.dbunit.dataset.datatype.AbstractDataType  - getSqlType() - start
146672 [main] DEBUG org.dbunit.dataset.Column  - nullableValue(nullable=0) - start
146672 [main] DEBUG org.dbunit.dataset.Column  - autoIncrementValue(isAutoIncrement=NO) - start
146672 [main] DEBUG org.dbunit.database.DatabaseTableMetaData  - getPrimaryKeys() - start
146673 [main] TRACE org.dbunit.database.DatabaseConfig  - getProperty(name=http://www.dbunit.org/properties/primaryKeyFilter) - start
146673 [main] DEBUG org.dbunit.database.DatabaseTableMetaData  - getPrimaryKeyNames() - start
146673 [main] DEBUG org.dbunit.database.DatabaseDataSourceConnection  - getConnection() - start
146673 [main] TRACE org.dbunit.database.DatabaseConfig  - getProperty(name=http://www.dbunit.org/properties/metadataHandler) - start
146673 [main] TRACE org.dbunit.database.DefaultMetadataHandler  - getPrimaryKeys(metaData=org.apache.commons.dbcp.DelegatingDatabaseMetaData@665271a9, schemaName=null, tableName=USER) - start
146673 [main] DEBUG org.dbunit.database.DatabaseTableMetaData  - getName() - start
146673 [main] DEBUG org.dbunit.database.DatabaseTableMetaData  - getColumns() - start
146673 [main] DEBUG org.dbunit.dataset.Columns  - getColumns(columnNames=[ID], columns=[(ID, INTEGER, noNulls), (TIMESTAMP, TIMESTAMP, nullable), (ENABLED, BOOLEAN, noNulls), (NAME, VARCHAR, noNulls), (PASSWORD, VARCHAR, noNulls)]) - start
146673 [main] DEBUG org.dbunit.dataset.Columns  - getColumn(columnName=ID, columns=[(ID, INTEGER, noNulls), (TIMESTAMP, TIMESTAMP, nullable), (ENABLED, BOOLEAN, noNulls), (NAME, VARCHAR, noNulls), (PASSWORD, VARCHAR, noNulls)]) - start
146673 [main] DEBUG org.dbunit.dataset.OrderedTableNameMap  - update(tableName=User, object=table=USER, cols=[(ID, INTEGER, noNulls), (TIMESTAMP, TIMESTAMP, nullable), (ENABLED, BOOLEAN, noNulls), (NAME, VARCHAR, noNulls), (PASSWORD, VARCHAR, noNulls)], pk=[(ID, INTEGER, noNulls)]) - start
146673 [main] DEBUG org.dbunit.dataset.OrderedTableNameMap  - getTableName(tableName=User) - start
146673 [main] DEBUG org.dbunit.dataset.OrderedTableNameMap  - getTableName(tableName=User) - end - result=USER
146673 [main] DEBUG org.dbunit.dataset.OrderedTableNameMap  - getTableName(tableName=User) - start
146673 [main] DEBUG org.dbunit.dataset.OrderedTableNameMap  - getTableName(tableName=User) - end - result=USER
146673 [main] DEBUG org.dbunit.operation.AbstractOperation  - getQualifiedName(prefix=null, name=USER, connection=_databaseConfig=org.dbunit.database.DatabaseConfig[, _propertyMap={http://www.dbunit.org/properties/statementFactory=org.dbunit.database.statement.PreparedStatementFactory@626bc2b8, http://www.dbunit.org/features/caseSensitiveTableNames=false, http://www.dbunit.org/properties/fetchSize=100, http://www.dbunit.org/features/batchedStatements=false, http://www.dbunit.org/properties/metadataHandler=org.dbunit.database.DefaultMetadataHandler@3bbfdfde, http://www.dbunit.org/properties/datatypeFactory=org.dbunit.dataset.datatype.DefaultDataTypeFactory[_toleratedDeltaMap=org.dbunit.dataset.datatype.ToleratedDeltaMap@6452310a], http://www.dbunit.org/properties/escapePattern=null, http://www.dbunit.org/properties/batchSize=100, http://www.dbunit.org/features/qualifiedTableNames=false, http://www.dbunit.org/properties/tableType=[Ljava.lang.String;@5011bafa, http://www.dbunit.org/properties/resultSetTableFactory=org.dbunit.database.CachedResultSetTableFactory@10bcf083, http://www.dbunit.org/features/datatypeWarning=true}], _dataSet=AbstractDataSet[_orderedTableNameMap=null]) - start
146673 [main] TRACE org.dbunit.database.DatabaseConfig  - getProperty(name=http://www.dbunit.org/properties/escapePattern) - start
146673 [main] DEBUG org.dbunit.util.QualifiedTableName  - getQualifiedName() - start
146673 [main] DEBUG org.dbunit.util.QualifiedTableName  - getQualifiedName(prefix=null, name=USER, escapePattern=null) - start
146674 [main] DEBUG org.dbunit.database.statement.SimpleStatement  - addBatch(sql=delete from USER) - start
146674 [main] DEBUG org.dbunit.operation.DeleteAllOperation  - Added SQL: delete from USER
146674 [main] DEBUG org.dbunit.database.DatabaseDataSet  - getTableMetaData(tableName=Scope_RequestContext) - start
146674 [main] DEBUG org.dbunit.database.DatabaseDataSet  - initialize() - start
146674 [main] DEBUG org.dbunit.dataset.OrderedTableNameMap  - getTableName(tableName=Scope_RequestContext) - start
146674 [main] DEBUG org.dbunit.dataset.OrderedTableNameMap  - getTableName(tableName=Scope_RequestContext) - end - result=SCOPE_REQUESTCONTEXT
146674 [main] DEBUG org.dbunit.dataset.OrderedTableNameMap  - getTableName(tableName=Scope_RequestContext) - start
146674 [main] DEBUG org.dbunit.dataset.OrderedTableNameMap  - getTableName(tableName=Scope_RequestContext) - end - result=SCOPE_REQUESTCONTEXT
146674 [main] DEBUG org.dbunit.database.DatabaseDataSourceConnection  - getConnection() - start
146674 [main] TRACE org.dbunit.util.SQLHelper  - correctCase(tableName=Scope_RequestContext, connection=Transaction-aware proxy for target Connection [jdbc:hsqldb:mem:kontrollDS, UserName=sw, HSQL Database Engine Driver]) - start
146674 [main] TRACE org.dbunit.util.SQLHelper  - correctCase(tableName=Scope_RequestContext, databaseMetaData=org.apache.commons.dbcp.DelegatingDatabaseMetaData@7c45a788) - start
146674 [main] TRACE org.dbunit.util.SQLHelper  - isEscaped(tableName=Scope_RequestContext, dbIdentifierQuoteString=") - start
146674 [main] DEBUG org.dbunit.util.SQLHelper  - isEscaped returns 'false' for tableName=Scope_RequestContext (dbIdentifierQuoteString=")
146674 [main] DEBUG org.dbunit.util.SQLHelper  - class org.dbunit.database.DatabaseTableMetaData. Corrected table name: oldValue=Scope_RequestContext newValue=SCOPE_REQUESTCONTEXT
146674 [main] DEBUG org.dbunit.database.DatabaseTableMetaData  - Validating if table 'SCOPE_REQUESTCONTEXT' exists in schema 'null' ...
146674 [main] TRACE org.dbunit.database.DatabaseConfig  - getProperty(name=http://www.dbunit.org/properties/metadataHandler) - start
146674 [main] TRACE org.dbunit.database.DefaultMetadataHandler  - tableExists(metaData=org.apache.commons.dbcp.DelegatingDatabaseMetaData@40fa1175, schemaName=null, tableName=SCOPE_REQUESTCONTEXT) - start
146675 [main] DEBUG org.dbunit.util.SQLHelper  - close(resultSet=org.apache.commons.dbcp.DelegatingResultSet@43b8f354) - start
146675 [main] DEBUG org.dbunit.database.DatabaseTableMetaData  - getColumns() - start
146675 [main] DEBUG org.dbunit.database.DatabaseDataSourceConnection  - getConnection() - start
146675 [main] TRACE org.dbunit.database.DatabaseConfig  - getProperty(name=http://www.dbunit.org/properties/metadataHandler) - start
146675 [main] TRACE org.dbunit.database.DefaultMetadataHandler  - getColumns(databaseMetaData=org.apache.commons.dbcp.DelegatingDatabaseMetaData@236f3288, schemaName=null, tableName=SCOPE_REQUESTCONTEXT) - start
146690 [main] TRACE org.dbunit.database.DatabaseConfig  - getProperty(name=http://www.dbunit.org/properties/datatypeFactory) - start
146690 [main] DEBUG org.dbunit.database.DatabaseDataSourceConnection  - getConnection() - start
146691 [main] WARN  org.dbunit.dataset.AbstractTableMetaData  - Potential problem found: The configured data type factory 'class org.dbunit.dataset.datatype.DefaultDataTypeFactory' might cause problems with the current database 'HSQL Database Engine' (e.g. some datatypes may not be supported properly). In rare cases you might see this message because the list of supported database products is incomplete (list=[derby]). If so please request a java-class update via the forums.If you are using your own IDataTypeFactory extending DefaultDataTypeFactory, ensure that you override getValidDbProducts() to specify the supported database products.
146691 [main] TRACE org.dbunit.database.DatabaseConfig  - getFeature(name=http://www.dbunit.org/features/datatypeWarning) - start
146691 [main] TRACE org.dbunit.database.DatabaseConfig  - getProperty(name=http://www.dbunit.org/features/datatypeWarning) - start
146691 [main] TRACE org.dbunit.database.DefaultMetadataHandler  - matches(columnsResultSet=org.apache.commons.dbcp.DelegatingResultSet@4f7a9692, catalog=null, schema=null, table=SCOPE_REQUESTCONTEXT, column=null, caseSensitive=false) - start
146691 [main] DEBUG org.dbunit.database.DefaultMetadataHandler  - Comparing the following values using caseSensitive=false (searched<=>actual): catalog: null<=>PUBLIC schema: null<=>PUBLIC table: SCOPE_REQUESTCONTEXT<=>SCOPE_REQUESTCONTEXT column: null<=>REQUEST_CONTEXT_ID
146691 [main] DEBUG org.dbunit.dataset.datatype.DefaultDataTypeFactory  - createDataType(sqlType=4 , sqlTypeName=INTEGER, tableName=SCOPE_REQUESTCONTEXT, columnName=REQUEST_CONTEXT_ID) - start
146691 [main] DEBUG org.dbunit.dataset.datatype.DefaultDataTypeFactory  - createDataType(sqlType=4, sqlTypeName=INTEGER) - start
146691 [main] DEBUG org.dbunit.dataset.datatype.DataType  - forSqlType(sqlType=4) - start
146691 [main] DEBUG org.dbunit.dataset.datatype.AbstractDataType  - getSqlType() - start
146691 [main] DEBUG org.dbunit.dataset.datatype.AbstractDataType  - getSqlType() - start
146691 [main] DEBUG org.dbunit.dataset.datatype.AbstractDataType  - getSqlType() - start
146691 [main] DEBUG org.dbunit.dataset.datatype.AbstractDataType  - getSqlType() - start
146691 [main] DEBUG org.dbunit.dataset.datatype.AbstractDataType  - getSqlType() - start
146691 [main] DEBUG org.dbunit.dataset.datatype.AbstractDataType  - getSqlType() - start
146691 [main] DEBUG org.dbunit.dataset.datatype.AbstractDataType  - getSqlType() - start
146691 [main] DEBUG org.dbunit.dataset.datatype.AbstractDataType  - getSqlType() - start
146691 [main] DEBUG org.dbunit.dataset.datatype.AbstractDataType  - getSqlType() - start
146691 [main] DEBUG org.dbunit.dataset.datatype.AbstractDataType  - getSqlType() - start
146691 [main] DEBUG org.dbunit.dataset.datatype.AbstractDataType  - getSqlType() - start
146691 [main] DEBUG org.dbunit.dataset.datatype.AbstractDataType  - getSqlType() - start
146691 [main] DEBUG org.dbunit.dataset.Column  - nullableValue(nullable=0) - start
146691 [main] DEBUG org.dbunit.dataset.Column  - autoIncrementValue(isAutoIncrement=NO) - start
146691 [main] TRACE org.dbunit.database.DefaultMetadataHandler  - matches(columnsResultSet=org.apache.commons.dbcp.DelegatingResultSet@4f7a9692, catalog=null, schema=null, table=SCOPE_REQUESTCONTEXT, column=null, caseSensitive=false) - start
146691 [main] DEBUG org.dbunit.database.DefaultMetadataHandler  - Comparing the following values using caseSensitive=false (searched<=>actual): catalog: null<=>PUBLIC schema: null<=>PUBLIC table: SCOPE_REQUESTCONTEXT<=>SCOPE_REQUESTCONTEXT column: null<=>SCOPE_ID
146691 [main] DEBUG org.dbunit.dataset.datatype.DefaultDataTypeFactory  - createDataType(sqlType=4 , sqlTypeName=INTEGER, tableName=SCOPE_REQUESTCONTEXT, columnName=SCOPE_ID) - start
146691 [main] DEBUG org.dbunit.dataset.datatype.DefaultDataTypeFactory  - createDataType(sqlType=4, sqlTypeName=INTEGER) - start
146691 [main] DEBUG org.dbunit.dataset.datatype.DataType  - forSqlType(sqlType=4) - start
146691 [main] DEBUG org.dbunit.dataset.datatype.AbstractDataType  - getSqlType() - start
146691 [main] DEBUG org.dbunit.dataset.datatype.AbstractDataType  - getSqlType() - start
146691 [main] DEBUG org.dbunit.dataset.datatype.AbstractDataType  - getSqlType() - start
146691 [main] DEBUG org.dbunit.dataset.datatype.AbstractDataType  - getSqlType() - start
146692 [main] DEBUG org.dbunit.dataset.datatype.AbstractDataType  - getSqlType() - start
146692 [main] DEBUG org.dbunit.dataset.datatype.AbstractDataType  - getSqlType() - start
146692 [main] DEBUG org.dbunit.dataset.datatype.AbstractDataType  - getSqlType() - start
146692 [main] DEBUG org.dbunit.dataset.datatype.AbstractDataType  - getSqlType() - start
146692 [main] DEBUG org.dbunit.dataset.datatype.AbstractDataType  - getSqlType() - start
146692 [main] DEBUG org.dbunit.dataset.datatype.AbstractDataType  - getSqlType() - start
146692 [main] DEBUG org.dbunit.dataset.datatype.AbstractDataType  - getSqlType() - start
146692 [main] DEBUG org.dbunit.dataset.datatype.AbstractDataType  - getSqlType() - start
146692 [main] DEBUG org.dbunit.dataset.Column  - nullableValue(nullable=0) - start
146692 [main] DEBUG org.dbunit.dataset.Column  - autoIncrementValue(isAutoIncrement=NO) - start
146692 [main] DEBUG org.dbunit.database.DatabaseTableMetaData  - getPrimaryKeys() - start
146692 [main] TRACE org.dbunit.database.DatabaseConfig  - getProperty(name=http://www.dbunit.org/properties/primaryKeyFilter) - start
146692 [main] DEBUG org.dbunit.database.DatabaseTableMetaData  - getPrimaryKeyNames() - start
146692 [main] DEBUG org.dbunit.database.DatabaseDataSourceConnection  - getConnection() - start
146692 [main] TRACE org.dbunit.database.DatabaseConfig  - getProperty(name=http://www.dbunit.org/properties/metadataHandler) - start
146692 [main] TRACE org.dbunit.database.DefaultMetadataHandler  - getPrimaryKeys(metaData=org.apache.commons.dbcp.DelegatingDatabaseMetaData@79337401, schemaName=null, tableName=SCOPE_REQUESTCONTEXT) - start
146692 [main] DEBUG org.dbunit.database.DatabaseTableMetaData  - getColumns() - start
146692 [main] DEBUG org.dbunit.dataset.Columns  - getColumns(columnNames=[], columns=[(REQUEST_CONTEXT_ID, INTEGER, noNulls), (SCOPE_ID, INTEGER, noNulls)]) - start
146692 [main] DEBUG org.dbunit.dataset.OrderedTableNameMap  - update(tableName=Scope_RequestContext, object=table=SCOPE_REQUESTCONTEXT, cols=[(REQUEST_CONTEXT_ID, INTEGER, noNulls), (SCOPE_ID, INTEGER, noNulls)], pk=[]) - start
146692 [main] DEBUG org.dbunit.dataset.OrderedTableNameMap  - getTableName(tableName=Scope_RequestContext) - start
146692 [main] DEBUG org.dbunit.dataset.OrderedTableNameMap  - getTableName(tableName=Scope_RequestContext) - end - result=SCOPE_REQUESTCONTEXT
146693 [main] DEBUG org.dbunit.dataset.OrderedTableNameMap  - getTableName(tableName=Scope_RequestContext) - start
146693 [main] DEBUG org.dbunit.dataset.OrderedTableNameMap  - getTableName(tableName=Scope_RequestContext) - end - result=SCOPE_REQUESTCONTEXT
146693 [main] DEBUG org.dbunit.operation.AbstractOperation  - getQualifiedName(prefix=null, name=SCOPE_REQUESTCONTEXT, connection=_databaseConfig=org.dbunit.database.DatabaseConfig[, _propertyMap={http://www.dbunit.org/properties/statementFactory=org.dbunit.database.statement.PreparedStatementFactory@626bc2b8, http://www.dbunit.org/features/caseSensitiveTableNames=false, http://www.dbunit.org/properties/fetchSize=100, http://www.dbunit.org/features/batchedStatements=false, http://www.dbunit.org/properties/metadataHandler=org.dbunit.database.DefaultMetadataHandler@3bbfdfde, http://www.dbunit.org/properties/datatypeFactory=org.dbunit.dataset.datatype.DefaultDataTypeFactory[_toleratedDeltaMap=org.dbunit.dataset.datatype.ToleratedDeltaMap@6452310a], http://www.dbunit.org/properties/escapePattern=null, http://www.dbunit.org/properties/batchSize=100, http://www.dbunit.org/features/qualifiedTableNames=false, http://www.dbunit.org/properties/tableType=[Ljava.lang.String;@5011bafa, http://www.dbunit.org/properties/resultSetTableFactory=org.dbunit.database.CachedResultSetTableFactory@10bcf083, http://www.dbunit.org/features/datatypeWarning=true}], _dataSet=AbstractDataSet[_orderedTableNameMap=null]) - start
146693 [main] TRACE org.dbunit.database.DatabaseConfig  - getProperty(name=http://www.dbunit.org/properties/escapePattern) - start
146693 [main] DEBUG org.dbunit.util.QualifiedTableName  - getQualifiedName() - start
146693 [main] DEBUG org.dbunit.util.QualifiedTableName  - getQualifiedName(prefix=null, name=SCOPE_REQUESTCONTEXT, escapePattern=null) - start
146693 [main] DEBUG org.dbunit.database.statement.SimpleStatement  - addBatch(sql=delete from SCOPE_REQUESTCONTEXT) - start
146693 [main] DEBUG org.dbunit.operation.DeleteAllOperation  - Added SQL: delete from SCOPE_REQUESTCONTEXT
146693 [main] DEBUG org.dbunit.database.DatabaseDataSet  - getTableMetaData(tableName=ScopedContent_ScopedContentItem) - start
146693 [main] DEBUG org.dbunit.database.DatabaseDataSet  - initialize() - start
146693 [main] DEBUG org.dbunit.dataset.OrderedTableNameMap  - getTableName(tableName=ScopedContent_ScopedContentItem) - start
146693 [main] DEBUG org.dbunit.dataset.OrderedTableNameMap  - getTableName(tableName=ScopedContent_ScopedContentItem) - end - result=SCOPEDCONTENT_SCOPEDCONTENTITEM
146693 [main] DEBUG org.dbunit.dataset.OrderedTableNameMap  - getTableName(tableName=ScopedContent_ScopedContentItem) - start
146693 [main] DEBUG org.dbunit.dataset.OrderedTableNameMap  - getTableName(tableName=ScopedContent_ScopedContentItem) - end - result=SCOPEDCONTENT_SCOPEDCONTENTITEM
146693 [main] DEBUG org.dbunit.database.DatabaseDataSourceConnection  - getConnection() - start
146693 [main] TRACE org.dbunit.util.SQLHelper  - correctCase(tableName=ScopedContent_ScopedContentItem, connection=Transaction-aware proxy for target Connection [jdbc:hsqldb:mem:kontrollDS, UserName=sw, HSQL Database Engine Driver]) - start
146693 [main] TRACE org.dbunit.util.SQLHelper  - correctCase(tableName=ScopedContent_ScopedContentItem, databaseMetaData=org.apache.commons.dbcp.DelegatingDatabaseMetaData@422cd301) - start
146693 [main] TRACE org.dbunit.util.SQLHelper  - isEscaped(tableName=ScopedContent_ScopedContentItem, dbIdentifierQuoteString=") - start
146693 [main] DEBUG org.dbunit.util.SQLHelper  - isEscaped returns 'false' for tableName=ScopedContent_ScopedContentItem (dbIdentifierQuoteString=")
146693 [main] DEBUG org.dbunit.util.SQLHelper  - class org.dbunit.database.DatabaseTableMetaData. Corrected table name: oldValue=ScopedContent_ScopedContentItem newValue=SCOPEDCONTENT_SCOPEDCONTENTITEM
146693 [main] DEBUG org.dbunit.database.DatabaseTableMetaData  - Validating if table 'SCOPEDCONTENT_SCOPEDCONTENTITEM' exists in schema 'null' ...
146693 [main] TRACE org.dbunit.database.DatabaseConfig  - getProperty(name=http://www.dbunit.org/properties/metadataHandler) - start
146693 [main] TRACE org.dbunit.database.DefaultMetadataHandler  - tableExists(metaData=org.apache.commons.dbcp.DelegatingDatabaseMetaData@cd10898, schemaName=null, tableName=SCOPEDCONTENT_SCOPEDCONTENTITEM) - start
146694 [main] DEBUG org.dbunit.util.SQLHelper  - close(resultSet=org.apache.commons.dbcp.DelegatingResultSet@1d7b1b8c) - start
146694 [main] DEBUG org.dbunit.database.DatabaseTableMetaData  - getColumns() - start
146694 [main] DEBUG org.dbunit.database.DatabaseDataSourceConnection  - getConnection() - start
146694 [main] TRACE org.dbunit.database.DatabaseConfig  - getProperty(name=http://www.dbunit.org/properties/metadataHandler) - start
146695 [main] TRACE org.dbunit.database.DefaultMetadataHandler  - getColumns(databaseMetaData=org.apache.commons.dbcp.DelegatingDatabaseMetaData@7d4d9372, schemaName=null, tableName=SCOPEDCONTENT_SCOPEDCONTENTITEM) - start
146710 [main] TRACE org.dbunit.database.DatabaseConfig  - getProperty(name=http://www.dbunit.org/properties/datatypeFactory) - start
146710 [main] DEBUG org.dbunit.database.DatabaseDataSourceConnection  - getConnection() - start
146710 [main] WARN  org.dbunit.dataset.AbstractTableMetaData  - Potential problem found: The configured data type factory 'class org.dbunit.dataset.datatype.DefaultDataTypeFactory' might cause problems with the current database 'HSQL Database Engine' (e.g. some datatypes may not be supported properly). In rare cases you might see this message because the list of supported database products is incomplete (list=[derby]). If so please request a java-class update via the forums.If you are using your own IDataTypeFactory extending DefaultDataTypeFactory, ensure that you override getValidDbProducts() to specify the supported database products.
146710 [main] TRACE org.dbunit.database.DatabaseConfig  - getFeature(name=http://www.dbunit.org/features/datatypeWarning) - start
146710 [main] TRACE org.dbunit.database.DatabaseConfig  - getProperty(name=http://www.dbunit.org/features/datatypeWarning) - start
146710 [main] TRACE org.dbunit.database.DefaultMetadataHandler  - matches(columnsResultSet=org.apache.commons.dbcp.DelegatingResultSet@7b370c25, catalog=null, schema=null, table=SCOPEDCONTENT_SCOPEDCONTENTITEM, column=null, caseSensitive=false) - start
146710 [main] DEBUG org.dbunit.database.DefaultMetadataHandler  - Comparing the following values using caseSensitive=false (searched<=>actual): catalog: null<=>PUBLIC schema: null<=>PUBLIC table: SCOPEDCONTENT_SCOPEDCONTENTITEM<=>SCOPEDCONTENT_SCOPEDCONTENTITEM column: null<=>SCOPED_CONTENT_ID
146710 [main] DEBUG org.dbunit.dataset.datatype.DefaultDataTypeFactory  - createDataType(sqlType=4 , sqlTypeName=INTEGER, tableName=SCOPEDCONTENT_SCOPEDCONTENTITEM, columnName=SCOPED_CONTENT_ID) - start
146710 [main] DEBUG org.dbunit.dataset.datatype.DefaultDataTypeFactory  - createDataType(sqlType=4, sqlTypeName=INTEGER) - start
146710 [main] DEBUG org.dbunit.dataset.datatype.DataType  - forSqlType(sqlType=4) - start
146710 [main] DEBUG org.dbunit.dataset.datatype.AbstractDataType  - getSqlType() - start
146710 [main] DEBUG org.dbunit.dataset.datatype.AbstractDataType  - getSqlType() - start
146710 [main] DEBUG org.dbunit.dataset.datatype.AbstractDataType  - getSqlType() - start
146710 [main] DEBUG org.dbunit.dataset.datatype.AbstractDataType  - getSqlType() - start
146710 [main] DEBUG org.dbunit.dataset.datatype.AbstractDataType  - getSqlType() - start
146710 [main] DEBUG org.dbunit.dataset.datatype.AbstractDataType  - getSqlType() - start
146710 [main] DEBUG org.dbunit.dataset.datatype.AbstractDataType  - getSqlType() - start
146711 [main] DEBUG org.dbunit.dataset.datatype.AbstractDataType  - getSqlType() - start
146711 [main] DEBUG org.dbunit.dataset.datatype.AbstractDataType  - getSqlType() - start
146711 [main] DEBUG org.dbunit.dataset.datatype.AbstractDataType  - getSqlType() - start
146711 [main] DEBUG org.dbunit.dataset.datatype.AbstractDataType  - getSqlType() - start
146711 [main] DEBUG org.dbunit.dataset.datatype.AbstractDataType  - getSqlType() - start
146711 [main] DEBUG org.dbunit.dataset.Column  - nullableValue(nullable=0) - start
146711 [main] DEBUG org.dbunit.dataset.Column  - autoIncrementValue(isAutoIncrement=NO) - start
146711 [main] TRACE org.dbunit.database.DefaultMetadataHandler  - matches(columnsResultSet=org.apache.commons.dbcp.DelegatingResultSet@7b370c25, catalog=null, schema=null, table=SCOPEDCONTENT_SCOPEDCONTENTITEM, column=null, caseSensitive=false) - start
146711 [main] DEBUG org.dbunit.database.DefaultMetadataHandler  - Comparing the following values using caseSensitive=false (searched<=>actual): catalog: null<=>PUBLIC schema: null<=>PUBLIC table: SCOPEDCONTENT_SCOPEDCONTENTITEM<=>SCOPEDCONTENT_SCOPEDCONTENTITEM column: null<=>SCOPED_CONTENT_ITEM_ID
146711 [main] DEBUG org.dbunit.dataset.datatype.DefaultDataTypeFactory  - createDataType(sqlType=4 , sqlTypeName=INTEGER, tableName=SCOPEDCONTENT_SCOPEDCONTENTITEM, columnName=SCOPED_CONTENT_ITEM_ID) - start
146711 [main] DEBUG org.dbunit.dataset.datatype.DefaultDataTypeFactory  - createDataType(sqlType=4, sqlTypeName=INTEGER) - start
146711 [main] DEBUG org.dbunit.dataset.datatype.DataType  - forSqlType(sqlType=4) - start
146711 [main] DEBUG org.dbunit.dataset.datatype.AbstractDataType  - getSqlType() - start
146711 [main] DEBUG org.dbunit.dataset.datatype.AbstractDataType  - getSqlType() - start
146711 [main] DEBUG org.dbunit.dataset.datatype.AbstractDataType  - getSqlType() - start
146711 [main] DEBUG org.dbunit.dataset.datatype.AbstractDataType  - getSqlType() - start
146711 [main] DEBUG org.dbunit.dataset.datatype.AbstractDataType  - getSqlType() - start
146711 [main] DEBUG org.dbunit.dataset.datatype.AbstractDataType  - getSqlType() - start
146712 [main] DEBUG org.dbunit.dataset.datatype.AbstractDataType  - getSqlType() - start
146712 [main] DEBUG org.dbunit.dataset.datatype.AbstractDataType  - getSqlType() - start
146712 [main] DEBUG org.dbunit.dataset.datatype.AbstractDataType  - getSqlType() - start
146712 [main] DEBUG org.dbunit.dataset.datatype.AbstractDataType  - getSqlType() - start
146712 [main] DEBUG org.dbunit.dataset.datatype.AbstractDataType  - getSqlType() - start
146712 [main] DEBUG org.dbunit.dataset.datatype.AbstractDataType  - getSqlType() - start
146712 [main] DEBUG org.dbunit.dataset.Column  - nullableValue(nullable=0) - start
146712 [main] DEBUG org.dbunit.dataset.Column  - autoIncrementValue(isAutoIncrement=NO) - start
146712 [main] DEBUG org.dbunit.database.DatabaseTableMetaData  - getPrimaryKeys() - start
146712 [main] TRACE org.dbunit.database.DatabaseConfig  - getProperty(name=http://www.dbunit.org/properties/primaryKeyFilter) - start
146712 [main] DEBUG org.dbunit.database.DatabaseTableMetaData  - getPrimaryKeyNames() - start
146712 [main] DEBUG org.dbunit.database.DatabaseDataSourceConnection  - getConnection() - start
146712 [main] TRACE org.dbunit.database.DatabaseConfig  - getProperty(name=http://www.dbunit.org/properties/metadataHandler) - start
146712 [main] TRACE org.dbunit.database.DefaultMetadataHandler  - getPrimaryKeys(metaData=org.apache.commons.dbcp.DelegatingDatabaseMetaData@5afe9055, schemaName=null, tableName=SCOPEDCONTENT_SCOPEDCONTENTITEM) - start
146713 [main] DEBUG org.dbunit.database.DatabaseTableMetaData  - getColumns() - start
146713 [main] DEBUG org.dbunit.dataset.Columns  - getColumns(columnNames=[], columns=[(SCOPED_CONTENT_ID, INTEGER, noNulls), (SCOPED_CONTENT_ITEM_ID, INTEGER, noNulls)]) - start
146713 [main] DEBUG org.dbunit.dataset.OrderedTableNameMap  - update(tableName=ScopedContent_ScopedContentItem, object=table=SCOPEDCONTENT_SCOPEDCONTENTITEM, cols=[(SCOPED_CONTENT_ID, INTEGER, noNulls), (SCOPED_CONTENT_ITEM_ID, INTEGER, noNulls)], pk=[]) - start
146713 [main] DEBUG org.dbunit.dataset.OrderedTableNameMap  - getTableName(tableName=ScopedContent_ScopedContentItem) - start
146713 [main] DEBUG org.dbunit.dataset.OrderedTableNameMap  - getTableName(tableName=ScopedContent_ScopedContentItem) - end - result=SCOPEDCONTENT_SCOPEDCONTENTITEM
146713 [main] DEBUG org.dbunit.dataset.OrderedTableNameMap  - getTableName(tableName=ScopedContent_ScopedContentItem) - start
146713 [main] DEBUG org.dbunit.dataset.OrderedTableNameMap  - getTableName(tableName=ScopedContent_ScopedContentItem) - end - result=SCOPEDCONTENT_SCOPEDCONTENTITEM
146713 [main] DEBUG org.dbunit.operation.AbstractOperation  - getQualifiedName(prefix=null, name=SCOPEDCONTENT_SCOPEDCONTENTITEM, connection=_databaseConfig=org.dbunit.database.DatabaseConfig[, _propertyMap={http://www.dbunit.org/properties/statementFactory=org.dbunit.database.statement.PreparedStatementFactory@626bc2b8, http://www.dbunit.org/features/caseSensitiveTableNames=false, http://www.dbunit.org/properties/fetchSize=100, http://www.dbunit.org/features/batchedStatements=false, http://www.dbunit.org/properties/metadataHandler=org.dbunit.database.DefaultMetadataHandler@3bbfdfde, http://www.dbunit.org/properties/datatypeFactory=org.dbunit.dataset.datatype.DefaultDataTypeFactory[_toleratedDeltaMap=org.dbunit.dataset.datatype.ToleratedDeltaMap@6452310a], http://www.dbunit.org/properties/escapePattern=null, http://www.dbunit.org/properties/batchSize=100, http://www.dbunit.org/features/qualifiedTableNames=false, http://www.dbunit.org/properties/tableType=[Ljava.lang.String;@5011bafa, http://www.dbunit.org/properties/resultSetTableFactory=org.dbunit.database.CachedResultSetTableFactory@10bcf083, http://www.dbunit.org/features/datatypeWarning=true}], _dataSet=AbstractDataSet[_orderedTableNameMap=null]) - start
146713 [main] TRACE org.dbunit.database.DatabaseConfig  - getProperty(name=http://www.dbunit.org/properties/escapePattern) - start
146713 [main] DEBUG org.dbunit.util.QualifiedTableName  - getQualifiedName() - start
146713 [main] DEBUG org.dbunit.util.QualifiedTableName  - getQualifiedName(prefix=null, name=SCOPEDCONTENT_SCOPEDCONTENTITEM, escapePattern=null) - start
146713 [main] DEBUG org.dbunit.database.statement.SimpleStatement  - addBatch(sql=delete from SCOPEDCONTENT_SCOPEDCONTENTITEM) - start
146713 [main] DEBUG org.dbunit.operation.DeleteAllOperation  - Added SQL: delete from SCOPEDCONTENT_SCOPEDCONTENTITEM
146714 [main] DEBUG org.dbunit.database.DatabaseDataSet  - getTableMetaData(tableName=ScopedContentConditions_ScopedContentItem) - start
146714 [main] DEBUG org.dbunit.database.DatabaseDataSet  - initialize() - start
146714 [main] DEBUG org.dbunit.dataset.OrderedTableNameMap  - getTableName(tableName=ScopedContentConditions_ScopedContentItem) - start
146714 [main] DEBUG org.dbunit.dataset.OrderedTableNameMap  - getTableName(tableName=ScopedContentConditions_ScopedContentItem) - end - result=SCOPEDCONTENTCONDITIONS_SCOPEDCONTENTITEM
146714 [main] DEBUG org.dbunit.dataset.OrderedTableNameMap  - getTableName(tableName=ScopedContentConditions_ScopedContentItem) - start
146714 [main] DEBUG org.dbunit.dataset.OrderedTableNameMap  - getTableName(tableName=ScopedContentConditions_ScopedContentItem) - end - result=SCOPEDCONTENTCONDITIONS_SCOPEDCONTENTITEM
146714 [main] DEBUG org.dbunit.database.DatabaseDataSourceConnection  - getConnection() - start
146714 [main] TRACE org.dbunit.util.SQLHelper  - correctCase(tableName=ScopedContentConditions_ScopedContentItem, connection=Transaction-aware proxy for target Connection [jdbc:hsqldb:mem:kontrollDS, UserName=sw, HSQL Database Engine Driver]) - start
146714 [main] TRACE org.dbunit.util.SQLHelper  - correctCase(tableName=ScopedContentConditions_ScopedContentItem, databaseMetaData=org.apache.commons.dbcp.DelegatingDatabaseMetaData@545cb7f6) - start
146714 [main] TRACE org.dbunit.util.SQLHelper  - isEscaped(tableName=ScopedContentConditions_ScopedContentItem, dbIdentifierQuoteString=") - start
146714 [main] DEBUG org.dbunit.util.SQLHelper  - isEscaped returns 'false' for tableName=ScopedContentConditions_ScopedContentItem (dbIdentifierQuoteString=")
146714 [main] DEBUG org.dbunit.util.SQLHelper  - class org.dbunit.database.DatabaseTableMetaData. Corrected table name: oldValue=ScopedContentConditions_ScopedContentItem newValue=SCOPEDCONTENTCONDITIONS_SCOPEDCONTENTITEM
146714 [main] DEBUG org.dbunit.database.DatabaseTableMetaData  - Validating if table 'SCOPEDCONTENTCONDITIONS_SCOPEDCONTENTITEM' exists in schema 'null' ...
146714 [main] TRACE org.dbunit.database.DatabaseConfig  - getProperty(name=http://www.dbunit.org/properties/metadataHandler) - start
146714 [main] TRACE org.dbunit.database.DefaultMetadataHandler  - tableExists(metaData=org.apache.commons.dbcp.DelegatingDatabaseMetaData@1331a2bf, schemaName=null, tableName=SCOPEDCONTENTCONDITIONS_SCOPEDCONTENTITEM) - start
146715 [main] DEBUG org.dbunit.util.SQLHelper  - close(resultSet=org.apache.commons.dbcp.DelegatingResultSet@4ec9cff9) - start
146715 [main] DEBUG org.dbunit.database.DatabaseTableMetaData  - getColumns() - start
146715 [main] DEBUG org.dbunit.database.DatabaseDataSourceConnection  - getConnection() - start
146715 [main] TRACE org.dbunit.database.DatabaseConfig  - getProperty(name=http://www.dbunit.org/properties/metadataHandler) - start
146715 [main] TRACE org.dbunit.database.DefaultMetadataHandler  - getColumns(databaseMetaData=org.apache.commons.dbcp.DelegatingDatabaseMetaData@23750cd8, schemaName=null, tableName=SCOPEDCONTENTCONDITIONS_SCOPEDCONTENTITEM) - start
146731 [main] TRACE org.dbunit.database.DatabaseConfig  - getProperty(name=http://www.dbunit.org/properties/datatypeFactory) - start
146733 [main] DEBUG org.dbunit.database.DatabaseDataSourceConnection  - getConnection() - start
146733 [main] WARN  org.dbunit.dataset.AbstractTableMetaData  - Potential problem found: The configured data type factory 'class org.dbunit.dataset.datatype.DefaultDataTypeFactory' might cause problems with the current database 'HSQL Database Engine' (e.g. some datatypes may not be supported properly). In rare cases you might see this message because the list of supported database products is incomplete (list=[derby]). If so please request a java-class update via the forums.If you are using your own IDataTypeFactory extending DefaultDataTypeFactory, ensure that you override getValidDbProducts() to specify the supported database products.
146733 [main] TRACE org.dbunit.database.DatabaseConfig  - getFeature(name=http://www.dbunit.org/features/datatypeWarning) - start
146733 [main] TRACE org.dbunit.database.DatabaseConfig  - getProperty(name=http://www.dbunit.org/features/datatypeWarning) - start
146733 [main] TRACE org.dbunit.database.DefaultMetadataHandler  - matches(columnsResultSet=org.apache.commons.dbcp.DelegatingResultSet@275400f8, catalog=null, schema=null, table=SCOPEDCONTENTCONDITIONS_SCOPEDCONTENTITEM, column=null, caseSensitive=false) - start
146733 [main] DEBUG org.dbunit.database.DefaultMetadataHandler  - Comparing the following values using caseSensitive=false (searched<=>actual): catalog: null<=>PUBLIC schema: null<=>PUBLIC table: SCOPEDCONTENTCONDITIONS_SCOPEDCONTENTITEM<=>SCOPEDCONTENTCONDITIONS_SCOPEDCONTENTITEM column: null<=>SCOPED_CONTENT_CONDITION_ID
146734 [main] DEBUG org.dbunit.dataset.datatype.DefaultDataTypeFactory  - createDataType(sqlType=4 , sqlTypeName=INTEGER, tableName=SCOPEDCONTENTCONDITIONS_SCOPEDCONTENTITEM, columnName=SCOPED_CONTENT_CONDITION_ID) - start
146734 [main] DEBUG org.dbunit.dataset.datatype.DefaultDataTypeFactory  - createDataType(sqlType=4, sqlTypeName=INTEGER) - start
146734 [main] DEBUG org.dbunit.dataset.datatype.DataType  - forSqlType(sqlType=4) - start
146734 [main] DEBUG org.dbunit.dataset.datatype.AbstractDataType  - getSqlType() - start
146734 [main] DEBUG org.dbunit.dataset.datatype.AbstractDataType  - getSqlType() - start
146734 [main] DEBUG org.dbunit.dataset.datatype.AbstractDataType  - getSqlType() - start
146734 [main] DEBUG org.dbunit.dataset.datatype.AbstractDataType  - getSqlType() - start
146734 [main] DEBUG org.dbunit.dataset.datatype.AbstractDataType  - getSqlType() - start
146734 [main] DEBUG org.dbunit.dataset.datatype.AbstractDataType  - getSqlType() - start
146734 [main] DEBUG org.dbunit.dataset.datatype.AbstractDataType  - getSqlType() - start
146734 [main] DEBUG org.dbunit.dataset.datatype.AbstractDataType  - getSqlType() - start
146734 [main] DEBUG org.dbunit.dataset.datatype.AbstractDataType  - getSqlType() - start
146734 [main] DEBUG org.dbunit.dataset.datatype.AbstractDataType  - getSqlType() - start
146734 [main] DEBUG org.dbunit.dataset.datatype.AbstractDataType  - getSqlType() - start
146734 [main] DEBUG org.dbunit.dataset.datatype.AbstractDataType  - getSqlType() - start
146734 [main] DEBUG org.dbunit.dataset.Column  - nullableValue(nullable=0) - start
146734 [main] DEBUG org.dbunit.dataset.Column  - autoIncrementValue(isAutoIncrement=NO) - start
146734 [main] TRACE org.dbunit.database.DefaultMetadataHandler  - matches(columnsResultSet=org.apache.commons.dbcp.DelegatingResultSet@275400f8, catalog=null, schema=null, table=SCOPEDCONTENTCONDITIONS_SCOPEDCONTENTITEM, column=null, caseSensitive=false) - start
146734 [main] DEBUG org.dbunit.database.DefaultMetadataHandler  - Comparing the following values using caseSensitive=false (searched<=>actual): catalog: null<=>PUBLIC schema: null<=>PUBLIC table: SCOPEDCONTENTCONDITIONS_SCOPEDCONTENTITEM<=>SCOPEDCONTENTCONDITIONS_SCOPEDCONTENTITEM column: null<=>SCOPED_CONTENT_ITEM_ID
146734 [main] DEBUG org.dbunit.dataset.datatype.DefaultDataTypeFactory  - createDataType(sqlType=4 , sqlTypeName=INTEGER, tableName=SCOPEDCONTENTCONDITIONS_SCOPEDCONTENTITEM, columnName=SCOPED_CONTENT_ITEM_ID) - start
146734 [main] DEBUG org.dbunit.dataset.datatype.DefaultDataTypeFactory  - createDataType(sqlType=4, sqlTypeName=INTEGER) - start
146734 [main] DEBUG org.dbunit.dataset.datatype.DataType  - forSqlType(sqlType=4) - start
146734 [main] DEBUG org.dbunit.dataset.datatype.AbstractDataType  - getSqlType() - start
146734 [main] DEBUG org.dbunit.dataset.datatype.AbstractDataType  - getSqlType() - start
146734 [main] DEBUG org.dbunit.dataset.datatype.AbstractDataType  - getSqlType() - start
146734 [main] DEBUG org.dbunit.dataset.datatype.AbstractDataType  - getSqlType() - start
146734 [main] DEBUG org.dbunit.dataset.datatype.AbstractDataType  - getSqlType() - start
146734 [main] DEBUG org.dbunit.dataset.datatype.AbstractDataType  - getSqlType() - start
146734 [main] DEBUG org.dbunit.dataset.datatype.AbstractDataType  - getSqlType() - start
146734 [main] DEBUG org.dbunit.dataset.datatype.AbstractDataType  - getSqlType() - start
146734 [main] DEBUG org.dbunit.dataset.datatype.AbstractDataType  - getSqlType() - start
146735 [main] DEBUG org.dbunit.dataset.datatype.AbstractDataType  - getSqlType() - start
146735 [main] DEBUG org.dbunit.dataset.datatype.AbstractDataType  - getSqlType() - start
146735 [main] DEBUG org.dbunit.dataset.datatype.AbstractDataType  - getSqlType() - start
146735 [main] DEBUG org.dbunit.dataset.Column  - nullableValue(nullable=0) - start
146735 [main] DEBUG org.dbunit.dataset.Column  - autoIncrementValue(isAutoIncrement=NO) - start
146735 [main] DEBUG org.dbunit.database.DatabaseTableMetaData  - getPrimaryKeys() - start
146735 [main] TRACE org.dbunit.database.DatabaseConfig  - getProperty(name=http://www.dbunit.org/properties/primaryKeyFilter) - start
146735 [main] DEBUG org.dbunit.database.DatabaseTableMetaData  - getPrimaryKeyNames() - start
146735 [main] DEBUG org.dbunit.database.DatabaseDataSourceConnection  - getConnection() - start
146735 [main] TRACE org.dbunit.database.DatabaseConfig  - getProperty(name=http://www.dbunit.org/properties/metadataHandler) - start
146735 [main] TRACE org.dbunit.database.DefaultMetadataHandler  - getPrimaryKeys(metaData=org.apache.commons.dbcp.DelegatingDatabaseMetaData@7c0badf3, schemaName=null, tableName=SCOPEDCONTENTCONDITIONS_SCOPEDCONTENTITEM) - start
146735 [main] DEBUG org.dbunit.database.DatabaseTableMetaData  - getColumns() - start
146735 [main] DEBUG org.dbunit.dataset.Columns  - getColumns(columnNames=[], columns=[(SCOPED_CONTENT_CONDITION_ID, INTEGER, noNulls), (SCOPED_CONTENT_ITEM_ID, INTEGER, noNulls)]) - start
146735 [main] DEBUG org.dbunit.dataset.OrderedTableNameMap  - update(tableName=ScopedContentConditions_ScopedContentItem, object=table=SCOPEDCONTENTCONDITIONS_SCOPEDCONTENTITEM, cols=[(SCOPED_CONTENT_CONDITION_ID, INTEGER, noNulls), (SCOPED_CONTENT_ITEM_ID, INTEGER, noNulls)], pk=[]) - start
146735 [main] DEBUG org.dbunit.dataset.OrderedTableNameMap  - getTableName(tableName=ScopedContentConditions_ScopedContentItem) - start
146735 [main] DEBUG org.dbunit.dataset.OrderedTableNameMap  - getTableName(tableName=ScopedContentConditions_ScopedContentItem) - end - result=SCOPEDCONTENTCONDITIONS_SCOPEDCONTENTITEM
146735 [main] DEBUG org.dbunit.dataset.OrderedTableNameMap  - getTableName(tableName=ScopedContentConditions_ScopedContentItem) - start
146735 [main] DEBUG org.dbunit.dataset.OrderedTableNameMap  - getTableName(tableName=ScopedContentConditions_ScopedContentItem) - end - result=SCOPEDCONTENTCONDITIONS_SCOPEDCONTENTITEM
146735 [main] DEBUG org.dbunit.operation.AbstractOperation  - getQualifiedName(prefix=null, name=SCOPEDCONTENTCONDITIONS_SCOPEDCONTENTITEM, connection=_databaseConfig=org.dbunit.database.DatabaseConfig[, _propertyMap={http://www.dbunit.org/properties/statementFactory=org.dbunit.database.statement.PreparedStatementFactory@626bc2b8, http://www.dbunit.org/features/caseSensitiveTableNames=false, http://www.dbunit.org/properties/fetchSize=100, http://www.dbunit.org/features/batchedStatements=false, http://www.dbunit.org/properties/metadataHandler=org.dbunit.database.DefaultMetadataHandler@3bbfdfde, http://www.dbunit.org/properties/datatypeFactory=org.dbunit.dataset.datatype.DefaultDataTypeFactory[_toleratedDeltaMap=org.dbunit.dataset.datatype.ToleratedDeltaMap@6452310a], http://www.dbunit.org/properties/escapePattern=null, http://www.dbunit.org/properties/batchSize=100, http://www.dbunit.org/features/qualifiedTableNames=false, http://www.dbunit.org/properties/tableType=[Ljava.lang.String;@5011bafa, http://www.dbunit.org/properties/resultSetTableFactory=org.dbunit.database.CachedResultSetTableFactory@10bcf083, http://www.dbunit.org/features/datatypeWarning=true}], _dataSet=AbstractDataSet[_orderedTableNameMap=null]) - start
146736 [main] TRACE org.dbunit.database.DatabaseConfig  - getProperty(name=http://www.dbunit.org/properties/escapePattern) - start
146736 [main] DEBUG org.dbunit.util.QualifiedTableName  - getQualifiedName() - start
146736 [main] DEBUG org.dbunit.util.QualifiedTableName  - getQualifiedName(prefix=null, name=SCOPEDCONTENTCONDITIONS_SCOPEDCONTENTITEM, escapePattern=null) - start
146736 [main] DEBUG org.dbunit.database.statement.SimpleStatement  - addBatch(sql=delete from SCOPEDCONTENTCONDITIONS_SCOPEDCONTENTITEM) - start
146736 [main] DEBUG org.dbunit.operation.DeleteAllOperation  - Added SQL: delete from SCOPEDCONTENTCONDITIONS_SCOPEDCONTENTITEM
146736 [main] DEBUG org.dbunit.database.DatabaseDataSet  - getTableMetaData(tableName=ScopedContentItem) - start
146736 [main] DEBUG org.dbunit.database.DatabaseDataSet  - initialize() - start
146736 [main] DEBUG org.dbunit.dataset.OrderedTableNameMap  - getTableName(tableName=ScopedContentItem) - start
146736 [main] DEBUG org.dbunit.dataset.OrderedTableNameMap  - getTableName(tableName=ScopedContentItem) - end - result=SCOPEDCONTENTITEM
146736 [main] DEBUG org.dbunit.dataset.OrderedTableNameMap  - getTableName(tableName=ScopedContentItem) - start
146736 [main] DEBUG org.dbunit.dataset.OrderedTableNameMap  - getTableName(tableName=ScopedContentItem) - end - result=SCOPEDCONTENTITEM
146736 [main] DEBUG org.dbunit.database.DatabaseDataSourceConnection  - getConnection() - start
146736 [main] TRACE org.dbunit.util.SQLHelper  - correctCase(tableName=ScopedContentItem, connection=Transaction-aware proxy for target Connection [jdbc:hsqldb:mem:kontrollDS, UserName=sw, HSQL Database Engine Driver]) - start
146736 [main] TRACE org.dbunit.util.SQLHelper  - correctCase(tableName=ScopedContentItem, databaseMetaData=org.apache.commons.dbcp.DelegatingDatabaseMetaData@29c5acfe) - start
146736 [main] TRACE org.dbunit.util.SQLHelper  - isEscaped(tableName=ScopedContentItem, dbIdentifierQuoteString=") - start
146736 [main] DEBUG org.dbunit.util.SQLHelper  - isEscaped returns 'false' for tableName=ScopedContentItem (dbIdentifierQuoteString=")
146736 [main] DEBUG org.dbunit.util.SQLHelper  - class org.dbunit.database.DatabaseTableMetaData. Corrected table name: oldValue=ScopedContentItem newValue=SCOPEDCONTENTITEM
146736 [main] DEBUG org.dbunit.database.DatabaseTableMetaData  - Validating if table 'SCOPEDCONTENTITEM' exists in schema 'null' ...
146736 [main] TRACE org.dbunit.database.DatabaseConfig  - getProperty(name=http://www.dbunit.org/properties/metadataHandler) - start
146736 [main] TRACE org.dbunit.database.DefaultMetadataHandler  - tableExists(metaData=org.apache.commons.dbcp.DelegatingDatabaseMetaData@70e06d1e, schemaName=null, tableName=SCOPEDCONTENTITEM) - start
146737 [main] DEBUG org.dbunit.util.SQLHelper  - close(resultSet=org.apache.commons.dbcp.DelegatingResultSet@41ec7e12) - start
146738 [main] DEBUG org.dbunit.database.DatabaseTableMetaData  - getColumns() - start
146738 [main] DEBUG org.dbunit.database.DatabaseDataSourceConnection  - getConnection() - start
146738 [main] TRACE org.dbunit.database.DatabaseConfig  - getProperty(name=http://www.dbunit.org/properties/metadataHandler) - start
146738 [main] TRACE org.dbunit.database.DefaultMetadataHandler  - getColumns(databaseMetaData=org.apache.commons.dbcp.DelegatingDatabaseMetaData@d48f18e, schemaName=null, tableName=SCOPEDCONTENTITEM) - start
146754 [main] TRACE org.dbunit.database.DatabaseConfig  - getProperty(name=http://www.dbunit.org/properties/datatypeFactory) - start
146754 [main] DEBUG org.dbunit.database.DatabaseDataSourceConnection  - getConnection() - start
146754 [main] WARN  org.dbunit.dataset.AbstractTableMetaData  - Potential problem found: The configured data type factory 'class org.dbunit.dataset.datatype.DefaultDataTypeFactory' might cause problems with the current database 'HSQL Database Engine' (e.g. some datatypes may not be supported properly). In rare cases you might see this message because the list of supported database products is incomplete (list=[derby]). If so please request a java-class update via the forums.If you are using your own IDataTypeFactory extending DefaultDataTypeFactory, ensure that you override getValidDbProducts() to specify the supported database products.
146754 [main] TRACE org.dbunit.database.DatabaseConfig  - getFeature(name=http://www.dbunit.org/features/datatypeWarning) - start
146754 [main] TRACE org.dbunit.database.DatabaseConfig  - getProperty(name=http://www.dbunit.org/features/datatypeWarning) - start
146754 [main] TRACE org.dbunit.database.DefaultMetadataHandler  - matches(columnsResultSet=org.apache.commons.dbcp.DelegatingResultSet@56d8ecf1, catalog=null, schema=null, table=SCOPEDCONTENTITEM, column=null, caseSensitive=false) - start
146754 [main] DEBUG org.dbunit.database.DefaultMetadataHandler  - Comparing the following values using caseSensitive=false (searched<=>actual): catalog: null<=>PUBLIC schema: null<=>PUBLIC table: SCOPEDCONTENTITEM<=>SCOPEDCONTENTITEM column: null<=>ID
146754 [main] DEBUG org.dbunit.dataset.datatype.DefaultDataTypeFactory  - createDataType(sqlType=4 , sqlTypeName=INTEGER, tableName=SCOPEDCONTENTITEM, columnName=ID) - start
146754 [main] DEBUG org.dbunit.dataset.datatype.DefaultDataTypeFactory  - createDataType(sqlType=4, sqlTypeName=INTEGER) - start
146754 [main] DEBUG org.dbunit.dataset.datatype.DataType  - forSqlType(sqlType=4) - start
146754 [main] DEBUG org.dbunit.dataset.datatype.AbstractDataType  - getSqlType() - start
146754 [main] DEBUG org.dbunit.dataset.datatype.AbstractDataType  - getSqlType() - start
146754 [main] DEBUG org.dbunit.dataset.datatype.AbstractDataType  - getSqlType() - start
146754 [main] DEBUG org.dbunit.dataset.datatype.AbstractDataType  - getSqlType() - start
146754 [main] DEBUG org.dbunit.dataset.datatype.AbstractDataType  - getSqlType() - start
146754 [main] DEBUG org.dbunit.dataset.datatype.AbstractDataType  - getSqlType() - start
146754 [main] DEBUG org.dbunit.dataset.datatype.AbstractDataType  - getSqlType() - start
146754 [main] DEBUG org.dbunit.dataset.datatype.AbstractDataType  - getSqlType() - start
146754 [main] DEBUG org.dbunit.dataset.datatype.AbstractDataType  - getSqlType() - start
146754 [main] DEBUG org.dbunit.dataset.datatype.AbstractDataType  - getSqlType() - start
146754 [main] DEBUG org.dbunit.dataset.datatype.AbstractDataType  - getSqlType() - start
146754 [main] DEBUG org.dbunit.dataset.datatype.AbstractDataType  - getSqlType() - start
146754 [main] DEBUG org.dbunit.dataset.Column  - nullableValue(nullable=0) - start
146754 [main] DEBUG org.dbunit.dataset.Column  - autoIncrementValue(isAutoIncrement=YES) - start
146754 [main] TRACE org.dbunit.database.DefaultMetadataHandler  - matches(columnsResultSet=org.apache.commons.dbcp.DelegatingResultSet@56d8ecf1, catalog=null, schema=null, table=SCOPEDCONTENTITEM, column=null, caseSensitive=false) - start
146755 [main] DEBUG org.dbunit.database.DefaultMetadataHandler  - Comparing the following values using caseSensitive=false (searched<=>actual): catalog: null<=>PUBLIC schema: null<=>PUBLIC table: SCOPEDCONTENTITEM<=>SCOPEDCONTENTITEM column: null<=>TIMESTAMP
146755 [main] DEBUG org.dbunit.dataset.datatype.DefaultDataTypeFactory  - createDataType(sqlType=93 , sqlTypeName=TIMESTAMP, tableName=SCOPEDCONTENTITEM, columnName=TIMESTAMP) - start
146755 [main] DEBUG org.dbunit.dataset.datatype.DefaultDataTypeFactory  - createDataType(sqlType=93, sqlTypeName=TIMESTAMP) - start
146755 [main] DEBUG org.dbunit.dataset.datatype.DataType  - forSqlType(sqlType=93) - start
146755 [main] DEBUG org.dbunit.dataset.datatype.AbstractDataType  - getSqlType() - start
146755 [main] DEBUG org.dbunit.dataset.datatype.AbstractDataType  - getSqlType() - start
146755 [main] DEBUG org.dbunit.dataset.datatype.AbstractDataType  - getSqlType() - start
146755 [main] DEBUG org.dbunit.dataset.datatype.AbstractDataType  - getSqlType() - start
146755 [main] DEBUG org.dbunit.dataset.datatype.AbstractDataType  - getSqlType() - start
146755 [main] DEBUG org.dbunit.dataset.datatype.AbstractDataType  - getSqlType() - start
146755 [main] DEBUG org.dbunit.dataset.datatype.AbstractDataType  - getSqlType() - start
146755 [main] DEBUG org.dbunit.dataset.datatype.AbstractDataType  - getSqlType() - start
146755 [main] DEBUG org.dbunit.dataset.datatype.AbstractDataType  - getSqlType() - start
146755 [main] DEBUG org.dbunit.dataset.datatype.AbstractDataType  - getSqlType() - start
146755 [main] DEBUG org.dbunit.dataset.datatype.AbstractDataType  - getSqlType() - start
146755 [main] DEBUG org.dbunit.dataset.datatype.AbstractDataType  - getSqlType() - start
146755 [main] DEBUG org.dbunit.dataset.datatype.AbstractDataType  - getSqlType() - start
146755 [main] DEBUG org.dbunit.dataset.datatype.AbstractDataType  - getSqlType() - start
146755 [main] DEBUG org.dbunit.dataset.datatype.AbstractDataType  - getSqlType() - start
146755 [main] DEBUG org.dbunit.dataset.datatype.AbstractDataType  - getSqlType() - start
146755 [main] DEBUG org.dbunit.dataset.datatype.AbstractDataType  - getSqlType() - start
146755 [main] DEBUG org.dbunit.dataset.datatype.AbstractDataType  - getSqlType() - start
146755 [main] DEBUG org.dbunit.dataset.datatype.AbstractDataType  - getSqlType() - start
146755 [main] DEBUG org.dbunit.dataset.datatype.AbstractDataType  - getSqlType() - start
146755 [main] DEBUG org.dbunit.dataset.datatype.AbstractDataType  - getSqlType() - start
146756 [main] DEBUG org.dbunit.dataset.Column  - nullableValue(nullable=1) - start
146756 [main] DEBUG org.dbunit.dataset.Column  - autoIncrementValue(isAutoIncrement=NO) - start
146756 [main] TRACE org.dbunit.database.DefaultMetadataHandler  - matches(columnsResultSet=org.apache.commons.dbcp.DelegatingResultSet@56d8ecf1, catalog=null, schema=null, table=SCOPEDCONTENTITEM, column=null, caseSensitive=false) - start
146756 [main] DEBUG org.dbunit.database.DefaultMetadataHandler  - Comparing the following values using caseSensitive=false (searched<=>actual): catalog: null<=>PUBLIC schema: null<=>PUBLIC table: SCOPEDCONTENTITEM<=>SCOPEDCONTENTITEM column: null<=>CONTENT
146756 [main] DEBUG org.dbunit.dataset.datatype.DefaultDataTypeFactory  - createDataType(sqlType=12 , sqlTypeName=VARCHAR, tableName=SCOPEDCONTENTITEM, columnName=CONTENT) - start
146756 [main] DEBUG org.dbunit.dataset.datatype.DefaultDataTypeFactory  - createDataType(sqlType=12, sqlTypeName=VARCHAR) - start
146756 [main] DEBUG org.dbunit.dataset.datatype.DataType  - forSqlType(sqlType=12) - start
146756 [main] DEBUG org.dbunit.dataset.datatype.AbstractDataType  - getSqlType() - start
146756 [main] DEBUG org.dbunit.dataset.Column  - nullableValue(nullable=0) - start
146756 [main] DEBUG org.dbunit.dataset.Column  - autoIncrementValue(isAutoIncrement=NO) - start
146756 [main] TRACE org.dbunit.database.DefaultMetadataHandler  - matches(columnsResultSet=org.apache.commons.dbcp.DelegatingResultSet@56d8ecf1, catalog=null, schema=null, table=SCOPEDCONTENTITEM, column=null, caseSensitive=false) - start
146756 [main] DEBUG org.dbunit.database.DefaultMetadataHandler  - Comparing the following values using caseSensitive=false (searched<=>actual): catalog: null<=>PUBLIC schema: null<=>PUBLIC table: SCOPEDCONTENTITEM<=>SCOPEDCONTENTITEM column: null<=>CSSCLASS
146756 [main] DEBUG org.dbunit.dataset.datatype.DefaultDataTypeFactory  - createDataType(sqlType=12 , sqlTypeName=VARCHAR, tableName=SCOPEDCONTENTITEM, columnName=CSSCLASS) - start
146756 [main] DEBUG org.dbunit.dataset.datatype.DefaultDataTypeFactory  - createDataType(sqlType=12, sqlTypeName=VARCHAR) - start
146756 [main] DEBUG org.dbunit.dataset.datatype.DataType  - forSqlType(sqlType=12) - start
146756 [main] DEBUG org.dbunit.dataset.datatype.AbstractDataType  - getSqlType() - start
146756 [main] DEBUG org.dbunit.dataset.Column  - nullableValue(nullable=1) - start
146756 [main] DEBUG org.dbunit.dataset.Column  - autoIncrementValue(isAutoIncrement=NO) - start
146756 [main] TRACE org.dbunit.database.DefaultMetadataHandler  - matches(columnsResultSet=org.apache.commons.dbcp.DelegatingResultSet@56d8ecf1, catalog=null, schema=null, table=SCOPEDCONTENTITEM, column=null, caseSensitive=false) - start
146756 [main] DEBUG org.dbunit.database.DefaultMetadataHandler  - Comparing the following values using caseSensitive=false (searched<=>actual): catalog: null<=>PUBLIC schema: null<=>PUBLIC table: SCOPEDCONTENTITEM<=>SCOPEDCONTENTITEM column: null<=>TAGNAME
146756 [main] DEBUG org.dbunit.dataset.datatype.DefaultDataTypeFactory  - createDataType(sqlType=12 , sqlTypeName=VARCHAR, tableName=SCOPEDCONTENTITEM, columnName=TAGNAME) - start
146756 [main] DEBUG org.dbunit.dataset.datatype.DefaultDataTypeFactory  - createDataType(sqlType=12, sqlTypeName=VARCHAR) - start
146756 [main] DEBUG org.dbunit.dataset.datatype.DataType  - forSqlType(sqlType=12) - start
146756 [main] DEBUG org.dbunit.dataset.datatype.AbstractDataType  - getSqlType() - start
146756 [main] DEBUG org.dbunit.dataset.Column  - nullableValue(nullable=1) - start
146756 [main] DEBUG org.dbunit.dataset.Column  - autoIncrementValue(isAutoIncrement=NO) - start
146756 [main] TRACE org.dbunit.database.DefaultMetadataHandler  - matches(columnsResultSet=org.apache.commons.dbcp.DelegatingResultSet@56d8ecf1, catalog=null, schema=null, table=SCOPEDCONTENTITEM, column=null, caseSensitive=false) - start
146757 [main] DEBUG org.dbunit.database.DefaultMetadataHandler  - Comparing the following values using caseSensitive=false (searched<=>actual): catalog: null<=>PUBLIC schema: null<=>PUBLIC table: SCOPEDCONTENTITEM<=>SCOPEDCONTENTITEM column: null<=>TYPE
146757 [main] DEBUG org.dbunit.dataset.datatype.DefaultDataTypeFactory  - createDataType(sqlType=12 , sqlTypeName=VARCHAR, tableName=SCOPEDCONTENTITEM, columnName=TYPE) - start
146757 [main] DEBUG org.dbunit.dataset.datatype.DefaultDataTypeFactory  - createDataType(sqlType=12, sqlTypeName=VARCHAR) - start
146757 [main] DEBUG org.dbunit.dataset.datatype.DataType  - forSqlType(sqlType=12) - start
146757 [main] DEBUG org.dbunit.dataset.datatype.AbstractDataType  - getSqlType() - start
146757 [main] DEBUG org.dbunit.dataset.Column  - nullableValue(nullable=1) - start
146757 [main] DEBUG org.dbunit.dataset.Column  - autoIncrementValue(isAutoIncrement=NO) - start
146757 [main] DEBUG org.dbunit.database.DatabaseTableMetaData  - getPrimaryKeys() - start
146757 [main] TRACE org.dbunit.database.DatabaseConfig  - getProperty(name=http://www.dbunit.org/properties/primaryKeyFilter) - start
146757 [main] DEBUG org.dbunit.database.DatabaseTableMetaData  - getPrimaryKeyNames() - start
146757 [main] DEBUG org.dbunit.database.DatabaseDataSourceConnection  - getConnection() - start
146757 [main] TRACE org.dbunit.database.DatabaseConfig  - getProperty(name=http://www.dbunit.org/properties/metadataHandler) - start
146757 [main] TRACE org.dbunit.database.DefaultMetadataHandler  - getPrimaryKeys(metaData=org.apache.commons.dbcp.DelegatingDatabaseMetaData@3babeec2, schemaName=null, tableName=SCOPEDCONTENTITEM) - start
146757 [main] DEBUG org.dbunit.database.DatabaseTableMetaData  - getName() - start
146757 [main] DEBUG org.dbunit.database.DatabaseTableMetaData  - getColumns() - start
146758 [main] DEBUG org.dbunit.dataset.Columns  - getColumns(columnNames=[ID], columns=[(ID, INTEGER, noNulls), (TIMESTAMP, TIMESTAMP, nullable), (CONTENT, VARCHAR, noNulls), (CSSCLASS, VARCHAR, nullable), (TAGNAME, VARCHAR, nullable), (TYPE, VARCHAR, nullable)]) - start
146758 [main] DEBUG org.dbunit.dataset.Columns  - getColumn(columnName=ID, columns=[(ID, INTEGER, noNulls), (TIMESTAMP, TIMESTAMP, nullable), (CONTENT, VARCHAR, noNulls), (CSSCLASS, VARCHAR, nullable), (TAGNAME, VARCHAR, nullable), (TYPE, VARCHAR, nullable)]) - start
146758 [main] DEBUG org.dbunit.dataset.OrderedTableNameMap  - update(tableName=ScopedContentItem, object=table=SCOPEDCONTENTITEM, cols=[(ID, INTEGER, noNulls), (TIMESTAMP, TIMESTAMP, nullable), (CONTENT, VARCHAR, noNulls), (CSSCLASS, VARCHAR, nullable), (TAGNAME, VARCHAR, nullable), (TYPE, VARCHAR, nullable)], pk=[(ID, INTEGER, noNulls)]) - start
146758 [main] DEBUG org.dbunit.dataset.OrderedTableNameMap  - getTableName(tableName=ScopedContentItem) - start
146758 [main] DEBUG org.dbunit.dataset.OrderedTableNameMap  - getTableName(tableName=ScopedContentItem) - end - result=SCOPEDCONTENTITEM
146758 [main] DEBUG org.dbunit.dataset.OrderedTableNameMap  - getTableName(tableName=ScopedContentItem) - start
146758 [main] DEBUG org.dbunit.dataset.OrderedTableNameMap  - getTableName(tableName=ScopedContentItem) - end - result=SCOPEDCONTENTITEM
146758 [main] DEBUG org.dbunit.operation.AbstractOperation  - getQualifiedName(prefix=null, name=SCOPEDCONTENTITEM, connection=_databaseConfig=org.dbunit.database.DatabaseConfig[, _propertyMap={http://www.dbunit.org/properties/statementFactory=org.dbunit.database.statement.PreparedStatementFactory@626bc2b8, http://www.dbunit.org/features/caseSensitiveTableNames=false, http://www.dbunit.org/properties/fetchSize=100, http://www.dbunit.org/features/batchedStatements=false, http://www.dbunit.org/properties/metadataHandler=org.dbunit.database.DefaultMetadataHandler@3bbfdfde, http://www.dbunit.org/properties/datatypeFactory=org.dbunit.dataset.datatype.DefaultDataTypeFactory[_toleratedDeltaMap=org.dbunit.dataset.datatype.ToleratedDeltaMap@6452310a], http://www.dbunit.org/properties/escapePattern=null, http://www.dbunit.org/properties/batchSize=100, http://www.dbunit.org/features/qualifiedTableNames=false, http://www.dbunit.org/properties/tableType=[Ljava.lang.String;@5011bafa, http://www.dbunit.org/properties/resultSetTableFactory=org.dbunit.database.CachedResultSetTableFactory@10bcf083, http://www.dbunit.org/features/datatypeWarning=true}], _dataSet=AbstractDataSet[_orderedTableNameMap=null]) - start
146758 [main] TRACE org.dbunit.database.DatabaseConfig  - getProperty(name=http://www.dbunit.org/properties/escapePattern) - start
146758 [main] DEBUG org.dbunit.util.QualifiedTableName  - getQualifiedName() - start
146758 [main] DEBUG org.dbunit.util.QualifiedTableName  - getQualifiedName(prefix=null, name=SCOPEDCONTENTITEM, escapePattern=null) - start
146758 [main] DEBUG org.dbunit.database.statement.SimpleStatement  - addBatch(sql=delete from SCOPEDCONTENTITEM) - start
146758 [main] DEBUG org.dbunit.operation.DeleteAllOperation  - Added SQL: delete from SCOPEDCONTENTITEM
146758 [main] DEBUG org.dbunit.database.DatabaseDataSet  - getTableMetaData(tableName=ScopedContentConditions_ScopedContent) - start
146758 [main] DEBUG org.dbunit.database.DatabaseDataSet  - initialize() - start
146758 [main] DEBUG org.dbunit.dataset.OrderedTableNameMap  - getTableName(tableName=ScopedContentConditions_ScopedContent) - start
146758 [main] DEBUG org.dbunit.dataset.OrderedTableNameMap  - getTableName(tableName=ScopedContentConditions_ScopedContent) - end - result=SCOPEDCONTENTCONDITIONS_SCOPEDCONTENT
146758 [main] DEBUG org.dbunit.dataset.OrderedTableNameMap  - getTableName(tableName=ScopedContentConditions_ScopedContent) - start
146758 [main] DEBUG org.dbunit.dataset.OrderedTableNameMap  - getTableName(tableName=ScopedContentConditions_ScopedContent) - end - result=SCOPEDCONTENTCONDITIONS_SCOPEDCONTENT
146758 [main] DEBUG org.dbunit.database.DatabaseDataSourceConnection  - getConnection() - start
146758 [main] TRACE org.dbunit.util.SQLHelper  - correctCase(tableName=ScopedContentConditions_ScopedContent, connection=Transaction-aware proxy for target Connection [jdbc:hsqldb:mem:kontrollDS, UserName=sw, HSQL Database Engine Driver]) - start
146758 [main] TRACE org.dbunit.util.SQLHelper  - correctCase(tableName=ScopedContentConditions_ScopedContent, databaseMetaData=org.apache.commons.dbcp.DelegatingDatabaseMetaData@37ee92cf) - start
146758 [main] TRACE org.dbunit.util.SQLHelper  - isEscaped(tableName=ScopedContentConditions_ScopedContent, dbIdentifierQuoteString=") - start
146758 [main] DEBUG org.dbunit.util.SQLHelper  - isEscaped returns 'false' for tableName=ScopedContentConditions_ScopedContent (dbIdentifierQuoteString=")
146759 [main] DEBUG org.dbunit.util.SQLHelper  - class org.dbunit.database.DatabaseTableMetaData. Corrected table name: oldValue=ScopedContentConditions_ScopedContent newValue=SCOPEDCONTENTCONDITIONS_SCOPEDCONTENT
146759 [main] DEBUG org.dbunit.database.DatabaseTableMetaData  - Validating if table 'SCOPEDCONTENTCONDITIONS_SCOPEDCONTENT' exists in schema 'null' ...
146759 [main] TRACE org.dbunit.database.DatabaseConfig  - getProperty(name=http://www.dbunit.org/properties/metadataHandler) - start
146759 [main] TRACE org.dbunit.database.DefaultMetadataHandler  - tableExists(metaData=org.apache.commons.dbcp.DelegatingDatabaseMetaData@fe870b9, schemaName=null, tableName=SCOPEDCONTENTCONDITIONS_SCOPEDCONTENT) - start
146760 [main] DEBUG org.dbunit.util.SQLHelper  - close(resultSet=org.apache.commons.dbcp.DelegatingResultSet@7019b62f) - start
146760 [main] DEBUG org.dbunit.database.DatabaseTableMetaData  - getColumns() - start
146760 [main] DEBUG org.dbunit.database.DatabaseDataSourceConnection  - getConnection() - start
146760 [main] TRACE org.dbunit.database.DatabaseConfig  - getProperty(name=http://www.dbunit.org/properties/metadataHandler) - start
146760 [main] TRACE org.dbunit.database.DefaultMetadataHandler  - getColumns(databaseMetaData=org.apache.commons.dbcp.DelegatingDatabaseMetaData@28080128, schemaName=null, tableName=SCOPEDCONTENTCONDITIONS_SCOPEDCONTENT) - start
146776 [main] TRACE org.dbunit.database.DatabaseConfig  - getProperty(name=http://www.dbunit.org/properties/datatypeFactory) - start
146776 [main] DEBUG org.dbunit.database.DatabaseDataSourceConnection  - getConnection() - start
146776 [main] WARN  org.dbunit.dataset.AbstractTableMetaData  - Potential problem found: The configured data type factory 'class org.dbunit.dataset.datatype.DefaultDataTypeFactory' might cause problems with the current database 'HSQL Database Engine' (e.g. some datatypes may not be supported properly). In rare cases you might see this message because the list of supported database products is incomplete (list=[derby]). If so please request a java-class update via the forums.If you are using your own IDataTypeFactory extending DefaultDataTypeFactory, ensure that you override getValidDbProducts() to specify the supported database products.
146777 [main] TRACE org.dbunit.database.DatabaseConfig  - getFeature(name=http://www.dbunit.org/features/datatypeWarning) - start
146777 [main] TRACE org.dbunit.database.DatabaseConfig  - getProperty(name=http://www.dbunit.org/features/datatypeWarning) - start
146777 [main] TRACE org.dbunit.database.DefaultMetadataHandler  - matches(columnsResultSet=org.apache.commons.dbcp.DelegatingResultSet@7c80269d, catalog=null, schema=null, table=SCOPEDCONTENTCONDITIONS_SCOPEDCONTENT, column=null, caseSensitive=false) - start
146777 [main] DEBUG org.dbunit.database.DefaultMetadataHandler  - Comparing the following values using caseSensitive=false (searched<=>actual): catalog: null<=>PUBLIC schema: null<=>PUBLIC table: SCOPEDCONTENTCONDITIONS_SCOPEDCONTENT<=>SCOPEDCONTENTCONDITIONS_SCOPEDCONTENT column: null<=>SCOPED_CONTENT_CONDITION_ID
146777 [main] DEBUG org.dbunit.dataset.datatype.DefaultDataTypeFactory  - createDataType(sqlType=4 , sqlTypeName=INTEGER, tableName=SCOPEDCONTENTCONDITIONS_SCOPEDCONTENT, columnName=SCOPED_CONTENT_CONDITION_ID) - start
146777 [main] DEBUG org.dbunit.dataset.datatype.DefaultDataTypeFactory  - createDataType(sqlType=4, sqlTypeName=INTEGER) - start
146777 [main] DEBUG org.dbunit.dataset.datatype.DataType  - forSqlType(sqlType=4) - start
146777 [main] DEBUG org.dbunit.dataset.datatype.AbstractDataType  - getSqlType() - start
146777 [main] DEBUG org.dbunit.dataset.datatype.AbstractDataType  - getSqlType() - start
146777 [main] DEBUG org.dbunit.dataset.datatype.AbstractDataType  - getSqlType() - start
146777 [main] DEBUG org.dbunit.dataset.datatype.AbstractDataType  - getSqlType() - start
146777 [main] DEBUG org.dbunit.dataset.datatype.AbstractDataType  - getSqlType() - start
146777 [main] DEBUG org.dbunit.dataset.datatype.AbstractDataType  - getSqlType() - start
146777 [main] DEBUG org.dbunit.dataset.datatype.AbstractDataType  - getSqlType() - start
146777 [main] DEBUG org.dbunit.dataset.datatype.AbstractDataType  - getSqlType() - start
146777 [main] DEBUG org.dbunit.dataset.datatype.AbstractDataType  - getSqlType() - start
146777 [main] DEBUG org.dbunit.dataset.datatype.AbstractDataType  - getSqlType() - start
146777 [main] DEBUG org.dbunit.dataset.datatype.AbstractDataType  - getSqlType() - start
146777 [main] DEBUG org.dbunit.dataset.datatype.AbstractDataType  - getSqlType() - start
146777 [main] DEBUG org.dbunit.dataset.Column  - nullableValue(nullable=0) - start
146777 [main] DEBUG org.dbunit.dataset.Column  - autoIncrementValue(isAutoIncrement=NO) - start
146777 [main] TRACE org.dbunit.database.DefaultMetadataHandler  - matches(columnsResultSet=org.apache.commons.dbcp.DelegatingResultSet@7c80269d, catalog=null, schema=null, table=SCOPEDCONTENTCONDITIONS_SCOPEDCONTENT, column=null, caseSensitive=false) - start
146777 [main] DEBUG org.dbunit.database.DefaultMetadataHandler  - Comparing the following values using caseSensitive=false (searched<=>actual): catalog: null<=>PUBLIC schema: null<=>PUBLIC table: SCOPEDCONTENTCONDITIONS_SCOPEDCONTENT<=>SCOPEDCONTENTCONDITIONS_SCOPEDCONTENT column: null<=>SCOPED_CONTENT_ID
146777 [main] DEBUG org.dbunit.dataset.datatype.DefaultDataTypeFactory  - createDataType(sqlType=4 , sqlTypeName=INTEGER, tableName=SCOPEDCONTENTCONDITIONS_SCOPEDCONTENT, columnName=SCOPED_CONTENT_ID) - start
146777 [main] DEBUG org.dbunit.dataset.datatype.DefaultDataTypeFactory  - createDataType(sqlType=4, sqlTypeName=INTEGER) - start
146777 [main] DEBUG org.dbunit.dataset.datatype.DataType  - forSqlType(sqlType=4) - start
146777 [main] DEBUG org.dbunit.dataset.datatype.AbstractDataType  - getSqlType() - start
146777 [main] DEBUG org.dbunit.dataset.datatype.AbstractDataType  - getSqlType() - start
146777 [main] DEBUG org.dbunit.dataset.datatype.AbstractDataType  - getSqlType() - start
146777 [main] DEBUG org.dbunit.dataset.datatype.AbstractDataType  - getSqlType() - start
146777 [main] DEBUG org.dbunit.dataset.datatype.AbstractDataType  - getSqlType() - start
146777 [main] DEBUG org.dbunit.dataset.datatype.AbstractDataType  - getSqlType() - start
146778 [main] DEBUG org.dbunit.dataset.datatype.AbstractDataType  - getSqlType() - start
146778 [main] DEBUG org.dbunit.dataset.datatype.AbstractDataType  - getSqlType() - start
146778 [main] DEBUG org.dbunit.dataset.datatype.AbstractDataType  - getSqlType() - start
146778 [main] DEBUG org.dbunit.dataset.datatype.AbstractDataType  - getSqlType() - start
146778 [main] DEBUG org.dbunit.dataset.datatype.AbstractDataType  - getSqlType() - start
146778 [main] DEBUG org.dbunit.dataset.datatype.AbstractDataType  - getSqlType() - start
146778 [main] DEBUG org.dbunit.dataset.Column  - nullableValue(nullable=0) - start
146778 [main] DEBUG org.dbunit.dataset.Column  - autoIncrementValue(isAutoIncrement=NO) - start
146778 [main] DEBUG org.dbunit.database.DatabaseTableMetaData  - getPrimaryKeys() - start
146778 [main] TRACE org.dbunit.database.DatabaseConfig  - getProperty(name=http://www.dbunit.org/properties/primaryKeyFilter) - start
146778 [main] DEBUG org.dbunit.database.DatabaseTableMetaData  - getPrimaryKeyNames() - start
146778 [main] DEBUG org.dbunit.database.DatabaseDataSourceConnection  - getConnection() - start
146778 [main] TRACE org.dbunit.database.DatabaseConfig  - getProperty(name=http://www.dbunit.org/properties/metadataHandler) - start
146778 [main] TRACE org.dbunit.database.DefaultMetadataHandler  - getPrimaryKeys(metaData=org.apache.commons.dbcp.DelegatingDatabaseMetaData@41674d46, schemaName=null, tableName=SCOPEDCONTENTCONDITIONS_SCOPEDCONTENT) - start
146778 [main] DEBUG org.dbunit.database.DatabaseTableMetaData  - getColumns() - start
146778 [main] DEBUG org.dbunit.dataset.Columns  - getColumns(columnNames=[], columns=[(SCOPED_CONTENT_CONDITION_ID, INTEGER, noNulls), (SCOPED_CONTENT_ID, INTEGER, noNulls)]) - start
146778 [main] DEBUG org.dbunit.dataset.OrderedTableNameMap  - update(tableName=ScopedContentConditions_ScopedContent, object=table=SCOPEDCONTENTCONDITIONS_SCOPEDCONTENT, cols=[(SCOPED_CONTENT_CONDITION_ID, INTEGER, noNulls), (SCOPED_CONTENT_ID, INTEGER, noNulls)], pk=[]) - start
146778 [main] DEBUG org.dbunit.dataset.OrderedTableNameMap  - getTableName(tableName=ScopedContentConditions_ScopedContent) - start
146778 [main] DEBUG org.dbunit.dataset.OrderedTableNameMap  - getTableName(tableName=ScopedContentConditions_ScopedContent) - end - result=SCOPEDCONTENTCONDITIONS_SCOPEDCONTENT
146779 [main] DEBUG org.dbunit.dataset.OrderedTableNameMap  - getTableName(tableName=ScopedContentConditions_ScopedContent) - start
146779 [main] DEBUG org.dbunit.dataset.OrderedTableNameMap  - getTableName(tableName=ScopedContentConditions_ScopedContent) - end - result=SCOPEDCONTENTCONDITIONS_SCOPEDCONTENT
146779 [main] DEBUG org.dbunit.operation.AbstractOperation  - getQualifiedName(prefix=null, name=SCOPEDCONTENTCONDITIONS_SCOPEDCONTENT, connection=_databaseConfig=org.dbunit.database.DatabaseConfig[, _propertyMap={http://www.dbunit.org/properties/statementFactory=org.dbunit.database.statement.PreparedStatementFactory@626bc2b8, http://www.dbunit.org/features/caseSensitiveTableNames=false, http://www.dbunit.org/properties/fetchSize=100, http://www.dbunit.org/features/batchedStatements=false, http://www.dbunit.org/properties/metadataHandler=org.dbunit.database.DefaultMetadataHandler@3bbfdfde, http://www.dbunit.org/properties/datatypeFactory=org.dbunit.dataset.datatype.DefaultDataTypeFactory[_toleratedDeltaMap=org.dbunit.dataset.datatype.ToleratedDeltaMap@6452310a], http://www.dbunit.org/properties/escapePattern=null, http://www.dbunit.org/properties/batchSize=100, http://www.dbunit.org/features/qualifiedTableNames=false, http://www.dbunit.org/properties/tableType=[Ljava.lang.String;@5011bafa, http://www.dbunit.org/properties/resultSetTableFactory=org.dbunit.database.CachedResultSetTableFactory@10bcf083, http://www.dbunit.org/features/datatypeWarning=true}], _dataSet=AbstractDataSet[_orderedTableNameMap=null]) - start
146779 [main] TRACE org.dbunit.database.DatabaseConfig  - getProperty(name=http://www.dbunit.org/properties/escapePattern) - start
146779 [main] DEBUG org.dbunit.util.QualifiedTableName  - getQualifiedName() - start
146779 [main] DEBUG org.dbunit.util.QualifiedTableName  - getQualifiedName(prefix=null, name=SCOPEDCONTENTCONDITIONS_SCOPEDCONTENT, escapePattern=null) - start
146779 [main] DEBUG org.dbunit.database.statement.SimpleStatement  - addBatch(sql=delete from SCOPEDCONTENTCONDITIONS_SCOPEDCONTENT) - start
146779 [main] DEBUG org.dbunit.operation.DeleteAllOperation  - Added SQL: delete from SCOPEDCONTENTCONDITIONS_SCOPEDCONTENT
146779 [main] DEBUG org.dbunit.database.DatabaseDataSet  - getTableMetaData(tableName=ScopedContentConditionAttribute) - start
146779 [main] DEBUG org.dbunit.database.DatabaseDataSet  - initialize() - start
146779 [main] DEBUG org.dbunit.dataset.OrderedTableNameMap  - getTableName(tableName=ScopedContentConditionAttribute) - start
146779 [main] DEBUG org.dbunit.dataset.OrderedTableNameMap  - getTableName(tableName=ScopedContentConditionAttribute) - end - result=SCOPEDCONTENTCONDITIONATTRIBUTE
146779 [main] DEBUG org.dbunit.dataset.OrderedTableNameMap  - getTableName(tableName=ScopedContentConditionAttribute) - start
146779 [main] DEBUG org.dbunit.dataset.OrderedTableNameMap  - getTableName(tableName=ScopedContentConditionAttribute) - end - result=SCOPEDCONTENTCONDITIONATTRIBUTE
146779 [main] DEBUG org.dbunit.database.DatabaseDataSourceConnection  - getConnection() - start
146779 [main] TRACE org.dbunit.util.SQLHelper  - correctCase(tableName=ScopedContentConditionAttribute, connection=Transaction-aware proxy for target Connection [jdbc:hsqldb:mem:kontrollDS, UserName=sw, HSQL Database Engine Driver]) - start
146779 [main] TRACE org.dbunit.util.SQLHelper  - correctCase(tableName=ScopedContentConditionAttribute, databaseMetaData=org.apache.commons.dbcp.DelegatingDatabaseMetaData@2f0f46ca) - start
146779 [main] TRACE org.dbunit.util.SQLHelper  - isEscaped(tableName=ScopedContentConditionAttribute, dbIdentifierQuoteString=") - start
146779 [main] DEBUG org.dbunit.util.SQLHelper  - isEscaped returns 'false' for tableName=ScopedContentConditionAttribute (dbIdentifierQuoteString=")
146779 [main] DEBUG org.dbunit.util.SQLHelper  - class org.dbunit.database.DatabaseTableMetaData. Corrected table name: oldValue=ScopedContentConditionAttribute newValue=SCOPEDCONTENTCONDITIONATTRIBUTE
146779 [main] DEBUG org.dbunit.database.DatabaseTableMetaData  - Validating if table 'SCOPEDCONTENTCONDITIONATTRIBUTE' exists in schema 'null' ...
146779 [main] TRACE org.dbunit.database.DatabaseConfig  - getProperty(name=http://www.dbunit.org/properties/metadataHandler) - start
146779 [main] TRACE org.dbunit.database.DefaultMetadataHandler  - tableExists(metaData=org.apache.commons.dbcp.DelegatingDatabaseMetaData@13f08fe9, schemaName=null, tableName=SCOPEDCONTENTCONDITIONATTRIBUTE) - start
146780 [main] DEBUG org.dbunit.util.SQLHelper  - close(resultSet=org.apache.commons.dbcp.DelegatingResultSet@2577b5b5) - start
146781 [main] DEBUG org.dbunit.database.DatabaseTableMetaData  - getColumns() - start
146781 [main] DEBUG org.dbunit.database.DatabaseDataSourceConnection  - getConnection() - start
146781 [main] TRACE org.dbunit.database.DatabaseConfig  - getProperty(name=http://www.dbunit.org/properties/metadataHandler) - start
146781 [main] TRACE org.dbunit.database.DefaultMetadataHandler  - getColumns(databaseMetaData=org.apache.commons.dbcp.DelegatingDatabaseMetaData@563a914a, schemaName=null, tableName=SCOPEDCONTENTCONDITIONATTRIBUTE) - start
146797 [main] TRACE org.dbunit.database.DatabaseConfig  - getProperty(name=http://www.dbunit.org/properties/datatypeFactory) - start
146797 [main] DEBUG org.dbunit.database.DatabaseDataSourceConnection  - getConnection() - start
146797 [main] WARN  org.dbunit.dataset.AbstractTableMetaData  - Potential problem found: The configured data type factory 'class org.dbunit.dataset.datatype.DefaultDataTypeFactory' might cause problems with the current database 'HSQL Database Engine' (e.g. some datatypes may not be supported properly). In rare cases you might see this message because the list of supported database products is incomplete (list=[derby]). If so please request a java-class update via the forums.If you are using your own IDataTypeFactory extending DefaultDataTypeFactory, ensure that you override getValidDbProducts() to specify the supported database products.
146797 [main] TRACE org.dbunit.database.DatabaseConfig  - getFeature(name=http://www.dbunit.org/features/datatypeWarning) - start
146797 [main] TRACE org.dbunit.database.DatabaseConfig  - getProperty(name=http://www.dbunit.org/features/datatypeWarning) - start
146797 [main] TRACE org.dbunit.database.DefaultMetadataHandler  - matches(columnsResultSet=org.apache.commons.dbcp.DelegatingResultSet@11412e73, catalog=null, schema=null, table=SCOPEDCONTENTCONDITIONATTRIBUTE, column=null, caseSensitive=false) - start
146797 [main] DEBUG org.dbunit.database.DefaultMetadataHandler  - Comparing the following values using caseSensitive=false (searched<=>actual): catalog: null<=>PUBLIC schema: null<=>PUBLIC table: SCOPEDCONTENTCONDITIONATTRIBUTE<=>SCOPEDCONTENTCONDITIONATTRIBUTE column: null<=>ID
146797 [main] DEBUG org.dbunit.dataset.datatype.DefaultDataTypeFactory  - createDataType(sqlType=4 , sqlTypeName=INTEGER, tableName=SCOPEDCONTENTCONDITIONATTRIBUTE, columnName=ID) - start
146797 [main] DEBUG org.dbunit.dataset.datatype.DefaultDataTypeFactory  - createDataType(sqlType=4, sqlTypeName=INTEGER) - start
146797 [main] DEBUG org.dbunit.dataset.datatype.DataType  - forSqlType(sqlType=4) - start
146797 [main] DEBUG org.dbunit.dataset.datatype.AbstractDataType  - getSqlType() - start
146797 [main] DEBUG org.dbunit.dataset.datatype.AbstractDataType  - getSqlType() - start
146797 [main] DEBUG org.dbunit.dataset.datatype.AbstractDataType  - getSqlType() - start
146797 [main] DEBUG org.dbunit.dataset.datatype.AbstractDataType  - getSqlType() - start
146797 [main] DEBUG org.dbunit.dataset.datatype.AbstractDataType  - getSqlType() - start
146797 [main] DEBUG org.dbunit.dataset.datatype.AbstractDataType  - getSqlType() - start
146797 [main] DEBUG org.dbunit.dataset.datatype.AbstractDataType  - getSqlType() - start
146797 [main] DEBUG org.dbunit.dataset.datatype.AbstractDataType  - getSqlType() - start
146797 [main] DEBUG org.dbunit.dataset.datatype.AbstractDataType  - getSqlType() - start
146797 [main] DEBUG org.dbunit.dataset.datatype.AbstractDataType  - getSqlType() - start
146797 [main] DEBUG org.dbunit.dataset.datatype.AbstractDataType  - getSqlType() - start
146797 [main] DEBUG org.dbunit.dataset.datatype.AbstractDataType  - getSqlType() - start
146797 [main] DEBUG org.dbunit.dataset.Column  - nullableValue(nullable=0) - start
146797 [main] DEBUG org.dbunit.dataset.Column  - autoIncrementValue(isAutoIncrement=YES) - start
146797 [main] TRACE org.dbunit.database.DefaultMetadataHandler  - matches(columnsResultSet=org.apache.commons.dbcp.DelegatingResultSet@11412e73, catalog=null, schema=null, table=SCOPEDCONTENTCONDITIONATTRIBUTE, column=null, caseSensitive=false) - start
146798 [main] DEBUG org.dbunit.database.DefaultMetadataHandler  - Comparing the following values using caseSensitive=false (searched<=>actual): catalog: null<=>PUBLIC schema: null<=>PUBLIC table: SCOPEDCONTENTCONDITIONATTRIBUTE<=>SCOPEDCONTENTCONDITIONATTRIBUTE column: null<=>TIMESTAMP
146801 [main] DEBUG org.dbunit.dataset.datatype.DefaultDataTypeFactory  - createDataType(sqlType=93 , sqlTypeName=TIMESTAMP, tableName=SCOPEDCONTENTCONDITIONATTRIBUTE, columnName=TIMESTAMP) - start
146801 [main] DEBUG org.dbunit.dataset.datatype.DefaultDataTypeFactory  - createDataType(sqlType=93, sqlTypeName=TIMESTAMP) - start
146801 [main] DEBUG org.dbunit.dataset.datatype.DataType  - forSqlType(sqlType=93) - start
146801 [main] DEBUG org.dbunit.dataset.datatype.AbstractDataType  - getSqlType() - start
146801 [main] DEBUG org.dbunit.dataset.datatype.AbstractDataType  - getSqlType() - start
146801 [main] DEBUG org.dbunit.dataset.datatype.AbstractDataType  - getSqlType() - start
146801 [main] DEBUG org.dbunit.dataset.datatype.AbstractDataType  - getSqlType() - start
146801 [main] DEBUG org.dbunit.dataset.datatype.AbstractDataType  - getSqlType() - start
146801 [main] DEBUG org.dbunit.dataset.datatype.AbstractDataType  - getSqlType() - start
146801 [main] DEBUG org.dbunit.dataset.datatype.AbstractDataType  - getSqlType() - start
146801 [main] DEBUG org.dbunit.dataset.datatype.AbstractDataType  - getSqlType() - start
146801 [main] DEBUG org.dbunit.dataset.datatype.AbstractDataType  - getSqlType() - start
146801 [main] DEBUG org.dbunit.dataset.datatype.AbstractDataType  - getSqlType() - start
146801 [main] DEBUG org.dbunit.dataset.datatype.AbstractDataType  - getSqlType() - start
146801 [main] DEBUG org.dbunit.dataset.datatype.AbstractDataType  - getSqlType() - start
146802 [main] DEBUG org.dbunit.dataset.datatype.AbstractDataType  - getSqlType() - start
146802 [main] DEBUG org.dbunit.dataset.datatype.AbstractDataType  - getSqlType() - start
146802 [main] DEBUG org.dbunit.dataset.datatype.AbstractDataType  - getSqlType() - start
146802 [main] DEBUG org.dbunit.dataset.datatype.AbstractDataType  - getSqlType() - start
146802 [main] DEBUG org.dbunit.dataset.datatype.AbstractDataType  - getSqlType() - start
146802 [main] DEBUG org.dbunit.dataset.datatype.AbstractDataType  - getSqlType() - start
146802 [main] DEBUG org.dbunit.dataset.datatype.AbstractDataType  - getSqlType() - start
146802 [main] DEBUG org.dbunit.dataset.datatype.AbstractDataType  - getSqlType() - start
146802 [main] DEBUG org.dbunit.dataset.datatype.AbstractDataType  - getSqlType() - start
146802 [main] DEBUG org.dbunit.dataset.Column  - nullableValue(nullable=1) - start
146802 [main] DEBUG org.dbunit.dataset.Column  - autoIncrementValue(isAutoIncrement=NO) - start
146802 [main] TRACE org.dbunit.database.DefaultMetadataHandler  - matches(columnsResultSet=org.apache.commons.dbcp.DelegatingResultSet@11412e73, catalog=null, schema=null, table=SCOPEDCONTENTCONDITIONATTRIBUTE, column=null, caseSensitive=false) - start
146802 [main] DEBUG org.dbunit.database.DefaultMetadataHandler  - Comparing the following values using caseSensitive=false (searched<=>actual): catalog: null<=>PUBLIC schema: null<=>PUBLIC table: SCOPEDCONTENTCONDITIONATTRIBUTE<=>SCOPEDCONTENTCONDITIONATTRIBUTE column: null<=>CHECKORDER
146802 [main] DEBUG org.dbunit.dataset.datatype.DefaultDataTypeFactory  - createDataType(sqlType=4 , sqlTypeName=INTEGER, tableName=SCOPEDCONTENTCONDITIONATTRIBUTE, columnName=CHECKORDER) - start
146802 [main] DEBUG org.dbunit.dataset.datatype.DefaultDataTypeFactory  - createDataType(sqlType=4, sqlTypeName=INTEGER) - start
146802 [main] DEBUG org.dbunit.dataset.datatype.DataType  - forSqlType(sqlType=4) - start
146802 [main] DEBUG org.dbunit.dataset.datatype.AbstractDataType  - getSqlType() - start
146802 [main] DEBUG org.dbunit.dataset.datatype.AbstractDataType  - getSqlType() - start
146802 [main] DEBUG org.dbunit.dataset.datatype.AbstractDataType  - getSqlType() - start
146802 [main] DEBUG org.dbunit.dataset.datatype.AbstractDataType  - getSqlType() - start
146802 [main] DEBUG org.dbunit.dataset.datatype.AbstractDataType  - getSqlType() - start
146802 [main] DEBUG org.dbunit.dataset.datatype.AbstractDataType  - getSqlType() - start
146803 [main] DEBUG org.dbunit.dataset.datatype.AbstractDataType  - getSqlType() - start
146803 [main] DEBUG org.dbunit.dataset.datatype.AbstractDataType  - getSqlType() - start
146803 [main] DEBUG org.dbunit.dataset.datatype.AbstractDataType  - getSqlType() - start
146803 [main] DEBUG org.dbunit.dataset.datatype.AbstractDataType  - getSqlType() - start
146803 [main] DEBUG org.dbunit.dataset.datatype.AbstractDataType  - getSqlType() - start
146803 [main] DEBUG org.dbunit.dataset.datatype.AbstractDataType  - getSqlType() - start
146803 [main] DEBUG org.dbunit.dataset.Column  - nullableValue(nullable=0) - start
146803 [main] DEBUG org.dbunit.dataset.Column  - autoIncrementValue(isAutoIncrement=NO) - start
146803 [main] TRACE org.dbunit.database.DefaultMetadataHandler  - matches(columnsResultSet=org.apache.commons.dbcp.DelegatingResultSet@11412e73, catalog=null, schema=null, table=SCOPEDCONTENTCONDITIONATTRIBUTE, column=null, caseSensitive=false) - start
146803 [main] DEBUG org.dbunit.database.DefaultMetadataHandler  - Comparing the following values using caseSensitive=false (searched<=>actual): catalog: null<=>PUBLIC schema: null<=>PUBLIC table: SCOPEDCONTENTCONDITIONATTRIBUTE<=>SCOPEDCONTENTCONDITIONATTRIBUTE column: null<=>CLASSNAME
146803 [main] DEBUG org.dbunit.dataset.datatype.DefaultDataTypeFactory  - createDataType(sqlType=12 , sqlTypeName=VARCHAR, tableName=SCOPEDCONTENTCONDITIONATTRIBUTE, columnName=CLASSNAME) - start
146804 [main] DEBUG org.dbunit.dataset.datatype.DefaultDataTypeFactory  - createDataType(sqlType=12, sqlTypeName=VARCHAR) - start
146804 [main] DEBUG org.dbunit.dataset.datatype.DataType  - forSqlType(sqlType=12) - start
146804 [main] DEBUG org.dbunit.dataset.datatype.AbstractDataType  - getSqlType() - start
146804 [main] DEBUG org.dbunit.dataset.Column  - nullableValue(nullable=0) - start
146804 [main] DEBUG org.dbunit.dataset.Column  - autoIncrementValue(isAutoIncrement=NO) - start
146804 [main] TRACE org.dbunit.database.DefaultMetadataHandler  - matches(columnsResultSet=org.apache.commons.dbcp.DelegatingResultSet@11412e73, catalog=null, schema=null, table=SCOPEDCONTENTCONDITIONATTRIBUTE, column=null, caseSensitive=false) - start
146804 [main] DEBUG org.dbunit.database.DefaultMetadataHandler  - Comparing the following values using caseSensitive=false (searched<=>actual): catalog: null<=>PUBLIC schema: null<=>PUBLIC table: SCOPEDCONTENTCONDITIONATTRIBUTE<=>SCOPEDCONTENTCONDITIONATTRIBUTE column: null<=>EXPECTEDVALUE
146804 [main] DEBUG org.dbunit.dataset.datatype.DefaultDataTypeFactory  - createDataType(sqlType=12 , sqlTypeName=VARCHAR, tableName=SCOPEDCONTENTCONDITIONATTRIBUTE, columnName=EXPECTEDVALUE) - start
146804 [main] DEBUG org.dbunit.dataset.datatype.DefaultDataTypeFactory  - createDataType(sqlType=12, sqlTypeName=VARCHAR) - start
146804 [main] DEBUG org.dbunit.dataset.datatype.DataType  - forSqlType(sqlType=12) - start
146804 [main] DEBUG org.dbunit.dataset.datatype.AbstractDataType  - getSqlType() - start
146804 [main] DEBUG org.dbunit.dataset.Column  - nullableValue(nullable=0) - start
146804 [main] DEBUG org.dbunit.dataset.Column  - autoIncrementValue(isAutoIncrement=NO) - start
146805 [main] TRACE org.dbunit.database.DefaultMetadataHandler  - matches(columnsResultSet=org.apache.commons.dbcp.DelegatingResultSet@11412e73, catalog=null, schema=null, table=SCOPEDCONTENTCONDITIONATTRIBUTE, column=null, caseSensitive=false) - start
146805 [main] DEBUG org.dbunit.database.DefaultMetadataHandler  - Comparing the following values using caseSensitive=false (searched<=>actual): catalog: null<=>PUBLIC schema: null<=>PUBLIC table: SCOPEDCONTENTCONDITIONATTRIBUTE<=>SCOPEDCONTENTCONDITIONATTRIBUTE column: null<=>EXPECTEDVALUETYPE
146805 [main] DEBUG org.dbunit.dataset.datatype.DefaultDataTypeFactory  - createDataType(sqlType=12 , sqlTypeName=VARCHAR, tableName=SCOPEDCONTENTCONDITIONATTRIBUTE, columnName=EXPECTEDVALUETYPE) - start
146805 [main] DEBUG org.dbunit.dataset.datatype.DefaultDataTypeFactory  - createDataType(sqlType=12, sqlTypeName=VARCHAR) - start
146805 [main] DEBUG org.dbunit.dataset.datatype.DataType  - forSqlType(sqlType=12) - start
146805 [main] DEBUG org.dbunit.dataset.datatype.AbstractDataType  - getSqlType() - start
146805 [main] DEBUG org.dbunit.dataset.Column  - nullableValue(nullable=0) - start
146805 [main] DEBUG org.dbunit.dataset.Column  - autoIncrementValue(isAutoIncrement=NO) - start
146805 [main] TRACE org.dbunit.database.DefaultMetadataHandler  - matches(columnsResultSet=org.apache.commons.dbcp.DelegatingResultSet@11412e73, catalog=null, schema=null, table=SCOPEDCONTENTCONDITIONATTRIBUTE, column=null, caseSensitive=false) - start
146805 [main] DEBUG org.dbunit.database.DefaultMetadataHandler  - Comparing the following values using caseSensitive=false (searched<=>actual): catalog: null<=>PUBLIC schema: null<=>PUBLIC table: SCOPEDCONTENTCONDITIONATTRIBUTE<=>SCOPEDCONTENTCONDITIONATTRIBUTE column: null<=>KEY
146805 [main] DEBUG org.dbunit.dataset.datatype.DefaultDataTypeFactory  - createDataType(sqlType=12 , sqlTypeName=VARCHAR, tableName=SCOPEDCONTENTCONDITIONATTRIBUTE, columnName=KEY) - start
146805 [main] DEBUG org.dbunit.dataset.datatype.DefaultDataTypeFactory  - createDataType(sqlType=12, sqlTypeName=VARCHAR) - start
146805 [main] DEBUG org.dbunit.dataset.datatype.DataType  - forSqlType(sqlType=12) - start
146805 [main] DEBUG org.dbunit.dataset.datatype.AbstractDataType  - getSqlType() - start
146805 [main] DEBUG org.dbunit.dataset.Column  - nullableValue(nullable=0) - start
146805 [main] DEBUG org.dbunit.dataset.Column  - autoIncrementValue(isAutoIncrement=NO) - start
146805 [main] TRACE org.dbunit.database.DefaultMetadataHandler  - matches(columnsResultSet=org.apache.commons.dbcp.DelegatingResultSet@11412e73, catalog=null, schema=null, table=SCOPEDCONTENTCONDITIONATTRIBUTE, column=null, caseSensitive=false) - start
146805 [main] DEBUG org.dbunit.database.DefaultMetadataHandler  - Comparing the following values using caseSensitive=false (searched<=>actual): catalog: null<=>PUBLIC schema: null<=>PUBLIC table: SCOPEDCONTENTCONDITIONATTRIBUTE<=>SCOPEDCONTENTCONDITIONATTRIBUTE column: null<=>OPERATOR
146805 [main] DEBUG org.dbunit.dataset.datatype.DefaultDataTypeFactory  - createDataType(sqlType=12 , sqlTypeName=VARCHAR, tableName=SCOPEDCONTENTCONDITIONATTRIBUTE, columnName=OPERATOR) - start
146805 [main] DEBUG org.dbunit.dataset.datatype.DefaultDataTypeFactory  - createDataType(sqlType=12, sqlTypeName=VARCHAR) - start
146805 [main] DEBUG org.dbunit.dataset.datatype.DataType  - forSqlType(sqlType=12) - start
146805 [main] DEBUG org.dbunit.dataset.datatype.AbstractDataType  - getSqlType() - start
146805 [main] DEBUG org.dbunit.dataset.Column  - nullableValue(nullable=0) - start
146805 [main] DEBUG org.dbunit.dataset.Column  - autoIncrementValue(isAutoIncrement=NO) - start
146806 [main] TRACE org.dbunit.database.DefaultMetadataHandler  - matches(columnsResultSet=org.apache.commons.dbcp.DelegatingResultSet@11412e73, catalog=null, schema=null, table=SCOPEDCONTENTCONDITIONATTRIBUTE, column=null, caseSensitive=false) - start
146806 [main] DEBUG org.dbunit.database.DefaultMetadataHandler  - Comparing the following values using caseSensitive=false (searched<=>actual): catalog: null<=>PUBLIC schema: null<=>PUBLIC table: SCOPEDCONTENTCONDITIONATTRIBUTE<=>SCOPEDCONTENTCONDITIONATTRIBUTE column: null<=>VALUEPATH
146806 [main] DEBUG org.dbunit.dataset.datatype.DefaultDataTypeFactory  - createDataType(sqlType=12 , sqlTypeName=VARCHAR, tableName=SCOPEDCONTENTCONDITIONATTRIBUTE, columnName=VALUEPATH) - start
146806 [main] DEBUG org.dbunit.dataset.datatype.DefaultDataTypeFactory  - createDataType(sqlType=12, sqlTypeName=VARCHAR) - start
146806 [main] DEBUG org.dbunit.dataset.datatype.DataType  - forSqlType(sqlType=12) - start
146806 [main] DEBUG org.dbunit.dataset.datatype.AbstractDataType  - getSqlType() - start
146806 [main] DEBUG org.dbunit.dataset.Column  - nullableValue(nullable=0) - start
146806 [main] DEBUG org.dbunit.dataset.Column  - autoIncrementValue(isAutoIncrement=NO) - start
146806 [main] TRACE org.dbunit.database.DefaultMetadataHandler  - matches(columnsResultSet=org.apache.commons.dbcp.DelegatingResultSet@11412e73, catalog=null, schema=null, table=SCOPEDCONTENTCONDITIONATTRIBUTE, column=null, caseSensitive=false) - start
146806 [main] DEBUG org.dbunit.database.DefaultMetadataHandler  - Comparing the following values using caseSensitive=false (searched<=>actual): catalog: null<=>PUBLIC schema: null<=>PUBLIC table: SCOPEDCONTENTCONDITIONATTRIBUTE<=>SCOPEDCONTENTCONDITIONATTRIBUTE column: null<=>SCOPEDCONTENTCONDITION
146806 [main] DEBUG org.dbunit.dataset.datatype.DefaultDataTypeFactory  - createDataType(sqlType=4 , sqlTypeName=INTEGER, tableName=SCOPEDCONTENTCONDITIONATTRIBUTE, columnName=SCOPEDCONTENTCONDITION) - start
146806 [main] DEBUG org.dbunit.dataset.datatype.DefaultDataTypeFactory  - createDataType(sqlType=4, sqlTypeName=INTEGER) - start
146806 [main] DEBUG org.dbunit.dataset.datatype.DataType  - forSqlType(sqlType=4) - start
146806 [main] DEBUG org.dbunit.dataset.datatype.AbstractDataType  - getSqlType() - start
146806 [main] DEBUG org.dbunit.dataset.datatype.AbstractDataType  - getSqlType() - start
146806 [main] DEBUG org.dbunit.dataset.datatype.AbstractDataType  - getSqlType() - start
146806 [main] DEBUG org.dbunit.dataset.datatype.AbstractDataType  - getSqlType() - start
146806 [main] DEBUG org.dbunit.dataset.datatype.AbstractDataType  - getSqlType() - start
146806 [main] DEBUG org.dbunit.dataset.datatype.AbstractDataType  - getSqlType() - start
146806 [main] DEBUG org.dbunit.dataset.datatype.AbstractDataType  - getSqlType() - start
146806 [main] DEBUG org.dbunit.dataset.datatype.AbstractDataType  - getSqlType() - start
146806 [main] DEBUG org.dbunit.dataset.datatype.AbstractDataType  - getSqlType() - start
146806 [main] DEBUG org.dbunit.dataset.datatype.AbstractDataType  - getSqlType() - start
146806 [main] DEBUG org.dbunit.dataset.datatype.AbstractDataType  - getSqlType() - start
146807 [main] DEBUG org.dbunit.dataset.datatype.AbstractDataType  - getSqlType() - start
146807 [main] DEBUG org.dbunit.dataset.Column  - nullableValue(nullable=0) - start
146807 [main] DEBUG org.dbunit.dataset.Column  - autoIncrementValue(isAutoIncrement=NO) - start
146807 [main] DEBUG org.dbunit.database.DatabaseTableMetaData  - getPrimaryKeys() - start
146807 [main] TRACE org.dbunit.database.DatabaseConfig  - getProperty(name=http://www.dbunit.org/properties/primaryKeyFilter) - start
146807 [main] DEBUG org.dbunit.database.DatabaseTableMetaData  - getPrimaryKeyNames() - start
146807 [main] DEBUG org.dbunit.database.DatabaseDataSourceConnection  - getConnection() - start
146807 [main] TRACE org.dbunit.database.DatabaseConfig  - getProperty(name=http://www.dbunit.org/properties/metadataHandler) - start
146807 [main] TRACE org.dbunit.database.DefaultMetadataHandler  - getPrimaryKeys(metaData=org.apache.commons.dbcp.DelegatingDatabaseMetaData@4e5088de, schemaName=null, tableName=SCOPEDCONTENTCONDITIONATTRIBUTE) - start
146807 [main] DEBUG org.dbunit.database.DatabaseTableMetaData  - getName() - start
146807 [main] DEBUG org.dbunit.database.DatabaseTableMetaData  - getColumns() - start
146807 [main] DEBUG org.dbunit.dataset.Columns  - getColumns(columnNames=[ID], columns=[(ID, INTEGER, noNulls), (TIMESTAMP, TIMESTAMP, nullable), (CHECKORDER, INTEGER, noNulls), (CLASSNAME, VARCHAR, noNulls), (EXPECTEDVALUE, VARCHAR, noNulls), (EXPECTEDVALUETYPE, VARCHAR, noNulls), (KEY, VARCHAR, noNulls), (OPERATOR, VARCHAR, noNulls), (VALUEPATH, VARCHAR, noNulls), (SCOPEDCONTENTCONDITION, INTEGER, noNulls)]) - start
146808 [main] DEBUG org.dbunit.dataset.Columns  - getColumn(columnName=ID, columns=[(ID, INTEGER, noNulls), (TIMESTAMP, TIMESTAMP, nullable), (CHECKORDER, INTEGER, noNulls), (CLASSNAME, VARCHAR, noNulls), (EXPECTEDVALUE, VARCHAR, noNulls), (EXPECTEDVALUETYPE, VARCHAR, noNulls), (KEY, VARCHAR, noNulls), (OPERATOR, VARCHAR, noNulls), (VALUEPATH, VARCHAR, noNulls), (SCOPEDCONTENTCONDITION, INTEGER, noNulls)]) - start
146808 [main] DEBUG org.dbunit.dataset.OrderedTableNameMap  - update(tableName=ScopedContentConditionAttribute, object=table=SCOPEDCONTENTCONDITIONATTRIBUTE, cols=[(ID, INTEGER, noNulls), (TIMESTAMP, TIMESTAMP, nullable), (CHECKORDER, INTEGER, noNulls), (CLASSNAME, VARCHAR, noNulls), (EXPECTEDVALUE, VARCHAR, noNulls), (EXPECTEDVALUETYPE, VARCHAR, noNulls), (KEY, VARCHAR, noNulls), (OPERATOR, VARCHAR, noNulls), (VALUEPATH, VARCHAR, noNulls), (SCOPEDCONTENTCONDITION, INTEGER, noNulls)], pk=[(ID, INTEGER, noNulls)]) - start
146808 [main] DEBUG org.dbunit.dataset.OrderedTableNameMap  - getTableName(tableName=ScopedContentConditionAttribute) - start
146808 [main] DEBUG org.dbunit.dataset.OrderedTableNameMap  - getTableName(tableName=ScopedContentConditionAttribute) - end - result=SCOPEDCONTENTCONDITIONATTRIBUTE
146808 [main] DEBUG org.dbunit.dataset.OrderedTableNameMap  - getTableName(tableName=ScopedContentConditionAttribute) - start
146808 [main] DEBUG org.dbunit.dataset.OrderedTableNameMap  - getTableName(tableName=ScopedContentConditionAttribute) - end - result=SCOPEDCONTENTCONDITIONATTRIBUTE
146808 [main] DEBUG org.dbunit.operation.AbstractOperation  - getQualifiedName(prefix=null, name=SCOPEDCONTENTCONDITIONATTRIBUTE, connection=_databaseConfig=org.dbunit.database.DatabaseConfig[, _propertyMap={http://www.dbunit.org/properties/statementFactory=org.dbunit.database.statement.PreparedStatementFactory@626bc2b8, http://www.dbunit.org/features/caseSensitiveTableNames=false, http://www.dbunit.org/properties/fetchSize=100, http://www.dbunit.org/features/batchedStatements=false, http://www.dbunit.org/properties/metadataHandler=org.dbunit.database.DefaultMetadataHandler@3bbfdfde, http://www.dbunit.org/properties/datatypeFactory=org.dbunit.dataset.datatype.DefaultDataTypeFactory[_toleratedDeltaMap=org.dbunit.dataset.datatype.ToleratedDeltaMap@6452310a], http://www.dbunit.org/properties/escapePattern=null, http://www.dbunit.org/properties/batchSize=100, http://www.dbunit.org/features/qualifiedTableNames=false, http://www.dbunit.org/properties/tableType=[Ljava.lang.String;@5011bafa, http://www.dbunit.org/properties/resultSetTableFactory=org.dbunit.database.CachedResultSetTableFactory@10bcf083, http://www.dbunit.org/features/datatypeWarning=true}], _dataSet=AbstractDataSet[_orderedTableNameMap=null]) - start
146808 [main] TRACE org.dbunit.database.DatabaseConfig  - getProperty(name=http://www.dbunit.org/properties/escapePattern) - start
146808 [main] DEBUG org.dbunit.util.QualifiedTableName  - getQualifiedName() - start
146808 [main] DEBUG org.dbunit.util.QualifiedTableName  - getQualifiedName(prefix=null, name=SCOPEDCONTENTCONDITIONATTRIBUTE, escapePattern=null) - start
146808 [main] DEBUG org.dbunit.database.statement.SimpleStatement  - addBatch(sql=delete from SCOPEDCONTENTCONDITIONATTRIBUTE) - start
146808 [main] DEBUG org.dbunit.operation.DeleteAllOperation  - Added SQL: delete from SCOPEDCONTENTCONDITIONATTRIBUTE
146808 [main] DEBUG org.dbunit.database.DatabaseDataSet  - getTableMetaData(tableName=ScopedContent) - start
146808 [main] DEBUG org.dbunit.database.DatabaseDataSet  - initialize() - start
146808 [main] DEBUG org.dbunit.dataset.OrderedTableNameMap  - getTableName(tableName=ScopedContent) - start
146808 [main] DEBUG org.dbunit.dataset.OrderedTableNameMap  - getTableName(tableName=ScopedContent) - end - result=SCOPEDCONTENT
146808 [main] DEBUG org.dbunit.dataset.OrderedTableNameMap  - getTableName(tableName=ScopedContent) - start
146808 [main] DEBUG org.dbunit.dataset.OrderedTableNameMap  - getTableName(tableName=ScopedContent) - end - result=SCOPEDCONTENT
146808 [main] DEBUG org.dbunit.database.DatabaseDataSourceConnection  - getConnection() - start
146809 [main] TRACE org.dbunit.util.SQLHelper  - correctCase(tableName=ScopedContent, connection=Transaction-aware proxy for target Connection [jdbc:hsqldb:mem:kontrollDS, UserName=sw, HSQL Database Engine Driver]) - start
146809 [main] TRACE org.dbunit.util.SQLHelper  - correctCase(tableName=ScopedContent, databaseMetaData=org.apache.commons.dbcp.DelegatingDatabaseMetaData@54821fc3) - start
146809 [main] TRACE org.dbunit.util.SQLHelper  - isEscaped(tableName=ScopedContent, dbIdentifierQuoteString=") - start
146809 [main] DEBUG org.dbunit.util.SQLHelper  - isEscaped returns 'false' for tableName=ScopedContent (dbIdentifierQuoteString=")
146809 [main] DEBUG org.dbunit.util.SQLHelper  - class org.dbunit.database.DatabaseTableMetaData. Corrected table name: oldValue=ScopedContent newValue=SCOPEDCONTENT
146809 [main] DEBUG org.dbunit.database.DatabaseTableMetaData  - Validating if table 'SCOPEDCONTENT' exists in schema 'null' ...
146809 [main] TRACE org.dbunit.database.DatabaseConfig  - getProperty(name=http://www.dbunit.org/properties/metadataHandler) - start
146809 [main] TRACE org.dbunit.database.DefaultMetadataHandler  - tableExists(metaData=org.apache.commons.dbcp.DelegatingDatabaseMetaData@2af3668d, schemaName=null, tableName=SCOPEDCONTENT) - start
146810 [main] DEBUG org.dbunit.util.SQLHelper  - close(resultSet=org.apache.commons.dbcp.DelegatingResultSet@23e3cc45) - start
146810 [main] DEBUG org.dbunit.database.DatabaseTableMetaData  - getColumns() - start
146810 [main] DEBUG org.dbunit.database.DatabaseDataSourceConnection  - getConnection() - start
146810 [main] TRACE org.dbunit.database.DatabaseConfig  - getProperty(name=http://www.dbunit.org/properties/metadataHandler) - start
146810 [main] TRACE org.dbunit.database.DefaultMetadataHandler  - getColumns(databaseMetaData=org.apache.commons.dbcp.DelegatingDatabaseMetaData@4077d86b, schemaName=null, tableName=SCOPEDCONTENT) - start
146826 [main] TRACE org.dbunit.database.DatabaseConfig  - getProperty(name=http://www.dbunit.org/properties/datatypeFactory) - start
146826 [main] DEBUG org.dbunit.database.DatabaseDataSourceConnection  - getConnection() - start
146826 [main] WARN  org.dbunit.dataset.AbstractTableMetaData  - Potential problem found: The configured data type factory 'class org.dbunit.dataset.datatype.DefaultDataTypeFactory' might cause problems with the current database 'HSQL Database Engine' (e.g. some datatypes may not be supported properly). In rare cases you might see this message because the list of supported database products is incomplete (list=[derby]). If so please request a java-class update via the forums.If you are using your own IDataTypeFactory extending DefaultDataTypeFactory, ensure that you override getValidDbProducts() to specify the supported database products.
146826 [main] TRACE org.dbunit.database.DatabaseConfig  - getFeature(name=http://www.dbunit.org/features/datatypeWarning) - start
146826 [main] TRACE org.dbunit.database.DatabaseConfig  - getProperty(name=http://www.dbunit.org/features/datatypeWarning) - start
146826 [main] TRACE org.dbunit.database.DefaultMetadataHandler  - matches(columnsResultSet=org.apache.commons.dbcp.DelegatingResultSet@79c7dbd5, catalog=null, schema=null, table=SCOPEDCONTENT, column=null, caseSensitive=false) - start
146826 [main] DEBUG org.dbunit.database.DefaultMetadataHandler  - Comparing the following values using caseSensitive=false (searched<=>actual): catalog: null<=>PUBLIC schema: null<=>PUBLIC table: SCOPEDCONTENT<=>SCOPEDCONTENT column: null<=>ID
146826 [main] DEBUG org.dbunit.dataset.datatype.DefaultDataTypeFactory  - createDataType(sqlType=4 , sqlTypeName=INTEGER, tableName=SCOPEDCONTENT, columnName=ID) - start
146826 [main] DEBUG org.dbunit.dataset.datatype.DefaultDataTypeFactory  - createDataType(sqlType=4, sqlTypeName=INTEGER) - start
146826 [main] DEBUG org.dbunit.dataset.datatype.DataType  - forSqlType(sqlType=4) - start
146827 [main] DEBUG org.dbunit.dataset.datatype.AbstractDataType  - getSqlType() - start
146827 [main] DEBUG org.dbunit.dataset.datatype.AbstractDataType  - getSqlType() - start
146827 [main] DEBUG org.dbunit.dataset.datatype.AbstractDataType  - getSqlType() - start
146827 [main] DEBUG org.dbunit.dataset.datatype.AbstractDataType  - getSqlType() - start
146827 [main] DEBUG org.dbunit.dataset.datatype.AbstractDataType  - getSqlType() - start
146827 [main] DEBUG org.dbunit.dataset.datatype.AbstractDataType  - getSqlType() - start
146827 [main] DEBUG org.dbunit.dataset.datatype.AbstractDataType  - getSqlType() - start
146827 [main] DEBUG org.dbunit.dataset.datatype.AbstractDataType  - getSqlType() - start
146827 [main] DEBUG org.dbunit.dataset.datatype.AbstractDataType  - getSqlType() - start
146827 [main] DEBUG org.dbunit.dataset.datatype.AbstractDataType  - getSqlType() - start
146827 [main] DEBUG org.dbunit.dataset.datatype.AbstractDataType  - getSqlType() - start
146827 [main] DEBUG org.dbunit.dataset.datatype.AbstractDataType  - getSqlType() - start
146827 [main] DEBUG org.dbunit.dataset.Column  - nullableValue(nullable=0) - start
146827 [main] DEBUG org.dbunit.dataset.Column  - autoIncrementValue(isAutoIncrement=YES) - start
146827 [main] TRACE org.dbunit.database.DefaultMetadataHandler  - matches(columnsResultSet=org.apache.commons.dbcp.DelegatingResultSet@79c7dbd5, catalog=null, schema=null, table=SCOPEDCONTENT, column=null, caseSensitive=false) - start
146827 [main] DEBUG org.dbunit.database.DefaultMetadataHandler  - Comparing the following values using caseSensitive=false (searched<=>actual): catalog: null<=>PUBLIC schema: null<=>PUBLIC table: SCOPEDCONTENT<=>SCOPEDCONTENT column: null<=>TIMESTAMP
146827 [main] DEBUG org.dbunit.dataset.datatype.DefaultDataTypeFactory  - createDataType(sqlType=93 , sqlTypeName=TIMESTAMP, tableName=SCOPEDCONTENT, columnName=TIMESTAMP) - start
146827 [main] DEBUG org.dbunit.dataset.datatype.DefaultDataTypeFactory  - createDataType(sqlType=93, sqlTypeName=TIMESTAMP) - start
146827 [main] DEBUG org.dbunit.dataset.datatype.DataType  - forSqlType(sqlType=93) - start
146827 [main] DEBUG org.dbunit.dataset.datatype.AbstractDataType  - getSqlType() - start
146827 [main] DEBUG org.dbunit.dataset.datatype.AbstractDataType  - getSqlType() - start
146827 [main] DEBUG org.dbunit.dataset.datatype.AbstractDataType  - getSqlType() - start
146827 [main] DEBUG org.dbunit.dataset.datatype.AbstractDataType  - getSqlType() - start
146827 [main] DEBUG org.dbunit.dataset.datatype.AbstractDataType  - getSqlType() - start
146827 [main] DEBUG org.dbunit.dataset.datatype.AbstractDataType  - getSqlType() - start
146827 [main] DEBUG org.dbunit.dataset.datatype.AbstractDataType  - getSqlType() - start
146827 [main] DEBUG org.dbunit.dataset.datatype.AbstractDataType  - getSqlType() - start
146827 [main] DEBUG org.dbunit.dataset.datatype.AbstractDataType  - getSqlType() - start
146827 [main] DEBUG org.dbunit.dataset.datatype.AbstractDataType  - getSqlType() - start
146827 [main] DEBUG org.dbunit.dataset.datatype.AbstractDataType  - getSqlType() - start
146828 [main] DEBUG org.dbunit.dataset.datatype.AbstractDataType  - getSqlType() - start
146828 [main] DEBUG org.dbunit.dataset.datatype.AbstractDataType  - getSqlType() - start
146828 [main] DEBUG org.dbunit.dataset.datatype.AbstractDataType  - getSqlType() - start
146828 [main] DEBUG org.dbunit.dataset.datatype.AbstractDataType  - getSqlType() - start
146828 [main] DEBUG org.dbunit.dataset.datatype.AbstractDataType  - getSqlType() - start
146828 [main] DEBUG org.dbunit.dataset.datatype.AbstractDataType  - getSqlType() - start
146828 [main] DEBUG org.dbunit.dataset.datatype.AbstractDataType  - getSqlType() - start
146828 [main] DEBUG org.dbunit.dataset.datatype.AbstractDataType  - getSqlType() - start
146828 [main] DEBUG org.dbunit.dataset.datatype.AbstractDataType  - getSqlType() - start
146828 [main] DEBUG org.dbunit.dataset.datatype.AbstractDataType  - getSqlType() - start
146828 [main] DEBUG org.dbunit.dataset.Column  - nullableValue(nullable=1) - start
146828 [main] DEBUG org.dbunit.dataset.Column  - autoIncrementValue(isAutoIncrement=NO) - start
146828 [main] TRACE org.dbunit.database.DefaultMetadataHandler  - matches(columnsResultSet=org.apache.commons.dbcp.DelegatingResultSet@79c7dbd5, catalog=null, schema=null, table=SCOPEDCONTENT, column=null, caseSensitive=false) - start
146828 [main] DEBUG org.dbunit.database.DefaultMetadataHandler  - Comparing the following values using caseSensitive=false (searched<=>actual): catalog: null<=>PUBLIC schema: null<=>PUBLIC table: SCOPEDCONTENT<=>SCOPEDCONTENT column: null<=>DESCRIPTION
146828 [main] DEBUG org.dbunit.dataset.datatype.DefaultDataTypeFactory  - createDataType(sqlType=12 , sqlTypeName=VARCHAR, tableName=SCOPEDCONTENT, columnName=DESCRIPTION) - start
146828 [main] DEBUG org.dbunit.dataset.datatype.DefaultDataTypeFactory  - createDataType(sqlType=12, sqlTypeName=VARCHAR) - start
146828 [main] DEBUG org.dbunit.dataset.datatype.DataType  - forSqlType(sqlType=12) - start
146828 [main] DEBUG org.dbunit.dataset.datatype.AbstractDataType  - getSqlType() - start
146828 [main] DEBUG org.dbunit.dataset.Column  - nullableValue(nullable=1) - start
146828 [main] DEBUG org.dbunit.dataset.Column  - autoIncrementValue(isAutoIncrement=NO) - start
146828 [main] TRACE org.dbunit.database.DefaultMetadataHandler  - matches(columnsResultSet=org.apache.commons.dbcp.DelegatingResultSet@79c7dbd5, catalog=null, schema=null, table=SCOPEDCONTENT, column=null, caseSensitive=false) - start
146828 [main] DEBUG org.dbunit.database.DefaultMetadataHandler  - Comparing the following values using caseSensitive=false (searched<=>actual): catalog: null<=>PUBLIC schema: null<=>PUBLIC table: SCOPEDCONTENT<=>SCOPEDCONTENT column: null<=>NAME
146828 [main] DEBUG org.dbunit.dataset.datatype.DefaultDataTypeFactory  - createDataType(sqlType=12 , sqlTypeName=VARCHAR, tableName=SCOPEDCONTENT, columnName=NAME) - start
146828 [main] DEBUG org.dbunit.dataset.datatype.DefaultDataTypeFactory  - createDataType(sqlType=12, sqlTypeName=VARCHAR) - start
146828 [main] DEBUG org.dbunit.dataset.datatype.DataType  - forSqlType(sqlType=12) - start
146828 [main] DEBUG org.dbunit.dataset.datatype.AbstractDataType  - getSqlType() - start
146828 [main] DEBUG org.dbunit.dataset.Column  - nullableValue(nullable=0) - start
146828 [main] DEBUG org.dbunit.dataset.Column  - autoIncrementValue(isAutoIncrement=NO) - start
146828 [main] TRACE org.dbunit.database.DefaultMetadataHandler  - matches(columnsResultSet=org.apache.commons.dbcp.DelegatingResultSet@79c7dbd5, catalog=null, schema=null, table=SCOPEDCONTENT, column=null, caseSensitive=false) - start
146829 [main] DEBUG org.dbunit.database.DefaultMetadataHandler  - Comparing the following values using caseSensitive=false (searched<=>actual): catalog: null<=>PUBLIC schema: null<=>PUBLIC table: SCOPEDCONTENT<=>SCOPEDCONTENT column: null<=>SCOPE
146829 [main] DEBUG org.dbunit.dataset.datatype.DefaultDataTypeFactory  - createDataType(sqlType=4 , sqlTypeName=INTEGER, tableName=SCOPEDCONTENT, columnName=SCOPE) - start
146829 [main] DEBUG org.dbunit.dataset.datatype.DefaultDataTypeFactory  - createDataType(sqlType=4, sqlTypeName=INTEGER) - start
146829 [main] DEBUG org.dbunit.dataset.datatype.DataType  - forSqlType(sqlType=4) - start
146829 [main] DEBUG org.dbunit.dataset.datatype.AbstractDataType  - getSqlType() - start
146829 [main] DEBUG org.dbunit.dataset.datatype.AbstractDataType  - getSqlType() - start
146829 [main] DEBUG org.dbunit.dataset.datatype.AbstractDataType  - getSqlType() - start
146829 [main] DEBUG org.dbunit.dataset.datatype.AbstractDataType  - getSqlType() - start
146829 [main] DEBUG org.dbunit.dataset.datatype.AbstractDataType  - getSqlType() - start
146829 [main] DEBUG org.dbunit.dataset.datatype.AbstractDataType  - getSqlType() - start
146829 [main] DEBUG org.dbunit.dataset.datatype.AbstractDataType  - getSqlType() - start
146829 [main] DEBUG org.dbunit.dataset.datatype.AbstractDataType  - getSqlType() - start
146829 [main] DEBUG org.dbunit.dataset.datatype.AbstractDataType  - getSqlType() - start
146829 [main] DEBUG org.dbunit.dataset.datatype.AbstractDataType  - getSqlType() - start
146829 [main] DEBUG org.dbunit.dataset.datatype.AbstractDataType  - getSqlType() - start
146829 [main] DEBUG org.dbunit.dataset.datatype.AbstractDataType  - getSqlType() - start
146829 [main] DEBUG org.dbunit.dataset.Column  - nullableValue(nullable=0) - start
146829 [main] DEBUG org.dbunit.dataset.Column  - autoIncrementValue(isAutoIncrement=NO) - start
146829 [main] DEBUG org.dbunit.database.DatabaseTableMetaData  - getPrimaryKeys() - start
146829 [main] TRACE org.dbunit.database.DatabaseConfig  - getProperty(name=http://www.dbunit.org/properties/primaryKeyFilter) - start
146829 [main] DEBUG org.dbunit.database.DatabaseTableMetaData  - getPrimaryKeyNames() - start
146829 [main] DEBUG org.dbunit.database.DatabaseDataSourceConnection  - getConnection() - start
146829 [main] TRACE org.dbunit.database.DatabaseConfig  - getProperty(name=http://www.dbunit.org/properties/metadataHandler) - start
146829 [main] TRACE org.dbunit.database.DefaultMetadataHandler  - getPrimaryKeys(metaData=org.apache.commons.dbcp.DelegatingDatabaseMetaData@3031bb69, schemaName=null, tableName=SCOPEDCONTENT) - start
146830 [main] DEBUG org.dbunit.database.DatabaseTableMetaData  - getName() - start
146830 [main] DEBUG org.dbunit.database.DatabaseTableMetaData  - getColumns() - start
146830 [main] DEBUG org.dbunit.dataset.Columns  - getColumns(columnNames=[ID], columns=[(ID, INTEGER, noNulls), (TIMESTAMP, TIMESTAMP, nullable), (DESCRIPTION, VARCHAR, nullable), (NAME, VARCHAR, noNulls), (SCOPE, INTEGER, noNulls)]) - start
146830 [main] DEBUG org.dbunit.dataset.Columns  - getColumn(columnName=ID, columns=[(ID, INTEGER, noNulls), (TIMESTAMP, TIMESTAMP, nullable), (DESCRIPTION, VARCHAR, nullable), (NAME, VARCHAR, noNulls), (SCOPE, INTEGER, noNulls)]) - start
146830 [main] DEBUG org.dbunit.dataset.OrderedTableNameMap  - update(tableName=ScopedContent, object=table=SCOPEDCONTENT, cols=[(ID, INTEGER, noNulls), (TIMESTAMP, TIMESTAMP, nullable), (DESCRIPTION, VARCHAR, nullable), (NAME, VARCHAR, noNulls), (SCOPE, INTEGER, noNulls)], pk=[(ID, INTEGER, noNulls)]) - start
146830 [main] DEBUG org.dbunit.dataset.OrderedTableNameMap  - getTableName(tableName=ScopedContent) - start
146830 [main] DEBUG org.dbunit.dataset.OrderedTableNameMap  - getTableName(tableName=ScopedContent) - end - result=SCOPEDCONTENT
146830 [main] DEBUG org.dbunit.dataset.OrderedTableNameMap  - getTableName(tableName=ScopedContent) - start
146830 [main] DEBUG org.dbunit.dataset.OrderedTableNameMap  - getTableName(tableName=ScopedContent) - end - result=SCOPEDCONTENT
146830 [main] DEBUG org.dbunit.operation.AbstractOperation  - getQualifiedName(prefix=null, name=SCOPEDCONTENT, connection=_databaseConfig=org.dbunit.database.DatabaseConfig[, _propertyMap={http://www.dbunit.org/properties/statementFactory=org.dbunit.database.statement.PreparedStatementFactory@626bc2b8, http://www.dbunit.org/features/caseSensitiveTableNames=false, http://www.dbunit.org/properties/fetchSize=100, http://www.dbunit.org/features/batchedStatements=false, http://www.dbunit.org/properties/metadataHandler=org.dbunit.database.DefaultMetadataHandler@3bbfdfde, http://www.dbunit.org/properties/datatypeFactory=org.dbunit.dataset.datatype.DefaultDataTypeFactory[_toleratedDeltaMap=org.dbunit.dataset.datatype.ToleratedDeltaMap@6452310a], http://www.dbunit.org/properties/escapePattern=null, http://www.dbunit.org/properties/batchSize=100, http://www.dbunit.org/features/qualifiedTableNames=false, http://www.dbunit.org/properties/tableType=[Ljava.lang.String;@5011bafa, http://www.dbunit.org/properties/resultSetTableFactory=org.dbunit.database.CachedResultSetTableFactory@10bcf083, http://www.dbunit.org/features/datatypeWarning=true}], _dataSet=AbstractDataSet[_orderedTableNameMap=null]) - start
146830 [main] TRACE org.dbunit.database.DatabaseConfig  - getProperty(name=http://www.dbunit.org/properties/escapePattern) - start
146830 [main] DEBUG org.dbunit.util.QualifiedTableName  - getQualifiedName() - start
146830 [main] DEBUG org.dbunit.util.QualifiedTableName  - getQualifiedName(prefix=null, name=SCOPEDCONTENT, escapePattern=null) - start
146830 [main] DEBUG org.dbunit.database.statement.SimpleStatement  - addBatch(sql=delete from SCOPEDCONTENT) - start
146831 [main] DEBUG org.dbunit.operation.DeleteAllOperation  - Added SQL: delete from SCOPEDCONTENT
146831 [main] DEBUG org.dbunit.database.DatabaseDataSet  - getTableMetaData(tableName=Scope) - start
146831 [main] DEBUG org.dbunit.database.DatabaseDataSet  - initialize() - start
146831 [main] DEBUG org.dbunit.dataset.OrderedTableNameMap  - getTableName(tableName=Scope) - start
146831 [main] DEBUG org.dbunit.dataset.OrderedTableNameMap  - getTableName(tableName=Scope) - end - result=SCOPE
146831 [main] DEBUG org.dbunit.dataset.OrderedTableNameMap  - getTableName(tableName=Scope) - start
146831 [main] DEBUG org.dbunit.dataset.OrderedTableNameMap  - getTableName(tableName=Scope) - end - result=SCOPE
146831 [main] DEBUG org.dbunit.database.DatabaseDataSourceConnection  - getConnection() - start
146831 [main] TRACE org.dbunit.util.SQLHelper  - correctCase(tableName=Scope, connection=Transaction-aware proxy for target Connection [jdbc:hsqldb:mem:kontrollDS, UserName=sw, HSQL Database Engine Driver]) - start
146831 [main] TRACE org.dbunit.util.SQLHelper  - correctCase(tableName=Scope, databaseMetaData=org.apache.commons.dbcp.DelegatingDatabaseMetaData@1e495f0d) - start
146831 [main] TRACE org.dbunit.util.SQLHelper  - isEscaped(tableName=Scope, dbIdentifierQuoteString=") - start
146831 [main] DEBUG org.dbunit.util.SQLHelper  - isEscaped returns 'false' for tableName=Scope (dbIdentifierQuoteString=")
146835 [main] DEBUG org.dbunit.util.SQLHelper  - class org.dbunit.database.DatabaseTableMetaData. Corrected table name: oldValue=Scope newValue=SCOPE
146835 [main] DEBUG org.dbunit.database.DatabaseTableMetaData  - Validating if table 'SCOPE' exists in schema 'null' ...
146835 [main] TRACE org.dbunit.database.DatabaseConfig  - getProperty(name=http://www.dbunit.org/properties/metadataHandler) - start
146836 [main] TRACE org.dbunit.database.DefaultMetadataHandler  - tableExists(metaData=org.apache.commons.dbcp.DelegatingDatabaseMetaData@6b7549bb, schemaName=null, tableName=SCOPE) - start
146836 [main] DEBUG org.dbunit.util.SQLHelper  - close(resultSet=org.apache.commons.dbcp.DelegatingResultSet@1c9349d5) - start
146837 [main] DEBUG org.dbunit.database.DatabaseTableMetaData  - getColumns() - start
146837 [main] DEBUG org.dbunit.database.DatabaseDataSourceConnection  - getConnection() - start
146837 [main] TRACE org.dbunit.database.DatabaseConfig  - getProperty(name=http://www.dbunit.org/properties/metadataHandler) - start
146837 [main] TRACE org.dbunit.database.DefaultMetadataHandler  - getColumns(databaseMetaData=org.apache.commons.dbcp.DelegatingDatabaseMetaData@9d44d9b, schemaName=null, tableName=SCOPE) - start
146858 [main] TRACE org.dbunit.database.DatabaseConfig  - getProperty(name=http://www.dbunit.org/properties/datatypeFactory) - start
146859 [main] DEBUG org.dbunit.database.DatabaseDataSourceConnection  - getConnection() - start
146859 [main] WARN  org.dbunit.dataset.AbstractTableMetaData  - Potential problem found: The configured data type factory 'class org.dbunit.dataset.datatype.DefaultDataTypeFactory' might cause problems with the current database 'HSQL Database Engine' (e.g. some datatypes may not be supported properly). In rare cases you might see this message because the list of supported database products is incomplete (list=[derby]). If so please request a java-class update via the forums.If you are using your own IDataTypeFactory extending DefaultDataTypeFactory, ensure that you override getValidDbProducts() to specify the supported database products.
146859 [main] TRACE org.dbunit.database.DatabaseConfig  - getFeature(name=http://www.dbunit.org/features/datatypeWarning) - start
146859 [main] TRACE org.dbunit.database.DatabaseConfig  - getProperty(name=http://www.dbunit.org/features/datatypeWarning) - start
146859 [main] TRACE org.dbunit.database.DefaultMetadataHandler  - matches(columnsResultSet=org.apache.commons.dbcp.DelegatingResultSet@6b4f2a16, catalog=null, schema=null, table=SCOPE, column=null, caseSensitive=false) - start
146859 [main] DEBUG org.dbunit.database.DefaultMetadataHandler  - Comparing the following values using caseSensitive=false (searched<=>actual): catalog: null<=>PUBLIC schema: null<=>PUBLIC table: SCOPE<=>SCOPE column: null<=>ID
146859 [main] DEBUG org.dbunit.dataset.datatype.DefaultDataTypeFactory  - createDataType(sqlType=4 , sqlTypeName=INTEGER, tableName=SCOPE, columnName=ID) - start
146859 [main] DEBUG org.dbunit.dataset.datatype.DefaultDataTypeFactory  - createDataType(sqlType=4, sqlTypeName=INTEGER) - start
146859 [main] DEBUG org.dbunit.dataset.datatype.DataType  - forSqlType(sqlType=4) - start
146859 [main] DEBUG org.dbunit.dataset.datatype.AbstractDataType  - getSqlType() - start
146859 [main] DEBUG org.dbunit.dataset.datatype.AbstractDataType  - getSqlType() - start
146859 [main] DEBUG org.dbunit.dataset.datatype.AbstractDataType  - getSqlType() - start
146859 [main] DEBUG org.dbunit.dataset.datatype.AbstractDataType  - getSqlType() - start
146859 [main] DEBUG org.dbunit.dataset.datatype.AbstractDataType  - getSqlType() - start
146859 [main] DEBUG org.dbunit.dataset.datatype.AbstractDataType  - getSqlType() - start
146859 [main] DEBUG org.dbunit.dataset.datatype.AbstractDataType  - getSqlType() - start
146859 [main] DEBUG org.dbunit.dataset.datatype.AbstractDataType  - getSqlType() - start
146859 [main] DEBUG org.dbunit.dataset.datatype.AbstractDataType  - getSqlType() - start
146859 [main] DEBUG org.dbunit.dataset.datatype.AbstractDataType  - getSqlType() - start
146859 [main] DEBUG org.dbunit.dataset.datatype.AbstractDataType  - getSqlType() - start
146859 [main] DEBUG org.dbunit.dataset.datatype.AbstractDataType  - getSqlType() - start
146859 [main] DEBUG org.dbunit.dataset.Column  - nullableValue(nullable=0) - start
146859 [main] DEBUG org.dbunit.dataset.Column  - autoIncrementValue(isAutoIncrement=YES) - start
146859 [main] TRACE org.dbunit.database.DefaultMetadataHandler  - matches(columnsResultSet=org.apache.commons.dbcp.DelegatingResultSet@6b4f2a16, catalog=null, schema=null, table=SCOPE, column=null, caseSensitive=false) - start
146859 [main] DEBUG org.dbunit.database.DefaultMetadataHandler  - Comparing the following values using caseSensitive=false (searched<=>actual): catalog: null<=>PUBLIC schema: null<=>PUBLIC table: SCOPE<=>SCOPE column: null<=>TIMESTAMP
146859 [main] DEBUG org.dbunit.dataset.datatype.DefaultDataTypeFactory  - createDataType(sqlType=93 , sqlTypeName=TIMESTAMP, tableName=SCOPE, columnName=TIMESTAMP) - start
146859 [main] DEBUG org.dbunit.dataset.datatype.DefaultDataTypeFactory  - createDataType(sqlType=93, sqlTypeName=TIMESTAMP) - start
146859 [main] DEBUG org.dbunit.dataset.datatype.DataType  - forSqlType(sqlType=93) - start
146859 [main] DEBUG org.dbunit.dataset.datatype.AbstractDataType  - getSqlType() - start
146859 [main] DEBUG org.dbunit.dataset.datatype.AbstractDataType  - getSqlType() - start
146859 [main] DEBUG org.dbunit.dataset.datatype.AbstractDataType  - getSqlType() - start
146860 [main] DEBUG org.dbunit.dataset.datatype.AbstractDataType  - getSqlType() - start
146860 [main] DEBUG org.dbunit.dataset.datatype.AbstractDataType  - getSqlType() - start
146860 [main] DEBUG org.dbunit.dataset.datatype.AbstractDataType  - getSqlType() - start
146860 [main] DEBUG org.dbunit.dataset.datatype.AbstractDataType  - getSqlType() - start
146860 [main] DEBUG org.dbunit.dataset.datatype.AbstractDataType  - getSqlType() - start
146860 [main] DEBUG org.dbunit.dataset.datatype.AbstractDataType  - getSqlType() - start
146860 [main] DEBUG org.dbunit.dataset.datatype.AbstractDataType  - getSqlType() - start
146860 [main] DEBUG org.dbunit.dataset.datatype.AbstractDataType  - getSqlType() - start
146860 [main] DEBUG org.dbunit.dataset.datatype.AbstractDataType  - getSqlType() - start
146860 [main] DEBUG org.dbunit.dataset.datatype.AbstractDataType  - getSqlType() - start
146860 [main] DEBUG org.dbunit.dataset.datatype.AbstractDataType  - getSqlType() - start
146860 [main] DEBUG org.dbunit.dataset.datatype.AbstractDataType  - getSqlType() - start
146860 [main] DEBUG org.dbunit.dataset.datatype.AbstractDataType  - getSqlType() - start
146860 [main] DEBUG org.dbunit.dataset.datatype.AbstractDataType  - getSqlType() - start
146860 [main] DEBUG org.dbunit.dataset.datatype.AbstractDataType  - getSqlType() - start
146860 [main] DEBUG org.dbunit.dataset.datatype.AbstractDataType  - getSqlType() - start
146860 [main] DEBUG org.dbunit.dataset.datatype.AbstractDataType  - getSqlType() - start
146860 [main] DEBUG org.dbunit.dataset.datatype.AbstractDataType  - getSqlType() - start
146860 [main] DEBUG org.dbunit.dataset.Column  - nullableValue(nullable=1) - start
146860 [main] DEBUG org.dbunit.dataset.Column  - autoIncrementValue(isAutoIncrement=NO) - start
146860 [main] TRACE org.dbunit.database.DefaultMetadataHandler  - matches(columnsResultSet=org.apache.commons.dbcp.DelegatingResultSet@6b4f2a16, catalog=null, schema=null, table=SCOPE, column=null, caseSensitive=false) - start
146860 [main] DEBUG org.dbunit.database.DefaultMetadataHandler  - Comparing the following values using caseSensitive=false (searched<=>actual): catalog: null<=>PUBLIC schema: null<=>PUBLIC table: SCOPE<=>SCOPE column: null<=>DESCRIPTION
146860 [main] DEBUG org.dbunit.dataset.datatype.DefaultDataTypeFactory  - createDataType(sqlType=12 , sqlTypeName=VARCHAR, tableName=SCOPE, columnName=DESCRIPTION) - start
146860 [main] DEBUG org.dbunit.dataset.datatype.DefaultDataTypeFactory  - createDataType(sqlType=12, sqlTypeName=VARCHAR) - start
146860 [main] DEBUG org.dbunit.dataset.datatype.DataType  - forSqlType(sqlType=12) - start
146860 [main] DEBUG org.dbunit.dataset.datatype.AbstractDataType  - getSqlType() - start
146860 [main] DEBUG org.dbunit.dataset.Column  - nullableValue(nullable=1) - start
146860 [main] DEBUG org.dbunit.dataset.Column  - autoIncrementValue(isAutoIncrement=NO) - start
146860 [main] TRACE org.dbunit.database.DefaultMetadataHandler  - matches(columnsResultSet=org.apache.commons.dbcp.DelegatingResultSet@6b4f2a16, catalog=null, schema=null, table=SCOPE, column=null, caseSensitive=false) - start
146860 [main] DEBUG org.dbunit.database.DefaultMetadataHandler  - Comparing the following values using caseSensitive=false (searched<=>actual): catalog: null<=>PUBLIC schema: null<=>PUBLIC table: SCOPE<=>SCOPE column: null<=>NAME
146861 [main] DEBUG org.dbunit.dataset.datatype.DefaultDataTypeFactory  - createDataType(sqlType=12 , sqlTypeName=VARCHAR, tableName=SCOPE, columnName=NAME) - start
146861 [main] DEBUG org.dbunit.dataset.datatype.DefaultDataTypeFactory  - createDataType(sqlType=12, sqlTypeName=VARCHAR) - start
146861 [main] DEBUG org.dbunit.dataset.datatype.DataType  - forSqlType(sqlType=12) - start
146861 [main] DEBUG org.dbunit.dataset.datatype.AbstractDataType  - getSqlType() - start
146861 [main] DEBUG org.dbunit.dataset.Column  - nullableValue(nullable=0) - start
146861 [main] DEBUG org.dbunit.dataset.Column  - autoIncrementValue(isAutoIncrement=NO) - start
146861 [main] DEBUG org.dbunit.database.DatabaseTableMetaData  - getPrimaryKeys() - start
146861 [main] TRACE org.dbunit.database.DatabaseConfig  - getProperty(name=http://www.dbunit.org/properties/primaryKeyFilter) - start
146861 [main] DEBUG org.dbunit.database.DatabaseTableMetaData  - getPrimaryKeyNames() - start
146861 [main] DEBUG org.dbunit.database.DatabaseDataSourceConnection  - getConnection() - start
146861 [main] TRACE org.dbunit.database.DatabaseConfig  - getProperty(name=http://www.dbunit.org/properties/metadataHandler) - start
146861 [main] TRACE org.dbunit.database.DefaultMetadataHandler  - getPrimaryKeys(metaData=org.apache.commons.dbcp.DelegatingDatabaseMetaData@1a544164, schemaName=null, tableName=SCOPE) - start
146861 [main] DEBUG org.dbunit.database.DatabaseTableMetaData  - getName() - start
146861 [main] DEBUG org.dbunit.database.DatabaseTableMetaData  - getColumns() - start
146861 [main] DEBUG org.dbunit.dataset.Columns  - getColumns(columnNames=[ID], columns=[(ID, INTEGER, noNulls), (TIMESTAMP, TIMESTAMP, nullable), (DESCRIPTION, VARCHAR, nullable), (NAME, VARCHAR, noNulls)]) - start
146861 [main] DEBUG org.dbunit.dataset.Columns  - getColumn(columnName=ID, columns=[(ID, INTEGER, noNulls), (TIMESTAMP, TIMESTAMP, nullable), (DESCRIPTION, VARCHAR, nullable), (NAME, VARCHAR, noNulls)]) - start
146861 [main] DEBUG org.dbunit.dataset.OrderedTableNameMap  - update(tableName=Scope, object=table=SCOPE, cols=[(ID, INTEGER, noNulls), (TIMESTAMP, TIMESTAMP, nullable), (DESCRIPTION, VARCHAR, nullable), (NAME, VARCHAR, noNulls)], pk=[(ID, INTEGER, noNulls)]) - start
146861 [main] DEBUG org.dbunit.dataset.OrderedTableNameMap  - getTableName(tableName=Scope) - start
146861 [main] DEBUG org.dbunit.dataset.OrderedTableNameMap  - getTableName(tableName=Scope) - end - result=SCOPE
146861 [main] DEBUG org.dbunit.dataset.OrderedTableNameMap  - getTableName(tableName=Scope) - start
146862 [main] DEBUG org.dbunit.dataset.OrderedTableNameMap  - getTableName(tableName=Scope) - end - result=SCOPE
146862 [main] DEBUG org.dbunit.operation.AbstractOperation  - getQualifiedName(prefix=null, name=SCOPE, connection=_databaseConfig=org.dbunit.database.DatabaseConfig[, _propertyMap={http://www.dbunit.org/properties/statementFactory=org.dbunit.database.statement.PreparedStatementFactory@626bc2b8, http://www.dbunit.org/features/caseSensitiveTableNames=false, http://www.dbunit.org/properties/fetchSize=100, http://www.dbunit.org/features/batchedStatements=false, http://www.dbunit.org/properties/metadataHandler=org.dbunit.database.DefaultMetadataHandler@3bbfdfde, http://www.dbunit.org/properties/datatypeFactory=org.dbunit.dataset.datatype.DefaultDataTypeFactory[_toleratedDeltaMap=org.dbunit.dataset.datatype.ToleratedDeltaMap@6452310a], http://www.dbunit.org/properties/escapePattern=null, http://www.dbunit.org/properties/batchSize=100, http://www.dbunit.org/features/qualifiedTableNames=false, http://www.dbunit.org/properties/tableType=[Ljava.lang.String;@5011bafa, http://www.dbunit.org/properties/resultSetTableFactory=org.dbunit.database.CachedResultSetTableFactory@10bcf083, http://www.dbunit.org/features/datatypeWarning=true}], _dataSet=AbstractDataSet[_orderedTableNameMap=null]) - start
146862 [main] TRACE org.dbunit.database.DatabaseConfig  - getProperty(name=http://www.dbunit.org/properties/escapePattern) - start
146862 [main] DEBUG org.dbunit.util.QualifiedTableName  - getQualifiedName() - start
146862 [main] DEBUG org.dbunit.util.QualifiedTableName  - getQualifiedName(prefix=null, name=SCOPE, escapePattern=null) - start
146862 [main] DEBUG org.dbunit.database.statement.SimpleStatement  - addBatch(sql=delete from SCOPE) - start
146862 [main] DEBUG org.dbunit.operation.DeleteAllOperation  - Added SQL: delete from SCOPE
146862 [main] DEBUG org.dbunit.database.DatabaseDataSet  - getTableMetaData(tableName=RequestContext) - start
146862 [main] DEBUG org.dbunit.database.DatabaseDataSet  - initialize() - start
146862 [main] DEBUG org.dbunit.dataset.OrderedTableNameMap  - getTableName(tableName=RequestContext) - start
146862 [main] DEBUG org.dbunit.dataset.OrderedTableNameMap  - getTableName(tableName=RequestContext) - end - result=REQUESTCONTEXT
146862 [main] DEBUG org.dbunit.dataset.OrderedTableNameMap  - getTableName(tableName=RequestContext) - start
146862 [main] DEBUG org.dbunit.dataset.OrderedTableNameMap  - getTableName(tableName=RequestContext) - end - result=REQUESTCONTEXT
146862 [main] DEBUG org.dbunit.database.DatabaseDataSourceConnection  - getConnection() - start
146862 [main] TRACE org.dbunit.util.SQLHelper  - correctCase(tableName=RequestContext, connection=Transaction-aware proxy for target Connection [jdbc:hsqldb:mem:kontrollDS, UserName=sw, HSQL Database Engine Driver]) - start
146862 [main] TRACE org.dbunit.util.SQLHelper  - correctCase(tableName=RequestContext, databaseMetaData=org.apache.commons.dbcp.DelegatingDatabaseMetaData@34aad5ae) - start
146862 [main] TRACE org.dbunit.util.SQLHelper  - isEscaped(tableName=RequestContext, dbIdentifierQuoteString=") - start
146862 [main] DEBUG org.dbunit.util.SQLHelper  - isEscaped returns 'false' for tableName=RequestContext (dbIdentifierQuoteString=")
146862 [main] DEBUG org.dbunit.util.SQLHelper  - class org.dbunit.database.DatabaseTableMetaData. Corrected table name: oldValue=RequestContext newValue=REQUESTCONTEXT
146862 [main] DEBUG org.dbunit.database.DatabaseTableMetaData  - Validating if table 'REQUESTCONTEXT' exists in schema 'null' ...
146862 [main] TRACE org.dbunit.database.DatabaseConfig  - getProperty(name=http://www.dbunit.org/properties/metadataHandler) - start
146863 [main] TRACE org.dbunit.database.DefaultMetadataHandler  - tableExists(metaData=org.apache.commons.dbcp.DelegatingDatabaseMetaData@3bb2ad85, schemaName=null, tableName=REQUESTCONTEXT) - start
146864 [main] DEBUG org.dbunit.util.SQLHelper  - close(resultSet=org.apache.commons.dbcp.DelegatingResultSet@138dbc1d) - start
146864 [main] DEBUG org.dbunit.database.DatabaseTableMetaData  - getColumns() - start
146864 [main] DEBUG org.dbunit.database.DatabaseDataSourceConnection  - getConnection() - start
146864 [main] TRACE org.dbunit.database.DatabaseConfig  - getProperty(name=http://www.dbunit.org/properties/metadataHandler) - start
146864 [main] TRACE org.dbunit.database.DefaultMetadataHandler  - getColumns(databaseMetaData=org.apache.commons.dbcp.DelegatingDatabaseMetaData@3e391df2, schemaName=null, tableName=REQUESTCONTEXT) - start
146879 [main] TRACE org.dbunit.database.DatabaseConfig  - getProperty(name=http://www.dbunit.org/properties/datatypeFactory) - start
146879 [main] DEBUG org.dbunit.database.DatabaseDataSourceConnection  - getConnection() - start
146879 [main] WARN  org.dbunit.dataset.AbstractTableMetaData  - Potential problem found: The configured data type factory 'class org.dbunit.dataset.datatype.DefaultDataTypeFactory' might cause problems with the current database 'HSQL Database Engine' (e.g. some datatypes may not be supported properly). In rare cases you might see this message because the list of supported database products is incomplete (list=[derby]). If so please request a java-class update via the forums.If you are using your own IDataTypeFactory extending DefaultDataTypeFactory, ensure that you override getValidDbProducts() to specify the supported database products.
146879 [main] TRACE org.dbunit.database.DatabaseConfig  - getFeature(name=http://www.dbunit.org/features/datatypeWarning) - start
146879 [main] TRACE org.dbunit.database.DatabaseConfig  - getProperty(name=http://www.dbunit.org/features/datatypeWarning) - start
146879 [main] TRACE org.dbunit.database.DefaultMetadataHandler  - matches(columnsResultSet=org.apache.commons.dbcp.DelegatingResultSet@35094cb5, catalog=null, schema=null, table=REQUESTCONTEXT, column=null, caseSensitive=false) - start
146879 [main] DEBUG org.dbunit.database.DefaultMetadataHandler  - Comparing the following values using caseSensitive=false (searched<=>actual): catalog: null<=>PUBLIC schema: null<=>PUBLIC table: REQUESTCONTEXT<=>REQUESTCONTEXT column: null<=>ID
146879 [main] DEBUG org.dbunit.dataset.datatype.DefaultDataTypeFactory  - createDataType(sqlType=4 , sqlTypeName=INTEGER, tableName=REQUESTCONTEXT, columnName=ID) - start
146879 [main] DEBUG org.dbunit.dataset.datatype.DefaultDataTypeFactory  - createDataType(sqlType=4, sqlTypeName=INTEGER) - start
146879 [main] DEBUG org.dbunit.dataset.datatype.DataType  - forSqlType(sqlType=4) - start
146879 [main] DEBUG org.dbunit.dataset.datatype.AbstractDataType  - getSqlType() - start
146879 [main] DEBUG org.dbunit.dataset.datatype.AbstractDataType  - getSqlType() - start
146879 [main] DEBUG org.dbunit.dataset.datatype.AbstractDataType  - getSqlType() - start
146879 [main] DEBUG org.dbunit.dataset.datatype.AbstractDataType  - getSqlType() - start
146879 [main] DEBUG org.dbunit.dataset.datatype.AbstractDataType  - getSqlType() - start
146879 [main] DEBUG org.dbunit.dataset.datatype.AbstractDataType  - getSqlType() - start
146879 [main] DEBUG org.dbunit.dataset.datatype.AbstractDataType  - getSqlType() - start
146879 [main] DEBUG org.dbunit.dataset.datatype.AbstractDataType  - getSqlType() - start
146879 [main] DEBUG org.dbunit.dataset.datatype.AbstractDataType  - getSqlType() - start
146879 [main] DEBUG org.dbunit.dataset.datatype.AbstractDataType  - getSqlType() - start
146879 [main] DEBUG org.dbunit.dataset.datatype.AbstractDataType  - getSqlType() - start
146879 [main] DEBUG org.dbunit.dataset.datatype.AbstractDataType  - getSqlType() - start
146879 [main] DEBUG org.dbunit.dataset.Column  - nullableValue(nullable=0) - start
146879 [main] DEBUG org.dbunit.dataset.Column  - autoIncrementValue(isAutoIncrement=YES) - start
146879 [main] TRACE org.dbunit.database.DefaultMetadataHandler  - matches(columnsResultSet=org.apache.commons.dbcp.DelegatingResultSet@35094cb5, catalog=null, schema=null, table=REQUESTCONTEXT, column=null, caseSensitive=false) - start
146879 [main] DEBUG org.dbunit.database.DefaultMetadataHandler  - Comparing the following values using caseSensitive=false (searched<=>actual): catalog: null<=>PUBLIC schema: null<=>PUBLIC table: REQUESTCONTEXT<=>REQUESTCONTEXT column: null<=>TIMESTAMP
146880 [main] DEBUG org.dbunit.dataset.datatype.DefaultDataTypeFactory  - createDataType(sqlType=93 , sqlTypeName=TIMESTAMP, tableName=REQUESTCONTEXT, columnName=TIMESTAMP) - start
146880 [main] DEBUG org.dbunit.dataset.datatype.DefaultDataTypeFactory  - createDataType(sqlType=93, sqlTypeName=TIMESTAMP) - start
146880 [main] DEBUG org.dbunit.dataset.datatype.DataType  - forSqlType(sqlType=93) - start
146880 [main] DEBUG org.dbunit.dataset.datatype.AbstractDataType  - getSqlType() - start
146880 [main] DEBUG org.dbunit.dataset.datatype.AbstractDataType  - getSqlType() - start
146880 [main] DEBUG org.dbunit.dataset.datatype.AbstractDataType  - getSqlType() - start
146880 [main] DEBUG org.dbunit.dataset.datatype.AbstractDataType  - getSqlType() - start
146880 [main] DEBUG org.dbunit.dataset.datatype.AbstractDataType  - getSqlType() - start
146880 [main] DEBUG org.dbunit.dataset.datatype.AbstractDataType  - getSqlType() - start
146880 [main] DEBUG org.dbunit.dataset.datatype.AbstractDataType  - getSqlType() - start
146880 [main] DEBUG org.dbunit.dataset.datatype.AbstractDataType  - getSqlType() - start
146880 [main] DEBUG org.dbunit.dataset.datatype.AbstractDataType  - getSqlType() - start
146880 [main] DEBUG org.dbunit.dataset.datatype.AbstractDataType  - getSqlType() - start
146880 [main] DEBUG org.dbunit.dataset.datatype.AbstractDataType  - getSqlType() - start
146880 [main] DEBUG org.dbunit.dataset.datatype.AbstractDataType  - getSqlType() - start
146880 [main] DEBUG org.dbunit.dataset.datatype.AbstractDataType  - getSqlType() - start
146880 [main] DEBUG org.dbunit.dataset.datatype.AbstractDataType  - getSqlType() - start
146880 [main] DEBUG org.dbunit.dataset.datatype.AbstractDataType  - getSqlType() - start
146880 [main] DEBUG org.dbunit.dataset.datatype.AbstractDataType  - getSqlType() - start
146880 [main] DEBUG org.dbunit.dataset.datatype.AbstractDataType  - getSqlType() - start
146880 [main] DEBUG org.dbunit.dataset.datatype.AbstractDataType  - getSqlType() - start
146880 [main] DEBUG org.dbunit.dataset.datatype.AbstractDataType  - getSqlType() - start
146880 [main] DEBUG org.dbunit.dataset.datatype.AbstractDataType  - getSqlType() - start
146880 [main] DEBUG org.dbunit.dataset.datatype.AbstractDataType  - getSqlType() - start
146880 [main] DEBUG org.dbunit.dataset.Column  - nullableValue(nullable=1) - start
146880 [main] DEBUG org.dbunit.dataset.Column  - autoIncrementValue(isAutoIncrement=NO) - start
146880 [main] TRACE org.dbunit.database.DefaultMetadataHandler  - matches(columnsResultSet=org.apache.commons.dbcp.DelegatingResultSet@35094cb5, catalog=null, schema=null, table=REQUESTCONTEXT, column=null, caseSensitive=false) - start
146880 [main] DEBUG org.dbunit.database.DefaultMetadataHandler  - Comparing the following values using caseSensitive=false (searched<=>actual): catalog: null<=>PUBLIC schema: null<=>PUBLIC table: REQUESTCONTEXT<=>REQUESTCONTEXT column: null<=>PATH
146880 [main] DEBUG org.dbunit.dataset.datatype.DefaultDataTypeFactory  - createDataType(sqlType=12 , sqlTypeName=VARCHAR, tableName=REQUESTCONTEXT, columnName=PATH) - start
146880 [main] DEBUG org.dbunit.dataset.datatype.DefaultDataTypeFactory  - createDataType(sqlType=12, sqlTypeName=VARCHAR) - start
146880 [main] DEBUG org.dbunit.dataset.datatype.DataType  - forSqlType(sqlType=12) - start
146880 [main] DEBUG org.dbunit.dataset.datatype.AbstractDataType  - getSqlType() - start
146881 [main] DEBUG org.dbunit.dataset.Column  - nullableValue(nullable=0) - start
146881 [main] DEBUG org.dbunit.dataset.Column  - autoIncrementValue(isAutoIncrement=NO) - start
146881 [main] DEBUG org.dbunit.database.DatabaseTableMetaData  - getPrimaryKeys() - start
146881 [main] TRACE org.dbunit.database.DatabaseConfig  - getProperty(name=http://www.dbunit.org/properties/primaryKeyFilter) - start
146881 [main] DEBUG org.dbunit.database.DatabaseTableMetaData  - getPrimaryKeyNames() - start
146881 [main] DEBUG org.dbunit.database.DatabaseDataSourceConnection  - getConnection() - start
146881 [main] TRACE org.dbunit.database.DatabaseConfig  - getProperty(name=http://www.dbunit.org/properties/metadataHandler) - start
146881 [main] TRACE org.dbunit.database.DefaultMetadataHandler  - getPrimaryKeys(metaData=org.apache.commons.dbcp.DelegatingDatabaseMetaData@758b1a46, schemaName=null, tableName=REQUESTCONTEXT) - start
146881 [main] DEBUG org.dbunit.database.DatabaseTableMetaData  - getName() - start
146881 [main] DEBUG org.dbunit.database.DatabaseTableMetaData  - getColumns() - start
146881 [main] DEBUG org.dbunit.dataset.Columns  - getColumns(columnNames=[ID], columns=[(ID, INTEGER, noNulls), (TIMESTAMP, TIMESTAMP, nullable), (PATH, VARCHAR, noNulls)]) - start
146881 [main] DEBUG org.dbunit.dataset.Columns  - getColumn(columnName=ID, columns=[(ID, INTEGER, noNulls), (TIMESTAMP, TIMESTAMP, nullable), (PATH, VARCHAR, noNulls)]) - start
146881 [main] DEBUG org.dbunit.dataset.OrderedTableNameMap  - update(tableName=RequestContext, object=table=REQUESTCONTEXT, cols=[(ID, INTEGER, noNulls), (TIMESTAMP, TIMESTAMP, nullable), (PATH, VARCHAR, noNulls)], pk=[(ID, INTEGER, noNulls)]) - start
146881 [main] DEBUG org.dbunit.dataset.OrderedTableNameMap  - getTableName(tableName=RequestContext) - start
146881 [main] DEBUG org.dbunit.dataset.OrderedTableNameMap  - getTableName(tableName=RequestContext) - end - result=REQUESTCONTEXT
146881 [main] DEBUG org.dbunit.dataset.OrderedTableNameMap  - getTableName(tableName=RequestContext) - start
146882 [main] DEBUG org.dbunit.dataset.OrderedTableNameMap  - getTableName(tableName=RequestContext) - end - result=REQUESTCONTEXT
146882 [main] DEBUG org.dbunit.operation.AbstractOperation  - getQualifiedName(prefix=null, name=REQUESTCONTEXT, connection=_databaseConfig=org.dbunit.database.DatabaseConfig[, _propertyMap={http://www.dbunit.org/properties/statementFactory=org.dbunit.database.statement.PreparedStatementFactory@626bc2b8, http://www.dbunit.org/features/caseSensitiveTableNames=false, http://www.dbunit.org/properties/fetchSize=100, http://www.dbunit.org/features/batchedStatements=false, http://www.dbunit.org/properties/metadataHandler=org.dbunit.database.DefaultMetadataHandler@3bbfdfde, http://www.dbunit.org/properties/datatypeFactory=org.dbunit.dataset.datatype.DefaultDataTypeFactory[_toleratedDeltaMap=org.dbunit.dataset.datatype.ToleratedDeltaMap@6452310a], http://www.dbunit.org/properties/escapePattern=null, http://www.dbunit.org/properties/batchSize=100, http://www.dbunit.org/features/qualifiedTableNames=false, http://www.dbunit.org/properties/tableType=[Ljava.lang.String;@5011bafa, http://www.dbunit.org/properties/resultSetTableFactory=org.dbunit.database.CachedResultSetTableFactory@10bcf083, http://www.dbunit.org/features/datatypeWarning=true}], _dataSet=AbstractDataSet[_orderedTableNameMap=null]) - start
146882 [main] TRACE org.dbunit.database.DatabaseConfig  - getProperty(name=http://www.dbunit.org/properties/escapePattern) - start
146882 [main] DEBUG org.dbunit.util.QualifiedTableName  - getQualifiedName() - start
146882 [main] DEBUG org.dbunit.util.QualifiedTableName  - getQualifiedName(prefix=null, name=REQUESTCONTEXT, escapePattern=null) - start
146882 [main] DEBUG org.dbunit.database.statement.SimpleStatement  - addBatch(sql=delete from REQUESTCONTEXT) - start
146882 [main] DEBUG org.dbunit.operation.DeleteAllOperation  - Added SQL: delete from REQUESTCONTEXT
146882 [main] DEBUG org.dbunit.database.DatabaseDataSet  - getTableMetaData(tableName=NestedScopedContentConditions) - start
146882 [main] DEBUG org.dbunit.database.DatabaseDataSet  - initialize() - start
146882 [main] DEBUG org.dbunit.dataset.OrderedTableNameMap  - getTableName(tableName=NestedScopedContentConditions) - start
146882 [main] DEBUG org.dbunit.dataset.OrderedTableNameMap  - getTableName(tableName=NestedScopedContentConditions) - end - result=NESTEDSCOPEDCONTENTCONDITIONS
146882 [main] DEBUG org.dbunit.dataset.OrderedTableNameMap  - getTableName(tableName=NestedScopedContentConditions) - start
146882 [main] DEBUG org.dbunit.dataset.OrderedTableNameMap  - getTableName(tableName=NestedScopedContentConditions) - end - result=NESTEDSCOPEDCONTENTCONDITIONS
146882 [main] DEBUG org.dbunit.database.DatabaseDataSourceConnection  - getConnection() - start
146882 [main] TRACE org.dbunit.util.SQLHelper  - correctCase(tableName=NestedScopedContentConditions, connection=Transaction-aware proxy for target Connection [jdbc:hsqldb:mem:kontrollDS, UserName=sw, HSQL Database Engine Driver]) - start
146882 [main] TRACE org.dbunit.util.SQLHelper  - correctCase(tableName=NestedScopedContentConditions, databaseMetaData=org.apache.commons.dbcp.DelegatingDatabaseMetaData@7374e142) - start
146882 [main] TRACE org.dbunit.util.SQLHelper  - isEscaped(tableName=NestedScopedContentConditions, dbIdentifierQuoteString=") - start
146882 [main] DEBUG org.dbunit.util.SQLHelper  - isEscaped returns 'false' for tableName=NestedScopedContentConditions (dbIdentifierQuoteString=")
146882 [main] DEBUG org.dbunit.util.SQLHelper  - class org.dbunit.database.DatabaseTableMetaData. Corrected table name: oldValue=NestedScopedContentConditions newValue=NESTEDSCOPEDCONTENTCONDITIONS
146882 [main] DEBUG org.dbunit.database.DatabaseTableMetaData  - Validating if table 'NESTEDSCOPEDCONTENTCONDITIONS' exists in schema 'null' ...
146882 [main] TRACE org.dbunit.database.DatabaseConfig  - getProperty(name=http://www.dbunit.org/properties/metadataHandler) - start
146882 [main] TRACE org.dbunit.database.DefaultMetadataHandler  - tableExists(metaData=org.apache.commons.dbcp.DelegatingDatabaseMetaData@7e70ef45, schemaName=null, tableName=NESTEDSCOPEDCONTENTCONDITIONS) - start
146883 [main] DEBUG org.dbunit.util.SQLHelper  - close(resultSet=org.apache.commons.dbcp.DelegatingResultSet@2d69ee7) - start
146883 [main] DEBUG org.dbunit.database.DatabaseTableMetaData  - getColumns() - start
146883 [main] DEBUG org.dbunit.database.DatabaseDataSourceConnection  - getConnection() - start
146883 [main] TRACE org.dbunit.database.DatabaseConfig  - getProperty(name=http://www.dbunit.org/properties/metadataHandler) - start
146883 [main] TRACE org.dbunit.database.DefaultMetadataHandler  - getColumns(databaseMetaData=org.apache.commons.dbcp.DelegatingDatabaseMetaData@585a5125, schemaName=null, tableName=NESTEDSCOPEDCONTENTCONDITIONS) - start
146898 [main] TRACE org.dbunit.database.DatabaseConfig  - getProperty(name=http://www.dbunit.org/properties/datatypeFactory) - start
146898 [main] DEBUG org.dbunit.database.DatabaseDataSourceConnection  - getConnection() - start
146898 [main] WARN  org.dbunit.dataset.AbstractTableMetaData  - Potential problem found: The configured data type factory 'class org.dbunit.dataset.datatype.DefaultDataTypeFactory' might cause problems with the current database 'HSQL Database Engine' (e.g. some datatypes may not be supported properly). In rare cases you might see this message because the list of supported database products is incomplete (list=[derby]). If so please request a java-class update via the forums.If you are using your own IDataTypeFactory extending DefaultDataTypeFactory, ensure that you override getValidDbProducts() to specify the supported database products.
146898 [main] TRACE org.dbunit.database.DatabaseConfig  - getFeature(name=http://www.dbunit.org/features/datatypeWarning) - start
146898 [main] TRACE org.dbunit.database.DatabaseConfig  - getProperty(name=http://www.dbunit.org/features/datatypeWarning) - start
146898 [main] TRACE org.dbunit.database.DefaultMetadataHandler  - matches(columnsResultSet=org.apache.commons.dbcp.DelegatingResultSet@53f5efa8, catalog=null, schema=null, table=NESTEDSCOPEDCONTENTCONDITIONS, column=null, caseSensitive=false) - start
146899 [main] DEBUG org.dbunit.database.DefaultMetadataHandler  - Comparing the following values using caseSensitive=false (searched<=>actual): catalog: null<=>PUBLIC schema: null<=>PUBLIC table: NESTEDSCOPEDCONTENTCONDITIONS<=>NESTEDSCOPEDCONTENTCONDITIONS column: null<=>PARENT_CONDITION_ID
146899 [main] DEBUG org.dbunit.dataset.datatype.DefaultDataTypeFactory  - createDataType(sqlType=4 , sqlTypeName=INTEGER, tableName=NESTEDSCOPEDCONTENTCONDITIONS, columnName=PARENT_CONDITION_ID) - start
146899 [main] DEBUG org.dbunit.dataset.datatype.DefaultDataTypeFactory  - createDataType(sqlType=4, sqlTypeName=INTEGER) - start
146899 [main] DEBUG org.dbunit.dataset.datatype.DataType  - forSqlType(sqlType=4) - start
146899 [main] DEBUG org.dbunit.dataset.datatype.AbstractDataType  - getSqlType() - start
146899 [main] DEBUG org.dbunit.dataset.datatype.AbstractDataType  - getSqlType() - start
146899 [main] DEBUG org.dbunit.dataset.datatype.AbstractDataType  - getSqlType() - start
146899 [main] DEBUG org.dbunit.dataset.datatype.AbstractDataType  - getSqlType() - start
146899 [main] DEBUG org.dbunit.dataset.datatype.AbstractDataType  - getSqlType() - start
146899 [main] DEBUG org.dbunit.dataset.datatype.AbstractDataType  - getSqlType() - start
146899 [main] DEBUG org.dbunit.dataset.datatype.AbstractDataType  - getSqlType() - start
146899 [main] DEBUG org.dbunit.dataset.datatype.AbstractDataType  - getSqlType() - start
146899 [main] DEBUG org.dbunit.dataset.datatype.AbstractDataType  - getSqlType() - start
146899 [main] DEBUG org.dbunit.dataset.datatype.AbstractDataType  - getSqlType() - start
146899 [main] DEBUG org.dbunit.dataset.datatype.AbstractDataType  - getSqlType() - start
146899 [main] DEBUG org.dbunit.dataset.datatype.AbstractDataType  - getSqlType() - start
146899 [main] DEBUG org.dbunit.dataset.Column  - nullableValue(nullable=0) - start
146899 [main] DEBUG org.dbunit.dataset.Column  - autoIncrementValue(isAutoIncrement=NO) - start
146899 [main] TRACE org.dbunit.database.DefaultMetadataHandler  - matches(columnsResultSet=org.apache.commons.dbcp.DelegatingResultSet@53f5efa8, catalog=null, schema=null, table=NESTEDSCOPEDCONTENTCONDITIONS, column=null, caseSensitive=false) - start
146899 [main] DEBUG org.dbunit.database.DefaultMetadataHandler  - Comparing the following values using caseSensitive=false (searched<=>actual): catalog: null<=>PUBLIC schema: null<=>PUBLIC table: NESTEDSCOPEDCONTENTCONDITIONS<=>NESTEDSCOPEDCONTENTCONDITIONS column: null<=>CHILD_CONDITION_ID
146899 [main] DEBUG org.dbunit.dataset.datatype.DefaultDataTypeFactory  - createDataType(sqlType=4 , sqlTypeName=INTEGER, tableName=NESTEDSCOPEDCONTENTCONDITIONS, columnName=CHILD_CONDITION_ID) - start
146899 [main] DEBUG org.dbunit.dataset.datatype.DefaultDataTypeFactory  - createDataType(sqlType=4, sqlTypeName=INTEGER) - start
146899 [main] DEBUG org.dbunit.dataset.datatype.DataType  - forSqlType(sqlType=4) - start
146899 [main] DEBUG org.dbunit.dataset.datatype.AbstractDataType  - getSqlType() - start
146899 [main] DEBUG org.dbunit.dataset.datatype.AbstractDataType  - getSqlType() - start
146899 [main] DEBUG org.dbunit.dataset.datatype.AbstractDataType  - getSqlType() - start
146899 [main] DEBUG org.dbunit.dataset.datatype.AbstractDataType  - getSqlType() - start
146899 [main] DEBUG org.dbunit.dataset.datatype.AbstractDataType  - getSqlType() - start
146899 [main] DEBUG org.dbunit.dataset.datatype.AbstractDataType  - getSqlType() - start
146899 [main] DEBUG org.dbunit.dataset.datatype.AbstractDataType  - getSqlType() - start
146899 [main] DEBUG org.dbunit.dataset.datatype.AbstractDataType  - getSqlType() - start
146899 [main] DEBUG org.dbunit.dataset.datatype.AbstractDataType  - getSqlType() - start
146899 [main] DEBUG org.dbunit.dataset.datatype.AbstractDataType  - getSqlType() - start
146899 [main] DEBUG org.dbunit.dataset.datatype.AbstractDataType  - getSqlType() - start
146899 [main] DEBUG org.dbunit.dataset.datatype.AbstractDataType  - getSqlType() - start
146900 [main] DEBUG org.dbunit.dataset.Column  - nullableValue(nullable=0) - start
146900 [main] DEBUG org.dbunit.dataset.Column  - autoIncrementValue(isAutoIncrement=NO) - start
146900 [main] DEBUG org.dbunit.database.DatabaseTableMetaData  - getPrimaryKeys() - start
146900 [main] TRACE org.dbunit.database.DatabaseConfig  - getProperty(name=http://www.dbunit.org/properties/primaryKeyFilter) - start
146900 [main] DEBUG org.dbunit.database.DatabaseTableMetaData  - getPrimaryKeyNames() - start
146900 [main] DEBUG org.dbunit.database.DatabaseDataSourceConnection  - getConnection() - start
146900 [main] TRACE org.dbunit.database.DatabaseConfig  - getProperty(name=http://www.dbunit.org/properties/metadataHandler) - start
146900 [main] TRACE org.dbunit.database.DefaultMetadataHandler  - getPrimaryKeys(metaData=org.apache.commons.dbcp.DelegatingDatabaseMetaData@374929a8, schemaName=null, tableName=NESTEDSCOPEDCONTENTCONDITIONS) - start
146900 [main] DEBUG org.dbunit.database.DatabaseTableMetaData  - getColumns() - start
146900 [main] DEBUG org.dbunit.dataset.Columns  - getColumns(columnNames=[], columns=[(PARENT_CONDITION_ID, INTEGER, noNulls), (CHILD_CONDITION_ID, INTEGER, noNulls)]) - start
146900 [main] DEBUG org.dbunit.dataset.OrderedTableNameMap  - update(tableName=NestedScopedContentConditions, object=table=NESTEDSCOPEDCONTENTCONDITIONS, cols=[(PARENT_CONDITION_ID, INTEGER, noNulls), (CHILD_CONDITION_ID, INTEGER, noNulls)], pk=[]) - start
146900 [main] DEBUG org.dbunit.dataset.OrderedTableNameMap  - getTableName(tableName=NestedScopedContentConditions) - start
146900 [main] DEBUG org.dbunit.dataset.OrderedTableNameMap  - getTableName(tableName=NestedScopedContentConditions) - end - result=NESTEDSCOPEDCONTENTCONDITIONS
146900 [main] DEBUG org.dbunit.dataset.OrderedTableNameMap  - getTableName(tableName=NestedScopedContentConditions) - start
146900 [main] DEBUG org.dbunit.dataset.OrderedTableNameMap  - getTableName(tableName=NestedScopedContentConditions) - end - result=NESTEDSCOPEDCONTENTCONDITIONS
146900 [main] DEBUG org.dbunit.operation.AbstractOperation  - getQualifiedName(prefix=null, name=NESTEDSCOPEDCONTENTCONDITIONS, connection=_databaseConfig=org.dbunit.database.DatabaseConfig[, _propertyMap={http://www.dbunit.org/properties/statementFactory=org.dbunit.database.statement.PreparedStatementFactory@626bc2b8, http://www.dbunit.org/features/caseSensitiveTableNames=false, http://www.dbunit.org/properties/fetchSize=100, http://www.dbunit.org/features/batchedStatements=false, http://www.dbunit.org/properties/metadataHandler=org.dbunit.database.DefaultMetadataHandler@3bbfdfde, http://www.dbunit.org/properties/datatypeFactory=org.dbunit.dataset.datatype.DefaultDataTypeFactory[_toleratedDeltaMap=org.dbunit.dataset.datatype.ToleratedDeltaMap@6452310a], http://www.dbunit.org/properties/escapePattern=null, http://www.dbunit.org/properties/batchSize=100, http://www.dbunit.org/features/qualifiedTableNames=false, http://www.dbunit.org/properties/tableType=[Ljava.lang.String;@5011bafa, http://www.dbunit.org/properties/resultSetTableFactory=org.dbunit.database.CachedResultSetTableFactory@10bcf083, http://www.dbunit.org/features/datatypeWarning=true}], _dataSet=AbstractDataSet[_orderedTableNameMap=null]) - start
146900 [main] TRACE org.dbunit.database.DatabaseConfig  - getProperty(name=http://www.dbunit.org/properties/escapePattern) - start
146901 [main] DEBUG org.dbunit.util.QualifiedTableName  - getQualifiedName() - start
146901 [main] DEBUG org.dbunit.util.QualifiedTableName  - getQualifiedName(prefix=null, name=NESTEDSCOPEDCONTENTCONDITIONS, escapePattern=null) - start
146901 [main] DEBUG org.dbunit.database.statement.SimpleStatement  - addBatch(sql=delete from NESTEDSCOPEDCONTENTCONDITIONS) - start
146901 [main] DEBUG org.dbunit.operation.DeleteAllOperation  - Added SQL: delete from NESTEDSCOPEDCONTENTCONDITIONS
146901 [main] DEBUG org.dbunit.database.DatabaseDataSet  - getTableMetaData(tableName=ScopedContentCondition) - start
146901 [main] DEBUG org.dbunit.database.DatabaseDataSet  - initialize() - start
146901 [main] DEBUG org.dbunit.dataset.OrderedTableNameMap  - getTableName(tableName=ScopedContentCondition) - start
146901 [main] DEBUG org.dbunit.dataset.OrderedTableNameMap  - getTableName(tableName=ScopedContentCondition) - end - result=SCOPEDCONTENTCONDITION
146901 [main] DEBUG org.dbunit.dataset.OrderedTableNameMap  - getTableName(tableName=ScopedContentCondition) - start
146901 [main] DEBUG org.dbunit.dataset.OrderedTableNameMap  - getTableName(tableName=ScopedContentCondition) - end - result=SCOPEDCONTENTCONDITION
146901 [main] DEBUG org.dbunit.database.DatabaseDataSourceConnection  - getConnection() - start
146901 [main] TRACE org.dbunit.util.SQLHelper  - correctCase(tableName=ScopedContentCondition, connection=Transaction-aware proxy for target Connection [jdbc:hsqldb:mem:kontrollDS, UserName=sw, HSQL Database Engine Driver]) - start
146901 [main] TRACE org.dbunit.util.SQLHelper  - correctCase(tableName=ScopedContentCondition, databaseMetaData=org.apache.commons.dbcp.DelegatingDatabaseMetaData@1d180f26) - start
146901 [main] TRACE org.dbunit.util.SQLHelper  - isEscaped(tableName=ScopedContentCondition, dbIdentifierQuoteString=") - start
146901 [main] DEBUG org.dbunit.util.SQLHelper  - isEscaped returns 'false' for tableName=ScopedContentCondition (dbIdentifierQuoteString=")
146901 [main] DEBUG org.dbunit.util.SQLHelper  - class org.dbunit.database.DatabaseTableMetaData. Corrected table name: oldValue=ScopedContentCondition newValue=SCOPEDCONTENTCONDITION
146901 [main] DEBUG org.dbunit.database.DatabaseTableMetaData  - Validating if table 'SCOPEDCONTENTCONDITION' exists in schema 'null' ...
146901 [main] TRACE org.dbunit.database.DatabaseConfig  - getProperty(name=http://www.dbunit.org/properties/metadataHandler) - start
146901 [main] TRACE org.dbunit.database.DefaultMetadataHandler  - tableExists(metaData=org.apache.commons.dbcp.DelegatingDatabaseMetaData@168a96b6, schemaName=null, tableName=SCOPEDCONTENTCONDITION) - start
146902 [main] DEBUG org.dbunit.util.SQLHelper  - close(resultSet=org.apache.commons.dbcp.DelegatingResultSet@7db82a41) - start
146902 [main] DEBUG org.dbunit.database.DatabaseTableMetaData  - getColumns() - start
146902 [main] DEBUG org.dbunit.database.DatabaseDataSourceConnection  - getConnection() - start
146902 [main] TRACE org.dbunit.database.DatabaseConfig  - getProperty(name=http://www.dbunit.org/properties/metadataHandler) - start
146902 [main] TRACE org.dbunit.database.DefaultMetadataHandler  - getColumns(databaseMetaData=org.apache.commons.dbcp.DelegatingDatabaseMetaData@45de51e2, schemaName=null, tableName=SCOPEDCONTENTCONDITION) - start
146917 [main] TRACE org.dbunit.database.DatabaseConfig  - getProperty(name=http://www.dbunit.org/properties/datatypeFactory) - start
146917 [main] DEBUG org.dbunit.database.DatabaseDataSourceConnection  - getConnection() - start
146917 [main] WARN  org.dbunit.dataset.AbstractTableMetaData  - Potential problem found: The configured data type factory 'class org.dbunit.dataset.datatype.DefaultDataTypeFactory' might cause problems with the current database 'HSQL Database Engine' (e.g. some datatypes may not be supported properly). In rare cases you might see this message because the list of supported database products is incomplete (list=[derby]). If so please request a java-class update via the forums.If you are using your own IDataTypeFactory extending DefaultDataTypeFactory, ensure that you override getValidDbProducts() to specify the supported database products.
146917 [main] TRACE org.dbunit.database.DatabaseConfig  - getFeature(name=http://www.dbunit.org/features/datatypeWarning) - start
146917 [main] TRACE org.dbunit.database.DatabaseConfig  - getProperty(name=http://www.dbunit.org/features/datatypeWarning) - start
146918 [main] TRACE org.dbunit.database.DefaultMetadataHandler  - matches(columnsResultSet=org.apache.commons.dbcp.DelegatingResultSet@40f503db, catalog=null, schema=null, table=SCOPEDCONTENTCONDITION, column=null, caseSensitive=false) - start
146918 [main] DEBUG org.dbunit.database.DefaultMetadataHandler  - Comparing the following values using caseSensitive=false (searched<=>actual): catalog: null<=>PUBLIC schema: null<=>PUBLIC table: SCOPEDCONTENTCONDITION<=>SCOPEDCONTENTCONDITION column: null<=>ID
146918 [main] DEBUG org.dbunit.dataset.datatype.DefaultDataTypeFactory  - createDataType(sqlType=4 , sqlTypeName=INTEGER, tableName=SCOPEDCONTENTCONDITION, columnName=ID) - start
146918 [main] DEBUG org.dbunit.dataset.datatype.DefaultDataTypeFactory  - createDataType(sqlType=4, sqlTypeName=INTEGER) - start
146918 [main] DEBUG org.dbunit.dataset.datatype.DataType  - forSqlType(sqlType=4) - start
146918 [main] DEBUG org.dbunit.dataset.datatype.AbstractDataType  - getSqlType() - start
146918 [main] DEBUG org.dbunit.dataset.datatype.AbstractDataType  - getSqlType() - start
146918 [main] DEBUG org.dbunit.dataset.datatype.AbstractDataType  - getSqlType() - start
146918 [main] DEBUG org.dbunit.dataset.datatype.AbstractDataType  - getSqlType() - start
146918 [main] DEBUG org.dbunit.dataset.datatype.AbstractDataType  - getSqlType() - start
146918 [main] DEBUG org.dbunit.dataset.datatype.AbstractDataType  - getSqlType() - start
146918 [main] DEBUG org.dbunit.dataset.datatype.AbstractDataType  - getSqlType() - start
146918 [main] DEBUG org.dbunit.dataset.datatype.AbstractDataType  - getSqlType() - start
146918 [main] DEBUG org.dbunit.dataset.datatype.AbstractDataType  - getSqlType() - start
146918 [main] DEBUG org.dbunit.dataset.datatype.AbstractDataType  - getSqlType() - start
146918 [main] DEBUG org.dbunit.dataset.datatype.AbstractDataType  - getSqlType() - start
146918 [main] DEBUG org.dbunit.dataset.datatype.AbstractDataType  - getSqlType() - start
146918 [main] DEBUG org.dbunit.dataset.Column  - nullableValue(nullable=0) - start
146918 [main] DEBUG org.dbunit.dataset.Column  - autoIncrementValue(isAutoIncrement=YES) - start
146918 [main] TRACE org.dbunit.database.DefaultMetadataHandler  - matches(columnsResultSet=org.apache.commons.dbcp.DelegatingResultSet@40f503db, catalog=null, schema=null, table=SCOPEDCONTENTCONDITION, column=null, caseSensitive=false) - start
146918 [main] DEBUG org.dbunit.database.DefaultMetadataHandler  - Comparing the following values using caseSensitive=false (searched<=>actual): catalog: null<=>PUBLIC schema: null<=>PUBLIC table: SCOPEDCONTENTCONDITION<=>SCOPEDCONTENTCONDITION column: null<=>TIMESTAMP
146918 [main] DEBUG org.dbunit.dataset.datatype.DefaultDataTypeFactory  - createDataType(sqlType=93 , sqlTypeName=TIMESTAMP, tableName=SCOPEDCONTENTCONDITION, columnName=TIMESTAMP) - start
146918 [main] DEBUG org.dbunit.dataset.datatype.DefaultDataTypeFactory  - createDataType(sqlType=93, sqlTypeName=TIMESTAMP) - start
146918 [main] DEBUG org.dbunit.dataset.datatype.DataType  - forSqlType(sqlType=93) - start
146918 [main] DEBUG org.dbunit.dataset.datatype.AbstractDataType  - getSqlType() - start
146918 [main] DEBUG org.dbunit.dataset.datatype.AbstractDataType  - getSqlType() - start
146918 [main] DEBUG org.dbunit.dataset.datatype.AbstractDataType  - getSqlType() - start
146918 [main] DEBUG org.dbunit.dataset.datatype.AbstractDataType  - getSqlType() - start
146918 [main] DEBUG org.dbunit.dataset.datatype.AbstractDataType  - getSqlType() - start
146918 [main] DEBUG org.dbunit.dataset.datatype.AbstractDataType  - getSqlType() - start
146918 [main] DEBUG org.dbunit.dataset.datatype.AbstractDataType  - getSqlType() - start
146918 [main] DEBUG org.dbunit.dataset.datatype.AbstractDataType  - getSqlType() - start
146918 [main] DEBUG org.dbunit.dataset.datatype.AbstractDataType  - getSqlType() - start
146919 [main] DEBUG org.dbunit.dataset.datatype.AbstractDataType  - getSqlType() - start
146919 [main] DEBUG org.dbunit.dataset.datatype.AbstractDataType  - getSqlType() - start
146919 [main] DEBUG org.dbunit.dataset.datatype.AbstractDataType  - getSqlType() - start
146919 [main] DEBUG org.dbunit.dataset.datatype.AbstractDataType  - getSqlType() - start
146919 [main] DEBUG org.dbunit.dataset.datatype.AbstractDataType  - getSqlType() - start
146919 [main] DEBUG org.dbunit.dataset.datatype.AbstractDataType  - getSqlType() - start
146919 [main] DEBUG org.dbunit.dataset.datatype.AbstractDataType  - getSqlType() - start
146919 [main] DEBUG org.dbunit.dataset.datatype.AbstractDataType  - getSqlType() - start
146919 [main] DEBUG org.dbunit.dataset.datatype.AbstractDataType  - getSqlType() - start
146919 [main] DEBUG org.dbunit.dataset.datatype.AbstractDataType  - getSqlType() - start
146919 [main] DEBUG org.dbunit.dataset.datatype.AbstractDataType  - getSqlType() - start
146919 [main] DEBUG org.dbunit.dataset.datatype.AbstractDataType  - getSqlType() - start
146919 [main] DEBUG org.dbunit.dataset.Column  - nullableValue(nullable=1) - start
146919 [main] DEBUG org.dbunit.dataset.Column  - autoIncrementValue(isAutoIncrement=NO) - start
146919 [main] TRACE org.dbunit.database.DefaultMetadataHandler  - matches(columnsResultSet=org.apache.commons.dbcp.DelegatingResultSet@40f503db, catalog=null, schema=null, table=SCOPEDCONTENTCONDITION, column=null, caseSensitive=false) - start
146919 [main] DEBUG org.dbunit.database.DefaultMetadataHandler  - Comparing the following values using caseSensitive=false (searched<=>actual): catalog: null<=>PUBLIC schema: null<=>PUBLIC table: SCOPEDCONTENTCONDITION<=>SCOPEDCONTENTCONDITION column: null<=>DESCRIPTION
146919 [main] DEBUG org.dbunit.dataset.datatype.DefaultDataTypeFactory  - createDataType(sqlType=12 , sqlTypeName=VARCHAR, tableName=SCOPEDCONTENTCONDITION, columnName=DESCRIPTION) - start
146919 [main] DEBUG org.dbunit.dataset.datatype.DefaultDataTypeFactory  - createDataType(sqlType=12, sqlTypeName=VARCHAR) - start
146919 [main] DEBUG org.dbunit.dataset.datatype.DataType  - forSqlType(sqlType=12) - start
146919 [main] DEBUG org.dbunit.dataset.datatype.AbstractDataType  - getSqlType() - start
146919 [main] DEBUG org.dbunit.dataset.Column  - nullableValue(nullable=1) - start
146919 [main] DEBUG org.dbunit.dataset.Column  - autoIncrementValue(isAutoIncrement=NO) - start
146919 [main] TRACE org.dbunit.database.DefaultMetadataHandler  - matches(columnsResultSet=org.apache.commons.dbcp.DelegatingResultSet@40f503db, catalog=null, schema=null, table=SCOPEDCONTENTCONDITION, column=null, caseSensitive=false) - start
146919 [main] DEBUG org.dbunit.database.DefaultMetadataHandler  - Comparing the following values using caseSensitive=false (searched<=>actual): catalog: null<=>PUBLIC schema: null<=>PUBLIC table: SCOPEDCONTENTCONDITION<=>SCOPEDCONTENTCONDITION column: null<=>NAME
146919 [main] DEBUG org.dbunit.dataset.datatype.DefaultDataTypeFactory  - createDataType(sqlType=12 , sqlTypeName=VARCHAR, tableName=SCOPEDCONTENTCONDITION, columnName=NAME) - start
146919 [main] DEBUG org.dbunit.dataset.datatype.DefaultDataTypeFactory  - createDataType(sqlType=12, sqlTypeName=VARCHAR) - start
146919 [main] DEBUG org.dbunit.dataset.datatype.DataType  - forSqlType(sqlType=12) - start
146919 [main] DEBUG org.dbunit.dataset.datatype.AbstractDataType  - getSqlType() - start
146919 [main] DEBUG org.dbunit.dataset.Column  - nullableValue(nullable=0) - start
146920 [main] DEBUG org.dbunit.dataset.Column  - autoIncrementValue(isAutoIncrement=NO) - start
146920 [main] TRACE org.dbunit.database.DefaultMetadataHandler  - matches(columnsResultSet=org.apache.commons.dbcp.DelegatingResultSet@40f503db, catalog=null, schema=null, table=SCOPEDCONTENTCONDITION, column=null, caseSensitive=false) - start
146920 [main] DEBUG org.dbunit.database.DefaultMetadataHandler  - Comparing the following values using caseSensitive=false (searched<=>actual): catalog: null<=>PUBLIC schema: null<=>PUBLIC table: SCOPEDCONTENTCONDITION<=>SCOPEDCONTENTCONDITION column: null<=>OPERATOR
146920 [main] DEBUG org.dbunit.dataset.datatype.DefaultDataTypeFactory  - createDataType(sqlType=12 , sqlTypeName=VARCHAR, tableName=SCOPEDCONTENTCONDITION, columnName=OPERATOR) - start
146920 [main] DEBUG org.dbunit.dataset.datatype.DefaultDataTypeFactory  - createDataType(sqlType=12, sqlTypeName=VARCHAR) - start
146920 [main] DEBUG org.dbunit.dataset.datatype.DataType  - forSqlType(sqlType=12) - start
146920 [main] DEBUG org.dbunit.dataset.datatype.AbstractDataType  - getSqlType() - start
146920 [main] DEBUG org.dbunit.dataset.Column  - nullableValue(nullable=0) - start
146920 [main] DEBUG org.dbunit.dataset.Column  - autoIncrementValue(isAutoIncrement=NO) - start
146920 [main] DEBUG org.dbunit.database.DatabaseTableMetaData  - getPrimaryKeys() - start
146920 [main] TRACE org.dbunit.database.DatabaseConfig  - getProperty(name=http://www.dbunit.org/properties/primaryKeyFilter) - start
146920 [main] DEBUG org.dbunit.database.DatabaseTableMetaData  - getPrimaryKeyNames() - start
146920 [main] DEBUG org.dbunit.database.DatabaseDataSourceConnection  - getConnection() - start
146920 [main] TRACE org.dbunit.database.DatabaseConfig  - getProperty(name=http://www.dbunit.org/properties/metadataHandler) - start
146920 [main] TRACE org.dbunit.database.DefaultMetadataHandler  - getPrimaryKeys(metaData=org.apache.commons.dbcp.DelegatingDatabaseMetaData@15d0402e, schemaName=null, tableName=SCOPEDCONTENTCONDITION) - start
146920 [main] DEBUG org.dbunit.database.DatabaseTableMetaData  - getName() - start
146920 [main] DEBUG org.dbunit.database.DatabaseTableMetaData  - getColumns() - start
146920 [main] DEBUG org.dbunit.dataset.Columns  - getColumns(columnNames=[ID], columns=[(ID, INTEGER, noNulls), (TIMESTAMP, TIMESTAMP, nullable), (DESCRIPTION, VARCHAR, nullable), (NAME, VARCHAR, noNulls), (OPERATOR, VARCHAR, noNulls)]) - start
146920 [main] DEBUG org.dbunit.dataset.Columns  - getColumn(columnName=ID, columns=[(ID, INTEGER, noNulls), (TIMESTAMP, TIMESTAMP, nullable), (DESCRIPTION, VARCHAR, nullable), (NAME, VARCHAR, noNulls), (OPERATOR, VARCHAR, noNulls)]) - start
146921 [main] DEBUG org.dbunit.dataset.OrderedTableNameMap  - update(tableName=ScopedContentCondition, object=table=SCOPEDCONTENTCONDITION, cols=[(ID, INTEGER, noNulls), (TIMESTAMP, TIMESTAMP, nullable), (DESCRIPTION, VARCHAR, nullable), (NAME, VARCHAR, noNulls), (OPERATOR, VARCHAR, noNulls)], pk=[(ID, INTEGER, noNulls)]) - start
146921 [main] DEBUG org.dbunit.dataset.OrderedTableNameMap  - getTableName(tableName=ScopedContentCondition) - start
146921 [main] DEBUG org.dbunit.dataset.OrderedTableNameMap  - getTableName(tableName=ScopedContentCondition) - end - result=SCOPEDCONTENTCONDITION
146921 [main] DEBUG org.dbunit.dataset.OrderedTableNameMap  - getTableName(tableName=ScopedContentCondition) - start
146921 [main] DEBUG org.dbunit.dataset.OrderedTableNameMap  - getTableName(tableName=ScopedContentCondition) - end - result=SCOPEDCONTENTCONDITION
146921 [main] DEBUG org.dbunit.operation.AbstractOperation  - getQualifiedName(prefix=null, name=SCOPEDCONTENTCONDITION, connection=_databaseConfig=org.dbunit.database.DatabaseConfig[, _propertyMap={http://www.dbunit.org/properties/statementFactory=org.dbunit.database.statement.PreparedStatementFactory@626bc2b8, http://www.dbunit.org/features/caseSensitiveTableNames=false, http://www.dbunit.org/properties/fetchSize=100, http://www.dbunit.org/features/batchedStatements=false, http://www.dbunit.org/properties/metadataHandler=org.dbunit.database.DefaultMetadataHandler@3bbfdfde, http://www.dbunit.org/properties/datatypeFactory=org.dbunit.dataset.datatype.DefaultDataTypeFactory[_toleratedDeltaMap=org.dbunit.dataset.datatype.ToleratedDeltaMap@6452310a], http://www.dbunit.org/properties/escapePattern=null, http://www.dbunit.org/properties/batchSize=100, http://www.dbunit.org/features/qualifiedTableNames=false, http://www.dbunit.org/properties/tableType=[Ljava.lang.String;@5011bafa, http://www.dbunit.org/properties/resultSetTableFactory=org.dbunit.database.CachedResultSetTableFactory@10bcf083, http://www.dbunit.org/features/datatypeWarning=true}], _dataSet=AbstractDataSet[_orderedTableNameMap=null]) - start
146921 [main] TRACE org.dbunit.database.DatabaseConfig  - getProperty(name=http://www.dbunit.org/properties/escapePattern) - start
146921 [main] DEBUG org.dbunit.util.QualifiedTableName  - getQualifiedName() - start
146921 [main] DEBUG org.dbunit.util.QualifiedTableName  - getQualifiedName(prefix=null, name=SCOPEDCONTENTCONDITION, escapePattern=null) - start
146921 [main] DEBUG org.dbunit.database.statement.SimpleStatement  - addBatch(sql=delete from SCOPEDCONTENTCONDITION) - start
146921 [main] DEBUG org.dbunit.operation.DeleteAllOperation  - Added SQL: delete from SCOPEDCONTENTCONDITION
146921 [main] DEBUG org.dbunit.database.DatabaseDataSet  - getTableMetaData(tableName=Caption) - start
146921 [main] DEBUG org.dbunit.database.DatabaseDataSet  - initialize() - start
146921 [main] DEBUG org.dbunit.dataset.OrderedTableNameMap  - getTableName(tableName=Caption) - start
146921 [main] DEBUG org.dbunit.dataset.OrderedTableNameMap  - getTableName(tableName=Caption) - end - result=CAPTION
146921 [main] DEBUG org.dbunit.dataset.OrderedTableNameMap  - getTableName(tableName=Caption) - start
146921 [main] DEBUG org.dbunit.dataset.OrderedTableNameMap  - getTableName(tableName=Caption) - end - result=CAPTION
146921 [main] DEBUG org.dbunit.database.DatabaseDataSourceConnection  - getConnection() - start
146921 [main] TRACE org.dbunit.util.SQLHelper  - correctCase(tableName=Caption, connection=Transaction-aware proxy for target Connection [jdbc:hsqldb:mem:kontrollDS, UserName=sw, HSQL Database Engine Driver]) - start
146921 [main] TRACE org.dbunit.util.SQLHelper  - correctCase(tableName=Caption, databaseMetaData=org.apache.commons.dbcp.DelegatingDatabaseMetaData@2db3e72e) - start
146921 [main] TRACE org.dbunit.util.SQLHelper  - isEscaped(tableName=Caption, dbIdentifierQuoteString=") - start
146921 [main] DEBUG org.dbunit.util.SQLHelper  - isEscaped returns 'false' for tableName=Caption (dbIdentifierQuoteString=")
146921 [main] DEBUG org.dbunit.util.SQLHelper  - class org.dbunit.database.DatabaseTableMetaData. Corrected table name: oldValue=Caption newValue=CAPTION
146921 [main] DEBUG org.dbunit.database.DatabaseTableMetaData  - Validating if table 'CAPTION' exists in schema 'null' ...
146921 [main] TRACE org.dbunit.database.DatabaseConfig  - getProperty(name=http://www.dbunit.org/properties/metadataHandler) - start
146922 [main] TRACE org.dbunit.database.DefaultMetadataHandler  - tableExists(metaData=org.apache.commons.dbcp.DelegatingDatabaseMetaData@7e0e9472, schemaName=null, tableName=CAPTION) - start
146923 [main] DEBUG org.dbunit.util.SQLHelper  - close(resultSet=org.apache.commons.dbcp.DelegatingResultSet@413c604c) - start
146923 [main] DEBUG org.dbunit.database.DatabaseTableMetaData  - getColumns() - start
146923 [main] DEBUG org.dbunit.database.DatabaseDataSourceConnection  - getConnection() - start
146923 [main] TRACE org.dbunit.database.DatabaseConfig  - getProperty(name=http://www.dbunit.org/properties/metadataHandler) - start
146923 [main] TRACE org.dbunit.database.DefaultMetadataHandler  - getColumns(databaseMetaData=org.apache.commons.dbcp.DelegatingDatabaseMetaData@62d63f09, schemaName=null, tableName=CAPTION) - start
146937 [main] TRACE org.dbunit.database.DatabaseConfig  - getProperty(name=http://www.dbunit.org/properties/datatypeFactory) - start
146938 [main] DEBUG org.dbunit.database.DatabaseDataSourceConnection  - getConnection() - start
146938 [main] WARN  org.dbunit.dataset.AbstractTableMetaData  - Potential problem found: The configured data type factory 'class org.dbunit.dataset.datatype.DefaultDataTypeFactory' might cause problems with the current database 'HSQL Database Engine' (e.g. some datatypes may not be supported properly). In rare cases you might see this message because the list of supported database products is incomplete (list=[derby]). If so please request a java-class update via the forums.If you are using your own IDataTypeFactory extending DefaultDataTypeFactory, ensure that you override getValidDbProducts() to specify the supported database products.
146938 [main] TRACE org.dbunit.database.DatabaseConfig  - getFeature(name=http://www.dbunit.org/features/datatypeWarning) - start
146938 [main] TRACE org.dbunit.database.DatabaseConfig  - getProperty(name=http://www.dbunit.org/features/datatypeWarning) - start
146938 [main] TRACE org.dbunit.database.DefaultMetadataHandler  - matches(columnsResultSet=org.apache.commons.dbcp.DelegatingResultSet@647f950e, catalog=null, schema=null, table=CAPTION, column=null, caseSensitive=false) - start
146938 [main] DEBUG org.dbunit.database.DefaultMetadataHandler  - Comparing the following values using caseSensitive=false (searched<=>actual): catalog: null<=>PUBLIC schema: null<=>PUBLIC table: CAPTION<=>CAPTION column: null<=>ID
146938 [main] DEBUG org.dbunit.dataset.datatype.DefaultDataTypeFactory  - createDataType(sqlType=4 , sqlTypeName=INTEGER, tableName=CAPTION, columnName=ID) - start
146938 [main] DEBUG org.dbunit.dataset.datatype.DefaultDataTypeFactory  - createDataType(sqlType=4, sqlTypeName=INTEGER) - start
146938 [main] DEBUG org.dbunit.dataset.datatype.DataType  - forSqlType(sqlType=4) - start
146938 [main] DEBUG org.dbunit.dataset.datatype.AbstractDataType  - getSqlType() - start
146938 [main] DEBUG org.dbunit.dataset.datatype.AbstractDataType  - getSqlType() - start
146938 [main] DEBUG org.dbunit.dataset.datatype.AbstractDataType  - getSqlType() - start
146938 [main] DEBUG org.dbunit.dataset.datatype.AbstractDataType  - getSqlType() - start
146938 [main] DEBUG org.dbunit.dataset.datatype.AbstractDataType  - getSqlType() - start
146938 [main] DEBUG org.dbunit.dataset.datatype.AbstractDataType  - getSqlType() - start
146938 [main] DEBUG org.dbunit.dataset.datatype.AbstractDataType  - getSqlType() - start
146938 [main] DEBUG org.dbunit.dataset.datatype.AbstractDataType  - getSqlType() - start
146938 [main] DEBUG org.dbunit.dataset.datatype.AbstractDataType  - getSqlType() - start
146938 [main] DEBUG org.dbunit.dataset.datatype.AbstractDataType  - getSqlType() - start
146938 [main] DEBUG org.dbunit.dataset.datatype.AbstractDataType  - getSqlType() - start
146938 [main] DEBUG org.dbunit.dataset.datatype.AbstractDataType  - getSqlType() - start
146938 [main] DEBUG org.dbunit.dataset.Column  - nullableValue(nullable=0) - start
146938 [main] DEBUG org.dbunit.dataset.Column  - autoIncrementValue(isAutoIncrement=YES) - start
146938 [main] TRACE org.dbunit.database.DefaultMetadataHandler  - matches(columnsResultSet=org.apache.commons.dbcp.DelegatingResultSet@647f950e, catalog=null, schema=null, table=CAPTION, column=null, caseSensitive=false) - start
146938 [main] DEBUG org.dbunit.database.DefaultMetadataHandler  - Comparing the following values using caseSensitive=false (searched<=>actual): catalog: null<=>PUBLIC schema: null<=>PUBLIC table: CAPTION<=>CAPTION column: null<=>TIMESTAMP
146938 [main] DEBUG org.dbunit.dataset.datatype.DefaultDataTypeFactory  - createDataType(sqlType=93 , sqlTypeName=TIMESTAMP, tableName=CAPTION, columnName=TIMESTAMP) - start
146938 [main] DEBUG org.dbunit.dataset.datatype.DefaultDataTypeFactory  - createDataType(sqlType=93, sqlTypeName=TIMESTAMP) - start
146938 [main] DEBUG org.dbunit.dataset.datatype.DataType  - forSqlType(sqlType=93) - start
146938 [main] DEBUG org.dbunit.dataset.datatype.AbstractDataType  - getSqlType() - start
146938 [main] DEBUG org.dbunit.dataset.datatype.AbstractDataType  - getSqlType() - start
146939 [main] DEBUG org.dbunit.dataset.datatype.AbstractDataType  - getSqlType() - start
146939 [main] DEBUG org.dbunit.dataset.datatype.AbstractDataType  - getSqlType() - start
146939 [main] DEBUG org.dbunit.dataset.datatype.AbstractDataType  - getSqlType() - start
146939 [main] DEBUG org.dbunit.dataset.datatype.AbstractDataType  - getSqlType() - start
146939 [main] DEBUG org.dbunit.dataset.datatype.AbstractDataType  - getSqlType() - start
146939 [main] DEBUG org.dbunit.dataset.datatype.AbstractDataType  - getSqlType() - start
146939 [main] DEBUG org.dbunit.dataset.datatype.AbstractDataType  - getSqlType() - start
146939 [main] DEBUG org.dbunit.dataset.datatype.AbstractDataType  - getSqlType() - start
146939 [main] DEBUG org.dbunit.dataset.datatype.AbstractDataType  - getSqlType() - start
146939 [main] DEBUG org.dbunit.dataset.datatype.AbstractDataType  - getSqlType() - start
146939 [main] DEBUG org.dbunit.dataset.datatype.AbstractDataType  - getSqlType() - start
146939 [main] DEBUG org.dbunit.dataset.datatype.AbstractDataType  - getSqlType() - start
146939 [main] DEBUG org.dbunit.dataset.datatype.AbstractDataType  - getSqlType() - start
146939 [main] DEBUG org.dbunit.dataset.datatype.AbstractDataType  - getSqlType() - start
146939 [main] DEBUG org.dbunit.dataset.datatype.AbstractDataType  - getSqlType() - start
146939 [main] DEBUG org.dbunit.dataset.datatype.AbstractDataType  - getSqlType() - start
146939 [main] DEBUG org.dbunit.dataset.datatype.AbstractDataType  - getSqlType() - start
146939 [main] DEBUG org.dbunit.dataset.datatype.AbstractDataType  - getSqlType() - start
146939 [main] DEBUG org.dbunit.dataset.datatype.AbstractDataType  - getSqlType() - start
146939 [main] DEBUG org.dbunit.dataset.Column  - nullableValue(nullable=1) - start
146939 [main] DEBUG org.dbunit.dataset.Column  - autoIncrementValue(isAutoIncrement=NO) - start
146939 [main] TRACE org.dbunit.database.DefaultMetadataHandler  - matches(columnsResultSet=org.apache.commons.dbcp.DelegatingResultSet@647f950e, catalog=null, schema=null, table=CAPTION, column=null, caseSensitive=false) - start
146939 [main] DEBUG org.dbunit.database.DefaultMetadataHandler  - Comparing the following values using caseSensitive=false (searched<=>actual): catalog: null<=>PUBLIC schema: null<=>PUBLIC table: CAPTION<=>CAPTION column: null<=>IDENTIFIER
146939 [main] DEBUG org.dbunit.dataset.datatype.DefaultDataTypeFactory  - createDataType(sqlType=12 , sqlTypeName=VARCHAR, tableName=CAPTION, columnName=IDENTIFIER) - start
146939 [main] DEBUG org.dbunit.dataset.datatype.DefaultDataTypeFactory  - createDataType(sqlType=12, sqlTypeName=VARCHAR) - start
146939 [main] DEBUG org.dbunit.dataset.datatype.DataType  - forSqlType(sqlType=12) - start
146939 [main] DEBUG org.dbunit.dataset.datatype.AbstractDataType  - getSqlType() - start
146939 [main] DEBUG org.dbunit.dataset.Column  - nullableValue(nullable=1) - start
146939 [main] DEBUG org.dbunit.dataset.Column  - autoIncrementValue(isAutoIncrement=NO) - start
146939 [main] TRACE org.dbunit.database.DefaultMetadataHandler  - matches(columnsResultSet=org.apache.commons.dbcp.DelegatingResultSet@647f950e, catalog=null, schema=null, table=CAPTION, column=null, caseSensitive=false) - start
146939 [main] DEBUG org.dbunit.database.DefaultMetadataHandler  - Comparing the following values using caseSensitive=false (searched<=>actual): catalog: null<=>PUBLIC schema: null<=>PUBLIC table: CAPTION<=>CAPTION column: null<=>LOCALE
146940 [main] DEBUG org.dbunit.dataset.datatype.DefaultDataTypeFactory  - createDataType(sqlType=12 , sqlTypeName=VARCHAR, tableName=CAPTION, columnName=LOCALE) - start
146940 [main] DEBUG org.dbunit.dataset.datatype.DefaultDataTypeFactory  - createDataType(sqlType=12, sqlTypeName=VARCHAR) - start
146940 [main] DEBUG org.dbunit.dataset.datatype.DataType  - forSqlType(sqlType=12) - start
146940 [main] DEBUG org.dbunit.dataset.datatype.AbstractDataType  - getSqlType() - start
146940 [main] DEBUG org.dbunit.dataset.Column  - nullableValue(nullable=1) - start
146940 [main] DEBUG org.dbunit.dataset.Column  - autoIncrementValue(isAutoIncrement=NO) - start
146940 [main] TRACE org.dbunit.database.DefaultMetadataHandler  - matches(columnsResultSet=org.apache.commons.dbcp.DelegatingResultSet@647f950e, catalog=null, schema=null, table=CAPTION, column=null, caseSensitive=false) - start
146940 [main] DEBUG org.dbunit.database.DefaultMetadataHandler  - Comparing the following values using caseSensitive=false (searched<=>actual): catalog: null<=>PUBLIC schema: null<=>PUBLIC table: CAPTION<=>CAPTION column: null<=>TEXT
146940 [main] DEBUG org.dbunit.dataset.datatype.DefaultDataTypeFactory  - createDataType(sqlType=12 , sqlTypeName=VARCHAR, tableName=CAPTION, columnName=TEXT) - start
146940 [main] DEBUG org.dbunit.dataset.datatype.DefaultDataTypeFactory  - createDataType(sqlType=12, sqlTypeName=VARCHAR) - start
146940 [main] DEBUG org.dbunit.dataset.datatype.DataType  - forSqlType(sqlType=12) - start
146940 [main] DEBUG org.dbunit.dataset.datatype.AbstractDataType  - getSqlType() - start
146940 [main] DEBUG org.dbunit.dataset.Column  - nullableValue(nullable=1) - start
146940 [main] DEBUG org.dbunit.dataset.Column  - autoIncrementValue(isAutoIncrement=NO) - start
146940 [main] DEBUG org.dbunit.database.DatabaseTableMetaData  - getPrimaryKeys() - start
146940 [main] TRACE org.dbunit.database.DatabaseConfig  - getProperty(name=http://www.dbunit.org/properties/primaryKeyFilter) - start
146940 [main] DEBUG org.dbunit.database.DatabaseTableMetaData  - getPrimaryKeyNames() - start
146940 [main] DEBUG org.dbunit.database.DatabaseDataSourceConnection  - getConnection() - start
146940 [main] TRACE org.dbunit.database.DatabaseConfig  - getProperty(name=http://www.dbunit.org/properties/metadataHandler) - start
146940 [main] TRACE org.dbunit.database.DefaultMetadataHandler  - getPrimaryKeys(metaData=org.apache.commons.dbcp.DelegatingDatabaseMetaData@7412fdad, schemaName=null, tableName=CAPTION) - start
146941 [main] DEBUG org.dbunit.database.DatabaseTableMetaData  - getName() - start
146941 [main] DEBUG org.dbunit.database.DatabaseTableMetaData  - getColumns() - start
146941 [main] DEBUG org.dbunit.dataset.Columns  - getColumns(columnNames=[ID], columns=[(ID, INTEGER, noNulls), (TIMESTAMP, TIMESTAMP, nullable), (IDENTIFIER, VARCHAR, nullable), (LOCALE, VARCHAR, nullable), (TEXT, VARCHAR, nullable)]) - start
146941 [main] DEBUG org.dbunit.dataset.Columns  - getColumn(columnName=ID, columns=[(ID, INTEGER, noNulls), (TIMESTAMP, TIMESTAMP, nullable), (IDENTIFIER, VARCHAR, nullable), (LOCALE, VARCHAR, nullable), (TEXT, VARCHAR, nullable)]) - start
146941 [main] DEBUG org.dbunit.dataset.OrderedTableNameMap  - update(tableName=Caption, object=table=CAPTION, cols=[(ID, INTEGER, noNulls), (TIMESTAMP, TIMESTAMP, nullable), (IDENTIFIER, VARCHAR, nullable), (LOCALE, VARCHAR, nullable), (TEXT, VARCHAR, nullable)], pk=[(ID, INTEGER, noNulls)]) - start
146941 [main] DEBUG org.dbunit.dataset.OrderedTableNameMap  - getTableName(tableName=Caption) - start
146941 [main] DEBUG org.dbunit.dataset.OrderedTableNameMap  - getTableName(tableName=Caption) - end - result=CAPTION
146941 [main] DEBUG org.dbunit.dataset.OrderedTableNameMap  - getTableName(tableName=Caption) - start
146941 [main] DEBUG org.dbunit.dataset.OrderedTableNameMap  - getTableName(tableName=Caption) - end - result=CAPTION
146941 [main] DEBUG org.dbunit.operation.AbstractOperation  - getQualifiedName(prefix=null, name=CAPTION, connection=_databaseConfig=org.dbunit.database.DatabaseConfig[, _propertyMap={http://www.dbunit.org/properties/statementFactory=org.dbunit.database.statement.PreparedStatementFactory@626bc2b8, http://www.dbunit.org/features/caseSensitiveTableNames=false, http://www.dbunit.org/properties/fetchSize=100, http://www.dbunit.org/features/batchedStatements=false, http://www.dbunit.org/properties/metadataHandler=org.dbunit.database.DefaultMetadataHandler@3bbfdfde, http://www.dbunit.org/properties/datatypeFactory=org.dbunit.dataset.datatype.DefaultDataTypeFactory[_toleratedDeltaMap=org.dbunit.dataset.datatype.ToleratedDeltaMap@6452310a], http://www.dbunit.org/properties/escapePattern=null, http://www.dbunit.org/properties/batchSize=100, http://www.dbunit.org/features/qualifiedTableNames=false, http://www.dbunit.org/properties/tableType=[Ljava.lang.String;@5011bafa, http://www.dbunit.org/properties/resultSetTableFactory=org.dbunit.database.CachedResultSetTableFactory@10bcf083, http://www.dbunit.org/features/datatypeWarning=true}], _dataSet=AbstractDataSet[_orderedTableNameMap=null]) - start
146941 [main] TRACE org.dbunit.database.DatabaseConfig  - getProperty(name=http://www.dbunit.org/properties/escapePattern) - start
146941 [main] DEBUG org.dbunit.util.QualifiedTableName  - getQualifiedName() - start
146941 [main] DEBUG org.dbunit.util.QualifiedTableName  - getQualifiedName(prefix=null, name=CAPTION, escapePattern=null) - start
146941 [main] DEBUG org.dbunit.database.statement.SimpleStatement  - addBatch(sql=delete from CAPTION) - start
146941 [main] DEBUG org.dbunit.operation.DeleteAllOperation  - Added SQL: delete from CAPTION
146941 [main] DEBUG org.dbunit.database.DatabaseDataSet  - getTableMetaData(tableName=Authority) - start
146941 [main] DEBUG org.dbunit.database.DatabaseDataSet  - initialize() - start
146941 [main] DEBUG org.dbunit.dataset.OrderedTableNameMap  - getTableName(tableName=Authority) - start
146941 [main] DEBUG org.dbunit.dataset.OrderedTableNameMap  - getTableName(tableName=Authority) - end - result=AUTHORITY
146941 [main] DEBUG org.dbunit.dataset.OrderedTableNameMap  - getTableName(tableName=Authority) - start
146941 [main] DEBUG org.dbunit.dataset.OrderedTableNameMap  - getTableName(tableName=Authority) - end - result=AUTHORITY
146941 [main] DEBUG org.dbunit.database.DatabaseDataSourceConnection  - getConnection() - start
146941 [main] TRACE org.dbunit.util.SQLHelper  - correctCase(tableName=Authority, connection=Transaction-aware proxy for target Connection [jdbc:hsqldb:mem:kontrollDS, UserName=sw, HSQL Database Engine Driver]) - start
146942 [main] TRACE org.dbunit.util.SQLHelper  - correctCase(tableName=Authority, databaseMetaData=org.apache.commons.dbcp.DelegatingDatabaseMetaData@318f8337) - start
146942 [main] TRACE org.dbunit.util.SQLHelper  - isEscaped(tableName=Authority, dbIdentifierQuoteString=") - start
146942 [main] DEBUG org.dbunit.util.SQLHelper  - isEscaped returns 'false' for tableName=Authority (dbIdentifierQuoteString=")
146942 [main] DEBUG org.dbunit.util.SQLHelper  - class org.dbunit.database.DatabaseTableMetaData. Corrected table name: oldValue=Authority newValue=AUTHORITY
146942 [main] DEBUG org.dbunit.database.DatabaseTableMetaData  - Validating if table 'AUTHORITY' exists in schema 'null' ...
146942 [main] TRACE org.dbunit.database.DatabaseConfig  - getProperty(name=http://www.dbunit.org/properties/metadataHandler) - start
146942 [main] TRACE org.dbunit.database.DefaultMetadataHandler  - tableExists(metaData=org.apache.commons.dbcp.DelegatingDatabaseMetaData@44efa94c, schemaName=null, tableName=AUTHORITY) - start
146943 [main] DEBUG org.dbunit.util.SQLHelper  - close(resultSet=org.apache.commons.dbcp.DelegatingResultSet@92ee23) - start
146943 [main] DEBUG org.dbunit.database.DatabaseTableMetaData  - getColumns() - start
146943 [main] DEBUG org.dbunit.database.DatabaseDataSourceConnection  - getConnection() - start
146943 [main] TRACE org.dbunit.database.DatabaseConfig  - getProperty(name=http://www.dbunit.org/properties/metadataHandler) - start
146943 [main] TRACE org.dbunit.database.DefaultMetadataHandler  - getColumns(databaseMetaData=org.apache.commons.dbcp.DelegatingDatabaseMetaData@2e503c20, schemaName=null, tableName=AUTHORITY) - start
146958 [main] TRACE org.dbunit.database.DatabaseConfig  - getProperty(name=http://www.dbunit.org/properties/datatypeFactory) - start
146958 [main] DEBUG org.dbunit.database.DatabaseDataSourceConnection  - getConnection() - start
146958 [main] WARN  org.dbunit.dataset.AbstractTableMetaData  - Potential problem found: The configured data type factory 'class org.dbunit.dataset.datatype.DefaultDataTypeFactory' might cause problems with the current database 'HSQL Database Engine' (e.g. some datatypes may not be supported properly). In rare cases you might see this message because the list of supported database products is incomplete (list=[derby]). If so please request a java-class update via the forums.If you are using your own IDataTypeFactory extending DefaultDataTypeFactory, ensure that you override getValidDbProducts() to specify the supported database products.
146958 [main] TRACE org.dbunit.database.DatabaseConfig  - getFeature(name=http://www.dbunit.org/features/datatypeWarning) - start
146958 [main] TRACE org.dbunit.database.DatabaseConfig  - getProperty(name=http://www.dbunit.org/features/datatypeWarning) - start
146958 [main] TRACE org.dbunit.database.DefaultMetadataHandler  - matches(columnsResultSet=org.apache.commons.dbcp.DelegatingResultSet@fff651c, catalog=null, schema=null, table=AUTHORITY, column=null, caseSensitive=false) - start
146958 [main] DEBUG org.dbunit.database.DefaultMetadataHandler  - Comparing the following values using caseSensitive=false (searched<=>actual): catalog: null<=>PUBLIC schema: null<=>PUBLIC table: AUTHORITY<=>AUTHORITY column: null<=>ID
146958 [main] DEBUG org.dbunit.dataset.datatype.DefaultDataTypeFactory  - createDataType(sqlType=4 , sqlTypeName=INTEGER, tableName=AUTHORITY, columnName=ID) - start
146958 [main] DEBUG org.dbunit.dataset.datatype.DefaultDataTypeFactory  - createDataType(sqlType=4, sqlTypeName=INTEGER) - start
146958 [main] DEBUG org.dbunit.dataset.datatype.DataType  - forSqlType(sqlType=4) - start
146958 [main] DEBUG org.dbunit.dataset.datatype.AbstractDataType  - getSqlType() - start
146958 [main] DEBUG org.dbunit.dataset.datatype.AbstractDataType  - getSqlType() - start
146958 [main] DEBUG org.dbunit.dataset.datatype.AbstractDataType  - getSqlType() - start
146958 [main] DEBUG org.dbunit.dataset.datatype.AbstractDataType  - getSqlType() - start
146958 [main] DEBUG org.dbunit.dataset.datatype.AbstractDataType  - getSqlType() - start
146958 [main] DEBUG org.dbunit.dataset.datatype.AbstractDataType  - getSqlType() - start
146958 [main] DEBUG org.dbunit.dataset.datatype.AbstractDataType  - getSqlType() - start
146958 [main] DEBUG org.dbunit.dataset.datatype.AbstractDataType  - getSqlType() - start
146958 [main] DEBUG org.dbunit.dataset.datatype.AbstractDataType  - getSqlType() - start
146958 [main] DEBUG org.dbunit.dataset.datatype.AbstractDataType  - getSqlType() - start
146958 [main] DEBUG org.dbunit.dataset.datatype.AbstractDataType  - getSqlType() - start
146958 [main] DEBUG org.dbunit.dataset.datatype.AbstractDataType  - getSqlType() - start
146959 [main] DEBUG org.dbunit.dataset.Column  - nullableValue(nullable=0) - start
146959 [main] DEBUG org.dbunit.dataset.Column  - autoIncrementValue(isAutoIncrement=YES) - start
146959 [main] TRACE org.dbunit.database.DefaultMetadataHandler  - matches(columnsResultSet=org.apache.commons.dbcp.DelegatingResultSet@fff651c, catalog=null, schema=null, table=AUTHORITY, column=null, caseSensitive=false) - start
146959 [main] DEBUG org.dbunit.database.DefaultMetadataHandler  - Comparing the following values using caseSensitive=false (searched<=>actual): catalog: null<=>PUBLIC schema: null<=>PUBLIC table: AUTHORITY<=>AUTHORITY column: null<=>TIMESTAMP
146959 [main] DEBUG org.dbunit.dataset.datatype.DefaultDataTypeFactory  - createDataType(sqlType=93 , sqlTypeName=TIMESTAMP, tableName=AUTHORITY, columnName=TIMESTAMP) - start
146959 [main] DEBUG org.dbunit.dataset.datatype.DefaultDataTypeFactory  - createDataType(sqlType=93, sqlTypeName=TIMESTAMP) - start
146959 [main] DEBUG org.dbunit.dataset.datatype.DataType  - forSqlType(sqlType=93) - start
146959 [main] DEBUG org.dbunit.dataset.datatype.AbstractDataType  - getSqlType() - start
146959 [main] DEBUG org.dbunit.dataset.datatype.AbstractDataType  - getSqlType() - start
146959 [main] DEBUG org.dbunit.dataset.datatype.AbstractDataType  - getSqlType() - start
146959 [main] DEBUG org.dbunit.dataset.datatype.AbstractDataType  - getSqlType() - start
146959 [main] DEBUG org.dbunit.dataset.datatype.AbstractDataType  - getSqlType() - start
146959 [main] DEBUG org.dbunit.dataset.datatype.AbstractDataType  - getSqlType() - start
146959 [main] DEBUG org.dbunit.dataset.datatype.AbstractDataType  - getSqlType() - start
146959 [main] DEBUG org.dbunit.dataset.datatype.AbstractDataType  - getSqlType() - start
146959 [main] DEBUG org.dbunit.dataset.datatype.AbstractDataType  - getSqlType() - start
146959 [main] DEBUG org.dbunit.dataset.datatype.AbstractDataType  - getSqlType() - start
146959 [main] DEBUG org.dbunit.dataset.datatype.AbstractDataType  - getSqlType() - start
146959 [main] DEBUG org.dbunit.dataset.datatype.AbstractDataType  - getSqlType() - start
146959 [main] DEBUG org.dbunit.dataset.datatype.AbstractDataType  - getSqlType() - start
146959 [main] DEBUG org.dbunit.dataset.datatype.AbstractDataType  - getSqlType() - start
146959 [main] DEBUG org.dbunit.dataset.datatype.AbstractDataType  - getSqlType() - start
146959 [main] DEBUG org.dbunit.dataset.datatype.AbstractDataType  - getSqlType() - start
146959 [main] DEBUG org.dbunit.dataset.datatype.AbstractDataType  - getSqlType() - start
146959 [main] DEBUG org.dbunit.dataset.datatype.AbstractDataType  - getSqlType() - start
146960 [main] DEBUG org.dbunit.dataset.datatype.AbstractDataType  - getSqlType() - start
146960 [main] DEBUG org.dbunit.dataset.datatype.AbstractDataType  - getSqlType() - start
146960 [main] DEBUG org.dbunit.dataset.datatype.AbstractDataType  - getSqlType() - start
146960 [main] DEBUG org.dbunit.dataset.Column  - nullableValue(nullable=1) - start
146960 [main] DEBUG org.dbunit.dataset.Column  - autoIncrementValue(isAutoIncrement=NO) - start
146960 [main] TRACE org.dbunit.database.DefaultMetadataHandler  - matches(columnsResultSet=org.apache.commons.dbcp.DelegatingResultSet@fff651c, catalog=null, schema=null, table=AUTHORITY, column=null, caseSensitive=false) - start
146960 [main] DEBUG org.dbunit.database.DefaultMetadataHandler  - Comparing the following values using caseSensitive=false (searched<=>actual): catalog: null<=>PUBLIC schema: null<=>PUBLIC table: AUTHORITY<=>AUTHORITY column: null<=>COMMENT
146960 [main] DEBUG org.dbunit.dataset.datatype.DefaultDataTypeFactory  - createDataType(sqlType=12 , sqlTypeName=VARCHAR, tableName=AUTHORITY, columnName=COMMENT) - start
146960 [main] DEBUG org.dbunit.dataset.datatype.DefaultDataTypeFactory  - createDataType(sqlType=12, sqlTypeName=VARCHAR) - start
146960 [main] DEBUG org.dbunit.dataset.datatype.DataType  - forSqlType(sqlType=12) - start
146960 [main] DEBUG org.dbunit.dataset.datatype.AbstractDataType  - getSqlType() - start
146960 [main] DEBUG org.dbunit.dataset.Column  - nullableValue(nullable=1) - start
146960 [main] DEBUG org.dbunit.dataset.Column  - autoIncrementValue(isAutoIncrement=NO) - start
146960 [main] TRACE org.dbunit.database.DefaultMetadataHandler  - matches(columnsResultSet=org.apache.commons.dbcp.DelegatingResultSet@fff651c, catalog=null, schema=null, table=AUTHORITY, column=null, caseSensitive=false) - start
146960 [main] DEBUG org.dbunit.database.DefaultMetadataHandler  - Comparing the following values using caseSensitive=false (searched<=>actual): catalog: null<=>PUBLIC schema: null<=>PUBLIC table: AUTHORITY<=>AUTHORITY column: null<=>NAME
146961 [main] DEBUG org.dbunit.dataset.datatype.DefaultDataTypeFactory  - createDataType(sqlType=12 , sqlTypeName=VARCHAR, tableName=AUTHORITY, columnName=NAME) - start
146961 [main] DEBUG org.dbunit.dataset.datatype.DefaultDataTypeFactory  - createDataType(sqlType=12, sqlTypeName=VARCHAR) - start
146961 [main] DEBUG org.dbunit.dataset.datatype.DataType  - forSqlType(sqlType=12) - start
146961 [main] DEBUG org.dbunit.dataset.datatype.AbstractDataType  - getSqlType() - start
146961 [main] DEBUG org.dbunit.dataset.Column  - nullableValue(nullable=0) - start
146961 [main] DEBUG org.dbunit.dataset.Column  - autoIncrementValue(isAutoIncrement=NO) - start
146961 [main] DEBUG org.dbunit.database.DatabaseTableMetaData  - getPrimaryKeys() - start
146961 [main] TRACE org.dbunit.database.DatabaseConfig  - getProperty(name=http://www.dbunit.org/properties/primaryKeyFilter) - start
146961 [main] DEBUG org.dbunit.database.DatabaseTableMetaData  - getPrimaryKeyNames() - start
146961 [main] DEBUG org.dbunit.database.DatabaseDataSourceConnection  - getConnection() - start
146961 [main] TRACE org.dbunit.database.DatabaseConfig  - getProperty(name=http://www.dbunit.org/properties/metadataHandler) - start
146961 [main] TRACE org.dbunit.database.DefaultMetadataHandler  - getPrimaryKeys(metaData=org.apache.commons.dbcp.DelegatingDatabaseMetaData@48471978, schemaName=null, tableName=AUTHORITY) - start
146961 [main] DEBUG org.dbunit.database.DatabaseTableMetaData  - getName() - start
146961 [main] DEBUG org.dbunit.database.DatabaseTableMetaData  - getColumns() - start
146962 [main] DEBUG org.dbunit.dataset.Columns  - getColumns(columnNames=[ID], columns=[(ID, INTEGER, noNulls), (TIMESTAMP, TIMESTAMP, nullable), (COMMENT, VARCHAR, nullable), (NAME, VARCHAR, noNulls)]) - start
146962 [main] DEBUG org.dbunit.dataset.Columns  - getColumn(columnName=ID, columns=[(ID, INTEGER, noNulls), (TIMESTAMP, TIMESTAMP, nullable), (COMMENT, VARCHAR, nullable), (NAME, VARCHAR, noNulls)]) - start
146962 [main] DEBUG org.dbunit.dataset.OrderedTableNameMap  - update(tableName=Authority, object=table=AUTHORITY, cols=[(ID, INTEGER, noNulls), (TIMESTAMP, TIMESTAMP, nullable), (COMMENT, VARCHAR, nullable), (NAME, VARCHAR, noNulls)], pk=[(ID, INTEGER, noNulls)]) - start
146962 [main] DEBUG org.dbunit.dataset.OrderedTableNameMap  - getTableName(tableName=Authority) - start
146962 [main] DEBUG org.dbunit.dataset.OrderedTableNameMap  - getTableName(tableName=Authority) - end - result=AUTHORITY
146962 [main] DEBUG org.dbunit.dataset.OrderedTableNameMap  - getTableName(tableName=Authority) - start
146962 [main] DEBUG org.dbunit.dataset.OrderedTableNameMap  - getTableName(tableName=Authority) - end - result=AUTHORITY
146962 [main] DEBUG org.dbunit.operation.AbstractOperation  - getQualifiedName(prefix=null, name=AUTHORITY, connection=_databaseConfig=org.dbunit.database.DatabaseConfig[, _propertyMap={http://www.dbunit.org/properties/statementFactory=org.dbunit.database.statement.PreparedStatementFactory@626bc2b8, http://www.dbunit.org/features/caseSensitiveTableNames=false, http://www.dbunit.org/properties/fetchSize=100, http://www.dbunit.org/features/batchedStatements=false, http://www.dbunit.org/properties/metadataHandler=org.dbunit.database.DefaultMetadataHandler@3bbfdfde, http://www.dbunit.org/properties/datatypeFactory=org.dbunit.dataset.datatype.DefaultDataTypeFactory[_toleratedDeltaMap=org.dbunit.dataset.datatype.ToleratedDeltaMap@6452310a], http://www.dbunit.org/properties/escapePattern=null, http://www.dbunit.org/properties/batchSize=100, http://www.dbunit.org/features/qualifiedTableNames=false, http://www.dbunit.org/properties/tableType=[Ljava.lang.String;@5011bafa, http://www.dbunit.org/properties/resultSetTableFactory=org.dbunit.database.CachedResultSetTableFactory@10bcf083, http://www.dbunit.org/features/datatypeWarning=true}], _dataSet=AbstractDataSet[_orderedTableNameMap=null]) - start
146962 [main] TRACE org.dbunit.database.DatabaseConfig  - getProperty(name=http://www.dbunit.org/properties/escapePattern) - start
146962 [main] DEBUG org.dbunit.util.QualifiedTableName  - getQualifiedName() - start
146962 [main] DEBUG org.dbunit.util.QualifiedTableName  - getQualifiedName(prefix=null, name=AUTHORITY, escapePattern=null) - start
146962 [main] DEBUG org.dbunit.database.statement.SimpleStatement  - addBatch(sql=delete from AUTHORITY) - start
146962 [main] DEBUG org.dbunit.operation.DeleteAllOperation  - Added SQL: delete from AUTHORITY
146962 [main] DEBUG org.dbunit.database.statement.SimpleStatement  - executeBatch() - start
146962 [main] DEBUG org.dbunit.database.statement.SimpleStatement  - DbUnit SQL: delete from USERS_AUTHORITIES
146962 [main] DEBUG org.dbunit.database.statement.SimpleStatement  - DbUnit SQL: delete from USER
146962 [main] DEBUG org.dbunit.database.statement.SimpleStatement  - DbUnit SQL: delete from SCOPE_REQUESTCONTEXT
146963 [main] DEBUG org.dbunit.database.statement.SimpleStatement  - DbUnit SQL: delete from SCOPEDCONTENT_SCOPEDCONTENTITEM
146963 [main] DEBUG org.dbunit.database.statement.SimpleStatement  - DbUnit SQL: delete from SCOPEDCONTENTCONDITIONS_SCOPEDCONTENTITEM
146963 [main] DEBUG org.dbunit.database.statement.SimpleStatement  - DbUnit SQL: delete from SCOPEDCONTENTITEM
146963 [main] DEBUG org.dbunit.database.statement.SimpleStatement  - DbUnit SQL: delete from SCOPEDCONTENTCONDITIONS_SCOPEDCONTENT
146963 [main] DEBUG org.dbunit.database.statement.SimpleStatement  - DbUnit SQL: delete from SCOPEDCONTENTCONDITIONATTRIBUTE
146963 [main] DEBUG org.dbunit.database.statement.SimpleStatement  - DbUnit SQL: delete from SCOPEDCONTENT
146963 [main] DEBUG org.dbunit.database.statement.SimpleStatement  - DbUnit SQL: delete from SCOPE
146963 [main] DEBUG org.dbunit.database.statement.SimpleStatement  - DbUnit SQL: delete from REQUESTCONTEXT
146963 [main] DEBUG org.dbunit.database.statement.SimpleStatement  - DbUnit SQL: delete from NESTEDSCOPEDCONTENTCONDITIONS
146963 [main] DEBUG org.dbunit.database.statement.SimpleStatement  - DbUnit SQL: delete from SCOPEDCONTENTCONDITION
146963 [main] DEBUG org.dbunit.database.statement.SimpleStatement  - DbUnit SQL: delete from CAPTION
146964 [main] DEBUG org.dbunit.database.statement.SimpleStatement  - DbUnit SQL: delete from AUTHORITY
146964 [main] DEBUG org.dbunit.database.statement.SimpleStatement  - clearBatch() - start
146964 [main] DEBUG org.dbunit.database.statement.AbstractBatchStatement  - close() - start
146964 [main] DEBUG org.dbunit.operation.AbstractBatchOperation  - execute(connection=_databaseConfig=org.dbunit.database.DatabaseConfig[, _propertyMap={http://www.dbunit.org/properties/statementFactory=org.dbunit.database.statement.PreparedStatementFactory@626bc2b8, http://www.dbunit.org/features/caseSensitiveTableNames=false, http://www.dbunit.org/properties/fetchSize=100, http://www.dbunit.org/features/batchedStatements=false, http://www.dbunit.org/properties/metadataHandler=org.dbunit.database.DefaultMetadataHandler@3bbfdfde, http://www.dbunit.org/properties/datatypeFactory=org.dbunit.dataset.datatype.DefaultDataTypeFactory[_toleratedDeltaMap=org.dbunit.dataset.datatype.ToleratedDeltaMap@6452310a], http://www.dbunit.org/properties/escapePattern=null, http://www.dbunit.org/properties/batchSize=100, http://www.dbunit.org/features/qualifiedTableNames=false, http://www.dbunit.org/properties/tableType=[Ljava.lang.String;@5011bafa, http://www.dbunit.org/properties/resultSetTableFactory=org.dbunit.database.CachedResultSetTableFactory@10bcf083, http://www.dbunit.org/features/datatypeWarning=true}], _dataSet=AbstractDataSet[_orderedTableNameMap=null], dataSet=AbstractDataSet[_orderedTableNameMap=null]) - start
146964 [main] TRACE org.dbunit.database.DatabaseConfig  - getProperty(name=http://www.dbunit.org/properties/statementFactory) - start
146964 [main] DEBUG org.dbunit.dataset.AbstractDataSet  - iterator() - start
146964 [main] DEBUG org.dbunit.dataset.FilteredDataSet  - createIterator(reversed=false) - start
146964 [main] DEBUG org.dbunit.dataset.filter.SequenceTableFilter  - iterator(dataSet=AbstractDataSet[_orderedTableNameMap=org.dbunit.dataset.OrderedTableNameMap[_tableNames=[Scope, ScopedContentConditionAttribute, ScopedContent, ScopedContentCondition, ScopedContentItem, RequestContext, Authority, User, Users_Authorities, ScopedContent_ScopedContentItem, Scope_RequestContext, Caption, ScopedContentConditions_ScopedContent, ScopedContentConditions_ScopedContentItem, NestedScopedContentConditions], _tableMap={SCOPE_REQUESTCONTEXT=org.dbunit.dataset.DefaultTable[_metaData=tableName=Scope_RequestContext, columns=[], keys=[], _rowList.size()=0], NESTEDSCOPEDCONTENTCONDITIONS=org.dbunit.dataset.DefaultTable[_metaData=tableName=NestedScopedContentConditions, columns=[], keys=[], _rowList.size()=0], SCOPE=org.dbunit.dataset.DefaultTable[_metaData=tableName=Scope, columns=[(name, UNKNOWN, nullableUnknown), (description, UNKNOWN, nullableUnknown), (id, UNKNOWN, nullableUnknown), (timeStamp, UNKNOWN, nullableUnknown)], keys=[], _rowList.size()=1], SCOPEDCONTENT_SCOPEDCONTENTITEM=org.dbunit.dataset.DefaultTable[_metaData=tableName=ScopedContent_ScopedContentItem, columns=[], keys=[], _rowList.size()=0], SCOPEDCONTENTCONDITIONATTRIBUTE=org.dbunit.dataset.DefaultTable[_metaData=tableName=ScopedContentConditionAttribute, columns=[(key, UNKNOWN, nullableUnknown), (checkOrder, UNKNOWN, nullableUnknown), (className, UNKNOWN, nullableUnknown), (valuePath, UNKNOWN, nullableUnknown), (operator, UNKNOWN, nullableUnknown), (expectedValue, UNKNOWN, nullableUnknown), (expectedValueType, UNKNOWN, nullableUnknown), (scopedContentCondition, UNKNOWN, nullableUnknown), (id, UNKNOWN, nullableUnknown), (timeStamp, UNKNOWN, nullableUnknown)], keys=[], _rowList.size()=1], SCOPEDCONTENTCONDITIONS_SCOPEDCONTENT=org.dbunit.dataset.DefaultTable[_metaData=tableName=ScopedContentConditions_ScopedContent, columns=[], keys=[], _rowList.size()=0], USER=org.dbunit.dataset.DefaultTable[_metaData=tableName=User, columns=[], keys=[], _rowList.size()=0], SCOPEDCONTENT=org.dbunit.dataset.DefaultTable[_metaData=tableName=ScopedContent, columns=[(name, UNKNOWN, nullableUnknown), (description, UNKNOWN, nullableUnknown), (scope, UNKNOWN, nullableUnknown), (id, UNKNOWN, nullableUnknown), (timeStamp, UNKNOWN, nullableUnknown)], keys=[], _rowList.size()=1], REQUESTCONTEXT=org.dbunit.dataset.DefaultTable[_metaData=tableName=RequestContext, columns=[(path, UNKNOWN, nullableUnknown), (id, UNKNOWN, nullableUnknown), (timeStamp, UNKNOWN, nullableUnknown)], keys=[], _rowList.size()=1], AUTHORITY=org.dbunit.dataset.DefaultTable[_metaData=tableName=Authority, columns=[], keys=[], _rowList.size()=0], USERS_AUTHORITIES=org.dbunit.dataset.DefaultTable[_metaData=tableName=Users_Authorities, columns=[], keys=[], _rowList.size()=0], SCOPEDCONTENTITEM=org.dbunit.dataset.DefaultTable[_metaData=tableName=ScopedContentItem, columns=[(tagName, UNKNOWN, nullableUnknown), (cssClass, UNKNOWN, nullableUnknown), (content, UNKNOWN, nullableUnknown), (type, UNKNOWN, nullableUnknown), (id, UNKNOWN, nullableUnknown), (timeStamp, UNKNOWN, nullableUnknown)], keys=[], _rowList.size()=1], CAPTION=org.dbunit.dataset.DefaultTable[_metaData=tableName=Caption, columns=[], keys=[], _rowList.size()=0], SCOPEDCONTENTCONDITIONS_SCOPEDCONTENTITEM=org.dbunit.dataset.DefaultTable[_metaData=tableName=ScopedContentConditions_ScopedContentItem, columns=[], keys=[], _rowList.size()=0], SCOPEDCONTENTCONDITION=org.dbunit.dataset.DefaultTable[_metaData=tableName=ScopedContentCondition, columns=[(name, UNKNOWN, nullableUnknown), (description, UNKNOWN, nullableUnknown), (operator, UNKNOWN, nullableUnknown), (id, UNKNOWN, nullableUnknown), (timeStamp, UNKNOWN, nullableUnknown)], keys=[], _rowList.size()=1]}, _caseSensitiveTableNames=false]], reversed=false) - start
146965 [main] DEBUG org.dbunit.dataset.filter.SequenceTableFilter  - getTableNames(dataSet=AbstractDataSet[_orderedTableNameMap=org.dbunit.dataset.OrderedTableNameMap[_tableNames=[Scope, ScopedContentConditionAttribute, ScopedContent, ScopedContentCondition, ScopedContentItem, RequestContext, Authority, User, Users_Authorities, ScopedContent_ScopedContentItem, Scope_RequestContext, Caption, ScopedContentConditions_ScopedContent, ScopedContentConditions_ScopedContentItem, NestedScopedContentConditions], _tableMap={SCOPE_REQUESTCONTEXT=org.dbunit.dataset.DefaultTable[_metaData=tableName=Scope_RequestContext, columns=[], keys=[], _rowList.size()=0], NESTEDSCOPEDCONTENTCONDITIONS=org.dbunit.dataset.DefaultTable[_metaData=tableName=NestedScopedContentConditions, columns=[], keys=[], _rowList.size()=0], SCOPE=org.dbunit.dataset.DefaultTable[_metaData=tableName=Scope, columns=[(name, UNKNOWN, nullableUnknown), (description, UNKNOWN, nullableUnknown), (id, UNKNOWN, nullableUnknown), (timeStamp, UNKNOWN, nullableUnknown)], keys=[], _rowList.size()=1], SCOPEDCONTENT_SCOPEDCONTENTITEM=org.dbunit.dataset.DefaultTable[_metaData=tableName=ScopedContent_ScopedContentItem, columns=[], keys=[], _rowList.size()=0], SCOPEDCONTENTCONDITIONATTRIBUTE=org.dbunit.dataset.DefaultTable[_metaData=tableName=ScopedContentConditionAttribute, columns=[(key, UNKNOWN, nullableUnknown), (checkOrder, UNKNOWN, nullableUnknown), (className, UNKNOWN, nullableUnknown), (valuePath, UNKNOWN, nullableUnknown), (operator, UNKNOWN, nullableUnknown), (expectedValue, UNKNOWN, nullableUnknown), (expectedValueType, UNKNOWN, nullableUnknown), (scopedContentCondition, UNKNOWN, nullableUnknown), (id, UNKNOWN, nullableUnknown), (timeStamp, UNKNOWN, nullableUnknown)], keys=[], _rowList.size()=1], SCOPEDCONTENTCONDITIONS_SCOPEDCONTENT=org.dbunit.dataset.DefaultTable[_metaData=tableName=ScopedContentConditions_ScopedContent, columns=[], keys=[], _rowList.size()=0], USER=org.dbunit.dataset.DefaultTable[_metaData=tableName=User, columns=[], keys=[], _rowList.size()=0], SCOPEDCONTENT=org.dbunit.dataset.DefaultTable[_metaData=tableName=ScopedContent, columns=[(name, UNKNOWN, nullableUnknown), (description, UNKNOWN, nullableUnknown), (scope, UNKNOWN, nullableUnknown), (id, UNKNOWN, nullableUnknown), (timeStamp, UNKNOWN, nullableUnknown)], keys=[], _rowList.size()=1], REQUESTCONTEXT=org.dbunit.dataset.DefaultTable[_metaData=tableName=RequestContext, columns=[(path, UNKNOWN, nullableUnknown), (id, UNKNOWN, nullableUnknown), (timeStamp, UNKNOWN, nullableUnknown)], keys=[], _rowList.size()=1], AUTHORITY=org.dbunit.dataset.DefaultTable[_metaData=tableName=Authority, columns=[], keys=[], _rowList.size()=0], USERS_AUTHORITIES=org.dbunit.dataset.DefaultTable[_metaData=tableName=Users_Authorities, columns=[], keys=[], _rowList.size()=0], SCOPEDCONTENTITEM=org.dbunit.dataset.DefaultTable[_metaData=tableName=ScopedContentItem, columns=[(tagName, UNKNOWN, nullableUnknown), (cssClass, UNKNOWN, nullableUnknown), (content, UNKNOWN, nullableUnknown), (type, UNKNOWN, nullableUnknown), (id, UNKNOWN, nullableUnknown), (timeStamp, UNKNOWN, nullableUnknown)], keys=[], _rowList.size()=1], CAPTION=org.dbunit.dataset.DefaultTable[_metaData=tableName=Caption, columns=[], keys=[], _rowList.size()=0], SCOPEDCONTENTCONDITIONS_SCOPEDCONTENTITEM=org.dbunit.dataset.DefaultTable[_metaData=tableName=ScopedContentConditions_ScopedContentItem, columns=[], keys=[], _rowList.size()=0], SCOPEDCONTENTCONDITION=org.dbunit.dataset.DefaultTable[_metaData=tableName=ScopedContentCondition, columns=[(name, UNKNOWN, nullableUnknown), (description, UNKNOWN, nullableUnknown), (operator, UNKNOWN, nullableUnknown), (id, UNKNOWN, nullableUnknown), (timeStamp, UNKNOWN, nullableUnknown)], keys=[], _rowList.size()=1]}, _caseSensitiveTableNames=false]]) - start
146965 [main] DEBUG org.dbunit.dataset.AbstractDataSet  - getTableMetaData(tableName=AUTHORITY) - start
146965 [main] DEBUG org.dbunit.dataset.AbstractDataSet  - getTable(tableName=AUTHORITY) - start
146965 [main] DEBUG org.dbunit.dataset.AbstractDataSet  - initialize() - start
146965 [main] DEBUG org.dbunit.dataset.AbstractDataSet  - The table name map has already been initialized.
146965 [main] DEBUG org.dbunit.dataset.OrderedTableNameMap  - getTableName(tableName=AUTHORITY) - start
146965 [main] DEBUG org.dbunit.dataset.OrderedTableNameMap  - getTableName(tableName=AUTHORITY) - end - result=AUTHORITY
146965 [main] DEBUG org.dbunit.dataset.AbstractDataSet  - getTableMetaData(tableName=CAPTION) - start
146965 [main] DEBUG org.dbunit.dataset.AbstractDataSet  - getTable(tableName=CAPTION) - start
146965 [main] DEBUG org.dbunit.dataset.AbstractDataSet  - initialize() - start
146965 [main] DEBUG org.dbunit.dataset.AbstractDataSet  - The table name map has already been initialized.
146965 [main] DEBUG org.dbunit.dataset.OrderedTableNameMap  - getTableName(tableName=CAPTION) - start
146965 [main] DEBUG org.dbunit.dataset.OrderedTableNameMap  - getTableName(tableName=CAPTION) - end - result=CAPTION
146965 [main] DEBUG org.dbunit.dataset.AbstractDataSet  - getTableMetaData(tableName=SCOPEDCONTENTCONDITION) - start
146965 [main] DEBUG org.dbunit.dataset.AbstractDataSet  - getTable(tableName=SCOPEDCONTENTCONDITION) - start
146965 [main] DEBUG org.dbunit.dataset.AbstractDataSet  - initialize() - start
146965 [main] DEBUG org.dbunit.dataset.AbstractDataSet  - The table name map has already been initialized.
146965 [main] DEBUG org.dbunit.dataset.OrderedTableNameMap  - getTableName(tableName=SCOPEDCONTENTCONDITION) - start
146965 [main] DEBUG org.dbunit.dataset.OrderedTableNameMap  - getTableName(tableName=SCOPEDCONTENTCONDITION) - end - result=SCOPEDCONTENTCONDITION
146965 [main] DEBUG org.dbunit.dataset.AbstractDataSet  - getTableMetaData(tableName=NESTEDSCOPEDCONTENTCONDITIONS) - start
146966 [main] DEBUG org.dbunit.dataset.AbstractDataSet  - getTable(tableName=NESTEDSCOPEDCONTENTCONDITIONS) - start
146966 [main] DEBUG org.dbunit.dataset.AbstractDataSet  - initialize() - start
146966 [main] DEBUG org.dbunit.dataset.AbstractDataSet  - The table name map has already been initialized.
146966 [main] DEBUG org.dbunit.dataset.OrderedTableNameMap  - getTableName(tableName=NESTEDSCOPEDCONTENTCONDITIONS) - start
146966 [main] DEBUG org.dbunit.dataset.OrderedTableNameMap  - getTableName(tableName=NESTEDSCOPEDCONTENTCONDITIONS) - end - result=NESTEDSCOPEDCONTENTCONDITIONS
146966 [main] DEBUG org.dbunit.dataset.AbstractDataSet  - getTableMetaData(tableName=REQUESTCONTEXT) - start
146966 [main] DEBUG org.dbunit.dataset.AbstractDataSet  - getTable(tableName=REQUESTCONTEXT) - start
146966 [main] DEBUG org.dbunit.dataset.AbstractDataSet  - initialize() - start
146966 [main] DEBUG org.dbunit.dataset.AbstractDataSet  - The table name map has already been initialized.
146966 [main] DEBUG org.dbunit.dataset.OrderedTableNameMap  - getTableName(tableName=REQUESTCONTEXT) - start
146966 [main] DEBUG org.dbunit.dataset.OrderedTableNameMap  - getTableName(tableName=REQUESTCONTEXT) - end - result=REQUESTCONTEXT
146966 [main] DEBUG org.dbunit.dataset.AbstractDataSet  - getTableMetaData(tableName=SCOPE) - start
146966 [main] DEBUG org.dbunit.dataset.AbstractDataSet  - getTable(tableName=SCOPE) - start
146966 [main] DEBUG org.dbunit.dataset.AbstractDataSet  - initialize() - start
146966 [main] DEBUG org.dbunit.dataset.AbstractDataSet  - The table name map has already been initialized.
146966 [main] DEBUG org.dbunit.dataset.OrderedTableNameMap  - getTableName(tableName=SCOPE) - start
146966 [main] DEBUG org.dbunit.dataset.OrderedTableNameMap  - getTableName(tableName=SCOPE) - end - result=SCOPE
146966 [main] DEBUG org.dbunit.dataset.AbstractDataSet  - getTableMetaData(tableName=SCOPEDCONTENT) - start
146966 [main] DEBUG org.dbunit.dataset.AbstractDataSet  - getTable(tableName=SCOPEDCONTENT) - start
146966 [main] DEBUG org.dbunit.dataset.AbstractDataSet  - initialize() - start
146966 [main] DEBUG org.dbunit.dataset.AbstractDataSet  - The table name map has already been initialized.
146966 [main] DEBUG org.dbunit.dataset.OrderedTableNameMap  - getTableName(tableName=SCOPEDCONTENT) - start
146966 [main] DEBUG org.dbunit.dataset.OrderedTableNameMap  - getTableName(tableName=SCOPEDCONTENT) - end - result=SCOPEDCONTENT
146966 [main] DEBUG org.dbunit.dataset.AbstractDataSet  - getTableMetaData(tableName=SCOPEDCONTENTCONDITIONATTRIBUTE) - start
146966 [main] DEBUG org.dbunit.dataset.AbstractDataSet  - getTable(tableName=SCOPEDCONTENTCONDITIONATTRIBUTE) - start
146966 [main] DEBUG org.dbunit.dataset.AbstractDataSet  - initialize() - start
146966 [main] DEBUG org.dbunit.dataset.AbstractDataSet  - The table name map has already been initialized.
146966 [main] DEBUG org.dbunit.dataset.OrderedTableNameMap  - getTableName(tableName=SCOPEDCONTENTCONDITIONATTRIBUTE) - start
146966 [main] DEBUG org.dbunit.dataset.OrderedTableNameMap  - getTableName(tableName=SCOPEDCONTENTCONDITIONATTRIBUTE) - end - result=SCOPEDCONTENTCONDITIONATTRIBUTE
146966 [main] DEBUG org.dbunit.dataset.AbstractDataSet  - getTableMetaData(tableName=SCOPEDCONTENTCONDITIONS_SCOPEDCONTENT) - start
146967 [main] DEBUG org.dbunit.dataset.AbstractDataSet  - getTable(tableName=SCOPEDCONTENTCONDITIONS_SCOPEDCONTENT) - start
146967 [main] DEBUG org.dbunit.dataset.AbstractDataSet  - initialize() - start
146967 [main] DEBUG org.dbunit.dataset.AbstractDataSet  - The table name map has already been initialized.
146967 [main] DEBUG org.dbunit.dataset.OrderedTableNameMap  - getTableName(tableName=SCOPEDCONTENTCONDITIONS_SCOPEDCONTENT) - start
146967 [main] DEBUG org.dbunit.dataset.OrderedTableNameMap  - getTableName(tableName=SCOPEDCONTENTCONDITIONS_SCOPEDCONTENT) - end - result=SCOPEDCONTENTCONDITIONS_SCOPEDCONTENT
146967 [main] DEBUG org.dbunit.dataset.AbstractDataSet  - getTableMetaData(tableName=SCOPEDCONTENTITEM) - start
146967 [main] DEBUG org.dbunit.dataset.AbstractDataSet  - getTable(tableName=SCOPEDCONTENTITEM) - start
146967 [main] DEBUG org.dbunit.dataset.AbstractDataSet  - initialize() - start
146967 [main] DEBUG org.dbunit.dataset.AbstractDataSet  - The table name map has already been initialized.
146967 [main] DEBUG org.dbunit.dataset.OrderedTableNameMap  - getTableName(tableName=SCOPEDCONTENTITEM) - start
146967 [main] DEBUG org.dbunit.dataset.OrderedTableNameMap  - getTableName(tableName=SCOPEDCONTENTITEM) - end - result=SCOPEDCONTENTITEM
146967 [main] DEBUG org.dbunit.dataset.AbstractDataSet  - getTableMetaData(tableName=SCOPEDCONTENTCONDITIONS_SCOPEDCONTENTITEM) - start
146967 [main] DEBUG org.dbunit.dataset.AbstractDataSet  - getTable(tableName=SCOPEDCONTENTCONDITIONS_SCOPEDCONTENTITEM) - start
146967 [main] DEBUG org.dbunit.dataset.AbstractDataSet  - initialize() - start
146967 [main] DEBUG org.dbunit.dataset.AbstractDataSet  - The table name map has already been initialized.
146967 [main] DEBUG org.dbunit.dataset.OrderedTableNameMap  - getTableName(tableName=SCOPEDCONTENTCONDITIONS_SCOPEDCONTENTITEM) - start
146967 [main] DEBUG org.dbunit.dataset.OrderedTableNameMap  - getTableName(tableName=SCOPEDCONTENTCONDITIONS_SCOPEDCONTENTITEM) - end - result=SCOPEDCONTENTCONDITIONS_SCOPEDCONTENTITEM
146967 [main] DEBUG org.dbunit.dataset.AbstractDataSet  - getTableMetaData(tableName=SCOPEDCONTENT_SCOPEDCONTENTITEM) - start
146967 [main] DEBUG org.dbunit.dataset.AbstractDataSet  - getTable(tableName=SCOPEDCONTENT_SCOPEDCONTENTITEM) - start
146967 [main] DEBUG org.dbunit.dataset.AbstractDataSet  - initialize() - start
146967 [main] DEBUG org.dbunit.dataset.AbstractDataSet  - The table name map has already been initialized.
146967 [main] DEBUG org.dbunit.dataset.OrderedTableNameMap  - getTableName(tableName=SCOPEDCONTENT_SCOPEDCONTENTITEM) - start
146967 [main] DEBUG org.dbunit.dataset.OrderedTableNameMap  - getTableName(tableName=SCOPEDCONTENT_SCOPEDCONTENTITEM) - end - result=SCOPEDCONTENT_SCOPEDCONTENTITEM
146967 [main] DEBUG org.dbunit.dataset.AbstractDataSet  - getTableMetaData(tableName=SCOPE_REQUESTCONTEXT) - start
146967 [main] DEBUG org.dbunit.dataset.AbstractDataSet  - getTable(tableName=SCOPE_REQUESTCONTEXT) - start
146968 [main] DEBUG org.dbunit.dataset.AbstractDataSet  - initialize() - start
146968 [main] DEBUG org.dbunit.dataset.AbstractDataSet  - The table name map has already been initialized.
146968 [main] DEBUG org.dbunit.dataset.OrderedTableNameMap  - getTableName(tableName=SCOPE_REQUESTCONTEXT) - start
146968 [main] DEBUG org.dbunit.dataset.OrderedTableNameMap  - getTableName(tableName=SCOPE_REQUESTCONTEXT) - end - result=SCOPE_REQUESTCONTEXT
146968 [main] DEBUG org.dbunit.dataset.AbstractDataSet  - getTableMetaData(tableName=USER) - start
146968 [main] DEBUG org.dbunit.dataset.AbstractDataSet  - getTable(tableName=USER) - start
146968 [main] DEBUG org.dbunit.dataset.AbstractDataSet  - initialize() - start
146968 [main] DEBUG org.dbunit.dataset.AbstractDataSet  - The table name map has already been initialized.
146968 [main] DEBUG org.dbunit.dataset.OrderedTableNameMap  - getTableName(tableName=USER) - start
146968 [main] DEBUG org.dbunit.dataset.OrderedTableNameMap  - getTableName(tableName=USER) - end - result=USER
146968 [main] DEBUG org.dbunit.dataset.AbstractDataSet  - getTableMetaData(tableName=USERS_AUTHORITIES) - start
146968 [main] DEBUG org.dbunit.dataset.AbstractDataSet  - getTable(tableName=USERS_AUTHORITIES) - start
146968 [main] DEBUG org.dbunit.dataset.AbstractDataSet  - initialize() - start
146968 [main] DEBUG org.dbunit.dataset.AbstractDataSet  - The table name map has already been initialized.
146968 [main] DEBUG org.dbunit.dataset.OrderedTableNameMap  - getTableName(tableName=USERS_AUTHORITIES) - start
146968 [main] DEBUG org.dbunit.dataset.OrderedTableNameMap  - getTableName(tableName=USERS_AUTHORITIES) - end - result=USERS_AUTHORITIES
146968 [main] DEBUG org.dbunit.dataset.filter.SequenceTableIterator  - next() - start
146968 [main] DEBUG org.dbunit.dataset.filter.SequenceTableIterator  - getTable() - start
146968 [main] DEBUG org.dbunit.dataset.AbstractDataSet  - getTable(tableName=Authority) - start
146968 [main] DEBUG org.dbunit.dataset.AbstractDataSet  - initialize() - start
146968 [main] DEBUG org.dbunit.dataset.AbstractDataSet  - The table name map has already been initialized.
146968 [main] DEBUG org.dbunit.dataset.OrderedTableNameMap  - getTableName(tableName=Authority) - start
146968 [main] DEBUG org.dbunit.dataset.OrderedTableNameMap  - getTableName(tableName=Authority) - end - result=AUTHORITY
146968 [main] TRACE org.dbunit.operation.AbstractBatchOperation  - execute: processing table='Authority'
146968 [main] DEBUG org.dbunit.operation.AbstractBatchOperation  - isEmpty(table=org.dbunit.dataset.DefaultTable[_metaData=tableName=Authority, columns=[], keys=[], _rowList.size()=0]) - start
146968 [main] DEBUG org.dbunit.dataset.filter.SequenceTableIterator  - next() - start
146968 [main] DEBUG org.dbunit.dataset.filter.SequenceTableIterator  - getTable() - start
146968 [main] DEBUG org.dbunit.dataset.AbstractDataSet  - getTable(tableName=Caption) - start
146968 [main] DEBUG org.dbunit.dataset.AbstractDataSet  - initialize() - start
146968 [main] DEBUG org.dbunit.dataset.AbstractDataSet  - The table name map has already been initialized.
146969 [main] DEBUG org.dbunit.dataset.OrderedTableNameMap  - getTableName(tableName=Caption) - start
146969 [main] DEBUG org.dbunit.dataset.OrderedTableNameMap  - getTableName(tableName=Caption) - end - result=CAPTION
146969 [main] TRACE org.dbunit.operation.AbstractBatchOperation  - execute: processing table='Caption'
146969 [main] DEBUG org.dbunit.operation.AbstractBatchOperation  - isEmpty(table=org.dbunit.dataset.DefaultTable[_metaData=tableName=Caption, columns=[], keys=[], _rowList.size()=0]) - start
146969 [main] DEBUG org.dbunit.dataset.filter.SequenceTableIterator  - next() - start
146969 [main] DEBUG org.dbunit.dataset.filter.SequenceTableIterator  - getTable() - start
146969 [main] DEBUG org.dbunit.dataset.AbstractDataSet  - getTable(tableName=ScopedContentCondition) - start
146969 [main] DEBUG org.dbunit.dataset.AbstractDataSet  - initialize() - start
146969 [main] DEBUG org.dbunit.dataset.AbstractDataSet  - The table name map has already been initialized.
146969 [main] DEBUG org.dbunit.dataset.OrderedTableNameMap  - getTableName(tableName=ScopedContentCondition) - start
146969 [main] DEBUG org.dbunit.dataset.OrderedTableNameMap  - getTableName(tableName=ScopedContentCondition) - end - result=SCOPEDCONTENTCONDITION
146969 [main] TRACE org.dbunit.operation.AbstractBatchOperation  - execute: processing table='ScopedContentCondition'
146969 [main] DEBUG org.dbunit.operation.AbstractBatchOperation  - isEmpty(table=org.dbunit.dataset.DefaultTable[_metaData=tableName=ScopedContentCondition, columns=[(name, UNKNOWN, nullableUnknown), (description, UNKNOWN, nullableUnknown), (operator, UNKNOWN, nullableUnknown), (id, UNKNOWN, nullableUnknown), (timeStamp, UNKNOWN, nullableUnknown)], keys=[], _rowList.size()=1]) - start
146969 [main] DEBUG org.dbunit.dataset.DefaultTable  - getValue(row=0, column=name) - start
146969 [main] DEBUG org.dbunit.dataset.AbstractTable  - assertValidRowIndex(row=0) - start
146969 [main] DEBUG org.dbunit.dataset.AbstractTable  - assertValidRowIndex(row=0, rowCount=1) - start
146969 [main] DEBUG org.dbunit.dataset.AbstractTable  - getColumnIndex(columnName=name) - start
146969 [main] DEBUG org.dbunit.dataset.AbstractTableMetaData  - getColumnIndex(columnName=name) - start
146969 [main] DEBUG org.dbunit.operation.AbstractOperation  - getOperationMetaData(connection=_databaseConfig=org.dbunit.database.DatabaseConfig[, _propertyMap={http://www.dbunit.org/properties/statementFactory=org.dbunit.database.statement.PreparedStatementFactory@626bc2b8, http://www.dbunit.org/features/caseSensitiveTableNames=false, http://www.dbunit.org/properties/fetchSize=100, http://www.dbunit.org/features/batchedStatements=false, http://www.dbunit.org/properties/metadataHandler=org.dbunit.database.DefaultMetadataHandler@3bbfdfde, http://www.dbunit.org/properties/datatypeFactory=org.dbunit.dataset.datatype.DefaultDataTypeFactory[_toleratedDeltaMap=org.dbunit.dataset.datatype.ToleratedDeltaMap@6452310a], http://www.dbunit.org/properties/escapePattern=null, http://www.dbunit.org/properties/batchSize=100, http://www.dbunit.org/features/qualifiedTableNames=false, http://www.dbunit.org/properties/tableType=[Ljava.lang.String;@5011bafa, http://www.dbunit.org/properties/resultSetTableFactory=org.dbunit.database.CachedResultSetTableFactory@10bcf083, http://www.dbunit.org/features/datatypeWarning=true}], _dataSet=AbstractDataSet[_orderedTableNameMap=null], metaData=tableName=ScopedContentCondition, columns=[(name, UNKNOWN, nullableUnknown), (description, UNKNOWN, nullableUnknown), (operator, UNKNOWN, nullableUnknown), (id, UNKNOWN, nullableUnknown), (timeStamp, UNKNOWN, nullableUnknown)], keys=[]) - start
146969 [main] DEBUG org.dbunit.database.AbstractDatabaseConnection  - createDataSet() - start
146970 [main] DEBUG org.dbunit.database.DatabaseDataSet  - getTableMetaData(tableName=ScopedContentCondition) - start
146970 [main] DEBUG org.dbunit.database.DatabaseDataSet  - initialize() - start
146970 [main] DEBUG org.dbunit.dataset.OrderedTableNameMap  - getTableName(tableName=ScopedContentCondition) - start
146970 [main] DEBUG org.dbunit.dataset.OrderedTableNameMap  - getTableName(tableName=ScopedContentCondition) - end - result=SCOPEDCONTENTCONDITION
146970 [main] DEBUG org.dbunit.dataset.OrderedTableNameMap  - getTableName(tableName=ScopedContentCondition) - start
146970 [main] DEBUG org.dbunit.dataset.OrderedTableNameMap  - getTableName(tableName=ScopedContentCondition) - end - result=SCOPEDCONTENTCONDITION
146970 [main] DEBUG org.dbunit.dataset.AbstractTableMetaData  - getColumnIndex(columnName=name) - start
146970 [main] DEBUG org.dbunit.database.DatabaseTableMetaData  - getColumns() - start
146970 [main] DEBUG org.dbunit.database.DatabaseTableMetaData  - getColumns() - start
146970 [main] DEBUG org.dbunit.dataset.AbstractTableMetaData  - getColumnIndex(columnName=description) - start
146970 [main] DEBUG org.dbunit.database.DatabaseTableMetaData  - getColumns() - start
146970 [main] DEBUG org.dbunit.dataset.AbstractTableMetaData  - getColumnIndex(columnName=operator) - start
146970 [main] DEBUG org.dbunit.database.DatabaseTableMetaData  - getColumns() - start
146970 [main] DEBUG org.dbunit.dataset.AbstractTableMetaData  - getColumnIndex(columnName=id) - start
146970 [main] DEBUG org.dbunit.database.DatabaseTableMetaData  - getColumns() - start
146970 [main] DEBUG org.dbunit.dataset.AbstractTableMetaData  - getColumnIndex(columnName=timeStamp) - start
146970 [main] DEBUG org.dbunit.database.DatabaseTableMetaData  - getColumns() - start
146970 [main] DEBUG org.dbunit.database.DatabaseTableMetaData  - getPrimaryKeys() - start
146970 [main] TRACE org.dbunit.database.DatabaseConfig  - getProperty(name=http://www.dbunit.org/properties/primaryKeyFilter) - start
146970 [main] DEBUG org.dbunit.operation.InsertOperation  - getIgnoreMapping(table=org.dbunit.dataset.DefaultTable[_metaData=tableName=ScopedContentCondition, columns=[(name, UNKNOWN, nullableUnknown), (description, UNKNOWN, nullableUnknown), (operator, UNKNOWN, nullableUnknown), (id, UNKNOWN, nullableUnknown), (timeStamp, UNKNOWN, nullableUnknown)], keys=[], _rowList.size()=1], row=0) - start
146970 [main] DEBUG org.dbunit.dataset.DefaultTable  - getValue(row=0, column=name) - start
146970 [main] DEBUG org.dbunit.dataset.AbstractTable  - assertValidRowIndex(row=0) - start
146970 [main] DEBUG org.dbunit.dataset.AbstractTable  - assertValidRowIndex(row=0, rowCount=1) - start
146970 [main] DEBUG org.dbunit.dataset.AbstractTable  - getColumnIndex(columnName=name) - start
146970 [main] DEBUG org.dbunit.dataset.AbstractTableMetaData  - getColumnIndex(columnName=name) - start
146970 [main] DEBUG org.dbunit.dataset.DefaultTable  - getValue(row=0, column=description) - start
146970 [main] DEBUG org.dbunit.dataset.AbstractTable  - assertValidRowIndex(row=0) - start
146970 [main] DEBUG org.dbunit.dataset.AbstractTable  - assertValidRowIndex(row=0, rowCount=1) - start
146970 [main] DEBUG org.dbunit.dataset.AbstractTable  - getColumnIndex(columnName=description) - start
146970 [main] DEBUG org.dbunit.dataset.AbstractTableMetaData  - getColumnIndex(columnName=description) - start
146970 [main] DEBUG org.dbunit.dataset.DefaultTable  - getValue(row=0, column=operator) - start
146971 [main] DEBUG org.dbunit.dataset.AbstractTable  - assertValidRowIndex(row=0) - start
146971 [main] DEBUG org.dbunit.dataset.AbstractTable  - assertValidRowIndex(row=0, rowCount=1) - start
146971 [main] DEBUG org.dbunit.dataset.AbstractTable  - getColumnIndex(columnName=operator) - start
146971 [main] DEBUG org.dbunit.dataset.AbstractTableMetaData  - getColumnIndex(columnName=operator) - start
146971 [main] DEBUG org.dbunit.dataset.DefaultTable  - getValue(row=0, column=id) - start
146971 [main] DEBUG org.dbunit.dataset.AbstractTable  - assertValidRowIndex(row=0) - start
146971 [main] DEBUG org.dbunit.dataset.AbstractTable  - assertValidRowIndex(row=0, rowCount=1) - start
146971 [main] DEBUG org.dbunit.dataset.AbstractTable  - getColumnIndex(columnName=id) - start
146971 [main] DEBUG org.dbunit.dataset.AbstractTableMetaData  - getColumnIndex(columnName=id) - start
146971 [main] DEBUG org.dbunit.dataset.DefaultTable  - getValue(row=0, column=timeStamp) - start
146971 [main] DEBUG org.dbunit.dataset.AbstractTable  - assertValidRowIndex(row=0) - start
146971 [main] DEBUG org.dbunit.dataset.AbstractTable  - assertValidRowIndex(row=0, rowCount=1) - start
146971 [main] DEBUG org.dbunit.dataset.AbstractTable  - getColumnIndex(columnName=timeStamp) - start
146971 [main] DEBUG org.dbunit.dataset.AbstractTableMetaData  - getColumnIndex(columnName=timeStamp) - start
146971 [main] DEBUG org.dbunit.operation.InsertOperation  - getOperationData(metaData=tableName=SCOPEDCONTENTCONDITION, columns=[(NAME, VARCHAR, noNulls), (DESCRIPTION, VARCHAR, nullable), (OPERATOR, VARCHAR, noNulls), (ID, INTEGER, noNulls), (TIMESTAMP, TIMESTAMP, nullable)], keys=[(ID, INTEGER, noNulls)], ignoreMapping={}, connection=_databaseConfig=org.dbunit.database.DatabaseConfig[, _propertyMap={http://www.dbunit.org/properties/statementFactory=org.dbunit.database.statement.PreparedStatementFactory@626bc2b8, http://www.dbunit.org/features/caseSensitiveTableNames=false, http://www.dbunit.org/properties/fetchSize=100, http://www.dbunit.org/features/batchedStatements=false, http://www.dbunit.org/properties/metadataHandler=org.dbunit.database.DefaultMetadataHandler@3bbfdfde, http://www.dbunit.org/properties/datatypeFactory=org.dbunit.dataset.datatype.DefaultDataTypeFactory[_toleratedDeltaMap=org.dbunit.dataset.datatype.ToleratedDeltaMap@6452310a], http://www.dbunit.org/properties/escapePattern=null, http://www.dbunit.org/properties/batchSize=100, http://www.dbunit.org/features/qualifiedTableNames=false, http://www.dbunit.org/properties/tableType=[Ljava.lang.String;@5011bafa, http://www.dbunit.org/properties/resultSetTableFactory=org.dbunit.database.CachedResultSetTableFactory@10bcf083, http://www.dbunit.org/features/datatypeWarning=true}], _dataSet=AbstractDataSet[_orderedTableNameMap=null]) - start
146971 [main] DEBUG org.dbunit.operation.AbstractOperation  - getQualifiedName(prefix=null, name=SCOPEDCONTENTCONDITION, connection=_databaseConfig=org.dbunit.database.DatabaseConfig[, _propertyMap={http://www.dbunit.org/properties/statementFactory=org.dbunit.database.statement.PreparedStatementFactory@626bc2b8, http://www.dbunit.org/features/caseSensitiveTableNames=false, http://www.dbunit.org/properties/fetchSize=100, http://www.dbunit.org/features/batchedStatements=false, http://www.dbunit.org/properties/metadataHandler=org.dbunit.database.DefaultMetadataHandler@3bbfdfde, http://www.dbunit.org/properties/datatypeFactory=org.dbunit.dataset.datatype.DefaultDataTypeFactory[_toleratedDeltaMap=org.dbunit.dataset.datatype.ToleratedDeltaMap@6452310a], http://www.dbunit.org/properties/escapePattern=null, http://www.dbunit.org/properties/batchSize=100, http://www.dbunit.org/features/qualifiedTableNames=false, http://www.dbunit.org/properties/tableType=[Ljava.lang.String;@5011bafa, http://www.dbunit.org/properties/resultSetTableFactory=org.dbunit.database.CachedResultSetTableFactory@10bcf083, http://www.dbunit.org/features/datatypeWarning=true}], _dataSet=AbstractDataSet[_orderedTableNameMap=null]) - start
146972 [main] TRACE org.dbunit.database.DatabaseConfig  - getProperty(name=http://www.dbunit.org/properties/escapePattern) - start
146972 [main] DEBUG org.dbunit.util.QualifiedTableName  - getQualifiedName() - start
146972 [main] DEBUG org.dbunit.util.QualifiedTableName  - getQualifiedName(prefix=null, name=SCOPEDCONTENTCONDITION, escapePattern=null) - start
146972 [main] DEBUG org.dbunit.operation.AbstractOperation  - getQualifiedName(prefix=null, name=NAME, connection=_databaseConfig=org.dbunit.database.DatabaseConfig[, _propertyMap={http://www.dbunit.org/properties/statementFactory=org.dbunit.database.statement.PreparedStatementFactory@626bc2b8, http://www.dbunit.org/features/caseSensitiveTableNames=false, http://www.dbunit.org/properties/fetchSize=100, http://www.dbunit.org/features/batchedStatements=false, http://www.dbunit.org/properties/metadataHandler=org.dbunit.database.DefaultMetadataHandler@3bbfdfde, http://www.dbunit.org/properties/datatypeFactory=org.dbunit.dataset.datatype.DefaultDataTypeFactory[_toleratedDeltaMap=org.dbunit.dataset.datatype.ToleratedDeltaMap@6452310a], http://www.dbunit.org/properties/escapePattern=null, http://www.dbunit.org/properties/batchSize=100, http://www.dbunit.org/features/qualifiedTableNames=false, http://www.dbunit.org/properties/tableType=[Ljava.lang.String;@5011bafa, http://www.dbunit.org/properties/resultSetTableFactory=org.dbunit.database.CachedResultSetTableFactory@10bcf083, http://www.dbunit.org/features/datatypeWarning=true}], _dataSet=AbstractDataSet[_orderedTableNameMap=null]) - start
146972 [main] TRACE org.dbunit.database.DatabaseConfig  - getProperty(name=http://www.dbunit.org/properties/escapePattern) - start
146972 [main] DEBUG org.dbunit.util.QualifiedTableName  - getQualifiedName() - start
146972 [main] DEBUG org.dbunit.util.QualifiedTableName  - getQualifiedName(prefix=null, name=NAME, escapePattern=null) - start
146972 [main] DEBUG org.dbunit.operation.AbstractOperation  - getQualifiedName(prefix=null, name=DESCRIPTION, connection=_databaseConfig=org.dbunit.database.DatabaseConfig[, _propertyMap={http://www.dbunit.org/properties/statementFactory=org.dbunit.database.statement.PreparedStatementFactory@626bc2b8, http://www.dbunit.org/features/caseSensitiveTableNames=false, http://www.dbunit.org/properties/fetchSize=100, http://www.dbunit.org/features/batchedStatements=false, http://www.dbunit.org/properties/metadataHandler=org.dbunit.database.DefaultMetadataHandler@3bbfdfde, http://www.dbunit.org/properties/datatypeFactory=org.dbunit.dataset.datatype.DefaultDataTypeFactory[_toleratedDeltaMap=org.dbunit.dataset.datatype.ToleratedDeltaMap@6452310a], http://www.dbunit.org/properties/escapePattern=null, http://www.dbunit.org/properties/batchSize=100, http://www.dbunit.org/features/qualifiedTableNames=false, http://www.dbunit.org/properties/tableType=[Ljava.lang.String;@5011bafa, http://www.dbunit.org/properties/resultSetTableFactory=org.dbunit.database.CachedResultSetTableFactory@10bcf083, http://www.dbunit.org/features/datatypeWarning=true}], _dataSet=AbstractDataSet[_orderedTableNameMap=null]) - start
146972 [main] TRACE org.dbunit.database.DatabaseConfig  - getProperty(name=http://www.dbunit.org/properties/escapePattern) - start
146972 [main] DEBUG org.dbunit.util.QualifiedTableName  - getQualifiedName() - start
146972 [main] DEBUG org.dbunit.util.QualifiedTableName  - getQualifiedName(prefix=null, name=DESCRIPTION, escapePattern=null) - start
146972 [main] DEBUG org.dbunit.operation.AbstractOperation  - getQualifiedName(prefix=null, name=OPERATOR, connection=_databaseConfig=org.dbunit.database.DatabaseConfig[, _propertyMap={http://www.dbunit.org/properties/statementFactory=org.dbunit.database.statement.PreparedStatementFactory@626bc2b8, http://www.dbunit.org/features/caseSensitiveTableNames=false, http://www.dbunit.org/properties/fetchSize=100, http://www.dbunit.org/features/batchedStatements=false, http://www.dbunit.org/properties/metadataHandler=org.dbunit.database.DefaultMetadataHandler@3bbfdfde, http://www.dbunit.org/properties/datatypeFactory=org.dbunit.dataset.datatype.DefaultDataTypeFactory[_toleratedDeltaMap=org.dbunit.dataset.datatype.ToleratedDeltaMap@6452310a], http://www.dbunit.org/properties/escapePattern=null, http://www.dbunit.org/properties/batchSize=100, http://www.dbunit.org/features/qualifiedTableNames=false, http://www.dbunit.org/properties/tableType=[Ljava.lang.String;@5011bafa, http://www.dbunit.org/properties/resultSetTableFactory=org.dbunit.database.CachedResultSetTableFactory@10bcf083, http://www.dbunit.org/features/datatypeWarning=true}], _dataSet=AbstractDataSet[_orderedTableNameMap=null]) - start
146972 [main] TRACE org.dbunit.database.DatabaseConfig  - getProperty(name=http://www.dbunit.org/properties/escapePattern) - start
146972 [main] DEBUG org.dbunit.util.QualifiedTableName  - getQualifiedName() - start
146972 [main] DEBUG org.dbunit.util.QualifiedTableName  - getQualifiedName(prefix=null, name=OPERATOR, escapePattern=null) - start
146972 [main] DEBUG org.dbunit.operation.AbstractOperation  - getQualifiedName(prefix=null, name=ID, connection=_databaseConfig=org.dbunit.database.DatabaseConfig[, _propertyMap={http://www.dbunit.org/properties/statementFactory=org.dbunit.database.statement.PreparedStatementFactory@626bc2b8, http://www.dbunit.org/features/caseSensitiveTableNames=false, http://www.dbunit.org/properties/fetchSize=100, http://www.dbunit.org/features/batchedStatements=false, http://www.dbunit.org/properties/metadataHandler=org.dbunit.database.DefaultMetadataHandler@3bbfdfde, http://www.dbunit.org/properties/datatypeFactory=org.dbunit.dataset.datatype.DefaultDataTypeFactory[_toleratedDeltaMap=org.dbunit.dataset.datatype.ToleratedDeltaMap@6452310a], http://www.dbunit.org/properties/escapePattern=null, http://www.dbunit.org/properties/batchSize=100, http://www.dbunit.org/features/qualifiedTableNames=false, http://www.dbunit.org/properties/tableType=[Ljava.lang.String;@5011bafa, http://www.dbunit.org/properties/resultSetTableFactory=org.dbunit.database.CachedResultSetTableFactory@10bcf083, http://www.dbunit.org/features/datatypeWarning=true}], _dataSet=AbstractDataSet[_orderedTableNameMap=null]) - start
146972 [main] TRACE org.dbunit.database.DatabaseConfig  - getProperty(name=http://www.dbunit.org/properties/escapePattern) - start
146972 [main] DEBUG org.dbunit.util.QualifiedTableName  - getQualifiedName() - start
146972 [main] DEBUG org.dbunit.util.QualifiedTableName  - getQualifiedName(prefix=null, name=ID, escapePattern=null) - start
146973 [main] DEBUG org.dbunit.operation.AbstractOperation  - getQualifiedName(prefix=null, name=TIMESTAMP, connection=_databaseConfig=org.dbunit.database.DatabaseConfig[, _propertyMap={http://www.dbunit.org/properties/statementFactory=org.dbunit.database.statement.PreparedStatementFactory@626bc2b8, http://www.dbunit.org/features/caseSensitiveTableNames=false, http://www.dbunit.org/properties/fetchSize=100, http://www.dbunit.org/features/batchedStatements=false, http://www.dbunit.org/properties/metadataHandler=org.dbunit.database.DefaultMetadataHandler@3bbfdfde, http://www.dbunit.org/properties/datatypeFactory=org.dbunit.dataset.datatype.DefaultDataTypeFactory[_toleratedDeltaMap=org.dbunit.dataset.datatype.ToleratedDeltaMap@6452310a], http://www.dbunit.org/properties/escapePattern=null, http://www.dbunit.org/properties/batchSize=100, http://www.dbunit.org/features/qualifiedTableNames=false, http://www.dbunit.org/properties/tableType=[Ljava.lang.String;@5011bafa, http://www.dbunit.org/properties/resultSetTableFactory=org.dbunit.database.CachedResultSetTableFactory@10bcf083, http://www.dbunit.org/features/datatypeWarning=true}], _dataSet=AbstractDataSet[_orderedTableNameMap=null]) - start
146973 [main] TRACE org.dbunit.database.DatabaseConfig  - getProperty(name=http://www.dbunit.org/properties/escapePattern) - start
146973 [main] DEBUG org.dbunit.util.QualifiedTableName  - getQualifiedName() - start
146973 [main] DEBUG org.dbunit.util.QualifiedTableName  - getQualifiedName(prefix=null, name=TIMESTAMP, escapePattern=null) - start
146973 [main] DEBUG org.dbunit.database.statement.PreparedStatementFactory  - createPreparedBatchStatement(sql=insert into SCOPEDCONTENTCONDITION (NAME, DESCRIPTION, OPERATOR, ID, TIMESTAMP) values (?, ?, ?, ?, ?), connection=_databaseConfig=org.dbunit.database.DatabaseConfig[, _propertyMap={http://www.dbunit.org/properties/statementFactory=org.dbunit.database.statement.PreparedStatementFactory@626bc2b8, http://www.dbunit.org/features/caseSensitiveTableNames=false, http://www.dbunit.org/properties/fetchSize=100, http://www.dbunit.org/features/batchedStatements=false, http://www.dbunit.org/properties/metadataHandler=org.dbunit.database.DefaultMetadataHandler@3bbfdfde, http://www.dbunit.org/properties/datatypeFactory=org.dbunit.dataset.datatype.DefaultDataTypeFactory[_toleratedDeltaMap=org.dbunit.dataset.datatype.ToleratedDeltaMap@6452310a], http://www.dbunit.org/properties/escapePattern=null, http://www.dbunit.org/properties/batchSize=100, http://www.dbunit.org/features/qualifiedTableNames=false, http://www.dbunit.org/properties/tableType=[Ljava.lang.String;@5011bafa, http://www.dbunit.org/properties/resultSetTableFactory=org.dbunit.database.CachedResultSetTableFactory@10bcf083, http://www.dbunit.org/features/datatypeWarning=true}], _dataSet=AbstractDataSet[_orderedTableNameMap=null]) - start
146973 [main] TRACE org.dbunit.database.DatabaseConfig  - getProperty(name=http://www.dbunit.org/properties/batchSize) - start
146973 [main] DEBUG org.dbunit.database.statement.AbstractStatementFactory  - supportBatchStatement(connection=_databaseConfig=org.dbunit.database.DatabaseConfig[, _propertyMap={http://www.dbunit.org/properties/statementFactory=org.dbunit.database.statement.PreparedStatementFactory@626bc2b8, http://www.dbunit.org/features/caseSensitiveTableNames=false, http://www.dbunit.org/properties/fetchSize=100, http://www.dbunit.org/features/batchedStatements=false, http://www.dbunit.org/properties/metadataHandler=org.dbunit.database.DefaultMetadataHandler@3bbfdfde, http://www.dbunit.org/properties/datatypeFactory=org.dbunit.dataset.datatype.DefaultDataTypeFactory[_toleratedDeltaMap=org.dbunit.dataset.datatype.ToleratedDeltaMap@6452310a], http://www.dbunit.org/properties/escapePattern=null, http://www.dbunit.org/properties/batchSize=100, http://www.dbunit.org/features/qualifiedTableNames=false, http://www.dbunit.org/properties/tableType=[Ljava.lang.String;@5011bafa, http://www.dbunit.org/properties/resultSetTableFactory=org.dbunit.database.CachedResultSetTableFactory@10bcf083, http://www.dbunit.org/features/datatypeWarning=true}], _dataSet=AbstractDataSet[_orderedTableNameMap=null]) - start
146973 [main] TRACE org.dbunit.database.DatabaseConfig  - getFeature(name=http://www.dbunit.org/features/batchedStatements) - start
146973 [main] TRACE org.dbunit.database.DatabaseConfig  - getProperty(name=http://www.dbunit.org/features/batchedStatements) - start
146973 [main] DEBUG org.dbunit.database.DatabaseDataSourceConnection  - getConnection() - start
146973 [main] DEBUG org.dbunit.dataset.DefaultTable  - getValue(row=0, column=NAME) - start
146973 [main] DEBUG org.dbunit.dataset.AbstractTable  - assertValidRowIndex(row=0) - start
146973 [main] DEBUG org.dbunit.dataset.AbstractTable  - assertValidRowIndex(row=0, rowCount=1) - start
146973 [main] DEBUG org.dbunit.dataset.AbstractTable  - getColumnIndex(columnName=NAME) - start
146974 [main] DEBUG org.dbunit.dataset.AbstractTableMetaData  - getColumnIndex(columnName=NAME) - start
146974 [main] DEBUG org.dbunit.database.statement.AutomaticPreparedBatchStatement  - addValue(value=9, dataType=VARCHAR) - start
146974 [main] DEBUG org.dbunit.database.statement.SimplePreparedStatement  - addValue(value=9, dataType=VARCHAR) - start
146974 [main] DEBUG org.dbunit.dataset.datatype.StringDataType  - setSqlValue(value=9, column=1, statement=org.hsqldb.jdbc.JDBCPreparedStatement@3da40a3[sql=[insert into SCOPEDCONTENTCONDITION (NAME, DESCRIPTION, OPERATOR, ID, TIMESTAMP) values (?, ?, ?, ?, ?)], parameters=[[null], [null], [null], [null], [null]]]) - start
146974 [main] DEBUG org.dbunit.dataset.datatype.DataType  - asString(value=9) - start
146974 [main] DEBUG org.dbunit.dataset.datatype.StringDataType  - typeCast(value=9) - start
146974 [main] DEBUG org.dbunit.dataset.DefaultTable  - getValue(row=0, column=DESCRIPTION) - start
146974 [main] DEBUG org.dbunit.dataset.AbstractTable  - assertValidRowIndex(row=0) - start
146974 [main] DEBUG org.dbunit.dataset.AbstractTable  - assertValidRowIndex(row=0, rowCount=1) - start
146974 [main] DEBUG org.dbunit.dataset.AbstractTable  - getColumnIndex(columnName=DESCRIPTION) - start
146974 [main] DEBUG org.dbunit.dataset.AbstractTableMetaData  - getColumnIndex(columnName=DESCRIPTION) - start
146974 [main] DEBUG org.dbunit.database.statement.AutomaticPreparedBatchStatement  - addValue(value=10, dataType=VARCHAR) - start
146974 [main] DEBUG org.dbunit.database.statement.SimplePreparedStatement  - addValue(value=10, dataType=VARCHAR) - start
146974 [main] DEBUG org.dbunit.dataset.datatype.StringDataType  - setSqlValue(value=10, column=2, statement=org.hsqldb.jdbc.JDBCPreparedStatement@3da40a3[sql=[insert into SCOPEDCONTENTCONDITION (NAME, DESCRIPTION, OPERATOR, ID, TIMESTAMP) values (?, ?, ?, ?, ?)], parameters=[[9], [null], [null], [null], [null]]]) - start
146974 [main] DEBUG org.dbunit.dataset.datatype.DataType  - asString(value=10) - start
146974 [main] DEBUG org.dbunit.dataset.datatype.StringDataType  - typeCast(value=10) - start
146974 [main] DEBUG org.dbunit.dataset.DefaultTable  - getValue(row=0, column=OPERATOR) - start
146974 [main] DEBUG org.dbunit.dataset.AbstractTable  - assertValidRowIndex(row=0) - start
146974 [main] DEBUG org.dbunit.dataset.AbstractTable  - assertValidRowIndex(row=0, rowCount=1) - start
146974 [main] DEBUG org.dbunit.dataset.AbstractTable  - getColumnIndex(columnName=OPERATOR) - start
146974 [main] DEBUG org.dbunit.dataset.AbstractTableMetaData  - getColumnIndex(columnName=OPERATOR) - start
146974 [main] DEBUG org.dbunit.database.statement.AutomaticPreparedBatchStatement  - addValue(value=And, dataType=VARCHAR) - start
146974 [main] DEBUG org.dbunit.database.statement.SimplePreparedStatement  - addValue(value=And, dataType=VARCHAR) - start
146974 [main] DEBUG org.dbunit.dataset.datatype.StringDataType  - setSqlValue(value=And, column=3, statement=org.hsqldb.jdbc.JDBCPreparedStatement@3da40a3[sql=[insert into SCOPEDCONTENTCONDITION (NAME, DESCRIPTION, OPERATOR, ID, TIMESTAMP) values (?, ?, ?, ?, ?)], parameters=[[9], [10], [null], [null], [null]]]) - start
146974 [main] DEBUG org.dbunit.dataset.datatype.DataType  - asString(value=And) - start
146974 [main] DEBUG org.dbunit.dataset.datatype.StringDataType  - typeCast(value=And) - start
146974 [main] WARN  org.dbunit.dataset.datatype.StringDataType  - Unknown/unsupported object type 'com.tmt.kontroll.content.persistence.selections.ConditionalOperator' - will invoke toString() as last fallback which might produce undesired results
146975 [main] DEBUG org.dbunit.dataset.DefaultTable  - getValue(row=0, column=ID) - start
146975 [main] DEBUG org.dbunit.dataset.AbstractTable  - assertValidRowIndex(row=0) - start
146975 [main] DEBUG org.dbunit.dataset.AbstractTable  - assertValidRowIndex(row=0, rowCount=1) - start
146975 [main] DEBUG org.dbunit.dataset.AbstractTable  - getColumnIndex(columnName=ID) - start
146975 [main] DEBUG org.dbunit.dataset.AbstractTableMetaData  - getColumnIndex(columnName=ID) - start
146975 [main] DEBUG org.dbunit.database.statement.AutomaticPreparedBatchStatement  - addValue(value=1, dataType=INTEGER) - start
146975 [main] DEBUG org.dbunit.database.statement.SimplePreparedStatement  - addValue(value=1, dataType=INTEGER) - start
146975 [main] DEBUG org.dbunit.dataset.datatype.IntegerDataType  - setSqlValue(value=1, column=4, statement=org.hsqldb.jdbc.JDBCPreparedStatement@3da40a3[sql=[insert into SCOPEDCONTENTCONDITION (NAME, DESCRIPTION, OPERATOR, ID, TIMESTAMP) values (?, ?, ?, ?, ?)], parameters=[[9], [10], [And], [null], [null]]]) - start
146975 [main] DEBUG org.dbunit.dataset.datatype.IntegerDataType  - typeCast(value=1) - start
146975 [main] DEBUG org.dbunit.dataset.DefaultTable  - getValue(row=0, column=TIMESTAMP) - start
146975 [main] DEBUG org.dbunit.dataset.AbstractTable  - assertValidRowIndex(row=0) - start
146975 [main] DEBUG org.dbunit.dataset.AbstractTable  - assertValidRowIndex(row=0, rowCount=1) - start
146975 [main] DEBUG org.dbunit.dataset.AbstractTable  - getColumnIndex(columnName=TIMESTAMP) - start
146975 [main] DEBUG org.dbunit.dataset.AbstractTableMetaData  - getColumnIndex(columnName=TIMESTAMP) - start
146975 [main] DEBUG org.dbunit.database.statement.AutomaticPreparedBatchStatement  - addValue(value=2014-02-26 12:43:28.083, dataType=TIMESTAMP) - start
146975 [main] DEBUG org.dbunit.database.statement.SimplePreparedStatement  - addValue(value=2014-02-26 12:43:28.083, dataType=TIMESTAMP) - start
146975 [main] DEBUG org.dbunit.dataset.datatype.TimestampDataType  - setSqlValue(value=2014-02-26 12:43:28.083, column=5, statement=org.hsqldb.jdbc.JDBCPreparedStatement@3da40a3[sql=[insert into SCOPEDCONTENTCONDITION (NAME, DESCRIPTION, OPERATOR, ID, TIMESTAMP) values (?, ?, ?, ?, ?)], parameters=[[9], [10], [And], [1], [null]]]) - start
146975 [main] DEBUG org.dbunit.dataset.datatype.TimestampDataType  - typeCast(value=2014-02-26 12:43:28.083) - start
146975 [main] DEBUG org.dbunit.database.statement.AutomaticPreparedBatchStatement  - addBatch() - start
146975 [main] DEBUG org.dbunit.database.statement.SimplePreparedStatement  - addBatch() - start
146976 [main] DEBUG org.dbunit.operation.InsertOperation  - equalsIgnoreMapping(ignoreMapping={}, table=org.dbunit.dataset.DefaultTable[_metaData=tableName=ScopedContentCondition, columns=[(name, UNKNOWN, nullableUnknown), (description, UNKNOWN, nullableUnknown), (operator, UNKNOWN, nullableUnknown), (id, UNKNOWN, nullableUnknown), (timeStamp, UNKNOWN, nullableUnknown)], keys=[], _rowList.size()=1], row=1) - start
146976 [main] DEBUG org.dbunit.dataset.DefaultTable  - getValue(row=1, column=name) - start
146976 [main] DEBUG org.dbunit.dataset.AbstractTable  - assertValidRowIndex(row=1) - start
146976 [main] DEBUG org.dbunit.dataset.AbstractTable  - assertValidRowIndex(row=1, rowCount=1) - start
146976 [main] DEBUG org.dbunit.database.statement.AutomaticPreparedBatchStatement  - executeBatch() - start
146976 [main] DEBUG org.dbunit.database.statement.SimplePreparedStatement  - executeBatch() - start
146976 [main] DEBUG org.dbunit.database.statement.SimplePreparedStatement  - clearBatch() - start
146976 [main] DEBUG org.dbunit.database.statement.AutomaticPreparedBatchStatement  - clearBatch() - start
146976 [main] DEBUG org.dbunit.database.statement.SimplePreparedStatement  - clearBatch() - start
146976 [main] DEBUG org.dbunit.database.statement.AutomaticPreparedBatchStatement  - close() - start
146976 [main] DEBUG org.dbunit.database.statement.AbstractPreparedBatchStatement  - close() - start
146976 [main] DEBUG org.dbunit.dataset.filter.SequenceTableIterator  - next() - start
146976 [main] DEBUG org.dbunit.dataset.filter.SequenceTableIterator  - getTable() - start
146976 [main] DEBUG org.dbunit.dataset.AbstractDataSet  - getTable(tableName=NestedScopedContentConditions) - start
146976 [main] DEBUG org.dbunit.dataset.AbstractDataSet  - initialize() - start
146976 [main] DEBUG org.dbunit.dataset.AbstractDataSet  - The table name map has already been initialized.
146976 [main] DEBUG org.dbunit.dataset.OrderedTableNameMap  - getTableName(tableName=NestedScopedContentConditions) - start
146976 [main] DEBUG org.dbunit.dataset.OrderedTableNameMap  - getTableName(tableName=NestedScopedContentConditions) - end - result=NESTEDSCOPEDCONTENTCONDITIONS
146976 [main] TRACE org.dbunit.operation.AbstractBatchOperation  - execute: processing table='NestedScopedContentConditions'
146976 [main] DEBUG org.dbunit.operation.AbstractBatchOperation  - isEmpty(table=org.dbunit.dataset.DefaultTable[_metaData=tableName=NestedScopedContentConditions, columns=[], keys=[], _rowList.size()=0]) - start
146976 [main] DEBUG org.dbunit.dataset.filter.SequenceTableIterator  - next() - start
146976 [main] DEBUG org.dbunit.dataset.filter.SequenceTableIterator  - getTable() - start
146977 [main] DEBUG org.dbunit.dataset.AbstractDataSet  - getTable(tableName=RequestContext) - start
146977 [main] DEBUG org.dbunit.dataset.AbstractDataSet  - initialize() - start
146977 [main] DEBUG org.dbunit.dataset.AbstractDataSet  - The table name map has already been initialized.
146977 [main] DEBUG org.dbunit.dataset.OrderedTableNameMap  - getTableName(tableName=RequestContext) - start
146977 [main] DEBUG org.dbunit.dataset.OrderedTableNameMap  - getTableName(tableName=RequestContext) - end - result=REQUESTCONTEXT
146977 [main] TRACE org.dbunit.operation.AbstractBatchOperation  - execute: processing table='RequestContext'
146977 [main] DEBUG org.dbunit.operation.AbstractBatchOperation  - isEmpty(table=org.dbunit.dataset.DefaultTable[_metaData=tableName=RequestContext, columns=[(path, UNKNOWN, nullableUnknown), (id, UNKNOWN, nullableUnknown), (timeStamp, UNKNOWN, nullableUnknown)], keys=[], _rowList.size()=1]) - start
146977 [main] DEBUG org.dbunit.dataset.DefaultTable  - getValue(row=0, column=path) - start
146977 [main] DEBUG org.dbunit.dataset.AbstractTable  - assertValidRowIndex(row=0) - start
146977 [main] DEBUG org.dbunit.dataset.AbstractTable  - assertValidRowIndex(row=0, rowCount=1) - start
146977 [main] DEBUG org.dbunit.dataset.AbstractTable  - getColumnIndex(columnName=path) - start
146977 [main] DEBUG org.dbunit.dataset.AbstractTableMetaData  - getColumnIndex(columnName=path) - start
146977 [main] DEBUG org.dbunit.operation.AbstractOperation  - getOperationMetaData(connection=_databaseConfig=org.dbunit.database.DatabaseConfig[, _propertyMap={http://www.dbunit.org/properties/statementFactory=org.dbunit.database.statement.PreparedStatementFactory@626bc2b8, http://www.dbunit.org/features/caseSensitiveTableNames=false, http://www.dbunit.org/properties/fetchSize=100, http://www.dbunit.org/features/batchedStatements=false, http://www.dbunit.org/properties/metadataHandler=org.dbunit.database.DefaultMetadataHandler@3bbfdfde, http://www.dbunit.org/properties/datatypeFactory=org.dbunit.dataset.datatype.DefaultDataTypeFactory[_toleratedDeltaMap=org.dbunit.dataset.datatype.ToleratedDeltaMap@6452310a], http://www.dbunit.org/properties/escapePattern=null, http://www.dbunit.org/properties/batchSize=100, http://www.dbunit.org/features/qualifiedTableNames=false, http://www.dbunit.org/properties/tableType=[Ljava.lang.String;@5011bafa, http://www.dbunit.org/properties/resultSetTableFactory=org.dbunit.database.CachedResultSetTableFactory@10bcf083, http://www.dbunit.org/features/datatypeWarning=true}], _dataSet=AbstractDataSet[_orderedTableNameMap=null], metaData=tableName=RequestContext, columns=[(path, UNKNOWN, nullableUnknown), (id, UNKNOWN, nullableUnknown), (timeStamp, UNKNOWN, nullableUnknown)], keys=[]) - start
146977 [main] DEBUG org.dbunit.database.AbstractDatabaseConnection  - createDataSet() - start
146977 [main] DEBUG org.dbunit.database.DatabaseDataSet  - getTableMetaData(tableName=RequestContext) - start
146977 [main] DEBUG org.dbunit.database.DatabaseDataSet  - initialize() - start
146977 [main] DEBUG org.dbunit.dataset.OrderedTableNameMap  - getTableName(tableName=RequestContext) - start
146977 [main] DEBUG org.dbunit.dataset.OrderedTableNameMap  - getTableName(tableName=RequestContext) - end - result=REQUESTCONTEXT
146977 [main] DEBUG org.dbunit.dataset.OrderedTableNameMap  - getTableName(tableName=RequestContext) - start
146977 [main] DEBUG org.dbunit.dataset.OrderedTableNameMap  - getTableName(tableName=RequestContext) - end - result=REQUESTCONTEXT
146977 [main] DEBUG org.dbunit.dataset.AbstractTableMetaData  - getColumnIndex(columnName=path) - start
146977 [main] DEBUG org.dbunit.database.DatabaseTableMetaData  - getColumns() - start
146977 [main] DEBUG org.dbunit.database.DatabaseTableMetaData  - getColumns() - start
146978 [main] DEBUG org.dbunit.dataset.AbstractTableMetaData  - getColumnIndex(columnName=id) - start
146978 [main] DEBUG org.dbunit.database.DatabaseTableMetaData  - getColumns() - start
146978 [main] DEBUG org.dbunit.dataset.AbstractTableMetaData  - getColumnIndex(columnName=timeStamp) - start
146978 [main] DEBUG org.dbunit.database.DatabaseTableMetaData  - getColumns() - start
146978 [main] DEBUG org.dbunit.database.DatabaseTableMetaData  - getPrimaryKeys() - start
146978 [main] TRACE org.dbunit.database.DatabaseConfig  - getProperty(name=http://www.dbunit.org/properties/primaryKeyFilter) - start
146978 [main] DEBUG org.dbunit.operation.InsertOperation  - getIgnoreMapping(table=org.dbunit.dataset.DefaultTable[_metaData=tableName=RequestContext, columns=[(path, UNKNOWN, nullableUnknown), (id, UNKNOWN, nullableUnknown), (timeStamp, UNKNOWN, nullableUnknown)], keys=[], _rowList.size()=1], row=0) - start
146978 [main] DEBUG org.dbunit.dataset.DefaultTable  - getValue(row=0, column=path) - start
146978 [main] DEBUG org.dbunit.dataset.AbstractTable  - assertValidRowIndex(row=0) - start
146978 [main] DEBUG org.dbunit.dataset.AbstractTable  - assertValidRowIndex(row=0, rowCount=1) - start
146978 [main] DEBUG org.dbunit.dataset.AbstractTable  - getColumnIndex(columnName=path) - start
146978 [main] DEBUG org.dbunit.dataset.AbstractTableMetaData  - getColumnIndex(columnName=path) - start
146978 [main] DEBUG org.dbunit.dataset.DefaultTable  - getValue(row=0, column=id) - start
146978 [main] DEBUG org.dbunit.dataset.AbstractTable  - assertValidRowIndex(row=0) - start
146978 [main] DEBUG org.dbunit.dataset.AbstractTable  - assertValidRowIndex(row=0, rowCount=1) - start
146978 [main] DEBUG org.dbunit.dataset.AbstractTable  - getColumnIndex(columnName=id) - start
146978 [main] DEBUG org.dbunit.dataset.AbstractTableMetaData  - getColumnIndex(columnName=id) - start
146978 [main] DEBUG org.dbunit.dataset.DefaultTable  - getValue(row=0, column=timeStamp) - start
146978 [main] DEBUG org.dbunit.dataset.AbstractTable  - assertValidRowIndex(row=0) - start
146978 [main] DEBUG org.dbunit.dataset.AbstractTable  - assertValidRowIndex(row=0, rowCount=1) - start
146978 [main] DEBUG org.dbunit.dataset.AbstractTable  - getColumnIndex(columnName=timeStamp) - start
146978 [main] DEBUG org.dbunit.dataset.AbstractTableMetaData  - getColumnIndex(columnName=timeStamp) - start
146978 [main] DEBUG org.dbunit.operation.InsertOperation  - getOperationData(metaData=tableName=REQUESTCONTEXT, columns=[(PATH, VARCHAR, noNulls), (ID, INTEGER, noNulls), (TIMESTAMP, TIMESTAMP, nullable)], keys=[(ID, INTEGER, noNulls)], ignoreMapping={}, connection=_databaseConfig=org.dbunit.database.DatabaseConfig[, _propertyMap={http://www.dbunit.org/properties/statementFactory=org.dbunit.database.statement.PreparedStatementFactory@626bc2b8, http://www.dbunit.org/features/caseSensitiveTableNames=false, http://www.dbunit.org/properties/fetchSize=100, http://www.dbunit.org/features/batchedStatements=false, http://www.dbunit.org/properties/metadataHandler=org.dbunit.database.DefaultMetadataHandler@3bbfdfde, http://www.dbunit.org/properties/datatypeFactory=org.dbunit.dataset.datatype.DefaultDataTypeFactory[_toleratedDeltaMap=org.dbunit.dataset.datatype.ToleratedDeltaMap@6452310a], http://www.dbunit.org/properties/escapePattern=null, http://www.dbunit.org/properties/batchSize=100, http://www.dbunit.org/features/qualifiedTableNames=false, http://www.dbunit.org/properties/tableType=[Ljava.lang.String;@5011bafa, http://www.dbunit.org/properties/resultSetTableFactory=org.dbunit.database.CachedResultSetTableFactory@10bcf083, http://www.dbunit.org/features/datatypeWarning=true}], _dataSet=AbstractDataSet[_orderedTableNameMap=null]) - start
146979 [main] DEBUG org.dbunit.operation.AbstractOperation  - getQualifiedName(prefix=null, name=REQUESTCONTEXT, connection=_databaseConfig=org.dbunit.database.DatabaseConfig[, _propertyMap={http://www.dbunit.org/properties/statementFactory=org.dbunit.database.statement.PreparedStatementFactory@626bc2b8, http://www.dbunit.org/features/caseSensitiveTableNames=false, http://www.dbunit.org/properties/fetchSize=100, http://www.dbunit.org/features/batchedStatements=false, http://www.dbunit.org/properties/metadataHandler=org.dbunit.database.DefaultMetadataHandler@3bbfdfde, http://www.dbunit.org/properties/datatypeFactory=org.dbunit.dataset.datatype.DefaultDataTypeFactory[_toleratedDeltaMap=org.dbunit.dataset.datatype.ToleratedDeltaMap@6452310a], http://www.dbunit.org/properties/escapePattern=null, http://www.dbunit.org/properties/batchSize=100, http://www.dbunit.org/features/qualifiedTableNames=false, http://www.dbunit.org/properties/tableType=[Ljava.lang.String;@5011bafa, http://www.dbunit.org/properties/resultSetTableFactory=org.dbunit.database.CachedResultSetTableFactory@10bcf083, http://www.dbunit.org/features/datatypeWarning=true}], _dataSet=AbstractDataSet[_orderedTableNameMap=null]) - start
146979 [main] TRACE org.dbunit.database.DatabaseConfig  - getProperty(name=http://www.dbunit.org/properties/escapePattern) - start
146979 [main] DEBUG org.dbunit.util.QualifiedTableName  - getQualifiedName() - start
146979 [main] DEBUG org.dbunit.util.QualifiedTableName  - getQualifiedName(prefix=null, name=REQUESTCONTEXT, escapePattern=null) - start
146979 [main] DEBUG org.dbunit.operation.AbstractOperation  - getQualifiedName(prefix=null, name=PATH, connection=_databaseConfig=org.dbunit.database.DatabaseConfig[, _propertyMap={http://www.dbunit.org/properties/statementFactory=org.dbunit.database.statement.PreparedStatementFactory@626bc2b8, http://www.dbunit.org/features/caseSensitiveTableNames=false, http://www.dbunit.org/properties/fetchSize=100, http://www.dbunit.org/features/batchedStatements=false, http://www.dbunit.org/properties/metadataHandler=org.dbunit.database.DefaultMetadataHandler@3bbfdfde, http://www.dbunit.org/properties/datatypeFactory=org.dbunit.dataset.datatype.DefaultDataTypeFactory[_toleratedDeltaMap=org.dbunit.dataset.datatype.ToleratedDeltaMap@6452310a], http://www.dbunit.org/properties/escapePattern=null, http://www.dbunit.org/properties/batchSize=100, http://www.dbunit.org/features/qualifiedTableNames=false, http://www.dbunit.org/properties/tableType=[Ljava.lang.String;@5011bafa, http://www.dbunit.org/properties/resultSetTableFactory=org.dbunit.database.CachedResultSetTableFactory@10bcf083, http://www.dbunit.org/features/datatypeWarning=true}], _dataSet=AbstractDataSet[_orderedTableNameMap=null]) - start
146979 [main] TRACE org.dbunit.database.DatabaseConfig  - getProperty(name=http://www.dbunit.org/properties/escapePattern) - start
146979 [main] DEBUG org.dbunit.util.QualifiedTableName  - getQualifiedName() - start
146979 [main] DEBUG org.dbunit.util.QualifiedTableName  - getQualifiedName(prefix=null, name=PATH, escapePattern=null) - start
146979 [main] DEBUG org.dbunit.operation.AbstractOperation  - getQualifiedName(prefix=null, name=ID, connection=_databaseConfig=org.dbunit.database.DatabaseConfig[, _propertyMap={http://www.dbunit.org/properties/statementFactory=org.dbunit.database.statement.PreparedStatementFactory@626bc2b8, http://www.dbunit.org/features/caseSensitiveTableNames=false, http://www.dbunit.org/properties/fetchSize=100, http://www.dbunit.org/features/batchedStatements=false, http://www.dbunit.org/properties/metadataHandler=org.dbunit.database.DefaultMetadataHandler@3bbfdfde, http://www.dbunit.org/properties/datatypeFactory=org.dbunit.dataset.datatype.DefaultDataTypeFactory[_toleratedDeltaMap=org.dbunit.dataset.datatype.ToleratedDeltaMap@6452310a], http://www.dbunit.org/properties/escapePattern=null, http://www.dbunit.org/properties/batchSize=100, http://www.dbunit.org/features/qualifiedTableNames=false, http://www.dbunit.org/properties/tableType=[Ljava.lang.String;@5011bafa, http://www.dbunit.org/properties/resultSetTableFactory=org.dbunit.database.CachedResultSetTableFactory@10bcf083, http://www.dbunit.org/features/datatypeWarning=true}], _dataSet=AbstractDataSet[_orderedTableNameMap=null]) - start
146979 [main] TRACE org.dbunit.database.DatabaseConfig  - getProperty(name=http://www.dbunit.org/properties/escapePattern) - start
146979 [main] DEBUG org.dbunit.util.QualifiedTableName  - getQualifiedName() - start
146979 [main] DEBUG org.dbunit.util.QualifiedTableName  - getQualifiedName(prefix=null, name=ID, escapePattern=null) - start
146979 [main] DEBUG org.dbunit.operation.AbstractOperation  - getQualifiedName(prefix=null, name=TIMESTAMP, connection=_databaseConfig=org.dbunit.database.DatabaseConfig[, _propertyMap={http://www.dbunit.org/properties/statementFactory=org.dbunit.database.statement.PreparedStatementFactory@626bc2b8, http://www.dbunit.org/features/caseSensitiveTableNames=false, http://www.dbunit.org/properties/fetchSize=100, http://www.dbunit.org/features/batchedStatements=false, http://www.dbunit.org/properties/metadataHandler=org.dbunit.database.DefaultMetadataHandler@3bbfdfde, http://www.dbunit.org/properties/datatypeFactory=org.dbunit.dataset.datatype.DefaultDataTypeFactory[_toleratedDeltaMap=org.dbunit.dataset.datatype.ToleratedDeltaMap@6452310a], http://www.dbunit.org/properties/escapePattern=null, http://www.dbunit.org/properties/batchSize=100, http://www.dbunit.org/features/qualifiedTableNames=false, http://www.dbunit.org/properties/tableType=[Ljava.lang.String;@5011bafa, http://www.dbunit.org/properties/resultSetTableFactory=org.dbunit.database.CachedResultSetTableFactory@10bcf083, http://www.dbunit.org/features/datatypeWarning=true}], _dataSet=AbstractDataSet[_orderedTableNameMap=null]) - start
146979 [main] TRACE org.dbunit.database.DatabaseConfig  - getProperty(name=http://www.dbunit.org/properties/escapePattern) - start
146979 [main] DEBUG org.dbunit.util.QualifiedTableName  - getQualifiedName() - start
146979 [main] DEBUG org.dbunit.util.QualifiedTableName  - getQualifiedName(prefix=null, name=TIMESTAMP, escapePattern=null) - start
146979 [main] DEBUG org.dbunit.database.statement.PreparedStatementFactory  - createPreparedBatchStatement(sql=insert into REQUESTCONTEXT (PATH, ID, TIMESTAMP) values (?, ?, ?), connection=_databaseConfig=org.dbunit.database.DatabaseConfig[, _propertyMap={http://www.dbunit.org/properties/statementFactory=org.dbunit.database.statement.PreparedStatementFactory@626bc2b8, http://www.dbunit.org/features/caseSensitiveTableNames=false, http://www.dbunit.org/properties/fetchSize=100, http://www.dbunit.org/features/batchedStatements=false, http://www.dbunit.org/properties/metadataHandler=org.dbunit.database.DefaultMetadataHandler@3bbfdfde, http://www.dbunit.org/properties/datatypeFactory=org.dbunit.dataset.datatype.DefaultDataTypeFactory[_toleratedDeltaMap=org.dbunit.dataset.datatype.ToleratedDeltaMap@6452310a], http://www.dbunit.org/properties/escapePattern=null, http://www.dbunit.org/properties/batchSize=100, http://www.dbunit.org/features/qualifiedTableNames=false, http://www.dbunit.org/properties/tableType=[Ljava.lang.String;@5011bafa, http://www.dbunit.org/properties/resultSetTableFactory=org.dbunit.database.CachedResultSetTableFactory@10bcf083, http://www.dbunit.org/features/datatypeWarning=true}], _dataSet=AbstractDataSet[_orderedTableNameMap=null]) - start
146979 [main] TRACE org.dbunit.database.DatabaseConfig  - getProperty(name=http://www.dbunit.org/properties/batchSize) - start
146980 [main] DEBUG org.dbunit.database.statement.AbstractStatementFactory  - supportBatchStatement(connection=_databaseConfig=org.dbunit.database.DatabaseConfig[, _propertyMap={http://www.dbunit.org/properties/statementFactory=org.dbunit.database.statement.PreparedStatementFactory@626bc2b8, http://www.dbunit.org/features/caseSensitiveTableNames=false, http://www.dbunit.org/properties/fetchSize=100, http://www.dbunit.org/features/batchedStatements=false, http://www.dbunit.org/properties/metadataHandler=org.dbunit.database.DefaultMetadataHandler@3bbfdfde, http://www.dbunit.org/properties/datatypeFactory=org.dbunit.dataset.datatype.DefaultDataTypeFactory[_toleratedDeltaMap=org.dbunit.dataset.datatype.ToleratedDeltaMap@6452310a], http://www.dbunit.org/properties/escapePattern=null, http://www.dbunit.org/properties/batchSize=100, http://www.dbunit.org/features/qualifiedTableNames=false, http://www.dbunit.org/properties/tableType=[Ljava.lang.String;@5011bafa, http://www.dbunit.org/properties/resultSetTableFactory=org.dbunit.database.CachedResultSetTableFactory@10bcf083, http://www.dbunit.org/features/datatypeWarning=true}], _dataSet=AbstractDataSet[_orderedTableNameMap=null]) - start
146980 [main] TRACE org.dbunit.database.DatabaseConfig  - getFeature(name=http://www.dbunit.org/features/batchedStatements) - start
146980 [main] TRACE org.dbunit.database.DatabaseConfig  - getProperty(name=http://www.dbunit.org/features/batchedStatements) - start
146980 [main] DEBUG org.dbunit.database.DatabaseDataSourceConnection  - getConnection() - start
146980 [main] DEBUG org.dbunit.dataset.DefaultTable  - getValue(row=0, column=PATH) - start
146980 [main] DEBUG org.dbunit.dataset.AbstractTable  - assertValidRowIndex(row=0) - start
146980 [main] DEBUG org.dbunit.dataset.AbstractTable  - assertValidRowIndex(row=0, rowCount=1) - start
146980 [main] DEBUG org.dbunit.dataset.AbstractTable  - getColumnIndex(columnName=PATH) - start
146981 [main] DEBUG org.dbunit.dataset.AbstractTableMetaData  - getColumnIndex(columnName=PATH) - start
146981 [main] DEBUG org.dbunit.database.statement.AutomaticPreparedBatchStatement  - addValue(value=14, dataType=VARCHAR) - start
146981 [main] DEBUG org.dbunit.database.statement.SimplePreparedStatement  - addValue(value=14, dataType=VARCHAR) - start
146981 [main] DEBUG org.dbunit.dataset.datatype.StringDataType  - setSqlValue(value=14, column=1, statement=org.hsqldb.jdbc.JDBCPreparedStatement@6dc98f4e[sql=[insert into REQUESTCONTEXT (PATH, ID, TIMESTAMP) values (?, ?, ?)], parameters=[[null], [null], [null]]]) - start
146981 [main] DEBUG org.dbunit.dataset.datatype.DataType  - asString(value=14) - start
146981 [main] DEBUG org.dbunit.dataset.datatype.StringDataType  - typeCast(value=14) - start
146981 [main] DEBUG org.dbunit.dataset.DefaultTable  - getValue(row=0, column=ID) - start
146981 [main] DEBUG org.dbunit.dataset.AbstractTable  - assertValidRowIndex(row=0) - start
146981 [main] DEBUG org.dbunit.dataset.AbstractTable  - assertValidRowIndex(row=0, rowCount=1) - start
146981 [main] DEBUG org.dbunit.dataset.AbstractTable  - getColumnIndex(columnName=ID) - start
146981 [main] DEBUG org.dbunit.dataset.AbstractTableMetaData  - getColumnIndex(columnName=ID) - start
146982 [main] DEBUG org.dbunit.database.statement.AutomaticPreparedBatchStatement  - addValue(value=1, dataType=INTEGER) - start
146982 [main] DEBUG org.dbunit.database.statement.SimplePreparedStatement  - addValue(value=1, dataType=INTEGER) - start
146982 [main] DEBUG org.dbunit.dataset.datatype.IntegerDataType  - setSqlValue(value=1, column=2, statement=org.hsqldb.jdbc.JDBCPreparedStatement@6dc98f4e[sql=[insert into REQUESTCONTEXT (PATH, ID, TIMESTAMP) values (?, ?, ?)], parameters=[[14], [null], [null]]]) - start
146982 [main] DEBUG org.dbunit.dataset.datatype.IntegerDataType  - typeCast(value=1) - start
146982 [main] DEBUG org.dbunit.dataset.DefaultTable  - getValue(row=0, column=TIMESTAMP) - start
146982 [main] DEBUG org.dbunit.dataset.AbstractTable  - assertValidRowIndex(row=0) - start
146982 [main] DEBUG org.dbunit.dataset.AbstractTable  - assertValidRowIndex(row=0, rowCount=1) - start
146982 [main] DEBUG org.dbunit.dataset.AbstractTable  - getColumnIndex(columnName=TIMESTAMP) - start
146982 [main] DEBUG org.dbunit.dataset.AbstractTableMetaData  - getColumnIndex(columnName=TIMESTAMP) - start
146982 [main] DEBUG org.dbunit.database.statement.AutomaticPreparedBatchStatement  - addValue(value=2014-02-26 12:43:28.085, dataType=TIMESTAMP) - start
146982 [main] DEBUG org.dbunit.database.statement.SimplePreparedStatement  - addValue(value=2014-02-26 12:43:28.085, dataType=TIMESTAMP) - start
146983 [main] DEBUG org.dbunit.dataset.datatype.TimestampDataType  - setSqlValue(value=2014-02-26 12:43:28.085, column=3, statement=org.hsqldb.jdbc.JDBCPreparedStatement@6dc98f4e[sql=[insert into REQUESTCONTEXT (PATH, ID, TIMESTAMP) values (?, ?, ?)], parameters=[[14], [1], [null]]]) - start
146983 [main] DEBUG org.dbunit.dataset.datatype.TimestampDataType  - typeCast(value=2014-02-26 12:43:28.085) - start
146983 [main] DEBUG org.dbunit.database.statement.AutomaticPreparedBatchStatement  - addBatch() - start
146983 [main] DEBUG org.dbunit.database.statement.SimplePreparedStatement  - addBatch() - start
146983 [main] DEBUG org.dbunit.operation.InsertOperation  - equalsIgnoreMapping(ignoreMapping={}, table=org.dbunit.dataset.DefaultTable[_metaData=tableName=RequestContext, columns=[(path, UNKNOWN, nullableUnknown), (id, UNKNOWN, nullableUnknown), (timeStamp, UNKNOWN, nullableUnknown)], keys=[], _rowList.size()=1], row=1) - start
146983 [main] DEBUG org.dbunit.dataset.DefaultTable  - getValue(row=1, column=path) - start
146983 [main] DEBUG org.dbunit.dataset.AbstractTable  - assertValidRowIndex(row=1) - start
146983 [main] DEBUG org.dbunit.dataset.AbstractTable  - assertValidRowIndex(row=1, rowCount=1) - start
146983 [main] DEBUG org.dbunit.database.statement.AutomaticPreparedBatchStatement  - executeBatch() - start
146983 [main] DEBUG org.dbunit.database.statement.SimplePreparedStatement  - executeBatch() - start
146984 [main] DEBUG org.dbunit.database.statement.SimplePreparedStatement  - clearBatch() - start
146984 [main] DEBUG org.dbunit.database.statement.AutomaticPreparedBatchStatement  - clearBatch() - start
146984 [main] DEBUG org.dbunit.database.statement.SimplePreparedStatement  - clearBatch() - start
146984 [main] DEBUG org.dbunit.database.statement.AutomaticPreparedBatchStatement  - close() - start
146984 [main] DEBUG org.dbunit.database.statement.AbstractPreparedBatchStatement  - close() - start
146984 [main] DEBUG org.dbunit.dataset.filter.SequenceTableIterator  - next() - start
146984 [main] DEBUG org.dbunit.dataset.filter.SequenceTableIterator  - getTable() - start
146984 [main] DEBUG org.dbunit.dataset.AbstractDataSet  - getTable(tableName=Scope) - start
146984 [main] DEBUG org.dbunit.dataset.AbstractDataSet  - initialize() - start
146984 [main] DEBUG org.dbunit.dataset.AbstractDataSet  - The table name map has already been initialized.
146984 [main] DEBUG org.dbunit.dataset.OrderedTableNameMap  - getTableName(tableName=Scope) - start
146984 [main] DEBUG org.dbunit.dataset.OrderedTableNameMap  - getTableName(tableName=Scope) - end - result=SCOPE
146985 [main] TRACE org.dbunit.operation.AbstractBatchOperation  - execute: processing table='Scope'
146985 [main] DEBUG org.dbunit.operation.AbstractBatchOperation  - isEmpty(table=org.dbunit.dataset.DefaultTable[_metaData=tableName=Scope, columns=[(name, UNKNOWN, nullableUnknown), (description, UNKNOWN, nullableUnknown), (id, UNKNOWN, nullableUnknown), (timeStamp, UNKNOWN, nullableUnknown)], keys=[], _rowList.size()=1]) - start
146985 [main] DEBUG org.dbunit.dataset.DefaultTable  - getValue(row=0, column=name) - start
146985 [main] DEBUG org.dbunit.dataset.AbstractTable  - assertValidRowIndex(row=0) - start
146985 [main] DEBUG org.dbunit.dataset.AbstractTable  - assertValidRowIndex(row=0, rowCount=1) - start
146985 [main] DEBUG org.dbunit.dataset.AbstractTable  - getColumnIndex(columnName=name) - start
146985 [main] DEBUG org.dbunit.dataset.AbstractTableMetaData  - getColumnIndex(columnName=name) - start
146985 [main] DEBUG org.dbunit.operation.AbstractOperation  - getOperationMetaData(connection=_databaseConfig=org.dbunit.database.DatabaseConfig[, _propertyMap={http://www.dbunit.org/properties/statementFactory=org.dbunit.database.statement.PreparedStatementFactory@626bc2b8, http://www.dbunit.org/features/caseSensitiveTableNames=false, http://www.dbunit.org/properties/fetchSize=100, http://www.dbunit.org/features/batchedStatements=false, http://www.dbunit.org/properties/metadataHandler=org.dbunit.database.DefaultMetadataHandler@3bbfdfde, http://www.dbunit.org/properties/datatypeFactory=org.dbunit.dataset.datatype.DefaultDataTypeFactory[_toleratedDeltaMap=org.dbunit.dataset.datatype.ToleratedDeltaMap@6452310a], http://www.dbunit.org/properties/escapePattern=null, http://www.dbunit.org/properties/batchSize=100, http://www.dbunit.org/features/qualifiedTableNames=false, http://www.dbunit.org/properties/tableType=[Ljava.lang.String;@5011bafa, http://www.dbunit.org/properties/resultSetTableFactory=org.dbunit.database.CachedResultSetTableFactory@10bcf083, http://www.dbunit.org/features/datatypeWarning=true}], _dataSet=AbstractDataSet[_orderedTableNameMap=null], metaData=tableName=Scope, columns=[(name, UNKNOWN, nullableUnknown), (description, UNKNOWN, nullableUnknown), (id, UNKNOWN, nullableUnknown), (timeStamp, UNKNOWN, nullableUnknown)], keys=[]) - start
146985 [main] DEBUG org.dbunit.database.AbstractDatabaseConnection  - createDataSet() - start
146985 [main] DEBUG org.dbunit.database.DatabaseDataSet  - getTableMetaData(tableName=Scope) - start
146985 [main] DEBUG org.dbunit.database.DatabaseDataSet  - initialize() - start
146986 [main] DEBUG org.dbunit.dataset.OrderedTableNameMap  - getTableName(tableName=Scope) - start
146986 [main] DEBUG org.dbunit.dataset.OrderedTableNameMap  - getTableName(tableName=Scope) - end - result=SCOPE
146986 [main] DEBUG org.dbunit.dataset.OrderedTableNameMap  - getTableName(tableName=Scope) - start
146986 [main] DEBUG org.dbunit.dataset.OrderedTableNameMap  - getTableName(tableName=Scope) - end - result=SCOPE
146986 [main] DEBUG org.dbunit.dataset.AbstractTableMetaData  - getColumnIndex(columnName=name) - start
146986 [main] DEBUG org.dbunit.database.DatabaseTableMetaData  - getColumns() - start
146986 [main] DEBUG org.dbunit.database.DatabaseTableMetaData  - getColumns() - start
146986 [main] DEBUG org.dbunit.dataset.AbstractTableMetaData  - getColumnIndex(columnName=description) - start
146986 [main] DEBUG org.dbunit.database.DatabaseTableMetaData  - getColumns() - start
146986 [main] DEBUG org.dbunit.dataset.AbstractTableMetaData  - getColumnIndex(columnName=id) - start
146986 [main] DEBUG org.dbunit.database.DatabaseTableMetaData  - getColumns() - start
146986 [main] DEBUG org.dbunit.dataset.AbstractTableMetaData  - getColumnIndex(columnName=timeStamp) - start
146986 [main] DEBUG org.dbunit.database.DatabaseTableMetaData  - getColumns() - start
146987 [main] DEBUG org.dbunit.database.DatabaseTableMetaData  - getPrimaryKeys() - start
146987 [main] TRACE org.dbunit.database.DatabaseConfig  - getProperty(name=http://www.dbunit.org/properties/primaryKeyFilter) - start
146987 [main] DEBUG org.dbunit.operation.InsertOperation  - getIgnoreMapping(table=org.dbunit.dataset.DefaultTable[_metaData=tableName=Scope, columns=[(name, UNKNOWN, nullableUnknown), (description, UNKNOWN, nullableUnknown), (id, UNKNOWN, nullableUnknown), (timeStamp, UNKNOWN, nullableUnknown)], keys=[], _rowList.size()=1], row=0) - start
146987 [main] DEBUG org.dbunit.dataset.DefaultTable  - getValue(row=0, column=name) - start
146987 [main] DEBUG org.dbunit.dataset.AbstractTable  - assertValidRowIndex(row=0) - start
146987 [main] DEBUG org.dbunit.dataset.AbstractTable  - assertValidRowIndex(row=0, rowCount=1) - start
146987 [main] DEBUG org.dbunit.dataset.AbstractTable  - getColumnIndex(columnName=name) - start
146987 [main] DEBUG org.dbunit.dataset.AbstractTableMetaData  - getColumnIndex(columnName=name) - start
146987 [main] DEBUG org.dbunit.dataset.DefaultTable  - getValue(row=0, column=description) - start
146987 [main] DEBUG org.dbunit.dataset.AbstractTable  - assertValidRowIndex(row=0) - start
146987 [main] DEBUG org.dbunit.dataset.AbstractTable  - assertValidRowIndex(row=0, rowCount=1) - start
146988 [main] DEBUG org.dbunit.dataset.AbstractTable  - getColumnIndex(columnName=description) - start
146988 [main] DEBUG org.dbunit.dataset.AbstractTableMetaData  - getColumnIndex(columnName=description) - start
146988 [main] DEBUG org.dbunit.dataset.DefaultTable  - getValue(row=0, column=id) - start
146988 [main] DEBUG org.dbunit.dataset.AbstractTable  - assertValidRowIndex(row=0) - start
146988 [main] DEBUG org.dbunit.dataset.AbstractTable  - assertValidRowIndex(row=0, rowCount=1) - start
146988 [main] DEBUG org.dbunit.dataset.AbstractTable  - getColumnIndex(columnName=id) - start
146988 [main] DEBUG org.dbunit.dataset.AbstractTableMetaData  - getColumnIndex(columnName=id) - start
146988 [main] DEBUG org.dbunit.dataset.DefaultTable  - getValue(row=0, column=timeStamp) - start
146988 [main] DEBUG org.dbunit.dataset.AbstractTable  - assertValidRowIndex(row=0) - start
146988 [main] DEBUG org.dbunit.dataset.AbstractTable  - assertValidRowIndex(row=0, rowCount=1) - start
146988 [main] DEBUG org.dbunit.dataset.AbstractTable  - getColumnIndex(columnName=timeStamp) - start
146988 [main] DEBUG org.dbunit.dataset.AbstractTableMetaData  - getColumnIndex(columnName=timeStamp) - start
146989 [main] DEBUG org.dbunit.operation.InsertOperation  - getOperationData(metaData=tableName=SCOPE, columns=[(NAME, VARCHAR, noNulls), (DESCRIPTION, VARCHAR, nullable), (ID, INTEGER, noNulls), (TIMESTAMP, TIMESTAMP, nullable)], keys=[(ID, INTEGER, noNulls)], ignoreMapping={}, connection=_databaseConfig=org.dbunit.database.DatabaseConfig[, _propertyMap={http://www.dbunit.org/properties/statementFactory=org.dbunit.database.statement.PreparedStatementFactory@626bc2b8, http://www.dbunit.org/features/caseSensitiveTableNames=false, http://www.dbunit.org/properties/fetchSize=100, http://www.dbunit.org/features/batchedStatements=false, http://www.dbunit.org/properties/metadataHandler=org.dbunit.database.DefaultMetadataHandler@3bbfdfde, http://www.dbunit.org/properties/datatypeFactory=org.dbunit.dataset.datatype.DefaultDataTypeFactory[_toleratedDeltaMap=org.dbunit.dataset.datatype.ToleratedDeltaMap@6452310a], http://www.dbunit.org/properties/escapePattern=null, http://www.dbunit.org/properties/batchSize=100, http://www.dbunit.org/features/qualifiedTableNames=false, http://www.dbunit.org/properties/tableType=[Ljava.lang.String;@5011bafa, http://www.dbunit.org/properties/resultSetTableFactory=org.dbunit.database.CachedResultSetTableFactory@10bcf083, http://www.dbunit.org/features/datatypeWarning=true}], _dataSet=AbstractDataSet[_orderedTableNameMap=null]) - start
146989 [main] DEBUG org.dbunit.operation.AbstractOperation  - getQualifiedName(prefix=null, name=SCOPE, connection=_databaseConfig=org.dbunit.database.DatabaseConfig[, _propertyMap={http://www.dbunit.org/properties/statementFactory=org.dbunit.database.statement.PreparedStatementFactory@626bc2b8, http://www.dbunit.org/features/caseSensitiveTableNames=false, http://www.dbunit.org/properties/fetchSize=100, http://www.dbunit.org/features/batchedStatements=false, http://www.dbunit.org/properties/metadataHandler=org.dbunit.database.DefaultMetadataHandler@3bbfdfde, http://www.dbunit.org/properties/datatypeFactory=org.dbunit.dataset.datatype.DefaultDataTypeFactory[_toleratedDeltaMap=org.dbunit.dataset.datatype.ToleratedDeltaMap@6452310a], http://www.dbunit.org/properties/escapePattern=null, http://www.dbunit.org/properties/batchSize=100, http://www.dbunit.org/features/qualifiedTableNames=false, http://www.dbunit.org/properties/tableType=[Ljava.lang.String;@5011bafa, http://www.dbunit.org/properties/resultSetTableFactory=org.dbunit.database.CachedResultSetTableFactory@10bcf083, http://www.dbunit.org/features/datatypeWarning=true}], _dataSet=AbstractDataSet[_orderedTableNameMap=null]) - start
146989 [main] TRACE org.dbunit.database.DatabaseConfig  - getProperty(name=http://www.dbunit.org/properties/escapePattern) - start
146989 [main] DEBUG org.dbunit.util.QualifiedTableName  - getQualifiedName() - start
146989 [main] DEBUG org.dbunit.util.QualifiedTableName  - getQualifiedName(prefix=null, name=SCOPE, escapePattern=null) - start
146989 [main] DEBUG org.dbunit.operation.AbstractOperation  - getQualifiedName(prefix=null, name=NAME, connection=_databaseConfig=org.dbunit.database.DatabaseConfig[, _propertyMap={http://www.dbunit.org/properties/statementFactory=org.dbunit.database.statement.PreparedStatementFactory@626bc2b8, http://www.dbunit.org/features/caseSensitiveTableNames=false, http://www.dbunit.org/properties/fetchSize=100, http://www.dbunit.org/features/batchedStatements=false, http://www.dbunit.org/properties/metadataHandler=org.dbunit.database.DefaultMetadataHandler@3bbfdfde, http://www.dbunit.org/properties/datatypeFactory=org.dbunit.dataset.datatype.DefaultDataTypeFactory[_toleratedDeltaMap=org.dbunit.dataset.datatype.ToleratedDeltaMap@6452310a], http://www.dbunit.org/properties/escapePattern=null, http://www.dbunit.org/properties/batchSize=100, http://www.dbunit.org/features/qualifiedTableNames=false, http://www.dbunit.org/properties/tableType=[Ljava.lang.String;@5011bafa, http://www.dbunit.org/properties/resultSetTableFactory=org.dbunit.database.CachedResultSetTableFactory@10bcf083, http://www.dbunit.org/features/datatypeWarning=true}], _dataSet=AbstractDataSet[_orderedTableNameMap=null]) - start
146989 [main] TRACE org.dbunit.database.DatabaseConfig  - getProperty(name=http://www.dbunit.org/properties/escapePattern) - start
146989 [main] DEBUG org.dbunit.util.QualifiedTableName  - getQualifiedName() - start
146989 [main] DEBUG org.dbunit.util.QualifiedTableName  - getQualifiedName(prefix=null, name=NAME, escapePattern=null) - start
146989 [main] DEBUG org.dbunit.operation.AbstractOperation  - getQualifiedName(prefix=null, name=DESCRIPTION, connection=_databaseConfig=org.dbunit.database.DatabaseConfig[, _propertyMap={http://www.dbunit.org/properties/statementFactory=org.dbunit.database.statement.PreparedStatementFactory@626bc2b8, http://www.dbunit.org/features/caseSensitiveTableNames=false, http://www.dbunit.org/properties/fetchSize=100, http://www.dbunit.org/features/batchedStatements=false, http://www.dbunit.org/properties/metadataHandler=org.dbunit.database.DefaultMetadataHandler@3bbfdfde, http://www.dbunit.org/properties/datatypeFactory=org.dbunit.dataset.datatype.DefaultDataTypeFactory[_toleratedDeltaMap=org.dbunit.dataset.datatype.ToleratedDeltaMap@6452310a], http://www.dbunit.org/properties/escapePattern=null, http://www.dbunit.org/properties/batchSize=100, http://www.dbunit.org/features/qualifiedTableNames=false, http://www.dbunit.org/properties/tableType=[Ljava.lang.String;@5011bafa, http://www.dbunit.org/properties/resultSetTableFactory=org.dbunit.database.CachedResultSetTableFactory@10bcf083, http://www.dbunit.org/features/datatypeWarning=true}], _dataSet=AbstractDataSet[_orderedTableNameMap=null]) - start
146990 [main] TRACE org.dbunit.database.DatabaseConfig  - getProperty(name=http://www.dbunit.org/properties/escapePattern) - start
146990 [main] DEBUG org.dbunit.util.QualifiedTableName  - getQualifiedName() - start
146990 [main] DEBUG org.dbunit.util.QualifiedTableName  - getQualifiedName(prefix=null, name=DESCRIPTION, escapePattern=null) - start
146990 [main] DEBUG org.dbunit.operation.AbstractOperation  - getQualifiedName(prefix=null, name=ID, connection=_databaseConfig=org.dbunit.database.DatabaseConfig[, _propertyMap={http://www.dbunit.org/properties/statementFactory=org.dbunit.database.statement.PreparedStatementFactory@626bc2b8, http://www.dbunit.org/features/caseSensitiveTableNames=false, http://www.dbunit.org/properties/fetchSize=100, http://www.dbunit.org/features/batchedStatements=false, http://www.dbunit.org/properties/metadataHandler=org.dbunit.database.DefaultMetadataHandler@3bbfdfde, http://www.dbunit.org/properties/datatypeFactory=org.dbunit.dataset.datatype.DefaultDataTypeFactory[_toleratedDeltaMap=org.dbunit.dataset.datatype.ToleratedDeltaMap@6452310a], http://www.dbunit.org/properties/escapePattern=null, http://www.dbunit.org/properties/batchSize=100, http://www.dbunit.org/features/qualifiedTableNames=false, http://www.dbunit.org/properties/tableType=[Ljava.lang.String;@5011bafa, http://www.dbunit.org/properties/resultSetTableFactory=org.dbunit.database.CachedResultSetTableFactory@10bcf083, http://www.dbunit.org/features/datatypeWarning=true}], _dataSet=AbstractDataSet[_orderedTableNameMap=null]) - start
146990 [main] TRACE org.dbunit.database.DatabaseConfig  - getProperty(name=http://www.dbunit.org/properties/escapePattern) - start
146990 [main] DEBUG org.dbunit.util.QualifiedTableName  - getQualifiedName() - start
146990 [main] DEBUG org.dbunit.util.QualifiedTableName  - getQualifiedName(prefix=null, name=ID, escapePattern=null) - start
146990 [main] DEBUG org.dbunit.operation.AbstractOperation  - getQualifiedName(prefix=null, name=TIMESTAMP, connection=_databaseConfig=org.dbunit.database.DatabaseConfig[, _propertyMap={http://www.dbunit.org/properties/statementFactory=org.dbunit.database.statement.PreparedStatementFactory@626bc2b8, http://www.dbunit.org/features/caseSensitiveTableNames=false, http://www.dbunit.org/properties/fetchSize=100, http://www.dbunit.org/features/batchedStatements=false, http://www.dbunit.org/properties/metadataHandler=org.dbunit.database.DefaultMetadataHandler@3bbfdfde, http://www.dbunit.org/properties/datatypeFactory=org.dbunit.dataset.datatype.DefaultDataTypeFactory[_toleratedDeltaMap=org.dbunit.dataset.datatype.ToleratedDeltaMap@6452310a], http://www.dbunit.org/properties/escapePattern=null, http://www.dbunit.org/properties/batchSize=100, http://www.dbunit.org/features/qualifiedTableNames=false, http://www.dbunit.org/properties/tableType=[Ljava.lang.String;@5011bafa, http://www.dbunit.org/properties/resultSetTableFactory=org.dbunit.database.CachedResultSetTableFactory@10bcf083, http://www.dbunit.org/features/datatypeWarning=true}], _dataSet=AbstractDataSet[_orderedTableNameMap=null]) - start
146990 [main] TRACE org.dbunit.database.DatabaseConfig  - getProperty(name=http://www.dbunit.org/properties/escapePattern) - start
146990 [main] DEBUG org.dbunit.util.QualifiedTableName  - getQualifiedName() - start
146990 [main] DEBUG org.dbunit.util.QualifiedTableName  - getQualifiedName(prefix=null, name=TIMESTAMP, escapePattern=null) - start
146991 [main] DEBUG org.dbunit.database.statement.PreparedStatementFactory  - createPreparedBatchStatement(sql=insert into SCOPE (NAME, DESCRIPTION, ID, TIMESTAMP) values (?, ?, ?, ?), connection=_databaseConfig=org.dbunit.database.DatabaseConfig[, _propertyMap={http://www.dbunit.org/properties/statementFactory=org.dbunit.database.statement.PreparedStatementFactory@626bc2b8, http://www.dbunit.org/features/caseSensitiveTableNames=false, http://www.dbunit.org/properties/fetchSize=100, http://www.dbunit.org/features/batchedStatements=false, http://www.dbunit.org/properties/metadataHandler=org.dbunit.database.DefaultMetadataHandler@3bbfdfde, http://www.dbunit.org/properties/datatypeFactory=org.dbunit.dataset.datatype.DefaultDataTypeFactory[_toleratedDeltaMap=org.dbunit.dataset.datatype.ToleratedDeltaMap@6452310a], http://www.dbunit.org/properties/escapePattern=null, http://www.dbunit.org/properties/batchSize=100, http://www.dbunit.org/features/qualifiedTableNames=false, http://www.dbunit.org/properties/tableType=[Ljava.lang.String;@5011bafa, http://www.dbunit.org/properties/resultSetTableFactory=org.dbunit.database.CachedResultSetTableFactory@10bcf083, http://www.dbunit.org/features/datatypeWarning=true}], _dataSet=AbstractDataSet[_orderedTableNameMap=null]) - start
146991 [main] TRACE org.dbunit.database.DatabaseConfig  - getProperty(name=http://www.dbunit.org/properties/batchSize) - start
146991 [main] DEBUG org.dbunit.database.statement.AbstractStatementFactory  - supportBatchStatement(connection=_databaseConfig=org.dbunit.database.DatabaseConfig[, _propertyMap={http://www.dbunit.org/properties/statementFactory=org.dbunit.database.statement.PreparedStatementFactory@626bc2b8, http://www.dbunit.org/features/caseSensitiveTableNames=false, http://www.dbunit.org/properties/fetchSize=100, http://www.dbunit.org/features/batchedStatements=false, http://www.dbunit.org/properties/metadataHandler=org.dbunit.database.DefaultMetadataHandler@3bbfdfde, http://www.dbunit.org/properties/datatypeFactory=org.dbunit.dataset.datatype.DefaultDataTypeFactory[_toleratedDeltaMap=org.dbunit.dataset.datatype.ToleratedDeltaMap@6452310a], http://www.dbunit.org/properties/escapePattern=null, http://www.dbunit.org/properties/batchSize=100, http://www.dbunit.org/features/qualifiedTableNames=false, http://www.dbunit.org/properties/tableType=[Ljava.lang.String;@5011bafa, http://www.dbunit.org/properties/resultSetTableFactory=org.dbunit.database.CachedResultSetTableFactory@10bcf083, http://www.dbunit.org/features/datatypeWarning=true}], _dataSet=AbstractDataSet[_orderedTableNameMap=null]) - start
146991 [main] TRACE org.dbunit.database.DatabaseConfig  - getFeature(name=http://www.dbunit.org/features/batchedStatements) - start
146991 [main] TRACE org.dbunit.database.DatabaseConfig  - getProperty(name=http://www.dbunit.org/features/batchedStatements) - start
146991 [main] DEBUG org.dbunit.database.DatabaseDataSourceConnection  - getConnection() - start
146991 [main] DEBUG org.dbunit.dataset.DefaultTable  - getValue(row=0, column=NAME) - start
146992 [main] DEBUG org.dbunit.dataset.AbstractTable  - assertValidRowIndex(row=0) - start
146992 [main] DEBUG org.dbunit.dataset.AbstractTable  - assertValidRowIndex(row=0, rowCount=1) - start
146992 [main] DEBUG org.dbunit.dataset.AbstractTable  - getColumnIndex(columnName=NAME) - start
146992 [main] DEBUG org.dbunit.dataset.AbstractTableMetaData  - getColumnIndex(columnName=NAME) - start
146992 [main] DEBUG org.dbunit.database.statement.AutomaticPreparedBatchStatement  - addValue(value=0, dataType=VARCHAR) - start
146992 [main] DEBUG org.dbunit.database.statement.SimplePreparedStatement  - addValue(value=0, dataType=VARCHAR) - start
146992 [main] DEBUG org.dbunit.dataset.datatype.StringDataType  - setSqlValue(value=0, column=1, statement=org.hsqldb.jdbc.JDBCPreparedStatement@4bdf8231[sql=[insert into SCOPE (NAME, DESCRIPTION, ID, TIMESTAMP) values (?, ?, ?, ?)], parameters=[[null], [null], [null], [null]]]) - start
146992 [main] DEBUG org.dbunit.dataset.datatype.DataType  - asString(value=0) - start
146992 [main] DEBUG org.dbunit.dataset.datatype.StringDataType  - typeCast(value=0) - start
146992 [main] DEBUG org.dbunit.dataset.DefaultTable  - getValue(row=0, column=DESCRIPTION) - start
146992 [main] DEBUG org.dbunit.dataset.AbstractTable  - assertValidRowIndex(row=0) - start
146993 [main] DEBUG org.dbunit.dataset.AbstractTable  - assertValidRowIndex(row=0, rowCount=1) - start
146993 [main] DEBUG org.dbunit.dataset.AbstractTable  - getColumnIndex(columnName=DESCRIPTION) - start
146993 [main] DEBUG org.dbunit.dataset.AbstractTableMetaData  - getColumnIndex(columnName=DESCRIPTION) - start
146993 [main] DEBUG org.dbunit.database.statement.AutomaticPreparedBatchStatement  - addValue(value=1, dataType=VARCHAR) - start
146993 [main] DEBUG org.dbunit.database.statement.SimplePreparedStatement  - addValue(value=1, dataType=VARCHAR) - start
146993 [main] DEBUG org.dbunit.dataset.datatype.StringDataType  - setSqlValue(value=1, column=2, statement=org.hsqldb.jdbc.JDBCPreparedStatement@4bdf8231[sql=[insert into SCOPE (NAME, DESCRIPTION, ID, TIMESTAMP) values (?, ?, ?, ?)], parameters=[[0], [null], [null], [null]]]) - start
146993 [main] DEBUG org.dbunit.dataset.datatype.DataType  - asString(value=1) - start
146993 [main] DEBUG org.dbunit.dataset.datatype.StringDataType  - typeCast(value=1) - start
146993 [main] DEBUG org.dbunit.dataset.DefaultTable  - getValue(row=0, column=ID) - start
146993 [main] DEBUG org.dbunit.dataset.AbstractTable  - assertValidRowIndex(row=0) - start
146993 [main] DEBUG org.dbunit.dataset.AbstractTable  - assertValidRowIndex(row=0, rowCount=1) - start
146993 [main] DEBUG org.dbunit.dataset.AbstractTable  - getColumnIndex(columnName=ID) - start
146993 [main] DEBUG org.dbunit.dataset.AbstractTableMetaData  - getColumnIndex(columnName=ID) - start
146994 [main] DEBUG org.dbunit.database.statement.AutomaticPreparedBatchStatement  - addValue(value=1, dataType=INTEGER) - start
146994 [main] DEBUG org.dbunit.database.statement.SimplePreparedStatement  - addValue(value=1, dataType=INTEGER) - start
146994 [main] DEBUG org.dbunit.dataset.datatype.IntegerDataType  - setSqlValue(value=1, column=3, statement=org.hsqldb.jdbc.JDBCPreparedStatement@4bdf8231[sql=[insert into SCOPE (NAME, DESCRIPTION, ID, TIMESTAMP) values (?, ?, ?, ?)], parameters=[[0], [1], [null], [null]]]) - start
146994 [main] DEBUG org.dbunit.dataset.datatype.IntegerDataType  - typeCast(value=1) - start
146994 [main] DEBUG org.dbunit.dataset.DefaultTable  - getValue(row=0, column=TIMESTAMP) - start
146994 [main] DEBUG org.dbunit.dataset.AbstractTable  - assertValidRowIndex(row=0) - start
146994 [main] DEBUG org.dbunit.dataset.AbstractTable  - assertValidRowIndex(row=0, rowCount=1) - start
146994 [main] DEBUG org.dbunit.dataset.AbstractTable  - getColumnIndex(columnName=TIMESTAMP) - start
146994 [main] DEBUG org.dbunit.dataset.AbstractTableMetaData  - getColumnIndex(columnName=TIMESTAMP) - start
146994 [main] DEBUG org.dbunit.database.statement.AutomaticPreparedBatchStatement  - addValue(value=2014-02-26 12:43:28.08, dataType=TIMESTAMP) - start
146995 [main] DEBUG org.dbunit.database.statement.SimplePreparedStatement  - addValue(value=2014-02-26 12:43:28.08, dataType=TIMESTAMP) - start
146995 [main] DEBUG org.dbunit.dataset.datatype.TimestampDataType  - setSqlValue(value=2014-02-26 12:43:28.08, column=4, statement=org.hsqldb.jdbc.JDBCPreparedStatement@4bdf8231[sql=[insert into SCOPE (NAME, DESCRIPTION, ID, TIMESTAMP) values (?, ?, ?, ?)], parameters=[[0], [1], [1], [null]]]) - start
146995 [main] DEBUG org.dbunit.dataset.datatype.TimestampDataType  - typeCast(value=2014-02-26 12:43:28.08) - start
146995 [main] DEBUG org.dbunit.database.statement.AutomaticPreparedBatchStatement  - addBatch() - start
146995 [main] DEBUG org.dbunit.database.statement.SimplePreparedStatement  - addBatch() - start
146995 [main] DEBUG org.dbunit.operation.InsertOperation  - equalsIgnoreMapping(ignoreMapping={}, table=org.dbunit.dataset.DefaultTable[_metaData=tableName=Scope, columns=[(name, UNKNOWN, nullableUnknown), (description, UNKNOWN, nullableUnknown), (id, UNKNOWN, nullableUnknown), (timeStamp, UNKNOWN, nullableUnknown)], keys=[], _rowList.size()=1], row=1) - start
146995 [main] DEBUG org.dbunit.dataset.DefaultTable  - getValue(row=1, column=name) - start
146995 [main] DEBUG org.dbunit.dataset.AbstractTable  - assertValidRowIndex(row=1) - start
146995 [main] DEBUG org.dbunit.dataset.AbstractTable  - assertValidRowIndex(row=1, rowCount=1) - start
146996 [main] DEBUG org.dbunit.database.statement.AutomaticPreparedBatchStatement  - executeBatch() - start
146996 [main] DEBUG org.dbunit.database.statement.SimplePreparedStatement  - executeBatch() - start
146996 [main] DEBUG org.dbunit.database.statement.SimplePreparedStatement  - clearBatch() - start
146996 [main] DEBUG org.dbunit.database.statement.AutomaticPreparedBatchStatement  - clearBatch() - start
146996 [main] DEBUG org.dbunit.database.statement.SimplePreparedStatement  - clearBatch() - start
146996 [main] DEBUG org.dbunit.database.statement.AutomaticPreparedBatchStatement  - close() - start
146996 [main] DEBUG org.dbunit.database.statement.AbstractPreparedBatchStatement  - close() - start
146996 [main] DEBUG org.dbunit.dataset.filter.SequenceTableIterator  - next() - start
146996 [main] DEBUG org.dbunit.dataset.filter.SequenceTableIterator  - getTable() - start
146996 [main] DEBUG org.dbunit.dataset.AbstractDataSet  - getTable(tableName=ScopedContent) - start
146996 [main] DEBUG org.dbunit.dataset.AbstractDataSet  - initialize() - start
146997 [main] DEBUG org.dbunit.dataset.AbstractDataSet  - The table name map has already been initialized.
146997 [main] DEBUG org.dbunit.dataset.OrderedTableNameMap  - getTableName(tableName=ScopedContent) - start
146997 [main] DEBUG org.dbunit.dataset.OrderedTableNameMap  - getTableName(tableName=ScopedContent) - end - result=SCOPEDCONTENT
146997 [main] TRACE org.dbunit.operation.AbstractBatchOperation  - execute: processing table='ScopedContent'
146997 [main] DEBUG org.dbunit.operation.AbstractBatchOperation  - isEmpty(table=org.dbunit.dataset.DefaultTable[_metaData=tableName=ScopedContent, columns=[(name, UNKNOWN, nullableUnknown), (description, UNKNOWN, nullableUnknown), (scope, UNKNOWN, nullableUnknown), (id, UNKNOWN, nullableUnknown), (timeStamp, UNKNOWN, nullableUnknown)], keys=[], _rowList.size()=1]) - start
146997 [main] DEBUG org.dbunit.dataset.DefaultTable  - getValue(row=0, column=name) - start
146997 [main] DEBUG org.dbunit.dataset.AbstractTable  - assertValidRowIndex(row=0) - start
146997 [main] DEBUG org.dbunit.dataset.AbstractTable  - assertValidRowIndex(row=0, rowCount=1) - start
146997 [main] DEBUG org.dbunit.dataset.AbstractTable  - getColumnIndex(columnName=name) - start
146997 [main] DEBUG org.dbunit.dataset.AbstractTableMetaData  - getColumnIndex(columnName=name) - start
146997 [main] DEBUG org.dbunit.operation.AbstractOperation  - getOperationMetaData(connection=_databaseConfig=org.dbunit.database.DatabaseConfig[, _propertyMap={http://www.dbunit.org/properties/statementFactory=org.dbunit.database.statement.PreparedStatementFactory@626bc2b8, http://www.dbunit.org/features/caseSensitiveTableNames=false, http://www.dbunit.org/properties/fetchSize=100, http://www.dbunit.org/features/batchedStatements=false, http://www.dbunit.org/properties/metadataHandler=org.dbunit.database.DefaultMetadataHandler@3bbfdfde, http://www.dbunit.org/properties/datatypeFactory=org.dbunit.dataset.datatype.DefaultDataTypeFactory[_toleratedDeltaMap=org.dbunit.dataset.datatype.ToleratedDeltaMap@6452310a], http://www.dbunit.org/properties/escapePattern=null, http://www.dbunit.org/properties/batchSize=100, http://www.dbunit.org/features/qualifiedTableNames=false, http://www.dbunit.org/properties/tableType=[Ljava.lang.String;@5011bafa, http://www.dbunit.org/properties/resultSetTableFactory=org.dbunit.database.CachedResultSetTableFactory@10bcf083, http://www.dbunit.org/features/datatypeWarning=true}], _dataSet=AbstractDataSet[_orderedTableNameMap=null], metaData=tableName=ScopedContent, columns=[(name, UNKNOWN, nullableUnknown), (description, UNKNOWN, nullableUnknown), (scope, UNKNOWN, nullableUnknown), (id, UNKNOWN, nullableUnknown), (timeStamp, UNKNOWN, nullableUnknown)], keys=[]) - start
146998 [main] DEBUG org.dbunit.database.AbstractDatabaseConnection  - createDataSet() - start
146998 [main] DEBUG org.dbunit.database.DatabaseDataSet  - getTableMetaData(tableName=ScopedContent) - start
146998 [main] DEBUG org.dbunit.database.DatabaseDataSet  - initialize() - start
146998 [main] DEBUG org.dbunit.dataset.OrderedTableNameMap  - getTableName(tableName=ScopedContent) - start
146998 [main] DEBUG org.dbunit.dataset.OrderedTableNameMap  - getTableName(tableName=ScopedContent) - end - result=SCOPEDCONTENT
146998 [main] DEBUG org.dbunit.dataset.OrderedTableNameMap  - getTableName(tableName=ScopedContent) - start
146998 [main] DEBUG org.dbunit.dataset.OrderedTableNameMap  - getTableName(tableName=ScopedContent) - end - result=SCOPEDCONTENT
146999 [main] DEBUG org.dbunit.dataset.AbstractTableMetaData  - getColumnIndex(columnName=name) - start
146999 [main] DEBUG org.dbunit.database.DatabaseTableMetaData  - getColumns() - start
146999 [main] DEBUG org.dbunit.database.DatabaseTableMetaData  - getColumns() - start
146999 [main] DEBUG org.dbunit.dataset.AbstractTableMetaData  - getColumnIndex(columnName=description) - start
146999 [main] DEBUG org.dbunit.database.DatabaseTableMetaData  - getColumns() - start
146999 [main] DEBUG org.dbunit.dataset.AbstractTableMetaData  - getColumnIndex(columnName=scope) - start
146999 [main] DEBUG org.dbunit.database.DatabaseTableMetaData  - getColumns() - start
147000 [main] DEBUG org.dbunit.dataset.AbstractTableMetaData  - getColumnIndex(columnName=id) - start
147000 [main] DEBUG org.dbunit.database.DatabaseTableMetaData  - getColumns() - start
147000 [main] DEBUG org.dbunit.dataset.AbstractTableMetaData  - getColumnIndex(columnName=timeStamp) - start
147000 [main] DEBUG org.dbunit.database.DatabaseTableMetaData  - getColumns() - start
147000 [main] DEBUG org.dbunit.database.DatabaseTableMetaData  - getPrimaryKeys() - start
147000 [main] TRACE org.dbunit.database.DatabaseConfig  - getProperty(name=http://www.dbunit.org/properties/primaryKeyFilter) - start
147000 [main] DEBUG org.dbunit.operation.InsertOperation  - getIgnoreMapping(table=org.dbunit.dataset.DefaultTable[_metaData=tableName=ScopedContent, columns=[(name, UNKNOWN, nullableUnknown), (description, UNKNOWN, nullableUnknown), (scope, UNKNOWN, nullableUnknown), (id, UNKNOWN, nullableUnknown), (timeStamp, UNKNOWN, nullableUnknown)], keys=[], _rowList.size()=1], row=0) - start
147000 [main] DEBUG org.dbunit.dataset.DefaultTable  - getValue(row=0, column=name) - start
147000 [main] DEBUG org.dbunit.dataset.AbstractTable  - assertValidRowIndex(row=0) - start
147000 [main] DEBUG org.dbunit.dataset.AbstractTable  - assertValidRowIndex(row=0, rowCount=1) - start
147000 [main] DEBUG org.dbunit.dataset.AbstractTable  - getColumnIndex(columnName=name) - start
147001 [main] DEBUG org.dbunit.dataset.AbstractTableMetaData  - getColumnIndex(columnName=name) - start
147001 [main] DEBUG org.dbunit.dataset.DefaultTable  - getValue(row=0, column=description) - start
147001 [main] DEBUG org.dbunit.dataset.AbstractTable  - assertValidRowIndex(row=0) - start
147001 [main] DEBUG org.dbunit.dataset.AbstractTable  - assertValidRowIndex(row=0, rowCount=1) - start
147001 [main] DEBUG org.dbunit.dataset.AbstractTable  - getColumnIndex(columnName=description) - start
147001 [main] DEBUG org.dbunit.dataset.AbstractTableMetaData  - getColumnIndex(columnName=description) - start
147001 [main] DEBUG org.dbunit.dataset.DefaultTable  - getValue(row=0, column=scope) - start
147001 [main] DEBUG org.dbunit.dataset.AbstractTable  - assertValidRowIndex(row=0) - start
147001 [main] DEBUG org.dbunit.dataset.AbstractTable  - assertValidRowIndex(row=0, rowCount=1) - start
147001 [main] DEBUG org.dbunit.dataset.AbstractTable  - getColumnIndex(columnName=scope) - start
147001 [main] DEBUG org.dbunit.dataset.AbstractTableMetaData  - getColumnIndex(columnName=scope) - start
147001 [main] DEBUG org.dbunit.dataset.DefaultTable  - getValue(row=0, column=id) - start
147001 [main] DEBUG org.dbunit.dataset.AbstractTable  - assertValidRowIndex(row=0) - start
147002 [main] DEBUG org.dbunit.dataset.AbstractTable  - assertValidRowIndex(row=0, rowCount=1) - start
147002 [main] DEBUG org.dbunit.dataset.AbstractTable  - getColumnIndex(columnName=id) - start
147002 [main] DEBUG org.dbunit.dataset.AbstractTableMetaData  - getColumnIndex(columnName=id) - start
147002 [main] DEBUG org.dbunit.dataset.DefaultTable  - getValue(row=0, column=timeStamp) - start
147002 [main] DEBUG org.dbunit.dataset.AbstractTable  - assertValidRowIndex(row=0) - start
147002 [main] DEBUG org.dbunit.dataset.AbstractTable  - assertValidRowIndex(row=0, rowCount=1) - start
147002 [main] DEBUG org.dbunit.dataset.AbstractTable  - getColumnIndex(columnName=timeStamp) - start
147002 [main] DEBUG org.dbunit.dataset.AbstractTableMetaData  - getColumnIndex(columnName=timeStamp) - start
147002 [main] DEBUG org.dbunit.operation.InsertOperation  - getOperationData(metaData=tableName=SCOPEDCONTENT, columns=[(NAME, VARCHAR, noNulls), (DESCRIPTION, VARCHAR, nullable), (SCOPE, INTEGER, noNulls), (ID, INTEGER, noNulls), (TIMESTAMP, TIMESTAMP, nullable)], keys=[(ID, INTEGER, noNulls)], ignoreMapping={}, connection=_databaseConfig=org.dbunit.database.DatabaseConfig[, _propertyMap={http://www.dbunit.org/properties/statementFactory=org.dbunit.database.statement.PreparedStatementFactory@626bc2b8, http://www.dbunit.org/features/caseSensitiveTableNames=false, http://www.dbunit.org/properties/fetchSize=100, http://www.dbunit.org/features/batchedStatements=false, http://www.dbunit.org/properties/metadataHandler=org.dbunit.database.DefaultMetadataHandler@3bbfdfde, http://www.dbunit.org/properties/datatypeFactory=org.dbunit.dataset.datatype.DefaultDataTypeFactory[_toleratedDeltaMap=org.dbunit.dataset.datatype.ToleratedDeltaMap@6452310a], http://www.dbunit.org/properties/escapePattern=null, http://www.dbunit.org/properties/batchSize=100, http://www.dbunit.org/features/qualifiedTableNames=false, http://www.dbunit.org/properties/tableType=[Ljava.lang.String;@5011bafa, http://www.dbunit.org/properties/resultSetTableFactory=org.dbunit.database.CachedResultSetTableFactory@10bcf083, http://www.dbunit.org/features/datatypeWarning=true}], _dataSet=AbstractDataSet[_orderedTableNameMap=null]) - start
147002 [main] DEBUG org.dbunit.operation.AbstractOperation  - getQualifiedName(prefix=null, name=SCOPEDCONTENT, connection=_databaseConfig=org.dbunit.database.DatabaseConfig[, _propertyMap={http://www.dbunit.org/properties/statementFactory=org.dbunit.database.statement.PreparedStatementFactory@626bc2b8, http://www.dbunit.org/features/caseSensitiveTableNames=false, http://www.dbunit.org/properties/fetchSize=100, http://www.dbunit.org/features/batchedStatements=false, http://www.dbunit.org/properties/metadataHandler=org.dbunit.database.DefaultMetadataHandler@3bbfdfde, http://www.dbunit.org/properties/datatypeFactory=org.dbunit.dataset.datatype.DefaultDataTypeFactory[_toleratedDeltaMap=org.dbunit.dataset.datatype.ToleratedDeltaMap@6452310a], http://www.dbunit.org/properties/escapePattern=null, http://www.dbunit.org/properties/batchSize=100, http://www.dbunit.org/features/qualifiedTableNames=false, http://www.dbunit.org/properties/tableType=[Ljava.lang.String;@5011bafa, http://www.dbunit.org/properties/resultSetTableFactory=org.dbunit.database.CachedResultSetTableFactory@10bcf083, http://www.dbunit.org/features/datatypeWarning=true}], _dataSet=AbstractDataSet[_orderedTableNameMap=null]) - start
147003 [main] TRACE org.dbunit.database.DatabaseConfig  - getProperty(name=http://www.dbunit.org/properties/escapePattern) - start
147003 [main] DEBUG org.dbunit.util.QualifiedTableName  - getQualifiedName() - start
147003 [main] DEBUG org.dbunit.util.QualifiedTableName  - getQualifiedName(prefix=null, name=SCOPEDCONTENT, escapePattern=null) - start
147003 [main] DEBUG org.dbunit.operation.AbstractOperation  - getQualifiedName(prefix=null, name=NAME, connection=_databaseConfig=org.dbunit.database.DatabaseConfig[, _propertyMap={http://www.dbunit.org/properties/statementFactory=org.dbunit.database.statement.PreparedStatementFactory@626bc2b8, http://www.dbunit.org/features/caseSensitiveTableNames=false, http://www.dbunit.org/properties/fetchSize=100, http://www.dbunit.org/features/batchedStatements=false, http://www.dbunit.org/properties/metadataHandler=org.dbunit.database.DefaultMetadataHandler@3bbfdfde, http://www.dbunit.org/properties/datatypeFactory=org.dbunit.dataset.datatype.DefaultDataTypeFactory[_toleratedDeltaMap=org.dbunit.dataset.datatype.ToleratedDeltaMap@6452310a], http://www.dbunit.org/properties/escapePattern=null, http://www.dbunit.org/properties/batchSize=100, http://www.dbunit.org/features/qualifiedTableNames=false, http://www.dbunit.org/properties/tableType=[Ljava.lang.String;@5011bafa, http://www.dbunit.org/properties/resultSetTableFactory=org.dbunit.database.CachedResultSetTableFactory@10bcf083, http://www.dbunit.org/features/datatypeWarning=true}], _dataSet=AbstractDataSet[_orderedTableNameMap=null]) - start
147003 [main] TRACE org.dbunit.database.DatabaseConfig  - getProperty(name=http://www.dbunit.org/properties/escapePattern) - start
147003 [main] DEBUG org.dbunit.util.QualifiedTableName  - getQualifiedName() - start
147003 [main] DEBUG org.dbunit.util.QualifiedTableName  - getQualifiedName(prefix=null, name=NAME, escapePattern=null) - start
147003 [main] DEBUG org.dbunit.operation.AbstractOperation  - getQualifiedName(prefix=null, name=DESCRIPTION, connection=_databaseConfig=org.dbunit.database.DatabaseConfig[, _propertyMap={http://www.dbunit.org/properties/statementFactory=org.dbunit.database.statement.PreparedStatementFactory@626bc2b8, http://www.dbunit.org/features/caseSensitiveTableNames=false, http://www.dbunit.org/properties/fetchSize=100, http://www.dbunit.org/features/batchedStatements=false, http://www.dbunit.org/properties/metadataHandler=org.dbunit.database.DefaultMetadataHandler@3bbfdfde, http://www.dbunit.org/properties/datatypeFactory=org.dbunit.dataset.datatype.DefaultDataTypeFactory[_toleratedDeltaMap=org.dbunit.dataset.datatype.ToleratedDeltaMap@6452310a], http://www.dbunit.org/properties/escapePattern=null, http://www.dbunit.org/properties/batchSize=100, http://www.dbunit.org/features/qualifiedTableNames=false, http://www.dbunit.org/properties/tableType=[Ljava.lang.String;@5011bafa, http://www.dbunit.org/properties/resultSetTableFactory=org.dbunit.database.CachedResultSetTableFactory@10bcf083, http://www.dbunit.org/features/datatypeWarning=true}], _dataSet=AbstractDataSet[_orderedTableNameMap=null]) - start
147003 [main] TRACE org.dbunit.database.DatabaseConfig  - getProperty(name=http://www.dbunit.org/properties/escapePattern) - start
147003 [main] DEBUG org.dbunit.util.QualifiedTableName  - getQualifiedName() - start
147003 [main] DEBUG org.dbunit.util.QualifiedTableName  - getQualifiedName(prefix=null, name=DESCRIPTION, escapePattern=null) - start
147004 [main] DEBUG org.dbunit.operation.AbstractOperation  - getQualifiedName(prefix=null, name=SCOPE, connection=_databaseConfig=org.dbunit.database.DatabaseConfig[, _propertyMap={http://www.dbunit.org/properties/statementFactory=org.dbunit.database.statement.PreparedStatementFactory@626bc2b8, http://www.dbunit.org/features/caseSensitiveTableNames=false, http://www.dbunit.org/properties/fetchSize=100, http://www.dbunit.org/features/batchedStatements=false, http://www.dbunit.org/properties/metadataHandler=org.dbunit.database.DefaultMetadataHandler@3bbfdfde, http://www.dbunit.org/properties/datatypeFactory=org.dbunit.dataset.datatype.DefaultDataTypeFactory[_toleratedDeltaMap=org.dbunit.dataset.datatype.ToleratedDeltaMap@6452310a], http://www.dbunit.org/properties/escapePattern=null, http://www.dbunit.org/properties/batchSize=100, http://www.dbunit.org/features/qualifiedTableNames=false, http://www.dbunit.org/properties/tableType=[Ljava.lang.String;@5011bafa, http://www.dbunit.org/properties/resultSetTableFactory=org.dbunit.database.CachedResultSetTableFactory@10bcf083, http://www.dbunit.org/features/datatypeWarning=true}], _dataSet=AbstractDataSet[_orderedTableNameMap=null]) - start
147004 [main] TRACE org.dbunit.database.DatabaseConfig  - getProperty(name=http://www.dbunit.org/properties/escapePattern) - start
147004 [main] DEBUG org.dbunit.util.QualifiedTableName  - getQualifiedName() - start
147004 [main] DEBUG org.dbunit.util.QualifiedTableName  - getQualifiedName(prefix=null, name=SCOPE, escapePattern=null) - start
147004 [main] DEBUG org.dbunit.operation.AbstractOperation  - getQualifiedName(prefix=null, name=ID, connection=_databaseConfig=org.dbunit.database.DatabaseConfig[, _propertyMap={http://www.dbunit.org/properties/statementFactory=org.dbunit.database.statement.PreparedStatementFactory@626bc2b8, http://www.dbunit.org/features/caseSensitiveTableNames=false, http://www.dbunit.org/properties/fetchSize=100, http://www.dbunit.org/features/batchedStatements=false, http://www.dbunit.org/properties/metadataHandler=org.dbunit.database.DefaultMetadataHandler@3bbfdfde, http://www.dbunit.org/properties/datatypeFactory=org.dbunit.dataset.datatype.DefaultDataTypeFactory[_toleratedDeltaMap=org.dbunit.dataset.datatype.ToleratedDeltaMap@6452310a], http://www.dbunit.org/properties/escapePattern=null, http://www.dbunit.org/properties/batchSize=100, http://www.dbunit.org/features/qualifiedTableNames=false, http://www.dbunit.org/properties/tableType=[Ljava.lang.String;@5011bafa, http://www.dbunit.org/properties/resultSetTableFactory=org.dbunit.database.CachedResultSetTableFactory@10bcf083, http://www.dbunit.org/features/datatypeWarning=true}], _dataSet=AbstractDataSet[_orderedTableNameMap=null]) - start
147004 [main] TRACE org.dbunit.database.DatabaseConfig  - getProperty(name=http://www.dbunit.org/properties/escapePattern) - start
147004 [main] DEBUG org.dbunit.util.QualifiedTableName  - getQualifiedName() - start
147004 [main] DEBUG org.dbunit.util.QualifiedTableName  - getQualifiedName(prefix=null, name=ID, escapePattern=null) - start
147004 [main] DEBUG org.dbunit.operation.AbstractOperation  - getQualifiedName(prefix=null, name=TIMESTAMP, connection=_databaseConfig=org.dbunit.database.DatabaseConfig[, _propertyMap={http://www.dbunit.org/properties/statementFactory=org.dbunit.database.statement.PreparedStatementFactory@626bc2b8, http://www.dbunit.org/features/caseSensitiveTableNames=false, http://www.dbunit.org/properties/fetchSize=100, http://www.dbunit.org/features/batchedStatements=false, http://www.dbunit.org/properties/metadataHandler=org.dbunit.database.DefaultMetadataHandler@3bbfdfde, http://www.dbunit.org/properties/datatypeFactory=org.dbunit.dataset.datatype.DefaultDataTypeFactory[_toleratedDeltaMap=org.dbunit.dataset.datatype.ToleratedDeltaMap@6452310a], http://www.dbunit.org/properties/escapePattern=null, http://www.dbunit.org/properties/batchSize=100, http://www.dbunit.org/features/qualifiedTableNames=false, http://www.dbunit.org/properties/tableType=[Ljava.lang.String;@5011bafa, http://www.dbunit.org/properties/resultSetTableFactory=org.dbunit.database.CachedResultSetTableFactory@10bcf083, http://www.dbunit.org/features/datatypeWarning=true}], _dataSet=AbstractDataSet[_orderedTableNameMap=null]) - start
147005 [main] TRACE org.dbunit.database.DatabaseConfig  - getProperty(name=http://www.dbunit.org/properties/escapePattern) - start
147005 [main] DEBUG org.dbunit.util.QualifiedTableName  - getQualifiedName() - start
147005 [main] DEBUG org.dbunit.util.QualifiedTableName  - getQualifiedName(prefix=null, name=TIMESTAMP, escapePattern=null) - start
147005 [main] DEBUG org.dbunit.database.statement.PreparedStatementFactory  - createPreparedBatchStatement(sql=insert into SCOPEDCONTENT (NAME, DESCRIPTION, SCOPE, ID, TIMESTAMP) values (?, ?, ?, ?, ?), connection=_databaseConfig=org.dbunit.database.DatabaseConfig[, _propertyMap={http://www.dbunit.org/properties/statementFactory=org.dbunit.database.statement.PreparedStatementFactory@626bc2b8, http://www.dbunit.org/features/caseSensitiveTableNames=false, http://www.dbunit.org/properties/fetchSize=100, http://www.dbunit.org/features/batchedStatements=false, http://www.dbunit.org/properties/metadataHandler=org.dbunit.database.DefaultMetadataHandler@3bbfdfde, http://www.dbunit.org/properties/datatypeFactory=org.dbunit.dataset.datatype.DefaultDataTypeFactory[_toleratedDeltaMap=org.dbunit.dataset.datatype.ToleratedDeltaMap@6452310a], http://www.dbunit.org/properties/escapePattern=null, http://www.dbunit.org/properties/batchSize=100, http://www.dbunit.org/features/qualifiedTableNames=false, http://www.dbunit.org/properties/tableType=[Ljava.lang.String;@5011bafa, http://www.dbunit.org/properties/resultSetTableFactory=org.dbunit.database.CachedResultSetTableFactory@10bcf083, http://www.dbunit.org/features/datatypeWarning=true}], _dataSet=AbstractDataSet[_orderedTableNameMap=null]) - start
147005 [main] TRACE org.dbunit.database.DatabaseConfig  - getProperty(name=http://www.dbunit.org/properties/batchSize) - start
147005 [main] DEBUG org.dbunit.database.statement.AbstractStatementFactory  - supportBatchStatement(connection=_databaseConfig=org.dbunit.database.DatabaseConfig[, _propertyMap={http://www.dbunit.org/properties/statementFactory=org.dbunit.database.statement.PreparedStatementFactory@626bc2b8, http://www.dbunit.org/features/caseSensitiveTableNames=false, http://www.dbunit.org/properties/fetchSize=100, http://www.dbunit.org/features/batchedStatements=false, http://www.dbunit.org/properties/metadataHandler=org.dbunit.database.DefaultMetadataHandler@3bbfdfde, http://www.dbunit.org/properties/datatypeFactory=org.dbunit.dataset.datatype.DefaultDataTypeFactory[_toleratedDeltaMap=org.dbunit.dataset.datatype.ToleratedDeltaMap@6452310a], http://www.dbunit.org/properties/escapePattern=null, http://www.dbunit.org/properties/batchSize=100, http://www.dbunit.org/features/qualifiedTableNames=false, http://www.dbunit.org/properties/tableType=[Ljava.lang.String;@5011bafa, http://www.dbunit.org/properties/resultSetTableFactory=org.dbunit.database.CachedResultSetTableFactory@10bcf083, http://www.dbunit.org/features/datatypeWarning=true}], _dataSet=AbstractDataSet[_orderedTableNameMap=null]) - start
147005 [main] TRACE org.dbunit.database.DatabaseConfig  - getFeature(name=http://www.dbunit.org/features/batchedStatements) - start
147005 [main] TRACE org.dbunit.database.DatabaseConfig  - getProperty(name=http://www.dbunit.org/features/batchedStatements) - start
147005 [main] DEBUG org.dbunit.database.DatabaseDataSourceConnection  - getConnection() - start
147006 [main] DEBUG org.dbunit.dataset.DefaultTable  - getValue(row=0, column=NAME) - start
147006 [main] DEBUG org.dbunit.dataset.AbstractTable  - assertValidRowIndex(row=0) - start
147006 [main] DEBUG org.dbunit.dataset.AbstractTable  - assertValidRowIndex(row=0, rowCount=1) - start
147006 [main] DEBUG org.dbunit.dataset.AbstractTable  - getColumnIndex(columnName=NAME) - start
147006 [main] DEBUG org.dbunit.dataset.AbstractTableMetaData  - getColumnIndex(columnName=NAME) - start
147006 [main] DEBUG org.dbunit.database.statement.AutomaticPreparedBatchStatement  - addValue(value=7, dataType=VARCHAR) - start
147006 [main] DEBUG org.dbunit.database.statement.SimplePreparedStatement  - addValue(value=7, dataType=VARCHAR) - start
147006 [main] DEBUG org.dbunit.dataset.datatype.StringDataType  - setSqlValue(value=7, column=1, statement=org.hsqldb.jdbc.JDBCPreparedStatement@3edc85e1[sql=[insert into SCOPEDCONTENT (NAME, DESCRIPTION, SCOPE, ID, TIMESTAMP) values (?, ?, ?, ?, ?)], parameters=[[null], [null], [null], [null], [null]]]) - start
147006 [main] DEBUG org.dbunit.dataset.datatype.DataType  - asString(value=7) - start
147006 [main] DEBUG org.dbunit.dataset.datatype.StringDataType  - typeCast(value=7) - start
147007 [main] DEBUG org.dbunit.dataset.DefaultTable  - getValue(row=0, column=DESCRIPTION) - start
147007 [main] DEBUG org.dbunit.dataset.AbstractTable  - assertValidRowIndex(row=0) - start
147007 [main] DEBUG org.dbunit.dataset.AbstractTable  - assertValidRowIndex(row=0, rowCount=1) - start
147007 [main] DEBUG org.dbunit.dataset.AbstractTable  - getColumnIndex(columnName=DESCRIPTION) - start
147007 [main] DEBUG org.dbunit.dataset.AbstractTableMetaData  - getColumnIndex(columnName=DESCRIPTION) - start
147007 [main] DEBUG org.dbunit.database.statement.AutomaticPreparedBatchStatement  - addValue(value=8, dataType=VARCHAR) - start
147007 [main] DEBUG org.dbunit.database.statement.SimplePreparedStatement  - addValue(value=8, dataType=VARCHAR) - start
147007 [main] DEBUG org.dbunit.dataset.datatype.StringDataType  - setSqlValue(value=8, column=2, statement=org.hsqldb.jdbc.JDBCPreparedStatement@3edc85e1[sql=[insert into SCOPEDCONTENT (NAME, DESCRIPTION, SCOPE, ID, TIMESTAMP) values (?, ?, ?, ?, ?)], parameters=[[7], [null], [null], [null], [null]]]) - start
147007 [main] DEBUG org.dbunit.dataset.datatype.DataType  - asString(value=8) - start
147007 [main] DEBUG org.dbunit.dataset.datatype.StringDataType  - typeCast(value=8) - start
147007 [main] DEBUG org.dbunit.dataset.DefaultTable  - getValue(row=0, column=SCOPE) - start
147007 [main] DEBUG org.dbunit.dataset.AbstractTable  - assertValidRowIndex(row=0) - start
147008 [main] DEBUG org.dbunit.dataset.AbstractTable  - assertValidRowIndex(row=0, rowCount=1) - start
147008 [main] DEBUG org.dbunit.dataset.AbstractTable  - getColumnIndex(columnName=SCOPE) - start
147008 [main] DEBUG org.dbunit.dataset.AbstractTableMetaData  - getColumnIndex(columnName=SCOPE) - start
147008 [main] DEBUG org.dbunit.database.statement.AutomaticPreparedBatchStatement  - addValue(value=1, dataType=INTEGER) - start
147008 [main] DEBUG org.dbunit.database.statement.SimplePreparedStatement  - addValue(value=1, dataType=INTEGER) - start
147008 [main] DEBUG org.dbunit.dataset.datatype.IntegerDataType  - setSqlValue(value=1, column=3, statement=org.hsqldb.jdbc.JDBCPreparedStatement@3edc85e1[sql=[insert into SCOPEDCONTENT (NAME, DESCRIPTION, SCOPE, ID, TIMESTAMP) values (?, ?, ?, ?, ?)], parameters=[[7], [8], [null], [null], [null]]]) - start
147008 [main] DEBUG org.dbunit.dataset.datatype.IntegerDataType  - typeCast(value=1) - start
147008 [main] DEBUG org.dbunit.dataset.DefaultTable  - getValue(row=0, column=ID) - start
147008 [main] DEBUG org.dbunit.dataset.AbstractTable  - assertValidRowIndex(row=0) - start
147008 [main] DEBUG org.dbunit.dataset.AbstractTable  - assertValidRowIndex(row=0, rowCount=1) - start
147008 [main] DEBUG org.dbunit.dataset.AbstractTable  - getColumnIndex(columnName=ID) - start
147008 [main] DEBUG org.dbunit.dataset.AbstractTableMetaData  - getColumnIndex(columnName=ID) - start
147009 [main] DEBUG org.dbunit.database.statement.AutomaticPreparedBatchStatement  - addValue(value=1, dataType=INTEGER) - start
147009 [main] DEBUG org.dbunit.database.statement.SimplePreparedStatement  - addValue(value=1, dataType=INTEGER) - start
147009 [main] DEBUG org.dbunit.dataset.datatype.IntegerDataType  - setSqlValue(value=1, column=4, statement=org.hsqldb.jdbc.JDBCPreparedStatement@3edc85e1[sql=[insert into SCOPEDCONTENT (NAME, DESCRIPTION, SCOPE, ID, TIMESTAMP) values (?, ?, ?, ?, ?)], parameters=[[7], [8], [1], [null], [null]]]) - start
147009 [main] DEBUG org.dbunit.dataset.datatype.IntegerDataType  - typeCast(value=1) - start
147009 [main] DEBUG org.dbunit.dataset.DefaultTable  - getValue(row=0, column=TIMESTAMP) - start
147009 [main] DEBUG org.dbunit.dataset.AbstractTable  - assertValidRowIndex(row=0) - start
147009 [main] DEBUG org.dbunit.dataset.AbstractTable  - assertValidRowIndex(row=0, rowCount=1) - start
147009 [main] DEBUG org.dbunit.dataset.AbstractTable  - getColumnIndex(columnName=TIMESTAMP) - start
147009 [main] DEBUG org.dbunit.dataset.AbstractTableMetaData  - getColumnIndex(columnName=TIMESTAMP) - start
147009 [main] DEBUG org.dbunit.database.statement.AutomaticPreparedBatchStatement  - addValue(value=2014-02-26 12:43:28.082, dataType=TIMESTAMP) - start
147010 [main] DEBUG org.dbunit.database.statement.SimplePreparedStatement  - addValue(value=2014-02-26 12:43:28.082, dataType=TIMESTAMP) - start
147010 [main] DEBUG org.dbunit.dataset.datatype.TimestampDataType  - setSqlValue(value=2014-02-26 12:43:28.082, column=5, statement=org.hsqldb.jdbc.JDBCPreparedStatement@3edc85e1[sql=[insert into SCOPEDCONTENT (NAME, DESCRIPTION, SCOPE, ID, TIMESTAMP) values (?, ?, ?, ?, ?)], parameters=[[7], [8], [1], [1], [null]]]) - start
147010 [main] DEBUG org.dbunit.dataset.datatype.TimestampDataType  - typeCast(value=2014-02-26 12:43:28.082) - start
147010 [main] DEBUG org.dbunit.database.statement.AutomaticPreparedBatchStatement  - addBatch() - start
147010 [main] DEBUG org.dbunit.database.statement.SimplePreparedStatement  - addBatch() - start
147010 [main] DEBUG org.dbunit.operation.InsertOperation  - equalsIgnoreMapping(ignoreMapping={}, table=org.dbunit.dataset.DefaultTable[_metaData=tableName=ScopedContent, columns=[(name, UNKNOWN, nullableUnknown), (description, UNKNOWN, nullableUnknown), (scope, UNKNOWN, nullableUnknown), (id, UNKNOWN, nullableUnknown), (timeStamp, UNKNOWN, nullableUnknown)], keys=[], _rowList.size()=1], row=1) - start
147010 [main] DEBUG org.dbunit.dataset.DefaultTable  - getValue(row=1, column=name) - start
147010 [main] DEBUG org.dbunit.dataset.AbstractTable  - assertValidRowIndex(row=1) - start
147010 [main] DEBUG org.dbunit.dataset.AbstractTable  - assertValidRowIndex(row=1, rowCount=1) - start
147010 [main] DEBUG org.dbunit.database.statement.AutomaticPreparedBatchStatement  - executeBatch() - start
147011 [main] DEBUG org.dbunit.database.statement.SimplePreparedStatement  - executeBatch() - start
147011 [main] DEBUG org.dbunit.database.statement.SimplePreparedStatement  - clearBatch() - start
147011 [main] DEBUG org.dbunit.database.statement.AutomaticPreparedBatchStatement  - clearBatch() - start
147011 [main] DEBUG org.dbunit.database.statement.SimplePreparedStatement  - clearBatch() - start
147011 [main] DEBUG org.dbunit.database.statement.AutomaticPreparedBatchStatement  - close() - start
147011 [main] DEBUG org.dbunit.database.statement.AbstractPreparedBatchStatement  - close() - start
147011 [main] DEBUG org.dbunit.dataset.filter.SequenceTableIterator  - next() - start
147011 [main] DEBUG org.dbunit.dataset.filter.SequenceTableIterator  - getTable() - start
147011 [main] DEBUG org.dbunit.dataset.AbstractDataSet  - getTable(tableName=ScopedContentConditionAttribute) - start
147011 [main] DEBUG org.dbunit.dataset.AbstractDataSet  - initialize() - start
147011 [main] DEBUG org.dbunit.dataset.AbstractDataSet  - The table name map has already been initialized.
147011 [main] DEBUG org.dbunit.dataset.OrderedTableNameMap  - getTableName(tableName=ScopedContentConditionAttribute) - start
147012 [main] DEBUG org.dbunit.dataset.OrderedTableNameMap  - getTableName(tableName=ScopedContentConditionAttribute) - end - result=SCOPEDCONTENTCONDITIONATTRIBUTE
147012 [main] TRACE org.dbunit.operation.AbstractBatchOperation  - execute: processing table='ScopedContentConditionAttribute'
147012 [main] DEBUG org.dbunit.operation.AbstractBatchOperation  - isEmpty(table=org.dbunit.dataset.DefaultTable[_metaData=tableName=ScopedContentConditionAttribute, columns=[(key, UNKNOWN, nullableUnknown), (checkOrder, UNKNOWN, nullableUnknown), (className, UNKNOWN, nullableUnknown), (valuePath, UNKNOWN, nullableUnknown), (operator, UNKNOWN, nullableUnknown), (expectedValue, UNKNOWN, nullableUnknown), (expectedValueType, UNKNOWN, nullableUnknown), (scopedContentCondition, UNKNOWN, nullableUnknown), (id, UNKNOWN, nullableUnknown), (timeStamp, UNKNOWN, nullableUnknown)], keys=[], _rowList.size()=1]) - start
147012 [main] DEBUG org.dbunit.dataset.DefaultTable  - getValue(row=0, column=key) - start
147012 [main] DEBUG org.dbunit.dataset.AbstractTable  - assertValidRowIndex(row=0) - start
147012 [main] DEBUG org.dbunit.dataset.AbstractTable  - assertValidRowIndex(row=0, rowCount=1) - start
147012 [main] DEBUG org.dbunit.dataset.AbstractTable  - getColumnIndex(columnName=key) - start
147012 [main] DEBUG org.dbunit.dataset.AbstractTableMetaData  - getColumnIndex(columnName=key) - start
147012 [main] DEBUG org.dbunit.operation.AbstractOperation  - getOperationMetaData(connection=_databaseConfig=org.dbunit.database.DatabaseConfig[, _propertyMap={http://www.dbunit.org/properties/statementFactory=org.dbunit.database.statement.PreparedStatementFactory@626bc2b8, http://www.dbunit.org/features/caseSensitiveTableNames=false, http://www.dbunit.org/properties/fetchSize=100, http://www.dbunit.org/features/batchedStatements=false, http://www.dbunit.org/properties/metadataHandler=org.dbunit.database.DefaultMetadataHandler@3bbfdfde, http://www.dbunit.org/properties/datatypeFactory=org.dbunit.dataset.datatype.DefaultDataTypeFactory[_toleratedDeltaMap=org.dbunit.dataset.datatype.ToleratedDeltaMap@6452310a], http://www.dbunit.org/properties/escapePattern=null, http://www.dbunit.org/properties/batchSize=100, http://www.dbunit.org/features/qualifiedTableNames=false, http://www.dbunit.org/properties/tableType=[Ljava.lang.String;@5011bafa, http://www.dbunit.org/properties/resultSetTableFactory=org.dbunit.database.CachedResultSetTableFactory@10bcf083, http://www.dbunit.org/features/datatypeWarning=true}], _dataSet=AbstractDataSet[_orderedTableNameMap=null], metaData=tableName=ScopedContentConditionAttribute, columns=[(key, UNKNOWN, nullableUnknown), (checkOrder, UNKNOWN, nullableUnknown), (className, UNKNOWN, nullableUnknown), (valuePath, UNKNOWN, nullableUnknown), (operator, UNKNOWN, nullableUnknown), (expectedValue, UNKNOWN, nullableUnknown), (expectedValueType, UNKNOWN, nullableUnknown), (scopedContentCondition, UNKNOWN, nullableUnknown), (id, UNKNOWN, nullableUnknown), (timeStamp, UNKNOWN, nullableUnknown)], keys=[]) - start
147012 [main] DEBUG org.dbunit.database.AbstractDatabaseConnection  - createDataSet() - start
147013 [main] DEBUG org.dbunit.database.DatabaseDataSet  - getTableMetaData(tableName=ScopedContentConditionAttribute) - start
147013 [main] DEBUG org.dbunit.database.DatabaseDataSet  - initialize() - start
147013 [main] DEBUG org.dbunit.dataset.OrderedTableNameMap  - getTableName(tableName=ScopedContentConditionAttribute) - start
147013 [main] DEBUG org.dbunit.dataset.OrderedTableNameMap  - getTableName(tableName=ScopedContentConditionAttribute) - end - result=SCOPEDCONTENTCONDITIONATTRIBUTE
147013 [main] DEBUG org.dbunit.dataset.OrderedTableNameMap  - getTableName(tableName=ScopedContentConditionAttribute) - start
147013 [main] DEBUG org.dbunit.dataset.OrderedTableNameMap  - getTableName(tableName=ScopedContentConditionAttribute) - end - result=SCOPEDCONTENTCONDITIONATTRIBUTE
147013 [main] DEBUG org.dbunit.dataset.AbstractTableMetaData  - getColumnIndex(columnName=key) - start
147013 [main] DEBUG org.dbunit.database.DatabaseTableMetaData  - getColumns() - start
147013 [main] DEBUG org.dbunit.database.DatabaseTableMetaData  - getColumns() - start
147013 [main] DEBUG org.dbunit.dataset.AbstractTableMetaData  - getColumnIndex(columnName=checkOrder) - start
147013 [main] DEBUG org.dbunit.database.DatabaseTableMetaData  - getColumns() - start
147013 [main] DEBUG org.dbunit.dataset.AbstractTableMetaData  - getColumnIndex(columnName=className) - start
147014 [main] DEBUG org.dbunit.database.DatabaseTableMetaData  - getColumns() - start
147014 [main] DEBUG org.dbunit.dataset.AbstractTableMetaData  - getColumnIndex(columnName=valuePath) - start
147014 [main] DEBUG org.dbunit.database.DatabaseTableMetaData  - getColumns() - start
147014 [main] DEBUG org.dbunit.dataset.AbstractTableMetaData  - getColumnIndex(columnName=operator) - start
147014 [main] DEBUG org.dbunit.database.DatabaseTableMetaData  - getColumns() - start
147014 [main] DEBUG org.dbunit.dataset.AbstractTableMetaData  - getColumnIndex(columnName=expectedValue) - start
147014 [main] DEBUG org.dbunit.database.DatabaseTableMetaData  - getColumns() - start
147014 [main] DEBUG org.dbunit.dataset.AbstractTableMetaData  - getColumnIndex(columnName=expectedValueType) - start
147014 [main] DEBUG org.dbunit.database.DatabaseTableMetaData  - getColumns() - start
147014 [main] DEBUG org.dbunit.dataset.AbstractTableMetaData  - getColumnIndex(columnName=scopedContentCondition) - start
147014 [main] DEBUG org.dbunit.database.DatabaseTableMetaData  - getColumns() - start
147014 [main] DEBUG org.dbunit.dataset.AbstractTableMetaData  - getColumnIndex(columnName=id) - start
147014 [main] DEBUG org.dbunit.database.DatabaseTableMetaData  - getColumns() - start
147014 [main] DEBUG org.dbunit.dataset.AbstractTableMetaData  - getColumnIndex(columnName=timeStamp) - start
147014 [main] DEBUG org.dbunit.database.DatabaseTableMetaData  - getColumns() - start
147014 [main] DEBUG org.dbunit.database.DatabaseTableMetaData  - getPrimaryKeys() - start
147014 [main] TRACE org.dbunit.database.DatabaseConfig  - getProperty(name=http://www.dbunit.org/properties/primaryKeyFilter) - start
147014 [main] DEBUG org.dbunit.operation.InsertOperation  - getIgnoreMapping(table=org.dbunit.dataset.DefaultTable[_metaData=tableName=ScopedContentConditionAttribute, columns=[(key, UNKNOWN, nullableUnknown), (checkOrder, UNKNOWN, nullableUnknown), (className, UNKNOWN, nullableUnknown), (valuePath, UNKNOWN, nullableUnknown), (operator, UNKNOWN, nullableUnknown), (expectedValue, UNKNOWN, nullableUnknown), (expectedValueType, UNKNOWN, nullableUnknown), (scopedContentCondition, UNKNOWN, nullableUnknown), (id, UNKNOWN, nullableUnknown), (timeStamp, UNKNOWN, nullableUnknown)], keys=[], _rowList.size()=1], row=0) - start
147014 [main] DEBUG org.dbunit.dataset.DefaultTable  - getValue(row=0, column=key) - start
147015 [main] DEBUG org.dbunit.dataset.AbstractTable  - assertValidRowIndex(row=0) - start
147015 [main] DEBUG org.dbunit.dataset.AbstractTable  - assertValidRowIndex(row=0, rowCount=1) - start
147015 [main] DEBUG org.dbunit.dataset.AbstractTable  - getColumnIndex(columnName=key) - start
147015 [main] DEBUG org.dbunit.dataset.AbstractTableMetaData  - getColumnIndex(columnName=key) - start
147015 [main] DEBUG org.dbunit.dataset.DefaultTable  - getValue(row=0, column=checkOrder) - start
147015 [main] DEBUG org.dbunit.dataset.AbstractTable  - assertValidRowIndex(row=0) - start
147015 [main] DEBUG org.dbunit.dataset.AbstractTable  - assertValidRowIndex(row=0, rowCount=1) - start
147015 [main] DEBUG org.dbunit.dataset.AbstractTable  - getColumnIndex(columnName=checkOrder) - start
147015 [main] DEBUG org.dbunit.dataset.AbstractTableMetaData  - getColumnIndex(columnName=checkOrder) - start
147015 [main] DEBUG org.dbunit.dataset.DefaultTable  - getValue(row=0, column=className) - start
147015 [main] DEBUG org.dbunit.dataset.AbstractTable  - assertValidRowIndex(row=0) - start
147015 [main] DEBUG org.dbunit.dataset.AbstractTable  - assertValidRowIndex(row=0, rowCount=1) - start
147015 [main] DEBUG org.dbunit.dataset.AbstractTable  - getColumnIndex(columnName=className) - start
147015 [main] DEBUG org.dbunit.dataset.AbstractTableMetaData  - getColumnIndex(columnName=className) - start
147015 [main] DEBUG org.dbunit.dataset.DefaultTable  - getValue(row=0, column=valuePath) - start
147015 [main] DEBUG org.dbunit.dataset.AbstractTable  - assertValidRowIndex(row=0) - start
147015 [main] DEBUG org.dbunit.dataset.AbstractTable  - assertValidRowIndex(row=0, rowCount=1) - start
147015 [main] DEBUG org.dbunit.dataset.AbstractTable  - getColumnIndex(columnName=valuePath) - start
147016 [main] DEBUG org.dbunit.dataset.AbstractTableMetaData  - getColumnIndex(columnName=valuePath) - start
147016 [main] DEBUG org.dbunit.dataset.DefaultTable  - getValue(row=0, column=operator) - start
147016 [main] DEBUG org.dbunit.dataset.AbstractTable  - assertValidRowIndex(row=0) - start
147016 [main] DEBUG org.dbunit.dataset.AbstractTable  - assertValidRowIndex(row=0, rowCount=1) - start
147016 [main] DEBUG org.dbunit.dataset.AbstractTable  - getColumnIndex(columnName=operator) - start
147016 [main] DEBUG org.dbunit.dataset.AbstractTableMetaData  - getColumnIndex(columnName=operator) - start
147016 [main] DEBUG org.dbunit.dataset.DefaultTable  - getValue(row=0, column=expectedValue) - start
147016 [main] DEBUG org.dbunit.dataset.AbstractTable  - assertValidRowIndex(row=0) - start
147016 [main] DEBUG org.dbunit.dataset.AbstractTable  - assertValidRowIndex(row=0, rowCount=1) - start
147016 [main] DEBUG org.dbunit.dataset.AbstractTable  - getColumnIndex(columnName=expectedValue) - start
147016 [main] DEBUG org.dbunit.dataset.AbstractTableMetaData  - getColumnIndex(columnName=expectedValue) - start
147016 [main] DEBUG org.dbunit.dataset.DefaultTable  - getValue(row=0, column=expectedValueType) - start
147016 [main] DEBUG org.dbunit.dataset.AbstractTable  - assertValidRowIndex(row=0) - start
147016 [main] DEBUG org.dbunit.dataset.AbstractTable  - assertValidRowIndex(row=0, rowCount=1) - start
147016 [main] DEBUG org.dbunit.dataset.AbstractTable  - getColumnIndex(columnName=expectedValueType) - start
147016 [main] DEBUG org.dbunit.dataset.AbstractTableMetaData  - getColumnIndex(columnName=expectedValueType) - start
147016 [main] DEBUG org.dbunit.dataset.DefaultTable  - getValue(row=0, column=scopedContentCondition) - start
147016 [main] DEBUG org.dbunit.dataset.AbstractTable  - assertValidRowIndex(row=0) - start
147016 [main] DEBUG org.dbunit.dataset.AbstractTable  - assertValidRowIndex(row=0, rowCount=1) - start
147016 [main] DEBUG org.dbunit.dataset.AbstractTable  - getColumnIndex(columnName=scopedContentCondition) - start
147016 [main] DEBUG org.dbunit.dataset.AbstractTableMetaData  - getColumnIndex(columnName=scopedContentCondition) - start
147016 [main] DEBUG org.dbunit.dataset.DefaultTable  - getValue(row=0, column=id) - start
147016 [main] DEBUG org.dbunit.dataset.AbstractTable  - assertValidRowIndex(row=0) - start
147017 [main] DEBUG org.dbunit.dataset.AbstractTable  - assertValidRowIndex(row=0, rowCount=1) - start
147017 [main] DEBUG org.dbunit.dataset.AbstractTable  - getColumnIndex(columnName=id) - start
147017 [main] DEBUG org.dbunit.dataset.AbstractTableMetaData  - getColumnIndex(columnName=id) - start
147017 [main] DEBUG org.dbunit.dataset.DefaultTable  - getValue(row=0, column=timeStamp) - start
147017 [main] DEBUG org.dbunit.dataset.AbstractTable  - assertValidRowIndex(row=0) - start
147017 [main] DEBUG org.dbunit.dataset.AbstractTable  - assertValidRowIndex(row=0, rowCount=1) - start
147017 [main] DEBUG org.dbunit.dataset.AbstractTable  - getColumnIndex(columnName=timeStamp) - start
147017 [main] DEBUG org.dbunit.dataset.AbstractTableMetaData  - getColumnIndex(columnName=timeStamp) - start
147017 [main] DEBUG org.dbunit.operation.InsertOperation  - getOperationData(metaData=tableName=SCOPEDCONTENTCONDITIONATTRIBUTE, columns=[(KEY, VARCHAR, noNulls), (CHECKORDER, INTEGER, noNulls), (CLASSNAME, VARCHAR, noNulls), (VALUEPATH, VARCHAR, noNulls), (OPERATOR, VARCHAR, noNulls), (EXPECTEDVALUE, VARCHAR, noNulls), (EXPECTEDVALUETYPE, VARCHAR, noNulls), (SCOPEDCONTENTCONDITION, INTEGER, noNulls), (ID, INTEGER, noNulls), (TIMESTAMP, TIMESTAMP, nullable)], keys=[(ID, INTEGER, noNulls)], ignoreMapping={}, connection=_databaseConfig=org.dbunit.database.DatabaseConfig[, _propertyMap={http://www.dbunit.org/properties/statementFactory=org.dbunit.database.statement.PreparedStatementFactory@626bc2b8, http://www.dbunit.org/features/caseSensitiveTableNames=false, http://www.dbunit.org/properties/fetchSize=100, http://www.dbunit.org/features/batchedStatements=false, http://www.dbunit.org/properties/metadataHandler=org.dbunit.database.DefaultMetadataHandler@3bbfdfde, http://www.dbunit.org/properties/datatypeFactory=org.dbunit.dataset.datatype.DefaultDataTypeFactory[_toleratedDeltaMap=org.dbunit.dataset.datatype.ToleratedDeltaMap@6452310a], http://www.dbunit.org/properties/escapePattern=null, http://www.dbunit.org/properties/batchSize=100, http://www.dbunit.org/features/qualifiedTableNames=false, http://www.dbunit.org/properties/tableType=[Ljava.lang.String;@5011bafa, http://www.dbunit.org/properties/resultSetTableFactory=org.dbunit.database.CachedResultSetTableFactory@10bcf083, http://www.dbunit.org/features/datatypeWarning=true}], _dataSet=AbstractDataSet[_orderedTableNameMap=null]) - start
147017 [main] DEBUG org.dbunit.operation.AbstractOperation  - getQualifiedName(prefix=null, name=SCOPEDCONTENTCONDITIONATTRIBUTE, connection=_databaseConfig=org.dbunit.database.DatabaseConfig[, _propertyMap={http://www.dbunit.org/properties/statementFactory=org.dbunit.database.statement.PreparedStatementFactory@626bc2b8, http://www.dbunit.org/features/caseSensitiveTableNames=false, http://www.dbunit.org/properties/fetchSize=100, http://www.dbunit.org/features/batchedStatements=false, http://www.dbunit.org/properties/metadataHandler=org.dbunit.database.DefaultMetadataHandler@3bbfdfde, http://www.dbunit.org/properties/datatypeFactory=org.dbunit.dataset.datatype.DefaultDataTypeFactory[_toleratedDeltaMap=org.dbunit.dataset.datatype.ToleratedDeltaMap@6452310a], http://www.dbunit.org/properties/escapePattern=null, http://www.dbunit.org/properties/batchSize=100, http://www.dbunit.org/features/qualifiedTableNames=false, http://www.dbunit.org/properties/tableType=[Ljava.lang.String;@5011bafa, http://www.dbunit.org/properties/resultSetTableFactory=org.dbunit.database.CachedResultSetTableFactory@10bcf083, http://www.dbunit.org/features/datatypeWarning=true}], _dataSet=AbstractDataSet[_orderedTableNameMap=null]) - start
147017 [main] TRACE org.dbunit.database.DatabaseConfig  - getProperty(name=http://www.dbunit.org/properties/escapePattern) - start
147017 [main] DEBUG org.dbunit.util.QualifiedTableName  - getQualifiedName() - start
147017 [main] DEBUG org.dbunit.util.QualifiedTableName  - getQualifiedName(prefix=null, name=SCOPEDCONTENTCONDITIONATTRIBUTE, escapePattern=null) - start
147017 [main] DEBUG org.dbunit.operation.AbstractOperation  - getQualifiedName(prefix=null, name=KEY, connection=_databaseConfig=org.dbunit.database.DatabaseConfig[, _propertyMap={http://www.dbunit.org/properties/statementFactory=org.dbunit.database.statement.PreparedStatementFactory@626bc2b8, http://www.dbunit.org/features/caseSensitiveTableNames=false, http://www.dbunit.org/properties/fetchSize=100, http://www.dbunit.org/features/batchedStatements=false, http://www.dbunit.org/properties/metadataHandler=org.dbunit.database.DefaultMetadataHandler@3bbfdfde, http://www.dbunit.org/properties/datatypeFactory=org.dbunit.dataset.datatype.DefaultDataTypeFactory[_toleratedDeltaMap=org.dbunit.dataset.datatype.ToleratedDeltaMap@6452310a], http://www.dbunit.org/properties/escapePattern=null, http://www.dbunit.org/properties/batchSize=100, http://www.dbunit.org/features/qualifiedTableNames=false, http://www.dbunit.org/properties/tableType=[Ljava.lang.String;@5011bafa, http://www.dbunit.org/properties/resultSetTableFactory=org.dbunit.database.CachedResultSetTableFactory@10bcf083, http://www.dbunit.org/features/datatypeWarning=true}], _dataSet=AbstractDataSet[_orderedTableNameMap=null]) - start
147017 [main] TRACE org.dbunit.database.DatabaseConfig  - getProperty(name=http://www.dbunit.org/properties/escapePattern) - start
147017 [main] DEBUG org.dbunit.util.QualifiedTableName  - getQualifiedName() - start
147017 [main] DEBUG org.dbunit.util.QualifiedTableName  - getQualifiedName(prefix=null, name=KEY, escapePattern=null) - start
147018 [main] DEBUG org.dbunit.operation.AbstractOperation  - getQualifiedName(prefix=null, name=CHECKORDER, connection=_databaseConfig=org.dbunit.database.DatabaseConfig[, _propertyMap={http://www.dbunit.org/properties/statementFactory=org.dbunit.database.statement.PreparedStatementFactory@626bc2b8, http://www.dbunit.org/features/caseSensitiveTableNames=false, http://www.dbunit.org/properties/fetchSize=100, http://www.dbunit.org/features/batchedStatements=false, http://www.dbunit.org/properties/metadataHandler=org.dbunit.database.DefaultMetadataHandler@3bbfdfde, http://www.dbunit.org/properties/datatypeFactory=org.dbunit.dataset.datatype.DefaultDataTypeFactory[_toleratedDeltaMap=org.dbunit.dataset.datatype.ToleratedDeltaMap@6452310a], http://www.dbunit.org/properties/escapePattern=null, http://www.dbunit.org/properties/batchSize=100, http://www.dbunit.org/features/qualifiedTableNames=false, http://www.dbunit.org/properties/tableType=[Ljava.lang.String;@5011bafa, http://www.dbunit.org/properties/resultSetTableFactory=org.dbunit.database.CachedResultSetTableFactory@10bcf083, http://www.dbunit.org/features/datatypeWarning=true}], _dataSet=AbstractDataSet[_orderedTableNameMap=null]) - start
147018 [main] TRACE org.dbunit.database.DatabaseConfig  - getProperty(name=http://www.dbunit.org/properties/escapePattern) - start
147018 [main] DEBUG org.dbunit.util.QualifiedTableName  - getQualifiedName() - start
147018 [main] DEBUG org.dbunit.util.QualifiedTableName  - getQualifiedName(prefix=null, name=CHECKORDER, escapePattern=null) - start
147018 [main] DEBUG org.dbunit.operation.AbstractOperation  - getQualifiedName(prefix=null, name=CLASSNAME, connection=_databaseConfig=org.dbunit.database.DatabaseConfig[, _propertyMap={http://www.dbunit.org/properties/statementFactory=org.dbunit.database.statement.PreparedStatementFactory@626bc2b8, http://www.dbunit.org/features/caseSensitiveTableNames=false, http://www.dbunit.org/properties/fetchSize=100, http://www.dbunit.org/features/batchedStatements=false, http://www.dbunit.org/properties/metadataHandler=org.dbunit.database.DefaultMetadataHandler@3bbfdfde, http://www.dbunit.org/properties/datatypeFactory=org.dbunit.dataset.datatype.DefaultDataTypeFactory[_toleratedDeltaMap=org.dbunit.dataset.datatype.ToleratedDeltaMap@6452310a], http://www.dbunit.org/properties/escapePattern=null, http://www.dbunit.org/properties/batchSize=100, http://www.dbunit.org/features/qualifiedTableNames=false, http://www.dbunit.org/properties/tableType=[Ljava.lang.String;@5011bafa, http://www.dbunit.org/properties/resultSetTableFactory=org.dbunit.database.CachedResultSetTableFactory@10bcf083, http://www.dbunit.org/features/datatypeWarning=true}], _dataSet=AbstractDataSet[_orderedTableNameMap=null]) - start
147018 [main] TRACE org.dbunit.database.DatabaseConfig  - getProperty(name=http://www.dbunit.org/properties/escapePattern) - start
147018 [main] DEBUG org.dbunit.util.QualifiedTableName  - getQualifiedName() - start
147018 [main] DEBUG org.dbunit.util.QualifiedTableName  - getQualifiedName(prefix=null, name=CLASSNAME, escapePattern=null) - start
147018 [main] DEBUG org.dbunit.operation.AbstractOperation  - getQualifiedName(prefix=null, name=VALUEPATH, connection=_databaseConfig=org.dbunit.database.DatabaseConfig[, _propertyMap={http://www.dbunit.org/properties/statementFactory=org.dbunit.database.statement.PreparedStatementFactory@626bc2b8, http://www.dbunit.org/features/caseSensitiveTableNames=false, http://www.dbunit.org/properties/fetchSize=100, http://www.dbunit.org/features/batchedStatements=false, http://www.dbunit.org/properties/metadataHandler=org.dbunit.database.DefaultMetadataHandler@3bbfdfde, http://www.dbunit.org/properties/datatypeFactory=org.dbunit.dataset.datatype.DefaultDataTypeFactory[_toleratedDeltaMap=org.dbunit.dataset.datatype.ToleratedDeltaMap@6452310a], http://www.dbunit.org/properties/escapePattern=null, http://www.dbunit.org/properties/batchSize=100, http://www.dbunit.org/features/qualifiedTableNames=false, http://www.dbunit.org/properties/tableType=[Ljava.lang.String;@5011bafa, http://www.dbunit.org/properties/resultSetTableFactory=org.dbunit.database.CachedResultSetTableFactory@10bcf083, http://www.dbunit.org/features/datatypeWarning=true}], _dataSet=AbstractDataSet[_orderedTableNameMap=null]) - start
147018 [main] TRACE org.dbunit.database.DatabaseConfig  - getProperty(name=http://www.dbunit.org/properties/escapePattern) - start
147018 [main] DEBUG org.dbunit.util.QualifiedTableName  - getQualifiedName() - start
147018 [main] DEBUG org.dbunit.util.QualifiedTableName  - getQualifiedName(prefix=null, name=VALUEPATH, escapePattern=null) - start
147018 [main] DEBUG org.dbunit.operation.AbstractOperation  - getQualifiedName(prefix=null, name=OPERATOR, connection=_databaseConfig=org.dbunit.database.DatabaseConfig[, _propertyMap={http://www.dbunit.org/properties/statementFactory=org.dbunit.database.statement.PreparedStatementFactory@626bc2b8, http://www.dbunit.org/features/caseSensitiveTableNames=false, http://www.dbunit.org/properties/fetchSize=100, http://www.dbunit.org/features/batchedStatements=false, http://www.dbunit.org/properties/metadataHandler=org.dbunit.database.DefaultMetadataHandler@3bbfdfde, http://www.dbunit.org/properties/datatypeFactory=org.dbunit.dataset.datatype.DefaultDataTypeFactory[_toleratedDeltaMap=org.dbunit.dataset.datatype.ToleratedDeltaMap@6452310a], http://www.dbunit.org/properties/escapePattern=null, http://www.dbunit.org/properties/batchSize=100, http://www.dbunit.org/features/qualifiedTableNames=false, http://www.dbunit.org/properties/tableType=[Ljava.lang.String;@5011bafa, http://www.dbunit.org/properties/resultSetTableFactory=org.dbunit.database.CachedResultSetTableFactory@10bcf083, http://www.dbunit.org/features/datatypeWarning=true}], _dataSet=AbstractDataSet[_orderedTableNameMap=null]) - start
147018 [main] TRACE org.dbunit.database.DatabaseConfig  - getProperty(name=http://www.dbunit.org/properties/escapePattern) - start
147018 [main] DEBUG org.dbunit.util.QualifiedTableName  - getQualifiedName() - start
147018 [main] DEBUG org.dbunit.util.QualifiedTableName  - getQualifiedName(prefix=null, name=OPERATOR, escapePattern=null) - start
147019 [main] DEBUG org.dbunit.operation.AbstractOperation  - getQualifiedName(prefix=null, name=EXPECTEDVALUE, connection=_databaseConfig=org.dbunit.database.DatabaseConfig[, _propertyMap={http://www.dbunit.org/properties/statementFactory=org.dbunit.database.statement.PreparedStatementFactory@626bc2b8, http://www.dbunit.org/features/caseSensitiveTableNames=false, http://www.dbunit.org/properties/fetchSize=100, http://www.dbunit.org/features/batchedStatements=false, http://www.dbunit.org/properties/metadataHandler=org.dbunit.database.DefaultMetadataHandler@3bbfdfde, http://www.dbunit.org/properties/datatypeFactory=org.dbunit.dataset.datatype.DefaultDataTypeFactory[_toleratedDeltaMap=org.dbunit.dataset.datatype.ToleratedDeltaMap@6452310a], http://www.dbunit.org/properties/escapePattern=null, http://www.dbunit.org/properties/batchSize=100, http://www.dbunit.org/features/qualifiedTableNames=false, http://www.dbunit.org/properties/tableType=[Ljava.lang.String;@5011bafa, http://www.dbunit.org/properties/resultSetTableFactory=org.dbunit.database.CachedResultSetTableFactory@10bcf083, http://www.dbunit.org/features/datatypeWarning=true}], _dataSet=AbstractDataSet[_orderedTableNameMap=null]) - start
147019 [main] TRACE org.dbunit.database.DatabaseConfig  - getProperty(name=http://www.dbunit.org/properties/escapePattern) - start
147019 [main] DEBUG org.dbunit.util.QualifiedTableName  - getQualifiedName() - start
147019 [main] DEBUG org.dbunit.util.QualifiedTableName  - getQualifiedName(prefix=null, name=EXPECTEDVALUE, escapePattern=null) - start
147019 [main] DEBUG org.dbunit.operation.AbstractOperation  - getQualifiedName(prefix=null, name=EXPECTEDVALUETYPE, connection=_databaseConfig=org.dbunit.database.DatabaseConfig[, _propertyMap={http://www.dbunit.org/properties/statementFactory=org.dbunit.database.statement.PreparedStatementFactory@626bc2b8, http://www.dbunit.org/features/caseSensitiveTableNames=false, http://www.dbunit.org/properties/fetchSize=100, http://www.dbunit.org/features/batchedStatements=false, http://www.dbunit.org/properties/metadataHandler=org.dbunit.database.DefaultMetadataHandler@3bbfdfde, http://www.dbunit.org/properties/datatypeFactory=org.dbunit.dataset.datatype.DefaultDataTypeFactory[_toleratedDeltaMap=org.dbunit.dataset.datatype.ToleratedDeltaMap@6452310a], http://www.dbunit.org/properties/escapePattern=null, http://www.dbunit.org/properties/batchSize=100, http://www.dbunit.org/features/qualifiedTableNames=false, http://www.dbunit.org/properties/tableType=[Ljava.lang.String;@5011bafa, http://www.dbunit.org/properties/resultSetTableFactory=org.dbunit.database.CachedResultSetTableFactory@10bcf083, http://www.dbunit.org/features/datatypeWarning=true}], _dataSet=AbstractDataSet[_orderedTableNameMap=null]) - start
147019 [main] TRACE org.dbunit.database.DatabaseConfig  - getProperty(name=http://www.dbunit.org/properties/escapePattern) - start
147019 [main] DEBUG org.dbunit.util.QualifiedTableName  - getQualifiedName() - start
147019 [main] DEBUG org.dbunit.util.QualifiedTableName  - getQualifiedName(prefix=null, name=EXPECTEDVALUETYPE, escapePattern=null) - start
147019 [main] DEBUG org.dbunit.operation.AbstractOperation  - getQualifiedName(prefix=null, name=SCOPEDCONTENTCONDITION, connection=_databaseConfig=org.dbunit.database.DatabaseConfig[, _propertyMap={http://www.dbunit.org/properties/statementFactory=org.dbunit.database.statement.PreparedStatementFactory@626bc2b8, http://www.dbunit.org/features/caseSensitiveTableNames=false, http://www.dbunit.org/properties/fetchSize=100, http://www.dbunit.org/features/batchedStatements=false, http://www.dbunit.org/properties/metadataHandler=org.dbunit.database.DefaultMetadataHandler@3bbfdfde, http://www.dbunit.org/properties/datatypeFactory=org.dbunit.dataset.datatype.DefaultDataTypeFactory[_toleratedDeltaMap=org.dbunit.dataset.datatype.ToleratedDeltaMap@6452310a], http://www.dbunit.org/properties/escapePattern=null, http://www.dbunit.org/properties/batchSize=100, http://www.dbunit.org/features/qualifiedTableNames=false, http://www.dbunit.org/properties/tableType=[Ljava.lang.String;@5011bafa, http://www.dbunit.org/properties/resultSetTableFactory=org.dbunit.database.CachedResultSetTableFactory@10bcf083, http://www.dbunit.org/features/datatypeWarning=true}], _dataSet=AbstractDataSet[_orderedTableNameMap=null]) - start
147019 [main] TRACE org.dbunit.database.DatabaseConfig  - getProperty(name=http://www.dbunit.org/properties/escapePattern) - start
147019 [main] DEBUG org.dbunit.util.QualifiedTableName  - getQualifiedName() - start
147019 [main] DEBUG org.dbunit.util.QualifiedTableName  - getQualifiedName(prefix=null, name=SCOPEDCONTENTCONDITION, escapePattern=null) - start
147019 [main] DEBUG org.dbunit.operation.AbstractOperation  - getQualifiedName(prefix=null, name=ID, connection=_databaseConfig=org.dbunit.database.DatabaseConfig[, _propertyMap={http://www.dbunit.org/properties/statementFactory=org.dbunit.database.statement.PreparedStatementFactory@626bc2b8, http://www.dbunit.org/features/caseSensitiveTableNames=false, http://www.dbunit.org/properties/fetchSize=100, http://www.dbunit.org/features/batchedStatements=false, http://www.dbunit.org/properties/metadataHandler=org.dbunit.database.DefaultMetadataHandler@3bbfdfde, http://www.dbunit.org/properties/datatypeFactory=org.dbunit.dataset.datatype.DefaultDataTypeFactory[_toleratedDeltaMap=org.dbunit.dataset.datatype.ToleratedDeltaMap@6452310a], http://www.dbunit.org/properties/escapePattern=null, http://www.dbunit.org/properties/batchSize=100, http://www.dbunit.org/features/qualifiedTableNames=false, http://www.dbunit.org/properties/tableType=[Ljava.lang.String;@5011bafa, http://www.dbunit.org/properties/resultSetTableFactory=org.dbunit.database.CachedResultSetTableFactory@10bcf083, http://www.dbunit.org/features/datatypeWarning=true}], _dataSet=AbstractDataSet[_orderedTableNameMap=null]) - start
147019 [main] TRACE org.dbunit.database.DatabaseConfig  - getProperty(name=http://www.dbunit.org/properties/escapePattern) - start
147019 [main] DEBUG org.dbunit.util.QualifiedTableName  - getQualifiedName() - start
147019 [main] DEBUG org.dbunit.util.QualifiedTableName  - getQualifiedName(prefix=null, name=ID, escapePattern=null) - start
147019 [main] DEBUG org.dbunit.operation.AbstractOperation  - getQualifiedName(prefix=null, name=TIMESTAMP, connection=_databaseConfig=org.dbunit.database.DatabaseConfig[, _propertyMap={http://www.dbunit.org/properties/statementFactory=org.dbunit.database.statement.PreparedStatementFactory@626bc2b8, http://www.dbunit.org/features/caseSensitiveTableNames=false, http://www.dbunit.org/properties/fetchSize=100, http://www.dbunit.org/features/batchedStatements=false, http://www.dbunit.org/properties/metadataHandler=org.dbunit.database.DefaultMetadataHandler@3bbfdfde, http://www.dbunit.org/properties/datatypeFactory=org.dbunit.dataset.datatype.DefaultDataTypeFactory[_toleratedDeltaMap=org.dbunit.dataset.datatype.ToleratedDeltaMap@6452310a], http://www.dbunit.org/properties/escapePattern=null, http://www.dbunit.org/properties/batchSize=100, http://www.dbunit.org/features/qualifiedTableNames=false, http://www.dbunit.org/properties/tableType=[Ljava.lang.String;@5011bafa, http://www.dbunit.org/properties/resultSetTableFactory=org.dbunit.database.CachedResultSetTableFactory@10bcf083, http://www.dbunit.org/features/datatypeWarning=true}], _dataSet=AbstractDataSet[_orderedTableNameMap=null]) - start
147019 [main] TRACE org.dbunit.database.DatabaseConfig  - getProperty(name=http://www.dbunit.org/properties/escapePattern) - start
147019 [main] DEBUG org.dbunit.util.QualifiedTableName  - getQualifiedName() - start
147019 [main] DEBUG org.dbunit.util.QualifiedTableName  - getQualifiedName(prefix=null, name=TIMESTAMP, escapePattern=null) - start
147020 [main] DEBUG org.dbunit.database.statement.PreparedStatementFactory  - createPreparedBatchStatement(sql=insert into SCOPEDCONTENTCONDITIONATTRIBUTE (KEY, CHECKORDER, CLASSNAME, VALUEPATH, OPERATOR, EXPECTEDVALUE, EXPECTEDVALUETYPE, SCOPEDCONTENTCONDITION, ID, TIMESTAMP) values (?, ?, ?, ?, ?, ?, ?, ?, ?, ?), connection=_databaseConfig=org.dbunit.database.DatabaseConfig[, _propertyMap={http://www.dbunit.org/properties/statementFactory=org.dbunit.database.statement.PreparedStatementFactory@626bc2b8, http://www.dbunit.org/features/caseSensitiveTableNames=false, http://www.dbunit.org/properties/fetchSize=100, http://www.dbunit.org/features/batchedStatements=false, http://www.dbunit.org/properties/metadataHandler=org.dbunit.database.DefaultMetadataHandler@3bbfdfde, http://www.dbunit.org/properties/datatypeFactory=org.dbunit.dataset.datatype.DefaultDataTypeFactory[_toleratedDeltaMap=org.dbunit.dataset.datatype.ToleratedDeltaMap@6452310a], http://www.dbunit.org/properties/escapePattern=null, http://www.dbunit.org/properties/batchSize=100, http://www.dbunit.org/features/qualifiedTableNames=false, http://www.dbunit.org/properties/tableType=[Ljava.lang.String;@5011bafa, http://www.dbunit.org/properties/resultSetTableFactory=org.dbunit.database.CachedResultSetTableFactory@10bcf083, http://www.dbunit.org/features/datatypeWarning=true}], _dataSet=AbstractDataSet[_orderedTableNameMap=null]) - start
147020 [main] TRACE org.dbunit.database.DatabaseConfig  - getProperty(name=http://www.dbunit.org/properties/batchSize) - start
147020 [main] DEBUG org.dbunit.database.statement.AbstractStatementFactory  - supportBatchStatement(connection=_databaseConfig=org.dbunit.database.DatabaseConfig[, _propertyMap={http://www.dbunit.org/properties/statementFactory=org.dbunit.database.statement.PreparedStatementFactory@626bc2b8, http://www.dbunit.org/features/caseSensitiveTableNames=false, http://www.dbunit.org/properties/fetchSize=100, http://www.dbunit.org/features/batchedStatements=false, http://www.dbunit.org/properties/metadataHandler=org.dbunit.database.DefaultMetadataHandler@3bbfdfde, http://www.dbunit.org/properties/datatypeFactory=org.dbunit.dataset.datatype.DefaultDataTypeFactory[_toleratedDeltaMap=org.dbunit.dataset.datatype.ToleratedDeltaMap@6452310a], http://www.dbunit.org/properties/escapePattern=null, http://www.dbunit.org/properties/batchSize=100, http://www.dbunit.org/features/qualifiedTableNames=false, http://www.dbunit.org/properties/tableType=[Ljava.lang.String;@5011bafa, http://www.dbunit.org/properties/resultSetTableFactory=org.dbunit.database.CachedResultSetTableFactory@10bcf083, http://www.dbunit.org/features/datatypeWarning=true}], _dataSet=AbstractDataSet[_orderedTableNameMap=null]) - start
147020 [main] TRACE org.dbunit.database.DatabaseConfig  - getFeature(name=http://www.dbunit.org/features/batchedStatements) - start
147020 [main] TRACE org.dbunit.database.DatabaseConfig  - getProperty(name=http://www.dbunit.org/features/batchedStatements) - start
147020 [main] DEBUG org.dbunit.database.DatabaseDataSourceConnection  - getConnection() - start
147020 [main] DEBUG org.dbunit.dataset.DefaultTable  - getValue(row=0, column=KEY) - start
147020 [main] DEBUG org.dbunit.dataset.AbstractTable  - assertValidRowIndex(row=0) - start
147020 [main] DEBUG org.dbunit.dataset.AbstractTable  - assertValidRowIndex(row=0, rowCount=1) - start
147020 [main] DEBUG org.dbunit.dataset.AbstractTable  - getColumnIndex(columnName=KEY) - start
147020 [main] DEBUG org.dbunit.dataset.AbstractTableMetaData  - getColumnIndex(columnName=KEY) - start
147020 [main] DEBUG org.dbunit.database.statement.AutomaticPreparedBatchStatement  - addValue(value=2, dataType=VARCHAR) - start
147021 [main] DEBUG org.dbunit.database.statement.SimplePreparedStatement  - addValue(value=2, dataType=VARCHAR) - start
147021 [main] DEBUG org.dbunit.dataset.datatype.StringDataType  - setSqlValue(value=2, column=1, statement=org.hsqldb.jdbc.JDBCPreparedStatement@7fd99704[sql=[insert into SCOPEDCONTENTCONDITIONATTRIBUTE (KEY, CHECKORDER, CLASSNAME, VALUEPATH, OPERATOR, EXPECTEDVALUE, EXPECTEDVALUETYPE, SCOPEDCONTENTCONDITION, ID, TIMESTAMP) values (?, ?, ?, ?, ?, ?, ?, ?, ?, ?)], parameters=[[null], [null], [null], [null], [null], [null], [null], [null], [null], [null]]]) - start
147021 [main] DEBUG org.dbunit.dataset.datatype.DataType  - asString(value=2) - start
147021 [main] DEBUG org.dbunit.dataset.datatype.StringDataType  - typeCast(value=2) - start
147021 [main] DEBUG org.dbunit.dataset.DefaultTable  - getValue(row=0, column=CHECKORDER) - start
147021 [main] DEBUG org.dbunit.dataset.AbstractTable  - assertValidRowIndex(row=0) - start
147021 [main] DEBUG org.dbunit.dataset.AbstractTable  - assertValidRowIndex(row=0, rowCount=1) - start
147021 [main] DEBUG org.dbunit.dataset.AbstractTable  - getColumnIndex(columnName=CHECKORDER) - start
147021 [main] DEBUG org.dbunit.dataset.AbstractTableMetaData  - getColumnIndex(columnName=CHECKORDER) - start
147021 [main] DEBUG org.dbunit.database.statement.AutomaticPreparedBatchStatement  - addValue(value=0, dataType=INTEGER) - start
147021 [main] DEBUG org.dbunit.database.statement.SimplePreparedStatement  - addValue(value=0, dataType=INTEGER) - start
147021 [main] DEBUG org.dbunit.dataset.datatype.IntegerDataType  - setSqlValue(value=0, column=2, statement=org.hsqldb.jdbc.JDBCPreparedStatement@7fd99704[sql=[insert into SCOPEDCONTENTCONDITIONATTRIBUTE (KEY, CHECKORDER, CLASSNAME, VALUEPATH, OPERATOR, EXPECTEDVALUE, EXPECTEDVALUETYPE, SCOPEDCONTENTCONDITION, ID, TIMESTAMP) values (?, ?, ?, ?, ?, ?, ?, ?, ?, ?)], parameters=[[2], [null], [null], [null], [null], [null], [null], [null], [null], [null]]]) - start
147021 [main] DEBUG org.dbunit.dataset.datatype.IntegerDataType  - typeCast(value=0) - start
147021 [main] DEBUG org.dbunit.dataset.DefaultTable  - getValue(row=0, column=CLASSNAME) - start
147021 [main] DEBUG org.dbunit.dataset.AbstractTable  - assertValidRowIndex(row=0) - start
147021 [main] DEBUG org.dbunit.dataset.AbstractTable  - assertValidRowIndex(row=0, rowCount=1) - start
147021 [main] DEBUG org.dbunit.dataset.AbstractTable  - getColumnIndex(columnName=CLASSNAME) - start
147021 [main] DEBUG org.dbunit.dataset.AbstractTableMetaData  - getColumnIndex(columnName=CLASSNAME) - start
147021 [main] DEBUG org.dbunit.database.statement.AutomaticPreparedBatchStatement  - addValue(value=3, dataType=VARCHAR) - start
147021 [main] DEBUG org.dbunit.database.statement.SimplePreparedStatement  - addValue(value=3, dataType=VARCHAR) - start
147021 [main] DEBUG org.dbunit.dataset.datatype.StringDataType  - setSqlValue(value=3, column=3, statement=org.hsqldb.jdbc.JDBCPreparedStatement@7fd99704[sql=[insert into SCOPEDCONTENTCONDITIONATTRIBUTE (KEY, CHECKORDER, CLASSNAME, VALUEPATH, OPERATOR, EXPECTEDVALUE, EXPECTEDVALUETYPE, SCOPEDCONTENTCONDITION, ID, TIMESTAMP) values (?, ?, ?, ?, ?, ?, ?, ?, ?, ?)], parameters=[[2], [0], [null], [null], [null], [null], [null], [null], [null], [null]]]) - start
147021 [main] DEBUG org.dbunit.dataset.datatype.DataType  - asString(value=3) - start
147021 [main] DEBUG org.dbunit.dataset.datatype.StringDataType  - typeCast(value=3) - start
147021 [main] DEBUG org.dbunit.dataset.DefaultTable  - getValue(row=0, column=VALUEPATH) - start
147021 [main] DEBUG org.dbunit.dataset.AbstractTable  - assertValidRowIndex(row=0) - start
147021 [main] DEBUG org.dbunit.dataset.AbstractTable  - assertValidRowIndex(row=0, rowCount=1) - start
147022 [main] DEBUG org.dbunit.dataset.AbstractTable  - getColumnIndex(columnName=VALUEPATH) - start
147022 [main] DEBUG org.dbunit.dataset.AbstractTableMetaData  - getColumnIndex(columnName=VALUEPATH) - start
147022 [main] DEBUG org.dbunit.database.statement.AutomaticPreparedBatchStatement  - addValue(value=4, dataType=VARCHAR) - start
147022 [main] DEBUG org.dbunit.database.statement.SimplePreparedStatement  - addValue(value=4, dataType=VARCHAR) - start
147022 [main] DEBUG org.dbunit.dataset.datatype.StringDataType  - setSqlValue(value=4, column=4, statement=org.hsqldb.jdbc.JDBCPreparedStatement@7fd99704[sql=[insert into SCOPEDCONTENTCONDITIONATTRIBUTE (KEY, CHECKORDER, CLASSNAME, VALUEPATH, OPERATOR, EXPECTEDVALUE, EXPECTEDVALUETYPE, SCOPEDCONTENTCONDITION, ID, TIMESTAMP) values (?, ?, ?, ?, ?, ?, ?, ?, ?, ?)], parameters=[[2], [0], [3], [null], [null], [null], [null], [null], [null], [null]]]) - start
147022 [main] DEBUG org.dbunit.dataset.datatype.DataType  - asString(value=4) - start
147022 [main] DEBUG org.dbunit.dataset.datatype.StringDataType  - typeCast(value=4) - start
147022 [main] DEBUG org.dbunit.dataset.DefaultTable  - getValue(row=0, column=OPERATOR) - start
147022 [main] DEBUG org.dbunit.dataset.AbstractTable  - assertValidRowIndex(row=0) - start
147022 [main] DEBUG org.dbunit.dataset.AbstractTable  - assertValidRowIndex(row=0, rowCount=1) - start
147022 [main] DEBUG org.dbunit.dataset.AbstractTable  - getColumnIndex(columnName=OPERATOR) - start
147022 [main] DEBUG org.dbunit.dataset.AbstractTableMetaData  - getColumnIndex(columnName=OPERATOR) - start
147022 [main] DEBUG org.dbunit.database.statement.AutomaticPreparedBatchStatement  - addValue(value=IsEqual, dataType=VARCHAR) - start
147022 [main] DEBUG org.dbunit.database.statement.SimplePreparedStatement  - addValue(value=IsEqual, dataType=VARCHAR) - start
147022 [main] DEBUG org.dbunit.dataset.datatype.StringDataType  - setSqlValue(value=IsEqual, column=5, statement=org.hsqldb.jdbc.JDBCPreparedStatement@7fd99704[sql=[insert into SCOPEDCONTENTCONDITIONATTRIBUTE (KEY, CHECKORDER, CLASSNAME, VALUEPATH, OPERATOR, EXPECTEDVALUE, EXPECTEDVALUETYPE, SCOPEDCONTENTCONDITION, ID, TIMESTAMP) values (?, ?, ?, ?, ?, ?, ?, ?, ?, ?)], parameters=[[2], [0], [3], [4], [null], [null], [null], [null], [null], [null]]]) - start
147022 [main] DEBUG org.dbunit.dataset.datatype.DataType  - asString(value=IsEqual) - start
147022 [main] DEBUG org.dbunit.dataset.datatype.StringDataType  - typeCast(value=IsEqual) - start
147022 [main] WARN  org.dbunit.dataset.datatype.StringDataType  - Unknown/unsupported object type 'com.tmt.kontroll.content.persistence.selections.ReferenceOperator' - will invoke toString() as last fallback which might produce undesired results
147022 [main] DEBUG org.dbunit.dataset.DefaultTable  - getValue(row=0, column=EXPECTEDVALUE) - start
147022 [main] DEBUG org.dbunit.dataset.AbstractTable  - assertValidRowIndex(row=0) - start
147022 [main] DEBUG org.dbunit.dataset.AbstractTable  - assertValidRowIndex(row=0, rowCount=1) - start
147022 [main] DEBUG org.dbunit.dataset.AbstractTable  - getColumnIndex(columnName=EXPECTEDVALUE) - start
147022 [main] DEBUG org.dbunit.dataset.AbstractTableMetaData  - getColumnIndex(columnName=EXPECTEDVALUE) - start
147022 [main] DEBUG org.dbunit.database.statement.AutomaticPreparedBatchStatement  - addValue(value=5, dataType=VARCHAR) - start
147023 [main] DEBUG org.dbunit.database.statement.SimplePreparedStatement  - addValue(value=5, dataType=VARCHAR) - start
147023 [main] DEBUG org.dbunit.dataset.datatype.StringDataType  - setSqlValue(value=5, column=6, statement=org.hsqldb.jdbc.JDBCPreparedStatement@7fd99704[sql=[insert into SCOPEDCONTENTCONDITIONATTRIBUTE (KEY, CHECKORDER, CLASSNAME, VALUEPATH, OPERATOR, EXPECTEDVALUE, EXPECTEDVALUETYPE, SCOPEDCONTENTCONDITION, ID, TIMESTAMP) values (?, ?, ?, ?, ?, ?, ?, ?, ?, ?)], parameters=[[2], [0], [3], [4], [IsEqual], [null], [null], [null], [null], [null]]]) - start
147023 [main] DEBUG org.dbunit.dataset.datatype.DataType  - asString(value=5) - start
147023 [main] DEBUG org.dbunit.dataset.datatype.StringDataType  - typeCast(value=5) - start
147023 [main] DEBUG org.dbunit.dataset.DefaultTable  - getValue(row=0, column=EXPECTEDVALUETYPE) - start
147023 [main] DEBUG org.dbunit.dataset.AbstractTable  - assertValidRowIndex(row=0) - start
147023 [main] DEBUG org.dbunit.dataset.AbstractTable  - assertValidRowIndex(row=0, rowCount=1) - start
147023 [main] DEBUG org.dbunit.dataset.AbstractTable  - getColumnIndex(columnName=EXPECTEDVALUETYPE) - start
147023 [main] DEBUG org.dbunit.dataset.AbstractTableMetaData  - getColumnIndex(columnName=EXPECTEDVALUETYPE) - start
147023 [main] DEBUG org.dbunit.database.statement.AutomaticPreparedBatchStatement  - addValue(value=6, dataType=VARCHAR) - start
147023 [main] DEBUG org.dbunit.database.statement.SimplePreparedStatement  - addValue(value=6, dataType=VARCHAR) - start
147023 [main] DEBUG org.dbunit.dataset.datatype.StringDataType  - setSqlValue(value=6, column=7, statement=org.hsqldb.jdbc.JDBCPreparedStatement@7fd99704[sql=[insert into SCOPEDCONTENTCONDITIONATTRIBUTE (KEY, CHECKORDER, CLASSNAME, VALUEPATH, OPERATOR, EXPECTEDVALUE, EXPECTEDVALUETYPE, SCOPEDCONTENTCONDITION, ID, TIMESTAMP) values (?, ?, ?, ?, ?, ?, ?, ?, ?, ?)], parameters=[[2], [0], [3], [4], [IsEqual], [5], [null], [null], [null], [null]]]) - start
147023 [main] DEBUG org.dbunit.dataset.datatype.DataType  - asString(value=6) - start
147023 [main] DEBUG org.dbunit.dataset.datatype.StringDataType  - typeCast(value=6) - start
147023 [main] DEBUG org.dbunit.dataset.DefaultTable  - getValue(row=0, column=SCOPEDCONTENTCONDITION) - start
147023 [main] DEBUG org.dbunit.dataset.AbstractTable  - assertValidRowIndex(row=0) - start
147023 [main] DEBUG org.dbunit.dataset.AbstractTable  - assertValidRowIndex(row=0, rowCount=1) - start
147023 [main] DEBUG org.dbunit.dataset.AbstractTable  - getColumnIndex(columnName=SCOPEDCONTENTCONDITION) - start
147023 [main] DEBUG org.dbunit.dataset.AbstractTableMetaData  - getColumnIndex(columnName=SCOPEDCONTENTCONDITION) - start
147023 [main] DEBUG org.dbunit.database.statement.AutomaticPreparedBatchStatement  - addValue(value=1, dataType=INTEGER) - start
147023 [main] DEBUG org.dbunit.database.statement.SimplePreparedStatement  - addValue(value=1, dataType=INTEGER) - start
147023 [main] DEBUG org.dbunit.dataset.datatype.IntegerDataType  - setSqlValue(value=1, column=8, statement=org.hsqldb.jdbc.JDBCPreparedStatement@7fd99704[sql=[insert into SCOPEDCONTENTCONDITIONATTRIBUTE (KEY, CHECKORDER, CLASSNAME, VALUEPATH, OPERATOR, EXPECTEDVALUE, EXPECTEDVALUETYPE, SCOPEDCONTENTCONDITION, ID, TIMESTAMP) values (?, ?, ?, ?, ?, ?, ?, ?, ?, ?)], parameters=[[2], [0], [3], [4], [IsEqual], [5], [6], [null], [null], [null]]]) - start
147023 [main] DEBUG org.dbunit.dataset.datatype.IntegerDataType  - typeCast(value=1) - start
147023 [main] DEBUG org.dbunit.dataset.DefaultTable  - getValue(row=0, column=ID) - start
147024 [main] DEBUG org.dbunit.dataset.AbstractTable  - assertValidRowIndex(row=0) - start
147024 [main] DEBUG org.dbunit.dataset.AbstractTable  - assertValidRowIndex(row=0, rowCount=1) - start
147024 [main] DEBUG org.dbunit.dataset.AbstractTable  - getColumnIndex(columnName=ID) - start
147024 [main] DEBUG org.dbunit.dataset.AbstractTableMetaData  - getColumnIndex(columnName=ID) - start
147024 [main] DEBUG org.dbunit.database.statement.AutomaticPreparedBatchStatement  - addValue(value=1, dataType=INTEGER) - start
147024 [main] DEBUG org.dbunit.database.statement.SimplePreparedStatement  - addValue(value=1, dataType=INTEGER) - start
147024 [main] DEBUG org.dbunit.dataset.datatype.IntegerDataType  - setSqlValue(value=1, column=9, statement=org.hsqldb.jdbc.JDBCPreparedStatement@7fd99704[sql=[insert into SCOPEDCONTENTCONDITIONATTRIBUTE (KEY, CHECKORDER, CLASSNAME, VALUEPATH, OPERATOR, EXPECTEDVALUE, EXPECTEDVALUETYPE, SCOPEDCONTENTCONDITION, ID, TIMESTAMP) values (?, ?, ?, ?, ?, ?, ?, ?, ?, ?)], parameters=[[2], [0], [3], [4], [IsEqual], [5], [6], [1], [null], [null]]]) - start
147024 [main] DEBUG org.dbunit.dataset.datatype.IntegerDataType  - typeCast(value=1) - start
147024 [main] DEBUG org.dbunit.dataset.DefaultTable  - getValue(row=0, column=TIMESTAMP) - start
147024 [main] DEBUG org.dbunit.dataset.AbstractTable  - assertValidRowIndex(row=0) - start
147024 [main] DEBUG org.dbunit.dataset.AbstractTable  - assertValidRowIndex(row=0, rowCount=1) - start
147024 [main] DEBUG org.dbunit.dataset.AbstractTable  - getColumnIndex(columnName=TIMESTAMP) - start
147024 [main] DEBUG org.dbunit.dataset.AbstractTableMetaData  - getColumnIndex(columnName=TIMESTAMP) - start
147024 [main] DEBUG org.dbunit.database.statement.AutomaticPreparedBatchStatement  - addValue(value=2014-02-26 12:43:28.081, dataType=TIMESTAMP) - start
147024 [main] DEBUG org.dbunit.database.statement.SimplePreparedStatement  - addValue(value=2014-02-26 12:43:28.081, dataType=TIMESTAMP) - start
147024 [main] DEBUG org.dbunit.dataset.datatype.TimestampDataType  - setSqlValue(value=2014-02-26 12:43:28.081, column=10, statement=org.hsqldb.jdbc.JDBCPreparedStatement@7fd99704[sql=[insert into SCOPEDCONTENTCONDITIONATTRIBUTE (KEY, CHECKORDER, CLASSNAME, VALUEPATH, OPERATOR, EXPECTEDVALUE, EXPECTEDVALUETYPE, SCOPEDCONTENTCONDITION, ID, TIMESTAMP) values (?, ?, ?, ?, ?, ?, ?, ?, ?, ?)], parameters=[[2], [0], [3], [4], [IsEqual], [5], [6], [1], [1], [null]]]) - start
147024 [main] DEBUG org.dbunit.dataset.datatype.TimestampDataType  - typeCast(value=2014-02-26 12:43:28.081) - start
147024 [main] DEBUG org.dbunit.database.statement.AutomaticPreparedBatchStatement  - addBatch() - start
147024 [main] DEBUG org.dbunit.database.statement.SimplePreparedStatement  - addBatch() - start
147025 [main] DEBUG org.dbunit.operation.InsertOperation  - equalsIgnoreMapping(ignoreMapping={}, table=org.dbunit.dataset.DefaultTable[_metaData=tableName=ScopedContentConditionAttribute, columns=[(key, UNKNOWN, nullableUnknown), (checkOrder, UNKNOWN, nullableUnknown), (className, UNKNOWN, nullableUnknown), (valuePath, UNKNOWN, nullableUnknown), (operator, UNKNOWN, nullableUnknown), (expectedValue, UNKNOWN, nullableUnknown), (expectedValueType, UNKNOWN, nullableUnknown), (scopedContentCondition, UNKNOWN, nullableUnknown), (id, UNKNOWN, nullableUnknown), (timeStamp, UNKNOWN, nullableUnknown)], keys=[], _rowList.size()=1], row=1) - start
147025 [main] DEBUG org.dbunit.dataset.DefaultTable  - getValue(row=1, column=key) - start
147025 [main] DEBUG org.dbunit.dataset.AbstractTable  - assertValidRowIndex(row=1) - start
147025 [main] DEBUG org.dbunit.dataset.AbstractTable  - assertValidRowIndex(row=1, rowCount=1) - start
147025 [main] DEBUG org.dbunit.database.statement.AutomaticPreparedBatchStatement  - executeBatch() - start
147025 [main] DEBUG org.dbunit.database.statement.SimplePreparedStatement  - executeBatch() - start
147025 [main] DEBUG org.dbunit.database.statement.SimplePreparedStatement  - clearBatch() - start
147025 [main] DEBUG org.dbunit.database.statement.AutomaticPreparedBatchStatement  - clearBatch() - start
147025 [main] DEBUG org.dbunit.database.statement.SimplePreparedStatement  - clearBatch() - start
147025 [main] DEBUG org.dbunit.database.statement.AutomaticPreparedBatchStatement  - close() - start
147025 [main] DEBUG org.dbunit.database.statement.AbstractPreparedBatchStatement  - close() - start
147025 [main] DEBUG org.dbunit.dataset.filter.SequenceTableIterator  - next() - start
147025 [main] DEBUG org.dbunit.dataset.filter.SequenceTableIterator  - getTable() - start
147025 [main] DEBUG org.dbunit.dataset.AbstractDataSet  - getTable(tableName=ScopedContentConditions_ScopedContent) - start
147025 [main] DEBUG org.dbunit.dataset.AbstractDataSet  - initialize() - start
147025 [main] DEBUG org.dbunit.dataset.AbstractDataSet  - The table name map has already been initialized.
147025 [main] DEBUG org.dbunit.dataset.OrderedTableNameMap  - getTableName(tableName=ScopedContentConditions_ScopedContent) - start
147025 [main] DEBUG org.dbunit.dataset.OrderedTableNameMap  - getTableName(tableName=ScopedContentConditions_ScopedContent) - end - result=SCOPEDCONTENTCONDITIONS_SCOPEDCONTENT
147025 [main] TRACE org.dbunit.operation.AbstractBatchOperation  - execute: processing table='ScopedContentConditions_ScopedContent'
147025 [main] DEBUG org.dbunit.operation.AbstractBatchOperation  - isEmpty(table=org.dbunit.dataset.DefaultTable[_metaData=tableName=ScopedContentConditions_ScopedContent, columns=[], keys=[], _rowList.size()=0]) - start
147026 [main] DEBUG org.dbunit.dataset.filter.SequenceTableIterator  - next() - start
147026 [main] DEBUG org.dbunit.dataset.filter.SequenceTableIterator  - getTable() - start
147026 [main] DEBUG org.dbunit.dataset.AbstractDataSet  - getTable(tableName=ScopedContentItem) - start
147026 [main] DEBUG org.dbunit.dataset.AbstractDataSet  - initialize() - start
147026 [main] DEBUG org.dbunit.dataset.AbstractDataSet  - The table name map has already been initialized.
147026 [main] DEBUG org.dbunit.dataset.OrderedTableNameMap  - getTableName(tableName=ScopedContentItem) - start
147026 [main] DEBUG org.dbunit.dataset.OrderedTableNameMap  - getTableName(tableName=ScopedContentItem) - end - result=SCOPEDCONTENTITEM
147026 [main] TRACE org.dbunit.operation.AbstractBatchOperation  - execute: processing table='ScopedContentItem'
147026 [main] DEBUG org.dbunit.operation.AbstractBatchOperation  - isEmpty(table=org.dbunit.dataset.DefaultTable[_metaData=tableName=ScopedContentItem, columns=[(tagName, UNKNOWN, nullableUnknown), (cssClass, UNKNOWN, nullableUnknown), (content, UNKNOWN, nullableUnknown), (type, UNKNOWN, nullableUnknown), (id, UNKNOWN, nullableUnknown), (timeStamp, UNKNOWN, nullableUnknown)], keys=[], _rowList.size()=1]) - start
147026 [main] DEBUG org.dbunit.dataset.DefaultTable  - getValue(row=0, column=tagName) - start
147026 [main] DEBUG org.dbunit.dataset.AbstractTable  - assertValidRowIndex(row=0) - start
147026 [main] DEBUG org.dbunit.dataset.AbstractTable  - assertValidRowIndex(row=0, rowCount=1) - start
147026 [main] DEBUG org.dbunit.dataset.AbstractTable  - getColumnIndex(columnName=tagName) - start
147026 [main] DEBUG org.dbunit.dataset.AbstractTableMetaData  - getColumnIndex(columnName=tagName) - start
147026 [main] DEBUG org.dbunit.operation.AbstractOperation  - getOperationMetaData(connection=_databaseConfig=org.dbunit.database.DatabaseConfig[, _propertyMap={http://www.dbunit.org/properties/statementFactory=org.dbunit.database.statement.PreparedStatementFactory@626bc2b8, http://www.dbunit.org/features/caseSensitiveTableNames=false, http://www.dbunit.org/properties/fetchSize=100, http://www.dbunit.org/features/batchedStatements=false, http://www.dbunit.org/properties/metadataHandler=org.dbunit.database.DefaultMetadataHandler@3bbfdfde, http://www.dbunit.org/properties/datatypeFactory=org.dbunit.dataset.datatype.DefaultDataTypeFactory[_toleratedDeltaMap=org.dbunit.dataset.datatype.ToleratedDeltaMap@6452310a], http://www.dbunit.org/properties/escapePattern=null, http://www.dbunit.org/properties/batchSize=100, http://www.dbunit.org/features/qualifiedTableNames=false, http://www.dbunit.org/properties/tableType=[Ljava.lang.String;@5011bafa, http://www.dbunit.org/properties/resultSetTableFactory=org.dbunit.database.CachedResultSetTableFactory@10bcf083, http://www.dbunit.org/features/datatypeWarning=true}], _dataSet=AbstractDataSet[_orderedTableNameMap=null], metaData=tableName=ScopedContentItem, columns=[(tagName, UNKNOWN, nullableUnknown), (cssClass, UNKNOWN, nullableUnknown), (content, UNKNOWN, nullableUnknown), (type, UNKNOWN, nullableUnknown), (id, UNKNOWN, nullableUnknown), (timeStamp, UNKNOWN, nullableUnknown)], keys=[]) - start
147026 [main] DEBUG org.dbunit.database.AbstractDatabaseConnection  - createDataSet() - start
147026 [main] DEBUG org.dbunit.database.DatabaseDataSet  - getTableMetaData(tableName=ScopedContentItem) - start
147026 [main] DEBUG org.dbunit.database.DatabaseDataSet  - initialize() - start
147026 [main] DEBUG org.dbunit.dataset.OrderedTableNameMap  - getTableName(tableName=ScopedContentItem) - start
147026 [main] DEBUG org.dbunit.dataset.OrderedTableNameMap  - getTableName(tableName=ScopedContentItem) - end - result=SCOPEDCONTENTITEM
147026 [main] DEBUG org.dbunit.dataset.OrderedTableNameMap  - getTableName(tableName=ScopedContentItem) - start
147026 [main] DEBUG org.dbunit.dataset.OrderedTableNameMap  - getTableName(tableName=ScopedContentItem) - end - result=SCOPEDCONTENTITEM
147026 [main] DEBUG org.dbunit.dataset.AbstractTableMetaData  - getColumnIndex(columnName=tagName) - start
147027 [main] DEBUG org.dbunit.database.DatabaseTableMetaData  - getColumns() - start
147027 [main] DEBUG org.dbunit.database.DatabaseTableMetaData  - getColumns() - start
147027 [main] DEBUG org.dbunit.dataset.AbstractTableMetaData  - getColumnIndex(columnName=cssClass) - start
147027 [main] DEBUG org.dbunit.database.DatabaseTableMetaData  - getColumns() - start
147027 [main] DEBUG org.dbunit.dataset.AbstractTableMetaData  - getColumnIndex(columnName=content) - start
147027 [main] DEBUG org.dbunit.database.DatabaseTableMetaData  - getColumns() - start
147027 [main] DEBUG org.dbunit.dataset.AbstractTableMetaData  - getColumnIndex(columnName=type) - start
147027 [main] DEBUG org.dbunit.database.DatabaseTableMetaData  - getColumns() - start
147027 [main] DEBUG org.dbunit.dataset.AbstractTableMetaData  - getColumnIndex(columnName=id) - start
147027 [main] DEBUG org.dbunit.database.DatabaseTableMetaData  - getColumns() - start
147027 [main] DEBUG org.dbunit.dataset.AbstractTableMetaData  - getColumnIndex(columnName=timeStamp) - start
147027 [main] DEBUG org.dbunit.database.DatabaseTableMetaData  - getColumns() - start
147027 [main] DEBUG org.dbunit.database.DatabaseTableMetaData  - getPrimaryKeys() - start
147027 [main] TRACE org.dbunit.database.DatabaseConfig  - getProperty(name=http://www.dbunit.org/properties/primaryKeyFilter) - start
147027 [main] DEBUG org.dbunit.operation.InsertOperation  - getIgnoreMapping(table=org.dbunit.dataset.DefaultTable[_metaData=tableName=ScopedContentItem, columns=[(tagName, UNKNOWN, nullableUnknown), (cssClass, UNKNOWN, nullableUnknown), (content, UNKNOWN, nullableUnknown), (type, UNKNOWN, nullableUnknown), (id, UNKNOWN, nullableUnknown), (timeStamp, UNKNOWN, nullableUnknown)], keys=[], _rowList.size()=1], row=0) - start
147027 [main] DEBUG org.dbunit.dataset.DefaultTable  - getValue(row=0, column=tagName) - start
147027 [main] DEBUG org.dbunit.dataset.AbstractTable  - assertValidRowIndex(row=0) - start
147027 [main] DEBUG org.dbunit.dataset.AbstractTable  - assertValidRowIndex(row=0, rowCount=1) - start
147027 [main] DEBUG org.dbunit.dataset.AbstractTable  - getColumnIndex(columnName=tagName) - start
147027 [main] DEBUG org.dbunit.dataset.AbstractTableMetaData  - getColumnIndex(columnName=tagName) - start
147027 [main] DEBUG org.dbunit.dataset.DefaultTable  - getValue(row=0, column=cssClass) - start
147027 [main] DEBUG org.dbunit.dataset.AbstractTable  - assertValidRowIndex(row=0) - start
147027 [main] DEBUG org.dbunit.dataset.AbstractTable  - assertValidRowIndex(row=0, rowCount=1) - start
147027 [main] DEBUG org.dbunit.dataset.AbstractTable  - getColumnIndex(columnName=cssClass) - start
147027 [main] DEBUG org.dbunit.dataset.AbstractTableMetaData  - getColumnIndex(columnName=cssClass) - start
147028 [main] DEBUG org.dbunit.dataset.DefaultTable  - getValue(row=0, column=content) - start
147028 [main] DEBUG org.dbunit.dataset.AbstractTable  - assertValidRowIndex(row=0) - start
147028 [main] DEBUG org.dbunit.dataset.AbstractTable  - assertValidRowIndex(row=0, rowCount=1) - start
147028 [main] DEBUG org.dbunit.dataset.AbstractTable  - getColumnIndex(columnName=content) - start
147028 [main] DEBUG org.dbunit.dataset.AbstractTableMetaData  - getColumnIndex(columnName=content) - start
147028 [main] DEBUG org.dbunit.dataset.DefaultTable  - getValue(row=0, column=type) - start
147028 [main] DEBUG org.dbunit.dataset.AbstractTable  - assertValidRowIndex(row=0) - start
147028 [main] DEBUG org.dbunit.dataset.AbstractTable  - assertValidRowIndex(row=0, rowCount=1) - start
147028 [main] DEBUG org.dbunit.dataset.AbstractTable  - getColumnIndex(columnName=type) - start
147028 [main] DEBUG org.dbunit.dataset.AbstractTableMetaData  - getColumnIndex(columnName=type) - start
147028 [main] DEBUG org.dbunit.dataset.DefaultTable  - getValue(row=0, column=id) - start
147028 [main] DEBUG org.dbunit.dataset.AbstractTable  - assertValidRowIndex(row=0) - start
147028 [main] DEBUG org.dbunit.dataset.AbstractTable  - assertValidRowIndex(row=0, rowCount=1) - start
147028 [main] DEBUG org.dbunit.dataset.AbstractTable  - getColumnIndex(columnName=id) - start
147028 [main] DEBUG org.dbunit.dataset.AbstractTableMetaData  - getColumnIndex(columnName=id) - start
147028 [main] DEBUG org.dbunit.dataset.DefaultTable  - getValue(row=0, column=timeStamp) - start
147028 [main] DEBUG org.dbunit.dataset.AbstractTable  - assertValidRowIndex(row=0) - start
147028 [main] DEBUG org.dbunit.dataset.AbstractTable  - assertValidRowIndex(row=0, rowCount=1) - start
147028 [main] DEBUG org.dbunit.dataset.AbstractTable  - getColumnIndex(columnName=timeStamp) - start
147028 [main] DEBUG org.dbunit.dataset.AbstractTableMetaData  - getColumnIndex(columnName=timeStamp) - start
147028 [main] DEBUG org.dbunit.operation.InsertOperation  - getOperationData(metaData=tableName=SCOPEDCONTENTITEM, columns=[(TAGNAME, VARCHAR, nullable), (CSSCLASS, VARCHAR, nullable), (CONTENT, VARCHAR, noNulls), (TYPE, VARCHAR, nullable), (ID, INTEGER, noNulls), (TIMESTAMP, TIMESTAMP, nullable)], keys=[(ID, INTEGER, noNulls)], ignoreMapping={}, connection=_databaseConfig=org.dbunit.database.DatabaseConfig[, _propertyMap={http://www.dbunit.org/properties/statementFactory=org.dbunit.database.statement.PreparedStatementFactory@626bc2b8, http://www.dbunit.org/features/caseSensitiveTableNames=false, http://www.dbunit.org/properties/fetchSize=100, http://www.dbunit.org/features/batchedStatements=false, http://www.dbunit.org/properties/metadataHandler=org.dbunit.database.DefaultMetadataHandler@3bbfdfde, http://www.dbunit.org/properties/datatypeFactory=org.dbunit.dataset.datatype.DefaultDataTypeFactory[_toleratedDeltaMap=org.dbunit.dataset.datatype.ToleratedDeltaMap@6452310a], http://www.dbunit.org/properties/escapePattern=null, http://www.dbunit.org/properties/batchSize=100, http://www.dbunit.org/features/qualifiedTableNames=false, http://www.dbunit.org/properties/tableType=[Ljava.lang.String;@5011bafa, http://www.dbunit.org/properties/resultSetTableFactory=org.dbunit.database.CachedResultSetTableFactory@10bcf083, http://www.dbunit.org/features/datatypeWarning=true}], _dataSet=AbstractDataSet[_orderedTableNameMap=null]) - start
147028 [main] DEBUG org.dbunit.operation.AbstractOperation  - getQualifiedName(prefix=null, name=SCOPEDCONTENTITEM, connection=_databaseConfig=org.dbunit.database.DatabaseConfig[, _propertyMap={http://www.dbunit.org/properties/statementFactory=org.dbunit.database.statement.PreparedStatementFactory@626bc2b8, http://www.dbunit.org/features/caseSensitiveTableNames=false, http://www.dbunit.org/properties/fetchSize=100, http://www.dbunit.org/features/batchedStatements=false, http://www.dbunit.org/properties/metadataHandler=org.dbunit.database.DefaultMetadataHandler@3bbfdfde, http://www.dbunit.org/properties/datatypeFactory=org.dbunit.dataset.datatype.DefaultDataTypeFactory[_toleratedDeltaMap=org.dbunit.dataset.datatype.ToleratedDeltaMap@6452310a], http://www.dbunit.org/properties/escapePattern=null, http://www.dbunit.org/properties/batchSize=100, http://www.dbunit.org/features/qualifiedTableNames=false, http://www.dbunit.org/properties/tableType=[Ljava.lang.String;@5011bafa, http://www.dbunit.org/properties/resultSetTableFactory=org.dbunit.database.CachedResultSetTableFactory@10bcf083, http://www.dbunit.org/features/datatypeWarning=true}], _dataSet=AbstractDataSet[_orderedTableNameMap=null]) - start
147029 [main] TRACE org.dbunit.database.DatabaseConfig  - getProperty(name=http://www.dbunit.org/properties/escapePattern) - start
147029 [main] DEBUG org.dbunit.util.QualifiedTableName  - getQualifiedName() - start
147029 [main] DEBUG org.dbunit.util.QualifiedTableName  - getQualifiedName(prefix=null, name=SCOPEDCONTENTITEM, escapePattern=null) - start
147029 [main] DEBUG org.dbunit.operation.AbstractOperation  - getQualifiedName(prefix=null, name=TAGNAME, connection=_databaseConfig=org.dbunit.database.DatabaseConfig[, _propertyMap={http://www.dbunit.org/properties/statementFactory=org.dbunit.database.statement.PreparedStatementFactory@626bc2b8, http://www.dbunit.org/features/caseSensitiveTableNames=false, http://www.dbunit.org/properties/fetchSize=100, http://www.dbunit.org/features/batchedStatements=false, http://www.dbunit.org/properties/metadataHandler=org.dbunit.database.DefaultMetadataHandler@3bbfdfde, http://www.dbunit.org/properties/datatypeFactory=org.dbunit.dataset.datatype.DefaultDataTypeFactory[_toleratedDeltaMap=org.dbunit.dataset.datatype.ToleratedDeltaMap@6452310a], http://www.dbunit.org/properties/escapePattern=null, http://www.dbunit.org/properties/batchSize=100, http://www.dbunit.org/features/qualifiedTableNames=false, http://www.dbunit.org/properties/tableType=[Ljava.lang.String;@5011bafa, http://www.dbunit.org/properties/resultSetTableFactory=org.dbunit.database.CachedResultSetTableFactory@10bcf083, http://www.dbunit.org/features/datatypeWarning=true}], _dataSet=AbstractDataSet[_orderedTableNameMap=null]) - start
147029 [main] TRACE org.dbunit.database.DatabaseConfig  - getProperty(name=http://www.dbunit.org/properties/escapePattern) - start
147029 [main] DEBUG org.dbunit.util.QualifiedTableName  - getQualifiedName() - start
147029 [main] DEBUG org.dbunit.util.QualifiedTableName  - getQualifiedName(prefix=null, name=TAGNAME, escapePattern=null) - start
147029 [main] DEBUG org.dbunit.operation.AbstractOperation  - getQualifiedName(prefix=null, name=CSSCLASS, connection=_databaseConfig=org.dbunit.database.DatabaseConfig[, _propertyMap={http://www.dbunit.org/properties/statementFactory=org.dbunit.database.statement.PreparedStatementFactory@626bc2b8, http://www.dbunit.org/features/caseSensitiveTableNames=false, http://www.dbunit.org/properties/fetchSize=100, http://www.dbunit.org/features/batchedStatements=false, http://www.dbunit.org/properties/metadataHandler=org.dbunit.database.DefaultMetadataHandler@3bbfdfde, http://www.dbunit.org/properties/datatypeFactory=org.dbunit.dataset.datatype.DefaultDataTypeFactory[_toleratedDeltaMap=org.dbunit.dataset.datatype.ToleratedDeltaMap@6452310a], http://www.dbunit.org/properties/escapePattern=null, http://www.dbunit.org/properties/batchSize=100, http://www.dbunit.org/features/qualifiedTableNames=false, http://www.dbunit.org/properties/tableType=[Ljava.lang.String;@5011bafa, http://www.dbunit.org/properties/resultSetTableFactory=org.dbunit.database.CachedResultSetTableFactory@10bcf083, http://www.dbunit.org/features/datatypeWarning=true}], _dataSet=AbstractDataSet[_orderedTableNameMap=null]) - start
147029 [main] TRACE org.dbunit.database.DatabaseConfig  - getProperty(name=http://www.dbunit.org/properties/escapePattern) - start
147029 [main] DEBUG org.dbunit.util.QualifiedTableName  - getQualifiedName() - start
147029 [main] DEBUG org.dbunit.util.QualifiedTableName  - getQualifiedName(prefix=null, name=CSSCLASS, escapePattern=null) - start
147029 [main] DEBUG org.dbunit.operation.AbstractOperation  - getQualifiedName(prefix=null, name=CONTENT, connection=_databaseConfig=org.dbunit.database.DatabaseConfig[, _propertyMap={http://www.dbunit.org/properties/statementFactory=org.dbunit.database.statement.PreparedStatementFactory@626bc2b8, http://www.dbunit.org/features/caseSensitiveTableNames=false, http://www.dbunit.org/properties/fetchSize=100, http://www.dbunit.org/features/batchedStatements=false, http://www.dbunit.org/properties/metadataHandler=org.dbunit.database.DefaultMetadataHandler@3bbfdfde, http://www.dbunit.org/properties/datatypeFactory=org.dbunit.dataset.datatype.DefaultDataTypeFactory[_toleratedDeltaMap=org.dbunit.dataset.datatype.ToleratedDeltaMap@6452310a], http://www.dbunit.org/properties/escapePattern=null, http://www.dbunit.org/properties/batchSize=100, http://www.dbunit.org/features/qualifiedTableNames=false, http://www.dbunit.org/properties/tableType=[Ljava.lang.String;@5011bafa, http://www.dbunit.org/properties/resultSetTableFactory=org.dbunit.database.CachedResultSetTableFactory@10bcf083, http://www.dbunit.org/features/datatypeWarning=true}], _dataSet=AbstractDataSet[_orderedTableNameMap=null]) - start
147029 [main] TRACE org.dbunit.database.DatabaseConfig  - getProperty(name=http://www.dbunit.org/properties/escapePattern) - start
147029 [main] DEBUG org.dbunit.util.QualifiedTableName  - getQualifiedName() - start
147029 [main] DEBUG org.dbunit.util.QualifiedTableName  - getQualifiedName(prefix=null, name=CONTENT, escapePattern=null) - start
147029 [main] DEBUG org.dbunit.operation.AbstractOperation  - getQualifiedName(prefix=null, name=TYPE, connection=_databaseConfig=org.dbunit.database.DatabaseConfig[, _propertyMap={http://www.dbunit.org/properties/statementFactory=org.dbunit.database.statement.PreparedStatementFactory@626bc2b8, http://www.dbunit.org/features/caseSensitiveTableNames=false, http://www.dbunit.org/properties/fetchSize=100, http://www.dbunit.org/features/batchedStatements=false, http://www.dbunit.org/properties/metadataHandler=org.dbunit.database.DefaultMetadataHandler@3bbfdfde, http://www.dbunit.org/properties/datatypeFactory=org.dbunit.dataset.datatype.DefaultDataTypeFactory[_toleratedDeltaMap=org.dbunit.dataset.datatype.ToleratedDeltaMap@6452310a], http://www.dbunit.org/properties/escapePattern=null, http://www.dbunit.org/properties/batchSize=100, http://www.dbunit.org/features/qualifiedTableNames=false, http://www.dbunit.org/properties/tableType=[Ljava.lang.String;@5011bafa, http://www.dbunit.org/properties/resultSetTableFactory=org.dbunit.database.CachedResultSetTableFactory@10bcf083, http://www.dbunit.org/features/datatypeWarning=true}], _dataSet=AbstractDataSet[_orderedTableNameMap=null]) - start
147029 [main] TRACE org.dbunit.database.DatabaseConfig  - getProperty(name=http://www.dbunit.org/properties/escapePattern) - start
147029 [main] DEBUG org.dbunit.util.QualifiedTableName  - getQualifiedName() - start
147030 [main] DEBUG org.dbunit.util.QualifiedTableName  - getQualifiedName(prefix=null, name=TYPE, escapePattern=null) - start
147030 [main] DEBUG org.dbunit.operation.AbstractOperation  - getQualifiedName(prefix=null, name=ID, connection=_databaseConfig=org.dbunit.database.DatabaseConfig[, _propertyMap={http://www.dbunit.org/properties/statementFactory=org.dbunit.database.statement.PreparedStatementFactory@626bc2b8, http://www.dbunit.org/features/caseSensitiveTableNames=false, http://www.dbunit.org/properties/fetchSize=100, http://www.dbunit.org/features/batchedStatements=false, http://www.dbunit.org/properties/metadataHandler=org.dbunit.database.DefaultMetadataHandler@3bbfdfde, http://www.dbunit.org/properties/datatypeFactory=org.dbunit.dataset.datatype.DefaultDataTypeFactory[_toleratedDeltaMap=org.dbunit.dataset.datatype.ToleratedDeltaMap@6452310a], http://www.dbunit.org/properties/escapePattern=null, http://www.dbunit.org/properties/batchSize=100, http://www.dbunit.org/features/qualifiedTableNames=false, http://www.dbunit.org/properties/tableType=[Ljava.lang.String;@5011bafa, http://www.dbunit.org/properties/resultSetTableFactory=org.dbunit.database.CachedResultSetTableFactory@10bcf083, http://www.dbunit.org/features/datatypeWarning=true}], _dataSet=AbstractDataSet[_orderedTableNameMap=null]) - start
147030 [main] TRACE org.dbunit.database.DatabaseConfig  - getProperty(name=http://www.dbunit.org/properties/escapePattern) - start
147030 [main] DEBUG org.dbunit.util.QualifiedTableName  - getQualifiedName() - start
147030 [main] DEBUG org.dbunit.util.QualifiedTableName  - getQualifiedName(prefix=null, name=ID, escapePattern=null) - start
147030 [main] DEBUG org.dbunit.operation.AbstractOperation  - getQualifiedName(prefix=null, name=TIMESTAMP, connection=_databaseConfig=org.dbunit.database.DatabaseConfig[, _propertyMap={http://www.dbunit.org/properties/statementFactory=org.dbunit.database.statement.PreparedStatementFactory@626bc2b8, http://www.dbunit.org/features/caseSensitiveTableNames=false, http://www.dbunit.org/properties/fetchSize=100, http://www.dbunit.org/features/batchedStatements=false, http://www.dbunit.org/properties/metadataHandler=org.dbunit.database.DefaultMetadataHandler@3bbfdfde, http://www.dbunit.org/properties/datatypeFactory=org.dbunit.dataset.datatype.DefaultDataTypeFactory[_toleratedDeltaMap=org.dbunit.dataset.datatype.ToleratedDeltaMap@6452310a], http://www.dbunit.org/properties/escapePattern=null, http://www.dbunit.org/properties/batchSize=100, http://www.dbunit.org/features/qualifiedTableNames=false, http://www.dbunit.org/properties/tableType=[Ljava.lang.String;@5011bafa, http://www.dbunit.org/properties/resultSetTableFactory=org.dbunit.database.CachedResultSetTableFactory@10bcf083, http://www.dbunit.org/features/datatypeWarning=true}], _dataSet=AbstractDataSet[_orderedTableNameMap=null]) - start
147030 [main] TRACE org.dbunit.database.DatabaseConfig  - getProperty(name=http://www.dbunit.org/properties/escapePattern) - start
147030 [main] DEBUG org.dbunit.util.QualifiedTableName  - getQualifiedName() - start
147030 [main] DEBUG org.dbunit.util.QualifiedTableName  - getQualifiedName(prefix=null, name=TIMESTAMP, escapePattern=null) - start
147030 [main] DEBUG org.dbunit.database.statement.PreparedStatementFactory  - createPreparedBatchStatement(sql=insert into SCOPEDCONTENTITEM (TAGNAME, CSSCLASS, CONTENT, TYPE, ID, TIMESTAMP) values (?, ?, ?, ?, ?, ?), connection=_databaseConfig=org.dbunit.database.DatabaseConfig[, _propertyMap={http://www.dbunit.org/properties/statementFactory=org.dbunit.database.statement.PreparedStatementFactory@626bc2b8, http://www.dbunit.org/features/caseSensitiveTableNames=false, http://www.dbunit.org/properties/fetchSize=100, http://www.dbunit.org/features/batchedStatements=false, http://www.dbunit.org/properties/metadataHandler=org.dbunit.database.DefaultMetadataHandler@3bbfdfde, http://www.dbunit.org/properties/datatypeFactory=org.dbunit.dataset.datatype.DefaultDataTypeFactory[_toleratedDeltaMap=org.dbunit.dataset.datatype.ToleratedDeltaMap@6452310a], http://www.dbunit.org/properties/escapePattern=null, http://www.dbunit.org/properties/batchSize=100, http://www.dbunit.org/features/qualifiedTableNames=false, http://www.dbunit.org/properties/tableType=[Ljava.lang.String;@5011bafa, http://www.dbunit.org/properties/resultSetTableFactory=org.dbunit.database.CachedResultSetTableFactory@10bcf083, http://www.dbunit.org/features/datatypeWarning=true}], _dataSet=AbstractDataSet[_orderedTableNameMap=null]) - start
147030 [main] TRACE org.dbunit.database.DatabaseConfig  - getProperty(name=http://www.dbunit.org/properties/batchSize) - start
147030 [main] DEBUG org.dbunit.database.statement.AbstractStatementFactory  - supportBatchStatement(connection=_databaseConfig=org.dbunit.database.DatabaseConfig[, _propertyMap={http://www.dbunit.org/properties/statementFactory=org.dbunit.database.statement.PreparedStatementFactory@626bc2b8, http://www.dbunit.org/features/caseSensitiveTableNames=false, http://www.dbunit.org/properties/fetchSize=100, http://www.dbunit.org/features/batchedStatements=false, http://www.dbunit.org/properties/metadataHandler=org.dbunit.database.DefaultMetadataHandler@3bbfdfde, http://www.dbunit.org/properties/datatypeFactory=org.dbunit.dataset.datatype.DefaultDataTypeFactory[_toleratedDeltaMap=org.dbunit.dataset.datatype.ToleratedDeltaMap@6452310a], http://www.dbunit.org/properties/escapePattern=null, http://www.dbunit.org/properties/batchSize=100, http://www.dbunit.org/features/qualifiedTableNames=false, http://www.dbunit.org/properties/tableType=[Ljava.lang.String;@5011bafa, http://www.dbunit.org/properties/resultSetTableFactory=org.dbunit.database.CachedResultSetTableFactory@10bcf083, http://www.dbunit.org/features/datatypeWarning=true}], _dataSet=AbstractDataSet[_orderedTableNameMap=null]) - start
147030 [main] TRACE org.dbunit.database.DatabaseConfig  - getFeature(name=http://www.dbunit.org/features/batchedStatements) - start
147030 [main] TRACE org.dbunit.database.DatabaseConfig  - getProperty(name=http://www.dbunit.org/features/batchedStatements) - start
147030 [main] DEBUG org.dbunit.database.DatabaseDataSourceConnection  - getConnection() - start
147031 [main] DEBUG org.dbunit.dataset.DefaultTable  - getValue(row=0, column=TAGNAME) - start
147031 [main] DEBUG org.dbunit.dataset.AbstractTable  - assertValidRowIndex(row=0) - start
147031 [main] DEBUG org.dbunit.dataset.AbstractTable  - assertValidRowIndex(row=0, rowCount=1) - start
147031 [main] DEBUG org.dbunit.dataset.AbstractTable  - getColumnIndex(columnName=TAGNAME) - start
147031 [main] DEBUG org.dbunit.dataset.AbstractTableMetaData  - getColumnIndex(columnName=TAGNAME) - start
147031 [main] DEBUG org.dbunit.database.statement.AutomaticPreparedBatchStatement  - addValue(value=11, dataType=VARCHAR) - start
147031 [main] DEBUG org.dbunit.database.statement.SimplePreparedStatement  - addValue(value=11, dataType=VARCHAR) - start
147031 [main] DEBUG org.dbunit.dataset.datatype.StringDataType  - setSqlValue(value=11, column=1, statement=org.hsqldb.jdbc.JDBCPreparedStatement@2649c92f[sql=[insert into SCOPEDCONTENTITEM (TAGNAME, CSSCLASS, CONTENT, TYPE, ID, TIMESTAMP) values (?, ?, ?, ?, ?, ?)], parameters=[[null], [null], [null], [null], [null], [null]]]) - start
147032 [main] DEBUG org.dbunit.dataset.datatype.DataType  - asString(value=11) - start
147032 [main] DEBUG org.dbunit.dataset.datatype.StringDataType  - typeCast(value=11) - start
147032 [main] DEBUG org.dbunit.dataset.DefaultTable  - getValue(row=0, column=CSSCLASS) - start
147032 [main] DEBUG org.dbunit.dataset.AbstractTable  - assertValidRowIndex(row=0) - start
147032 [main] DEBUG org.dbunit.dataset.AbstractTable  - assertValidRowIndex(row=0, rowCount=1) - start
147032 [main] DEBUG org.dbunit.dataset.AbstractTable  - getColumnIndex(columnName=CSSCLASS) - start
147032 [main] DEBUG org.dbunit.dataset.AbstractTableMetaData  - getColumnIndex(columnName=CSSCLASS) - start
147032 [main] DEBUG org.dbunit.database.statement.AutomaticPreparedBatchStatement  - addValue(value=12, dataType=VARCHAR) - start
147032 [main] DEBUG org.dbunit.database.statement.SimplePreparedStatement  - addValue(value=12, dataType=VARCHAR) - start
147032 [main] DEBUG org.dbunit.dataset.datatype.StringDataType  - setSqlValue(value=12, column=2, statement=org.hsqldb.jdbc.JDBCPreparedStatement@2649c92f[sql=[insert into SCOPEDCONTENTITEM (TAGNAME, CSSCLASS, CONTENT, TYPE, ID, TIMESTAMP) values (?, ?, ?, ?, ?, ?)], parameters=[[11], [null], [null], [null], [null], [null]]]) - start
147032 [main] DEBUG org.dbunit.dataset.datatype.DataType  - asString(value=12) - start
147032 [main] DEBUG org.dbunit.dataset.datatype.StringDataType  - typeCast(value=12) - start
147033 [main] DEBUG org.dbunit.dataset.DefaultTable  - getValue(row=0, column=CONTENT) - start
147033 [main] DEBUG org.dbunit.dataset.AbstractTable  - assertValidRowIndex(row=0) - start
147033 [main] DEBUG org.dbunit.dataset.AbstractTable  - assertValidRowIndex(row=0, rowCount=1) - start
147033 [main] DEBUG org.dbunit.dataset.AbstractTable  - getColumnIndex(columnName=CONTENT) - start
147033 [main] DEBUG org.dbunit.dataset.AbstractTableMetaData  - getColumnIndex(columnName=CONTENT) - start
147033 [main] DEBUG org.dbunit.database.statement.AutomaticPreparedBatchStatement  - addValue(value=13, dataType=VARCHAR) - start
147033 [main] DEBUG org.dbunit.database.statement.SimplePreparedStatement  - addValue(value=13, dataType=VARCHAR) - start
147033 [main] DEBUG org.dbunit.dataset.datatype.StringDataType  - setSqlValue(value=13, column=3, statement=org.hsqldb.jdbc.JDBCPreparedStatement@2649c92f[sql=[insert into SCOPEDCONTENTITEM (TAGNAME, CSSCLASS, CONTENT, TYPE, ID, TIMESTAMP) values (?, ?, ?, ?, ?, ?)], parameters=[[11], [12], [null], [null], [null], [null]]]) - start
147033 [main] DEBUG org.dbunit.dataset.datatype.DataType  - asString(value=13) - start
147033 [main] DEBUG org.dbunit.dataset.datatype.StringDataType  - typeCast(value=13) - start
147033 [main] DEBUG org.dbunit.dataset.DefaultTable  - getValue(row=0, column=TYPE) - start
147033 [main] DEBUG org.dbunit.dataset.AbstractTable  - assertValidRowIndex(row=0) - start
147034 [main] DEBUG org.dbunit.dataset.AbstractTable  - assertValidRowIndex(row=0, rowCount=1) - start
147034 [main] DEBUG org.dbunit.dataset.AbstractTable  - getColumnIndex(columnName=TYPE) - start
147034 [main] DEBUG org.dbunit.dataset.AbstractTableMetaData  - getColumnIndex(columnName=TYPE) - start
147034 [main] DEBUG org.dbunit.database.statement.AutomaticPreparedBatchStatement  - addValue(value=Audio, dataType=VARCHAR) - start
147034 [main] DEBUG org.dbunit.database.statement.SimplePreparedStatement  - addValue(value=Audio, dataType=VARCHAR) - start
147034 [main] DEBUG org.dbunit.dataset.datatype.StringDataType  - setSqlValue(value=Audio, column=4, statement=org.hsqldb.jdbc.JDBCPreparedStatement@2649c92f[sql=[insert into SCOPEDCONTENTITEM (TAGNAME, CSSCLASS, CONTENT, TYPE, ID, TIMESTAMP) values (?, ?, ?, ?, ?, ?)], parameters=[[11], [12], [13], [null], [null], [null]]]) - start
147034 [main] DEBUG org.dbunit.dataset.datatype.DataType  - asString(value=Audio) - start
147034 [main] DEBUG org.dbunit.dataset.datatype.StringDataType  - typeCast(value=Audio) - start
147034 [main] WARN  org.dbunit.dataset.datatype.StringDataType  - Unknown/unsupported object type 'com.tmt.kontroll.content.persistence.selections.ContentType' - will invoke toString() as last fallback which might produce undesired results
147034 [main] DEBUG org.dbunit.dataset.DefaultTable  - getValue(row=0, column=ID) - start
147034 [main] DEBUG org.dbunit.dataset.AbstractTable  - assertValidRowIndex(row=0) - start
147034 [main] DEBUG org.dbunit.dataset.AbstractTable  - assertValidRowIndex(row=0, rowCount=1) - start
147035 [main] DEBUG org.dbunit.dataset.AbstractTable  - getColumnIndex(columnName=ID) - start
147035 [main] DEBUG org.dbunit.dataset.AbstractTableMetaData  - getColumnIndex(columnName=ID) - start
147035 [main] DEBUG org.dbunit.database.statement.AutomaticPreparedBatchStatement  - addValue(value=1, dataType=INTEGER) - start
147035 [main] DEBUG org.dbunit.database.statement.SimplePreparedStatement  - addValue(value=1, dataType=INTEGER) - start
147035 [main] DEBUG org.dbunit.dataset.datatype.IntegerDataType  - setSqlValue(value=1, column=5, statement=org.hsqldb.jdbc.JDBCPreparedStatement@2649c92f[sql=[insert into SCOPEDCONTENTITEM (TAGNAME, CSSCLASS, CONTENT, TYPE, ID, TIMESTAMP) values (?, ?, ?, ?, ?, ?)], parameters=[[11], [12], [13], [Audio], [null], [null]]]) - start
147035 [main] DEBUG org.dbunit.dataset.datatype.IntegerDataType  - typeCast(value=1) - start
147035 [main] DEBUG org.dbunit.dataset.DefaultTable  - getValue(row=0, column=TIMESTAMP) - start
147035 [main] DEBUG org.dbunit.dataset.AbstractTable  - assertValidRowIndex(row=0) - start
147035 [main] DEBUG org.dbunit.dataset.AbstractTable  - assertValidRowIndex(row=0, rowCount=1) - start
147035 [main] DEBUG org.dbunit.dataset.AbstractTable  - getColumnIndex(columnName=TIMESTAMP) - start
147035 [main] DEBUG org.dbunit.dataset.AbstractTableMetaData  - getColumnIndex(columnName=TIMESTAMP) - start
147036 [main] DEBUG org.dbunit.database.statement.AutomaticPreparedBatchStatement  - addValue(value=2014-02-26 12:43:28.084, dataType=TIMESTAMP) - start
147036 [main] DEBUG org.dbunit.database.statement.SimplePreparedStatement  - addValue(value=2014-02-26 12:43:28.084, dataType=TIMESTAMP) - start
147036 [main] DEBUG org.dbunit.dataset.datatype.TimestampDataType  - setSqlValue(value=2014-02-26 12:43:28.084, column=6, statement=org.hsqldb.jdbc.JDBCPreparedStatement@2649c92f[sql=[insert into SCOPEDCONTENTITEM (TAGNAME, CSSCLASS, CONTENT, TYPE, ID, TIMESTAMP) values (?, ?, ?, ?, ?, ?)], parameters=[[11], [12], [13], [Audio], [1], [null]]]) - start
147036 [main] DEBUG org.dbunit.dataset.datatype.TimestampDataType  - typeCast(value=2014-02-26 12:43:28.084) - start
147036 [main] DEBUG org.dbunit.database.statement.AutomaticPreparedBatchStatement  - addBatch() - start
147036 [main] DEBUG org.dbunit.database.statement.SimplePreparedStatement  - addBatch() - start
147036 [main] DEBUG org.dbunit.operation.InsertOperation  - equalsIgnoreMapping(ignoreMapping={}, table=org.dbunit.dataset.DefaultTable[_metaData=tableName=ScopedContentItem, columns=[(tagName, UNKNOWN, nullableUnknown), (cssClass, UNKNOWN, nullableUnknown), (content, UNKNOWN, nullableUnknown), (type, UNKNOWN, nullableUnknown), (id, UNKNOWN, nullableUnknown), (timeStamp, UNKNOWN, nullableUnknown)], keys=[], _rowList.size()=1], row=1) - start
147036 [main] DEBUG org.dbunit.dataset.DefaultTable  - getValue(row=1, column=tagName) - start
147037 [main] DEBUG org.dbunit.dataset.AbstractTable  - assertValidRowIndex(row=1) - start
147037 [main] DEBUG org.dbunit.dataset.AbstractTable  - assertValidRowIndex(row=1, rowCount=1) - start
147037 [main] DEBUG org.dbunit.database.statement.AutomaticPreparedBatchStatement  - executeBatch() - start
147037 [main] DEBUG org.dbunit.database.statement.SimplePreparedStatement  - executeBatch() - start
147037 [main] DEBUG org.dbunit.database.statement.SimplePreparedStatement  - clearBatch() - start
147037 [main] DEBUG org.dbunit.database.statement.AutomaticPreparedBatchStatement  - clearBatch() - start
147037 [main] DEBUG org.dbunit.database.statement.SimplePreparedStatement  - clearBatch() - start
147037 [main] DEBUG org.dbunit.database.statement.AutomaticPreparedBatchStatement  - close() - start
147037 [main] DEBUG org.dbunit.database.statement.AbstractPreparedBatchStatement  - close() - start
147037 [main] DEBUG org.dbunit.dataset.filter.SequenceTableIterator  - next() - start
147037 [main] DEBUG org.dbunit.dataset.filter.SequenceTableIterator  - getTable() - start
147037 [main] DEBUG org.dbunit.dataset.AbstractDataSet  - getTable(tableName=ScopedContentConditions_ScopedContentItem) - start
147038 [main] DEBUG org.dbunit.dataset.AbstractDataSet  - initialize() - start
147038 [main] DEBUG org.dbunit.dataset.AbstractDataSet  - The table name map has already been initialized.
147038 [main] DEBUG org.dbunit.dataset.OrderedTableNameMap  - getTableName(tableName=ScopedContentConditions_ScopedContentItem) - start
147038 [main] DEBUG org.dbunit.dataset.OrderedTableNameMap  - getTableName(tableName=ScopedContentConditions_ScopedContentItem) - end - result=SCOPEDCONTENTCONDITIONS_SCOPEDCONTENTITEM
147038 [main] TRACE org.dbunit.operation.AbstractBatchOperation  - execute: processing table='ScopedContentConditions_ScopedContentItem'
147038 [main] DEBUG org.dbunit.operation.AbstractBatchOperation  - isEmpty(table=org.dbunit.dataset.DefaultTable[_metaData=tableName=ScopedContentConditions_ScopedContentItem, columns=[], keys=[], _rowList.size()=0]) - start
147038 [main] DEBUG org.dbunit.dataset.filter.SequenceTableIterator  - next() - start
147038 [main] DEBUG org.dbunit.dataset.filter.SequenceTableIterator  - getTable() - start
147038 [main] DEBUG org.dbunit.dataset.AbstractDataSet  - getTable(tableName=ScopedContent_ScopedContentItem) - start
147038 [main] DEBUG org.dbunit.dataset.AbstractDataSet  - initialize() - start
147038 [main] DEBUG org.dbunit.dataset.AbstractDataSet  - The table name map has already been initialized.
147038 [main] DEBUG org.dbunit.dataset.OrderedTableNameMap  - getTableName(tableName=ScopedContent_ScopedContentItem) - start
147038 [main] DEBUG org.dbunit.dataset.OrderedTableNameMap  - getTableName(tableName=ScopedContent_ScopedContentItem) - end - result=SCOPEDCONTENT_SCOPEDCONTENTITEM
147039 [main] TRACE org.dbunit.operation.AbstractBatchOperation  - execute: processing table='ScopedContent_ScopedContentItem'
147039 [main] DEBUG org.dbunit.operation.AbstractBatchOperation  - isEmpty(table=org.dbunit.dataset.DefaultTable[_metaData=tableName=ScopedContent_ScopedContentItem, columns=[], keys=[], _rowList.size()=0]) - start
147039 [main] DEBUG org.dbunit.dataset.filter.SequenceTableIterator  - next() - start
147039 [main] DEBUG org.dbunit.dataset.filter.SequenceTableIterator  - getTable() - start
147039 [main] DEBUG org.dbunit.dataset.AbstractDataSet  - getTable(tableName=Scope_RequestContext) - start
147039 [main] DEBUG org.dbunit.dataset.AbstractDataSet  - initialize() - start
147039 [main] DEBUG org.dbunit.dataset.AbstractDataSet  - The table name map has already been initialized.
147039 [main] DEBUG org.dbunit.dataset.OrderedTableNameMap  - getTableName(tableName=Scope_RequestContext) - start
147039 [main] DEBUG org.dbunit.dataset.OrderedTableNameMap  - getTableName(tableName=Scope_RequestContext) - end - result=SCOPE_REQUESTCONTEXT
147039 [main] TRACE org.dbunit.operation.AbstractBatchOperation  - execute: processing table='Scope_RequestContext'
147039 [main] DEBUG org.dbunit.operation.AbstractBatchOperation  - isEmpty(table=org.dbunit.dataset.DefaultTable[_metaData=tableName=Scope_RequestContext, columns=[], keys=[], _rowList.size()=0]) - start
147039 [main] DEBUG org.dbunit.dataset.filter.SequenceTableIterator  - next() - start
147040 [main] DEBUG org.dbunit.dataset.filter.SequenceTableIterator  - getTable() - start
147040 [main] DEBUG org.dbunit.dataset.AbstractDataSet  - getTable(tableName=User) - start
147040 [main] DEBUG org.dbunit.dataset.AbstractDataSet  - initialize() - start
147040 [main] DEBUG org.dbunit.dataset.AbstractDataSet  - The table name map has already been initialized.
147040 [main] DEBUG org.dbunit.dataset.OrderedTableNameMap  - getTableName(tableName=User) - start
147040 [main] DEBUG org.dbunit.dataset.OrderedTableNameMap  - getTableName(tableName=User) - end - result=USER
147040 [main] TRACE org.dbunit.operation.AbstractBatchOperation  - execute: processing table='User'
147040 [main] DEBUG org.dbunit.operation.AbstractBatchOperation  - isEmpty(table=org.dbunit.dataset.DefaultTable[_metaData=tableName=User, columns=[], keys=[], _rowList.size()=0]) - start
147040 [main] DEBUG org.dbunit.dataset.filter.SequenceTableIterator  - next() - start
147040 [main] DEBUG org.dbunit.dataset.filter.SequenceTableIterator  - getTable() - start
147040 [main] DEBUG org.dbunit.dataset.AbstractDataSet  - getTable(tableName=Users_Authorities) - start
147041 [main] DEBUG org.dbunit.dataset.AbstractDataSet  - initialize() - start
147041 [main] DEBUG org.dbunit.dataset.AbstractDataSet  - The table name map has already been initialized.
147041 [main] DEBUG org.dbunit.dataset.OrderedTableNameMap  - getTableName(tableName=Users_Authorities) - start
147041 [main] DEBUG org.dbunit.dataset.OrderedTableNameMap  - getTableName(tableName=Users_Authorities) - end - result=USERS_AUTHORITIES
147041 [main] TRACE org.dbunit.operation.AbstractBatchOperation  - execute: processing table='Users_Authorities'
147041 [main] DEBUG org.dbunit.operation.AbstractBatchOperation  - isEmpty(table=org.dbunit.dataset.DefaultTable[_metaData=tableName=Users_Authorities, columns=[], keys=[], _rowList.size()=0]) - start
147041 [main] DEBUG org.dbunit.dataset.filter.SequenceTableIterator  - next() - start
147041 [main] DEBUG org.springframework.beans.factory.support.DefaultListableBeanFactory  - Returning cached instance of singleton bean 'transactionManager'
147042 [main] DEBUG org.springframework.orm.jpa.JpaTransactionManager  - Creating new transaction with name [com.tmt.kontroll.content.persistence.services.ScopedContentConditionDaoService.create]: PROPAGATION_REQUIRED,ISOLATION_DEFAULT; '',-com.tmt.kontroll.persistence.exceptions.EntityNotFoundInDatabaseException
147042 [main] DEBUG org.hibernate.internal.SessionImpl  - Opened session at timestamp: 13934150091
147042 [main] TRACE org.hibernate.internal.SessionImpl  - Setting flush mode to: AUTO
147042 [main] TRACE org.hibernate.internal.SessionImpl  - Setting cache mode to: NORMAL
147043 [main] DEBUG org.springframework.orm.jpa.JpaTransactionManager  - Opened new EntityManager [org.hibernate.ejb.EntityManagerImpl@3637404c] for JPA transaction
147043 [main] DEBUG org.hibernate.engine.transaction.spi.AbstractTransactionImpl  - begin
147043 [main] DEBUG org.hibernate.engine.jdbc.internal.LogicalConnectionImpl  - Obtaining JDBC connection
147043 [main] DEBUG org.hibernate.engine.jdbc.internal.LogicalConnectionImpl  - Obtained JDBC connection
147043 [main] DEBUG org.hibernate.engine.transaction.internal.jdbc.JdbcTransaction  - initial autocommit status: true
147043 [main] DEBUG org.hibernate.engine.transaction.internal.jdbc.JdbcTransaction  - disabling autocommit
147043 [main] DEBUG org.springframework.orm.jpa.JpaTransactionManager  - Exposing JPA transaction as JDBC transaction [org.springframework.orm.jpa.vendor.HibernateJpaDialect$HibernateConnectionHandle@655e5962]
147043 [main] TRACE org.springframework.transaction.support.TransactionSynchronizationManager  - Bound value [org.springframework.jdbc.datasource.ConnectionHolder@153e64ec] for key [org.apache.commons.dbcp.BasicDataSource@3a3941c8] to thread [main]
147043 [main] TRACE org.springframework.transaction.support.TransactionSynchronizationManager  - Bound value [org.springframework.orm.jpa.EntityManagerHolder@3353ccd9] for key [org.springframework.orm.jpa.LocalContainerEntityManagerFactoryBean@7529f450] to thread [main]
147044 [main] TRACE org.springframework.transaction.support.TransactionSynchronizationManager  - Initializing transaction synchronization
147044 [main] TRACE org.springframework.transaction.interceptor.TransactionInterceptor  - Getting transaction for [com.tmt.kontroll.content.persistence.services.ScopedContentConditionDaoService.create]
147044 [main] TRACE org.springframework.transaction.support.TransactionSynchronizationManager  - Bound value [java.lang.Object@25fb51fb] for key [public abstract java.lang.Object org.springframework.data.repository.CrudRepository.save(java.lang.Object)] to thread [main]
147044 [main] DEBUG org.springframework.beans.factory.support.DefaultListableBeanFactory  - Returning cached instance of singleton bean 'transactionManager'
147044 [main] TRACE org.springframework.transaction.support.TransactionSynchronizationManager  - Retrieved value [org.springframework.orm.jpa.EntityManagerHolder@3353ccd9] for key [org.springframework.orm.jpa.LocalContainerEntityManagerFactoryBean@7529f450] bound to thread [main]
147044 [main] DEBUG org.springframework.orm.jpa.JpaTransactionManager  - Found thread-bound EntityManager [org.hibernate.ejb.EntityManagerImpl@3637404c] for JPA transaction
147045 [main] TRACE org.springframework.transaction.support.TransactionSynchronizationManager  - Retrieved value [org.springframework.jdbc.datasource.ConnectionHolder@153e64ec] for key [org.apache.commons.dbcp.BasicDataSource@3a3941c8] bound to thread [main]
147045 [main] DEBUG org.springframework.orm.jpa.JpaTransactionManager  - Participating in existing transaction
147045 [main] TRACE org.springframework.transaction.interceptor.TransactionInterceptor  - Getting transaction for [org.springframework.data.jpa.repository.support.SimpleJpaRepository.save]
147045 [main] TRACE org.springframework.transaction.support.TransactionSynchronizationManager  - Retrieved value [org.springframework.orm.jpa.EntityManagerHolder@3353ccd9] for key [org.springframework.orm.jpa.LocalContainerEntityManagerFactoryBean@7529f450] bound to thread [main]
147045 [main] TRACE org.hibernate.event.internal.AbstractSaveEventListener  - Transient instance of: com.tmt.kontroll.content.persistence.entities.ScopedContentCondition
147045 [main] TRACE org.hibernate.event.internal.DefaultPersistEventListener  - Saving transient instance
147045 [main] TRACE org.hibernate.event.internal.AbstractSaveEventListener  - Saving [com.tmt.kontroll.content.persistence.entities.ScopedContentCondition#<null>]
147046 [main] TRACE org.hibernate.event.internal.WrapVisitor  - Wrapped collection in role: com.tmt.kontroll.content.persistence.entities.ScopedContentCondition.scopedContentConditionAttributes
147046 [main] TRACE org.hibernate.event.internal.WrapVisitor  - Wrapped collection in role: com.tmt.kontroll.content.persistence.entities.ScopedContentCondition.scopedContents
147046 [main] TRACE org.hibernate.engine.spi.ActionQueue  - Adding an EntityIdentityInsertAction for [com.tmt.kontroll.content.persistence.entities.ScopedContentCondition] object
147046 [main] TRACE org.hibernate.engine.spi.ActionQueue  - Executing inserts before finding non-nullable transient entities for early insert: [EntityIdentityInsertAction[com.tmt.kontroll.content.persistence.entities.ScopedContentCondition#<null>]]
147046 [main] TRACE org.hibernate.engine.spi.ActionQueue  - Adding insert with no non-nullable, transient entities: [EntityIdentityInsertAction[com.tmt.kontroll.content.persistence.entities.ScopedContentCondition#<null>]]
147046 [main] TRACE org.hibernate.engine.spi.ActionQueue  - Executing insertions before resolved early-insert
147046 [main] DEBUG org.hibernate.engine.spi.ActionQueue  - Executing identity-insert immediately
147046 [main] TRACE org.hibernate.persister.entity.AbstractEntityPersister  - Inserting entity: com.tmt.kontroll.content.persistence.entities.ScopedContentCondition (native id)
147047 [main] TRACE org.hibernate.engine.jdbc.internal.proxy.ConnectionProxyHandler  - Handling invocation of connection method [prepareStatement]
147047 [main] DEBUG org.hibernate.SQL  - insert into ScopedContentCondition (id, timeStamp, description, name, operator) values (default, ?, ?, ?, ?)
Hibernate: insert into ScopedContentCondition (id, timeStamp, description, name, operator) values (default, ?, ?, ?, ?)
147047 [main] TRACE org.hibernate.engine.jdbc.internal.JdbcResourceRegistryImpl  - Registering statement [org.hibernate.engine.jdbc.internal.proxy.PreparedStatementProxyHandler@6cde99af[valid=true]]
147047 [main] TRACE org.hibernate.persister.entity.AbstractEntityPersister  - Dehydrating entity: [com.tmt.kontroll.content.persistence.entities.ScopedContentCondition#<null>]
147047 [main] TRACE org.hibernate.type.descriptor.sql.BasicBinder  - binding parameter [1] as [TIMESTAMP] - 2014-02-26 12:43:28.083
147048 [main] TRACE org.hibernate.engine.jdbc.internal.proxy.AbstractStatementProxyHandler  - Handling invocation of statement method [setTimestamp]
147048 [main] TRACE org.hibernate.engine.jdbc.internal.proxy.PreparedStatementProxyHandler  - Binding via setTimestamp: [1, 2014-02-26 12:43:28.083]
147048 [main] TRACE org.hibernate.type.descriptor.sql.BasicBinder  - binding parameter [2] as [VARCHAR] - 10
147048 [main] TRACE org.hibernate.engine.jdbc.internal.proxy.AbstractStatementProxyHandler  - Handling invocation of statement method [setString]
147048 [main] TRACE org.hibernate.engine.jdbc.internal.proxy.PreparedStatementProxyHandler  - Binding via setString: [2, 10]
147052 [main] TRACE org.hibernate.type.descriptor.sql.BasicBinder  - binding parameter [3] as [VARCHAR] - 9
147052 [main] TRACE org.hibernate.engine.jdbc.internal.proxy.AbstractStatementProxyHandler  - Handling invocation of statement method [setString]
147052 [main] TRACE org.hibernate.engine.jdbc.internal.proxy.PreparedStatementProxyHandler  - Binding via setString: [3, 9]
147052 [main] TRACE org.hibernate.type.EnumType  - Binding {0} to parameter: 4
147052 [main] TRACE org.hibernate.engine.jdbc.internal.proxy.AbstractStatementProxyHandler  - Handling invocation of statement method [setObject]
147052 [main] TRACE org.hibernate.engine.jdbc.internal.proxy.PreparedStatementProxyHandler  - Binding via setObject: [4, And, 12]
147052 [main] TRACE org.hibernate.engine.jdbc.internal.proxy.AbstractStatementProxyHandler  - Handling invocation of statement method [executeUpdate]
147052 [main] TRACE org.hibernate.engine.jdbc.internal.proxy.AbstractStatementProxyHandler  - Handling invocation of statement method [getGeneratedKeys]
147052 [main] TRACE org.hibernate.engine.jdbc.internal.JdbcResourceRegistryImpl  - Registering result set [org.hibernate.engine.jdbc.internal.proxy.ImplicitResultSetProxyHandler@a3be800[valid=true]]
147052 [main] TRACE org.hibernate.engine.jdbc.internal.proxy.AbstractResultSetProxyHandler  - Handling invocation of ResultSet method [getStatement]
147052 [main] TRACE org.hibernate.engine.jdbc.internal.proxy.AbstractResultSetProxyHandler  - Handling invocation of ResultSet method [next]
147052 [main] TRACE org.hibernate.engine.jdbc.internal.proxy.AbstractResultSetProxyHandler  - Handling invocation of ResultSet method [getMetaData]
147053 [main] TRACE org.hibernate.engine.jdbc.internal.proxy.AbstractResultSetProxyHandler  - Handling invocation of ResultSet method [getInt]
147053 [main] DEBUG org.hibernate.id.IdentifierGeneratorHelper  - Natively generated identity: 7
147053 [main] TRACE org.hibernate.engine.jdbc.internal.proxy.AbstractResultSetProxyHandler  - Handling invocation of ResultSet method [close]
147053 [main] TRACE org.hibernate.engine.jdbc.internal.JdbcResourceRegistryImpl  - Releasing result set [org.hibernate.engine.jdbc.internal.proxy.ImplicitResultSetProxyHandler@a3be800[valid=true]]
147053 [main] TRACE org.hibernate.engine.jdbc.internal.proxy.AbstractResultSetProxyHandler  - Handling invocation of ResultSet method [getStatement]
147053 [main] TRACE org.hibernate.engine.jdbc.internal.JdbcResourceRegistryImpl  - Closing result set [org.hibernate.engine.jdbc.internal.proxy.ImplicitResultSetProxyHandler@a3be800[valid=true]]
147053 [main] TRACE org.hibernate.engine.jdbc.internal.proxy.AbstractResultSetProxyHandler  - Handling invocation of ResultSet method [getWrappedObject]
147053 [main] TRACE org.hibernate.engine.jdbc.internal.JdbcResourceRegistryImpl  - Closing result set [org.apache.commons.dbcp.DelegatingResultSet@a3be800]
147053 [main] TRACE org.hibernate.engine.jdbc.internal.proxy.AbstractResultSetProxyHandler  - Handling invocation of ResultSet method [invalidate]
147053 [main] TRACE org.hibernate.engine.jdbc.internal.proxy.AbstractStatementProxyHandler  - Handling invocation of statement method [close]
147053 [main] TRACE org.hibernate.engine.jdbc.internal.JdbcResourceRegistryImpl  - Releasing statement [org.hibernate.engine.jdbc.internal.proxy.PreparedStatementProxyHandler@6cde99af[valid=true]]
147053 [main] TRACE org.hibernate.engine.jdbc.internal.JdbcResourceRegistryImpl  - Closing prepared statement [org.hibernate.engine.jdbc.internal.proxy.PreparedStatementProxyHandler@6cde99af[valid=true]]
147054 [main] TRACE org.hibernate.engine.jdbc.internal.proxy.AbstractStatementProxyHandler  - Handling invocation of statement method [getWrappedObject]
147054 [main] TRACE org.hibernate.engine.jdbc.internal.JdbcResourceRegistryImpl  - Closing prepared statement [org.hsqldb.jdbc.JDBCPreparedStatement@6cde99af[sql=[insert into ScopedContentCondition (id, timeStamp, description, name, operator) values (default, ?, ?, ?, ?)], parameters=[[org.hsqldb.types.TimestampData@57ff9bb0], [10], [9], [And]]]]
147054 [main] TRACE org.hibernate.engine.jdbc.internal.proxy.AbstractStatementProxyHandler  - Handling invocation of statement method [invalidate]
147054 [main] TRACE org.hibernate.engine.jdbc.internal.LogicalConnectionImpl  - Starting after statement execution processing [ON_CLOSE]
147054 [main] TRACE org.hibernate.action.internal.UnresolvedEntityInsertActions  - No unresolved entity inserts that depended on [[com.tmt.kontroll.content.persistence.entities.ScopedContentCondition#7]]
147054 [main] TRACE org.hibernate.action.internal.UnresolvedEntityInsertActions  - No entity insert actions have non-nullable, transient entity dependencies.
147054 [main] TRACE org.springframework.transaction.interceptor.TransactionInterceptor  - Completing transaction for [org.springframework.data.jpa.repository.support.SimpleJpaRepository.save]
147054 [main] TRACE org.springframework.transaction.support.TransactionSynchronizationManager  - Removed value [java.lang.Object@25fb51fb] for key [public abstract java.lang.Object org.springframework.data.repository.CrudRepository.save(java.lang.Object)] from thread [main]
147054 [main] TRACE org.springframework.transaction.interceptor.TransactionInterceptor  - Completing transaction for [com.tmt.kontroll.content.persistence.services.ScopedContentConditionDaoService.create]
147054 [main] TRACE org.springframework.orm.jpa.JpaTransactionManager  - Triggering beforeCommit synchronization
147054 [main] TRACE org.springframework.orm.jpa.JpaTransactionManager  - Triggering beforeCompletion synchronization
147054 [main] DEBUG org.springframework.orm.jpa.JpaTransactionManager  - Initiating transaction commit
147055 [main] DEBUG org.springframework.orm.jpa.JpaTransactionManager  - Committing JPA transaction on EntityManager [org.hibernate.ejb.EntityManagerImpl@3637404c]
147055 [main] DEBUG org.hibernate.engine.transaction.spi.AbstractTransactionImpl  - committing
147055 [main] TRACE org.hibernate.internal.SessionImpl  - Automatically flushing session
147055 [main] TRACE org.hibernate.event.internal.AbstractFlushingEventListener  - Flushing session
147055 [main] DEBUG org.hibernate.event.internal.AbstractFlushingEventListener  - Processing flush-time cascades
147055 [main] TRACE org.hibernate.engine.internal.Cascade  - Processing cascade ACTION_PERSIST_ON_FLUSH for: com.tmt.kontroll.content.persistence.entities.ScopedContentCondition
147055 [main] TRACE org.hibernate.engine.internal.Cascade  - Done processing cascade ACTION_PERSIST_ON_FLUSH for: com.tmt.kontroll.content.persistence.entities.ScopedContentCondition
147055 [main] DEBUG org.hibernate.event.internal.AbstractFlushingEventListener  - Dirty checking collections
147055 [main] TRACE org.hibernate.event.internal.AbstractFlushingEventListener  - Flushing entities and processing referenced collections
147055 [main] DEBUG org.hibernate.engine.internal.Collections  - Collection found: [com.tmt.kontroll.content.persistence.entities.ScopedContentCondition.scopedContentConditionAttributes#7], was: [<unreferenced>] (initialized)
147055 [main] DEBUG org.hibernate.engine.internal.Collections  - Collection found: [com.tmt.kontroll.content.persistence.entities.ScopedContentCondition.scopedContents#7], was: [<unreferenced>] (initialized)
147055 [main] TRACE org.hibernate.event.internal.AbstractFlushingEventListener  - Processing unreferenced collections
147055 [main] TRACE org.hibernate.event.internal.AbstractFlushingEventListener  - Scheduling collection removes/(re)creates/updates
147055 [main] DEBUG org.hibernate.event.internal.AbstractFlushingEventListener  - Flushed: 0 insertions, 0 updates, 0 deletions to 1 objects
147055 [main] DEBUG org.hibernate.event.internal.AbstractFlushingEventListener  - Flushed: 2 (re)creations, 0 updates, 0 removals to 2 collections
147055 [main] DEBUG org.hibernate.internal.util.EntityPrinter  - Listing entities:
147056 [main] DEBUG org.hibernate.internal.util.EntityPrinter  - com.tmt.kontroll.content.persistence.entities.ScopedContentCondition{id=7, scopedContentConditionAttributes=[com.tmt.kontroll.content.persistence.entities.ScopedContentConditionAttribute#1], timeStamp=2014-02-26 12:43:28.083, description=10, name=9, childConditions=null, parentConditions=null, scopedContents=[com.tmt.kontroll.content.persistence.entities.ScopedContent#1], operator=And, scopedContentItems=null}
147056 [main] TRACE org.hibernate.event.internal.AbstractFlushingEventListener  - Executing flush
147056 [main] TRACE org.hibernate.engine.jdbc.internal.LogicalConnectionImpl  - Disabling releases
147056 [main] DEBUG org.hibernate.persister.collection.AbstractCollectionPersister  - Inserting collection: [com.tmt.kontroll.content.persistence.entities.ScopedContentCondition.scopedContents#7]
147056 [main] TRACE org.hibernate.engine.jdbc.batch.internal.BatchBuilderImpl  - Building batch [size=1]
147056 [main] TRACE org.hibernate.engine.jdbc.internal.proxy.ConnectionProxyHandler  - Handling invocation of connection method [prepareStatement]
147056 [main] DEBUG org.hibernate.SQL  - insert into ScopedContentConditions_ScopedContent (scoped_content_condition_id, scoped_content_id) values (?, ?)
Hibernate: insert into ScopedContentConditions_ScopedContent (scoped_content_condition_id, scoped_content_id) values (?, ?)
147056 [main] TRACE org.hibernate.engine.jdbc.internal.JdbcResourceRegistryImpl  - Registering statement [org.hibernate.engine.jdbc.internal.proxy.PreparedStatementProxyHandler@62fc5d3f[valid=true]]
147057 [main] TRACE org.hibernate.type.descriptor.sql.BasicBinder  - binding parameter [1] as [INTEGER] - 7
147057 [main] TRACE org.hibernate.engine.jdbc.internal.proxy.AbstractStatementProxyHandler  - Handling invocation of statement method [setInt]
147057 [main] TRACE org.hibernate.engine.jdbc.internal.proxy.PreparedStatementProxyHandler  - Binding via setInt: [1, 7]
147057 [main] TRACE org.hibernate.engine.spi.IdentifierValue  - ID unsaved-value: null
147057 [main] TRACE org.hibernate.type.descriptor.sql.BasicBinder  - binding parameter [2] as [INTEGER] - 1
147057 [main] TRACE org.hibernate.engine.jdbc.internal.proxy.AbstractStatementProxyHandler  - Handling invocation of statement method [setInt]
147057 [main] TRACE org.hibernate.engine.jdbc.internal.proxy.PreparedStatementProxyHandler  - Binding via setInt: [2, 1]
147057 [main] TRACE org.hibernate.engine.jdbc.internal.proxy.AbstractStatementProxyHandler  - Handling invocation of statement method [executeUpdate]
147057 [main] TRACE org.hibernate.engine.jdbc.internal.proxy.AbstractStatementProxyHandler  - Handling invocation of statement method [close]
147057 [main] TRACE org.hibernate.engine.jdbc.internal.JdbcResourceRegistryImpl  - Releasing statement [org.hibernate.engine.jdbc.internal.proxy.PreparedStatementProxyHandler@62fc5d3f[valid=true]]
147057 [main] TRACE org.hibernate.engine.jdbc.internal.JdbcResourceRegistryImpl  - Closing prepared statement [org.hibernate.engine.jdbc.internal.proxy.PreparedStatementProxyHandler@62fc5d3f[valid=true]]
147057 [main] TRACE org.hibernate.engine.jdbc.internal.proxy.AbstractStatementProxyHandler  - Handling invocation of statement method [getWrappedObject]
147057 [main] TRACE org.hibernate.engine.jdbc.internal.JdbcResourceRegistryImpl  - Closing prepared statement [org.hsqldb.jdbc.JDBCPreparedStatement@62fc5d3f[sql=[insert into ScopedContentConditions_ScopedContent (scoped_content_condition_id, scoped_content_id) values (?, ?)], parameters=[[7], [1]]]]
147057 [main] TRACE org.hibernate.engine.jdbc.internal.proxy.AbstractStatementProxyHandler  - Handling invocation of statement method [invalidate]
147057 [main] TRACE org.hibernate.engine.jdbc.internal.LogicalConnectionImpl  - Starting after statement execution processing [ON_CLOSE]
147058 [main] DEBUG org.hibernate.persister.collection.AbstractCollectionPersister  - Done inserting collection: 1 rows inserted
147058 [main] TRACE org.hibernate.engine.jdbc.internal.LogicalConnectionImpl  - (Re)enabling releases
147058 [main] TRACE org.hibernate.engine.jdbc.internal.LogicalConnectionImpl  - Starting after statement execution processing [ON_CLOSE]
147058 [main] TRACE org.hibernate.event.internal.AbstractFlushingEventListener  - Post flush
147058 [main] TRACE org.hibernate.internal.SessionImpl  - before transaction completion
147058 [main] DEBUG org.hibernate.engine.transaction.internal.jdbc.JdbcTransaction  - committed JDBC Connection
147058 [main] DEBUG org.hibernate.engine.transaction.internal.jdbc.JdbcTransaction  - re-enabling autocommit
147058 [main] TRACE org.hibernate.engine.transaction.internal.TransactionCoordinatorImpl  - after transaction completion
147058 [main] TRACE org.hibernate.internal.SessionImpl  - after transaction completion
147058 [main] TRACE org.springframework.orm.jpa.JpaTransactionManager  - Triggering afterCommit synchronization
147058 [main] TRACE org.springframework.orm.jpa.JpaTransactionManager  - Triggering afterCompletion synchronization
147058 [main] TRACE org.springframework.transaction.support.TransactionSynchronizationManager  - Clearing transaction synchronization
147058 [main] TRACE org.springframework.transaction.support.TransactionSynchronizationManager  - Removed value [org.springframework.orm.jpa.EntityManagerHolder@3353ccd9] for key [org.springframework.orm.jpa.LocalContainerEntityManagerFactoryBean@7529f450] from thread [main]
147058 [main] TRACE org.springframework.transaction.support.TransactionSynchronizationManager  - Removed value [org.springframework.jdbc.datasource.ConnectionHolder@153e64ec] for key [org.apache.commons.dbcp.BasicDataSource@3a3941c8] from thread [main]
147058 [main] DEBUG org.springframework.orm.jpa.JpaTransactionManager  - Closing JPA EntityManager [org.hibernate.ejb.EntityManagerImpl@3637404c] after transaction
147058 [main] DEBUG org.springframework.orm.jpa.EntityManagerFactoryUtils  - Closing JPA EntityManager
147058 [main] TRACE org.hibernate.internal.SessionImpl  - Closing session
147059 [main] DEBUG org.hibernate.engine.jdbc.internal.JdbcCoordinatorImpl  - HHH000420: Closing un-released batch
147059 [main] TRACE org.hibernate.engine.jdbc.internal.LogicalConnectionImpl  - Closing logical connection
147059 [main] TRACE org.hibernate.engine.jdbc.internal.proxy.ConnectionProxyHandler  - Handling invocation of connection method [close]
147059 [main] TRACE org.hibernate.engine.jdbc.internal.proxy.ConnectionProxyHandler  - Invalidating connection handle
147059 [main] TRACE org.hibernate.engine.jdbc.internal.JdbcResourceRegistryImpl  - Closing JDBC container [org.hibernate.engine.jdbc.internal.JdbcResourceRegistryImpl@4c634577]
147059 [main] DEBUG org.hibernate.engine.jdbc.internal.LogicalConnectionImpl  - Releasing JDBC connection
147059 [main] DEBUG org.hibernate.engine.jdbc.internal.LogicalConnectionImpl  - Released JDBC connection
147059 [main] DEBUG org.hibernate.engine.jdbc.internal.proxy.ConnectionProxyHandler  - HHH000163: Logical connection releasing its physical connection
147059 [main] TRACE org.hibernate.engine.jdbc.internal.LogicalConnectionImpl  - Logical connection closed
147060 [main] TRACE org.springframework.test.context.TestContextManager  - afterTestMethod(): instance [com.tmt.kontroll.content.persistence.services.ScopedContentConditionDaoServiceTest@62244738], method [public void com.tmt.kontroll.test.persistence.PersistenceEntityDaoServiceTest.testThatUniqueConstraintsOnColumnViolationsCauseError()], exception [java.lang.AssertionError: Constraint assertion failed. Failures:
Unique constraint on column: ]
147060 [main] DEBUG org.dbunit.database.AbstractDatabaseConnection  - createDataSet() - start
147060 [main] DEBUG org.dbunit.database.DatabaseDataSet  - initialize() - start
147060 [main] DEBUG org.dbunit.database.DatabaseSequenceFilter  - sortTableNames(connection=_databaseConfig=org.dbunit.database.DatabaseConfig[, _propertyMap={http://www.dbunit.org/properties/statementFactory=org.dbunit.database.statement.PreparedStatementFactory@626bc2b8, http://www.dbunit.org/features/caseSensitiveTableNames=false, http://www.dbunit.org/properties/fetchSize=100, http://www.dbunit.org/features/batchedStatements=false, http://www.dbunit.org/properties/metadataHandler=org.dbunit.database.DefaultMetadataHandler@3bbfdfde, http://www.dbunit.org/properties/datatypeFactory=org.dbunit.dataset.datatype.DefaultDataTypeFactory[_toleratedDeltaMap=org.dbunit.dataset.datatype.ToleratedDeltaMap@6452310a], http://www.dbunit.org/properties/escapePattern=null, http://www.dbunit.org/properties/batchSize=100, http://www.dbunit.org/features/qualifiedTableNames=false, http://www.dbunit.org/properties/tableType=[Ljava.lang.String;@5011bafa, http://www.dbunit.org/properties/resultSetTableFactory=org.dbunit.database.CachedResultSetTableFactory@10bcf083, http://www.dbunit.org/features/datatypeWarning=true}], _dataSet=AbstractDataSet[_orderedTableNameMap=null], tableNames=[AUTHORITY, CAPTION, NESTEDSCOPEDCONTENTCONDITIONS, REQUESTCONTEXT, SCOPE, SCOPEDCONTENT, SCOPEDCONTENTCONDITION, SCOPEDCONTENTCONDITIONATTRIBUTE, SCOPEDCONTENTCONDITIONS_SCOPEDCONTENT, SCOPEDCONTENTCONDITIONS_SCOPEDCONTENTITEM, SCOPEDCONTENTITEM, SCOPEDCONTENT_SCOPEDCONTENTITEM, SCOPE_REQUESTCONTEXT, USER, USERS_AUTHORITIES]) - start
147061 [main] DEBUG org.dbunit.database.DatabaseSequenceFilter  - getDependencyInfo(connection=_databaseConfig=org.dbunit.database.DatabaseConfig[, _propertyMap={http://www.dbunit.org/properties/statementFactory=org.dbunit.database.statement.PreparedStatementFactory@626bc2b8, http://www.dbunit.org/features/caseSensitiveTableNames=false, http://www.dbunit.org/properties/fetchSize=100, http://www.dbunit.org/features/batchedStatements=false, http://www.dbunit.org/properties/metadataHandler=org.dbunit.database.DefaultMetadataHandler@3bbfdfde, http://www.dbunit.org/properties/datatypeFactory=org.dbunit.dataset.datatype.DefaultDataTypeFactory[_toleratedDeltaMap=org.dbunit.dataset.datatype.ToleratedDeltaMap@6452310a], http://www.dbunit.org/properties/escapePattern=null, http://www.dbunit.org/properties/batchSize=100, http://www.dbunit.org/features/qualifiedTableNames=false, http://www.dbunit.org/properties/tableType=[Ljava.lang.String;@5011bafa, http://www.dbunit.org/properties/resultSetTableFactory=org.dbunit.database.CachedResultSetTableFactory@10bcf083, http://www.dbunit.org/features/datatypeWarning=true}], _dataSet=AbstractDataSet[_orderedTableNameMap=null], tableName=AUTHORITY) - start
147061 [main] DEBUG org.dbunit.database.search.TablesDependencyHelper  - getDependentTables(connection=_databaseConfig=org.dbunit.database.DatabaseConfig[, _propertyMap={http://www.dbunit.org/properties/statementFactory=org.dbunit.database.statement.PreparedStatementFactory@626bc2b8, http://www.dbunit.org/features/caseSensitiveTableNames=false, http://www.dbunit.org/properties/fetchSize=100, http://www.dbunit.org/features/batchedStatements=false, http://www.dbunit.org/properties/metadataHandler=org.dbunit.database.DefaultMetadataHandler@3bbfdfde, http://www.dbunit.org/properties/datatypeFactory=org.dbunit.dataset.datatype.DefaultDataTypeFactory[_toleratedDeltaMap=org.dbunit.dataset.datatype.ToleratedDeltaMap@6452310a], http://www.dbunit.org/properties/escapePattern=null, http://www.dbunit.org/properties/batchSize=100, http://www.dbunit.org/features/qualifiedTableNames=false, http://www.dbunit.org/properties/tableType=[Ljava.lang.String;@5011bafa, http://www.dbunit.org/properties/resultSetTableFactory=org.dbunit.database.CachedResultSetTableFactory@10bcf083, http://www.dbunit.org/features/datatypeWarning=true}], _dataSet=AbstractDataSet[_orderedTableNameMap=null], rootTable=AUTHORITY) - start
147061 [main] DEBUG org.dbunit.database.search.TablesDependencyHelper  - getDependentTables(connection=_databaseConfig=org.dbunit.database.DatabaseConfig[, _propertyMap={http://www.dbunit.org/properties/statementFactory=org.dbunit.database.statement.PreparedStatementFactory@626bc2b8, http://www.dbunit.org/features/caseSensitiveTableNames=false, http://www.dbunit.org/properties/fetchSize=100, http://www.dbunit.org/features/batchedStatements=false, http://www.dbunit.org/properties/metadataHandler=org.dbunit.database.DefaultMetadataHandler@3bbfdfde, http://www.dbunit.org/properties/datatypeFactory=org.dbunit.dataset.datatype.DefaultDataTypeFactory[_toleratedDeltaMap=org.dbunit.dataset.datatype.ToleratedDeltaMap@6452310a], http://www.dbunit.org/properties/escapePattern=null, http://www.dbunit.org/properties/batchSize=100, http://www.dbunit.org/features/qualifiedTableNames=false, http://www.dbunit.org/properties/tableType=[Ljava.lang.String;@5011bafa, http://www.dbunit.org/properties/resultSetTableFactory=org.dbunit.database.CachedResultSetTableFactory@10bcf083, http://www.dbunit.org/features/datatypeWarning=true}], _dataSet=AbstractDataSet[_orderedTableNameMap=null], rootTables=[AUTHORITY]) - start
147061 [main] DEBUG org.dbunit.util.search.DepthFirstSearch  - search(nodesFrom=[AUTHORITY], callback=org.dbunit.database.search.ImportedKeysSearchCallback@749ae70c) - start
147061 [main] DEBUG org.dbunit.util.CollectionsHelper  - objectsToSet(objects=AUTHORITY) - start
147061 [main] DEBUG org.dbunit.util.search.DepthFirstSearch  - search(nodesFrom=[AUTHORITY], callback=org.dbunit.database.search.ImportedKeysSearchCallback@749ae70c) - start
147061 [main] DEBUG org.dbunit.util.search.DepthFirstSearch  - reverseSearch:AUTHORITY
147061 [main] DEBUG org.dbunit.database.search.ImportedKeysSearchCallback  - searchNode(node=AUTHORITY) - start
147061 [main] DEBUG org.dbunit.util.search.DepthFirstSearch  - Pushing (reverse) AUTHORITY
147061 [main] DEBUG org.dbunit.database.search.ImportedKeysSearchCallback  - getEdges(node=AUTHORITY) - start
147061 [main] DEBUG org.dbunit.database.search.AbstractMetaDataBasedSearchCallback  - getNodesFromImportedKeys(node=AUTHORITY) - start
147061 [main] DEBUG org.dbunit.database.search.AbstractMetaDataBasedSearchCallback  - getNodes(type=0, node=AUTHORITY) - start
147061 [main] DEBUG org.dbunit.database.DatabaseDataSourceConnection  - getConnection() - start
147061 [main] DEBUG org.dbunit.database.search.AbstractMetaDataBasedSearchCallback  - getNodes(type=0, node=AUTHORITY, conn=Transaction-aware proxy for target Connection [jdbc:hsqldb:mem:kontrollDS, UserName=sw, HSQL Database Engine Driver], schema=null, metaData=org.apache.commons.dbcp.DelegatingDatabaseMetaData@65b700a2, edges=[]) - start
147061 [main] DEBUG org.dbunit.database.search.AbstractMetaDataBasedSearchCallback  - Getting edges for node AUTHORITY
147061 [main] TRACE org.dbunit.database.DatabaseConfig  - getProperty(name=http://www.dbunit.org/properties/metadataHandler) - start
147061 [main] TRACE org.dbunit.database.DefaultMetadataHandler  - tableExists(metaData=org.apache.commons.dbcp.DelegatingDatabaseMetaData@65b700a2, schemaName=null, tableName=AUTHORITY) - start
147062 [main] DEBUG org.dbunit.util.SQLHelper  - close(resultSet=org.apache.commons.dbcp.DelegatingResultSet@6c396961) - start
147063 [main] DEBUG org.dbunit.util.SQLHelper  - close(resultSet=org.apache.commons.dbcp.DelegatingResultSet@193e7d4f) - start
147063 [main] DEBUG org.dbunit.util.search.DepthFirstSearch  - search:AUTHORITY
147063 [main] DEBUG org.dbunit.database.search.ImportedKeysSearchCallback  - searchNode(node=AUTHORITY) - start
147063 [main] DEBUG org.dbunit.util.search.DepthFirstSearch  - Pushing AUTHORITY
147063 [main] DEBUG org.dbunit.database.search.ImportedKeysSearchCallback  - getEdges(node=AUTHORITY) - start
147063 [main] DEBUG org.dbunit.database.search.AbstractMetaDataBasedSearchCallback  - getNodesFromImportedKeys(node=AUTHORITY) - start
147063 [main] DEBUG org.dbunit.database.search.AbstractMetaDataBasedSearchCallback  - getNodes(type=0, node=AUTHORITY) - start
147063 [main] DEBUG org.dbunit.database.DatabaseDataSourceConnection  - getConnection() - start
147063 [main] DEBUG org.dbunit.database.search.AbstractMetaDataBasedSearchCallback  - getNodes(type=0, node=AUTHORITY, conn=Transaction-aware proxy for target Connection [jdbc:hsqldb:mem:kontrollDS, UserName=sw, HSQL Database Engine Driver], schema=null, metaData=org.apache.commons.dbcp.DelegatingDatabaseMetaData@5594da7b, edges=[]) - start
147063 [main] DEBUG org.dbunit.database.search.AbstractMetaDataBasedSearchCallback  - Getting edges for node AUTHORITY
147063 [main] TRACE org.dbunit.database.DatabaseConfig  - getProperty(name=http://www.dbunit.org/properties/metadataHandler) - start
147063 [main] TRACE org.dbunit.database.DefaultMetadataHandler  - tableExists(metaData=org.apache.commons.dbcp.DelegatingDatabaseMetaData@5594da7b, schemaName=null, tableName=AUTHORITY) - start
147064 [main] DEBUG org.dbunit.util.SQLHelper  - close(resultSet=org.apache.commons.dbcp.DelegatingResultSet@28b56360) - start
147064 [main] DEBUG org.dbunit.util.SQLHelper  - close(resultSet=org.apache.commons.dbcp.DelegatingResultSet@2e11bcd) - start
147064 [main] DEBUG org.dbunit.util.search.DepthFirstSearch  - Adding node AUTHORITY to the final result
147064 [main] DEBUG org.dbunit.util.CollectionsHelper  - setToStrings(set=[AUTHORITY]) - start
147064 [main] DEBUG org.dbunit.database.search.TablesDependencyHelper  - getDependsOnTables(connection=_databaseConfig=org.dbunit.database.DatabaseConfig[, _propertyMap={http://www.dbunit.org/properties/statementFactory=org.dbunit.database.statement.PreparedStatementFactory@626bc2b8, http://www.dbunit.org/features/caseSensitiveTableNames=false, http://www.dbunit.org/properties/fetchSize=100, http://www.dbunit.org/features/batchedStatements=false, http://www.dbunit.org/properties/metadataHandler=org.dbunit.database.DefaultMetadataHandler@3bbfdfde, http://www.dbunit.org/properties/datatypeFactory=org.dbunit.dataset.datatype.DefaultDataTypeFactory[_toleratedDeltaMap=org.dbunit.dataset.datatype.ToleratedDeltaMap@6452310a], http://www.dbunit.org/properties/escapePattern=null, http://www.dbunit.org/properties/batchSize=100, http://www.dbunit.org/features/qualifiedTableNames=false, http://www.dbunit.org/properties/tableType=[Ljava.lang.String;@5011bafa, http://www.dbunit.org/properties/resultSetTableFactory=org.dbunit.database.CachedResultSetTableFactory@10bcf083, http://www.dbunit.org/features/datatypeWarning=true}], _dataSet=AbstractDataSet[_orderedTableNameMap=null], rootTable=AUTHORITY) - start
147065 [main] DEBUG org.dbunit.util.search.DepthFirstSearch  - search(nodesFrom=[AUTHORITY], callback=org.dbunit.database.search.ExportedKeysSearchCallback@43f69324) - start
147065 [main] DEBUG org.dbunit.util.CollectionsHelper  - objectsToSet(objects=AUTHORITY) - start
147065 [main] DEBUG org.dbunit.util.search.DepthFirstSearch  - search(nodesFrom=[AUTHORITY], callback=org.dbunit.database.search.ExportedKeysSearchCallback@43f69324) - start
147065 [main] DEBUG org.dbunit.util.search.DepthFirstSearch  - reverseSearch:AUTHORITY
147065 [main] DEBUG org.dbunit.database.search.ExportedKeysSearchCallback  - searchNode(node=AUTHORITY) - start
147065 [main] DEBUG org.dbunit.util.search.DepthFirstSearch  - Pushing (reverse) AUTHORITY
147065 [main] DEBUG org.dbunit.database.search.ExportedKeysSearchCallback  - getEdges(node=AUTHORITY) - start
147066 [main] DEBUG org.dbunit.database.search.AbstractMetaDataBasedSearchCallback  - getNodesFromExportedKeys(node=AUTHORITY) - start
147066 [main] DEBUG org.dbunit.database.search.AbstractMetaDataBasedSearchCallback  - getNodes(type=1, node=AUTHORITY) - start
147066 [main] DEBUG org.dbunit.database.DatabaseDataSourceConnection  - getConnection() - start
147066 [main] DEBUG org.dbunit.database.search.AbstractMetaDataBasedSearchCallback  - getNodes(type=1, node=AUTHORITY, conn=Transaction-aware proxy for target Connection [jdbc:hsqldb:mem:kontrollDS, UserName=sw, HSQL Database Engine Driver], schema=null, metaData=org.apache.commons.dbcp.DelegatingDatabaseMetaData@71364357, edges=[]) - start
147066 [main] DEBUG org.dbunit.database.search.AbstractMetaDataBasedSearchCallback  - Getting edges for node AUTHORITY
147066 [main] TRACE org.dbunit.database.DatabaseConfig  - getProperty(name=http://www.dbunit.org/properties/metadataHandler) - start
147066 [main] TRACE org.dbunit.database.DefaultMetadataHandler  - tableExists(metaData=org.apache.commons.dbcp.DelegatingDatabaseMetaData@71364357, schemaName=null, tableName=AUTHORITY) - start
147067 [main] DEBUG org.dbunit.util.SQLHelper  - close(resultSet=org.apache.commons.dbcp.DelegatingResultSet@28f55e2c) - start
147068 [main] DEBUG org.dbunit.util.QualifiedTableName  - getQualifiedNameIfEnabled(config=org.dbunit.database.DatabaseConfig[, _propertyMap={http://www.dbunit.org/properties/statementFactory=org.dbunit.database.statement.PreparedStatementFactory@626bc2b8, http://www.dbunit.org/features/caseSensitiveTableNames=false, http://www.dbunit.org/properties/fetchSize=100, http://www.dbunit.org/features/batchedStatements=false, http://www.dbunit.org/properties/metadataHandler=org.dbunit.database.DefaultMetadataHandler@3bbfdfde, http://www.dbunit.org/properties/datatypeFactory=org.dbunit.dataset.datatype.DefaultDataTypeFactory[_toleratedDeltaMap=org.dbunit.dataset.datatype.ToleratedDeltaMap@6452310a], http://www.dbunit.org/properties/escapePattern=null, http://www.dbunit.org/properties/batchSize=100, http://www.dbunit.org/features/qualifiedTableNames=false, http://www.dbunit.org/properties/tableType=[Ljava.lang.String;@5011bafa, http://www.dbunit.org/properties/resultSetTableFactory=org.dbunit.database.CachedResultSetTableFactory@10bcf083, http://www.dbunit.org/features/datatypeWarning=true}]) - start
147068 [main] TRACE org.dbunit.database.DatabaseConfig  - getFeature(name=http://www.dbunit.org/features/qualifiedTableNames) - start
147068 [main] TRACE org.dbunit.database.DatabaseConfig  - getProperty(name=http://www.dbunit.org/features/qualifiedTableNames) - start
147068 [main] DEBUG org.dbunit.util.QualifiedTableName  - Qualified table names feature is disabled. Returning plain table name
147068 [main] DEBUG org.dbunit.util.QualifiedTableName  - getQualifiedName(prefix=null, name=AUTHORITY, escapePattern=null) - start
147068 [main] DEBUG org.dbunit.util.QualifiedTableName  - getQualifiedNameIfEnabled(config=org.dbunit.database.DatabaseConfig[, _propertyMap={http://www.dbunit.org/properties/statementFactory=org.dbunit.database.statement.PreparedStatementFactory@626bc2b8, http://www.dbunit.org/features/caseSensitiveTableNames=false, http://www.dbunit.org/properties/fetchSize=100, http://www.dbunit.org/features/batchedStatements=false, http://www.dbunit.org/properties/metadataHandler=org.dbunit.database.DefaultMetadataHandler@3bbfdfde, http://www.dbunit.org/properties/datatypeFactory=org.dbunit.dataset.datatype.DefaultDataTypeFactory[_toleratedDeltaMap=org.dbunit.dataset.datatype.ToleratedDeltaMap@6452310a], http://www.dbunit.org/properties/escapePattern=null, http://www.dbunit.org/properties/batchSize=100, http://www.dbunit.org/features/qualifiedTableNames=false, http://www.dbunit.org/properties/tableType=[Ljava.lang.String;@5011bafa, http://www.dbunit.org/properties/resultSetTableFactory=org.dbunit.database.CachedResultSetTableFactory@10bcf083, http://www.dbunit.org/features/datatypeWarning=true}]) - start
147068 [main] TRACE org.dbunit.database.DatabaseConfig  - getFeature(name=http://www.dbunit.org/features/qualifiedTableNames) - start
147068 [main] TRACE org.dbunit.database.DatabaseConfig  - getProperty(name=http://www.dbunit.org/features/qualifiedTableNames) - start
147068 [main] DEBUG org.dbunit.util.QualifiedTableName  - Qualified table names feature is disabled. Returning plain table name
147068 [main] DEBUG org.dbunit.util.QualifiedTableName  - getQualifiedName(prefix=null, name=USERS_AUTHORITIES, escapePattern=null) - start
147068 [main] DEBUG org.dbunit.database.search.AbstractMetaDataBasedSearchCallback  - newEdge(rs=org.apache.commons.dbcp.DelegatingResultSet@247ed847, type=1, from=AUTHORITY, to=USERS_AUTHORITIES, fkColumn=AUTHORITY_ID, pkColumn=ID) - start
147068 [main] DEBUG org.dbunit.database.search.AbstractMetaDataBasedSearchCallback  - createFKEdge(rs=org.apache.commons.dbcp.DelegatingResultSet@247ed847, type=1, from=AUTHORITY, to=USERS_AUTHORITIES, fkColumn=AUTHORITY_ID, pkColumn=ID) - start
147068 [main] DEBUG org.dbunit.database.search.AbstractMetaDataBasedSearchCallback  - Adding edge USERS_AUTHORITIES(AUTHORITY_ID)->AUTHORITY(ID)
147068 [main] DEBUG org.dbunit.util.search.Edge  - compareTo(o=USERS_AUTHORITIES(AUTHORITY_ID)->AUTHORITY(ID)) - start
147068 [main] DEBUG org.dbunit.util.SQLHelper  - close(resultSet=org.apache.commons.dbcp.DelegatingResultSet@247ed847) - start
147068 [main] DEBUG org.dbunit.util.search.DepthFirstSearch  - reverseSearch:USERS_AUTHORITIES
147068 [main] DEBUG org.dbunit.database.search.ExportedKeysSearchCallback  - searchNode(node=USERS_AUTHORITIES) - start
147068 [main] DEBUG org.dbunit.util.search.DepthFirstSearch  - Pushing (reverse) USERS_AUTHORITIES
147068 [main] DEBUG org.dbunit.database.search.ExportedKeysSearchCallback  - getEdges(node=USERS_AUTHORITIES) - start
147068 [main] DEBUG org.dbunit.database.search.AbstractMetaDataBasedSearchCallback  - getNodesFromExportedKeys(node=USERS_AUTHORITIES) - start
147068 [main] DEBUG org.dbunit.database.search.AbstractMetaDataBasedSearchCallback  - getNodes(type=1, node=USERS_AUTHORITIES) - start
147068 [main] DEBUG org.dbunit.database.DatabaseDataSourceConnection  - getConnection() - start
147069 [main] DEBUG org.dbunit.database.search.AbstractMetaDataBasedSearchCallback  - getNodes(type=1, node=USERS_AUTHORITIES, conn=Transaction-aware proxy for target Connection [jdbc:hsqldb:mem:kontrollDS, UserName=sw, HSQL Database Engine Driver], schema=null, metaData=org.apache.commons.dbcp.DelegatingDatabaseMetaData@3a93009, edges=[]) - start
147069 [main] DEBUG org.dbunit.database.search.AbstractMetaDataBasedSearchCallback  - Getting edges for node USERS_AUTHORITIES
147069 [main] TRACE org.dbunit.database.DatabaseConfig  - getProperty(name=http://www.dbunit.org/properties/metadataHandler) - start
147069 [main] TRACE org.dbunit.database.DefaultMetadataHandler  - tableExists(metaData=org.apache.commons.dbcp.DelegatingDatabaseMetaData@3a93009, schemaName=null, tableName=USERS_AUTHORITIES) - start
147070 [main] DEBUG org.dbunit.util.SQLHelper  - close(resultSet=org.apache.commons.dbcp.DelegatingResultSet@7f298905) - start
147070 [main] DEBUG org.dbunit.util.SQLHelper  - close(resultSet=org.apache.commons.dbcp.DelegatingResultSet@a0d24d5) - start
147070 [main] DEBUG org.dbunit.util.search.DepthFirstSearch  - search:USERS_AUTHORITIES
147070 [main] DEBUG org.dbunit.database.search.ExportedKeysSearchCallback  - searchNode(node=USERS_AUTHORITIES) - start
147070 [main] DEBUG org.dbunit.util.search.DepthFirstSearch  - Pushing USERS_AUTHORITIES
147070 [main] DEBUG org.dbunit.database.search.ExportedKeysSearchCallback  - getEdges(node=USERS_AUTHORITIES) - start
147070 [main] DEBUG org.dbunit.database.search.AbstractMetaDataBasedSearchCallback  - getNodesFromExportedKeys(node=USERS_AUTHORITIES) - start
147070 [main] DEBUG org.dbunit.database.search.AbstractMetaDataBasedSearchCallback  - getNodes(type=1, node=USERS_AUTHORITIES) - start
147070 [main] DEBUG org.dbunit.database.DatabaseDataSourceConnection  - getConnection() - start
147070 [main] DEBUG org.dbunit.database.search.AbstractMetaDataBasedSearchCallback  - getNodes(type=1, node=USERS_AUTHORITIES, conn=Transaction-aware proxy for target Connection [jdbc:hsqldb:mem:kontrollDS, UserName=sw, HSQL Database Engine Driver], schema=null, metaData=org.apache.commons.dbcp.DelegatingDatabaseMetaData@64ed211a, edges=[]) - start
147070 [main] DEBUG org.dbunit.database.search.AbstractMetaDataBasedSearchCallback  - Getting edges for node USERS_AUTHORITIES
147070 [main] TRACE org.dbunit.database.DatabaseConfig  - getProperty(name=http://www.dbunit.org/properties/metadataHandler) - start
147070 [main] TRACE org.dbunit.database.DefaultMetadataHandler  - tableExists(metaData=org.apache.commons.dbcp.DelegatingDatabaseMetaData@64ed211a, schemaName=null, tableName=USERS_AUTHORITIES) - start
147071 [main] DEBUG org.dbunit.util.SQLHelper  - close(resultSet=org.apache.commons.dbcp.DelegatingResultSet@15be9c8a) - start
147072 [main] DEBUG org.dbunit.util.SQLHelper  - close(resultSet=org.apache.commons.dbcp.DelegatingResultSet@2620da2c) - start
147072 [main] DEBUG org.dbunit.util.search.DepthFirstSearch  - Adding node USERS_AUTHORITIES to the final result
147072 [main] DEBUG org.dbunit.util.search.DepthFirstSearch  - search:AUTHORITY
147072 [main] DEBUG org.dbunit.database.search.ExportedKeysSearchCallback  - searchNode(node=AUTHORITY) - start
147072 [main] DEBUG org.dbunit.util.search.DepthFirstSearch  - Pushing AUTHORITY
147072 [main] DEBUG org.dbunit.database.search.ExportedKeysSearchCallback  - getEdges(node=AUTHORITY) - start
147072 [main] DEBUG org.dbunit.database.search.AbstractMetaDataBasedSearchCallback  - getNodesFromExportedKeys(node=AUTHORITY) - start
147072 [main] DEBUG org.dbunit.database.search.AbstractMetaDataBasedSearchCallback  - getNodes(type=1, node=AUTHORITY) - start
147072 [main] DEBUG org.dbunit.database.DatabaseDataSourceConnection  - getConnection() - start
147072 [main] DEBUG org.dbunit.database.search.AbstractMetaDataBasedSearchCallback  - getNodes(type=1, node=AUTHORITY, conn=Transaction-aware proxy for target Connection [jdbc:hsqldb:mem:kontrollDS, UserName=sw, HSQL Database Engine Driver], schema=null, metaData=org.apache.commons.dbcp.DelegatingDatabaseMetaData@36d39242, edges=[]) - start
147072 [main] DEBUG org.dbunit.database.search.AbstractMetaDataBasedSearchCallback  - Getting edges for node AUTHORITY
147072 [main] TRACE org.dbunit.database.DatabaseConfig  - getProperty(name=http://www.dbunit.org/properties/metadataHandler) - start
147072 [main] TRACE org.dbunit.database.DefaultMetadataHandler  - tableExists(metaData=org.apache.commons.dbcp.DelegatingDatabaseMetaData@36d39242, schemaName=null, tableName=AUTHORITY) - start
147073 [main] DEBUG org.dbunit.util.SQLHelper  - close(resultSet=org.apache.commons.dbcp.DelegatingResultSet@76b1d961) - start
147073 [main] DEBUG org.dbunit.util.QualifiedTableName  - getQualifiedNameIfEnabled(config=org.dbunit.database.DatabaseConfig[, _propertyMap={http://www.dbunit.org/properties/statementFactory=org.dbunit.database.statement.PreparedStatementFactory@626bc2b8, http://www.dbunit.org/features/caseSensitiveTableNames=false, http://www.dbunit.org/properties/fetchSize=100, http://www.dbunit.org/features/batchedStatements=false, http://www.dbunit.org/properties/metadataHandler=org.dbunit.database.DefaultMetadataHandler@3bbfdfde, http://www.dbunit.org/properties/datatypeFactory=org.dbunit.dataset.datatype.DefaultDataTypeFactory[_toleratedDeltaMap=org.dbunit.dataset.datatype.ToleratedDeltaMap@6452310a], http://www.dbunit.org/properties/escapePattern=null, http://www.dbunit.org/properties/batchSize=100, http://www.dbunit.org/features/qualifiedTableNames=false, http://www.dbunit.org/properties/tableType=[Ljava.lang.String;@5011bafa, http://www.dbunit.org/properties/resultSetTableFactory=org.dbunit.database.CachedResultSetTableFactory@10bcf083, http://www.dbunit.org/features/datatypeWarning=true}]) - start
147073 [main] TRACE org.dbunit.database.DatabaseConfig  - getFeature(name=http://www.dbunit.org/features/qualifiedTableNames) - start
147073 [main] TRACE org.dbunit.database.DatabaseConfig  - getProperty(name=http://www.dbunit.org/features/qualifiedTableNames) - start
147073 [main] DEBUG org.dbunit.util.QualifiedTableName  - Qualified table names feature is disabled. Returning plain table name
147073 [main] DEBUG org.dbunit.util.QualifiedTableName  - getQualifiedName(prefix=null, name=AUTHORITY, escapePattern=null) - start
147073 [main] DEBUG org.dbunit.util.QualifiedTableName  - getQualifiedNameIfEnabled(config=org.dbunit.database.DatabaseConfig[, _propertyMap={http://www.dbunit.org/properties/statementFactory=org.dbunit.database.statement.PreparedStatementFactory@626bc2b8, http://www.dbunit.org/features/caseSensitiveTableNames=false, http://www.dbunit.org/properties/fetchSize=100, http://www.dbunit.org/features/batchedStatements=false, http://www.dbunit.org/properties/metadataHandler=org.dbunit.database.DefaultMetadataHandler@3bbfdfde, http://www.dbunit.org/properties/datatypeFactory=org.dbunit.dataset.datatype.DefaultDataTypeFactory[_toleratedDeltaMap=org.dbunit.dataset.datatype.ToleratedDeltaMap@6452310a], http://www.dbunit.org/properties/escapePattern=null, http://www.dbunit.org/properties/batchSize=100, http://www.dbunit.org/features/qualifiedTableNames=false, http://www.dbunit.org/properties/tableType=[Ljava.lang.String;@5011bafa, http://www.dbunit.org/properties/resultSetTableFactory=org.dbunit.database.CachedResultSetTableFactory@10bcf083, http://www.dbunit.org/features/datatypeWarning=true}]) - start
147074 [main] TRACE org.dbunit.database.DatabaseConfig  - getFeature(name=http://www.dbunit.org/features/qualifiedTableNames) - start
147074 [main] TRACE org.dbunit.database.DatabaseConfig  - getProperty(name=http://www.dbunit.org/features/qualifiedTableNames) - start
147074 [main] DEBUG org.dbunit.util.QualifiedTableName  - Qualified table names feature is disabled. Returning plain table name
147074 [main] DEBUG org.dbunit.util.QualifiedTableName  - getQualifiedName(prefix=null, name=USERS_AUTHORITIES, escapePattern=null) - start
147074 [main] DEBUG org.dbunit.database.search.AbstractMetaDataBasedSearchCallback  - newEdge(rs=org.apache.commons.dbcp.DelegatingResultSet@5f60817c, type=1, from=AUTHORITY, to=USERS_AUTHORITIES, fkColumn=AUTHORITY_ID, pkColumn=ID) - start
147074 [main] DEBUG org.dbunit.database.search.AbstractMetaDataBasedSearchCallback  - createFKEdge(rs=org.apache.commons.dbcp.DelegatingResultSet@5f60817c, type=1, from=AUTHORITY, to=USERS_AUTHORITIES, fkColumn=AUTHORITY_ID, pkColumn=ID) - start
147074 [main] DEBUG org.dbunit.database.search.AbstractMetaDataBasedSearchCallback  - Adding edge USERS_AUTHORITIES(AUTHORITY_ID)->AUTHORITY(ID)
147074 [main] DEBUG org.dbunit.util.search.Edge  - compareTo(o=USERS_AUTHORITIES(AUTHORITY_ID)->AUTHORITY(ID)) - start
147074 [main] DEBUG org.dbunit.util.SQLHelper  - close(resultSet=org.apache.commons.dbcp.DelegatingResultSet@5f60817c) - start
147074 [main] DEBUG org.dbunit.util.search.DepthFirstSearch  - search:AUTHORITY
147074 [main] DEBUG org.dbunit.util.search.DepthFirstSearch  - already searched; returning true
147074 [main] DEBUG org.dbunit.util.search.DepthFirstSearch  - Adding node AUTHORITY to the final result
147074 [main] DEBUG org.dbunit.util.CollectionsHelper  - setToStrings(set=[USERS_AUTHORITIES, AUTHORITY]) - start
147074 [main] DEBUG org.dbunit.database.search.TablesDependencyHelper  - getDirectDependsOnTables(connection=_databaseConfig=org.dbunit.database.DatabaseConfig[, _propertyMap={http://www.dbunit.org/properties/statementFactory=org.dbunit.database.statement.PreparedStatementFactory@626bc2b8, http://www.dbunit.org/features/caseSensitiveTableNames=false, http://www.dbunit.org/properties/fetchSize=100, http://www.dbunit.org/features/batchedStatements=false, http://www.dbunit.org/properties/metadataHandler=org.dbunit.database.DefaultMetadataHandler@3bbfdfde, http://www.dbunit.org/properties/datatypeFactory=org.dbunit.dataset.datatype.DefaultDataTypeFactory[_toleratedDeltaMap=org.dbunit.dataset.datatype.ToleratedDeltaMap@6452310a], http://www.dbunit.org/properties/escapePattern=null, http://www.dbunit.org/properties/batchSize=100, http://www.dbunit.org/features/qualifiedTableNames=false, http://www.dbunit.org/properties/tableType=[Ljava.lang.String;@5011bafa, http://www.dbunit.org/properties/resultSetTableFactory=org.dbunit.database.CachedResultSetTableFactory@10bcf083, http://www.dbunit.org/features/datatypeWarning=true}], _dataSet=AbstractDataSet[_orderedTableNameMap=null], tableName=AUTHORITY) - start
147074 [main] DEBUG org.dbunit.util.search.DepthFirstSearch  - search(nodesFrom=[AUTHORITY], callback=org.dbunit.database.search.ExportedKeysSearchCallback@3163af2f) - start
147074 [main] DEBUG org.dbunit.util.CollectionsHelper  - objectsToSet(objects=AUTHORITY) - start
147074 [main] DEBUG org.dbunit.util.search.DepthFirstSearch  - search(nodesFrom=[AUTHORITY], callback=org.dbunit.database.search.ExportedKeysSearchCallback@3163af2f) - start
147074 [main] DEBUG org.dbunit.util.search.DepthFirstSearch  - reverseSearch:AUTHORITY
147074 [main] DEBUG org.dbunit.database.search.ExportedKeysSearchCallback  - searchNode(node=AUTHORITY) - start
147074 [main] DEBUG org.dbunit.util.search.DepthFirstSearch  - Pushing (reverse) AUTHORITY
147074 [main] DEBUG org.dbunit.database.search.ExportedKeysSearchCallback  - getEdges(node=AUTHORITY) - start
147074 [main] DEBUG org.dbunit.database.search.AbstractMetaDataBasedSearchCallback  - getNodesFromExportedKeys(node=AUTHORITY) - start
147074 [main] DEBUG org.dbunit.database.search.AbstractMetaDataBasedSearchCallback  - getNodes(type=1, node=AUTHORITY) - start
147074 [main] DEBUG org.dbunit.database.DatabaseDataSourceConnection  - getConnection() - start
147075 [main] DEBUG org.dbunit.database.search.AbstractMetaDataBasedSearchCallback  - getNodes(type=1, node=AUTHORITY, conn=Transaction-aware proxy for target Connection [jdbc:hsqldb:mem:kontrollDS, UserName=sw, HSQL Database Engine Driver], schema=null, metaData=org.apache.commons.dbcp.DelegatingDatabaseMetaData@7824ffe, edges=[]) - start
147075 [main] DEBUG org.dbunit.database.search.AbstractMetaDataBasedSearchCallback  - Getting edges for node AUTHORITY
147075 [main] TRACE org.dbunit.database.DatabaseConfig  - getProperty(name=http://www.dbunit.org/properties/metadataHandler) - start
147075 [main] TRACE org.dbunit.database.DefaultMetadataHandler  - tableExists(metaData=org.apache.commons.dbcp.DelegatingDatabaseMetaData@7824ffe, schemaName=null, tableName=AUTHORITY) - start
147076 [main] DEBUG org.dbunit.util.SQLHelper  - close(resultSet=org.apache.commons.dbcp.DelegatingResultSet@571db570) - start
147076 [main] DEBUG org.dbunit.util.QualifiedTableName  - getQualifiedNameIfEnabled(config=org.dbunit.database.DatabaseConfig[, _propertyMap={http://www.dbunit.org/properties/statementFactory=org.dbunit.database.statement.PreparedStatementFactory@626bc2b8, http://www.dbunit.org/features/caseSensitiveTableNames=false, http://www.dbunit.org/properties/fetchSize=100, http://www.dbunit.org/features/batchedStatements=false, http://www.dbunit.org/properties/metadataHandler=org.dbunit.database.DefaultMetadataHandler@3bbfdfde, http://www.dbunit.org/properties/datatypeFactory=org.dbunit.dataset.datatype.DefaultDataTypeFactory[_toleratedDeltaMap=org.dbunit.dataset.datatype.ToleratedDeltaMap@6452310a], http://www.dbunit.org/properties/escapePattern=null, http://www.dbunit.org/properties/batchSize=100, http://www.dbunit.org/features/qualifiedTableNames=false, http://www.dbunit.org/properties/tableType=[Ljava.lang.String;@5011bafa, http://www.dbunit.org/properties/resultSetTableFactory=org.dbunit.database.CachedResultSetTableFactory@10bcf083, http://www.dbunit.org/features/datatypeWarning=true}]) - start
147076 [main] TRACE org.dbunit.database.DatabaseConfig  - getFeature(name=http://www.dbunit.org/features/qualifiedTableNames) - start
147076 [main] TRACE org.dbunit.database.DatabaseConfig  - getProperty(name=http://www.dbunit.org/features/qualifiedTableNames) - start
147076 [main] DEBUG org.dbunit.util.QualifiedTableName  - Qualified table names feature is disabled. Returning plain table name
147076 [main] DEBUG org.dbunit.util.QualifiedTableName  - getQualifiedName(prefix=null, name=AUTHORITY, escapePattern=null) - start
147076 [main] DEBUG org.dbunit.util.QualifiedTableName  - getQualifiedNameIfEnabled(config=org.dbunit.database.DatabaseConfig[, _propertyMap={http://www.dbunit.org/properties/statementFactory=org.dbunit.database.statement.PreparedStatementFactory@626bc2b8, http://www.dbunit.org/features/caseSensitiveTableNames=false, http://www.dbunit.org/properties/fetchSize=100, http://www.dbunit.org/features/batchedStatements=false, http://www.dbunit.org/properties/metadataHandler=org.dbunit.database.DefaultMetadataHandler@3bbfdfde, http://www.dbunit.org/properties/datatypeFactory=org.dbunit.dataset.datatype.DefaultDataTypeFactory[_toleratedDeltaMap=org.dbunit.dataset.datatype.ToleratedDeltaMap@6452310a], http://www.dbunit.org/properties/escapePattern=null, http://www.dbunit.org/properties/batchSize=100, http://www.dbunit.org/features/qualifiedTableNames=false, http://www.dbunit.org/properties/tableType=[Ljava.lang.String;@5011bafa, http://www.dbunit.org/properties/resultSetTableFactory=org.dbunit.database.CachedResultSetTableFactory@10bcf083, http://www.dbunit.org/features/datatypeWarning=true}]) - start
147076 [main] TRACE org.dbunit.database.DatabaseConfig  - getFeature(name=http://www.dbunit.org/features/qualifiedTableNames) - start
147076 [main] TRACE org.dbunit.database.DatabaseConfig  - getProperty(name=http://www.dbunit.org/features/qualifiedTableNames) - start
147076 [main] DEBUG org.dbunit.util.QualifiedTableName  - Qualified table names feature is disabled. Returning plain table name
147076 [main] DEBUG org.dbunit.util.QualifiedTableName  - getQualifiedName(prefix=null, name=USERS_AUTHORITIES, escapePattern=null) - start
147076 [main] DEBUG org.dbunit.database.search.AbstractMetaDataBasedSearchCallback  - newEdge(rs=org.apache.commons.dbcp.DelegatingResultSet@7528b2e6, type=1, from=AUTHORITY, to=USERS_AUTHORITIES, fkColumn=AUTHORITY_ID, pkColumn=ID) - start
147076 [main] DEBUG org.dbunit.database.search.AbstractMetaDataBasedSearchCallback  - createFKEdge(rs=org.apache.commons.dbcp.DelegatingResultSet@7528b2e6, type=1, from=AUTHORITY, to=USERS_AUTHORITIES, fkColumn=AUTHORITY_ID, pkColumn=ID) - start
147076 [main] DEBUG org.dbunit.database.search.AbstractMetaDataBasedSearchCallback  - Adding edge USERS_AUTHORITIES(AUTHORITY_ID)->AUTHORITY(ID)
147076 [main] DEBUG org.dbunit.util.search.Edge  - compareTo(o=USERS_AUTHORITIES(AUTHORITY_ID)->AUTHORITY(ID)) - start
147076 [main] DEBUG org.dbunit.util.SQLHelper  - close(resultSet=org.apache.commons.dbcp.DelegatingResultSet@7528b2e6) - start
147077 [main] DEBUG org.dbunit.util.search.DepthFirstSearch  - reverseSearch:USERS_AUTHORITIES
147077 [main] DEBUG org.dbunit.database.search.ExportedKeysSearchCallback  - searchNode(node=USERS_AUTHORITIES) - start
147077 [main] DEBUG org.dbunit.util.search.DepthFirstSearch  - Pushing (reverse) USERS_AUTHORITIES
147077 [main] DEBUG org.dbunit.database.search.ExportedKeysSearchCallback  - getEdges(node=USERS_AUTHORITIES) - start
147077 [main] DEBUG org.dbunit.database.search.AbstractMetaDataBasedSearchCallback  - getNodesFromExportedKeys(node=USERS_AUTHORITIES) - start
147077 [main] DEBUG org.dbunit.database.search.AbstractMetaDataBasedSearchCallback  - getNodes(type=1, node=USERS_AUTHORITIES) - start
147077 [main] DEBUG org.dbunit.database.DatabaseDataSourceConnection  - getConnection() - start
147077 [main] DEBUG org.dbunit.database.search.AbstractMetaDataBasedSearchCallback  - getNodes(type=1, node=USERS_AUTHORITIES, conn=Transaction-aware proxy for target Connection [jdbc:hsqldb:mem:kontrollDS, UserName=sw, HSQL Database Engine Driver], schema=null, metaData=org.apache.commons.dbcp.DelegatingDatabaseMetaData@42f95621, edges=[]) - start
147077 [main] DEBUG org.dbunit.database.search.AbstractMetaDataBasedSearchCallback  - Getting edges for node USERS_AUTHORITIES
147077 [main] TRACE org.dbunit.database.DatabaseConfig  - getProperty(name=http://www.dbunit.org/properties/metadataHandler) - start
147077 [main] TRACE org.dbunit.database.DefaultMetadataHandler  - tableExists(metaData=org.apache.commons.dbcp.DelegatingDatabaseMetaData@42f95621, schemaName=null, tableName=USERS_AUTHORITIES) - start
147078 [main] DEBUG org.dbunit.util.SQLHelper  - close(resultSet=org.apache.commons.dbcp.DelegatingResultSet@22a2d188) - start
147078 [main] DEBUG org.dbunit.util.SQLHelper  - close(resultSet=org.apache.commons.dbcp.DelegatingResultSet@2afe6362) - start
147078 [main] DEBUG org.dbunit.util.search.DepthFirstSearch  - search:USERS_AUTHORITIES
147078 [main] DEBUG org.dbunit.database.search.ExportedKeysSearchCallback  - searchNode(node=USERS_AUTHORITIES) - start
147078 [main] DEBUG org.dbunit.util.search.DepthFirstSearch  - Pushing USERS_AUTHORITIES
147078 [main] DEBUG org.dbunit.database.search.ExportedKeysSearchCallback  - getEdges(node=USERS_AUTHORITIES) - start
147078 [main] DEBUG org.dbunit.database.search.AbstractMetaDataBasedSearchCallback  - getNodesFromExportedKeys(node=USERS_AUTHORITIES) - start
147078 [main] DEBUG org.dbunit.database.search.AbstractMetaDataBasedSearchCallback  - getNodes(type=1, node=USERS_AUTHORITIES) - start
147078 [main] DEBUG org.dbunit.database.DatabaseDataSourceConnection  - getConnection() - start
147079 [main] DEBUG org.dbunit.database.search.AbstractMetaDataBasedSearchCallback  - getNodes(type=1, node=USERS_AUTHORITIES, conn=Transaction-aware proxy for target Connection [jdbc:hsqldb:mem:kontrollDS, UserName=sw, HSQL Database Engine Driver], schema=null, metaData=org.apache.commons.dbcp.DelegatingDatabaseMetaData@232eccfb, edges=[]) - start
147079 [main] DEBUG org.dbunit.database.search.AbstractMetaDataBasedSearchCallback  - Getting edges for node USERS_AUTHORITIES
147079 [main] TRACE org.dbunit.database.DatabaseConfig  - getProperty(name=http://www.dbunit.org/properties/metadataHandler) - start
147079 [main] TRACE org.dbunit.database.DefaultMetadataHandler  - tableExists(metaData=org.apache.commons.dbcp.DelegatingDatabaseMetaData@232eccfb, schemaName=null, tableName=USERS_AUTHORITIES) - start
147080 [main] DEBUG org.dbunit.util.SQLHelper  - close(resultSet=org.apache.commons.dbcp.DelegatingResultSet@47f2925c) - start
147080 [main] DEBUG org.dbunit.util.SQLHelper  - close(resultSet=org.apache.commons.dbcp.DelegatingResultSet@52e35d95) - start
147080 [main] DEBUG org.dbunit.util.search.DepthFirstSearch  - Adding node USERS_AUTHORITIES to the final result
147080 [main] DEBUG org.dbunit.util.search.DepthFirstSearch  - search:AUTHORITY
147080 [main] DEBUG org.dbunit.database.search.ExportedKeysSearchCallback  - searchNode(node=AUTHORITY) - start
147080 [main] DEBUG org.dbunit.util.search.DepthFirstSearch  - Pushing AUTHORITY
147080 [main] DEBUG org.dbunit.database.search.ExportedKeysSearchCallback  - getEdges(node=AUTHORITY) - start
147080 [main] DEBUG org.dbunit.database.search.AbstractMetaDataBasedSearchCallback  - getNodesFromExportedKeys(node=AUTHORITY) - start
147080 [main] DEBUG org.dbunit.database.search.AbstractMetaDataBasedSearchCallback  - getNodes(type=1, node=AUTHORITY) - start
147080 [main] DEBUG org.dbunit.database.DatabaseDataSourceConnection  - getConnection() - start
147080 [main] DEBUG org.dbunit.database.search.AbstractMetaDataBasedSearchCallback  - getNodes(type=1, node=AUTHORITY, conn=Transaction-aware proxy for target Connection [jdbc:hsqldb:mem:kontrollDS, UserName=sw, HSQL Database Engine Driver], schema=null, metaData=org.apache.commons.dbcp.DelegatingDatabaseMetaData@4d150bb6, edges=[]) - start
147080 [main] DEBUG org.dbunit.database.search.AbstractMetaDataBasedSearchCallback  - Getting edges for node AUTHORITY
147080 [main] TRACE org.dbunit.database.DatabaseConfig  - getProperty(name=http://www.dbunit.org/properties/metadataHandler) - start
147080 [main] TRACE org.dbunit.database.DefaultMetadataHandler  - tableExists(metaData=org.apache.commons.dbcp.DelegatingDatabaseMetaData@4d150bb6, schemaName=null, tableName=AUTHORITY) - start
147081 [main] DEBUG org.dbunit.util.SQLHelper  - close(resultSet=org.apache.commons.dbcp.DelegatingResultSet@9bee67b) - start
147082 [main] DEBUG org.dbunit.util.QualifiedTableName  - getQualifiedNameIfEnabled(config=org.dbunit.database.DatabaseConfig[, _propertyMap={http://www.dbunit.org/properties/statementFactory=org.dbunit.database.statement.PreparedStatementFactory@626bc2b8, http://www.dbunit.org/features/caseSensitiveTableNames=false, http://www.dbunit.org/properties/fetchSize=100, http://www.dbunit.org/features/batchedStatements=false, http://www.dbunit.org/properties/metadataHandler=org.dbunit.database.DefaultMetadataHandler@3bbfdfde, http://www.dbunit.org/properties/datatypeFactory=org.dbunit.dataset.datatype.DefaultDataTypeFactory[_toleratedDeltaMap=org.dbunit.dataset.datatype.ToleratedDeltaMap@6452310a], http://www.dbunit.org/properties/escapePattern=null, http://www.dbunit.org/properties/batchSize=100, http://www.dbunit.org/features/qualifiedTableNames=false, http://www.dbunit.org/properties/tableType=[Ljava.lang.String;@5011bafa, http://www.dbunit.org/properties/resultSetTableFactory=org.dbunit.database.CachedResultSetTableFactory@10bcf083, http://www.dbunit.org/features/datatypeWarning=true}]) - start
147082 [main] TRACE org.dbunit.database.DatabaseConfig  - getFeature(name=http://www.dbunit.org/features/qualifiedTableNames) - start
147082 [main] TRACE org.dbunit.database.DatabaseConfig  - getProperty(name=http://www.dbunit.org/features/qualifiedTableNames) - start
147082 [main] DEBUG org.dbunit.util.QualifiedTableName  - Qualified table names feature is disabled. Returning plain table name
147082 [main] DEBUG org.dbunit.util.QualifiedTableName  - getQualifiedName(prefix=null, name=AUTHORITY, escapePattern=null) - start
147082 [main] DEBUG org.dbunit.util.QualifiedTableName  - getQualifiedNameIfEnabled(config=org.dbunit.database.DatabaseConfig[, _propertyMap={http://www.dbunit.org/properties/statementFactory=org.dbunit.database.statement.PreparedStatementFactory@626bc2b8, http://www.dbunit.org/features/caseSensitiveTableNames=false, http://www.dbunit.org/properties/fetchSize=100, http://www.dbunit.org/features/batchedStatements=false, http://www.dbunit.org/properties/metadataHandler=org.dbunit.database.DefaultMetadataHandler@3bbfdfde, http://www.dbunit.org/properties/datatypeFactory=org.dbunit.dataset.datatype.DefaultDataTypeFactory[_toleratedDeltaMap=org.dbunit.dataset.datatype.ToleratedDeltaMap@6452310a], http://www.dbunit.org/properties/escapePattern=null, http://www.dbunit.org/properties/batchSize=100, http://www.dbunit.org/features/qualifiedTableNames=false, http://www.dbunit.org/properties/tableType=[Ljava.lang.String;@5011bafa, http://www.dbunit.org/properties/resultSetTableFactory=org.dbunit.database.CachedResultSetTableFactory@10bcf083, http://www.dbunit.org/features/datatypeWarning=true}]) - start
147082 [main] TRACE org.dbunit.database.DatabaseConfig  - getFeature(name=http://www.dbunit.org/features/qualifiedTableNames) - start
147082 [main] TRACE org.dbunit.database.DatabaseConfig  - getProperty(name=http://www.dbunit.org/features/qualifiedTableNames) - start
147082 [main] DEBUG org.dbunit.util.QualifiedTableName  - Qualified table names feature is disabled. Returning plain table name
147082 [main] DEBUG org.dbunit.util.QualifiedTableName  - getQualifiedName(prefix=null, name=USERS_AUTHORITIES, escapePattern=null) - start
147082 [main] DEBUG org.dbunit.database.search.AbstractMetaDataBasedSearchCallback  - newEdge(rs=org.apache.commons.dbcp.DelegatingResultSet@49090440, type=1, from=AUTHORITY, to=USERS_AUTHORITIES, fkColumn=AUTHORITY_ID, pkColumn=ID) - start
147082 [main] DEBUG org.dbunit.database.search.AbstractMetaDataBasedSearchCallback  - createFKEdge(rs=org.apache.commons.dbcp.DelegatingResultSet@49090440, type=1, from=AUTHORITY, to=USERS_AUTHORITIES, fkColumn=AUTHORITY_ID, pkColumn=ID) - start
147082 [main] DEBUG org.dbunit.database.search.AbstractMetaDataBasedSearchCallback  - Adding edge USERS_AUTHORITIES(AUTHORITY_ID)->AUTHORITY(ID)
147082 [main] DEBUG org.dbunit.util.search.Edge  - compareTo(o=USERS_AUTHORITIES(AUTHORITY_ID)->AUTHORITY(ID)) - start
147082 [main] DEBUG org.dbunit.util.SQLHelper  - close(resultSet=org.apache.commons.dbcp.DelegatingResultSet@49090440) - start
147082 [main] DEBUG org.dbunit.util.search.DepthFirstSearch  - search:AUTHORITY
147082 [main] DEBUG org.dbunit.util.search.DepthFirstSearch  - already searched; returning true
147082 [main] DEBUG org.dbunit.util.search.DepthFirstSearch  - Adding node AUTHORITY to the final result
147082 [main] DEBUG org.dbunit.database.search.TablesDependencyHelper  - getDirectDependentTables(connection=_databaseConfig=org.dbunit.database.DatabaseConfig[, _propertyMap={http://www.dbunit.org/properties/statementFactory=org.dbunit.database.statement.PreparedStatementFactory@626bc2b8, http://www.dbunit.org/features/caseSensitiveTableNames=false, http://www.dbunit.org/properties/fetchSize=100, http://www.dbunit.org/features/batchedStatements=false, http://www.dbunit.org/properties/metadataHandler=org.dbunit.database.DefaultMetadataHandler@3bbfdfde, http://www.dbunit.org/properties/datatypeFactory=org.dbunit.dataset.datatype.DefaultDataTypeFactory[_toleratedDeltaMap=org.dbunit.dataset.datatype.ToleratedDeltaMap@6452310a], http://www.dbunit.org/properties/escapePattern=null, http://www.dbunit.org/properties/batchSize=100, http://www.dbunit.org/features/qualifiedTableNames=false, http://www.dbunit.org/properties/tableType=[Ljava.lang.String;@5011bafa, http://www.dbunit.org/properties/resultSetTableFactory=org.dbunit.database.CachedResultSetTableFactory@10bcf083, http://www.dbunit.org/features/datatypeWarning=true}], _dataSet=AbstractDataSet[_orderedTableNameMap=null], tableName=AUTHORITY) - start
147082 [main] DEBUG org.dbunit.util.search.DepthFirstSearch  - search(nodesFrom=[AUTHORITY], callback=org.dbunit.database.search.ImportedKeysSearchCallback@638edd7c) - start
147082 [main] DEBUG org.dbunit.util.CollectionsHelper  - objectsToSet(objects=AUTHORITY) - start
147083 [main] DEBUG org.dbunit.util.search.DepthFirstSearch  - search(nodesFrom=[AUTHORITY], callback=org.dbunit.database.search.ImportedKeysSearchCallback@638edd7c) - start
147083 [main] DEBUG org.dbunit.util.search.DepthFirstSearch  - reverseSearch:AUTHORITY
147083 [main] DEBUG org.dbunit.database.search.ImportedKeysSearchCallback  - searchNode(node=AUTHORITY) - start
147083 [main] DEBUG org.dbunit.util.search.DepthFirstSearch  - Pushing (reverse) AUTHORITY
147083 [main] DEBUG org.dbunit.database.search.ImportedKeysSearchCallback  - getEdges(node=AUTHORITY) - start
147083 [main] DEBUG org.dbunit.database.search.AbstractMetaDataBasedSearchCallback  - getNodesFromImportedKeys(node=AUTHORITY) - start
147083 [main] DEBUG org.dbunit.database.search.AbstractMetaDataBasedSearchCallback  - getNodes(type=0, node=AUTHORITY) - start
147083 [main] DEBUG org.dbunit.database.DatabaseDataSourceConnection  - getConnection() - start
147083 [main] DEBUG org.dbunit.database.search.AbstractMetaDataBasedSearchCallback  - getNodes(type=0, node=AUTHORITY, conn=Transaction-aware proxy for target Connection [jdbc:hsqldb:mem:kontrollDS, UserName=sw, HSQL Database Engine Driver], schema=null, metaData=org.apache.commons.dbcp.DelegatingDatabaseMetaData@386f2af4, edges=[]) - start
147083 [main] DEBUG org.dbunit.database.search.AbstractMetaDataBasedSearchCallback  - Getting edges for node AUTHORITY
147083 [main] TRACE org.dbunit.database.DatabaseConfig  - getProperty(name=http://www.dbunit.org/properties/metadataHandler) - start
147083 [main] TRACE org.dbunit.database.DefaultMetadataHandler  - tableExists(metaData=org.apache.commons.dbcp.DelegatingDatabaseMetaData@386f2af4, schemaName=null, tableName=AUTHORITY) - start
147084 [main] DEBUG org.dbunit.util.SQLHelper  - close(resultSet=org.apache.commons.dbcp.DelegatingResultSet@7fc710ea) - start
147084 [main] DEBUG org.dbunit.util.SQLHelper  - close(resultSet=org.apache.commons.dbcp.DelegatingResultSet@38a6ae0e) - start
147084 [main] DEBUG org.dbunit.util.search.DepthFirstSearch  - search:AUTHORITY
147084 [main] DEBUG org.dbunit.database.search.ImportedKeysSearchCallback  - searchNode(node=AUTHORITY) - start
147084 [main] DEBUG org.dbunit.util.search.DepthFirstSearch  - Pushing AUTHORITY
147084 [main] DEBUG org.dbunit.database.search.ImportedKeysSearchCallback  - getEdges(node=AUTHORITY) - start
147084 [main] DEBUG org.dbunit.database.search.AbstractMetaDataBasedSearchCallback  - getNodesFromImportedKeys(node=AUTHORITY) - start
147084 [main] DEBUG org.dbunit.database.search.AbstractMetaDataBasedSearchCallback  - getNodes(type=0, node=AUTHORITY) - start
147084 [main] DEBUG org.dbunit.database.DatabaseDataSourceConnection  - getConnection() - start
147085 [main] DEBUG org.dbunit.database.search.AbstractMetaDataBasedSearchCallback  - getNodes(type=0, node=AUTHORITY, conn=Transaction-aware proxy for target Connection [jdbc:hsqldb:mem:kontrollDS, UserName=sw, HSQL Database Engine Driver], schema=null, metaData=org.apache.commons.dbcp.DelegatingDatabaseMetaData@46ed3630, edges=[]) - start
147085 [main] DEBUG org.dbunit.database.search.AbstractMetaDataBasedSearchCallback  - Getting edges for node AUTHORITY
147085 [main] TRACE org.dbunit.database.DatabaseConfig  - getProperty(name=http://www.dbunit.org/properties/metadataHandler) - start
147085 [main] TRACE org.dbunit.database.DefaultMetadataHandler  - tableExists(metaData=org.apache.commons.dbcp.DelegatingDatabaseMetaData@46ed3630, schemaName=null, tableName=AUTHORITY) - start
147086 [main] DEBUG org.dbunit.util.SQLHelper  - close(resultSet=org.apache.commons.dbcp.DelegatingResultSet@590b3f35) - start
147086 [main] DEBUG org.dbunit.util.SQLHelper  - close(resultSet=org.apache.commons.dbcp.DelegatingResultSet@11ecf29a) - start
147086 [main] DEBUG org.dbunit.util.search.DepthFirstSearch  - Adding node AUTHORITY to the final result
147086 [main] DEBUG org.dbunit.database.DatabaseSequenceFilter  - getDependencyInfo(connection=_databaseConfig=org.dbunit.database.DatabaseConfig[, _propertyMap={http://www.dbunit.org/properties/statementFactory=org.dbunit.database.statement.PreparedStatementFactory@626bc2b8, http://www.dbunit.org/features/caseSensitiveTableNames=false, http://www.dbunit.org/properties/fetchSize=100, http://www.dbunit.org/features/batchedStatements=false, http://www.dbunit.org/properties/metadataHandler=org.dbunit.database.DefaultMetadataHandler@3bbfdfde, http://www.dbunit.org/properties/datatypeFactory=org.dbunit.dataset.datatype.DefaultDataTypeFactory[_toleratedDeltaMap=org.dbunit.dataset.datatype.ToleratedDeltaMap@6452310a], http://www.dbunit.org/properties/escapePattern=null, http://www.dbunit.org/properties/batchSize=100, http://www.dbunit.org/features/qualifiedTableNames=false, http://www.dbunit.org/properties/tableType=[Ljava.lang.String;@5011bafa, http://www.dbunit.org/properties/resultSetTableFactory=org.dbunit.database.CachedResultSetTableFactory@10bcf083, http://www.dbunit.org/features/datatypeWarning=true}], _dataSet=AbstractDataSet[_orderedTableNameMap=null], tableName=CAPTION) - start
147086 [main] DEBUG org.dbunit.database.search.TablesDependencyHelper  - getDependentTables(connection=_databaseConfig=org.dbunit.database.DatabaseConfig[, _propertyMap={http://www.dbunit.org/properties/statementFactory=org.dbunit.database.statement.PreparedStatementFactory@626bc2b8, http://www.dbunit.org/features/caseSensitiveTableNames=false, http://www.dbunit.org/properties/fetchSize=100, http://www.dbunit.org/features/batchedStatements=false, http://www.dbunit.org/properties/metadataHandler=org.dbunit.database.DefaultMetadataHandler@3bbfdfde, http://www.dbunit.org/properties/datatypeFactory=org.dbunit.dataset.datatype.DefaultDataTypeFactory[_toleratedDeltaMap=org.dbunit.dataset.datatype.ToleratedDeltaMap@6452310a], http://www.dbunit.org/properties/escapePattern=null, http://www.dbunit.org/properties/batchSize=100, http://www.dbunit.org/features/qualifiedTableNames=false, http://www.dbunit.org/properties/tableType=[Ljava.lang.String;@5011bafa, http://www.dbunit.org/properties/resultSetTableFactory=org.dbunit.database.CachedResultSetTableFactory@10bcf083, http://www.dbunit.org/features/datatypeWarning=true}], _dataSet=AbstractDataSet[_orderedTableNameMap=null], rootTable=CAPTION) - start
147086 [main] DEBUG org.dbunit.database.search.TablesDependencyHelper  - getDependentTables(connection=_databaseConfig=org.dbunit.database.DatabaseConfig[, _propertyMap={http://www.dbunit.org/properties/statementFactory=org.dbunit.database.statement.PreparedStatementFactory@626bc2b8, http://www.dbunit.org/features/caseSensitiveTableNames=false, http://www.dbunit.org/properties/fetchSize=100, http://www.dbunit.org/features/batchedStatements=false, http://www.dbunit.org/properties/metadataHandler=org.dbunit.database.DefaultMetadataHandler@3bbfdfde, http://www.dbunit.org/properties/datatypeFactory=org.dbunit.dataset.datatype.DefaultDataTypeFactory[_toleratedDeltaMap=org.dbunit.dataset.datatype.ToleratedDeltaMap@6452310a], http://www.dbunit.org/properties/escapePattern=null, http://www.dbunit.org/properties/batchSize=100, http://www.dbunit.org/features/qualifiedTableNames=false, http://www.dbunit.org/properties/tableType=[Ljava.lang.String;@5011bafa, http://www.dbunit.org/properties/resultSetTableFactory=org.dbunit.database.CachedResultSetTableFactory@10bcf083, http://www.dbunit.org/features/datatypeWarning=true}], _dataSet=AbstractDataSet[_orderedTableNameMap=null], rootTables=[CAPTION]) - start
147086 [main] DEBUG org.dbunit.util.search.DepthFirstSearch  - search(nodesFrom=[CAPTION], callback=org.dbunit.database.search.ImportedKeysSearchCallback@7e1ee5b3) - start
147086 [main] DEBUG org.dbunit.util.CollectionsHelper  - objectsToSet(objects=CAPTION) - start
147086 [main] DEBUG org.dbunit.util.search.DepthFirstSearch  - search(nodesFrom=[CAPTION], callback=org.dbunit.database.search.ImportedKeysSearchCallback@7e1ee5b3) - start
147086 [main] DEBUG org.dbunit.util.search.DepthFirstSearch  - reverseSearch:CAPTION
147086 [main] DEBUG org.dbunit.database.search.ImportedKeysSearchCallback  - searchNode(node=CAPTION) - start
147086 [main] DEBUG org.dbunit.util.search.DepthFirstSearch  - Pushing (reverse) CAPTION
147086 [main] DEBUG org.dbunit.database.search.ImportedKeysSearchCallback  - getEdges(node=CAPTION) - start
147086 [main] DEBUG org.dbunit.database.search.AbstractMetaDataBasedSearchCallback  - getNodesFromImportedKeys(node=CAPTION) - start
147086 [main] DEBUG org.dbunit.database.search.AbstractMetaDataBasedSearchCallback  - getNodes(type=0, node=CAPTION) - start
147087 [main] DEBUG org.dbunit.database.DatabaseDataSourceConnection  - getConnection() - start
147087 [main] DEBUG org.dbunit.database.search.AbstractMetaDataBasedSearchCallback  - getNodes(type=0, node=CAPTION, conn=Transaction-aware proxy for target Connection [jdbc:hsqldb:mem:kontrollDS, UserName=sw, HSQL Database Engine Driver], schema=null, metaData=org.apache.commons.dbcp.DelegatingDatabaseMetaData@1e7a8b75, edges=[]) - start
147087 [main] DEBUG org.dbunit.database.search.AbstractMetaDataBasedSearchCallback  - Getting edges for node CAPTION
147087 [main] TRACE org.dbunit.database.DatabaseConfig  - getProperty(name=http://www.dbunit.org/properties/metadataHandler) - start
147087 [main] TRACE org.dbunit.database.DefaultMetadataHandler  - tableExists(metaData=org.apache.commons.dbcp.DelegatingDatabaseMetaData@1e7a8b75, schemaName=null, tableName=CAPTION) - start
147088 [main] DEBUG org.dbunit.util.SQLHelper  - close(resultSet=org.apache.commons.dbcp.DelegatingResultSet@5cc61f7d) - start
147088 [main] DEBUG org.dbunit.util.SQLHelper  - close(resultSet=org.apache.commons.dbcp.DelegatingResultSet@68580091) - start
147088 [main] DEBUG org.dbunit.util.search.DepthFirstSearch  - search:CAPTION
147088 [main] DEBUG org.dbunit.database.search.ImportedKeysSearchCallback  - searchNode(node=CAPTION) - start
147088 [main] DEBUG org.dbunit.util.search.DepthFirstSearch  - Pushing CAPTION
147088 [main] DEBUG org.dbunit.database.search.ImportedKeysSearchCallback  - getEdges(node=CAPTION) - start
147088 [main] DEBUG org.dbunit.database.search.AbstractMetaDataBasedSearchCallback  - getNodesFromImportedKeys(node=CAPTION) - start
147088 [main] DEBUG org.dbunit.database.search.AbstractMetaDataBasedSearchCallback  - getNodes(type=0, node=CAPTION) - start
147088 [main] DEBUG org.dbunit.database.DatabaseDataSourceConnection  - getConnection() - start
147088 [main] DEBUG org.dbunit.database.search.AbstractMetaDataBasedSearchCallback  - getNodes(type=0, node=CAPTION, conn=Transaction-aware proxy for target Connection [jdbc:hsqldb:mem:kontrollDS, UserName=sw, HSQL Database Engine Driver], schema=null, metaData=org.apache.commons.dbcp.DelegatingDatabaseMetaData@698d651b, edges=[]) - start
147088 [main] DEBUG org.dbunit.database.search.AbstractMetaDataBasedSearchCallback  - Getting edges for node CAPTION
147088 [main] TRACE org.dbunit.database.DatabaseConfig  - getProperty(name=http://www.dbunit.org/properties/metadataHandler) - start
147088 [main] TRACE org.dbunit.database.DefaultMetadataHandler  - tableExists(metaData=org.apache.commons.dbcp.DelegatingDatabaseMetaData@698d651b, schemaName=null, tableName=CAPTION) - start
147089 [main] DEBUG org.dbunit.util.SQLHelper  - close(resultSet=org.apache.commons.dbcp.DelegatingResultSet@2978a20e) - start
147090 [main] DEBUG org.dbunit.util.SQLHelper  - close(resultSet=org.apache.commons.dbcp.DelegatingResultSet@3c703837) - start
147090 [main] DEBUG org.dbunit.util.search.DepthFirstSearch  - Adding node CAPTION to the final result
147090 [main] DEBUG org.dbunit.util.CollectionsHelper  - setToStrings(set=[CAPTION]) - start
147090 [main] DEBUG org.dbunit.database.search.TablesDependencyHelper  - getDependsOnTables(connection=_databaseConfig=org.dbunit.database.DatabaseConfig[, _propertyMap={http://www.dbunit.org/properties/statementFactory=org.dbunit.database.statement.PreparedStatementFactory@626bc2b8, http://www.dbunit.org/features/caseSensitiveTableNames=false, http://www.dbunit.org/properties/fetchSize=100, http://www.dbunit.org/features/batchedStatements=false, http://www.dbunit.org/properties/metadataHandler=org.dbunit.database.DefaultMetadataHandler@3bbfdfde, http://www.dbunit.org/properties/datatypeFactory=org.dbunit.dataset.datatype.DefaultDataTypeFactory[_toleratedDeltaMap=org.dbunit.dataset.datatype.ToleratedDeltaMap@6452310a], http://www.dbunit.org/properties/escapePattern=null, http://www.dbunit.org/properties/batchSize=100, http://www.dbunit.org/features/qualifiedTableNames=false, http://www.dbunit.org/properties/tableType=[Ljava.lang.String;@5011bafa, http://www.dbunit.org/properties/resultSetTableFactory=org.dbunit.database.CachedResultSetTableFactory@10bcf083, http://www.dbunit.org/features/datatypeWarning=true}], _dataSet=AbstractDataSet[_orderedTableNameMap=null], rootTable=CAPTION) - start
147090 [main] DEBUG org.dbunit.util.search.DepthFirstSearch  - search(nodesFrom=[CAPTION], callback=org.dbunit.database.search.ExportedKeysSearchCallback@484e9040) - start
147090 [main] DEBUG org.dbunit.util.CollectionsHelper  - objectsToSet(objects=CAPTION) - start
147090 [main] DEBUG org.dbunit.util.search.DepthFirstSearch  - search(nodesFrom=[CAPTION], callback=org.dbunit.database.search.ExportedKeysSearchCallback@484e9040) - start
147090 [main] DEBUG org.dbunit.util.search.DepthFirstSearch  - reverseSearch:CAPTION
147090 [main] DEBUG org.dbunit.database.search.ExportedKeysSearchCallback  - searchNode(node=CAPTION) - start
147090 [main] DEBUG org.dbunit.util.search.DepthFirstSearch  - Pushing (reverse) CAPTION
147090 [main] DEBUG org.dbunit.database.search.ExportedKeysSearchCallback  - getEdges(node=CAPTION) - start
147090 [main] DEBUG org.dbunit.database.search.AbstractMetaDataBasedSearchCallback  - getNodesFromExportedKeys(node=CAPTION) - start
147090 [main] DEBUG org.dbunit.database.search.AbstractMetaDataBasedSearchCallback  - getNodes(type=1, node=CAPTION) - start
147090 [main] DEBUG org.dbunit.database.DatabaseDataSourceConnection  - getConnection() - start
147090 [main] DEBUG org.dbunit.database.search.AbstractMetaDataBasedSearchCallback  - getNodes(type=1, node=CAPTION, conn=Transaction-aware proxy for target Connection [jdbc:hsqldb:mem:kontrollDS, UserName=sw, HSQL Database Engine Driver], schema=null, metaData=org.apache.commons.dbcp.DelegatingDatabaseMetaData@1de07ed6, edges=[]) - start
147090 [main] DEBUG org.dbunit.database.search.AbstractMetaDataBasedSearchCallback  - Getting edges for node CAPTION
147090 [main] TRACE org.dbunit.database.DatabaseConfig  - getProperty(name=http://www.dbunit.org/properties/metadataHandler) - start
147090 [main] TRACE org.dbunit.database.DefaultMetadataHandler  - tableExists(metaData=org.apache.commons.dbcp.DelegatingDatabaseMetaData@1de07ed6, schemaName=null, tableName=CAPTION) - start
147091 [main] DEBUG org.dbunit.util.SQLHelper  - close(resultSet=org.apache.commons.dbcp.DelegatingResultSet@67e5f466) - start
147092 [main] DEBUG org.dbunit.util.SQLHelper  - close(resultSet=org.apache.commons.dbcp.DelegatingResultSet@23c8d2df) - start
147092 [main] DEBUG org.dbunit.util.search.DepthFirstSearch  - search:CAPTION
147092 [main] DEBUG org.dbunit.database.search.ExportedKeysSearchCallback  - searchNode(node=CAPTION) - start
147092 [main] DEBUG org.dbunit.util.search.DepthFirstSearch  - Pushing CAPTION
147092 [main] DEBUG org.dbunit.database.search.ExportedKeysSearchCallback  - getEdges(node=CAPTION) - start
147092 [main] DEBUG org.dbunit.database.search.AbstractMetaDataBasedSearchCallback  - getNodesFromExportedKeys(node=CAPTION) - start
147092 [main] DEBUG org.dbunit.database.search.AbstractMetaDataBasedSearchCallback  - getNodes(type=1, node=CAPTION) - start
147092 [main] DEBUG org.dbunit.database.DatabaseDataSourceConnection  - getConnection() - start
147092 [main] DEBUG org.dbunit.database.search.AbstractMetaDataBasedSearchCallback  - getNodes(type=1, node=CAPTION, conn=Transaction-aware proxy for target Connection [jdbc:hsqldb:mem:kontrollDS, UserName=sw, HSQL Database Engine Driver], schema=null, metaData=org.apache.commons.dbcp.DelegatingDatabaseMetaData@558c40d3, edges=[]) - start
147092 [main] DEBUG org.dbunit.database.search.AbstractMetaDataBasedSearchCallback  - Getting edges for node CAPTION
147092 [main] TRACE org.dbunit.database.DatabaseConfig  - getProperty(name=http://www.dbunit.org/properties/metadataHandler) - start
147092 [main] TRACE org.dbunit.database.DefaultMetadataHandler  - tableExists(metaData=org.apache.commons.dbcp.DelegatingDatabaseMetaData@558c40d3, schemaName=null, tableName=CAPTION) - start
147093 [main] DEBUG org.dbunit.util.SQLHelper  - close(resultSet=org.apache.commons.dbcp.DelegatingResultSet@3b5b8a9e) - start
147093 [main] DEBUG org.dbunit.util.SQLHelper  - close(resultSet=org.apache.commons.dbcp.DelegatingResultSet@66781472) - start
147093 [main] DEBUG org.dbunit.util.search.DepthFirstSearch  - Adding node CAPTION to the final result
147093 [main] DEBUG org.dbunit.util.CollectionsHelper  - setToStrings(set=[CAPTION]) - start
147093 [main] DEBUG org.dbunit.database.search.TablesDependencyHelper  - getDirectDependsOnTables(connection=_databaseConfig=org.dbunit.database.DatabaseConfig[, _propertyMap={http://www.dbunit.org/properties/statementFactory=org.dbunit.database.statement.PreparedStatementFactory@626bc2b8, http://www.dbunit.org/features/caseSensitiveTableNames=false, http://www.dbunit.org/properties/fetchSize=100, http://www.dbunit.org/features/batchedStatements=false, http://www.dbunit.org/properties/metadataHandler=org.dbunit.database.DefaultMetadataHandler@3bbfdfde, http://www.dbunit.org/properties/datatypeFactory=org.dbunit.dataset.datatype.DefaultDataTypeFactory[_toleratedDeltaMap=org.dbunit.dataset.datatype.ToleratedDeltaMap@6452310a], http://www.dbunit.org/properties/escapePattern=null, http://www.dbunit.org/properties/batchSize=100, http://www.dbunit.org/features/qualifiedTableNames=false, http://www.dbunit.org/properties/tableType=[Ljava.lang.String;@5011bafa, http://www.dbunit.org/properties/resultSetTableFactory=org.dbunit.database.CachedResultSetTableFactory@10bcf083, http://www.dbunit.org/features/datatypeWarning=true}], _dataSet=AbstractDataSet[_orderedTableNameMap=null], tableName=CAPTION) - start
147093 [main] DEBUG org.dbunit.util.search.DepthFirstSearch  - search(nodesFrom=[CAPTION], callback=org.dbunit.database.search.ExportedKeysSearchCallback@707395d1) - start
147094 [main] DEBUG org.dbunit.util.CollectionsHelper  - objectsToSet(objects=CAPTION) - start
147094 [main] DEBUG org.dbunit.util.search.DepthFirstSearch  - search(nodesFrom=[CAPTION], callback=org.dbunit.database.search.ExportedKeysSearchCallback@707395d1) - start
147094 [main] DEBUG org.dbunit.util.search.DepthFirstSearch  - reverseSearch:CAPTION
147094 [main] DEBUG org.dbunit.database.search.ExportedKeysSearchCallback  - searchNode(node=CAPTION) - start
147094 [main] DEBUG org.dbunit.util.search.DepthFirstSearch  - Pushing (reverse) CAPTION
147094 [main] DEBUG org.dbunit.database.search.ExportedKeysSearchCallback  - getEdges(node=CAPTION) - start
147094 [main] DEBUG org.dbunit.database.search.AbstractMetaDataBasedSearchCallback  - getNodesFromExportedKeys(node=CAPTION) - start
147094 [main] DEBUG org.dbunit.database.search.AbstractMetaDataBasedSearchCallback  - getNodes(type=1, node=CAPTION) - start
147094 [main] DEBUG org.dbunit.database.DatabaseDataSourceConnection  - getConnection() - start
147094 [main] DEBUG org.dbunit.database.search.AbstractMetaDataBasedSearchCallback  - getNodes(type=1, node=CAPTION, conn=Transaction-aware proxy for target Connection [jdbc:hsqldb:mem:kontrollDS, UserName=sw, HSQL Database Engine Driver], schema=null, metaData=org.apache.commons.dbcp.DelegatingDatabaseMetaData@34710604, edges=[]) - start
147094 [main] DEBUG org.dbunit.database.search.AbstractMetaDataBasedSearchCallback  - Getting edges for node CAPTION
147094 [main] TRACE org.dbunit.database.DatabaseConfig  - getProperty(name=http://www.dbunit.org/properties/metadataHandler) - start
147094 [main] TRACE org.dbunit.database.DefaultMetadataHandler  - tableExists(metaData=org.apache.commons.dbcp.DelegatingDatabaseMetaData@34710604, schemaName=null, tableName=CAPTION) - start
147095 [main] DEBUG org.dbunit.util.SQLHelper  - close(resultSet=org.apache.commons.dbcp.DelegatingResultSet@480177a0) - start
147095 [main] DEBUG org.dbunit.util.SQLHelper  - close(resultSet=org.apache.commons.dbcp.DelegatingResultSet@27b49030) - start
147096 [main] DEBUG org.dbunit.util.search.DepthFirstSearch  - search:CAPTION
147096 [main] DEBUG org.dbunit.database.search.ExportedKeysSearchCallback  - searchNode(node=CAPTION) - start
147096 [main] DEBUG org.dbunit.util.search.DepthFirstSearch  - Pushing CAPTION
147096 [main] DEBUG org.dbunit.database.search.ExportedKeysSearchCallback  - getEdges(node=CAPTION) - start
147096 [main] DEBUG org.dbunit.database.search.AbstractMetaDataBasedSearchCallback  - getNodesFromExportedKeys(node=CAPTION) - start
147096 [main] DEBUG org.dbunit.database.search.AbstractMetaDataBasedSearchCallback  - getNodes(type=1, node=CAPTION) - start
147096 [main] DEBUG org.dbunit.database.DatabaseDataSourceConnection  - getConnection() - start
147096 [main] DEBUG org.dbunit.database.search.AbstractMetaDataBasedSearchCallback  - getNodes(type=1, node=CAPTION, conn=Transaction-aware proxy for target Connection [jdbc:hsqldb:mem:kontrollDS, UserName=sw, HSQL Database Engine Driver], schema=null, metaData=org.apache.commons.dbcp.DelegatingDatabaseMetaData@3f6653ad, edges=[]) - start
147096 [main] DEBUG org.dbunit.database.search.AbstractMetaDataBasedSearchCallback  - Getting edges for node CAPTION
147096 [main] TRACE org.dbunit.database.DatabaseConfig  - getProperty(name=http://www.dbunit.org/properties/metadataHandler) - start
147096 [main] TRACE org.dbunit.database.DefaultMetadataHandler  - tableExists(metaData=org.apache.commons.dbcp.DelegatingDatabaseMetaData@3f6653ad, schemaName=null, tableName=CAPTION) - start
147097 [main] DEBUG org.dbunit.util.SQLHelper  - close(resultSet=org.apache.commons.dbcp.DelegatingResultSet@293ede98) - start
147097 [main] DEBUG org.dbunit.util.SQLHelper  - close(resultSet=org.apache.commons.dbcp.DelegatingResultSet@2b1ae105) - start
147097 [main] DEBUG org.dbunit.util.search.DepthFirstSearch  - Adding node CAPTION to the final result
147098 [main] DEBUG org.dbunit.database.search.TablesDependencyHelper  - getDirectDependentTables(connection=_databaseConfig=org.dbunit.database.DatabaseConfig[, _propertyMap={http://www.dbunit.org/properties/statementFactory=org.dbunit.database.statement.PreparedStatementFactory@626bc2b8, http://www.dbunit.org/features/caseSensitiveTableNames=false, http://www.dbunit.org/properties/fetchSize=100, http://www.dbunit.org/features/batchedStatements=false, http://www.dbunit.org/properties/metadataHandler=org.dbunit.database.DefaultMetadataHandler@3bbfdfde, http://www.dbunit.org/properties/datatypeFactory=org.dbunit.dataset.datatype.DefaultDataTypeFactory[_toleratedDeltaMap=org.dbunit.dataset.datatype.ToleratedDeltaMap@6452310a], http://www.dbunit.org/properties/escapePattern=null, http://www.dbunit.org/properties/batchSize=100, http://www.dbunit.org/features/qualifiedTableNames=false, http://www.dbunit.org/properties/tableType=[Ljava.lang.String;@5011bafa, http://www.dbunit.org/properties/resultSetTableFactory=org.dbunit.database.CachedResultSetTableFactory@10bcf083, http://www.dbunit.org/features/datatypeWarning=true}], _dataSet=AbstractDataSet[_orderedTableNameMap=null], tableName=CAPTION) - start
147098 [main] DEBUG org.dbunit.util.search.DepthFirstSearch  - search(nodesFrom=[CAPTION], callback=org.dbunit.database.search.ImportedKeysSearchCallback@1b22789f) - start
147098 [main] DEBUG org.dbunit.util.CollectionsHelper  - objectsToSet(objects=CAPTION) - start
147098 [main] DEBUG org.dbunit.util.search.DepthFirstSearch  - search(nodesFrom=[CAPTION], callback=org.dbunit.database.search.ImportedKeysSearchCallback@1b22789f) - start
147098 [main] DEBUG org.dbunit.util.search.DepthFirstSearch  - reverseSearch:CAPTION
147098 [main] DEBUG org.dbunit.database.search.ImportedKeysSearchCallback  - searchNode(node=CAPTION) - start
147098 [main] DEBUG org.dbunit.util.search.DepthFirstSearch  - Pushing (reverse) CAPTION
147098 [main] DEBUG org.dbunit.database.search.ImportedKeysSearchCallback  - getEdges(node=CAPTION) - start
147098 [main] DEBUG org.dbunit.database.search.AbstractMetaDataBasedSearchCallback  - getNodesFromImportedKeys(node=CAPTION) - start
147098 [main] DEBUG org.dbunit.database.search.AbstractMetaDataBasedSearchCallback  - getNodes(type=0, node=CAPTION) - start
147098 [main] DEBUG org.dbunit.database.DatabaseDataSourceConnection  - getConnection() - start
147098 [main] DEBUG org.dbunit.database.search.AbstractMetaDataBasedSearchCallback  - getNodes(type=0, node=CAPTION, conn=Transaction-aware proxy for target Connection [jdbc:hsqldb:mem:kontrollDS, UserName=sw, HSQL Database Engine Driver], schema=null, metaData=org.apache.commons.dbcp.DelegatingDatabaseMetaData@741d1ca3, edges=[]) - start
147098 [main] DEBUG org.dbunit.database.search.AbstractMetaDataBasedSearchCallback  - Getting edges for node CAPTION
147098 [main] TRACE org.dbunit.database.DatabaseConfig  - getProperty(name=http://www.dbunit.org/properties/metadataHandler) - start
147098 [main] TRACE org.dbunit.database.DefaultMetadataHandler  - tableExists(metaData=org.apache.commons.dbcp.DelegatingDatabaseMetaData@741d1ca3, schemaName=null, tableName=CAPTION) - start
147099 [main] DEBUG org.dbunit.util.SQLHelper  - close(resultSet=org.apache.commons.dbcp.DelegatingResultSet@176cdd2b) - start
147100 [main] DEBUG org.dbunit.util.SQLHelper  - close(resultSet=org.apache.commons.dbcp.DelegatingResultSet@4c9ec3eb) - start
147100 [main] DEBUG org.dbunit.util.search.DepthFirstSearch  - search:CAPTION
147100 [main] DEBUG org.dbunit.database.search.ImportedKeysSearchCallback  - searchNode(node=CAPTION) - start
147100 [main] DEBUG org.dbunit.util.search.DepthFirstSearch  - Pushing CAPTION
147100 [main] DEBUG org.dbunit.database.search.ImportedKeysSearchCallback  - getEdges(node=CAPTION) - start
147100 [main] DEBUG org.dbunit.database.search.AbstractMetaDataBasedSearchCallback  - getNodesFromImportedKeys(node=CAPTION) - start
147100 [main] DEBUG org.dbunit.database.search.AbstractMetaDataBasedSearchCallback  - getNodes(type=0, node=CAPTION) - start
147100 [main] DEBUG org.dbunit.database.DatabaseDataSourceConnection  - getConnection() - start
147100 [main] DEBUG org.dbunit.database.search.AbstractMetaDataBasedSearchCallback  - getNodes(type=0, node=CAPTION, conn=Transaction-aware proxy for target Connection [jdbc:hsqldb:mem:kontrollDS, UserName=sw, HSQL Database Engine Driver], schema=null, metaData=org.apache.commons.dbcp.DelegatingDatabaseMetaData@4b50a099, edges=[]) - start
147100 [main] DEBUG org.dbunit.database.search.AbstractMetaDataBasedSearchCallback  - Getting edges for node CAPTION
147109 [main] TRACE org.dbunit.database.DatabaseConfig  - getProperty(name=http://www.dbunit.org/properties/metadataHandler) - start
147109 [main] TRACE org.dbunit.database.DefaultMetadataHandler  - tableExists(metaData=org.apache.commons.dbcp.DelegatingDatabaseMetaData@4b50a099, schemaName=null, tableName=CAPTION) - start
147110 [main] DEBUG org.dbunit.util.SQLHelper  - close(resultSet=org.apache.commons.dbcp.DelegatingResultSet@517fb97) - start
147111 [main] DEBUG org.dbunit.util.SQLHelper  - close(resultSet=org.apache.commons.dbcp.DelegatingResultSet@7b79950a) - start
147111 [main] DEBUG org.dbunit.util.search.DepthFirstSearch  - Adding node CAPTION to the final result
147111 [main] DEBUG org.dbunit.database.DatabaseSequenceFilter  - getDependencyInfo(connection=_databaseConfig=org.dbunit.database.DatabaseConfig[, _propertyMap={http://www.dbunit.org/properties/statementFactory=org.dbunit.database.statement.PreparedStatementFactory@626bc2b8, http://www.dbunit.org/features/caseSensitiveTableNames=false, http://www.dbunit.org/properties/fetchSize=100, http://www.dbunit.org/features/batchedStatements=false, http://www.dbunit.org/properties/metadataHandler=org.dbunit.database.DefaultMetadataHandler@3bbfdfde, http://www.dbunit.org/properties/datatypeFactory=org.dbunit.dataset.datatype.DefaultDataTypeFactory[_toleratedDeltaMap=org.dbunit.dataset.datatype.ToleratedDeltaMap@6452310a], http://www.dbunit.org/properties/escapePattern=null, http://www.dbunit.org/properties/batchSize=100, http://www.dbunit.org/features/qualifiedTableNames=false, http://www.dbunit.org/properties/tableType=[Ljava.lang.String;@5011bafa, http://www.dbunit.org/properties/resultSetTableFactory=org.dbunit.database.CachedResultSetTableFactory@10bcf083, http://www.dbunit.org/features/datatypeWarning=true}], _dataSet=AbstractDataSet[_orderedTableNameMap=null], tableName=NESTEDSCOPEDCONTENTCONDITIONS) - start
147111 [main] DEBUG org.dbunit.database.search.TablesDependencyHelper  - getDependentTables(connection=_databaseConfig=org.dbunit.database.DatabaseConfig[, _propertyMap={http://www.dbunit.org/properties/statementFactory=org.dbunit.database.statement.PreparedStatementFactory@626bc2b8, http://www.dbunit.org/features/caseSensitiveTableNames=false, http://www.dbunit.org/properties/fetchSize=100, http://www.dbunit.org/features/batchedStatements=false, http://www.dbunit.org/properties/metadataHandler=org.dbunit.database.DefaultMetadataHandler@3bbfdfde, http://www.dbunit.org/properties/datatypeFactory=org.dbunit.dataset.datatype.DefaultDataTypeFactory[_toleratedDeltaMap=org.dbunit.dataset.datatype.ToleratedDeltaMap@6452310a], http://www.dbunit.org/properties/escapePattern=null, http://www.dbunit.org/properties/batchSize=100, http://www.dbunit.org/features/qualifiedTableNames=false, http://www.dbunit.org/properties/tableType=[Ljava.lang.String;@5011bafa, http://www.dbunit.org/properties/resultSetTableFactory=org.dbunit.database.CachedResultSetTableFactory@10bcf083, http://www.dbunit.org/features/datatypeWarning=true}], _dataSet=AbstractDataSet[_orderedTableNameMap=null], rootTable=NESTEDSCOPEDCONTENTCONDITIONS) - start
147111 [main] DEBUG org.dbunit.database.search.TablesDependencyHelper  - getDependentTables(connection=_databaseConfig=org.dbunit.database.DatabaseConfig[, _propertyMap={http://www.dbunit.org/properties/statementFactory=org.dbunit.database.statement.PreparedStatementFactory@626bc2b8, http://www.dbunit.org/features/caseSensitiveTableNames=false, http://www.dbunit.org/properties/fetchSize=100, http://www.dbunit.org/features/batchedStatements=false, http://www.dbunit.org/properties/metadataHandler=org.dbunit.database.DefaultMetadataHandler@3bbfdfde, http://www.dbunit.org/properties/datatypeFactory=org.dbunit.dataset.datatype.DefaultDataTypeFactory[_toleratedDeltaMap=org.dbunit.dataset.datatype.ToleratedDeltaMap@6452310a], http://www.dbunit.org/properties/escapePattern=null, http://www.dbunit.org/properties/batchSize=100, http://www.dbunit.org/features/qualifiedTableNames=false, http://www.dbunit.org/properties/tableType=[Ljava.lang.String;@5011bafa, http://www.dbunit.org/properties/resultSetTableFactory=org.dbunit.database.CachedResultSetTableFactory@10bcf083, http://www.dbunit.org/features/datatypeWarning=true}], _dataSet=AbstractDataSet[_orderedTableNameMap=null], rootTables=[NESTEDSCOPEDCONTENTCONDITIONS]) - start
147112 [main] DEBUG org.dbunit.util.search.DepthFirstSearch  - search(nodesFrom=[NESTEDSCOPEDCONTENTCONDITIONS], callback=org.dbunit.database.search.ImportedKeysSearchCallback@fd36d2c) - start
147112 [main] DEBUG org.dbunit.util.CollectionsHelper  - objectsToSet(objects=NESTEDSCOPEDCONTENTCONDITIONS) - start
147112 [main] DEBUG org.dbunit.util.search.DepthFirstSearch  - search(nodesFrom=[NESTEDSCOPEDCONTENTCONDITIONS], callback=org.dbunit.database.search.ImportedKeysSearchCallback@fd36d2c) - start
147112 [main] DEBUG org.dbunit.util.search.DepthFirstSearch  - reverseSearch:NESTEDSCOPEDCONTENTCONDITIONS
147112 [main] DEBUG org.dbunit.database.search.ImportedKeysSearchCallback  - searchNode(node=NESTEDSCOPEDCONTENTCONDITIONS) - start
147112 [main] DEBUG org.dbunit.util.search.DepthFirstSearch  - Pushing (reverse) NESTEDSCOPEDCONTENTCONDITIONS
147112 [main] DEBUG org.dbunit.database.search.ImportedKeysSearchCallback  - getEdges(node=NESTEDSCOPEDCONTENTCONDITIONS) - start
147112 [main] DEBUG org.dbunit.database.search.AbstractMetaDataBasedSearchCallback  - getNodesFromImportedKeys(node=NESTEDSCOPEDCONTENTCONDITIONS) - start
147112 [main] DEBUG org.dbunit.database.search.AbstractMetaDataBasedSearchCallback  - getNodes(type=0, node=NESTEDSCOPEDCONTENTCONDITIONS) - start
147112 [main] DEBUG org.dbunit.database.DatabaseDataSourceConnection  - getConnection() - start
147112 [main] DEBUG org.dbunit.database.search.AbstractMetaDataBasedSearchCallback  - getNodes(type=0, node=NESTEDSCOPEDCONTENTCONDITIONS, conn=Transaction-aware proxy for target Connection [jdbc:hsqldb:mem:kontrollDS, UserName=sw, HSQL Database Engine Driver], schema=null, metaData=org.apache.commons.dbcp.DelegatingDatabaseMetaData@1a46bd2, edges=[]) - start
147112 [main] DEBUG org.dbunit.database.search.AbstractMetaDataBasedSearchCallback  - Getting edges for node NESTEDSCOPEDCONTENTCONDITIONS
147112 [main] TRACE org.dbunit.database.DatabaseConfig  - getProperty(name=http://www.dbunit.org/properties/metadataHandler) - start
147112 [main] TRACE org.dbunit.database.DefaultMetadataHandler  - tableExists(metaData=org.apache.commons.dbcp.DelegatingDatabaseMetaData@1a46bd2, schemaName=null, tableName=NESTEDSCOPEDCONTENTCONDITIONS) - start
147113 [main] DEBUG org.dbunit.util.SQLHelper  - close(resultSet=org.apache.commons.dbcp.DelegatingResultSet@dfa61d2) - start
147113 [main] DEBUG org.dbunit.util.QualifiedTableName  - getQualifiedNameIfEnabled(config=org.dbunit.database.DatabaseConfig[, _propertyMap={http://www.dbunit.org/properties/statementFactory=org.dbunit.database.statement.PreparedStatementFactory@626bc2b8, http://www.dbunit.org/features/caseSensitiveTableNames=false, http://www.dbunit.org/properties/fetchSize=100, http://www.dbunit.org/features/batchedStatements=false, http://www.dbunit.org/properties/metadataHandler=org.dbunit.database.DefaultMetadataHandler@3bbfdfde, http://www.dbunit.org/properties/datatypeFactory=org.dbunit.dataset.datatype.DefaultDataTypeFactory[_toleratedDeltaMap=org.dbunit.dataset.datatype.ToleratedDeltaMap@6452310a], http://www.dbunit.org/properties/escapePattern=null, http://www.dbunit.org/properties/batchSize=100, http://www.dbunit.org/features/qualifiedTableNames=false, http://www.dbunit.org/properties/tableType=[Ljava.lang.String;@5011bafa, http://www.dbunit.org/properties/resultSetTableFactory=org.dbunit.database.CachedResultSetTableFactory@10bcf083, http://www.dbunit.org/features/datatypeWarning=true}]) - start
147113 [main] TRACE org.dbunit.database.DatabaseConfig  - getFeature(name=http://www.dbunit.org/features/qualifiedTableNames) - start
147113 [main] TRACE org.dbunit.database.DatabaseConfig  - getProperty(name=http://www.dbunit.org/features/qualifiedTableNames) - start
147113 [main] DEBUG org.dbunit.util.QualifiedTableName  - Qualified table names feature is disabled. Returning plain table name
147114 [main] DEBUG org.dbunit.util.QualifiedTableName  - getQualifiedName(prefix=null, name=NESTEDSCOPEDCONTENTCONDITIONS, escapePattern=null) - start
147114 [main] DEBUG org.dbunit.util.QualifiedTableName  - getQualifiedNameIfEnabled(config=org.dbunit.database.DatabaseConfig[, _propertyMap={http://www.dbunit.org/properties/statementFactory=org.dbunit.database.statement.PreparedStatementFactory@626bc2b8, http://www.dbunit.org/features/caseSensitiveTableNames=false, http://www.dbunit.org/properties/fetchSize=100, http://www.dbunit.org/features/batchedStatements=false, http://www.dbunit.org/properties/metadataHandler=org.dbunit.database.DefaultMetadataHandler@3bbfdfde, http://www.dbunit.org/properties/datatypeFactory=org.dbunit.dataset.datatype.DefaultDataTypeFactory[_toleratedDeltaMap=org.dbunit.dataset.datatype.ToleratedDeltaMap@6452310a], http://www.dbunit.org/properties/escapePattern=null, http://www.dbunit.org/properties/batchSize=100, http://www.dbunit.org/features/qualifiedTableNames=false, http://www.dbunit.org/properties/tableType=[Ljava.lang.String;@5011bafa, http://www.dbunit.org/properties/resultSetTableFactory=org.dbunit.database.CachedResultSetTableFactory@10bcf083, http://www.dbunit.org/features/datatypeWarning=true}]) - start
147114 [main] TRACE org.dbunit.database.DatabaseConfig  - getFeature(name=http://www.dbunit.org/features/qualifiedTableNames) - start
147114 [main] TRACE org.dbunit.database.DatabaseConfig  - getProperty(name=http://www.dbunit.org/features/qualifiedTableNames) - start
147114 [main] DEBUG org.dbunit.util.QualifiedTableName  - Qualified table names feature is disabled. Returning plain table name
147114 [main] DEBUG org.dbunit.util.QualifiedTableName  - getQualifiedName(prefix=null, name=SCOPEDCONTENTCONDITION, escapePattern=null) - start
147114 [main] DEBUG org.dbunit.database.search.AbstractMetaDataBasedSearchCallback  - newEdge(rs=org.apache.commons.dbcp.DelegatingResultSet@4a425bf7, type=0, from=NESTEDSCOPEDCONTENTCONDITIONS, to=SCOPEDCONTENTCONDITION, fkColumn=CHILD_CONDITION_ID, pkColumn=ID) - start
147114 [main] DEBUG org.dbunit.database.search.AbstractMetaDataBasedSearchCallback  - createFKEdge(rs=org.apache.commons.dbcp.DelegatingResultSet@4a425bf7, type=0, from=NESTEDSCOPEDCONTENTCONDITIONS, to=SCOPEDCONTENTCONDITION, fkColumn=CHILD_CONDITION_ID, pkColumn=ID) - start
147114 [main] DEBUG org.dbunit.database.search.AbstractMetaDataBasedSearchCallback  - Adding edge NESTEDSCOPEDCONTENTCONDITIONS(CHILD_CONDITION_ID)->SCOPEDCONTENTCONDITION(ID)
147114 [main] DEBUG org.dbunit.util.search.Edge  - compareTo(o=NESTEDSCOPEDCONTENTCONDITIONS(CHILD_CONDITION_ID)->SCOPEDCONTENTCONDITION(ID)) - start
147114 [main] DEBUG org.dbunit.util.QualifiedTableName  - getQualifiedNameIfEnabled(config=org.dbunit.database.DatabaseConfig[, _propertyMap={http://www.dbunit.org/properties/statementFactory=org.dbunit.database.statement.PreparedStatementFactory@626bc2b8, http://www.dbunit.org/features/caseSensitiveTableNames=false, http://www.dbunit.org/properties/fetchSize=100, http://www.dbunit.org/features/batchedStatements=false, http://www.dbunit.org/properties/metadataHandler=org.dbunit.database.DefaultMetadataHandler@3bbfdfde, http://www.dbunit.org/properties/datatypeFactory=org.dbunit.dataset.datatype.DefaultDataTypeFactory[_toleratedDeltaMap=org.dbunit.dataset.datatype.ToleratedDeltaMap@6452310a], http://www.dbunit.org/properties/escapePattern=null, http://www.dbunit.org/properties/batchSize=100, http://www.dbunit.org/features/qualifiedTableNames=false, http://www.dbunit.org/properties/tableType=[Ljava.lang.String;@5011bafa, http://www.dbunit.org/properties/resultSetTableFactory=org.dbunit.database.CachedResultSetTableFactory@10bcf083, http://www.dbunit.org/features/datatypeWarning=true}]) - start
147114 [main] TRACE org.dbunit.database.DatabaseConfig  - getFeature(name=http://www.dbunit.org/features/qualifiedTableNames) - start
147114 [main] TRACE org.dbunit.database.DatabaseConfig  - getProperty(name=http://www.dbunit.org/features/qualifiedTableNames) - start
147114 [main] DEBUG org.dbunit.util.QualifiedTableName  - Qualified table names feature is disabled. Returning plain table name
147114 [main] DEBUG org.dbunit.util.QualifiedTableName  - getQualifiedName(prefix=null, name=NESTEDSCOPEDCONTENTCONDITIONS, escapePattern=null) - start
147114 [main] DEBUG org.dbunit.util.QualifiedTableName  - getQualifiedNameIfEnabled(config=org.dbunit.database.DatabaseConfig[, _propertyMap={http://www.dbunit.org/properties/statementFactory=org.dbunit.database.statement.PreparedStatementFactory@626bc2b8, http://www.dbunit.org/features/caseSensitiveTableNames=false, http://www.dbunit.org/properties/fetchSize=100, http://www.dbunit.org/features/batchedStatements=false, http://www.dbunit.org/properties/metadataHandler=org.dbunit.database.DefaultMetadataHandler@3bbfdfde, http://www.dbunit.org/properties/datatypeFactory=org.dbunit.dataset.datatype.DefaultDataTypeFactory[_toleratedDeltaMap=org.dbunit.dataset.datatype.ToleratedDeltaMap@6452310a], http://www.dbunit.org/properties/escapePattern=null, http://www.dbunit.org/properties/batchSize=100, http://www.dbunit.org/features/qualifiedTableNames=false, http://www.dbunit.org/properties/tableType=[Ljava.lang.String;@5011bafa, http://www.dbunit.org/properties/resultSetTableFactory=org.dbunit.database.CachedResultSetTableFactory@10bcf083, http://www.dbunit.org/features/datatypeWarning=true}]) - start
147114 [main] TRACE org.dbunit.database.DatabaseConfig  - getFeature(name=http://www.dbunit.org/features/qualifiedTableNames) - start
147114 [main] TRACE org.dbunit.database.DatabaseConfig  - getProperty(name=http://www.dbunit.org/features/qualifiedTableNames) - start
147114 [main] DEBUG org.dbunit.util.QualifiedTableName  - Qualified table names feature is disabled. Returning plain table name
147114 [main] DEBUG org.dbunit.util.QualifiedTableName  - getQualifiedName(prefix=null, name=SCOPEDCONTENTCONDITION, escapePattern=null) - start
147114 [main] DEBUG org.dbunit.database.search.AbstractMetaDataBasedSearchCallback  - newEdge(rs=org.apache.commons.dbcp.DelegatingResultSet@4a425bf7, type=0, from=NESTEDSCOPEDCONTENTCONDITIONS, to=SCOPEDCONTENTCONDITION, fkColumn=PARENT_CONDITION_ID, pkColumn=ID) - start
147114 [main] DEBUG org.dbunit.database.search.AbstractMetaDataBasedSearchCallback  - createFKEdge(rs=org.apache.commons.dbcp.DelegatingResultSet@4a425bf7, type=0, from=NESTEDSCOPEDCONTENTCONDITIONS, to=SCOPEDCONTENTCONDITION, fkColumn=PARENT_CONDITION_ID, pkColumn=ID) - start
147114 [main] DEBUG org.dbunit.database.search.AbstractMetaDataBasedSearchCallback  - Adding edge NESTEDSCOPEDCONTENTCONDITIONS(PARENT_CONDITION_ID)->SCOPEDCONTENTCONDITION(ID)
147114 [main] DEBUG org.dbunit.util.search.Edge  - compareTo(o=NESTEDSCOPEDCONTENTCONDITIONS(CHILD_CONDITION_ID)->SCOPEDCONTENTCONDITION(ID)) - start
147114 [main] DEBUG org.dbunit.util.SQLHelper  - close(resultSet=org.apache.commons.dbcp.DelegatingResultSet@4a425bf7) - start
147115 [main] DEBUG org.dbunit.util.search.DepthFirstSearch  - search:NESTEDSCOPEDCONTENTCONDITIONS
147115 [main] DEBUG org.dbunit.database.search.ImportedKeysSearchCallback  - searchNode(node=NESTEDSCOPEDCONTENTCONDITIONS) - start
147115 [main] DEBUG org.dbunit.util.search.DepthFirstSearch  - Pushing NESTEDSCOPEDCONTENTCONDITIONS
147115 [main] DEBUG org.dbunit.database.search.ImportedKeysSearchCallback  - getEdges(node=NESTEDSCOPEDCONTENTCONDITIONS) - start
147115 [main] DEBUG org.dbunit.database.search.AbstractMetaDataBasedSearchCallback  - getNodesFromImportedKeys(node=NESTEDSCOPEDCONTENTCONDITIONS) - start
147115 [main] DEBUG org.dbunit.database.search.AbstractMetaDataBasedSearchCallback  - getNodes(type=0, node=NESTEDSCOPEDCONTENTCONDITIONS) - start
147115 [main] DEBUG org.dbunit.database.DatabaseDataSourceConnection  - getConnection() - start
147115 [main] DEBUG org.dbunit.database.search.AbstractMetaDataBasedSearchCallback  - getNodes(type=0, node=NESTEDSCOPEDCONTENTCONDITIONS, conn=Transaction-aware proxy for target Connection [jdbc:hsqldb:mem:kontrollDS, UserName=sw, HSQL Database Engine Driver], schema=null, metaData=org.apache.commons.dbcp.DelegatingDatabaseMetaData@4aa3db37, edges=[]) - start
147115 [main] DEBUG org.dbunit.database.search.AbstractMetaDataBasedSearchCallback  - Getting edges for node NESTEDSCOPEDCONTENTCONDITIONS
147115 [main] TRACE org.dbunit.database.DatabaseConfig  - getProperty(name=http://www.dbunit.org/properties/metadataHandler) - start
147115 [main] TRACE org.dbunit.database.DefaultMetadataHandler  - tableExists(metaData=org.apache.commons.dbcp.DelegatingDatabaseMetaData@4aa3db37, schemaName=null, tableName=NESTEDSCOPEDCONTENTCONDITIONS) - start
147116 [main] DEBUG org.dbunit.util.SQLHelper  - close(resultSet=org.apache.commons.dbcp.DelegatingResultSet@1db73c7f) - start
147117 [main] DEBUG org.dbunit.util.QualifiedTableName  - getQualifiedNameIfEnabled(config=org.dbunit.database.DatabaseConfig[, _propertyMap={http://www.dbunit.org/properties/statementFactory=org.dbunit.database.statement.PreparedStatementFactory@626bc2b8, http://www.dbunit.org/features/caseSensitiveTableNames=false, http://www.dbunit.org/properties/fetchSize=100, http://www.dbunit.org/features/batchedStatements=false, http://www.dbunit.org/properties/metadataHandler=org.dbunit.database.DefaultMetadataHandler@3bbfdfde, http://www.dbunit.org/properties/datatypeFactory=org.dbunit.dataset.datatype.DefaultDataTypeFactory[_toleratedDeltaMap=org.dbunit.dataset.datatype.ToleratedDeltaMap@6452310a], http://www.dbunit.org/properties/escapePattern=null, http://www.dbunit.org/properties/batchSize=100, http://www.dbunit.org/features/qualifiedTableNames=false, http://www.dbunit.org/properties/tableType=[Ljava.lang.String;@5011bafa, http://www.dbunit.org/properties/resultSetTableFactory=org.dbunit.database.CachedResultSetTableFactory@10bcf083, http://www.dbunit.org/features/datatypeWarning=true}]) - start
147117 [main] TRACE org.dbunit.database.DatabaseConfig  - getFeature(name=http://www.dbunit.org/features/qualifiedTableNames) - start
147117 [main] TRACE org.dbunit.database.DatabaseConfig  - getProperty(name=http://www.dbunit.org/features/qualifiedTableNames) - start
147117 [main] DEBUG org.dbunit.util.QualifiedTableName  - Qualified table names feature is disabled. Returning plain table name
147117 [main] DEBUG org.dbunit.util.QualifiedTableName  - getQualifiedName(prefix=null, name=NESTEDSCOPEDCONTENTCONDITIONS, escapePattern=null) - start
147117 [main] DEBUG org.dbunit.util.QualifiedTableName  - getQualifiedNameIfEnabled(config=org.dbunit.database.DatabaseConfig[, _propertyMap={http://www.dbunit.org/properties/statementFactory=org.dbunit.database.statement.PreparedStatementFactory@626bc2b8, http://www.dbunit.org/features/caseSensitiveTableNames=false, http://www.dbunit.org/properties/fetchSize=100, http://www.dbunit.org/features/batchedStatements=false, http://www.dbunit.org/properties/metadataHandler=org.dbunit.database.DefaultMetadataHandler@3bbfdfde, http://www.dbunit.org/properties/datatypeFactory=org.dbunit.dataset.datatype.DefaultDataTypeFactory[_toleratedDeltaMap=org.dbunit.dataset.datatype.ToleratedDeltaMap@6452310a], http://www.dbunit.org/properties/escapePattern=null, http://www.dbunit.org/properties/batchSize=100, http://www.dbunit.org/features/qualifiedTableNames=false, http://www.dbunit.org/properties/tableType=[Ljava.lang.String;@5011bafa, http://www.dbunit.org/properties/resultSetTableFactory=org.dbunit.database.CachedResultSetTableFactory@10bcf083, http://www.dbunit.org/features/datatypeWarning=true}]) - start
147119 [main] TRACE org.dbunit.database.DatabaseConfig  - getFeature(name=http://www.dbunit.org/features/qualifiedTableNames) - start
147119 [main] TRACE org.dbunit.database.DatabaseConfig  - getProperty(name=http://www.dbunit.org/features/qualifiedTableNames) - start
147119 [main] DEBUG org.dbunit.util.QualifiedTableName  - Qualified table names feature is disabled. Returning plain table name
147119 [main] DEBUG org.dbunit.util.QualifiedTableName  - getQualifiedName(prefix=null, name=SCOPEDCONTENTCONDITION, escapePattern=null) - start
147119 [main] DEBUG org.dbunit.database.search.AbstractMetaDataBasedSearchCallback  - newEdge(rs=org.apache.commons.dbcp.DelegatingResultSet@3475d27, type=0, from=NESTEDSCOPEDCONTENTCONDITIONS, to=SCOPEDCONTENTCONDITION, fkColumn=CHILD_CONDITION_ID, pkColumn=ID) - start
147119 [main] DEBUG org.dbunit.database.search.AbstractMetaDataBasedSearchCallback  - createFKEdge(rs=org.apache.commons.dbcp.DelegatingResultSet@3475d27, type=0, from=NESTEDSCOPEDCONTENTCONDITIONS, to=SCOPEDCONTENTCONDITION, fkColumn=CHILD_CONDITION_ID, pkColumn=ID) - start
147119 [main] DEBUG org.dbunit.database.search.AbstractMetaDataBasedSearchCallback  - Adding edge NESTEDSCOPEDCONTENTCONDITIONS(CHILD_CONDITION_ID)->SCOPEDCONTENTCONDITION(ID)
147119 [main] DEBUG org.dbunit.util.search.Edge  - compareTo(o=NESTEDSCOPEDCONTENTCONDITIONS(CHILD_CONDITION_ID)->SCOPEDCONTENTCONDITION(ID)) - start
147119 [main] DEBUG org.dbunit.util.QualifiedTableName  - getQualifiedNameIfEnabled(config=org.dbunit.database.DatabaseConfig[, _propertyMap={http://www.dbunit.org/properties/statementFactory=org.dbunit.database.statement.PreparedStatementFactory@626bc2b8, http://www.dbunit.org/features/caseSensitiveTableNames=false, http://www.dbunit.org/properties/fetchSize=100, http://www.dbunit.org/features/batchedStatements=false, http://www.dbunit.org/properties/metadataHandler=org.dbunit.database.DefaultMetadataHandler@3bbfdfde, http://www.dbunit.org/properties/datatypeFactory=org.dbunit.dataset.datatype.DefaultDataTypeFactory[_toleratedDeltaMap=org.dbunit.dataset.datatype.ToleratedDeltaMap@6452310a], http://www.dbunit.org/properties/escapePattern=null, http://www.dbunit.org/properties/batchSize=100, http://www.dbunit.org/features/qualifiedTableNames=false, http://www.dbunit.org/properties/tableType=[Ljava.lang.String;@5011bafa, http://www.dbunit.org/properties/resultSetTableFactory=org.dbunit.database.CachedResultSetTableFactory@10bcf083, http://www.dbunit.org/features/datatypeWarning=true}]) - start
147119 [main] TRACE org.dbunit.database.DatabaseConfig  - getFeature(name=http://www.dbunit.org/features/qualifiedTableNames) - start
147119 [main] TRACE org.dbunit.database.DatabaseConfig  - getProperty(name=http://www.dbunit.org/features/qualifiedTableNames) - start
147119 [main] DEBUG org.dbunit.util.QualifiedTableName  - Qualified table names feature is disabled. Returning plain table name
147120 [main] DEBUG org.dbunit.util.QualifiedTableName  - getQualifiedName(prefix=null, name=NESTEDSCOPEDCONTENTCONDITIONS, escapePattern=null) - start
147120 [main] DEBUG org.dbunit.util.QualifiedTableName  - getQualifiedNameIfEnabled(config=org.dbunit.database.DatabaseConfig[, _propertyMap={http://www.dbunit.org/properties/statementFactory=org.dbunit.database.statement.PreparedStatementFactory@626bc2b8, http://www.dbunit.org/features/caseSensitiveTableNames=false, http://www.dbunit.org/properties/fetchSize=100, http://www.dbunit.org/features/batchedStatements=false, http://www.dbunit.org/properties/metadataHandler=org.dbunit.database.DefaultMetadataHandler@3bbfdfde, http://www.dbunit.org/properties/datatypeFactory=org.dbunit.dataset.datatype.DefaultDataTypeFactory[_toleratedDeltaMap=org.dbunit.dataset.datatype.ToleratedDeltaMap@6452310a], http://www.dbunit.org/properties/escapePattern=null, http://www.dbunit.org/properties/batchSize=100, http://www.dbunit.org/features/qualifiedTableNames=false, http://www.dbunit.org/properties/tableType=[Ljava.lang.String;@5011bafa, http://www.dbunit.org/properties/resultSetTableFactory=org.dbunit.database.CachedResultSetTableFactory@10bcf083, http://www.dbunit.org/features/datatypeWarning=true}]) - start
147120 [main] TRACE org.dbunit.database.DatabaseConfig  - getFeature(name=http://www.dbunit.org/features/qualifiedTableNames) - start
147120 [main] TRACE org.dbunit.database.DatabaseConfig  - getProperty(name=http://www.dbunit.org/features/qualifiedTableNames) - start
147120 [main] DEBUG org.dbunit.util.QualifiedTableName  - Qualified table names feature is disabled. Returning plain table name
147120 [main] DEBUG org.dbunit.util.QualifiedTableName  - getQualifiedName(prefix=null, name=SCOPEDCONTENTCONDITION, escapePattern=null) - start
147120 [main] DEBUG org.dbunit.database.search.AbstractMetaDataBasedSearchCallback  - newEdge(rs=org.apache.commons.dbcp.DelegatingResultSet@3475d27, type=0, from=NESTEDSCOPEDCONTENTCONDITIONS, to=SCOPEDCONTENTCONDITION, fkColumn=PARENT_CONDITION_ID, pkColumn=ID) - start
147120 [main] DEBUG org.dbunit.database.search.AbstractMetaDataBasedSearchCallback  - createFKEdge(rs=org.apache.commons.dbcp.DelegatingResultSet@3475d27, type=0, from=NESTEDSCOPEDCONTENTCONDITIONS, to=SCOPEDCONTENTCONDITION, fkColumn=PARENT_CONDITION_ID, pkColumn=ID) - start
147120 [main] DEBUG org.dbunit.database.search.AbstractMetaDataBasedSearchCallback  - Adding edge NESTEDSCOPEDCONTENTCONDITIONS(PARENT_CONDITION_ID)->SCOPEDCONTENTCONDITION(ID)
147120 [main] DEBUG org.dbunit.util.search.Edge  - compareTo(o=NESTEDSCOPEDCONTENTCONDITIONS(CHILD_CONDITION_ID)->SCOPEDCONTENTCONDITION(ID)) - start
147120 [main] DEBUG org.dbunit.util.SQLHelper  - close(resultSet=org.apache.commons.dbcp.DelegatingResultSet@3475d27) - start
147120 [main] DEBUG org.dbunit.util.search.DepthFirstSearch  - search:SCOPEDCONTENTCONDITION
147120 [main] DEBUG org.dbunit.database.search.ImportedKeysSearchCallback  - searchNode(node=SCOPEDCONTENTCONDITION) - start
147120 [main] DEBUG org.dbunit.util.search.DepthFirstSearch  - Pushing SCOPEDCONTENTCONDITION
147120 [main] DEBUG org.dbunit.database.search.ImportedKeysSearchCallback  - getEdges(node=SCOPEDCONTENTCONDITION) - start
147120 [main] DEBUG org.dbunit.database.search.AbstractMetaDataBasedSearchCallback  - getNodesFromImportedKeys(node=SCOPEDCONTENTCONDITION) - start
147120 [main] DEBUG org.dbunit.database.search.AbstractMetaDataBasedSearchCallback  - getNodes(type=0, node=SCOPEDCONTENTCONDITION) - start
147120 [main] DEBUG org.dbunit.database.DatabaseDataSourceConnection  - getConnection() - start
147120 [main] DEBUG org.dbunit.database.search.AbstractMetaDataBasedSearchCallback  - getNodes(type=0, node=SCOPEDCONTENTCONDITION, conn=Transaction-aware proxy for target Connection [jdbc:hsqldb:mem:kontrollDS, UserName=sw, HSQL Database Engine Driver], schema=null, metaData=org.apache.commons.dbcp.DelegatingDatabaseMetaData@4234ad1f, edges=[]) - start
147120 [main] DEBUG org.dbunit.database.search.AbstractMetaDataBasedSearchCallback  - Getting edges for node SCOPEDCONTENTCONDITION
147120 [main] TRACE org.dbunit.database.DatabaseConfig  - getProperty(name=http://www.dbunit.org/properties/metadataHandler) - start
147121 [main] TRACE org.dbunit.database.DefaultMetadataHandler  - tableExists(metaData=org.apache.commons.dbcp.DelegatingDatabaseMetaData@4234ad1f, schemaName=null, tableName=SCOPEDCONTENTCONDITION) - start
147122 [main] DEBUG org.dbunit.util.SQLHelper  - close(resultSet=org.apache.commons.dbcp.DelegatingResultSet@736f6460) - start
147122 [main] DEBUG org.dbunit.util.SQLHelper  - close(resultSet=org.apache.commons.dbcp.DelegatingResultSet@600a5e4f) - start
147122 [main] DEBUG org.dbunit.util.search.DepthFirstSearch  - Adding node SCOPEDCONTENTCONDITION to the final result
147122 [main] DEBUG org.dbunit.util.search.DepthFirstSearch  - Adding node NESTEDSCOPEDCONTENTCONDITIONS to the final result
147122 [main] DEBUG org.dbunit.util.search.DepthFirstSearch  - reverseSearch:NESTEDSCOPEDCONTENTCONDITIONS
147122 [main] DEBUG org.dbunit.util.search.DepthFirstSearch  - already searched; returning true
147122 [main] DEBUG org.dbunit.util.search.DepthFirstSearch  - reverseSearch:SCOPEDCONTENTCONDITION
147122 [main] DEBUG org.dbunit.database.search.ImportedKeysSearchCallback  - searchNode(node=SCOPEDCONTENTCONDITION) - start
147122 [main] DEBUG org.dbunit.util.search.DepthFirstSearch  - Pushing (reverse) SCOPEDCONTENTCONDITION
147122 [main] DEBUG org.dbunit.database.search.ImportedKeysSearchCallback  - getEdges(node=SCOPEDCONTENTCONDITION) - start
147122 [main] DEBUG org.dbunit.database.search.AbstractMetaDataBasedSearchCallback  - getNodesFromImportedKeys(node=SCOPEDCONTENTCONDITION) - start
147122 [main] DEBUG org.dbunit.database.search.AbstractMetaDataBasedSearchCallback  - getNodes(type=0, node=SCOPEDCONTENTCONDITION) - start
147122 [main] DEBUG org.dbunit.database.DatabaseDataSourceConnection  - getConnection() - start
147122 [main] DEBUG org.dbunit.database.search.AbstractMetaDataBasedSearchCallback  - getNodes(type=0, node=SCOPEDCONTENTCONDITION, conn=Transaction-aware proxy for target Connection [jdbc:hsqldb:mem:kontrollDS, UserName=sw, HSQL Database Engine Driver], schema=null, metaData=org.apache.commons.dbcp.DelegatingDatabaseMetaData@48b5c5cb, edges=[]) - start
147122 [main] DEBUG org.dbunit.database.search.AbstractMetaDataBasedSearchCallback  - Getting edges for node SCOPEDCONTENTCONDITION
147122 [main] TRACE org.dbunit.database.DatabaseConfig  - getProperty(name=http://www.dbunit.org/properties/metadataHandler) - start
147122 [main] TRACE org.dbunit.database.DefaultMetadataHandler  - tableExists(metaData=org.apache.commons.dbcp.DelegatingDatabaseMetaData@48b5c5cb, schemaName=null, tableName=SCOPEDCONTENTCONDITION) - start
147123 [main] DEBUG org.dbunit.util.SQLHelper  - close(resultSet=org.apache.commons.dbcp.DelegatingResultSet@33319c36) - start
147124 [main] DEBUG org.dbunit.util.SQLHelper  - close(resultSet=org.apache.commons.dbcp.DelegatingResultSet@6af82ce0) - start
147124 [main] DEBUG org.dbunit.util.search.DepthFirstSearch  - search:NESTEDSCOPEDCONTENTCONDITIONS
147124 [main] DEBUG org.dbunit.util.search.DepthFirstSearch  - already searched; returning true
147124 [main] DEBUG org.dbunit.util.search.DepthFirstSearch  - search:SCOPEDCONTENTCONDITION
147124 [main] DEBUG org.dbunit.util.search.DepthFirstSearch  - already searched; returning true
147124 [main] DEBUG org.dbunit.util.CollectionsHelper  - setToStrings(set=[SCOPEDCONTENTCONDITION, NESTEDSCOPEDCONTENTCONDITIONS]) - start
147124 [main] DEBUG org.dbunit.database.search.TablesDependencyHelper  - getDependsOnTables(connection=_databaseConfig=org.dbunit.database.DatabaseConfig[, _propertyMap={http://www.dbunit.org/properties/statementFactory=org.dbunit.database.statement.PreparedStatementFactory@626bc2b8, http://www.dbunit.org/features/caseSensitiveTableNames=false, http://www.dbunit.org/properties/fetchSize=100, http://www.dbunit.org/features/batchedStatements=false, http://www.dbunit.org/properties/metadataHandler=org.dbunit.database.DefaultMetadataHandler@3bbfdfde, http://www.dbunit.org/properties/datatypeFactory=org.dbunit.dataset.datatype.DefaultDataTypeFactory[_toleratedDeltaMap=org.dbunit.dataset.datatype.ToleratedDeltaMap@6452310a], http://www.dbunit.org/properties/escapePattern=null, http://www.dbunit.org/properties/batchSize=100, http://www.dbunit.org/features/qualifiedTableNames=false, http://www.dbunit.org/properties/tableType=[Ljava.lang.String;@5011bafa, http://www.dbunit.org/properties/resultSetTableFactory=org.dbunit.database.CachedResultSetTableFactory@10bcf083, http://www.dbunit.org/features/datatypeWarning=true}], _dataSet=AbstractDataSet[_orderedTableNameMap=null], rootTable=NESTEDSCOPEDCONTENTCONDITIONS) - start
147124 [main] DEBUG org.dbunit.util.search.DepthFirstSearch  - search(nodesFrom=[NESTEDSCOPEDCONTENTCONDITIONS], callback=org.dbunit.database.search.ExportedKeysSearchCallback@7f1f0ca8) - start
147124 [main] DEBUG org.dbunit.util.CollectionsHelper  - objectsToSet(objects=NESTEDSCOPEDCONTENTCONDITIONS) - start
147124 [main] DEBUG org.dbunit.util.search.DepthFirstSearch  - search(nodesFrom=[NESTEDSCOPEDCONTENTCONDITIONS], callback=org.dbunit.database.search.ExportedKeysSearchCallback@7f1f0ca8) - start
147124 [main] DEBUG org.dbunit.util.search.DepthFirstSearch  - reverseSearch:NESTEDSCOPEDCONTENTCONDITIONS
147124 [main] DEBUG org.dbunit.database.search.ExportedKeysSearchCallback  - searchNode(node=NESTEDSCOPEDCONTENTCONDITIONS) - start
147124 [main] DEBUG org.dbunit.util.search.DepthFirstSearch  - Pushing (reverse) NESTEDSCOPEDCONTENTCONDITIONS
147124 [main] DEBUG org.dbunit.database.search.ExportedKeysSearchCallback  - getEdges(node=NESTEDSCOPEDCONTENTCONDITIONS) - start
147124 [main] DEBUG org.dbunit.database.search.AbstractMetaDataBasedSearchCallback  - getNodesFromExportedKeys(node=NESTEDSCOPEDCONTENTCONDITIONS) - start
147124 [main] DEBUG org.dbunit.database.search.AbstractMetaDataBasedSearchCallback  - getNodes(type=1, node=NESTEDSCOPEDCONTENTCONDITIONS) - start
147124 [main] DEBUG org.dbunit.database.DatabaseDataSourceConnection  - getConnection() - start
147124 [main] DEBUG org.dbunit.database.search.AbstractMetaDataBasedSearchCallback  - getNodes(type=1, node=NESTEDSCOPEDCONTENTCONDITIONS, conn=Transaction-aware proxy for target Connection [jdbc:hsqldb:mem:kontrollDS, UserName=sw, HSQL Database Engine Driver], schema=null, metaData=org.apache.commons.dbcp.DelegatingDatabaseMetaData@4f782acb, edges=[]) - start
147124 [main] DEBUG org.dbunit.database.search.AbstractMetaDataBasedSearchCallback  - Getting edges for node NESTEDSCOPEDCONTENTCONDITIONS
147124 [main] TRACE org.dbunit.database.DatabaseConfig  - getProperty(name=http://www.dbunit.org/properties/metadataHandler) - start
147124 [main] TRACE org.dbunit.database.DefaultMetadataHandler  - tableExists(metaData=org.apache.commons.dbcp.DelegatingDatabaseMetaData@4f782acb, schemaName=null, tableName=NESTEDSCOPEDCONTENTCONDITIONS) - start
147125 [main] DEBUG org.dbunit.util.SQLHelper  - close(resultSet=org.apache.commons.dbcp.DelegatingResultSet@9f84df4) - start
147126 [main] DEBUG org.dbunit.util.SQLHelper  - close(resultSet=org.apache.commons.dbcp.DelegatingResultSet@fb2642c) - start
147126 [main] DEBUG org.dbunit.util.search.DepthFirstSearch  - search:NESTEDSCOPEDCONTENTCONDITIONS
147126 [main] DEBUG org.dbunit.database.search.ExportedKeysSearchCallback  - searchNode(node=NESTEDSCOPEDCONTENTCONDITIONS) - start
147126 [main] DEBUG org.dbunit.util.search.DepthFirstSearch  - Pushing NESTEDSCOPEDCONTENTCONDITIONS
147126 [main] DEBUG org.dbunit.database.search.ExportedKeysSearchCallback  - getEdges(node=NESTEDSCOPEDCONTENTCONDITIONS) - start
147126 [main] DEBUG org.dbunit.database.search.AbstractMetaDataBasedSearchCallback  - getNodesFromExportedKeys(node=NESTEDSCOPEDCONTENTCONDITIONS) - start
147126 [main] DEBUG org.dbunit.database.search.AbstractMetaDataBasedSearchCallback  - getNodes(type=1, node=NESTEDSCOPEDCONTENTCONDITIONS) - start
147126 [main] DEBUG org.dbunit.database.DatabaseDataSourceConnection  - getConnection() - start
147126 [main] DEBUG org.dbunit.database.search.AbstractMetaDataBasedSearchCallback  - getNodes(type=1, node=NESTEDSCOPEDCONTENTCONDITIONS, conn=Transaction-aware proxy for target Connection [jdbc:hsqldb:mem:kontrollDS, UserName=sw, HSQL Database Engine Driver], schema=null, metaData=org.apache.commons.dbcp.DelegatingDatabaseMetaData@8ce8cc1, edges=[]) - start
147126 [main] DEBUG org.dbunit.database.search.AbstractMetaDataBasedSearchCallback  - Getting edges for node NESTEDSCOPEDCONTENTCONDITIONS
147126 [main] TRACE org.dbunit.database.DatabaseConfig  - getProperty(name=http://www.dbunit.org/properties/metadataHandler) - start
147126 [main] TRACE org.dbunit.database.DefaultMetadataHandler  - tableExists(metaData=org.apache.commons.dbcp.DelegatingDatabaseMetaData@8ce8cc1, schemaName=null, tableName=NESTEDSCOPEDCONTENTCONDITIONS) - start
147127 [main] DEBUG org.dbunit.util.SQLHelper  - close(resultSet=org.apache.commons.dbcp.DelegatingResultSet@50d4caaa) - start
147127 [main] DEBUG org.dbunit.util.SQLHelper  - close(resultSet=org.apache.commons.dbcp.DelegatingResultSet@62fb305a) - start
147127 [main] DEBUG org.dbunit.util.search.DepthFirstSearch  - Adding node NESTEDSCOPEDCONTENTCONDITIONS to the final result
147127 [main] DEBUG org.dbunit.util.CollectionsHelper  - setToStrings(set=[NESTEDSCOPEDCONTENTCONDITIONS]) - start
147128 [main] DEBUG org.dbunit.database.search.TablesDependencyHelper  - getDirectDependsOnTables(connection=_databaseConfig=org.dbunit.database.DatabaseConfig[, _propertyMap={http://www.dbunit.org/properties/statementFactory=org.dbunit.database.statement.PreparedStatementFactory@626bc2b8, http://www.dbunit.org/features/caseSensitiveTableNames=false, http://www.dbunit.org/properties/fetchSize=100, http://www.dbunit.org/features/batchedStatements=false, http://www.dbunit.org/properties/metadataHandler=org.dbunit.database.DefaultMetadataHandler@3bbfdfde, http://www.dbunit.org/properties/datatypeFactory=org.dbunit.dataset.datatype.DefaultDataTypeFactory[_toleratedDeltaMap=org.dbunit.dataset.datatype.ToleratedDeltaMap@6452310a], http://www.dbunit.org/properties/escapePattern=null, http://www.dbunit.org/properties/batchSize=100, http://www.dbunit.org/features/qualifiedTableNames=false, http://www.dbunit.org/properties/tableType=[Ljava.lang.String;@5011bafa, http://www.dbunit.org/properties/resultSetTableFactory=org.dbunit.database.CachedResultSetTableFactory@10bcf083, http://www.dbunit.org/features/datatypeWarning=true}], _dataSet=AbstractDataSet[_orderedTableNameMap=null], tableName=NESTEDSCOPEDCONTENTCONDITIONS) - start
147128 [main] DEBUG org.dbunit.util.search.DepthFirstSearch  - search(nodesFrom=[NESTEDSCOPEDCONTENTCONDITIONS], callback=org.dbunit.database.search.ExportedKeysSearchCallback@2fadf84e) - start
147128 [main] DEBUG org.dbunit.util.CollectionsHelper  - objectsToSet(objects=NESTEDSCOPEDCONTENTCONDITIONS) - start
147128 [main] DEBUG org.dbunit.util.search.DepthFirstSearch  - search(nodesFrom=[NESTEDSCOPEDCONTENTCONDITIONS], callback=org.dbunit.database.search.ExportedKeysSearchCallback@2fadf84e) - start
147128 [main] DEBUG org.dbunit.util.search.DepthFirstSearch  - reverseSearch:NESTEDSCOPEDCONTENTCONDITIONS
147128 [main] DEBUG org.dbunit.database.search.ExportedKeysSearchCallback  - searchNode(node=NESTEDSCOPEDCONTENTCONDITIONS) - start
147128 [main] DEBUG org.dbunit.util.search.DepthFirstSearch  - Pushing (reverse) NESTEDSCOPEDCONTENTCONDITIONS
147128 [main] DEBUG org.dbunit.database.search.ExportedKeysSearchCallback  - getEdges(node=NESTEDSCOPEDCONTENTCONDITIONS) - start
147128 [main] DEBUG org.dbunit.database.search.AbstractMetaDataBasedSearchCallback  - getNodesFromExportedKeys(node=NESTEDSCOPEDCONTENTCONDITIONS) - start
147128 [main] DEBUG org.dbunit.database.search.AbstractMetaDataBasedSearchCallback  - getNodes(type=1, node=NESTEDSCOPEDCONTENTCONDITIONS) - start
147128 [main] DEBUG org.dbunit.database.DatabaseDataSourceConnection  - getConnection() - start
147128 [main] DEBUG org.dbunit.database.search.AbstractMetaDataBasedSearchCallback  - getNodes(type=1, node=NESTEDSCOPEDCONTENTCONDITIONS, conn=Transaction-aware proxy for target Connection [jdbc:hsqldb:mem:kontrollDS, UserName=sw, HSQL Database Engine Driver], schema=null, metaData=org.apache.commons.dbcp.DelegatingDatabaseMetaData@4688e156, edges=[]) - start
147128 [main] DEBUG org.dbunit.database.search.AbstractMetaDataBasedSearchCallback  - Getting edges for node NESTEDSCOPEDCONTENTCONDITIONS
147128 [main] TRACE org.dbunit.database.DatabaseConfig  - getProperty(name=http://www.dbunit.org/properties/metadataHandler) - start
147128 [main] TRACE org.dbunit.database.DefaultMetadataHandler  - tableExists(metaData=org.apache.commons.dbcp.DelegatingDatabaseMetaData@4688e156, schemaName=null, tableName=NESTEDSCOPEDCONTENTCONDITIONS) - start
147129 [main] DEBUG org.dbunit.util.SQLHelper  - close(resultSet=org.apache.commons.dbcp.DelegatingResultSet@3114c774) - start
147129 [main] DEBUG org.dbunit.util.SQLHelper  - close(resultSet=org.apache.commons.dbcp.DelegatingResultSet@6b2cca79) - start
147129 [main] DEBUG org.dbunit.util.search.DepthFirstSearch  - search:NESTEDSCOPEDCONTENTCONDITIONS
147129 [main] DEBUG org.dbunit.database.search.ExportedKeysSearchCallback  - searchNode(node=NESTEDSCOPEDCONTENTCONDITIONS) - start
147130 [main] DEBUG org.dbunit.util.search.DepthFirstSearch  - Pushing NESTEDSCOPEDCONTENTCONDITIONS
147130 [main] DEBUG org.dbunit.database.search.ExportedKeysSearchCallback  - getEdges(node=NESTEDSCOPEDCONTENTCONDITIONS) - start
147130 [main] DEBUG org.dbunit.database.search.AbstractMetaDataBasedSearchCallback  - getNodesFromExportedKeys(node=NESTEDSCOPEDCONTENTCONDITIONS) - start
147130 [main] DEBUG org.dbunit.database.search.AbstractMetaDataBasedSearchCallback  - getNodes(type=1, node=NESTEDSCOPEDCONTENTCONDITIONS) - start
147130 [main] DEBUG org.dbunit.database.DatabaseDataSourceConnection  - getConnection() - start
147130 [main] DEBUG org.dbunit.database.search.AbstractMetaDataBasedSearchCallback  - getNodes(type=1, node=NESTEDSCOPEDCONTENTCONDITIONS, conn=Transaction-aware proxy for target Connection [jdbc:hsqldb:mem:kontrollDS, UserName=sw, HSQL Database Engine Driver], schema=null, metaData=org.apache.commons.dbcp.DelegatingDatabaseMetaData@49a104e7, edges=[]) - start
147130 [main] DEBUG org.dbunit.database.search.AbstractMetaDataBasedSearchCallback  - Getting edges for node NESTEDSCOPEDCONTENTCONDITIONS
147130 [main] TRACE org.dbunit.database.DatabaseConfig  - getProperty(name=http://www.dbunit.org/properties/metadataHandler) - start
147130 [main] TRACE org.dbunit.database.DefaultMetadataHandler  - tableExists(metaData=org.apache.commons.dbcp.DelegatingDatabaseMetaData@49a104e7, schemaName=null, tableName=NESTEDSCOPEDCONTENTCONDITIONS) - start
147131 [main] DEBUG org.dbunit.util.SQLHelper  - close(resultSet=org.apache.commons.dbcp.DelegatingResultSet@5e7b4f2f) - start
147131 [main] DEBUG org.dbunit.util.SQLHelper  - close(resultSet=org.apache.commons.dbcp.DelegatingResultSet@fbdbccf) - start
147131 [main] DEBUG org.dbunit.util.search.DepthFirstSearch  - Adding node NESTEDSCOPEDCONTENTCONDITIONS to the final result
147131 [main] DEBUG org.dbunit.database.search.TablesDependencyHelper  - getDirectDependentTables(connection=_databaseConfig=org.dbunit.database.DatabaseConfig[, _propertyMap={http://www.dbunit.org/properties/statementFactory=org.dbunit.database.statement.PreparedStatementFactory@626bc2b8, http://www.dbunit.org/features/caseSensitiveTableNames=false, http://www.dbunit.org/properties/fetchSize=100, http://www.dbunit.org/features/batchedStatements=false, http://www.dbunit.org/properties/metadataHandler=org.dbunit.database.DefaultMetadataHandler@3bbfdfde, http://www.dbunit.org/properties/datatypeFactory=org.dbunit.dataset.datatype.DefaultDataTypeFactory[_toleratedDeltaMap=org.dbunit.dataset.datatype.ToleratedDeltaMap@6452310a], http://www.dbunit.org/properties/escapePattern=null, http://www.dbunit.org/properties/batchSize=100, http://www.dbunit.org/features/qualifiedTableNames=false, http://www.dbunit.org/properties/tableType=[Ljava.lang.String;@5011bafa, http://www.dbunit.org/properties/resultSetTableFactory=org.dbunit.database.CachedResultSetTableFactory@10bcf083, http://www.dbunit.org/features/datatypeWarning=true}], _dataSet=AbstractDataSet[_orderedTableNameMap=null], tableName=NESTEDSCOPEDCONTENTCONDITIONS) - start
147131 [main] DEBUG org.dbunit.util.search.DepthFirstSearch  - search(nodesFrom=[NESTEDSCOPEDCONTENTCONDITIONS], callback=org.dbunit.database.search.ImportedKeysSearchCallback@1581b4f0) - start
147131 [main] DEBUG org.dbunit.util.CollectionsHelper  - objectsToSet(objects=NESTEDSCOPEDCONTENTCONDITIONS) - start
147131 [main] DEBUG org.dbunit.util.search.DepthFirstSearch  - search(nodesFrom=[NESTEDSCOPEDCONTENTCONDITIONS], callback=org.dbunit.database.search.ImportedKeysSearchCallback@1581b4f0) - start
147131 [main] DEBUG org.dbunit.util.search.DepthFirstSearch  - reverseSearch:NESTEDSCOPEDCONTENTCONDITIONS
147131 [main] DEBUG org.dbunit.database.search.ImportedKeysSearchCallback  - searchNode(node=NESTEDSCOPEDCONTENTCONDITIONS) - start
147131 [main] DEBUG org.dbunit.util.search.DepthFirstSearch  - Pushing (reverse) NESTEDSCOPEDCONTENTCONDITIONS
147131 [main] DEBUG org.dbunit.database.search.ImportedKeysSearchCallback  - getEdges(node=NESTEDSCOPEDCONTENTCONDITIONS) - start
147131 [main] DEBUG org.dbunit.database.search.AbstractMetaDataBasedSearchCallback  - getNodesFromImportedKeys(node=NESTEDSCOPEDCONTENTCONDITIONS) - start
147131 [main] DEBUG org.dbunit.database.search.AbstractMetaDataBasedSearchCallback  - getNodes(type=0, node=NESTEDSCOPEDCONTENTCONDITIONS) - start
147132 [main] DEBUG org.dbunit.database.DatabaseDataSourceConnection  - getConnection() - start
147132 [main] DEBUG org.dbunit.database.search.AbstractMetaDataBasedSearchCallback  - getNodes(type=0, node=NESTEDSCOPEDCONTENTCONDITIONS, conn=Transaction-aware proxy for target Connection [jdbc:hsqldb:mem:kontrollDS, UserName=sw, HSQL Database Engine Driver], schema=null, metaData=org.apache.commons.dbcp.DelegatingDatabaseMetaData@768e0397, edges=[]) - start
147132 [main] DEBUG org.dbunit.database.search.AbstractMetaDataBasedSearchCallback  - Getting edges for node NESTEDSCOPEDCONTENTCONDITIONS
147132 [main] TRACE org.dbunit.database.DatabaseConfig  - getProperty(name=http://www.dbunit.org/properties/metadataHandler) - start
147132 [main] TRACE org.dbunit.database.DefaultMetadataHandler  - tableExists(metaData=org.apache.commons.dbcp.DelegatingDatabaseMetaData@768e0397, schemaName=null, tableName=NESTEDSCOPEDCONTENTCONDITIONS) - start
147133 [main] DEBUG org.dbunit.util.SQLHelper  - close(resultSet=org.apache.commons.dbcp.DelegatingResultSet@4853c39f) - start
147133 [main] DEBUG org.dbunit.util.QualifiedTableName  - getQualifiedNameIfEnabled(config=org.dbunit.database.DatabaseConfig[, _propertyMap={http://www.dbunit.org/properties/statementFactory=org.dbunit.database.statement.PreparedStatementFactory@626bc2b8, http://www.dbunit.org/features/caseSensitiveTableNames=false, http://www.dbunit.org/properties/fetchSize=100, http://www.dbunit.org/features/batchedStatements=false, http://www.dbunit.org/properties/metadataHandler=org.dbunit.database.DefaultMetadataHandler@3bbfdfde, http://www.dbunit.org/properties/datatypeFactory=org.dbunit.dataset.datatype.DefaultDataTypeFactory[_toleratedDeltaMap=org.dbunit.dataset.datatype.ToleratedDeltaMap@6452310a], http://www.dbunit.org/properties/escapePattern=null, http://www.dbunit.org/properties/batchSize=100, http://www.dbunit.org/features/qualifiedTableNames=false, http://www.dbunit.org/properties/tableType=[Ljava.lang.String;@5011bafa, http://www.dbunit.org/properties/resultSetTableFactory=org.dbunit.database.CachedResultSetTableFactory@10bcf083, http://www.dbunit.org/features/datatypeWarning=true}]) - start
147133 [main] TRACE org.dbunit.database.DatabaseConfig  - getFeature(name=http://www.dbunit.org/features/qualifiedTableNames) - start
147133 [main] TRACE org.dbunit.database.DatabaseConfig  - getProperty(name=http://www.dbunit.org/features/qualifiedTableNames) - start
147133 [main] DEBUG org.dbunit.util.QualifiedTableName  - Qualified table names feature is disabled. Returning plain table name
147133 [main] DEBUG org.dbunit.util.QualifiedTableName  - getQualifiedName(prefix=null, name=NESTEDSCOPEDCONTENTCONDITIONS, escapePattern=null) - start
147133 [main] DEBUG org.dbunit.util.QualifiedTableName  - getQualifiedNameIfEnabled(config=org.dbunit.database.DatabaseConfig[, _propertyMap={http://www.dbunit.org/properties/statementFactory=org.dbunit.database.statement.PreparedStatementFactory@626bc2b8, http://www.dbunit.org/features/caseSensitiveTableNames=false, http://www.dbunit.org/properties/fetchSize=100, http://www.dbunit.org/features/batchedStatements=false, http://www.dbunit.org/properties/metadataHandler=org.dbunit.database.DefaultMetadataHandler@3bbfdfde, http://www.dbunit.org/properties/datatypeFactory=org.dbunit.dataset.datatype.DefaultDataTypeFactory[_toleratedDeltaMap=org.dbunit.dataset.datatype.ToleratedDeltaMap@6452310a], http://www.dbunit.org/properties/escapePattern=null, http://www.dbunit.org/properties/batchSize=100, http://www.dbunit.org/features/qualifiedTableNames=false, http://www.dbunit.org/properties/tableType=[Ljava.lang.String;@5011bafa, http://www.dbunit.org/properties/resultSetTableFactory=org.dbunit.database.CachedResultSetTableFactory@10bcf083, http://www.dbunit.org/features/datatypeWarning=true}]) - start
147133 [main] TRACE org.dbunit.database.DatabaseConfig  - getFeature(name=http://www.dbunit.org/features/qualifiedTableNames) - start
147134 [main] TRACE org.dbunit.database.DatabaseConfig  - getProperty(name=http://www.dbunit.org/features/qualifiedTableNames) - start
147134 [main] DEBUG org.dbunit.util.QualifiedTableName  - Qualified table names feature is disabled. Returning plain table name
147134 [main] DEBUG org.dbunit.util.QualifiedTableName  - getQualifiedName(prefix=null, name=SCOPEDCONTENTCONDITION, escapePattern=null) - start
147134 [main] DEBUG org.dbunit.database.search.AbstractMetaDataBasedSearchCallback  - newEdge(rs=org.apache.commons.dbcp.DelegatingResultSet@119ab47c, type=0, from=NESTEDSCOPEDCONTENTCONDITIONS, to=SCOPEDCONTENTCONDITION, fkColumn=CHILD_CONDITION_ID, pkColumn=ID) - start
147134 [main] DEBUG org.dbunit.database.search.AbstractMetaDataBasedSearchCallback  - createFKEdge(rs=org.apache.commons.dbcp.DelegatingResultSet@119ab47c, type=0, from=NESTEDSCOPEDCONTENTCONDITIONS, to=SCOPEDCONTENTCONDITION, fkColumn=CHILD_CONDITION_ID, pkColumn=ID) - start
147134 [main] DEBUG org.dbunit.database.search.AbstractMetaDataBasedSearchCallback  - Adding edge NESTEDSCOPEDCONTENTCONDITIONS(CHILD_CONDITION_ID)->SCOPEDCONTENTCONDITION(ID)
147134 [main] DEBUG org.dbunit.util.search.Edge  - compareTo(o=NESTEDSCOPEDCONTENTCONDITIONS(CHILD_CONDITION_ID)->SCOPEDCONTENTCONDITION(ID)) - start
147134 [main] DEBUG org.dbunit.util.QualifiedTableName  - getQualifiedNameIfEnabled(config=org.dbunit.database.DatabaseConfig[, _propertyMap={http://www.dbunit.org/properties/statementFactory=org.dbunit.database.statement.PreparedStatementFactory@626bc2b8, http://www.dbunit.org/features/caseSensitiveTableNames=false, http://www.dbunit.org/properties/fetchSize=100, http://www.dbunit.org/features/batchedStatements=false, http://www.dbunit.org/properties/metadataHandler=org.dbunit.database.DefaultMetadataHandler@3bbfdfde, http://www.dbunit.org/properties/datatypeFactory=org.dbunit.dataset.datatype.DefaultDataTypeFactory[_toleratedDeltaMap=org.dbunit.dataset.datatype.ToleratedDeltaMap@6452310a], http://www.dbunit.org/properties/escapePattern=null, http://www.dbunit.org/properties/batchSize=100, http://www.dbunit.org/features/qualifiedTableNames=false, http://www.dbunit.org/properties/tableType=[Ljava.lang.String;@5011bafa, http://www.dbunit.org/properties/resultSetTableFactory=org.dbunit.database.CachedResultSetTableFactory@10bcf083, http://www.dbunit.org/features/datatypeWarning=true}]) - start
147134 [main] TRACE org.dbunit.database.DatabaseConfig  - getFeature(name=http://www.dbunit.org/features/qualifiedTableNames) - start
147134 [main] TRACE org.dbunit.database.DatabaseConfig  - getProperty(name=http://www.dbunit.org/features/qualifiedTableNames) - start
147134 [main] DEBUG org.dbunit.util.QualifiedTableName  - Qualified table names feature is disabled. Returning plain table name
147134 [main] DEBUG org.dbunit.util.QualifiedTableName  - getQualifiedName(prefix=null, name=NESTEDSCOPEDCONTENTCONDITIONS, escapePattern=null) - start
147134 [main] DEBUG org.dbunit.util.QualifiedTableName  - getQualifiedNameIfEnabled(config=org.dbunit.database.DatabaseConfig[, _propertyMap={http://www.dbunit.org/properties/statementFactory=org.dbunit.database.statement.PreparedStatementFactory@626bc2b8, http://www.dbunit.org/features/caseSensitiveTableNames=false, http://www.dbunit.org/properties/fetchSize=100, http://www.dbunit.org/features/batchedStatements=false, http://www.dbunit.org/properties/metadataHandler=org.dbunit.database.DefaultMetadataHandler@3bbfdfde, http://www.dbunit.org/properties/datatypeFactory=org.dbunit.dataset.datatype.DefaultDataTypeFactory[_toleratedDeltaMap=org.dbunit.dataset.datatype.ToleratedDeltaMap@6452310a], http://www.dbunit.org/properties/escapePattern=null, http://www.dbunit.org/properties/batchSize=100, http://www.dbunit.org/features/qualifiedTableNames=false, http://www.dbunit.org/properties/tableType=[Ljava.lang.String;@5011bafa, http://www.dbunit.org/properties/resultSetTableFactory=org.dbunit.database.CachedResultSetTableFactory@10bcf083, http://www.dbunit.org/features/datatypeWarning=true}]) - start
147134 [main] TRACE org.dbunit.database.DatabaseConfig  - getFeature(name=http://www.dbunit.org/features/qualifiedTableNames) - start
147134 [main] TRACE org.dbunit.database.DatabaseConfig  - getProperty(name=http://www.dbunit.org/features/qualifiedTableNames) - start
147134 [main] DEBUG org.dbunit.util.QualifiedTableName  - Qualified table names feature is disabled. Returning plain table name
147134 [main] DEBUG org.dbunit.util.QualifiedTableName  - getQualifiedName(prefix=null, name=SCOPEDCONTENTCONDITION, escapePattern=null) - start
147134 [main] DEBUG org.dbunit.database.search.AbstractMetaDataBasedSearchCallback  - newEdge(rs=org.apache.commons.dbcp.DelegatingResultSet@119ab47c, type=0, from=NESTEDSCOPEDCONTENTCONDITIONS, to=SCOPEDCONTENTCONDITION, fkColumn=PARENT_CONDITION_ID, pkColumn=ID) - start
147134 [main] DEBUG org.dbunit.database.search.AbstractMetaDataBasedSearchCallback  - createFKEdge(rs=org.apache.commons.dbcp.DelegatingResultSet@119ab47c, type=0, from=NESTEDSCOPEDCONTENTCONDITIONS, to=SCOPEDCONTENTCONDITION, fkColumn=PARENT_CONDITION_ID, pkColumn=ID) - start
147134 [main] DEBUG org.dbunit.database.search.AbstractMetaDataBasedSearchCallback  - Adding edge NESTEDSCOPEDCONTENTCONDITIONS(PARENT_CONDITION_ID)->SCOPEDCONTENTCONDITION(ID)
147134 [main] DEBUG org.dbunit.util.search.Edge  - compareTo(o=NESTEDSCOPEDCONTENTCONDITIONS(CHILD_CONDITION_ID)->SCOPEDCONTENTCONDITION(ID)) - start
147134 [main] DEBUG org.dbunit.util.SQLHelper  - close(resultSet=org.apache.commons.dbcp.DelegatingResultSet@119ab47c) - start
147134 [main] DEBUG org.dbunit.util.search.DepthFirstSearch  - search:NESTEDSCOPEDCONTENTCONDITIONS
147134 [main] DEBUG org.dbunit.database.search.ImportedKeysSearchCallback  - searchNode(node=NESTEDSCOPEDCONTENTCONDITIONS) - start
147134 [main] DEBUG org.dbunit.util.search.DepthFirstSearch  - Pushing NESTEDSCOPEDCONTENTCONDITIONS
147134 [main] DEBUG org.dbunit.database.search.ImportedKeysSearchCallback  - getEdges(node=NESTEDSCOPEDCONTENTCONDITIONS) - start
147135 [main] DEBUG org.dbunit.database.search.AbstractMetaDataBasedSearchCallback  - getNodesFromImportedKeys(node=NESTEDSCOPEDCONTENTCONDITIONS) - start
147135 [main] DEBUG org.dbunit.database.search.AbstractMetaDataBasedSearchCallback  - getNodes(type=0, node=NESTEDSCOPEDCONTENTCONDITIONS) - start
147135 [main] DEBUG org.dbunit.database.DatabaseDataSourceConnection  - getConnection() - start
147135 [main] DEBUG org.dbunit.database.search.AbstractMetaDataBasedSearchCallback  - getNodes(type=0, node=NESTEDSCOPEDCONTENTCONDITIONS, conn=Transaction-aware proxy for target Connection [jdbc:hsqldb:mem:kontrollDS, UserName=sw, HSQL Database Engine Driver], schema=null, metaData=org.apache.commons.dbcp.DelegatingDatabaseMetaData@43bf41eb, edges=[]) - start
147135 [main] DEBUG org.dbunit.database.search.AbstractMetaDataBasedSearchCallback  - Getting edges for node NESTEDSCOPEDCONTENTCONDITIONS
147135 [main] TRACE org.dbunit.database.DatabaseConfig  - getProperty(name=http://www.dbunit.org/properties/metadataHandler) - start
147135 [main] TRACE org.dbunit.database.DefaultMetadataHandler  - tableExists(metaData=org.apache.commons.dbcp.DelegatingDatabaseMetaData@43bf41eb, schemaName=null, tableName=NESTEDSCOPEDCONTENTCONDITIONS) - start
147137 [main] DEBUG org.dbunit.util.SQLHelper  - close(resultSet=org.apache.commons.dbcp.DelegatingResultSet@6f57976c) - start
147137 [main] DEBUG org.dbunit.util.QualifiedTableName  - getQualifiedNameIfEnabled(config=org.dbunit.database.DatabaseConfig[, _propertyMap={http://www.dbunit.org/properties/statementFactory=org.dbunit.database.statement.PreparedStatementFactory@626bc2b8, http://www.dbunit.org/features/caseSensitiveTableNames=false, http://www.dbunit.org/properties/fetchSize=100, http://www.dbunit.org/features/batchedStatements=false, http://www.dbunit.org/properties/metadataHandler=org.dbunit.database.DefaultMetadataHandler@3bbfdfde, http://www.dbunit.org/properties/datatypeFactory=org.dbunit.dataset.datatype.DefaultDataTypeFactory[_toleratedDeltaMap=org.dbunit.dataset.datatype.ToleratedDeltaMap@6452310a], http://www.dbunit.org/properties/escapePattern=null, http://www.dbunit.org/properties/batchSize=100, http://www.dbunit.org/features/qualifiedTableNames=false, http://www.dbunit.org/properties/tableType=[Ljava.lang.String;@5011bafa, http://www.dbunit.org/properties/resultSetTableFactory=org.dbunit.database.CachedResultSetTableFactory@10bcf083, http://www.dbunit.org/features/datatypeWarning=true}]) - start
147137 [main] TRACE org.dbunit.database.DatabaseConfig  - getFeature(name=http://www.dbunit.org/features/qualifiedTableNames) - start
147137 [main] TRACE org.dbunit.database.DatabaseConfig  - getProperty(name=http://www.dbunit.org/features/qualifiedTableNames) - start
147137 [main] DEBUG org.dbunit.util.QualifiedTableName  - Qualified table names feature is disabled. Returning plain table name
147137 [main] DEBUG org.dbunit.util.QualifiedTableName  - getQualifiedName(prefix=null, name=NESTEDSCOPEDCONTENTCONDITIONS, escapePattern=null) - start
147137 [main] DEBUG org.dbunit.util.QualifiedTableName  - getQualifiedNameIfEnabled(config=org.dbunit.database.DatabaseConfig[, _propertyMap={http://www.dbunit.org/properties/statementFactory=org.dbunit.database.statement.PreparedStatementFactory@626bc2b8, http://www.dbunit.org/features/caseSensitiveTableNames=false, http://www.dbunit.org/properties/fetchSize=100, http://www.dbunit.org/features/batchedStatements=false, http://www.dbunit.org/properties/metadataHandler=org.dbunit.database.DefaultMetadataHandler@3bbfdfde, http://www.dbunit.org/properties/datatypeFactory=org.dbunit.dataset.datatype.DefaultDataTypeFactory[_toleratedDeltaMap=org.dbunit.dataset.datatype.ToleratedDeltaMap@6452310a], http://www.dbunit.org/properties/escapePattern=null, http://www.dbunit.org/properties/batchSize=100, http://www.dbunit.org/features/qualifiedTableNames=false, http://www.dbunit.org/properties/tableType=[Ljava.lang.String;@5011bafa, http://www.dbunit.org/properties/resultSetTableFactory=org.dbunit.database.CachedResultSetTableFactory@10bcf083, http://www.dbunit.org/features/datatypeWarning=true}]) - start
147137 [main] TRACE org.dbunit.database.DatabaseConfig  - getFeature(name=http://www.dbunit.org/features/qualifiedTableNames) - start
147137 [main] TRACE org.dbunit.database.DatabaseConfig  - getProperty(name=http://www.dbunit.org/features/qualifiedTableNames) - start
147137 [main] DEBUG org.dbunit.util.QualifiedTableName  - Qualified table names feature is disabled. Returning plain table name
147137 [main] DEBUG org.dbunit.util.QualifiedTableName  - getQualifiedName(prefix=null, name=SCOPEDCONTENTCONDITION, escapePattern=null) - start
147137 [main] DEBUG org.dbunit.database.search.AbstractMetaDataBasedSearchCallback  - newEdge(rs=org.apache.commons.dbcp.DelegatingResultSet@cb15150, type=0, from=NESTEDSCOPEDCONTENTCONDITIONS, to=SCOPEDCONTENTCONDITION, fkColumn=CHILD_CONDITION_ID, pkColumn=ID) - start
147137 [main] DEBUG org.dbunit.database.search.AbstractMetaDataBasedSearchCallback  - createFKEdge(rs=org.apache.commons.dbcp.DelegatingResultSet@cb15150, type=0, from=NESTEDSCOPEDCONTENTCONDITIONS, to=SCOPEDCONTENTCONDITION, fkColumn=CHILD_CONDITION_ID, pkColumn=ID) - start
147137 [main] DEBUG org.dbunit.database.search.AbstractMetaDataBasedSearchCallback  - Adding edge NESTEDSCOPEDCONTENTCONDITIONS(CHILD_CONDITION_ID)->SCOPEDCONTENTCONDITION(ID)
147137 [main] DEBUG org.dbunit.util.search.Edge  - compareTo(o=NESTEDSCOPEDCONTENTCONDITIONS(CHILD_CONDITION_ID)->SCOPEDCONTENTCONDITION(ID)) - start
147137 [main] DEBUG org.dbunit.util.QualifiedTableName  - getQualifiedNameIfEnabled(config=org.dbunit.database.DatabaseConfig[, _propertyMap={http://www.dbunit.org/properties/statementFactory=org.dbunit.database.statement.PreparedStatementFactory@626bc2b8, http://www.dbunit.org/features/caseSensitiveTableNames=false, http://www.dbunit.org/properties/fetchSize=100, http://www.dbunit.org/features/batchedStatements=false, http://www.dbunit.org/properties/metadataHandler=org.dbunit.database.DefaultMetadataHandler@3bbfdfde, http://www.dbunit.org/properties/datatypeFactory=org.dbunit.dataset.datatype.DefaultDataTypeFactory[_toleratedDeltaMap=org.dbunit.dataset.datatype.ToleratedDeltaMap@6452310a], http://www.dbunit.org/properties/escapePattern=null, http://www.dbunit.org/properties/batchSize=100, http://www.dbunit.org/features/qualifiedTableNames=false, http://www.dbunit.org/properties/tableType=[Ljava.lang.String;@5011bafa, http://www.dbunit.org/properties/resultSetTableFactory=org.dbunit.database.CachedResultSetTableFactory@10bcf083, http://www.dbunit.org/features/datatypeWarning=true}]) - start
147138 [main] TRACE org.dbunit.database.DatabaseConfig  - getFeature(name=http://www.dbunit.org/features/qualifiedTableNames) - start
147138 [main] TRACE org.dbunit.database.DatabaseConfig  - getProperty(name=http://www.dbunit.org/features/qualifiedTableNames) - start
147138 [main] DEBUG org.dbunit.util.QualifiedTableName  - Qualified table names feature is disabled. Returning plain table name
147138 [main] DEBUG org.dbunit.util.QualifiedTableName  - getQualifiedName(prefix=null, name=NESTEDSCOPEDCONTENTCONDITIONS, escapePattern=null) - start
147138 [main] DEBUG org.dbunit.util.QualifiedTableName  - getQualifiedNameIfEnabled(config=org.dbunit.database.DatabaseConfig[, _propertyMap={http://www.dbunit.org/properties/statementFactory=org.dbunit.database.statement.PreparedStatementFactory@626bc2b8, http://www.dbunit.org/features/caseSensitiveTableNames=false, http://www.dbunit.org/properties/fetchSize=100, http://www.dbunit.org/features/batchedStatements=false, http://www.dbunit.org/properties/metadataHandler=org.dbunit.database.DefaultMetadataHandler@3bbfdfde, http://www.dbunit.org/properties/datatypeFactory=org.dbunit.dataset.datatype.DefaultDataTypeFactory[_toleratedDeltaMap=org.dbunit.dataset.datatype.ToleratedDeltaMap@6452310a], http://www.dbunit.org/properties/escapePattern=null, http://www.dbunit.org/properties/batchSize=100, http://www.dbunit.org/features/qualifiedTableNames=false, http://www.dbunit.org/properties/tableType=[Ljava.lang.String;@5011bafa, http://www.dbunit.org/properties/resultSetTableFactory=org.dbunit.database.CachedResultSetTableFactory@10bcf083, http://www.dbunit.org/features/datatypeWarning=true}]) - start
147138 [main] TRACE org.dbunit.database.DatabaseConfig  - getFeature(name=http://www.dbunit.org/features/qualifiedTableNames) - start
147138 [main] TRACE org.dbunit.database.DatabaseConfig  - getProperty(name=http://www.dbunit.org/features/qualifiedTableNames) - start
147138 [main] DEBUG org.dbunit.util.QualifiedTableName  - Qualified table names feature is disabled. Returning plain table name
147138 [main] DEBUG org.dbunit.util.QualifiedTableName  - getQualifiedName(prefix=null, name=SCOPEDCONTENTCONDITION, escapePattern=null) - start
147138 [main] DEBUG org.dbunit.database.search.AbstractMetaDataBasedSearchCallback  - newEdge(rs=org.apache.commons.dbcp.DelegatingResultSet@cb15150, type=0, from=NESTEDSCOPEDCONTENTCONDITIONS, to=SCOPEDCONTENTCONDITION, fkColumn=PARENT_CONDITION_ID, pkColumn=ID) - start
147138 [main] DEBUG org.dbunit.database.search.AbstractMetaDataBasedSearchCallback  - createFKEdge(rs=org.apache.commons.dbcp.DelegatingResultSet@cb15150, type=0, from=NESTEDSCOPEDCONTENTCONDITIONS, to=SCOPEDCONTENTCONDITION, fkColumn=PARENT_CONDITION_ID, pkColumn=ID) - start
147138 [main] DEBUG org.dbunit.database.search.AbstractMetaDataBasedSearchCallback  - Adding edge NESTEDSCOPEDCONTENTCONDITIONS(PARENT_CONDITION_ID)->SCOPEDCONTENTCONDITION(ID)
147138 [main] DEBUG org.dbunit.util.search.Edge  - compareTo(o=NESTEDSCOPEDCONTENTCONDITIONS(CHILD_CONDITION_ID)->SCOPEDCONTENTCONDITION(ID)) - start
147138 [main] DEBUG org.dbunit.util.SQLHelper  - close(resultSet=org.apache.commons.dbcp.DelegatingResultSet@cb15150) - start
147138 [main] DEBUG org.dbunit.util.search.DepthFirstSearch  - search:SCOPEDCONTENTCONDITION
147138 [main] DEBUG org.dbunit.database.search.ImportedKeysSearchCallback  - searchNode(node=SCOPEDCONTENTCONDITION) - start
147138 [main] DEBUG org.dbunit.util.search.DepthFirstSearch  - Pushing SCOPEDCONTENTCONDITION
147138 [main] DEBUG org.dbunit.database.search.ImportedKeysSearchCallback  - getEdges(node=SCOPEDCONTENTCONDITION) - start
147138 [main] DEBUG org.dbunit.database.search.AbstractMetaDataBasedSearchCallback  - getNodesFromImportedKeys(node=SCOPEDCONTENTCONDITION) - start
147138 [main] DEBUG org.dbunit.database.search.AbstractMetaDataBasedSearchCallback  - getNodes(type=0, node=SCOPEDCONTENTCONDITION) - start
147138 [main] DEBUG org.dbunit.database.DatabaseDataSourceConnection  - getConnection() - start
147138 [main] DEBUG org.dbunit.database.search.AbstractMetaDataBasedSearchCallback  - getNodes(type=0, node=SCOPEDCONTENTCONDITION, conn=Transaction-aware proxy for target Connection [jdbc:hsqldb:mem:kontrollDS, UserName=sw, HSQL Database Engine Driver], schema=null, metaData=org.apache.commons.dbcp.DelegatingDatabaseMetaData@4d5161b2, edges=[]) - start
147138 [main] DEBUG org.dbunit.database.search.AbstractMetaDataBasedSearchCallback  - Getting edges for node SCOPEDCONTENTCONDITION
147138 [main] TRACE org.dbunit.database.DatabaseConfig  - getProperty(name=http://www.dbunit.org/properties/metadataHandler) - start
147138 [main] TRACE org.dbunit.database.DefaultMetadataHandler  - tableExists(metaData=org.apache.commons.dbcp.DelegatingDatabaseMetaData@4d5161b2, schemaName=null, tableName=SCOPEDCONTENTCONDITION) - start
147140 [main] DEBUG org.dbunit.util.SQLHelper  - close(resultSet=org.apache.commons.dbcp.DelegatingResultSet@eb6e072) - start
147140 [main] DEBUG org.dbunit.util.SQLHelper  - close(resultSet=org.apache.commons.dbcp.DelegatingResultSet@a3e9be6) - start
147140 [main] DEBUG org.dbunit.util.search.DepthFirstSearch  - Adding node SCOPEDCONTENTCONDITION to the final result
147140 [main] DEBUG org.dbunit.util.search.DepthFirstSearch  - Adding node NESTEDSCOPEDCONTENTCONDITIONS to the final result
147140 [main] DEBUG org.dbunit.util.search.DepthFirstSearch  - reverseSearch:NESTEDSCOPEDCONTENTCONDITIONS
147140 [main] DEBUG org.dbunit.util.search.DepthFirstSearch  - already searched; returning true
147140 [main] DEBUG org.dbunit.util.search.DepthFirstSearch  - reverseSearch:SCOPEDCONTENTCONDITION
147140 [main] DEBUG org.dbunit.database.search.ImportedKeysSearchCallback  - searchNode(node=SCOPEDCONTENTCONDITION) - start
147140 [main] DEBUG org.dbunit.util.search.DepthFirstSearch  - Pushing (reverse) SCOPEDCONTENTCONDITION
147140 [main] DEBUG org.dbunit.database.search.ImportedKeysSearchCallback  - getEdges(node=SCOPEDCONTENTCONDITION) - start
147140 [main] DEBUG org.dbunit.database.search.AbstractMetaDataBasedSearchCallback  - getNodesFromImportedKeys(node=SCOPEDCONTENTCONDITION) - start
147140 [main] DEBUG org.dbunit.database.search.AbstractMetaDataBasedSearchCallback  - getNodes(type=0, node=SCOPEDCONTENTCONDITION) - start
147140 [main] DEBUG org.dbunit.database.DatabaseDataSourceConnection  - getConnection() - start
147140 [main] DEBUG org.dbunit.database.search.AbstractMetaDataBasedSearchCallback  - getNodes(type=0, node=SCOPEDCONTENTCONDITION, conn=Transaction-aware proxy for target Connection [jdbc:hsqldb:mem:kontrollDS, UserName=sw, HSQL Database Engine Driver], schema=null, metaData=org.apache.commons.dbcp.DelegatingDatabaseMetaData@146d1e4b, edges=[]) - start
147140 [main] DEBUG org.dbunit.database.search.AbstractMetaDataBasedSearchCallback  - Getting edges for node SCOPEDCONTENTCONDITION
147140 [main] TRACE org.dbunit.database.DatabaseConfig  - getProperty(name=http://www.dbunit.org/properties/metadataHandler) - start
147140 [main] TRACE org.dbunit.database.DefaultMetadataHandler  - tableExists(metaData=org.apache.commons.dbcp.DelegatingDatabaseMetaData@146d1e4b, schemaName=null, tableName=SCOPEDCONTENTCONDITION) - start
147141 [main] DEBUG org.dbunit.util.SQLHelper  - close(resultSet=org.apache.commons.dbcp.DelegatingResultSet@78f8563a) - start
147142 [main] DEBUG org.dbunit.util.SQLHelper  - close(resultSet=org.apache.commons.dbcp.DelegatingResultSet@69b7d245) - start
147142 [main] DEBUG org.dbunit.util.search.DepthFirstSearch  - search:NESTEDSCOPEDCONTENTCONDITIONS
147142 [main] DEBUG org.dbunit.util.search.DepthFirstSearch  - already searched; returning true
147142 [main] DEBUG org.dbunit.util.search.DepthFirstSearch  - search:SCOPEDCONTENTCONDITION
147142 [main] DEBUG org.dbunit.util.search.DepthFirstSearch  - already searched; returning true
147142 [main] DEBUG org.dbunit.database.DatabaseSequenceFilter  - getDependencyInfo(connection=_databaseConfig=org.dbunit.database.DatabaseConfig[, _propertyMap={http://www.dbunit.org/properties/statementFactory=org.dbunit.database.statement.PreparedStatementFactory@626bc2b8, http://www.dbunit.org/features/caseSensitiveTableNames=false, http://www.dbunit.org/properties/fetchSize=100, http://www.dbunit.org/features/batchedStatements=false, http://www.dbunit.org/properties/metadataHandler=org.dbunit.database.DefaultMetadataHandler@3bbfdfde, http://www.dbunit.org/properties/datatypeFactory=org.dbunit.dataset.datatype.DefaultDataTypeFactory[_toleratedDeltaMap=org.dbunit.dataset.datatype.ToleratedDeltaMap@6452310a], http://www.dbunit.org/properties/escapePattern=null, http://www.dbunit.org/properties/batchSize=100, http://www.dbunit.org/features/qualifiedTableNames=false, http://www.dbunit.org/properties/tableType=[Ljava.lang.String;@5011bafa, http://www.dbunit.org/properties/resultSetTableFactory=org.dbunit.database.CachedResultSetTableFactory@10bcf083, http://www.dbunit.org/features/datatypeWarning=true}], _dataSet=AbstractDataSet[_orderedTableNameMap=null], tableName=REQUESTCONTEXT) - start
147142 [main] DEBUG org.dbunit.database.search.TablesDependencyHelper  - getDependentTables(connection=_databaseConfig=org.dbunit.database.DatabaseConfig[, _propertyMap={http://www.dbunit.org/properties/statementFactory=org.dbunit.database.statement.PreparedStatementFactory@626bc2b8, http://www.dbunit.org/features/caseSensitiveTableNames=false, http://www.dbunit.org/properties/fetchSize=100, http://www.dbunit.org/features/batchedStatements=false, http://www.dbunit.org/properties/metadataHandler=org.dbunit.database.DefaultMetadataHandler@3bbfdfde, http://www.dbunit.org/properties/datatypeFactory=org.dbunit.dataset.datatype.DefaultDataTypeFactory[_toleratedDeltaMap=org.dbunit.dataset.datatype.ToleratedDeltaMap@6452310a], http://www.dbunit.org/properties/escapePattern=null, http://www.dbunit.org/properties/batchSize=100, http://www.dbunit.org/features/qualifiedTableNames=false, http://www.dbunit.org/properties/tableType=[Ljava.lang.String;@5011bafa, http://www.dbunit.org/properties/resultSetTableFactory=org.dbunit.database.CachedResultSetTableFactory@10bcf083, http://www.dbunit.org/features/datatypeWarning=true}], _dataSet=AbstractDataSet[_orderedTableNameMap=null], rootTable=REQUESTCONTEXT) - start
147142 [main] DEBUG org.dbunit.database.search.TablesDependencyHelper  - getDependentTables(connection=_databaseConfig=org.dbunit.database.DatabaseConfig[, _propertyMap={http://www.dbunit.org/properties/statementFactory=org.dbunit.database.statement.PreparedStatementFactory@626bc2b8, http://www.dbunit.org/features/caseSensitiveTableNames=false, http://www.dbunit.org/properties/fetchSize=100, http://www.dbunit.org/features/batchedStatements=false, http://www.dbunit.org/properties/metadataHandler=org.dbunit.database.DefaultMetadataHandler@3bbfdfde, http://www.dbunit.org/properties/datatypeFactory=org.dbunit.dataset.datatype.DefaultDataTypeFactory[_toleratedDeltaMap=org.dbunit.dataset.datatype.ToleratedDeltaMap@6452310a], http://www.dbunit.org/properties/escapePattern=null, http://www.dbunit.org/properties/batchSize=100, http://www.dbunit.org/features/qualifiedTableNames=false, http://www.dbunit.org/properties/tableType=[Ljava.lang.String;@5011bafa, http://www.dbunit.org/properties/resultSetTableFactory=org.dbunit.database.CachedResultSetTableFactory@10bcf083, http://www.dbunit.org/features/datatypeWarning=true}], _dataSet=AbstractDataSet[_orderedTableNameMap=null], rootTables=[REQUESTCONTEXT]) - start
147142 [main] DEBUG org.dbunit.util.search.DepthFirstSearch  - search(nodesFrom=[REQUESTCONTEXT], callback=org.dbunit.database.search.ImportedKeysSearchCallback@4f467f3f) - start
147142 [main] DEBUG org.dbunit.util.CollectionsHelper  - objectsToSet(objects=REQUESTCONTEXT) - start
147142 [main] DEBUG org.dbunit.util.search.DepthFirstSearch  - search(nodesFrom=[REQUESTCONTEXT], callback=org.dbunit.database.search.ImportedKeysSearchCallback@4f467f3f) - start
147142 [main] DEBUG org.dbunit.util.search.DepthFirstSearch  - reverseSearch:REQUESTCONTEXT
147142 [main] DEBUG org.dbunit.database.search.ImportedKeysSearchCallback  - searchNode(node=REQUESTCONTEXT) - start
147142 [main] DEBUG org.dbunit.util.search.DepthFirstSearch  - Pushing (reverse) REQUESTCONTEXT
147142 [main] DEBUG org.dbunit.database.search.ImportedKeysSearchCallback  - getEdges(node=REQUESTCONTEXT) - start
147142 [main] DEBUG org.dbunit.database.search.AbstractMetaDataBasedSearchCallback  - getNodesFromImportedKeys(node=REQUESTCONTEXT) - start
147142 [main] DEBUG org.dbunit.database.search.AbstractMetaDataBasedSearchCallback  - getNodes(type=0, node=REQUESTCONTEXT) - start
147142 [main] DEBUG org.dbunit.database.DatabaseDataSourceConnection  - getConnection() - start
147142 [main] DEBUG org.dbunit.database.search.AbstractMetaDataBasedSearchCallback  - getNodes(type=0, node=REQUESTCONTEXT, conn=Transaction-aware proxy for target Connection [jdbc:hsqldb:mem:kontrollDS, UserName=sw, HSQL Database Engine Driver], schema=null, metaData=org.apache.commons.dbcp.DelegatingDatabaseMetaData@1d4c29c2, edges=[]) - start
147142 [main] DEBUG org.dbunit.database.search.AbstractMetaDataBasedSearchCallback  - Getting edges for node REQUESTCONTEXT
147142 [main] TRACE org.dbunit.database.DatabaseConfig  - getProperty(name=http://www.dbunit.org/properties/metadataHandler) - start
147142 [main] TRACE org.dbunit.database.DefaultMetadataHandler  - tableExists(metaData=org.apache.commons.dbcp.DelegatingDatabaseMetaData@1d4c29c2, schemaName=null, tableName=REQUESTCONTEXT) - start
147144 [main] DEBUG org.dbunit.util.SQLHelper  - close(resultSet=org.apache.commons.dbcp.DelegatingResultSet@622fd1ad) - start
147144 [main] DEBUG org.dbunit.util.SQLHelper  - close(resultSet=org.apache.commons.dbcp.DelegatingResultSet@680de53b) - start
147144 [main] DEBUG org.dbunit.util.search.DepthFirstSearch  - search:REQUESTCONTEXT
147144 [main] DEBUG org.dbunit.database.search.ImportedKeysSearchCallback  - searchNode(node=REQUESTCONTEXT) - start
147144 [main] DEBUG org.dbunit.util.search.DepthFirstSearch  - Pushing REQUESTCONTEXT
147144 [main] DEBUG org.dbunit.database.search.ImportedKeysSearchCallback  - getEdges(node=REQUESTCONTEXT) - start
147144 [main] DEBUG org.dbunit.database.search.AbstractMetaDataBasedSearchCallback  - getNodesFromImportedKeys(node=REQUESTCONTEXT) - start
147144 [main] DEBUG org.dbunit.database.search.AbstractMetaDataBasedSearchCallback  - getNodes(type=0, node=REQUESTCONTEXT) - start
147144 [main] DEBUG org.dbunit.database.DatabaseDataSourceConnection  - getConnection() - start
147144 [main] DEBUG org.dbunit.database.search.AbstractMetaDataBasedSearchCallback  - getNodes(type=0, node=REQUESTCONTEXT, conn=Transaction-aware proxy for target Connection [jdbc:hsqldb:mem:kontrollDS, UserName=sw, HSQL Database Engine Driver], schema=null, metaData=org.apache.commons.dbcp.DelegatingDatabaseMetaData@6844b9db, edges=[]) - start
147144 [main] DEBUG org.dbunit.database.search.AbstractMetaDataBasedSearchCallback  - Getting edges for node REQUESTCONTEXT
147144 [main] TRACE org.dbunit.database.DatabaseConfig  - getProperty(name=http://www.dbunit.org/properties/metadataHandler) - start
147144 [main] TRACE org.dbunit.database.DefaultMetadataHandler  - tableExists(metaData=org.apache.commons.dbcp.DelegatingDatabaseMetaData@6844b9db, schemaName=null, tableName=REQUESTCONTEXT) - start
147145 [main] DEBUG org.dbunit.util.SQLHelper  - close(resultSet=org.apache.commons.dbcp.DelegatingResultSet@5597af50) - start
147145 [main] DEBUG org.dbunit.util.SQLHelper  - close(resultSet=org.apache.commons.dbcp.DelegatingResultSet@9a6613d) - start
147145 [main] DEBUG org.dbunit.util.search.DepthFirstSearch  - Adding node REQUESTCONTEXT to the final result
147145 [main] DEBUG org.dbunit.util.CollectionsHelper  - setToStrings(set=[REQUESTCONTEXT]) - start
147146 [main] DEBUG org.dbunit.database.search.TablesDependencyHelper  - getDependsOnTables(connection=_databaseConfig=org.dbunit.database.DatabaseConfig[, _propertyMap={http://www.dbunit.org/properties/statementFactory=org.dbunit.database.statement.PreparedStatementFactory@626bc2b8, http://www.dbunit.org/features/caseSensitiveTableNames=false, http://www.dbunit.org/properties/fetchSize=100, http://www.dbunit.org/features/batchedStatements=false, http://www.dbunit.org/properties/metadataHandler=org.dbunit.database.DefaultMetadataHandler@3bbfdfde, http://www.dbunit.org/properties/datatypeFactory=org.dbunit.dataset.datatype.DefaultDataTypeFactory[_toleratedDeltaMap=org.dbunit.dataset.datatype.ToleratedDeltaMap@6452310a], http://www.dbunit.org/properties/escapePattern=null, http://www.dbunit.org/properties/batchSize=100, http://www.dbunit.org/features/qualifiedTableNames=false, http://www.dbunit.org/properties/tableType=[Ljava.lang.String;@5011bafa, http://www.dbunit.org/properties/resultSetTableFactory=org.dbunit.database.CachedResultSetTableFactory@10bcf083, http://www.dbunit.org/features/datatypeWarning=true}], _dataSet=AbstractDataSet[_orderedTableNameMap=null], rootTable=REQUESTCONTEXT) - start
147146 [main] DEBUG org.dbunit.util.search.DepthFirstSearch  - search(nodesFrom=[REQUESTCONTEXT], callback=org.dbunit.database.search.ExportedKeysSearchCallback@61ec4f30) - start
147146 [main] DEBUG org.dbunit.util.CollectionsHelper  - objectsToSet(objects=REQUESTCONTEXT) - start
147146 [main] DEBUG org.dbunit.util.search.DepthFirstSearch  - search(nodesFrom=[REQUESTCONTEXT], callback=org.dbunit.database.search.ExportedKeysSearchCallback@61ec4f30) - start
147146 [main] DEBUG org.dbunit.util.search.DepthFirstSearch  - reverseSearch:REQUESTCONTEXT
147146 [main] DEBUG org.dbunit.database.search.ExportedKeysSearchCallback  - searchNode(node=REQUESTCONTEXT) - start
147146 [main] DEBUG org.dbunit.util.search.DepthFirstSearch  - Pushing (reverse) REQUESTCONTEXT
147146 [main] DEBUG org.dbunit.database.search.ExportedKeysSearchCallback  - getEdges(node=REQUESTCONTEXT) - start
147146 [main] DEBUG org.dbunit.database.search.AbstractMetaDataBasedSearchCallback  - getNodesFromExportedKeys(node=REQUESTCONTEXT) - start
147146 [main] DEBUG org.dbunit.database.search.AbstractMetaDataBasedSearchCallback  - getNodes(type=1, node=REQUESTCONTEXT) - start
147146 [main] DEBUG org.dbunit.database.DatabaseDataSourceConnection  - getConnection() - start
147146 [main] DEBUG org.dbunit.database.search.AbstractMetaDataBasedSearchCallback  - getNodes(type=1, node=REQUESTCONTEXT, conn=Transaction-aware proxy for target Connection [jdbc:hsqldb:mem:kontrollDS, UserName=sw, HSQL Database Engine Driver], schema=null, metaData=org.apache.commons.dbcp.DelegatingDatabaseMetaData@61430a89, edges=[]) - start
147146 [main] DEBUG org.dbunit.database.search.AbstractMetaDataBasedSearchCallback  - Getting edges for node REQUESTCONTEXT
147146 [main] TRACE org.dbunit.database.DatabaseConfig  - getProperty(name=http://www.dbunit.org/properties/metadataHandler) - start
147146 [main] TRACE org.dbunit.database.DefaultMetadataHandler  - tableExists(metaData=org.apache.commons.dbcp.DelegatingDatabaseMetaData@61430a89, schemaName=null, tableName=REQUESTCONTEXT) - start
147147 [main] DEBUG org.dbunit.util.SQLHelper  - close(resultSet=org.apache.commons.dbcp.DelegatingResultSet@2bd11f29) - start
147147 [main] DEBUG org.dbunit.util.QualifiedTableName  - getQualifiedNameIfEnabled(config=org.dbunit.database.DatabaseConfig[, _propertyMap={http://www.dbunit.org/properties/statementFactory=org.dbunit.database.statement.PreparedStatementFactory@626bc2b8, http://www.dbunit.org/features/caseSensitiveTableNames=false, http://www.dbunit.org/properties/fetchSize=100, http://www.dbunit.org/features/batchedStatements=false, http://www.dbunit.org/properties/metadataHandler=org.dbunit.database.DefaultMetadataHandler@3bbfdfde, http://www.dbunit.org/properties/datatypeFactory=org.dbunit.dataset.datatype.DefaultDataTypeFactory[_toleratedDeltaMap=org.dbunit.dataset.datatype.ToleratedDeltaMap@6452310a], http://www.dbunit.org/properties/escapePattern=null, http://www.dbunit.org/properties/batchSize=100, http://www.dbunit.org/features/qualifiedTableNames=false, http://www.dbunit.org/properties/tableType=[Ljava.lang.String;@5011bafa, http://www.dbunit.org/properties/resultSetTableFactory=org.dbunit.database.CachedResultSetTableFactory@10bcf083, http://www.dbunit.org/features/datatypeWarning=true}]) - start
147147 [main] TRACE org.dbunit.database.DatabaseConfig  - getFeature(name=http://www.dbunit.org/features/qualifiedTableNames) - start
147148 [main] TRACE org.dbunit.database.DatabaseConfig  - getProperty(name=http://www.dbunit.org/features/qualifiedTableNames) - start
147148 [main] DEBUG org.dbunit.util.QualifiedTableName  - Qualified table names feature is disabled. Returning plain table name
147148 [main] DEBUG org.dbunit.util.QualifiedTableName  - getQualifiedName(prefix=null, name=REQUESTCONTEXT, escapePattern=null) - start
147148 [main] DEBUG org.dbunit.util.QualifiedTableName  - getQualifiedNameIfEnabled(config=org.dbunit.database.DatabaseConfig[, _propertyMap={http://www.dbunit.org/properties/statementFactory=org.dbunit.database.statement.PreparedStatementFactory@626bc2b8, http://www.dbunit.org/features/caseSensitiveTableNames=false, http://www.dbunit.org/properties/fetchSize=100, http://www.dbunit.org/features/batchedStatements=false, http://www.dbunit.org/properties/metadataHandler=org.dbunit.database.DefaultMetadataHandler@3bbfdfde, http://www.dbunit.org/properties/datatypeFactory=org.dbunit.dataset.datatype.DefaultDataTypeFactory[_toleratedDeltaMap=org.dbunit.dataset.datatype.ToleratedDeltaMap@6452310a], http://www.dbunit.org/properties/escapePattern=null, http://www.dbunit.org/properties/batchSize=100, http://www.dbunit.org/features/qualifiedTableNames=false, http://www.dbunit.org/properties/tableType=[Ljava.lang.String;@5011bafa, http://www.dbunit.org/properties/resultSetTableFactory=org.dbunit.database.CachedResultSetTableFactory@10bcf083, http://www.dbunit.org/features/datatypeWarning=true}]) - start
147148 [main] TRACE org.dbunit.database.DatabaseConfig  - getFeature(name=http://www.dbunit.org/features/qualifiedTableNames) - start
147148 [main] TRACE org.dbunit.database.DatabaseConfig  - getProperty(name=http://www.dbunit.org/features/qualifiedTableNames) - start
147148 [main] DEBUG org.dbunit.util.QualifiedTableName  - Qualified table names feature is disabled. Returning plain table name
147148 [main] DEBUG org.dbunit.util.QualifiedTableName  - getQualifiedName(prefix=null, name=SCOPE_REQUESTCONTEXT, escapePattern=null) - start
147148 [main] DEBUG org.dbunit.database.search.AbstractMetaDataBasedSearchCallback  - newEdge(rs=org.apache.commons.dbcp.DelegatingResultSet@42f7194b, type=1, from=REQUESTCONTEXT, to=SCOPE_REQUESTCONTEXT, fkColumn=REQUEST_CONTEXT_ID, pkColumn=ID) - start
147148 [main] DEBUG org.dbunit.database.search.AbstractMetaDataBasedSearchCallback  - createFKEdge(rs=org.apache.commons.dbcp.DelegatingResultSet@42f7194b, type=1, from=REQUESTCONTEXT, to=SCOPE_REQUESTCONTEXT, fkColumn=REQUEST_CONTEXT_ID, pkColumn=ID) - start
147148 [main] DEBUG org.dbunit.database.search.AbstractMetaDataBasedSearchCallback  - Adding edge SCOPE_REQUESTCONTEXT(REQUEST_CONTEXT_ID)->REQUESTCONTEXT(ID)
147148 [main] DEBUG org.dbunit.util.search.Edge  - compareTo(o=SCOPE_REQUESTCONTEXT(REQUEST_CONTEXT_ID)->REQUESTCONTEXT(ID)) - start
147148 [main] DEBUG org.dbunit.util.SQLHelper  - close(resultSet=org.apache.commons.dbcp.DelegatingResultSet@42f7194b) - start
147148 [main] DEBUG org.dbunit.util.search.DepthFirstSearch  - reverseSearch:SCOPE_REQUESTCONTEXT
147148 [main] DEBUG org.dbunit.database.search.ExportedKeysSearchCallback  - searchNode(node=SCOPE_REQUESTCONTEXT) - start
147148 [main] DEBUG org.dbunit.util.search.DepthFirstSearch  - Pushing (reverse) SCOPE_REQUESTCONTEXT
147148 [main] DEBUG org.dbunit.database.search.ExportedKeysSearchCallback  - getEdges(node=SCOPE_REQUESTCONTEXT) - start
147148 [main] DEBUG org.dbunit.database.search.AbstractMetaDataBasedSearchCallback  - getNodesFromExportedKeys(node=SCOPE_REQUESTCONTEXT) - start
147148 [main] DEBUG org.dbunit.database.search.AbstractMetaDataBasedSearchCallback  - getNodes(type=1, node=SCOPE_REQUESTCONTEXT) - start
147148 [main] DEBUG org.dbunit.database.DatabaseDataSourceConnection  - getConnection() - start
147148 [main] DEBUG org.dbunit.database.search.AbstractMetaDataBasedSearchCallback  - getNodes(type=1, node=SCOPE_REQUESTCONTEXT, conn=Transaction-aware proxy for target Connection [jdbc:hsqldb:mem:kontrollDS, UserName=sw, HSQL Database Engine Driver], schema=null, metaData=org.apache.commons.dbcp.DelegatingDatabaseMetaData@6c9dad45, edges=[]) - start
147148 [main] DEBUG org.dbunit.database.search.AbstractMetaDataBasedSearchCallback  - Getting edges for node SCOPE_REQUESTCONTEXT
147148 [main] TRACE org.dbunit.database.DatabaseConfig  - getProperty(name=http://www.dbunit.org/properties/metadataHandler) - start
147148 [main] TRACE org.dbunit.database.DefaultMetadataHandler  - tableExists(metaData=org.apache.commons.dbcp.DelegatingDatabaseMetaData@6c9dad45, schemaName=null, tableName=SCOPE_REQUESTCONTEXT) - start
147150 [main] DEBUG org.dbunit.util.SQLHelper  - close(resultSet=org.apache.commons.dbcp.DelegatingResultSet@2fa93f3f) - start
147150 [main] DEBUG org.dbunit.util.SQLHelper  - close(resultSet=org.apache.commons.dbcp.DelegatingResultSet@b97bd1f) - start
147150 [main] DEBUG org.dbunit.util.search.DepthFirstSearch  - search:SCOPE_REQUESTCONTEXT
147150 [main] DEBUG org.dbunit.database.search.ExportedKeysSearchCallback  - searchNode(node=SCOPE_REQUESTCONTEXT) - start
147150 [main] DEBUG org.dbunit.util.search.DepthFirstSearch  - Pushing SCOPE_REQUESTCONTEXT
147150 [main] DEBUG org.dbunit.database.search.ExportedKeysSearchCallback  - getEdges(node=SCOPE_REQUESTCONTEXT) - start
147150 [main] DEBUG org.dbunit.database.search.AbstractMetaDataBasedSearchCallback  - getNodesFromExportedKeys(node=SCOPE_REQUESTCONTEXT) - start
147150 [main] DEBUG org.dbunit.database.search.AbstractMetaDataBasedSearchCallback  - getNodes(type=1, node=SCOPE_REQUESTCONTEXT) - start
147150 [main] DEBUG org.dbunit.database.DatabaseDataSourceConnection  - getConnection() - start
147150 [main] DEBUG org.dbunit.database.search.AbstractMetaDataBasedSearchCallback  - getNodes(type=1, node=SCOPE_REQUESTCONTEXT, conn=Transaction-aware proxy for target Connection [jdbc:hsqldb:mem:kontrollDS, UserName=sw, HSQL Database Engine Driver], schema=null, metaData=org.apache.commons.dbcp.DelegatingDatabaseMetaData@1701442b, edges=[]) - start
147150 [main] DEBUG org.dbunit.database.search.AbstractMetaDataBasedSearchCallback  - Getting edges for node SCOPE_REQUESTCONTEXT
147150 [main] TRACE org.dbunit.database.DatabaseConfig  - getProperty(name=http://www.dbunit.org/properties/metadataHandler) - start
147150 [main] TRACE org.dbunit.database.DefaultMetadataHandler  - tableExists(metaData=org.apache.commons.dbcp.DelegatingDatabaseMetaData@1701442b, schemaName=null, tableName=SCOPE_REQUESTCONTEXT) - start
147151 [main] DEBUG org.dbunit.util.SQLHelper  - close(resultSet=org.apache.commons.dbcp.DelegatingResultSet@209b93b6) - start
147151 [main] DEBUG org.dbunit.util.SQLHelper  - close(resultSet=org.apache.commons.dbcp.DelegatingResultSet@505b4feb) - start
147152 [main] DEBUG org.dbunit.util.search.DepthFirstSearch  - Adding node SCOPE_REQUESTCONTEXT to the final result
147152 [main] DEBUG org.dbunit.util.search.DepthFirstSearch  - search:REQUESTCONTEXT
147152 [main] DEBUG org.dbunit.database.search.ExportedKeysSearchCallback  - searchNode(node=REQUESTCONTEXT) - start
147152 [main] DEBUG org.dbunit.util.search.DepthFirstSearch  - Pushing REQUESTCONTEXT
147152 [main] DEBUG org.dbunit.database.search.ExportedKeysSearchCallback  - getEdges(node=REQUESTCONTEXT) - start
147152 [main] DEBUG org.dbunit.database.search.AbstractMetaDataBasedSearchCallback  - getNodesFromExportedKeys(node=REQUESTCONTEXT) - start
147152 [main] DEBUG org.dbunit.database.search.AbstractMetaDataBasedSearchCallback  - getNodes(type=1, node=REQUESTCONTEXT) - start
147152 [main] DEBUG org.dbunit.database.DatabaseDataSourceConnection  - getConnection() - start
147152 [main] DEBUG org.dbunit.database.search.AbstractMetaDataBasedSearchCallback  - getNodes(type=1, node=REQUESTCONTEXT, conn=Transaction-aware proxy for target Connection [jdbc:hsqldb:mem:kontrollDS, UserName=sw, HSQL Database Engine Driver], schema=null, metaData=org.apache.commons.dbcp.DelegatingDatabaseMetaData@1adbf684, edges=[]) - start
147152 [main] DEBUG org.dbunit.database.search.AbstractMetaDataBasedSearchCallback  - Getting edges for node REQUESTCONTEXT
147152 [main] TRACE org.dbunit.database.DatabaseConfig  - getProperty(name=http://www.dbunit.org/properties/metadataHandler) - start
147152 [main] TRACE org.dbunit.database.DefaultMetadataHandler  - tableExists(metaData=org.apache.commons.dbcp.DelegatingDatabaseMetaData@1adbf684, schemaName=null, tableName=REQUESTCONTEXT) - start
147153 [main] DEBUG org.dbunit.util.SQLHelper  - close(resultSet=org.apache.commons.dbcp.DelegatingResultSet@74cd6d32) - start
147153 [main] DEBUG org.dbunit.util.QualifiedTableName  - getQualifiedNameIfEnabled(config=org.dbunit.database.DatabaseConfig[, _propertyMap={http://www.dbunit.org/properties/statementFactory=org.dbunit.database.statement.PreparedStatementFactory@626bc2b8, http://www.dbunit.org/features/caseSensitiveTableNames=false, http://www.dbunit.org/properties/fetchSize=100, http://www.dbunit.org/features/batchedStatements=false, http://www.dbunit.org/properties/metadataHandler=org.dbunit.database.DefaultMetadataHandler@3bbfdfde, http://www.dbunit.org/properties/datatypeFactory=org.dbunit.dataset.datatype.DefaultDataTypeFactory[_toleratedDeltaMap=org.dbunit.dataset.datatype.ToleratedDeltaMap@6452310a], http://www.dbunit.org/properties/escapePattern=null, http://www.dbunit.org/properties/batchSize=100, http://www.dbunit.org/features/qualifiedTableNames=false, http://www.dbunit.org/properties/tableType=[Ljava.lang.String;@5011bafa, http://www.dbunit.org/properties/resultSetTableFactory=org.dbunit.database.CachedResultSetTableFactory@10bcf083, http://www.dbunit.org/features/datatypeWarning=true}]) - start
147153 [main] TRACE org.dbunit.database.DatabaseConfig  - getFeature(name=http://www.dbunit.org/features/qualifiedTableNames) - start
147153 [main] TRACE org.dbunit.database.DatabaseConfig  - getProperty(name=http://www.dbunit.org/features/qualifiedTableNames) - start
147153 [main] DEBUG org.dbunit.util.QualifiedTableName  - Qualified table names feature is disabled. Returning plain table name
147153 [main] DEBUG org.dbunit.util.QualifiedTableName  - getQualifiedName(prefix=null, name=REQUESTCONTEXT, escapePattern=null) - start
147153 [main] DEBUG org.dbunit.util.QualifiedTableName  - getQualifiedNameIfEnabled(config=org.dbunit.database.DatabaseConfig[, _propertyMap={http://www.dbunit.org/properties/statementFactory=org.dbunit.database.statement.PreparedStatementFactory@626bc2b8, http://www.dbunit.org/features/caseSensitiveTableNames=false, http://www.dbunit.org/properties/fetchSize=100, http://www.dbunit.org/features/batchedStatements=false, http://www.dbunit.org/properties/metadataHandler=org.dbunit.database.DefaultMetadataHandler@3bbfdfde, http://www.dbunit.org/properties/datatypeFactory=org.dbunit.dataset.datatype.DefaultDataTypeFactory[_toleratedDeltaMap=org.dbunit.dataset.datatype.ToleratedDeltaMap@6452310a], http://www.dbunit.org/properties/escapePattern=null, http://www.dbunit.org/properties/batchSize=100, http://www.dbunit.org/features/qualifiedTableNames=false, http://www.dbunit.org/properties/tableType=[Ljava.lang.String;@5011bafa, http://www.dbunit.org/properties/resultSetTableFactory=org.dbunit.database.CachedResultSetTableFactory@10bcf083, http://www.dbunit.org/features/datatypeWarning=true}]) - start
147153 [main] TRACE org.dbunit.database.DatabaseConfig  - getFeature(name=http://www.dbunit.org/features/qualifiedTableNames) - start
147153 [main] TRACE org.dbunit.database.DatabaseConfig  - getProperty(name=http://www.dbunit.org/features/qualifiedTableNames) - start
147153 [main] DEBUG org.dbunit.util.QualifiedTableName  - Qualified table names feature is disabled. Returning plain table name
147153 [main] DEBUG org.dbunit.util.QualifiedTableName  - getQualifiedName(prefix=null, name=SCOPE_REQUESTCONTEXT, escapePattern=null) - start
147153 [main] DEBUG org.dbunit.database.search.AbstractMetaDataBasedSearchCallback  - newEdge(rs=org.apache.commons.dbcp.DelegatingResultSet@774a4af3, type=1, from=REQUESTCONTEXT, to=SCOPE_REQUESTCONTEXT, fkColumn=REQUEST_CONTEXT_ID, pkColumn=ID) - start
147154 [main] DEBUG org.dbunit.database.search.AbstractMetaDataBasedSearchCallback  - createFKEdge(rs=org.apache.commons.dbcp.DelegatingResultSet@774a4af3, type=1, from=REQUESTCONTEXT, to=SCOPE_REQUESTCONTEXT, fkColumn=REQUEST_CONTEXT_ID, pkColumn=ID) - start
147154 [main] DEBUG org.dbunit.database.search.AbstractMetaDataBasedSearchCallback  - Adding edge SCOPE_REQUESTCONTEXT(REQUEST_CONTEXT_ID)->REQUESTCONTEXT(ID)
147154 [main] DEBUG org.dbunit.util.search.Edge  - compareTo(o=SCOPE_REQUESTCONTEXT(REQUEST_CONTEXT_ID)->REQUESTCONTEXT(ID)) - start
147154 [main] DEBUG org.dbunit.util.SQLHelper  - close(resultSet=org.apache.commons.dbcp.DelegatingResultSet@774a4af3) - start
147154 [main] DEBUG org.dbunit.util.search.DepthFirstSearch  - search:REQUESTCONTEXT
147154 [main] DEBUG org.dbunit.util.search.DepthFirstSearch  - already searched; returning true
147154 [main] DEBUG org.dbunit.util.search.DepthFirstSearch  - Adding node REQUESTCONTEXT to the final result
147154 [main] DEBUG org.dbunit.util.CollectionsHelper  - setToStrings(set=[SCOPE_REQUESTCONTEXT, REQUESTCONTEXT]) - start
147154 [main] DEBUG org.dbunit.database.search.TablesDependencyHelper  - getDirectDependsOnTables(connection=_databaseConfig=org.dbunit.database.DatabaseConfig[, _propertyMap={http://www.dbunit.org/properties/statementFactory=org.dbunit.database.statement.PreparedStatementFactory@626bc2b8, http://www.dbunit.org/features/caseSensitiveTableNames=false, http://www.dbunit.org/properties/fetchSize=100, http://www.dbunit.org/features/batchedStatements=false, http://www.dbunit.org/properties/metadataHandler=org.dbunit.database.DefaultMetadataHandler@3bbfdfde, http://www.dbunit.org/properties/datatypeFactory=org.dbunit.dataset.datatype.DefaultDataTypeFactory[_toleratedDeltaMap=org.dbunit.dataset.datatype.ToleratedDeltaMap@6452310a], http://www.dbunit.org/properties/escapePattern=null, http://www.dbunit.org/properties/batchSize=100, http://www.dbunit.org/features/qualifiedTableNames=false, http://www.dbunit.org/properties/tableType=[Ljava.lang.String;@5011bafa, http://www.dbunit.org/properties/resultSetTableFactory=org.dbunit.database.CachedResultSetTableFactory@10bcf083, http://www.dbunit.org/features/datatypeWarning=true}], _dataSet=AbstractDataSet[_orderedTableNameMap=null], tableName=REQUESTCONTEXT) - start
147154 [main] DEBUG org.dbunit.util.search.DepthFirstSearch  - search(nodesFrom=[REQUESTCONTEXT], callback=org.dbunit.database.search.ExportedKeysSearchCallback@8be8d45) - start
147154 [main] DEBUG org.dbunit.util.CollectionsHelper  - objectsToSet(objects=REQUESTCONTEXT) - start
147154 [main] DEBUG org.dbunit.util.search.DepthFirstSearch  - search(nodesFrom=[REQUESTCONTEXT], callback=org.dbunit.database.search.ExportedKeysSearchCallback@8be8d45) - start
147154 [main] DEBUG org.dbunit.util.search.DepthFirstSearch  - reverseSearch:REQUESTCONTEXT
147154 [main] DEBUG org.dbunit.database.search.ExportedKeysSearchCallback  - searchNode(node=REQUESTCONTEXT) - start
147154 [main] DEBUG org.dbunit.util.search.DepthFirstSearch  - Pushing (reverse) REQUESTCONTEXT
147154 [main] DEBUG org.dbunit.database.search.ExportedKeysSearchCallback  - getEdges(node=REQUESTCONTEXT) - start
147154 [main] DEBUG org.dbunit.database.search.AbstractMetaDataBasedSearchCallback  - getNodesFromExportedKeys(node=REQUESTCONTEXT) - start
147154 [main] DEBUG org.dbunit.database.search.AbstractMetaDataBasedSearchCallback  - getNodes(type=1, node=REQUESTCONTEXT) - start
147154 [main] DEBUG org.dbunit.database.DatabaseDataSourceConnection  - getConnection() - start
147154 [main] DEBUG org.dbunit.database.search.AbstractMetaDataBasedSearchCallback  - getNodes(type=1, node=REQUESTCONTEXT, conn=Transaction-aware proxy for target Connection [jdbc:hsqldb:mem:kontrollDS, UserName=sw, HSQL Database Engine Driver], schema=null, metaData=org.apache.commons.dbcp.DelegatingDatabaseMetaData@162cb17f, edges=[]) - start
147154 [main] DEBUG org.dbunit.database.search.AbstractMetaDataBasedSearchCallback  - Getting edges for node REQUESTCONTEXT
147154 [main] TRACE org.dbunit.database.DatabaseConfig  - getProperty(name=http://www.dbunit.org/properties/metadataHandler) - start
147154 [main] TRACE org.dbunit.database.DefaultMetadataHandler  - tableExists(metaData=org.apache.commons.dbcp.DelegatingDatabaseMetaData@162cb17f, schemaName=null, tableName=REQUESTCONTEXT) - start
147155 [main] DEBUG org.dbunit.util.SQLHelper  - close(resultSet=org.apache.commons.dbcp.DelegatingResultSet@535e91ad) - start
147156 [main] DEBUG org.dbunit.util.QualifiedTableName  - getQualifiedNameIfEnabled(config=org.dbunit.database.DatabaseConfig[, _propertyMap={http://www.dbunit.org/properties/statementFactory=org.dbunit.database.statement.PreparedStatementFactory@626bc2b8, http://www.dbunit.org/features/caseSensitiveTableNames=false, http://www.dbunit.org/properties/fetchSize=100, http://www.dbunit.org/features/batchedStatements=false, http://www.dbunit.org/properties/metadataHandler=org.dbunit.database.DefaultMetadataHandler@3bbfdfde, http://www.dbunit.org/properties/datatypeFactory=org.dbunit.dataset.datatype.DefaultDataTypeFactory[_toleratedDeltaMap=org.dbunit.dataset.datatype.ToleratedDeltaMap@6452310a], http://www.dbunit.org/properties/escapePattern=null, http://www.dbunit.org/properties/batchSize=100, http://www.dbunit.org/features/qualifiedTableNames=false, http://www.dbunit.org/properties/tableType=[Ljava.lang.String;@5011bafa, http://www.dbunit.org/properties/resultSetTableFactory=org.dbunit.database.CachedResultSetTableFactory@10bcf083, http://www.dbunit.org/features/datatypeWarning=true}]) - start
147156 [main] TRACE org.dbunit.database.DatabaseConfig  - getFeature(name=http://www.dbunit.org/features/qualifiedTableNames) - start
147156 [main] TRACE org.dbunit.database.DatabaseConfig  - getProperty(name=http://www.dbunit.org/features/qualifiedTableNames) - start
147156 [main] DEBUG org.dbunit.util.QualifiedTableName  - Qualified table names feature is disabled. Returning plain table name
147156 [main] DEBUG org.dbunit.util.QualifiedTableName  - getQualifiedName(prefix=null, name=REQUESTCONTEXT, escapePattern=null) - start
147156 [main] DEBUG org.dbunit.util.QualifiedTableName  - getQualifiedNameIfEnabled(config=org.dbunit.database.DatabaseConfig[, _propertyMap={http://www.dbunit.org/properties/statementFactory=org.dbunit.database.statement.PreparedStatementFactory@626bc2b8, http://www.dbunit.org/features/caseSensitiveTableNames=false, http://www.dbunit.org/properties/fetchSize=100, http://www.dbunit.org/features/batchedStatements=false, http://www.dbunit.org/properties/metadataHandler=org.dbunit.database.DefaultMetadataHandler@3bbfdfde, http://www.dbunit.org/properties/datatypeFactory=org.dbunit.dataset.datatype.DefaultDataTypeFactory[_toleratedDeltaMap=org.dbunit.dataset.datatype.ToleratedDeltaMap@6452310a], http://www.dbunit.org/properties/escapePattern=null, http://www.dbunit.org/properties/batchSize=100, http://www.dbunit.org/features/qualifiedTableNames=false, http://www.dbunit.org/properties/tableType=[Ljava.lang.String;@5011bafa, http://www.dbunit.org/properties/resultSetTableFactory=org.dbunit.database.CachedResultSetTableFactory@10bcf083, http://www.dbunit.org/features/datatypeWarning=true}]) - start
147156 [main] TRACE org.dbunit.database.DatabaseConfig  - getFeature(name=http://www.dbunit.org/features/qualifiedTableNames) - start
147156 [main] TRACE org.dbunit.database.DatabaseConfig  - getProperty(name=http://www.dbunit.org/features/qualifiedTableNames) - start
147156 [main] DEBUG org.dbunit.util.QualifiedTableName  - Qualified table names feature is disabled. Returning plain table name
147156 [main] DEBUG org.dbunit.util.QualifiedTableName  - getQualifiedName(prefix=null, name=SCOPE_REQUESTCONTEXT, escapePattern=null) - start
147156 [main] DEBUG org.dbunit.database.search.AbstractMetaDataBasedSearchCallback  - newEdge(rs=org.apache.commons.dbcp.DelegatingResultSet@a9db092, type=1, from=REQUESTCONTEXT, to=SCOPE_REQUESTCONTEXT, fkColumn=REQUEST_CONTEXT_ID, pkColumn=ID) - start
147156 [main] DEBUG org.dbunit.database.search.AbstractMetaDataBasedSearchCallback  - createFKEdge(rs=org.apache.commons.dbcp.DelegatingResultSet@a9db092, type=1, from=REQUESTCONTEXT, to=SCOPE_REQUESTCONTEXT, fkColumn=REQUEST_CONTEXT_ID, pkColumn=ID) - start
147157 [main] DEBUG org.dbunit.database.search.AbstractMetaDataBasedSearchCallback  - Adding edge SCOPE_REQUESTCONTEXT(REQUEST_CONTEXT_ID)->REQUESTCONTEXT(ID)
147157 [main] DEBUG org.dbunit.util.search.Edge  - compareTo(o=SCOPE_REQUESTCONTEXT(REQUEST_CONTEXT_ID)->REQUESTCONTEXT(ID)) - start
147157 [main] DEBUG org.dbunit.util.SQLHelper  - close(resultSet=org.apache.commons.dbcp.DelegatingResultSet@a9db092) - start
147157 [main] DEBUG org.dbunit.util.search.DepthFirstSearch  - reverseSearch:SCOPE_REQUESTCONTEXT
147157 [main] DEBUG org.dbunit.database.search.ExportedKeysSearchCallback  - searchNode(node=SCOPE_REQUESTCONTEXT) - start
147157 [main] DEBUG org.dbunit.util.search.DepthFirstSearch  - Pushing (reverse) SCOPE_REQUESTCONTEXT
147157 [main] DEBUG org.dbunit.database.search.ExportedKeysSearchCallback  - getEdges(node=SCOPE_REQUESTCONTEXT) - start
147157 [main] DEBUG org.dbunit.database.search.AbstractMetaDataBasedSearchCallback  - getNodesFromExportedKeys(node=SCOPE_REQUESTCONTEXT) - start
147157 [main] DEBUG org.dbunit.database.search.AbstractMetaDataBasedSearchCallback  - getNodes(type=1, node=SCOPE_REQUESTCONTEXT) - start
147157 [main] DEBUG org.dbunit.database.DatabaseDataSourceConnection  - getConnection() - start
147157 [main] DEBUG org.dbunit.database.search.AbstractMetaDataBasedSearchCallback  - getNodes(type=1, node=SCOPE_REQUESTCONTEXT, conn=Transaction-aware proxy for target Connection [jdbc:hsqldb:mem:kontrollDS, UserName=sw, HSQL Database Engine Driver], schema=null, metaData=org.apache.commons.dbcp.DelegatingDatabaseMetaData@76b346af, edges=[]) - start
147157 [main] DEBUG org.dbunit.database.search.AbstractMetaDataBasedSearchCallback  - Getting edges for node SCOPE_REQUESTCONTEXT
147157 [main] TRACE org.dbunit.database.DatabaseConfig  - getProperty(name=http://www.dbunit.org/properties/metadataHandler) - start
147157 [main] TRACE org.dbunit.database.DefaultMetadataHandler  - tableExists(metaData=org.apache.commons.dbcp.DelegatingDatabaseMetaData@76b346af, schemaName=null, tableName=SCOPE_REQUESTCONTEXT) - start
147158 [main] DEBUG org.dbunit.util.SQLHelper  - close(resultSet=org.apache.commons.dbcp.DelegatingResultSet@72b043f7) - start
147158 [main] DEBUG org.dbunit.util.SQLHelper  - close(resultSet=org.apache.commons.dbcp.DelegatingResultSet@36e5ed87) - start
147158 [main] DEBUG org.dbunit.util.search.DepthFirstSearch  - search:SCOPE_REQUESTCONTEXT
147158 [main] DEBUG org.dbunit.database.search.ExportedKeysSearchCallback  - searchNode(node=SCOPE_REQUESTCONTEXT) - start
147158 [main] DEBUG org.dbunit.util.search.DepthFirstSearch  - Pushing SCOPE_REQUESTCONTEXT
147158 [main] DEBUG org.dbunit.database.search.ExportedKeysSearchCallback  - getEdges(node=SCOPE_REQUESTCONTEXT) - start
147159 [main] DEBUG org.dbunit.database.search.AbstractMetaDataBasedSearchCallback  - getNodesFromExportedKeys(node=SCOPE_REQUESTCONTEXT) - start
147159 [main] DEBUG org.dbunit.database.search.AbstractMetaDataBasedSearchCallback  - getNodes(type=1, node=SCOPE_REQUESTCONTEXT) - start
147159 [main] DEBUG org.dbunit.database.DatabaseDataSourceConnection  - getConnection() - start
147159 [main] DEBUG org.dbunit.database.search.AbstractMetaDataBasedSearchCallback  - getNodes(type=1, node=SCOPE_REQUESTCONTEXT, conn=Transaction-aware proxy for target Connection [jdbc:hsqldb:mem:kontrollDS, UserName=sw, HSQL Database Engine Driver], schema=null, metaData=org.apache.commons.dbcp.DelegatingDatabaseMetaData@314d5639, edges=[]) - start
147159 [main] DEBUG org.dbunit.database.search.AbstractMetaDataBasedSearchCallback  - Getting edges for node SCOPE_REQUESTCONTEXT
147159 [main] TRACE org.dbunit.database.DatabaseConfig  - getProperty(name=http://www.dbunit.org/properties/metadataHandler) - start
147159 [main] TRACE org.dbunit.database.DefaultMetadataHandler  - tableExists(metaData=org.apache.commons.dbcp.DelegatingDatabaseMetaData@314d5639, schemaName=null, tableName=SCOPE_REQUESTCONTEXT) - start
147160 [main] DEBUG org.dbunit.util.SQLHelper  - close(resultSet=org.apache.commons.dbcp.DelegatingResultSet@19794470) - start
147160 [main] DEBUG org.dbunit.util.SQLHelper  - close(resultSet=org.apache.commons.dbcp.DelegatingResultSet@2da49877) - start
147160 [main] DEBUG org.dbunit.util.search.DepthFirstSearch  - Adding node SCOPE_REQUESTCONTEXT to the final result
147160 [main] DEBUG org.dbunit.util.search.DepthFirstSearch  - search:REQUESTCONTEXT
147160 [main] DEBUG org.dbunit.database.search.ExportedKeysSearchCallback  - searchNode(node=REQUESTCONTEXT) - start
147160 [main] DEBUG org.dbunit.util.search.DepthFirstSearch  - Pushing REQUESTCONTEXT
147160 [main] DEBUG org.dbunit.database.search.ExportedKeysSearchCallback  - getEdges(node=REQUESTCONTEXT) - start
147160 [main] DEBUG org.dbunit.database.search.AbstractMetaDataBasedSearchCallback  - getNodesFromExportedKeys(node=REQUESTCONTEXT) - start
147160 [main] DEBUG org.dbunit.database.search.AbstractMetaDataBasedSearchCallback  - getNodes(type=1, node=REQUESTCONTEXT) - start
147160 [main] DEBUG org.dbunit.database.DatabaseDataSourceConnection  - getConnection() - start
147160 [main] DEBUG org.dbunit.database.search.AbstractMetaDataBasedSearchCallback  - getNodes(type=1, node=REQUESTCONTEXT, conn=Transaction-aware proxy for target Connection [jdbc:hsqldb:mem:kontrollDS, UserName=sw, HSQL Database Engine Driver], schema=null, metaData=org.apache.commons.dbcp.DelegatingDatabaseMetaData@1115c40a, edges=[]) - start
147160 [main] DEBUG org.dbunit.database.search.AbstractMetaDataBasedSearchCallback  - Getting edges for node REQUESTCONTEXT
147160 [main] TRACE org.dbunit.database.DatabaseConfig  - getProperty(name=http://www.dbunit.org/properties/metadataHandler) - start
147160 [main] TRACE org.dbunit.database.DefaultMetadataHandler  - tableExists(metaData=org.apache.commons.dbcp.DelegatingDatabaseMetaData@1115c40a, schemaName=null, tableName=REQUESTCONTEXT) - start
147162 [main] DEBUG org.dbunit.util.SQLHelper  - close(resultSet=org.apache.commons.dbcp.DelegatingResultSet@683222d) - start
147162 [main] DEBUG org.dbunit.util.QualifiedTableName  - getQualifiedNameIfEnabled(config=org.dbunit.database.DatabaseConfig[, _propertyMap={http://www.dbunit.org/properties/statementFactory=org.dbunit.database.statement.PreparedStatementFactory@626bc2b8, http://www.dbunit.org/features/caseSensitiveTableNames=false, http://www.dbunit.org/properties/fetchSize=100, http://www.dbunit.org/features/batchedStatements=false, http://www.dbunit.org/properties/metadataHandler=org.dbunit.database.DefaultMetadataHandler@3bbfdfde, http://www.dbunit.org/properties/datatypeFactory=org.dbunit.dataset.datatype.DefaultDataTypeFactory[_toleratedDeltaMap=org.dbunit.dataset.datatype.ToleratedDeltaMap@6452310a], http://www.dbunit.org/properties/escapePattern=null, http://www.dbunit.org/properties/batchSize=100, http://www.dbunit.org/features/qualifiedTableNames=false, http://www.dbunit.org/properties/tableType=[Ljava.lang.String;@5011bafa, http://www.dbunit.org/properties/resultSetTableFactory=org.dbunit.database.CachedResultSetTableFactory@10bcf083, http://www.dbunit.org/features/datatypeWarning=true}]) - start
147162 [main] TRACE org.dbunit.database.DatabaseConfig  - getFeature(name=http://www.dbunit.org/features/qualifiedTableNames) - start
147162 [main] TRACE org.dbunit.database.DatabaseConfig  - getProperty(name=http://www.dbunit.org/features/qualifiedTableNames) - start
147162 [main] DEBUG org.dbunit.util.QualifiedTableName  - Qualified table names feature is disabled. Returning plain table name
147162 [main] DEBUG org.dbunit.util.QualifiedTableName  - getQualifiedName(prefix=null, name=REQUESTCONTEXT, escapePattern=null) - start
147162 [main] DEBUG org.dbunit.util.QualifiedTableName  - getQualifiedNameIfEnabled(config=org.dbunit.database.DatabaseConfig[, _propertyMap={http://www.dbunit.org/properties/statementFactory=org.dbunit.database.statement.PreparedStatementFactory@626bc2b8, http://www.dbunit.org/features/caseSensitiveTableNames=false, http://www.dbunit.org/properties/fetchSize=100, http://www.dbunit.org/features/batchedStatements=false, http://www.dbunit.org/properties/metadataHandler=org.dbunit.database.DefaultMetadataHandler@3bbfdfde, http://www.dbunit.org/properties/datatypeFactory=org.dbunit.dataset.datatype.DefaultDataTypeFactory[_toleratedDeltaMap=org.dbunit.dataset.datatype.ToleratedDeltaMap@6452310a], http://www.dbunit.org/properties/escapePattern=null, http://www.dbunit.org/properties/batchSize=100, http://www.dbunit.org/features/qualifiedTableNames=false, http://www.dbunit.org/properties/tableType=[Ljava.lang.String;@5011bafa, http://www.dbunit.org/properties/resultSetTableFactory=org.dbunit.database.CachedResultSetTableFactory@10bcf083, http://www.dbunit.org/features/datatypeWarning=true}]) - start
147162 [main] TRACE org.dbunit.database.DatabaseConfig  - getFeature(name=http://www.dbunit.org/features/qualifiedTableNames) - start
147162 [main] TRACE org.dbunit.database.DatabaseConfig  - getProperty(name=http://www.dbunit.org/features/qualifiedTableNames) - start
147162 [main] DEBUG org.dbunit.util.QualifiedTableName  - Qualified table names feature is disabled. Returning plain table name
147162 [main] DEBUG org.dbunit.util.QualifiedTableName  - getQualifiedName(prefix=null, name=SCOPE_REQUESTCONTEXT, escapePattern=null) - start
147162 [main] DEBUG org.dbunit.database.search.AbstractMetaDataBasedSearchCallback  - newEdge(rs=org.apache.commons.dbcp.DelegatingResultSet@39aaa8df, type=1, from=REQUESTCONTEXT, to=SCOPE_REQUESTCONTEXT, fkColumn=REQUEST_CONTEXT_ID, pkColumn=ID) - start
147162 [main] DEBUG org.dbunit.database.search.AbstractMetaDataBasedSearchCallback  - createFKEdge(rs=org.apache.commons.dbcp.DelegatingResultSet@39aaa8df, type=1, from=REQUESTCONTEXT, to=SCOPE_REQUESTCONTEXT, fkColumn=REQUEST_CONTEXT_ID, pkColumn=ID) - start
147162 [main] DEBUG org.dbunit.database.search.AbstractMetaDataBasedSearchCallback  - Adding edge SCOPE_REQUESTCONTEXT(REQUEST_CONTEXT_ID)->REQUESTCONTEXT(ID)
147163 [main] DEBUG org.dbunit.util.search.Edge  - compareTo(o=SCOPE_REQUESTCONTEXT(REQUEST_CONTEXT_ID)->REQUESTCONTEXT(ID)) - start
147163 [main] DEBUG org.dbunit.util.SQLHelper  - close(resultSet=org.apache.commons.dbcp.DelegatingResultSet@39aaa8df) - start
147163 [main] DEBUG org.dbunit.util.search.DepthFirstSearch  - search:REQUESTCONTEXT
147163 [main] DEBUG org.dbunit.util.search.DepthFirstSearch  - already searched; returning true
147163 [main] DEBUG org.dbunit.util.search.DepthFirstSearch  - Adding node REQUESTCONTEXT to the final result
147163 [main] DEBUG org.dbunit.database.search.TablesDependencyHelper  - getDirectDependentTables(connection=_databaseConfig=org.dbunit.database.DatabaseConfig[, _propertyMap={http://www.dbunit.org/properties/statementFactory=org.dbunit.database.statement.PreparedStatementFactory@626bc2b8, http://www.dbunit.org/features/caseSensitiveTableNames=false, http://www.dbunit.org/properties/fetchSize=100, http://www.dbunit.org/features/batchedStatements=false, http://www.dbunit.org/properties/metadataHandler=org.dbunit.database.DefaultMetadataHandler@3bbfdfde, http://www.dbunit.org/properties/datatypeFactory=org.dbunit.dataset.datatype.DefaultDataTypeFactory[_toleratedDeltaMap=org.dbunit.dataset.datatype.ToleratedDeltaMap@6452310a], http://www.dbunit.org/properties/escapePattern=null, http://www.dbunit.org/properties/batchSize=100, http://www.dbunit.org/features/qualifiedTableNames=false, http://www.dbunit.org/properties/tableType=[Ljava.lang.String;@5011bafa, http://www.dbunit.org/properties/resultSetTableFactory=org.dbunit.database.CachedResultSetTableFactory@10bcf083, http://www.dbunit.org/features/datatypeWarning=true}], _dataSet=AbstractDataSet[_orderedTableNameMap=null], tableName=REQUESTCONTEXT) - start
147163 [main] DEBUG org.dbunit.util.search.DepthFirstSearch  - search(nodesFrom=[REQUESTCONTEXT], callback=org.dbunit.database.search.ImportedKeysSearchCallback@15eb58eb) - start
147163 [main] DEBUG org.dbunit.util.CollectionsHelper  - objectsToSet(objects=REQUESTCONTEXT) - start
147163 [main] DEBUG org.dbunit.util.search.DepthFirstSearch  - search(nodesFrom=[REQUESTCONTEXT], callback=org.dbunit.database.search.ImportedKeysSearchCallback@15eb58eb) - start
147163 [main] DEBUG org.dbunit.util.search.DepthFirstSearch  - reverseSearch:REQUESTCONTEXT
147163 [main] DEBUG org.dbunit.database.search.ImportedKeysSearchCallback  - searchNode(node=REQUESTCONTEXT) - start
147163 [main] DEBUG org.dbunit.util.search.DepthFirstSearch  - Pushing (reverse) REQUESTCONTEXT
147163 [main] DEBUG org.dbunit.database.search.ImportedKeysSearchCallback  - getEdges(node=REQUESTCONTEXT) - start
147163 [main] DEBUG org.dbunit.database.search.AbstractMetaDataBasedSearchCallback  - getNodesFromImportedKeys(node=REQUESTCONTEXT) - start
147163 [main] DEBUG org.dbunit.database.search.AbstractMetaDataBasedSearchCallback  - getNodes(type=0, node=REQUESTCONTEXT) - start
147163 [main] DEBUG org.dbunit.database.DatabaseDataSourceConnection  - getConnection() - start
147163 [main] DEBUG org.dbunit.database.search.AbstractMetaDataBasedSearchCallback  - getNodes(type=0, node=REQUESTCONTEXT, conn=Transaction-aware proxy for target Connection [jdbc:hsqldb:mem:kontrollDS, UserName=sw, HSQL Database Engine Driver], schema=null, metaData=org.apache.commons.dbcp.DelegatingDatabaseMetaData@e1ab78b, edges=[]) - start
147163 [main] DEBUG org.dbunit.database.search.AbstractMetaDataBasedSearchCallback  - Getting edges for node REQUESTCONTEXT
147163 [main] TRACE org.dbunit.database.DatabaseConfig  - getProperty(name=http://www.dbunit.org/properties/metadataHandler) - start
147163 [main] TRACE org.dbunit.database.DefaultMetadataHandler  - tableExists(metaData=org.apache.commons.dbcp.DelegatingDatabaseMetaData@e1ab78b, schemaName=null, tableName=REQUESTCONTEXT) - start
147164 [main] DEBUG org.dbunit.util.SQLHelper  - close(resultSet=org.apache.commons.dbcp.DelegatingResultSet@74c939f5) - start
147165 [main] DEBUG org.dbunit.util.SQLHelper  - close(resultSet=org.apache.commons.dbcp.DelegatingResultSet@5abbaf17) - start
147165 [main] DEBUG org.dbunit.util.search.DepthFirstSearch  - search:REQUESTCONTEXT
147165 [main] DEBUG org.dbunit.database.search.ImportedKeysSearchCallback  - searchNode(node=REQUESTCONTEXT) - start
147165 [main] DEBUG org.dbunit.util.search.DepthFirstSearch  - Pushing REQUESTCONTEXT
147165 [main] DEBUG org.dbunit.database.search.ImportedKeysSearchCallback  - getEdges(node=REQUESTCONTEXT) - start
147165 [main] DEBUG org.dbunit.database.search.AbstractMetaDataBasedSearchCallback  - getNodesFromImportedKeys(node=REQUESTCONTEXT) - start
147165 [main] DEBUG org.dbunit.database.search.AbstractMetaDataBasedSearchCallback  - getNodes(type=0, node=REQUESTCONTEXT) - start
147165 [main] DEBUG org.dbunit.database.DatabaseDataSourceConnection  - getConnection() - start
147165 [main] DEBUG org.dbunit.database.search.AbstractMetaDataBasedSearchCallback  - getNodes(type=0, node=REQUESTCONTEXT, conn=Transaction-aware proxy for target Connection [jdbc:hsqldb:mem:kontrollDS, UserName=sw, HSQL Database Engine Driver], schema=null, metaData=org.apache.commons.dbcp.DelegatingDatabaseMetaData@57e43d8a, edges=[]) - start
147165 [main] DEBUG org.dbunit.database.search.AbstractMetaDataBasedSearchCallback  - Getting edges for node REQUESTCONTEXT
147165 [main] TRACE org.dbunit.database.DatabaseConfig  - getProperty(name=http://www.dbunit.org/properties/metadataHandler) - start
147165 [main] TRACE org.dbunit.database.DefaultMetadataHandler  - tableExists(metaData=org.apache.commons.dbcp.DelegatingDatabaseMetaData@57e43d8a, schemaName=null, tableName=REQUESTCONTEXT) - start
147166 [main] DEBUG org.dbunit.util.SQLHelper  - close(resultSet=org.apache.commons.dbcp.DelegatingResultSet@10bad4ab) - start
147167 [main] DEBUG org.dbunit.util.SQLHelper  - close(resultSet=org.apache.commons.dbcp.DelegatingResultSet@d364da0) - start
147167 [main] DEBUG org.dbunit.util.search.DepthFirstSearch  - Adding node REQUESTCONTEXT to the final result
147167 [main] DEBUG org.dbunit.database.DatabaseSequenceFilter  - getDependencyInfo(connection=_databaseConfig=org.dbunit.database.DatabaseConfig[, _propertyMap={http://www.dbunit.org/properties/statementFactory=org.dbunit.database.statement.PreparedStatementFactory@626bc2b8, http://www.dbunit.org/features/caseSensitiveTableNames=false, http://www.dbunit.org/properties/fetchSize=100, http://www.dbunit.org/features/batchedStatements=false, http://www.dbunit.org/properties/metadataHandler=org.dbunit.database.DefaultMetadataHandler@3bbfdfde, http://www.dbunit.org/properties/datatypeFactory=org.dbunit.dataset.datatype.DefaultDataTypeFactory[_toleratedDeltaMap=org.dbunit.dataset.datatype.ToleratedDeltaMap@6452310a], http://www.dbunit.org/properties/escapePattern=null, http://www.dbunit.org/properties/batchSize=100, http://www.dbunit.org/features/qualifiedTableNames=false, http://www.dbunit.org/properties/tableType=[Ljava.lang.String;@5011bafa, http://www.dbunit.org/properties/resultSetTableFactory=org.dbunit.database.CachedResultSetTableFactory@10bcf083, http://www.dbunit.org/features/datatypeWarning=true}], _dataSet=AbstractDataSet[_orderedTableNameMap=null], tableName=SCOPE) - start
147167 [main] DEBUG org.dbunit.database.search.TablesDependencyHelper  - getDependentTables(connection=_databaseConfig=org.dbunit.database.DatabaseConfig[, _propertyMap={http://www.dbunit.org/properties/statementFactory=org.dbunit.database.statement.PreparedStatementFactory@626bc2b8, http://www.dbunit.org/features/caseSensitiveTableNames=false, http://www.dbunit.org/properties/fetchSize=100, http://www.dbunit.org/features/batchedStatements=false, http://www.dbunit.org/properties/metadataHandler=org.dbunit.database.DefaultMetadataHandler@3bbfdfde, http://www.dbunit.org/properties/datatypeFactory=org.dbunit.dataset.datatype.DefaultDataTypeFactory[_toleratedDeltaMap=org.dbunit.dataset.datatype.ToleratedDeltaMap@6452310a], http://www.dbunit.org/properties/escapePattern=null, http://www.dbunit.org/properties/batchSize=100, http://www.dbunit.org/features/qualifiedTableNames=false, http://www.dbunit.org/properties/tableType=[Ljava.lang.String;@5011bafa, http://www.dbunit.org/properties/resultSetTableFactory=org.dbunit.database.CachedResultSetTableFactory@10bcf083, http://www.dbunit.org/features/datatypeWarning=true}], _dataSet=AbstractDataSet[_orderedTableNameMap=null], rootTable=SCOPE) - start
147167 [main] DEBUG org.dbunit.database.search.TablesDependencyHelper  - getDependentTables(connection=_databaseConfig=org.dbunit.database.DatabaseConfig[, _propertyMap={http://www.dbunit.org/properties/statementFactory=org.dbunit.database.statement.PreparedStatementFactory@626bc2b8, http://www.dbunit.org/features/caseSensitiveTableNames=false, http://www.dbunit.org/properties/fetchSize=100, http://www.dbunit.org/features/batchedStatements=false, http://www.dbunit.org/properties/metadataHandler=org.dbunit.database.DefaultMetadataHandler@3bbfdfde, http://www.dbunit.org/properties/datatypeFactory=org.dbunit.dataset.datatype.DefaultDataTypeFactory[_toleratedDeltaMap=org.dbunit.dataset.datatype.ToleratedDeltaMap@6452310a], http://www.dbunit.org/properties/escapePattern=null, http://www.dbunit.org/properties/batchSize=100, http://www.dbunit.org/features/qualifiedTableNames=false, http://www.dbunit.org/properties/tableType=[Ljava.lang.String;@5011bafa, http://www.dbunit.org/properties/resultSetTableFactory=org.dbunit.database.CachedResultSetTableFactory@10bcf083, http://www.dbunit.org/features/datatypeWarning=true}], _dataSet=AbstractDataSet[_orderedTableNameMap=null], rootTables=[SCOPE]) - start
147167 [main] DEBUG org.dbunit.util.search.DepthFirstSearch  - search(nodesFrom=[SCOPE], callback=org.dbunit.database.search.ImportedKeysSearchCallback@23323a33) - start
147167 [main] DEBUG org.dbunit.util.CollectionsHelper  - objectsToSet(objects=SCOPE) - start
147167 [main] DEBUG org.dbunit.util.search.DepthFirstSearch  - search(nodesFrom=[SCOPE], callback=org.dbunit.database.search.ImportedKeysSearchCallback@23323a33) - start
147167 [main] DEBUG org.dbunit.util.search.DepthFirstSearch  - reverseSearch:SCOPE
147167 [main] DEBUG org.dbunit.database.search.ImportedKeysSearchCallback  - searchNode(node=SCOPE) - start
147167 [main] DEBUG org.dbunit.util.search.DepthFirstSearch  - Pushing (reverse) SCOPE
147167 [main] DEBUG org.dbunit.database.search.ImportedKeysSearchCallback  - getEdges(node=SCOPE) - start
147167 [main] DEBUG org.dbunit.database.search.AbstractMetaDataBasedSearchCallback  - getNodesFromImportedKeys(node=SCOPE) - start
147167 [main] DEBUG org.dbunit.database.search.AbstractMetaDataBasedSearchCallback  - getNodes(type=0, node=SCOPE) - start
147167 [main] DEBUG org.dbunit.database.DatabaseDataSourceConnection  - getConnection() - start
147168 [main] DEBUG org.dbunit.database.search.AbstractMetaDataBasedSearchCallback  - getNodes(type=0, node=SCOPE, conn=Transaction-aware proxy for target Connection [jdbc:hsqldb:mem:kontrollDS, UserName=sw, HSQL Database Engine Driver], schema=null, metaData=org.apache.commons.dbcp.DelegatingDatabaseMetaData@368afc52, edges=[]) - start
147168 [main] DEBUG org.dbunit.database.search.AbstractMetaDataBasedSearchCallback  - Getting edges for node SCOPE
147168 [main] TRACE org.dbunit.database.DatabaseConfig  - getProperty(name=http://www.dbunit.org/properties/metadataHandler) - start
147168 [main] TRACE org.dbunit.database.DefaultMetadataHandler  - tableExists(metaData=org.apache.commons.dbcp.DelegatingDatabaseMetaData@368afc52, schemaName=null, tableName=SCOPE) - start
147169 [main] DEBUG org.dbunit.util.SQLHelper  - close(resultSet=org.apache.commons.dbcp.DelegatingResultSet@69bac637) - start
147169 [main] DEBUG org.dbunit.util.SQLHelper  - close(resultSet=org.apache.commons.dbcp.DelegatingResultSet@99f5d81) - start
147169 [main] DEBUG org.dbunit.util.search.DepthFirstSearch  - search:SCOPE
147169 [main] DEBUG org.dbunit.database.search.ImportedKeysSearchCallback  - searchNode(node=SCOPE) - start
147169 [main] DEBUG org.dbunit.util.search.DepthFirstSearch  - Pushing SCOPE
147169 [main] DEBUG org.dbunit.database.search.ImportedKeysSearchCallback  - getEdges(node=SCOPE) - start
147169 [main] DEBUG org.dbunit.database.search.AbstractMetaDataBasedSearchCallback  - getNodesFromImportedKeys(node=SCOPE) - start
147169 [main] DEBUG org.dbunit.database.search.AbstractMetaDataBasedSearchCallback  - getNodes(type=0, node=SCOPE) - start
147169 [main] DEBUG org.dbunit.database.DatabaseDataSourceConnection  - getConnection() - start
147169 [main] DEBUG org.dbunit.database.search.AbstractMetaDataBasedSearchCallback  - getNodes(type=0, node=SCOPE, conn=Transaction-aware proxy for target Connection [jdbc:hsqldb:mem:kontrollDS, UserName=sw, HSQL Database Engine Driver], schema=null, metaData=org.apache.commons.dbcp.DelegatingDatabaseMetaData@3db3c516, edges=[]) - start
147169 [main] DEBUG org.dbunit.database.search.AbstractMetaDataBasedSearchCallback  - Getting edges for node SCOPE
147169 [main] TRACE org.dbunit.database.DatabaseConfig  - getProperty(name=http://www.dbunit.org/properties/metadataHandler) - start
147169 [main] TRACE org.dbunit.database.DefaultMetadataHandler  - tableExists(metaData=org.apache.commons.dbcp.DelegatingDatabaseMetaData@3db3c516, schemaName=null, tableName=SCOPE) - start
147170 [main] DEBUG org.dbunit.util.SQLHelper  - close(resultSet=org.apache.commons.dbcp.DelegatingResultSet@7965434f) - start
147171 [main] DEBUG org.dbunit.util.SQLHelper  - close(resultSet=org.apache.commons.dbcp.DelegatingResultSet@7d9618fb) - start
147171 [main] DEBUG org.dbunit.util.search.DepthFirstSearch  - Adding node SCOPE to the final result
147171 [main] DEBUG org.dbunit.util.CollectionsHelper  - setToStrings(set=[SCOPE]) - start
147171 [main] DEBUG org.dbunit.database.search.TablesDependencyHelper  - getDependsOnTables(connection=_databaseConfig=org.dbunit.database.DatabaseConfig[, _propertyMap={http://www.dbunit.org/properties/statementFactory=org.dbunit.database.statement.PreparedStatementFactory@626bc2b8, http://www.dbunit.org/features/caseSensitiveTableNames=false, http://www.dbunit.org/properties/fetchSize=100, http://www.dbunit.org/features/batchedStatements=false, http://www.dbunit.org/properties/metadataHandler=org.dbunit.database.DefaultMetadataHandler@3bbfdfde, http://www.dbunit.org/properties/datatypeFactory=org.dbunit.dataset.datatype.DefaultDataTypeFactory[_toleratedDeltaMap=org.dbunit.dataset.datatype.ToleratedDeltaMap@6452310a], http://www.dbunit.org/properties/escapePattern=null, http://www.dbunit.org/properties/batchSize=100, http://www.dbunit.org/features/qualifiedTableNames=false, http://www.dbunit.org/properties/tableType=[Ljava.lang.String;@5011bafa, http://www.dbunit.org/properties/resultSetTableFactory=org.dbunit.database.CachedResultSetTableFactory@10bcf083, http://www.dbunit.org/features/datatypeWarning=true}], _dataSet=AbstractDataSet[_orderedTableNameMap=null], rootTable=SCOPE) - start
147171 [main] DEBUG org.dbunit.util.search.DepthFirstSearch  - search(nodesFrom=[SCOPE], callback=org.dbunit.database.search.ExportedKeysSearchCallback@5e4d5630) - start
147171 [main] DEBUG org.dbunit.util.CollectionsHelper  - objectsToSet(objects=SCOPE) - start
147171 [main] DEBUG org.dbunit.util.search.DepthFirstSearch  - search(nodesFrom=[SCOPE], callback=org.dbunit.database.search.ExportedKeysSearchCallback@5e4d5630) - start
147171 [main] DEBUG org.dbunit.util.search.DepthFirstSearch  - reverseSearch:SCOPE
147171 [main] DEBUG org.dbunit.database.search.ExportedKeysSearchCallback  - searchNode(node=SCOPE) - start
147171 [main] DEBUG org.dbunit.util.search.DepthFirstSearch  - Pushing (reverse) SCOPE
147171 [main] DEBUG org.dbunit.database.search.ExportedKeysSearchCallback  - getEdges(node=SCOPE) - start
147171 [main] DEBUG org.dbunit.database.search.AbstractMetaDataBasedSearchCallback  - getNodesFromExportedKeys(node=SCOPE) - start
147171 [main] DEBUG org.dbunit.database.search.AbstractMetaDataBasedSearchCallback  - getNodes(type=1, node=SCOPE) - start
147171 [main] DEBUG org.dbunit.database.DatabaseDataSourceConnection  - getConnection() - start
147171 [main] DEBUG org.dbunit.database.search.AbstractMetaDataBasedSearchCallback  - getNodes(type=1, node=SCOPE, conn=Transaction-aware proxy for target Connection [jdbc:hsqldb:mem:kontrollDS, UserName=sw, HSQL Database Engine Driver], schema=null, metaData=org.apache.commons.dbcp.DelegatingDatabaseMetaData@275599ae, edges=[]) - start
147171 [main] DEBUG org.dbunit.database.search.AbstractMetaDataBasedSearchCallback  - Getting edges for node SCOPE
147171 [main] TRACE org.dbunit.database.DatabaseConfig  - getProperty(name=http://www.dbunit.org/properties/metadataHandler) - start
147171 [main] TRACE org.dbunit.database.DefaultMetadataHandler  - tableExists(metaData=org.apache.commons.dbcp.DelegatingDatabaseMetaData@275599ae, schemaName=null, tableName=SCOPE) - start
147172 [main] DEBUG org.dbunit.util.SQLHelper  - close(resultSet=org.apache.commons.dbcp.DelegatingResultSet@4907a13d) - start
147173 [main] DEBUG org.dbunit.util.QualifiedTableName  - getQualifiedNameIfEnabled(config=org.dbunit.database.DatabaseConfig[, _propertyMap={http://www.dbunit.org/properties/statementFactory=org.dbunit.database.statement.PreparedStatementFactory@626bc2b8, http://www.dbunit.org/features/caseSensitiveTableNames=false, http://www.dbunit.org/properties/fetchSize=100, http://www.dbunit.org/features/batchedStatements=false, http://www.dbunit.org/properties/metadataHandler=org.dbunit.database.DefaultMetadataHandler@3bbfdfde, http://www.dbunit.org/properties/datatypeFactory=org.dbunit.dataset.datatype.DefaultDataTypeFactory[_toleratedDeltaMap=org.dbunit.dataset.datatype.ToleratedDeltaMap@6452310a], http://www.dbunit.org/properties/escapePattern=null, http://www.dbunit.org/properties/batchSize=100, http://www.dbunit.org/features/qualifiedTableNames=false, http://www.dbunit.org/properties/tableType=[Ljava.lang.String;@5011bafa, http://www.dbunit.org/properties/resultSetTableFactory=org.dbunit.database.CachedResultSetTableFactory@10bcf083, http://www.dbunit.org/features/datatypeWarning=true}]) - start
147173 [main] TRACE org.dbunit.database.DatabaseConfig  - getFeature(name=http://www.dbunit.org/features/qualifiedTableNames) - start
147173 [main] TRACE org.dbunit.database.DatabaseConfig  - getProperty(name=http://www.dbunit.org/features/qualifiedTableNames) - start
147173 [main] DEBUG org.dbunit.util.QualifiedTableName  - Qualified table names feature is disabled. Returning plain table name
147173 [main] DEBUG org.dbunit.util.QualifiedTableName  - getQualifiedName(prefix=null, name=SCOPE, escapePattern=null) - start
147173 [main] DEBUG org.dbunit.util.QualifiedTableName  - getQualifiedNameIfEnabled(config=org.dbunit.database.DatabaseConfig[, _propertyMap={http://www.dbunit.org/properties/statementFactory=org.dbunit.database.statement.PreparedStatementFactory@626bc2b8, http://www.dbunit.org/features/caseSensitiveTableNames=false, http://www.dbunit.org/properties/fetchSize=100, http://www.dbunit.org/features/batchedStatements=false, http://www.dbunit.org/properties/metadataHandler=org.dbunit.database.DefaultMetadataHandler@3bbfdfde, http://www.dbunit.org/properties/datatypeFactory=org.dbunit.dataset.datatype.DefaultDataTypeFactory[_toleratedDeltaMap=org.dbunit.dataset.datatype.ToleratedDeltaMap@6452310a], http://www.dbunit.org/properties/escapePattern=null, http://www.dbunit.org/properties/batchSize=100, http://www.dbunit.org/features/qualifiedTableNames=false, http://www.dbunit.org/properties/tableType=[Ljava.lang.String;@5011bafa, http://www.dbunit.org/properties/resultSetTableFactory=org.dbunit.database.CachedResultSetTableFactory@10bcf083, http://www.dbunit.org/features/datatypeWarning=true}]) - start
147173 [main] TRACE org.dbunit.database.DatabaseConfig  - getFeature(name=http://www.dbunit.org/features/qualifiedTableNames) - start
147173 [main] TRACE org.dbunit.database.DatabaseConfig  - getProperty(name=http://www.dbunit.org/features/qualifiedTableNames) - start
147173 [main] DEBUG org.dbunit.util.QualifiedTableName  - Qualified table names feature is disabled. Returning plain table name
147173 [main] DEBUG org.dbunit.util.QualifiedTableName  - getQualifiedName(prefix=null, name=SCOPE_REQUESTCONTEXT, escapePattern=null) - start
147173 [main] DEBUG org.dbunit.database.search.AbstractMetaDataBasedSearchCallback  - newEdge(rs=org.apache.commons.dbcp.DelegatingResultSet@1d4fcaf7, type=1, from=SCOPE, to=SCOPE_REQUESTCONTEXT, fkColumn=SCOPE_ID, pkColumn=ID) - start
147173 [main] DEBUG org.dbunit.database.search.AbstractMetaDataBasedSearchCallback  - createFKEdge(rs=org.apache.commons.dbcp.DelegatingResultSet@1d4fcaf7, type=1, from=SCOPE, to=SCOPE_REQUESTCONTEXT, fkColumn=SCOPE_ID, pkColumn=ID) - start
147173 [main] DEBUG org.dbunit.database.search.AbstractMetaDataBasedSearchCallback  - Adding edge SCOPE_REQUESTCONTEXT(SCOPE_ID)->SCOPE(ID)
147173 [main] DEBUG org.dbunit.util.search.Edge  - compareTo(o=SCOPE_REQUESTCONTEXT(SCOPE_ID)->SCOPE(ID)) - start
147173 [main] DEBUG org.dbunit.util.QualifiedTableName  - getQualifiedNameIfEnabled(config=org.dbunit.database.DatabaseConfig[, _propertyMap={http://www.dbunit.org/properties/statementFactory=org.dbunit.database.statement.PreparedStatementFactory@626bc2b8, http://www.dbunit.org/features/caseSensitiveTableNames=false, http://www.dbunit.org/properties/fetchSize=100, http://www.dbunit.org/features/batchedStatements=false, http://www.dbunit.org/properties/metadataHandler=org.dbunit.database.DefaultMetadataHandler@3bbfdfde, http://www.dbunit.org/properties/datatypeFactory=org.dbunit.dataset.datatype.DefaultDataTypeFactory[_toleratedDeltaMap=org.dbunit.dataset.datatype.ToleratedDeltaMap@6452310a], http://www.dbunit.org/properties/escapePattern=null, http://www.dbunit.org/properties/batchSize=100, http://www.dbunit.org/features/qualifiedTableNames=false, http://www.dbunit.org/properties/tableType=[Ljava.lang.String;@5011bafa, http://www.dbunit.org/properties/resultSetTableFactory=org.dbunit.database.CachedResultSetTableFactory@10bcf083, http://www.dbunit.org/features/datatypeWarning=true}]) - start
147173 [main] TRACE org.dbunit.database.DatabaseConfig  - getFeature(name=http://www.dbunit.org/features/qualifiedTableNames) - start
147173 [main] TRACE org.dbunit.database.DatabaseConfig  - getProperty(name=http://www.dbunit.org/features/qualifiedTableNames) - start
147173 [main] DEBUG org.dbunit.util.QualifiedTableName  - Qualified table names feature is disabled. Returning plain table name
147173 [main] DEBUG org.dbunit.util.QualifiedTableName  - getQualifiedName(prefix=null, name=SCOPE, escapePattern=null) - start
147173 [main] DEBUG org.dbunit.util.QualifiedTableName  - getQualifiedNameIfEnabled(config=org.dbunit.database.DatabaseConfig[, _propertyMap={http://www.dbunit.org/properties/statementFactory=org.dbunit.database.statement.PreparedStatementFactory@626bc2b8, http://www.dbunit.org/features/caseSensitiveTableNames=false, http://www.dbunit.org/properties/fetchSize=100, http://www.dbunit.org/features/batchedStatements=false, http://www.dbunit.org/properties/metadataHandler=org.dbunit.database.DefaultMetadataHandler@3bbfdfde, http://www.dbunit.org/properties/datatypeFactory=org.dbunit.dataset.datatype.DefaultDataTypeFactory[_toleratedDeltaMap=org.dbunit.dataset.datatype.ToleratedDeltaMap@6452310a], http://www.dbunit.org/properties/escapePattern=null, http://www.dbunit.org/properties/batchSize=100, http://www.dbunit.org/features/qualifiedTableNames=false, http://www.dbunit.org/properties/tableType=[Ljava.lang.String;@5011bafa, http://www.dbunit.org/properties/resultSetTableFactory=org.dbunit.database.CachedResultSetTableFactory@10bcf083, http://www.dbunit.org/features/datatypeWarning=true}]) - start
147174 [main] TRACE org.dbunit.database.DatabaseConfig  - getFeature(name=http://www.dbunit.org/features/qualifiedTableNames) - start
147174 [main] TRACE org.dbunit.database.DatabaseConfig  - getProperty(name=http://www.dbunit.org/features/qualifiedTableNames) - start
147174 [main] DEBUG org.dbunit.util.QualifiedTableName  - Qualified table names feature is disabled. Returning plain table name
147174 [main] DEBUG org.dbunit.util.QualifiedTableName  - getQualifiedName(prefix=null, name=SCOPEDCONTENT, escapePattern=null) - start
147174 [main] DEBUG org.dbunit.database.search.AbstractMetaDataBasedSearchCallback  - newEdge(rs=org.apache.commons.dbcp.DelegatingResultSet@1d4fcaf7, type=1, from=SCOPE, to=SCOPEDCONTENT, fkColumn=SCOPE, pkColumn=ID) - start
147174 [main] DEBUG org.dbunit.database.search.AbstractMetaDataBasedSearchCallback  - createFKEdge(rs=org.apache.commons.dbcp.DelegatingResultSet@1d4fcaf7, type=1, from=SCOPE, to=SCOPEDCONTENT, fkColumn=SCOPE, pkColumn=ID) - start
147174 [main] DEBUG org.dbunit.database.search.AbstractMetaDataBasedSearchCallback  - Adding edge SCOPEDCONTENT(SCOPE)->SCOPE(ID)
147174 [main] DEBUG org.dbunit.util.search.Edge  - compareTo(o=SCOPE_REQUESTCONTEXT(SCOPE_ID)->SCOPE(ID)) - start
147174 [main] DEBUG org.dbunit.util.SQLHelper  - close(resultSet=org.apache.commons.dbcp.DelegatingResultSet@1d4fcaf7) - start
147174 [main] DEBUG org.dbunit.util.search.DepthFirstSearch  - reverseSearch:SCOPEDCONTENT
147174 [main] DEBUG org.dbunit.database.search.ExportedKeysSearchCallback  - searchNode(node=SCOPEDCONTENT) - start
147174 [main] DEBUG org.dbunit.util.search.DepthFirstSearch  - Pushing (reverse) SCOPEDCONTENT
147174 [main] DEBUG org.dbunit.database.search.ExportedKeysSearchCallback  - getEdges(node=SCOPEDCONTENT) - start
147174 [main] DEBUG org.dbunit.database.search.AbstractMetaDataBasedSearchCallback  - getNodesFromExportedKeys(node=SCOPEDCONTENT) - start
147174 [main] DEBUG org.dbunit.database.search.AbstractMetaDataBasedSearchCallback  - getNodes(type=1, node=SCOPEDCONTENT) - start
147174 [main] DEBUG org.dbunit.database.DatabaseDataSourceConnection  - getConnection() - start
147174 [main] DEBUG org.dbunit.database.search.AbstractMetaDataBasedSearchCallback  - getNodes(type=1, node=SCOPEDCONTENT, conn=Transaction-aware proxy for target Connection [jdbc:hsqldb:mem:kontrollDS, UserName=sw, HSQL Database Engine Driver], schema=null, metaData=org.apache.commons.dbcp.DelegatingDatabaseMetaData@61962d29, edges=[]) - start
147174 [main] DEBUG org.dbunit.database.search.AbstractMetaDataBasedSearchCallback  - Getting edges for node SCOPEDCONTENT
147174 [main] TRACE org.dbunit.database.DatabaseConfig  - getProperty(name=http://www.dbunit.org/properties/metadataHandler) - start
147174 [main] TRACE org.dbunit.database.DefaultMetadataHandler  - tableExists(metaData=org.apache.commons.dbcp.DelegatingDatabaseMetaData@61962d29, schemaName=null, tableName=SCOPEDCONTENT) - start
147175 [main] DEBUG org.dbunit.util.SQLHelper  - close(resultSet=org.apache.commons.dbcp.DelegatingResultSet@41b7e741) - start
147176 [main] DEBUG org.dbunit.util.QualifiedTableName  - getQualifiedNameIfEnabled(config=org.dbunit.database.DatabaseConfig[, _propertyMap={http://www.dbunit.org/properties/statementFactory=org.dbunit.database.statement.PreparedStatementFactory@626bc2b8, http://www.dbunit.org/features/caseSensitiveTableNames=false, http://www.dbunit.org/properties/fetchSize=100, http://www.dbunit.org/features/batchedStatements=false, http://www.dbunit.org/properties/metadataHandler=org.dbunit.database.DefaultMetadataHandler@3bbfdfde, http://www.dbunit.org/properties/datatypeFactory=org.dbunit.dataset.datatype.DefaultDataTypeFactory[_toleratedDeltaMap=org.dbunit.dataset.datatype.ToleratedDeltaMap@6452310a], http://www.dbunit.org/properties/escapePattern=null, http://www.dbunit.org/properties/batchSize=100, http://www.dbunit.org/features/qualifiedTableNames=false, http://www.dbunit.org/properties/tableType=[Ljava.lang.String;@5011bafa, http://www.dbunit.org/properties/resultSetTableFactory=org.dbunit.database.CachedResultSetTableFactory@10bcf083, http://www.dbunit.org/features/datatypeWarning=true}]) - start
147176 [main] TRACE org.dbunit.database.DatabaseConfig  - getFeature(name=http://www.dbunit.org/features/qualifiedTableNames) - start
147176 [main] TRACE org.dbunit.database.DatabaseConfig  - getProperty(name=http://www.dbunit.org/features/qualifiedTableNames) - start
147176 [main] DEBUG org.dbunit.util.QualifiedTableName  - Qualified table names feature is disabled. Returning plain table name
147176 [main] DEBUG org.dbunit.util.QualifiedTableName  - getQualifiedName(prefix=null, name=SCOPEDCONTENT, escapePattern=null) - start
147176 [main] DEBUG org.dbunit.util.QualifiedTableName  - getQualifiedNameIfEnabled(config=org.dbunit.database.DatabaseConfig[, _propertyMap={http://www.dbunit.org/properties/statementFactory=org.dbunit.database.statement.PreparedStatementFactory@626bc2b8, http://www.dbunit.org/features/caseSensitiveTableNames=false, http://www.dbunit.org/properties/fetchSize=100, http://www.dbunit.org/features/batchedStatements=false, http://www.dbunit.org/properties/metadataHandler=org.dbunit.database.DefaultMetadataHandler@3bbfdfde, http://www.dbunit.org/properties/datatypeFactory=org.dbunit.dataset.datatype.DefaultDataTypeFactory[_toleratedDeltaMap=org.dbunit.dataset.datatype.ToleratedDeltaMap@6452310a], http://www.dbunit.org/properties/escapePattern=null, http://www.dbunit.org/properties/batchSize=100, http://www.dbunit.org/features/qualifiedTableNames=false, http://www.dbunit.org/properties/tableType=[Ljava.lang.String;@5011bafa, http://www.dbunit.org/properties/resultSetTableFactory=org.dbunit.database.CachedResultSetTableFactory@10bcf083, http://www.dbunit.org/features/datatypeWarning=true}]) - start
147176 [main] TRACE org.dbunit.database.DatabaseConfig  - getFeature(name=http://www.dbunit.org/features/qualifiedTableNames) - start
147176 [main] TRACE org.dbunit.database.DatabaseConfig  - getProperty(name=http://www.dbunit.org/features/qualifiedTableNames) - start
147176 [main] DEBUG org.dbunit.util.QualifiedTableName  - Qualified table names feature is disabled. Returning plain table name
147176 [main] DEBUG org.dbunit.util.QualifiedTableName  - getQualifiedName(prefix=null, name=SCOPEDCONTENTCONDITIONS_SCOPEDCONTENT, escapePattern=null) - start
147176 [main] DEBUG org.dbunit.database.search.AbstractMetaDataBasedSearchCallback  - newEdge(rs=org.apache.commons.dbcp.DelegatingResultSet@718068d2, type=1, from=SCOPEDCONTENT, to=SCOPEDCONTENTCONDITIONS_SCOPEDCONTENT, fkColumn=SCOPED_CONTENT_ID, pkColumn=ID) - start
147176 [main] DEBUG org.dbunit.database.search.AbstractMetaDataBasedSearchCallback  - createFKEdge(rs=org.apache.commons.dbcp.DelegatingResultSet@718068d2, type=1, from=SCOPEDCONTENT, to=SCOPEDCONTENTCONDITIONS_SCOPEDCONTENT, fkColumn=SCOPED_CONTENT_ID, pkColumn=ID) - start
147176 [main] DEBUG org.dbunit.database.search.AbstractMetaDataBasedSearchCallback  - Adding edge SCOPEDCONTENTCONDITIONS_SCOPEDCONTENT(SCOPED_CONTENT_ID)->SCOPEDCONTENT(ID)
147176 [main] DEBUG org.dbunit.util.search.Edge  - compareTo(o=SCOPEDCONTENTCONDITIONS_SCOPEDCONTENT(SCOPED_CONTENT_ID)->SCOPEDCONTENT(ID)) - start
147176 [main] DEBUG org.dbunit.util.QualifiedTableName  - getQualifiedNameIfEnabled(config=org.dbunit.database.DatabaseConfig[, _propertyMap={http://www.dbunit.org/properties/statementFactory=org.dbunit.database.statement.PreparedStatementFactory@626bc2b8, http://www.dbunit.org/features/caseSensitiveTableNames=false, http://www.dbunit.org/properties/fetchSize=100, http://www.dbunit.org/features/batchedStatements=false, http://www.dbunit.org/properties/metadataHandler=org.dbunit.database.DefaultMetadataHandler@3bbfdfde, http://www.dbunit.org/properties/datatypeFactory=org.dbunit.dataset.datatype.DefaultDataTypeFactory[_toleratedDeltaMap=org.dbunit.dataset.datatype.ToleratedDeltaMap@6452310a], http://www.dbunit.org/properties/escapePattern=null, http://www.dbunit.org/properties/batchSize=100, http://www.dbunit.org/features/qualifiedTableNames=false, http://www.dbunit.org/properties/tableType=[Ljava.lang.String;@5011bafa, http://www.dbunit.org/properties/resultSetTableFactory=org.dbunit.database.CachedResultSetTableFactory@10bcf083, http://www.dbunit.org/features/datatypeWarning=true}]) - start
147176 [main] TRACE org.dbunit.database.DatabaseConfig  - getFeature(name=http://www.dbunit.org/features/qualifiedTableNames) - start
147176 [main] TRACE org.dbunit.database.DatabaseConfig  - getProperty(name=http://www.dbunit.org/features/qualifiedTableNames) - start
147176 [main] DEBUG org.dbunit.util.QualifiedTableName  - Qualified table names feature is disabled. Returning plain table name
147176 [main] DEBUG org.dbunit.util.QualifiedTableName  - getQualifiedName(prefix=null, name=SCOPEDCONTENT, escapePattern=null) - start
147176 [main] DEBUG org.dbunit.util.QualifiedTableName  - getQualifiedNameIfEnabled(config=org.dbunit.database.DatabaseConfig[, _propertyMap={http://www.dbunit.org/properties/statementFactory=org.dbunit.database.statement.PreparedStatementFactory@626bc2b8, http://www.dbunit.org/features/caseSensitiveTableNames=false, http://www.dbunit.org/properties/fetchSize=100, http://www.dbunit.org/features/batchedStatements=false, http://www.dbunit.org/properties/metadataHandler=org.dbunit.database.DefaultMetadataHandler@3bbfdfde, http://www.dbunit.org/properties/datatypeFactory=org.dbunit.dataset.datatype.DefaultDataTypeFactory[_toleratedDeltaMap=org.dbunit.dataset.datatype.ToleratedDeltaMap@6452310a], http://www.dbunit.org/properties/escapePattern=null, http://www.dbunit.org/properties/batchSize=100, http://www.dbunit.org/features/qualifiedTableNames=false, http://www.dbunit.org/properties/tableType=[Ljava.lang.String;@5011bafa, http://www.dbunit.org/properties/resultSetTableFactory=org.dbunit.database.CachedResultSetTableFactory@10bcf083, http://www.dbunit.org/features/datatypeWarning=true}]) - start
147176 [main] TRACE org.dbunit.database.DatabaseConfig  - getFeature(name=http://www.dbunit.org/features/qualifiedTableNames) - start
147176 [main] TRACE org.dbunit.database.DatabaseConfig  - getProperty(name=http://www.dbunit.org/features/qualifiedTableNames) - start
147176 [main] DEBUG org.dbunit.util.QualifiedTableName  - Qualified table names feature is disabled. Returning plain table name
147177 [main] DEBUG org.dbunit.util.QualifiedTableName  - getQualifiedName(prefix=null, name=SCOPEDCONTENT_SCOPEDCONTENTITEM, escapePattern=null) - start
147177 [main] DEBUG org.dbunit.database.search.AbstractMetaDataBasedSearchCallback  - newEdge(rs=org.apache.commons.dbcp.DelegatingResultSet@718068d2, type=1, from=SCOPEDCONTENT, to=SCOPEDCONTENT_SCOPEDCONTENTITEM, fkColumn=SCOPED_CONTENT_ITEM_ID, pkColumn=ID) - start
147177 [main] DEBUG org.dbunit.database.search.AbstractMetaDataBasedSearchCallback  - createFKEdge(rs=org.apache.commons.dbcp.DelegatingResultSet@718068d2, type=1, from=SCOPEDCONTENT, to=SCOPEDCONTENT_SCOPEDCONTENTITEM, fkColumn=SCOPED_CONTENT_ITEM_ID, pkColumn=ID) - start
147177 [main] DEBUG org.dbunit.database.search.AbstractMetaDataBasedSearchCallback  - Adding edge SCOPEDCONTENT_SCOPEDCONTENTITEM(SCOPED_CONTENT_ITEM_ID)->SCOPEDCONTENT(ID)
147177 [main] DEBUG org.dbunit.util.search.Edge  - compareTo(o=SCOPEDCONTENTCONDITIONS_SCOPEDCONTENT(SCOPED_CONTENT_ID)->SCOPEDCONTENT(ID)) - start
147177 [main] DEBUG org.dbunit.util.SQLHelper  - close(resultSet=org.apache.commons.dbcp.DelegatingResultSet@718068d2) - start
147177 [main] DEBUG org.dbunit.util.search.DepthFirstSearch  - reverseSearch:SCOPEDCONTENTCONDITIONS_SCOPEDCONTENT
147177 [main] DEBUG org.dbunit.database.search.ExportedKeysSearchCallback  - searchNode(node=SCOPEDCONTENTCONDITIONS_SCOPEDCONTENT) - start
147177 [main] DEBUG org.dbunit.util.search.DepthFirstSearch  - Pushing (reverse) SCOPEDCONTENTCONDITIONS_SCOPEDCONTENT
147177 [main] DEBUG org.dbunit.database.search.ExportedKeysSearchCallback  - getEdges(node=SCOPEDCONTENTCONDITIONS_SCOPEDCONTENT) - start
147177 [main] DEBUG org.dbunit.database.search.AbstractMetaDataBasedSearchCallback  - getNodesFromExportedKeys(node=SCOPEDCONTENTCONDITIONS_SCOPEDCONTENT) - start
147177 [main] DEBUG org.dbunit.database.search.AbstractMetaDataBasedSearchCallback  - getNodes(type=1, node=SCOPEDCONTENTCONDITIONS_SCOPEDCONTENT) - start
147177 [main] DEBUG org.dbunit.database.DatabaseDataSourceConnection  - getConnection() - start
147177 [main] DEBUG org.dbunit.database.search.AbstractMetaDataBasedSearchCallback  - getNodes(type=1, node=SCOPEDCONTENTCONDITIONS_SCOPEDCONTENT, conn=Transaction-aware proxy for target Connection [jdbc:hsqldb:mem:kontrollDS, UserName=sw, HSQL Database Engine Driver], schema=null, metaData=org.apache.commons.dbcp.DelegatingDatabaseMetaData@2561ed35, edges=[]) - start
147177 [main] DEBUG org.dbunit.database.search.AbstractMetaDataBasedSearchCallback  - Getting edges for node SCOPEDCONTENTCONDITIONS_SCOPEDCONTENT
147177 [main] TRACE org.dbunit.database.DatabaseConfig  - getProperty(name=http://www.dbunit.org/properties/metadataHandler) - start
147177 [main] TRACE org.dbunit.database.DefaultMetadataHandler  - tableExists(metaData=org.apache.commons.dbcp.DelegatingDatabaseMetaData@2561ed35, schemaName=null, tableName=SCOPEDCONTENTCONDITIONS_SCOPEDCONTENT) - start
147178 [main] DEBUG org.dbunit.util.SQLHelper  - close(resultSet=org.apache.commons.dbcp.DelegatingResultSet@271f7b) - start
147179 [main] DEBUG org.dbunit.util.SQLHelper  - close(resultSet=org.apache.commons.dbcp.DelegatingResultSet@2cda635) - start
147179 [main] DEBUG org.dbunit.util.search.DepthFirstSearch  - reverseSearch:SCOPEDCONTENT_SCOPEDCONTENTITEM
147179 [main] DEBUG org.dbunit.database.search.ExportedKeysSearchCallback  - searchNode(node=SCOPEDCONTENT_SCOPEDCONTENTITEM) - start
147179 [main] DEBUG org.dbunit.util.search.DepthFirstSearch  - Pushing (reverse) SCOPEDCONTENT_SCOPEDCONTENTITEM
147179 [main] DEBUG org.dbunit.database.search.ExportedKeysSearchCallback  - getEdges(node=SCOPEDCONTENT_SCOPEDCONTENTITEM) - start
147179 [main] DEBUG org.dbunit.database.search.AbstractMetaDataBasedSearchCallback  - getNodesFromExportedKeys(node=SCOPEDCONTENT_SCOPEDCONTENTITEM) - start
147179 [main] DEBUG org.dbunit.database.search.AbstractMetaDataBasedSearchCallback  - getNodes(type=1, node=SCOPEDCONTENT_SCOPEDCONTENTITEM) - start
147179 [main] DEBUG org.dbunit.database.DatabaseDataSourceConnection  - getConnection() - start
147179 [main] DEBUG org.dbunit.database.search.AbstractMetaDataBasedSearchCallback  - getNodes(type=1, node=SCOPEDCONTENT_SCOPEDCONTENTITEM, conn=Transaction-aware proxy for target Connection [jdbc:hsqldb:mem:kontrollDS, UserName=sw, HSQL Database Engine Driver], schema=null, metaData=org.apache.commons.dbcp.DelegatingDatabaseMetaData@b5ae303, edges=[]) - start
147179 [main] DEBUG org.dbunit.database.search.AbstractMetaDataBasedSearchCallback  - Getting edges for node SCOPEDCONTENT_SCOPEDCONTENTITEM
147179 [main] TRACE org.dbunit.database.DatabaseConfig  - getProperty(name=http://www.dbunit.org/properties/metadataHandler) - start
147179 [main] TRACE org.dbunit.database.DefaultMetadataHandler  - tableExists(metaData=org.apache.commons.dbcp.DelegatingDatabaseMetaData@b5ae303, schemaName=null, tableName=SCOPEDCONTENT_SCOPEDCONTENTITEM) - start
147180 [main] DEBUG org.dbunit.util.SQLHelper  - close(resultSet=org.apache.commons.dbcp.DelegatingResultSet@3dfec161) - start
147180 [main] DEBUG org.dbunit.util.SQLHelper  - close(resultSet=org.apache.commons.dbcp.DelegatingResultSet@53e1a0f4) - start
147180 [main] DEBUG org.dbunit.util.search.DepthFirstSearch  - reverseSearch:SCOPE_REQUESTCONTEXT
147180 [main] DEBUG org.dbunit.database.search.ExportedKeysSearchCallback  - searchNode(node=SCOPE_REQUESTCONTEXT) - start
147180 [main] DEBUG org.dbunit.util.search.DepthFirstSearch  - Pushing (reverse) SCOPE_REQUESTCONTEXT
147180 [main] DEBUG org.dbunit.database.search.ExportedKeysSearchCallback  - getEdges(node=SCOPE_REQUESTCONTEXT) - start
147180 [main] DEBUG org.dbunit.database.search.AbstractMetaDataBasedSearchCallback  - getNodesFromExportedKeys(node=SCOPE_REQUESTCONTEXT) - start
147181 [main] DEBUG org.dbunit.database.search.AbstractMetaDataBasedSearchCallback  - getNodes(type=1, node=SCOPE_REQUESTCONTEXT) - start
147181 [main] DEBUG org.dbunit.database.DatabaseDataSourceConnection  - getConnection() - start
147181 [main] DEBUG org.dbunit.database.search.AbstractMetaDataBasedSearchCallback  - getNodes(type=1, node=SCOPE_REQUESTCONTEXT, conn=Transaction-aware proxy for target Connection [jdbc:hsqldb:mem:kontrollDS, UserName=sw, HSQL Database Engine Driver], schema=null, metaData=org.apache.commons.dbcp.DelegatingDatabaseMetaData@20e1e32, edges=[]) - start
147181 [main] DEBUG org.dbunit.database.search.AbstractMetaDataBasedSearchCallback  - Getting edges for node SCOPE_REQUESTCONTEXT
147181 [main] TRACE org.dbunit.database.DatabaseConfig  - getProperty(name=http://www.dbunit.org/properties/metadataHandler) - start
147181 [main] TRACE org.dbunit.database.DefaultMetadataHandler  - tableExists(metaData=org.apache.commons.dbcp.DelegatingDatabaseMetaData@20e1e32, schemaName=null, tableName=SCOPE_REQUESTCONTEXT) - start
147182 [main] DEBUG org.dbunit.util.SQLHelper  - close(resultSet=org.apache.commons.dbcp.DelegatingResultSet@32f565) - start
147182 [main] DEBUG org.dbunit.util.SQLHelper  - close(resultSet=org.apache.commons.dbcp.DelegatingResultSet@2e069a0b) - start
147182 [main] DEBUG org.dbunit.util.search.DepthFirstSearch  - search:SCOPEDCONTENTCONDITIONS_SCOPEDCONTENT
147182 [main] DEBUG org.dbunit.database.search.ExportedKeysSearchCallback  - searchNode(node=SCOPEDCONTENTCONDITIONS_SCOPEDCONTENT) - start
147182 [main] DEBUG org.dbunit.util.search.DepthFirstSearch  - Pushing SCOPEDCONTENTCONDITIONS_SCOPEDCONTENT
147182 [main] DEBUG org.dbunit.database.search.ExportedKeysSearchCallback  - getEdges(node=SCOPEDCONTENTCONDITIONS_SCOPEDCONTENT) - start
147182 [main] DEBUG org.dbunit.database.search.AbstractMetaDataBasedSearchCallback  - getNodesFromExportedKeys(node=SCOPEDCONTENTCONDITIONS_SCOPEDCONTENT) - start
147183 [main] DEBUG org.dbunit.database.search.AbstractMetaDataBasedSearchCallback  - getNodes(type=1, node=SCOPEDCONTENTCONDITIONS_SCOPEDCONTENT) - start
147183 [main] DEBUG org.dbunit.database.DatabaseDataSourceConnection  - getConnection() - start
147183 [main] DEBUG org.dbunit.database.search.AbstractMetaDataBasedSearchCallback  - getNodes(type=1, node=SCOPEDCONTENTCONDITIONS_SCOPEDCONTENT, conn=Transaction-aware proxy for target Connection [jdbc:hsqldb:mem:kontrollDS, UserName=sw, HSQL Database Engine Driver], schema=null, metaData=org.apache.commons.dbcp.DelegatingDatabaseMetaData@336b5fc8, edges=[]) - start
147183 [main] DEBUG org.dbunit.database.search.AbstractMetaDataBasedSearchCallback  - Getting edges for node SCOPEDCONTENTCONDITIONS_SCOPEDCONTENT
147183 [main] TRACE org.dbunit.database.DatabaseConfig  - getProperty(name=http://www.dbunit.org/properties/metadataHandler) - start
147183 [main] TRACE org.dbunit.database.DefaultMetadataHandler  - tableExists(metaData=org.apache.commons.dbcp.DelegatingDatabaseMetaData@336b5fc8, schemaName=null, tableName=SCOPEDCONTENTCONDITIONS_SCOPEDCONTENT) - start
147184 [main] DEBUG org.dbunit.util.SQLHelper  - close(resultSet=org.apache.commons.dbcp.DelegatingResultSet@53bbf672) - start
147184 [main] DEBUG org.dbunit.util.SQLHelper  - close(resultSet=org.apache.commons.dbcp.DelegatingResultSet@181878ef) - start
147184 [main] DEBUG org.dbunit.util.search.DepthFirstSearch  - Adding node SCOPEDCONTENTCONDITIONS_SCOPEDCONTENT to the final result
147184 [main] DEBUG org.dbunit.util.search.DepthFirstSearch  - search:SCOPEDCONTENT_SCOPEDCONTENTITEM
147184 [main] DEBUG org.dbunit.database.search.ExportedKeysSearchCallback  - searchNode(node=SCOPEDCONTENT_SCOPEDCONTENTITEM) - start
147184 [main] DEBUG org.dbunit.util.search.DepthFirstSearch  - Pushing SCOPEDCONTENT_SCOPEDCONTENTITEM
147184 [main] DEBUG org.dbunit.database.search.ExportedKeysSearchCallback  - getEdges(node=SCOPEDCONTENT_SCOPEDCONTENTITEM) - start
147184 [main] DEBUG org.dbunit.database.search.AbstractMetaDataBasedSearchCallback  - getNodesFromExportedKeys(node=SCOPEDCONTENT_SCOPEDCONTENTITEM) - start
147184 [main] DEBUG org.dbunit.database.search.AbstractMetaDataBasedSearchCallback  - getNodes(type=1, node=SCOPEDCONTENT_SCOPEDCONTENTITEM) - start
147184 [main] DEBUG org.dbunit.database.DatabaseDataSourceConnection  - getConnection() - start
147184 [main] DEBUG org.dbunit.database.search.AbstractMetaDataBasedSearchCallback  - getNodes(type=1, node=SCOPEDCONTENT_SCOPEDCONTENTITEM, conn=Transaction-aware proxy for target Connection [jdbc:hsqldb:mem:kontrollDS, UserName=sw, HSQL Database Engine Driver], schema=null, metaData=org.apache.commons.dbcp.DelegatingDatabaseMetaData@6eab9f44, edges=[]) - start
147184 [main] DEBUG org.dbunit.database.search.AbstractMetaDataBasedSearchCallback  - Getting edges for node SCOPEDCONTENT_SCOPEDCONTENTITEM
147184 [main] TRACE org.dbunit.database.DatabaseConfig  - getProperty(name=http://www.dbunit.org/properties/metadataHandler) - start
147184 [main] TRACE org.dbunit.database.DefaultMetadataHandler  - tableExists(metaData=org.apache.commons.dbcp.DelegatingDatabaseMetaData@6eab9f44, schemaName=null, tableName=SCOPEDCONTENT_SCOPEDCONTENTITEM) - start
147185 [main] DEBUG org.dbunit.util.SQLHelper  - close(resultSet=org.apache.commons.dbcp.DelegatingResultSet@30d04d1) - start
147186 [main] DEBUG org.dbunit.util.SQLHelper  - close(resultSet=org.apache.commons.dbcp.DelegatingResultSet@69759e86) - start
147186 [main] DEBUG org.dbunit.util.search.DepthFirstSearch  - Adding node SCOPEDCONTENT_SCOPEDCONTENTITEM to the final result
147186 [main] DEBUG org.dbunit.util.search.DepthFirstSearch  - search:SCOPEDCONTENT
147186 [main] DEBUG org.dbunit.database.search.ExportedKeysSearchCallback  - searchNode(node=SCOPEDCONTENT) - start
147186 [main] DEBUG org.dbunit.util.search.DepthFirstSearch  - Pushing SCOPEDCONTENT
147186 [main] DEBUG org.dbunit.database.search.ExportedKeysSearchCallback  - getEdges(node=SCOPEDCONTENT) - start
147186 [main] DEBUG org.dbunit.database.search.AbstractMetaDataBasedSearchCallback  - getNodesFromExportedKeys(node=SCOPEDCONTENT) - start
147186 [main] DEBUG org.dbunit.database.search.AbstractMetaDataBasedSearchCallback  - getNodes(type=1, node=SCOPEDCONTENT) - start
147186 [main] DEBUG org.dbunit.database.DatabaseDataSourceConnection  - getConnection() - start
147186 [main] DEBUG org.dbunit.database.search.AbstractMetaDataBasedSearchCallback  - getNodes(type=1, node=SCOPEDCONTENT, conn=Transaction-aware proxy for target Connection [jdbc:hsqldb:mem:kontrollDS, UserName=sw, HSQL Database Engine Driver], schema=null, metaData=org.apache.commons.dbcp.DelegatingDatabaseMetaData@28faa581, edges=[]) - start
147186 [main] DEBUG org.dbunit.database.search.AbstractMetaDataBasedSearchCallback  - Getting edges for node SCOPEDCONTENT
147186 [main] TRACE org.dbunit.database.DatabaseConfig  - getProperty(name=http://www.dbunit.org/properties/metadataHandler) - start
147186 [main] TRACE org.dbunit.database.DefaultMetadataHandler  - tableExists(metaData=org.apache.commons.dbcp.DelegatingDatabaseMetaData@28faa581, schemaName=null, tableName=SCOPEDCONTENT) - start
147187 [main] DEBUG org.dbunit.util.SQLHelper  - close(resultSet=org.apache.commons.dbcp.DelegatingResultSet@4caef30c) - start
147187 [main] DEBUG org.dbunit.util.QualifiedTableName  - getQualifiedNameIfEnabled(config=org.dbunit.database.DatabaseConfig[, _propertyMap={http://www.dbunit.org/properties/statementFactory=org.dbunit.database.statement.PreparedStatementFactory@626bc2b8, http://www.dbunit.org/features/caseSensitiveTableNames=false, http://www.dbunit.org/properties/fetchSize=100, http://www.dbunit.org/features/batchedStatements=false, http://www.dbunit.org/properties/metadataHandler=org.dbunit.database.DefaultMetadataHandler@3bbfdfde, http://www.dbunit.org/properties/datatypeFactory=org.dbunit.dataset.datatype.DefaultDataTypeFactory[_toleratedDeltaMap=org.dbunit.dataset.datatype.ToleratedDeltaMap@6452310a], http://www.dbunit.org/properties/escapePattern=null, http://www.dbunit.org/properties/batchSize=100, http://www.dbunit.org/features/qualifiedTableNames=false, http://www.dbunit.org/properties/tableType=[Ljava.lang.String;@5011bafa, http://www.dbunit.org/properties/resultSetTableFactory=org.dbunit.database.CachedResultSetTableFactory@10bcf083, http://www.dbunit.org/features/datatypeWarning=true}]) - start
147187 [main] TRACE org.dbunit.database.DatabaseConfig  - getFeature(name=http://www.dbunit.org/features/qualifiedTableNames) - start
147187 [main] TRACE org.dbunit.database.DatabaseConfig  - getProperty(name=http://www.dbunit.org/features/qualifiedTableNames) - start
147187 [main] DEBUG org.dbunit.util.QualifiedTableName  - Qualified table names feature is disabled. Returning plain table name
147188 [main] DEBUG org.dbunit.util.QualifiedTableName  - getQualifiedName(prefix=null, name=SCOPEDCONTENT, escapePattern=null) - start
147188 [main] DEBUG org.dbunit.util.QualifiedTableName  - getQualifiedNameIfEnabled(config=org.dbunit.database.DatabaseConfig[, _propertyMap={http://www.dbunit.org/properties/statementFactory=org.dbunit.database.statement.PreparedStatementFactory@626bc2b8, http://www.dbunit.org/features/caseSensitiveTableNames=false, http://www.dbunit.org/properties/fetchSize=100, http://www.dbunit.org/features/batchedStatements=false, http://www.dbunit.org/properties/metadataHandler=org.dbunit.database.DefaultMetadataHandler@3bbfdfde, http://www.dbunit.org/properties/datatypeFactory=org.dbunit.dataset.datatype.DefaultDataTypeFactory[_toleratedDeltaMap=org.dbunit.dataset.datatype.ToleratedDeltaMap@6452310a], http://www.dbunit.org/properties/escapePattern=null, http://www.dbunit.org/properties/batchSize=100, http://www.dbunit.org/features/qualifiedTableNames=false, http://www.dbunit.org/properties/tableType=[Ljava.lang.String;@5011bafa, http://www.dbunit.org/properties/resultSetTableFactory=org.dbunit.database.CachedResultSetTableFactory@10bcf083, http://www.dbunit.org/features/datatypeWarning=true}]) - start
147188 [main] TRACE org.dbunit.database.DatabaseConfig  - getFeature(name=http://www.dbunit.org/features/qualifiedTableNames) - start
147188 [main] TRACE org.dbunit.database.DatabaseConfig  - getProperty(name=http://www.dbunit.org/features/qualifiedTableNames) - start
147188 [main] DEBUG org.dbunit.util.QualifiedTableName  - Qualified table names feature is disabled. Returning plain table name
147188 [main] DEBUG org.dbunit.util.QualifiedTableName  - getQualifiedName(prefix=null, name=SCOPEDCONTENTCONDITIONS_SCOPEDCONTENT, escapePattern=null) - start
147188 [main] DEBUG org.dbunit.database.search.AbstractMetaDataBasedSearchCallback  - newEdge(rs=org.apache.commons.dbcp.DelegatingResultSet@49e1bc7b, type=1, from=SCOPEDCONTENT, to=SCOPEDCONTENTCONDITIONS_SCOPEDCONTENT, fkColumn=SCOPED_CONTENT_ID, pkColumn=ID) - start
147188 [main] DEBUG org.dbunit.database.search.AbstractMetaDataBasedSearchCallback  - createFKEdge(rs=org.apache.commons.dbcp.DelegatingResultSet@49e1bc7b, type=1, from=SCOPEDCONTENT, to=SCOPEDCONTENTCONDITIONS_SCOPEDCONTENT, fkColumn=SCOPED_CONTENT_ID, pkColumn=ID) - start
147188 [main] DEBUG org.dbunit.database.search.AbstractMetaDataBasedSearchCallback  - Adding edge SCOPEDCONTENTCONDITIONS_SCOPEDCONTENT(SCOPED_CONTENT_ID)->SCOPEDCONTENT(ID)
147188 [main] DEBUG org.dbunit.util.search.Edge  - compareTo(o=SCOPEDCONTENTCONDITIONS_SCOPEDCONTENT(SCOPED_CONTENT_ID)->SCOPEDCONTENT(ID)) - start
147188 [main] DEBUG org.dbunit.util.QualifiedTableName  - getQualifiedNameIfEnabled(config=org.dbunit.database.DatabaseConfig[, _propertyMap={http://www.dbunit.org/properties/statementFactory=org.dbunit.database.statement.PreparedStatementFactory@626bc2b8, http://www.dbunit.org/features/caseSensitiveTableNames=false, http://www.dbunit.org/properties/fetchSize=100, http://www.dbunit.org/features/batchedStatements=false, http://www.dbunit.org/properties/metadataHandler=org.dbunit.database.DefaultMetadataHandler@3bbfdfde, http://www.dbunit.org/properties/datatypeFactory=org.dbunit.dataset.datatype.DefaultDataTypeFactory[_toleratedDeltaMap=org.dbunit.dataset.datatype.ToleratedDeltaMap@6452310a], http://www.dbunit.org/properties/escapePattern=null, http://www.dbunit.org/properties/batchSize=100, http://www.dbunit.org/features/qualifiedTableNames=false, http://www.dbunit.org/properties/tableType=[Ljava.lang.String;@5011bafa, http://www.dbunit.org/properties/resultSetTableFactory=org.dbunit.database.CachedResultSetTableFactory@10bcf083, http://www.dbunit.org/features/datatypeWarning=true}]) - start
147188 [main] TRACE org.dbunit.database.DatabaseConfig  - getFeature(name=http://www.dbunit.org/features/qualifiedTableNames) - start
147188 [main] TRACE org.dbunit.database.DatabaseConfig  - getProperty(name=http://www.dbunit.org/features/qualifiedTableNames) - start
147188 [main] DEBUG org.dbunit.util.QualifiedTableName  - Qualified table names feature is disabled. Returning plain table name
147188 [main] DEBUG org.dbunit.util.QualifiedTableName  - getQualifiedName(prefix=null, name=SCOPEDCONTENT, escapePattern=null) - start
147189 [main] DEBUG org.dbunit.util.QualifiedTableName  - getQualifiedNameIfEnabled(config=org.dbunit.database.DatabaseConfig[, _propertyMap={http://www.dbunit.org/properties/statementFactory=org.dbunit.database.statement.PreparedStatementFactory@626bc2b8, http://www.dbunit.org/features/caseSensitiveTableNames=false, http://www.dbunit.org/properties/fetchSize=100, http://www.dbunit.org/features/batchedStatements=false, http://www.dbunit.org/properties/metadataHandler=org.dbunit.database.DefaultMetadataHandler@3bbfdfde, http://www.dbunit.org/properties/datatypeFactory=org.dbunit.dataset.datatype.DefaultDataTypeFactory[_toleratedDeltaMap=org.dbunit.dataset.datatype.ToleratedDeltaMap@6452310a], http://www.dbunit.org/properties/escapePattern=null, http://www.dbunit.org/properties/batchSize=100, http://www.dbunit.org/features/qualifiedTableNames=false, http://www.dbunit.org/properties/tableType=[Ljava.lang.String;@5011bafa, http://www.dbunit.org/properties/resultSetTableFactory=org.dbunit.database.CachedResultSetTableFactory@10bcf083, http://www.dbunit.org/features/datatypeWarning=true}]) - start
147189 [main] TRACE org.dbunit.database.DatabaseConfig  - getFeature(name=http://www.dbunit.org/features/qualifiedTableNames) - start
147189 [main] TRACE org.dbunit.database.DatabaseConfig  - getProperty(name=http://www.dbunit.org/features/qualifiedTableNames) - start
147189 [main] DEBUG org.dbunit.util.QualifiedTableName  - Qualified table names feature is disabled. Returning plain table name
147189 [main] DEBUG org.dbunit.util.QualifiedTableName  - getQualifiedName(prefix=null, name=SCOPEDCONTENT_SCOPEDCONTENTITEM, escapePattern=null) - start
147189 [main] DEBUG org.dbunit.database.search.AbstractMetaDataBasedSearchCallback  - newEdge(rs=org.apache.commons.dbcp.DelegatingResultSet@49e1bc7b, type=1, from=SCOPEDCONTENT, to=SCOPEDCONTENT_SCOPEDCONTENTITEM, fkColumn=SCOPED_CONTENT_ITEM_ID, pkColumn=ID) - start
147189 [main] DEBUG org.dbunit.database.search.AbstractMetaDataBasedSearchCallback  - createFKEdge(rs=org.apache.commons.dbcp.DelegatingResultSet@49e1bc7b, type=1, from=SCOPEDCONTENT, to=SCOPEDCONTENT_SCOPEDCONTENTITEM, fkColumn=SCOPED_CONTENT_ITEM_ID, pkColumn=ID) - start
147189 [main] DEBUG org.dbunit.database.search.AbstractMetaDataBasedSearchCallback  - Adding edge SCOPEDCONTENT_SCOPEDCONTENTITEM(SCOPED_CONTENT_ITEM_ID)->SCOPEDCONTENT(ID)
147189 [main] DEBUG org.dbunit.util.search.Edge  - compareTo(o=SCOPEDCONTENTCONDITIONS_SCOPEDCONTENT(SCOPED_CONTENT_ID)->SCOPEDCONTENT(ID)) - start
147189 [main] DEBUG org.dbunit.util.SQLHelper  - close(resultSet=org.apache.commons.dbcp.DelegatingResultSet@49e1bc7b) - start
147189 [main] DEBUG org.dbunit.util.search.DepthFirstSearch  - search:SCOPEDCONTENT
147189 [main] DEBUG org.dbunit.util.search.DepthFirstSearch  - already searched; returning true
147189 [main] DEBUG org.dbunit.util.search.DepthFirstSearch  - search:SCOPEDCONTENT
147189 [main] DEBUG org.dbunit.util.search.DepthFirstSearch  - already searched; returning true
147189 [main] DEBUG org.dbunit.util.search.DepthFirstSearch  - Adding node SCOPEDCONTENT to the final result
147189 [main] DEBUG org.dbunit.util.search.DepthFirstSearch  - search:SCOPE_REQUESTCONTEXT
147189 [main] DEBUG org.dbunit.database.search.ExportedKeysSearchCallback  - searchNode(node=SCOPE_REQUESTCONTEXT) - start
147189 [main] DEBUG org.dbunit.util.search.DepthFirstSearch  - Pushing SCOPE_REQUESTCONTEXT
147189 [main] DEBUG org.dbunit.database.search.ExportedKeysSearchCallback  - getEdges(node=SCOPE_REQUESTCONTEXT) - start
147189 [main] DEBUG org.dbunit.database.search.AbstractMetaDataBasedSearchCallback  - getNodesFromExportedKeys(node=SCOPE_REQUESTCONTEXT) - start
147189 [main] DEBUG org.dbunit.database.search.AbstractMetaDataBasedSearchCallback  - getNodes(type=1, node=SCOPE_REQUESTCONTEXT) - start
147189 [main] DEBUG org.dbunit.database.DatabaseDataSourceConnection  - getConnection() - start
147189 [main] DEBUG org.dbunit.database.search.AbstractMetaDataBasedSearchCallback  - getNodes(type=1, node=SCOPE_REQUESTCONTEXT, conn=Transaction-aware proxy for target Connection [jdbc:hsqldb:mem:kontrollDS, UserName=sw, HSQL Database Engine Driver], schema=null, metaData=org.apache.commons.dbcp.DelegatingDatabaseMetaData@31d5522, edges=[]) - start
147189 [main] DEBUG org.dbunit.database.search.AbstractMetaDataBasedSearchCallback  - Getting edges for node SCOPE_REQUESTCONTEXT
147189 [main] TRACE org.dbunit.database.DatabaseConfig  - getProperty(name=http://www.dbunit.org/properties/metadataHandler) - start
147189 [main] TRACE org.dbunit.database.DefaultMetadataHandler  - tableExists(metaData=org.apache.commons.dbcp.DelegatingDatabaseMetaData@31d5522, schemaName=null, tableName=SCOPE_REQUESTCONTEXT) - start
147191 [main] DEBUG org.dbunit.util.SQLHelper  - close(resultSet=org.apache.commons.dbcp.DelegatingResultSet@5ebbba1f) - start
147191 [main] DEBUG org.dbunit.util.SQLHelper  - close(resultSet=org.apache.commons.dbcp.DelegatingResultSet@494541ed) - start
147191 [main] DEBUG org.dbunit.util.search.DepthFirstSearch  - Adding node SCOPE_REQUESTCONTEXT to the final result
147191 [main] DEBUG org.dbunit.util.search.DepthFirstSearch  - search:SCOPE
147191 [main] DEBUG org.dbunit.database.search.ExportedKeysSearchCallback  - searchNode(node=SCOPE) - start
147191 [main] DEBUG org.dbunit.util.search.DepthFirstSearch  - Pushing SCOPE
147191 [main] DEBUG org.dbunit.database.search.ExportedKeysSearchCallback  - getEdges(node=SCOPE) - start
147191 [main] DEBUG org.dbunit.database.search.AbstractMetaDataBasedSearchCallback  - getNodesFromExportedKeys(node=SCOPE) - start
147191 [main] DEBUG org.dbunit.database.search.AbstractMetaDataBasedSearchCallback  - getNodes(type=1, node=SCOPE) - start
147191 [main] DEBUG org.dbunit.database.DatabaseDataSourceConnection  - getConnection() - start
147191 [main] DEBUG org.dbunit.database.search.AbstractMetaDataBasedSearchCallback  - getNodes(type=1, node=SCOPE, conn=Transaction-aware proxy for target Connection [jdbc:hsqldb:mem:kontrollDS, UserName=sw, HSQL Database Engine Driver], schema=null, metaData=org.apache.commons.dbcp.DelegatingDatabaseMetaData@61eb542f, edges=[]) - start
147191 [main] DEBUG org.dbunit.database.search.AbstractMetaDataBasedSearchCallback  - Getting edges for node SCOPE
147191 [main] TRACE org.dbunit.database.DatabaseConfig  - getProperty(name=http://www.dbunit.org/properties/metadataHandler) - start
147191 [main] TRACE org.dbunit.database.DefaultMetadataHandler  - tableExists(metaData=org.apache.commons.dbcp.DelegatingDatabaseMetaData@61eb542f, schemaName=null, tableName=SCOPE) - start
147192 [main] DEBUG org.dbunit.util.SQLHelper  - close(resultSet=org.apache.commons.dbcp.DelegatingResultSet@5bc8334c) - start
147193 [main] DEBUG org.dbunit.util.QualifiedTableName  - getQualifiedNameIfEnabled(config=org.dbunit.database.DatabaseConfig[, _propertyMap={http://www.dbunit.org/properties/statementFactory=org.dbunit.database.statement.PreparedStatementFactory@626bc2b8, http://www.dbunit.org/features/caseSensitiveTableNames=false, http://www.dbunit.org/properties/fetchSize=100, http://www.dbunit.org/features/batchedStatements=false, http://www.dbunit.org/properties/metadataHandler=org.dbunit.database.DefaultMetadataHandler@3bbfdfde, http://www.dbunit.org/properties/datatypeFactory=org.dbunit.dataset.datatype.DefaultDataTypeFactory[_toleratedDeltaMap=org.dbunit.dataset.datatype.ToleratedDeltaMap@6452310a], http://www.dbunit.org/properties/escapePattern=null, http://www.dbunit.org/properties/batchSize=100, http://www.dbunit.org/features/qualifiedTableNames=false, http://www.dbunit.org/properties/tableType=[Ljava.lang.String;@5011bafa, http://www.dbunit.org/properties/resultSetTableFactory=org.dbunit.database.CachedResultSetTableFactory@10bcf083, http://www.dbunit.org/features/datatypeWarning=true}]) - start
147193 [main] TRACE org.dbunit.database.DatabaseConfig  - getFeature(name=http://www.dbunit.org/features/qualifiedTableNames) - start
147193 [main] TRACE org.dbunit.database.DatabaseConfig  - getProperty(name=http://www.dbunit.org/features/qualifiedTableNames) - start
147193 [main] DEBUG org.dbunit.util.QualifiedTableName  - Qualified table names feature is disabled. Returning plain table name
147193 [main] DEBUG org.dbunit.util.QualifiedTableName  - getQualifiedName(prefix=null, name=SCOPE, escapePattern=null) - start
147193 [main] DEBUG org.dbunit.util.QualifiedTableName  - getQualifiedNameIfEnabled(config=org.dbunit.database.DatabaseConfig[, _propertyMap={http://www.dbunit.org/properties/statementFactory=org.dbunit.database.statement.PreparedStatementFactory@626bc2b8, http://www.dbunit.org/features/caseSensitiveTableNames=false, http://www.dbunit.org/properties/fetchSize=100, http://www.dbunit.org/features/batchedStatements=false, http://www.dbunit.org/properties/metadataHandler=org.dbunit.database.DefaultMetadataHandler@3bbfdfde, http://www.dbunit.org/properties/datatypeFactory=org.dbunit.dataset.datatype.DefaultDataTypeFactory[_toleratedDeltaMap=org.dbunit.dataset.datatype.ToleratedDeltaMap@6452310a], http://www.dbunit.org/properties/escapePattern=null, http://www.dbunit.org/properties/batchSize=100, http://www.dbunit.org/features/qualifiedTableNames=false, http://www.dbunit.org/properties/tableType=[Ljava.lang.String;@5011bafa, http://www.dbunit.org/properties/resultSetTableFactory=org.dbunit.database.CachedResultSetTableFactory@10bcf083, http://www.dbunit.org/features/datatypeWarning=true}]) - start
147193 [main] TRACE org.dbunit.database.DatabaseConfig  - getFeature(name=http://www.dbunit.org/features/qualifiedTableNames) - start
147193 [main] TRACE org.dbunit.database.DatabaseConfig  - getProperty(name=http://www.dbunit.org/features/qualifiedTableNames) - start
147193 [main] DEBUG org.dbunit.util.QualifiedTableName  - Qualified table names feature is disabled. Returning plain table name
147193 [main] DEBUG org.dbunit.util.QualifiedTableName  - getQualifiedName(prefix=null, name=SCOPE_REQUESTCONTEXT, escapePattern=null) - start
147193 [main] DEBUG org.dbunit.database.search.AbstractMetaDataBasedSearchCallback  - newEdge(rs=org.apache.commons.dbcp.DelegatingResultSet@70b225ee, type=1, from=SCOPE, to=SCOPE_REQUESTCONTEXT, fkColumn=SCOPE_ID, pkColumn=ID) - start
147193 [main] DEBUG org.dbunit.database.search.AbstractMetaDataBasedSearchCallback  - createFKEdge(rs=org.apache.commons.dbcp.DelegatingResultSet@70b225ee, type=1, from=SCOPE, to=SCOPE_REQUESTCONTEXT, fkColumn=SCOPE_ID, pkColumn=ID) - start
147193 [main] DEBUG org.dbunit.database.search.AbstractMetaDataBasedSearchCallback  - Adding edge SCOPE_REQUESTCONTEXT(SCOPE_ID)->SCOPE(ID)
147193 [main] DEBUG org.dbunit.util.search.Edge  - compareTo(o=SCOPE_REQUESTCONTEXT(SCOPE_ID)->SCOPE(ID)) - start
147193 [main] DEBUG org.dbunit.util.QualifiedTableName  - getQualifiedNameIfEnabled(config=org.dbunit.database.DatabaseConfig[, _propertyMap={http://www.dbunit.org/properties/statementFactory=org.dbunit.database.statement.PreparedStatementFactory@626bc2b8, http://www.dbunit.org/features/caseSensitiveTableNames=false, http://www.dbunit.org/properties/fetchSize=100, http://www.dbunit.org/features/batchedStatements=false, http://www.dbunit.org/properties/metadataHandler=org.dbunit.database.DefaultMetadataHandler@3bbfdfde, http://www.dbunit.org/properties/datatypeFactory=org.dbunit.dataset.datatype.DefaultDataTypeFactory[_toleratedDeltaMap=org.dbunit.dataset.datatype.ToleratedDeltaMap@6452310a], http://www.dbunit.org/properties/escapePattern=null, http://www.dbunit.org/properties/batchSize=100, http://www.dbunit.org/features/qualifiedTableNames=false, http://www.dbunit.org/properties/tableType=[Ljava.lang.String;@5011bafa, http://www.dbunit.org/properties/resultSetTableFactory=org.dbunit.database.CachedResultSetTableFactory@10bcf083, http://www.dbunit.org/features/datatypeWarning=true}]) - start
147193 [main] TRACE org.dbunit.database.DatabaseConfig  - getFeature(name=http://www.dbunit.org/features/qualifiedTableNames) - start
147193 [main] TRACE org.dbunit.database.DatabaseConfig  - getProperty(name=http://www.dbunit.org/features/qualifiedTableNames) - start
147193 [main] DEBUG org.dbunit.util.QualifiedTableName  - Qualified table names feature is disabled. Returning plain table name
147193 [main] DEBUG org.dbunit.util.QualifiedTableName  - getQualifiedName(prefix=null, name=SCOPE, escapePattern=null) - start
147193 [main] DEBUG org.dbunit.util.QualifiedTableName  - getQualifiedNameIfEnabled(config=org.dbunit.database.DatabaseConfig[, _propertyMap={http://www.dbunit.org/properties/statementFactory=org.dbunit.database.statement.PreparedStatementFactory@626bc2b8, http://www.dbunit.org/features/caseSensitiveTableNames=false, http://www.dbunit.org/properties/fetchSize=100, http://www.dbunit.org/features/batchedStatements=false, http://www.dbunit.org/properties/metadataHandler=org.dbunit.database.DefaultMetadataHandler@3bbfdfde, http://www.dbunit.org/properties/datatypeFactory=org.dbunit.dataset.datatype.DefaultDataTypeFactory[_toleratedDeltaMap=org.dbunit.dataset.datatype.ToleratedDeltaMap@6452310a], http://www.dbunit.org/properties/escapePattern=null, http://www.dbunit.org/properties/batchSize=100, http://www.dbunit.org/features/qualifiedTableNames=false, http://www.dbunit.org/properties/tableType=[Ljava.lang.String;@5011bafa, http://www.dbunit.org/properties/resultSetTableFactory=org.dbunit.database.CachedResultSetTableFactory@10bcf083, http://www.dbunit.org/features/datatypeWarning=true}]) - start
147194 [main] TRACE org.dbunit.database.DatabaseConfig  - getFeature(name=http://www.dbunit.org/features/qualifiedTableNames) - start
147194 [main] TRACE org.dbunit.database.DatabaseConfig  - getProperty(name=http://www.dbunit.org/features/qualifiedTableNames) - start
147194 [main] DEBUG org.dbunit.util.QualifiedTableName  - Qualified table names feature is disabled. Returning plain table name
147194 [main] DEBUG org.dbunit.util.QualifiedTableName  - getQualifiedName(prefix=null, name=SCOPEDCONTENT, escapePattern=null) - start
147194 [main] DEBUG org.dbunit.database.search.AbstractMetaDataBasedSearchCallback  - newEdge(rs=org.apache.commons.dbcp.DelegatingResultSet@70b225ee, type=1, from=SCOPE, to=SCOPEDCONTENT, fkColumn=SCOPE, pkColumn=ID) - start
147194 [main] DEBUG org.dbunit.database.search.AbstractMetaDataBasedSearchCallback  - createFKEdge(rs=org.apache.commons.dbcp.DelegatingResultSet@70b225ee, type=1, from=SCOPE, to=SCOPEDCONTENT, fkColumn=SCOPE, pkColumn=ID) - start
147194 [main] DEBUG org.dbunit.database.search.AbstractMetaDataBasedSearchCallback  - Adding edge SCOPEDCONTENT(SCOPE)->SCOPE(ID)
147194 [main] DEBUG org.dbunit.util.search.Edge  - compareTo(o=SCOPE_REQUESTCONTEXT(SCOPE_ID)->SCOPE(ID)) - start
147194 [main] DEBUG org.dbunit.util.SQLHelper  - close(resultSet=org.apache.commons.dbcp.DelegatingResultSet@70b225ee) - start
147194 [main] DEBUG org.dbunit.util.search.DepthFirstSearch  - search:SCOPE
147194 [main] DEBUG org.dbunit.util.search.DepthFirstSearch  - already searched; returning true
147194 [main] DEBUG org.dbunit.util.search.DepthFirstSearch  - search:SCOPE
147194 [main] DEBUG org.dbunit.util.search.DepthFirstSearch  - already searched; returning true
147194 [main] DEBUG org.dbunit.util.search.DepthFirstSearch  - Adding node SCOPE to the final result
147194 [main] DEBUG org.dbunit.util.CollectionsHelper  - setToStrings(set=[SCOPEDCONTENTCONDITIONS_SCOPEDCONTENT, SCOPEDCONTENT_SCOPEDCONTENTITEM, SCOPEDCONTENT, SCOPE_REQUESTCONTEXT, SCOPE]) - start
147194 [main] DEBUG org.dbunit.database.search.TablesDependencyHelper  - getDirectDependsOnTables(connection=_databaseConfig=org.dbunit.database.DatabaseConfig[, _propertyMap={http://www.dbunit.org/properties/statementFactory=org.dbunit.database.statement.PreparedStatementFactory@626bc2b8, http://www.dbunit.org/features/caseSensitiveTableNames=false, http://www.dbunit.org/properties/fetchSize=100, http://www.dbunit.org/features/batchedStatements=false, http://www.dbunit.org/properties/metadataHandler=org.dbunit.database.DefaultMetadataHandler@3bbfdfde, http://www.dbunit.org/properties/datatypeFactory=org.dbunit.dataset.datatype.DefaultDataTypeFactory[_toleratedDeltaMap=org.dbunit.dataset.datatype.ToleratedDeltaMap@6452310a], http://www.dbunit.org/properties/escapePattern=null, http://www.dbunit.org/properties/batchSize=100, http://www.dbunit.org/features/qualifiedTableNames=false, http://www.dbunit.org/properties/tableType=[Ljava.lang.String;@5011bafa, http://www.dbunit.org/properties/resultSetTableFactory=org.dbunit.database.CachedResultSetTableFactory@10bcf083, http://www.dbunit.org/features/datatypeWarning=true}], _dataSet=AbstractDataSet[_orderedTableNameMap=null], tableName=SCOPE) - start
147194 [main] DEBUG org.dbunit.util.search.DepthFirstSearch  - search(nodesFrom=[SCOPE], callback=org.dbunit.database.search.ExportedKeysSearchCallback@18148388) - start
147194 [main] DEBUG org.dbunit.util.CollectionsHelper  - objectsToSet(objects=SCOPE) - start
147194 [main] DEBUG org.dbunit.util.search.DepthFirstSearch  - search(nodesFrom=[SCOPE], callback=org.dbunit.database.search.ExportedKeysSearchCallback@18148388) - start
147194 [main] DEBUG org.dbunit.util.search.DepthFirstSearch  - reverseSearch:SCOPE
147194 [main] DEBUG org.dbunit.database.search.ExportedKeysSearchCallback  - searchNode(node=SCOPE) - start
147194 [main] DEBUG org.dbunit.util.search.DepthFirstSearch  - Pushing (reverse) SCOPE
147194 [main] DEBUG org.dbunit.database.search.ExportedKeysSearchCallback  - getEdges(node=SCOPE) - start
147195 [main] DEBUG org.dbunit.database.search.AbstractMetaDataBasedSearchCallback  - getNodesFromExportedKeys(node=SCOPE) - start
147195 [main] DEBUG org.dbunit.database.search.AbstractMetaDataBasedSearchCallback  - getNodes(type=1, node=SCOPE) - start
147195 [main] DEBUG org.dbunit.database.DatabaseDataSourceConnection  - getConnection() - start
147195 [main] DEBUG org.dbunit.database.search.AbstractMetaDataBasedSearchCallback  - getNodes(type=1, node=SCOPE, conn=Transaction-aware proxy for target Connection [jdbc:hsqldb:mem:kontrollDS, UserName=sw, HSQL Database Engine Driver], schema=null, metaData=org.apache.commons.dbcp.DelegatingDatabaseMetaData@6ac76211, edges=[]) - start
147195 [main] DEBUG org.dbunit.database.search.AbstractMetaDataBasedSearchCallback  - Getting edges for node SCOPE
147195 [main] TRACE org.dbunit.database.DatabaseConfig  - getProperty(name=http://www.dbunit.org/properties/metadataHandler) - start
147195 [main] TRACE org.dbunit.database.DefaultMetadataHandler  - tableExists(metaData=org.apache.commons.dbcp.DelegatingDatabaseMetaData@6ac76211, schemaName=null, tableName=SCOPE) - start
147196 [main] DEBUG org.dbunit.util.SQLHelper  - close(resultSet=org.apache.commons.dbcp.DelegatingResultSet@4a2ccec6) - start
147196 [main] DEBUG org.dbunit.util.QualifiedTableName  - getQualifiedNameIfEnabled(config=org.dbunit.database.DatabaseConfig[, _propertyMap={http://www.dbunit.org/properties/statementFactory=org.dbunit.database.statement.PreparedStatementFactory@626bc2b8, http://www.dbunit.org/features/caseSensitiveTableNames=false, http://www.dbunit.org/properties/fetchSize=100, http://www.dbunit.org/features/batchedStatements=false, http://www.dbunit.org/properties/metadataHandler=org.dbunit.database.DefaultMetadataHandler@3bbfdfde, http://www.dbunit.org/properties/datatypeFactory=org.dbunit.dataset.datatype.DefaultDataTypeFactory[_toleratedDeltaMap=org.dbunit.dataset.datatype.ToleratedDeltaMap@6452310a], http://www.dbunit.org/properties/escapePattern=null, http://www.dbunit.org/properties/batchSize=100, http://www.dbunit.org/features/qualifiedTableNames=false, http://www.dbunit.org/properties/tableType=[Ljava.lang.String;@5011bafa, http://www.dbunit.org/properties/resultSetTableFactory=org.dbunit.database.CachedResultSetTableFactory@10bcf083, http://www.dbunit.org/features/datatypeWarning=true}]) - start
147196 [main] TRACE org.dbunit.database.DatabaseConfig  - getFeature(name=http://www.dbunit.org/features/qualifiedTableNames) - start
147196 [main] TRACE org.dbunit.database.DatabaseConfig  - getProperty(name=http://www.dbunit.org/features/qualifiedTableNames) - start
147196 [main] DEBUG org.dbunit.util.QualifiedTableName  - Qualified table names feature is disabled. Returning plain table name
147196 [main] DEBUG org.dbunit.util.QualifiedTableName  - getQualifiedName(prefix=null, name=SCOPE, escapePattern=null) - start
147196 [main] DEBUG org.dbunit.util.QualifiedTableName  - getQualifiedNameIfEnabled(config=org.dbunit.database.DatabaseConfig[, _propertyMap={http://www.dbunit.org/properties/statementFactory=org.dbunit.database.statement.PreparedStatementFactory@626bc2b8, http://www.dbunit.org/features/caseSensitiveTableNames=false, http://www.dbunit.org/properties/fetchSize=100, http://www.dbunit.org/features/batchedStatements=false, http://www.dbunit.org/properties/metadataHandler=org.dbunit.database.DefaultMetadataHandler@3bbfdfde, http://www.dbunit.org/properties/datatypeFactory=org.dbunit.dataset.datatype.DefaultDataTypeFactory[_toleratedDeltaMap=org.dbunit.dataset.datatype.ToleratedDeltaMap@6452310a], http://www.dbunit.org/properties/escapePattern=null, http://www.dbunit.org/properties/batchSize=100, http://www.dbunit.org/features/qualifiedTableNames=false, http://www.dbunit.org/properties/tableType=[Ljava.lang.String;@5011bafa, http://www.dbunit.org/properties/resultSetTableFactory=org.dbunit.database.CachedResultSetTableFactory@10bcf083, http://www.dbunit.org/features/datatypeWarning=true}]) - start
147196 [main] TRACE org.dbunit.database.DatabaseConfig  - getFeature(name=http://www.dbunit.org/features/qualifiedTableNames) - start
147196 [main] TRACE org.dbunit.database.DatabaseConfig  - getProperty(name=http://www.dbunit.org/features/qualifiedTableNames) - start
147196 [main] DEBUG org.dbunit.util.QualifiedTableName  - Qualified table names feature is disabled. Returning plain table name
147196 [main] DEBUG org.dbunit.util.QualifiedTableName  - getQualifiedName(prefix=null, name=SCOPE_REQUESTCONTEXT, escapePattern=null) - start
147196 [main] DEBUG org.dbunit.database.search.AbstractMetaDataBasedSearchCallback  - newEdge(rs=org.apache.commons.dbcp.DelegatingResultSet@3e4d4350, type=1, from=SCOPE, to=SCOPE_REQUESTCONTEXT, fkColumn=SCOPE_ID, pkColumn=ID) - start
147197 [main] DEBUG org.dbunit.database.search.AbstractMetaDataBasedSearchCallback  - createFKEdge(rs=org.apache.commons.dbcp.DelegatingResultSet@3e4d4350, type=1, from=SCOPE, to=SCOPE_REQUESTCONTEXT, fkColumn=SCOPE_ID, pkColumn=ID) - start
147197 [main] DEBUG org.dbunit.database.search.AbstractMetaDataBasedSearchCallback  - Adding edge SCOPE_REQUESTCONTEXT(SCOPE_ID)->SCOPE(ID)
147197 [main] DEBUG org.dbunit.util.search.Edge  - compareTo(o=SCOPE_REQUESTCONTEXT(SCOPE_ID)->SCOPE(ID)) - start
147197 [main] DEBUG org.dbunit.util.QualifiedTableName  - getQualifiedNameIfEnabled(config=org.dbunit.database.DatabaseConfig[, _propertyMap={http://www.dbunit.org/properties/statementFactory=org.dbunit.database.statement.PreparedStatementFactory@626bc2b8, http://www.dbunit.org/features/caseSensitiveTableNames=false, http://www.dbunit.org/properties/fetchSize=100, http://www.dbunit.org/features/batchedStatements=false, http://www.dbunit.org/properties/metadataHandler=org.dbunit.database.DefaultMetadataHandler@3bbfdfde, http://www.dbunit.org/properties/datatypeFactory=org.dbunit.dataset.datatype.DefaultDataTypeFactory[_toleratedDeltaMap=org.dbunit.dataset.datatype.ToleratedDeltaMap@6452310a], http://www.dbunit.org/properties/escapePattern=null, http://www.dbunit.org/properties/batchSize=100, http://www.dbunit.org/features/qualifiedTableNames=false, http://www.dbunit.org/properties/tableType=[Ljava.lang.String;@5011bafa, http://www.dbunit.org/properties/resultSetTableFactory=org.dbunit.database.CachedResultSetTableFactory@10bcf083, http://www.dbunit.org/features/datatypeWarning=true}]) - start
147197 [main] TRACE org.dbunit.database.DatabaseConfig  - getFeature(name=http://www.dbunit.org/features/qualifiedTableNames) - start
147197 [main] TRACE org.dbunit.database.DatabaseConfig  - getProperty(name=http://www.dbunit.org/features/qualifiedTableNames) - start
147197 [main] DEBUG org.dbunit.util.QualifiedTableName  - Qualified table names feature is disabled. Returning plain table name
147197 [main] DEBUG org.dbunit.util.QualifiedTableName  - getQualifiedName(prefix=null, name=SCOPE, escapePattern=null) - start
147197 [main] DEBUG org.dbunit.util.QualifiedTableName  - getQualifiedNameIfEnabled(config=org.dbunit.database.DatabaseConfig[, _propertyMap={http://www.dbunit.org/properties/statementFactory=org.dbunit.database.statement.PreparedStatementFactory@626bc2b8, http://www.dbunit.org/features/caseSensitiveTableNames=false, http://www.dbunit.org/properties/fetchSize=100, http://www.dbunit.org/features/batchedStatements=false, http://www.dbunit.org/properties/metadataHandler=org.dbunit.database.DefaultMetadataHandler@3bbfdfde, http://www.dbunit.org/properties/datatypeFactory=org.dbunit.dataset.datatype.DefaultDataTypeFactory[_toleratedDeltaMap=org.dbunit.dataset.datatype.ToleratedDeltaMap@6452310a], http://www.dbunit.org/properties/escapePattern=null, http://www.dbunit.org/properties/batchSize=100, http://www.dbunit.org/features/qualifiedTableNames=false, http://www.dbunit.org/properties/tableType=[Ljava.lang.String;@5011bafa, http://www.dbunit.org/properties/resultSetTableFactory=org.dbunit.database.CachedResultSetTableFactory@10bcf083, http://www.dbunit.org/features/datatypeWarning=true}]) - start
147197 [main] TRACE org.dbunit.database.DatabaseConfig  - getFeature(name=http://www.dbunit.org/features/qualifiedTableNames) - start
147197 [main] TRACE org.dbunit.database.DatabaseConfig  - getProperty(name=http://www.dbunit.org/features/qualifiedTableNames) - start
147197 [main] DEBUG org.dbunit.util.QualifiedTableName  - Qualified table names feature is disabled. Returning plain table name
147197 [main] DEBUG org.dbunit.util.QualifiedTableName  - getQualifiedName(prefix=null, name=SCOPEDCONTENT, escapePattern=null) - start
147197 [main] DEBUG org.dbunit.database.search.AbstractMetaDataBasedSearchCallback  - newEdge(rs=org.apache.commons.dbcp.DelegatingResultSet@3e4d4350, type=1, from=SCOPE, to=SCOPEDCONTENT, fkColumn=SCOPE, pkColumn=ID) - start
147197 [main] DEBUG org.dbunit.database.search.AbstractMetaDataBasedSearchCallback  - createFKEdge(rs=org.apache.commons.dbcp.DelegatingResultSet@3e4d4350, type=1, from=SCOPE, to=SCOPEDCONTENT, fkColumn=SCOPE, pkColumn=ID) - start
147197 [main] DEBUG org.dbunit.database.search.AbstractMetaDataBasedSearchCallback  - Adding edge SCOPEDCONTENT(SCOPE)->SCOPE(ID)
147197 [main] DEBUG org.dbunit.util.search.Edge  - compareTo(o=SCOPE_REQUESTCONTEXT(SCOPE_ID)->SCOPE(ID)) - start
147197 [main] DEBUG org.dbunit.util.SQLHelper  - close(resultSet=org.apache.commons.dbcp.DelegatingResultSet@3e4d4350) - start
147197 [main] DEBUG org.dbunit.util.search.DepthFirstSearch  - reverseSearch:SCOPEDCONTENT
147197 [main] DEBUG org.dbunit.database.search.ExportedKeysSearchCallback  - searchNode(node=SCOPEDCONTENT) - start
147198 [main] DEBUG org.dbunit.util.search.DepthFirstSearch  - Pushing (reverse) SCOPEDCONTENT
147198 [main] DEBUG org.dbunit.database.search.ExportedKeysSearchCallback  - getEdges(node=SCOPEDCONTENT) - start
147198 [main] DEBUG org.dbunit.database.search.AbstractMetaDataBasedSearchCallback  - getNodesFromExportedKeys(node=SCOPEDCONTENT) - start
147198 [main] DEBUG org.dbunit.database.search.AbstractMetaDataBasedSearchCallback  - getNodes(type=1, node=SCOPEDCONTENT) - start
147198 [main] DEBUG org.dbunit.database.DatabaseDataSourceConnection  - getConnection() - start
147198 [main] DEBUG org.dbunit.database.search.AbstractMetaDataBasedSearchCallback  - getNodes(type=1, node=SCOPEDCONTENT, conn=Transaction-aware proxy for target Connection [jdbc:hsqldb:mem:kontrollDS, UserName=sw, HSQL Database Engine Driver], schema=null, metaData=org.apache.commons.dbcp.DelegatingDatabaseMetaData@427e5924, edges=[]) - start
147198 [main] DEBUG org.dbunit.database.search.AbstractMetaDataBasedSearchCallback  - Getting edges for node SCOPEDCONTENT
147198 [main] TRACE org.dbunit.database.DatabaseConfig  - getProperty(name=http://www.dbunit.org/properties/metadataHandler) - start
147198 [main] TRACE org.dbunit.database.DefaultMetadataHandler  - tableExists(metaData=org.apache.commons.dbcp.DelegatingDatabaseMetaData@427e5924, schemaName=null, tableName=SCOPEDCONTENT) - start
147199 [main] DEBUG org.dbunit.util.SQLHelper  - close(resultSet=org.apache.commons.dbcp.DelegatingResultSet@5fb27e4) - start
147199 [main] DEBUG org.dbunit.util.QualifiedTableName  - getQualifiedNameIfEnabled(config=org.dbunit.database.DatabaseConfig[, _propertyMap={http://www.dbunit.org/properties/statementFactory=org.dbunit.database.statement.PreparedStatementFactory@626bc2b8, http://www.dbunit.org/features/caseSensitiveTableNames=false, http://www.dbunit.org/properties/fetchSize=100, http://www.dbunit.org/features/batchedStatements=false, http://www.dbunit.org/properties/metadataHandler=org.dbunit.database.DefaultMetadataHandler@3bbfdfde, http://www.dbunit.org/properties/datatypeFactory=org.dbunit.dataset.datatype.DefaultDataTypeFactory[_toleratedDeltaMap=org.dbunit.dataset.datatype.ToleratedDeltaMap@6452310a], http://www.dbunit.org/properties/escapePattern=null, http://www.dbunit.org/properties/batchSize=100, http://www.dbunit.org/features/qualifiedTableNames=false, http://www.dbunit.org/properties/tableType=[Ljava.lang.String;@5011bafa, http://www.dbunit.org/properties/resultSetTableFactory=org.dbunit.database.CachedResultSetTableFactory@10bcf083, http://www.dbunit.org/features/datatypeWarning=true}]) - start
147199 [main] TRACE org.dbunit.database.DatabaseConfig  - getFeature(name=http://www.dbunit.org/features/qualifiedTableNames) - start
147199 [main] TRACE org.dbunit.database.DatabaseConfig  - getProperty(name=http://www.dbunit.org/features/qualifiedTableNames) - start
147199 [main] DEBUG org.dbunit.util.QualifiedTableName  - Qualified table names feature is disabled. Returning plain table name
147199 [main] DEBUG org.dbunit.util.QualifiedTableName  - getQualifiedName(prefix=null, name=SCOPEDCONTENT, escapePattern=null) - start
147199 [main] DEBUG org.dbunit.util.QualifiedTableName  - getQualifiedNameIfEnabled(config=org.dbunit.database.DatabaseConfig[, _propertyMap={http://www.dbunit.org/properties/statementFactory=org.dbunit.database.statement.PreparedStatementFactory@626bc2b8, http://www.dbunit.org/features/caseSensitiveTableNames=false, http://www.dbunit.org/properties/fetchSize=100, http://www.dbunit.org/features/batchedStatements=false, http://www.dbunit.org/properties/metadataHandler=org.dbunit.database.DefaultMetadataHandler@3bbfdfde, http://www.dbunit.org/properties/datatypeFactory=org.dbunit.dataset.datatype.DefaultDataTypeFactory[_toleratedDeltaMap=org.dbunit.dataset.datatype.ToleratedDeltaMap@6452310a], http://www.dbunit.org/properties/escapePattern=null, http://www.dbunit.org/properties/batchSize=100, http://www.dbunit.org/features/qualifiedTableNames=false, http://www.dbunit.org/properties/tableType=[Ljava.lang.String;@5011bafa, http://www.dbunit.org/properties/resultSetTableFactory=org.dbunit.database.CachedResultSetTableFactory@10bcf083, http://www.dbunit.org/features/datatypeWarning=true}]) - start
147199 [main] TRACE org.dbunit.database.DatabaseConfig  - getFeature(name=http://www.dbunit.org/features/qualifiedTableNames) - start
147199 [main] TRACE org.dbunit.database.DatabaseConfig  - getProperty(name=http://www.dbunit.org/features/qualifiedTableNames) - start
147200 [main] DEBUG org.dbunit.util.QualifiedTableName  - Qualified table names feature is disabled. Returning plain table name
147200 [main] DEBUG org.dbunit.util.QualifiedTableName  - getQualifiedName(prefix=null, name=SCOPEDCONTENTCONDITIONS_SCOPEDCONTENT, escapePattern=null) - start
147200 [main] DEBUG org.dbunit.database.search.AbstractMetaDataBasedSearchCallback  - newEdge(rs=org.apache.commons.dbcp.DelegatingResultSet@21db9d48, type=1, from=SCOPEDCONTENT, to=SCOPEDCONTENTCONDITIONS_SCOPEDCONTENT, fkColumn=SCOPED_CONTENT_ID, pkColumn=ID) - start
147200 [main] DEBUG org.dbunit.database.search.AbstractMetaDataBasedSearchCallback  - createFKEdge(rs=org.apache.commons.dbcp.DelegatingResultSet@21db9d48, type=1, from=SCOPEDCONTENT, to=SCOPEDCONTENTCONDITIONS_SCOPEDCONTENT, fkColumn=SCOPED_CONTENT_ID, pkColumn=ID) - start
147200 [main] DEBUG org.dbunit.database.search.AbstractMetaDataBasedSearchCallback  - Adding edge SCOPEDCONTENTCONDITIONS_SCOPEDCONTENT(SCOPED_CONTENT_ID)->SCOPEDCONTENT(ID)
147200 [main] DEBUG org.dbunit.util.search.Edge  - compareTo(o=SCOPEDCONTENTCONDITIONS_SCOPEDCONTENT(SCOPED_CONTENT_ID)->SCOPEDCONTENT(ID)) - start
147200 [main] DEBUG org.dbunit.util.QualifiedTableName  - getQualifiedNameIfEnabled(config=org.dbunit.database.DatabaseConfig[, _propertyMap={http://www.dbunit.org/properties/statementFactory=org.dbunit.database.statement.PreparedStatementFactory@626bc2b8, http://www.dbunit.org/features/caseSensitiveTableNames=false, http://www.dbunit.org/properties/fetchSize=100, http://www.dbunit.org/features/batchedStatements=false, http://www.dbunit.org/properties/metadataHandler=org.dbunit.database.DefaultMetadataHandler@3bbfdfde, http://www.dbunit.org/properties/datatypeFactory=org.dbunit.dataset.datatype.DefaultDataTypeFactory[_toleratedDeltaMap=org.dbunit.dataset.datatype.ToleratedDeltaMap@6452310a], http://www.dbunit.org/properties/escapePattern=null, http://www.dbunit.org/properties/batchSize=100, http://www.dbunit.org/features/qualifiedTableNames=false, http://www.dbunit.org/properties/tableType=[Ljava.lang.String;@5011bafa, http://www.dbunit.org/properties/resultSetTableFactory=org.dbunit.database.CachedResultSetTableFactory@10bcf083, http://www.dbunit.org/features/datatypeWarning=true}]) - start
147200 [main] TRACE org.dbunit.database.DatabaseConfig  - getFeature(name=http://www.dbunit.org/features/qualifiedTableNames) - start
147200 [main] TRACE org.dbunit.database.DatabaseConfig  - getProperty(name=http://www.dbunit.org/features/qualifiedTableNames) - start
147200 [main] DEBUG org.dbunit.util.QualifiedTableName  - Qualified table names feature is disabled. Returning plain table name
147200 [main] DEBUG org.dbunit.util.QualifiedTableName  - getQualifiedName(prefix=null, name=SCOPEDCONTENT, escapePattern=null) - start
147200 [main] DEBUG org.dbunit.util.QualifiedTableName  - getQualifiedNameIfEnabled(config=org.dbunit.database.DatabaseConfig[, _propertyMap={http://www.dbunit.org/properties/statementFactory=org.dbunit.database.statement.PreparedStatementFactory@626bc2b8, http://www.dbunit.org/features/caseSensitiveTableNames=false, http://www.dbunit.org/properties/fetchSize=100, http://www.dbunit.org/features/batchedStatements=false, http://www.dbunit.org/properties/metadataHandler=org.dbunit.database.DefaultMetadataHandler@3bbfdfde, http://www.dbunit.org/properties/datatypeFactory=org.dbunit.dataset.datatype.DefaultDataTypeFactory[_toleratedDeltaMap=org.dbunit.dataset.datatype.ToleratedDeltaMap@6452310a], http://www.dbunit.org/properties/escapePattern=null, http://www.dbunit.org/properties/batchSize=100, http://www.dbunit.org/features/qualifiedTableNames=false, http://www.dbunit.org/properties/tableType=[Ljava.lang.String;@5011bafa, http://www.dbunit.org/properties/resultSetTableFactory=org.dbunit.database.CachedResultSetTableFactory@10bcf083, http://www.dbunit.org/features/datatypeWarning=true}]) - start
147200 [main] TRACE org.dbunit.database.DatabaseConfig  - getFeature(name=http://www.dbunit.org/features/qualifiedTableNames) - start
147200 [main] TRACE org.dbunit.database.DatabaseConfig  - getProperty(name=http://www.dbunit.org/features/qualifiedTableNames) - start
147200 [main] DEBUG org.dbunit.util.QualifiedTableName  - Qualified table names feature is disabled. Returning plain table name
147200 [main] DEBUG org.dbunit.util.QualifiedTableName  - getQualifiedName(prefix=null, name=SCOPEDCONTENT_SCOPEDCONTENTITEM, escapePattern=null) - start
147200 [main] DEBUG org.dbunit.database.search.AbstractMetaDataBasedSearchCallback  - newEdge(rs=org.apache.commons.dbcp.DelegatingResultSet@21db9d48, type=1, from=SCOPEDCONTENT, to=SCOPEDCONTENT_SCOPEDCONTENTITEM, fkColumn=SCOPED_CONTENT_ITEM_ID, pkColumn=ID) - start
147200 [main] DEBUG org.dbunit.database.search.AbstractMetaDataBasedSearchCallback  - createFKEdge(rs=org.apache.commons.dbcp.DelegatingResultSet@21db9d48, type=1, from=SCOPEDCONTENT, to=SCOPEDCONTENT_SCOPEDCONTENTITEM, fkColumn=SCOPED_CONTENT_ITEM_ID, pkColumn=ID) - start
147200 [main] DEBUG org.dbunit.database.search.AbstractMetaDataBasedSearchCallback  - Adding edge SCOPEDCONTENT_SCOPEDCONTENTITEM(SCOPED_CONTENT_ITEM_ID)->SCOPEDCONTENT(ID)
147200 [main] DEBUG org.dbunit.util.search.Edge  - compareTo(o=SCOPEDCONTENTCONDITIONS_SCOPEDCONTENT(SCOPED_CONTENT_ID)->SCOPEDCONTENT(ID)) - start
147200 [main] DEBUG org.dbunit.util.SQLHelper  - close(resultSet=org.apache.commons.dbcp.DelegatingResultSet@21db9d48) - start
147200 [main] DEBUG org.dbunit.util.search.DepthFirstSearch  - reverseSearch:SCOPEDCONTENTCONDITIONS_SCOPEDCONTENT
147200 [main] DEBUG org.dbunit.database.search.ExportedKeysSearchCallback  - searchNode(node=SCOPEDCONTENTCONDITIONS_SCOPEDCONTENT) - start
147200 [main] DEBUG org.dbunit.util.search.DepthFirstSearch  - Pushing (reverse) SCOPEDCONTENTCONDITIONS_SCOPEDCONTENT
147201 [main] DEBUG org.dbunit.database.search.ExportedKeysSearchCallback  - getEdges(node=SCOPEDCONTENTCONDITIONS_SCOPEDCONTENT) - start
147201 [main] DEBUG org.dbunit.database.search.AbstractMetaDataBasedSearchCallback  - getNodesFromExportedKeys(node=SCOPEDCONTENTCONDITIONS_SCOPEDCONTENT) - start
147201 [main] DEBUG org.dbunit.database.search.AbstractMetaDataBasedSearchCallback  - getNodes(type=1, node=SCOPEDCONTENTCONDITIONS_SCOPEDCONTENT) - start
147201 [main] DEBUG org.dbunit.database.DatabaseDataSourceConnection  - getConnection() - start
147201 [main] DEBUG org.dbunit.database.search.AbstractMetaDataBasedSearchCallback  - getNodes(type=1, node=SCOPEDCONTENTCONDITIONS_SCOPEDCONTENT, conn=Transaction-aware proxy for target Connection [jdbc:hsqldb:mem:kontrollDS, UserName=sw, HSQL Database Engine Driver], schema=null, metaData=org.apache.commons.dbcp.DelegatingDatabaseMetaData@5932f355, edges=[]) - start
147201 [main] DEBUG org.dbunit.database.search.AbstractMetaDataBasedSearchCallback  - Getting edges for node SCOPEDCONTENTCONDITIONS_SCOPEDCONTENT
147201 [main] TRACE org.dbunit.database.DatabaseConfig  - getProperty(name=http://www.dbunit.org/properties/metadataHandler) - start
147201 [main] TRACE org.dbunit.database.DefaultMetadataHandler  - tableExists(metaData=org.apache.commons.dbcp.DelegatingDatabaseMetaData@5932f355, schemaName=null, tableName=SCOPEDCONTENTCONDITIONS_SCOPEDCONTENT) - start
147202 [main] DEBUG org.dbunit.util.SQLHelper  - close(resultSet=org.apache.commons.dbcp.DelegatingResultSet@48e1fdb1) - start
147202 [main] DEBUG org.dbunit.util.SQLHelper  - close(resultSet=org.apache.commons.dbcp.DelegatingResultSet@7bc628ba) - start
147202 [main] DEBUG org.dbunit.util.search.DepthFirstSearch  - reverseSearch:SCOPEDCONTENT_SCOPEDCONTENTITEM
147202 [main] DEBUG org.dbunit.database.search.ExportedKeysSearchCallback  - searchNode(node=SCOPEDCONTENT_SCOPEDCONTENTITEM) - start
147202 [main] DEBUG org.dbunit.util.search.DepthFirstSearch  - Pushing (reverse) SCOPEDCONTENT_SCOPEDCONTENTITEM
147202 [main] DEBUG org.dbunit.util.search.DepthFirstSearch  - reverseSearch:SCOPE_REQUESTCONTEXT
147202 [main] DEBUG org.dbunit.database.search.ExportedKeysSearchCallback  - searchNode(node=SCOPE_REQUESTCONTEXT) - start
147202 [main] DEBUG org.dbunit.util.search.DepthFirstSearch  - Pushing (reverse) SCOPE_REQUESTCONTEXT
147202 [main] DEBUG org.dbunit.util.search.DepthFirstSearch  - search:SCOPEDCONTENTCONDITIONS_SCOPEDCONTENT
147202 [main] DEBUG org.dbunit.database.search.ExportedKeysSearchCallback  - searchNode(node=SCOPEDCONTENTCONDITIONS_SCOPEDCONTENT) - start
147202 [main] DEBUG org.dbunit.util.search.DepthFirstSearch  - Pushing SCOPEDCONTENTCONDITIONS_SCOPEDCONTENT
147203 [main] DEBUG org.dbunit.database.search.ExportedKeysSearchCallback  - getEdges(node=SCOPEDCONTENTCONDITIONS_SCOPEDCONTENT) - start
147203 [main] DEBUG org.dbunit.database.search.AbstractMetaDataBasedSearchCallback  - getNodesFromExportedKeys(node=SCOPEDCONTENTCONDITIONS_SCOPEDCONTENT) - start
147203 [main] DEBUG org.dbunit.database.search.AbstractMetaDataBasedSearchCallback  - getNodes(type=1, node=SCOPEDCONTENTCONDITIONS_SCOPEDCONTENT) - start
147203 [main] DEBUG org.dbunit.database.DatabaseDataSourceConnection  - getConnection() - start
147203 [main] DEBUG org.dbunit.database.search.AbstractMetaDataBasedSearchCallback  - getNodes(type=1, node=SCOPEDCONTENTCONDITIONS_SCOPEDCONTENT, conn=Transaction-aware proxy for target Connection [jdbc:hsqldb:mem:kontrollDS, UserName=sw, HSQL Database Engine Driver], schema=null, metaData=org.apache.commons.dbcp.DelegatingDatabaseMetaData@e9c0ad2, edges=[]) - start
147203 [main] DEBUG org.dbunit.database.search.AbstractMetaDataBasedSearchCallback  - Getting edges for node SCOPEDCONTENTCONDITIONS_SCOPEDCONTENT
147203 [main] TRACE org.dbunit.database.DatabaseConfig  - getProperty(name=http://www.dbunit.org/properties/metadataHandler) - start
147203 [main] TRACE org.dbunit.database.DefaultMetadataHandler  - tableExists(metaData=org.apache.commons.dbcp.DelegatingDatabaseMetaData@e9c0ad2, schemaName=null, tableName=SCOPEDCONTENTCONDITIONS_SCOPEDCONTENT) - start
147204 [main] DEBUG org.dbunit.util.SQLHelper  - close(resultSet=org.apache.commons.dbcp.DelegatingResultSet@48d1b8a8) - start
147204 [main] DEBUG org.dbunit.util.SQLHelper  - close(resultSet=org.apache.commons.dbcp.DelegatingResultSet@7748fd65) - start
147204 [main] DEBUG org.dbunit.util.search.DepthFirstSearch  - Adding node SCOPEDCONTENTCONDITIONS_SCOPEDCONTENT to the final result
147204 [main] DEBUG org.dbunit.util.search.DepthFirstSearch  - search:SCOPEDCONTENT_SCOPEDCONTENTITEM
147204 [main] DEBUG org.dbunit.database.search.ExportedKeysSearchCallback  - searchNode(node=SCOPEDCONTENT_SCOPEDCONTENTITEM) - start
147204 [main] DEBUG org.dbunit.util.search.DepthFirstSearch  - Pushing SCOPEDCONTENT_SCOPEDCONTENTITEM
147204 [main] DEBUG org.dbunit.database.search.ExportedKeysSearchCallback  - getEdges(node=SCOPEDCONTENT_SCOPEDCONTENTITEM) - start
147204 [main] DEBUG org.dbunit.database.search.AbstractMetaDataBasedSearchCallback  - getNodesFromExportedKeys(node=SCOPEDCONTENT_SCOPEDCONTENTITEM) - start
147204 [main] DEBUG org.dbunit.database.search.AbstractMetaDataBasedSearchCallback  - getNodes(type=1, node=SCOPEDCONTENT_SCOPEDCONTENTITEM) - start
147204 [main] DEBUG org.dbunit.database.DatabaseDataSourceConnection  - getConnection() - start
147204 [main] DEBUG org.dbunit.database.search.AbstractMetaDataBasedSearchCallback  - getNodes(type=1, node=SCOPEDCONTENT_SCOPEDCONTENTITEM, conn=Transaction-aware proxy for target Connection [jdbc:hsqldb:mem:kontrollDS, UserName=sw, HSQL Database Engine Driver], schema=null, metaData=org.apache.commons.dbcp.DelegatingDatabaseMetaData@58f42f11, edges=[]) - start
147204 [main] DEBUG org.dbunit.database.search.AbstractMetaDataBasedSearchCallback  - Getting edges for node SCOPEDCONTENT_SCOPEDCONTENTITEM
147204 [main] TRACE org.dbunit.database.DatabaseConfig  - getProperty(name=http://www.dbunit.org/properties/metadataHandler) - start
147205 [main] TRACE org.dbunit.database.DefaultMetadataHandler  - tableExists(metaData=org.apache.commons.dbcp.DelegatingDatabaseMetaData@58f42f11, schemaName=null, tableName=SCOPEDCONTENT_SCOPEDCONTENTITEM) - start
147206 [main] DEBUG org.dbunit.util.SQLHelper  - close(resultSet=org.apache.commons.dbcp.DelegatingResultSet@4739018) - start
147206 [main] DEBUG org.dbunit.util.SQLHelper  - close(resultSet=org.apache.commons.dbcp.DelegatingResultSet@5415fbdc) - start
147206 [main] DEBUG org.dbunit.util.search.DepthFirstSearch  - Adding node SCOPEDCONTENT_SCOPEDCONTENTITEM to the final result
147206 [main] DEBUG org.dbunit.util.search.DepthFirstSearch  - search:SCOPEDCONTENT
147206 [main] DEBUG org.dbunit.database.search.ExportedKeysSearchCallback  - searchNode(node=SCOPEDCONTENT) - start
147206 [main] DEBUG org.dbunit.util.search.DepthFirstSearch  - Pushing SCOPEDCONTENT
147206 [main] DEBUG org.dbunit.database.search.ExportedKeysSearchCallback  - getEdges(node=SCOPEDCONTENT) - start
147206 [main] DEBUG org.dbunit.database.search.AbstractMetaDataBasedSearchCallback  - getNodesFromExportedKeys(node=SCOPEDCONTENT) - start
147206 [main] DEBUG org.dbunit.database.search.AbstractMetaDataBasedSearchCallback  - getNodes(type=1, node=SCOPEDCONTENT) - start
147206 [main] DEBUG org.dbunit.database.DatabaseDataSourceConnection  - getConnection() - start
147206 [main] DEBUG org.dbunit.database.search.AbstractMetaDataBasedSearchCallback  - getNodes(type=1, node=SCOPEDCONTENT, conn=Transaction-aware proxy for target Connection [jdbc:hsqldb:mem:kontrollDS, UserName=sw, HSQL Database Engine Driver], schema=null, metaData=org.apache.commons.dbcp.DelegatingDatabaseMetaData@6f4a53a4, edges=[]) - start
147206 [main] DEBUG org.dbunit.database.search.AbstractMetaDataBasedSearchCallback  - Getting edges for node SCOPEDCONTENT
147206 [main] TRACE org.dbunit.database.DatabaseConfig  - getProperty(name=http://www.dbunit.org/properties/metadataHandler) - start
147206 [main] TRACE org.dbunit.database.DefaultMetadataHandler  - tableExists(metaData=org.apache.commons.dbcp.DelegatingDatabaseMetaData@6f4a53a4, schemaName=null, tableName=SCOPEDCONTENT) - start
147207 [main] DEBUG org.dbunit.util.SQLHelper  - close(resultSet=org.apache.commons.dbcp.DelegatingResultSet@55a7735b) - start
147207 [main] DEBUG org.dbunit.util.QualifiedTableName  - getQualifiedNameIfEnabled(config=org.dbunit.database.DatabaseConfig[, _propertyMap={http://www.dbunit.org/properties/statementFactory=org.dbunit.database.statement.PreparedStatementFactory@626bc2b8, http://www.dbunit.org/features/caseSensitiveTableNames=false, http://www.dbunit.org/properties/fetchSize=100, http://www.dbunit.org/features/batchedStatements=false, http://www.dbunit.org/properties/metadataHandler=org.dbunit.database.DefaultMetadataHandler@3bbfdfde, http://www.dbunit.org/properties/datatypeFactory=org.dbunit.dataset.datatype.DefaultDataTypeFactory[_toleratedDeltaMap=org.dbunit.dataset.datatype.ToleratedDeltaMap@6452310a], http://www.dbunit.org/properties/escapePattern=null, http://www.dbunit.org/properties/batchSize=100, http://www.dbunit.org/features/qualifiedTableNames=false, http://www.dbunit.org/properties/tableType=[Ljava.lang.String;@5011bafa, http://www.dbunit.org/properties/resultSetTableFactory=org.dbunit.database.CachedResultSetTableFactory@10bcf083, http://www.dbunit.org/features/datatypeWarning=true}]) - start
147208 [main] TRACE org.dbunit.database.DatabaseConfig  - getFeature(name=http://www.dbunit.org/features/qualifiedTableNames) - start
147208 [main] TRACE org.dbunit.database.DatabaseConfig  - getProperty(name=http://www.dbunit.org/features/qualifiedTableNames) - start
147208 [main] DEBUG org.dbunit.util.QualifiedTableName  - Qualified table names feature is disabled. Returning plain table name
147208 [main] DEBUG org.dbunit.util.QualifiedTableName  - getQualifiedName(prefix=null, name=SCOPEDCONTENT, escapePattern=null) - start
147208 [main] DEBUG org.dbunit.util.QualifiedTableName  - getQualifiedNameIfEnabled(config=org.dbunit.database.DatabaseConfig[, _propertyMap={http://www.dbunit.org/properties/statementFactory=org.dbunit.database.statement.PreparedStatementFactory@626bc2b8, http://www.dbunit.org/features/caseSensitiveTableNames=false, http://www.dbunit.org/properties/fetchSize=100, http://www.dbunit.org/features/batchedStatements=false, http://www.dbunit.org/properties/metadataHandler=org.dbunit.database.DefaultMetadataHandler@3bbfdfde, http://www.dbunit.org/properties/datatypeFactory=org.dbunit.dataset.datatype.DefaultDataTypeFactory[_toleratedDeltaMap=org.dbunit.dataset.datatype.ToleratedDeltaMap@6452310a], http://www.dbunit.org/properties/escapePattern=null, http://www.dbunit.org/properties/batchSize=100, http://www.dbunit.org/features/qualifiedTableNames=false, http://www.dbunit.org/properties/tableType=[Ljava.lang.String;@5011bafa, http://www.dbunit.org/properties/resultSetTableFactory=org.dbunit.database.CachedResultSetTableFactory@10bcf083, http://www.dbunit.org/features/datatypeWarning=true}]) - start
147208 [main] TRACE org.dbunit.database.DatabaseConfig  - getFeature(name=http://www.dbunit.org/features/qualifiedTableNames) - start
147208 [main] TRACE org.dbunit.database.DatabaseConfig  - getProperty(name=http://www.dbunit.org/features/qualifiedTableNames) - start
147208 [main] DEBUG org.dbunit.util.QualifiedTableName  - Qualified table names feature is disabled. Returning plain table name
147208 [main] DEBUG org.dbunit.util.QualifiedTableName  - getQualifiedName(prefix=null, name=SCOPEDCONTENTCONDITIONS_SCOPEDCONTENT, escapePattern=null) - start
147208 [main] DEBUG org.dbunit.database.search.AbstractMetaDataBasedSearchCallback  - newEdge(rs=org.apache.commons.dbcp.DelegatingResultSet@3c1c807c, type=1, from=SCOPEDCONTENT, to=SCOPEDCONTENTCONDITIONS_SCOPEDCONTENT, fkColumn=SCOPED_CONTENT_ID, pkColumn=ID) - start
147208 [main] DEBUG org.dbunit.database.search.AbstractMetaDataBasedSearchCallback  - createFKEdge(rs=org.apache.commons.dbcp.DelegatingResultSet@3c1c807c, type=1, from=SCOPEDCONTENT, to=SCOPEDCONTENTCONDITIONS_SCOPEDCONTENT, fkColumn=SCOPED_CONTENT_ID, pkColumn=ID) - start
147208 [main] DEBUG org.dbunit.database.search.AbstractMetaDataBasedSearchCallback  - Adding edge SCOPEDCONTENTCONDITIONS_SCOPEDCONTENT(SCOPED_CONTENT_ID)->SCOPEDCONTENT(ID)
147208 [main] DEBUG org.dbunit.util.search.Edge  - compareTo(o=SCOPEDCONTENTCONDITIONS_SCOPEDCONTENT(SCOPED_CONTENT_ID)->SCOPEDCONTENT(ID)) - start
147208 [main] DEBUG org.dbunit.util.QualifiedTableName  - getQualifiedNameIfEnabled(config=org.dbunit.database.DatabaseConfig[, _propertyMap={http://www.dbunit.org/properties/statementFactory=org.dbunit.database.statement.PreparedStatementFactory@626bc2b8, http://www.dbunit.org/features/caseSensitiveTableNames=false, http://www.dbunit.org/properties/fetchSize=100, http://www.dbunit.org/features/batchedStatements=false, http://www.dbunit.org/properties/metadataHandler=org.dbunit.database.DefaultMetadataHandler@3bbfdfde, http://www.dbunit.org/properties/datatypeFactory=org.dbunit.dataset.datatype.DefaultDataTypeFactory[_toleratedDeltaMap=org.dbunit.dataset.datatype.ToleratedDeltaMap@6452310a], http://www.dbunit.org/properties/escapePattern=null, http://www.dbunit.org/properties/batchSize=100, http://www.dbunit.org/features/qualifiedTableNames=false, http://www.dbunit.org/properties/tableType=[Ljava.lang.String;@5011bafa, http://www.dbunit.org/properties/resultSetTableFactory=org.dbunit.database.CachedResultSetTableFactory@10bcf083, http://www.dbunit.org/features/datatypeWarning=true}]) - start
147208 [main] TRACE org.dbunit.database.DatabaseConfig  - getFeature(name=http://www.dbunit.org/features/qualifiedTableNames) - start
147208 [main] TRACE org.dbunit.database.DatabaseConfig  - getProperty(name=http://www.dbunit.org/features/qualifiedTableNames) - start
147208 [main] DEBUG org.dbunit.util.QualifiedTableName  - Qualified table names feature is disabled. Returning plain table name
147208 [main] DEBUG org.dbunit.util.QualifiedTableName  - getQualifiedName(prefix=null, name=SCOPEDCONTENT, escapePattern=null) - start
147208 [main] DEBUG org.dbunit.util.QualifiedTableName  - getQualifiedNameIfEnabled(config=org.dbunit.database.DatabaseConfig[, _propertyMap={http://www.dbunit.org/properties/statementFactory=org.dbunit.database.statement.PreparedStatementFactory@626bc2b8, http://www.dbunit.org/features/caseSensitiveTableNames=false, http://www.dbunit.org/properties/fetchSize=100, http://www.dbunit.org/features/batchedStatements=false, http://www.dbunit.org/properties/metadataHandler=org.dbunit.database.DefaultMetadataHandler@3bbfdfde, http://www.dbunit.org/properties/datatypeFactory=org.dbunit.dataset.datatype.DefaultDataTypeFactory[_toleratedDeltaMap=org.dbunit.dataset.datatype.ToleratedDeltaMap@6452310a], http://www.dbunit.org/properties/escapePattern=null, http://www.dbunit.org/properties/batchSize=100, http://www.dbunit.org/features/qualifiedTableNames=false, http://www.dbunit.org/properties/tableType=[Ljava.lang.String;@5011bafa, http://www.dbunit.org/properties/resultSetTableFactory=org.dbunit.database.CachedResultSetTableFactory@10bcf083, http://www.dbunit.org/features/datatypeWarning=true}]) - start
147208 [main] TRACE org.dbunit.database.DatabaseConfig  - getFeature(name=http://www.dbunit.org/features/qualifiedTableNames) - start
147208 [main] TRACE org.dbunit.database.DatabaseConfig  - getProperty(name=http://www.dbunit.org/features/qualifiedTableNames) - start
147208 [main] DEBUG org.dbunit.util.QualifiedTableName  - Qualified table names feature is disabled. Returning plain table name
147208 [main] DEBUG org.dbunit.util.QualifiedTableName  - getQualifiedName(prefix=null, name=SCOPEDCONTENT_SCOPEDCONTENTITEM, escapePattern=null) - start
147208 [main] DEBUG org.dbunit.database.search.AbstractMetaDataBasedSearchCallback  - newEdge(rs=org.apache.commons.dbcp.DelegatingResultSet@3c1c807c, type=1, from=SCOPEDCONTENT, to=SCOPEDCONTENT_SCOPEDCONTENTITEM, fkColumn=SCOPED_CONTENT_ITEM_ID, pkColumn=ID) - start
147208 [main] DEBUG org.dbunit.database.search.AbstractMetaDataBasedSearchCallback  - createFKEdge(rs=org.apache.commons.dbcp.DelegatingResultSet@3c1c807c, type=1, from=SCOPEDCONTENT, to=SCOPEDCONTENT_SCOPEDCONTENTITEM, fkColumn=SCOPED_CONTENT_ITEM_ID, pkColumn=ID) - start
147208 [main] DEBUG org.dbunit.database.search.AbstractMetaDataBasedSearchCallback  - Adding edge SCOPEDCONTENT_SCOPEDCONTENTITEM(SCOPED_CONTENT_ITEM_ID)->SCOPEDCONTENT(ID)
147208 [main] DEBUG org.dbunit.util.search.Edge  - compareTo(o=SCOPEDCONTENTCONDITIONS_SCOPEDCONTENT(SCOPED_CONTENT_ID)->SCOPEDCONTENT(ID)) - start
147209 [main] DEBUG org.dbunit.util.SQLHelper  - close(resultSet=org.apache.commons.dbcp.DelegatingResultSet@3c1c807c) - start
147209 [main] DEBUG org.dbunit.util.search.DepthFirstSearch  - search:SCOPEDCONTENT
147209 [main] DEBUG org.dbunit.util.search.DepthFirstSearch  - already searched; returning true
147209 [main] DEBUG org.dbunit.util.search.DepthFirstSearch  - search:SCOPEDCONTENT
147209 [main] DEBUG org.dbunit.util.search.DepthFirstSearch  - already searched; returning true
147209 [main] DEBUG org.dbunit.util.search.DepthFirstSearch  - Adding node SCOPEDCONTENT to the final result
147209 [main] DEBUG org.dbunit.util.search.DepthFirstSearch  - search:SCOPE_REQUESTCONTEXT
147209 [main] DEBUG org.dbunit.database.search.ExportedKeysSearchCallback  - searchNode(node=SCOPE_REQUESTCONTEXT) - start
147209 [main] DEBUG org.dbunit.util.search.DepthFirstSearch  - Pushing SCOPE_REQUESTCONTEXT
147209 [main] DEBUG org.dbunit.database.search.ExportedKeysSearchCallback  - getEdges(node=SCOPE_REQUESTCONTEXT) - start
147209 [main] DEBUG org.dbunit.database.search.AbstractMetaDataBasedSearchCallback  - getNodesFromExportedKeys(node=SCOPE_REQUESTCONTEXT) - start
147209 [main] DEBUG org.dbunit.database.search.AbstractMetaDataBasedSearchCallback  - getNodes(type=1, node=SCOPE_REQUESTCONTEXT) - start
147209 [main] DEBUG org.dbunit.database.DatabaseDataSourceConnection  - getConnection() - start
147209 [main] DEBUG org.dbunit.database.search.AbstractMetaDataBasedSearchCallback  - getNodes(type=1, node=SCOPE_REQUESTCONTEXT, conn=Transaction-aware proxy for target Connection [jdbc:hsqldb:mem:kontrollDS, UserName=sw, HSQL Database Engine Driver], schema=null, metaData=org.apache.commons.dbcp.DelegatingDatabaseMetaData@73376bb8, edges=[]) - start
147209 [main] DEBUG org.dbunit.database.search.AbstractMetaDataBasedSearchCallback  - Getting edges for node SCOPE_REQUESTCONTEXT
147209 [main] TRACE org.dbunit.database.DatabaseConfig  - getProperty(name=http://www.dbunit.org/properties/metadataHandler) - start
147209 [main] TRACE org.dbunit.database.DefaultMetadataHandler  - tableExists(metaData=org.apache.commons.dbcp.DelegatingDatabaseMetaData@73376bb8, schemaName=null, tableName=SCOPE_REQUESTCONTEXT) - start
147210 [main] DEBUG org.dbunit.util.SQLHelper  - close(resultSet=org.apache.commons.dbcp.DelegatingResultSet@208bdb65) - start
147210 [main] DEBUG org.dbunit.util.SQLHelper  - close(resultSet=org.apache.commons.dbcp.DelegatingResultSet@e146051) - start
147210 [main] DEBUG org.dbunit.util.search.DepthFirstSearch  - Adding node SCOPE_REQUESTCONTEXT to the final result
147211 [main] DEBUG org.dbunit.util.search.DepthFirstSearch  - search:SCOPE
147211 [main] DEBUG org.dbunit.database.search.ExportedKeysSearchCallback  - searchNode(node=SCOPE) - start
147211 [main] DEBUG org.dbunit.util.search.DepthFirstSearch  - Pushing SCOPE
147211 [main] DEBUG org.dbunit.database.search.ExportedKeysSearchCallback  - getEdges(node=SCOPE) - start
147211 [main] DEBUG org.dbunit.database.search.AbstractMetaDataBasedSearchCallback  - getNodesFromExportedKeys(node=SCOPE) - start
147211 [main] DEBUG org.dbunit.database.search.AbstractMetaDataBasedSearchCallback  - getNodes(type=1, node=SCOPE) - start
147211 [main] DEBUG org.dbunit.database.DatabaseDataSourceConnection  - getConnection() - start
147211 [main] DEBUG org.dbunit.database.search.AbstractMetaDataBasedSearchCallback  - getNodes(type=1, node=SCOPE, conn=Transaction-aware proxy for target Connection [jdbc:hsqldb:mem:kontrollDS, UserName=sw, HSQL Database Engine Driver], schema=null, metaData=org.apache.commons.dbcp.DelegatingDatabaseMetaData@5bbf6d0f, edges=[]) - start
147211 [main] DEBUG org.dbunit.database.search.AbstractMetaDataBasedSearchCallback  - Getting edges for node SCOPE
147211 [main] TRACE org.dbunit.database.DatabaseConfig  - getProperty(name=http://www.dbunit.org/properties/metadataHandler) - start
147211 [main] TRACE org.dbunit.database.DefaultMetadataHandler  - tableExists(metaData=org.apache.commons.dbcp.DelegatingDatabaseMetaData@5bbf6d0f, schemaName=null, tableName=SCOPE) - start
147212 [main] DEBUG org.dbunit.util.SQLHelper  - close(resultSet=org.apache.commons.dbcp.DelegatingResultSet@64868d0a) - start
147212 [main] DEBUG org.dbunit.util.QualifiedTableName  - getQualifiedNameIfEnabled(config=org.dbunit.database.DatabaseConfig[, _propertyMap={http://www.dbunit.org/properties/statementFactory=org.dbunit.database.statement.PreparedStatementFactory@626bc2b8, http://www.dbunit.org/features/caseSensitiveTableNames=false, http://www.dbunit.org/properties/fetchSize=100, http://www.dbunit.org/features/batchedStatements=false, http://www.dbunit.org/properties/metadataHandler=org.dbunit.database.DefaultMetadataHandler@3bbfdfde, http://www.dbunit.org/properties/datatypeFactory=org.dbunit.dataset.datatype.DefaultDataTypeFactory[_toleratedDeltaMap=org.dbunit.dataset.datatype.ToleratedDeltaMap@6452310a], http://www.dbunit.org/properties/escapePattern=null, http://www.dbunit.org/properties/batchSize=100, http://www.dbunit.org/features/qualifiedTableNames=false, http://www.dbunit.org/properties/tableType=[Ljava.lang.String;@5011bafa, http://www.dbunit.org/properties/resultSetTableFactory=org.dbunit.database.CachedResultSetTableFactory@10bcf083, http://www.dbunit.org/features/datatypeWarning=true}]) - start
147212 [main] TRACE org.dbunit.database.DatabaseConfig  - getFeature(name=http://www.dbunit.org/features/qualifiedTableNames) - start
147212 [main] TRACE org.dbunit.database.DatabaseConfig  - getProperty(name=http://www.dbunit.org/features/qualifiedTableNames) - start
147212 [main] DEBUG org.dbunit.util.QualifiedTableName  - Qualified table names feature is disabled. Returning plain table name
147212 [main] DEBUG org.dbunit.util.QualifiedTableName  - getQualifiedName(prefix=null, name=SCOPE, escapePattern=null) - start
147212 [main] DEBUG org.dbunit.util.QualifiedTableName  - getQualifiedNameIfEnabled(config=org.dbunit.database.DatabaseConfig[, _propertyMap={http://www.dbunit.org/properties/statementFactory=org.dbunit.database.statement.PreparedStatementFactory@626bc2b8, http://www.dbunit.org/features/caseSensitiveTableNames=false, http://www.dbunit.org/properties/fetchSize=100, http://www.dbunit.org/features/batchedStatements=false, http://www.dbunit.org/properties/metadataHandler=org.dbunit.database.DefaultMetadataHandler@3bbfdfde, http://www.dbunit.org/properties/datatypeFactory=org.dbunit.dataset.datatype.DefaultDataTypeFactory[_toleratedDeltaMap=org.dbunit.dataset.datatype.ToleratedDeltaMap@6452310a], http://www.dbunit.org/properties/escapePattern=null, http://www.dbunit.org/properties/batchSize=100, http://www.dbunit.org/features/qualifiedTableNames=false, http://www.dbunit.org/properties/tableType=[Ljava.lang.String;@5011bafa, http://www.dbunit.org/properties/resultSetTableFactory=org.dbunit.database.CachedResultSetTableFactory@10bcf083, http://www.dbunit.org/features/datatypeWarning=true}]) - start
147212 [main] TRACE org.dbunit.database.DatabaseConfig  - getFeature(name=http://www.dbunit.org/features/qualifiedTableNames) - start
147212 [main] TRACE org.dbunit.database.DatabaseConfig  - getProperty(name=http://www.dbunit.org/features/qualifiedTableNames) - start
147213 [main] DEBUG org.dbunit.util.QualifiedTableName  - Qualified table names feature is disabled. Returning plain table name
147213 [main] DEBUG org.dbunit.util.QualifiedTableName  - getQualifiedName(prefix=null, name=SCOPE_REQUESTCONTEXT, escapePattern=null) - start
147213 [main] DEBUG org.dbunit.database.search.AbstractMetaDataBasedSearchCallback  - newEdge(rs=org.apache.commons.dbcp.DelegatingResultSet@32341b49, type=1, from=SCOPE, to=SCOPE_REQUESTCONTEXT, fkColumn=SCOPE_ID, pkColumn=ID) - start
147213 [main] DEBUG org.dbunit.database.search.AbstractMetaDataBasedSearchCallback  - createFKEdge(rs=org.apache.commons.dbcp.DelegatingResultSet@32341b49, type=1, from=SCOPE, to=SCOPE_REQUESTCONTEXT, fkColumn=SCOPE_ID, pkColumn=ID) - start
147213 [main] DEBUG org.dbunit.database.search.AbstractMetaDataBasedSearchCallback  - Adding edge SCOPE_REQUESTCONTEXT(SCOPE_ID)->SCOPE(ID)
147213 [main] DEBUG org.dbunit.util.search.Edge  - compareTo(o=SCOPE_REQUESTCONTEXT(SCOPE_ID)->SCOPE(ID)) - start
147213 [main] DEBUG org.dbunit.util.QualifiedTableName  - getQualifiedNameIfEnabled(config=org.dbunit.database.DatabaseConfig[, _propertyMap={http://www.dbunit.org/properties/statementFactory=org.dbunit.database.statement.PreparedStatementFactory@626bc2b8, http://www.dbunit.org/features/caseSensitiveTableNames=false, http://www.dbunit.org/properties/fetchSize=100, http://www.dbunit.org/features/batchedStatements=false, http://www.dbunit.org/properties/metadataHandler=org.dbunit.database.DefaultMetadataHandler@3bbfdfde, http://www.dbunit.org/properties/datatypeFactory=org.dbunit.dataset.datatype.DefaultDataTypeFactory[_toleratedDeltaMap=org.dbunit.dataset.datatype.ToleratedDeltaMap@6452310a], http://www.dbunit.org/properties/escapePattern=null, http://www.dbunit.org/properties/batchSize=100, http://www.dbunit.org/features/qualifiedTableNames=false, http://www.dbunit.org/properties/tableType=[Ljava.lang.String;@5011bafa, http://www.dbunit.org/properties/resultSetTableFactory=org.dbunit.database.CachedResultSetTableFactory@10bcf083, http://www.dbunit.org/features/datatypeWarning=true}]) - start
147213 [main] TRACE org.dbunit.database.DatabaseConfig  - getFeature(name=http://www.dbunit.org/features/qualifiedTableNames) - start
147213 [main] TRACE org.dbunit.database.DatabaseConfig  - getProperty(name=http://www.dbunit.org/features/qualifiedTableNames) - start
147213 [main] DEBUG org.dbunit.util.QualifiedTableName  - Qualified table names feature is disabled. Returning plain table name
147213 [main] DEBUG org.dbunit.util.QualifiedTableName  - getQualifiedName(prefix=null, name=SCOPE, escapePattern=null) - start
147213 [main] DEBUG org.dbunit.util.QualifiedTableName  - getQualifiedNameIfEnabled(config=org.dbunit.database.DatabaseConfig[, _propertyMap={http://www.dbunit.org/properties/statementFactory=org.dbunit.database.statement.PreparedStatementFactory@626bc2b8, http://www.dbunit.org/features/caseSensitiveTableNames=false, http://www.dbunit.org/properties/fetchSize=100, http://www.dbunit.org/features/batchedStatements=false, http://www.dbunit.org/properties/metadataHandler=org.dbunit.database.DefaultMetadataHandler@3bbfdfde, http://www.dbunit.org/properties/datatypeFactory=org.dbunit.dataset.datatype.DefaultDataTypeFactory[_toleratedDeltaMap=org.dbunit.dataset.datatype.ToleratedDeltaMap@6452310a], http://www.dbunit.org/properties/escapePattern=null, http://www.dbunit.org/properties/batchSize=100, http://www.dbunit.org/features/qualifiedTableNames=false, http://www.dbunit.org/properties/tableType=[Ljava.lang.String;@5011bafa, http://www.dbunit.org/properties/resultSetTableFactory=org.dbunit.database.CachedResultSetTableFactory@10bcf083, http://www.dbunit.org/features/datatypeWarning=true}]) - start
147213 [main] TRACE org.dbunit.database.DatabaseConfig  - getFeature(name=http://www.dbunit.org/features/qualifiedTableNames) - start
147213 [main] TRACE org.dbunit.database.DatabaseConfig  - getProperty(name=http://www.dbunit.org/features/qualifiedTableNames) - start
147213 [main] DEBUG org.dbunit.util.QualifiedTableName  - Qualified table names feature is disabled. Returning plain table name
147213 [main] DEBUG org.dbunit.util.QualifiedTableName  - getQualifiedName(prefix=null, name=SCOPEDCONTENT, escapePattern=null) - start
147213 [main] DEBUG org.dbunit.database.search.AbstractMetaDataBasedSearchCallback  - newEdge(rs=org.apache.commons.dbcp.DelegatingResultSet@32341b49, type=1, from=SCOPE, to=SCOPEDCONTENT, fkColumn=SCOPE, pkColumn=ID) - start
147213 [main] DEBUG org.dbunit.database.search.AbstractMetaDataBasedSearchCallback  - createFKEdge(rs=org.apache.commons.dbcp.DelegatingResultSet@32341b49, type=1, from=SCOPE, to=SCOPEDCONTENT, fkColumn=SCOPE, pkColumn=ID) - start
147213 [main] DEBUG org.dbunit.database.search.AbstractMetaDataBasedSearchCallback  - Adding edge SCOPEDCONTENT(SCOPE)->SCOPE(ID)
147213 [main] DEBUG org.dbunit.util.search.Edge  - compareTo(o=SCOPE_REQUESTCONTEXT(SCOPE_ID)->SCOPE(ID)) - start
147213 [main] DEBUG org.dbunit.util.SQLHelper  - close(resultSet=org.apache.commons.dbcp.DelegatingResultSet@32341b49) - start
147213 [main] DEBUG org.dbunit.util.search.DepthFirstSearch  - search:SCOPE
147213 [main] DEBUG org.dbunit.util.search.DepthFirstSearch  - already searched; returning true
147213 [main] DEBUG org.dbunit.util.search.DepthFirstSearch  - search:SCOPE
147213 [main] DEBUG org.dbunit.util.search.DepthFirstSearch  - already searched; returning true
147213 [main] DEBUG org.dbunit.util.search.DepthFirstSearch  - Adding node SCOPE to the final result
147214 [main] DEBUG org.dbunit.database.search.TablesDependencyHelper  - getDirectDependentTables(connection=_databaseConfig=org.dbunit.database.DatabaseConfig[, _propertyMap={http://www.dbunit.org/properties/statementFactory=org.dbunit.database.statement.PreparedStatementFactory@626bc2b8, http://www.dbunit.org/features/caseSensitiveTableNames=false, http://www.dbunit.org/properties/fetchSize=100, http://www.dbunit.org/features/batchedStatements=false, http://www.dbunit.org/properties/metadataHandler=org.dbunit.database.DefaultMetadataHandler@3bbfdfde, http://www.dbunit.org/properties/datatypeFactory=org.dbunit.dataset.datatype.DefaultDataTypeFactory[_toleratedDeltaMap=org.dbunit.dataset.datatype.ToleratedDeltaMap@6452310a], http://www.dbunit.org/properties/escapePattern=null, http://www.dbunit.org/properties/batchSize=100, http://www.dbunit.org/features/qualifiedTableNames=false, http://www.dbunit.org/properties/tableType=[Ljava.lang.String;@5011bafa, http://www.dbunit.org/properties/resultSetTableFactory=org.dbunit.database.CachedResultSetTableFactory@10bcf083, http://www.dbunit.org/features/datatypeWarning=true}], _dataSet=AbstractDataSet[_orderedTableNameMap=null], tableName=SCOPE) - start
147214 [main] DEBUG org.dbunit.util.search.DepthFirstSearch  - search(nodesFrom=[SCOPE], callback=org.dbunit.database.search.ImportedKeysSearchCallback@76dcc35d) - start
147214 [main] DEBUG org.dbunit.util.CollectionsHelper  - objectsToSet(objects=SCOPE) - start
147214 [main] DEBUG org.dbunit.util.search.DepthFirstSearch  - search(nodesFrom=[SCOPE], callback=org.dbunit.database.search.ImportedKeysSearchCallback@76dcc35d) - start
147214 [main] DEBUG org.dbunit.util.search.DepthFirstSearch  - reverseSearch:SCOPE
147214 [main] DEBUG org.dbunit.database.search.ImportedKeysSearchCallback  - searchNode(node=SCOPE) - start
147214 [main] DEBUG org.dbunit.util.search.DepthFirstSearch  - Pushing (reverse) SCOPE
147214 [main] DEBUG org.dbunit.database.search.ImportedKeysSearchCallback  - getEdges(node=SCOPE) - start
147214 [main] DEBUG org.dbunit.database.search.AbstractMetaDataBasedSearchCallback  - getNodesFromImportedKeys(node=SCOPE) - start
147214 [main] DEBUG org.dbunit.database.search.AbstractMetaDataBasedSearchCallback  - getNodes(type=0, node=SCOPE) - start
147214 [main] DEBUG org.dbunit.database.DatabaseDataSourceConnection  - getConnection() - start
147214 [main] DEBUG org.dbunit.database.search.AbstractMetaDataBasedSearchCallback  - getNodes(type=0, node=SCOPE, conn=Transaction-aware proxy for target Connection [jdbc:hsqldb:mem:kontrollDS, UserName=sw, HSQL Database Engine Driver], schema=null, metaData=org.apache.commons.dbcp.DelegatingDatabaseMetaData@179e4ba2, edges=[]) - start
147214 [main] DEBUG org.dbunit.database.search.AbstractMetaDataBasedSearchCallback  - Getting edges for node SCOPE
147214 [main] TRACE org.dbunit.database.DatabaseConfig  - getProperty(name=http://www.dbunit.org/properties/metadataHandler) - start
147214 [main] TRACE org.dbunit.database.DefaultMetadataHandler  - tableExists(metaData=org.apache.commons.dbcp.DelegatingDatabaseMetaData@179e4ba2, schemaName=null, tableName=SCOPE) - start
147216 [main] DEBUG org.dbunit.util.SQLHelper  - close(resultSet=org.apache.commons.dbcp.DelegatingResultSet@75af387c) - start
147216 [main] DEBUG org.dbunit.util.SQLHelper  - close(resultSet=org.apache.commons.dbcp.DelegatingResultSet@3e322ef) - start
147216 [main] DEBUG org.dbunit.util.search.DepthFirstSearch  - search:SCOPE
147216 [main] DEBUG org.dbunit.database.search.ImportedKeysSearchCallback  - searchNode(node=SCOPE) - start
147216 [main] DEBUG org.dbunit.util.search.DepthFirstSearch  - Pushing SCOPE
147216 [main] DEBUG org.dbunit.database.search.ImportedKeysSearchCallback  - getEdges(node=SCOPE) - start
147216 [main] DEBUG org.dbunit.database.search.AbstractMetaDataBasedSearchCallback  - getNodesFromImportedKeys(node=SCOPE) - start
147216 [main] DEBUG org.dbunit.database.search.AbstractMetaDataBasedSearchCallback  - getNodes(type=0, node=SCOPE) - start
147216 [main] DEBUG org.dbunit.database.DatabaseDataSourceConnection  - getConnection() - start
147216 [main] DEBUG org.dbunit.database.search.AbstractMetaDataBasedSearchCallback  - getNodes(type=0, node=SCOPE, conn=Transaction-aware proxy for target Connection [jdbc:hsqldb:mem:kontrollDS, UserName=sw, HSQL Database Engine Driver], schema=null, metaData=org.apache.commons.dbcp.DelegatingDatabaseMetaData@350a7ae7, edges=[]) - start
147216 [main] DEBUG org.dbunit.database.search.AbstractMetaDataBasedSearchCallback  - Getting edges for node SCOPE
147216 [main] TRACE org.dbunit.database.DatabaseConfig  - getProperty(name=http://www.dbunit.org/properties/metadataHandler) - start
147216 [main] TRACE org.dbunit.database.DefaultMetadataHandler  - tableExists(metaData=org.apache.commons.dbcp.DelegatingDatabaseMetaData@350a7ae7, schemaName=null, tableName=SCOPE) - start
147218 [main] DEBUG org.dbunit.util.SQLHelper  - close(resultSet=org.apache.commons.dbcp.DelegatingResultSet@2ca1ec6) - start
147218 [main] DEBUG org.dbunit.util.SQLHelper  - close(resultSet=org.apache.commons.dbcp.DelegatingResultSet@521c373) - start
147218 [main] DEBUG org.dbunit.util.search.DepthFirstSearch  - Adding node SCOPE to the final result
147218 [main] DEBUG org.dbunit.database.DatabaseSequenceFilter  - getDependencyInfo(connection=_databaseConfig=org.dbunit.database.DatabaseConfig[, _propertyMap={http://www.dbunit.org/properties/statementFactory=org.dbunit.database.statement.PreparedStatementFactory@626bc2b8, http://www.dbunit.org/features/caseSensitiveTableNames=false, http://www.dbunit.org/properties/fetchSize=100, http://www.dbunit.org/features/batchedStatements=false, http://www.dbunit.org/properties/metadataHandler=org.dbunit.database.DefaultMetadataHandler@3bbfdfde, http://www.dbunit.org/properties/datatypeFactory=org.dbunit.dataset.datatype.DefaultDataTypeFactory[_toleratedDeltaMap=org.dbunit.dataset.datatype.ToleratedDeltaMap@6452310a], http://www.dbunit.org/properties/escapePattern=null, http://www.dbunit.org/properties/batchSize=100, http://www.dbunit.org/features/qualifiedTableNames=false, http://www.dbunit.org/properties/tableType=[Ljava.lang.String;@5011bafa, http://www.dbunit.org/properties/resultSetTableFactory=org.dbunit.database.CachedResultSetTableFactory@10bcf083, http://www.dbunit.org/features/datatypeWarning=true}], _dataSet=AbstractDataSet[_orderedTableNameMap=null], tableName=SCOPEDCONTENT) - start
147218 [main] DEBUG org.dbunit.database.search.TablesDependencyHelper  - getDependentTables(connection=_databaseConfig=org.dbunit.database.DatabaseConfig[, _propertyMap={http://www.dbunit.org/properties/statementFactory=org.dbunit.database.statement.PreparedStatementFactory@626bc2b8, http://www.dbunit.org/features/caseSensitiveTableNames=false, http://www.dbunit.org/properties/fetchSize=100, http://www.dbunit.org/features/batchedStatements=false, http://www.dbunit.org/properties/metadataHandler=org.dbunit.database.DefaultMetadataHandler@3bbfdfde, http://www.dbunit.org/properties/datatypeFactory=org.dbunit.dataset.datatype.DefaultDataTypeFactory[_toleratedDeltaMap=org.dbunit.dataset.datatype.ToleratedDeltaMap@6452310a], http://www.dbunit.org/properties/escapePattern=null, http://www.dbunit.org/properties/batchSize=100, http://www.dbunit.org/features/qualifiedTableNames=false, http://www.dbunit.org/properties/tableType=[Ljava.lang.String;@5011bafa, http://www.dbunit.org/properties/resultSetTableFactory=org.dbunit.database.CachedResultSetTableFactory@10bcf083, http://www.dbunit.org/features/datatypeWarning=true}], _dataSet=AbstractDataSet[_orderedTableNameMap=null], rootTable=SCOPEDCONTENT) - start
147221 [main] DEBUG org.dbunit.database.search.TablesDependencyHelper  - getDependentTables(connection=_databaseConfig=org.dbunit.database.DatabaseConfig[, _propertyMap={http://www.dbunit.org/properties/statementFactory=org.dbunit.database.statement.PreparedStatementFactory@626bc2b8, http://www.dbunit.org/features/caseSensitiveTableNames=false, http://www.dbunit.org/properties/fetchSize=100, http://www.dbunit.org/features/batchedStatements=false, http://www.dbunit.org/properties/metadataHandler=org.dbunit.database.DefaultMetadataHandler@3bbfdfde, http://www.dbunit.org/properties/datatypeFactory=org.dbunit.dataset.datatype.DefaultDataTypeFactory[_toleratedDeltaMap=org.dbunit.dataset.datatype.ToleratedDeltaMap@6452310a], http://www.dbunit.org/properties/escapePattern=null, http://www.dbunit.org/properties/batchSize=100, http://www.dbunit.org/features/qualifiedTableNames=false, http://www.dbunit.org/properties/tableType=[Ljava.lang.String;@5011bafa, http://www.dbunit.org/properties/resultSetTableFactory=org.dbunit.database.CachedResultSetTableFactory@10bcf083, http://www.dbunit.org/features/datatypeWarning=true}], _dataSet=AbstractDataSet[_orderedTableNameMap=null], rootTables=[SCOPEDCONTENT]) - start
147221 [main] DEBUG org.dbunit.util.search.DepthFirstSearch  - search(nodesFrom=[SCOPEDCONTENT], callback=org.dbunit.database.search.ImportedKeysSearchCallback@ddfdc81) - start
147221 [main] DEBUG org.dbunit.util.CollectionsHelper  - objectsToSet(objects=SCOPEDCONTENT) - start
147221 [main] DEBUG org.dbunit.util.search.DepthFirstSearch  - search(nodesFrom=[SCOPEDCONTENT], callback=org.dbunit.database.search.ImportedKeysSearchCallback@ddfdc81) - start
147221 [main] DEBUG org.dbunit.util.search.DepthFirstSearch  - reverseSearch:SCOPEDCONTENT
147221 [main] DEBUG org.dbunit.database.search.ImportedKeysSearchCallback  - searchNode(node=SCOPEDCONTENT) - start
147221 [main] DEBUG org.dbunit.util.search.DepthFirstSearch  - Pushing (reverse) SCOPEDCONTENT
147221 [main] DEBUG org.dbunit.database.search.ImportedKeysSearchCallback  - getEdges(node=SCOPEDCONTENT) - start
147221 [main] DEBUG org.dbunit.database.search.AbstractMetaDataBasedSearchCallback  - getNodesFromImportedKeys(node=SCOPEDCONTENT) - start
147221 [main] DEBUG org.dbunit.database.search.AbstractMetaDataBasedSearchCallback  - getNodes(type=0, node=SCOPEDCONTENT) - start
147221 [main] DEBUG org.dbunit.database.DatabaseDataSourceConnection  - getConnection() - start
147221 [main] DEBUG org.dbunit.database.search.AbstractMetaDataBasedSearchCallback  - getNodes(type=0, node=SCOPEDCONTENT, conn=Transaction-aware proxy for target Connection [jdbc:hsqldb:mem:kontrollDS, UserName=sw, HSQL Database Engine Driver], schema=null, metaData=org.apache.commons.dbcp.DelegatingDatabaseMetaData@6405a044, edges=[]) - start
147221 [main] DEBUG org.dbunit.database.search.AbstractMetaDataBasedSearchCallback  - Getting edges for node SCOPEDCONTENT
147221 [main] TRACE org.dbunit.database.DatabaseConfig  - getProperty(name=http://www.dbunit.org/properties/metadataHandler) - start
147221 [main] TRACE org.dbunit.database.DefaultMetadataHandler  - tableExists(metaData=org.apache.commons.dbcp.DelegatingDatabaseMetaData@6405a044, schemaName=null, tableName=SCOPEDCONTENT) - start
147223 [main] DEBUG org.dbunit.util.SQLHelper  - close(resultSet=org.apache.commons.dbcp.DelegatingResultSet@359b6383) - start
147223 [main] DEBUG org.dbunit.util.QualifiedTableName  - getQualifiedNameIfEnabled(config=org.dbunit.database.DatabaseConfig[, _propertyMap={http://www.dbunit.org/properties/statementFactory=org.dbunit.database.statement.PreparedStatementFactory@626bc2b8, http://www.dbunit.org/features/caseSensitiveTableNames=false, http://www.dbunit.org/properties/fetchSize=100, http://www.dbunit.org/features/batchedStatements=false, http://www.dbunit.org/properties/metadataHandler=org.dbunit.database.DefaultMetadataHandler@3bbfdfde, http://www.dbunit.org/properties/datatypeFactory=org.dbunit.dataset.datatype.DefaultDataTypeFactory[_toleratedDeltaMap=org.dbunit.dataset.datatype.ToleratedDeltaMap@6452310a], http://www.dbunit.org/properties/escapePattern=null, http://www.dbunit.org/properties/batchSize=100, http://www.dbunit.org/features/qualifiedTableNames=false, http://www.dbunit.org/properties/tableType=[Ljava.lang.String;@5011bafa, http://www.dbunit.org/properties/resultSetTableFactory=org.dbunit.database.CachedResultSetTableFactory@10bcf083, http://www.dbunit.org/features/datatypeWarning=true}]) - start
147224 [main] TRACE org.dbunit.database.DatabaseConfig  - getFeature(name=http://www.dbunit.org/features/qualifiedTableNames) - start
147224 [main] TRACE org.dbunit.database.DatabaseConfig  - getProperty(name=http://www.dbunit.org/features/qualifiedTableNames) - start
147224 [main] DEBUG org.dbunit.util.QualifiedTableName  - Qualified table names feature is disabled. Returning plain table name
147224 [main] DEBUG org.dbunit.util.QualifiedTableName  - getQualifiedName(prefix=null, name=SCOPEDCONTENT, escapePattern=null) - start
147224 [main] DEBUG org.dbunit.util.QualifiedTableName  - getQualifiedNameIfEnabled(config=org.dbunit.database.DatabaseConfig[, _propertyMap={http://www.dbunit.org/properties/statementFactory=org.dbunit.database.statement.PreparedStatementFactory@626bc2b8, http://www.dbunit.org/features/caseSensitiveTableNames=false, http://www.dbunit.org/properties/fetchSize=100, http://www.dbunit.org/features/batchedStatements=false, http://www.dbunit.org/properties/metadataHandler=org.dbunit.database.DefaultMetadataHandler@3bbfdfde, http://www.dbunit.org/properties/datatypeFactory=org.dbunit.dataset.datatype.DefaultDataTypeFactory[_toleratedDeltaMap=org.dbunit.dataset.datatype.ToleratedDeltaMap@6452310a], http://www.dbunit.org/properties/escapePattern=null, http://www.dbunit.org/properties/batchSize=100, http://www.dbunit.org/features/qualifiedTableNames=false, http://www.dbunit.org/properties/tableType=[Ljava.lang.String;@5011bafa, http://www.dbunit.org/properties/resultSetTableFactory=org.dbunit.database.CachedResultSetTableFactory@10bcf083, http://www.dbunit.org/features/datatypeWarning=true}]) - start
147224 [main] TRACE org.dbunit.database.DatabaseConfig  - getFeature(name=http://www.dbunit.org/features/qualifiedTableNames) - start
147224 [main] TRACE org.dbunit.database.DatabaseConfig  - getProperty(name=http://www.dbunit.org/features/qualifiedTableNames) - start
147224 [main] DEBUG org.dbunit.util.QualifiedTableName  - Qualified table names feature is disabled. Returning plain table name
147224 [main] DEBUG org.dbunit.util.QualifiedTableName  - getQualifiedName(prefix=null, name=SCOPE, escapePattern=null) - start
147224 [main] DEBUG org.dbunit.database.search.AbstractMetaDataBasedSearchCallback  - newEdge(rs=org.apache.commons.dbcp.DelegatingResultSet@1263813d, type=0, from=SCOPEDCONTENT, to=SCOPE, fkColumn=SCOPE, pkColumn=ID) - start
147224 [main] DEBUG org.dbunit.database.search.AbstractMetaDataBasedSearchCallback  - createFKEdge(rs=org.apache.commons.dbcp.DelegatingResultSet@1263813d, type=0, from=SCOPEDCONTENT, to=SCOPE, fkColumn=SCOPE, pkColumn=ID) - start
147224 [main] DEBUG org.dbunit.database.search.AbstractMetaDataBasedSearchCallback  - Adding edge SCOPEDCONTENT(SCOPE)->SCOPE(ID)
147224 [main] DEBUG org.dbunit.util.search.Edge  - compareTo(o=SCOPEDCONTENT(SCOPE)->SCOPE(ID)) - start
147224 [main] DEBUG org.dbunit.util.SQLHelper  - close(resultSet=org.apache.commons.dbcp.DelegatingResultSet@1263813d) - start
147224 [main] DEBUG org.dbunit.util.search.DepthFirstSearch  - search:SCOPEDCONTENT
147224 [main] DEBUG org.dbunit.database.search.ImportedKeysSearchCallback  - searchNode(node=SCOPEDCONTENT) - start
147224 [main] DEBUG org.dbunit.util.search.DepthFirstSearch  - Pushing SCOPEDCONTENT
147224 [main] DEBUG org.dbunit.database.search.ImportedKeysSearchCallback  - getEdges(node=SCOPEDCONTENT) - start
147224 [main] DEBUG org.dbunit.database.search.AbstractMetaDataBasedSearchCallback  - getNodesFromImportedKeys(node=SCOPEDCONTENT) - start
147225 [main] DEBUG org.dbunit.database.search.AbstractMetaDataBasedSearchCallback  - getNodes(type=0, node=SCOPEDCONTENT) - start
147225 [main] DEBUG org.dbunit.database.DatabaseDataSourceConnection  - getConnection() - start
147225 [main] DEBUG org.dbunit.database.search.AbstractMetaDataBasedSearchCallback  - getNodes(type=0, node=SCOPEDCONTENT, conn=Transaction-aware proxy for target Connection [jdbc:hsqldb:mem:kontrollDS, UserName=sw, HSQL Database Engine Driver], schema=null, metaData=org.apache.commons.dbcp.DelegatingDatabaseMetaData@42b9d539, edges=[]) - start
147225 [main] DEBUG org.dbunit.database.search.AbstractMetaDataBasedSearchCallback  - Getting edges for node SCOPEDCONTENT
147225 [main] TRACE org.dbunit.database.DatabaseConfig  - getProperty(name=http://www.dbunit.org/properties/metadataHandler) - start
147225 [main] TRACE org.dbunit.database.DefaultMetadataHandler  - tableExists(metaData=org.apache.commons.dbcp.DelegatingDatabaseMetaData@42b9d539, schemaName=null, tableName=SCOPEDCONTENT) - start
147227 [main] DEBUG org.dbunit.util.SQLHelper  - close(resultSet=org.apache.commons.dbcp.DelegatingResultSet@41ad8cba) - start
147227 [main] DEBUG org.dbunit.util.QualifiedTableName  - getQualifiedNameIfEnabled(config=org.dbunit.database.DatabaseConfig[, _propertyMap={http://www.dbunit.org/properties/statementFactory=org.dbunit.database.statement.PreparedStatementFactory@626bc2b8, http://www.dbunit.org/features/caseSensitiveTableNames=false, http://www.dbunit.org/properties/fetchSize=100, http://www.dbunit.org/features/batchedStatements=false, http://www.dbunit.org/properties/metadataHandler=org.dbunit.database.DefaultMetadataHandler@3bbfdfde, http://www.dbunit.org/properties/datatypeFactory=org.dbunit.dataset.datatype.DefaultDataTypeFactory[_toleratedDeltaMap=org.dbunit.dataset.datatype.ToleratedDeltaMap@6452310a], http://www.dbunit.org/properties/escapePattern=null, http://www.dbunit.org/properties/batchSize=100, http://www.dbunit.org/features/qualifiedTableNames=false, http://www.dbunit.org/properties/tableType=[Ljava.lang.String;@5011bafa, http://www.dbunit.org/properties/resultSetTableFactory=org.dbunit.database.CachedResultSetTableFactory@10bcf083, http://www.dbunit.org/features/datatypeWarning=true}]) - start
147227 [main] TRACE org.dbunit.database.DatabaseConfig  - getFeature(name=http://www.dbunit.org/features/qualifiedTableNames) - start
147227 [main] TRACE org.dbunit.database.DatabaseConfig  - getProperty(name=http://www.dbunit.org/features/qualifiedTableNames) - start
147227 [main] DEBUG org.dbunit.util.QualifiedTableName  - Qualified table names feature is disabled. Returning plain table name
147227 [main] DEBUG org.dbunit.util.QualifiedTableName  - getQualifiedName(prefix=null, name=SCOPEDCONTENT, escapePattern=null) - start
147227 [main] DEBUG org.dbunit.util.QualifiedTableName  - getQualifiedNameIfEnabled(config=org.dbunit.database.DatabaseConfig[, _propertyMap={http://www.dbunit.org/properties/statementFactory=org.dbunit.database.statement.PreparedStatementFactory@626bc2b8, http://www.dbunit.org/features/caseSensitiveTableNames=false, http://www.dbunit.org/properties/fetchSize=100, http://www.dbunit.org/features/batchedStatements=false, http://www.dbunit.org/properties/metadataHandler=org.dbunit.database.DefaultMetadataHandler@3bbfdfde, http://www.dbunit.org/properties/datatypeFactory=org.dbunit.dataset.datatype.DefaultDataTypeFactory[_toleratedDeltaMap=org.dbunit.dataset.datatype.ToleratedDeltaMap@6452310a], http://www.dbunit.org/properties/escapePattern=null, http://www.dbunit.org/properties/batchSize=100, http://www.dbunit.org/features/qualifiedTableNames=false, http://www.dbunit.org/properties/tableType=[Ljava.lang.String;@5011bafa, http://www.dbunit.org/properties/resultSetTableFactory=org.dbunit.database.CachedResultSetTableFactory@10bcf083, http://www.dbunit.org/features/datatypeWarning=true}]) - start
147227 [main] TRACE org.dbunit.database.DatabaseConfig  - getFeature(name=http://www.dbunit.org/features/qualifiedTableNames) - start
147227 [main] TRACE org.dbunit.database.DatabaseConfig  - getProperty(name=http://www.dbunit.org/features/qualifiedTableNames) - start
147227 [main] DEBUG org.dbunit.util.QualifiedTableName  - Qualified table names feature is disabled. Returning plain table name
147227 [main] DEBUG org.dbunit.util.QualifiedTableName  - getQualifiedName(prefix=null, name=SCOPE, escapePattern=null) - start
147227 [main] DEBUG org.dbunit.database.search.AbstractMetaDataBasedSearchCallback  - newEdge(rs=org.apache.commons.dbcp.DelegatingResultSet@72633d16, type=0, from=SCOPEDCONTENT, to=SCOPE, fkColumn=SCOPE, pkColumn=ID) - start
147228 [main] DEBUG org.dbunit.database.search.AbstractMetaDataBasedSearchCallback  - createFKEdge(rs=org.apache.commons.dbcp.DelegatingResultSet@72633d16, type=0, from=SCOPEDCONTENT, to=SCOPE, fkColumn=SCOPE, pkColumn=ID) - start
147228 [main] DEBUG org.dbunit.database.search.AbstractMetaDataBasedSearchCallback  - Adding edge SCOPEDCONTENT(SCOPE)->SCOPE(ID)
147228 [main] DEBUG org.dbunit.util.search.Edge  - compareTo(o=SCOPEDCONTENT(SCOPE)->SCOPE(ID)) - start
147228 [main] DEBUG org.dbunit.util.SQLHelper  - close(resultSet=org.apache.commons.dbcp.DelegatingResultSet@72633d16) - start
147228 [main] DEBUG org.dbunit.util.search.DepthFirstSearch  - search:SCOPE
147228 [main] DEBUG org.dbunit.database.search.ImportedKeysSearchCallback  - searchNode(node=SCOPE) - start
147228 [main] DEBUG org.dbunit.util.search.DepthFirstSearch  - Pushing SCOPE
147228 [main] DEBUG org.dbunit.database.search.ImportedKeysSearchCallback  - getEdges(node=SCOPE) - start
147228 [main] DEBUG org.dbunit.database.search.AbstractMetaDataBasedSearchCallback  - getNodesFromImportedKeys(node=SCOPE) - start
147228 [main] DEBUG org.dbunit.database.search.AbstractMetaDataBasedSearchCallback  - getNodes(type=0, node=SCOPE) - start
147228 [main] DEBUG org.dbunit.database.DatabaseDataSourceConnection  - getConnection() - start
147228 [main] DEBUG org.dbunit.database.search.AbstractMetaDataBasedSearchCallback  - getNodes(type=0, node=SCOPE, conn=Transaction-aware proxy for target Connection [jdbc:hsqldb:mem:kontrollDS, UserName=sw, HSQL Database Engine Driver], schema=null, metaData=org.apache.commons.dbcp.DelegatingDatabaseMetaData@513faa05, edges=[]) - start
147228 [main] DEBUG org.dbunit.database.search.AbstractMetaDataBasedSearchCallback  - Getting edges for node SCOPE
147228 [main] TRACE org.dbunit.database.DatabaseConfig  - getProperty(name=http://www.dbunit.org/properties/metadataHandler) - start
147228 [main] TRACE org.dbunit.database.DefaultMetadataHandler  - tableExists(metaData=org.apache.commons.dbcp.DelegatingDatabaseMetaData@513faa05, schemaName=null, tableName=SCOPE) - start
147229 [main] DEBUG org.dbunit.util.SQLHelper  - close(resultSet=org.apache.commons.dbcp.DelegatingResultSet@645221cf) - start
147229 [main] DEBUG org.dbunit.util.SQLHelper  - close(resultSet=org.apache.commons.dbcp.DelegatingResultSet@4d36e59b) - start
147229 [main] DEBUG org.dbunit.util.search.DepthFirstSearch  - Adding node SCOPE to the final result
147229 [main] DEBUG org.dbunit.util.search.DepthFirstSearch  - Adding node SCOPEDCONTENT to the final result
147229 [main] DEBUG org.dbunit.util.search.DepthFirstSearch  - reverseSearch:SCOPEDCONTENT
147229 [main] DEBUG org.dbunit.util.search.DepthFirstSearch  - already searched; returning true
147229 [main] DEBUG org.dbunit.util.search.DepthFirstSearch  - reverseSearch:SCOPE
147229 [main] DEBUG org.dbunit.database.search.ImportedKeysSearchCallback  - searchNode(node=SCOPE) - start
147229 [main] DEBUG org.dbunit.util.search.DepthFirstSearch  - Pushing (reverse) SCOPE
147229 [main] DEBUG org.dbunit.database.search.ImportedKeysSearchCallback  - getEdges(node=SCOPE) - start
147230 [main] DEBUG org.dbunit.database.search.AbstractMetaDataBasedSearchCallback  - getNodesFromImportedKeys(node=SCOPE) - start
147230 [main] DEBUG org.dbunit.database.search.AbstractMetaDataBasedSearchCallback  - getNodes(type=0, node=SCOPE) - start
147230 [main] DEBUG org.dbunit.database.DatabaseDataSourceConnection  - getConnection() - start
147230 [main] DEBUG org.dbunit.database.search.AbstractMetaDataBasedSearchCallback  - getNodes(type=0, node=SCOPE, conn=Transaction-aware proxy for target Connection [jdbc:hsqldb:mem:kontrollDS, UserName=sw, HSQL Database Engine Driver], schema=null, metaData=org.apache.commons.dbcp.DelegatingDatabaseMetaData@4f1c4ab7, edges=[]) - start
147230 [main] DEBUG org.dbunit.database.search.AbstractMetaDataBasedSearchCallback  - Getting edges for node SCOPE
147230 [main] TRACE org.dbunit.database.DatabaseConfig  - getProperty(name=http://www.dbunit.org/properties/metadataHandler) - start
147230 [main] TRACE org.dbunit.database.DefaultMetadataHandler  - tableExists(metaData=org.apache.commons.dbcp.DelegatingDatabaseMetaData@4f1c4ab7, schemaName=null, tableName=SCOPE) - start
147231 [main] DEBUG org.dbunit.util.SQLHelper  - close(resultSet=org.apache.commons.dbcp.DelegatingResultSet@51f1bd58) - start
147231 [main] DEBUG org.dbunit.util.SQLHelper  - close(resultSet=org.apache.commons.dbcp.DelegatingResultSet@3bd08d67) - start
147231 [main] DEBUG org.dbunit.util.search.DepthFirstSearch  - search:SCOPEDCONTENT
147231 [main] DEBUG org.dbunit.util.search.DepthFirstSearch  - already searched; returning true
147231 [main] DEBUG org.dbunit.util.search.DepthFirstSearch  - search:SCOPE
147231 [main] DEBUG org.dbunit.util.search.DepthFirstSearch  - already searched; returning true
147231 [main] DEBUG org.dbunit.util.CollectionsHelper  - setToStrings(set=[SCOPE, SCOPEDCONTENT]) - start
147231 [main] DEBUG org.dbunit.database.search.TablesDependencyHelper  - getDependsOnTables(connection=_databaseConfig=org.dbunit.database.DatabaseConfig[, _propertyMap={http://www.dbunit.org/properties/statementFactory=org.dbunit.database.statement.PreparedStatementFactory@626bc2b8, http://www.dbunit.org/features/caseSensitiveTableNames=false, http://www.dbunit.org/properties/fetchSize=100, http://www.dbunit.org/features/batchedStatements=false, http://www.dbunit.org/properties/metadataHandler=org.dbunit.database.DefaultMetadataHandler@3bbfdfde, http://www.dbunit.org/properties/datatypeFactory=org.dbunit.dataset.datatype.DefaultDataTypeFactory[_toleratedDeltaMap=org.dbunit.dataset.datatype.ToleratedDeltaMap@6452310a], http://www.dbunit.org/properties/escapePattern=null, http://www.dbunit.org/properties/batchSize=100, http://www.dbunit.org/features/qualifiedTableNames=false, http://www.dbunit.org/properties/tableType=[Ljava.lang.String;@5011bafa, http://www.dbunit.org/properties/resultSetTableFactory=org.dbunit.database.CachedResultSetTableFactory@10bcf083, http://www.dbunit.org/features/datatypeWarning=true}], _dataSet=AbstractDataSet[_orderedTableNameMap=null], rootTable=SCOPEDCONTENT) - start
147231 [main] DEBUG org.dbunit.util.search.DepthFirstSearch  - search(nodesFrom=[SCOPEDCONTENT], callback=org.dbunit.database.search.ExportedKeysSearchCallback@3b56a1db) - start
147232 [main] DEBUG org.dbunit.util.CollectionsHelper  - objectsToSet(objects=SCOPEDCONTENT) - start
147232 [main] DEBUG org.dbunit.util.search.DepthFirstSearch  - search(nodesFrom=[SCOPEDCONTENT], callback=org.dbunit.database.search.ExportedKeysSearchCallback@3b56a1db) - start
147232 [main] DEBUG org.dbunit.util.search.DepthFirstSearch  - reverseSearch:SCOPEDCONTENT
147232 [main] DEBUG org.dbunit.database.search.ExportedKeysSearchCallback  - searchNode(node=SCOPEDCONTENT) - start
147232 [main] DEBUG org.dbunit.util.search.DepthFirstSearch  - Pushing (reverse) SCOPEDCONTENT
147232 [main] DEBUG org.dbunit.database.search.ExportedKeysSearchCallback  - getEdges(node=SCOPEDCONTENT) - start
147232 [main] DEBUG org.dbunit.database.search.AbstractMetaDataBasedSearchCallback  - getNodesFromExportedKeys(node=SCOPEDCONTENT) - start
147232 [main] DEBUG org.dbunit.database.search.AbstractMetaDataBasedSearchCallback  - getNodes(type=1, node=SCOPEDCONTENT) - start
147232 [main] DEBUG org.dbunit.database.DatabaseDataSourceConnection  - getConnection() - start
147232 [main] DEBUG org.dbunit.database.search.AbstractMetaDataBasedSearchCallback  - getNodes(type=1, node=SCOPEDCONTENT, conn=Transaction-aware proxy for target Connection [jdbc:hsqldb:mem:kontrollDS, UserName=sw, HSQL Database Engine Driver], schema=null, metaData=org.apache.commons.dbcp.DelegatingDatabaseMetaData@349c4f4c, edges=[]) - start
147232 [main] DEBUG org.dbunit.database.search.AbstractMetaDataBasedSearchCallback  - Getting edges for node SCOPEDCONTENT
147232 [main] TRACE org.dbunit.database.DatabaseConfig  - getProperty(name=http://www.dbunit.org/properties/metadataHandler) - start
147232 [main] TRACE org.dbunit.database.DefaultMetadataHandler  - tableExists(metaData=org.apache.commons.dbcp.DelegatingDatabaseMetaData@349c4f4c, schemaName=null, tableName=SCOPEDCONTENT) - start
147233 [main] DEBUG org.dbunit.util.SQLHelper  - close(resultSet=org.apache.commons.dbcp.DelegatingResultSet@1917604) - start
147234 [main] DEBUG org.dbunit.util.QualifiedTableName  - getQualifiedNameIfEnabled(config=org.dbunit.database.DatabaseConfig[, _propertyMap={http://www.dbunit.org/properties/statementFactory=org.dbunit.database.statement.PreparedStatementFactory@626bc2b8, http://www.dbunit.org/features/caseSensitiveTableNames=false, http://www.dbunit.org/properties/fetchSize=100, http://www.dbunit.org/features/batchedStatements=false, http://www.dbunit.org/properties/metadataHandler=org.dbunit.database.DefaultMetadataHandler@3bbfdfde, http://www.dbunit.org/properties/datatypeFactory=org.dbunit.dataset.datatype.DefaultDataTypeFactory[_toleratedDeltaMap=org.dbunit.dataset.datatype.ToleratedDeltaMap@6452310a], http://www.dbunit.org/properties/escapePattern=null, http://www.dbunit.org/properties/batchSize=100, http://www.dbunit.org/features/qualifiedTableNames=false, http://www.dbunit.org/properties/tableType=[Ljava.lang.String;@5011bafa, http://www.dbunit.org/properties/resultSetTableFactory=org.dbunit.database.CachedResultSetTableFactory@10bcf083, http://www.dbunit.org/features/datatypeWarning=true}]) - start
147234 [main] TRACE org.dbunit.database.DatabaseConfig  - getFeature(name=http://www.dbunit.org/features/qualifiedTableNames) - start
147234 [main] TRACE org.dbunit.database.DatabaseConfig  - getProperty(name=http://www.dbunit.org/features/qualifiedTableNames) - start
147234 [main] DEBUG org.dbunit.util.QualifiedTableName  - Qualified table names feature is disabled. Returning plain table name
147234 [main] DEBUG org.dbunit.util.QualifiedTableName  - getQualifiedName(prefix=null, name=SCOPEDCONTENT, escapePattern=null) - start
147234 [main] DEBUG org.dbunit.util.QualifiedTableName  - getQualifiedNameIfEnabled(config=org.dbunit.database.DatabaseConfig[, _propertyMap={http://www.dbunit.org/properties/statementFactory=org.dbunit.database.statement.PreparedStatementFactory@626bc2b8, http://www.dbunit.org/features/caseSensitiveTableNames=false, http://www.dbunit.org/properties/fetchSize=100, http://www.dbunit.org/features/batchedStatements=false, http://www.dbunit.org/properties/metadataHandler=org.dbunit.database.DefaultMetadataHandler@3bbfdfde, http://www.dbunit.org/properties/datatypeFactory=org.dbunit.dataset.datatype.DefaultDataTypeFactory[_toleratedDeltaMap=org.dbunit.dataset.datatype.ToleratedDeltaMap@6452310a], http://www.dbunit.org/properties/escapePattern=null, http://www.dbunit.org/properties/batchSize=100, http://www.dbunit.org/features/qualifiedTableNames=false, http://www.dbunit.org/properties/tableType=[Ljava.lang.String;@5011bafa, http://www.dbunit.org/properties/resultSetTableFactory=org.dbunit.database.CachedResultSetTableFactory@10bcf083, http://www.dbunit.org/features/datatypeWarning=true}]) - start
147234 [main] TRACE org.dbunit.database.DatabaseConfig  - getFeature(name=http://www.dbunit.org/features/qualifiedTableNames) - start
147234 [main] TRACE org.dbunit.database.DatabaseConfig  - getProperty(name=http://www.dbunit.org/features/qualifiedTableNames) - start
147234 [main] DEBUG org.dbunit.util.QualifiedTableName  - Qualified table names feature is disabled. Returning plain table name
147234 [main] DEBUG org.dbunit.util.QualifiedTableName  - getQualifiedName(prefix=null, name=SCOPEDCONTENTCONDITIONS_SCOPEDCONTENT, escapePattern=null) - start
147235 [main] DEBUG org.dbunit.database.search.AbstractMetaDataBasedSearchCallback  - newEdge(rs=org.apache.commons.dbcp.DelegatingResultSet@5639d06e, type=1, from=SCOPEDCONTENT, to=SCOPEDCONTENTCONDITIONS_SCOPEDCONTENT, fkColumn=SCOPED_CONTENT_ID, pkColumn=ID) - start
147235 [main] DEBUG org.dbunit.database.search.AbstractMetaDataBasedSearchCallback  - createFKEdge(rs=org.apache.commons.dbcp.DelegatingResultSet@5639d06e, type=1, from=SCOPEDCONTENT, to=SCOPEDCONTENTCONDITIONS_SCOPEDCONTENT, fkColumn=SCOPED_CONTENT_ID, pkColumn=ID) - start
147235 [main] DEBUG org.dbunit.database.search.AbstractMetaDataBasedSearchCallback  - Adding edge SCOPEDCONTENTCONDITIONS_SCOPEDCONTENT(SCOPED_CONTENT_ID)->SCOPEDCONTENT(ID)
147235 [main] DEBUG org.dbunit.util.search.Edge  - compareTo(o=SCOPEDCONTENTCONDITIONS_SCOPEDCONTENT(SCOPED_CONTENT_ID)->SCOPEDCONTENT(ID)) - start
147235 [main] DEBUG org.dbunit.util.QualifiedTableName  - getQualifiedNameIfEnabled(config=org.dbunit.database.DatabaseConfig[, _propertyMap={http://www.dbunit.org/properties/statementFactory=org.dbunit.database.statement.PreparedStatementFactory@626bc2b8, http://www.dbunit.org/features/caseSensitiveTableNames=false, http://www.dbunit.org/properties/fetchSize=100, http://www.dbunit.org/features/batchedStatements=false, http://www.dbunit.org/properties/metadataHandler=org.dbunit.database.DefaultMetadataHandler@3bbfdfde, http://www.dbunit.org/properties/datatypeFactory=org.dbunit.dataset.datatype.DefaultDataTypeFactory[_toleratedDeltaMap=org.dbunit.dataset.datatype.ToleratedDeltaMap@6452310a], http://www.dbunit.org/properties/escapePattern=null, http://www.dbunit.org/properties/batchSize=100, http://www.dbunit.org/features/qualifiedTableNames=false, http://www.dbunit.org/properties/tableType=[Ljava.lang.String;@5011bafa, http://www.dbunit.org/properties/resultSetTableFactory=org.dbunit.database.CachedResultSetTableFactory@10bcf083, http://www.dbunit.org/features/datatypeWarning=true}]) - start
147235 [main] TRACE org.dbunit.database.DatabaseConfig  - getFeature(name=http://www.dbunit.org/features/qualifiedTableNames) - start
147235 [main] TRACE org.dbunit.database.DatabaseConfig  - getProperty(name=http://www.dbunit.org/features/qualifiedTableNames) - start
147235 [main] DEBUG org.dbunit.util.QualifiedTableName  - Qualified table names feature is disabled. Returning plain table name
147235 [main] DEBUG org.dbunit.util.QualifiedTableName  - getQualifiedName(prefix=null, name=SCOPEDCONTENT, escapePattern=null) - start
147235 [main] DEBUG org.dbunit.util.QualifiedTableName  - getQualifiedNameIfEnabled(config=org.dbunit.database.DatabaseConfig[, _propertyMap={http://www.dbunit.org/properties/statementFactory=org.dbunit.database.statement.PreparedStatementFactory@626bc2b8, http://www.dbunit.org/features/caseSensitiveTableNames=false, http://www.dbunit.org/properties/fetchSize=100, http://www.dbunit.org/features/batchedStatements=false, http://www.dbunit.org/properties/metadataHandler=org.dbunit.database.DefaultMetadataHandler@3bbfdfde, http://www.dbunit.org/properties/datatypeFactory=org.dbunit.dataset.datatype.DefaultDataTypeFactory[_toleratedDeltaMap=org.dbunit.dataset.datatype.ToleratedDeltaMap@6452310a], http://www.dbunit.org/properties/escapePattern=null, http://www.dbunit.org/properties/batchSize=100, http://www.dbunit.org/features/qualifiedTableNames=false, http://www.dbunit.org/properties/tableType=[Ljava.lang.String;@5011bafa, http://www.dbunit.org/properties/resultSetTableFactory=org.dbunit.database.CachedResultSetTableFactory@10bcf083, http://www.dbunit.org/features/datatypeWarning=true}]) - start
147235 [main] TRACE org.dbunit.database.DatabaseConfig  - getFeature(name=http://www.dbunit.org/features/qualifiedTableNames) - start
147235 [main] TRACE org.dbunit.database.DatabaseConfig  - getProperty(name=http://www.dbunit.org/features/qualifiedTableNames) - start
147235 [main] DEBUG org.dbunit.util.QualifiedTableName  - Qualified table names feature is disabled. Returning plain table name
147235 [main] DEBUG org.dbunit.util.QualifiedTableName  - getQualifiedName(prefix=null, name=SCOPEDCONTENT_SCOPEDCONTENTITEM, escapePattern=null) - start
147235 [main] DEBUG org.dbunit.database.search.AbstractMetaDataBasedSearchCallback  - newEdge(rs=org.apache.commons.dbcp.DelegatingResultSet@5639d06e, type=1, from=SCOPEDCONTENT, to=SCOPEDCONTENT_SCOPEDCONTENTITEM, fkColumn=SCOPED_CONTENT_ITEM_ID, pkColumn=ID) - start
147235 [main] DEBUG org.dbunit.database.search.AbstractMetaDataBasedSearchCallback  - createFKEdge(rs=org.apache.commons.dbcp.DelegatingResultSet@5639d06e, type=1, from=SCOPEDCONTENT, to=SCOPEDCONTENT_SCOPEDCONTENTITEM, fkColumn=SCOPED_CONTENT_ITEM_ID, pkColumn=ID) - start
147235 [main] DEBUG org.dbunit.database.search.AbstractMetaDataBasedSearchCallback  - Adding edge SCOPEDCONTENT_SCOPEDCONTENTITEM(SCOPED_CONTENT_ITEM_ID)->SCOPEDCONTENT(ID)
147235 [main] DEBUG org.dbunit.util.search.Edge  - compareTo(o=SCOPEDCONTENTCONDITIONS_SCOPEDCONTENT(SCOPED_CONTENT_ID)->SCOPEDCONTENT(ID)) - start
147235 [main] DEBUG org.dbunit.util.SQLHelper  - close(resultSet=org.apache.commons.dbcp.DelegatingResultSet@5639d06e) - start
147235 [main] DEBUG org.dbunit.util.search.DepthFirstSearch  - reverseSearch:SCOPEDCONTENTCONDITIONS_SCOPEDCONTENT
147235 [main] DEBUG org.dbunit.database.search.ExportedKeysSearchCallback  - searchNode(node=SCOPEDCONTENTCONDITIONS_SCOPEDCONTENT) - start
147235 [main] DEBUG org.dbunit.util.search.DepthFirstSearch  - Pushing (reverse) SCOPEDCONTENTCONDITIONS_SCOPEDCONTENT
147235 [main] DEBUG org.dbunit.database.search.ExportedKeysSearchCallback  - getEdges(node=SCOPEDCONTENTCONDITIONS_SCOPEDCONTENT) - start
147235 [main] DEBUG org.dbunit.database.search.AbstractMetaDataBasedSearchCallback  - getNodesFromExportedKeys(node=SCOPEDCONTENTCONDITIONS_SCOPEDCONTENT) - start
147235 [main] DEBUG org.dbunit.database.search.AbstractMetaDataBasedSearchCallback  - getNodes(type=1, node=SCOPEDCONTENTCONDITIONS_SCOPEDCONTENT) - start
147235 [main] DEBUG org.dbunit.database.DatabaseDataSourceConnection  - getConnection() - start
147236 [main] DEBUG org.dbunit.database.search.AbstractMetaDataBasedSearchCallback  - getNodes(type=1, node=SCOPEDCONTENTCONDITIONS_SCOPEDCONTENT, conn=Transaction-aware proxy for target Connection [jdbc:hsqldb:mem:kontrollDS, UserName=sw, HSQL Database Engine Driver], schema=null, metaData=org.apache.commons.dbcp.DelegatingDatabaseMetaData@6da311fb, edges=[]) - start
147236 [main] DEBUG org.dbunit.database.search.AbstractMetaDataBasedSearchCallback  - Getting edges for node SCOPEDCONTENTCONDITIONS_SCOPEDCONTENT
147236 [main] TRACE org.dbunit.database.DatabaseConfig  - getProperty(name=http://www.dbunit.org/properties/metadataHandler) - start
147236 [main] TRACE org.dbunit.database.DefaultMetadataHandler  - tableExists(metaData=org.apache.commons.dbcp.DelegatingDatabaseMetaData@6da311fb, schemaName=null, tableName=SCOPEDCONTENTCONDITIONS_SCOPEDCONTENT) - start
147237 [main] DEBUG org.dbunit.util.SQLHelper  - close(resultSet=org.apache.commons.dbcp.DelegatingResultSet@6ed4aca8) - start
147237 [main] DEBUG org.dbunit.util.SQLHelper  - close(resultSet=org.apache.commons.dbcp.DelegatingResultSet@6858ae56) - start
147237 [main] DEBUG org.dbunit.util.search.DepthFirstSearch  - reverseSearch:SCOPEDCONTENT_SCOPEDCONTENTITEM
147237 [main] DEBUG org.dbunit.database.search.ExportedKeysSearchCallback  - searchNode(node=SCOPEDCONTENT_SCOPEDCONTENTITEM) - start
147237 [main] DEBUG org.dbunit.util.search.DepthFirstSearch  - Pushing (reverse) SCOPEDCONTENT_SCOPEDCONTENTITEM
147237 [main] DEBUG org.dbunit.database.search.ExportedKeysSearchCallback  - getEdges(node=SCOPEDCONTENT_SCOPEDCONTENTITEM) - start
147237 [main] DEBUG org.dbunit.database.search.AbstractMetaDataBasedSearchCallback  - getNodesFromExportedKeys(node=SCOPEDCONTENT_SCOPEDCONTENTITEM) - start
147237 [main] DEBUG org.dbunit.database.search.AbstractMetaDataBasedSearchCallback  - getNodes(type=1, node=SCOPEDCONTENT_SCOPEDCONTENTITEM) - start
147237 [main] DEBUG org.dbunit.database.DatabaseDataSourceConnection  - getConnection() - start
147237 [main] DEBUG org.dbunit.database.search.AbstractMetaDataBasedSearchCallback  - getNodes(type=1, node=SCOPEDCONTENT_SCOPEDCONTENTITEM, conn=Transaction-aware proxy for target Connection [jdbc:hsqldb:mem:kontrollDS, UserName=sw, HSQL Database Engine Driver], schema=null, metaData=org.apache.commons.dbcp.DelegatingDatabaseMetaData@161dc59f, edges=[]) - start
147238 [main] DEBUG org.dbunit.database.search.AbstractMetaDataBasedSearchCallback  - Getting edges for node SCOPEDCONTENT_SCOPEDCONTENTITEM
147238 [main] TRACE org.dbunit.database.DatabaseConfig  - getProperty(name=http://www.dbunit.org/properties/metadataHandler) - start
147238 [main] TRACE org.dbunit.database.DefaultMetadataHandler  - tableExists(metaData=org.apache.commons.dbcp.DelegatingDatabaseMetaData@161dc59f, schemaName=null, tableName=SCOPEDCONTENT_SCOPEDCONTENTITEM) - start
147239 [main] DEBUG org.dbunit.util.SQLHelper  - close(resultSet=org.apache.commons.dbcp.DelegatingResultSet@369fcd58) - start
147239 [main] DEBUG org.dbunit.util.SQLHelper  - close(resultSet=org.apache.commons.dbcp.DelegatingResultSet@4fb5a5d5) - start
147239 [main] DEBUG org.dbunit.util.search.DepthFirstSearch  - search:SCOPEDCONTENTCONDITIONS_SCOPEDCONTENT
147239 [main] DEBUG org.dbunit.database.search.ExportedKeysSearchCallback  - searchNode(node=SCOPEDCONTENTCONDITIONS_SCOPEDCONTENT) - start
147239 [main] DEBUG org.dbunit.util.search.DepthFirstSearch  - Pushing SCOPEDCONTENTCONDITIONS_SCOPEDCONTENT
147239 [main] DEBUG org.dbunit.database.search.ExportedKeysSearchCallback  - getEdges(node=SCOPEDCONTENTCONDITIONS_SCOPEDCONTENT) - start
147239 [main] DEBUG org.dbunit.database.search.AbstractMetaDataBasedSearchCallback  - getNodesFromExportedKeys(node=SCOPEDCONTENTCONDITIONS_SCOPEDCONTENT) - start
147239 [main] DEBUG org.dbunit.database.search.AbstractMetaDataBasedSearchCallback  - getNodes(type=1, node=SCOPEDCONTENTCONDITIONS_SCOPEDCONTENT) - start
147239 [main] DEBUG org.dbunit.database.DatabaseDataSourceConnection  - getConnection() - start
147239 [main] DEBUG org.dbunit.database.search.AbstractMetaDataBasedSearchCallback  - getNodes(type=1, node=SCOPEDCONTENTCONDITIONS_SCOPEDCONTENT, conn=Transaction-aware proxy for target Connection [jdbc:hsqldb:mem:kontrollDS, UserName=sw, HSQL Database Engine Driver], schema=null, metaData=org.apache.commons.dbcp.DelegatingDatabaseMetaData@1e9a6bd5, edges=[]) - start
147239 [main] DEBUG org.dbunit.database.search.AbstractMetaDataBasedSearchCallback  - Getting edges for node SCOPEDCONTENTCONDITIONS_SCOPEDCONTENT
147239 [main] TRACE org.dbunit.database.DatabaseConfig  - getProperty(name=http://www.dbunit.org/properties/metadataHandler) - start
147239 [main] TRACE org.dbunit.database.DefaultMetadataHandler  - tableExists(metaData=org.apache.commons.dbcp.DelegatingDatabaseMetaData@1e9a6bd5, schemaName=null, tableName=SCOPEDCONTENTCONDITIONS_SCOPEDCONTENT) - start
147240 [main] DEBUG org.dbunit.util.SQLHelper  - close(resultSet=org.apache.commons.dbcp.DelegatingResultSet@43e24b43) - start
147240 [main] DEBUG org.dbunit.util.SQLHelper  - close(resultSet=org.apache.commons.dbcp.DelegatingResultSet@5005ef13) - start
147240 [main] DEBUG org.dbunit.util.search.DepthFirstSearch  - Adding node SCOPEDCONTENTCONDITIONS_SCOPEDCONTENT to the final result
147240 [main] DEBUG org.dbunit.util.search.DepthFirstSearch  - search:SCOPEDCONTENT_SCOPEDCONTENTITEM
147240 [main] DEBUG org.dbunit.database.search.ExportedKeysSearchCallback  - searchNode(node=SCOPEDCONTENT_SCOPEDCONTENTITEM) - start
147240 [main] DEBUG org.dbunit.util.search.DepthFirstSearch  - Pushing SCOPEDCONTENT_SCOPEDCONTENTITEM
147241 [main] DEBUG org.dbunit.database.search.ExportedKeysSearchCallback  - getEdges(node=SCOPEDCONTENT_SCOPEDCONTENTITEM) - start
147241 [main] DEBUG org.dbunit.database.search.AbstractMetaDataBasedSearchCallback  - getNodesFromExportedKeys(node=SCOPEDCONTENT_SCOPEDCONTENTITEM) - start
147241 [main] DEBUG org.dbunit.database.search.AbstractMetaDataBasedSearchCallback  - getNodes(type=1, node=SCOPEDCONTENT_SCOPEDCONTENTITEM) - start
147241 [main] DEBUG org.dbunit.database.DatabaseDataSourceConnection  - getConnection() - start
147241 [main] DEBUG org.dbunit.database.search.AbstractMetaDataBasedSearchCallback  - getNodes(type=1, node=SCOPEDCONTENT_SCOPEDCONTENTITEM, conn=Transaction-aware proxy for target Connection [jdbc:hsqldb:mem:kontrollDS, UserName=sw, HSQL Database Engine Driver], schema=null, metaData=org.apache.commons.dbcp.DelegatingDatabaseMetaData@3592f170, edges=[]) - start
147241 [main] DEBUG org.dbunit.database.search.AbstractMetaDataBasedSearchCallback  - Getting edges for node SCOPEDCONTENT_SCOPEDCONTENTITEM
147241 [main] TRACE org.dbunit.database.DatabaseConfig  - getProperty(name=http://www.dbunit.org/properties/metadataHandler) - start
147241 [main] TRACE org.dbunit.database.DefaultMetadataHandler  - tableExists(metaData=org.apache.commons.dbcp.DelegatingDatabaseMetaData@3592f170, schemaName=null, tableName=SCOPEDCONTENT_SCOPEDCONTENTITEM) - start
147242 [main] DEBUG org.dbunit.util.SQLHelper  - close(resultSet=org.apache.commons.dbcp.DelegatingResultSet@14b4b2f5) - start
147242 [main] DEBUG org.dbunit.util.SQLHelper  - close(resultSet=org.apache.commons.dbcp.DelegatingResultSet@5a2f38a7) - start
147242 [main] DEBUG org.dbunit.util.search.DepthFirstSearch  - Adding node SCOPEDCONTENT_SCOPEDCONTENTITEM to the final result
147242 [main] DEBUG org.dbunit.util.search.DepthFirstSearch  - search:SCOPEDCONTENT
147242 [main] DEBUG org.dbunit.database.search.ExportedKeysSearchCallback  - searchNode(node=SCOPEDCONTENT) - start
147242 [main] DEBUG org.dbunit.util.search.DepthFirstSearch  - Pushing SCOPEDCONTENT
147242 [main] DEBUG org.dbunit.database.search.ExportedKeysSearchCallback  - getEdges(node=SCOPEDCONTENT) - start
147242 [main] DEBUG org.dbunit.database.search.AbstractMetaDataBasedSearchCallback  - getNodesFromExportedKeys(node=SCOPEDCONTENT) - start
147242 [main] DEBUG org.dbunit.database.search.AbstractMetaDataBasedSearchCallback  - getNodes(type=1, node=SCOPEDCONTENT) - start
147242 [main] DEBUG org.dbunit.database.DatabaseDataSourceConnection  - getConnection() - start
147242 [main] DEBUG org.dbunit.database.search.AbstractMetaDataBasedSearchCallback  - getNodes(type=1, node=SCOPEDCONTENT, conn=Transaction-aware proxy for target Connection [jdbc:hsqldb:mem:kontrollDS, UserName=sw, HSQL Database Engine Driver], schema=null, metaData=org.apache.commons.dbcp.DelegatingDatabaseMetaData@52308a32, edges=[]) - start
147242 [main] DEBUG org.dbunit.database.search.AbstractMetaDataBasedSearchCallback  - Getting edges for node SCOPEDCONTENT
147242 [main] TRACE org.dbunit.database.DatabaseConfig  - getProperty(name=http://www.dbunit.org/properties/metadataHandler) - start
147242 [main] TRACE org.dbunit.database.DefaultMetadataHandler  - tableExists(metaData=org.apache.commons.dbcp.DelegatingDatabaseMetaData@52308a32, schemaName=null, tableName=SCOPEDCONTENT) - start
147243 [main] DEBUG org.dbunit.util.SQLHelper  - close(resultSet=org.apache.commons.dbcp.DelegatingResultSet@f9d0d58) - start
147244 [main] DEBUG org.dbunit.util.QualifiedTableName  - getQualifiedNameIfEnabled(config=org.dbunit.database.DatabaseConfig[, _propertyMap={http://www.dbunit.org/properties/statementFactory=org.dbunit.database.statement.PreparedStatementFactory@626bc2b8, http://www.dbunit.org/features/caseSensitiveTableNames=false, http://www.dbunit.org/properties/fetchSize=100, http://www.dbunit.org/features/batchedStatements=false, http://www.dbunit.org/properties/metadataHandler=org.dbunit.database.DefaultMetadataHandler@3bbfdfde, http://www.dbunit.org/properties/datatypeFactory=org.dbunit.dataset.datatype.DefaultDataTypeFactory[_toleratedDeltaMap=org.dbunit.dataset.datatype.ToleratedDeltaMap@6452310a], http://www.dbunit.org/properties/escapePattern=null, http://www.dbunit.org/properties/batchSize=100, http://www.dbunit.org/features/qualifiedTableNames=false, http://www.dbunit.org/properties/tableType=[Ljava.lang.String;@5011bafa, http://www.dbunit.org/properties/resultSetTableFactory=org.dbunit.database.CachedResultSetTableFactory@10bcf083, http://www.dbunit.org/features/datatypeWarning=true}]) - start
147244 [main] TRACE org.dbunit.database.DatabaseConfig  - getFeature(name=http://www.dbunit.org/features/qualifiedTableNames) - start
147244 [main] TRACE org.dbunit.database.DatabaseConfig  - getProperty(name=http://www.dbunit.org/features/qualifiedTableNames) - start
147244 [main] DEBUG org.dbunit.util.QualifiedTableName  - Qualified table names feature is disabled. Returning plain table name
147244 [main] DEBUG org.dbunit.util.QualifiedTableName  - getQualifiedName(prefix=null, name=SCOPEDCONTENT, escapePattern=null) - start
147244 [main] DEBUG org.dbunit.util.QualifiedTableName  - getQualifiedNameIfEnabled(config=org.dbunit.database.DatabaseConfig[, _propertyMap={http://www.dbunit.org/properties/statementFactory=org.dbunit.database.statement.PreparedStatementFactory@626bc2b8, http://www.dbunit.org/features/caseSensitiveTableNames=false, http://www.dbunit.org/properties/fetchSize=100, http://www.dbunit.org/features/batchedStatements=false, http://www.dbunit.org/properties/metadataHandler=org.dbunit.database.DefaultMetadataHandler@3bbfdfde, http://www.dbunit.org/properties/datatypeFactory=org.dbunit.dataset.datatype.DefaultDataTypeFactory[_toleratedDeltaMap=org.dbunit.dataset.datatype.ToleratedDeltaMap@6452310a], http://www.dbunit.org/properties/escapePattern=null, http://www.dbunit.org/properties/batchSize=100, http://www.dbunit.org/features/qualifiedTableNames=false, http://www.dbunit.org/properties/tableType=[Ljava.lang.String;@5011bafa, http://www.dbunit.org/properties/resultSetTableFactory=org.dbunit.database.CachedResultSetTableFactory@10bcf083, http://www.dbunit.org/features/datatypeWarning=true}]) - start
147244 [main] TRACE org.dbunit.database.DatabaseConfig  - getFeature(name=http://www.dbunit.org/features/qualifiedTableNames) - start
147244 [main] TRACE org.dbunit.database.DatabaseConfig  - getProperty(name=http://www.dbunit.org/features/qualifiedTableNames) - start
147244 [main] DEBUG org.dbunit.util.QualifiedTableName  - Qualified table names feature is disabled. Returning plain table name
147244 [main] DEBUG org.dbunit.util.QualifiedTableName  - getQualifiedName(prefix=null, name=SCOPEDCONTENTCONDITIONS_SCOPEDCONTENT, escapePattern=null) - start
147244 [main] DEBUG org.dbunit.database.search.AbstractMetaDataBasedSearchCallback  - newEdge(rs=org.apache.commons.dbcp.DelegatingResultSet@717d4345, type=1, from=SCOPEDCONTENT, to=SCOPEDCONTENTCONDITIONS_SCOPEDCONTENT, fkColumn=SCOPED_CONTENT_ID, pkColumn=ID) - start
147244 [main] DEBUG org.dbunit.database.search.AbstractMetaDataBasedSearchCallback  - createFKEdge(rs=org.apache.commons.dbcp.DelegatingResultSet@717d4345, type=1, from=SCOPEDCONTENT, to=SCOPEDCONTENTCONDITIONS_SCOPEDCONTENT, fkColumn=SCOPED_CONTENT_ID, pkColumn=ID) - start
147244 [main] DEBUG org.dbunit.database.search.AbstractMetaDataBasedSearchCallback  - Adding edge SCOPEDCONTENTCONDITIONS_SCOPEDCONTENT(SCOPED_CONTENT_ID)->SCOPEDCONTENT(ID)
147244 [main] DEBUG org.dbunit.util.search.Edge  - compareTo(o=SCOPEDCONTENTCONDITIONS_SCOPEDCONTENT(SCOPED_CONTENT_ID)->SCOPEDCONTENT(ID)) - start
147244 [main] DEBUG org.dbunit.util.QualifiedTableName  - getQualifiedNameIfEnabled(config=org.dbunit.database.DatabaseConfig[, _propertyMap={http://www.dbunit.org/properties/statementFactory=org.dbunit.database.statement.PreparedStatementFactory@626bc2b8, http://www.dbunit.org/features/caseSensitiveTableNames=false, http://www.dbunit.org/properties/fetchSize=100, http://www.dbunit.org/features/batchedStatements=false, http://www.dbunit.org/properties/metadataHandler=org.dbunit.database.DefaultMetadataHandler@3bbfdfde, http://www.dbunit.org/properties/datatypeFactory=org.dbunit.dataset.datatype.DefaultDataTypeFactory[_toleratedDeltaMap=org.dbunit.dataset.datatype.ToleratedDeltaMap@6452310a], http://www.dbunit.org/properties/escapePattern=null, http://www.dbunit.org/properties/batchSize=100, http://www.dbunit.org/features/qualifiedTableNames=false, http://www.dbunit.org/properties/tableType=[Ljava.lang.String;@5011bafa, http://www.dbunit.org/properties/resultSetTableFactory=org.dbunit.database.CachedResultSetTableFactory@10bcf083, http://www.dbunit.org/features/datatypeWarning=true}]) - start
147244 [main] TRACE org.dbunit.database.DatabaseConfig  - getFeature(name=http://www.dbunit.org/features/qualifiedTableNames) - start
147244 [main] TRACE org.dbunit.database.DatabaseConfig  - getProperty(name=http://www.dbunit.org/features/qualifiedTableNames) - start
147245 [main] DEBUG org.dbunit.util.QualifiedTableName  - Qualified table names feature is disabled. Returning plain table name
147245 [main] DEBUG org.dbunit.util.QualifiedTableName  - getQualifiedName(prefix=null, name=SCOPEDCONTENT, escapePattern=null) - start
147245 [main] DEBUG org.dbunit.util.QualifiedTableName  - getQualifiedNameIfEnabled(config=org.dbunit.database.DatabaseConfig[, _propertyMap={http://www.dbunit.org/properties/statementFactory=org.dbunit.database.statement.PreparedStatementFactory@626bc2b8, http://www.dbunit.org/features/caseSensitiveTableNames=false, http://www.dbunit.org/properties/fetchSize=100, http://www.dbunit.org/features/batchedStatements=false, http://www.dbunit.org/properties/metadataHandler=org.dbunit.database.DefaultMetadataHandler@3bbfdfde, http://www.dbunit.org/properties/datatypeFactory=org.dbunit.dataset.datatype.DefaultDataTypeFactory[_toleratedDeltaMap=org.dbunit.dataset.datatype.ToleratedDeltaMap@6452310a], http://www.dbunit.org/properties/escapePattern=null, http://www.dbunit.org/properties/batchSize=100, http://www.dbunit.org/features/qualifiedTableNames=false, http://www.dbunit.org/properties/tableType=[Ljava.lang.String;@5011bafa, http://www.dbunit.org/properties/resultSetTableFactory=org.dbunit.database.CachedResultSetTableFactory@10bcf083, http://www.dbunit.org/features/datatypeWarning=true}]) - start
147245 [main] TRACE org.dbunit.database.DatabaseConfig  - getFeature(name=http://www.dbunit.org/features/qualifiedTableNames) - start
147245 [main] TRACE org.dbunit.database.DatabaseConfig  - getProperty(name=http://www.dbunit.org/features/qualifiedTableNames) - start
147245 [main] DEBUG org.dbunit.util.QualifiedTableName  - Qualified table names feature is disabled. Returning plain table name
147245 [main] DEBUG org.dbunit.util.QualifiedTableName  - getQualifiedName(prefix=null, name=SCOPEDCONTENT_SCOPEDCONTENTITEM, escapePattern=null) - start
147245 [main] DEBUG org.dbunit.database.search.AbstractMetaDataBasedSearchCallback  - newEdge(rs=org.apache.commons.dbcp.DelegatingResultSet@717d4345, type=1, from=SCOPEDCONTENT, to=SCOPEDCONTENT_SCOPEDCONTENTITEM, fkColumn=SCOPED_CONTENT_ITEM_ID, pkColumn=ID) - start
147245 [main] DEBUG org.dbunit.database.search.AbstractMetaDataBasedSearchCallback  - createFKEdge(rs=org.apache.commons.dbcp.DelegatingResultSet@717d4345, type=1, from=SCOPEDCONTENT, to=SCOPEDCONTENT_SCOPEDCONTENTITEM, fkColumn=SCOPED_CONTENT_ITEM_ID, pkColumn=ID) - start
147245 [main] DEBUG org.dbunit.database.search.AbstractMetaDataBasedSearchCallback  - Adding edge SCOPEDCONTENT_SCOPEDCONTENTITEM(SCOPED_CONTENT_ITEM_ID)->SCOPEDCONTENT(ID)
147245 [main] DEBUG org.dbunit.util.search.Edge  - compareTo(o=SCOPEDCONTENTCONDITIONS_SCOPEDCONTENT(SCOPED_CONTENT_ID)->SCOPEDCONTENT(ID)) - start
147245 [main] DEBUG org.dbunit.util.SQLHelper  - close(resultSet=org.apache.commons.dbcp.DelegatingResultSet@717d4345) - start
147245 [main] DEBUG org.dbunit.util.search.DepthFirstSearch  - search:SCOPEDCONTENT
147245 [main] DEBUG org.dbunit.util.search.DepthFirstSearch  - already searched; returning true
147245 [main] DEBUG org.dbunit.util.search.DepthFirstSearch  - search:SCOPEDCONTENT
147245 [main] DEBUG org.dbunit.util.search.DepthFirstSearch  - already searched; returning true
147245 [main] DEBUG org.dbunit.util.search.DepthFirstSearch  - Adding node SCOPEDCONTENT to the final result
147245 [main] DEBUG org.dbunit.util.CollectionsHelper  - setToStrings(set=[SCOPEDCONTENTCONDITIONS_SCOPEDCONTENT, SCOPEDCONTENT_SCOPEDCONTENTITEM, SCOPEDCONTENT]) - start
147245 [main] DEBUG org.dbunit.database.search.TablesDependencyHelper  - getDirectDependsOnTables(connection=_databaseConfig=org.dbunit.database.DatabaseConfig[, _propertyMap={http://www.dbunit.org/properties/statementFactory=org.dbunit.database.statement.PreparedStatementFactory@626bc2b8, http://www.dbunit.org/features/caseSensitiveTableNames=false, http://www.dbunit.org/properties/fetchSize=100, http://www.dbunit.org/features/batchedStatements=false, http://www.dbunit.org/properties/metadataHandler=org.dbunit.database.DefaultMetadataHandler@3bbfdfde, http://www.dbunit.org/properties/datatypeFactory=org.dbunit.dataset.datatype.DefaultDataTypeFactory[_toleratedDeltaMap=org.dbunit.dataset.datatype.ToleratedDeltaMap@6452310a], http://www.dbunit.org/properties/escapePattern=null, http://www.dbunit.org/properties/batchSize=100, http://www.dbunit.org/features/qualifiedTableNames=false, http://www.dbunit.org/properties/tableType=[Ljava.lang.String;@5011bafa, http://www.dbunit.org/properties/resultSetTableFactory=org.dbunit.database.CachedResultSetTableFactory@10bcf083, http://www.dbunit.org/features/datatypeWarning=true}], _dataSet=AbstractDataSet[_orderedTableNameMap=null], tableName=SCOPEDCONTENT) - start
147245 [main] DEBUG org.dbunit.util.search.DepthFirstSearch  - search(nodesFrom=[SCOPEDCONTENT], callback=org.dbunit.database.search.ExportedKeysSearchCallback@52c5900c) - start
147245 [main] DEBUG org.dbunit.util.CollectionsHelper  - objectsToSet(objects=SCOPEDCONTENT) - start
147245 [main] DEBUG org.dbunit.util.search.DepthFirstSearch  - search(nodesFrom=[SCOPEDCONTENT], callback=org.dbunit.database.search.ExportedKeysSearchCallback@52c5900c) - start
147245 [main] DEBUG org.dbunit.util.search.DepthFirstSearch  - reverseSearch:SCOPEDCONTENT
147245 [main] DEBUG org.dbunit.database.search.ExportedKeysSearchCallback  - searchNode(node=SCOPEDCONTENT) - start
147246 [main] DEBUG org.dbunit.util.search.DepthFirstSearch  - Pushing (reverse) SCOPEDCONTENT
147246 [main] DEBUG org.dbunit.database.search.ExportedKeysSearchCallback  - getEdges(node=SCOPEDCONTENT) - start
147246 [main] DEBUG org.dbunit.database.search.AbstractMetaDataBasedSearchCallback  - getNodesFromExportedKeys(node=SCOPEDCONTENT) - start
147246 [main] DEBUG org.dbunit.database.search.AbstractMetaDataBasedSearchCallback  - getNodes(type=1, node=SCOPEDCONTENT) - start
147246 [main] DEBUG org.dbunit.database.DatabaseDataSourceConnection  - getConnection() - start
147246 [main] DEBUG org.dbunit.database.search.AbstractMetaDataBasedSearchCallback  - getNodes(type=1, node=SCOPEDCONTENT, conn=Transaction-aware proxy for target Connection [jdbc:hsqldb:mem:kontrollDS, UserName=sw, HSQL Database Engine Driver], schema=null, metaData=org.apache.commons.dbcp.DelegatingDatabaseMetaData@28742e48, edges=[]) - start
147246 [main] DEBUG org.dbunit.database.search.AbstractMetaDataBasedSearchCallback  - Getting edges for node SCOPEDCONTENT
147246 [main] TRACE org.dbunit.database.DatabaseConfig  - getProperty(name=http://www.dbunit.org/properties/metadataHandler) - start
147246 [main] TRACE org.dbunit.database.DefaultMetadataHandler  - tableExists(metaData=org.apache.commons.dbcp.DelegatingDatabaseMetaData@28742e48, schemaName=null, tableName=SCOPEDCONTENT) - start
147247 [main] DEBUG org.dbunit.util.SQLHelper  - close(resultSet=org.apache.commons.dbcp.DelegatingResultSet@1d5e1c6f) - start
147247 [main] DEBUG org.dbunit.util.QualifiedTableName  - getQualifiedNameIfEnabled(config=org.dbunit.database.DatabaseConfig[, _propertyMap={http://www.dbunit.org/properties/statementFactory=org.dbunit.database.statement.PreparedStatementFactory@626bc2b8, http://www.dbunit.org/features/caseSensitiveTableNames=false, http://www.dbunit.org/properties/fetchSize=100, http://www.dbunit.org/features/batchedStatements=false, http://www.dbunit.org/properties/metadataHandler=org.dbunit.database.DefaultMetadataHandler@3bbfdfde, http://www.dbunit.org/properties/datatypeFactory=org.dbunit.dataset.datatype.DefaultDataTypeFactory[_toleratedDeltaMap=org.dbunit.dataset.datatype.ToleratedDeltaMap@6452310a], http://www.dbunit.org/properties/escapePattern=null, http://www.dbunit.org/properties/batchSize=100, http://www.dbunit.org/features/qualifiedTableNames=false, http://www.dbunit.org/properties/tableType=[Ljava.lang.String;@5011bafa, http://www.dbunit.org/properties/resultSetTableFactory=org.dbunit.database.CachedResultSetTableFactory@10bcf083, http://www.dbunit.org/features/datatypeWarning=true}]) - start
147247 [main] TRACE org.dbunit.database.DatabaseConfig  - getFeature(name=http://www.dbunit.org/features/qualifiedTableNames) - start
147247 [main] TRACE org.dbunit.database.DatabaseConfig  - getProperty(name=http://www.dbunit.org/features/qualifiedTableNames) - start
147247 [main] DEBUG org.dbunit.util.QualifiedTableName  - Qualified table names feature is disabled. Returning plain table name
147247 [main] DEBUG org.dbunit.util.QualifiedTableName  - getQualifiedName(prefix=null, name=SCOPEDCONTENT, escapePattern=null) - start
147247 [main] DEBUG org.dbunit.util.QualifiedTableName  - getQualifiedNameIfEnabled(config=org.dbunit.database.DatabaseConfig[, _propertyMap={http://www.dbunit.org/properties/statementFactory=org.dbunit.database.statement.PreparedStatementFactory@626bc2b8, http://www.dbunit.org/features/caseSensitiveTableNames=false, http://www.dbunit.org/properties/fetchSize=100, http://www.dbunit.org/features/batchedStatements=false, http://www.dbunit.org/properties/metadataHandler=org.dbunit.database.DefaultMetadataHandler@3bbfdfde, http://www.dbunit.org/properties/datatypeFactory=org.dbunit.dataset.datatype.DefaultDataTypeFactory[_toleratedDeltaMap=org.dbunit.dataset.datatype.ToleratedDeltaMap@6452310a], http://www.dbunit.org/properties/escapePattern=null, http://www.dbunit.org/properties/batchSize=100, http://www.dbunit.org/features/qualifiedTableNames=false, http://www.dbunit.org/properties/tableType=[Ljava.lang.String;@5011bafa, http://www.dbunit.org/properties/resultSetTableFactory=org.dbunit.database.CachedResultSetTableFactory@10bcf083, http://www.dbunit.org/features/datatypeWarning=true}]) - start
147247 [main] TRACE org.dbunit.database.DatabaseConfig  - getFeature(name=http://www.dbunit.org/features/qualifiedTableNames) - start
147247 [main] TRACE org.dbunit.database.DatabaseConfig  - getProperty(name=http://www.dbunit.org/features/qualifiedTableNames) - start
147248 [main] DEBUG org.dbunit.util.QualifiedTableName  - Qualified table names feature is disabled. Returning plain table name
147248 [main] DEBUG org.dbunit.util.QualifiedTableName  - getQualifiedName(prefix=null, name=SCOPEDCONTENTCONDITIONS_SCOPEDCONTENT, escapePattern=null) - start
147248 [main] DEBUG org.dbunit.database.search.AbstractMetaDataBasedSearchCallback  - newEdge(rs=org.apache.commons.dbcp.DelegatingResultSet@30b0d4ea, type=1, from=SCOPEDCONTENT, to=SCOPEDCONTENTCONDITIONS_SCOPEDCONTENT, fkColumn=SCOPED_CONTENT_ID, pkColumn=ID) - start
147248 [main] DEBUG org.dbunit.database.search.AbstractMetaDataBasedSearchCallback  - createFKEdge(rs=org.apache.commons.dbcp.DelegatingResultSet@30b0d4ea, type=1, from=SCOPEDCONTENT, to=SCOPEDCONTENTCONDITIONS_SCOPEDCONTENT, fkColumn=SCOPED_CONTENT_ID, pkColumn=ID) - start
147248 [main] DEBUG org.dbunit.database.search.AbstractMetaDataBasedSearchCallback  - Adding edge SCOPEDCONTENTCONDITIONS_SCOPEDCONTENT(SCOPED_CONTENT_ID)->SCOPEDCONTENT(ID)
147248 [main] DEBUG org.dbunit.util.search.Edge  - compareTo(o=SCOPEDCONTENTCONDITIONS_SCOPEDCONTENT(SCOPED_CONTENT_ID)->SCOPEDCONTENT(ID)) - start
147248 [main] DEBUG org.dbunit.util.QualifiedTableName  - getQualifiedNameIfEnabled(config=org.dbunit.database.DatabaseConfig[, _propertyMap={http://www.dbunit.org/properties/statementFactory=org.dbunit.database.statement.PreparedStatementFactory@626bc2b8, http://www.dbunit.org/features/caseSensitiveTableNames=false, http://www.dbunit.org/properties/fetchSize=100, http://www.dbunit.org/features/batchedStatements=false, http://www.dbunit.org/properties/metadataHandler=org.dbunit.database.DefaultMetadataHandler@3bbfdfde, http://www.dbunit.org/properties/datatypeFactory=org.dbunit.dataset.datatype.DefaultDataTypeFactory[_toleratedDeltaMap=org.dbunit.dataset.datatype.ToleratedDeltaMap@6452310a], http://www.dbunit.org/properties/escapePattern=null, http://www.dbunit.org/properties/batchSize=100, http://www.dbunit.org/features/qualifiedTableNames=false, http://www.dbunit.org/properties/tableType=[Ljava.lang.String;@5011bafa, http://www.dbunit.org/properties/resultSetTableFactory=org.dbunit.database.CachedResultSetTableFactory@10bcf083, http://www.dbunit.org/features/datatypeWarning=true}]) - start
147248 [main] TRACE org.dbunit.database.DatabaseConfig  - getFeature(name=http://www.dbunit.org/features/qualifiedTableNames) - start
147248 [main] TRACE org.dbunit.database.DatabaseConfig  - getProperty(name=http://www.dbunit.org/features/qualifiedTableNames) - start
147248 [main] DEBUG org.dbunit.util.QualifiedTableName  - Qualified table names feature is disabled. Returning plain table name
147248 [main] DEBUG org.dbunit.util.QualifiedTableName  - getQualifiedName(prefix=null, name=SCOPEDCONTENT, escapePattern=null) - start
147248 [main] DEBUG org.dbunit.util.QualifiedTableName  - getQualifiedNameIfEnabled(config=org.dbunit.database.DatabaseConfig[, _propertyMap={http://www.dbunit.org/properties/statementFactory=org.dbunit.database.statement.PreparedStatementFactory@626bc2b8, http://www.dbunit.org/features/caseSensitiveTableNames=false, http://www.dbunit.org/properties/fetchSize=100, http://www.dbunit.org/features/batchedStatements=false, http://www.dbunit.org/properties/metadataHandler=org.dbunit.database.DefaultMetadataHandler@3bbfdfde, http://www.dbunit.org/properties/datatypeFactory=org.dbunit.dataset.datatype.DefaultDataTypeFactory[_toleratedDeltaMap=org.dbunit.dataset.datatype.ToleratedDeltaMap@6452310a], http://www.dbunit.org/properties/escapePattern=null, http://www.dbunit.org/properties/batchSize=100, http://www.dbunit.org/features/qualifiedTableNames=false, http://www.dbunit.org/properties/tableType=[Ljava.lang.String;@5011bafa, http://www.dbunit.org/properties/resultSetTableFactory=org.dbunit.database.CachedResultSetTableFactory@10bcf083, http://www.dbunit.org/features/datatypeWarning=true}]) - start
147248 [main] TRACE org.dbunit.database.DatabaseConfig  - getFeature(name=http://www.dbunit.org/features/qualifiedTableNames) - start
147248 [main] TRACE org.dbunit.database.DatabaseConfig  - getProperty(name=http://www.dbunit.org/features/qualifiedTableNames) - start
147248 [main] DEBUG org.dbunit.util.QualifiedTableName  - Qualified table names feature is disabled. Returning plain table name
147248 [main] DEBUG org.dbunit.util.QualifiedTableName  - getQualifiedName(prefix=null, name=SCOPEDCONTENT_SCOPEDCONTENTITEM, escapePattern=null) - start
147248 [main] DEBUG org.dbunit.database.search.AbstractMetaDataBasedSearchCallback  - newEdge(rs=org.apache.commons.dbcp.DelegatingResultSet@30b0d4ea, type=1, from=SCOPEDCONTENT, to=SCOPEDCONTENT_SCOPEDCONTENTITEM, fkColumn=SCOPED_CONTENT_ITEM_ID, pkColumn=ID) - start
147248 [main] DEBUG org.dbunit.database.search.AbstractMetaDataBasedSearchCallback  - createFKEdge(rs=org.apache.commons.dbcp.DelegatingResultSet@30b0d4ea, type=1, from=SCOPEDCONTENT, to=SCOPEDCONTENT_SCOPEDCONTENTITEM, fkColumn=SCOPED_CONTENT_ITEM_ID, pkColumn=ID) - start
147248 [main] DEBUG org.dbunit.database.search.AbstractMetaDataBasedSearchCallback  - Adding edge SCOPEDCONTENT_SCOPEDCONTENTITEM(SCOPED_CONTENT_ITEM_ID)->SCOPEDCONTENT(ID)
147248 [main] DEBUG org.dbunit.util.search.Edge  - compareTo(o=SCOPEDCONTENTCONDITIONS_SCOPEDCONTENT(SCOPED_CONTENT_ID)->SCOPEDCONTENT(ID)) - start
147248 [main] DEBUG org.dbunit.util.SQLHelper  - close(resultSet=org.apache.commons.dbcp.DelegatingResultSet@30b0d4ea) - start
147248 [main] DEBUG org.dbunit.util.search.DepthFirstSearch  - reverseSearch:SCOPEDCONTENTCONDITIONS_SCOPEDCONTENT
147248 [main] DEBUG org.dbunit.database.search.ExportedKeysSearchCallback  - searchNode(node=SCOPEDCONTENTCONDITIONS_SCOPEDCONTENT) - start
147248 [main] DEBUG org.dbunit.util.search.DepthFirstSearch  - Pushing (reverse) SCOPEDCONTENTCONDITIONS_SCOPEDCONTENT
147248 [main] DEBUG org.dbunit.database.search.ExportedKeysSearchCallback  - getEdges(node=SCOPEDCONTENTCONDITIONS_SCOPEDCONTENT) - start
147249 [main] DEBUG org.dbunit.database.search.AbstractMetaDataBasedSearchCallback  - getNodesFromExportedKeys(node=SCOPEDCONTENTCONDITIONS_SCOPEDCONTENT) - start
147249 [main] DEBUG org.dbunit.database.search.AbstractMetaDataBasedSearchCallback  - getNodes(type=1, node=SCOPEDCONTENTCONDITIONS_SCOPEDCONTENT) - start
147249 [main] DEBUG org.dbunit.database.DatabaseDataSourceConnection  - getConnection() - start
147249 [main] DEBUG org.dbunit.database.search.AbstractMetaDataBasedSearchCallback  - getNodes(type=1, node=SCOPEDCONTENTCONDITIONS_SCOPEDCONTENT, conn=Transaction-aware proxy for target Connection [jdbc:hsqldb:mem:kontrollDS, UserName=sw, HSQL Database Engine Driver], schema=null, metaData=org.apache.commons.dbcp.DelegatingDatabaseMetaData@296a679f, edges=[]) - start
147249 [main] DEBUG org.dbunit.database.search.AbstractMetaDataBasedSearchCallback  - Getting edges for node SCOPEDCONTENTCONDITIONS_SCOPEDCONTENT
147249 [main] TRACE org.dbunit.database.DatabaseConfig  - getProperty(name=http://www.dbunit.org/properties/metadataHandler) - start
147249 [main] TRACE org.dbunit.database.DefaultMetadataHandler  - tableExists(metaData=org.apache.commons.dbcp.DelegatingDatabaseMetaData@296a679f, schemaName=null, tableName=SCOPEDCONTENTCONDITIONS_SCOPEDCONTENT) - start
147250 [main] DEBUG org.dbunit.util.SQLHelper  - close(resultSet=org.apache.commons.dbcp.DelegatingResultSet@2d02309a) - start
147250 [main] DEBUG org.dbunit.util.SQLHelper  - close(resultSet=org.apache.commons.dbcp.DelegatingResultSet@24ba3f70) - start
147250 [main] DEBUG org.dbunit.util.search.DepthFirstSearch  - reverseSearch:SCOPEDCONTENT_SCOPEDCONTENTITEM
147250 [main] DEBUG org.dbunit.database.search.ExportedKeysSearchCallback  - searchNode(node=SCOPEDCONTENT_SCOPEDCONTENTITEM) - start
147250 [main] DEBUG org.dbunit.util.search.DepthFirstSearch  - Pushing (reverse) SCOPEDCONTENT_SCOPEDCONTENTITEM
147250 [main] DEBUG org.dbunit.util.search.DepthFirstSearch  - search:SCOPEDCONTENTCONDITIONS_SCOPEDCONTENT
147250 [main] DEBUG org.dbunit.database.search.ExportedKeysSearchCallback  - searchNode(node=SCOPEDCONTENTCONDITIONS_SCOPEDCONTENT) - start
147250 [main] DEBUG org.dbunit.util.search.DepthFirstSearch  - Pushing SCOPEDCONTENTCONDITIONS_SCOPEDCONTENT
147250 [main] DEBUG org.dbunit.database.search.ExportedKeysSearchCallback  - getEdges(node=SCOPEDCONTENTCONDITIONS_SCOPEDCONTENT) - start
147250 [main] DEBUG org.dbunit.database.search.AbstractMetaDataBasedSearchCallback  - getNodesFromExportedKeys(node=SCOPEDCONTENTCONDITIONS_SCOPEDCONTENT) - start
147250 [main] DEBUG org.dbunit.database.search.AbstractMetaDataBasedSearchCallback  - getNodes(type=1, node=SCOPEDCONTENTCONDITIONS_SCOPEDCONTENT) - start
147250 [main] DEBUG org.dbunit.database.DatabaseDataSourceConnection  - getConnection() - start
147251 [main] DEBUG org.dbunit.database.search.AbstractMetaDataBasedSearchCallback  - getNodes(type=1, node=SCOPEDCONTENTCONDITIONS_SCOPEDCONTENT, conn=Transaction-aware proxy for target Connection [jdbc:hsqldb:mem:kontrollDS, UserName=sw, HSQL Database Engine Driver], schema=null, metaData=org.apache.commons.dbcp.DelegatingDatabaseMetaData@3f9ae4e6, edges=[]) - start
147251 [main] DEBUG org.dbunit.database.search.AbstractMetaDataBasedSearchCallback  - Getting edges for node SCOPEDCONTENTCONDITIONS_SCOPEDCONTENT
147251 [main] TRACE org.dbunit.database.DatabaseConfig  - getProperty(name=http://www.dbunit.org/properties/metadataHandler) - start
147251 [main] TRACE org.dbunit.database.DefaultMetadataHandler  - tableExists(metaData=org.apache.commons.dbcp.DelegatingDatabaseMetaData@3f9ae4e6, schemaName=null, tableName=SCOPEDCONTENTCONDITIONS_SCOPEDCONTENT) - start
147252 [main] DEBUG org.dbunit.util.SQLHelper  - close(resultSet=org.apache.commons.dbcp.DelegatingResultSet@394f6963) - start
147252 [main] DEBUG org.dbunit.util.SQLHelper  - close(resultSet=org.apache.commons.dbcp.DelegatingResultSet@41ee7c87) - start
147252 [main] DEBUG org.dbunit.util.search.DepthFirstSearch  - Adding node SCOPEDCONTENTCONDITIONS_SCOPEDCONTENT to the final result
147252 [main] DEBUG org.dbunit.util.search.DepthFirstSearch  - search:SCOPEDCONTENT_SCOPEDCONTENTITEM
147252 [main] DEBUG org.dbunit.database.search.ExportedKeysSearchCallback  - searchNode(node=SCOPEDCONTENT_SCOPEDCONTENTITEM) - start
147252 [main] DEBUG org.dbunit.util.search.DepthFirstSearch  - Pushing SCOPEDCONTENT_SCOPEDCONTENTITEM
147252 [main] DEBUG org.dbunit.database.search.ExportedKeysSearchCallback  - getEdges(node=SCOPEDCONTENT_SCOPEDCONTENTITEM) - start
147252 [main] DEBUG org.dbunit.database.search.AbstractMetaDataBasedSearchCallback  - getNodesFromExportedKeys(node=SCOPEDCONTENT_SCOPEDCONTENTITEM) - start
147252 [main] DEBUG org.dbunit.database.search.AbstractMetaDataBasedSearchCallback  - getNodes(type=1, node=SCOPEDCONTENT_SCOPEDCONTENTITEM) - start
147252 [main] DEBUG org.dbunit.database.DatabaseDataSourceConnection  - getConnection() - start
147252 [main] DEBUG org.dbunit.database.search.AbstractMetaDataBasedSearchCallback  - getNodes(type=1, node=SCOPEDCONTENT_SCOPEDCONTENTITEM, conn=Transaction-aware proxy for target Connection [jdbc:hsqldb:mem:kontrollDS, UserName=sw, HSQL Database Engine Driver], schema=null, metaData=org.apache.commons.dbcp.DelegatingDatabaseMetaData@1031a4e2, edges=[]) - start
147252 [main] DEBUG org.dbunit.database.search.AbstractMetaDataBasedSearchCallback  - Getting edges for node SCOPEDCONTENT_SCOPEDCONTENTITEM
147252 [main] TRACE org.dbunit.database.DatabaseConfig  - getProperty(name=http://www.dbunit.org/properties/metadataHandler) - start
147252 [main] TRACE org.dbunit.database.DefaultMetadataHandler  - tableExists(metaData=org.apache.commons.dbcp.DelegatingDatabaseMetaData@1031a4e2, schemaName=null, tableName=SCOPEDCONTENT_SCOPEDCONTENTITEM) - start
147253 [main] DEBUG org.dbunit.util.SQLHelper  - close(resultSet=org.apache.commons.dbcp.DelegatingResultSet@7524bbd2) - start
147254 [main] DEBUG org.dbunit.util.SQLHelper  - close(resultSet=org.apache.commons.dbcp.DelegatingResultSet@4b170b87) - start
147254 [main] DEBUG org.dbunit.util.search.DepthFirstSearch  - Adding node SCOPEDCONTENT_SCOPEDCONTENTITEM to the final result
147254 [main] DEBUG org.dbunit.util.search.DepthFirstSearch  - search:SCOPEDCONTENT
147254 [main] DEBUG org.dbunit.database.search.ExportedKeysSearchCallback  - searchNode(node=SCOPEDCONTENT) - start
147254 [main] DEBUG org.dbunit.util.search.DepthFirstSearch  - Pushing SCOPEDCONTENT
147254 [main] DEBUG org.dbunit.database.search.ExportedKeysSearchCallback  - getEdges(node=SCOPEDCONTENT) - start
147254 [main] DEBUG org.dbunit.database.search.AbstractMetaDataBasedSearchCallback  - getNodesFromExportedKeys(node=SCOPEDCONTENT) - start
147254 [main] DEBUG org.dbunit.database.search.AbstractMetaDataBasedSearchCallback  - getNodes(type=1, node=SCOPEDCONTENT) - start
147254 [main] DEBUG org.dbunit.database.DatabaseDataSourceConnection  - getConnection() - start
147254 [main] DEBUG org.dbunit.database.search.AbstractMetaDataBasedSearchCallback  - getNodes(type=1, node=SCOPEDCONTENT, conn=Transaction-aware proxy for target Connection [jdbc:hsqldb:mem:kontrollDS, UserName=sw, HSQL Database Engine Driver], schema=null, metaData=org.apache.commons.dbcp.DelegatingDatabaseMetaData@55f5f294, edges=[]) - start
147254 [main] DEBUG org.dbunit.database.search.AbstractMetaDataBasedSearchCallback  - Getting edges for node SCOPEDCONTENT
147254 [main] TRACE org.dbunit.database.DatabaseConfig  - getProperty(name=http://www.dbunit.org/properties/metadataHandler) - start
147254 [main] TRACE org.dbunit.database.DefaultMetadataHandler  - tableExists(metaData=org.apache.commons.dbcp.DelegatingDatabaseMetaData@55f5f294, schemaName=null, tableName=SCOPEDCONTENT) - start
147255 [main] DEBUG org.dbunit.util.SQLHelper  - close(resultSet=org.apache.commons.dbcp.DelegatingResultSet@3885826d) - start
147255 [main] DEBUG org.dbunit.util.QualifiedTableName  - getQualifiedNameIfEnabled(config=org.dbunit.database.DatabaseConfig[, _propertyMap={http://www.dbunit.org/properties/statementFactory=org.dbunit.database.statement.PreparedStatementFactory@626bc2b8, http://www.dbunit.org/features/caseSensitiveTableNames=false, http://www.dbunit.org/properties/fetchSize=100, http://www.dbunit.org/features/batchedStatements=false, http://www.dbunit.org/properties/metadataHandler=org.dbunit.database.DefaultMetadataHandler@3bbfdfde, http://www.dbunit.org/properties/datatypeFactory=org.dbunit.dataset.datatype.DefaultDataTypeFactory[_toleratedDeltaMap=org.dbunit.dataset.datatype.ToleratedDeltaMap@6452310a], http://www.dbunit.org/properties/escapePattern=null, http://www.dbunit.org/properties/batchSize=100, http://www.dbunit.org/features/qualifiedTableNames=false, http://www.dbunit.org/properties/tableType=[Ljava.lang.String;@5011bafa, http://www.dbunit.org/properties/resultSetTableFactory=org.dbunit.database.CachedResultSetTableFactory@10bcf083, http://www.dbunit.org/features/datatypeWarning=true}]) - start
147255 [main] TRACE org.dbunit.database.DatabaseConfig  - getFeature(name=http://www.dbunit.org/features/qualifiedTableNames) - start
147255 [main] TRACE org.dbunit.database.DatabaseConfig  - getProperty(name=http://www.dbunit.org/features/qualifiedTableNames) - start
147255 [main] DEBUG org.dbunit.util.QualifiedTableName  - Qualified table names feature is disabled. Returning plain table name
147255 [main] DEBUG org.dbunit.util.QualifiedTableName  - getQualifiedName(prefix=null, name=SCOPEDCONTENT, escapePattern=null) - start
147255 [main] DEBUG org.dbunit.util.QualifiedTableName  - getQualifiedNameIfEnabled(config=org.dbunit.database.DatabaseConfig[, _propertyMap={http://www.dbunit.org/properties/statementFactory=org.dbunit.database.statement.PreparedStatementFactory@626bc2b8, http://www.dbunit.org/features/caseSensitiveTableNames=false, http://www.dbunit.org/properties/fetchSize=100, http://www.dbunit.org/features/batchedStatements=false, http://www.dbunit.org/properties/metadataHandler=org.dbunit.database.DefaultMetadataHandler@3bbfdfde, http://www.dbunit.org/properties/datatypeFactory=org.dbunit.dataset.datatype.DefaultDataTypeFactory[_toleratedDeltaMap=org.dbunit.dataset.datatype.ToleratedDeltaMap@6452310a], http://www.dbunit.org/properties/escapePattern=null, http://www.dbunit.org/properties/batchSize=100, http://www.dbunit.org/features/qualifiedTableNames=false, http://www.dbunit.org/properties/tableType=[Ljava.lang.String;@5011bafa, http://www.dbunit.org/properties/resultSetTableFactory=org.dbunit.database.CachedResultSetTableFactory@10bcf083, http://www.dbunit.org/features/datatypeWarning=true}]) - start
147255 [main] TRACE org.dbunit.database.DatabaseConfig  - getFeature(name=http://www.dbunit.org/features/qualifiedTableNames) - start
147255 [main] TRACE org.dbunit.database.DatabaseConfig  - getProperty(name=http://www.dbunit.org/features/qualifiedTableNames) - start
147256 [main] DEBUG org.dbunit.util.QualifiedTableName  - Qualified table names feature is disabled. Returning plain table name
147256 [main] DEBUG org.dbunit.util.QualifiedTableName  - getQualifiedName(prefix=null, name=SCOPEDCONTENTCONDITIONS_SCOPEDCONTENT, escapePattern=null) - start
147256 [main] DEBUG org.dbunit.database.search.AbstractMetaDataBasedSearchCallback  - newEdge(rs=org.apache.commons.dbcp.DelegatingResultSet@53c9c427, type=1, from=SCOPEDCONTENT, to=SCOPEDCONTENTCONDITIONS_SCOPEDCONTENT, fkColumn=SCOPED_CONTENT_ID, pkColumn=ID) - start
147256 [main] DEBUG org.dbunit.database.search.AbstractMetaDataBasedSearchCallback  - createFKEdge(rs=org.apache.commons.dbcp.DelegatingResultSet@53c9c427, type=1, from=SCOPEDCONTENT, to=SCOPEDCONTENTCONDITIONS_SCOPEDCONTENT, fkColumn=SCOPED_CONTENT_ID, pkColumn=ID) - start
147256 [main] DEBUG org.dbunit.database.search.AbstractMetaDataBasedSearchCallback  - Adding edge SCOPEDCONTENTCONDITIONS_SCOPEDCONTENT(SCOPED_CONTENT_ID)->SCOPEDCONTENT(ID)
147256 [main] DEBUG org.dbunit.util.search.Edge  - compareTo(o=SCOPEDCONTENTCONDITIONS_SCOPEDCONTENT(SCOPED_CONTENT_ID)->SCOPEDCONTENT(ID)) - start
147256 [main] DEBUG org.dbunit.util.QualifiedTableName  - getQualifiedNameIfEnabled(config=org.dbunit.database.DatabaseConfig[, _propertyMap={http://www.dbunit.org/properties/statementFactory=org.dbunit.database.statement.PreparedStatementFactory@626bc2b8, http://www.dbunit.org/features/caseSensitiveTableNames=false, http://www.dbunit.org/properties/fetchSize=100, http://www.dbunit.org/features/batchedStatements=false, http://www.dbunit.org/properties/metadataHandler=org.dbunit.database.DefaultMetadataHandler@3bbfdfde, http://www.dbunit.org/properties/datatypeFactory=org.dbunit.dataset.datatype.DefaultDataTypeFactory[_toleratedDeltaMap=org.dbunit.dataset.datatype.ToleratedDeltaMap@6452310a], http://www.dbunit.org/properties/escapePattern=null, http://www.dbunit.org/properties/batchSize=100, http://www.dbunit.org/features/qualifiedTableNames=false, http://www.dbunit.org/properties/tableType=[Ljava.lang.String;@5011bafa, http://www.dbunit.org/properties/resultSetTableFactory=org.dbunit.database.CachedResultSetTableFactory@10bcf083, http://www.dbunit.org/features/datatypeWarning=true}]) - start
147256 [main] TRACE org.dbunit.database.DatabaseConfig  - getFeature(name=http://www.dbunit.org/features/qualifiedTableNames) - start
147256 [main] TRACE org.dbunit.database.DatabaseConfig  - getProperty(name=http://www.dbunit.org/features/qualifiedTableNames) - start
147256 [main] DEBUG org.dbunit.util.QualifiedTableName  - Qualified table names feature is disabled. Returning plain table name
147256 [main] DEBUG org.dbunit.util.QualifiedTableName  - getQualifiedName(prefix=null, name=SCOPEDCONTENT, escapePattern=null) - start
147257 [main] DEBUG org.dbunit.util.QualifiedTableName  - getQualifiedNameIfEnabled(config=org.dbunit.database.DatabaseConfig[, _propertyMap={http://www.dbunit.org/properties/statementFactory=org.dbunit.database.statement.PreparedStatementFactory@626bc2b8, http://www.dbunit.org/features/caseSensitiveTableNames=false, http://www.dbunit.org/properties/fetchSize=100, http://www.dbunit.org/features/batchedStatements=false, http://www.dbunit.org/properties/metadataHandler=org.dbunit.database.DefaultMetadataHandler@3bbfdfde, http://www.dbunit.org/properties/datatypeFactory=org.dbunit.dataset.datatype.DefaultDataTypeFactory[_toleratedDeltaMap=org.dbunit.dataset.datatype.ToleratedDeltaMap@6452310a], http://www.dbunit.org/properties/escapePattern=null, http://www.dbunit.org/properties/batchSize=100, http://www.dbunit.org/features/qualifiedTableNames=false, http://www.dbunit.org/properties/tableType=[Ljava.lang.String;@5011bafa, http://www.dbunit.org/properties/resultSetTableFactory=org.dbunit.database.CachedResultSetTableFactory@10bcf083, http://www.dbunit.org/features/datatypeWarning=true}]) - start
147257 [main] TRACE org.dbunit.database.DatabaseConfig  - getFeature(name=http://www.dbunit.org/features/qualifiedTableNames) - start
147257 [main] TRACE org.dbunit.database.DatabaseConfig  - getProperty(name=http://www.dbunit.org/features/qualifiedTableNames) - start
147257 [main] DEBUG org.dbunit.util.QualifiedTableName  - Qualified table names feature is disabled. Returning plain table name
147257 [main] DEBUG org.dbunit.util.QualifiedTableName  - getQualifiedName(prefix=null, name=SCOPEDCONTENT_SCOPEDCONTENTITEM, escapePattern=null) - start
147257 [main] DEBUG org.dbunit.database.search.AbstractMetaDataBasedSearchCallback  - newEdge(rs=org.apache.commons.dbcp.DelegatingResultSet@53c9c427, type=1, from=SCOPEDCONTENT, to=SCOPEDCONTENT_SCOPEDCONTENTITEM, fkColumn=SCOPED_CONTENT_ITEM_ID, pkColumn=ID) - start
147257 [main] DEBUG org.dbunit.database.search.AbstractMetaDataBasedSearchCallback  - createFKEdge(rs=org.apache.commons.dbcp.DelegatingResultSet@53c9c427, type=1, from=SCOPEDCONTENT, to=SCOPEDCONTENT_SCOPEDCONTENTITEM, fkColumn=SCOPED_CONTENT_ITEM_ID, pkColumn=ID) - start
147257 [main] DEBUG org.dbunit.database.search.AbstractMetaDataBasedSearchCallback  - Adding edge SCOPEDCONTENT_SCOPEDCONTENTITEM(SCOPED_CONTENT_ITEM_ID)->SCOPEDCONTENT(ID)
147257 [main] DEBUG org.dbunit.util.search.Edge  - compareTo(o=SCOPEDCONTENTCONDITIONS_SCOPEDCONTENT(SCOPED_CONTENT_ID)->SCOPEDCONTENT(ID)) - start
147257 [main] DEBUG org.dbunit.util.SQLHelper  - close(resultSet=org.apache.commons.dbcp.DelegatingResultSet@53c9c427) - start
147257 [main] DEBUG org.dbunit.util.search.DepthFirstSearch  - search:SCOPEDCONTENT
147257 [main] DEBUG org.dbunit.util.search.DepthFirstSearch  - already searched; returning true
147257 [main] DEBUG org.dbunit.util.search.DepthFirstSearch  - search:SCOPEDCONTENT
147257 [main] DEBUG org.dbunit.util.search.DepthFirstSearch  - already searched; returning true
147257 [main] DEBUG org.dbunit.util.search.DepthFirstSearch  - Adding node SCOPEDCONTENT to the final result
147257 [main] DEBUG org.dbunit.database.search.TablesDependencyHelper  - getDirectDependentTables(connection=_databaseConfig=org.dbunit.database.DatabaseConfig[, _propertyMap={http://www.dbunit.org/properties/statementFactory=org.dbunit.database.statement.PreparedStatementFactory@626bc2b8, http://www.dbunit.org/features/caseSensitiveTableNames=false, http://www.dbunit.org/properties/fetchSize=100, http://www.dbunit.org/features/batchedStatements=false, http://www.dbunit.org/properties/metadataHandler=org.dbunit.database.DefaultMetadataHandler@3bbfdfde, http://www.dbunit.org/properties/datatypeFactory=org.dbunit.dataset.datatype.DefaultDataTypeFactory[_toleratedDeltaMap=org.dbunit.dataset.datatype.ToleratedDeltaMap@6452310a], http://www.dbunit.org/properties/escapePattern=null, http://www.dbunit.org/properties/batchSize=100, http://www.dbunit.org/features/qualifiedTableNames=false, http://www.dbunit.org/properties/tableType=[Ljava.lang.String;@5011bafa, http://www.dbunit.org/properties/resultSetTableFactory=org.dbunit.database.CachedResultSetTableFactory@10bcf083, http://www.dbunit.org/features/datatypeWarning=true}], _dataSet=AbstractDataSet[_orderedTableNameMap=null], tableName=SCOPEDCONTENT) - start
147257 [main] DEBUG org.dbunit.util.search.DepthFirstSearch  - search(nodesFrom=[SCOPEDCONTENT], callback=org.dbunit.database.search.ImportedKeysSearchCallback@b01f325) - start
147257 [main] DEBUG org.dbunit.util.CollectionsHelper  - objectsToSet(objects=SCOPEDCONTENT) - start
147257 [main] DEBUG org.dbunit.util.search.DepthFirstSearch  - search(nodesFrom=[SCOPEDCONTENT], callback=org.dbunit.database.search.ImportedKeysSearchCallback@b01f325) - start
147257 [main] DEBUG org.dbunit.util.search.DepthFirstSearch  - reverseSearch:SCOPEDCONTENT
147257 [main] DEBUG org.dbunit.database.search.ImportedKeysSearchCallback  - searchNode(node=SCOPEDCONTENT) - start
147257 [main] DEBUG org.dbunit.util.search.DepthFirstSearch  - Pushing (reverse) SCOPEDCONTENT
147257 [main] DEBUG org.dbunit.database.search.ImportedKeysSearchCallback  - getEdges(node=SCOPEDCONTENT) - start
147257 [main] DEBUG org.dbunit.database.search.AbstractMetaDataBasedSearchCallback  - getNodesFromImportedKeys(node=SCOPEDCONTENT) - start
147257 [main] DEBUG org.dbunit.database.search.AbstractMetaDataBasedSearchCallback  - getNodes(type=0, node=SCOPEDCONTENT) - start
147257 [main] DEBUG org.dbunit.database.DatabaseDataSourceConnection  - getConnection() - start
147258 [main] DEBUG org.dbunit.database.search.AbstractMetaDataBasedSearchCallback  - getNodes(type=0, node=SCOPEDCONTENT, conn=Transaction-aware proxy for target Connection [jdbc:hsqldb:mem:kontrollDS, UserName=sw, HSQL Database Engine Driver], schema=null, metaData=org.apache.commons.dbcp.DelegatingDatabaseMetaData@2d0207c8, edges=[]) - start
147258 [main] DEBUG org.dbunit.database.search.AbstractMetaDataBasedSearchCallback  - Getting edges for node SCOPEDCONTENT
147258 [main] TRACE org.dbunit.database.DatabaseConfig  - getProperty(name=http://www.dbunit.org/properties/metadataHandler) - start
147258 [main] TRACE org.dbunit.database.DefaultMetadataHandler  - tableExists(metaData=org.apache.commons.dbcp.DelegatingDatabaseMetaData@2d0207c8, schemaName=null, tableName=SCOPEDCONTENT) - start
147259 [main] DEBUG org.dbunit.util.SQLHelper  - close(resultSet=org.apache.commons.dbcp.DelegatingResultSet@5bc8385f) - start
147259 [main] DEBUG org.dbunit.util.QualifiedTableName  - getQualifiedNameIfEnabled(config=org.dbunit.database.DatabaseConfig[, _propertyMap={http://www.dbunit.org/properties/statementFactory=org.dbunit.database.statement.PreparedStatementFactory@626bc2b8, http://www.dbunit.org/features/caseSensitiveTableNames=false, http://www.dbunit.org/properties/fetchSize=100, http://www.dbunit.org/features/batchedStatements=false, http://www.dbunit.org/properties/metadataHandler=org.dbunit.database.DefaultMetadataHandler@3bbfdfde, http://www.dbunit.org/properties/datatypeFactory=org.dbunit.dataset.datatype.DefaultDataTypeFactory[_toleratedDeltaMap=org.dbunit.dataset.datatype.ToleratedDeltaMap@6452310a], http://www.dbunit.org/properties/escapePattern=null, http://www.dbunit.org/properties/batchSize=100, http://www.dbunit.org/features/qualifiedTableNames=false, http://www.dbunit.org/properties/tableType=[Ljava.lang.String;@5011bafa, http://www.dbunit.org/properties/resultSetTableFactory=org.dbunit.database.CachedResultSetTableFactory@10bcf083, http://www.dbunit.org/features/datatypeWarning=true}]) - start
147259 [main] TRACE org.dbunit.database.DatabaseConfig  - getFeature(name=http://www.dbunit.org/features/qualifiedTableNames) - start
147259 [main] TRACE org.dbunit.database.DatabaseConfig  - getProperty(name=http://www.dbunit.org/features/qualifiedTableNames) - start
147259 [main] DEBUG org.dbunit.util.QualifiedTableName  - Qualified table names feature is disabled. Returning plain table name
147259 [main] DEBUG org.dbunit.util.QualifiedTableName  - getQualifiedName(prefix=null, name=SCOPEDCONTENT, escapePattern=null) - start
147259 [main] DEBUG org.dbunit.util.QualifiedTableName  - getQualifiedNameIfEnabled(config=org.dbunit.database.DatabaseConfig[, _propertyMap={http://www.dbunit.org/properties/statementFactory=org.dbunit.database.statement.PreparedStatementFactory@626bc2b8, http://www.dbunit.org/features/caseSensitiveTableNames=false, http://www.dbunit.org/properties/fetchSize=100, http://www.dbunit.org/features/batchedStatements=false, http://www.dbunit.org/properties/metadataHandler=org.dbunit.database.DefaultMetadataHandler@3bbfdfde, http://www.dbunit.org/properties/datatypeFactory=org.dbunit.dataset.datatype.DefaultDataTypeFactory[_toleratedDeltaMap=org.dbunit.dataset.datatype.ToleratedDeltaMap@6452310a], http://www.dbunit.org/properties/escapePattern=null, http://www.dbunit.org/properties/batchSize=100, http://www.dbunit.org/features/qualifiedTableNames=false, http://www.dbunit.org/properties/tableType=[Ljava.lang.String;@5011bafa, http://www.dbunit.org/properties/resultSetTableFactory=org.dbunit.database.CachedResultSetTableFactory@10bcf083, http://www.dbunit.org/features/datatypeWarning=true}]) - start
147259 [main] TRACE org.dbunit.database.DatabaseConfig  - getFeature(name=http://www.dbunit.org/features/qualifiedTableNames) - start
147259 [main] TRACE org.dbunit.database.DatabaseConfig  - getProperty(name=http://www.dbunit.org/features/qualifiedTableNames) - start
147259 [main] DEBUG org.dbunit.util.QualifiedTableName  - Qualified table names feature is disabled. Returning plain table name
147259 [main] DEBUG org.dbunit.util.QualifiedTableName  - getQualifiedName(prefix=null, name=SCOPE, escapePattern=null) - start
147259 [main] DEBUG org.dbunit.database.search.AbstractMetaDataBasedSearchCallback  - newEdge(rs=org.apache.commons.dbcp.DelegatingResultSet@5fbf3b7c, type=0, from=SCOPEDCONTENT, to=SCOPE, fkColumn=SCOPE, pkColumn=ID) - start
147259 [main] DEBUG org.dbunit.database.search.AbstractMetaDataBasedSearchCallback  - createFKEdge(rs=org.apache.commons.dbcp.DelegatingResultSet@5fbf3b7c, type=0, from=SCOPEDCONTENT, to=SCOPE, fkColumn=SCOPE, pkColumn=ID) - start
147263 [main] DEBUG org.dbunit.database.search.AbstractMetaDataBasedSearchCallback  - Adding edge SCOPEDCONTENT(SCOPE)->SCOPE(ID)
147263 [main] DEBUG org.dbunit.util.search.Edge  - compareTo(o=SCOPEDCONTENT(SCOPE)->SCOPE(ID)) - start
147263 [main] DEBUG org.dbunit.util.SQLHelper  - close(resultSet=org.apache.commons.dbcp.DelegatingResultSet@5fbf3b7c) - start
147264 [main] DEBUG org.dbunit.util.search.DepthFirstSearch  - search:SCOPEDCONTENT
147264 [main] DEBUG org.dbunit.database.search.ImportedKeysSearchCallback  - searchNode(node=SCOPEDCONTENT) - start
147264 [main] DEBUG org.dbunit.util.search.DepthFirstSearch  - Pushing SCOPEDCONTENT
147264 [main] DEBUG org.dbunit.database.search.ImportedKeysSearchCallback  - getEdges(node=SCOPEDCONTENT) - start
147264 [main] DEBUG org.dbunit.database.search.AbstractMetaDataBasedSearchCallback  - getNodesFromImportedKeys(node=SCOPEDCONTENT) - start
147264 [main] DEBUG org.dbunit.database.search.AbstractMetaDataBasedSearchCallback  - getNodes(type=0, node=SCOPEDCONTENT) - start
147264 [main] DEBUG org.dbunit.database.DatabaseDataSourceConnection  - getConnection() - start
147264 [main] DEBUG org.dbunit.database.search.AbstractMetaDataBasedSearchCallback  - getNodes(type=0, node=SCOPEDCONTENT, conn=Transaction-aware proxy for target Connection [jdbc:hsqldb:mem:kontrollDS, UserName=sw, HSQL Database Engine Driver], schema=null, metaData=org.apache.commons.dbcp.DelegatingDatabaseMetaData@3da7b00, edges=[]) - start
147264 [main] DEBUG org.dbunit.database.search.AbstractMetaDataBasedSearchCallback  - Getting edges for node SCOPEDCONTENT
147264 [main] TRACE org.dbunit.database.DatabaseConfig  - getProperty(name=http://www.dbunit.org/properties/metadataHandler) - start
147264 [main] TRACE org.dbunit.database.DefaultMetadataHandler  - tableExists(metaData=org.apache.commons.dbcp.DelegatingDatabaseMetaData@3da7b00, schemaName=null, tableName=SCOPEDCONTENT) - start
147265 [main] DEBUG org.dbunit.util.SQLHelper  - close(resultSet=org.apache.commons.dbcp.DelegatingResultSet@730d8d6b) - start
147265 [main] DEBUG org.dbunit.util.QualifiedTableName  - getQualifiedNameIfEnabled(config=org.dbunit.database.DatabaseConfig[, _propertyMap={http://www.dbunit.org/properties/statementFactory=org.dbunit.database.statement.PreparedStatementFactory@626bc2b8, http://www.dbunit.org/features/caseSensitiveTableNames=false, http://www.dbunit.org/properties/fetchSize=100, http://www.dbunit.org/features/batchedStatements=false, http://www.dbunit.org/properties/metadataHandler=org.dbunit.database.DefaultMetadataHandler@3bbfdfde, http://www.dbunit.org/properties/datatypeFactory=org.dbunit.dataset.datatype.DefaultDataTypeFactory[_toleratedDeltaMap=org.dbunit.dataset.datatype.ToleratedDeltaMap@6452310a], http://www.dbunit.org/properties/escapePattern=null, http://www.dbunit.org/properties/batchSize=100, http://www.dbunit.org/features/qualifiedTableNames=false, http://www.dbunit.org/properties/tableType=[Ljava.lang.String;@5011bafa, http://www.dbunit.org/properties/resultSetTableFactory=org.dbunit.database.CachedResultSetTableFactory@10bcf083, http://www.dbunit.org/features/datatypeWarning=true}]) - start
147265 [main] TRACE org.dbunit.database.DatabaseConfig  - getFeature(name=http://www.dbunit.org/features/qualifiedTableNames) - start
147265 [main] TRACE org.dbunit.database.DatabaseConfig  - getProperty(name=http://www.dbunit.org/features/qualifiedTableNames) - start
147265 [main] DEBUG org.dbunit.util.QualifiedTableName  - Qualified table names feature is disabled. Returning plain table name
147265 [main] DEBUG org.dbunit.util.QualifiedTableName  - getQualifiedName(prefix=null, name=SCOPEDCONTENT, escapePattern=null) - start
147265 [main] DEBUG org.dbunit.util.QualifiedTableName  - getQualifiedNameIfEnabled(config=org.dbunit.database.DatabaseConfig[, _propertyMap={http://www.dbunit.org/properties/statementFactory=org.dbunit.database.statement.PreparedStatementFactory@626bc2b8, http://www.dbunit.org/features/caseSensitiveTableNames=false, http://www.dbunit.org/properties/fetchSize=100, http://www.dbunit.org/features/batchedStatements=false, http://www.dbunit.org/properties/metadataHandler=org.dbunit.database.DefaultMetadataHandler@3bbfdfde, http://www.dbunit.org/properties/datatypeFactory=org.dbunit.dataset.datatype.DefaultDataTypeFactory[_toleratedDeltaMap=org.dbunit.dataset.datatype.ToleratedDeltaMap@6452310a], http://www.dbunit.org/properties/escapePattern=null, http://www.dbunit.org/properties/batchSize=100, http://www.dbunit.org/features/qualifiedTableNames=false, http://www.dbunit.org/properties/tableType=[Ljava.lang.String;@5011bafa, http://www.dbunit.org/properties/resultSetTableFactory=org.dbunit.database.CachedResultSetTableFactory@10bcf083, http://www.dbunit.org/features/datatypeWarning=true}]) - start
147266 [main] TRACE org.dbunit.database.DatabaseConfig  - getFeature(name=http://www.dbunit.org/features/qualifiedTableNames) - start
147266 [main] TRACE org.dbunit.database.DatabaseConfig  - getProperty(name=http://www.dbunit.org/features/qualifiedTableNames) - start
147266 [main] DEBUG org.dbunit.util.QualifiedTableName  - Qualified table names feature is disabled. Returning plain table name
147266 [main] DEBUG org.dbunit.util.QualifiedTableName  - getQualifiedName(prefix=null, name=SCOPE, escapePattern=null) - start
147266 [main] DEBUG org.dbunit.database.search.AbstractMetaDataBasedSearchCallback  - newEdge(rs=org.apache.commons.dbcp.DelegatingResultSet@5860a10b, type=0, from=SCOPEDCONTENT, to=SCOPE, fkColumn=SCOPE, pkColumn=ID) - start
147266 [main] DEBUG org.dbunit.database.search.AbstractMetaDataBasedSearchCallback  - createFKEdge(rs=org.apache.commons.dbcp.DelegatingResultSet@5860a10b, type=0, from=SCOPEDCONTENT, to=SCOPE, fkColumn=SCOPE, pkColumn=ID) - start
147266 [main] DEBUG org.dbunit.database.search.AbstractMetaDataBasedSearchCallback  - Adding edge SCOPEDCONTENT(SCOPE)->SCOPE(ID)
147266 [main] DEBUG org.dbunit.util.search.Edge  - compareTo(o=SCOPEDCONTENT(SCOPE)->SCOPE(ID)) - start
147266 [main] DEBUG org.dbunit.util.SQLHelper  - close(resultSet=org.apache.commons.dbcp.DelegatingResultSet@5860a10b) - start
147266 [main] DEBUG org.dbunit.util.search.DepthFirstSearch  - search:SCOPE
147266 [main] DEBUG org.dbunit.database.search.ImportedKeysSearchCallback  - searchNode(node=SCOPE) - start
147266 [main] DEBUG org.dbunit.util.search.DepthFirstSearch  - Pushing SCOPE
147266 [main] DEBUG org.dbunit.database.search.ImportedKeysSearchCallback  - getEdges(node=SCOPE) - start
147266 [main] DEBUG org.dbunit.database.search.AbstractMetaDataBasedSearchCallback  - getNodesFromImportedKeys(node=SCOPE) - start
147266 [main] DEBUG org.dbunit.database.search.AbstractMetaDataBasedSearchCallback  - getNodes(type=0, node=SCOPE) - start
147266 [main] DEBUG org.dbunit.database.DatabaseDataSourceConnection  - getConnection() - start
147266 [main] DEBUG org.dbunit.database.search.AbstractMetaDataBasedSearchCallback  - getNodes(type=0, node=SCOPE, conn=Transaction-aware proxy for target Connection [jdbc:hsqldb:mem:kontrollDS, UserName=sw, HSQL Database Engine Driver], schema=null, metaData=org.apache.commons.dbcp.DelegatingDatabaseMetaData@2fed0681, edges=[]) - start
147266 [main] DEBUG org.dbunit.database.search.AbstractMetaDataBasedSearchCallback  - Getting edges for node SCOPE
147266 [main] TRACE org.dbunit.database.DatabaseConfig  - getProperty(name=http://www.dbunit.org/properties/metadataHandler) - start
147266 [main] TRACE org.dbunit.database.DefaultMetadataHandler  - tableExists(metaData=org.apache.commons.dbcp.DelegatingDatabaseMetaData@2fed0681, schemaName=null, tableName=SCOPE) - start
147267 [main] DEBUG org.dbunit.util.SQLHelper  - close(resultSet=org.apache.commons.dbcp.DelegatingResultSet@57c03099) - start
147268 [main] DEBUG org.dbunit.util.SQLHelper  - close(resultSet=org.apache.commons.dbcp.DelegatingResultSet@62614dd5) - start
147268 [main] DEBUG org.dbunit.util.search.DepthFirstSearch  - Adding node SCOPE to the final result
147268 [main] DEBUG org.dbunit.util.search.DepthFirstSearch  - Adding node SCOPEDCONTENT to the final result
147268 [main] DEBUG org.dbunit.util.search.DepthFirstSearch  - reverseSearch:SCOPEDCONTENT
147268 [main] DEBUG org.dbunit.util.search.DepthFirstSearch  - already searched; returning true
147268 [main] DEBUG org.dbunit.util.search.DepthFirstSearch  - reverseSearch:SCOPE
147268 [main] DEBUG org.dbunit.database.search.ImportedKeysSearchCallback  - searchNode(node=SCOPE) - start
147268 [main] DEBUG org.dbunit.util.search.DepthFirstSearch  - Pushing (reverse) SCOPE
147268 [main] DEBUG org.dbunit.database.search.ImportedKeysSearchCallback  - getEdges(node=SCOPE) - start
147268 [main] DEBUG org.dbunit.database.search.AbstractMetaDataBasedSearchCallback  - getNodesFromImportedKeys(node=SCOPE) - start
147268 [main] DEBUG org.dbunit.database.search.AbstractMetaDataBasedSearchCallback  - getNodes(type=0, node=SCOPE) - start
147268 [main] DEBUG org.dbunit.database.DatabaseDataSourceConnection  - getConnection() - start
147268 [main] DEBUG org.dbunit.database.search.AbstractMetaDataBasedSearchCallback  - getNodes(type=0, node=SCOPE, conn=Transaction-aware proxy for target Connection [jdbc:hsqldb:mem:kontrollDS, UserName=sw, HSQL Database Engine Driver], schema=null, metaData=org.apache.commons.dbcp.DelegatingDatabaseMetaData@623d0d68, edges=[]) - start
147268 [main] DEBUG org.dbunit.database.search.AbstractMetaDataBasedSearchCallback  - Getting edges for node SCOPE
147268 [main] TRACE org.dbunit.database.DatabaseConfig  - getProperty(name=http://www.dbunit.org/properties/metadataHandler) - start
147268 [main] TRACE org.dbunit.database.DefaultMetadataHandler  - tableExists(metaData=org.apache.commons.dbcp.DelegatingDatabaseMetaData@623d0d68, schemaName=null, tableName=SCOPE) - start
147269 [main] DEBUG org.dbunit.util.SQLHelper  - close(resultSet=org.apache.commons.dbcp.DelegatingResultSet@125f3be4) - start
147269 [main] DEBUG org.dbunit.util.SQLHelper  - close(resultSet=org.apache.commons.dbcp.DelegatingResultSet@323bb0ce) - start
147270 [main] DEBUG org.dbunit.util.search.DepthFirstSearch  - search:SCOPEDCONTENT
147270 [main] DEBUG org.dbunit.util.search.DepthFirstSearch  - already searched; returning true
147270 [main] DEBUG org.dbunit.util.search.DepthFirstSearch  - search:SCOPE
147270 [main] DEBUG org.dbunit.util.search.DepthFirstSearch  - already searched; returning true
147270 [main] DEBUG org.dbunit.database.DatabaseSequenceFilter  - getDependencyInfo(connection=_databaseConfig=org.dbunit.database.DatabaseConfig[, _propertyMap={http://www.dbunit.org/properties/statementFactory=org.dbunit.database.statement.PreparedStatementFactory@626bc2b8, http://www.dbunit.org/features/caseSensitiveTableNames=false, http://www.dbunit.org/properties/fetchSize=100, http://www.dbunit.org/features/batchedStatements=false, http://www.dbunit.org/properties/metadataHandler=org.dbunit.database.DefaultMetadataHandler@3bbfdfde, http://www.dbunit.org/properties/datatypeFactory=org.dbunit.dataset.datatype.DefaultDataTypeFactory[_toleratedDeltaMap=org.dbunit.dataset.datatype.ToleratedDeltaMap@6452310a], http://www.dbunit.org/properties/escapePattern=null, http://www.dbunit.org/properties/batchSize=100, http://www.dbunit.org/features/qualifiedTableNames=false, http://www.dbunit.org/properties/tableType=[Ljava.lang.String;@5011bafa, http://www.dbunit.org/properties/resultSetTableFactory=org.dbunit.database.CachedResultSetTableFactory@10bcf083, http://www.dbunit.org/features/datatypeWarning=true}], _dataSet=AbstractDataSet[_orderedTableNameMap=null], tableName=SCOPEDCONTENTCONDITION) - start
147270 [main] DEBUG org.dbunit.database.search.TablesDependencyHelper  - getDependentTables(connection=_databaseConfig=org.dbunit.database.DatabaseConfig[, _propertyMap={http://www.dbunit.org/properties/statementFactory=org.dbunit.database.statement.PreparedStatementFactory@626bc2b8, http://www.dbunit.org/features/caseSensitiveTableNames=false, http://www.dbunit.org/properties/fetchSize=100, http://www.dbunit.org/features/batchedStatements=false, http://www.dbunit.org/properties/metadataHandler=org.dbunit.database.DefaultMetadataHandler@3bbfdfde, http://www.dbunit.org/properties/datatypeFactory=org.dbunit.dataset.datatype.DefaultDataTypeFactory[_toleratedDeltaMap=org.dbunit.dataset.datatype.ToleratedDeltaMap@6452310a], http://www.dbunit.org/properties/escapePattern=null, http://www.dbunit.org/properties/batchSize=100, http://www.dbunit.org/features/qualifiedTableNames=false, http://www.dbunit.org/properties/tableType=[Ljava.lang.String;@5011bafa, http://www.dbunit.org/properties/resultSetTableFactory=org.dbunit.database.CachedResultSetTableFactory@10bcf083, http://www.dbunit.org/features/datatypeWarning=true}], _dataSet=AbstractDataSet[_orderedTableNameMap=null], rootTable=SCOPEDCONTENTCONDITION) - start
147270 [main] DEBUG org.dbunit.database.search.TablesDependencyHelper  - getDependentTables(connection=_databaseConfig=org.dbunit.database.DatabaseConfig[, _propertyMap={http://www.dbunit.org/properties/statementFactory=org.dbunit.database.statement.PreparedStatementFactory@626bc2b8, http://www.dbunit.org/features/caseSensitiveTableNames=false, http://www.dbunit.org/properties/fetchSize=100, http://www.dbunit.org/features/batchedStatements=false, http://www.dbunit.org/properties/metadataHandler=org.dbunit.database.DefaultMetadataHandler@3bbfdfde, http://www.dbunit.org/properties/datatypeFactory=org.dbunit.dataset.datatype.DefaultDataTypeFactory[_toleratedDeltaMap=org.dbunit.dataset.datatype.ToleratedDeltaMap@6452310a], http://www.dbunit.org/properties/escapePattern=null, http://www.dbunit.org/properties/batchSize=100, http://www.dbunit.org/features/qualifiedTableNames=false, http://www.dbunit.org/properties/tableType=[Ljava.lang.String;@5011bafa, http://www.dbunit.org/properties/resultSetTableFactory=org.dbunit.database.CachedResultSetTableFactory@10bcf083, http://www.dbunit.org/features/datatypeWarning=true}], _dataSet=AbstractDataSet[_orderedTableNameMap=null], rootTables=[SCOPEDCONTENTCONDITION]) - start
147270 [main] DEBUG org.dbunit.util.search.DepthFirstSearch  - search(nodesFrom=[SCOPEDCONTENTCONDITION], callback=org.dbunit.database.search.ImportedKeysSearchCallback@30fa6f5) - start
147270 [main] DEBUG org.dbunit.util.CollectionsHelper  - objectsToSet(objects=SCOPEDCONTENTCONDITION) - start
147270 [main] DEBUG org.dbunit.util.search.DepthFirstSearch  - search(nodesFrom=[SCOPEDCONTENTCONDITION], callback=org.dbunit.database.search.ImportedKeysSearchCallback@30fa6f5) - start
147270 [main] DEBUG org.dbunit.util.search.DepthFirstSearch  - reverseSearch:SCOPEDCONTENTCONDITION
147270 [main] DEBUG org.dbunit.database.search.ImportedKeysSearchCallback  - searchNode(node=SCOPEDCONTENTCONDITION) - start
147270 [main] DEBUG org.dbunit.util.search.DepthFirstSearch  - Pushing (reverse) SCOPEDCONTENTCONDITION
147270 [main] DEBUG org.dbunit.database.search.ImportedKeysSearchCallback  - getEdges(node=SCOPEDCONTENTCONDITION) - start
147270 [main] DEBUG org.dbunit.database.search.AbstractMetaDataBasedSearchCallback  - getNodesFromImportedKeys(node=SCOPEDCONTENTCONDITION) - start
147270 [main] DEBUG org.dbunit.database.search.AbstractMetaDataBasedSearchCallback  - getNodes(type=0, node=SCOPEDCONTENTCONDITION) - start
147270 [main] DEBUG org.dbunit.database.DatabaseDataSourceConnection  - getConnection() - start
147270 [main] DEBUG org.dbunit.database.search.AbstractMetaDataBasedSearchCallback  - getNodes(type=0, node=SCOPEDCONTENTCONDITION, conn=Transaction-aware proxy for target Connection [jdbc:hsqldb:mem:kontrollDS, UserName=sw, HSQL Database Engine Driver], schema=null, metaData=org.apache.commons.dbcp.DelegatingDatabaseMetaData@789a2064, edges=[]) - start
147270 [main] DEBUG org.dbunit.database.search.AbstractMetaDataBasedSearchCallback  - Getting edges for node SCOPEDCONTENTCONDITION
147270 [main] TRACE org.dbunit.database.DatabaseConfig  - getProperty(name=http://www.dbunit.org/properties/metadataHandler) - start
147270 [main] TRACE org.dbunit.database.DefaultMetadataHandler  - tableExists(metaData=org.apache.commons.dbcp.DelegatingDatabaseMetaData@789a2064, schemaName=null, tableName=SCOPEDCONTENTCONDITION) - start
147271 [main] DEBUG org.dbunit.util.SQLHelper  - close(resultSet=org.apache.commons.dbcp.DelegatingResultSet@57e44367) - start
147272 [main] DEBUG org.dbunit.util.SQLHelper  - close(resultSet=org.apache.commons.dbcp.DelegatingResultSet@48d26c7d) - start
147272 [main] DEBUG org.dbunit.util.search.DepthFirstSearch  - search:SCOPEDCONTENTCONDITION
147272 [main] DEBUG org.dbunit.database.search.ImportedKeysSearchCallback  - searchNode(node=SCOPEDCONTENTCONDITION) - start
147272 [main] DEBUG org.dbunit.util.search.DepthFirstSearch  - Pushing SCOPEDCONTENTCONDITION
147272 [main] DEBUG org.dbunit.database.search.ImportedKeysSearchCallback  - getEdges(node=SCOPEDCONTENTCONDITION) - start
147272 [main] DEBUG org.dbunit.database.search.AbstractMetaDataBasedSearchCallback  - getNodesFromImportedKeys(node=SCOPEDCONTENTCONDITION) - start
147272 [main] DEBUG org.dbunit.database.search.AbstractMetaDataBasedSearchCallback  - getNodes(type=0, node=SCOPEDCONTENTCONDITION) - start
147272 [main] DEBUG org.dbunit.database.DatabaseDataSourceConnection  - getConnection() - start
147272 [main] DEBUG org.dbunit.database.search.AbstractMetaDataBasedSearchCallback  - getNodes(type=0, node=SCOPEDCONTENTCONDITION, conn=Transaction-aware proxy for target Connection [jdbc:hsqldb:mem:kontrollDS, UserName=sw, HSQL Database Engine Driver], schema=null, metaData=org.apache.commons.dbcp.DelegatingDatabaseMetaData@6ed0a7e4, edges=[]) - start
147272 [main] DEBUG org.dbunit.database.search.AbstractMetaDataBasedSearchCallback  - Getting edges for node SCOPEDCONTENTCONDITION
147272 [main] TRACE org.dbunit.database.DatabaseConfig  - getProperty(name=http://www.dbunit.org/properties/metadataHandler) - start
147272 [main] TRACE org.dbunit.database.DefaultMetadataHandler  - tableExists(metaData=org.apache.commons.dbcp.DelegatingDatabaseMetaData@6ed0a7e4, schemaName=null, tableName=SCOPEDCONTENTCONDITION) - start
147274 [main] DEBUG org.dbunit.util.SQLHelper  - close(resultSet=org.apache.commons.dbcp.DelegatingResultSet@3fa34280) - start
147274 [main] DEBUG org.dbunit.util.SQLHelper  - close(resultSet=org.apache.commons.dbcp.DelegatingResultSet@5218511) - start
147274 [main] DEBUG org.dbunit.util.search.DepthFirstSearch  - Adding node SCOPEDCONTENTCONDITION to the final result
147274 [main] DEBUG org.dbunit.util.CollectionsHelper  - setToStrings(set=[SCOPEDCONTENTCONDITION]) - start
147274 [main] DEBUG org.dbunit.database.search.TablesDependencyHelper  - getDependsOnTables(connection=_databaseConfig=org.dbunit.database.DatabaseConfig[, _propertyMap={http://www.dbunit.org/properties/statementFactory=org.dbunit.database.statement.PreparedStatementFactory@626bc2b8, http://www.dbunit.org/features/caseSensitiveTableNames=false, http://www.dbunit.org/properties/fetchSize=100, http://www.dbunit.org/features/batchedStatements=false, http://www.dbunit.org/properties/metadataHandler=org.dbunit.database.DefaultMetadataHandler@3bbfdfde, http://www.dbunit.org/properties/datatypeFactory=org.dbunit.dataset.datatype.DefaultDataTypeFactory[_toleratedDeltaMap=org.dbunit.dataset.datatype.ToleratedDeltaMap@6452310a], http://www.dbunit.org/properties/escapePattern=null, http://www.dbunit.org/properties/batchSize=100, http://www.dbunit.org/features/qualifiedTableNames=false, http://www.dbunit.org/properties/tableType=[Ljava.lang.String;@5011bafa, http://www.dbunit.org/properties/resultSetTableFactory=org.dbunit.database.CachedResultSetTableFactory@10bcf083, http://www.dbunit.org/features/datatypeWarning=true}], _dataSet=AbstractDataSet[_orderedTableNameMap=null], rootTable=SCOPEDCONTENTCONDITION) - start
147274 [main] DEBUG org.dbunit.util.search.DepthFirstSearch  - search(nodesFrom=[SCOPEDCONTENTCONDITION], callback=org.dbunit.database.search.ExportedKeysSearchCallback@3996e60a) - start
147274 [main] DEBUG org.dbunit.util.CollectionsHelper  - objectsToSet(objects=SCOPEDCONTENTCONDITION) - start
147274 [main] DEBUG org.dbunit.util.search.DepthFirstSearch  - search(nodesFrom=[SCOPEDCONTENTCONDITION], callback=org.dbunit.database.search.ExportedKeysSearchCallback@3996e60a) - start
147274 [main] DEBUG org.dbunit.util.search.DepthFirstSearch  - reverseSearch:SCOPEDCONTENTCONDITION
147274 [main] DEBUG org.dbunit.database.search.ExportedKeysSearchCallback  - searchNode(node=SCOPEDCONTENTCONDITION) - start
147275 [main] DEBUG org.dbunit.util.search.DepthFirstSearch  - Pushing (reverse) SCOPEDCONTENTCONDITION
147275 [main] DEBUG org.dbunit.database.search.ExportedKeysSearchCallback  - getEdges(node=SCOPEDCONTENTCONDITION) - start
147275 [main] DEBUG org.dbunit.database.search.AbstractMetaDataBasedSearchCallback  - getNodesFromExportedKeys(node=SCOPEDCONTENTCONDITION) - start
147275 [main] DEBUG org.dbunit.database.search.AbstractMetaDataBasedSearchCallback  - getNodes(type=1, node=SCOPEDCONTENTCONDITION) - start
147275 [main] DEBUG org.dbunit.database.DatabaseDataSourceConnection  - getConnection() - start
147275 [main] DEBUG org.dbunit.database.search.AbstractMetaDataBasedSearchCallback  - getNodes(type=1, node=SCOPEDCONTENTCONDITION, conn=Transaction-aware proxy for target Connection [jdbc:hsqldb:mem:kontrollDS, UserName=sw, HSQL Database Engine Driver], schema=null, metaData=org.apache.commons.dbcp.DelegatingDatabaseMetaData@61d8b80f, edges=[]) - start
147275 [main] DEBUG org.dbunit.database.search.AbstractMetaDataBasedSearchCallback  - Getting edges for node SCOPEDCONTENTCONDITION
147275 [main] TRACE org.dbunit.database.DatabaseConfig  - getProperty(name=http://www.dbunit.org/properties/metadataHandler) - start
147275 [main] TRACE org.dbunit.database.DefaultMetadataHandler  - tableExists(metaData=org.apache.commons.dbcp.DelegatingDatabaseMetaData@61d8b80f, schemaName=null, tableName=SCOPEDCONTENTCONDITION) - start
147276 [main] DEBUG org.dbunit.util.SQLHelper  - close(resultSet=org.apache.commons.dbcp.DelegatingResultSet@10218683) - start
147276 [main] DEBUG org.dbunit.util.QualifiedTableName  - getQualifiedNameIfEnabled(config=org.dbunit.database.DatabaseConfig[, _propertyMap={http://www.dbunit.org/properties/statementFactory=org.dbunit.database.statement.PreparedStatementFactory@626bc2b8, http://www.dbunit.org/features/caseSensitiveTableNames=false, http://www.dbunit.org/properties/fetchSize=100, http://www.dbunit.org/features/batchedStatements=false, http://www.dbunit.org/properties/metadataHandler=org.dbunit.database.DefaultMetadataHandler@3bbfdfde, http://www.dbunit.org/properties/datatypeFactory=org.dbunit.dataset.datatype.DefaultDataTypeFactory[_toleratedDeltaMap=org.dbunit.dataset.datatype.ToleratedDeltaMap@6452310a], http://www.dbunit.org/properties/escapePattern=null, http://www.dbunit.org/properties/batchSize=100, http://www.dbunit.org/features/qualifiedTableNames=false, http://www.dbunit.org/properties/tableType=[Ljava.lang.String;@5011bafa, http://www.dbunit.org/properties/resultSetTableFactory=org.dbunit.database.CachedResultSetTableFactory@10bcf083, http://www.dbunit.org/features/datatypeWarning=true}]) - start
147276 [main] TRACE org.dbunit.database.DatabaseConfig  - getFeature(name=http://www.dbunit.org/features/qualifiedTableNames) - start
147276 [main] TRACE org.dbunit.database.DatabaseConfig  - getProperty(name=http://www.dbunit.org/features/qualifiedTableNames) - start
147276 [main] DEBUG org.dbunit.util.QualifiedTableName  - Qualified table names feature is disabled. Returning plain table name
147276 [main] DEBUG org.dbunit.util.QualifiedTableName  - getQualifiedName(prefix=null, name=SCOPEDCONTENTCONDITION, escapePattern=null) - start
147277 [main] DEBUG org.dbunit.util.QualifiedTableName  - getQualifiedNameIfEnabled(config=org.dbunit.database.DatabaseConfig[, _propertyMap={http://www.dbunit.org/properties/statementFactory=org.dbunit.database.statement.PreparedStatementFactory@626bc2b8, http://www.dbunit.org/features/caseSensitiveTableNames=false, http://www.dbunit.org/properties/fetchSize=100, http://www.dbunit.org/features/batchedStatements=false, http://www.dbunit.org/properties/metadataHandler=org.dbunit.database.DefaultMetadataHandler@3bbfdfde, http://www.dbunit.org/properties/datatypeFactory=org.dbunit.dataset.datatype.DefaultDataTypeFactory[_toleratedDeltaMap=org.dbunit.dataset.datatype.ToleratedDeltaMap@6452310a], http://www.dbunit.org/properties/escapePattern=null, http://www.dbunit.org/properties/batchSize=100, http://www.dbunit.org/features/qualifiedTableNames=false, http://www.dbunit.org/properties/tableType=[Ljava.lang.String;@5011bafa, http://www.dbunit.org/properties/resultSetTableFactory=org.dbunit.database.CachedResultSetTableFactory@10bcf083, http://www.dbunit.org/features/datatypeWarning=true}]) - start
147277 [main] TRACE org.dbunit.database.DatabaseConfig  - getFeature(name=http://www.dbunit.org/features/qualifiedTableNames) - start
147277 [main] TRACE org.dbunit.database.DatabaseConfig  - getProperty(name=http://www.dbunit.org/features/qualifiedTableNames) - start
147277 [main] DEBUG org.dbunit.util.QualifiedTableName  - Qualified table names feature is disabled. Returning plain table name
147277 [main] DEBUG org.dbunit.util.QualifiedTableName  - getQualifiedName(prefix=null, name=NESTEDSCOPEDCONTENTCONDITIONS, escapePattern=null) - start
147277 [main] DEBUG org.dbunit.database.search.AbstractMetaDataBasedSearchCallback  - newEdge(rs=org.apache.commons.dbcp.DelegatingResultSet@6baa7f9d, type=1, from=SCOPEDCONTENTCONDITION, to=NESTEDSCOPEDCONTENTCONDITIONS, fkColumn=CHILD_CONDITION_ID, pkColumn=ID) - start
147277 [main] DEBUG org.dbunit.database.search.AbstractMetaDataBasedSearchCallback  - createFKEdge(rs=org.apache.commons.dbcp.DelegatingResultSet@6baa7f9d, type=1, from=SCOPEDCONTENTCONDITION, to=NESTEDSCOPEDCONTENTCONDITIONS, fkColumn=CHILD_CONDITION_ID, pkColumn=ID) - start
147277 [main] DEBUG org.dbunit.database.search.AbstractMetaDataBasedSearchCallback  - Adding edge NESTEDSCOPEDCONTENTCONDITIONS(CHILD_CONDITION_ID)->SCOPEDCONTENTCONDITION(ID)
147277 [main] DEBUG org.dbunit.util.search.Edge  - compareTo(o=NESTEDSCOPEDCONTENTCONDITIONS(CHILD_CONDITION_ID)->SCOPEDCONTENTCONDITION(ID)) - start
147277 [main] DEBUG org.dbunit.util.QualifiedTableName  - getQualifiedNameIfEnabled(config=org.dbunit.database.DatabaseConfig[, _propertyMap={http://www.dbunit.org/properties/statementFactory=org.dbunit.database.statement.PreparedStatementFactory@626bc2b8, http://www.dbunit.org/features/caseSensitiveTableNames=false, http://www.dbunit.org/properties/fetchSize=100, http://www.dbunit.org/features/batchedStatements=false, http://www.dbunit.org/properties/metadataHandler=org.dbunit.database.DefaultMetadataHandler@3bbfdfde, http://www.dbunit.org/properties/datatypeFactory=org.dbunit.dataset.datatype.DefaultDataTypeFactory[_toleratedDeltaMap=org.dbunit.dataset.datatype.ToleratedDeltaMap@6452310a], http://www.dbunit.org/properties/escapePattern=null, http://www.dbunit.org/properties/batchSize=100, http://www.dbunit.org/features/qualifiedTableNames=false, http://www.dbunit.org/properties/tableType=[Ljava.lang.String;@5011bafa, http://www.dbunit.org/properties/resultSetTableFactory=org.dbunit.database.CachedResultSetTableFactory@10bcf083, http://www.dbunit.org/features/datatypeWarning=true}]) - start
147277 [main] TRACE org.dbunit.database.DatabaseConfig  - getFeature(name=http://www.dbunit.org/features/qualifiedTableNames) - start
147277 [main] TRACE org.dbunit.database.DatabaseConfig  - getProperty(name=http://www.dbunit.org/features/qualifiedTableNames) - start
147277 [main] DEBUG org.dbunit.util.QualifiedTableName  - Qualified table names feature is disabled. Returning plain table name
147278 [main] DEBUG org.dbunit.util.QualifiedTableName  - getQualifiedName(prefix=null, name=SCOPEDCONTENTCONDITION, escapePattern=null) - start
147278 [main] DEBUG org.dbunit.util.QualifiedTableName  - getQualifiedNameIfEnabled(config=org.dbunit.database.DatabaseConfig[, _propertyMap={http://www.dbunit.org/properties/statementFactory=org.dbunit.database.statement.PreparedStatementFactory@626bc2b8, http://www.dbunit.org/features/caseSensitiveTableNames=false, http://www.dbunit.org/properties/fetchSize=100, http://www.dbunit.org/features/batchedStatements=false, http://www.dbunit.org/properties/metadataHandler=org.dbunit.database.DefaultMetadataHandler@3bbfdfde, http://www.dbunit.org/properties/datatypeFactory=org.dbunit.dataset.datatype.DefaultDataTypeFactory[_toleratedDeltaMap=org.dbunit.dataset.datatype.ToleratedDeltaMap@6452310a], http://www.dbunit.org/properties/escapePattern=null, http://www.dbunit.org/properties/batchSize=100, http://www.dbunit.org/features/qualifiedTableNames=false, http://www.dbunit.org/properties/tableType=[Ljava.lang.String;@5011bafa, http://www.dbunit.org/properties/resultSetTableFactory=org.dbunit.database.CachedResultSetTableFactory@10bcf083, http://www.dbunit.org/features/datatypeWarning=true}]) - start
147278 [main] TRACE org.dbunit.database.DatabaseConfig  - getFeature(name=http://www.dbunit.org/features/qualifiedTableNames) - start
147278 [main] TRACE org.dbunit.database.DatabaseConfig  - getProperty(name=http://www.dbunit.org/features/qualifiedTableNames) - start
147278 [main] DEBUG org.dbunit.util.QualifiedTableName  - Qualified table names feature is disabled. Returning plain table name
147278 [main] DEBUG org.dbunit.util.QualifiedTableName  - getQualifiedName(prefix=null, name=NESTEDSCOPEDCONTENTCONDITIONS, escapePattern=null) - start
147278 [main] DEBUG org.dbunit.database.search.AbstractMetaDataBasedSearchCallback  - newEdge(rs=org.apache.commons.dbcp.DelegatingResultSet@6baa7f9d, type=1, from=SCOPEDCONTENTCONDITION, to=NESTEDSCOPEDCONTENTCONDITIONS, fkColumn=PARENT_CONDITION_ID, pkColumn=ID) - start
147278 [main] DEBUG org.dbunit.database.search.AbstractMetaDataBasedSearchCallback  - createFKEdge(rs=org.apache.commons.dbcp.DelegatingResultSet@6baa7f9d, type=1, from=SCOPEDCONTENTCONDITION, to=NESTEDSCOPEDCONTENTCONDITIONS, fkColumn=PARENT_CONDITION_ID, pkColumn=ID) - start
147278 [main] DEBUG org.dbunit.database.search.AbstractMetaDataBasedSearchCallback  - Adding edge NESTEDSCOPEDCONTENTCONDITIONS(PARENT_CONDITION_ID)->SCOPEDCONTENTCONDITION(ID)
147278 [main] DEBUG org.dbunit.util.search.Edge  - compareTo(o=NESTEDSCOPEDCONTENTCONDITIONS(CHILD_CONDITION_ID)->SCOPEDCONTENTCONDITION(ID)) - start
147278 [main] DEBUG org.dbunit.util.QualifiedTableName  - getQualifiedNameIfEnabled(config=org.dbunit.database.DatabaseConfig[, _propertyMap={http://www.dbunit.org/properties/statementFactory=org.dbunit.database.statement.PreparedStatementFactory@626bc2b8, http://www.dbunit.org/features/caseSensitiveTableNames=false, http://www.dbunit.org/properties/fetchSize=100, http://www.dbunit.org/features/batchedStatements=false, http://www.dbunit.org/properties/metadataHandler=org.dbunit.database.DefaultMetadataHandler@3bbfdfde, http://www.dbunit.org/properties/datatypeFactory=org.dbunit.dataset.datatype.DefaultDataTypeFactory[_toleratedDeltaMap=org.dbunit.dataset.datatype.ToleratedDeltaMap@6452310a], http://www.dbunit.org/properties/escapePattern=null, http://www.dbunit.org/properties/batchSize=100, http://www.dbunit.org/features/qualifiedTableNames=false, http://www.dbunit.org/properties/tableType=[Ljava.lang.String;@5011bafa, http://www.dbunit.org/properties/resultSetTableFactory=org.dbunit.database.CachedResultSetTableFactory@10bcf083, http://www.dbunit.org/features/datatypeWarning=true}]) - start
147278 [main] TRACE org.dbunit.database.DatabaseConfig  - getFeature(name=http://www.dbunit.org/features/qualifiedTableNames) - start
147278 [main] TRACE org.dbunit.database.DatabaseConfig  - getProperty(name=http://www.dbunit.org/features/qualifiedTableNames) - start
147278 [main] DEBUG org.dbunit.util.QualifiedTableName  - Qualified table names feature is disabled. Returning plain table name
147278 [main] DEBUG org.dbunit.util.QualifiedTableName  - getQualifiedName(prefix=null, name=SCOPEDCONTENTCONDITION, escapePattern=null) - start
147278 [main] DEBUG org.dbunit.util.QualifiedTableName  - getQualifiedNameIfEnabled(config=org.dbunit.database.DatabaseConfig[, _propertyMap={http://www.dbunit.org/properties/statementFactory=org.dbunit.database.statement.PreparedStatementFactory@626bc2b8, http://www.dbunit.org/features/caseSensitiveTableNames=false, http://www.dbunit.org/properties/fetchSize=100, http://www.dbunit.org/features/batchedStatements=false, http://www.dbunit.org/properties/metadataHandler=org.dbunit.database.DefaultMetadataHandler@3bbfdfde, http://www.dbunit.org/properties/datatypeFactory=org.dbunit.dataset.datatype.DefaultDataTypeFactory[_toleratedDeltaMap=org.dbunit.dataset.datatype.ToleratedDeltaMap@6452310a], http://www.dbunit.org/properties/escapePattern=null, http://www.dbunit.org/properties/batchSize=100, http://www.dbunit.org/features/qualifiedTableNames=false, http://www.dbunit.org/properties/tableType=[Ljava.lang.String;@5011bafa, http://www.dbunit.org/properties/resultSetTableFactory=org.dbunit.database.CachedResultSetTableFactory@10bcf083, http://www.dbunit.org/features/datatypeWarning=true}]) - start
147279 [main] TRACE org.dbunit.database.DatabaseConfig  - getFeature(name=http://www.dbunit.org/features/qualifiedTableNames) - start
147279 [main] TRACE org.dbunit.database.DatabaseConfig  - getProperty(name=http://www.dbunit.org/features/qualifiedTableNames) - start
147279 [main] DEBUG org.dbunit.util.QualifiedTableName  - Qualified table names feature is disabled. Returning plain table name
147279 [main] DEBUG org.dbunit.util.QualifiedTableName  - getQualifiedName(prefix=null, name=SCOPEDCONTENTCONDITIONATTRIBUTE, escapePattern=null) - start
147279 [main] DEBUG org.dbunit.database.search.AbstractMetaDataBasedSearchCallback  - newEdge(rs=org.apache.commons.dbcp.DelegatingResultSet@6baa7f9d, type=1, from=SCOPEDCONTENTCONDITION, to=SCOPEDCONTENTCONDITIONATTRIBUTE, fkColumn=SCOPEDCONTENTCONDITION, pkColumn=ID) - start
147279 [main] DEBUG org.dbunit.database.search.AbstractMetaDataBasedSearchCallback  - createFKEdge(rs=org.apache.commons.dbcp.DelegatingResultSet@6baa7f9d, type=1, from=SCOPEDCONTENTCONDITION, to=SCOPEDCONTENTCONDITIONATTRIBUTE, fkColumn=SCOPEDCONTENTCONDITION, pkColumn=ID) - start
147279 [main] DEBUG org.dbunit.database.search.AbstractMetaDataBasedSearchCallback  - Adding edge SCOPEDCONTENTCONDITIONATTRIBUTE(SCOPEDCONTENTCONDITION)->SCOPEDCONTENTCONDITION(ID)
147279 [main] DEBUG org.dbunit.util.search.Edge  - compareTo(o=NESTEDSCOPEDCONTENTCONDITIONS(CHILD_CONDITION_ID)->SCOPEDCONTENTCONDITION(ID)) - start
147279 [main] DEBUG org.dbunit.util.QualifiedTableName  - getQualifiedNameIfEnabled(config=org.dbunit.database.DatabaseConfig[, _propertyMap={http://www.dbunit.org/properties/statementFactory=org.dbunit.database.statement.PreparedStatementFactory@626bc2b8, http://www.dbunit.org/features/caseSensitiveTableNames=false, http://www.dbunit.org/properties/fetchSize=100, http://www.dbunit.org/features/batchedStatements=false, http://www.dbunit.org/properties/metadataHandler=org.dbunit.database.DefaultMetadataHandler@3bbfdfde, http://www.dbunit.org/properties/datatypeFactory=org.dbunit.dataset.datatype.DefaultDataTypeFactory[_toleratedDeltaMap=org.dbunit.dataset.datatype.ToleratedDeltaMap@6452310a], http://www.dbunit.org/properties/escapePattern=null, http://www.dbunit.org/properties/batchSize=100, http://www.dbunit.org/features/qualifiedTableNames=false, http://www.dbunit.org/properties/tableType=[Ljava.lang.String;@5011bafa, http://www.dbunit.org/properties/resultSetTableFactory=org.dbunit.database.CachedResultSetTableFactory@10bcf083, http://www.dbunit.org/features/datatypeWarning=true}]) - start
147279 [main] TRACE org.dbunit.database.DatabaseConfig  - getFeature(name=http://www.dbunit.org/features/qualifiedTableNames) - start
147279 [main] TRACE org.dbunit.database.DatabaseConfig  - getProperty(name=http://www.dbunit.org/features/qualifiedTableNames) - start
147279 [main] DEBUG org.dbunit.util.QualifiedTableName  - Qualified table names feature is disabled. Returning plain table name
147279 [main] DEBUG org.dbunit.util.QualifiedTableName  - getQualifiedName(prefix=null, name=SCOPEDCONTENTCONDITION, escapePattern=null) - start
147279 [main] DEBUG org.dbunit.util.QualifiedTableName  - getQualifiedNameIfEnabled(config=org.dbunit.database.DatabaseConfig[, _propertyMap={http://www.dbunit.org/properties/statementFactory=org.dbunit.database.statement.PreparedStatementFactory@626bc2b8, http://www.dbunit.org/features/caseSensitiveTableNames=false, http://www.dbunit.org/properties/fetchSize=100, http://www.dbunit.org/features/batchedStatements=false, http://www.dbunit.org/properties/metadataHandler=org.dbunit.database.DefaultMetadataHandler@3bbfdfde, http://www.dbunit.org/properties/datatypeFactory=org.dbunit.dataset.datatype.DefaultDataTypeFactory[_toleratedDeltaMap=org.dbunit.dataset.datatype.ToleratedDeltaMap@6452310a], http://www.dbunit.org/properties/escapePattern=null, http://www.dbunit.org/properties/batchSize=100, http://www.dbunit.org/features/qualifiedTableNames=false, http://www.dbunit.org/properties/tableType=[Ljava.lang.String;@5011bafa, http://www.dbunit.org/properties/resultSetTableFactory=org.dbunit.database.CachedResultSetTableFactory@10bcf083, http://www.dbunit.org/features/datatypeWarning=true}]) - start
147279 [main] TRACE org.dbunit.database.DatabaseConfig  - getFeature(name=http://www.dbunit.org/features/qualifiedTableNames) - start
147279 [main] TRACE org.dbunit.database.DatabaseConfig  - getProperty(name=http://www.dbunit.org/features/qualifiedTableNames) - start
147280 [main] DEBUG org.dbunit.util.QualifiedTableName  - Qualified table names feature is disabled. Returning plain table name
147280 [main] DEBUG org.dbunit.util.QualifiedTableName  - getQualifiedName(prefix=null, name=SCOPEDCONTENTCONDITIONS_SCOPEDCONTENT, escapePattern=null) - start
147280 [main] DEBUG org.dbunit.database.search.AbstractMetaDataBasedSearchCallback  - newEdge(rs=org.apache.commons.dbcp.DelegatingResultSet@6baa7f9d, type=1, from=SCOPEDCONTENTCONDITION, to=SCOPEDCONTENTCONDITIONS_SCOPEDCONTENT, fkColumn=SCOPED_CONTENT_CONDITION_ID, pkColumn=ID) - start
147280 [main] DEBUG org.dbunit.database.search.AbstractMetaDataBasedSearchCallback  - createFKEdge(rs=org.apache.commons.dbcp.DelegatingResultSet@6baa7f9d, type=1, from=SCOPEDCONTENTCONDITION, to=SCOPEDCONTENTCONDITIONS_SCOPEDCONTENT, fkColumn=SCOPED_CONTENT_CONDITION_ID, pkColumn=ID) - start
147280 [main] DEBUG org.dbunit.database.search.AbstractMetaDataBasedSearchCallback  - Adding edge SCOPEDCONTENTCONDITIONS_SCOPEDCONTENT(SCOPED_CONTENT_CONDITION_ID)->SCOPEDCONTENTCONDITION(ID)
147280 [main] DEBUG org.dbunit.util.search.Edge  - compareTo(o=NESTEDSCOPEDCONTENTCONDITIONS(CHILD_CONDITION_ID)->SCOPEDCONTENTCONDITION(ID)) - start
147280 [main] DEBUG org.dbunit.util.search.Edge  - compareTo(o=SCOPEDCONTENTCONDITIONATTRIBUTE(SCOPEDCONTENTCONDITION)->SCOPEDCONTENTCONDITION(ID)) - start
147280 [main] DEBUG org.dbunit.util.QualifiedTableName  - getQualifiedNameIfEnabled(config=org.dbunit.database.DatabaseConfig[, _propertyMap={http://www.dbunit.org/properties/statementFactory=org.dbunit.database.statement.PreparedStatementFactory@626bc2b8, http://www.dbunit.org/features/caseSensitiveTableNames=false, http://www.dbunit.org/properties/fetchSize=100, http://www.dbunit.org/features/batchedStatements=false, http://www.dbunit.org/properties/metadataHandler=org.dbunit.database.DefaultMetadataHandler@3bbfdfde, http://www.dbunit.org/properties/datatypeFactory=org.dbunit.dataset.datatype.DefaultDataTypeFactory[_toleratedDeltaMap=org.dbunit.dataset.datatype.ToleratedDeltaMap@6452310a], http://www.dbunit.org/properties/escapePattern=null, http://www.dbunit.org/properties/batchSize=100, http://www.dbunit.org/features/qualifiedTableNames=false, http://www.dbunit.org/properties/tableType=[Ljava.lang.String;@5011bafa, http://www.dbunit.org/properties/resultSetTableFactory=org.dbunit.database.CachedResultSetTableFactory@10bcf083, http://www.dbunit.org/features/datatypeWarning=true}]) - start
147280 [main] TRACE org.dbunit.database.DatabaseConfig  - getFeature(name=http://www.dbunit.org/features/qualifiedTableNames) - start
147280 [main] TRACE org.dbunit.database.DatabaseConfig  - getProperty(name=http://www.dbunit.org/features/qualifiedTableNames) - start
147280 [main] DEBUG org.dbunit.util.QualifiedTableName  - Qualified table names feature is disabled. Returning plain table name
147280 [main] DEBUG org.dbunit.util.QualifiedTableName  - getQualifiedName(prefix=null, name=SCOPEDCONTENTCONDITION, escapePattern=null) - start
147280 [main] DEBUG org.dbunit.util.QualifiedTableName  - getQualifiedNameIfEnabled(config=org.dbunit.database.DatabaseConfig[, _propertyMap={http://www.dbunit.org/properties/statementFactory=org.dbunit.database.statement.PreparedStatementFactory@626bc2b8, http://www.dbunit.org/features/caseSensitiveTableNames=false, http://www.dbunit.org/properties/fetchSize=100, http://www.dbunit.org/features/batchedStatements=false, http://www.dbunit.org/properties/metadataHandler=org.dbunit.database.DefaultMetadataHandler@3bbfdfde, http://www.dbunit.org/properties/datatypeFactory=org.dbunit.dataset.datatype.DefaultDataTypeFactory[_toleratedDeltaMap=org.dbunit.dataset.datatype.ToleratedDeltaMap@6452310a], http://www.dbunit.org/properties/escapePattern=null, http://www.dbunit.org/properties/batchSize=100, http://www.dbunit.org/features/qualifiedTableNames=false, http://www.dbunit.org/properties/tableType=[Ljava.lang.String;@5011bafa, http://www.dbunit.org/properties/resultSetTableFactory=org.dbunit.database.CachedResultSetTableFactory@10bcf083, http://www.dbunit.org/features/datatypeWarning=true}]) - start
147280 [main] TRACE org.dbunit.database.DatabaseConfig  - getFeature(name=http://www.dbunit.org/features/qualifiedTableNames) - start
147280 [main] TRACE org.dbunit.database.DatabaseConfig  - getProperty(name=http://www.dbunit.org/features/qualifiedTableNames) - start
147281 [main] DEBUG org.dbunit.util.QualifiedTableName  - Qualified table names feature is disabled. Returning plain table name
147281 [main] DEBUG org.dbunit.util.QualifiedTableName  - getQualifiedName(prefix=null, name=SCOPEDCONTENTCONDITIONS_SCOPEDCONTENTITEM, escapePattern=null) - start
147281 [main] DEBUG org.dbunit.database.search.AbstractMetaDataBasedSearchCallback  - newEdge(rs=org.apache.commons.dbcp.DelegatingResultSet@6baa7f9d, type=1, from=SCOPEDCONTENTCONDITION, to=SCOPEDCONTENTCONDITIONS_SCOPEDCONTENTITEM, fkColumn=SCOPED_CONTENT_CONDITION_ID, pkColumn=ID) - start
147281 [main] DEBUG org.dbunit.database.search.AbstractMetaDataBasedSearchCallback  - createFKEdge(rs=org.apache.commons.dbcp.DelegatingResultSet@6baa7f9d, type=1, from=SCOPEDCONTENTCONDITION, to=SCOPEDCONTENTCONDITIONS_SCOPEDCONTENTITEM, fkColumn=SCOPED_CONTENT_CONDITION_ID, pkColumn=ID) - start
147281 [main] DEBUG org.dbunit.database.search.AbstractMetaDataBasedSearchCallback  - Adding edge SCOPEDCONTENTCONDITIONS_SCOPEDCONTENTITEM(SCOPED_CONTENT_CONDITION_ID)->SCOPEDCONTENTCONDITION(ID)
147281 [main] DEBUG org.dbunit.util.search.Edge  - compareTo(o=SCOPEDCONTENTCONDITIONATTRIBUTE(SCOPEDCONTENTCONDITION)->SCOPEDCONTENTCONDITION(ID)) - start
147281 [main] DEBUG org.dbunit.util.search.Edge  - compareTo(o=SCOPEDCONTENTCONDITIONS_SCOPEDCONTENT(SCOPED_CONTENT_CONDITION_ID)->SCOPEDCONTENTCONDITION(ID)) - start
147281 [main] DEBUG org.dbunit.util.SQLHelper  - close(resultSet=org.apache.commons.dbcp.DelegatingResultSet@6baa7f9d) - start
147281 [main] DEBUG org.dbunit.util.search.DepthFirstSearch  - reverseSearch:NESTEDSCOPEDCONTENTCONDITIONS
147281 [main] DEBUG org.dbunit.database.search.ExportedKeysSearchCallback  - searchNode(node=NESTEDSCOPEDCONTENTCONDITIONS) - start
147281 [main] DEBUG org.dbunit.util.search.DepthFirstSearch  - Pushing (reverse) NESTEDSCOPEDCONTENTCONDITIONS
147281 [main] DEBUG org.dbunit.database.search.ExportedKeysSearchCallback  - getEdges(node=NESTEDSCOPEDCONTENTCONDITIONS) - start
147281 [main] DEBUG org.dbunit.database.search.AbstractMetaDataBasedSearchCallback  - getNodesFromExportedKeys(node=NESTEDSCOPEDCONTENTCONDITIONS) - start
147281 [main] DEBUG org.dbunit.database.search.AbstractMetaDataBasedSearchCallback  - getNodes(type=1, node=NESTEDSCOPEDCONTENTCONDITIONS) - start
147281 [main] DEBUG org.dbunit.database.DatabaseDataSourceConnection  - getConnection() - start
147281 [main] DEBUG org.dbunit.database.search.AbstractMetaDataBasedSearchCallback  - getNodes(type=1, node=NESTEDSCOPEDCONTENTCONDITIONS, conn=Transaction-aware proxy for target Connection [jdbc:hsqldb:mem:kontrollDS, UserName=sw, HSQL Database Engine Driver], schema=null, metaData=org.apache.commons.dbcp.DelegatingDatabaseMetaData@6a053a4, edges=[]) - start
147281 [main] DEBUG org.dbunit.database.search.AbstractMetaDataBasedSearchCallback  - Getting edges for node NESTEDSCOPEDCONTENTCONDITIONS
147281 [main] TRACE org.dbunit.database.DatabaseConfig  - getProperty(name=http://www.dbunit.org/properties/metadataHandler) - start
147281 [main] TRACE org.dbunit.database.DefaultMetadataHandler  - tableExists(metaData=org.apache.commons.dbcp.DelegatingDatabaseMetaData@6a053a4, schemaName=null, tableName=NESTEDSCOPEDCONTENTCONDITIONS) - start
147282 [main] DEBUG org.dbunit.util.SQLHelper  - close(resultSet=org.apache.commons.dbcp.DelegatingResultSet@3bd906f1) - start
147283 [main] DEBUG org.dbunit.util.SQLHelper  - close(resultSet=org.apache.commons.dbcp.DelegatingResultSet@68376e25) - start
147283 [main] DEBUG org.dbunit.util.search.DepthFirstSearch  - reverseSearch:SCOPEDCONTENTCONDITIONATTRIBUTE
147284 [main] DEBUG org.dbunit.database.search.ExportedKeysSearchCallback  - searchNode(node=SCOPEDCONTENTCONDITIONATTRIBUTE) - start
147284 [main] DEBUG org.dbunit.util.search.DepthFirstSearch  - Pushing (reverse) SCOPEDCONTENTCONDITIONATTRIBUTE
147284 [main] DEBUG org.dbunit.database.search.ExportedKeysSearchCallback  - getEdges(node=SCOPEDCONTENTCONDITIONATTRIBUTE) - start
147284 [main] DEBUG org.dbunit.database.search.AbstractMetaDataBasedSearchCallback  - getNodesFromExportedKeys(node=SCOPEDCONTENTCONDITIONATTRIBUTE) - start
147284 [main] DEBUG org.dbunit.database.search.AbstractMetaDataBasedSearchCallback  - getNodes(type=1, node=SCOPEDCONTENTCONDITIONATTRIBUTE) - start
147284 [main] DEBUG org.dbunit.database.DatabaseDataSourceConnection  - getConnection() - start
147284 [main] DEBUG org.dbunit.database.search.AbstractMetaDataBasedSearchCallback  - getNodes(type=1, node=SCOPEDCONTENTCONDITIONATTRIBUTE, conn=Transaction-aware proxy for target Connection [jdbc:hsqldb:mem:kontrollDS, UserName=sw, HSQL Database Engine Driver], schema=null, metaData=org.apache.commons.dbcp.DelegatingDatabaseMetaData@f207497, edges=[]) - start
147284 [main] DEBUG org.dbunit.database.search.AbstractMetaDataBasedSearchCallback  - Getting edges for node SCOPEDCONTENTCONDITIONATTRIBUTE
147284 [main] TRACE org.dbunit.database.DatabaseConfig  - getProperty(name=http://www.dbunit.org/properties/metadataHandler) - start
147284 [main] TRACE org.dbunit.database.DefaultMetadataHandler  - tableExists(metaData=org.apache.commons.dbcp.DelegatingDatabaseMetaData@f207497, schemaName=null, tableName=SCOPEDCONTENTCONDITIONATTRIBUTE) - start
147285 [main] DEBUG org.dbunit.util.SQLHelper  - close(resultSet=org.apache.commons.dbcp.DelegatingResultSet@2f57f4) - start
147285 [main] DEBUG org.dbunit.util.SQLHelper  - close(resultSet=org.apache.commons.dbcp.DelegatingResultSet@2c7d4eef) - start
147285 [main] DEBUG org.dbunit.util.search.DepthFirstSearch  - reverseSearch:SCOPEDCONTENTCONDITIONS_SCOPEDCONTENT
147285 [main] DEBUG org.dbunit.database.search.ExportedKeysSearchCallback  - searchNode(node=SCOPEDCONTENTCONDITIONS_SCOPEDCONTENT) - start
147285 [main] DEBUG org.dbunit.util.search.DepthFirstSearch  - Pushing (reverse) SCOPEDCONTENTCONDITIONS_SCOPEDCONTENT
147285 [main] DEBUG org.dbunit.database.search.ExportedKeysSearchCallback  - getEdges(node=SCOPEDCONTENTCONDITIONS_SCOPEDCONTENT) - start
147285 [main] DEBUG org.dbunit.database.search.AbstractMetaDataBasedSearchCallback  - getNodesFromExportedKeys(node=SCOPEDCONTENTCONDITIONS_SCOPEDCONTENT) - start
147285 [main] DEBUG org.dbunit.database.search.AbstractMetaDataBasedSearchCallback  - getNodes(type=1, node=SCOPEDCONTENTCONDITIONS_SCOPEDCONTENT) - start
147285 [main] DEBUG org.dbunit.database.DatabaseDataSourceConnection  - getConnection() - start
147285 [main] DEBUG org.dbunit.database.search.AbstractMetaDataBasedSearchCallback  - getNodes(type=1, node=SCOPEDCONTENTCONDITIONS_SCOPEDCONTENT, conn=Transaction-aware proxy for target Connection [jdbc:hsqldb:mem:kontrollDS, UserName=sw, HSQL Database Engine Driver], schema=null, metaData=org.apache.commons.dbcp.DelegatingDatabaseMetaData@56c943ba, edges=[]) - start
147285 [main] DEBUG org.dbunit.database.search.AbstractMetaDataBasedSearchCallback  - Getting edges for node SCOPEDCONTENTCONDITIONS_SCOPEDCONTENT
147285 [main] TRACE org.dbunit.database.DatabaseConfig  - getProperty(name=http://www.dbunit.org/properties/metadataHandler) - start
147285 [main] TRACE org.dbunit.database.DefaultMetadataHandler  - tableExists(metaData=org.apache.commons.dbcp.DelegatingDatabaseMetaData@56c943ba, schemaName=null, tableName=SCOPEDCONTENTCONDITIONS_SCOPEDCONTENT) - start
147321 [main] DEBUG org.dbunit.util.SQLHelper  - close(resultSet=org.apache.commons.dbcp.DelegatingResultSet@15b74f05) - start
147321 [main] DEBUG org.dbunit.util.SQLHelper  - close(resultSet=org.apache.commons.dbcp.DelegatingResultSet@5a81c80d) - start
147321 [main] DEBUG org.dbunit.util.search.DepthFirstSearch  - reverseSearch:SCOPEDCONTENTCONDITIONS_SCOPEDCONTENTITEM
147321 [main] DEBUG org.dbunit.database.search.ExportedKeysSearchCallback  - searchNode(node=SCOPEDCONTENTCONDITIONS_SCOPEDCONTENTITEM) - start
147321 [main] DEBUG org.dbunit.util.search.DepthFirstSearch  - Pushing (reverse) SCOPEDCONTENTCONDITIONS_SCOPEDCONTENTITEM
147321 [main] DEBUG org.dbunit.database.search.ExportedKeysSearchCallback  - getEdges(node=SCOPEDCONTENTCONDITIONS_SCOPEDCONTENTITEM) - start
147321 [main] DEBUG org.dbunit.database.search.AbstractMetaDataBasedSearchCallback  - getNodesFromExportedKeys(node=SCOPEDCONTENTCONDITIONS_SCOPEDCONTENTITEM) - start
147321 [main] DEBUG org.dbunit.database.search.AbstractMetaDataBasedSearchCallback  - getNodes(type=1, node=SCOPEDCONTENTCONDITIONS_SCOPEDCONTENTITEM) - start
147321 [main] DEBUG org.dbunit.database.DatabaseDataSourceConnection  - getConnection() - start
147321 [main] DEBUG org.dbunit.database.search.AbstractMetaDataBasedSearchCallback  - getNodes(type=1, node=SCOPEDCONTENTCONDITIONS_SCOPEDCONTENTITEM, conn=Transaction-aware proxy for target Connection [jdbc:hsqldb:mem:kontrollDS, UserName=sw, HSQL Database Engine Driver], schema=null, metaData=org.apache.commons.dbcp.DelegatingDatabaseMetaData@7e74fbe6, edges=[]) - start
147322 [main] DEBUG org.dbunit.database.search.AbstractMetaDataBasedSearchCallback  - Getting edges for node SCOPEDCONTENTCONDITIONS_SCOPEDCONTENTITEM
147322 [main] TRACE org.dbunit.database.DatabaseConfig  - getProperty(name=http://www.dbunit.org/properties/metadataHandler) - start
147322 [main] TRACE org.dbunit.database.DefaultMetadataHandler  - tableExists(metaData=org.apache.commons.dbcp.DelegatingDatabaseMetaData@7e74fbe6, schemaName=null, tableName=SCOPEDCONTENTCONDITIONS_SCOPEDCONTENTITEM) - start
147323 [main] DEBUG org.dbunit.util.SQLHelper  - close(resultSet=org.apache.commons.dbcp.DelegatingResultSet@101984d3) - start
147323 [main] DEBUG org.dbunit.util.SQLHelper  - close(resultSet=org.apache.commons.dbcp.DelegatingResultSet@2a9dfb51) - start
147323 [main] DEBUG org.dbunit.util.search.DepthFirstSearch  - search:NESTEDSCOPEDCONTENTCONDITIONS
147323 [main] DEBUG org.dbunit.database.search.ExportedKeysSearchCallback  - searchNode(node=NESTEDSCOPEDCONTENTCONDITIONS) - start
147323 [main] DEBUG org.dbunit.util.search.DepthFirstSearch  - Pushing NESTEDSCOPEDCONTENTCONDITIONS
147323 [main] DEBUG org.dbunit.database.search.ExportedKeysSearchCallback  - getEdges(node=NESTEDSCOPEDCONTENTCONDITIONS) - start
147323 [main] DEBUG org.dbunit.database.search.AbstractMetaDataBasedSearchCallback  - getNodesFromExportedKeys(node=NESTEDSCOPEDCONTENTCONDITIONS) - start
147323 [main] DEBUG org.dbunit.database.search.AbstractMetaDataBasedSearchCallback  - getNodes(type=1, node=NESTEDSCOPEDCONTENTCONDITIONS) - start
147323 [main] DEBUG org.dbunit.database.DatabaseDataSourceConnection  - getConnection() - start
147323 [main] DEBUG org.dbunit.database.search.AbstractMetaDataBasedSearchCallback  - getNodes(type=1, node=NESTEDSCOPEDCONTENTCONDITIONS, conn=Transaction-aware proxy for target Connection [jdbc:hsqldb:mem:kontrollDS, UserName=sw, HSQL Database Engine Driver], schema=null, metaData=org.apache.commons.dbcp.DelegatingDatabaseMetaData@69de98b2, edges=[]) - start
147323 [main] DEBUG org.dbunit.database.search.AbstractMetaDataBasedSearchCallback  - Getting edges for node NESTEDSCOPEDCONTENTCONDITIONS
147323 [main] TRACE org.dbunit.database.DatabaseConfig  - getProperty(name=http://www.dbunit.org/properties/metadataHandler) - start
147342 [main] TRACE org.dbunit.database.DefaultMetadataHandler  - tableExists(metaData=org.apache.commons.dbcp.DelegatingDatabaseMetaData@69de98b2, schemaName=null, tableName=NESTEDSCOPEDCONTENTCONDITIONS) - start
147343 [main] DEBUG org.dbunit.util.SQLHelper  - close(resultSet=org.apache.commons.dbcp.DelegatingResultSet@6bdf178f) - start
147344 [main] DEBUG org.dbunit.util.SQLHelper  - close(resultSet=org.apache.commons.dbcp.DelegatingResultSet@48160138) - start
147344 [main] DEBUG org.dbunit.util.search.DepthFirstSearch  - Adding node NESTEDSCOPEDCONTENTCONDITIONS to the final result
147344 [main] DEBUG org.dbunit.util.search.DepthFirstSearch  - search:SCOPEDCONTENTCONDITIONATTRIBUTE
147344 [main] DEBUG org.dbunit.database.search.ExportedKeysSearchCallback  - searchNode(node=SCOPEDCONTENTCONDITIONATTRIBUTE) - start
147344 [main] DEBUG org.dbunit.util.search.DepthFirstSearch  - Pushing SCOPEDCONTENTCONDITIONATTRIBUTE
147344 [main] DEBUG org.dbunit.database.search.ExportedKeysSearchCallback  - getEdges(node=SCOPEDCONTENTCONDITIONATTRIBUTE) - start
147344 [main] DEBUG org.dbunit.database.search.AbstractMetaDataBasedSearchCallback  - getNodesFromExportedKeys(node=SCOPEDCONTENTCONDITIONATTRIBUTE) - start
147344 [main] DEBUG org.dbunit.database.search.AbstractMetaDataBasedSearchCallback  - getNodes(type=1, node=SCOPEDCONTENTCONDITIONATTRIBUTE) - start
147344 [main] DEBUG org.dbunit.database.DatabaseDataSourceConnection  - getConnection() - start
147344 [main] DEBUG org.dbunit.database.search.AbstractMetaDataBasedSearchCallback  - getNodes(type=1, node=SCOPEDCONTENTCONDITIONATTRIBUTE, conn=Transaction-aware proxy for target Connection [jdbc:hsqldb:mem:kontrollDS, UserName=sw, HSQL Database Engine Driver], schema=null, metaData=org.apache.commons.dbcp.DelegatingDatabaseMetaData@1caa2881, edges=[]) - start
147344 [main] DEBUG org.dbunit.database.search.AbstractMetaDataBasedSearchCallback  - Getting edges for node SCOPEDCONTENTCONDITIONATTRIBUTE
147344 [main] TRACE org.dbunit.database.DatabaseConfig  - getProperty(name=http://www.dbunit.org/properties/metadataHandler) - start
147344 [main] TRACE org.dbunit.database.DefaultMetadataHandler  - tableExists(metaData=org.apache.commons.dbcp.DelegatingDatabaseMetaData@1caa2881, schemaName=null, tableName=SCOPEDCONTENTCONDITIONATTRIBUTE) - start
147345 [main] DEBUG org.dbunit.util.SQLHelper  - close(resultSet=org.apache.commons.dbcp.DelegatingResultSet@78f89a2f) - start
147345 [main] DEBUG org.dbunit.util.SQLHelper  - close(resultSet=org.apache.commons.dbcp.DelegatingResultSet@182b56db) - start
147345 [main] DEBUG org.dbunit.util.search.DepthFirstSearch  - Adding node SCOPEDCONTENTCONDITIONATTRIBUTE to the final result
147345 [main] DEBUG org.dbunit.util.search.DepthFirstSearch  - search:SCOPEDCONTENTCONDITIONS_SCOPEDCONTENT
147345 [main] DEBUG org.dbunit.database.search.ExportedKeysSearchCallback  - searchNode(node=SCOPEDCONTENTCONDITIONS_SCOPEDCONTENT) - start
147345 [main] DEBUG org.dbunit.util.search.DepthFirstSearch  - Pushing SCOPEDCONTENTCONDITIONS_SCOPEDCONTENT
147345 [main] DEBUG org.dbunit.database.search.ExportedKeysSearchCallback  - getEdges(node=SCOPEDCONTENTCONDITIONS_SCOPEDCONTENT) - start
147345 [main] DEBUG org.dbunit.database.search.AbstractMetaDataBasedSearchCallback  - getNodesFromExportedKeys(node=SCOPEDCONTENTCONDITIONS_SCOPEDCONTENT) - start
147345 [main] DEBUG org.dbunit.database.search.AbstractMetaDataBasedSearchCallback  - getNodes(type=1, node=SCOPEDCONTENTCONDITIONS_SCOPEDCONTENT) - start
147345 [main] DEBUG org.dbunit.database.DatabaseDataSourceConnection  - getConnection() - start
147345 [main] DEBUG org.dbunit.database.search.AbstractMetaDataBasedSearchCallback  - getNodes(type=1, node=SCOPEDCONTENTCONDITIONS_SCOPEDCONTENT, conn=Transaction-aware proxy for target Connection [jdbc:hsqldb:mem:kontrollDS, UserName=sw, HSQL Database Engine Driver], schema=null, metaData=org.apache.commons.dbcp.DelegatingDatabaseMetaData@45535042, edges=[]) - start
147346 [main] DEBUG org.dbunit.database.search.AbstractMetaDataBasedSearchCallback  - Getting edges for node SCOPEDCONTENTCONDITIONS_SCOPEDCONTENT
147346 [main] TRACE org.dbunit.database.DatabaseConfig  - getProperty(name=http://www.dbunit.org/properties/metadataHandler) - start
147346 [main] TRACE org.dbunit.database.DefaultMetadataHandler  - tableExists(metaData=org.apache.commons.dbcp.DelegatingDatabaseMetaData@45535042, schemaName=null, tableName=SCOPEDCONTENTCONDITIONS_SCOPEDCONTENT) - start
147347 [main] DEBUG org.dbunit.util.SQLHelper  - close(resultSet=org.apache.commons.dbcp.DelegatingResultSet@63e7f360) - start
147347 [main] DEBUG org.dbunit.util.SQLHelper  - close(resultSet=org.apache.commons.dbcp.DelegatingResultSet@19e41198) - start
147347 [main] DEBUG org.dbunit.util.search.DepthFirstSearch  - Adding node SCOPEDCONTENTCONDITIONS_SCOPEDCONTENT to the final result
147347 [main] DEBUG org.dbunit.util.search.DepthFirstSearch  - search:SCOPEDCONTENTCONDITIONS_SCOPEDCONTENTITEM
147347 [main] DEBUG org.dbunit.database.search.ExportedKeysSearchCallback  - searchNode(node=SCOPEDCONTENTCONDITIONS_SCOPEDCONTENTITEM) - start
147347 [main] DEBUG org.dbunit.util.search.DepthFirstSearch  - Pushing SCOPEDCONTENTCONDITIONS_SCOPEDCONTENTITEM
147347 [main] DEBUG org.dbunit.database.search.ExportedKeysSearchCallback  - getEdges(node=SCOPEDCONTENTCONDITIONS_SCOPEDCONTENTITEM) - start
147347 [main] DEBUG org.dbunit.database.search.AbstractMetaDataBasedSearchCallback  - getNodesFromExportedKeys(node=SCOPEDCONTENTCONDITIONS_SCOPEDCONTENTITEM) - start
147347 [main] DEBUG org.dbunit.database.search.AbstractMetaDataBasedSearchCallback  - getNodes(type=1, node=SCOPEDCONTENTCONDITIONS_SCOPEDCONTENTITEM) - start
147347 [main] DEBUG org.dbunit.database.DatabaseDataSourceConnection  - getConnection() - start
147347 [main] DEBUG org.dbunit.database.search.AbstractMetaDataBasedSearchCallback  - getNodes(type=1, node=SCOPEDCONTENTCONDITIONS_SCOPEDCONTENTITEM, conn=Transaction-aware proxy for target Connection [jdbc:hsqldb:mem:kontrollDS, UserName=sw, HSQL Database Engine Driver], schema=null, metaData=org.apache.commons.dbcp.DelegatingDatabaseMetaData@4c3f1f6f, edges=[]) - start
147348 [main] DEBUG org.dbunit.database.search.AbstractMetaDataBasedSearchCallback  - Getting edges for node SCOPEDCONTENTCONDITIONS_SCOPEDCONTENTITEM
147348 [main] TRACE org.dbunit.database.DatabaseConfig  - getProperty(name=http://www.dbunit.org/properties/metadataHandler) - start
147348 [main] TRACE org.dbunit.database.DefaultMetadataHandler  - tableExists(metaData=org.apache.commons.dbcp.DelegatingDatabaseMetaData@4c3f1f6f, schemaName=null, tableName=SCOPEDCONTENTCONDITIONS_SCOPEDCONTENTITEM) - start
147349 [main] DEBUG org.dbunit.util.SQLHelper  - close(resultSet=org.apache.commons.dbcp.DelegatingResultSet@555d3e11) - start
147349 [main] DEBUG org.dbunit.util.SQLHelper  - close(resultSet=org.apache.commons.dbcp.DelegatingResultSet@7a47cef5) - start
147349 [main] DEBUG org.dbunit.util.search.DepthFirstSearch  - Adding node SCOPEDCONTENTCONDITIONS_SCOPEDCONTENTITEM to the final result
147349 [main] DEBUG org.dbunit.util.search.DepthFirstSearch  - search:SCOPEDCONTENTCONDITION
147349 [main] DEBUG org.dbunit.database.search.ExportedKeysSearchCallback  - searchNode(node=SCOPEDCONTENTCONDITION) - start
147349 [main] DEBUG org.dbunit.util.search.DepthFirstSearch  - Pushing SCOPEDCONTENTCONDITION
147349 [main] DEBUG org.dbunit.database.search.ExportedKeysSearchCallback  - getEdges(node=SCOPEDCONTENTCONDITION) - start
147349 [main] DEBUG org.dbunit.database.search.AbstractMetaDataBasedSearchCallback  - getNodesFromExportedKeys(node=SCOPEDCONTENTCONDITION) - start
147349 [main] DEBUG org.dbunit.database.search.AbstractMetaDataBasedSearchCallback  - getNodes(type=1, node=SCOPEDCONTENTCONDITION) - start
147350 [main] DEBUG org.dbunit.database.DatabaseDataSourceConnection  - getConnection() - start
147350 [main] DEBUG org.dbunit.database.search.AbstractMetaDataBasedSearchCallback  - getNodes(type=1, node=SCOPEDCONTENTCONDITION, conn=Transaction-aware proxy for target Connection [jdbc:hsqldb:mem:kontrollDS, UserName=sw, HSQL Database Engine Driver], schema=null, metaData=org.apache.commons.dbcp.DelegatingDatabaseMetaData@64758b, edges=[]) - start
147350 [main] DEBUG org.dbunit.database.search.AbstractMetaDataBasedSearchCallback  - Getting edges for node SCOPEDCONTENTCONDITION
147350 [main] TRACE org.dbunit.database.DatabaseConfig  - getProperty(name=http://www.dbunit.org/properties/metadataHandler) - start
147350 [main] TRACE org.dbunit.database.DefaultMetadataHandler  - tableExists(metaData=org.apache.commons.dbcp.DelegatingDatabaseMetaData@64758b, schemaName=null, tableName=SCOPEDCONTENTCONDITION) - start
147351 [main] DEBUG org.dbunit.util.SQLHelper  - close(resultSet=org.apache.commons.dbcp.DelegatingResultSet@13735caf) - start
147351 [main] DEBUG org.dbunit.util.QualifiedTableName  - getQualifiedNameIfEnabled(config=org.dbunit.database.DatabaseConfig[, _propertyMap={http://www.dbunit.org/properties/statementFactory=org.dbunit.database.statement.PreparedStatementFactory@626bc2b8, http://www.dbunit.org/features/caseSensitiveTableNames=false, http://www.dbunit.org/properties/fetchSize=100, http://www.dbunit.org/features/batchedStatements=false, http://www.dbunit.org/properties/metadataHandler=org.dbunit.database.DefaultMetadataHandler@3bbfdfde, http://www.dbunit.org/properties/datatypeFactory=org.dbunit.dataset.datatype.DefaultDataTypeFactory[_toleratedDeltaMap=org.dbunit.dataset.datatype.ToleratedDeltaMap@6452310a], http://www.dbunit.org/properties/escapePattern=null, http://www.dbunit.org/properties/batchSize=100, http://www.dbunit.org/features/qualifiedTableNames=false, http://www.dbunit.org/properties/tableType=[Ljava.lang.String;@5011bafa, http://www.dbunit.org/properties/resultSetTableFactory=org.dbunit.database.CachedResultSetTableFactory@10bcf083, http://www.dbunit.org/features/datatypeWarning=true}]) - start
147351 [main] TRACE org.dbunit.database.DatabaseConfig  - getFeature(name=http://www.dbunit.org/features/qualifiedTableNames) - start
147351 [main] TRACE org.dbunit.database.DatabaseConfig  - getProperty(name=http://www.dbunit.org/features/qualifiedTableNames) - start
147351 [main] DEBUG org.dbunit.util.QualifiedTableName  - Qualified table names feature is disabled. Returning plain table name
147351 [main] DEBUG org.dbunit.util.QualifiedTableName  - getQualifiedName(prefix=null, name=SCOPEDCONTENTCONDITION, escapePattern=null) - start
147351 [main] DEBUG org.dbunit.util.QualifiedTableName  - getQualifiedNameIfEnabled(config=org.dbunit.database.DatabaseConfig[, _propertyMap={http://www.dbunit.org/properties/statementFactory=org.dbunit.database.statement.PreparedStatementFactory@626bc2b8, http://www.dbunit.org/features/caseSensitiveTableNames=false, http://www.dbunit.org/properties/fetchSize=100, http://www.dbunit.org/features/batchedStatements=false, http://www.dbunit.org/properties/metadataHandler=org.dbunit.database.DefaultMetadataHandler@3bbfdfde, http://www.dbunit.org/properties/datatypeFactory=org.dbunit.dataset.datatype.DefaultDataTypeFactory[_toleratedDeltaMap=org.dbunit.dataset.datatype.ToleratedDeltaMap@6452310a], http://www.dbunit.org/properties/escapePattern=null, http://www.dbunit.org/properties/batchSize=100, http://www.dbunit.org/features/qualifiedTableNames=false, http://www.dbunit.org/properties/tableType=[Ljava.lang.String;@5011bafa, http://www.dbunit.org/properties/resultSetTableFactory=org.dbunit.database.CachedResultSetTableFactory@10bcf083, http://www.dbunit.org/features/datatypeWarning=true}]) - start
147352 [main] TRACE org.dbunit.database.DatabaseConfig  - getFeature(name=http://www.dbunit.org/features/qualifiedTableNames) - start
147352 [main] TRACE org.dbunit.database.DatabaseConfig  - getProperty(name=http://www.dbunit.org/features/qualifiedTableNames) - start
147352 [main] DEBUG org.dbunit.util.QualifiedTableName  - Qualified table names feature is disabled. Returning plain table name
147352 [main] DEBUG org.dbunit.util.QualifiedTableName  - getQualifiedName(prefix=null, name=NESTEDSCOPEDCONTENTCONDITIONS, escapePattern=null) - start
147352 [main] DEBUG org.dbunit.database.search.AbstractMetaDataBasedSearchCallback  - newEdge(rs=org.apache.commons.dbcp.DelegatingResultSet@5f72e028, type=1, from=SCOPEDCONTENTCONDITION, to=NESTEDSCOPEDCONTENTCONDITIONS, fkColumn=CHILD_CONDITION_ID, pkColumn=ID) - start
147352 [main] DEBUG org.dbunit.database.search.AbstractMetaDataBasedSearchCallback  - createFKEdge(rs=org.apache.commons.dbcp.DelegatingResultSet@5f72e028, type=1, from=SCOPEDCONTENTCONDITION, to=NESTEDSCOPEDCONTENTCONDITIONS, fkColumn=CHILD_CONDITION_ID, pkColumn=ID) - start
147352 [main] DEBUG org.dbunit.database.search.AbstractMetaDataBasedSearchCallback  - Adding edge NESTEDSCOPEDCONTENTCONDITIONS(CHILD_CONDITION_ID)->SCOPEDCONTENTCONDITION(ID)
147352 [main] DEBUG org.dbunit.util.search.Edge  - compareTo(o=NESTEDSCOPEDCONTENTCONDITIONS(CHILD_CONDITION_ID)->SCOPEDCONTENTCONDITION(ID)) - start
147352 [main] DEBUG org.dbunit.util.QualifiedTableName  - getQualifiedNameIfEnabled(config=org.dbunit.database.DatabaseConfig[, _propertyMap={http://www.dbunit.org/properties/statementFactory=org.dbunit.database.statement.PreparedStatementFactory@626bc2b8, http://www.dbunit.org/features/caseSensitiveTableNames=false, http://www.dbunit.org/properties/fetchSize=100, http://www.dbunit.org/features/batchedStatements=false, http://www.dbunit.org/properties/metadataHandler=org.dbunit.database.DefaultMetadataHandler@3bbfdfde, http://www.dbunit.org/properties/datatypeFactory=org.dbunit.dataset.datatype.DefaultDataTypeFactory[_toleratedDeltaMap=org.dbunit.dataset.datatype.ToleratedDeltaMap@6452310a], http://www.dbunit.org/properties/escapePattern=null, http://www.dbunit.org/properties/batchSize=100, http://www.dbunit.org/features/qualifiedTableNames=false, http://www.dbunit.org/properties/tableType=[Ljava.lang.String;@5011bafa, http://www.dbunit.org/properties/resultSetTableFactory=org.dbunit.database.CachedResultSetTableFactory@10bcf083, http://www.dbunit.org/features/datatypeWarning=true}]) - start
147352 [main] TRACE org.dbunit.database.DatabaseConfig  - getFeature(name=http://www.dbunit.org/features/qualifiedTableNames) - start
147352 [main] TRACE org.dbunit.database.DatabaseConfig  - getProperty(name=http://www.dbunit.org/features/qualifiedTableNames) - start
147352 [main] DEBUG org.dbunit.util.QualifiedTableName  - Qualified table names feature is disabled. Returning plain table name
147352 [main] DEBUG org.dbunit.util.QualifiedTableName  - getQualifiedName(prefix=null, name=SCOPEDCONTENTCONDITION, escapePattern=null) - start
147352 [main] DEBUG org.dbunit.util.QualifiedTableName  - getQualifiedNameIfEnabled(config=org.dbunit.database.DatabaseConfig[, _propertyMap={http://www.dbunit.org/properties/statementFactory=org.dbunit.database.statement.PreparedStatementFactory@626bc2b8, http://www.dbunit.org/features/caseSensitiveTableNames=false, http://www.dbunit.org/properties/fetchSize=100, http://www.dbunit.org/features/batchedStatements=false, http://www.dbunit.org/properties/metadataHandler=org.dbunit.database.DefaultMetadataHandler@3bbfdfde, http://www.dbunit.org/properties/datatypeFactory=org.dbunit.dataset.datatype.DefaultDataTypeFactory[_toleratedDeltaMap=org.dbunit.dataset.datatype.ToleratedDeltaMap@6452310a], http://www.dbunit.org/properties/escapePattern=null, http://www.dbunit.org/properties/batchSize=100, http://www.dbunit.org/features/qualifiedTableNames=false, http://www.dbunit.org/properties/tableType=[Ljava.lang.String;@5011bafa, http://www.dbunit.org/properties/resultSetTableFactory=org.dbunit.database.CachedResultSetTableFactory@10bcf083, http://www.dbunit.org/features/datatypeWarning=true}]) - start
147352 [main] TRACE org.dbunit.database.DatabaseConfig  - getFeature(name=http://www.dbunit.org/features/qualifiedTableNames) - start
147352 [main] TRACE org.dbunit.database.DatabaseConfig  - getProperty(name=http://www.dbunit.org/features/qualifiedTableNames) - start
147352 [main] DEBUG org.dbunit.util.QualifiedTableName  - Qualified table names feature is disabled. Returning plain table name
147352 [main] DEBUG org.dbunit.util.QualifiedTableName  - getQualifiedName(prefix=null, name=NESTEDSCOPEDCONTENTCONDITIONS, escapePattern=null) - start
147352 [main] DEBUG org.dbunit.database.search.AbstractMetaDataBasedSearchCallback  - newEdge(rs=org.apache.commons.dbcp.DelegatingResultSet@5f72e028, type=1, from=SCOPEDCONTENTCONDITION, to=NESTEDSCOPEDCONTENTCONDITIONS, fkColumn=PARENT_CONDITION_ID, pkColumn=ID) - start
147352 [main] DEBUG org.dbunit.database.search.AbstractMetaDataBasedSearchCallback  - createFKEdge(rs=org.apache.commons.dbcp.DelegatingResultSet@5f72e028, type=1, from=SCOPEDCONTENTCONDITION, to=NESTEDSCOPEDCONTENTCONDITIONS, fkColumn=PARENT_CONDITION_ID, pkColumn=ID) - start
147352 [main] DEBUG org.dbunit.database.search.AbstractMetaDataBasedSearchCallback  - Adding edge NESTEDSCOPEDCONTENTCONDITIONS(PARENT_CONDITION_ID)->SCOPEDCONTENTCONDITION(ID)
147352 [main] DEBUG org.dbunit.util.search.Edge  - compareTo(o=NESTEDSCOPEDCONTENTCONDITIONS(CHILD_CONDITION_ID)->SCOPEDCONTENTCONDITION(ID)) - start
147353 [main] DEBUG org.dbunit.util.QualifiedTableName  - getQualifiedNameIfEnabled(config=org.dbunit.database.DatabaseConfig[, _propertyMap={http://www.dbunit.org/properties/statementFactory=org.dbunit.database.statement.PreparedStatementFactory@626bc2b8, http://www.dbunit.org/features/caseSensitiveTableNames=false, http://www.dbunit.org/properties/fetchSize=100, http://www.dbunit.org/features/batchedStatements=false, http://www.dbunit.org/properties/metadataHandler=org.dbunit.database.DefaultMetadataHandler@3bbfdfde, http://www.dbunit.org/properties/datatypeFactory=org.dbunit.dataset.datatype.DefaultDataTypeFactory[_toleratedDeltaMap=org.dbunit.dataset.datatype.ToleratedDeltaMap@6452310a], http://www.dbunit.org/properties/escapePattern=null, http://www.dbunit.org/properties/batchSize=100, http://www.dbunit.org/features/qualifiedTableNames=false, http://www.dbunit.org/properties/tableType=[Ljava.lang.String;@5011bafa, http://www.dbunit.org/properties/resultSetTableFactory=org.dbunit.database.CachedResultSetTableFactory@10bcf083, http://www.dbunit.org/features/datatypeWarning=true}]) - start
147353 [main] TRACE org.dbunit.database.DatabaseConfig  - getFeature(name=http://www.dbunit.org/features/qualifiedTableNames) - start
147353 [main] TRACE org.dbunit.database.DatabaseConfig  - getProperty(name=http://www.dbunit.org/features/qualifiedTableNames) - start
147353 [main] DEBUG org.dbunit.util.QualifiedTableName  - Qualified table names feature is disabled. Returning plain table name
147353 [main] DEBUG org.dbunit.util.QualifiedTableName  - getQualifiedName(prefix=null, name=SCOPEDCONTENTCONDITION, escapePattern=null) - start
147353 [main] DEBUG org.dbunit.util.QualifiedTableName  - getQualifiedNameIfEnabled(config=org.dbunit.database.DatabaseConfig[, _propertyMap={http://www.dbunit.org/properties/statementFactory=org.dbunit.database.statement.PreparedStatementFactory@626bc2b8, http://www.dbunit.org/features/caseSensitiveTableNames=false, http://www.dbunit.org/properties/fetchSize=100, http://www.dbunit.org/features/batchedStatements=false, http://www.dbunit.org/properties/metadataHandler=org.dbunit.database.DefaultMetadataHandler@3bbfdfde, http://www.dbunit.org/properties/datatypeFactory=org.dbunit.dataset.datatype.DefaultDataTypeFactory[_toleratedDeltaMap=org.dbunit.dataset.datatype.ToleratedDeltaMap@6452310a], http://www.dbunit.org/properties/escapePattern=null, http://www.dbunit.org/properties/batchSize=100, http://www.dbunit.org/features/qualifiedTableNames=false, http://www.dbunit.org/properties/tableType=[Ljava.lang.String;@5011bafa, http://www.dbunit.org/properties/resultSetTableFactory=org.dbunit.database.CachedResultSetTableFactory@10bcf083, http://www.dbunit.org/features/datatypeWarning=true}]) - start
147353 [main] TRACE org.dbunit.database.DatabaseConfig  - getFeature(name=http://www.dbunit.org/features/qualifiedTableNames) - start
147353 [main] TRACE org.dbunit.database.DatabaseConfig  - getProperty(name=http://www.dbunit.org/features/qualifiedTableNames) - start
147353 [main] DEBUG org.dbunit.util.QualifiedTableName  - Qualified table names feature is disabled. Returning plain table name
147353 [main] DEBUG org.dbunit.util.QualifiedTableName  - getQualifiedName(prefix=null, name=SCOPEDCONTENTCONDITIONATTRIBUTE, escapePattern=null) - start
147353 [main] DEBUG org.dbunit.database.search.AbstractMetaDataBasedSearchCallback  - newEdge(rs=org.apache.commons.dbcp.DelegatingResultSet@5f72e028, type=1, from=SCOPEDCONTENTCONDITION, to=SCOPEDCONTENTCONDITIONATTRIBUTE, fkColumn=SCOPEDCONTENTCONDITION, pkColumn=ID) - start
147353 [main] DEBUG org.dbunit.database.search.AbstractMetaDataBasedSearchCallback  - createFKEdge(rs=org.apache.commons.dbcp.DelegatingResultSet@5f72e028, type=1, from=SCOPEDCONTENTCONDITION, to=SCOPEDCONTENTCONDITIONATTRIBUTE, fkColumn=SCOPEDCONTENTCONDITION, pkColumn=ID) - start
147353 [main] DEBUG org.dbunit.database.search.AbstractMetaDataBasedSearchCallback  - Adding edge SCOPEDCONTENTCONDITIONATTRIBUTE(SCOPEDCONTENTCONDITION)->SCOPEDCONTENTCONDITION(ID)
147353 [main] DEBUG org.dbunit.util.search.Edge  - compareTo(o=NESTEDSCOPEDCONTENTCONDITIONS(CHILD_CONDITION_ID)->SCOPEDCONTENTCONDITION(ID)) - start
147353 [main] DEBUG org.dbunit.util.QualifiedTableName  - getQualifiedNameIfEnabled(config=org.dbunit.database.DatabaseConfig[, _propertyMap={http://www.dbunit.org/properties/statementFactory=org.dbunit.database.statement.PreparedStatementFactory@626bc2b8, http://www.dbunit.org/features/caseSensitiveTableNames=false, http://www.dbunit.org/properties/fetchSize=100, http://www.dbunit.org/features/batchedStatements=false, http://www.dbunit.org/properties/metadataHandler=org.dbunit.database.DefaultMetadataHandler@3bbfdfde, http://www.dbunit.org/properties/datatypeFactory=org.dbunit.dataset.datatype.DefaultDataTypeFactory[_toleratedDeltaMap=org.dbunit.dataset.datatype.ToleratedDeltaMap@6452310a], http://www.dbunit.org/properties/escapePattern=null, http://www.dbunit.org/properties/batchSize=100, http://www.dbunit.org/features/qualifiedTableNames=false, http://www.dbunit.org/properties/tableType=[Ljava.lang.String;@5011bafa, http://www.dbunit.org/properties/resultSetTableFactory=org.dbunit.database.CachedResultSetTableFactory@10bcf083, http://www.dbunit.org/features/datatypeWarning=true}]) - start
147353 [main] TRACE org.dbunit.database.DatabaseConfig  - getFeature(name=http://www.dbunit.org/features/qualifiedTableNames) - start
147353 [main] TRACE org.dbunit.database.DatabaseConfig  - getProperty(name=http://www.dbunit.org/features/qualifiedTableNames) - start
147353 [main] DEBUG org.dbunit.util.QualifiedTableName  - Qualified table names feature is disabled. Returning plain table name
147353 [main] DEBUG org.dbunit.util.QualifiedTableName  - getQualifiedName(prefix=null, name=SCOPEDCONTENTCONDITION, escapePattern=null) - start
147353 [main] DEBUG org.dbunit.util.QualifiedTableName  - getQualifiedNameIfEnabled(config=org.dbunit.database.DatabaseConfig[, _propertyMap={http://www.dbunit.org/properties/statementFactory=org.dbunit.database.statement.PreparedStatementFactory@626bc2b8, http://www.dbunit.org/features/caseSensitiveTableNames=false, http://www.dbunit.org/properties/fetchSize=100, http://www.dbunit.org/features/batchedStatements=false, http://www.dbunit.org/properties/metadataHandler=org.dbunit.database.DefaultMetadataHandler@3bbfdfde, http://www.dbunit.org/properties/datatypeFactory=org.dbunit.dataset.datatype.DefaultDataTypeFactory[_toleratedDeltaMap=org.dbunit.dataset.datatype.ToleratedDeltaMap@6452310a], http://www.dbunit.org/properties/escapePattern=null, http://www.dbunit.org/properties/batchSize=100, http://www.dbunit.org/features/qualifiedTableNames=false, http://www.dbunit.org/properties/tableType=[Ljava.lang.String;@5011bafa, http://www.dbunit.org/properties/resultSetTableFactory=org.dbunit.database.CachedResultSetTableFactory@10bcf083, http://www.dbunit.org/features/datatypeWarning=true}]) - start
147354 [main] TRACE org.dbunit.database.DatabaseConfig  - getFeature(name=http://www.dbunit.org/features/qualifiedTableNames) - start
147354 [main] TRACE org.dbunit.database.DatabaseConfig  - getProperty(name=http://www.dbunit.org/features/qualifiedTableNames) - start
147354 [main] DEBUG org.dbunit.util.QualifiedTableName  - Qualified table names feature is disabled. Returning plain table name
147354 [main] DEBUG org.dbunit.util.QualifiedTableName  - getQualifiedName(prefix=null, name=SCOPEDCONTENTCONDITIONS_SCOPEDCONTENT, escapePattern=null) - start
147354 [main] DEBUG org.dbunit.database.search.AbstractMetaDataBasedSearchCallback  - newEdge(rs=org.apache.commons.dbcp.DelegatingResultSet@5f72e028, type=1, from=SCOPEDCONTENTCONDITION, to=SCOPEDCONTENTCONDITIONS_SCOPEDCONTENT, fkColumn=SCOPED_CONTENT_CONDITION_ID, pkColumn=ID) - start
147354 [main] DEBUG org.dbunit.database.search.AbstractMetaDataBasedSearchCallback  - createFKEdge(rs=org.apache.commons.dbcp.DelegatingResultSet@5f72e028, type=1, from=SCOPEDCONTENTCONDITION, to=SCOPEDCONTENTCONDITIONS_SCOPEDCONTENT, fkColumn=SCOPED_CONTENT_CONDITION_ID, pkColumn=ID) - start
147354 [main] DEBUG org.dbunit.database.search.AbstractMetaDataBasedSearchCallback  - Adding edge SCOPEDCONTENTCONDITIONS_SCOPEDCONTENT(SCOPED_CONTENT_CONDITION_ID)->SCOPEDCONTENTCONDITION(ID)
147354 [main] DEBUG org.dbunit.util.search.Edge  - compareTo(o=NESTEDSCOPEDCONTENTCONDITIONS(CHILD_CONDITION_ID)->SCOPEDCONTENTCONDITION(ID)) - start
147354 [main] DEBUG org.dbunit.util.search.Edge  - compareTo(o=SCOPEDCONTENTCONDITIONATTRIBUTE(SCOPEDCONTENTCONDITION)->SCOPEDCONTENTCONDITION(ID)) - start
147354 [main] DEBUG org.dbunit.util.QualifiedTableName  - getQualifiedNameIfEnabled(config=org.dbunit.database.DatabaseConfig[, _propertyMap={http://www.dbunit.org/properties/statementFactory=org.dbunit.database.statement.PreparedStatementFactory@626bc2b8, http://www.dbunit.org/features/caseSensitiveTableNames=false, http://www.dbunit.org/properties/fetchSize=100, http://www.dbunit.org/features/batchedStatements=false, http://www.dbunit.org/properties/metadataHandler=org.dbunit.database.DefaultMetadataHandler@3bbfdfde, http://www.dbunit.org/properties/datatypeFactory=org.dbunit.dataset.datatype.DefaultDataTypeFactory[_toleratedDeltaMap=org.dbunit.dataset.datatype.ToleratedDeltaMap@6452310a], http://www.dbunit.org/properties/escapePattern=null, http://www.dbunit.org/properties/batchSize=100, http://www.dbunit.org/features/qualifiedTableNames=false, http://www.dbunit.org/properties/tableType=[Ljava.lang.String;@5011bafa, http://www.dbunit.org/properties/resultSetTableFactory=org.dbunit.database.CachedResultSetTableFactory@10bcf083, http://www.dbunit.org/features/datatypeWarning=true}]) - start
147354 [main] TRACE org.dbunit.database.DatabaseConfig  - getFeature(name=http://www.dbunit.org/features/qualifiedTableNames) - start
147354 [main] TRACE org.dbunit.database.DatabaseConfig  - getProperty(name=http://www.dbunit.org/features/qualifiedTableNames) - start
147354 [main] DEBUG org.dbunit.util.QualifiedTableName  - Qualified table names feature is disabled. Returning plain table name
147354 [main] DEBUG org.dbunit.util.QualifiedTableName  - getQualifiedName(prefix=null, name=SCOPEDCONTENTCONDITION, escapePattern=null) - start
147354 [main] DEBUG org.dbunit.util.QualifiedTableName  - getQualifiedNameIfEnabled(config=org.dbunit.database.DatabaseConfig[, _propertyMap={http://www.dbunit.org/properties/statementFactory=org.dbunit.database.statement.PreparedStatementFactory@626bc2b8, http://www.dbunit.org/features/caseSensitiveTableNames=false, http://www.dbunit.org/properties/fetchSize=100, http://www.dbunit.org/features/batchedStatements=false, http://www.dbunit.org/properties/metadataHandler=org.dbunit.database.DefaultMetadataHandler@3bbfdfde, http://www.dbunit.org/properties/datatypeFactory=org.dbunit.dataset.datatype.DefaultDataTypeFactory[_toleratedDeltaMap=org.dbunit.dataset.datatype.ToleratedDeltaMap@6452310a], http://www.dbunit.org/properties/escapePattern=null, http://www.dbunit.org/properties/batchSize=100, http://www.dbunit.org/features/qualifiedTableNames=false, http://www.dbunit.org/properties/tableType=[Ljava.lang.String;@5011bafa, http://www.dbunit.org/properties/resultSetTableFactory=org.dbunit.database.CachedResultSetTableFactory@10bcf083, http://www.dbunit.org/features/datatypeWarning=true}]) - start
147355 [main] TRACE org.dbunit.database.DatabaseConfig  - getFeature(name=http://www.dbunit.org/features/qualifiedTableNames) - start
147355 [main] TRACE org.dbunit.database.DatabaseConfig  - getProperty(name=http://www.dbunit.org/features/qualifiedTableNames) - start
147355 [main] DEBUG org.dbunit.util.QualifiedTableName  - Qualified table names feature is disabled. Returning plain table name
147355 [main] DEBUG org.dbunit.util.QualifiedTableName  - getQualifiedName(prefix=null, name=SCOPEDCONTENTCONDITIONS_SCOPEDCONTENTITEM, escapePattern=null) - start
147355 [main] DEBUG org.dbunit.database.search.AbstractMetaDataBasedSearchCallback  - newEdge(rs=org.apache.commons.dbcp.DelegatingResultSet@5f72e028, type=1, from=SCOPEDCONTENTCONDITION, to=SCOPEDCONTENTCONDITIONS_SCOPEDCONTENTITEM, fkColumn=SCOPED_CONTENT_CONDITION_ID, pkColumn=ID) - start
147355 [main] DEBUG org.dbunit.database.search.AbstractMetaDataBasedSearchCallback  - createFKEdge(rs=org.apache.commons.dbcp.DelegatingResultSet@5f72e028, type=1, from=SCOPEDCONTENTCONDITION, to=SCOPEDCONTENTCONDITIONS_SCOPEDCONTENTITEM, fkColumn=SCOPED_CONTENT_CONDITION_ID, pkColumn=ID) - start
147355 [main] DEBUG org.dbunit.database.search.AbstractMetaDataBasedSearchCallback  - Adding edge SCOPEDCONTENTCONDITIONS_SCOPEDCONTENTITEM(SCOPED_CONTENT_CONDITION_ID)->SCOPEDCONTENTCONDITION(ID)
147355 [main] DEBUG org.dbunit.util.search.Edge  - compareTo(o=SCOPEDCONTENTCONDITIONATTRIBUTE(SCOPEDCONTENTCONDITION)->SCOPEDCONTENTCONDITION(ID)) - start
147355 [main] DEBUG org.dbunit.util.search.Edge  - compareTo(o=SCOPEDCONTENTCONDITIONS_SCOPEDCONTENT(SCOPED_CONTENT_CONDITION_ID)->SCOPEDCONTENTCONDITION(ID)) - start
147355 [main] DEBUG org.dbunit.util.SQLHelper  - close(resultSet=org.apache.commons.dbcp.DelegatingResultSet@5f72e028) - start
147355 [main] DEBUG org.dbunit.util.search.DepthFirstSearch  - search:SCOPEDCONTENTCONDITION
147355 [main] DEBUG org.dbunit.util.search.DepthFirstSearch  - already searched; returning true
147355 [main] DEBUG org.dbunit.util.search.DepthFirstSearch  - search:SCOPEDCONTENTCONDITION
147355 [main] DEBUG org.dbunit.util.search.DepthFirstSearch  - already searched; returning true
147355 [main] DEBUG org.dbunit.util.search.DepthFirstSearch  - search:SCOPEDCONTENTCONDITION
147355 [main] DEBUG org.dbunit.util.search.DepthFirstSearch  - already searched; returning true
147355 [main] DEBUG org.dbunit.util.search.DepthFirstSearch  - search:SCOPEDCONTENTCONDITION
147355 [main] DEBUG org.dbunit.util.search.DepthFirstSearch  - already searched; returning true
147355 [main] DEBUG org.dbunit.util.search.DepthFirstSearch  - Adding node SCOPEDCONTENTCONDITION to the final result
147355 [main] DEBUG org.dbunit.util.CollectionsHelper  - setToStrings(set=[NESTEDSCOPEDCONTENTCONDITIONS, SCOPEDCONTENTCONDITIONATTRIBUTE, SCOPEDCONTENTCONDITIONS_SCOPEDCONTENT, SCOPEDCONTENTCONDITIONS_SCOPEDCONTENTITEM, SCOPEDCONTENTCONDITION]) - start
147355 [main] DEBUG org.dbunit.database.search.TablesDependencyHelper  - getDirectDependsOnTables(connection=_databaseConfig=org.dbunit.database.DatabaseConfig[, _propertyMap={http://www.dbunit.org/properties/statementFactory=org.dbunit.database.statement.PreparedStatementFactory@626bc2b8, http://www.dbunit.org/features/caseSensitiveTableNames=false, http://www.dbunit.org/properties/fetchSize=100, http://www.dbunit.org/features/batchedStatements=false, http://www.dbunit.org/properties/metadataHandler=org.dbunit.database.DefaultMetadataHandler@3bbfdfde, http://www.dbunit.org/properties/datatypeFactory=org.dbunit.dataset.datatype.DefaultDataTypeFactory[_toleratedDeltaMap=org.dbunit.dataset.datatype.ToleratedDeltaMap@6452310a], http://www.dbunit.org/properties/escapePattern=null, http://www.dbunit.org/properties/batchSize=100, http://www.dbunit.org/features/qualifiedTableNames=false, http://www.dbunit.org/properties/tableType=[Ljava.lang.String;@5011bafa, http://www.dbunit.org/properties/resultSetTableFactory=org.dbunit.database.CachedResultSetTableFactory@10bcf083, http://www.dbunit.org/features/datatypeWarning=true}], _dataSet=AbstractDataSet[_orderedTableNameMap=null], tableName=SCOPEDCONTENTCONDITION) - start
147356 [main] DEBUG org.dbunit.util.search.DepthFirstSearch  - search(nodesFrom=[SCOPEDCONTENTCONDITION], callback=org.dbunit.database.search.ExportedKeysSearchCallback@4fec31af) - start
147356 [main] DEBUG org.dbunit.util.CollectionsHelper  - objectsToSet(objects=SCOPEDCONTENTCONDITION) - start
147356 [main] DEBUG org.dbunit.util.search.DepthFirstSearch  - search(nodesFrom=[SCOPEDCONTENTCONDITION], callback=org.dbunit.database.search.ExportedKeysSearchCallback@4fec31af) - start
147356 [main] DEBUG org.dbunit.util.search.DepthFirstSearch  - reverseSearch:SCOPEDCONTENTCONDITION
147356 [main] DEBUG org.dbunit.database.search.ExportedKeysSearchCallback  - searchNode(node=SCOPEDCONTENTCONDITION) - start
147356 [main] DEBUG org.dbunit.util.search.DepthFirstSearch  - Pushing (reverse) SCOPEDCONTENTCONDITION
147356 [main] DEBUG org.dbunit.database.search.ExportedKeysSearchCallback  - getEdges(node=SCOPEDCONTENTCONDITION) - start
147356 [main] DEBUG org.dbunit.database.search.AbstractMetaDataBasedSearchCallback  - getNodesFromExportedKeys(node=SCOPEDCONTENTCONDITION) - start
147356 [main] DEBUG org.dbunit.database.search.AbstractMetaDataBasedSearchCallback  - getNodes(type=1, node=SCOPEDCONTENTCONDITION) - start
147356 [main] DEBUG org.dbunit.database.DatabaseDataSourceConnection  - getConnection() - start
147357 [main] DEBUG org.dbunit.database.search.AbstractMetaDataBasedSearchCallback  - getNodes(type=1, node=SCOPEDCONTENTCONDITION, conn=Transaction-aware proxy for target Connection [jdbc:hsqldb:mem:kontrollDS, UserName=sw, HSQL Database Engine Driver], schema=null, metaData=org.apache.commons.dbcp.DelegatingDatabaseMetaData@1bb20127, edges=[]) - start
147357 [main] DEBUG org.dbunit.database.search.AbstractMetaDataBasedSearchCallback  - Getting edges for node SCOPEDCONTENTCONDITION
147357 [main] TRACE org.dbunit.database.DatabaseConfig  - getProperty(name=http://www.dbunit.org/properties/metadataHandler) - start
147357 [main] TRACE org.dbunit.database.DefaultMetadataHandler  - tableExists(metaData=org.apache.commons.dbcp.DelegatingDatabaseMetaData@1bb20127, schemaName=null, tableName=SCOPEDCONTENTCONDITION) - start
147358 [main] DEBUG org.dbunit.util.SQLHelper  - close(resultSet=org.apache.commons.dbcp.DelegatingResultSet@51148636) - start
147358 [main] DEBUG org.dbunit.util.QualifiedTableName  - getQualifiedNameIfEnabled(config=org.dbunit.database.DatabaseConfig[, _propertyMap={http://www.dbunit.org/properties/statementFactory=org.dbunit.database.statement.PreparedStatementFactory@626bc2b8, http://www.dbunit.org/features/caseSensitiveTableNames=false, http://www.dbunit.org/properties/fetchSize=100, http://www.dbunit.org/features/batchedStatements=false, http://www.dbunit.org/properties/metadataHandler=org.dbunit.database.DefaultMetadataHandler@3bbfdfde, http://www.dbunit.org/properties/datatypeFactory=org.dbunit.dataset.datatype.DefaultDataTypeFactory[_toleratedDeltaMap=org.dbunit.dataset.datatype.ToleratedDeltaMap@6452310a], http://www.dbunit.org/properties/escapePattern=null, http://www.dbunit.org/properties/batchSize=100, http://www.dbunit.org/features/qualifiedTableNames=false, http://www.dbunit.org/properties/tableType=[Ljava.lang.String;@5011bafa, http://www.dbunit.org/properties/resultSetTableFactory=org.dbunit.database.CachedResultSetTableFactory@10bcf083, http://www.dbunit.org/features/datatypeWarning=true}]) - start
147358 [main] TRACE org.dbunit.database.DatabaseConfig  - getFeature(name=http://www.dbunit.org/features/qualifiedTableNames) - start
147359 [main] TRACE org.dbunit.database.DatabaseConfig  - getProperty(name=http://www.dbunit.org/features/qualifiedTableNames) - start
147359 [main] DEBUG org.dbunit.util.QualifiedTableName  - Qualified table names feature is disabled. Returning plain table name
147359 [main] DEBUG org.dbunit.util.QualifiedTableName  - getQualifiedName(prefix=null, name=SCOPEDCONTENTCONDITION, escapePattern=null) - start
147359 [main] DEBUG org.dbunit.util.QualifiedTableName  - getQualifiedNameIfEnabled(config=org.dbunit.database.DatabaseConfig[, _propertyMap={http://www.dbunit.org/properties/statementFactory=org.dbunit.database.statement.PreparedStatementFactory@626bc2b8, http://www.dbunit.org/features/caseSensitiveTableNames=false, http://www.dbunit.org/properties/fetchSize=100, http://www.dbunit.org/features/batchedStatements=false, http://www.dbunit.org/properties/metadataHandler=org.dbunit.database.DefaultMetadataHandler@3bbfdfde, http://www.dbunit.org/properties/datatypeFactory=org.dbunit.dataset.datatype.DefaultDataTypeFactory[_toleratedDeltaMap=org.dbunit.dataset.datatype.ToleratedDeltaMap@6452310a], http://www.dbunit.org/properties/escapePattern=null, http://www.dbunit.org/properties/batchSize=100, http://www.dbunit.org/features/qualifiedTableNames=false, http://www.dbunit.org/properties/tableType=[Ljava.lang.String;@5011bafa, http://www.dbunit.org/properties/resultSetTableFactory=org.dbunit.database.CachedResultSetTableFactory@10bcf083, http://www.dbunit.org/features/datatypeWarning=true}]) - start
147365 [main] TRACE org.dbunit.database.DatabaseConfig  - getFeature(name=http://www.dbunit.org/features/qualifiedTableNames) - start
147365 [main] TRACE org.dbunit.database.DatabaseConfig  - getProperty(name=http://www.dbunit.org/features/qualifiedTableNames) - start
147365 [main] DEBUG org.dbunit.util.QualifiedTableName  - Qualified table names feature is disabled. Returning plain table name
147365 [main] DEBUG org.dbunit.util.QualifiedTableName  - getQualifiedName(prefix=null, name=NESTEDSCOPEDCONTENTCONDITIONS, escapePattern=null) - start
147365 [main] DEBUG org.dbunit.database.search.AbstractMetaDataBasedSearchCallback  - newEdge(rs=org.apache.commons.dbcp.DelegatingResultSet@1688d943, type=1, from=SCOPEDCONTENTCONDITION, to=NESTEDSCOPEDCONTENTCONDITIONS, fkColumn=CHILD_CONDITION_ID, pkColumn=ID) - start
147366 [main] DEBUG org.dbunit.database.search.AbstractMetaDataBasedSearchCallback  - createFKEdge(rs=org.apache.commons.dbcp.DelegatingResultSet@1688d943, type=1, from=SCOPEDCONTENTCONDITION, to=NESTEDSCOPEDCONTENTCONDITIONS, fkColumn=CHILD_CONDITION_ID, pkColumn=ID) - start
147366 [main] DEBUG org.dbunit.database.search.AbstractMetaDataBasedSearchCallback  - Adding edge NESTEDSCOPEDCONTENTCONDITIONS(CHILD_CONDITION_ID)->SCOPEDCONTENTCONDITION(ID)
147366 [main] DEBUG org.dbunit.util.search.Edge  - compareTo(o=NESTEDSCOPEDCONTENTCONDITIONS(CHILD_CONDITION_ID)->SCOPEDCONTENTCONDITION(ID)) - start
147366 [main] DEBUG org.dbunit.util.QualifiedTableName  - getQualifiedNameIfEnabled(config=org.dbunit.database.DatabaseConfig[, _propertyMap={http://www.dbunit.org/properties/statementFactory=org.dbunit.database.statement.PreparedStatementFactory@626bc2b8, http://www.dbunit.org/features/caseSensitiveTableNames=false, http://www.dbunit.org/properties/fetchSize=100, http://www.dbunit.org/features/batchedStatements=false, http://www.dbunit.org/properties/metadataHandler=org.dbunit.database.DefaultMetadataHandler@3bbfdfde, http://www.dbunit.org/properties/datatypeFactory=org.dbunit.dataset.datatype.DefaultDataTypeFactory[_toleratedDeltaMap=org.dbunit.dataset.datatype.ToleratedDeltaMap@6452310a], http://www.dbunit.org/properties/escapePattern=null, http://www.dbunit.org/properties/batchSize=100, http://www.dbunit.org/features/qualifiedTableNames=false, http://www.dbunit.org/properties/tableType=[Ljava.lang.String;@5011bafa, http://www.dbunit.org/properties/resultSetTableFactory=org.dbunit.database.CachedResultSetTableFactory@10bcf083, http://www.dbunit.org/features/datatypeWarning=true}]) - start
147367 [main] TRACE org.dbunit.database.DatabaseConfig  - getFeature(name=http://www.dbunit.org/features/qualifiedTableNames) - start
147367 [main] TRACE org.dbunit.database.DatabaseConfig  - getProperty(name=http://www.dbunit.org/features/qualifiedTableNames) - start
147367 [main] DEBUG org.dbunit.util.QualifiedTableName  - Qualified table names feature is disabled. Returning plain table name
147367 [main] DEBUG org.dbunit.util.QualifiedTableName  - getQualifiedName(prefix=null, name=SCOPEDCONTENTCONDITION, escapePattern=null) - start
147367 [main] DEBUG org.dbunit.util.QualifiedTableName  - getQualifiedNameIfEnabled(config=org.dbunit.database.DatabaseConfig[, _propertyMap={http://www.dbunit.org/properties/statementFactory=org.dbunit.database.statement.PreparedStatementFactory@626bc2b8, http://www.dbunit.org/features/caseSensitiveTableNames=false, http://www.dbunit.org/properties/fetchSize=100, http://www.dbunit.org/features/batchedStatements=false, http://www.dbunit.org/properties/metadataHandler=org.dbunit.database.DefaultMetadataHandler@3bbfdfde, http://www.dbunit.org/properties/datatypeFactory=org.dbunit.dataset.datatype.DefaultDataTypeFactory[_toleratedDeltaMap=org.dbunit.dataset.datatype.ToleratedDeltaMap@6452310a], http://www.dbunit.org/properties/escapePattern=null, http://www.dbunit.org/properties/batchSize=100, http://www.dbunit.org/features/qualifiedTableNames=false, http://www.dbunit.org/properties/tableType=[Ljava.lang.String;@5011bafa, http://www.dbunit.org/properties/resultSetTableFactory=org.dbunit.database.CachedResultSetTableFactory@10bcf083, http://www.dbunit.org/features/datatypeWarning=true}]) - start
147367 [main] TRACE org.dbunit.database.DatabaseConfig  - getFeature(name=http://www.dbunit.org/features/qualifiedTableNames) - start
147367 [main] TRACE org.dbunit.database.DatabaseConfig  - getProperty(name=http://www.dbunit.org/features/qualifiedTableNames) - start
147367 [main] DEBUG org.dbunit.util.QualifiedTableName  - Qualified table names feature is disabled. Returning plain table name
147367 [main] DEBUG org.dbunit.util.QualifiedTableName  - getQualifiedName(prefix=null, name=NESTEDSCOPEDCONTENTCONDITIONS, escapePattern=null) - start
147367 [main] DEBUG org.dbunit.database.search.AbstractMetaDataBasedSearchCallback  - newEdge(rs=org.apache.commons.dbcp.DelegatingResultSet@1688d943, type=1, from=SCOPEDCONTENTCONDITION, to=NESTEDSCOPEDCONTENTCONDITIONS, fkColumn=PARENT_CONDITION_ID, pkColumn=ID) - start
147367 [main] DEBUG org.dbunit.database.search.AbstractMetaDataBasedSearchCallback  - createFKEdge(rs=org.apache.commons.dbcp.DelegatingResultSet@1688d943, type=1, from=SCOPEDCONTENTCONDITION, to=NESTEDSCOPEDCONTENTCONDITIONS, fkColumn=PARENT_CONDITION_ID, pkColumn=ID) - start
147367 [main] DEBUG org.dbunit.database.search.AbstractMetaDataBasedSearchCallback  - Adding edge NESTEDSCOPEDCONTENTCONDITIONS(PARENT_CONDITION_ID)->SCOPEDCONTENTCONDITION(ID)
147368 [main] DEBUG org.dbunit.util.search.Edge  - compareTo(o=NESTEDSCOPEDCONTENTCONDITIONS(CHILD_CONDITION_ID)->SCOPEDCONTENTCONDITION(ID)) - start
147368 [main] DEBUG org.dbunit.util.QualifiedTableName  - getQualifiedNameIfEnabled(config=org.dbunit.database.DatabaseConfig[, _propertyMap={http://www.dbunit.org/properties/statementFactory=org.dbunit.database.statement.PreparedStatementFactory@626bc2b8, http://www.dbunit.org/features/caseSensitiveTableNames=false, http://www.dbunit.org/properties/fetchSize=100, http://www.dbunit.org/features/batchedStatements=false, http://www.dbunit.org/properties/metadataHandler=org.dbunit.database.DefaultMetadataHandler@3bbfdfde, http://www.dbunit.org/properties/datatypeFactory=org.dbunit.dataset.datatype.DefaultDataTypeFactory[_toleratedDeltaMap=org.dbunit.dataset.datatype.ToleratedDeltaMap@6452310a], http://www.dbunit.org/properties/escapePattern=null, http://www.dbunit.org/properties/batchSize=100, http://www.dbunit.org/features/qualifiedTableNames=false, http://www.dbunit.org/properties/tableType=[Ljava.lang.String;@5011bafa, http://www.dbunit.org/properties/resultSetTableFactory=org.dbunit.database.CachedResultSetTableFactory@10bcf083, http://www.dbunit.org/features/datatypeWarning=true}]) - start
147368 [main] TRACE org.dbunit.database.DatabaseConfig  - getFeature(name=http://www.dbunit.org/features/qualifiedTableNames) - start
147368 [main] TRACE org.dbunit.database.DatabaseConfig  - getProperty(name=http://www.dbunit.org/features/qualifiedTableNames) - start
147368 [main] DEBUG org.dbunit.util.QualifiedTableName  - Qualified table names feature is disabled. Returning plain table name
147368 [main] DEBUG org.dbunit.util.QualifiedTableName  - getQualifiedName(prefix=null, name=SCOPEDCONTENTCONDITION, escapePattern=null) - start
147368 [main] DEBUG org.dbunit.util.QualifiedTableName  - getQualifiedNameIfEnabled(config=org.dbunit.database.DatabaseConfig[, _propertyMap={http://www.dbunit.org/properties/statementFactory=org.dbunit.database.statement.PreparedStatementFactory@626bc2b8, http://www.dbunit.org/features/caseSensitiveTableNames=false, http://www.dbunit.org/properties/fetchSize=100, http://www.dbunit.org/features/batchedStatements=false, http://www.dbunit.org/properties/metadataHandler=org.dbunit.database.DefaultMetadataHandler@3bbfdfde, http://www.dbunit.org/properties/datatypeFactory=org.dbunit.dataset.datatype.DefaultDataTypeFactory[_toleratedDeltaMap=org.dbunit.dataset.datatype.ToleratedDeltaMap@6452310a], http://www.dbunit.org/properties/escapePattern=null, http://www.dbunit.org/properties/batchSize=100, http://www.dbunit.org/features/qualifiedTableNames=false, http://www.dbunit.org/properties/tableType=[Ljava.lang.String;@5011bafa, http://www.dbunit.org/properties/resultSetTableFactory=org.dbunit.database.CachedResultSetTableFactory@10bcf083, http://www.dbunit.org/features/datatypeWarning=true}]) - start
147368 [main] TRACE org.dbunit.database.DatabaseConfig  - getFeature(name=http://www.dbunit.org/features/qualifiedTableNames) - start
147368 [main] TRACE org.dbunit.database.DatabaseConfig  - getProperty(name=http://www.dbunit.org/features/qualifiedTableNames) - start
147368 [main] DEBUG org.dbunit.util.QualifiedTableName  - Qualified table names feature is disabled. Returning plain table name
147368 [main] DEBUG org.dbunit.util.QualifiedTableName  - getQualifiedName(prefix=null, name=SCOPEDCONTENTCONDITIONATTRIBUTE, escapePattern=null) - start
147369 [main] DEBUG org.dbunit.database.search.AbstractMetaDataBasedSearchCallback  - newEdge(rs=org.apache.commons.dbcp.DelegatingResultSet@1688d943, type=1, from=SCOPEDCONTENTCONDITION, to=SCOPEDCONTENTCONDITIONATTRIBUTE, fkColumn=SCOPEDCONTENTCONDITION, pkColumn=ID) - start
147369 [main] DEBUG org.dbunit.database.search.AbstractMetaDataBasedSearchCallback  - createFKEdge(rs=org.apache.commons.dbcp.DelegatingResultSet@1688d943, type=1, from=SCOPEDCONTENTCONDITION, to=SCOPEDCONTENTCONDITIONATTRIBUTE, fkColumn=SCOPEDCONTENTCONDITION, pkColumn=ID) - start
147369 [main] DEBUG org.dbunit.database.search.AbstractMetaDataBasedSearchCallback  - Adding edge SCOPEDCONTENTCONDITIONATTRIBUTE(SCOPEDCONTENTCONDITION)->SCOPEDCONTENTCONDITION(ID)
147369 [main] DEBUG org.dbunit.util.search.Edge  - compareTo(o=NESTEDSCOPEDCONTENTCONDITIONS(CHILD_CONDITION_ID)->SCOPEDCONTENTCONDITION(ID)) - start
147369 [main] DEBUG org.dbunit.util.QualifiedTableName  - getQualifiedNameIfEnabled(config=org.dbunit.database.DatabaseConfig[, _propertyMap={http://www.dbunit.org/properties/statementFactory=org.dbunit.database.statement.PreparedStatementFactory@626bc2b8, http://www.dbunit.org/features/caseSensitiveTableNames=false, http://www.dbunit.org/properties/fetchSize=100, http://www.dbunit.org/features/batchedStatements=false, http://www.dbunit.org/properties/metadataHandler=org.dbunit.database.DefaultMetadataHandler@3bbfdfde, http://www.dbunit.org/properties/datatypeFactory=org.dbunit.dataset.datatype.DefaultDataTypeFactory[_toleratedDeltaMap=org.dbunit.dataset.datatype.ToleratedDeltaMap@6452310a], http://www.dbunit.org/properties/escapePattern=null, http://www.dbunit.org/properties/batchSize=100, http://www.dbunit.org/features/qualifiedTableNames=false, http://www.dbunit.org/properties/tableType=[Ljava.lang.String;@5011bafa, http://www.dbunit.org/properties/resultSetTableFactory=org.dbunit.database.CachedResultSetTableFactory@10bcf083, http://www.dbunit.org/features/datatypeWarning=true}]) - start
147369 [main] TRACE org.dbunit.database.DatabaseConfig  - getFeature(name=http://www.dbunit.org/features/qualifiedTableNames) - start
147369 [main] TRACE org.dbunit.database.DatabaseConfig  - getProperty(name=http://www.dbunit.org/features/qualifiedTableNames) - start
147369 [main] DEBUG org.dbunit.util.QualifiedTableName  - Qualified table names feature is disabled. Returning plain table name
147369 [main] DEBUG org.dbunit.util.QualifiedTableName  - getQualifiedName(prefix=null, name=SCOPEDCONTENTCONDITION, escapePattern=null) - start
147369 [main] DEBUG org.dbunit.util.QualifiedTableName  - getQualifiedNameIfEnabled(config=org.dbunit.database.DatabaseConfig[, _propertyMap={http://www.dbunit.org/properties/statementFactory=org.dbunit.database.statement.PreparedStatementFactory@626bc2b8, http://www.dbunit.org/features/caseSensitiveTableNames=false, http://www.dbunit.org/properties/fetchSize=100, http://www.dbunit.org/features/batchedStatements=false, http://www.dbunit.org/properties/metadataHandler=org.dbunit.database.DefaultMetadataHandler@3bbfdfde, http://www.dbunit.org/properties/datatypeFactory=org.dbunit.dataset.datatype.DefaultDataTypeFactory[_toleratedDeltaMap=org.dbunit.dataset.datatype.ToleratedDeltaMap@6452310a], http://www.dbunit.org/properties/escapePattern=null, http://www.dbunit.org/properties/batchSize=100, http://www.dbunit.org/features/qualifiedTableNames=false, http://www.dbunit.org/properties/tableType=[Ljava.lang.String;@5011bafa, http://www.dbunit.org/properties/resultSetTableFactory=org.dbunit.database.CachedResultSetTableFactory@10bcf083, http://www.dbunit.org/features/datatypeWarning=true}]) - start
147369 [main] TRACE org.dbunit.database.DatabaseConfig  - getFeature(name=http://www.dbunit.org/features/qualifiedTableNames) - start
147370 [main] TRACE org.dbunit.database.DatabaseConfig  - getProperty(name=http://www.dbunit.org/features/qualifiedTableNames) - start
147370 [main] DEBUG org.dbunit.util.QualifiedTableName  - Qualified table names feature is disabled. Returning plain table name
147370 [main] DEBUG org.dbunit.util.QualifiedTableName  - getQualifiedName(prefix=null, name=SCOPEDCONTENTCONDITIONS_SCOPEDCONTENT, escapePattern=null) - start
147370 [main] DEBUG org.dbunit.database.search.AbstractMetaDataBasedSearchCallback  - newEdge(rs=org.apache.commons.dbcp.DelegatingResultSet@1688d943, type=1, from=SCOPEDCONTENTCONDITION, to=SCOPEDCONTENTCONDITIONS_SCOPEDCONTENT, fkColumn=SCOPED_CONTENT_CONDITION_ID, pkColumn=ID) - start
147370 [main] DEBUG org.dbunit.database.search.AbstractMetaDataBasedSearchCallback  - createFKEdge(rs=org.apache.commons.dbcp.DelegatingResultSet@1688d943, type=1, from=SCOPEDCONTENTCONDITION, to=SCOPEDCONTENTCONDITIONS_SCOPEDCONTENT, fkColumn=SCOPED_CONTENT_CONDITION_ID, pkColumn=ID) - start
147370 [main] DEBUG org.dbunit.database.search.AbstractMetaDataBasedSearchCallback  - Adding edge SCOPEDCONTENTCONDITIONS_SCOPEDCONTENT(SCOPED_CONTENT_CONDITION_ID)->SCOPEDCONTENTCONDITION(ID)
147370 [main] DEBUG org.dbunit.util.search.Edge  - compareTo(o=NESTEDSCOPEDCONTENTCONDITIONS(CHILD_CONDITION_ID)->SCOPEDCONTENTCONDITION(ID)) - start
147370 [main] DEBUG org.dbunit.util.search.Edge  - compareTo(o=SCOPEDCONTENTCONDITIONATTRIBUTE(SCOPEDCONTENTCONDITION)->SCOPEDCONTENTCONDITION(ID)) - start
147370 [main] DEBUG org.dbunit.util.QualifiedTableName  - getQualifiedNameIfEnabled(config=org.dbunit.database.DatabaseConfig[, _propertyMap={http://www.dbunit.org/properties/statementFactory=org.dbunit.database.statement.PreparedStatementFactory@626bc2b8, http://www.dbunit.org/features/caseSensitiveTableNames=false, http://www.dbunit.org/properties/fetchSize=100, http://www.dbunit.org/features/batchedStatements=false, http://www.dbunit.org/properties/metadataHandler=org.dbunit.database.DefaultMetadataHandler@3bbfdfde, http://www.dbunit.org/properties/datatypeFactory=org.dbunit.dataset.datatype.DefaultDataTypeFactory[_toleratedDeltaMap=org.dbunit.dataset.datatype.ToleratedDeltaMap@6452310a], http://www.dbunit.org/properties/escapePattern=null, http://www.dbunit.org/properties/batchSize=100, http://www.dbunit.org/features/qualifiedTableNames=false, http://www.dbunit.org/properties/tableType=[Ljava.lang.String;@5011bafa, http://www.dbunit.org/properties/resultSetTableFactory=org.dbunit.database.CachedResultSetTableFactory@10bcf083, http://www.dbunit.org/features/datatypeWarning=true}]) - start
147370 [main] TRACE org.dbunit.database.DatabaseConfig  - getFeature(name=http://www.dbunit.org/features/qualifiedTableNames) - start
147371 [main] TRACE org.dbunit.database.DatabaseConfig  - getProperty(name=http://www.dbunit.org/features/qualifiedTableNames) - start
147371 [main] DEBUG org.dbunit.util.QualifiedTableName  - Qualified table names feature is disabled. Returning plain table name
147371 [main] DEBUG org.dbunit.util.QualifiedTableName  - getQualifiedName(prefix=null, name=SCOPEDCONTENTCONDITION, escapePattern=null) - start
147371 [main] DEBUG org.dbunit.util.QualifiedTableName  - getQualifiedNameIfEnabled(config=org.dbunit.database.DatabaseConfig[, _propertyMap={http://www.dbunit.org/properties/statementFactory=org.dbunit.database.statement.PreparedStatementFactory@626bc2b8, http://www.dbunit.org/features/caseSensitiveTableNames=false, http://www.dbunit.org/properties/fetchSize=100, http://www.dbunit.org/features/batchedStatements=false, http://www.dbunit.org/properties/metadataHandler=org.dbunit.database.DefaultMetadataHandler@3bbfdfde, http://www.dbunit.org/properties/datatypeFactory=org.dbunit.dataset.datatype.DefaultDataTypeFactory[_toleratedDeltaMap=org.dbunit.dataset.datatype.ToleratedDeltaMap@6452310a], http://www.dbunit.org/properties/escapePattern=null, http://www.dbunit.org/properties/batchSize=100, http://www.dbunit.org/features/qualifiedTableNames=false, http://www.dbunit.org/properties/tableType=[Ljava.lang.String;@5011bafa, http://www.dbunit.org/properties/resultSetTableFactory=org.dbunit.database.CachedResultSetTableFactory@10bcf083, http://www.dbunit.org/features/datatypeWarning=true}]) - start
147371 [main] TRACE org.dbunit.database.DatabaseConfig  - getFeature(name=http://www.dbunit.org/features/qualifiedTableNames) - start
147371 [main] TRACE org.dbunit.database.DatabaseConfig  - getProperty(name=http://www.dbunit.org/features/qualifiedTableNames) - start
147371 [main] DEBUG org.dbunit.util.QualifiedTableName  - Qualified table names feature is disabled. Returning plain table name
147371 [main] DEBUG org.dbunit.util.QualifiedTableName  - getQualifiedName(prefix=null, name=SCOPEDCONTENTCONDITIONS_SCOPEDCONTENTITEM, escapePattern=null) - start
147371 [main] DEBUG org.dbunit.database.search.AbstractMetaDataBasedSearchCallback  - newEdge(rs=org.apache.commons.dbcp.DelegatingResultSet@1688d943, type=1, from=SCOPEDCONTENTCONDITION, to=SCOPEDCONTENTCONDITIONS_SCOPEDCONTENTITEM, fkColumn=SCOPED_CONTENT_CONDITION_ID, pkColumn=ID) - start
147371 [main] DEBUG org.dbunit.database.search.AbstractMetaDataBasedSearchCallback  - createFKEdge(rs=org.apache.commons.dbcp.DelegatingResultSet@1688d943, type=1, from=SCOPEDCONTENTCONDITION, to=SCOPEDCONTENTCONDITIONS_SCOPEDCONTENTITEM, fkColumn=SCOPED_CONTENT_CONDITION_ID, pkColumn=ID) - start
147371 [main] DEBUG org.dbunit.database.search.AbstractMetaDataBasedSearchCallback  - Adding edge SCOPEDCONTENTCONDITIONS_SCOPEDCONTENTITEM(SCOPED_CONTENT_CONDITION_ID)->SCOPEDCONTENTCONDITION(ID)
147372 [main] DEBUG org.dbunit.util.search.Edge  - compareTo(o=SCOPEDCONTENTCONDITIONATTRIBUTE(SCOPEDCONTENTCONDITION)->SCOPEDCONTENTCONDITION(ID)) - start
147372 [main] DEBUG org.dbunit.util.search.Edge  - compareTo(o=SCOPEDCONTENTCONDITIONS_SCOPEDCONTENT(SCOPED_CONTENT_CONDITION_ID)->SCOPEDCONTENTCONDITION(ID)) - start
147372 [main] DEBUG org.dbunit.util.SQLHelper  - close(resultSet=org.apache.commons.dbcp.DelegatingResultSet@1688d943) - start
147372 [main] DEBUG org.dbunit.util.search.DepthFirstSearch  - reverseSearch:NESTEDSCOPEDCONTENTCONDITIONS
147372 [main] DEBUG org.dbunit.database.search.ExportedKeysSearchCallback  - searchNode(node=NESTEDSCOPEDCONTENTCONDITIONS) - start
147372 [main] DEBUG org.dbunit.util.search.DepthFirstSearch  - Pushing (reverse) NESTEDSCOPEDCONTENTCONDITIONS
147372 [main] DEBUG org.dbunit.database.search.ExportedKeysSearchCallback  - getEdges(node=NESTEDSCOPEDCONTENTCONDITIONS) - start
147372 [main] DEBUG org.dbunit.database.search.AbstractMetaDataBasedSearchCallback  - getNodesFromExportedKeys(node=NESTEDSCOPEDCONTENTCONDITIONS) - start
147372 [main] DEBUG org.dbunit.database.search.AbstractMetaDataBasedSearchCallback  - getNodes(type=1, node=NESTEDSCOPEDCONTENTCONDITIONS) - start
147372 [main] DEBUG org.dbunit.database.DatabaseDataSourceConnection  - getConnection() - start
147372 [main] DEBUG org.dbunit.database.search.AbstractMetaDataBasedSearchCallback  - getNodes(type=1, node=NESTEDSCOPEDCONTENTCONDITIONS, conn=Transaction-aware proxy for target Connection [jdbc:hsqldb:mem:kontrollDS, UserName=sw, HSQL Database Engine Driver], schema=null, metaData=org.apache.commons.dbcp.DelegatingDatabaseMetaData@726fc943, edges=[]) - start
147373 [main] DEBUG org.dbunit.database.search.AbstractMetaDataBasedSearchCallback  - Getting edges for node NESTEDSCOPEDCONTENTCONDITIONS
147373 [main] TRACE org.dbunit.database.DatabaseConfig  - getProperty(name=http://www.dbunit.org/properties/metadataHandler) - start
147373 [main] TRACE org.dbunit.database.DefaultMetadataHandler  - tableExists(metaData=org.apache.commons.dbcp.DelegatingDatabaseMetaData@726fc943, schemaName=null, tableName=NESTEDSCOPEDCONTENTCONDITIONS) - start
147374 [main] DEBUG org.dbunit.util.SQLHelper  - close(resultSet=org.apache.commons.dbcp.DelegatingResultSet@be526d2) - start
147374 [main] DEBUG org.dbunit.util.SQLHelper  - close(resultSet=org.apache.commons.dbcp.DelegatingResultSet@32a1ad23) - start
147374 [main] DEBUG org.dbunit.util.search.DepthFirstSearch  - reverseSearch:SCOPEDCONTENTCONDITIONATTRIBUTE
147374 [main] DEBUG org.dbunit.database.search.ExportedKeysSearchCallback  - searchNode(node=SCOPEDCONTENTCONDITIONATTRIBUTE) - start
147374 [main] DEBUG org.dbunit.util.search.DepthFirstSearch  - Pushing (reverse) SCOPEDCONTENTCONDITIONATTRIBUTE
147374 [main] DEBUG org.dbunit.util.search.DepthFirstSearch  - reverseSearch:SCOPEDCONTENTCONDITIONS_SCOPEDCONTENT
147375 [main] DEBUG org.dbunit.database.search.ExportedKeysSearchCallback  - searchNode(node=SCOPEDCONTENTCONDITIONS_SCOPEDCONTENT) - start
147375 [main] DEBUG org.dbunit.util.search.DepthFirstSearch  - Pushing (reverse) SCOPEDCONTENTCONDITIONS_SCOPEDCONTENT
147375 [main] DEBUG org.dbunit.util.search.DepthFirstSearch  - reverseSearch:SCOPEDCONTENTCONDITIONS_SCOPEDCONTENTITEM
147375 [main] DEBUG org.dbunit.database.search.ExportedKeysSearchCallback  - searchNode(node=SCOPEDCONTENTCONDITIONS_SCOPEDCONTENTITEM) - start
147375 [main] DEBUG org.dbunit.util.search.DepthFirstSearch  - Pushing (reverse) SCOPEDCONTENTCONDITIONS_SCOPEDCONTENTITEM
147375 [main] DEBUG org.dbunit.util.search.DepthFirstSearch  - search:NESTEDSCOPEDCONTENTCONDITIONS
147375 [main] DEBUG org.dbunit.database.search.ExportedKeysSearchCallback  - searchNode(node=NESTEDSCOPEDCONTENTCONDITIONS) - start
147375 [main] DEBUG org.dbunit.util.search.DepthFirstSearch  - Pushing NESTEDSCOPEDCONTENTCONDITIONS
147375 [main] DEBUG org.dbunit.database.search.ExportedKeysSearchCallback  - getEdges(node=NESTEDSCOPEDCONTENTCONDITIONS) - start
147375 [main] DEBUG org.dbunit.database.search.AbstractMetaDataBasedSearchCallback  - getNodesFromExportedKeys(node=NESTEDSCOPEDCONTENTCONDITIONS) - start
147375 [main] DEBUG org.dbunit.database.search.AbstractMetaDataBasedSearchCallback  - getNodes(type=1, node=NESTEDSCOPEDCONTENTCONDITIONS) - start
147375 [main] DEBUG org.dbunit.database.DatabaseDataSourceConnection  - getConnection() - start
147376 [main] DEBUG org.dbunit.database.search.AbstractMetaDataBasedSearchCallback  - getNodes(type=1, node=NESTEDSCOPEDCONTENTCONDITIONS, conn=Transaction-aware proxy for target Connection [jdbc:hsqldb:mem:kontrollDS, UserName=sw, HSQL Database Engine Driver], schema=null, metaData=org.apache.commons.dbcp.DelegatingDatabaseMetaData@146deecd, edges=[]) - start
147376 [main] DEBUG org.dbunit.database.search.AbstractMetaDataBasedSearchCallback  - Getting edges for node NESTEDSCOPEDCONTENTCONDITIONS
147376 [main] TRACE org.dbunit.database.DatabaseConfig  - getProperty(name=http://www.dbunit.org/properties/metadataHandler) - start
147376 [main] TRACE org.dbunit.database.DefaultMetadataHandler  - tableExists(metaData=org.apache.commons.dbcp.DelegatingDatabaseMetaData@146deecd, schemaName=null, tableName=NESTEDSCOPEDCONTENTCONDITIONS) - start
147377 [main] DEBUG org.dbunit.util.SQLHelper  - close(resultSet=org.apache.commons.dbcp.DelegatingResultSet@15a6300a) - start
147377 [main] DEBUG org.dbunit.util.SQLHelper  - close(resultSet=org.apache.commons.dbcp.DelegatingResultSet@538a7f3b) - start
147377 [main] DEBUG org.dbunit.util.search.DepthFirstSearch  - Adding node NESTEDSCOPEDCONTENTCONDITIONS to the final result
147377 [main] DEBUG org.dbunit.util.search.DepthFirstSearch  - search:SCOPEDCONTENTCONDITIONATTRIBUTE
147377 [main] DEBUG org.dbunit.database.search.ExportedKeysSearchCallback  - searchNode(node=SCOPEDCONTENTCONDITIONATTRIBUTE) - start
147378 [main] DEBUG org.dbunit.util.search.DepthFirstSearch  - Pushing SCOPEDCONTENTCONDITIONATTRIBUTE
147378 [main] DEBUG org.dbunit.database.search.ExportedKeysSearchCallback  - getEdges(node=SCOPEDCONTENTCONDITIONATTRIBUTE) - start
147378 [main] DEBUG org.dbunit.database.search.AbstractMetaDataBasedSearchCallback  - getNodesFromExportedKeys(node=SCOPEDCONTENTCONDITIONATTRIBUTE) - start
147378 [main] DEBUG org.dbunit.database.search.AbstractMetaDataBasedSearchCallback  - getNodes(type=1, node=SCOPEDCONTENTCONDITIONATTRIBUTE) - start
147378 [main] DEBUG org.dbunit.database.DatabaseDataSourceConnection  - getConnection() - start
147378 [main] DEBUG org.dbunit.database.search.AbstractMetaDataBasedSearchCallback  - getNodes(type=1, node=SCOPEDCONTENTCONDITIONATTRIBUTE, conn=Transaction-aware proxy for target Connection [jdbc:hsqldb:mem:kontrollDS, UserName=sw, HSQL Database Engine Driver], schema=null, metaData=org.apache.commons.dbcp.DelegatingDatabaseMetaData@29a72556, edges=[]) - start
147378 [main] DEBUG org.dbunit.database.search.AbstractMetaDataBasedSearchCallback  - Getting edges for node SCOPEDCONTENTCONDITIONATTRIBUTE
147378 [main] TRACE org.dbunit.database.DatabaseConfig  - getProperty(name=http://www.dbunit.org/properties/metadataHandler) - start
147378 [main] TRACE org.dbunit.database.DefaultMetadataHandler  - tableExists(metaData=org.apache.commons.dbcp.DelegatingDatabaseMetaData@29a72556, schemaName=null, tableName=SCOPEDCONTENTCONDITIONATTRIBUTE) - start
147379 [main] DEBUG org.dbunit.util.SQLHelper  - close(resultSet=org.apache.commons.dbcp.DelegatingResultSet@302e3d41) - start
147380 [main] DEBUG org.dbunit.util.SQLHelper  - close(resultSet=org.apache.commons.dbcp.DelegatingResultSet@2014cf57) - start
147380 [main] DEBUG org.dbunit.util.search.DepthFirstSearch  - Adding node SCOPEDCONTENTCONDITIONATTRIBUTE to the final result
147380 [main] DEBUG org.dbunit.util.search.DepthFirstSearch  - search:SCOPEDCONTENTCONDITIONS_SCOPEDCONTENT
147380 [main] DEBUG org.dbunit.database.search.ExportedKeysSearchCallback  - searchNode(node=SCOPEDCONTENTCONDITIONS_SCOPEDCONTENT) - start
147380 [main] DEBUG org.dbunit.util.search.DepthFirstSearch  - Pushing SCOPEDCONTENTCONDITIONS_SCOPEDCONTENT
147380 [main] DEBUG org.dbunit.database.search.ExportedKeysSearchCallback  - getEdges(node=SCOPEDCONTENTCONDITIONS_SCOPEDCONTENT) - start
147380 [main] DEBUG org.dbunit.database.search.AbstractMetaDataBasedSearchCallback  - getNodesFromExportedKeys(node=SCOPEDCONTENTCONDITIONS_SCOPEDCONTENT) - start
147380 [main] DEBUG org.dbunit.database.search.AbstractMetaDataBasedSearchCallback  - getNodes(type=1, node=SCOPEDCONTENTCONDITIONS_SCOPEDCONTENT) - start
147380 [main] DEBUG org.dbunit.database.DatabaseDataSourceConnection  - getConnection() - start
147380 [main] DEBUG org.dbunit.database.search.AbstractMetaDataBasedSearchCallback  - getNodes(type=1, node=SCOPEDCONTENTCONDITIONS_SCOPEDCONTENT, conn=Transaction-aware proxy for target Connection [jdbc:hsqldb:mem:kontrollDS, UserName=sw, HSQL Database Engine Driver], schema=null, metaData=org.apache.commons.dbcp.DelegatingDatabaseMetaData@36386935, edges=[]) - start
147380 [main] DEBUG org.dbunit.database.search.AbstractMetaDataBasedSearchCallback  - Getting edges for node SCOPEDCONTENTCONDITIONS_SCOPEDCONTENT
147380 [main] TRACE org.dbunit.database.DatabaseConfig  - getProperty(name=http://www.dbunit.org/properties/metadataHandler) - start
147381 [main] TRACE org.dbunit.database.DefaultMetadataHandler  - tableExists(metaData=org.apache.commons.dbcp.DelegatingDatabaseMetaData@36386935, schemaName=null, tableName=SCOPEDCONTENTCONDITIONS_SCOPEDCONTENT) - start
147382 [main] DEBUG org.dbunit.util.SQLHelper  - close(resultSet=org.apache.commons.dbcp.DelegatingResultSet@1c60d953) - start
147382 [main] DEBUG org.dbunit.util.SQLHelper  - close(resultSet=org.apache.commons.dbcp.DelegatingResultSet@786ff4a) - start
147382 [main] DEBUG org.dbunit.util.search.DepthFirstSearch  - Adding node SCOPEDCONTENTCONDITIONS_SCOPEDCONTENT to the final result
147382 [main] DEBUG org.dbunit.util.search.DepthFirstSearch  - search:SCOPEDCONTENTCONDITIONS_SCOPEDCONTENTITEM
147382 [main] DEBUG org.dbunit.database.search.ExportedKeysSearchCallback  - searchNode(node=SCOPEDCONTENTCONDITIONS_SCOPEDCONTENTITEM) - start
147382 [main] DEBUG org.dbunit.util.search.DepthFirstSearch  - Pushing SCOPEDCONTENTCONDITIONS_SCOPEDCONTENTITEM
147382 [main] DEBUG org.dbunit.database.search.ExportedKeysSearchCallback  - getEdges(node=SCOPEDCONTENTCONDITIONS_SCOPEDCONTENTITEM) - start
147383 [main] DEBUG org.dbunit.database.search.AbstractMetaDataBasedSearchCallback  - getNodesFromExportedKeys(node=SCOPEDCONTENTCONDITIONS_SCOPEDCONTENTITEM) - start
147383 [main] DEBUG org.dbunit.database.search.AbstractMetaDataBasedSearchCallback  - getNodes(type=1, node=SCOPEDCONTENTCONDITIONS_SCOPEDCONTENTITEM) - start
147383 [main] DEBUG org.dbunit.database.DatabaseDataSourceConnection  - getConnection() - start
147383 [main] DEBUG org.dbunit.database.search.AbstractMetaDataBasedSearchCallback  - getNodes(type=1, node=SCOPEDCONTENTCONDITIONS_SCOPEDCONTENTITEM, conn=Transaction-aware proxy for target Connection [jdbc:hsqldb:mem:kontrollDS, UserName=sw, HSQL Database Engine Driver], schema=null, metaData=org.apache.commons.dbcp.DelegatingDatabaseMetaData@2fe25722, edges=[]) - start
147383 [main] DEBUG org.dbunit.database.search.AbstractMetaDataBasedSearchCallback  - Getting edges for node SCOPEDCONTENTCONDITIONS_SCOPEDCONTENTITEM
147383 [main] TRACE org.dbunit.database.DatabaseConfig  - getProperty(name=http://www.dbunit.org/properties/metadataHandler) - start
147383 [main] TRACE org.dbunit.database.DefaultMetadataHandler  - tableExists(metaData=org.apache.commons.dbcp.DelegatingDatabaseMetaData@2fe25722, schemaName=null, tableName=SCOPEDCONTENTCONDITIONS_SCOPEDCONTENTITEM) - start
147384 [main] DEBUG org.dbunit.util.SQLHelper  - close(resultSet=org.apache.commons.dbcp.DelegatingResultSet@588a2a5c) - start
147385 [main] DEBUG org.dbunit.util.SQLHelper  - close(resultSet=org.apache.commons.dbcp.DelegatingResultSet@5c382dab) - start
147385 [main] DEBUG org.dbunit.util.search.DepthFirstSearch  - Adding node SCOPEDCONTENTCONDITIONS_SCOPEDCONTENTITEM to the final result
147385 [main] DEBUG org.dbunit.util.search.DepthFirstSearch  - search:SCOPEDCONTENTCONDITION
147385 [main] DEBUG org.dbunit.database.search.ExportedKeysSearchCallback  - searchNode(node=SCOPEDCONTENTCONDITION) - start
147385 [main] DEBUG org.dbunit.util.search.DepthFirstSearch  - Pushing SCOPEDCONTENTCONDITION
147385 [main] DEBUG org.dbunit.database.search.ExportedKeysSearchCallback  - getEdges(node=SCOPEDCONTENTCONDITION) - start
147385 [main] DEBUG org.dbunit.database.search.AbstractMetaDataBasedSearchCallback  - getNodesFromExportedKeys(node=SCOPEDCONTENTCONDITION) - start
147385 [main] DEBUG org.dbunit.database.search.AbstractMetaDataBasedSearchCallback  - getNodes(type=1, node=SCOPEDCONTENTCONDITION) - start
147385 [main] DEBUG org.dbunit.database.DatabaseDataSourceConnection  - getConnection() - start
147385 [main] DEBUG org.dbunit.database.search.AbstractMetaDataBasedSearchCallback  - getNodes(type=1, node=SCOPEDCONTENTCONDITION, conn=Transaction-aware proxy for target Connection [jdbc:hsqldb:mem:kontrollDS, UserName=sw, HSQL Database Engine Driver], schema=null, metaData=org.apache.commons.dbcp.DelegatingDatabaseMetaData@6c3e64d9, edges=[]) - start
147385 [main] DEBUG org.dbunit.database.search.AbstractMetaDataBasedSearchCallback  - Getting edges for node SCOPEDCONTENTCONDITION
147386 [main] TRACE org.dbunit.database.DatabaseConfig  - getProperty(name=http://www.dbunit.org/properties/metadataHandler) - start
147386 [main] TRACE org.dbunit.database.DefaultMetadataHandler  - tableExists(metaData=org.apache.commons.dbcp.DelegatingDatabaseMetaData@6c3e64d9, schemaName=null, tableName=SCOPEDCONTENTCONDITION) - start
147387 [main] DEBUG org.dbunit.util.SQLHelper  - close(resultSet=org.apache.commons.dbcp.DelegatingResultSet@7539110c) - start
147387 [main] DEBUG org.dbunit.util.QualifiedTableName  - getQualifiedNameIfEnabled(config=org.dbunit.database.DatabaseConfig[, _propertyMap={http://www.dbunit.org/properties/statementFactory=org.dbunit.database.statement.PreparedStatementFactory@626bc2b8, http://www.dbunit.org/features/caseSensitiveTableNames=false, http://www.dbunit.org/properties/fetchSize=100, http://www.dbunit.org/features/batchedStatements=false, http://www.dbunit.org/properties/metadataHandler=org.dbunit.database.DefaultMetadataHandler@3bbfdfde, http://www.dbunit.org/properties/datatypeFactory=org.dbunit.dataset.datatype.DefaultDataTypeFactory[_toleratedDeltaMap=org.dbunit.dataset.datatype.ToleratedDeltaMap@6452310a], http://www.dbunit.org/properties/escapePattern=null, http://www.dbunit.org/properties/batchSize=100, http://www.dbunit.org/features/qualifiedTableNames=false, http://www.dbunit.org/properties/tableType=[Ljava.lang.String;@5011bafa, http://www.dbunit.org/properties/resultSetTableFactory=org.dbunit.database.CachedResultSetTableFactory@10bcf083, http://www.dbunit.org/features/datatypeWarning=true}]) - start
147387 [main] TRACE org.dbunit.database.DatabaseConfig  - getFeature(name=http://www.dbunit.org/features/qualifiedTableNames) - start
147387 [main] TRACE org.dbunit.database.DatabaseConfig  - getProperty(name=http://www.dbunit.org/features/qualifiedTableNames) - start
147387 [main] DEBUG org.dbunit.util.QualifiedTableName  - Qualified table names feature is disabled. Returning plain table name
147387 [main] DEBUG org.dbunit.util.QualifiedTableName  - getQualifiedName(prefix=null, name=SCOPEDCONTENTCONDITION, escapePattern=null) - start
147387 [main] DEBUG org.dbunit.util.QualifiedTableName  - getQualifiedNameIfEnabled(config=org.dbunit.database.DatabaseConfig[, _propertyMap={http://www.dbunit.org/properties/statementFactory=org.dbunit.database.statement.PreparedStatementFactory@626bc2b8, http://www.dbunit.org/features/caseSensitiveTableNames=false, http://www.dbunit.org/properties/fetchSize=100, http://www.dbunit.org/features/batchedStatements=false, http://www.dbunit.org/properties/metadataHandler=org.dbunit.database.DefaultMetadataHandler@3bbfdfde, http://www.dbunit.org/properties/datatypeFactory=org.dbunit.dataset.datatype.DefaultDataTypeFactory[_toleratedDeltaMap=org.dbunit.dataset.datatype.ToleratedDeltaMap@6452310a], http://www.dbunit.org/properties/escapePattern=null, http://www.dbunit.org/properties/batchSize=100, http://www.dbunit.org/features/qualifiedTableNames=false, http://www.dbunit.org/properties/tableType=[Ljava.lang.String;@5011bafa, http://www.dbunit.org/properties/resultSetTableFactory=org.dbunit.database.CachedResultSetTableFactory@10bcf083, http://www.dbunit.org/features/datatypeWarning=true}]) - start
147388 [main] TRACE org.dbunit.database.DatabaseConfig  - getFeature(name=http://www.dbunit.org/features/qualifiedTableNames) - start
147388 [main] TRACE org.dbunit.database.DatabaseConfig  - getProperty(name=http://www.dbunit.org/features/qualifiedTableNames) - start
147388 [main] DEBUG org.dbunit.util.QualifiedTableName  - Qualified table names feature is disabled. Returning plain table name
147388 [main] DEBUG org.dbunit.util.QualifiedTableName  - getQualifiedName(prefix=null, name=NESTEDSCOPEDCONTENTCONDITIONS, escapePattern=null) - start
147388 [main] DEBUG org.dbunit.database.search.AbstractMetaDataBasedSearchCallback  - newEdge(rs=org.apache.commons.dbcp.DelegatingResultSet@580917d0, type=1, from=SCOPEDCONTENTCONDITION, to=NESTEDSCOPEDCONTENTCONDITIONS, fkColumn=CHILD_CONDITION_ID, pkColumn=ID) - start
147388 [main] DEBUG org.dbunit.database.search.AbstractMetaDataBasedSearchCallback  - createFKEdge(rs=org.apache.commons.dbcp.DelegatingResultSet@580917d0, type=1, from=SCOPEDCONTENTCONDITION, to=NESTEDSCOPEDCONTENTCONDITIONS, fkColumn=CHILD_CONDITION_ID, pkColumn=ID) - start
147388 [main] DEBUG org.dbunit.database.search.AbstractMetaDataBasedSearchCallback  - Adding edge NESTEDSCOPEDCONTENTCONDITIONS(CHILD_CONDITION_ID)->SCOPEDCONTENTCONDITION(ID)
147388 [main] DEBUG org.dbunit.util.search.Edge  - compareTo(o=NESTEDSCOPEDCONTENTCONDITIONS(CHILD_CONDITION_ID)->SCOPEDCONTENTCONDITION(ID)) - start
147388 [main] DEBUG org.dbunit.util.QualifiedTableName  - getQualifiedNameIfEnabled(config=org.dbunit.database.DatabaseConfig[, _propertyMap={http://www.dbunit.org/properties/statementFactory=org.dbunit.database.statement.PreparedStatementFactory@626bc2b8, http://www.dbunit.org/features/caseSensitiveTableNames=false, http://www.dbunit.org/properties/fetchSize=100, http://www.dbunit.org/features/batchedStatements=false, http://www.dbunit.org/properties/metadataHandler=org.dbunit.database.DefaultMetadataHandler@3bbfdfde, http://www.dbunit.org/properties/datatypeFactory=org.dbunit.dataset.datatype.DefaultDataTypeFactory[_toleratedDeltaMap=org.dbunit.dataset.datatype.ToleratedDeltaMap@6452310a], http://www.dbunit.org/properties/escapePattern=null, http://www.dbunit.org/properties/batchSize=100, http://www.dbunit.org/features/qualifiedTableNames=false, http://www.dbunit.org/properties/tableType=[Ljava.lang.String;@5011bafa, http://www.dbunit.org/properties/resultSetTableFactory=org.dbunit.database.CachedResultSetTableFactory@10bcf083, http://www.dbunit.org/features/datatypeWarning=true}]) - start
147388 [main] TRACE org.dbunit.database.DatabaseConfig  - getFeature(name=http://www.dbunit.org/features/qualifiedTableNames) - start
147388 [main] TRACE org.dbunit.database.DatabaseConfig  - getProperty(name=http://www.dbunit.org/features/qualifiedTableNames) - start
147389 [main] DEBUG org.dbunit.util.QualifiedTableName  - Qualified table names feature is disabled. Returning plain table name
147389 [main] DEBUG org.dbunit.util.QualifiedTableName  - getQualifiedName(prefix=null, name=SCOPEDCONTENTCONDITION, escapePattern=null) - start
147389 [main] DEBUG org.dbunit.util.QualifiedTableName  - getQualifiedNameIfEnabled(config=org.dbunit.database.DatabaseConfig[, _propertyMap={http://www.dbunit.org/properties/statementFactory=org.dbunit.database.statement.PreparedStatementFactory@626bc2b8, http://www.dbunit.org/features/caseSensitiveTableNames=false, http://www.dbunit.org/properties/fetchSize=100, http://www.dbunit.org/features/batchedStatements=false, http://www.dbunit.org/properties/metadataHandler=org.dbunit.database.DefaultMetadataHandler@3bbfdfde, http://www.dbunit.org/properties/datatypeFactory=org.dbunit.dataset.datatype.DefaultDataTypeFactory[_toleratedDeltaMap=org.dbunit.dataset.datatype.ToleratedDeltaMap@6452310a], http://www.dbunit.org/properties/escapePattern=null, http://www.dbunit.org/properties/batchSize=100, http://www.dbunit.org/features/qualifiedTableNames=false, http://www.dbunit.org/properties/tableType=[Ljava.lang.String;@5011bafa, http://www.dbunit.org/properties/resultSetTableFactory=org.dbunit.database.CachedResultSetTableFactory@10bcf083, http://www.dbunit.org/features/datatypeWarning=true}]) - start
147389 [main] TRACE org.dbunit.database.DatabaseConfig  - getFeature(name=http://www.dbunit.org/features/qualifiedTableNames) - start
147389 [main] TRACE org.dbunit.database.DatabaseConfig  - getProperty(name=http://www.dbunit.org/features/qualifiedTableNames) - start
147389 [main] DEBUG org.dbunit.util.QualifiedTableName  - Qualified table names feature is disabled. Returning plain table name
147389 [main] DEBUG org.dbunit.util.QualifiedTableName  - getQualifiedName(prefix=null, name=NESTEDSCOPEDCONTENTCONDITIONS, escapePattern=null) - start
147389 [main] DEBUG org.dbunit.database.search.AbstractMetaDataBasedSearchCallback  - newEdge(rs=org.apache.commons.dbcp.DelegatingResultSet@580917d0, type=1, from=SCOPEDCONTENTCONDITION, to=NESTEDSCOPEDCONTENTCONDITIONS, fkColumn=PARENT_CONDITION_ID, pkColumn=ID) - start
147389 [main] DEBUG org.dbunit.database.search.AbstractMetaDataBasedSearchCallback  - createFKEdge(rs=org.apache.commons.dbcp.DelegatingResultSet@580917d0, type=1, from=SCOPEDCONTENTCONDITION, to=NESTEDSCOPEDCONTENTCONDITIONS, fkColumn=PARENT_CONDITION_ID, pkColumn=ID) - start
147389 [main] DEBUG org.dbunit.database.search.AbstractMetaDataBasedSearchCallback  - Adding edge NESTEDSCOPEDCONTENTCONDITIONS(PARENT_CONDITION_ID)->SCOPEDCONTENTCONDITION(ID)
147389 [main] DEBUG org.dbunit.util.search.Edge  - compareTo(o=NESTEDSCOPEDCONTENTCONDITIONS(CHILD_CONDITION_ID)->SCOPEDCONTENTCONDITION(ID)) - start
147390 [main] DEBUG org.dbunit.util.QualifiedTableName  - getQualifiedNameIfEnabled(config=org.dbunit.database.DatabaseConfig[, _propertyMap={http://www.dbunit.org/properties/statementFactory=org.dbunit.database.statement.PreparedStatementFactory@626bc2b8, http://www.dbunit.org/features/caseSensitiveTableNames=false, http://www.dbunit.org/properties/fetchSize=100, http://www.dbunit.org/features/batchedStatements=false, http://www.dbunit.org/properties/metadataHandler=org.dbunit.database.DefaultMetadataHandler@3bbfdfde, http://www.dbunit.org/properties/datatypeFactory=org.dbunit.dataset.datatype.DefaultDataTypeFactory[_toleratedDeltaMap=org.dbunit.dataset.datatype.ToleratedDeltaMap@6452310a], http://www.dbunit.org/properties/escapePattern=null, http://www.dbunit.org/properties/batchSize=100, http://www.dbunit.org/features/qualifiedTableNames=false, http://www.dbunit.org/properties/tableType=[Ljava.lang.String;@5011bafa, http://www.dbunit.org/properties/resultSetTableFactory=org.dbunit.database.CachedResultSetTableFactory@10bcf083, http://www.dbunit.org/features/datatypeWarning=true}]) - start
147390 [main] TRACE org.dbunit.database.DatabaseConfig  - getFeature(name=http://www.dbunit.org/features/qualifiedTableNames) - start
147390 [main] TRACE org.dbunit.database.DatabaseConfig  - getProperty(name=http://www.dbunit.org/features/qualifiedTableNames) - start
147390 [main] DEBUG org.dbunit.util.QualifiedTableName  - Qualified table names feature is disabled. Returning plain table name
147390 [main] DEBUG org.dbunit.util.QualifiedTableName  - getQualifiedName(prefix=null, name=SCOPEDCONTENTCONDITION, escapePattern=null) - start
147390 [main] DEBUG org.dbunit.util.QualifiedTableName  - getQualifiedNameIfEnabled(config=org.dbunit.database.DatabaseConfig[, _propertyMap={http://www.dbunit.org/properties/statementFactory=org.dbunit.database.statement.PreparedStatementFactory@626bc2b8, http://www.dbunit.org/features/caseSensitiveTableNames=false, http://www.dbunit.org/properties/fetchSize=100, http://www.dbunit.org/features/batchedStatements=false, http://www.dbunit.org/properties/metadataHandler=org.dbunit.database.DefaultMetadataHandler@3bbfdfde, http://www.dbunit.org/properties/datatypeFactory=org.dbunit.dataset.datatype.DefaultDataTypeFactory[_toleratedDeltaMap=org.dbunit.dataset.datatype.ToleratedDeltaMap@6452310a], http://www.dbunit.org/properties/escapePattern=null, http://www.dbunit.org/properties/batchSize=100, http://www.dbunit.org/features/qualifiedTableNames=false, http://www.dbunit.org/properties/tableType=[Ljava.lang.String;@5011bafa, http://www.dbunit.org/properties/resultSetTableFactory=org.dbunit.database.CachedResultSetTableFactory@10bcf083, http://www.dbunit.org/features/datatypeWarning=true}]) - start
147390 [main] TRACE org.dbunit.database.DatabaseConfig  - getFeature(name=http://www.dbunit.org/features/qualifiedTableNames) - start
147390 [main] TRACE org.dbunit.database.DatabaseConfig  - getProperty(name=http://www.dbunit.org/features/qualifiedTableNames) - start
147390 [main] DEBUG org.dbunit.util.QualifiedTableName  - Qualified table names feature is disabled. Returning plain table name
147390 [main] DEBUG org.dbunit.util.QualifiedTableName  - getQualifiedName(prefix=null, name=SCOPEDCONTENTCONDITIONATTRIBUTE, escapePattern=null) - start
147390 [main] DEBUG org.dbunit.database.search.AbstractMetaDataBasedSearchCallback  - newEdge(rs=org.apache.commons.dbcp.DelegatingResultSet@580917d0, type=1, from=SCOPEDCONTENTCONDITION, to=SCOPEDCONTENTCONDITIONATTRIBUTE, fkColumn=SCOPEDCONTENTCONDITION, pkColumn=ID) - start
147391 [main] DEBUG org.dbunit.database.search.AbstractMetaDataBasedSearchCallback  - createFKEdge(rs=org.apache.commons.dbcp.DelegatingResultSet@580917d0, type=1, from=SCOPEDCONTENTCONDITION, to=SCOPEDCONTENTCONDITIONATTRIBUTE, fkColumn=SCOPEDCONTENTCONDITION, pkColumn=ID) - start
147391 [main] DEBUG org.dbunit.database.search.AbstractMetaDataBasedSearchCallback  - Adding edge SCOPEDCONTENTCONDITIONATTRIBUTE(SCOPEDCONTENTCONDITION)->SCOPEDCONTENTCONDITION(ID)
147391 [main] DEBUG org.dbunit.util.search.Edge  - compareTo(o=NESTEDSCOPEDCONTENTCONDITIONS(CHILD_CONDITION_ID)->SCOPEDCONTENTCONDITION(ID)) - start
147391 [main] DEBUG org.dbunit.util.QualifiedTableName  - getQualifiedNameIfEnabled(config=org.dbunit.database.DatabaseConfig[, _propertyMap={http://www.dbunit.org/properties/statementFactory=org.dbunit.database.statement.PreparedStatementFactory@626bc2b8, http://www.dbunit.org/features/caseSensitiveTableNames=false, http://www.dbunit.org/properties/fetchSize=100, http://www.dbunit.org/features/batchedStatements=false, http://www.dbunit.org/properties/metadataHandler=org.dbunit.database.DefaultMetadataHandler@3bbfdfde, http://www.dbunit.org/properties/datatypeFactory=org.dbunit.dataset.datatype.DefaultDataTypeFactory[_toleratedDeltaMap=org.dbunit.dataset.datatype.ToleratedDeltaMap@6452310a], http://www.dbunit.org/properties/escapePattern=null, http://www.dbunit.org/properties/batchSize=100, http://www.dbunit.org/features/qualifiedTableNames=false, http://www.dbunit.org/properties/tableType=[Ljava.lang.String;@5011bafa, http://www.dbunit.org/properties/resultSetTableFactory=org.dbunit.database.CachedResultSetTableFactory@10bcf083, http://www.dbunit.org/features/datatypeWarning=true}]) - start
147391 [main] TRACE org.dbunit.database.DatabaseConfig  - getFeature(name=http://www.dbunit.org/features/qualifiedTableNames) - start
147391 [main] TRACE org.dbunit.database.DatabaseConfig  - getProperty(name=http://www.dbunit.org/features/qualifiedTableNames) - start
147391 [main] DEBUG org.dbunit.util.QualifiedTableName  - Qualified table names feature is disabled. Returning plain table name
147391 [main] DEBUG org.dbunit.util.QualifiedTableName  - getQualifiedName(prefix=null, name=SCOPEDCONTENTCONDITION, escapePattern=null) - start
147391 [main] DEBUG org.dbunit.util.QualifiedTableName  - getQualifiedNameIfEnabled(config=org.dbunit.database.DatabaseConfig[, _propertyMap={http://www.dbunit.org/properties/statementFactory=org.dbunit.database.statement.PreparedStatementFactory@626bc2b8, http://www.dbunit.org/features/caseSensitiveTableNames=false, http://www.dbunit.org/properties/fetchSize=100, http://www.dbunit.org/features/batchedStatements=false, http://www.dbunit.org/properties/metadataHandler=org.dbunit.database.DefaultMetadataHandler@3bbfdfde, http://www.dbunit.org/properties/datatypeFactory=org.dbunit.dataset.datatype.DefaultDataTypeFactory[_toleratedDeltaMap=org.dbunit.dataset.datatype.ToleratedDeltaMap@6452310a], http://www.dbunit.org/properties/escapePattern=null, http://www.dbunit.org/properties/batchSize=100, http://www.dbunit.org/features/qualifiedTableNames=false, http://www.dbunit.org/properties/tableType=[Ljava.lang.String;@5011bafa, http://www.dbunit.org/properties/resultSetTableFactory=org.dbunit.database.CachedResultSetTableFactory@10bcf083, http://www.dbunit.org/features/datatypeWarning=true}]) - start
147391 [main] TRACE org.dbunit.database.DatabaseConfig  - getFeature(name=http://www.dbunit.org/features/qualifiedTableNames) - start
147391 [main] TRACE org.dbunit.database.DatabaseConfig  - getProperty(name=http://www.dbunit.org/features/qualifiedTableNames) - start
147392 [main] DEBUG org.dbunit.util.QualifiedTableName  - Qualified table names feature is disabled. Returning plain table name
147392 [main] DEBUG org.dbunit.util.QualifiedTableName  - getQualifiedName(prefix=null, name=SCOPEDCONTENTCONDITIONS_SCOPEDCONTENT, escapePattern=null) - start
147392 [main] DEBUG org.dbunit.database.search.AbstractMetaDataBasedSearchCallback  - newEdge(rs=org.apache.commons.dbcp.DelegatingResultSet@580917d0, type=1, from=SCOPEDCONTENTCONDITION, to=SCOPEDCONTENTCONDITIONS_SCOPEDCONTENT, fkColumn=SCOPED_CONTENT_CONDITION_ID, pkColumn=ID) - start
147392 [main] DEBUG org.dbunit.database.search.AbstractMetaDataBasedSearchCallback  - createFKEdge(rs=org.apache.commons.dbcp.DelegatingResultSet@580917d0, type=1, from=SCOPEDCONTENTCONDITION, to=SCOPEDCONTENTCONDITIONS_SCOPEDCONTENT, fkColumn=SCOPED_CONTENT_CONDITION_ID, pkColumn=ID) - start
147392 [main] DEBUG org.dbunit.database.search.AbstractMetaDataBasedSearchCallback  - Adding edge SCOPEDCONTENTCONDITIONS_SCOPEDCONTENT(SCOPED_CONTENT_CONDITION_ID)->SCOPEDCONTENTCONDITION(ID)
147392 [main] DEBUG org.dbunit.util.search.Edge  - compareTo(o=NESTEDSCOPEDCONTENTCONDITIONS(CHILD_CONDITION_ID)->SCOPEDCONTENTCONDITION(ID)) - start
147392 [main] DEBUG org.dbunit.util.search.Edge  - compareTo(o=SCOPEDCONTENTCONDITIONATTRIBUTE(SCOPEDCONTENTCONDITION)->SCOPEDCONTENTCONDITION(ID)) - start
147392 [main] DEBUG org.dbunit.util.QualifiedTableName  - getQualifiedNameIfEnabled(config=org.dbunit.database.DatabaseConfig[, _propertyMap={http://www.dbunit.org/properties/statementFactory=org.dbunit.database.statement.PreparedStatementFactory@626bc2b8, http://www.dbunit.org/features/caseSensitiveTableNames=false, http://www.dbunit.org/properties/fetchSize=100, http://www.dbunit.org/features/batchedStatements=false, http://www.dbunit.org/properties/metadataHandler=org.dbunit.database.DefaultMetadataHandler@3bbfdfde, http://www.dbunit.org/properties/datatypeFactory=org.dbunit.dataset.datatype.DefaultDataTypeFactory[_toleratedDeltaMap=org.dbunit.dataset.datatype.ToleratedDeltaMap@6452310a], http://www.dbunit.org/properties/escapePattern=null, http://www.dbunit.org/properties/batchSize=100, http://www.dbunit.org/features/qualifiedTableNames=false, http://www.dbunit.org/properties/tableType=[Ljava.lang.String;@5011bafa, http://www.dbunit.org/properties/resultSetTableFactory=org.dbunit.database.CachedResultSetTableFactory@10bcf083, http://www.dbunit.org/features/datatypeWarning=true}]) - start
147393 [main] TRACE org.dbunit.database.DatabaseConfig  - getFeature(name=http://www.dbunit.org/features/qualifiedTableNames) - start
147393 [main] TRACE org.dbunit.database.DatabaseConfig  - getProperty(name=http://www.dbunit.org/features/qualifiedTableNames) - start
147393 [main] DEBUG org.dbunit.util.QualifiedTableName  - Qualified table names feature is disabled. Returning plain table name
147393 [main] DEBUG org.dbunit.util.QualifiedTableName  - getQualifiedName(prefix=null, name=SCOPEDCONTENTCONDITION, escapePattern=null) - start
147393 [main] DEBUG org.dbunit.util.QualifiedTableName  - getQualifiedNameIfEnabled(config=org.dbunit.database.DatabaseConfig[, _propertyMap={http://www.dbunit.org/properties/statementFactory=org.dbunit.database.statement.PreparedStatementFactory@626bc2b8, http://www.dbunit.org/features/caseSensitiveTableNames=false, http://www.dbunit.org/properties/fetchSize=100, http://www.dbunit.org/features/batchedStatements=false, http://www.dbunit.org/properties/metadataHandler=org.dbunit.database.DefaultMetadataHandler@3bbfdfde, http://www.dbunit.org/properties/datatypeFactory=org.dbunit.dataset.datatype.DefaultDataTypeFactory[_toleratedDeltaMap=org.dbunit.dataset.datatype.ToleratedDeltaMap@6452310a], http://www.dbunit.org/properties/escapePattern=null, http://www.dbunit.org/properties/batchSize=100, http://www.dbunit.org/features/qualifiedTableNames=false, http://www.dbunit.org/properties/tableType=[Ljava.lang.String;@5011bafa, http://www.dbunit.org/properties/resultSetTableFactory=org.dbunit.database.CachedResultSetTableFactory@10bcf083, http://www.dbunit.org/features/datatypeWarning=true}]) - start
147393 [main] TRACE org.dbunit.database.DatabaseConfig  - getFeature(name=http://www.dbunit.org/features/qualifiedTableNames) - start
147393 [main] TRACE org.dbunit.database.DatabaseConfig  - getProperty(name=http://www.dbunit.org/features/qualifiedTableNames) - start
147393 [main] DEBUG org.dbunit.util.QualifiedTableName  - Qualified table names feature is disabled. Returning plain table name
147393 [main] DEBUG org.dbunit.util.QualifiedTableName  - getQualifiedName(prefix=null, name=SCOPEDCONTENTCONDITIONS_SCOPEDCONTENTITEM, escapePattern=null) - start
147393 [main] DEBUG org.dbunit.database.search.AbstractMetaDataBasedSearchCallback  - newEdge(rs=org.apache.commons.dbcp.DelegatingResultSet@580917d0, type=1, from=SCOPEDCONTENTCONDITION, to=SCOPEDCONTENTCONDITIONS_SCOPEDCONTENTITEM, fkColumn=SCOPED_CONTENT_CONDITION_ID, pkColumn=ID) - start
147394 [main] DEBUG org.dbunit.database.search.AbstractMetaDataBasedSearchCallback  - createFKEdge(rs=org.apache.commons.dbcp.DelegatingResultSet@580917d0, type=1, from=SCOPEDCONTENTCONDITION, to=SCOPEDCONTENTCONDITIONS_SCOPEDCONTENTITEM, fkColumn=SCOPED_CONTENT_CONDITION_ID, pkColumn=ID) - start
147394 [main] DEBUG org.dbunit.database.search.AbstractMetaDataBasedSearchCallback  - Adding edge SCOPEDCONTENTCONDITIONS_SCOPEDCONTENTITEM(SCOPED_CONTENT_CONDITION_ID)->SCOPEDCONTENTCONDITION(ID)
147394 [main] DEBUG org.dbunit.util.search.Edge  - compareTo(o=SCOPEDCONTENTCONDITIONATTRIBUTE(SCOPEDCONTENTCONDITION)->SCOPEDCONTENTCONDITION(ID)) - start
147394 [main] DEBUG org.dbunit.util.search.Edge  - compareTo(o=SCOPEDCONTENTCONDITIONS_SCOPEDCONTENT(SCOPED_CONTENT_CONDITION_ID)->SCOPEDCONTENTCONDITION(ID)) - start
147394 [main] DEBUG org.dbunit.util.SQLHelper  - close(resultSet=org.apache.commons.dbcp.DelegatingResultSet@580917d0) - start
147394 [main] DEBUG org.dbunit.util.search.DepthFirstSearch  - search:SCOPEDCONTENTCONDITION
147394 [main] DEBUG org.dbunit.util.search.DepthFirstSearch  - already searched; returning true
147394 [main] DEBUG org.dbunit.util.search.DepthFirstSearch  - search:SCOPEDCONTENTCONDITION
147394 [main] DEBUG org.dbunit.util.search.DepthFirstSearch  - already searched; returning true
147395 [main] DEBUG org.dbunit.util.search.DepthFirstSearch  - search:SCOPEDCONTENTCONDITION
147395 [main] DEBUG org.dbunit.util.search.DepthFirstSearch  - already searched; returning true
147395 [main] DEBUG org.dbunit.util.search.DepthFirstSearch  - search:SCOPEDCONTENTCONDITION
147395 [main] DEBUG org.dbunit.util.search.DepthFirstSearch  - already searched; returning true
147395 [main] DEBUG org.dbunit.util.search.DepthFirstSearch  - Adding node SCOPEDCONTENTCONDITION to the final result
147395 [main] DEBUG org.dbunit.database.search.TablesDependencyHelper  - getDirectDependentTables(connection=_databaseConfig=org.dbunit.database.DatabaseConfig[, _propertyMap={http://www.dbunit.org/properties/statementFactory=org.dbunit.database.statement.PreparedStatementFactory@626bc2b8, http://www.dbunit.org/features/caseSensitiveTableNames=false, http://www.dbunit.org/properties/fetchSize=100, http://www.dbunit.org/features/batchedStatements=false, http://www.dbunit.org/properties/metadataHandler=org.dbunit.database.DefaultMetadataHandler@3bbfdfde, http://www.dbunit.org/properties/datatypeFactory=org.dbunit.dataset.datatype.DefaultDataTypeFactory[_toleratedDeltaMap=org.dbunit.dataset.datatype.ToleratedDeltaMap@6452310a], http://www.dbunit.org/properties/escapePattern=null, http://www.dbunit.org/properties/batchSize=100, http://www.dbunit.org/features/qualifiedTableNames=false, http://www.dbunit.org/properties/tableType=[Ljava.lang.String;@5011bafa, http://www.dbunit.org/properties/resultSetTableFactory=org.dbunit.database.CachedResultSetTableFactory@10bcf083, http://www.dbunit.org/features/datatypeWarning=true}], _dataSet=AbstractDataSet[_orderedTableNameMap=null], tableName=SCOPEDCONTENTCONDITION) - start
147395 [main] DEBUG org.dbunit.util.search.DepthFirstSearch  - search(nodesFrom=[SCOPEDCONTENTCONDITION], callback=org.dbunit.database.search.ImportedKeysSearchCallback@63690587) - start
147395 [main] DEBUG org.dbunit.util.CollectionsHelper  - objectsToSet(objects=SCOPEDCONTENTCONDITION) - start
147395 [main] DEBUG org.dbunit.util.search.DepthFirstSearch  - search(nodesFrom=[SCOPEDCONTENTCONDITION], callback=org.dbunit.database.search.ImportedKeysSearchCallback@63690587) - start
147395 [main] DEBUG org.dbunit.util.search.DepthFirstSearch  - reverseSearch:SCOPEDCONTENTCONDITION
147396 [main] DEBUG org.dbunit.database.search.ImportedKeysSearchCallback  - searchNode(node=SCOPEDCONTENTCONDITION) - start
147396 [main] DEBUG org.dbunit.util.search.DepthFirstSearch  - Pushing (reverse) SCOPEDCONTENTCONDITION
147396 [main] DEBUG org.dbunit.database.search.ImportedKeysSearchCallback  - getEdges(node=SCOPEDCONTENTCONDITION) - start
147396 [main] DEBUG org.dbunit.database.search.AbstractMetaDataBasedSearchCallback  - getNodesFromImportedKeys(node=SCOPEDCONTENTCONDITION) - start
147396 [main] DEBUG org.dbunit.database.search.AbstractMetaDataBasedSearchCallback  - getNodes(type=0, node=SCOPEDCONTENTCONDITION) - start
147396 [main] DEBUG org.dbunit.database.DatabaseDataSourceConnection  - getConnection() - start
147396 [main] DEBUG org.dbunit.database.search.AbstractMetaDataBasedSearchCallback  - getNodes(type=0, node=SCOPEDCONTENTCONDITION, conn=Transaction-aware proxy for target Connection [jdbc:hsqldb:mem:kontrollDS, UserName=sw, HSQL Database Engine Driver], schema=null, metaData=org.apache.commons.dbcp.DelegatingDatabaseMetaData@3ea150e, edges=[]) - start
147396 [main] DEBUG org.dbunit.database.search.AbstractMetaDataBasedSearchCallback  - Getting edges for node SCOPEDCONTENTCONDITION
147396 [main] TRACE org.dbunit.database.DatabaseConfig  - getProperty(name=http://www.dbunit.org/properties/metadataHandler) - start
147396 [main] TRACE org.dbunit.database.DefaultMetadataHandler  - tableExists(metaData=org.apache.commons.dbcp.DelegatingDatabaseMetaData@3ea150e, schemaName=null, tableName=SCOPEDCONTENTCONDITION) - start
147397 [main] DEBUG org.dbunit.util.SQLHelper  - close(resultSet=org.apache.commons.dbcp.DelegatingResultSet@325acdf8) - start
147398 [main] DEBUG org.dbunit.util.SQLHelper  - close(resultSet=org.apache.commons.dbcp.DelegatingResultSet@2e15b737) - start
147398 [main] DEBUG org.dbunit.util.search.DepthFirstSearch  - search:SCOPEDCONTENTCONDITION
147398 [main] DEBUG org.dbunit.database.search.ImportedKeysSearchCallback  - searchNode(node=SCOPEDCONTENTCONDITION) - start
147398 [main] DEBUG org.dbunit.util.search.DepthFirstSearch  - Pushing SCOPEDCONTENTCONDITION
147398 [main] DEBUG org.dbunit.database.search.ImportedKeysSearchCallback  - getEdges(node=SCOPEDCONTENTCONDITION) - start
147398 [main] DEBUG org.dbunit.database.search.AbstractMetaDataBasedSearchCallback  - getNodesFromImportedKeys(node=SCOPEDCONTENTCONDITION) - start
147398 [main] DEBUG org.dbunit.database.search.AbstractMetaDataBasedSearchCallback  - getNodes(type=0, node=SCOPEDCONTENTCONDITION) - start
147398 [main] DEBUG org.dbunit.database.DatabaseDataSourceConnection  - getConnection() - start
147401 [main] DEBUG org.dbunit.database.search.AbstractMetaDataBasedSearchCallback  - getNodes(type=0, node=SCOPEDCONTENTCONDITION, conn=Transaction-aware proxy for target Connection [jdbc:hsqldb:mem:kontrollDS, UserName=sw, HSQL Database Engine Driver], schema=null, metaData=org.apache.commons.dbcp.DelegatingDatabaseMetaData@13af9384, edges=[]) - start
147401 [main] DEBUG org.dbunit.database.search.AbstractMetaDataBasedSearchCallback  - Getting edges for node SCOPEDCONTENTCONDITION
147401 [main] TRACE org.dbunit.database.DatabaseConfig  - getProperty(name=http://www.dbunit.org/properties/metadataHandler) - start
147401 [main] TRACE org.dbunit.database.DefaultMetadataHandler  - tableExists(metaData=org.apache.commons.dbcp.DelegatingDatabaseMetaData@13af9384, schemaName=null, tableName=SCOPEDCONTENTCONDITION) - start
147402 [main] DEBUG org.dbunit.util.SQLHelper  - close(resultSet=org.apache.commons.dbcp.DelegatingResultSet@62a4ac4f) - start
147403 [main] DEBUG org.dbunit.util.SQLHelper  - close(resultSet=org.apache.commons.dbcp.DelegatingResultSet@3313caa5) - start
147403 [main] DEBUG org.dbunit.util.search.DepthFirstSearch  - Adding node SCOPEDCONTENTCONDITION to the final result
147403 [main] DEBUG org.dbunit.database.DatabaseSequenceFilter  - getDependencyInfo(connection=_databaseConfig=org.dbunit.database.DatabaseConfig[, _propertyMap={http://www.dbunit.org/properties/statementFactory=org.dbunit.database.statement.PreparedStatementFactory@626bc2b8, http://www.dbunit.org/features/caseSensitiveTableNames=false, http://www.dbunit.org/properties/fetchSize=100, http://www.dbunit.org/features/batchedStatements=false, http://www.dbunit.org/properties/metadataHandler=org.dbunit.database.DefaultMetadataHandler@3bbfdfde, http://www.dbunit.org/properties/datatypeFactory=org.dbunit.dataset.datatype.DefaultDataTypeFactory[_toleratedDeltaMap=org.dbunit.dataset.datatype.ToleratedDeltaMap@6452310a], http://www.dbunit.org/properties/escapePattern=null, http://www.dbunit.org/properties/batchSize=100, http://www.dbunit.org/features/qualifiedTableNames=false, http://www.dbunit.org/properties/tableType=[Ljava.lang.String;@5011bafa, http://www.dbunit.org/properties/resultSetTableFactory=org.dbunit.database.CachedResultSetTableFactory@10bcf083, http://www.dbunit.org/features/datatypeWarning=true}], _dataSet=AbstractDataSet[_orderedTableNameMap=null], tableName=SCOPEDCONTENTCONDITIONATTRIBUTE) - start
147403 [main] DEBUG org.dbunit.database.search.TablesDependencyHelper  - getDependentTables(connection=_databaseConfig=org.dbunit.database.DatabaseConfig[, _propertyMap={http://www.dbunit.org/properties/statementFactory=org.dbunit.database.statement.PreparedStatementFactory@626bc2b8, http://www.dbunit.org/features/caseSensitiveTableNames=false, http://www.dbunit.org/properties/fetchSize=100, http://www.dbunit.org/features/batchedStatements=false, http://www.dbunit.org/properties/metadataHandler=org.dbunit.database.DefaultMetadataHandler@3bbfdfde, http://www.dbunit.org/properties/datatypeFactory=org.dbunit.dataset.datatype.DefaultDataTypeFactory[_toleratedDeltaMap=org.dbunit.dataset.datatype.ToleratedDeltaMap@6452310a], http://www.dbunit.org/properties/escapePattern=null, http://www.dbunit.org/properties/batchSize=100, http://www.dbunit.org/features/qualifiedTableNames=false, http://www.dbunit.org/properties/tableType=[Ljava.lang.String;@5011bafa, http://www.dbunit.org/properties/resultSetTableFactory=org.dbunit.database.CachedResultSetTableFactory@10bcf083, http://www.dbunit.org/features/datatypeWarning=true}], _dataSet=AbstractDataSet[_orderedTableNameMap=null], rootTable=SCOPEDCONTENTCONDITIONATTRIBUTE) - start
147403 [main] DEBUG org.dbunit.database.search.TablesDependencyHelper  - getDependentTables(connection=_databaseConfig=org.dbunit.database.DatabaseConfig[, _propertyMap={http://www.dbunit.org/properties/statementFactory=org.dbunit.database.statement.PreparedStatementFactory@626bc2b8, http://www.dbunit.org/features/caseSensitiveTableNames=false, http://www.dbunit.org/properties/fetchSize=100, http://www.dbunit.org/features/batchedStatements=false, http://www.dbunit.org/properties/metadataHandler=org.dbunit.database.DefaultMetadataHandler@3bbfdfde, http://www.dbunit.org/properties/datatypeFactory=org.dbunit.dataset.datatype.DefaultDataTypeFactory[_toleratedDeltaMap=org.dbunit.dataset.datatype.ToleratedDeltaMap@6452310a], http://www.dbunit.org/properties/escapePattern=null, http://www.dbunit.org/properties/batchSize=100, http://www.dbunit.org/features/qualifiedTableNames=false, http://www.dbunit.org/properties/tableType=[Ljava.lang.String;@5011bafa, http://www.dbunit.org/properties/resultSetTableFactory=org.dbunit.database.CachedResultSetTableFactory@10bcf083, http://www.dbunit.org/features/datatypeWarning=true}], _dataSet=AbstractDataSet[_orderedTableNameMap=null], rootTables=[SCOPEDCONTENTCONDITIONATTRIBUTE]) - start
147403 [main] DEBUG org.dbunit.util.search.DepthFirstSearch  - search(nodesFrom=[SCOPEDCONTENTCONDITIONATTRIBUTE], callback=org.dbunit.database.search.ImportedKeysSearchCallback@4e311d45) - start
147403 [main] DEBUG org.dbunit.util.CollectionsHelper  - objectsToSet(objects=SCOPEDCONTENTCONDITIONATTRIBUTE) - start
147404 [main] DEBUG org.dbunit.util.search.DepthFirstSearch  - search(nodesFrom=[SCOPEDCONTENTCONDITIONATTRIBUTE], callback=org.dbunit.database.search.ImportedKeysSearchCallback@4e311d45) - start
147404 [main] DEBUG org.dbunit.util.search.DepthFirstSearch  - reverseSearch:SCOPEDCONTENTCONDITIONATTRIBUTE
147404 [main] DEBUG org.dbunit.database.search.ImportedKeysSearchCallback  - searchNode(node=SCOPEDCONTENTCONDITIONATTRIBUTE) - start
147404 [main] DEBUG org.dbunit.util.search.DepthFirstSearch  - Pushing (reverse) SCOPEDCONTENTCONDITIONATTRIBUTE
147404 [main] DEBUG org.dbunit.database.search.ImportedKeysSearchCallback  - getEdges(node=SCOPEDCONTENTCONDITIONATTRIBUTE) - start
147404 [main] DEBUG org.dbunit.database.search.AbstractMetaDataBasedSearchCallback  - getNodesFromImportedKeys(node=SCOPEDCONTENTCONDITIONATTRIBUTE) - start
147404 [main] DEBUG org.dbunit.database.search.AbstractMetaDataBasedSearchCallback  - getNodes(type=0, node=SCOPEDCONTENTCONDITIONATTRIBUTE) - start
147404 [main] DEBUG org.dbunit.database.DatabaseDataSourceConnection  - getConnection() - start
147404 [main] DEBUG org.dbunit.database.search.AbstractMetaDataBasedSearchCallback  - getNodes(type=0, node=SCOPEDCONTENTCONDITIONATTRIBUTE, conn=Transaction-aware proxy for target Connection [jdbc:hsqldb:mem:kontrollDS, UserName=sw, HSQL Database Engine Driver], schema=null, metaData=org.apache.commons.dbcp.DelegatingDatabaseMetaData@7a78c51d, edges=[]) - start
147404 [main] DEBUG org.dbunit.database.search.AbstractMetaDataBasedSearchCallback  - Getting edges for node SCOPEDCONTENTCONDITIONATTRIBUTE
147404 [main] TRACE org.dbunit.database.DatabaseConfig  - getProperty(name=http://www.dbunit.org/properties/metadataHandler) - start
147404 [main] TRACE org.dbunit.database.DefaultMetadataHandler  - tableExists(metaData=org.apache.commons.dbcp.DelegatingDatabaseMetaData@7a78c51d, schemaName=null, tableName=SCOPEDCONTENTCONDITIONATTRIBUTE) - start
147406 [main] DEBUG org.dbunit.util.SQLHelper  - close(resultSet=org.apache.commons.dbcp.DelegatingResultSet@4eb4353f) - start
147406 [main] DEBUG org.dbunit.util.QualifiedTableName  - getQualifiedNameIfEnabled(config=org.dbunit.database.DatabaseConfig[, _propertyMap={http://www.dbunit.org/properties/statementFactory=org.dbunit.database.statement.PreparedStatementFactory@626bc2b8, http://www.dbunit.org/features/caseSensitiveTableNames=false, http://www.dbunit.org/properties/fetchSize=100, http://www.dbunit.org/features/batchedStatements=false, http://www.dbunit.org/properties/metadataHandler=org.dbunit.database.DefaultMetadataHandler@3bbfdfde, http://www.dbunit.org/properties/datatypeFactory=org.dbunit.dataset.datatype.DefaultDataTypeFactory[_toleratedDeltaMap=org.dbunit.dataset.datatype.ToleratedDeltaMap@6452310a], http://www.dbunit.org/properties/escapePattern=null, http://www.dbunit.org/properties/batchSize=100, http://www.dbunit.org/features/qualifiedTableNames=false, http://www.dbunit.org/properties/tableType=[Ljava.lang.String;@5011bafa, http://www.dbunit.org/properties/resultSetTableFactory=org.dbunit.database.CachedResultSetTableFactory@10bcf083, http://www.dbunit.org/features/datatypeWarning=true}]) - start
147406 [main] TRACE org.dbunit.database.DatabaseConfig  - getFeature(name=http://www.dbunit.org/features/qualifiedTableNames) - start
147406 [main] TRACE org.dbunit.database.DatabaseConfig  - getProperty(name=http://www.dbunit.org/features/qualifiedTableNames) - start
147406 [main] DEBUG org.dbunit.util.QualifiedTableName  - Qualified table names feature is disabled. Returning plain table name
147406 [main] DEBUG org.dbunit.util.QualifiedTableName  - getQualifiedName(prefix=null, name=SCOPEDCONTENTCONDITIONATTRIBUTE, escapePattern=null) - start
147406 [main] DEBUG org.dbunit.util.QualifiedTableName  - getQualifiedNameIfEnabled(config=org.dbunit.database.DatabaseConfig[, _propertyMap={http://www.dbunit.org/properties/statementFactory=org.dbunit.database.statement.PreparedStatementFactory@626bc2b8, http://www.dbunit.org/features/caseSensitiveTableNames=false, http://www.dbunit.org/properties/fetchSize=100, http://www.dbunit.org/features/batchedStatements=false, http://www.dbunit.org/properties/metadataHandler=org.dbunit.database.DefaultMetadataHandler@3bbfdfde, http://www.dbunit.org/properties/datatypeFactory=org.dbunit.dataset.datatype.DefaultDataTypeFactory[_toleratedDeltaMap=org.dbunit.dataset.datatype.ToleratedDeltaMap@6452310a], http://www.dbunit.org/properties/escapePattern=null, http://www.dbunit.org/properties/batchSize=100, http://www.dbunit.org/features/qualifiedTableNames=false, http://www.dbunit.org/properties/tableType=[Ljava.lang.String;@5011bafa, http://www.dbunit.org/properties/resultSetTableFactory=org.dbunit.database.CachedResultSetTableFactory@10bcf083, http://www.dbunit.org/features/datatypeWarning=true}]) - start
147406 [main] TRACE org.dbunit.database.DatabaseConfig  - getFeature(name=http://www.dbunit.org/features/qualifiedTableNames) - start
147407 [main] TRACE org.dbunit.database.DatabaseConfig  - getProperty(name=http://www.dbunit.org/features/qualifiedTableNames) - start
147407 [main] DEBUG org.dbunit.util.QualifiedTableName  - Qualified table names feature is disabled. Returning plain table name
147407 [main] DEBUG org.dbunit.util.QualifiedTableName  - getQualifiedName(prefix=null, name=SCOPEDCONTENTCONDITION, escapePattern=null) - start
147407 [main] DEBUG org.dbunit.database.search.AbstractMetaDataBasedSearchCallback  - newEdge(rs=org.apache.commons.dbcp.DelegatingResultSet@68baa67d, type=0, from=SCOPEDCONTENTCONDITIONATTRIBUTE, to=SCOPEDCONTENTCONDITION, fkColumn=SCOPEDCONTENTCONDITION, pkColumn=ID) - start
147407 [main] DEBUG org.dbunit.database.search.AbstractMetaDataBasedSearchCallback  - createFKEdge(rs=org.apache.commons.dbcp.DelegatingResultSet@68baa67d, type=0, from=SCOPEDCONTENTCONDITIONATTRIBUTE, to=SCOPEDCONTENTCONDITION, fkColumn=SCOPEDCONTENTCONDITION, pkColumn=ID) - start
147407 [main] DEBUG org.dbunit.database.search.AbstractMetaDataBasedSearchCallback  - Adding edge SCOPEDCONTENTCONDITIONATTRIBUTE(SCOPEDCONTENTCONDITION)->SCOPEDCONTENTCONDITION(ID)
147407 [main] DEBUG org.dbunit.util.search.Edge  - compareTo(o=SCOPEDCONTENTCONDITIONATTRIBUTE(SCOPEDCONTENTCONDITION)->SCOPEDCONTENTCONDITION(ID)) - start
147407 [main] DEBUG org.dbunit.util.SQLHelper  - close(resultSet=org.apache.commons.dbcp.DelegatingResultSet@68baa67d) - start
147407 [main] DEBUG org.dbunit.util.search.DepthFirstSearch  - search:SCOPEDCONTENTCONDITIONATTRIBUTE
147407 [main] DEBUG org.dbunit.database.search.ImportedKeysSearchCallback  - searchNode(node=SCOPEDCONTENTCONDITIONATTRIBUTE) - start
147407 [main] DEBUG org.dbunit.util.search.DepthFirstSearch  - Pushing SCOPEDCONTENTCONDITIONATTRIBUTE
147408 [main] DEBUG org.dbunit.database.search.ImportedKeysSearchCallback  - getEdges(node=SCOPEDCONTENTCONDITIONATTRIBUTE) - start
147408 [main] DEBUG org.dbunit.database.search.AbstractMetaDataBasedSearchCallback  - getNodesFromImportedKeys(node=SCOPEDCONTENTCONDITIONATTRIBUTE) - start
147408 [main] DEBUG org.dbunit.database.search.AbstractMetaDataBasedSearchCallback  - getNodes(type=0, node=SCOPEDCONTENTCONDITIONATTRIBUTE) - start
147408 [main] DEBUG org.dbunit.database.DatabaseDataSourceConnection  - getConnection() - start
147408 [main] DEBUG org.dbunit.database.search.AbstractMetaDataBasedSearchCallback  - getNodes(type=0, node=SCOPEDCONTENTCONDITIONATTRIBUTE, conn=Transaction-aware proxy for target Connection [jdbc:hsqldb:mem:kontrollDS, UserName=sw, HSQL Database Engine Driver], schema=null, metaData=org.apache.commons.dbcp.DelegatingDatabaseMetaData@36088e42, edges=[]) - start
147408 [main] DEBUG org.dbunit.database.search.AbstractMetaDataBasedSearchCallback  - Getting edges for node SCOPEDCONTENTCONDITIONATTRIBUTE
147408 [main] TRACE org.dbunit.database.DatabaseConfig  - getProperty(name=http://www.dbunit.org/properties/metadataHandler) - start
147408 [main] TRACE org.dbunit.database.DefaultMetadataHandler  - tableExists(metaData=org.apache.commons.dbcp.DelegatingDatabaseMetaData@36088e42, schemaName=null, tableName=SCOPEDCONTENTCONDITIONATTRIBUTE) - start
147409 [main] DEBUG org.dbunit.util.SQLHelper  - close(resultSet=org.apache.commons.dbcp.DelegatingResultSet@60906119) - start
147410 [main] DEBUG org.dbunit.util.QualifiedTableName  - getQualifiedNameIfEnabled(config=org.dbunit.database.DatabaseConfig[, _propertyMap={http://www.dbunit.org/properties/statementFactory=org.dbunit.database.statement.PreparedStatementFactory@626bc2b8, http://www.dbunit.org/features/caseSensitiveTableNames=false, http://www.dbunit.org/properties/fetchSize=100, http://www.dbunit.org/features/batchedStatements=false, http://www.dbunit.org/properties/metadataHandler=org.dbunit.database.DefaultMetadataHandler@3bbfdfde, http://www.dbunit.org/properties/datatypeFactory=org.dbunit.dataset.datatype.DefaultDataTypeFactory[_toleratedDeltaMap=org.dbunit.dataset.datatype.ToleratedDeltaMap@6452310a], http://www.dbunit.org/properties/escapePattern=null, http://www.dbunit.org/properties/batchSize=100, http://www.dbunit.org/features/qualifiedTableNames=false, http://www.dbunit.org/properties/tableType=[Ljava.lang.String;@5011bafa, http://www.dbunit.org/properties/resultSetTableFactory=org.dbunit.database.CachedResultSetTableFactory@10bcf083, http://www.dbunit.org/features/datatypeWarning=true}]) - start
147410 [main] TRACE org.dbunit.database.DatabaseConfig  - getFeature(name=http://www.dbunit.org/features/qualifiedTableNames) - start
147410 [main] TRACE org.dbunit.database.DatabaseConfig  - getProperty(name=http://www.dbunit.org/features/qualifiedTableNames) - start
147410 [main] DEBUG org.dbunit.util.QualifiedTableName  - Qualified table names feature is disabled. Returning plain table name
147410 [main] DEBUG org.dbunit.util.QualifiedTableName  - getQualifiedName(prefix=null, name=SCOPEDCONTENTCONDITIONATTRIBUTE, escapePattern=null) - start
147410 [main] DEBUG org.dbunit.util.QualifiedTableName  - getQualifiedNameIfEnabled(config=org.dbunit.database.DatabaseConfig[, _propertyMap={http://www.dbunit.org/properties/statementFactory=org.dbunit.database.statement.PreparedStatementFactory@626bc2b8, http://www.dbunit.org/features/caseSensitiveTableNames=false, http://www.dbunit.org/properties/fetchSize=100, http://www.dbunit.org/features/batchedStatements=false, http://www.dbunit.org/properties/metadataHandler=org.dbunit.database.DefaultMetadataHandler@3bbfdfde, http://www.dbunit.org/properties/datatypeFactory=org.dbunit.dataset.datatype.DefaultDataTypeFactory[_toleratedDeltaMap=org.dbunit.dataset.datatype.ToleratedDeltaMap@6452310a], http://www.dbunit.org/properties/escapePattern=null, http://www.dbunit.org/properties/batchSize=100, http://www.dbunit.org/features/qualifiedTableNames=false, http://www.dbunit.org/properties/tableType=[Ljava.lang.String;@5011bafa, http://www.dbunit.org/properties/resultSetTableFactory=org.dbunit.database.CachedResultSetTableFactory@10bcf083, http://www.dbunit.org/features/datatypeWarning=true}]) - start
147410 [main] TRACE org.dbunit.database.DatabaseConfig  - getFeature(name=http://www.dbunit.org/features/qualifiedTableNames) - start
147410 [main] TRACE org.dbunit.database.DatabaseConfig  - getProperty(name=http://www.dbunit.org/features/qualifiedTableNames) - start
147410 [main] DEBUG org.dbunit.util.QualifiedTableName  - Qualified table names feature is disabled. Returning plain table name
147410 [main] DEBUG org.dbunit.util.QualifiedTableName  - getQualifiedName(prefix=null, name=SCOPEDCONTENTCONDITION, escapePattern=null) - start
147410 [main] DEBUG org.dbunit.database.search.AbstractMetaDataBasedSearchCallback  - newEdge(rs=org.apache.commons.dbcp.DelegatingResultSet@6584bc85, type=0, from=SCOPEDCONTENTCONDITIONATTRIBUTE, to=SCOPEDCONTENTCONDITION, fkColumn=SCOPEDCONTENTCONDITION, pkColumn=ID) - start
147410 [main] DEBUG org.dbunit.database.search.AbstractMetaDataBasedSearchCallback  - createFKEdge(rs=org.apache.commons.dbcp.DelegatingResultSet@6584bc85, type=0, from=SCOPEDCONTENTCONDITIONATTRIBUTE, to=SCOPEDCONTENTCONDITION, fkColumn=SCOPEDCONTENTCONDITION, pkColumn=ID) - start
147411 [main] DEBUG org.dbunit.database.search.AbstractMetaDataBasedSearchCallback  - Adding edge SCOPEDCONTENTCONDITIONATTRIBUTE(SCOPEDCONTENTCONDITION)->SCOPEDCONTENTCONDITION(ID)
147411 [main] DEBUG org.dbunit.util.search.Edge  - compareTo(o=SCOPEDCONTENTCONDITIONATTRIBUTE(SCOPEDCONTENTCONDITION)->SCOPEDCONTENTCONDITION(ID)) - start
147411 [main] DEBUG org.dbunit.util.SQLHelper  - close(resultSet=org.apache.commons.dbcp.DelegatingResultSet@6584bc85) - start
147411 [main] DEBUG org.dbunit.util.search.DepthFirstSearch  - search:SCOPEDCONTENTCONDITION
147411 [main] DEBUG org.dbunit.database.search.ImportedKeysSearchCallback  - searchNode(node=SCOPEDCONTENTCONDITION) - start
147411 [main] DEBUG org.dbunit.util.search.DepthFirstSearch  - Pushing SCOPEDCONTENTCONDITION
147411 [main] DEBUG org.dbunit.database.search.ImportedKeysSearchCallback  - getEdges(node=SCOPEDCONTENTCONDITION) - start
147411 [main] DEBUG org.dbunit.database.search.AbstractMetaDataBasedSearchCallback  - getNodesFromImportedKeys(node=SCOPEDCONTENTCONDITION) - start
147411 [main] DEBUG org.dbunit.database.search.AbstractMetaDataBasedSearchCallback  - getNodes(type=0, node=SCOPEDCONTENTCONDITION) - start
147411 [main] DEBUG org.dbunit.database.DatabaseDataSourceConnection  - getConnection() - start
147411 [main] DEBUG org.dbunit.database.search.AbstractMetaDataBasedSearchCallback  - getNodes(type=0, node=SCOPEDCONTENTCONDITION, conn=Transaction-aware proxy for target Connection [jdbc:hsqldb:mem:kontrollDS, UserName=sw, HSQL Database Engine Driver], schema=null, metaData=org.apache.commons.dbcp.DelegatingDatabaseMetaData@6d74f3d4, edges=[]) - start
147412 [main] DEBUG org.dbunit.database.search.AbstractMetaDataBasedSearchCallback  - Getting edges for node SCOPEDCONTENTCONDITION
147412 [main] TRACE org.dbunit.database.DatabaseConfig  - getProperty(name=http://www.dbunit.org/properties/metadataHandler) - start
147412 [main] TRACE org.dbunit.database.DefaultMetadataHandler  - tableExists(metaData=org.apache.commons.dbcp.DelegatingDatabaseMetaData@6d74f3d4, schemaName=null, tableName=SCOPEDCONTENTCONDITION) - start
147413 [main] DEBUG org.dbunit.util.SQLHelper  - close(resultSet=org.apache.commons.dbcp.DelegatingResultSet@2bf562fd) - start
147413 [main] DEBUG org.dbunit.util.SQLHelper  - close(resultSet=org.apache.commons.dbcp.DelegatingResultSet@fb5c10c) - start
147413 [main] DEBUG org.dbunit.util.search.DepthFirstSearch  - Adding node SCOPEDCONTENTCONDITION to the final result
147414 [main] DEBUG org.dbunit.util.search.DepthFirstSearch  - Adding node SCOPEDCONTENTCONDITIONATTRIBUTE to the final result
147414 [main] DEBUG org.dbunit.util.search.DepthFirstSearch  - reverseSearch:SCOPEDCONTENTCONDITION
147414 [main] DEBUG org.dbunit.database.search.ImportedKeysSearchCallback  - searchNode(node=SCOPEDCONTENTCONDITION) - start
147414 [main] DEBUG org.dbunit.util.search.DepthFirstSearch  - Pushing (reverse) SCOPEDCONTENTCONDITION
147414 [main] DEBUG org.dbunit.database.search.ImportedKeysSearchCallback  - getEdges(node=SCOPEDCONTENTCONDITION) - start
147414 [main] DEBUG org.dbunit.database.search.AbstractMetaDataBasedSearchCallback  - getNodesFromImportedKeys(node=SCOPEDCONTENTCONDITION) - start
147414 [main] DEBUG org.dbunit.database.search.AbstractMetaDataBasedSearchCallback  - getNodes(type=0, node=SCOPEDCONTENTCONDITION) - start
147414 [main] DEBUG org.dbunit.database.DatabaseDataSourceConnection  - getConnection() - start
147414 [main] DEBUG org.dbunit.database.search.AbstractMetaDataBasedSearchCallback  - getNodes(type=0, node=SCOPEDCONTENTCONDITION, conn=Transaction-aware proxy for target Connection [jdbc:hsqldb:mem:kontrollDS, UserName=sw, HSQL Database Engine Driver], schema=null, metaData=org.apache.commons.dbcp.DelegatingDatabaseMetaData@659502e2, edges=[]) - start
147414 [main] DEBUG org.dbunit.database.search.AbstractMetaDataBasedSearchCallback  - Getting edges for node SCOPEDCONTENTCONDITION
147414 [main] TRACE org.dbunit.database.DatabaseConfig  - getProperty(name=http://www.dbunit.org/properties/metadataHandler) - start
147414 [main] TRACE org.dbunit.database.DefaultMetadataHandler  - tableExists(metaData=org.apache.commons.dbcp.DelegatingDatabaseMetaData@659502e2, schemaName=null, tableName=SCOPEDCONTENTCONDITION) - start
147416 [main] DEBUG org.dbunit.util.SQLHelper  - close(resultSet=org.apache.commons.dbcp.DelegatingResultSet@7a378f05) - start
147416 [main] DEBUG org.dbunit.util.SQLHelper  - close(resultSet=org.apache.commons.dbcp.DelegatingResultSet@12f644c0) - start
147416 [main] DEBUG org.dbunit.util.search.DepthFirstSearch  - reverseSearch:SCOPEDCONTENTCONDITIONATTRIBUTE
147416 [main] DEBUG org.dbunit.util.search.DepthFirstSearch  - already searched; returning true
147416 [main] DEBUG org.dbunit.util.search.DepthFirstSearch  - search:SCOPEDCONTENTCONDITIONATTRIBUTE
147416 [main] DEBUG org.dbunit.util.search.DepthFirstSearch  - already searched; returning true
147416 [main] DEBUG org.dbunit.util.search.DepthFirstSearch  - search:SCOPEDCONTENTCONDITION
147416 [main] DEBUG org.dbunit.util.search.DepthFirstSearch  - already searched; returning true
147417 [main] DEBUG org.dbunit.util.CollectionsHelper  - setToStrings(set=[SCOPEDCONTENTCONDITION, SCOPEDCONTENTCONDITIONATTRIBUTE]) - start
147417 [main] DEBUG org.dbunit.database.search.TablesDependencyHelper  - getDependsOnTables(connection=_databaseConfig=org.dbunit.database.DatabaseConfig[, _propertyMap={http://www.dbunit.org/properties/statementFactory=org.dbunit.database.statement.PreparedStatementFactory@626bc2b8, http://www.dbunit.org/features/caseSensitiveTableNames=false, http://www.dbunit.org/properties/fetchSize=100, http://www.dbunit.org/features/batchedStatements=false, http://www.dbunit.org/properties/metadataHandler=org.dbunit.database.DefaultMetadataHandler@3bbfdfde, http://www.dbunit.org/properties/datatypeFactory=org.dbunit.dataset.datatype.DefaultDataTypeFactory[_toleratedDeltaMap=org.dbunit.dataset.datatype.ToleratedDeltaMap@6452310a], http://www.dbunit.org/properties/escapePattern=null, http://www.dbunit.org/properties/batchSize=100, http://www.dbunit.org/features/qualifiedTableNames=false, http://www.dbunit.org/properties/tableType=[Ljava.lang.String;@5011bafa, http://www.dbunit.org/properties/resultSetTableFactory=org.dbunit.database.CachedResultSetTableFactory@10bcf083, http://www.dbunit.org/features/datatypeWarning=true}], _dataSet=AbstractDataSet[_orderedTableNameMap=null], rootTable=SCOPEDCONTENTCONDITIONATTRIBUTE) - start
147417 [main] DEBUG org.dbunit.util.search.DepthFirstSearch  - search(nodesFrom=[SCOPEDCONTENTCONDITIONATTRIBUTE], callback=org.dbunit.database.search.ExportedKeysSearchCallback@2068bdce) - start
147417 [main] DEBUG org.dbunit.util.CollectionsHelper  - objectsToSet(objects=SCOPEDCONTENTCONDITIONATTRIBUTE) - start
147417 [main] DEBUG org.dbunit.util.search.DepthFirstSearch  - search(nodesFrom=[SCOPEDCONTENTCONDITIONATTRIBUTE], callback=org.dbunit.database.search.ExportedKeysSearchCallback@2068bdce) - start
147417 [main] DEBUG org.dbunit.util.search.DepthFirstSearch  - reverseSearch:SCOPEDCONTENTCONDITIONATTRIBUTE
147417 [main] DEBUG org.dbunit.database.search.ExportedKeysSearchCallback  - searchNode(node=SCOPEDCONTENTCONDITIONATTRIBUTE) - start
147417 [main] DEBUG org.dbunit.util.search.DepthFirstSearch  - Pushing (reverse) SCOPEDCONTENTCONDITIONATTRIBUTE
147417 [main] DEBUG org.dbunit.database.search.ExportedKeysSearchCallback  - getEdges(node=SCOPEDCONTENTCONDITIONATTRIBUTE) - start
147418 [main] DEBUG org.dbunit.database.search.AbstractMetaDataBasedSearchCallback  - getNodesFromExportedKeys(node=SCOPEDCONTENTCONDITIONATTRIBUTE) - start
147418 [main] DEBUG org.dbunit.database.search.AbstractMetaDataBasedSearchCallback  - getNodes(type=1, node=SCOPEDCONTENTCONDITIONATTRIBUTE) - start
147418 [main] DEBUG org.dbunit.database.DatabaseDataSourceConnection  - getConnection() - start
147418 [main] DEBUG org.dbunit.database.search.AbstractMetaDataBasedSearchCallback  - getNodes(type=1, node=SCOPEDCONTENTCONDITIONATTRIBUTE, conn=Transaction-aware proxy for target Connection [jdbc:hsqldb:mem:kontrollDS, UserName=sw, HSQL Database Engine Driver], schema=null, metaData=org.apache.commons.dbcp.DelegatingDatabaseMetaData@3c853001, edges=[]) - start
147418 [main] DEBUG org.dbunit.database.search.AbstractMetaDataBasedSearchCallback  - Getting edges for node SCOPEDCONTENTCONDITIONATTRIBUTE
147418 [main] TRACE org.dbunit.database.DatabaseConfig  - getProperty(name=http://www.dbunit.org/properties/metadataHandler) - start
147418 [main] TRACE org.dbunit.database.DefaultMetadataHandler  - tableExists(metaData=org.apache.commons.dbcp.DelegatingDatabaseMetaData@3c853001, schemaName=null, tableName=SCOPEDCONTENTCONDITIONATTRIBUTE) - start
147419 [main] DEBUG org.dbunit.util.SQLHelper  - close(resultSet=org.apache.commons.dbcp.DelegatingResultSet@5f0e5b7b) - start
147419 [main] DEBUG org.dbunit.util.SQLHelper  - close(resultSet=org.apache.commons.dbcp.DelegatingResultSet@7290e000) - start
147420 [main] DEBUG org.dbunit.util.search.DepthFirstSearch  - search:SCOPEDCONTENTCONDITIONATTRIBUTE
147420 [main] DEBUG org.dbunit.database.search.ExportedKeysSearchCallback  - searchNode(node=SCOPEDCONTENTCONDITIONATTRIBUTE) - start
147420 [main] DEBUG org.dbunit.util.search.DepthFirstSearch  - Pushing SCOPEDCONTENTCONDITIONATTRIBUTE
147420 [main] DEBUG org.dbunit.database.search.ExportedKeysSearchCallback  - getEdges(node=SCOPEDCONTENTCONDITIONATTRIBUTE) - start
147420 [main] DEBUG org.dbunit.database.search.AbstractMetaDataBasedSearchCallback  - getNodesFromExportedKeys(node=SCOPEDCONTENTCONDITIONATTRIBUTE) - start
147420 [main] DEBUG org.dbunit.database.search.AbstractMetaDataBasedSearchCallback  - getNodes(type=1, node=SCOPEDCONTENTCONDITIONATTRIBUTE) - start
147420 [main] DEBUG org.dbunit.database.DatabaseDataSourceConnection  - getConnection() - start
147420 [main] DEBUG org.dbunit.database.search.AbstractMetaDataBasedSearchCallback  - getNodes(type=1, node=SCOPEDCONTENTCONDITIONATTRIBUTE, conn=Transaction-aware proxy for target Connection [jdbc:hsqldb:mem:kontrollDS, UserName=sw, HSQL Database Engine Driver], schema=null, metaData=org.apache.commons.dbcp.DelegatingDatabaseMetaData@5625ac3, edges=[]) - start
147420 [main] DEBUG org.dbunit.database.search.AbstractMetaDataBasedSearchCallback  - Getting edges for node SCOPEDCONTENTCONDITIONATTRIBUTE
147420 [main] TRACE org.dbunit.database.DatabaseConfig  - getProperty(name=http://www.dbunit.org/properties/metadataHandler) - start
147420 [main] TRACE org.dbunit.database.DefaultMetadataHandler  - tableExists(metaData=org.apache.commons.dbcp.DelegatingDatabaseMetaData@5625ac3, schemaName=null, tableName=SCOPEDCONTENTCONDITIONATTRIBUTE) - start
147421 [main] DEBUG org.dbunit.util.SQLHelper  - close(resultSet=org.apache.commons.dbcp.DelegatingResultSet@69deedd5) - start
147422 [main] DEBUG org.dbunit.util.SQLHelper  - close(resultSet=org.apache.commons.dbcp.DelegatingResultSet@5abb36b5) - start
147422 [main] DEBUG org.dbunit.util.search.DepthFirstSearch  - Adding node SCOPEDCONTENTCONDITIONATTRIBUTE to the final result
147422 [main] DEBUG org.dbunit.util.CollectionsHelper  - setToStrings(set=[SCOPEDCONTENTCONDITIONATTRIBUTE]) - start
147422 [main] DEBUG org.dbunit.database.search.TablesDependencyHelper  - getDirectDependsOnTables(connection=_databaseConfig=org.dbunit.database.DatabaseConfig[, _propertyMap={http://www.dbunit.org/properties/statementFactory=org.dbunit.database.statement.PreparedStatementFactory@626bc2b8, http://www.dbunit.org/features/caseSensitiveTableNames=false, http://www.dbunit.org/properties/fetchSize=100, http://www.dbunit.org/features/batchedStatements=false, http://www.dbunit.org/properties/metadataHandler=org.dbunit.database.DefaultMetadataHandler@3bbfdfde, http://www.dbunit.org/properties/datatypeFactory=org.dbunit.dataset.datatype.DefaultDataTypeFactory[_toleratedDeltaMap=org.dbunit.dataset.datatype.ToleratedDeltaMap@6452310a], http://www.dbunit.org/properties/escapePattern=null, http://www.dbunit.org/properties/batchSize=100, http://www.dbunit.org/features/qualifiedTableNames=false, http://www.dbunit.org/properties/tableType=[Ljava.lang.String;@5011bafa, http://www.dbunit.org/properties/resultSetTableFactory=org.dbunit.database.CachedResultSetTableFactory@10bcf083, http://www.dbunit.org/features/datatypeWarning=true}], _dataSet=AbstractDataSet[_orderedTableNameMap=null], tableName=SCOPEDCONTENTCONDITIONATTRIBUTE) - start
147422 [main] DEBUG org.dbunit.util.search.DepthFirstSearch  - search(nodesFrom=[SCOPEDCONTENTCONDITIONATTRIBUTE], callback=org.dbunit.database.search.ExportedKeysSearchCallback@6be0c402) - start
147422 [main] DEBUG org.dbunit.util.CollectionsHelper  - objectsToSet(objects=SCOPEDCONTENTCONDITIONATTRIBUTE) - start
147422 [main] DEBUG org.dbunit.util.search.DepthFirstSearch  - search(nodesFrom=[SCOPEDCONTENTCONDITIONATTRIBUTE], callback=org.dbunit.database.search.ExportedKeysSearchCallback@6be0c402) - start
147422 [main] DEBUG org.dbunit.util.search.DepthFirstSearch  - reverseSearch:SCOPEDCONTENTCONDITIONATTRIBUTE
147423 [main] DEBUG org.dbunit.database.search.ExportedKeysSearchCallback  - searchNode(node=SCOPEDCONTENTCONDITIONATTRIBUTE) - start
147423 [main] DEBUG org.dbunit.util.search.DepthFirstSearch  - Pushing (reverse) SCOPEDCONTENTCONDITIONATTRIBUTE
147423 [main] DEBUG org.dbunit.database.search.ExportedKeysSearchCallback  - getEdges(node=SCOPEDCONTENTCONDITIONATTRIBUTE) - start
147423 [main] DEBUG org.dbunit.database.search.AbstractMetaDataBasedSearchCallback  - getNodesFromExportedKeys(node=SCOPEDCONTENTCONDITIONATTRIBUTE) - start
147423 [main] DEBUG org.dbunit.database.search.AbstractMetaDataBasedSearchCallback  - getNodes(type=1, node=SCOPEDCONTENTCONDITIONATTRIBUTE) - start
147423 [main] DEBUG org.dbunit.database.DatabaseDataSourceConnection  - getConnection() - start
147423 [main] DEBUG org.dbunit.database.search.AbstractMetaDataBasedSearchCallback  - getNodes(type=1, node=SCOPEDCONTENTCONDITIONATTRIBUTE, conn=Transaction-aware proxy for target Connection [jdbc:hsqldb:mem:kontrollDS, UserName=sw, HSQL Database Engine Driver], schema=null, metaData=org.apache.commons.dbcp.DelegatingDatabaseMetaData@716496a2, edges=[]) - start
147423 [main] DEBUG org.dbunit.database.search.AbstractMetaDataBasedSearchCallback  - Getting edges for node SCOPEDCONTENTCONDITIONATTRIBUTE
147423 [main] TRACE org.dbunit.database.DatabaseConfig  - getProperty(name=http://www.dbunit.org/properties/metadataHandler) - start
147423 [main] TRACE org.dbunit.database.DefaultMetadataHandler  - tableExists(metaData=org.apache.commons.dbcp.DelegatingDatabaseMetaData@716496a2, schemaName=null, tableName=SCOPEDCONTENTCONDITIONATTRIBUTE) - start
147424 [main] DEBUG org.dbunit.util.SQLHelper  - close(resultSet=org.apache.commons.dbcp.DelegatingResultSet@2428ddb9) - start
147425 [main] DEBUG org.dbunit.util.SQLHelper  - close(resultSet=org.apache.commons.dbcp.DelegatingResultSet@3a1c45d9) - start
147425 [main] DEBUG org.dbunit.util.search.DepthFirstSearch  - search:SCOPEDCONTENTCONDITIONATTRIBUTE
147425 [main] DEBUG org.dbunit.database.search.ExportedKeysSearchCallback  - searchNode(node=SCOPEDCONTENTCONDITIONATTRIBUTE) - start
147425 [main] DEBUG org.dbunit.util.search.DepthFirstSearch  - Pushing SCOPEDCONTENTCONDITIONATTRIBUTE
147425 [main] DEBUG org.dbunit.database.search.ExportedKeysSearchCallback  - getEdges(node=SCOPEDCONTENTCONDITIONATTRIBUTE) - start
147425 [main] DEBUG org.dbunit.database.search.AbstractMetaDataBasedSearchCallback  - getNodesFromExportedKeys(node=SCOPEDCONTENTCONDITIONATTRIBUTE) - start
147425 [main] DEBUG org.dbunit.database.search.AbstractMetaDataBasedSearchCallback  - getNodes(type=1, node=SCOPEDCONTENTCONDITIONATTRIBUTE) - start
147425 [main] DEBUG org.dbunit.database.DatabaseDataSourceConnection  - getConnection() - start
147425 [main] DEBUG org.dbunit.database.search.AbstractMetaDataBasedSearchCallback  - getNodes(type=1, node=SCOPEDCONTENTCONDITIONATTRIBUTE, conn=Transaction-aware proxy for target Connection [jdbc:hsqldb:mem:kontrollDS, UserName=sw, HSQL Database Engine Driver], schema=null, metaData=org.apache.commons.dbcp.DelegatingDatabaseMetaData@162dc75d, edges=[]) - start
147426 [main] DEBUG org.dbunit.database.search.AbstractMetaDataBasedSearchCallback  - Getting edges for node SCOPEDCONTENTCONDITIONATTRIBUTE
147426 [main] TRACE org.dbunit.database.DatabaseConfig  - getProperty(name=http://www.dbunit.org/properties/metadataHandler) - start
147426 [main] TRACE org.dbunit.database.DefaultMetadataHandler  - tableExists(metaData=org.apache.commons.dbcp.DelegatingDatabaseMetaData@162dc75d, schemaName=null, tableName=SCOPEDCONTENTCONDITIONATTRIBUTE) - start
147427 [main] DEBUG org.dbunit.util.SQLHelper  - close(resultSet=org.apache.commons.dbcp.DelegatingResultSet@3aec9838) - start
147427 [main] DEBUG org.dbunit.util.SQLHelper  - close(resultSet=org.apache.commons.dbcp.DelegatingResultSet@59c82e6f) - start
147427 [main] DEBUG org.dbunit.util.search.DepthFirstSearch  - Adding node SCOPEDCONTENTCONDITIONATTRIBUTE to the final result
147427 [main] DEBUG org.dbunit.database.search.TablesDependencyHelper  - getDirectDependentTables(connection=_databaseConfig=org.dbunit.database.DatabaseConfig[, _propertyMap={http://www.dbunit.org/properties/statementFactory=org.dbunit.database.statement.PreparedStatementFactory@626bc2b8, http://www.dbunit.org/features/caseSensitiveTableNames=false, http://www.dbunit.org/properties/fetchSize=100, http://www.dbunit.org/features/batchedStatements=false, http://www.dbunit.org/properties/metadataHandler=org.dbunit.database.DefaultMetadataHandler@3bbfdfde, http://www.dbunit.org/properties/datatypeFactory=org.dbunit.dataset.datatype.DefaultDataTypeFactory[_toleratedDeltaMap=org.dbunit.dataset.datatype.ToleratedDeltaMap@6452310a], http://www.dbunit.org/properties/escapePattern=null, http://www.dbunit.org/properties/batchSize=100, http://www.dbunit.org/features/qualifiedTableNames=false, http://www.dbunit.org/properties/tableType=[Ljava.lang.String;@5011bafa, http://www.dbunit.org/properties/resultSetTableFactory=org.dbunit.database.CachedResultSetTableFactory@10bcf083, http://www.dbunit.org/features/datatypeWarning=true}], _dataSet=AbstractDataSet[_orderedTableNameMap=null], tableName=SCOPEDCONTENTCONDITIONATTRIBUTE) - start
147427 [main] DEBUG org.dbunit.util.search.DepthFirstSearch  - search(nodesFrom=[SCOPEDCONTENTCONDITIONATTRIBUTE], callback=org.dbunit.database.search.ImportedKeysSearchCallback@2c922652) - start
147428 [main] DEBUG org.dbunit.util.CollectionsHelper  - objectsToSet(objects=SCOPEDCONTENTCONDITIONATTRIBUTE) - start
147428 [main] DEBUG org.dbunit.util.search.DepthFirstSearch  - search(nodesFrom=[SCOPEDCONTENTCONDITIONATTRIBUTE], callback=org.dbunit.database.search.ImportedKeysSearchCallback@2c922652) - start
147428 [main] DEBUG org.dbunit.util.search.DepthFirstSearch  - reverseSearch:SCOPEDCONTENTCONDITIONATTRIBUTE
147428 [main] DEBUG org.dbunit.database.search.ImportedKeysSearchCallback  - searchNode(node=SCOPEDCONTENTCONDITIONATTRIBUTE) - start
147428 [main] DEBUG org.dbunit.util.search.DepthFirstSearch  - Pushing (reverse) SCOPEDCONTENTCONDITIONATTRIBUTE
147428 [main] DEBUG org.dbunit.database.search.ImportedKeysSearchCallback  - getEdges(node=SCOPEDCONTENTCONDITIONATTRIBUTE) - start
147428 [main] DEBUG org.dbunit.database.search.AbstractMetaDataBasedSearchCallback  - getNodesFromImportedKeys(node=SCOPEDCONTENTCONDITIONATTRIBUTE) - start
147428 [main] DEBUG org.dbunit.database.search.AbstractMetaDataBasedSearchCallback  - getNodes(type=0, node=SCOPEDCONTENTCONDITIONATTRIBUTE) - start
147428 [main] DEBUG org.dbunit.database.DatabaseDataSourceConnection  - getConnection() - start
147428 [main] DEBUG org.dbunit.database.search.AbstractMetaDataBasedSearchCallback  - getNodes(type=0, node=SCOPEDCONTENTCONDITIONATTRIBUTE, conn=Transaction-aware proxy for target Connection [jdbc:hsqldb:mem:kontrollDS, UserName=sw, HSQL Database Engine Driver], schema=null, metaData=org.apache.commons.dbcp.DelegatingDatabaseMetaData@2f11e85a, edges=[]) - start
147428 [main] DEBUG org.dbunit.database.search.AbstractMetaDataBasedSearchCallback  - Getting edges for node SCOPEDCONTENTCONDITIONATTRIBUTE
147428 [main] TRACE org.dbunit.database.DatabaseConfig  - getProperty(name=http://www.dbunit.org/properties/metadataHandler) - start
147428 [main] TRACE org.dbunit.database.DefaultMetadataHandler  - tableExists(metaData=org.apache.commons.dbcp.DelegatingDatabaseMetaData@2f11e85a, schemaName=null, tableName=SCOPEDCONTENTCONDITIONATTRIBUTE) - start
147430 [main] DEBUG org.dbunit.util.SQLHelper  - close(resultSet=org.apache.commons.dbcp.DelegatingResultSet@3fed2562) - start
147430 [main] DEBUG org.dbunit.util.QualifiedTableName  - getQualifiedNameIfEnabled(config=org.dbunit.database.DatabaseConfig[, _propertyMap={http://www.dbunit.org/properties/statementFactory=org.dbunit.database.statement.PreparedStatementFactory@626bc2b8, http://www.dbunit.org/features/caseSensitiveTableNames=false, http://www.dbunit.org/properties/fetchSize=100, http://www.dbunit.org/features/batchedStatements=false, http://www.dbunit.org/properties/metadataHandler=org.dbunit.database.DefaultMetadataHandler@3bbfdfde, http://www.dbunit.org/properties/datatypeFactory=org.dbunit.dataset.datatype.DefaultDataTypeFactory[_toleratedDeltaMap=org.dbunit.dataset.datatype.ToleratedDeltaMap@6452310a], http://www.dbunit.org/properties/escapePattern=null, http://www.dbunit.org/properties/batchSize=100, http://www.dbunit.org/features/qualifiedTableNames=false, http://www.dbunit.org/properties/tableType=[Ljava.lang.String;@5011bafa, http://www.dbunit.org/properties/resultSetTableFactory=org.dbunit.database.CachedResultSetTableFactory@10bcf083, http://www.dbunit.org/features/datatypeWarning=true}]) - start
147430 [main] TRACE org.dbunit.database.DatabaseConfig  - getFeature(name=http://www.dbunit.org/features/qualifiedTableNames) - start
147430 [main] TRACE org.dbunit.database.DatabaseConfig  - getProperty(name=http://www.dbunit.org/features/qualifiedTableNames) - start
147430 [main] DEBUG org.dbunit.util.QualifiedTableName  - Qualified table names feature is disabled. Returning plain table name
147430 [main] DEBUG org.dbunit.util.QualifiedTableName  - getQualifiedName(prefix=null, name=SCOPEDCONTENTCONDITIONATTRIBUTE, escapePattern=null) - start
147430 [main] DEBUG org.dbunit.util.QualifiedTableName  - getQualifiedNameIfEnabled(config=org.dbunit.database.DatabaseConfig[, _propertyMap={http://www.dbunit.org/properties/statementFactory=org.dbunit.database.statement.PreparedStatementFactory@626bc2b8, http://www.dbunit.org/features/caseSensitiveTableNames=false, http://www.dbunit.org/properties/fetchSize=100, http://www.dbunit.org/features/batchedStatements=false, http://www.dbunit.org/properties/metadataHandler=org.dbunit.database.DefaultMetadataHandler@3bbfdfde, http://www.dbunit.org/properties/datatypeFactory=org.dbunit.dataset.datatype.DefaultDataTypeFactory[_toleratedDeltaMap=org.dbunit.dataset.datatype.ToleratedDeltaMap@6452310a], http://www.dbunit.org/properties/escapePattern=null, http://www.dbunit.org/properties/batchSize=100, http://www.dbunit.org/features/qualifiedTableNames=false, http://www.dbunit.org/properties/tableType=[Ljava.lang.String;@5011bafa, http://www.dbunit.org/properties/resultSetTableFactory=org.dbunit.database.CachedResultSetTableFactory@10bcf083, http://www.dbunit.org/features/datatypeWarning=true}]) - start
147430 [main] TRACE org.dbunit.database.DatabaseConfig  - getFeature(name=http://www.dbunit.org/features/qualifiedTableNames) - start
147431 [main] TRACE org.dbunit.database.DatabaseConfig  - getProperty(name=http://www.dbunit.org/features/qualifiedTableNames) - start
147431 [main] DEBUG org.dbunit.util.QualifiedTableName  - Qualified table names feature is disabled. Returning plain table name
147431 [main] DEBUG org.dbunit.util.QualifiedTableName  - getQualifiedName(prefix=null, name=SCOPEDCONTENTCONDITION, escapePattern=null) - start
147431 [main] DEBUG org.dbunit.database.search.AbstractMetaDataBasedSearchCallback  - newEdge(rs=org.apache.commons.dbcp.DelegatingResultSet@510d07d8, type=0, from=SCOPEDCONTENTCONDITIONATTRIBUTE, to=SCOPEDCONTENTCONDITION, fkColumn=SCOPEDCONTENTCONDITION, pkColumn=ID) - start
147431 [main] DEBUG org.dbunit.database.search.AbstractMetaDataBasedSearchCallback  - createFKEdge(rs=org.apache.commons.dbcp.DelegatingResultSet@510d07d8, type=0, from=SCOPEDCONTENTCONDITIONATTRIBUTE, to=SCOPEDCONTENTCONDITION, fkColumn=SCOPEDCONTENTCONDITION, pkColumn=ID) - start
147431 [main] DEBUG org.dbunit.database.search.AbstractMetaDataBasedSearchCallback  - Adding edge SCOPEDCONTENTCONDITIONATTRIBUTE(SCOPEDCONTENTCONDITION)->SCOPEDCONTENTCONDITION(ID)
147431 [main] DEBUG org.dbunit.util.search.Edge  - compareTo(o=SCOPEDCONTENTCONDITIONATTRIBUTE(SCOPEDCONTENTCONDITION)->SCOPEDCONTENTCONDITION(ID)) - start
147431 [main] DEBUG org.dbunit.util.SQLHelper  - close(resultSet=org.apache.commons.dbcp.DelegatingResultSet@510d07d8) - start
147431 [main] DEBUG org.dbunit.util.search.DepthFirstSearch  - search:SCOPEDCONTENTCONDITIONATTRIBUTE
147431 [main] DEBUG org.dbunit.database.search.ImportedKeysSearchCallback  - searchNode(node=SCOPEDCONTENTCONDITIONATTRIBUTE) - start
147431 [main] DEBUG org.dbunit.util.search.DepthFirstSearch  - Pushing SCOPEDCONTENTCONDITIONATTRIBUTE
147431 [main] DEBUG org.dbunit.database.search.ImportedKeysSearchCallback  - getEdges(node=SCOPEDCONTENTCONDITIONATTRIBUTE) - start
147432 [main] DEBUG org.dbunit.database.search.AbstractMetaDataBasedSearchCallback  - getNodesFromImportedKeys(node=SCOPEDCONTENTCONDITIONATTRIBUTE) - start
147432 [main] DEBUG org.dbunit.database.search.AbstractMetaDataBasedSearchCallback  - getNodes(type=0, node=SCOPEDCONTENTCONDITIONATTRIBUTE) - start
147432 [main] DEBUG org.dbunit.database.DatabaseDataSourceConnection  - getConnection() - start
147433 [main] DEBUG org.dbunit.database.search.AbstractMetaDataBasedSearchCallback  - getNodes(type=0, node=SCOPEDCONTENTCONDITIONATTRIBUTE, conn=Transaction-aware proxy for target Connection [jdbc:hsqldb:mem:kontrollDS, UserName=sw, HSQL Database Engine Driver], schema=null, metaData=org.apache.commons.dbcp.DelegatingDatabaseMetaData@2e7e1f7a, edges=[]) - start
147433 [main] DEBUG org.dbunit.database.search.AbstractMetaDataBasedSearchCallback  - Getting edges for node SCOPEDCONTENTCONDITIONATTRIBUTE
147433 [main] TRACE org.dbunit.database.DatabaseConfig  - getProperty(name=http://www.dbunit.org/properties/metadataHandler) - start
147433 [main] TRACE org.dbunit.database.DefaultMetadataHandler  - tableExists(metaData=org.apache.commons.dbcp.DelegatingDatabaseMetaData@2e7e1f7a, schemaName=null, tableName=SCOPEDCONTENTCONDITIONATTRIBUTE) - start
147434 [main] DEBUG org.dbunit.util.SQLHelper  - close(resultSet=org.apache.commons.dbcp.DelegatingResultSet@4df6da0e) - start
147434 [main] DEBUG org.dbunit.util.QualifiedTableName  - getQualifiedNameIfEnabled(config=org.dbunit.database.DatabaseConfig[, _propertyMap={http://www.dbunit.org/properties/statementFactory=org.dbunit.database.statement.PreparedStatementFactory@626bc2b8, http://www.dbunit.org/features/caseSensitiveTableNames=false, http://www.dbunit.org/properties/fetchSize=100, http://www.dbunit.org/features/batchedStatements=false, http://www.dbunit.org/properties/metadataHandler=org.dbunit.database.DefaultMetadataHandler@3bbfdfde, http://www.dbunit.org/properties/datatypeFactory=org.dbunit.dataset.datatype.DefaultDataTypeFactory[_toleratedDeltaMap=org.dbunit.dataset.datatype.ToleratedDeltaMap@6452310a], http://www.dbunit.org/properties/escapePattern=null, http://www.dbunit.org/properties/batchSize=100, http://www.dbunit.org/features/qualifiedTableNames=false, http://www.dbunit.org/properties/tableType=[Ljava.lang.String;@5011bafa, http://www.dbunit.org/properties/resultSetTableFactory=org.dbunit.database.CachedResultSetTableFactory@10bcf083, http://www.dbunit.org/features/datatypeWarning=true}]) - start
147434 [main] TRACE org.dbunit.database.DatabaseConfig  - getFeature(name=http://www.dbunit.org/features/qualifiedTableNames) - start
147434 [main] TRACE org.dbunit.database.DatabaseConfig  - getProperty(name=http://www.dbunit.org/features/qualifiedTableNames) - start
147435 [main] DEBUG org.dbunit.util.QualifiedTableName  - Qualified table names feature is disabled. Returning plain table name
147435 [main] DEBUG org.dbunit.util.QualifiedTableName  - getQualifiedName(prefix=null, name=SCOPEDCONTENTCONDITIONATTRIBUTE, escapePattern=null) - start
147435 [main] DEBUG org.dbunit.util.QualifiedTableName  - getQualifiedNameIfEnabled(config=org.dbunit.database.DatabaseConfig[, _propertyMap={http://www.dbunit.org/properties/statementFactory=org.dbunit.database.statement.PreparedStatementFactory@626bc2b8, http://www.dbunit.org/features/caseSensitiveTableNames=false, http://www.dbunit.org/properties/fetchSize=100, http://www.dbunit.org/features/batchedStatements=false, http://www.dbunit.org/properties/metadataHandler=org.dbunit.database.DefaultMetadataHandler@3bbfdfde, http://www.dbunit.org/properties/datatypeFactory=org.dbunit.dataset.datatype.DefaultDataTypeFactory[_toleratedDeltaMap=org.dbunit.dataset.datatype.ToleratedDeltaMap@6452310a], http://www.dbunit.org/properties/escapePattern=null, http://www.dbunit.org/properties/batchSize=100, http://www.dbunit.org/features/qualifiedTableNames=false, http://www.dbunit.org/properties/tableType=[Ljava.lang.String;@5011bafa, http://www.dbunit.org/properties/resultSetTableFactory=org.dbunit.database.CachedResultSetTableFactory@10bcf083, http://www.dbunit.org/features/datatypeWarning=true}]) - start
147435 [main] TRACE org.dbunit.database.DatabaseConfig  - getFeature(name=http://www.dbunit.org/features/qualifiedTableNames) - start
147435 [main] TRACE org.dbunit.database.DatabaseConfig  - getProperty(name=http://www.dbunit.org/features/qualifiedTableNames) - start
147435 [main] DEBUG org.dbunit.util.QualifiedTableName  - Qualified table names feature is disabled. Returning plain table name
147435 [main] DEBUG org.dbunit.util.QualifiedTableName  - getQualifiedName(prefix=null, name=SCOPEDCONTENTCONDITION, escapePattern=null) - start
147435 [main] DEBUG org.dbunit.database.search.AbstractMetaDataBasedSearchCallback  - newEdge(rs=org.apache.commons.dbcp.DelegatingResultSet@4bfcb0b, type=0, from=SCOPEDCONTENTCONDITIONATTRIBUTE, to=SCOPEDCONTENTCONDITION, fkColumn=SCOPEDCONTENTCONDITION, pkColumn=ID) - start
147435 [main] DEBUG org.dbunit.database.search.AbstractMetaDataBasedSearchCallback  - createFKEdge(rs=org.apache.commons.dbcp.DelegatingResultSet@4bfcb0b, type=0, from=SCOPEDCONTENTCONDITIONATTRIBUTE, to=SCOPEDCONTENTCONDITION, fkColumn=SCOPEDCONTENTCONDITION, pkColumn=ID) - start
147435 [main] DEBUG org.dbunit.database.search.AbstractMetaDataBasedSearchCallback  - Adding edge SCOPEDCONTENTCONDITIONATTRIBUTE(SCOPEDCONTENTCONDITION)->SCOPEDCONTENTCONDITION(ID)
147435 [main] DEBUG org.dbunit.util.search.Edge  - compareTo(o=SCOPEDCONTENTCONDITIONATTRIBUTE(SCOPEDCONTENTCONDITION)->SCOPEDCONTENTCONDITION(ID)) - start
147435 [main] DEBUG org.dbunit.util.SQLHelper  - close(resultSet=org.apache.commons.dbcp.DelegatingResultSet@4bfcb0b) - start
147436 [main] DEBUG org.dbunit.util.search.DepthFirstSearch  - search:SCOPEDCONTENTCONDITION
147436 [main] DEBUG org.dbunit.database.search.ImportedKeysSearchCallback  - searchNode(node=SCOPEDCONTENTCONDITION) - start
147436 [main] DEBUG org.dbunit.util.search.DepthFirstSearch  - Pushing SCOPEDCONTENTCONDITION
147436 [main] DEBUG org.dbunit.database.search.ImportedKeysSearchCallback  - getEdges(node=SCOPEDCONTENTCONDITION) - start
147436 [main] DEBUG org.dbunit.database.search.AbstractMetaDataBasedSearchCallback  - getNodesFromImportedKeys(node=SCOPEDCONTENTCONDITION) - start
147436 [main] DEBUG org.dbunit.database.search.AbstractMetaDataBasedSearchCallback  - getNodes(type=0, node=SCOPEDCONTENTCONDITION) - start
147436 [main] DEBUG org.dbunit.database.DatabaseDataSourceConnection  - getConnection() - start
147436 [main] DEBUG org.dbunit.database.search.AbstractMetaDataBasedSearchCallback  - getNodes(type=0, node=SCOPEDCONTENTCONDITION, conn=Transaction-aware proxy for target Connection [jdbc:hsqldb:mem:kontrollDS, UserName=sw, HSQL Database Engine Driver], schema=null, metaData=org.apache.commons.dbcp.DelegatingDatabaseMetaData@4bab419c, edges=[]) - start
147436 [main] DEBUG org.dbunit.database.search.AbstractMetaDataBasedSearchCallback  - Getting edges for node SCOPEDCONTENTCONDITION
147436 [main] TRACE org.dbunit.database.DatabaseConfig  - getProperty(name=http://www.dbunit.org/properties/metadataHandler) - start
147436 [main] TRACE org.dbunit.database.DefaultMetadataHandler  - tableExists(metaData=org.apache.commons.dbcp.DelegatingDatabaseMetaData@4bab419c, schemaName=null, tableName=SCOPEDCONTENTCONDITION) - start
147438 [main] DEBUG org.dbunit.util.SQLHelper  - close(resultSet=org.apache.commons.dbcp.DelegatingResultSet@2b722939) - start
147438 [main] DEBUG org.dbunit.util.SQLHelper  - close(resultSet=org.apache.commons.dbcp.DelegatingResultSet@4f2cb4ae) - start
147438 [main] DEBUG org.dbunit.util.search.DepthFirstSearch  - Adding node SCOPEDCONTENTCONDITION to the final result
147438 [main] DEBUG org.dbunit.util.search.DepthFirstSearch  - Adding node SCOPEDCONTENTCONDITIONATTRIBUTE to the final result
147438 [main] DEBUG org.dbunit.util.search.DepthFirstSearch  - reverseSearch:SCOPEDCONTENTCONDITION
147438 [main] DEBUG org.dbunit.database.search.ImportedKeysSearchCallback  - searchNode(node=SCOPEDCONTENTCONDITION) - start
147438 [main] DEBUG org.dbunit.util.search.DepthFirstSearch  - Pushing (reverse) SCOPEDCONTENTCONDITION
147438 [main] DEBUG org.dbunit.database.search.ImportedKeysSearchCallback  - getEdges(node=SCOPEDCONTENTCONDITION) - start
147438 [main] DEBUG org.dbunit.database.search.AbstractMetaDataBasedSearchCallback  - getNodesFromImportedKeys(node=SCOPEDCONTENTCONDITION) - start
147439 [main] DEBUG org.dbunit.database.search.AbstractMetaDataBasedSearchCallback  - getNodes(type=0, node=SCOPEDCONTENTCONDITION) - start
147439 [main] DEBUG org.dbunit.database.DatabaseDataSourceConnection  - getConnection() - start
147439 [main] DEBUG org.dbunit.database.search.AbstractMetaDataBasedSearchCallback  - getNodes(type=0, node=SCOPEDCONTENTCONDITION, conn=Transaction-aware proxy for target Connection [jdbc:hsqldb:mem:kontrollDS, UserName=sw, HSQL Database Engine Driver], schema=null, metaData=org.apache.commons.dbcp.DelegatingDatabaseMetaData@a341e, edges=[]) - start
147439 [main] DEBUG org.dbunit.database.search.AbstractMetaDataBasedSearchCallback  - Getting edges for node SCOPEDCONTENTCONDITION
147439 [main] TRACE org.dbunit.database.DatabaseConfig  - getProperty(name=http://www.dbunit.org/properties/metadataHandler) - start
147439 [main] TRACE org.dbunit.database.DefaultMetadataHandler  - tableExists(metaData=org.apache.commons.dbcp.DelegatingDatabaseMetaData@a341e, schemaName=null, tableName=SCOPEDCONTENTCONDITION) - start
147440 [main] DEBUG org.dbunit.util.SQLHelper  - close(resultSet=org.apache.commons.dbcp.DelegatingResultSet@4a7f33d5) - start
147440 [main] DEBUG org.dbunit.util.SQLHelper  - close(resultSet=org.apache.commons.dbcp.DelegatingResultSet@2158a2f8) - start
147440 [main] DEBUG org.dbunit.util.search.DepthFirstSearch  - reverseSearch:SCOPEDCONTENTCONDITIONATTRIBUTE
147441 [main] DEBUG org.dbunit.util.search.DepthFirstSearch  - already searched; returning true
147441 [main] DEBUG org.dbunit.util.search.DepthFirstSearch  - search:SCOPEDCONTENTCONDITIONATTRIBUTE
147441 [main] DEBUG org.dbunit.util.search.DepthFirstSearch  - already searched; returning true
147441 [main] DEBUG org.dbunit.util.search.DepthFirstSearch  - search:SCOPEDCONTENTCONDITION
147441 [main] DEBUG org.dbunit.util.search.DepthFirstSearch  - already searched; returning true
147441 [main] DEBUG org.dbunit.database.DatabaseSequenceFilter  - getDependencyInfo(connection=_databaseConfig=org.dbunit.database.DatabaseConfig[, _propertyMap={http://www.dbunit.org/properties/statementFactory=org.dbunit.database.statement.PreparedStatementFactory@626bc2b8, http://www.dbunit.org/features/caseSensitiveTableNames=false, http://www.dbunit.org/properties/fetchSize=100, http://www.dbunit.org/features/batchedStatements=false, http://www.dbunit.org/properties/metadataHandler=org.dbunit.database.DefaultMetadataHandler@3bbfdfde, http://www.dbunit.org/properties/datatypeFactory=org.dbunit.dataset.datatype.DefaultDataTypeFactory[_toleratedDeltaMap=org.dbunit.dataset.datatype.ToleratedDeltaMap@6452310a], http://www.dbunit.org/properties/escapePattern=null, http://www.dbunit.org/properties/batchSize=100, http://www.dbunit.org/features/qualifiedTableNames=false, http://www.dbunit.org/properties/tableType=[Ljava.lang.String;@5011bafa, http://www.dbunit.org/properties/resultSetTableFactory=org.dbunit.database.CachedResultSetTableFactory@10bcf083, http://www.dbunit.org/features/datatypeWarning=true}], _dataSet=AbstractDataSet[_orderedTableNameMap=null], tableName=SCOPEDCONTENTCONDITIONS_SCOPEDCONTENT) - start
147441 [main] DEBUG org.dbunit.database.search.TablesDependencyHelper  - getDependentTables(connection=_databaseConfig=org.dbunit.database.DatabaseConfig[, _propertyMap={http://www.dbunit.org/properties/statementFactory=org.dbunit.database.statement.PreparedStatementFactory@626bc2b8, http://www.dbunit.org/features/caseSensitiveTableNames=false, http://www.dbunit.org/properties/fetchSize=100, http://www.dbunit.org/features/batchedStatements=false, http://www.dbunit.org/properties/metadataHandler=org.dbunit.database.DefaultMetadataHandler@3bbfdfde, http://www.dbunit.org/properties/datatypeFactory=org.dbunit.dataset.datatype.DefaultDataTypeFactory[_toleratedDeltaMap=org.dbunit.dataset.datatype.ToleratedDeltaMap@6452310a], http://www.dbunit.org/properties/escapePattern=null, http://www.dbunit.org/properties/batchSize=100, http://www.dbunit.org/features/qualifiedTableNames=false, http://www.dbunit.org/properties/tableType=[Ljava.lang.String;@5011bafa, http://www.dbunit.org/properties/resultSetTableFactory=org.dbunit.database.CachedResultSetTableFactory@10bcf083, http://www.dbunit.org/features/datatypeWarning=true}], _dataSet=AbstractDataSet[_orderedTableNameMap=null], rootTable=SCOPEDCONTENTCONDITIONS_SCOPEDCONTENT) - start
147441 [main] DEBUG org.dbunit.database.search.TablesDependencyHelper  - getDependentTables(connection=_databaseConfig=org.dbunit.database.DatabaseConfig[, _propertyMap={http://www.dbunit.org/properties/statementFactory=org.dbunit.database.statement.PreparedStatementFactory@626bc2b8, http://www.dbunit.org/features/caseSensitiveTableNames=false, http://www.dbunit.org/properties/fetchSize=100, http://www.dbunit.org/features/batchedStatements=false, http://www.dbunit.org/properties/metadataHandler=org.dbunit.database.DefaultMetadataHandler@3bbfdfde, http://www.dbunit.org/properties/datatypeFactory=org.dbunit.dataset.datatype.DefaultDataTypeFactory[_toleratedDeltaMap=org.dbunit.dataset.datatype.ToleratedDeltaMap@6452310a], http://www.dbunit.org/properties/escapePattern=null, http://www.dbunit.org/properties/batchSize=100, http://www.dbunit.org/features/qualifiedTableNames=false, http://www.dbunit.org/properties/tableType=[Ljava.lang.String;@5011bafa, http://www.dbunit.org/properties/resultSetTableFactory=org.dbunit.database.CachedResultSetTableFactory@10bcf083, http://www.dbunit.org/features/datatypeWarning=true}], _dataSet=AbstractDataSet[_orderedTableNameMap=null], rootTables=[SCOPEDCONTENTCONDITIONS_SCOPEDCONTENT]) - start
147441 [main] DEBUG org.dbunit.util.search.DepthFirstSearch  - search(nodesFrom=[SCOPEDCONTENTCONDITIONS_SCOPEDCONTENT], callback=org.dbunit.database.search.ImportedKeysSearchCallback@39107f62) - start
147442 [main] DEBUG org.dbunit.util.CollectionsHelper  - objectsToSet(objects=SCOPEDCONTENTCONDITIONS_SCOPEDCONTENT) - start
147442 [main] DEBUG org.dbunit.util.search.DepthFirstSearch  - search(nodesFrom=[SCOPEDCONTENTCONDITIONS_SCOPEDCONTENT], callback=org.dbunit.database.search.ImportedKeysSearchCallback@39107f62) - start
147442 [main] DEBUG org.dbunit.util.search.DepthFirstSearch  - reverseSearch:SCOPEDCONTENTCONDITIONS_SCOPEDCONTENT
147442 [main] DEBUG org.dbunit.database.search.ImportedKeysSearchCallback  - searchNode(node=SCOPEDCONTENTCONDITIONS_SCOPEDCONTENT) - start
147442 [main] DEBUG org.dbunit.util.search.DepthFirstSearch  - Pushing (reverse) SCOPEDCONTENTCONDITIONS_SCOPEDCONTENT
147442 [main] DEBUG org.dbunit.database.search.ImportedKeysSearchCallback  - getEdges(node=SCOPEDCONTENTCONDITIONS_SCOPEDCONTENT) - start
147442 [main] DEBUG org.dbunit.database.search.AbstractMetaDataBasedSearchCallback  - getNodesFromImportedKeys(node=SCOPEDCONTENTCONDITIONS_SCOPEDCONTENT) - start
147442 [main] DEBUG org.dbunit.database.search.AbstractMetaDataBasedSearchCallback  - getNodes(type=0, node=SCOPEDCONTENTCONDITIONS_SCOPEDCONTENT) - start
147442 [main] DEBUG org.dbunit.database.DatabaseDataSourceConnection  - getConnection() - start
147442 [main] DEBUG org.dbunit.database.search.AbstractMetaDataBasedSearchCallback  - getNodes(type=0, node=SCOPEDCONTENTCONDITIONS_SCOPEDCONTENT, conn=Transaction-aware proxy for target Connection [jdbc:hsqldb:mem:kontrollDS, UserName=sw, HSQL Database Engine Driver], schema=null, metaData=org.apache.commons.dbcp.DelegatingDatabaseMetaData@6a1b1832, edges=[]) - start
147442 [main] DEBUG org.dbunit.database.search.AbstractMetaDataBasedSearchCallback  - Getting edges for node SCOPEDCONTENTCONDITIONS_SCOPEDCONTENT
147442 [main] TRACE org.dbunit.database.DatabaseConfig  - getProperty(name=http://www.dbunit.org/properties/metadataHandler) - start
147443 [main] TRACE org.dbunit.database.DefaultMetadataHandler  - tableExists(metaData=org.apache.commons.dbcp.DelegatingDatabaseMetaData@6a1b1832, schemaName=null, tableName=SCOPEDCONTENTCONDITIONS_SCOPEDCONTENT) - start
147444 [main] DEBUG org.dbunit.util.SQLHelper  - close(resultSet=org.apache.commons.dbcp.DelegatingResultSet@6ebe1440) - start
147444 [main] DEBUG org.dbunit.util.QualifiedTableName  - getQualifiedNameIfEnabled(config=org.dbunit.database.DatabaseConfig[, _propertyMap={http://www.dbunit.org/properties/statementFactory=org.dbunit.database.statement.PreparedStatementFactory@626bc2b8, http://www.dbunit.org/features/caseSensitiveTableNames=false, http://www.dbunit.org/properties/fetchSize=100, http://www.dbunit.org/features/batchedStatements=false, http://www.dbunit.org/properties/metadataHandler=org.dbunit.database.DefaultMetadataHandler@3bbfdfde, http://www.dbunit.org/properties/datatypeFactory=org.dbunit.dataset.datatype.DefaultDataTypeFactory[_toleratedDeltaMap=org.dbunit.dataset.datatype.ToleratedDeltaMap@6452310a], http://www.dbunit.org/properties/escapePattern=null, http://www.dbunit.org/properties/batchSize=100, http://www.dbunit.org/features/qualifiedTableNames=false, http://www.dbunit.org/properties/tableType=[Ljava.lang.String;@5011bafa, http://www.dbunit.org/properties/resultSetTableFactory=org.dbunit.database.CachedResultSetTableFactory@10bcf083, http://www.dbunit.org/features/datatypeWarning=true}]) - start
147444 [main] TRACE org.dbunit.database.DatabaseConfig  - getFeature(name=http://www.dbunit.org/features/qualifiedTableNames) - start
147444 [main] TRACE org.dbunit.database.DatabaseConfig  - getProperty(name=http://www.dbunit.org/features/qualifiedTableNames) - start
147444 [main] DEBUG org.dbunit.util.QualifiedTableName  - Qualified table names feature is disabled. Returning plain table name
147444 [main] DEBUG org.dbunit.util.QualifiedTableName  - getQualifiedName(prefix=null, name=SCOPEDCONTENTCONDITIONS_SCOPEDCONTENT, escapePattern=null) - start
147444 [main] DEBUG org.dbunit.util.QualifiedTableName  - getQualifiedNameIfEnabled(config=org.dbunit.database.DatabaseConfig[, _propertyMap={http://www.dbunit.org/properties/statementFactory=org.dbunit.database.statement.PreparedStatementFactory@626bc2b8, http://www.dbunit.org/features/caseSensitiveTableNames=false, http://www.dbunit.org/properties/fetchSize=100, http://www.dbunit.org/features/batchedStatements=false, http://www.dbunit.org/properties/metadataHandler=org.dbunit.database.DefaultMetadataHandler@3bbfdfde, http://www.dbunit.org/properties/datatypeFactory=org.dbunit.dataset.datatype.DefaultDataTypeFactory[_toleratedDeltaMap=org.dbunit.dataset.datatype.ToleratedDeltaMap@6452310a], http://www.dbunit.org/properties/escapePattern=null, http://www.dbunit.org/properties/batchSize=100, http://www.dbunit.org/features/qualifiedTableNames=false, http://www.dbunit.org/properties/tableType=[Ljava.lang.String;@5011bafa, http://www.dbunit.org/properties/resultSetTableFactory=org.dbunit.database.CachedResultSetTableFactory@10bcf083, http://www.dbunit.org/features/datatypeWarning=true}]) - start
147445 [main] TRACE org.dbunit.database.DatabaseConfig  - getFeature(name=http://www.dbunit.org/features/qualifiedTableNames) - start
147445 [main] TRACE org.dbunit.database.DatabaseConfig  - getProperty(name=http://www.dbunit.org/features/qualifiedTableNames) - start
147445 [main] DEBUG org.dbunit.util.QualifiedTableName  - Qualified table names feature is disabled. Returning plain table name
147445 [main] DEBUG org.dbunit.util.QualifiedTableName  - getQualifiedName(prefix=null, name=SCOPEDCONTENT, escapePattern=null) - start
147445 [main] DEBUG org.dbunit.database.search.AbstractMetaDataBasedSearchCallback  - newEdge(rs=org.apache.commons.dbcp.DelegatingResultSet@4d98ab90, type=0, from=SCOPEDCONTENTCONDITIONS_SCOPEDCONTENT, to=SCOPEDCONTENT, fkColumn=SCOPED_CONTENT_ID, pkColumn=ID) - start
147445 [main] DEBUG org.dbunit.database.search.AbstractMetaDataBasedSearchCallback  - createFKEdge(rs=org.apache.commons.dbcp.DelegatingResultSet@4d98ab90, type=0, from=SCOPEDCONTENTCONDITIONS_SCOPEDCONTENT, to=SCOPEDCONTENT, fkColumn=SCOPED_CONTENT_ID, pkColumn=ID) - start
147445 [main] DEBUG org.dbunit.database.search.AbstractMetaDataBasedSearchCallback  - Adding edge SCOPEDCONTENTCONDITIONS_SCOPEDCONTENT(SCOPED_CONTENT_ID)->SCOPEDCONTENT(ID)
147445 [main] DEBUG org.dbunit.util.search.Edge  - compareTo(o=SCOPEDCONTENTCONDITIONS_SCOPEDCONTENT(SCOPED_CONTENT_ID)->SCOPEDCONTENT(ID)) - start
147445 [main] DEBUG org.dbunit.util.QualifiedTableName  - getQualifiedNameIfEnabled(config=org.dbunit.database.DatabaseConfig[, _propertyMap={http://www.dbunit.org/properties/statementFactory=org.dbunit.database.statement.PreparedStatementFactory@626bc2b8, http://www.dbunit.org/features/caseSensitiveTableNames=false, http://www.dbunit.org/properties/fetchSize=100, http://www.dbunit.org/features/batchedStatements=false, http://www.dbunit.org/properties/metadataHandler=org.dbunit.database.DefaultMetadataHandler@3bbfdfde, http://www.dbunit.org/properties/datatypeFactory=org.dbunit.dataset.datatype.DefaultDataTypeFactory[_toleratedDeltaMap=org.dbunit.dataset.datatype.ToleratedDeltaMap@6452310a], http://www.dbunit.org/properties/escapePattern=null, http://www.dbunit.org/properties/batchSize=100, http://www.dbunit.org/features/qualifiedTableNames=false, http://www.dbunit.org/properties/tableType=[Ljava.lang.String;@5011bafa, http://www.dbunit.org/properties/resultSetTableFactory=org.dbunit.database.CachedResultSetTableFactory@10bcf083, http://www.dbunit.org/features/datatypeWarning=true}]) - start
147445 [main] TRACE org.dbunit.database.DatabaseConfig  - getFeature(name=http://www.dbunit.org/features/qualifiedTableNames) - start
147445 [main] TRACE org.dbunit.database.DatabaseConfig  - getProperty(name=http://www.dbunit.org/features/qualifiedTableNames) - start
147446 [main] DEBUG org.dbunit.util.QualifiedTableName  - Qualified table names feature is disabled. Returning plain table name
147446 [main] DEBUG org.dbunit.util.QualifiedTableName  - getQualifiedName(prefix=null, name=SCOPEDCONTENTCONDITIONS_SCOPEDCONTENT, escapePattern=null) - start
147446 [main] DEBUG org.dbunit.util.QualifiedTableName  - getQualifiedNameIfEnabled(config=org.dbunit.database.DatabaseConfig[, _propertyMap={http://www.dbunit.org/properties/statementFactory=org.dbunit.database.statement.PreparedStatementFactory@626bc2b8, http://www.dbunit.org/features/caseSensitiveTableNames=false, http://www.dbunit.org/properties/fetchSize=100, http://www.dbunit.org/features/batchedStatements=false, http://www.dbunit.org/properties/metadataHandler=org.dbunit.database.DefaultMetadataHandler@3bbfdfde, http://www.dbunit.org/properties/datatypeFactory=org.dbunit.dataset.datatype.DefaultDataTypeFactory[_toleratedDeltaMap=org.dbunit.dataset.datatype.ToleratedDeltaMap@6452310a], http://www.dbunit.org/properties/escapePattern=null, http://www.dbunit.org/properties/batchSize=100, http://www.dbunit.org/features/qualifiedTableNames=false, http://www.dbunit.org/properties/tableType=[Ljava.lang.String;@5011bafa, http://www.dbunit.org/properties/resultSetTableFactory=org.dbunit.database.CachedResultSetTableFactory@10bcf083, http://www.dbunit.org/features/datatypeWarning=true}]) - start
147446 [main] TRACE org.dbunit.database.DatabaseConfig  - getFeature(name=http://www.dbunit.org/features/qualifiedTableNames) - start
147446 [main] TRACE org.dbunit.database.DatabaseConfig  - getProperty(name=http://www.dbunit.org/features/qualifiedTableNames) - start
147446 [main] DEBUG org.dbunit.util.QualifiedTableName  - Qualified table names feature is disabled. Returning plain table name
147446 [main] DEBUG org.dbunit.util.QualifiedTableName  - getQualifiedName(prefix=null, name=SCOPEDCONTENTCONDITION, escapePattern=null) - start
147446 [main] DEBUG org.dbunit.database.search.AbstractMetaDataBasedSearchCallback  - newEdge(rs=org.apache.commons.dbcp.DelegatingResultSet@4d98ab90, type=0, from=SCOPEDCONTENTCONDITIONS_SCOPEDCONTENT, to=SCOPEDCONTENTCONDITION, fkColumn=SCOPED_CONTENT_CONDITION_ID, pkColumn=ID) - start
147446 [main] DEBUG org.dbunit.database.search.AbstractMetaDataBasedSearchCallback  - createFKEdge(rs=org.apache.commons.dbcp.DelegatingResultSet@4d98ab90, type=0, from=SCOPEDCONTENTCONDITIONS_SCOPEDCONTENT, to=SCOPEDCONTENTCONDITION, fkColumn=SCOPED_CONTENT_CONDITION_ID, pkColumn=ID) - start
147446 [main] DEBUG org.dbunit.database.search.AbstractMetaDataBasedSearchCallback  - Adding edge SCOPEDCONTENTCONDITIONS_SCOPEDCONTENT(SCOPED_CONTENT_CONDITION_ID)->SCOPEDCONTENTCONDITION(ID)
147446 [main] DEBUG org.dbunit.util.search.Edge  - compareTo(o=SCOPEDCONTENTCONDITIONS_SCOPEDCONTENT(SCOPED_CONTENT_ID)->SCOPEDCONTENT(ID)) - start
147447 [main] DEBUG org.dbunit.util.SQLHelper  - close(resultSet=org.apache.commons.dbcp.DelegatingResultSet@4d98ab90) - start
147447 [main] DEBUG org.dbunit.util.search.DepthFirstSearch  - search:SCOPEDCONTENTCONDITIONS_SCOPEDCONTENT
147447 [main] DEBUG org.dbunit.database.search.ImportedKeysSearchCallback  - searchNode(node=SCOPEDCONTENTCONDITIONS_SCOPEDCONTENT) - start
147447 [main] DEBUG org.dbunit.util.search.DepthFirstSearch  - Pushing SCOPEDCONTENTCONDITIONS_SCOPEDCONTENT
147447 [main] DEBUG org.dbunit.database.search.ImportedKeysSearchCallback  - getEdges(node=SCOPEDCONTENTCONDITIONS_SCOPEDCONTENT) - start
147447 [main] DEBUG org.dbunit.database.search.AbstractMetaDataBasedSearchCallback  - getNodesFromImportedKeys(node=SCOPEDCONTENTCONDITIONS_SCOPEDCONTENT) - start
147447 [main] DEBUG org.dbunit.database.search.AbstractMetaDataBasedSearchCallback  - getNodes(type=0, node=SCOPEDCONTENTCONDITIONS_SCOPEDCONTENT) - start
147447 [main] DEBUG org.dbunit.database.DatabaseDataSourceConnection  - getConnection() - start
147447 [main] DEBUG org.dbunit.database.search.AbstractMetaDataBasedSearchCallback  - getNodes(type=0, node=SCOPEDCONTENTCONDITIONS_SCOPEDCONTENT, conn=Transaction-aware proxy for target Connection [jdbc:hsqldb:mem:kontrollDS, UserName=sw, HSQL Database Engine Driver], schema=null, metaData=org.apache.commons.dbcp.DelegatingDatabaseMetaData@6227a2bc, edges=[]) - start
147447 [main] DEBUG org.dbunit.database.search.AbstractMetaDataBasedSearchCallback  - Getting edges for node SCOPEDCONTENTCONDITIONS_SCOPEDCONTENT
147447 [main] TRACE org.dbunit.database.DatabaseConfig  - getProperty(name=http://www.dbunit.org/properties/metadataHandler) - start
147448 [main] TRACE org.dbunit.database.DefaultMetadataHandler  - tableExists(metaData=org.apache.commons.dbcp.DelegatingDatabaseMetaData@6227a2bc, schemaName=null, tableName=SCOPEDCONTENTCONDITIONS_SCOPEDCONTENT) - start
147449 [main] DEBUG org.dbunit.util.SQLHelper  - close(resultSet=org.apache.commons.dbcp.DelegatingResultSet@384006ca) - start
147449 [main] DEBUG org.dbunit.util.QualifiedTableName  - getQualifiedNameIfEnabled(config=org.dbunit.database.DatabaseConfig[, _propertyMap={http://www.dbunit.org/properties/statementFactory=org.dbunit.database.statement.PreparedStatementFactory@626bc2b8, http://www.dbunit.org/features/caseSensitiveTableNames=false, http://www.dbunit.org/properties/fetchSize=100, http://www.dbunit.org/features/batchedStatements=false, http://www.dbunit.org/properties/metadataHandler=org.dbunit.database.DefaultMetadataHandler@3bbfdfde, http://www.dbunit.org/properties/datatypeFactory=org.dbunit.dataset.datatype.DefaultDataTypeFactory[_toleratedDeltaMap=org.dbunit.dataset.datatype.ToleratedDeltaMap@6452310a], http://www.dbunit.org/properties/escapePattern=null, http://www.dbunit.org/properties/batchSize=100, http://www.dbunit.org/features/qualifiedTableNames=false, http://www.dbunit.org/properties/tableType=[Ljava.lang.String;@5011bafa, http://www.dbunit.org/properties/resultSetTableFactory=org.dbunit.database.CachedResultSetTableFactory@10bcf083, http://www.dbunit.org/features/datatypeWarning=true}]) - start
147450 [main] TRACE org.dbunit.database.DatabaseConfig  - getFeature(name=http://www.dbunit.org/features/qualifiedTableNames) - start
147450 [main] TRACE org.dbunit.database.DatabaseConfig  - getProperty(name=http://www.dbunit.org/features/qualifiedTableNames) - start
147450 [main] DEBUG org.dbunit.util.QualifiedTableName  - Qualified table names feature is disabled. Returning plain table name
147450 [main] DEBUG org.dbunit.util.QualifiedTableName  - getQualifiedName(prefix=null, name=SCOPEDCONTENTCONDITIONS_SCOPEDCONTENT, escapePattern=null) - start
147450 [main] DEBUG org.dbunit.util.QualifiedTableName  - getQualifiedNameIfEnabled(config=org.dbunit.database.DatabaseConfig[, _propertyMap={http://www.dbunit.org/properties/statementFactory=org.dbunit.database.statement.PreparedStatementFactory@626bc2b8, http://www.dbunit.org/features/caseSensitiveTableNames=false, http://www.dbunit.org/properties/fetchSize=100, http://www.dbunit.org/features/batchedStatements=false, http://www.dbunit.org/properties/metadataHandler=org.dbunit.database.DefaultMetadataHandler@3bbfdfde, http://www.dbunit.org/properties/datatypeFactory=org.dbunit.dataset.datatype.DefaultDataTypeFactory[_toleratedDeltaMap=org.dbunit.dataset.datatype.ToleratedDeltaMap@6452310a], http://www.dbunit.org/properties/escapePattern=null, http://www.dbunit.org/properties/batchSize=100, http://www.dbunit.org/features/qualifiedTableNames=false, http://www.dbunit.org/properties/tableType=[Ljava.lang.String;@5011bafa, http://www.dbunit.org/properties/resultSetTableFactory=org.dbunit.database.CachedResultSetTableFactory@10bcf083, http://www.dbunit.org/features/datatypeWarning=true}]) - start
147450 [main] TRACE org.dbunit.database.DatabaseConfig  - getFeature(name=http://www.dbunit.org/features/qualifiedTableNames) - start
147450 [main] TRACE org.dbunit.database.DatabaseConfig  - getProperty(name=http://www.dbunit.org/features/qualifiedTableNames) - start
147450 [main] DEBUG org.dbunit.util.QualifiedTableName  - Qualified table names feature is disabled. Returning plain table name
147450 [main] DEBUG org.dbunit.util.QualifiedTableName  - getQualifiedName(prefix=null, name=SCOPEDCONTENT, escapePattern=null) - start
147450 [main] DEBUG org.dbunit.database.search.AbstractMetaDataBasedSearchCallback  - newEdge(rs=org.apache.commons.dbcp.DelegatingResultSet@4a124df5, type=0, from=SCOPEDCONTENTCONDITIONS_SCOPEDCONTENT, to=SCOPEDCONTENT, fkColumn=SCOPED_CONTENT_ID, pkColumn=ID) - start
147450 [main] DEBUG org.dbunit.database.search.AbstractMetaDataBasedSearchCallback  - createFKEdge(rs=org.apache.commons.dbcp.DelegatingResultSet@4a124df5, type=0, from=SCOPEDCONTENTCONDITIONS_SCOPEDCONTENT, to=SCOPEDCONTENT, fkColumn=SCOPED_CONTENT_ID, pkColumn=ID) - start
147451 [main] DEBUG org.dbunit.database.search.AbstractMetaDataBasedSearchCallback  - Adding edge SCOPEDCONTENTCONDITIONS_SCOPEDCONTENT(SCOPED_CONTENT_ID)->SCOPEDCONTENT(ID)
147451 [main] DEBUG org.dbunit.util.search.Edge  - compareTo(o=SCOPEDCONTENTCONDITIONS_SCOPEDCONTENT(SCOPED_CONTENT_ID)->SCOPEDCONTENT(ID)) - start
147451 [main] DEBUG org.dbunit.util.QualifiedTableName  - getQualifiedNameIfEnabled(config=org.dbunit.database.DatabaseConfig[, _propertyMap={http://www.dbunit.org/properties/statementFactory=org.dbunit.database.statement.PreparedStatementFactory@626bc2b8, http://www.dbunit.org/features/caseSensitiveTableNames=false, http://www.dbunit.org/properties/fetchSize=100, http://www.dbunit.org/features/batchedStatements=false, http://www.dbunit.org/properties/metadataHandler=org.dbunit.database.DefaultMetadataHandler@3bbfdfde, http://www.dbunit.org/properties/datatypeFactory=org.dbunit.dataset.datatype.DefaultDataTypeFactory[_toleratedDeltaMap=org.dbunit.dataset.datatype.ToleratedDeltaMap@6452310a], http://www.dbunit.org/properties/escapePattern=null, http://www.dbunit.org/properties/batchSize=100, http://www.dbunit.org/features/qualifiedTableNames=false, http://www.dbunit.org/properties/tableType=[Ljava.lang.String;@5011bafa, http://www.dbunit.org/properties/resultSetTableFactory=org.dbunit.database.CachedResultSetTableFactory@10bcf083, http://www.dbunit.org/features/datatypeWarning=true}]) - start
147451 [main] TRACE org.dbunit.database.DatabaseConfig  - getFeature(name=http://www.dbunit.org/features/qualifiedTableNames) - start
147451 [main] TRACE org.dbunit.database.DatabaseConfig  - getProperty(name=http://www.dbunit.org/features/qualifiedTableNames) - start
147451 [main] DEBUG org.dbunit.util.QualifiedTableName  - Qualified table names feature is disabled. Returning plain table name
147451 [main] DEBUG org.dbunit.util.QualifiedTableName  - getQualifiedName(prefix=null, name=SCOPEDCONTENTCONDITIONS_SCOPEDCONTENT, escapePattern=null) - start
147451 [main] DEBUG org.dbunit.util.QualifiedTableName  - getQualifiedNameIfEnabled(config=org.dbunit.database.DatabaseConfig[, _propertyMap={http://www.dbunit.org/properties/statementFactory=org.dbunit.database.statement.PreparedStatementFactory@626bc2b8, http://www.dbunit.org/features/caseSensitiveTableNames=false, http://www.dbunit.org/properties/fetchSize=100, http://www.dbunit.org/features/batchedStatements=false, http://www.dbunit.org/properties/metadataHandler=org.dbunit.database.DefaultMetadataHandler@3bbfdfde, http://www.dbunit.org/properties/datatypeFactory=org.dbunit.dataset.datatype.DefaultDataTypeFactory[_toleratedDeltaMap=org.dbunit.dataset.datatype.ToleratedDeltaMap@6452310a], http://www.dbunit.org/properties/escapePattern=null, http://www.dbunit.org/properties/batchSize=100, http://www.dbunit.org/features/qualifiedTableNames=false, http://www.dbunit.org/properties/tableType=[Ljava.lang.String;@5011bafa, http://www.dbunit.org/properties/resultSetTableFactory=org.dbunit.database.CachedResultSetTableFactory@10bcf083, http://www.dbunit.org/features/datatypeWarning=true}]) - start
147452 [main] TRACE org.dbunit.database.DatabaseConfig  - getFeature(name=http://www.dbunit.org/features/qualifiedTableNames) - start
147452 [main] TRACE org.dbunit.database.DatabaseConfig  - getProperty(name=http://www.dbunit.org/features/qualifiedTableNames) - start
147452 [main] DEBUG org.dbunit.util.QualifiedTableName  - Qualified table names feature is disabled. Returning plain table name
147452 [main] DEBUG org.dbunit.util.QualifiedTableName  - getQualifiedName(prefix=null, name=SCOPEDCONTENTCONDITION, escapePattern=null) - start
147452 [main] DEBUG org.dbunit.database.search.AbstractMetaDataBasedSearchCallback  - newEdge(rs=org.apache.commons.dbcp.DelegatingResultSet@4a124df5, type=0, from=SCOPEDCONTENTCONDITIONS_SCOPEDCONTENT, to=SCOPEDCONTENTCONDITION, fkColumn=SCOPED_CONTENT_CONDITION_ID, pkColumn=ID) - start
147452 [main] DEBUG org.dbunit.database.search.AbstractMetaDataBasedSearchCallback  - createFKEdge(rs=org.apache.commons.dbcp.DelegatingResultSet@4a124df5, type=0, from=SCOPEDCONTENTCONDITIONS_SCOPEDCONTENT, to=SCOPEDCONTENTCONDITION, fkColumn=SCOPED_CONTENT_CONDITION_ID, pkColumn=ID) - start
147452 [main] DEBUG org.dbunit.database.search.AbstractMetaDataBasedSearchCallback  - Adding edge SCOPEDCONTENTCONDITIONS_SCOPEDCONTENT(SCOPED_CONTENT_CONDITION_ID)->SCOPEDCONTENTCONDITION(ID)
147452 [main] DEBUG org.dbunit.util.search.Edge  - compareTo(o=SCOPEDCONTENTCONDITIONS_SCOPEDCONTENT(SCOPED_CONTENT_ID)->SCOPEDCONTENT(ID)) - start
147452 [main] DEBUG org.dbunit.util.SQLHelper  - close(resultSet=org.apache.commons.dbcp.DelegatingResultSet@4a124df5) - start
147453 [main] DEBUG org.dbunit.util.search.DepthFirstSearch  - search:SCOPEDCONTENT
147453 [main] DEBUG org.dbunit.database.search.ImportedKeysSearchCallback  - searchNode(node=SCOPEDCONTENT) - start
147453 [main] DEBUG org.dbunit.util.search.DepthFirstSearch  - Pushing SCOPEDCONTENT
147453 [main] DEBUG org.dbunit.database.search.ImportedKeysSearchCallback  - getEdges(node=SCOPEDCONTENT) - start
147453 [main] DEBUG org.dbunit.database.search.AbstractMetaDataBasedSearchCallback  - getNodesFromImportedKeys(node=SCOPEDCONTENT) - start
147453 [main] DEBUG org.dbunit.database.search.AbstractMetaDataBasedSearchCallback  - getNodes(type=0, node=SCOPEDCONTENT) - start
147453 [main] DEBUG org.dbunit.database.DatabaseDataSourceConnection  - getConnection() - start
147453 [main] DEBUG org.dbunit.database.search.AbstractMetaDataBasedSearchCallback  - getNodes(type=0, node=SCOPEDCONTENT, conn=Transaction-aware proxy for target Connection [jdbc:hsqldb:mem:kontrollDS, UserName=sw, HSQL Database Engine Driver], schema=null, metaData=org.apache.commons.dbcp.DelegatingDatabaseMetaData@77bc35d0, edges=[]) - start
147453 [main] DEBUG org.dbunit.database.search.AbstractMetaDataBasedSearchCallback  - Getting edges for node SCOPEDCONTENT
147453 [main] TRACE org.dbunit.database.DatabaseConfig  - getProperty(name=http://www.dbunit.org/properties/metadataHandler) - start
147454 [main] TRACE org.dbunit.database.DefaultMetadataHandler  - tableExists(metaData=org.apache.commons.dbcp.DelegatingDatabaseMetaData@77bc35d0, schemaName=null, tableName=SCOPEDCONTENT) - start
147455 [main] DEBUG org.dbunit.util.SQLHelper  - close(resultSet=org.apache.commons.dbcp.DelegatingResultSet@67ffb556) - start
147455 [main] DEBUG org.dbunit.util.QualifiedTableName  - getQualifiedNameIfEnabled(config=org.dbunit.database.DatabaseConfig[, _propertyMap={http://www.dbunit.org/properties/statementFactory=org.dbunit.database.statement.PreparedStatementFactory@626bc2b8, http://www.dbunit.org/features/caseSensitiveTableNames=false, http://www.dbunit.org/properties/fetchSize=100, http://www.dbunit.org/features/batchedStatements=false, http://www.dbunit.org/properties/metadataHandler=org.dbunit.database.DefaultMetadataHandler@3bbfdfde, http://www.dbunit.org/properties/datatypeFactory=org.dbunit.dataset.datatype.DefaultDataTypeFactory[_toleratedDeltaMap=org.dbunit.dataset.datatype.ToleratedDeltaMap@6452310a], http://www.dbunit.org/properties/escapePattern=null, http://www.dbunit.org/properties/batchSize=100, http://www.dbunit.org/features/qualifiedTableNames=false, http://www.dbunit.org/properties/tableType=[Ljava.lang.String;@5011bafa, http://www.dbunit.org/properties/resultSetTableFactory=org.dbunit.database.CachedResultSetTableFactory@10bcf083, http://www.dbunit.org/features/datatypeWarning=true}]) - start
147455 [main] TRACE org.dbunit.database.DatabaseConfig  - getFeature(name=http://www.dbunit.org/features/qualifiedTableNames) - start
147455 [main] TRACE org.dbunit.database.DatabaseConfig  - getProperty(name=http://www.dbunit.org/features/qualifiedTableNames) - start
147455 [main] DEBUG org.dbunit.util.QualifiedTableName  - Qualified table names feature is disabled. Returning plain table name
147455 [main] DEBUG org.dbunit.util.QualifiedTableName  - getQualifiedName(prefix=null, name=SCOPEDCONTENT, escapePattern=null) - start
147455 [main] DEBUG org.dbunit.util.QualifiedTableName  - getQualifiedNameIfEnabled(config=org.dbunit.database.DatabaseConfig[, _propertyMap={http://www.dbunit.org/properties/statementFactory=org.dbunit.database.statement.PreparedStatementFactory@626bc2b8, http://www.dbunit.org/features/caseSensitiveTableNames=false, http://www.dbunit.org/properties/fetchSize=100, http://www.dbunit.org/features/batchedStatements=false, http://www.dbunit.org/properties/metadataHandler=org.dbunit.database.DefaultMetadataHandler@3bbfdfde, http://www.dbunit.org/properties/datatypeFactory=org.dbunit.dataset.datatype.DefaultDataTypeFactory[_toleratedDeltaMap=org.dbunit.dataset.datatype.ToleratedDeltaMap@6452310a], http://www.dbunit.org/properties/escapePattern=null, http://www.dbunit.org/properties/batchSize=100, http://www.dbunit.org/features/qualifiedTableNames=false, http://www.dbunit.org/properties/tableType=[Ljava.lang.String;@5011bafa, http://www.dbunit.org/properties/resultSetTableFactory=org.dbunit.database.CachedResultSetTableFactory@10bcf083, http://www.dbunit.org/features/datatypeWarning=true}]) - start
147456 [main] TRACE org.dbunit.database.DatabaseConfig  - getFeature(name=http://www.dbunit.org/features/qualifiedTableNames) - start
147456 [main] TRACE org.dbunit.database.DatabaseConfig  - getProperty(name=http://www.dbunit.org/features/qualifiedTableNames) - start
147456 [main] DEBUG org.dbunit.util.QualifiedTableName  - Qualified table names feature is disabled. Returning plain table name
147456 [main] DEBUG org.dbunit.util.QualifiedTableName  - getQualifiedName(prefix=null, name=SCOPE, escapePattern=null) - start
147456 [main] DEBUG org.dbunit.database.search.AbstractMetaDataBasedSearchCallback  - newEdge(rs=org.apache.commons.dbcp.DelegatingResultSet@5a613807, type=0, from=SCOPEDCONTENT, to=SCOPE, fkColumn=SCOPE, pkColumn=ID) - start
147456 [main] DEBUG org.dbunit.database.search.AbstractMetaDataBasedSearchCallback  - createFKEdge(rs=org.apache.commons.dbcp.DelegatingResultSet@5a613807, type=0, from=SCOPEDCONTENT, to=SCOPE, fkColumn=SCOPE, pkColumn=ID) - start
147456 [main] DEBUG org.dbunit.database.search.AbstractMetaDataBasedSearchCallback  - Adding edge SCOPEDCONTENT(SCOPE)->SCOPE(ID)
147456 [main] DEBUG org.dbunit.util.search.Edge  - compareTo(o=SCOPEDCONTENT(SCOPE)->SCOPE(ID)) - start
147456 [main] DEBUG org.dbunit.util.SQLHelper  - close(resultSet=org.apache.commons.dbcp.DelegatingResultSet@5a613807) - start
147456 [main] DEBUG org.dbunit.util.search.DepthFirstSearch  - search:SCOPE
147456 [main] DEBUG org.dbunit.database.search.ImportedKeysSearchCallback  - searchNode(node=SCOPE) - start
147456 [main] DEBUG org.dbunit.util.search.DepthFirstSearch  - Pushing SCOPE
147457 [main] DEBUG org.dbunit.database.search.ImportedKeysSearchCallback  - getEdges(node=SCOPE) - start
147457 [main] DEBUG org.dbunit.database.search.AbstractMetaDataBasedSearchCallback  - getNodesFromImportedKeys(node=SCOPE) - start
147457 [main] DEBUG org.dbunit.database.search.AbstractMetaDataBasedSearchCallback  - getNodes(type=0, node=SCOPE) - start
147457 [main] DEBUG org.dbunit.database.DatabaseDataSourceConnection  - getConnection() - start
147457 [main] DEBUG org.dbunit.database.search.AbstractMetaDataBasedSearchCallback  - getNodes(type=0, node=SCOPE, conn=Transaction-aware proxy for target Connection [jdbc:hsqldb:mem:kontrollDS, UserName=sw, HSQL Database Engine Driver], schema=null, metaData=org.apache.commons.dbcp.DelegatingDatabaseMetaData@24a581ec, edges=[]) - start
147457 [main] DEBUG org.dbunit.database.search.AbstractMetaDataBasedSearchCallback  - Getting edges for node SCOPE
147457 [main] TRACE org.dbunit.database.DatabaseConfig  - getProperty(name=http://www.dbunit.org/properties/metadataHandler) - start
147457 [main] TRACE org.dbunit.database.DefaultMetadataHandler  - tableExists(metaData=org.apache.commons.dbcp.DelegatingDatabaseMetaData@24a581ec, schemaName=null, tableName=SCOPE) - start
147458 [main] DEBUG org.dbunit.util.SQLHelper  - close(resultSet=org.apache.commons.dbcp.DelegatingResultSet@5f58ccfe) - start
147459 [main] DEBUG org.dbunit.util.SQLHelper  - close(resultSet=org.apache.commons.dbcp.DelegatingResultSet@29e9351c) - start
147459 [main] DEBUG org.dbunit.util.search.DepthFirstSearch  - Adding node SCOPE to the final result
147459 [main] DEBUG org.dbunit.util.search.DepthFirstSearch  - Adding node SCOPEDCONTENT to the final result
147459 [main] DEBUG org.dbunit.util.search.DepthFirstSearch  - search:SCOPEDCONTENTCONDITION
147459 [main] DEBUG org.dbunit.database.search.ImportedKeysSearchCallback  - searchNode(node=SCOPEDCONTENTCONDITION) - start
147459 [main] DEBUG org.dbunit.util.search.DepthFirstSearch  - Pushing SCOPEDCONTENTCONDITION
147459 [main] DEBUG org.dbunit.database.search.ImportedKeysSearchCallback  - getEdges(node=SCOPEDCONTENTCONDITION) - start
147459 [main] DEBUG org.dbunit.database.search.AbstractMetaDataBasedSearchCallback  - getNodesFromImportedKeys(node=SCOPEDCONTENTCONDITION) - start
147459 [main] DEBUG org.dbunit.database.search.AbstractMetaDataBasedSearchCallback  - getNodes(type=0, node=SCOPEDCONTENTCONDITION) - start
147459 [main] DEBUG org.dbunit.database.DatabaseDataSourceConnection  - getConnection() - start
147459 [main] DEBUG org.dbunit.database.search.AbstractMetaDataBasedSearchCallback  - getNodes(type=0, node=SCOPEDCONTENTCONDITION, conn=Transaction-aware proxy for target Connection [jdbc:hsqldb:mem:kontrollDS, UserName=sw, HSQL Database Engine Driver], schema=null, metaData=org.apache.commons.dbcp.DelegatingDatabaseMetaData@d9dd6c3, edges=[]) - start
147460 [main] DEBUG org.dbunit.database.search.AbstractMetaDataBasedSearchCallback  - Getting edges for node SCOPEDCONTENTCONDITION
147460 [main] TRACE org.dbunit.database.DatabaseConfig  - getProperty(name=http://www.dbunit.org/properties/metadataHandler) - start
147460 [main] TRACE org.dbunit.database.DefaultMetadataHandler  - tableExists(metaData=org.apache.commons.dbcp.DelegatingDatabaseMetaData@d9dd6c3, schemaName=null, tableName=SCOPEDCONTENTCONDITION) - start
147461 [main] DEBUG org.dbunit.util.SQLHelper  - close(resultSet=org.apache.commons.dbcp.DelegatingResultSet@4d0be093) - start
147461 [main] DEBUG org.dbunit.util.SQLHelper  - close(resultSet=org.apache.commons.dbcp.DelegatingResultSet@2e1427cb) - start
147461 [main] DEBUG org.dbunit.util.search.DepthFirstSearch  - Adding node SCOPEDCONTENTCONDITION to the final result
147461 [main] DEBUG org.dbunit.util.search.DepthFirstSearch  - Adding node SCOPEDCONTENTCONDITIONS_SCOPEDCONTENT to the final result
147461 [main] DEBUG org.dbunit.util.search.DepthFirstSearch  - reverseSearch:SCOPEDCONTENT
147461 [main] DEBUG org.dbunit.database.search.ImportedKeysSearchCallback  - searchNode(node=SCOPEDCONTENT) - start
147461 [main] DEBUG org.dbunit.util.search.DepthFirstSearch  - Pushing (reverse) SCOPEDCONTENT
147462 [main] DEBUG org.dbunit.database.search.ImportedKeysSearchCallback  - getEdges(node=SCOPEDCONTENT) - start
147462 [main] DEBUG org.dbunit.database.search.AbstractMetaDataBasedSearchCallback  - getNodesFromImportedKeys(node=SCOPEDCONTENT) - start
147462 [main] DEBUG org.dbunit.database.search.AbstractMetaDataBasedSearchCallback  - getNodes(type=0, node=SCOPEDCONTENT) - start
147462 [main] DEBUG org.dbunit.database.DatabaseDataSourceConnection  - getConnection() - start
147462 [main] DEBUG org.dbunit.database.search.AbstractMetaDataBasedSearchCallback  - getNodes(type=0, node=SCOPEDCONTENT, conn=Transaction-aware proxy for target Connection [jdbc:hsqldb:mem:kontrollDS, UserName=sw, HSQL Database Engine Driver], schema=null, metaData=org.apache.commons.dbcp.DelegatingDatabaseMetaData@2d40980f, edges=[]) - start
147462 [main] DEBUG org.dbunit.database.search.AbstractMetaDataBasedSearchCallback  - Getting edges for node SCOPEDCONTENT
147462 [main] TRACE org.dbunit.database.DatabaseConfig  - getProperty(name=http://www.dbunit.org/properties/metadataHandler) - start
147462 [main] TRACE org.dbunit.database.DefaultMetadataHandler  - tableExists(metaData=org.apache.commons.dbcp.DelegatingDatabaseMetaData@2d40980f, schemaName=null, tableName=SCOPEDCONTENT) - start
147463 [main] DEBUG org.dbunit.util.SQLHelper  - close(resultSet=org.apache.commons.dbcp.DelegatingResultSet@4ec05bf5) - start
147463 [main] DEBUG org.dbunit.util.QualifiedTableName  - getQualifiedNameIfEnabled(config=org.dbunit.database.DatabaseConfig[, _propertyMap={http://www.dbunit.org/properties/statementFactory=org.dbunit.database.statement.PreparedStatementFactory@626bc2b8, http://www.dbunit.org/features/caseSensitiveTableNames=false, http://www.dbunit.org/properties/fetchSize=100, http://www.dbunit.org/features/batchedStatements=false, http://www.dbunit.org/properties/metadataHandler=org.dbunit.database.DefaultMetadataHandler@3bbfdfde, http://www.dbunit.org/properties/datatypeFactory=org.dbunit.dataset.datatype.DefaultDataTypeFactory[_toleratedDeltaMap=org.dbunit.dataset.datatype.ToleratedDeltaMap@6452310a], http://www.dbunit.org/properties/escapePattern=null, http://www.dbunit.org/properties/batchSize=100, http://www.dbunit.org/features/qualifiedTableNames=false, http://www.dbunit.org/properties/tableType=[Ljava.lang.String;@5011bafa, http://www.dbunit.org/properties/resultSetTableFactory=org.dbunit.database.CachedResultSetTableFactory@10bcf083, http://www.dbunit.org/features/datatypeWarning=true}]) - start
147464 [main] TRACE org.dbunit.database.DatabaseConfig  - getFeature(name=http://www.dbunit.org/features/qualifiedTableNames) - start
147464 [main] TRACE org.dbunit.database.DatabaseConfig  - getProperty(name=http://www.dbunit.org/features/qualifiedTableNames) - start
147464 [main] DEBUG org.dbunit.util.QualifiedTableName  - Qualified table names feature is disabled. Returning plain table name
147464 [main] DEBUG org.dbunit.util.QualifiedTableName  - getQualifiedName(prefix=null, name=SCOPEDCONTENT, escapePattern=null) - start
147464 [main] DEBUG org.dbunit.util.QualifiedTableName  - getQualifiedNameIfEnabled(config=org.dbunit.database.DatabaseConfig[, _propertyMap={http://www.dbunit.org/properties/statementFactory=org.dbunit.database.statement.PreparedStatementFactory@626bc2b8, http://www.dbunit.org/features/caseSensitiveTableNames=false, http://www.dbunit.org/properties/fetchSize=100, http://www.dbunit.org/features/batchedStatements=false, http://www.dbunit.org/properties/metadataHandler=org.dbunit.database.DefaultMetadataHandler@3bbfdfde, http://www.dbunit.org/properties/datatypeFactory=org.dbunit.dataset.datatype.DefaultDataTypeFactory[_toleratedDeltaMap=org.dbunit.dataset.datatype.ToleratedDeltaMap@6452310a], http://www.dbunit.org/properties/escapePattern=null, http://www.dbunit.org/properties/batchSize=100, http://www.dbunit.org/features/qualifiedTableNames=false, http://www.dbunit.org/properties/tableType=[Ljava.lang.String;@5011bafa, http://www.dbunit.org/properties/resultSetTableFactory=org.dbunit.database.CachedResultSetTableFactory@10bcf083, http://www.dbunit.org/features/datatypeWarning=true}]) - start
147464 [main] TRACE org.dbunit.database.DatabaseConfig  - getFeature(name=http://www.dbunit.org/features/qualifiedTableNames) - start
147464 [main] TRACE org.dbunit.database.DatabaseConfig  - getProperty(name=http://www.dbunit.org/features/qualifiedTableNames) - start
147464 [main] DEBUG org.dbunit.util.QualifiedTableName  - Qualified table names feature is disabled. Returning plain table name
147464 [main] DEBUG org.dbunit.util.QualifiedTableName  - getQualifiedName(prefix=null, name=SCOPE, escapePattern=null) - start
147464 [main] DEBUG org.dbunit.database.search.AbstractMetaDataBasedSearchCallback  - newEdge(rs=org.apache.commons.dbcp.DelegatingResultSet@7115ed00, type=0, from=SCOPEDCONTENT, to=SCOPE, fkColumn=SCOPE, pkColumn=ID) - start
147464 [main] DEBUG org.dbunit.database.search.AbstractMetaDataBasedSearchCallback  - createFKEdge(rs=org.apache.commons.dbcp.DelegatingResultSet@7115ed00, type=0, from=SCOPEDCONTENT, to=SCOPE, fkColumn=SCOPE, pkColumn=ID) - start
147465 [main] DEBUG org.dbunit.database.search.AbstractMetaDataBasedSearchCallback  - Adding edge SCOPEDCONTENT(SCOPE)->SCOPE(ID)
147465 [main] DEBUG org.dbunit.util.search.Edge  - compareTo(o=SCOPEDCONTENT(SCOPE)->SCOPE(ID)) - start
147465 [main] DEBUG org.dbunit.util.SQLHelper  - close(resultSet=org.apache.commons.dbcp.DelegatingResultSet@7115ed00) - start
147465 [main] DEBUG org.dbunit.util.search.DepthFirstSearch  - reverseSearch:SCOPE
147465 [main] DEBUG org.dbunit.database.search.ImportedKeysSearchCallback  - searchNode(node=SCOPE) - start
147465 [main] DEBUG org.dbunit.util.search.DepthFirstSearch  - Pushing (reverse) SCOPE
147465 [main] DEBUG org.dbunit.database.search.ImportedKeysSearchCallback  - getEdges(node=SCOPE) - start
147468 [main] DEBUG org.dbunit.database.search.AbstractMetaDataBasedSearchCallback  - getNodesFromImportedKeys(node=SCOPE) - start
147468 [main] DEBUG org.dbunit.database.search.AbstractMetaDataBasedSearchCallback  - getNodes(type=0, node=SCOPE) - start
147468 [main] DEBUG org.dbunit.database.DatabaseDataSourceConnection  - getConnection() - start
147468 [main] DEBUG org.dbunit.database.search.AbstractMetaDataBasedSearchCallback  - getNodes(type=0, node=SCOPE, conn=Transaction-aware proxy for target Connection [jdbc:hsqldb:mem:kontrollDS, UserName=sw, HSQL Database Engine Driver], schema=null, metaData=org.apache.commons.dbcp.DelegatingDatabaseMetaData@567ad500, edges=[]) - start
147468 [main] DEBUG org.dbunit.database.search.AbstractMetaDataBasedSearchCallback  - Getting edges for node SCOPE
147468 [main] TRACE org.dbunit.database.DatabaseConfig  - getProperty(name=http://www.dbunit.org/properties/metadataHandler) - start
147469 [main] TRACE org.dbunit.database.DefaultMetadataHandler  - tableExists(metaData=org.apache.commons.dbcp.DelegatingDatabaseMetaData@567ad500, schemaName=null, tableName=SCOPE) - start
147470 [main] DEBUG org.dbunit.util.SQLHelper  - close(resultSet=org.apache.commons.dbcp.DelegatingResultSet@57449cce) - start
147470 [main] DEBUG org.dbunit.util.SQLHelper  - close(resultSet=org.apache.commons.dbcp.DelegatingResultSet@32ccec6d) - start
147470 [main] DEBUG org.dbunit.util.search.DepthFirstSearch  - reverseSearch:SCOPEDCONTENTCONDITION
147470 [main] DEBUG org.dbunit.database.search.ImportedKeysSearchCallback  - searchNode(node=SCOPEDCONTENTCONDITION) - start
147470 [main] DEBUG org.dbunit.util.search.DepthFirstSearch  - Pushing (reverse) SCOPEDCONTENTCONDITION
147470 [main] DEBUG org.dbunit.database.search.ImportedKeysSearchCallback  - getEdges(node=SCOPEDCONTENTCONDITION) - start
147470 [main] DEBUG org.dbunit.database.search.AbstractMetaDataBasedSearchCallback  - getNodesFromImportedKeys(node=SCOPEDCONTENTCONDITION) - start
147470 [main] DEBUG org.dbunit.database.search.AbstractMetaDataBasedSearchCallback  - getNodes(type=0, node=SCOPEDCONTENTCONDITION) - start
147470 [main] DEBUG org.dbunit.database.DatabaseDataSourceConnection  - getConnection() - start
147471 [main] DEBUG org.dbunit.database.search.AbstractMetaDataBasedSearchCallback  - getNodes(type=0, node=SCOPEDCONTENTCONDITION, conn=Transaction-aware proxy for target Connection [jdbc:hsqldb:mem:kontrollDS, UserName=sw, HSQL Database Engine Driver], schema=null, metaData=org.apache.commons.dbcp.DelegatingDatabaseMetaData@2bb60229, edges=[]) - start
147471 [main] DEBUG org.dbunit.database.search.AbstractMetaDataBasedSearchCallback  - Getting edges for node SCOPEDCONTENTCONDITION
147471 [main] TRACE org.dbunit.database.DatabaseConfig  - getProperty(name=http://www.dbunit.org/properties/metadataHandler) - start
147471 [main] TRACE org.dbunit.database.DefaultMetadataHandler  - tableExists(metaData=org.apache.commons.dbcp.DelegatingDatabaseMetaData@2bb60229, schemaName=null, tableName=SCOPEDCONTENTCONDITION) - start
147472 [main] DEBUG org.dbunit.util.SQLHelper  - close(resultSet=org.apache.commons.dbcp.DelegatingResultSet@46db3b4a) - start
147472 [main] DEBUG org.dbunit.util.SQLHelper  - close(resultSet=org.apache.commons.dbcp.DelegatingResultSet@18ff933b) - start
147472 [main] DEBUG org.dbunit.util.search.DepthFirstSearch  - reverseSearch:SCOPEDCONTENTCONDITIONS_SCOPEDCONTENT
147472 [main] DEBUG org.dbunit.util.search.DepthFirstSearch  - already searched; returning true
147472 [main] DEBUG org.dbunit.util.search.DepthFirstSearch  - search:SCOPEDCONTENTCONDITIONS_SCOPEDCONTENT
147473 [main] DEBUG org.dbunit.util.search.DepthFirstSearch  - already searched; returning true
147473 [main] DEBUG org.dbunit.util.search.DepthFirstSearch  - search:SCOPEDCONTENT
147473 [main] DEBUG org.dbunit.util.search.DepthFirstSearch  - already searched; returning true
147473 [main] DEBUG org.dbunit.util.search.DepthFirstSearch  - search:SCOPE
147473 [main] DEBUG org.dbunit.util.search.DepthFirstSearch  - already searched; returning true
147473 [main] DEBUG org.dbunit.util.search.DepthFirstSearch  - search:SCOPEDCONTENTCONDITION
147473 [main] DEBUG org.dbunit.util.search.DepthFirstSearch  - already searched; returning true
147473 [main] DEBUG org.dbunit.util.CollectionsHelper  - setToStrings(set=[SCOPE, SCOPEDCONTENT, SCOPEDCONTENTCONDITION, SCOPEDCONTENTCONDITIONS_SCOPEDCONTENT]) - start
147473 [main] DEBUG org.dbunit.database.search.TablesDependencyHelper  - getDependsOnTables(connection=_databaseConfig=org.dbunit.database.DatabaseConfig[, _propertyMap={http://www.dbunit.org/properties/statementFactory=org.dbunit.database.statement.PreparedStatementFactory@626bc2b8, http://www.dbunit.org/features/caseSensitiveTableNames=false, http://www.dbunit.org/properties/fetchSize=100, http://www.dbunit.org/features/batchedStatements=false, http://www.dbunit.org/properties/metadataHandler=org.dbunit.database.DefaultMetadataHandler@3bbfdfde, http://www.dbunit.org/properties/datatypeFactory=org.dbunit.dataset.datatype.DefaultDataTypeFactory[_toleratedDeltaMap=org.dbunit.dataset.datatype.ToleratedDeltaMap@6452310a], http://www.dbunit.org/properties/escapePattern=null, http://www.dbunit.org/properties/batchSize=100, http://www.dbunit.org/features/qualifiedTableNames=false, http://www.dbunit.org/properties/tableType=[Ljava.lang.String;@5011bafa, http://www.dbunit.org/properties/resultSetTableFactory=org.dbunit.database.CachedResultSetTableFactory@10bcf083, http://www.dbunit.org/features/datatypeWarning=true}], _dataSet=AbstractDataSet[_orderedTableNameMap=null], rootTable=SCOPEDCONTENTCONDITIONS_SCOPEDCONTENT) - start
147473 [main] DEBUG org.dbunit.util.search.DepthFirstSearch  - search(nodesFrom=[SCOPEDCONTENTCONDITIONS_SCOPEDCONTENT], callback=org.dbunit.database.search.ExportedKeysSearchCallback@3690c1bf) - start
147473 [main] DEBUG org.dbunit.util.CollectionsHelper  - objectsToSet(objects=SCOPEDCONTENTCONDITIONS_SCOPEDCONTENT) - start
147473 [main] DEBUG org.dbunit.util.search.DepthFirstSearch  - search(nodesFrom=[SCOPEDCONTENTCONDITIONS_SCOPEDCONTENT], callback=org.dbunit.database.search.ExportedKeysSearchCallback@3690c1bf) - start
147474 [main] DEBUG org.dbunit.util.search.DepthFirstSearch  - reverseSearch:SCOPEDCONTENTCONDITIONS_SCOPEDCONTENT
147474 [main] DEBUG org.dbunit.database.search.ExportedKeysSearchCallback  - searchNode(node=SCOPEDCONTENTCONDITIONS_SCOPEDCONTENT) - start
147474 [main] DEBUG org.dbunit.util.search.DepthFirstSearch  - Pushing (reverse) SCOPEDCONTENTCONDITIONS_SCOPEDCONTENT
147474 [main] DEBUG org.dbunit.database.search.ExportedKeysSearchCallback  - getEdges(node=SCOPEDCONTENTCONDITIONS_SCOPEDCONTENT) - start
147474 [main] DEBUG org.dbunit.database.search.AbstractMetaDataBasedSearchCallback  - getNodesFromExportedKeys(node=SCOPEDCONTENTCONDITIONS_SCOPEDCONTENT) - start
147474 [main] DEBUG org.dbunit.database.search.AbstractMetaDataBasedSearchCallback  - getNodes(type=1, node=SCOPEDCONTENTCONDITIONS_SCOPEDCONTENT) - start
147474 [main] DEBUG org.dbunit.database.DatabaseDataSourceConnection  - getConnection() - start
147474 [main] DEBUG org.dbunit.database.search.AbstractMetaDataBasedSearchCallback  - getNodes(type=1, node=SCOPEDCONTENTCONDITIONS_SCOPEDCONTENT, conn=Transaction-aware proxy for target Connection [jdbc:hsqldb:mem:kontrollDS, UserName=sw, HSQL Database Engine Driver], schema=null, metaData=org.apache.commons.dbcp.DelegatingDatabaseMetaData@599ffe95, edges=[]) - start
147474 [main] DEBUG org.dbunit.database.search.AbstractMetaDataBasedSearchCallback  - Getting edges for node SCOPEDCONTENTCONDITIONS_SCOPEDCONTENT
147474 [main] TRACE org.dbunit.database.DatabaseConfig  - getProperty(name=http://www.dbunit.org/properties/metadataHandler) - start
147474 [main] TRACE org.dbunit.database.DefaultMetadataHandler  - tableExists(metaData=org.apache.commons.dbcp.DelegatingDatabaseMetaData@599ffe95, schemaName=null, tableName=SCOPEDCONTENTCONDITIONS_SCOPEDCONTENT) - start
147475 [main] DEBUG org.dbunit.util.SQLHelper  - close(resultSet=org.apache.commons.dbcp.DelegatingResultSet@4ba46cda) - start
147476 [main] DEBUG org.dbunit.util.SQLHelper  - close(resultSet=org.apache.commons.dbcp.DelegatingResultSet@1ea30490) - start
147476 [main] DEBUG org.dbunit.util.search.DepthFirstSearch  - search:SCOPEDCONTENTCONDITIONS_SCOPEDCONTENT
147476 [main] DEBUG org.dbunit.database.search.ExportedKeysSearchCallback  - searchNode(node=SCOPEDCONTENTCONDITIONS_SCOPEDCONTENT) - start
147476 [main] DEBUG org.dbunit.util.search.DepthFirstSearch  - Pushing SCOPEDCONTENTCONDITIONS_SCOPEDCONTENT
147476 [main] DEBUG org.dbunit.database.search.ExportedKeysSearchCallback  - getEdges(node=SCOPEDCONTENTCONDITIONS_SCOPEDCONTENT) - start
147476 [main] DEBUG org.dbunit.database.search.AbstractMetaDataBasedSearchCallback  - getNodesFromExportedKeys(node=SCOPEDCONTENTCONDITIONS_SCOPEDCONTENT) - start
147476 [main] DEBUG org.dbunit.database.search.AbstractMetaDataBasedSearchCallback  - getNodes(type=1, node=SCOPEDCONTENTCONDITIONS_SCOPEDCONTENT) - start
147476 [main] DEBUG org.dbunit.database.DatabaseDataSourceConnection  - getConnection() - start
147476 [main] DEBUG org.dbunit.database.search.AbstractMetaDataBasedSearchCallback  - getNodes(type=1, node=SCOPEDCONTENTCONDITIONS_SCOPEDCONTENT, conn=Transaction-aware proxy for target Connection [jdbc:hsqldb:mem:kontrollDS, UserName=sw, HSQL Database Engine Driver], schema=null, metaData=org.apache.commons.dbcp.DelegatingDatabaseMetaData@608099a6, edges=[]) - start
147477 [main] DEBUG org.dbunit.database.search.AbstractMetaDataBasedSearchCallback  - Getting edges for node SCOPEDCONTENTCONDITIONS_SCOPEDCONTENT
147477 [main] TRACE org.dbunit.database.DatabaseConfig  - getProperty(name=http://www.dbunit.org/properties/metadataHandler) - start
147477 [main] TRACE org.dbunit.database.DefaultMetadataHandler  - tableExists(metaData=org.apache.commons.dbcp.DelegatingDatabaseMetaData@608099a6, schemaName=null, tableName=SCOPEDCONTENTCONDITIONS_SCOPEDCONTENT) - start
147478 [main] DEBUG org.dbunit.util.SQLHelper  - close(resultSet=org.apache.commons.dbcp.DelegatingResultSet@5955d7eb) - start
147478 [main] DEBUG org.dbunit.util.SQLHelper  - close(resultSet=org.apache.commons.dbcp.DelegatingResultSet@46edc1e0) - start
147478 [main] DEBUG org.dbunit.util.search.DepthFirstSearch  - Adding node SCOPEDCONTENTCONDITIONS_SCOPEDCONTENT to the final result
147479 [main] DEBUG org.dbunit.util.CollectionsHelper  - setToStrings(set=[SCOPEDCONTENTCONDITIONS_SCOPEDCONTENT]) - start
147479 [main] DEBUG org.dbunit.database.search.TablesDependencyHelper  - getDirectDependsOnTables(connection=_databaseConfig=org.dbunit.database.DatabaseConfig[, _propertyMap={http://www.dbunit.org/properties/statementFactory=org.dbunit.database.statement.PreparedStatementFactory@626bc2b8, http://www.dbunit.org/features/caseSensitiveTableNames=false, http://www.dbunit.org/properties/fetchSize=100, http://www.dbunit.org/features/batchedStatements=false, http://www.dbunit.org/properties/metadataHandler=org.dbunit.database.DefaultMetadataHandler@3bbfdfde, http://www.dbunit.org/properties/datatypeFactory=org.dbunit.dataset.datatype.DefaultDataTypeFactory[_toleratedDeltaMap=org.dbunit.dataset.datatype.ToleratedDeltaMap@6452310a], http://www.dbunit.org/properties/escapePattern=null, http://www.dbunit.org/properties/batchSize=100, http://www.dbunit.org/features/qualifiedTableNames=false, http://www.dbunit.org/properties/tableType=[Ljava.lang.String;@5011bafa, http://www.dbunit.org/properties/resultSetTableFactory=org.dbunit.database.CachedResultSetTableFactory@10bcf083, http://www.dbunit.org/features/datatypeWarning=true}], _dataSet=AbstractDataSet[_orderedTableNameMap=null], tableName=SCOPEDCONTENTCONDITIONS_SCOPEDCONTENT) - start
147479 [main] DEBUG org.dbunit.util.search.DepthFirstSearch  - search(nodesFrom=[SCOPEDCONTENTCONDITIONS_SCOPEDCONTENT], callback=org.dbunit.database.search.ExportedKeysSearchCallback@3e54b245) - start
147479 [main] DEBUG org.dbunit.util.CollectionsHelper  - objectsToSet(objects=SCOPEDCONTENTCONDITIONS_SCOPEDCONTENT) - start
147479 [main] DEBUG org.dbunit.util.search.DepthFirstSearch  - search(nodesFrom=[SCOPEDCONTENTCONDITIONS_SCOPEDCONTENT], callback=org.dbunit.database.search.ExportedKeysSearchCallback@3e54b245) - start
147479 [main] DEBUG org.dbunit.util.search.DepthFirstSearch  - reverseSearch:SCOPEDCONTENTCONDITIONS_SCOPEDCONTENT
147479 [main] DEBUG org.dbunit.database.search.ExportedKeysSearchCallback  - searchNode(node=SCOPEDCONTENTCONDITIONS_SCOPEDCONTENT) - start
147479 [main] DEBUG org.dbunit.util.search.DepthFirstSearch  - Pushing (reverse) SCOPEDCONTENTCONDITIONS_SCOPEDCONTENT
147479 [main] DEBUG org.dbunit.database.search.ExportedKeysSearchCallback  - getEdges(node=SCOPEDCONTENTCONDITIONS_SCOPEDCONTENT) - start
147479 [main] DEBUG org.dbunit.database.search.AbstractMetaDataBasedSearchCallback  - getNodesFromExportedKeys(node=SCOPEDCONTENTCONDITIONS_SCOPEDCONTENT) - start
147479 [main] DEBUG org.dbunit.database.search.AbstractMetaDataBasedSearchCallback  - getNodes(type=1, node=SCOPEDCONTENTCONDITIONS_SCOPEDCONTENT) - start
147479 [main] DEBUG org.dbunit.database.DatabaseDataSourceConnection  - getConnection() - start
147480 [main] DEBUG org.dbunit.database.search.AbstractMetaDataBasedSearchCallback  - getNodes(type=1, node=SCOPEDCONTENTCONDITIONS_SCOPEDCONTENT, conn=Transaction-aware proxy for target Connection [jdbc:hsqldb:mem:kontrollDS, UserName=sw, HSQL Database Engine Driver], schema=null, metaData=org.apache.commons.dbcp.DelegatingDatabaseMetaData@2a83effb, edges=[]) - start
147480 [main] DEBUG org.dbunit.database.search.AbstractMetaDataBasedSearchCallback  - Getting edges for node SCOPEDCONTENTCONDITIONS_SCOPEDCONTENT
147480 [main] TRACE org.dbunit.database.DatabaseConfig  - getProperty(name=http://www.dbunit.org/properties/metadataHandler) - start
147480 [main] TRACE org.dbunit.database.DefaultMetadataHandler  - tableExists(metaData=org.apache.commons.dbcp.DelegatingDatabaseMetaData@2a83effb, schemaName=null, tableName=SCOPEDCONTENTCONDITIONS_SCOPEDCONTENT) - start
147481 [main] DEBUG org.dbunit.util.SQLHelper  - close(resultSet=org.apache.commons.dbcp.DelegatingResultSet@3bfd6f73) - start
147481 [main] DEBUG org.dbunit.util.SQLHelper  - close(resultSet=org.apache.commons.dbcp.DelegatingResultSet@46dc0e87) - start
147481 [main] DEBUG org.dbunit.util.search.DepthFirstSearch  - search:SCOPEDCONTENTCONDITIONS_SCOPEDCONTENT
147482 [main] DEBUG org.dbunit.database.search.ExportedKeysSearchCallback  - searchNode(node=SCOPEDCONTENTCONDITIONS_SCOPEDCONTENT) - start
147482 [main] DEBUG org.dbunit.util.search.DepthFirstSearch  - Pushing SCOPEDCONTENTCONDITIONS_SCOPEDCONTENT
147482 [main] DEBUG org.dbunit.database.search.ExportedKeysSearchCallback  - getEdges(node=SCOPEDCONTENTCONDITIONS_SCOPEDCONTENT) - start
147482 [main] DEBUG org.dbunit.database.search.AbstractMetaDataBasedSearchCallback  - getNodesFromExportedKeys(node=SCOPEDCONTENTCONDITIONS_SCOPEDCONTENT) - start
147483 [main] DEBUG org.dbunit.database.search.AbstractMetaDataBasedSearchCallback  - getNodes(type=1, node=SCOPEDCONTENTCONDITIONS_SCOPEDCONTENT) - start
147483 [main] DEBUG org.dbunit.database.DatabaseDataSourceConnection  - getConnection() - start
147483 [main] DEBUG org.dbunit.database.search.AbstractMetaDataBasedSearchCallback  - getNodes(type=1, node=SCOPEDCONTENTCONDITIONS_SCOPEDCONTENT, conn=Transaction-aware proxy for target Connection [jdbc:hsqldb:mem:kontrollDS, UserName=sw, HSQL Database Engine Driver], schema=null, metaData=org.apache.commons.dbcp.DelegatingDatabaseMetaData@193de569, edges=[]) - start
147483 [main] DEBUG org.dbunit.database.search.AbstractMetaDataBasedSearchCallback  - Getting edges for node SCOPEDCONTENTCONDITIONS_SCOPEDCONTENT
147483 [main] TRACE org.dbunit.database.DatabaseConfig  - getProperty(name=http://www.dbunit.org/properties/metadataHandler) - start
147483 [main] TRACE org.dbunit.database.DefaultMetadataHandler  - tableExists(metaData=org.apache.commons.dbcp.DelegatingDatabaseMetaData@193de569, schemaName=null, tableName=SCOPEDCONTENTCONDITIONS_SCOPEDCONTENT) - start
147484 [main] DEBUG org.dbunit.util.SQLHelper  - close(resultSet=org.apache.commons.dbcp.DelegatingResultSet@2256bda1) - start
147485 [main] DEBUG org.dbunit.util.SQLHelper  - close(resultSet=org.apache.commons.dbcp.DelegatingResultSet@13b94f1a) - start
147485 [main] DEBUG org.dbunit.util.search.DepthFirstSearch  - Adding node SCOPEDCONTENTCONDITIONS_SCOPEDCONTENT to the final result
147485 [main] DEBUG org.dbunit.database.search.TablesDependencyHelper  - getDirectDependentTables(connection=_databaseConfig=org.dbunit.database.DatabaseConfig[, _propertyMap={http://www.dbunit.org/properties/statementFactory=org.dbunit.database.statement.PreparedStatementFactory@626bc2b8, http://www.dbunit.org/features/caseSensitiveTableNames=false, http://www.dbunit.org/properties/fetchSize=100, http://www.dbunit.org/features/batchedStatements=false, http://www.dbunit.org/properties/metadataHandler=org.dbunit.database.DefaultMetadataHandler@3bbfdfde, http://www.dbunit.org/properties/datatypeFactory=org.dbunit.dataset.datatype.DefaultDataTypeFactory[_toleratedDeltaMap=org.dbunit.dataset.datatype.ToleratedDeltaMap@6452310a], http://www.dbunit.org/properties/escapePattern=null, http://www.dbunit.org/properties/batchSize=100, http://www.dbunit.org/features/qualifiedTableNames=false, http://www.dbunit.org/properties/tableType=[Ljava.lang.String;@5011bafa, http://www.dbunit.org/properties/resultSetTableFactory=org.dbunit.database.CachedResultSetTableFactory@10bcf083, http://www.dbunit.org/features/datatypeWarning=true}], _dataSet=AbstractDataSet[_orderedTableNameMap=null], tableName=SCOPEDCONTENTCONDITIONS_SCOPEDCONTENT) - start
147485 [main] DEBUG org.dbunit.util.search.DepthFirstSearch  - search(nodesFrom=[SCOPEDCONTENTCONDITIONS_SCOPEDCONTENT], callback=org.dbunit.database.search.ImportedKeysSearchCallback@4fb38842) - start
147485 [main] DEBUG org.dbunit.util.CollectionsHelper  - objectsToSet(objects=SCOPEDCONTENTCONDITIONS_SCOPEDCONTENT) - start
147485 [main] DEBUG org.dbunit.util.search.DepthFirstSearch  - search(nodesFrom=[SCOPEDCONTENTCONDITIONS_SCOPEDCONTENT], callback=org.dbunit.database.search.ImportedKeysSearchCallback@4fb38842) - start
147485 [main] DEBUG org.dbunit.util.search.DepthFirstSearch  - reverseSearch:SCOPEDCONTENTCONDITIONS_SCOPEDCONTENT
147485 [main] DEBUG org.dbunit.database.search.ImportedKeysSearchCallback  - searchNode(node=SCOPEDCONTENTCONDITIONS_SCOPEDCONTENT) - start
147486 [main] DEBUG org.dbunit.util.search.DepthFirstSearch  - Pushing (reverse) SCOPEDCONTENTCONDITIONS_SCOPEDCONTENT
147486 [main] DEBUG org.dbunit.database.search.ImportedKeysSearchCallback  - getEdges(node=SCOPEDCONTENTCONDITIONS_SCOPEDCONTENT) - start
147486 [main] DEBUG org.dbunit.database.search.AbstractMetaDataBasedSearchCallback  - getNodesFromImportedKeys(node=SCOPEDCONTENTCONDITIONS_SCOPEDCONTENT) - start
147486 [main] DEBUG org.dbunit.database.search.AbstractMetaDataBasedSearchCallback  - getNodes(type=0, node=SCOPEDCONTENTCONDITIONS_SCOPEDCONTENT) - start
147486 [main] DEBUG org.dbunit.database.DatabaseDataSourceConnection  - getConnection() - start
147486 [main] DEBUG org.dbunit.database.search.AbstractMetaDataBasedSearchCallback  - getNodes(type=0, node=SCOPEDCONTENTCONDITIONS_SCOPEDCONTENT, conn=Transaction-aware proxy for target Connection [jdbc:hsqldb:mem:kontrollDS, UserName=sw, HSQL Database Engine Driver], schema=null, metaData=org.apache.commons.dbcp.DelegatingDatabaseMetaData@13b6cdef, edges=[]) - start
147486 [main] DEBUG org.dbunit.database.search.AbstractMetaDataBasedSearchCallback  - Getting edges for node SCOPEDCONTENTCONDITIONS_SCOPEDCONTENT
147486 [main] TRACE org.dbunit.database.DatabaseConfig  - getProperty(name=http://www.dbunit.org/properties/metadataHandler) - start
147486 [main] TRACE org.dbunit.database.DefaultMetadataHandler  - tableExists(metaData=org.apache.commons.dbcp.DelegatingDatabaseMetaData@13b6cdef, schemaName=null, tableName=SCOPEDCONTENTCONDITIONS_SCOPEDCONTENT) - start
147487 [main] DEBUG org.dbunit.util.SQLHelper  - close(resultSet=org.apache.commons.dbcp.DelegatingResultSet@1221dc71) - start
147488 [main] DEBUG org.dbunit.util.QualifiedTableName  - getQualifiedNameIfEnabled(config=org.dbunit.database.DatabaseConfig[, _propertyMap={http://www.dbunit.org/properties/statementFactory=org.dbunit.database.statement.PreparedStatementFactory@626bc2b8, http://www.dbunit.org/features/caseSensitiveTableNames=false, http://www.dbunit.org/properties/fetchSize=100, http://www.dbunit.org/features/batchedStatements=false, http://www.dbunit.org/properties/metadataHandler=org.dbunit.database.DefaultMetadataHandler@3bbfdfde, http://www.dbunit.org/properties/datatypeFactory=org.dbunit.dataset.datatype.DefaultDataTypeFactory[_toleratedDeltaMap=org.dbunit.dataset.datatype.ToleratedDeltaMap@6452310a], http://www.dbunit.org/properties/escapePattern=null, http://www.dbunit.org/properties/batchSize=100, http://www.dbunit.org/features/qualifiedTableNames=false, http://www.dbunit.org/properties/tableType=[Ljava.lang.String;@5011bafa, http://www.dbunit.org/properties/resultSetTableFactory=org.dbunit.database.CachedResultSetTableFactory@10bcf083, http://www.dbunit.org/features/datatypeWarning=true}]) - start
147488 [main] TRACE org.dbunit.database.DatabaseConfig  - getFeature(name=http://www.dbunit.org/features/qualifiedTableNames) - start
147488 [main] TRACE org.dbunit.database.DatabaseConfig  - getProperty(name=http://www.dbunit.org/features/qualifiedTableNames) - start
147488 [main] DEBUG org.dbunit.util.QualifiedTableName  - Qualified table names feature is disabled. Returning plain table name
147488 [main] DEBUG org.dbunit.util.QualifiedTableName  - getQualifiedName(prefix=null, name=SCOPEDCONTENTCONDITIONS_SCOPEDCONTENT, escapePattern=null) - start
147488 [main] DEBUG org.dbunit.util.QualifiedTableName  - getQualifiedNameIfEnabled(config=org.dbunit.database.DatabaseConfig[, _propertyMap={http://www.dbunit.org/properties/statementFactory=org.dbunit.database.statement.PreparedStatementFactory@626bc2b8, http://www.dbunit.org/features/caseSensitiveTableNames=false, http://www.dbunit.org/properties/fetchSize=100, http://www.dbunit.org/features/batchedStatements=false, http://www.dbunit.org/properties/metadataHandler=org.dbunit.database.DefaultMetadataHandler@3bbfdfde, http://www.dbunit.org/properties/datatypeFactory=org.dbunit.dataset.datatype.DefaultDataTypeFactory[_toleratedDeltaMap=org.dbunit.dataset.datatype.ToleratedDeltaMap@6452310a], http://www.dbunit.org/properties/escapePattern=null, http://www.dbunit.org/properties/batchSize=100, http://www.dbunit.org/features/qualifiedTableNames=false, http://www.dbunit.org/properties/tableType=[Ljava.lang.String;@5011bafa, http://www.dbunit.org/properties/resultSetTableFactory=org.dbunit.database.CachedResultSetTableFactory@10bcf083, http://www.dbunit.org/features/datatypeWarning=true}]) - start
147488 [main] TRACE org.dbunit.database.DatabaseConfig  - getFeature(name=http://www.dbunit.org/features/qualifiedTableNames) - start
147489 [main] TRACE org.dbunit.database.DatabaseConfig  - getProperty(name=http://www.dbunit.org/features/qualifiedTableNames) - start
147489 [main] DEBUG org.dbunit.util.QualifiedTableName  - Qualified table names feature is disabled. Returning plain table name
147489 [main] DEBUG org.dbunit.util.QualifiedTableName  - getQualifiedName(prefix=null, name=SCOPEDCONTENT, escapePattern=null) - start
147489 [main] DEBUG org.dbunit.database.search.AbstractMetaDataBasedSearchCallback  - newEdge(rs=org.apache.commons.dbcp.DelegatingResultSet@16aab4e5, type=0, from=SCOPEDCONTENTCONDITIONS_SCOPEDCONTENT, to=SCOPEDCONTENT, fkColumn=SCOPED_CONTENT_ID, pkColumn=ID) - start
147489 [main] DEBUG org.dbunit.database.search.AbstractMetaDataBasedSearchCallback  - createFKEdge(rs=org.apache.commons.dbcp.DelegatingResultSet@16aab4e5, type=0, from=SCOPEDCONTENTCONDITIONS_SCOPEDCONTENT, to=SCOPEDCONTENT, fkColumn=SCOPED_CONTENT_ID, pkColumn=ID) - start
147489 [main] DEBUG org.dbunit.database.search.AbstractMetaDataBasedSearchCallback  - Adding edge SCOPEDCONTENTCONDITIONS_SCOPEDCONTENT(SCOPED_CONTENT_ID)->SCOPEDCONTENT(ID)
147489 [main] DEBUG org.dbunit.util.search.Edge  - compareTo(o=SCOPEDCONTENTCONDITIONS_SCOPEDCONTENT(SCOPED_CONTENT_ID)->SCOPEDCONTENT(ID)) - start
147489 [main] DEBUG org.dbunit.util.QualifiedTableName  - getQualifiedNameIfEnabled(config=org.dbunit.database.DatabaseConfig[, _propertyMap={http://www.dbunit.org/properties/statementFactory=org.dbunit.database.statement.PreparedStatementFactory@626bc2b8, http://www.dbunit.org/features/caseSensitiveTableNames=false, http://www.dbunit.org/properties/fetchSize=100, http://www.dbunit.org/features/batchedStatements=false, http://www.dbunit.org/properties/metadataHandler=org.dbunit.database.DefaultMetadataHandler@3bbfdfde, http://www.dbunit.org/properties/datatypeFactory=org.dbunit.dataset.datatype.DefaultDataTypeFactory[_toleratedDeltaMap=org.dbunit.dataset.datatype.ToleratedDeltaMap@6452310a], http://www.dbunit.org/properties/escapePattern=null, http://www.dbunit.org/properties/batchSize=100, http://www.dbunit.org/features/qualifiedTableNames=false, http://www.dbunit.org/properties/tableType=[Ljava.lang.String;@5011bafa, http://www.dbunit.org/properties/resultSetTableFactory=org.dbunit.database.CachedResultSetTableFactory@10bcf083, http://www.dbunit.org/features/datatypeWarning=true}]) - start
147489 [main] TRACE org.dbunit.database.DatabaseConfig  - getFeature(name=http://www.dbunit.org/features/qualifiedTableNames) - start
147489 [main] TRACE org.dbunit.database.DatabaseConfig  - getProperty(name=http://www.dbunit.org/features/qualifiedTableNames) - start
147489 [main] DEBUG org.dbunit.util.QualifiedTableName  - Qualified table names feature is disabled. Returning plain table name
147489 [main] DEBUG org.dbunit.util.QualifiedTableName  - getQualifiedName(prefix=null, name=SCOPEDCONTENTCONDITIONS_SCOPEDCONTENT, escapePattern=null) - start
147490 [main] DEBUG org.dbunit.util.QualifiedTableName  - getQualifiedNameIfEnabled(config=org.dbunit.database.DatabaseConfig[, _propertyMap={http://www.dbunit.org/properties/statementFactory=org.dbunit.database.statement.PreparedStatementFactory@626bc2b8, http://www.dbunit.org/features/caseSensitiveTableNames=false, http://www.dbunit.org/properties/fetchSize=100, http://www.dbunit.org/features/batchedStatements=false, http://www.dbunit.org/properties/metadataHandler=org.dbunit.database.DefaultMetadataHandler@3bbfdfde, http://www.dbunit.org/properties/datatypeFactory=org.dbunit.dataset.datatype.DefaultDataTypeFactory[_toleratedDeltaMap=org.dbunit.dataset.datatype.ToleratedDeltaMap@6452310a], http://www.dbunit.org/properties/escapePattern=null, http://www.dbunit.org/properties/batchSize=100, http://www.dbunit.org/features/qualifiedTableNames=false, http://www.dbunit.org/properties/tableType=[Ljava.lang.String;@5011bafa, http://www.dbunit.org/properties/resultSetTableFactory=org.dbunit.database.CachedResultSetTableFactory@10bcf083, http://www.dbunit.org/features/datatypeWarning=true}]) - start
147490 [main] TRACE org.dbunit.database.DatabaseConfig  - getFeature(name=http://www.dbunit.org/features/qualifiedTableNames) - start
147490 [main] TRACE org.dbunit.database.DatabaseConfig  - getProperty(name=http://www.dbunit.org/features/qualifiedTableNames) - start
147490 [main] DEBUG org.dbunit.util.QualifiedTableName  - Qualified table names feature is disabled. Returning plain table name
147490 [main] DEBUG org.dbunit.util.QualifiedTableName  - getQualifiedName(prefix=null, name=SCOPEDCONTENTCONDITION, escapePattern=null) - start
147490 [main] DEBUG org.dbunit.database.search.AbstractMetaDataBasedSearchCallback  - newEdge(rs=org.apache.commons.dbcp.DelegatingResultSet@16aab4e5, type=0, from=SCOPEDCONTENTCONDITIONS_SCOPEDCONTENT, to=SCOPEDCONTENTCONDITION, fkColumn=SCOPED_CONTENT_CONDITION_ID, pkColumn=ID) - start
147490 [main] DEBUG org.dbunit.database.search.AbstractMetaDataBasedSearchCallback  - createFKEdge(rs=org.apache.commons.dbcp.DelegatingResultSet@16aab4e5, type=0, from=SCOPEDCONTENTCONDITIONS_SCOPEDCONTENT, to=SCOPEDCONTENTCONDITION, fkColumn=SCOPED_CONTENT_CONDITION_ID, pkColumn=ID) - start
147490 [main] DEBUG org.dbunit.database.search.AbstractMetaDataBasedSearchCallback  - Adding edge SCOPEDCONTENTCONDITIONS_SCOPEDCONTENT(SCOPED_CONTENT_CONDITION_ID)->SCOPEDCONTENTCONDITION(ID)
147490 [main] DEBUG org.dbunit.util.search.Edge  - compareTo(o=SCOPEDCONTENTCONDITIONS_SCOPEDCONTENT(SCOPED_CONTENT_ID)->SCOPEDCONTENT(ID)) - start
147490 [main] DEBUG org.dbunit.util.SQLHelper  - close(resultSet=org.apache.commons.dbcp.DelegatingResultSet@16aab4e5) - start
147491 [main] DEBUG org.dbunit.util.search.DepthFirstSearch  - search:SCOPEDCONTENTCONDITIONS_SCOPEDCONTENT
147491 [main] DEBUG org.dbunit.database.search.ImportedKeysSearchCallback  - searchNode(node=SCOPEDCONTENTCONDITIONS_SCOPEDCONTENT) - start
147491 [main] DEBUG org.dbunit.util.search.DepthFirstSearch  - Pushing SCOPEDCONTENTCONDITIONS_SCOPEDCONTENT
147491 [main] DEBUG org.dbunit.database.search.ImportedKeysSearchCallback  - getEdges(node=SCOPEDCONTENTCONDITIONS_SCOPEDCONTENT) - start
147491 [main] DEBUG org.dbunit.database.search.AbstractMetaDataBasedSearchCallback  - getNodesFromImportedKeys(node=SCOPEDCONTENTCONDITIONS_SCOPEDCONTENT) - start
147491 [main] DEBUG org.dbunit.database.search.AbstractMetaDataBasedSearchCallback  - getNodes(type=0, node=SCOPEDCONTENTCONDITIONS_SCOPEDCONTENT) - start
147491 [main] DEBUG org.dbunit.database.DatabaseDataSourceConnection  - getConnection() - start
147491 [main] DEBUG org.dbunit.database.search.AbstractMetaDataBasedSearchCallback  - getNodes(type=0, node=SCOPEDCONTENTCONDITIONS_SCOPEDCONTENT, conn=Transaction-aware proxy for target Connection [jdbc:hsqldb:mem:kontrollDS, UserName=sw, HSQL Database Engine Driver], schema=null, metaData=org.apache.commons.dbcp.DelegatingDatabaseMetaData@214a3203, edges=[]) - start
147491 [main] DEBUG org.dbunit.database.search.AbstractMetaDataBasedSearchCallback  - Getting edges for node SCOPEDCONTENTCONDITIONS_SCOPEDCONTENT
147491 [main] TRACE org.dbunit.database.DatabaseConfig  - getProperty(name=http://www.dbunit.org/properties/metadataHandler) - start
147491 [main] TRACE org.dbunit.database.DefaultMetadataHandler  - tableExists(metaData=org.apache.commons.dbcp.DelegatingDatabaseMetaData@214a3203, schemaName=null, tableName=SCOPEDCONTENTCONDITIONS_SCOPEDCONTENT) - start
147493 [main] DEBUG org.dbunit.util.SQLHelper  - close(resultSet=org.apache.commons.dbcp.DelegatingResultSet@2910c073) - start
147493 [main] DEBUG org.dbunit.util.QualifiedTableName  - getQualifiedNameIfEnabled(config=org.dbunit.database.DatabaseConfig[, _propertyMap={http://www.dbunit.org/properties/statementFactory=org.dbunit.database.statement.PreparedStatementFactory@626bc2b8, http://www.dbunit.org/features/caseSensitiveTableNames=false, http://www.dbunit.org/properties/fetchSize=100, http://www.dbunit.org/features/batchedStatements=false, http://www.dbunit.org/properties/metadataHandler=org.dbunit.database.DefaultMetadataHandler@3bbfdfde, http://www.dbunit.org/properties/datatypeFactory=org.dbunit.dataset.datatype.DefaultDataTypeFactory[_toleratedDeltaMap=org.dbunit.dataset.datatype.ToleratedDeltaMap@6452310a], http://www.dbunit.org/properties/escapePattern=null, http://www.dbunit.org/properties/batchSize=100, http://www.dbunit.org/features/qualifiedTableNames=false, http://www.dbunit.org/properties/tableType=[Ljava.lang.String;@5011bafa, http://www.dbunit.org/properties/resultSetTableFactory=org.dbunit.database.CachedResultSetTableFactory@10bcf083, http://www.dbunit.org/features/datatypeWarning=true}]) - start
147493 [main] TRACE org.dbunit.database.DatabaseConfig  - getFeature(name=http://www.dbunit.org/features/qualifiedTableNames) - start
147493 [main] TRACE org.dbunit.database.DatabaseConfig  - getProperty(name=http://www.dbunit.org/features/qualifiedTableNames) - start
147493 [main] DEBUG org.dbunit.util.QualifiedTableName  - Qualified table names feature is disabled. Returning plain table name
147493 [main] DEBUG org.dbunit.util.QualifiedTableName  - getQualifiedName(prefix=null, name=SCOPEDCONTENTCONDITIONS_SCOPEDCONTENT, escapePattern=null) - start
147493 [main] DEBUG org.dbunit.util.QualifiedTableName  - getQualifiedNameIfEnabled(config=org.dbunit.database.DatabaseConfig[, _propertyMap={http://www.dbunit.org/properties/statementFactory=org.dbunit.database.statement.PreparedStatementFactory@626bc2b8, http://www.dbunit.org/features/caseSensitiveTableNames=false, http://www.dbunit.org/properties/fetchSize=100, http://www.dbunit.org/features/batchedStatements=false, http://www.dbunit.org/properties/metadataHandler=org.dbunit.database.DefaultMetadataHandler@3bbfdfde, http://www.dbunit.org/properties/datatypeFactory=org.dbunit.dataset.datatype.DefaultDataTypeFactory[_toleratedDeltaMap=org.dbunit.dataset.datatype.ToleratedDeltaMap@6452310a], http://www.dbunit.org/properties/escapePattern=null, http://www.dbunit.org/properties/batchSize=100, http://www.dbunit.org/features/qualifiedTableNames=false, http://www.dbunit.org/properties/tableType=[Ljava.lang.String;@5011bafa, http://www.dbunit.org/properties/resultSetTableFactory=org.dbunit.database.CachedResultSetTableFactory@10bcf083, http://www.dbunit.org/features/datatypeWarning=true}]) - start
147494 [main] TRACE org.dbunit.database.DatabaseConfig  - getFeature(name=http://www.dbunit.org/features/qualifiedTableNames) - start
147494 [main] TRACE org.dbunit.database.DatabaseConfig  - getProperty(name=http://www.dbunit.org/features/qualifiedTableNames) - start
147494 [main] DEBUG org.dbunit.util.QualifiedTableName  - Qualified table names feature is disabled. Returning plain table name
147494 [main] DEBUG org.dbunit.util.QualifiedTableName  - getQualifiedName(prefix=null, name=SCOPEDCONTENT, escapePattern=null) - start
147494 [main] DEBUG org.dbunit.database.search.AbstractMetaDataBasedSearchCallback  - newEdge(rs=org.apache.commons.dbcp.DelegatingResultSet@9e80d3c, type=0, from=SCOPEDCONTENTCONDITIONS_SCOPEDCONTENT, to=SCOPEDCONTENT, fkColumn=SCOPED_CONTENT_ID, pkColumn=ID) - start
147494 [main] DEBUG org.dbunit.database.search.AbstractMetaDataBasedSearchCallback  - createFKEdge(rs=org.apache.commons.dbcp.DelegatingResultSet@9e80d3c, type=0, from=SCOPEDCONTENTCONDITIONS_SCOPEDCONTENT, to=SCOPEDCONTENT, fkColumn=SCOPED_CONTENT_ID, pkColumn=ID) - start
147494 [main] DEBUG org.dbunit.database.search.AbstractMetaDataBasedSearchCallback  - Adding edge SCOPEDCONTENTCONDITIONS_SCOPEDCONTENT(SCOPED_CONTENT_ID)->SCOPEDCONTENT(ID)
147494 [main] DEBUG org.dbunit.util.search.Edge  - compareTo(o=SCOPEDCONTENTCONDITIONS_SCOPEDCONTENT(SCOPED_CONTENT_ID)->SCOPEDCONTENT(ID)) - start
147494 [main] DEBUG org.dbunit.util.QualifiedTableName  - getQualifiedNameIfEnabled(config=org.dbunit.database.DatabaseConfig[, _propertyMap={http://www.dbunit.org/properties/statementFactory=org.dbunit.database.statement.PreparedStatementFactory@626bc2b8, http://www.dbunit.org/features/caseSensitiveTableNames=false, http://www.dbunit.org/properties/fetchSize=100, http://www.dbunit.org/features/batchedStatements=false, http://www.dbunit.org/properties/metadataHandler=org.dbunit.database.DefaultMetadataHandler@3bbfdfde, http://www.dbunit.org/properties/datatypeFactory=org.dbunit.dataset.datatype.DefaultDataTypeFactory[_toleratedDeltaMap=org.dbunit.dataset.datatype.ToleratedDeltaMap@6452310a], http://www.dbunit.org/properties/escapePattern=null, http://www.dbunit.org/properties/batchSize=100, http://www.dbunit.org/features/qualifiedTableNames=false, http://www.dbunit.org/properties/tableType=[Ljava.lang.String;@5011bafa, http://www.dbunit.org/properties/resultSetTableFactory=org.dbunit.database.CachedResultSetTableFactory@10bcf083, http://www.dbunit.org/features/datatypeWarning=true}]) - start
147494 [main] TRACE org.dbunit.database.DatabaseConfig  - getFeature(name=http://www.dbunit.org/features/qualifiedTableNames) - start
147494 [main] TRACE org.dbunit.database.DatabaseConfig  - getProperty(name=http://www.dbunit.org/features/qualifiedTableNames) - start
147495 [main] DEBUG org.dbunit.util.QualifiedTableName  - Qualified table names feature is disabled. Returning plain table name
147495 [main] DEBUG org.dbunit.util.QualifiedTableName  - getQualifiedName(prefix=null, name=SCOPEDCONTENTCONDITIONS_SCOPEDCONTENT, escapePattern=null) - start
147495 [main] DEBUG org.dbunit.util.QualifiedTableName  - getQualifiedNameIfEnabled(config=org.dbunit.database.DatabaseConfig[, _propertyMap={http://www.dbunit.org/properties/statementFactory=org.dbunit.database.statement.PreparedStatementFactory@626bc2b8, http://www.dbunit.org/features/caseSensitiveTableNames=false, http://www.dbunit.org/properties/fetchSize=100, http://www.dbunit.org/features/batchedStatements=false, http://www.dbunit.org/properties/metadataHandler=org.dbunit.database.DefaultMetadataHandler@3bbfdfde, http://www.dbunit.org/properties/datatypeFactory=org.dbunit.dataset.datatype.DefaultDataTypeFactory[_toleratedDeltaMap=org.dbunit.dataset.datatype.ToleratedDeltaMap@6452310a], http://www.dbunit.org/properties/escapePattern=null, http://www.dbunit.org/properties/batchSize=100, http://www.dbunit.org/features/qualifiedTableNames=false, http://www.dbunit.org/properties/tableType=[Ljava.lang.String;@5011bafa, http://www.dbunit.org/properties/resultSetTableFactory=org.dbunit.database.CachedResultSetTableFactory@10bcf083, http://www.dbunit.org/features/datatypeWarning=true}]) - start
147495 [main] TRACE org.dbunit.database.DatabaseConfig  - getFeature(name=http://www.dbunit.org/features/qualifiedTableNames) - start
147495 [main] TRACE org.dbunit.database.DatabaseConfig  - getProperty(name=http://www.dbunit.org/features/qualifiedTableNames) - start
147495 [main] DEBUG org.dbunit.util.QualifiedTableName  - Qualified table names feature is disabled. Returning plain table name
147495 [main] DEBUG org.dbunit.util.QualifiedTableName  - getQualifiedName(prefix=null, name=SCOPEDCONTENTCONDITION, escapePattern=null) - start
147495 [main] DEBUG org.dbunit.database.search.AbstractMetaDataBasedSearchCallback  - newEdge(rs=org.apache.commons.dbcp.DelegatingResultSet@9e80d3c, type=0, from=SCOPEDCONTENTCONDITIONS_SCOPEDCONTENT, to=SCOPEDCONTENTCONDITION, fkColumn=SCOPED_CONTENT_CONDITION_ID, pkColumn=ID) - start
147495 [main] DEBUG org.dbunit.database.search.AbstractMetaDataBasedSearchCallback  - createFKEdge(rs=org.apache.commons.dbcp.DelegatingResultSet@9e80d3c, type=0, from=SCOPEDCONTENTCONDITIONS_SCOPEDCONTENT, to=SCOPEDCONTENTCONDITION, fkColumn=SCOPED_CONTENT_CONDITION_ID, pkColumn=ID) - start
147495 [main] DEBUG org.dbunit.database.search.AbstractMetaDataBasedSearchCallback  - Adding edge SCOPEDCONTENTCONDITIONS_SCOPEDCONTENT(SCOPED_CONTENT_CONDITION_ID)->SCOPEDCONTENTCONDITION(ID)
147495 [main] DEBUG org.dbunit.util.search.Edge  - compareTo(o=SCOPEDCONTENTCONDITIONS_SCOPEDCONTENT(SCOPED_CONTENT_ID)->SCOPEDCONTENT(ID)) - start
147496 [main] DEBUG org.dbunit.util.SQLHelper  - close(resultSet=org.apache.commons.dbcp.DelegatingResultSet@9e80d3c) - start
147496 [main] DEBUG org.dbunit.util.search.DepthFirstSearch  - search:SCOPEDCONTENT
147496 [main] DEBUG org.dbunit.database.search.ImportedKeysSearchCallback  - searchNode(node=SCOPEDCONTENT) - start
147496 [main] DEBUG org.dbunit.util.search.DepthFirstSearch  - Pushing SCOPEDCONTENT
147496 [main] DEBUG org.dbunit.database.search.ImportedKeysSearchCallback  - getEdges(node=SCOPEDCONTENT) - start
147496 [main] DEBUG org.dbunit.database.search.AbstractMetaDataBasedSearchCallback  - getNodesFromImportedKeys(node=SCOPEDCONTENT) - start
147496 [main] DEBUG org.dbunit.database.search.AbstractMetaDataBasedSearchCallback  - getNodes(type=0, node=SCOPEDCONTENT) - start
147496 [main] DEBUG org.dbunit.database.DatabaseDataSourceConnection  - getConnection() - start
147496 [main] DEBUG org.dbunit.database.search.AbstractMetaDataBasedSearchCallback  - getNodes(type=0, node=SCOPEDCONTENT, conn=Transaction-aware proxy for target Connection [jdbc:hsqldb:mem:kontrollDS, UserName=sw, HSQL Database Engine Driver], schema=null, metaData=org.apache.commons.dbcp.DelegatingDatabaseMetaData@61bce338, edges=[]) - start
147496 [main] DEBUG org.dbunit.database.search.AbstractMetaDataBasedSearchCallback  - Getting edges for node SCOPEDCONTENT
147496 [main] TRACE org.dbunit.database.DatabaseConfig  - getProperty(name=http://www.dbunit.org/properties/metadataHandler) - start
147497 [main] TRACE org.dbunit.database.DefaultMetadataHandler  - tableExists(metaData=org.apache.commons.dbcp.DelegatingDatabaseMetaData@61bce338, schemaName=null, tableName=SCOPEDCONTENT) - start
147498 [main] DEBUG org.dbunit.util.SQLHelper  - close(resultSet=org.apache.commons.dbcp.DelegatingResultSet@4bf7c8ec) - start
147498 [main] DEBUG org.dbunit.util.QualifiedTableName  - getQualifiedNameIfEnabled(config=org.dbunit.database.DatabaseConfig[, _propertyMap={http://www.dbunit.org/properties/statementFactory=org.dbunit.database.statement.PreparedStatementFactory@626bc2b8, http://www.dbunit.org/features/caseSensitiveTableNames=false, http://www.dbunit.org/properties/fetchSize=100, http://www.dbunit.org/features/batchedStatements=false, http://www.dbunit.org/properties/metadataHandler=org.dbunit.database.DefaultMetadataHandler@3bbfdfde, http://www.dbunit.org/properties/datatypeFactory=org.dbunit.dataset.datatype.DefaultDataTypeFactory[_toleratedDeltaMap=org.dbunit.dataset.datatype.ToleratedDeltaMap@6452310a], http://www.dbunit.org/properties/escapePattern=null, http://www.dbunit.org/properties/batchSize=100, http://www.dbunit.org/features/qualifiedTableNames=false, http://www.dbunit.org/properties/tableType=[Ljava.lang.String;@5011bafa, http://www.dbunit.org/properties/resultSetTableFactory=org.dbunit.database.CachedResultSetTableFactory@10bcf083, http://www.dbunit.org/features/datatypeWarning=true}]) - start
147498 [main] TRACE org.dbunit.database.DatabaseConfig  - getFeature(name=http://www.dbunit.org/features/qualifiedTableNames) - start
147498 [main] TRACE org.dbunit.database.DatabaseConfig  - getProperty(name=http://www.dbunit.org/features/qualifiedTableNames) - start
147498 [main] DEBUG org.dbunit.util.QualifiedTableName  - Qualified table names feature is disabled. Returning plain table name
147498 [main] DEBUG org.dbunit.util.QualifiedTableName  - getQualifiedName(prefix=null, name=SCOPEDCONTENT, escapePattern=null) - start
147499 [main] DEBUG org.dbunit.util.QualifiedTableName  - getQualifiedNameIfEnabled(config=org.dbunit.database.DatabaseConfig[, _propertyMap={http://www.dbunit.org/properties/statementFactory=org.dbunit.database.statement.PreparedStatementFactory@626bc2b8, http://www.dbunit.org/features/caseSensitiveTableNames=false, http://www.dbunit.org/properties/fetchSize=100, http://www.dbunit.org/features/batchedStatements=false, http://www.dbunit.org/properties/metadataHandler=org.dbunit.database.DefaultMetadataHandler@3bbfdfde, http://www.dbunit.org/properties/datatypeFactory=org.dbunit.dataset.datatype.DefaultDataTypeFactory[_toleratedDeltaMap=org.dbunit.dataset.datatype.ToleratedDeltaMap@6452310a], http://www.dbunit.org/properties/escapePattern=null, http://www.dbunit.org/properties/batchSize=100, http://www.dbunit.org/features/qualifiedTableNames=false, http://www.dbunit.org/properties/tableType=[Ljava.lang.String;@5011bafa, http://www.dbunit.org/properties/resultSetTableFactory=org.dbunit.database.CachedResultSetTableFactory@10bcf083, http://www.dbunit.org/features/datatypeWarning=true}]) - start
147500 [main] TRACE org.dbunit.database.DatabaseConfig  - getFeature(name=http://www.dbunit.org/features/qualifiedTableNames) - start
147500 [main] TRACE org.dbunit.database.DatabaseConfig  - getProperty(name=http://www.dbunit.org/features/qualifiedTableNames) - start
147500 [main] DEBUG org.dbunit.util.QualifiedTableName  - Qualified table names feature is disabled. Returning plain table name
147500 [main] DEBUG org.dbunit.util.QualifiedTableName  - getQualifiedName(prefix=null, name=SCOPE, escapePattern=null) - start
147500 [main] DEBUG org.dbunit.database.search.AbstractMetaDataBasedSearchCallback  - newEdge(rs=org.apache.commons.dbcp.DelegatingResultSet@670fbc88, type=0, from=SCOPEDCONTENT, to=SCOPE, fkColumn=SCOPE, pkColumn=ID) - start
147500 [main] DEBUG org.dbunit.database.search.AbstractMetaDataBasedSearchCallback  - createFKEdge(rs=org.apache.commons.dbcp.DelegatingResultSet@670fbc88, type=0, from=SCOPEDCONTENT, to=SCOPE, fkColumn=SCOPE, pkColumn=ID) - start
147500 [main] DEBUG org.dbunit.database.search.AbstractMetaDataBasedSearchCallback  - Adding edge SCOPEDCONTENT(SCOPE)->SCOPE(ID)
147500 [main] DEBUG org.dbunit.util.search.Edge  - compareTo(o=SCOPEDCONTENT(SCOPE)->SCOPE(ID)) - start
147500 [main] DEBUG org.dbunit.util.SQLHelper  - close(resultSet=org.apache.commons.dbcp.DelegatingResultSet@670fbc88) - start
147500 [main] DEBUG org.dbunit.util.search.DepthFirstSearch  - search:SCOPE
147501 [main] DEBUG org.dbunit.database.search.ImportedKeysSearchCallback  - searchNode(node=SCOPE) - start
147501 [main] DEBUG org.dbunit.util.search.DepthFirstSearch  - Pushing SCOPE
147501 [main] DEBUG org.dbunit.database.search.ImportedKeysSearchCallback  - getEdges(node=SCOPE) - start
147501 [main] DEBUG org.dbunit.database.search.AbstractMetaDataBasedSearchCallback  - getNodesFromImportedKeys(node=SCOPE) - start
147501 [main] DEBUG org.dbunit.database.search.AbstractMetaDataBasedSearchCallback  - getNodes(type=0, node=SCOPE) - start
147501 [main] DEBUG org.dbunit.database.DatabaseDataSourceConnection  - getConnection() - start
147501 [main] DEBUG org.dbunit.database.search.AbstractMetaDataBasedSearchCallback  - getNodes(type=0, node=SCOPE, conn=Transaction-aware proxy for target Connection [jdbc:hsqldb:mem:kontrollDS, UserName=sw, HSQL Database Engine Driver], schema=null, metaData=org.apache.commons.dbcp.DelegatingDatabaseMetaData@3a22b994, edges=[]) - start
147501 [main] DEBUG org.dbunit.database.search.AbstractMetaDataBasedSearchCallback  - Getting edges for node SCOPE
147502 [main] TRACE org.dbunit.database.DatabaseConfig  - getProperty(name=http://www.dbunit.org/properties/metadataHandler) - start
147502 [main] TRACE org.dbunit.database.DefaultMetadataHandler  - tableExists(metaData=org.apache.commons.dbcp.DelegatingDatabaseMetaData@3a22b994, schemaName=null, tableName=SCOPE) - start
147503 [main] DEBUG org.dbunit.util.SQLHelper  - close(resultSet=org.apache.commons.dbcp.DelegatingResultSet@219e05a) - start
147503 [main] DEBUG org.dbunit.util.SQLHelper  - close(resultSet=org.apache.commons.dbcp.DelegatingResultSet@2b35900) - start
147504 [main] DEBUG org.dbunit.util.search.DepthFirstSearch  - Adding node SCOPE to the final result
147504 [main] DEBUG org.dbunit.util.search.DepthFirstSearch  - Adding node SCOPEDCONTENT to the final result
147504 [main] DEBUG org.dbunit.util.search.DepthFirstSearch  - search:SCOPEDCONTENTCONDITION
147504 [main] DEBUG org.dbunit.database.search.ImportedKeysSearchCallback  - searchNode(node=SCOPEDCONTENTCONDITION) - start
147602 [main] DEBUG org.dbunit.util.search.DepthFirstSearch  - Pushing SCOPEDCONTENTCONDITION
147602 [main] DEBUG org.dbunit.util.search.DepthFirstSearch  - Adding node SCOPEDCONTENTCONDITION to the final result
147602 [main] DEBUG org.dbunit.util.search.DepthFirstSearch  - Adding node SCOPEDCONTENTCONDITIONS_SCOPEDCONTENT to the final result
147602 [main] DEBUG org.dbunit.util.search.DepthFirstSearch  - reverseSearch:SCOPEDCONTENT
147602 [main] DEBUG org.dbunit.database.search.ImportedKeysSearchCallback  - searchNode(node=SCOPEDCONTENT) - start
147602 [main] DEBUG org.dbunit.util.search.DepthFirstSearch  - Pushing (reverse) SCOPEDCONTENT
147602 [main] DEBUG org.dbunit.database.search.ImportedKeysSearchCallback  - getEdges(node=SCOPEDCONTENT) - start
147602 [main] DEBUG org.dbunit.database.search.AbstractMetaDataBasedSearchCallback  - getNodesFromImportedKeys(node=SCOPEDCONTENT) - start
147602 [main] DEBUG org.dbunit.database.search.AbstractMetaDataBasedSearchCallback  - getNodes(type=0, node=SCOPEDCONTENT) - start
147602 [main] DEBUG org.dbunit.database.DatabaseDataSourceConnection  - getConnection() - start
147603 [main] DEBUG org.dbunit.database.search.AbstractMetaDataBasedSearchCallback  - getNodes(type=0, node=SCOPEDCONTENT, conn=Transaction-aware proxy for target Connection [jdbc:hsqldb:mem:kontrollDS, UserName=sw, HSQL Database Engine Driver], schema=null, metaData=org.apache.commons.dbcp.DelegatingDatabaseMetaData@135bb937, edges=[]) - start
147603 [main] DEBUG org.dbunit.database.search.AbstractMetaDataBasedSearchCallback  - Getting edges for node SCOPEDCONTENT
147603 [main] TRACE org.dbunit.database.DatabaseConfig  - getProperty(name=http://www.dbunit.org/properties/metadataHandler) - start
147603 [main] TRACE org.dbunit.database.DefaultMetadataHandler  - tableExists(metaData=org.apache.commons.dbcp.DelegatingDatabaseMetaData@135bb937, schemaName=null, tableName=SCOPEDCONTENT) - start
147604 [main] DEBUG org.dbunit.util.SQLHelper  - close(resultSet=org.apache.commons.dbcp.DelegatingResultSet@47d5b031) - start
147604 [main] DEBUG org.dbunit.util.QualifiedTableName  - getQualifiedNameIfEnabled(config=org.dbunit.database.DatabaseConfig[, _propertyMap={http://www.dbunit.org/properties/statementFactory=org.dbunit.database.statement.PreparedStatementFactory@626bc2b8, http://www.dbunit.org/features/caseSensitiveTableNames=false, http://www.dbunit.org/properties/fetchSize=100, http://www.dbunit.org/features/batchedStatements=false, http://www.dbunit.org/properties/metadataHandler=org.dbunit.database.DefaultMetadataHandler@3bbfdfde, http://www.dbunit.org/properties/datatypeFactory=org.dbunit.dataset.datatype.DefaultDataTypeFactory[_toleratedDeltaMap=org.dbunit.dataset.datatype.ToleratedDeltaMap@6452310a], http://www.dbunit.org/properties/escapePattern=null, http://www.dbunit.org/properties/batchSize=100, http://www.dbunit.org/features/qualifiedTableNames=false, http://www.dbunit.org/properties/tableType=[Ljava.lang.String;@5011bafa, http://www.dbunit.org/properties/resultSetTableFactory=org.dbunit.database.CachedResultSetTableFactory@10bcf083, http://www.dbunit.org/features/datatypeWarning=true}]) - start
147604 [main] TRACE org.dbunit.database.DatabaseConfig  - getFeature(name=http://www.dbunit.org/features/qualifiedTableNames) - start
147604 [main] TRACE org.dbunit.database.DatabaseConfig  - getProperty(name=http://www.dbunit.org/features/qualifiedTableNames) - start
147604 [main] DEBUG org.dbunit.util.QualifiedTableName  - Qualified table names feature is disabled. Returning plain table name
147604 [main] DEBUG org.dbunit.util.QualifiedTableName  - getQualifiedName(prefix=null, name=SCOPEDCONTENT, escapePattern=null) - start
147604 [main] DEBUG org.dbunit.util.QualifiedTableName  - getQualifiedNameIfEnabled(config=org.dbunit.database.DatabaseConfig[, _propertyMap={http://www.dbunit.org/properties/statementFactory=org.dbunit.database.statement.PreparedStatementFactory@626bc2b8, http://www.dbunit.org/features/caseSensitiveTableNames=false, http://www.dbunit.org/properties/fetchSize=100, http://www.dbunit.org/features/batchedStatements=false, http://www.dbunit.org/properties/metadataHandler=org.dbunit.database.DefaultMetadataHandler@3bbfdfde, http://www.dbunit.org/properties/datatypeFactory=org.dbunit.dataset.datatype.DefaultDataTypeFactory[_toleratedDeltaMap=org.dbunit.dataset.datatype.ToleratedDeltaMap@6452310a], http://www.dbunit.org/properties/escapePattern=null, http://www.dbunit.org/properties/batchSize=100, http://www.dbunit.org/features/qualifiedTableNames=false, http://www.dbunit.org/properties/tableType=[Ljava.lang.String;@5011bafa, http://www.dbunit.org/properties/resultSetTableFactory=org.dbunit.database.CachedResultSetTableFactory@10bcf083, http://www.dbunit.org/features/datatypeWarning=true}]) - start
147605 [main] TRACE org.dbunit.database.DatabaseConfig  - getFeature(name=http://www.dbunit.org/features/qualifiedTableNames) - start
147605 [main] TRACE org.dbunit.database.DatabaseConfig  - getProperty(name=http://www.dbunit.org/features/qualifiedTableNames) - start
147605 [main] DEBUG org.dbunit.util.QualifiedTableName  - Qualified table names feature is disabled. Returning plain table name
147605 [main] DEBUG org.dbunit.util.QualifiedTableName  - getQualifiedName(prefix=null, name=SCOPE, escapePattern=null) - start
147605 [main] DEBUG org.dbunit.database.search.AbstractMetaDataBasedSearchCallback  - newEdge(rs=org.apache.commons.dbcp.DelegatingResultSet@6c7ee87d, type=0, from=SCOPEDCONTENT, to=SCOPE, fkColumn=SCOPE, pkColumn=ID) - start
147605 [main] DEBUG org.dbunit.database.search.AbstractMetaDataBasedSearchCallback  - createFKEdge(rs=org.apache.commons.dbcp.DelegatingResultSet@6c7ee87d, type=0, from=SCOPEDCONTENT, to=SCOPE, fkColumn=SCOPE, pkColumn=ID) - start
147605 [main] DEBUG org.dbunit.database.search.AbstractMetaDataBasedSearchCallback  - Adding edge SCOPEDCONTENT(SCOPE)->SCOPE(ID)
147605 [main] DEBUG org.dbunit.util.search.Edge  - compareTo(o=SCOPEDCONTENT(SCOPE)->SCOPE(ID)) - start
147605 [main] DEBUG org.dbunit.util.SQLHelper  - close(resultSet=org.apache.commons.dbcp.DelegatingResultSet@6c7ee87d) - start
147605 [main] DEBUG org.dbunit.util.search.DepthFirstSearch  - reverseSearch:SCOPE
147605 [main] DEBUG org.dbunit.database.search.ImportedKeysSearchCallback  - searchNode(node=SCOPE) - start
147605 [main] DEBUG org.dbunit.util.search.DepthFirstSearch  - Pushing (reverse) SCOPE
147606 [main] DEBUG org.dbunit.database.search.ImportedKeysSearchCallback  - getEdges(node=SCOPE) - start
147606 [main] DEBUG org.dbunit.database.search.AbstractMetaDataBasedSearchCallback  - getNodesFromImportedKeys(node=SCOPE) - start
147606 [main] DEBUG org.dbunit.database.search.AbstractMetaDataBasedSearchCallback  - getNodes(type=0, node=SCOPE) - start
147606 [main] DEBUG org.dbunit.database.DatabaseDataSourceConnection  - getConnection() - start
147606 [main] DEBUG org.dbunit.database.search.AbstractMetaDataBasedSearchCallback  - getNodes(type=0, node=SCOPE, conn=Transaction-aware proxy for target Connection [jdbc:hsqldb:mem:kontrollDS, UserName=sw, HSQL Database Engine Driver], schema=null, metaData=org.apache.commons.dbcp.DelegatingDatabaseMetaData@7fd19e30, edges=[]) - start
147606 [main] DEBUG org.dbunit.database.search.AbstractMetaDataBasedSearchCallback  - Getting edges for node SCOPE
147606 [main] TRACE org.dbunit.database.DatabaseConfig  - getProperty(name=http://www.dbunit.org/properties/metadataHandler) - start
147606 [main] TRACE org.dbunit.database.DefaultMetadataHandler  - tableExists(metaData=org.apache.commons.dbcp.DelegatingDatabaseMetaData@7fd19e30, schemaName=null, tableName=SCOPE) - start
147607 [main] DEBUG org.dbunit.util.SQLHelper  - close(resultSet=org.apache.commons.dbcp.DelegatingResultSet@1f1cec46) - start
147607 [main] DEBUG org.dbunit.util.SQLHelper  - close(resultSet=org.apache.commons.dbcp.DelegatingResultSet@3e5dfa1d) - start
147608 [main] DEBUG org.dbunit.util.search.DepthFirstSearch  - reverseSearch:SCOPEDCONTENTCONDITION
147608 [main] DEBUG org.dbunit.database.search.ImportedKeysSearchCallback  - searchNode(node=SCOPEDCONTENTCONDITION) - start
147608 [main] DEBUG org.dbunit.util.search.DepthFirstSearch  - Pushing (reverse) SCOPEDCONTENTCONDITION
147608 [main] DEBUG org.dbunit.database.search.ImportedKeysSearchCallback  - getEdges(node=SCOPEDCONTENTCONDITION) - start
147608 [main] DEBUG org.dbunit.database.search.AbstractMetaDataBasedSearchCallback  - getNodesFromImportedKeys(node=SCOPEDCONTENTCONDITION) - start
147608 [main] DEBUG org.dbunit.database.search.AbstractMetaDataBasedSearchCallback  - getNodes(type=0, node=SCOPEDCONTENTCONDITION) - start
147608 [main] DEBUG org.dbunit.database.DatabaseDataSourceConnection  - getConnection() - start
147608 [main] DEBUG org.dbunit.database.search.AbstractMetaDataBasedSearchCallback  - getNodes(type=0, node=SCOPEDCONTENTCONDITION, conn=Transaction-aware proxy for target Connection [jdbc:hsqldb:mem:kontrollDS, UserName=sw, HSQL Database Engine Driver], schema=null, metaData=org.apache.commons.dbcp.DelegatingDatabaseMetaData@bcfa5e8, edges=[]) - start
147608 [main] DEBUG org.dbunit.database.search.AbstractMetaDataBasedSearchCallback  - Getting edges for node SCOPEDCONTENTCONDITION
147608 [main] TRACE org.dbunit.database.DatabaseConfig  - getProperty(name=http://www.dbunit.org/properties/metadataHandler) - start
147608 [main] TRACE org.dbunit.database.DefaultMetadataHandler  - tableExists(metaData=org.apache.commons.dbcp.DelegatingDatabaseMetaData@bcfa5e8, schemaName=null, tableName=SCOPEDCONTENTCONDITION) - start
147609 [main] DEBUG org.dbunit.util.SQLHelper  - close(resultSet=org.apache.commons.dbcp.DelegatingResultSet@5b8f78be) - start
147610 [main] DEBUG org.dbunit.util.SQLHelper  - close(resultSet=org.apache.commons.dbcp.DelegatingResultSet@e4ae3fd) - start
147610 [main] DEBUG org.dbunit.util.search.DepthFirstSearch  - reverseSearch:SCOPEDCONTENTCONDITIONS_SCOPEDCONTENT
147610 [main] DEBUG org.dbunit.util.search.DepthFirstSearch  - already searched; returning true
147610 [main] DEBUG org.dbunit.util.search.DepthFirstSearch  - search:SCOPEDCONTENTCONDITIONS_SCOPEDCONTENT
147610 [main] DEBUG org.dbunit.util.search.DepthFirstSearch  - already searched; returning true
147610 [main] DEBUG org.dbunit.util.search.DepthFirstSearch  - search:SCOPEDCONTENT
147610 [main] DEBUG org.dbunit.util.search.DepthFirstSearch  - already searched; returning true
147610 [main] DEBUG org.dbunit.util.search.DepthFirstSearch  - search:SCOPE
147610 [main] DEBUG org.dbunit.util.search.DepthFirstSearch  - already searched; returning true
147610 [main] DEBUG org.dbunit.util.search.DepthFirstSearch  - search:SCOPEDCONTENTCONDITION
147610 [main] DEBUG org.dbunit.util.search.DepthFirstSearch  - already searched; returning true
147610 [main] DEBUG org.dbunit.database.DatabaseSequenceFilter  - getDependencyInfo(connection=_databaseConfig=org.dbunit.database.DatabaseConfig[, _propertyMap={http://www.dbunit.org/properties/statementFactory=org.dbunit.database.statement.PreparedStatementFactory@626bc2b8, http://www.dbunit.org/features/caseSensitiveTableNames=false, http://www.dbunit.org/properties/fetchSize=100, http://www.dbunit.org/features/batchedStatements=false, http://www.dbunit.org/properties/metadataHandler=org.dbunit.database.DefaultMetadataHandler@3bbfdfde, http://www.dbunit.org/properties/datatypeFactory=org.dbunit.dataset.datatype.DefaultDataTypeFactory[_toleratedDeltaMap=org.dbunit.dataset.datatype.ToleratedDeltaMap@6452310a], http://www.dbunit.org/properties/escapePattern=null, http://www.dbunit.org/properties/batchSize=100, http://www.dbunit.org/features/qualifiedTableNames=false, http://www.dbunit.org/properties/tableType=[Ljava.lang.String;@5011bafa, http://www.dbunit.org/properties/resultSetTableFactory=org.dbunit.database.CachedResultSetTableFactory@10bcf083, http://www.dbunit.org/features/datatypeWarning=true}], _dataSet=AbstractDataSet[_orderedTableNameMap=null], tableName=SCOPEDCONTENTCONDITIONS_SCOPEDCONTENTITEM) - start
147611 [main] DEBUG org.dbunit.database.search.TablesDependencyHelper  - getDependentTables(connection=_databaseConfig=org.dbunit.database.DatabaseConfig[, _propertyMap={http://www.dbunit.org/properties/statementFactory=org.dbunit.database.statement.PreparedStatementFactory@626bc2b8, http://www.dbunit.org/features/caseSensitiveTableNames=false, http://www.dbunit.org/properties/fetchSize=100, http://www.dbunit.org/features/batchedStatements=false, http://www.dbunit.org/properties/metadataHandler=org.dbunit.database.DefaultMetadataHandler@3bbfdfde, http://www.dbunit.org/properties/datatypeFactory=org.dbunit.dataset.datatype.DefaultDataTypeFactory[_toleratedDeltaMap=org.dbunit.dataset.datatype.ToleratedDeltaMap@6452310a], http://www.dbunit.org/properties/escapePattern=null, http://www.dbunit.org/properties/batchSize=100, http://www.dbunit.org/features/qualifiedTableNames=false, http://www.dbunit.org/properties/tableType=[Ljava.lang.String;@5011bafa, http://www.dbunit.org/properties/resultSetTableFactory=org.dbunit.database.CachedResultSetTableFactory@10bcf083, http://www.dbunit.org/features/datatypeWarning=true}], _dataSet=AbstractDataSet[_orderedTableNameMap=null], rootTable=SCOPEDCONTENTCONDITIONS_SCOPEDCONTENTITEM) - start
147611 [main] DEBUG org.dbunit.database.search.TablesDependencyHelper  - getDependentTables(connection=_databaseConfig=org.dbunit.database.DatabaseConfig[, _propertyMap={http://www.dbunit.org/properties/statementFactory=org.dbunit.database.statement.PreparedStatementFactory@626bc2b8, http://www.dbunit.org/features/caseSensitiveTableNames=false, http://www.dbunit.org/properties/fetchSize=100, http://www.dbunit.org/features/batchedStatements=false, http://www.dbunit.org/properties/metadataHandler=org.dbunit.database.DefaultMetadataHandler@3bbfdfde, http://www.dbunit.org/properties/datatypeFactory=org.dbunit.dataset.datatype.DefaultDataTypeFactory[_toleratedDeltaMap=org.dbunit.dataset.datatype.ToleratedDeltaMap@6452310a], http://www.dbunit.org/properties/escapePattern=null, http://www.dbunit.org/properties/batchSize=100, http://www.dbunit.org/features/qualifiedTableNames=false, http://www.dbunit.org/properties/tableType=[Ljava.lang.String;@5011bafa, http://www.dbunit.org/properties/resultSetTableFactory=org.dbunit.database.CachedResultSetTableFactory@10bcf083, http://www.dbunit.org/features/datatypeWarning=true}], _dataSet=AbstractDataSet[_orderedTableNameMap=null], rootTables=[SCOPEDCONTENTCONDITIONS_SCOPEDCONTENTITEM]) - start
147611 [main] DEBUG org.dbunit.util.search.DepthFirstSearch  - search(nodesFrom=[SCOPEDCONTENTCONDITIONS_SCOPEDCONTENTITEM], callback=org.dbunit.database.search.ImportedKeysSearchCallback@53873b76) - start
147611 [main] DEBUG org.dbunit.util.CollectionsHelper  - objectsToSet(objects=SCOPEDCONTENTCONDITIONS_SCOPEDCONTENTITEM) - start
147611 [main] DEBUG org.dbunit.util.search.DepthFirstSearch  - search(nodesFrom=[SCOPEDCONTENTCONDITIONS_SCOPEDCONTENTITEM], callback=org.dbunit.database.search.ImportedKeysSearchCallback@53873b76) - start
147611 [main] DEBUG org.dbunit.util.search.DepthFirstSearch  - reverseSearch:SCOPEDCONTENTCONDITIONS_SCOPEDCONTENTITEM
147611 [main] DEBUG org.dbunit.database.search.ImportedKeysSearchCallback  - searchNode(node=SCOPEDCONTENTCONDITIONS_SCOPEDCONTENTITEM) - start
147611 [main] DEBUG org.dbunit.util.search.DepthFirstSearch  - Pushing (reverse) SCOPEDCONTENTCONDITIONS_SCOPEDCONTENTITEM
147611 [main] DEBUG org.dbunit.database.search.ImportedKeysSearchCallback  - getEdges(node=SCOPEDCONTENTCONDITIONS_SCOPEDCONTENTITEM) - start
147611 [main] DEBUG org.dbunit.database.search.AbstractMetaDataBasedSearchCallback  - getNodesFromImportedKeys(node=SCOPEDCONTENTCONDITIONS_SCOPEDCONTENTITEM) - start
147611 [main] DEBUG org.dbunit.database.search.AbstractMetaDataBasedSearchCallback  - getNodes(type=0, node=SCOPEDCONTENTCONDITIONS_SCOPEDCONTENTITEM) - start
147612 [main] DEBUG org.dbunit.database.DatabaseDataSourceConnection  - getConnection() - start
147612 [main] DEBUG org.dbunit.database.search.AbstractMetaDataBasedSearchCallback  - getNodes(type=0, node=SCOPEDCONTENTCONDITIONS_SCOPEDCONTENTITEM, conn=Transaction-aware proxy for target Connection [jdbc:hsqldb:mem:kontrollDS, UserName=sw, HSQL Database Engine Driver], schema=null, metaData=org.apache.commons.dbcp.DelegatingDatabaseMetaData@5350ead1, edges=[]) - start
147612 [main] DEBUG org.dbunit.database.search.AbstractMetaDataBasedSearchCallback  - Getting edges for node SCOPEDCONTENTCONDITIONS_SCOPEDCONTENTITEM
147612 [main] TRACE org.dbunit.database.DatabaseConfig  - getProperty(name=http://www.dbunit.org/properties/metadataHandler) - start
147612 [main] TRACE org.dbunit.database.DefaultMetadataHandler  - tableExists(metaData=org.apache.commons.dbcp.DelegatingDatabaseMetaData@5350ead1, schemaName=null, tableName=SCOPEDCONTENTCONDITIONS_SCOPEDCONTENTITEM) - start
147613 [main] DEBUG org.dbunit.util.SQLHelper  - close(resultSet=org.apache.commons.dbcp.DelegatingResultSet@2a0bf7c1) - start
147613 [main] DEBUG org.dbunit.util.QualifiedTableName  - getQualifiedNameIfEnabled(config=org.dbunit.database.DatabaseConfig[, _propertyMap={http://www.dbunit.org/properties/statementFactory=org.dbunit.database.statement.PreparedStatementFactory@626bc2b8, http://www.dbunit.org/features/caseSensitiveTableNames=false, http://www.dbunit.org/properties/fetchSize=100, http://www.dbunit.org/features/batchedStatements=false, http://www.dbunit.org/properties/metadataHandler=org.dbunit.database.DefaultMetadataHandler@3bbfdfde, http://www.dbunit.org/properties/datatypeFactory=org.dbunit.dataset.datatype.DefaultDataTypeFactory[_toleratedDeltaMap=org.dbunit.dataset.datatype.ToleratedDeltaMap@6452310a], http://www.dbunit.org/properties/escapePattern=null, http://www.dbunit.org/properties/batchSize=100, http://www.dbunit.org/features/qualifiedTableNames=false, http://www.dbunit.org/properties/tableType=[Ljava.lang.String;@5011bafa, http://www.dbunit.org/properties/resultSetTableFactory=org.dbunit.database.CachedResultSetTableFactory@10bcf083, http://www.dbunit.org/features/datatypeWarning=true}]) - start
147613 [main] TRACE org.dbunit.database.DatabaseConfig  - getFeature(name=http://www.dbunit.org/features/qualifiedTableNames) - start
147614 [main] TRACE org.dbunit.database.DatabaseConfig  - getProperty(name=http://www.dbunit.org/features/qualifiedTableNames) - start
147614 [main] DEBUG org.dbunit.util.QualifiedTableName  - Qualified table names feature is disabled. Returning plain table name
147614 [main] DEBUG org.dbunit.util.QualifiedTableName  - getQualifiedName(prefix=null, name=SCOPEDCONTENTCONDITIONS_SCOPEDCONTENTITEM, escapePattern=null) - start
147614 [main] DEBUG org.dbunit.util.QualifiedTableName  - getQualifiedNameIfEnabled(config=org.dbunit.database.DatabaseConfig[, _propertyMap={http://www.dbunit.org/properties/statementFactory=org.dbunit.database.statement.PreparedStatementFactory@626bc2b8, http://www.dbunit.org/features/caseSensitiveTableNames=false, http://www.dbunit.org/properties/fetchSize=100, http://www.dbunit.org/features/batchedStatements=false, http://www.dbunit.org/properties/metadataHandler=org.dbunit.database.DefaultMetadataHandler@3bbfdfde, http://www.dbunit.org/properties/datatypeFactory=org.dbunit.dataset.datatype.DefaultDataTypeFactory[_toleratedDeltaMap=org.dbunit.dataset.datatype.ToleratedDeltaMap@6452310a], http://www.dbunit.org/properties/escapePattern=null, http://www.dbunit.org/properties/batchSize=100, http://www.dbunit.org/features/qualifiedTableNames=false, http://www.dbunit.org/properties/tableType=[Ljava.lang.String;@5011bafa, http://www.dbunit.org/properties/resultSetTableFactory=org.dbunit.database.CachedResultSetTableFactory@10bcf083, http://www.dbunit.org/features/datatypeWarning=true}]) - start
147614 [main] TRACE org.dbunit.database.DatabaseConfig  - getFeature(name=http://www.dbunit.org/features/qualifiedTableNames) - start
147614 [main] TRACE org.dbunit.database.DatabaseConfig  - getProperty(name=http://www.dbunit.org/features/qualifiedTableNames) - start
147614 [main] DEBUG org.dbunit.util.QualifiedTableName  - Qualified table names feature is disabled. Returning plain table name
147614 [main] DEBUG org.dbunit.util.QualifiedTableName  - getQualifiedName(prefix=null, name=SCOPEDCONTENTCONDITION, escapePattern=null) - start
147614 [main] DEBUG org.dbunit.database.search.AbstractMetaDataBasedSearchCallback  - newEdge(rs=org.apache.commons.dbcp.DelegatingResultSet@7c43d507, type=0, from=SCOPEDCONTENTCONDITIONS_SCOPEDCONTENTITEM, to=SCOPEDCONTENTCONDITION, fkColumn=SCOPED_CONTENT_CONDITION_ID, pkColumn=ID) - start
147614 [main] DEBUG org.dbunit.database.search.AbstractMetaDataBasedSearchCallback  - createFKEdge(rs=org.apache.commons.dbcp.DelegatingResultSet@7c43d507, type=0, from=SCOPEDCONTENTCONDITIONS_SCOPEDCONTENTITEM, to=SCOPEDCONTENTCONDITION, fkColumn=SCOPED_CONTENT_CONDITION_ID, pkColumn=ID) - start
147614 [main] DEBUG org.dbunit.database.search.AbstractMetaDataBasedSearchCallback  - Adding edge SCOPEDCONTENTCONDITIONS_SCOPEDCONTENTITEM(SCOPED_CONTENT_CONDITION_ID)->SCOPEDCONTENTCONDITION(ID)
147614 [main] DEBUG org.dbunit.util.search.Edge  - compareTo(o=SCOPEDCONTENTCONDITIONS_SCOPEDCONTENTITEM(SCOPED_CONTENT_CONDITION_ID)->SCOPEDCONTENTCONDITION(ID)) - start
147615 [main] DEBUG org.dbunit.util.QualifiedTableName  - getQualifiedNameIfEnabled(config=org.dbunit.database.DatabaseConfig[, _propertyMap={http://www.dbunit.org/properties/statementFactory=org.dbunit.database.statement.PreparedStatementFactory@626bc2b8, http://www.dbunit.org/features/caseSensitiveTableNames=false, http://www.dbunit.org/properties/fetchSize=100, http://www.dbunit.org/features/batchedStatements=false, http://www.dbunit.org/properties/metadataHandler=org.dbunit.database.DefaultMetadataHandler@3bbfdfde, http://www.dbunit.org/properties/datatypeFactory=org.dbunit.dataset.datatype.DefaultDataTypeFactory[_toleratedDeltaMap=org.dbunit.dataset.datatype.ToleratedDeltaMap@6452310a], http://www.dbunit.org/properties/escapePattern=null, http://www.dbunit.org/properties/batchSize=100, http://www.dbunit.org/features/qualifiedTableNames=false, http://www.dbunit.org/properties/tableType=[Ljava.lang.String;@5011bafa, http://www.dbunit.org/properties/resultSetTableFactory=org.dbunit.database.CachedResultSetTableFactory@10bcf083, http://www.dbunit.org/features/datatypeWarning=true}]) - start
147615 [main] TRACE org.dbunit.database.DatabaseConfig  - getFeature(name=http://www.dbunit.org/features/qualifiedTableNames) - start
147615 [main] TRACE org.dbunit.database.DatabaseConfig  - getProperty(name=http://www.dbunit.org/features/qualifiedTableNames) - start
147615 [main] DEBUG org.dbunit.util.QualifiedTableName  - Qualified table names feature is disabled. Returning plain table name
147615 [main] DEBUG org.dbunit.util.QualifiedTableName  - getQualifiedName(prefix=null, name=SCOPEDCONTENTCONDITIONS_SCOPEDCONTENTITEM, escapePattern=null) - start
147615 [main] DEBUG org.dbunit.util.QualifiedTableName  - getQualifiedNameIfEnabled(config=org.dbunit.database.DatabaseConfig[, _propertyMap={http://www.dbunit.org/properties/statementFactory=org.dbunit.database.statement.PreparedStatementFactory@626bc2b8, http://www.dbunit.org/features/caseSensitiveTableNames=false, http://www.dbunit.org/properties/fetchSize=100, http://www.dbunit.org/features/batchedStatements=false, http://www.dbunit.org/properties/metadataHandler=org.dbunit.database.DefaultMetadataHandler@3bbfdfde, http://www.dbunit.org/properties/datatypeFactory=org.dbunit.dataset.datatype.DefaultDataTypeFactory[_toleratedDeltaMap=org.dbunit.dataset.datatype.ToleratedDeltaMap@6452310a], http://www.dbunit.org/properties/escapePattern=null, http://www.dbunit.org/properties/batchSize=100, http://www.dbunit.org/features/qualifiedTableNames=false, http://www.dbunit.org/properties/tableType=[Ljava.lang.String;@5011bafa, http://www.dbunit.org/properties/resultSetTableFactory=org.dbunit.database.CachedResultSetTableFactory@10bcf083, http://www.dbunit.org/features/datatypeWarning=true}]) - start
147615 [main] TRACE org.dbunit.database.DatabaseConfig  - getFeature(name=http://www.dbunit.org/features/qualifiedTableNames) - start
147615 [main] TRACE org.dbunit.database.DatabaseConfig  - getProperty(name=http://www.dbunit.org/features/qualifiedTableNames) - start
147615 [main] DEBUG org.dbunit.util.QualifiedTableName  - Qualified table names feature is disabled. Returning plain table name
147615 [main] DEBUG org.dbunit.util.QualifiedTableName  - getQualifiedName(prefix=null, name=SCOPEDCONTENTITEM, escapePattern=null) - start
147616 [main] DEBUG org.dbunit.database.search.AbstractMetaDataBasedSearchCallback  - newEdge(rs=org.apache.commons.dbcp.DelegatingResultSet@7c43d507, type=0, from=SCOPEDCONTENTCONDITIONS_SCOPEDCONTENTITEM, to=SCOPEDCONTENTITEM, fkColumn=SCOPED_CONTENT_ITEM_ID, pkColumn=ID) - start
147616 [main] DEBUG org.dbunit.database.search.AbstractMetaDataBasedSearchCallback  - createFKEdge(rs=org.apache.commons.dbcp.DelegatingResultSet@7c43d507, type=0, from=SCOPEDCONTENTCONDITIONS_SCOPEDCONTENTITEM, to=SCOPEDCONTENTITEM, fkColumn=SCOPED_CONTENT_ITEM_ID, pkColumn=ID) - start
147616 [main] DEBUG org.dbunit.database.search.AbstractMetaDataBasedSearchCallback  - Adding edge SCOPEDCONTENTCONDITIONS_SCOPEDCONTENTITEM(SCOPED_CONTENT_ITEM_ID)->SCOPEDCONTENTITEM(ID)
147616 [main] DEBUG org.dbunit.util.search.Edge  - compareTo(o=SCOPEDCONTENTCONDITIONS_SCOPEDCONTENTITEM(SCOPED_CONTENT_CONDITION_ID)->SCOPEDCONTENTCONDITION(ID)) - start
147616 [main] DEBUG org.dbunit.util.SQLHelper  - close(resultSet=org.apache.commons.dbcp.DelegatingResultSet@7c43d507) - start
147616 [main] DEBUG org.dbunit.util.search.DepthFirstSearch  - search:SCOPEDCONTENTCONDITIONS_SCOPEDCONTENTITEM
147616 [main] DEBUG org.dbunit.database.search.ImportedKeysSearchCallback  - searchNode(node=SCOPEDCONTENTCONDITIONS_SCOPEDCONTENTITEM) - start
147616 [main] DEBUG org.dbunit.util.search.DepthFirstSearch  - Pushing SCOPEDCONTENTCONDITIONS_SCOPEDCONTENTITEM
147616 [main] DEBUG org.dbunit.database.search.ImportedKeysSearchCallback  - getEdges(node=SCOPEDCONTENTCONDITIONS_SCOPEDCONTENTITEM) - start
147616 [main] DEBUG org.dbunit.database.search.AbstractMetaDataBasedSearchCallback  - getNodesFromImportedKeys(node=SCOPEDCONTENTCONDITIONS_SCOPEDCONTENTITEM) - start
147616 [main] DEBUG org.dbunit.database.search.AbstractMetaDataBasedSearchCallback  - getNodes(type=0, node=SCOPEDCONTENTCONDITIONS_SCOPEDCONTENTITEM) - start
147616 [main] DEBUG org.dbunit.database.DatabaseDataSourceConnection  - getConnection() - start
147617 [main] DEBUG org.dbunit.database.search.AbstractMetaDataBasedSearchCallback  - getNodes(type=0, node=SCOPEDCONTENTCONDITIONS_SCOPEDCONTENTITEM, conn=Transaction-aware proxy for target Connection [jdbc:hsqldb:mem:kontrollDS, UserName=sw, HSQL Database Engine Driver], schema=null, metaData=org.apache.commons.dbcp.DelegatingDatabaseMetaData@4956fe4d, edges=[]) - start
147617 [main] DEBUG org.dbunit.database.search.AbstractMetaDataBasedSearchCallback  - Getting edges for node SCOPEDCONTENTCONDITIONS_SCOPEDCONTENTITEM
147617 [main] TRACE org.dbunit.database.DatabaseConfig  - getProperty(name=http://www.dbunit.org/properties/metadataHandler) - start
147617 [main] TRACE org.dbunit.database.DefaultMetadataHandler  - tableExists(metaData=org.apache.commons.dbcp.DelegatingDatabaseMetaData@4956fe4d, schemaName=null, tableName=SCOPEDCONTENTCONDITIONS_SCOPEDCONTENTITEM) - start
147618 [main] DEBUG org.dbunit.util.SQLHelper  - close(resultSet=org.apache.commons.dbcp.DelegatingResultSet@2e86777d) - start
147618 [main] DEBUG org.dbunit.util.QualifiedTableName  - getQualifiedNameIfEnabled(config=org.dbunit.database.DatabaseConfig[, _propertyMap={http://www.dbunit.org/properties/statementFactory=org.dbunit.database.statement.PreparedStatementFactory@626bc2b8, http://www.dbunit.org/features/caseSensitiveTableNames=false, http://www.dbunit.org/properties/fetchSize=100, http://www.dbunit.org/features/batchedStatements=false, http://www.dbunit.org/properties/metadataHandler=org.dbunit.database.DefaultMetadataHandler@3bbfdfde, http://www.dbunit.org/properties/datatypeFactory=org.dbunit.dataset.datatype.DefaultDataTypeFactory[_toleratedDeltaMap=org.dbunit.dataset.datatype.ToleratedDeltaMap@6452310a], http://www.dbunit.org/properties/escapePattern=null, http://www.dbunit.org/properties/batchSize=100, http://www.dbunit.org/features/qualifiedTableNames=false, http://www.dbunit.org/properties/tableType=[Ljava.lang.String;@5011bafa, http://www.dbunit.org/properties/resultSetTableFactory=org.dbunit.database.CachedResultSetTableFactory@10bcf083, http://www.dbunit.org/features/datatypeWarning=true}]) - start
147618 [main] TRACE org.dbunit.database.DatabaseConfig  - getFeature(name=http://www.dbunit.org/features/qualifiedTableNames) - start
147618 [main] TRACE org.dbunit.database.DatabaseConfig  - getProperty(name=http://www.dbunit.org/features/qualifiedTableNames) - start
147618 [main] DEBUG org.dbunit.util.QualifiedTableName  - Qualified table names feature is disabled. Returning plain table name
147619 [main] DEBUG org.dbunit.util.QualifiedTableName  - getQualifiedName(prefix=null, name=SCOPEDCONTENTCONDITIONS_SCOPEDCONTENTITEM, escapePattern=null) - start
147619 [main] DEBUG org.dbunit.util.QualifiedTableName  - getQualifiedNameIfEnabled(config=org.dbunit.database.DatabaseConfig[, _propertyMap={http://www.dbunit.org/properties/statementFactory=org.dbunit.database.statement.PreparedStatementFactory@626bc2b8, http://www.dbunit.org/features/caseSensitiveTableNames=false, http://www.dbunit.org/properties/fetchSize=100, http://www.dbunit.org/features/batchedStatements=false, http://www.dbunit.org/properties/metadataHandler=org.dbunit.database.DefaultMetadataHandler@3bbfdfde, http://www.dbunit.org/properties/datatypeFactory=org.dbunit.dataset.datatype.DefaultDataTypeFactory[_toleratedDeltaMap=org.dbunit.dataset.datatype.ToleratedDeltaMap@6452310a], http://www.dbunit.org/properties/escapePattern=null, http://www.dbunit.org/properties/batchSize=100, http://www.dbunit.org/features/qualifiedTableNames=false, http://www.dbunit.org/properties/tableType=[Ljava.lang.String;@5011bafa, http://www.dbunit.org/properties/resultSetTableFactory=org.dbunit.database.CachedResultSetTableFactory@10bcf083, http://www.dbunit.org/features/datatypeWarning=true}]) - start
147619 [main] TRACE org.dbunit.database.DatabaseConfig  - getFeature(name=http://www.dbunit.org/features/qualifiedTableNames) - start
147619 [main] TRACE org.dbunit.database.DatabaseConfig  - getProperty(name=http://www.dbunit.org/features/qualifiedTableNames) - start
147619 [main] DEBUG org.dbunit.util.QualifiedTableName  - Qualified table names feature is disabled. Returning plain table name
147619 [main] DEBUG org.dbunit.util.QualifiedTableName  - getQualifiedName(prefix=null, name=SCOPEDCONTENTCONDITION, escapePattern=null) - start
147619 [main] DEBUG org.dbunit.database.search.AbstractMetaDataBasedSearchCallback  - newEdge(rs=org.apache.commons.dbcp.DelegatingResultSet@7c457bd8, type=0, from=SCOPEDCONTENTCONDITIONS_SCOPEDCONTENTITEM, to=SCOPEDCONTENTCONDITION, fkColumn=SCOPED_CONTENT_CONDITION_ID, pkColumn=ID) - start
147619 [main] DEBUG org.dbunit.database.search.AbstractMetaDataBasedSearchCallback  - createFKEdge(rs=org.apache.commons.dbcp.DelegatingResultSet@7c457bd8, type=0, from=SCOPEDCONTENTCONDITIONS_SCOPEDCONTENTITEM, to=SCOPEDCONTENTCONDITION, fkColumn=SCOPED_CONTENT_CONDITION_ID, pkColumn=ID) - start
147619 [main] DEBUG org.dbunit.database.search.AbstractMetaDataBasedSearchCallback  - Adding edge SCOPEDCONTENTCONDITIONS_SCOPEDCONTENTITEM(SCOPED_CONTENT_CONDITION_ID)->SCOPEDCONTENTCONDITION(ID)
147619 [main] DEBUG org.dbunit.util.search.Edge  - compareTo(o=SCOPEDCONTENTCONDITIONS_SCOPEDCONTENTITEM(SCOPED_CONTENT_CONDITION_ID)->SCOPEDCONTENTCONDITION(ID)) - start
147619 [main] DEBUG org.dbunit.util.QualifiedTableName  - getQualifiedNameIfEnabled(config=org.dbunit.database.DatabaseConfig[, _propertyMap={http://www.dbunit.org/properties/statementFactory=org.dbunit.database.statement.PreparedStatementFactory@626bc2b8, http://www.dbunit.org/features/caseSensitiveTableNames=false, http://www.dbunit.org/properties/fetchSize=100, http://www.dbunit.org/features/batchedStatements=false, http://www.dbunit.org/properties/metadataHandler=org.dbunit.database.DefaultMetadataHandler@3bbfdfde, http://www.dbunit.org/properties/datatypeFactory=org.dbunit.dataset.datatype.DefaultDataTypeFactory[_toleratedDeltaMap=org.dbunit.dataset.datatype.ToleratedDeltaMap@6452310a], http://www.dbunit.org/properties/escapePattern=null, http://www.dbunit.org/properties/batchSize=100, http://www.dbunit.org/features/qualifiedTableNames=false, http://www.dbunit.org/properties/tableType=[Ljava.lang.String;@5011bafa, http://www.dbunit.org/properties/resultSetTableFactory=org.dbunit.database.CachedResultSetTableFactory@10bcf083, http://www.dbunit.org/features/datatypeWarning=true}]) - start
147619 [main] TRACE org.dbunit.database.DatabaseConfig  - getFeature(name=http://www.dbunit.org/features/qualifiedTableNames) - start
147620 [main] TRACE org.dbunit.database.DatabaseConfig  - getProperty(name=http://www.dbunit.org/features/qualifiedTableNames) - start
147620 [main] DEBUG org.dbunit.util.QualifiedTableName  - Qualified table names feature is disabled. Returning plain table name
147620 [main] DEBUG org.dbunit.util.QualifiedTableName  - getQualifiedName(prefix=null, name=SCOPEDCONTENTCONDITIONS_SCOPEDCONTENTITEM, escapePattern=null) - start
147620 [main] DEBUG org.dbunit.util.QualifiedTableName  - getQualifiedNameIfEnabled(config=org.dbunit.database.DatabaseConfig[, _propertyMap={http://www.dbunit.org/properties/statementFactory=org.dbunit.database.statement.PreparedStatementFactory@626bc2b8, http://www.dbunit.org/features/caseSensitiveTableNames=false, http://www.dbunit.org/properties/fetchSize=100, http://www.dbunit.org/features/batchedStatements=false, http://www.dbunit.org/properties/metadataHandler=org.dbunit.database.DefaultMetadataHandler@3bbfdfde, http://www.dbunit.org/properties/datatypeFactory=org.dbunit.dataset.datatype.DefaultDataTypeFactory[_toleratedDeltaMap=org.dbunit.dataset.datatype.ToleratedDeltaMap@6452310a], http://www.dbunit.org/properties/escapePattern=null, http://www.dbunit.org/properties/batchSize=100, http://www.dbunit.org/features/qualifiedTableNames=false, http://www.dbunit.org/properties/tableType=[Ljava.lang.String;@5011bafa, http://www.dbunit.org/properties/resultSetTableFactory=org.dbunit.database.CachedResultSetTableFactory@10bcf083, http://www.dbunit.org/features/datatypeWarning=true}]) - start
147620 [main] TRACE org.dbunit.database.DatabaseConfig  - getFeature(name=http://www.dbunit.org/features/qualifiedTableNames) - start
147620 [main] TRACE org.dbunit.database.DatabaseConfig  - getProperty(name=http://www.dbunit.org/features/qualifiedTableNames) - start
147620 [main] DEBUG org.dbunit.util.QualifiedTableName  - Qualified table names feature is disabled. Returning plain table name
147620 [main] DEBUG org.dbunit.util.QualifiedTableName  - getQualifiedName(prefix=null, name=SCOPEDCONTENTITEM, escapePattern=null) - start
147620 [main] DEBUG org.dbunit.database.search.AbstractMetaDataBasedSearchCallback  - newEdge(rs=org.apache.commons.dbcp.DelegatingResultSet@7c457bd8, type=0, from=SCOPEDCONTENTCONDITIONS_SCOPEDCONTENTITEM, to=SCOPEDCONTENTITEM, fkColumn=SCOPED_CONTENT_ITEM_ID, pkColumn=ID) - start
147620 [main] DEBUG org.dbunit.database.search.AbstractMetaDataBasedSearchCallback  - createFKEdge(rs=org.apache.commons.dbcp.DelegatingResultSet@7c457bd8, type=0, from=SCOPEDCONTENTCONDITIONS_SCOPEDCONTENTITEM, to=SCOPEDCONTENTITEM, fkColumn=SCOPED_CONTENT_ITEM_ID, pkColumn=ID) - start
147620 [main] DEBUG org.dbunit.database.search.AbstractMetaDataBasedSearchCallback  - Adding edge SCOPEDCONTENTCONDITIONS_SCOPEDCONTENTITEM(SCOPED_CONTENT_ITEM_ID)->SCOPEDCONTENTITEM(ID)
147620 [main] DEBUG org.dbunit.util.search.Edge  - compareTo(o=SCOPEDCONTENTCONDITIONS_SCOPEDCONTENTITEM(SCOPED_CONTENT_CONDITION_ID)->SCOPEDCONTENTCONDITION(ID)) - start
147620 [main] DEBUG org.dbunit.util.SQLHelper  - close(resultSet=org.apache.commons.dbcp.DelegatingResultSet@7c457bd8) - start
147621 [main] DEBUG org.dbunit.util.search.DepthFirstSearch  - search:SCOPEDCONTENTCONDITION
147621 [main] DEBUG org.dbunit.database.search.ImportedKeysSearchCallback  - searchNode(node=SCOPEDCONTENTCONDITION) - start
147621 [main] DEBUG org.dbunit.util.search.DepthFirstSearch  - Pushing SCOPEDCONTENTCONDITION
147621 [main] DEBUG org.dbunit.database.search.ImportedKeysSearchCallback  - getEdges(node=SCOPEDCONTENTCONDITION) - start
147621 [main] DEBUG org.dbunit.database.search.AbstractMetaDataBasedSearchCallback  - getNodesFromImportedKeys(node=SCOPEDCONTENTCONDITION) - start
147621 [main] DEBUG org.dbunit.database.search.AbstractMetaDataBasedSearchCallback  - getNodes(type=0, node=SCOPEDCONTENTCONDITION) - start
147621 [main] DEBUG org.dbunit.database.DatabaseDataSourceConnection  - getConnection() - start
147621 [main] DEBUG org.dbunit.database.search.AbstractMetaDataBasedSearchCallback  - getNodes(type=0, node=SCOPEDCONTENTCONDITION, conn=Transaction-aware proxy for target Connection [jdbc:hsqldb:mem:kontrollDS, UserName=sw, HSQL Database Engine Driver], schema=null, metaData=org.apache.commons.dbcp.DelegatingDatabaseMetaData@35c5e1a5, edges=[]) - start
147621 [main] DEBUG org.dbunit.database.search.AbstractMetaDataBasedSearchCallback  - Getting edges for node SCOPEDCONTENTCONDITION
147621 [main] TRACE org.dbunit.database.DatabaseConfig  - getProperty(name=http://www.dbunit.org/properties/metadataHandler) - start
147621 [main] TRACE org.dbunit.database.DefaultMetadataHandler  - tableExists(metaData=org.apache.commons.dbcp.DelegatingDatabaseMetaData@35c5e1a5, schemaName=null, tableName=SCOPEDCONTENTCONDITION) - start
147622 [main] DEBUG org.dbunit.util.SQLHelper  - close(resultSet=org.apache.commons.dbcp.DelegatingResultSet@6b698a21) - start
147623 [main] DEBUG org.dbunit.util.SQLHelper  - close(resultSet=org.apache.commons.dbcp.DelegatingResultSet@1d5d7a3e) - start
147623 [main] DEBUG org.dbunit.util.search.DepthFirstSearch  - Adding node SCOPEDCONTENTCONDITION to the final result
147623 [main] DEBUG org.dbunit.util.search.DepthFirstSearch  - search:SCOPEDCONTENTITEM
147623 [main] DEBUG org.dbunit.database.search.ImportedKeysSearchCallback  - searchNode(node=SCOPEDCONTENTITEM) - start
147623 [main] DEBUG org.dbunit.util.search.DepthFirstSearch  - Pushing SCOPEDCONTENTITEM
147623 [main] DEBUG org.dbunit.database.search.ImportedKeysSearchCallback  - getEdges(node=SCOPEDCONTENTITEM) - start
147623 [main] DEBUG org.dbunit.database.search.AbstractMetaDataBasedSearchCallback  - getNodesFromImportedKeys(node=SCOPEDCONTENTITEM) - start
147623 [main] DEBUG org.dbunit.database.search.AbstractMetaDataBasedSearchCallback  - getNodes(type=0, node=SCOPEDCONTENTITEM) - start
147623 [main] DEBUG org.dbunit.database.DatabaseDataSourceConnection  - getConnection() - start
147624 [main] DEBUG org.dbunit.database.search.AbstractMetaDataBasedSearchCallback  - getNodes(type=0, node=SCOPEDCONTENTITEM, conn=Transaction-aware proxy for target Connection [jdbc:hsqldb:mem:kontrollDS, UserName=sw, HSQL Database Engine Driver], schema=null, metaData=org.apache.commons.dbcp.DelegatingDatabaseMetaData@64048b81, edges=[]) - start
147624 [main] DEBUG org.dbunit.database.search.AbstractMetaDataBasedSearchCallback  - Getting edges for node SCOPEDCONTENTITEM
147624 [main] TRACE org.dbunit.database.DatabaseConfig  - getProperty(name=http://www.dbunit.org/properties/metadataHandler) - start
147624 [main] TRACE org.dbunit.database.DefaultMetadataHandler  - tableExists(metaData=org.apache.commons.dbcp.DelegatingDatabaseMetaData@64048b81, schemaName=null, tableName=SCOPEDCONTENTITEM) - start
147625 [main] DEBUG org.dbunit.util.SQLHelper  - close(resultSet=org.apache.commons.dbcp.DelegatingResultSet@6ae08588) - start
147625 [main] DEBUG org.dbunit.util.SQLHelper  - close(resultSet=org.apache.commons.dbcp.DelegatingResultSet@295d764f) - start
147625 [main] DEBUG org.dbunit.util.search.DepthFirstSearch  - Adding node SCOPEDCONTENTITEM to the final result
147625 [main] DEBUG org.dbunit.util.search.DepthFirstSearch  - Adding node SCOPEDCONTENTCONDITIONS_SCOPEDCONTENTITEM to the final result
147625 [main] DEBUG org.dbunit.util.search.DepthFirstSearch  - reverseSearch:SCOPEDCONTENTITEM
147625 [main] DEBUG org.dbunit.database.search.ImportedKeysSearchCallback  - searchNode(node=SCOPEDCONTENTITEM) - start
147625 [main] DEBUG org.dbunit.util.search.DepthFirstSearch  - Pushing (reverse) SCOPEDCONTENTITEM
147626 [main] DEBUG org.dbunit.database.search.ImportedKeysSearchCallback  - getEdges(node=SCOPEDCONTENTITEM) - start
147626 [main] DEBUG org.dbunit.database.search.AbstractMetaDataBasedSearchCallback  - getNodesFromImportedKeys(node=SCOPEDCONTENTITEM) - start
147626 [main] DEBUG org.dbunit.database.search.AbstractMetaDataBasedSearchCallback  - getNodes(type=0, node=SCOPEDCONTENTITEM) - start
147626 [main] DEBUG org.dbunit.database.DatabaseDataSourceConnection  - getConnection() - start
147626 [main] DEBUG org.dbunit.database.search.AbstractMetaDataBasedSearchCallback  - getNodes(type=0, node=SCOPEDCONTENTITEM, conn=Transaction-aware proxy for target Connection [jdbc:hsqldb:mem:kontrollDS, UserName=sw, HSQL Database Engine Driver], schema=null, metaData=org.apache.commons.dbcp.DelegatingDatabaseMetaData@370251c0, edges=[]) - start
147626 [main] DEBUG org.dbunit.database.search.AbstractMetaDataBasedSearchCallback  - Getting edges for node SCOPEDCONTENTITEM
147626 [main] TRACE org.dbunit.database.DatabaseConfig  - getProperty(name=http://www.dbunit.org/properties/metadataHandler) - start
147626 [main] TRACE org.dbunit.database.DefaultMetadataHandler  - tableExists(metaData=org.apache.commons.dbcp.DelegatingDatabaseMetaData@370251c0, schemaName=null, tableName=SCOPEDCONTENTITEM) - start
147627 [main] DEBUG org.dbunit.util.SQLHelper  - close(resultSet=org.apache.commons.dbcp.DelegatingResultSet@2d70d12d) - start
147627 [main] DEBUG org.dbunit.util.SQLHelper  - close(resultSet=org.apache.commons.dbcp.DelegatingResultSet@831450d) - start
147627 [main] DEBUG org.dbunit.util.search.DepthFirstSearch  - reverseSearch:SCOPEDCONTENTCONDITIONS_SCOPEDCONTENTITEM
147627 [main] DEBUG org.dbunit.util.search.DepthFirstSearch  - already searched; returning true
147628 [main] DEBUG org.dbunit.util.search.DepthFirstSearch  - reverseSearch:SCOPEDCONTENTCONDITION
147628 [main] DEBUG org.dbunit.database.search.ImportedKeysSearchCallback  - searchNode(node=SCOPEDCONTENTCONDITION) - start
147628 [main] DEBUG org.dbunit.util.search.DepthFirstSearch  - Pushing (reverse) SCOPEDCONTENTCONDITION
147628 [main] DEBUG org.dbunit.database.search.ImportedKeysSearchCallback  - getEdges(node=SCOPEDCONTENTCONDITION) - start
147628 [main] DEBUG org.dbunit.database.search.AbstractMetaDataBasedSearchCallback  - getNodesFromImportedKeys(node=SCOPEDCONTENTCONDITION) - start
147628 [main] DEBUG org.dbunit.database.search.AbstractMetaDataBasedSearchCallback  - getNodes(type=0, node=SCOPEDCONTENTCONDITION) - start
147628 [main] DEBUG org.dbunit.database.DatabaseDataSourceConnection  - getConnection() - start
147628 [main] DEBUG org.dbunit.database.search.AbstractMetaDataBasedSearchCallback  - getNodes(type=0, node=SCOPEDCONTENTCONDITION, conn=Transaction-aware proxy for target Connection [jdbc:hsqldb:mem:kontrollDS, UserName=sw, HSQL Database Engine Driver], schema=null, metaData=org.apache.commons.dbcp.DelegatingDatabaseMetaData@5aac5cae, edges=[]) - start
147628 [main] DEBUG org.dbunit.database.search.AbstractMetaDataBasedSearchCallback  - Getting edges for node SCOPEDCONTENTCONDITION
147628 [main] TRACE org.dbunit.database.DatabaseConfig  - getProperty(name=http://www.dbunit.org/properties/metadataHandler) - start
147628 [main] TRACE org.dbunit.database.DefaultMetadataHandler  - tableExists(metaData=org.apache.commons.dbcp.DelegatingDatabaseMetaData@5aac5cae, schemaName=null, tableName=SCOPEDCONTENTCONDITION) - start
147629 [main] DEBUG org.dbunit.util.SQLHelper  - close(resultSet=org.apache.commons.dbcp.DelegatingResultSet@4ea3f94f) - start
147630 [main] DEBUG org.dbunit.util.SQLHelper  - close(resultSet=org.apache.commons.dbcp.DelegatingResultSet@113bb6e4) - start
147630 [main] DEBUG org.dbunit.util.search.DepthFirstSearch  - search:SCOPEDCONTENTCONDITIONS_SCOPEDCONTENTITEM
147630 [main] DEBUG org.dbunit.util.search.DepthFirstSearch  - already searched; returning true
147630 [main] DEBUG org.dbunit.util.search.DepthFirstSearch  - search:SCOPEDCONTENTITEM
147630 [main] DEBUG org.dbunit.util.search.DepthFirstSearch  - already searched; returning true
147630 [main] DEBUG org.dbunit.util.search.DepthFirstSearch  - search:SCOPEDCONTENTCONDITION
147630 [main] DEBUG org.dbunit.util.search.DepthFirstSearch  - already searched; returning true
147630 [main] DEBUG org.dbunit.util.CollectionsHelper  - setToStrings(set=[SCOPEDCONTENTCONDITION, SCOPEDCONTENTITEM, SCOPEDCONTENTCONDITIONS_SCOPEDCONTENTITEM]) - start
147630 [main] DEBUG org.dbunit.database.search.TablesDependencyHelper  - getDependsOnTables(connection=_databaseConfig=org.dbunit.database.DatabaseConfig[, _propertyMap={http://www.dbunit.org/properties/statementFactory=org.dbunit.database.statement.PreparedStatementFactory@626bc2b8, http://www.dbunit.org/features/caseSensitiveTableNames=false, http://www.dbunit.org/properties/fetchSize=100, http://www.dbunit.org/features/batchedStatements=false, http://www.dbunit.org/properties/metadataHandler=org.dbunit.database.DefaultMetadataHandler@3bbfdfde, http://www.dbunit.org/properties/datatypeFactory=org.dbunit.dataset.datatype.DefaultDataTypeFactory[_toleratedDeltaMap=org.dbunit.dataset.datatype.ToleratedDeltaMap@6452310a], http://www.dbunit.org/properties/escapePattern=null, http://www.dbunit.org/properties/batchSize=100, http://www.dbunit.org/features/qualifiedTableNames=false, http://www.dbunit.org/properties/tableType=[Ljava.lang.String;@5011bafa, http://www.dbunit.org/properties/resultSetTableFactory=org.dbunit.database.CachedResultSetTableFactory@10bcf083, http://www.dbunit.org/features/datatypeWarning=true}], _dataSet=AbstractDataSet[_orderedTableNameMap=null], rootTable=SCOPEDCONTENTCONDITIONS_SCOPEDCONTENTITEM) - start
147630 [main] DEBUG org.dbunit.util.search.DepthFirstSearch  - search(nodesFrom=[SCOPEDCONTENTCONDITIONS_SCOPEDCONTENTITEM], callback=org.dbunit.database.search.ExportedKeysSearchCallback@65832345) - start
147630 [main] DEBUG org.dbunit.util.CollectionsHelper  - objectsToSet(objects=SCOPEDCONTENTCONDITIONS_SCOPEDCONTENTITEM) - start
147631 [main] DEBUG org.dbunit.util.search.DepthFirstSearch  - search(nodesFrom=[SCOPEDCONTENTCONDITIONS_SCOPEDCONTENTITEM], callback=org.dbunit.database.search.ExportedKeysSearchCallback@65832345) - start
147631 [main] DEBUG org.dbunit.util.search.DepthFirstSearch  - reverseSearch:SCOPEDCONTENTCONDITIONS_SCOPEDCONTENTITEM
147631 [main] DEBUG org.dbunit.database.search.ExportedKeysSearchCallback  - searchNode(node=SCOPEDCONTENTCONDITIONS_SCOPEDCONTENTITEM) - start
147631 [main] DEBUG org.dbunit.util.search.DepthFirstSearch  - Pushing (reverse) SCOPEDCONTENTCONDITIONS_SCOPEDCONTENTITEM
147631 [main] DEBUG org.dbunit.database.search.ExportedKeysSearchCallback  - getEdges(node=SCOPEDCONTENTCONDITIONS_SCOPEDCONTENTITEM) - start
147631 [main] DEBUG org.dbunit.database.search.AbstractMetaDataBasedSearchCallback  - getNodesFromExportedKeys(node=SCOPEDCONTENTCONDITIONS_SCOPEDCONTENTITEM) - start
147631 [main] DEBUG org.dbunit.database.search.AbstractMetaDataBasedSearchCallback  - getNodes(type=1, node=SCOPEDCONTENTCONDITIONS_SCOPEDCONTENTITEM) - start
147631 [main] DEBUG org.dbunit.database.DatabaseDataSourceConnection  - getConnection() - start
147631 [main] DEBUG org.dbunit.database.search.AbstractMetaDataBasedSearchCallback  - getNodes(type=1, node=SCOPEDCONTENTCONDITIONS_SCOPEDCONTENTITEM, conn=Transaction-aware proxy for target Connection [jdbc:hsqldb:mem:kontrollDS, UserName=sw, HSQL Database Engine Driver], schema=null, metaData=org.apache.commons.dbcp.DelegatingDatabaseMetaData@480bb14, edges=[]) - start
147631 [main] DEBUG org.dbunit.database.search.AbstractMetaDataBasedSearchCallback  - Getting edges for node SCOPEDCONTENTCONDITIONS_SCOPEDCONTENTITEM
147631 [main] TRACE org.dbunit.database.DatabaseConfig  - getProperty(name=http://www.dbunit.org/properties/metadataHandler) - start
147631 [main] TRACE org.dbunit.database.DefaultMetadataHandler  - tableExists(metaData=org.apache.commons.dbcp.DelegatingDatabaseMetaData@480bb14, schemaName=null, tableName=SCOPEDCONTENTCONDITIONS_SCOPEDCONTENTITEM) - start
147633 [main] DEBUG org.dbunit.util.SQLHelper  - close(resultSet=org.apache.commons.dbcp.DelegatingResultSet@ae24682) - start
147633 [main] DEBUG org.dbunit.util.SQLHelper  - close(resultSet=org.apache.commons.dbcp.DelegatingResultSet@15185483) - start
147633 [main] DEBUG org.dbunit.util.search.DepthFirstSearch  - search:SCOPEDCONTENTCONDITIONS_SCOPEDCONTENTITEM
147633 [main] DEBUG org.dbunit.database.search.ExportedKeysSearchCallback  - searchNode(node=SCOPEDCONTENTCONDITIONS_SCOPEDCONTENTITEM) - start
147633 [main] DEBUG org.dbunit.util.search.DepthFirstSearch  - Pushing SCOPEDCONTENTCONDITIONS_SCOPEDCONTENTITEM
147633 [main] DEBUG org.dbunit.database.search.ExportedKeysSearchCallback  - getEdges(node=SCOPEDCONTENTCONDITIONS_SCOPEDCONTENTITEM) - start
147633 [main] DEBUG org.dbunit.database.search.AbstractMetaDataBasedSearchCallback  - getNodesFromExportedKeys(node=SCOPEDCONTENTCONDITIONS_SCOPEDCONTENTITEM) - start
147633 [main] DEBUG org.dbunit.database.search.AbstractMetaDataBasedSearchCallback  - getNodes(type=1, node=SCOPEDCONTENTCONDITIONS_SCOPEDCONTENTITEM) - start
147634 [main] DEBUG org.dbunit.database.DatabaseDataSourceConnection  - getConnection() - start
147634 [main] DEBUG org.dbunit.database.search.AbstractMetaDataBasedSearchCallback  - getNodes(type=1, node=SCOPEDCONTENTCONDITIONS_SCOPEDCONTENTITEM, conn=Transaction-aware proxy for target Connection [jdbc:hsqldb:mem:kontrollDS, UserName=sw, HSQL Database Engine Driver], schema=null, metaData=org.apache.commons.dbcp.DelegatingDatabaseMetaData@70546f46, edges=[]) - start
147634 [main] DEBUG org.dbunit.database.search.AbstractMetaDataBasedSearchCallback  - Getting edges for node SCOPEDCONTENTCONDITIONS_SCOPEDCONTENTITEM
147634 [main] TRACE org.dbunit.database.DatabaseConfig  - getProperty(name=http://www.dbunit.org/properties/metadataHandler) - start
147634 [main] TRACE org.dbunit.database.DefaultMetadataHandler  - tableExists(metaData=org.apache.commons.dbcp.DelegatingDatabaseMetaData@70546f46, schemaName=null, tableName=SCOPEDCONTENTCONDITIONS_SCOPEDCONTENTITEM) - start
147635 [main] DEBUG org.dbunit.util.SQLHelper  - close(resultSet=org.apache.commons.dbcp.DelegatingResultSet@53fd2bb2) - start
147635 [main] DEBUG org.dbunit.util.SQLHelper  - close(resultSet=org.apache.commons.dbcp.DelegatingResultSet@1f14adfa) - start
147635 [main] DEBUG org.dbunit.util.search.DepthFirstSearch  - Adding node SCOPEDCONTENTCONDITIONS_SCOPEDCONTENTITEM to the final result
147635 [main] DEBUG org.dbunit.util.CollectionsHelper  - setToStrings(set=[SCOPEDCONTENTCONDITIONS_SCOPEDCONTENTITEM]) - start
147635 [main] DEBUG org.dbunit.database.search.TablesDependencyHelper  - getDirectDependsOnTables(connection=_databaseConfig=org.dbunit.database.DatabaseConfig[, _propertyMap={http://www.dbunit.org/properties/statementFactory=org.dbunit.database.statement.PreparedStatementFactory@626bc2b8, http://www.dbunit.org/features/caseSensitiveTableNames=false, http://www.dbunit.org/properties/fetchSize=100, http://www.dbunit.org/features/batchedStatements=false, http://www.dbunit.org/properties/metadataHandler=org.dbunit.database.DefaultMetadataHandler@3bbfdfde, http://www.dbunit.org/properties/datatypeFactory=org.dbunit.dataset.datatype.DefaultDataTypeFactory[_toleratedDeltaMap=org.dbunit.dataset.datatype.ToleratedDeltaMap@6452310a], http://www.dbunit.org/properties/escapePattern=null, http://www.dbunit.org/properties/batchSize=100, http://www.dbunit.org/features/qualifiedTableNames=false, http://www.dbunit.org/properties/tableType=[Ljava.lang.String;@5011bafa, http://www.dbunit.org/properties/resultSetTableFactory=org.dbunit.database.CachedResultSetTableFactory@10bcf083, http://www.dbunit.org/features/datatypeWarning=true}], _dataSet=AbstractDataSet[_orderedTableNameMap=null], tableName=SCOPEDCONTENTCONDITIONS_SCOPEDCONTENTITEM) - start
147635 [main] DEBUG org.dbunit.util.search.DepthFirstSearch  - search(nodesFrom=[SCOPEDCONTENTCONDITIONS_SCOPEDCONTENTITEM], callback=org.dbunit.database.search.ExportedKeysSearchCallback@4f506fc) - start
147636 [main] DEBUG org.dbunit.util.CollectionsHelper  - objectsToSet(objects=SCOPEDCONTENTCONDITIONS_SCOPEDCONTENTITEM) - start
147636 [main] DEBUG org.dbunit.util.search.DepthFirstSearch  - search(nodesFrom=[SCOPEDCONTENTCONDITIONS_SCOPEDCONTENTITEM], callback=org.dbunit.database.search.ExportedKeysSearchCallback@4f506fc) - start
147636 [main] DEBUG org.dbunit.util.search.DepthFirstSearch  - reverseSearch:SCOPEDCONTENTCONDITIONS_SCOPEDCONTENTITEM
147636 [main] DEBUG org.dbunit.database.search.ExportedKeysSearchCallback  - searchNode(node=SCOPEDCONTENTCONDITIONS_SCOPEDCONTENTITEM) - start
147636 [main] DEBUG org.dbunit.util.search.DepthFirstSearch  - Pushing (reverse) SCOPEDCONTENTCONDITIONS_SCOPEDCONTENTITEM
147636 [main] DEBUG org.dbunit.database.search.ExportedKeysSearchCallback  - getEdges(node=SCOPEDCONTENTCONDITIONS_SCOPEDCONTENTITEM) - start
147636 [main] DEBUG org.dbunit.database.search.AbstractMetaDataBasedSearchCallback  - getNodesFromExportedKeys(node=SCOPEDCONTENTCONDITIONS_SCOPEDCONTENTITEM) - start
147636 [main] DEBUG org.dbunit.database.search.AbstractMetaDataBasedSearchCallback  - getNodes(type=1, node=SCOPEDCONTENTCONDITIONS_SCOPEDCONTENTITEM) - start
147636 [main] DEBUG org.dbunit.database.DatabaseDataSourceConnection  - getConnection() - start
147636 [main] DEBUG org.dbunit.database.search.AbstractMetaDataBasedSearchCallback  - getNodes(type=1, node=SCOPEDCONTENTCONDITIONS_SCOPEDCONTENTITEM, conn=Transaction-aware proxy for target Connection [jdbc:hsqldb:mem:kontrollDS, UserName=sw, HSQL Database Engine Driver], schema=null, metaData=org.apache.commons.dbcp.DelegatingDatabaseMetaData@729d8cee, edges=[]) - start
147636 [main] DEBUG org.dbunit.database.search.AbstractMetaDataBasedSearchCallback  - Getting edges for node SCOPEDCONTENTCONDITIONS_SCOPEDCONTENTITEM
147636 [main] TRACE org.dbunit.database.DatabaseConfig  - getProperty(name=http://www.dbunit.org/properties/metadataHandler) - start
147637 [main] TRACE org.dbunit.database.DefaultMetadataHandler  - tableExists(metaData=org.apache.commons.dbcp.DelegatingDatabaseMetaData@729d8cee, schemaName=null, tableName=SCOPEDCONTENTCONDITIONS_SCOPEDCONTENTITEM) - start
147638 [main] DEBUG org.dbunit.util.SQLHelper  - close(resultSet=org.apache.commons.dbcp.DelegatingResultSet@56471dda) - start
147638 [main] DEBUG org.dbunit.util.SQLHelper  - close(resultSet=org.apache.commons.dbcp.DelegatingResultSet@754bc895) - start
147638 [main] DEBUG org.dbunit.util.search.DepthFirstSearch  - search:SCOPEDCONTENTCONDITIONS_SCOPEDCONTENTITEM
147638 [main] DEBUG org.dbunit.database.search.ExportedKeysSearchCallback  - searchNode(node=SCOPEDCONTENTCONDITIONS_SCOPEDCONTENTITEM) - start
147638 [main] DEBUG org.dbunit.util.search.DepthFirstSearch  - Pushing SCOPEDCONTENTCONDITIONS_SCOPEDCONTENTITEM
147638 [main] DEBUG org.dbunit.database.search.ExportedKeysSearchCallback  - getEdges(node=SCOPEDCONTENTCONDITIONS_SCOPEDCONTENTITEM) - start
147638 [main] DEBUG org.dbunit.database.search.AbstractMetaDataBasedSearchCallback  - getNodesFromExportedKeys(node=SCOPEDCONTENTCONDITIONS_SCOPEDCONTENTITEM) - start
147638 [main] DEBUG org.dbunit.database.search.AbstractMetaDataBasedSearchCallback  - getNodes(type=1, node=SCOPEDCONTENTCONDITIONS_SCOPEDCONTENTITEM) - start
147638 [main] DEBUG org.dbunit.database.DatabaseDataSourceConnection  - getConnection() - start
147638 [main] DEBUG org.dbunit.database.search.AbstractMetaDataBasedSearchCallback  - getNodes(type=1, node=SCOPEDCONTENTCONDITIONS_SCOPEDCONTENTITEM, conn=Transaction-aware proxy for target Connection [jdbc:hsqldb:mem:kontrollDS, UserName=sw, HSQL Database Engine Driver], schema=null, metaData=org.apache.commons.dbcp.DelegatingDatabaseMetaData@425dea5c, edges=[]) - start
147638 [main] DEBUG org.dbunit.database.search.AbstractMetaDataBasedSearchCallback  - Getting edges for node SCOPEDCONTENTCONDITIONS_SCOPEDCONTENTITEM
147639 [main] TRACE org.dbunit.database.DatabaseConfig  - getProperty(name=http://www.dbunit.org/properties/metadataHandler) - start
147639 [main] TRACE org.dbunit.database.DefaultMetadataHandler  - tableExists(metaData=org.apache.commons.dbcp.DelegatingDatabaseMetaData@425dea5c, schemaName=null, tableName=SCOPEDCONTENTCONDITIONS_SCOPEDCONTENTITEM) - start
147640 [main] DEBUG org.dbunit.util.SQLHelper  - close(resultSet=org.apache.commons.dbcp.DelegatingResultSet@7325497a) - start
147640 [main] DEBUG org.dbunit.util.SQLHelper  - close(resultSet=org.apache.commons.dbcp.DelegatingResultSet@73e13065) - start
147640 [main] DEBUG org.dbunit.util.search.DepthFirstSearch  - Adding node SCOPEDCONTENTCONDITIONS_SCOPEDCONTENTITEM to the final result
147640 [main] DEBUG org.dbunit.database.search.TablesDependencyHelper  - getDirectDependentTables(connection=_databaseConfig=org.dbunit.database.DatabaseConfig[, _propertyMap={http://www.dbunit.org/properties/statementFactory=org.dbunit.database.statement.PreparedStatementFactory@626bc2b8, http://www.dbunit.org/features/caseSensitiveTableNames=false, http://www.dbunit.org/properties/fetchSize=100, http://www.dbunit.org/features/batchedStatements=false, http://www.dbunit.org/properties/metadataHandler=org.dbunit.database.DefaultMetadataHandler@3bbfdfde, http://www.dbunit.org/properties/datatypeFactory=org.dbunit.dataset.datatype.DefaultDataTypeFactory[_toleratedDeltaMap=org.dbunit.dataset.datatype.ToleratedDeltaMap@6452310a], http://www.dbunit.org/properties/escapePattern=null, http://www.dbunit.org/properties/batchSize=100, http://www.dbunit.org/features/qualifiedTableNames=false, http://www.dbunit.org/properties/tableType=[Ljava.lang.String;@5011bafa, http://www.dbunit.org/properties/resultSetTableFactory=org.dbunit.database.CachedResultSetTableFactory@10bcf083, http://www.dbunit.org/features/datatypeWarning=true}], _dataSet=AbstractDataSet[_orderedTableNameMap=null], tableName=SCOPEDCONTENTCONDITIONS_SCOPEDCONTENTITEM) - start
147640 [main] DEBUG org.dbunit.util.search.DepthFirstSearch  - search(nodesFrom=[SCOPEDCONTENTCONDITIONS_SCOPEDCONTENTITEM], callback=org.dbunit.database.search.ImportedKeysSearchCallback@6fa188fa) - start
147640 [main] DEBUG org.dbunit.util.CollectionsHelper  - objectsToSet(objects=SCOPEDCONTENTCONDITIONS_SCOPEDCONTENTITEM) - start
147640 [main] DEBUG org.dbunit.util.search.DepthFirstSearch  - search(nodesFrom=[SCOPEDCONTENTCONDITIONS_SCOPEDCONTENTITEM], callback=org.dbunit.database.search.ImportedKeysSearchCallback@6fa188fa) - start
147640 [main] DEBUG org.dbunit.util.search.DepthFirstSearch  - reverseSearch:SCOPEDCONTENTCONDITIONS_SCOPEDCONTENTITEM
147640 [main] DEBUG org.dbunit.database.search.ImportedKeysSearchCallback  - searchNode(node=SCOPEDCONTENTCONDITIONS_SCOPEDCONTENTITEM) - start
147641 [main] DEBUG org.dbunit.util.search.DepthFirstSearch  - Pushing (reverse) SCOPEDCONTENTCONDITIONS_SCOPEDCONTENTITEM
147641 [main] DEBUG org.dbunit.database.search.ImportedKeysSearchCallback  - getEdges(node=SCOPEDCONTENTCONDITIONS_SCOPEDCONTENTITEM) - start
147641 [main] DEBUG org.dbunit.database.search.AbstractMetaDataBasedSearchCallback  - getNodesFromImportedKeys(node=SCOPEDCONTENTCONDITIONS_SCOPEDCONTENTITEM) - start
147641 [main] DEBUG org.dbunit.database.search.AbstractMetaDataBasedSearchCallback  - getNodes(type=0, node=SCOPEDCONTENTCONDITIONS_SCOPEDCONTENTITEM) - start
147641 [main] DEBUG org.dbunit.database.DatabaseDataSourceConnection  - getConnection() - start
147641 [main] DEBUG org.dbunit.database.search.AbstractMetaDataBasedSearchCallback  - getNodes(type=0, node=SCOPEDCONTENTCONDITIONS_SCOPEDCONTENTITEM, conn=Transaction-aware proxy for target Connection [jdbc:hsqldb:mem:kontrollDS, UserName=sw, HSQL Database Engine Driver], schema=null, metaData=org.apache.commons.dbcp.DelegatingDatabaseMetaData@56280e57, edges=[]) - start
147641 [main] DEBUG org.dbunit.database.search.AbstractMetaDataBasedSearchCallback  - Getting edges for node SCOPEDCONTENTCONDITIONS_SCOPEDCONTENTITEM
147641 [main] TRACE org.dbunit.database.DatabaseConfig  - getProperty(name=http://www.dbunit.org/properties/metadataHandler) - start
147641 [main] TRACE org.dbunit.database.DefaultMetadataHandler  - tableExists(metaData=org.apache.commons.dbcp.DelegatingDatabaseMetaData@56280e57, schemaName=null, tableName=SCOPEDCONTENTCONDITIONS_SCOPEDCONTENTITEM) - start
147642 [main] DEBUG org.dbunit.util.SQLHelper  - close(resultSet=org.apache.commons.dbcp.DelegatingResultSet@27046a56) - start
147643 [main] DEBUG org.dbunit.util.QualifiedTableName  - getQualifiedNameIfEnabled(config=org.dbunit.database.DatabaseConfig[, _propertyMap={http://www.dbunit.org/properties/statementFactory=org.dbunit.database.statement.PreparedStatementFactory@626bc2b8, http://www.dbunit.org/features/caseSensitiveTableNames=false, http://www.dbunit.org/properties/fetchSize=100, http://www.dbunit.org/features/batchedStatements=false, http://www.dbunit.org/properties/metadataHandler=org.dbunit.database.DefaultMetadataHandler@3bbfdfde, http://www.dbunit.org/properties/datatypeFactory=org.dbunit.dataset.datatype.DefaultDataTypeFactory[_toleratedDeltaMap=org.dbunit.dataset.datatype.ToleratedDeltaMap@6452310a], http://www.dbunit.org/properties/escapePattern=null, http://www.dbunit.org/properties/batchSize=100, http://www.dbunit.org/features/qualifiedTableNames=false, http://www.dbunit.org/properties/tableType=[Ljava.lang.String;@5011bafa, http://www.dbunit.org/properties/resultSetTableFactory=org.dbunit.database.CachedResultSetTableFactory@10bcf083, http://www.dbunit.org/features/datatypeWarning=true}]) - start
147643 [main] TRACE org.dbunit.database.DatabaseConfig  - getFeature(name=http://www.dbunit.org/features/qualifiedTableNames) - start
147643 [main] TRACE org.dbunit.database.DatabaseConfig  - getProperty(name=http://www.dbunit.org/features/qualifiedTableNames) - start
147643 [main] DEBUG org.dbunit.util.QualifiedTableName  - Qualified table names feature is disabled. Returning plain table name
147643 [main] DEBUG org.dbunit.util.QualifiedTableName  - getQualifiedName(prefix=null, name=SCOPEDCONTENTCONDITIONS_SCOPEDCONTENTITEM, escapePattern=null) - start
147643 [main] DEBUG org.dbunit.util.QualifiedTableName  - getQualifiedNameIfEnabled(config=org.dbunit.database.DatabaseConfig[, _propertyMap={http://www.dbunit.org/properties/statementFactory=org.dbunit.database.statement.PreparedStatementFactory@626bc2b8, http://www.dbunit.org/features/caseSensitiveTableNames=false, http://www.dbunit.org/properties/fetchSize=100, http://www.dbunit.org/features/batchedStatements=false, http://www.dbunit.org/properties/metadataHandler=org.dbunit.database.DefaultMetadataHandler@3bbfdfde, http://www.dbunit.org/properties/datatypeFactory=org.dbunit.dataset.datatype.DefaultDataTypeFactory[_toleratedDeltaMap=org.dbunit.dataset.datatype.ToleratedDeltaMap@6452310a], http://www.dbunit.org/properties/escapePattern=null, http://www.dbunit.org/properties/batchSize=100, http://www.dbunit.org/features/qualifiedTableNames=false, http://www.dbunit.org/properties/tableType=[Ljava.lang.String;@5011bafa, http://www.dbunit.org/properties/resultSetTableFactory=org.dbunit.database.CachedResultSetTableFactory@10bcf083, http://www.dbunit.org/features/datatypeWarning=true}]) - start
147643 [main] TRACE org.dbunit.database.DatabaseConfig  - getFeature(name=http://www.dbunit.org/features/qualifiedTableNames) - start
147643 [main] TRACE org.dbunit.database.DatabaseConfig  - getProperty(name=http://www.dbunit.org/features/qualifiedTableNames) - start
147643 [main] DEBUG org.dbunit.util.QualifiedTableName  - Qualified table names feature is disabled. Returning plain table name
147643 [main] DEBUG org.dbunit.util.QualifiedTableName  - getQualifiedName(prefix=null, name=SCOPEDCONTENTCONDITION, escapePattern=null) - start
147643 [main] DEBUG org.dbunit.database.search.AbstractMetaDataBasedSearchCallback  - newEdge(rs=org.apache.commons.dbcp.DelegatingResultSet@445719a, type=0, from=SCOPEDCONTENTCONDITIONS_SCOPEDCONTENTITEM, to=SCOPEDCONTENTCONDITION, fkColumn=SCOPED_CONTENT_CONDITION_ID, pkColumn=ID) - start
147643 [main] DEBUG org.dbunit.database.search.AbstractMetaDataBasedSearchCallback  - createFKEdge(rs=org.apache.commons.dbcp.DelegatingResultSet@445719a, type=0, from=SCOPEDCONTENTCONDITIONS_SCOPEDCONTENTITEM, to=SCOPEDCONTENTCONDITION, fkColumn=SCOPED_CONTENT_CONDITION_ID, pkColumn=ID) - start
147644 [main] DEBUG org.dbunit.database.search.AbstractMetaDataBasedSearchCallback  - Adding edge SCOPEDCONTENTCONDITIONS_SCOPEDCONTENTITEM(SCOPED_CONTENT_CONDITION_ID)->SCOPEDCONTENTCONDITION(ID)
147644 [main] DEBUG org.dbunit.util.search.Edge  - compareTo(o=SCOPEDCONTENTCONDITIONS_SCOPEDCONTENTITEM(SCOPED_CONTENT_CONDITION_ID)->SCOPEDCONTENTCONDITION(ID)) - start
147644 [main] DEBUG org.dbunit.util.QualifiedTableName  - getQualifiedNameIfEnabled(config=org.dbunit.database.DatabaseConfig[, _propertyMap={http://www.dbunit.org/properties/statementFactory=org.dbunit.database.statement.PreparedStatementFactory@626bc2b8, http://www.dbunit.org/features/caseSensitiveTableNames=false, http://www.dbunit.org/properties/fetchSize=100, http://www.dbunit.org/features/batchedStatements=false, http://www.dbunit.org/properties/metadataHandler=org.dbunit.database.DefaultMetadataHandler@3bbfdfde, http://www.dbunit.org/properties/datatypeFactory=org.dbunit.dataset.datatype.DefaultDataTypeFactory[_toleratedDeltaMap=org.dbunit.dataset.datatype.ToleratedDeltaMap@6452310a], http://www.dbunit.org/properties/escapePattern=null, http://www.dbunit.org/properties/batchSize=100, http://www.dbunit.org/features/qualifiedTableNames=false, http://www.dbunit.org/properties/tableType=[Ljava.lang.String;@5011bafa, http://www.dbunit.org/properties/resultSetTableFactory=org.dbunit.database.CachedResultSetTableFactory@10bcf083, http://www.dbunit.org/features/datatypeWarning=true}]) - start
147644 [main] TRACE org.dbunit.database.DatabaseConfig  - getFeature(name=http://www.dbunit.org/features/qualifiedTableNames) - start
147644 [main] TRACE org.dbunit.database.DatabaseConfig  - getProperty(name=http://www.dbunit.org/features/qualifiedTableNames) - start
147644 [main] DEBUG org.dbunit.util.QualifiedTableName  - Qualified table names feature is disabled. Returning plain table name
147644 [main] DEBUG org.dbunit.util.QualifiedTableName  - getQualifiedName(prefix=null, name=SCOPEDCONTENTCONDITIONS_SCOPEDCONTENTITEM, escapePattern=null) - start
147644 [main] DEBUG org.dbunit.util.QualifiedTableName  - getQualifiedNameIfEnabled(config=org.dbunit.database.DatabaseConfig[, _propertyMap={http://www.dbunit.org/properties/statementFactory=org.dbunit.database.statement.PreparedStatementFactory@626bc2b8, http://www.dbunit.org/features/caseSensitiveTableNames=false, http://www.dbunit.org/properties/fetchSize=100, http://www.dbunit.org/features/batchedStatements=false, http://www.dbunit.org/properties/metadataHandler=org.dbunit.database.DefaultMetadataHandler@3bbfdfde, http://www.dbunit.org/properties/datatypeFactory=org.dbunit.dataset.datatype.DefaultDataTypeFactory[_toleratedDeltaMap=org.dbunit.dataset.datatype.ToleratedDeltaMap@6452310a], http://www.dbunit.org/properties/escapePattern=null, http://www.dbunit.org/properties/batchSize=100, http://www.dbunit.org/features/qualifiedTableNames=false, http://www.dbunit.org/properties/tableType=[Ljava.lang.String;@5011bafa, http://www.dbunit.org/properties/resultSetTableFactory=org.dbunit.database.CachedResultSetTableFactory@10bcf083, http://www.dbunit.org/features/datatypeWarning=true}]) - start
147644 [main] TRACE org.dbunit.database.DatabaseConfig  - getFeature(name=http://www.dbunit.org/features/qualifiedTableNames) - start
147644 [main] TRACE org.dbunit.database.DatabaseConfig  - getProperty(name=http://www.dbunit.org/features/qualifiedTableNames) - start
147644 [main] DEBUG org.dbunit.util.QualifiedTableName  - Qualified table names feature is disabled. Returning plain table name
147644 [main] DEBUG org.dbunit.util.QualifiedTableName  - getQualifiedName(prefix=null, name=SCOPEDCONTENTITEM, escapePattern=null) - start
147645 [main] DEBUG org.dbunit.database.search.AbstractMetaDataBasedSearchCallback  - newEdge(rs=org.apache.commons.dbcp.DelegatingResultSet@445719a, type=0, from=SCOPEDCONTENTCONDITIONS_SCOPEDCONTENTITEM, to=SCOPEDCONTENTITEM, fkColumn=SCOPED_CONTENT_ITEM_ID, pkColumn=ID) - start
147645 [main] DEBUG org.dbunit.database.search.AbstractMetaDataBasedSearchCallback  - createFKEdge(rs=org.apache.commons.dbcp.DelegatingResultSet@445719a, type=0, from=SCOPEDCONTENTCONDITIONS_SCOPEDCONTENTITEM, to=SCOPEDCONTENTITEM, fkColumn=SCOPED_CONTENT_ITEM_ID, pkColumn=ID) - start
147645 [main] DEBUG org.dbunit.database.search.AbstractMetaDataBasedSearchCallback  - Adding edge SCOPEDCONTENTCONDITIONS_SCOPEDCONTENTITEM(SCOPED_CONTENT_ITEM_ID)->SCOPEDCONTENTITEM(ID)
147645 [main] DEBUG org.dbunit.util.search.Edge  - compareTo(o=SCOPEDCONTENTCONDITIONS_SCOPEDCONTENTITEM(SCOPED_CONTENT_CONDITION_ID)->SCOPEDCONTENTCONDITION(ID)) - start
147645 [main] DEBUG org.dbunit.util.SQLHelper  - close(resultSet=org.apache.commons.dbcp.DelegatingResultSet@445719a) - start
147645 [main] DEBUG org.dbunit.util.search.DepthFirstSearch  - search:SCOPEDCONTENTCONDITIONS_SCOPEDCONTENTITEM
147645 [main] DEBUG org.dbunit.database.search.ImportedKeysSearchCallback  - searchNode(node=SCOPEDCONTENTCONDITIONS_SCOPEDCONTENTITEM) - start
147645 [main] DEBUG org.dbunit.util.search.DepthFirstSearch  - Pushing SCOPEDCONTENTCONDITIONS_SCOPEDCONTENTITEM
147645 [main] DEBUG org.dbunit.database.search.ImportedKeysSearchCallback  - getEdges(node=SCOPEDCONTENTCONDITIONS_SCOPEDCONTENTITEM) - start
147645 [main] DEBUG org.dbunit.database.search.AbstractMetaDataBasedSearchCallback  - getNodesFromImportedKeys(node=SCOPEDCONTENTCONDITIONS_SCOPEDCONTENTITEM) - start
147645 [main] DEBUG org.dbunit.database.search.AbstractMetaDataBasedSearchCallback  - getNodes(type=0, node=SCOPEDCONTENTCONDITIONS_SCOPEDCONTENTITEM) - start
147645 [main] DEBUG org.dbunit.database.DatabaseDataSourceConnection  - getConnection() - start
147646 [main] DEBUG org.dbunit.database.search.AbstractMetaDataBasedSearchCallback  - getNodes(type=0, node=SCOPEDCONTENTCONDITIONS_SCOPEDCONTENTITEM, conn=Transaction-aware proxy for target Connection [jdbc:hsqldb:mem:kontrollDS, UserName=sw, HSQL Database Engine Driver], schema=null, metaData=org.apache.commons.dbcp.DelegatingDatabaseMetaData@6b2537a6, edges=[]) - start
147646 [main] DEBUG org.dbunit.database.search.AbstractMetaDataBasedSearchCallback  - Getting edges for node SCOPEDCONTENTCONDITIONS_SCOPEDCONTENTITEM
147646 [main] TRACE org.dbunit.database.DatabaseConfig  - getProperty(name=http://www.dbunit.org/properties/metadataHandler) - start
147646 [main] TRACE org.dbunit.database.DefaultMetadataHandler  - tableExists(metaData=org.apache.commons.dbcp.DelegatingDatabaseMetaData@6b2537a6, schemaName=null, tableName=SCOPEDCONTENTCONDITIONS_SCOPEDCONTENTITEM) - start
147647 [main] DEBUG org.dbunit.util.SQLHelper  - close(resultSet=org.apache.commons.dbcp.DelegatingResultSet@3f80f9ca) - start
147647 [main] DEBUG org.dbunit.util.QualifiedTableName  - getQualifiedNameIfEnabled(config=org.dbunit.database.DatabaseConfig[, _propertyMap={http://www.dbunit.org/properties/statementFactory=org.dbunit.database.statement.PreparedStatementFactory@626bc2b8, http://www.dbunit.org/features/caseSensitiveTableNames=false, http://www.dbunit.org/properties/fetchSize=100, http://www.dbunit.org/features/batchedStatements=false, http://www.dbunit.org/properties/metadataHandler=org.dbunit.database.DefaultMetadataHandler@3bbfdfde, http://www.dbunit.org/properties/datatypeFactory=org.dbunit.dataset.datatype.DefaultDataTypeFactory[_toleratedDeltaMap=org.dbunit.dataset.datatype.ToleratedDeltaMap@6452310a], http://www.dbunit.org/properties/escapePattern=null, http://www.dbunit.org/properties/batchSize=100, http://www.dbunit.org/features/qualifiedTableNames=false, http://www.dbunit.org/properties/tableType=[Ljava.lang.String;@5011bafa, http://www.dbunit.org/properties/resultSetTableFactory=org.dbunit.database.CachedResultSetTableFactory@10bcf083, http://www.dbunit.org/features/datatypeWarning=true}]) - start
147647 [main] TRACE org.dbunit.database.DatabaseConfig  - getFeature(name=http://www.dbunit.org/features/qualifiedTableNames) - start
147647 [main] TRACE org.dbunit.database.DatabaseConfig  - getProperty(name=http://www.dbunit.org/features/qualifiedTableNames) - start
147647 [main] DEBUG org.dbunit.util.QualifiedTableName  - Qualified table names feature is disabled. Returning plain table name
147648 [main] DEBUG org.dbunit.util.QualifiedTableName  - getQualifiedName(prefix=null, name=SCOPEDCONTENTCONDITIONS_SCOPEDCONTENTITEM, escapePattern=null) - start
147648 [main] DEBUG org.dbunit.util.QualifiedTableName  - getQualifiedNameIfEnabled(config=org.dbunit.database.DatabaseConfig[, _propertyMap={http://www.dbunit.org/properties/statementFactory=org.dbunit.database.statement.PreparedStatementFactory@626bc2b8, http://www.dbunit.org/features/caseSensitiveTableNames=false, http://www.dbunit.org/properties/fetchSize=100, http://www.dbunit.org/features/batchedStatements=false, http://www.dbunit.org/properties/metadataHandler=org.dbunit.database.DefaultMetadataHandler@3bbfdfde, http://www.dbunit.org/properties/datatypeFactory=org.dbunit.dataset.datatype.DefaultDataTypeFactory[_toleratedDeltaMap=org.dbunit.dataset.datatype.ToleratedDeltaMap@6452310a], http://www.dbunit.org/properties/escapePattern=null, http://www.dbunit.org/properties/batchSize=100, http://www.dbunit.org/features/qualifiedTableNames=false, http://www.dbunit.org/properties/tableType=[Ljava.lang.String;@5011bafa, http://www.dbunit.org/properties/resultSetTableFactory=org.dbunit.database.CachedResultSetTableFactory@10bcf083, http://www.dbunit.org/features/datatypeWarning=true}]) - start
147648 [main] TRACE org.dbunit.database.DatabaseConfig  - getFeature(name=http://www.dbunit.org/features/qualifiedTableNames) - start
147648 [main] TRACE org.dbunit.database.DatabaseConfig  - getProperty(name=http://www.dbunit.org/features/qualifiedTableNames) - start
147648 [main] DEBUG org.dbunit.util.QualifiedTableName  - Qualified table names feature is disabled. Returning plain table name
147648 [main] DEBUG org.dbunit.util.QualifiedTableName  - getQualifiedName(prefix=null, name=SCOPEDCONTENTCONDITION, escapePattern=null) - start
147648 [main] DEBUG org.dbunit.database.search.AbstractMetaDataBasedSearchCallback  - newEdge(rs=org.apache.commons.dbcp.DelegatingResultSet@78395342, type=0, from=SCOPEDCONTENTCONDITIONS_SCOPEDCONTENTITEM, to=SCOPEDCONTENTCONDITION, fkColumn=SCOPED_CONTENT_CONDITION_ID, pkColumn=ID) - start
147648 [main] DEBUG org.dbunit.database.search.AbstractMetaDataBasedSearchCallback  - createFKEdge(rs=org.apache.commons.dbcp.DelegatingResultSet@78395342, type=0, from=SCOPEDCONTENTCONDITIONS_SCOPEDCONTENTITEM, to=SCOPEDCONTENTCONDITION, fkColumn=SCOPED_CONTENT_CONDITION_ID, pkColumn=ID) - start
147648 [main] DEBUG org.dbunit.database.search.AbstractMetaDataBasedSearchCallback  - Adding edge SCOPEDCONTENTCONDITIONS_SCOPEDCONTENTITEM(SCOPED_CONTENT_CONDITION_ID)->SCOPEDCONTENTCONDITION(ID)
147648 [main] DEBUG org.dbunit.util.search.Edge  - compareTo(o=SCOPEDCONTENTCONDITIONS_SCOPEDCONTENTITEM(SCOPED_CONTENT_CONDITION_ID)->SCOPEDCONTENTCONDITION(ID)) - start
147648 [main] DEBUG org.dbunit.util.QualifiedTableName  - getQualifiedNameIfEnabled(config=org.dbunit.database.DatabaseConfig[, _propertyMap={http://www.dbunit.org/properties/statementFactory=org.dbunit.database.statement.PreparedStatementFactory@626bc2b8, http://www.dbunit.org/features/caseSensitiveTableNames=false, http://www.dbunit.org/properties/fetchSize=100, http://www.dbunit.org/features/batchedStatements=false, http://www.dbunit.org/properties/metadataHandler=org.dbunit.database.DefaultMetadataHandler@3bbfdfde, http://www.dbunit.org/properties/datatypeFactory=org.dbunit.dataset.datatype.DefaultDataTypeFactory[_toleratedDeltaMap=org.dbunit.dataset.datatype.ToleratedDeltaMap@6452310a], http://www.dbunit.org/properties/escapePattern=null, http://www.dbunit.org/properties/batchSize=100, http://www.dbunit.org/features/qualifiedTableNames=false, http://www.dbunit.org/properties/tableType=[Ljava.lang.String;@5011bafa, http://www.dbunit.org/properties/resultSetTableFactory=org.dbunit.database.CachedResultSetTableFactory@10bcf083, http://www.dbunit.org/features/datatypeWarning=true}]) - start
147648 [main] TRACE org.dbunit.database.DatabaseConfig  - getFeature(name=http://www.dbunit.org/features/qualifiedTableNames) - start
147649 [main] TRACE org.dbunit.database.DatabaseConfig  - getProperty(name=http://www.dbunit.org/features/qualifiedTableNames) - start
147649 [main] DEBUG org.dbunit.util.QualifiedTableName  - Qualified table names feature is disabled. Returning plain table name
147649 [main] DEBUG org.dbunit.util.QualifiedTableName  - getQualifiedName(prefix=null, name=SCOPEDCONTENTCONDITIONS_SCOPEDCONTENTITEM, escapePattern=null) - start
147649 [main] DEBUG org.dbunit.util.QualifiedTableName  - getQualifiedNameIfEnabled(config=org.dbunit.database.DatabaseConfig[, _propertyMap={http://www.dbunit.org/properties/statementFactory=org.dbunit.database.statement.PreparedStatementFactory@626bc2b8, http://www.dbunit.org/features/caseSensitiveTableNames=false, http://www.dbunit.org/properties/fetchSize=100, http://www.dbunit.org/features/batchedStatements=false, http://www.dbunit.org/properties/metadataHandler=org.dbunit.database.DefaultMetadataHandler@3bbfdfde, http://www.dbunit.org/properties/datatypeFactory=org.dbunit.dataset.datatype.DefaultDataTypeFactory[_toleratedDeltaMap=org.dbunit.dataset.datatype.ToleratedDeltaMap@6452310a], http://www.dbunit.org/properties/escapePattern=null, http://www.dbunit.org/properties/batchSize=100, http://www.dbunit.org/features/qualifiedTableNames=false, http://www.dbunit.org/properties/tableType=[Ljava.lang.String;@5011bafa, http://www.dbunit.org/properties/resultSetTableFactory=org.dbunit.database.CachedResultSetTableFactory@10bcf083, http://www.dbunit.org/features/datatypeWarning=true}]) - start
147649 [main] TRACE org.dbunit.database.DatabaseConfig  - getFeature(name=http://www.dbunit.org/features/qualifiedTableNames) - start
147649 [main] TRACE org.dbunit.database.DatabaseConfig  - getProperty(name=http://www.dbunit.org/features/qualifiedTableNames) - start
147649 [main] DEBUG org.dbunit.util.QualifiedTableName  - Qualified table names feature is disabled. Returning plain table name
147649 [main] DEBUG org.dbunit.util.QualifiedTableName  - getQualifiedName(prefix=null, name=SCOPEDCONTENTITEM, escapePattern=null) - start
147649 [main] DEBUG org.dbunit.database.search.AbstractMetaDataBasedSearchCallback  - newEdge(rs=org.apache.commons.dbcp.DelegatingResultSet@78395342, type=0, from=SCOPEDCONTENTCONDITIONS_SCOPEDCONTENTITEM, to=SCOPEDCONTENTITEM, fkColumn=SCOPED_CONTENT_ITEM_ID, pkColumn=ID) - start
147649 [main] DEBUG org.dbunit.database.search.AbstractMetaDataBasedSearchCallback  - createFKEdge(rs=org.apache.commons.dbcp.DelegatingResultSet@78395342, type=0, from=SCOPEDCONTENTCONDITIONS_SCOPEDCONTENTITEM, to=SCOPEDCONTENTITEM, fkColumn=SCOPED_CONTENT_ITEM_ID, pkColumn=ID) - start
147650 [main] DEBUG org.dbunit.database.search.AbstractMetaDataBasedSearchCallback  - Adding edge SCOPEDCONTENTCONDITIONS_SCOPEDCONTENTITEM(SCOPED_CONTENT_ITEM_ID)->SCOPEDCONTENTITEM(ID)
147650 [main] DEBUG org.dbunit.util.search.Edge  - compareTo(o=SCOPEDCONTENTCONDITIONS_SCOPEDCONTENTITEM(SCOPED_CONTENT_CONDITION_ID)->SCOPEDCONTENTCONDITION(ID)) - start
147650 [main] DEBUG org.dbunit.util.SQLHelper  - close(resultSet=org.apache.commons.dbcp.DelegatingResultSet@78395342) - start
147650 [main] DEBUG org.dbunit.util.search.DepthFirstSearch  - search:SCOPEDCONTENTCONDITION
147650 [main] DEBUG org.dbunit.database.search.ImportedKeysSearchCallback  - searchNode(node=SCOPEDCONTENTCONDITION) - start
147650 [main] DEBUG org.dbunit.util.search.DepthFirstSearch  - Pushing SCOPEDCONTENTCONDITION
147650 [main] DEBUG org.dbunit.database.search.ImportedKeysSearchCallback  - getEdges(node=SCOPEDCONTENTCONDITION) - start
147650 [main] DEBUG org.dbunit.database.search.AbstractMetaDataBasedSearchCallback  - getNodesFromImportedKeys(node=SCOPEDCONTENTCONDITION) - start
147650 [main] DEBUG org.dbunit.database.search.AbstractMetaDataBasedSearchCallback  - getNodes(type=0, node=SCOPEDCONTENTCONDITION) - start
147650 [main] DEBUG org.dbunit.database.DatabaseDataSourceConnection  - getConnection() - start
147650 [main] DEBUG org.dbunit.database.search.AbstractMetaDataBasedSearchCallback  - getNodes(type=0, node=SCOPEDCONTENTCONDITION, conn=Transaction-aware proxy for target Connection [jdbc:hsqldb:mem:kontrollDS, UserName=sw, HSQL Database Engine Driver], schema=null, metaData=org.apache.commons.dbcp.DelegatingDatabaseMetaData@7b894fb7, edges=[]) - start
147650 [main] DEBUG org.dbunit.database.search.AbstractMetaDataBasedSearchCallback  - Getting edges for node SCOPEDCONTENTCONDITION
147650 [main] TRACE org.dbunit.database.DatabaseConfig  - getProperty(name=http://www.dbunit.org/properties/metadataHandler) - start
147651 [main] TRACE org.dbunit.database.DefaultMetadataHandler  - tableExists(metaData=org.apache.commons.dbcp.DelegatingDatabaseMetaData@7b894fb7, schemaName=null, tableName=SCOPEDCONTENTCONDITION) - start
147652 [main] DEBUG org.dbunit.util.SQLHelper  - close(resultSet=org.apache.commons.dbcp.DelegatingResultSet@b8d6db2) - start
147652 [main] DEBUG org.dbunit.util.SQLHelper  - close(resultSet=org.apache.commons.dbcp.DelegatingResultSet@3f4f9c0d) - start
147652 [main] DEBUG org.dbunit.util.search.DepthFirstSearch  - Adding node SCOPEDCONTENTCONDITION to the final result
147652 [main] DEBUG org.dbunit.util.search.DepthFirstSearch  - search:SCOPEDCONTENTITEM
147652 [main] DEBUG org.dbunit.database.search.ImportedKeysSearchCallback  - searchNode(node=SCOPEDCONTENTITEM) - start
147652 [main] DEBUG org.dbunit.util.search.DepthFirstSearch  - Pushing SCOPEDCONTENTITEM
147652 [main] DEBUG org.dbunit.util.search.DepthFirstSearch  - Adding node SCOPEDCONTENTITEM to the final result
147652 [main] DEBUG org.dbunit.util.search.DepthFirstSearch  - Adding node SCOPEDCONTENTCONDITIONS_SCOPEDCONTENTITEM to the final result
147652 [main] DEBUG org.dbunit.util.search.DepthFirstSearch  - reverseSearch:SCOPEDCONTENTITEM
147652 [main] DEBUG org.dbunit.database.search.ImportedKeysSearchCallback  - searchNode(node=SCOPEDCONTENTITEM) - start
147653 [main] DEBUG org.dbunit.util.search.DepthFirstSearch  - Pushing (reverse) SCOPEDCONTENTITEM
147653 [main] DEBUG org.dbunit.database.search.ImportedKeysSearchCallback  - getEdges(node=SCOPEDCONTENTITEM) - start
147653 [main] DEBUG org.dbunit.database.search.AbstractMetaDataBasedSearchCallback  - getNodesFromImportedKeys(node=SCOPEDCONTENTITEM) - start
147653 [main] DEBUG org.dbunit.database.search.AbstractMetaDataBasedSearchCallback  - getNodes(type=0, node=SCOPEDCONTENTITEM) - start
147653 [main] DEBUG org.dbunit.database.DatabaseDataSourceConnection  - getConnection() - start
147653 [main] DEBUG org.dbunit.database.search.AbstractMetaDataBasedSearchCallback  - getNodes(type=0, node=SCOPEDCONTENTITEM, conn=Transaction-aware proxy for target Connection [jdbc:hsqldb:mem:kontrollDS, UserName=sw, HSQL Database Engine Driver], schema=null, metaData=org.apache.commons.dbcp.DelegatingDatabaseMetaData@38e39f4, edges=[]) - start
147653 [main] DEBUG org.dbunit.database.search.AbstractMetaDataBasedSearchCallback  - Getting edges for node SCOPEDCONTENTITEM
147653 [main] TRACE org.dbunit.database.DatabaseConfig  - getProperty(name=http://www.dbunit.org/properties/metadataHandler) - start
147653 [main] TRACE org.dbunit.database.DefaultMetadataHandler  - tableExists(metaData=org.apache.commons.dbcp.DelegatingDatabaseMetaData@38e39f4, schemaName=null, tableName=SCOPEDCONTENTITEM) - start
147654 [main] DEBUG org.dbunit.util.SQLHelper  - close(resultSet=org.apache.commons.dbcp.DelegatingResultSet@4475915e) - start
147654 [main] DEBUG org.dbunit.util.SQLHelper  - close(resultSet=org.apache.commons.dbcp.DelegatingResultSet@3326bbf) - start
147655 [main] DEBUG org.dbunit.util.search.DepthFirstSearch  - reverseSearch:SCOPEDCONTENTCONDITIONS_SCOPEDCONTENTITEM
147655 [main] DEBUG org.dbunit.util.search.DepthFirstSearch  - already searched; returning true
147655 [main] DEBUG org.dbunit.util.search.DepthFirstSearch  - reverseSearch:SCOPEDCONTENTCONDITION
147655 [main] DEBUG org.dbunit.database.search.ImportedKeysSearchCallback  - searchNode(node=SCOPEDCONTENTCONDITION) - start
147655 [main] DEBUG org.dbunit.util.search.DepthFirstSearch  - Pushing (reverse) SCOPEDCONTENTCONDITION
147655 [main] DEBUG org.dbunit.database.search.ImportedKeysSearchCallback  - getEdges(node=SCOPEDCONTENTCONDITION) - start
147655 [main] DEBUG org.dbunit.database.search.AbstractMetaDataBasedSearchCallback  - getNodesFromImportedKeys(node=SCOPEDCONTENTCONDITION) - start
147655 [main] DEBUG org.dbunit.database.search.AbstractMetaDataBasedSearchCallback  - getNodes(type=0, node=SCOPEDCONTENTCONDITION) - start
147655 [main] DEBUG org.dbunit.database.DatabaseDataSourceConnection  - getConnection() - start
147655 [main] DEBUG org.dbunit.database.search.AbstractMetaDataBasedSearchCallback  - getNodes(type=0, node=SCOPEDCONTENTCONDITION, conn=Transaction-aware proxy for target Connection [jdbc:hsqldb:mem:kontrollDS, UserName=sw, HSQL Database Engine Driver], schema=null, metaData=org.apache.commons.dbcp.DelegatingDatabaseMetaData@633fca3c, edges=[]) - start
147655 [main] DEBUG org.dbunit.database.search.AbstractMetaDataBasedSearchCallback  - Getting edges for node SCOPEDCONTENTCONDITION
147655 [main] TRACE org.dbunit.database.DatabaseConfig  - getProperty(name=http://www.dbunit.org/properties/metadataHandler) - start
147655 [main] TRACE org.dbunit.database.DefaultMetadataHandler  - tableExists(metaData=org.apache.commons.dbcp.DelegatingDatabaseMetaData@633fca3c, schemaName=null, tableName=SCOPEDCONTENTCONDITION) - start
147656 [main] DEBUG org.dbunit.util.SQLHelper  - close(resultSet=org.apache.commons.dbcp.DelegatingResultSet@3e15101d) - start
147657 [main] DEBUG org.dbunit.util.SQLHelper  - close(resultSet=org.apache.commons.dbcp.DelegatingResultSet@7e3471e) - start
147657 [main] DEBUG org.dbunit.util.search.DepthFirstSearch  - search:SCOPEDCONTENTCONDITIONS_SCOPEDCONTENTITEM
147657 [main] DEBUG org.dbunit.util.search.DepthFirstSearch  - already searched; returning true
147657 [main] DEBUG org.dbunit.util.search.DepthFirstSearch  - search:SCOPEDCONTENTITEM
147657 [main] DEBUG org.dbunit.util.search.DepthFirstSearch  - already searched; returning true
147657 [main] DEBUG org.dbunit.util.search.DepthFirstSearch  - search:SCOPEDCONTENTCONDITION
147657 [main] DEBUG org.dbunit.util.search.DepthFirstSearch  - already searched; returning true
147657 [main] DEBUG org.dbunit.database.DatabaseSequenceFilter  - getDependencyInfo(connection=_databaseConfig=org.dbunit.database.DatabaseConfig[, _propertyMap={http://www.dbunit.org/properties/statementFactory=org.dbunit.database.statement.PreparedStatementFactory@626bc2b8, http://www.dbunit.org/features/caseSensitiveTableNames=false, http://www.dbunit.org/properties/fetchSize=100, http://www.dbunit.org/features/batchedStatements=false, http://www.dbunit.org/properties/metadataHandler=org.dbunit.database.DefaultMetadataHandler@3bbfdfde, http://www.dbunit.org/properties/datatypeFactory=org.dbunit.dataset.datatype.DefaultDataTypeFactory[_toleratedDeltaMap=org.dbunit.dataset.datatype.ToleratedDeltaMap@6452310a], http://www.dbunit.org/properties/escapePattern=null, http://www.dbunit.org/properties/batchSize=100, http://www.dbunit.org/features/qualifiedTableNames=false, http://www.dbunit.org/properties/tableType=[Ljava.lang.String;@5011bafa, http://www.dbunit.org/properties/resultSetTableFactory=org.dbunit.database.CachedResultSetTableFactory@10bcf083, http://www.dbunit.org/features/datatypeWarning=true}], _dataSet=AbstractDataSet[_orderedTableNameMap=null], tableName=SCOPEDCONTENTITEM) - start
147657 [main] DEBUG org.dbunit.database.search.TablesDependencyHelper  - getDependentTables(connection=_databaseConfig=org.dbunit.database.DatabaseConfig[, _propertyMap={http://www.dbunit.org/properties/statementFactory=org.dbunit.database.statement.PreparedStatementFactory@626bc2b8, http://www.dbunit.org/features/caseSensitiveTableNames=false, http://www.dbunit.org/properties/fetchSize=100, http://www.dbunit.org/features/batchedStatements=false, http://www.dbunit.org/properties/metadataHandler=org.dbunit.database.DefaultMetadataHandler@3bbfdfde, http://www.dbunit.org/properties/datatypeFactory=org.dbunit.dataset.datatype.DefaultDataTypeFactory[_toleratedDeltaMap=org.dbunit.dataset.datatype.ToleratedDeltaMap@6452310a], http://www.dbunit.org/properties/escapePattern=null, http://www.dbunit.org/properties/batchSize=100, http://www.dbunit.org/features/qualifiedTableNames=false, http://www.dbunit.org/properties/tableType=[Ljava.lang.String;@5011bafa, http://www.dbunit.org/properties/resultSetTableFactory=org.dbunit.database.CachedResultSetTableFactory@10bcf083, http://www.dbunit.org/features/datatypeWarning=true}], _dataSet=AbstractDataSet[_orderedTableNameMap=null], rootTable=SCOPEDCONTENTITEM) - start
147658 [main] DEBUG org.dbunit.database.search.TablesDependencyHelper  - getDependentTables(connection=_databaseConfig=org.dbunit.database.DatabaseConfig[, _propertyMap={http://www.dbunit.org/properties/statementFactory=org.dbunit.database.statement.PreparedStatementFactory@626bc2b8, http://www.dbunit.org/features/caseSensitiveTableNames=false, http://www.dbunit.org/properties/fetchSize=100, http://www.dbunit.org/features/batchedStatements=false, http://www.dbunit.org/properties/metadataHandler=org.dbunit.database.DefaultMetadataHandler@3bbfdfde, http://www.dbunit.org/properties/datatypeFactory=org.dbunit.dataset.datatype.DefaultDataTypeFactory[_toleratedDeltaMap=org.dbunit.dataset.datatype.ToleratedDeltaMap@6452310a], http://www.dbunit.org/properties/escapePattern=null, http://www.dbunit.org/properties/batchSize=100, http://www.dbunit.org/features/qualifiedTableNames=false, http://www.dbunit.org/properties/tableType=[Ljava.lang.String;@5011bafa, http://www.dbunit.org/properties/resultSetTableFactory=org.dbunit.database.CachedResultSetTableFactory@10bcf083, http://www.dbunit.org/features/datatypeWarning=true}], _dataSet=AbstractDataSet[_orderedTableNameMap=null], rootTables=[SCOPEDCONTENTITEM]) - start
147658 [main] DEBUG org.dbunit.util.search.DepthFirstSearch  - search(nodesFrom=[SCOPEDCONTENTITEM], callback=org.dbunit.database.search.ImportedKeysSearchCallback@3f305bbe) - start
147658 [main] DEBUG org.dbunit.util.CollectionsHelper  - objectsToSet(objects=SCOPEDCONTENTITEM) - start
147658 [main] DEBUG org.dbunit.util.search.DepthFirstSearch  - search(nodesFrom=[SCOPEDCONTENTITEM], callback=org.dbunit.database.search.ImportedKeysSearchCallback@3f305bbe) - start
147658 [main] DEBUG org.dbunit.util.search.DepthFirstSearch  - reverseSearch:SCOPEDCONTENTITEM
147658 [main] DEBUG org.dbunit.database.search.ImportedKeysSearchCallback  - searchNode(node=SCOPEDCONTENTITEM) - start
147658 [main] DEBUG org.dbunit.util.search.DepthFirstSearch  - Pushing (reverse) SCOPEDCONTENTITEM
147658 [main] DEBUG org.dbunit.database.search.ImportedKeysSearchCallback  - getEdges(node=SCOPEDCONTENTITEM) - start
147658 [main] DEBUG org.dbunit.database.search.AbstractMetaDataBasedSearchCallback  - getNodesFromImportedKeys(node=SCOPEDCONTENTITEM) - start
147658 [main] DEBUG org.dbunit.database.search.AbstractMetaDataBasedSearchCallback  - getNodes(type=0, node=SCOPEDCONTENTITEM) - start
147658 [main] DEBUG org.dbunit.database.DatabaseDataSourceConnection  - getConnection() - start
147658 [main] DEBUG org.dbunit.database.search.AbstractMetaDataBasedSearchCallback  - getNodes(type=0, node=SCOPEDCONTENTITEM, conn=Transaction-aware proxy for target Connection [jdbc:hsqldb:mem:kontrollDS, UserName=sw, HSQL Database Engine Driver], schema=null, metaData=org.apache.commons.dbcp.DelegatingDatabaseMetaData@7fd7375a, edges=[]) - start
147659 [main] DEBUG org.dbunit.database.search.AbstractMetaDataBasedSearchCallback  - Getting edges for node SCOPEDCONTENTITEM
147659 [main] TRACE org.dbunit.database.DatabaseConfig  - getProperty(name=http://www.dbunit.org/properties/metadataHandler) - start
147659 [main] TRACE org.dbunit.database.DefaultMetadataHandler  - tableExists(metaData=org.apache.commons.dbcp.DelegatingDatabaseMetaData@7fd7375a, schemaName=null, tableName=SCOPEDCONTENTITEM) - start
147660 [main] DEBUG org.dbunit.util.SQLHelper  - close(resultSet=org.apache.commons.dbcp.DelegatingResultSet@12325d54) - start
147660 [main] DEBUG org.dbunit.util.SQLHelper  - close(resultSet=org.apache.commons.dbcp.DelegatingResultSet@512ba453) - start
147660 [main] DEBUG org.dbunit.util.search.DepthFirstSearch  - search:SCOPEDCONTENTITEM
147660 [main] DEBUG org.dbunit.database.search.ImportedKeysSearchCallback  - searchNode(node=SCOPEDCONTENTITEM) - start
147660 [main] DEBUG org.dbunit.util.search.DepthFirstSearch  - Pushing SCOPEDCONTENTITEM
147660 [main] DEBUG org.dbunit.database.search.ImportedKeysSearchCallback  - getEdges(node=SCOPEDCONTENTITEM) - start
147660 [main] DEBUG org.dbunit.database.search.AbstractMetaDataBasedSearchCallback  - getNodesFromImportedKeys(node=SCOPEDCONTENTITEM) - start
147660 [main] DEBUG org.dbunit.database.search.AbstractMetaDataBasedSearchCallback  - getNodes(type=0, node=SCOPEDCONTENTITEM) - start
147661 [main] DEBUG org.dbunit.database.DatabaseDataSourceConnection  - getConnection() - start
147661 [main] DEBUG org.dbunit.database.search.AbstractMetaDataBasedSearchCallback  - getNodes(type=0, node=SCOPEDCONTENTITEM, conn=Transaction-aware proxy for target Connection [jdbc:hsqldb:mem:kontrollDS, UserName=sw, HSQL Database Engine Driver], schema=null, metaData=org.apache.commons.dbcp.DelegatingDatabaseMetaData@8316ec7, edges=[]) - start
147661 [main] DEBUG org.dbunit.database.search.AbstractMetaDataBasedSearchCallback  - Getting edges for node SCOPEDCONTENTITEM
147661 [main] TRACE org.dbunit.database.DatabaseConfig  - getProperty(name=http://www.dbunit.org/properties/metadataHandler) - start
147661 [main] TRACE org.dbunit.database.DefaultMetadataHandler  - tableExists(metaData=org.apache.commons.dbcp.DelegatingDatabaseMetaData@8316ec7, schemaName=null, tableName=SCOPEDCONTENTITEM) - start
147662 [main] DEBUG org.dbunit.util.SQLHelper  - close(resultSet=org.apache.commons.dbcp.DelegatingResultSet@7510439a) - start
147662 [main] DEBUG org.dbunit.util.SQLHelper  - close(resultSet=org.apache.commons.dbcp.DelegatingResultSet@15c27d86) - start
147662 [main] DEBUG org.dbunit.util.search.DepthFirstSearch  - Adding node SCOPEDCONTENTITEM to the final result
147662 [main] DEBUG org.dbunit.util.CollectionsHelper  - setToStrings(set=[SCOPEDCONTENTITEM]) - start
147662 [main] DEBUG org.dbunit.database.search.TablesDependencyHelper  - getDependsOnTables(connection=_databaseConfig=org.dbunit.database.DatabaseConfig[, _propertyMap={http://www.dbunit.org/properties/statementFactory=org.dbunit.database.statement.PreparedStatementFactory@626bc2b8, http://www.dbunit.org/features/caseSensitiveTableNames=false, http://www.dbunit.org/properties/fetchSize=100, http://www.dbunit.org/features/batchedStatements=false, http://www.dbunit.org/properties/metadataHandler=org.dbunit.database.DefaultMetadataHandler@3bbfdfde, http://www.dbunit.org/properties/datatypeFactory=org.dbunit.dataset.datatype.DefaultDataTypeFactory[_toleratedDeltaMap=org.dbunit.dataset.datatype.ToleratedDeltaMap@6452310a], http://www.dbunit.org/properties/escapePattern=null, http://www.dbunit.org/properties/batchSize=100, http://www.dbunit.org/features/qualifiedTableNames=false, http://www.dbunit.org/properties/tableType=[Ljava.lang.String;@5011bafa, http://www.dbunit.org/properties/resultSetTableFactory=org.dbunit.database.CachedResultSetTableFactory@10bcf083, http://www.dbunit.org/features/datatypeWarning=true}], _dataSet=AbstractDataSet[_orderedTableNameMap=null], rootTable=SCOPEDCONTENTITEM) - start
147662 [main] DEBUG org.dbunit.util.search.DepthFirstSearch  - search(nodesFrom=[SCOPEDCONTENTITEM], callback=org.dbunit.database.search.ExportedKeysSearchCallback@5d694205) - start
147663 [main] DEBUG org.dbunit.util.CollectionsHelper  - objectsToSet(objects=SCOPEDCONTENTITEM) - start
147663 [main] DEBUG org.dbunit.util.search.DepthFirstSearch  - search(nodesFrom=[SCOPEDCONTENTITEM], callback=org.dbunit.database.search.ExportedKeysSearchCallback@5d694205) - start
147663 [main] DEBUG org.dbunit.util.search.DepthFirstSearch  - reverseSearch:SCOPEDCONTENTITEM
147663 [main] DEBUG org.dbunit.database.search.ExportedKeysSearchCallback  - searchNode(node=SCOPEDCONTENTITEM) - start
147663 [main] DEBUG org.dbunit.util.search.DepthFirstSearch  - Pushing (reverse) SCOPEDCONTENTITEM
147663 [main] DEBUG org.dbunit.database.search.ExportedKeysSearchCallback  - getEdges(node=SCOPEDCONTENTITEM) - start
147663 [main] DEBUG org.dbunit.database.search.AbstractMetaDataBasedSearchCallback  - getNodesFromExportedKeys(node=SCOPEDCONTENTITEM) - start
147663 [main] DEBUG org.dbunit.database.search.AbstractMetaDataBasedSearchCallback  - getNodes(type=1, node=SCOPEDCONTENTITEM) - start
147663 [main] DEBUG org.dbunit.database.DatabaseDataSourceConnection  - getConnection() - start
147663 [main] DEBUG org.dbunit.database.search.AbstractMetaDataBasedSearchCallback  - getNodes(type=1, node=SCOPEDCONTENTITEM, conn=Transaction-aware proxy for target Connection [jdbc:hsqldb:mem:kontrollDS, UserName=sw, HSQL Database Engine Driver], schema=null, metaData=org.apache.commons.dbcp.DelegatingDatabaseMetaData@296d862c, edges=[]) - start
147663 [main] DEBUG org.dbunit.database.search.AbstractMetaDataBasedSearchCallback  - Getting edges for node SCOPEDCONTENTITEM
147663 [main] TRACE org.dbunit.database.DatabaseConfig  - getProperty(name=http://www.dbunit.org/properties/metadataHandler) - start
147664 [main] TRACE org.dbunit.database.DefaultMetadataHandler  - tableExists(metaData=org.apache.commons.dbcp.DelegatingDatabaseMetaData@296d862c, schemaName=null, tableName=SCOPEDCONTENTITEM) - start
147664 [main] DEBUG org.dbunit.util.SQLHelper  - close(resultSet=org.apache.commons.dbcp.DelegatingResultSet@3ebc4e61) - start
147665 [main] DEBUG org.dbunit.util.QualifiedTableName  - getQualifiedNameIfEnabled(config=org.dbunit.database.DatabaseConfig[, _propertyMap={http://www.dbunit.org/properties/statementFactory=org.dbunit.database.statement.PreparedStatementFactory@626bc2b8, http://www.dbunit.org/features/caseSensitiveTableNames=false, http://www.dbunit.org/properties/fetchSize=100, http://www.dbunit.org/features/batchedStatements=false, http://www.dbunit.org/properties/metadataHandler=org.dbunit.database.DefaultMetadataHandler@3bbfdfde, http://www.dbunit.org/properties/datatypeFactory=org.dbunit.dataset.datatype.DefaultDataTypeFactory[_toleratedDeltaMap=org.dbunit.dataset.datatype.ToleratedDeltaMap@6452310a], http://www.dbunit.org/properties/escapePattern=null, http://www.dbunit.org/properties/batchSize=100, http://www.dbunit.org/features/qualifiedTableNames=false, http://www.dbunit.org/properties/tableType=[Ljava.lang.String;@5011bafa, http://www.dbunit.org/properties/resultSetTableFactory=org.dbunit.database.CachedResultSetTableFactory@10bcf083, http://www.dbunit.org/features/datatypeWarning=true}]) - start
147665 [main] TRACE org.dbunit.database.DatabaseConfig  - getFeature(name=http://www.dbunit.org/features/qualifiedTableNames) - start
147665 [main] TRACE org.dbunit.database.DatabaseConfig  - getProperty(name=http://www.dbunit.org/features/qualifiedTableNames) - start
147665 [main] DEBUG org.dbunit.util.QualifiedTableName  - Qualified table names feature is disabled. Returning plain table name
147665 [main] DEBUG org.dbunit.util.QualifiedTableName  - getQualifiedName(prefix=null, name=SCOPEDCONTENTITEM, escapePattern=null) - start
147665 [main] DEBUG org.dbunit.util.QualifiedTableName  - getQualifiedNameIfEnabled(config=org.dbunit.database.DatabaseConfig[, _propertyMap={http://www.dbunit.org/properties/statementFactory=org.dbunit.database.statement.PreparedStatementFactory@626bc2b8, http://www.dbunit.org/features/caseSensitiveTableNames=false, http://www.dbunit.org/properties/fetchSize=100, http://www.dbunit.org/features/batchedStatements=false, http://www.dbunit.org/properties/metadataHandler=org.dbunit.database.DefaultMetadataHandler@3bbfdfde, http://www.dbunit.org/properties/datatypeFactory=org.dbunit.dataset.datatype.DefaultDataTypeFactory[_toleratedDeltaMap=org.dbunit.dataset.datatype.ToleratedDeltaMap@6452310a], http://www.dbunit.org/properties/escapePattern=null, http://www.dbunit.org/properties/batchSize=100, http://www.dbunit.org/features/qualifiedTableNames=false, http://www.dbunit.org/properties/tableType=[Ljava.lang.String;@5011bafa, http://www.dbunit.org/properties/resultSetTableFactory=org.dbunit.database.CachedResultSetTableFactory@10bcf083, http://www.dbunit.org/features/datatypeWarning=true}]) - start
147665 [main] TRACE org.dbunit.database.DatabaseConfig  - getFeature(name=http://www.dbunit.org/features/qualifiedTableNames) - start
147665 [main] TRACE org.dbunit.database.DatabaseConfig  - getProperty(name=http://www.dbunit.org/features/qualifiedTableNames) - start
147666 [main] DEBUG org.dbunit.util.QualifiedTableName  - Qualified table names feature is disabled. Returning plain table name
147666 [main] DEBUG org.dbunit.util.QualifiedTableName  - getQualifiedName(prefix=null, name=SCOPEDCONTENTCONDITIONS_SCOPEDCONTENTITEM, escapePattern=null) - start
147666 [main] DEBUG org.dbunit.database.search.AbstractMetaDataBasedSearchCallback  - newEdge(rs=org.apache.commons.dbcp.DelegatingResultSet@565e4cd3, type=1, from=SCOPEDCONTENTITEM, to=SCOPEDCONTENTCONDITIONS_SCOPEDCONTENTITEM, fkColumn=SCOPED_CONTENT_ITEM_ID, pkColumn=ID) - start
147666 [main] DEBUG org.dbunit.database.search.AbstractMetaDataBasedSearchCallback  - createFKEdge(rs=org.apache.commons.dbcp.DelegatingResultSet@565e4cd3, type=1, from=SCOPEDCONTENTITEM, to=SCOPEDCONTENTCONDITIONS_SCOPEDCONTENTITEM, fkColumn=SCOPED_CONTENT_ITEM_ID, pkColumn=ID) - start
147666 [main] DEBUG org.dbunit.database.search.AbstractMetaDataBasedSearchCallback  - Adding edge SCOPEDCONTENTCONDITIONS_SCOPEDCONTENTITEM(SCOPED_CONTENT_ITEM_ID)->SCOPEDCONTENTITEM(ID)
147666 [main] DEBUG org.dbunit.util.search.Edge  - compareTo(o=SCOPEDCONTENTCONDITIONS_SCOPEDCONTENTITEM(SCOPED_CONTENT_ITEM_ID)->SCOPEDCONTENTITEM(ID)) - start
147666 [main] DEBUG org.dbunit.util.QualifiedTableName  - getQualifiedNameIfEnabled(config=org.dbunit.database.DatabaseConfig[, _propertyMap={http://www.dbunit.org/properties/statementFactory=org.dbunit.database.statement.PreparedStatementFactory@626bc2b8, http://www.dbunit.org/features/caseSensitiveTableNames=false, http://www.dbunit.org/properties/fetchSize=100, http://www.dbunit.org/features/batchedStatements=false, http://www.dbunit.org/properties/metadataHandler=org.dbunit.database.DefaultMetadataHandler@3bbfdfde, http://www.dbunit.org/properties/datatypeFactory=org.dbunit.dataset.datatype.DefaultDataTypeFactory[_toleratedDeltaMap=org.dbunit.dataset.datatype.ToleratedDeltaMap@6452310a], http://www.dbunit.org/properties/escapePattern=null, http://www.dbunit.org/properties/batchSize=100, http://www.dbunit.org/features/qualifiedTableNames=false, http://www.dbunit.org/properties/tableType=[Ljava.lang.String;@5011bafa, http://www.dbunit.org/properties/resultSetTableFactory=org.dbunit.database.CachedResultSetTableFactory@10bcf083, http://www.dbunit.org/features/datatypeWarning=true}]) - start
147666 [main] TRACE org.dbunit.database.DatabaseConfig  - getFeature(name=http://www.dbunit.org/features/qualifiedTableNames) - start
147666 [main] TRACE org.dbunit.database.DatabaseConfig  - getProperty(name=http://www.dbunit.org/features/qualifiedTableNames) - start
147666 [main] DEBUG org.dbunit.util.QualifiedTableName  - Qualified table names feature is disabled. Returning plain table name
147666 [main] DEBUG org.dbunit.util.QualifiedTableName  - getQualifiedName(prefix=null, name=SCOPEDCONTENTITEM, escapePattern=null) - start
147667 [main] DEBUG org.dbunit.util.QualifiedTableName  - getQualifiedNameIfEnabled(config=org.dbunit.database.DatabaseConfig[, _propertyMap={http://www.dbunit.org/properties/statementFactory=org.dbunit.database.statement.PreparedStatementFactory@626bc2b8, http://www.dbunit.org/features/caseSensitiveTableNames=false, http://www.dbunit.org/properties/fetchSize=100, http://www.dbunit.org/features/batchedStatements=false, http://www.dbunit.org/properties/metadataHandler=org.dbunit.database.DefaultMetadataHandler@3bbfdfde, http://www.dbunit.org/properties/datatypeFactory=org.dbunit.dataset.datatype.DefaultDataTypeFactory[_toleratedDeltaMap=org.dbunit.dataset.datatype.ToleratedDeltaMap@6452310a], http://www.dbunit.org/properties/escapePattern=null, http://www.dbunit.org/properties/batchSize=100, http://www.dbunit.org/features/qualifiedTableNames=false, http://www.dbunit.org/properties/tableType=[Ljava.lang.String;@5011bafa, http://www.dbunit.org/properties/resultSetTableFactory=org.dbunit.database.CachedResultSetTableFactory@10bcf083, http://www.dbunit.org/features/datatypeWarning=true}]) - start
147667 [main] TRACE org.dbunit.database.DatabaseConfig  - getFeature(name=http://www.dbunit.org/features/qualifiedTableNames) - start
147667 [main] TRACE org.dbunit.database.DatabaseConfig  - getProperty(name=http://www.dbunit.org/features/qualifiedTableNames) - start
147667 [main] DEBUG org.dbunit.util.QualifiedTableName  - Qualified table names feature is disabled. Returning plain table name
147667 [main] DEBUG org.dbunit.util.QualifiedTableName  - getQualifiedName(prefix=null, name=SCOPEDCONTENT_SCOPEDCONTENTITEM, escapePattern=null) - start
147667 [main] DEBUG org.dbunit.database.search.AbstractMetaDataBasedSearchCallback  - newEdge(rs=org.apache.commons.dbcp.DelegatingResultSet@565e4cd3, type=1, from=SCOPEDCONTENTITEM, to=SCOPEDCONTENT_SCOPEDCONTENTITEM, fkColumn=SCOPED_CONTENT_ID, pkColumn=ID) - start
147667 [main] DEBUG org.dbunit.database.search.AbstractMetaDataBasedSearchCallback  - createFKEdge(rs=org.apache.commons.dbcp.DelegatingResultSet@565e4cd3, type=1, from=SCOPEDCONTENTITEM, to=SCOPEDCONTENT_SCOPEDCONTENTITEM, fkColumn=SCOPED_CONTENT_ID, pkColumn=ID) - start
147667 [main] DEBUG org.dbunit.database.search.AbstractMetaDataBasedSearchCallback  - Adding edge SCOPEDCONTENT_SCOPEDCONTENTITEM(SCOPED_CONTENT_ID)->SCOPEDCONTENTITEM(ID)
147667 [main] DEBUG org.dbunit.util.search.Edge  - compareTo(o=SCOPEDCONTENTCONDITIONS_SCOPEDCONTENTITEM(SCOPED_CONTENT_ITEM_ID)->SCOPEDCONTENTITEM(ID)) - start
147667 [main] DEBUG org.dbunit.util.SQLHelper  - close(resultSet=org.apache.commons.dbcp.DelegatingResultSet@565e4cd3) - start
147667 [main] DEBUG org.dbunit.util.search.DepthFirstSearch  - reverseSearch:SCOPEDCONTENTCONDITIONS_SCOPEDCONTENTITEM
147667 [main] DEBUG org.dbunit.database.search.ExportedKeysSearchCallback  - searchNode(node=SCOPEDCONTENTCONDITIONS_SCOPEDCONTENTITEM) - start
147668 [main] DEBUG org.dbunit.util.search.DepthFirstSearch  - Pushing (reverse) SCOPEDCONTENTCONDITIONS_SCOPEDCONTENTITEM
147668 [main] DEBUG org.dbunit.database.search.ExportedKeysSearchCallback  - getEdges(node=SCOPEDCONTENTCONDITIONS_SCOPEDCONTENTITEM) - start
147668 [main] DEBUG org.dbunit.database.search.AbstractMetaDataBasedSearchCallback  - getNodesFromExportedKeys(node=SCOPEDCONTENTCONDITIONS_SCOPEDCONTENTITEM) - start
147668 [main] DEBUG org.dbunit.database.search.AbstractMetaDataBasedSearchCallback  - getNodes(type=1, node=SCOPEDCONTENTCONDITIONS_SCOPEDCONTENTITEM) - start
147668 [main] DEBUG org.dbunit.database.DatabaseDataSourceConnection  - getConnection() - start
147668 [main] DEBUG org.dbunit.database.search.AbstractMetaDataBasedSearchCallback  - getNodes(type=1, node=SCOPEDCONTENTCONDITIONS_SCOPEDCONTENTITEM, conn=Transaction-aware proxy for target Connection [jdbc:hsqldb:mem:kontrollDS, UserName=sw, HSQL Database Engine Driver], schema=null, metaData=org.apache.commons.dbcp.DelegatingDatabaseMetaData@4905dcf1, edges=[]) - start
147668 [main] DEBUG org.dbunit.database.search.AbstractMetaDataBasedSearchCallback  - Getting edges for node SCOPEDCONTENTCONDITIONS_SCOPEDCONTENTITEM
147668 [main] TRACE org.dbunit.database.DatabaseConfig  - getProperty(name=http://www.dbunit.org/properties/metadataHandler) - start
147668 [main] TRACE org.dbunit.database.DefaultMetadataHandler  - tableExists(metaData=org.apache.commons.dbcp.DelegatingDatabaseMetaData@4905dcf1, schemaName=null, tableName=SCOPEDCONTENTCONDITIONS_SCOPEDCONTENTITEM) - start
147669 [main] DEBUG org.dbunit.util.SQLHelper  - close(resultSet=org.apache.commons.dbcp.DelegatingResultSet@5da48bec) - start
147669 [main] DEBUG org.dbunit.util.SQLHelper  - close(resultSet=org.apache.commons.dbcp.DelegatingResultSet@33347ce2) - start
147670 [main] DEBUG org.dbunit.util.search.DepthFirstSearch  - reverseSearch:SCOPEDCONTENT_SCOPEDCONTENTITEM
147670 [main] DEBUG org.dbunit.database.search.ExportedKeysSearchCallback  - searchNode(node=SCOPEDCONTENT_SCOPEDCONTENTITEM) - start
147670 [main] DEBUG org.dbunit.util.search.DepthFirstSearch  - Pushing (reverse) SCOPEDCONTENT_SCOPEDCONTENTITEM
147670 [main] DEBUG org.dbunit.database.search.ExportedKeysSearchCallback  - getEdges(node=SCOPEDCONTENT_SCOPEDCONTENTITEM) - start
147670 [main] DEBUG org.dbunit.database.search.AbstractMetaDataBasedSearchCallback  - getNodesFromExportedKeys(node=SCOPEDCONTENT_SCOPEDCONTENTITEM) - start
147670 [main] DEBUG org.dbunit.database.search.AbstractMetaDataBasedSearchCallback  - getNodes(type=1, node=SCOPEDCONTENT_SCOPEDCONTENTITEM) - start
147670 [main] DEBUG org.dbunit.database.DatabaseDataSourceConnection  - getConnection() - start
147670 [main] DEBUG org.dbunit.database.search.AbstractMetaDataBasedSearchCallback  - getNodes(type=1, node=SCOPEDCONTENT_SCOPEDCONTENTITEM, conn=Transaction-aware proxy for target Connection [jdbc:hsqldb:mem:kontrollDS, UserName=sw, HSQL Database Engine Driver], schema=null, metaData=org.apache.commons.dbcp.DelegatingDatabaseMetaData@3af2f3b1, edges=[]) - start
147670 [main] DEBUG org.dbunit.database.search.AbstractMetaDataBasedSearchCallback  - Getting edges for node SCOPEDCONTENT_SCOPEDCONTENTITEM
147670 [main] TRACE org.dbunit.database.DatabaseConfig  - getProperty(name=http://www.dbunit.org/properties/metadataHandler) - start
147670 [main] TRACE org.dbunit.database.DefaultMetadataHandler  - tableExists(metaData=org.apache.commons.dbcp.DelegatingDatabaseMetaData@3af2f3b1, schemaName=null, tableName=SCOPEDCONTENT_SCOPEDCONTENTITEM) - start
147671 [main] DEBUG org.dbunit.util.SQLHelper  - close(resultSet=org.apache.commons.dbcp.DelegatingResultSet@57a48b6b) - start
147672 [main] DEBUG org.dbunit.util.SQLHelper  - close(resultSet=org.apache.commons.dbcp.DelegatingResultSet@1076be9d) - start
147672 [main] DEBUG org.dbunit.util.search.DepthFirstSearch  - search:SCOPEDCONTENTCONDITIONS_SCOPEDCONTENTITEM
147672 [main] DEBUG org.dbunit.database.search.ExportedKeysSearchCallback  - searchNode(node=SCOPEDCONTENTCONDITIONS_SCOPEDCONTENTITEM) - start
147672 [main] DEBUG org.dbunit.util.search.DepthFirstSearch  - Pushing SCOPEDCONTENTCONDITIONS_SCOPEDCONTENTITEM
147672 [main] DEBUG org.dbunit.database.search.ExportedKeysSearchCallback  - getEdges(node=SCOPEDCONTENTCONDITIONS_SCOPEDCONTENTITEM) - start
147672 [main] DEBUG org.dbunit.database.search.AbstractMetaDataBasedSearchCallback  - getNodesFromExportedKeys(node=SCOPEDCONTENTCONDITIONS_SCOPEDCONTENTITEM) - start
147672 [main] DEBUG org.dbunit.database.search.AbstractMetaDataBasedSearchCallback  - getNodes(type=1, node=SCOPEDCONTENTCONDITIONS_SCOPEDCONTENTITEM) - start
147672 [main] DEBUG org.dbunit.database.DatabaseDataSourceConnection  - getConnection() - start
147672 [main] DEBUG org.dbunit.database.search.AbstractMetaDataBasedSearchCallback  - getNodes(type=1, node=SCOPEDCONTENTCONDITIONS_SCOPEDCONTENTITEM, conn=Transaction-aware proxy for target Connection [jdbc:hsqldb:mem:kontrollDS, UserName=sw, HSQL Database Engine Driver], schema=null, metaData=org.apache.commons.dbcp.DelegatingDatabaseMetaData@63dc3ddc, edges=[]) - start
147672 [main] DEBUG org.dbunit.database.search.AbstractMetaDataBasedSearchCallback  - Getting edges for node SCOPEDCONTENTCONDITIONS_SCOPEDCONTENTITEM
147672 [main] TRACE org.dbunit.database.DatabaseConfig  - getProperty(name=http://www.dbunit.org/properties/metadataHandler) - start
147672 [main] TRACE org.dbunit.database.DefaultMetadataHandler  - tableExists(metaData=org.apache.commons.dbcp.DelegatingDatabaseMetaData@63dc3ddc, schemaName=null, tableName=SCOPEDCONTENTCONDITIONS_SCOPEDCONTENTITEM) - start
147673 [main] DEBUG org.dbunit.util.SQLHelper  - close(resultSet=org.apache.commons.dbcp.DelegatingResultSet@6b64be0a) - start
147674 [main] DEBUG org.dbunit.util.SQLHelper  - close(resultSet=org.apache.commons.dbcp.DelegatingResultSet@7761810c) - start
147674 [main] DEBUG org.dbunit.util.search.DepthFirstSearch  - Adding node SCOPEDCONTENTCONDITIONS_SCOPEDCONTENTITEM to the final result
147674 [main] DEBUG org.dbunit.util.search.DepthFirstSearch  - search:SCOPEDCONTENT_SCOPEDCONTENTITEM
147674 [main] DEBUG org.dbunit.database.search.ExportedKeysSearchCallback  - searchNode(node=SCOPEDCONTENT_SCOPEDCONTENTITEM) - start
147674 [main] DEBUG org.dbunit.util.search.DepthFirstSearch  - Pushing SCOPEDCONTENT_SCOPEDCONTENTITEM
147674 [main] DEBUG org.dbunit.database.search.ExportedKeysSearchCallback  - getEdges(node=SCOPEDCONTENT_SCOPEDCONTENTITEM) - start
147674 [main] DEBUG org.dbunit.database.search.AbstractMetaDataBasedSearchCallback  - getNodesFromExportedKeys(node=SCOPEDCONTENT_SCOPEDCONTENTITEM) - start
147674 [main] DEBUG org.dbunit.database.search.AbstractMetaDataBasedSearchCallback  - getNodes(type=1, node=SCOPEDCONTENT_SCOPEDCONTENTITEM) - start
147674 [main] DEBUG org.dbunit.database.DatabaseDataSourceConnection  - getConnection() - start
147674 [main] DEBUG org.dbunit.database.search.AbstractMetaDataBasedSearchCallback  - getNodes(type=1, node=SCOPEDCONTENT_SCOPEDCONTENTITEM, conn=Transaction-aware proxy for target Connection [jdbc:hsqldb:mem:kontrollDS, UserName=sw, HSQL Database Engine Driver], schema=null, metaData=org.apache.commons.dbcp.DelegatingDatabaseMetaData@225f780f, edges=[]) - start
147674 [main] DEBUG org.dbunit.database.search.AbstractMetaDataBasedSearchCallback  - Getting edges for node SCOPEDCONTENT_SCOPEDCONTENTITEM
147674 [main] TRACE org.dbunit.database.DatabaseConfig  - getProperty(name=http://www.dbunit.org/properties/metadataHandler) - start
147675 [main] TRACE org.dbunit.database.DefaultMetadataHandler  - tableExists(metaData=org.apache.commons.dbcp.DelegatingDatabaseMetaData@225f780f, schemaName=null, tableName=SCOPEDCONTENT_SCOPEDCONTENTITEM) - start
147676 [main] DEBUG org.dbunit.util.SQLHelper  - close(resultSet=org.apache.commons.dbcp.DelegatingResultSet@4e22e291) - start
147676 [main] DEBUG org.dbunit.util.SQLHelper  - close(resultSet=org.apache.commons.dbcp.DelegatingResultSet@75a94720) - start
147676 [main] DEBUG org.dbunit.util.search.DepthFirstSearch  - Adding node SCOPEDCONTENT_SCOPEDCONTENTITEM to the final result
147676 [main] DEBUG org.dbunit.util.search.DepthFirstSearch  - search:SCOPEDCONTENTITEM
147676 [main] DEBUG org.dbunit.database.search.ExportedKeysSearchCallback  - searchNode(node=SCOPEDCONTENTITEM) - start
147676 [main] DEBUG org.dbunit.util.search.DepthFirstSearch  - Pushing SCOPEDCONTENTITEM
147676 [main] DEBUG org.dbunit.database.search.ExportedKeysSearchCallback  - getEdges(node=SCOPEDCONTENTITEM) - start
147676 [main] DEBUG org.dbunit.database.search.AbstractMetaDataBasedSearchCallback  - getNodesFromExportedKeys(node=SCOPEDCONTENTITEM) - start
147676 [main] DEBUG org.dbunit.database.search.AbstractMetaDataBasedSearchCallback  - getNodes(type=1, node=SCOPEDCONTENTITEM) - start
147676 [main] DEBUG org.dbunit.database.DatabaseDataSourceConnection  - getConnection() - start
147676 [main] DEBUG org.dbunit.database.search.AbstractMetaDataBasedSearchCallback  - getNodes(type=1, node=SCOPEDCONTENTITEM, conn=Transaction-aware proxy for target Connection [jdbc:hsqldb:mem:kontrollDS, UserName=sw, HSQL Database Engine Driver], schema=null, metaData=org.apache.commons.dbcp.DelegatingDatabaseMetaData@3c7cc239, edges=[]) - start
147677 [main] DEBUG org.dbunit.database.search.AbstractMetaDataBasedSearchCallback  - Getting edges for node SCOPEDCONTENTITEM
147677 [main] TRACE org.dbunit.database.DatabaseConfig  - getProperty(name=http://www.dbunit.org/properties/metadataHandler) - start
147677 [main] TRACE org.dbunit.database.DefaultMetadataHandler  - tableExists(metaData=org.apache.commons.dbcp.DelegatingDatabaseMetaData@3c7cc239, schemaName=null, tableName=SCOPEDCONTENTITEM) - start
147678 [main] DEBUG org.dbunit.util.SQLHelper  - close(resultSet=org.apache.commons.dbcp.DelegatingResultSet@290e965f) - start
147678 [main] DEBUG org.dbunit.util.QualifiedTableName  - getQualifiedNameIfEnabled(config=org.dbunit.database.DatabaseConfig[, _propertyMap={http://www.dbunit.org/properties/statementFactory=org.dbunit.database.statement.PreparedStatementFactory@626bc2b8, http://www.dbunit.org/features/caseSensitiveTableNames=false, http://www.dbunit.org/properties/fetchSize=100, http://www.dbunit.org/features/batchedStatements=false, http://www.dbunit.org/properties/metadataHandler=org.dbunit.database.DefaultMetadataHandler@3bbfdfde, http://www.dbunit.org/properties/datatypeFactory=org.dbunit.dataset.datatype.DefaultDataTypeFactory[_toleratedDeltaMap=org.dbunit.dataset.datatype.ToleratedDeltaMap@6452310a], http://www.dbunit.org/properties/escapePattern=null, http://www.dbunit.org/properties/batchSize=100, http://www.dbunit.org/features/qualifiedTableNames=false, http://www.dbunit.org/properties/tableType=[Ljava.lang.String;@5011bafa, http://www.dbunit.org/properties/resultSetTableFactory=org.dbunit.database.CachedResultSetTableFactory@10bcf083, http://www.dbunit.org/features/datatypeWarning=true}]) - start
147678 [main] TRACE org.dbunit.database.DatabaseConfig  - getFeature(name=http://www.dbunit.org/features/qualifiedTableNames) - start
147678 [main] TRACE org.dbunit.database.DatabaseConfig  - getProperty(name=http://www.dbunit.org/features/qualifiedTableNames) - start
147678 [main] DEBUG org.dbunit.util.QualifiedTableName  - Qualified table names feature is disabled. Returning plain table name
147678 [main] DEBUG org.dbunit.util.QualifiedTableName  - getQualifiedName(prefix=null, name=SCOPEDCONTENTITEM, escapePattern=null) - start
147678 [main] DEBUG org.dbunit.util.QualifiedTableName  - getQualifiedNameIfEnabled(config=org.dbunit.database.DatabaseConfig[, _propertyMap={http://www.dbunit.org/properties/statementFactory=org.dbunit.database.statement.PreparedStatementFactory@626bc2b8, http://www.dbunit.org/features/caseSensitiveTableNames=false, http://www.dbunit.org/properties/fetchSize=100, http://www.dbunit.org/features/batchedStatements=false, http://www.dbunit.org/properties/metadataHandler=org.dbunit.database.DefaultMetadataHandler@3bbfdfde, http://www.dbunit.org/properties/datatypeFactory=org.dbunit.dataset.datatype.DefaultDataTypeFactory[_toleratedDeltaMap=org.dbunit.dataset.datatype.ToleratedDeltaMap@6452310a], http://www.dbunit.org/properties/escapePattern=null, http://www.dbunit.org/properties/batchSize=100, http://www.dbunit.org/features/qualifiedTableNames=false, http://www.dbunit.org/properties/tableType=[Ljava.lang.String;@5011bafa, http://www.dbunit.org/properties/resultSetTableFactory=org.dbunit.database.CachedResultSetTableFactory@10bcf083, http://www.dbunit.org/features/datatypeWarning=true}]) - start
147678 [main] TRACE org.dbunit.database.DatabaseConfig  - getFeature(name=http://www.dbunit.org/features/qualifiedTableNames) - start
147679 [main] TRACE org.dbunit.database.DatabaseConfig  - getProperty(name=http://www.dbunit.org/features/qualifiedTableNames) - start
147679 [main] DEBUG org.dbunit.util.QualifiedTableName  - Qualified table names feature is disabled. Returning plain table name
147679 [main] DEBUG org.dbunit.util.QualifiedTableName  - getQualifiedName(prefix=null, name=SCOPEDCONTENTCONDITIONS_SCOPEDCONTENTITEM, escapePattern=null) - start
147679 [main] DEBUG org.dbunit.database.search.AbstractMetaDataBasedSearchCallback  - newEdge(rs=org.apache.commons.dbcp.DelegatingResultSet@1d9d9f86, type=1, from=SCOPEDCONTENTITEM, to=SCOPEDCONTENTCONDITIONS_SCOPEDCONTENTITEM, fkColumn=SCOPED_CONTENT_ITEM_ID, pkColumn=ID) - start
147679 [main] DEBUG org.dbunit.database.search.AbstractMetaDataBasedSearchCallback  - createFKEdge(rs=org.apache.commons.dbcp.DelegatingResultSet@1d9d9f86, type=1, from=SCOPEDCONTENTITEM, to=SCOPEDCONTENTCONDITIONS_SCOPEDCONTENTITEM, fkColumn=SCOPED_CONTENT_ITEM_ID, pkColumn=ID) - start
147679 [main] DEBUG org.dbunit.database.search.AbstractMetaDataBasedSearchCallback  - Adding edge SCOPEDCONTENTCONDITIONS_SCOPEDCONTENTITEM(SCOPED_CONTENT_ITEM_ID)->SCOPEDCONTENTITEM(ID)
147679 [main] DEBUG org.dbunit.util.search.Edge  - compareTo(o=SCOPEDCONTENTCONDITIONS_SCOPEDCONTENTITEM(SCOPED_CONTENT_ITEM_ID)->SCOPEDCONTENTITEM(ID)) - start
147679 [main] DEBUG org.dbunit.util.QualifiedTableName  - getQualifiedNameIfEnabled(config=org.dbunit.database.DatabaseConfig[, _propertyMap={http://www.dbunit.org/properties/statementFactory=org.dbunit.database.statement.PreparedStatementFactory@626bc2b8, http://www.dbunit.org/features/caseSensitiveTableNames=false, http://www.dbunit.org/properties/fetchSize=100, http://www.dbunit.org/features/batchedStatements=false, http://www.dbunit.org/properties/metadataHandler=org.dbunit.database.DefaultMetadataHandler@3bbfdfde, http://www.dbunit.org/properties/datatypeFactory=org.dbunit.dataset.datatype.DefaultDataTypeFactory[_toleratedDeltaMap=org.dbunit.dataset.datatype.ToleratedDeltaMap@6452310a], http://www.dbunit.org/properties/escapePattern=null, http://www.dbunit.org/properties/batchSize=100, http://www.dbunit.org/features/qualifiedTableNames=false, http://www.dbunit.org/properties/tableType=[Ljava.lang.String;@5011bafa, http://www.dbunit.org/properties/resultSetTableFactory=org.dbunit.database.CachedResultSetTableFactory@10bcf083, http://www.dbunit.org/features/datatypeWarning=true}]) - start
147679 [main] TRACE org.dbunit.database.DatabaseConfig  - getFeature(name=http://www.dbunit.org/features/qualifiedTableNames) - start
147679 [main] TRACE org.dbunit.database.DatabaseConfig  - getProperty(name=http://www.dbunit.org/features/qualifiedTableNames) - start
147679 [main] DEBUG org.dbunit.util.QualifiedTableName  - Qualified table names feature is disabled. Returning plain table name
147679 [main] DEBUG org.dbunit.util.QualifiedTableName  - getQualifiedName(prefix=null, name=SCOPEDCONTENTITEM, escapePattern=null) - start
147680 [main] DEBUG org.dbunit.util.QualifiedTableName  - getQualifiedNameIfEnabled(config=org.dbunit.database.DatabaseConfig[, _propertyMap={http://www.dbunit.org/properties/statementFactory=org.dbunit.database.statement.PreparedStatementFactory@626bc2b8, http://www.dbunit.org/features/caseSensitiveTableNames=false, http://www.dbunit.org/properties/fetchSize=100, http://www.dbunit.org/features/batchedStatements=false, http://www.dbunit.org/properties/metadataHandler=org.dbunit.database.DefaultMetadataHandler@3bbfdfde, http://www.dbunit.org/properties/datatypeFactory=org.dbunit.dataset.datatype.DefaultDataTypeFactory[_toleratedDeltaMap=org.dbunit.dataset.datatype.ToleratedDeltaMap@6452310a], http://www.dbunit.org/properties/escapePattern=null, http://www.dbunit.org/properties/batchSize=100, http://www.dbunit.org/features/qualifiedTableNames=false, http://www.dbunit.org/properties/tableType=[Ljava.lang.String;@5011bafa, http://www.dbunit.org/properties/resultSetTableFactory=org.dbunit.database.CachedResultSetTableFactory@10bcf083, http://www.dbunit.org/features/datatypeWarning=true}]) - start
147680 [main] TRACE org.dbunit.database.DatabaseConfig  - getFeature(name=http://www.dbunit.org/features/qualifiedTableNames) - start
147680 [main] TRACE org.dbunit.database.DatabaseConfig  - getProperty(name=http://www.dbunit.org/features/qualifiedTableNames) - start
147680 [main] DEBUG org.dbunit.util.QualifiedTableName  - Qualified table names feature is disabled. Returning plain table name
147680 [main] DEBUG org.dbunit.util.QualifiedTableName  - getQualifiedName(prefix=null, name=SCOPEDCONTENT_SCOPEDCONTENTITEM, escapePattern=null) - start
147680 [main] DEBUG org.dbunit.database.search.AbstractMetaDataBasedSearchCallback  - newEdge(rs=org.apache.commons.dbcp.DelegatingResultSet@1d9d9f86, type=1, from=SCOPEDCONTENTITEM, to=SCOPEDCONTENT_SCOPEDCONTENTITEM, fkColumn=SCOPED_CONTENT_ID, pkColumn=ID) - start
147680 [main] DEBUG org.dbunit.database.search.AbstractMetaDataBasedSearchCallback  - createFKEdge(rs=org.apache.commons.dbcp.DelegatingResultSet@1d9d9f86, type=1, from=SCOPEDCONTENTITEM, to=SCOPEDCONTENT_SCOPEDCONTENTITEM, fkColumn=SCOPED_CONTENT_ID, pkColumn=ID) - start
147680 [main] DEBUG org.dbunit.database.search.AbstractMetaDataBasedSearchCallback  - Adding edge SCOPEDCONTENT_SCOPEDCONTENTITEM(SCOPED_CONTENT_ID)->SCOPEDCONTENTITEM(ID)
147680 [main] DEBUG org.dbunit.util.search.Edge  - compareTo(o=SCOPEDCONTENTCONDITIONS_SCOPEDCONTENTITEM(SCOPED_CONTENT_ITEM_ID)->SCOPEDCONTENTITEM(ID)) - start
147680 [main] DEBUG org.dbunit.util.SQLHelper  - close(resultSet=org.apache.commons.dbcp.DelegatingResultSet@1d9d9f86) - start
147680 [main] DEBUG org.dbunit.util.search.DepthFirstSearch  - search:SCOPEDCONTENTITEM
147680 [main] DEBUG org.dbunit.util.search.DepthFirstSearch  - already searched; returning true
147680 [main] DEBUG org.dbunit.util.search.DepthFirstSearch  - search:SCOPEDCONTENTITEM
147681 [main] DEBUG org.dbunit.util.search.DepthFirstSearch  - already searched; returning true
147681 [main] DEBUG org.dbunit.util.search.DepthFirstSearch  - Adding node SCOPEDCONTENTITEM to the final result
147681 [main] DEBUG org.dbunit.util.CollectionsHelper  - setToStrings(set=[SCOPEDCONTENTCONDITIONS_SCOPEDCONTENTITEM, SCOPEDCONTENT_SCOPEDCONTENTITEM, SCOPEDCONTENTITEM]) - start
147681 [main] DEBUG org.dbunit.database.search.TablesDependencyHelper  - getDirectDependsOnTables(connection=_databaseConfig=org.dbunit.database.DatabaseConfig[, _propertyMap={http://www.dbunit.org/properties/statementFactory=org.dbunit.database.statement.PreparedStatementFactory@626bc2b8, http://www.dbunit.org/features/caseSensitiveTableNames=false, http://www.dbunit.org/properties/fetchSize=100, http://www.dbunit.org/features/batchedStatements=false, http://www.dbunit.org/properties/metadataHandler=org.dbunit.database.DefaultMetadataHandler@3bbfdfde, http://www.dbunit.org/properties/datatypeFactory=org.dbunit.dataset.datatype.DefaultDataTypeFactory[_toleratedDeltaMap=org.dbunit.dataset.datatype.ToleratedDeltaMap@6452310a], http://www.dbunit.org/properties/escapePattern=null, http://www.dbunit.org/properties/batchSize=100, http://www.dbunit.org/features/qualifiedTableNames=false, http://www.dbunit.org/properties/tableType=[Ljava.lang.String;@5011bafa, http://www.dbunit.org/properties/resultSetTableFactory=org.dbunit.database.CachedResultSetTableFactory@10bcf083, http://www.dbunit.org/features/datatypeWarning=true}], _dataSet=AbstractDataSet[_orderedTableNameMap=null], tableName=SCOPEDCONTENTITEM) - start
147681 [main] DEBUG org.dbunit.util.search.DepthFirstSearch  - search(nodesFrom=[SCOPEDCONTENTITEM], callback=org.dbunit.database.search.ExportedKeysSearchCallback@5570ce40) - start
147681 [main] DEBUG org.dbunit.util.CollectionsHelper  - objectsToSet(objects=SCOPEDCONTENTITEM) - start
147681 [main] DEBUG org.dbunit.util.search.DepthFirstSearch  - search(nodesFrom=[SCOPEDCONTENTITEM], callback=org.dbunit.database.search.ExportedKeysSearchCallback@5570ce40) - start
147681 [main] DEBUG org.dbunit.util.search.DepthFirstSearch  - reverseSearch:SCOPEDCONTENTITEM
147681 [main] DEBUG org.dbunit.database.search.ExportedKeysSearchCallback  - searchNode(node=SCOPEDCONTENTITEM) - start
147682 [main] DEBUG org.dbunit.util.search.DepthFirstSearch  - Pushing (reverse) SCOPEDCONTENTITEM
147682 [main] DEBUG org.dbunit.database.search.ExportedKeysSearchCallback  - getEdges(node=SCOPEDCONTENTITEM) - start
147682 [main] DEBUG org.dbunit.database.search.AbstractMetaDataBasedSearchCallback  - getNodesFromExportedKeys(node=SCOPEDCONTENTITEM) - start
147682 [main] DEBUG org.dbunit.database.search.AbstractMetaDataBasedSearchCallback  - getNodes(type=1, node=SCOPEDCONTENTITEM) - start
147682 [main] DEBUG org.dbunit.database.DatabaseDataSourceConnection  - getConnection() - start
147682 [main] DEBUG org.dbunit.database.search.AbstractMetaDataBasedSearchCallback  - getNodes(type=1, node=SCOPEDCONTENTITEM, conn=Transaction-aware proxy for target Connection [jdbc:hsqldb:mem:kontrollDS, UserName=sw, HSQL Database Engine Driver], schema=null, metaData=org.apache.commons.dbcp.DelegatingDatabaseMetaData@60f4f792, edges=[]) - start
147682 [main] DEBUG org.dbunit.database.search.AbstractMetaDataBasedSearchCallback  - Getting edges for node SCOPEDCONTENTITEM
147682 [main] TRACE org.dbunit.database.DatabaseConfig  - getProperty(name=http://www.dbunit.org/properties/metadataHandler) - start
147682 [main] TRACE org.dbunit.database.DefaultMetadataHandler  - tableExists(metaData=org.apache.commons.dbcp.DelegatingDatabaseMetaData@60f4f792, schemaName=null, tableName=SCOPEDCONTENTITEM) - start
147683 [main] DEBUG org.dbunit.util.SQLHelper  - close(resultSet=org.apache.commons.dbcp.DelegatingResultSet@67810997) - start
147684 [main] DEBUG org.dbunit.util.QualifiedTableName  - getQualifiedNameIfEnabled(config=org.dbunit.database.DatabaseConfig[, _propertyMap={http://www.dbunit.org/properties/statementFactory=org.dbunit.database.statement.PreparedStatementFactory@626bc2b8, http://www.dbunit.org/features/caseSensitiveTableNames=false, http://www.dbunit.org/properties/fetchSize=100, http://www.dbunit.org/features/batchedStatements=false, http://www.dbunit.org/properties/metadataHandler=org.dbunit.database.DefaultMetadataHandler@3bbfdfde, http://www.dbunit.org/properties/datatypeFactory=org.dbunit.dataset.datatype.DefaultDataTypeFactory[_toleratedDeltaMap=org.dbunit.dataset.datatype.ToleratedDeltaMap@6452310a], http://www.dbunit.org/properties/escapePattern=null, http://www.dbunit.org/properties/batchSize=100, http://www.dbunit.org/features/qualifiedTableNames=false, http://www.dbunit.org/properties/tableType=[Ljava.lang.String;@5011bafa, http://www.dbunit.org/properties/resultSetTableFactory=org.dbunit.database.CachedResultSetTableFactory@10bcf083, http://www.dbunit.org/features/datatypeWarning=true}]) - start
147684 [main] TRACE org.dbunit.database.DatabaseConfig  - getFeature(name=http://www.dbunit.org/features/qualifiedTableNames) - start
147684 [main] TRACE org.dbunit.database.DatabaseConfig  - getProperty(name=http://www.dbunit.org/features/qualifiedTableNames) - start
147684 [main] DEBUG org.dbunit.util.QualifiedTableName  - Qualified table names feature is disabled. Returning plain table name
147684 [main] DEBUG org.dbunit.util.QualifiedTableName  - getQualifiedName(prefix=null, name=SCOPEDCONTENTITEM, escapePattern=null) - start
147684 [main] DEBUG org.dbunit.util.QualifiedTableName  - getQualifiedNameIfEnabled(config=org.dbunit.database.DatabaseConfig[, _propertyMap={http://www.dbunit.org/properties/statementFactory=org.dbunit.database.statement.PreparedStatementFactory@626bc2b8, http://www.dbunit.org/features/caseSensitiveTableNames=false, http://www.dbunit.org/properties/fetchSize=100, http://www.dbunit.org/features/batchedStatements=false, http://www.dbunit.org/properties/metadataHandler=org.dbunit.database.DefaultMetadataHandler@3bbfdfde, http://www.dbunit.org/properties/datatypeFactory=org.dbunit.dataset.datatype.DefaultDataTypeFactory[_toleratedDeltaMap=org.dbunit.dataset.datatype.ToleratedDeltaMap@6452310a], http://www.dbunit.org/properties/escapePattern=null, http://www.dbunit.org/properties/batchSize=100, http://www.dbunit.org/features/qualifiedTableNames=false, http://www.dbunit.org/properties/tableType=[Ljava.lang.String;@5011bafa, http://www.dbunit.org/properties/resultSetTableFactory=org.dbunit.database.CachedResultSetTableFactory@10bcf083, http://www.dbunit.org/features/datatypeWarning=true}]) - start
147684 [main] TRACE org.dbunit.database.DatabaseConfig  - getFeature(name=http://www.dbunit.org/features/qualifiedTableNames) - start
147684 [main] TRACE org.dbunit.database.DatabaseConfig  - getProperty(name=http://www.dbunit.org/features/qualifiedTableNames) - start
147684 [main] DEBUG org.dbunit.util.QualifiedTableName  - Qualified table names feature is disabled. Returning plain table name
147684 [main] DEBUG org.dbunit.util.QualifiedTableName  - getQualifiedName(prefix=null, name=SCOPEDCONTENTCONDITIONS_SCOPEDCONTENTITEM, escapePattern=null) - start
147685 [main] DEBUG org.dbunit.database.search.AbstractMetaDataBasedSearchCallback  - newEdge(rs=org.apache.commons.dbcp.DelegatingResultSet@2e7d99bf, type=1, from=SCOPEDCONTENTITEM, to=SCOPEDCONTENTCONDITIONS_SCOPEDCONTENTITEM, fkColumn=SCOPED_CONTENT_ITEM_ID, pkColumn=ID) - start
147685 [main] DEBUG org.dbunit.database.search.AbstractMetaDataBasedSearchCallback  - createFKEdge(rs=org.apache.commons.dbcp.DelegatingResultSet@2e7d99bf, type=1, from=SCOPEDCONTENTITEM, to=SCOPEDCONTENTCONDITIONS_SCOPEDCONTENTITEM, fkColumn=SCOPED_CONTENT_ITEM_ID, pkColumn=ID) - start
147685 [main] DEBUG org.dbunit.database.search.AbstractMetaDataBasedSearchCallback  - Adding edge SCOPEDCONTENTCONDITIONS_SCOPEDCONTENTITEM(SCOPED_CONTENT_ITEM_ID)->SCOPEDCONTENTITEM(ID)
147685 [main] DEBUG org.dbunit.util.search.Edge  - compareTo(o=SCOPEDCONTENTCONDITIONS_SCOPEDCONTENTITEM(SCOPED_CONTENT_ITEM_ID)->SCOPEDCONTENTITEM(ID)) - start
147685 [main] DEBUG org.dbunit.util.QualifiedTableName  - getQualifiedNameIfEnabled(config=org.dbunit.database.DatabaseConfig[, _propertyMap={http://www.dbunit.org/properties/statementFactory=org.dbunit.database.statement.PreparedStatementFactory@626bc2b8, http://www.dbunit.org/features/caseSensitiveTableNames=false, http://www.dbunit.org/properties/fetchSize=100, http://www.dbunit.org/features/batchedStatements=false, http://www.dbunit.org/properties/metadataHandler=org.dbunit.database.DefaultMetadataHandler@3bbfdfde, http://www.dbunit.org/properties/datatypeFactory=org.dbunit.dataset.datatype.DefaultDataTypeFactory[_toleratedDeltaMap=org.dbunit.dataset.datatype.ToleratedDeltaMap@6452310a], http://www.dbunit.org/properties/escapePattern=null, http://www.dbunit.org/properties/batchSize=100, http://www.dbunit.org/features/qualifiedTableNames=false, http://www.dbunit.org/properties/tableType=[Ljava.lang.String;@5011bafa, http://www.dbunit.org/properties/resultSetTableFactory=org.dbunit.database.CachedResultSetTableFactory@10bcf083, http://www.dbunit.org/features/datatypeWarning=true}]) - start
147685 [main] TRACE org.dbunit.database.DatabaseConfig  - getFeature(name=http://www.dbunit.org/features/qualifiedTableNames) - start
147685 [main] TRACE org.dbunit.database.DatabaseConfig  - getProperty(name=http://www.dbunit.org/features/qualifiedTableNames) - start
147685 [main] DEBUG org.dbunit.util.QualifiedTableName  - Qualified table names feature is disabled. Returning plain table name
147685 [main] DEBUG org.dbunit.util.QualifiedTableName  - getQualifiedName(prefix=null, name=SCOPEDCONTENTITEM, escapePattern=null) - start
147685 [main] DEBUG org.dbunit.util.QualifiedTableName  - getQualifiedNameIfEnabled(config=org.dbunit.database.DatabaseConfig[, _propertyMap={http://www.dbunit.org/properties/statementFactory=org.dbunit.database.statement.PreparedStatementFactory@626bc2b8, http://www.dbunit.org/features/caseSensitiveTableNames=false, http://www.dbunit.org/properties/fetchSize=100, http://www.dbunit.org/features/batchedStatements=false, http://www.dbunit.org/properties/metadataHandler=org.dbunit.database.DefaultMetadataHandler@3bbfdfde, http://www.dbunit.org/properties/datatypeFactory=org.dbunit.dataset.datatype.DefaultDataTypeFactory[_toleratedDeltaMap=org.dbunit.dataset.datatype.ToleratedDeltaMap@6452310a], http://www.dbunit.org/properties/escapePattern=null, http://www.dbunit.org/properties/batchSize=100, http://www.dbunit.org/features/qualifiedTableNames=false, http://www.dbunit.org/properties/tableType=[Ljava.lang.String;@5011bafa, http://www.dbunit.org/properties/resultSetTableFactory=org.dbunit.database.CachedResultSetTableFactory@10bcf083, http://www.dbunit.org/features/datatypeWarning=true}]) - start
147685 [main] TRACE org.dbunit.database.DatabaseConfig  - getFeature(name=http://www.dbunit.org/features/qualifiedTableNames) - start
147685 [main] TRACE org.dbunit.database.DatabaseConfig  - getProperty(name=http://www.dbunit.org/features/qualifiedTableNames) - start
147686 [main] DEBUG org.dbunit.util.QualifiedTableName  - Qualified table names feature is disabled. Returning plain table name
147686 [main] DEBUG org.dbunit.util.QualifiedTableName  - getQualifiedName(prefix=null, name=SCOPEDCONTENT_SCOPEDCONTENTITEM, escapePattern=null) - start
147686 [main] DEBUG org.dbunit.database.search.AbstractMetaDataBasedSearchCallback  - newEdge(rs=org.apache.commons.dbcp.DelegatingResultSet@2e7d99bf, type=1, from=SCOPEDCONTENTITEM, to=SCOPEDCONTENT_SCOPEDCONTENTITEM, fkColumn=SCOPED_CONTENT_ID, pkColumn=ID) - start
147686 [main] DEBUG org.dbunit.database.search.AbstractMetaDataBasedSearchCallback  - createFKEdge(rs=org.apache.commons.dbcp.DelegatingResultSet@2e7d99bf, type=1, from=SCOPEDCONTENTITEM, to=SCOPEDCONTENT_SCOPEDCONTENTITEM, fkColumn=SCOPED_CONTENT_ID, pkColumn=ID) - start
147686 [main] DEBUG org.dbunit.database.search.AbstractMetaDataBasedSearchCallback  - Adding edge SCOPEDCONTENT_SCOPEDCONTENTITEM(SCOPED_CONTENT_ID)->SCOPEDCONTENTITEM(ID)
147686 [main] DEBUG org.dbunit.util.search.Edge  - compareTo(o=SCOPEDCONTENTCONDITIONS_SCOPEDCONTENTITEM(SCOPED_CONTENT_ITEM_ID)->SCOPEDCONTENTITEM(ID)) - start
147686 [main] DEBUG org.dbunit.util.SQLHelper  - close(resultSet=org.apache.commons.dbcp.DelegatingResultSet@2e7d99bf) - start
147686 [main] DEBUG org.dbunit.util.search.DepthFirstSearch  - reverseSearch:SCOPEDCONTENTCONDITIONS_SCOPEDCONTENTITEM
147686 [main] DEBUG org.dbunit.database.search.ExportedKeysSearchCallback  - searchNode(node=SCOPEDCONTENTCONDITIONS_SCOPEDCONTENTITEM) - start
147686 [main] DEBUG org.dbunit.util.search.DepthFirstSearch  - Pushing (reverse) SCOPEDCONTENTCONDITIONS_SCOPEDCONTENTITEM
147686 [main] DEBUG org.dbunit.database.search.ExportedKeysSearchCallback  - getEdges(node=SCOPEDCONTENTCONDITIONS_SCOPEDCONTENTITEM) - start
147686 [main] DEBUG org.dbunit.database.search.AbstractMetaDataBasedSearchCallback  - getNodesFromExportedKeys(node=SCOPEDCONTENTCONDITIONS_SCOPEDCONTENTITEM) - start
147687 [main] DEBUG org.dbunit.database.search.AbstractMetaDataBasedSearchCallback  - getNodes(type=1, node=SCOPEDCONTENTCONDITIONS_SCOPEDCONTENTITEM) - start
147687 [main] DEBUG org.dbunit.database.DatabaseDataSourceConnection  - getConnection() - start
147687 [main] DEBUG org.dbunit.database.search.AbstractMetaDataBasedSearchCallback  - getNodes(type=1, node=SCOPEDCONTENTCONDITIONS_SCOPEDCONTENTITEM, conn=Transaction-aware proxy for target Connection [jdbc:hsqldb:mem:kontrollDS, UserName=sw, HSQL Database Engine Driver], schema=null, metaData=org.apache.commons.dbcp.DelegatingDatabaseMetaData@37f8e271, edges=[]) - start
147687 [main] DEBUG org.dbunit.database.search.AbstractMetaDataBasedSearchCallback  - Getting edges for node SCOPEDCONTENTCONDITIONS_SCOPEDCONTENTITEM
147687 [main] TRACE org.dbunit.database.DatabaseConfig  - getProperty(name=http://www.dbunit.org/properties/metadataHandler) - start
147687 [main] TRACE org.dbunit.database.DefaultMetadataHandler  - tableExists(metaData=org.apache.commons.dbcp.DelegatingDatabaseMetaData@37f8e271, schemaName=null, tableName=SCOPEDCONTENTCONDITIONS_SCOPEDCONTENTITEM) - start
147688 [main] DEBUG org.dbunit.util.SQLHelper  - close(resultSet=org.apache.commons.dbcp.DelegatingResultSet@766d908f) - start
147688 [main] DEBUG org.dbunit.util.SQLHelper  - close(resultSet=org.apache.commons.dbcp.DelegatingResultSet@27036467) - start
147688 [main] DEBUG org.dbunit.util.search.DepthFirstSearch  - reverseSearch:SCOPEDCONTENT_SCOPEDCONTENTITEM
147688 [main] DEBUG org.dbunit.database.search.ExportedKeysSearchCallback  - searchNode(node=SCOPEDCONTENT_SCOPEDCONTENTITEM) - start
147689 [main] DEBUG org.dbunit.util.search.DepthFirstSearch  - Pushing (reverse) SCOPEDCONTENT_SCOPEDCONTENTITEM
147689 [main] DEBUG org.dbunit.util.search.DepthFirstSearch  - search:SCOPEDCONTENTCONDITIONS_SCOPEDCONTENTITEM
147689 [main] DEBUG org.dbunit.database.search.ExportedKeysSearchCallback  - searchNode(node=SCOPEDCONTENTCONDITIONS_SCOPEDCONTENTITEM) - start
147689 [main] DEBUG org.dbunit.util.search.DepthFirstSearch  - Pushing SCOPEDCONTENTCONDITIONS_SCOPEDCONTENTITEM
147689 [main] DEBUG org.dbunit.database.search.ExportedKeysSearchCallback  - getEdges(node=SCOPEDCONTENTCONDITIONS_SCOPEDCONTENTITEM) - start
147689 [main] DEBUG org.dbunit.database.search.AbstractMetaDataBasedSearchCallback  - getNodesFromExportedKeys(node=SCOPEDCONTENTCONDITIONS_SCOPEDCONTENTITEM) - start
147689 [main] DEBUG org.dbunit.database.search.AbstractMetaDataBasedSearchCallback  - getNodes(type=1, node=SCOPEDCONTENTCONDITIONS_SCOPEDCONTENTITEM) - start
147689 [main] DEBUG org.dbunit.database.DatabaseDataSourceConnection  - getConnection() - start
147689 [main] DEBUG org.dbunit.database.search.AbstractMetaDataBasedSearchCallback  - getNodes(type=1, node=SCOPEDCONTENTCONDITIONS_SCOPEDCONTENTITEM, conn=Transaction-aware proxy for target Connection [jdbc:hsqldb:mem:kontrollDS, UserName=sw, HSQL Database Engine Driver], schema=null, metaData=org.apache.commons.dbcp.DelegatingDatabaseMetaData@4fb4ba33, edges=[]) - start
147689 [main] DEBUG org.dbunit.database.search.AbstractMetaDataBasedSearchCallback  - Getting edges for node SCOPEDCONTENTCONDITIONS_SCOPEDCONTENTITEM
147689 [main] TRACE org.dbunit.database.DatabaseConfig  - getProperty(name=http://www.dbunit.org/properties/metadataHandler) - start
147689 [main] TRACE org.dbunit.database.DefaultMetadataHandler  - tableExists(metaData=org.apache.commons.dbcp.DelegatingDatabaseMetaData@4fb4ba33, schemaName=null, tableName=SCOPEDCONTENTCONDITIONS_SCOPEDCONTENTITEM) - start
147690 [main] DEBUG org.dbunit.util.SQLHelper  - close(resultSet=org.apache.commons.dbcp.DelegatingResultSet@5c70d624) - start
147691 [main] DEBUG org.dbunit.util.SQLHelper  - close(resultSet=org.apache.commons.dbcp.DelegatingResultSet@64fe91df) - start
147691 [main] DEBUG org.dbunit.util.search.DepthFirstSearch  - Adding node SCOPEDCONTENTCONDITIONS_SCOPEDCONTENTITEM to the final result
147691 [main] DEBUG org.dbunit.util.search.DepthFirstSearch  - search:SCOPEDCONTENT_SCOPEDCONTENTITEM
147691 [main] DEBUG org.dbunit.database.search.ExportedKeysSearchCallback  - searchNode(node=SCOPEDCONTENT_SCOPEDCONTENTITEM) - start
147691 [main] DEBUG org.dbunit.util.search.DepthFirstSearch  - Pushing SCOPEDCONTENT_SCOPEDCONTENTITEM
147691 [main] DEBUG org.dbunit.database.search.ExportedKeysSearchCallback  - getEdges(node=SCOPEDCONTENT_SCOPEDCONTENTITEM) - start
147691 [main] DEBUG org.dbunit.database.search.AbstractMetaDataBasedSearchCallback  - getNodesFromExportedKeys(node=SCOPEDCONTENT_SCOPEDCONTENTITEM) - start
147691 [main] DEBUG org.dbunit.database.search.AbstractMetaDataBasedSearchCallback  - getNodes(type=1, node=SCOPEDCONTENT_SCOPEDCONTENTITEM) - start
147691 [main] DEBUG org.dbunit.database.DatabaseDataSourceConnection  - getConnection() - start
147691 [main] DEBUG org.dbunit.database.search.AbstractMetaDataBasedSearchCallback  - getNodes(type=1, node=SCOPEDCONTENT_SCOPEDCONTENTITEM, conn=Transaction-aware proxy for target Connection [jdbc:hsqldb:mem:kontrollDS, UserName=sw, HSQL Database Engine Driver], schema=null, metaData=org.apache.commons.dbcp.DelegatingDatabaseMetaData@51afb46, edges=[]) - start
147691 [main] DEBUG org.dbunit.database.search.AbstractMetaDataBasedSearchCallback  - Getting edges for node SCOPEDCONTENT_SCOPEDCONTENTITEM
147692 [main] TRACE org.dbunit.database.DatabaseConfig  - getProperty(name=http://www.dbunit.org/properties/metadataHandler) - start
147692 [main] TRACE org.dbunit.database.DefaultMetadataHandler  - tableExists(metaData=org.apache.commons.dbcp.DelegatingDatabaseMetaData@51afb46, schemaName=null, tableName=SCOPEDCONTENT_SCOPEDCONTENTITEM) - start
147693 [main] DEBUG org.dbunit.util.SQLHelper  - close(resultSet=org.apache.commons.dbcp.DelegatingResultSet@588453c4) - start
147693 [main] DEBUG org.dbunit.util.SQLHelper  - close(resultSet=org.apache.commons.dbcp.DelegatingResultSet@2109f3fb) - start
147693 [main] DEBUG org.dbunit.util.search.DepthFirstSearch  - Adding node SCOPEDCONTENT_SCOPEDCONTENTITEM to the final result
147693 [main] DEBUG org.dbunit.util.search.DepthFirstSearch  - search:SCOPEDCONTENTITEM
147693 [main] DEBUG org.dbunit.database.search.ExportedKeysSearchCallback  - searchNode(node=SCOPEDCONTENTITEM) - start
147693 [main] DEBUG org.dbunit.util.search.DepthFirstSearch  - Pushing SCOPEDCONTENTITEM
147694 [main] DEBUG org.dbunit.database.search.ExportedKeysSearchCallback  - getEdges(node=SCOPEDCONTENTITEM) - start
147694 [main] DEBUG org.dbunit.database.search.AbstractMetaDataBasedSearchCallback  - getNodesFromExportedKeys(node=SCOPEDCONTENTITEM) - start
147694 [main] DEBUG org.dbunit.database.search.AbstractMetaDataBasedSearchCallback  - getNodes(type=1, node=SCOPEDCONTENTITEM) - start
147694 [main] DEBUG org.dbunit.database.DatabaseDataSourceConnection  - getConnection() - start
147694 [main] DEBUG org.dbunit.database.search.AbstractMetaDataBasedSearchCallback  - getNodes(type=1, node=SCOPEDCONTENTITEM, conn=Transaction-aware proxy for target Connection [jdbc:hsqldb:mem:kontrollDS, UserName=sw, HSQL Database Engine Driver], schema=null, metaData=org.apache.commons.dbcp.DelegatingDatabaseMetaData@1470f4af, edges=[]) - start
147694 [main] DEBUG org.dbunit.database.search.AbstractMetaDataBasedSearchCallback  - Getting edges for node SCOPEDCONTENTITEM
147694 [main] TRACE org.dbunit.database.DatabaseConfig  - getProperty(name=http://www.dbunit.org/properties/metadataHandler) - start
147694 [main] TRACE org.dbunit.database.DefaultMetadataHandler  - tableExists(metaData=org.apache.commons.dbcp.DelegatingDatabaseMetaData@1470f4af, schemaName=null, tableName=SCOPEDCONTENTITEM) - start
147696 [main] DEBUG org.dbunit.util.SQLHelper  - close(resultSet=org.apache.commons.dbcp.DelegatingResultSet@52c05397) - start
147696 [main] DEBUG org.dbunit.util.QualifiedTableName  - getQualifiedNameIfEnabled(config=org.dbunit.database.DatabaseConfig[, _propertyMap={http://www.dbunit.org/properties/statementFactory=org.dbunit.database.statement.PreparedStatementFactory@626bc2b8, http://www.dbunit.org/features/caseSensitiveTableNames=false, http://www.dbunit.org/properties/fetchSize=100, http://www.dbunit.org/features/batchedStatements=false, http://www.dbunit.org/properties/metadataHandler=org.dbunit.database.DefaultMetadataHandler@3bbfdfde, http://www.dbunit.org/properties/datatypeFactory=org.dbunit.dataset.datatype.DefaultDataTypeFactory[_toleratedDeltaMap=org.dbunit.dataset.datatype.ToleratedDeltaMap@6452310a], http://www.dbunit.org/properties/escapePattern=null, http://www.dbunit.org/properties/batchSize=100, http://www.dbunit.org/features/qualifiedTableNames=false, http://www.dbunit.org/properties/tableType=[Ljava.lang.String;@5011bafa, http://www.dbunit.org/properties/resultSetTableFactory=org.dbunit.database.CachedResultSetTableFactory@10bcf083, http://www.dbunit.org/features/datatypeWarning=true}]) - start
147696 [main] TRACE org.dbunit.database.DatabaseConfig  - getFeature(name=http://www.dbunit.org/features/qualifiedTableNames) - start
147696 [main] TRACE org.dbunit.database.DatabaseConfig  - getProperty(name=http://www.dbunit.org/features/qualifiedTableNames) - start
147696 [main] DEBUG org.dbunit.util.QualifiedTableName  - Qualified table names feature is disabled. Returning plain table name
147697 [main] DEBUG org.dbunit.util.QualifiedTableName  - getQualifiedName(prefix=null, name=SCOPEDCONTENTITEM, escapePattern=null) - start
147697 [main] DEBUG org.dbunit.util.QualifiedTableName  - getQualifiedNameIfEnabled(config=org.dbunit.database.DatabaseConfig[, _propertyMap={http://www.dbunit.org/properties/statementFactory=org.dbunit.database.statement.PreparedStatementFactory@626bc2b8, http://www.dbunit.org/features/caseSensitiveTableNames=false, http://www.dbunit.org/properties/fetchSize=100, http://www.dbunit.org/features/batchedStatements=false, http://www.dbunit.org/properties/metadataHandler=org.dbunit.database.DefaultMetadataHandler@3bbfdfde, http://www.dbunit.org/properties/datatypeFactory=org.dbunit.dataset.datatype.DefaultDataTypeFactory[_toleratedDeltaMap=org.dbunit.dataset.datatype.ToleratedDeltaMap@6452310a], http://www.dbunit.org/properties/escapePattern=null, http://www.dbunit.org/properties/batchSize=100, http://www.dbunit.org/features/qualifiedTableNames=false, http://www.dbunit.org/properties/tableType=[Ljava.lang.String;@5011bafa, http://www.dbunit.org/properties/resultSetTableFactory=org.dbunit.database.CachedResultSetTableFactory@10bcf083, http://www.dbunit.org/features/datatypeWarning=true}]) - start
147697 [main] TRACE org.dbunit.database.DatabaseConfig  - getFeature(name=http://www.dbunit.org/features/qualifiedTableNames) - start
147697 [main] TRACE org.dbunit.database.DatabaseConfig  - getProperty(name=http://www.dbunit.org/features/qualifiedTableNames) - start
147697 [main] DEBUG org.dbunit.util.QualifiedTableName  - Qualified table names feature is disabled. Returning plain table name
147697 [main] DEBUG org.dbunit.util.QualifiedTableName  - getQualifiedName(prefix=null, name=SCOPEDCONTENTCONDITIONS_SCOPEDCONTENTITEM, escapePattern=null) - start
147697 [main] DEBUG org.dbunit.database.search.AbstractMetaDataBasedSearchCallback  - newEdge(rs=org.apache.commons.dbcp.DelegatingResultSet@551b7140, type=1, from=SCOPEDCONTENTITEM, to=SCOPEDCONTENTCONDITIONS_SCOPEDCONTENTITEM, fkColumn=SCOPED_CONTENT_ITEM_ID, pkColumn=ID) - start
147697 [main] DEBUG org.dbunit.database.search.AbstractMetaDataBasedSearchCallback  - createFKEdge(rs=org.apache.commons.dbcp.DelegatingResultSet@551b7140, type=1, from=SCOPEDCONTENTITEM, to=SCOPEDCONTENTCONDITIONS_SCOPEDCONTENTITEM, fkColumn=SCOPED_CONTENT_ITEM_ID, pkColumn=ID) - start
147697 [main] DEBUG org.dbunit.database.search.AbstractMetaDataBasedSearchCallback  - Adding edge SCOPEDCONTENTCONDITIONS_SCOPEDCONTENTITEM(SCOPED_CONTENT_ITEM_ID)->SCOPEDCONTENTITEM(ID)
147697 [main] DEBUG org.dbunit.util.search.Edge  - compareTo(o=SCOPEDCONTENTCONDITIONS_SCOPEDCONTENTITEM(SCOPED_CONTENT_ITEM_ID)->SCOPEDCONTENTITEM(ID)) - start
147697 [main] DEBUG org.dbunit.util.QualifiedTableName  - getQualifiedNameIfEnabled(config=org.dbunit.database.DatabaseConfig[, _propertyMap={http://www.dbunit.org/properties/statementFactory=org.dbunit.database.statement.PreparedStatementFactory@626bc2b8, http://www.dbunit.org/features/caseSensitiveTableNames=false, http://www.dbunit.org/properties/fetchSize=100, http://www.dbunit.org/features/batchedStatements=false, http://www.dbunit.org/properties/metadataHandler=org.dbunit.database.DefaultMetadataHandler@3bbfdfde, http://www.dbunit.org/properties/datatypeFactory=org.dbunit.dataset.datatype.DefaultDataTypeFactory[_toleratedDeltaMap=org.dbunit.dataset.datatype.ToleratedDeltaMap@6452310a], http://www.dbunit.org/properties/escapePattern=null, http://www.dbunit.org/properties/batchSize=100, http://www.dbunit.org/features/qualifiedTableNames=false, http://www.dbunit.org/properties/tableType=[Ljava.lang.String;@5011bafa, http://www.dbunit.org/properties/resultSetTableFactory=org.dbunit.database.CachedResultSetTableFactory@10bcf083, http://www.dbunit.org/features/datatypeWarning=true}]) - start
147697 [main] TRACE org.dbunit.database.DatabaseConfig  - getFeature(name=http://www.dbunit.org/features/qualifiedTableNames) - start
147698 [main] TRACE org.dbunit.database.DatabaseConfig  - getProperty(name=http://www.dbunit.org/features/qualifiedTableNames) - start
147698 [main] DEBUG org.dbunit.util.QualifiedTableName  - Qualified table names feature is disabled. Returning plain table name
147698 [main] DEBUG org.dbunit.util.QualifiedTableName  - getQualifiedName(prefix=null, name=SCOPEDCONTENTITEM, escapePattern=null) - start
147698 [main] DEBUG org.dbunit.util.QualifiedTableName  - getQualifiedNameIfEnabled(config=org.dbunit.database.DatabaseConfig[, _propertyMap={http://www.dbunit.org/properties/statementFactory=org.dbunit.database.statement.PreparedStatementFactory@626bc2b8, http://www.dbunit.org/features/caseSensitiveTableNames=false, http://www.dbunit.org/properties/fetchSize=100, http://www.dbunit.org/features/batchedStatements=false, http://www.dbunit.org/properties/metadataHandler=org.dbunit.database.DefaultMetadataHandler@3bbfdfde, http://www.dbunit.org/properties/datatypeFactory=org.dbunit.dataset.datatype.DefaultDataTypeFactory[_toleratedDeltaMap=org.dbunit.dataset.datatype.ToleratedDeltaMap@6452310a], http://www.dbunit.org/properties/escapePattern=null, http://www.dbunit.org/properties/batchSize=100, http://www.dbunit.org/features/qualifiedTableNames=false, http://www.dbunit.org/properties/tableType=[Ljava.lang.String;@5011bafa, http://www.dbunit.org/properties/resultSetTableFactory=org.dbunit.database.CachedResultSetTableFactory@10bcf083, http://www.dbunit.org/features/datatypeWarning=true}]) - start
147698 [main] TRACE org.dbunit.database.DatabaseConfig  - getFeature(name=http://www.dbunit.org/features/qualifiedTableNames) - start
147698 [main] TRACE org.dbunit.database.DatabaseConfig  - getProperty(name=http://www.dbunit.org/features/qualifiedTableNames) - start
147698 [main] DEBUG org.dbunit.util.QualifiedTableName  - Qualified table names feature is disabled. Returning plain table name
147698 [main] DEBUG org.dbunit.util.QualifiedTableName  - getQualifiedName(prefix=null, name=SCOPEDCONTENT_SCOPEDCONTENTITEM, escapePattern=null) - start
147698 [main] DEBUG org.dbunit.database.search.AbstractMetaDataBasedSearchCallback  - newEdge(rs=org.apache.commons.dbcp.DelegatingResultSet@551b7140, type=1, from=SCOPEDCONTENTITEM, to=SCOPEDCONTENT_SCOPEDCONTENTITEM, fkColumn=SCOPED_CONTENT_ID, pkColumn=ID) - start
147698 [main] DEBUG org.dbunit.database.search.AbstractMetaDataBasedSearchCallback  - createFKEdge(rs=org.apache.commons.dbcp.DelegatingResultSet@551b7140, type=1, from=SCOPEDCONTENTITEM, to=SCOPEDCONTENT_SCOPEDCONTENTITEM, fkColumn=SCOPED_CONTENT_ID, pkColumn=ID) - start
147698 [main] DEBUG org.dbunit.database.search.AbstractMetaDataBasedSearchCallback  - Adding edge SCOPEDCONTENT_SCOPEDCONTENTITEM(SCOPED_CONTENT_ID)->SCOPEDCONTENTITEM(ID)
147698 [main] DEBUG org.dbunit.util.search.Edge  - compareTo(o=SCOPEDCONTENTCONDITIONS_SCOPEDCONTENTITEM(SCOPED_CONTENT_ITEM_ID)->SCOPEDCONTENTITEM(ID)) - start
147699 [main] DEBUG org.dbunit.util.SQLHelper  - close(resultSet=org.apache.commons.dbcp.DelegatingResultSet@551b7140) - start
147699 [main] DEBUG org.dbunit.util.search.DepthFirstSearch  - search:SCOPEDCONTENTITEM
147699 [main] DEBUG org.dbunit.util.search.DepthFirstSearch  - already searched; returning true
147699 [main] DEBUG org.dbunit.util.search.DepthFirstSearch  - search:SCOPEDCONTENTITEM
147699 [main] DEBUG org.dbunit.util.search.DepthFirstSearch  - already searched; returning true
147699 [main] DEBUG org.dbunit.util.search.DepthFirstSearch  - Adding node SCOPEDCONTENTITEM to the final result
147699 [main] DEBUG org.dbunit.database.search.TablesDependencyHelper  - getDirectDependentTables(connection=_databaseConfig=org.dbunit.database.DatabaseConfig[, _propertyMap={http://www.dbunit.org/properties/statementFactory=org.dbunit.database.statement.PreparedStatementFactory@626bc2b8, http://www.dbunit.org/features/caseSensitiveTableNames=false, http://www.dbunit.org/properties/fetchSize=100, http://www.dbunit.org/features/batchedStatements=false, http://www.dbunit.org/properties/metadataHandler=org.dbunit.database.DefaultMetadataHandler@3bbfdfde, http://www.dbunit.org/properties/datatypeFactory=org.dbunit.dataset.datatype.DefaultDataTypeFactory[_toleratedDeltaMap=org.dbunit.dataset.datatype.ToleratedDeltaMap@6452310a], http://www.dbunit.org/properties/escapePattern=null, http://www.dbunit.org/properties/batchSize=100, http://www.dbunit.org/features/qualifiedTableNames=false, http://www.dbunit.org/properties/tableType=[Ljava.lang.String;@5011bafa, http://www.dbunit.org/properties/resultSetTableFactory=org.dbunit.database.CachedResultSetTableFactory@10bcf083, http://www.dbunit.org/features/datatypeWarning=true}], _dataSet=AbstractDataSet[_orderedTableNameMap=null], tableName=SCOPEDCONTENTITEM) - start
147699 [main] DEBUG org.dbunit.util.search.DepthFirstSearch  - search(nodesFrom=[SCOPEDCONTENTITEM], callback=org.dbunit.database.search.ImportedKeysSearchCallback@d2ffc7a) - start
147699 [main] DEBUG org.dbunit.util.CollectionsHelper  - objectsToSet(objects=SCOPEDCONTENTITEM) - start
147699 [main] DEBUG org.dbunit.util.search.DepthFirstSearch  - search(nodesFrom=[SCOPEDCONTENTITEM], callback=org.dbunit.database.search.ImportedKeysSearchCallback@d2ffc7a) - start
147700 [main] DEBUG org.dbunit.util.search.DepthFirstSearch  - reverseSearch:SCOPEDCONTENTITEM
147700 [main] DEBUG org.dbunit.database.search.ImportedKeysSearchCallback  - searchNode(node=SCOPEDCONTENTITEM) - start
147700 [main] DEBUG org.dbunit.util.search.DepthFirstSearch  - Pushing (reverse) SCOPEDCONTENTITEM
147700 [main] DEBUG org.dbunit.database.search.ImportedKeysSearchCallback  - getEdges(node=SCOPEDCONTENTITEM) - start
147700 [main] DEBUG org.dbunit.database.search.AbstractMetaDataBasedSearchCallback  - getNodesFromImportedKeys(node=SCOPEDCONTENTITEM) - start
147700 [main] DEBUG org.dbunit.database.search.AbstractMetaDataBasedSearchCallback  - getNodes(type=0, node=SCOPEDCONTENTITEM) - start
147700 [main] DEBUG org.dbunit.database.DatabaseDataSourceConnection  - getConnection() - start
147700 [main] DEBUG org.dbunit.database.search.AbstractMetaDataBasedSearchCallback  - getNodes(type=0, node=SCOPEDCONTENTITEM, conn=Transaction-aware proxy for target Connection [jdbc:hsqldb:mem:kontrollDS, UserName=sw, HSQL Database Engine Driver], schema=null, metaData=org.apache.commons.dbcp.DelegatingDatabaseMetaData@4968b459, edges=[]) - start
147700 [main] DEBUG org.dbunit.database.search.AbstractMetaDataBasedSearchCallback  - Getting edges for node SCOPEDCONTENTITEM
147700 [main] TRACE org.dbunit.database.DatabaseConfig  - getProperty(name=http://www.dbunit.org/properties/metadataHandler) - start
147700 [main] TRACE org.dbunit.database.DefaultMetadataHandler  - tableExists(metaData=org.apache.commons.dbcp.DelegatingDatabaseMetaData@4968b459, schemaName=null, tableName=SCOPEDCONTENTITEM) - start
147702 [main] DEBUG org.dbunit.util.SQLHelper  - close(resultSet=org.apache.commons.dbcp.DelegatingResultSet@307be52f) - start
147702 [main] DEBUG org.dbunit.util.SQLHelper  - close(resultSet=org.apache.commons.dbcp.DelegatingResultSet@423a095b) - start
147702 [main] DEBUG org.dbunit.util.search.DepthFirstSearch  - search:SCOPEDCONTENTITEM
147702 [main] DEBUG org.dbunit.database.search.ImportedKeysSearchCallback  - searchNode(node=SCOPEDCONTENTITEM) - start
147702 [main] DEBUG org.dbunit.util.search.DepthFirstSearch  - Pushing SCOPEDCONTENTITEM
147702 [main] DEBUG org.dbunit.database.search.ImportedKeysSearchCallback  - getEdges(node=SCOPEDCONTENTITEM) - start
147702 [main] DEBUG org.dbunit.database.search.AbstractMetaDataBasedSearchCallback  - getNodesFromImportedKeys(node=SCOPEDCONTENTITEM) - start
147702 [main] DEBUG org.dbunit.database.search.AbstractMetaDataBasedSearchCallback  - getNodes(type=0, node=SCOPEDCONTENTITEM) - start
147702 [main] DEBUG org.dbunit.database.DatabaseDataSourceConnection  - getConnection() - start
147702 [main] DEBUG org.dbunit.database.search.AbstractMetaDataBasedSearchCallback  - getNodes(type=0, node=SCOPEDCONTENTITEM, conn=Transaction-aware proxy for target Connection [jdbc:hsqldb:mem:kontrollDS, UserName=sw, HSQL Database Engine Driver], schema=null, metaData=org.apache.commons.dbcp.DelegatingDatabaseMetaData@703c5754, edges=[]) - start
147702 [main] DEBUG org.dbunit.database.search.AbstractMetaDataBasedSearchCallback  - Getting edges for node SCOPEDCONTENTITEM
147703 [main] TRACE org.dbunit.database.DatabaseConfig  - getProperty(name=http://www.dbunit.org/properties/metadataHandler) - start
147703 [main] TRACE org.dbunit.database.DefaultMetadataHandler  - tableExists(metaData=org.apache.commons.dbcp.DelegatingDatabaseMetaData@703c5754, schemaName=null, tableName=SCOPEDCONTENTITEM) - start
147704 [main] DEBUG org.dbunit.util.SQLHelper  - close(resultSet=org.apache.commons.dbcp.DelegatingResultSet@2392a18f) - start
147704 [main] DEBUG org.dbunit.util.SQLHelper  - close(resultSet=org.apache.commons.dbcp.DelegatingResultSet@37dc5b58) - start
147704 [main] DEBUG org.dbunit.util.search.DepthFirstSearch  - Adding node SCOPEDCONTENTITEM to the final result
147704 [main] DEBUG org.dbunit.database.DatabaseSequenceFilter  - getDependencyInfo(connection=_databaseConfig=org.dbunit.database.DatabaseConfig[, _propertyMap={http://www.dbunit.org/properties/statementFactory=org.dbunit.database.statement.PreparedStatementFactory@626bc2b8, http://www.dbunit.org/features/caseSensitiveTableNames=false, http://www.dbunit.org/properties/fetchSize=100, http://www.dbunit.org/features/batchedStatements=false, http://www.dbunit.org/properties/metadataHandler=org.dbunit.database.DefaultMetadataHandler@3bbfdfde, http://www.dbunit.org/properties/datatypeFactory=org.dbunit.dataset.datatype.DefaultDataTypeFactory[_toleratedDeltaMap=org.dbunit.dataset.datatype.ToleratedDeltaMap@6452310a], http://www.dbunit.org/properties/escapePattern=null, http://www.dbunit.org/properties/batchSize=100, http://www.dbunit.org/features/qualifiedTableNames=false, http://www.dbunit.org/properties/tableType=[Ljava.lang.String;@5011bafa, http://www.dbunit.org/properties/resultSetTableFactory=org.dbunit.database.CachedResultSetTableFactory@10bcf083, http://www.dbunit.org/features/datatypeWarning=true}], _dataSet=AbstractDataSet[_orderedTableNameMap=null], tableName=SCOPEDCONTENT_SCOPEDCONTENTITEM) - start
147704 [main] DEBUG org.dbunit.database.search.TablesDependencyHelper  - getDependentTables(connection=_databaseConfig=org.dbunit.database.DatabaseConfig[, _propertyMap={http://www.dbunit.org/properties/statementFactory=org.dbunit.database.statement.PreparedStatementFactory@626bc2b8, http://www.dbunit.org/features/caseSensitiveTableNames=false, http://www.dbunit.org/properties/fetchSize=100, http://www.dbunit.org/features/batchedStatements=false, http://www.dbunit.org/properties/metadataHandler=org.dbunit.database.DefaultMetadataHandler@3bbfdfde, http://www.dbunit.org/properties/datatypeFactory=org.dbunit.dataset.datatype.DefaultDataTypeFactory[_toleratedDeltaMap=org.dbunit.dataset.datatype.ToleratedDeltaMap@6452310a], http://www.dbunit.org/properties/escapePattern=null, http://www.dbunit.org/properties/batchSize=100, http://www.dbunit.org/features/qualifiedTableNames=false, http://www.dbunit.org/properties/tableType=[Ljava.lang.String;@5011bafa, http://www.dbunit.org/properties/resultSetTableFactory=org.dbunit.database.CachedResultSetTableFactory@10bcf083, http://www.dbunit.org/features/datatypeWarning=true}], _dataSet=AbstractDataSet[_orderedTableNameMap=null], rootTable=SCOPEDCONTENT_SCOPEDCONTENTITEM) - start
147704 [main] DEBUG org.dbunit.database.search.TablesDependencyHelper  - getDependentTables(connection=_databaseConfig=org.dbunit.database.DatabaseConfig[, _propertyMap={http://www.dbunit.org/properties/statementFactory=org.dbunit.database.statement.PreparedStatementFactory@626bc2b8, http://www.dbunit.org/features/caseSensitiveTableNames=false, http://www.dbunit.org/properties/fetchSize=100, http://www.dbunit.org/features/batchedStatements=false, http://www.dbunit.org/properties/metadataHandler=org.dbunit.database.DefaultMetadataHandler@3bbfdfde, http://www.dbunit.org/properties/datatypeFactory=org.dbunit.dataset.datatype.DefaultDataTypeFactory[_toleratedDeltaMap=org.dbunit.dataset.datatype.ToleratedDeltaMap@6452310a], http://www.dbunit.org/properties/escapePattern=null, http://www.dbunit.org/properties/batchSize=100, http://www.dbunit.org/features/qualifiedTableNames=false, http://www.dbunit.org/properties/tableType=[Ljava.lang.String;@5011bafa, http://www.dbunit.org/properties/resultSetTableFactory=org.dbunit.database.CachedResultSetTableFactory@10bcf083, http://www.dbunit.org/features/datatypeWarning=true}], _dataSet=AbstractDataSet[_orderedTableNameMap=null], rootTables=[SCOPEDCONTENT_SCOPEDCONTENTITEM]) - start
147705 [main] DEBUG org.dbunit.util.search.DepthFirstSearch  - search(nodesFrom=[SCOPEDCONTENT_SCOPEDCONTENTITEM], callback=org.dbunit.database.search.ImportedKeysSearchCallback@660cf764) - start
147705 [main] DEBUG org.dbunit.util.CollectionsHelper  - objectsToSet(objects=SCOPEDCONTENT_SCOPEDCONTENTITEM) - start
147705 [main] DEBUG org.dbunit.util.search.DepthFirstSearch  - search(nodesFrom=[SCOPEDCONTENT_SCOPEDCONTENTITEM], callback=org.dbunit.database.search.ImportedKeysSearchCallback@660cf764) - start
147705 [main] DEBUG org.dbunit.util.search.DepthFirstSearch  - reverseSearch:SCOPEDCONTENT_SCOPEDCONTENTITEM
147705 [main] DEBUG org.dbunit.database.search.ImportedKeysSearchCallback  - searchNode(node=SCOPEDCONTENT_SCOPEDCONTENTITEM) - start
147705 [main] DEBUG org.dbunit.util.search.DepthFirstSearch  - Pushing (reverse) SCOPEDCONTENT_SCOPEDCONTENTITEM
147705 [main] DEBUG org.dbunit.database.search.ImportedKeysSearchCallback  - getEdges(node=SCOPEDCONTENT_SCOPEDCONTENTITEM) - start
147705 [main] DEBUG org.dbunit.database.search.AbstractMetaDataBasedSearchCallback  - getNodesFromImportedKeys(node=SCOPEDCONTENT_SCOPEDCONTENTITEM) - start
147705 [main] DEBUG org.dbunit.database.search.AbstractMetaDataBasedSearchCallback  - getNodes(type=0, node=SCOPEDCONTENT_SCOPEDCONTENTITEM) - start
147705 [main] DEBUG org.dbunit.database.DatabaseDataSourceConnection  - getConnection() - start
147705 [main] DEBUG org.dbunit.database.search.AbstractMetaDataBasedSearchCallback  - getNodes(type=0, node=SCOPEDCONTENT_SCOPEDCONTENTITEM, conn=Transaction-aware proxy for target Connection [jdbc:hsqldb:mem:kontrollDS, UserName=sw, HSQL Database Engine Driver], schema=null, metaData=org.apache.commons.dbcp.DelegatingDatabaseMetaData@5d45fa93, edges=[]) - start
147705 [main] DEBUG org.dbunit.database.search.AbstractMetaDataBasedSearchCallback  - Getting edges for node SCOPEDCONTENT_SCOPEDCONTENTITEM
147706 [main] TRACE org.dbunit.database.DatabaseConfig  - getProperty(name=http://www.dbunit.org/properties/metadataHandler) - start
147706 [main] TRACE org.dbunit.database.DefaultMetadataHandler  - tableExists(metaData=org.apache.commons.dbcp.DelegatingDatabaseMetaData@5d45fa93, schemaName=null, tableName=SCOPEDCONTENT_SCOPEDCONTENTITEM) - start
147707 [main] DEBUG org.dbunit.util.SQLHelper  - close(resultSet=org.apache.commons.dbcp.DelegatingResultSet@5ccd0da7) - start
147707 [main] DEBUG org.dbunit.util.QualifiedTableName  - getQualifiedNameIfEnabled(config=org.dbunit.database.DatabaseConfig[, _propertyMap={http://www.dbunit.org/properties/statementFactory=org.dbunit.database.statement.PreparedStatementFactory@626bc2b8, http://www.dbunit.org/features/caseSensitiveTableNames=false, http://www.dbunit.org/properties/fetchSize=100, http://www.dbunit.org/features/batchedStatements=false, http://www.dbunit.org/properties/metadataHandler=org.dbunit.database.DefaultMetadataHandler@3bbfdfde, http://www.dbunit.org/properties/datatypeFactory=org.dbunit.dataset.datatype.DefaultDataTypeFactory[_toleratedDeltaMap=org.dbunit.dataset.datatype.ToleratedDeltaMap@6452310a], http://www.dbunit.org/properties/escapePattern=null, http://www.dbunit.org/properties/batchSize=100, http://www.dbunit.org/features/qualifiedTableNames=false, http://www.dbunit.org/properties/tableType=[Ljava.lang.String;@5011bafa, http://www.dbunit.org/properties/resultSetTableFactory=org.dbunit.database.CachedResultSetTableFactory@10bcf083, http://www.dbunit.org/features/datatypeWarning=true}]) - start
147707 [main] TRACE org.dbunit.database.DatabaseConfig  - getFeature(name=http://www.dbunit.org/features/qualifiedTableNames) - start
147707 [main] TRACE org.dbunit.database.DatabaseConfig  - getProperty(name=http://www.dbunit.org/features/qualifiedTableNames) - start
147707 [main] DEBUG org.dbunit.util.QualifiedTableName  - Qualified table names feature is disabled. Returning plain table name
147707 [main] DEBUG org.dbunit.util.QualifiedTableName  - getQualifiedName(prefix=null, name=SCOPEDCONTENT_SCOPEDCONTENTITEM, escapePattern=null) - start
147707 [main] DEBUG org.dbunit.util.QualifiedTableName  - getQualifiedNameIfEnabled(config=org.dbunit.database.DatabaseConfig[, _propertyMap={http://www.dbunit.org/properties/statementFactory=org.dbunit.database.statement.PreparedStatementFactory@626bc2b8, http://www.dbunit.org/features/caseSensitiveTableNames=false, http://www.dbunit.org/properties/fetchSize=100, http://www.dbunit.org/features/batchedStatements=false, http://www.dbunit.org/properties/metadataHandler=org.dbunit.database.DefaultMetadataHandler@3bbfdfde, http://www.dbunit.org/properties/datatypeFactory=org.dbunit.dataset.datatype.DefaultDataTypeFactory[_toleratedDeltaMap=org.dbunit.dataset.datatype.ToleratedDeltaMap@6452310a], http://www.dbunit.org/properties/escapePattern=null, http://www.dbunit.org/properties/batchSize=100, http://www.dbunit.org/features/qualifiedTableNames=false, http://www.dbunit.org/properties/tableType=[Ljava.lang.String;@5011bafa, http://www.dbunit.org/properties/resultSetTableFactory=org.dbunit.database.CachedResultSetTableFactory@10bcf083, http://www.dbunit.org/features/datatypeWarning=true}]) - start
147708 [main] TRACE org.dbunit.database.DatabaseConfig  - getFeature(name=http://www.dbunit.org/features/qualifiedTableNames) - start
147708 [main] TRACE org.dbunit.database.DatabaseConfig  - getProperty(name=http://www.dbunit.org/features/qualifiedTableNames) - start
147708 [main] DEBUG org.dbunit.util.QualifiedTableName  - Qualified table names feature is disabled. Returning plain table name
147708 [main] DEBUG org.dbunit.util.QualifiedTableName  - getQualifiedName(prefix=null, name=SCOPEDCONTENT, escapePattern=null) - start
147708 [main] DEBUG org.dbunit.database.search.AbstractMetaDataBasedSearchCallback  - newEdge(rs=org.apache.commons.dbcp.DelegatingResultSet@37f0a37a, type=0, from=SCOPEDCONTENT_SCOPEDCONTENTITEM, to=SCOPEDCONTENT, fkColumn=SCOPED_CONTENT_ITEM_ID, pkColumn=ID) - start
147708 [main] DEBUG org.dbunit.database.search.AbstractMetaDataBasedSearchCallback  - createFKEdge(rs=org.apache.commons.dbcp.DelegatingResultSet@37f0a37a, type=0, from=SCOPEDCONTENT_SCOPEDCONTENTITEM, to=SCOPEDCONTENT, fkColumn=SCOPED_CONTENT_ITEM_ID, pkColumn=ID) - start
147708 [main] DEBUG org.dbunit.database.search.AbstractMetaDataBasedSearchCallback  - Adding edge SCOPEDCONTENT_SCOPEDCONTENTITEM(SCOPED_CONTENT_ITEM_ID)->SCOPEDCONTENT(ID)
147708 [main] DEBUG org.dbunit.util.search.Edge  - compareTo(o=SCOPEDCONTENT_SCOPEDCONTENTITEM(SCOPED_CONTENT_ITEM_ID)->SCOPEDCONTENT(ID)) - start
147708 [main] DEBUG org.dbunit.util.QualifiedTableName  - getQualifiedNameIfEnabled(config=org.dbunit.database.DatabaseConfig[, _propertyMap={http://www.dbunit.org/properties/statementFactory=org.dbunit.database.statement.PreparedStatementFactory@626bc2b8, http://www.dbunit.org/features/caseSensitiveTableNames=false, http://www.dbunit.org/properties/fetchSize=100, http://www.dbunit.org/features/batchedStatements=false, http://www.dbunit.org/properties/metadataHandler=org.dbunit.database.DefaultMetadataHandler@3bbfdfde, http://www.dbunit.org/properties/datatypeFactory=org.dbunit.dataset.datatype.DefaultDataTypeFactory[_toleratedDeltaMap=org.dbunit.dataset.datatype.ToleratedDeltaMap@6452310a], http://www.dbunit.org/properties/escapePattern=null, http://www.dbunit.org/properties/batchSize=100, http://www.dbunit.org/features/qualifiedTableNames=false, http://www.dbunit.org/properties/tableType=[Ljava.lang.String;@5011bafa, http://www.dbunit.org/properties/resultSetTableFactory=org.dbunit.database.CachedResultSetTableFactory@10bcf083, http://www.dbunit.org/features/datatypeWarning=true}]) - start
147708 [main] TRACE org.dbunit.database.DatabaseConfig  - getFeature(name=http://www.dbunit.org/features/qualifiedTableNames) - start
147708 [main] TRACE org.dbunit.database.DatabaseConfig  - getProperty(name=http://www.dbunit.org/features/qualifiedTableNames) - start
147708 [main] DEBUG org.dbunit.util.QualifiedTableName  - Qualified table names feature is disabled. Returning plain table name
147708 [main] DEBUG org.dbunit.util.QualifiedTableName  - getQualifiedName(prefix=null, name=SCOPEDCONTENT_SCOPEDCONTENTITEM, escapePattern=null) - start
147709 [main] DEBUG org.dbunit.util.QualifiedTableName  - getQualifiedNameIfEnabled(config=org.dbunit.database.DatabaseConfig[, _propertyMap={http://www.dbunit.org/properties/statementFactory=org.dbunit.database.statement.PreparedStatementFactory@626bc2b8, http://www.dbunit.org/features/caseSensitiveTableNames=false, http://www.dbunit.org/properties/fetchSize=100, http://www.dbunit.org/features/batchedStatements=false, http://www.dbunit.org/properties/metadataHandler=org.dbunit.database.DefaultMetadataHandler@3bbfdfde, http://www.dbunit.org/properties/datatypeFactory=org.dbunit.dataset.datatype.DefaultDataTypeFactory[_toleratedDeltaMap=org.dbunit.dataset.datatype.ToleratedDeltaMap@6452310a], http://www.dbunit.org/properties/escapePattern=null, http://www.dbunit.org/properties/batchSize=100, http://www.dbunit.org/features/qualifiedTableNames=false, http://www.dbunit.org/properties/tableType=[Ljava.lang.String;@5011bafa, http://www.dbunit.org/properties/resultSetTableFactory=org.dbunit.database.CachedResultSetTableFactory@10bcf083, http://www.dbunit.org/features/datatypeWarning=true}]) - start
147709 [main] TRACE org.dbunit.database.DatabaseConfig  - getFeature(name=http://www.dbunit.org/features/qualifiedTableNames) - start
147709 [main] TRACE org.dbunit.database.DatabaseConfig  - getProperty(name=http://www.dbunit.org/features/qualifiedTableNames) - start
147709 [main] DEBUG org.dbunit.util.QualifiedTableName  - Qualified table names feature is disabled. Returning plain table name
147709 [main] DEBUG org.dbunit.util.QualifiedTableName  - getQualifiedName(prefix=null, name=SCOPEDCONTENTITEM, escapePattern=null) - start
147709 [main] DEBUG org.dbunit.database.search.AbstractMetaDataBasedSearchCallback  - newEdge(rs=org.apache.commons.dbcp.DelegatingResultSet@37f0a37a, type=0, from=SCOPEDCONTENT_SCOPEDCONTENTITEM, to=SCOPEDCONTENTITEM, fkColumn=SCOPED_CONTENT_ID, pkColumn=ID) - start
147709 [main] DEBUG org.dbunit.database.search.AbstractMetaDataBasedSearchCallback  - createFKEdge(rs=org.apache.commons.dbcp.DelegatingResultSet@37f0a37a, type=0, from=SCOPEDCONTENT_SCOPEDCONTENTITEM, to=SCOPEDCONTENTITEM, fkColumn=SCOPED_CONTENT_ID, pkColumn=ID) - start
147709 [main] DEBUG org.dbunit.database.search.AbstractMetaDataBasedSearchCallback  - Adding edge SCOPEDCONTENT_SCOPEDCONTENTITEM(SCOPED_CONTENT_ID)->SCOPEDCONTENTITEM(ID)
147709 [main] DEBUG org.dbunit.util.search.Edge  - compareTo(o=SCOPEDCONTENT_SCOPEDCONTENTITEM(SCOPED_CONTENT_ITEM_ID)->SCOPEDCONTENT(ID)) - start
147709 [main] DEBUG org.dbunit.util.SQLHelper  - close(resultSet=org.apache.commons.dbcp.DelegatingResultSet@37f0a37a) - start
147709 [main] DEBUG org.dbunit.util.search.DepthFirstSearch  - search:SCOPEDCONTENT_SCOPEDCONTENTITEM
147710 [main] DEBUG org.dbunit.database.search.ImportedKeysSearchCallback  - searchNode(node=SCOPEDCONTENT_SCOPEDCONTENTITEM) - start
147710 [main] DEBUG org.dbunit.util.search.DepthFirstSearch  - Pushing SCOPEDCONTENT_SCOPEDCONTENTITEM
147710 [main] DEBUG org.dbunit.database.search.ImportedKeysSearchCallback  - getEdges(node=SCOPEDCONTENT_SCOPEDCONTENTITEM) - start
147710 [main] DEBUG org.dbunit.database.search.AbstractMetaDataBasedSearchCallback  - getNodesFromImportedKeys(node=SCOPEDCONTENT_SCOPEDCONTENTITEM) - start
147710 [main] DEBUG org.dbunit.database.search.AbstractMetaDataBasedSearchCallback  - getNodes(type=0, node=SCOPEDCONTENT_SCOPEDCONTENTITEM) - start
147710 [main] DEBUG org.dbunit.database.DatabaseDataSourceConnection  - getConnection() - start
147710 [main] DEBUG org.dbunit.database.search.AbstractMetaDataBasedSearchCallback  - getNodes(type=0, node=SCOPEDCONTENT_SCOPEDCONTENTITEM, conn=Transaction-aware proxy for target Connection [jdbc:hsqldb:mem:kontrollDS, UserName=sw, HSQL Database Engine Driver], schema=null, metaData=org.apache.commons.dbcp.DelegatingDatabaseMetaData@177cbb47, edges=[]) - start
147710 [main] DEBUG org.dbunit.database.search.AbstractMetaDataBasedSearchCallback  - Getting edges for node SCOPEDCONTENT_SCOPEDCONTENTITEM
147710 [main] TRACE org.dbunit.database.DatabaseConfig  - getProperty(name=http://www.dbunit.org/properties/metadataHandler) - start
147710 [main] TRACE org.dbunit.database.DefaultMetadataHandler  - tableExists(metaData=org.apache.commons.dbcp.DelegatingDatabaseMetaData@177cbb47, schemaName=null, tableName=SCOPEDCONTENT_SCOPEDCONTENTITEM) - start
147711 [main] DEBUG org.dbunit.util.SQLHelper  - close(resultSet=org.apache.commons.dbcp.DelegatingResultSet@5f4b4a99) - start
147712 [main] DEBUG org.dbunit.util.QualifiedTableName  - getQualifiedNameIfEnabled(config=org.dbunit.database.DatabaseConfig[, _propertyMap={http://www.dbunit.org/properties/statementFactory=org.dbunit.database.statement.PreparedStatementFactory@626bc2b8, http://www.dbunit.org/features/caseSensitiveTableNames=false, http://www.dbunit.org/properties/fetchSize=100, http://www.dbunit.org/features/batchedStatements=false, http://www.dbunit.org/properties/metadataHandler=org.dbunit.database.DefaultMetadataHandler@3bbfdfde, http://www.dbunit.org/properties/datatypeFactory=org.dbunit.dataset.datatype.DefaultDataTypeFactory[_toleratedDeltaMap=org.dbunit.dataset.datatype.ToleratedDeltaMap@6452310a], http://www.dbunit.org/properties/escapePattern=null, http://www.dbunit.org/properties/batchSize=100, http://www.dbunit.org/features/qualifiedTableNames=false, http://www.dbunit.org/properties/tableType=[Ljava.lang.String;@5011bafa, http://www.dbunit.org/properties/resultSetTableFactory=org.dbunit.database.CachedResultSetTableFactory@10bcf083, http://www.dbunit.org/features/datatypeWarning=true}]) - start
147712 [main] TRACE org.dbunit.database.DatabaseConfig  - getFeature(name=http://www.dbunit.org/features/qualifiedTableNames) - start
147712 [main] TRACE org.dbunit.database.DatabaseConfig  - getProperty(name=http://www.dbunit.org/features/qualifiedTableNames) - start
147712 [main] DEBUG org.dbunit.util.QualifiedTableName  - Qualified table names feature is disabled. Returning plain table name
147712 [main] DEBUG org.dbunit.util.QualifiedTableName  - getQualifiedName(prefix=null, name=SCOPEDCONTENT_SCOPEDCONTENTITEM, escapePattern=null) - start
147712 [main] DEBUG org.dbunit.util.QualifiedTableName  - getQualifiedNameIfEnabled(config=org.dbunit.database.DatabaseConfig[, _propertyMap={http://www.dbunit.org/properties/statementFactory=org.dbunit.database.statement.PreparedStatementFactory@626bc2b8, http://www.dbunit.org/features/caseSensitiveTableNames=false, http://www.dbunit.org/properties/fetchSize=100, http://www.dbunit.org/features/batchedStatements=false, http://www.dbunit.org/properties/metadataHandler=org.dbunit.database.DefaultMetadataHandler@3bbfdfde, http://www.dbunit.org/properties/datatypeFactory=org.dbunit.dataset.datatype.DefaultDataTypeFactory[_toleratedDeltaMap=org.dbunit.dataset.datatype.ToleratedDeltaMap@6452310a], http://www.dbunit.org/properties/escapePattern=null, http://www.dbunit.org/properties/batchSize=100, http://www.dbunit.org/features/qualifiedTableNames=false, http://www.dbunit.org/properties/tableType=[Ljava.lang.String;@5011bafa, http://www.dbunit.org/properties/resultSetTableFactory=org.dbunit.database.CachedResultSetTableFactory@10bcf083, http://www.dbunit.org/features/datatypeWarning=true}]) - start
147712 [main] TRACE org.dbunit.database.DatabaseConfig  - getFeature(name=http://www.dbunit.org/features/qualifiedTableNames) - start
147712 [main] TRACE org.dbunit.database.DatabaseConfig  - getProperty(name=http://www.dbunit.org/features/qualifiedTableNames) - start
147712 [main] DEBUG org.dbunit.util.QualifiedTableName  - Qualified table names feature is disabled. Returning plain table name
147713 [main] DEBUG org.dbunit.util.QualifiedTableName  - getQualifiedName(prefix=null, name=SCOPEDCONTENT, escapePattern=null) - start
147713 [main] DEBUG org.dbunit.database.search.AbstractMetaDataBasedSearchCallback  - newEdge(rs=org.apache.commons.dbcp.DelegatingResultSet@3d36cb1e, type=0, from=SCOPEDCONTENT_SCOPEDCONTENTITEM, to=SCOPEDCONTENT, fkColumn=SCOPED_CONTENT_ITEM_ID, pkColumn=ID) - start
147713 [main] DEBUG org.dbunit.database.search.AbstractMetaDataBasedSearchCallback  - createFKEdge(rs=org.apache.commons.dbcp.DelegatingResultSet@3d36cb1e, type=0, from=SCOPEDCONTENT_SCOPEDCONTENTITEM, to=SCOPEDCONTENT, fkColumn=SCOPED_CONTENT_ITEM_ID, pkColumn=ID) - start
147713 [main] DEBUG org.dbunit.database.search.AbstractMetaDataBasedSearchCallback  - Adding edge SCOPEDCONTENT_SCOPEDCONTENTITEM(SCOPED_CONTENT_ITEM_ID)->SCOPEDCONTENT(ID)
147713 [main] DEBUG org.dbunit.util.search.Edge  - compareTo(o=SCOPEDCONTENT_SCOPEDCONTENTITEM(SCOPED_CONTENT_ITEM_ID)->SCOPEDCONTENT(ID)) - start
147713 [main] DEBUG org.dbunit.util.QualifiedTableName  - getQualifiedNameIfEnabled(config=org.dbunit.database.DatabaseConfig[, _propertyMap={http://www.dbunit.org/properties/statementFactory=org.dbunit.database.statement.PreparedStatementFactory@626bc2b8, http://www.dbunit.org/features/caseSensitiveTableNames=false, http://www.dbunit.org/properties/fetchSize=100, http://www.dbunit.org/features/batchedStatements=false, http://www.dbunit.org/properties/metadataHandler=org.dbunit.database.DefaultMetadataHandler@3bbfdfde, http://www.dbunit.org/properties/datatypeFactory=org.dbunit.dataset.datatype.DefaultDataTypeFactory[_toleratedDeltaMap=org.dbunit.dataset.datatype.ToleratedDeltaMap@6452310a], http://www.dbunit.org/properties/escapePattern=null, http://www.dbunit.org/properties/batchSize=100, http://www.dbunit.org/features/qualifiedTableNames=false, http://www.dbunit.org/properties/tableType=[Ljava.lang.String;@5011bafa, http://www.dbunit.org/properties/resultSetTableFactory=org.dbunit.database.CachedResultSetTableFactory@10bcf083, http://www.dbunit.org/features/datatypeWarning=true}]) - start
147713 [main] TRACE org.dbunit.database.DatabaseConfig  - getFeature(name=http://www.dbunit.org/features/qualifiedTableNames) - start
147713 [main] TRACE org.dbunit.database.DatabaseConfig  - getProperty(name=http://www.dbunit.org/features/qualifiedTableNames) - start
147713 [main] DEBUG org.dbunit.util.QualifiedTableName  - Qualified table names feature is disabled. Returning plain table name
147713 [main] DEBUG org.dbunit.util.QualifiedTableName  - getQualifiedName(prefix=null, name=SCOPEDCONTENT_SCOPEDCONTENTITEM, escapePattern=null) - start
147713 [main] DEBUG org.dbunit.util.QualifiedTableName  - getQualifiedNameIfEnabled(config=org.dbunit.database.DatabaseConfig[, _propertyMap={http://www.dbunit.org/properties/statementFactory=org.dbunit.database.statement.PreparedStatementFactory@626bc2b8, http://www.dbunit.org/features/caseSensitiveTableNames=false, http://www.dbunit.org/properties/fetchSize=100, http://www.dbunit.org/features/batchedStatements=false, http://www.dbunit.org/properties/metadataHandler=org.dbunit.database.DefaultMetadataHandler@3bbfdfde, http://www.dbunit.org/properties/datatypeFactory=org.dbunit.dataset.datatype.DefaultDataTypeFactory[_toleratedDeltaMap=org.dbunit.dataset.datatype.ToleratedDeltaMap@6452310a], http://www.dbunit.org/properties/escapePattern=null, http://www.dbunit.org/properties/batchSize=100, http://www.dbunit.org/features/qualifiedTableNames=false, http://www.dbunit.org/properties/tableType=[Ljava.lang.String;@5011bafa, http://www.dbunit.org/properties/resultSetTableFactory=org.dbunit.database.CachedResultSetTableFactory@10bcf083, http://www.dbunit.org/features/datatypeWarning=true}]) - start
147713 [main] TRACE org.dbunit.database.DatabaseConfig  - getFeature(name=http://www.dbunit.org/features/qualifiedTableNames) - start
147714 [main] TRACE org.dbunit.database.DatabaseConfig  - getProperty(name=http://www.dbunit.org/features/qualifiedTableNames) - start
147714 [main] DEBUG org.dbunit.util.QualifiedTableName  - Qualified table names feature is disabled. Returning plain table name
147714 [main] DEBUG org.dbunit.util.QualifiedTableName  - getQualifiedName(prefix=null, name=SCOPEDCONTENTITEM, escapePattern=null) - start
147714 [main] DEBUG org.dbunit.database.search.AbstractMetaDataBasedSearchCallback  - newEdge(rs=org.apache.commons.dbcp.DelegatingResultSet@3d36cb1e, type=0, from=SCOPEDCONTENT_SCOPEDCONTENTITEM, to=SCOPEDCONTENTITEM, fkColumn=SCOPED_CONTENT_ID, pkColumn=ID) - start
147714 [main] DEBUG org.dbunit.database.search.AbstractMetaDataBasedSearchCallback  - createFKEdge(rs=org.apache.commons.dbcp.DelegatingResultSet@3d36cb1e, type=0, from=SCOPEDCONTENT_SCOPEDCONTENTITEM, to=SCOPEDCONTENTITEM, fkColumn=SCOPED_CONTENT_ID, pkColumn=ID) - start
147714 [main] DEBUG org.dbunit.database.search.AbstractMetaDataBasedSearchCallback  - Adding edge SCOPEDCONTENT_SCOPEDCONTENTITEM(SCOPED_CONTENT_ID)->SCOPEDCONTENTITEM(ID)
147714 [main] DEBUG org.dbunit.util.search.Edge  - compareTo(o=SCOPEDCONTENT_SCOPEDCONTENTITEM(SCOPED_CONTENT_ITEM_ID)->SCOPEDCONTENT(ID)) - start
147714 [main] DEBUG org.dbunit.util.SQLHelper  - close(resultSet=org.apache.commons.dbcp.DelegatingResultSet@3d36cb1e) - start
147714 [main] DEBUG org.dbunit.util.search.DepthFirstSearch  - search:SCOPEDCONTENT
147714 [main] DEBUG org.dbunit.database.search.ImportedKeysSearchCallback  - searchNode(node=SCOPEDCONTENT) - start
147714 [main] DEBUG org.dbunit.util.search.DepthFirstSearch  - Pushing SCOPEDCONTENT
147714 [main] DEBUG org.dbunit.database.search.ImportedKeysSearchCallback  - getEdges(node=SCOPEDCONTENT) - start
147714 [main] DEBUG org.dbunit.database.search.AbstractMetaDataBasedSearchCallback  - getNodesFromImportedKeys(node=SCOPEDCONTENT) - start
147715 [main] DEBUG org.dbunit.database.search.AbstractMetaDataBasedSearchCallback  - getNodes(type=0, node=SCOPEDCONTENT) - start
147715 [main] DEBUG org.dbunit.database.DatabaseDataSourceConnection  - getConnection() - start
147715 [main] DEBUG org.dbunit.database.search.AbstractMetaDataBasedSearchCallback  - getNodes(type=0, node=SCOPEDCONTENT, conn=Transaction-aware proxy for target Connection [jdbc:hsqldb:mem:kontrollDS, UserName=sw, HSQL Database Engine Driver], schema=null, metaData=org.apache.commons.dbcp.DelegatingDatabaseMetaData@58513df7, edges=[]) - start
147715 [main] DEBUG org.dbunit.database.search.AbstractMetaDataBasedSearchCallback  - Getting edges for node SCOPEDCONTENT
147715 [main] TRACE org.dbunit.database.DatabaseConfig  - getProperty(name=http://www.dbunit.org/properties/metadataHandler) - start
147715 [main] TRACE org.dbunit.database.DefaultMetadataHandler  - tableExists(metaData=org.apache.commons.dbcp.DelegatingDatabaseMetaData@58513df7, schemaName=null, tableName=SCOPEDCONTENT) - start
147716 [main] DEBUG org.dbunit.util.SQLHelper  - close(resultSet=org.apache.commons.dbcp.DelegatingResultSet@549d43c4) - start
147716 [main] DEBUG org.dbunit.util.QualifiedTableName  - getQualifiedNameIfEnabled(config=org.dbunit.database.DatabaseConfig[, _propertyMap={http://www.dbunit.org/properties/statementFactory=org.dbunit.database.statement.PreparedStatementFactory@626bc2b8, http://www.dbunit.org/features/caseSensitiveTableNames=false, http://www.dbunit.org/properties/fetchSize=100, http://www.dbunit.org/features/batchedStatements=false, http://www.dbunit.org/properties/metadataHandler=org.dbunit.database.DefaultMetadataHandler@3bbfdfde, http://www.dbunit.org/properties/datatypeFactory=org.dbunit.dataset.datatype.DefaultDataTypeFactory[_toleratedDeltaMap=org.dbunit.dataset.datatype.ToleratedDeltaMap@6452310a], http://www.dbunit.org/properties/escapePattern=null, http://www.dbunit.org/properties/batchSize=100, http://www.dbunit.org/features/qualifiedTableNames=false, http://www.dbunit.org/properties/tableType=[Ljava.lang.String;@5011bafa, http://www.dbunit.org/properties/resultSetTableFactory=org.dbunit.database.CachedResultSetTableFactory@10bcf083, http://www.dbunit.org/features/datatypeWarning=true}]) - start
147717 [main] TRACE org.dbunit.database.DatabaseConfig  - getFeature(name=http://www.dbunit.org/features/qualifiedTableNames) - start
147717 [main] TRACE org.dbunit.database.DatabaseConfig  - getProperty(name=http://www.dbunit.org/features/qualifiedTableNames) - start
147717 [main] DEBUG org.dbunit.util.QualifiedTableName  - Qualified table names feature is disabled. Returning plain table name
147717 [main] DEBUG org.dbunit.util.QualifiedTableName  - getQualifiedName(prefix=null, name=SCOPEDCONTENT, escapePattern=null) - start
147717 [main] DEBUG org.dbunit.util.QualifiedTableName  - getQualifiedNameIfEnabled(config=org.dbunit.database.DatabaseConfig[, _propertyMap={http://www.dbunit.org/properties/statementFactory=org.dbunit.database.statement.PreparedStatementFactory@626bc2b8, http://www.dbunit.org/features/caseSensitiveTableNames=false, http://www.dbunit.org/properties/fetchSize=100, http://www.dbunit.org/features/batchedStatements=false, http://www.dbunit.org/properties/metadataHandler=org.dbunit.database.DefaultMetadataHandler@3bbfdfde, http://www.dbunit.org/properties/datatypeFactory=org.dbunit.dataset.datatype.DefaultDataTypeFactory[_toleratedDeltaMap=org.dbunit.dataset.datatype.ToleratedDeltaMap@6452310a], http://www.dbunit.org/properties/escapePattern=null, http://www.dbunit.org/properties/batchSize=100, http://www.dbunit.org/features/qualifiedTableNames=false, http://www.dbunit.org/properties/tableType=[Ljava.lang.String;@5011bafa, http://www.dbunit.org/properties/resultSetTableFactory=org.dbunit.database.CachedResultSetTableFactory@10bcf083, http://www.dbunit.org/features/datatypeWarning=true}]) - start
147717 [main] TRACE org.dbunit.database.DatabaseConfig  - getFeature(name=http://www.dbunit.org/features/qualifiedTableNames) - start
147717 [main] TRACE org.dbunit.database.DatabaseConfig  - getProperty(name=http://www.dbunit.org/features/qualifiedTableNames) - start
147717 [main] DEBUG org.dbunit.util.QualifiedTableName  - Qualified table names feature is disabled. Returning plain table name
147717 [main] DEBUG org.dbunit.util.QualifiedTableName  - getQualifiedName(prefix=null, name=SCOPE, escapePattern=null) - start
147717 [main] DEBUG org.dbunit.database.search.AbstractMetaDataBasedSearchCallback  - newEdge(rs=org.apache.commons.dbcp.DelegatingResultSet@3a6079e0, type=0, from=SCOPEDCONTENT, to=SCOPE, fkColumn=SCOPE, pkColumn=ID) - start
147717 [main] DEBUG org.dbunit.database.search.AbstractMetaDataBasedSearchCallback  - createFKEdge(rs=org.apache.commons.dbcp.DelegatingResultSet@3a6079e0, type=0, from=SCOPEDCONTENT, to=SCOPE, fkColumn=SCOPE, pkColumn=ID) - start
147717 [main] DEBUG org.dbunit.database.search.AbstractMetaDataBasedSearchCallback  - Adding edge SCOPEDCONTENT(SCOPE)->SCOPE(ID)
147718 [main] DEBUG org.dbunit.util.search.Edge  - compareTo(o=SCOPEDCONTENT(SCOPE)->SCOPE(ID)) - start
147718 [main] DEBUG org.dbunit.util.SQLHelper  - close(resultSet=org.apache.commons.dbcp.DelegatingResultSet@3a6079e0) - start
147718 [main] DEBUG org.dbunit.util.search.DepthFirstSearch  - search:SCOPE
147718 [main] DEBUG org.dbunit.database.search.ImportedKeysSearchCallback  - searchNode(node=SCOPE) - start
147718 [main] DEBUG org.dbunit.util.search.DepthFirstSearch  - Pushing SCOPE
147718 [main] DEBUG org.dbunit.database.search.ImportedKeysSearchCallback  - getEdges(node=SCOPE) - start
147718 [main] DEBUG org.dbunit.database.search.AbstractMetaDataBasedSearchCallback  - getNodesFromImportedKeys(node=SCOPE) - start
147718 [main] DEBUG org.dbunit.database.search.AbstractMetaDataBasedSearchCallback  - getNodes(type=0, node=SCOPE) - start
147718 [main] DEBUG org.dbunit.database.DatabaseDataSourceConnection  - getConnection() - start
147718 [main] DEBUG org.dbunit.database.search.AbstractMetaDataBasedSearchCallback  - getNodes(type=0, node=SCOPE, conn=Transaction-aware proxy for target Connection [jdbc:hsqldb:mem:kontrollDS, UserName=sw, HSQL Database Engine Driver], schema=null, metaData=org.apache.commons.dbcp.DelegatingDatabaseMetaData@13e17f11, edges=[]) - start
147718 [main] DEBUG org.dbunit.database.search.AbstractMetaDataBasedSearchCallback  - Getting edges for node SCOPE
147718 [main] TRACE org.dbunit.database.DatabaseConfig  - getProperty(name=http://www.dbunit.org/properties/metadataHandler) - start
147719 [main] TRACE org.dbunit.database.DefaultMetadataHandler  - tableExists(metaData=org.apache.commons.dbcp.DelegatingDatabaseMetaData@13e17f11, schemaName=null, tableName=SCOPE) - start
147720 [main] DEBUG org.dbunit.util.SQLHelper  - close(resultSet=org.apache.commons.dbcp.DelegatingResultSet@18e5ef0b) - start
147720 [main] DEBUG org.dbunit.util.SQLHelper  - close(resultSet=org.apache.commons.dbcp.DelegatingResultSet@f16f11f) - start
147720 [main] DEBUG org.dbunit.util.search.DepthFirstSearch  - Adding node SCOPE to the final result
147720 [main] DEBUG org.dbunit.util.search.DepthFirstSearch  - Adding node SCOPEDCONTENT to the final result
147720 [main] DEBUG org.dbunit.util.search.DepthFirstSearch  - search:SCOPEDCONTENTITEM
147720 [main] DEBUG org.dbunit.database.search.ImportedKeysSearchCallback  - searchNode(node=SCOPEDCONTENTITEM) - start
147720 [main] DEBUG org.dbunit.util.search.DepthFirstSearch  - Pushing SCOPEDCONTENTITEM
147720 [main] DEBUG org.dbunit.database.search.ImportedKeysSearchCallback  - getEdges(node=SCOPEDCONTENTITEM) - start
147720 [main] DEBUG org.dbunit.database.search.AbstractMetaDataBasedSearchCallback  - getNodesFromImportedKeys(node=SCOPEDCONTENTITEM) - start
147720 [main] DEBUG org.dbunit.database.search.AbstractMetaDataBasedSearchCallback  - getNodes(type=0, node=SCOPEDCONTENTITEM) - start
147720 [main] DEBUG org.dbunit.database.DatabaseDataSourceConnection  - getConnection() - start
147721 [main] DEBUG org.dbunit.database.search.AbstractMetaDataBasedSearchCallback  - getNodes(type=0, node=SCOPEDCONTENTITEM, conn=Transaction-aware proxy for target Connection [jdbc:hsqldb:mem:kontrollDS, UserName=sw, HSQL Database Engine Driver], schema=null, metaData=org.apache.commons.dbcp.DelegatingDatabaseMetaData@2b3031f6, edges=[]) - start
147721 [main] DEBUG org.dbunit.database.search.AbstractMetaDataBasedSearchCallback  - Getting edges for node SCOPEDCONTENTITEM
147721 [main] TRACE org.dbunit.database.DatabaseConfig  - getProperty(name=http://www.dbunit.org/properties/metadataHandler) - start
147721 [main] TRACE org.dbunit.database.DefaultMetadataHandler  - tableExists(metaData=org.apache.commons.dbcp.DelegatingDatabaseMetaData@2b3031f6, schemaName=null, tableName=SCOPEDCONTENTITEM) - start
147722 [main] DEBUG org.dbunit.util.SQLHelper  - close(resultSet=org.apache.commons.dbcp.DelegatingResultSet@3d03134b) - start
147722 [main] DEBUG org.dbunit.util.SQLHelper  - close(resultSet=org.apache.commons.dbcp.DelegatingResultSet@7afca740) - start
147722 [main] DEBUG org.dbunit.util.search.DepthFirstSearch  - Adding node SCOPEDCONTENTITEM to the final result
147722 [main] DEBUG org.dbunit.util.search.DepthFirstSearch  - Adding node SCOPEDCONTENT_SCOPEDCONTENTITEM to the final result
147722 [main] DEBUG org.dbunit.util.search.DepthFirstSearch  - reverseSearch:SCOPEDCONTENT
147722 [main] DEBUG org.dbunit.database.search.ImportedKeysSearchCallback  - searchNode(node=SCOPEDCONTENT) - start
147723 [main] DEBUG org.dbunit.util.search.DepthFirstSearch  - Pushing (reverse) SCOPEDCONTENT
147723 [main] DEBUG org.dbunit.database.search.ImportedKeysSearchCallback  - getEdges(node=SCOPEDCONTENT) - start
147723 [main] DEBUG org.dbunit.database.search.AbstractMetaDataBasedSearchCallback  - getNodesFromImportedKeys(node=SCOPEDCONTENT) - start
147723 [main] DEBUG org.dbunit.database.search.AbstractMetaDataBasedSearchCallback  - getNodes(type=0, node=SCOPEDCONTENT) - start
147723 [main] DEBUG org.dbunit.database.DatabaseDataSourceConnection  - getConnection() - start
147723 [main] DEBUG org.dbunit.database.search.AbstractMetaDataBasedSearchCallback  - getNodes(type=0, node=SCOPEDCONTENT, conn=Transaction-aware proxy for target Connection [jdbc:hsqldb:mem:kontrollDS, UserName=sw, HSQL Database Engine Driver], schema=null, metaData=org.apache.commons.dbcp.DelegatingDatabaseMetaData@614899d4, edges=[]) - start
147723 [main] DEBUG org.dbunit.database.search.AbstractMetaDataBasedSearchCallback  - Getting edges for node SCOPEDCONTENT
147723 [main] TRACE org.dbunit.database.DatabaseConfig  - getProperty(name=http://www.dbunit.org/properties/metadataHandler) - start
147723 [main] TRACE org.dbunit.database.DefaultMetadataHandler  - tableExists(metaData=org.apache.commons.dbcp.DelegatingDatabaseMetaData@614899d4, schemaName=null, tableName=SCOPEDCONTENT) - start
147724 [main] DEBUG org.dbunit.util.SQLHelper  - close(resultSet=org.apache.commons.dbcp.DelegatingResultSet@6c36bdfb) - start
147724 [main] DEBUG org.dbunit.util.QualifiedTableName  - getQualifiedNameIfEnabled(config=org.dbunit.database.DatabaseConfig[, _propertyMap={http://www.dbunit.org/properties/statementFactory=org.dbunit.database.statement.PreparedStatementFactory@626bc2b8, http://www.dbunit.org/features/caseSensitiveTableNames=false, http://www.dbunit.org/properties/fetchSize=100, http://www.dbunit.org/features/batchedStatements=false, http://www.dbunit.org/properties/metadataHandler=org.dbunit.database.DefaultMetadataHandler@3bbfdfde, http://www.dbunit.org/properties/datatypeFactory=org.dbunit.dataset.datatype.DefaultDataTypeFactory[_toleratedDeltaMap=org.dbunit.dataset.datatype.ToleratedDeltaMap@6452310a], http://www.dbunit.org/properties/escapePattern=null, http://www.dbunit.org/properties/batchSize=100, http://www.dbunit.org/features/qualifiedTableNames=false, http://www.dbunit.org/properties/tableType=[Ljava.lang.String;@5011bafa, http://www.dbunit.org/properties/resultSetTableFactory=org.dbunit.database.CachedResultSetTableFactory@10bcf083, http://www.dbunit.org/features/datatypeWarning=true}]) - start
147725 [main] TRACE org.dbunit.database.DatabaseConfig  - getFeature(name=http://www.dbunit.org/features/qualifiedTableNames) - start
147725 [main] TRACE org.dbunit.database.DatabaseConfig  - getProperty(name=http://www.dbunit.org/features/qualifiedTableNames) - start
147725 [main] DEBUG org.dbunit.util.QualifiedTableName  - Qualified table names feature is disabled. Returning plain table name
147725 [main] DEBUG org.dbunit.util.QualifiedTableName  - getQualifiedName(prefix=null, name=SCOPEDCONTENT, escapePattern=null) - start
147725 [main] DEBUG org.dbunit.util.QualifiedTableName  - getQualifiedNameIfEnabled(config=org.dbunit.database.DatabaseConfig[, _propertyMap={http://www.dbunit.org/properties/statementFactory=org.dbunit.database.statement.PreparedStatementFactory@626bc2b8, http://www.dbunit.org/features/caseSensitiveTableNames=false, http://www.dbunit.org/properties/fetchSize=100, http://www.dbunit.org/features/batchedStatements=false, http://www.dbunit.org/properties/metadataHandler=org.dbunit.database.DefaultMetadataHandler@3bbfdfde, http://www.dbunit.org/properties/datatypeFactory=org.dbunit.dataset.datatype.DefaultDataTypeFactory[_toleratedDeltaMap=org.dbunit.dataset.datatype.ToleratedDeltaMap@6452310a], http://www.dbunit.org/properties/escapePattern=null, http://www.dbunit.org/properties/batchSize=100, http://www.dbunit.org/features/qualifiedTableNames=false, http://www.dbunit.org/properties/tableType=[Ljava.lang.String;@5011bafa, http://www.dbunit.org/properties/resultSetTableFactory=org.dbunit.database.CachedResultSetTableFactory@10bcf083, http://www.dbunit.org/features/datatypeWarning=true}]) - start
147725 [main] TRACE org.dbunit.database.DatabaseConfig  - getFeature(name=http://www.dbunit.org/features/qualifiedTableNames) - start
147725 [main] TRACE org.dbunit.database.DatabaseConfig  - getProperty(name=http://www.dbunit.org/features/qualifiedTableNames) - start
147725 [main] DEBUG org.dbunit.util.QualifiedTableName  - Qualified table names feature is disabled. Returning plain table name
147725 [main] DEBUG org.dbunit.util.QualifiedTableName  - getQualifiedName(prefix=null, name=SCOPE, escapePattern=null) - start
147725 [main] DEBUG org.dbunit.database.search.AbstractMetaDataBasedSearchCallback  - newEdge(rs=org.apache.commons.dbcp.DelegatingResultSet@54a1ac64, type=0, from=SCOPEDCONTENT, to=SCOPE, fkColumn=SCOPE, pkColumn=ID) - start
147725 [main] DEBUG org.dbunit.database.search.AbstractMetaDataBasedSearchCallback  - createFKEdge(rs=org.apache.commons.dbcp.DelegatingResultSet@54a1ac64, type=0, from=SCOPEDCONTENT, to=SCOPE, fkColumn=SCOPE, pkColumn=ID) - start
147725 [main] DEBUG org.dbunit.database.search.AbstractMetaDataBasedSearchCallback  - Adding edge SCOPEDCONTENT(SCOPE)->SCOPE(ID)
147725 [main] DEBUG org.dbunit.util.search.Edge  - compareTo(o=SCOPEDCONTENT(SCOPE)->SCOPE(ID)) - start
147726 [main] DEBUG org.dbunit.util.SQLHelper  - close(resultSet=org.apache.commons.dbcp.DelegatingResultSet@54a1ac64) - start
147726 [main] DEBUG org.dbunit.util.search.DepthFirstSearch  - reverseSearch:SCOPEDCONTENTITEM
147726 [main] DEBUG org.dbunit.database.search.ImportedKeysSearchCallback  - searchNode(node=SCOPEDCONTENTITEM) - start
147726 [main] DEBUG org.dbunit.util.search.DepthFirstSearch  - Pushing (reverse) SCOPEDCONTENTITEM
147726 [main] DEBUG org.dbunit.database.search.ImportedKeysSearchCallback  - getEdges(node=SCOPEDCONTENTITEM) - start
147726 [main] DEBUG org.dbunit.database.search.AbstractMetaDataBasedSearchCallback  - getNodesFromImportedKeys(node=SCOPEDCONTENTITEM) - start
147726 [main] DEBUG org.dbunit.database.search.AbstractMetaDataBasedSearchCallback  - getNodes(type=0, node=SCOPEDCONTENTITEM) - start
147726 [main] DEBUG org.dbunit.database.DatabaseDataSourceConnection  - getConnection() - start
147726 [main] DEBUG org.dbunit.database.search.AbstractMetaDataBasedSearchCallback  - getNodes(type=0, node=SCOPEDCONTENTITEM, conn=Transaction-aware proxy for target Connection [jdbc:hsqldb:mem:kontrollDS, UserName=sw, HSQL Database Engine Driver], schema=null, metaData=org.apache.commons.dbcp.DelegatingDatabaseMetaData@423d04a4, edges=[]) - start
147726 [main] DEBUG org.dbunit.database.search.AbstractMetaDataBasedSearchCallback  - Getting edges for node SCOPEDCONTENTITEM
147726 [main] TRACE org.dbunit.database.DatabaseConfig  - getProperty(name=http://www.dbunit.org/properties/metadataHandler) - start
147726 [main] TRACE org.dbunit.database.DefaultMetadataHandler  - tableExists(metaData=org.apache.commons.dbcp.DelegatingDatabaseMetaData@423d04a4, schemaName=null, tableName=SCOPEDCONTENTITEM) - start
147727 [main] DEBUG org.dbunit.util.SQLHelper  - close(resultSet=org.apache.commons.dbcp.DelegatingResultSet@584d037c) - start
147728 [main] DEBUG org.dbunit.util.SQLHelper  - close(resultSet=org.apache.commons.dbcp.DelegatingResultSet@488fc996) - start
147728 [main] DEBUG org.dbunit.util.search.DepthFirstSearch  - reverseSearch:SCOPEDCONTENT_SCOPEDCONTENTITEM
147728 [main] DEBUG org.dbunit.util.search.DepthFirstSearch  - already searched; returning true
147728 [main] DEBUG org.dbunit.util.search.DepthFirstSearch  - reverseSearch:SCOPE
147728 [main] DEBUG org.dbunit.database.search.ImportedKeysSearchCallback  - searchNode(node=SCOPE) - start
147728 [main] DEBUG org.dbunit.util.search.DepthFirstSearch  - Pushing (reverse) SCOPE
147728 [main] DEBUG org.dbunit.database.search.ImportedKeysSearchCallback  - getEdges(node=SCOPE) - start
147728 [main] DEBUG org.dbunit.database.search.AbstractMetaDataBasedSearchCallback  - getNodesFromImportedKeys(node=SCOPE) - start
147728 [main] DEBUG org.dbunit.database.search.AbstractMetaDataBasedSearchCallback  - getNodes(type=0, node=SCOPE) - start
147728 [main] DEBUG org.dbunit.database.DatabaseDataSourceConnection  - getConnection() - start
147729 [main] DEBUG org.dbunit.database.search.AbstractMetaDataBasedSearchCallback  - getNodes(type=0, node=SCOPE, conn=Transaction-aware proxy for target Connection [jdbc:hsqldb:mem:kontrollDS, UserName=sw, HSQL Database Engine Driver], schema=null, metaData=org.apache.commons.dbcp.DelegatingDatabaseMetaData@57fbbc11, edges=[]) - start
147729 [main] DEBUG org.dbunit.database.search.AbstractMetaDataBasedSearchCallback  - Getting edges for node SCOPE
147729 [main] TRACE org.dbunit.database.DatabaseConfig  - getProperty(name=http://www.dbunit.org/properties/metadataHandler) - start
147729 [main] TRACE org.dbunit.database.DefaultMetadataHandler  - tableExists(metaData=org.apache.commons.dbcp.DelegatingDatabaseMetaData@57fbbc11, schemaName=null, tableName=SCOPE) - start
147730 [main] DEBUG org.dbunit.util.SQLHelper  - close(resultSet=org.apache.commons.dbcp.DelegatingResultSet@2e609ee5) - start
147730 [main] DEBUG org.dbunit.util.SQLHelper  - close(resultSet=org.apache.commons.dbcp.DelegatingResultSet@367d2a56) - start
147730 [main] DEBUG org.dbunit.util.search.DepthFirstSearch  - search:SCOPEDCONTENT_SCOPEDCONTENTITEM
147730 [main] DEBUG org.dbunit.util.search.DepthFirstSearch  - already searched; returning true
147730 [main] DEBUG org.dbunit.util.search.DepthFirstSearch  - search:SCOPEDCONTENT
147730 [main] DEBUG org.dbunit.util.search.DepthFirstSearch  - already searched; returning true
147730 [main] DEBUG org.dbunit.util.search.DepthFirstSearch  - search:SCOPEDCONTENTITEM
147730 [main] DEBUG org.dbunit.util.search.DepthFirstSearch  - already searched; returning true
147731 [main] DEBUG org.dbunit.util.search.DepthFirstSearch  - search:SCOPE
147731 [main] DEBUG org.dbunit.util.search.DepthFirstSearch  - already searched; returning true
147731 [main] DEBUG org.dbunit.util.CollectionsHelper  - setToStrings(set=[SCOPE, SCOPEDCONTENT, SCOPEDCONTENTITEM, SCOPEDCONTENT_SCOPEDCONTENTITEM]) - start
147731 [main] DEBUG org.dbunit.database.search.TablesDependencyHelper  - getDependsOnTables(connection=_databaseConfig=org.dbunit.database.DatabaseConfig[, _propertyMap={http://www.dbunit.org/properties/statementFactory=org.dbunit.database.statement.PreparedStatementFactory@626bc2b8, http://www.dbunit.org/features/caseSensitiveTableNames=false, http://www.dbunit.org/properties/fetchSize=100, http://www.dbunit.org/features/batchedStatements=false, http://www.dbunit.org/properties/metadataHandler=org.dbunit.database.DefaultMetadataHandler@3bbfdfde, http://www.dbunit.org/properties/datatypeFactory=org.dbunit.dataset.datatype.DefaultDataTypeFactory[_toleratedDeltaMap=org.dbunit.dataset.datatype.ToleratedDeltaMap@6452310a], http://www.dbunit.org/properties/escapePattern=null, http://www.dbunit.org/properties/batchSize=100, http://www.dbunit.org/features/qualifiedTableNames=false, http://www.dbunit.org/properties/tableType=[Ljava.lang.String;@5011bafa, http://www.dbunit.org/properties/resultSetTableFactory=org.dbunit.database.CachedResultSetTableFactory@10bcf083, http://www.dbunit.org/features/datatypeWarning=true}], _dataSet=AbstractDataSet[_orderedTableNameMap=null], rootTable=SCOPEDCONTENT_SCOPEDCONTENTITEM) - start
147731 [main] DEBUG org.dbunit.util.search.DepthFirstSearch  - search(nodesFrom=[SCOPEDCONTENT_SCOPEDCONTENTITEM], callback=org.dbunit.database.search.ExportedKeysSearchCallback@727b2e9a) - start
147731 [main] DEBUG org.dbunit.util.CollectionsHelper  - objectsToSet(objects=SCOPEDCONTENT_SCOPEDCONTENTITEM) - start
147731 [main] DEBUG org.dbunit.util.search.DepthFirstSearch  - search(nodesFrom=[SCOPEDCONTENT_SCOPEDCONTENTITEM], callback=org.dbunit.database.search.ExportedKeysSearchCallback@727b2e9a) - start
147731 [main] DEBUG org.dbunit.util.search.DepthFirstSearch  - reverseSearch:SCOPEDCONTENT_SCOPEDCONTENTITEM
147731 [main] DEBUG org.dbunit.database.search.ExportedKeysSearchCallback  - searchNode(node=SCOPEDCONTENT_SCOPEDCONTENTITEM) - start
147731 [main] DEBUG org.dbunit.util.search.DepthFirstSearch  - Pushing (reverse) SCOPEDCONTENT_SCOPEDCONTENTITEM
147731 [main] DEBUG org.dbunit.database.search.ExportedKeysSearchCallback  - getEdges(node=SCOPEDCONTENT_SCOPEDCONTENTITEM) - start
147731 [main] DEBUG org.dbunit.database.search.AbstractMetaDataBasedSearchCallback  - getNodesFromExportedKeys(node=SCOPEDCONTENT_SCOPEDCONTENTITEM) - start
147732 [main] DEBUG org.dbunit.database.search.AbstractMetaDataBasedSearchCallback  - getNodes(type=1, node=SCOPEDCONTENT_SCOPEDCONTENTITEM) - start
147732 [main] DEBUG org.dbunit.database.DatabaseDataSourceConnection  - getConnection() - start
147732 [main] DEBUG org.dbunit.database.search.AbstractMetaDataBasedSearchCallback  - getNodes(type=1, node=SCOPEDCONTENT_SCOPEDCONTENTITEM, conn=Transaction-aware proxy for target Connection [jdbc:hsqldb:mem:kontrollDS, UserName=sw, HSQL Database Engine Driver], schema=null, metaData=org.apache.commons.dbcp.DelegatingDatabaseMetaData@7530bb2d, edges=[]) - start
147732 [main] DEBUG org.dbunit.database.search.AbstractMetaDataBasedSearchCallback  - Getting edges for node SCOPEDCONTENT_SCOPEDCONTENTITEM
147732 [main] TRACE org.dbunit.database.DatabaseConfig  - getProperty(name=http://www.dbunit.org/properties/metadataHandler) - start
147732 [main] TRACE org.dbunit.database.DefaultMetadataHandler  - tableExists(metaData=org.apache.commons.dbcp.DelegatingDatabaseMetaData@7530bb2d, schemaName=null, tableName=SCOPEDCONTENT_SCOPEDCONTENTITEM) - start
147733 [main] DEBUG org.dbunit.util.SQLHelper  - close(resultSet=org.apache.commons.dbcp.DelegatingResultSet@3450a232) - start
147733 [main] DEBUG org.dbunit.util.SQLHelper  - close(resultSet=org.apache.commons.dbcp.DelegatingResultSet@4155a83e) - start
147733 [main] DEBUG org.dbunit.util.search.DepthFirstSearch  - search:SCOPEDCONTENT_SCOPEDCONTENTITEM
147733 [main] DEBUG org.dbunit.database.search.ExportedKeysSearchCallback  - searchNode(node=SCOPEDCONTENT_SCOPEDCONTENTITEM) - start
147734 [main] DEBUG org.dbunit.util.search.DepthFirstSearch  - Pushing SCOPEDCONTENT_SCOPEDCONTENTITEM
147734 [main] DEBUG org.dbunit.database.search.ExportedKeysSearchCallback  - getEdges(node=SCOPEDCONTENT_SCOPEDCONTENTITEM) - start
147734 [main] DEBUG org.dbunit.database.search.AbstractMetaDataBasedSearchCallback  - getNodesFromExportedKeys(node=SCOPEDCONTENT_SCOPEDCONTENTITEM) - start
147734 [main] DEBUG org.dbunit.database.search.AbstractMetaDataBasedSearchCallback  - getNodes(type=1, node=SCOPEDCONTENT_SCOPEDCONTENTITEM) - start
147734 [main] DEBUG org.dbunit.database.DatabaseDataSourceConnection  - getConnection() - start
147734 [main] DEBUG org.dbunit.database.search.AbstractMetaDataBasedSearchCallback  - getNodes(type=1, node=SCOPEDCONTENT_SCOPEDCONTENTITEM, conn=Transaction-aware proxy for target Connection [jdbc:hsqldb:mem:kontrollDS, UserName=sw, HSQL Database Engine Driver], schema=null, metaData=org.apache.commons.dbcp.DelegatingDatabaseMetaData@5e989ff4, edges=[]) - start
147734 [main] DEBUG org.dbunit.database.search.AbstractMetaDataBasedSearchCallback  - Getting edges for node SCOPEDCONTENT_SCOPEDCONTENTITEM
147734 [main] TRACE org.dbunit.database.DatabaseConfig  - getProperty(name=http://www.dbunit.org/properties/metadataHandler) - start
147734 [main] TRACE org.dbunit.database.DefaultMetadataHandler  - tableExists(metaData=org.apache.commons.dbcp.DelegatingDatabaseMetaData@5e989ff4, schemaName=null, tableName=SCOPEDCONTENT_SCOPEDCONTENTITEM) - start
147735 [main] DEBUG org.dbunit.util.SQLHelper  - close(resultSet=org.apache.commons.dbcp.DelegatingResultSet@2455436d) - start
147735 [main] DEBUG org.dbunit.util.SQLHelper  - close(resultSet=org.apache.commons.dbcp.DelegatingResultSet@3770a352) - start
147735 [main] DEBUG org.dbunit.util.search.DepthFirstSearch  - Adding node SCOPEDCONTENT_SCOPEDCONTENTITEM to the final result
147736 [main] DEBUG org.dbunit.util.CollectionsHelper  - setToStrings(set=[SCOPEDCONTENT_SCOPEDCONTENTITEM]) - start
147736 [main] DEBUG org.dbunit.database.search.TablesDependencyHelper  - getDirectDependsOnTables(connection=_databaseConfig=org.dbunit.database.DatabaseConfig[, _propertyMap={http://www.dbunit.org/properties/statementFactory=org.dbunit.database.statement.PreparedStatementFactory@626bc2b8, http://www.dbunit.org/features/caseSensitiveTableNames=false, http://www.dbunit.org/properties/fetchSize=100, http://www.dbunit.org/features/batchedStatements=false, http://www.dbunit.org/properties/metadataHandler=org.dbunit.database.DefaultMetadataHandler@3bbfdfde, http://www.dbunit.org/properties/datatypeFactory=org.dbunit.dataset.datatype.DefaultDataTypeFactory[_toleratedDeltaMap=org.dbunit.dataset.datatype.ToleratedDeltaMap@6452310a], http://www.dbunit.org/properties/escapePattern=null, http://www.dbunit.org/properties/batchSize=100, http://www.dbunit.org/features/qualifiedTableNames=false, http://www.dbunit.org/properties/tableType=[Ljava.lang.String;@5011bafa, http://www.dbunit.org/properties/resultSetTableFactory=org.dbunit.database.CachedResultSetTableFactory@10bcf083, http://www.dbunit.org/features/datatypeWarning=true}], _dataSet=AbstractDataSet[_orderedTableNameMap=null], tableName=SCOPEDCONTENT_SCOPEDCONTENTITEM) - start
147736 [main] DEBUG org.dbunit.util.search.DepthFirstSearch  - search(nodesFrom=[SCOPEDCONTENT_SCOPEDCONTENTITEM], callback=org.dbunit.database.search.ExportedKeysSearchCallback@63e13274) - start
147736 [main] DEBUG org.dbunit.util.CollectionsHelper  - objectsToSet(objects=SCOPEDCONTENT_SCOPEDCONTENTITEM) - start
147736 [main] DEBUG org.dbunit.util.search.DepthFirstSearch  - search(nodesFrom=[SCOPEDCONTENT_SCOPEDCONTENTITEM], callback=org.dbunit.database.search.ExportedKeysSearchCallback@63e13274) - start
147736 [main] DEBUG org.dbunit.util.search.DepthFirstSearch  - reverseSearch:SCOPEDCONTENT_SCOPEDCONTENTITEM
147736 [main] DEBUG org.dbunit.database.search.ExportedKeysSearchCallback  - searchNode(node=SCOPEDCONTENT_SCOPEDCONTENTITEM) - start
147736 [main] DEBUG org.dbunit.util.search.DepthFirstSearch  - Pushing (reverse) SCOPEDCONTENT_SCOPEDCONTENTITEM
147736 [main] DEBUG org.dbunit.database.search.ExportedKeysSearchCallback  - getEdges(node=SCOPEDCONTENT_SCOPEDCONTENTITEM) - start
147736 [main] DEBUG org.dbunit.database.search.AbstractMetaDataBasedSearchCallback  - getNodesFromExportedKeys(node=SCOPEDCONTENT_SCOPEDCONTENTITEM) - start
147736 [main] DEBUG org.dbunit.database.search.AbstractMetaDataBasedSearchCallback  - getNodes(type=1, node=SCOPEDCONTENT_SCOPEDCONTENTITEM) - start
147737 [main] DEBUG org.dbunit.database.DatabaseDataSourceConnection  - getConnection() - start
147737 [main] DEBUG org.dbunit.database.search.AbstractMetaDataBasedSearchCallback  - getNodes(type=1, node=SCOPEDCONTENT_SCOPEDCONTENTITEM, conn=Transaction-aware proxy for target Connection [jdbc:hsqldb:mem:kontrollDS, UserName=sw, HSQL Database Engine Driver], schema=null, metaData=org.apache.commons.dbcp.DelegatingDatabaseMetaData@55b790e6, edges=[]) - start
147737 [main] DEBUG org.dbunit.database.search.AbstractMetaDataBasedSearchCallback  - Getting edges for node SCOPEDCONTENT_SCOPEDCONTENTITEM
147737 [main] TRACE org.dbunit.database.DatabaseConfig  - getProperty(name=http://www.dbunit.org/properties/metadataHandler) - start
147737 [main] TRACE org.dbunit.database.DefaultMetadataHandler  - tableExists(metaData=org.apache.commons.dbcp.DelegatingDatabaseMetaData@55b790e6, schemaName=null, tableName=SCOPEDCONTENT_SCOPEDCONTENTITEM) - start
147738 [main] DEBUG org.dbunit.util.SQLHelper  - close(resultSet=org.apache.commons.dbcp.DelegatingResultSet@542ded01) - start
147738 [main] DEBUG org.dbunit.util.SQLHelper  - close(resultSet=org.apache.commons.dbcp.DelegatingResultSet@60d6f91c) - start
147738 [main] DEBUG org.dbunit.util.search.DepthFirstSearch  - search:SCOPEDCONTENT_SCOPEDCONTENTITEM
147738 [main] DEBUG org.dbunit.database.search.ExportedKeysSearchCallback  - searchNode(node=SCOPEDCONTENT_SCOPEDCONTENTITEM) - start
147738 [main] DEBUG org.dbunit.util.search.DepthFirstSearch  - Pushing SCOPEDCONTENT_SCOPEDCONTENTITEM
147738 [main] DEBUG org.dbunit.database.search.ExportedKeysSearchCallback  - getEdges(node=SCOPEDCONTENT_SCOPEDCONTENTITEM) - start
147739 [main] DEBUG org.dbunit.database.search.AbstractMetaDataBasedSearchCallback  - getNodesFromExportedKeys(node=SCOPEDCONTENT_SCOPEDCONTENTITEM) - start
147739 [main] DEBUG org.dbunit.database.search.AbstractMetaDataBasedSearchCallback  - getNodes(type=1, node=SCOPEDCONTENT_SCOPEDCONTENTITEM) - start
147739 [main] DEBUG org.dbunit.database.DatabaseDataSourceConnection  - getConnection() - start
147739 [main] DEBUG org.dbunit.database.search.AbstractMetaDataBasedSearchCallback  - getNodes(type=1, node=SCOPEDCONTENT_SCOPEDCONTENTITEM, conn=Transaction-aware proxy for target Connection [jdbc:hsqldb:mem:kontrollDS, UserName=sw, HSQL Database Engine Driver], schema=null, metaData=org.apache.commons.dbcp.DelegatingDatabaseMetaData@417cceef, edges=[]) - start
147739 [main] DEBUG org.dbunit.database.search.AbstractMetaDataBasedSearchCallback  - Getting edges for node SCOPEDCONTENT_SCOPEDCONTENTITEM
147739 [main] TRACE org.dbunit.database.DatabaseConfig  - getProperty(name=http://www.dbunit.org/properties/metadataHandler) - start
147739 [main] TRACE org.dbunit.database.DefaultMetadataHandler  - tableExists(metaData=org.apache.commons.dbcp.DelegatingDatabaseMetaData@417cceef, schemaName=null, tableName=SCOPEDCONTENT_SCOPEDCONTENTITEM) - start
147740 [main] DEBUG org.dbunit.util.SQLHelper  - close(resultSet=org.apache.commons.dbcp.DelegatingResultSet@61c829ae) - start
147740 [main] DEBUG org.dbunit.util.SQLHelper  - close(resultSet=org.apache.commons.dbcp.DelegatingResultSet@2b3155b0) - start
147740 [main] DEBUG org.dbunit.util.search.DepthFirstSearch  - Adding node SCOPEDCONTENT_SCOPEDCONTENTITEM to the final result
147740 [main] DEBUG org.dbunit.database.search.TablesDependencyHelper  - getDirectDependentTables(connection=_databaseConfig=org.dbunit.database.DatabaseConfig[, _propertyMap={http://www.dbunit.org/properties/statementFactory=org.dbunit.database.statement.PreparedStatementFactory@626bc2b8, http://www.dbunit.org/features/caseSensitiveTableNames=false, http://www.dbunit.org/properties/fetchSize=100, http://www.dbunit.org/features/batchedStatements=false, http://www.dbunit.org/properties/metadataHandler=org.dbunit.database.DefaultMetadataHandler@3bbfdfde, http://www.dbunit.org/properties/datatypeFactory=org.dbunit.dataset.datatype.DefaultDataTypeFactory[_toleratedDeltaMap=org.dbunit.dataset.datatype.ToleratedDeltaMap@6452310a], http://www.dbunit.org/properties/escapePattern=null, http://www.dbunit.org/properties/batchSize=100, http://www.dbunit.org/features/qualifiedTableNames=false, http://www.dbunit.org/properties/tableType=[Ljava.lang.String;@5011bafa, http://www.dbunit.org/properties/resultSetTableFactory=org.dbunit.database.CachedResultSetTableFactory@10bcf083, http://www.dbunit.org/features/datatypeWarning=true}], _dataSet=AbstractDataSet[_orderedTableNameMap=null], tableName=SCOPEDCONTENT_SCOPEDCONTENTITEM) - start
147741 [main] DEBUG org.dbunit.util.search.DepthFirstSearch  - search(nodesFrom=[SCOPEDCONTENT_SCOPEDCONTENTITEM], callback=org.dbunit.database.search.ImportedKeysSearchCallback@7da9ffc4) - start
147741 [main] DEBUG org.dbunit.util.CollectionsHelper  - objectsToSet(objects=SCOPEDCONTENT_SCOPEDCONTENTITEM) - start
147741 [main] DEBUG org.dbunit.util.search.DepthFirstSearch  - search(nodesFrom=[SCOPEDCONTENT_SCOPEDCONTENTITEM], callback=org.dbunit.database.search.ImportedKeysSearchCallback@7da9ffc4) - start
147741 [main] DEBUG org.dbunit.util.search.DepthFirstSearch  - reverseSearch:SCOPEDCONTENT_SCOPEDCONTENTITEM
147741 [main] DEBUG org.dbunit.database.search.ImportedKeysSearchCallback  - searchNode(node=SCOPEDCONTENT_SCOPEDCONTENTITEM) - start
147741 [main] DEBUG org.dbunit.util.search.DepthFirstSearch  - Pushing (reverse) SCOPEDCONTENT_SCOPEDCONTENTITEM
147741 [main] DEBUG org.dbunit.database.search.ImportedKeysSearchCallback  - getEdges(node=SCOPEDCONTENT_SCOPEDCONTENTITEM) - start
147741 [main] DEBUG org.dbunit.database.search.AbstractMetaDataBasedSearchCallback  - getNodesFromImportedKeys(node=SCOPEDCONTENT_SCOPEDCONTENTITEM) - start
147741 [main] DEBUG org.dbunit.database.search.AbstractMetaDataBasedSearchCallback  - getNodes(type=0, node=SCOPEDCONTENT_SCOPEDCONTENTITEM) - start
147741 [main] DEBUG org.dbunit.database.DatabaseDataSourceConnection  - getConnection() - start
147741 [main] DEBUG org.dbunit.database.search.AbstractMetaDataBasedSearchCallback  - getNodes(type=0, node=SCOPEDCONTENT_SCOPEDCONTENTITEM, conn=Transaction-aware proxy for target Connection [jdbc:hsqldb:mem:kontrollDS, UserName=sw, HSQL Database Engine Driver], schema=null, metaData=org.apache.commons.dbcp.DelegatingDatabaseMetaData@23d6dd50, edges=[]) - start
147741 [main] DEBUG org.dbunit.database.search.AbstractMetaDataBasedSearchCallback  - Getting edges for node SCOPEDCONTENT_SCOPEDCONTENTITEM
147742 [main] TRACE org.dbunit.database.DatabaseConfig  - getProperty(name=http://www.dbunit.org/properties/metadataHandler) - start
147742 [main] TRACE org.dbunit.database.DefaultMetadataHandler  - tableExists(metaData=org.apache.commons.dbcp.DelegatingDatabaseMetaData@23d6dd50, schemaName=null, tableName=SCOPEDCONTENT_SCOPEDCONTENTITEM) - start
147743 [main] DEBUG org.dbunit.util.SQLHelper  - close(resultSet=org.apache.commons.dbcp.DelegatingResultSet@71014fb4) - start
147743 [main] DEBUG org.dbunit.util.QualifiedTableName  - getQualifiedNameIfEnabled(config=org.dbunit.database.DatabaseConfig[, _propertyMap={http://www.dbunit.org/properties/statementFactory=org.dbunit.database.statement.PreparedStatementFactory@626bc2b8, http://www.dbunit.org/features/caseSensitiveTableNames=false, http://www.dbunit.org/properties/fetchSize=100, http://www.dbunit.org/features/batchedStatements=false, http://www.dbunit.org/properties/metadataHandler=org.dbunit.database.DefaultMetadataHandler@3bbfdfde, http://www.dbunit.org/properties/datatypeFactory=org.dbunit.dataset.datatype.DefaultDataTypeFactory[_toleratedDeltaMap=org.dbunit.dataset.datatype.ToleratedDeltaMap@6452310a], http://www.dbunit.org/properties/escapePattern=null, http://www.dbunit.org/properties/batchSize=100, http://www.dbunit.org/features/qualifiedTableNames=false, http://www.dbunit.org/properties/tableType=[Ljava.lang.String;@5011bafa, http://www.dbunit.org/properties/resultSetTableFactory=org.dbunit.database.CachedResultSetTableFactory@10bcf083, http://www.dbunit.org/features/datatypeWarning=true}]) - start
147743 [main] TRACE org.dbunit.database.DatabaseConfig  - getFeature(name=http://www.dbunit.org/features/qualifiedTableNames) - start
147743 [main] TRACE org.dbunit.database.DatabaseConfig  - getProperty(name=http://www.dbunit.org/features/qualifiedTableNames) - start
147743 [main] DEBUG org.dbunit.util.QualifiedTableName  - Qualified table names feature is disabled. Returning plain table name
147743 [main] DEBUG org.dbunit.util.QualifiedTableName  - getQualifiedName(prefix=null, name=SCOPEDCONTENT_SCOPEDCONTENTITEM, escapePattern=null) - start
147743 [main] DEBUG org.dbunit.util.QualifiedTableName  - getQualifiedNameIfEnabled(config=org.dbunit.database.DatabaseConfig[, _propertyMap={http://www.dbunit.org/properties/statementFactory=org.dbunit.database.statement.PreparedStatementFactory@626bc2b8, http://www.dbunit.org/features/caseSensitiveTableNames=false, http://www.dbunit.org/properties/fetchSize=100, http://www.dbunit.org/features/batchedStatements=false, http://www.dbunit.org/properties/metadataHandler=org.dbunit.database.DefaultMetadataHandler@3bbfdfde, http://www.dbunit.org/properties/datatypeFactory=org.dbunit.dataset.datatype.DefaultDataTypeFactory[_toleratedDeltaMap=org.dbunit.dataset.datatype.ToleratedDeltaMap@6452310a], http://www.dbunit.org/properties/escapePattern=null, http://www.dbunit.org/properties/batchSize=100, http://www.dbunit.org/features/qualifiedTableNames=false, http://www.dbunit.org/properties/tableType=[Ljava.lang.String;@5011bafa, http://www.dbunit.org/properties/resultSetTableFactory=org.dbunit.database.CachedResultSetTableFactory@10bcf083, http://www.dbunit.org/features/datatypeWarning=true}]) - start
147744 [main] TRACE org.dbunit.database.DatabaseConfig  - getFeature(name=http://www.dbunit.org/features/qualifiedTableNames) - start
147744 [main] TRACE org.dbunit.database.DatabaseConfig  - getProperty(name=http://www.dbunit.org/features/qualifiedTableNames) - start
147744 [main] DEBUG org.dbunit.util.QualifiedTableName  - Qualified table names feature is disabled. Returning plain table name
147744 [main] DEBUG org.dbunit.util.QualifiedTableName  - getQualifiedName(prefix=null, name=SCOPEDCONTENT, escapePattern=null) - start
147744 [main] DEBUG org.dbunit.database.search.AbstractMetaDataBasedSearchCallback  - newEdge(rs=org.apache.commons.dbcp.DelegatingResultSet@1da01ca5, type=0, from=SCOPEDCONTENT_SCOPEDCONTENTITEM, to=SCOPEDCONTENT, fkColumn=SCOPED_CONTENT_ITEM_ID, pkColumn=ID) - start
147744 [main] DEBUG org.dbunit.database.search.AbstractMetaDataBasedSearchCallback  - createFKEdge(rs=org.apache.commons.dbcp.DelegatingResultSet@1da01ca5, type=0, from=SCOPEDCONTENT_SCOPEDCONTENTITEM, to=SCOPEDCONTENT, fkColumn=SCOPED_CONTENT_ITEM_ID, pkColumn=ID) - start
147744 [main] DEBUG org.dbunit.database.search.AbstractMetaDataBasedSearchCallback  - Adding edge SCOPEDCONTENT_SCOPEDCONTENTITEM(SCOPED_CONTENT_ITEM_ID)->SCOPEDCONTENT(ID)
147744 [main] DEBUG org.dbunit.util.search.Edge  - compareTo(o=SCOPEDCONTENT_SCOPEDCONTENTITEM(SCOPED_CONTENT_ITEM_ID)->SCOPEDCONTENT(ID)) - start
147744 [main] DEBUG org.dbunit.util.QualifiedTableName  - getQualifiedNameIfEnabled(config=org.dbunit.database.DatabaseConfig[, _propertyMap={http://www.dbunit.org/properties/statementFactory=org.dbunit.database.statement.PreparedStatementFactory@626bc2b8, http://www.dbunit.org/features/caseSensitiveTableNames=false, http://www.dbunit.org/properties/fetchSize=100, http://www.dbunit.org/features/batchedStatements=false, http://www.dbunit.org/properties/metadataHandler=org.dbunit.database.DefaultMetadataHandler@3bbfdfde, http://www.dbunit.org/properties/datatypeFactory=org.dbunit.dataset.datatype.DefaultDataTypeFactory[_toleratedDeltaMap=org.dbunit.dataset.datatype.ToleratedDeltaMap@6452310a], http://www.dbunit.org/properties/escapePattern=null, http://www.dbunit.org/properties/batchSize=100, http://www.dbunit.org/features/qualifiedTableNames=false, http://www.dbunit.org/properties/tableType=[Ljava.lang.String;@5011bafa, http://www.dbunit.org/properties/resultSetTableFactory=org.dbunit.database.CachedResultSetTableFactory@10bcf083, http://www.dbunit.org/features/datatypeWarning=true}]) - start
147744 [main] TRACE org.dbunit.database.DatabaseConfig  - getFeature(name=http://www.dbunit.org/features/qualifiedTableNames) - start
147744 [main] TRACE org.dbunit.database.DatabaseConfig  - getProperty(name=http://www.dbunit.org/features/qualifiedTableNames) - start
147744 [main] DEBUG org.dbunit.util.QualifiedTableName  - Qualified table names feature is disabled. Returning plain table name
147744 [main] DEBUG org.dbunit.util.QualifiedTableName  - getQualifiedName(prefix=null, name=SCOPEDCONTENT_SCOPEDCONTENTITEM, escapePattern=null) - start
147745 [main] DEBUG org.dbunit.util.QualifiedTableName  - getQualifiedNameIfEnabled(config=org.dbunit.database.DatabaseConfig[, _propertyMap={http://www.dbunit.org/properties/statementFactory=org.dbunit.database.statement.PreparedStatementFactory@626bc2b8, http://www.dbunit.org/features/caseSensitiveTableNames=false, http://www.dbunit.org/properties/fetchSize=100, http://www.dbunit.org/features/batchedStatements=false, http://www.dbunit.org/properties/metadataHandler=org.dbunit.database.DefaultMetadataHandler@3bbfdfde, http://www.dbunit.org/properties/datatypeFactory=org.dbunit.dataset.datatype.DefaultDataTypeFactory[_toleratedDeltaMap=org.dbunit.dataset.datatype.ToleratedDeltaMap@6452310a], http://www.dbunit.org/properties/escapePattern=null, http://www.dbunit.org/properties/batchSize=100, http://www.dbunit.org/features/qualifiedTableNames=false, http://www.dbunit.org/properties/tableType=[Ljava.lang.String;@5011bafa, http://www.dbunit.org/properties/resultSetTableFactory=org.dbunit.database.CachedResultSetTableFactory@10bcf083, http://www.dbunit.org/features/datatypeWarning=true}]) - start
147745 [main] TRACE org.dbunit.database.DatabaseConfig  - getFeature(name=http://www.dbunit.org/features/qualifiedTableNames) - start
147745 [main] TRACE org.dbunit.database.DatabaseConfig  - getProperty(name=http://www.dbunit.org/features/qualifiedTableNames) - start
147745 [main] DEBUG org.dbunit.util.QualifiedTableName  - Qualified table names feature is disabled. Returning plain table name
147745 [main] DEBUG org.dbunit.util.QualifiedTableName  - getQualifiedName(prefix=null, name=SCOPEDCONTENTITEM, escapePattern=null) - start
147745 [main] DEBUG org.dbunit.database.search.AbstractMetaDataBasedSearchCallback  - newEdge(rs=org.apache.commons.dbcp.DelegatingResultSet@1da01ca5, type=0, from=SCOPEDCONTENT_SCOPEDCONTENTITEM, to=SCOPEDCONTENTITEM, fkColumn=SCOPED_CONTENT_ID, pkColumn=ID) - start
147745 [main] DEBUG org.dbunit.database.search.AbstractMetaDataBasedSearchCallback  - createFKEdge(rs=org.apache.commons.dbcp.DelegatingResultSet@1da01ca5, type=0, from=SCOPEDCONTENT_SCOPEDCONTENTITEM, to=SCOPEDCONTENTITEM, fkColumn=SCOPED_CONTENT_ID, pkColumn=ID) - start
147745 [main] DEBUG org.dbunit.database.search.AbstractMetaDataBasedSearchCallback  - Adding edge SCOPEDCONTENT_SCOPEDCONTENTITEM(SCOPED_CONTENT_ID)->SCOPEDCONTENTITEM(ID)
147745 [main] DEBUG org.dbunit.util.search.Edge  - compareTo(o=SCOPEDCONTENT_SCOPEDCONTENTITEM(SCOPED_CONTENT_ITEM_ID)->SCOPEDCONTENT(ID)) - start
147745 [main] DEBUG org.dbunit.util.SQLHelper  - close(resultSet=org.apache.commons.dbcp.DelegatingResultSet@1da01ca5) - start
147745 [main] DEBUG org.dbunit.util.search.DepthFirstSearch  - search:SCOPEDCONTENT_SCOPEDCONTENTITEM
147746 [main] DEBUG org.dbunit.database.search.ImportedKeysSearchCallback  - searchNode(node=SCOPEDCONTENT_SCOPEDCONTENTITEM) - start
147746 [main] DEBUG org.dbunit.util.search.DepthFirstSearch  - Pushing SCOPEDCONTENT_SCOPEDCONTENTITEM
147746 [main] DEBUG org.dbunit.database.search.ImportedKeysSearchCallback  - getEdges(node=SCOPEDCONTENT_SCOPEDCONTENTITEM) - start
147746 [main] DEBUG org.dbunit.database.search.AbstractMetaDataBasedSearchCallback  - getNodesFromImportedKeys(node=SCOPEDCONTENT_SCOPEDCONTENTITEM) - start
147746 [main] DEBUG org.dbunit.database.search.AbstractMetaDataBasedSearchCallback  - getNodes(type=0, node=SCOPEDCONTENT_SCOPEDCONTENTITEM) - start
147746 [main] DEBUG org.dbunit.database.DatabaseDataSourceConnection  - getConnection() - start
147746 [main] DEBUG org.dbunit.database.search.AbstractMetaDataBasedSearchCallback  - getNodes(type=0, node=SCOPEDCONTENT_SCOPEDCONTENTITEM, conn=Transaction-aware proxy for target Connection [jdbc:hsqldb:mem:kontrollDS, UserName=sw, HSQL Database Engine Driver], schema=null, metaData=org.apache.commons.dbcp.DelegatingDatabaseMetaData@7ab8a3d4, edges=[]) - start
147746 [main] DEBUG org.dbunit.database.search.AbstractMetaDataBasedSearchCallback  - Getting edges for node SCOPEDCONTENT_SCOPEDCONTENTITEM
147746 [main] TRACE org.dbunit.database.DatabaseConfig  - getProperty(name=http://www.dbunit.org/properties/metadataHandler) - start
147746 [main] TRACE org.dbunit.database.DefaultMetadataHandler  - tableExists(metaData=org.apache.commons.dbcp.DelegatingDatabaseMetaData@7ab8a3d4, schemaName=null, tableName=SCOPEDCONTENT_SCOPEDCONTENTITEM) - start
147747 [main] DEBUG org.dbunit.util.SQLHelper  - close(resultSet=org.apache.commons.dbcp.DelegatingResultSet@204cbc43) - start
147748 [main] DEBUG org.dbunit.util.QualifiedTableName  - getQualifiedNameIfEnabled(config=org.dbunit.database.DatabaseConfig[, _propertyMap={http://www.dbunit.org/properties/statementFactory=org.dbunit.database.statement.PreparedStatementFactory@626bc2b8, http://www.dbunit.org/features/caseSensitiveTableNames=false, http://www.dbunit.org/properties/fetchSize=100, http://www.dbunit.org/features/batchedStatements=false, http://www.dbunit.org/properties/metadataHandler=org.dbunit.database.DefaultMetadataHandler@3bbfdfde, http://www.dbunit.org/properties/datatypeFactory=org.dbunit.dataset.datatype.DefaultDataTypeFactory[_toleratedDeltaMap=org.dbunit.dataset.datatype.ToleratedDeltaMap@6452310a], http://www.dbunit.org/properties/escapePattern=null, http://www.dbunit.org/properties/batchSize=100, http://www.dbunit.org/features/qualifiedTableNames=false, http://www.dbunit.org/properties/tableType=[Ljava.lang.String;@5011bafa, http://www.dbunit.org/properties/resultSetTableFactory=org.dbunit.database.CachedResultSetTableFactory@10bcf083, http://www.dbunit.org/features/datatypeWarning=true}]) - start
147748 [main] TRACE org.dbunit.database.DatabaseConfig  - getFeature(name=http://www.dbunit.org/features/qualifiedTableNames) - start
147748 [main] TRACE org.dbunit.database.DatabaseConfig  - getProperty(name=http://www.dbunit.org/features/qualifiedTableNames) - start
147748 [main] DEBUG org.dbunit.util.QualifiedTableName  - Qualified table names feature is disabled. Returning plain table name
147748 [main] DEBUG org.dbunit.util.QualifiedTableName  - getQualifiedName(prefix=null, name=SCOPEDCONTENT_SCOPEDCONTENTITEM, escapePattern=null) - start
147748 [main] DEBUG org.dbunit.util.QualifiedTableName  - getQualifiedNameIfEnabled(config=org.dbunit.database.DatabaseConfig[, _propertyMap={http://www.dbunit.org/properties/statementFactory=org.dbunit.database.statement.PreparedStatementFactory@626bc2b8, http://www.dbunit.org/features/caseSensitiveTableNames=false, http://www.dbunit.org/properties/fetchSize=100, http://www.dbunit.org/features/batchedStatements=false, http://www.dbunit.org/properties/metadataHandler=org.dbunit.database.DefaultMetadataHandler@3bbfdfde, http://www.dbunit.org/properties/datatypeFactory=org.dbunit.dataset.datatype.DefaultDataTypeFactory[_toleratedDeltaMap=org.dbunit.dataset.datatype.ToleratedDeltaMap@6452310a], http://www.dbunit.org/properties/escapePattern=null, http://www.dbunit.org/properties/batchSize=100, http://www.dbunit.org/features/qualifiedTableNames=false, http://www.dbunit.org/properties/tableType=[Ljava.lang.String;@5011bafa, http://www.dbunit.org/properties/resultSetTableFactory=org.dbunit.database.CachedResultSetTableFactory@10bcf083, http://www.dbunit.org/features/datatypeWarning=true}]) - start
147748 [main] TRACE org.dbunit.database.DatabaseConfig  - getFeature(name=http://www.dbunit.org/features/qualifiedTableNames) - start
147748 [main] TRACE org.dbunit.database.DatabaseConfig  - getProperty(name=http://www.dbunit.org/features/qualifiedTableNames) - start
147748 [main] DEBUG org.dbunit.util.QualifiedTableName  - Qualified table names feature is disabled. Returning plain table name
147748 [main] DEBUG org.dbunit.util.QualifiedTableName  - getQualifiedName(prefix=null, name=SCOPEDCONTENT, escapePattern=null) - start
147748 [main] DEBUG org.dbunit.database.search.AbstractMetaDataBasedSearchCallback  - newEdge(rs=org.apache.commons.dbcp.DelegatingResultSet@5f260fc5, type=0, from=SCOPEDCONTENT_SCOPEDCONTENTITEM, to=SCOPEDCONTENT, fkColumn=SCOPED_CONTENT_ITEM_ID, pkColumn=ID) - start
147749 [main] DEBUG org.dbunit.database.search.AbstractMetaDataBasedSearchCallback  - createFKEdge(rs=org.apache.commons.dbcp.DelegatingResultSet@5f260fc5, type=0, from=SCOPEDCONTENT_SCOPEDCONTENTITEM, to=SCOPEDCONTENT, fkColumn=SCOPED_CONTENT_ITEM_ID, pkColumn=ID) - start
147749 [main] DEBUG org.dbunit.database.search.AbstractMetaDataBasedSearchCallback  - Adding edge SCOPEDCONTENT_SCOPEDCONTENTITEM(SCOPED_CONTENT_ITEM_ID)->SCOPEDCONTENT(ID)
147749 [main] DEBUG org.dbunit.util.search.Edge  - compareTo(o=SCOPEDCONTENT_SCOPEDCONTENTITEM(SCOPED_CONTENT_ITEM_ID)->SCOPEDCONTENT(ID)) - start
147749 [main] DEBUG org.dbunit.util.QualifiedTableName  - getQualifiedNameIfEnabled(config=org.dbunit.database.DatabaseConfig[, _propertyMap={http://www.dbunit.org/properties/statementFactory=org.dbunit.database.statement.PreparedStatementFactory@626bc2b8, http://www.dbunit.org/features/caseSensitiveTableNames=false, http://www.dbunit.org/properties/fetchSize=100, http://www.dbunit.org/features/batchedStatements=false, http://www.dbunit.org/properties/metadataHandler=org.dbunit.database.DefaultMetadataHandler@3bbfdfde, http://www.dbunit.org/properties/datatypeFactory=org.dbunit.dataset.datatype.DefaultDataTypeFactory[_toleratedDeltaMap=org.dbunit.dataset.datatype.ToleratedDeltaMap@6452310a], http://www.dbunit.org/properties/escapePattern=null, http://www.dbunit.org/properties/batchSize=100, http://www.dbunit.org/features/qualifiedTableNames=false, http://www.dbunit.org/properties/tableType=[Ljava.lang.String;@5011bafa, http://www.dbunit.org/properties/resultSetTableFactory=org.dbunit.database.CachedResultSetTableFactory@10bcf083, http://www.dbunit.org/features/datatypeWarning=true}]) - start
147749 [main] TRACE org.dbunit.database.DatabaseConfig  - getFeature(name=http://www.dbunit.org/features/qualifiedTableNames) - start
147749 [main] TRACE org.dbunit.database.DatabaseConfig  - getProperty(name=http://www.dbunit.org/features/qualifiedTableNames) - start
147749 [main] DEBUG org.dbunit.util.QualifiedTableName  - Qualified table names feature is disabled. Returning plain table name
147749 [main] DEBUG org.dbunit.util.QualifiedTableName  - getQualifiedName(prefix=null, name=SCOPEDCONTENT_SCOPEDCONTENTITEM, escapePattern=null) - start
147749 [main] DEBUG org.dbunit.util.QualifiedTableName  - getQualifiedNameIfEnabled(config=org.dbunit.database.DatabaseConfig[, _propertyMap={http://www.dbunit.org/properties/statementFactory=org.dbunit.database.statement.PreparedStatementFactory@626bc2b8, http://www.dbunit.org/features/caseSensitiveTableNames=false, http://www.dbunit.org/properties/fetchSize=100, http://www.dbunit.org/features/batchedStatements=false, http://www.dbunit.org/properties/metadataHandler=org.dbunit.database.DefaultMetadataHandler@3bbfdfde, http://www.dbunit.org/properties/datatypeFactory=org.dbunit.dataset.datatype.DefaultDataTypeFactory[_toleratedDeltaMap=org.dbunit.dataset.datatype.ToleratedDeltaMap@6452310a], http://www.dbunit.org/properties/escapePattern=null, http://www.dbunit.org/properties/batchSize=100, http://www.dbunit.org/features/qualifiedTableNames=false, http://www.dbunit.org/properties/tableType=[Ljava.lang.String;@5011bafa, http://www.dbunit.org/properties/resultSetTableFactory=org.dbunit.database.CachedResultSetTableFactory@10bcf083, http://www.dbunit.org/features/datatypeWarning=true}]) - start
147749 [main] TRACE org.dbunit.database.DatabaseConfig  - getFeature(name=http://www.dbunit.org/features/qualifiedTableNames) - start
147750 [main] TRACE org.dbunit.database.DatabaseConfig  - getProperty(name=http://www.dbunit.org/features/qualifiedTableNames) - start
147750 [main] DEBUG org.dbunit.util.QualifiedTableName  - Qualified table names feature is disabled. Returning plain table name
147750 [main] DEBUG org.dbunit.util.QualifiedTableName  - getQualifiedName(prefix=null, name=SCOPEDCONTENTITEM, escapePattern=null) - start
147750 [main] DEBUG org.dbunit.database.search.AbstractMetaDataBasedSearchCallback  - newEdge(rs=org.apache.commons.dbcp.DelegatingResultSet@5f260fc5, type=0, from=SCOPEDCONTENT_SCOPEDCONTENTITEM, to=SCOPEDCONTENTITEM, fkColumn=SCOPED_CONTENT_ID, pkColumn=ID) - start
147750 [main] DEBUG org.dbunit.database.search.AbstractMetaDataBasedSearchCallback  - createFKEdge(rs=org.apache.commons.dbcp.DelegatingResultSet@5f260fc5, type=0, from=SCOPEDCONTENT_SCOPEDCONTENTITEM, to=SCOPEDCONTENTITEM, fkColumn=SCOPED_CONTENT_ID, pkColumn=ID) - start
147750 [main] DEBUG org.dbunit.database.search.AbstractMetaDataBasedSearchCallback  - Adding edge SCOPEDCONTENT_SCOPEDCONTENTITEM(SCOPED_CONTENT_ID)->SCOPEDCONTENTITEM(ID)
147750 [main] DEBUG org.dbunit.util.search.Edge  - compareTo(o=SCOPEDCONTENT_SCOPEDCONTENTITEM(SCOPED_CONTENT_ITEM_ID)->SCOPEDCONTENT(ID)) - start
147750 [main] DEBUG org.dbunit.util.SQLHelper  - close(resultSet=org.apache.commons.dbcp.DelegatingResultSet@5f260fc5) - start
147750 [main] DEBUG org.dbunit.util.search.DepthFirstSearch  - search:SCOPEDCONTENT
147750 [main] DEBUG org.dbunit.database.search.ImportedKeysSearchCallback  - searchNode(node=SCOPEDCONTENT) - start
147750 [main] DEBUG org.dbunit.util.search.DepthFirstSearch  - Pushing SCOPEDCONTENT
147750 [main] DEBUG org.dbunit.database.search.ImportedKeysSearchCallback  - getEdges(node=SCOPEDCONTENT) - start
147750 [main] DEBUG org.dbunit.database.search.AbstractMetaDataBasedSearchCallback  - getNodesFromImportedKeys(node=SCOPEDCONTENT) - start
147751 [main] DEBUG org.dbunit.database.search.AbstractMetaDataBasedSearchCallback  - getNodes(type=0, node=SCOPEDCONTENT) - start
147751 [main] DEBUG org.dbunit.database.DatabaseDataSourceConnection  - getConnection() - start
147751 [main] DEBUG org.dbunit.database.search.AbstractMetaDataBasedSearchCallback  - getNodes(type=0, node=SCOPEDCONTENT, conn=Transaction-aware proxy for target Connection [jdbc:hsqldb:mem:kontrollDS, UserName=sw, HSQL Database Engine Driver], schema=null, metaData=org.apache.commons.dbcp.DelegatingDatabaseMetaData@3bd57f50, edges=[]) - start
147751 [main] DEBUG org.dbunit.database.search.AbstractMetaDataBasedSearchCallback  - Getting edges for node SCOPEDCONTENT
147751 [main] TRACE org.dbunit.database.DatabaseConfig  - getProperty(name=http://www.dbunit.org/properties/metadataHandler) - start
147751 [main] TRACE org.dbunit.database.DefaultMetadataHandler  - tableExists(metaData=org.apache.commons.dbcp.DelegatingDatabaseMetaData@3bd57f50, schemaName=null, tableName=SCOPEDCONTENT) - start
147752 [main] DEBUG org.dbunit.util.SQLHelper  - close(resultSet=org.apache.commons.dbcp.DelegatingResultSet@2793ceb8) - start
147752 [main] DEBUG org.dbunit.util.QualifiedTableName  - getQualifiedNameIfEnabled(config=org.dbunit.database.DatabaseConfig[, _propertyMap={http://www.dbunit.org/properties/statementFactory=org.dbunit.database.statement.PreparedStatementFactory@626bc2b8, http://www.dbunit.org/features/caseSensitiveTableNames=false, http://www.dbunit.org/properties/fetchSize=100, http://www.dbunit.org/features/batchedStatements=false, http://www.dbunit.org/properties/metadataHandler=org.dbunit.database.DefaultMetadataHandler@3bbfdfde, http://www.dbunit.org/properties/datatypeFactory=org.dbunit.dataset.datatype.DefaultDataTypeFactory[_toleratedDeltaMap=org.dbunit.dataset.datatype.ToleratedDeltaMap@6452310a], http://www.dbunit.org/properties/escapePattern=null, http://www.dbunit.org/properties/batchSize=100, http://www.dbunit.org/features/qualifiedTableNames=false, http://www.dbunit.org/properties/tableType=[Ljava.lang.String;@5011bafa, http://www.dbunit.org/properties/resultSetTableFactory=org.dbunit.database.CachedResultSetTableFactory@10bcf083, http://www.dbunit.org/features/datatypeWarning=true}]) - start
147752 [main] TRACE org.dbunit.database.DatabaseConfig  - getFeature(name=http://www.dbunit.org/features/qualifiedTableNames) - start
147753 [main] TRACE org.dbunit.database.DatabaseConfig  - getProperty(name=http://www.dbunit.org/features/qualifiedTableNames) - start
147753 [main] DEBUG org.dbunit.util.QualifiedTableName  - Qualified table names feature is disabled. Returning plain table name
147753 [main] DEBUG org.dbunit.util.QualifiedTableName  - getQualifiedName(prefix=null, name=SCOPEDCONTENT, escapePattern=null) - start
147753 [main] DEBUG org.dbunit.util.QualifiedTableName  - getQualifiedNameIfEnabled(config=org.dbunit.database.DatabaseConfig[, _propertyMap={http://www.dbunit.org/properties/statementFactory=org.dbunit.database.statement.PreparedStatementFactory@626bc2b8, http://www.dbunit.org/features/caseSensitiveTableNames=false, http://www.dbunit.org/properties/fetchSize=100, http://www.dbunit.org/features/batchedStatements=false, http://www.dbunit.org/properties/metadataHandler=org.dbunit.database.DefaultMetadataHandler@3bbfdfde, http://www.dbunit.org/properties/datatypeFactory=org.dbunit.dataset.datatype.DefaultDataTypeFactory[_toleratedDeltaMap=org.dbunit.dataset.datatype.ToleratedDeltaMap@6452310a], http://www.dbunit.org/properties/escapePattern=null, http://www.dbunit.org/properties/batchSize=100, http://www.dbunit.org/features/qualifiedTableNames=false, http://www.dbunit.org/properties/tableType=[Ljava.lang.String;@5011bafa, http://www.dbunit.org/properties/resultSetTableFactory=org.dbunit.database.CachedResultSetTableFactory@10bcf083, http://www.dbunit.org/features/datatypeWarning=true}]) - start
147753 [main] TRACE org.dbunit.database.DatabaseConfig  - getFeature(name=http://www.dbunit.org/features/qualifiedTableNames) - start
147753 [main] TRACE org.dbunit.database.DatabaseConfig  - getProperty(name=http://www.dbunit.org/features/qualifiedTableNames) - start
147753 [main] DEBUG org.dbunit.util.QualifiedTableName  - Qualified table names feature is disabled. Returning plain table name
147753 [main] DEBUG org.dbunit.util.QualifiedTableName  - getQualifiedName(prefix=null, name=SCOPE, escapePattern=null) - start
147753 [main] DEBUG org.dbunit.database.search.AbstractMetaDataBasedSearchCallback  - newEdge(rs=org.apache.commons.dbcp.DelegatingResultSet@12000266, type=0, from=SCOPEDCONTENT, to=SCOPE, fkColumn=SCOPE, pkColumn=ID) - start
147753 [main] DEBUG org.dbunit.database.search.AbstractMetaDataBasedSearchCallback  - createFKEdge(rs=org.apache.commons.dbcp.DelegatingResultSet@12000266, type=0, from=SCOPEDCONTENT, to=SCOPE, fkColumn=SCOPE, pkColumn=ID) - start
147753 [main] DEBUG org.dbunit.database.search.AbstractMetaDataBasedSearchCallback  - Adding edge SCOPEDCONTENT(SCOPE)->SCOPE(ID)
147753 [main] DEBUG org.dbunit.util.search.Edge  - compareTo(o=SCOPEDCONTENT(SCOPE)->SCOPE(ID)) - start
147753 [main] DEBUG org.dbunit.util.SQLHelper  - close(resultSet=org.apache.commons.dbcp.DelegatingResultSet@12000266) - start
147754 [main] DEBUG org.dbunit.util.search.DepthFirstSearch  - search:SCOPE
147754 [main] DEBUG org.dbunit.database.search.ImportedKeysSearchCallback  - searchNode(node=SCOPE) - start
147754 [main] DEBUG org.dbunit.util.search.DepthFirstSearch  - Pushing SCOPE
147754 [main] DEBUG org.dbunit.database.search.ImportedKeysSearchCallback  - getEdges(node=SCOPE) - start
147754 [main] DEBUG org.dbunit.database.search.AbstractMetaDataBasedSearchCallback  - getNodesFromImportedKeys(node=SCOPE) - start
147754 [main] DEBUG org.dbunit.database.search.AbstractMetaDataBasedSearchCallback  - getNodes(type=0, node=SCOPE) - start
147754 [main] DEBUG org.dbunit.database.DatabaseDataSourceConnection  - getConnection() - start
147754 [main] DEBUG org.dbunit.database.search.AbstractMetaDataBasedSearchCallback  - getNodes(type=0, node=SCOPE, conn=Transaction-aware proxy for target Connection [jdbc:hsqldb:mem:kontrollDS, UserName=sw, HSQL Database Engine Driver], schema=null, metaData=org.apache.commons.dbcp.DelegatingDatabaseMetaData@3e9d7fc5, edges=[]) - start
147754 [main] DEBUG org.dbunit.database.search.AbstractMetaDataBasedSearchCallback  - Getting edges for node SCOPE
147754 [main] TRACE org.dbunit.database.DatabaseConfig  - getProperty(name=http://www.dbunit.org/properties/metadataHandler) - start
147754 [main] TRACE org.dbunit.database.DefaultMetadataHandler  - tableExists(metaData=org.apache.commons.dbcp.DelegatingDatabaseMetaData@3e9d7fc5, schemaName=null, tableName=SCOPE) - start
147755 [main] DEBUG org.dbunit.util.SQLHelper  - close(resultSet=org.apache.commons.dbcp.DelegatingResultSet@48226694) - start
147756 [main] DEBUG org.dbunit.util.SQLHelper  - close(resultSet=org.apache.commons.dbcp.DelegatingResultSet@3cd520e1) - start
147756 [main] DEBUG org.dbunit.util.search.DepthFirstSearch  - Adding node SCOPE to the final result
147756 [main] DEBUG org.dbunit.util.search.DepthFirstSearch  - Adding node SCOPEDCONTENT to the final result
147756 [main] DEBUG org.dbunit.util.search.DepthFirstSearch  - search:SCOPEDCONTENTITEM
147756 [main] DEBUG org.dbunit.database.search.ImportedKeysSearchCallback  - searchNode(node=SCOPEDCONTENTITEM) - start
147756 [main] DEBUG org.dbunit.util.search.DepthFirstSearch  - Pushing SCOPEDCONTENTITEM
147756 [main] DEBUG org.dbunit.util.search.DepthFirstSearch  - Adding node SCOPEDCONTENTITEM to the final result
147756 [main] DEBUG org.dbunit.util.search.DepthFirstSearch  - Adding node SCOPEDCONTENT_SCOPEDCONTENTITEM to the final result
147756 [main] DEBUG org.dbunit.util.search.DepthFirstSearch  - reverseSearch:SCOPEDCONTENT
147756 [main] DEBUG org.dbunit.database.search.ImportedKeysSearchCallback  - searchNode(node=SCOPEDCONTENT) - start
147756 [main] DEBUG org.dbunit.util.search.DepthFirstSearch  - Pushing (reverse) SCOPEDCONTENT
147756 [main] DEBUG org.dbunit.database.search.ImportedKeysSearchCallback  - getEdges(node=SCOPEDCONTENT) - start
147757 [main] DEBUG org.dbunit.database.search.AbstractMetaDataBasedSearchCallback  - getNodesFromImportedKeys(node=SCOPEDCONTENT) - start
147757 [main] DEBUG org.dbunit.database.search.AbstractMetaDataBasedSearchCallback  - getNodes(type=0, node=SCOPEDCONTENT) - start
147757 [main] DEBUG org.dbunit.database.DatabaseDataSourceConnection  - getConnection() - start
147757 [main] DEBUG org.dbunit.database.search.AbstractMetaDataBasedSearchCallback  - getNodes(type=0, node=SCOPEDCONTENT, conn=Transaction-aware proxy for target Connection [jdbc:hsqldb:mem:kontrollDS, UserName=sw, HSQL Database Engine Driver], schema=null, metaData=org.apache.commons.dbcp.DelegatingDatabaseMetaData@4c61b2fa, edges=[]) - start
147757 [main] DEBUG org.dbunit.database.search.AbstractMetaDataBasedSearchCallback  - Getting edges for node SCOPEDCONTENT
147757 [main] TRACE org.dbunit.database.DatabaseConfig  - getProperty(name=http://www.dbunit.org/properties/metadataHandler) - start
147757 [main] TRACE org.dbunit.database.DefaultMetadataHandler  - tableExists(metaData=org.apache.commons.dbcp.DelegatingDatabaseMetaData@4c61b2fa, schemaName=null, tableName=SCOPEDCONTENT) - start
147758 [main] DEBUG org.dbunit.util.SQLHelper  - close(resultSet=org.apache.commons.dbcp.DelegatingResultSet@518e2e3c) - start
147758 [main] DEBUG org.dbunit.util.QualifiedTableName  - getQualifiedNameIfEnabled(config=org.dbunit.database.DatabaseConfig[, _propertyMap={http://www.dbunit.org/properties/statementFactory=org.dbunit.database.statement.PreparedStatementFactory@626bc2b8, http://www.dbunit.org/features/caseSensitiveTableNames=false, http://www.dbunit.org/properties/fetchSize=100, http://www.dbunit.org/features/batchedStatements=false, http://www.dbunit.org/properties/metadataHandler=org.dbunit.database.DefaultMetadataHandler@3bbfdfde, http://www.dbunit.org/properties/datatypeFactory=org.dbunit.dataset.datatype.DefaultDataTypeFactory[_toleratedDeltaMap=org.dbunit.dataset.datatype.ToleratedDeltaMap@6452310a], http://www.dbunit.org/properties/escapePattern=null, http://www.dbunit.org/properties/batchSize=100, http://www.dbunit.org/features/qualifiedTableNames=false, http://www.dbunit.org/properties/tableType=[Ljava.lang.String;@5011bafa, http://www.dbunit.org/properties/resultSetTableFactory=org.dbunit.database.CachedResultSetTableFactory@10bcf083, http://www.dbunit.org/features/datatypeWarning=true}]) - start
147758 [main] TRACE org.dbunit.database.DatabaseConfig  - getFeature(name=http://www.dbunit.org/features/qualifiedTableNames) - start
147759 [main] TRACE org.dbunit.database.DatabaseConfig  - getProperty(name=http://www.dbunit.org/features/qualifiedTableNames) - start
147759 [main] DEBUG org.dbunit.util.QualifiedTableName  - Qualified table names feature is disabled. Returning plain table name
147759 [main] DEBUG org.dbunit.util.QualifiedTableName  - getQualifiedName(prefix=null, name=SCOPEDCONTENT, escapePattern=null) - start
147759 [main] DEBUG org.dbunit.util.QualifiedTableName  - getQualifiedNameIfEnabled(config=org.dbunit.database.DatabaseConfig[, _propertyMap={http://www.dbunit.org/properties/statementFactory=org.dbunit.database.statement.PreparedStatementFactory@626bc2b8, http://www.dbunit.org/features/caseSensitiveTableNames=false, http://www.dbunit.org/properties/fetchSize=100, http://www.dbunit.org/features/batchedStatements=false, http://www.dbunit.org/properties/metadataHandler=org.dbunit.database.DefaultMetadataHandler@3bbfdfde, http://www.dbunit.org/properties/datatypeFactory=org.dbunit.dataset.datatype.DefaultDataTypeFactory[_toleratedDeltaMap=org.dbunit.dataset.datatype.ToleratedDeltaMap@6452310a], http://www.dbunit.org/properties/escapePattern=null, http://www.dbunit.org/properties/batchSize=100, http://www.dbunit.org/features/qualifiedTableNames=false, http://www.dbunit.org/properties/tableType=[Ljava.lang.String;@5011bafa, http://www.dbunit.org/properties/resultSetTableFactory=org.dbunit.database.CachedResultSetTableFactory@10bcf083, http://www.dbunit.org/features/datatypeWarning=true}]) - start
147759 [main] TRACE org.dbunit.database.DatabaseConfig  - getFeature(name=http://www.dbunit.org/features/qualifiedTableNames) - start
147759 [main] TRACE org.dbunit.database.DatabaseConfig  - getProperty(name=http://www.dbunit.org/features/qualifiedTableNames) - start
147759 [main] DEBUG org.dbunit.util.QualifiedTableName  - Qualified table names feature is disabled. Returning plain table name
147759 [main] DEBUG org.dbunit.util.QualifiedTableName  - getQualifiedName(prefix=null, name=SCOPE, escapePattern=null) - start
147759 [main] DEBUG org.dbunit.database.search.AbstractMetaDataBasedSearchCallback  - newEdge(rs=org.apache.commons.dbcp.DelegatingResultSet@6e356386, type=0, from=SCOPEDCONTENT, to=SCOPE, fkColumn=SCOPE, pkColumn=ID) - start
147759 [main] DEBUG org.dbunit.database.search.AbstractMetaDataBasedSearchCallback  - createFKEdge(rs=org.apache.commons.dbcp.DelegatingResultSet@6e356386, type=0, from=SCOPEDCONTENT, to=SCOPE, fkColumn=SCOPE, pkColumn=ID) - start
147759 [main] DEBUG org.dbunit.database.search.AbstractMetaDataBasedSearchCallback  - Adding edge SCOPEDCONTENT(SCOPE)->SCOPE(ID)
147759 [main] DEBUG org.dbunit.util.search.Edge  - compareTo(o=SCOPEDCONTENT(SCOPE)->SCOPE(ID)) - start
147759 [main] DEBUG org.dbunit.util.SQLHelper  - close(resultSet=org.apache.commons.dbcp.DelegatingResultSet@6e356386) - start
147760 [main] DEBUG org.dbunit.util.search.DepthFirstSearch  - reverseSearch:SCOPEDCONTENTITEM
147760 [main] DEBUG org.dbunit.database.search.ImportedKeysSearchCallback  - searchNode(node=SCOPEDCONTENTITEM) - start
147760 [main] DEBUG org.dbunit.util.search.DepthFirstSearch  - Pushing (reverse) SCOPEDCONTENTITEM
147760 [main] DEBUG org.dbunit.database.search.ImportedKeysSearchCallback  - getEdges(node=SCOPEDCONTENTITEM) - start
147760 [main] DEBUG org.dbunit.database.search.AbstractMetaDataBasedSearchCallback  - getNodesFromImportedKeys(node=SCOPEDCONTENTITEM) - start
147760 [main] DEBUG org.dbunit.database.search.AbstractMetaDataBasedSearchCallback  - getNodes(type=0, node=SCOPEDCONTENTITEM) - start
147760 [main] DEBUG org.dbunit.database.DatabaseDataSourceConnection  - getConnection() - start
147760 [main] DEBUG org.dbunit.database.search.AbstractMetaDataBasedSearchCallback  - getNodes(type=0, node=SCOPEDCONTENTITEM, conn=Transaction-aware proxy for target Connection [jdbc:hsqldb:mem:kontrollDS, UserName=sw, HSQL Database Engine Driver], schema=null, metaData=org.apache.commons.dbcp.DelegatingDatabaseMetaData@73192af0, edges=[]) - start
147760 [main] DEBUG org.dbunit.database.search.AbstractMetaDataBasedSearchCallback  - Getting edges for node SCOPEDCONTENTITEM
147760 [main] TRACE org.dbunit.database.DatabaseConfig  - getProperty(name=http://www.dbunit.org/properties/metadataHandler) - start
147760 [main] TRACE org.dbunit.database.DefaultMetadataHandler  - tableExists(metaData=org.apache.commons.dbcp.DelegatingDatabaseMetaData@73192af0, schemaName=null, tableName=SCOPEDCONTENTITEM) - start
147761 [main] DEBUG org.dbunit.util.SQLHelper  - close(resultSet=org.apache.commons.dbcp.DelegatingResultSet@22f9462) - start
147762 [main] DEBUG org.dbunit.util.SQLHelper  - close(resultSet=org.apache.commons.dbcp.DelegatingResultSet@9e7f5c) - start
147762 [main] DEBUG org.dbunit.util.search.DepthFirstSearch  - reverseSearch:SCOPEDCONTENT_SCOPEDCONTENTITEM
147762 [main] DEBUG org.dbunit.util.search.DepthFirstSearch  - already searched; returning true
147762 [main] DEBUG org.dbunit.util.search.DepthFirstSearch  - reverseSearch:SCOPE
147762 [main] DEBUG org.dbunit.database.search.ImportedKeysSearchCallback  - searchNode(node=SCOPE) - start
147762 [main] DEBUG org.dbunit.util.search.DepthFirstSearch  - Pushing (reverse) SCOPE
147762 [main] DEBUG org.dbunit.database.search.ImportedKeysSearchCallback  - getEdges(node=SCOPE) - start
147762 [main] DEBUG org.dbunit.database.search.AbstractMetaDataBasedSearchCallback  - getNodesFromImportedKeys(node=SCOPE) - start
147762 [main] DEBUG org.dbunit.database.search.AbstractMetaDataBasedSearchCallback  - getNodes(type=0, node=SCOPE) - start
147762 [main] DEBUG org.dbunit.database.DatabaseDataSourceConnection  - getConnection() - start
147762 [main] DEBUG org.dbunit.database.search.AbstractMetaDataBasedSearchCallback  - getNodes(type=0, node=SCOPE, conn=Transaction-aware proxy for target Connection [jdbc:hsqldb:mem:kontrollDS, UserName=sw, HSQL Database Engine Driver], schema=null, metaData=org.apache.commons.dbcp.DelegatingDatabaseMetaData@25bb7155, edges=[]) - start
147762 [main] DEBUG org.dbunit.database.search.AbstractMetaDataBasedSearchCallback  - Getting edges for node SCOPE
147763 [main] TRACE org.dbunit.database.DatabaseConfig  - getProperty(name=http://www.dbunit.org/properties/metadataHandler) - start
147763 [main] TRACE org.dbunit.database.DefaultMetadataHandler  - tableExists(metaData=org.apache.commons.dbcp.DelegatingDatabaseMetaData@25bb7155, schemaName=null, tableName=SCOPE) - start
147764 [main] DEBUG org.dbunit.util.SQLHelper  - close(resultSet=org.apache.commons.dbcp.DelegatingResultSet@f2787f1) - start
147764 [main] DEBUG org.dbunit.util.SQLHelper  - close(resultSet=org.apache.commons.dbcp.DelegatingResultSet@6e77e1f0) - start
147764 [main] DEBUG org.dbunit.util.search.DepthFirstSearch  - search:SCOPEDCONTENT_SCOPEDCONTENTITEM
147764 [main] DEBUG org.dbunit.util.search.DepthFirstSearch  - already searched; returning true
147764 [main] DEBUG org.dbunit.util.search.DepthFirstSearch  - search:SCOPEDCONTENT
147764 [main] DEBUG org.dbunit.util.search.DepthFirstSearch  - already searched; returning true
147764 [main] DEBUG org.dbunit.util.search.DepthFirstSearch  - search:SCOPEDCONTENTITEM
147764 [main] DEBUG org.dbunit.util.search.DepthFirstSearch  - already searched; returning true
147764 [main] DEBUG org.dbunit.util.search.DepthFirstSearch  - search:SCOPE
147764 [main] DEBUG org.dbunit.util.search.DepthFirstSearch  - already searched; returning true
147765 [main] DEBUG org.dbunit.database.DatabaseSequenceFilter  - getDependencyInfo(connection=_databaseConfig=org.dbunit.database.DatabaseConfig[, _propertyMap={http://www.dbunit.org/properties/statementFactory=org.dbunit.database.statement.PreparedStatementFactory@626bc2b8, http://www.dbunit.org/features/caseSensitiveTableNames=false, http://www.dbunit.org/properties/fetchSize=100, http://www.dbunit.org/features/batchedStatements=false, http://www.dbunit.org/properties/metadataHandler=org.dbunit.database.DefaultMetadataHandler@3bbfdfde, http://www.dbunit.org/properties/datatypeFactory=org.dbunit.dataset.datatype.DefaultDataTypeFactory[_toleratedDeltaMap=org.dbunit.dataset.datatype.ToleratedDeltaMap@6452310a], http://www.dbunit.org/properties/escapePattern=null, http://www.dbunit.org/properties/batchSize=100, http://www.dbunit.org/features/qualifiedTableNames=false, http://www.dbunit.org/properties/tableType=[Ljava.lang.String;@5011bafa, http://www.dbunit.org/properties/resultSetTableFactory=org.dbunit.database.CachedResultSetTableFactory@10bcf083, http://www.dbunit.org/features/datatypeWarning=true}], _dataSet=AbstractDataSet[_orderedTableNameMap=null], tableName=SCOPE_REQUESTCONTEXT) - start
147765 [main] DEBUG org.dbunit.database.search.TablesDependencyHelper  - getDependentTables(connection=_databaseConfig=org.dbunit.database.DatabaseConfig[, _propertyMap={http://www.dbunit.org/properties/statementFactory=org.dbunit.database.statement.PreparedStatementFactory@626bc2b8, http://www.dbunit.org/features/caseSensitiveTableNames=false, http://www.dbunit.org/properties/fetchSize=100, http://www.dbunit.org/features/batchedStatements=false, http://www.dbunit.org/properties/metadataHandler=org.dbunit.database.DefaultMetadataHandler@3bbfdfde, http://www.dbunit.org/properties/datatypeFactory=org.dbunit.dataset.datatype.DefaultDataTypeFactory[_toleratedDeltaMap=org.dbunit.dataset.datatype.ToleratedDeltaMap@6452310a], http://www.dbunit.org/properties/escapePattern=null, http://www.dbunit.org/properties/batchSize=100, http://www.dbunit.org/features/qualifiedTableNames=false, http://www.dbunit.org/properties/tableType=[Ljava.lang.String;@5011bafa, http://www.dbunit.org/properties/resultSetTableFactory=org.dbunit.database.CachedResultSetTableFactory@10bcf083, http://www.dbunit.org/features/datatypeWarning=true}], _dataSet=AbstractDataSet[_orderedTableNameMap=null], rootTable=SCOPE_REQUESTCONTEXT) - start
147765 [main] DEBUG org.dbunit.database.search.TablesDependencyHelper  - getDependentTables(connection=_databaseConfig=org.dbunit.database.DatabaseConfig[, _propertyMap={http://www.dbunit.org/properties/statementFactory=org.dbunit.database.statement.PreparedStatementFactory@626bc2b8, http://www.dbunit.org/features/caseSensitiveTableNames=false, http://www.dbunit.org/properties/fetchSize=100, http://www.dbunit.org/features/batchedStatements=false, http://www.dbunit.org/properties/metadataHandler=org.dbunit.database.DefaultMetadataHandler@3bbfdfde, http://www.dbunit.org/properties/datatypeFactory=org.dbunit.dataset.datatype.DefaultDataTypeFactory[_toleratedDeltaMap=org.dbunit.dataset.datatype.ToleratedDeltaMap@6452310a], http://www.dbunit.org/properties/escapePattern=null, http://www.dbunit.org/properties/batchSize=100, http://www.dbunit.org/features/qualifiedTableNames=false, http://www.dbunit.org/properties/tableType=[Ljava.lang.String;@5011bafa, http://www.dbunit.org/properties/resultSetTableFactory=org.dbunit.database.CachedResultSetTableFactory@10bcf083, http://www.dbunit.org/features/datatypeWarning=true}], _dataSet=AbstractDataSet[_orderedTableNameMap=null], rootTables=[SCOPE_REQUESTCONTEXT]) - start
147765 [main] DEBUG org.dbunit.util.search.DepthFirstSearch  - search(nodesFrom=[SCOPE_REQUESTCONTEXT], callback=org.dbunit.database.search.ImportedKeysSearchCallback@1533f27a) - start
147765 [main] DEBUG org.dbunit.util.CollectionsHelper  - objectsToSet(objects=SCOPE_REQUESTCONTEXT) - start
147765 [main] DEBUG org.dbunit.util.search.DepthFirstSearch  - search(nodesFrom=[SCOPE_REQUESTCONTEXT], callback=org.dbunit.database.search.ImportedKeysSearchCallback@1533f27a) - start
147765 [main] DEBUG org.dbunit.util.search.DepthFirstSearch  - reverseSearch:SCOPE_REQUESTCONTEXT
147765 [main] DEBUG org.dbunit.database.search.ImportedKeysSearchCallback  - searchNode(node=SCOPE_REQUESTCONTEXT) - start
147765 [main] DEBUG org.dbunit.util.search.DepthFirstSearch  - Pushing (reverse) SCOPE_REQUESTCONTEXT
147766 [main] DEBUG org.dbunit.database.search.ImportedKeysSearchCallback  - getEdges(node=SCOPE_REQUESTCONTEXT) - start
147766 [main] DEBUG org.dbunit.database.search.AbstractMetaDataBasedSearchCallback  - getNodesFromImportedKeys(node=SCOPE_REQUESTCONTEXT) - start
147766 [main] DEBUG org.dbunit.database.search.AbstractMetaDataBasedSearchCallback  - getNodes(type=0, node=SCOPE_REQUESTCONTEXT) - start
147766 [main] DEBUG org.dbunit.database.DatabaseDataSourceConnection  - getConnection() - start
147766 [main] DEBUG org.dbunit.database.search.AbstractMetaDataBasedSearchCallback  - getNodes(type=0, node=SCOPE_REQUESTCONTEXT, conn=Transaction-aware proxy for target Connection [jdbc:hsqldb:mem:kontrollDS, UserName=sw, HSQL Database Engine Driver], schema=null, metaData=org.apache.commons.dbcp.DelegatingDatabaseMetaData@5743276, edges=[]) - start
147766 [main] DEBUG org.dbunit.database.search.AbstractMetaDataBasedSearchCallback  - Getting edges for node SCOPE_REQUESTCONTEXT
147766 [main] TRACE org.dbunit.database.DatabaseConfig  - getProperty(name=http://www.dbunit.org/properties/metadataHandler) - start
147766 [main] TRACE org.dbunit.database.DefaultMetadataHandler  - tableExists(metaData=org.apache.commons.dbcp.DelegatingDatabaseMetaData@5743276, schemaName=null, tableName=SCOPE_REQUESTCONTEXT) - start
147767 [main] DEBUG org.dbunit.util.SQLHelper  - close(resultSet=org.apache.commons.dbcp.DelegatingResultSet@52de42c) - start
147768 [main] DEBUG org.dbunit.util.QualifiedTableName  - getQualifiedNameIfEnabled(config=org.dbunit.database.DatabaseConfig[, _propertyMap={http://www.dbunit.org/properties/statementFactory=org.dbunit.database.statement.PreparedStatementFactory@626bc2b8, http://www.dbunit.org/features/caseSensitiveTableNames=false, http://www.dbunit.org/properties/fetchSize=100, http://www.dbunit.org/features/batchedStatements=false, http://www.dbunit.org/properties/metadataHandler=org.dbunit.database.DefaultMetadataHandler@3bbfdfde, http://www.dbunit.org/properties/datatypeFactory=org.dbunit.dataset.datatype.DefaultDataTypeFactory[_toleratedDeltaMap=org.dbunit.dataset.datatype.ToleratedDeltaMap@6452310a], http://www.dbunit.org/properties/escapePattern=null, http://www.dbunit.org/properties/batchSize=100, http://www.dbunit.org/features/qualifiedTableNames=false, http://www.dbunit.org/properties/tableType=[Ljava.lang.String;@5011bafa, http://www.dbunit.org/properties/resultSetTableFactory=org.dbunit.database.CachedResultSetTableFactory@10bcf083, http://www.dbunit.org/features/datatypeWarning=true}]) - start
147768 [main] TRACE org.dbunit.database.DatabaseConfig  - getFeature(name=http://www.dbunit.org/features/qualifiedTableNames) - start
147768 [main] TRACE org.dbunit.database.DatabaseConfig  - getProperty(name=http://www.dbunit.org/features/qualifiedTableNames) - start
147768 [main] DEBUG org.dbunit.util.QualifiedTableName  - Qualified table names feature is disabled. Returning plain table name
147768 [main] DEBUG org.dbunit.util.QualifiedTableName  - getQualifiedName(prefix=null, name=SCOPE_REQUESTCONTEXT, escapePattern=null) - start
147768 [main] DEBUG org.dbunit.util.QualifiedTableName  - getQualifiedNameIfEnabled(config=org.dbunit.database.DatabaseConfig[, _propertyMap={http://www.dbunit.org/properties/statementFactory=org.dbunit.database.statement.PreparedStatementFactory@626bc2b8, http://www.dbunit.org/features/caseSensitiveTableNames=false, http://www.dbunit.org/properties/fetchSize=100, http://www.dbunit.org/features/batchedStatements=false, http://www.dbunit.org/properties/metadataHandler=org.dbunit.database.DefaultMetadataHandler@3bbfdfde, http://www.dbunit.org/properties/datatypeFactory=org.dbunit.dataset.datatype.DefaultDataTypeFactory[_toleratedDeltaMap=org.dbunit.dataset.datatype.ToleratedDeltaMap@6452310a], http://www.dbunit.org/properties/escapePattern=null, http://www.dbunit.org/properties/batchSize=100, http://www.dbunit.org/features/qualifiedTableNames=false, http://www.dbunit.org/properties/tableType=[Ljava.lang.String;@5011bafa, http://www.dbunit.org/properties/resultSetTableFactory=org.dbunit.database.CachedResultSetTableFactory@10bcf083, http://www.dbunit.org/features/datatypeWarning=true}]) - start
147768 [main] TRACE org.dbunit.database.DatabaseConfig  - getFeature(name=http://www.dbunit.org/features/qualifiedTableNames) - start
147768 [main] TRACE org.dbunit.database.DatabaseConfig  - getProperty(name=http://www.dbunit.org/features/qualifiedTableNames) - start
147768 [main] DEBUG org.dbunit.util.QualifiedTableName  - Qualified table names feature is disabled. Returning plain table name
147768 [main] DEBUG org.dbunit.util.QualifiedTableName  - getQualifiedName(prefix=null, name=REQUESTCONTEXT, escapePattern=null) - start
147768 [main] DEBUG org.dbunit.database.search.AbstractMetaDataBasedSearchCallback  - newEdge(rs=org.apache.commons.dbcp.DelegatingResultSet@435c2d0d, type=0, from=SCOPE_REQUESTCONTEXT, to=REQUESTCONTEXT, fkColumn=REQUEST_CONTEXT_ID, pkColumn=ID) - start
147768 [main] DEBUG org.dbunit.database.search.AbstractMetaDataBasedSearchCallback  - createFKEdge(rs=org.apache.commons.dbcp.DelegatingResultSet@435c2d0d, type=0, from=SCOPE_REQUESTCONTEXT, to=REQUESTCONTEXT, fkColumn=REQUEST_CONTEXT_ID, pkColumn=ID) - start
147768 [main] DEBUG org.dbunit.database.search.AbstractMetaDataBasedSearchCallback  - Adding edge SCOPE_REQUESTCONTEXT(REQUEST_CONTEXT_ID)->REQUESTCONTEXT(ID)
147769 [main] DEBUG org.dbunit.util.search.Edge  - compareTo(o=SCOPE_REQUESTCONTEXT(REQUEST_CONTEXT_ID)->REQUESTCONTEXT(ID)) - start
147769 [main] DEBUG org.dbunit.util.QualifiedTableName  - getQualifiedNameIfEnabled(config=org.dbunit.database.DatabaseConfig[, _propertyMap={http://www.dbunit.org/properties/statementFactory=org.dbunit.database.statement.PreparedStatementFactory@626bc2b8, http://www.dbunit.org/features/caseSensitiveTableNames=false, http://www.dbunit.org/properties/fetchSize=100, http://www.dbunit.org/features/batchedStatements=false, http://www.dbunit.org/properties/metadataHandler=org.dbunit.database.DefaultMetadataHandler@3bbfdfde, http://www.dbunit.org/properties/datatypeFactory=org.dbunit.dataset.datatype.DefaultDataTypeFactory[_toleratedDeltaMap=org.dbunit.dataset.datatype.ToleratedDeltaMap@6452310a], http://www.dbunit.org/properties/escapePattern=null, http://www.dbunit.org/properties/batchSize=100, http://www.dbunit.org/features/qualifiedTableNames=false, http://www.dbunit.org/properties/tableType=[Ljava.lang.String;@5011bafa, http://www.dbunit.org/properties/resultSetTableFactory=org.dbunit.database.CachedResultSetTableFactory@10bcf083, http://www.dbunit.org/features/datatypeWarning=true}]) - start
147769 [main] TRACE org.dbunit.database.DatabaseConfig  - getFeature(name=http://www.dbunit.org/features/qualifiedTableNames) - start
147769 [main] TRACE org.dbunit.database.DatabaseConfig  - getProperty(name=http://www.dbunit.org/features/qualifiedTableNames) - start
147769 [main] DEBUG org.dbunit.util.QualifiedTableName  - Qualified table names feature is disabled. Returning plain table name
147769 [main] DEBUG org.dbunit.util.QualifiedTableName  - getQualifiedName(prefix=null, name=SCOPE_REQUESTCONTEXT, escapePattern=null) - start
147769 [main] DEBUG org.dbunit.util.QualifiedTableName  - getQualifiedNameIfEnabled(config=org.dbunit.database.DatabaseConfig[, _propertyMap={http://www.dbunit.org/properties/statementFactory=org.dbunit.database.statement.PreparedStatementFactory@626bc2b8, http://www.dbunit.org/features/caseSensitiveTableNames=false, http://www.dbunit.org/properties/fetchSize=100, http://www.dbunit.org/features/batchedStatements=false, http://www.dbunit.org/properties/metadataHandler=org.dbunit.database.DefaultMetadataHandler@3bbfdfde, http://www.dbunit.org/properties/datatypeFactory=org.dbunit.dataset.datatype.DefaultDataTypeFactory[_toleratedDeltaMap=org.dbunit.dataset.datatype.ToleratedDeltaMap@6452310a], http://www.dbunit.org/properties/escapePattern=null, http://www.dbunit.org/properties/batchSize=100, http://www.dbunit.org/features/qualifiedTableNames=false, http://www.dbunit.org/properties/tableType=[Ljava.lang.String;@5011bafa, http://www.dbunit.org/properties/resultSetTableFactory=org.dbunit.database.CachedResultSetTableFactory@10bcf083, http://www.dbunit.org/features/datatypeWarning=true}]) - start
147769 [main] TRACE org.dbunit.database.DatabaseConfig  - getFeature(name=http://www.dbunit.org/features/qualifiedTableNames) - start
147769 [main] TRACE org.dbunit.database.DatabaseConfig  - getProperty(name=http://www.dbunit.org/features/qualifiedTableNames) - start
147769 [main] DEBUG org.dbunit.util.QualifiedTableName  - Qualified table names feature is disabled. Returning plain table name
147769 [main] DEBUG org.dbunit.util.QualifiedTableName  - getQualifiedName(prefix=null, name=SCOPE, escapePattern=null) - start
147769 [main] DEBUG org.dbunit.database.search.AbstractMetaDataBasedSearchCallback  - newEdge(rs=org.apache.commons.dbcp.DelegatingResultSet@435c2d0d, type=0, from=SCOPE_REQUESTCONTEXT, to=SCOPE, fkColumn=SCOPE_ID, pkColumn=ID) - start
147770 [main] DEBUG org.dbunit.database.search.AbstractMetaDataBasedSearchCallback  - createFKEdge(rs=org.apache.commons.dbcp.DelegatingResultSet@435c2d0d, type=0, from=SCOPE_REQUESTCONTEXT, to=SCOPE, fkColumn=SCOPE_ID, pkColumn=ID) - start
147770 [main] DEBUG org.dbunit.database.search.AbstractMetaDataBasedSearchCallback  - Adding edge SCOPE_REQUESTCONTEXT(SCOPE_ID)->SCOPE(ID)
147770 [main] DEBUG org.dbunit.util.search.Edge  - compareTo(o=SCOPE_REQUESTCONTEXT(REQUEST_CONTEXT_ID)->REQUESTCONTEXT(ID)) - start
147770 [main] DEBUG org.dbunit.util.SQLHelper  - close(resultSet=org.apache.commons.dbcp.DelegatingResultSet@435c2d0d) - start
147770 [main] DEBUG org.dbunit.util.search.DepthFirstSearch  - search:SCOPE_REQUESTCONTEXT
147770 [main] DEBUG org.dbunit.database.search.ImportedKeysSearchCallback  - searchNode(node=SCOPE_REQUESTCONTEXT) - start
147770 [main] DEBUG org.dbunit.util.search.DepthFirstSearch  - Pushing SCOPE_REQUESTCONTEXT
147770 [main] DEBUG org.dbunit.database.search.ImportedKeysSearchCallback  - getEdges(node=SCOPE_REQUESTCONTEXT) - start
147770 [main] DEBUG org.dbunit.database.search.AbstractMetaDataBasedSearchCallback  - getNodesFromImportedKeys(node=SCOPE_REQUESTCONTEXT) - start
147770 [main] DEBUG org.dbunit.database.search.AbstractMetaDataBasedSearchCallback  - getNodes(type=0, node=SCOPE_REQUESTCONTEXT) - start
147770 [main] DEBUG org.dbunit.database.DatabaseDataSourceConnection  - getConnection() - start
147770 [main] DEBUG org.dbunit.database.search.AbstractMetaDataBasedSearchCallback  - getNodes(type=0, node=SCOPE_REQUESTCONTEXT, conn=Transaction-aware proxy for target Connection [jdbc:hsqldb:mem:kontrollDS, UserName=sw, HSQL Database Engine Driver], schema=null, metaData=org.apache.commons.dbcp.DelegatingDatabaseMetaData@5891d307, edges=[]) - start
147771 [main] DEBUG org.dbunit.database.search.AbstractMetaDataBasedSearchCallback  - Getting edges for node SCOPE_REQUESTCONTEXT
147771 [main] TRACE org.dbunit.database.DatabaseConfig  - getProperty(name=http://www.dbunit.org/properties/metadataHandler) - start
147771 [main] TRACE org.dbunit.database.DefaultMetadataHandler  - tableExists(metaData=org.apache.commons.dbcp.DelegatingDatabaseMetaData@5891d307, schemaName=null, tableName=SCOPE_REQUESTCONTEXT) - start
147772 [main] DEBUG org.dbunit.util.SQLHelper  - close(resultSet=org.apache.commons.dbcp.DelegatingResultSet@4e97b68d) - start
147772 [main] DEBUG org.dbunit.util.QualifiedTableName  - getQualifiedNameIfEnabled(config=org.dbunit.database.DatabaseConfig[, _propertyMap={http://www.dbunit.org/properties/statementFactory=org.dbunit.database.statement.PreparedStatementFactory@626bc2b8, http://www.dbunit.org/features/caseSensitiveTableNames=false, http://www.dbunit.org/properties/fetchSize=100, http://www.dbunit.org/features/batchedStatements=false, http://www.dbunit.org/properties/metadataHandler=org.dbunit.database.DefaultMetadataHandler@3bbfdfde, http://www.dbunit.org/properties/datatypeFactory=org.dbunit.dataset.datatype.DefaultDataTypeFactory[_toleratedDeltaMap=org.dbunit.dataset.datatype.ToleratedDeltaMap@6452310a], http://www.dbunit.org/properties/escapePattern=null, http://www.dbunit.org/properties/batchSize=100, http://www.dbunit.org/features/qualifiedTableNames=false, http://www.dbunit.org/properties/tableType=[Ljava.lang.String;@5011bafa, http://www.dbunit.org/properties/resultSetTableFactory=org.dbunit.database.CachedResultSetTableFactory@10bcf083, http://www.dbunit.org/features/datatypeWarning=true}]) - start
147772 [main] TRACE org.dbunit.database.DatabaseConfig  - getFeature(name=http://www.dbunit.org/features/qualifiedTableNames) - start
147772 [main] TRACE org.dbunit.database.DatabaseConfig  - getProperty(name=http://www.dbunit.org/features/qualifiedTableNames) - start
147772 [main] DEBUG org.dbunit.util.QualifiedTableName  - Qualified table names feature is disabled. Returning plain table name
147772 [main] DEBUG org.dbunit.util.QualifiedTableName  - getQualifiedName(prefix=null, name=SCOPE_REQUESTCONTEXT, escapePattern=null) - start
147772 [main] DEBUG org.dbunit.util.QualifiedTableName  - getQualifiedNameIfEnabled(config=org.dbunit.database.DatabaseConfig[, _propertyMap={http://www.dbunit.org/properties/statementFactory=org.dbunit.database.statement.PreparedStatementFactory@626bc2b8, http://www.dbunit.org/features/caseSensitiveTableNames=false, http://www.dbunit.org/properties/fetchSize=100, http://www.dbunit.org/features/batchedStatements=false, http://www.dbunit.org/properties/metadataHandler=org.dbunit.database.DefaultMetadataHandler@3bbfdfde, http://www.dbunit.org/properties/datatypeFactory=org.dbunit.dataset.datatype.DefaultDataTypeFactory[_toleratedDeltaMap=org.dbunit.dataset.datatype.ToleratedDeltaMap@6452310a], http://www.dbunit.org/properties/escapePattern=null, http://www.dbunit.org/properties/batchSize=100, http://www.dbunit.org/features/qualifiedTableNames=false, http://www.dbunit.org/properties/tableType=[Ljava.lang.String;@5011bafa, http://www.dbunit.org/properties/resultSetTableFactory=org.dbunit.database.CachedResultSetTableFactory@10bcf083, http://www.dbunit.org/features/datatypeWarning=true}]) - start
147773 [main] TRACE org.dbunit.database.DatabaseConfig  - getFeature(name=http://www.dbunit.org/features/qualifiedTableNames) - start
147773 [main] TRACE org.dbunit.database.DatabaseConfig  - getProperty(name=http://www.dbunit.org/features/qualifiedTableNames) - start
147773 [main] DEBUG org.dbunit.util.QualifiedTableName  - Qualified table names feature is disabled. Returning plain table name
147773 [main] DEBUG org.dbunit.util.QualifiedTableName  - getQualifiedName(prefix=null, name=REQUESTCONTEXT, escapePattern=null) - start
147773 [main] DEBUG org.dbunit.database.search.AbstractMetaDataBasedSearchCallback  - newEdge(rs=org.apache.commons.dbcp.DelegatingResultSet@50634d64, type=0, from=SCOPE_REQUESTCONTEXT, to=REQUESTCONTEXT, fkColumn=REQUEST_CONTEXT_ID, pkColumn=ID) - start
147773 [main] DEBUG org.dbunit.database.search.AbstractMetaDataBasedSearchCallback  - createFKEdge(rs=org.apache.commons.dbcp.DelegatingResultSet@50634d64, type=0, from=SCOPE_REQUESTCONTEXT, to=REQUESTCONTEXT, fkColumn=REQUEST_CONTEXT_ID, pkColumn=ID) - start
147773 [main] DEBUG org.dbunit.database.search.AbstractMetaDataBasedSearchCallback  - Adding edge SCOPE_REQUESTCONTEXT(REQUEST_CONTEXT_ID)->REQUESTCONTEXT(ID)
147773 [main] DEBUG org.dbunit.util.search.Edge  - compareTo(o=SCOPE_REQUESTCONTEXT(REQUEST_CONTEXT_ID)->REQUESTCONTEXT(ID)) - start
147773 [main] DEBUG org.dbunit.util.QualifiedTableName  - getQualifiedNameIfEnabled(config=org.dbunit.database.DatabaseConfig[, _propertyMap={http://www.dbunit.org/properties/statementFactory=org.dbunit.database.statement.PreparedStatementFactory@626bc2b8, http://www.dbunit.org/features/caseSensitiveTableNames=false, http://www.dbunit.org/properties/fetchSize=100, http://www.dbunit.org/features/batchedStatements=false, http://www.dbunit.org/properties/metadataHandler=org.dbunit.database.DefaultMetadataHandler@3bbfdfde, http://www.dbunit.org/properties/datatypeFactory=org.dbunit.dataset.datatype.DefaultDataTypeFactory[_toleratedDeltaMap=org.dbunit.dataset.datatype.ToleratedDeltaMap@6452310a], http://www.dbunit.org/properties/escapePattern=null, http://www.dbunit.org/properties/batchSize=100, http://www.dbunit.org/features/qualifiedTableNames=false, http://www.dbunit.org/properties/tableType=[Ljava.lang.String;@5011bafa, http://www.dbunit.org/properties/resultSetTableFactory=org.dbunit.database.CachedResultSetTableFactory@10bcf083, http://www.dbunit.org/features/datatypeWarning=true}]) - start
147773 [main] TRACE org.dbunit.database.DatabaseConfig  - getFeature(name=http://www.dbunit.org/features/qualifiedTableNames) - start
147773 [main] TRACE org.dbunit.database.DatabaseConfig  - getProperty(name=http://www.dbunit.org/features/qualifiedTableNames) - start
147774 [main] DEBUG org.dbunit.util.QualifiedTableName  - Qualified table names feature is disabled. Returning plain table name
147774 [main] DEBUG org.dbunit.util.QualifiedTableName  - getQualifiedName(prefix=null, name=SCOPE_REQUESTCONTEXT, escapePattern=null) - start
147774 [main] DEBUG org.dbunit.util.QualifiedTableName  - getQualifiedNameIfEnabled(config=org.dbunit.database.DatabaseConfig[, _propertyMap={http://www.dbunit.org/properties/statementFactory=org.dbunit.database.statement.PreparedStatementFactory@626bc2b8, http://www.dbunit.org/features/caseSensitiveTableNames=false, http://www.dbunit.org/properties/fetchSize=100, http://www.dbunit.org/features/batchedStatements=false, http://www.dbunit.org/properties/metadataHandler=org.dbunit.database.DefaultMetadataHandler@3bbfdfde, http://www.dbunit.org/properties/datatypeFactory=org.dbunit.dataset.datatype.DefaultDataTypeFactory[_toleratedDeltaMap=org.dbunit.dataset.datatype.ToleratedDeltaMap@6452310a], http://www.dbunit.org/properties/escapePattern=null, http://www.dbunit.org/properties/batchSize=100, http://www.dbunit.org/features/qualifiedTableNames=false, http://www.dbunit.org/properties/tableType=[Ljava.lang.String;@5011bafa, http://www.dbunit.org/properties/resultSetTableFactory=org.dbunit.database.CachedResultSetTableFactory@10bcf083, http://www.dbunit.org/features/datatypeWarning=true}]) - start
147774 [main] TRACE org.dbunit.database.DatabaseConfig  - getFeature(name=http://www.dbunit.org/features/qualifiedTableNames) - start
147774 [main] TRACE org.dbunit.database.DatabaseConfig  - getProperty(name=http://www.dbunit.org/features/qualifiedTableNames) - start
147774 [main] DEBUG org.dbunit.util.QualifiedTableName  - Qualified table names feature is disabled. Returning plain table name
147774 [main] DEBUG org.dbunit.util.QualifiedTableName  - getQualifiedName(prefix=null, name=SCOPE, escapePattern=null) - start
147774 [main] DEBUG org.dbunit.database.search.AbstractMetaDataBasedSearchCallback  - newEdge(rs=org.apache.commons.dbcp.DelegatingResultSet@50634d64, type=0, from=SCOPE_REQUESTCONTEXT, to=SCOPE, fkColumn=SCOPE_ID, pkColumn=ID) - start
147774 [main] DEBUG org.dbunit.database.search.AbstractMetaDataBasedSearchCallback  - createFKEdge(rs=org.apache.commons.dbcp.DelegatingResultSet@50634d64, type=0, from=SCOPE_REQUESTCONTEXT, to=SCOPE, fkColumn=SCOPE_ID, pkColumn=ID) - start
147774 [main] DEBUG org.dbunit.database.search.AbstractMetaDataBasedSearchCallback  - Adding edge SCOPE_REQUESTCONTEXT(SCOPE_ID)->SCOPE(ID)
147774 [main] DEBUG org.dbunit.util.search.Edge  - compareTo(o=SCOPE_REQUESTCONTEXT(REQUEST_CONTEXT_ID)->REQUESTCONTEXT(ID)) - start
147774 [main] DEBUG org.dbunit.util.SQLHelper  - close(resultSet=org.apache.commons.dbcp.DelegatingResultSet@50634d64) - start
147775 [main] DEBUG org.dbunit.util.search.DepthFirstSearch  - search:REQUESTCONTEXT
147775 [main] DEBUG org.dbunit.database.search.ImportedKeysSearchCallback  - searchNode(node=REQUESTCONTEXT) - start
147775 [main] DEBUG org.dbunit.util.search.DepthFirstSearch  - Pushing REQUESTCONTEXT
147775 [main] DEBUG org.dbunit.database.search.ImportedKeysSearchCallback  - getEdges(node=REQUESTCONTEXT) - start
147775 [main] DEBUG org.dbunit.database.search.AbstractMetaDataBasedSearchCallback  - getNodesFromImportedKeys(node=REQUESTCONTEXT) - start
147775 [main] DEBUG org.dbunit.database.search.AbstractMetaDataBasedSearchCallback  - getNodes(type=0, node=REQUESTCONTEXT) - start
147775 [main] DEBUG org.dbunit.database.DatabaseDataSourceConnection  - getConnection() - start
147775 [main] DEBUG org.dbunit.database.search.AbstractMetaDataBasedSearchCallback  - getNodes(type=0, node=REQUESTCONTEXT, conn=Transaction-aware proxy for target Connection [jdbc:hsqldb:mem:kontrollDS, UserName=sw, HSQL Database Engine Driver], schema=null, metaData=org.apache.commons.dbcp.DelegatingDatabaseMetaData@276e0977, edges=[]) - start
147775 [main] DEBUG org.dbunit.database.search.AbstractMetaDataBasedSearchCallback  - Getting edges for node REQUESTCONTEXT
147775 [main] TRACE org.dbunit.database.DatabaseConfig  - getProperty(name=http://www.dbunit.org/properties/metadataHandler) - start
147775 [main] TRACE org.dbunit.database.DefaultMetadataHandler  - tableExists(metaData=org.apache.commons.dbcp.DelegatingDatabaseMetaData@276e0977, schemaName=null, tableName=REQUESTCONTEXT) - start
147776 [main] DEBUG org.dbunit.util.SQLHelper  - close(resultSet=org.apache.commons.dbcp.DelegatingResultSet@6b659e55) - start
147777 [main] DEBUG org.dbunit.util.SQLHelper  - close(resultSet=org.apache.commons.dbcp.DelegatingResultSet@59b7c328) - start
147777 [main] DEBUG org.dbunit.util.search.DepthFirstSearch  - Adding node REQUESTCONTEXT to the final result
147777 [main] DEBUG org.dbunit.util.search.DepthFirstSearch  - search:SCOPE
147777 [main] DEBUG org.dbunit.database.search.ImportedKeysSearchCallback  - searchNode(node=SCOPE) - start
147777 [main] DEBUG org.dbunit.util.search.DepthFirstSearch  - Pushing SCOPE
147777 [main] DEBUG org.dbunit.database.search.ImportedKeysSearchCallback  - getEdges(node=SCOPE) - start
147777 [main] DEBUG org.dbunit.database.search.AbstractMetaDataBasedSearchCallback  - getNodesFromImportedKeys(node=SCOPE) - start
147777 [main] DEBUG org.dbunit.database.search.AbstractMetaDataBasedSearchCallback  - getNodes(type=0, node=SCOPE) - start
147777 [main] DEBUG org.dbunit.database.DatabaseDataSourceConnection  - getConnection() - start
147777 [main] DEBUG org.dbunit.database.search.AbstractMetaDataBasedSearchCallback  - getNodes(type=0, node=SCOPE, conn=Transaction-aware proxy for target Connection [jdbc:hsqldb:mem:kontrollDS, UserName=sw, HSQL Database Engine Driver], schema=null, metaData=org.apache.commons.dbcp.DelegatingDatabaseMetaData@2f6da51c, edges=[]) - start
147778 [main] DEBUG org.dbunit.database.search.AbstractMetaDataBasedSearchCallback  - Getting edges for node SCOPE
147778 [main] TRACE org.dbunit.database.DatabaseConfig  - getProperty(name=http://www.dbunit.org/properties/metadataHandler) - start
147778 [main] TRACE org.dbunit.database.DefaultMetadataHandler  - tableExists(metaData=org.apache.commons.dbcp.DelegatingDatabaseMetaData@2f6da51c, schemaName=null, tableName=SCOPE) - start
147779 [main] DEBUG org.dbunit.util.SQLHelper  - close(resultSet=org.apache.commons.dbcp.DelegatingResultSet@4945dd26) - start
147779 [main] DEBUG org.dbunit.util.SQLHelper  - close(resultSet=org.apache.commons.dbcp.DelegatingResultSet@16472af6) - start
147779 [main] DEBUG org.dbunit.util.search.DepthFirstSearch  - Adding node SCOPE to the final result
147779 [main] DEBUG org.dbunit.util.search.DepthFirstSearch  - Adding node SCOPE_REQUESTCONTEXT to the final result
147779 [main] DEBUG org.dbunit.util.search.DepthFirstSearch  - reverseSearch:REQUESTCONTEXT
147779 [main] DEBUG org.dbunit.database.search.ImportedKeysSearchCallback  - searchNode(node=REQUESTCONTEXT) - start
147779 [main] DEBUG org.dbunit.util.search.DepthFirstSearch  - Pushing (reverse) REQUESTCONTEXT
147779 [main] DEBUG org.dbunit.database.search.ImportedKeysSearchCallback  - getEdges(node=REQUESTCONTEXT) - start
147779 [main] DEBUG org.dbunit.database.search.AbstractMetaDataBasedSearchCallback  - getNodesFromImportedKeys(node=REQUESTCONTEXT) - start
147779 [main] DEBUG org.dbunit.database.search.AbstractMetaDataBasedSearchCallback  - getNodes(type=0, node=REQUESTCONTEXT) - start
147780 [main] DEBUG org.dbunit.database.DatabaseDataSourceConnection  - getConnection() - start
147780 [main] DEBUG org.dbunit.database.search.AbstractMetaDataBasedSearchCallback  - getNodes(type=0, node=REQUESTCONTEXT, conn=Transaction-aware proxy for target Connection [jdbc:hsqldb:mem:kontrollDS, UserName=sw, HSQL Database Engine Driver], schema=null, metaData=org.apache.commons.dbcp.DelegatingDatabaseMetaData@1a5587e7, edges=[]) - start
147780 [main] DEBUG org.dbunit.database.search.AbstractMetaDataBasedSearchCallback  - Getting edges for node REQUESTCONTEXT
147780 [main] TRACE org.dbunit.database.DatabaseConfig  - getProperty(name=http://www.dbunit.org/properties/metadataHandler) - start
147780 [main] TRACE org.dbunit.database.DefaultMetadataHandler  - tableExists(metaData=org.apache.commons.dbcp.DelegatingDatabaseMetaData@1a5587e7, schemaName=null, tableName=REQUESTCONTEXT) - start
147781 [main] DEBUG org.dbunit.util.SQLHelper  - close(resultSet=org.apache.commons.dbcp.DelegatingResultSet@39e00a93) - start
147781 [main] DEBUG org.dbunit.util.SQLHelper  - close(resultSet=org.apache.commons.dbcp.DelegatingResultSet@4cce20ed) - start
147781 [main] DEBUG org.dbunit.util.search.DepthFirstSearch  - reverseSearch:SCOPE_REQUESTCONTEXT
147781 [main] DEBUG org.dbunit.util.search.DepthFirstSearch  - already searched; returning true
147781 [main] DEBUG org.dbunit.util.search.DepthFirstSearch  - reverseSearch:SCOPE
147781 [main] DEBUG org.dbunit.database.search.ImportedKeysSearchCallback  - searchNode(node=SCOPE) - start
147781 [main] DEBUG org.dbunit.util.search.DepthFirstSearch  - Pushing (reverse) SCOPE
147782 [main] DEBUG org.dbunit.database.search.ImportedKeysSearchCallback  - getEdges(node=SCOPE) - start
147782 [main] DEBUG org.dbunit.database.search.AbstractMetaDataBasedSearchCallback  - getNodesFromImportedKeys(node=SCOPE) - start
147782 [main] DEBUG org.dbunit.database.search.AbstractMetaDataBasedSearchCallback  - getNodes(type=0, node=SCOPE) - start
147782 [main] DEBUG org.dbunit.database.DatabaseDataSourceConnection  - getConnection() - start
147782 [main] DEBUG org.dbunit.database.search.AbstractMetaDataBasedSearchCallback  - getNodes(type=0, node=SCOPE, conn=Transaction-aware proxy for target Connection [jdbc:hsqldb:mem:kontrollDS, UserName=sw, HSQL Database Engine Driver], schema=null, metaData=org.apache.commons.dbcp.DelegatingDatabaseMetaData@70d3ceff, edges=[]) - start
147782 [main] DEBUG org.dbunit.database.search.AbstractMetaDataBasedSearchCallback  - Getting edges for node SCOPE
147782 [main] TRACE org.dbunit.database.DatabaseConfig  - getProperty(name=http://www.dbunit.org/properties/metadataHandler) - start
147782 [main] TRACE org.dbunit.database.DefaultMetadataHandler  - tableExists(metaData=org.apache.commons.dbcp.DelegatingDatabaseMetaData@70d3ceff, schemaName=null, tableName=SCOPE) - start
147783 [main] DEBUG org.dbunit.util.SQLHelper  - close(resultSet=org.apache.commons.dbcp.DelegatingResultSet@3c4cf401) - start
147783 [main] DEBUG org.dbunit.util.SQLHelper  - close(resultSet=org.apache.commons.dbcp.DelegatingResultSet@447e79dd) - start
147783 [main] DEBUG org.dbunit.util.search.DepthFirstSearch  - search:SCOPE_REQUESTCONTEXT
147784 [main] DEBUG org.dbunit.util.search.DepthFirstSearch  - already searched; returning true
147784 [main] DEBUG org.dbunit.util.search.DepthFirstSearch  - search:REQUESTCONTEXT
147784 [main] DEBUG org.dbunit.util.search.DepthFirstSearch  - already searched; returning true
147784 [main] DEBUG org.dbunit.util.search.DepthFirstSearch  - search:SCOPE
147784 [main] DEBUG org.dbunit.util.search.DepthFirstSearch  - already searched; returning true
147784 [main] DEBUG org.dbunit.util.CollectionsHelper  - setToStrings(set=[REQUESTCONTEXT, SCOPE, SCOPE_REQUESTCONTEXT]) - start
147784 [main] DEBUG org.dbunit.database.search.TablesDependencyHelper  - getDependsOnTables(connection=_databaseConfig=org.dbunit.database.DatabaseConfig[, _propertyMap={http://www.dbunit.org/properties/statementFactory=org.dbunit.database.statement.PreparedStatementFactory@626bc2b8, http://www.dbunit.org/features/caseSensitiveTableNames=false, http://www.dbunit.org/properties/fetchSize=100, http://www.dbunit.org/features/batchedStatements=false, http://www.dbunit.org/properties/metadataHandler=org.dbunit.database.DefaultMetadataHandler@3bbfdfde, http://www.dbunit.org/properties/datatypeFactory=org.dbunit.dataset.datatype.DefaultDataTypeFactory[_toleratedDeltaMap=org.dbunit.dataset.datatype.ToleratedDeltaMap@6452310a], http://www.dbunit.org/properties/escapePattern=null, http://www.dbunit.org/properties/batchSize=100, http://www.dbunit.org/features/qualifiedTableNames=false, http://www.dbunit.org/properties/tableType=[Ljava.lang.String;@5011bafa, http://www.dbunit.org/properties/resultSetTableFactory=org.dbunit.database.CachedResultSetTableFactory@10bcf083, http://www.dbunit.org/features/datatypeWarning=true}], _dataSet=AbstractDataSet[_orderedTableNameMap=null], rootTable=SCOPE_REQUESTCONTEXT) - start
147784 [main] DEBUG org.dbunit.util.search.DepthFirstSearch  - search(nodesFrom=[SCOPE_REQUESTCONTEXT], callback=org.dbunit.database.search.ExportedKeysSearchCallback@5a6d3d46) - start
147784 [main] DEBUG org.dbunit.util.CollectionsHelper  - objectsToSet(objects=SCOPE_REQUESTCONTEXT) - start
147784 [main] DEBUG org.dbunit.util.search.DepthFirstSearch  - search(nodesFrom=[SCOPE_REQUESTCONTEXT], callback=org.dbunit.database.search.ExportedKeysSearchCallback@5a6d3d46) - start
147784 [main] DEBUG org.dbunit.util.search.DepthFirstSearch  - reverseSearch:SCOPE_REQUESTCONTEXT
147784 [main] DEBUG org.dbunit.database.search.ExportedKeysSearchCallback  - searchNode(node=SCOPE_REQUESTCONTEXT) - start
147785 [main] DEBUG org.dbunit.util.search.DepthFirstSearch  - Pushing (reverse) SCOPE_REQUESTCONTEXT
147785 [main] DEBUG org.dbunit.database.search.ExportedKeysSearchCallback  - getEdges(node=SCOPE_REQUESTCONTEXT) - start
147785 [main] DEBUG org.dbunit.database.search.AbstractMetaDataBasedSearchCallback  - getNodesFromExportedKeys(node=SCOPE_REQUESTCONTEXT) - start
147785 [main] DEBUG org.dbunit.database.search.AbstractMetaDataBasedSearchCallback  - getNodes(type=1, node=SCOPE_REQUESTCONTEXT) - start
147785 [main] DEBUG org.dbunit.database.DatabaseDataSourceConnection  - getConnection() - start
147785 [main] DEBUG org.dbunit.database.search.AbstractMetaDataBasedSearchCallback  - getNodes(type=1, node=SCOPE_REQUESTCONTEXT, conn=Transaction-aware proxy for target Connection [jdbc:hsqldb:mem:kontrollDS, UserName=sw, HSQL Database Engine Driver], schema=null, metaData=org.apache.commons.dbcp.DelegatingDatabaseMetaData@39d1ed0b, edges=[]) - start
147785 [main] DEBUG org.dbunit.database.search.AbstractMetaDataBasedSearchCallback  - Getting edges for node SCOPE_REQUESTCONTEXT
147785 [main] TRACE org.dbunit.database.DatabaseConfig  - getProperty(name=http://www.dbunit.org/properties/metadataHandler) - start
147785 [main] TRACE org.dbunit.database.DefaultMetadataHandler  - tableExists(metaData=org.apache.commons.dbcp.DelegatingDatabaseMetaData@39d1ed0b, schemaName=null, tableName=SCOPE_REQUESTCONTEXT) - start
147786 [main] DEBUG org.dbunit.util.SQLHelper  - close(resultSet=org.apache.commons.dbcp.DelegatingResultSet@5d21a894) - start
147786 [main] DEBUG org.dbunit.util.SQLHelper  - close(resultSet=org.apache.commons.dbcp.DelegatingResultSet@4d94f8f) - start
147787 [main] DEBUG org.dbunit.util.search.DepthFirstSearch  - search:SCOPE_REQUESTCONTEXT
147787 [main] DEBUG org.dbunit.database.search.ExportedKeysSearchCallback  - searchNode(node=SCOPE_REQUESTCONTEXT) - start
147787 [main] DEBUG org.dbunit.util.search.DepthFirstSearch  - Pushing SCOPE_REQUESTCONTEXT
147787 [main] DEBUG org.dbunit.database.search.ExportedKeysSearchCallback  - getEdges(node=SCOPE_REQUESTCONTEXT) - start
147787 [main] DEBUG org.dbunit.database.search.AbstractMetaDataBasedSearchCallback  - getNodesFromExportedKeys(node=SCOPE_REQUESTCONTEXT) - start
147787 [main] DEBUG org.dbunit.database.search.AbstractMetaDataBasedSearchCallback  - getNodes(type=1, node=SCOPE_REQUESTCONTEXT) - start
147787 [main] DEBUG org.dbunit.database.DatabaseDataSourceConnection  - getConnection() - start
147787 [main] DEBUG org.dbunit.database.search.AbstractMetaDataBasedSearchCallback  - getNodes(type=1, node=SCOPE_REQUESTCONTEXT, conn=Transaction-aware proxy for target Connection [jdbc:hsqldb:mem:kontrollDS, UserName=sw, HSQL Database Engine Driver], schema=null, metaData=org.apache.commons.dbcp.DelegatingDatabaseMetaData@56f637c5, edges=[]) - start
147787 [main] DEBUG org.dbunit.database.search.AbstractMetaDataBasedSearchCallback  - Getting edges for node SCOPE_REQUESTCONTEXT
147787 [main] TRACE org.dbunit.database.DatabaseConfig  - getProperty(name=http://www.dbunit.org/properties/metadataHandler) - start
147787 [main] TRACE org.dbunit.database.DefaultMetadataHandler  - tableExists(metaData=org.apache.commons.dbcp.DelegatingDatabaseMetaData@56f637c5, schemaName=null, tableName=SCOPE_REQUESTCONTEXT) - start
147788 [main] DEBUG org.dbunit.util.SQLHelper  - close(resultSet=org.apache.commons.dbcp.DelegatingResultSet@208b751e) - start
147789 [main] DEBUG org.dbunit.util.SQLHelper  - close(resultSet=org.apache.commons.dbcp.DelegatingResultSet@72df406) - start
147789 [main] DEBUG org.dbunit.util.search.DepthFirstSearch  - Adding node SCOPE_REQUESTCONTEXT to the final result
147789 [main] DEBUG org.dbunit.util.CollectionsHelper  - setToStrings(set=[SCOPE_REQUESTCONTEXT]) - start
147789 [main] DEBUG org.dbunit.database.search.TablesDependencyHelper  - getDirectDependsOnTables(connection=_databaseConfig=org.dbunit.database.DatabaseConfig[, _propertyMap={http://www.dbunit.org/properties/statementFactory=org.dbunit.database.statement.PreparedStatementFactory@626bc2b8, http://www.dbunit.org/features/caseSensitiveTableNames=false, http://www.dbunit.org/properties/fetchSize=100, http://www.dbunit.org/features/batchedStatements=false, http://www.dbunit.org/properties/metadataHandler=org.dbunit.database.DefaultMetadataHandler@3bbfdfde, http://www.dbunit.org/properties/datatypeFactory=org.dbunit.dataset.datatype.DefaultDataTypeFactory[_toleratedDeltaMap=org.dbunit.dataset.datatype.ToleratedDeltaMap@6452310a], http://www.dbunit.org/properties/escapePattern=null, http://www.dbunit.org/properties/batchSize=100, http://www.dbunit.org/features/qualifiedTableNames=false, http://www.dbunit.org/properties/tableType=[Ljava.lang.String;@5011bafa, http://www.dbunit.org/properties/resultSetTableFactory=org.dbunit.database.CachedResultSetTableFactory@10bcf083, http://www.dbunit.org/features/datatypeWarning=true}], _dataSet=AbstractDataSet[_orderedTableNameMap=null], tableName=SCOPE_REQUESTCONTEXT) - start
147789 [main] DEBUG org.dbunit.util.search.DepthFirstSearch  - search(nodesFrom=[SCOPE_REQUESTCONTEXT], callback=org.dbunit.database.search.ExportedKeysSearchCallback@981d849) - start
147789 [main] DEBUG org.dbunit.util.CollectionsHelper  - objectsToSet(objects=SCOPE_REQUESTCONTEXT) - start
147789 [main] DEBUG org.dbunit.util.search.DepthFirstSearch  - search(nodesFrom=[SCOPE_REQUESTCONTEXT], callback=org.dbunit.database.search.ExportedKeysSearchCallback@981d849) - start
147789 [main] DEBUG org.dbunit.util.search.DepthFirstSearch  - reverseSearch:SCOPE_REQUESTCONTEXT
147789 [main] DEBUG org.dbunit.database.search.ExportedKeysSearchCallback  - searchNode(node=SCOPE_REQUESTCONTEXT) - start
147789 [main] DEBUG org.dbunit.util.search.DepthFirstSearch  - Pushing (reverse) SCOPE_REQUESTCONTEXT
147789 [main] DEBUG org.dbunit.database.search.ExportedKeysSearchCallback  - getEdges(node=SCOPE_REQUESTCONTEXT) - start
147789 [main] DEBUG org.dbunit.database.search.AbstractMetaDataBasedSearchCallback  - getNodesFromExportedKeys(node=SCOPE_REQUESTCONTEXT) - start
147790 [main] DEBUG org.dbunit.database.search.AbstractMetaDataBasedSearchCallback  - getNodes(type=1, node=SCOPE_REQUESTCONTEXT) - start
147790 [main] DEBUG org.dbunit.database.DatabaseDataSourceConnection  - getConnection() - start
147790 [main] DEBUG org.dbunit.database.search.AbstractMetaDataBasedSearchCallback  - getNodes(type=1, node=SCOPE_REQUESTCONTEXT, conn=Transaction-aware proxy for target Connection [jdbc:hsqldb:mem:kontrollDS, UserName=sw, HSQL Database Engine Driver], schema=null, metaData=org.apache.commons.dbcp.DelegatingDatabaseMetaData@2b9ea57f, edges=[]) - start
147790 [main] DEBUG org.dbunit.database.search.AbstractMetaDataBasedSearchCallback  - Getting edges for node SCOPE_REQUESTCONTEXT
147790 [main] TRACE org.dbunit.database.DatabaseConfig  - getProperty(name=http://www.dbunit.org/properties/metadataHandler) - start
147790 [main] TRACE org.dbunit.database.DefaultMetadataHandler  - tableExists(metaData=org.apache.commons.dbcp.DelegatingDatabaseMetaData@2b9ea57f, schemaName=null, tableName=SCOPE_REQUESTCONTEXT) - start
147791 [main] DEBUG org.dbunit.util.SQLHelper  - close(resultSet=org.apache.commons.dbcp.DelegatingResultSet@4fbf6891) - start
147791 [main] DEBUG org.dbunit.util.SQLHelper  - close(resultSet=org.apache.commons.dbcp.DelegatingResultSet@7495b04e) - start
147791 [main] DEBUG org.dbunit.util.search.DepthFirstSearch  - search:SCOPE_REQUESTCONTEXT
147791 [main] DEBUG org.dbunit.database.search.ExportedKeysSearchCallback  - searchNode(node=SCOPE_REQUESTCONTEXT) - start
147792 [main] DEBUG org.dbunit.util.search.DepthFirstSearch  - Pushing SCOPE_REQUESTCONTEXT
147792 [main] DEBUG org.dbunit.database.search.ExportedKeysSearchCallback  - getEdges(node=SCOPE_REQUESTCONTEXT) - start
147792 [main] DEBUG org.dbunit.database.search.AbstractMetaDataBasedSearchCallback  - getNodesFromExportedKeys(node=SCOPE_REQUESTCONTEXT) - start
147792 [main] DEBUG org.dbunit.database.search.AbstractMetaDataBasedSearchCallback  - getNodes(type=1, node=SCOPE_REQUESTCONTEXT) - start
147792 [main] DEBUG org.dbunit.database.DatabaseDataSourceConnection  - getConnection() - start
147792 [main] DEBUG org.dbunit.database.search.AbstractMetaDataBasedSearchCallback  - getNodes(type=1, node=SCOPE_REQUESTCONTEXT, conn=Transaction-aware proxy for target Connection [jdbc:hsqldb:mem:kontrollDS, UserName=sw, HSQL Database Engine Driver], schema=null, metaData=org.apache.commons.dbcp.DelegatingDatabaseMetaData@f6a0cae, edges=[]) - start
147792 [main] DEBUG org.dbunit.database.search.AbstractMetaDataBasedSearchCallback  - Getting edges for node SCOPE_REQUESTCONTEXT
147792 [main] TRACE org.dbunit.database.DatabaseConfig  - getProperty(name=http://www.dbunit.org/properties/metadataHandler) - start
147792 [main] TRACE org.dbunit.database.DefaultMetadataHandler  - tableExists(metaData=org.apache.commons.dbcp.DelegatingDatabaseMetaData@f6a0cae, schemaName=null, tableName=SCOPE_REQUESTCONTEXT) - start
147793 [main] DEBUG org.dbunit.util.SQLHelper  - close(resultSet=org.apache.commons.dbcp.DelegatingResultSet@53069ca) - start
147794 [main] DEBUG org.dbunit.util.SQLHelper  - close(resultSet=org.apache.commons.dbcp.DelegatingResultSet@6a1617b7) - start
147794 [main] DEBUG org.dbunit.util.search.DepthFirstSearch  - Adding node SCOPE_REQUESTCONTEXT to the final result
147794 [main] DEBUG org.dbunit.database.search.TablesDependencyHelper  - getDirectDependentTables(connection=_databaseConfig=org.dbunit.database.DatabaseConfig[, _propertyMap={http://www.dbunit.org/properties/statementFactory=org.dbunit.database.statement.PreparedStatementFactory@626bc2b8, http://www.dbunit.org/features/caseSensitiveTableNames=false, http://www.dbunit.org/properties/fetchSize=100, http://www.dbunit.org/features/batchedStatements=false, http://www.dbunit.org/properties/metadataHandler=org.dbunit.database.DefaultMetadataHandler@3bbfdfde, http://www.dbunit.org/properties/datatypeFactory=org.dbunit.dataset.datatype.DefaultDataTypeFactory[_toleratedDeltaMap=org.dbunit.dataset.datatype.ToleratedDeltaMap@6452310a], http://www.dbunit.org/properties/escapePattern=null, http://www.dbunit.org/properties/batchSize=100, http://www.dbunit.org/features/qualifiedTableNames=false, http://www.dbunit.org/properties/tableType=[Ljava.lang.String;@5011bafa, http://www.dbunit.org/properties/resultSetTableFactory=org.dbunit.database.CachedResultSetTableFactory@10bcf083, http://www.dbunit.org/features/datatypeWarning=true}], _dataSet=AbstractDataSet[_orderedTableNameMap=null], tableName=SCOPE_REQUESTCONTEXT) - start
147794 [main] DEBUG org.dbunit.util.search.DepthFirstSearch  - search(nodesFrom=[SCOPE_REQUESTCONTEXT], callback=org.dbunit.database.search.ImportedKeysSearchCallback@311a1a07) - start
147794 [main] DEBUG org.dbunit.util.CollectionsHelper  - objectsToSet(objects=SCOPE_REQUESTCONTEXT) - start
147794 [main] DEBUG org.dbunit.util.search.DepthFirstSearch  - search(nodesFrom=[SCOPE_REQUESTCONTEXT], callback=org.dbunit.database.search.ImportedKeysSearchCallback@311a1a07) - start
147794 [main] DEBUG org.dbunit.util.search.DepthFirstSearch  - reverseSearch:SCOPE_REQUESTCONTEXT
147794 [main] DEBUG org.dbunit.database.search.ImportedKeysSearchCallback  - searchNode(node=SCOPE_REQUESTCONTEXT) - start
147794 [main] DEBUG org.dbunit.util.search.DepthFirstSearch  - Pushing (reverse) SCOPE_REQUESTCONTEXT
147794 [main] DEBUG org.dbunit.database.search.ImportedKeysSearchCallback  - getEdges(node=SCOPE_REQUESTCONTEXT) - start
147794 [main] DEBUG org.dbunit.database.search.AbstractMetaDataBasedSearchCallback  - getNodesFromImportedKeys(node=SCOPE_REQUESTCONTEXT) - start
147795 [main] DEBUG org.dbunit.database.search.AbstractMetaDataBasedSearchCallback  - getNodes(type=0, node=SCOPE_REQUESTCONTEXT) - start
147795 [main] DEBUG org.dbunit.database.DatabaseDataSourceConnection  - getConnection() - start
147795 [main] DEBUG org.dbunit.database.search.AbstractMetaDataBasedSearchCallback  - getNodes(type=0, node=SCOPE_REQUESTCONTEXT, conn=Transaction-aware proxy for target Connection [jdbc:hsqldb:mem:kontrollDS, UserName=sw, HSQL Database Engine Driver], schema=null, metaData=org.apache.commons.dbcp.DelegatingDatabaseMetaData@28a2dac0, edges=[]) - start
147795 [main] DEBUG org.dbunit.database.search.AbstractMetaDataBasedSearchCallback  - Getting edges for node SCOPE_REQUESTCONTEXT
147795 [main] TRACE org.dbunit.database.DatabaseConfig  - getProperty(name=http://www.dbunit.org/properties/metadataHandler) - start
147795 [main] TRACE org.dbunit.database.DefaultMetadataHandler  - tableExists(metaData=org.apache.commons.dbcp.DelegatingDatabaseMetaData@28a2dac0, schemaName=null, tableName=SCOPE_REQUESTCONTEXT) - start
147796 [main] DEBUG org.dbunit.util.SQLHelper  - close(resultSet=org.apache.commons.dbcp.DelegatingResultSet@8b7cd14) - start
147796 [main] DEBUG org.dbunit.util.QualifiedTableName  - getQualifiedNameIfEnabled(config=org.dbunit.database.DatabaseConfig[, _propertyMap={http://www.dbunit.org/properties/statementFactory=org.dbunit.database.statement.PreparedStatementFactory@626bc2b8, http://www.dbunit.org/features/caseSensitiveTableNames=false, http://www.dbunit.org/properties/fetchSize=100, http://www.dbunit.org/features/batchedStatements=false, http://www.dbunit.org/properties/metadataHandler=org.dbunit.database.DefaultMetadataHandler@3bbfdfde, http://www.dbunit.org/properties/datatypeFactory=org.dbunit.dataset.datatype.DefaultDataTypeFactory[_toleratedDeltaMap=org.dbunit.dataset.datatype.ToleratedDeltaMap@6452310a], http://www.dbunit.org/properties/escapePattern=null, http://www.dbunit.org/properties/batchSize=100, http://www.dbunit.org/features/qualifiedTableNames=false, http://www.dbunit.org/properties/tableType=[Ljava.lang.String;@5011bafa, http://www.dbunit.org/properties/resultSetTableFactory=org.dbunit.database.CachedResultSetTableFactory@10bcf083, http://www.dbunit.org/features/datatypeWarning=true}]) - start
147796 [main] TRACE org.dbunit.database.DatabaseConfig  - getFeature(name=http://www.dbunit.org/features/qualifiedTableNames) - start
147797 [main] TRACE org.dbunit.database.DatabaseConfig  - getProperty(name=http://www.dbunit.org/features/qualifiedTableNames) - start
147797 [main] DEBUG org.dbunit.util.QualifiedTableName  - Qualified table names feature is disabled. Returning plain table name
147797 [main] DEBUG org.dbunit.util.QualifiedTableName  - getQualifiedName(prefix=null, name=SCOPE_REQUESTCONTEXT, escapePattern=null) - start
147797 [main] DEBUG org.dbunit.util.QualifiedTableName  - getQualifiedNameIfEnabled(config=org.dbunit.database.DatabaseConfig[, _propertyMap={http://www.dbunit.org/properties/statementFactory=org.dbunit.database.statement.PreparedStatementFactory@626bc2b8, http://www.dbunit.org/features/caseSensitiveTableNames=false, http://www.dbunit.org/properties/fetchSize=100, http://www.dbunit.org/features/batchedStatements=false, http://www.dbunit.org/properties/metadataHandler=org.dbunit.database.DefaultMetadataHandler@3bbfdfde, http://www.dbunit.org/properties/datatypeFactory=org.dbunit.dataset.datatype.DefaultDataTypeFactory[_toleratedDeltaMap=org.dbunit.dataset.datatype.ToleratedDeltaMap@6452310a], http://www.dbunit.org/properties/escapePattern=null, http://www.dbunit.org/properties/batchSize=100, http://www.dbunit.org/features/qualifiedTableNames=false, http://www.dbunit.org/properties/tableType=[Ljava.lang.String;@5011bafa, http://www.dbunit.org/properties/resultSetTableFactory=org.dbunit.database.CachedResultSetTableFactory@10bcf083, http://www.dbunit.org/features/datatypeWarning=true}]) - start
147797 [main] TRACE org.dbunit.database.DatabaseConfig  - getFeature(name=http://www.dbunit.org/features/qualifiedTableNames) - start
147797 [main] TRACE org.dbunit.database.DatabaseConfig  - getProperty(name=http://www.dbunit.org/features/qualifiedTableNames) - start
147797 [main] DEBUG org.dbunit.util.QualifiedTableName  - Qualified table names feature is disabled. Returning plain table name
147797 [main] DEBUG org.dbunit.util.QualifiedTableName  - getQualifiedName(prefix=null, name=REQUESTCONTEXT, escapePattern=null) - start
147797 [main] DEBUG org.dbunit.database.search.AbstractMetaDataBasedSearchCallback  - newEdge(rs=org.apache.commons.dbcp.DelegatingResultSet@95c28c5, type=0, from=SCOPE_REQUESTCONTEXT, to=REQUESTCONTEXT, fkColumn=REQUEST_CONTEXT_ID, pkColumn=ID) - start
147797 [main] DEBUG org.dbunit.database.search.AbstractMetaDataBasedSearchCallback  - createFKEdge(rs=org.apache.commons.dbcp.DelegatingResultSet@95c28c5, type=0, from=SCOPE_REQUESTCONTEXT, to=REQUESTCONTEXT, fkColumn=REQUEST_CONTEXT_ID, pkColumn=ID) - start
147797 [main] DEBUG org.dbunit.database.search.AbstractMetaDataBasedSearchCallback  - Adding edge SCOPE_REQUESTCONTEXT(REQUEST_CONTEXT_ID)->REQUESTCONTEXT(ID)
147797 [main] DEBUG org.dbunit.util.search.Edge  - compareTo(o=SCOPE_REQUESTCONTEXT(REQUEST_CONTEXT_ID)->REQUESTCONTEXT(ID)) - start
147798 [main] DEBUG org.dbunit.util.QualifiedTableName  - getQualifiedNameIfEnabled(config=org.dbunit.database.DatabaseConfig[, _propertyMap={http://www.dbunit.org/properties/statementFactory=org.dbunit.database.statement.PreparedStatementFactory@626bc2b8, http://www.dbunit.org/features/caseSensitiveTableNames=false, http://www.dbunit.org/properties/fetchSize=100, http://www.dbunit.org/features/batchedStatements=false, http://www.dbunit.org/properties/metadataHandler=org.dbunit.database.DefaultMetadataHandler@3bbfdfde, http://www.dbunit.org/properties/datatypeFactory=org.dbunit.dataset.datatype.DefaultDataTypeFactory[_toleratedDeltaMap=org.dbunit.dataset.datatype.ToleratedDeltaMap@6452310a], http://www.dbunit.org/properties/escapePattern=null, http://www.dbunit.org/properties/batchSize=100, http://www.dbunit.org/features/qualifiedTableNames=false, http://www.dbunit.org/properties/tableType=[Ljava.lang.String;@5011bafa, http://www.dbunit.org/properties/resultSetTableFactory=org.dbunit.database.CachedResultSetTableFactory@10bcf083, http://www.dbunit.org/features/datatypeWarning=true}]) - start
147798 [main] TRACE org.dbunit.database.DatabaseConfig  - getFeature(name=http://www.dbunit.org/features/qualifiedTableNames) - start
147798 [main] TRACE org.dbunit.database.DatabaseConfig  - getProperty(name=http://www.dbunit.org/features/qualifiedTableNames) - start
147798 [main] DEBUG org.dbunit.util.QualifiedTableName  - Qualified table names feature is disabled. Returning plain table name
147798 [main] DEBUG org.dbunit.util.QualifiedTableName  - getQualifiedName(prefix=null, name=SCOPE_REQUESTCONTEXT, escapePattern=null) - start
147798 [main] DEBUG org.dbunit.util.QualifiedTableName  - getQualifiedNameIfEnabled(config=org.dbunit.database.DatabaseConfig[, _propertyMap={http://www.dbunit.org/properties/statementFactory=org.dbunit.database.statement.PreparedStatementFactory@626bc2b8, http://www.dbunit.org/features/caseSensitiveTableNames=false, http://www.dbunit.org/properties/fetchSize=100, http://www.dbunit.org/features/batchedStatements=false, http://www.dbunit.org/properties/metadataHandler=org.dbunit.database.DefaultMetadataHandler@3bbfdfde, http://www.dbunit.org/properties/datatypeFactory=org.dbunit.dataset.datatype.DefaultDataTypeFactory[_toleratedDeltaMap=org.dbunit.dataset.datatype.ToleratedDeltaMap@6452310a], http://www.dbunit.org/properties/escapePattern=null, http://www.dbunit.org/properties/batchSize=100, http://www.dbunit.org/features/qualifiedTableNames=false, http://www.dbunit.org/properties/tableType=[Ljava.lang.String;@5011bafa, http://www.dbunit.org/properties/resultSetTableFactory=org.dbunit.database.CachedResultSetTableFactory@10bcf083, http://www.dbunit.org/features/datatypeWarning=true}]) - start
147798 [main] TRACE org.dbunit.database.DatabaseConfig  - getFeature(name=http://www.dbunit.org/features/qualifiedTableNames) - start
147798 [main] TRACE org.dbunit.database.DatabaseConfig  - getProperty(name=http://www.dbunit.org/features/qualifiedTableNames) - start
147798 [main] DEBUG org.dbunit.util.QualifiedTableName  - Qualified table names feature is disabled. Returning plain table name
147798 [main] DEBUG org.dbunit.util.QualifiedTableName  - getQualifiedName(prefix=null, name=SCOPE, escapePattern=null) - start
147798 [main] DEBUG org.dbunit.database.search.AbstractMetaDataBasedSearchCallback  - newEdge(rs=org.apache.commons.dbcp.DelegatingResultSet@95c28c5, type=0, from=SCOPE_REQUESTCONTEXT, to=SCOPE, fkColumn=SCOPE_ID, pkColumn=ID) - start
147798 [main] DEBUG org.dbunit.database.search.AbstractMetaDataBasedSearchCallback  - createFKEdge(rs=org.apache.commons.dbcp.DelegatingResultSet@95c28c5, type=0, from=SCOPE_REQUESTCONTEXT, to=SCOPE, fkColumn=SCOPE_ID, pkColumn=ID) - start
147799 [main] DEBUG org.dbunit.database.search.AbstractMetaDataBasedSearchCallback  - Adding edge SCOPE_REQUESTCONTEXT(SCOPE_ID)->SCOPE(ID)
147799 [main] DEBUG org.dbunit.util.search.Edge  - compareTo(o=SCOPE_REQUESTCONTEXT(REQUEST_CONTEXT_ID)->REQUESTCONTEXT(ID)) - start
147799 [main] DEBUG org.dbunit.util.SQLHelper  - close(resultSet=org.apache.commons.dbcp.DelegatingResultSet@95c28c5) - start
147799 [main] DEBUG org.dbunit.util.search.DepthFirstSearch  - search:SCOPE_REQUESTCONTEXT
147799 [main] DEBUG org.dbunit.database.search.ImportedKeysSearchCallback  - searchNode(node=SCOPE_REQUESTCONTEXT) - start
147799 [main] DEBUG org.dbunit.util.search.DepthFirstSearch  - Pushing SCOPE_REQUESTCONTEXT
147799 [main] DEBUG org.dbunit.database.search.ImportedKeysSearchCallback  - getEdges(node=SCOPE_REQUESTCONTEXT) - start
147799 [main] DEBUG org.dbunit.database.search.AbstractMetaDataBasedSearchCallback  - getNodesFromImportedKeys(node=SCOPE_REQUESTCONTEXT) - start
147799 [main] DEBUG org.dbunit.database.search.AbstractMetaDataBasedSearchCallback  - getNodes(type=0, node=SCOPE_REQUESTCONTEXT) - start
147799 [main] DEBUG org.dbunit.database.DatabaseDataSourceConnection  - getConnection() - start
147800 [main] DEBUG org.dbunit.database.search.AbstractMetaDataBasedSearchCallback  - getNodes(type=0, node=SCOPE_REQUESTCONTEXT, conn=Transaction-aware proxy for target Connection [jdbc:hsqldb:mem:kontrollDS, UserName=sw, HSQL Database Engine Driver], schema=null, metaData=org.apache.commons.dbcp.DelegatingDatabaseMetaData@178a250, edges=[]) - start
147800 [main] DEBUG org.dbunit.database.search.AbstractMetaDataBasedSearchCallback  - Getting edges for node SCOPE_REQUESTCONTEXT
147800 [main] TRACE org.dbunit.database.DatabaseConfig  - getProperty(name=http://www.dbunit.org/properties/metadataHandler) - start
147800 [main] TRACE org.dbunit.database.DefaultMetadataHandler  - tableExists(metaData=org.apache.commons.dbcp.DelegatingDatabaseMetaData@178a250, schemaName=null, tableName=SCOPE_REQUESTCONTEXT) - start
147801 [main] DEBUG org.dbunit.util.SQLHelper  - close(resultSet=org.apache.commons.dbcp.DelegatingResultSet@666877f6) - start
147801 [main] DEBUG org.dbunit.util.QualifiedTableName  - getQualifiedNameIfEnabled(config=org.dbunit.database.DatabaseConfig[, _propertyMap={http://www.dbunit.org/properties/statementFactory=org.dbunit.database.statement.PreparedStatementFactory@626bc2b8, http://www.dbunit.org/features/caseSensitiveTableNames=false, http://www.dbunit.org/properties/fetchSize=100, http://www.dbunit.org/features/batchedStatements=false, http://www.dbunit.org/properties/metadataHandler=org.dbunit.database.DefaultMetadataHandler@3bbfdfde, http://www.dbunit.org/properties/datatypeFactory=org.dbunit.dataset.datatype.DefaultDataTypeFactory[_toleratedDeltaMap=org.dbunit.dataset.datatype.ToleratedDeltaMap@6452310a], http://www.dbunit.org/properties/escapePattern=null, http://www.dbunit.org/properties/batchSize=100, http://www.dbunit.org/features/qualifiedTableNames=false, http://www.dbunit.org/properties/tableType=[Ljava.lang.String;@5011bafa, http://www.dbunit.org/properties/resultSetTableFactory=org.dbunit.database.CachedResultSetTableFactory@10bcf083, http://www.dbunit.org/features/datatypeWarning=true}]) - start
147801 [main] TRACE org.dbunit.database.DatabaseConfig  - getFeature(name=http://www.dbunit.org/features/qualifiedTableNames) - start
147801 [main] TRACE org.dbunit.database.DatabaseConfig  - getProperty(name=http://www.dbunit.org/features/qualifiedTableNames) - start
147802 [main] DEBUG org.dbunit.util.QualifiedTableName  - Qualified table names feature is disabled. Returning plain table name
147802 [main] DEBUG org.dbunit.util.QualifiedTableName  - getQualifiedName(prefix=null, name=SCOPE_REQUESTCONTEXT, escapePattern=null) - start
147802 [main] DEBUG org.dbunit.util.QualifiedTableName  - getQualifiedNameIfEnabled(config=org.dbunit.database.DatabaseConfig[, _propertyMap={http://www.dbunit.org/properties/statementFactory=org.dbunit.database.statement.PreparedStatementFactory@626bc2b8, http://www.dbunit.org/features/caseSensitiveTableNames=false, http://www.dbunit.org/properties/fetchSize=100, http://www.dbunit.org/features/batchedStatements=false, http://www.dbunit.org/properties/metadataHandler=org.dbunit.database.DefaultMetadataHandler@3bbfdfde, http://www.dbunit.org/properties/datatypeFactory=org.dbunit.dataset.datatype.DefaultDataTypeFactory[_toleratedDeltaMap=org.dbunit.dataset.datatype.ToleratedDeltaMap@6452310a], http://www.dbunit.org/properties/escapePattern=null, http://www.dbunit.org/properties/batchSize=100, http://www.dbunit.org/features/qualifiedTableNames=false, http://www.dbunit.org/properties/tableType=[Ljava.lang.String;@5011bafa, http://www.dbunit.org/properties/resultSetTableFactory=org.dbunit.database.CachedResultSetTableFactory@10bcf083, http://www.dbunit.org/features/datatypeWarning=true}]) - start
147802 [main] TRACE org.dbunit.database.DatabaseConfig  - getFeature(name=http://www.dbunit.org/features/qualifiedTableNames) - start
147802 [main] TRACE org.dbunit.database.DatabaseConfig  - getProperty(name=http://www.dbunit.org/features/qualifiedTableNames) - start
147802 [main] DEBUG org.dbunit.util.QualifiedTableName  - Qualified table names feature is disabled. Returning plain table name
147802 [main] DEBUG org.dbunit.util.QualifiedTableName  - getQualifiedName(prefix=null, name=REQUESTCONTEXT, escapePattern=null) - start
147802 [main] DEBUG org.dbunit.database.search.AbstractMetaDataBasedSearchCallback  - newEdge(rs=org.apache.commons.dbcp.DelegatingResultSet@48a31f65, type=0, from=SCOPE_REQUESTCONTEXT, to=REQUESTCONTEXT, fkColumn=REQUEST_CONTEXT_ID, pkColumn=ID) - start
147802 [main] DEBUG org.dbunit.database.search.AbstractMetaDataBasedSearchCallback  - createFKEdge(rs=org.apache.commons.dbcp.DelegatingResultSet@48a31f65, type=0, from=SCOPE_REQUESTCONTEXT, to=REQUESTCONTEXT, fkColumn=REQUEST_CONTEXT_ID, pkColumn=ID) - start
147802 [main] DEBUG org.dbunit.database.search.AbstractMetaDataBasedSearchCallback  - Adding edge SCOPE_REQUESTCONTEXT(REQUEST_CONTEXT_ID)->REQUESTCONTEXT(ID)
147802 [main] DEBUG org.dbunit.util.search.Edge  - compareTo(o=SCOPE_REQUESTCONTEXT(REQUEST_CONTEXT_ID)->REQUESTCONTEXT(ID)) - start
147802 [main] DEBUG org.dbunit.util.QualifiedTableName  - getQualifiedNameIfEnabled(config=org.dbunit.database.DatabaseConfig[, _propertyMap={http://www.dbunit.org/properties/statementFactory=org.dbunit.database.statement.PreparedStatementFactory@626bc2b8, http://www.dbunit.org/features/caseSensitiveTableNames=false, http://www.dbunit.org/properties/fetchSize=100, http://www.dbunit.org/features/batchedStatements=false, http://www.dbunit.org/properties/metadataHandler=org.dbunit.database.DefaultMetadataHandler@3bbfdfde, http://www.dbunit.org/properties/datatypeFactory=org.dbunit.dataset.datatype.DefaultDataTypeFactory[_toleratedDeltaMap=org.dbunit.dataset.datatype.ToleratedDeltaMap@6452310a], http://www.dbunit.org/properties/escapePattern=null, http://www.dbunit.org/properties/batchSize=100, http://www.dbunit.org/features/qualifiedTableNames=false, http://www.dbunit.org/properties/tableType=[Ljava.lang.String;@5011bafa, http://www.dbunit.org/properties/resultSetTableFactory=org.dbunit.database.CachedResultSetTableFactory@10bcf083, http://www.dbunit.org/features/datatypeWarning=true}]) - start
147803 [main] TRACE org.dbunit.database.DatabaseConfig  - getFeature(name=http://www.dbunit.org/features/qualifiedTableNames) - start
147803 [main] TRACE org.dbunit.database.DatabaseConfig  - getProperty(name=http://www.dbunit.org/features/qualifiedTableNames) - start
147803 [main] DEBUG org.dbunit.util.QualifiedTableName  - Qualified table names feature is disabled. Returning plain table name
147803 [main] DEBUG org.dbunit.util.QualifiedTableName  - getQualifiedName(prefix=null, name=SCOPE_REQUESTCONTEXT, escapePattern=null) - start
147803 [main] DEBUG org.dbunit.util.QualifiedTableName  - getQualifiedNameIfEnabled(config=org.dbunit.database.DatabaseConfig[, _propertyMap={http://www.dbunit.org/properties/statementFactory=org.dbunit.database.statement.PreparedStatementFactory@626bc2b8, http://www.dbunit.org/features/caseSensitiveTableNames=false, http://www.dbunit.org/properties/fetchSize=100, http://www.dbunit.org/features/batchedStatements=false, http://www.dbunit.org/properties/metadataHandler=org.dbunit.database.DefaultMetadataHandler@3bbfdfde, http://www.dbunit.org/properties/datatypeFactory=org.dbunit.dataset.datatype.DefaultDataTypeFactory[_toleratedDeltaMap=org.dbunit.dataset.datatype.ToleratedDeltaMap@6452310a], http://www.dbunit.org/properties/escapePattern=null, http://www.dbunit.org/properties/batchSize=100, http://www.dbunit.org/features/qualifiedTableNames=false, http://www.dbunit.org/properties/tableType=[Ljava.lang.String;@5011bafa, http://www.dbunit.org/properties/resultSetTableFactory=org.dbunit.database.CachedResultSetTableFactory@10bcf083, http://www.dbunit.org/features/datatypeWarning=true}]) - start
147803 [main] TRACE org.dbunit.database.DatabaseConfig  - getFeature(name=http://www.dbunit.org/features/qualifiedTableNames) - start
147803 [main] TRACE org.dbunit.database.DatabaseConfig  - getProperty(name=http://www.dbunit.org/features/qualifiedTableNames) - start
147803 [main] DEBUG org.dbunit.util.QualifiedTableName  - Qualified table names feature is disabled. Returning plain table name
147803 [main] DEBUG org.dbunit.util.QualifiedTableName  - getQualifiedName(prefix=null, name=SCOPE, escapePattern=null) - start
147803 [main] DEBUG org.dbunit.database.search.AbstractMetaDataBasedSearchCallback  - newEdge(rs=org.apache.commons.dbcp.DelegatingResultSet@48a31f65, type=0, from=SCOPE_REQUESTCONTEXT, to=SCOPE, fkColumn=SCOPE_ID, pkColumn=ID) - start
147803 [main] DEBUG org.dbunit.database.search.AbstractMetaDataBasedSearchCallback  - createFKEdge(rs=org.apache.commons.dbcp.DelegatingResultSet@48a31f65, type=0, from=SCOPE_REQUESTCONTEXT, to=SCOPE, fkColumn=SCOPE_ID, pkColumn=ID) - start
147803 [main] DEBUG org.dbunit.database.search.AbstractMetaDataBasedSearchCallback  - Adding edge SCOPE_REQUESTCONTEXT(SCOPE_ID)->SCOPE(ID)
147803 [main] DEBUG org.dbunit.util.search.Edge  - compareTo(o=SCOPE_REQUESTCONTEXT(REQUEST_CONTEXT_ID)->REQUESTCONTEXT(ID)) - start
147804 [main] DEBUG org.dbunit.util.SQLHelper  - close(resultSet=org.apache.commons.dbcp.DelegatingResultSet@48a31f65) - start
147804 [main] DEBUG org.dbunit.util.search.DepthFirstSearch  - search:REQUESTCONTEXT
147804 [main] DEBUG org.dbunit.database.search.ImportedKeysSearchCallback  - searchNode(node=REQUESTCONTEXT) - start
147804 [main] DEBUG org.dbunit.util.search.DepthFirstSearch  - Pushing REQUESTCONTEXT
147804 [main] DEBUG org.dbunit.database.search.ImportedKeysSearchCallback  - getEdges(node=REQUESTCONTEXT) - start
147804 [main] DEBUG org.dbunit.database.search.AbstractMetaDataBasedSearchCallback  - getNodesFromImportedKeys(node=REQUESTCONTEXT) - start
147804 [main] DEBUG org.dbunit.database.search.AbstractMetaDataBasedSearchCallback  - getNodes(type=0, node=REQUESTCONTEXT) - start
147804 [main] DEBUG org.dbunit.database.DatabaseDataSourceConnection  - getConnection() - start
147804 [main] DEBUG org.dbunit.database.search.AbstractMetaDataBasedSearchCallback  - getNodes(type=0, node=REQUESTCONTEXT, conn=Transaction-aware proxy for target Connection [jdbc:hsqldb:mem:kontrollDS, UserName=sw, HSQL Database Engine Driver], schema=null, metaData=org.apache.commons.dbcp.DelegatingDatabaseMetaData@4d624524, edges=[]) - start
147804 [main] DEBUG org.dbunit.database.search.AbstractMetaDataBasedSearchCallback  - Getting edges for node REQUESTCONTEXT
147804 [main] TRACE org.dbunit.database.DatabaseConfig  - getProperty(name=http://www.dbunit.org/properties/metadataHandler) - start
147804 [main] TRACE org.dbunit.database.DefaultMetadataHandler  - tableExists(metaData=org.apache.commons.dbcp.DelegatingDatabaseMetaData@4d624524, schemaName=null, tableName=REQUESTCONTEXT) - start
147806 [main] DEBUG org.dbunit.util.SQLHelper  - close(resultSet=org.apache.commons.dbcp.DelegatingResultSet@33730b76) - start
147806 [main] DEBUG org.dbunit.util.SQLHelper  - close(resultSet=org.apache.commons.dbcp.DelegatingResultSet@7b4f038c) - start
147806 [main] DEBUG org.dbunit.util.search.DepthFirstSearch  - Adding node REQUESTCONTEXT to the final result
147806 [main] DEBUG org.dbunit.util.search.DepthFirstSearch  - search:SCOPE
147806 [main] DEBUG org.dbunit.database.search.ImportedKeysSearchCallback  - searchNode(node=SCOPE) - start
147806 [main] DEBUG org.dbunit.util.search.DepthFirstSearch  - Pushing SCOPE
147806 [main] DEBUG org.dbunit.util.search.DepthFirstSearch  - Adding node SCOPE to the final result
147806 [main] DEBUG org.dbunit.util.search.DepthFirstSearch  - Adding node SCOPE_REQUESTCONTEXT to the final result
147806 [main] DEBUG org.dbunit.util.search.DepthFirstSearch  - reverseSearch:REQUESTCONTEXT
147807 [main] DEBUG org.dbunit.database.search.ImportedKeysSearchCallback  - searchNode(node=REQUESTCONTEXT) - start
147807 [main] DEBUG org.dbunit.util.search.DepthFirstSearch  - Pushing (reverse) REQUESTCONTEXT
147807 [main] DEBUG org.dbunit.database.search.ImportedKeysSearchCallback  - getEdges(node=REQUESTCONTEXT) - start
147807 [main] DEBUG org.dbunit.database.search.AbstractMetaDataBasedSearchCallback  - getNodesFromImportedKeys(node=REQUESTCONTEXT) - start
147807 [main] DEBUG org.dbunit.database.search.AbstractMetaDataBasedSearchCallback  - getNodes(type=0, node=REQUESTCONTEXT) - start
147807 [main] DEBUG org.dbunit.database.DatabaseDataSourceConnection  - getConnection() - start
147807 [main] DEBUG org.dbunit.database.search.AbstractMetaDataBasedSearchCallback  - getNodes(type=0, node=REQUESTCONTEXT, conn=Transaction-aware proxy for target Connection [jdbc:hsqldb:mem:kontrollDS, UserName=sw, HSQL Database Engine Driver], schema=null, metaData=org.apache.commons.dbcp.DelegatingDatabaseMetaData@721b93, edges=[]) - start
147807 [main] DEBUG org.dbunit.database.search.AbstractMetaDataBasedSearchCallback  - Getting edges for node REQUESTCONTEXT
147807 [main] TRACE org.dbunit.database.DatabaseConfig  - getProperty(name=http://www.dbunit.org/properties/metadataHandler) - start
147807 [main] TRACE org.dbunit.database.DefaultMetadataHandler  - tableExists(metaData=org.apache.commons.dbcp.DelegatingDatabaseMetaData@721b93, schemaName=null, tableName=REQUESTCONTEXT) - start
147808 [main] DEBUG org.dbunit.util.SQLHelper  - close(resultSet=org.apache.commons.dbcp.DelegatingResultSet@29c45d0) - start
147808 [main] DEBUG org.dbunit.util.SQLHelper  - close(resultSet=org.apache.commons.dbcp.DelegatingResultSet@3926c002) - start
147809 [main] DEBUG org.dbunit.util.search.DepthFirstSearch  - reverseSearch:SCOPE_REQUESTCONTEXT
147809 [main] DEBUG org.dbunit.util.search.DepthFirstSearch  - already searched; returning true
147809 [main] DEBUG org.dbunit.util.search.DepthFirstSearch  - reverseSearch:SCOPE
147809 [main] DEBUG org.dbunit.database.search.ImportedKeysSearchCallback  - searchNode(node=SCOPE) - start
147809 [main] DEBUG org.dbunit.util.search.DepthFirstSearch  - Pushing (reverse) SCOPE
147809 [main] DEBUG org.dbunit.database.search.ImportedKeysSearchCallback  - getEdges(node=SCOPE) - start
147809 [main] DEBUG org.dbunit.database.search.AbstractMetaDataBasedSearchCallback  - getNodesFromImportedKeys(node=SCOPE) - start
147809 [main] DEBUG org.dbunit.database.search.AbstractMetaDataBasedSearchCallback  - getNodes(type=0, node=SCOPE) - start
147809 [main] DEBUG org.dbunit.database.DatabaseDataSourceConnection  - getConnection() - start
147809 [main] DEBUG org.dbunit.database.search.AbstractMetaDataBasedSearchCallback  - getNodes(type=0, node=SCOPE, conn=Transaction-aware proxy for target Connection [jdbc:hsqldb:mem:kontrollDS, UserName=sw, HSQL Database Engine Driver], schema=null, metaData=org.apache.commons.dbcp.DelegatingDatabaseMetaData@1f07e09e, edges=[]) - start
147809 [main] DEBUG org.dbunit.database.search.AbstractMetaDataBasedSearchCallback  - Getting edges for node SCOPE
147809 [main] TRACE org.dbunit.database.DatabaseConfig  - getProperty(name=http://www.dbunit.org/properties/metadataHandler) - start
147809 [main] TRACE org.dbunit.database.DefaultMetadataHandler  - tableExists(metaData=org.apache.commons.dbcp.DelegatingDatabaseMetaData@1f07e09e, schemaName=null, tableName=SCOPE) - start
147810 [main] DEBUG org.dbunit.util.SQLHelper  - close(resultSet=org.apache.commons.dbcp.DelegatingResultSet@27772c47) - start
147811 [main] DEBUG org.dbunit.util.SQLHelper  - close(resultSet=org.apache.commons.dbcp.DelegatingResultSet@1fc3b7ca) - start
147811 [main] DEBUG org.dbunit.util.search.DepthFirstSearch  - search:SCOPE_REQUESTCONTEXT
147811 [main] DEBUG org.dbunit.util.search.DepthFirstSearch  - already searched; returning true
147811 [main] DEBUG org.dbunit.util.search.DepthFirstSearch  - search:REQUESTCONTEXT
147811 [main] DEBUG org.dbunit.util.search.DepthFirstSearch  - already searched; returning true
147811 [main] DEBUG org.dbunit.util.search.DepthFirstSearch  - search:SCOPE
147811 [main] DEBUG org.dbunit.util.search.DepthFirstSearch  - already searched; returning true
147811 [main] DEBUG org.dbunit.database.DatabaseSequenceFilter  - getDependencyInfo(connection=_databaseConfig=org.dbunit.database.DatabaseConfig[, _propertyMap={http://www.dbunit.org/properties/statementFactory=org.dbunit.database.statement.PreparedStatementFactory@626bc2b8, http://www.dbunit.org/features/caseSensitiveTableNames=false, http://www.dbunit.org/properties/fetchSize=100, http://www.dbunit.org/features/batchedStatements=false, http://www.dbunit.org/properties/metadataHandler=org.dbunit.database.DefaultMetadataHandler@3bbfdfde, http://www.dbunit.org/properties/datatypeFactory=org.dbunit.dataset.datatype.DefaultDataTypeFactory[_toleratedDeltaMap=org.dbunit.dataset.datatype.ToleratedDeltaMap@6452310a], http://www.dbunit.org/properties/escapePattern=null, http://www.dbunit.org/properties/batchSize=100, http://www.dbunit.org/features/qualifiedTableNames=false, http://www.dbunit.org/properties/tableType=[Ljava.lang.String;@5011bafa, http://www.dbunit.org/properties/resultSetTableFactory=org.dbunit.database.CachedResultSetTableFactory@10bcf083, http://www.dbunit.org/features/datatypeWarning=true}], _dataSet=AbstractDataSet[_orderedTableNameMap=null], tableName=USER) - start
147811 [main] DEBUG org.dbunit.database.search.TablesDependencyHelper  - getDependentTables(connection=_databaseConfig=org.dbunit.database.DatabaseConfig[, _propertyMap={http://www.dbunit.org/properties/statementFactory=org.dbunit.database.statement.PreparedStatementFactory@626bc2b8, http://www.dbunit.org/features/caseSensitiveTableNames=false, http://www.dbunit.org/properties/fetchSize=100, http://www.dbunit.org/features/batchedStatements=false, http://www.dbunit.org/properties/metadataHandler=org.dbunit.database.DefaultMetadataHandler@3bbfdfde, http://www.dbunit.org/properties/datatypeFactory=org.dbunit.dataset.datatype.DefaultDataTypeFactory[_toleratedDeltaMap=org.dbunit.dataset.datatype.ToleratedDeltaMap@6452310a], http://www.dbunit.org/properties/escapePattern=null, http://www.dbunit.org/properties/batchSize=100, http://www.dbunit.org/features/qualifiedTableNames=false, http://www.dbunit.org/properties/tableType=[Ljava.lang.String;@5011bafa, http://www.dbunit.org/properties/resultSetTableFactory=org.dbunit.database.CachedResultSetTableFactory@10bcf083, http://www.dbunit.org/features/datatypeWarning=true}], _dataSet=AbstractDataSet[_orderedTableNameMap=null], rootTable=USER) - start
147812 [main] DEBUG org.dbunit.database.search.TablesDependencyHelper  - getDependentTables(connection=_databaseConfig=org.dbunit.database.DatabaseConfig[, _propertyMap={http://www.dbunit.org/properties/statementFactory=org.dbunit.database.statement.PreparedStatementFactory@626bc2b8, http://www.dbunit.org/features/caseSensitiveTableNames=false, http://www.dbunit.org/properties/fetchSize=100, http://www.dbunit.org/features/batchedStatements=false, http://www.dbunit.org/properties/metadataHandler=org.dbunit.database.DefaultMetadataHandler@3bbfdfde, http://www.dbunit.org/properties/datatypeFactory=org.dbunit.dataset.datatype.DefaultDataTypeFactory[_toleratedDeltaMap=org.dbunit.dataset.datatype.ToleratedDeltaMap@6452310a], http://www.dbunit.org/properties/escapePattern=null, http://www.dbunit.org/properties/batchSize=100, http://www.dbunit.org/features/qualifiedTableNames=false, http://www.dbunit.org/properties/tableType=[Ljava.lang.String;@5011bafa, http://www.dbunit.org/properties/resultSetTableFactory=org.dbunit.database.CachedResultSetTableFactory@10bcf083, http://www.dbunit.org/features/datatypeWarning=true}], _dataSet=AbstractDataSet[_orderedTableNameMap=null], rootTables=[USER]) - start
147812 [main] DEBUG org.dbunit.util.search.DepthFirstSearch  - search(nodesFrom=[USER], callback=org.dbunit.database.search.ImportedKeysSearchCallback@5ed69fb) - start
147812 [main] DEBUG org.dbunit.util.CollectionsHelper  - objectsToSet(objects=USER) - start
147812 [main] DEBUG org.dbunit.util.search.DepthFirstSearch  - search(nodesFrom=[USER], callback=org.dbunit.database.search.ImportedKeysSearchCallback@5ed69fb) - start
147812 [main] DEBUG org.dbunit.util.search.DepthFirstSearch  - reverseSearch:USER
147812 [main] DEBUG org.dbunit.database.search.ImportedKeysSearchCallback  - searchNode(node=USER) - start
147812 [main] DEBUG org.dbunit.util.search.DepthFirstSearch  - Pushing (reverse) USER
147812 [main] DEBUG org.dbunit.database.search.ImportedKeysSearchCallback  - getEdges(node=USER) - start
147812 [main] DEBUG org.dbunit.database.search.AbstractMetaDataBasedSearchCallback  - getNodesFromImportedKeys(node=USER) - start
147812 [main] DEBUG org.dbunit.database.search.AbstractMetaDataBasedSearchCallback  - getNodes(type=0, node=USER) - start
147812 [main] DEBUG org.dbunit.database.DatabaseDataSourceConnection  - getConnection() - start
147812 [main] DEBUG org.dbunit.database.search.AbstractMetaDataBasedSearchCallback  - getNodes(type=0, node=USER, conn=Transaction-aware proxy for target Connection [jdbc:hsqldb:mem:kontrollDS, UserName=sw, HSQL Database Engine Driver], schema=null, metaData=org.apache.commons.dbcp.DelegatingDatabaseMetaData@25c8e0c7, edges=[]) - start
147813 [main] DEBUG org.dbunit.database.search.AbstractMetaDataBasedSearchCallback  - Getting edges for node USER
147813 [main] TRACE org.dbunit.database.DatabaseConfig  - getProperty(name=http://www.dbunit.org/properties/metadataHandler) - start
147813 [main] TRACE org.dbunit.database.DefaultMetadataHandler  - tableExists(metaData=org.apache.commons.dbcp.DelegatingDatabaseMetaData@25c8e0c7, schemaName=null, tableName=USER) - start
147814 [main] DEBUG org.dbunit.util.SQLHelper  - close(resultSet=org.apache.commons.dbcp.DelegatingResultSet@705b0aad) - start
147814 [main] DEBUG org.dbunit.util.SQLHelper  - close(resultSet=org.apache.commons.dbcp.DelegatingResultSet@3185ac25) - start
147814 [main] DEBUG org.dbunit.util.search.DepthFirstSearch  - search:USER
147814 [main] DEBUG org.dbunit.database.search.ImportedKeysSearchCallback  - searchNode(node=USER) - start
147814 [main] DEBUG org.dbunit.util.search.DepthFirstSearch  - Pushing USER
147814 [main] DEBUG org.dbunit.database.search.ImportedKeysSearchCallback  - getEdges(node=USER) - start
147814 [main] DEBUG org.dbunit.database.search.AbstractMetaDataBasedSearchCallback  - getNodesFromImportedKeys(node=USER) - start
147814 [main] DEBUG org.dbunit.database.search.AbstractMetaDataBasedSearchCallback  - getNodes(type=0, node=USER) - start
147814 [main] DEBUG org.dbunit.database.DatabaseDataSourceConnection  - getConnection() - start
147815 [main] DEBUG org.dbunit.database.search.AbstractMetaDataBasedSearchCallback  - getNodes(type=0, node=USER, conn=Transaction-aware proxy for target Connection [jdbc:hsqldb:mem:kontrollDS, UserName=sw, HSQL Database Engine Driver], schema=null, metaData=org.apache.commons.dbcp.DelegatingDatabaseMetaData@3ee8ca89, edges=[]) - start
147815 [main] DEBUG org.dbunit.database.search.AbstractMetaDataBasedSearchCallback  - Getting edges for node USER
147815 [main] TRACE org.dbunit.database.DatabaseConfig  - getProperty(name=http://www.dbunit.org/properties/metadataHandler) - start
147815 [main] TRACE org.dbunit.database.DefaultMetadataHandler  - tableExists(metaData=org.apache.commons.dbcp.DelegatingDatabaseMetaData@3ee8ca89, schemaName=null, tableName=USER) - start
147816 [main] DEBUG org.dbunit.util.SQLHelper  - close(resultSet=org.apache.commons.dbcp.DelegatingResultSet@5dd61874) - start
147816 [main] DEBUG org.dbunit.util.SQLHelper  - close(resultSet=org.apache.commons.dbcp.DelegatingResultSet@15671d69) - start
147816 [main] DEBUG org.dbunit.util.search.DepthFirstSearch  - Adding node USER to the final result
147816 [main] DEBUG org.dbunit.util.CollectionsHelper  - setToStrings(set=[USER]) - start
147816 [main] DEBUG org.dbunit.database.search.TablesDependencyHelper  - getDependsOnTables(connection=_databaseConfig=org.dbunit.database.DatabaseConfig[, _propertyMap={http://www.dbunit.org/properties/statementFactory=org.dbunit.database.statement.PreparedStatementFactory@626bc2b8, http://www.dbunit.org/features/caseSensitiveTableNames=false, http://www.dbunit.org/properties/fetchSize=100, http://www.dbunit.org/features/batchedStatements=false, http://www.dbunit.org/properties/metadataHandler=org.dbunit.database.DefaultMetadataHandler@3bbfdfde, http://www.dbunit.org/properties/datatypeFactory=org.dbunit.dataset.datatype.DefaultDataTypeFactory[_toleratedDeltaMap=org.dbunit.dataset.datatype.ToleratedDeltaMap@6452310a], http://www.dbunit.org/properties/escapePattern=null, http://www.dbunit.org/properties/batchSize=100, http://www.dbunit.org/features/qualifiedTableNames=false, http://www.dbunit.org/properties/tableType=[Ljava.lang.String;@5011bafa, http://www.dbunit.org/properties/resultSetTableFactory=org.dbunit.database.CachedResultSetTableFactory@10bcf083, http://www.dbunit.org/features/datatypeWarning=true}], _dataSet=AbstractDataSet[_orderedTableNameMap=null], rootTable=USER) - start
147817 [main] DEBUG org.dbunit.util.search.DepthFirstSearch  - search(nodesFrom=[USER], callback=org.dbunit.database.search.ExportedKeysSearchCallback@2b532fc6) - start
147817 [main] DEBUG org.dbunit.util.CollectionsHelper  - objectsToSet(objects=USER) - start
147817 [main] DEBUG org.dbunit.util.search.DepthFirstSearch  - search(nodesFrom=[USER], callback=org.dbunit.database.search.ExportedKeysSearchCallback@2b532fc6) - start
147817 [main] DEBUG org.dbunit.util.search.DepthFirstSearch  - reverseSearch:USER
147817 [main] DEBUG org.dbunit.database.search.ExportedKeysSearchCallback  - searchNode(node=USER) - start
147817 [main] DEBUG org.dbunit.util.search.DepthFirstSearch  - Pushing (reverse) USER
147817 [main] DEBUG org.dbunit.database.search.ExportedKeysSearchCallback  - getEdges(node=USER) - start
147817 [main] DEBUG org.dbunit.database.search.AbstractMetaDataBasedSearchCallback  - getNodesFromExportedKeys(node=USER) - start
147817 [main] DEBUG org.dbunit.database.search.AbstractMetaDataBasedSearchCallback  - getNodes(type=1, node=USER) - start
147817 [main] DEBUG org.dbunit.database.DatabaseDataSourceConnection  - getConnection() - start
147817 [main] DEBUG org.dbunit.database.search.AbstractMetaDataBasedSearchCallback  - getNodes(type=1, node=USER, conn=Transaction-aware proxy for target Connection [jdbc:hsqldb:mem:kontrollDS, UserName=sw, HSQL Database Engine Driver], schema=null, metaData=org.apache.commons.dbcp.DelegatingDatabaseMetaData@62658662, edges=[]) - start
147817 [main] DEBUG org.dbunit.database.search.AbstractMetaDataBasedSearchCallback  - Getting edges for node USER
147818 [main] TRACE org.dbunit.database.DatabaseConfig  - getProperty(name=http://www.dbunit.org/properties/metadataHandler) - start
147818 [main] TRACE org.dbunit.database.DefaultMetadataHandler  - tableExists(metaData=org.apache.commons.dbcp.DelegatingDatabaseMetaData@62658662, schemaName=null, tableName=USER) - start
147819 [main] DEBUG org.dbunit.util.SQLHelper  - close(resultSet=org.apache.commons.dbcp.DelegatingResultSet@24e3161a) - start
147819 [main] DEBUG org.dbunit.util.QualifiedTableName  - getQualifiedNameIfEnabled(config=org.dbunit.database.DatabaseConfig[, _propertyMap={http://www.dbunit.org/properties/statementFactory=org.dbunit.database.statement.PreparedStatementFactory@626bc2b8, http://www.dbunit.org/features/caseSensitiveTableNames=false, http://www.dbunit.org/properties/fetchSize=100, http://www.dbunit.org/features/batchedStatements=false, http://www.dbunit.org/properties/metadataHandler=org.dbunit.database.DefaultMetadataHandler@3bbfdfde, http://www.dbunit.org/properties/datatypeFactory=org.dbunit.dataset.datatype.DefaultDataTypeFactory[_toleratedDeltaMap=org.dbunit.dataset.datatype.ToleratedDeltaMap@6452310a], http://www.dbunit.org/properties/escapePattern=null, http://www.dbunit.org/properties/batchSize=100, http://www.dbunit.org/features/qualifiedTableNames=false, http://www.dbunit.org/properties/tableType=[Ljava.lang.String;@5011bafa, http://www.dbunit.org/properties/resultSetTableFactory=org.dbunit.database.CachedResultSetTableFactory@10bcf083, http://www.dbunit.org/features/datatypeWarning=true}]) - start
147819 [main] TRACE org.dbunit.database.DatabaseConfig  - getFeature(name=http://www.dbunit.org/features/qualifiedTableNames) - start
147819 [main] TRACE org.dbunit.database.DatabaseConfig  - getProperty(name=http://www.dbunit.org/features/qualifiedTableNames) - start
147819 [main] DEBUG org.dbunit.util.QualifiedTableName  - Qualified table names feature is disabled. Returning plain table name
147819 [main] DEBUG org.dbunit.util.QualifiedTableName  - getQualifiedName(prefix=null, name=USER, escapePattern=null) - start
147819 [main] DEBUG org.dbunit.util.QualifiedTableName  - getQualifiedNameIfEnabled(config=org.dbunit.database.DatabaseConfig[, _propertyMap={http://www.dbunit.org/properties/statementFactory=org.dbunit.database.statement.PreparedStatementFactory@626bc2b8, http://www.dbunit.org/features/caseSensitiveTableNames=false, http://www.dbunit.org/properties/fetchSize=100, http://www.dbunit.org/features/batchedStatements=false, http://www.dbunit.org/properties/metadataHandler=org.dbunit.database.DefaultMetadataHandler@3bbfdfde, http://www.dbunit.org/properties/datatypeFactory=org.dbunit.dataset.datatype.DefaultDataTypeFactory[_toleratedDeltaMap=org.dbunit.dataset.datatype.ToleratedDeltaMap@6452310a], http://www.dbunit.org/properties/escapePattern=null, http://www.dbunit.org/properties/batchSize=100, http://www.dbunit.org/features/qualifiedTableNames=false, http://www.dbunit.org/properties/tableType=[Ljava.lang.String;@5011bafa, http://www.dbunit.org/properties/resultSetTableFactory=org.dbunit.database.CachedResultSetTableFactory@10bcf083, http://www.dbunit.org/features/datatypeWarning=true}]) - start
147819 [main] TRACE org.dbunit.database.DatabaseConfig  - getFeature(name=http://www.dbunit.org/features/qualifiedTableNames) - start
147819 [main] TRACE org.dbunit.database.DatabaseConfig  - getProperty(name=http://www.dbunit.org/features/qualifiedTableNames) - start
147820 [main] DEBUG org.dbunit.util.QualifiedTableName  - Qualified table names feature is disabled. Returning plain table name
147820 [main] DEBUG org.dbunit.util.QualifiedTableName  - getQualifiedName(prefix=null, name=USERS_AUTHORITIES, escapePattern=null) - start
147820 [main] DEBUG org.dbunit.database.search.AbstractMetaDataBasedSearchCallback  - newEdge(rs=org.apache.commons.dbcp.DelegatingResultSet@4b5fd1e2, type=1, from=USER, to=USERS_AUTHORITIES, fkColumn=USER_ID, pkColumn=ID) - start
147820 [main] DEBUG org.dbunit.database.search.AbstractMetaDataBasedSearchCallback  - createFKEdge(rs=org.apache.commons.dbcp.DelegatingResultSet@4b5fd1e2, type=1, from=USER, to=USERS_AUTHORITIES, fkColumn=USER_ID, pkColumn=ID) - start
147820 [main] DEBUG org.dbunit.database.search.AbstractMetaDataBasedSearchCallback  - Adding edge USERS_AUTHORITIES(USER_ID)->USER(ID)
147820 [main] DEBUG org.dbunit.util.search.Edge  - compareTo(o=USERS_AUTHORITIES(USER_ID)->USER(ID)) - start
147820 [main] DEBUG org.dbunit.util.SQLHelper  - close(resultSet=org.apache.commons.dbcp.DelegatingResultSet@4b5fd1e2) - start
147820 [main] DEBUG org.dbunit.util.search.DepthFirstSearch  - reverseSearch:USERS_AUTHORITIES
147820 [main] DEBUG org.dbunit.database.search.ExportedKeysSearchCallback  - searchNode(node=USERS_AUTHORITIES) - start
147820 [main] DEBUG org.dbunit.util.search.DepthFirstSearch  - Pushing (reverse) USERS_AUTHORITIES
147820 [main] DEBUG org.dbunit.database.search.ExportedKeysSearchCallback  - getEdges(node=USERS_AUTHORITIES) - start
147820 [main] DEBUG org.dbunit.database.search.AbstractMetaDataBasedSearchCallback  - getNodesFromExportedKeys(node=USERS_AUTHORITIES) - start
147821 [main] DEBUG org.dbunit.database.search.AbstractMetaDataBasedSearchCallback  - getNodes(type=1, node=USERS_AUTHORITIES) - start
147821 [main] DEBUG org.dbunit.database.DatabaseDataSourceConnection  - getConnection() - start
147821 [main] DEBUG org.dbunit.database.search.AbstractMetaDataBasedSearchCallback  - getNodes(type=1, node=USERS_AUTHORITIES, conn=Transaction-aware proxy for target Connection [jdbc:hsqldb:mem:kontrollDS, UserName=sw, HSQL Database Engine Driver], schema=null, metaData=org.apache.commons.dbcp.DelegatingDatabaseMetaData@7fcc7316, edges=[]) - start
147821 [main] DEBUG org.dbunit.database.search.AbstractMetaDataBasedSearchCallback  - Getting edges for node USERS_AUTHORITIES
147821 [main] TRACE org.dbunit.database.DatabaseConfig  - getProperty(name=http://www.dbunit.org/properties/metadataHandler) - start
147821 [main] TRACE org.dbunit.database.DefaultMetadataHandler  - tableExists(metaData=org.apache.commons.dbcp.DelegatingDatabaseMetaData@7fcc7316, schemaName=null, tableName=USERS_AUTHORITIES) - start
147822 [main] DEBUG org.dbunit.util.SQLHelper  - close(resultSet=org.apache.commons.dbcp.DelegatingResultSet@46bec6c2) - start
147822 [main] DEBUG org.dbunit.util.SQLHelper  - close(resultSet=org.apache.commons.dbcp.DelegatingResultSet@221b5102) - start
147822 [main] DEBUG org.dbunit.util.search.DepthFirstSearch  - search:USERS_AUTHORITIES
147822 [main] DEBUG org.dbunit.database.search.ExportedKeysSearchCallback  - searchNode(node=USERS_AUTHORITIES) - start
147822 [main] DEBUG org.dbunit.util.search.DepthFirstSearch  - Pushing USERS_AUTHORITIES
147823 [main] DEBUG org.dbunit.database.search.ExportedKeysSearchCallback  - getEdges(node=USERS_AUTHORITIES) - start
147823 [main] DEBUG org.dbunit.database.search.AbstractMetaDataBasedSearchCallback  - getNodesFromExportedKeys(node=USERS_AUTHORITIES) - start
147823 [main] DEBUG org.dbunit.database.search.AbstractMetaDataBasedSearchCallback  - getNodes(type=1, node=USERS_AUTHORITIES) - start
147823 [main] DEBUG org.dbunit.database.DatabaseDataSourceConnection  - getConnection() - start
147823 [main] DEBUG org.dbunit.database.search.AbstractMetaDataBasedSearchCallback  - getNodes(type=1, node=USERS_AUTHORITIES, conn=Transaction-aware proxy for target Connection [jdbc:hsqldb:mem:kontrollDS, UserName=sw, HSQL Database Engine Driver], schema=null, metaData=org.apache.commons.dbcp.DelegatingDatabaseMetaData@2f636bcc, edges=[]) - start
147823 [main] DEBUG org.dbunit.database.search.AbstractMetaDataBasedSearchCallback  - Getting edges for node USERS_AUTHORITIES
147823 [main] TRACE org.dbunit.database.DatabaseConfig  - getProperty(name=http://www.dbunit.org/properties/metadataHandler) - start
147823 [main] TRACE org.dbunit.database.DefaultMetadataHandler  - tableExists(metaData=org.apache.commons.dbcp.DelegatingDatabaseMetaData@2f636bcc, schemaName=null, tableName=USERS_AUTHORITIES) - start
147824 [main] DEBUG org.dbunit.util.SQLHelper  - close(resultSet=org.apache.commons.dbcp.DelegatingResultSet@5c87090) - start
147825 [main] DEBUG org.dbunit.util.SQLHelper  - close(resultSet=org.apache.commons.dbcp.DelegatingResultSet@74555367) - start
147825 [main] DEBUG org.dbunit.util.search.DepthFirstSearch  - Adding node USERS_AUTHORITIES to the final result
147825 [main] DEBUG org.dbunit.util.search.DepthFirstSearch  - search:USER
147825 [main] DEBUG org.dbunit.database.search.ExportedKeysSearchCallback  - searchNode(node=USER) - start
147825 [main] DEBUG org.dbunit.util.search.DepthFirstSearch  - Pushing USER
147825 [main] DEBUG org.dbunit.database.search.ExportedKeysSearchCallback  - getEdges(node=USER) - start
147825 [main] DEBUG org.dbunit.database.search.AbstractMetaDataBasedSearchCallback  - getNodesFromExportedKeys(node=USER) - start
147825 [main] DEBUG org.dbunit.database.search.AbstractMetaDataBasedSearchCallback  - getNodes(type=1, node=USER) - start
147825 [main] DEBUG org.dbunit.database.DatabaseDataSourceConnection  - getConnection() - start
147825 [main] DEBUG org.dbunit.database.search.AbstractMetaDataBasedSearchCallback  - getNodes(type=1, node=USER, conn=Transaction-aware proxy for target Connection [jdbc:hsqldb:mem:kontrollDS, UserName=sw, HSQL Database Engine Driver], schema=null, metaData=org.apache.commons.dbcp.DelegatingDatabaseMetaData@dd6cadc, edges=[]) - start
147825 [main] DEBUG org.dbunit.database.search.AbstractMetaDataBasedSearchCallback  - Getting edges for node USER
147826 [main] TRACE org.dbunit.database.DatabaseConfig  - getProperty(name=http://www.dbunit.org/properties/metadataHandler) - start
147826 [main] TRACE org.dbunit.database.DefaultMetadataHandler  - tableExists(metaData=org.apache.commons.dbcp.DelegatingDatabaseMetaData@dd6cadc, schemaName=null, tableName=USER) - start
147827 [main] DEBUG org.dbunit.util.SQLHelper  - close(resultSet=org.apache.commons.dbcp.DelegatingResultSet@6e4d3f2) - start
147827 [main] DEBUG org.dbunit.util.QualifiedTableName  - getQualifiedNameIfEnabled(config=org.dbunit.database.DatabaseConfig[, _propertyMap={http://www.dbunit.org/properties/statementFactory=org.dbunit.database.statement.PreparedStatementFactory@626bc2b8, http://www.dbunit.org/features/caseSensitiveTableNames=false, http://www.dbunit.org/properties/fetchSize=100, http://www.dbunit.org/features/batchedStatements=false, http://www.dbunit.org/properties/metadataHandler=org.dbunit.database.DefaultMetadataHandler@3bbfdfde, http://www.dbunit.org/properties/datatypeFactory=org.dbunit.dataset.datatype.DefaultDataTypeFactory[_toleratedDeltaMap=org.dbunit.dataset.datatype.ToleratedDeltaMap@6452310a], http://www.dbunit.org/properties/escapePattern=null, http://www.dbunit.org/properties/batchSize=100, http://www.dbunit.org/features/qualifiedTableNames=false, http://www.dbunit.org/properties/tableType=[Ljava.lang.String;@5011bafa, http://www.dbunit.org/properties/resultSetTableFactory=org.dbunit.database.CachedResultSetTableFactory@10bcf083, http://www.dbunit.org/features/datatypeWarning=true}]) - start
147827 [main] TRACE org.dbunit.database.DatabaseConfig  - getFeature(name=http://www.dbunit.org/features/qualifiedTableNames) - start
147827 [main] TRACE org.dbunit.database.DatabaseConfig  - getProperty(name=http://www.dbunit.org/features/qualifiedTableNames) - start
147827 [main] DEBUG org.dbunit.util.QualifiedTableName  - Qualified table names feature is disabled. Returning plain table name
147828 [main] DEBUG org.dbunit.util.QualifiedTableName  - getQualifiedName(prefix=null, name=USER, escapePattern=null) - start
147828 [main] DEBUG org.dbunit.util.QualifiedTableName  - getQualifiedNameIfEnabled(config=org.dbunit.database.DatabaseConfig[, _propertyMap={http://www.dbunit.org/properties/statementFactory=org.dbunit.database.statement.PreparedStatementFactory@626bc2b8, http://www.dbunit.org/features/caseSensitiveTableNames=false, http://www.dbunit.org/properties/fetchSize=100, http://www.dbunit.org/features/batchedStatements=false, http://www.dbunit.org/properties/metadataHandler=org.dbunit.database.DefaultMetadataHandler@3bbfdfde, http://www.dbunit.org/properties/datatypeFactory=org.dbunit.dataset.datatype.DefaultDataTypeFactory[_toleratedDeltaMap=org.dbunit.dataset.datatype.ToleratedDeltaMap@6452310a], http://www.dbunit.org/properties/escapePattern=null, http://www.dbunit.org/properties/batchSize=100, http://www.dbunit.org/features/qualifiedTableNames=false, http://www.dbunit.org/properties/tableType=[Ljava.lang.String;@5011bafa, http://www.dbunit.org/properties/resultSetTableFactory=org.dbunit.database.CachedResultSetTableFactory@10bcf083, http://www.dbunit.org/features/datatypeWarning=true}]) - start
147828 [main] TRACE org.dbunit.database.DatabaseConfig  - getFeature(name=http://www.dbunit.org/features/qualifiedTableNames) - start
147828 [main] TRACE org.dbunit.database.DatabaseConfig  - getProperty(name=http://www.dbunit.org/features/qualifiedTableNames) - start
147828 [main] DEBUG org.dbunit.util.QualifiedTableName  - Qualified table names feature is disabled. Returning plain table name
147828 [main] DEBUG org.dbunit.util.QualifiedTableName  - getQualifiedName(prefix=null, name=USERS_AUTHORITIES, escapePattern=null) - start
147828 [main] DEBUG org.dbunit.database.search.AbstractMetaDataBasedSearchCallback  - newEdge(rs=org.apache.commons.dbcp.DelegatingResultSet@22a47f0f, type=1, from=USER, to=USERS_AUTHORITIES, fkColumn=USER_ID, pkColumn=ID) - start
147828 [main] DEBUG org.dbunit.database.search.AbstractMetaDataBasedSearchCallback  - createFKEdge(rs=org.apache.commons.dbcp.DelegatingResultSet@22a47f0f, type=1, from=USER, to=USERS_AUTHORITIES, fkColumn=USER_ID, pkColumn=ID) - start
147828 [main] DEBUG org.dbunit.database.search.AbstractMetaDataBasedSearchCallback  - Adding edge USERS_AUTHORITIES(USER_ID)->USER(ID)
147828 [main] DEBUG org.dbunit.util.search.Edge  - compareTo(o=USERS_AUTHORITIES(USER_ID)->USER(ID)) - start
147828 [main] DEBUG org.dbunit.util.SQLHelper  - close(resultSet=org.apache.commons.dbcp.DelegatingResultSet@22a47f0f) - start
147828 [main] DEBUG org.dbunit.util.search.DepthFirstSearch  - search:USER
147829 [main] DEBUG org.dbunit.util.search.DepthFirstSearch  - already searched; returning true
147829 [main] DEBUG org.dbunit.util.search.DepthFirstSearch  - Adding node USER to the final result
147829 [main] DEBUG org.dbunit.util.CollectionsHelper  - setToStrings(set=[USERS_AUTHORITIES, USER]) - start
147829 [main] DEBUG org.dbunit.database.search.TablesDependencyHelper  - getDirectDependsOnTables(connection=_databaseConfig=org.dbunit.database.DatabaseConfig[, _propertyMap={http://www.dbunit.org/properties/statementFactory=org.dbunit.database.statement.PreparedStatementFactory@626bc2b8, http://www.dbunit.org/features/caseSensitiveTableNames=false, http://www.dbunit.org/properties/fetchSize=100, http://www.dbunit.org/features/batchedStatements=false, http://www.dbunit.org/properties/metadataHandler=org.dbunit.database.DefaultMetadataHandler@3bbfdfde, http://www.dbunit.org/properties/datatypeFactory=org.dbunit.dataset.datatype.DefaultDataTypeFactory[_toleratedDeltaMap=org.dbunit.dataset.datatype.ToleratedDeltaMap@6452310a], http://www.dbunit.org/properties/escapePattern=null, http://www.dbunit.org/properties/batchSize=100, http://www.dbunit.org/features/qualifiedTableNames=false, http://www.dbunit.org/properties/tableType=[Ljava.lang.String;@5011bafa, http://www.dbunit.org/properties/resultSetTableFactory=org.dbunit.database.CachedResultSetTableFactory@10bcf083, http://www.dbunit.org/features/datatypeWarning=true}], _dataSet=AbstractDataSet[_orderedTableNameMap=null], tableName=USER) - start
147829 [main] DEBUG org.dbunit.util.search.DepthFirstSearch  - search(nodesFrom=[USER], callback=org.dbunit.database.search.ExportedKeysSearchCallback@cbd8df9) - start
147829 [main] DEBUG org.dbunit.util.CollectionsHelper  - objectsToSet(objects=USER) - start
147829 [main] DEBUG org.dbunit.util.search.DepthFirstSearch  - search(nodesFrom=[USER], callback=org.dbunit.database.search.ExportedKeysSearchCallback@cbd8df9) - start
147829 [main] DEBUG org.dbunit.util.search.DepthFirstSearch  - reverseSearch:USER
147829 [main] DEBUG org.dbunit.database.search.ExportedKeysSearchCallback  - searchNode(node=USER) - start
147829 [main] DEBUG org.dbunit.util.search.DepthFirstSearch  - Pushing (reverse) USER
147829 [main] DEBUG org.dbunit.database.search.ExportedKeysSearchCallback  - getEdges(node=USER) - start
147829 [main] DEBUG org.dbunit.database.search.AbstractMetaDataBasedSearchCallback  - getNodesFromExportedKeys(node=USER) - start
147830 [main] DEBUG org.dbunit.database.search.AbstractMetaDataBasedSearchCallback  - getNodes(type=1, node=USER) - start
147830 [main] DEBUG org.dbunit.database.DatabaseDataSourceConnection  - getConnection() - start
147830 [main] DEBUG org.dbunit.database.search.AbstractMetaDataBasedSearchCallback  - getNodes(type=1, node=USER, conn=Transaction-aware proxy for target Connection [jdbc:hsqldb:mem:kontrollDS, UserName=sw, HSQL Database Engine Driver], schema=null, metaData=org.apache.commons.dbcp.DelegatingDatabaseMetaData@70b3dcf7, edges=[]) - start
147830 [main] DEBUG org.dbunit.database.search.AbstractMetaDataBasedSearchCallback  - Getting edges for node USER
147830 [main] TRACE org.dbunit.database.DatabaseConfig  - getProperty(name=http://www.dbunit.org/properties/metadataHandler) - start
147830 [main] TRACE org.dbunit.database.DefaultMetadataHandler  - tableExists(metaData=org.apache.commons.dbcp.DelegatingDatabaseMetaData@70b3dcf7, schemaName=null, tableName=USER) - start
147831 [main] DEBUG org.dbunit.util.SQLHelper  - close(resultSet=org.apache.commons.dbcp.DelegatingResultSet@eb016c1) - start
147831 [main] DEBUG org.dbunit.util.QualifiedTableName  - getQualifiedNameIfEnabled(config=org.dbunit.database.DatabaseConfig[, _propertyMap={http://www.dbunit.org/properties/statementFactory=org.dbunit.database.statement.PreparedStatementFactory@626bc2b8, http://www.dbunit.org/features/caseSensitiveTableNames=false, http://www.dbunit.org/properties/fetchSize=100, http://www.dbunit.org/features/batchedStatements=false, http://www.dbunit.org/properties/metadataHandler=org.dbunit.database.DefaultMetadataHandler@3bbfdfde, http://www.dbunit.org/properties/datatypeFactory=org.dbunit.dataset.datatype.DefaultDataTypeFactory[_toleratedDeltaMap=org.dbunit.dataset.datatype.ToleratedDeltaMap@6452310a], http://www.dbunit.org/properties/escapePattern=null, http://www.dbunit.org/properties/batchSize=100, http://www.dbunit.org/features/qualifiedTableNames=false, http://www.dbunit.org/properties/tableType=[Ljava.lang.String;@5011bafa, http://www.dbunit.org/properties/resultSetTableFactory=org.dbunit.database.CachedResultSetTableFactory@10bcf083, http://www.dbunit.org/features/datatypeWarning=true}]) - start
147831 [main] TRACE org.dbunit.database.DatabaseConfig  - getFeature(name=http://www.dbunit.org/features/qualifiedTableNames) - start
147832 [main] TRACE org.dbunit.database.DatabaseConfig  - getProperty(name=http://www.dbunit.org/features/qualifiedTableNames) - start
147832 [main] DEBUG org.dbunit.util.QualifiedTableName  - Qualified table names feature is disabled. Returning plain table name
147832 [main] DEBUG org.dbunit.util.QualifiedTableName  - getQualifiedName(prefix=null, name=USER, escapePattern=null) - start
147832 [main] DEBUG org.dbunit.util.QualifiedTableName  - getQualifiedNameIfEnabled(config=org.dbunit.database.DatabaseConfig[, _propertyMap={http://www.dbunit.org/properties/statementFactory=org.dbunit.database.statement.PreparedStatementFactory@626bc2b8, http://www.dbunit.org/features/caseSensitiveTableNames=false, http://www.dbunit.org/properties/fetchSize=100, http://www.dbunit.org/features/batchedStatements=false, http://www.dbunit.org/properties/metadataHandler=org.dbunit.database.DefaultMetadataHandler@3bbfdfde, http://www.dbunit.org/properties/datatypeFactory=org.dbunit.dataset.datatype.DefaultDataTypeFactory[_toleratedDeltaMap=org.dbunit.dataset.datatype.ToleratedDeltaMap@6452310a], http://www.dbunit.org/properties/escapePattern=null, http://www.dbunit.org/properties/batchSize=100, http://www.dbunit.org/features/qualifiedTableNames=false, http://www.dbunit.org/properties/tableType=[Ljava.lang.String;@5011bafa, http://www.dbunit.org/properties/resultSetTableFactory=org.dbunit.database.CachedResultSetTableFactory@10bcf083, http://www.dbunit.org/features/datatypeWarning=true}]) - start
147832 [main] TRACE org.dbunit.database.DatabaseConfig  - getFeature(name=http://www.dbunit.org/features/qualifiedTableNames) - start
147832 [main] TRACE org.dbunit.database.DatabaseConfig  - getProperty(name=http://www.dbunit.org/features/qualifiedTableNames) - start
147832 [main] DEBUG org.dbunit.util.QualifiedTableName  - Qualified table names feature is disabled. Returning plain table name
147832 [main] DEBUG org.dbunit.util.QualifiedTableName  - getQualifiedName(prefix=null, name=USERS_AUTHORITIES, escapePattern=null) - start
147832 [main] DEBUG org.dbunit.database.search.AbstractMetaDataBasedSearchCallback  - newEdge(rs=org.apache.commons.dbcp.DelegatingResultSet@5031bdb2, type=1, from=USER, to=USERS_AUTHORITIES, fkColumn=USER_ID, pkColumn=ID) - start
147833 [main] DEBUG org.dbunit.database.search.AbstractMetaDataBasedSearchCallback  - createFKEdge(rs=org.apache.commons.dbcp.DelegatingResultSet@5031bdb2, type=1, from=USER, to=USERS_AUTHORITIES, fkColumn=USER_ID, pkColumn=ID) - start
147833 [main] DEBUG org.dbunit.database.search.AbstractMetaDataBasedSearchCallback  - Adding edge USERS_AUTHORITIES(USER_ID)->USER(ID)
147833 [main] DEBUG org.dbunit.util.search.Edge  - compareTo(o=USERS_AUTHORITIES(USER_ID)->USER(ID)) - start
147833 [main] DEBUG org.dbunit.util.SQLHelper  - close(resultSet=org.apache.commons.dbcp.DelegatingResultSet@5031bdb2) - start
147833 [main] DEBUG org.dbunit.util.search.DepthFirstSearch  - reverseSearch:USERS_AUTHORITIES
147833 [main] DEBUG org.dbunit.database.search.ExportedKeysSearchCallback  - searchNode(node=USERS_AUTHORITIES) - start
147833 [main] DEBUG org.dbunit.util.search.DepthFirstSearch  - Pushing (reverse) USERS_AUTHORITIES
147833 [main] DEBUG org.dbunit.database.search.ExportedKeysSearchCallback  - getEdges(node=USERS_AUTHORITIES) - start
147833 [main] DEBUG org.dbunit.database.search.AbstractMetaDataBasedSearchCallback  - getNodesFromExportedKeys(node=USERS_AUTHORITIES) - start
147833 [main] DEBUG org.dbunit.database.search.AbstractMetaDataBasedSearchCallback  - getNodes(type=1, node=USERS_AUTHORITIES) - start
147833 [main] DEBUG org.dbunit.database.DatabaseDataSourceConnection  - getConnection() - start
147833 [main] DEBUG org.dbunit.database.search.AbstractMetaDataBasedSearchCallback  - getNodes(type=1, node=USERS_AUTHORITIES, conn=Transaction-aware proxy for target Connection [jdbc:hsqldb:mem:kontrollDS, UserName=sw, HSQL Database Engine Driver], schema=null, metaData=org.apache.commons.dbcp.DelegatingDatabaseMetaData@719d1a3f, edges=[]) - start
147833 [main] DEBUG org.dbunit.database.search.AbstractMetaDataBasedSearchCallback  - Getting edges for node USERS_AUTHORITIES
147833 [main] TRACE org.dbunit.database.DatabaseConfig  - getProperty(name=http://www.dbunit.org/properties/metadataHandler) - start
147833 [main] TRACE org.dbunit.database.DefaultMetadataHandler  - tableExists(metaData=org.apache.commons.dbcp.DelegatingDatabaseMetaData@719d1a3f, schemaName=null, tableName=USERS_AUTHORITIES) - start
147834 [main] DEBUG org.dbunit.util.SQLHelper  - close(resultSet=org.apache.commons.dbcp.DelegatingResultSet@7c73c58f) - start
147835 [main] DEBUG org.dbunit.util.SQLHelper  - close(resultSet=org.apache.commons.dbcp.DelegatingResultSet@9a8252e) - start
147835 [main] DEBUG org.dbunit.util.search.DepthFirstSearch  - search:USERS_AUTHORITIES
147835 [main] DEBUG org.dbunit.database.search.ExportedKeysSearchCallback  - searchNode(node=USERS_AUTHORITIES) - start
147835 [main] DEBUG org.dbunit.util.search.DepthFirstSearch  - Pushing USERS_AUTHORITIES
147835 [main] DEBUG org.dbunit.database.search.ExportedKeysSearchCallback  - getEdges(node=USERS_AUTHORITIES) - start
147835 [main] DEBUG org.dbunit.database.search.AbstractMetaDataBasedSearchCallback  - getNodesFromExportedKeys(node=USERS_AUTHORITIES) - start
147835 [main] DEBUG org.dbunit.database.search.AbstractMetaDataBasedSearchCallback  - getNodes(type=1, node=USERS_AUTHORITIES) - start
147835 [main] DEBUG org.dbunit.database.DatabaseDataSourceConnection  - getConnection() - start
147835 [main] DEBUG org.dbunit.database.search.AbstractMetaDataBasedSearchCallback  - getNodes(type=1, node=USERS_AUTHORITIES, conn=Transaction-aware proxy for target Connection [jdbc:hsqldb:mem:kontrollDS, UserName=sw, HSQL Database Engine Driver], schema=null, metaData=org.apache.commons.dbcp.DelegatingDatabaseMetaData@7e20f3f5, edges=[]) - start
147835 [main] DEBUG org.dbunit.database.search.AbstractMetaDataBasedSearchCallback  - Getting edges for node USERS_AUTHORITIES
147835 [main] TRACE org.dbunit.database.DatabaseConfig  - getProperty(name=http://www.dbunit.org/properties/metadataHandler) - start
147835 [main] TRACE org.dbunit.database.DefaultMetadataHandler  - tableExists(metaData=org.apache.commons.dbcp.DelegatingDatabaseMetaData@7e20f3f5, schemaName=null, tableName=USERS_AUTHORITIES) - start
147836 [main] DEBUG org.dbunit.util.SQLHelper  - close(resultSet=org.apache.commons.dbcp.DelegatingResultSet@3b06350) - start
147837 [main] DEBUG org.dbunit.util.SQLHelper  - close(resultSet=org.apache.commons.dbcp.DelegatingResultSet@74e9d752) - start
147837 [main] DEBUG org.dbunit.util.search.DepthFirstSearch  - Adding node USERS_AUTHORITIES to the final result
147837 [main] DEBUG org.dbunit.util.search.DepthFirstSearch  - search:USER
147837 [main] DEBUG org.dbunit.database.search.ExportedKeysSearchCallback  - searchNode(node=USER) - start
147837 [main] DEBUG org.dbunit.util.search.DepthFirstSearch  - Pushing USER
147837 [main] DEBUG org.dbunit.database.search.ExportedKeysSearchCallback  - getEdges(node=USER) - start
147837 [main] DEBUG org.dbunit.database.search.AbstractMetaDataBasedSearchCallback  - getNodesFromExportedKeys(node=USER) - start
147837 [main] DEBUG org.dbunit.database.search.AbstractMetaDataBasedSearchCallback  - getNodes(type=1, node=USER) - start
147837 [main] DEBUG org.dbunit.database.DatabaseDataSourceConnection  - getConnection() - start
147837 [main] DEBUG org.dbunit.database.search.AbstractMetaDataBasedSearchCallback  - getNodes(type=1, node=USER, conn=Transaction-aware proxy for target Connection [jdbc:hsqldb:mem:kontrollDS, UserName=sw, HSQL Database Engine Driver], schema=null, metaData=org.apache.commons.dbcp.DelegatingDatabaseMetaData@24378475, edges=[]) - start
147837 [main] DEBUG org.dbunit.database.search.AbstractMetaDataBasedSearchCallback  - Getting edges for node USER
147837 [main] TRACE org.dbunit.database.DatabaseConfig  - getProperty(name=http://www.dbunit.org/properties/metadataHandler) - start
147837 [main] TRACE org.dbunit.database.DefaultMetadataHandler  - tableExists(metaData=org.apache.commons.dbcp.DelegatingDatabaseMetaData@24378475, schemaName=null, tableName=USER) - start
147838 [main] DEBUG org.dbunit.util.SQLHelper  - close(resultSet=org.apache.commons.dbcp.DelegatingResultSet@3ad7c232) - start
147838 [main] DEBUG org.dbunit.util.QualifiedTableName  - getQualifiedNameIfEnabled(config=org.dbunit.database.DatabaseConfig[, _propertyMap={http://www.dbunit.org/properties/statementFactory=org.dbunit.database.statement.PreparedStatementFactory@626bc2b8, http://www.dbunit.org/features/caseSensitiveTableNames=false, http://www.dbunit.org/properties/fetchSize=100, http://www.dbunit.org/features/batchedStatements=false, http://www.dbunit.org/properties/metadataHandler=org.dbunit.database.DefaultMetadataHandler@3bbfdfde, http://www.dbunit.org/properties/datatypeFactory=org.dbunit.dataset.datatype.DefaultDataTypeFactory[_toleratedDeltaMap=org.dbunit.dataset.datatype.ToleratedDeltaMap@6452310a], http://www.dbunit.org/properties/escapePattern=null, http://www.dbunit.org/properties/batchSize=100, http://www.dbunit.org/features/qualifiedTableNames=false, http://www.dbunit.org/properties/tableType=[Ljava.lang.String;@5011bafa, http://www.dbunit.org/properties/resultSetTableFactory=org.dbunit.database.CachedResultSetTableFactory@10bcf083, http://www.dbunit.org/features/datatypeWarning=true}]) - start
147838 [main] TRACE org.dbunit.database.DatabaseConfig  - getFeature(name=http://www.dbunit.org/features/qualifiedTableNames) - start
147838 [main] TRACE org.dbunit.database.DatabaseConfig  - getProperty(name=http://www.dbunit.org/features/qualifiedTableNames) - start
147838 [main] DEBUG org.dbunit.util.QualifiedTableName  - Qualified table names feature is disabled. Returning plain table name
147838 [main] DEBUG org.dbunit.util.QualifiedTableName  - getQualifiedName(prefix=null, name=USER, escapePattern=null) - start
147838 [main] DEBUG org.dbunit.util.QualifiedTableName  - getQualifiedNameIfEnabled(config=org.dbunit.database.DatabaseConfig[, _propertyMap={http://www.dbunit.org/properties/statementFactory=org.dbunit.database.statement.PreparedStatementFactory@626bc2b8, http://www.dbunit.org/features/caseSensitiveTableNames=false, http://www.dbunit.org/properties/fetchSize=100, http://www.dbunit.org/features/batchedStatements=false, http://www.dbunit.org/properties/metadataHandler=org.dbunit.database.DefaultMetadataHandler@3bbfdfde, http://www.dbunit.org/properties/datatypeFactory=org.dbunit.dataset.datatype.DefaultDataTypeFactory[_toleratedDeltaMap=org.dbunit.dataset.datatype.ToleratedDeltaMap@6452310a], http://www.dbunit.org/properties/escapePattern=null, http://www.dbunit.org/properties/batchSize=100, http://www.dbunit.org/features/qualifiedTableNames=false, http://www.dbunit.org/properties/tableType=[Ljava.lang.String;@5011bafa, http://www.dbunit.org/properties/resultSetTableFactory=org.dbunit.database.CachedResultSetTableFactory@10bcf083, http://www.dbunit.org/features/datatypeWarning=true}]) - start
147839 [main] TRACE org.dbunit.database.DatabaseConfig  - getFeature(name=http://www.dbunit.org/features/qualifiedTableNames) - start
147839 [main] TRACE org.dbunit.database.DatabaseConfig  - getProperty(name=http://www.dbunit.org/features/qualifiedTableNames) - start
147839 [main] DEBUG org.dbunit.util.QualifiedTableName  - Qualified table names feature is disabled. Returning plain table name
147839 [main] DEBUG org.dbunit.util.QualifiedTableName  - getQualifiedName(prefix=null, name=USERS_AUTHORITIES, escapePattern=null) - start
147839 [main] DEBUG org.dbunit.database.search.AbstractMetaDataBasedSearchCallback  - newEdge(rs=org.apache.commons.dbcp.DelegatingResultSet@44a69929, type=1, from=USER, to=USERS_AUTHORITIES, fkColumn=USER_ID, pkColumn=ID) - start
147839 [main] DEBUG org.dbunit.database.search.AbstractMetaDataBasedSearchCallback  - createFKEdge(rs=org.apache.commons.dbcp.DelegatingResultSet@44a69929, type=1, from=USER, to=USERS_AUTHORITIES, fkColumn=USER_ID, pkColumn=ID) - start
147839 [main] DEBUG org.dbunit.database.search.AbstractMetaDataBasedSearchCallback  - Adding edge USERS_AUTHORITIES(USER_ID)->USER(ID)
147839 [main] DEBUG org.dbunit.util.search.Edge  - compareTo(o=USERS_AUTHORITIES(USER_ID)->USER(ID)) - start
147839 [main] DEBUG org.dbunit.util.SQLHelper  - close(resultSet=org.apache.commons.dbcp.DelegatingResultSet@44a69929) - start
147839 [main] DEBUG org.dbunit.util.search.DepthFirstSearch  - search:USER
147839 [main] DEBUG org.dbunit.util.search.DepthFirstSearch  - already searched; returning true
147839 [main] DEBUG org.dbunit.util.search.DepthFirstSearch  - Adding node USER to the final result
147839 [main] DEBUG org.dbunit.database.search.TablesDependencyHelper  - getDirectDependentTables(connection=_databaseConfig=org.dbunit.database.DatabaseConfig[, _propertyMap={http://www.dbunit.org/properties/statementFactory=org.dbunit.database.statement.PreparedStatementFactory@626bc2b8, http://www.dbunit.org/features/caseSensitiveTableNames=false, http://www.dbunit.org/properties/fetchSize=100, http://www.dbunit.org/features/batchedStatements=false, http://www.dbunit.org/properties/metadataHandler=org.dbunit.database.DefaultMetadataHandler@3bbfdfde, http://www.dbunit.org/properties/datatypeFactory=org.dbunit.dataset.datatype.DefaultDataTypeFactory[_toleratedDeltaMap=org.dbunit.dataset.datatype.ToleratedDeltaMap@6452310a], http://www.dbunit.org/properties/escapePattern=null, http://www.dbunit.org/properties/batchSize=100, http://www.dbunit.org/features/qualifiedTableNames=false, http://www.dbunit.org/properties/tableType=[Ljava.lang.String;@5011bafa, http://www.dbunit.org/properties/resultSetTableFactory=org.dbunit.database.CachedResultSetTableFactory@10bcf083, http://www.dbunit.org/features/datatypeWarning=true}], _dataSet=AbstractDataSet[_orderedTableNameMap=null], tableName=USER) - start
147839 [main] DEBUG org.dbunit.util.search.DepthFirstSearch  - search(nodesFrom=[USER], callback=org.dbunit.database.search.ImportedKeysSearchCallback@d732e3) - start
147839 [main] DEBUG org.dbunit.util.CollectionsHelper  - objectsToSet(objects=USER) - start
147839 [main] DEBUG org.dbunit.util.search.DepthFirstSearch  - search(nodesFrom=[USER], callback=org.dbunit.database.search.ImportedKeysSearchCallback@d732e3) - start
147839 [main] DEBUG org.dbunit.util.search.DepthFirstSearch  - reverseSearch:USER
147839 [main] DEBUG org.dbunit.database.search.ImportedKeysSearchCallback  - searchNode(node=USER) - start
147839 [main] DEBUG org.dbunit.util.search.DepthFirstSearch  - Pushing (reverse) USER
147839 [main] DEBUG org.dbunit.database.search.ImportedKeysSearchCallback  - getEdges(node=USER) - start
147839 [main] DEBUG org.dbunit.database.search.AbstractMetaDataBasedSearchCallback  - getNodesFromImportedKeys(node=USER) - start
147839 [main] DEBUG org.dbunit.database.search.AbstractMetaDataBasedSearchCallback  - getNodes(type=0, node=USER) - start
147839 [main] DEBUG org.dbunit.database.DatabaseDataSourceConnection  - getConnection() - start
147839 [main] DEBUG org.dbunit.database.search.AbstractMetaDataBasedSearchCallback  - getNodes(type=0, node=USER, conn=Transaction-aware proxy for target Connection [jdbc:hsqldb:mem:kontrollDS, UserName=sw, HSQL Database Engine Driver], schema=null, metaData=org.apache.commons.dbcp.DelegatingDatabaseMetaData@304dd583, edges=[]) - start
147839 [main] DEBUG org.dbunit.database.search.AbstractMetaDataBasedSearchCallback  - Getting edges for node USER
147840 [main] TRACE org.dbunit.database.DatabaseConfig  - getProperty(name=http://www.dbunit.org/properties/metadataHandler) - start
147840 [main] TRACE org.dbunit.database.DefaultMetadataHandler  - tableExists(metaData=org.apache.commons.dbcp.DelegatingDatabaseMetaData@304dd583, schemaName=null, tableName=USER) - start
147841 [main] DEBUG org.dbunit.util.SQLHelper  - close(resultSet=org.apache.commons.dbcp.DelegatingResultSet@4d824162) - start
147841 [main] DEBUG org.dbunit.util.SQLHelper  - close(resultSet=org.apache.commons.dbcp.DelegatingResultSet@4c8dc2e4) - start
147841 [main] DEBUG org.dbunit.util.search.DepthFirstSearch  - search:USER
147841 [main] DEBUG org.dbunit.database.search.ImportedKeysSearchCallback  - searchNode(node=USER) - start
147841 [main] DEBUG org.dbunit.util.search.DepthFirstSearch  - Pushing USER
147841 [main] DEBUG org.dbunit.database.search.ImportedKeysSearchCallback  - getEdges(node=USER) - start
147841 [main] DEBUG org.dbunit.database.search.AbstractMetaDataBasedSearchCallback  - getNodesFromImportedKeys(node=USER) - start
147841 [main] DEBUG org.dbunit.database.search.AbstractMetaDataBasedSearchCallback  - getNodes(type=0, node=USER) - start
147841 [main] DEBUG org.dbunit.database.DatabaseDataSourceConnection  - getConnection() - start
147841 [main] DEBUG org.dbunit.database.search.AbstractMetaDataBasedSearchCallback  - getNodes(type=0, node=USER, conn=Transaction-aware proxy for target Connection [jdbc:hsqldb:mem:kontrollDS, UserName=sw, HSQL Database Engine Driver], schema=null, metaData=org.apache.commons.dbcp.DelegatingDatabaseMetaData@6ef62dff, edges=[]) - start
147841 [main] DEBUG org.dbunit.database.search.AbstractMetaDataBasedSearchCallback  - Getting edges for node USER
147842 [main] TRACE org.dbunit.database.DatabaseConfig  - getProperty(name=http://www.dbunit.org/properties/metadataHandler) - start
147842 [main] TRACE org.dbunit.database.DefaultMetadataHandler  - tableExists(metaData=org.apache.commons.dbcp.DelegatingDatabaseMetaData@6ef62dff, schemaName=null, tableName=USER) - start
147843 [main] DEBUG org.dbunit.util.SQLHelper  - close(resultSet=org.apache.commons.dbcp.DelegatingResultSet@2def8f7c) - start
147843 [main] DEBUG org.dbunit.util.SQLHelper  - close(resultSet=org.apache.commons.dbcp.DelegatingResultSet@3cbaff56) - start
147843 [main] DEBUG org.dbunit.util.search.DepthFirstSearch  - Adding node USER to the final result
147843 [main] DEBUG org.dbunit.database.DatabaseSequenceFilter  - getDependencyInfo(connection=_databaseConfig=org.dbunit.database.DatabaseConfig[, _propertyMap={http://www.dbunit.org/properties/statementFactory=org.dbunit.database.statement.PreparedStatementFactory@626bc2b8, http://www.dbunit.org/features/caseSensitiveTableNames=false, http://www.dbunit.org/properties/fetchSize=100, http://www.dbunit.org/features/batchedStatements=false, http://www.dbunit.org/properties/metadataHandler=org.dbunit.database.DefaultMetadataHandler@3bbfdfde, http://www.dbunit.org/properties/datatypeFactory=org.dbunit.dataset.datatype.DefaultDataTypeFactory[_toleratedDeltaMap=org.dbunit.dataset.datatype.ToleratedDeltaMap@6452310a], http://www.dbunit.org/properties/escapePattern=null, http://www.dbunit.org/properties/batchSize=100, http://www.dbunit.org/features/qualifiedTableNames=false, http://www.dbunit.org/properties/tableType=[Ljava.lang.String;@5011bafa, http://www.dbunit.org/properties/resultSetTableFactory=org.dbunit.database.CachedResultSetTableFactory@10bcf083, http://www.dbunit.org/features/datatypeWarning=true}], _dataSet=AbstractDataSet[_orderedTableNameMap=null], tableName=USERS_AUTHORITIES) - start
147843 [main] DEBUG org.dbunit.database.search.TablesDependencyHelper  - getDependentTables(connection=_databaseConfig=org.dbunit.database.DatabaseConfig[, _propertyMap={http://www.dbunit.org/properties/statementFactory=org.dbunit.database.statement.PreparedStatementFactory@626bc2b8, http://www.dbunit.org/features/caseSensitiveTableNames=false, http://www.dbunit.org/properties/fetchSize=100, http://www.dbunit.org/features/batchedStatements=false, http://www.dbunit.org/properties/metadataHandler=org.dbunit.database.DefaultMetadataHandler@3bbfdfde, http://www.dbunit.org/properties/datatypeFactory=org.dbunit.dataset.datatype.DefaultDataTypeFactory[_toleratedDeltaMap=org.dbunit.dataset.datatype.ToleratedDeltaMap@6452310a], http://www.dbunit.org/properties/escapePattern=null, http://www.dbunit.org/properties/batchSize=100, http://www.dbunit.org/features/qualifiedTableNames=false, http://www.dbunit.org/properties/tableType=[Ljava.lang.String;@5011bafa, http://www.dbunit.org/properties/resultSetTableFactory=org.dbunit.database.CachedResultSetTableFactory@10bcf083, http://www.dbunit.org/features/datatypeWarning=true}], _dataSet=AbstractDataSet[_orderedTableNameMap=null], rootTable=USERS_AUTHORITIES) - start
147844 [main] DEBUG org.dbunit.database.search.TablesDependencyHelper  - getDependentTables(connection=_databaseConfig=org.dbunit.database.DatabaseConfig[, _propertyMap={http://www.dbunit.org/properties/statementFactory=org.dbunit.database.statement.PreparedStatementFactory@626bc2b8, http://www.dbunit.org/features/caseSensitiveTableNames=false, http://www.dbunit.org/properties/fetchSize=100, http://www.dbunit.org/features/batchedStatements=false, http://www.dbunit.org/properties/metadataHandler=org.dbunit.database.DefaultMetadataHandler@3bbfdfde, http://www.dbunit.org/properties/datatypeFactory=org.dbunit.dataset.datatype.DefaultDataTypeFactory[_toleratedDeltaMap=org.dbunit.dataset.datatype.ToleratedDeltaMap@6452310a], http://www.dbunit.org/properties/escapePattern=null, http://www.dbunit.org/properties/batchSize=100, http://www.dbunit.org/features/qualifiedTableNames=false, http://www.dbunit.org/properties/tableType=[Ljava.lang.String;@5011bafa, http://www.dbunit.org/properties/resultSetTableFactory=org.dbunit.database.CachedResultSetTableFactory@10bcf083, http://www.dbunit.org/features/datatypeWarning=true}], _dataSet=AbstractDataSet[_orderedTableNameMap=null], rootTables=[USERS_AUTHORITIES]) - start
147844 [main] DEBUG org.dbunit.util.search.DepthFirstSearch  - search(nodesFrom=[USERS_AUTHORITIES], callback=org.dbunit.database.search.ImportedKeysSearchCallback@63c4e07a) - start
147844 [main] DEBUG org.dbunit.util.CollectionsHelper  - objectsToSet(objects=USERS_AUTHORITIES) - start
147844 [main] DEBUG org.dbunit.util.search.DepthFirstSearch  - search(nodesFrom=[USERS_AUTHORITIES], callback=org.dbunit.database.search.ImportedKeysSearchCallback@63c4e07a) - start
147844 [main] DEBUG org.dbunit.util.search.DepthFirstSearch  - reverseSearch:USERS_AUTHORITIES
147844 [main] DEBUG org.dbunit.database.search.ImportedKeysSearchCallback  - searchNode(node=USERS_AUTHORITIES) - start
147844 [main] DEBUG org.dbunit.util.search.DepthFirstSearch  - Pushing (reverse) USERS_AUTHORITIES
147844 [main] DEBUG org.dbunit.database.search.ImportedKeysSearchCallback  - getEdges(node=USERS_AUTHORITIES) - start
147844 [main] DEBUG org.dbunit.database.search.AbstractMetaDataBasedSearchCallback  - getNodesFromImportedKeys(node=USERS_AUTHORITIES) - start
147844 [main] DEBUG org.dbunit.database.search.AbstractMetaDataBasedSearchCallback  - getNodes(type=0, node=USERS_AUTHORITIES) - start
147844 [main] DEBUG org.dbunit.database.DatabaseDataSourceConnection  - getConnection() - start
147845 [main] DEBUG org.dbunit.database.search.AbstractMetaDataBasedSearchCallback  - getNodes(type=0, node=USERS_AUTHORITIES, conn=Transaction-aware proxy for target Connection [jdbc:hsqldb:mem:kontrollDS, UserName=sw, HSQL Database Engine Driver], schema=null, metaData=org.apache.commons.dbcp.DelegatingDatabaseMetaData@126d9cc2, edges=[]) - start
147845 [main] DEBUG org.dbunit.database.search.AbstractMetaDataBasedSearchCallback  - Getting edges for node USERS_AUTHORITIES
147845 [main] TRACE org.dbunit.database.DatabaseConfig  - getProperty(name=http://www.dbunit.org/properties/metadataHandler) - start
147845 [main] TRACE org.dbunit.database.DefaultMetadataHandler  - tableExists(metaData=org.apache.commons.dbcp.DelegatingDatabaseMetaData@126d9cc2, schemaName=null, tableName=USERS_AUTHORITIES) - start
147846 [main] DEBUG org.dbunit.util.SQLHelper  - close(resultSet=org.apache.commons.dbcp.DelegatingResultSet@5b4d11f8) - start
147846 [main] DEBUG org.dbunit.util.QualifiedTableName  - getQualifiedNameIfEnabled(config=org.dbunit.database.DatabaseConfig[, _propertyMap={http://www.dbunit.org/properties/statementFactory=org.dbunit.database.statement.PreparedStatementFactory@626bc2b8, http://www.dbunit.org/features/caseSensitiveTableNames=false, http://www.dbunit.org/properties/fetchSize=100, http://www.dbunit.org/features/batchedStatements=false, http://www.dbunit.org/properties/metadataHandler=org.dbunit.database.DefaultMetadataHandler@3bbfdfde, http://www.dbunit.org/properties/datatypeFactory=org.dbunit.dataset.datatype.DefaultDataTypeFactory[_toleratedDeltaMap=org.dbunit.dataset.datatype.ToleratedDeltaMap@6452310a], http://www.dbunit.org/properties/escapePattern=null, http://www.dbunit.org/properties/batchSize=100, http://www.dbunit.org/features/qualifiedTableNames=false, http://www.dbunit.org/properties/tableType=[Ljava.lang.String;@5011bafa, http://www.dbunit.org/properties/resultSetTableFactory=org.dbunit.database.CachedResultSetTableFactory@10bcf083, http://www.dbunit.org/features/datatypeWarning=true}]) - start
147847 [main] TRACE org.dbunit.database.DatabaseConfig  - getFeature(name=http://www.dbunit.org/features/qualifiedTableNames) - start
147847 [main] TRACE org.dbunit.database.DatabaseConfig  - getProperty(name=http://www.dbunit.org/features/qualifiedTableNames) - start
147847 [main] DEBUG org.dbunit.util.QualifiedTableName  - Qualified table names feature is disabled. Returning plain table name
147847 [main] DEBUG org.dbunit.util.QualifiedTableName  - getQualifiedName(prefix=null, name=USERS_AUTHORITIES, escapePattern=null) - start
147847 [main] DEBUG org.dbunit.util.QualifiedTableName  - getQualifiedNameIfEnabled(config=org.dbunit.database.DatabaseConfig[, _propertyMap={http://www.dbunit.org/properties/statementFactory=org.dbunit.database.statement.PreparedStatementFactory@626bc2b8, http://www.dbunit.org/features/caseSensitiveTableNames=false, http://www.dbunit.org/properties/fetchSize=100, http://www.dbunit.org/features/batchedStatements=false, http://www.dbunit.org/properties/metadataHandler=org.dbunit.database.DefaultMetadataHandler@3bbfdfde, http://www.dbunit.org/properties/datatypeFactory=org.dbunit.dataset.datatype.DefaultDataTypeFactory[_toleratedDeltaMap=org.dbunit.dataset.datatype.ToleratedDeltaMap@6452310a], http://www.dbunit.org/properties/escapePattern=null, http://www.dbunit.org/properties/batchSize=100, http://www.dbunit.org/features/qualifiedTableNames=false, http://www.dbunit.org/properties/tableType=[Ljava.lang.String;@5011bafa, http://www.dbunit.org/properties/resultSetTableFactory=org.dbunit.database.CachedResultSetTableFactory@10bcf083, http://www.dbunit.org/features/datatypeWarning=true}]) - start
147847 [main] TRACE org.dbunit.database.DatabaseConfig  - getFeature(name=http://www.dbunit.org/features/qualifiedTableNames) - start
147847 [main] TRACE org.dbunit.database.DatabaseConfig  - getProperty(name=http://www.dbunit.org/features/qualifiedTableNames) - start
147847 [main] DEBUG org.dbunit.util.QualifiedTableName  - Qualified table names feature is disabled. Returning plain table name
147847 [main] DEBUG org.dbunit.util.QualifiedTableName  - getQualifiedName(prefix=null, name=AUTHORITY, escapePattern=null) - start
147847 [main] DEBUG org.dbunit.database.search.AbstractMetaDataBasedSearchCallback  - newEdge(rs=org.apache.commons.dbcp.DelegatingResultSet@7af28b9b, type=0, from=USERS_AUTHORITIES, to=AUTHORITY, fkColumn=AUTHORITY_ID, pkColumn=ID) - start
147847 [main] DEBUG org.dbunit.database.search.AbstractMetaDataBasedSearchCallback  - createFKEdge(rs=org.apache.commons.dbcp.DelegatingResultSet@7af28b9b, type=0, from=USERS_AUTHORITIES, to=AUTHORITY, fkColumn=AUTHORITY_ID, pkColumn=ID) - start
147848 [main] DEBUG org.dbunit.database.search.AbstractMetaDataBasedSearchCallback  - Adding edge USERS_AUTHORITIES(AUTHORITY_ID)->AUTHORITY(ID)
147848 [main] DEBUG org.dbunit.util.search.Edge  - compareTo(o=USERS_AUTHORITIES(AUTHORITY_ID)->AUTHORITY(ID)) - start
147848 [main] DEBUG org.dbunit.util.QualifiedTableName  - getQualifiedNameIfEnabled(config=org.dbunit.database.DatabaseConfig[, _propertyMap={http://www.dbunit.org/properties/statementFactory=org.dbunit.database.statement.PreparedStatementFactory@626bc2b8, http://www.dbunit.org/features/caseSensitiveTableNames=false, http://www.dbunit.org/properties/fetchSize=100, http://www.dbunit.org/features/batchedStatements=false, http://www.dbunit.org/properties/metadataHandler=org.dbunit.database.DefaultMetadataHandler@3bbfdfde, http://www.dbunit.org/properties/datatypeFactory=org.dbunit.dataset.datatype.DefaultDataTypeFactory[_toleratedDeltaMap=org.dbunit.dataset.datatype.ToleratedDeltaMap@6452310a], http://www.dbunit.org/properties/escapePattern=null, http://www.dbunit.org/properties/batchSize=100, http://www.dbunit.org/features/qualifiedTableNames=false, http://www.dbunit.org/properties/tableType=[Ljava.lang.String;@5011bafa, http://www.dbunit.org/properties/resultSetTableFactory=org.dbunit.database.CachedResultSetTableFactory@10bcf083, http://www.dbunit.org/features/datatypeWarning=true}]) - start
147848 [main] TRACE org.dbunit.database.DatabaseConfig  - getFeature(name=http://www.dbunit.org/features/qualifiedTableNames) - start
147848 [main] TRACE org.dbunit.database.DatabaseConfig  - getProperty(name=http://www.dbunit.org/features/qualifiedTableNames) - start
147848 [main] DEBUG org.dbunit.util.QualifiedTableName  - Qualified table names feature is disabled. Returning plain table name
147848 [main] DEBUG org.dbunit.util.QualifiedTableName  - getQualifiedName(prefix=null, name=USERS_AUTHORITIES, escapePattern=null) - start
147848 [main] DEBUG org.dbunit.util.QualifiedTableName  - getQualifiedNameIfEnabled(config=org.dbunit.database.DatabaseConfig[, _propertyMap={http://www.dbunit.org/properties/statementFactory=org.dbunit.database.statement.PreparedStatementFactory@626bc2b8, http://www.dbunit.org/features/caseSensitiveTableNames=false, http://www.dbunit.org/properties/fetchSize=100, http://www.dbunit.org/features/batchedStatements=false, http://www.dbunit.org/properties/metadataHandler=org.dbunit.database.DefaultMetadataHandler@3bbfdfde, http://www.dbunit.org/properties/datatypeFactory=org.dbunit.dataset.datatype.DefaultDataTypeFactory[_toleratedDeltaMap=org.dbunit.dataset.datatype.ToleratedDeltaMap@6452310a], http://www.dbunit.org/properties/escapePattern=null, http://www.dbunit.org/properties/batchSize=100, http://www.dbunit.org/features/qualifiedTableNames=false, http://www.dbunit.org/properties/tableType=[Ljava.lang.String;@5011bafa, http://www.dbunit.org/properties/resultSetTableFactory=org.dbunit.database.CachedResultSetTableFactory@10bcf083, http://www.dbunit.org/features/datatypeWarning=true}]) - start
147848 [main] TRACE org.dbunit.database.DatabaseConfig  - getFeature(name=http://www.dbunit.org/features/qualifiedTableNames) - start
147848 [main] TRACE org.dbunit.database.DatabaseConfig  - getProperty(name=http://www.dbunit.org/features/qualifiedTableNames) - start
147848 [main] DEBUG org.dbunit.util.QualifiedTableName  - Qualified table names feature is disabled. Returning plain table name
147848 [main] DEBUG org.dbunit.util.QualifiedTableName  - getQualifiedName(prefix=null, name=USER, escapePattern=null) - start
147849 [main] DEBUG org.dbunit.database.search.AbstractMetaDataBasedSearchCallback  - newEdge(rs=org.apache.commons.dbcp.DelegatingResultSet@7af28b9b, type=0, from=USERS_AUTHORITIES, to=USER, fkColumn=USER_ID, pkColumn=ID) - start
147849 [main] DEBUG org.dbunit.database.search.AbstractMetaDataBasedSearchCallback  - createFKEdge(rs=org.apache.commons.dbcp.DelegatingResultSet@7af28b9b, type=0, from=USERS_AUTHORITIES, to=USER, fkColumn=USER_ID, pkColumn=ID) - start
147849 [main] DEBUG org.dbunit.database.search.AbstractMetaDataBasedSearchCallback  - Adding edge USERS_AUTHORITIES(USER_ID)->USER(ID)
147849 [main] DEBUG org.dbunit.util.search.Edge  - compareTo(o=USERS_AUTHORITIES(AUTHORITY_ID)->AUTHORITY(ID)) - start
147849 [main] DEBUG org.dbunit.util.SQLHelper  - close(resultSet=org.apache.commons.dbcp.DelegatingResultSet@7af28b9b) - start
147849 [main] DEBUG org.dbunit.util.search.DepthFirstSearch  - search:USERS_AUTHORITIES
147849 [main] DEBUG org.dbunit.database.search.ImportedKeysSearchCallback  - searchNode(node=USERS_AUTHORITIES) - start
147849 [main] DEBUG org.dbunit.util.search.DepthFirstSearch  - Pushing USERS_AUTHORITIES
147849 [main] DEBUG org.dbunit.database.search.ImportedKeysSearchCallback  - getEdges(node=USERS_AUTHORITIES) - start
147849 [main] DEBUG org.dbunit.database.search.AbstractMetaDataBasedSearchCallback  - getNodesFromImportedKeys(node=USERS_AUTHORITIES) - start
147849 [main] DEBUG org.dbunit.database.search.AbstractMetaDataBasedSearchCallback  - getNodes(type=0, node=USERS_AUTHORITIES) - start
147850 [main] DEBUG org.dbunit.database.DatabaseDataSourceConnection  - getConnection() - start
147850 [main] DEBUG org.dbunit.database.search.AbstractMetaDataBasedSearchCallback  - getNodes(type=0, node=USERS_AUTHORITIES, conn=Transaction-aware proxy for target Connection [jdbc:hsqldb:mem:kontrollDS, UserName=sw, HSQL Database Engine Driver], schema=null, metaData=org.apache.commons.dbcp.DelegatingDatabaseMetaData@49abac2c, edges=[]) - start
147850 [main] DEBUG org.dbunit.database.search.AbstractMetaDataBasedSearchCallback  - Getting edges for node USERS_AUTHORITIES
147850 [main] TRACE org.dbunit.database.DatabaseConfig  - getProperty(name=http://www.dbunit.org/properties/metadataHandler) - start
147850 [main] TRACE org.dbunit.database.DefaultMetadataHandler  - tableExists(metaData=org.apache.commons.dbcp.DelegatingDatabaseMetaData@49abac2c, schemaName=null, tableName=USERS_AUTHORITIES) - start
147851 [main] DEBUG org.dbunit.util.SQLHelper  - close(resultSet=org.apache.commons.dbcp.DelegatingResultSet@7617cfe1) - start
147851 [main] DEBUG org.dbunit.util.QualifiedTableName  - getQualifiedNameIfEnabled(config=org.dbunit.database.DatabaseConfig[, _propertyMap={http://www.dbunit.org/properties/statementFactory=org.dbunit.database.statement.PreparedStatementFactory@626bc2b8, http://www.dbunit.org/features/caseSensitiveTableNames=false, http://www.dbunit.org/properties/fetchSize=100, http://www.dbunit.org/features/batchedStatements=false, http://www.dbunit.org/properties/metadataHandler=org.dbunit.database.DefaultMetadataHandler@3bbfdfde, http://www.dbunit.org/properties/datatypeFactory=org.dbunit.dataset.datatype.DefaultDataTypeFactory[_toleratedDeltaMap=org.dbunit.dataset.datatype.ToleratedDeltaMap@6452310a], http://www.dbunit.org/properties/escapePattern=null, http://www.dbunit.org/properties/batchSize=100, http://www.dbunit.org/features/qualifiedTableNames=false, http://www.dbunit.org/properties/tableType=[Ljava.lang.String;@5011bafa, http://www.dbunit.org/properties/resultSetTableFactory=org.dbunit.database.CachedResultSetTableFactory@10bcf083, http://www.dbunit.org/features/datatypeWarning=true}]) - start
147852 [main] TRACE org.dbunit.database.DatabaseConfig  - getFeature(name=http://www.dbunit.org/features/qualifiedTableNames) - start
147852 [main] TRACE org.dbunit.database.DatabaseConfig  - getProperty(name=http://www.dbunit.org/features/qualifiedTableNames) - start
147852 [main] DEBUG org.dbunit.util.QualifiedTableName  - Qualified table names feature is disabled. Returning plain table name
147852 [main] DEBUG org.dbunit.util.QualifiedTableName  - getQualifiedName(prefix=null, name=USERS_AUTHORITIES, escapePattern=null) - start
147852 [main] DEBUG org.dbunit.util.QualifiedTableName  - getQualifiedNameIfEnabled(config=org.dbunit.database.DatabaseConfig[, _propertyMap={http://www.dbunit.org/properties/statementFactory=org.dbunit.database.statement.PreparedStatementFactory@626bc2b8, http://www.dbunit.org/features/caseSensitiveTableNames=false, http://www.dbunit.org/properties/fetchSize=100, http://www.dbunit.org/features/batchedStatements=false, http://www.dbunit.org/properties/metadataHandler=org.dbunit.database.DefaultMetadataHandler@3bbfdfde, http://www.dbunit.org/properties/datatypeFactory=org.dbunit.dataset.datatype.DefaultDataTypeFactory[_toleratedDeltaMap=org.dbunit.dataset.datatype.ToleratedDeltaMap@6452310a], http://www.dbunit.org/properties/escapePattern=null, http://www.dbunit.org/properties/batchSize=100, http://www.dbunit.org/features/qualifiedTableNames=false, http://www.dbunit.org/properties/tableType=[Ljava.lang.String;@5011bafa, http://www.dbunit.org/properties/resultSetTableFactory=org.dbunit.database.CachedResultSetTableFactory@10bcf083, http://www.dbunit.org/features/datatypeWarning=true}]) - start
147852 [main] TRACE org.dbunit.database.DatabaseConfig  - getFeature(name=http://www.dbunit.org/features/qualifiedTableNames) - start
147852 [main] TRACE org.dbunit.database.DatabaseConfig  - getProperty(name=http://www.dbunit.org/features/qualifiedTableNames) - start
147852 [main] DEBUG org.dbunit.util.QualifiedTableName  - Qualified table names feature is disabled. Returning plain table name
147852 [main] DEBUG org.dbunit.util.QualifiedTableName  - getQualifiedName(prefix=null, name=AUTHORITY, escapePattern=null) - start
147852 [main] DEBUG org.dbunit.database.search.AbstractMetaDataBasedSearchCallback  - newEdge(rs=org.apache.commons.dbcp.DelegatingResultSet@77224cfd, type=0, from=USERS_AUTHORITIES, to=AUTHORITY, fkColumn=AUTHORITY_ID, pkColumn=ID) - start
147852 [main] DEBUG org.dbunit.database.search.AbstractMetaDataBasedSearchCallback  - createFKEdge(rs=org.apache.commons.dbcp.DelegatingResultSet@77224cfd, type=0, from=USERS_AUTHORITIES, to=AUTHORITY, fkColumn=AUTHORITY_ID, pkColumn=ID) - start
147852 [main] DEBUG org.dbunit.database.search.AbstractMetaDataBasedSearchCallback  - Adding edge USERS_AUTHORITIES(AUTHORITY_ID)->AUTHORITY(ID)
147852 [main] DEBUG org.dbunit.util.search.Edge  - compareTo(o=USERS_AUTHORITIES(AUTHORITY_ID)->AUTHORITY(ID)) - start
147853 [main] DEBUG org.dbunit.util.QualifiedTableName  - getQualifiedNameIfEnabled(config=org.dbunit.database.DatabaseConfig[, _propertyMap={http://www.dbunit.org/properties/statementFactory=org.dbunit.database.statement.PreparedStatementFactory@626bc2b8, http://www.dbunit.org/features/caseSensitiveTableNames=false, http://www.dbunit.org/properties/fetchSize=100, http://www.dbunit.org/features/batchedStatements=false, http://www.dbunit.org/properties/metadataHandler=org.dbunit.database.DefaultMetadataHandler@3bbfdfde, http://www.dbunit.org/properties/datatypeFactory=org.dbunit.dataset.datatype.DefaultDataTypeFactory[_toleratedDeltaMap=org.dbunit.dataset.datatype.ToleratedDeltaMap@6452310a], http://www.dbunit.org/properties/escapePattern=null, http://www.dbunit.org/properties/batchSize=100, http://www.dbunit.org/features/qualifiedTableNames=false, http://www.dbunit.org/properties/tableType=[Ljava.lang.String;@5011bafa, http://www.dbunit.org/properties/resultSetTableFactory=org.dbunit.database.CachedResultSetTableFactory@10bcf083, http://www.dbunit.org/features/datatypeWarning=true}]) - start
147853 [main] TRACE org.dbunit.database.DatabaseConfig  - getFeature(name=http://www.dbunit.org/features/qualifiedTableNames) - start
147853 [main] TRACE org.dbunit.database.DatabaseConfig  - getProperty(name=http://www.dbunit.org/features/qualifiedTableNames) - start
147853 [main] DEBUG org.dbunit.util.QualifiedTableName  - Qualified table names feature is disabled. Returning plain table name
147853 [main] DEBUG org.dbunit.util.QualifiedTableName  - getQualifiedName(prefix=null, name=USERS_AUTHORITIES, escapePattern=null) - start
147853 [main] DEBUG org.dbunit.util.QualifiedTableName  - getQualifiedNameIfEnabled(config=org.dbunit.database.DatabaseConfig[, _propertyMap={http://www.dbunit.org/properties/statementFactory=org.dbunit.database.statement.PreparedStatementFactory@626bc2b8, http://www.dbunit.org/features/caseSensitiveTableNames=false, http://www.dbunit.org/properties/fetchSize=100, http://www.dbunit.org/features/batchedStatements=false, http://www.dbunit.org/properties/metadataHandler=org.dbunit.database.DefaultMetadataHandler@3bbfdfde, http://www.dbunit.org/properties/datatypeFactory=org.dbunit.dataset.datatype.DefaultDataTypeFactory[_toleratedDeltaMap=org.dbunit.dataset.datatype.ToleratedDeltaMap@6452310a], http://www.dbunit.org/properties/escapePattern=null, http://www.dbunit.org/properties/batchSize=100, http://www.dbunit.org/features/qualifiedTableNames=false, http://www.dbunit.org/properties/tableType=[Ljava.lang.String;@5011bafa, http://www.dbunit.org/properties/resultSetTableFactory=org.dbunit.database.CachedResultSetTableFactory@10bcf083, http://www.dbunit.org/features/datatypeWarning=true}]) - start
147853 [main] TRACE org.dbunit.database.DatabaseConfig  - getFeature(name=http://www.dbunit.org/features/qualifiedTableNames) - start
147853 [main] TRACE org.dbunit.database.DatabaseConfig  - getProperty(name=http://www.dbunit.org/features/qualifiedTableNames) - start
147853 [main] DEBUG org.dbunit.util.QualifiedTableName  - Qualified table names feature is disabled. Returning plain table name
147853 [main] DEBUG org.dbunit.util.QualifiedTableName  - getQualifiedName(prefix=null, name=USER, escapePattern=null) - start
147853 [main] DEBUG org.dbunit.database.search.AbstractMetaDataBasedSearchCallback  - newEdge(rs=org.apache.commons.dbcp.DelegatingResultSet@77224cfd, type=0, from=USERS_AUTHORITIES, to=USER, fkColumn=USER_ID, pkColumn=ID) - start
147854 [main] DEBUG org.dbunit.database.search.AbstractMetaDataBasedSearchCallback  - createFKEdge(rs=org.apache.commons.dbcp.DelegatingResultSet@77224cfd, type=0, from=USERS_AUTHORITIES, to=USER, fkColumn=USER_ID, pkColumn=ID) - start
147854 [main] DEBUG org.dbunit.database.search.AbstractMetaDataBasedSearchCallback  - Adding edge USERS_AUTHORITIES(USER_ID)->USER(ID)
147854 [main] DEBUG org.dbunit.util.search.Edge  - compareTo(o=USERS_AUTHORITIES(AUTHORITY_ID)->AUTHORITY(ID)) - start
147854 [main] DEBUG org.dbunit.util.SQLHelper  - close(resultSet=org.apache.commons.dbcp.DelegatingResultSet@77224cfd) - start
147854 [main] DEBUG org.dbunit.util.search.DepthFirstSearch  - search:AUTHORITY
147854 [main] DEBUG org.dbunit.database.search.ImportedKeysSearchCallback  - searchNode(node=AUTHORITY) - start
147854 [main] DEBUG org.dbunit.util.search.DepthFirstSearch  - Pushing AUTHORITY
147854 [main] DEBUG org.dbunit.database.search.ImportedKeysSearchCallback  - getEdges(node=AUTHORITY) - start
147854 [main] DEBUG org.dbunit.database.search.AbstractMetaDataBasedSearchCallback  - getNodesFromImportedKeys(node=AUTHORITY) - start
147854 [main] DEBUG org.dbunit.database.search.AbstractMetaDataBasedSearchCallback  - getNodes(type=0, node=AUTHORITY) - start
147854 [main] DEBUG org.dbunit.database.DatabaseDataSourceConnection  - getConnection() - start
147854 [main] DEBUG org.dbunit.database.search.AbstractMetaDataBasedSearchCallback  - getNodes(type=0, node=AUTHORITY, conn=Transaction-aware proxy for target Connection [jdbc:hsqldb:mem:kontrollDS, UserName=sw, HSQL Database Engine Driver], schema=null, metaData=org.apache.commons.dbcp.DelegatingDatabaseMetaData@6cecb325, edges=[]) - start
147855 [main] DEBUG org.dbunit.database.search.AbstractMetaDataBasedSearchCallback  - Getting edges for node AUTHORITY
147855 [main] TRACE org.dbunit.database.DatabaseConfig  - getProperty(name=http://www.dbunit.org/properties/metadataHandler) - start
147855 [main] TRACE org.dbunit.database.DefaultMetadataHandler  - tableExists(metaData=org.apache.commons.dbcp.DelegatingDatabaseMetaData@6cecb325, schemaName=null, tableName=AUTHORITY) - start
147856 [main] DEBUG org.dbunit.util.SQLHelper  - close(resultSet=org.apache.commons.dbcp.DelegatingResultSet@4aacec1d) - start
147856 [main] DEBUG org.dbunit.util.SQLHelper  - close(resultSet=org.apache.commons.dbcp.DelegatingResultSet@3459724e) - start
147856 [main] DEBUG org.dbunit.util.search.DepthFirstSearch  - Adding node AUTHORITY to the final result
147856 [main] DEBUG org.dbunit.util.search.DepthFirstSearch  - search:USER
147856 [main] DEBUG org.dbunit.database.search.ImportedKeysSearchCallback  - searchNode(node=USER) - start
147856 [main] DEBUG org.dbunit.util.search.DepthFirstSearch  - Pushing USER
147857 [main] DEBUG org.dbunit.database.search.ImportedKeysSearchCallback  - getEdges(node=USER) - start
147857 [main] DEBUG org.dbunit.database.search.AbstractMetaDataBasedSearchCallback  - getNodesFromImportedKeys(node=USER) - start
147857 [main] DEBUG org.dbunit.database.search.AbstractMetaDataBasedSearchCallback  - getNodes(type=0, node=USER) - start
147857 [main] DEBUG org.dbunit.database.DatabaseDataSourceConnection  - getConnection() - start
147857 [main] DEBUG org.dbunit.database.search.AbstractMetaDataBasedSearchCallback  - getNodes(type=0, node=USER, conn=Transaction-aware proxy for target Connection [jdbc:hsqldb:mem:kontrollDS, UserName=sw, HSQL Database Engine Driver], schema=null, metaData=org.apache.commons.dbcp.DelegatingDatabaseMetaData@5c5f79bb, edges=[]) - start
147857 [main] DEBUG org.dbunit.database.search.AbstractMetaDataBasedSearchCallback  - Getting edges for node USER
147857 [main] TRACE org.dbunit.database.DatabaseConfig  - getProperty(name=http://www.dbunit.org/properties/metadataHandler) - start
147857 [main] TRACE org.dbunit.database.DefaultMetadataHandler  - tableExists(metaData=org.apache.commons.dbcp.DelegatingDatabaseMetaData@5c5f79bb, schemaName=null, tableName=USER) - start
147858 [main] DEBUG org.dbunit.util.SQLHelper  - close(resultSet=org.apache.commons.dbcp.DelegatingResultSet@15ee806b) - start
147858 [main] DEBUG org.dbunit.util.SQLHelper  - close(resultSet=org.apache.commons.dbcp.DelegatingResultSet@3af3a7a0) - start
147858 [main] DEBUG org.dbunit.util.search.DepthFirstSearch  - Adding node USER to the final result
147859 [main] DEBUG org.dbunit.util.search.DepthFirstSearch  - Adding node USERS_AUTHORITIES to the final result
147859 [main] DEBUG org.dbunit.util.search.DepthFirstSearch  - reverseSearch:AUTHORITY
147859 [main] DEBUG org.dbunit.database.search.ImportedKeysSearchCallback  - searchNode(node=AUTHORITY) - start
147859 [main] DEBUG org.dbunit.util.search.DepthFirstSearch  - Pushing (reverse) AUTHORITY
147859 [main] DEBUG org.dbunit.database.search.ImportedKeysSearchCallback  - getEdges(node=AUTHORITY) - start
147859 [main] DEBUG org.dbunit.database.search.AbstractMetaDataBasedSearchCallback  - getNodesFromImportedKeys(node=AUTHORITY) - start
147859 [main] DEBUG org.dbunit.database.search.AbstractMetaDataBasedSearchCallback  - getNodes(type=0, node=AUTHORITY) - start
147859 [main] DEBUG org.dbunit.database.DatabaseDataSourceConnection  - getConnection() - start
147859 [main] DEBUG org.dbunit.database.search.AbstractMetaDataBasedSearchCallback  - getNodes(type=0, node=AUTHORITY, conn=Transaction-aware proxy for target Connection [jdbc:hsqldb:mem:kontrollDS, UserName=sw, HSQL Database Engine Driver], schema=null, metaData=org.apache.commons.dbcp.DelegatingDatabaseMetaData@5282179c, edges=[]) - start
147859 [main] DEBUG org.dbunit.database.search.AbstractMetaDataBasedSearchCallback  - Getting edges for node AUTHORITY
147859 [main] TRACE org.dbunit.database.DatabaseConfig  - getProperty(name=http://www.dbunit.org/properties/metadataHandler) - start
147859 [main] TRACE org.dbunit.database.DefaultMetadataHandler  - tableExists(metaData=org.apache.commons.dbcp.DelegatingDatabaseMetaData@5282179c, schemaName=null, tableName=AUTHORITY) - start
147861 [main] DEBUG org.dbunit.util.SQLHelper  - close(resultSet=org.apache.commons.dbcp.DelegatingResultSet@2d13ec4d) - start
147861 [main] DEBUG org.dbunit.util.SQLHelper  - close(resultSet=org.apache.commons.dbcp.DelegatingResultSet@5196d617) - start
147861 [main] DEBUG org.dbunit.util.search.DepthFirstSearch  - reverseSearch:USERS_AUTHORITIES
147861 [main] DEBUG org.dbunit.util.search.DepthFirstSearch  - already searched; returning true
147861 [main] DEBUG org.dbunit.util.search.DepthFirstSearch  - reverseSearch:USER
147861 [main] DEBUG org.dbunit.database.search.ImportedKeysSearchCallback  - searchNode(node=USER) - start
147861 [main] DEBUG org.dbunit.util.search.DepthFirstSearch  - Pushing (reverse) USER
147861 [main] DEBUG org.dbunit.database.search.ImportedKeysSearchCallback  - getEdges(node=USER) - start
147861 [main] DEBUG org.dbunit.database.search.AbstractMetaDataBasedSearchCallback  - getNodesFromImportedKeys(node=USER) - start
147861 [main] DEBUG org.dbunit.database.search.AbstractMetaDataBasedSearchCallback  - getNodes(type=0, node=USER) - start
147861 [main] DEBUG org.dbunit.database.DatabaseDataSourceConnection  - getConnection() - start
147861 [main] DEBUG org.dbunit.database.search.AbstractMetaDataBasedSearchCallback  - getNodes(type=0, node=USER, conn=Transaction-aware proxy for target Connection [jdbc:hsqldb:mem:kontrollDS, UserName=sw, HSQL Database Engine Driver], schema=null, metaData=org.apache.commons.dbcp.DelegatingDatabaseMetaData@5c1a9da, edges=[]) - start
147861 [main] DEBUG org.dbunit.database.search.AbstractMetaDataBasedSearchCallback  - Getting edges for node USER
147861 [main] TRACE org.dbunit.database.DatabaseConfig  - getProperty(name=http://www.dbunit.org/properties/metadataHandler) - start
147861 [main] TRACE org.dbunit.database.DefaultMetadataHandler  - tableExists(metaData=org.apache.commons.dbcp.DelegatingDatabaseMetaData@5c1a9da, schemaName=null, tableName=USER) - start
147862 [main] DEBUG org.dbunit.util.SQLHelper  - close(resultSet=org.apache.commons.dbcp.DelegatingResultSet@68ca21e3) - start
147862 [main] DEBUG org.dbunit.util.SQLHelper  - close(resultSet=org.apache.commons.dbcp.DelegatingResultSet@381fb21) - start
147862 [main] DEBUG org.dbunit.util.search.DepthFirstSearch  - search:USERS_AUTHORITIES
147862 [main] DEBUG org.dbunit.util.search.DepthFirstSearch  - already searched; returning true
147862 [main] DEBUG org.dbunit.util.search.DepthFirstSearch  - search:AUTHORITY
147862 [main] DEBUG org.dbunit.util.search.DepthFirstSearch  - already searched; returning true
147862 [main] DEBUG org.dbunit.util.search.DepthFirstSearch  - search:USER
147863 [main] DEBUG org.dbunit.util.search.DepthFirstSearch  - already searched; returning true
147863 [main] DEBUG org.dbunit.util.CollectionsHelper  - setToStrings(set=[AUTHORITY, USER, USERS_AUTHORITIES]) - start
147863 [main] DEBUG org.dbunit.database.search.TablesDependencyHelper  - getDependsOnTables(connection=_databaseConfig=org.dbunit.database.DatabaseConfig[, _propertyMap={http://www.dbunit.org/properties/statementFactory=org.dbunit.database.statement.PreparedStatementFactory@626bc2b8, http://www.dbunit.org/features/caseSensitiveTableNames=false, http://www.dbunit.org/properties/fetchSize=100, http://www.dbunit.org/features/batchedStatements=false, http://www.dbunit.org/properties/metadataHandler=org.dbunit.database.DefaultMetadataHandler@3bbfdfde, http://www.dbunit.org/properties/datatypeFactory=org.dbunit.dataset.datatype.DefaultDataTypeFactory[_toleratedDeltaMap=org.dbunit.dataset.datatype.ToleratedDeltaMap@6452310a], http://www.dbunit.org/properties/escapePattern=null, http://www.dbunit.org/properties/batchSize=100, http://www.dbunit.org/features/qualifiedTableNames=false, http://www.dbunit.org/properties/tableType=[Ljava.lang.String;@5011bafa, http://www.dbunit.org/properties/resultSetTableFactory=org.dbunit.database.CachedResultSetTableFactory@10bcf083, http://www.dbunit.org/features/datatypeWarning=true}], _dataSet=AbstractDataSet[_orderedTableNameMap=null], rootTable=USERS_AUTHORITIES) - start
147863 [main] DEBUG org.dbunit.util.search.DepthFirstSearch  - search(nodesFrom=[USERS_AUTHORITIES], callback=org.dbunit.database.search.ExportedKeysSearchCallback@3e4f0262) - start
147863 [main] DEBUG org.dbunit.util.CollectionsHelper  - objectsToSet(objects=USERS_AUTHORITIES) - start
147863 [main] DEBUG org.dbunit.util.search.DepthFirstSearch  - search(nodesFrom=[USERS_AUTHORITIES], callback=org.dbunit.database.search.ExportedKeysSearchCallback@3e4f0262) - start
147863 [main] DEBUG org.dbunit.util.search.DepthFirstSearch  - reverseSearch:USERS_AUTHORITIES
147863 [main] DEBUG org.dbunit.database.search.ExportedKeysSearchCallback  - searchNode(node=USERS_AUTHORITIES) - start
147863 [main] DEBUG org.dbunit.util.search.DepthFirstSearch  - Pushing (reverse) USERS_AUTHORITIES
147863 [main] DEBUG org.dbunit.database.search.ExportedKeysSearchCallback  - getEdges(node=USERS_AUTHORITIES) - start
147863 [main] DEBUG org.dbunit.database.search.AbstractMetaDataBasedSearchCallback  - getNodesFromExportedKeys(node=USERS_AUTHORITIES) - start
147863 [main] DEBUG org.dbunit.database.search.AbstractMetaDataBasedSearchCallback  - getNodes(type=1, node=USERS_AUTHORITIES) - start
147863 [main] DEBUG org.dbunit.database.DatabaseDataSourceConnection  - getConnection() - start
147863 [main] DEBUG org.dbunit.database.search.AbstractMetaDataBasedSearchCallback  - getNodes(type=1, node=USERS_AUTHORITIES, conn=Transaction-aware proxy for target Connection [jdbc:hsqldb:mem:kontrollDS, UserName=sw, HSQL Database Engine Driver], schema=null, metaData=org.apache.commons.dbcp.DelegatingDatabaseMetaData@35258fe3, edges=[]) - start
147863 [main] DEBUG org.dbunit.database.search.AbstractMetaDataBasedSearchCallback  - Getting edges for node USERS_AUTHORITIES
147863 [main] TRACE org.dbunit.database.DatabaseConfig  - getProperty(name=http://www.dbunit.org/properties/metadataHandler) - start
147863 [main] TRACE org.dbunit.database.DefaultMetadataHandler  - tableExists(metaData=org.apache.commons.dbcp.DelegatingDatabaseMetaData@35258fe3, schemaName=null, tableName=USERS_AUTHORITIES) - start
147864 [main] DEBUG org.dbunit.util.SQLHelper  - close(resultSet=org.apache.commons.dbcp.DelegatingResultSet@9b587f5) - start
147864 [main] DEBUG org.dbunit.util.SQLHelper  - close(resultSet=org.apache.commons.dbcp.DelegatingResultSet@3cc7709b) - start
147864 [main] DEBUG org.dbunit.util.search.DepthFirstSearch  - search:USERS_AUTHORITIES
147864 [main] DEBUG org.dbunit.database.search.ExportedKeysSearchCallback  - searchNode(node=USERS_AUTHORITIES) - start
147864 [main] DEBUG org.dbunit.util.search.DepthFirstSearch  - Pushing USERS_AUTHORITIES
147864 [main] DEBUG org.dbunit.database.search.ExportedKeysSearchCallback  - getEdges(node=USERS_AUTHORITIES) - start
147865 [main] DEBUG org.dbunit.database.search.AbstractMetaDataBasedSearchCallback  - getNodesFromExportedKeys(node=USERS_AUTHORITIES) - start
147865 [main] DEBUG org.dbunit.database.search.AbstractMetaDataBasedSearchCallback  - getNodes(type=1, node=USERS_AUTHORITIES) - start
147865 [main] DEBUG org.dbunit.database.DatabaseDataSourceConnection  - getConnection() - start
147865 [main] DEBUG org.dbunit.database.search.AbstractMetaDataBasedSearchCallback  - getNodes(type=1, node=USERS_AUTHORITIES, conn=Transaction-aware proxy for target Connection [jdbc:hsqldb:mem:kontrollDS, UserName=sw, HSQL Database Engine Driver], schema=null, metaData=org.apache.commons.dbcp.DelegatingDatabaseMetaData@49b1ef49, edges=[]) - start
147865 [main] DEBUG org.dbunit.database.search.AbstractMetaDataBasedSearchCallback  - Getting edges for node USERS_AUTHORITIES
147865 [main] TRACE org.dbunit.database.DatabaseConfig  - getProperty(name=http://www.dbunit.org/properties/metadataHandler) - start
147865 [main] TRACE org.dbunit.database.DefaultMetadataHandler  - tableExists(metaData=org.apache.commons.dbcp.DelegatingDatabaseMetaData@49b1ef49, schemaName=null, tableName=USERS_AUTHORITIES) - start
147866 [main] DEBUG org.dbunit.util.SQLHelper  - close(resultSet=org.apache.commons.dbcp.DelegatingResultSet@5170630d) - start
147866 [main] DEBUG org.dbunit.util.SQLHelper  - close(resultSet=org.apache.commons.dbcp.DelegatingResultSet@48d28b04) - start
147866 [main] DEBUG org.dbunit.util.search.DepthFirstSearch  - Adding node USERS_AUTHORITIES to the final result
147866 [main] DEBUG org.dbunit.util.CollectionsHelper  - setToStrings(set=[USERS_AUTHORITIES]) - start
147866 [main] DEBUG org.dbunit.database.search.TablesDependencyHelper  - getDirectDependsOnTables(connection=_databaseConfig=org.dbunit.database.DatabaseConfig[, _propertyMap={http://www.dbunit.org/properties/statementFactory=org.dbunit.database.statement.PreparedStatementFactory@626bc2b8, http://www.dbunit.org/features/caseSensitiveTableNames=false, http://www.dbunit.org/properties/fetchSize=100, http://www.dbunit.org/features/batchedStatements=false, http://www.dbunit.org/properties/metadataHandler=org.dbunit.database.DefaultMetadataHandler@3bbfdfde, http://www.dbunit.org/properties/datatypeFactory=org.dbunit.dataset.datatype.DefaultDataTypeFactory[_toleratedDeltaMap=org.dbunit.dataset.datatype.ToleratedDeltaMap@6452310a], http://www.dbunit.org/properties/escapePattern=null, http://www.dbunit.org/properties/batchSize=100, http://www.dbunit.org/features/qualifiedTableNames=false, http://www.dbunit.org/properties/tableType=[Ljava.lang.String;@5011bafa, http://www.dbunit.org/properties/resultSetTableFactory=org.dbunit.database.CachedResultSetTableFactory@10bcf083, http://www.dbunit.org/features/datatypeWarning=true}], _dataSet=AbstractDataSet[_orderedTableNameMap=null], tableName=USERS_AUTHORITIES) - start
147866 [main] DEBUG org.dbunit.util.search.DepthFirstSearch  - search(nodesFrom=[USERS_AUTHORITIES], callback=org.dbunit.database.search.ExportedKeysSearchCallback@409ff9ad) - start
147866 [main] DEBUG org.dbunit.util.CollectionsHelper  - objectsToSet(objects=USERS_AUTHORITIES) - start
147866 [main] DEBUG org.dbunit.util.search.DepthFirstSearch  - search(nodesFrom=[USERS_AUTHORITIES], callback=org.dbunit.database.search.ExportedKeysSearchCallback@409ff9ad) - start
147866 [main] DEBUG org.dbunit.util.search.DepthFirstSearch  - reverseSearch:USERS_AUTHORITIES
147866 [main] DEBUG org.dbunit.database.search.ExportedKeysSearchCallback  - searchNode(node=USERS_AUTHORITIES) - start
147866 [main] DEBUG org.dbunit.util.search.DepthFirstSearch  - Pushing (reverse) USERS_AUTHORITIES
147866 [main] DEBUG org.dbunit.database.search.ExportedKeysSearchCallback  - getEdges(node=USERS_AUTHORITIES) - start
147866 [main] DEBUG org.dbunit.database.search.AbstractMetaDataBasedSearchCallback  - getNodesFromExportedKeys(node=USERS_AUTHORITIES) - start
147866 [main] DEBUG org.dbunit.database.search.AbstractMetaDataBasedSearchCallback  - getNodes(type=1, node=USERS_AUTHORITIES) - start
147866 [main] DEBUG org.dbunit.database.DatabaseDataSourceConnection  - getConnection() - start
147866 [main] DEBUG org.dbunit.database.search.AbstractMetaDataBasedSearchCallback  - getNodes(type=1, node=USERS_AUTHORITIES, conn=Transaction-aware proxy for target Connection [jdbc:hsqldb:mem:kontrollDS, UserName=sw, HSQL Database Engine Driver], schema=null, metaData=org.apache.commons.dbcp.DelegatingDatabaseMetaData@46c0ee00, edges=[]) - start
147867 [main] DEBUG org.dbunit.database.search.AbstractMetaDataBasedSearchCallback  - Getting edges for node USERS_AUTHORITIES
147867 [main] TRACE org.dbunit.database.DatabaseConfig  - getProperty(name=http://www.dbunit.org/properties/metadataHandler) - start
147867 [main] TRACE org.dbunit.database.DefaultMetadataHandler  - tableExists(metaData=org.apache.commons.dbcp.DelegatingDatabaseMetaData@46c0ee00, schemaName=null, tableName=USERS_AUTHORITIES) - start
147868 [main] DEBUG org.dbunit.util.SQLHelper  - close(resultSet=org.apache.commons.dbcp.DelegatingResultSet@4eda96e2) - start
147868 [main] DEBUG org.dbunit.util.SQLHelper  - close(resultSet=org.apache.commons.dbcp.DelegatingResultSet@d428b62) - start
147868 [main] DEBUG org.dbunit.util.search.DepthFirstSearch  - search:USERS_AUTHORITIES
147868 [main] DEBUG org.dbunit.database.search.ExportedKeysSearchCallback  - searchNode(node=USERS_AUTHORITIES) - start
147868 [main] DEBUG org.dbunit.util.search.DepthFirstSearch  - Pushing USERS_AUTHORITIES
147868 [main] DEBUG org.dbunit.database.search.ExportedKeysSearchCallback  - getEdges(node=USERS_AUTHORITIES) - start
147868 [main] DEBUG org.dbunit.database.search.AbstractMetaDataBasedSearchCallback  - getNodesFromExportedKeys(node=USERS_AUTHORITIES) - start
147868 [main] DEBUG org.dbunit.database.search.AbstractMetaDataBasedSearchCallback  - getNodes(type=1, node=USERS_AUTHORITIES) - start
147868 [main] DEBUG org.dbunit.database.DatabaseDataSourceConnection  - getConnection() - start
147868 [main] DEBUG org.dbunit.database.search.AbstractMetaDataBasedSearchCallback  - getNodes(type=1, node=USERS_AUTHORITIES, conn=Transaction-aware proxy for target Connection [jdbc:hsqldb:mem:kontrollDS, UserName=sw, HSQL Database Engine Driver], schema=null, metaData=org.apache.commons.dbcp.DelegatingDatabaseMetaData@bccd5bb, edges=[]) - start
147868 [main] DEBUG org.dbunit.database.search.AbstractMetaDataBasedSearchCallback  - Getting edges for node USERS_AUTHORITIES
147868 [main] TRACE org.dbunit.database.DatabaseConfig  - getProperty(name=http://www.dbunit.org/properties/metadataHandler) - start
147868 [main] TRACE org.dbunit.database.DefaultMetadataHandler  - tableExists(metaData=org.apache.commons.dbcp.DelegatingDatabaseMetaData@bccd5bb, schemaName=null, tableName=USERS_AUTHORITIES) - start
147869 [main] DEBUG org.dbunit.util.SQLHelper  - close(resultSet=org.apache.commons.dbcp.DelegatingResultSet@6020eda6) - start
147869 [main] DEBUG org.dbunit.util.SQLHelper  - close(resultSet=org.apache.commons.dbcp.DelegatingResultSet@a40564c) - start
147869 [main] DEBUG org.dbunit.util.search.DepthFirstSearch  - Adding node USERS_AUTHORITIES to the final result
147869 [main] DEBUG org.dbunit.database.search.TablesDependencyHelper  - getDirectDependentTables(connection=_databaseConfig=org.dbunit.database.DatabaseConfig[, _propertyMap={http://www.dbunit.org/properties/statementFactory=org.dbunit.database.statement.PreparedStatementFactory@626bc2b8, http://www.dbunit.org/features/caseSensitiveTableNames=false, http://www.dbunit.org/properties/fetchSize=100, http://www.dbunit.org/features/batchedStatements=false, http://www.dbunit.org/properties/metadataHandler=org.dbunit.database.DefaultMetadataHandler@3bbfdfde, http://www.dbunit.org/properties/datatypeFactory=org.dbunit.dataset.datatype.DefaultDataTypeFactory[_toleratedDeltaMap=org.dbunit.dataset.datatype.ToleratedDeltaMap@6452310a], http://www.dbunit.org/properties/escapePattern=null, http://www.dbunit.org/properties/batchSize=100, http://www.dbunit.org/features/qualifiedTableNames=false, http://www.dbunit.org/properties/tableType=[Ljava.lang.String;@5011bafa, http://www.dbunit.org/properties/resultSetTableFactory=org.dbunit.database.CachedResultSetTableFactory@10bcf083, http://www.dbunit.org/features/datatypeWarning=true}], _dataSet=AbstractDataSet[_orderedTableNameMap=null], tableName=USERS_AUTHORITIES) - start
147869 [main] DEBUG org.dbunit.util.search.DepthFirstSearch  - search(nodesFrom=[USERS_AUTHORITIES], callback=org.dbunit.database.search.ImportedKeysSearchCallback@1effa89e) - start
147870 [main] DEBUG org.dbunit.util.CollectionsHelper  - objectsToSet(objects=USERS_AUTHORITIES) - start
147870 [main] DEBUG org.dbunit.util.search.DepthFirstSearch  - search(nodesFrom=[USERS_AUTHORITIES], callback=org.dbunit.database.search.ImportedKeysSearchCallback@1effa89e) - start
147870 [main] DEBUG org.dbunit.util.search.DepthFirstSearch  - reverseSearch:USERS_AUTHORITIES
147870 [main] DEBUG org.dbunit.database.search.ImportedKeysSearchCallback  - searchNode(node=USERS_AUTHORITIES) - start
147870 [main] DEBUG org.dbunit.util.search.DepthFirstSearch  - Pushing (reverse) USERS_AUTHORITIES
147870 [main] DEBUG org.dbunit.database.search.ImportedKeysSearchCallback  - getEdges(node=USERS_AUTHORITIES) - start
147870 [main] DEBUG org.dbunit.database.search.AbstractMetaDataBasedSearchCallback  - getNodesFromImportedKeys(node=USERS_AUTHORITIES) - start
147870 [main] DEBUG org.dbunit.database.search.AbstractMetaDataBasedSearchCallback  - getNodes(type=0, node=USERS_AUTHORITIES) - start
147870 [main] DEBUG org.dbunit.database.DatabaseDataSourceConnection  - getConnection() - start
147870 [main] DEBUG org.dbunit.database.search.AbstractMetaDataBasedSearchCallback  - getNodes(type=0, node=USERS_AUTHORITIES, conn=Transaction-aware proxy for target Connection [jdbc:hsqldb:mem:kontrollDS, UserName=sw, HSQL Database Engine Driver], schema=null, metaData=org.apache.commons.dbcp.DelegatingDatabaseMetaData@22972cf8, edges=[]) - start
147870 [main] DEBUG org.dbunit.database.search.AbstractMetaDataBasedSearchCallback  - Getting edges for node USERS_AUTHORITIES
147870 [main] TRACE org.dbunit.database.DatabaseConfig  - getProperty(name=http://www.dbunit.org/properties/metadataHandler) - start
147870 [main] TRACE org.dbunit.database.DefaultMetadataHandler  - tableExists(metaData=org.apache.commons.dbcp.DelegatingDatabaseMetaData@22972cf8, schemaName=null, tableName=USERS_AUTHORITIES) - start
147871 [main] DEBUG org.dbunit.util.SQLHelper  - close(resultSet=org.apache.commons.dbcp.DelegatingResultSet@6c5e4fc3) - start
147871 [main] DEBUG org.dbunit.util.QualifiedTableName  - getQualifiedNameIfEnabled(config=org.dbunit.database.DatabaseConfig[, _propertyMap={http://www.dbunit.org/properties/statementFactory=org.dbunit.database.statement.PreparedStatementFactory@626bc2b8, http://www.dbunit.org/features/caseSensitiveTableNames=false, http://www.dbunit.org/properties/fetchSize=100, http://www.dbunit.org/features/batchedStatements=false, http://www.dbunit.org/properties/metadataHandler=org.dbunit.database.DefaultMetadataHandler@3bbfdfde, http://www.dbunit.org/properties/datatypeFactory=org.dbunit.dataset.datatype.DefaultDataTypeFactory[_toleratedDeltaMap=org.dbunit.dataset.datatype.ToleratedDeltaMap@6452310a], http://www.dbunit.org/properties/escapePattern=null, http://www.dbunit.org/properties/batchSize=100, http://www.dbunit.org/features/qualifiedTableNames=false, http://www.dbunit.org/properties/tableType=[Ljava.lang.String;@5011bafa, http://www.dbunit.org/properties/resultSetTableFactory=org.dbunit.database.CachedResultSetTableFactory@10bcf083, http://www.dbunit.org/features/datatypeWarning=true}]) - start
147871 [main] TRACE org.dbunit.database.DatabaseConfig  - getFeature(name=http://www.dbunit.org/features/qualifiedTableNames) - start
147871 [main] TRACE org.dbunit.database.DatabaseConfig  - getProperty(name=http://www.dbunit.org/features/qualifiedTableNames) - start
147871 [main] DEBUG org.dbunit.util.QualifiedTableName  - Qualified table names feature is disabled. Returning plain table name
147871 [main] DEBUG org.dbunit.util.QualifiedTableName  - getQualifiedName(prefix=null, name=USERS_AUTHORITIES, escapePattern=null) - start
147871 [main] DEBUG org.dbunit.util.QualifiedTableName  - getQualifiedNameIfEnabled(config=org.dbunit.database.DatabaseConfig[, _propertyMap={http://www.dbunit.org/properties/statementFactory=org.dbunit.database.statement.PreparedStatementFactory@626bc2b8, http://www.dbunit.org/features/caseSensitiveTableNames=false, http://www.dbunit.org/properties/fetchSize=100, http://www.dbunit.org/features/batchedStatements=false, http://www.dbunit.org/properties/metadataHandler=org.dbunit.database.DefaultMetadataHandler@3bbfdfde, http://www.dbunit.org/properties/datatypeFactory=org.dbunit.dataset.datatype.DefaultDataTypeFactory[_toleratedDeltaMap=org.dbunit.dataset.datatype.ToleratedDeltaMap@6452310a], http://www.dbunit.org/properties/escapePattern=null, http://www.dbunit.org/properties/batchSize=100, http://www.dbunit.org/features/qualifiedTableNames=false, http://www.dbunit.org/properties/tableType=[Ljava.lang.String;@5011bafa, http://www.dbunit.org/properties/resultSetTableFactory=org.dbunit.database.CachedResultSetTableFactory@10bcf083, http://www.dbunit.org/features/datatypeWarning=true}]) - start
147871 [main] TRACE org.dbunit.database.DatabaseConfig  - getFeature(name=http://www.dbunit.org/features/qualifiedTableNames) - start
147871 [main] TRACE org.dbunit.database.DatabaseConfig  - getProperty(name=http://www.dbunit.org/features/qualifiedTableNames) - start
147871 [main] DEBUG org.dbunit.util.QualifiedTableName  - Qualified table names feature is disabled. Returning plain table name
147871 [main] DEBUG org.dbunit.util.QualifiedTableName  - getQualifiedName(prefix=null, name=AUTHORITY, escapePattern=null) - start
147872 [main] DEBUG org.dbunit.database.search.AbstractMetaDataBasedSearchCallback  - newEdge(rs=org.apache.commons.dbcp.DelegatingResultSet@4e1e6e1f, type=0, from=USERS_AUTHORITIES, to=AUTHORITY, fkColumn=AUTHORITY_ID, pkColumn=ID) - start
147872 [main] DEBUG org.dbunit.database.search.AbstractMetaDataBasedSearchCallback  - createFKEdge(rs=org.apache.commons.dbcp.DelegatingResultSet@4e1e6e1f, type=0, from=USERS_AUTHORITIES, to=AUTHORITY, fkColumn=AUTHORITY_ID, pkColumn=ID) - start
147872 [main] DEBUG org.dbunit.database.search.AbstractMetaDataBasedSearchCallback  - Adding edge USERS_AUTHORITIES(AUTHORITY_ID)->AUTHORITY(ID)
147872 [main] DEBUG org.dbunit.util.search.Edge  - compareTo(o=USERS_AUTHORITIES(AUTHORITY_ID)->AUTHORITY(ID)) - start
147872 [main] DEBUG org.dbunit.util.QualifiedTableName  - getQualifiedNameIfEnabled(config=org.dbunit.database.DatabaseConfig[, _propertyMap={http://www.dbunit.org/properties/statementFactory=org.dbunit.database.statement.PreparedStatementFactory@626bc2b8, http://www.dbunit.org/features/caseSensitiveTableNames=false, http://www.dbunit.org/properties/fetchSize=100, http://www.dbunit.org/features/batchedStatements=false, http://www.dbunit.org/properties/metadataHandler=org.dbunit.database.DefaultMetadataHandler@3bbfdfde, http://www.dbunit.org/properties/datatypeFactory=org.dbunit.dataset.datatype.DefaultDataTypeFactory[_toleratedDeltaMap=org.dbunit.dataset.datatype.ToleratedDeltaMap@6452310a], http://www.dbunit.org/properties/escapePattern=null, http://www.dbunit.org/properties/batchSize=100, http://www.dbunit.org/features/qualifiedTableNames=false, http://www.dbunit.org/properties/tableType=[Ljava.lang.String;@5011bafa, http://www.dbunit.org/properties/resultSetTableFactory=org.dbunit.database.CachedResultSetTableFactory@10bcf083, http://www.dbunit.org/features/datatypeWarning=true}]) - start
147872 [main] TRACE org.dbunit.database.DatabaseConfig  - getFeature(name=http://www.dbunit.org/features/qualifiedTableNames) - start
147872 [main] TRACE org.dbunit.database.DatabaseConfig  - getProperty(name=http://www.dbunit.org/features/qualifiedTableNames) - start
147872 [main] DEBUG org.dbunit.util.QualifiedTableName  - Qualified table names feature is disabled. Returning plain table name
147872 [main] DEBUG org.dbunit.util.QualifiedTableName  - getQualifiedName(prefix=null, name=USERS_AUTHORITIES, escapePattern=null) - start
147872 [main] DEBUG org.dbunit.util.QualifiedTableName  - getQualifiedNameIfEnabled(config=org.dbunit.database.DatabaseConfig[, _propertyMap={http://www.dbunit.org/properties/statementFactory=org.dbunit.database.statement.PreparedStatementFactory@626bc2b8, http://www.dbunit.org/features/caseSensitiveTableNames=false, http://www.dbunit.org/properties/fetchSize=100, http://www.dbunit.org/features/batchedStatements=false, http://www.dbunit.org/properties/metadataHandler=org.dbunit.database.DefaultMetadataHandler@3bbfdfde, http://www.dbunit.org/properties/datatypeFactory=org.dbunit.dataset.datatype.DefaultDataTypeFactory[_toleratedDeltaMap=org.dbunit.dataset.datatype.ToleratedDeltaMap@6452310a], http://www.dbunit.org/properties/escapePattern=null, http://www.dbunit.org/properties/batchSize=100, http://www.dbunit.org/features/qualifiedTableNames=false, http://www.dbunit.org/properties/tableType=[Ljava.lang.String;@5011bafa, http://www.dbunit.org/properties/resultSetTableFactory=org.dbunit.database.CachedResultSetTableFactory@10bcf083, http://www.dbunit.org/features/datatypeWarning=true}]) - start
147872 [main] TRACE org.dbunit.database.DatabaseConfig  - getFeature(name=http://www.dbunit.org/features/qualifiedTableNames) - start
147872 [main] TRACE org.dbunit.database.DatabaseConfig  - getProperty(name=http://www.dbunit.org/features/qualifiedTableNames) - start
147872 [main] DEBUG org.dbunit.util.QualifiedTableName  - Qualified table names feature is disabled. Returning plain table name
147872 [main] DEBUG org.dbunit.util.QualifiedTableName  - getQualifiedName(prefix=null, name=USER, escapePattern=null) - start
147872 [main] DEBUG org.dbunit.database.search.AbstractMetaDataBasedSearchCallback  - newEdge(rs=org.apache.commons.dbcp.DelegatingResultSet@4e1e6e1f, type=0, from=USERS_AUTHORITIES, to=USER, fkColumn=USER_ID, pkColumn=ID) - start
147872 [main] DEBUG org.dbunit.database.search.AbstractMetaDataBasedSearchCallback  - createFKEdge(rs=org.apache.commons.dbcp.DelegatingResultSet@4e1e6e1f, type=0, from=USERS_AUTHORITIES, to=USER, fkColumn=USER_ID, pkColumn=ID) - start
147872 [main] DEBUG org.dbunit.database.search.AbstractMetaDataBasedSearchCallback  - Adding edge USERS_AUTHORITIES(USER_ID)->USER(ID)
147872 [main] DEBUG org.dbunit.util.search.Edge  - compareTo(o=USERS_AUTHORITIES(AUTHORITY_ID)->AUTHORITY(ID)) - start
147872 [main] DEBUG org.dbunit.util.SQLHelper  - close(resultSet=org.apache.commons.dbcp.DelegatingResultSet@4e1e6e1f) - start
147872 [main] DEBUG org.dbunit.util.search.DepthFirstSearch  - search:USERS_AUTHORITIES
147872 [main] DEBUG org.dbunit.database.search.ImportedKeysSearchCallback  - searchNode(node=USERS_AUTHORITIES) - start
147872 [main] DEBUG org.dbunit.util.search.DepthFirstSearch  - Pushing USERS_AUTHORITIES
147872 [main] DEBUG org.dbunit.database.search.ImportedKeysSearchCallback  - getEdges(node=USERS_AUTHORITIES) - start
147872 [main] DEBUG org.dbunit.database.search.AbstractMetaDataBasedSearchCallback  - getNodesFromImportedKeys(node=USERS_AUTHORITIES) - start
147872 [main] DEBUG org.dbunit.database.search.AbstractMetaDataBasedSearchCallback  - getNodes(type=0, node=USERS_AUTHORITIES) - start
147872 [main] DEBUG org.dbunit.database.DatabaseDataSourceConnection  - getConnection() - start
147873 [main] DEBUG org.dbunit.database.search.AbstractMetaDataBasedSearchCallback  - getNodes(type=0, node=USERS_AUTHORITIES, conn=Transaction-aware proxy for target Connection [jdbc:hsqldb:mem:kontrollDS, UserName=sw, HSQL Database Engine Driver], schema=null, metaData=org.apache.commons.dbcp.DelegatingDatabaseMetaData@2fcfdd4a, edges=[]) - start
147873 [main] DEBUG org.dbunit.database.search.AbstractMetaDataBasedSearchCallback  - Getting edges for node USERS_AUTHORITIES
147873 [main] TRACE org.dbunit.database.DatabaseConfig  - getProperty(name=http://www.dbunit.org/properties/metadataHandler) - start
147873 [main] TRACE org.dbunit.database.DefaultMetadataHandler  - tableExists(metaData=org.apache.commons.dbcp.DelegatingDatabaseMetaData@2fcfdd4a, schemaName=null, tableName=USERS_AUTHORITIES) - start
147874 [main] DEBUG org.dbunit.util.SQLHelper  - close(resultSet=org.apache.commons.dbcp.DelegatingResultSet@3cf817dd) - start
147874 [main] DEBUG org.dbunit.util.QualifiedTableName  - getQualifiedNameIfEnabled(config=org.dbunit.database.DatabaseConfig[, _propertyMap={http://www.dbunit.org/properties/statementFactory=org.dbunit.database.statement.PreparedStatementFactory@626bc2b8, http://www.dbunit.org/features/caseSensitiveTableNames=false, http://www.dbunit.org/properties/fetchSize=100, http://www.dbunit.org/features/batchedStatements=false, http://www.dbunit.org/properties/metadataHandler=org.dbunit.database.DefaultMetadataHandler@3bbfdfde, http://www.dbunit.org/properties/datatypeFactory=org.dbunit.dataset.datatype.DefaultDataTypeFactory[_toleratedDeltaMap=org.dbunit.dataset.datatype.ToleratedDeltaMap@6452310a], http://www.dbunit.org/properties/escapePattern=null, http://www.dbunit.org/properties/batchSize=100, http://www.dbunit.org/features/qualifiedTableNames=false, http://www.dbunit.org/properties/tableType=[Ljava.lang.String;@5011bafa, http://www.dbunit.org/properties/resultSetTableFactory=org.dbunit.database.CachedResultSetTableFactory@10bcf083, http://www.dbunit.org/features/datatypeWarning=true}]) - start
147874 [main] TRACE org.dbunit.database.DatabaseConfig  - getFeature(name=http://www.dbunit.org/features/qualifiedTableNames) - start
147874 [main] TRACE org.dbunit.database.DatabaseConfig  - getProperty(name=http://www.dbunit.org/features/qualifiedTableNames) - start
147874 [main] DEBUG org.dbunit.util.QualifiedTableName  - Qualified table names feature is disabled. Returning plain table name
147874 [main] DEBUG org.dbunit.util.QualifiedTableName  - getQualifiedName(prefix=null, name=USERS_AUTHORITIES, escapePattern=null) - start
147874 [main] DEBUG org.dbunit.util.QualifiedTableName  - getQualifiedNameIfEnabled(config=org.dbunit.database.DatabaseConfig[, _propertyMap={http://www.dbunit.org/properties/statementFactory=org.dbunit.database.statement.PreparedStatementFactory@626bc2b8, http://www.dbunit.org/features/caseSensitiveTableNames=false, http://www.dbunit.org/properties/fetchSize=100, http://www.dbunit.org/features/batchedStatements=false, http://www.dbunit.org/properties/metadataHandler=org.dbunit.database.DefaultMetadataHandler@3bbfdfde, http://www.dbunit.org/properties/datatypeFactory=org.dbunit.dataset.datatype.DefaultDataTypeFactory[_toleratedDeltaMap=org.dbunit.dataset.datatype.ToleratedDeltaMap@6452310a], http://www.dbunit.org/properties/escapePattern=null, http://www.dbunit.org/properties/batchSize=100, http://www.dbunit.org/features/qualifiedTableNames=false, http://www.dbunit.org/properties/tableType=[Ljava.lang.String;@5011bafa, http://www.dbunit.org/properties/resultSetTableFactory=org.dbunit.database.CachedResultSetTableFactory@10bcf083, http://www.dbunit.org/features/datatypeWarning=true}]) - start
147874 [main] TRACE org.dbunit.database.DatabaseConfig  - getFeature(name=http://www.dbunit.org/features/qualifiedTableNames) - start
147874 [main] TRACE org.dbunit.database.DatabaseConfig  - getProperty(name=http://www.dbunit.org/features/qualifiedTableNames) - start
147874 [main] DEBUG org.dbunit.util.QualifiedTableName  - Qualified table names feature is disabled. Returning plain table name
147874 [main] DEBUG org.dbunit.util.QualifiedTableName  - getQualifiedName(prefix=null, name=AUTHORITY, escapePattern=null) - start
147874 [main] DEBUG org.dbunit.database.search.AbstractMetaDataBasedSearchCallback  - newEdge(rs=org.apache.commons.dbcp.DelegatingResultSet@65b996e3, type=0, from=USERS_AUTHORITIES, to=AUTHORITY, fkColumn=AUTHORITY_ID, pkColumn=ID) - start
147874 [main] DEBUG org.dbunit.database.search.AbstractMetaDataBasedSearchCallback  - createFKEdge(rs=org.apache.commons.dbcp.DelegatingResultSet@65b996e3, type=0, from=USERS_AUTHORITIES, to=AUTHORITY, fkColumn=AUTHORITY_ID, pkColumn=ID) - start
147874 [main] DEBUG org.dbunit.database.search.AbstractMetaDataBasedSearchCallback  - Adding edge USERS_AUTHORITIES(AUTHORITY_ID)->AUTHORITY(ID)
147874 [main] DEBUG org.dbunit.util.search.Edge  - compareTo(o=USERS_AUTHORITIES(AUTHORITY_ID)->AUTHORITY(ID)) - start
147875 [main] DEBUG org.dbunit.util.QualifiedTableName  - getQualifiedNameIfEnabled(config=org.dbunit.database.DatabaseConfig[, _propertyMap={http://www.dbunit.org/properties/statementFactory=org.dbunit.database.statement.PreparedStatementFactory@626bc2b8, http://www.dbunit.org/features/caseSensitiveTableNames=false, http://www.dbunit.org/properties/fetchSize=100, http://www.dbunit.org/features/batchedStatements=false, http://www.dbunit.org/properties/metadataHandler=org.dbunit.database.DefaultMetadataHandler@3bbfdfde, http://www.dbunit.org/properties/datatypeFactory=org.dbunit.dataset.datatype.DefaultDataTypeFactory[_toleratedDeltaMap=org.dbunit.dataset.datatype.ToleratedDeltaMap@6452310a], http://www.dbunit.org/properties/escapePattern=null, http://www.dbunit.org/properties/batchSize=100, http://www.dbunit.org/features/qualifiedTableNames=false, http://www.dbunit.org/properties/tableType=[Ljava.lang.String;@5011bafa, http://www.dbunit.org/properties/resultSetTableFactory=org.dbunit.database.CachedResultSetTableFactory@10bcf083, http://www.dbunit.org/features/datatypeWarning=true}]) - start
147875 [main] TRACE org.dbunit.database.DatabaseConfig  - getFeature(name=http://www.dbunit.org/features/qualifiedTableNames) - start
147875 [main] TRACE org.dbunit.database.DatabaseConfig  - getProperty(name=http://www.dbunit.org/features/qualifiedTableNames) - start
147875 [main] DEBUG org.dbunit.util.QualifiedTableName  - Qualified table names feature is disabled. Returning plain table name
147875 [main] DEBUG org.dbunit.util.QualifiedTableName  - getQualifiedName(prefix=null, name=USERS_AUTHORITIES, escapePattern=null) - start
147875 [main] DEBUG org.dbunit.util.QualifiedTableName  - getQualifiedNameIfEnabled(config=org.dbunit.database.DatabaseConfig[, _propertyMap={http://www.dbunit.org/properties/statementFactory=org.dbunit.database.statement.PreparedStatementFactory@626bc2b8, http://www.dbunit.org/features/caseSensitiveTableNames=false, http://www.dbunit.org/properties/fetchSize=100, http://www.dbunit.org/features/batchedStatements=false, http://www.dbunit.org/properties/metadataHandler=org.dbunit.database.DefaultMetadataHandler@3bbfdfde, http://www.dbunit.org/properties/datatypeFactory=org.dbunit.dataset.datatype.DefaultDataTypeFactory[_toleratedDeltaMap=org.dbunit.dataset.datatype.ToleratedDeltaMap@6452310a], http://www.dbunit.org/properties/escapePattern=null, http://www.dbunit.org/properties/batchSize=100, http://www.dbunit.org/features/qualifiedTableNames=false, http://www.dbunit.org/properties/tableType=[Ljava.lang.String;@5011bafa, http://www.dbunit.org/properties/resultSetTableFactory=org.dbunit.database.CachedResultSetTableFactory@10bcf083, http://www.dbunit.org/features/datatypeWarning=true}]) - start
147875 [main] TRACE org.dbunit.database.DatabaseConfig  - getFeature(name=http://www.dbunit.org/features/qualifiedTableNames) - start
147875 [main] TRACE org.dbunit.database.DatabaseConfig  - getProperty(name=http://www.dbunit.org/features/qualifiedTableNames) - start
147875 [main] DEBUG org.dbunit.util.QualifiedTableName  - Qualified table names feature is disabled. Returning plain table name
147875 [main] DEBUG org.dbunit.util.QualifiedTableName  - getQualifiedName(prefix=null, name=USER, escapePattern=null) - start
147875 [main] DEBUG org.dbunit.database.search.AbstractMetaDataBasedSearchCallback  - newEdge(rs=org.apache.commons.dbcp.DelegatingResultSet@65b996e3, type=0, from=USERS_AUTHORITIES, to=USER, fkColumn=USER_ID, pkColumn=ID) - start
147875 [main] DEBUG org.dbunit.database.search.AbstractMetaDataBasedSearchCallback  - createFKEdge(rs=org.apache.commons.dbcp.DelegatingResultSet@65b996e3, type=0, from=USERS_AUTHORITIES, to=USER, fkColumn=USER_ID, pkColumn=ID) - start
147875 [main] DEBUG org.dbunit.database.search.AbstractMetaDataBasedSearchCallback  - Adding edge USERS_AUTHORITIES(USER_ID)->USER(ID)
147875 [main] DEBUG org.dbunit.util.search.Edge  - compareTo(o=USERS_AUTHORITIES(AUTHORITY_ID)->AUTHORITY(ID)) - start
147875 [main] DEBUG org.dbunit.util.SQLHelper  - close(resultSet=org.apache.commons.dbcp.DelegatingResultSet@65b996e3) - start
147875 [main] DEBUG org.dbunit.util.search.DepthFirstSearch  - search:AUTHORITY
147875 [main] DEBUG org.dbunit.database.search.ImportedKeysSearchCallback  - searchNode(node=AUTHORITY) - start
147875 [main] DEBUG org.dbunit.util.search.DepthFirstSearch  - Pushing AUTHORITY
147875 [main] DEBUG org.dbunit.database.search.ImportedKeysSearchCallback  - getEdges(node=AUTHORITY) - start
147875 [main] DEBUG org.dbunit.database.search.AbstractMetaDataBasedSearchCallback  - getNodesFromImportedKeys(node=AUTHORITY) - start
147875 [main] DEBUG org.dbunit.database.search.AbstractMetaDataBasedSearchCallback  - getNodes(type=0, node=AUTHORITY) - start
147875 [main] DEBUG org.dbunit.database.DatabaseDataSourceConnection  - getConnection() - start
147875 [main] DEBUG org.dbunit.database.search.AbstractMetaDataBasedSearchCallback  - getNodes(type=0, node=AUTHORITY, conn=Transaction-aware proxy for target Connection [jdbc:hsqldb:mem:kontrollDS, UserName=sw, HSQL Database Engine Driver], schema=null, metaData=org.apache.commons.dbcp.DelegatingDatabaseMetaData@7b614541, edges=[]) - start
147875 [main] DEBUG org.dbunit.database.search.AbstractMetaDataBasedSearchCallback  - Getting edges for node AUTHORITY
147875 [main] TRACE org.dbunit.database.DatabaseConfig  - getProperty(name=http://www.dbunit.org/properties/metadataHandler) - start
147875 [main] TRACE org.dbunit.database.DefaultMetadataHandler  - tableExists(metaData=org.apache.commons.dbcp.DelegatingDatabaseMetaData@7b614541, schemaName=null, tableName=AUTHORITY) - start
147876 [main] DEBUG org.dbunit.util.SQLHelper  - close(resultSet=org.apache.commons.dbcp.DelegatingResultSet@34d39449) - start
147877 [main] DEBUG org.dbunit.util.SQLHelper  - close(resultSet=org.apache.commons.dbcp.DelegatingResultSet@36bfff51) - start
147877 [main] DEBUG org.dbunit.util.search.DepthFirstSearch  - Adding node AUTHORITY to the final result
147877 [main] DEBUG org.dbunit.util.search.DepthFirstSearch  - search:USER
147877 [main] DEBUG org.dbunit.database.search.ImportedKeysSearchCallback  - searchNode(node=USER) - start
147877 [main] DEBUG org.dbunit.util.search.DepthFirstSearch  - Pushing USER
147877 [main] DEBUG org.dbunit.util.search.DepthFirstSearch  - Adding node USER to the final result
147877 [main] DEBUG org.dbunit.util.search.DepthFirstSearch  - Adding node USERS_AUTHORITIES to the final result
147877 [main] DEBUG org.dbunit.util.search.DepthFirstSearch  - reverseSearch:AUTHORITY
147877 [main] DEBUG org.dbunit.database.search.ImportedKeysSearchCallback  - searchNode(node=AUTHORITY) - start
147877 [main] DEBUG org.dbunit.util.search.DepthFirstSearch  - Pushing (reverse) AUTHORITY
147877 [main] DEBUG org.dbunit.database.search.ImportedKeysSearchCallback  - getEdges(node=AUTHORITY) - start
147877 [main] DEBUG org.dbunit.database.search.AbstractMetaDataBasedSearchCallback  - getNodesFromImportedKeys(node=AUTHORITY) - start
147877 [main] DEBUG org.dbunit.database.search.AbstractMetaDataBasedSearchCallback  - getNodes(type=0, node=AUTHORITY) - start
147877 [main] DEBUG org.dbunit.database.DatabaseDataSourceConnection  - getConnection() - start
147877 [main] DEBUG org.dbunit.database.search.AbstractMetaDataBasedSearchCallback  - getNodes(type=0, node=AUTHORITY, conn=Transaction-aware proxy for target Connection [jdbc:hsqldb:mem:kontrollDS, UserName=sw, HSQL Database Engine Driver], schema=null, metaData=org.apache.commons.dbcp.DelegatingDatabaseMetaData@77133aeb, edges=[]) - start
147877 [main] DEBUG org.dbunit.database.search.AbstractMetaDataBasedSearchCallback  - Getting edges for node AUTHORITY
147877 [main] TRACE org.dbunit.database.DatabaseConfig  - getProperty(name=http://www.dbunit.org/properties/metadataHandler) - start
147877 [main] TRACE org.dbunit.database.DefaultMetadataHandler  - tableExists(metaData=org.apache.commons.dbcp.DelegatingDatabaseMetaData@77133aeb, schemaName=null, tableName=AUTHORITY) - start
147878 [main] DEBUG org.dbunit.util.SQLHelper  - close(resultSet=org.apache.commons.dbcp.DelegatingResultSet@748f6793) - start
147878 [main] DEBUG org.dbunit.util.SQLHelper  - close(resultSet=org.apache.commons.dbcp.DelegatingResultSet@caed1c3) - start
147878 [main] DEBUG org.dbunit.util.search.DepthFirstSearch  - reverseSearch:USERS_AUTHORITIES
147879 [main] DEBUG org.dbunit.util.search.DepthFirstSearch  - already searched; returning true
147879 [main] DEBUG org.dbunit.util.search.DepthFirstSearch  - reverseSearch:USER
147879 [main] DEBUG org.dbunit.database.search.ImportedKeysSearchCallback  - searchNode(node=USER) - start
147879 [main] DEBUG org.dbunit.util.search.DepthFirstSearch  - Pushing (reverse) USER
147879 [main] DEBUG org.dbunit.database.search.ImportedKeysSearchCallback  - getEdges(node=USER) - start
147879 [main] DEBUG org.dbunit.database.search.AbstractMetaDataBasedSearchCallback  - getNodesFromImportedKeys(node=USER) - start
147879 [main] DEBUG org.dbunit.database.search.AbstractMetaDataBasedSearchCallback  - getNodes(type=0, node=USER) - start
147879 [main] DEBUG org.dbunit.database.DatabaseDataSourceConnection  - getConnection() - start
147879 [main] DEBUG org.dbunit.database.search.AbstractMetaDataBasedSearchCallback  - getNodes(type=0, node=USER, conn=Transaction-aware proxy for target Connection [jdbc:hsqldb:mem:kontrollDS, UserName=sw, HSQL Database Engine Driver], schema=null, metaData=org.apache.commons.dbcp.DelegatingDatabaseMetaData@294d5fb6, edges=[]) - start
147879 [main] DEBUG org.dbunit.database.search.AbstractMetaDataBasedSearchCallback  - Getting edges for node USER
147879 [main] TRACE org.dbunit.database.DatabaseConfig  - getProperty(name=http://www.dbunit.org/properties/metadataHandler) - start
147879 [main] TRACE org.dbunit.database.DefaultMetadataHandler  - tableExists(metaData=org.apache.commons.dbcp.DelegatingDatabaseMetaData@294d5fb6, schemaName=null, tableName=USER) - start
147880 [main] DEBUG org.dbunit.util.SQLHelper  - close(resultSet=org.apache.commons.dbcp.DelegatingResultSet@511922ad) - start
147880 [main] DEBUG org.dbunit.util.SQLHelper  - close(resultSet=org.apache.commons.dbcp.DelegatingResultSet@61cdb690) - start
147880 [main] DEBUG org.dbunit.util.search.DepthFirstSearch  - search:USERS_AUTHORITIES
147880 [main] DEBUG org.dbunit.util.search.DepthFirstSearch  - already searched; returning true
147880 [main] DEBUG org.dbunit.util.search.DepthFirstSearch  - search:AUTHORITY
147880 [main] DEBUG org.dbunit.util.search.DepthFirstSearch  - already searched; returning true
147880 [main] DEBUG org.dbunit.util.search.DepthFirstSearch  - search:USER
147880 [main] DEBUG org.dbunit.util.search.DepthFirstSearch  - already searched; returning true
147880 [main] DEBUG org.dbunit.database.DatabaseSequenceFilter  - checkCycles() - start
147880 [main] DEBUG org.dbunit.database.DatabaseSequenceFilter  - checkCycles() - start
147880 [main] DEBUG org.dbunit.database.DatabaseSequenceFilter  - checkCycles() - start
147880 [main] DEBUG org.dbunit.database.DatabaseSequenceFilter  - checkCycles() - start
147881 [main] DEBUG org.dbunit.database.DatabaseSequenceFilter  - checkCycles() - start
147881 [main] DEBUG org.dbunit.database.DatabaseSequenceFilter  - checkCycles() - start
147881 [main] DEBUG org.dbunit.database.DatabaseSequenceFilter  - checkCycles() - start
147881 [main] DEBUG org.dbunit.database.DatabaseSequenceFilter  - checkCycles() - start
147881 [main] DEBUG org.dbunit.database.DatabaseSequenceFilter  - checkCycles() - start
147881 [main] DEBUG org.dbunit.database.DatabaseSequenceFilter  - checkCycles() - start
147881 [main] DEBUG org.dbunit.database.DatabaseSequenceFilter  - checkCycles() - start
147881 [main] DEBUG org.dbunit.database.DatabaseSequenceFilter  - checkCycles() - start
147881 [main] DEBUG org.dbunit.database.DatabaseSequenceFilter  - checkCycles() - start
147881 [main] DEBUG org.dbunit.database.DatabaseSequenceFilter  - checkCycles() - start
147881 [main] DEBUG org.dbunit.database.DatabaseSequenceFilter  - checkCycles() - start
147881 [main] DEBUG org.dbunit.database.DatabaseSequenceFilter  - sort(tableNames=[AUTHORITY, CAPTION, NESTEDSCOPEDCONTENTCONDITIONS, REQUESTCONTEXT, SCOPE, SCOPEDCONTENT, SCOPEDCONTENTCONDITION, SCOPEDCONTENTCONDITIONATTRIBUTE, SCOPEDCONTENTCONDITIONS_SCOPEDCONTENT, SCOPEDCONTENTCONDITIONS_SCOPEDCONTENTITEM, SCOPEDCONTENTITEM, SCOPEDCONTENT_SCOPEDCONTENTITEM, SCOPE_REQUESTCONTEXT, USER, USERS_AUTHORITIES], dependencies={SCOPE_REQUESTCONTEXT=DependencyInfo[table=SCOPE_REQUESTCONTEXT, directDependsOn=[], directDependent=[REQUESTCONTEXT, SCOPE], allDependsOn=[], allDependent=[REQUESTCONTEXT, SCOPE]], NESTEDSCOPEDCONTENTCONDITIONS=DependencyInfo[table=NESTEDSCOPEDCONTENTCONDITIONS, directDependsOn=[], directDependent=[SCOPEDCONTENTCONDITION], allDependsOn=[], allDependent=[SCOPEDCONTENTCONDITION]], SCOPE=DependencyInfo[table=SCOPE, directDependsOn=[SCOPEDCONTENTCONDITIONS_SCOPEDCONTENT, SCOPEDCONTENT_SCOPEDCONTENTITEM, SCOPEDCONTENT, SCOPE_REQUESTCONTEXT], directDependent=[], allDependsOn=[SCOPEDCONTENT, SCOPE_REQUESTCONTEXT, SCOPEDCONTENT_SCOPEDCONTENTITEM, SCOPEDCONTENTCONDITIONS_SCOPEDCONTENT], allDependent=[]], SCOPEDCONTENT_SCOPEDCONTENTITEM=DependencyInfo[table=SCOPEDCONTENT_SCOPEDCONTENTITEM, directDependsOn=[], directDependent=[SCOPE, SCOPEDCONTENT, SCOPEDCONTENTITEM], allDependsOn=[], allDependent=[SCOPEDCONTENT, SCOPEDCONTENTITEM, SCOPE]], SCOPEDCONTENTCONDITIONATTRIBUTE=DependencyInfo[table=SCOPEDCONTENTCONDITIONATTRIBUTE, directDependsOn=[], directDependent=[SCOPEDCONTENTCONDITION], allDependsOn=[], allDependent=[SCOPEDCONTENTCONDITION]], SCOPEDCONTENTCONDITIONS_SCOPEDCONTENT=DependencyInfo[table=SCOPEDCONTENTCONDITIONS_SCOPEDCONTENT, directDependsOn=[], directDependent=[SCOPE, SCOPEDCONTENT, SCOPEDCONTENTCONDITION], allDependsOn=[], allDependent=[SCOPEDCONTENT, SCOPE, SCOPEDCONTENTCONDITION]], USER=DependencyInfo[table=USER, directDependsOn=[USERS_AUTHORITIES], directDependent=[], allDependsOn=[USERS_AUTHORITIES], allDependent=[]], SCOPEDCONTENT=DependencyInfo[table=SCOPEDCONTENT, directDependsOn=[SCOPEDCONTENTCONDITIONS_SCOPEDCONTENT, SCOPEDCONTENT_SCOPEDCONTENTITEM], directDependent=[SCOPE], allDependsOn=[SCOPEDCONTENT_SCOPEDCONTENTITEM, SCOPEDCONTENTCONDITIONS_SCOPEDCONTENT], allDependent=[SCOPE]], REQUESTCONTEXT=DependencyInfo[table=REQUESTCONTEXT, directDependsOn=[SCOPE_REQUESTCONTEXT], directDependent=[], allDependsOn=[SCOPE_REQUESTCONTEXT], allDependent=[]], AUTHORITY=DependencyInfo[table=AUTHORITY, directDependsOn=[USERS_AUTHORITIES], directDependent=[], allDependsOn=[USERS_AUTHORITIES], allDependent=[]], USERS_AUTHORITIES=DependencyInfo[table=USERS_AUTHORITIES, directDependsOn=[], directDependent=[AUTHORITY, USER], allDependsOn=[], allDependent=[AUTHORITY, USER]], SCOPEDCONTENTITEM=DependencyInfo[table=SCOPEDCONTENTITEM, directDependsOn=[SCOPEDCONTENTCONDITIONS_SCOPEDCONTENTITEM, SCOPEDCONTENT_SCOPEDCONTENTITEM], directDependent=[], allDependsOn=[SCOPEDCONTENT_SCOPEDCONTENTITEM, SCOPEDCONTENTCONDITIONS_SCOPEDCONTENTITEM], allDependent=[]], CAPTION=DependencyInfo[table=CAPTION, directDependsOn=[], directDependent=[], allDependsOn=[], allDependent=[]], SCOPEDCONTENTCONDITIONS_SCOPEDCONTENTITEM=DependencyInfo[table=SCOPEDCONTENTCONDITIONS_SCOPEDCONTENTITEM, directDependsOn=[], directDependent=[SCOPEDCONTENTCONDITION, SCOPEDCONTENTITEM], allDependsOn=[], allDependent=[SCOPEDCONTENTITEM, SCOPEDCONTENTCONDITION]], SCOPEDCONTENTCONDITION=DependencyInfo[table=SCOPEDCONTENTCONDITION, directDependsOn=[NESTEDSCOPEDCONTENTCONDITIONS, SCOPEDCONTENTCONDITIONATTRIBUTE, SCOPEDCONTENTCONDITIONS_SCOPEDCONTENT, SCOPEDCONTENTCONDITIONS_SCOPEDCONTENTITEM], directDependent=[], allDependsOn=[SCOPEDCONTENTCONDITIONS_SCOPEDCONTENTITEM, NESTEDSCOPEDCONTENTCONDITIONS, SCOPEDCONTENTCONDITIONATTRIBUTE, SCOPEDCONTENTCONDITIONS_SCOPEDCONTENT], allDependent=[]]}) - start
147881 [main] DEBUG org.dbunit.dataset.OrderedTableNameMap  - add(tableName=AUTHORITY, object=null) - start
147881 [main] DEBUG org.dbunit.dataset.OrderedTableNameMap  - getTableName(tableName=AUTHORITY) - start
147881 [main] DEBUG org.dbunit.dataset.OrderedTableNameMap  - getTableName(tableName=AUTHORITY) - end - result=AUTHORITY
147881 [main] DEBUG org.dbunit.dataset.OrderedTableNameMap  - getTableName(tableName=AUTHORITY) - start
147881 [main] DEBUG org.dbunit.dataset.OrderedTableNameMap  - getTableName(tableName=AUTHORITY) - end - result=AUTHORITY
147881 [main] DEBUG org.dbunit.dataset.OrderedTableNameMap  - add(tableName=CAPTION, object=null) - start
147881 [main] DEBUG org.dbunit.dataset.OrderedTableNameMap  - getTableName(tableName=CAPTION) - start
147881 [main] DEBUG org.dbunit.dataset.OrderedTableNameMap  - getTableName(tableName=CAPTION) - end - result=CAPTION
147881 [main] DEBUG org.dbunit.dataset.OrderedTableNameMap  - getTableName(tableName=CAPTION) - start
147881 [main] DEBUG org.dbunit.dataset.OrderedTableNameMap  - getTableName(tableName=CAPTION) - end - result=CAPTION
147881 [main] DEBUG org.dbunit.dataset.OrderedTableNameMap  - add(tableName=SCOPEDCONTENTCONDITION, object=null) - start
147882 [main] DEBUG org.dbunit.dataset.OrderedTableNameMap  - getTableName(tableName=SCOPEDCONTENTCONDITION) - start
147882 [main] DEBUG org.dbunit.dataset.OrderedTableNameMap  - getTableName(tableName=SCOPEDCONTENTCONDITION) - end - result=SCOPEDCONTENTCONDITION
147882 [main] DEBUG org.dbunit.dataset.OrderedTableNameMap  - getTableName(tableName=SCOPEDCONTENTCONDITION) - start
147882 [main] DEBUG org.dbunit.dataset.OrderedTableNameMap  - getTableName(tableName=SCOPEDCONTENTCONDITION) - end - result=SCOPEDCONTENTCONDITION
147882 [main] DEBUG org.dbunit.dataset.OrderedTableNameMap  - add(tableName=NESTEDSCOPEDCONTENTCONDITIONS, object=null) - start
147882 [main] DEBUG org.dbunit.dataset.OrderedTableNameMap  - getTableName(tableName=NESTEDSCOPEDCONTENTCONDITIONS) - start
147882 [main] DEBUG org.dbunit.dataset.OrderedTableNameMap  - getTableName(tableName=NESTEDSCOPEDCONTENTCONDITIONS) - end - result=NESTEDSCOPEDCONTENTCONDITIONS
147882 [main] DEBUG org.dbunit.dataset.OrderedTableNameMap  - getTableName(tableName=NESTEDSCOPEDCONTENTCONDITIONS) - start
147882 [main] DEBUG org.dbunit.dataset.OrderedTableNameMap  - getTableName(tableName=NESTEDSCOPEDCONTENTCONDITIONS) - end - result=NESTEDSCOPEDCONTENTCONDITIONS
147882 [main] DEBUG org.dbunit.dataset.OrderedTableNameMap  - add(tableName=REQUESTCONTEXT, object=null) - start
147882 [main] DEBUG org.dbunit.dataset.OrderedTableNameMap  - getTableName(tableName=REQUESTCONTEXT) - start
147882 [main] DEBUG org.dbunit.dataset.OrderedTableNameMap  - getTableName(tableName=REQUESTCONTEXT) - end - result=REQUESTCONTEXT
147882 [main] DEBUG org.dbunit.dataset.OrderedTableNameMap  - getTableName(tableName=REQUESTCONTEXT) - start
147882 [main] DEBUG org.dbunit.dataset.OrderedTableNameMap  - getTableName(tableName=REQUESTCONTEXT) - end - result=REQUESTCONTEXT
147882 [main] DEBUG org.dbunit.dataset.OrderedTableNameMap  - add(tableName=SCOPE, object=null) - start
147882 [main] DEBUG org.dbunit.dataset.OrderedTableNameMap  - getTableName(tableName=SCOPE) - start
147882 [main] DEBUG org.dbunit.dataset.OrderedTableNameMap  - getTableName(tableName=SCOPE) - end - result=SCOPE
147882 [main] DEBUG org.dbunit.dataset.OrderedTableNameMap  - getTableName(tableName=SCOPE) - start
147882 [main] DEBUG org.dbunit.dataset.OrderedTableNameMap  - getTableName(tableName=SCOPE) - end - result=SCOPE
147882 [main] DEBUG org.dbunit.dataset.OrderedTableNameMap  - add(tableName=SCOPEDCONTENT, object=null) - start
147882 [main] DEBUG org.dbunit.dataset.OrderedTableNameMap  - getTableName(tableName=SCOPEDCONTENT) - start
147882 [main] DEBUG org.dbunit.dataset.OrderedTableNameMap  - getTableName(tableName=SCOPEDCONTENT) - end - result=SCOPEDCONTENT
147882 [main] DEBUG org.dbunit.dataset.OrderedTableNameMap  - getTableName(tableName=SCOPEDCONTENT) - start
147882 [main] DEBUG org.dbunit.dataset.OrderedTableNameMap  - getTableName(tableName=SCOPEDCONTENT) - end - result=SCOPEDCONTENT
147882 [main] DEBUG org.dbunit.dataset.OrderedTableNameMap  - add(tableName=SCOPEDCONTENTCONDITIONATTRIBUTE, object=null) - start
147882 [main] DEBUG org.dbunit.dataset.OrderedTableNameMap  - getTableName(tableName=SCOPEDCONTENTCONDITIONATTRIBUTE) - start
147882 [main] DEBUG org.dbunit.dataset.OrderedTableNameMap  - getTableName(tableName=SCOPEDCONTENTCONDITIONATTRIBUTE) - end - result=SCOPEDCONTENTCONDITIONATTRIBUTE
147882 [main] DEBUG org.dbunit.dataset.OrderedTableNameMap  - getTableName(tableName=SCOPEDCONTENTCONDITIONATTRIBUTE) - start
147882 [main] DEBUG org.dbunit.dataset.OrderedTableNameMap  - getTableName(tableName=SCOPEDCONTENTCONDITIONATTRIBUTE) - end - result=SCOPEDCONTENTCONDITIONATTRIBUTE
147882 [main] DEBUG org.dbunit.dataset.OrderedTableNameMap  - add(tableName=SCOPEDCONTENTCONDITIONS_SCOPEDCONTENT, object=null) - start
147883 [main] DEBUG org.dbunit.dataset.OrderedTableNameMap  - getTableName(tableName=SCOPEDCONTENTCONDITIONS_SCOPEDCONTENT) - start
147883 [main] DEBUG org.dbunit.dataset.OrderedTableNameMap  - getTableName(tableName=SCOPEDCONTENTCONDITIONS_SCOPEDCONTENT) - end - result=SCOPEDCONTENTCONDITIONS_SCOPEDCONTENT
147883 [main] DEBUG org.dbunit.dataset.OrderedTableNameMap  - getTableName(tableName=SCOPEDCONTENTCONDITIONS_SCOPEDCONTENT) - start
147883 [main] DEBUG org.dbunit.dataset.OrderedTableNameMap  - getTableName(tableName=SCOPEDCONTENTCONDITIONS_SCOPEDCONTENT) - end - result=SCOPEDCONTENTCONDITIONS_SCOPEDCONTENT
147883 [main] DEBUG org.dbunit.dataset.OrderedTableNameMap  - add(tableName=SCOPEDCONTENTITEM, object=null) - start
147883 [main] DEBUG org.dbunit.dataset.OrderedTableNameMap  - getTableName(tableName=SCOPEDCONTENTITEM) - start
147883 [main] DEBUG org.dbunit.dataset.OrderedTableNameMap  - getTableName(tableName=SCOPEDCONTENTITEM) - end - result=SCOPEDCONTENTITEM
147883 [main] DEBUG org.dbunit.dataset.OrderedTableNameMap  - getTableName(tableName=SCOPEDCONTENTITEM) - start
147883 [main] DEBUG org.dbunit.dataset.OrderedTableNameMap  - getTableName(tableName=SCOPEDCONTENTITEM) - end - result=SCOPEDCONTENTITEM
147883 [main] DEBUG org.dbunit.dataset.OrderedTableNameMap  - add(tableName=SCOPEDCONTENTCONDITIONS_SCOPEDCONTENTITEM, object=null) - start
147883 [main] DEBUG org.dbunit.dataset.OrderedTableNameMap  - getTableName(tableName=SCOPEDCONTENTCONDITIONS_SCOPEDCONTENTITEM) - start
147883 [main] DEBUG org.dbunit.dataset.OrderedTableNameMap  - getTableName(tableName=SCOPEDCONTENTCONDITIONS_SCOPEDCONTENTITEM) - end - result=SCOPEDCONTENTCONDITIONS_SCOPEDCONTENTITEM
147883 [main] DEBUG org.dbunit.dataset.OrderedTableNameMap  - getTableName(tableName=SCOPEDCONTENTCONDITIONS_SCOPEDCONTENTITEM) - start
147883 [main] DEBUG org.dbunit.dataset.OrderedTableNameMap  - getTableName(tableName=SCOPEDCONTENTCONDITIONS_SCOPEDCONTENTITEM) - end - result=SCOPEDCONTENTCONDITIONS_SCOPEDCONTENTITEM
147883 [main] DEBUG org.dbunit.dataset.OrderedTableNameMap  - add(tableName=SCOPEDCONTENT_SCOPEDCONTENTITEM, object=null) - start
147883 [main] DEBUG org.dbunit.dataset.OrderedTableNameMap  - getTableName(tableName=SCOPEDCONTENT_SCOPEDCONTENTITEM) - start
147883 [main] DEBUG org.dbunit.dataset.OrderedTableNameMap  - getTableName(tableName=SCOPEDCONTENT_SCOPEDCONTENTITEM) - end - result=SCOPEDCONTENT_SCOPEDCONTENTITEM
147883 [main] DEBUG org.dbunit.dataset.OrderedTableNameMap  - getTableName(tableName=SCOPEDCONTENT_SCOPEDCONTENTITEM) - start
147883 [main] DEBUG org.dbunit.dataset.OrderedTableNameMap  - getTableName(tableName=SCOPEDCONTENT_SCOPEDCONTENTITEM) - end - result=SCOPEDCONTENT_SCOPEDCONTENTITEM
147883 [main] DEBUG org.dbunit.dataset.OrderedTableNameMap  - add(tableName=SCOPE_REQUESTCONTEXT, object=null) - start
147883 [main] DEBUG org.dbunit.dataset.OrderedTableNameMap  - getTableName(tableName=SCOPE_REQUESTCONTEXT) - start
147883 [main] DEBUG org.dbunit.dataset.OrderedTableNameMap  - getTableName(tableName=SCOPE_REQUESTCONTEXT) - end - result=SCOPE_REQUESTCONTEXT
147883 [main] DEBUG org.dbunit.dataset.OrderedTableNameMap  - getTableName(tableName=SCOPE_REQUESTCONTEXT) - start
147883 [main] DEBUG org.dbunit.dataset.OrderedTableNameMap  - getTableName(tableName=SCOPE_REQUESTCONTEXT) - end - result=SCOPE_REQUESTCONTEXT
147883 [main] DEBUG org.dbunit.dataset.OrderedTableNameMap  - add(tableName=USER, object=null) - start
147883 [main] DEBUG org.dbunit.dataset.OrderedTableNameMap  - getTableName(tableName=USER) - start
147883 [main] DEBUG org.dbunit.dataset.OrderedTableNameMap  - getTableName(tableName=USER) - end - result=USER
147883 [main] DEBUG org.dbunit.dataset.OrderedTableNameMap  - getTableName(tableName=USER) - start
147883 [main] DEBUG org.dbunit.dataset.OrderedTableNameMap  - getTableName(tableName=USER) - end - result=USER
147883 [main] DEBUG org.dbunit.dataset.OrderedTableNameMap  - add(tableName=USERS_AUTHORITIES, object=null) - start
147883 [main] DEBUG org.dbunit.dataset.OrderedTableNameMap  - getTableName(tableName=USERS_AUTHORITIES) - start
147883 [main] DEBUG org.dbunit.dataset.OrderedTableNameMap  - getTableName(tableName=USERS_AUTHORITIES) - end - result=USERS_AUTHORITIES
147883 [main] DEBUG org.dbunit.dataset.OrderedTableNameMap  - getTableName(tableName=USERS_AUTHORITIES) - start
147884 [main] DEBUG org.dbunit.dataset.OrderedTableNameMap  - getTableName(tableName=USERS_AUTHORITIES) - end - result=USERS_AUTHORITIES
147885 [main] DEBUG org.dbunit.dataset.CachedDataSet  - startTable(metaData=tableName=Scope, columns=[(name, UNKNOWN, nullableUnknown), (description, UNKNOWN, nullableUnknown), (id, UNKNOWN, nullableUnknown), (timeStamp, UNKNOWN, nullableUnknown)], keys=[]) - start
147885 [main] DEBUG org.dbunit.dataset.CachedDataSet  - endTable() - start
147885 [main] DEBUG org.dbunit.dataset.OrderedTableNameMap  - getTableName(tableName=Scope) - start
147885 [main] DEBUG org.dbunit.dataset.OrderedTableNameMap  - getTableName(tableName=Scope) - end - result=SCOPE
147885 [main] DEBUG org.dbunit.dataset.OrderedTableNameMap  - getTableName(tableName=Scope) - start
147885 [main] DEBUG org.dbunit.dataset.OrderedTableNameMap  - getTableName(tableName=Scope) - end - result=SCOPE
147885 [main] DEBUG org.dbunit.dataset.DefaultTable  - addTableRows(table=org.dbunit.dataset.DefaultTable[_metaData=tableName=Scope, columns=[(name, UNKNOWN, nullableUnknown), (description, UNKNOWN, nullableUnknown), (id, UNKNOWN, nullableUnknown), (timeStamp, UNKNOWN, nullableUnknown)], keys=[], _rowList.size()=0]) - start
147886 [main] DEBUG org.dbunit.dataset.DefaultTable  - getValue(row=0, column=name) - start
147886 [main] DEBUG org.dbunit.dataset.AbstractTable  - assertValidRowIndex(row=0) - start
147886 [main] DEBUG org.dbunit.dataset.AbstractTable  - assertValidRowIndex(row=0, rowCount=0) - start
147886 [main] DEBUG org.dbunit.dataset.CachedDataSet  - startTable(metaData=tableName=ScopedContentConditionAttribute, columns=[(key, UNKNOWN, nullableUnknown), (checkOrder, UNKNOWN, nullableUnknown), (className, UNKNOWN, nullableUnknown), (valuePath, UNKNOWN, nullableUnknown), (operator, UNKNOWN, nullableUnknown), (expectedValue, UNKNOWN, nullableUnknown), (expectedValueType, UNKNOWN, nullableUnknown), (scopedContentCondition, UNKNOWN, nullableUnknown), (id, UNKNOWN, nullableUnknown), (timeStamp, UNKNOWN, nullableUnknown)], keys=[]) - start
147886 [main] DEBUG org.dbunit.dataset.CachedDataSet  - endTable() - start
147886 [main] DEBUG org.dbunit.dataset.OrderedTableNameMap  - getTableName(tableName=ScopedContentConditionAttribute) - start
147886 [main] DEBUG org.dbunit.dataset.OrderedTableNameMap  - getTableName(tableName=ScopedContentConditionAttribute) - end - result=SCOPEDCONTENTCONDITIONATTRIBUTE
147886 [main] DEBUG org.dbunit.dataset.OrderedTableNameMap  - getTableName(tableName=ScopedContentConditionAttribute) - start
147886 [main] DEBUG org.dbunit.dataset.OrderedTableNameMap  - getTableName(tableName=ScopedContentConditionAttribute) - end - result=SCOPEDCONTENTCONDITIONATTRIBUTE
147886 [main] DEBUG org.dbunit.dataset.DefaultTable  - addTableRows(table=org.dbunit.dataset.DefaultTable[_metaData=tableName=ScopedContentConditionAttribute, columns=[(key, UNKNOWN, nullableUnknown), (checkOrder, UNKNOWN, nullableUnknown), (className, UNKNOWN, nullableUnknown), (valuePath, UNKNOWN, nullableUnknown), (operator, UNKNOWN, nullableUnknown), (expectedValue, UNKNOWN, nullableUnknown), (expectedValueType, UNKNOWN, nullableUnknown), (scopedContentCondition, UNKNOWN, nullableUnknown), (id, UNKNOWN, nullableUnknown), (timeStamp, UNKNOWN, nullableUnknown)], keys=[], _rowList.size()=0]) - start
147886 [main] DEBUG org.dbunit.dataset.DefaultTable  - getValue(row=0, column=key) - start
147886 [main] DEBUG org.dbunit.dataset.AbstractTable  - assertValidRowIndex(row=0) - start
147886 [main] DEBUG org.dbunit.dataset.AbstractTable  - assertValidRowIndex(row=0, rowCount=0) - start
147886 [main] DEBUG org.dbunit.dataset.CachedDataSet  - startTable(metaData=tableName=ScopedContent, columns=[(name, UNKNOWN, nullableUnknown), (description, UNKNOWN, nullableUnknown), (scope, UNKNOWN, nullableUnknown), (id, UNKNOWN, nullableUnknown), (timeStamp, UNKNOWN, nullableUnknown)], keys=[]) - start
147886 [main] DEBUG org.dbunit.dataset.CachedDataSet  - endTable() - start
147886 [main] DEBUG org.dbunit.dataset.OrderedTableNameMap  - getTableName(tableName=ScopedContent) - start
147886 [main] DEBUG org.dbunit.dataset.OrderedTableNameMap  - getTableName(tableName=ScopedContent) - end - result=SCOPEDCONTENT
147886 [main] DEBUG org.dbunit.dataset.OrderedTableNameMap  - getTableName(tableName=ScopedContent) - start
147886 [main] DEBUG org.dbunit.dataset.OrderedTableNameMap  - getTableName(tableName=ScopedContent) - end - result=SCOPEDCONTENT
147886 [main] DEBUG org.dbunit.dataset.DefaultTable  - addTableRows(table=org.dbunit.dataset.DefaultTable[_metaData=tableName=ScopedContent, columns=[(name, UNKNOWN, nullableUnknown), (description, UNKNOWN, nullableUnknown), (scope, UNKNOWN, nullableUnknown), (id, UNKNOWN, nullableUnknown), (timeStamp, UNKNOWN, nullableUnknown)], keys=[], _rowList.size()=0]) - start
147886 [main] DEBUG org.dbunit.dataset.DefaultTable  - getValue(row=0, column=name) - start
147886 [main] DEBUG org.dbunit.dataset.AbstractTable  - assertValidRowIndex(row=0) - start
147886 [main] DEBUG org.dbunit.dataset.AbstractTable  - assertValidRowIndex(row=0, rowCount=0) - start
147886 [main] DEBUG org.dbunit.dataset.CachedDataSet  - startTable(metaData=tableName=ScopedContentCondition, columns=[(name, UNKNOWN, nullableUnknown), (description, UNKNOWN, nullableUnknown), (operator, UNKNOWN, nullableUnknown), (id, UNKNOWN, nullableUnknown), (timeStamp, UNKNOWN, nullableUnknown)], keys=[]) - start
147886 [main] DEBUG org.dbunit.dataset.CachedDataSet  - endTable() - start
147887 [main] DEBUG org.dbunit.dataset.OrderedTableNameMap  - getTableName(tableName=ScopedContentCondition) - start
147887 [main] DEBUG org.dbunit.dataset.OrderedTableNameMap  - getTableName(tableName=ScopedContentCondition) - end - result=SCOPEDCONTENTCONDITION
147887 [main] DEBUG org.dbunit.dataset.OrderedTableNameMap  - getTableName(tableName=ScopedContentCondition) - start
147887 [main] DEBUG org.dbunit.dataset.OrderedTableNameMap  - getTableName(tableName=ScopedContentCondition) - end - result=SCOPEDCONTENTCONDITION
147887 [main] DEBUG org.dbunit.dataset.DefaultTable  - addTableRows(table=org.dbunit.dataset.DefaultTable[_metaData=tableName=ScopedContentCondition, columns=[(name, UNKNOWN, nullableUnknown), (description, UNKNOWN, nullableUnknown), (operator, UNKNOWN, nullableUnknown), (id, UNKNOWN, nullableUnknown), (timeStamp, UNKNOWN, nullableUnknown)], keys=[], _rowList.size()=0]) - start
147887 [main] DEBUG org.dbunit.dataset.DefaultTable  - getValue(row=0, column=name) - start
147887 [main] DEBUG org.dbunit.dataset.AbstractTable  - assertValidRowIndex(row=0) - start
147887 [main] DEBUG org.dbunit.dataset.AbstractTable  - assertValidRowIndex(row=0, rowCount=0) - start
147887 [main] DEBUG org.dbunit.dataset.CachedDataSet  - startTable(metaData=tableName=ScopedContentItem, columns=[(tagName, UNKNOWN, nullableUnknown), (cssClass, UNKNOWN, nullableUnknown), (content, UNKNOWN, nullableUnknown), (type, UNKNOWN, nullableUnknown), (id, UNKNOWN, nullableUnknown), (timeStamp, UNKNOWN, nullableUnknown)], keys=[]) - start
147887 [main] DEBUG org.dbunit.dataset.CachedDataSet  - endTable() - start
147887 [main] DEBUG org.dbunit.dataset.OrderedTableNameMap  - getTableName(tableName=ScopedContentItem) - start
147887 [main] DEBUG org.dbunit.dataset.OrderedTableNameMap  - getTableName(tableName=ScopedContentItem) - end - result=SCOPEDCONTENTITEM
147887 [main] DEBUG org.dbunit.dataset.OrderedTableNameMap  - getTableName(tableName=ScopedContentItem) - start
147887 [main] DEBUG org.dbunit.dataset.OrderedTableNameMap  - getTableName(tableName=ScopedContentItem) - end - result=SCOPEDCONTENTITEM
147887 [main] DEBUG org.dbunit.dataset.DefaultTable  - addTableRows(table=org.dbunit.dataset.DefaultTable[_metaData=tableName=ScopedContentItem, columns=[(tagName, UNKNOWN, nullableUnknown), (cssClass, UNKNOWN, nullableUnknown), (content, UNKNOWN, nullableUnknown), (type, UNKNOWN, nullableUnknown), (id, UNKNOWN, nullableUnknown), (timeStamp, UNKNOWN, nullableUnknown)], keys=[], _rowList.size()=0]) - start
147887 [main] DEBUG org.dbunit.dataset.DefaultTable  - getValue(row=0, column=tagName) - start
147887 [main] DEBUG org.dbunit.dataset.AbstractTable  - assertValidRowIndex(row=0) - start
147887 [main] DEBUG org.dbunit.dataset.AbstractTable  - assertValidRowIndex(row=0, rowCount=0) - start
147887 [main] DEBUG org.dbunit.dataset.CachedDataSet  - startTable(metaData=tableName=RequestContext, columns=[(path, UNKNOWN, nullableUnknown), (id, UNKNOWN, nullableUnknown), (timeStamp, UNKNOWN, nullableUnknown)], keys=[]) - start
147887 [main] DEBUG org.dbunit.dataset.CachedDataSet  - endTable() - start
147887 [main] DEBUG org.dbunit.dataset.OrderedTableNameMap  - getTableName(tableName=RequestContext) - start
147887 [main] DEBUG org.dbunit.dataset.OrderedTableNameMap  - getTableName(tableName=RequestContext) - end - result=REQUESTCONTEXT
147887 [main] DEBUG org.dbunit.dataset.OrderedTableNameMap  - getTableName(tableName=RequestContext) - start
147887 [main] DEBUG org.dbunit.dataset.OrderedTableNameMap  - getTableName(tableName=RequestContext) - end - result=REQUESTCONTEXT
147887 [main] DEBUG org.dbunit.dataset.DefaultTable  - addTableRows(table=org.dbunit.dataset.DefaultTable[_metaData=tableName=RequestContext, columns=[(path, UNKNOWN, nullableUnknown), (id, UNKNOWN, nullableUnknown), (timeStamp, UNKNOWN, nullableUnknown)], keys=[], _rowList.size()=0]) - start
147888 [main] DEBUG org.dbunit.dataset.DefaultTable  - getValue(row=0, column=path) - start
147888 [main] DEBUG org.dbunit.dataset.AbstractTable  - assertValidRowIndex(row=0) - start
147888 [main] DEBUG org.dbunit.dataset.AbstractTable  - assertValidRowIndex(row=0, rowCount=0) - start
147888 [main] DEBUG org.dbunit.dataset.CachedDataSet  - startTable(metaData=tableName=Authority, columns=[], keys=[]) - start
147888 [main] DEBUG org.dbunit.dataset.CachedDataSet  - endTable() - start
147888 [main] DEBUG org.dbunit.dataset.OrderedTableNameMap  - getTableName(tableName=Authority) - start
147888 [main] DEBUG org.dbunit.dataset.OrderedTableNameMap  - getTableName(tableName=Authority) - end - result=AUTHORITY
147888 [main] DEBUG org.dbunit.dataset.OrderedTableNameMap  - getTableName(tableName=Authority) - start
147888 [main] DEBUG org.dbunit.dataset.OrderedTableNameMap  - getTableName(tableName=Authority) - end - result=AUTHORITY
147888 [main] DEBUG org.dbunit.dataset.DefaultTable  - addTableRows(table=org.dbunit.dataset.DefaultTable[_metaData=tableName=Authority, columns=[], keys=[], _rowList.size()=0]) - start
147888 [main] WARN  org.dbunit.dataset.DefaultTable  - The table 'org.dbunit.dataset.DefaultTable[_metaData=tableName=Authority, columns=[], keys=[], _rowList.size()=0]' does not have any columns. Cannot add table rows. This should never happen...
147888 [main] DEBUG org.dbunit.dataset.CachedDataSet  - startTable(metaData=tableName=User, columns=[], keys=[]) - start
147888 [main] DEBUG org.dbunit.dataset.CachedDataSet  - endTable() - start
147888 [main] DEBUG org.dbunit.dataset.OrderedTableNameMap  - getTableName(tableName=User) - start
147888 [main] DEBUG org.dbunit.dataset.OrderedTableNameMap  - getTableName(tableName=User) - end - result=USER
147888 [main] DEBUG org.dbunit.dataset.OrderedTableNameMap  - getTableName(tableName=User) - start
147888 [main] DEBUG org.dbunit.dataset.OrderedTableNameMap  - getTableName(tableName=User) - end - result=USER
147888 [main] DEBUG org.dbunit.dataset.DefaultTable  - addTableRows(table=org.dbunit.dataset.DefaultTable[_metaData=tableName=User, columns=[], keys=[], _rowList.size()=0]) - start
147888 [main] WARN  org.dbunit.dataset.DefaultTable  - The table 'org.dbunit.dataset.DefaultTable[_metaData=tableName=User, columns=[], keys=[], _rowList.size()=0]' does not have any columns. Cannot add table rows. This should never happen...
147888 [main] DEBUG org.dbunit.dataset.CachedDataSet  - startTable(metaData=tableName=Users_Authorities, columns=[], keys=[]) - start
147888 [main] DEBUG org.dbunit.dataset.CachedDataSet  - endTable() - start
147888 [main] DEBUG org.dbunit.dataset.OrderedTableNameMap  - getTableName(tableName=Users_Authorities) - start
147888 [main] DEBUG org.dbunit.dataset.OrderedTableNameMap  - getTableName(tableName=Users_Authorities) - end - result=USERS_AUTHORITIES
147888 [main] DEBUG org.dbunit.dataset.OrderedTableNameMap  - getTableName(tableName=Users_Authorities) - start
147888 [main] DEBUG org.dbunit.dataset.OrderedTableNameMap  - getTableName(tableName=Users_Authorities) - end - result=USERS_AUTHORITIES
147888 [main] DEBUG org.dbunit.dataset.DefaultTable  - addTableRows(table=org.dbunit.dataset.DefaultTable[_metaData=tableName=Users_Authorities, columns=[], keys=[], _rowList.size()=0]) - start
147888 [main] WARN  org.dbunit.dataset.DefaultTable  - The table 'org.dbunit.dataset.DefaultTable[_metaData=tableName=Users_Authorities, columns=[], keys=[], _rowList.size()=0]' does not have any columns. Cannot add table rows. This should never happen...
147888 [main] DEBUG org.dbunit.dataset.CachedDataSet  - startTable(metaData=tableName=ScopedContent_ScopedContentItem, columns=[], keys=[]) - start
147889 [main] DEBUG org.dbunit.dataset.CachedDataSet  - endTable() - start
147889 [main] DEBUG org.dbunit.dataset.OrderedTableNameMap  - getTableName(tableName=ScopedContent_ScopedContentItem) - start
147889 [main] DEBUG org.dbunit.dataset.OrderedTableNameMap  - getTableName(tableName=ScopedContent_ScopedContentItem) - end - result=SCOPEDCONTENT_SCOPEDCONTENTITEM
147889 [main] DEBUG org.dbunit.dataset.OrderedTableNameMap  - getTableName(tableName=ScopedContent_ScopedContentItem) - start
147889 [main] DEBUG org.dbunit.dataset.OrderedTableNameMap  - getTableName(tableName=ScopedContent_ScopedContentItem) - end - result=SCOPEDCONTENT_SCOPEDCONTENTITEM
147889 [main] DEBUG org.dbunit.dataset.DefaultTable  - addTableRows(table=org.dbunit.dataset.DefaultTable[_metaData=tableName=ScopedContent_ScopedContentItem, columns=[], keys=[], _rowList.size()=0]) - start
147889 [main] WARN  org.dbunit.dataset.DefaultTable  - The table 'org.dbunit.dataset.DefaultTable[_metaData=tableName=ScopedContent_ScopedContentItem, columns=[], keys=[], _rowList.size()=0]' does not have any columns. Cannot add table rows. This should never happen...
147889 [main] DEBUG org.dbunit.dataset.CachedDataSet  - startTable(metaData=tableName=Scope_RequestContext, columns=[], keys=[]) - start
147889 [main] DEBUG org.dbunit.dataset.CachedDataSet  - endTable() - start
147889 [main] DEBUG org.dbunit.dataset.OrderedTableNameMap  - getTableName(tableName=Scope_RequestContext) - start
147889 [main] DEBUG org.dbunit.dataset.OrderedTableNameMap  - getTableName(tableName=Scope_RequestContext) - end - result=SCOPE_REQUESTCONTEXT
147889 [main] DEBUG org.dbunit.dataset.OrderedTableNameMap  - getTableName(tableName=Scope_RequestContext) - start
147889 [main] DEBUG org.dbunit.dataset.OrderedTableNameMap  - getTableName(tableName=Scope_RequestContext) - end - result=SCOPE_REQUESTCONTEXT
147889 [main] DEBUG org.dbunit.dataset.DefaultTable  - addTableRows(table=org.dbunit.dataset.DefaultTable[_metaData=tableName=Scope_RequestContext, columns=[], keys=[], _rowList.size()=0]) - start
147889 [main] WARN  org.dbunit.dataset.DefaultTable  - The table 'org.dbunit.dataset.DefaultTable[_metaData=tableName=Scope_RequestContext, columns=[], keys=[], _rowList.size()=0]' does not have any columns. Cannot add table rows. This should never happen...
147889 [main] DEBUG org.dbunit.dataset.CachedDataSet  - startTable(metaData=tableName=Caption, columns=[], keys=[]) - start
147889 [main] DEBUG org.dbunit.dataset.CachedDataSet  - endTable() - start
147889 [main] DEBUG org.dbunit.dataset.OrderedTableNameMap  - getTableName(tableName=Caption) - start
147889 [main] DEBUG org.dbunit.dataset.OrderedTableNameMap  - getTableName(tableName=Caption) - end - result=CAPTION
147889 [main] DEBUG org.dbunit.dataset.OrderedTableNameMap  - getTableName(tableName=Caption) - start
147889 [main] DEBUG org.dbunit.dataset.OrderedTableNameMap  - getTableName(tableName=Caption) - end - result=CAPTION
147889 [main] DEBUG org.dbunit.dataset.DefaultTable  - addTableRows(table=org.dbunit.dataset.DefaultTable[_metaData=tableName=Caption, columns=[], keys=[], _rowList.size()=0]) - start
147889 [main] WARN  org.dbunit.dataset.DefaultTable  - The table 'org.dbunit.dataset.DefaultTable[_metaData=tableName=Caption, columns=[], keys=[], _rowList.size()=0]' does not have any columns. Cannot add table rows. This should never happen...
147889 [main] DEBUG org.dbunit.dataset.CachedDataSet  - startTable(metaData=tableName=ScopedContentConditions_ScopedContent, columns=[], keys=[]) - start
147889 [main] DEBUG org.dbunit.dataset.CachedDataSet  - endTable() - start
147889 [main] DEBUG org.dbunit.dataset.OrderedTableNameMap  - getTableName(tableName=ScopedContentConditions_ScopedContent) - start
147889 [main] DEBUG org.dbunit.dataset.OrderedTableNameMap  - getTableName(tableName=ScopedContentConditions_ScopedContent) - end - result=SCOPEDCONTENTCONDITIONS_SCOPEDCONTENT
147889 [main] DEBUG org.dbunit.dataset.OrderedTableNameMap  - getTableName(tableName=ScopedContentConditions_ScopedContent) - start
147889 [main] DEBUG org.dbunit.dataset.OrderedTableNameMap  - getTableName(tableName=ScopedContentConditions_ScopedContent) - end - result=SCOPEDCONTENTCONDITIONS_SCOPEDCONTENT
147890 [main] DEBUG org.dbunit.dataset.DefaultTable  - addTableRows(table=org.dbunit.dataset.DefaultTable[_metaData=tableName=ScopedContentConditions_ScopedContent, columns=[], keys=[], _rowList.size()=0]) - start
147890 [main] WARN  org.dbunit.dataset.DefaultTable  - The table 'org.dbunit.dataset.DefaultTable[_metaData=tableName=ScopedContentConditions_ScopedContent, columns=[], keys=[], _rowList.size()=0]' does not have any columns. Cannot add table rows. This should never happen...
147890 [main] DEBUG org.dbunit.dataset.CachedDataSet  - startTable(metaData=tableName=ScopedContentConditions_ScopedContentItem, columns=[], keys=[]) - start
147890 [main] DEBUG org.dbunit.dataset.CachedDataSet  - endTable() - start
147890 [main] DEBUG org.dbunit.dataset.OrderedTableNameMap  - getTableName(tableName=ScopedContentConditions_ScopedContentItem) - start
147890 [main] DEBUG org.dbunit.dataset.OrderedTableNameMap  - getTableName(tableName=ScopedContentConditions_ScopedContentItem) - end - result=SCOPEDCONTENTCONDITIONS_SCOPEDCONTENTITEM
147890 [main] DEBUG org.dbunit.dataset.OrderedTableNameMap  - getTableName(tableName=ScopedContentConditions_ScopedContentItem) - start
147890 [main] DEBUG org.dbunit.dataset.OrderedTableNameMap  - getTableName(tableName=ScopedContentConditions_ScopedContentItem) - end - result=SCOPEDCONTENTCONDITIONS_SCOPEDCONTENTITEM
147890 [main] DEBUG org.dbunit.dataset.DefaultTable  - addTableRows(table=org.dbunit.dataset.DefaultTable[_metaData=tableName=ScopedContentConditions_ScopedContentItem, columns=[], keys=[], _rowList.size()=0]) - start
147890 [main] WARN  org.dbunit.dataset.DefaultTable  - The table 'org.dbunit.dataset.DefaultTable[_metaData=tableName=ScopedContentConditions_ScopedContentItem, columns=[], keys=[], _rowList.size()=0]' does not have any columns. Cannot add table rows. This should never happen...
147890 [main] DEBUG org.dbunit.dataset.CachedDataSet  - startTable(metaData=tableName=NestedScopedContentConditions, columns=[], keys=[]) - start
147890 [main] DEBUG org.dbunit.dataset.CachedDataSet  - endTable() - start
147890 [main] DEBUG org.dbunit.dataset.OrderedTableNameMap  - getTableName(tableName=NestedScopedContentConditions) - start
147890 [main] DEBUG org.dbunit.dataset.OrderedTableNameMap  - getTableName(tableName=NestedScopedContentConditions) - end - result=NESTEDSCOPEDCONTENTCONDITIONS
147890 [main] DEBUG org.dbunit.dataset.OrderedTableNameMap  - getTableName(tableName=NestedScopedContentConditions) - start
147890 [main] DEBUG org.dbunit.dataset.OrderedTableNameMap  - getTableName(tableName=NestedScopedContentConditions) - end - result=NESTEDSCOPEDCONTENTCONDITIONS
147890 [main] DEBUG org.dbunit.dataset.DefaultTable  - addTableRows(table=org.dbunit.dataset.DefaultTable[_metaData=tableName=NestedScopedContentConditions, columns=[], keys=[], _rowList.size()=0]) - start
147890 [main] WARN  org.dbunit.dataset.DefaultTable  - The table 'org.dbunit.dataset.DefaultTable[_metaData=tableName=NestedScopedContentConditions, columns=[], keys=[], _rowList.size()=0]' does not have any columns. Cannot add table rows. This should never happen...
147890 [main] DEBUG org.dbunit.dataset.CachedDataSet  - endDataSet() - start
147890 [main] DEBUG org.dbunit.dataset.CachedDataSet  - endDataSet() - the final tableMap is: org.dbunit.dataset.OrderedTableNameMap[_tableNames=[Scope, ScopedContentConditionAttribute, ScopedContent, ScopedContentCondition, ScopedContentItem, RequestContext, Authority, User, Users_Authorities, ScopedContent_ScopedContentItem, Scope_RequestContext, Caption, ScopedContentConditions_ScopedContent, ScopedContentConditions_ScopedContentItem, NestedScopedContentConditions], _tableMap={SCOPE_REQUESTCONTEXT=org.dbunit.dataset.DefaultTable[_metaData=tableName=Scope_RequestContext, columns=[], keys=[], _rowList.size()=0], NESTEDSCOPEDCONTENTCONDITIONS=org.dbunit.dataset.DefaultTable[_metaData=tableName=NestedScopedContentConditions, columns=[], keys=[], _rowList.size()=0], SCOPE=org.dbunit.dataset.DefaultTable[_metaData=tableName=Scope, columns=[(name, UNKNOWN, nullableUnknown), (description, UNKNOWN, nullableUnknown), (id, UNKNOWN, nullableUnknown), (timeStamp, UNKNOWN, nullableUnknown)], keys=[], _rowList.size()=1], SCOPEDCONTENT_SCOPEDCONTENTITEM=org.dbunit.dataset.DefaultTable[_metaData=tableName=ScopedContent_ScopedContentItem, columns=[], keys=[], _rowList.size()=0], SCOPEDCONTENTCONDITIONATTRIBUTE=org.dbunit.dataset.DefaultTable[_metaData=tableName=ScopedContentConditionAttribute, columns=[(key, UNKNOWN, nullableUnknown), (checkOrder, UNKNOWN, nullableUnknown), (className, UNKNOWN, nullableUnknown), (valuePath, UNKNOWN, nullableUnknown), (operator, UNKNOWN, nullableUnknown), (expectedValue, UNKNOWN, nullableUnknown), (expectedValueType, UNKNOWN, nullableUnknown), (scopedContentCondition, UNKNOWN, nullableUnknown), (id, UNKNOWN, nullableUnknown), (timeStamp, UNKNOWN, nullableUnknown)], keys=[], _rowList.size()=1], SCOPEDCONTENTCONDITIONS_SCOPEDCONTENT=org.dbunit.dataset.DefaultTable[_metaData=tableName=ScopedContentConditions_ScopedContent, columns=[], keys=[], _rowList.size()=0], USER=org.dbunit.dataset.DefaultTable[_metaData=tableName=User, columns=[], keys=[], _rowList.size()=0], SCOPEDCONTENT=org.dbunit.dataset.DefaultTable[_metaData=tableName=ScopedContent, columns=[(name, UNKNOWN, nullableUnknown), (description, UNKNOWN, nullableUnknown), (scope, UNKNOWN, nullableUnknown), (id, UNKNOWN, nullableUnknown), (timeStamp, UNKNOWN, nullableUnknown)], keys=[], _rowList.size()=1], REQUESTCONTEXT=org.dbunit.dataset.DefaultTable[_metaData=tableName=RequestContext, columns=[(path, UNKNOWN, nullableUnknown), (id, UNKNOWN, nullableUnknown), (timeStamp, UNKNOWN, nullableUnknown)], keys=[], _rowList.size()=1], AUTHORITY=org.dbunit.dataset.DefaultTable[_metaData=tableName=Authority, columns=[], keys=[], _rowList.size()=0], USERS_AUTHORITIES=org.dbunit.dataset.DefaultTable[_metaData=tableName=Users_Authorities, columns=[], keys=[], _rowList.size()=0], SCOPEDCONTENTITEM=org.dbunit.dataset.DefaultTable[_metaData=tableName=ScopedContentItem, columns=[(tagName, UNKNOWN, nullableUnknown), (cssClass, UNKNOWN, nullableUnknown), (content, UNKNOWN, nullableUnknown), (type, UNKNOWN, nullableUnknown), (id, UNKNOWN, nullableUnknown), (timeStamp, UNKNOWN, nullableUnknown)], keys=[], _rowList.size()=1], CAPTION=org.dbunit.dataset.DefaultTable[_metaData=tableName=Caption, columns=[], keys=[], _rowList.size()=0], SCOPEDCONTENTCONDITIONS_SCOPEDCONTENTITEM=org.dbunit.dataset.DefaultTable[_metaData=tableName=ScopedContentConditions_ScopedContentItem, columns=[], keys=[], _rowList.size()=0], SCOPEDCONTENTCONDITION=org.dbunit.dataset.DefaultTable[_metaData=tableName=ScopedContentCondition, columns=[(name, UNKNOWN, nullableUnknown), (description, UNKNOWN, nullableUnknown), (operator, UNKNOWN, nullableUnknown), (id, UNKNOWN, nullableUnknown), (timeStamp, UNKNOWN, nullableUnknown)], keys=[], _rowList.size()=1]}, _caseSensitiveTableNames=false]
147891 [main] DEBUG org.dbunit.operation.CompositeOperation  - execute(connection=_databaseConfig=org.dbunit.database.DatabaseConfig[, _propertyMap={http://www.dbunit.org/properties/statementFactory=org.dbunit.database.statement.PreparedStatementFactory@626bc2b8, http://www.dbunit.org/features/caseSensitiveTableNames=false, http://www.dbunit.org/properties/fetchSize=100, http://www.dbunit.org/features/batchedStatements=false, http://www.dbunit.org/properties/metadataHandler=org.dbunit.database.DefaultMetadataHandler@3bbfdfde, http://www.dbunit.org/properties/datatypeFactory=org.dbunit.dataset.datatype.DefaultDataTypeFactory[_toleratedDeltaMap=org.dbunit.dataset.datatype.ToleratedDeltaMap@6452310a], http://www.dbunit.org/properties/escapePattern=null, http://www.dbunit.org/properties/batchSize=100, http://www.dbunit.org/features/qualifiedTableNames=false, http://www.dbunit.org/properties/tableType=[Ljava.lang.String;@5011bafa, http://www.dbunit.org/properties/resultSetTableFactory=org.dbunit.database.CachedResultSetTableFactory@10bcf083, http://www.dbunit.org/features/datatypeWarning=true}], _dataSet=AbstractDataSet[_orderedTableNameMap=null], , dataSet=AbstractDataSet[_orderedTableNameMap=null]) - start
147891 [main] DEBUG org.dbunit.operation.DeleteAllOperation  - execute(connection=_databaseConfig=org.dbunit.database.DatabaseConfig[, _propertyMap={http://www.dbunit.org/properties/statementFactory=org.dbunit.database.statement.PreparedStatementFactory@626bc2b8, http://www.dbunit.org/features/caseSensitiveTableNames=false, http://www.dbunit.org/properties/fetchSize=100, http://www.dbunit.org/features/batchedStatements=false, http://www.dbunit.org/properties/metadataHandler=org.dbunit.database.DefaultMetadataHandler@3bbfdfde, http://www.dbunit.org/properties/datatypeFactory=org.dbunit.dataset.datatype.DefaultDataTypeFactory[_toleratedDeltaMap=org.dbunit.dataset.datatype.ToleratedDeltaMap@6452310a], http://www.dbunit.org/properties/escapePattern=null, http://www.dbunit.org/properties/batchSize=100, http://www.dbunit.org/features/qualifiedTableNames=false, http://www.dbunit.org/properties/tableType=[Ljava.lang.String;@5011bafa, http://www.dbunit.org/properties/resultSetTableFactory=org.dbunit.database.CachedResultSetTableFactory@10bcf083, http://www.dbunit.org/features/datatypeWarning=true}], _dataSet=AbstractDataSet[_orderedTableNameMap=null], dataSet=AbstractDataSet[_orderedTableNameMap=null]) - start
147891 [main] DEBUG org.dbunit.database.AbstractDatabaseConnection  - createDataSet() - start
147891 [main] TRACE org.dbunit.database.DatabaseConfig  - getProperty(name=http://www.dbunit.org/properties/statementFactory) - start
147891 [main] DEBUG org.dbunit.database.statement.PreparedStatementFactory  - createBatchStatement(connection=_databaseConfig=org.dbunit.database.DatabaseConfig[, _propertyMap={http://www.dbunit.org/properties/statementFactory=org.dbunit.database.statement.PreparedStatementFactory@626bc2b8, http://www.dbunit.org/features/caseSensitiveTableNames=false, http://www.dbunit.org/properties/fetchSize=100, http://www.dbunit.org/features/batchedStatements=false, http://www.dbunit.org/properties/metadataHandler=org.dbunit.database.DefaultMetadataHandler@3bbfdfde, http://www.dbunit.org/properties/datatypeFactory=org.dbunit.dataset.datatype.DefaultDataTypeFactory[_toleratedDeltaMap=org.dbunit.dataset.datatype.ToleratedDeltaMap@6452310a], http://www.dbunit.org/properties/escapePattern=null, http://www.dbunit.org/properties/batchSize=100, http://www.dbunit.org/features/qualifiedTableNames=false, http://www.dbunit.org/properties/tableType=[Ljava.lang.String;@5011bafa, http://www.dbunit.org/properties/resultSetTableFactory=org.dbunit.database.CachedResultSetTableFactory@10bcf083, http://www.dbunit.org/features/datatypeWarning=true}], _dataSet=AbstractDataSet[_orderedTableNameMap=null]) - start
147891 [main] DEBUG org.dbunit.database.statement.AbstractStatementFactory  - supportBatchStatement(connection=_databaseConfig=org.dbunit.database.DatabaseConfig[, _propertyMap={http://www.dbunit.org/properties/statementFactory=org.dbunit.database.statement.PreparedStatementFactory@626bc2b8, http://www.dbunit.org/features/caseSensitiveTableNames=false, http://www.dbunit.org/properties/fetchSize=100, http://www.dbunit.org/features/batchedStatements=false, http://www.dbunit.org/properties/metadataHandler=org.dbunit.database.DefaultMetadataHandler@3bbfdfde, http://www.dbunit.org/properties/datatypeFactory=org.dbunit.dataset.datatype.DefaultDataTypeFactory[_toleratedDeltaMap=org.dbunit.dataset.datatype.ToleratedDeltaMap@6452310a], http://www.dbunit.org/properties/escapePattern=null, http://www.dbunit.org/properties/batchSize=100, http://www.dbunit.org/features/qualifiedTableNames=false, http://www.dbunit.org/properties/tableType=[Ljava.lang.String;@5011bafa, http://www.dbunit.org/properties/resultSetTableFactory=org.dbunit.database.CachedResultSetTableFactory@10bcf083, http://www.dbunit.org/features/datatypeWarning=true}], _dataSet=AbstractDataSet[_orderedTableNameMap=null]) - start
147891 [main] TRACE org.dbunit.database.DatabaseConfig  - getFeature(name=http://www.dbunit.org/features/batchedStatements) - start
147891 [main] TRACE org.dbunit.database.DatabaseConfig  - getProperty(name=http://www.dbunit.org/features/batchedStatements) - start
147891 [main] DEBUG org.dbunit.database.DatabaseDataSourceConnection  - getConnection() - start
147891 [main] DEBUG org.dbunit.dataset.AbstractDataSet  - iterator() - start
147891 [main] DEBUG org.dbunit.dataset.FilteredDataSet  - createIterator(reversed=false) - start
147891 [main] DEBUG org.dbunit.dataset.filter.SequenceTableFilter  - iterator(dataSet=AbstractDataSet[_orderedTableNameMap=org.dbunit.dataset.OrderedTableNameMap[_tableNames=[Scope, ScopedContentConditionAttribute, ScopedContent, ScopedContentCondition, ScopedContentItem, RequestContext, Authority, User, Users_Authorities, ScopedContent_ScopedContentItem, Scope_RequestContext, Caption, ScopedContentConditions_ScopedContent, ScopedContentConditions_ScopedContentItem, NestedScopedContentConditions], _tableMap={SCOPE_REQUESTCONTEXT=org.dbunit.dataset.DefaultTable[_metaData=tableName=Scope_RequestContext, columns=[], keys=[], _rowList.size()=0], NESTEDSCOPEDCONTENTCONDITIONS=org.dbunit.dataset.DefaultTable[_metaData=tableName=NestedScopedContentConditions, columns=[], keys=[], _rowList.size()=0], SCOPE=org.dbunit.dataset.DefaultTable[_metaData=tableName=Scope, columns=[(name, UNKNOWN, nullableUnknown), (description, UNKNOWN, nullableUnknown), (id, UNKNOWN, nullableUnknown), (timeStamp, UNKNOWN, nullableUnknown)], keys=[], _rowList.size()=1], SCOPEDCONTENT_SCOPEDCONTENTITEM=org.dbunit.dataset.DefaultTable[_metaData=tableName=ScopedContent_ScopedContentItem, columns=[], keys=[], _rowList.size()=0], SCOPEDCONTENTCONDITIONATTRIBUTE=org.dbunit.dataset.DefaultTable[_metaData=tableName=ScopedContentConditionAttribute, columns=[(key, UNKNOWN, nullableUnknown), (checkOrder, UNKNOWN, nullableUnknown), (className, UNKNOWN, nullableUnknown), (valuePath, UNKNOWN, nullableUnknown), (operator, UNKNOWN, nullableUnknown), (expectedValue, UNKNOWN, nullableUnknown), (expectedValueType, UNKNOWN, nullableUnknown), (scopedContentCondition, UNKNOWN, nullableUnknown), (id, UNKNOWN, nullableUnknown), (timeStamp, UNKNOWN, nullableUnknown)], keys=[], _rowList.size()=1], SCOPEDCONTENTCONDITIONS_SCOPEDCONTENT=org.dbunit.dataset.DefaultTable[_metaData=tableName=ScopedContentConditions_ScopedContent, columns=[], keys=[], _rowList.size()=0], USER=org.dbunit.dataset.DefaultTable[_metaData=tableName=User, columns=[], keys=[], _rowList.size()=0], SCOPEDCONTENT=org.dbunit.dataset.DefaultTable[_metaData=tableName=ScopedContent, columns=[(name, UNKNOWN, nullableUnknown), (description, UNKNOWN, nullableUnknown), (scope, UNKNOWN, nullableUnknown), (id, UNKNOWN, nullableUnknown), (timeStamp, UNKNOWN, nullableUnknown)], keys=[], _rowList.size()=1], REQUESTCONTEXT=org.dbunit.dataset.DefaultTable[_metaData=tableName=RequestContext, columns=[(path, UNKNOWN, nullableUnknown), (id, UNKNOWN, nullableUnknown), (timeStamp, UNKNOWN, nullableUnknown)], keys=[], _rowList.size()=1], AUTHORITY=org.dbunit.dataset.DefaultTable[_metaData=tableName=Authority, columns=[], keys=[], _rowList.size()=0], USERS_AUTHORITIES=org.dbunit.dataset.DefaultTable[_metaData=tableName=Users_Authorities, columns=[], keys=[], _rowList.size()=0], SCOPEDCONTENTITEM=org.dbunit.dataset.DefaultTable[_metaData=tableName=ScopedContentItem, columns=[(tagName, UNKNOWN, nullableUnknown), (cssClass, UNKNOWN, nullableUnknown), (content, UNKNOWN, nullableUnknown), (type, UNKNOWN, nullableUnknown), (id, UNKNOWN, nullableUnknown), (timeStamp, UNKNOWN, nullableUnknown)], keys=[], _rowList.size()=1], CAPTION=org.dbunit.dataset.DefaultTable[_metaData=tableName=Caption, columns=[], keys=[], _rowList.size()=0], SCOPEDCONTENTCONDITIONS_SCOPEDCONTENTITEM=org.dbunit.dataset.DefaultTable[_metaData=tableName=ScopedContentConditions_ScopedContentItem, columns=[], keys=[], _rowList.size()=0], SCOPEDCONTENTCONDITION=org.dbunit.dataset.DefaultTable[_metaData=tableName=ScopedContentCondition, columns=[(name, UNKNOWN, nullableUnknown), (description, UNKNOWN, nullableUnknown), (operator, UNKNOWN, nullableUnknown), (id, UNKNOWN, nullableUnknown), (timeStamp, UNKNOWN, nullableUnknown)], keys=[], _rowList.size()=1]}, _caseSensitiveTableNames=false]], reversed=false) - start
147892 [main] DEBUG org.dbunit.dataset.filter.SequenceTableFilter  - getTableNames(dataSet=AbstractDataSet[_orderedTableNameMap=org.dbunit.dataset.OrderedTableNameMap[_tableNames=[Scope, ScopedContentConditionAttribute, ScopedContent, ScopedContentCondition, ScopedContentItem, RequestContext, Authority, User, Users_Authorities, ScopedContent_ScopedContentItem, Scope_RequestContext, Caption, ScopedContentConditions_ScopedContent, ScopedContentConditions_ScopedContentItem, NestedScopedContentConditions], _tableMap={SCOPE_REQUESTCONTEXT=org.dbunit.dataset.DefaultTable[_metaData=tableName=Scope_RequestContext, columns=[], keys=[], _rowList.size()=0], NESTEDSCOPEDCONTENTCONDITIONS=org.dbunit.dataset.DefaultTable[_metaData=tableName=NestedScopedContentConditions, columns=[], keys=[], _rowList.size()=0], SCOPE=org.dbunit.dataset.DefaultTable[_metaData=tableName=Scope, columns=[(name, UNKNOWN, nullableUnknown), (description, UNKNOWN, nullableUnknown), (id, UNKNOWN, nullableUnknown), (timeStamp, UNKNOWN, nullableUnknown)], keys=[], _rowList.size()=1], SCOPEDCONTENT_SCOPEDCONTENTITEM=org.dbunit.dataset.DefaultTable[_metaData=tableName=ScopedContent_ScopedContentItem, columns=[], keys=[], _rowList.size()=0], SCOPEDCONTENTCONDITIONATTRIBUTE=org.dbunit.dataset.DefaultTable[_metaData=tableName=ScopedContentConditionAttribute, columns=[(key, UNKNOWN, nullableUnknown), (checkOrder, UNKNOWN, nullableUnknown), (className, UNKNOWN, nullableUnknown), (valuePath, UNKNOWN, nullableUnknown), (operator, UNKNOWN, nullableUnknown), (expectedValue, UNKNOWN, nullableUnknown), (expectedValueType, UNKNOWN, nullableUnknown), (scopedContentCondition, UNKNOWN, nullableUnknown), (id, UNKNOWN, nullableUnknown), (timeStamp, UNKNOWN, nullableUnknown)], keys=[], _rowList.size()=1], SCOPEDCONTENTCONDITIONS_SCOPEDCONTENT=org.dbunit.dataset.DefaultTable[_metaData=tableName=ScopedContentConditions_ScopedContent, columns=[], keys=[], _rowList.size()=0], USER=org.dbunit.dataset.DefaultTable[_metaData=tableName=User, columns=[], keys=[], _rowList.size()=0], SCOPEDCONTENT=org.dbunit.dataset.DefaultTable[_metaData=tableName=ScopedContent, columns=[(name, UNKNOWN, nullableUnknown), (description, UNKNOWN, nullableUnknown), (scope, UNKNOWN, nullableUnknown), (id, UNKNOWN, nullableUnknown), (timeStamp, UNKNOWN, nullableUnknown)], keys=[], _rowList.size()=1], REQUESTCONTEXT=org.dbunit.dataset.DefaultTable[_metaData=tableName=RequestContext, columns=[(path, UNKNOWN, nullableUnknown), (id, UNKNOWN, nullableUnknown), (timeStamp, UNKNOWN, nullableUnknown)], keys=[], _rowList.size()=1], AUTHORITY=org.dbunit.dataset.DefaultTable[_metaData=tableName=Authority, columns=[], keys=[], _rowList.size()=0], USERS_AUTHORITIES=org.dbunit.dataset.DefaultTable[_metaData=tableName=Users_Authorities, columns=[], keys=[], _rowList.size()=0], SCOPEDCONTENTITEM=org.dbunit.dataset.DefaultTable[_metaData=tableName=ScopedContentItem, columns=[(tagName, UNKNOWN, nullableUnknown), (cssClass, UNKNOWN, nullableUnknown), (content, UNKNOWN, nullableUnknown), (type, UNKNOWN, nullableUnknown), (id, UNKNOWN, nullableUnknown), (timeStamp, UNKNOWN, nullableUnknown)], keys=[], _rowList.size()=1], CAPTION=org.dbunit.dataset.DefaultTable[_metaData=tableName=Caption, columns=[], keys=[], _rowList.size()=0], SCOPEDCONTENTCONDITIONS_SCOPEDCONTENTITEM=org.dbunit.dataset.DefaultTable[_metaData=tableName=ScopedContentConditions_ScopedContentItem, columns=[], keys=[], _rowList.size()=0], SCOPEDCONTENTCONDITION=org.dbunit.dataset.DefaultTable[_metaData=tableName=ScopedContentCondition, columns=[(name, UNKNOWN, nullableUnknown), (description, UNKNOWN, nullableUnknown), (operator, UNKNOWN, nullableUnknown), (id, UNKNOWN, nullableUnknown), (timeStamp, UNKNOWN, nullableUnknown)], keys=[], _rowList.size()=1]}, _caseSensitiveTableNames=false]]) - start
147892 [main] DEBUG org.dbunit.dataset.AbstractDataSet  - getTableMetaData(tableName=AUTHORITY) - start
147892 [main] DEBUG org.dbunit.dataset.AbstractDataSet  - getTable(tableName=AUTHORITY) - start
147892 [main] DEBUG org.dbunit.dataset.AbstractDataSet  - initialize() - start
147892 [main] DEBUG org.dbunit.dataset.AbstractDataSet  - The table name map has already been initialized.
147892 [main] DEBUG org.dbunit.dataset.OrderedTableNameMap  - getTableName(tableName=AUTHORITY) - start
147892 [main] DEBUG org.dbunit.dataset.OrderedTableNameMap  - getTableName(tableName=AUTHORITY) - end - result=AUTHORITY
147892 [main] DEBUG org.dbunit.dataset.AbstractDataSet  - getTableMetaData(tableName=CAPTION) - start
147892 [main] DEBUG org.dbunit.dataset.AbstractDataSet  - getTable(tableName=CAPTION) - start
147892 [main] DEBUG org.dbunit.dataset.AbstractDataSet  - initialize() - start
147892 [main] DEBUG org.dbunit.dataset.AbstractDataSet  - The table name map has already been initialized.
147892 [main] DEBUG org.dbunit.dataset.OrderedTableNameMap  - getTableName(tableName=CAPTION) - start
147892 [main] DEBUG org.dbunit.dataset.OrderedTableNameMap  - getTableName(tableName=CAPTION) - end - result=CAPTION
147892 [main] DEBUG org.dbunit.dataset.AbstractDataSet  - getTableMetaData(tableName=SCOPEDCONTENTCONDITION) - start
147892 [main] DEBUG org.dbunit.dataset.AbstractDataSet  - getTable(tableName=SCOPEDCONTENTCONDITION) - start
147892 [main] DEBUG org.dbunit.dataset.AbstractDataSet  - initialize() - start
147892 [main] DEBUG org.dbunit.dataset.AbstractDataSet  - The table name map has already been initialized.
147892 [main] DEBUG org.dbunit.dataset.OrderedTableNameMap  - getTableName(tableName=SCOPEDCONTENTCONDITION) - start
147892 [main] DEBUG org.dbunit.dataset.OrderedTableNameMap  - getTableName(tableName=SCOPEDCONTENTCONDITION) - end - result=SCOPEDCONTENTCONDITION
147893 [main] DEBUG org.dbunit.dataset.AbstractDataSet  - getTableMetaData(tableName=NESTEDSCOPEDCONTENTCONDITIONS) - start
147893 [main] DEBUG org.dbunit.dataset.AbstractDataSet  - getTable(tableName=NESTEDSCOPEDCONTENTCONDITIONS) - start
147893 [main] DEBUG org.dbunit.dataset.AbstractDataSet  - initialize() - start
147893 [main] DEBUG org.dbunit.dataset.AbstractDataSet  - The table name map has already been initialized.
147893 [main] DEBUG org.dbunit.dataset.OrderedTableNameMap  - getTableName(tableName=NESTEDSCOPEDCONTENTCONDITIONS) - start
147893 [main] DEBUG org.dbunit.dataset.OrderedTableNameMap  - getTableName(tableName=NESTEDSCOPEDCONTENTCONDITIONS) - end - result=NESTEDSCOPEDCONTENTCONDITIONS
147893 [main] DEBUG org.dbunit.dataset.AbstractDataSet  - getTableMetaData(tableName=REQUESTCONTEXT) - start
147893 [main] DEBUG org.dbunit.dataset.AbstractDataSet  - getTable(tableName=REQUESTCONTEXT) - start
147893 [main] DEBUG org.dbunit.dataset.AbstractDataSet  - initialize() - start
147893 [main] DEBUG org.dbunit.dataset.AbstractDataSet  - The table name map has already been initialized.
147893 [main] DEBUG org.dbunit.dataset.OrderedTableNameMap  - getTableName(tableName=REQUESTCONTEXT) - start
147893 [main] DEBUG org.dbunit.dataset.OrderedTableNameMap  - getTableName(tableName=REQUESTCONTEXT) - end - result=REQUESTCONTEXT
147893 [main] DEBUG org.dbunit.dataset.AbstractDataSet  - getTableMetaData(tableName=SCOPE) - start
147893 [main] DEBUG org.dbunit.dataset.AbstractDataSet  - getTable(tableName=SCOPE) - start
147893 [main] DEBUG org.dbunit.dataset.AbstractDataSet  - initialize() - start
147893 [main] DEBUG org.dbunit.dataset.AbstractDataSet  - The table name map has already been initialized.
147893 [main] DEBUG org.dbunit.dataset.OrderedTableNameMap  - getTableName(tableName=SCOPE) - start
147893 [main] DEBUG org.dbunit.dataset.OrderedTableNameMap  - getTableName(tableName=SCOPE) - end - result=SCOPE
147893 [main] DEBUG org.dbunit.dataset.AbstractDataSet  - getTableMetaData(tableName=SCOPEDCONTENT) - start
147893 [main] DEBUG org.dbunit.dataset.AbstractDataSet  - getTable(tableName=SCOPEDCONTENT) - start
147893 [main] DEBUG org.dbunit.dataset.AbstractDataSet  - initialize() - start
147893 [main] DEBUG org.dbunit.dataset.AbstractDataSet  - The table name map has already been initialized.
147893 [main] DEBUG org.dbunit.dataset.OrderedTableNameMap  - getTableName(tableName=SCOPEDCONTENT) - start
147893 [main] DEBUG org.dbunit.dataset.OrderedTableNameMap  - getTableName(tableName=SCOPEDCONTENT) - end - result=SCOPEDCONTENT
147893 [main] DEBUG org.dbunit.dataset.AbstractDataSet  - getTableMetaData(tableName=SCOPEDCONTENTCONDITIONATTRIBUTE) - start
147893 [main] DEBUG org.dbunit.dataset.AbstractDataSet  - getTable(tableName=SCOPEDCONTENTCONDITIONATTRIBUTE) - start
147893 [main] DEBUG org.dbunit.dataset.AbstractDataSet  - initialize() - start
147893 [main] DEBUG org.dbunit.dataset.AbstractDataSet  - The table name map has already been initialized.
147893 [main] DEBUG org.dbunit.dataset.OrderedTableNameMap  - getTableName(tableName=SCOPEDCONTENTCONDITIONATTRIBUTE) - start
147893 [main] DEBUG org.dbunit.dataset.OrderedTableNameMap  - getTableName(tableName=SCOPEDCONTENTCONDITIONATTRIBUTE) - end - result=SCOPEDCONTENTCONDITIONATTRIBUTE
147893 [main] DEBUG org.dbunit.dataset.AbstractDataSet  - getTableMetaData(tableName=SCOPEDCONTENTCONDITIONS_SCOPEDCONTENT) - start
147894 [main] DEBUG org.dbunit.dataset.AbstractDataSet  - getTable(tableName=SCOPEDCONTENTCONDITIONS_SCOPEDCONTENT) - start
147894 [main] DEBUG org.dbunit.dataset.AbstractDataSet  - initialize() - start
147894 [main] DEBUG org.dbunit.dataset.AbstractDataSet  - The table name map has already been initialized.
147894 [main] DEBUG org.dbunit.dataset.OrderedTableNameMap  - getTableName(tableName=SCOPEDCONTENTCONDITIONS_SCOPEDCONTENT) - start
147894 [main] DEBUG org.dbunit.dataset.OrderedTableNameMap  - getTableName(tableName=SCOPEDCONTENTCONDITIONS_SCOPEDCONTENT) - end - result=SCOPEDCONTENTCONDITIONS_SCOPEDCONTENT
147894 [main] DEBUG org.dbunit.dataset.AbstractDataSet  - getTableMetaData(tableName=SCOPEDCONTENTITEM) - start
147894 [main] DEBUG org.dbunit.dataset.AbstractDataSet  - getTable(tableName=SCOPEDCONTENTITEM) - start
147894 [main] DEBUG org.dbunit.dataset.AbstractDataSet  - initialize() - start
147894 [main] DEBUG org.dbunit.dataset.AbstractDataSet  - The table name map has already been initialized.
147894 [main] DEBUG org.dbunit.dataset.OrderedTableNameMap  - getTableName(tableName=SCOPEDCONTENTITEM) - start
147894 [main] DEBUG org.dbunit.dataset.OrderedTableNameMap  - getTableName(tableName=SCOPEDCONTENTITEM) - end - result=SCOPEDCONTENTITEM
147894 [main] DEBUG org.dbunit.dataset.AbstractDataSet  - getTableMetaData(tableName=SCOPEDCONTENTCONDITIONS_SCOPEDCONTENTITEM) - start
147894 [main] DEBUG org.dbunit.dataset.AbstractDataSet  - getTable(tableName=SCOPEDCONTENTCONDITIONS_SCOPEDCONTENTITEM) - start
147894 [main] DEBUG org.dbunit.dataset.AbstractDataSet  - initialize() - start
147894 [main] DEBUG org.dbunit.dataset.AbstractDataSet  - The table name map has already been initialized.
147894 [main] DEBUG org.dbunit.dataset.OrderedTableNameMap  - getTableName(tableName=SCOPEDCONTENTCONDITIONS_SCOPEDCONTENTITEM) - start
147894 [main] DEBUG org.dbunit.dataset.OrderedTableNameMap  - getTableName(tableName=SCOPEDCONTENTCONDITIONS_SCOPEDCONTENTITEM) - end - result=SCOPEDCONTENTCONDITIONS_SCOPEDCONTENTITEM
147894 [main] DEBUG org.dbunit.dataset.AbstractDataSet  - getTableMetaData(tableName=SCOPEDCONTENT_SCOPEDCONTENTITEM) - start
147894 [main] DEBUG org.dbunit.dataset.AbstractDataSet  - getTable(tableName=SCOPEDCONTENT_SCOPEDCONTENTITEM) - start
147894 [main] DEBUG org.dbunit.dataset.AbstractDataSet  - initialize() - start
147894 [main] DEBUG org.dbunit.dataset.AbstractDataSet  - The table name map has already been initialized.
147894 [main] DEBUG org.dbunit.dataset.OrderedTableNameMap  - getTableName(tableName=SCOPEDCONTENT_SCOPEDCONTENTITEM) - start
147894 [main] DEBUG org.dbunit.dataset.OrderedTableNameMap  - getTableName(tableName=SCOPEDCONTENT_SCOPEDCONTENTITEM) - end - result=SCOPEDCONTENT_SCOPEDCONTENTITEM
147894 [main] DEBUG org.dbunit.dataset.AbstractDataSet  - getTableMetaData(tableName=SCOPE_REQUESTCONTEXT) - start
147894 [main] DEBUG org.dbunit.dataset.AbstractDataSet  - getTable(tableName=SCOPE_REQUESTCONTEXT) - start
147894 [main] DEBUG org.dbunit.dataset.AbstractDataSet  - initialize() - start
147894 [main] DEBUG org.dbunit.dataset.AbstractDataSet  - The table name map has already been initialized.
147894 [main] DEBUG org.dbunit.dataset.OrderedTableNameMap  - getTableName(tableName=SCOPE_REQUESTCONTEXT) - start
147894 [main] DEBUG org.dbunit.dataset.OrderedTableNameMap  - getTableName(tableName=SCOPE_REQUESTCONTEXT) - end - result=SCOPE_REQUESTCONTEXT
147894 [main] DEBUG org.dbunit.dataset.AbstractDataSet  - getTableMetaData(tableName=USER) - start
147894 [main] DEBUG org.dbunit.dataset.AbstractDataSet  - getTable(tableName=USER) - start
147895 [main] DEBUG org.dbunit.dataset.AbstractDataSet  - initialize() - start
147895 [main] DEBUG org.dbunit.dataset.AbstractDataSet  - The table name map has already been initialized.
147895 [main] DEBUG org.dbunit.dataset.OrderedTableNameMap  - getTableName(tableName=USER) - start
147895 [main] DEBUG org.dbunit.dataset.OrderedTableNameMap  - getTableName(tableName=USER) - end - result=USER
147895 [main] DEBUG org.dbunit.dataset.AbstractDataSet  - getTableMetaData(tableName=USERS_AUTHORITIES) - start
147895 [main] DEBUG org.dbunit.dataset.AbstractDataSet  - getTable(tableName=USERS_AUTHORITIES) - start
147895 [main] DEBUG org.dbunit.dataset.AbstractDataSet  - initialize() - start
147895 [main] DEBUG org.dbunit.dataset.AbstractDataSet  - The table name map has already been initialized.
147895 [main] DEBUG org.dbunit.dataset.OrderedTableNameMap  - getTableName(tableName=USERS_AUTHORITIES) - start
147895 [main] DEBUG org.dbunit.dataset.OrderedTableNameMap  - getTableName(tableName=USERS_AUTHORITIES) - end - result=USERS_AUTHORITIES
147895 [main] DEBUG org.dbunit.dataset.filter.SequenceTableIterator  - next() - start
147895 [main] DEBUG org.dbunit.dataset.filter.SequenceTableIterator  - getTableMetaData() - start
147895 [main] DEBUG org.dbunit.dataset.AbstractDataSet  - getTableMetaData(tableName=Authority) - start
147895 [main] DEBUG org.dbunit.dataset.AbstractDataSet  - getTable(tableName=Authority) - start
147895 [main] DEBUG org.dbunit.dataset.AbstractDataSet  - initialize() - start
147895 [main] DEBUG org.dbunit.dataset.AbstractDataSet  - The table name map has already been initialized.
147895 [main] DEBUG org.dbunit.dataset.OrderedTableNameMap  - getTableName(tableName=Authority) - start
147895 [main] DEBUG org.dbunit.dataset.OrderedTableNameMap  - getTableName(tableName=Authority) - end - result=AUTHORITY
147895 [main] DEBUG org.dbunit.dataset.filter.SequenceTableIterator  - next() - start
147895 [main] DEBUG org.dbunit.dataset.filter.SequenceTableIterator  - getTableMetaData() - start
147895 [main] DEBUG org.dbunit.dataset.AbstractDataSet  - getTableMetaData(tableName=Caption) - start
147895 [main] DEBUG org.dbunit.dataset.AbstractDataSet  - getTable(tableName=Caption) - start
147895 [main] DEBUG org.dbunit.dataset.AbstractDataSet  - initialize() - start
147895 [main] DEBUG org.dbunit.dataset.AbstractDataSet  - The table name map has already been initialized.
147895 [main] DEBUG org.dbunit.dataset.OrderedTableNameMap  - getTableName(tableName=Caption) - start
147895 [main] DEBUG org.dbunit.dataset.OrderedTableNameMap  - getTableName(tableName=Caption) - end - result=CAPTION
147895 [main] DEBUG org.dbunit.dataset.filter.SequenceTableIterator  - next() - start
147895 [main] DEBUG org.dbunit.dataset.filter.SequenceTableIterator  - getTableMetaData() - start
147895 [main] DEBUG org.dbunit.dataset.AbstractDataSet  - getTableMetaData(tableName=ScopedContentCondition) - start
147895 [main] DEBUG org.dbunit.dataset.AbstractDataSet  - getTable(tableName=ScopedContentCondition) - start
147896 [main] DEBUG org.dbunit.dataset.AbstractDataSet  - initialize() - start
147896 [main] DEBUG org.dbunit.dataset.AbstractDataSet  - The table name map has already been initialized.
147896 [main] DEBUG org.dbunit.dataset.OrderedTableNameMap  - getTableName(tableName=ScopedContentCondition) - start
147896 [main] DEBUG org.dbunit.dataset.OrderedTableNameMap  - getTableName(tableName=ScopedContentCondition) - end - result=SCOPEDCONTENTCONDITION
147896 [main] DEBUG org.dbunit.dataset.filter.SequenceTableIterator  - next() - start
147896 [main] DEBUG org.dbunit.dataset.filter.SequenceTableIterator  - getTableMetaData() - start
147896 [main] DEBUG org.dbunit.dataset.AbstractDataSet  - getTableMetaData(tableName=NestedScopedContentConditions) - start
147896 [main] DEBUG org.dbunit.dataset.AbstractDataSet  - getTable(tableName=NestedScopedContentConditions) - start
147896 [main] DEBUG org.dbunit.dataset.AbstractDataSet  - initialize() - start
147896 [main] DEBUG org.dbunit.dataset.AbstractDataSet  - The table name map has already been initialized.
147896 [main] DEBUG org.dbunit.dataset.OrderedTableNameMap  - getTableName(tableName=NestedScopedContentConditions) - start
147896 [main] DEBUG org.dbunit.dataset.OrderedTableNameMap  - getTableName(tableName=NestedScopedContentConditions) - end - result=NESTEDSCOPEDCONTENTCONDITIONS
147896 [main] DEBUG org.dbunit.dataset.filter.SequenceTableIterator  - next() - start
147896 [main] DEBUG org.dbunit.dataset.filter.SequenceTableIterator  - getTableMetaData() - start
147896 [main] DEBUG org.dbunit.dataset.AbstractDataSet  - getTableMetaData(tableName=RequestContext) - start
147896 [main] DEBUG org.dbunit.dataset.AbstractDataSet  - getTable(tableName=RequestContext) - start
147896 [main] DEBUG org.dbunit.dataset.AbstractDataSet  - initialize() - start
147896 [main] DEBUG org.dbunit.dataset.AbstractDataSet  - The table name map has already been initialized.
147896 [main] DEBUG org.dbunit.dataset.OrderedTableNameMap  - getTableName(tableName=RequestContext) - start
147896 [main] DEBUG org.dbunit.dataset.OrderedTableNameMap  - getTableName(tableName=RequestContext) - end - result=REQUESTCONTEXT
147896 [main] DEBUG org.dbunit.dataset.filter.SequenceTableIterator  - next() - start
147896 [main] DEBUG org.dbunit.dataset.filter.SequenceTableIterator  - getTableMetaData() - start
147896 [main] DEBUG org.dbunit.dataset.AbstractDataSet  - getTableMetaData(tableName=Scope) - start
147896 [main] DEBUG org.dbunit.dataset.AbstractDataSet  - getTable(tableName=Scope) - start
147896 [main] DEBUG org.dbunit.dataset.AbstractDataSet  - initialize() - start
147896 [main] DEBUG org.dbunit.dataset.AbstractDataSet  - The table name map has already been initialized.
147896 [main] DEBUG org.dbunit.dataset.OrderedTableNameMap  - getTableName(tableName=Scope) - start
147896 [main] DEBUG org.dbunit.dataset.OrderedTableNameMap  - getTableName(tableName=Scope) - end - result=SCOPE
147896 [main] DEBUG org.dbunit.dataset.filter.SequenceTableIterator  - next() - start
147897 [main] DEBUG org.dbunit.dataset.filter.SequenceTableIterator  - getTableMetaData() - start
147897 [main] DEBUG org.dbunit.dataset.AbstractDataSet  - getTableMetaData(tableName=ScopedContent) - start
147897 [main] DEBUG org.dbunit.dataset.AbstractDataSet  - getTable(tableName=ScopedContent) - start
147897 [main] DEBUG org.dbunit.dataset.AbstractDataSet  - initialize() - start
147897 [main] DEBUG org.dbunit.dataset.AbstractDataSet  - The table name map has already been initialized.
147897 [main] DEBUG org.dbunit.dataset.OrderedTableNameMap  - getTableName(tableName=ScopedContent) - start
147897 [main] DEBUG org.dbunit.dataset.OrderedTableNameMap  - getTableName(tableName=ScopedContent) - end - result=SCOPEDCONTENT
147897 [main] DEBUG org.dbunit.dataset.filter.SequenceTableIterator  - next() - start
147897 [main] DEBUG org.dbunit.dataset.filter.SequenceTableIterator  - getTableMetaData() - start
147897 [main] DEBUG org.dbunit.dataset.AbstractDataSet  - getTableMetaData(tableName=ScopedContentConditionAttribute) - start
147897 [main] DEBUG org.dbunit.dataset.AbstractDataSet  - getTable(tableName=ScopedContentConditionAttribute) - start
147897 [main] DEBUG org.dbunit.dataset.AbstractDataSet  - initialize() - start
147897 [main] DEBUG org.dbunit.dataset.AbstractDataSet  - The table name map has already been initialized.
147897 [main] DEBUG org.dbunit.dataset.OrderedTableNameMap  - getTableName(tableName=ScopedContentConditionAttribute) - start
147897 [main] DEBUG org.dbunit.dataset.OrderedTableNameMap  - getTableName(tableName=ScopedContentConditionAttribute) - end - result=SCOPEDCONTENTCONDITIONATTRIBUTE
147897 [main] DEBUG org.dbunit.dataset.filter.SequenceTableIterator  - next() - start
147897 [main] DEBUG org.dbunit.dataset.filter.SequenceTableIterator  - getTableMetaData() - start
147897 [main] DEBUG org.dbunit.dataset.AbstractDataSet  - getTableMetaData(tableName=ScopedContentConditions_ScopedContent) - start
147897 [main] DEBUG org.dbunit.dataset.AbstractDataSet  - getTable(tableName=ScopedContentConditions_ScopedContent) - start
147897 [main] DEBUG org.dbunit.dataset.AbstractDataSet  - initialize() - start
147897 [main] DEBUG org.dbunit.dataset.AbstractDataSet  - The table name map has already been initialized.
147897 [main] DEBUG org.dbunit.dataset.OrderedTableNameMap  - getTableName(tableName=ScopedContentConditions_ScopedContent) - start
147897 [main] DEBUG org.dbunit.dataset.OrderedTableNameMap  - getTableName(tableName=ScopedContentConditions_ScopedContent) - end - result=SCOPEDCONTENTCONDITIONS_SCOPEDCONTENT
147897 [main] DEBUG org.dbunit.dataset.filter.SequenceTableIterator  - next() - start
147897 [main] DEBUG org.dbunit.dataset.filter.SequenceTableIterator  - getTableMetaData() - start
147897 [main] DEBUG org.dbunit.dataset.AbstractDataSet  - getTableMetaData(tableName=ScopedContentItem) - start
147897 [main] DEBUG org.dbunit.dataset.AbstractDataSet  - getTable(tableName=ScopedContentItem) - start
147897 [main] DEBUG org.dbunit.dataset.AbstractDataSet  - initialize() - start
147897 [main] DEBUG org.dbunit.dataset.AbstractDataSet  - The table name map has already been initialized.
147897 [main] DEBUG org.dbunit.dataset.OrderedTableNameMap  - getTableName(tableName=ScopedContentItem) - start
147898 [main] DEBUG org.dbunit.dataset.OrderedTableNameMap  - getTableName(tableName=ScopedContentItem) - end - result=SCOPEDCONTENTITEM
147898 [main] DEBUG org.dbunit.dataset.filter.SequenceTableIterator  - next() - start
147898 [main] DEBUG org.dbunit.dataset.filter.SequenceTableIterator  - getTableMetaData() - start
147898 [main] DEBUG org.dbunit.dataset.AbstractDataSet  - getTableMetaData(tableName=ScopedContentConditions_ScopedContentItem) - start
147898 [main] DEBUG org.dbunit.dataset.AbstractDataSet  - getTable(tableName=ScopedContentConditions_ScopedContentItem) - start
147898 [main] DEBUG org.dbunit.dataset.AbstractDataSet  - initialize() - start
147898 [main] DEBUG org.dbunit.dataset.AbstractDataSet  - The table name map has already been initialized.
147898 [main] DEBUG org.dbunit.dataset.OrderedTableNameMap  - getTableName(tableName=ScopedContentConditions_ScopedContentItem) - start
147898 [main] DEBUG org.dbunit.dataset.OrderedTableNameMap  - getTableName(tableName=ScopedContentConditions_ScopedContentItem) - end - result=SCOPEDCONTENTCONDITIONS_SCOPEDCONTENTITEM
147898 [main] DEBUG org.dbunit.dataset.filter.SequenceTableIterator  - next() - start
147898 [main] DEBUG org.dbunit.dataset.filter.SequenceTableIterator  - getTableMetaData() - start
147898 [main] DEBUG org.dbunit.dataset.AbstractDataSet  - getTableMetaData(tableName=ScopedContent_ScopedContentItem) - start
147898 [main] DEBUG org.dbunit.dataset.AbstractDataSet  - getTable(tableName=ScopedContent_ScopedContentItem) - start
147898 [main] DEBUG org.dbunit.dataset.AbstractDataSet  - initialize() - start
147898 [main] DEBUG org.dbunit.dataset.AbstractDataSet  - The table name map has already been initialized.
147898 [main] DEBUG org.dbunit.dataset.OrderedTableNameMap  - getTableName(tableName=ScopedContent_ScopedContentItem) - start
147898 [main] DEBUG org.dbunit.dataset.OrderedTableNameMap  - getTableName(tableName=ScopedContent_ScopedContentItem) - end - result=SCOPEDCONTENT_SCOPEDCONTENTITEM
147898 [main] DEBUG org.dbunit.dataset.filter.SequenceTableIterator  - next() - start
147898 [main] DEBUG org.dbunit.dataset.filter.SequenceTableIterator  - getTableMetaData() - start
147898 [main] DEBUG org.dbunit.dataset.AbstractDataSet  - getTableMetaData(tableName=Scope_RequestContext) - start
147898 [main] DEBUG org.dbunit.dataset.AbstractDataSet  - getTable(tableName=Scope_RequestContext) - start
147898 [main] DEBUG org.dbunit.dataset.AbstractDataSet  - initialize() - start
147898 [main] DEBUG org.dbunit.dataset.AbstractDataSet  - The table name map has already been initialized.
147898 [main] DEBUG org.dbunit.dataset.OrderedTableNameMap  - getTableName(tableName=Scope_RequestContext) - start
147898 [main] DEBUG org.dbunit.dataset.OrderedTableNameMap  - getTableName(tableName=Scope_RequestContext) - end - result=SCOPE_REQUESTCONTEXT
147898 [main] DEBUG org.dbunit.dataset.filter.SequenceTableIterator  - next() - start
147898 [main] DEBUG org.dbunit.dataset.filter.SequenceTableIterator  - getTableMetaData() - start
147898 [main] DEBUG org.dbunit.dataset.AbstractDataSet  - getTableMetaData(tableName=User) - start
147898 [main] DEBUG org.dbunit.dataset.AbstractDataSet  - getTable(tableName=User) - start
147899 [main] DEBUG org.dbunit.dataset.AbstractDataSet  - initialize() - start
147899 [main] DEBUG org.dbunit.dataset.AbstractDataSet  - The table name map has already been initialized.
147899 [main] DEBUG org.dbunit.dataset.OrderedTableNameMap  - getTableName(tableName=User) - start
147899 [main] DEBUG org.dbunit.dataset.OrderedTableNameMap  - getTableName(tableName=User) - end - result=USER
147899 [main] DEBUG org.dbunit.dataset.filter.SequenceTableIterator  - next() - start
147899 [main] DEBUG org.dbunit.dataset.filter.SequenceTableIterator  - getTableMetaData() - start
147899 [main] DEBUG org.dbunit.dataset.AbstractDataSet  - getTableMetaData(tableName=Users_Authorities) - start
147899 [main] DEBUG org.dbunit.dataset.AbstractDataSet  - getTable(tableName=Users_Authorities) - start
147899 [main] DEBUG org.dbunit.dataset.AbstractDataSet  - initialize() - start
147899 [main] DEBUG org.dbunit.dataset.AbstractDataSet  - The table name map has already been initialized.
147899 [main] DEBUG org.dbunit.dataset.OrderedTableNameMap  - getTableName(tableName=Users_Authorities) - start
147899 [main] DEBUG org.dbunit.dataset.OrderedTableNameMap  - getTableName(tableName=Users_Authorities) - end - result=USERS_AUTHORITIES
147899 [main] DEBUG org.dbunit.dataset.filter.SequenceTableIterator  - next() - start
147899 [main] DEBUG org.dbunit.database.DatabaseDataSet  - getTableMetaData(tableName=Users_Authorities) - start
147899 [main] DEBUG org.dbunit.database.DatabaseDataSet  - initialize() - start
147899 [main] DEBUG org.dbunit.dataset.OrderedTableNameMap  - getTableName(tableName=Users_Authorities) - start
147899 [main] DEBUG org.dbunit.dataset.OrderedTableNameMap  - getTableName(tableName=Users_Authorities) - end - result=USERS_AUTHORITIES
147899 [main] DEBUG org.dbunit.dataset.OrderedTableNameMap  - getTableName(tableName=Users_Authorities) - start
147899 [main] DEBUG org.dbunit.dataset.OrderedTableNameMap  - getTableName(tableName=Users_Authorities) - end - result=USERS_AUTHORITIES
147899 [main] DEBUG org.dbunit.operation.AbstractOperation  - getQualifiedName(prefix=null, name=USERS_AUTHORITIES, connection=_databaseConfig=org.dbunit.database.DatabaseConfig[, _propertyMap={http://www.dbunit.org/properties/statementFactory=org.dbunit.database.statement.PreparedStatementFactory@626bc2b8, http://www.dbunit.org/features/caseSensitiveTableNames=false, http://www.dbunit.org/properties/fetchSize=100, http://www.dbunit.org/features/batchedStatements=false, http://www.dbunit.org/properties/metadataHandler=org.dbunit.database.DefaultMetadataHandler@3bbfdfde, http://www.dbunit.org/properties/datatypeFactory=org.dbunit.dataset.datatype.DefaultDataTypeFactory[_toleratedDeltaMap=org.dbunit.dataset.datatype.ToleratedDeltaMap@6452310a], http://www.dbunit.org/properties/escapePattern=null, http://www.dbunit.org/properties/batchSize=100, http://www.dbunit.org/features/qualifiedTableNames=false, http://www.dbunit.org/properties/tableType=[Ljava.lang.String;@5011bafa, http://www.dbunit.org/properties/resultSetTableFactory=org.dbunit.database.CachedResultSetTableFactory@10bcf083, http://www.dbunit.org/features/datatypeWarning=true}], _dataSet=AbstractDataSet[_orderedTableNameMap=null]) - start
147899 [main] TRACE org.dbunit.database.DatabaseConfig  - getProperty(name=http://www.dbunit.org/properties/escapePattern) - start
147899 [main] DEBUG org.dbunit.util.QualifiedTableName  - getQualifiedName() - start
147899 [main] DEBUG org.dbunit.util.QualifiedTableName  - getQualifiedName(prefix=null, name=USERS_AUTHORITIES, escapePattern=null) - start
147899 [main] DEBUG org.dbunit.database.statement.SimpleStatement  - addBatch(sql=delete from USERS_AUTHORITIES) - start
147899 [main] DEBUG org.dbunit.operation.DeleteAllOperation  - Added SQL: delete from USERS_AUTHORITIES
147899 [main] DEBUG org.dbunit.database.DatabaseDataSet  - getTableMetaData(tableName=User) - start
147900 [main] DEBUG org.dbunit.database.DatabaseDataSet  - initialize() - start
147900 [main] DEBUG org.dbunit.dataset.OrderedTableNameMap  - getTableName(tableName=User) - start
147900 [main] DEBUG org.dbunit.dataset.OrderedTableNameMap  - getTableName(tableName=User) - end - result=USER
147900 [main] DEBUG org.dbunit.dataset.OrderedTableNameMap  - getTableName(tableName=User) - start
147900 [main] DEBUG org.dbunit.dataset.OrderedTableNameMap  - getTableName(tableName=User) - end - result=USER
147900 [main] DEBUG org.dbunit.operation.AbstractOperation  - getQualifiedName(prefix=null, name=USER, connection=_databaseConfig=org.dbunit.database.DatabaseConfig[, _propertyMap={http://www.dbunit.org/properties/statementFactory=org.dbunit.database.statement.PreparedStatementFactory@626bc2b8, http://www.dbunit.org/features/caseSensitiveTableNames=false, http://www.dbunit.org/properties/fetchSize=100, http://www.dbunit.org/features/batchedStatements=false, http://www.dbunit.org/properties/metadataHandler=org.dbunit.database.DefaultMetadataHandler@3bbfdfde, http://www.dbunit.org/properties/datatypeFactory=org.dbunit.dataset.datatype.DefaultDataTypeFactory[_toleratedDeltaMap=org.dbunit.dataset.datatype.ToleratedDeltaMap@6452310a], http://www.dbunit.org/properties/escapePattern=null, http://www.dbunit.org/properties/batchSize=100, http://www.dbunit.org/features/qualifiedTableNames=false, http://www.dbunit.org/properties/tableType=[Ljava.lang.String;@5011bafa, http://www.dbunit.org/properties/resultSetTableFactory=org.dbunit.database.CachedResultSetTableFactory@10bcf083, http://www.dbunit.org/features/datatypeWarning=true}], _dataSet=AbstractDataSet[_orderedTableNameMap=null]) - start
147900 [main] TRACE org.dbunit.database.DatabaseConfig  - getProperty(name=http://www.dbunit.org/properties/escapePattern) - start
147900 [main] DEBUG org.dbunit.util.QualifiedTableName  - getQualifiedName() - start
147900 [main] DEBUG org.dbunit.util.QualifiedTableName  - getQualifiedName(prefix=null, name=USER, escapePattern=null) - start
147900 [main] DEBUG org.dbunit.database.statement.SimpleStatement  - addBatch(sql=delete from USER) - start
147900 [main] DEBUG org.dbunit.operation.DeleteAllOperation  - Added SQL: delete from USER
147900 [main] DEBUG org.dbunit.database.DatabaseDataSet  - getTableMetaData(tableName=Scope_RequestContext) - start
147900 [main] DEBUG org.dbunit.database.DatabaseDataSet  - initialize() - start
147900 [main] DEBUG org.dbunit.dataset.OrderedTableNameMap  - getTableName(tableName=Scope_RequestContext) - start
147900 [main] DEBUG org.dbunit.dataset.OrderedTableNameMap  - getTableName(tableName=Scope_RequestContext) - end - result=SCOPE_REQUESTCONTEXT
147900 [main] DEBUG org.dbunit.dataset.OrderedTableNameMap  - getTableName(tableName=Scope_RequestContext) - start
147900 [main] DEBUG org.dbunit.dataset.OrderedTableNameMap  - getTableName(tableName=Scope_RequestContext) - end - result=SCOPE_REQUESTCONTEXT
147900 [main] DEBUG org.dbunit.operation.AbstractOperation  - getQualifiedName(prefix=null, name=SCOPE_REQUESTCONTEXT, connection=_databaseConfig=org.dbunit.database.DatabaseConfig[, _propertyMap={http://www.dbunit.org/properties/statementFactory=org.dbunit.database.statement.PreparedStatementFactory@626bc2b8, http://www.dbunit.org/features/caseSensitiveTableNames=false, http://www.dbunit.org/properties/fetchSize=100, http://www.dbunit.org/features/batchedStatements=false, http://www.dbunit.org/properties/metadataHandler=org.dbunit.database.DefaultMetadataHandler@3bbfdfde, http://www.dbunit.org/properties/datatypeFactory=org.dbunit.dataset.datatype.DefaultDataTypeFactory[_toleratedDeltaMap=org.dbunit.dataset.datatype.ToleratedDeltaMap@6452310a], http://www.dbunit.org/properties/escapePattern=null, http://www.dbunit.org/properties/batchSize=100, http://www.dbunit.org/features/qualifiedTableNames=false, http://www.dbunit.org/properties/tableType=[Ljava.lang.String;@5011bafa, http://www.dbunit.org/properties/resultSetTableFactory=org.dbunit.database.CachedResultSetTableFactory@10bcf083, http://www.dbunit.org/features/datatypeWarning=true}], _dataSet=AbstractDataSet[_orderedTableNameMap=null]) - start
147901 [main] TRACE org.dbunit.database.DatabaseConfig  - getProperty(name=http://www.dbunit.org/properties/escapePattern) - start
147901 [main] DEBUG org.dbunit.util.QualifiedTableName  - getQualifiedName() - start
147901 [main] DEBUG org.dbunit.util.QualifiedTableName  - getQualifiedName(prefix=null, name=SCOPE_REQUESTCONTEXT, escapePattern=null) - start
147901 [main] DEBUG org.dbunit.database.statement.SimpleStatement  - addBatch(sql=delete from SCOPE_REQUESTCONTEXT) - start
147901 [main] DEBUG org.dbunit.operation.DeleteAllOperation  - Added SQL: delete from SCOPE_REQUESTCONTEXT
147901 [main] DEBUG org.dbunit.database.DatabaseDataSet  - getTableMetaData(tableName=ScopedContent_ScopedContentItem) - start
147901 [main] DEBUG org.dbunit.database.DatabaseDataSet  - initialize() - start
147901 [main] DEBUG org.dbunit.dataset.OrderedTableNameMap  - getTableName(tableName=ScopedContent_ScopedContentItem) - start
147901 [main] DEBUG org.dbunit.dataset.OrderedTableNameMap  - getTableName(tableName=ScopedContent_ScopedContentItem) - end - result=SCOPEDCONTENT_SCOPEDCONTENTITEM
147901 [main] DEBUG org.dbunit.dataset.OrderedTableNameMap  - getTableName(tableName=ScopedContent_ScopedContentItem) - start
147901 [main] DEBUG org.dbunit.dataset.OrderedTableNameMap  - getTableName(tableName=ScopedContent_ScopedContentItem) - end - result=SCOPEDCONTENT_SCOPEDCONTENTITEM
147901 [main] DEBUG org.dbunit.operation.AbstractOperation  - getQualifiedName(prefix=null, name=SCOPEDCONTENT_SCOPEDCONTENTITEM, connection=_databaseConfig=org.dbunit.database.DatabaseConfig[, _propertyMap={http://www.dbunit.org/properties/statementFactory=org.dbunit.database.statement.PreparedStatementFactory@626bc2b8, http://www.dbunit.org/features/caseSensitiveTableNames=false, http://www.dbunit.org/properties/fetchSize=100, http://www.dbunit.org/features/batchedStatements=false, http://www.dbunit.org/properties/metadataHandler=org.dbunit.database.DefaultMetadataHandler@3bbfdfde, http://www.dbunit.org/properties/datatypeFactory=org.dbunit.dataset.datatype.DefaultDataTypeFactory[_toleratedDeltaMap=org.dbunit.dataset.datatype.ToleratedDeltaMap@6452310a], http://www.dbunit.org/properties/escapePattern=null, http://www.dbunit.org/properties/batchSize=100, http://www.dbunit.org/features/qualifiedTableNames=false, http://www.dbunit.org/properties/tableType=[Ljava.lang.String;@5011bafa, http://www.dbunit.org/properties/resultSetTableFactory=org.dbunit.database.CachedResultSetTableFactory@10bcf083, http://www.dbunit.org/features/datatypeWarning=true}], _dataSet=AbstractDataSet[_orderedTableNameMap=null]) - start
147901 [main] TRACE org.dbunit.database.DatabaseConfig  - getProperty(name=http://www.dbunit.org/properties/escapePattern) - start
147901 [main] DEBUG org.dbunit.util.QualifiedTableName  - getQualifiedName() - start
147901 [main] DEBUG org.dbunit.util.QualifiedTableName  - getQualifiedName(prefix=null, name=SCOPEDCONTENT_SCOPEDCONTENTITEM, escapePattern=null) - start
147901 [main] DEBUG org.dbunit.database.statement.SimpleStatement  - addBatch(sql=delete from SCOPEDCONTENT_SCOPEDCONTENTITEM) - start
147901 [main] DEBUG org.dbunit.operation.DeleteAllOperation  - Added SQL: delete from SCOPEDCONTENT_SCOPEDCONTENTITEM
147901 [main] DEBUG org.dbunit.database.DatabaseDataSet  - getTableMetaData(tableName=ScopedContentConditions_ScopedContentItem) - start
147901 [main] DEBUG org.dbunit.database.DatabaseDataSet  - initialize() - start
147901 [main] DEBUG org.dbunit.dataset.OrderedTableNameMap  - getTableName(tableName=ScopedContentConditions_ScopedContentItem) - start
147901 [main] DEBUG org.dbunit.dataset.OrderedTableNameMap  - getTableName(tableName=ScopedContentConditions_ScopedContentItem) - end - result=SCOPEDCONTENTCONDITIONS_SCOPEDCONTENTITEM
147902 [main] DEBUG org.dbunit.dataset.OrderedTableNameMap  - getTableName(tableName=ScopedContentConditions_ScopedContentItem) - start
147902 [main] DEBUG org.dbunit.dataset.OrderedTableNameMap  - getTableName(tableName=ScopedContentConditions_ScopedContentItem) - end - result=SCOPEDCONTENTCONDITIONS_SCOPEDCONTENTITEM
147902 [main] DEBUG org.dbunit.operation.AbstractOperation  - getQualifiedName(prefix=null, name=SCOPEDCONTENTCONDITIONS_SCOPEDCONTENTITEM, connection=_databaseConfig=org.dbunit.database.DatabaseConfig[, _propertyMap={http://www.dbunit.org/properties/statementFactory=org.dbunit.database.statement.PreparedStatementFactory@626bc2b8, http://www.dbunit.org/features/caseSensitiveTableNames=false, http://www.dbunit.org/properties/fetchSize=100, http://www.dbunit.org/features/batchedStatements=false, http://www.dbunit.org/properties/metadataHandler=org.dbunit.database.DefaultMetadataHandler@3bbfdfde, http://www.dbunit.org/properties/datatypeFactory=org.dbunit.dataset.datatype.DefaultDataTypeFactory[_toleratedDeltaMap=org.dbunit.dataset.datatype.ToleratedDeltaMap@6452310a], http://www.dbunit.org/properties/escapePattern=null, http://www.dbunit.org/properties/batchSize=100, http://www.dbunit.org/features/qualifiedTableNames=false, http://www.dbunit.org/properties/tableType=[Ljava.lang.String;@5011bafa, http://www.dbunit.org/properties/resultSetTableFactory=org.dbunit.database.CachedResultSetTableFactory@10bcf083, http://www.dbunit.org/features/datatypeWarning=true}], _dataSet=AbstractDataSet[_orderedTableNameMap=null]) - start
147902 [main] TRACE org.dbunit.database.DatabaseConfig  - getProperty(name=http://www.dbunit.org/properties/escapePattern) - start
147902 [main] DEBUG org.dbunit.util.QualifiedTableName  - getQualifiedName() - start
147902 [main] DEBUG org.dbunit.util.QualifiedTableName  - getQualifiedName(prefix=null, name=SCOPEDCONTENTCONDITIONS_SCOPEDCONTENTITEM, escapePattern=null) - start
147902 [main] DEBUG org.dbunit.database.statement.SimpleStatement  - addBatch(sql=delete from SCOPEDCONTENTCONDITIONS_SCOPEDCONTENTITEM) - start
147902 [main] DEBUG org.dbunit.operation.DeleteAllOperation  - Added SQL: delete from SCOPEDCONTENTCONDITIONS_SCOPEDCONTENTITEM
147902 [main] DEBUG org.dbunit.database.DatabaseDataSet  - getTableMetaData(tableName=ScopedContentItem) - start
147902 [main] DEBUG org.dbunit.database.DatabaseDataSet  - initialize() - start
147902 [main] DEBUG org.dbunit.dataset.OrderedTableNameMap  - getTableName(tableName=ScopedContentItem) - start
147902 [main] DEBUG org.dbunit.dataset.OrderedTableNameMap  - getTableName(tableName=ScopedContentItem) - end - result=SCOPEDCONTENTITEM
147902 [main] DEBUG org.dbunit.dataset.OrderedTableNameMap  - getTableName(tableName=ScopedContentItem) - start
147902 [main] DEBUG org.dbunit.dataset.OrderedTableNameMap  - getTableName(tableName=ScopedContentItem) - end - result=SCOPEDCONTENTITEM
147902 [main] DEBUG org.dbunit.operation.AbstractOperation  - getQualifiedName(prefix=null, name=SCOPEDCONTENTITEM, connection=_databaseConfig=org.dbunit.database.DatabaseConfig[, _propertyMap={http://www.dbunit.org/properties/statementFactory=org.dbunit.database.statement.PreparedStatementFactory@626bc2b8, http://www.dbunit.org/features/caseSensitiveTableNames=false, http://www.dbunit.org/properties/fetchSize=100, http://www.dbunit.org/features/batchedStatements=false, http://www.dbunit.org/properties/metadataHandler=org.dbunit.database.DefaultMetadataHandler@3bbfdfde, http://www.dbunit.org/properties/datatypeFactory=org.dbunit.dataset.datatype.DefaultDataTypeFactory[_toleratedDeltaMap=org.dbunit.dataset.datatype.ToleratedDeltaMap@6452310a], http://www.dbunit.org/properties/escapePattern=null, http://www.dbunit.org/properties/batchSize=100, http://www.dbunit.org/features/qualifiedTableNames=false, http://www.dbunit.org/properties/tableType=[Ljava.lang.String;@5011bafa, http://www.dbunit.org/properties/resultSetTableFactory=org.dbunit.database.CachedResultSetTableFactory@10bcf083, http://www.dbunit.org/features/datatypeWarning=true}], _dataSet=AbstractDataSet[_orderedTableNameMap=null]) - start
147903 [main] TRACE org.dbunit.database.DatabaseConfig  - getProperty(name=http://www.dbunit.org/properties/escapePattern) - start
147903 [main] DEBUG org.dbunit.util.QualifiedTableName  - getQualifiedName() - start
147903 [main] DEBUG org.dbunit.util.QualifiedTableName  - getQualifiedName(prefix=null, name=SCOPEDCONTENTITEM, escapePattern=null) - start
147903 [main] DEBUG org.dbunit.database.statement.SimpleStatement  - addBatch(sql=delete from SCOPEDCONTENTITEM) - start
147903 [main] DEBUG org.dbunit.operation.DeleteAllOperation  - Added SQL: delete from SCOPEDCONTENTITEM
147903 [main] DEBUG org.dbunit.database.DatabaseDataSet  - getTableMetaData(tableName=ScopedContentConditions_ScopedContent) - start
147903 [main] DEBUG org.dbunit.database.DatabaseDataSet  - initialize() - start
147903 [main] DEBUG org.dbunit.dataset.OrderedTableNameMap  - getTableName(tableName=ScopedContentConditions_ScopedContent) - start
147903 [main] DEBUG org.dbunit.dataset.OrderedTableNameMap  - getTableName(tableName=ScopedContentConditions_ScopedContent) - end - result=SCOPEDCONTENTCONDITIONS_SCOPEDCONTENT
147903 [main] DEBUG org.dbunit.dataset.OrderedTableNameMap  - getTableName(tableName=ScopedContentConditions_ScopedContent) - start
147903 [main] DEBUG org.dbunit.dataset.OrderedTableNameMap  - getTableName(tableName=ScopedContentConditions_ScopedContent) - end - result=SCOPEDCONTENTCONDITIONS_SCOPEDCONTENT
147903 [main] DEBUG org.dbunit.operation.AbstractOperation  - getQualifiedName(prefix=null, name=SCOPEDCONTENTCONDITIONS_SCOPEDCONTENT, connection=_databaseConfig=org.dbunit.database.DatabaseConfig[, _propertyMap={http://www.dbunit.org/properties/statementFactory=org.dbunit.database.statement.PreparedStatementFactory@626bc2b8, http://www.dbunit.org/features/caseSensitiveTableNames=false, http://www.dbunit.org/properties/fetchSize=100, http://www.dbunit.org/features/batchedStatements=false, http://www.dbunit.org/properties/metadataHandler=org.dbunit.database.DefaultMetadataHandler@3bbfdfde, http://www.dbunit.org/properties/datatypeFactory=org.dbunit.dataset.datatype.DefaultDataTypeFactory[_toleratedDeltaMap=org.dbunit.dataset.datatype.ToleratedDeltaMap@6452310a], http://www.dbunit.org/properties/escapePattern=null, http://www.dbunit.org/properties/batchSize=100, http://www.dbunit.org/features/qualifiedTableNames=false, http://www.dbunit.org/properties/tableType=[Ljava.lang.String;@5011bafa, http://www.dbunit.org/properties/resultSetTableFactory=org.dbunit.database.CachedResultSetTableFactory@10bcf083, http://www.dbunit.org/features/datatypeWarning=true}], _dataSet=AbstractDataSet[_orderedTableNameMap=null]) - start
147903 [main] TRACE org.dbunit.database.DatabaseConfig  - getProperty(name=http://www.dbunit.org/properties/escapePattern) - start
147903 [main] DEBUG org.dbunit.util.QualifiedTableName  - getQualifiedName() - start
147903 [main] DEBUG org.dbunit.util.QualifiedTableName  - getQualifiedName(prefix=null, name=SCOPEDCONTENTCONDITIONS_SCOPEDCONTENT, escapePattern=null) - start
147903 [main] DEBUG org.dbunit.database.statement.SimpleStatement  - addBatch(sql=delete from SCOPEDCONTENTCONDITIONS_SCOPEDCONTENT) - start
147903 [main] DEBUG org.dbunit.operation.DeleteAllOperation  - Added SQL: delete from SCOPEDCONTENTCONDITIONS_SCOPEDCONTENT
147903 [main] DEBUG org.dbunit.database.DatabaseDataSet  - getTableMetaData(tableName=ScopedContentConditionAttribute) - start
147903 [main] DEBUG org.dbunit.database.DatabaseDataSet  - initialize() - start
147903 [main] DEBUG org.dbunit.dataset.OrderedTableNameMap  - getTableName(tableName=ScopedContentConditionAttribute) - start
147903 [main] DEBUG org.dbunit.dataset.OrderedTableNameMap  - getTableName(tableName=ScopedContentConditionAttribute) - end - result=SCOPEDCONTENTCONDITIONATTRIBUTE
147904 [main] DEBUG org.dbunit.dataset.OrderedTableNameMap  - getTableName(tableName=ScopedContentConditionAttribute) - start
147904 [main] DEBUG org.dbunit.dataset.OrderedTableNameMap  - getTableName(tableName=ScopedContentConditionAttribute) - end - result=SCOPEDCONTENTCONDITIONATTRIBUTE
147904 [main] DEBUG org.dbunit.operation.AbstractOperation  - getQualifiedName(prefix=null, name=SCOPEDCONTENTCONDITIONATTRIBUTE, connection=_databaseConfig=org.dbunit.database.DatabaseConfig[, _propertyMap={http://www.dbunit.org/properties/statementFactory=org.dbunit.database.statement.PreparedStatementFactory@626bc2b8, http://www.dbunit.org/features/caseSensitiveTableNames=false, http://www.dbunit.org/properties/fetchSize=100, http://www.dbunit.org/features/batchedStatements=false, http://www.dbunit.org/properties/metadataHandler=org.dbunit.database.DefaultMetadataHandler@3bbfdfde, http://www.dbunit.org/properties/datatypeFactory=org.dbunit.dataset.datatype.DefaultDataTypeFactory[_toleratedDeltaMap=org.dbunit.dataset.datatype.ToleratedDeltaMap@6452310a], http://www.dbunit.org/properties/escapePattern=null, http://www.dbunit.org/properties/batchSize=100, http://www.dbunit.org/features/qualifiedTableNames=false, http://www.dbunit.org/properties/tableType=[Ljava.lang.String;@5011bafa, http://www.dbunit.org/properties/resultSetTableFactory=org.dbunit.database.CachedResultSetTableFactory@10bcf083, http://www.dbunit.org/features/datatypeWarning=true}], _dataSet=AbstractDataSet[_orderedTableNameMap=null]) - start
147904 [main] TRACE org.dbunit.database.DatabaseConfig  - getProperty(name=http://www.dbunit.org/properties/escapePattern) - start
147904 [main] DEBUG org.dbunit.util.QualifiedTableName  - getQualifiedName() - start
147904 [main] DEBUG org.dbunit.util.QualifiedTableName  - getQualifiedName(prefix=null, name=SCOPEDCONTENTCONDITIONATTRIBUTE, escapePattern=null) - start
147904 [main] DEBUG org.dbunit.database.statement.SimpleStatement  - addBatch(sql=delete from SCOPEDCONTENTCONDITIONATTRIBUTE) - start
147904 [main] DEBUG org.dbunit.operation.DeleteAllOperation  - Added SQL: delete from SCOPEDCONTENTCONDITIONATTRIBUTE
147904 [main] DEBUG org.dbunit.database.DatabaseDataSet  - getTableMetaData(tableName=ScopedContent) - start
147904 [main] DEBUG org.dbunit.database.DatabaseDataSet  - initialize() - start
147904 [main] DEBUG org.dbunit.dataset.OrderedTableNameMap  - getTableName(tableName=ScopedContent) - start
147904 [main] DEBUG org.dbunit.dataset.OrderedTableNameMap  - getTableName(tableName=ScopedContent) - end - result=SCOPEDCONTENT
147904 [main] DEBUG org.dbunit.dataset.OrderedTableNameMap  - getTableName(tableName=ScopedContent) - start
147904 [main] DEBUG org.dbunit.dataset.OrderedTableNameMap  - getTableName(tableName=ScopedContent) - end - result=SCOPEDCONTENT
147904 [main] DEBUG org.dbunit.operation.AbstractOperation  - getQualifiedName(prefix=null, name=SCOPEDCONTENT, connection=_databaseConfig=org.dbunit.database.DatabaseConfig[, _propertyMap={http://www.dbunit.org/properties/statementFactory=org.dbunit.database.statement.PreparedStatementFactory@626bc2b8, http://www.dbunit.org/features/caseSensitiveTableNames=false, http://www.dbunit.org/properties/fetchSize=100, http://www.dbunit.org/features/batchedStatements=false, http://www.dbunit.org/properties/metadataHandler=org.dbunit.database.DefaultMetadataHandler@3bbfdfde, http://www.dbunit.org/properties/datatypeFactory=org.dbunit.dataset.datatype.DefaultDataTypeFactory[_toleratedDeltaMap=org.dbunit.dataset.datatype.ToleratedDeltaMap@6452310a], http://www.dbunit.org/properties/escapePattern=null, http://www.dbunit.org/properties/batchSize=100, http://www.dbunit.org/features/qualifiedTableNames=false, http://www.dbunit.org/properties/tableType=[Ljava.lang.String;@5011bafa, http://www.dbunit.org/properties/resultSetTableFactory=org.dbunit.database.CachedResultSetTableFactory@10bcf083, http://www.dbunit.org/features/datatypeWarning=true}], _dataSet=AbstractDataSet[_orderedTableNameMap=null]) - start
147904 [main] TRACE org.dbunit.database.DatabaseConfig  - getProperty(name=http://www.dbunit.org/properties/escapePattern) - start
147905 [main] DEBUG org.dbunit.util.QualifiedTableName  - getQualifiedName() - start
147905 [main] DEBUG org.dbunit.util.QualifiedTableName  - getQualifiedName(prefix=null, name=SCOPEDCONTENT, escapePattern=null) - start
147905 [main] DEBUG org.dbunit.database.statement.SimpleStatement  - addBatch(sql=delete from SCOPEDCONTENT) - start
147905 [main] DEBUG org.dbunit.operation.DeleteAllOperation  - Added SQL: delete from SCOPEDCONTENT
147905 [main] DEBUG org.dbunit.database.DatabaseDataSet  - getTableMetaData(tableName=Scope) - start
147905 [main] DEBUG org.dbunit.database.DatabaseDataSet  - initialize() - start
147905 [main] DEBUG org.dbunit.dataset.OrderedTableNameMap  - getTableName(tableName=Scope) - start
147905 [main] DEBUG org.dbunit.dataset.OrderedTableNameMap  - getTableName(tableName=Scope) - end - result=SCOPE
147905 [main] DEBUG org.dbunit.dataset.OrderedTableNameMap  - getTableName(tableName=Scope) - start
147905 [main] DEBUG org.dbunit.dataset.OrderedTableNameMap  - getTableName(tableName=Scope) - end - result=SCOPE
147905 [main] DEBUG org.dbunit.operation.AbstractOperation  - getQualifiedName(prefix=null, name=SCOPE, connection=_databaseConfig=org.dbunit.database.DatabaseConfig[, _propertyMap={http://www.dbunit.org/properties/statementFactory=org.dbunit.database.statement.PreparedStatementFactory@626bc2b8, http://www.dbunit.org/features/caseSensitiveTableNames=false, http://www.dbunit.org/properties/fetchSize=100, http://www.dbunit.org/features/batchedStatements=false, http://www.dbunit.org/properties/metadataHandler=org.dbunit.database.DefaultMetadataHandler@3bbfdfde, http://www.dbunit.org/properties/datatypeFactory=org.dbunit.dataset.datatype.DefaultDataTypeFactory[_toleratedDeltaMap=org.dbunit.dataset.datatype.ToleratedDeltaMap@6452310a], http://www.dbunit.org/properties/escapePattern=null, http://www.dbunit.org/properties/batchSize=100, http://www.dbunit.org/features/qualifiedTableNames=false, http://www.dbunit.org/properties/tableType=[Ljava.lang.String;@5011bafa, http://www.dbunit.org/properties/resultSetTableFactory=org.dbunit.database.CachedResultSetTableFactory@10bcf083, http://www.dbunit.org/features/datatypeWarning=true}], _dataSet=AbstractDataSet[_orderedTableNameMap=null]) - start
147905 [main] TRACE org.dbunit.database.DatabaseConfig  - getProperty(name=http://www.dbunit.org/properties/escapePattern) - start
147905 [main] DEBUG org.dbunit.util.QualifiedTableName  - getQualifiedName() - start
147905 [main] DEBUG org.dbunit.util.QualifiedTableName  - getQualifiedName(prefix=null, name=SCOPE, escapePattern=null) - start
147905 [main] DEBUG org.dbunit.database.statement.SimpleStatement  - addBatch(sql=delete from SCOPE) - start
147905 [main] DEBUG org.dbunit.operation.DeleteAllOperation  - Added SQL: delete from SCOPE
147905 [main] DEBUG org.dbunit.database.DatabaseDataSet  - getTableMetaData(tableName=RequestContext) - start
147905 [main] DEBUG org.dbunit.database.DatabaseDataSet  - initialize() - start
147905 [main] DEBUG org.dbunit.dataset.OrderedTableNameMap  - getTableName(tableName=RequestContext) - start
147905 [main] DEBUG org.dbunit.dataset.OrderedTableNameMap  - getTableName(tableName=RequestContext) - end - result=REQUESTCONTEXT
147905 [main] DEBUG org.dbunit.dataset.OrderedTableNameMap  - getTableName(tableName=RequestContext) - start
147905 [main] DEBUG org.dbunit.dataset.OrderedTableNameMap  - getTableName(tableName=RequestContext) - end - result=REQUESTCONTEXT
147905 [main] DEBUG org.dbunit.operation.AbstractOperation  - getQualifiedName(prefix=null, name=REQUESTCONTEXT, connection=_databaseConfig=org.dbunit.database.DatabaseConfig[, _propertyMap={http://www.dbunit.org/properties/statementFactory=org.dbunit.database.statement.PreparedStatementFactory@626bc2b8, http://www.dbunit.org/features/caseSensitiveTableNames=false, http://www.dbunit.org/properties/fetchSize=100, http://www.dbunit.org/features/batchedStatements=false, http://www.dbunit.org/properties/metadataHandler=org.dbunit.database.DefaultMetadataHandler@3bbfdfde, http://www.dbunit.org/properties/datatypeFactory=org.dbunit.dataset.datatype.DefaultDataTypeFactory[_toleratedDeltaMap=org.dbunit.dataset.datatype.ToleratedDeltaMap@6452310a], http://www.dbunit.org/properties/escapePattern=null, http://www.dbunit.org/properties/batchSize=100, http://www.dbunit.org/features/qualifiedTableNames=false, http://www.dbunit.org/properties/tableType=[Ljava.lang.String;@5011bafa, http://www.dbunit.org/properties/resultSetTableFactory=org.dbunit.database.CachedResultSetTableFactory@10bcf083, http://www.dbunit.org/features/datatypeWarning=true}], _dataSet=AbstractDataSet[_orderedTableNameMap=null]) - start
147906 [main] TRACE org.dbunit.database.DatabaseConfig  - getProperty(name=http://www.dbunit.org/properties/escapePattern) - start
147906 [main] DEBUG org.dbunit.util.QualifiedTableName  - getQualifiedName() - start
147906 [main] DEBUG org.dbunit.util.QualifiedTableName  - getQualifiedName(prefix=null, name=REQUESTCONTEXT, escapePattern=null) - start
147906 [main] DEBUG org.dbunit.database.statement.SimpleStatement  - addBatch(sql=delete from REQUESTCONTEXT) - start
147906 [main] DEBUG org.dbunit.operation.DeleteAllOperation  - Added SQL: delete from REQUESTCONTEXT
147906 [main] DEBUG org.dbunit.database.DatabaseDataSet  - getTableMetaData(tableName=NestedScopedContentConditions) - start
147906 [main] DEBUG org.dbunit.database.DatabaseDataSet  - initialize() - start
147906 [main] DEBUG org.dbunit.dataset.OrderedTableNameMap  - getTableName(tableName=NestedScopedContentConditions) - start
147906 [main] DEBUG org.dbunit.dataset.OrderedTableNameMap  - getTableName(tableName=NestedScopedContentConditions) - end - result=NESTEDSCOPEDCONTENTCONDITIONS
147906 [main] DEBUG org.dbunit.dataset.OrderedTableNameMap  - getTableName(tableName=NestedScopedContentConditions) - start
147906 [main] DEBUG org.dbunit.dataset.OrderedTableNameMap  - getTableName(tableName=NestedScopedContentConditions) - end - result=NESTEDSCOPEDCONTENTCONDITIONS
147906 [main] DEBUG org.dbunit.operation.AbstractOperation  - getQualifiedName(prefix=null, name=NESTEDSCOPEDCONTENTCONDITIONS, connection=_databaseConfig=org.dbunit.database.DatabaseConfig[, _propertyMap={http://www.dbunit.org/properties/statementFactory=org.dbunit.database.statement.PreparedStatementFactory@626bc2b8, http://www.dbunit.org/features/caseSensitiveTableNames=false, http://www.dbunit.org/properties/fetchSize=100, http://www.dbunit.org/features/batchedStatements=false, http://www.dbunit.org/properties/metadataHandler=org.dbunit.database.DefaultMetadataHandler@3bbfdfde, http://www.dbunit.org/properties/datatypeFactory=org.dbunit.dataset.datatype.DefaultDataTypeFactory[_toleratedDeltaMap=org.dbunit.dataset.datatype.ToleratedDeltaMap@6452310a], http://www.dbunit.org/properties/escapePattern=null, http://www.dbunit.org/properties/batchSize=100, http://www.dbunit.org/features/qualifiedTableNames=false, http://www.dbunit.org/properties/tableType=[Ljava.lang.String;@5011bafa, http://www.dbunit.org/properties/resultSetTableFactory=org.dbunit.database.CachedResultSetTableFactory@10bcf083, http://www.dbunit.org/features/datatypeWarning=true}], _dataSet=AbstractDataSet[_orderedTableNameMap=null]) - start
147906 [main] TRACE org.dbunit.database.DatabaseConfig  - getProperty(name=http://www.dbunit.org/properties/escapePattern) - start
147906 [main] DEBUG org.dbunit.util.QualifiedTableName  - getQualifiedName() - start
147906 [main] DEBUG org.dbunit.util.QualifiedTableName  - getQualifiedName(prefix=null, name=NESTEDSCOPEDCONTENTCONDITIONS, escapePattern=null) - start
147906 [main] DEBUG org.dbunit.database.statement.SimpleStatement  - addBatch(sql=delete from NESTEDSCOPEDCONTENTCONDITIONS) - start
147906 [main] DEBUG org.dbunit.operation.DeleteAllOperation  - Added SQL: delete from NESTEDSCOPEDCONTENTCONDITIONS
147906 [main] DEBUG org.dbunit.database.DatabaseDataSet  - getTableMetaData(tableName=ScopedContentCondition) - start
147906 [main] DEBUG org.dbunit.database.DatabaseDataSet  - initialize() - start
147906 [main] DEBUG org.dbunit.dataset.OrderedTableNameMap  - getTableName(tableName=ScopedContentCondition) - start
147906 [main] DEBUG org.dbunit.dataset.OrderedTableNameMap  - getTableName(tableName=ScopedContentCondition) - end - result=SCOPEDCONTENTCONDITION
147906 [main] DEBUG org.dbunit.dataset.OrderedTableNameMap  - getTableName(tableName=ScopedContentCondition) - start
147906 [main] DEBUG org.dbunit.dataset.OrderedTableNameMap  - getTableName(tableName=ScopedContentCondition) - end - result=SCOPEDCONTENTCONDITION
147906 [main] DEBUG org.dbunit.operation.AbstractOperation  - getQualifiedName(prefix=null, name=SCOPEDCONTENTCONDITION, connection=_databaseConfig=org.dbunit.database.DatabaseConfig[, _propertyMap={http://www.dbunit.org/properties/statementFactory=org.dbunit.database.statement.PreparedStatementFactory@626bc2b8, http://www.dbunit.org/features/caseSensitiveTableNames=false, http://www.dbunit.org/properties/fetchSize=100, http://www.dbunit.org/features/batchedStatements=false, http://www.dbunit.org/properties/metadataHandler=org.dbunit.database.DefaultMetadataHandler@3bbfdfde, http://www.dbunit.org/properties/datatypeFactory=org.dbunit.dataset.datatype.DefaultDataTypeFactory[_toleratedDeltaMap=org.dbunit.dataset.datatype.ToleratedDeltaMap@6452310a], http://www.dbunit.org/properties/escapePattern=null, http://www.dbunit.org/properties/batchSize=100, http://www.dbunit.org/features/qualifiedTableNames=false, http://www.dbunit.org/properties/tableType=[Ljava.lang.String;@5011bafa, http://www.dbunit.org/properties/resultSetTableFactory=org.dbunit.database.CachedResultSetTableFactory@10bcf083, http://www.dbunit.org/features/datatypeWarning=true}], _dataSet=AbstractDataSet[_orderedTableNameMap=null]) - start
147907 [main] TRACE org.dbunit.database.DatabaseConfig  - getProperty(name=http://www.dbunit.org/properties/escapePattern) - start
147907 [main] DEBUG org.dbunit.util.QualifiedTableName  - getQualifiedName() - start
147907 [main] DEBUG org.dbunit.util.QualifiedTableName  - getQualifiedName(prefix=null, name=SCOPEDCONTENTCONDITION, escapePattern=null) - start
147907 [main] DEBUG org.dbunit.database.statement.SimpleStatement  - addBatch(sql=delete from SCOPEDCONTENTCONDITION) - start
147907 [main] DEBUG org.dbunit.operation.DeleteAllOperation  - Added SQL: delete from SCOPEDCONTENTCONDITION
147907 [main] DEBUG org.dbunit.database.DatabaseDataSet  - getTableMetaData(tableName=Caption) - start
147907 [main] DEBUG org.dbunit.database.DatabaseDataSet  - initialize() - start
147907 [main] DEBUG org.dbunit.dataset.OrderedTableNameMap  - getTableName(tableName=Caption) - start
147907 [main] DEBUG org.dbunit.dataset.OrderedTableNameMap  - getTableName(tableName=Caption) - end - result=CAPTION
147907 [main] DEBUG org.dbunit.dataset.OrderedTableNameMap  - getTableName(tableName=Caption) - start
147907 [main] DEBUG org.dbunit.dataset.OrderedTableNameMap  - getTableName(tableName=Caption) - end - result=CAPTION
147907 [main] DEBUG org.dbunit.operation.AbstractOperation  - getQualifiedName(prefix=null, name=CAPTION, connection=_databaseConfig=org.dbunit.database.DatabaseConfig[, _propertyMap={http://www.dbunit.org/properties/statementFactory=org.dbunit.database.statement.PreparedStatementFactory@626bc2b8, http://www.dbunit.org/features/caseSensitiveTableNames=false, http://www.dbunit.org/properties/fetchSize=100, http://www.dbunit.org/features/batchedStatements=false, http://www.dbunit.org/properties/metadataHandler=org.dbunit.database.DefaultMetadataHandler@3bbfdfde, http://www.dbunit.org/properties/datatypeFactory=org.dbunit.dataset.datatype.DefaultDataTypeFactory[_toleratedDeltaMap=org.dbunit.dataset.datatype.ToleratedDeltaMap@6452310a], http://www.dbunit.org/properties/escapePattern=null, http://www.dbunit.org/properties/batchSize=100, http://www.dbunit.org/features/qualifiedTableNames=false, http://www.dbunit.org/properties/tableType=[Ljava.lang.String;@5011bafa, http://www.dbunit.org/properties/resultSetTableFactory=org.dbunit.database.CachedResultSetTableFactory@10bcf083, http://www.dbunit.org/features/datatypeWarning=true}], _dataSet=AbstractDataSet[_orderedTableNameMap=null]) - start
147907 [main] TRACE org.dbunit.database.DatabaseConfig  - getProperty(name=http://www.dbunit.org/properties/escapePattern) - start
147907 [main] DEBUG org.dbunit.util.QualifiedTableName  - getQualifiedName() - start
147907 [main] DEBUG org.dbunit.util.QualifiedTableName  - getQualifiedName(prefix=null, name=CAPTION, escapePattern=null) - start
147907 [main] DEBUG org.dbunit.database.statement.SimpleStatement  - addBatch(sql=delete from CAPTION) - start
147907 [main] DEBUG org.dbunit.operation.DeleteAllOperation  - Added SQL: delete from CAPTION
147907 [main] DEBUG org.dbunit.database.DatabaseDataSet  - getTableMetaData(tableName=Authority) - start
147907 [main] DEBUG org.dbunit.database.DatabaseDataSet  - initialize() - start
147907 [main] DEBUG org.dbunit.dataset.OrderedTableNameMap  - getTableName(tableName=Authority) - start
147907 [main] DEBUG org.dbunit.dataset.OrderedTableNameMap  - getTableName(tableName=Authority) - end - result=AUTHORITY
147907 [main] DEBUG org.dbunit.dataset.OrderedTableNameMap  - getTableName(tableName=Authority) - start
147907 [main] DEBUG org.dbunit.dataset.OrderedTableNameMap  - getTableName(tableName=Authority) - end - result=AUTHORITY
147907 [main] DEBUG org.dbunit.operation.AbstractOperation  - getQualifiedName(prefix=null, name=AUTHORITY, connection=_databaseConfig=org.dbunit.database.DatabaseConfig[, _propertyMap={http://www.dbunit.org/properties/statementFactory=org.dbunit.database.statement.PreparedStatementFactory@626bc2b8, http://www.dbunit.org/features/caseSensitiveTableNames=false, http://www.dbunit.org/properties/fetchSize=100, http://www.dbunit.org/features/batchedStatements=false, http://www.dbunit.org/properties/metadataHandler=org.dbunit.database.DefaultMetadataHandler@3bbfdfde, http://www.dbunit.org/properties/datatypeFactory=org.dbunit.dataset.datatype.DefaultDataTypeFactory[_toleratedDeltaMap=org.dbunit.dataset.datatype.ToleratedDeltaMap@6452310a], http://www.dbunit.org/properties/escapePattern=null, http://www.dbunit.org/properties/batchSize=100, http://www.dbunit.org/features/qualifiedTableNames=false, http://www.dbunit.org/properties/tableType=[Ljava.lang.String;@5011bafa, http://www.dbunit.org/properties/resultSetTableFactory=org.dbunit.database.CachedResultSetTableFactory@10bcf083, http://www.dbunit.org/features/datatypeWarning=true}], _dataSet=AbstractDataSet[_orderedTableNameMap=null]) - start
147908 [main] TRACE org.dbunit.database.DatabaseConfig  - getProperty(name=http://www.dbunit.org/properties/escapePattern) - start
147908 [main] DEBUG org.dbunit.util.QualifiedTableName  - getQualifiedName() - start
147908 [main] DEBUG org.dbunit.util.QualifiedTableName  - getQualifiedName(prefix=null, name=AUTHORITY, escapePattern=null) - start
147908 [main] DEBUG org.dbunit.database.statement.SimpleStatement  - addBatch(sql=delete from AUTHORITY) - start
147908 [main] DEBUG org.dbunit.operation.DeleteAllOperation  - Added SQL: delete from AUTHORITY
147908 [main] DEBUG org.dbunit.database.statement.SimpleStatement  - executeBatch() - start
147908 [main] DEBUG org.dbunit.database.statement.SimpleStatement  - DbUnit SQL: delete from USERS_AUTHORITIES
147908 [main] DEBUG org.dbunit.database.statement.SimpleStatement  - DbUnit SQL: delete from USER
147908 [main] DEBUG org.dbunit.database.statement.SimpleStatement  - DbUnit SQL: delete from SCOPE_REQUESTCONTEXT
147908 [main] DEBUG org.dbunit.database.statement.SimpleStatement  - DbUnit SQL: delete from SCOPEDCONTENT_SCOPEDCONTENTITEM
147908 [main] DEBUG org.dbunit.database.statement.SimpleStatement  - DbUnit SQL: delete from SCOPEDCONTENTCONDITIONS_SCOPEDCONTENTITEM
147908 [main] DEBUG org.dbunit.database.statement.SimpleStatement  - DbUnit SQL: delete from SCOPEDCONTENTITEM
147909 [main] DEBUG org.dbunit.database.statement.SimpleStatement  - DbUnit SQL: delete from SCOPEDCONTENTCONDITIONS_SCOPEDCONTENT
147909 [main] DEBUG org.dbunit.database.statement.SimpleStatement  - DbUnit SQL: delete from SCOPEDCONTENTCONDITIONATTRIBUTE
147909 [main] DEBUG org.dbunit.database.statement.SimpleStatement  - DbUnit SQL: delete from SCOPEDCONTENT
147909 [main] DEBUG org.dbunit.database.statement.SimpleStatement  - DbUnit SQL: delete from SCOPE
147909 [main] DEBUG org.dbunit.database.statement.SimpleStatement  - DbUnit SQL: delete from REQUESTCONTEXT
147909 [main] DEBUG org.dbunit.database.statement.SimpleStatement  - DbUnit SQL: delete from NESTEDSCOPEDCONTENTCONDITIONS
147909 [main] DEBUG org.dbunit.database.statement.SimpleStatement  - DbUnit SQL: delete from SCOPEDCONTENTCONDITION
147909 [main] DEBUG org.dbunit.database.statement.SimpleStatement  - DbUnit SQL: delete from CAPTION
147909 [main] DEBUG org.dbunit.database.statement.SimpleStatement  - DbUnit SQL: delete from AUTHORITY
147909 [main] DEBUG org.dbunit.database.statement.SimpleStatement  - clearBatch() - start
147909 [main] DEBUG org.dbunit.database.statement.AbstractBatchStatement  - close() - start
147910 [main] DEBUG org.dbunit.operation.AbstractBatchOperation  - execute(connection=_databaseConfig=org.dbunit.database.DatabaseConfig[, _propertyMap={http://www.dbunit.org/properties/statementFactory=org.dbunit.database.statement.PreparedStatementFactory@626bc2b8, http://www.dbunit.org/features/caseSensitiveTableNames=false, http://www.dbunit.org/properties/fetchSize=100, http://www.dbunit.org/features/batchedStatements=false, http://www.dbunit.org/properties/metadataHandler=org.dbunit.database.DefaultMetadataHandler@3bbfdfde, http://www.dbunit.org/properties/datatypeFactory=org.dbunit.dataset.datatype.DefaultDataTypeFactory[_toleratedDeltaMap=org.dbunit.dataset.datatype.ToleratedDeltaMap@6452310a], http://www.dbunit.org/properties/escapePattern=null, http://www.dbunit.org/properties/batchSize=100, http://www.dbunit.org/features/qualifiedTableNames=false, http://www.dbunit.org/properties/tableType=[Ljava.lang.String;@5011bafa, http://www.dbunit.org/properties/resultSetTableFactory=org.dbunit.database.CachedResultSetTableFactory@10bcf083, http://www.dbunit.org/features/datatypeWarning=true}], _dataSet=AbstractDataSet[_orderedTableNameMap=null], dataSet=AbstractDataSet[_orderedTableNameMap=null]) - start
147910 [main] TRACE org.dbunit.database.DatabaseConfig  - getProperty(name=http://www.dbunit.org/properties/statementFactory) - start
147910 [main] DEBUG org.dbunit.dataset.AbstractDataSet  - iterator() - start
147910 [main] DEBUG org.dbunit.dataset.FilteredDataSet  - createIterator(reversed=false) - start
147910 [main] DEBUG org.dbunit.dataset.filter.SequenceTableFilter  - iterator(dataSet=AbstractDataSet[_orderedTableNameMap=org.dbunit.dataset.OrderedTableNameMap[_tableNames=[Scope, ScopedContentConditionAttribute, ScopedContent, ScopedContentCondition, ScopedContentItem, RequestContext, Authority, User, Users_Authorities, ScopedContent_ScopedContentItem, Scope_RequestContext, Caption, ScopedContentConditions_ScopedContent, ScopedContentConditions_ScopedContentItem, NestedScopedContentConditions], _tableMap={SCOPE_REQUESTCONTEXT=org.dbunit.dataset.DefaultTable[_metaData=tableName=Scope_RequestContext, columns=[], keys=[], _rowList.size()=0], NESTEDSCOPEDCONTENTCONDITIONS=org.dbunit.dataset.DefaultTable[_metaData=tableName=NestedScopedContentConditions, columns=[], keys=[], _rowList.size()=0], SCOPE=org.dbunit.dataset.DefaultTable[_metaData=tableName=Scope, columns=[(name, UNKNOWN, nullableUnknown), (description, UNKNOWN, nullableUnknown), (id, UNKNOWN, nullableUnknown), (timeStamp, UNKNOWN, nullableUnknown)], keys=[], _rowList.size()=1], SCOPEDCONTENT_SCOPEDCONTENTITEM=org.dbunit.dataset.DefaultTable[_metaData=tableName=ScopedContent_ScopedContentItem, columns=[], keys=[], _rowList.size()=0], SCOPEDCONTENTCONDITIONATTRIBUTE=org.dbunit.dataset.DefaultTable[_metaData=tableName=ScopedContentConditionAttribute, columns=[(key, UNKNOWN, nullableUnknown), (checkOrder, UNKNOWN, nullableUnknown), (className, UNKNOWN, nullableUnknown), (valuePath, UNKNOWN, nullableUnknown), (operator, UNKNOWN, nullableUnknown), (expectedValue, UNKNOWN, nullableUnknown), (expectedValueType, UNKNOWN, nullableUnknown), (scopedContentCondition, UNKNOWN, nullableUnknown), (id, UNKNOWN, nullableUnknown), (timeStamp, UNKNOWN, nullableUnknown)], keys=[], _rowList.size()=1], SCOPEDCONTENTCONDITIONS_SCOPEDCONTENT=org.dbunit.dataset.DefaultTable[_metaData=tableName=ScopedContentConditions_ScopedContent, columns=[], keys=[], _rowList.size()=0], USER=org.dbunit.dataset.DefaultTable[_metaData=tableName=User, columns=[], keys=[], _rowList.size()=0], SCOPEDCONTENT=org.dbunit.dataset.DefaultTable[_metaData=tableName=ScopedContent, columns=[(name, UNKNOWN, nullableUnknown), (description, UNKNOWN, nullableUnknown), (scope, UNKNOWN, nullableUnknown), (id, UNKNOWN, nullableUnknown), (timeStamp, UNKNOWN, nullableUnknown)], keys=[], _rowList.size()=1], REQUESTCONTEXT=org.dbunit.dataset.DefaultTable[_metaData=tableName=RequestContext, columns=[(path, UNKNOWN, nullableUnknown), (id, UNKNOWN, nullableUnknown), (timeStamp, UNKNOWN, nullableUnknown)], keys=[], _rowList.size()=1], AUTHORITY=org.dbunit.dataset.DefaultTable[_metaData=tableName=Authority, columns=[], keys=[], _rowList.size()=0], USERS_AUTHORITIES=org.dbunit.dataset.DefaultTable[_metaData=tableName=Users_Authorities, columns=[], keys=[], _rowList.size()=0], SCOPEDCONTENTITEM=org.dbunit.dataset.DefaultTable[_metaData=tableName=ScopedContentItem, columns=[(tagName, UNKNOWN, nullableUnknown), (cssClass, UNKNOWN, nullableUnknown), (content, UNKNOWN, nullableUnknown), (type, UNKNOWN, nullableUnknown), (id, UNKNOWN, nullableUnknown), (timeStamp, UNKNOWN, nullableUnknown)], keys=[], _rowList.size()=1], CAPTION=org.dbunit.dataset.DefaultTable[_metaData=tableName=Caption, columns=[], keys=[], _rowList.size()=0], SCOPEDCONTENTCONDITIONS_SCOPEDCONTENTITEM=org.dbunit.dataset.DefaultTable[_metaData=tableName=ScopedContentConditions_ScopedContentItem, columns=[], keys=[], _rowList.size()=0], SCOPEDCONTENTCONDITION=org.dbunit.dataset.DefaultTable[_metaData=tableName=ScopedContentCondition, columns=[(name, UNKNOWN, nullableUnknown), (description, UNKNOWN, nullableUnknown), (operator, UNKNOWN, nullableUnknown), (id, UNKNOWN, nullableUnknown), (timeStamp, UNKNOWN, nullableUnknown)], keys=[], _rowList.size()=1]}, _caseSensitiveTableNames=false]], reversed=false) - start
147910 [main] DEBUG org.dbunit.dataset.filter.SequenceTableFilter  - getTableNames(dataSet=AbstractDataSet[_orderedTableNameMap=org.dbunit.dataset.OrderedTableNameMap[_tableNames=[Scope, ScopedContentConditionAttribute, ScopedContent, ScopedContentCondition, ScopedContentItem, RequestContext, Authority, User, Users_Authorities, ScopedContent_ScopedContentItem, Scope_RequestContext, Caption, ScopedContentConditions_ScopedContent, ScopedContentConditions_ScopedContentItem, NestedScopedContentConditions], _tableMap={SCOPE_REQUESTCONTEXT=org.dbunit.dataset.DefaultTable[_metaData=tableName=Scope_RequestContext, columns=[], keys=[], _rowList.size()=0], NESTEDSCOPEDCONTENTCONDITIONS=org.dbunit.dataset.DefaultTable[_metaData=tableName=NestedScopedContentConditions, columns=[], keys=[], _rowList.size()=0], SCOPE=org.dbunit.dataset.DefaultTable[_metaData=tableName=Scope, columns=[(name, UNKNOWN, nullableUnknown), (description, UNKNOWN, nullableUnknown), (id, UNKNOWN, nullableUnknown), (timeStamp, UNKNOWN, nullableUnknown)], keys=[], _rowList.size()=1], SCOPEDCONTENT_SCOPEDCONTENTITEM=org.dbunit.dataset.DefaultTable[_metaData=tableName=ScopedContent_ScopedContentItem, columns=[], keys=[], _rowList.size()=0], SCOPEDCONTENTCONDITIONATTRIBUTE=org.dbunit.dataset.DefaultTable[_metaData=tableName=ScopedContentConditionAttribute, columns=[(key, UNKNOWN, nullableUnknown), (checkOrder, UNKNOWN, nullableUnknown), (className, UNKNOWN, nullableUnknown), (valuePath, UNKNOWN, nullableUnknown), (operator, UNKNOWN, nullableUnknown), (expectedValue, UNKNOWN, nullableUnknown), (expectedValueType, UNKNOWN, nullableUnknown), (scopedContentCondition, UNKNOWN, nullableUnknown), (id, UNKNOWN, nullableUnknown), (timeStamp, UNKNOWN, nullableUnknown)], keys=[], _rowList.size()=1], SCOPEDCONTENTCONDITIONS_SCOPEDCONTENT=org.dbunit.dataset.DefaultTable[_metaData=tableName=ScopedContentConditions_ScopedContent, columns=[], keys=[], _rowList.size()=0], USER=org.dbunit.dataset.DefaultTable[_metaData=tableName=User, columns=[], keys=[], _rowList.size()=0], SCOPEDCONTENT=org.dbunit.dataset.DefaultTable[_metaData=tableName=ScopedContent, columns=[(name, UNKNOWN, nullableUnknown), (description, UNKNOWN, nullableUnknown), (scope, UNKNOWN, nullableUnknown), (id, UNKNOWN, nullableUnknown), (timeStamp, UNKNOWN, nullableUnknown)], keys=[], _rowList.size()=1], REQUESTCONTEXT=org.dbunit.dataset.DefaultTable[_metaData=tableName=RequestContext, columns=[(path, UNKNOWN, nullableUnknown), (id, UNKNOWN, nullableUnknown), (timeStamp, UNKNOWN, nullableUnknown)], keys=[], _rowList.size()=1], AUTHORITY=org.dbunit.dataset.DefaultTable[_metaData=tableName=Authority, columns=[], keys=[], _rowList.size()=0], USERS_AUTHORITIES=org.dbunit.dataset.DefaultTable[_metaData=tableName=Users_Authorities, columns=[], keys=[], _rowList.size()=0], SCOPEDCONTENTITEM=org.dbunit.dataset.DefaultTable[_metaData=tableName=ScopedContentItem, columns=[(tagName, UNKNOWN, nullableUnknown), (cssClass, UNKNOWN, nullableUnknown), (content, UNKNOWN, nullableUnknown), (type, UNKNOWN, nullableUnknown), (id, UNKNOWN, nullableUnknown), (timeStamp, UNKNOWN, nullableUnknown)], keys=[], _rowList.size()=1], CAPTION=org.dbunit.dataset.DefaultTable[_metaData=tableName=Caption, columns=[], keys=[], _rowList.size()=0], SCOPEDCONTENTCONDITIONS_SCOPEDCONTENTITEM=org.dbunit.dataset.DefaultTable[_metaData=tableName=ScopedContentConditions_ScopedContentItem, columns=[], keys=[], _rowList.size()=0], SCOPEDCONTENTCONDITION=org.dbunit.dataset.DefaultTable[_metaData=tableName=ScopedContentCondition, columns=[(name, UNKNOWN, nullableUnknown), (description, UNKNOWN, nullableUnknown), (operator, UNKNOWN, nullableUnknown), (id, UNKNOWN, nullableUnknown), (timeStamp, UNKNOWN, nullableUnknown)], keys=[], _rowList.size()=1]}, _caseSensitiveTableNames=false]]) - start
147911 [main] DEBUG org.dbunit.dataset.AbstractDataSet  - getTableMetaData(tableName=AUTHORITY) - start
147911 [main] DEBUG org.dbunit.dataset.AbstractDataSet  - getTable(tableName=AUTHORITY) - start
147911 [main] DEBUG org.dbunit.dataset.AbstractDataSet  - initialize() - start
147911 [main] DEBUG org.dbunit.dataset.AbstractDataSet  - The table name map has already been initialized.
147911 [main] DEBUG org.dbunit.dataset.OrderedTableNameMap  - getTableName(tableName=AUTHORITY) - start
147911 [main] DEBUG org.dbunit.dataset.OrderedTableNameMap  - getTableName(tableName=AUTHORITY) - end - result=AUTHORITY
147911 [main] DEBUG org.dbunit.dataset.AbstractDataSet  - getTableMetaData(tableName=CAPTION) - start
147911 [main] DEBUG org.dbunit.dataset.AbstractDataSet  - getTable(tableName=CAPTION) - start
147911 [main] DEBUG org.dbunit.dataset.AbstractDataSet  - initialize() - start
147911 [main] DEBUG org.dbunit.dataset.AbstractDataSet  - The table name map has already been initialized.
147911 [main] DEBUG org.dbunit.dataset.OrderedTableNameMap  - getTableName(tableName=CAPTION) - start
147911 [main] DEBUG org.dbunit.dataset.OrderedTableNameMap  - getTableName(tableName=CAPTION) - end - result=CAPTION
147911 [main] DEBUG org.dbunit.dataset.AbstractDataSet  - getTableMetaData(tableName=SCOPEDCONTENTCONDITION) - start
147911 [main] DEBUG org.dbunit.dataset.AbstractDataSet  - getTable(tableName=SCOPEDCONTENTCONDITION) - start
147911 [main] DEBUG org.dbunit.dataset.AbstractDataSet  - initialize() - start
147911 [main] DEBUG org.dbunit.dataset.AbstractDataSet  - The table name map has already been initialized.
147911 [main] DEBUG org.dbunit.dataset.OrderedTableNameMap  - getTableName(tableName=SCOPEDCONTENTCONDITION) - start
147911 [main] DEBUG org.dbunit.dataset.OrderedTableNameMap  - getTableName(tableName=SCOPEDCONTENTCONDITION) - end - result=SCOPEDCONTENTCONDITION
147911 [main] DEBUG org.dbunit.dataset.AbstractDataSet  - getTableMetaData(tableName=NESTEDSCOPEDCONTENTCONDITIONS) - start
147911 [main] DEBUG org.dbunit.dataset.AbstractDataSet  - getTable(tableName=NESTEDSCOPEDCONTENTCONDITIONS) - start
147911 [main] DEBUG org.dbunit.dataset.AbstractDataSet  - initialize() - start
147911 [main] DEBUG org.dbunit.dataset.AbstractDataSet  - The table name map has already been initialized.
147911 [main] DEBUG org.dbunit.dataset.OrderedTableNameMap  - getTableName(tableName=NESTEDSCOPEDCONTENTCONDITIONS) - start
147911 [main] DEBUG org.dbunit.dataset.OrderedTableNameMap  - getTableName(tableName=NESTEDSCOPEDCONTENTCONDITIONS) - end - result=NESTEDSCOPEDCONTENTCONDITIONS
147911 [main] DEBUG org.dbunit.dataset.AbstractDataSet  - getTableMetaData(tableName=REQUESTCONTEXT) - start
147911 [main] DEBUG org.dbunit.dataset.AbstractDataSet  - getTable(tableName=REQUESTCONTEXT) - start
147911 [main] DEBUG org.dbunit.dataset.AbstractDataSet  - initialize() - start
147911 [main] DEBUG org.dbunit.dataset.AbstractDataSet  - The table name map has already been initialized.
147912 [main] DEBUG org.dbunit.dataset.OrderedTableNameMap  - getTableName(tableName=REQUESTCONTEXT) - start
147912 [main] DEBUG org.dbunit.dataset.OrderedTableNameMap  - getTableName(tableName=REQUESTCONTEXT) - end - result=REQUESTCONTEXT
147912 [main] DEBUG org.dbunit.dataset.AbstractDataSet  - getTableMetaData(tableName=SCOPE) - start
147912 [main] DEBUG org.dbunit.dataset.AbstractDataSet  - getTable(tableName=SCOPE) - start
147912 [main] DEBUG org.dbunit.dataset.AbstractDataSet  - initialize() - start
147912 [main] DEBUG org.dbunit.dataset.AbstractDataSet  - The table name map has already been initialized.
147912 [main] DEBUG org.dbunit.dataset.OrderedTableNameMap  - getTableName(tableName=SCOPE) - start
147912 [main] DEBUG org.dbunit.dataset.OrderedTableNameMap  - getTableName(tableName=SCOPE) - end - result=SCOPE
147912 [main] DEBUG org.dbunit.dataset.AbstractDataSet  - getTableMetaData(tableName=SCOPEDCONTENT) - start
147912 [main] DEBUG org.dbunit.dataset.AbstractDataSet  - getTable(tableName=SCOPEDCONTENT) - start
147912 [main] DEBUG org.dbunit.dataset.AbstractDataSet  - initialize() - start
147912 [main] DEBUG org.dbunit.dataset.AbstractDataSet  - The table name map has already been initialized.
147912 [main] DEBUG org.dbunit.dataset.OrderedTableNameMap  - getTableName(tableName=SCOPEDCONTENT) - start
147912 [main] DEBUG org.dbunit.dataset.OrderedTableNameMap  - getTableName(tableName=SCOPEDCONTENT) - end - result=SCOPEDCONTENT
147912 [main] DEBUG org.dbunit.dataset.AbstractDataSet  - getTableMetaData(tableName=SCOPEDCONTENTCONDITIONATTRIBUTE) - start
147912 [main] DEBUG org.dbunit.dataset.AbstractDataSet  - getTable(tableName=SCOPEDCONTENTCONDITIONATTRIBUTE) - start
147912 [main] DEBUG org.dbunit.dataset.AbstractDataSet  - initialize() - start
147912 [main] DEBUG org.dbunit.dataset.AbstractDataSet  - The table name map has already been initialized.
147912 [main] DEBUG org.dbunit.dataset.OrderedTableNameMap  - getTableName(tableName=SCOPEDCONTENTCONDITIONATTRIBUTE) - start
147912 [main] DEBUG org.dbunit.dataset.OrderedTableNameMap  - getTableName(tableName=SCOPEDCONTENTCONDITIONATTRIBUTE) - end - result=SCOPEDCONTENTCONDITIONATTRIBUTE
147912 [main] DEBUG org.dbunit.dataset.AbstractDataSet  - getTableMetaData(tableName=SCOPEDCONTENTCONDITIONS_SCOPEDCONTENT) - start
147912 [main] DEBUG org.dbunit.dataset.AbstractDataSet  - getTable(tableName=SCOPEDCONTENTCONDITIONS_SCOPEDCONTENT) - start
147912 [main] DEBUG org.dbunit.dataset.AbstractDataSet  - initialize() - start
147912 [main] DEBUG org.dbunit.dataset.AbstractDataSet  - The table name map has already been initialized.
147912 [main] DEBUG org.dbunit.dataset.OrderedTableNameMap  - getTableName(tableName=SCOPEDCONTENTCONDITIONS_SCOPEDCONTENT) - start
147912 [main] DEBUG org.dbunit.dataset.OrderedTableNameMap  - getTableName(tableName=SCOPEDCONTENTCONDITIONS_SCOPEDCONTENT) - end - result=SCOPEDCONTENTCONDITIONS_SCOPEDCONTENT
147912 [main] DEBUG org.dbunit.dataset.AbstractDataSet  - getTableMetaData(tableName=SCOPEDCONTENTITEM) - start
147912 [main] DEBUG org.dbunit.dataset.AbstractDataSet  - getTable(tableName=SCOPEDCONTENTITEM) - start
147913 [main] DEBUG org.dbunit.dataset.AbstractDataSet  - initialize() - start
147913 [main] DEBUG org.dbunit.dataset.AbstractDataSet  - The table name map has already been initialized.
147913 [main] DEBUG org.dbunit.dataset.OrderedTableNameMap  - getTableName(tableName=SCOPEDCONTENTITEM) - start
147913 [main] DEBUG org.dbunit.dataset.OrderedTableNameMap  - getTableName(tableName=SCOPEDCONTENTITEM) - end - result=SCOPEDCONTENTITEM
147913 [main] DEBUG org.dbunit.dataset.AbstractDataSet  - getTableMetaData(tableName=SCOPEDCONTENTCONDITIONS_SCOPEDCONTENTITEM) - start
147913 [main] DEBUG org.dbunit.dataset.AbstractDataSet  - getTable(tableName=SCOPEDCONTENTCONDITIONS_SCOPEDCONTENTITEM) - start
147913 [main] DEBUG org.dbunit.dataset.AbstractDataSet  - initialize() - start
147913 [main] DEBUG org.dbunit.dataset.AbstractDataSet  - The table name map has already been initialized.
147913 [main] DEBUG org.dbunit.dataset.OrderedTableNameMap  - getTableName(tableName=SCOPEDCONTENTCONDITIONS_SCOPEDCONTENTITEM) - start
147913 [main] DEBUG org.dbunit.dataset.OrderedTableNameMap  - getTableName(tableName=SCOPEDCONTENTCONDITIONS_SCOPEDCONTENTITEM) - end - result=SCOPEDCONTENTCONDITIONS_SCOPEDCONTENTITEM
147913 [main] DEBUG org.dbunit.dataset.AbstractDataSet  - getTableMetaData(tableName=SCOPEDCONTENT_SCOPEDCONTENTITEM) - start
147913 [main] DEBUG org.dbunit.dataset.AbstractDataSet  - getTable(tableName=SCOPEDCONTENT_SCOPEDCONTENTITEM) - start
147913 [main] DEBUG org.dbunit.dataset.AbstractDataSet  - initialize() - start
147913 [main] DEBUG org.dbunit.dataset.AbstractDataSet  - The table name map has already been initialized.
147913 [main] DEBUG org.dbunit.dataset.OrderedTableNameMap  - getTableName(tableName=SCOPEDCONTENT_SCOPEDCONTENTITEM) - start
147913 [main] DEBUG org.dbunit.dataset.OrderedTableNameMap  - getTableName(tableName=SCOPEDCONTENT_SCOPEDCONTENTITEM) - end - result=SCOPEDCONTENT_SCOPEDCONTENTITEM
147913 [main] DEBUG org.dbunit.dataset.AbstractDataSet  - getTableMetaData(tableName=SCOPE_REQUESTCONTEXT) - start
147913 [main] DEBUG org.dbunit.dataset.AbstractDataSet  - getTable(tableName=SCOPE_REQUESTCONTEXT) - start
147913 [main] DEBUG org.dbunit.dataset.AbstractDataSet  - initialize() - start
147913 [main] DEBUG org.dbunit.dataset.AbstractDataSet  - The table name map has already been initialized.
147913 [main] DEBUG org.dbunit.dataset.OrderedTableNameMap  - getTableName(tableName=SCOPE_REQUESTCONTEXT) - start
147913 [main] DEBUG org.dbunit.dataset.OrderedTableNameMap  - getTableName(tableName=SCOPE_REQUESTCONTEXT) - end - result=SCOPE_REQUESTCONTEXT
147913 [main] DEBUG org.dbunit.dataset.AbstractDataSet  - getTableMetaData(tableName=USER) - start
147913 [main] DEBUG org.dbunit.dataset.AbstractDataSet  - getTable(tableName=USER) - start
147913 [main] DEBUG org.dbunit.dataset.AbstractDataSet  - initialize() - start
147913 [main] DEBUG org.dbunit.dataset.AbstractDataSet  - The table name map has already been initialized.
147913 [main] DEBUG org.dbunit.dataset.OrderedTableNameMap  - getTableName(tableName=USER) - start
147913 [main] DEBUG org.dbunit.dataset.OrderedTableNameMap  - getTableName(tableName=USER) - end - result=USER
147913 [main] DEBUG org.dbunit.dataset.AbstractDataSet  - getTableMetaData(tableName=USERS_AUTHORITIES) - start
147913 [main] DEBUG org.dbunit.dataset.AbstractDataSet  - getTable(tableName=USERS_AUTHORITIES) - start
147913 [main] DEBUG org.dbunit.dataset.AbstractDataSet  - initialize() - start
147914 [main] DEBUG org.dbunit.dataset.AbstractDataSet  - The table name map has already been initialized.
147914 [main] DEBUG org.dbunit.dataset.OrderedTableNameMap  - getTableName(tableName=USERS_AUTHORITIES) - start
147914 [main] DEBUG org.dbunit.dataset.OrderedTableNameMap  - getTableName(tableName=USERS_AUTHORITIES) - end - result=USERS_AUTHORITIES
147914 [main] DEBUG org.dbunit.dataset.filter.SequenceTableIterator  - next() - start
147914 [main] DEBUG org.dbunit.dataset.filter.SequenceTableIterator  - getTable() - start
147914 [main] DEBUG org.dbunit.dataset.AbstractDataSet  - getTable(tableName=Authority) - start
147914 [main] DEBUG org.dbunit.dataset.AbstractDataSet  - initialize() - start
147914 [main] DEBUG org.dbunit.dataset.AbstractDataSet  - The table name map has already been initialized.
147914 [main] DEBUG org.dbunit.dataset.OrderedTableNameMap  - getTableName(tableName=Authority) - start
147914 [main] DEBUG org.dbunit.dataset.OrderedTableNameMap  - getTableName(tableName=Authority) - end - result=AUTHORITY
147914 [main] TRACE org.dbunit.operation.AbstractBatchOperation  - execute: processing table='Authority'
147914 [main] DEBUG org.dbunit.operation.AbstractBatchOperation  - isEmpty(table=org.dbunit.dataset.DefaultTable[_metaData=tableName=Authority, columns=[], keys=[], _rowList.size()=0]) - start
147914 [main] DEBUG org.dbunit.dataset.filter.SequenceTableIterator  - next() - start
147914 [main] DEBUG org.dbunit.dataset.filter.SequenceTableIterator  - getTable() - start
147914 [main] DEBUG org.dbunit.dataset.AbstractDataSet  - getTable(tableName=Caption) - start
147914 [main] DEBUG org.dbunit.dataset.AbstractDataSet  - initialize() - start
147914 [main] DEBUG org.dbunit.dataset.AbstractDataSet  - The table name map has already been initialized.
147914 [main] DEBUG org.dbunit.dataset.OrderedTableNameMap  - getTableName(tableName=Caption) - start
147914 [main] DEBUG org.dbunit.dataset.OrderedTableNameMap  - getTableName(tableName=Caption) - end - result=CAPTION
147914 [main] TRACE org.dbunit.operation.AbstractBatchOperation  - execute: processing table='Caption'
147914 [main] DEBUG org.dbunit.operation.AbstractBatchOperation  - isEmpty(table=org.dbunit.dataset.DefaultTable[_metaData=tableName=Caption, columns=[], keys=[], _rowList.size()=0]) - start
147914 [main] DEBUG org.dbunit.dataset.filter.SequenceTableIterator  - next() - start
147914 [main] DEBUG org.dbunit.dataset.filter.SequenceTableIterator  - getTable() - start
147914 [main] DEBUG org.dbunit.dataset.AbstractDataSet  - getTable(tableName=ScopedContentCondition) - start
147914 [main] DEBUG org.dbunit.dataset.AbstractDataSet  - initialize() - start
147914 [main] DEBUG org.dbunit.dataset.AbstractDataSet  - The table name map has already been initialized.
147915 [main] DEBUG org.dbunit.dataset.OrderedTableNameMap  - getTableName(tableName=ScopedContentCondition) - start
147915 [main] DEBUG org.dbunit.dataset.OrderedTableNameMap  - getTableName(tableName=ScopedContentCondition) - end - result=SCOPEDCONTENTCONDITION
147915 [main] TRACE org.dbunit.operation.AbstractBatchOperation  - execute: processing table='ScopedContentCondition'
147915 [main] DEBUG org.dbunit.operation.AbstractBatchOperation  - isEmpty(table=org.dbunit.dataset.DefaultTable[_metaData=tableName=ScopedContentCondition, columns=[(name, UNKNOWN, nullableUnknown), (description, UNKNOWN, nullableUnknown), (operator, UNKNOWN, nullableUnknown), (id, UNKNOWN, nullableUnknown), (timeStamp, UNKNOWN, nullableUnknown)], keys=[], _rowList.size()=1]) - start
147915 [main] DEBUG org.dbunit.dataset.DefaultTable  - getValue(row=0, column=name) - start
147915 [main] DEBUG org.dbunit.dataset.AbstractTable  - assertValidRowIndex(row=0) - start
147915 [main] DEBUG org.dbunit.dataset.AbstractTable  - assertValidRowIndex(row=0, rowCount=1) - start
147915 [main] DEBUG org.dbunit.dataset.AbstractTable  - getColumnIndex(columnName=name) - start
147915 [main] DEBUG org.dbunit.dataset.AbstractTableMetaData  - getColumnIndex(columnName=name) - start
147915 [main] DEBUG org.dbunit.operation.AbstractOperation  - getOperationMetaData(connection=_databaseConfig=org.dbunit.database.DatabaseConfig[, _propertyMap={http://www.dbunit.org/properties/statementFactory=org.dbunit.database.statement.PreparedStatementFactory@626bc2b8, http://www.dbunit.org/features/caseSensitiveTableNames=false, http://www.dbunit.org/properties/fetchSize=100, http://www.dbunit.org/features/batchedStatements=false, http://www.dbunit.org/properties/metadataHandler=org.dbunit.database.DefaultMetadataHandler@3bbfdfde, http://www.dbunit.org/properties/datatypeFactory=org.dbunit.dataset.datatype.DefaultDataTypeFactory[_toleratedDeltaMap=org.dbunit.dataset.datatype.ToleratedDeltaMap@6452310a], http://www.dbunit.org/properties/escapePattern=null, http://www.dbunit.org/properties/batchSize=100, http://www.dbunit.org/features/qualifiedTableNames=false, http://www.dbunit.org/properties/tableType=[Ljava.lang.String;@5011bafa, http://www.dbunit.org/properties/resultSetTableFactory=org.dbunit.database.CachedResultSetTableFactory@10bcf083, http://www.dbunit.org/features/datatypeWarning=true}], _dataSet=AbstractDataSet[_orderedTableNameMap=null], metaData=tableName=ScopedContentCondition, columns=[(name, UNKNOWN, nullableUnknown), (description, UNKNOWN, nullableUnknown), (operator, UNKNOWN, nullableUnknown), (id, UNKNOWN, nullableUnknown), (timeStamp, UNKNOWN, nullableUnknown)], keys=[]) - start
147915 [main] DEBUG org.dbunit.database.AbstractDatabaseConnection  - createDataSet() - start
147915 [main] DEBUG org.dbunit.database.DatabaseDataSet  - getTableMetaData(tableName=ScopedContentCondition) - start
147915 [main] DEBUG org.dbunit.database.DatabaseDataSet  - initialize() - start
147915 [main] DEBUG org.dbunit.dataset.OrderedTableNameMap  - getTableName(tableName=ScopedContentCondition) - start
147915 [main] DEBUG org.dbunit.dataset.OrderedTableNameMap  - getTableName(tableName=ScopedContentCondition) - end - result=SCOPEDCONTENTCONDITION
147915 [main] DEBUG org.dbunit.dataset.OrderedTableNameMap  - getTableName(tableName=ScopedContentCondition) - start
147915 [main] DEBUG org.dbunit.dataset.OrderedTableNameMap  - getTableName(tableName=ScopedContentCondition) - end - result=SCOPEDCONTENTCONDITION
147915 [main] DEBUG org.dbunit.dataset.AbstractTableMetaData  - getColumnIndex(columnName=name) - start
147915 [main] DEBUG org.dbunit.database.DatabaseTableMetaData  - getColumns() - start
147915 [main] DEBUG org.dbunit.dataset.AbstractTableMetaData  - getColumnIndex(columnName=description) - start
147915 [main] DEBUG org.dbunit.database.DatabaseTableMetaData  - getColumns() - start
147915 [main] DEBUG org.dbunit.dataset.AbstractTableMetaData  - getColumnIndex(columnName=operator) - start
147915 [main] DEBUG org.dbunit.database.DatabaseTableMetaData  - getColumns() - start
147915 [main] DEBUG org.dbunit.dataset.AbstractTableMetaData  - getColumnIndex(columnName=id) - start
147916 [main] DEBUG org.dbunit.database.DatabaseTableMetaData  - getColumns() - start
147916 [main] DEBUG org.dbunit.dataset.AbstractTableMetaData  - getColumnIndex(columnName=timeStamp) - start
147916 [main] DEBUG org.dbunit.database.DatabaseTableMetaData  - getColumns() - start
147916 [main] DEBUG org.dbunit.database.DatabaseTableMetaData  - getPrimaryKeys() - start
147916 [main] TRACE org.dbunit.database.DatabaseConfig  - getProperty(name=http://www.dbunit.org/properties/primaryKeyFilter) - start
147916 [main] DEBUG org.dbunit.operation.InsertOperation  - getIgnoreMapping(table=org.dbunit.dataset.DefaultTable[_metaData=tableName=ScopedContentCondition, columns=[(name, UNKNOWN, nullableUnknown), (description, UNKNOWN, nullableUnknown), (operator, UNKNOWN, nullableUnknown), (id, UNKNOWN, nullableUnknown), (timeStamp, UNKNOWN, nullableUnknown)], keys=[], _rowList.size()=1], row=0) - start
147916 [main] DEBUG org.dbunit.dataset.DefaultTable  - getValue(row=0, column=name) - start
147916 [main] DEBUG org.dbunit.dataset.AbstractTable  - assertValidRowIndex(row=0) - start
147916 [main] DEBUG org.dbunit.dataset.AbstractTable  - assertValidRowIndex(row=0, rowCount=1) - start
147916 [main] DEBUG org.dbunit.dataset.AbstractTable  - getColumnIndex(columnName=name) - start
147916 [main] DEBUG org.dbunit.dataset.AbstractTableMetaData  - getColumnIndex(columnName=name) - start
147916 [main] DEBUG org.dbunit.dataset.DefaultTable  - getValue(row=0, column=description) - start
147916 [main] DEBUG org.dbunit.dataset.AbstractTable  - assertValidRowIndex(row=0) - start
147916 [main] DEBUG org.dbunit.dataset.AbstractTable  - assertValidRowIndex(row=0, rowCount=1) - start
147916 [main] DEBUG org.dbunit.dataset.AbstractTable  - getColumnIndex(columnName=description) - start
147916 [main] DEBUG org.dbunit.dataset.AbstractTableMetaData  - getColumnIndex(columnName=description) - start
147916 [main] DEBUG org.dbunit.dataset.DefaultTable  - getValue(row=0, column=operator) - start
147916 [main] DEBUG org.dbunit.dataset.AbstractTable  - assertValidRowIndex(row=0) - start
147916 [main] DEBUG org.dbunit.dataset.AbstractTable  - assertValidRowIndex(row=0, rowCount=1) - start
147916 [main] DEBUG org.dbunit.dataset.AbstractTable  - getColumnIndex(columnName=operator) - start
147916 [main] DEBUG org.dbunit.dataset.AbstractTableMetaData  - getColumnIndex(columnName=operator) - start
147916 [main] DEBUG org.dbunit.dataset.DefaultTable  - getValue(row=0, column=id) - start
147916 [main] DEBUG org.dbunit.dataset.AbstractTable  - assertValidRowIndex(row=0) - start
147916 [main] DEBUG org.dbunit.dataset.AbstractTable  - assertValidRowIndex(row=0, rowCount=1) - start
147916 [main] DEBUG org.dbunit.dataset.AbstractTable  - getColumnIndex(columnName=id) - start
147916 [main] DEBUG org.dbunit.dataset.AbstractTableMetaData  - getColumnIndex(columnName=id) - start
147916 [main] DEBUG org.dbunit.dataset.DefaultTable  - getValue(row=0, column=timeStamp) - start
147917 [main] DEBUG org.dbunit.dataset.AbstractTable  - assertValidRowIndex(row=0) - start
147917 [main] DEBUG org.dbunit.dataset.AbstractTable  - assertValidRowIndex(row=0, rowCount=1) - start
147917 [main] DEBUG org.dbunit.dataset.AbstractTable  - getColumnIndex(columnName=timeStamp) - start
147917 [main] DEBUG org.dbunit.dataset.AbstractTableMetaData  - getColumnIndex(columnName=timeStamp) - start
147917 [main] DEBUG org.dbunit.operation.InsertOperation  - getOperationData(metaData=tableName=SCOPEDCONTENTCONDITION, columns=[(NAME, VARCHAR, noNulls), (DESCRIPTION, VARCHAR, nullable), (OPERATOR, VARCHAR, noNulls), (ID, INTEGER, noNulls), (TIMESTAMP, TIMESTAMP, nullable)], keys=[(ID, INTEGER, noNulls)], ignoreMapping={}, connection=_databaseConfig=org.dbunit.database.DatabaseConfig[, _propertyMap={http://www.dbunit.org/properties/statementFactory=org.dbunit.database.statement.PreparedStatementFactory@626bc2b8, http://www.dbunit.org/features/caseSensitiveTableNames=false, http://www.dbunit.org/properties/fetchSize=100, http://www.dbunit.org/features/batchedStatements=false, http://www.dbunit.org/properties/metadataHandler=org.dbunit.database.DefaultMetadataHandler@3bbfdfde, http://www.dbunit.org/properties/datatypeFactory=org.dbunit.dataset.datatype.DefaultDataTypeFactory[_toleratedDeltaMap=org.dbunit.dataset.datatype.ToleratedDeltaMap@6452310a], http://www.dbunit.org/properties/escapePattern=null, http://www.dbunit.org/properties/batchSize=100, http://www.dbunit.org/features/qualifiedTableNames=false, http://www.dbunit.org/properties/tableType=[Ljava.lang.String;@5011bafa, http://www.dbunit.org/properties/resultSetTableFactory=org.dbunit.database.CachedResultSetTableFactory@10bcf083, http://www.dbunit.org/features/datatypeWarning=true}], _dataSet=AbstractDataSet[_orderedTableNameMap=null]) - start
147917 [main] DEBUG org.dbunit.operation.AbstractOperation  - getQualifiedName(prefix=null, name=SCOPEDCONTENTCONDITION, connection=_databaseConfig=org.dbunit.database.DatabaseConfig[, _propertyMap={http://www.dbunit.org/properties/statementFactory=org.dbunit.database.statement.PreparedStatementFactory@626bc2b8, http://www.dbunit.org/features/caseSensitiveTableNames=false, http://www.dbunit.org/properties/fetchSize=100, http://www.dbunit.org/features/batchedStatements=false, http://www.dbunit.org/properties/metadataHandler=org.dbunit.database.DefaultMetadataHandler@3bbfdfde, http://www.dbunit.org/properties/datatypeFactory=org.dbunit.dataset.datatype.DefaultDataTypeFactory[_toleratedDeltaMap=org.dbunit.dataset.datatype.ToleratedDeltaMap@6452310a], http://www.dbunit.org/properties/escapePattern=null, http://www.dbunit.org/properties/batchSize=100, http://www.dbunit.org/features/qualifiedTableNames=false, http://www.dbunit.org/properties/tableType=[Ljava.lang.String;@5011bafa, http://www.dbunit.org/properties/resultSetTableFactory=org.dbunit.database.CachedResultSetTableFactory@10bcf083, http://www.dbunit.org/features/datatypeWarning=true}], _dataSet=AbstractDataSet[_orderedTableNameMap=null]) - start
147917 [main] TRACE org.dbunit.database.DatabaseConfig  - getProperty(name=http://www.dbunit.org/properties/escapePattern) - start
147917 [main] DEBUG org.dbunit.util.QualifiedTableName  - getQualifiedName() - start
147917 [main] DEBUG org.dbunit.util.QualifiedTableName  - getQualifiedName(prefix=null, name=SCOPEDCONTENTCONDITION, escapePattern=null) - start
147917 [main] DEBUG org.dbunit.operation.AbstractOperation  - getQualifiedName(prefix=null, name=NAME, connection=_databaseConfig=org.dbunit.database.DatabaseConfig[, _propertyMap={http://www.dbunit.org/properties/statementFactory=org.dbunit.database.statement.PreparedStatementFactory@626bc2b8, http://www.dbunit.org/features/caseSensitiveTableNames=false, http://www.dbunit.org/properties/fetchSize=100, http://www.dbunit.org/features/batchedStatements=false, http://www.dbunit.org/properties/metadataHandler=org.dbunit.database.DefaultMetadataHandler@3bbfdfde, http://www.dbunit.org/properties/datatypeFactory=org.dbunit.dataset.datatype.DefaultDataTypeFactory[_toleratedDeltaMap=org.dbunit.dataset.datatype.ToleratedDeltaMap@6452310a], http://www.dbunit.org/properties/escapePattern=null, http://www.dbunit.org/properties/batchSize=100, http://www.dbunit.org/features/qualifiedTableNames=false, http://www.dbunit.org/properties/tableType=[Ljava.lang.String;@5011bafa, http://www.dbunit.org/properties/resultSetTableFactory=org.dbunit.database.CachedResultSetTableFactory@10bcf083, http://www.dbunit.org/features/datatypeWarning=true}], _dataSet=AbstractDataSet[_orderedTableNameMap=null]) - start
147917 [main] TRACE org.dbunit.database.DatabaseConfig  - getProperty(name=http://www.dbunit.org/properties/escapePattern) - start
147917 [main] DEBUG org.dbunit.util.QualifiedTableName  - getQualifiedName() - start
147917 [main] DEBUG org.dbunit.util.QualifiedTableName  - getQualifiedName(prefix=null, name=NAME, escapePattern=null) - start
147917 [main] DEBUG org.dbunit.operation.AbstractOperation  - getQualifiedName(prefix=null, name=DESCRIPTION, connection=_databaseConfig=org.dbunit.database.DatabaseConfig[, _propertyMap={http://www.dbunit.org/properties/statementFactory=org.dbunit.database.statement.PreparedStatementFactory@626bc2b8, http://www.dbunit.org/features/caseSensitiveTableNames=false, http://www.dbunit.org/properties/fetchSize=100, http://www.dbunit.org/features/batchedStatements=false, http://www.dbunit.org/properties/metadataHandler=org.dbunit.database.DefaultMetadataHandler@3bbfdfde, http://www.dbunit.org/properties/datatypeFactory=org.dbunit.dataset.datatype.DefaultDataTypeFactory[_toleratedDeltaMap=org.dbunit.dataset.datatype.ToleratedDeltaMap@6452310a], http://www.dbunit.org/properties/escapePattern=null, http://www.dbunit.org/properties/batchSize=100, http://www.dbunit.org/features/qualifiedTableNames=false, http://www.dbunit.org/properties/tableType=[Ljava.lang.String;@5011bafa, http://www.dbunit.org/properties/resultSetTableFactory=org.dbunit.database.CachedResultSetTableFactory@10bcf083, http://www.dbunit.org/features/datatypeWarning=true}], _dataSet=AbstractDataSet[_orderedTableNameMap=null]) - start
147917 [main] TRACE org.dbunit.database.DatabaseConfig  - getProperty(name=http://www.dbunit.org/properties/escapePattern) - start
147917 [main] DEBUG org.dbunit.util.QualifiedTableName  - getQualifiedName() - start
147917 [main] DEBUG org.dbunit.util.QualifiedTableName  - getQualifiedName(prefix=null, name=DESCRIPTION, escapePattern=null) - start
147918 [main] DEBUG org.dbunit.operation.AbstractOperation  - getQualifiedName(prefix=null, name=OPERATOR, connection=_databaseConfig=org.dbunit.database.DatabaseConfig[, _propertyMap={http://www.dbunit.org/properties/statementFactory=org.dbunit.database.statement.PreparedStatementFactory@626bc2b8, http://www.dbunit.org/features/caseSensitiveTableNames=false, http://www.dbunit.org/properties/fetchSize=100, http://www.dbunit.org/features/batchedStatements=false, http://www.dbunit.org/properties/metadataHandler=org.dbunit.database.DefaultMetadataHandler@3bbfdfde, http://www.dbunit.org/properties/datatypeFactory=org.dbunit.dataset.datatype.DefaultDataTypeFactory[_toleratedDeltaMap=org.dbunit.dataset.datatype.ToleratedDeltaMap@6452310a], http://www.dbunit.org/properties/escapePattern=null, http://www.dbunit.org/properties/batchSize=100, http://www.dbunit.org/features/qualifiedTableNames=false, http://www.dbunit.org/properties/tableType=[Ljava.lang.String;@5011bafa, http://www.dbunit.org/properties/resultSetTableFactory=org.dbunit.database.CachedResultSetTableFactory@10bcf083, http://www.dbunit.org/features/datatypeWarning=true}], _dataSet=AbstractDataSet[_orderedTableNameMap=null]) - start
147918 [main] TRACE org.dbunit.database.DatabaseConfig  - getProperty(name=http://www.dbunit.org/properties/escapePattern) - start
147918 [main] DEBUG org.dbunit.util.QualifiedTableName  - getQualifiedName() - start
147918 [main] DEBUG org.dbunit.util.QualifiedTableName  - getQualifiedName(prefix=null, name=OPERATOR, escapePattern=null) - start
147918 [main] DEBUG org.dbunit.operation.AbstractOperation  - getQualifiedName(prefix=null, name=ID, connection=_databaseConfig=org.dbunit.database.DatabaseConfig[, _propertyMap={http://www.dbunit.org/properties/statementFactory=org.dbunit.database.statement.PreparedStatementFactory@626bc2b8, http://www.dbunit.org/features/caseSensitiveTableNames=false, http://www.dbunit.org/properties/fetchSize=100, http://www.dbunit.org/features/batchedStatements=false, http://www.dbunit.org/properties/metadataHandler=org.dbunit.database.DefaultMetadataHandler@3bbfdfde, http://www.dbunit.org/properties/datatypeFactory=org.dbunit.dataset.datatype.DefaultDataTypeFactory[_toleratedDeltaMap=org.dbunit.dataset.datatype.ToleratedDeltaMap@6452310a], http://www.dbunit.org/properties/escapePattern=null, http://www.dbunit.org/properties/batchSize=100, http://www.dbunit.org/features/qualifiedTableNames=false, http://www.dbunit.org/properties/tableType=[Ljava.lang.String;@5011bafa, http://www.dbunit.org/properties/resultSetTableFactory=org.dbunit.database.CachedResultSetTableFactory@10bcf083, http://www.dbunit.org/features/datatypeWarning=true}], _dataSet=AbstractDataSet[_orderedTableNameMap=null]) - start
147918 [main] TRACE org.dbunit.database.DatabaseConfig  - getProperty(name=http://www.dbunit.org/properties/escapePattern) - start
147918 [main] DEBUG org.dbunit.util.QualifiedTableName  - getQualifiedName() - start
147918 [main] DEBUG org.dbunit.util.QualifiedTableName  - getQualifiedName(prefix=null, name=ID, escapePattern=null) - start
147918 [main] DEBUG org.dbunit.operation.AbstractOperation  - getQualifiedName(prefix=null, name=TIMESTAMP, connection=_databaseConfig=org.dbunit.database.DatabaseConfig[, _propertyMap={http://www.dbunit.org/properties/statementFactory=org.dbunit.database.statement.PreparedStatementFactory@626bc2b8, http://www.dbunit.org/features/caseSensitiveTableNames=false, http://www.dbunit.org/properties/fetchSize=100, http://www.dbunit.org/features/batchedStatements=false, http://www.dbunit.org/properties/metadataHandler=org.dbunit.database.DefaultMetadataHandler@3bbfdfde, http://www.dbunit.org/properties/datatypeFactory=org.dbunit.dataset.datatype.DefaultDataTypeFactory[_toleratedDeltaMap=org.dbunit.dataset.datatype.ToleratedDeltaMap@6452310a], http://www.dbunit.org/properties/escapePattern=null, http://www.dbunit.org/properties/batchSize=100, http://www.dbunit.org/features/qualifiedTableNames=false, http://www.dbunit.org/properties/tableType=[Ljava.lang.String;@5011bafa, http://www.dbunit.org/properties/resultSetTableFactory=org.dbunit.database.CachedResultSetTableFactory@10bcf083, http://www.dbunit.org/features/datatypeWarning=true}], _dataSet=AbstractDataSet[_orderedTableNameMap=null]) - start
147918 [main] TRACE org.dbunit.database.DatabaseConfig  - getProperty(name=http://www.dbunit.org/properties/escapePattern) - start
147918 [main] DEBUG org.dbunit.util.QualifiedTableName  - getQualifiedName() - start
147918 [main] DEBUG org.dbunit.util.QualifiedTableName  - getQualifiedName(prefix=null, name=TIMESTAMP, escapePattern=null) - start
147918 [main] DEBUG org.dbunit.database.statement.PreparedStatementFactory  - createPreparedBatchStatement(sql=insert into SCOPEDCONTENTCONDITION (NAME, DESCRIPTION, OPERATOR, ID, TIMESTAMP) values (?, ?, ?, ?, ?), connection=_databaseConfig=org.dbunit.database.DatabaseConfig[, _propertyMap={http://www.dbunit.org/properties/statementFactory=org.dbunit.database.statement.PreparedStatementFactory@626bc2b8, http://www.dbunit.org/features/caseSensitiveTableNames=false, http://www.dbunit.org/properties/fetchSize=100, http://www.dbunit.org/features/batchedStatements=false, http://www.dbunit.org/properties/metadataHandler=org.dbunit.database.DefaultMetadataHandler@3bbfdfde, http://www.dbunit.org/properties/datatypeFactory=org.dbunit.dataset.datatype.DefaultDataTypeFactory[_toleratedDeltaMap=org.dbunit.dataset.datatype.ToleratedDeltaMap@6452310a], http://www.dbunit.org/properties/escapePattern=null, http://www.dbunit.org/properties/batchSize=100, http://www.dbunit.org/features/qualifiedTableNames=false, http://www.dbunit.org/properties/tableType=[Ljava.lang.String;@5011bafa, http://www.dbunit.org/properties/resultSetTableFactory=org.dbunit.database.CachedResultSetTableFactory@10bcf083, http://www.dbunit.org/features/datatypeWarning=true}], _dataSet=AbstractDataSet[_orderedTableNameMap=null]) - start
147918 [main] TRACE org.dbunit.database.DatabaseConfig  - getProperty(name=http://www.dbunit.org/properties/batchSize) - start
147918 [main] DEBUG org.dbunit.database.statement.AbstractStatementFactory  - supportBatchStatement(connection=_databaseConfig=org.dbunit.database.DatabaseConfig[, _propertyMap={http://www.dbunit.org/properties/statementFactory=org.dbunit.database.statement.PreparedStatementFactory@626bc2b8, http://www.dbunit.org/features/caseSensitiveTableNames=false, http://www.dbunit.org/properties/fetchSize=100, http://www.dbunit.org/features/batchedStatements=false, http://www.dbunit.org/properties/metadataHandler=org.dbunit.database.DefaultMetadataHandler@3bbfdfde, http://www.dbunit.org/properties/datatypeFactory=org.dbunit.dataset.datatype.DefaultDataTypeFactory[_toleratedDeltaMap=org.dbunit.dataset.datatype.ToleratedDeltaMap@6452310a], http://www.dbunit.org/properties/escapePattern=null, http://www.dbunit.org/properties/batchSize=100, http://www.dbunit.org/features/qualifiedTableNames=false, http://www.dbunit.org/properties/tableType=[Ljava.lang.String;@5011bafa, http://www.dbunit.org/properties/resultSetTableFactory=org.dbunit.database.CachedResultSetTableFactory@10bcf083, http://www.dbunit.org/features/datatypeWarning=true}], _dataSet=AbstractDataSet[_orderedTableNameMap=null]) - start
147918 [main] TRACE org.dbunit.database.DatabaseConfig  - getFeature(name=http://www.dbunit.org/features/batchedStatements) - start
147918 [main] TRACE org.dbunit.database.DatabaseConfig  - getProperty(name=http://www.dbunit.org/features/batchedStatements) - start
147918 [main] DEBUG org.dbunit.database.DatabaseDataSourceConnection  - getConnection() - start
147919 [main] DEBUG org.dbunit.dataset.DefaultTable  - getValue(row=0, column=NAME) - start
147919 [main] DEBUG org.dbunit.dataset.AbstractTable  - assertValidRowIndex(row=0) - start
147919 [main] DEBUG org.dbunit.dataset.AbstractTable  - assertValidRowIndex(row=0, rowCount=1) - start
147919 [main] DEBUG org.dbunit.dataset.AbstractTable  - getColumnIndex(columnName=NAME) - start
147919 [main] DEBUG org.dbunit.dataset.AbstractTableMetaData  - getColumnIndex(columnName=NAME) - start
147919 [main] DEBUG org.dbunit.database.statement.AutomaticPreparedBatchStatement  - addValue(value=9, dataType=VARCHAR) - start
147919 [main] DEBUG org.dbunit.database.statement.SimplePreparedStatement  - addValue(value=9, dataType=VARCHAR) - start
147919 [main] DEBUG org.dbunit.dataset.datatype.StringDataType  - setSqlValue(value=9, column=1, statement=org.hsqldb.jdbc.JDBCPreparedStatement@88cda1a[sql=[insert into SCOPEDCONTENTCONDITION (NAME, DESCRIPTION, OPERATOR, ID, TIMESTAMP) values (?, ?, ?, ?, ?)], parameters=[[null], [null], [null], [null], [null]]]) - start
147919 [main] DEBUG org.dbunit.dataset.datatype.DataType  - asString(value=9) - start
147919 [main] DEBUG org.dbunit.dataset.datatype.StringDataType  - typeCast(value=9) - start
147919 [main] DEBUG org.dbunit.dataset.DefaultTable  - getValue(row=0, column=DESCRIPTION) - start
147919 [main] DEBUG org.dbunit.dataset.AbstractTable  - assertValidRowIndex(row=0) - start
147919 [main] DEBUG org.dbunit.dataset.AbstractTable  - assertValidRowIndex(row=0, rowCount=1) - start
147919 [main] DEBUG org.dbunit.dataset.AbstractTable  - getColumnIndex(columnName=DESCRIPTION) - start
147919 [main] DEBUG org.dbunit.dataset.AbstractTableMetaData  - getColumnIndex(columnName=DESCRIPTION) - start
147919 [main] DEBUG org.dbunit.database.statement.AutomaticPreparedBatchStatement  - addValue(value=10, dataType=VARCHAR) - start
147919 [main] DEBUG org.dbunit.database.statement.SimplePreparedStatement  - addValue(value=10, dataType=VARCHAR) - start
147919 [main] DEBUG org.dbunit.dataset.datatype.StringDataType  - setSqlValue(value=10, column=2, statement=org.hsqldb.jdbc.JDBCPreparedStatement@88cda1a[sql=[insert into SCOPEDCONTENTCONDITION (NAME, DESCRIPTION, OPERATOR, ID, TIMESTAMP) values (?, ?, ?, ?, ?)], parameters=[[9], [null], [null], [null], [null]]]) - start
147919 [main] DEBUG org.dbunit.dataset.datatype.DataType  - asString(value=10) - start
147919 [main] DEBUG org.dbunit.dataset.datatype.StringDataType  - typeCast(value=10) - start
147919 [main] DEBUG org.dbunit.dataset.DefaultTable  - getValue(row=0, column=OPERATOR) - start
147919 [main] DEBUG org.dbunit.dataset.AbstractTable  - assertValidRowIndex(row=0) - start
147919 [main] DEBUG org.dbunit.dataset.AbstractTable  - assertValidRowIndex(row=0, rowCount=1) - start
147919 [main] DEBUG org.dbunit.dataset.AbstractTable  - getColumnIndex(columnName=OPERATOR) - start
147919 [main] DEBUG org.dbunit.dataset.AbstractTableMetaData  - getColumnIndex(columnName=OPERATOR) - start
147920 [main] DEBUG org.dbunit.database.statement.AutomaticPreparedBatchStatement  - addValue(value=And, dataType=VARCHAR) - start
147920 [main] DEBUG org.dbunit.database.statement.SimplePreparedStatement  - addValue(value=And, dataType=VARCHAR) - start
147920 [main] DEBUG org.dbunit.dataset.datatype.StringDataType  - setSqlValue(value=And, column=3, statement=org.hsqldb.jdbc.JDBCPreparedStatement@88cda1a[sql=[insert into SCOPEDCONTENTCONDITION (NAME, DESCRIPTION, OPERATOR, ID, TIMESTAMP) values (?, ?, ?, ?, ?)], parameters=[[9], [10], [null], [null], [null]]]) - start
147920 [main] DEBUG org.dbunit.dataset.datatype.DataType  - asString(value=And) - start
147920 [main] DEBUG org.dbunit.dataset.datatype.StringDataType  - typeCast(value=And) - start
147920 [main] WARN  org.dbunit.dataset.datatype.StringDataType  - Unknown/unsupported object type 'com.tmt.kontroll.content.persistence.selections.ConditionalOperator' - will invoke toString() as last fallback which might produce undesired results
147920 [main] DEBUG org.dbunit.dataset.DefaultTable  - getValue(row=0, column=ID) - start
147920 [main] DEBUG org.dbunit.dataset.AbstractTable  - assertValidRowIndex(row=0) - start
147920 [main] DEBUG org.dbunit.dataset.AbstractTable  - assertValidRowIndex(row=0, rowCount=1) - start
147920 [main] DEBUG org.dbunit.dataset.AbstractTable  - getColumnIndex(columnName=ID) - start
147920 [main] DEBUG org.dbunit.dataset.AbstractTableMetaData  - getColumnIndex(columnName=ID) - start
147920 [main] DEBUG org.dbunit.database.statement.AutomaticPreparedBatchStatement  - addValue(value=1, dataType=INTEGER) - start
147920 [main] DEBUG org.dbunit.database.statement.SimplePreparedStatement  - addValue(value=1, dataType=INTEGER) - start
147920 [main] DEBUG org.dbunit.dataset.datatype.IntegerDataType  - setSqlValue(value=1, column=4, statement=org.hsqldb.jdbc.JDBCPreparedStatement@88cda1a[sql=[insert into SCOPEDCONTENTCONDITION (NAME, DESCRIPTION, OPERATOR, ID, TIMESTAMP) values (?, ?, ?, ?, ?)], parameters=[[9], [10], [And], [null], [null]]]) - start
147920 [main] DEBUG org.dbunit.dataset.datatype.IntegerDataType  - typeCast(value=1) - start
147920 [main] DEBUG org.dbunit.dataset.DefaultTable  - getValue(row=0, column=TIMESTAMP) - start
147920 [main] DEBUG org.dbunit.dataset.AbstractTable  - assertValidRowIndex(row=0) - start
147920 [main] DEBUG org.dbunit.dataset.AbstractTable  - assertValidRowIndex(row=0, rowCount=1) - start
147920 [main] DEBUG org.dbunit.dataset.AbstractTable  - getColumnIndex(columnName=TIMESTAMP) - start
147920 [main] DEBUG org.dbunit.dataset.AbstractTableMetaData  - getColumnIndex(columnName=TIMESTAMP) - start
147920 [main] DEBUG org.dbunit.database.statement.AutomaticPreparedBatchStatement  - addValue(value=2014-02-26 12:43:28.083, dataType=TIMESTAMP) - start
147920 [main] DEBUG org.dbunit.database.statement.SimplePreparedStatement  - addValue(value=2014-02-26 12:43:28.083, dataType=TIMESTAMP) - start
147920 [main] DEBUG org.dbunit.dataset.datatype.TimestampDataType  - setSqlValue(value=2014-02-26 12:43:28.083, column=5, statement=org.hsqldb.jdbc.JDBCPreparedStatement@88cda1a[sql=[insert into SCOPEDCONTENTCONDITION (NAME, DESCRIPTION, OPERATOR, ID, TIMESTAMP) values (?, ?, ?, ?, ?)], parameters=[[9], [10], [And], [1], [null]]]) - start
147920 [main] DEBUG org.dbunit.dataset.datatype.TimestampDataType  - typeCast(value=2014-02-26 12:43:28.083) - start
147921 [main] DEBUG org.dbunit.database.statement.AutomaticPreparedBatchStatement  - addBatch() - start
147921 [main] DEBUG org.dbunit.database.statement.SimplePreparedStatement  - addBatch() - start
147921 [main] DEBUG org.dbunit.operation.InsertOperation  - equalsIgnoreMapping(ignoreMapping={}, table=org.dbunit.dataset.DefaultTable[_metaData=tableName=ScopedContentCondition, columns=[(name, UNKNOWN, nullableUnknown), (description, UNKNOWN, nullableUnknown), (operator, UNKNOWN, nullableUnknown), (id, UNKNOWN, nullableUnknown), (timeStamp, UNKNOWN, nullableUnknown)], keys=[], _rowList.size()=1], row=1) - start
147921 [main] DEBUG org.dbunit.dataset.DefaultTable  - getValue(row=1, column=name) - start
147921 [main] DEBUG org.dbunit.dataset.AbstractTable  - assertValidRowIndex(row=1) - start
147921 [main] DEBUG org.dbunit.dataset.AbstractTable  - assertValidRowIndex(row=1, rowCount=1) - start
147921 [main] DEBUG org.dbunit.database.statement.AutomaticPreparedBatchStatement  - executeBatch() - start
147921 [main] DEBUG org.dbunit.database.statement.SimplePreparedStatement  - executeBatch() - start
147921 [main] DEBUG org.dbunit.database.statement.SimplePreparedStatement  - clearBatch() - start
147921 [main] DEBUG org.dbunit.database.statement.AutomaticPreparedBatchStatement  - clearBatch() - start
147921 [main] DEBUG org.dbunit.database.statement.SimplePreparedStatement  - clearBatch() - start
147921 [main] DEBUG org.dbunit.database.statement.AutomaticPreparedBatchStatement  - close() - start
147921 [main] DEBUG org.dbunit.database.statement.AbstractPreparedBatchStatement  - close() - start
147921 [main] DEBUG org.dbunit.dataset.filter.SequenceTableIterator  - next() - start
147921 [main] DEBUG org.dbunit.dataset.filter.SequenceTableIterator  - getTable() - start
147921 [main] DEBUG org.dbunit.dataset.AbstractDataSet  - getTable(tableName=NestedScopedContentConditions) - start
147921 [main] DEBUG org.dbunit.dataset.AbstractDataSet  - initialize() - start
147921 [main] DEBUG org.dbunit.dataset.AbstractDataSet  - The table name map has already been initialized.
147921 [main] DEBUG org.dbunit.dataset.OrderedTableNameMap  - getTableName(tableName=NestedScopedContentConditions) - start
147921 [main] DEBUG org.dbunit.dataset.OrderedTableNameMap  - getTableName(tableName=NestedScopedContentConditions) - end - result=NESTEDSCOPEDCONTENTCONDITIONS
147922 [main] TRACE org.dbunit.operation.AbstractBatchOperation  - execute: processing table='NestedScopedContentConditions'
147922 [main] DEBUG org.dbunit.operation.AbstractBatchOperation  - isEmpty(table=org.dbunit.dataset.DefaultTable[_metaData=tableName=NestedScopedContentConditions, columns=[], keys=[], _rowList.size()=0]) - start
147922 [main] DEBUG org.dbunit.dataset.filter.SequenceTableIterator  - next() - start
147922 [main] DEBUG org.dbunit.dataset.filter.SequenceTableIterator  - getTable() - start
147922 [main] DEBUG org.dbunit.dataset.AbstractDataSet  - getTable(tableName=RequestContext) - start
147922 [main] DEBUG org.dbunit.dataset.AbstractDataSet  - initialize() - start
147922 [main] DEBUG org.dbunit.dataset.AbstractDataSet  - The table name map has already been initialized.
147922 [main] DEBUG org.dbunit.dataset.OrderedTableNameMap  - getTableName(tableName=RequestContext) - start
147922 [main] DEBUG org.dbunit.dataset.OrderedTableNameMap  - getTableName(tableName=RequestContext) - end - result=REQUESTCONTEXT
147922 [main] TRACE org.dbunit.operation.AbstractBatchOperation  - execute: processing table='RequestContext'
147922 [main] DEBUG org.dbunit.operation.AbstractBatchOperation  - isEmpty(table=org.dbunit.dataset.DefaultTable[_metaData=tableName=RequestContext, columns=[(path, UNKNOWN, nullableUnknown), (id, UNKNOWN, nullableUnknown), (timeStamp, UNKNOWN, nullableUnknown)], keys=[], _rowList.size()=1]) - start
147922 [main] DEBUG org.dbunit.dataset.DefaultTable  - getValue(row=0, column=path) - start
147922 [main] DEBUG org.dbunit.dataset.AbstractTable  - assertValidRowIndex(row=0) - start
147922 [main] DEBUG org.dbunit.dataset.AbstractTable  - assertValidRowIndex(row=0, rowCount=1) - start
147922 [main] DEBUG org.dbunit.dataset.AbstractTable  - getColumnIndex(columnName=path) - start
147922 [main] DEBUG org.dbunit.dataset.AbstractTableMetaData  - getColumnIndex(columnName=path) - start
147922 [main] DEBUG org.dbunit.operation.AbstractOperation  - getOperationMetaData(connection=_databaseConfig=org.dbunit.database.DatabaseConfig[, _propertyMap={http://www.dbunit.org/properties/statementFactory=org.dbunit.database.statement.PreparedStatementFactory@626bc2b8, http://www.dbunit.org/features/caseSensitiveTableNames=false, http://www.dbunit.org/properties/fetchSize=100, http://www.dbunit.org/features/batchedStatements=false, http://www.dbunit.org/properties/metadataHandler=org.dbunit.database.DefaultMetadataHandler@3bbfdfde, http://www.dbunit.org/properties/datatypeFactory=org.dbunit.dataset.datatype.DefaultDataTypeFactory[_toleratedDeltaMap=org.dbunit.dataset.datatype.ToleratedDeltaMap@6452310a], http://www.dbunit.org/properties/escapePattern=null, http://www.dbunit.org/properties/batchSize=100, http://www.dbunit.org/features/qualifiedTableNames=false, http://www.dbunit.org/properties/tableType=[Ljava.lang.String;@5011bafa, http://www.dbunit.org/properties/resultSetTableFactory=org.dbunit.database.CachedResultSetTableFactory@10bcf083, http://www.dbunit.org/features/datatypeWarning=true}], _dataSet=AbstractDataSet[_orderedTableNameMap=null], metaData=tableName=RequestContext, columns=[(path, UNKNOWN, nullableUnknown), (id, UNKNOWN, nullableUnknown), (timeStamp, UNKNOWN, nullableUnknown)], keys=[]) - start
147922 [main] DEBUG org.dbunit.database.AbstractDatabaseConnection  - createDataSet() - start
147922 [main] DEBUG org.dbunit.database.DatabaseDataSet  - getTableMetaData(tableName=RequestContext) - start
147922 [main] DEBUG org.dbunit.database.DatabaseDataSet  - initialize() - start
147922 [main] DEBUG org.dbunit.dataset.OrderedTableNameMap  - getTableName(tableName=RequestContext) - start
147922 [main] DEBUG org.dbunit.dataset.OrderedTableNameMap  - getTableName(tableName=RequestContext) - end - result=REQUESTCONTEXT
147922 [main] DEBUG org.dbunit.dataset.OrderedTableNameMap  - getTableName(tableName=RequestContext) - start
147922 [main] DEBUG org.dbunit.dataset.OrderedTableNameMap  - getTableName(tableName=RequestContext) - end - result=REQUESTCONTEXT
147922 [main] DEBUG org.dbunit.dataset.AbstractTableMetaData  - getColumnIndex(columnName=path) - start
147922 [main] DEBUG org.dbunit.database.DatabaseTableMetaData  - getColumns() - start
147922 [main] DEBUG org.dbunit.dataset.AbstractTableMetaData  - getColumnIndex(columnName=id) - start
147922 [main] DEBUG org.dbunit.database.DatabaseTableMetaData  - getColumns() - start
147923 [main] DEBUG org.dbunit.dataset.AbstractTableMetaData  - getColumnIndex(columnName=timeStamp) - start
147923 [main] DEBUG org.dbunit.database.DatabaseTableMetaData  - getColumns() - start
147923 [main] DEBUG org.dbunit.database.DatabaseTableMetaData  - getPrimaryKeys() - start
147923 [main] TRACE org.dbunit.database.DatabaseConfig  - getProperty(name=http://www.dbunit.org/properties/primaryKeyFilter) - start
147923 [main] DEBUG org.dbunit.operation.InsertOperation  - getIgnoreMapping(table=org.dbunit.dataset.DefaultTable[_metaData=tableName=RequestContext, columns=[(path, UNKNOWN, nullableUnknown), (id, UNKNOWN, nullableUnknown), (timeStamp, UNKNOWN, nullableUnknown)], keys=[], _rowList.size()=1], row=0) - start
147923 [main] DEBUG org.dbunit.dataset.DefaultTable  - getValue(row=0, column=path) - start
147923 [main] DEBUG org.dbunit.dataset.AbstractTable  - assertValidRowIndex(row=0) - start
147923 [main] DEBUG org.dbunit.dataset.AbstractTable  - assertValidRowIndex(row=0, rowCount=1) - start
147923 [main] DEBUG org.dbunit.dataset.AbstractTable  - getColumnIndex(columnName=path) - start
147923 [main] DEBUG org.dbunit.dataset.AbstractTableMetaData  - getColumnIndex(columnName=path) - start
147923 [main] DEBUG org.dbunit.dataset.DefaultTable  - getValue(row=0, column=id) - start
147923 [main] DEBUG org.dbunit.dataset.AbstractTable  - assertValidRowIndex(row=0) - start
147923 [main] DEBUG org.dbunit.dataset.AbstractTable  - assertValidRowIndex(row=0, rowCount=1) - start
147923 [main] DEBUG org.dbunit.dataset.AbstractTable  - getColumnIndex(columnName=id) - start
147923 [main] DEBUG org.dbunit.dataset.AbstractTableMetaData  - getColumnIndex(columnName=id) - start
147923 [main] DEBUG org.dbunit.dataset.DefaultTable  - getValue(row=0, column=timeStamp) - start
147923 [main] DEBUG org.dbunit.dataset.AbstractTable  - assertValidRowIndex(row=0) - start
147923 [main] DEBUG org.dbunit.dataset.AbstractTable  - assertValidRowIndex(row=0, rowCount=1) - start
147923 [main] DEBUG org.dbunit.dataset.AbstractTable  - getColumnIndex(columnName=timeStamp) - start
147923 [main] DEBUG org.dbunit.dataset.AbstractTableMetaData  - getColumnIndex(columnName=timeStamp) - start
147923 [main] DEBUG org.dbunit.operation.InsertOperation  - getOperationData(metaData=tableName=REQUESTCONTEXT, columns=[(PATH, VARCHAR, noNulls), (ID, INTEGER, noNulls), (TIMESTAMP, TIMESTAMP, nullable)], keys=[(ID, INTEGER, noNulls)], ignoreMapping={}, connection=_databaseConfig=org.dbunit.database.DatabaseConfig[, _propertyMap={http://www.dbunit.org/properties/statementFactory=org.dbunit.database.statement.PreparedStatementFactory@626bc2b8, http://www.dbunit.org/features/caseSensitiveTableNames=false, http://www.dbunit.org/properties/fetchSize=100, http://www.dbunit.org/features/batchedStatements=false, http://www.dbunit.org/properties/metadataHandler=org.dbunit.database.DefaultMetadataHandler@3bbfdfde, http://www.dbunit.org/properties/datatypeFactory=org.dbunit.dataset.datatype.DefaultDataTypeFactory[_toleratedDeltaMap=org.dbunit.dataset.datatype.ToleratedDeltaMap@6452310a], http://www.dbunit.org/properties/escapePattern=null, http://www.dbunit.org/properties/batchSize=100, http://www.dbunit.org/features/qualifiedTableNames=false, http://www.dbunit.org/properties/tableType=[Ljava.lang.String;@5011bafa, http://www.dbunit.org/properties/resultSetTableFactory=org.dbunit.database.CachedResultSetTableFactory@10bcf083, http://www.dbunit.org/features/datatypeWarning=true}], _dataSet=AbstractDataSet[_orderedTableNameMap=null]) - start
147923 [main] DEBUG org.dbunit.operation.AbstractOperation  - getQualifiedName(prefix=null, name=REQUESTCONTEXT, connection=_databaseConfig=org.dbunit.database.DatabaseConfig[, _propertyMap={http://www.dbunit.org/properties/statementFactory=org.dbunit.database.statement.PreparedStatementFactory@626bc2b8, http://www.dbunit.org/features/caseSensitiveTableNames=false, http://www.dbunit.org/properties/fetchSize=100, http://www.dbunit.org/features/batchedStatements=false, http://www.dbunit.org/properties/metadataHandler=org.dbunit.database.DefaultMetadataHandler@3bbfdfde, http://www.dbunit.org/properties/datatypeFactory=org.dbunit.dataset.datatype.DefaultDataTypeFactory[_toleratedDeltaMap=org.dbunit.dataset.datatype.ToleratedDeltaMap@6452310a], http://www.dbunit.org/properties/escapePattern=null, http://www.dbunit.org/properties/batchSize=100, http://www.dbunit.org/features/qualifiedTableNames=false, http://www.dbunit.org/properties/tableType=[Ljava.lang.String;@5011bafa, http://www.dbunit.org/properties/resultSetTableFactory=org.dbunit.database.CachedResultSetTableFactory@10bcf083, http://www.dbunit.org/features/datatypeWarning=true}], _dataSet=AbstractDataSet[_orderedTableNameMap=null]) - start
147924 [main] TRACE org.dbunit.database.DatabaseConfig  - getProperty(name=http://www.dbunit.org/properties/escapePattern) - start
147924 [main] DEBUG org.dbunit.util.QualifiedTableName  - getQualifiedName() - start
147924 [main] DEBUG org.dbunit.util.QualifiedTableName  - getQualifiedName(prefix=null, name=REQUESTCONTEXT, escapePattern=null) - start
147924 [main] DEBUG org.dbunit.operation.AbstractOperation  - getQualifiedName(prefix=null, name=PATH, connection=_databaseConfig=org.dbunit.database.DatabaseConfig[, _propertyMap={http://www.dbunit.org/properties/statementFactory=org.dbunit.database.statement.PreparedStatementFactory@626bc2b8, http://www.dbunit.org/features/caseSensitiveTableNames=false, http://www.dbunit.org/properties/fetchSize=100, http://www.dbunit.org/features/batchedStatements=false, http://www.dbunit.org/properties/metadataHandler=org.dbunit.database.DefaultMetadataHandler@3bbfdfde, http://www.dbunit.org/properties/datatypeFactory=org.dbunit.dataset.datatype.DefaultDataTypeFactory[_toleratedDeltaMap=org.dbunit.dataset.datatype.ToleratedDeltaMap@6452310a], http://www.dbunit.org/properties/escapePattern=null, http://www.dbunit.org/properties/batchSize=100, http://www.dbunit.org/features/qualifiedTableNames=false, http://www.dbunit.org/properties/tableType=[Ljava.lang.String;@5011bafa, http://www.dbunit.org/properties/resultSetTableFactory=org.dbunit.database.CachedResultSetTableFactory@10bcf083, http://www.dbunit.org/features/datatypeWarning=true}], _dataSet=AbstractDataSet[_orderedTableNameMap=null]) - start
147924 [main] TRACE org.dbunit.database.DatabaseConfig  - getProperty(name=http://www.dbunit.org/properties/escapePattern) - start
147924 [main] DEBUG org.dbunit.util.QualifiedTableName  - getQualifiedName() - start
147924 [main] DEBUG org.dbunit.util.QualifiedTableName  - getQualifiedName(prefix=null, name=PATH, escapePattern=null) - start
147924 [main] DEBUG org.dbunit.operation.AbstractOperation  - getQualifiedName(prefix=null, name=ID, connection=_databaseConfig=org.dbunit.database.DatabaseConfig[, _propertyMap={http://www.dbunit.org/properties/statementFactory=org.dbunit.database.statement.PreparedStatementFactory@626bc2b8, http://www.dbunit.org/features/caseSensitiveTableNames=false, http://www.dbunit.org/properties/fetchSize=100, http://www.dbunit.org/features/batchedStatements=false, http://www.dbunit.org/properties/metadataHandler=org.dbunit.database.DefaultMetadataHandler@3bbfdfde, http://www.dbunit.org/properties/datatypeFactory=org.dbunit.dataset.datatype.DefaultDataTypeFactory[_toleratedDeltaMap=org.dbunit.dataset.datatype.ToleratedDeltaMap@6452310a], http://www.dbunit.org/properties/escapePattern=null, http://www.dbunit.org/properties/batchSize=100, http://www.dbunit.org/features/qualifiedTableNames=false, http://www.dbunit.org/properties/tableType=[Ljava.lang.String;@5011bafa, http://www.dbunit.org/properties/resultSetTableFactory=org.dbunit.database.CachedResultSetTableFactory@10bcf083, http://www.dbunit.org/features/datatypeWarning=true}], _dataSet=AbstractDataSet[_orderedTableNameMap=null]) - start
147924 [main] TRACE org.dbunit.database.DatabaseConfig  - getProperty(name=http://www.dbunit.org/properties/escapePattern) - start
147924 [main] DEBUG org.dbunit.util.QualifiedTableName  - getQualifiedName() - start
147924 [main] DEBUG org.dbunit.util.QualifiedTableName  - getQualifiedName(prefix=null, name=ID, escapePattern=null) - start
147924 [main] DEBUG org.dbunit.operation.AbstractOperation  - getQualifiedName(prefix=null, name=TIMESTAMP, connection=_databaseConfig=org.dbunit.database.DatabaseConfig[, _propertyMap={http://www.dbunit.org/properties/statementFactory=org.dbunit.database.statement.PreparedStatementFactory@626bc2b8, http://www.dbunit.org/features/caseSensitiveTableNames=false, http://www.dbunit.org/properties/fetchSize=100, http://www.dbunit.org/features/batchedStatements=false, http://www.dbunit.org/properties/metadataHandler=org.dbunit.database.DefaultMetadataHandler@3bbfdfde, http://www.dbunit.org/properties/datatypeFactory=org.dbunit.dataset.datatype.DefaultDataTypeFactory[_toleratedDeltaMap=org.dbunit.dataset.datatype.ToleratedDeltaMap@6452310a], http://www.dbunit.org/properties/escapePattern=null, http://www.dbunit.org/properties/batchSize=100, http://www.dbunit.org/features/qualifiedTableNames=false, http://www.dbunit.org/properties/tableType=[Ljava.lang.String;@5011bafa, http://www.dbunit.org/properties/resultSetTableFactory=org.dbunit.database.CachedResultSetTableFactory@10bcf083, http://www.dbunit.org/features/datatypeWarning=true}], _dataSet=AbstractDataSet[_orderedTableNameMap=null]) - start
147924 [main] TRACE org.dbunit.database.DatabaseConfig  - getProperty(name=http://www.dbunit.org/properties/escapePattern) - start
147924 [main] DEBUG org.dbunit.util.QualifiedTableName  - getQualifiedName() - start
147924 [main] DEBUG org.dbunit.util.QualifiedTableName  - getQualifiedName(prefix=null, name=TIMESTAMP, escapePattern=null) - start
147924 [main] DEBUG org.dbunit.database.statement.PreparedStatementFactory  - createPreparedBatchStatement(sql=insert into REQUESTCONTEXT (PATH, ID, TIMESTAMP) values (?, ?, ?), connection=_databaseConfig=org.dbunit.database.DatabaseConfig[, _propertyMap={http://www.dbunit.org/properties/statementFactory=org.dbunit.database.statement.PreparedStatementFactory@626bc2b8, http://www.dbunit.org/features/caseSensitiveTableNames=false, http://www.dbunit.org/properties/fetchSize=100, http://www.dbunit.org/features/batchedStatements=false, http://www.dbunit.org/properties/metadataHandler=org.dbunit.database.DefaultMetadataHandler@3bbfdfde, http://www.dbunit.org/properties/datatypeFactory=org.dbunit.dataset.datatype.DefaultDataTypeFactory[_toleratedDeltaMap=org.dbunit.dataset.datatype.ToleratedDeltaMap@6452310a], http://www.dbunit.org/properties/escapePattern=null, http://www.dbunit.org/properties/batchSize=100, http://www.dbunit.org/features/qualifiedTableNames=false, http://www.dbunit.org/properties/tableType=[Ljava.lang.String;@5011bafa, http://www.dbunit.org/properties/resultSetTableFactory=org.dbunit.database.CachedResultSetTableFactory@10bcf083, http://www.dbunit.org/features/datatypeWarning=true}], _dataSet=AbstractDataSet[_orderedTableNameMap=null]) - start
147924 [main] TRACE org.dbunit.database.DatabaseConfig  - getProperty(name=http://www.dbunit.org/properties/batchSize) - start
147924 [main] DEBUG org.dbunit.database.statement.AbstractStatementFactory  - supportBatchStatement(connection=_databaseConfig=org.dbunit.database.DatabaseConfig[, _propertyMap={http://www.dbunit.org/properties/statementFactory=org.dbunit.database.statement.PreparedStatementFactory@626bc2b8, http://www.dbunit.org/features/caseSensitiveTableNames=false, http://www.dbunit.org/properties/fetchSize=100, http://www.dbunit.org/features/batchedStatements=false, http://www.dbunit.org/properties/metadataHandler=org.dbunit.database.DefaultMetadataHandler@3bbfdfde, http://www.dbunit.org/properties/datatypeFactory=org.dbunit.dataset.datatype.DefaultDataTypeFactory[_toleratedDeltaMap=org.dbunit.dataset.datatype.ToleratedDeltaMap@6452310a], http://www.dbunit.org/properties/escapePattern=null, http://www.dbunit.org/properties/batchSize=100, http://www.dbunit.org/features/qualifiedTableNames=false, http://www.dbunit.org/properties/tableType=[Ljava.lang.String;@5011bafa, http://www.dbunit.org/properties/resultSetTableFactory=org.dbunit.database.CachedResultSetTableFactory@10bcf083, http://www.dbunit.org/features/datatypeWarning=true}], _dataSet=AbstractDataSet[_orderedTableNameMap=null]) - start
147925 [main] TRACE org.dbunit.database.DatabaseConfig  - getFeature(name=http://www.dbunit.org/features/batchedStatements) - start
147925 [main] TRACE org.dbunit.database.DatabaseConfig  - getProperty(name=http://www.dbunit.org/features/batchedStatements) - start
147925 [main] DEBUG org.dbunit.database.DatabaseDataSourceConnection  - getConnection() - start
147925 [main] DEBUG org.dbunit.dataset.DefaultTable  - getValue(row=0, column=PATH) - start
147925 [main] DEBUG org.dbunit.dataset.AbstractTable  - assertValidRowIndex(row=0) - start
147925 [main] DEBUG org.dbunit.dataset.AbstractTable  - assertValidRowIndex(row=0, rowCount=1) - start
147925 [main] DEBUG org.dbunit.dataset.AbstractTable  - getColumnIndex(columnName=PATH) - start
147925 [main] DEBUG org.dbunit.dataset.AbstractTableMetaData  - getColumnIndex(columnName=PATH) - start
147925 [main] DEBUG org.dbunit.database.statement.AutomaticPreparedBatchStatement  - addValue(value=14, dataType=VARCHAR) - start
147925 [main] DEBUG org.dbunit.database.statement.SimplePreparedStatement  - addValue(value=14, dataType=VARCHAR) - start
147925 [main] DEBUG org.dbunit.dataset.datatype.StringDataType  - setSqlValue(value=14, column=1, statement=org.hsqldb.jdbc.JDBCPreparedStatement@5742e558[sql=[insert into REQUESTCONTEXT (PATH, ID, TIMESTAMP) values (?, ?, ?)], parameters=[[null], [null], [null]]]) - start
147925 [main] DEBUG org.dbunit.dataset.datatype.DataType  - asString(value=14) - start
147925 [main] DEBUG org.dbunit.dataset.datatype.StringDataType  - typeCast(value=14) - start
147925 [main] DEBUG org.dbunit.dataset.DefaultTable  - getValue(row=0, column=ID) - start
147925 [main] DEBUG org.dbunit.dataset.AbstractTable  - assertValidRowIndex(row=0) - start
147925 [main] DEBUG org.dbunit.dataset.AbstractTable  - assertValidRowIndex(row=0, rowCount=1) - start
147925 [main] DEBUG org.dbunit.dataset.AbstractTable  - getColumnIndex(columnName=ID) - start
147925 [main] DEBUG org.dbunit.dataset.AbstractTableMetaData  - getColumnIndex(columnName=ID) - start
147925 [main] DEBUG org.dbunit.database.statement.AutomaticPreparedBatchStatement  - addValue(value=1, dataType=INTEGER) - start
147925 [main] DEBUG org.dbunit.database.statement.SimplePreparedStatement  - addValue(value=1, dataType=INTEGER) - start
147925 [main] DEBUG org.dbunit.dataset.datatype.IntegerDataType  - setSqlValue(value=1, column=2, statement=org.hsqldb.jdbc.JDBCPreparedStatement@5742e558[sql=[insert into REQUESTCONTEXT (PATH, ID, TIMESTAMP) values (?, ?, ?)], parameters=[[14], [null], [null]]]) - start
147926 [main] DEBUG org.dbunit.dataset.datatype.IntegerDataType  - typeCast(value=1) - start
147926 [main] DEBUG org.dbunit.dataset.DefaultTable  - getValue(row=0, column=TIMESTAMP) - start
147926 [main] DEBUG org.dbunit.dataset.AbstractTable  - assertValidRowIndex(row=0) - start
147926 [main] DEBUG org.dbunit.dataset.AbstractTable  - assertValidRowIndex(row=0, rowCount=1) - start
147926 [main] DEBUG org.dbunit.dataset.AbstractTable  - getColumnIndex(columnName=TIMESTAMP) - start
147926 [main] DEBUG org.dbunit.dataset.AbstractTableMetaData  - getColumnIndex(columnName=TIMESTAMP) - start
147926 [main] DEBUG org.dbunit.database.statement.AutomaticPreparedBatchStatement  - addValue(value=2014-02-26 12:43:28.085, dataType=TIMESTAMP) - start
147926 [main] DEBUG org.dbunit.database.statement.SimplePreparedStatement  - addValue(value=2014-02-26 12:43:28.085, dataType=TIMESTAMP) - start
147926 [main] DEBUG org.dbunit.dataset.datatype.TimestampDataType  - setSqlValue(value=2014-02-26 12:43:28.085, column=3, statement=org.hsqldb.jdbc.JDBCPreparedStatement@5742e558[sql=[insert into REQUESTCONTEXT (PATH, ID, TIMESTAMP) values (?, ?, ?)], parameters=[[14], [1], [null]]]) - start
147926 [main] DEBUG org.dbunit.dataset.datatype.TimestampDataType  - typeCast(value=2014-02-26 12:43:28.085) - start
147926 [main] DEBUG org.dbunit.database.statement.AutomaticPreparedBatchStatement  - addBatch() - start
147926 [main] DEBUG org.dbunit.database.statement.SimplePreparedStatement  - addBatch() - start
147926 [main] DEBUG org.dbunit.operation.InsertOperation  - equalsIgnoreMapping(ignoreMapping={}, table=org.dbunit.dataset.DefaultTable[_metaData=tableName=RequestContext, columns=[(path, UNKNOWN, nullableUnknown), (id, UNKNOWN, nullableUnknown), (timeStamp, UNKNOWN, nullableUnknown)], keys=[], _rowList.size()=1], row=1) - start
147927 [main] DEBUG org.dbunit.dataset.DefaultTable  - getValue(row=1, column=path) - start
147927 [main] DEBUG org.dbunit.dataset.AbstractTable  - assertValidRowIndex(row=1) - start
147927 [main] DEBUG org.dbunit.dataset.AbstractTable  - assertValidRowIndex(row=1, rowCount=1) - start
147927 [main] DEBUG org.dbunit.database.statement.AutomaticPreparedBatchStatement  - executeBatch() - start
147927 [main] DEBUG org.dbunit.database.statement.SimplePreparedStatement  - executeBatch() - start
147927 [main] DEBUG org.dbunit.database.statement.SimplePreparedStatement  - clearBatch() - start
147927 [main] DEBUG org.dbunit.database.statement.AutomaticPreparedBatchStatement  - clearBatch() - start
147927 [main] DEBUG org.dbunit.database.statement.SimplePreparedStatement  - clearBatch() - start
147927 [main] DEBUG org.dbunit.database.statement.AutomaticPreparedBatchStatement  - close() - start
147927 [main] DEBUG org.dbunit.database.statement.AbstractPreparedBatchStatement  - close() - start
147927 [main] DEBUG org.dbunit.dataset.filter.SequenceTableIterator  - next() - start
147927 [main] DEBUG org.dbunit.dataset.filter.SequenceTableIterator  - getTable() - start
147927 [main] DEBUG org.dbunit.dataset.AbstractDataSet  - getTable(tableName=Scope) - start
147927 [main] DEBUG org.dbunit.dataset.AbstractDataSet  - initialize() - start
147927 [main] DEBUG org.dbunit.dataset.AbstractDataSet  - The table name map has already been initialized.
147927 [main] DEBUG org.dbunit.dataset.OrderedTableNameMap  - getTableName(tableName=Scope) - start
147927 [main] DEBUG org.dbunit.dataset.OrderedTableNameMap  - getTableName(tableName=Scope) - end - result=SCOPE
147927 [main] TRACE org.dbunit.operation.AbstractBatchOperation  - execute: processing table='Scope'
147927 [main] DEBUG org.dbunit.operation.AbstractBatchOperation  - isEmpty(table=org.dbunit.dataset.DefaultTable[_metaData=tableName=Scope, columns=[(name, UNKNOWN, nullableUnknown), (description, UNKNOWN, nullableUnknown), (id, UNKNOWN, nullableUnknown), (timeStamp, UNKNOWN, nullableUnknown)], keys=[], _rowList.size()=1]) - start
147927 [main] DEBUG org.dbunit.dataset.DefaultTable  - getValue(row=0, column=name) - start
147927 [main] DEBUG org.dbunit.dataset.AbstractTable  - assertValidRowIndex(row=0) - start
147927 [main] DEBUG org.dbunit.dataset.AbstractTable  - assertValidRowIndex(row=0, rowCount=1) - start
147927 [main] DEBUG org.dbunit.dataset.AbstractTable  - getColumnIndex(columnName=name) - start
147927 [main] DEBUG org.dbunit.dataset.AbstractTableMetaData  - getColumnIndex(columnName=name) - start
147928 [main] DEBUG org.dbunit.operation.AbstractOperation  - getOperationMetaData(connection=_databaseConfig=org.dbunit.database.DatabaseConfig[, _propertyMap={http://www.dbunit.org/properties/statementFactory=org.dbunit.database.statement.PreparedStatementFactory@626bc2b8, http://www.dbunit.org/features/caseSensitiveTableNames=false, http://www.dbunit.org/properties/fetchSize=100, http://www.dbunit.org/features/batchedStatements=false, http://www.dbunit.org/properties/metadataHandler=org.dbunit.database.DefaultMetadataHandler@3bbfdfde, http://www.dbunit.org/properties/datatypeFactory=org.dbunit.dataset.datatype.DefaultDataTypeFactory[_toleratedDeltaMap=org.dbunit.dataset.datatype.ToleratedDeltaMap@6452310a], http://www.dbunit.org/properties/escapePattern=null, http://www.dbunit.org/properties/batchSize=100, http://www.dbunit.org/features/qualifiedTableNames=false, http://www.dbunit.org/properties/tableType=[Ljava.lang.String;@5011bafa, http://www.dbunit.org/properties/resultSetTableFactory=org.dbunit.database.CachedResultSetTableFactory@10bcf083, http://www.dbunit.org/features/datatypeWarning=true}], _dataSet=AbstractDataSet[_orderedTableNameMap=null], metaData=tableName=Scope, columns=[(name, UNKNOWN, nullableUnknown), (description, UNKNOWN, nullableUnknown), (id, UNKNOWN, nullableUnknown), (timeStamp, UNKNOWN, nullableUnknown)], keys=[]) - start
147928 [main] DEBUG org.dbunit.database.AbstractDatabaseConnection  - createDataSet() - start
147928 [main] DEBUG org.dbunit.database.DatabaseDataSet  - getTableMetaData(tableName=Scope) - start
147928 [main] DEBUG org.dbunit.database.DatabaseDataSet  - initialize() - start
147928 [main] DEBUG org.dbunit.dataset.OrderedTableNameMap  - getTableName(tableName=Scope) - start
147928 [main] DEBUG org.dbunit.dataset.OrderedTableNameMap  - getTableName(tableName=Scope) - end - result=SCOPE
147928 [main] DEBUG org.dbunit.dataset.OrderedTableNameMap  - getTableName(tableName=Scope) - start
147928 [main] DEBUG org.dbunit.dataset.OrderedTableNameMap  - getTableName(tableName=Scope) - end - result=SCOPE
147928 [main] DEBUG org.dbunit.dataset.AbstractTableMetaData  - getColumnIndex(columnName=name) - start
147928 [main] DEBUG org.dbunit.database.DatabaseTableMetaData  - getColumns() - start
147928 [main] DEBUG org.dbunit.dataset.AbstractTableMetaData  - getColumnIndex(columnName=description) - start
147928 [main] DEBUG org.dbunit.database.DatabaseTableMetaData  - getColumns() - start
147928 [main] DEBUG org.dbunit.dataset.AbstractTableMetaData  - getColumnIndex(columnName=id) - start
147928 [main] DEBUG org.dbunit.database.DatabaseTableMetaData  - getColumns() - start
147928 [main] DEBUG org.dbunit.dataset.AbstractTableMetaData  - getColumnIndex(columnName=timeStamp) - start
147928 [main] DEBUG org.dbunit.database.DatabaseTableMetaData  - getColumns() - start
147928 [main] DEBUG org.dbunit.database.DatabaseTableMetaData  - getPrimaryKeys() - start
147928 [main] TRACE org.dbunit.database.DatabaseConfig  - getProperty(name=http://www.dbunit.org/properties/primaryKeyFilter) - start
147928 [main] DEBUG org.dbunit.operation.InsertOperation  - getIgnoreMapping(table=org.dbunit.dataset.DefaultTable[_metaData=tableName=Scope, columns=[(name, UNKNOWN, nullableUnknown), (description, UNKNOWN, nullableUnknown), (id, UNKNOWN, nullableUnknown), (timeStamp, UNKNOWN, nullableUnknown)], keys=[], _rowList.size()=1], row=0) - start
147928 [main] DEBUG org.dbunit.dataset.DefaultTable  - getValue(row=0, column=name) - start
147928 [main] DEBUG org.dbunit.dataset.AbstractTable  - assertValidRowIndex(row=0) - start
147928 [main] DEBUG org.dbunit.dataset.AbstractTable  - assertValidRowIndex(row=0, rowCount=1) - start
147928 [main] DEBUG org.dbunit.dataset.AbstractTable  - getColumnIndex(columnName=name) - start
147928 [main] DEBUG org.dbunit.dataset.AbstractTableMetaData  - getColumnIndex(columnName=name) - start
147928 [main] DEBUG org.dbunit.dataset.DefaultTable  - getValue(row=0, column=description) - start
147928 [main] DEBUG org.dbunit.dataset.AbstractTable  - assertValidRowIndex(row=0) - start
147928 [main] DEBUG org.dbunit.dataset.AbstractTable  - assertValidRowIndex(row=0, rowCount=1) - start
147928 [main] DEBUG org.dbunit.dataset.AbstractTable  - getColumnIndex(columnName=description) - start
147928 [main] DEBUG org.dbunit.dataset.AbstractTableMetaData  - getColumnIndex(columnName=description) - start
147929 [main] DEBUG org.dbunit.dataset.DefaultTable  - getValue(row=0, column=id) - start
147929 [main] DEBUG org.dbunit.dataset.AbstractTable  - assertValidRowIndex(row=0) - start
147929 [main] DEBUG org.dbunit.dataset.AbstractTable  - assertValidRowIndex(row=0, rowCount=1) - start
147929 [main] DEBUG org.dbunit.dataset.AbstractTable  - getColumnIndex(columnName=id) - start
147929 [main] DEBUG org.dbunit.dataset.AbstractTableMetaData  - getColumnIndex(columnName=id) - start
147929 [main] DEBUG org.dbunit.dataset.DefaultTable  - getValue(row=0, column=timeStamp) - start
147929 [main] DEBUG org.dbunit.dataset.AbstractTable  - assertValidRowIndex(row=0) - start
147929 [main] DEBUG org.dbunit.dataset.AbstractTable  - assertValidRowIndex(row=0, rowCount=1) - start
147929 [main] DEBUG org.dbunit.dataset.AbstractTable  - getColumnIndex(columnName=timeStamp) - start
147929 [main] DEBUG org.dbunit.dataset.AbstractTableMetaData  - getColumnIndex(columnName=timeStamp) - start
147929 [main] DEBUG org.dbunit.operation.InsertOperation  - getOperationData(metaData=tableName=SCOPE, columns=[(NAME, VARCHAR, noNulls), (DESCRIPTION, VARCHAR, nullable), (ID, INTEGER, noNulls), (TIMESTAMP, TIMESTAMP, nullable)], keys=[(ID, INTEGER, noNulls)], ignoreMapping={}, connection=_databaseConfig=org.dbunit.database.DatabaseConfig[, _propertyMap={http://www.dbunit.org/properties/statementFactory=org.dbunit.database.statement.PreparedStatementFactory@626bc2b8, http://www.dbunit.org/features/caseSensitiveTableNames=false, http://www.dbunit.org/properties/fetchSize=100, http://www.dbunit.org/features/batchedStatements=false, http://www.dbunit.org/properties/metadataHandler=org.dbunit.database.DefaultMetadataHandler@3bbfdfde, http://www.dbunit.org/properties/datatypeFactory=org.dbunit.dataset.datatype.DefaultDataTypeFactory[_toleratedDeltaMap=org.dbunit.dataset.datatype.ToleratedDeltaMap@6452310a], http://www.dbunit.org/properties/escapePattern=null, http://www.dbunit.org/properties/batchSize=100, http://www.dbunit.org/features/qualifiedTableNames=false, http://www.dbunit.org/properties/tableType=[Ljava.lang.String;@5011bafa, http://www.dbunit.org/properties/resultSetTableFactory=org.dbunit.database.CachedResultSetTableFactory@10bcf083, http://www.dbunit.org/features/datatypeWarning=true}], _dataSet=AbstractDataSet[_orderedTableNameMap=null]) - start
147929 [main] DEBUG org.dbunit.operation.AbstractOperation  - getQualifiedName(prefix=null, name=SCOPE, connection=_databaseConfig=org.dbunit.database.DatabaseConfig[, _propertyMap={http://www.dbunit.org/properties/statementFactory=org.dbunit.database.statement.PreparedStatementFactory@626bc2b8, http://www.dbunit.org/features/caseSensitiveTableNames=false, http://www.dbunit.org/properties/fetchSize=100, http://www.dbunit.org/features/batchedStatements=false, http://www.dbunit.org/properties/metadataHandler=org.dbunit.database.DefaultMetadataHandler@3bbfdfde, http://www.dbunit.org/properties/datatypeFactory=org.dbunit.dataset.datatype.DefaultDataTypeFactory[_toleratedDeltaMap=org.dbunit.dataset.datatype.ToleratedDeltaMap@6452310a], http://www.dbunit.org/properties/escapePattern=null, http://www.dbunit.org/properties/batchSize=100, http://www.dbunit.org/features/qualifiedTableNames=false, http://www.dbunit.org/properties/tableType=[Ljava.lang.String;@5011bafa, http://www.dbunit.org/properties/resultSetTableFactory=org.dbunit.database.CachedResultSetTableFactory@10bcf083, http://www.dbunit.org/features/datatypeWarning=true}], _dataSet=AbstractDataSet[_orderedTableNameMap=null]) - start
147929 [main] TRACE org.dbunit.database.DatabaseConfig  - getProperty(name=http://www.dbunit.org/properties/escapePattern) - start
147929 [main] DEBUG org.dbunit.util.QualifiedTableName  - getQualifiedName() - start
147929 [main] DEBUG org.dbunit.util.QualifiedTableName  - getQualifiedName(prefix=null, name=SCOPE, escapePattern=null) - start
147929 [main] DEBUG org.dbunit.operation.AbstractOperation  - getQualifiedName(prefix=null, name=NAME, connection=_databaseConfig=org.dbunit.database.DatabaseConfig[, _propertyMap={http://www.dbunit.org/properties/statementFactory=org.dbunit.database.statement.PreparedStatementFactory@626bc2b8, http://www.dbunit.org/features/caseSensitiveTableNames=false, http://www.dbunit.org/properties/fetchSize=100, http://www.dbunit.org/features/batchedStatements=false, http://www.dbunit.org/properties/metadataHandler=org.dbunit.database.DefaultMetadataHandler@3bbfdfde, http://www.dbunit.org/properties/datatypeFactory=org.dbunit.dataset.datatype.DefaultDataTypeFactory[_toleratedDeltaMap=org.dbunit.dataset.datatype.ToleratedDeltaMap@6452310a], http://www.dbunit.org/properties/escapePattern=null, http://www.dbunit.org/properties/batchSize=100, http://www.dbunit.org/features/qualifiedTableNames=false, http://www.dbunit.org/properties/tableType=[Ljava.lang.String;@5011bafa, http://www.dbunit.org/properties/resultSetTableFactory=org.dbunit.database.CachedResultSetTableFactory@10bcf083, http://www.dbunit.org/features/datatypeWarning=true}], _dataSet=AbstractDataSet[_orderedTableNameMap=null]) - start
147929 [main] TRACE org.dbunit.database.DatabaseConfig  - getProperty(name=http://www.dbunit.org/properties/escapePattern) - start
147929 [main] DEBUG org.dbunit.util.QualifiedTableName  - getQualifiedName() - start
147929 [main] DEBUG org.dbunit.util.QualifiedTableName  - getQualifiedName(prefix=null, name=NAME, escapePattern=null) - start
147929 [main] DEBUG org.dbunit.operation.AbstractOperation  - getQualifiedName(prefix=null, name=DESCRIPTION, connection=_databaseConfig=org.dbunit.database.DatabaseConfig[, _propertyMap={http://www.dbunit.org/properties/statementFactory=org.dbunit.database.statement.PreparedStatementFactory@626bc2b8, http://www.dbunit.org/features/caseSensitiveTableNames=false, http://www.dbunit.org/properties/fetchSize=100, http://www.dbunit.org/features/batchedStatements=false, http://www.dbunit.org/properties/metadataHandler=org.dbunit.database.DefaultMetadataHandler@3bbfdfde, http://www.dbunit.org/properties/datatypeFactory=org.dbunit.dataset.datatype.DefaultDataTypeFactory[_toleratedDeltaMap=org.dbunit.dataset.datatype.ToleratedDeltaMap@6452310a], http://www.dbunit.org/properties/escapePattern=null, http://www.dbunit.org/properties/batchSize=100, http://www.dbunit.org/features/qualifiedTableNames=false, http://www.dbunit.org/properties/tableType=[Ljava.lang.String;@5011bafa, http://www.dbunit.org/properties/resultSetTableFactory=org.dbunit.database.CachedResultSetTableFactory@10bcf083, http://www.dbunit.org/features/datatypeWarning=true}], _dataSet=AbstractDataSet[_orderedTableNameMap=null]) - start
147929 [main] TRACE org.dbunit.database.DatabaseConfig  - getProperty(name=http://www.dbunit.org/properties/escapePattern) - start
147930 [main] DEBUG org.dbunit.util.QualifiedTableName  - getQualifiedName() - start
147930 [main] DEBUG org.dbunit.util.QualifiedTableName  - getQualifiedName(prefix=null, name=DESCRIPTION, escapePattern=null) - start
147930 [main] DEBUG org.dbunit.operation.AbstractOperation  - getQualifiedName(prefix=null, name=ID, connection=_databaseConfig=org.dbunit.database.DatabaseConfig[, _propertyMap={http://www.dbunit.org/properties/statementFactory=org.dbunit.database.statement.PreparedStatementFactory@626bc2b8, http://www.dbunit.org/features/caseSensitiveTableNames=false, http://www.dbunit.org/properties/fetchSize=100, http://www.dbunit.org/features/batchedStatements=false, http://www.dbunit.org/properties/metadataHandler=org.dbunit.database.DefaultMetadataHandler@3bbfdfde, http://www.dbunit.org/properties/datatypeFactory=org.dbunit.dataset.datatype.DefaultDataTypeFactory[_toleratedDeltaMap=org.dbunit.dataset.datatype.ToleratedDeltaMap@6452310a], http://www.dbunit.org/properties/escapePattern=null, http://www.dbunit.org/properties/batchSize=100, http://www.dbunit.org/features/qualifiedTableNames=false, http://www.dbunit.org/properties/tableType=[Ljava.lang.String;@5011bafa, http://www.dbunit.org/properties/resultSetTableFactory=org.dbunit.database.CachedResultSetTableFactory@10bcf083, http://www.dbunit.org/features/datatypeWarning=true}], _dataSet=AbstractDataSet[_orderedTableNameMap=null]) - start
147930 [main] TRACE org.dbunit.database.DatabaseConfig  - getProperty(name=http://www.dbunit.org/properties/escapePattern) - start
147930 [main] DEBUG org.dbunit.util.QualifiedTableName  - getQualifiedName() - start
147930 [main] DEBUG org.dbunit.util.QualifiedTableName  - getQualifiedName(prefix=null, name=ID, escapePattern=null) - start
147930 [main] DEBUG org.dbunit.operation.AbstractOperation  - getQualifiedName(prefix=null, name=TIMESTAMP, connection=_databaseConfig=org.dbunit.database.DatabaseConfig[, _propertyMap={http://www.dbunit.org/properties/statementFactory=org.dbunit.database.statement.PreparedStatementFactory@626bc2b8, http://www.dbunit.org/features/caseSensitiveTableNames=false, http://www.dbunit.org/properties/fetchSize=100, http://www.dbunit.org/features/batchedStatements=false, http://www.dbunit.org/properties/metadataHandler=org.dbunit.database.DefaultMetadataHandler@3bbfdfde, http://www.dbunit.org/properties/datatypeFactory=org.dbunit.dataset.datatype.DefaultDataTypeFactory[_toleratedDeltaMap=org.dbunit.dataset.datatype.ToleratedDeltaMap@6452310a], http://www.dbunit.org/properties/escapePattern=null, http://www.dbunit.org/properties/batchSize=100, http://www.dbunit.org/features/qualifiedTableNames=false, http://www.dbunit.org/properties/tableType=[Ljava.lang.String;@5011bafa, http://www.dbunit.org/properties/resultSetTableFactory=org.dbunit.database.CachedResultSetTableFactory@10bcf083, http://www.dbunit.org/features/datatypeWarning=true}], _dataSet=AbstractDataSet[_orderedTableNameMap=null]) - start
147930 [main] TRACE org.dbunit.database.DatabaseConfig  - getProperty(name=http://www.dbunit.org/properties/escapePattern) - start
147930 [main] DEBUG org.dbunit.util.QualifiedTableName  - getQualifiedName() - start
147930 [main] DEBUG org.dbunit.util.QualifiedTableName  - getQualifiedName(prefix=null, name=TIMESTAMP, escapePattern=null) - start
147930 [main] DEBUG org.dbunit.database.statement.PreparedStatementFactory  - createPreparedBatchStatement(sql=insert into SCOPE (NAME, DESCRIPTION, ID, TIMESTAMP) values (?, ?, ?, ?), connection=_databaseConfig=org.dbunit.database.DatabaseConfig[, _propertyMap={http://www.dbunit.org/properties/statementFactory=org.dbunit.database.statement.PreparedStatementFactory@626bc2b8, http://www.dbunit.org/features/caseSensitiveTableNames=false, http://www.dbunit.org/properties/fetchSize=100, http://www.dbunit.org/features/batchedStatements=false, http://www.dbunit.org/properties/metadataHandler=org.dbunit.database.DefaultMetadataHandler@3bbfdfde, http://www.dbunit.org/properties/datatypeFactory=org.dbunit.dataset.datatype.DefaultDataTypeFactory[_toleratedDeltaMap=org.dbunit.dataset.datatype.ToleratedDeltaMap@6452310a], http://www.dbunit.org/properties/escapePattern=null, http://www.dbunit.org/properties/batchSize=100, http://www.dbunit.org/features/qualifiedTableNames=false, http://www.dbunit.org/properties/tableType=[Ljava.lang.String;@5011bafa, http://www.dbunit.org/properties/resultSetTableFactory=org.dbunit.database.CachedResultSetTableFactory@10bcf083, http://www.dbunit.org/features/datatypeWarning=true}], _dataSet=AbstractDataSet[_orderedTableNameMap=null]) - start
147930 [main] TRACE org.dbunit.database.DatabaseConfig  - getProperty(name=http://www.dbunit.org/properties/batchSize) - start
147930 [main] DEBUG org.dbunit.database.statement.AbstractStatementFactory  - supportBatchStatement(connection=_databaseConfig=org.dbunit.database.DatabaseConfig[, _propertyMap={http://www.dbunit.org/properties/statementFactory=org.dbunit.database.statement.PreparedStatementFactory@626bc2b8, http://www.dbunit.org/features/caseSensitiveTableNames=false, http://www.dbunit.org/properties/fetchSize=100, http://www.dbunit.org/features/batchedStatements=false, http://www.dbunit.org/properties/metadataHandler=org.dbunit.database.DefaultMetadataHandler@3bbfdfde, http://www.dbunit.org/properties/datatypeFactory=org.dbunit.dataset.datatype.DefaultDataTypeFactory[_toleratedDeltaMap=org.dbunit.dataset.datatype.ToleratedDeltaMap@6452310a], http://www.dbunit.org/properties/escapePattern=null, http://www.dbunit.org/properties/batchSize=100, http://www.dbunit.org/features/qualifiedTableNames=false, http://www.dbunit.org/properties/tableType=[Ljava.lang.String;@5011bafa, http://www.dbunit.org/properties/resultSetTableFactory=org.dbunit.database.CachedResultSetTableFactory@10bcf083, http://www.dbunit.org/features/datatypeWarning=true}], _dataSet=AbstractDataSet[_orderedTableNameMap=null]) - start
147930 [main] TRACE org.dbunit.database.DatabaseConfig  - getFeature(name=http://www.dbunit.org/features/batchedStatements) - start
147930 [main] TRACE org.dbunit.database.DatabaseConfig  - getProperty(name=http://www.dbunit.org/features/batchedStatements) - start
147930 [main] DEBUG org.dbunit.database.DatabaseDataSourceConnection  - getConnection() - start
147931 [main] DEBUG org.dbunit.dataset.DefaultTable  - getValue(row=0, column=NAME) - start
147931 [main] DEBUG org.dbunit.dataset.AbstractTable  - assertValidRowIndex(row=0) - start
147931 [main] DEBUG org.dbunit.dataset.AbstractTable  - assertValidRowIndex(row=0, rowCount=1) - start
147931 [main] DEBUG org.dbunit.dataset.AbstractTable  - getColumnIndex(columnName=NAME) - start
147931 [main] DEBUG org.dbunit.dataset.AbstractTableMetaData  - getColumnIndex(columnName=NAME) - start
147931 [main] DEBUG org.dbunit.database.statement.AutomaticPreparedBatchStatement  - addValue(value=0, dataType=VARCHAR) - start
147931 [main] DEBUG org.dbunit.database.statement.SimplePreparedStatement  - addValue(value=0, dataType=VARCHAR) - start
147931 [main] DEBUG org.dbunit.dataset.datatype.StringDataType  - setSqlValue(value=0, column=1, statement=org.hsqldb.jdbc.JDBCPreparedStatement@68df2129[sql=[insert into SCOPE (NAME, DESCRIPTION, ID, TIMESTAMP) values (?, ?, ?, ?)], parameters=[[null], [null], [null], [null]]]) - start
147931 [main] DEBUG org.dbunit.dataset.datatype.DataType  - asString(value=0) - start
147931 [main] DEBUG org.dbunit.dataset.datatype.StringDataType  - typeCast(value=0) - start
147931 [main] DEBUG org.dbunit.dataset.DefaultTable  - getValue(row=0, column=DESCRIPTION) - start
147931 [main] DEBUG org.dbunit.dataset.AbstractTable  - assertValidRowIndex(row=0) - start
147931 [main] DEBUG org.dbunit.dataset.AbstractTable  - assertValidRowIndex(row=0, rowCount=1) - start
147931 [main] DEBUG org.dbunit.dataset.AbstractTable  - getColumnIndex(columnName=DESCRIPTION) - start
147931 [main] DEBUG org.dbunit.dataset.AbstractTableMetaData  - getColumnIndex(columnName=DESCRIPTION) - start
147931 [main] DEBUG org.dbunit.database.statement.AutomaticPreparedBatchStatement  - addValue(value=1, dataType=VARCHAR) - start
147931 [main] DEBUG org.dbunit.database.statement.SimplePreparedStatement  - addValue(value=1, dataType=VARCHAR) - start
147931 [main] DEBUG org.dbunit.dataset.datatype.StringDataType  - setSqlValue(value=1, column=2, statement=org.hsqldb.jdbc.JDBCPreparedStatement@68df2129[sql=[insert into SCOPE (NAME, DESCRIPTION, ID, TIMESTAMP) values (?, ?, ?, ?)], parameters=[[0], [null], [null], [null]]]) - start
147931 [main] DEBUG org.dbunit.dataset.datatype.DataType  - asString(value=1) - start
147931 [main] DEBUG org.dbunit.dataset.datatype.StringDataType  - typeCast(value=1) - start
147931 [main] DEBUG org.dbunit.dataset.DefaultTable  - getValue(row=0, column=ID) - start
147931 [main] DEBUG org.dbunit.dataset.AbstractTable  - assertValidRowIndex(row=0) - start
147931 [main] DEBUG org.dbunit.dataset.AbstractTable  - assertValidRowIndex(row=0, rowCount=1) - start
147931 [main] DEBUG org.dbunit.dataset.AbstractTable  - getColumnIndex(columnName=ID) - start
147931 [main] DEBUG org.dbunit.dataset.AbstractTableMetaData  - getColumnIndex(columnName=ID) - start
147932 [main] DEBUG org.dbunit.database.statement.AutomaticPreparedBatchStatement  - addValue(value=1, dataType=INTEGER) - start
147932 [main] DEBUG org.dbunit.database.statement.SimplePreparedStatement  - addValue(value=1, dataType=INTEGER) - start
147932 [main] DEBUG org.dbunit.dataset.datatype.IntegerDataType  - setSqlValue(value=1, column=3, statement=org.hsqldb.jdbc.JDBCPreparedStatement@68df2129[sql=[insert into SCOPE (NAME, DESCRIPTION, ID, TIMESTAMP) values (?, ?, ?, ?)], parameters=[[0], [1], [null], [null]]]) - start
147932 [main] DEBUG org.dbunit.dataset.datatype.IntegerDataType  - typeCast(value=1) - start
147932 [main] DEBUG org.dbunit.dataset.DefaultTable  - getValue(row=0, column=TIMESTAMP) - start
147932 [main] DEBUG org.dbunit.dataset.AbstractTable  - assertValidRowIndex(row=0) - start
147932 [main] DEBUG org.dbunit.dataset.AbstractTable  - assertValidRowIndex(row=0, rowCount=1) - start
147932 [main] DEBUG org.dbunit.dataset.AbstractTable  - getColumnIndex(columnName=TIMESTAMP) - start
147932 [main] DEBUG org.dbunit.dataset.AbstractTableMetaData  - getColumnIndex(columnName=TIMESTAMP) - start
147932 [main] DEBUG org.dbunit.database.statement.AutomaticPreparedBatchStatement  - addValue(value=2014-02-26 12:43:28.08, dataType=TIMESTAMP) - start
147932 [main] DEBUG org.dbunit.database.statement.SimplePreparedStatement  - addValue(value=2014-02-26 12:43:28.08, dataType=TIMESTAMP) - start
147932 [main] DEBUG org.dbunit.dataset.datatype.TimestampDataType  - setSqlValue(value=2014-02-26 12:43:28.08, column=4, statement=org.hsqldb.jdbc.JDBCPreparedStatement@68df2129[sql=[insert into SCOPE (NAME, DESCRIPTION, ID, TIMESTAMP) values (?, ?, ?, ?)], parameters=[[0], [1], [1], [null]]]) - start
147932 [main] DEBUG org.dbunit.dataset.datatype.TimestampDataType  - typeCast(value=2014-02-26 12:43:28.08) - start
147932 [main] DEBUG org.dbunit.database.statement.AutomaticPreparedBatchStatement  - addBatch() - start
147932 [main] DEBUG org.dbunit.database.statement.SimplePreparedStatement  - addBatch() - start
147932 [main] DEBUG org.dbunit.operation.InsertOperation  - equalsIgnoreMapping(ignoreMapping={}, table=org.dbunit.dataset.DefaultTable[_metaData=tableName=Scope, columns=[(name, UNKNOWN, nullableUnknown), (description, UNKNOWN, nullableUnknown), (id, UNKNOWN, nullableUnknown), (timeStamp, UNKNOWN, nullableUnknown)], keys=[], _rowList.size()=1], row=1) - start
147932 [main] DEBUG org.dbunit.dataset.DefaultTable  - getValue(row=1, column=name) - start
147932 [main] DEBUG org.dbunit.dataset.AbstractTable  - assertValidRowIndex(row=1) - start
147933 [main] DEBUG org.dbunit.dataset.AbstractTable  - assertValidRowIndex(row=1, rowCount=1) - start
147933 [main] DEBUG org.dbunit.database.statement.AutomaticPreparedBatchStatement  - executeBatch() - start
147933 [main] DEBUG org.dbunit.database.statement.SimplePreparedStatement  - executeBatch() - start
147933 [main] DEBUG org.dbunit.database.statement.SimplePreparedStatement  - clearBatch() - start
147933 [main] DEBUG org.dbunit.database.statement.AutomaticPreparedBatchStatement  - clearBatch() - start
147933 [main] DEBUG org.dbunit.database.statement.SimplePreparedStatement  - clearBatch() - start
147933 [main] DEBUG org.dbunit.database.statement.AutomaticPreparedBatchStatement  - close() - start
147933 [main] DEBUG org.dbunit.database.statement.AbstractPreparedBatchStatement  - close() - start
147933 [main] DEBUG org.dbunit.dataset.filter.SequenceTableIterator  - next() - start
147933 [main] DEBUG org.dbunit.dataset.filter.SequenceTableIterator  - getTable() - start
147933 [main] DEBUG org.dbunit.dataset.AbstractDataSet  - getTable(tableName=ScopedContent) - start
147933 [main] DEBUG org.dbunit.dataset.AbstractDataSet  - initialize() - start
147933 [main] DEBUG org.dbunit.dataset.AbstractDataSet  - The table name map has already been initialized.
147933 [main] DEBUG org.dbunit.dataset.OrderedTableNameMap  - getTableName(tableName=ScopedContent) - start
147933 [main] DEBUG org.dbunit.dataset.OrderedTableNameMap  - getTableName(tableName=ScopedContent) - end - result=SCOPEDCONTENT
147933 [main] TRACE org.dbunit.operation.AbstractBatchOperation  - execute: processing table='ScopedContent'
147933 [main] DEBUG org.dbunit.operation.AbstractBatchOperation  - isEmpty(table=org.dbunit.dataset.DefaultTable[_metaData=tableName=ScopedContent, columns=[(name, UNKNOWN, nullableUnknown), (description, UNKNOWN, nullableUnknown), (scope, UNKNOWN, nullableUnknown), (id, UNKNOWN, nullableUnknown), (timeStamp, UNKNOWN, nullableUnknown)], keys=[], _rowList.size()=1]) - start
147933 [main] DEBUG org.dbunit.dataset.DefaultTable  - getValue(row=0, column=name) - start
147933 [main] DEBUG org.dbunit.dataset.AbstractTable  - assertValidRowIndex(row=0) - start
147933 [main] DEBUG org.dbunit.dataset.AbstractTable  - assertValidRowIndex(row=0, rowCount=1) - start
147933 [main] DEBUG org.dbunit.dataset.AbstractTable  - getColumnIndex(columnName=name) - start
147933 [main] DEBUG org.dbunit.dataset.AbstractTableMetaData  - getColumnIndex(columnName=name) - start
147934 [main] DEBUG org.dbunit.operation.AbstractOperation  - getOperationMetaData(connection=_databaseConfig=org.dbunit.database.DatabaseConfig[, _propertyMap={http://www.dbunit.org/properties/statementFactory=org.dbunit.database.statement.PreparedStatementFactory@626bc2b8, http://www.dbunit.org/features/caseSensitiveTableNames=false, http://www.dbunit.org/properties/fetchSize=100, http://www.dbunit.org/features/batchedStatements=false, http://www.dbunit.org/properties/metadataHandler=org.dbunit.database.DefaultMetadataHandler@3bbfdfde, http://www.dbunit.org/properties/datatypeFactory=org.dbunit.dataset.datatype.DefaultDataTypeFactory[_toleratedDeltaMap=org.dbunit.dataset.datatype.ToleratedDeltaMap@6452310a], http://www.dbunit.org/properties/escapePattern=null, http://www.dbunit.org/properties/batchSize=100, http://www.dbunit.org/features/qualifiedTableNames=false, http://www.dbunit.org/properties/tableType=[Ljava.lang.String;@5011bafa, http://www.dbunit.org/properties/resultSetTableFactory=org.dbunit.database.CachedResultSetTableFactory@10bcf083, http://www.dbunit.org/features/datatypeWarning=true}], _dataSet=AbstractDataSet[_orderedTableNameMap=null], metaData=tableName=ScopedContent, columns=[(name, UNKNOWN, nullableUnknown), (description, UNKNOWN, nullableUnknown), (scope, UNKNOWN, nullableUnknown), (id, UNKNOWN, nullableUnknown), (timeStamp, UNKNOWN, nullableUnknown)], keys=[]) - start
147934 [main] DEBUG org.dbunit.database.AbstractDatabaseConnection  - createDataSet() - start
147934 [main] DEBUG org.dbunit.database.DatabaseDataSet  - getTableMetaData(tableName=ScopedContent) - start
147934 [main] DEBUG org.dbunit.database.DatabaseDataSet  - initialize() - start
147934 [main] DEBUG org.dbunit.dataset.OrderedTableNameMap  - getTableName(tableName=ScopedContent) - start
147934 [main] DEBUG org.dbunit.dataset.OrderedTableNameMap  - getTableName(tableName=ScopedContent) - end - result=SCOPEDCONTENT
147934 [main] DEBUG org.dbunit.dataset.OrderedTableNameMap  - getTableName(tableName=ScopedContent) - start
147934 [main] DEBUG org.dbunit.dataset.OrderedTableNameMap  - getTableName(tableName=ScopedContent) - end - result=SCOPEDCONTENT
147934 [main] DEBUG org.dbunit.dataset.AbstractTableMetaData  - getColumnIndex(columnName=name) - start
147934 [main] DEBUG org.dbunit.database.DatabaseTableMetaData  - getColumns() - start
147934 [main] DEBUG org.dbunit.dataset.AbstractTableMetaData  - getColumnIndex(columnName=description) - start
147934 [main] DEBUG org.dbunit.database.DatabaseTableMetaData  - getColumns() - start
147934 [main] DEBUG org.dbunit.dataset.AbstractTableMetaData  - getColumnIndex(columnName=scope) - start
147934 [main] DEBUG org.dbunit.database.DatabaseTableMetaData  - getColumns() - start
147934 [main] DEBUG org.dbunit.dataset.AbstractTableMetaData  - getColumnIndex(columnName=id) - start
147934 [main] DEBUG org.dbunit.database.DatabaseTableMetaData  - getColumns() - start
147934 [main] DEBUG org.dbunit.dataset.AbstractTableMetaData  - getColumnIndex(columnName=timeStamp) - start
147934 [main] DEBUG org.dbunit.database.DatabaseTableMetaData  - getColumns() - start
147934 [main] DEBUG org.dbunit.database.DatabaseTableMetaData  - getPrimaryKeys() - start
147934 [main] TRACE org.dbunit.database.DatabaseConfig  - getProperty(name=http://www.dbunit.org/properties/primaryKeyFilter) - start
147934 [main] DEBUG org.dbunit.operation.InsertOperation  - getIgnoreMapping(table=org.dbunit.dataset.DefaultTable[_metaData=tableName=ScopedContent, columns=[(name, UNKNOWN, nullableUnknown), (description, UNKNOWN, nullableUnknown), (scope, UNKNOWN, nullableUnknown), (id, UNKNOWN, nullableUnknown), (timeStamp, UNKNOWN, nullableUnknown)], keys=[], _rowList.size()=1], row=0) - start
147934 [main] DEBUG org.dbunit.dataset.DefaultTable  - getValue(row=0, column=name) - start
147934 [main] DEBUG org.dbunit.dataset.AbstractTable  - assertValidRowIndex(row=0) - start
147934 [main] DEBUG org.dbunit.dataset.AbstractTable  - assertValidRowIndex(row=0, rowCount=1) - start
147934 [main] DEBUG org.dbunit.dataset.AbstractTable  - getColumnIndex(columnName=name) - start
147934 [main] DEBUG org.dbunit.dataset.AbstractTableMetaData  - getColumnIndex(columnName=name) - start
147934 [main] DEBUG org.dbunit.dataset.DefaultTable  - getValue(row=0, column=description) - start
147935 [main] DEBUG org.dbunit.dataset.AbstractTable  - assertValidRowIndex(row=0) - start
147935 [main] DEBUG org.dbunit.dataset.AbstractTable  - assertValidRowIndex(row=0, rowCount=1) - start
147935 [main] DEBUG org.dbunit.dataset.AbstractTable  - getColumnIndex(columnName=description) - start
147935 [main] DEBUG org.dbunit.dataset.AbstractTableMetaData  - getColumnIndex(columnName=description) - start
147935 [main] DEBUG org.dbunit.dataset.DefaultTable  - getValue(row=0, column=scope) - start
147935 [main] DEBUG org.dbunit.dataset.AbstractTable  - assertValidRowIndex(row=0) - start
147935 [main] DEBUG org.dbunit.dataset.AbstractTable  - assertValidRowIndex(row=0, rowCount=1) - start
147935 [main] DEBUG org.dbunit.dataset.AbstractTable  - getColumnIndex(columnName=scope) - start
147935 [main] DEBUG org.dbunit.dataset.AbstractTableMetaData  - getColumnIndex(columnName=scope) - start
147935 [main] DEBUG org.dbunit.dataset.DefaultTable  - getValue(row=0, column=id) - start
147935 [main] DEBUG org.dbunit.dataset.AbstractTable  - assertValidRowIndex(row=0) - start
147935 [main] DEBUG org.dbunit.dataset.AbstractTable  - assertValidRowIndex(row=0, rowCount=1) - start
147935 [main] DEBUG org.dbunit.dataset.AbstractTable  - getColumnIndex(columnName=id) - start
147935 [main] DEBUG org.dbunit.dataset.AbstractTableMetaData  - getColumnIndex(columnName=id) - start
147935 [main] DEBUG org.dbunit.dataset.DefaultTable  - getValue(row=0, column=timeStamp) - start
147935 [main] DEBUG org.dbunit.dataset.AbstractTable  - assertValidRowIndex(row=0) - start
147935 [main] DEBUG org.dbunit.dataset.AbstractTable  - assertValidRowIndex(row=0, rowCount=1) - start
147935 [main] DEBUG org.dbunit.dataset.AbstractTable  - getColumnIndex(columnName=timeStamp) - start
147935 [main] DEBUG org.dbunit.dataset.AbstractTableMetaData  - getColumnIndex(columnName=timeStamp) - start
147935 [main] DEBUG org.dbunit.operation.InsertOperation  - getOperationData(metaData=tableName=SCOPEDCONTENT, columns=[(NAME, VARCHAR, noNulls), (DESCRIPTION, VARCHAR, nullable), (SCOPE, INTEGER, noNulls), (ID, INTEGER, noNulls), (TIMESTAMP, TIMESTAMP, nullable)], keys=[(ID, INTEGER, noNulls)], ignoreMapping={}, connection=_databaseConfig=org.dbunit.database.DatabaseConfig[, _propertyMap={http://www.dbunit.org/properties/statementFactory=org.dbunit.database.statement.PreparedStatementFactory@626bc2b8, http://www.dbunit.org/features/caseSensitiveTableNames=false, http://www.dbunit.org/properties/fetchSize=100, http://www.dbunit.org/features/batchedStatements=false, http://www.dbunit.org/properties/metadataHandler=org.dbunit.database.DefaultMetadataHandler@3bbfdfde, http://www.dbunit.org/properties/datatypeFactory=org.dbunit.dataset.datatype.DefaultDataTypeFactory[_toleratedDeltaMap=org.dbunit.dataset.datatype.ToleratedDeltaMap@6452310a], http://www.dbunit.org/properties/escapePattern=null, http://www.dbunit.org/properties/batchSize=100, http://www.dbunit.org/features/qualifiedTableNames=false, http://www.dbunit.org/properties/tableType=[Ljava.lang.String;@5011bafa, http://www.dbunit.org/properties/resultSetTableFactory=org.dbunit.database.CachedResultSetTableFactory@10bcf083, http://www.dbunit.org/features/datatypeWarning=true}], _dataSet=AbstractDataSet[_orderedTableNameMap=null]) - start
147935 [main] DEBUG org.dbunit.operation.AbstractOperation  - getQualifiedName(prefix=null, name=SCOPEDCONTENT, connection=_databaseConfig=org.dbunit.database.DatabaseConfig[, _propertyMap={http://www.dbunit.org/properties/statementFactory=org.dbunit.database.statement.PreparedStatementFactory@626bc2b8, http://www.dbunit.org/features/caseSensitiveTableNames=false, http://www.dbunit.org/properties/fetchSize=100, http://www.dbunit.org/features/batchedStatements=false, http://www.dbunit.org/properties/metadataHandler=org.dbunit.database.DefaultMetadataHandler@3bbfdfde, http://www.dbunit.org/properties/datatypeFactory=org.dbunit.dataset.datatype.DefaultDataTypeFactory[_toleratedDeltaMap=org.dbunit.dataset.datatype.ToleratedDeltaMap@6452310a], http://www.dbunit.org/properties/escapePattern=null, http://www.dbunit.org/properties/batchSize=100, http://www.dbunit.org/features/qualifiedTableNames=false, http://www.dbunit.org/properties/tableType=[Ljava.lang.String;@5011bafa, http://www.dbunit.org/properties/resultSetTableFactory=org.dbunit.database.CachedResultSetTableFactory@10bcf083, http://www.dbunit.org/features/datatypeWarning=true}], _dataSet=AbstractDataSet[_orderedTableNameMap=null]) - start
147935 [main] TRACE org.dbunit.database.DatabaseConfig  - getProperty(name=http://www.dbunit.org/properties/escapePattern) - start
147935 [main] DEBUG org.dbunit.util.QualifiedTableName  - getQualifiedName() - start
147935 [main] DEBUG org.dbunit.util.QualifiedTableName  - getQualifiedName(prefix=null, name=SCOPEDCONTENT, escapePattern=null) - start
147935 [main] DEBUG org.dbunit.operation.AbstractOperation  - getQualifiedName(prefix=null, name=NAME, connection=_databaseConfig=org.dbunit.database.DatabaseConfig[, _propertyMap={http://www.dbunit.org/properties/statementFactory=org.dbunit.database.statement.PreparedStatementFactory@626bc2b8, http://www.dbunit.org/features/caseSensitiveTableNames=false, http://www.dbunit.org/properties/fetchSize=100, http://www.dbunit.org/features/batchedStatements=false, http://www.dbunit.org/properties/metadataHandler=org.dbunit.database.DefaultMetadataHandler@3bbfdfde, http://www.dbunit.org/properties/datatypeFactory=org.dbunit.dataset.datatype.DefaultDataTypeFactory[_toleratedDeltaMap=org.dbunit.dataset.datatype.ToleratedDeltaMap@6452310a], http://www.dbunit.org/properties/escapePattern=null, http://www.dbunit.org/properties/batchSize=100, http://www.dbunit.org/features/qualifiedTableNames=false, http://www.dbunit.org/properties/tableType=[Ljava.lang.String;@5011bafa, http://www.dbunit.org/properties/resultSetTableFactory=org.dbunit.database.CachedResultSetTableFactory@10bcf083, http://www.dbunit.org/features/datatypeWarning=true}], _dataSet=AbstractDataSet[_orderedTableNameMap=null]) - start
147936 [main] TRACE org.dbunit.database.DatabaseConfig  - getProperty(name=http://www.dbunit.org/properties/escapePattern) - start
147936 [main] DEBUG org.dbunit.util.QualifiedTableName  - getQualifiedName() - start
147936 [main] DEBUG org.dbunit.util.QualifiedTableName  - getQualifiedName(prefix=null, name=NAME, escapePattern=null) - start
147936 [main] DEBUG org.dbunit.operation.AbstractOperation  - getQualifiedName(prefix=null, name=DESCRIPTION, connection=_databaseConfig=org.dbunit.database.DatabaseConfig[, _propertyMap={http://www.dbunit.org/properties/statementFactory=org.dbunit.database.statement.PreparedStatementFactory@626bc2b8, http://www.dbunit.org/features/caseSensitiveTableNames=false, http://www.dbunit.org/properties/fetchSize=100, http://www.dbunit.org/features/batchedStatements=false, http://www.dbunit.org/properties/metadataHandler=org.dbunit.database.DefaultMetadataHandler@3bbfdfde, http://www.dbunit.org/properties/datatypeFactory=org.dbunit.dataset.datatype.DefaultDataTypeFactory[_toleratedDeltaMap=org.dbunit.dataset.datatype.ToleratedDeltaMap@6452310a], http://www.dbunit.org/properties/escapePattern=null, http://www.dbunit.org/properties/batchSize=100, http://www.dbunit.org/features/qualifiedTableNames=false, http://www.dbunit.org/properties/tableType=[Ljava.lang.String;@5011bafa, http://www.dbunit.org/properties/resultSetTableFactory=org.dbunit.database.CachedResultSetTableFactory@10bcf083, http://www.dbunit.org/features/datatypeWarning=true}], _dataSet=AbstractDataSet[_orderedTableNameMap=null]) - start
147936 [main] TRACE org.dbunit.database.DatabaseConfig  - getProperty(name=http://www.dbunit.org/properties/escapePattern) - start
147936 [main] DEBUG org.dbunit.util.QualifiedTableName  - getQualifiedName() - start
147936 [main] DEBUG org.dbunit.util.QualifiedTableName  - getQualifiedName(prefix=null, name=DESCRIPTION, escapePattern=null) - start
147936 [main] DEBUG org.dbunit.operation.AbstractOperation  - getQualifiedName(prefix=null, name=SCOPE, connection=_databaseConfig=org.dbunit.database.DatabaseConfig[, _propertyMap={http://www.dbunit.org/properties/statementFactory=org.dbunit.database.statement.PreparedStatementFactory@626bc2b8, http://www.dbunit.org/features/caseSensitiveTableNames=false, http://www.dbunit.org/properties/fetchSize=100, http://www.dbunit.org/features/batchedStatements=false, http://www.dbunit.org/properties/metadataHandler=org.dbunit.database.DefaultMetadataHandler@3bbfdfde, http://www.dbunit.org/properties/datatypeFactory=org.dbunit.dataset.datatype.DefaultDataTypeFactory[_toleratedDeltaMap=org.dbunit.dataset.datatype.ToleratedDeltaMap@6452310a], http://www.dbunit.org/properties/escapePattern=null, http://www.dbunit.org/properties/batchSize=100, http://www.dbunit.org/features/qualifiedTableNames=false, http://www.dbunit.org/properties/tableType=[Ljava.lang.String;@5011bafa, http://www.dbunit.org/properties/resultSetTableFactory=org.dbunit.database.CachedResultSetTableFactory@10bcf083, http://www.dbunit.org/features/datatypeWarning=true}], _dataSet=AbstractDataSet[_orderedTableNameMap=null]) - start
147936 [main] TRACE org.dbunit.database.DatabaseConfig  - getProperty(name=http://www.dbunit.org/properties/escapePattern) - start
147936 [main] DEBUG org.dbunit.util.QualifiedTableName  - getQualifiedName() - start
147936 [main] DEBUG org.dbunit.util.QualifiedTableName  - getQualifiedName(prefix=null, name=SCOPE, escapePattern=null) - start
147936 [main] DEBUG org.dbunit.operation.AbstractOperation  - getQualifiedName(prefix=null, name=ID, connection=_databaseConfig=org.dbunit.database.DatabaseConfig[, _propertyMap={http://www.dbunit.org/properties/statementFactory=org.dbunit.database.statement.PreparedStatementFactory@626bc2b8, http://www.dbunit.org/features/caseSensitiveTableNames=false, http://www.dbunit.org/properties/fetchSize=100, http://www.dbunit.org/features/batchedStatements=false, http://www.dbunit.org/properties/metadataHandler=org.dbunit.database.DefaultMetadataHandler@3bbfdfde, http://www.dbunit.org/properties/datatypeFactory=org.dbunit.dataset.datatype.DefaultDataTypeFactory[_toleratedDeltaMap=org.dbunit.dataset.datatype.ToleratedDeltaMap@6452310a], http://www.dbunit.org/properties/escapePattern=null, http://www.dbunit.org/properties/batchSize=100, http://www.dbunit.org/features/qualifiedTableNames=false, http://www.dbunit.org/properties/tableType=[Ljava.lang.String;@5011bafa, http://www.dbunit.org/properties/resultSetTableFactory=org.dbunit.database.CachedResultSetTableFactory@10bcf083, http://www.dbunit.org/features/datatypeWarning=true}], _dataSet=AbstractDataSet[_orderedTableNameMap=null]) - start
147936 [main] TRACE org.dbunit.database.DatabaseConfig  - getProperty(name=http://www.dbunit.org/properties/escapePattern) - start
147936 [main] DEBUG org.dbunit.util.QualifiedTableName  - getQualifiedName() - start
147936 [main] DEBUG org.dbunit.util.QualifiedTableName  - getQualifiedName(prefix=null, name=ID, escapePattern=null) - start
147936 [main] DEBUG org.dbunit.operation.AbstractOperation  - getQualifiedName(prefix=null, name=TIMESTAMP, connection=_databaseConfig=org.dbunit.database.DatabaseConfig[, _propertyMap={http://www.dbunit.org/properties/statementFactory=org.dbunit.database.statement.PreparedStatementFactory@626bc2b8, http://www.dbunit.org/features/caseSensitiveTableNames=false, http://www.dbunit.org/properties/fetchSize=100, http://www.dbunit.org/features/batchedStatements=false, http://www.dbunit.org/properties/metadataHandler=org.dbunit.database.DefaultMetadataHandler@3bbfdfde, http://www.dbunit.org/properties/datatypeFactory=org.dbunit.dataset.datatype.DefaultDataTypeFactory[_toleratedDeltaMap=org.dbunit.dataset.datatype.ToleratedDeltaMap@6452310a], http://www.dbunit.org/properties/escapePattern=null, http://www.dbunit.org/properties/batchSize=100, http://www.dbunit.org/features/qualifiedTableNames=false, http://www.dbunit.org/properties/tableType=[Ljava.lang.String;@5011bafa, http://www.dbunit.org/properties/resultSetTableFactory=org.dbunit.database.CachedResultSetTableFactory@10bcf083, http://www.dbunit.org/features/datatypeWarning=true}], _dataSet=AbstractDataSet[_orderedTableNameMap=null]) - start
147936 [main] TRACE org.dbunit.database.DatabaseConfig  - getProperty(name=http://www.dbunit.org/properties/escapePattern) - start
147936 [main] DEBUG org.dbunit.util.QualifiedTableName  - getQualifiedName() - start
147936 [main] DEBUG org.dbunit.util.QualifiedTableName  - getQualifiedName(prefix=null, name=TIMESTAMP, escapePattern=null) - start
147937 [main] DEBUG org.dbunit.database.statement.PreparedStatementFactory  - createPreparedBatchStatement(sql=insert into SCOPEDCONTENT (NAME, DESCRIPTION, SCOPE, ID, TIMESTAMP) values (?, ?, ?, ?, ?), connection=_databaseConfig=org.dbunit.database.DatabaseConfig[, _propertyMap={http://www.dbunit.org/properties/statementFactory=org.dbunit.database.statement.PreparedStatementFactory@626bc2b8, http://www.dbunit.org/features/caseSensitiveTableNames=false, http://www.dbunit.org/properties/fetchSize=100, http://www.dbunit.org/features/batchedStatements=false, http://www.dbunit.org/properties/metadataHandler=org.dbunit.database.DefaultMetadataHandler@3bbfdfde, http://www.dbunit.org/properties/datatypeFactory=org.dbunit.dataset.datatype.DefaultDataTypeFactory[_toleratedDeltaMap=org.dbunit.dataset.datatype.ToleratedDeltaMap@6452310a], http://www.dbunit.org/properties/escapePattern=null, http://www.dbunit.org/properties/batchSize=100, http://www.dbunit.org/features/qualifiedTableNames=false, http://www.dbunit.org/properties/tableType=[Ljava.lang.String;@5011bafa, http://www.dbunit.org/properties/resultSetTableFactory=org.dbunit.database.CachedResultSetTableFactory@10bcf083, http://www.dbunit.org/features/datatypeWarning=true}], _dataSet=AbstractDataSet[_orderedTableNameMap=null]) - start
147937 [main] TRACE org.dbunit.database.DatabaseConfig  - getProperty(name=http://www.dbunit.org/properties/batchSize) - start
147937 [main] DEBUG org.dbunit.database.statement.AbstractStatementFactory  - supportBatchStatement(connection=_databaseConfig=org.dbunit.database.DatabaseConfig[, _propertyMap={http://www.dbunit.org/properties/statementFactory=org.dbunit.database.statement.PreparedStatementFactory@626bc2b8, http://www.dbunit.org/features/caseSensitiveTableNames=false, http://www.dbunit.org/properties/fetchSize=100, http://www.dbunit.org/features/batchedStatements=false, http://www.dbunit.org/properties/metadataHandler=org.dbunit.database.DefaultMetadataHandler@3bbfdfde, http://www.dbunit.org/properties/datatypeFactory=org.dbunit.dataset.datatype.DefaultDataTypeFactory[_toleratedDeltaMap=org.dbunit.dataset.datatype.ToleratedDeltaMap@6452310a], http://www.dbunit.org/properties/escapePattern=null, http://www.dbunit.org/properties/batchSize=100, http://www.dbunit.org/features/qualifiedTableNames=false, http://www.dbunit.org/properties/tableType=[Ljava.lang.String;@5011bafa, http://www.dbunit.org/properties/resultSetTableFactory=org.dbunit.database.CachedResultSetTableFactory@10bcf083, http://www.dbunit.org/features/datatypeWarning=true}], _dataSet=AbstractDataSet[_orderedTableNameMap=null]) - start
147937 [main] TRACE org.dbunit.database.DatabaseConfig  - getFeature(name=http://www.dbunit.org/features/batchedStatements) - start
147937 [main] TRACE org.dbunit.database.DatabaseConfig  - getProperty(name=http://www.dbunit.org/features/batchedStatements) - start
147937 [main] DEBUG org.dbunit.database.DatabaseDataSourceConnection  - getConnection() - start
147937 [main] DEBUG org.dbunit.dataset.DefaultTable  - getValue(row=0, column=NAME) - start
147937 [main] DEBUG org.dbunit.dataset.AbstractTable  - assertValidRowIndex(row=0) - start
147937 [main] DEBUG org.dbunit.dataset.AbstractTable  - assertValidRowIndex(row=0, rowCount=1) - start
147937 [main] DEBUG org.dbunit.dataset.AbstractTable  - getColumnIndex(columnName=NAME) - start
147937 [main] DEBUG org.dbunit.dataset.AbstractTableMetaData  - getColumnIndex(columnName=NAME) - start
147937 [main] DEBUG org.dbunit.database.statement.AutomaticPreparedBatchStatement  - addValue(value=7, dataType=VARCHAR) - start
147937 [main] DEBUG org.dbunit.database.statement.SimplePreparedStatement  - addValue(value=7, dataType=VARCHAR) - start
147937 [main] DEBUG org.dbunit.dataset.datatype.StringDataType  - setSqlValue(value=7, column=1, statement=org.hsqldb.jdbc.JDBCPreparedStatement@10fa4089[sql=[insert into SCOPEDCONTENT (NAME, DESCRIPTION, SCOPE, ID, TIMESTAMP) values (?, ?, ?, ?, ?)], parameters=[[null], [null], [null], [null], [null]]]) - start
147937 [main] DEBUG org.dbunit.dataset.datatype.DataType  - asString(value=7) - start
147937 [main] DEBUG org.dbunit.dataset.datatype.StringDataType  - typeCast(value=7) - start
147938 [main] DEBUG org.dbunit.dataset.DefaultTable  - getValue(row=0, column=DESCRIPTION) - start
147938 [main] DEBUG org.dbunit.dataset.AbstractTable  - assertValidRowIndex(row=0) - start
147938 [main] DEBUG org.dbunit.dataset.AbstractTable  - assertValidRowIndex(row=0, rowCount=1) - start
147938 [main] DEBUG org.dbunit.dataset.AbstractTable  - getColumnIndex(columnName=DESCRIPTION) - start
147938 [main] DEBUG org.dbunit.dataset.AbstractTableMetaData  - getColumnIndex(columnName=DESCRIPTION) - start
147938 [main] DEBUG org.dbunit.database.statement.AutomaticPreparedBatchStatement  - addValue(value=8, dataType=VARCHAR) - start
147938 [main] DEBUG org.dbunit.database.statement.SimplePreparedStatement  - addValue(value=8, dataType=VARCHAR) - start
147938 [main] DEBUG org.dbunit.dataset.datatype.StringDataType  - setSqlValue(value=8, column=2, statement=org.hsqldb.jdbc.JDBCPreparedStatement@10fa4089[sql=[insert into SCOPEDCONTENT (NAME, DESCRIPTION, SCOPE, ID, TIMESTAMP) values (?, ?, ?, ?, ?)], parameters=[[7], [null], [null], [null], [null]]]) - start
147938 [main] DEBUG org.dbunit.dataset.datatype.DataType  - asString(value=8) - start
147938 [main] DEBUG org.dbunit.dataset.datatype.StringDataType  - typeCast(value=8) - start
147938 [main] DEBUG org.dbunit.dataset.DefaultTable  - getValue(row=0, column=SCOPE) - start
147938 [main] DEBUG org.dbunit.dataset.AbstractTable  - assertValidRowIndex(row=0) - start
147938 [main] DEBUG org.dbunit.dataset.AbstractTable  - assertValidRowIndex(row=0, rowCount=1) - start
147938 [main] DEBUG org.dbunit.dataset.AbstractTable  - getColumnIndex(columnName=SCOPE) - start
147938 [main] DEBUG org.dbunit.dataset.AbstractTableMetaData  - getColumnIndex(columnName=SCOPE) - start
147938 [main] DEBUG org.dbunit.database.statement.AutomaticPreparedBatchStatement  - addValue(value=1, dataType=INTEGER) - start
147938 [main] DEBUG org.dbunit.database.statement.SimplePreparedStatement  - addValue(value=1, dataType=INTEGER) - start
147938 [main] DEBUG org.dbunit.dataset.datatype.IntegerDataType  - setSqlValue(value=1, column=3, statement=org.hsqldb.jdbc.JDBCPreparedStatement@10fa4089[sql=[insert into SCOPEDCONTENT (NAME, DESCRIPTION, SCOPE, ID, TIMESTAMP) values (?, ?, ?, ?, ?)], parameters=[[7], [8], [null], [null], [null]]]) - start
147938 [main] DEBUG org.dbunit.dataset.datatype.IntegerDataType  - typeCast(value=1) - start
147938 [main] DEBUG org.dbunit.dataset.DefaultTable  - getValue(row=0, column=ID) - start
147938 [main] DEBUG org.dbunit.dataset.AbstractTable  - assertValidRowIndex(row=0) - start
147938 [main] DEBUG org.dbunit.dataset.AbstractTable  - assertValidRowIndex(row=0, rowCount=1) - start
147938 [main] DEBUG org.dbunit.dataset.AbstractTable  - getColumnIndex(columnName=ID) - start
147938 [main] DEBUG org.dbunit.dataset.AbstractTableMetaData  - getColumnIndex(columnName=ID) - start
147938 [main] DEBUG org.dbunit.database.statement.AutomaticPreparedBatchStatement  - addValue(value=1, dataType=INTEGER) - start
147938 [main] DEBUG org.dbunit.database.statement.SimplePreparedStatement  - addValue(value=1, dataType=INTEGER) - start
147938 [main] DEBUG org.dbunit.dataset.datatype.IntegerDataType  - setSqlValue(value=1, column=4, statement=org.hsqldb.jdbc.JDBCPreparedStatement@10fa4089[sql=[insert into SCOPEDCONTENT (NAME, DESCRIPTION, SCOPE, ID, TIMESTAMP) values (?, ?, ?, ?, ?)], parameters=[[7], [8], [1], [null], [null]]]) - start
147938 [main] DEBUG org.dbunit.dataset.datatype.IntegerDataType  - typeCast(value=1) - start
147938 [main] DEBUG org.dbunit.dataset.DefaultTable  - getValue(row=0, column=TIMESTAMP) - start
147939 [main] DEBUG org.dbunit.dataset.AbstractTable  - assertValidRowIndex(row=0) - start
147939 [main] DEBUG org.dbunit.dataset.AbstractTable  - assertValidRowIndex(row=0, rowCount=1) - start
147939 [main] DEBUG org.dbunit.dataset.AbstractTable  - getColumnIndex(columnName=TIMESTAMP) - start
147939 [main] DEBUG org.dbunit.dataset.AbstractTableMetaData  - getColumnIndex(columnName=TIMESTAMP) - start
147939 [main] DEBUG org.dbunit.database.statement.AutomaticPreparedBatchStatement  - addValue(value=2014-02-26 12:43:28.082, dataType=TIMESTAMP) - start
147939 [main] DEBUG org.dbunit.database.statement.SimplePreparedStatement  - addValue(value=2014-02-26 12:43:28.082, dataType=TIMESTAMP) - start
147939 [main] DEBUG org.dbunit.dataset.datatype.TimestampDataType  - setSqlValue(value=2014-02-26 12:43:28.082, column=5, statement=org.hsqldb.jdbc.JDBCPreparedStatement@10fa4089[sql=[insert into SCOPEDCONTENT (NAME, DESCRIPTION, SCOPE, ID, TIMESTAMP) values (?, ?, ?, ?, ?)], parameters=[[7], [8], [1], [1], [null]]]) - start
147939 [main] DEBUG org.dbunit.dataset.datatype.TimestampDataType  - typeCast(value=2014-02-26 12:43:28.082) - start
147939 [main] DEBUG org.dbunit.database.statement.AutomaticPreparedBatchStatement  - addBatch() - start
147939 [main] DEBUG org.dbunit.database.statement.SimplePreparedStatement  - addBatch() - start
147939 [main] DEBUG org.dbunit.operation.InsertOperation  - equalsIgnoreMapping(ignoreMapping={}, table=org.dbunit.dataset.DefaultTable[_metaData=tableName=ScopedContent, columns=[(name, UNKNOWN, nullableUnknown), (description, UNKNOWN, nullableUnknown), (scope, UNKNOWN, nullableUnknown), (id, UNKNOWN, nullableUnknown), (timeStamp, UNKNOWN, nullableUnknown)], keys=[], _rowList.size()=1], row=1) - start
147939 [main] DEBUG org.dbunit.dataset.DefaultTable  - getValue(row=1, column=name) - start
147939 [main] DEBUG org.dbunit.dataset.AbstractTable  - assertValidRowIndex(row=1) - start
147939 [main] DEBUG org.dbunit.dataset.AbstractTable  - assertValidRowIndex(row=1, rowCount=1) - start
147939 [main] DEBUG org.dbunit.database.statement.AutomaticPreparedBatchStatement  - executeBatch() - start
147939 [main] DEBUG org.dbunit.database.statement.SimplePreparedStatement  - executeBatch() - start
147939 [main] DEBUG org.dbunit.database.statement.SimplePreparedStatement  - clearBatch() - start
147939 [main] DEBUG org.dbunit.database.statement.AutomaticPreparedBatchStatement  - clearBatch() - start
147939 [main] DEBUG org.dbunit.database.statement.SimplePreparedStatement  - clearBatch() - start
147939 [main] DEBUG org.dbunit.database.statement.AutomaticPreparedBatchStatement  - close() - start
147939 [main] DEBUG org.dbunit.database.statement.AbstractPreparedBatchStatement  - close() - start
147940 [main] DEBUG org.dbunit.dataset.filter.SequenceTableIterator  - next() - start
147940 [main] DEBUG org.dbunit.dataset.filter.SequenceTableIterator  - getTable() - start
147940 [main] DEBUG org.dbunit.dataset.AbstractDataSet  - getTable(tableName=ScopedContentConditionAttribute) - start
147940 [main] DEBUG org.dbunit.dataset.AbstractDataSet  - initialize() - start
147940 [main] DEBUG org.dbunit.dataset.AbstractDataSet  - The table name map has already been initialized.
147940 [main] DEBUG org.dbunit.dataset.OrderedTableNameMap  - getTableName(tableName=ScopedContentConditionAttribute) - start
147940 [main] DEBUG org.dbunit.dataset.OrderedTableNameMap  - getTableName(tableName=ScopedContentConditionAttribute) - end - result=SCOPEDCONTENTCONDITIONATTRIBUTE
147940 [main] TRACE org.dbunit.operation.AbstractBatchOperation  - execute: processing table='ScopedContentConditionAttribute'
147940 [main] DEBUG org.dbunit.operation.AbstractBatchOperation  - isEmpty(table=org.dbunit.dataset.DefaultTable[_metaData=tableName=ScopedContentConditionAttribute, columns=[(key, UNKNOWN, nullableUnknown), (checkOrder, UNKNOWN, nullableUnknown), (className, UNKNOWN, nullableUnknown), (valuePath, UNKNOWN, nullableUnknown), (operator, UNKNOWN, nullableUnknown), (expectedValue, UNKNOWN, nullableUnknown), (expectedValueType, UNKNOWN, nullableUnknown), (scopedContentCondition, UNKNOWN, nullableUnknown), (id, UNKNOWN, nullableUnknown), (timeStamp, UNKNOWN, nullableUnknown)], keys=[], _rowList.size()=1]) - start
147940 [main] DEBUG org.dbunit.dataset.DefaultTable  - getValue(row=0, column=key) - start
147940 [main] DEBUG org.dbunit.dataset.AbstractTable  - assertValidRowIndex(row=0) - start
147940 [main] DEBUG org.dbunit.dataset.AbstractTable  - assertValidRowIndex(row=0, rowCount=1) - start
147940 [main] DEBUG org.dbunit.dataset.AbstractTable  - getColumnIndex(columnName=key) - start
147940 [main] DEBUG org.dbunit.dataset.AbstractTableMetaData  - getColumnIndex(columnName=key) - start
147940 [main] DEBUG org.dbunit.operation.AbstractOperation  - getOperationMetaData(connection=_databaseConfig=org.dbunit.database.DatabaseConfig[, _propertyMap={http://www.dbunit.org/properties/statementFactory=org.dbunit.database.statement.PreparedStatementFactory@626bc2b8, http://www.dbunit.org/features/caseSensitiveTableNames=false, http://www.dbunit.org/properties/fetchSize=100, http://www.dbunit.org/features/batchedStatements=false, http://www.dbunit.org/properties/metadataHandler=org.dbunit.database.DefaultMetadataHandler@3bbfdfde, http://www.dbunit.org/properties/datatypeFactory=org.dbunit.dataset.datatype.DefaultDataTypeFactory[_toleratedDeltaMap=org.dbunit.dataset.datatype.ToleratedDeltaMap@6452310a], http://www.dbunit.org/properties/escapePattern=null, http://www.dbunit.org/properties/batchSize=100, http://www.dbunit.org/features/qualifiedTableNames=false, http://www.dbunit.org/properties/tableType=[Ljava.lang.String;@5011bafa, http://www.dbunit.org/properties/resultSetTableFactory=org.dbunit.database.CachedResultSetTableFactory@10bcf083, http://www.dbunit.org/features/datatypeWarning=true}], _dataSet=AbstractDataSet[_orderedTableNameMap=null], metaData=tableName=ScopedContentConditionAttribute, columns=[(key, UNKNOWN, nullableUnknown), (checkOrder, UNKNOWN, nullableUnknown), (className, UNKNOWN, nullableUnknown), (valuePath, UNKNOWN, nullableUnknown), (operator, UNKNOWN, nullableUnknown), (expectedValue, UNKNOWN, nullableUnknown), (expectedValueType, UNKNOWN, nullableUnknown), (scopedContentCondition, UNKNOWN, nullableUnknown), (id, UNKNOWN, nullableUnknown), (timeStamp, UNKNOWN, nullableUnknown)], keys=[]) - start
147940 [main] DEBUG org.dbunit.database.AbstractDatabaseConnection  - createDataSet() - start
147940 [main] DEBUG org.dbunit.database.DatabaseDataSet  - getTableMetaData(tableName=ScopedContentConditionAttribute) - start
147940 [main] DEBUG org.dbunit.database.DatabaseDataSet  - initialize() - start
147940 [main] DEBUG org.dbunit.dataset.OrderedTableNameMap  - getTableName(tableName=ScopedContentConditionAttribute) - start
147940 [main] DEBUG org.dbunit.dataset.OrderedTableNameMap  - getTableName(tableName=ScopedContentConditionAttribute) - end - result=SCOPEDCONTENTCONDITIONATTRIBUTE
147940 [main] DEBUG org.dbunit.dataset.OrderedTableNameMap  - getTableName(tableName=ScopedContentConditionAttribute) - start
147940 [main] DEBUG org.dbunit.dataset.OrderedTableNameMap  - getTableName(tableName=ScopedContentConditionAttribute) - end - result=SCOPEDCONTENTCONDITIONATTRIBUTE
147940 [main] DEBUG org.dbunit.dataset.AbstractTableMetaData  - getColumnIndex(columnName=key) - start
147940 [main] DEBUG org.dbunit.database.DatabaseTableMetaData  - getColumns() - start
147941 [main] DEBUG org.dbunit.dataset.AbstractTableMetaData  - getColumnIndex(columnName=checkOrder) - start
147941 [main] DEBUG org.dbunit.database.DatabaseTableMetaData  - getColumns() - start
147941 [main] DEBUG org.dbunit.dataset.AbstractTableMetaData  - getColumnIndex(columnName=className) - start
147941 [main] DEBUG org.dbunit.database.DatabaseTableMetaData  - getColumns() - start
147941 [main] DEBUG org.dbunit.dataset.AbstractTableMetaData  - getColumnIndex(columnName=valuePath) - start
147941 [main] DEBUG org.dbunit.database.DatabaseTableMetaData  - getColumns() - start
147941 [main] DEBUG org.dbunit.dataset.AbstractTableMetaData  - getColumnIndex(columnName=operator) - start
147941 [main] DEBUG org.dbunit.database.DatabaseTableMetaData  - getColumns() - start
147941 [main] DEBUG org.dbunit.dataset.AbstractTableMetaData  - getColumnIndex(columnName=expectedValue) - start
147941 [main] DEBUG org.dbunit.database.DatabaseTableMetaData  - getColumns() - start
147941 [main] DEBUG org.dbunit.dataset.AbstractTableMetaData  - getColumnIndex(columnName=expectedValueType) - start
147941 [main] DEBUG org.dbunit.database.DatabaseTableMetaData  - getColumns() - start
147941 [main] DEBUG org.dbunit.dataset.AbstractTableMetaData  - getColumnIndex(columnName=scopedContentCondition) - start
147941 [main] DEBUG org.dbunit.database.DatabaseTableMetaData  - getColumns() - start
147941 [main] DEBUG org.dbunit.dataset.AbstractTableMetaData  - getColumnIndex(columnName=id) - start
147941 [main] DEBUG org.dbunit.database.DatabaseTableMetaData  - getColumns() - start
147941 [main] DEBUG org.dbunit.dataset.AbstractTableMetaData  - getColumnIndex(columnName=timeStamp) - start
147941 [main] DEBUG org.dbunit.database.DatabaseTableMetaData  - getColumns() - start
147941 [main] DEBUG org.dbunit.database.DatabaseTableMetaData  - getPrimaryKeys() - start
147941 [main] TRACE org.dbunit.database.DatabaseConfig  - getProperty(name=http://www.dbunit.org/properties/primaryKeyFilter) - start
147941 [main] DEBUG org.dbunit.operation.InsertOperation  - getIgnoreMapping(table=org.dbunit.dataset.DefaultTable[_metaData=tableName=ScopedContentConditionAttribute, columns=[(key, UNKNOWN, nullableUnknown), (checkOrder, UNKNOWN, nullableUnknown), (className, UNKNOWN, nullableUnknown), (valuePath, UNKNOWN, nullableUnknown), (operator, UNKNOWN, nullableUnknown), (expectedValue, UNKNOWN, nullableUnknown), (expectedValueType, UNKNOWN, nullableUnknown), (scopedContentCondition, UNKNOWN, nullableUnknown), (id, UNKNOWN, nullableUnknown), (timeStamp, UNKNOWN, nullableUnknown)], keys=[], _rowList.size()=1], row=0) - start
147941 [main] DEBUG org.dbunit.dataset.DefaultTable  - getValue(row=0, column=key) - start
147941 [main] DEBUG org.dbunit.dataset.AbstractTable  - assertValidRowIndex(row=0) - start
147941 [main] DEBUG org.dbunit.dataset.AbstractTable  - assertValidRowIndex(row=0, rowCount=1) - start
147941 [main] DEBUG org.dbunit.dataset.AbstractTable  - getColumnIndex(columnName=key) - start
147941 [main] DEBUG org.dbunit.dataset.AbstractTableMetaData  - getColumnIndex(columnName=key) - start
147941 [main] DEBUG org.dbunit.dataset.DefaultTable  - getValue(row=0, column=checkOrder) - start
147941 [main] DEBUG org.dbunit.dataset.AbstractTable  - assertValidRowIndex(row=0) - start
147942 [main] DEBUG org.dbunit.dataset.AbstractTable  - assertValidRowIndex(row=0, rowCount=1) - start
147942 [main] DEBUG org.dbunit.dataset.AbstractTable  - getColumnIndex(columnName=checkOrder) - start
147942 [main] DEBUG org.dbunit.dataset.AbstractTableMetaData  - getColumnIndex(columnName=checkOrder) - start
147942 [main] DEBUG org.dbunit.dataset.DefaultTable  - getValue(row=0, column=className) - start
147942 [main] DEBUG org.dbunit.dataset.AbstractTable  - assertValidRowIndex(row=0) - start
147942 [main] DEBUG org.dbunit.dataset.AbstractTable  - assertValidRowIndex(row=0, rowCount=1) - start
147942 [main] DEBUG org.dbunit.dataset.AbstractTable  - getColumnIndex(columnName=className) - start
147942 [main] DEBUG org.dbunit.dataset.AbstractTableMetaData  - getColumnIndex(columnName=className) - start
147942 [main] DEBUG org.dbunit.dataset.DefaultTable  - getValue(row=0, column=valuePath) - start
147942 [main] DEBUG org.dbunit.dataset.AbstractTable  - assertValidRowIndex(row=0) - start
147942 [main] DEBUG org.dbunit.dataset.AbstractTable  - assertValidRowIndex(row=0, rowCount=1) - start
147942 [main] DEBUG org.dbunit.dataset.AbstractTable  - getColumnIndex(columnName=valuePath) - start
147942 [main] DEBUG org.dbunit.dataset.AbstractTableMetaData  - getColumnIndex(columnName=valuePath) - start
147942 [main] DEBUG org.dbunit.dataset.DefaultTable  - getValue(row=0, column=operator) - start
147942 [main] DEBUG org.dbunit.dataset.AbstractTable  - assertValidRowIndex(row=0) - start
147942 [main] DEBUG org.dbunit.dataset.AbstractTable  - assertValidRowIndex(row=0, rowCount=1) - start
147942 [main] DEBUG org.dbunit.dataset.AbstractTable  - getColumnIndex(columnName=operator) - start
147942 [main] DEBUG org.dbunit.dataset.AbstractTableMetaData  - getColumnIndex(columnName=operator) - start
147942 [main] DEBUG org.dbunit.dataset.DefaultTable  - getValue(row=0, column=expectedValue) - start
147942 [main] DEBUG org.dbunit.dataset.AbstractTable  - assertValidRowIndex(row=0) - start
147942 [main] DEBUG org.dbunit.dataset.AbstractTable  - assertValidRowIndex(row=0, rowCount=1) - start
147942 [main] DEBUG org.dbunit.dataset.AbstractTable  - getColumnIndex(columnName=expectedValue) - start
147942 [main] DEBUG org.dbunit.dataset.AbstractTableMetaData  - getColumnIndex(columnName=expectedValue) - start
147942 [main] DEBUG org.dbunit.dataset.DefaultTable  - getValue(row=0, column=expectedValueType) - start
147942 [main] DEBUG org.dbunit.dataset.AbstractTable  - assertValidRowIndex(row=0) - start
147942 [main] DEBUG org.dbunit.dataset.AbstractTable  - assertValidRowIndex(row=0, rowCount=1) - start
147942 [main] DEBUG org.dbunit.dataset.AbstractTable  - getColumnIndex(columnName=expectedValueType) - start
147942 [main] DEBUG org.dbunit.dataset.AbstractTableMetaData  - getColumnIndex(columnName=expectedValueType) - start
147942 [main] DEBUG org.dbunit.dataset.DefaultTable  - getValue(row=0, column=scopedContentCondition) - start
147942 [main] DEBUG org.dbunit.dataset.AbstractTable  - assertValidRowIndex(row=0) - start
147943 [main] DEBUG org.dbunit.dataset.AbstractTable  - assertValidRowIndex(row=0, rowCount=1) - start
147943 [main] DEBUG org.dbunit.dataset.AbstractTable  - getColumnIndex(columnName=scopedContentCondition) - start
147943 [main] DEBUG org.dbunit.dataset.AbstractTableMetaData  - getColumnIndex(columnName=scopedContentCondition) - start
147943 [main] DEBUG org.dbunit.dataset.DefaultTable  - getValue(row=0, column=id) - start
147943 [main] DEBUG org.dbunit.dataset.AbstractTable  - assertValidRowIndex(row=0) - start
147943 [main] DEBUG org.dbunit.dataset.AbstractTable  - assertValidRowIndex(row=0, rowCount=1) - start
147943 [main] DEBUG org.dbunit.dataset.AbstractTable  - getColumnIndex(columnName=id) - start
147943 [main] DEBUG org.dbunit.dataset.AbstractTableMetaData  - getColumnIndex(columnName=id) - start
147943 [main] DEBUG org.dbunit.dataset.DefaultTable  - getValue(row=0, column=timeStamp) - start
147943 [main] DEBUG org.dbunit.dataset.AbstractTable  - assertValidRowIndex(row=0) - start
147943 [main] DEBUG org.dbunit.dataset.AbstractTable  - assertValidRowIndex(row=0, rowCount=1) - start
147943 [main] DEBUG org.dbunit.dataset.AbstractTable  - getColumnIndex(columnName=timeStamp) - start
147943 [main] DEBUG org.dbunit.dataset.AbstractTableMetaData  - getColumnIndex(columnName=timeStamp) - start
147943 [main] DEBUG org.dbunit.operation.InsertOperation  - getOperationData(metaData=tableName=SCOPEDCONTENTCONDITIONATTRIBUTE, columns=[(KEY, VARCHAR, noNulls), (CHECKORDER, INTEGER, noNulls), (CLASSNAME, VARCHAR, noNulls), (VALUEPATH, VARCHAR, noNulls), (OPERATOR, VARCHAR, noNulls), (EXPECTEDVALUE, VARCHAR, noNulls), (EXPECTEDVALUETYPE, VARCHAR, noNulls), (SCOPEDCONTENTCONDITION, INTEGER, noNulls), (ID, INTEGER, noNulls), (TIMESTAMP, TIMESTAMP, nullable)], keys=[(ID, INTEGER, noNulls)], ignoreMapping={}, connection=_databaseConfig=org.dbunit.database.DatabaseConfig[, _propertyMap={http://www.dbunit.org/properties/statementFactory=org.dbunit.database.statement.PreparedStatementFactory@626bc2b8, http://www.dbunit.org/features/caseSensitiveTableNames=false, http://www.dbunit.org/properties/fetchSize=100, http://www.dbunit.org/features/batchedStatements=false, http://www.dbunit.org/properties/metadataHandler=org.dbunit.database.DefaultMetadataHandler@3bbfdfde, http://www.dbunit.org/properties/datatypeFactory=org.dbunit.dataset.datatype.DefaultDataTypeFactory[_toleratedDeltaMap=org.dbunit.dataset.datatype.ToleratedDeltaMap@6452310a], http://www.dbunit.org/properties/escapePattern=null, http://www.dbunit.org/properties/batchSize=100, http://www.dbunit.org/features/qualifiedTableNames=false, http://www.dbunit.org/properties/tableType=[Ljava.lang.String;@5011bafa, http://www.dbunit.org/properties/resultSetTableFactory=org.dbunit.database.CachedResultSetTableFactory@10bcf083, http://www.dbunit.org/features/datatypeWarning=true}], _dataSet=AbstractDataSet[_orderedTableNameMap=null]) - start
147943 [main] DEBUG org.dbunit.operation.AbstractOperation  - getQualifiedName(prefix=null, name=SCOPEDCONTENTCONDITIONATTRIBUTE, connection=_databaseConfig=org.dbunit.database.DatabaseConfig[, _propertyMap={http://www.dbunit.org/properties/statementFactory=org.dbunit.database.statement.PreparedStatementFactory@626bc2b8, http://www.dbunit.org/features/caseSensitiveTableNames=false, http://www.dbunit.org/properties/fetchSize=100, http://www.dbunit.org/features/batchedStatements=false, http://www.dbunit.org/properties/metadataHandler=org.dbunit.database.DefaultMetadataHandler@3bbfdfde, http://www.dbunit.org/properties/datatypeFactory=org.dbunit.dataset.datatype.DefaultDataTypeFactory[_toleratedDeltaMap=org.dbunit.dataset.datatype.ToleratedDeltaMap@6452310a], http://www.dbunit.org/properties/escapePattern=null, http://www.dbunit.org/properties/batchSize=100, http://www.dbunit.org/features/qualifiedTableNames=false, http://www.dbunit.org/properties/tableType=[Ljava.lang.String;@5011bafa, http://www.dbunit.org/properties/resultSetTableFactory=org.dbunit.database.CachedResultSetTableFactory@10bcf083, http://www.dbunit.org/features/datatypeWarning=true}], _dataSet=AbstractDataSet[_orderedTableNameMap=null]) - start
147943 [main] TRACE org.dbunit.database.DatabaseConfig  - getProperty(name=http://www.dbunit.org/properties/escapePattern) - start
147943 [main] DEBUG org.dbunit.util.QualifiedTableName  - getQualifiedName() - start
147943 [main] DEBUG org.dbunit.util.QualifiedTableName  - getQualifiedName(prefix=null, name=SCOPEDCONTENTCONDITIONATTRIBUTE, escapePattern=null) - start
147943 [main] DEBUG org.dbunit.operation.AbstractOperation  - getQualifiedName(prefix=null, name=KEY, connection=_databaseConfig=org.dbunit.database.DatabaseConfig[, _propertyMap={http://www.dbunit.org/properties/statementFactory=org.dbunit.database.statement.PreparedStatementFactory@626bc2b8, http://www.dbunit.org/features/caseSensitiveTableNames=false, http://www.dbunit.org/properties/fetchSize=100, http://www.dbunit.org/features/batchedStatements=false, http://www.dbunit.org/properties/metadataHandler=org.dbunit.database.DefaultMetadataHandler@3bbfdfde, http://www.dbunit.org/properties/datatypeFactory=org.dbunit.dataset.datatype.DefaultDataTypeFactory[_toleratedDeltaMap=org.dbunit.dataset.datatype.ToleratedDeltaMap@6452310a], http://www.dbunit.org/properties/escapePattern=null, http://www.dbunit.org/properties/batchSize=100, http://www.dbunit.org/features/qualifiedTableNames=false, http://www.dbunit.org/properties/tableType=[Ljava.lang.String;@5011bafa, http://www.dbunit.org/properties/resultSetTableFactory=org.dbunit.database.CachedResultSetTableFactory@10bcf083, http://www.dbunit.org/features/datatypeWarning=true}], _dataSet=AbstractDataSet[_orderedTableNameMap=null]) - start
147943 [main] TRACE org.dbunit.database.DatabaseConfig  - getProperty(name=http://www.dbunit.org/properties/escapePattern) - start
147943 [main] DEBUG org.dbunit.util.QualifiedTableName  - getQualifiedName() - start
147944 [main] DEBUG org.dbunit.util.QualifiedTableName  - getQualifiedName(prefix=null, name=KEY, escapePattern=null) - start
147944 [main] DEBUG org.dbunit.operation.AbstractOperation  - getQualifiedName(prefix=null, name=CHECKORDER, connection=_databaseConfig=org.dbunit.database.DatabaseConfig[, _propertyMap={http://www.dbunit.org/properties/statementFactory=org.dbunit.database.statement.PreparedStatementFactory@626bc2b8, http://www.dbunit.org/features/caseSensitiveTableNames=false, http://www.dbunit.org/properties/fetchSize=100, http://www.dbunit.org/features/batchedStatements=false, http://www.dbunit.org/properties/metadataHandler=org.dbunit.database.DefaultMetadataHandler@3bbfdfde, http://www.dbunit.org/properties/datatypeFactory=org.dbunit.dataset.datatype.DefaultDataTypeFactory[_toleratedDeltaMap=org.dbunit.dataset.datatype.ToleratedDeltaMap@6452310a], http://www.dbunit.org/properties/escapePattern=null, http://www.dbunit.org/properties/batchSize=100, http://www.dbunit.org/features/qualifiedTableNames=false, http://www.dbunit.org/properties/tableType=[Ljava.lang.String;@5011bafa, http://www.dbunit.org/properties/resultSetTableFactory=org.dbunit.database.CachedResultSetTableFactory@10bcf083, http://www.dbunit.org/features/datatypeWarning=true}], _dataSet=AbstractDataSet[_orderedTableNameMap=null]) - start
147944 [main] TRACE org.dbunit.database.DatabaseConfig  - getProperty(name=http://www.dbunit.org/properties/escapePattern) - start
147944 [main] DEBUG org.dbunit.util.QualifiedTableName  - getQualifiedName() - start
147944 [main] DEBUG org.dbunit.util.QualifiedTableName  - getQualifiedName(prefix=null, name=CHECKORDER, escapePattern=null) - start
147944 [main] DEBUG org.dbunit.operation.AbstractOperation  - getQualifiedName(prefix=null, name=CLASSNAME, connection=_databaseConfig=org.dbunit.database.DatabaseConfig[, _propertyMap={http://www.dbunit.org/properties/statementFactory=org.dbunit.database.statement.PreparedStatementFactory@626bc2b8, http://www.dbunit.org/features/caseSensitiveTableNames=false, http://www.dbunit.org/properties/fetchSize=100, http://www.dbunit.org/features/batchedStatements=false, http://www.dbunit.org/properties/metadataHandler=org.dbunit.database.DefaultMetadataHandler@3bbfdfde, http://www.dbunit.org/properties/datatypeFactory=org.dbunit.dataset.datatype.DefaultDataTypeFactory[_toleratedDeltaMap=org.dbunit.dataset.datatype.ToleratedDeltaMap@6452310a], http://www.dbunit.org/properties/escapePattern=null, http://www.dbunit.org/properties/batchSize=100, http://www.dbunit.org/features/qualifiedTableNames=false, http://www.dbunit.org/properties/tableType=[Ljava.lang.String;@5011bafa, http://www.dbunit.org/properties/resultSetTableFactory=org.dbunit.database.CachedResultSetTableFactory@10bcf083, http://www.dbunit.org/features/datatypeWarning=true}], _dataSet=AbstractDataSet[_orderedTableNameMap=null]) - start
147944 [main] TRACE org.dbunit.database.DatabaseConfig  - getProperty(name=http://www.dbunit.org/properties/escapePattern) - start
147944 [main] DEBUG org.dbunit.util.QualifiedTableName  - getQualifiedName() - start
147944 [main] DEBUG org.dbunit.util.QualifiedTableName  - getQualifiedName(prefix=null, name=CLASSNAME, escapePattern=null) - start
147944 [main] DEBUG org.dbunit.operation.AbstractOperation  - getQualifiedName(prefix=null, name=VALUEPATH, connection=_databaseConfig=org.dbunit.database.DatabaseConfig[, _propertyMap={http://www.dbunit.org/properties/statementFactory=org.dbunit.database.statement.PreparedStatementFactory@626bc2b8, http://www.dbunit.org/features/caseSensitiveTableNames=false, http://www.dbunit.org/properties/fetchSize=100, http://www.dbunit.org/features/batchedStatements=false, http://www.dbunit.org/properties/metadataHandler=org.dbunit.database.DefaultMetadataHandler@3bbfdfde, http://www.dbunit.org/properties/datatypeFactory=org.dbunit.dataset.datatype.DefaultDataTypeFactory[_toleratedDeltaMap=org.dbunit.dataset.datatype.ToleratedDeltaMap@6452310a], http://www.dbunit.org/properties/escapePattern=null, http://www.dbunit.org/properties/batchSize=100, http://www.dbunit.org/features/qualifiedTableNames=false, http://www.dbunit.org/properties/tableType=[Ljava.lang.String;@5011bafa, http://www.dbunit.org/properties/resultSetTableFactory=org.dbunit.database.CachedResultSetTableFactory@10bcf083, http://www.dbunit.org/features/datatypeWarning=true}], _dataSet=AbstractDataSet[_orderedTableNameMap=null]) - start
147944 [main] TRACE org.dbunit.database.DatabaseConfig  - getProperty(name=http://www.dbunit.org/properties/escapePattern) - start
147944 [main] DEBUG org.dbunit.util.QualifiedTableName  - getQualifiedName() - start
147944 [main] DEBUG org.dbunit.util.QualifiedTableName  - getQualifiedName(prefix=null, name=VALUEPATH, escapePattern=null) - start
147944 [main] DEBUG org.dbunit.operation.AbstractOperation  - getQualifiedName(prefix=null, name=OPERATOR, connection=_databaseConfig=org.dbunit.database.DatabaseConfig[, _propertyMap={http://www.dbunit.org/properties/statementFactory=org.dbunit.database.statement.PreparedStatementFactory@626bc2b8, http://www.dbunit.org/features/caseSensitiveTableNames=false, http://www.dbunit.org/properties/fetchSize=100, http://www.dbunit.org/features/batchedStatements=false, http://www.dbunit.org/properties/metadataHandler=org.dbunit.database.DefaultMetadataHandler@3bbfdfde, http://www.dbunit.org/properties/datatypeFactory=org.dbunit.dataset.datatype.DefaultDataTypeFactory[_toleratedDeltaMap=org.dbunit.dataset.datatype.ToleratedDeltaMap@6452310a], http://www.dbunit.org/properties/escapePattern=null, http://www.dbunit.org/properties/batchSize=100, http://www.dbunit.org/features/qualifiedTableNames=false, http://www.dbunit.org/properties/tableType=[Ljava.lang.String;@5011bafa, http://www.dbunit.org/properties/resultSetTableFactory=org.dbunit.database.CachedResultSetTableFactory@10bcf083, http://www.dbunit.org/features/datatypeWarning=true}], _dataSet=AbstractDataSet[_orderedTableNameMap=null]) - start
147944 [main] TRACE org.dbunit.database.DatabaseConfig  - getProperty(name=http://www.dbunit.org/properties/escapePattern) - start
147944 [main] DEBUG org.dbunit.util.QualifiedTableName  - getQualifiedName() - start
147944 [main] DEBUG org.dbunit.util.QualifiedTableName  - getQualifiedName(prefix=null, name=OPERATOR, escapePattern=null) - start
147944 [main] DEBUG org.dbunit.operation.AbstractOperation  - getQualifiedName(prefix=null, name=EXPECTEDVALUE, connection=_databaseConfig=org.dbunit.database.DatabaseConfig[, _propertyMap={http://www.dbunit.org/properties/statementFactory=org.dbunit.database.statement.PreparedStatementFactory@626bc2b8, http://www.dbunit.org/features/caseSensitiveTableNames=false, http://www.dbunit.org/properties/fetchSize=100, http://www.dbunit.org/features/batchedStatements=false, http://www.dbunit.org/properties/metadataHandler=org.dbunit.database.DefaultMetadataHandler@3bbfdfde, http://www.dbunit.org/properties/datatypeFactory=org.dbunit.dataset.datatype.DefaultDataTypeFactory[_toleratedDeltaMap=org.dbunit.dataset.datatype.ToleratedDeltaMap@6452310a], http://www.dbunit.org/properties/escapePattern=null, http://www.dbunit.org/properties/batchSize=100, http://www.dbunit.org/features/qualifiedTableNames=false, http://www.dbunit.org/properties/tableType=[Ljava.lang.String;@5011bafa, http://www.dbunit.org/properties/resultSetTableFactory=org.dbunit.database.CachedResultSetTableFactory@10bcf083, http://www.dbunit.org/features/datatypeWarning=true}], _dataSet=AbstractDataSet[_orderedTableNameMap=null]) - start
147944 [main] TRACE org.dbunit.database.DatabaseConfig  - getProperty(name=http://www.dbunit.org/properties/escapePattern) - start
147944 [main] DEBUG org.dbunit.util.QualifiedTableName  - getQualifiedName() - start
147944 [main] DEBUG org.dbunit.util.QualifiedTableName  - getQualifiedName(prefix=null, name=EXPECTEDVALUE, escapePattern=null) - start
147945 [main] DEBUG org.dbunit.operation.AbstractOperation  - getQualifiedName(prefix=null, name=EXPECTEDVALUETYPE, connection=_databaseConfig=org.dbunit.database.DatabaseConfig[, _propertyMap={http://www.dbunit.org/properties/statementFactory=org.dbunit.database.statement.PreparedStatementFactory@626bc2b8, http://www.dbunit.org/features/caseSensitiveTableNames=false, http://www.dbunit.org/properties/fetchSize=100, http://www.dbunit.org/features/batchedStatements=false, http://www.dbunit.org/properties/metadataHandler=org.dbunit.database.DefaultMetadataHandler@3bbfdfde, http://www.dbunit.org/properties/datatypeFactory=org.dbunit.dataset.datatype.DefaultDataTypeFactory[_toleratedDeltaMap=org.dbunit.dataset.datatype.ToleratedDeltaMap@6452310a], http://www.dbunit.org/properties/escapePattern=null, http://www.dbunit.org/properties/batchSize=100, http://www.dbunit.org/features/qualifiedTableNames=false, http://www.dbunit.org/properties/tableType=[Ljava.lang.String;@5011bafa, http://www.dbunit.org/properties/resultSetTableFactory=org.dbunit.database.CachedResultSetTableFactory@10bcf083, http://www.dbunit.org/features/datatypeWarning=true}], _dataSet=AbstractDataSet[_orderedTableNameMap=null]) - start
147945 [main] TRACE org.dbunit.database.DatabaseConfig  - getProperty(name=http://www.dbunit.org/properties/escapePattern) - start
147945 [main] DEBUG org.dbunit.util.QualifiedTableName  - getQualifiedName() - start
147945 [main] DEBUG org.dbunit.util.QualifiedTableName  - getQualifiedName(prefix=null, name=EXPECTEDVALUETYPE, escapePattern=null) - start
147945 [main] DEBUG org.dbunit.operation.AbstractOperation  - getQualifiedName(prefix=null, name=SCOPEDCONTENTCONDITION, connection=_databaseConfig=org.dbunit.database.DatabaseConfig[, _propertyMap={http://www.dbunit.org/properties/statementFactory=org.dbunit.database.statement.PreparedStatementFactory@626bc2b8, http://www.dbunit.org/features/caseSensitiveTableNames=false, http://www.dbunit.org/properties/fetchSize=100, http://www.dbunit.org/features/batchedStatements=false, http://www.dbunit.org/properties/metadataHandler=org.dbunit.database.DefaultMetadataHandler@3bbfdfde, http://www.dbunit.org/properties/datatypeFactory=org.dbunit.dataset.datatype.DefaultDataTypeFactory[_toleratedDeltaMap=org.dbunit.dataset.datatype.ToleratedDeltaMap@6452310a], http://www.dbunit.org/properties/escapePattern=null, http://www.dbunit.org/properties/batchSize=100, http://www.dbunit.org/features/qualifiedTableNames=false, http://www.dbunit.org/properties/tableType=[Ljava.lang.String;@5011bafa, http://www.dbunit.org/properties/resultSetTableFactory=org.dbunit.database.CachedResultSetTableFactory@10bcf083, http://www.dbunit.org/features/datatypeWarning=true}], _dataSet=AbstractDataSet[_orderedTableNameMap=null]) - start
147945 [main] TRACE org.dbunit.database.DatabaseConfig  - getProperty(name=http://www.dbunit.org/properties/escapePattern) - start
147945 [main] DEBUG org.dbunit.util.QualifiedTableName  - getQualifiedName() - start
147945 [main] DEBUG org.dbunit.util.QualifiedTableName  - getQualifiedName(prefix=null, name=SCOPEDCONTENTCONDITION, escapePattern=null) - start
147945 [main] DEBUG org.dbunit.operation.AbstractOperation  - getQualifiedName(prefix=null, name=ID, connection=_databaseConfig=org.dbunit.database.DatabaseConfig[, _propertyMap={http://www.dbunit.org/properties/statementFactory=org.dbunit.database.statement.PreparedStatementFactory@626bc2b8, http://www.dbunit.org/features/caseSensitiveTableNames=false, http://www.dbunit.org/properties/fetchSize=100, http://www.dbunit.org/features/batchedStatements=false, http://www.dbunit.org/properties/metadataHandler=org.dbunit.database.DefaultMetadataHandler@3bbfdfde, http://www.dbunit.org/properties/datatypeFactory=org.dbunit.dataset.datatype.DefaultDataTypeFactory[_toleratedDeltaMap=org.dbunit.dataset.datatype.ToleratedDeltaMap@6452310a], http://www.dbunit.org/properties/escapePattern=null, http://www.dbunit.org/properties/batchSize=100, http://www.dbunit.org/features/qualifiedTableNames=false, http://www.dbunit.org/properties/tableType=[Ljava.lang.String;@5011bafa, http://www.dbunit.org/properties/resultSetTableFactory=org.dbunit.database.CachedResultSetTableFactory@10bcf083, http://www.dbunit.org/features/datatypeWarning=true}], _dataSet=AbstractDataSet[_orderedTableNameMap=null]) - start
147945 [main] TRACE org.dbunit.database.DatabaseConfig  - getProperty(name=http://www.dbunit.org/properties/escapePattern) - start
147945 [main] DEBUG org.dbunit.util.QualifiedTableName  - getQualifiedName() - start
147945 [main] DEBUG org.dbunit.util.QualifiedTableName  - getQualifiedName(prefix=null, name=ID, escapePattern=null) - start
147945 [main] DEBUG org.dbunit.operation.AbstractOperation  - getQualifiedName(prefix=null, name=TIMESTAMP, connection=_databaseConfig=org.dbunit.database.DatabaseConfig[, _propertyMap={http://www.dbunit.org/properties/statementFactory=org.dbunit.database.statement.PreparedStatementFactory@626bc2b8, http://www.dbunit.org/features/caseSensitiveTableNames=false, http://www.dbunit.org/properties/fetchSize=100, http://www.dbunit.org/features/batchedStatements=false, http://www.dbunit.org/properties/metadataHandler=org.dbunit.database.DefaultMetadataHandler@3bbfdfde, http://www.dbunit.org/properties/datatypeFactory=org.dbunit.dataset.datatype.DefaultDataTypeFactory[_toleratedDeltaMap=org.dbunit.dataset.datatype.ToleratedDeltaMap@6452310a], http://www.dbunit.org/properties/escapePattern=null, http://www.dbunit.org/properties/batchSize=100, http://www.dbunit.org/features/qualifiedTableNames=false, http://www.dbunit.org/properties/tableType=[Ljava.lang.String;@5011bafa, http://www.dbunit.org/properties/resultSetTableFactory=org.dbunit.database.CachedResultSetTableFactory@10bcf083, http://www.dbunit.org/features/datatypeWarning=true}], _dataSet=AbstractDataSet[_orderedTableNameMap=null]) - start
147945 [main] TRACE org.dbunit.database.DatabaseConfig  - getProperty(name=http://www.dbunit.org/properties/escapePattern) - start
147945 [main] DEBUG org.dbunit.util.QualifiedTableName  - getQualifiedName() - start
147945 [main] DEBUG org.dbunit.util.QualifiedTableName  - getQualifiedName(prefix=null, name=TIMESTAMP, escapePattern=null) - start
147945 [main] DEBUG org.dbunit.database.statement.PreparedStatementFactory  - createPreparedBatchStatement(sql=insert into SCOPEDCONTENTCONDITIONATTRIBUTE (KEY, CHECKORDER, CLASSNAME, VALUEPATH, OPERATOR, EXPECTEDVALUE, EXPECTEDVALUETYPE, SCOPEDCONTENTCONDITION, ID, TIMESTAMP) values (?, ?, ?, ?, ?, ?, ?, ?, ?, ?), connection=_databaseConfig=org.dbunit.database.DatabaseConfig[, _propertyMap={http://www.dbunit.org/properties/statementFactory=org.dbunit.database.statement.PreparedStatementFactory@626bc2b8, http://www.dbunit.org/features/caseSensitiveTableNames=false, http://www.dbunit.org/properties/fetchSize=100, http://www.dbunit.org/features/batchedStatements=false, http://www.dbunit.org/properties/metadataHandler=org.dbunit.database.DefaultMetadataHandler@3bbfdfde, http://www.dbunit.org/properties/datatypeFactory=org.dbunit.dataset.datatype.DefaultDataTypeFactory[_toleratedDeltaMap=org.dbunit.dataset.datatype.ToleratedDeltaMap@6452310a], http://www.dbunit.org/properties/escapePattern=null, http://www.dbunit.org/properties/batchSize=100, http://www.dbunit.org/features/qualifiedTableNames=false, http://www.dbunit.org/properties/tableType=[Ljava.lang.String;@5011bafa, http://www.dbunit.org/properties/resultSetTableFactory=org.dbunit.database.CachedResultSetTableFactory@10bcf083, http://www.dbunit.org/features/datatypeWarning=true}], _dataSet=AbstractDataSet[_orderedTableNameMap=null]) - start
147945 [main] TRACE org.dbunit.database.DatabaseConfig  - getProperty(name=http://www.dbunit.org/properties/batchSize) - start
147945 [main] DEBUG org.dbunit.database.statement.AbstractStatementFactory  - supportBatchStatement(connection=_databaseConfig=org.dbunit.database.DatabaseConfig[, _propertyMap={http://www.dbunit.org/properties/statementFactory=org.dbunit.database.statement.PreparedStatementFactory@626bc2b8, http://www.dbunit.org/features/caseSensitiveTableNames=false, http://www.dbunit.org/properties/fetchSize=100, http://www.dbunit.org/features/batchedStatements=false, http://www.dbunit.org/properties/metadataHandler=org.dbunit.database.DefaultMetadataHandler@3bbfdfde, http://www.dbunit.org/properties/datatypeFactory=org.dbunit.dataset.datatype.DefaultDataTypeFactory[_toleratedDeltaMap=org.dbunit.dataset.datatype.ToleratedDeltaMap@6452310a], http://www.dbunit.org/properties/escapePattern=null, http://www.dbunit.org/properties/batchSize=100, http://www.dbunit.org/features/qualifiedTableNames=false, http://www.dbunit.org/properties/tableType=[Ljava.lang.String;@5011bafa, http://www.dbunit.org/properties/resultSetTableFactory=org.dbunit.database.CachedResultSetTableFactory@10bcf083, http://www.dbunit.org/features/datatypeWarning=true}], _dataSet=AbstractDataSet[_orderedTableNameMap=null]) - start
147946 [main] TRACE org.dbunit.database.DatabaseConfig  - getFeature(name=http://www.dbunit.org/features/batchedStatements) - start
147946 [main] TRACE org.dbunit.database.DatabaseConfig  - getProperty(name=http://www.dbunit.org/features/batchedStatements) - start
147946 [main] DEBUG org.dbunit.database.DatabaseDataSourceConnection  - getConnection() - start
147946 [main] DEBUG org.dbunit.dataset.DefaultTable  - getValue(row=0, column=KEY) - start
147946 [main] DEBUG org.dbunit.dataset.AbstractTable  - assertValidRowIndex(row=0) - start
147946 [main] DEBUG org.dbunit.dataset.AbstractTable  - assertValidRowIndex(row=0, rowCount=1) - start
147946 [main] DEBUG org.dbunit.dataset.AbstractTable  - getColumnIndex(columnName=KEY) - start
147946 [main] DEBUG org.dbunit.dataset.AbstractTableMetaData  - getColumnIndex(columnName=KEY) - start
147946 [main] DEBUG org.dbunit.database.statement.AutomaticPreparedBatchStatement  - addValue(value=2, dataType=VARCHAR) - start
147946 [main] DEBUG org.dbunit.database.statement.SimplePreparedStatement  - addValue(value=2, dataType=VARCHAR) - start
147946 [main] DEBUG org.dbunit.dataset.datatype.StringDataType  - setSqlValue(value=2, column=1, statement=org.hsqldb.jdbc.JDBCPreparedStatement@1da2eb14[sql=[insert into SCOPEDCONTENTCONDITIONATTRIBUTE (KEY, CHECKORDER, CLASSNAME, VALUEPATH, OPERATOR, EXPECTEDVALUE, EXPECTEDVALUETYPE, SCOPEDCONTENTCONDITION, ID, TIMESTAMP) values (?, ?, ?, ?, ?, ?, ?, ?, ?, ?)], parameters=[[null], [null], [null], [null], [null], [null], [null], [null], [null], [null]]]) - start
147946 [main] DEBUG org.dbunit.dataset.datatype.DataType  - asString(value=2) - start
147946 [main] DEBUG org.dbunit.dataset.datatype.StringDataType  - typeCast(value=2) - start
147946 [main] DEBUG org.dbunit.dataset.DefaultTable  - getValue(row=0, column=CHECKORDER) - start
147946 [main] DEBUG org.dbunit.dataset.AbstractTable  - assertValidRowIndex(row=0) - start
147946 [main] DEBUG org.dbunit.dataset.AbstractTable  - assertValidRowIndex(row=0, rowCount=1) - start
147946 [main] DEBUG org.dbunit.dataset.AbstractTable  - getColumnIndex(columnName=CHECKORDER) - start
147946 [main] DEBUG org.dbunit.dataset.AbstractTableMetaData  - getColumnIndex(columnName=CHECKORDER) - start
147947 [main] DEBUG org.dbunit.database.statement.AutomaticPreparedBatchStatement  - addValue(value=0, dataType=INTEGER) - start
147947 [main] DEBUG org.dbunit.database.statement.SimplePreparedStatement  - addValue(value=0, dataType=INTEGER) - start
147947 [main] DEBUG org.dbunit.dataset.datatype.IntegerDataType  - setSqlValue(value=0, column=2, statement=org.hsqldb.jdbc.JDBCPreparedStatement@1da2eb14[sql=[insert into SCOPEDCONTENTCONDITIONATTRIBUTE (KEY, CHECKORDER, CLASSNAME, VALUEPATH, OPERATOR, EXPECTEDVALUE, EXPECTEDVALUETYPE, SCOPEDCONTENTCONDITION, ID, TIMESTAMP) values (?, ?, ?, ?, ?, ?, ?, ?, ?, ?)], parameters=[[2], [null], [null], [null], [null], [null], [null], [null], [null], [null]]]) - start
147947 [main] DEBUG org.dbunit.dataset.datatype.IntegerDataType  - typeCast(value=0) - start
147947 [main] DEBUG org.dbunit.dataset.DefaultTable  - getValue(row=0, column=CLASSNAME) - start
147947 [main] DEBUG org.dbunit.dataset.AbstractTable  - assertValidRowIndex(row=0) - start
147947 [main] DEBUG org.dbunit.dataset.AbstractTable  - assertValidRowIndex(row=0, rowCount=1) - start
147947 [main] DEBUG org.dbunit.dataset.AbstractTable  - getColumnIndex(columnName=CLASSNAME) - start
147947 [main] DEBUG org.dbunit.dataset.AbstractTableMetaData  - getColumnIndex(columnName=CLASSNAME) - start
147947 [main] DEBUG org.dbunit.database.statement.AutomaticPreparedBatchStatement  - addValue(value=3, dataType=VARCHAR) - start
147947 [main] DEBUG org.dbunit.database.statement.SimplePreparedStatement  - addValue(value=3, dataType=VARCHAR) - start
147947 [main] DEBUG org.dbunit.dataset.datatype.StringDataType  - setSqlValue(value=3, column=3, statement=org.hsqldb.jdbc.JDBCPreparedStatement@1da2eb14[sql=[insert into SCOPEDCONTENTCONDITIONATTRIBUTE (KEY, CHECKORDER, CLASSNAME, VALUEPATH, OPERATOR, EXPECTEDVALUE, EXPECTEDVALUETYPE, SCOPEDCONTENTCONDITION, ID, TIMESTAMP) values (?, ?, ?, ?, ?, ?, ?, ?, ?, ?)], parameters=[[2], [0], [null], [null], [null], [null], [null], [null], [null], [null]]]) - start
147947 [main] DEBUG org.dbunit.dataset.datatype.DataType  - asString(value=3) - start
147947 [main] DEBUG org.dbunit.dataset.datatype.StringDataType  - typeCast(value=3) - start
147947 [main] DEBUG org.dbunit.dataset.DefaultTable  - getValue(row=0, column=VALUEPATH) - start
147947 [main] DEBUG org.dbunit.dataset.AbstractTable  - assertValidRowIndex(row=0) - start
147947 [main] DEBUG org.dbunit.dataset.AbstractTable  - assertValidRowIndex(row=0, rowCount=1) - start
147947 [main] DEBUG org.dbunit.dataset.AbstractTable  - getColumnIndex(columnName=VALUEPATH) - start
147947 [main] DEBUG org.dbunit.dataset.AbstractTableMetaData  - getColumnIndex(columnName=VALUEPATH) - start
147947 [main] DEBUG org.dbunit.database.statement.AutomaticPreparedBatchStatement  - addValue(value=4, dataType=VARCHAR) - start
147947 [main] DEBUG org.dbunit.database.statement.SimplePreparedStatement  - addValue(value=4, dataType=VARCHAR) - start
147947 [main] DEBUG org.dbunit.dataset.datatype.StringDataType  - setSqlValue(value=4, column=4, statement=org.hsqldb.jdbc.JDBCPreparedStatement@1da2eb14[sql=[insert into SCOPEDCONTENTCONDITIONATTRIBUTE (KEY, CHECKORDER, CLASSNAME, VALUEPATH, OPERATOR, EXPECTEDVALUE, EXPECTEDVALUETYPE, SCOPEDCONTENTCONDITION, ID, TIMESTAMP) values (?, ?, ?, ?, ?, ?, ?, ?, ?, ?)], parameters=[[2], [0], [3], [null], [null], [null], [null], [null], [null], [null]]]) - start
147947 [main] DEBUG org.dbunit.dataset.datatype.DataType  - asString(value=4) - start
147947 [main] DEBUG org.dbunit.dataset.datatype.StringDataType  - typeCast(value=4) - start
147947 [main] DEBUG org.dbunit.dataset.DefaultTable  - getValue(row=0, column=OPERATOR) - start
147947 [main] DEBUG org.dbunit.dataset.AbstractTable  - assertValidRowIndex(row=0) - start
147947 [main] DEBUG org.dbunit.dataset.AbstractTable  - assertValidRowIndex(row=0, rowCount=1) - start
147948 [main] DEBUG org.dbunit.dataset.AbstractTable  - getColumnIndex(columnName=OPERATOR) - start
147948 [main] DEBUG org.dbunit.dataset.AbstractTableMetaData  - getColumnIndex(columnName=OPERATOR) - start
147948 [main] DEBUG org.dbunit.database.statement.AutomaticPreparedBatchStatement  - addValue(value=IsEqual, dataType=VARCHAR) - start
147948 [main] DEBUG org.dbunit.database.statement.SimplePreparedStatement  - addValue(value=IsEqual, dataType=VARCHAR) - start
147948 [main] DEBUG org.dbunit.dataset.datatype.StringDataType  - setSqlValue(value=IsEqual, column=5, statement=org.hsqldb.jdbc.JDBCPreparedStatement@1da2eb14[sql=[insert into SCOPEDCONTENTCONDITIONATTRIBUTE (KEY, CHECKORDER, CLASSNAME, VALUEPATH, OPERATOR, EXPECTEDVALUE, EXPECTEDVALUETYPE, SCOPEDCONTENTCONDITION, ID, TIMESTAMP) values (?, ?, ?, ?, ?, ?, ?, ?, ?, ?)], parameters=[[2], [0], [3], [4], [null], [null], [null], [null], [null], [null]]]) - start
147948 [main] DEBUG org.dbunit.dataset.datatype.DataType  - asString(value=IsEqual) - start
147948 [main] DEBUG org.dbunit.dataset.datatype.StringDataType  - typeCast(value=IsEqual) - start
147948 [main] WARN  org.dbunit.dataset.datatype.StringDataType  - Unknown/unsupported object type 'com.tmt.kontroll.content.persistence.selections.ReferenceOperator' - will invoke toString() as last fallback which might produce undesired results
147948 [main] DEBUG org.dbunit.dataset.DefaultTable  - getValue(row=0, column=EXPECTEDVALUE) - start
147948 [main] DEBUG org.dbunit.dataset.AbstractTable  - assertValidRowIndex(row=0) - start
147948 [main] DEBUG org.dbunit.dataset.AbstractTable  - assertValidRowIndex(row=0, rowCount=1) - start
147948 [main] DEBUG org.dbunit.dataset.AbstractTable  - getColumnIndex(columnName=EXPECTEDVALUE) - start
147948 [main] DEBUG org.dbunit.dataset.AbstractTableMetaData  - getColumnIndex(columnName=EXPECTEDVALUE) - start
147948 [main] DEBUG org.dbunit.database.statement.AutomaticPreparedBatchStatement  - addValue(value=5, dataType=VARCHAR) - start
147948 [main] DEBUG org.dbunit.database.statement.SimplePreparedStatement  - addValue(value=5, dataType=VARCHAR) - start
147948 [main] DEBUG org.dbunit.dataset.datatype.StringDataType  - setSqlValue(value=5, column=6, statement=org.hsqldb.jdbc.JDBCPreparedStatement@1da2eb14[sql=[insert into SCOPEDCONTENTCONDITIONATTRIBUTE (KEY, CHECKORDER, CLASSNAME, VALUEPATH, OPERATOR, EXPECTEDVALUE, EXPECTEDVALUETYPE, SCOPEDCONTENTCONDITION, ID, TIMESTAMP) values (?, ?, ?, ?, ?, ?, ?, ?, ?, ?)], parameters=[[2], [0], [3], [4], [IsEqual], [null], [null], [null], [null], [null]]]) - start
147948 [main] DEBUG org.dbunit.dataset.datatype.DataType  - asString(value=5) - start
147948 [main] DEBUG org.dbunit.dataset.datatype.StringDataType  - typeCast(value=5) - start
147948 [main] DEBUG org.dbunit.dataset.DefaultTable  - getValue(row=0, column=EXPECTEDVALUETYPE) - start
147948 [main] DEBUG org.dbunit.dataset.AbstractTable  - assertValidRowIndex(row=0) - start
147948 [main] DEBUG org.dbunit.dataset.AbstractTable  - assertValidRowIndex(row=0, rowCount=1) - start
147948 [main] DEBUG org.dbunit.dataset.AbstractTable  - getColumnIndex(columnName=EXPECTEDVALUETYPE) - start
147948 [main] DEBUG org.dbunit.dataset.AbstractTableMetaData  - getColumnIndex(columnName=EXPECTEDVALUETYPE) - start
147948 [main] DEBUG org.dbunit.database.statement.AutomaticPreparedBatchStatement  - addValue(value=6, dataType=VARCHAR) - start
147948 [main] DEBUG org.dbunit.database.statement.SimplePreparedStatement  - addValue(value=6, dataType=VARCHAR) - start
147948 [main] DEBUG org.dbunit.dataset.datatype.StringDataType  - setSqlValue(value=6, column=7, statement=org.hsqldb.jdbc.JDBCPreparedStatement@1da2eb14[sql=[insert into SCOPEDCONTENTCONDITIONATTRIBUTE (KEY, CHECKORDER, CLASSNAME, VALUEPATH, OPERATOR, EXPECTEDVALUE, EXPECTEDVALUETYPE, SCOPEDCONTENTCONDITION, ID, TIMESTAMP) values (?, ?, ?, ?, ?, ?, ?, ?, ?, ?)], parameters=[[2], [0], [3], [4], [IsEqual], [5], [null], [null], [null], [null]]]) - start
147948 [main] DEBUG org.dbunit.dataset.datatype.DataType  - asString(value=6) - start
147949 [main] DEBUG org.dbunit.dataset.datatype.StringDataType  - typeCast(value=6) - start
147949 [main] DEBUG org.dbunit.dataset.DefaultTable  - getValue(row=0, column=SCOPEDCONTENTCONDITION) - start
147949 [main] DEBUG org.dbunit.dataset.AbstractTable  - assertValidRowIndex(row=0) - start
147949 [main] DEBUG org.dbunit.dataset.AbstractTable  - assertValidRowIndex(row=0, rowCount=1) - start
147949 [main] DEBUG org.dbunit.dataset.AbstractTable  - getColumnIndex(columnName=SCOPEDCONTENTCONDITION) - start
147949 [main] DEBUG org.dbunit.dataset.AbstractTableMetaData  - getColumnIndex(columnName=SCOPEDCONTENTCONDITION) - start
147949 [main] DEBUG org.dbunit.database.statement.AutomaticPreparedBatchStatement  - addValue(value=1, dataType=INTEGER) - start
147949 [main] DEBUG org.dbunit.database.statement.SimplePreparedStatement  - addValue(value=1, dataType=INTEGER) - start
147949 [main] DEBUG org.dbunit.dataset.datatype.IntegerDataType  - setSqlValue(value=1, column=8, statement=org.hsqldb.jdbc.JDBCPreparedStatement@1da2eb14[sql=[insert into SCOPEDCONTENTCONDITIONATTRIBUTE (KEY, CHECKORDER, CLASSNAME, VALUEPATH, OPERATOR, EXPECTEDVALUE, EXPECTEDVALUETYPE, SCOPEDCONTENTCONDITION, ID, TIMESTAMP) values (?, ?, ?, ?, ?, ?, ?, ?, ?, ?)], parameters=[[2], [0], [3], [4], [IsEqual], [5], [6], [null], [null], [null]]]) - start
147949 [main] DEBUG org.dbunit.dataset.datatype.IntegerDataType  - typeCast(value=1) - start
147949 [main] DEBUG org.dbunit.dataset.DefaultTable  - getValue(row=0, column=ID) - start
147949 [main] DEBUG org.dbunit.dataset.AbstractTable  - assertValidRowIndex(row=0) - start
147949 [main] DEBUG org.dbunit.dataset.AbstractTable  - assertValidRowIndex(row=0, rowCount=1) - start
147949 [main] DEBUG org.dbunit.dataset.AbstractTable  - getColumnIndex(columnName=ID) - start
147949 [main] DEBUG org.dbunit.dataset.AbstractTableMetaData  - getColumnIndex(columnName=ID) - start
147949 [main] DEBUG org.dbunit.database.statement.AutomaticPreparedBatchStatement  - addValue(value=1, dataType=INTEGER) - start
147949 [main] DEBUG org.dbunit.database.statement.SimplePreparedStatement  - addValue(value=1, dataType=INTEGER) - start
147949 [main] DEBUG org.dbunit.dataset.datatype.IntegerDataType  - setSqlValue(value=1, column=9, statement=org.hsqldb.jdbc.JDBCPreparedStatement@1da2eb14[sql=[insert into SCOPEDCONTENTCONDITIONATTRIBUTE (KEY, CHECKORDER, CLASSNAME, VALUEPATH, OPERATOR, EXPECTEDVALUE, EXPECTEDVALUETYPE, SCOPEDCONTENTCONDITION, ID, TIMESTAMP) values (?, ?, ?, ?, ?, ?, ?, ?, ?, ?)], parameters=[[2], [0], [3], [4], [IsEqual], [5], [6], [1], [null], [null]]]) - start
147949 [main] DEBUG org.dbunit.dataset.datatype.IntegerDataType  - typeCast(value=1) - start
147949 [main] DEBUG org.dbunit.dataset.DefaultTable  - getValue(row=0, column=TIMESTAMP) - start
147949 [main] DEBUG org.dbunit.dataset.AbstractTable  - assertValidRowIndex(row=0) - start
147949 [main] DEBUG org.dbunit.dataset.AbstractTable  - assertValidRowIndex(row=0, rowCount=1) - start
147949 [main] DEBUG org.dbunit.dataset.AbstractTable  - getColumnIndex(columnName=TIMESTAMP) - start
147949 [main] DEBUG org.dbunit.dataset.AbstractTableMetaData  - getColumnIndex(columnName=TIMESTAMP) - start
147950 [main] DEBUG org.dbunit.database.statement.AutomaticPreparedBatchStatement  - addValue(value=2014-02-26 12:43:28.081, dataType=TIMESTAMP) - start
147950 [main] DEBUG org.dbunit.database.statement.SimplePreparedStatement  - addValue(value=2014-02-26 12:43:28.081, dataType=TIMESTAMP) - start
147950 [main] DEBUG org.dbunit.dataset.datatype.TimestampDataType  - setSqlValue(value=2014-02-26 12:43:28.081, column=10, statement=org.hsqldb.jdbc.JDBCPreparedStatement@1da2eb14[sql=[insert into SCOPEDCONTENTCONDITIONATTRIBUTE (KEY, CHECKORDER, CLASSNAME, VALUEPATH, OPERATOR, EXPECTEDVALUE, EXPECTEDVALUETYPE, SCOPEDCONTENTCONDITION, ID, TIMESTAMP) values (?, ?, ?, ?, ?, ?, ?, ?, ?, ?)], parameters=[[2], [0], [3], [4], [IsEqual], [5], [6], [1], [1], [null]]]) - start
147950 [main] DEBUG org.dbunit.dataset.datatype.TimestampDataType  - typeCast(value=2014-02-26 12:43:28.081) - start
147950 [main] DEBUG org.dbunit.database.statement.AutomaticPreparedBatchStatement  - addBatch() - start
147950 [main] DEBUG org.dbunit.database.statement.SimplePreparedStatement  - addBatch() - start
147950 [main] DEBUG org.dbunit.operation.InsertOperation  - equalsIgnoreMapping(ignoreMapping={}, table=org.dbunit.dataset.DefaultTable[_metaData=tableName=ScopedContentConditionAttribute, columns=[(key, UNKNOWN, nullableUnknown), (checkOrder, UNKNOWN, nullableUnknown), (className, UNKNOWN, nullableUnknown), (valuePath, UNKNOWN, nullableUnknown), (operator, UNKNOWN, nullableUnknown), (expectedValue, UNKNOWN, nullableUnknown), (expectedValueType, UNKNOWN, nullableUnknown), (scopedContentCondition, UNKNOWN, nullableUnknown), (id, UNKNOWN, nullableUnknown), (timeStamp, UNKNOWN, nullableUnknown)], keys=[], _rowList.size()=1], row=1) - start
147950 [main] DEBUG org.dbunit.dataset.DefaultTable  - getValue(row=1, column=key) - start
147950 [main] DEBUG org.dbunit.dataset.AbstractTable  - assertValidRowIndex(row=1) - start
147950 [main] DEBUG org.dbunit.dataset.AbstractTable  - assertValidRowIndex(row=1, rowCount=1) - start
147950 [main] DEBUG org.dbunit.database.statement.AutomaticPreparedBatchStatement  - executeBatch() - start
147950 [main] DEBUG org.dbunit.database.statement.SimplePreparedStatement  - executeBatch() - start
147950 [main] DEBUG org.dbunit.database.statement.SimplePreparedStatement  - clearBatch() - start
147950 [main] DEBUG org.dbunit.database.statement.AutomaticPreparedBatchStatement  - clearBatch() - start
147950 [main] DEBUG org.dbunit.database.statement.SimplePreparedStatement  - clearBatch() - start
147950 [main] DEBUG org.dbunit.database.statement.AutomaticPreparedBatchStatement  - close() - start
147950 [main] DEBUG org.dbunit.database.statement.AbstractPreparedBatchStatement  - close() - start
147951 [main] DEBUG org.dbunit.dataset.filter.SequenceTableIterator  - next() - start
147951 [main] DEBUG org.dbunit.dataset.filter.SequenceTableIterator  - getTable() - start
147951 [main] DEBUG org.dbunit.dataset.AbstractDataSet  - getTable(tableName=ScopedContentConditions_ScopedContent) - start
147951 [main] DEBUG org.dbunit.dataset.AbstractDataSet  - initialize() - start
147951 [main] DEBUG org.dbunit.dataset.AbstractDataSet  - The table name map has already been initialized.
147951 [main] DEBUG org.dbunit.dataset.OrderedTableNameMap  - getTableName(tableName=ScopedContentConditions_ScopedContent) - start
147951 [main] DEBUG org.dbunit.dataset.OrderedTableNameMap  - getTableName(tableName=ScopedContentConditions_ScopedContent) - end - result=SCOPEDCONTENTCONDITIONS_SCOPEDCONTENT
147951 [main] TRACE org.dbunit.operation.AbstractBatchOperation  - execute: processing table='ScopedContentConditions_ScopedContent'
147951 [main] DEBUG org.dbunit.operation.AbstractBatchOperation  - isEmpty(table=org.dbunit.dataset.DefaultTable[_metaData=tableName=ScopedContentConditions_ScopedContent, columns=[], keys=[], _rowList.size()=0]) - start
147951 [main] DEBUG org.dbunit.dataset.filter.SequenceTableIterator  - next() - start
147951 [main] DEBUG org.dbunit.dataset.filter.SequenceTableIterator  - getTable() - start
147951 [main] DEBUG org.dbunit.dataset.AbstractDataSet  - getTable(tableName=ScopedContentItem) - start
147951 [main] DEBUG org.dbunit.dataset.AbstractDataSet  - initialize() - start
147951 [main] DEBUG org.dbunit.dataset.AbstractDataSet  - The table name map has already been initialized.
147951 [main] DEBUG org.dbunit.dataset.OrderedTableNameMap  - getTableName(tableName=ScopedContentItem) - start
147951 [main] DEBUG org.dbunit.dataset.OrderedTableNameMap  - getTableName(tableName=ScopedContentItem) - end - result=SCOPEDCONTENTITEM
147951 [main] TRACE org.dbunit.operation.AbstractBatchOperation  - execute: processing table='ScopedContentItem'
147951 [main] DEBUG org.dbunit.operation.AbstractBatchOperation  - isEmpty(table=org.dbunit.dataset.DefaultTable[_metaData=tableName=ScopedContentItem, columns=[(tagName, UNKNOWN, nullableUnknown), (cssClass, UNKNOWN, nullableUnknown), (content, UNKNOWN, nullableUnknown), (type, UNKNOWN, nullableUnknown), (id, UNKNOWN, nullableUnknown), (timeStamp, UNKNOWN, nullableUnknown)], keys=[], _rowList.size()=1]) - start
147951 [main] DEBUG org.dbunit.dataset.DefaultTable  - getValue(row=0, column=tagName) - start
147951 [main] DEBUG org.dbunit.dataset.AbstractTable  - assertValidRowIndex(row=0) - start
147951 [main] DEBUG org.dbunit.dataset.AbstractTable  - assertValidRowIndex(row=0, rowCount=1) - start
147951 [main] DEBUG org.dbunit.dataset.AbstractTable  - getColumnIndex(columnName=tagName) - start
147951 [main] DEBUG org.dbunit.dataset.AbstractTableMetaData  - getColumnIndex(columnName=tagName) - start
147951 [main] DEBUG org.dbunit.operation.AbstractOperation  - getOperationMetaData(connection=_databaseConfig=org.dbunit.database.DatabaseConfig[, _propertyMap={http://www.dbunit.org/properties/statementFactory=org.dbunit.database.statement.PreparedStatementFactory@626bc2b8, http://www.dbunit.org/features/caseSensitiveTableNames=false, http://www.dbunit.org/properties/fetchSize=100, http://www.dbunit.org/features/batchedStatements=false, http://www.dbunit.org/properties/metadataHandler=org.dbunit.database.DefaultMetadataHandler@3bbfdfde, http://www.dbunit.org/properties/datatypeFactory=org.dbunit.dataset.datatype.DefaultDataTypeFactory[_toleratedDeltaMap=org.dbunit.dataset.datatype.ToleratedDeltaMap@6452310a], http://www.dbunit.org/properties/escapePattern=null, http://www.dbunit.org/properties/batchSize=100, http://www.dbunit.org/features/qualifiedTableNames=false, http://www.dbunit.org/properties/tableType=[Ljava.lang.String;@5011bafa, http://www.dbunit.org/properties/resultSetTableFactory=org.dbunit.database.CachedResultSetTableFactory@10bcf083, http://www.dbunit.org/features/datatypeWarning=true}], _dataSet=AbstractDataSet[_orderedTableNameMap=null], metaData=tableName=ScopedContentItem, columns=[(tagName, UNKNOWN, nullableUnknown), (cssClass, UNKNOWN, nullableUnknown), (content, UNKNOWN, nullableUnknown), (type, UNKNOWN, nullableUnknown), (id, UNKNOWN, nullableUnknown), (timeStamp, UNKNOWN, nullableUnknown)], keys=[]) - start
147951 [main] DEBUG org.dbunit.database.AbstractDatabaseConnection  - createDataSet() - start
147951 [main] DEBUG org.dbunit.database.DatabaseDataSet  - getTableMetaData(tableName=ScopedContentItem) - start
147951 [main] DEBUG org.dbunit.database.DatabaseDataSet  - initialize() - start
147951 [main] DEBUG org.dbunit.dataset.OrderedTableNameMap  - getTableName(tableName=ScopedContentItem) - start
147952 [main] DEBUG org.dbunit.dataset.OrderedTableNameMap  - getTableName(tableName=ScopedContentItem) - end - result=SCOPEDCONTENTITEM
147952 [main] DEBUG org.dbunit.dataset.OrderedTableNameMap  - getTableName(tableName=ScopedContentItem) - start
147952 [main] DEBUG org.dbunit.dataset.OrderedTableNameMap  - getTableName(tableName=ScopedContentItem) - end - result=SCOPEDCONTENTITEM
147952 [main] DEBUG org.dbunit.dataset.AbstractTableMetaData  - getColumnIndex(columnName=tagName) - start
147952 [main] DEBUG org.dbunit.database.DatabaseTableMetaData  - getColumns() - start
147952 [main] DEBUG org.dbunit.dataset.AbstractTableMetaData  - getColumnIndex(columnName=cssClass) - start
147952 [main] DEBUG org.dbunit.database.DatabaseTableMetaData  - getColumns() - start
147952 [main] DEBUG org.dbunit.dataset.AbstractTableMetaData  - getColumnIndex(columnName=content) - start
147952 [main] DEBUG org.dbunit.database.DatabaseTableMetaData  - getColumns() - start
147952 [main] DEBUG org.dbunit.dataset.AbstractTableMetaData  - getColumnIndex(columnName=type) - start
147952 [main] DEBUG org.dbunit.database.DatabaseTableMetaData  - getColumns() - start
147952 [main] DEBUG org.dbunit.dataset.AbstractTableMetaData  - getColumnIndex(columnName=id) - start
147952 [main] DEBUG org.dbunit.database.DatabaseTableMetaData  - getColumns() - start
147952 [main] DEBUG org.dbunit.dataset.AbstractTableMetaData  - getColumnIndex(columnName=timeStamp) - start
147952 [main] DEBUG org.dbunit.database.DatabaseTableMetaData  - getColumns() - start
147952 [main] DEBUG org.dbunit.database.DatabaseTableMetaData  - getPrimaryKeys() - start
147952 [main] TRACE org.dbunit.database.DatabaseConfig  - getProperty(name=http://www.dbunit.org/properties/primaryKeyFilter) - start
147952 [main] DEBUG org.dbunit.operation.InsertOperation  - getIgnoreMapping(table=org.dbunit.dataset.DefaultTable[_metaData=tableName=ScopedContentItem, columns=[(tagName, UNKNOWN, nullableUnknown), (cssClass, UNKNOWN, nullableUnknown), (content, UNKNOWN, nullableUnknown), (type, UNKNOWN, nullableUnknown), (id, UNKNOWN, nullableUnknown), (timeStamp, UNKNOWN, nullableUnknown)], keys=[], _rowList.size()=1], row=0) - start
147952 [main] DEBUG org.dbunit.dataset.DefaultTable  - getValue(row=0, column=tagName) - start
147952 [main] DEBUG org.dbunit.dataset.AbstractTable  - assertValidRowIndex(row=0) - start
147952 [main] DEBUG org.dbunit.dataset.AbstractTable  - assertValidRowIndex(row=0, rowCount=1) - start
147952 [main] DEBUG org.dbunit.dataset.AbstractTable  - getColumnIndex(columnName=tagName) - start
147952 [main] DEBUG org.dbunit.dataset.AbstractTableMetaData  - getColumnIndex(columnName=tagName) - start
147952 [main] DEBUG org.dbunit.dataset.DefaultTable  - getValue(row=0, column=cssClass) - start
147952 [main] DEBUG org.dbunit.dataset.AbstractTable  - assertValidRowIndex(row=0) - start
147952 [main] DEBUG org.dbunit.dataset.AbstractTable  - assertValidRowIndex(row=0, rowCount=1) - start
147952 [main] DEBUG org.dbunit.dataset.AbstractTable  - getColumnIndex(columnName=cssClass) - start
147952 [main] DEBUG org.dbunit.dataset.AbstractTableMetaData  - getColumnIndex(columnName=cssClass) - start
147953 [main] DEBUG org.dbunit.dataset.DefaultTable  - getValue(row=0, column=content) - start
147953 [main] DEBUG org.dbunit.dataset.AbstractTable  - assertValidRowIndex(row=0) - start
147953 [main] DEBUG org.dbunit.dataset.AbstractTable  - assertValidRowIndex(row=0, rowCount=1) - start
147953 [main] DEBUG org.dbunit.dataset.AbstractTable  - getColumnIndex(columnName=content) - start
147953 [main] DEBUG org.dbunit.dataset.AbstractTableMetaData  - getColumnIndex(columnName=content) - start
147953 [main] DEBUG org.dbunit.dataset.DefaultTable  - getValue(row=0, column=type) - start
147953 [main] DEBUG org.dbunit.dataset.AbstractTable  - assertValidRowIndex(row=0) - start
147953 [main] DEBUG org.dbunit.dataset.AbstractTable  - assertValidRowIndex(row=0, rowCount=1) - start
147953 [main] DEBUG org.dbunit.dataset.AbstractTable  - getColumnIndex(columnName=type) - start
147953 [main] DEBUG org.dbunit.dataset.AbstractTableMetaData  - getColumnIndex(columnName=type) - start
147953 [main] DEBUG org.dbunit.dataset.DefaultTable  - getValue(row=0, column=id) - start
147953 [main] DEBUG org.dbunit.dataset.AbstractTable  - assertValidRowIndex(row=0) - start
147953 [main] DEBUG org.dbunit.dataset.AbstractTable  - assertValidRowIndex(row=0, rowCount=1) - start
147953 [main] DEBUG org.dbunit.dataset.AbstractTable  - getColumnIndex(columnName=id) - start
147953 [main] DEBUG org.dbunit.dataset.AbstractTableMetaData  - getColumnIndex(columnName=id) - start
147953 [main] DEBUG org.dbunit.dataset.DefaultTable  - getValue(row=0, column=timeStamp) - start
147953 [main] DEBUG org.dbunit.dataset.AbstractTable  - assertValidRowIndex(row=0) - start
147953 [main] DEBUG org.dbunit.dataset.AbstractTable  - assertValidRowIndex(row=0, rowCount=1) - start
147953 [main] DEBUG org.dbunit.dataset.AbstractTable  - getColumnIndex(columnName=timeStamp) - start
147953 [main] DEBUG org.dbunit.dataset.AbstractTableMetaData  - getColumnIndex(columnName=timeStamp) - start
147953 [main] DEBUG org.dbunit.operation.InsertOperation  - getOperationData(metaData=tableName=SCOPEDCONTENTITEM, columns=[(TAGNAME, VARCHAR, nullable), (CSSCLASS, VARCHAR, nullable), (CONTENT, VARCHAR, noNulls), (TYPE, VARCHAR, nullable), (ID, INTEGER, noNulls), (TIMESTAMP, TIMESTAMP, nullable)], keys=[(ID, INTEGER, noNulls)], ignoreMapping={}, connection=_databaseConfig=org.dbunit.database.DatabaseConfig[, _propertyMap={http://www.dbunit.org/properties/statementFactory=org.dbunit.database.statement.PreparedStatementFactory@626bc2b8, http://www.dbunit.org/features/caseSensitiveTableNames=false, http://www.dbunit.org/properties/fetchSize=100, http://www.dbunit.org/features/batchedStatements=false, http://www.dbunit.org/properties/metadataHandler=org.dbunit.database.DefaultMetadataHandler@3bbfdfde, http://www.dbunit.org/properties/datatypeFactory=org.dbunit.dataset.datatype.DefaultDataTypeFactory[_toleratedDeltaMap=org.dbunit.dataset.datatype.ToleratedDeltaMap@6452310a], http://www.dbunit.org/properties/escapePattern=null, http://www.dbunit.org/properties/batchSize=100, http://www.dbunit.org/features/qualifiedTableNames=false, http://www.dbunit.org/properties/tableType=[Ljava.lang.String;@5011bafa, http://www.dbunit.org/properties/resultSetTableFactory=org.dbunit.database.CachedResultSetTableFactory@10bcf083, http://www.dbunit.org/features/datatypeWarning=true}], _dataSet=AbstractDataSet[_orderedTableNameMap=null]) - start
147953 [main] DEBUG org.dbunit.operation.AbstractOperation  - getQualifiedName(prefix=null, name=SCOPEDCONTENTITEM, connection=_databaseConfig=org.dbunit.database.DatabaseConfig[, _propertyMap={http://www.dbunit.org/properties/statementFactory=org.dbunit.database.statement.PreparedStatementFactory@626bc2b8, http://www.dbunit.org/features/caseSensitiveTableNames=false, http://www.dbunit.org/properties/fetchSize=100, http://www.dbunit.org/features/batchedStatements=false, http://www.dbunit.org/properties/metadataHandler=org.dbunit.database.DefaultMetadataHandler@3bbfdfde, http://www.dbunit.org/properties/datatypeFactory=org.dbunit.dataset.datatype.DefaultDataTypeFactory[_toleratedDeltaMap=org.dbunit.dataset.datatype.ToleratedDeltaMap@6452310a], http://www.dbunit.org/properties/escapePattern=null, http://www.dbunit.org/properties/batchSize=100, http://www.dbunit.org/features/qualifiedTableNames=false, http://www.dbunit.org/properties/tableType=[Ljava.lang.String;@5011bafa, http://www.dbunit.org/properties/resultSetTableFactory=org.dbunit.database.CachedResultSetTableFactory@10bcf083, http://www.dbunit.org/features/datatypeWarning=true}], _dataSet=AbstractDataSet[_orderedTableNameMap=null]) - start
147953 [main] TRACE org.dbunit.database.DatabaseConfig  - getProperty(name=http://www.dbunit.org/properties/escapePattern) - start
147953 [main] DEBUG org.dbunit.util.QualifiedTableName  - getQualifiedName() - start
147954 [main] DEBUG org.dbunit.util.QualifiedTableName  - getQualifiedName(prefix=null, name=SCOPEDCONTENTITEM, escapePattern=null) - start
147954 [main] DEBUG org.dbunit.operation.AbstractOperation  - getQualifiedName(prefix=null, name=TAGNAME, connection=_databaseConfig=org.dbunit.database.DatabaseConfig[, _propertyMap={http://www.dbunit.org/properties/statementFactory=org.dbunit.database.statement.PreparedStatementFactory@626bc2b8, http://www.dbunit.org/features/caseSensitiveTableNames=false, http://www.dbunit.org/properties/fetchSize=100, http://www.dbunit.org/features/batchedStatements=false, http://www.dbunit.org/properties/metadataHandler=org.dbunit.database.DefaultMetadataHandler@3bbfdfde, http://www.dbunit.org/properties/datatypeFactory=org.dbunit.dataset.datatype.DefaultDataTypeFactory[_toleratedDeltaMap=org.dbunit.dataset.datatype.ToleratedDeltaMap@6452310a], http://www.dbunit.org/properties/escapePattern=null, http://www.dbunit.org/properties/batchSize=100, http://www.dbunit.org/features/qualifiedTableNames=false, http://www.dbunit.org/properties/tableType=[Ljava.lang.String;@5011bafa, http://www.dbunit.org/properties/resultSetTableFactory=org.dbunit.database.CachedResultSetTableFactory@10bcf083, http://www.dbunit.org/features/datatypeWarning=true}], _dataSet=AbstractDataSet[_orderedTableNameMap=null]) - start
147954 [main] TRACE org.dbunit.database.DatabaseConfig  - getProperty(name=http://www.dbunit.org/properties/escapePattern) - start
147954 [main] DEBUG org.dbunit.util.QualifiedTableName  - getQualifiedName() - start
147954 [main] DEBUG org.dbunit.util.QualifiedTableName  - getQualifiedName(prefix=null, name=TAGNAME, escapePattern=null) - start
147954 [main] DEBUG org.dbunit.operation.AbstractOperation  - getQualifiedName(prefix=null, name=CSSCLASS, connection=_databaseConfig=org.dbunit.database.DatabaseConfig[, _propertyMap={http://www.dbunit.org/properties/statementFactory=org.dbunit.database.statement.PreparedStatementFactory@626bc2b8, http://www.dbunit.org/features/caseSensitiveTableNames=false, http://www.dbunit.org/properties/fetchSize=100, http://www.dbunit.org/features/batchedStatements=false, http://www.dbunit.org/properties/metadataHandler=org.dbunit.database.DefaultMetadataHandler@3bbfdfde, http://www.dbunit.org/properties/datatypeFactory=org.dbunit.dataset.datatype.DefaultDataTypeFactory[_toleratedDeltaMap=org.dbunit.dataset.datatype.ToleratedDeltaMap@6452310a], http://www.dbunit.org/properties/escapePattern=null, http://www.dbunit.org/properties/batchSize=100, http://www.dbunit.org/features/qualifiedTableNames=false, http://www.dbunit.org/properties/tableType=[Ljava.lang.String;@5011bafa, http://www.dbunit.org/properties/resultSetTableFactory=org.dbunit.database.CachedResultSetTableFactory@10bcf083, http://www.dbunit.org/features/datatypeWarning=true}], _dataSet=AbstractDataSet[_orderedTableNameMap=null]) - start
147954 [main] TRACE org.dbunit.database.DatabaseConfig  - getProperty(name=http://www.dbunit.org/properties/escapePattern) - start
147954 [main] DEBUG org.dbunit.util.QualifiedTableName  - getQualifiedName() - start
147954 [main] DEBUG org.dbunit.util.QualifiedTableName  - getQualifiedName(prefix=null, name=CSSCLASS, escapePattern=null) - start
147954 [main] DEBUG org.dbunit.operation.AbstractOperation  - getQualifiedName(prefix=null, name=CONTENT, connection=_databaseConfig=org.dbunit.database.DatabaseConfig[, _propertyMap={http://www.dbunit.org/properties/statementFactory=org.dbunit.database.statement.PreparedStatementFactory@626bc2b8, http://www.dbunit.org/features/caseSensitiveTableNames=false, http://www.dbunit.org/properties/fetchSize=100, http://www.dbunit.org/features/batchedStatements=false, http://www.dbunit.org/properties/metadataHandler=org.dbunit.database.DefaultMetadataHandler@3bbfdfde, http://www.dbunit.org/properties/datatypeFactory=org.dbunit.dataset.datatype.DefaultDataTypeFactory[_toleratedDeltaMap=org.dbunit.dataset.datatype.ToleratedDeltaMap@6452310a], http://www.dbunit.org/properties/escapePattern=null, http://www.dbunit.org/properties/batchSize=100, http://www.dbunit.org/features/qualifiedTableNames=false, http://www.dbunit.org/properties/tableType=[Ljava.lang.String;@5011bafa, http://www.dbunit.org/properties/resultSetTableFactory=org.dbunit.database.CachedResultSetTableFactory@10bcf083, http://www.dbunit.org/features/datatypeWarning=true}], _dataSet=AbstractDataSet[_orderedTableNameMap=null]) - start
147954 [main] TRACE org.dbunit.database.DatabaseConfig  - getProperty(name=http://www.dbunit.org/properties/escapePattern) - start
147954 [main] DEBUG org.dbunit.util.QualifiedTableName  - getQualifiedName() - start
147954 [main] DEBUG org.dbunit.util.QualifiedTableName  - getQualifiedName(prefix=null, name=CONTENT, escapePattern=null) - start
147954 [main] DEBUG org.dbunit.operation.AbstractOperation  - getQualifiedName(prefix=null, name=TYPE, connection=_databaseConfig=org.dbunit.database.DatabaseConfig[, _propertyMap={http://www.dbunit.org/properties/statementFactory=org.dbunit.database.statement.PreparedStatementFactory@626bc2b8, http://www.dbunit.org/features/caseSensitiveTableNames=false, http://www.dbunit.org/properties/fetchSize=100, http://www.dbunit.org/features/batchedStatements=false, http://www.dbunit.org/properties/metadataHandler=org.dbunit.database.DefaultMetadataHandler@3bbfdfde, http://www.dbunit.org/properties/datatypeFactory=org.dbunit.dataset.datatype.DefaultDataTypeFactory[_toleratedDeltaMap=org.dbunit.dataset.datatype.ToleratedDeltaMap@6452310a], http://www.dbunit.org/properties/escapePattern=null, http://www.dbunit.org/properties/batchSize=100, http://www.dbunit.org/features/qualifiedTableNames=false, http://www.dbunit.org/properties/tableType=[Ljava.lang.String;@5011bafa, http://www.dbunit.org/properties/resultSetTableFactory=org.dbunit.database.CachedResultSetTableFactory@10bcf083, http://www.dbunit.org/features/datatypeWarning=true}], _dataSet=AbstractDataSet[_orderedTableNameMap=null]) - start
147954 [main] TRACE org.dbunit.database.DatabaseConfig  - getProperty(name=http://www.dbunit.org/properties/escapePattern) - start
147954 [main] DEBUG org.dbunit.util.QualifiedTableName  - getQualifiedName() - start
147954 [main] DEBUG org.dbunit.util.QualifiedTableName  - getQualifiedName(prefix=null, name=TYPE, escapePattern=null) - start
147954 [main] DEBUG org.dbunit.operation.AbstractOperation  - getQualifiedName(prefix=null, name=ID, connection=_databaseConfig=org.dbunit.database.DatabaseConfig[, _propertyMap={http://www.dbunit.org/properties/statementFactory=org.dbunit.database.statement.PreparedStatementFactory@626bc2b8, http://www.dbunit.org/features/caseSensitiveTableNames=false, http://www.dbunit.org/properties/fetchSize=100, http://www.dbunit.org/features/batchedStatements=false, http://www.dbunit.org/properties/metadataHandler=org.dbunit.database.DefaultMetadataHandler@3bbfdfde, http://www.dbunit.org/properties/datatypeFactory=org.dbunit.dataset.datatype.DefaultDataTypeFactory[_toleratedDeltaMap=org.dbunit.dataset.datatype.ToleratedDeltaMap@6452310a], http://www.dbunit.org/properties/escapePattern=null, http://www.dbunit.org/properties/batchSize=100, http://www.dbunit.org/features/qualifiedTableNames=false, http://www.dbunit.org/properties/tableType=[Ljava.lang.String;@5011bafa, http://www.dbunit.org/properties/resultSetTableFactory=org.dbunit.database.CachedResultSetTableFactory@10bcf083, http://www.dbunit.org/features/datatypeWarning=true}], _dataSet=AbstractDataSet[_orderedTableNameMap=null]) - start
147954 [main] TRACE org.dbunit.database.DatabaseConfig  - getProperty(name=http://www.dbunit.org/properties/escapePattern) - start
147954 [main] DEBUG org.dbunit.util.QualifiedTableName  - getQualifiedName() - start
147955 [main] DEBUG org.dbunit.util.QualifiedTableName  - getQualifiedName(prefix=null, name=ID, escapePattern=null) - start
147955 [main] DEBUG org.dbunit.operation.AbstractOperation  - getQualifiedName(prefix=null, name=TIMESTAMP, connection=_databaseConfig=org.dbunit.database.DatabaseConfig[, _propertyMap={http://www.dbunit.org/properties/statementFactory=org.dbunit.database.statement.PreparedStatementFactory@626bc2b8, http://www.dbunit.org/features/caseSensitiveTableNames=false, http://www.dbunit.org/properties/fetchSize=100, http://www.dbunit.org/features/batchedStatements=false, http://www.dbunit.org/properties/metadataHandler=org.dbunit.database.DefaultMetadataHandler@3bbfdfde, http://www.dbunit.org/properties/datatypeFactory=org.dbunit.dataset.datatype.DefaultDataTypeFactory[_toleratedDeltaMap=org.dbunit.dataset.datatype.ToleratedDeltaMap@6452310a], http://www.dbunit.org/properties/escapePattern=null, http://www.dbunit.org/properties/batchSize=100, http://www.dbunit.org/features/qualifiedTableNames=false, http://www.dbunit.org/properties/tableType=[Ljava.lang.String;@5011bafa, http://www.dbunit.org/properties/resultSetTableFactory=org.dbunit.database.CachedResultSetTableFactory@10bcf083, http://www.dbunit.org/features/datatypeWarning=true}], _dataSet=AbstractDataSet[_orderedTableNameMap=null]) - start
147955 [main] TRACE org.dbunit.database.DatabaseConfig  - getProperty(name=http://www.dbunit.org/properties/escapePattern) - start
147955 [main] DEBUG org.dbunit.util.QualifiedTableName  - getQualifiedName() - start
147955 [main] DEBUG org.dbunit.util.QualifiedTableName  - getQualifiedName(prefix=null, name=TIMESTAMP, escapePattern=null) - start
147955 [main] DEBUG org.dbunit.database.statement.PreparedStatementFactory  - createPreparedBatchStatement(sql=insert into SCOPEDCONTENTITEM (TAGNAME, CSSCLASS, CONTENT, TYPE, ID, TIMESTAMP) values (?, ?, ?, ?, ?, ?), connection=_databaseConfig=org.dbunit.database.DatabaseConfig[, _propertyMap={http://www.dbunit.org/properties/statementFactory=org.dbunit.database.statement.PreparedStatementFactory@626bc2b8, http://www.dbunit.org/features/caseSensitiveTableNames=false, http://www.dbunit.org/properties/fetchSize=100, http://www.dbunit.org/features/batchedStatements=false, http://www.dbunit.org/properties/metadataHandler=org.dbunit.database.DefaultMetadataHandler@3bbfdfde, http://www.dbunit.org/properties/datatypeFactory=org.dbunit.dataset.datatype.DefaultDataTypeFactory[_toleratedDeltaMap=org.dbunit.dataset.datatype.ToleratedDeltaMap@6452310a], http://www.dbunit.org/properties/escapePattern=null, http://www.dbunit.org/properties/batchSize=100, http://www.dbunit.org/features/qualifiedTableNames=false, http://www.dbunit.org/properties/tableType=[Ljava.lang.String;@5011bafa, http://www.dbunit.org/properties/resultSetTableFactory=org.dbunit.database.CachedResultSetTableFactory@10bcf083, http://www.dbunit.org/features/datatypeWarning=true}], _dataSet=AbstractDataSet[_orderedTableNameMap=null]) - start
147955 [main] TRACE org.dbunit.database.DatabaseConfig  - getProperty(name=http://www.dbunit.org/properties/batchSize) - start
147955 [main] DEBUG org.dbunit.database.statement.AbstractStatementFactory  - supportBatchStatement(connection=_databaseConfig=org.dbunit.database.DatabaseConfig[, _propertyMap={http://www.dbunit.org/properties/statementFactory=org.dbunit.database.statement.PreparedStatementFactory@626bc2b8, http://www.dbunit.org/features/caseSensitiveTableNames=false, http://www.dbunit.org/properties/fetchSize=100, http://www.dbunit.org/features/batchedStatements=false, http://www.dbunit.org/properties/metadataHandler=org.dbunit.database.DefaultMetadataHandler@3bbfdfde, http://www.dbunit.org/properties/datatypeFactory=org.dbunit.dataset.datatype.DefaultDataTypeFactory[_toleratedDeltaMap=org.dbunit.dataset.datatype.ToleratedDeltaMap@6452310a], http://www.dbunit.org/properties/escapePattern=null, http://www.dbunit.org/properties/batchSize=100, http://www.dbunit.org/features/qualifiedTableNames=false, http://www.dbunit.org/properties/tableType=[Ljava.lang.String;@5011bafa, http://www.dbunit.org/properties/resultSetTableFactory=org.dbunit.database.CachedResultSetTableFactory@10bcf083, http://www.dbunit.org/features/datatypeWarning=true}], _dataSet=AbstractDataSet[_orderedTableNameMap=null]) - start
147955 [main] TRACE org.dbunit.database.DatabaseConfig  - getFeature(name=http://www.dbunit.org/features/batchedStatements) - start
147955 [main] TRACE org.dbunit.database.DatabaseConfig  - getProperty(name=http://www.dbunit.org/features/batchedStatements) - start
147955 [main] DEBUG org.dbunit.database.DatabaseDataSourceConnection  - getConnection() - start
147955 [main] DEBUG org.dbunit.dataset.DefaultTable  - getValue(row=0, column=TAGNAME) - start
147955 [main] DEBUG org.dbunit.dataset.AbstractTable  - assertValidRowIndex(row=0) - start
147955 [main] DEBUG org.dbunit.dataset.AbstractTable  - assertValidRowIndex(row=0, rowCount=1) - start
147955 [main] DEBUG org.dbunit.dataset.AbstractTable  - getColumnIndex(columnName=TAGNAME) - start
147956 [main] DEBUG org.dbunit.dataset.AbstractTableMetaData  - getColumnIndex(columnName=TAGNAME) - start
147956 [main] DEBUG org.dbunit.database.statement.AutomaticPreparedBatchStatement  - addValue(value=11, dataType=VARCHAR) - start
147956 [main] DEBUG org.dbunit.database.statement.SimplePreparedStatement  - addValue(value=11, dataType=VARCHAR) - start
147956 [main] DEBUG org.dbunit.dataset.datatype.StringDataType  - setSqlValue(value=11, column=1, statement=org.hsqldb.jdbc.JDBCPreparedStatement@32f77d3f[sql=[insert into SCOPEDCONTENTITEM (TAGNAME, CSSCLASS, CONTENT, TYPE, ID, TIMESTAMP) values (?, ?, ?, ?, ?, ?)], parameters=[[null], [null], [null], [null], [null], [null]]]) - start
147956 [main] DEBUG org.dbunit.dataset.datatype.DataType  - asString(value=11) - start
147956 [main] DEBUG org.dbunit.dataset.datatype.StringDataType  - typeCast(value=11) - start
147956 [main] DEBUG org.dbunit.dataset.DefaultTable  - getValue(row=0, column=CSSCLASS) - start
147956 [main] DEBUG org.dbunit.dataset.AbstractTable  - assertValidRowIndex(row=0) - start
147956 [main] DEBUG org.dbunit.dataset.AbstractTable  - assertValidRowIndex(row=0, rowCount=1) - start
147956 [main] DEBUG org.dbunit.dataset.AbstractTable  - getColumnIndex(columnName=CSSCLASS) - start
147956 [main] DEBUG org.dbunit.dataset.AbstractTableMetaData  - getColumnIndex(columnName=CSSCLASS) - start
147956 [main] DEBUG org.dbunit.database.statement.AutomaticPreparedBatchStatement  - addValue(value=12, dataType=VARCHAR) - start
147956 [main] DEBUG org.dbunit.database.statement.SimplePreparedStatement  - addValue(value=12, dataType=VARCHAR) - start
147956 [main] DEBUG org.dbunit.dataset.datatype.StringDataType  - setSqlValue(value=12, column=2, statement=org.hsqldb.jdbc.JDBCPreparedStatement@32f77d3f[sql=[insert into SCOPEDCONTENTITEM (TAGNAME, CSSCLASS, CONTENT, TYPE, ID, TIMESTAMP) values (?, ?, ?, ?, ?, ?)], parameters=[[11], [null], [null], [null], [null], [null]]]) - start
147956 [main] DEBUG org.dbunit.dataset.datatype.DataType  - asString(value=12) - start
147956 [main] DEBUG org.dbunit.dataset.datatype.StringDataType  - typeCast(value=12) - start
147956 [main] DEBUG org.dbunit.dataset.DefaultTable  - getValue(row=0, column=CONTENT) - start
147956 [main] DEBUG org.dbunit.dataset.AbstractTable  - assertValidRowIndex(row=0) - start
147956 [main] DEBUG org.dbunit.dataset.AbstractTable  - assertValidRowIndex(row=0, rowCount=1) - start
147956 [main] DEBUG org.dbunit.dataset.AbstractTable  - getColumnIndex(columnName=CONTENT) - start
147956 [main] DEBUG org.dbunit.dataset.AbstractTableMetaData  - getColumnIndex(columnName=CONTENT) - start
147956 [main] DEBUG org.dbunit.database.statement.AutomaticPreparedBatchStatement  - addValue(value=13, dataType=VARCHAR) - start
147956 [main] DEBUG org.dbunit.database.statement.SimplePreparedStatement  - addValue(value=13, dataType=VARCHAR) - start
147956 [main] DEBUG org.dbunit.dataset.datatype.StringDataType  - setSqlValue(value=13, column=3, statement=org.hsqldb.jdbc.JDBCPreparedStatement@32f77d3f[sql=[insert into SCOPEDCONTENTITEM (TAGNAME, CSSCLASS, CONTENT, TYPE, ID, TIMESTAMP) values (?, ?, ?, ?, ?, ?)], parameters=[[11], [12], [null], [null], [null], [null]]]) - start
147956 [main] DEBUG org.dbunit.dataset.datatype.DataType  - asString(value=13) - start
147956 [main] DEBUG org.dbunit.dataset.datatype.StringDataType  - typeCast(value=13) - start
147956 [main] DEBUG org.dbunit.dataset.DefaultTable  - getValue(row=0, column=TYPE) - start
147956 [main] DEBUG org.dbunit.dataset.AbstractTable  - assertValidRowIndex(row=0) - start
147956 [main] DEBUG org.dbunit.dataset.AbstractTable  - assertValidRowIndex(row=0, rowCount=1) - start
147957 [main] DEBUG org.dbunit.dataset.AbstractTable  - getColumnIndex(columnName=TYPE) - start
147957 [main] DEBUG org.dbunit.dataset.AbstractTableMetaData  - getColumnIndex(columnName=TYPE) - start
147957 [main] DEBUG org.dbunit.database.statement.AutomaticPreparedBatchStatement  - addValue(value=Audio, dataType=VARCHAR) - start
147957 [main] DEBUG org.dbunit.database.statement.SimplePreparedStatement  - addValue(value=Audio, dataType=VARCHAR) - start
147957 [main] DEBUG org.dbunit.dataset.datatype.StringDataType  - setSqlValue(value=Audio, column=4, statement=org.hsqldb.jdbc.JDBCPreparedStatement@32f77d3f[sql=[insert into SCOPEDCONTENTITEM (TAGNAME, CSSCLASS, CONTENT, TYPE, ID, TIMESTAMP) values (?, ?, ?, ?, ?, ?)], parameters=[[11], [12], [13], [null], [null], [null]]]) - start
147957 [main] DEBUG org.dbunit.dataset.datatype.DataType  - asString(value=Audio) - start
147957 [main] DEBUG org.dbunit.dataset.datatype.StringDataType  - typeCast(value=Audio) - start
147957 [main] WARN  org.dbunit.dataset.datatype.StringDataType  - Unknown/unsupported object type 'com.tmt.kontroll.content.persistence.selections.ContentType' - will invoke toString() as last fallback which might produce undesired results
147957 [main] DEBUG org.dbunit.dataset.DefaultTable  - getValue(row=0, column=ID) - start
147957 [main] DEBUG org.dbunit.dataset.AbstractTable  - assertValidRowIndex(row=0) - start
147957 [main] DEBUG org.dbunit.dataset.AbstractTable  - assertValidRowIndex(row=0, rowCount=1) - start
147957 [main] DEBUG org.dbunit.dataset.AbstractTable  - getColumnIndex(columnName=ID) - start
147957 [main] DEBUG org.dbunit.dataset.AbstractTableMetaData  - getColumnIndex(columnName=ID) - start
147957 [main] DEBUG org.dbunit.database.statement.AutomaticPreparedBatchStatement  - addValue(value=1, dataType=INTEGER) - start
147957 [main] DEBUG org.dbunit.database.statement.SimplePreparedStatement  - addValue(value=1, dataType=INTEGER) - start
147957 [main] DEBUG org.dbunit.dataset.datatype.IntegerDataType  - setSqlValue(value=1, column=5, statement=org.hsqldb.jdbc.JDBCPreparedStatement@32f77d3f[sql=[insert into SCOPEDCONTENTITEM (TAGNAME, CSSCLASS, CONTENT, TYPE, ID, TIMESTAMP) values (?, ?, ?, ?, ?, ?)], parameters=[[11], [12], [13], [Audio], [null], [null]]]) - start
147957 [main] DEBUG org.dbunit.dataset.datatype.IntegerDataType  - typeCast(value=1) - start
147957 [main] DEBUG org.dbunit.dataset.DefaultTable  - getValue(row=0, column=TIMESTAMP) - start
147957 [main] DEBUG org.dbunit.dataset.AbstractTable  - assertValidRowIndex(row=0) - start
147957 [main] DEBUG org.dbunit.dataset.AbstractTable  - assertValidRowIndex(row=0, rowCount=1) - start
147957 [main] DEBUG org.dbunit.dataset.AbstractTable  - getColumnIndex(columnName=TIMESTAMP) - start
147957 [main] DEBUG org.dbunit.dataset.AbstractTableMetaData  - getColumnIndex(columnName=TIMESTAMP) - start
147957 [main] DEBUG org.dbunit.database.statement.AutomaticPreparedBatchStatement  - addValue(value=2014-02-26 12:43:28.084, dataType=TIMESTAMP) - start
147957 [main] DEBUG org.dbunit.database.statement.SimplePreparedStatement  - addValue(value=2014-02-26 12:43:28.084, dataType=TIMESTAMP) - start
147957 [main] DEBUG org.dbunit.dataset.datatype.TimestampDataType  - setSqlValue(value=2014-02-26 12:43:28.084, column=6, statement=org.hsqldb.jdbc.JDBCPreparedStatement@32f77d3f[sql=[insert into SCOPEDCONTENTITEM (TAGNAME, CSSCLASS, CONTENT, TYPE, ID, TIMESTAMP) values (?, ?, ?, ?, ?, ?)], parameters=[[11], [12], [13], [Audio], [1], [null]]]) - start
147958 [main] DEBUG org.dbunit.dataset.datatype.TimestampDataType  - typeCast(value=2014-02-26 12:43:28.084) - start
147958 [main] DEBUG org.dbunit.database.statement.AutomaticPreparedBatchStatement  - addBatch() - start
147958 [main] DEBUG org.dbunit.database.statement.SimplePreparedStatement  - addBatch() - start
147958 [main] DEBUG org.dbunit.operation.InsertOperation  - equalsIgnoreMapping(ignoreMapping={}, table=org.dbunit.dataset.DefaultTable[_metaData=tableName=ScopedContentItem, columns=[(tagName, UNKNOWN, nullableUnknown), (cssClass, UNKNOWN, nullableUnknown), (content, UNKNOWN, nullableUnknown), (type, UNKNOWN, nullableUnknown), (id, UNKNOWN, nullableUnknown), (timeStamp, UNKNOWN, nullableUnknown)], keys=[], _rowList.size()=1], row=1) - start
147958 [main] DEBUG org.dbunit.dataset.DefaultTable  - getValue(row=1, column=tagName) - start
147958 [main] DEBUG org.dbunit.dataset.AbstractTable  - assertValidRowIndex(row=1) - start
147958 [main] DEBUG org.dbunit.dataset.AbstractTable  - assertValidRowIndex(row=1, rowCount=1) - start
147958 [main] DEBUG org.dbunit.database.statement.AutomaticPreparedBatchStatement  - executeBatch() - start
147958 [main] DEBUG org.dbunit.database.statement.SimplePreparedStatement  - executeBatch() - start
147958 [main] DEBUG org.dbunit.database.statement.SimplePreparedStatement  - clearBatch() - start
147958 [main] DEBUG org.dbunit.database.statement.AutomaticPreparedBatchStatement  - clearBatch() - start
147958 [main] DEBUG org.dbunit.database.statement.SimplePreparedStatement  - clearBatch() - start
147958 [main] DEBUG org.dbunit.database.statement.AutomaticPreparedBatchStatement  - close() - start
147958 [main] DEBUG org.dbunit.database.statement.AbstractPreparedBatchStatement  - close() - start
147958 [main] DEBUG org.dbunit.dataset.filter.SequenceTableIterator  - next() - start
147958 [main] DEBUG org.dbunit.dataset.filter.SequenceTableIterator  - getTable() - start
147958 [main] DEBUG org.dbunit.dataset.AbstractDataSet  - getTable(tableName=ScopedContentConditions_ScopedContentItem) - start
147958 [main] DEBUG org.dbunit.dataset.AbstractDataSet  - initialize() - start
147958 [main] DEBUG org.dbunit.dataset.AbstractDataSet  - The table name map has already been initialized.
147958 [main] DEBUG org.dbunit.dataset.OrderedTableNameMap  - getTableName(tableName=ScopedContentConditions_ScopedContentItem) - start
147958 [main] DEBUG org.dbunit.dataset.OrderedTableNameMap  - getTableName(tableName=ScopedContentConditions_ScopedContentItem) - end - result=SCOPEDCONTENTCONDITIONS_SCOPEDCONTENTITEM
147958 [main] TRACE org.dbunit.operation.AbstractBatchOperation  - execute: processing table='ScopedContentConditions_ScopedContentItem'
147959 [main] DEBUG org.dbunit.operation.AbstractBatchOperation  - isEmpty(table=org.dbunit.dataset.DefaultTable[_metaData=tableName=ScopedContentConditions_ScopedContentItem, columns=[], keys=[], _rowList.size()=0]) - start
147959 [main] DEBUG org.dbunit.dataset.filter.SequenceTableIterator  - next() - start
147959 [main] DEBUG org.dbunit.dataset.filter.SequenceTableIterator  - getTable() - start
147959 [main] DEBUG org.dbunit.dataset.AbstractDataSet  - getTable(tableName=ScopedContent_ScopedContentItem) - start
147959 [main] DEBUG org.dbunit.dataset.AbstractDataSet  - initialize() - start
147959 [main] DEBUG org.dbunit.dataset.AbstractDataSet  - The table name map has already been initialized.
147959 [main] DEBUG org.dbunit.dataset.OrderedTableNameMap  - getTableName(tableName=ScopedContent_ScopedContentItem) - start
147959 [main] DEBUG org.dbunit.dataset.OrderedTableNameMap  - getTableName(tableName=ScopedContent_ScopedContentItem) - end - result=SCOPEDCONTENT_SCOPEDCONTENTITEM
147959 [main] TRACE org.dbunit.operation.AbstractBatchOperation  - execute: processing table='ScopedContent_ScopedContentItem'
147959 [main] DEBUG org.dbunit.operation.AbstractBatchOperation  - isEmpty(table=org.dbunit.dataset.DefaultTable[_metaData=tableName=ScopedContent_ScopedContentItem, columns=[], keys=[], _rowList.size()=0]) - start
147959 [main] DEBUG org.dbunit.dataset.filter.SequenceTableIterator  - next() - start
147959 [main] DEBUG org.dbunit.dataset.filter.SequenceTableIterator  - getTable() - start
147959 [main] DEBUG org.dbunit.dataset.AbstractDataSet  - getTable(tableName=Scope_RequestContext) - start
147959 [main] DEBUG org.dbunit.dataset.AbstractDataSet  - initialize() - start
147959 [main] DEBUG org.dbunit.dataset.AbstractDataSet  - The table name map has already been initialized.
147959 [main] DEBUG org.dbunit.dataset.OrderedTableNameMap  - getTableName(tableName=Scope_RequestContext) - start
147959 [main] DEBUG org.dbunit.dataset.OrderedTableNameMap  - getTableName(tableName=Scope_RequestContext) - end - result=SCOPE_REQUESTCONTEXT
147959 [main] TRACE org.dbunit.operation.AbstractBatchOperation  - execute: processing table='Scope_RequestContext'
147959 [main] DEBUG org.dbunit.operation.AbstractBatchOperation  - isEmpty(table=org.dbunit.dataset.DefaultTable[_metaData=tableName=Scope_RequestContext, columns=[], keys=[], _rowList.size()=0]) - start
147959 [main] DEBUG org.dbunit.dataset.filter.SequenceTableIterator  - next() - start
147959 [main] DEBUG org.dbunit.dataset.filter.SequenceTableIterator  - getTable() - start
147959 [main] DEBUG org.dbunit.dataset.AbstractDataSet  - getTable(tableName=User) - start
147959 [main] DEBUG org.dbunit.dataset.AbstractDataSet  - initialize() - start
147959 [main] DEBUG org.dbunit.dataset.AbstractDataSet  - The table name map has already been initialized.
147959 [main] DEBUG org.dbunit.dataset.OrderedTableNameMap  - getTableName(tableName=User) - start
147959 [main] DEBUG org.dbunit.dataset.OrderedTableNameMap  - getTableName(tableName=User) - end - result=USER
147959 [main] TRACE org.dbunit.operation.AbstractBatchOperation  - execute: processing table='User'
147962 [main] DEBUG org.dbunit.operation.AbstractBatchOperation  - isEmpty(table=org.dbunit.dataset.DefaultTable[_metaData=tableName=User, columns=[], keys=[], _rowList.size()=0]) - start
147962 [main] DEBUG org.dbunit.dataset.filter.SequenceTableIterator  - next() - start
147962 [main] DEBUG org.dbunit.dataset.filter.SequenceTableIterator  - getTable() - start
147962 [main] DEBUG org.dbunit.dataset.AbstractDataSet  - getTable(tableName=Users_Authorities) - start
147962 [main] DEBUG org.dbunit.dataset.AbstractDataSet  - initialize() - start
147962 [main] DEBUG org.dbunit.dataset.AbstractDataSet  - The table name map has already been initialized.
147962 [main] DEBUG org.dbunit.dataset.OrderedTableNameMap  - getTableName(tableName=Users_Authorities) - start
147962 [main] DEBUG org.dbunit.dataset.OrderedTableNameMap  - getTableName(tableName=Users_Authorities) - end - result=USERS_AUTHORITIES
147962 [main] TRACE org.dbunit.operation.AbstractBatchOperation  - execute: processing table='Users_Authorities'
147962 [main] DEBUG org.dbunit.operation.AbstractBatchOperation  - isEmpty(table=org.dbunit.dataset.DefaultTable[_metaData=tableName=Users_Authorities, columns=[], keys=[], _rowList.size()=0]) - start
147962 [main] DEBUG org.dbunit.dataset.filter.SequenceTableIterator  - next() - start
147962 [main] DEBUG org.dbunit.database.DatabaseDataSourceConnection  - close() - start
147962 [main] DEBUG org.springframework.jdbc.datasource.DataSourceUtils  - Returning JDBC Connection to DataSource
147962 [main] DEBUG org.springframework.test.context.support.DirtiesContextTestExecutionListener  - After test method: context [[TestContext@2bebbde9 testClass = ScopedContentConditionDaoServiceTest, testInstance = com.tmt.kontroll.content.persistence.services.ScopedContentConditionDaoServiceTest@62244738, testMethod = testThatUniqueConstraintsOnColumnViolationsCauseError@PersistenceEntityDaoServiceTest, testException = java.lang.AssertionError: Constraint assertion failed. Failures:
Unique constraint on column: , mergedContextConfiguration = [MergedContextConfiguration@2012286 testClass = ScopedContentConditionDaoServiceTest, locations = '{}', classes = '{class com.tmt.kontroll.content.config.ContentTestConfig}', contextInitializerClasses = '[]', activeProfiles = '{}', contextLoader = 'org.springframework.test.context.support.DelegatingSmartContextLoader', parent = [null]]]], class dirties context [false], class mode [null], method dirties context [false].
]]></system-out>
  </testcase>
  <testcase name="testThatNullableConstraintsViolationsCauseError" classname="com.tmt.kontroll.content.persistence.services.ScopedContentConditionDaoServiceTest" time="4.225"/>
  <testcase name="testThatLengthConstraintsViolationsCauseError" classname="com.tmt.kontroll.content.persistence.services.ScopedContentConditionDaoServiceTest" time="3.892"/>
</testsuite>