<?xml version="1.0" encoding="UTF-8"?>
<testsuite name="com.tmt.kontroll.test.persistence.run.data.preparation.entity.values.provision.collection.impl.ListValueProviderTest" time="0.031" tests="12" errors="0" skipped="0" failures="0">
  <properties>
    <property name="java.runtime.name" value="Java(TM) SE Runtime Environment"/>
    <property name="sun.boot.library.path" value="F:\JDKs\Java7\jre\bin"/>
    <property name="java.vm.version" value="22.1-b02"/>
    <property name="user.country.format" value="DE"/>
    <property name="java.vm.vendor" value="Oracle Corporation"/>
    <property name="java.vendor.url" value="http://java.oracle.com/"/>
    <property name="path.separator" value=";"/>
    <property name="guice.disable.misplaced.annotation.check" value="true"/>
    <property name="java.vm.name" value="Java HotSpot(TM) 64-Bit Server VM"/>
    <property name="file.encoding.pkg" value="sun.io"/>
    <property name="user.script" value=""/>
    <property name="user.country" value="US"/>
    <property name="sun.java.launcher" value="SUN_STANDARD"/>
    <property name="sun.os.patch.level" value="Service Pack 1"/>
    <property name="java.vm.specification.name" value="Java Virtual Machine Specification"/>
    <property name="user.dir" value="F:\projects\Kontroll\kontroll"/>
    <property name="java.runtime.version" value="1.7.0_03-b05"/>
    <property name="java.awt.graphicsenv" value="sun.awt.Win32GraphicsEnvironment"/>
    <property name="java.endorsed.dirs" value="F:\JDKs\Java7\jre\lib\endorsed"/>
    <property name="os.arch" value="amd64"/>
    <property name="java.io.tmpdir" value="C:\Users\SERGDE~1\AppData\Local\Temp\"/>
    <property name="line.separator" value="&#10;"/>
    <property name="java.vm.specification.vendor" value="Oracle Corporation"/>
    <property name="user.variant" value=""/>
    <property name="os.name" value="Windows 7"/>
    <property name="classworlds.conf" value="F:\projects\Kontroll\.metadata\.plugins\org.eclipse.m2e.launching\launches\m2conf5267971839177744728.tmp"/>
    <property name="sun.jnu.encoding" value="Cp1252"/>
    <property name="java.library.path" value="F:\JDKs\Java7\bin;C:\Windows\Sun\Java\bin;C:\Windows\system32;C:\Windows;C:\Windows\system32;C:\Windows;C:\Windows\System32\Wbem;C:\Windows\System32\WindowsPowerShell\v1.0\,F:\JDKs\Java7\bin;F:\tools\mysql\MySQL Server 5.5\bin;F:\tools\mysql\bin;F:\JDKs\Java7\jre\bin;F:\tools\node\;F:\tools\maven\apache-maven-3.0.3\bin;F:\JDKs\Java7\jre\bin;F:\tools\spring-roo\bin;C:\Users\Serg Derbst\AppData\Roaming\npm;."/>
    <property name="java.specification.name" value="Java Platform API Specification"/>
    <property name="java.class.version" value="51.0"/>
    <property name="sun.management.compiler" value="HotSpot 64-Bit Tiered Compilers"/>
    <property name="os.version" value="6.1"/>
    <property name="user.home" value="C:\Users\Serg Derbst"/>
    <property name="user.timezone" value="Europe/Berlin"/>
    <property name="java.awt.printerjob" value="sun.awt.windows.WPrinterJob"/>
    <property name="java.specification.version" value="1.7"/>
    <property name="file.encoding" value="Cp1252"/>
    <property name="user.name" value="Serg Derbst"/>
    <property name="java.class.path" value="/F:/tools/eclipse/configuration/org.eclipse.osgi/bundles/501/1/.cp/jars/plexus-classworlds-2.4.jar"/>
    <property name="java.vm.specification.version" value="1.7"/>
    <property name="sun.arch.data.model" value="64"/>
    <property name="java.home" value="F:\JDKs\Java7\jre"/>
    <property name="sun.java.command" value="org.codehaus.plexus.classworlds.launcher.Launcher -B -s C:\Users\Serg Derbst\.m2\settings.xml clean install"/>
    <property name="java.specification.vendor" value="Oracle Corporation"/>
    <property name="user.language" value="en"/>
    <property name="user.language.format" value="de"/>
    <property name="awt.toolkit" value="sun.awt.windows.WToolkit"/>
    <property name="java.vm.info" value="mixed mode"/>
    <property name="java.version" value="1.7.0_03"/>
    <property name="java.ext.dirs" value="F:\JDKs\Java7\jre\lib\ext;C:\Windows\Sun\Java\lib\ext"/>
    <property name="sun.boot.class.path" value="F:\JDKs\Java7\jre\lib\resources.jar;F:\JDKs\Java7\jre\lib\rt.jar;F:\JDKs\Java7\jre\lib\sunrsasign.jar;F:\JDKs\Java7\jre\lib\jsse.jar;F:\JDKs\Java7\jre\lib\jce.jar;F:\JDKs\Java7\jre\lib\charsets.jar;F:\JDKs\Java7\jre\classes"/>
    <property name="java.vendor" value="Oracle Corporation"/>
    <property name="maven.home" value="F:\projects\Kontroll\kontroll\EMBEDDED"/>
    <property name="file.separator" value="\"/>
    <property name="java.vendor.url.bug" value="http://bugreport.sun.com/bugreport/"/>
    <property name="maven.bootclasspath" value="/F:/tools/eclipse/configuration/org.eclipse.osgi/bundles/501/1/.cp/jars/plexus-classworlds-2.4.jar"/>
    <property name="sun.cpu.endian" value="little"/>
    <property name="sun.io.unicode.encoding" value="UnicodeLittle"/>
    <property name="sun.desktop" value="windows"/>
    <property name="sun.cpu.isalist" value="amd64"/>
  </properties>
  <testcase name="testThatProvideThrowsExceptionWhenNextProviderIsNull" classname="com.tmt.kontroll.test.persistence.run.data.preparation.entity.values.provision.collection.impl.ListValueProviderTest" time="0.002"/>
  <testcase name="testThatFetchNextValueThrowsExceptionWhenNextProviderIsNull" classname="com.tmt.kontroll.test.persistence.run.data.preparation.entity.values.provision.collection.impl.ListValueProviderTest" time="0.002"/>
  <testcase name="testThatProvideWorks" classname="com.tmt.kontroll.test.persistence.run.data.preparation.entity.values.provision.collection.impl.ListValueProviderTest" time="0.002"/>
  <testcase name="testThatFetchNextValueWorks" classname="com.tmt.kontroll.test.persistence.run.data.preparation.entity.values.provision.collection.impl.ListValueProviderTest" time="0.003"/>
  <testcase name="testThatCanProvideValueWorks" classname="com.tmt.kontroll.test.persistence.run.data.preparation.entity.values.provision.collection.impl.ListValueProviderTest" time="0.002"/>
  <testcase name="testThatFetchValueProviderTypeWorks" classname="com.tmt.kontroll.test.persistence.run.data.preparation.entity.values.provision.collection.impl.ListValueProviderTest" time="0.02"/>
  <testcase name="testThatFetchValueProviderTypeCallsNextValue" classname="com.tmt.kontroll.test.persistence.run.data.preparation.entity.values.provision.collection.impl.ListValueProviderTest" time="0"/>
  <testcase name="testThatCanProvideValueCallsNextValue" classname="com.tmt.kontroll.test.persistence.run.data.preparation.entity.values.provision.collection.impl.ListValueProviderTest" time="0"/>
  <testcase name="testThatProvideCallsNextValue" classname="com.tmt.kontroll.test.persistence.run.data.preparation.entity.values.provision.collection.impl.ListValueProviderTest" time="0"/>
  <testcase name="testThatFetchNextValueCallsNextValue" classname="com.tmt.kontroll.test.persistence.run.data.preparation.entity.values.provision.collection.impl.ListValueProviderTest" time="0"/>
  <testcase name="testThatFetchValueProviderTypeThrowsExceptionWhenNextProviderIsNull" classname="com.tmt.kontroll.test.persistence.run.data.preparation.entity.values.provision.collection.impl.ListValueProviderTest" time="0"/>
  <testcase name="testThatCanProvideValueDoesNotThrowExceptionWhenNextProviderIsNull" classname="com.tmt.kontroll.test.persistence.run.data.preparation.entity.values.provision.collection.impl.ListValueProviderTest" time="0"/>
</testsuite>