<?xml version="1.0" encoding="UTF-8"?>
<testsuite name="com.tmt.kontroll.content.persistence.services.ScopedContentDaoServiceTest" time="49.838" tests="12" errors="0" skipped="0" failures="1">
  <properties>
    <property name="java.runtime.name" value="Java(TM) SE Runtime Environment"/>
    <property name="sun.boot.library.path" value="F:\JDKs\Java7\jre\bin"/>
    <property name="java.vm.version" value="22.1-b02"/>
    <property name="user.country.format" value="DE"/>
    <property name="java.vm.vendor" value="Oracle Corporation"/>
    <property name="java.vendor.url" value="http://java.oracle.com/"/>
    <property name="path.separator" value=";"/>
    <property name="guice.disable.misplaced.annotation.check" value="true"/>
    <property name="java.vm.name" value="Java HotSpot(TM) 64-Bit Server VM"/>
    <property name="file.encoding.pkg" value="sun.io"/>
    <property name="user.script" value=""/>
    <property name="user.country" value="US"/>
    <property name="sun.java.launcher" value="SUN_STANDARD"/>
    <property name="sun.os.patch.level" value="Service Pack 1"/>
    <property name="java.vm.specification.name" value="Java Virtual Machine Specification"/>
    <property name="user.dir" value="F:\projects\Kontroll\kontroll\kontroll-content"/>
    <property name="java.runtime.version" value="1.7.0_03-b05"/>
    <property name="java.awt.graphicsenv" value="sun.awt.Win32GraphicsEnvironment"/>
    <property name="java.endorsed.dirs" value="F:\JDKs\Java7\jre\lib\endorsed"/>
    <property name="os.arch" value="amd64"/>
    <property name="java.io.tmpdir" value="C:\Users\SERGDE~1\AppData\Local\Temp\"/>
    <property name="line.separator" value="&#10;"/>
    <property name="java.vm.specification.vendor" value="Oracle Corporation"/>
    <property name="user.variant" value=""/>
    <property name="os.name" value="Windows 7"/>
    <property name="classworlds.conf" value="F:\projects\Kontroll\.metadata\.plugins\org.eclipse.m2e.launching\launches\m2conf5435103827556277629.tmp"/>
    <property name="sun.jnu.encoding" value="Cp1252"/>
    <property name="java.library.path" value="F:\JDKs\Java7\bin;C:\Windows\Sun\Java\bin;C:\Windows\system32;C:\Windows;C:\Windows\system32;C:\Windows;C:\Windows\System32\Wbem;C:\Windows\System32\WindowsPowerShell\v1.0\,F:\JDKs\Java7\bin;F:\tools\mysql\MySQL Server 5.5\bin;F:\tools\mysql\bin;F:\JDKs\Java7\jre\bin;F:\tools\node\;F:\tools\maven\apache-maven-3.0.3\bin;F:\JDKs\Java7\jre\bin;F:\tools\spring-roo\bin;C:\Users\Serg Derbst\AppData\Roaming\npm;."/>
    <property name="java.specification.name" value="Java Platform API Specification"/>
    <property name="java.class.version" value="51.0"/>
    <property name="sun.management.compiler" value="HotSpot 64-Bit Tiered Compilers"/>
    <property name="os.version" value="6.1"/>
    <property name="user.home" value="C:\Users\Serg Derbst"/>
    <property name="user.timezone" value="Europe/Berlin"/>
    <property name="java.awt.printerjob" value="sun.awt.windows.WPrinterJob"/>
    <property name="java.specification.version" value="1.7"/>
    <property name="file.encoding" value="Cp1252"/>
    <property name="user.name" value="Serg Derbst"/>
    <property name="java.class.path" value="/F:/tools/eclipse/configuration/org.eclipse.osgi/bundles/501/1/.cp/jars/plexus-classworlds-2.4.jar"/>
    <property name="java.vm.specification.version" value="1.7"/>
    <property name="sun.arch.data.model" value="64"/>
    <property name="java.home" value="F:\JDKs\Java7\jre"/>
    <property name="sun.java.command" value="org.codehaus.plexus.classworlds.launcher.Launcher -B -s C:\Users\Serg Derbst\.m2\settings.xml test"/>
    <property name="java.specification.vendor" value="Oracle Corporation"/>
    <property name="user.language" value="en"/>
    <property name="user.language.format" value="de"/>
    <property name="awt.toolkit" value="sun.awt.windows.WToolkit"/>
    <property name="java.vm.info" value="mixed mode"/>
    <property name="java.version" value="1.7.0_03"/>
    <property name="java.ext.dirs" value="F:\JDKs\Java7\jre\lib\ext;C:\Windows\Sun\Java\lib\ext"/>
    <property name="sun.boot.class.path" value="F:\JDKs\Java7\jre\lib\resources.jar;F:\JDKs\Java7\jre\lib\rt.jar;F:\JDKs\Java7\jre\lib\sunrsasign.jar;F:\JDKs\Java7\jre\lib\jsse.jar;F:\JDKs\Java7\jre\lib\jce.jar;F:\JDKs\Java7\jre\lib\charsets.jar;F:\JDKs\Java7\jre\classes"/>
    <property name="java.vendor" value="Oracle Corporation"/>
    <property name="maven.home" value="F:\projects\Kontroll\kontroll\kontroll-content\EMBEDDED"/>
    <property name="file.separator" value="\"/>
    <property name="java.vendor.url.bug" value="http://bugreport.sun.com/bugreport/"/>
    <property name="maven.bootclasspath" value="/F:/tools/eclipse/configuration/org.eclipse.osgi/bundles/501/1/.cp/jars/plexus-classworlds-2.4.jar"/>
    <property name="sun.cpu.endian" value="little"/>
    <property name="sun.io.unicode.encoding" value="UnicodeLittle"/>
    <property name="sun.desktop" value="windows"/>
    <property name="sun.cpu.isalist" value="amd64"/>
  </properties>
  <testcase name="testThatCreateWorks" classname="com.tmt.kontroll.content.persistence.services.ScopedContentDaoServiceTest" time="4.167"/>
  <testcase name="testThatCreateAllWorks" classname="com.tmt.kontroll.content.persistence.services.ScopedContentDaoServiceTest" time="4.477"/>
  <testcase name="testThatUpdateWorks" classname="com.tmt.kontroll.content.persistence.services.ScopedContentDaoServiceTest" time="4.505"/>
  <testcase name="testThatCountWorks" classname="com.tmt.kontroll.content.persistence.services.ScopedContentDaoServiceTest" time="4.058"/>
  <testcase name="testThatDeleteWorks" classname="com.tmt.kontroll.content.persistence.services.ScopedContentDaoServiceTest" time="4.08"/>
  <testcase name="testThatExistsWorks" classname="com.tmt.kontroll.content.persistence.services.ScopedContentDaoServiceTest" time="4.353"/>
  <testcase name="testThatReadAllWorks" classname="com.tmt.kontroll.content.persistence.services.ScopedContentDaoServiceTest" time="4.424"/>
  <testcase name="testThatReadWorks" classname="com.tmt.kontroll.content.persistence.services.ScopedContentDaoServiceTest" time="3.849"/>
  <testcase name="testThatUniqueConstraintsOnTableViolationsCauseError" classname="com.tmt.kontroll.content.persistence.services.ScopedContentDaoServiceTest" time="4.028"/>
  <testcase name="testThatUniqueConstraintsOnColumnViolationsCauseError" classname="com.tmt.kontroll.content.persistence.services.ScopedContentDaoServiceTest" time="4.048">
    <failure message="Constraint assertion failed. Failures:&#10;Unique constraint on column: " type="java.lang.AssertionError">java.lang.AssertionError: Constraint assertion failed. Failures:
Unique constraint on column: 
	at org.junit.Assert.fail(Assert.java:93)
	at com.tmt.kontroll.test.persistence.run.data.assertion.constraint.ConstraintAsserter.assertConstraints(ConstraintAsserter.java:43)
	at com.tmt.kontroll.test.persistence.PersistenceEntityDaoServiceTest.testThatUniqueConstraintsOnColumnViolationsCauseError(PersistenceEntityDaoServiceTest.java:148)
	at sun.reflect.NativeMethodAccessorImpl.invoke0(Native Method)
	at sun.reflect.NativeMethodAccessorImpl.invoke(NativeMethodAccessorImpl.java:57)
	at sun.reflect.DelegatingMethodAccessorImpl.invoke(DelegatingMethodAccessorImpl.java:43)
	at java.lang.reflect.Method.invoke(Method.java:601)
	at org.junit.runners.model.FrameworkMethod$1.runReflectiveCall(FrameworkMethod.java:45)
	at org.junit.internal.runners.model.ReflectiveCallable.run(ReflectiveCallable.java:15)
	at org.junit.runners.model.FrameworkMethod.invokeExplosively(FrameworkMethod.java:42)
	at org.junit.internal.runners.statements.InvokeMethod.evaluate(InvokeMethod.java:20)
	at org.springframework.test.context.junit4.statements.RunBeforeTestMethodCallbacks.evaluate(RunBeforeTestMethodCallbacks.java:74)
	at org.springframework.test.context.junit4.statements.RunAfterTestMethodCallbacks.evaluate(RunAfterTestMethodCallbacks.java:83)
	at org.springframework.test.context.junit4.statements.SpringRepeat.evaluate(SpringRepeat.java:72)
	at org.springframework.test.context.junit4.SpringJUnit4ClassRunner.runChild(SpringJUnit4ClassRunner.java:231)
	at org.springframework.test.context.junit4.SpringJUnit4ClassRunner.runChild(SpringJUnit4ClassRunner.java:88)
	at org.junit.runners.ParentRunner$3.run(ParentRunner.java:231)
	at org.junit.runners.ParentRunner$1.schedule(ParentRunner.java:60)
	at org.junit.runners.ParentRunner.runChildren(ParentRunner.java:229)
	at org.junit.runners.ParentRunner.access$000(ParentRunner.java:50)
	at org.junit.runners.ParentRunner$2.evaluate(ParentRunner.java:222)
	at org.springframework.test.context.junit4.statements.RunBeforeTestClassCallbacks.evaluate(RunBeforeTestClassCallbacks.java:61)
	at org.springframework.test.context.junit4.statements.RunAfterTestClassCallbacks.evaluate(RunAfterTestClassCallbacks.java:71)
	at org.junit.runners.ParentRunner.run(ParentRunner.java:300)
	at org.springframework.test.context.junit4.SpringJUnit4ClassRunner.run(SpringJUnit4ClassRunner.java:174)
	at org.apache.maven.surefire.junit4.JUnit4Provider.execute(JUnit4Provider.java:264)
	at org.apache.maven.surefire.junit4.JUnit4Provider.executeTestSet(JUnit4Provider.java:153)
	at org.apache.maven.surefire.junit4.JUnit4Provider.invoke(JUnit4Provider.java:124)
	at sun.reflect.NativeMethodAccessorImpl.invoke0(Native Method)
	at sun.reflect.NativeMethodAccessorImpl.invoke(NativeMethodAccessorImpl.java:57)
	at sun.reflect.DelegatingMethodAccessorImpl.invoke(DelegatingMethodAccessorImpl.java:43)
	at java.lang.reflect.Method.invoke(Method.java:601)
	at org.apache.maven.surefire.util.ReflectionUtils.invokeMethodWithArray2(ReflectionUtils.java:208)
	at org.apache.maven.surefire.booter.ProviderFactory$ProviderProxy.invoke(ProviderFactory.java:159)
	at org.apache.maven.surefire.booter.ProviderFactory.invokeProvider(ProviderFactory.java:87)
	at org.apache.maven.surefire.booter.ForkedBooter.runSuitesInProcess(ForkedBooter.java:153)
	at org.apache.maven.surefire.booter.ForkedBooter.main(ForkedBooter.java:95)
</failure>
    <system-out><![CDATA[169734 [main] DEBUG org.springframework.test.annotation.ProfileValueUtils  - Retrieved @ProfileValueSourceConfiguration [null] for test class [com.tmt.kontroll.content.persistence.services.ScopedContentDaoServiceTest]
169734 [main] DEBUG org.springframework.test.annotation.ProfileValueUtils  - Retrieved ProfileValueSource type [class org.springframework.test.annotation.SystemProfileValueSource] for class [com.tmt.kontroll.content.persistence.services.ScopedContentDaoServiceTest]
169735 [main] TRACE org.springframework.test.context.TestContextManager  - prepareTestInstance(): instance [com.tmt.kontroll.content.persistence.services.ScopedContentDaoServiceTest@38f130cd]
169735 [main] DEBUG org.springframework.test.context.support.DependencyInjectionTestExecutionListener  - Performing dependency injection for test context [[TestContext@1f186a2c testClass = ScopedContentDaoServiceTest, testInstance = com.tmt.kontroll.content.persistence.services.ScopedContentDaoServiceTest@38f130cd, testMethod = [null], testException = [null], mergedContextConfiguration = [MergedContextConfiguration@7be27ea6 testClass = ScopedContentDaoServiceTest, locations = '{}', classes = '{class com.tmt.kontroll.content.config.ContentTestConfig}', contextInitializerClasses = '[]', activeProfiles = '{}', contextLoader = 'org.springframework.test.context.support.DelegatingSmartContextLoader', parent = [null]]]].
169735 [main] DEBUG org.springframework.test.context.CacheAwareContextLoaderDelegate  - Retrieved ApplicationContext from cache with key [[MergedContextConfiguration@7be27ea6 testClass = ScopedContentDaoServiceTest, locations = '{}', classes = '{class com.tmt.kontroll.content.config.ContentTestConfig}', contextInitializerClasses = '[]', activeProfiles = '{}', contextLoader = 'org.springframework.test.context.support.DelegatingSmartContextLoader', parent = [null]]].
169735 [main] DEBUG org.springframework.beans.factory.annotation.InjectionMetadata  - Processing injected method of bean 'com.tmt.kontroll.content.persistence.services.ScopedContentDaoServiceTest': AutowiredFieldElement for private com.tmt.kontroll.content.persistence.services.ScopedContentDaoService com.tmt.kontroll.content.persistence.services.ScopedContentDaoServiceTest.service
169735 [main] DEBUG org.springframework.beans.factory.support.DefaultListableBeanFactory  - Returning cached instance of singleton bean 'scopedContentDaoService'
169735 [main] DEBUG com.github.springtestdbunit.DbUnitTestExecutionListener  - Preparing test instance class com.tmt.kontroll.content.persistence.services.ScopedContentDaoServiceTest for DBUnit
169735 [main] DEBUG org.springframework.test.context.CacheAwareContextLoaderDelegate  - Retrieved ApplicationContext from cache with key [[MergedContextConfiguration@7be27ea6 testClass = ScopedContentDaoServiceTest, locations = '{}', classes = '{class com.tmt.kontroll.content.config.ContentTestConfig}', contextInitializerClasses = '[]', activeProfiles = '{}', contextLoader = 'org.springframework.test.context.support.DelegatingSmartContextLoader', parent = [null]]].
169735 [main] DEBUG org.springframework.test.context.CacheAwareContextLoaderDelegate  - Retrieved ApplicationContext from cache with key [[MergedContextConfiguration@7be27ea6 testClass = ScopedContentDaoServiceTest, locations = '{}', classes = '{class com.tmt.kontroll.content.config.ContentTestConfig}', contextInitializerClasses = '[]', activeProfiles = '{}', contextLoader = 'org.springframework.test.context.support.DelegatingSmartContextLoader', parent = [null]]].
169735 [main] DEBUG com.github.springtestdbunit.DbUnitTestExecutionListener  - DBUnit tests will run using databaseConnection "dataSource", datasets will be loaded using class com.github.springtestdbunit.dataset.FlatXmlDataSetLoader
169736 [main] DEBUG org.springframework.test.context.CacheAwareContextLoaderDelegate  - Retrieved ApplicationContext from cache with key [[MergedContextConfiguration@7be27ea6 testClass = ScopedContentDaoServiceTest, locations = '{}', classes = '{class com.tmt.kontroll.content.config.ContentTestConfig}', contextInitializerClasses = '[]', activeProfiles = '{}', contextLoader = 'org.springframework.test.context.support.DelegatingSmartContextLoader', parent = [null]]].
169736 [main] DEBUG org.springframework.beans.factory.support.DefaultListableBeanFactory  - Returning cached instance of singleton bean 'dataSource'
169736 [main] TRACE org.dbunit.database.DatabaseConfig  - setFeature(name=http://www.dbunit.org/features/batchedStatements, value=false) - start
169736 [main] TRACE org.dbunit.database.DatabaseConfig  - setProperty(name=http://www.dbunit.org/features/batchedStatements, value=false) - start
169736 [main] TRACE org.dbunit.database.DatabaseConfig  - convertIfNeeded(property=http://www.dbunit.org/features/batchedStatements, value=false) - start
169736 [main] TRACE org.dbunit.database.DatabaseConfig  - checkObjectAllowed(property=http://www.dbunit.org/features/batchedStatements, value=false) - start
169736 [main] TRACE org.dbunit.database.DatabaseConfig  - setFeature(name=http://www.dbunit.org/features/qualifiedTableNames, value=false) - start
169736 [main] TRACE org.dbunit.database.DatabaseConfig  - setProperty(name=http://www.dbunit.org/features/qualifiedTableNames, value=false) - start
169736 [main] TRACE org.dbunit.database.DatabaseConfig  - convertIfNeeded(property=http://www.dbunit.org/features/qualifiedTableNames, value=false) - start
169736 [main] TRACE org.dbunit.database.DatabaseConfig  - checkObjectAllowed(property=http://www.dbunit.org/features/qualifiedTableNames, value=false) - start
169736 [main] TRACE org.dbunit.database.DatabaseConfig  - setFeature(name=http://www.dbunit.org/features/caseSensitiveTableNames, value=false) - start
169736 [main] TRACE org.dbunit.database.DatabaseConfig  - setProperty(name=http://www.dbunit.org/features/caseSensitiveTableNames, value=false) - start
169736 [main] TRACE org.dbunit.database.DatabaseConfig  - convertIfNeeded(property=http://www.dbunit.org/features/caseSensitiveTableNames, value=false) - start
169736 [main] TRACE org.dbunit.database.DatabaseConfig  - checkObjectAllowed(property=http://www.dbunit.org/features/caseSensitiveTableNames, value=false) - start
169736 [main] TRACE org.dbunit.database.DatabaseConfig  - setFeature(name=http://www.dbunit.org/features/datatypeWarning, value=true) - start
169736 [main] TRACE org.dbunit.database.DatabaseConfig  - setProperty(name=http://www.dbunit.org/features/datatypeWarning, value=true) - start
169736 [main] TRACE org.dbunit.database.DatabaseConfig  - convertIfNeeded(property=http://www.dbunit.org/features/datatypeWarning, value=true) - start
169736 [main] TRACE org.dbunit.database.DatabaseConfig  - checkObjectAllowed(property=http://www.dbunit.org/features/datatypeWarning, value=true) - start
169736 [main] TRACE org.dbunit.database.DatabaseConfig  - setProperty(name=http://www.dbunit.org/properties/statementFactory, value=org.dbunit.database.statement.PreparedStatementFactory@626bc2b8) - start
169736 [main] TRACE org.dbunit.database.DatabaseConfig  - convertIfNeeded(property=http://www.dbunit.org/properties/statementFactory, value=org.dbunit.database.statement.PreparedStatementFactory@626bc2b8) - start
169736 [main] TRACE org.dbunit.database.DatabaseConfig  - checkObjectAllowed(property=http://www.dbunit.org/properties/statementFactory, value=org.dbunit.database.statement.PreparedStatementFactory@626bc2b8) - start
169736 [main] TRACE org.dbunit.database.DatabaseConfig  - setProperty(name=http://www.dbunit.org/properties/resultSetTableFactory, value=org.dbunit.database.CachedResultSetTableFactory@10bcf083) - start
169737 [main] TRACE org.dbunit.database.DatabaseConfig  - convertIfNeeded(property=http://www.dbunit.org/properties/resultSetTableFactory, value=org.dbunit.database.CachedResultSetTableFactory@10bcf083) - start
169737 [main] TRACE org.dbunit.database.DatabaseConfig  - checkObjectAllowed(property=http://www.dbunit.org/properties/resultSetTableFactory, value=org.dbunit.database.CachedResultSetTableFactory@10bcf083) - start
169737 [main] TRACE org.dbunit.database.DatabaseConfig  - setProperty(name=http://www.dbunit.org/properties/datatypeFactory, value=org.dbunit.dataset.datatype.DefaultDataTypeFactory[_toleratedDeltaMap=org.dbunit.dataset.datatype.ToleratedDeltaMap@6452310a]) - start
169737 [main] TRACE org.dbunit.database.DatabaseConfig  - convertIfNeeded(property=http://www.dbunit.org/properties/datatypeFactory, value=org.dbunit.dataset.datatype.DefaultDataTypeFactory[_toleratedDeltaMap=org.dbunit.dataset.datatype.ToleratedDeltaMap@6452310a]) - start
169737 [main] TRACE org.dbunit.database.DatabaseConfig  - checkObjectAllowed(property=http://www.dbunit.org/properties/datatypeFactory, value=org.dbunit.dataset.datatype.DefaultDataTypeFactory[_toleratedDeltaMap=org.dbunit.dataset.datatype.ToleratedDeltaMap@6452310a]) - start
169737 [main] TRACE org.dbunit.database.DatabaseConfig  - setProperty(name=http://www.dbunit.org/properties/escapePattern, value=null) - start
169737 [main] TRACE org.dbunit.database.DatabaseConfig  - convertIfNeeded(property=http://www.dbunit.org/properties/escapePattern, value=null) - start
169737 [main] TRACE org.dbunit.database.DatabaseConfig  - checkObjectAllowed(property=http://www.dbunit.org/properties/escapePattern, value=null) - start
169737 [main] TRACE org.dbunit.database.DatabaseConfig  - setProperty(name=http://www.dbunit.org/properties/tableType, value=[TABLE]) - start
169737 [main] TRACE org.dbunit.database.DatabaseConfig  - convertIfNeeded(property=http://www.dbunit.org/properties/tableType, value=[TABLE]) - start
169737 [main] TRACE org.dbunit.database.DatabaseConfig  - checkObjectAllowed(property=http://www.dbunit.org/properties/tableType, value=[TABLE]) - start
169737 [main] TRACE org.dbunit.database.DatabaseConfig  - setProperty(name=http://www.dbunit.org/properties/batchSize, value=100) - start
169737 [main] TRACE org.dbunit.database.DatabaseConfig  - convertIfNeeded(property=http://www.dbunit.org/properties/batchSize, value=100) - start
169737 [main] TRACE org.dbunit.database.DatabaseConfig  - checkObjectAllowed(property=http://www.dbunit.org/properties/batchSize, value=100) - start
169737 [main] TRACE org.dbunit.database.DatabaseConfig  - setProperty(name=http://www.dbunit.org/properties/fetchSize, value=100) - start
169737 [main] TRACE org.dbunit.database.DatabaseConfig  - convertIfNeeded(property=http://www.dbunit.org/properties/fetchSize, value=100) - start
169737 [main] TRACE org.dbunit.database.DatabaseConfig  - checkObjectAllowed(property=http://www.dbunit.org/properties/fetchSize, value=100) - start
169737 [main] TRACE org.dbunit.database.DatabaseConfig  - setProperty(name=http://www.dbunit.org/properties/metadataHandler, value=org.dbunit.database.DefaultMetadataHandler@62baffef) - start
169737 [main] TRACE org.dbunit.database.DatabaseConfig  - convertIfNeeded(property=http://www.dbunit.org/properties/metadataHandler, value=org.dbunit.database.DefaultMetadataHandler@62baffef) - start
169737 [main] TRACE org.dbunit.database.DatabaseConfig  - checkObjectAllowed(property=http://www.dbunit.org/properties/metadataHandler, value=org.dbunit.database.DefaultMetadataHandler@62baffef) - start
169737 [main] TRACE org.springframework.test.context.TestContextManager  - beforeTestMethod(): instance [com.tmt.kontroll.content.persistence.services.ScopedContentDaoServiceTest@38f130cd], method [public void com.tmt.kontroll.test.persistence.PersistenceEntityDaoServiceTest.testThatUniqueConstraintsOnColumnViolationsCauseError()]
169738 [main] DEBUG org.dbunit.dataset.CachedDataSet  - startDataSet() - start

169745 [main] DEBUG org.dbunit.database.AbstractDatabaseConnection  - createDataSet() - start
169745 [main] TRACE org.dbunit.database.DatabaseConfig  - getFeature(name=http://www.dbunit.org/features/caseSensitiveTableNames) - start
169745 [main] TRACE org.dbunit.database.DatabaseConfig  - getProperty(name=http://www.dbunit.org/features/caseSensitiveTableNames) - start
169745 [main] DEBUG org.dbunit.database.DatabaseDataSet  - initialize() - start
169745 [main] DEBUG org.dbunit.database.DatabaseDataSet  - Initializing the data set from the database...
169745 [main] DEBUG org.dbunit.database.DatabaseDataSourceConnection  - getConnection() - start
169745 [main] DEBUG org.springframework.jdbc.datasource.DataSourceUtils  - Fetching JDBC Connection from DataSource
169745 [main] TRACE org.dbunit.database.DatabaseConfig  - getProperty(name=http://www.dbunit.org/properties/tableType) - start
169745 [main] TRACE org.dbunit.database.DatabaseConfig  - getProperty(name=http://www.dbunit.org/properties/metadataHandler) - start
169746 [main] TRACE org.dbunit.database.DefaultMetadataHandler  - getTables(metaData=org.apache.commons.dbcp.DelegatingDatabaseMetaData@260e9123, schemaName=null, tableType=[TABLE]) - start
169747 [main] DEBUG org.dbunit.database.DatabaseDataSet  - 
	database product name=HSQL Database Engine
	database version=2.2.8
	database major version=2
	database minor version=2
	jdbc driver name=HSQL Database Engine Driver
	jdbc driver version=2.2.8
	jdbc driver major version=2
	jdbc driver minor version=2

169747 [main] DEBUG org.dbunit.database.DatabaseDataSet  - metadata resultset=org.apache.commons.dbcp.DelegatingResultSet@8a313bd
169747 [main] TRACE org.dbunit.database.DefaultMetadataHandler  - getColumns(resultSet=org.apache.commons.dbcp.DelegatingResultSet@8a313bd) - start
169747 [main] TRACE org.dbunit.database.DatabaseConfig  - getFeature(name=http://www.dbunit.org/features/skipOracleRecycleBinTables) - start
169747 [main] TRACE org.dbunit.database.DatabaseConfig  - getProperty(name=http://www.dbunit.org/features/skipOracleRecycleBinTables) - start
169747 [main] DEBUG org.dbunit.util.QualifiedTableName  - getQualifiedNameIfEnabled(config=org.dbunit.database.DatabaseConfig[, _propertyMap={http://www.dbunit.org/properties/statementFactory=org.dbunit.database.statement.PreparedStatementFactory@626bc2b8, http://www.dbunit.org/features/caseSensitiveTableNames=false, http://www.dbunit.org/properties/fetchSize=100, http://www.dbunit.org/features/batchedStatements=false, http://www.dbunit.org/properties/metadataHandler=org.dbunit.database.DefaultMetadataHandler@62baffef, http://www.dbunit.org/properties/datatypeFactory=org.dbunit.dataset.datatype.DefaultDataTypeFactory[_toleratedDeltaMap=org.dbunit.dataset.datatype.ToleratedDeltaMap@6452310a], http://www.dbunit.org/properties/escapePattern=null, http://www.dbunit.org/properties/batchSize=100, http://www.dbunit.org/features/qualifiedTableNames=false, http://www.dbunit.org/properties/tableType=[Ljava.lang.String;@5011bafa, http://www.dbunit.org/properties/resultSetTableFactory=org.dbunit.database.CachedResultSetTableFactory@10bcf083, http://www.dbunit.org/features/datatypeWarning=true}]) - start
169747 [main] TRACE org.dbunit.database.DatabaseConfig  - getFeature(name=http://www.dbunit.org/features/qualifiedTableNames) - start
169747 [main] TRACE org.dbunit.database.DatabaseConfig  - getProperty(name=http://www.dbunit.org/features/qualifiedTableNames) - start
169747 [main] DEBUG org.dbunit.util.QualifiedTableName  - Qualified table names feature is disabled. Returning plain table name
169747 [main] DEBUG org.dbunit.util.QualifiedTableName  - getQualifiedName(prefix=null, name=AUTHORITY, escapePattern=null) - start
169748 [main] DEBUG org.dbunit.dataset.OrderedTableNameMap  - add(tableName=AUTHORITY, object=null) - start
169748 [main] DEBUG org.dbunit.dataset.OrderedTableNameMap  - getTableName(tableName=AUTHORITY) - start
169748 [main] DEBUG org.dbunit.dataset.OrderedTableNameMap  - getTableName(tableName=AUTHORITY) - end - result=AUTHORITY
169748 [main] DEBUG org.dbunit.dataset.OrderedTableNameMap  - getTableName(tableName=AUTHORITY) - start
169748 [main] DEBUG org.dbunit.dataset.OrderedTableNameMap  - getTableName(tableName=AUTHORITY) - end - result=AUTHORITY
169748 [main] TRACE org.dbunit.database.DefaultMetadataHandler  - getColumns(resultSet=org.apache.commons.dbcp.DelegatingResultSet@8a313bd) - start
169748 [main] TRACE org.dbunit.database.DatabaseConfig  - getFeature(name=http://www.dbunit.org/features/skipOracleRecycleBinTables) - start
169748 [main] TRACE org.dbunit.database.DatabaseConfig  - getProperty(name=http://www.dbunit.org/features/skipOracleRecycleBinTables) - start
169748 [main] DEBUG org.dbunit.util.QualifiedTableName  - getQualifiedNameIfEnabled(config=org.dbunit.database.DatabaseConfig[, _propertyMap={http://www.dbunit.org/properties/statementFactory=org.dbunit.database.statement.PreparedStatementFactory@626bc2b8, http://www.dbunit.org/features/caseSensitiveTableNames=false, http://www.dbunit.org/properties/fetchSize=100, http://www.dbunit.org/features/batchedStatements=false, http://www.dbunit.org/properties/metadataHandler=org.dbunit.database.DefaultMetadataHandler@62baffef, http://www.dbunit.org/properties/datatypeFactory=org.dbunit.dataset.datatype.DefaultDataTypeFactory[_toleratedDeltaMap=org.dbunit.dataset.datatype.ToleratedDeltaMap@6452310a], http://www.dbunit.org/properties/escapePattern=null, http://www.dbunit.org/properties/batchSize=100, http://www.dbunit.org/features/qualifiedTableNames=false, http://www.dbunit.org/properties/tableType=[Ljava.lang.String;@5011bafa, http://www.dbunit.org/properties/resultSetTableFactory=org.dbunit.database.CachedResultSetTableFactory@10bcf083, http://www.dbunit.org/features/datatypeWarning=true}]) - start
169748 [main] TRACE org.dbunit.database.DatabaseConfig  - getFeature(name=http://www.dbunit.org/features/qualifiedTableNames) - start
169748 [main] TRACE org.dbunit.database.DatabaseConfig  - getProperty(name=http://www.dbunit.org/features/qualifiedTableNames) - start
169748 [main] DEBUG org.dbunit.util.QualifiedTableName  - Qualified table names feature is disabled. Returning plain table name
169748 [main] DEBUG org.dbunit.util.QualifiedTableName  - getQualifiedName(prefix=null, name=CAPTION, escapePattern=null) - start
169748 [main] DEBUG org.dbunit.dataset.OrderedTableNameMap  - add(tableName=CAPTION, object=null) - start
169748 [main] DEBUG org.dbunit.dataset.OrderedTableNameMap  - getTableName(tableName=CAPTION) - start
169748 [main] DEBUG org.dbunit.dataset.OrderedTableNameMap  - getTableName(tableName=CAPTION) - end - result=CAPTION
169748 [main] DEBUG org.dbunit.dataset.OrderedTableNameMap  - getTableName(tableName=CAPTION) - start
169748 [main] DEBUG org.dbunit.dataset.OrderedTableNameMap  - getTableName(tableName=CAPTION) - end - result=CAPTION
169748 [main] TRACE org.dbunit.database.DefaultMetadataHandler  - getColumns(resultSet=org.apache.commons.dbcp.DelegatingResultSet@8a313bd) - start
169748 [main] TRACE org.dbunit.database.DatabaseConfig  - getFeature(name=http://www.dbunit.org/features/skipOracleRecycleBinTables) - start
169748 [main] TRACE org.dbunit.database.DatabaseConfig  - getProperty(name=http://www.dbunit.org/features/skipOracleRecycleBinTables) - start
169748 [main] DEBUG org.dbunit.util.QualifiedTableName  - getQualifiedNameIfEnabled(config=org.dbunit.database.DatabaseConfig[, _propertyMap={http://www.dbunit.org/properties/statementFactory=org.dbunit.database.statement.PreparedStatementFactory@626bc2b8, http://www.dbunit.org/features/caseSensitiveTableNames=false, http://www.dbunit.org/properties/fetchSize=100, http://www.dbunit.org/features/batchedStatements=false, http://www.dbunit.org/properties/metadataHandler=org.dbunit.database.DefaultMetadataHandler@62baffef, http://www.dbunit.org/properties/datatypeFactory=org.dbunit.dataset.datatype.DefaultDataTypeFactory[_toleratedDeltaMap=org.dbunit.dataset.datatype.ToleratedDeltaMap@6452310a], http://www.dbunit.org/properties/escapePattern=null, http://www.dbunit.org/properties/batchSize=100, http://www.dbunit.org/features/qualifiedTableNames=false, http://www.dbunit.org/properties/tableType=[Ljava.lang.String;@5011bafa, http://www.dbunit.org/properties/resultSetTableFactory=org.dbunit.database.CachedResultSetTableFactory@10bcf083, http://www.dbunit.org/features/datatypeWarning=true}]) - start
169749 [main] TRACE org.dbunit.database.DatabaseConfig  - getFeature(name=http://www.dbunit.org/features/qualifiedTableNames) - start
169749 [main] TRACE org.dbunit.database.DatabaseConfig  - getProperty(name=http://www.dbunit.org/features/qualifiedTableNames) - start
169749 [main] DEBUG org.dbunit.util.QualifiedTableName  - Qualified table names feature is disabled. Returning plain table name
169749 [main] DEBUG org.dbunit.util.QualifiedTableName  - getQualifiedName(prefix=null, name=NESTEDSCOPEDCONTENTCONDITIONS, escapePattern=null) - start
169749 [main] DEBUG org.dbunit.dataset.OrderedTableNameMap  - add(tableName=NESTEDSCOPEDCONTENTCONDITIONS, object=null) - start
169749 [main] DEBUG org.dbunit.dataset.OrderedTableNameMap  - getTableName(tableName=NESTEDSCOPEDCONTENTCONDITIONS) - start
169749 [main] DEBUG org.dbunit.dataset.OrderedTableNameMap  - getTableName(tableName=NESTEDSCOPEDCONTENTCONDITIONS) - end - result=NESTEDSCOPEDCONTENTCONDITIONS
169749 [main] DEBUG org.dbunit.dataset.OrderedTableNameMap  - getTableName(tableName=NESTEDSCOPEDCONTENTCONDITIONS) - start
169749 [main] DEBUG org.dbunit.dataset.OrderedTableNameMap  - getTableName(tableName=NESTEDSCOPEDCONTENTCONDITIONS) - end - result=NESTEDSCOPEDCONTENTCONDITIONS
169749 [main] TRACE org.dbunit.database.DefaultMetadataHandler  - getColumns(resultSet=org.apache.commons.dbcp.DelegatingResultSet@8a313bd) - start
169749 [main] TRACE org.dbunit.database.DatabaseConfig  - getFeature(name=http://www.dbunit.org/features/skipOracleRecycleBinTables) - start
169749 [main] TRACE org.dbunit.database.DatabaseConfig  - getProperty(name=http://www.dbunit.org/features/skipOracleRecycleBinTables) - start
169749 [main] DEBUG org.dbunit.util.QualifiedTableName  - getQualifiedNameIfEnabled(config=org.dbunit.database.DatabaseConfig[, _propertyMap={http://www.dbunit.org/properties/statementFactory=org.dbunit.database.statement.PreparedStatementFactory@626bc2b8, http://www.dbunit.org/features/caseSensitiveTableNames=false, http://www.dbunit.org/properties/fetchSize=100, http://www.dbunit.org/features/batchedStatements=false, http://www.dbunit.org/properties/metadataHandler=org.dbunit.database.DefaultMetadataHandler@62baffef, http://www.dbunit.org/properties/datatypeFactory=org.dbunit.dataset.datatype.DefaultDataTypeFactory[_toleratedDeltaMap=org.dbunit.dataset.datatype.ToleratedDeltaMap@6452310a], http://www.dbunit.org/properties/escapePattern=null, http://www.dbunit.org/properties/batchSize=100, http://www.dbunit.org/features/qualifiedTableNames=false, http://www.dbunit.org/properties/tableType=[Ljava.lang.String;@5011bafa, http://www.dbunit.org/properties/resultSetTableFactory=org.dbunit.database.CachedResultSetTableFactory@10bcf083, http://www.dbunit.org/features/datatypeWarning=true}]) - start
169749 [main] TRACE org.dbunit.database.DatabaseConfig  - getFeature(name=http://www.dbunit.org/features/qualifiedTableNames) - start
169749 [main] TRACE org.dbunit.database.DatabaseConfig  - getProperty(name=http://www.dbunit.org/features/qualifiedTableNames) - start
169749 [main] DEBUG org.dbunit.util.QualifiedTableName  - Qualified table names feature is disabled. Returning plain table name
169749 [main] DEBUG org.dbunit.util.QualifiedTableName  - getQualifiedName(prefix=null, name=REQUESTCONTEXT, escapePattern=null) - start
169749 [main] DEBUG org.dbunit.dataset.OrderedTableNameMap  - add(tableName=REQUESTCONTEXT, object=null) - start
169749 [main] DEBUG org.dbunit.dataset.OrderedTableNameMap  - getTableName(tableName=REQUESTCONTEXT) - start
169749 [main] DEBUG org.dbunit.dataset.OrderedTableNameMap  - getTableName(tableName=REQUESTCONTEXT) - end - result=REQUESTCONTEXT
169749 [main] DEBUG org.dbunit.dataset.OrderedTableNameMap  - getTableName(tableName=REQUESTCONTEXT) - start
169749 [main] DEBUG org.dbunit.dataset.OrderedTableNameMap  - getTableName(tableName=REQUESTCONTEXT) - end - result=REQUESTCONTEXT
169749 [main] TRACE org.dbunit.database.DefaultMetadataHandler  - getColumns(resultSet=org.apache.commons.dbcp.DelegatingResultSet@8a313bd) - start
169750 [main] TRACE org.dbunit.database.DatabaseConfig  - getFeature(name=http://www.dbunit.org/features/skipOracleRecycleBinTables) - start
169750 [main] TRACE org.dbunit.database.DatabaseConfig  - getProperty(name=http://www.dbunit.org/features/skipOracleRecycleBinTables) - start
169750 [main] DEBUG org.dbunit.util.QualifiedTableName  - getQualifiedNameIfEnabled(config=org.dbunit.database.DatabaseConfig[, _propertyMap={http://www.dbunit.org/properties/statementFactory=org.dbunit.database.statement.PreparedStatementFactory@626bc2b8, http://www.dbunit.org/features/caseSensitiveTableNames=false, http://www.dbunit.org/properties/fetchSize=100, http://www.dbunit.org/features/batchedStatements=false, http://www.dbunit.org/properties/metadataHandler=org.dbunit.database.DefaultMetadataHandler@62baffef, http://www.dbunit.org/properties/datatypeFactory=org.dbunit.dataset.datatype.DefaultDataTypeFactory[_toleratedDeltaMap=org.dbunit.dataset.datatype.ToleratedDeltaMap@6452310a], http://www.dbunit.org/properties/escapePattern=null, http://www.dbunit.org/properties/batchSize=100, http://www.dbunit.org/features/qualifiedTableNames=false, http://www.dbunit.org/properties/tableType=[Ljava.lang.String;@5011bafa, http://www.dbunit.org/properties/resultSetTableFactory=org.dbunit.database.CachedResultSetTableFactory@10bcf083, http://www.dbunit.org/features/datatypeWarning=true}]) - start
169750 [main] TRACE org.dbunit.database.DatabaseConfig  - getFeature(name=http://www.dbunit.org/features/qualifiedTableNames) - start
169750 [main] TRACE org.dbunit.database.DatabaseConfig  - getProperty(name=http://www.dbunit.org/features/qualifiedTableNames) - start
169750 [main] DEBUG org.dbunit.util.QualifiedTableName  - Qualified table names feature is disabled. Returning plain table name
169750 [main] DEBUG org.dbunit.util.QualifiedTableName  - getQualifiedName(prefix=null, name=SCOPE, escapePattern=null) - start
169750 [main] DEBUG org.dbunit.dataset.OrderedTableNameMap  - add(tableName=SCOPE, object=null) - start
169750 [main] DEBUG org.dbunit.dataset.OrderedTableNameMap  - getTableName(tableName=SCOPE) - start
169750 [main] DEBUG org.dbunit.dataset.OrderedTableNameMap  - getTableName(tableName=SCOPE) - end - result=SCOPE
169750 [main] DEBUG org.dbunit.dataset.OrderedTableNameMap  - getTableName(tableName=SCOPE) - start
169750 [main] DEBUG org.dbunit.dataset.OrderedTableNameMap  - getTableName(tableName=SCOPE) - end - result=SCOPE
169750 [main] TRACE org.dbunit.database.DefaultMetadataHandler  - getColumns(resultSet=org.apache.commons.dbcp.DelegatingResultSet@8a313bd) - start
169750 [main] TRACE org.dbunit.database.DatabaseConfig  - getFeature(name=http://www.dbunit.org/features/skipOracleRecycleBinTables) - start
169750 [main] TRACE org.dbunit.database.DatabaseConfig  - getProperty(name=http://www.dbunit.org/features/skipOracleRecycleBinTables) - start
169750 [main] DEBUG org.dbunit.util.QualifiedTableName  - getQualifiedNameIfEnabled(config=org.dbunit.database.DatabaseConfig[, _propertyMap={http://www.dbunit.org/properties/statementFactory=org.dbunit.database.statement.PreparedStatementFactory@626bc2b8, http://www.dbunit.org/features/caseSensitiveTableNames=false, http://www.dbunit.org/properties/fetchSize=100, http://www.dbunit.org/features/batchedStatements=false, http://www.dbunit.org/properties/metadataHandler=org.dbunit.database.DefaultMetadataHandler@62baffef, http://www.dbunit.org/properties/datatypeFactory=org.dbunit.dataset.datatype.DefaultDataTypeFactory[_toleratedDeltaMap=org.dbunit.dataset.datatype.ToleratedDeltaMap@6452310a], http://www.dbunit.org/properties/escapePattern=null, http://www.dbunit.org/properties/batchSize=100, http://www.dbunit.org/features/qualifiedTableNames=false, http://www.dbunit.org/properties/tableType=[Ljava.lang.String;@5011bafa, http://www.dbunit.org/properties/resultSetTableFactory=org.dbunit.database.CachedResultSetTableFactory@10bcf083, http://www.dbunit.org/features/datatypeWarning=true}]) - start
169750 [main] TRACE org.dbunit.database.DatabaseConfig  - getFeature(name=http://www.dbunit.org/features/qualifiedTableNames) - start
169750 [main] TRACE org.dbunit.database.DatabaseConfig  - getProperty(name=http://www.dbunit.org/features/qualifiedTableNames) - start
169750 [main] DEBUG org.dbunit.util.QualifiedTableName  - Qualified table names feature is disabled. Returning plain table name
169750 [main] DEBUG org.dbunit.util.QualifiedTableName  - getQualifiedName(prefix=null, name=SCOPEDCONTENT, escapePattern=null) - start
169750 [main] DEBUG org.dbunit.dataset.OrderedTableNameMap  - add(tableName=SCOPEDCONTENT, object=null) - start
169750 [main] DEBUG org.dbunit.dataset.OrderedTableNameMap  - getTableName(tableName=SCOPEDCONTENT) - start
169750 [main] DEBUG org.dbunit.dataset.OrderedTableNameMap  - getTableName(tableName=SCOPEDCONTENT) - end - result=SCOPEDCONTENT
169750 [main] DEBUG org.dbunit.dataset.OrderedTableNameMap  - getTableName(tableName=SCOPEDCONTENT) - start
169751 [main] DEBUG org.dbunit.dataset.OrderedTableNameMap  - getTableName(tableName=SCOPEDCONTENT) - end - result=SCOPEDCONTENT
169751 [main] TRACE org.dbunit.database.DefaultMetadataHandler  - getColumns(resultSet=org.apache.commons.dbcp.DelegatingResultSet@8a313bd) - start
169751 [main] TRACE org.dbunit.database.DatabaseConfig  - getFeature(name=http://www.dbunit.org/features/skipOracleRecycleBinTables) - start
169751 [main] TRACE org.dbunit.database.DatabaseConfig  - getProperty(name=http://www.dbunit.org/features/skipOracleRecycleBinTables) - start
169751 [main] DEBUG org.dbunit.util.QualifiedTableName  - getQualifiedNameIfEnabled(config=org.dbunit.database.DatabaseConfig[, _propertyMap={http://www.dbunit.org/properties/statementFactory=org.dbunit.database.statement.PreparedStatementFactory@626bc2b8, http://www.dbunit.org/features/caseSensitiveTableNames=false, http://www.dbunit.org/properties/fetchSize=100, http://www.dbunit.org/features/batchedStatements=false, http://www.dbunit.org/properties/metadataHandler=org.dbunit.database.DefaultMetadataHandler@62baffef, http://www.dbunit.org/properties/datatypeFactory=org.dbunit.dataset.datatype.DefaultDataTypeFactory[_toleratedDeltaMap=org.dbunit.dataset.datatype.ToleratedDeltaMap@6452310a], http://www.dbunit.org/properties/escapePattern=null, http://www.dbunit.org/properties/batchSize=100, http://www.dbunit.org/features/qualifiedTableNames=false, http://www.dbunit.org/properties/tableType=[Ljava.lang.String;@5011bafa, http://www.dbunit.org/properties/resultSetTableFactory=org.dbunit.database.CachedResultSetTableFactory@10bcf083, http://www.dbunit.org/features/datatypeWarning=true}]) - start
169751 [main] TRACE org.dbunit.database.DatabaseConfig  - getFeature(name=http://www.dbunit.org/features/qualifiedTableNames) - start
169751 [main] TRACE org.dbunit.database.DatabaseConfig  - getProperty(name=http://www.dbunit.org/features/qualifiedTableNames) - start
169751 [main] DEBUG org.dbunit.util.QualifiedTableName  - Qualified table names feature is disabled. Returning plain table name
169751 [main] DEBUG org.dbunit.util.QualifiedTableName  - getQualifiedName(prefix=null, name=SCOPEDCONTENTCONDITION, escapePattern=null) - start
169751 [main] DEBUG org.dbunit.dataset.OrderedTableNameMap  - add(tableName=SCOPEDCONTENTCONDITION, object=null) - start
169751 [main] DEBUG org.dbunit.dataset.OrderedTableNameMap  - getTableName(tableName=SCOPEDCONTENTCONDITION) - start
169751 [main] DEBUG org.dbunit.dataset.OrderedTableNameMap  - getTableName(tableName=SCOPEDCONTENTCONDITION) - end - result=SCOPEDCONTENTCONDITION
169751 [main] DEBUG org.dbunit.dataset.OrderedTableNameMap  - getTableName(tableName=SCOPEDCONTENTCONDITION) - start
169751 [main] DEBUG org.dbunit.dataset.OrderedTableNameMap  - getTableName(tableName=SCOPEDCONTENTCONDITION) - end - result=SCOPEDCONTENTCONDITION
169752 [main] TRACE org.dbunit.database.DefaultMetadataHandler  - getColumns(resultSet=org.apache.commons.dbcp.DelegatingResultSet@8a313bd) - start
169752 [main] TRACE org.dbunit.database.DatabaseConfig  - getFeature(name=http://www.dbunit.org/features/skipOracleRecycleBinTables) - start
169752 [main] TRACE org.dbunit.database.DatabaseConfig  - getProperty(name=http://www.dbunit.org/features/skipOracleRecycleBinTables) - start
169752 [main] DEBUG org.dbunit.util.QualifiedTableName  - getQualifiedNameIfEnabled(config=org.dbunit.database.DatabaseConfig[, _propertyMap={http://www.dbunit.org/properties/statementFactory=org.dbunit.database.statement.PreparedStatementFactory@626bc2b8, http://www.dbunit.org/features/caseSensitiveTableNames=false, http://www.dbunit.org/properties/fetchSize=100, http://www.dbunit.org/features/batchedStatements=false, http://www.dbunit.org/properties/metadataHandler=org.dbunit.database.DefaultMetadataHandler@62baffef, http://www.dbunit.org/properties/datatypeFactory=org.dbunit.dataset.datatype.DefaultDataTypeFactory[_toleratedDeltaMap=org.dbunit.dataset.datatype.ToleratedDeltaMap@6452310a], http://www.dbunit.org/properties/escapePattern=null, http://www.dbunit.org/properties/batchSize=100, http://www.dbunit.org/features/qualifiedTableNames=false, http://www.dbunit.org/properties/tableType=[Ljava.lang.String;@5011bafa, http://www.dbunit.org/properties/resultSetTableFactory=org.dbunit.database.CachedResultSetTableFactory@10bcf083, http://www.dbunit.org/features/datatypeWarning=true}]) - start
169753 [main] TRACE org.dbunit.database.DatabaseConfig  - getFeature(name=http://www.dbunit.org/features/qualifiedTableNames) - start
169753 [main] TRACE org.dbunit.database.DatabaseConfig  - getProperty(name=http://www.dbunit.org/features/qualifiedTableNames) - start
169753 [main] DEBUG org.dbunit.util.QualifiedTableName  - Qualified table names feature is disabled. Returning plain table name
169753 [main] DEBUG org.dbunit.util.QualifiedTableName  - getQualifiedName(prefix=null, name=SCOPEDCONTENTCONDITIONATTRIBUTE, escapePattern=null) - start
169753 [main] DEBUG org.dbunit.dataset.OrderedTableNameMap  - add(tableName=SCOPEDCONTENTCONDITIONATTRIBUTE, object=null) - start
169753 [main] DEBUG org.dbunit.dataset.OrderedTableNameMap  - getTableName(tableName=SCOPEDCONTENTCONDITIONATTRIBUTE) - start
169753 [main] DEBUG org.dbunit.dataset.OrderedTableNameMap  - getTableName(tableName=SCOPEDCONTENTCONDITIONATTRIBUTE) - end - result=SCOPEDCONTENTCONDITIONATTRIBUTE
169753 [main] DEBUG org.dbunit.dataset.OrderedTableNameMap  - getTableName(tableName=SCOPEDCONTENTCONDITIONATTRIBUTE) - start
169753 [main] DEBUG org.dbunit.dataset.OrderedTableNameMap  - getTableName(tableName=SCOPEDCONTENTCONDITIONATTRIBUTE) - end - result=SCOPEDCONTENTCONDITIONATTRIBUTE
169753 [main] TRACE org.dbunit.database.DefaultMetadataHandler  - getColumns(resultSet=org.apache.commons.dbcp.DelegatingResultSet@8a313bd) - start
169753 [main] TRACE org.dbunit.database.DatabaseConfig  - getFeature(name=http://www.dbunit.org/features/skipOracleRecycleBinTables) - start
169753 [main] TRACE org.dbunit.database.DatabaseConfig  - getProperty(name=http://www.dbunit.org/features/skipOracleRecycleBinTables) - start
169753 [main] DEBUG org.dbunit.util.QualifiedTableName  - getQualifiedNameIfEnabled(config=org.dbunit.database.DatabaseConfig[, _propertyMap={http://www.dbunit.org/properties/statementFactory=org.dbunit.database.statement.PreparedStatementFactory@626bc2b8, http://www.dbunit.org/features/caseSensitiveTableNames=false, http://www.dbunit.org/properties/fetchSize=100, http://www.dbunit.org/features/batchedStatements=false, http://www.dbunit.org/properties/metadataHandler=org.dbunit.database.DefaultMetadataHandler@62baffef, http://www.dbunit.org/properties/datatypeFactory=org.dbunit.dataset.datatype.DefaultDataTypeFactory[_toleratedDeltaMap=org.dbunit.dataset.datatype.ToleratedDeltaMap@6452310a], http://www.dbunit.org/properties/escapePattern=null, http://www.dbunit.org/properties/batchSize=100, http://www.dbunit.org/features/qualifiedTableNames=false, http://www.dbunit.org/properties/tableType=[Ljava.lang.String;@5011bafa, http://www.dbunit.org/properties/resultSetTableFactory=org.dbunit.database.CachedResultSetTableFactory@10bcf083, http://www.dbunit.org/features/datatypeWarning=true}]) - start
169753 [main] TRACE org.dbunit.database.DatabaseConfig  - getFeature(name=http://www.dbunit.org/features/qualifiedTableNames) - start
169753 [main] TRACE org.dbunit.database.DatabaseConfig  - getProperty(name=http://www.dbunit.org/features/qualifiedTableNames) - start
169753 [main] DEBUG org.dbunit.util.QualifiedTableName  - Qualified table names feature is disabled. Returning plain table name
169753 [main] DEBUG org.dbunit.util.QualifiedTableName  - getQualifiedName(prefix=null, name=SCOPEDCONTENTCONDITIONS_SCOPEDCONTENT, escapePattern=null) - start
169753 [main] DEBUG org.dbunit.dataset.OrderedTableNameMap  - add(tableName=SCOPEDCONTENTCONDITIONS_SCOPEDCONTENT, object=null) - start
169753 [main] DEBUG org.dbunit.dataset.OrderedTableNameMap  - getTableName(tableName=SCOPEDCONTENTCONDITIONS_SCOPEDCONTENT) - start
169753 [main] DEBUG org.dbunit.dataset.OrderedTableNameMap  - getTableName(tableName=SCOPEDCONTENTCONDITIONS_SCOPEDCONTENT) - end - result=SCOPEDCONTENTCONDITIONS_SCOPEDCONTENT
169753 [main] DEBUG org.dbunit.dataset.OrderedTableNameMap  - getTableName(tableName=SCOPEDCONTENTCONDITIONS_SCOPEDCONTENT) - start
169753 [main] DEBUG org.dbunit.dataset.OrderedTableNameMap  - getTableName(tableName=SCOPEDCONTENTCONDITIONS_SCOPEDCONTENT) - end - result=SCOPEDCONTENTCONDITIONS_SCOPEDCONTENT
169753 [main] TRACE org.dbunit.database.DefaultMetadataHandler  - getColumns(resultSet=org.apache.commons.dbcp.DelegatingResultSet@8a313bd) - start
169753 [main] TRACE org.dbunit.database.DatabaseConfig  - getFeature(name=http://www.dbunit.org/features/skipOracleRecycleBinTables) - start
169753 [main] TRACE org.dbunit.database.DatabaseConfig  - getProperty(name=http://www.dbunit.org/features/skipOracleRecycleBinTables) - start
169753 [main] DEBUG org.dbunit.util.QualifiedTableName  - getQualifiedNameIfEnabled(config=org.dbunit.database.DatabaseConfig[, _propertyMap={http://www.dbunit.org/properties/statementFactory=org.dbunit.database.statement.PreparedStatementFactory@626bc2b8, http://www.dbunit.org/features/caseSensitiveTableNames=false, http://www.dbunit.org/properties/fetchSize=100, http://www.dbunit.org/features/batchedStatements=false, http://www.dbunit.org/properties/metadataHandler=org.dbunit.database.DefaultMetadataHandler@62baffef, http://www.dbunit.org/properties/datatypeFactory=org.dbunit.dataset.datatype.DefaultDataTypeFactory[_toleratedDeltaMap=org.dbunit.dataset.datatype.ToleratedDeltaMap@6452310a], http://www.dbunit.org/properties/escapePattern=null, http://www.dbunit.org/properties/batchSize=100, http://www.dbunit.org/features/qualifiedTableNames=false, http://www.dbunit.org/properties/tableType=[Ljava.lang.String;@5011bafa, http://www.dbunit.org/properties/resultSetTableFactory=org.dbunit.database.CachedResultSetTableFactory@10bcf083, http://www.dbunit.org/features/datatypeWarning=true}]) - start
169754 [main] TRACE org.dbunit.database.DatabaseConfig  - getFeature(name=http://www.dbunit.org/features/qualifiedTableNames) - start
169754 [main] TRACE org.dbunit.database.DatabaseConfig  - getProperty(name=http://www.dbunit.org/features/qualifiedTableNames) - start
169754 [main] DEBUG org.dbunit.util.QualifiedTableName  - Qualified table names feature is disabled. Returning plain table name
169754 [main] DEBUG org.dbunit.util.QualifiedTableName  - getQualifiedName(prefix=null, name=SCOPEDCONTENTCONDITIONS_SCOPEDCONTENTITEM, escapePattern=null) - start
169754 [main] DEBUG org.dbunit.dataset.OrderedTableNameMap  - add(tableName=SCOPEDCONTENTCONDITIONS_SCOPEDCONTENTITEM, object=null) - start
169754 [main] DEBUG org.dbunit.dataset.OrderedTableNameMap  - getTableName(tableName=SCOPEDCONTENTCONDITIONS_SCOPEDCONTENTITEM) - start
169754 [main] DEBUG org.dbunit.dataset.OrderedTableNameMap  - getTableName(tableName=SCOPEDCONTENTCONDITIONS_SCOPEDCONTENTITEM) - end - result=SCOPEDCONTENTCONDITIONS_SCOPEDCONTENTITEM
169754 [main] DEBUG org.dbunit.dataset.OrderedTableNameMap  - getTableName(tableName=SCOPEDCONTENTCONDITIONS_SCOPEDCONTENTITEM) - start
169754 [main] DEBUG org.dbunit.dataset.OrderedTableNameMap  - getTableName(tableName=SCOPEDCONTENTCONDITIONS_SCOPEDCONTENTITEM) - end - result=SCOPEDCONTENTCONDITIONS_SCOPEDCONTENTITEM
169754 [main] TRACE org.dbunit.database.DefaultMetadataHandler  - getColumns(resultSet=org.apache.commons.dbcp.DelegatingResultSet@8a313bd) - start
169754 [main] TRACE org.dbunit.database.DatabaseConfig  - getFeature(name=http://www.dbunit.org/features/skipOracleRecycleBinTables) - start
169754 [main] TRACE org.dbunit.database.DatabaseConfig  - getProperty(name=http://www.dbunit.org/features/skipOracleRecycleBinTables) - start
169754 [main] DEBUG org.dbunit.util.QualifiedTableName  - getQualifiedNameIfEnabled(config=org.dbunit.database.DatabaseConfig[, _propertyMap={http://www.dbunit.org/properties/statementFactory=org.dbunit.database.statement.PreparedStatementFactory@626bc2b8, http://www.dbunit.org/features/caseSensitiveTableNames=false, http://www.dbunit.org/properties/fetchSize=100, http://www.dbunit.org/features/batchedStatements=false, http://www.dbunit.org/properties/metadataHandler=org.dbunit.database.DefaultMetadataHandler@62baffef, http://www.dbunit.org/properties/datatypeFactory=org.dbunit.dataset.datatype.DefaultDataTypeFactory[_toleratedDeltaMap=org.dbunit.dataset.datatype.ToleratedDeltaMap@6452310a], http://www.dbunit.org/properties/escapePattern=null, http://www.dbunit.org/properties/batchSize=100, http://www.dbunit.org/features/qualifiedTableNames=false, http://www.dbunit.org/properties/tableType=[Ljava.lang.String;@5011bafa, http://www.dbunit.org/properties/resultSetTableFactory=org.dbunit.database.CachedResultSetTableFactory@10bcf083, http://www.dbunit.org/features/datatypeWarning=true}]) - start
169754 [main] TRACE org.dbunit.database.DatabaseConfig  - getFeature(name=http://www.dbunit.org/features/qualifiedTableNames) - start
169754 [main] TRACE org.dbunit.database.DatabaseConfig  - getProperty(name=http://www.dbunit.org/features/qualifiedTableNames) - start
169754 [main] DEBUG org.dbunit.util.QualifiedTableName  - Qualified table names feature is disabled. Returning plain table name
169754 [main] DEBUG org.dbunit.util.QualifiedTableName  - getQualifiedName(prefix=null, name=SCOPEDCONTENTITEM, escapePattern=null) - start
169754 [main] DEBUG org.dbunit.dataset.OrderedTableNameMap  - add(tableName=SCOPEDCONTENTITEM, object=null) - start
169754 [main] DEBUG org.dbunit.dataset.OrderedTableNameMap  - getTableName(tableName=SCOPEDCONTENTITEM) - start
169754 [main] DEBUG org.dbunit.dataset.OrderedTableNameMap  - getTableName(tableName=SCOPEDCONTENTITEM) - end - result=SCOPEDCONTENTITEM
169754 [main] DEBUG org.dbunit.dataset.OrderedTableNameMap  - getTableName(tableName=SCOPEDCONTENTITEM) - start
169754 [main] DEBUG org.dbunit.dataset.OrderedTableNameMap  - getTableName(tableName=SCOPEDCONTENTITEM) - end - result=SCOPEDCONTENTITEM
169754 [main] TRACE org.dbunit.database.DefaultMetadataHandler  - getColumns(resultSet=org.apache.commons.dbcp.DelegatingResultSet@8a313bd) - start
169754 [main] TRACE org.dbunit.database.DatabaseConfig  - getFeature(name=http://www.dbunit.org/features/skipOracleRecycleBinTables) - start
169755 [main] TRACE org.dbunit.database.DatabaseConfig  - getProperty(name=http://www.dbunit.org/features/skipOracleRecycleBinTables) - start
169755 [main] DEBUG org.dbunit.util.QualifiedTableName  - getQualifiedNameIfEnabled(config=org.dbunit.database.DatabaseConfig[, _propertyMap={http://www.dbunit.org/properties/statementFactory=org.dbunit.database.statement.PreparedStatementFactory@626bc2b8, http://www.dbunit.org/features/caseSensitiveTableNames=false, http://www.dbunit.org/properties/fetchSize=100, http://www.dbunit.org/features/batchedStatements=false, http://www.dbunit.org/properties/metadataHandler=org.dbunit.database.DefaultMetadataHandler@62baffef, http://www.dbunit.org/properties/datatypeFactory=org.dbunit.dataset.datatype.DefaultDataTypeFactory[_toleratedDeltaMap=org.dbunit.dataset.datatype.ToleratedDeltaMap@6452310a], http://www.dbunit.org/properties/escapePattern=null, http://www.dbunit.org/properties/batchSize=100, http://www.dbunit.org/features/qualifiedTableNames=false, http://www.dbunit.org/properties/tableType=[Ljava.lang.String;@5011bafa, http://www.dbunit.org/properties/resultSetTableFactory=org.dbunit.database.CachedResultSetTableFactory@10bcf083, http://www.dbunit.org/features/datatypeWarning=true}]) - start
169755 [main] TRACE org.dbunit.database.DatabaseConfig  - getFeature(name=http://www.dbunit.org/features/qualifiedTableNames) - start
169755 [main] TRACE org.dbunit.database.DatabaseConfig  - getProperty(name=http://www.dbunit.org/features/qualifiedTableNames) - start
169755 [main] DEBUG org.dbunit.util.QualifiedTableName  - Qualified table names feature is disabled. Returning plain table name
169755 [main] DEBUG org.dbunit.util.QualifiedTableName  - getQualifiedName(prefix=null, name=SCOPEDCONTENT_SCOPEDCONTENTITEM, escapePattern=null) - start
169755 [main] DEBUG org.dbunit.dataset.OrderedTableNameMap  - add(tableName=SCOPEDCONTENT_SCOPEDCONTENTITEM, object=null) - start
169755 [main] DEBUG org.dbunit.dataset.OrderedTableNameMap  - getTableName(tableName=SCOPEDCONTENT_SCOPEDCONTENTITEM) - start
169755 [main] DEBUG org.dbunit.dataset.OrderedTableNameMap  - getTableName(tableName=SCOPEDCONTENT_SCOPEDCONTENTITEM) - end - result=SCOPEDCONTENT_SCOPEDCONTENTITEM
169755 [main] DEBUG org.dbunit.dataset.OrderedTableNameMap  - getTableName(tableName=SCOPEDCONTENT_SCOPEDCONTENTITEM) - start
169755 [main] DEBUG org.dbunit.dataset.OrderedTableNameMap  - getTableName(tableName=SCOPEDCONTENT_SCOPEDCONTENTITEM) - end - result=SCOPEDCONTENT_SCOPEDCONTENTITEM
169755 [main] TRACE org.dbunit.database.DefaultMetadataHandler  - getColumns(resultSet=org.apache.commons.dbcp.DelegatingResultSet@8a313bd) - start
169755 [main] TRACE org.dbunit.database.DatabaseConfig  - getFeature(name=http://www.dbunit.org/features/skipOracleRecycleBinTables) - start
169755 [main] TRACE org.dbunit.database.DatabaseConfig  - getProperty(name=http://www.dbunit.org/features/skipOracleRecycleBinTables) - start
169755 [main] DEBUG org.dbunit.util.QualifiedTableName  - getQualifiedNameIfEnabled(config=org.dbunit.database.DatabaseConfig[, _propertyMap={http://www.dbunit.org/properties/statementFactory=org.dbunit.database.statement.PreparedStatementFactory@626bc2b8, http://www.dbunit.org/features/caseSensitiveTableNames=false, http://www.dbunit.org/properties/fetchSize=100, http://www.dbunit.org/features/batchedStatements=false, http://www.dbunit.org/properties/metadataHandler=org.dbunit.database.DefaultMetadataHandler@62baffef, http://www.dbunit.org/properties/datatypeFactory=org.dbunit.dataset.datatype.DefaultDataTypeFactory[_toleratedDeltaMap=org.dbunit.dataset.datatype.ToleratedDeltaMap@6452310a], http://www.dbunit.org/properties/escapePattern=null, http://www.dbunit.org/properties/batchSize=100, http://www.dbunit.org/features/qualifiedTableNames=false, http://www.dbunit.org/properties/tableType=[Ljava.lang.String;@5011bafa, http://www.dbunit.org/properties/resultSetTableFactory=org.dbunit.database.CachedResultSetTableFactory@10bcf083, http://www.dbunit.org/features/datatypeWarning=true}]) - start
169755 [main] TRACE org.dbunit.database.DatabaseConfig  - getFeature(name=http://www.dbunit.org/features/qualifiedTableNames) - start
169755 [main] TRACE org.dbunit.database.DatabaseConfig  - getProperty(name=http://www.dbunit.org/features/qualifiedTableNames) - start
169755 [main] DEBUG org.dbunit.util.QualifiedTableName  - Qualified table names feature is disabled. Returning plain table name
169755 [main] DEBUG org.dbunit.util.QualifiedTableName  - getQualifiedName(prefix=null, name=SCOPE_REQUESTCONTEXT, escapePattern=null) - start
169755 [main] DEBUG org.dbunit.dataset.OrderedTableNameMap  - add(tableName=SCOPE_REQUESTCONTEXT, object=null) - start
169755 [main] DEBUG org.dbunit.dataset.OrderedTableNameMap  - getTableName(tableName=SCOPE_REQUESTCONTEXT) - start
169756 [main] DEBUG org.dbunit.dataset.OrderedTableNameMap  - getTableName(tableName=SCOPE_REQUESTCONTEXT) - end - result=SCOPE_REQUESTCONTEXT
169756 [main] DEBUG org.dbunit.dataset.OrderedTableNameMap  - getTableName(tableName=SCOPE_REQUESTCONTEXT) - start
169756 [main] DEBUG org.dbunit.dataset.OrderedTableNameMap  - getTableName(tableName=SCOPE_REQUESTCONTEXT) - end - result=SCOPE_REQUESTCONTEXT
169756 [main] TRACE org.dbunit.database.DefaultMetadataHandler  - getColumns(resultSet=org.apache.commons.dbcp.DelegatingResultSet@8a313bd) - start
169756 [main] TRACE org.dbunit.database.DatabaseConfig  - getFeature(name=http://www.dbunit.org/features/skipOracleRecycleBinTables) - start
169756 [main] TRACE org.dbunit.database.DatabaseConfig  - getProperty(name=http://www.dbunit.org/features/skipOracleRecycleBinTables) - start
169756 [main] DEBUG org.dbunit.util.QualifiedTableName  - getQualifiedNameIfEnabled(config=org.dbunit.database.DatabaseConfig[, _propertyMap={http://www.dbunit.org/properties/statementFactory=org.dbunit.database.statement.PreparedStatementFactory@626bc2b8, http://www.dbunit.org/features/caseSensitiveTableNames=false, http://www.dbunit.org/properties/fetchSize=100, http://www.dbunit.org/features/batchedStatements=false, http://www.dbunit.org/properties/metadataHandler=org.dbunit.database.DefaultMetadataHandler@62baffef, http://www.dbunit.org/properties/datatypeFactory=org.dbunit.dataset.datatype.DefaultDataTypeFactory[_toleratedDeltaMap=org.dbunit.dataset.datatype.ToleratedDeltaMap@6452310a], http://www.dbunit.org/properties/escapePattern=null, http://www.dbunit.org/properties/batchSize=100, http://www.dbunit.org/features/qualifiedTableNames=false, http://www.dbunit.org/properties/tableType=[Ljava.lang.String;@5011bafa, http://www.dbunit.org/properties/resultSetTableFactory=org.dbunit.database.CachedResultSetTableFactory@10bcf083, http://www.dbunit.org/features/datatypeWarning=true}]) - start
169756 [main] TRACE org.dbunit.database.DatabaseConfig  - getFeature(name=http://www.dbunit.org/features/qualifiedTableNames) - start
169756 [main] TRACE org.dbunit.database.DatabaseConfig  - getProperty(name=http://www.dbunit.org/features/qualifiedTableNames) - start
169756 [main] DEBUG org.dbunit.util.QualifiedTableName  - Qualified table names feature is disabled. Returning plain table name
169756 [main] DEBUG org.dbunit.util.QualifiedTableName  - getQualifiedName(prefix=null, name=USER, escapePattern=null) - start
169756 [main] DEBUG org.dbunit.dataset.OrderedTableNameMap  - add(tableName=USER, object=null) - start
169756 [main] DEBUG org.dbunit.dataset.OrderedTableNameMap  - getTableName(tableName=USER) - start
169756 [main] DEBUG org.dbunit.dataset.OrderedTableNameMap  - getTableName(tableName=USER) - end - result=USER
169756 [main] DEBUG org.dbunit.dataset.OrderedTableNameMap  - getTableName(tableName=USER) - start
169756 [main] DEBUG org.dbunit.dataset.OrderedTableNameMap  - getTableName(tableName=USER) - end - result=USER
169756 [main] TRACE org.dbunit.database.DefaultMetadataHandler  - getColumns(resultSet=org.apache.commons.dbcp.DelegatingResultSet@8a313bd) - start
169756 [main] TRACE org.dbunit.database.DatabaseConfig  - getFeature(name=http://www.dbunit.org/features/skipOracleRecycleBinTables) - start
169756 [main] TRACE org.dbunit.database.DatabaseConfig  - getProperty(name=http://www.dbunit.org/features/skipOracleRecycleBinTables) - start
169757 [main] DEBUG org.dbunit.util.QualifiedTableName  - getQualifiedNameIfEnabled(config=org.dbunit.database.DatabaseConfig[, _propertyMap={http://www.dbunit.org/properties/statementFactory=org.dbunit.database.statement.PreparedStatementFactory@626bc2b8, http://www.dbunit.org/features/caseSensitiveTableNames=false, http://www.dbunit.org/properties/fetchSize=100, http://www.dbunit.org/features/batchedStatements=false, http://www.dbunit.org/properties/metadataHandler=org.dbunit.database.DefaultMetadataHandler@62baffef, http://www.dbunit.org/properties/datatypeFactory=org.dbunit.dataset.datatype.DefaultDataTypeFactory[_toleratedDeltaMap=org.dbunit.dataset.datatype.ToleratedDeltaMap@6452310a], http://www.dbunit.org/properties/escapePattern=null, http://www.dbunit.org/properties/batchSize=100, http://www.dbunit.org/features/qualifiedTableNames=false, http://www.dbunit.org/properties/tableType=[Ljava.lang.String;@5011bafa, http://www.dbunit.org/properties/resultSetTableFactory=org.dbunit.database.CachedResultSetTableFactory@10bcf083, http://www.dbunit.org/features/datatypeWarning=true}]) - start
169757 [main] TRACE org.dbunit.database.DatabaseConfig  - getFeature(name=http://www.dbunit.org/features/qualifiedTableNames) - start
169757 [main] TRACE org.dbunit.database.DatabaseConfig  - getProperty(name=http://www.dbunit.org/features/qualifiedTableNames) - start
169757 [main] DEBUG org.dbunit.util.QualifiedTableName  - Qualified table names feature is disabled. Returning plain table name
169757 [main] DEBUG org.dbunit.util.QualifiedTableName  - getQualifiedName(prefix=null, name=USERS_AUTHORITIES, escapePattern=null) - start
169757 [main] DEBUG org.dbunit.dataset.OrderedTableNameMap  - add(tableName=USERS_AUTHORITIES, object=null) - start
169757 [main] DEBUG org.dbunit.dataset.OrderedTableNameMap  - getTableName(tableName=USERS_AUTHORITIES) - start
169757 [main] DEBUG org.dbunit.dataset.OrderedTableNameMap  - getTableName(tableName=USERS_AUTHORITIES) - end - result=USERS_AUTHORITIES
169757 [main] DEBUG org.dbunit.dataset.OrderedTableNameMap  - getTableName(tableName=USERS_AUTHORITIES) - start
169757 [main] DEBUG org.dbunit.dataset.OrderedTableNameMap  - getTableName(tableName=USERS_AUTHORITIES) - end - result=USERS_AUTHORITIES
169757 [main] DEBUG org.dbunit.database.DatabaseSequenceFilter  - sortTableNames(connection=_databaseConfig=org.dbunit.database.DatabaseConfig[, _propertyMap={http://www.dbunit.org/properties/statementFactory=org.dbunit.database.statement.PreparedStatementFactory@626bc2b8, http://www.dbunit.org/features/caseSensitiveTableNames=false, http://www.dbunit.org/properties/fetchSize=100, http://www.dbunit.org/features/batchedStatements=false, http://www.dbunit.org/properties/metadataHandler=org.dbunit.database.DefaultMetadataHandler@62baffef, http://www.dbunit.org/properties/datatypeFactory=org.dbunit.dataset.datatype.DefaultDataTypeFactory[_toleratedDeltaMap=org.dbunit.dataset.datatype.ToleratedDeltaMap@6452310a], http://www.dbunit.org/properties/escapePattern=null, http://www.dbunit.org/properties/batchSize=100, http://www.dbunit.org/features/qualifiedTableNames=false, http://www.dbunit.org/properties/tableType=[Ljava.lang.String;@5011bafa, http://www.dbunit.org/properties/resultSetTableFactory=org.dbunit.database.CachedResultSetTableFactory@10bcf083, http://www.dbunit.org/features/datatypeWarning=true}], _dataSet=AbstractDataSet[_orderedTableNameMap=null], tableNames=[AUTHORITY, CAPTION, NESTEDSCOPEDCONTENTCONDITIONS, REQUESTCONTEXT, SCOPE, SCOPEDCONTENT, SCOPEDCONTENTCONDITION, SCOPEDCONTENTCONDITIONATTRIBUTE, SCOPEDCONTENTCONDITIONS_SCOPEDCONTENT, SCOPEDCONTENTCONDITIONS_SCOPEDCONTENTITEM, SCOPEDCONTENTITEM, SCOPEDCONTENT_SCOPEDCONTENTITEM, SCOPE_REQUESTCONTEXT, USER, USERS_AUTHORITIES]) - start
169757 [main] DEBUG org.dbunit.database.DatabaseSequenceFilter  - getDependencyInfo(connection=_databaseConfig=org.dbunit.database.DatabaseConfig[, _propertyMap={http://www.dbunit.org/properties/statementFactory=org.dbunit.database.statement.PreparedStatementFactory@626bc2b8, http://www.dbunit.org/features/caseSensitiveTableNames=false, http://www.dbunit.org/properties/fetchSize=100, http://www.dbunit.org/features/batchedStatements=false, http://www.dbunit.org/properties/metadataHandler=org.dbunit.database.DefaultMetadataHandler@62baffef, http://www.dbunit.org/properties/datatypeFactory=org.dbunit.dataset.datatype.DefaultDataTypeFactory[_toleratedDeltaMap=org.dbunit.dataset.datatype.ToleratedDeltaMap@6452310a], http://www.dbunit.org/properties/escapePattern=null, http://www.dbunit.org/properties/batchSize=100, http://www.dbunit.org/features/qualifiedTableNames=false, http://www.dbunit.org/properties/tableType=[Ljava.lang.String;@5011bafa, http://www.dbunit.org/properties/resultSetTableFactory=org.dbunit.database.CachedResultSetTableFactory@10bcf083, http://www.dbunit.org/features/datatypeWarning=true}], _dataSet=AbstractDataSet[_orderedTableNameMap=null], tableName=AUTHORITY) - start
169758 [main] DEBUG org.dbunit.database.search.TablesDependencyHelper  - getDependentTables(connection=_databaseConfig=org.dbunit.database.DatabaseConfig[, _propertyMap={http://www.dbunit.org/properties/statementFactory=org.dbunit.database.statement.PreparedStatementFactory@626bc2b8, http://www.dbunit.org/features/caseSensitiveTableNames=false, http://www.dbunit.org/properties/fetchSize=100, http://www.dbunit.org/features/batchedStatements=false, http://www.dbunit.org/properties/metadataHandler=org.dbunit.database.DefaultMetadataHandler@62baffef, http://www.dbunit.org/properties/datatypeFactory=org.dbunit.dataset.datatype.DefaultDataTypeFactory[_toleratedDeltaMap=org.dbunit.dataset.datatype.ToleratedDeltaMap@6452310a], http://www.dbunit.org/properties/escapePattern=null, http://www.dbunit.org/properties/batchSize=100, http://www.dbunit.org/features/qualifiedTableNames=false, http://www.dbunit.org/properties/tableType=[Ljava.lang.String;@5011bafa, http://www.dbunit.org/properties/resultSetTableFactory=org.dbunit.database.CachedResultSetTableFactory@10bcf083, http://www.dbunit.org/features/datatypeWarning=true}], _dataSet=AbstractDataSet[_orderedTableNameMap=null], rootTable=AUTHORITY) - start
169758 [main] DEBUG org.dbunit.database.search.TablesDependencyHelper  - getDependentTables(connection=_databaseConfig=org.dbunit.database.DatabaseConfig[, _propertyMap={http://www.dbunit.org/properties/statementFactory=org.dbunit.database.statement.PreparedStatementFactory@626bc2b8, http://www.dbunit.org/features/caseSensitiveTableNames=false, http://www.dbunit.org/properties/fetchSize=100, http://www.dbunit.org/features/batchedStatements=false, http://www.dbunit.org/properties/metadataHandler=org.dbunit.database.DefaultMetadataHandler@62baffef, http://www.dbunit.org/properties/datatypeFactory=org.dbunit.dataset.datatype.DefaultDataTypeFactory[_toleratedDeltaMap=org.dbunit.dataset.datatype.ToleratedDeltaMap@6452310a], http://www.dbunit.org/properties/escapePattern=null, http://www.dbunit.org/properties/batchSize=100, http://www.dbunit.org/features/qualifiedTableNames=false, http://www.dbunit.org/properties/tableType=[Ljava.lang.String;@5011bafa, http://www.dbunit.org/properties/resultSetTableFactory=org.dbunit.database.CachedResultSetTableFactory@10bcf083, http://www.dbunit.org/features/datatypeWarning=true}], _dataSet=AbstractDataSet[_orderedTableNameMap=null], rootTables=[AUTHORITY]) - start
169758 [main] DEBUG org.dbunit.util.search.DepthFirstSearch  - search(nodesFrom=[AUTHORITY], callback=org.dbunit.database.search.ImportedKeysSearchCallback@66206ad2) - start
169758 [main] DEBUG org.dbunit.util.CollectionsHelper  - objectsToSet(objects=AUTHORITY) - start
169758 [main] DEBUG org.dbunit.util.search.DepthFirstSearch  - search(nodesFrom=[AUTHORITY], callback=org.dbunit.database.search.ImportedKeysSearchCallback@66206ad2) - start
169758 [main] DEBUG org.dbunit.util.search.DepthFirstSearch  - reverseSearch:AUTHORITY
169758 [main] DEBUG org.dbunit.database.search.ImportedKeysSearchCallback  - searchNode(node=AUTHORITY) - start
169758 [main] DEBUG org.dbunit.util.search.DepthFirstSearch  - Pushing (reverse) AUTHORITY
169758 [main] DEBUG org.dbunit.database.search.ImportedKeysSearchCallback  - getEdges(node=AUTHORITY) - start
169758 [main] DEBUG org.dbunit.database.search.AbstractMetaDataBasedSearchCallback  - getNodesFromImportedKeys(node=AUTHORITY) - start
169758 [main] DEBUG org.dbunit.database.search.AbstractMetaDataBasedSearchCallback  - getNodes(type=0, node=AUTHORITY) - start
169758 [main] DEBUG org.dbunit.database.DatabaseDataSourceConnection  - getConnection() - start
169758 [main] DEBUG org.dbunit.database.search.AbstractMetaDataBasedSearchCallback  - getNodes(type=0, node=AUTHORITY, conn=Transaction-aware proxy for target Connection [jdbc:hsqldb:mem:kontrollDS, UserName=sw, HSQL Database Engine Driver], schema=null, metaData=org.apache.commons.dbcp.DelegatingDatabaseMetaData@5a45355f, edges=[]) - start
169758 [main] DEBUG org.dbunit.database.search.AbstractMetaDataBasedSearchCallback  - Getting edges for node AUTHORITY
169758 [main] TRACE org.dbunit.database.DatabaseConfig  - getProperty(name=http://www.dbunit.org/properties/metadataHandler) - start
169758 [main] TRACE org.dbunit.database.DefaultMetadataHandler  - tableExists(metaData=org.apache.commons.dbcp.DelegatingDatabaseMetaData@5a45355f, schemaName=null, tableName=AUTHORITY) - start
169759 [main] DEBUG org.dbunit.util.SQLHelper  - close(resultSet=org.apache.commons.dbcp.DelegatingResultSet@42888061) - start
169760 [main] DEBUG org.dbunit.util.SQLHelper  - close(resultSet=org.apache.commons.dbcp.DelegatingResultSet@796d4036) - start
169760 [main] DEBUG org.dbunit.util.search.DepthFirstSearch  - search:AUTHORITY
169760 [main] DEBUG org.dbunit.database.search.ImportedKeysSearchCallback  - searchNode(node=AUTHORITY) - start
169760 [main] DEBUG org.dbunit.util.search.DepthFirstSearch  - Pushing AUTHORITY
169760 [main] DEBUG org.dbunit.database.search.ImportedKeysSearchCallback  - getEdges(node=AUTHORITY) - start
169760 [main] DEBUG org.dbunit.database.search.AbstractMetaDataBasedSearchCallback  - getNodesFromImportedKeys(node=AUTHORITY) - start
169760 [main] DEBUG org.dbunit.database.search.AbstractMetaDataBasedSearchCallback  - getNodes(type=0, node=AUTHORITY) - start
169760 [main] DEBUG org.dbunit.database.DatabaseDataSourceConnection  - getConnection() - start
169760 [main] DEBUG org.dbunit.database.search.AbstractMetaDataBasedSearchCallback  - getNodes(type=0, node=AUTHORITY, conn=Transaction-aware proxy for target Connection [jdbc:hsqldb:mem:kontrollDS, UserName=sw, HSQL Database Engine Driver], schema=null, metaData=org.apache.commons.dbcp.DelegatingDatabaseMetaData@7392d781, edges=[]) - start
169760 [main] DEBUG org.dbunit.database.search.AbstractMetaDataBasedSearchCallback  - Getting edges for node AUTHORITY
169760 [main] TRACE org.dbunit.database.DatabaseConfig  - getProperty(name=http://www.dbunit.org/properties/metadataHandler) - start
169760 [main] TRACE org.dbunit.database.DefaultMetadataHandler  - tableExists(metaData=org.apache.commons.dbcp.DelegatingDatabaseMetaData@7392d781, schemaName=null, tableName=AUTHORITY) - start
169761 [main] DEBUG org.dbunit.util.SQLHelper  - close(resultSet=org.apache.commons.dbcp.DelegatingResultSet@5719e419) - start
169761 [main] DEBUG org.dbunit.util.SQLHelper  - close(resultSet=org.apache.commons.dbcp.DelegatingResultSet@25686971) - start
169761 [main] DEBUG org.dbunit.util.search.DepthFirstSearch  - Adding node AUTHORITY to the final result
169761 [main] DEBUG org.dbunit.util.CollectionsHelper  - setToStrings(set=[AUTHORITY]) - start
169761 [main] DEBUG org.dbunit.database.search.TablesDependencyHelper  - getDependsOnTables(connection=_databaseConfig=org.dbunit.database.DatabaseConfig[, _propertyMap={http://www.dbunit.org/properties/statementFactory=org.dbunit.database.statement.PreparedStatementFactory@626bc2b8, http://www.dbunit.org/features/caseSensitiveTableNames=false, http://www.dbunit.org/properties/fetchSize=100, http://www.dbunit.org/features/batchedStatements=false, http://www.dbunit.org/properties/metadataHandler=org.dbunit.database.DefaultMetadataHandler@62baffef, http://www.dbunit.org/properties/datatypeFactory=org.dbunit.dataset.datatype.DefaultDataTypeFactory[_toleratedDeltaMap=org.dbunit.dataset.datatype.ToleratedDeltaMap@6452310a], http://www.dbunit.org/properties/escapePattern=null, http://www.dbunit.org/properties/batchSize=100, http://www.dbunit.org/features/qualifiedTableNames=false, http://www.dbunit.org/properties/tableType=[Ljava.lang.String;@5011bafa, http://www.dbunit.org/properties/resultSetTableFactory=org.dbunit.database.CachedResultSetTableFactory@10bcf083, http://www.dbunit.org/features/datatypeWarning=true}], _dataSet=AbstractDataSet[_orderedTableNameMap=null], rootTable=AUTHORITY) - start
169762 [main] DEBUG org.dbunit.util.search.DepthFirstSearch  - search(nodesFrom=[AUTHORITY], callback=org.dbunit.database.search.ExportedKeysSearchCallback@18908659) - start
169762 [main] DEBUG org.dbunit.util.CollectionsHelper  - objectsToSet(objects=AUTHORITY) - start
169762 [main] DEBUG org.dbunit.util.search.DepthFirstSearch  - search(nodesFrom=[AUTHORITY], callback=org.dbunit.database.search.ExportedKeysSearchCallback@18908659) - start
169762 [main] DEBUG org.dbunit.util.search.DepthFirstSearch  - reverseSearch:AUTHORITY
169762 [main] DEBUG org.dbunit.database.search.ExportedKeysSearchCallback  - searchNode(node=AUTHORITY) - start
169762 [main] DEBUG org.dbunit.util.search.DepthFirstSearch  - Pushing (reverse) AUTHORITY
169762 [main] DEBUG org.dbunit.database.search.ExportedKeysSearchCallback  - getEdges(node=AUTHORITY) - start
169762 [main] DEBUG org.dbunit.database.search.AbstractMetaDataBasedSearchCallback  - getNodesFromExportedKeys(node=AUTHORITY) - start
169762 [main] DEBUG org.dbunit.database.search.AbstractMetaDataBasedSearchCallback  - getNodes(type=1, node=AUTHORITY) - start
169762 [main] DEBUG org.dbunit.database.DatabaseDataSourceConnection  - getConnection() - start
169762 [main] DEBUG org.dbunit.database.search.AbstractMetaDataBasedSearchCallback  - getNodes(type=1, node=AUTHORITY, conn=Transaction-aware proxy for target Connection [jdbc:hsqldb:mem:kontrollDS, UserName=sw, HSQL Database Engine Driver], schema=null, metaData=org.apache.commons.dbcp.DelegatingDatabaseMetaData@386449a8, edges=[]) - start
169762 [main] DEBUG org.dbunit.database.search.AbstractMetaDataBasedSearchCallback  - Getting edges for node AUTHORITY
169762 [main] TRACE org.dbunit.database.DatabaseConfig  - getProperty(name=http://www.dbunit.org/properties/metadataHandler) - start
169762 [main] TRACE org.dbunit.database.DefaultMetadataHandler  - tableExists(metaData=org.apache.commons.dbcp.DelegatingDatabaseMetaData@386449a8, schemaName=null, tableName=AUTHORITY) - start
169763 [main] DEBUG org.dbunit.util.SQLHelper  - close(resultSet=org.apache.commons.dbcp.DelegatingResultSet@68f451ff) - start
169763 [main] DEBUG org.dbunit.util.QualifiedTableName  - getQualifiedNameIfEnabled(config=org.dbunit.database.DatabaseConfig[, _propertyMap={http://www.dbunit.org/properties/statementFactory=org.dbunit.database.statement.PreparedStatementFactory@626bc2b8, http://www.dbunit.org/features/caseSensitiveTableNames=false, http://www.dbunit.org/properties/fetchSize=100, http://www.dbunit.org/features/batchedStatements=false, http://www.dbunit.org/properties/metadataHandler=org.dbunit.database.DefaultMetadataHandler@62baffef, http://www.dbunit.org/properties/datatypeFactory=org.dbunit.dataset.datatype.DefaultDataTypeFactory[_toleratedDeltaMap=org.dbunit.dataset.datatype.ToleratedDeltaMap@6452310a], http://www.dbunit.org/properties/escapePattern=null, http://www.dbunit.org/properties/batchSize=100, http://www.dbunit.org/features/qualifiedTableNames=false, http://www.dbunit.org/properties/tableType=[Ljava.lang.String;@5011bafa, http://www.dbunit.org/properties/resultSetTableFactory=org.dbunit.database.CachedResultSetTableFactory@10bcf083, http://www.dbunit.org/features/datatypeWarning=true}]) - start
169763 [main] TRACE org.dbunit.database.DatabaseConfig  - getFeature(name=http://www.dbunit.org/features/qualifiedTableNames) - start
169763 [main] TRACE org.dbunit.database.DatabaseConfig  - getProperty(name=http://www.dbunit.org/features/qualifiedTableNames) - start
169763 [main] DEBUG org.dbunit.util.QualifiedTableName  - Qualified table names feature is disabled. Returning plain table name
169763 [main] DEBUG org.dbunit.util.QualifiedTableName  - getQualifiedName(prefix=null, name=AUTHORITY, escapePattern=null) - start
169764 [main] DEBUG org.dbunit.util.QualifiedTableName  - getQualifiedNameIfEnabled(config=org.dbunit.database.DatabaseConfig[, _propertyMap={http://www.dbunit.org/properties/statementFactory=org.dbunit.database.statement.PreparedStatementFactory@626bc2b8, http://www.dbunit.org/features/caseSensitiveTableNames=false, http://www.dbunit.org/properties/fetchSize=100, http://www.dbunit.org/features/batchedStatements=false, http://www.dbunit.org/properties/metadataHandler=org.dbunit.database.DefaultMetadataHandler@62baffef, http://www.dbunit.org/properties/datatypeFactory=org.dbunit.dataset.datatype.DefaultDataTypeFactory[_toleratedDeltaMap=org.dbunit.dataset.datatype.ToleratedDeltaMap@6452310a], http://www.dbunit.org/properties/escapePattern=null, http://www.dbunit.org/properties/batchSize=100, http://www.dbunit.org/features/qualifiedTableNames=false, http://www.dbunit.org/properties/tableType=[Ljava.lang.String;@5011bafa, http://www.dbunit.org/properties/resultSetTableFactory=org.dbunit.database.CachedResultSetTableFactory@10bcf083, http://www.dbunit.org/features/datatypeWarning=true}]) - start
169764 [main] TRACE org.dbunit.database.DatabaseConfig  - getFeature(name=http://www.dbunit.org/features/qualifiedTableNames) - start
169764 [main] TRACE org.dbunit.database.DatabaseConfig  - getProperty(name=http://www.dbunit.org/features/qualifiedTableNames) - start
169764 [main] DEBUG org.dbunit.util.QualifiedTableName  - Qualified table names feature is disabled. Returning plain table name
169764 [main] DEBUG org.dbunit.util.QualifiedTableName  - getQualifiedName(prefix=null, name=USERS_AUTHORITIES, escapePattern=null) - start
169764 [main] DEBUG org.dbunit.database.search.AbstractMetaDataBasedSearchCallback  - newEdge(rs=org.apache.commons.dbcp.DelegatingResultSet@318d2a1c, type=1, from=AUTHORITY, to=USERS_AUTHORITIES, fkColumn=AUTHORITY_ID, pkColumn=ID) - start
169764 [main] DEBUG org.dbunit.database.search.AbstractMetaDataBasedSearchCallback  - createFKEdge(rs=org.apache.commons.dbcp.DelegatingResultSet@318d2a1c, type=1, from=AUTHORITY, to=USERS_AUTHORITIES, fkColumn=AUTHORITY_ID, pkColumn=ID) - start
169764 [main] DEBUG org.dbunit.database.search.AbstractMetaDataBasedSearchCallback  - Adding edge USERS_AUTHORITIES(AUTHORITY_ID)->AUTHORITY(ID)
169764 [main] DEBUG org.dbunit.util.search.Edge  - compareTo(o=USERS_AUTHORITIES(AUTHORITY_ID)->AUTHORITY(ID)) - start
169764 [main] DEBUG org.dbunit.util.SQLHelper  - close(resultSet=org.apache.commons.dbcp.DelegatingResultSet@318d2a1c) - start
169764 [main] DEBUG org.dbunit.util.search.DepthFirstSearch  - reverseSearch:USERS_AUTHORITIES
169764 [main] DEBUG org.dbunit.database.search.ExportedKeysSearchCallback  - searchNode(node=USERS_AUTHORITIES) - start
169764 [main] DEBUG org.dbunit.util.search.DepthFirstSearch  - Pushing (reverse) USERS_AUTHORITIES
169764 [main] DEBUG org.dbunit.database.search.ExportedKeysSearchCallback  - getEdges(node=USERS_AUTHORITIES) - start
169764 [main] DEBUG org.dbunit.database.search.AbstractMetaDataBasedSearchCallback  - getNodesFromExportedKeys(node=USERS_AUTHORITIES) - start
169764 [main] DEBUG org.dbunit.database.search.AbstractMetaDataBasedSearchCallback  - getNodes(type=1, node=USERS_AUTHORITIES) - start
169764 [main] DEBUG org.dbunit.database.DatabaseDataSourceConnection  - getConnection() - start
169764 [main] DEBUG org.dbunit.database.search.AbstractMetaDataBasedSearchCallback  - getNodes(type=1, node=USERS_AUTHORITIES, conn=Transaction-aware proxy for target Connection [jdbc:hsqldb:mem:kontrollDS, UserName=sw, HSQL Database Engine Driver], schema=null, metaData=org.apache.commons.dbcp.DelegatingDatabaseMetaData@2ac7adae, edges=[]) - start
169764 [main] DEBUG org.dbunit.database.search.AbstractMetaDataBasedSearchCallback  - Getting edges for node USERS_AUTHORITIES
169765 [main] TRACE org.dbunit.database.DatabaseConfig  - getProperty(name=http://www.dbunit.org/properties/metadataHandler) - start
169765 [main] TRACE org.dbunit.database.DefaultMetadataHandler  - tableExists(metaData=org.apache.commons.dbcp.DelegatingDatabaseMetaData@2ac7adae, schemaName=null, tableName=USERS_AUTHORITIES) - start
169766 [main] DEBUG org.dbunit.util.SQLHelper  - close(resultSet=org.apache.commons.dbcp.DelegatingResultSet@18687c0d) - start
169766 [main] DEBUG org.dbunit.util.SQLHelper  - close(resultSet=org.apache.commons.dbcp.DelegatingResultSet@2c8ba3ab) - start
169766 [main] DEBUG org.dbunit.util.search.DepthFirstSearch  - search:USERS_AUTHORITIES
169766 [main] DEBUG org.dbunit.database.search.ExportedKeysSearchCallback  - searchNode(node=USERS_AUTHORITIES) - start
169766 [main] DEBUG org.dbunit.util.search.DepthFirstSearch  - Pushing USERS_AUTHORITIES
169766 [main] DEBUG org.dbunit.database.search.ExportedKeysSearchCallback  - getEdges(node=USERS_AUTHORITIES) - start
169766 [main] DEBUG org.dbunit.database.search.AbstractMetaDataBasedSearchCallback  - getNodesFromExportedKeys(node=USERS_AUTHORITIES) - start
169767 [main] DEBUG org.dbunit.database.search.AbstractMetaDataBasedSearchCallback  - getNodes(type=1, node=USERS_AUTHORITIES) - start
169767 [main] DEBUG org.dbunit.database.DatabaseDataSourceConnection  - getConnection() - start
169767 [main] DEBUG org.dbunit.database.search.AbstractMetaDataBasedSearchCallback  - getNodes(type=1, node=USERS_AUTHORITIES, conn=Transaction-aware proxy for target Connection [jdbc:hsqldb:mem:kontrollDS, UserName=sw, HSQL Database Engine Driver], schema=null, metaData=org.apache.commons.dbcp.DelegatingDatabaseMetaData@3a64666, edges=[]) - start
169767 [main] DEBUG org.dbunit.database.search.AbstractMetaDataBasedSearchCallback  - Getting edges for node USERS_AUTHORITIES
169767 [main] TRACE org.dbunit.database.DatabaseConfig  - getProperty(name=http://www.dbunit.org/properties/metadataHandler) - start
169767 [main] TRACE org.dbunit.database.DefaultMetadataHandler  - tableExists(metaData=org.apache.commons.dbcp.DelegatingDatabaseMetaData@3a64666, schemaName=null, tableName=USERS_AUTHORITIES) - start
169768 [main] DEBUG org.dbunit.util.SQLHelper  - close(resultSet=org.apache.commons.dbcp.DelegatingResultSet@553a467e) - start
169768 [main] DEBUG org.dbunit.util.SQLHelper  - close(resultSet=org.apache.commons.dbcp.DelegatingResultSet@485ed61a) - start
169768 [main] DEBUG org.dbunit.util.search.DepthFirstSearch  - Adding node USERS_AUTHORITIES to the final result
169768 [main] DEBUG org.dbunit.util.search.DepthFirstSearch  - search:AUTHORITY
169768 [main] DEBUG org.dbunit.database.search.ExportedKeysSearchCallback  - searchNode(node=AUTHORITY) - start
169768 [main] DEBUG org.dbunit.util.search.DepthFirstSearch  - Pushing AUTHORITY
169768 [main] DEBUG org.dbunit.database.search.ExportedKeysSearchCallback  - getEdges(node=AUTHORITY) - start
169768 [main] DEBUG org.dbunit.database.search.AbstractMetaDataBasedSearchCallback  - getNodesFromExportedKeys(node=AUTHORITY) - start
169768 [main] DEBUG org.dbunit.database.search.AbstractMetaDataBasedSearchCallback  - getNodes(type=1, node=AUTHORITY) - start
169768 [main] DEBUG org.dbunit.database.DatabaseDataSourceConnection  - getConnection() - start
169768 [main] DEBUG org.dbunit.database.search.AbstractMetaDataBasedSearchCallback  - getNodes(type=1, node=AUTHORITY, conn=Transaction-aware proxy for target Connection [jdbc:hsqldb:mem:kontrollDS, UserName=sw, HSQL Database Engine Driver], schema=null, metaData=org.apache.commons.dbcp.DelegatingDatabaseMetaData@4a3a6a14, edges=[]) - start
169768 [main] DEBUG org.dbunit.database.search.AbstractMetaDataBasedSearchCallback  - Getting edges for node AUTHORITY
169769 [main] TRACE org.dbunit.database.DatabaseConfig  - getProperty(name=http://www.dbunit.org/properties/metadataHandler) - start
169769 [main] TRACE org.dbunit.database.DefaultMetadataHandler  - tableExists(metaData=org.apache.commons.dbcp.DelegatingDatabaseMetaData@4a3a6a14, schemaName=null, tableName=AUTHORITY) - start
169770 [main] DEBUG org.dbunit.util.SQLHelper  - close(resultSet=org.apache.commons.dbcp.DelegatingResultSet@1381edee) - start
169770 [main] DEBUG org.dbunit.util.QualifiedTableName  - getQualifiedNameIfEnabled(config=org.dbunit.database.DatabaseConfig[, _propertyMap={http://www.dbunit.org/properties/statementFactory=org.dbunit.database.statement.PreparedStatementFactory@626bc2b8, http://www.dbunit.org/features/caseSensitiveTableNames=false, http://www.dbunit.org/properties/fetchSize=100, http://www.dbunit.org/features/batchedStatements=false, http://www.dbunit.org/properties/metadataHandler=org.dbunit.database.DefaultMetadataHandler@62baffef, http://www.dbunit.org/properties/datatypeFactory=org.dbunit.dataset.datatype.DefaultDataTypeFactory[_toleratedDeltaMap=org.dbunit.dataset.datatype.ToleratedDeltaMap@6452310a], http://www.dbunit.org/properties/escapePattern=null, http://www.dbunit.org/properties/batchSize=100, http://www.dbunit.org/features/qualifiedTableNames=false, http://www.dbunit.org/properties/tableType=[Ljava.lang.String;@5011bafa, http://www.dbunit.org/properties/resultSetTableFactory=org.dbunit.database.CachedResultSetTableFactory@10bcf083, http://www.dbunit.org/features/datatypeWarning=true}]) - start
169770 [main] TRACE org.dbunit.database.DatabaseConfig  - getFeature(name=http://www.dbunit.org/features/qualifiedTableNames) - start
169770 [main] TRACE org.dbunit.database.DatabaseConfig  - getProperty(name=http://www.dbunit.org/features/qualifiedTableNames) - start
169770 [main] DEBUG org.dbunit.util.QualifiedTableName  - Qualified table names feature is disabled. Returning plain table name
169770 [main] DEBUG org.dbunit.util.QualifiedTableName  - getQualifiedName(prefix=null, name=AUTHORITY, escapePattern=null) - start
169770 [main] DEBUG org.dbunit.util.QualifiedTableName  - getQualifiedNameIfEnabled(config=org.dbunit.database.DatabaseConfig[, _propertyMap={http://www.dbunit.org/properties/statementFactory=org.dbunit.database.statement.PreparedStatementFactory@626bc2b8, http://www.dbunit.org/features/caseSensitiveTableNames=false, http://www.dbunit.org/properties/fetchSize=100, http://www.dbunit.org/features/batchedStatements=false, http://www.dbunit.org/properties/metadataHandler=org.dbunit.database.DefaultMetadataHandler@62baffef, http://www.dbunit.org/properties/datatypeFactory=org.dbunit.dataset.datatype.DefaultDataTypeFactory[_toleratedDeltaMap=org.dbunit.dataset.datatype.ToleratedDeltaMap@6452310a], http://www.dbunit.org/properties/escapePattern=null, http://www.dbunit.org/properties/batchSize=100, http://www.dbunit.org/features/qualifiedTableNames=false, http://www.dbunit.org/properties/tableType=[Ljava.lang.String;@5011bafa, http://www.dbunit.org/properties/resultSetTableFactory=org.dbunit.database.CachedResultSetTableFactory@10bcf083, http://www.dbunit.org/features/datatypeWarning=true}]) - start
169770 [main] TRACE org.dbunit.database.DatabaseConfig  - getFeature(name=http://www.dbunit.org/features/qualifiedTableNames) - start
169770 [main] TRACE org.dbunit.database.DatabaseConfig  - getProperty(name=http://www.dbunit.org/features/qualifiedTableNames) - start
169770 [main] DEBUG org.dbunit.util.QualifiedTableName  - Qualified table names feature is disabled. Returning plain table name
169770 [main] DEBUG org.dbunit.util.QualifiedTableName  - getQualifiedName(prefix=null, name=USERS_AUTHORITIES, escapePattern=null) - start
169771 [main] DEBUG org.dbunit.database.search.AbstractMetaDataBasedSearchCallback  - newEdge(rs=org.apache.commons.dbcp.DelegatingResultSet@14bdcd01, type=1, from=AUTHORITY, to=USERS_AUTHORITIES, fkColumn=AUTHORITY_ID, pkColumn=ID) - start
169771 [main] DEBUG org.dbunit.database.search.AbstractMetaDataBasedSearchCallback  - createFKEdge(rs=org.apache.commons.dbcp.DelegatingResultSet@14bdcd01, type=1, from=AUTHORITY, to=USERS_AUTHORITIES, fkColumn=AUTHORITY_ID, pkColumn=ID) - start
169771 [main] DEBUG org.dbunit.database.search.AbstractMetaDataBasedSearchCallback  - Adding edge USERS_AUTHORITIES(AUTHORITY_ID)->AUTHORITY(ID)
169771 [main] DEBUG org.dbunit.util.search.Edge  - compareTo(o=USERS_AUTHORITIES(AUTHORITY_ID)->AUTHORITY(ID)) - start
169771 [main] DEBUG org.dbunit.util.SQLHelper  - close(resultSet=org.apache.commons.dbcp.DelegatingResultSet@14bdcd01) - start
169771 [main] DEBUG org.dbunit.util.search.DepthFirstSearch  - search:AUTHORITY
169771 [main] DEBUG org.dbunit.util.search.DepthFirstSearch  - already searched; returning true
169771 [main] DEBUG org.dbunit.util.search.DepthFirstSearch  - Adding node AUTHORITY to the final result
169771 [main] DEBUG org.dbunit.util.CollectionsHelper  - setToStrings(set=[USERS_AUTHORITIES, AUTHORITY]) - start
169771 [main] DEBUG org.dbunit.database.search.TablesDependencyHelper  - getDirectDependsOnTables(connection=_databaseConfig=org.dbunit.database.DatabaseConfig[, _propertyMap={http://www.dbunit.org/properties/statementFactory=org.dbunit.database.statement.PreparedStatementFactory@626bc2b8, http://www.dbunit.org/features/caseSensitiveTableNames=false, http://www.dbunit.org/properties/fetchSize=100, http://www.dbunit.org/features/batchedStatements=false, http://www.dbunit.org/properties/metadataHandler=org.dbunit.database.DefaultMetadataHandler@62baffef, http://www.dbunit.org/properties/datatypeFactory=org.dbunit.dataset.datatype.DefaultDataTypeFactory[_toleratedDeltaMap=org.dbunit.dataset.datatype.ToleratedDeltaMap@6452310a], http://www.dbunit.org/properties/escapePattern=null, http://www.dbunit.org/properties/batchSize=100, http://www.dbunit.org/features/qualifiedTableNames=false, http://www.dbunit.org/properties/tableType=[Ljava.lang.String;@5011bafa, http://www.dbunit.org/properties/resultSetTableFactory=org.dbunit.database.CachedResultSetTableFactory@10bcf083, http://www.dbunit.org/features/datatypeWarning=true}], _dataSet=AbstractDataSet[_orderedTableNameMap=null], tableName=AUTHORITY) - start
169771 [main] DEBUG org.dbunit.util.search.DepthFirstSearch  - search(nodesFrom=[AUTHORITY], callback=org.dbunit.database.search.ExportedKeysSearchCallback@78b0a870) - start
169771 [main] DEBUG org.dbunit.util.CollectionsHelper  - objectsToSet(objects=AUTHORITY) - start
169771 [main] DEBUG org.dbunit.util.search.DepthFirstSearch  - search(nodesFrom=[AUTHORITY], callback=org.dbunit.database.search.ExportedKeysSearchCallback@78b0a870) - start
169771 [main] DEBUG org.dbunit.util.search.DepthFirstSearch  - reverseSearch:AUTHORITY
169771 [main] DEBUG org.dbunit.database.search.ExportedKeysSearchCallback  - searchNode(node=AUTHORITY) - start
169771 [main] DEBUG org.dbunit.util.search.DepthFirstSearch  - Pushing (reverse) AUTHORITY
169771 [main] DEBUG org.dbunit.database.search.ExportedKeysSearchCallback  - getEdges(node=AUTHORITY) - start
169771 [main] DEBUG org.dbunit.database.search.AbstractMetaDataBasedSearchCallback  - getNodesFromExportedKeys(node=AUTHORITY) - start
169771 [main] DEBUG org.dbunit.database.search.AbstractMetaDataBasedSearchCallback  - getNodes(type=1, node=AUTHORITY) - start
169771 [main] DEBUG org.dbunit.database.DatabaseDataSourceConnection  - getConnection() - start
169771 [main] DEBUG org.dbunit.database.search.AbstractMetaDataBasedSearchCallback  - getNodes(type=1, node=AUTHORITY, conn=Transaction-aware proxy for target Connection [jdbc:hsqldb:mem:kontrollDS, UserName=sw, HSQL Database Engine Driver], schema=null, metaData=org.apache.commons.dbcp.DelegatingDatabaseMetaData@16028ef7, edges=[]) - start
169772 [main] DEBUG org.dbunit.database.search.AbstractMetaDataBasedSearchCallback  - Getting edges for node AUTHORITY
169772 [main] TRACE org.dbunit.database.DatabaseConfig  - getProperty(name=http://www.dbunit.org/properties/metadataHandler) - start
169772 [main] TRACE org.dbunit.database.DefaultMetadataHandler  - tableExists(metaData=org.apache.commons.dbcp.DelegatingDatabaseMetaData@16028ef7, schemaName=null, tableName=AUTHORITY) - start
169773 [main] DEBUG org.dbunit.util.SQLHelper  - close(resultSet=org.apache.commons.dbcp.DelegatingResultSet@422bb4cf) - start
169773 [main] DEBUG org.dbunit.util.QualifiedTableName  - getQualifiedNameIfEnabled(config=org.dbunit.database.DatabaseConfig[, _propertyMap={http://www.dbunit.org/properties/statementFactory=org.dbunit.database.statement.PreparedStatementFactory@626bc2b8, http://www.dbunit.org/features/caseSensitiveTableNames=false, http://www.dbunit.org/properties/fetchSize=100, http://www.dbunit.org/features/batchedStatements=false, http://www.dbunit.org/properties/metadataHandler=org.dbunit.database.DefaultMetadataHandler@62baffef, http://www.dbunit.org/properties/datatypeFactory=org.dbunit.dataset.datatype.DefaultDataTypeFactory[_toleratedDeltaMap=org.dbunit.dataset.datatype.ToleratedDeltaMap@6452310a], http://www.dbunit.org/properties/escapePattern=null, http://www.dbunit.org/properties/batchSize=100, http://www.dbunit.org/features/qualifiedTableNames=false, http://www.dbunit.org/properties/tableType=[Ljava.lang.String;@5011bafa, http://www.dbunit.org/properties/resultSetTableFactory=org.dbunit.database.CachedResultSetTableFactory@10bcf083, http://www.dbunit.org/features/datatypeWarning=true}]) - start
169773 [main] TRACE org.dbunit.database.DatabaseConfig  - getFeature(name=http://www.dbunit.org/features/qualifiedTableNames) - start
169773 [main] TRACE org.dbunit.database.DatabaseConfig  - getProperty(name=http://www.dbunit.org/features/qualifiedTableNames) - start
169773 [main] DEBUG org.dbunit.util.QualifiedTableName  - Qualified table names feature is disabled. Returning plain table name
169773 [main] DEBUG org.dbunit.util.QualifiedTableName  - getQualifiedName(prefix=null, name=AUTHORITY, escapePattern=null) - start
169773 [main] DEBUG org.dbunit.util.QualifiedTableName  - getQualifiedNameIfEnabled(config=org.dbunit.database.DatabaseConfig[, _propertyMap={http://www.dbunit.org/properties/statementFactory=org.dbunit.database.statement.PreparedStatementFactory@626bc2b8, http://www.dbunit.org/features/caseSensitiveTableNames=false, http://www.dbunit.org/properties/fetchSize=100, http://www.dbunit.org/features/batchedStatements=false, http://www.dbunit.org/properties/metadataHandler=org.dbunit.database.DefaultMetadataHandler@62baffef, http://www.dbunit.org/properties/datatypeFactory=org.dbunit.dataset.datatype.DefaultDataTypeFactory[_toleratedDeltaMap=org.dbunit.dataset.datatype.ToleratedDeltaMap@6452310a], http://www.dbunit.org/properties/escapePattern=null, http://www.dbunit.org/properties/batchSize=100, http://www.dbunit.org/features/qualifiedTableNames=false, http://www.dbunit.org/properties/tableType=[Ljava.lang.String;@5011bafa, http://www.dbunit.org/properties/resultSetTableFactory=org.dbunit.database.CachedResultSetTableFactory@10bcf083, http://www.dbunit.org/features/datatypeWarning=true}]) - start
169773 [main] TRACE org.dbunit.database.DatabaseConfig  - getFeature(name=http://www.dbunit.org/features/qualifiedTableNames) - start
169773 [main] TRACE org.dbunit.database.DatabaseConfig  - getProperty(name=http://www.dbunit.org/features/qualifiedTableNames) - start
169773 [main] DEBUG org.dbunit.util.QualifiedTableName  - Qualified table names feature is disabled. Returning plain table name
169773 [main] DEBUG org.dbunit.util.QualifiedTableName  - getQualifiedName(prefix=null, name=USERS_AUTHORITIES, escapePattern=null) - start
169773 [main] DEBUG org.dbunit.database.search.AbstractMetaDataBasedSearchCallback  - newEdge(rs=org.apache.commons.dbcp.DelegatingResultSet@4fda5303, type=1, from=AUTHORITY, to=USERS_AUTHORITIES, fkColumn=AUTHORITY_ID, pkColumn=ID) - start
169773 [main] DEBUG org.dbunit.database.search.AbstractMetaDataBasedSearchCallback  - createFKEdge(rs=org.apache.commons.dbcp.DelegatingResultSet@4fda5303, type=1, from=AUTHORITY, to=USERS_AUTHORITIES, fkColumn=AUTHORITY_ID, pkColumn=ID) - start
169774 [main] DEBUG org.dbunit.database.search.AbstractMetaDataBasedSearchCallback  - Adding edge USERS_AUTHORITIES(AUTHORITY_ID)->AUTHORITY(ID)
169774 [main] DEBUG org.dbunit.util.search.Edge  - compareTo(o=USERS_AUTHORITIES(AUTHORITY_ID)->AUTHORITY(ID)) - start
169774 [main] DEBUG org.dbunit.util.SQLHelper  - close(resultSet=org.apache.commons.dbcp.DelegatingResultSet@4fda5303) - start
169774 [main] DEBUG org.dbunit.util.search.DepthFirstSearch  - reverseSearch:USERS_AUTHORITIES
169774 [main] DEBUG org.dbunit.database.search.ExportedKeysSearchCallback  - searchNode(node=USERS_AUTHORITIES) - start
169774 [main] DEBUG org.dbunit.util.search.DepthFirstSearch  - Pushing (reverse) USERS_AUTHORITIES
169774 [main] DEBUG org.dbunit.database.search.ExportedKeysSearchCallback  - getEdges(node=USERS_AUTHORITIES) - start
169774 [main] DEBUG org.dbunit.database.search.AbstractMetaDataBasedSearchCallback  - getNodesFromExportedKeys(node=USERS_AUTHORITIES) - start
169774 [main] DEBUG org.dbunit.database.search.AbstractMetaDataBasedSearchCallback  - getNodes(type=1, node=USERS_AUTHORITIES) - start
169774 [main] DEBUG org.dbunit.database.DatabaseDataSourceConnection  - getConnection() - start
169774 [main] DEBUG org.dbunit.database.search.AbstractMetaDataBasedSearchCallback  - getNodes(type=1, node=USERS_AUTHORITIES, conn=Transaction-aware proxy for target Connection [jdbc:hsqldb:mem:kontrollDS, UserName=sw, HSQL Database Engine Driver], schema=null, metaData=org.apache.commons.dbcp.DelegatingDatabaseMetaData@68012ea, edges=[]) - start
169774 [main] DEBUG org.dbunit.database.search.AbstractMetaDataBasedSearchCallback  - Getting edges for node USERS_AUTHORITIES
169774 [main] TRACE org.dbunit.database.DatabaseConfig  - getProperty(name=http://www.dbunit.org/properties/metadataHandler) - start
169774 [main] TRACE org.dbunit.database.DefaultMetadataHandler  - tableExists(metaData=org.apache.commons.dbcp.DelegatingDatabaseMetaData@68012ea, schemaName=null, tableName=USERS_AUTHORITIES) - start
169775 [main] DEBUG org.dbunit.util.SQLHelper  - close(resultSet=org.apache.commons.dbcp.DelegatingResultSet@1351b5c5) - start
169776 [main] DEBUG org.dbunit.util.SQLHelper  - close(resultSet=org.apache.commons.dbcp.DelegatingResultSet@78534cae) - start
169776 [main] DEBUG org.dbunit.util.search.DepthFirstSearch  - search:USERS_AUTHORITIES
169776 [main] DEBUG org.dbunit.database.search.ExportedKeysSearchCallback  - searchNode(node=USERS_AUTHORITIES) - start
169776 [main] DEBUG org.dbunit.util.search.DepthFirstSearch  - Pushing USERS_AUTHORITIES
169776 [main] DEBUG org.dbunit.database.search.ExportedKeysSearchCallback  - getEdges(node=USERS_AUTHORITIES) - start
169776 [main] DEBUG org.dbunit.database.search.AbstractMetaDataBasedSearchCallback  - getNodesFromExportedKeys(node=USERS_AUTHORITIES) - start
169776 [main] DEBUG org.dbunit.database.search.AbstractMetaDataBasedSearchCallback  - getNodes(type=1, node=USERS_AUTHORITIES) - start
169776 [main] DEBUG org.dbunit.database.DatabaseDataSourceConnection  - getConnection() - start
169776 [main] DEBUG org.dbunit.database.search.AbstractMetaDataBasedSearchCallback  - getNodes(type=1, node=USERS_AUTHORITIES, conn=Transaction-aware proxy for target Connection [jdbc:hsqldb:mem:kontrollDS, UserName=sw, HSQL Database Engine Driver], schema=null, metaData=org.apache.commons.dbcp.DelegatingDatabaseMetaData@24cf7139, edges=[]) - start
169776 [main] DEBUG org.dbunit.database.search.AbstractMetaDataBasedSearchCallback  - Getting edges for node USERS_AUTHORITIES
169776 [main] TRACE org.dbunit.database.DatabaseConfig  - getProperty(name=http://www.dbunit.org/properties/metadataHandler) - start
169776 [main] TRACE org.dbunit.database.DefaultMetadataHandler  - tableExists(metaData=org.apache.commons.dbcp.DelegatingDatabaseMetaData@24cf7139, schemaName=null, tableName=USERS_AUTHORITIES) - start
169777 [main] DEBUG org.dbunit.util.SQLHelper  - close(resultSet=org.apache.commons.dbcp.DelegatingResultSet@616e0a94) - start
169777 [main] DEBUG org.dbunit.util.SQLHelper  - close(resultSet=org.apache.commons.dbcp.DelegatingResultSet@4b864f7d) - start
169778 [main] DEBUG org.dbunit.util.search.DepthFirstSearch  - Adding node USERS_AUTHORITIES to the final result
169778 [main] DEBUG org.dbunit.util.search.DepthFirstSearch  - search:AUTHORITY
169778 [main] DEBUG org.dbunit.database.search.ExportedKeysSearchCallback  - searchNode(node=AUTHORITY) - start
169778 [main] DEBUG org.dbunit.util.search.DepthFirstSearch  - Pushing AUTHORITY
169778 [main] DEBUG org.dbunit.database.search.ExportedKeysSearchCallback  - getEdges(node=AUTHORITY) - start
169778 [main] DEBUG org.dbunit.database.search.AbstractMetaDataBasedSearchCallback  - getNodesFromExportedKeys(node=AUTHORITY) - start
169778 [main] DEBUG org.dbunit.database.search.AbstractMetaDataBasedSearchCallback  - getNodes(type=1, node=AUTHORITY) - start
169778 [main] DEBUG org.dbunit.database.DatabaseDataSourceConnection  - getConnection() - start
169778 [main] DEBUG org.dbunit.database.search.AbstractMetaDataBasedSearchCallback  - getNodes(type=1, node=AUTHORITY, conn=Transaction-aware proxy for target Connection [jdbc:hsqldb:mem:kontrollDS, UserName=sw, HSQL Database Engine Driver], schema=null, metaData=org.apache.commons.dbcp.DelegatingDatabaseMetaData@5eccbe47, edges=[]) - start
169778 [main] DEBUG org.dbunit.database.search.AbstractMetaDataBasedSearchCallback  - Getting edges for node AUTHORITY
169778 [main] TRACE org.dbunit.database.DatabaseConfig  - getProperty(name=http://www.dbunit.org/properties/metadataHandler) - start
169778 [main] TRACE org.dbunit.database.DefaultMetadataHandler  - tableExists(metaData=org.apache.commons.dbcp.DelegatingDatabaseMetaData@5eccbe47, schemaName=null, tableName=AUTHORITY) - start
169779 [main] DEBUG org.dbunit.util.SQLHelper  - close(resultSet=org.apache.commons.dbcp.DelegatingResultSet@2dad7895) - start
169779 [main] DEBUG org.dbunit.util.QualifiedTableName  - getQualifiedNameIfEnabled(config=org.dbunit.database.DatabaseConfig[, _propertyMap={http://www.dbunit.org/properties/statementFactory=org.dbunit.database.statement.PreparedStatementFactory@626bc2b8, http://www.dbunit.org/features/caseSensitiveTableNames=false, http://www.dbunit.org/properties/fetchSize=100, http://www.dbunit.org/features/batchedStatements=false, http://www.dbunit.org/properties/metadataHandler=org.dbunit.database.DefaultMetadataHandler@62baffef, http://www.dbunit.org/properties/datatypeFactory=org.dbunit.dataset.datatype.DefaultDataTypeFactory[_toleratedDeltaMap=org.dbunit.dataset.datatype.ToleratedDeltaMap@6452310a], http://www.dbunit.org/properties/escapePattern=null, http://www.dbunit.org/properties/batchSize=100, http://www.dbunit.org/features/qualifiedTableNames=false, http://www.dbunit.org/properties/tableType=[Ljava.lang.String;@5011bafa, http://www.dbunit.org/properties/resultSetTableFactory=org.dbunit.database.CachedResultSetTableFactory@10bcf083, http://www.dbunit.org/features/datatypeWarning=true}]) - start
169779 [main] TRACE org.dbunit.database.DatabaseConfig  - getFeature(name=http://www.dbunit.org/features/qualifiedTableNames) - start
169779 [main] TRACE org.dbunit.database.DatabaseConfig  - getProperty(name=http://www.dbunit.org/features/qualifiedTableNames) - start
169779 [main] DEBUG org.dbunit.util.QualifiedTableName  - Qualified table names feature is disabled. Returning plain table name
169779 [main] DEBUG org.dbunit.util.QualifiedTableName  - getQualifiedName(prefix=null, name=AUTHORITY, escapePattern=null) - start
169779 [main] DEBUG org.dbunit.util.QualifiedTableName  - getQualifiedNameIfEnabled(config=org.dbunit.database.DatabaseConfig[, _propertyMap={http://www.dbunit.org/properties/statementFactory=org.dbunit.database.statement.PreparedStatementFactory@626bc2b8, http://www.dbunit.org/features/caseSensitiveTableNames=false, http://www.dbunit.org/properties/fetchSize=100, http://www.dbunit.org/features/batchedStatements=false, http://www.dbunit.org/properties/metadataHandler=org.dbunit.database.DefaultMetadataHandler@62baffef, http://www.dbunit.org/properties/datatypeFactory=org.dbunit.dataset.datatype.DefaultDataTypeFactory[_toleratedDeltaMap=org.dbunit.dataset.datatype.ToleratedDeltaMap@6452310a], http://www.dbunit.org/properties/escapePattern=null, http://www.dbunit.org/properties/batchSize=100, http://www.dbunit.org/features/qualifiedTableNames=false, http://www.dbunit.org/properties/tableType=[Ljava.lang.String;@5011bafa, http://www.dbunit.org/properties/resultSetTableFactory=org.dbunit.database.CachedResultSetTableFactory@10bcf083, http://www.dbunit.org/features/datatypeWarning=true}]) - start
169780 [main] TRACE org.dbunit.database.DatabaseConfig  - getFeature(name=http://www.dbunit.org/features/qualifiedTableNames) - start
169780 [main] TRACE org.dbunit.database.DatabaseConfig  - getProperty(name=http://www.dbunit.org/features/qualifiedTableNames) - start
169780 [main] DEBUG org.dbunit.util.QualifiedTableName  - Qualified table names feature is disabled. Returning plain table name
169780 [main] DEBUG org.dbunit.util.QualifiedTableName  - getQualifiedName(prefix=null, name=USERS_AUTHORITIES, escapePattern=null) - start
169780 [main] DEBUG org.dbunit.database.search.AbstractMetaDataBasedSearchCallback  - newEdge(rs=org.apache.commons.dbcp.DelegatingResultSet@70306865, type=1, from=AUTHORITY, to=USERS_AUTHORITIES, fkColumn=AUTHORITY_ID, pkColumn=ID) - start
169780 [main] DEBUG org.dbunit.database.search.AbstractMetaDataBasedSearchCallback  - createFKEdge(rs=org.apache.commons.dbcp.DelegatingResultSet@70306865, type=1, from=AUTHORITY, to=USERS_AUTHORITIES, fkColumn=AUTHORITY_ID, pkColumn=ID) - start
169780 [main] DEBUG org.dbunit.database.search.AbstractMetaDataBasedSearchCallback  - Adding edge USERS_AUTHORITIES(AUTHORITY_ID)->AUTHORITY(ID)
169780 [main] DEBUG org.dbunit.util.search.Edge  - compareTo(o=USERS_AUTHORITIES(AUTHORITY_ID)->AUTHORITY(ID)) - start
169780 [main] DEBUG org.dbunit.util.SQLHelper  - close(resultSet=org.apache.commons.dbcp.DelegatingResultSet@70306865) - start
169780 [main] DEBUG org.dbunit.util.search.DepthFirstSearch  - search:AUTHORITY
169780 [main] DEBUG org.dbunit.util.search.DepthFirstSearch  - already searched; returning true
169780 [main] DEBUG org.dbunit.util.search.DepthFirstSearch  - Adding node AUTHORITY to the final result
169780 [main] DEBUG org.dbunit.database.search.TablesDependencyHelper  - getDirectDependentTables(connection=_databaseConfig=org.dbunit.database.DatabaseConfig[, _propertyMap={http://www.dbunit.org/properties/statementFactory=org.dbunit.database.statement.PreparedStatementFactory@626bc2b8, http://www.dbunit.org/features/caseSensitiveTableNames=false, http://www.dbunit.org/properties/fetchSize=100, http://www.dbunit.org/features/batchedStatements=false, http://www.dbunit.org/properties/metadataHandler=org.dbunit.database.DefaultMetadataHandler@62baffef, http://www.dbunit.org/properties/datatypeFactory=org.dbunit.dataset.datatype.DefaultDataTypeFactory[_toleratedDeltaMap=org.dbunit.dataset.datatype.ToleratedDeltaMap@6452310a], http://www.dbunit.org/properties/escapePattern=null, http://www.dbunit.org/properties/batchSize=100, http://www.dbunit.org/features/qualifiedTableNames=false, http://www.dbunit.org/properties/tableType=[Ljava.lang.String;@5011bafa, http://www.dbunit.org/properties/resultSetTableFactory=org.dbunit.database.CachedResultSetTableFactory@10bcf083, http://www.dbunit.org/features/datatypeWarning=true}], _dataSet=AbstractDataSet[_orderedTableNameMap=null], tableName=AUTHORITY) - start
169780 [main] DEBUG org.dbunit.util.search.DepthFirstSearch  - search(nodesFrom=[AUTHORITY], callback=org.dbunit.database.search.ImportedKeysSearchCallback@3868fab9) - start
169780 [main] DEBUG org.dbunit.util.CollectionsHelper  - objectsToSet(objects=AUTHORITY) - start
169780 [main] DEBUG org.dbunit.util.search.DepthFirstSearch  - search(nodesFrom=[AUTHORITY], callback=org.dbunit.database.search.ImportedKeysSearchCallback@3868fab9) - start
169780 [main] DEBUG org.dbunit.util.search.DepthFirstSearch  - reverseSearch:AUTHORITY
169780 [main] DEBUG org.dbunit.database.search.ImportedKeysSearchCallback  - searchNode(node=AUTHORITY) - start
169780 [main] DEBUG org.dbunit.util.search.DepthFirstSearch  - Pushing (reverse) AUTHORITY
169780 [main] DEBUG org.dbunit.database.search.ImportedKeysSearchCallback  - getEdges(node=AUTHORITY) - start
169780 [main] DEBUG org.dbunit.database.search.AbstractMetaDataBasedSearchCallback  - getNodesFromImportedKeys(node=AUTHORITY) - start
169780 [main] DEBUG org.dbunit.database.search.AbstractMetaDataBasedSearchCallback  - getNodes(type=0, node=AUTHORITY) - start
169780 [main] DEBUG org.dbunit.database.DatabaseDataSourceConnection  - getConnection() - start
169781 [main] DEBUG org.dbunit.database.search.AbstractMetaDataBasedSearchCallback  - getNodes(type=0, node=AUTHORITY, conn=Transaction-aware proxy for target Connection [jdbc:hsqldb:mem:kontrollDS, UserName=sw, HSQL Database Engine Driver], schema=null, metaData=org.apache.commons.dbcp.DelegatingDatabaseMetaData@7424a49d, edges=[]) - start
169781 [main] DEBUG org.dbunit.database.search.AbstractMetaDataBasedSearchCallback  - Getting edges for node AUTHORITY
169781 [main] TRACE org.dbunit.database.DatabaseConfig  - getProperty(name=http://www.dbunit.org/properties/metadataHandler) - start
169781 [main] TRACE org.dbunit.database.DefaultMetadataHandler  - tableExists(metaData=org.apache.commons.dbcp.DelegatingDatabaseMetaData@7424a49d, schemaName=null, tableName=AUTHORITY) - start
169782 [main] DEBUG org.dbunit.util.SQLHelper  - close(resultSet=org.apache.commons.dbcp.DelegatingResultSet@1e4f811f) - start
169782 [main] DEBUG org.dbunit.util.SQLHelper  - close(resultSet=org.apache.commons.dbcp.DelegatingResultSet@70003f33) - start
169782 [main] DEBUG org.dbunit.util.search.DepthFirstSearch  - search:AUTHORITY
169782 [main] DEBUG org.dbunit.database.search.ImportedKeysSearchCallback  - searchNode(node=AUTHORITY) - start
169782 [main] DEBUG org.dbunit.util.search.DepthFirstSearch  - Pushing AUTHORITY
169782 [main] DEBUG org.dbunit.database.search.ImportedKeysSearchCallback  - getEdges(node=AUTHORITY) - start
169782 [main] DEBUG org.dbunit.database.search.AbstractMetaDataBasedSearchCallback  - getNodesFromImportedKeys(node=AUTHORITY) - start
169782 [main] DEBUG org.dbunit.database.search.AbstractMetaDataBasedSearchCallback  - getNodes(type=0, node=AUTHORITY) - start
169782 [main] DEBUG org.dbunit.database.DatabaseDataSourceConnection  - getConnection() - start
169782 [main] DEBUG org.dbunit.database.search.AbstractMetaDataBasedSearchCallback  - getNodes(type=0, node=AUTHORITY, conn=Transaction-aware proxy for target Connection [jdbc:hsqldb:mem:kontrollDS, UserName=sw, HSQL Database Engine Driver], schema=null, metaData=org.apache.commons.dbcp.DelegatingDatabaseMetaData@203566b7, edges=[]) - start
169782 [main] DEBUG org.dbunit.database.search.AbstractMetaDataBasedSearchCallback  - Getting edges for node AUTHORITY
169782 [main] TRACE org.dbunit.database.DatabaseConfig  - getProperty(name=http://www.dbunit.org/properties/metadataHandler) - start
169782 [main] TRACE org.dbunit.database.DefaultMetadataHandler  - tableExists(metaData=org.apache.commons.dbcp.DelegatingDatabaseMetaData@203566b7, schemaName=null, tableName=AUTHORITY) - start
169784 [main] DEBUG org.dbunit.util.SQLHelper  - close(resultSet=org.apache.commons.dbcp.DelegatingResultSet@3cc1bd3a) - start
169784 [main] DEBUG org.dbunit.util.SQLHelper  - close(resultSet=org.apache.commons.dbcp.DelegatingResultSet@6dbc2f23) - start
169784 [main] DEBUG org.dbunit.util.search.DepthFirstSearch  - Adding node AUTHORITY to the final result
169784 [main] DEBUG org.dbunit.database.DatabaseSequenceFilter  - getDependencyInfo(connection=_databaseConfig=org.dbunit.database.DatabaseConfig[, _propertyMap={http://www.dbunit.org/properties/statementFactory=org.dbunit.database.statement.PreparedStatementFactory@626bc2b8, http://www.dbunit.org/features/caseSensitiveTableNames=false, http://www.dbunit.org/properties/fetchSize=100, http://www.dbunit.org/features/batchedStatements=false, http://www.dbunit.org/properties/metadataHandler=org.dbunit.database.DefaultMetadataHandler@62baffef, http://www.dbunit.org/properties/datatypeFactory=org.dbunit.dataset.datatype.DefaultDataTypeFactory[_toleratedDeltaMap=org.dbunit.dataset.datatype.ToleratedDeltaMap@6452310a], http://www.dbunit.org/properties/escapePattern=null, http://www.dbunit.org/properties/batchSize=100, http://www.dbunit.org/features/qualifiedTableNames=false, http://www.dbunit.org/properties/tableType=[Ljava.lang.String;@5011bafa, http://www.dbunit.org/properties/resultSetTableFactory=org.dbunit.database.CachedResultSetTableFactory@10bcf083, http://www.dbunit.org/features/datatypeWarning=true}], _dataSet=AbstractDataSet[_orderedTableNameMap=null], tableName=CAPTION) - start
169784 [main] DEBUG org.dbunit.database.search.TablesDependencyHelper  - getDependentTables(connection=_databaseConfig=org.dbunit.database.DatabaseConfig[, _propertyMap={http://www.dbunit.org/properties/statementFactory=org.dbunit.database.statement.PreparedStatementFactory@626bc2b8, http://www.dbunit.org/features/caseSensitiveTableNames=false, http://www.dbunit.org/properties/fetchSize=100, http://www.dbunit.org/features/batchedStatements=false, http://www.dbunit.org/properties/metadataHandler=org.dbunit.database.DefaultMetadataHandler@62baffef, http://www.dbunit.org/properties/datatypeFactory=org.dbunit.dataset.datatype.DefaultDataTypeFactory[_toleratedDeltaMap=org.dbunit.dataset.datatype.ToleratedDeltaMap@6452310a], http://www.dbunit.org/properties/escapePattern=null, http://www.dbunit.org/properties/batchSize=100, http://www.dbunit.org/features/qualifiedTableNames=false, http://www.dbunit.org/properties/tableType=[Ljava.lang.String;@5011bafa, http://www.dbunit.org/properties/resultSetTableFactory=org.dbunit.database.CachedResultSetTableFactory@10bcf083, http://www.dbunit.org/features/datatypeWarning=true}], _dataSet=AbstractDataSet[_orderedTableNameMap=null], rootTable=CAPTION) - start
169784 [main] DEBUG org.dbunit.database.search.TablesDependencyHelper  - getDependentTables(connection=_databaseConfig=org.dbunit.database.DatabaseConfig[, _propertyMap={http://www.dbunit.org/properties/statementFactory=org.dbunit.database.statement.PreparedStatementFactory@626bc2b8, http://www.dbunit.org/features/caseSensitiveTableNames=false, http://www.dbunit.org/properties/fetchSize=100, http://www.dbunit.org/features/batchedStatements=false, http://www.dbunit.org/properties/metadataHandler=org.dbunit.database.DefaultMetadataHandler@62baffef, http://www.dbunit.org/properties/datatypeFactory=org.dbunit.dataset.datatype.DefaultDataTypeFactory[_toleratedDeltaMap=org.dbunit.dataset.datatype.ToleratedDeltaMap@6452310a], http://www.dbunit.org/properties/escapePattern=null, http://www.dbunit.org/properties/batchSize=100, http://www.dbunit.org/features/qualifiedTableNames=false, http://www.dbunit.org/properties/tableType=[Ljava.lang.String;@5011bafa, http://www.dbunit.org/properties/resultSetTableFactory=org.dbunit.database.CachedResultSetTableFactory@10bcf083, http://www.dbunit.org/features/datatypeWarning=true}], _dataSet=AbstractDataSet[_orderedTableNameMap=null], rootTables=[CAPTION]) - start
169784 [main] DEBUG org.dbunit.util.search.DepthFirstSearch  - search(nodesFrom=[CAPTION], callback=org.dbunit.database.search.ImportedKeysSearchCallback@16877cfe) - start
169784 [main] DEBUG org.dbunit.util.CollectionsHelper  - objectsToSet(objects=CAPTION) - start
169784 [main] DEBUG org.dbunit.util.search.DepthFirstSearch  - search(nodesFrom=[CAPTION], callback=org.dbunit.database.search.ImportedKeysSearchCallback@16877cfe) - start
169784 [main] DEBUG org.dbunit.util.search.DepthFirstSearch  - reverseSearch:CAPTION
169784 [main] DEBUG org.dbunit.database.search.ImportedKeysSearchCallback  - searchNode(node=CAPTION) - start
169784 [main] DEBUG org.dbunit.util.search.DepthFirstSearch  - Pushing (reverse) CAPTION
169785 [main] DEBUG org.dbunit.database.search.ImportedKeysSearchCallback  - getEdges(node=CAPTION) - start
169785 [main] DEBUG org.dbunit.database.search.AbstractMetaDataBasedSearchCallback  - getNodesFromImportedKeys(node=CAPTION) - start
169785 [main] DEBUG org.dbunit.database.search.AbstractMetaDataBasedSearchCallback  - getNodes(type=0, node=CAPTION) - start
169785 [main] DEBUG org.dbunit.database.DatabaseDataSourceConnection  - getConnection() - start
169785 [main] DEBUG org.dbunit.database.search.AbstractMetaDataBasedSearchCallback  - getNodes(type=0, node=CAPTION, conn=Transaction-aware proxy for target Connection [jdbc:hsqldb:mem:kontrollDS, UserName=sw, HSQL Database Engine Driver], schema=null, metaData=org.apache.commons.dbcp.DelegatingDatabaseMetaData@191f1340, edges=[]) - start
169785 [main] DEBUG org.dbunit.database.search.AbstractMetaDataBasedSearchCallback  - Getting edges for node CAPTION
169785 [main] TRACE org.dbunit.database.DatabaseConfig  - getProperty(name=http://www.dbunit.org/properties/metadataHandler) - start
169785 [main] TRACE org.dbunit.database.DefaultMetadataHandler  - tableExists(metaData=org.apache.commons.dbcp.DelegatingDatabaseMetaData@191f1340, schemaName=null, tableName=CAPTION) - start
169786 [main] DEBUG org.dbunit.util.SQLHelper  - close(resultSet=org.apache.commons.dbcp.DelegatingResultSet@4b6b8d2d) - start
169786 [main] DEBUG org.dbunit.util.SQLHelper  - close(resultSet=org.apache.commons.dbcp.DelegatingResultSet@3bc5c58d) - start
169786 [main] DEBUG org.dbunit.util.search.DepthFirstSearch  - search:CAPTION
169786 [main] DEBUG org.dbunit.database.search.ImportedKeysSearchCallback  - searchNode(node=CAPTION) - start
169786 [main] DEBUG org.dbunit.util.search.DepthFirstSearch  - Pushing CAPTION
169786 [main] DEBUG org.dbunit.database.search.ImportedKeysSearchCallback  - getEdges(node=CAPTION) - start
169786 [main] DEBUG org.dbunit.database.search.AbstractMetaDataBasedSearchCallback  - getNodesFromImportedKeys(node=CAPTION) - start
169786 [main] DEBUG org.dbunit.database.search.AbstractMetaDataBasedSearchCallback  - getNodes(type=0, node=CAPTION) - start
169786 [main] DEBUG org.dbunit.database.DatabaseDataSourceConnection  - getConnection() - start
169786 [main] DEBUG org.dbunit.database.search.AbstractMetaDataBasedSearchCallback  - getNodes(type=0, node=CAPTION, conn=Transaction-aware proxy for target Connection [jdbc:hsqldb:mem:kontrollDS, UserName=sw, HSQL Database Engine Driver], schema=null, metaData=org.apache.commons.dbcp.DelegatingDatabaseMetaData@352ccaa3, edges=[]) - start
169786 [main] DEBUG org.dbunit.database.search.AbstractMetaDataBasedSearchCallback  - Getting edges for node CAPTION
169786 [main] TRACE org.dbunit.database.DatabaseConfig  - getProperty(name=http://www.dbunit.org/properties/metadataHandler) - start
169786 [main] TRACE org.dbunit.database.DefaultMetadataHandler  - tableExists(metaData=org.apache.commons.dbcp.DelegatingDatabaseMetaData@352ccaa3, schemaName=null, tableName=CAPTION) - start
169788 [main] DEBUG org.dbunit.util.SQLHelper  - close(resultSet=org.apache.commons.dbcp.DelegatingResultSet@50544a26) - start
169788 [main] DEBUG org.dbunit.util.SQLHelper  - close(resultSet=org.apache.commons.dbcp.DelegatingResultSet@1e7b64f4) - start
169788 [main] DEBUG org.dbunit.util.search.DepthFirstSearch  - Adding node CAPTION to the final result
169788 [main] DEBUG org.dbunit.util.CollectionsHelper  - setToStrings(set=[CAPTION]) - start
169788 [main] DEBUG org.dbunit.database.search.TablesDependencyHelper  - getDependsOnTables(connection=_databaseConfig=org.dbunit.database.DatabaseConfig[, _propertyMap={http://www.dbunit.org/properties/statementFactory=org.dbunit.database.statement.PreparedStatementFactory@626bc2b8, http://www.dbunit.org/features/caseSensitiveTableNames=false, http://www.dbunit.org/properties/fetchSize=100, http://www.dbunit.org/features/batchedStatements=false, http://www.dbunit.org/properties/metadataHandler=org.dbunit.database.DefaultMetadataHandler@62baffef, http://www.dbunit.org/properties/datatypeFactory=org.dbunit.dataset.datatype.DefaultDataTypeFactory[_toleratedDeltaMap=org.dbunit.dataset.datatype.ToleratedDeltaMap@6452310a], http://www.dbunit.org/properties/escapePattern=null, http://www.dbunit.org/properties/batchSize=100, http://www.dbunit.org/features/qualifiedTableNames=false, http://www.dbunit.org/properties/tableType=[Ljava.lang.String;@5011bafa, http://www.dbunit.org/properties/resultSetTableFactory=org.dbunit.database.CachedResultSetTableFactory@10bcf083, http://www.dbunit.org/features/datatypeWarning=true}], _dataSet=AbstractDataSet[_orderedTableNameMap=null], rootTable=CAPTION) - start
169788 [main] DEBUG org.dbunit.util.search.DepthFirstSearch  - search(nodesFrom=[CAPTION], callback=org.dbunit.database.search.ExportedKeysSearchCallback@4f03c2a8) - start
169788 [main] DEBUG org.dbunit.util.CollectionsHelper  - objectsToSet(objects=CAPTION) - start
169788 [main] DEBUG org.dbunit.util.search.DepthFirstSearch  - search(nodesFrom=[CAPTION], callback=org.dbunit.database.search.ExportedKeysSearchCallback@4f03c2a8) - start
169788 [main] DEBUG org.dbunit.util.search.DepthFirstSearch  - reverseSearch:CAPTION
169788 [main] DEBUG org.dbunit.database.search.ExportedKeysSearchCallback  - searchNode(node=CAPTION) - start
169788 [main] DEBUG org.dbunit.util.search.DepthFirstSearch  - Pushing (reverse) CAPTION
169788 [main] DEBUG org.dbunit.database.search.ExportedKeysSearchCallback  - getEdges(node=CAPTION) - start
169788 [main] DEBUG org.dbunit.database.search.AbstractMetaDataBasedSearchCallback  - getNodesFromExportedKeys(node=CAPTION) - start
169788 [main] DEBUG org.dbunit.database.search.AbstractMetaDataBasedSearchCallback  - getNodes(type=1, node=CAPTION) - start
169788 [main] DEBUG org.dbunit.database.DatabaseDataSourceConnection  - getConnection() - start
169788 [main] DEBUG org.dbunit.database.search.AbstractMetaDataBasedSearchCallback  - getNodes(type=1, node=CAPTION, conn=Transaction-aware proxy for target Connection [jdbc:hsqldb:mem:kontrollDS, UserName=sw, HSQL Database Engine Driver], schema=null, metaData=org.apache.commons.dbcp.DelegatingDatabaseMetaData@7fe0cc1e, edges=[]) - start
169788 [main] DEBUG org.dbunit.database.search.AbstractMetaDataBasedSearchCallback  - Getting edges for node CAPTION
169788 [main] TRACE org.dbunit.database.DatabaseConfig  - getProperty(name=http://www.dbunit.org/properties/metadataHandler) - start
169788 [main] TRACE org.dbunit.database.DefaultMetadataHandler  - tableExists(metaData=org.apache.commons.dbcp.DelegatingDatabaseMetaData@7fe0cc1e, schemaName=null, tableName=CAPTION) - start
169790 [main] DEBUG org.dbunit.util.SQLHelper  - close(resultSet=org.apache.commons.dbcp.DelegatingResultSet@62c51479) - start
169790 [main] DEBUG org.dbunit.util.SQLHelper  - close(resultSet=org.apache.commons.dbcp.DelegatingResultSet@5c4fa171) - start
169790 [main] DEBUG org.dbunit.util.search.DepthFirstSearch  - search:CAPTION
169790 [main] DEBUG org.dbunit.database.search.ExportedKeysSearchCallback  - searchNode(node=CAPTION) - start
169790 [main] DEBUG org.dbunit.util.search.DepthFirstSearch  - Pushing CAPTION
169790 [main] DEBUG org.dbunit.database.search.ExportedKeysSearchCallback  - getEdges(node=CAPTION) - start
169790 [main] DEBUG org.dbunit.database.search.AbstractMetaDataBasedSearchCallback  - getNodesFromExportedKeys(node=CAPTION) - start
169790 [main] DEBUG org.dbunit.database.search.AbstractMetaDataBasedSearchCallback  - getNodes(type=1, node=CAPTION) - start
169790 [main] DEBUG org.dbunit.database.DatabaseDataSourceConnection  - getConnection() - start
169790 [main] DEBUG org.dbunit.database.search.AbstractMetaDataBasedSearchCallback  - getNodes(type=1, node=CAPTION, conn=Transaction-aware proxy for target Connection [jdbc:hsqldb:mem:kontrollDS, UserName=sw, HSQL Database Engine Driver], schema=null, metaData=org.apache.commons.dbcp.DelegatingDatabaseMetaData@6ff0310f, edges=[]) - start
169791 [main] DEBUG org.dbunit.database.search.AbstractMetaDataBasedSearchCallback  - Getting edges for node CAPTION
169791 [main] TRACE org.dbunit.database.DatabaseConfig  - getProperty(name=http://www.dbunit.org/properties/metadataHandler) - start
169791 [main] TRACE org.dbunit.database.DefaultMetadataHandler  - tableExists(metaData=org.apache.commons.dbcp.DelegatingDatabaseMetaData@6ff0310f, schemaName=null, tableName=CAPTION) - start
169792 [main] DEBUG org.dbunit.util.SQLHelper  - close(resultSet=org.apache.commons.dbcp.DelegatingResultSet@4d7ef45e) - start
169792 [main] DEBUG org.dbunit.util.SQLHelper  - close(resultSet=org.apache.commons.dbcp.DelegatingResultSet@68a6eaf9) - start
169792 [main] DEBUG org.dbunit.util.search.DepthFirstSearch  - Adding node CAPTION to the final result
169792 [main] DEBUG org.dbunit.util.CollectionsHelper  - setToStrings(set=[CAPTION]) - start
169793 [main] DEBUG org.dbunit.database.search.TablesDependencyHelper  - getDirectDependsOnTables(connection=_databaseConfig=org.dbunit.database.DatabaseConfig[, _propertyMap={http://www.dbunit.org/properties/statementFactory=org.dbunit.database.statement.PreparedStatementFactory@626bc2b8, http://www.dbunit.org/features/caseSensitiveTableNames=false, http://www.dbunit.org/properties/fetchSize=100, http://www.dbunit.org/features/batchedStatements=false, http://www.dbunit.org/properties/metadataHandler=org.dbunit.database.DefaultMetadataHandler@62baffef, http://www.dbunit.org/properties/datatypeFactory=org.dbunit.dataset.datatype.DefaultDataTypeFactory[_toleratedDeltaMap=org.dbunit.dataset.datatype.ToleratedDeltaMap@6452310a], http://www.dbunit.org/properties/escapePattern=null, http://www.dbunit.org/properties/batchSize=100, http://www.dbunit.org/features/qualifiedTableNames=false, http://www.dbunit.org/properties/tableType=[Ljava.lang.String;@5011bafa, http://www.dbunit.org/properties/resultSetTableFactory=org.dbunit.database.CachedResultSetTableFactory@10bcf083, http://www.dbunit.org/features/datatypeWarning=true}], _dataSet=AbstractDataSet[_orderedTableNameMap=null], tableName=CAPTION) - start
169793 [main] DEBUG org.dbunit.util.search.DepthFirstSearch  - search(nodesFrom=[CAPTION], callback=org.dbunit.database.search.ExportedKeysSearchCallback@6049a309) - start
169793 [main] DEBUG org.dbunit.util.CollectionsHelper  - objectsToSet(objects=CAPTION) - start
169793 [main] DEBUG org.dbunit.util.search.DepthFirstSearch  - search(nodesFrom=[CAPTION], callback=org.dbunit.database.search.ExportedKeysSearchCallback@6049a309) - start
169793 [main] DEBUG org.dbunit.util.search.DepthFirstSearch  - reverseSearch:CAPTION
169793 [main] DEBUG org.dbunit.database.search.ExportedKeysSearchCallback  - searchNode(node=CAPTION) - start
169793 [main] DEBUG org.dbunit.util.search.DepthFirstSearch  - Pushing (reverse) CAPTION
169793 [main] DEBUG org.dbunit.database.search.ExportedKeysSearchCallback  - getEdges(node=CAPTION) - start
169793 [main] DEBUG org.dbunit.database.search.AbstractMetaDataBasedSearchCallback  - getNodesFromExportedKeys(node=CAPTION) - start
169793 [main] DEBUG org.dbunit.database.search.AbstractMetaDataBasedSearchCallback  - getNodes(type=1, node=CAPTION) - start
169793 [main] DEBUG org.dbunit.database.DatabaseDataSourceConnection  - getConnection() - start
169793 [main] DEBUG org.dbunit.database.search.AbstractMetaDataBasedSearchCallback  - getNodes(type=1, node=CAPTION, conn=Transaction-aware proxy for target Connection [jdbc:hsqldb:mem:kontrollDS, UserName=sw, HSQL Database Engine Driver], schema=null, metaData=org.apache.commons.dbcp.DelegatingDatabaseMetaData@26ed542, edges=[]) - start
169793 [main] DEBUG org.dbunit.database.search.AbstractMetaDataBasedSearchCallback  - Getting edges for node CAPTION
169793 [main] TRACE org.dbunit.database.DatabaseConfig  - getProperty(name=http://www.dbunit.org/properties/metadataHandler) - start
169794 [main] TRACE org.dbunit.database.DefaultMetadataHandler  - tableExists(metaData=org.apache.commons.dbcp.DelegatingDatabaseMetaData@26ed542, schemaName=null, tableName=CAPTION) - start
169795 [main] DEBUG org.dbunit.util.SQLHelper  - close(resultSet=org.apache.commons.dbcp.DelegatingResultSet@4c25a435) - start
169795 [main] DEBUG org.dbunit.util.SQLHelper  - close(resultSet=org.apache.commons.dbcp.DelegatingResultSet@54f5be6a) - start
169795 [main] DEBUG org.dbunit.util.search.DepthFirstSearch  - search:CAPTION
169795 [main] DEBUG org.dbunit.database.search.ExportedKeysSearchCallback  - searchNode(node=CAPTION) - start
169795 [main] DEBUG org.dbunit.util.search.DepthFirstSearch  - Pushing CAPTION
169795 [main] DEBUG org.dbunit.database.search.ExportedKeysSearchCallback  - getEdges(node=CAPTION) - start
169795 [main] DEBUG org.dbunit.database.search.AbstractMetaDataBasedSearchCallback  - getNodesFromExportedKeys(node=CAPTION) - start
169795 [main] DEBUG org.dbunit.database.search.AbstractMetaDataBasedSearchCallback  - getNodes(type=1, node=CAPTION) - start
169795 [main] DEBUG org.dbunit.database.DatabaseDataSourceConnection  - getConnection() - start
169795 [main] DEBUG org.dbunit.database.search.AbstractMetaDataBasedSearchCallback  - getNodes(type=1, node=CAPTION, conn=Transaction-aware proxy for target Connection [jdbc:hsqldb:mem:kontrollDS, UserName=sw, HSQL Database Engine Driver], schema=null, metaData=org.apache.commons.dbcp.DelegatingDatabaseMetaData@51a84cb9, edges=[]) - start
169795 [main] DEBUG org.dbunit.database.search.AbstractMetaDataBasedSearchCallback  - Getting edges for node CAPTION
169795 [main] TRACE org.dbunit.database.DatabaseConfig  - getProperty(name=http://www.dbunit.org/properties/metadataHandler) - start
169795 [main] TRACE org.dbunit.database.DefaultMetadataHandler  - tableExists(metaData=org.apache.commons.dbcp.DelegatingDatabaseMetaData@51a84cb9, schemaName=null, tableName=CAPTION) - start
169796 [main] DEBUG org.dbunit.util.SQLHelper  - close(resultSet=org.apache.commons.dbcp.DelegatingResultSet@3e35d8ba) - start
169796 [main] DEBUG org.dbunit.util.SQLHelper  - close(resultSet=org.apache.commons.dbcp.DelegatingResultSet@177604dd) - start
169796 [main] DEBUG org.dbunit.util.search.DepthFirstSearch  - Adding node CAPTION to the final result
169797 [main] DEBUG org.dbunit.database.search.TablesDependencyHelper  - getDirectDependentTables(connection=_databaseConfig=org.dbunit.database.DatabaseConfig[, _propertyMap={http://www.dbunit.org/properties/statementFactory=org.dbunit.database.statement.PreparedStatementFactory@626bc2b8, http://www.dbunit.org/features/caseSensitiveTableNames=false, http://www.dbunit.org/properties/fetchSize=100, http://www.dbunit.org/features/batchedStatements=false, http://www.dbunit.org/properties/metadataHandler=org.dbunit.database.DefaultMetadataHandler@62baffef, http://www.dbunit.org/properties/datatypeFactory=org.dbunit.dataset.datatype.DefaultDataTypeFactory[_toleratedDeltaMap=org.dbunit.dataset.datatype.ToleratedDeltaMap@6452310a], http://www.dbunit.org/properties/escapePattern=null, http://www.dbunit.org/properties/batchSize=100, http://www.dbunit.org/features/qualifiedTableNames=false, http://www.dbunit.org/properties/tableType=[Ljava.lang.String;@5011bafa, http://www.dbunit.org/properties/resultSetTableFactory=org.dbunit.database.CachedResultSetTableFactory@10bcf083, http://www.dbunit.org/features/datatypeWarning=true}], _dataSet=AbstractDataSet[_orderedTableNameMap=null], tableName=CAPTION) - start
169797 [main] DEBUG org.dbunit.util.search.DepthFirstSearch  - search(nodesFrom=[CAPTION], callback=org.dbunit.database.search.ImportedKeysSearchCallback@3708aac6) - start
169797 [main] DEBUG org.dbunit.util.CollectionsHelper  - objectsToSet(objects=CAPTION) - start
169797 [main] DEBUG org.dbunit.util.search.DepthFirstSearch  - search(nodesFrom=[CAPTION], callback=org.dbunit.database.search.ImportedKeysSearchCallback@3708aac6) - start
169797 [main] DEBUG org.dbunit.util.search.DepthFirstSearch  - reverseSearch:CAPTION
169797 [main] DEBUG org.dbunit.database.search.ImportedKeysSearchCallback  - searchNode(node=CAPTION) - start
169797 [main] DEBUG org.dbunit.util.search.DepthFirstSearch  - Pushing (reverse) CAPTION
169797 [main] DEBUG org.dbunit.database.search.ImportedKeysSearchCallback  - getEdges(node=CAPTION) - start
169797 [main] DEBUG org.dbunit.database.search.AbstractMetaDataBasedSearchCallback  - getNodesFromImportedKeys(node=CAPTION) - start
169797 [main] DEBUG org.dbunit.database.search.AbstractMetaDataBasedSearchCallback  - getNodes(type=0, node=CAPTION) - start
169797 [main] DEBUG org.dbunit.database.DatabaseDataSourceConnection  - getConnection() - start
169797 [main] DEBUG org.dbunit.database.search.AbstractMetaDataBasedSearchCallback  - getNodes(type=0, node=CAPTION, conn=Transaction-aware proxy for target Connection [jdbc:hsqldb:mem:kontrollDS, UserName=sw, HSQL Database Engine Driver], schema=null, metaData=org.apache.commons.dbcp.DelegatingDatabaseMetaData@1a03c964, edges=[]) - start
169797 [main] DEBUG org.dbunit.database.search.AbstractMetaDataBasedSearchCallback  - Getting edges for node CAPTION
169797 [main] TRACE org.dbunit.database.DatabaseConfig  - getProperty(name=http://www.dbunit.org/properties/metadataHandler) - start
169797 [main] TRACE org.dbunit.database.DefaultMetadataHandler  - tableExists(metaData=org.apache.commons.dbcp.DelegatingDatabaseMetaData@1a03c964, schemaName=null, tableName=CAPTION) - start
169798 [main] DEBUG org.dbunit.util.SQLHelper  - close(resultSet=org.apache.commons.dbcp.DelegatingResultSet@7635429f) - start
169799 [main] DEBUG org.dbunit.util.SQLHelper  - close(resultSet=org.apache.commons.dbcp.DelegatingResultSet@9b23d7d) - start
169799 [main] DEBUG org.dbunit.util.search.DepthFirstSearch  - search:CAPTION
169799 [main] DEBUG org.dbunit.database.search.ImportedKeysSearchCallback  - searchNode(node=CAPTION) - start
169799 [main] DEBUG org.dbunit.util.search.DepthFirstSearch  - Pushing CAPTION
169799 [main] DEBUG org.dbunit.database.search.ImportedKeysSearchCallback  - getEdges(node=CAPTION) - start
169799 [main] DEBUG org.dbunit.database.search.AbstractMetaDataBasedSearchCallback  - getNodesFromImportedKeys(node=CAPTION) - start
169799 [main] DEBUG org.dbunit.database.search.AbstractMetaDataBasedSearchCallback  - getNodes(type=0, node=CAPTION) - start
169799 [main] DEBUG org.dbunit.database.DatabaseDataSourceConnection  - getConnection() - start
169799 [main] DEBUG org.dbunit.database.search.AbstractMetaDataBasedSearchCallback  - getNodes(type=0, node=CAPTION, conn=Transaction-aware proxy for target Connection [jdbc:hsqldb:mem:kontrollDS, UserName=sw, HSQL Database Engine Driver], schema=null, metaData=org.apache.commons.dbcp.DelegatingDatabaseMetaData@14e2de84, edges=[]) - start
169799 [main] DEBUG org.dbunit.database.search.AbstractMetaDataBasedSearchCallback  - Getting edges for node CAPTION
169799 [main] TRACE org.dbunit.database.DatabaseConfig  - getProperty(name=http://www.dbunit.org/properties/metadataHandler) - start
169799 [main] TRACE org.dbunit.database.DefaultMetadataHandler  - tableExists(metaData=org.apache.commons.dbcp.DelegatingDatabaseMetaData@14e2de84, schemaName=null, tableName=CAPTION) - start
169800 [main] DEBUG org.dbunit.util.SQLHelper  - close(resultSet=org.apache.commons.dbcp.DelegatingResultSet@5514b2fe) - start
169800 [main] DEBUG org.dbunit.util.SQLHelper  - close(resultSet=org.apache.commons.dbcp.DelegatingResultSet@548f0946) - start
169800 [main] DEBUG org.dbunit.util.search.DepthFirstSearch  - Adding node CAPTION to the final result
169800 [main] DEBUG org.dbunit.database.DatabaseSequenceFilter  - getDependencyInfo(connection=_databaseConfig=org.dbunit.database.DatabaseConfig[, _propertyMap={http://www.dbunit.org/properties/statementFactory=org.dbunit.database.statement.PreparedStatementFactory@626bc2b8, http://www.dbunit.org/features/caseSensitiveTableNames=false, http://www.dbunit.org/properties/fetchSize=100, http://www.dbunit.org/features/batchedStatements=false, http://www.dbunit.org/properties/metadataHandler=org.dbunit.database.DefaultMetadataHandler@62baffef, http://www.dbunit.org/properties/datatypeFactory=org.dbunit.dataset.datatype.DefaultDataTypeFactory[_toleratedDeltaMap=org.dbunit.dataset.datatype.ToleratedDeltaMap@6452310a], http://www.dbunit.org/properties/escapePattern=null, http://www.dbunit.org/properties/batchSize=100, http://www.dbunit.org/features/qualifiedTableNames=false, http://www.dbunit.org/properties/tableType=[Ljava.lang.String;@5011bafa, http://www.dbunit.org/properties/resultSetTableFactory=org.dbunit.database.CachedResultSetTableFactory@10bcf083, http://www.dbunit.org/features/datatypeWarning=true}], _dataSet=AbstractDataSet[_orderedTableNameMap=null], tableName=NESTEDSCOPEDCONTENTCONDITIONS) - start
169800 [main] DEBUG org.dbunit.database.search.TablesDependencyHelper  - getDependentTables(connection=_databaseConfig=org.dbunit.database.DatabaseConfig[, _propertyMap={http://www.dbunit.org/properties/statementFactory=org.dbunit.database.statement.PreparedStatementFactory@626bc2b8, http://www.dbunit.org/features/caseSensitiveTableNames=false, http://www.dbunit.org/properties/fetchSize=100, http://www.dbunit.org/features/batchedStatements=false, http://www.dbunit.org/properties/metadataHandler=org.dbunit.database.DefaultMetadataHandler@62baffef, http://www.dbunit.org/properties/datatypeFactory=org.dbunit.dataset.datatype.DefaultDataTypeFactory[_toleratedDeltaMap=org.dbunit.dataset.datatype.ToleratedDeltaMap@6452310a], http://www.dbunit.org/properties/escapePattern=null, http://www.dbunit.org/properties/batchSize=100, http://www.dbunit.org/features/qualifiedTableNames=false, http://www.dbunit.org/properties/tableType=[Ljava.lang.String;@5011bafa, http://www.dbunit.org/properties/resultSetTableFactory=org.dbunit.database.CachedResultSetTableFactory@10bcf083, http://www.dbunit.org/features/datatypeWarning=true}], _dataSet=AbstractDataSet[_orderedTableNameMap=null], rootTable=NESTEDSCOPEDCONTENTCONDITIONS) - start
169801 [main] DEBUG org.dbunit.database.search.TablesDependencyHelper  - getDependentTables(connection=_databaseConfig=org.dbunit.database.DatabaseConfig[, _propertyMap={http://www.dbunit.org/properties/statementFactory=org.dbunit.database.statement.PreparedStatementFactory@626bc2b8, http://www.dbunit.org/features/caseSensitiveTableNames=false, http://www.dbunit.org/properties/fetchSize=100, http://www.dbunit.org/features/batchedStatements=false, http://www.dbunit.org/properties/metadataHandler=org.dbunit.database.DefaultMetadataHandler@62baffef, http://www.dbunit.org/properties/datatypeFactory=org.dbunit.dataset.datatype.DefaultDataTypeFactory[_toleratedDeltaMap=org.dbunit.dataset.datatype.ToleratedDeltaMap@6452310a], http://www.dbunit.org/properties/escapePattern=null, http://www.dbunit.org/properties/batchSize=100, http://www.dbunit.org/features/qualifiedTableNames=false, http://www.dbunit.org/properties/tableType=[Ljava.lang.String;@5011bafa, http://www.dbunit.org/properties/resultSetTableFactory=org.dbunit.database.CachedResultSetTableFactory@10bcf083, http://www.dbunit.org/features/datatypeWarning=true}], _dataSet=AbstractDataSet[_orderedTableNameMap=null], rootTables=[NESTEDSCOPEDCONTENTCONDITIONS]) - start
169801 [main] DEBUG org.dbunit.util.search.DepthFirstSearch  - search(nodesFrom=[NESTEDSCOPEDCONTENTCONDITIONS], callback=org.dbunit.database.search.ImportedKeysSearchCallback@2e64fe22) - start
169801 [main] DEBUG org.dbunit.util.CollectionsHelper  - objectsToSet(objects=NESTEDSCOPEDCONTENTCONDITIONS) - start
169801 [main] DEBUG org.dbunit.util.search.DepthFirstSearch  - search(nodesFrom=[NESTEDSCOPEDCONTENTCONDITIONS], callback=org.dbunit.database.search.ImportedKeysSearchCallback@2e64fe22) - start
169801 [main] DEBUG org.dbunit.util.search.DepthFirstSearch  - reverseSearch:NESTEDSCOPEDCONTENTCONDITIONS
169801 [main] DEBUG org.dbunit.database.search.ImportedKeysSearchCallback  - searchNode(node=NESTEDSCOPEDCONTENTCONDITIONS) - start
169801 [main] DEBUG org.dbunit.util.search.DepthFirstSearch  - Pushing (reverse) NESTEDSCOPEDCONTENTCONDITIONS
169801 [main] DEBUG org.dbunit.database.search.ImportedKeysSearchCallback  - getEdges(node=NESTEDSCOPEDCONTENTCONDITIONS) - start
169801 [main] DEBUG org.dbunit.database.search.AbstractMetaDataBasedSearchCallback  - getNodesFromImportedKeys(node=NESTEDSCOPEDCONTENTCONDITIONS) - start
169801 [main] DEBUG org.dbunit.database.search.AbstractMetaDataBasedSearchCallback  - getNodes(type=0, node=NESTEDSCOPEDCONTENTCONDITIONS) - start
169801 [main] DEBUG org.dbunit.database.DatabaseDataSourceConnection  - getConnection() - start
169801 [main] DEBUG org.dbunit.database.search.AbstractMetaDataBasedSearchCallback  - getNodes(type=0, node=NESTEDSCOPEDCONTENTCONDITIONS, conn=Transaction-aware proxy for target Connection [jdbc:hsqldb:mem:kontrollDS, UserName=sw, HSQL Database Engine Driver], schema=null, metaData=org.apache.commons.dbcp.DelegatingDatabaseMetaData@686881f9, edges=[]) - start
169801 [main] DEBUG org.dbunit.database.search.AbstractMetaDataBasedSearchCallback  - Getting edges for node NESTEDSCOPEDCONTENTCONDITIONS
169801 [main] TRACE org.dbunit.database.DatabaseConfig  - getProperty(name=http://www.dbunit.org/properties/metadataHandler) - start
169801 [main] TRACE org.dbunit.database.DefaultMetadataHandler  - tableExists(metaData=org.apache.commons.dbcp.DelegatingDatabaseMetaData@686881f9, schemaName=null, tableName=NESTEDSCOPEDCONTENTCONDITIONS) - start
169803 [main] DEBUG org.dbunit.util.SQLHelper  - close(resultSet=org.apache.commons.dbcp.DelegatingResultSet@3bb69475) - start
169803 [main] DEBUG org.dbunit.util.QualifiedTableName  - getQualifiedNameIfEnabled(config=org.dbunit.database.DatabaseConfig[, _propertyMap={http://www.dbunit.org/properties/statementFactory=org.dbunit.database.statement.PreparedStatementFactory@626bc2b8, http://www.dbunit.org/features/caseSensitiveTableNames=false, http://www.dbunit.org/properties/fetchSize=100, http://www.dbunit.org/features/batchedStatements=false, http://www.dbunit.org/properties/metadataHandler=org.dbunit.database.DefaultMetadataHandler@62baffef, http://www.dbunit.org/properties/datatypeFactory=org.dbunit.dataset.datatype.DefaultDataTypeFactory[_toleratedDeltaMap=org.dbunit.dataset.datatype.ToleratedDeltaMap@6452310a], http://www.dbunit.org/properties/escapePattern=null, http://www.dbunit.org/properties/batchSize=100, http://www.dbunit.org/features/qualifiedTableNames=false, http://www.dbunit.org/properties/tableType=[Ljava.lang.String;@5011bafa, http://www.dbunit.org/properties/resultSetTableFactory=org.dbunit.database.CachedResultSetTableFactory@10bcf083, http://www.dbunit.org/features/datatypeWarning=true}]) - start
169803 [main] TRACE org.dbunit.database.DatabaseConfig  - getFeature(name=http://www.dbunit.org/features/qualifiedTableNames) - start
169803 [main] TRACE org.dbunit.database.DatabaseConfig  - getProperty(name=http://www.dbunit.org/features/qualifiedTableNames) - start
169803 [main] DEBUG org.dbunit.util.QualifiedTableName  - Qualified table names feature is disabled. Returning plain table name
169804 [main] DEBUG org.dbunit.util.QualifiedTableName  - getQualifiedName(prefix=null, name=NESTEDSCOPEDCONTENTCONDITIONS, escapePattern=null) - start
169804 [main] DEBUG org.dbunit.util.QualifiedTableName  - getQualifiedNameIfEnabled(config=org.dbunit.database.DatabaseConfig[, _propertyMap={http://www.dbunit.org/properties/statementFactory=org.dbunit.database.statement.PreparedStatementFactory@626bc2b8, http://www.dbunit.org/features/caseSensitiveTableNames=false, http://www.dbunit.org/properties/fetchSize=100, http://www.dbunit.org/features/batchedStatements=false, http://www.dbunit.org/properties/metadataHandler=org.dbunit.database.DefaultMetadataHandler@62baffef, http://www.dbunit.org/properties/datatypeFactory=org.dbunit.dataset.datatype.DefaultDataTypeFactory[_toleratedDeltaMap=org.dbunit.dataset.datatype.ToleratedDeltaMap@6452310a], http://www.dbunit.org/properties/escapePattern=null, http://www.dbunit.org/properties/batchSize=100, http://www.dbunit.org/features/qualifiedTableNames=false, http://www.dbunit.org/properties/tableType=[Ljava.lang.String;@5011bafa, http://www.dbunit.org/properties/resultSetTableFactory=org.dbunit.database.CachedResultSetTableFactory@10bcf083, http://www.dbunit.org/features/datatypeWarning=true}]) - start
169804 [main] TRACE org.dbunit.database.DatabaseConfig  - getFeature(name=http://www.dbunit.org/features/qualifiedTableNames) - start
169804 [main] TRACE org.dbunit.database.DatabaseConfig  - getProperty(name=http://www.dbunit.org/features/qualifiedTableNames) - start
169804 [main] DEBUG org.dbunit.util.QualifiedTableName  - Qualified table names feature is disabled. Returning plain table name
169804 [main] DEBUG org.dbunit.util.QualifiedTableName  - getQualifiedName(prefix=null, name=SCOPEDCONTENTCONDITION, escapePattern=null) - start
169804 [main] DEBUG org.dbunit.database.search.AbstractMetaDataBasedSearchCallback  - newEdge(rs=org.apache.commons.dbcp.DelegatingResultSet@62d0773, type=0, from=NESTEDSCOPEDCONTENTCONDITIONS, to=SCOPEDCONTENTCONDITION, fkColumn=CHILD_CONDITION_ID, pkColumn=ID) - start
169805 [main] DEBUG org.dbunit.database.search.AbstractMetaDataBasedSearchCallback  - createFKEdge(rs=org.apache.commons.dbcp.DelegatingResultSet@62d0773, type=0, from=NESTEDSCOPEDCONTENTCONDITIONS, to=SCOPEDCONTENTCONDITION, fkColumn=CHILD_CONDITION_ID, pkColumn=ID) - start
169805 [main] DEBUG org.dbunit.database.search.AbstractMetaDataBasedSearchCallback  - Adding edge NESTEDSCOPEDCONTENTCONDITIONS(CHILD_CONDITION_ID)->SCOPEDCONTENTCONDITION(ID)
169805 [main] DEBUG org.dbunit.util.search.Edge  - compareTo(o=NESTEDSCOPEDCONTENTCONDITIONS(CHILD_CONDITION_ID)->SCOPEDCONTENTCONDITION(ID)) - start
169805 [main] DEBUG org.dbunit.util.QualifiedTableName  - getQualifiedNameIfEnabled(config=org.dbunit.database.DatabaseConfig[, _propertyMap={http://www.dbunit.org/properties/statementFactory=org.dbunit.database.statement.PreparedStatementFactory@626bc2b8, http://www.dbunit.org/features/caseSensitiveTableNames=false, http://www.dbunit.org/properties/fetchSize=100, http://www.dbunit.org/features/batchedStatements=false, http://www.dbunit.org/properties/metadataHandler=org.dbunit.database.DefaultMetadataHandler@62baffef, http://www.dbunit.org/properties/datatypeFactory=org.dbunit.dataset.datatype.DefaultDataTypeFactory[_toleratedDeltaMap=org.dbunit.dataset.datatype.ToleratedDeltaMap@6452310a], http://www.dbunit.org/properties/escapePattern=null, http://www.dbunit.org/properties/batchSize=100, http://www.dbunit.org/features/qualifiedTableNames=false, http://www.dbunit.org/properties/tableType=[Ljava.lang.String;@5011bafa, http://www.dbunit.org/properties/resultSetTableFactory=org.dbunit.database.CachedResultSetTableFactory@10bcf083, http://www.dbunit.org/features/datatypeWarning=true}]) - start
169805 [main] TRACE org.dbunit.database.DatabaseConfig  - getFeature(name=http://www.dbunit.org/features/qualifiedTableNames) - start
169805 [main] TRACE org.dbunit.database.DatabaseConfig  - getProperty(name=http://www.dbunit.org/features/qualifiedTableNames) - start
169805 [main] DEBUG org.dbunit.util.QualifiedTableName  - Qualified table names feature is disabled. Returning plain table name
169805 [main] DEBUG org.dbunit.util.QualifiedTableName  - getQualifiedName(prefix=null, name=NESTEDSCOPEDCONTENTCONDITIONS, escapePattern=null) - start
169805 [main] DEBUG org.dbunit.util.QualifiedTableName  - getQualifiedNameIfEnabled(config=org.dbunit.database.DatabaseConfig[, _propertyMap={http://www.dbunit.org/properties/statementFactory=org.dbunit.database.statement.PreparedStatementFactory@626bc2b8, http://www.dbunit.org/features/caseSensitiveTableNames=false, http://www.dbunit.org/properties/fetchSize=100, http://www.dbunit.org/features/batchedStatements=false, http://www.dbunit.org/properties/metadataHandler=org.dbunit.database.DefaultMetadataHandler@62baffef, http://www.dbunit.org/properties/datatypeFactory=org.dbunit.dataset.datatype.DefaultDataTypeFactory[_toleratedDeltaMap=org.dbunit.dataset.datatype.ToleratedDeltaMap@6452310a], http://www.dbunit.org/properties/escapePattern=null, http://www.dbunit.org/properties/batchSize=100, http://www.dbunit.org/features/qualifiedTableNames=false, http://www.dbunit.org/properties/tableType=[Ljava.lang.String;@5011bafa, http://www.dbunit.org/properties/resultSetTableFactory=org.dbunit.database.CachedResultSetTableFactory@10bcf083, http://www.dbunit.org/features/datatypeWarning=true}]) - start
169805 [main] TRACE org.dbunit.database.DatabaseConfig  - getFeature(name=http://www.dbunit.org/features/qualifiedTableNames) - start
169805 [main] TRACE org.dbunit.database.DatabaseConfig  - getProperty(name=http://www.dbunit.org/features/qualifiedTableNames) - start
169805 [main] DEBUG org.dbunit.util.QualifiedTableName  - Qualified table names feature is disabled. Returning plain table name
169805 [main] DEBUG org.dbunit.util.QualifiedTableName  - getQualifiedName(prefix=null, name=SCOPEDCONTENTCONDITION, escapePattern=null) - start
169805 [main] DEBUG org.dbunit.database.search.AbstractMetaDataBasedSearchCallback  - newEdge(rs=org.apache.commons.dbcp.DelegatingResultSet@62d0773, type=0, from=NESTEDSCOPEDCONTENTCONDITIONS, to=SCOPEDCONTENTCONDITION, fkColumn=PARENT_CONDITION_ID, pkColumn=ID) - start
169805 [main] DEBUG org.dbunit.database.search.AbstractMetaDataBasedSearchCallback  - createFKEdge(rs=org.apache.commons.dbcp.DelegatingResultSet@62d0773, type=0, from=NESTEDSCOPEDCONTENTCONDITIONS, to=SCOPEDCONTENTCONDITION, fkColumn=PARENT_CONDITION_ID, pkColumn=ID) - start
169805 [main] DEBUG org.dbunit.database.search.AbstractMetaDataBasedSearchCallback  - Adding edge NESTEDSCOPEDCONTENTCONDITIONS(PARENT_CONDITION_ID)->SCOPEDCONTENTCONDITION(ID)
169805 [main] DEBUG org.dbunit.util.search.Edge  - compareTo(o=NESTEDSCOPEDCONTENTCONDITIONS(CHILD_CONDITION_ID)->SCOPEDCONTENTCONDITION(ID)) - start
169805 [main] DEBUG org.dbunit.util.SQLHelper  - close(resultSet=org.apache.commons.dbcp.DelegatingResultSet@62d0773) - start
169805 [main] DEBUG org.dbunit.util.search.DepthFirstSearch  - search:NESTEDSCOPEDCONTENTCONDITIONS
169805 [main] DEBUG org.dbunit.database.search.ImportedKeysSearchCallback  - searchNode(node=NESTEDSCOPEDCONTENTCONDITIONS) - start
169805 [main] DEBUG org.dbunit.util.search.DepthFirstSearch  - Pushing NESTEDSCOPEDCONTENTCONDITIONS
169805 [main] DEBUG org.dbunit.database.search.ImportedKeysSearchCallback  - getEdges(node=NESTEDSCOPEDCONTENTCONDITIONS) - start
169806 [main] DEBUG org.dbunit.database.search.AbstractMetaDataBasedSearchCallback  - getNodesFromImportedKeys(node=NESTEDSCOPEDCONTENTCONDITIONS) - start
169806 [main] DEBUG org.dbunit.database.search.AbstractMetaDataBasedSearchCallback  - getNodes(type=0, node=NESTEDSCOPEDCONTENTCONDITIONS) - start
169806 [main] DEBUG org.dbunit.database.DatabaseDataSourceConnection  - getConnection() - start
169806 [main] DEBUG org.dbunit.database.search.AbstractMetaDataBasedSearchCallback  - getNodes(type=0, node=NESTEDSCOPEDCONTENTCONDITIONS, conn=Transaction-aware proxy for target Connection [jdbc:hsqldb:mem:kontrollDS, UserName=sw, HSQL Database Engine Driver], schema=null, metaData=org.apache.commons.dbcp.DelegatingDatabaseMetaData@7644122f, edges=[]) - start
169806 [main] DEBUG org.dbunit.database.search.AbstractMetaDataBasedSearchCallback  - Getting edges for node NESTEDSCOPEDCONTENTCONDITIONS
169806 [main] TRACE org.dbunit.database.DatabaseConfig  - getProperty(name=http://www.dbunit.org/properties/metadataHandler) - start
169806 [main] TRACE org.dbunit.database.DefaultMetadataHandler  - tableExists(metaData=org.apache.commons.dbcp.DelegatingDatabaseMetaData@7644122f, schemaName=null, tableName=NESTEDSCOPEDCONTENTCONDITIONS) - start
169807 [main] DEBUG org.dbunit.util.SQLHelper  - close(resultSet=org.apache.commons.dbcp.DelegatingResultSet@750c36c8) - start
169807 [main] DEBUG org.dbunit.util.QualifiedTableName  - getQualifiedNameIfEnabled(config=org.dbunit.database.DatabaseConfig[, _propertyMap={http://www.dbunit.org/properties/statementFactory=org.dbunit.database.statement.PreparedStatementFactory@626bc2b8, http://www.dbunit.org/features/caseSensitiveTableNames=false, http://www.dbunit.org/properties/fetchSize=100, http://www.dbunit.org/features/batchedStatements=false, http://www.dbunit.org/properties/metadataHandler=org.dbunit.database.DefaultMetadataHandler@62baffef, http://www.dbunit.org/properties/datatypeFactory=org.dbunit.dataset.datatype.DefaultDataTypeFactory[_toleratedDeltaMap=org.dbunit.dataset.datatype.ToleratedDeltaMap@6452310a], http://www.dbunit.org/properties/escapePattern=null, http://www.dbunit.org/properties/batchSize=100, http://www.dbunit.org/features/qualifiedTableNames=false, http://www.dbunit.org/properties/tableType=[Ljava.lang.String;@5011bafa, http://www.dbunit.org/properties/resultSetTableFactory=org.dbunit.database.CachedResultSetTableFactory@10bcf083, http://www.dbunit.org/features/datatypeWarning=true}]) - start
169807 [main] TRACE org.dbunit.database.DatabaseConfig  - getFeature(name=http://www.dbunit.org/features/qualifiedTableNames) - start
169807 [main] TRACE org.dbunit.database.DatabaseConfig  - getProperty(name=http://www.dbunit.org/features/qualifiedTableNames) - start
169807 [main] DEBUG org.dbunit.util.QualifiedTableName  - Qualified table names feature is disabled. Returning plain table name
169807 [main] DEBUG org.dbunit.util.QualifiedTableName  - getQualifiedName(prefix=null, name=NESTEDSCOPEDCONTENTCONDITIONS, escapePattern=null) - start
169807 [main] DEBUG org.dbunit.util.QualifiedTableName  - getQualifiedNameIfEnabled(config=org.dbunit.database.DatabaseConfig[, _propertyMap={http://www.dbunit.org/properties/statementFactory=org.dbunit.database.statement.PreparedStatementFactory@626bc2b8, http://www.dbunit.org/features/caseSensitiveTableNames=false, http://www.dbunit.org/properties/fetchSize=100, http://www.dbunit.org/features/batchedStatements=false, http://www.dbunit.org/properties/metadataHandler=org.dbunit.database.DefaultMetadataHandler@62baffef, http://www.dbunit.org/properties/datatypeFactory=org.dbunit.dataset.datatype.DefaultDataTypeFactory[_toleratedDeltaMap=org.dbunit.dataset.datatype.ToleratedDeltaMap@6452310a], http://www.dbunit.org/properties/escapePattern=null, http://www.dbunit.org/properties/batchSize=100, http://www.dbunit.org/features/qualifiedTableNames=false, http://www.dbunit.org/properties/tableType=[Ljava.lang.String;@5011bafa, http://www.dbunit.org/properties/resultSetTableFactory=org.dbunit.database.CachedResultSetTableFactory@10bcf083, http://www.dbunit.org/features/datatypeWarning=true}]) - start
169808 [main] TRACE org.dbunit.database.DatabaseConfig  - getFeature(name=http://www.dbunit.org/features/qualifiedTableNames) - start
169808 [main] TRACE org.dbunit.database.DatabaseConfig  - getProperty(name=http://www.dbunit.org/features/qualifiedTableNames) - start
169808 [main] DEBUG org.dbunit.util.QualifiedTableName  - Qualified table names feature is disabled. Returning plain table name
169808 [main] DEBUG org.dbunit.util.QualifiedTableName  - getQualifiedName(prefix=null, name=SCOPEDCONTENTCONDITION, escapePattern=null) - start
169808 [main] DEBUG org.dbunit.database.search.AbstractMetaDataBasedSearchCallback  - newEdge(rs=org.apache.commons.dbcp.DelegatingResultSet@4f7e4f72, type=0, from=NESTEDSCOPEDCONTENTCONDITIONS, to=SCOPEDCONTENTCONDITION, fkColumn=CHILD_CONDITION_ID, pkColumn=ID) - start
169808 [main] DEBUG org.dbunit.database.search.AbstractMetaDataBasedSearchCallback  - createFKEdge(rs=org.apache.commons.dbcp.DelegatingResultSet@4f7e4f72, type=0, from=NESTEDSCOPEDCONTENTCONDITIONS, to=SCOPEDCONTENTCONDITION, fkColumn=CHILD_CONDITION_ID, pkColumn=ID) - start
169808 [main] DEBUG org.dbunit.database.search.AbstractMetaDataBasedSearchCallback  - Adding edge NESTEDSCOPEDCONTENTCONDITIONS(CHILD_CONDITION_ID)->SCOPEDCONTENTCONDITION(ID)
169808 [main] DEBUG org.dbunit.util.search.Edge  - compareTo(o=NESTEDSCOPEDCONTENTCONDITIONS(CHILD_CONDITION_ID)->SCOPEDCONTENTCONDITION(ID)) - start
169808 [main] DEBUG org.dbunit.util.QualifiedTableName  - getQualifiedNameIfEnabled(config=org.dbunit.database.DatabaseConfig[, _propertyMap={http://www.dbunit.org/properties/statementFactory=org.dbunit.database.statement.PreparedStatementFactory@626bc2b8, http://www.dbunit.org/features/caseSensitiveTableNames=false, http://www.dbunit.org/properties/fetchSize=100, http://www.dbunit.org/features/batchedStatements=false, http://www.dbunit.org/properties/metadataHandler=org.dbunit.database.DefaultMetadataHandler@62baffef, http://www.dbunit.org/properties/datatypeFactory=org.dbunit.dataset.datatype.DefaultDataTypeFactory[_toleratedDeltaMap=org.dbunit.dataset.datatype.ToleratedDeltaMap@6452310a], http://www.dbunit.org/properties/escapePattern=null, http://www.dbunit.org/properties/batchSize=100, http://www.dbunit.org/features/qualifiedTableNames=false, http://www.dbunit.org/properties/tableType=[Ljava.lang.String;@5011bafa, http://www.dbunit.org/properties/resultSetTableFactory=org.dbunit.database.CachedResultSetTableFactory@10bcf083, http://www.dbunit.org/features/datatypeWarning=true}]) - start
169808 [main] TRACE org.dbunit.database.DatabaseConfig  - getFeature(name=http://www.dbunit.org/features/qualifiedTableNames) - start
169808 [main] TRACE org.dbunit.database.DatabaseConfig  - getProperty(name=http://www.dbunit.org/features/qualifiedTableNames) - start
169808 [main] DEBUG org.dbunit.util.QualifiedTableName  - Qualified table names feature is disabled. Returning plain table name
169808 [main] DEBUG org.dbunit.util.QualifiedTableName  - getQualifiedName(prefix=null, name=NESTEDSCOPEDCONTENTCONDITIONS, escapePattern=null) - start
169808 [main] DEBUG org.dbunit.util.QualifiedTableName  - getQualifiedNameIfEnabled(config=org.dbunit.database.DatabaseConfig[, _propertyMap={http://www.dbunit.org/properties/statementFactory=org.dbunit.database.statement.PreparedStatementFactory@626bc2b8, http://www.dbunit.org/features/caseSensitiveTableNames=false, http://www.dbunit.org/properties/fetchSize=100, http://www.dbunit.org/features/batchedStatements=false, http://www.dbunit.org/properties/metadataHandler=org.dbunit.database.DefaultMetadataHandler@62baffef, http://www.dbunit.org/properties/datatypeFactory=org.dbunit.dataset.datatype.DefaultDataTypeFactory[_toleratedDeltaMap=org.dbunit.dataset.datatype.ToleratedDeltaMap@6452310a], http://www.dbunit.org/properties/escapePattern=null, http://www.dbunit.org/properties/batchSize=100, http://www.dbunit.org/features/qualifiedTableNames=false, http://www.dbunit.org/properties/tableType=[Ljava.lang.String;@5011bafa, http://www.dbunit.org/properties/resultSetTableFactory=org.dbunit.database.CachedResultSetTableFactory@10bcf083, http://www.dbunit.org/features/datatypeWarning=true}]) - start
169808 [main] TRACE org.dbunit.database.DatabaseConfig  - getFeature(name=http://www.dbunit.org/features/qualifiedTableNames) - start
169808 [main] TRACE org.dbunit.database.DatabaseConfig  - getProperty(name=http://www.dbunit.org/features/qualifiedTableNames) - start
169808 [main] DEBUG org.dbunit.util.QualifiedTableName  - Qualified table names feature is disabled. Returning plain table name
169808 [main] DEBUG org.dbunit.util.QualifiedTableName  - getQualifiedName(prefix=null, name=SCOPEDCONTENTCONDITION, escapePattern=null) - start
169808 [main] DEBUG org.dbunit.database.search.AbstractMetaDataBasedSearchCallback  - newEdge(rs=org.apache.commons.dbcp.DelegatingResultSet@4f7e4f72, type=0, from=NESTEDSCOPEDCONTENTCONDITIONS, to=SCOPEDCONTENTCONDITION, fkColumn=PARENT_CONDITION_ID, pkColumn=ID) - start
169808 [main] DEBUG org.dbunit.database.search.AbstractMetaDataBasedSearchCallback  - createFKEdge(rs=org.apache.commons.dbcp.DelegatingResultSet@4f7e4f72, type=0, from=NESTEDSCOPEDCONTENTCONDITIONS, to=SCOPEDCONTENTCONDITION, fkColumn=PARENT_CONDITION_ID, pkColumn=ID) - start
169809 [main] DEBUG org.dbunit.database.search.AbstractMetaDataBasedSearchCallback  - Adding edge NESTEDSCOPEDCONTENTCONDITIONS(PARENT_CONDITION_ID)->SCOPEDCONTENTCONDITION(ID)
169809 [main] DEBUG org.dbunit.util.search.Edge  - compareTo(o=NESTEDSCOPEDCONTENTCONDITIONS(CHILD_CONDITION_ID)->SCOPEDCONTENTCONDITION(ID)) - start
169809 [main] DEBUG org.dbunit.util.SQLHelper  - close(resultSet=org.apache.commons.dbcp.DelegatingResultSet@4f7e4f72) - start
169809 [main] DEBUG org.dbunit.util.search.DepthFirstSearch  - search:SCOPEDCONTENTCONDITION
169809 [main] DEBUG org.dbunit.database.search.ImportedKeysSearchCallback  - searchNode(node=SCOPEDCONTENTCONDITION) - start
169809 [main] DEBUG org.dbunit.util.search.DepthFirstSearch  - Pushing SCOPEDCONTENTCONDITION
169809 [main] DEBUG org.dbunit.database.search.ImportedKeysSearchCallback  - getEdges(node=SCOPEDCONTENTCONDITION) - start
169809 [main] DEBUG org.dbunit.database.search.AbstractMetaDataBasedSearchCallback  - getNodesFromImportedKeys(node=SCOPEDCONTENTCONDITION) - start
169809 [main] DEBUG org.dbunit.database.search.AbstractMetaDataBasedSearchCallback  - getNodes(type=0, node=SCOPEDCONTENTCONDITION) - start
169809 [main] DEBUG org.dbunit.database.DatabaseDataSourceConnection  - getConnection() - start
169809 [main] DEBUG org.dbunit.database.search.AbstractMetaDataBasedSearchCallback  - getNodes(type=0, node=SCOPEDCONTENTCONDITION, conn=Transaction-aware proxy for target Connection [jdbc:hsqldb:mem:kontrollDS, UserName=sw, HSQL Database Engine Driver], schema=null, metaData=org.apache.commons.dbcp.DelegatingDatabaseMetaData@6d91ee23, edges=[]) - start
169809 [main] DEBUG org.dbunit.database.search.AbstractMetaDataBasedSearchCallback  - Getting edges for node SCOPEDCONTENTCONDITION
169809 [main] TRACE org.dbunit.database.DatabaseConfig  - getProperty(name=http://www.dbunit.org/properties/metadataHandler) - start
169809 [main] TRACE org.dbunit.database.DefaultMetadataHandler  - tableExists(metaData=org.apache.commons.dbcp.DelegatingDatabaseMetaData@6d91ee23, schemaName=null, tableName=SCOPEDCONTENTCONDITION) - start
169810 [main] DEBUG org.dbunit.util.SQLHelper  - close(resultSet=org.apache.commons.dbcp.DelegatingResultSet@600bd26) - start
169810 [main] DEBUG org.dbunit.util.SQLHelper  - close(resultSet=org.apache.commons.dbcp.DelegatingResultSet@501ad06a) - start
169810 [main] DEBUG org.dbunit.util.search.DepthFirstSearch  - Adding node SCOPEDCONTENTCONDITION to the final result
169810 [main] DEBUG org.dbunit.util.search.DepthFirstSearch  - Adding node NESTEDSCOPEDCONTENTCONDITIONS to the final result
169810 [main] DEBUG org.dbunit.util.search.DepthFirstSearch  - reverseSearch:NESTEDSCOPEDCONTENTCONDITIONS
169811 [main] DEBUG org.dbunit.util.search.DepthFirstSearch  - already searched; returning true
169811 [main] DEBUG org.dbunit.util.search.DepthFirstSearch  - reverseSearch:SCOPEDCONTENTCONDITION
169811 [main] DEBUG org.dbunit.database.search.ImportedKeysSearchCallback  - searchNode(node=SCOPEDCONTENTCONDITION) - start
169811 [main] DEBUG org.dbunit.util.search.DepthFirstSearch  - Pushing (reverse) SCOPEDCONTENTCONDITION
169811 [main] DEBUG org.dbunit.database.search.ImportedKeysSearchCallback  - getEdges(node=SCOPEDCONTENTCONDITION) - start
169811 [main] DEBUG org.dbunit.database.search.AbstractMetaDataBasedSearchCallback  - getNodesFromImportedKeys(node=SCOPEDCONTENTCONDITION) - start
169811 [main] DEBUG org.dbunit.database.search.AbstractMetaDataBasedSearchCallback  - getNodes(type=0, node=SCOPEDCONTENTCONDITION) - start
169811 [main] DEBUG org.dbunit.database.DatabaseDataSourceConnection  - getConnection() - start
169811 [main] DEBUG org.dbunit.database.search.AbstractMetaDataBasedSearchCallback  - getNodes(type=0, node=SCOPEDCONTENTCONDITION, conn=Transaction-aware proxy for target Connection [jdbc:hsqldb:mem:kontrollDS, UserName=sw, HSQL Database Engine Driver], schema=null, metaData=org.apache.commons.dbcp.DelegatingDatabaseMetaData@1069083c, edges=[]) - start
169811 [main] DEBUG org.dbunit.database.search.AbstractMetaDataBasedSearchCallback  - Getting edges for node SCOPEDCONTENTCONDITION
169811 [main] TRACE org.dbunit.database.DatabaseConfig  - getProperty(name=http://www.dbunit.org/properties/metadataHandler) - start
169811 [main] TRACE org.dbunit.database.DefaultMetadataHandler  - tableExists(metaData=org.apache.commons.dbcp.DelegatingDatabaseMetaData@1069083c, schemaName=null, tableName=SCOPEDCONTENTCONDITION) - start
169812 [main] DEBUG org.dbunit.util.SQLHelper  - close(resultSet=org.apache.commons.dbcp.DelegatingResultSet@630ef0ab) - start
169812 [main] DEBUG org.dbunit.util.SQLHelper  - close(resultSet=org.apache.commons.dbcp.DelegatingResultSet@f90f7a8) - start
169812 [main] DEBUG org.dbunit.util.search.DepthFirstSearch  - search:NESTEDSCOPEDCONTENTCONDITIONS
169812 [main] DEBUG org.dbunit.util.search.DepthFirstSearch  - already searched; returning true
169812 [main] DEBUG org.dbunit.util.search.DepthFirstSearch  - search:SCOPEDCONTENTCONDITION
169812 [main] DEBUG org.dbunit.util.search.DepthFirstSearch  - already searched; returning true
169812 [main] DEBUG org.dbunit.util.CollectionsHelper  - setToStrings(set=[SCOPEDCONTENTCONDITION, NESTEDSCOPEDCONTENTCONDITIONS]) - start
169812 [main] DEBUG org.dbunit.database.search.TablesDependencyHelper  - getDependsOnTables(connection=_databaseConfig=org.dbunit.database.DatabaseConfig[, _propertyMap={http://www.dbunit.org/properties/statementFactory=org.dbunit.database.statement.PreparedStatementFactory@626bc2b8, http://www.dbunit.org/features/caseSensitiveTableNames=false, http://www.dbunit.org/properties/fetchSize=100, http://www.dbunit.org/features/batchedStatements=false, http://www.dbunit.org/properties/metadataHandler=org.dbunit.database.DefaultMetadataHandler@62baffef, http://www.dbunit.org/properties/datatypeFactory=org.dbunit.dataset.datatype.DefaultDataTypeFactory[_toleratedDeltaMap=org.dbunit.dataset.datatype.ToleratedDeltaMap@6452310a], http://www.dbunit.org/properties/escapePattern=null, http://www.dbunit.org/properties/batchSize=100, http://www.dbunit.org/features/qualifiedTableNames=false, http://www.dbunit.org/properties/tableType=[Ljava.lang.String;@5011bafa, http://www.dbunit.org/properties/resultSetTableFactory=org.dbunit.database.CachedResultSetTableFactory@10bcf083, http://www.dbunit.org/features/datatypeWarning=true}], _dataSet=AbstractDataSet[_orderedTableNameMap=null], rootTable=NESTEDSCOPEDCONTENTCONDITIONS) - start
169813 [main] DEBUG org.dbunit.util.search.DepthFirstSearch  - search(nodesFrom=[NESTEDSCOPEDCONTENTCONDITIONS], callback=org.dbunit.database.search.ExportedKeysSearchCallback@81161a6) - start
169813 [main] DEBUG org.dbunit.util.CollectionsHelper  - objectsToSet(objects=NESTEDSCOPEDCONTENTCONDITIONS) - start
169813 [main] DEBUG org.dbunit.util.search.DepthFirstSearch  - search(nodesFrom=[NESTEDSCOPEDCONTENTCONDITIONS], callback=org.dbunit.database.search.ExportedKeysSearchCallback@81161a6) - start
169813 [main] DEBUG org.dbunit.util.search.DepthFirstSearch  - reverseSearch:NESTEDSCOPEDCONTENTCONDITIONS
169813 [main] DEBUG org.dbunit.database.search.ExportedKeysSearchCallback  - searchNode(node=NESTEDSCOPEDCONTENTCONDITIONS) - start
169813 [main] DEBUG org.dbunit.util.search.DepthFirstSearch  - Pushing (reverse) NESTEDSCOPEDCONTENTCONDITIONS
169813 [main] DEBUG org.dbunit.database.search.ExportedKeysSearchCallback  - getEdges(node=NESTEDSCOPEDCONTENTCONDITIONS) - start
169813 [main] DEBUG org.dbunit.database.search.AbstractMetaDataBasedSearchCallback  - getNodesFromExportedKeys(node=NESTEDSCOPEDCONTENTCONDITIONS) - start
169813 [main] DEBUG org.dbunit.database.search.AbstractMetaDataBasedSearchCallback  - getNodes(type=1, node=NESTEDSCOPEDCONTENTCONDITIONS) - start
169813 [main] DEBUG org.dbunit.database.DatabaseDataSourceConnection  - getConnection() - start
169813 [main] DEBUG org.dbunit.database.search.AbstractMetaDataBasedSearchCallback  - getNodes(type=1, node=NESTEDSCOPEDCONTENTCONDITIONS, conn=Transaction-aware proxy for target Connection [jdbc:hsqldb:mem:kontrollDS, UserName=sw, HSQL Database Engine Driver], schema=null, metaData=org.apache.commons.dbcp.DelegatingDatabaseMetaData@2d21dd6d, edges=[]) - start
169813 [main] DEBUG org.dbunit.database.search.AbstractMetaDataBasedSearchCallback  - Getting edges for node NESTEDSCOPEDCONTENTCONDITIONS
169813 [main] TRACE org.dbunit.database.DatabaseConfig  - getProperty(name=http://www.dbunit.org/properties/metadataHandler) - start
169813 [main] TRACE org.dbunit.database.DefaultMetadataHandler  - tableExists(metaData=org.apache.commons.dbcp.DelegatingDatabaseMetaData@2d21dd6d, schemaName=null, tableName=NESTEDSCOPEDCONTENTCONDITIONS) - start
169814 [main] DEBUG org.dbunit.util.SQLHelper  - close(resultSet=org.apache.commons.dbcp.DelegatingResultSet@1819eab1) - start
169814 [main] DEBUG org.dbunit.util.SQLHelper  - close(resultSet=org.apache.commons.dbcp.DelegatingResultSet@52b39e64) - start
169815 [main] DEBUG org.dbunit.util.search.DepthFirstSearch  - search:NESTEDSCOPEDCONTENTCONDITIONS
169815 [main] DEBUG org.dbunit.database.search.ExportedKeysSearchCallback  - searchNode(node=NESTEDSCOPEDCONTENTCONDITIONS) - start
169815 [main] DEBUG org.dbunit.util.search.DepthFirstSearch  - Pushing NESTEDSCOPEDCONTENTCONDITIONS
169815 [main] DEBUG org.dbunit.database.search.ExportedKeysSearchCallback  - getEdges(node=NESTEDSCOPEDCONTENTCONDITIONS) - start
169815 [main] DEBUG org.dbunit.database.search.AbstractMetaDataBasedSearchCallback  - getNodesFromExportedKeys(node=NESTEDSCOPEDCONTENTCONDITIONS) - start
169815 [main] DEBUG org.dbunit.database.search.AbstractMetaDataBasedSearchCallback  - getNodes(type=1, node=NESTEDSCOPEDCONTENTCONDITIONS) - start
169815 [main] DEBUG org.dbunit.database.DatabaseDataSourceConnection  - getConnection() - start
169815 [main] DEBUG org.dbunit.database.search.AbstractMetaDataBasedSearchCallback  - getNodes(type=1, node=NESTEDSCOPEDCONTENTCONDITIONS, conn=Transaction-aware proxy for target Connection [jdbc:hsqldb:mem:kontrollDS, UserName=sw, HSQL Database Engine Driver], schema=null, metaData=org.apache.commons.dbcp.DelegatingDatabaseMetaData@e63e1a7, edges=[]) - start
169815 [main] DEBUG org.dbunit.database.search.AbstractMetaDataBasedSearchCallback  - Getting edges for node NESTEDSCOPEDCONTENTCONDITIONS
169815 [main] TRACE org.dbunit.database.DatabaseConfig  - getProperty(name=http://www.dbunit.org/properties/metadataHandler) - start
169815 [main] TRACE org.dbunit.database.DefaultMetadataHandler  - tableExists(metaData=org.apache.commons.dbcp.DelegatingDatabaseMetaData@e63e1a7, schemaName=null, tableName=NESTEDSCOPEDCONTENTCONDITIONS) - start
169816 [main] DEBUG org.dbunit.util.SQLHelper  - close(resultSet=org.apache.commons.dbcp.DelegatingResultSet@40a5d609) - start
169816 [main] DEBUG org.dbunit.util.SQLHelper  - close(resultSet=org.apache.commons.dbcp.DelegatingResultSet@72a37640) - start
169816 [main] DEBUG org.dbunit.util.search.DepthFirstSearch  - Adding node NESTEDSCOPEDCONTENTCONDITIONS to the final result
169816 [main] DEBUG org.dbunit.util.CollectionsHelper  - setToStrings(set=[NESTEDSCOPEDCONTENTCONDITIONS]) - start
169816 [main] DEBUG org.dbunit.database.search.TablesDependencyHelper  - getDirectDependsOnTables(connection=_databaseConfig=org.dbunit.database.DatabaseConfig[, _propertyMap={http://www.dbunit.org/properties/statementFactory=org.dbunit.database.statement.PreparedStatementFactory@626bc2b8, http://www.dbunit.org/features/caseSensitiveTableNames=false, http://www.dbunit.org/properties/fetchSize=100, http://www.dbunit.org/features/batchedStatements=false, http://www.dbunit.org/properties/metadataHandler=org.dbunit.database.DefaultMetadataHandler@62baffef, http://www.dbunit.org/properties/datatypeFactory=org.dbunit.dataset.datatype.DefaultDataTypeFactory[_toleratedDeltaMap=org.dbunit.dataset.datatype.ToleratedDeltaMap@6452310a], http://www.dbunit.org/properties/escapePattern=null, http://www.dbunit.org/properties/batchSize=100, http://www.dbunit.org/features/qualifiedTableNames=false, http://www.dbunit.org/properties/tableType=[Ljava.lang.String;@5011bafa, http://www.dbunit.org/properties/resultSetTableFactory=org.dbunit.database.CachedResultSetTableFactory@10bcf083, http://www.dbunit.org/features/datatypeWarning=true}], _dataSet=AbstractDataSet[_orderedTableNameMap=null], tableName=NESTEDSCOPEDCONTENTCONDITIONS) - start
169817 [main] DEBUG org.dbunit.util.search.DepthFirstSearch  - search(nodesFrom=[NESTEDSCOPEDCONTENTCONDITIONS], callback=org.dbunit.database.search.ExportedKeysSearchCallback@5d411f1b) - start
169817 [main] DEBUG org.dbunit.util.CollectionsHelper  - objectsToSet(objects=NESTEDSCOPEDCONTENTCONDITIONS) - start
169817 [main] DEBUG org.dbunit.util.search.DepthFirstSearch  - search(nodesFrom=[NESTEDSCOPEDCONTENTCONDITIONS], callback=org.dbunit.database.search.ExportedKeysSearchCallback@5d411f1b) - start
169817 [main] DEBUG org.dbunit.util.search.DepthFirstSearch  - reverseSearch:NESTEDSCOPEDCONTENTCONDITIONS
169817 [main] DEBUG org.dbunit.database.search.ExportedKeysSearchCallback  - searchNode(node=NESTEDSCOPEDCONTENTCONDITIONS) - start
169817 [main] DEBUG org.dbunit.util.search.DepthFirstSearch  - Pushing (reverse) NESTEDSCOPEDCONTENTCONDITIONS
169817 [main] DEBUG org.dbunit.database.search.ExportedKeysSearchCallback  - getEdges(node=NESTEDSCOPEDCONTENTCONDITIONS) - start
169817 [main] DEBUG org.dbunit.database.search.AbstractMetaDataBasedSearchCallback  - getNodesFromExportedKeys(node=NESTEDSCOPEDCONTENTCONDITIONS) - start
169817 [main] DEBUG org.dbunit.database.search.AbstractMetaDataBasedSearchCallback  - getNodes(type=1, node=NESTEDSCOPEDCONTENTCONDITIONS) - start
169817 [main] DEBUG org.dbunit.database.DatabaseDataSourceConnection  - getConnection() - start
169817 [main] DEBUG org.dbunit.database.search.AbstractMetaDataBasedSearchCallback  - getNodes(type=1, node=NESTEDSCOPEDCONTENTCONDITIONS, conn=Transaction-aware proxy for target Connection [jdbc:hsqldb:mem:kontrollDS, UserName=sw, HSQL Database Engine Driver], schema=null, metaData=org.apache.commons.dbcp.DelegatingDatabaseMetaData@5e615571, edges=[]) - start
169819 [main] DEBUG org.dbunit.database.search.AbstractMetaDataBasedSearchCallback  - Getting edges for node NESTEDSCOPEDCONTENTCONDITIONS
169819 [main] TRACE org.dbunit.database.DatabaseConfig  - getProperty(name=http://www.dbunit.org/properties/metadataHandler) - start
169819 [main] TRACE org.dbunit.database.DefaultMetadataHandler  - tableExists(metaData=org.apache.commons.dbcp.DelegatingDatabaseMetaData@5e615571, schemaName=null, tableName=NESTEDSCOPEDCONTENTCONDITIONS) - start
169820 [main] DEBUG org.dbunit.util.SQLHelper  - close(resultSet=org.apache.commons.dbcp.DelegatingResultSet@6fdd2a3f) - start
169820 [main] DEBUG org.dbunit.util.SQLHelper  - close(resultSet=org.apache.commons.dbcp.DelegatingResultSet@3a27e9dc) - start
169820 [main] DEBUG org.dbunit.util.search.DepthFirstSearch  - search:NESTEDSCOPEDCONTENTCONDITIONS
169820 [main] DEBUG org.dbunit.database.search.ExportedKeysSearchCallback  - searchNode(node=NESTEDSCOPEDCONTENTCONDITIONS) - start
169820 [main] DEBUG org.dbunit.util.search.DepthFirstSearch  - Pushing NESTEDSCOPEDCONTENTCONDITIONS
169820 [main] DEBUG org.dbunit.database.search.ExportedKeysSearchCallback  - getEdges(node=NESTEDSCOPEDCONTENTCONDITIONS) - start
169820 [main] DEBUG org.dbunit.database.search.AbstractMetaDataBasedSearchCallback  - getNodesFromExportedKeys(node=NESTEDSCOPEDCONTENTCONDITIONS) - start
169820 [main] DEBUG org.dbunit.database.search.AbstractMetaDataBasedSearchCallback  - getNodes(type=1, node=NESTEDSCOPEDCONTENTCONDITIONS) - start
169820 [main] DEBUG org.dbunit.database.DatabaseDataSourceConnection  - getConnection() - start
169820 [main] DEBUG org.dbunit.database.search.AbstractMetaDataBasedSearchCallback  - getNodes(type=1, node=NESTEDSCOPEDCONTENTCONDITIONS, conn=Transaction-aware proxy for target Connection [jdbc:hsqldb:mem:kontrollDS, UserName=sw, HSQL Database Engine Driver], schema=null, metaData=org.apache.commons.dbcp.DelegatingDatabaseMetaData@126a8858, edges=[]) - start
169821 [main] DEBUG org.dbunit.database.search.AbstractMetaDataBasedSearchCallback  - Getting edges for node NESTEDSCOPEDCONTENTCONDITIONS
169821 [main] TRACE org.dbunit.database.DatabaseConfig  - getProperty(name=http://www.dbunit.org/properties/metadataHandler) - start
169821 [main] TRACE org.dbunit.database.DefaultMetadataHandler  - tableExists(metaData=org.apache.commons.dbcp.DelegatingDatabaseMetaData@126a8858, schemaName=null, tableName=NESTEDSCOPEDCONTENTCONDITIONS) - start
169821 [main] DEBUG org.dbunit.util.SQLHelper  - close(resultSet=org.apache.commons.dbcp.DelegatingResultSet@752a6e79) - start
169822 [main] DEBUG org.dbunit.util.SQLHelper  - close(resultSet=org.apache.commons.dbcp.DelegatingResultSet@6288d09c) - start
169822 [main] DEBUG org.dbunit.util.search.DepthFirstSearch  - Adding node NESTEDSCOPEDCONTENTCONDITIONS to the final result
169822 [main] DEBUG org.dbunit.database.search.TablesDependencyHelper  - getDirectDependentTables(connection=_databaseConfig=org.dbunit.database.DatabaseConfig[, _propertyMap={http://www.dbunit.org/properties/statementFactory=org.dbunit.database.statement.PreparedStatementFactory@626bc2b8, http://www.dbunit.org/features/caseSensitiveTableNames=false, http://www.dbunit.org/properties/fetchSize=100, http://www.dbunit.org/features/batchedStatements=false, http://www.dbunit.org/properties/metadataHandler=org.dbunit.database.DefaultMetadataHandler@62baffef, http://www.dbunit.org/properties/datatypeFactory=org.dbunit.dataset.datatype.DefaultDataTypeFactory[_toleratedDeltaMap=org.dbunit.dataset.datatype.ToleratedDeltaMap@6452310a], http://www.dbunit.org/properties/escapePattern=null, http://www.dbunit.org/properties/batchSize=100, http://www.dbunit.org/features/qualifiedTableNames=false, http://www.dbunit.org/properties/tableType=[Ljava.lang.String;@5011bafa, http://www.dbunit.org/properties/resultSetTableFactory=org.dbunit.database.CachedResultSetTableFactory@10bcf083, http://www.dbunit.org/features/datatypeWarning=true}], _dataSet=AbstractDataSet[_orderedTableNameMap=null], tableName=NESTEDSCOPEDCONTENTCONDITIONS) - start
169822 [main] DEBUG org.dbunit.util.search.DepthFirstSearch  - search(nodesFrom=[NESTEDSCOPEDCONTENTCONDITIONS], callback=org.dbunit.database.search.ImportedKeysSearchCallback@716dbf0b) - start
169822 [main] DEBUG org.dbunit.util.CollectionsHelper  - objectsToSet(objects=NESTEDSCOPEDCONTENTCONDITIONS) - start
169822 [main] DEBUG org.dbunit.util.search.DepthFirstSearch  - search(nodesFrom=[NESTEDSCOPEDCONTENTCONDITIONS], callback=org.dbunit.database.search.ImportedKeysSearchCallback@716dbf0b) - start
169822 [main] DEBUG org.dbunit.util.search.DepthFirstSearch  - reverseSearch:NESTEDSCOPEDCONTENTCONDITIONS
169822 [main] DEBUG org.dbunit.database.search.ImportedKeysSearchCallback  - searchNode(node=NESTEDSCOPEDCONTENTCONDITIONS) - start
169822 [main] DEBUG org.dbunit.util.search.DepthFirstSearch  - Pushing (reverse) NESTEDSCOPEDCONTENTCONDITIONS
169822 [main] DEBUG org.dbunit.database.search.ImportedKeysSearchCallback  - getEdges(node=NESTEDSCOPEDCONTENTCONDITIONS) - start
169822 [main] DEBUG org.dbunit.database.search.AbstractMetaDataBasedSearchCallback  - getNodesFromImportedKeys(node=NESTEDSCOPEDCONTENTCONDITIONS) - start
169822 [main] DEBUG org.dbunit.database.search.AbstractMetaDataBasedSearchCallback  - getNodes(type=0, node=NESTEDSCOPEDCONTENTCONDITIONS) - start
169822 [main] DEBUG org.dbunit.database.DatabaseDataSourceConnection  - getConnection() - start
169822 [main] DEBUG org.dbunit.database.search.AbstractMetaDataBasedSearchCallback  - getNodes(type=0, node=NESTEDSCOPEDCONTENTCONDITIONS, conn=Transaction-aware proxy for target Connection [jdbc:hsqldb:mem:kontrollDS, UserName=sw, HSQL Database Engine Driver], schema=null, metaData=org.apache.commons.dbcp.DelegatingDatabaseMetaData@5c19a55a, edges=[]) - start
169822 [main] DEBUG org.dbunit.database.search.AbstractMetaDataBasedSearchCallback  - Getting edges for node NESTEDSCOPEDCONTENTCONDITIONS
169822 [main] TRACE org.dbunit.database.DatabaseConfig  - getProperty(name=http://www.dbunit.org/properties/metadataHandler) - start
169822 [main] TRACE org.dbunit.database.DefaultMetadataHandler  - tableExists(metaData=org.apache.commons.dbcp.DelegatingDatabaseMetaData@5c19a55a, schemaName=null, tableName=NESTEDSCOPEDCONTENTCONDITIONS) - start
169823 [main] DEBUG org.dbunit.util.SQLHelper  - close(resultSet=org.apache.commons.dbcp.DelegatingResultSet@68f467ae) - start
169824 [main] DEBUG org.dbunit.util.QualifiedTableName  - getQualifiedNameIfEnabled(config=org.dbunit.database.DatabaseConfig[, _propertyMap={http://www.dbunit.org/properties/statementFactory=org.dbunit.database.statement.PreparedStatementFactory@626bc2b8, http://www.dbunit.org/features/caseSensitiveTableNames=false, http://www.dbunit.org/properties/fetchSize=100, http://www.dbunit.org/features/batchedStatements=false, http://www.dbunit.org/properties/metadataHandler=org.dbunit.database.DefaultMetadataHandler@62baffef, http://www.dbunit.org/properties/datatypeFactory=org.dbunit.dataset.datatype.DefaultDataTypeFactory[_toleratedDeltaMap=org.dbunit.dataset.datatype.ToleratedDeltaMap@6452310a], http://www.dbunit.org/properties/escapePattern=null, http://www.dbunit.org/properties/batchSize=100, http://www.dbunit.org/features/qualifiedTableNames=false, http://www.dbunit.org/properties/tableType=[Ljava.lang.String;@5011bafa, http://www.dbunit.org/properties/resultSetTableFactory=org.dbunit.database.CachedResultSetTableFactory@10bcf083, http://www.dbunit.org/features/datatypeWarning=true}]) - start
169824 [main] TRACE org.dbunit.database.DatabaseConfig  - getFeature(name=http://www.dbunit.org/features/qualifiedTableNames) - start
169824 [main] TRACE org.dbunit.database.DatabaseConfig  - getProperty(name=http://www.dbunit.org/features/qualifiedTableNames) - start
169824 [main] DEBUG org.dbunit.util.QualifiedTableName  - Qualified table names feature is disabled. Returning plain table name
169824 [main] DEBUG org.dbunit.util.QualifiedTableName  - getQualifiedName(prefix=null, name=NESTEDSCOPEDCONTENTCONDITIONS, escapePattern=null) - start
169824 [main] DEBUG org.dbunit.util.QualifiedTableName  - getQualifiedNameIfEnabled(config=org.dbunit.database.DatabaseConfig[, _propertyMap={http://www.dbunit.org/properties/statementFactory=org.dbunit.database.statement.PreparedStatementFactory@626bc2b8, http://www.dbunit.org/features/caseSensitiveTableNames=false, http://www.dbunit.org/properties/fetchSize=100, http://www.dbunit.org/features/batchedStatements=false, http://www.dbunit.org/properties/metadataHandler=org.dbunit.database.DefaultMetadataHandler@62baffef, http://www.dbunit.org/properties/datatypeFactory=org.dbunit.dataset.datatype.DefaultDataTypeFactory[_toleratedDeltaMap=org.dbunit.dataset.datatype.ToleratedDeltaMap@6452310a], http://www.dbunit.org/properties/escapePattern=null, http://www.dbunit.org/properties/batchSize=100, http://www.dbunit.org/features/qualifiedTableNames=false, http://www.dbunit.org/properties/tableType=[Ljava.lang.String;@5011bafa, http://www.dbunit.org/properties/resultSetTableFactory=org.dbunit.database.CachedResultSetTableFactory@10bcf083, http://www.dbunit.org/features/datatypeWarning=true}]) - start
169824 [main] TRACE org.dbunit.database.DatabaseConfig  - getFeature(name=http://www.dbunit.org/features/qualifiedTableNames) - start
169824 [main] TRACE org.dbunit.database.DatabaseConfig  - getProperty(name=http://www.dbunit.org/features/qualifiedTableNames) - start
169824 [main] DEBUG org.dbunit.util.QualifiedTableName  - Qualified table names feature is disabled. Returning plain table name
169824 [main] DEBUG org.dbunit.util.QualifiedTableName  - getQualifiedName(prefix=null, name=SCOPEDCONTENTCONDITION, escapePattern=null) - start
169824 [main] DEBUG org.dbunit.database.search.AbstractMetaDataBasedSearchCallback  - newEdge(rs=org.apache.commons.dbcp.DelegatingResultSet@46d53cb5, type=0, from=NESTEDSCOPEDCONTENTCONDITIONS, to=SCOPEDCONTENTCONDITION, fkColumn=CHILD_CONDITION_ID, pkColumn=ID) - start
169824 [main] DEBUG org.dbunit.database.search.AbstractMetaDataBasedSearchCallback  - createFKEdge(rs=org.apache.commons.dbcp.DelegatingResultSet@46d53cb5, type=0, from=NESTEDSCOPEDCONTENTCONDITIONS, to=SCOPEDCONTENTCONDITION, fkColumn=CHILD_CONDITION_ID, pkColumn=ID) - start
169824 [main] DEBUG org.dbunit.database.search.AbstractMetaDataBasedSearchCallback  - Adding edge NESTEDSCOPEDCONTENTCONDITIONS(CHILD_CONDITION_ID)->SCOPEDCONTENTCONDITION(ID)
169824 [main] DEBUG org.dbunit.util.search.Edge  - compareTo(o=NESTEDSCOPEDCONTENTCONDITIONS(CHILD_CONDITION_ID)->SCOPEDCONTENTCONDITION(ID)) - start
169824 [main] DEBUG org.dbunit.util.QualifiedTableName  - getQualifiedNameIfEnabled(config=org.dbunit.database.DatabaseConfig[, _propertyMap={http://www.dbunit.org/properties/statementFactory=org.dbunit.database.statement.PreparedStatementFactory@626bc2b8, http://www.dbunit.org/features/caseSensitiveTableNames=false, http://www.dbunit.org/properties/fetchSize=100, http://www.dbunit.org/features/batchedStatements=false, http://www.dbunit.org/properties/metadataHandler=org.dbunit.database.DefaultMetadataHandler@62baffef, http://www.dbunit.org/properties/datatypeFactory=org.dbunit.dataset.datatype.DefaultDataTypeFactory[_toleratedDeltaMap=org.dbunit.dataset.datatype.ToleratedDeltaMap@6452310a], http://www.dbunit.org/properties/escapePattern=null, http://www.dbunit.org/properties/batchSize=100, http://www.dbunit.org/features/qualifiedTableNames=false, http://www.dbunit.org/properties/tableType=[Ljava.lang.String;@5011bafa, http://www.dbunit.org/properties/resultSetTableFactory=org.dbunit.database.CachedResultSetTableFactory@10bcf083, http://www.dbunit.org/features/datatypeWarning=true}]) - start
169825 [main] TRACE org.dbunit.database.DatabaseConfig  - getFeature(name=http://www.dbunit.org/features/qualifiedTableNames) - start
169825 [main] TRACE org.dbunit.database.DatabaseConfig  - getProperty(name=http://www.dbunit.org/features/qualifiedTableNames) - start
169825 [main] DEBUG org.dbunit.util.QualifiedTableName  - Qualified table names feature is disabled. Returning plain table name
169825 [main] DEBUG org.dbunit.util.QualifiedTableName  - getQualifiedName(prefix=null, name=NESTEDSCOPEDCONTENTCONDITIONS, escapePattern=null) - start
169825 [main] DEBUG org.dbunit.util.QualifiedTableName  - getQualifiedNameIfEnabled(config=org.dbunit.database.DatabaseConfig[, _propertyMap={http://www.dbunit.org/properties/statementFactory=org.dbunit.database.statement.PreparedStatementFactory@626bc2b8, http://www.dbunit.org/features/caseSensitiveTableNames=false, http://www.dbunit.org/properties/fetchSize=100, http://www.dbunit.org/features/batchedStatements=false, http://www.dbunit.org/properties/metadataHandler=org.dbunit.database.DefaultMetadataHandler@62baffef, http://www.dbunit.org/properties/datatypeFactory=org.dbunit.dataset.datatype.DefaultDataTypeFactory[_toleratedDeltaMap=org.dbunit.dataset.datatype.ToleratedDeltaMap@6452310a], http://www.dbunit.org/properties/escapePattern=null, http://www.dbunit.org/properties/batchSize=100, http://www.dbunit.org/features/qualifiedTableNames=false, http://www.dbunit.org/properties/tableType=[Ljava.lang.String;@5011bafa, http://www.dbunit.org/properties/resultSetTableFactory=org.dbunit.database.CachedResultSetTableFactory@10bcf083, http://www.dbunit.org/features/datatypeWarning=true}]) - start
169825 [main] TRACE org.dbunit.database.DatabaseConfig  - getFeature(name=http://www.dbunit.org/features/qualifiedTableNames) - start
169825 [main] TRACE org.dbunit.database.DatabaseConfig  - getProperty(name=http://www.dbunit.org/features/qualifiedTableNames) - start
169825 [main] DEBUG org.dbunit.util.QualifiedTableName  - Qualified table names feature is disabled. Returning plain table name
169825 [main] DEBUG org.dbunit.util.QualifiedTableName  - getQualifiedName(prefix=null, name=SCOPEDCONTENTCONDITION, escapePattern=null) - start
169825 [main] DEBUG org.dbunit.database.search.AbstractMetaDataBasedSearchCallback  - newEdge(rs=org.apache.commons.dbcp.DelegatingResultSet@46d53cb5, type=0, from=NESTEDSCOPEDCONTENTCONDITIONS, to=SCOPEDCONTENTCONDITION, fkColumn=PARENT_CONDITION_ID, pkColumn=ID) - start
169825 [main] DEBUG org.dbunit.database.search.AbstractMetaDataBasedSearchCallback  - createFKEdge(rs=org.apache.commons.dbcp.DelegatingResultSet@46d53cb5, type=0, from=NESTEDSCOPEDCONTENTCONDITIONS, to=SCOPEDCONTENTCONDITION, fkColumn=PARENT_CONDITION_ID, pkColumn=ID) - start
169825 [main] DEBUG org.dbunit.database.search.AbstractMetaDataBasedSearchCallback  - Adding edge NESTEDSCOPEDCONTENTCONDITIONS(PARENT_CONDITION_ID)->SCOPEDCONTENTCONDITION(ID)
169825 [main] DEBUG org.dbunit.util.search.Edge  - compareTo(o=NESTEDSCOPEDCONTENTCONDITIONS(CHILD_CONDITION_ID)->SCOPEDCONTENTCONDITION(ID)) - start
169825 [main] DEBUG org.dbunit.util.SQLHelper  - close(resultSet=org.apache.commons.dbcp.DelegatingResultSet@46d53cb5) - start
169825 [main] DEBUG org.dbunit.util.search.DepthFirstSearch  - search:NESTEDSCOPEDCONTENTCONDITIONS
169825 [main] DEBUG org.dbunit.database.search.ImportedKeysSearchCallback  - searchNode(node=NESTEDSCOPEDCONTENTCONDITIONS) - start
169825 [main] DEBUG org.dbunit.util.search.DepthFirstSearch  - Pushing NESTEDSCOPEDCONTENTCONDITIONS
169825 [main] DEBUG org.dbunit.database.search.ImportedKeysSearchCallback  - getEdges(node=NESTEDSCOPEDCONTENTCONDITIONS) - start
169825 [main] DEBUG org.dbunit.database.search.AbstractMetaDataBasedSearchCallback  - getNodesFromImportedKeys(node=NESTEDSCOPEDCONTENTCONDITIONS) - start
169825 [main] DEBUG org.dbunit.database.search.AbstractMetaDataBasedSearchCallback  - getNodes(type=0, node=NESTEDSCOPEDCONTENTCONDITIONS) - start
169825 [main] DEBUG org.dbunit.database.DatabaseDataSourceConnection  - getConnection() - start
169825 [main] DEBUG org.dbunit.database.search.AbstractMetaDataBasedSearchCallback  - getNodes(type=0, node=NESTEDSCOPEDCONTENTCONDITIONS, conn=Transaction-aware proxy for target Connection [jdbc:hsqldb:mem:kontrollDS, UserName=sw, HSQL Database Engine Driver], schema=null, metaData=org.apache.commons.dbcp.DelegatingDatabaseMetaData@5984b367, edges=[]) - start
169826 [main] DEBUG org.dbunit.database.search.AbstractMetaDataBasedSearchCallback  - Getting edges for node NESTEDSCOPEDCONTENTCONDITIONS
169826 [main] TRACE org.dbunit.database.DatabaseConfig  - getProperty(name=http://www.dbunit.org/properties/metadataHandler) - start
169826 [main] TRACE org.dbunit.database.DefaultMetadataHandler  - tableExists(metaData=org.apache.commons.dbcp.DelegatingDatabaseMetaData@5984b367, schemaName=null, tableName=NESTEDSCOPEDCONTENTCONDITIONS) - start
169827 [main] DEBUG org.dbunit.util.SQLHelper  - close(resultSet=org.apache.commons.dbcp.DelegatingResultSet@4a72a378) - start
169827 [main] DEBUG org.dbunit.util.QualifiedTableName  - getQualifiedNameIfEnabled(config=org.dbunit.database.DatabaseConfig[, _propertyMap={http://www.dbunit.org/properties/statementFactory=org.dbunit.database.statement.PreparedStatementFactory@626bc2b8, http://www.dbunit.org/features/caseSensitiveTableNames=false, http://www.dbunit.org/properties/fetchSize=100, http://www.dbunit.org/features/batchedStatements=false, http://www.dbunit.org/properties/metadataHandler=org.dbunit.database.DefaultMetadataHandler@62baffef, http://www.dbunit.org/properties/datatypeFactory=org.dbunit.dataset.datatype.DefaultDataTypeFactory[_toleratedDeltaMap=org.dbunit.dataset.datatype.ToleratedDeltaMap@6452310a], http://www.dbunit.org/properties/escapePattern=null, http://www.dbunit.org/properties/batchSize=100, http://www.dbunit.org/features/qualifiedTableNames=false, http://www.dbunit.org/properties/tableType=[Ljava.lang.String;@5011bafa, http://www.dbunit.org/properties/resultSetTableFactory=org.dbunit.database.CachedResultSetTableFactory@10bcf083, http://www.dbunit.org/features/datatypeWarning=true}]) - start
169827 [main] TRACE org.dbunit.database.DatabaseConfig  - getFeature(name=http://www.dbunit.org/features/qualifiedTableNames) - start
169827 [main] TRACE org.dbunit.database.DatabaseConfig  - getProperty(name=http://www.dbunit.org/features/qualifiedTableNames) - start
169827 [main] DEBUG org.dbunit.util.QualifiedTableName  - Qualified table names feature is disabled. Returning plain table name
169827 [main] DEBUG org.dbunit.util.QualifiedTableName  - getQualifiedName(prefix=null, name=NESTEDSCOPEDCONTENTCONDITIONS, escapePattern=null) - start
169827 [main] DEBUG org.dbunit.util.QualifiedTableName  - getQualifiedNameIfEnabled(config=org.dbunit.database.DatabaseConfig[, _propertyMap={http://www.dbunit.org/properties/statementFactory=org.dbunit.database.statement.PreparedStatementFactory@626bc2b8, http://www.dbunit.org/features/caseSensitiveTableNames=false, http://www.dbunit.org/properties/fetchSize=100, http://www.dbunit.org/features/batchedStatements=false, http://www.dbunit.org/properties/metadataHandler=org.dbunit.database.DefaultMetadataHandler@62baffef, http://www.dbunit.org/properties/datatypeFactory=org.dbunit.dataset.datatype.DefaultDataTypeFactory[_toleratedDeltaMap=org.dbunit.dataset.datatype.ToleratedDeltaMap@6452310a], http://www.dbunit.org/properties/escapePattern=null, http://www.dbunit.org/properties/batchSize=100, http://www.dbunit.org/features/qualifiedTableNames=false, http://www.dbunit.org/properties/tableType=[Ljava.lang.String;@5011bafa, http://www.dbunit.org/properties/resultSetTableFactory=org.dbunit.database.CachedResultSetTableFactory@10bcf083, http://www.dbunit.org/features/datatypeWarning=true}]) - start
169827 [main] TRACE org.dbunit.database.DatabaseConfig  - getFeature(name=http://www.dbunit.org/features/qualifiedTableNames) - start
169827 [main] TRACE org.dbunit.database.DatabaseConfig  - getProperty(name=http://www.dbunit.org/features/qualifiedTableNames) - start
169827 [main] DEBUG org.dbunit.util.QualifiedTableName  - Qualified table names feature is disabled. Returning plain table name
169827 [main] DEBUG org.dbunit.util.QualifiedTableName  - getQualifiedName(prefix=null, name=SCOPEDCONTENTCONDITION, escapePattern=null) - start
169827 [main] DEBUG org.dbunit.database.search.AbstractMetaDataBasedSearchCallback  - newEdge(rs=org.apache.commons.dbcp.DelegatingResultSet@3f100258, type=0, from=NESTEDSCOPEDCONTENTCONDITIONS, to=SCOPEDCONTENTCONDITION, fkColumn=CHILD_CONDITION_ID, pkColumn=ID) - start
169827 [main] DEBUG org.dbunit.database.search.AbstractMetaDataBasedSearchCallback  - createFKEdge(rs=org.apache.commons.dbcp.DelegatingResultSet@3f100258, type=0, from=NESTEDSCOPEDCONTENTCONDITIONS, to=SCOPEDCONTENTCONDITION, fkColumn=CHILD_CONDITION_ID, pkColumn=ID) - start
169827 [main] DEBUG org.dbunit.database.search.AbstractMetaDataBasedSearchCallback  - Adding edge NESTEDSCOPEDCONTENTCONDITIONS(CHILD_CONDITION_ID)->SCOPEDCONTENTCONDITION(ID)
169827 [main] DEBUG org.dbunit.util.search.Edge  - compareTo(o=NESTEDSCOPEDCONTENTCONDITIONS(CHILD_CONDITION_ID)->SCOPEDCONTENTCONDITION(ID)) - start
169828 [main] DEBUG org.dbunit.util.QualifiedTableName  - getQualifiedNameIfEnabled(config=org.dbunit.database.DatabaseConfig[, _propertyMap={http://www.dbunit.org/properties/statementFactory=org.dbunit.database.statement.PreparedStatementFactory@626bc2b8, http://www.dbunit.org/features/caseSensitiveTableNames=false, http://www.dbunit.org/properties/fetchSize=100, http://www.dbunit.org/features/batchedStatements=false, http://www.dbunit.org/properties/metadataHandler=org.dbunit.database.DefaultMetadataHandler@62baffef, http://www.dbunit.org/properties/datatypeFactory=org.dbunit.dataset.datatype.DefaultDataTypeFactory[_toleratedDeltaMap=org.dbunit.dataset.datatype.ToleratedDeltaMap@6452310a], http://www.dbunit.org/properties/escapePattern=null, http://www.dbunit.org/properties/batchSize=100, http://www.dbunit.org/features/qualifiedTableNames=false, http://www.dbunit.org/properties/tableType=[Ljava.lang.String;@5011bafa, http://www.dbunit.org/properties/resultSetTableFactory=org.dbunit.database.CachedResultSetTableFactory@10bcf083, http://www.dbunit.org/features/datatypeWarning=true}]) - start
169828 [main] TRACE org.dbunit.database.DatabaseConfig  - getFeature(name=http://www.dbunit.org/features/qualifiedTableNames) - start
169828 [main] TRACE org.dbunit.database.DatabaseConfig  - getProperty(name=http://www.dbunit.org/features/qualifiedTableNames) - start
169828 [main] DEBUG org.dbunit.util.QualifiedTableName  - Qualified table names feature is disabled. Returning plain table name
169828 [main] DEBUG org.dbunit.util.QualifiedTableName  - getQualifiedName(prefix=null, name=NESTEDSCOPEDCONTENTCONDITIONS, escapePattern=null) - start
169828 [main] DEBUG org.dbunit.util.QualifiedTableName  - getQualifiedNameIfEnabled(config=org.dbunit.database.DatabaseConfig[, _propertyMap={http://www.dbunit.org/properties/statementFactory=org.dbunit.database.statement.PreparedStatementFactory@626bc2b8, http://www.dbunit.org/features/caseSensitiveTableNames=false, http://www.dbunit.org/properties/fetchSize=100, http://www.dbunit.org/features/batchedStatements=false, http://www.dbunit.org/properties/metadataHandler=org.dbunit.database.DefaultMetadataHandler@62baffef, http://www.dbunit.org/properties/datatypeFactory=org.dbunit.dataset.datatype.DefaultDataTypeFactory[_toleratedDeltaMap=org.dbunit.dataset.datatype.ToleratedDeltaMap@6452310a], http://www.dbunit.org/properties/escapePattern=null, http://www.dbunit.org/properties/batchSize=100, http://www.dbunit.org/features/qualifiedTableNames=false, http://www.dbunit.org/properties/tableType=[Ljava.lang.String;@5011bafa, http://www.dbunit.org/properties/resultSetTableFactory=org.dbunit.database.CachedResultSetTableFactory@10bcf083, http://www.dbunit.org/features/datatypeWarning=true}]) - start
169828 [main] TRACE org.dbunit.database.DatabaseConfig  - getFeature(name=http://www.dbunit.org/features/qualifiedTableNames) - start
169828 [main] TRACE org.dbunit.database.DatabaseConfig  - getProperty(name=http://www.dbunit.org/features/qualifiedTableNames) - start
169828 [main] DEBUG org.dbunit.util.QualifiedTableName  - Qualified table names feature is disabled. Returning plain table name
169828 [main] DEBUG org.dbunit.util.QualifiedTableName  - getQualifiedName(prefix=null, name=SCOPEDCONTENTCONDITION, escapePattern=null) - start
169828 [main] DEBUG org.dbunit.database.search.AbstractMetaDataBasedSearchCallback  - newEdge(rs=org.apache.commons.dbcp.DelegatingResultSet@3f100258, type=0, from=NESTEDSCOPEDCONTENTCONDITIONS, to=SCOPEDCONTENTCONDITION, fkColumn=PARENT_CONDITION_ID, pkColumn=ID) - start
169828 [main] DEBUG org.dbunit.database.search.AbstractMetaDataBasedSearchCallback  - createFKEdge(rs=org.apache.commons.dbcp.DelegatingResultSet@3f100258, type=0, from=NESTEDSCOPEDCONTENTCONDITIONS, to=SCOPEDCONTENTCONDITION, fkColumn=PARENT_CONDITION_ID, pkColumn=ID) - start
169828 [main] DEBUG org.dbunit.database.search.AbstractMetaDataBasedSearchCallback  - Adding edge NESTEDSCOPEDCONTENTCONDITIONS(PARENT_CONDITION_ID)->SCOPEDCONTENTCONDITION(ID)
169828 [main] DEBUG org.dbunit.util.search.Edge  - compareTo(o=NESTEDSCOPEDCONTENTCONDITIONS(CHILD_CONDITION_ID)->SCOPEDCONTENTCONDITION(ID)) - start
169828 [main] DEBUG org.dbunit.util.SQLHelper  - close(resultSet=org.apache.commons.dbcp.DelegatingResultSet@3f100258) - start
169828 [main] DEBUG org.dbunit.util.search.DepthFirstSearch  - search:SCOPEDCONTENTCONDITION
169828 [main] DEBUG org.dbunit.database.search.ImportedKeysSearchCallback  - searchNode(node=SCOPEDCONTENTCONDITION) - start
169828 [main] DEBUG org.dbunit.util.search.DepthFirstSearch  - Pushing SCOPEDCONTENTCONDITION
169828 [main] DEBUG org.dbunit.database.search.ImportedKeysSearchCallback  - getEdges(node=SCOPEDCONTENTCONDITION) - start
169828 [main] DEBUG org.dbunit.database.search.AbstractMetaDataBasedSearchCallback  - getNodesFromImportedKeys(node=SCOPEDCONTENTCONDITION) - start
169828 [main] DEBUG org.dbunit.database.search.AbstractMetaDataBasedSearchCallback  - getNodes(type=0, node=SCOPEDCONTENTCONDITION) - start
169828 [main] DEBUG org.dbunit.database.DatabaseDataSourceConnection  - getConnection() - start
169828 [main] DEBUG org.dbunit.database.search.AbstractMetaDataBasedSearchCallback  - getNodes(type=0, node=SCOPEDCONTENTCONDITION, conn=Transaction-aware proxy for target Connection [jdbc:hsqldb:mem:kontrollDS, UserName=sw, HSQL Database Engine Driver], schema=null, metaData=org.apache.commons.dbcp.DelegatingDatabaseMetaData@3409ffc0, edges=[]) - start
169828 [main] DEBUG org.dbunit.database.search.AbstractMetaDataBasedSearchCallback  - Getting edges for node SCOPEDCONTENTCONDITION
169828 [main] TRACE org.dbunit.database.DatabaseConfig  - getProperty(name=http://www.dbunit.org/properties/metadataHandler) - start
169828 [main] TRACE org.dbunit.database.DefaultMetadataHandler  - tableExists(metaData=org.apache.commons.dbcp.DelegatingDatabaseMetaData@3409ffc0, schemaName=null, tableName=SCOPEDCONTENTCONDITION) - start
169830 [main] DEBUG org.dbunit.util.SQLHelper  - close(resultSet=org.apache.commons.dbcp.DelegatingResultSet@12b39c66) - start
169830 [main] DEBUG org.dbunit.util.SQLHelper  - close(resultSet=org.apache.commons.dbcp.DelegatingResultSet@6c3f1878) - start
169830 [main] DEBUG org.dbunit.util.search.DepthFirstSearch  - Adding node SCOPEDCONTENTCONDITION to the final result
169830 [main] DEBUG org.dbunit.util.search.DepthFirstSearch  - Adding node NESTEDSCOPEDCONTENTCONDITIONS to the final result
169830 [main] DEBUG org.dbunit.util.search.DepthFirstSearch  - reverseSearch:NESTEDSCOPEDCONTENTCONDITIONS
169830 [main] DEBUG org.dbunit.util.search.DepthFirstSearch  - already searched; returning true
169830 [main] DEBUG org.dbunit.util.search.DepthFirstSearch  - reverseSearch:SCOPEDCONTENTCONDITION
169830 [main] DEBUG org.dbunit.database.search.ImportedKeysSearchCallback  - searchNode(node=SCOPEDCONTENTCONDITION) - start
169830 [main] DEBUG org.dbunit.util.search.DepthFirstSearch  - Pushing (reverse) SCOPEDCONTENTCONDITION
169830 [main] DEBUG org.dbunit.database.search.ImportedKeysSearchCallback  - getEdges(node=SCOPEDCONTENTCONDITION) - start
169830 [main] DEBUG org.dbunit.database.search.AbstractMetaDataBasedSearchCallback  - getNodesFromImportedKeys(node=SCOPEDCONTENTCONDITION) - start
169830 [main] DEBUG org.dbunit.database.search.AbstractMetaDataBasedSearchCallback  - getNodes(type=0, node=SCOPEDCONTENTCONDITION) - start
169830 [main] DEBUG org.dbunit.database.DatabaseDataSourceConnection  - getConnection() - start
169830 [main] DEBUG org.dbunit.database.search.AbstractMetaDataBasedSearchCallback  - getNodes(type=0, node=SCOPEDCONTENTCONDITION, conn=Transaction-aware proxy for target Connection [jdbc:hsqldb:mem:kontrollDS, UserName=sw, HSQL Database Engine Driver], schema=null, metaData=org.apache.commons.dbcp.DelegatingDatabaseMetaData@225fa5cd, edges=[]) - start
169830 [main] DEBUG org.dbunit.database.search.AbstractMetaDataBasedSearchCallback  - Getting edges for node SCOPEDCONTENTCONDITION
169830 [main] TRACE org.dbunit.database.DatabaseConfig  - getProperty(name=http://www.dbunit.org/properties/metadataHandler) - start
169830 [main] TRACE org.dbunit.database.DefaultMetadataHandler  - tableExists(metaData=org.apache.commons.dbcp.DelegatingDatabaseMetaData@225fa5cd, schemaName=null, tableName=SCOPEDCONTENTCONDITION) - start
169831 [main] DEBUG org.dbunit.util.SQLHelper  - close(resultSet=org.apache.commons.dbcp.DelegatingResultSet@757f0473) - start
169832 [main] DEBUG org.dbunit.util.SQLHelper  - close(resultSet=org.apache.commons.dbcp.DelegatingResultSet@5b2bc547) - start
169832 [main] DEBUG org.dbunit.util.search.DepthFirstSearch  - search:NESTEDSCOPEDCONTENTCONDITIONS
169832 [main] DEBUG org.dbunit.util.search.DepthFirstSearch  - already searched; returning true
169832 [main] DEBUG org.dbunit.util.search.DepthFirstSearch  - search:SCOPEDCONTENTCONDITION
169832 [main] DEBUG org.dbunit.util.search.DepthFirstSearch  - already searched; returning true
169832 [main] DEBUG org.dbunit.database.DatabaseSequenceFilter  - getDependencyInfo(connection=_databaseConfig=org.dbunit.database.DatabaseConfig[, _propertyMap={http://www.dbunit.org/properties/statementFactory=org.dbunit.database.statement.PreparedStatementFactory@626bc2b8, http://www.dbunit.org/features/caseSensitiveTableNames=false, http://www.dbunit.org/properties/fetchSize=100, http://www.dbunit.org/features/batchedStatements=false, http://www.dbunit.org/properties/metadataHandler=org.dbunit.database.DefaultMetadataHandler@62baffef, http://www.dbunit.org/properties/datatypeFactory=org.dbunit.dataset.datatype.DefaultDataTypeFactory[_toleratedDeltaMap=org.dbunit.dataset.datatype.ToleratedDeltaMap@6452310a], http://www.dbunit.org/properties/escapePattern=null, http://www.dbunit.org/properties/batchSize=100, http://www.dbunit.org/features/qualifiedTableNames=false, http://www.dbunit.org/properties/tableType=[Ljava.lang.String;@5011bafa, http://www.dbunit.org/properties/resultSetTableFactory=org.dbunit.database.CachedResultSetTableFactory@10bcf083, http://www.dbunit.org/features/datatypeWarning=true}], _dataSet=AbstractDataSet[_orderedTableNameMap=null], tableName=REQUESTCONTEXT) - start
169832 [main] DEBUG org.dbunit.database.search.TablesDependencyHelper  - getDependentTables(connection=_databaseConfig=org.dbunit.database.DatabaseConfig[, _propertyMap={http://www.dbunit.org/properties/statementFactory=org.dbunit.database.statement.PreparedStatementFactory@626bc2b8, http://www.dbunit.org/features/caseSensitiveTableNames=false, http://www.dbunit.org/properties/fetchSize=100, http://www.dbunit.org/features/batchedStatements=false, http://www.dbunit.org/properties/metadataHandler=org.dbunit.database.DefaultMetadataHandler@62baffef, http://www.dbunit.org/properties/datatypeFactory=org.dbunit.dataset.datatype.DefaultDataTypeFactory[_toleratedDeltaMap=org.dbunit.dataset.datatype.ToleratedDeltaMap@6452310a], http://www.dbunit.org/properties/escapePattern=null, http://www.dbunit.org/properties/batchSize=100, http://www.dbunit.org/features/qualifiedTableNames=false, http://www.dbunit.org/properties/tableType=[Ljava.lang.String;@5011bafa, http://www.dbunit.org/properties/resultSetTableFactory=org.dbunit.database.CachedResultSetTableFactory@10bcf083, http://www.dbunit.org/features/datatypeWarning=true}], _dataSet=AbstractDataSet[_orderedTableNameMap=null], rootTable=REQUESTCONTEXT) - start
169832 [main] DEBUG org.dbunit.database.search.TablesDependencyHelper  - getDependentTables(connection=_databaseConfig=org.dbunit.database.DatabaseConfig[, _propertyMap={http://www.dbunit.org/properties/statementFactory=org.dbunit.database.statement.PreparedStatementFactory@626bc2b8, http://www.dbunit.org/features/caseSensitiveTableNames=false, http://www.dbunit.org/properties/fetchSize=100, http://www.dbunit.org/features/batchedStatements=false, http://www.dbunit.org/properties/metadataHandler=org.dbunit.database.DefaultMetadataHandler@62baffef, http://www.dbunit.org/properties/datatypeFactory=org.dbunit.dataset.datatype.DefaultDataTypeFactory[_toleratedDeltaMap=org.dbunit.dataset.datatype.ToleratedDeltaMap@6452310a], http://www.dbunit.org/properties/escapePattern=null, http://www.dbunit.org/properties/batchSize=100, http://www.dbunit.org/features/qualifiedTableNames=false, http://www.dbunit.org/properties/tableType=[Ljava.lang.String;@5011bafa, http://www.dbunit.org/properties/resultSetTableFactory=org.dbunit.database.CachedResultSetTableFactory@10bcf083, http://www.dbunit.org/features/datatypeWarning=true}], _dataSet=AbstractDataSet[_orderedTableNameMap=null], rootTables=[REQUESTCONTEXT]) - start
169832 [main] DEBUG org.dbunit.util.search.DepthFirstSearch  - search(nodesFrom=[REQUESTCONTEXT], callback=org.dbunit.database.search.ImportedKeysSearchCallback@243edda9) - start
169832 [main] DEBUG org.dbunit.util.CollectionsHelper  - objectsToSet(objects=REQUESTCONTEXT) - start
169832 [main] DEBUG org.dbunit.util.search.DepthFirstSearch  - search(nodesFrom=[REQUESTCONTEXT], callback=org.dbunit.database.search.ImportedKeysSearchCallback@243edda9) - start
169832 [main] DEBUG org.dbunit.util.search.DepthFirstSearch  - reverseSearch:REQUESTCONTEXT
169832 [main] DEBUG org.dbunit.database.search.ImportedKeysSearchCallback  - searchNode(node=REQUESTCONTEXT) - start
169832 [main] DEBUG org.dbunit.util.search.DepthFirstSearch  - Pushing (reverse) REQUESTCONTEXT
169832 [main] DEBUG org.dbunit.database.search.ImportedKeysSearchCallback  - getEdges(node=REQUESTCONTEXT) - start
169832 [main] DEBUG org.dbunit.database.search.AbstractMetaDataBasedSearchCallback  - getNodesFromImportedKeys(node=REQUESTCONTEXT) - start
169832 [main] DEBUG org.dbunit.database.search.AbstractMetaDataBasedSearchCallback  - getNodes(type=0, node=REQUESTCONTEXT) - start
169832 [main] DEBUG org.dbunit.database.DatabaseDataSourceConnection  - getConnection() - start
169833 [main] DEBUG org.dbunit.database.search.AbstractMetaDataBasedSearchCallback  - getNodes(type=0, node=REQUESTCONTEXT, conn=Transaction-aware proxy for target Connection [jdbc:hsqldb:mem:kontrollDS, UserName=sw, HSQL Database Engine Driver], schema=null, metaData=org.apache.commons.dbcp.DelegatingDatabaseMetaData@1b4a94d6, edges=[]) - start
169833 [main] DEBUG org.dbunit.database.search.AbstractMetaDataBasedSearchCallback  - Getting edges for node REQUESTCONTEXT
169833 [main] TRACE org.dbunit.database.DatabaseConfig  - getProperty(name=http://www.dbunit.org/properties/metadataHandler) - start
169833 [main] TRACE org.dbunit.database.DefaultMetadataHandler  - tableExists(metaData=org.apache.commons.dbcp.DelegatingDatabaseMetaData@1b4a94d6, schemaName=null, tableName=REQUESTCONTEXT) - start
169834 [main] DEBUG org.dbunit.util.SQLHelper  - close(resultSet=org.apache.commons.dbcp.DelegatingResultSet@65699952) - start
169834 [main] DEBUG org.dbunit.util.SQLHelper  - close(resultSet=org.apache.commons.dbcp.DelegatingResultSet@3d08d89b) - start
169834 [main] DEBUG org.dbunit.util.search.DepthFirstSearch  - search:REQUESTCONTEXT
169834 [main] DEBUG org.dbunit.database.search.ImportedKeysSearchCallback  - searchNode(node=REQUESTCONTEXT) - start
169834 [main] DEBUG org.dbunit.util.search.DepthFirstSearch  - Pushing REQUESTCONTEXT
169834 [main] DEBUG org.dbunit.database.search.ImportedKeysSearchCallback  - getEdges(node=REQUESTCONTEXT) - start
169834 [main] DEBUG org.dbunit.database.search.AbstractMetaDataBasedSearchCallback  - getNodesFromImportedKeys(node=REQUESTCONTEXT) - start
169834 [main] DEBUG org.dbunit.database.search.AbstractMetaDataBasedSearchCallback  - getNodes(type=0, node=REQUESTCONTEXT) - start
169834 [main] DEBUG org.dbunit.database.DatabaseDataSourceConnection  - getConnection() - start
169834 [main] DEBUG org.dbunit.database.search.AbstractMetaDataBasedSearchCallback  - getNodes(type=0, node=REQUESTCONTEXT, conn=Transaction-aware proxy for target Connection [jdbc:hsqldb:mem:kontrollDS, UserName=sw, HSQL Database Engine Driver], schema=null, metaData=org.apache.commons.dbcp.DelegatingDatabaseMetaData@fc4c76b, edges=[]) - start
169834 [main] DEBUG org.dbunit.database.search.AbstractMetaDataBasedSearchCallback  - Getting edges for node REQUESTCONTEXT
169835 [main] TRACE org.dbunit.database.DatabaseConfig  - getProperty(name=http://www.dbunit.org/properties/metadataHandler) - start
169835 [main] TRACE org.dbunit.database.DefaultMetadataHandler  - tableExists(metaData=org.apache.commons.dbcp.DelegatingDatabaseMetaData@fc4c76b, schemaName=null, tableName=REQUESTCONTEXT) - start
169836 [main] DEBUG org.dbunit.util.SQLHelper  - close(resultSet=org.apache.commons.dbcp.DelegatingResultSet@52f2f6e8) - start
169836 [main] DEBUG org.dbunit.util.SQLHelper  - close(resultSet=org.apache.commons.dbcp.DelegatingResultSet@138433ac) - start
169836 [main] DEBUG org.dbunit.util.search.DepthFirstSearch  - Adding node REQUESTCONTEXT to the final result
169836 [main] DEBUG org.dbunit.util.CollectionsHelper  - setToStrings(set=[REQUESTCONTEXT]) - start
169836 [main] DEBUG org.dbunit.database.search.TablesDependencyHelper  - getDependsOnTables(connection=_databaseConfig=org.dbunit.database.DatabaseConfig[, _propertyMap={http://www.dbunit.org/properties/statementFactory=org.dbunit.database.statement.PreparedStatementFactory@626bc2b8, http://www.dbunit.org/features/caseSensitiveTableNames=false, http://www.dbunit.org/properties/fetchSize=100, http://www.dbunit.org/features/batchedStatements=false, http://www.dbunit.org/properties/metadataHandler=org.dbunit.database.DefaultMetadataHandler@62baffef, http://www.dbunit.org/properties/datatypeFactory=org.dbunit.dataset.datatype.DefaultDataTypeFactory[_toleratedDeltaMap=org.dbunit.dataset.datatype.ToleratedDeltaMap@6452310a], http://www.dbunit.org/properties/escapePattern=null, http://www.dbunit.org/properties/batchSize=100, http://www.dbunit.org/features/qualifiedTableNames=false, http://www.dbunit.org/properties/tableType=[Ljava.lang.String;@5011bafa, http://www.dbunit.org/properties/resultSetTableFactory=org.dbunit.database.CachedResultSetTableFactory@10bcf083, http://www.dbunit.org/features/datatypeWarning=true}], _dataSet=AbstractDataSet[_orderedTableNameMap=null], rootTable=REQUESTCONTEXT) - start
169836 [main] DEBUG org.dbunit.util.search.DepthFirstSearch  - search(nodesFrom=[REQUESTCONTEXT], callback=org.dbunit.database.search.ExportedKeysSearchCallback@4782cd64) - start
169836 [main] DEBUG org.dbunit.util.CollectionsHelper  - objectsToSet(objects=REQUESTCONTEXT) - start
169836 [main] DEBUG org.dbunit.util.search.DepthFirstSearch  - search(nodesFrom=[REQUESTCONTEXT], callback=org.dbunit.database.search.ExportedKeysSearchCallback@4782cd64) - start
169836 [main] DEBUG org.dbunit.util.search.DepthFirstSearch  - reverseSearch:REQUESTCONTEXT
169836 [main] DEBUG org.dbunit.database.search.ExportedKeysSearchCallback  - searchNode(node=REQUESTCONTEXT) - start
169836 [main] DEBUG org.dbunit.util.search.DepthFirstSearch  - Pushing (reverse) REQUESTCONTEXT
169836 [main] DEBUG org.dbunit.database.search.ExportedKeysSearchCallback  - getEdges(node=REQUESTCONTEXT) - start
169836 [main] DEBUG org.dbunit.database.search.AbstractMetaDataBasedSearchCallback  - getNodesFromExportedKeys(node=REQUESTCONTEXT) - start
169836 [main] DEBUG org.dbunit.database.search.AbstractMetaDataBasedSearchCallback  - getNodes(type=1, node=REQUESTCONTEXT) - start
169836 [main] DEBUG org.dbunit.database.DatabaseDataSourceConnection  - getConnection() - start
169836 [main] DEBUG org.dbunit.database.search.AbstractMetaDataBasedSearchCallback  - getNodes(type=1, node=REQUESTCONTEXT, conn=Transaction-aware proxy for target Connection [jdbc:hsqldb:mem:kontrollDS, UserName=sw, HSQL Database Engine Driver], schema=null, metaData=org.apache.commons.dbcp.DelegatingDatabaseMetaData@5c7a84e9, edges=[]) - start
169836 [main] DEBUG org.dbunit.database.search.AbstractMetaDataBasedSearchCallback  - Getting edges for node REQUESTCONTEXT
169837 [main] TRACE org.dbunit.database.DatabaseConfig  - getProperty(name=http://www.dbunit.org/properties/metadataHandler) - start
169837 [main] TRACE org.dbunit.database.DefaultMetadataHandler  - tableExists(metaData=org.apache.commons.dbcp.DelegatingDatabaseMetaData@5c7a84e9, schemaName=null, tableName=REQUESTCONTEXT) - start
169838 [main] DEBUG org.dbunit.util.SQLHelper  - close(resultSet=org.apache.commons.dbcp.DelegatingResultSet@8640162) - start
169838 [main] DEBUG org.dbunit.util.QualifiedTableName  - getQualifiedNameIfEnabled(config=org.dbunit.database.DatabaseConfig[, _propertyMap={http://www.dbunit.org/properties/statementFactory=org.dbunit.database.statement.PreparedStatementFactory@626bc2b8, http://www.dbunit.org/features/caseSensitiveTableNames=false, http://www.dbunit.org/properties/fetchSize=100, http://www.dbunit.org/features/batchedStatements=false, http://www.dbunit.org/properties/metadataHandler=org.dbunit.database.DefaultMetadataHandler@62baffef, http://www.dbunit.org/properties/datatypeFactory=org.dbunit.dataset.datatype.DefaultDataTypeFactory[_toleratedDeltaMap=org.dbunit.dataset.datatype.ToleratedDeltaMap@6452310a], http://www.dbunit.org/properties/escapePattern=null, http://www.dbunit.org/properties/batchSize=100, http://www.dbunit.org/features/qualifiedTableNames=false, http://www.dbunit.org/properties/tableType=[Ljava.lang.String;@5011bafa, http://www.dbunit.org/properties/resultSetTableFactory=org.dbunit.database.CachedResultSetTableFactory@10bcf083, http://www.dbunit.org/features/datatypeWarning=true}]) - start
169838 [main] TRACE org.dbunit.database.DatabaseConfig  - getFeature(name=http://www.dbunit.org/features/qualifiedTableNames) - start
169838 [main] TRACE org.dbunit.database.DatabaseConfig  - getProperty(name=http://www.dbunit.org/features/qualifiedTableNames) - start
169838 [main] DEBUG org.dbunit.util.QualifiedTableName  - Qualified table names feature is disabled. Returning plain table name
169838 [main] DEBUG org.dbunit.util.QualifiedTableName  - getQualifiedName(prefix=null, name=REQUESTCONTEXT, escapePattern=null) - start
169838 [main] DEBUG org.dbunit.util.QualifiedTableName  - getQualifiedNameIfEnabled(config=org.dbunit.database.DatabaseConfig[, _propertyMap={http://www.dbunit.org/properties/statementFactory=org.dbunit.database.statement.PreparedStatementFactory@626bc2b8, http://www.dbunit.org/features/caseSensitiveTableNames=false, http://www.dbunit.org/properties/fetchSize=100, http://www.dbunit.org/features/batchedStatements=false, http://www.dbunit.org/properties/metadataHandler=org.dbunit.database.DefaultMetadataHandler@62baffef, http://www.dbunit.org/properties/datatypeFactory=org.dbunit.dataset.datatype.DefaultDataTypeFactory[_toleratedDeltaMap=org.dbunit.dataset.datatype.ToleratedDeltaMap@6452310a], http://www.dbunit.org/properties/escapePattern=null, http://www.dbunit.org/properties/batchSize=100, http://www.dbunit.org/features/qualifiedTableNames=false, http://www.dbunit.org/properties/tableType=[Ljava.lang.String;@5011bafa, http://www.dbunit.org/properties/resultSetTableFactory=org.dbunit.database.CachedResultSetTableFactory@10bcf083, http://www.dbunit.org/features/datatypeWarning=true}]) - start
169838 [main] TRACE org.dbunit.database.DatabaseConfig  - getFeature(name=http://www.dbunit.org/features/qualifiedTableNames) - start
169838 [main] TRACE org.dbunit.database.DatabaseConfig  - getProperty(name=http://www.dbunit.org/features/qualifiedTableNames) - start
169838 [main] DEBUG org.dbunit.util.QualifiedTableName  - Qualified table names feature is disabled. Returning plain table name
169838 [main] DEBUG org.dbunit.util.QualifiedTableName  - getQualifiedName(prefix=null, name=SCOPE_REQUESTCONTEXT, escapePattern=null) - start
169838 [main] DEBUG org.dbunit.database.search.AbstractMetaDataBasedSearchCallback  - newEdge(rs=org.apache.commons.dbcp.DelegatingResultSet@577c0c7d, type=1, from=REQUESTCONTEXT, to=SCOPE_REQUESTCONTEXT, fkColumn=REQUEST_CONTEXT_ID, pkColumn=ID) - start
169838 [main] DEBUG org.dbunit.database.search.AbstractMetaDataBasedSearchCallback  - createFKEdge(rs=org.apache.commons.dbcp.DelegatingResultSet@577c0c7d, type=1, from=REQUESTCONTEXT, to=SCOPE_REQUESTCONTEXT, fkColumn=REQUEST_CONTEXT_ID, pkColumn=ID) - start
169838 [main] DEBUG org.dbunit.database.search.AbstractMetaDataBasedSearchCallback  - Adding edge SCOPE_REQUESTCONTEXT(REQUEST_CONTEXT_ID)->REQUESTCONTEXT(ID)
169838 [main] DEBUG org.dbunit.util.search.Edge  - compareTo(o=SCOPE_REQUESTCONTEXT(REQUEST_CONTEXT_ID)->REQUESTCONTEXT(ID)) - start
169838 [main] DEBUG org.dbunit.util.SQLHelper  - close(resultSet=org.apache.commons.dbcp.DelegatingResultSet@577c0c7d) - start
169838 [main] DEBUG org.dbunit.util.search.DepthFirstSearch  - reverseSearch:SCOPE_REQUESTCONTEXT
169838 [main] DEBUG org.dbunit.database.search.ExportedKeysSearchCallback  - searchNode(node=SCOPE_REQUESTCONTEXT) - start
169838 [main] DEBUG org.dbunit.util.search.DepthFirstSearch  - Pushing (reverse) SCOPE_REQUESTCONTEXT
169838 [main] DEBUG org.dbunit.database.search.ExportedKeysSearchCallback  - getEdges(node=SCOPE_REQUESTCONTEXT) - start
169838 [main] DEBUG org.dbunit.database.search.AbstractMetaDataBasedSearchCallback  - getNodesFromExportedKeys(node=SCOPE_REQUESTCONTEXT) - start
169839 [main] DEBUG org.dbunit.database.search.AbstractMetaDataBasedSearchCallback  - getNodes(type=1, node=SCOPE_REQUESTCONTEXT) - start
169839 [main] DEBUG org.dbunit.database.DatabaseDataSourceConnection  - getConnection() - start
169839 [main] DEBUG org.dbunit.database.search.AbstractMetaDataBasedSearchCallback  - getNodes(type=1, node=SCOPE_REQUESTCONTEXT, conn=Transaction-aware proxy for target Connection [jdbc:hsqldb:mem:kontrollDS, UserName=sw, HSQL Database Engine Driver], schema=null, metaData=org.apache.commons.dbcp.DelegatingDatabaseMetaData@11180f6a, edges=[]) - start
169839 [main] DEBUG org.dbunit.database.search.AbstractMetaDataBasedSearchCallback  - Getting edges for node SCOPE_REQUESTCONTEXT
169839 [main] TRACE org.dbunit.database.DatabaseConfig  - getProperty(name=http://www.dbunit.org/properties/metadataHandler) - start
169839 [main] TRACE org.dbunit.database.DefaultMetadataHandler  - tableExists(metaData=org.apache.commons.dbcp.DelegatingDatabaseMetaData@11180f6a, schemaName=null, tableName=SCOPE_REQUESTCONTEXT) - start
169840 [main] DEBUG org.dbunit.util.SQLHelper  - close(resultSet=org.apache.commons.dbcp.DelegatingResultSet@100024d0) - start
169840 [main] DEBUG org.dbunit.util.SQLHelper  - close(resultSet=org.apache.commons.dbcp.DelegatingResultSet@60749405) - start
169840 [main] DEBUG org.dbunit.util.search.DepthFirstSearch  - search:SCOPE_REQUESTCONTEXT
169840 [main] DEBUG org.dbunit.database.search.ExportedKeysSearchCallback  - searchNode(node=SCOPE_REQUESTCONTEXT) - start
169840 [main] DEBUG org.dbunit.util.search.DepthFirstSearch  - Pushing SCOPE_REQUESTCONTEXT
169840 [main] DEBUG org.dbunit.database.search.ExportedKeysSearchCallback  - getEdges(node=SCOPE_REQUESTCONTEXT) - start
169840 [main] DEBUG org.dbunit.database.search.AbstractMetaDataBasedSearchCallback  - getNodesFromExportedKeys(node=SCOPE_REQUESTCONTEXT) - start
169840 [main] DEBUG org.dbunit.database.search.AbstractMetaDataBasedSearchCallback  - getNodes(type=1, node=SCOPE_REQUESTCONTEXT) - start
169840 [main] DEBUG org.dbunit.database.DatabaseDataSourceConnection  - getConnection() - start
169840 [main] DEBUG org.dbunit.database.search.AbstractMetaDataBasedSearchCallback  - getNodes(type=1, node=SCOPE_REQUESTCONTEXT, conn=Transaction-aware proxy for target Connection [jdbc:hsqldb:mem:kontrollDS, UserName=sw, HSQL Database Engine Driver], schema=null, metaData=org.apache.commons.dbcp.DelegatingDatabaseMetaData@5a205bc, edges=[]) - start
169840 [main] DEBUG org.dbunit.database.search.AbstractMetaDataBasedSearchCallback  - Getting edges for node SCOPE_REQUESTCONTEXT
169840 [main] TRACE org.dbunit.database.DatabaseConfig  - getProperty(name=http://www.dbunit.org/properties/metadataHandler) - start
169840 [main] TRACE org.dbunit.database.DefaultMetadataHandler  - tableExists(metaData=org.apache.commons.dbcp.DelegatingDatabaseMetaData@5a205bc, schemaName=null, tableName=SCOPE_REQUESTCONTEXT) - start
169841 [main] DEBUG org.dbunit.util.SQLHelper  - close(resultSet=org.apache.commons.dbcp.DelegatingResultSet@eb9ac2d) - start
169842 [main] DEBUG org.dbunit.util.SQLHelper  - close(resultSet=org.apache.commons.dbcp.DelegatingResultSet@2d5b2316) - start
169842 [main] DEBUG org.dbunit.util.search.DepthFirstSearch  - Adding node SCOPE_REQUESTCONTEXT to the final result
169842 [main] DEBUG org.dbunit.util.search.DepthFirstSearch  - search:REQUESTCONTEXT
169842 [main] DEBUG org.dbunit.database.search.ExportedKeysSearchCallback  - searchNode(node=REQUESTCONTEXT) - start
169842 [main] DEBUG org.dbunit.util.search.DepthFirstSearch  - Pushing REQUESTCONTEXT
169842 [main] DEBUG org.dbunit.database.search.ExportedKeysSearchCallback  - getEdges(node=REQUESTCONTEXT) - start
169842 [main] DEBUG org.dbunit.database.search.AbstractMetaDataBasedSearchCallback  - getNodesFromExportedKeys(node=REQUESTCONTEXT) - start
169842 [main] DEBUG org.dbunit.database.search.AbstractMetaDataBasedSearchCallback  - getNodes(type=1, node=REQUESTCONTEXT) - start
169842 [main] DEBUG org.dbunit.database.DatabaseDataSourceConnection  - getConnection() - start
169842 [main] DEBUG org.dbunit.database.search.AbstractMetaDataBasedSearchCallback  - getNodes(type=1, node=REQUESTCONTEXT, conn=Transaction-aware proxy for target Connection [jdbc:hsqldb:mem:kontrollDS, UserName=sw, HSQL Database Engine Driver], schema=null, metaData=org.apache.commons.dbcp.DelegatingDatabaseMetaData@3a5c909d, edges=[]) - start
169842 [main] DEBUG org.dbunit.database.search.AbstractMetaDataBasedSearchCallback  - Getting edges for node REQUESTCONTEXT
169842 [main] TRACE org.dbunit.database.DatabaseConfig  - getProperty(name=http://www.dbunit.org/properties/metadataHandler) - start
169842 [main] TRACE org.dbunit.database.DefaultMetadataHandler  - tableExists(metaData=org.apache.commons.dbcp.DelegatingDatabaseMetaData@3a5c909d, schemaName=null, tableName=REQUESTCONTEXT) - start
169843 [main] DEBUG org.dbunit.util.SQLHelper  - close(resultSet=org.apache.commons.dbcp.DelegatingResultSet@24d2f582) - start
169843 [main] DEBUG org.dbunit.util.QualifiedTableName  - getQualifiedNameIfEnabled(config=org.dbunit.database.DatabaseConfig[, _propertyMap={http://www.dbunit.org/properties/statementFactory=org.dbunit.database.statement.PreparedStatementFactory@626bc2b8, http://www.dbunit.org/features/caseSensitiveTableNames=false, http://www.dbunit.org/properties/fetchSize=100, http://www.dbunit.org/features/batchedStatements=false, http://www.dbunit.org/properties/metadataHandler=org.dbunit.database.DefaultMetadataHandler@62baffef, http://www.dbunit.org/properties/datatypeFactory=org.dbunit.dataset.datatype.DefaultDataTypeFactory[_toleratedDeltaMap=org.dbunit.dataset.datatype.ToleratedDeltaMap@6452310a], http://www.dbunit.org/properties/escapePattern=null, http://www.dbunit.org/properties/batchSize=100, http://www.dbunit.org/features/qualifiedTableNames=false, http://www.dbunit.org/properties/tableType=[Ljava.lang.String;@5011bafa, http://www.dbunit.org/properties/resultSetTableFactory=org.dbunit.database.CachedResultSetTableFactory@10bcf083, http://www.dbunit.org/features/datatypeWarning=true}]) - start
169843 [main] TRACE org.dbunit.database.DatabaseConfig  - getFeature(name=http://www.dbunit.org/features/qualifiedTableNames) - start
169843 [main] TRACE org.dbunit.database.DatabaseConfig  - getProperty(name=http://www.dbunit.org/features/qualifiedTableNames) - start
169843 [main] DEBUG org.dbunit.util.QualifiedTableName  - Qualified table names feature is disabled. Returning plain table name
169843 [main] DEBUG org.dbunit.util.QualifiedTableName  - getQualifiedName(prefix=null, name=REQUESTCONTEXT, escapePattern=null) - start
169843 [main] DEBUG org.dbunit.util.QualifiedTableName  - getQualifiedNameIfEnabled(config=org.dbunit.database.DatabaseConfig[, _propertyMap={http://www.dbunit.org/properties/statementFactory=org.dbunit.database.statement.PreparedStatementFactory@626bc2b8, http://www.dbunit.org/features/caseSensitiveTableNames=false, http://www.dbunit.org/properties/fetchSize=100, http://www.dbunit.org/features/batchedStatements=false, http://www.dbunit.org/properties/metadataHandler=org.dbunit.database.DefaultMetadataHandler@62baffef, http://www.dbunit.org/properties/datatypeFactory=org.dbunit.dataset.datatype.DefaultDataTypeFactory[_toleratedDeltaMap=org.dbunit.dataset.datatype.ToleratedDeltaMap@6452310a], http://www.dbunit.org/properties/escapePattern=null, http://www.dbunit.org/properties/batchSize=100, http://www.dbunit.org/features/qualifiedTableNames=false, http://www.dbunit.org/properties/tableType=[Ljava.lang.String;@5011bafa, http://www.dbunit.org/properties/resultSetTableFactory=org.dbunit.database.CachedResultSetTableFactory@10bcf083, http://www.dbunit.org/features/datatypeWarning=true}]) - start
169844 [main] TRACE org.dbunit.database.DatabaseConfig  - getFeature(name=http://www.dbunit.org/features/qualifiedTableNames) - start
169844 [main] TRACE org.dbunit.database.DatabaseConfig  - getProperty(name=http://www.dbunit.org/features/qualifiedTableNames) - start
169844 [main] DEBUG org.dbunit.util.QualifiedTableName  - Qualified table names feature is disabled. Returning plain table name
169844 [main] DEBUG org.dbunit.util.QualifiedTableName  - getQualifiedName(prefix=null, name=SCOPE_REQUESTCONTEXT, escapePattern=null) - start
169844 [main] DEBUG org.dbunit.database.search.AbstractMetaDataBasedSearchCallback  - newEdge(rs=org.apache.commons.dbcp.DelegatingResultSet@55bc93b9, type=1, from=REQUESTCONTEXT, to=SCOPE_REQUESTCONTEXT, fkColumn=REQUEST_CONTEXT_ID, pkColumn=ID) - start
169844 [main] DEBUG org.dbunit.database.search.AbstractMetaDataBasedSearchCallback  - createFKEdge(rs=org.apache.commons.dbcp.DelegatingResultSet@55bc93b9, type=1, from=REQUESTCONTEXT, to=SCOPE_REQUESTCONTEXT, fkColumn=REQUEST_CONTEXT_ID, pkColumn=ID) - start
169844 [main] DEBUG org.dbunit.database.search.AbstractMetaDataBasedSearchCallback  - Adding edge SCOPE_REQUESTCONTEXT(REQUEST_CONTEXT_ID)->REQUESTCONTEXT(ID)
169844 [main] DEBUG org.dbunit.util.search.Edge  - compareTo(o=SCOPE_REQUESTCONTEXT(REQUEST_CONTEXT_ID)->REQUESTCONTEXT(ID)) - start
169844 [main] DEBUG org.dbunit.util.SQLHelper  - close(resultSet=org.apache.commons.dbcp.DelegatingResultSet@55bc93b9) - start
169844 [main] DEBUG org.dbunit.util.search.DepthFirstSearch  - search:REQUESTCONTEXT
169844 [main] DEBUG org.dbunit.util.search.DepthFirstSearch  - already searched; returning true
169844 [main] DEBUG org.dbunit.util.search.DepthFirstSearch  - Adding node REQUESTCONTEXT to the final result
169844 [main] DEBUG org.dbunit.util.CollectionsHelper  - setToStrings(set=[SCOPE_REQUESTCONTEXT, REQUESTCONTEXT]) - start
169844 [main] DEBUG org.dbunit.database.search.TablesDependencyHelper  - getDirectDependsOnTables(connection=_databaseConfig=org.dbunit.database.DatabaseConfig[, _propertyMap={http://www.dbunit.org/properties/statementFactory=org.dbunit.database.statement.PreparedStatementFactory@626bc2b8, http://www.dbunit.org/features/caseSensitiveTableNames=false, http://www.dbunit.org/properties/fetchSize=100, http://www.dbunit.org/features/batchedStatements=false, http://www.dbunit.org/properties/metadataHandler=org.dbunit.database.DefaultMetadataHandler@62baffef, http://www.dbunit.org/properties/datatypeFactory=org.dbunit.dataset.datatype.DefaultDataTypeFactory[_toleratedDeltaMap=org.dbunit.dataset.datatype.ToleratedDeltaMap@6452310a], http://www.dbunit.org/properties/escapePattern=null, http://www.dbunit.org/properties/batchSize=100, http://www.dbunit.org/features/qualifiedTableNames=false, http://www.dbunit.org/properties/tableType=[Ljava.lang.String;@5011bafa, http://www.dbunit.org/properties/resultSetTableFactory=org.dbunit.database.CachedResultSetTableFactory@10bcf083, http://www.dbunit.org/features/datatypeWarning=true}], _dataSet=AbstractDataSet[_orderedTableNameMap=null], tableName=REQUESTCONTEXT) - start
169844 [main] DEBUG org.dbunit.util.search.DepthFirstSearch  - search(nodesFrom=[REQUESTCONTEXT], callback=org.dbunit.database.search.ExportedKeysSearchCallback@7ec0c62) - start
169844 [main] DEBUG org.dbunit.util.CollectionsHelper  - objectsToSet(objects=REQUESTCONTEXT) - start
169844 [main] DEBUG org.dbunit.util.search.DepthFirstSearch  - search(nodesFrom=[REQUESTCONTEXT], callback=org.dbunit.database.search.ExportedKeysSearchCallback@7ec0c62) - start
169844 [main] DEBUG org.dbunit.util.search.DepthFirstSearch  - reverseSearch:REQUESTCONTEXT
169844 [main] DEBUG org.dbunit.database.search.ExportedKeysSearchCallback  - searchNode(node=REQUESTCONTEXT) - start
169844 [main] DEBUG org.dbunit.util.search.DepthFirstSearch  - Pushing (reverse) REQUESTCONTEXT
169844 [main] DEBUG org.dbunit.database.search.ExportedKeysSearchCallback  - getEdges(node=REQUESTCONTEXT) - start
169844 [main] DEBUG org.dbunit.database.search.AbstractMetaDataBasedSearchCallback  - getNodesFromExportedKeys(node=REQUESTCONTEXT) - start
169844 [main] DEBUG org.dbunit.database.search.AbstractMetaDataBasedSearchCallback  - getNodes(type=1, node=REQUESTCONTEXT) - start
169844 [main] DEBUG org.dbunit.database.DatabaseDataSourceConnection  - getConnection() - start
169845 [main] DEBUG org.dbunit.database.search.AbstractMetaDataBasedSearchCallback  - getNodes(type=1, node=REQUESTCONTEXT, conn=Transaction-aware proxy for target Connection [jdbc:hsqldb:mem:kontrollDS, UserName=sw, HSQL Database Engine Driver], schema=null, metaData=org.apache.commons.dbcp.DelegatingDatabaseMetaData@1a20f9fe, edges=[]) - start
169845 [main] DEBUG org.dbunit.database.search.AbstractMetaDataBasedSearchCallback  - Getting edges for node REQUESTCONTEXT
169845 [main] TRACE org.dbunit.database.DatabaseConfig  - getProperty(name=http://www.dbunit.org/properties/metadataHandler) - start
169845 [main] TRACE org.dbunit.database.DefaultMetadataHandler  - tableExists(metaData=org.apache.commons.dbcp.DelegatingDatabaseMetaData@1a20f9fe, schemaName=null, tableName=REQUESTCONTEXT) - start
169846 [main] DEBUG org.dbunit.util.SQLHelper  - close(resultSet=org.apache.commons.dbcp.DelegatingResultSet@6f72be87) - start
169846 [main] DEBUG org.dbunit.util.QualifiedTableName  - getQualifiedNameIfEnabled(config=org.dbunit.database.DatabaseConfig[, _propertyMap={http://www.dbunit.org/properties/statementFactory=org.dbunit.database.statement.PreparedStatementFactory@626bc2b8, http://www.dbunit.org/features/caseSensitiveTableNames=false, http://www.dbunit.org/properties/fetchSize=100, http://www.dbunit.org/features/batchedStatements=false, http://www.dbunit.org/properties/metadataHandler=org.dbunit.database.DefaultMetadataHandler@62baffef, http://www.dbunit.org/properties/datatypeFactory=org.dbunit.dataset.datatype.DefaultDataTypeFactory[_toleratedDeltaMap=org.dbunit.dataset.datatype.ToleratedDeltaMap@6452310a], http://www.dbunit.org/properties/escapePattern=null, http://www.dbunit.org/properties/batchSize=100, http://www.dbunit.org/features/qualifiedTableNames=false, http://www.dbunit.org/properties/tableType=[Ljava.lang.String;@5011bafa, http://www.dbunit.org/properties/resultSetTableFactory=org.dbunit.database.CachedResultSetTableFactory@10bcf083, http://www.dbunit.org/features/datatypeWarning=true}]) - start
169846 [main] TRACE org.dbunit.database.DatabaseConfig  - getFeature(name=http://www.dbunit.org/features/qualifiedTableNames) - start
169846 [main] TRACE org.dbunit.database.DatabaseConfig  - getProperty(name=http://www.dbunit.org/features/qualifiedTableNames) - start
169846 [main] DEBUG org.dbunit.util.QualifiedTableName  - Qualified table names feature is disabled. Returning plain table name
169846 [main] DEBUG org.dbunit.util.QualifiedTableName  - getQualifiedName(prefix=null, name=REQUESTCONTEXT, escapePattern=null) - start
169846 [main] DEBUG org.dbunit.util.QualifiedTableName  - getQualifiedNameIfEnabled(config=org.dbunit.database.DatabaseConfig[, _propertyMap={http://www.dbunit.org/properties/statementFactory=org.dbunit.database.statement.PreparedStatementFactory@626bc2b8, http://www.dbunit.org/features/caseSensitiveTableNames=false, http://www.dbunit.org/properties/fetchSize=100, http://www.dbunit.org/features/batchedStatements=false, http://www.dbunit.org/properties/metadataHandler=org.dbunit.database.DefaultMetadataHandler@62baffef, http://www.dbunit.org/properties/datatypeFactory=org.dbunit.dataset.datatype.DefaultDataTypeFactory[_toleratedDeltaMap=org.dbunit.dataset.datatype.ToleratedDeltaMap@6452310a], http://www.dbunit.org/properties/escapePattern=null, http://www.dbunit.org/properties/batchSize=100, http://www.dbunit.org/features/qualifiedTableNames=false, http://www.dbunit.org/properties/tableType=[Ljava.lang.String;@5011bafa, http://www.dbunit.org/properties/resultSetTableFactory=org.dbunit.database.CachedResultSetTableFactory@10bcf083, http://www.dbunit.org/features/datatypeWarning=true}]) - start
169846 [main] TRACE org.dbunit.database.DatabaseConfig  - getFeature(name=http://www.dbunit.org/features/qualifiedTableNames) - start
169846 [main] TRACE org.dbunit.database.DatabaseConfig  - getProperty(name=http://www.dbunit.org/features/qualifiedTableNames) - start
169846 [main] DEBUG org.dbunit.util.QualifiedTableName  - Qualified table names feature is disabled. Returning plain table name
169846 [main] DEBUG org.dbunit.util.QualifiedTableName  - getQualifiedName(prefix=null, name=SCOPE_REQUESTCONTEXT, escapePattern=null) - start
169846 [main] DEBUG org.dbunit.database.search.AbstractMetaDataBasedSearchCallback  - newEdge(rs=org.apache.commons.dbcp.DelegatingResultSet@2db2d210, type=1, from=REQUESTCONTEXT, to=SCOPE_REQUESTCONTEXT, fkColumn=REQUEST_CONTEXT_ID, pkColumn=ID) - start
169846 [main] DEBUG org.dbunit.database.search.AbstractMetaDataBasedSearchCallback  - createFKEdge(rs=org.apache.commons.dbcp.DelegatingResultSet@2db2d210, type=1, from=REQUESTCONTEXT, to=SCOPE_REQUESTCONTEXT, fkColumn=REQUEST_CONTEXT_ID, pkColumn=ID) - start
169846 [main] DEBUG org.dbunit.database.search.AbstractMetaDataBasedSearchCallback  - Adding edge SCOPE_REQUESTCONTEXT(REQUEST_CONTEXT_ID)->REQUESTCONTEXT(ID)
169846 [main] DEBUG org.dbunit.util.search.Edge  - compareTo(o=SCOPE_REQUESTCONTEXT(REQUEST_CONTEXT_ID)->REQUESTCONTEXT(ID)) - start
169847 [main] DEBUG org.dbunit.util.SQLHelper  - close(resultSet=org.apache.commons.dbcp.DelegatingResultSet@2db2d210) - start
169847 [main] DEBUG org.dbunit.util.search.DepthFirstSearch  - reverseSearch:SCOPE_REQUESTCONTEXT
169847 [main] DEBUG org.dbunit.database.search.ExportedKeysSearchCallback  - searchNode(node=SCOPE_REQUESTCONTEXT) - start
169847 [main] DEBUG org.dbunit.util.search.DepthFirstSearch  - Pushing (reverse) SCOPE_REQUESTCONTEXT
169847 [main] DEBUG org.dbunit.database.search.ExportedKeysSearchCallback  - getEdges(node=SCOPE_REQUESTCONTEXT) - start
169847 [main] DEBUG org.dbunit.database.search.AbstractMetaDataBasedSearchCallback  - getNodesFromExportedKeys(node=SCOPE_REQUESTCONTEXT) - start
169847 [main] DEBUG org.dbunit.database.search.AbstractMetaDataBasedSearchCallback  - getNodes(type=1, node=SCOPE_REQUESTCONTEXT) - start
169847 [main] DEBUG org.dbunit.database.DatabaseDataSourceConnection  - getConnection() - start
169847 [main] DEBUG org.dbunit.database.search.AbstractMetaDataBasedSearchCallback  - getNodes(type=1, node=SCOPE_REQUESTCONTEXT, conn=Transaction-aware proxy for target Connection [jdbc:hsqldb:mem:kontrollDS, UserName=sw, HSQL Database Engine Driver], schema=null, metaData=org.apache.commons.dbcp.DelegatingDatabaseMetaData@36fd2fe0, edges=[]) - start
169847 [main] DEBUG org.dbunit.database.search.AbstractMetaDataBasedSearchCallback  - Getting edges for node SCOPE_REQUESTCONTEXT
169847 [main] TRACE org.dbunit.database.DatabaseConfig  - getProperty(name=http://www.dbunit.org/properties/metadataHandler) - start
169847 [main] TRACE org.dbunit.database.DefaultMetadataHandler  - tableExists(metaData=org.apache.commons.dbcp.DelegatingDatabaseMetaData@36fd2fe0, schemaName=null, tableName=SCOPE_REQUESTCONTEXT) - start
169848 [main] DEBUG org.dbunit.util.SQLHelper  - close(resultSet=org.apache.commons.dbcp.DelegatingResultSet@2dae807a) - start
169848 [main] DEBUG org.dbunit.util.SQLHelper  - close(resultSet=org.apache.commons.dbcp.DelegatingResultSet@1660dbb1) - start
169848 [main] DEBUG org.dbunit.util.search.DepthFirstSearch  - search:SCOPE_REQUESTCONTEXT
169848 [main] DEBUG org.dbunit.database.search.ExportedKeysSearchCallback  - searchNode(node=SCOPE_REQUESTCONTEXT) - start
169848 [main] DEBUG org.dbunit.util.search.DepthFirstSearch  - Pushing SCOPE_REQUESTCONTEXT
169848 [main] DEBUG org.dbunit.database.search.ExportedKeysSearchCallback  - getEdges(node=SCOPE_REQUESTCONTEXT) - start
169848 [main] DEBUG org.dbunit.database.search.AbstractMetaDataBasedSearchCallback  - getNodesFromExportedKeys(node=SCOPE_REQUESTCONTEXT) - start
169848 [main] DEBUG org.dbunit.database.search.AbstractMetaDataBasedSearchCallback  - getNodes(type=1, node=SCOPE_REQUESTCONTEXT) - start
169848 [main] DEBUG org.dbunit.database.DatabaseDataSourceConnection  - getConnection() - start
169849 [main] DEBUG org.dbunit.database.search.AbstractMetaDataBasedSearchCallback  - getNodes(type=1, node=SCOPE_REQUESTCONTEXT, conn=Transaction-aware proxy for target Connection [jdbc:hsqldb:mem:kontrollDS, UserName=sw, HSQL Database Engine Driver], schema=null, metaData=org.apache.commons.dbcp.DelegatingDatabaseMetaData@30f74cf1, edges=[]) - start
169849 [main] DEBUG org.dbunit.database.search.AbstractMetaDataBasedSearchCallback  - Getting edges for node SCOPE_REQUESTCONTEXT
169849 [main] TRACE org.dbunit.database.DatabaseConfig  - getProperty(name=http://www.dbunit.org/properties/metadataHandler) - start
169849 [main] TRACE org.dbunit.database.DefaultMetadataHandler  - tableExists(metaData=org.apache.commons.dbcp.DelegatingDatabaseMetaData@30f74cf1, schemaName=null, tableName=SCOPE_REQUESTCONTEXT) - start
169850 [main] DEBUG org.dbunit.util.SQLHelper  - close(resultSet=org.apache.commons.dbcp.DelegatingResultSet@824e680) - start
169850 [main] DEBUG org.dbunit.util.SQLHelper  - close(resultSet=org.apache.commons.dbcp.DelegatingResultSet@37083cc1) - start
169850 [main] DEBUG org.dbunit.util.search.DepthFirstSearch  - Adding node SCOPE_REQUESTCONTEXT to the final result
169850 [main] DEBUG org.dbunit.util.search.DepthFirstSearch  - search:REQUESTCONTEXT
169850 [main] DEBUG org.dbunit.database.search.ExportedKeysSearchCallback  - searchNode(node=REQUESTCONTEXT) - start
169850 [main] DEBUG org.dbunit.util.search.DepthFirstSearch  - Pushing REQUESTCONTEXT
169850 [main] DEBUG org.dbunit.database.search.ExportedKeysSearchCallback  - getEdges(node=REQUESTCONTEXT) - start
169850 [main] DEBUG org.dbunit.database.search.AbstractMetaDataBasedSearchCallback  - getNodesFromExportedKeys(node=REQUESTCONTEXT) - start
169850 [main] DEBUG org.dbunit.database.search.AbstractMetaDataBasedSearchCallback  - getNodes(type=1, node=REQUESTCONTEXT) - start
169850 [main] DEBUG org.dbunit.database.DatabaseDataSourceConnection  - getConnection() - start
169850 [main] DEBUG org.dbunit.database.search.AbstractMetaDataBasedSearchCallback  - getNodes(type=1, node=REQUESTCONTEXT, conn=Transaction-aware proxy for target Connection [jdbc:hsqldb:mem:kontrollDS, UserName=sw, HSQL Database Engine Driver], schema=null, metaData=org.apache.commons.dbcp.DelegatingDatabaseMetaData@7dccbf20, edges=[]) - start
169850 [main] DEBUG org.dbunit.database.search.AbstractMetaDataBasedSearchCallback  - Getting edges for node REQUESTCONTEXT
169850 [main] TRACE org.dbunit.database.DatabaseConfig  - getProperty(name=http://www.dbunit.org/properties/metadataHandler) - start
169850 [main] TRACE org.dbunit.database.DefaultMetadataHandler  - tableExists(metaData=org.apache.commons.dbcp.DelegatingDatabaseMetaData@7dccbf20, schemaName=null, tableName=REQUESTCONTEXT) - start
169851 [main] DEBUG org.dbunit.util.SQLHelper  - close(resultSet=org.apache.commons.dbcp.DelegatingResultSet@26595141) - start
169851 [main] DEBUG org.dbunit.util.QualifiedTableName  - getQualifiedNameIfEnabled(config=org.dbunit.database.DatabaseConfig[, _propertyMap={http://www.dbunit.org/properties/statementFactory=org.dbunit.database.statement.PreparedStatementFactory@626bc2b8, http://www.dbunit.org/features/caseSensitiveTableNames=false, http://www.dbunit.org/properties/fetchSize=100, http://www.dbunit.org/features/batchedStatements=false, http://www.dbunit.org/properties/metadataHandler=org.dbunit.database.DefaultMetadataHandler@62baffef, http://www.dbunit.org/properties/datatypeFactory=org.dbunit.dataset.datatype.DefaultDataTypeFactory[_toleratedDeltaMap=org.dbunit.dataset.datatype.ToleratedDeltaMap@6452310a], http://www.dbunit.org/properties/escapePattern=null, http://www.dbunit.org/properties/batchSize=100, http://www.dbunit.org/features/qualifiedTableNames=false, http://www.dbunit.org/properties/tableType=[Ljava.lang.String;@5011bafa, http://www.dbunit.org/properties/resultSetTableFactory=org.dbunit.database.CachedResultSetTableFactory@10bcf083, http://www.dbunit.org/features/datatypeWarning=true}]) - start
169852 [main] TRACE org.dbunit.database.DatabaseConfig  - getFeature(name=http://www.dbunit.org/features/qualifiedTableNames) - start
169852 [main] TRACE org.dbunit.database.DatabaseConfig  - getProperty(name=http://www.dbunit.org/features/qualifiedTableNames) - start
169852 [main] DEBUG org.dbunit.util.QualifiedTableName  - Qualified table names feature is disabled. Returning plain table name
169852 [main] DEBUG org.dbunit.util.QualifiedTableName  - getQualifiedName(prefix=null, name=REQUESTCONTEXT, escapePattern=null) - start
169852 [main] DEBUG org.dbunit.util.QualifiedTableName  - getQualifiedNameIfEnabled(config=org.dbunit.database.DatabaseConfig[, _propertyMap={http://www.dbunit.org/properties/statementFactory=org.dbunit.database.statement.PreparedStatementFactory@626bc2b8, http://www.dbunit.org/features/caseSensitiveTableNames=false, http://www.dbunit.org/properties/fetchSize=100, http://www.dbunit.org/features/batchedStatements=false, http://www.dbunit.org/properties/metadataHandler=org.dbunit.database.DefaultMetadataHandler@62baffef, http://www.dbunit.org/properties/datatypeFactory=org.dbunit.dataset.datatype.DefaultDataTypeFactory[_toleratedDeltaMap=org.dbunit.dataset.datatype.ToleratedDeltaMap@6452310a], http://www.dbunit.org/properties/escapePattern=null, http://www.dbunit.org/properties/batchSize=100, http://www.dbunit.org/features/qualifiedTableNames=false, http://www.dbunit.org/properties/tableType=[Ljava.lang.String;@5011bafa, http://www.dbunit.org/properties/resultSetTableFactory=org.dbunit.database.CachedResultSetTableFactory@10bcf083, http://www.dbunit.org/features/datatypeWarning=true}]) - start
169852 [main] TRACE org.dbunit.database.DatabaseConfig  - getFeature(name=http://www.dbunit.org/features/qualifiedTableNames) - start
169852 [main] TRACE org.dbunit.database.DatabaseConfig  - getProperty(name=http://www.dbunit.org/features/qualifiedTableNames) - start
169852 [main] DEBUG org.dbunit.util.QualifiedTableName  - Qualified table names feature is disabled. Returning plain table name
169852 [main] DEBUG org.dbunit.util.QualifiedTableName  - getQualifiedName(prefix=null, name=SCOPE_REQUESTCONTEXT, escapePattern=null) - start
169852 [main] DEBUG org.dbunit.database.search.AbstractMetaDataBasedSearchCallback  - newEdge(rs=org.apache.commons.dbcp.DelegatingResultSet@57df9155, type=1, from=REQUESTCONTEXT, to=SCOPE_REQUESTCONTEXT, fkColumn=REQUEST_CONTEXT_ID, pkColumn=ID) - start
169852 [main] DEBUG org.dbunit.database.search.AbstractMetaDataBasedSearchCallback  - createFKEdge(rs=org.apache.commons.dbcp.DelegatingResultSet@57df9155, type=1, from=REQUESTCONTEXT, to=SCOPE_REQUESTCONTEXT, fkColumn=REQUEST_CONTEXT_ID, pkColumn=ID) - start
169852 [main] DEBUG org.dbunit.database.search.AbstractMetaDataBasedSearchCallback  - Adding edge SCOPE_REQUESTCONTEXT(REQUEST_CONTEXT_ID)->REQUESTCONTEXT(ID)
169852 [main] DEBUG org.dbunit.util.search.Edge  - compareTo(o=SCOPE_REQUESTCONTEXT(REQUEST_CONTEXT_ID)->REQUESTCONTEXT(ID)) - start
169852 [main] DEBUG org.dbunit.util.SQLHelper  - close(resultSet=org.apache.commons.dbcp.DelegatingResultSet@57df9155) - start
169852 [main] DEBUG org.dbunit.util.search.DepthFirstSearch  - search:REQUESTCONTEXT
169852 [main] DEBUG org.dbunit.util.search.DepthFirstSearch  - already searched; returning true
169852 [main] DEBUG org.dbunit.util.search.DepthFirstSearch  - Adding node REQUESTCONTEXT to the final result
169852 [main] DEBUG org.dbunit.database.search.TablesDependencyHelper  - getDirectDependentTables(connection=_databaseConfig=org.dbunit.database.DatabaseConfig[, _propertyMap={http://www.dbunit.org/properties/statementFactory=org.dbunit.database.statement.PreparedStatementFactory@626bc2b8, http://www.dbunit.org/features/caseSensitiveTableNames=false, http://www.dbunit.org/properties/fetchSize=100, http://www.dbunit.org/features/batchedStatements=false, http://www.dbunit.org/properties/metadataHandler=org.dbunit.database.DefaultMetadataHandler@62baffef, http://www.dbunit.org/properties/datatypeFactory=org.dbunit.dataset.datatype.DefaultDataTypeFactory[_toleratedDeltaMap=org.dbunit.dataset.datatype.ToleratedDeltaMap@6452310a], http://www.dbunit.org/properties/escapePattern=null, http://www.dbunit.org/properties/batchSize=100, http://www.dbunit.org/features/qualifiedTableNames=false, http://www.dbunit.org/properties/tableType=[Ljava.lang.String;@5011bafa, http://www.dbunit.org/properties/resultSetTableFactory=org.dbunit.database.CachedResultSetTableFactory@10bcf083, http://www.dbunit.org/features/datatypeWarning=true}], _dataSet=AbstractDataSet[_orderedTableNameMap=null], tableName=REQUESTCONTEXT) - start
169852 [main] DEBUG org.dbunit.util.search.DepthFirstSearch  - search(nodesFrom=[REQUESTCONTEXT], callback=org.dbunit.database.search.ImportedKeysSearchCallback@3902176d) - start
169852 [main] DEBUG org.dbunit.util.CollectionsHelper  - objectsToSet(objects=REQUESTCONTEXT) - start
169852 [main] DEBUG org.dbunit.util.search.DepthFirstSearch  - search(nodesFrom=[REQUESTCONTEXT], callback=org.dbunit.database.search.ImportedKeysSearchCallback@3902176d) - start
169852 [main] DEBUG org.dbunit.util.search.DepthFirstSearch  - reverseSearch:REQUESTCONTEXT
169853 [main] DEBUG org.dbunit.database.search.ImportedKeysSearchCallback  - searchNode(node=REQUESTCONTEXT) - start
169853 [main] DEBUG org.dbunit.util.search.DepthFirstSearch  - Pushing (reverse) REQUESTCONTEXT
169853 [main] DEBUG org.dbunit.database.search.ImportedKeysSearchCallback  - getEdges(node=REQUESTCONTEXT) - start
169853 [main] DEBUG org.dbunit.database.search.AbstractMetaDataBasedSearchCallback  - getNodesFromImportedKeys(node=REQUESTCONTEXT) - start
169853 [main] DEBUG org.dbunit.database.search.AbstractMetaDataBasedSearchCallback  - getNodes(type=0, node=REQUESTCONTEXT) - start
169853 [main] DEBUG org.dbunit.database.DatabaseDataSourceConnection  - getConnection() - start
169853 [main] DEBUG org.dbunit.database.search.AbstractMetaDataBasedSearchCallback  - getNodes(type=0, node=REQUESTCONTEXT, conn=Transaction-aware proxy for target Connection [jdbc:hsqldb:mem:kontrollDS, UserName=sw, HSQL Database Engine Driver], schema=null, metaData=org.apache.commons.dbcp.DelegatingDatabaseMetaData@38501258, edges=[]) - start
169853 [main] DEBUG org.dbunit.database.search.AbstractMetaDataBasedSearchCallback  - Getting edges for node REQUESTCONTEXT
169853 [main] TRACE org.dbunit.database.DatabaseConfig  - getProperty(name=http://www.dbunit.org/properties/metadataHandler) - start
169853 [main] TRACE org.dbunit.database.DefaultMetadataHandler  - tableExists(metaData=org.apache.commons.dbcp.DelegatingDatabaseMetaData@38501258, schemaName=null, tableName=REQUESTCONTEXT) - start
169854 [main] DEBUG org.dbunit.util.SQLHelper  - close(resultSet=org.apache.commons.dbcp.DelegatingResultSet@48176f0) - start
169854 [main] DEBUG org.dbunit.util.SQLHelper  - close(resultSet=org.apache.commons.dbcp.DelegatingResultSet@b1154) - start
169854 [main] DEBUG org.dbunit.util.search.DepthFirstSearch  - search:REQUESTCONTEXT
169854 [main] DEBUG org.dbunit.database.search.ImportedKeysSearchCallback  - searchNode(node=REQUESTCONTEXT) - start
169854 [main] DEBUG org.dbunit.util.search.DepthFirstSearch  - Pushing REQUESTCONTEXT
169854 [main] DEBUG org.dbunit.database.search.ImportedKeysSearchCallback  - getEdges(node=REQUESTCONTEXT) - start
169854 [main] DEBUG org.dbunit.database.search.AbstractMetaDataBasedSearchCallback  - getNodesFromImportedKeys(node=REQUESTCONTEXT) - start
169854 [main] DEBUG org.dbunit.database.search.AbstractMetaDataBasedSearchCallback  - getNodes(type=0, node=REQUESTCONTEXT) - start
169854 [main] DEBUG org.dbunit.database.DatabaseDataSourceConnection  - getConnection() - start
169855 [main] DEBUG org.dbunit.database.search.AbstractMetaDataBasedSearchCallback  - getNodes(type=0, node=REQUESTCONTEXT, conn=Transaction-aware proxy for target Connection [jdbc:hsqldb:mem:kontrollDS, UserName=sw, HSQL Database Engine Driver], schema=null, metaData=org.apache.commons.dbcp.DelegatingDatabaseMetaData@569ea1d1, edges=[]) - start
169855 [main] DEBUG org.dbunit.database.search.AbstractMetaDataBasedSearchCallback  - Getting edges for node REQUESTCONTEXT
169855 [main] TRACE org.dbunit.database.DatabaseConfig  - getProperty(name=http://www.dbunit.org/properties/metadataHandler) - start
169855 [main] TRACE org.dbunit.database.DefaultMetadataHandler  - tableExists(metaData=org.apache.commons.dbcp.DelegatingDatabaseMetaData@569ea1d1, schemaName=null, tableName=REQUESTCONTEXT) - start
169856 [main] DEBUG org.dbunit.util.SQLHelper  - close(resultSet=org.apache.commons.dbcp.DelegatingResultSet@5c1a7d14) - start
169856 [main] DEBUG org.dbunit.util.SQLHelper  - close(resultSet=org.apache.commons.dbcp.DelegatingResultSet@101bbe29) - start
169856 [main] DEBUG org.dbunit.util.search.DepthFirstSearch  - Adding node REQUESTCONTEXT to the final result
169856 [main] DEBUG org.dbunit.database.DatabaseSequenceFilter  - getDependencyInfo(connection=_databaseConfig=org.dbunit.database.DatabaseConfig[, _propertyMap={http://www.dbunit.org/properties/statementFactory=org.dbunit.database.statement.PreparedStatementFactory@626bc2b8, http://www.dbunit.org/features/caseSensitiveTableNames=false, http://www.dbunit.org/properties/fetchSize=100, http://www.dbunit.org/features/batchedStatements=false, http://www.dbunit.org/properties/metadataHandler=org.dbunit.database.DefaultMetadataHandler@62baffef, http://www.dbunit.org/properties/datatypeFactory=org.dbunit.dataset.datatype.DefaultDataTypeFactory[_toleratedDeltaMap=org.dbunit.dataset.datatype.ToleratedDeltaMap@6452310a], http://www.dbunit.org/properties/escapePattern=null, http://www.dbunit.org/properties/batchSize=100, http://www.dbunit.org/features/qualifiedTableNames=false, http://www.dbunit.org/properties/tableType=[Ljava.lang.String;@5011bafa, http://www.dbunit.org/properties/resultSetTableFactory=org.dbunit.database.CachedResultSetTableFactory@10bcf083, http://www.dbunit.org/features/datatypeWarning=true}], _dataSet=AbstractDataSet[_orderedTableNameMap=null], tableName=SCOPE) - start
169856 [main] DEBUG org.dbunit.database.search.TablesDependencyHelper  - getDependentTables(connection=_databaseConfig=org.dbunit.database.DatabaseConfig[, _propertyMap={http://www.dbunit.org/properties/statementFactory=org.dbunit.database.statement.PreparedStatementFactory@626bc2b8, http://www.dbunit.org/features/caseSensitiveTableNames=false, http://www.dbunit.org/properties/fetchSize=100, http://www.dbunit.org/features/batchedStatements=false, http://www.dbunit.org/properties/metadataHandler=org.dbunit.database.DefaultMetadataHandler@62baffef, http://www.dbunit.org/properties/datatypeFactory=org.dbunit.dataset.datatype.DefaultDataTypeFactory[_toleratedDeltaMap=org.dbunit.dataset.datatype.ToleratedDeltaMap@6452310a], http://www.dbunit.org/properties/escapePattern=null, http://www.dbunit.org/properties/batchSize=100, http://www.dbunit.org/features/qualifiedTableNames=false, http://www.dbunit.org/properties/tableType=[Ljava.lang.String;@5011bafa, http://www.dbunit.org/properties/resultSetTableFactory=org.dbunit.database.CachedResultSetTableFactory@10bcf083, http://www.dbunit.org/features/datatypeWarning=true}], _dataSet=AbstractDataSet[_orderedTableNameMap=null], rootTable=SCOPE) - start
169856 [main] DEBUG org.dbunit.database.search.TablesDependencyHelper  - getDependentTables(connection=_databaseConfig=org.dbunit.database.DatabaseConfig[, _propertyMap={http://www.dbunit.org/properties/statementFactory=org.dbunit.database.statement.PreparedStatementFactory@626bc2b8, http://www.dbunit.org/features/caseSensitiveTableNames=false, http://www.dbunit.org/properties/fetchSize=100, http://www.dbunit.org/features/batchedStatements=false, http://www.dbunit.org/properties/metadataHandler=org.dbunit.database.DefaultMetadataHandler@62baffef, http://www.dbunit.org/properties/datatypeFactory=org.dbunit.dataset.datatype.DefaultDataTypeFactory[_toleratedDeltaMap=org.dbunit.dataset.datatype.ToleratedDeltaMap@6452310a], http://www.dbunit.org/properties/escapePattern=null, http://www.dbunit.org/properties/batchSize=100, http://www.dbunit.org/features/qualifiedTableNames=false, http://www.dbunit.org/properties/tableType=[Ljava.lang.String;@5011bafa, http://www.dbunit.org/properties/resultSetTableFactory=org.dbunit.database.CachedResultSetTableFactory@10bcf083, http://www.dbunit.org/features/datatypeWarning=true}], _dataSet=AbstractDataSet[_orderedTableNameMap=null], rootTables=[SCOPE]) - start
169856 [main] DEBUG org.dbunit.util.search.DepthFirstSearch  - search(nodesFrom=[SCOPE], callback=org.dbunit.database.search.ImportedKeysSearchCallback@7b97bc2a) - start
169856 [main] DEBUG org.dbunit.util.CollectionsHelper  - objectsToSet(objects=SCOPE) - start
169856 [main] DEBUG org.dbunit.util.search.DepthFirstSearch  - search(nodesFrom=[SCOPE], callback=org.dbunit.database.search.ImportedKeysSearchCallback@7b97bc2a) - start
169856 [main] DEBUG org.dbunit.util.search.DepthFirstSearch  - reverseSearch:SCOPE
169856 [main] DEBUG org.dbunit.database.search.ImportedKeysSearchCallback  - searchNode(node=SCOPE) - start
169856 [main] DEBUG org.dbunit.util.search.DepthFirstSearch  - Pushing (reverse) SCOPE
169856 [main] DEBUG org.dbunit.database.search.ImportedKeysSearchCallback  - getEdges(node=SCOPE) - start
169857 [main] DEBUG org.dbunit.database.search.AbstractMetaDataBasedSearchCallback  - getNodesFromImportedKeys(node=SCOPE) - start
169857 [main] DEBUG org.dbunit.database.search.AbstractMetaDataBasedSearchCallback  - getNodes(type=0, node=SCOPE) - start
169857 [main] DEBUG org.dbunit.database.DatabaseDataSourceConnection  - getConnection() - start
169857 [main] DEBUG org.dbunit.database.search.AbstractMetaDataBasedSearchCallback  - getNodes(type=0, node=SCOPE, conn=Transaction-aware proxy for target Connection [jdbc:hsqldb:mem:kontrollDS, UserName=sw, HSQL Database Engine Driver], schema=null, metaData=org.apache.commons.dbcp.DelegatingDatabaseMetaData@26c2a8ca, edges=[]) - start
169857 [main] DEBUG org.dbunit.database.search.AbstractMetaDataBasedSearchCallback  - Getting edges for node SCOPE
169857 [main] TRACE org.dbunit.database.DatabaseConfig  - getProperty(name=http://www.dbunit.org/properties/metadataHandler) - start
169857 [main] TRACE org.dbunit.database.DefaultMetadataHandler  - tableExists(metaData=org.apache.commons.dbcp.DelegatingDatabaseMetaData@26c2a8ca, schemaName=null, tableName=SCOPE) - start
169858 [main] DEBUG org.dbunit.util.SQLHelper  - close(resultSet=org.apache.commons.dbcp.DelegatingResultSet@5573de8e) - start
169858 [main] DEBUG org.dbunit.util.SQLHelper  - close(resultSet=org.apache.commons.dbcp.DelegatingResultSet@28723091) - start
169858 [main] DEBUG org.dbunit.util.search.DepthFirstSearch  - search:SCOPE
169858 [main] DEBUG org.dbunit.database.search.ImportedKeysSearchCallback  - searchNode(node=SCOPE) - start
169858 [main] DEBUG org.dbunit.util.search.DepthFirstSearch  - Pushing SCOPE
169858 [main] DEBUG org.dbunit.database.search.ImportedKeysSearchCallback  - getEdges(node=SCOPE) - start
169858 [main] DEBUG org.dbunit.database.search.AbstractMetaDataBasedSearchCallback  - getNodesFromImportedKeys(node=SCOPE) - start
169858 [main] DEBUG org.dbunit.database.search.AbstractMetaDataBasedSearchCallback  - getNodes(type=0, node=SCOPE) - start
169858 [main] DEBUG org.dbunit.database.DatabaseDataSourceConnection  - getConnection() - start
169858 [main] DEBUG org.dbunit.database.search.AbstractMetaDataBasedSearchCallback  - getNodes(type=0, node=SCOPE, conn=Transaction-aware proxy for target Connection [jdbc:hsqldb:mem:kontrollDS, UserName=sw, HSQL Database Engine Driver], schema=null, metaData=org.apache.commons.dbcp.DelegatingDatabaseMetaData@60d29455, edges=[]) - start
169858 [main] DEBUG org.dbunit.database.search.AbstractMetaDataBasedSearchCallback  - Getting edges for node SCOPE
169858 [main] TRACE org.dbunit.database.DatabaseConfig  - getProperty(name=http://www.dbunit.org/properties/metadataHandler) - start
169858 [main] TRACE org.dbunit.database.DefaultMetadataHandler  - tableExists(metaData=org.apache.commons.dbcp.DelegatingDatabaseMetaData@60d29455, schemaName=null, tableName=SCOPE) - start
169859 [main] DEBUG org.dbunit.util.SQLHelper  - close(resultSet=org.apache.commons.dbcp.DelegatingResultSet@37a34535) - start
169860 [main] DEBUG org.dbunit.util.SQLHelper  - close(resultSet=org.apache.commons.dbcp.DelegatingResultSet@1001b022) - start
169860 [main] DEBUG org.dbunit.util.search.DepthFirstSearch  - Adding node SCOPE to the final result
169860 [main] DEBUG org.dbunit.util.CollectionsHelper  - setToStrings(set=[SCOPE]) - start
169860 [main] DEBUG org.dbunit.database.search.TablesDependencyHelper  - getDependsOnTables(connection=_databaseConfig=org.dbunit.database.DatabaseConfig[, _propertyMap={http://www.dbunit.org/properties/statementFactory=org.dbunit.database.statement.PreparedStatementFactory@626bc2b8, http://www.dbunit.org/features/caseSensitiveTableNames=false, http://www.dbunit.org/properties/fetchSize=100, http://www.dbunit.org/features/batchedStatements=false, http://www.dbunit.org/properties/metadataHandler=org.dbunit.database.DefaultMetadataHandler@62baffef, http://www.dbunit.org/properties/datatypeFactory=org.dbunit.dataset.datatype.DefaultDataTypeFactory[_toleratedDeltaMap=org.dbunit.dataset.datatype.ToleratedDeltaMap@6452310a], http://www.dbunit.org/properties/escapePattern=null, http://www.dbunit.org/properties/batchSize=100, http://www.dbunit.org/features/qualifiedTableNames=false, http://www.dbunit.org/properties/tableType=[Ljava.lang.String;@5011bafa, http://www.dbunit.org/properties/resultSetTableFactory=org.dbunit.database.CachedResultSetTableFactory@10bcf083, http://www.dbunit.org/features/datatypeWarning=true}], _dataSet=AbstractDataSet[_orderedTableNameMap=null], rootTable=SCOPE) - start
169860 [main] DEBUG org.dbunit.util.search.DepthFirstSearch  - search(nodesFrom=[SCOPE], callback=org.dbunit.database.search.ExportedKeysSearchCallback@52058437) - start
169860 [main] DEBUG org.dbunit.util.CollectionsHelper  - objectsToSet(objects=SCOPE) - start
169860 [main] DEBUG org.dbunit.util.search.DepthFirstSearch  - search(nodesFrom=[SCOPE], callback=org.dbunit.database.search.ExportedKeysSearchCallback@52058437) - start
169860 [main] DEBUG org.dbunit.util.search.DepthFirstSearch  - reverseSearch:SCOPE
169860 [main] DEBUG org.dbunit.database.search.ExportedKeysSearchCallback  - searchNode(node=SCOPE) - start
169860 [main] DEBUG org.dbunit.util.search.DepthFirstSearch  - Pushing (reverse) SCOPE
169860 [main] DEBUG org.dbunit.database.search.ExportedKeysSearchCallback  - getEdges(node=SCOPE) - start
169860 [main] DEBUG org.dbunit.database.search.AbstractMetaDataBasedSearchCallback  - getNodesFromExportedKeys(node=SCOPE) - start
169860 [main] DEBUG org.dbunit.database.search.AbstractMetaDataBasedSearchCallback  - getNodes(type=1, node=SCOPE) - start
169860 [main] DEBUG org.dbunit.database.DatabaseDataSourceConnection  - getConnection() - start
169860 [main] DEBUG org.dbunit.database.search.AbstractMetaDataBasedSearchCallback  - getNodes(type=1, node=SCOPE, conn=Transaction-aware proxy for target Connection [jdbc:hsqldb:mem:kontrollDS, UserName=sw, HSQL Database Engine Driver], schema=null, metaData=org.apache.commons.dbcp.DelegatingDatabaseMetaData@682b60f2, edges=[]) - start
169860 [main] DEBUG org.dbunit.database.search.AbstractMetaDataBasedSearchCallback  - Getting edges for node SCOPE
169860 [main] TRACE org.dbunit.database.DatabaseConfig  - getProperty(name=http://www.dbunit.org/properties/metadataHandler) - start
169860 [main] TRACE org.dbunit.database.DefaultMetadataHandler  - tableExists(metaData=org.apache.commons.dbcp.DelegatingDatabaseMetaData@682b60f2, schemaName=null, tableName=SCOPE) - start
169861 [main] DEBUG org.dbunit.util.SQLHelper  - close(resultSet=org.apache.commons.dbcp.DelegatingResultSet@1cccdc6e) - start
169862 [main] DEBUG org.dbunit.util.QualifiedTableName  - getQualifiedNameIfEnabled(config=org.dbunit.database.DatabaseConfig[, _propertyMap={http://www.dbunit.org/properties/statementFactory=org.dbunit.database.statement.PreparedStatementFactory@626bc2b8, http://www.dbunit.org/features/caseSensitiveTableNames=false, http://www.dbunit.org/properties/fetchSize=100, http://www.dbunit.org/features/batchedStatements=false, http://www.dbunit.org/properties/metadataHandler=org.dbunit.database.DefaultMetadataHandler@62baffef, http://www.dbunit.org/properties/datatypeFactory=org.dbunit.dataset.datatype.DefaultDataTypeFactory[_toleratedDeltaMap=org.dbunit.dataset.datatype.ToleratedDeltaMap@6452310a], http://www.dbunit.org/properties/escapePattern=null, http://www.dbunit.org/properties/batchSize=100, http://www.dbunit.org/features/qualifiedTableNames=false, http://www.dbunit.org/properties/tableType=[Ljava.lang.String;@5011bafa, http://www.dbunit.org/properties/resultSetTableFactory=org.dbunit.database.CachedResultSetTableFactory@10bcf083, http://www.dbunit.org/features/datatypeWarning=true}]) - start
169862 [main] TRACE org.dbunit.database.DatabaseConfig  - getFeature(name=http://www.dbunit.org/features/qualifiedTableNames) - start
169862 [main] TRACE org.dbunit.database.DatabaseConfig  - getProperty(name=http://www.dbunit.org/features/qualifiedTableNames) - start
169862 [main] DEBUG org.dbunit.util.QualifiedTableName  - Qualified table names feature is disabled. Returning plain table name
169862 [main] DEBUG org.dbunit.util.QualifiedTableName  - getQualifiedName(prefix=null, name=SCOPE, escapePattern=null) - start
169862 [main] DEBUG org.dbunit.util.QualifiedTableName  - getQualifiedNameIfEnabled(config=org.dbunit.database.DatabaseConfig[, _propertyMap={http://www.dbunit.org/properties/statementFactory=org.dbunit.database.statement.PreparedStatementFactory@626bc2b8, http://www.dbunit.org/features/caseSensitiveTableNames=false, http://www.dbunit.org/properties/fetchSize=100, http://www.dbunit.org/features/batchedStatements=false, http://www.dbunit.org/properties/metadataHandler=org.dbunit.database.DefaultMetadataHandler@62baffef, http://www.dbunit.org/properties/datatypeFactory=org.dbunit.dataset.datatype.DefaultDataTypeFactory[_toleratedDeltaMap=org.dbunit.dataset.datatype.ToleratedDeltaMap@6452310a], http://www.dbunit.org/properties/escapePattern=null, http://www.dbunit.org/properties/batchSize=100, http://www.dbunit.org/features/qualifiedTableNames=false, http://www.dbunit.org/properties/tableType=[Ljava.lang.String;@5011bafa, http://www.dbunit.org/properties/resultSetTableFactory=org.dbunit.database.CachedResultSetTableFactory@10bcf083, http://www.dbunit.org/features/datatypeWarning=true}]) - start
169862 [main] TRACE org.dbunit.database.DatabaseConfig  - getFeature(name=http://www.dbunit.org/features/qualifiedTableNames) - start
169862 [main] TRACE org.dbunit.database.DatabaseConfig  - getProperty(name=http://www.dbunit.org/features/qualifiedTableNames) - start
169862 [main] DEBUG org.dbunit.util.QualifiedTableName  - Qualified table names feature is disabled. Returning plain table name
169862 [main] DEBUG org.dbunit.util.QualifiedTableName  - getQualifiedName(prefix=null, name=SCOPE_REQUESTCONTEXT, escapePattern=null) - start
169862 [main] DEBUG org.dbunit.database.search.AbstractMetaDataBasedSearchCallback  - newEdge(rs=org.apache.commons.dbcp.DelegatingResultSet@2e8a3edf, type=1, from=SCOPE, to=SCOPE_REQUESTCONTEXT, fkColumn=SCOPE_ID, pkColumn=ID) - start
169862 [main] DEBUG org.dbunit.database.search.AbstractMetaDataBasedSearchCallback  - createFKEdge(rs=org.apache.commons.dbcp.DelegatingResultSet@2e8a3edf, type=1, from=SCOPE, to=SCOPE_REQUESTCONTEXT, fkColumn=SCOPE_ID, pkColumn=ID) - start
169862 [main] DEBUG org.dbunit.database.search.AbstractMetaDataBasedSearchCallback  - Adding edge SCOPE_REQUESTCONTEXT(SCOPE_ID)->SCOPE(ID)
169862 [main] DEBUG org.dbunit.util.search.Edge  - compareTo(o=SCOPE_REQUESTCONTEXT(SCOPE_ID)->SCOPE(ID)) - start
169862 [main] DEBUG org.dbunit.util.QualifiedTableName  - getQualifiedNameIfEnabled(config=org.dbunit.database.DatabaseConfig[, _propertyMap={http://www.dbunit.org/properties/statementFactory=org.dbunit.database.statement.PreparedStatementFactory@626bc2b8, http://www.dbunit.org/features/caseSensitiveTableNames=false, http://www.dbunit.org/properties/fetchSize=100, http://www.dbunit.org/features/batchedStatements=false, http://www.dbunit.org/properties/metadataHandler=org.dbunit.database.DefaultMetadataHandler@62baffef, http://www.dbunit.org/properties/datatypeFactory=org.dbunit.dataset.datatype.DefaultDataTypeFactory[_toleratedDeltaMap=org.dbunit.dataset.datatype.ToleratedDeltaMap@6452310a], http://www.dbunit.org/properties/escapePattern=null, http://www.dbunit.org/properties/batchSize=100, http://www.dbunit.org/features/qualifiedTableNames=false, http://www.dbunit.org/properties/tableType=[Ljava.lang.String;@5011bafa, http://www.dbunit.org/properties/resultSetTableFactory=org.dbunit.database.CachedResultSetTableFactory@10bcf083, http://www.dbunit.org/features/datatypeWarning=true}]) - start
169862 [main] TRACE org.dbunit.database.DatabaseConfig  - getFeature(name=http://www.dbunit.org/features/qualifiedTableNames) - start
169862 [main] TRACE org.dbunit.database.DatabaseConfig  - getProperty(name=http://www.dbunit.org/features/qualifiedTableNames) - start
169862 [main] DEBUG org.dbunit.util.QualifiedTableName  - Qualified table names feature is disabled. Returning plain table name
169862 [main] DEBUG org.dbunit.util.QualifiedTableName  - getQualifiedName(prefix=null, name=SCOPE, escapePattern=null) - start
169862 [main] DEBUG org.dbunit.util.QualifiedTableName  - getQualifiedNameIfEnabled(config=org.dbunit.database.DatabaseConfig[, _propertyMap={http://www.dbunit.org/properties/statementFactory=org.dbunit.database.statement.PreparedStatementFactory@626bc2b8, http://www.dbunit.org/features/caseSensitiveTableNames=false, http://www.dbunit.org/properties/fetchSize=100, http://www.dbunit.org/features/batchedStatements=false, http://www.dbunit.org/properties/metadataHandler=org.dbunit.database.DefaultMetadataHandler@62baffef, http://www.dbunit.org/properties/datatypeFactory=org.dbunit.dataset.datatype.DefaultDataTypeFactory[_toleratedDeltaMap=org.dbunit.dataset.datatype.ToleratedDeltaMap@6452310a], http://www.dbunit.org/properties/escapePattern=null, http://www.dbunit.org/properties/batchSize=100, http://www.dbunit.org/features/qualifiedTableNames=false, http://www.dbunit.org/properties/tableType=[Ljava.lang.String;@5011bafa, http://www.dbunit.org/properties/resultSetTableFactory=org.dbunit.database.CachedResultSetTableFactory@10bcf083, http://www.dbunit.org/features/datatypeWarning=true}]) - start
169862 [main] TRACE org.dbunit.database.DatabaseConfig  - getFeature(name=http://www.dbunit.org/features/qualifiedTableNames) - start
169862 [main] TRACE org.dbunit.database.DatabaseConfig  - getProperty(name=http://www.dbunit.org/features/qualifiedTableNames) - start
169862 [main] DEBUG org.dbunit.util.QualifiedTableName  - Qualified table names feature is disabled. Returning plain table name
169862 [main] DEBUG org.dbunit.util.QualifiedTableName  - getQualifiedName(prefix=null, name=SCOPEDCONTENT, escapePattern=null) - start
169862 [main] DEBUG org.dbunit.database.search.AbstractMetaDataBasedSearchCallback  - newEdge(rs=org.apache.commons.dbcp.DelegatingResultSet@2e8a3edf, type=1, from=SCOPE, to=SCOPEDCONTENT, fkColumn=SCOPE, pkColumn=ID) - start
169862 [main] DEBUG org.dbunit.database.search.AbstractMetaDataBasedSearchCallback  - createFKEdge(rs=org.apache.commons.dbcp.DelegatingResultSet@2e8a3edf, type=1, from=SCOPE, to=SCOPEDCONTENT, fkColumn=SCOPE, pkColumn=ID) - start
169863 [main] DEBUG org.dbunit.database.search.AbstractMetaDataBasedSearchCallback  - Adding edge SCOPEDCONTENT(SCOPE)->SCOPE(ID)
169863 [main] DEBUG org.dbunit.util.search.Edge  - compareTo(o=SCOPE_REQUESTCONTEXT(SCOPE_ID)->SCOPE(ID)) - start
169863 [main] DEBUG org.dbunit.util.SQLHelper  - close(resultSet=org.apache.commons.dbcp.DelegatingResultSet@2e8a3edf) - start
169863 [main] DEBUG org.dbunit.util.search.DepthFirstSearch  - reverseSearch:SCOPEDCONTENT
169863 [main] DEBUG org.dbunit.database.search.ExportedKeysSearchCallback  - searchNode(node=SCOPEDCONTENT) - start
169863 [main] DEBUG org.dbunit.util.search.DepthFirstSearch  - Pushing (reverse) SCOPEDCONTENT
169863 [main] DEBUG org.dbunit.database.search.ExportedKeysSearchCallback  - getEdges(node=SCOPEDCONTENT) - start
169863 [main] DEBUG org.dbunit.database.search.AbstractMetaDataBasedSearchCallback  - getNodesFromExportedKeys(node=SCOPEDCONTENT) - start
169863 [main] DEBUG org.dbunit.database.search.AbstractMetaDataBasedSearchCallback  - getNodes(type=1, node=SCOPEDCONTENT) - start
169863 [main] DEBUG org.dbunit.database.DatabaseDataSourceConnection  - getConnection() - start
169863 [main] DEBUG org.dbunit.database.search.AbstractMetaDataBasedSearchCallback  - getNodes(type=1, node=SCOPEDCONTENT, conn=Transaction-aware proxy for target Connection [jdbc:hsqldb:mem:kontrollDS, UserName=sw, HSQL Database Engine Driver], schema=null, metaData=org.apache.commons.dbcp.DelegatingDatabaseMetaData@7625ba57, edges=[]) - start
169863 [main] DEBUG org.dbunit.database.search.AbstractMetaDataBasedSearchCallback  - Getting edges for node SCOPEDCONTENT
169863 [main] TRACE org.dbunit.database.DatabaseConfig  - getProperty(name=http://www.dbunit.org/properties/metadataHandler) - start
169863 [main] TRACE org.dbunit.database.DefaultMetadataHandler  - tableExists(metaData=org.apache.commons.dbcp.DelegatingDatabaseMetaData@7625ba57, schemaName=null, tableName=SCOPEDCONTENT) - start
169864 [main] DEBUG org.dbunit.util.SQLHelper  - close(resultSet=org.apache.commons.dbcp.DelegatingResultSet@a0096ad) - start
169864 [main] DEBUG org.dbunit.util.QualifiedTableName  - getQualifiedNameIfEnabled(config=org.dbunit.database.DatabaseConfig[, _propertyMap={http://www.dbunit.org/properties/statementFactory=org.dbunit.database.statement.PreparedStatementFactory@626bc2b8, http://www.dbunit.org/features/caseSensitiveTableNames=false, http://www.dbunit.org/properties/fetchSize=100, http://www.dbunit.org/features/batchedStatements=false, http://www.dbunit.org/properties/metadataHandler=org.dbunit.database.DefaultMetadataHandler@62baffef, http://www.dbunit.org/properties/datatypeFactory=org.dbunit.dataset.datatype.DefaultDataTypeFactory[_toleratedDeltaMap=org.dbunit.dataset.datatype.ToleratedDeltaMap@6452310a], http://www.dbunit.org/properties/escapePattern=null, http://www.dbunit.org/properties/batchSize=100, http://www.dbunit.org/features/qualifiedTableNames=false, http://www.dbunit.org/properties/tableType=[Ljava.lang.String;@5011bafa, http://www.dbunit.org/properties/resultSetTableFactory=org.dbunit.database.CachedResultSetTableFactory@10bcf083, http://www.dbunit.org/features/datatypeWarning=true}]) - start
169865 [main] TRACE org.dbunit.database.DatabaseConfig  - getFeature(name=http://www.dbunit.org/features/qualifiedTableNames) - start
169865 [main] TRACE org.dbunit.database.DatabaseConfig  - getProperty(name=http://www.dbunit.org/features/qualifiedTableNames) - start
169865 [main] DEBUG org.dbunit.util.QualifiedTableName  - Qualified table names feature is disabled. Returning plain table name
169865 [main] DEBUG org.dbunit.util.QualifiedTableName  - getQualifiedName(prefix=null, name=SCOPEDCONTENT, escapePattern=null) - start
169865 [main] DEBUG org.dbunit.util.QualifiedTableName  - getQualifiedNameIfEnabled(config=org.dbunit.database.DatabaseConfig[, _propertyMap={http://www.dbunit.org/properties/statementFactory=org.dbunit.database.statement.PreparedStatementFactory@626bc2b8, http://www.dbunit.org/features/caseSensitiveTableNames=false, http://www.dbunit.org/properties/fetchSize=100, http://www.dbunit.org/features/batchedStatements=false, http://www.dbunit.org/properties/metadataHandler=org.dbunit.database.DefaultMetadataHandler@62baffef, http://www.dbunit.org/properties/datatypeFactory=org.dbunit.dataset.datatype.DefaultDataTypeFactory[_toleratedDeltaMap=org.dbunit.dataset.datatype.ToleratedDeltaMap@6452310a], http://www.dbunit.org/properties/escapePattern=null, http://www.dbunit.org/properties/batchSize=100, http://www.dbunit.org/features/qualifiedTableNames=false, http://www.dbunit.org/properties/tableType=[Ljava.lang.String;@5011bafa, http://www.dbunit.org/properties/resultSetTableFactory=org.dbunit.database.CachedResultSetTableFactory@10bcf083, http://www.dbunit.org/features/datatypeWarning=true}]) - start
169865 [main] TRACE org.dbunit.database.DatabaseConfig  - getFeature(name=http://www.dbunit.org/features/qualifiedTableNames) - start
169865 [main] TRACE org.dbunit.database.DatabaseConfig  - getProperty(name=http://www.dbunit.org/features/qualifiedTableNames) - start
169865 [main] DEBUG org.dbunit.util.QualifiedTableName  - Qualified table names feature is disabled. Returning plain table name
169865 [main] DEBUG org.dbunit.util.QualifiedTableName  - getQualifiedName(prefix=null, name=SCOPEDCONTENTCONDITIONS_SCOPEDCONTENT, escapePattern=null) - start
169865 [main] DEBUG org.dbunit.database.search.AbstractMetaDataBasedSearchCallback  - newEdge(rs=org.apache.commons.dbcp.DelegatingResultSet@529fdb49, type=1, from=SCOPEDCONTENT, to=SCOPEDCONTENTCONDITIONS_SCOPEDCONTENT, fkColumn=SCOPED_CONTENT_ID, pkColumn=ID) - start
169865 [main] DEBUG org.dbunit.database.search.AbstractMetaDataBasedSearchCallback  - createFKEdge(rs=org.apache.commons.dbcp.DelegatingResultSet@529fdb49, type=1, from=SCOPEDCONTENT, to=SCOPEDCONTENTCONDITIONS_SCOPEDCONTENT, fkColumn=SCOPED_CONTENT_ID, pkColumn=ID) - start
169865 [main] DEBUG org.dbunit.database.search.AbstractMetaDataBasedSearchCallback  - Adding edge SCOPEDCONTENTCONDITIONS_SCOPEDCONTENT(SCOPED_CONTENT_ID)->SCOPEDCONTENT(ID)
169865 [main] DEBUG org.dbunit.util.search.Edge  - compareTo(o=SCOPEDCONTENTCONDITIONS_SCOPEDCONTENT(SCOPED_CONTENT_ID)->SCOPEDCONTENT(ID)) - start
169865 [main] DEBUG org.dbunit.util.QualifiedTableName  - getQualifiedNameIfEnabled(config=org.dbunit.database.DatabaseConfig[, _propertyMap={http://www.dbunit.org/properties/statementFactory=org.dbunit.database.statement.PreparedStatementFactory@626bc2b8, http://www.dbunit.org/features/caseSensitiveTableNames=false, http://www.dbunit.org/properties/fetchSize=100, http://www.dbunit.org/features/batchedStatements=false, http://www.dbunit.org/properties/metadataHandler=org.dbunit.database.DefaultMetadataHandler@62baffef, http://www.dbunit.org/properties/datatypeFactory=org.dbunit.dataset.datatype.DefaultDataTypeFactory[_toleratedDeltaMap=org.dbunit.dataset.datatype.ToleratedDeltaMap@6452310a], http://www.dbunit.org/properties/escapePattern=null, http://www.dbunit.org/properties/batchSize=100, http://www.dbunit.org/features/qualifiedTableNames=false, http://www.dbunit.org/properties/tableType=[Ljava.lang.String;@5011bafa, http://www.dbunit.org/properties/resultSetTableFactory=org.dbunit.database.CachedResultSetTableFactory@10bcf083, http://www.dbunit.org/features/datatypeWarning=true}]) - start
169865 [main] TRACE org.dbunit.database.DatabaseConfig  - getFeature(name=http://www.dbunit.org/features/qualifiedTableNames) - start
169865 [main] TRACE org.dbunit.database.DatabaseConfig  - getProperty(name=http://www.dbunit.org/features/qualifiedTableNames) - start
169865 [main] DEBUG org.dbunit.util.QualifiedTableName  - Qualified table names feature is disabled. Returning plain table name
169865 [main] DEBUG org.dbunit.util.QualifiedTableName  - getQualifiedName(prefix=null, name=SCOPEDCONTENT, escapePattern=null) - start
169865 [main] DEBUG org.dbunit.util.QualifiedTableName  - getQualifiedNameIfEnabled(config=org.dbunit.database.DatabaseConfig[, _propertyMap={http://www.dbunit.org/properties/statementFactory=org.dbunit.database.statement.PreparedStatementFactory@626bc2b8, http://www.dbunit.org/features/caseSensitiveTableNames=false, http://www.dbunit.org/properties/fetchSize=100, http://www.dbunit.org/features/batchedStatements=false, http://www.dbunit.org/properties/metadataHandler=org.dbunit.database.DefaultMetadataHandler@62baffef, http://www.dbunit.org/properties/datatypeFactory=org.dbunit.dataset.datatype.DefaultDataTypeFactory[_toleratedDeltaMap=org.dbunit.dataset.datatype.ToleratedDeltaMap@6452310a], http://www.dbunit.org/properties/escapePattern=null, http://www.dbunit.org/properties/batchSize=100, http://www.dbunit.org/features/qualifiedTableNames=false, http://www.dbunit.org/properties/tableType=[Ljava.lang.String;@5011bafa, http://www.dbunit.org/properties/resultSetTableFactory=org.dbunit.database.CachedResultSetTableFactory@10bcf083, http://www.dbunit.org/features/datatypeWarning=true}]) - start
169865 [main] TRACE org.dbunit.database.DatabaseConfig  - getFeature(name=http://www.dbunit.org/features/qualifiedTableNames) - start
169865 [main] TRACE org.dbunit.database.DatabaseConfig  - getProperty(name=http://www.dbunit.org/features/qualifiedTableNames) - start
169865 [main] DEBUG org.dbunit.util.QualifiedTableName  - Qualified table names feature is disabled. Returning plain table name
169865 [main] DEBUG org.dbunit.util.QualifiedTableName  - getQualifiedName(prefix=null, name=SCOPEDCONTENT_SCOPEDCONTENTITEM, escapePattern=null) - start
169865 [main] DEBUG org.dbunit.database.search.AbstractMetaDataBasedSearchCallback  - newEdge(rs=org.apache.commons.dbcp.DelegatingResultSet@529fdb49, type=1, from=SCOPEDCONTENT, to=SCOPEDCONTENT_SCOPEDCONTENTITEM, fkColumn=SCOPED_CONTENT_ITEM_ID, pkColumn=ID) - start
169865 [main] DEBUG org.dbunit.database.search.AbstractMetaDataBasedSearchCallback  - createFKEdge(rs=org.apache.commons.dbcp.DelegatingResultSet@529fdb49, type=1, from=SCOPEDCONTENT, to=SCOPEDCONTENT_SCOPEDCONTENTITEM, fkColumn=SCOPED_CONTENT_ITEM_ID, pkColumn=ID) - start
169865 [main] DEBUG org.dbunit.database.search.AbstractMetaDataBasedSearchCallback  - Adding edge SCOPEDCONTENT_SCOPEDCONTENTITEM(SCOPED_CONTENT_ITEM_ID)->SCOPEDCONTENT(ID)
169866 [main] DEBUG org.dbunit.util.search.Edge  - compareTo(o=SCOPEDCONTENTCONDITIONS_SCOPEDCONTENT(SCOPED_CONTENT_ID)->SCOPEDCONTENT(ID)) - start
169866 [main] DEBUG org.dbunit.util.SQLHelper  - close(resultSet=org.apache.commons.dbcp.DelegatingResultSet@529fdb49) - start
169866 [main] DEBUG org.dbunit.util.search.DepthFirstSearch  - reverseSearch:SCOPEDCONTENTCONDITIONS_SCOPEDCONTENT
169866 [main] DEBUG org.dbunit.database.search.ExportedKeysSearchCallback  - searchNode(node=SCOPEDCONTENTCONDITIONS_SCOPEDCONTENT) - start
169866 [main] DEBUG org.dbunit.util.search.DepthFirstSearch  - Pushing (reverse) SCOPEDCONTENTCONDITIONS_SCOPEDCONTENT
169866 [main] DEBUG org.dbunit.database.search.ExportedKeysSearchCallback  - getEdges(node=SCOPEDCONTENTCONDITIONS_SCOPEDCONTENT) - start
169866 [main] DEBUG org.dbunit.database.search.AbstractMetaDataBasedSearchCallback  - getNodesFromExportedKeys(node=SCOPEDCONTENTCONDITIONS_SCOPEDCONTENT) - start
169866 [main] DEBUG org.dbunit.database.search.AbstractMetaDataBasedSearchCallback  - getNodes(type=1, node=SCOPEDCONTENTCONDITIONS_SCOPEDCONTENT) - start
169866 [main] DEBUG org.dbunit.database.DatabaseDataSourceConnection  - getConnection() - start
169866 [main] DEBUG org.dbunit.database.search.AbstractMetaDataBasedSearchCallback  - getNodes(type=1, node=SCOPEDCONTENTCONDITIONS_SCOPEDCONTENT, conn=Transaction-aware proxy for target Connection [jdbc:hsqldb:mem:kontrollDS, UserName=sw, HSQL Database Engine Driver], schema=null, metaData=org.apache.commons.dbcp.DelegatingDatabaseMetaData@7cf5bfff, edges=[]) - start
169866 [main] DEBUG org.dbunit.database.search.AbstractMetaDataBasedSearchCallback  - Getting edges for node SCOPEDCONTENTCONDITIONS_SCOPEDCONTENT
169866 [main] TRACE org.dbunit.database.DatabaseConfig  - getProperty(name=http://www.dbunit.org/properties/metadataHandler) - start
169866 [main] TRACE org.dbunit.database.DefaultMetadataHandler  - tableExists(metaData=org.apache.commons.dbcp.DelegatingDatabaseMetaData@7cf5bfff, schemaName=null, tableName=SCOPEDCONTENTCONDITIONS_SCOPEDCONTENT) - start
169867 [main] DEBUG org.dbunit.util.SQLHelper  - close(resultSet=org.apache.commons.dbcp.DelegatingResultSet@50736176) - start
169867 [main] DEBUG org.dbunit.util.SQLHelper  - close(resultSet=org.apache.commons.dbcp.DelegatingResultSet@43ec8e37) - start
169867 [main] DEBUG org.dbunit.util.search.DepthFirstSearch  - reverseSearch:SCOPEDCONTENT_SCOPEDCONTENTITEM
169867 [main] DEBUG org.dbunit.database.search.ExportedKeysSearchCallback  - searchNode(node=SCOPEDCONTENT_SCOPEDCONTENTITEM) - start
169867 [main] DEBUG org.dbunit.util.search.DepthFirstSearch  - Pushing (reverse) SCOPEDCONTENT_SCOPEDCONTENTITEM
169868 [main] DEBUG org.dbunit.database.search.ExportedKeysSearchCallback  - getEdges(node=SCOPEDCONTENT_SCOPEDCONTENTITEM) - start
169868 [main] DEBUG org.dbunit.database.search.AbstractMetaDataBasedSearchCallback  - getNodesFromExportedKeys(node=SCOPEDCONTENT_SCOPEDCONTENTITEM) - start
169868 [main] DEBUG org.dbunit.database.search.AbstractMetaDataBasedSearchCallback  - getNodes(type=1, node=SCOPEDCONTENT_SCOPEDCONTENTITEM) - start
169868 [main] DEBUG org.dbunit.database.DatabaseDataSourceConnection  - getConnection() - start
169868 [main] DEBUG org.dbunit.database.search.AbstractMetaDataBasedSearchCallback  - getNodes(type=1, node=SCOPEDCONTENT_SCOPEDCONTENTITEM, conn=Transaction-aware proxy for target Connection [jdbc:hsqldb:mem:kontrollDS, UserName=sw, HSQL Database Engine Driver], schema=null, metaData=org.apache.commons.dbcp.DelegatingDatabaseMetaData@5f6cdfb7, edges=[]) - start
169868 [main] DEBUG org.dbunit.database.search.AbstractMetaDataBasedSearchCallback  - Getting edges for node SCOPEDCONTENT_SCOPEDCONTENTITEM
169868 [main] TRACE org.dbunit.database.DatabaseConfig  - getProperty(name=http://www.dbunit.org/properties/metadataHandler) - start
169868 [main] TRACE org.dbunit.database.DefaultMetadataHandler  - tableExists(metaData=org.apache.commons.dbcp.DelegatingDatabaseMetaData@5f6cdfb7, schemaName=null, tableName=SCOPEDCONTENT_SCOPEDCONTENTITEM) - start
169869 [main] DEBUG org.dbunit.util.SQLHelper  - close(resultSet=org.apache.commons.dbcp.DelegatingResultSet@7fb56334) - start
169869 [main] DEBUG org.dbunit.util.SQLHelper  - close(resultSet=org.apache.commons.dbcp.DelegatingResultSet@1080966b) - start
169869 [main] DEBUG org.dbunit.util.search.DepthFirstSearch  - reverseSearch:SCOPE_REQUESTCONTEXT
169869 [main] DEBUG org.dbunit.database.search.ExportedKeysSearchCallback  - searchNode(node=SCOPE_REQUESTCONTEXT) - start
169869 [main] DEBUG org.dbunit.util.search.DepthFirstSearch  - Pushing (reverse) SCOPE_REQUESTCONTEXT
169869 [main] DEBUG org.dbunit.database.search.ExportedKeysSearchCallback  - getEdges(node=SCOPE_REQUESTCONTEXT) - start
169869 [main] DEBUG org.dbunit.database.search.AbstractMetaDataBasedSearchCallback  - getNodesFromExportedKeys(node=SCOPE_REQUESTCONTEXT) - start
169869 [main] DEBUG org.dbunit.database.search.AbstractMetaDataBasedSearchCallback  - getNodes(type=1, node=SCOPE_REQUESTCONTEXT) - start
169869 [main] DEBUG org.dbunit.database.DatabaseDataSourceConnection  - getConnection() - start
169869 [main] DEBUG org.dbunit.database.search.AbstractMetaDataBasedSearchCallback  - getNodes(type=1, node=SCOPE_REQUESTCONTEXT, conn=Transaction-aware proxy for target Connection [jdbc:hsqldb:mem:kontrollDS, UserName=sw, HSQL Database Engine Driver], schema=null, metaData=org.apache.commons.dbcp.DelegatingDatabaseMetaData@6a135343, edges=[]) - start
169869 [main] DEBUG org.dbunit.database.search.AbstractMetaDataBasedSearchCallback  - Getting edges for node SCOPE_REQUESTCONTEXT
169869 [main] TRACE org.dbunit.database.DatabaseConfig  - getProperty(name=http://www.dbunit.org/properties/metadataHandler) - start
169869 [main] TRACE org.dbunit.database.DefaultMetadataHandler  - tableExists(metaData=org.apache.commons.dbcp.DelegatingDatabaseMetaData@6a135343, schemaName=null, tableName=SCOPE_REQUESTCONTEXT) - start
169870 [main] DEBUG org.dbunit.util.SQLHelper  - close(resultSet=org.apache.commons.dbcp.DelegatingResultSet@150483a3) - start
169871 [main] DEBUG org.dbunit.util.SQLHelper  - close(resultSet=org.apache.commons.dbcp.DelegatingResultSet@c189821) - start
169871 [main] DEBUG org.dbunit.util.search.DepthFirstSearch  - search:SCOPEDCONTENTCONDITIONS_SCOPEDCONTENT
169871 [main] DEBUG org.dbunit.database.search.ExportedKeysSearchCallback  - searchNode(node=SCOPEDCONTENTCONDITIONS_SCOPEDCONTENT) - start
169871 [main] DEBUG org.dbunit.util.search.DepthFirstSearch  - Pushing SCOPEDCONTENTCONDITIONS_SCOPEDCONTENT
169871 [main] DEBUG org.dbunit.database.search.ExportedKeysSearchCallback  - getEdges(node=SCOPEDCONTENTCONDITIONS_SCOPEDCONTENT) - start
169871 [main] DEBUG org.dbunit.database.search.AbstractMetaDataBasedSearchCallback  - getNodesFromExportedKeys(node=SCOPEDCONTENTCONDITIONS_SCOPEDCONTENT) - start
169871 [main] DEBUG org.dbunit.database.search.AbstractMetaDataBasedSearchCallback  - getNodes(type=1, node=SCOPEDCONTENTCONDITIONS_SCOPEDCONTENT) - start
169871 [main] DEBUG org.dbunit.database.DatabaseDataSourceConnection  - getConnection() - start
169871 [main] DEBUG org.dbunit.database.search.AbstractMetaDataBasedSearchCallback  - getNodes(type=1, node=SCOPEDCONTENTCONDITIONS_SCOPEDCONTENT, conn=Transaction-aware proxy for target Connection [jdbc:hsqldb:mem:kontrollDS, UserName=sw, HSQL Database Engine Driver], schema=null, metaData=org.apache.commons.dbcp.DelegatingDatabaseMetaData@22aba4bb, edges=[]) - start
169871 [main] DEBUG org.dbunit.database.search.AbstractMetaDataBasedSearchCallback  - Getting edges for node SCOPEDCONTENTCONDITIONS_SCOPEDCONTENT
169871 [main] TRACE org.dbunit.database.DatabaseConfig  - getProperty(name=http://www.dbunit.org/properties/metadataHandler) - start
169871 [main] TRACE org.dbunit.database.DefaultMetadataHandler  - tableExists(metaData=org.apache.commons.dbcp.DelegatingDatabaseMetaData@22aba4bb, schemaName=null, tableName=SCOPEDCONTENTCONDITIONS_SCOPEDCONTENT) - start
169872 [main] DEBUG org.dbunit.util.SQLHelper  - close(resultSet=org.apache.commons.dbcp.DelegatingResultSet@6fc9ed90) - start
169872 [main] DEBUG org.dbunit.util.SQLHelper  - close(resultSet=org.apache.commons.dbcp.DelegatingResultSet@21ff9b55) - start
169872 [main] DEBUG org.dbunit.util.search.DepthFirstSearch  - Adding node SCOPEDCONTENTCONDITIONS_SCOPEDCONTENT to the final result
169872 [main] DEBUG org.dbunit.util.search.DepthFirstSearch  - search:SCOPEDCONTENT_SCOPEDCONTENTITEM
169872 [main] DEBUG org.dbunit.database.search.ExportedKeysSearchCallback  - searchNode(node=SCOPEDCONTENT_SCOPEDCONTENTITEM) - start
169872 [main] DEBUG org.dbunit.util.search.DepthFirstSearch  - Pushing SCOPEDCONTENT_SCOPEDCONTENTITEM
169872 [main] DEBUG org.dbunit.database.search.ExportedKeysSearchCallback  - getEdges(node=SCOPEDCONTENT_SCOPEDCONTENTITEM) - start
169872 [main] DEBUG org.dbunit.database.search.AbstractMetaDataBasedSearchCallback  - getNodesFromExportedKeys(node=SCOPEDCONTENT_SCOPEDCONTENTITEM) - start
169873 [main] DEBUG org.dbunit.database.search.AbstractMetaDataBasedSearchCallback  - getNodes(type=1, node=SCOPEDCONTENT_SCOPEDCONTENTITEM) - start
169873 [main] DEBUG org.dbunit.database.DatabaseDataSourceConnection  - getConnection() - start
169873 [main] DEBUG org.dbunit.database.search.AbstractMetaDataBasedSearchCallback  - getNodes(type=1, node=SCOPEDCONTENT_SCOPEDCONTENTITEM, conn=Transaction-aware proxy for target Connection [jdbc:hsqldb:mem:kontrollDS, UserName=sw, HSQL Database Engine Driver], schema=null, metaData=org.apache.commons.dbcp.DelegatingDatabaseMetaData@142efae3, edges=[]) - start
169873 [main] DEBUG org.dbunit.database.search.AbstractMetaDataBasedSearchCallback  - Getting edges for node SCOPEDCONTENT_SCOPEDCONTENTITEM
169873 [main] TRACE org.dbunit.database.DatabaseConfig  - getProperty(name=http://www.dbunit.org/properties/metadataHandler) - start
169873 [main] TRACE org.dbunit.database.DefaultMetadataHandler  - tableExists(metaData=org.apache.commons.dbcp.DelegatingDatabaseMetaData@142efae3, schemaName=null, tableName=SCOPEDCONTENT_SCOPEDCONTENTITEM) - start
169874 [main] DEBUG org.dbunit.util.SQLHelper  - close(resultSet=org.apache.commons.dbcp.DelegatingResultSet@117b44e6) - start
169874 [main] DEBUG org.dbunit.util.SQLHelper  - close(resultSet=org.apache.commons.dbcp.DelegatingResultSet@5d38a346) - start
169874 [main] DEBUG org.dbunit.util.search.DepthFirstSearch  - Adding node SCOPEDCONTENT_SCOPEDCONTENTITEM to the final result
169874 [main] DEBUG org.dbunit.util.search.DepthFirstSearch  - search:SCOPEDCONTENT
169874 [main] DEBUG org.dbunit.database.search.ExportedKeysSearchCallback  - searchNode(node=SCOPEDCONTENT) - start
169874 [main] DEBUG org.dbunit.util.search.DepthFirstSearch  - Pushing SCOPEDCONTENT
169874 [main] DEBUG org.dbunit.database.search.ExportedKeysSearchCallback  - getEdges(node=SCOPEDCONTENT) - start
169874 [main] DEBUG org.dbunit.database.search.AbstractMetaDataBasedSearchCallback  - getNodesFromExportedKeys(node=SCOPEDCONTENT) - start
169874 [main] DEBUG org.dbunit.database.search.AbstractMetaDataBasedSearchCallback  - getNodes(type=1, node=SCOPEDCONTENT) - start
169874 [main] DEBUG org.dbunit.database.DatabaseDataSourceConnection  - getConnection() - start
169874 [main] DEBUG org.dbunit.database.search.AbstractMetaDataBasedSearchCallback  - getNodes(type=1, node=SCOPEDCONTENT, conn=Transaction-aware proxy for target Connection [jdbc:hsqldb:mem:kontrollDS, UserName=sw, HSQL Database Engine Driver], schema=null, metaData=org.apache.commons.dbcp.DelegatingDatabaseMetaData@3167787a, edges=[]) - start
169874 [main] DEBUG org.dbunit.database.search.AbstractMetaDataBasedSearchCallback  - Getting edges for node SCOPEDCONTENT
169874 [main] TRACE org.dbunit.database.DatabaseConfig  - getProperty(name=http://www.dbunit.org/properties/metadataHandler) - start
169874 [main] TRACE org.dbunit.database.DefaultMetadataHandler  - tableExists(metaData=org.apache.commons.dbcp.DelegatingDatabaseMetaData@3167787a, schemaName=null, tableName=SCOPEDCONTENT) - start
169875 [main] DEBUG org.dbunit.util.SQLHelper  - close(resultSet=org.apache.commons.dbcp.DelegatingResultSet@502fada6) - start
169876 [main] DEBUG org.dbunit.util.QualifiedTableName  - getQualifiedNameIfEnabled(config=org.dbunit.database.DatabaseConfig[, _propertyMap={http://www.dbunit.org/properties/statementFactory=org.dbunit.database.statement.PreparedStatementFactory@626bc2b8, http://www.dbunit.org/features/caseSensitiveTableNames=false, http://www.dbunit.org/properties/fetchSize=100, http://www.dbunit.org/features/batchedStatements=false, http://www.dbunit.org/properties/metadataHandler=org.dbunit.database.DefaultMetadataHandler@62baffef, http://www.dbunit.org/properties/datatypeFactory=org.dbunit.dataset.datatype.DefaultDataTypeFactory[_toleratedDeltaMap=org.dbunit.dataset.datatype.ToleratedDeltaMap@6452310a], http://www.dbunit.org/properties/escapePattern=null, http://www.dbunit.org/properties/batchSize=100, http://www.dbunit.org/features/qualifiedTableNames=false, http://www.dbunit.org/properties/tableType=[Ljava.lang.String;@5011bafa, http://www.dbunit.org/properties/resultSetTableFactory=org.dbunit.database.CachedResultSetTableFactory@10bcf083, http://www.dbunit.org/features/datatypeWarning=true}]) - start
169876 [main] TRACE org.dbunit.database.DatabaseConfig  - getFeature(name=http://www.dbunit.org/features/qualifiedTableNames) - start
169876 [main] TRACE org.dbunit.database.DatabaseConfig  - getProperty(name=http://www.dbunit.org/features/qualifiedTableNames) - start
169876 [main] DEBUG org.dbunit.util.QualifiedTableName  - Qualified table names feature is disabled. Returning plain table name
169876 [main] DEBUG org.dbunit.util.QualifiedTableName  - getQualifiedName(prefix=null, name=SCOPEDCONTENT, escapePattern=null) - start
169876 [main] DEBUG org.dbunit.util.QualifiedTableName  - getQualifiedNameIfEnabled(config=org.dbunit.database.DatabaseConfig[, _propertyMap={http://www.dbunit.org/properties/statementFactory=org.dbunit.database.statement.PreparedStatementFactory@626bc2b8, http://www.dbunit.org/features/caseSensitiveTableNames=false, http://www.dbunit.org/properties/fetchSize=100, http://www.dbunit.org/features/batchedStatements=false, http://www.dbunit.org/properties/metadataHandler=org.dbunit.database.DefaultMetadataHandler@62baffef, http://www.dbunit.org/properties/datatypeFactory=org.dbunit.dataset.datatype.DefaultDataTypeFactory[_toleratedDeltaMap=org.dbunit.dataset.datatype.ToleratedDeltaMap@6452310a], http://www.dbunit.org/properties/escapePattern=null, http://www.dbunit.org/properties/batchSize=100, http://www.dbunit.org/features/qualifiedTableNames=false, http://www.dbunit.org/properties/tableType=[Ljava.lang.String;@5011bafa, http://www.dbunit.org/properties/resultSetTableFactory=org.dbunit.database.CachedResultSetTableFactory@10bcf083, http://www.dbunit.org/features/datatypeWarning=true}]) - start
169876 [main] TRACE org.dbunit.database.DatabaseConfig  - getFeature(name=http://www.dbunit.org/features/qualifiedTableNames) - start
169876 [main] TRACE org.dbunit.database.DatabaseConfig  - getProperty(name=http://www.dbunit.org/features/qualifiedTableNames) - start
169876 [main] DEBUG org.dbunit.util.QualifiedTableName  - Qualified table names feature is disabled. Returning plain table name
169876 [main] DEBUG org.dbunit.util.QualifiedTableName  - getQualifiedName(prefix=null, name=SCOPEDCONTENTCONDITIONS_SCOPEDCONTENT, escapePattern=null) - start
169876 [main] DEBUG org.dbunit.database.search.AbstractMetaDataBasedSearchCallback  - newEdge(rs=org.apache.commons.dbcp.DelegatingResultSet@5d8a3f9d, type=1, from=SCOPEDCONTENT, to=SCOPEDCONTENTCONDITIONS_SCOPEDCONTENT, fkColumn=SCOPED_CONTENT_ID, pkColumn=ID) - start
169876 [main] DEBUG org.dbunit.database.search.AbstractMetaDataBasedSearchCallback  - createFKEdge(rs=org.apache.commons.dbcp.DelegatingResultSet@5d8a3f9d, type=1, from=SCOPEDCONTENT, to=SCOPEDCONTENTCONDITIONS_SCOPEDCONTENT, fkColumn=SCOPED_CONTENT_ID, pkColumn=ID) - start
169876 [main] DEBUG org.dbunit.database.search.AbstractMetaDataBasedSearchCallback  - Adding edge SCOPEDCONTENTCONDITIONS_SCOPEDCONTENT(SCOPED_CONTENT_ID)->SCOPEDCONTENT(ID)
169877 [main] DEBUG org.dbunit.util.search.Edge  - compareTo(o=SCOPEDCONTENTCONDITIONS_SCOPEDCONTENT(SCOPED_CONTENT_ID)->SCOPEDCONTENT(ID)) - start
169877 [main] DEBUG org.dbunit.util.QualifiedTableName  - getQualifiedNameIfEnabled(config=org.dbunit.database.DatabaseConfig[, _propertyMap={http://www.dbunit.org/properties/statementFactory=org.dbunit.database.statement.PreparedStatementFactory@626bc2b8, http://www.dbunit.org/features/caseSensitiveTableNames=false, http://www.dbunit.org/properties/fetchSize=100, http://www.dbunit.org/features/batchedStatements=false, http://www.dbunit.org/properties/metadataHandler=org.dbunit.database.DefaultMetadataHandler@62baffef, http://www.dbunit.org/properties/datatypeFactory=org.dbunit.dataset.datatype.DefaultDataTypeFactory[_toleratedDeltaMap=org.dbunit.dataset.datatype.ToleratedDeltaMap@6452310a], http://www.dbunit.org/properties/escapePattern=null, http://www.dbunit.org/properties/batchSize=100, http://www.dbunit.org/features/qualifiedTableNames=false, http://www.dbunit.org/properties/tableType=[Ljava.lang.String;@5011bafa, http://www.dbunit.org/properties/resultSetTableFactory=org.dbunit.database.CachedResultSetTableFactory@10bcf083, http://www.dbunit.org/features/datatypeWarning=true}]) - start
169877 [main] TRACE org.dbunit.database.DatabaseConfig  - getFeature(name=http://www.dbunit.org/features/qualifiedTableNames) - start
169877 [main] TRACE org.dbunit.database.DatabaseConfig  - getProperty(name=http://www.dbunit.org/features/qualifiedTableNames) - start
169877 [main] DEBUG org.dbunit.util.QualifiedTableName  - Qualified table names feature is disabled. Returning plain table name
169877 [main] DEBUG org.dbunit.util.QualifiedTableName  - getQualifiedName(prefix=null, name=SCOPEDCONTENT, escapePattern=null) - start
169877 [main] DEBUG org.dbunit.util.QualifiedTableName  - getQualifiedNameIfEnabled(config=org.dbunit.database.DatabaseConfig[, _propertyMap={http://www.dbunit.org/properties/statementFactory=org.dbunit.database.statement.PreparedStatementFactory@626bc2b8, http://www.dbunit.org/features/caseSensitiveTableNames=false, http://www.dbunit.org/properties/fetchSize=100, http://www.dbunit.org/features/batchedStatements=false, http://www.dbunit.org/properties/metadataHandler=org.dbunit.database.DefaultMetadataHandler@62baffef, http://www.dbunit.org/properties/datatypeFactory=org.dbunit.dataset.datatype.DefaultDataTypeFactory[_toleratedDeltaMap=org.dbunit.dataset.datatype.ToleratedDeltaMap@6452310a], http://www.dbunit.org/properties/escapePattern=null, http://www.dbunit.org/properties/batchSize=100, http://www.dbunit.org/features/qualifiedTableNames=false, http://www.dbunit.org/properties/tableType=[Ljava.lang.String;@5011bafa, http://www.dbunit.org/properties/resultSetTableFactory=org.dbunit.database.CachedResultSetTableFactory@10bcf083, http://www.dbunit.org/features/datatypeWarning=true}]) - start
169877 [main] TRACE org.dbunit.database.DatabaseConfig  - getFeature(name=http://www.dbunit.org/features/qualifiedTableNames) - start
169877 [main] TRACE org.dbunit.database.DatabaseConfig  - getProperty(name=http://www.dbunit.org/features/qualifiedTableNames) - start
169877 [main] DEBUG org.dbunit.util.QualifiedTableName  - Qualified table names feature is disabled. Returning plain table name
169877 [main] DEBUG org.dbunit.util.QualifiedTableName  - getQualifiedName(prefix=null, name=SCOPEDCONTENT_SCOPEDCONTENTITEM, escapePattern=null) - start
169877 [main] DEBUG org.dbunit.database.search.AbstractMetaDataBasedSearchCallback  - newEdge(rs=org.apache.commons.dbcp.DelegatingResultSet@5d8a3f9d, type=1, from=SCOPEDCONTENT, to=SCOPEDCONTENT_SCOPEDCONTENTITEM, fkColumn=SCOPED_CONTENT_ITEM_ID, pkColumn=ID) - start
169877 [main] DEBUG org.dbunit.database.search.AbstractMetaDataBasedSearchCallback  - createFKEdge(rs=org.apache.commons.dbcp.DelegatingResultSet@5d8a3f9d, type=1, from=SCOPEDCONTENT, to=SCOPEDCONTENT_SCOPEDCONTENTITEM, fkColumn=SCOPED_CONTENT_ITEM_ID, pkColumn=ID) - start
169877 [main] DEBUG org.dbunit.database.search.AbstractMetaDataBasedSearchCallback  - Adding edge SCOPEDCONTENT_SCOPEDCONTENTITEM(SCOPED_CONTENT_ITEM_ID)->SCOPEDCONTENT(ID)
169877 [main] DEBUG org.dbunit.util.search.Edge  - compareTo(o=SCOPEDCONTENTCONDITIONS_SCOPEDCONTENT(SCOPED_CONTENT_ID)->SCOPEDCONTENT(ID)) - start
169877 [main] DEBUG org.dbunit.util.SQLHelper  - close(resultSet=org.apache.commons.dbcp.DelegatingResultSet@5d8a3f9d) - start
169877 [main] DEBUG org.dbunit.util.search.DepthFirstSearch  - search:SCOPEDCONTENT
169877 [main] DEBUG org.dbunit.util.search.DepthFirstSearch  - already searched; returning true
169877 [main] DEBUG org.dbunit.util.search.DepthFirstSearch  - search:SCOPEDCONTENT
169877 [main] DEBUG org.dbunit.util.search.DepthFirstSearch  - already searched; returning true
169877 [main] DEBUG org.dbunit.util.search.DepthFirstSearch  - Adding node SCOPEDCONTENT to the final result
169877 [main] DEBUG org.dbunit.util.search.DepthFirstSearch  - search:SCOPE_REQUESTCONTEXT
169877 [main] DEBUG org.dbunit.database.search.ExportedKeysSearchCallback  - searchNode(node=SCOPE_REQUESTCONTEXT) - start
169877 [main] DEBUG org.dbunit.util.search.DepthFirstSearch  - Pushing SCOPE_REQUESTCONTEXT
169877 [main] DEBUG org.dbunit.database.search.ExportedKeysSearchCallback  - getEdges(node=SCOPE_REQUESTCONTEXT) - start
169877 [main] DEBUG org.dbunit.database.search.AbstractMetaDataBasedSearchCallback  - getNodesFromExportedKeys(node=SCOPE_REQUESTCONTEXT) - start
169878 [main] DEBUG org.dbunit.database.search.AbstractMetaDataBasedSearchCallback  - getNodes(type=1, node=SCOPE_REQUESTCONTEXT) - start
169878 [main] DEBUG org.dbunit.database.DatabaseDataSourceConnection  - getConnection() - start
169878 [main] DEBUG org.dbunit.database.search.AbstractMetaDataBasedSearchCallback  - getNodes(type=1, node=SCOPE_REQUESTCONTEXT, conn=Transaction-aware proxy for target Connection [jdbc:hsqldb:mem:kontrollDS, UserName=sw, HSQL Database Engine Driver], schema=null, metaData=org.apache.commons.dbcp.DelegatingDatabaseMetaData@1f568c65, edges=[]) - start
169878 [main] DEBUG org.dbunit.database.search.AbstractMetaDataBasedSearchCallback  - Getting edges for node SCOPE_REQUESTCONTEXT
169878 [main] TRACE org.dbunit.database.DatabaseConfig  - getProperty(name=http://www.dbunit.org/properties/metadataHandler) - start
169878 [main] TRACE org.dbunit.database.DefaultMetadataHandler  - tableExists(metaData=org.apache.commons.dbcp.DelegatingDatabaseMetaData@1f568c65, schemaName=null, tableName=SCOPE_REQUESTCONTEXT) - start
169879 [main] DEBUG org.dbunit.util.SQLHelper  - close(resultSet=org.apache.commons.dbcp.DelegatingResultSet@4cd651c2) - start
169880 [main] DEBUG org.dbunit.util.SQLHelper  - close(resultSet=org.apache.commons.dbcp.DelegatingResultSet@66904f8c) - start
169880 [main] DEBUG org.dbunit.util.search.DepthFirstSearch  - Adding node SCOPE_REQUESTCONTEXT to the final result
169880 [main] DEBUG org.dbunit.util.search.DepthFirstSearch  - search:SCOPE
169880 [main] DEBUG org.dbunit.database.search.ExportedKeysSearchCallback  - searchNode(node=SCOPE) - start
169880 [main] DEBUG org.dbunit.util.search.DepthFirstSearch  - Pushing SCOPE
169880 [main] DEBUG org.dbunit.database.search.ExportedKeysSearchCallback  - getEdges(node=SCOPE) - start
169880 [main] DEBUG org.dbunit.database.search.AbstractMetaDataBasedSearchCallback  - getNodesFromExportedKeys(node=SCOPE) - start
169880 [main] DEBUG org.dbunit.database.search.AbstractMetaDataBasedSearchCallback  - getNodes(type=1, node=SCOPE) - start
169880 [main] DEBUG org.dbunit.database.DatabaseDataSourceConnection  - getConnection() - start
169880 [main] DEBUG org.dbunit.database.search.AbstractMetaDataBasedSearchCallback  - getNodes(type=1, node=SCOPE, conn=Transaction-aware proxy for target Connection [jdbc:hsqldb:mem:kontrollDS, UserName=sw, HSQL Database Engine Driver], schema=null, metaData=org.apache.commons.dbcp.DelegatingDatabaseMetaData@c56a4ef, edges=[]) - start
169880 [main] DEBUG org.dbunit.database.search.AbstractMetaDataBasedSearchCallback  - Getting edges for node SCOPE
169880 [main] TRACE org.dbunit.database.DatabaseConfig  - getProperty(name=http://www.dbunit.org/properties/metadataHandler) - start
169880 [main] TRACE org.dbunit.database.DefaultMetadataHandler  - tableExists(metaData=org.apache.commons.dbcp.DelegatingDatabaseMetaData@c56a4ef, schemaName=null, tableName=SCOPE) - start
169881 [main] DEBUG org.dbunit.util.SQLHelper  - close(resultSet=org.apache.commons.dbcp.DelegatingResultSet@1058e627) - start
169881 [main] DEBUG org.dbunit.util.QualifiedTableName  - getQualifiedNameIfEnabled(config=org.dbunit.database.DatabaseConfig[, _propertyMap={http://www.dbunit.org/properties/statementFactory=org.dbunit.database.statement.PreparedStatementFactory@626bc2b8, http://www.dbunit.org/features/caseSensitiveTableNames=false, http://www.dbunit.org/properties/fetchSize=100, http://www.dbunit.org/features/batchedStatements=false, http://www.dbunit.org/properties/metadataHandler=org.dbunit.database.DefaultMetadataHandler@62baffef, http://www.dbunit.org/properties/datatypeFactory=org.dbunit.dataset.datatype.DefaultDataTypeFactory[_toleratedDeltaMap=org.dbunit.dataset.datatype.ToleratedDeltaMap@6452310a], http://www.dbunit.org/properties/escapePattern=null, http://www.dbunit.org/properties/batchSize=100, http://www.dbunit.org/features/qualifiedTableNames=false, http://www.dbunit.org/properties/tableType=[Ljava.lang.String;@5011bafa, http://www.dbunit.org/properties/resultSetTableFactory=org.dbunit.database.CachedResultSetTableFactory@10bcf083, http://www.dbunit.org/features/datatypeWarning=true}]) - start
169881 [main] TRACE org.dbunit.database.DatabaseConfig  - getFeature(name=http://www.dbunit.org/features/qualifiedTableNames) - start
169881 [main] TRACE org.dbunit.database.DatabaseConfig  - getProperty(name=http://www.dbunit.org/features/qualifiedTableNames) - start
169881 [main] DEBUG org.dbunit.util.QualifiedTableName  - Qualified table names feature is disabled. Returning plain table name
169881 [main] DEBUG org.dbunit.util.QualifiedTableName  - getQualifiedName(prefix=null, name=SCOPE, escapePattern=null) - start
169882 [main] DEBUG org.dbunit.util.QualifiedTableName  - getQualifiedNameIfEnabled(config=org.dbunit.database.DatabaseConfig[, _propertyMap={http://www.dbunit.org/properties/statementFactory=org.dbunit.database.statement.PreparedStatementFactory@626bc2b8, http://www.dbunit.org/features/caseSensitiveTableNames=false, http://www.dbunit.org/properties/fetchSize=100, http://www.dbunit.org/features/batchedStatements=false, http://www.dbunit.org/properties/metadataHandler=org.dbunit.database.DefaultMetadataHandler@62baffef, http://www.dbunit.org/properties/datatypeFactory=org.dbunit.dataset.datatype.DefaultDataTypeFactory[_toleratedDeltaMap=org.dbunit.dataset.datatype.ToleratedDeltaMap@6452310a], http://www.dbunit.org/properties/escapePattern=null, http://www.dbunit.org/properties/batchSize=100, http://www.dbunit.org/features/qualifiedTableNames=false, http://www.dbunit.org/properties/tableType=[Ljava.lang.String;@5011bafa, http://www.dbunit.org/properties/resultSetTableFactory=org.dbunit.database.CachedResultSetTableFactory@10bcf083, http://www.dbunit.org/features/datatypeWarning=true}]) - start
169882 [main] TRACE org.dbunit.database.DatabaseConfig  - getFeature(name=http://www.dbunit.org/features/qualifiedTableNames) - start
169882 [main] TRACE org.dbunit.database.DatabaseConfig  - getProperty(name=http://www.dbunit.org/features/qualifiedTableNames) - start
169882 [main] DEBUG org.dbunit.util.QualifiedTableName  - Qualified table names feature is disabled. Returning plain table name
169882 [main] DEBUG org.dbunit.util.QualifiedTableName  - getQualifiedName(prefix=null, name=SCOPE_REQUESTCONTEXT, escapePattern=null) - start
169882 [main] DEBUG org.dbunit.database.search.AbstractMetaDataBasedSearchCallback  - newEdge(rs=org.apache.commons.dbcp.DelegatingResultSet@5e95f9a3, type=1, from=SCOPE, to=SCOPE_REQUESTCONTEXT, fkColumn=SCOPE_ID, pkColumn=ID) - start
169882 [main] DEBUG org.dbunit.database.search.AbstractMetaDataBasedSearchCallback  - createFKEdge(rs=org.apache.commons.dbcp.DelegatingResultSet@5e95f9a3, type=1, from=SCOPE, to=SCOPE_REQUESTCONTEXT, fkColumn=SCOPE_ID, pkColumn=ID) - start
169882 [main] DEBUG org.dbunit.database.search.AbstractMetaDataBasedSearchCallback  - Adding edge SCOPE_REQUESTCONTEXT(SCOPE_ID)->SCOPE(ID)
169882 [main] DEBUG org.dbunit.util.search.Edge  - compareTo(o=SCOPE_REQUESTCONTEXT(SCOPE_ID)->SCOPE(ID)) - start
169882 [main] DEBUG org.dbunit.util.QualifiedTableName  - getQualifiedNameIfEnabled(config=org.dbunit.database.DatabaseConfig[, _propertyMap={http://www.dbunit.org/properties/statementFactory=org.dbunit.database.statement.PreparedStatementFactory@626bc2b8, http://www.dbunit.org/features/caseSensitiveTableNames=false, http://www.dbunit.org/properties/fetchSize=100, http://www.dbunit.org/features/batchedStatements=false, http://www.dbunit.org/properties/metadataHandler=org.dbunit.database.DefaultMetadataHandler@62baffef, http://www.dbunit.org/properties/datatypeFactory=org.dbunit.dataset.datatype.DefaultDataTypeFactory[_toleratedDeltaMap=org.dbunit.dataset.datatype.ToleratedDeltaMap@6452310a], http://www.dbunit.org/properties/escapePattern=null, http://www.dbunit.org/properties/batchSize=100, http://www.dbunit.org/features/qualifiedTableNames=false, http://www.dbunit.org/properties/tableType=[Ljava.lang.String;@5011bafa, http://www.dbunit.org/properties/resultSetTableFactory=org.dbunit.database.CachedResultSetTableFactory@10bcf083, http://www.dbunit.org/features/datatypeWarning=true}]) - start
169882 [main] TRACE org.dbunit.database.DatabaseConfig  - getFeature(name=http://www.dbunit.org/features/qualifiedTableNames) - start
169882 [main] TRACE org.dbunit.database.DatabaseConfig  - getProperty(name=http://www.dbunit.org/features/qualifiedTableNames) - start
169882 [main] DEBUG org.dbunit.util.QualifiedTableName  - Qualified table names feature is disabled. Returning plain table name
169882 [main] DEBUG org.dbunit.util.QualifiedTableName  - getQualifiedName(prefix=null, name=SCOPE, escapePattern=null) - start
169882 [main] DEBUG org.dbunit.util.QualifiedTableName  - getQualifiedNameIfEnabled(config=org.dbunit.database.DatabaseConfig[, _propertyMap={http://www.dbunit.org/properties/statementFactory=org.dbunit.database.statement.PreparedStatementFactory@626bc2b8, http://www.dbunit.org/features/caseSensitiveTableNames=false, http://www.dbunit.org/properties/fetchSize=100, http://www.dbunit.org/features/batchedStatements=false, http://www.dbunit.org/properties/metadataHandler=org.dbunit.database.DefaultMetadataHandler@62baffef, http://www.dbunit.org/properties/datatypeFactory=org.dbunit.dataset.datatype.DefaultDataTypeFactory[_toleratedDeltaMap=org.dbunit.dataset.datatype.ToleratedDeltaMap@6452310a], http://www.dbunit.org/properties/escapePattern=null, http://www.dbunit.org/properties/batchSize=100, http://www.dbunit.org/features/qualifiedTableNames=false, http://www.dbunit.org/properties/tableType=[Ljava.lang.String;@5011bafa, http://www.dbunit.org/properties/resultSetTableFactory=org.dbunit.database.CachedResultSetTableFactory@10bcf083, http://www.dbunit.org/features/datatypeWarning=true}]) - start
169882 [main] TRACE org.dbunit.database.DatabaseConfig  - getFeature(name=http://www.dbunit.org/features/qualifiedTableNames) - start
169882 [main] TRACE org.dbunit.database.DatabaseConfig  - getProperty(name=http://www.dbunit.org/features/qualifiedTableNames) - start
169882 [main] DEBUG org.dbunit.util.QualifiedTableName  - Qualified table names feature is disabled. Returning plain table name
169882 [main] DEBUG org.dbunit.util.QualifiedTableName  - getQualifiedName(prefix=null, name=SCOPEDCONTENT, escapePattern=null) - start
169882 [main] DEBUG org.dbunit.database.search.AbstractMetaDataBasedSearchCallback  - newEdge(rs=org.apache.commons.dbcp.DelegatingResultSet@5e95f9a3, type=1, from=SCOPE, to=SCOPEDCONTENT, fkColumn=SCOPE, pkColumn=ID) - start
169882 [main] DEBUG org.dbunit.database.search.AbstractMetaDataBasedSearchCallback  - createFKEdge(rs=org.apache.commons.dbcp.DelegatingResultSet@5e95f9a3, type=1, from=SCOPE, to=SCOPEDCONTENT, fkColumn=SCOPE, pkColumn=ID) - start
169882 [main] DEBUG org.dbunit.database.search.AbstractMetaDataBasedSearchCallback  - Adding edge SCOPEDCONTENT(SCOPE)->SCOPE(ID)
169882 [main] DEBUG org.dbunit.util.search.Edge  - compareTo(o=SCOPE_REQUESTCONTEXT(SCOPE_ID)->SCOPE(ID)) - start
169882 [main] DEBUG org.dbunit.util.SQLHelper  - close(resultSet=org.apache.commons.dbcp.DelegatingResultSet@5e95f9a3) - start
169882 [main] DEBUG org.dbunit.util.search.DepthFirstSearch  - search:SCOPE
169882 [main] DEBUG org.dbunit.util.search.DepthFirstSearch  - already searched; returning true
169882 [main] DEBUG org.dbunit.util.search.DepthFirstSearch  - search:SCOPE
169883 [main] DEBUG org.dbunit.util.search.DepthFirstSearch  - already searched; returning true
169883 [main] DEBUG org.dbunit.util.search.DepthFirstSearch  - Adding node SCOPE to the final result
169883 [main] DEBUG org.dbunit.util.CollectionsHelper  - setToStrings(set=[SCOPEDCONTENTCONDITIONS_SCOPEDCONTENT, SCOPEDCONTENT_SCOPEDCONTENTITEM, SCOPEDCONTENT, SCOPE_REQUESTCONTEXT, SCOPE]) - start
169883 [main] DEBUG org.dbunit.database.search.TablesDependencyHelper  - getDirectDependsOnTables(connection=_databaseConfig=org.dbunit.database.DatabaseConfig[, _propertyMap={http://www.dbunit.org/properties/statementFactory=org.dbunit.database.statement.PreparedStatementFactory@626bc2b8, http://www.dbunit.org/features/caseSensitiveTableNames=false, http://www.dbunit.org/properties/fetchSize=100, http://www.dbunit.org/features/batchedStatements=false, http://www.dbunit.org/properties/metadataHandler=org.dbunit.database.DefaultMetadataHandler@62baffef, http://www.dbunit.org/properties/datatypeFactory=org.dbunit.dataset.datatype.DefaultDataTypeFactory[_toleratedDeltaMap=org.dbunit.dataset.datatype.ToleratedDeltaMap@6452310a], http://www.dbunit.org/properties/escapePattern=null, http://www.dbunit.org/properties/batchSize=100, http://www.dbunit.org/features/qualifiedTableNames=false, http://www.dbunit.org/properties/tableType=[Ljava.lang.String;@5011bafa, http://www.dbunit.org/properties/resultSetTableFactory=org.dbunit.database.CachedResultSetTableFactory@10bcf083, http://www.dbunit.org/features/datatypeWarning=true}], _dataSet=AbstractDataSet[_orderedTableNameMap=null], tableName=SCOPE) - start
169883 [main] DEBUG org.dbunit.util.search.DepthFirstSearch  - search(nodesFrom=[SCOPE], callback=org.dbunit.database.search.ExportedKeysSearchCallback@7071fdf2) - start
169883 [main] DEBUG org.dbunit.util.CollectionsHelper  - objectsToSet(objects=SCOPE) - start
169883 [main] DEBUG org.dbunit.util.search.DepthFirstSearch  - search(nodesFrom=[SCOPE], callback=org.dbunit.database.search.ExportedKeysSearchCallback@7071fdf2) - start
169883 [main] DEBUG org.dbunit.util.search.DepthFirstSearch  - reverseSearch:SCOPE
169883 [main] DEBUG org.dbunit.database.search.ExportedKeysSearchCallback  - searchNode(node=SCOPE) - start
169883 [main] DEBUG org.dbunit.util.search.DepthFirstSearch  - Pushing (reverse) SCOPE
169883 [main] DEBUG org.dbunit.database.search.ExportedKeysSearchCallback  - getEdges(node=SCOPE) - start
169883 [main] DEBUG org.dbunit.database.search.AbstractMetaDataBasedSearchCallback  - getNodesFromExportedKeys(node=SCOPE) - start
169883 [main] DEBUG org.dbunit.database.search.AbstractMetaDataBasedSearchCallback  - getNodes(type=1, node=SCOPE) - start
169883 [main] DEBUG org.dbunit.database.DatabaseDataSourceConnection  - getConnection() - start
169883 [main] DEBUG org.dbunit.database.search.AbstractMetaDataBasedSearchCallback  - getNodes(type=1, node=SCOPE, conn=Transaction-aware proxy for target Connection [jdbc:hsqldb:mem:kontrollDS, UserName=sw, HSQL Database Engine Driver], schema=null, metaData=org.apache.commons.dbcp.DelegatingDatabaseMetaData@4bd7548a, edges=[]) - start
169883 [main] DEBUG org.dbunit.database.search.AbstractMetaDataBasedSearchCallback  - Getting edges for node SCOPE
169883 [main] TRACE org.dbunit.database.DatabaseConfig  - getProperty(name=http://www.dbunit.org/properties/metadataHandler) - start
169883 [main] TRACE org.dbunit.database.DefaultMetadataHandler  - tableExists(metaData=org.apache.commons.dbcp.DelegatingDatabaseMetaData@4bd7548a, schemaName=null, tableName=SCOPE) - start
169884 [main] DEBUG org.dbunit.util.SQLHelper  - close(resultSet=org.apache.commons.dbcp.DelegatingResultSet@433b369) - start
169931 [main] DEBUG org.dbunit.util.QualifiedTableName  - getQualifiedNameIfEnabled(config=org.dbunit.database.DatabaseConfig[, _propertyMap={http://www.dbunit.org/properties/statementFactory=org.dbunit.database.statement.PreparedStatementFactory@626bc2b8, http://www.dbunit.org/features/caseSensitiveTableNames=false, http://www.dbunit.org/properties/fetchSize=100, http://www.dbunit.org/features/batchedStatements=false, http://www.dbunit.org/properties/metadataHandler=org.dbunit.database.DefaultMetadataHandler@62baffef, http://www.dbunit.org/properties/datatypeFactory=org.dbunit.dataset.datatype.DefaultDataTypeFactory[_toleratedDeltaMap=org.dbunit.dataset.datatype.ToleratedDeltaMap@6452310a], http://www.dbunit.org/properties/escapePattern=null, http://www.dbunit.org/properties/batchSize=100, http://www.dbunit.org/features/qualifiedTableNames=false, http://www.dbunit.org/properties/tableType=[Ljava.lang.String;@5011bafa, http://www.dbunit.org/properties/resultSetTableFactory=org.dbunit.database.CachedResultSetTableFactory@10bcf083, http://www.dbunit.org/features/datatypeWarning=true}]) - start
169931 [main] TRACE org.dbunit.database.DatabaseConfig  - getFeature(name=http://www.dbunit.org/features/qualifiedTableNames) - start
169931 [main] TRACE org.dbunit.database.DatabaseConfig  - getProperty(name=http://www.dbunit.org/features/qualifiedTableNames) - start
169931 [main] DEBUG org.dbunit.util.QualifiedTableName  - Qualified table names feature is disabled. Returning plain table name
169931 [main] DEBUG org.dbunit.util.QualifiedTableName  - getQualifiedName(prefix=null, name=SCOPE, escapePattern=null) - start
169931 [main] DEBUG org.dbunit.util.QualifiedTableName  - getQualifiedNameIfEnabled(config=org.dbunit.database.DatabaseConfig[, _propertyMap={http://www.dbunit.org/properties/statementFactory=org.dbunit.database.statement.PreparedStatementFactory@626bc2b8, http://www.dbunit.org/features/caseSensitiveTableNames=false, http://www.dbunit.org/properties/fetchSize=100, http://www.dbunit.org/features/batchedStatements=false, http://www.dbunit.org/properties/metadataHandler=org.dbunit.database.DefaultMetadataHandler@62baffef, http://www.dbunit.org/properties/datatypeFactory=org.dbunit.dataset.datatype.DefaultDataTypeFactory[_toleratedDeltaMap=org.dbunit.dataset.datatype.ToleratedDeltaMap@6452310a], http://www.dbunit.org/properties/escapePattern=null, http://www.dbunit.org/properties/batchSize=100, http://www.dbunit.org/features/qualifiedTableNames=false, http://www.dbunit.org/properties/tableType=[Ljava.lang.String;@5011bafa, http://www.dbunit.org/properties/resultSetTableFactory=org.dbunit.database.CachedResultSetTableFactory@10bcf083, http://www.dbunit.org/features/datatypeWarning=true}]) - start
169931 [main] TRACE org.dbunit.database.DatabaseConfig  - getFeature(name=http://www.dbunit.org/features/qualifiedTableNames) - start
169931 [main] TRACE org.dbunit.database.DatabaseConfig  - getProperty(name=http://www.dbunit.org/features/qualifiedTableNames) - start
169931 [main] DEBUG org.dbunit.util.QualifiedTableName  - Qualified table names feature is disabled. Returning plain table name
169931 [main] DEBUG org.dbunit.util.QualifiedTableName  - getQualifiedName(prefix=null, name=SCOPE_REQUESTCONTEXT, escapePattern=null) - start
169931 [main] DEBUG org.dbunit.database.search.AbstractMetaDataBasedSearchCallback  - newEdge(rs=org.apache.commons.dbcp.DelegatingResultSet@35a52ea5, type=1, from=SCOPE, to=SCOPE_REQUESTCONTEXT, fkColumn=SCOPE_ID, pkColumn=ID) - start
169931 [main] DEBUG org.dbunit.database.search.AbstractMetaDataBasedSearchCallback  - createFKEdge(rs=org.apache.commons.dbcp.DelegatingResultSet@35a52ea5, type=1, from=SCOPE, to=SCOPE_REQUESTCONTEXT, fkColumn=SCOPE_ID, pkColumn=ID) - start
169937 [main] DEBUG org.dbunit.database.search.AbstractMetaDataBasedSearchCallback  - Adding edge SCOPE_REQUESTCONTEXT(SCOPE_ID)->SCOPE(ID)
169938 [main] DEBUG org.dbunit.util.search.Edge  - compareTo(o=SCOPE_REQUESTCONTEXT(SCOPE_ID)->SCOPE(ID)) - start
169938 [main] DEBUG org.dbunit.util.QualifiedTableName  - getQualifiedNameIfEnabled(config=org.dbunit.database.DatabaseConfig[, _propertyMap={http://www.dbunit.org/properties/statementFactory=org.dbunit.database.statement.PreparedStatementFactory@626bc2b8, http://www.dbunit.org/features/caseSensitiveTableNames=false, http://www.dbunit.org/properties/fetchSize=100, http://www.dbunit.org/features/batchedStatements=false, http://www.dbunit.org/properties/metadataHandler=org.dbunit.database.DefaultMetadataHandler@62baffef, http://www.dbunit.org/properties/datatypeFactory=org.dbunit.dataset.datatype.DefaultDataTypeFactory[_toleratedDeltaMap=org.dbunit.dataset.datatype.ToleratedDeltaMap@6452310a], http://www.dbunit.org/properties/escapePattern=null, http://www.dbunit.org/properties/batchSize=100, http://www.dbunit.org/features/qualifiedTableNames=false, http://www.dbunit.org/properties/tableType=[Ljava.lang.String;@5011bafa, http://www.dbunit.org/properties/resultSetTableFactory=org.dbunit.database.CachedResultSetTableFactory@10bcf083, http://www.dbunit.org/features/datatypeWarning=true}]) - start
169938 [main] TRACE org.dbunit.database.DatabaseConfig  - getFeature(name=http://www.dbunit.org/features/qualifiedTableNames) - start
169938 [main] TRACE org.dbunit.database.DatabaseConfig  - getProperty(name=http://www.dbunit.org/features/qualifiedTableNames) - start
169938 [main] DEBUG org.dbunit.util.QualifiedTableName  - Qualified table names feature is disabled. Returning plain table name
169938 [main] DEBUG org.dbunit.util.QualifiedTableName  - getQualifiedName(prefix=null, name=SCOPE, escapePattern=null) - start
169938 [main] DEBUG org.dbunit.util.QualifiedTableName  - getQualifiedNameIfEnabled(config=org.dbunit.database.DatabaseConfig[, _propertyMap={http://www.dbunit.org/properties/statementFactory=org.dbunit.database.statement.PreparedStatementFactory@626bc2b8, http://www.dbunit.org/features/caseSensitiveTableNames=false, http://www.dbunit.org/properties/fetchSize=100, http://www.dbunit.org/features/batchedStatements=false, http://www.dbunit.org/properties/metadataHandler=org.dbunit.database.DefaultMetadataHandler@62baffef, http://www.dbunit.org/properties/datatypeFactory=org.dbunit.dataset.datatype.DefaultDataTypeFactory[_toleratedDeltaMap=org.dbunit.dataset.datatype.ToleratedDeltaMap@6452310a], http://www.dbunit.org/properties/escapePattern=null, http://www.dbunit.org/properties/batchSize=100, http://www.dbunit.org/features/qualifiedTableNames=false, http://www.dbunit.org/properties/tableType=[Ljava.lang.String;@5011bafa, http://www.dbunit.org/properties/resultSetTableFactory=org.dbunit.database.CachedResultSetTableFactory@10bcf083, http://www.dbunit.org/features/datatypeWarning=true}]) - start
169938 [main] TRACE org.dbunit.database.DatabaseConfig  - getFeature(name=http://www.dbunit.org/features/qualifiedTableNames) - start
169938 [main] TRACE org.dbunit.database.DatabaseConfig  - getProperty(name=http://www.dbunit.org/features/qualifiedTableNames) - start
169938 [main] DEBUG org.dbunit.util.QualifiedTableName  - Qualified table names feature is disabled. Returning plain table name
169938 [main] DEBUG org.dbunit.util.QualifiedTableName  - getQualifiedName(prefix=null, name=SCOPEDCONTENT, escapePattern=null) - start
169938 [main] DEBUG org.dbunit.database.search.AbstractMetaDataBasedSearchCallback  - newEdge(rs=org.apache.commons.dbcp.DelegatingResultSet@35a52ea5, type=1, from=SCOPE, to=SCOPEDCONTENT, fkColumn=SCOPE, pkColumn=ID) - start
169938 [main] DEBUG org.dbunit.database.search.AbstractMetaDataBasedSearchCallback  - createFKEdge(rs=org.apache.commons.dbcp.DelegatingResultSet@35a52ea5, type=1, from=SCOPE, to=SCOPEDCONTENT, fkColumn=SCOPE, pkColumn=ID) - start
169938 [main] DEBUG org.dbunit.database.search.AbstractMetaDataBasedSearchCallback  - Adding edge SCOPEDCONTENT(SCOPE)->SCOPE(ID)
169938 [main] DEBUG org.dbunit.util.search.Edge  - compareTo(o=SCOPE_REQUESTCONTEXT(SCOPE_ID)->SCOPE(ID)) - start
169938 [main] DEBUG org.dbunit.util.SQLHelper  - close(resultSet=org.apache.commons.dbcp.DelegatingResultSet@35a52ea5) - start
169938 [main] DEBUG org.dbunit.util.search.DepthFirstSearch  - reverseSearch:SCOPEDCONTENT
169938 [main] DEBUG org.dbunit.database.search.ExportedKeysSearchCallback  - searchNode(node=SCOPEDCONTENT) - start
169938 [main] DEBUG org.dbunit.util.search.DepthFirstSearch  - Pushing (reverse) SCOPEDCONTENT
169938 [main] DEBUG org.dbunit.database.search.ExportedKeysSearchCallback  - getEdges(node=SCOPEDCONTENT) - start
169938 [main] DEBUG org.dbunit.database.search.AbstractMetaDataBasedSearchCallback  - getNodesFromExportedKeys(node=SCOPEDCONTENT) - start
169938 [main] DEBUG org.dbunit.database.search.AbstractMetaDataBasedSearchCallback  - getNodes(type=1, node=SCOPEDCONTENT) - start
169938 [main] DEBUG org.dbunit.database.DatabaseDataSourceConnection  - getConnection() - start
169938 [main] DEBUG org.dbunit.database.search.AbstractMetaDataBasedSearchCallback  - getNodes(type=1, node=SCOPEDCONTENT, conn=Transaction-aware proxy for target Connection [jdbc:hsqldb:mem:kontrollDS, UserName=sw, HSQL Database Engine Driver], schema=null, metaData=org.apache.commons.dbcp.DelegatingDatabaseMetaData@6f996e26, edges=[]) - start
169938 [main] DEBUG org.dbunit.database.search.AbstractMetaDataBasedSearchCallback  - Getting edges for node SCOPEDCONTENT
169938 [main] TRACE org.dbunit.database.DatabaseConfig  - getProperty(name=http://www.dbunit.org/properties/metadataHandler) - start
169939 [main] TRACE org.dbunit.database.DefaultMetadataHandler  - tableExists(metaData=org.apache.commons.dbcp.DelegatingDatabaseMetaData@6f996e26, schemaName=null, tableName=SCOPEDCONTENT) - start
169940 [main] DEBUG org.dbunit.util.SQLHelper  - close(resultSet=org.apache.commons.dbcp.DelegatingResultSet@54d74372) - start
169940 [main] DEBUG org.dbunit.util.QualifiedTableName  - getQualifiedNameIfEnabled(config=org.dbunit.database.DatabaseConfig[, _propertyMap={http://www.dbunit.org/properties/statementFactory=org.dbunit.database.statement.PreparedStatementFactory@626bc2b8, http://www.dbunit.org/features/caseSensitiveTableNames=false, http://www.dbunit.org/properties/fetchSize=100, http://www.dbunit.org/features/batchedStatements=false, http://www.dbunit.org/properties/metadataHandler=org.dbunit.database.DefaultMetadataHandler@62baffef, http://www.dbunit.org/properties/datatypeFactory=org.dbunit.dataset.datatype.DefaultDataTypeFactory[_toleratedDeltaMap=org.dbunit.dataset.datatype.ToleratedDeltaMap@6452310a], http://www.dbunit.org/properties/escapePattern=null, http://www.dbunit.org/properties/batchSize=100, http://www.dbunit.org/features/qualifiedTableNames=false, http://www.dbunit.org/properties/tableType=[Ljava.lang.String;@5011bafa, http://www.dbunit.org/properties/resultSetTableFactory=org.dbunit.database.CachedResultSetTableFactory@10bcf083, http://www.dbunit.org/features/datatypeWarning=true}]) - start
169940 [main] TRACE org.dbunit.database.DatabaseConfig  - getFeature(name=http://www.dbunit.org/features/qualifiedTableNames) - start
169940 [main] TRACE org.dbunit.database.DatabaseConfig  - getProperty(name=http://www.dbunit.org/features/qualifiedTableNames) - start
169940 [main] DEBUG org.dbunit.util.QualifiedTableName  - Qualified table names feature is disabled. Returning plain table name
169940 [main] DEBUG org.dbunit.util.QualifiedTableName  - getQualifiedName(prefix=null, name=SCOPEDCONTENT, escapePattern=null) - start
169940 [main] DEBUG org.dbunit.util.QualifiedTableName  - getQualifiedNameIfEnabled(config=org.dbunit.database.DatabaseConfig[, _propertyMap={http://www.dbunit.org/properties/statementFactory=org.dbunit.database.statement.PreparedStatementFactory@626bc2b8, http://www.dbunit.org/features/caseSensitiveTableNames=false, http://www.dbunit.org/properties/fetchSize=100, http://www.dbunit.org/features/batchedStatements=false, http://www.dbunit.org/properties/metadataHandler=org.dbunit.database.DefaultMetadataHandler@62baffef, http://www.dbunit.org/properties/datatypeFactory=org.dbunit.dataset.datatype.DefaultDataTypeFactory[_toleratedDeltaMap=org.dbunit.dataset.datatype.ToleratedDeltaMap@6452310a], http://www.dbunit.org/properties/escapePattern=null, http://www.dbunit.org/properties/batchSize=100, http://www.dbunit.org/features/qualifiedTableNames=false, http://www.dbunit.org/properties/tableType=[Ljava.lang.String;@5011bafa, http://www.dbunit.org/properties/resultSetTableFactory=org.dbunit.database.CachedResultSetTableFactory@10bcf083, http://www.dbunit.org/features/datatypeWarning=true}]) - start
169940 [main] TRACE org.dbunit.database.DatabaseConfig  - getFeature(name=http://www.dbunit.org/features/qualifiedTableNames) - start
169941 [main] TRACE org.dbunit.database.DatabaseConfig  - getProperty(name=http://www.dbunit.org/features/qualifiedTableNames) - start
169941 [main] DEBUG org.dbunit.util.QualifiedTableName  - Qualified table names feature is disabled. Returning plain table name
169941 [main] DEBUG org.dbunit.util.QualifiedTableName  - getQualifiedName(prefix=null, name=SCOPEDCONTENTCONDITIONS_SCOPEDCONTENT, escapePattern=null) - start
169941 [main] DEBUG org.dbunit.database.search.AbstractMetaDataBasedSearchCallback  - newEdge(rs=org.apache.commons.dbcp.DelegatingResultSet@306339b6, type=1, from=SCOPEDCONTENT, to=SCOPEDCONTENTCONDITIONS_SCOPEDCONTENT, fkColumn=SCOPED_CONTENT_ID, pkColumn=ID) - start
169941 [main] DEBUG org.dbunit.database.search.AbstractMetaDataBasedSearchCallback  - createFKEdge(rs=org.apache.commons.dbcp.DelegatingResultSet@306339b6, type=1, from=SCOPEDCONTENT, to=SCOPEDCONTENTCONDITIONS_SCOPEDCONTENT, fkColumn=SCOPED_CONTENT_ID, pkColumn=ID) - start
169941 [main] DEBUG org.dbunit.database.search.AbstractMetaDataBasedSearchCallback  - Adding edge SCOPEDCONTENTCONDITIONS_SCOPEDCONTENT(SCOPED_CONTENT_ID)->SCOPEDCONTENT(ID)
169941 [main] DEBUG org.dbunit.util.search.Edge  - compareTo(o=SCOPEDCONTENTCONDITIONS_SCOPEDCONTENT(SCOPED_CONTENT_ID)->SCOPEDCONTENT(ID)) - start
169941 [main] DEBUG org.dbunit.util.QualifiedTableName  - getQualifiedNameIfEnabled(config=org.dbunit.database.DatabaseConfig[, _propertyMap={http://www.dbunit.org/properties/statementFactory=org.dbunit.database.statement.PreparedStatementFactory@626bc2b8, http://www.dbunit.org/features/caseSensitiveTableNames=false, http://www.dbunit.org/properties/fetchSize=100, http://www.dbunit.org/features/batchedStatements=false, http://www.dbunit.org/properties/metadataHandler=org.dbunit.database.DefaultMetadataHandler@62baffef, http://www.dbunit.org/properties/datatypeFactory=org.dbunit.dataset.datatype.DefaultDataTypeFactory[_toleratedDeltaMap=org.dbunit.dataset.datatype.ToleratedDeltaMap@6452310a], http://www.dbunit.org/properties/escapePattern=null, http://www.dbunit.org/properties/batchSize=100, http://www.dbunit.org/features/qualifiedTableNames=false, http://www.dbunit.org/properties/tableType=[Ljava.lang.String;@5011bafa, http://www.dbunit.org/properties/resultSetTableFactory=org.dbunit.database.CachedResultSetTableFactory@10bcf083, http://www.dbunit.org/features/datatypeWarning=true}]) - start
169941 [main] TRACE org.dbunit.database.DatabaseConfig  - getFeature(name=http://www.dbunit.org/features/qualifiedTableNames) - start
169941 [main] TRACE org.dbunit.database.DatabaseConfig  - getProperty(name=http://www.dbunit.org/features/qualifiedTableNames) - start
169941 [main] DEBUG org.dbunit.util.QualifiedTableName  - Qualified table names feature is disabled. Returning plain table name
169941 [main] DEBUG org.dbunit.util.QualifiedTableName  - getQualifiedName(prefix=null, name=SCOPEDCONTENT, escapePattern=null) - start
169941 [main] DEBUG org.dbunit.util.QualifiedTableName  - getQualifiedNameIfEnabled(config=org.dbunit.database.DatabaseConfig[, _propertyMap={http://www.dbunit.org/properties/statementFactory=org.dbunit.database.statement.PreparedStatementFactory@626bc2b8, http://www.dbunit.org/features/caseSensitiveTableNames=false, http://www.dbunit.org/properties/fetchSize=100, http://www.dbunit.org/features/batchedStatements=false, http://www.dbunit.org/properties/metadataHandler=org.dbunit.database.DefaultMetadataHandler@62baffef, http://www.dbunit.org/properties/datatypeFactory=org.dbunit.dataset.datatype.DefaultDataTypeFactory[_toleratedDeltaMap=org.dbunit.dataset.datatype.ToleratedDeltaMap@6452310a], http://www.dbunit.org/properties/escapePattern=null, http://www.dbunit.org/properties/batchSize=100, http://www.dbunit.org/features/qualifiedTableNames=false, http://www.dbunit.org/properties/tableType=[Ljava.lang.String;@5011bafa, http://www.dbunit.org/properties/resultSetTableFactory=org.dbunit.database.CachedResultSetTableFactory@10bcf083, http://www.dbunit.org/features/datatypeWarning=true}]) - start
169941 [main] TRACE org.dbunit.database.DatabaseConfig  - getFeature(name=http://www.dbunit.org/features/qualifiedTableNames) - start
169941 [main] TRACE org.dbunit.database.DatabaseConfig  - getProperty(name=http://www.dbunit.org/features/qualifiedTableNames) - start
169941 [main] DEBUG org.dbunit.util.QualifiedTableName  - Qualified table names feature is disabled. Returning plain table name
169941 [main] DEBUG org.dbunit.util.QualifiedTableName  - getQualifiedName(prefix=null, name=SCOPEDCONTENT_SCOPEDCONTENTITEM, escapePattern=null) - start
169942 [main] DEBUG org.dbunit.database.search.AbstractMetaDataBasedSearchCallback  - newEdge(rs=org.apache.commons.dbcp.DelegatingResultSet@306339b6, type=1, from=SCOPEDCONTENT, to=SCOPEDCONTENT_SCOPEDCONTENTITEM, fkColumn=SCOPED_CONTENT_ITEM_ID, pkColumn=ID) - start
169942 [main] DEBUG org.dbunit.database.search.AbstractMetaDataBasedSearchCallback  - createFKEdge(rs=org.apache.commons.dbcp.DelegatingResultSet@306339b6, type=1, from=SCOPEDCONTENT, to=SCOPEDCONTENT_SCOPEDCONTENTITEM, fkColumn=SCOPED_CONTENT_ITEM_ID, pkColumn=ID) - start
169942 [main] DEBUG org.dbunit.database.search.AbstractMetaDataBasedSearchCallback  - Adding edge SCOPEDCONTENT_SCOPEDCONTENTITEM(SCOPED_CONTENT_ITEM_ID)->SCOPEDCONTENT(ID)
169942 [main] DEBUG org.dbunit.util.search.Edge  - compareTo(o=SCOPEDCONTENTCONDITIONS_SCOPEDCONTENT(SCOPED_CONTENT_ID)->SCOPEDCONTENT(ID)) - start
169942 [main] DEBUG org.dbunit.util.SQLHelper  - close(resultSet=org.apache.commons.dbcp.DelegatingResultSet@306339b6) - start
169942 [main] DEBUG org.dbunit.util.search.DepthFirstSearch  - reverseSearch:SCOPEDCONTENTCONDITIONS_SCOPEDCONTENT
169942 [main] DEBUG org.dbunit.database.search.ExportedKeysSearchCallback  - searchNode(node=SCOPEDCONTENTCONDITIONS_SCOPEDCONTENT) - start
169942 [main] DEBUG org.dbunit.util.search.DepthFirstSearch  - Pushing (reverse) SCOPEDCONTENTCONDITIONS_SCOPEDCONTENT
169942 [main] DEBUG org.dbunit.database.search.ExportedKeysSearchCallback  - getEdges(node=SCOPEDCONTENTCONDITIONS_SCOPEDCONTENT) - start
169942 [main] DEBUG org.dbunit.database.search.AbstractMetaDataBasedSearchCallback  - getNodesFromExportedKeys(node=SCOPEDCONTENTCONDITIONS_SCOPEDCONTENT) - start
169942 [main] DEBUG org.dbunit.database.search.AbstractMetaDataBasedSearchCallback  - getNodes(type=1, node=SCOPEDCONTENTCONDITIONS_SCOPEDCONTENT) - start
169942 [main] DEBUG org.dbunit.database.DatabaseDataSourceConnection  - getConnection() - start
169942 [main] DEBUG org.dbunit.database.search.AbstractMetaDataBasedSearchCallback  - getNodes(type=1, node=SCOPEDCONTENTCONDITIONS_SCOPEDCONTENT, conn=Transaction-aware proxy for target Connection [jdbc:hsqldb:mem:kontrollDS, UserName=sw, HSQL Database Engine Driver], schema=null, metaData=org.apache.commons.dbcp.DelegatingDatabaseMetaData@4261f48b, edges=[]) - start
169942 [main] DEBUG org.dbunit.database.search.AbstractMetaDataBasedSearchCallback  - Getting edges for node SCOPEDCONTENTCONDITIONS_SCOPEDCONTENT
169942 [main] TRACE org.dbunit.database.DatabaseConfig  - getProperty(name=http://www.dbunit.org/properties/metadataHandler) - start
169942 [main] TRACE org.dbunit.database.DefaultMetadataHandler  - tableExists(metaData=org.apache.commons.dbcp.DelegatingDatabaseMetaData@4261f48b, schemaName=null, tableName=SCOPEDCONTENTCONDITIONS_SCOPEDCONTENT) - start
169943 [main] DEBUG org.dbunit.util.SQLHelper  - close(resultSet=org.apache.commons.dbcp.DelegatingResultSet@548c0dc2) - start
169943 [main] DEBUG org.dbunit.util.SQLHelper  - close(resultSet=org.apache.commons.dbcp.DelegatingResultSet@7e41ea6f) - start
169943 [main] DEBUG org.dbunit.util.search.DepthFirstSearch  - reverseSearch:SCOPEDCONTENT_SCOPEDCONTENTITEM
169943 [main] DEBUG org.dbunit.database.search.ExportedKeysSearchCallback  - searchNode(node=SCOPEDCONTENT_SCOPEDCONTENTITEM) - start
169944 [main] DEBUG org.dbunit.util.search.DepthFirstSearch  - Pushing (reverse) SCOPEDCONTENT_SCOPEDCONTENTITEM
169944 [main] DEBUG org.dbunit.util.search.DepthFirstSearch  - reverseSearch:SCOPE_REQUESTCONTEXT
169944 [main] DEBUG org.dbunit.database.search.ExportedKeysSearchCallback  - searchNode(node=SCOPE_REQUESTCONTEXT) - start
169944 [main] DEBUG org.dbunit.util.search.DepthFirstSearch  - Pushing (reverse) SCOPE_REQUESTCONTEXT
169944 [main] DEBUG org.dbunit.util.search.DepthFirstSearch  - search:SCOPEDCONTENTCONDITIONS_SCOPEDCONTENT
169944 [main] DEBUG org.dbunit.database.search.ExportedKeysSearchCallback  - searchNode(node=SCOPEDCONTENTCONDITIONS_SCOPEDCONTENT) - start
169944 [main] DEBUG org.dbunit.util.search.DepthFirstSearch  - Pushing SCOPEDCONTENTCONDITIONS_SCOPEDCONTENT
169944 [main] DEBUG org.dbunit.database.search.ExportedKeysSearchCallback  - getEdges(node=SCOPEDCONTENTCONDITIONS_SCOPEDCONTENT) - start
169944 [main] DEBUG org.dbunit.database.search.AbstractMetaDataBasedSearchCallback  - getNodesFromExportedKeys(node=SCOPEDCONTENTCONDITIONS_SCOPEDCONTENT) - start
169944 [main] DEBUG org.dbunit.database.search.AbstractMetaDataBasedSearchCallback  - getNodes(type=1, node=SCOPEDCONTENTCONDITIONS_SCOPEDCONTENT) - start
169944 [main] DEBUG org.dbunit.database.DatabaseDataSourceConnection  - getConnection() - start
169944 [main] DEBUG org.dbunit.database.search.AbstractMetaDataBasedSearchCallback  - getNodes(type=1, node=SCOPEDCONTENTCONDITIONS_SCOPEDCONTENT, conn=Transaction-aware proxy for target Connection [jdbc:hsqldb:mem:kontrollDS, UserName=sw, HSQL Database Engine Driver], schema=null, metaData=org.apache.commons.dbcp.DelegatingDatabaseMetaData@19865e2b, edges=[]) - start
169944 [main] DEBUG org.dbunit.database.search.AbstractMetaDataBasedSearchCallback  - Getting edges for node SCOPEDCONTENTCONDITIONS_SCOPEDCONTENT
169944 [main] TRACE org.dbunit.database.DatabaseConfig  - getProperty(name=http://www.dbunit.org/properties/metadataHandler) - start
169944 [main] TRACE org.dbunit.database.DefaultMetadataHandler  - tableExists(metaData=org.apache.commons.dbcp.DelegatingDatabaseMetaData@19865e2b, schemaName=null, tableName=SCOPEDCONTENTCONDITIONS_SCOPEDCONTENT) - start
169945 [main] DEBUG org.dbunit.util.SQLHelper  - close(resultSet=org.apache.commons.dbcp.DelegatingResultSet@6421e8a6) - start
169945 [main] DEBUG org.dbunit.util.SQLHelper  - close(resultSet=org.apache.commons.dbcp.DelegatingResultSet@5a917427) - start
169945 [main] DEBUG org.dbunit.util.search.DepthFirstSearch  - Adding node SCOPEDCONTENTCONDITIONS_SCOPEDCONTENT to the final result
169945 [main] DEBUG org.dbunit.util.search.DepthFirstSearch  - search:SCOPEDCONTENT_SCOPEDCONTENTITEM
169945 [main] DEBUG org.dbunit.database.search.ExportedKeysSearchCallback  - searchNode(node=SCOPEDCONTENT_SCOPEDCONTENTITEM) - start
169945 [main] DEBUG org.dbunit.util.search.DepthFirstSearch  - Pushing SCOPEDCONTENT_SCOPEDCONTENTITEM
169945 [main] DEBUG org.dbunit.database.search.ExportedKeysSearchCallback  - getEdges(node=SCOPEDCONTENT_SCOPEDCONTENTITEM) - start
169945 [main] DEBUG org.dbunit.database.search.AbstractMetaDataBasedSearchCallback  - getNodesFromExportedKeys(node=SCOPEDCONTENT_SCOPEDCONTENTITEM) - start
169946 [main] DEBUG org.dbunit.database.search.AbstractMetaDataBasedSearchCallback  - getNodes(type=1, node=SCOPEDCONTENT_SCOPEDCONTENTITEM) - start
169946 [main] DEBUG org.dbunit.database.DatabaseDataSourceConnection  - getConnection() - start
169946 [main] DEBUG org.dbunit.database.search.AbstractMetaDataBasedSearchCallback  - getNodes(type=1, node=SCOPEDCONTENT_SCOPEDCONTENTITEM, conn=Transaction-aware proxy for target Connection [jdbc:hsqldb:mem:kontrollDS, UserName=sw, HSQL Database Engine Driver], schema=null, metaData=org.apache.commons.dbcp.DelegatingDatabaseMetaData@360dae5, edges=[]) - start
169946 [main] DEBUG org.dbunit.database.search.AbstractMetaDataBasedSearchCallback  - Getting edges for node SCOPEDCONTENT_SCOPEDCONTENTITEM
169946 [main] TRACE org.dbunit.database.DatabaseConfig  - getProperty(name=http://www.dbunit.org/properties/metadataHandler) - start
169946 [main] TRACE org.dbunit.database.DefaultMetadataHandler  - tableExists(metaData=org.apache.commons.dbcp.DelegatingDatabaseMetaData@360dae5, schemaName=null, tableName=SCOPEDCONTENT_SCOPEDCONTENTITEM) - start
169947 [main] DEBUG org.dbunit.util.SQLHelper  - close(resultSet=org.apache.commons.dbcp.DelegatingResultSet@6ba5b66d) - start
169948 [main] DEBUG org.dbunit.util.SQLHelper  - close(resultSet=org.apache.commons.dbcp.DelegatingResultSet@3f9c5009) - start
169948 [main] DEBUG org.dbunit.util.search.DepthFirstSearch  - Adding node SCOPEDCONTENT_SCOPEDCONTENTITEM to the final result
169948 [main] DEBUG org.dbunit.util.search.DepthFirstSearch  - search:SCOPEDCONTENT
169948 [main] DEBUG org.dbunit.database.search.ExportedKeysSearchCallback  - searchNode(node=SCOPEDCONTENT) - start
169948 [main] DEBUG org.dbunit.util.search.DepthFirstSearch  - Pushing SCOPEDCONTENT
169948 [main] DEBUG org.dbunit.database.search.ExportedKeysSearchCallback  - getEdges(node=SCOPEDCONTENT) - start
169948 [main] DEBUG org.dbunit.database.search.AbstractMetaDataBasedSearchCallback  - getNodesFromExportedKeys(node=SCOPEDCONTENT) - start
169948 [main] DEBUG org.dbunit.database.search.AbstractMetaDataBasedSearchCallback  - getNodes(type=1, node=SCOPEDCONTENT) - start
169948 [main] DEBUG org.dbunit.database.DatabaseDataSourceConnection  - getConnection() - start
169948 [main] DEBUG org.dbunit.database.search.AbstractMetaDataBasedSearchCallback  - getNodes(type=1, node=SCOPEDCONTENT, conn=Transaction-aware proxy for target Connection [jdbc:hsqldb:mem:kontrollDS, UserName=sw, HSQL Database Engine Driver], schema=null, metaData=org.apache.commons.dbcp.DelegatingDatabaseMetaData@2f4a9f7f, edges=[]) - start
169948 [main] DEBUG org.dbunit.database.search.AbstractMetaDataBasedSearchCallback  - Getting edges for node SCOPEDCONTENT
169948 [main] TRACE org.dbunit.database.DatabaseConfig  - getProperty(name=http://www.dbunit.org/properties/metadataHandler) - start
169948 [main] TRACE org.dbunit.database.DefaultMetadataHandler  - tableExists(metaData=org.apache.commons.dbcp.DelegatingDatabaseMetaData@2f4a9f7f, schemaName=null, tableName=SCOPEDCONTENT) - start
169949 [main] DEBUG org.dbunit.util.SQLHelper  - close(resultSet=org.apache.commons.dbcp.DelegatingResultSet@37c56708) - start
169949 [main] DEBUG org.dbunit.util.QualifiedTableName  - getQualifiedNameIfEnabled(config=org.dbunit.database.DatabaseConfig[, _propertyMap={http://www.dbunit.org/properties/statementFactory=org.dbunit.database.statement.PreparedStatementFactory@626bc2b8, http://www.dbunit.org/features/caseSensitiveTableNames=false, http://www.dbunit.org/properties/fetchSize=100, http://www.dbunit.org/features/batchedStatements=false, http://www.dbunit.org/properties/metadataHandler=org.dbunit.database.DefaultMetadataHandler@62baffef, http://www.dbunit.org/properties/datatypeFactory=org.dbunit.dataset.datatype.DefaultDataTypeFactory[_toleratedDeltaMap=org.dbunit.dataset.datatype.ToleratedDeltaMap@6452310a], http://www.dbunit.org/properties/escapePattern=null, http://www.dbunit.org/properties/batchSize=100, http://www.dbunit.org/features/qualifiedTableNames=false, http://www.dbunit.org/properties/tableType=[Ljava.lang.String;@5011bafa, http://www.dbunit.org/properties/resultSetTableFactory=org.dbunit.database.CachedResultSetTableFactory@10bcf083, http://www.dbunit.org/features/datatypeWarning=true}]) - start
169949 [main] TRACE org.dbunit.database.DatabaseConfig  - getFeature(name=http://www.dbunit.org/features/qualifiedTableNames) - start
169949 [main] TRACE org.dbunit.database.DatabaseConfig  - getProperty(name=http://www.dbunit.org/features/qualifiedTableNames) - start
169949 [main] DEBUG org.dbunit.util.QualifiedTableName  - Qualified table names feature is disabled. Returning plain table name
169949 [main] DEBUG org.dbunit.util.QualifiedTableName  - getQualifiedName(prefix=null, name=SCOPEDCONTENT, escapePattern=null) - start
169950 [main] DEBUG org.dbunit.util.QualifiedTableName  - getQualifiedNameIfEnabled(config=org.dbunit.database.DatabaseConfig[, _propertyMap={http://www.dbunit.org/properties/statementFactory=org.dbunit.database.statement.PreparedStatementFactory@626bc2b8, http://www.dbunit.org/features/caseSensitiveTableNames=false, http://www.dbunit.org/properties/fetchSize=100, http://www.dbunit.org/features/batchedStatements=false, http://www.dbunit.org/properties/metadataHandler=org.dbunit.database.DefaultMetadataHandler@62baffef, http://www.dbunit.org/properties/datatypeFactory=org.dbunit.dataset.datatype.DefaultDataTypeFactory[_toleratedDeltaMap=org.dbunit.dataset.datatype.ToleratedDeltaMap@6452310a], http://www.dbunit.org/properties/escapePattern=null, http://www.dbunit.org/properties/batchSize=100, http://www.dbunit.org/features/qualifiedTableNames=false, http://www.dbunit.org/properties/tableType=[Ljava.lang.String;@5011bafa, http://www.dbunit.org/properties/resultSetTableFactory=org.dbunit.database.CachedResultSetTableFactory@10bcf083, http://www.dbunit.org/features/datatypeWarning=true}]) - start
169950 [main] TRACE org.dbunit.database.DatabaseConfig  - getFeature(name=http://www.dbunit.org/features/qualifiedTableNames) - start
169950 [main] TRACE org.dbunit.database.DatabaseConfig  - getProperty(name=http://www.dbunit.org/features/qualifiedTableNames) - start
169950 [main] DEBUG org.dbunit.util.QualifiedTableName  - Qualified table names feature is disabled. Returning plain table name
169950 [main] DEBUG org.dbunit.util.QualifiedTableName  - getQualifiedName(prefix=null, name=SCOPEDCONTENTCONDITIONS_SCOPEDCONTENT, escapePattern=null) - start
169950 [main] DEBUG org.dbunit.database.search.AbstractMetaDataBasedSearchCallback  - newEdge(rs=org.apache.commons.dbcp.DelegatingResultSet@6233d31f, type=1, from=SCOPEDCONTENT, to=SCOPEDCONTENTCONDITIONS_SCOPEDCONTENT, fkColumn=SCOPED_CONTENT_ID, pkColumn=ID) - start
169950 [main] DEBUG org.dbunit.database.search.AbstractMetaDataBasedSearchCallback  - createFKEdge(rs=org.apache.commons.dbcp.DelegatingResultSet@6233d31f, type=1, from=SCOPEDCONTENT, to=SCOPEDCONTENTCONDITIONS_SCOPEDCONTENT, fkColumn=SCOPED_CONTENT_ID, pkColumn=ID) - start
169950 [main] DEBUG org.dbunit.database.search.AbstractMetaDataBasedSearchCallback  - Adding edge SCOPEDCONTENTCONDITIONS_SCOPEDCONTENT(SCOPED_CONTENT_ID)->SCOPEDCONTENT(ID)
169950 [main] DEBUG org.dbunit.util.search.Edge  - compareTo(o=SCOPEDCONTENTCONDITIONS_SCOPEDCONTENT(SCOPED_CONTENT_ID)->SCOPEDCONTENT(ID)) - start
169950 [main] DEBUG org.dbunit.util.QualifiedTableName  - getQualifiedNameIfEnabled(config=org.dbunit.database.DatabaseConfig[, _propertyMap={http://www.dbunit.org/properties/statementFactory=org.dbunit.database.statement.PreparedStatementFactory@626bc2b8, http://www.dbunit.org/features/caseSensitiveTableNames=false, http://www.dbunit.org/properties/fetchSize=100, http://www.dbunit.org/features/batchedStatements=false, http://www.dbunit.org/properties/metadataHandler=org.dbunit.database.DefaultMetadataHandler@62baffef, http://www.dbunit.org/properties/datatypeFactory=org.dbunit.dataset.datatype.DefaultDataTypeFactory[_toleratedDeltaMap=org.dbunit.dataset.datatype.ToleratedDeltaMap@6452310a], http://www.dbunit.org/properties/escapePattern=null, http://www.dbunit.org/properties/batchSize=100, http://www.dbunit.org/features/qualifiedTableNames=false, http://www.dbunit.org/properties/tableType=[Ljava.lang.String;@5011bafa, http://www.dbunit.org/properties/resultSetTableFactory=org.dbunit.database.CachedResultSetTableFactory@10bcf083, http://www.dbunit.org/features/datatypeWarning=true}]) - start
169950 [main] TRACE org.dbunit.database.DatabaseConfig  - getFeature(name=http://www.dbunit.org/features/qualifiedTableNames) - start
169950 [main] TRACE org.dbunit.database.DatabaseConfig  - getProperty(name=http://www.dbunit.org/features/qualifiedTableNames) - start
169950 [main] DEBUG org.dbunit.util.QualifiedTableName  - Qualified table names feature is disabled. Returning plain table name
169950 [main] DEBUG org.dbunit.util.QualifiedTableName  - getQualifiedName(prefix=null, name=SCOPEDCONTENT, escapePattern=null) - start
169950 [main] DEBUG org.dbunit.util.QualifiedTableName  - getQualifiedNameIfEnabled(config=org.dbunit.database.DatabaseConfig[, _propertyMap={http://www.dbunit.org/properties/statementFactory=org.dbunit.database.statement.PreparedStatementFactory@626bc2b8, http://www.dbunit.org/features/caseSensitiveTableNames=false, http://www.dbunit.org/properties/fetchSize=100, http://www.dbunit.org/features/batchedStatements=false, http://www.dbunit.org/properties/metadataHandler=org.dbunit.database.DefaultMetadataHandler@62baffef, http://www.dbunit.org/properties/datatypeFactory=org.dbunit.dataset.datatype.DefaultDataTypeFactory[_toleratedDeltaMap=org.dbunit.dataset.datatype.ToleratedDeltaMap@6452310a], http://www.dbunit.org/properties/escapePattern=null, http://www.dbunit.org/properties/batchSize=100, http://www.dbunit.org/features/qualifiedTableNames=false, http://www.dbunit.org/properties/tableType=[Ljava.lang.String;@5011bafa, http://www.dbunit.org/properties/resultSetTableFactory=org.dbunit.database.CachedResultSetTableFactory@10bcf083, http://www.dbunit.org/features/datatypeWarning=true}]) - start
169950 [main] TRACE org.dbunit.database.DatabaseConfig  - getFeature(name=http://www.dbunit.org/features/qualifiedTableNames) - start
169950 [main] TRACE org.dbunit.database.DatabaseConfig  - getProperty(name=http://www.dbunit.org/features/qualifiedTableNames) - start
169950 [main] DEBUG org.dbunit.util.QualifiedTableName  - Qualified table names feature is disabled. Returning plain table name
169950 [main] DEBUG org.dbunit.util.QualifiedTableName  - getQualifiedName(prefix=null, name=SCOPEDCONTENT_SCOPEDCONTENTITEM, escapePattern=null) - start
169950 [main] DEBUG org.dbunit.database.search.AbstractMetaDataBasedSearchCallback  - newEdge(rs=org.apache.commons.dbcp.DelegatingResultSet@6233d31f, type=1, from=SCOPEDCONTENT, to=SCOPEDCONTENT_SCOPEDCONTENTITEM, fkColumn=SCOPED_CONTENT_ITEM_ID, pkColumn=ID) - start
169950 [main] DEBUG org.dbunit.database.search.AbstractMetaDataBasedSearchCallback  - createFKEdge(rs=org.apache.commons.dbcp.DelegatingResultSet@6233d31f, type=1, from=SCOPEDCONTENT, to=SCOPEDCONTENT_SCOPEDCONTENTITEM, fkColumn=SCOPED_CONTENT_ITEM_ID, pkColumn=ID) - start
169950 [main] DEBUG org.dbunit.database.search.AbstractMetaDataBasedSearchCallback  - Adding edge SCOPEDCONTENT_SCOPEDCONTENTITEM(SCOPED_CONTENT_ITEM_ID)->SCOPEDCONTENT(ID)
169950 [main] DEBUG org.dbunit.util.search.Edge  - compareTo(o=SCOPEDCONTENTCONDITIONS_SCOPEDCONTENT(SCOPED_CONTENT_ID)->SCOPEDCONTENT(ID)) - start
169951 [main] DEBUG org.dbunit.util.SQLHelper  - close(resultSet=org.apache.commons.dbcp.DelegatingResultSet@6233d31f) - start
169951 [main] DEBUG org.dbunit.util.search.DepthFirstSearch  - search:SCOPEDCONTENT
169951 [main] DEBUG org.dbunit.util.search.DepthFirstSearch  - already searched; returning true
169951 [main] DEBUG org.dbunit.util.search.DepthFirstSearch  - search:SCOPEDCONTENT
169951 [main] DEBUG org.dbunit.util.search.DepthFirstSearch  - already searched; returning true
169951 [main] DEBUG org.dbunit.util.search.DepthFirstSearch  - Adding node SCOPEDCONTENT to the final result
169951 [main] DEBUG org.dbunit.util.search.DepthFirstSearch  - search:SCOPE_REQUESTCONTEXT
169951 [main] DEBUG org.dbunit.database.search.ExportedKeysSearchCallback  - searchNode(node=SCOPE_REQUESTCONTEXT) - start
169951 [main] DEBUG org.dbunit.util.search.DepthFirstSearch  - Pushing SCOPE_REQUESTCONTEXT
169951 [main] DEBUG org.dbunit.database.search.ExportedKeysSearchCallback  - getEdges(node=SCOPE_REQUESTCONTEXT) - start
169951 [main] DEBUG org.dbunit.database.search.AbstractMetaDataBasedSearchCallback  - getNodesFromExportedKeys(node=SCOPE_REQUESTCONTEXT) - start
169951 [main] DEBUG org.dbunit.database.search.AbstractMetaDataBasedSearchCallback  - getNodes(type=1, node=SCOPE_REQUESTCONTEXT) - start
169951 [main] DEBUG org.dbunit.database.DatabaseDataSourceConnection  - getConnection() - start
169951 [main] DEBUG org.dbunit.database.search.AbstractMetaDataBasedSearchCallback  - getNodes(type=1, node=SCOPE_REQUESTCONTEXT, conn=Transaction-aware proxy for target Connection [jdbc:hsqldb:mem:kontrollDS, UserName=sw, HSQL Database Engine Driver], schema=null, metaData=org.apache.commons.dbcp.DelegatingDatabaseMetaData@3869ca97, edges=[]) - start
169951 [main] DEBUG org.dbunit.database.search.AbstractMetaDataBasedSearchCallback  - Getting edges for node SCOPE_REQUESTCONTEXT
169951 [main] TRACE org.dbunit.database.DatabaseConfig  - getProperty(name=http://www.dbunit.org/properties/metadataHandler) - start
169951 [main] TRACE org.dbunit.database.DefaultMetadataHandler  - tableExists(metaData=org.apache.commons.dbcp.DelegatingDatabaseMetaData@3869ca97, schemaName=null, tableName=SCOPE_REQUESTCONTEXT) - start
169952 [main] DEBUG org.dbunit.util.SQLHelper  - close(resultSet=org.apache.commons.dbcp.DelegatingResultSet@65239252) - start
169953 [main] DEBUG org.dbunit.util.SQLHelper  - close(resultSet=org.apache.commons.dbcp.DelegatingResultSet@437d0b87) - start
169953 [main] DEBUG org.dbunit.util.search.DepthFirstSearch  - Adding node SCOPE_REQUESTCONTEXT to the final result
169953 [main] DEBUG org.dbunit.util.search.DepthFirstSearch  - search:SCOPE
169953 [main] DEBUG org.dbunit.database.search.ExportedKeysSearchCallback  - searchNode(node=SCOPE) - start
169953 [main] DEBUG org.dbunit.util.search.DepthFirstSearch  - Pushing SCOPE
169953 [main] DEBUG org.dbunit.database.search.ExportedKeysSearchCallback  - getEdges(node=SCOPE) - start
169953 [main] DEBUG org.dbunit.database.search.AbstractMetaDataBasedSearchCallback  - getNodesFromExportedKeys(node=SCOPE) - start
169953 [main] DEBUG org.dbunit.database.search.AbstractMetaDataBasedSearchCallback  - getNodes(type=1, node=SCOPE) - start
169953 [main] DEBUG org.dbunit.database.DatabaseDataSourceConnection  - getConnection() - start
169953 [main] DEBUG org.dbunit.database.search.AbstractMetaDataBasedSearchCallback  - getNodes(type=1, node=SCOPE, conn=Transaction-aware proxy for target Connection [jdbc:hsqldb:mem:kontrollDS, UserName=sw, HSQL Database Engine Driver], schema=null, metaData=org.apache.commons.dbcp.DelegatingDatabaseMetaData@467feeae, edges=[]) - start
169953 [main] DEBUG org.dbunit.database.search.AbstractMetaDataBasedSearchCallback  - Getting edges for node SCOPE
169953 [main] TRACE org.dbunit.database.DatabaseConfig  - getProperty(name=http://www.dbunit.org/properties/metadataHandler) - start
169953 [main] TRACE org.dbunit.database.DefaultMetadataHandler  - tableExists(metaData=org.apache.commons.dbcp.DelegatingDatabaseMetaData@467feeae, schemaName=null, tableName=SCOPE) - start
169954 [main] DEBUG org.dbunit.util.SQLHelper  - close(resultSet=org.apache.commons.dbcp.DelegatingResultSet@493d19fd) - start
169954 [main] DEBUG org.dbunit.util.QualifiedTableName  - getQualifiedNameIfEnabled(config=org.dbunit.database.DatabaseConfig[, _propertyMap={http://www.dbunit.org/properties/statementFactory=org.dbunit.database.statement.PreparedStatementFactory@626bc2b8, http://www.dbunit.org/features/caseSensitiveTableNames=false, http://www.dbunit.org/properties/fetchSize=100, http://www.dbunit.org/features/batchedStatements=false, http://www.dbunit.org/properties/metadataHandler=org.dbunit.database.DefaultMetadataHandler@62baffef, http://www.dbunit.org/properties/datatypeFactory=org.dbunit.dataset.datatype.DefaultDataTypeFactory[_toleratedDeltaMap=org.dbunit.dataset.datatype.ToleratedDeltaMap@6452310a], http://www.dbunit.org/properties/escapePattern=null, http://www.dbunit.org/properties/batchSize=100, http://www.dbunit.org/features/qualifiedTableNames=false, http://www.dbunit.org/properties/tableType=[Ljava.lang.String;@5011bafa, http://www.dbunit.org/properties/resultSetTableFactory=org.dbunit.database.CachedResultSetTableFactory@10bcf083, http://www.dbunit.org/features/datatypeWarning=true}]) - start
169955 [main] TRACE org.dbunit.database.DatabaseConfig  - getFeature(name=http://www.dbunit.org/features/qualifiedTableNames) - start
169955 [main] TRACE org.dbunit.database.DatabaseConfig  - getProperty(name=http://www.dbunit.org/features/qualifiedTableNames) - start
169955 [main] DEBUG org.dbunit.util.QualifiedTableName  - Qualified table names feature is disabled. Returning plain table name
169955 [main] DEBUG org.dbunit.util.QualifiedTableName  - getQualifiedName(prefix=null, name=SCOPE, escapePattern=null) - start
169955 [main] DEBUG org.dbunit.util.QualifiedTableName  - getQualifiedNameIfEnabled(config=org.dbunit.database.DatabaseConfig[, _propertyMap={http://www.dbunit.org/properties/statementFactory=org.dbunit.database.statement.PreparedStatementFactory@626bc2b8, http://www.dbunit.org/features/caseSensitiveTableNames=false, http://www.dbunit.org/properties/fetchSize=100, http://www.dbunit.org/features/batchedStatements=false, http://www.dbunit.org/properties/metadataHandler=org.dbunit.database.DefaultMetadataHandler@62baffef, http://www.dbunit.org/properties/datatypeFactory=org.dbunit.dataset.datatype.DefaultDataTypeFactory[_toleratedDeltaMap=org.dbunit.dataset.datatype.ToleratedDeltaMap@6452310a], http://www.dbunit.org/properties/escapePattern=null, http://www.dbunit.org/properties/batchSize=100, http://www.dbunit.org/features/qualifiedTableNames=false, http://www.dbunit.org/properties/tableType=[Ljava.lang.String;@5011bafa, http://www.dbunit.org/properties/resultSetTableFactory=org.dbunit.database.CachedResultSetTableFactory@10bcf083, http://www.dbunit.org/features/datatypeWarning=true}]) - start
169955 [main] TRACE org.dbunit.database.DatabaseConfig  - getFeature(name=http://www.dbunit.org/features/qualifiedTableNames) - start
169955 [main] TRACE org.dbunit.database.DatabaseConfig  - getProperty(name=http://www.dbunit.org/features/qualifiedTableNames) - start
169955 [main] DEBUG org.dbunit.util.QualifiedTableName  - Qualified table names feature is disabled. Returning plain table name
169955 [main] DEBUG org.dbunit.util.QualifiedTableName  - getQualifiedName(prefix=null, name=SCOPE_REQUESTCONTEXT, escapePattern=null) - start
169955 [main] DEBUG org.dbunit.database.search.AbstractMetaDataBasedSearchCallback  - newEdge(rs=org.apache.commons.dbcp.DelegatingResultSet@5d89004d, type=1, from=SCOPE, to=SCOPE_REQUESTCONTEXT, fkColumn=SCOPE_ID, pkColumn=ID) - start
169955 [main] DEBUG org.dbunit.database.search.AbstractMetaDataBasedSearchCallback  - createFKEdge(rs=org.apache.commons.dbcp.DelegatingResultSet@5d89004d, type=1, from=SCOPE, to=SCOPE_REQUESTCONTEXT, fkColumn=SCOPE_ID, pkColumn=ID) - start
169955 [main] DEBUG org.dbunit.database.search.AbstractMetaDataBasedSearchCallback  - Adding edge SCOPE_REQUESTCONTEXT(SCOPE_ID)->SCOPE(ID)
169955 [main] DEBUG org.dbunit.util.search.Edge  - compareTo(o=SCOPE_REQUESTCONTEXT(SCOPE_ID)->SCOPE(ID)) - start
169955 [main] DEBUG org.dbunit.util.QualifiedTableName  - getQualifiedNameIfEnabled(config=org.dbunit.database.DatabaseConfig[, _propertyMap={http://www.dbunit.org/properties/statementFactory=org.dbunit.database.statement.PreparedStatementFactory@626bc2b8, http://www.dbunit.org/features/caseSensitiveTableNames=false, http://www.dbunit.org/properties/fetchSize=100, http://www.dbunit.org/features/batchedStatements=false, http://www.dbunit.org/properties/metadataHandler=org.dbunit.database.DefaultMetadataHandler@62baffef, http://www.dbunit.org/properties/datatypeFactory=org.dbunit.dataset.datatype.DefaultDataTypeFactory[_toleratedDeltaMap=org.dbunit.dataset.datatype.ToleratedDeltaMap@6452310a], http://www.dbunit.org/properties/escapePattern=null, http://www.dbunit.org/properties/batchSize=100, http://www.dbunit.org/features/qualifiedTableNames=false, http://www.dbunit.org/properties/tableType=[Ljava.lang.String;@5011bafa, http://www.dbunit.org/properties/resultSetTableFactory=org.dbunit.database.CachedResultSetTableFactory@10bcf083, http://www.dbunit.org/features/datatypeWarning=true}]) - start
169955 [main] TRACE org.dbunit.database.DatabaseConfig  - getFeature(name=http://www.dbunit.org/features/qualifiedTableNames) - start
169955 [main] TRACE org.dbunit.database.DatabaseConfig  - getProperty(name=http://www.dbunit.org/features/qualifiedTableNames) - start
169955 [main] DEBUG org.dbunit.util.QualifiedTableName  - Qualified table names feature is disabled. Returning plain table name
169955 [main] DEBUG org.dbunit.util.QualifiedTableName  - getQualifiedName(prefix=null, name=SCOPE, escapePattern=null) - start
169955 [main] DEBUG org.dbunit.util.QualifiedTableName  - getQualifiedNameIfEnabled(config=org.dbunit.database.DatabaseConfig[, _propertyMap={http://www.dbunit.org/properties/statementFactory=org.dbunit.database.statement.PreparedStatementFactory@626bc2b8, http://www.dbunit.org/features/caseSensitiveTableNames=false, http://www.dbunit.org/properties/fetchSize=100, http://www.dbunit.org/features/batchedStatements=false, http://www.dbunit.org/properties/metadataHandler=org.dbunit.database.DefaultMetadataHandler@62baffef, http://www.dbunit.org/properties/datatypeFactory=org.dbunit.dataset.datatype.DefaultDataTypeFactory[_toleratedDeltaMap=org.dbunit.dataset.datatype.ToleratedDeltaMap@6452310a], http://www.dbunit.org/properties/escapePattern=null, http://www.dbunit.org/properties/batchSize=100, http://www.dbunit.org/features/qualifiedTableNames=false, http://www.dbunit.org/properties/tableType=[Ljava.lang.String;@5011bafa, http://www.dbunit.org/properties/resultSetTableFactory=org.dbunit.database.CachedResultSetTableFactory@10bcf083, http://www.dbunit.org/features/datatypeWarning=true}]) - start
169955 [main] TRACE org.dbunit.database.DatabaseConfig  - getFeature(name=http://www.dbunit.org/features/qualifiedTableNames) - start
169955 [main] TRACE org.dbunit.database.DatabaseConfig  - getProperty(name=http://www.dbunit.org/features/qualifiedTableNames) - start
169955 [main] DEBUG org.dbunit.util.QualifiedTableName  - Qualified table names feature is disabled. Returning plain table name
169955 [main] DEBUG org.dbunit.util.QualifiedTableName  - getQualifiedName(prefix=null, name=SCOPEDCONTENT, escapePattern=null) - start
169956 [main] DEBUG org.dbunit.database.search.AbstractMetaDataBasedSearchCallback  - newEdge(rs=org.apache.commons.dbcp.DelegatingResultSet@5d89004d, type=1, from=SCOPE, to=SCOPEDCONTENT, fkColumn=SCOPE, pkColumn=ID) - start
169956 [main] DEBUG org.dbunit.database.search.AbstractMetaDataBasedSearchCallback  - createFKEdge(rs=org.apache.commons.dbcp.DelegatingResultSet@5d89004d, type=1, from=SCOPE, to=SCOPEDCONTENT, fkColumn=SCOPE, pkColumn=ID) - start
169956 [main] DEBUG org.dbunit.database.search.AbstractMetaDataBasedSearchCallback  - Adding edge SCOPEDCONTENT(SCOPE)->SCOPE(ID)
169956 [main] DEBUG org.dbunit.util.search.Edge  - compareTo(o=SCOPE_REQUESTCONTEXT(SCOPE_ID)->SCOPE(ID)) - start
169956 [main] DEBUG org.dbunit.util.SQLHelper  - close(resultSet=org.apache.commons.dbcp.DelegatingResultSet@5d89004d) - start
169956 [main] DEBUG org.dbunit.util.search.DepthFirstSearch  - search:SCOPE
169956 [main] DEBUG org.dbunit.util.search.DepthFirstSearch  - already searched; returning true
169956 [main] DEBUG org.dbunit.util.search.DepthFirstSearch  - search:SCOPE
169956 [main] DEBUG org.dbunit.util.search.DepthFirstSearch  - already searched; returning true
169956 [main] DEBUG org.dbunit.util.search.DepthFirstSearch  - Adding node SCOPE to the final result
169956 [main] DEBUG org.dbunit.database.search.TablesDependencyHelper  - getDirectDependentTables(connection=_databaseConfig=org.dbunit.database.DatabaseConfig[, _propertyMap={http://www.dbunit.org/properties/statementFactory=org.dbunit.database.statement.PreparedStatementFactory@626bc2b8, http://www.dbunit.org/features/caseSensitiveTableNames=false, http://www.dbunit.org/properties/fetchSize=100, http://www.dbunit.org/features/batchedStatements=false, http://www.dbunit.org/properties/metadataHandler=org.dbunit.database.DefaultMetadataHandler@62baffef, http://www.dbunit.org/properties/datatypeFactory=org.dbunit.dataset.datatype.DefaultDataTypeFactory[_toleratedDeltaMap=org.dbunit.dataset.datatype.ToleratedDeltaMap@6452310a], http://www.dbunit.org/properties/escapePattern=null, http://www.dbunit.org/properties/batchSize=100, http://www.dbunit.org/features/qualifiedTableNames=false, http://www.dbunit.org/properties/tableType=[Ljava.lang.String;@5011bafa, http://www.dbunit.org/properties/resultSetTableFactory=org.dbunit.database.CachedResultSetTableFactory@10bcf083, http://www.dbunit.org/features/datatypeWarning=true}], _dataSet=AbstractDataSet[_orderedTableNameMap=null], tableName=SCOPE) - start
169956 [main] DEBUG org.dbunit.util.search.DepthFirstSearch  - search(nodesFrom=[SCOPE], callback=org.dbunit.database.search.ImportedKeysSearchCallback@34b666a5) - start
169956 [main] DEBUG org.dbunit.util.CollectionsHelper  - objectsToSet(objects=SCOPE) - start
169956 [main] DEBUG org.dbunit.util.search.DepthFirstSearch  - search(nodesFrom=[SCOPE], callback=org.dbunit.database.search.ImportedKeysSearchCallback@34b666a5) - start
169956 [main] DEBUG org.dbunit.util.search.DepthFirstSearch  - reverseSearch:SCOPE
169956 [main] DEBUG org.dbunit.database.search.ImportedKeysSearchCallback  - searchNode(node=SCOPE) - start
169956 [main] DEBUG org.dbunit.util.search.DepthFirstSearch  - Pushing (reverse) SCOPE
169956 [main] DEBUG org.dbunit.database.search.ImportedKeysSearchCallback  - getEdges(node=SCOPE) - start
169956 [main] DEBUG org.dbunit.database.search.AbstractMetaDataBasedSearchCallback  - getNodesFromImportedKeys(node=SCOPE) - start
169956 [main] DEBUG org.dbunit.database.search.AbstractMetaDataBasedSearchCallback  - getNodes(type=0, node=SCOPE) - start
169956 [main] DEBUG org.dbunit.database.DatabaseDataSourceConnection  - getConnection() - start
169957 [main] DEBUG org.dbunit.database.search.AbstractMetaDataBasedSearchCallback  - getNodes(type=0, node=SCOPE, conn=Transaction-aware proxy for target Connection [jdbc:hsqldb:mem:kontrollDS, UserName=sw, HSQL Database Engine Driver], schema=null, metaData=org.apache.commons.dbcp.DelegatingDatabaseMetaData@330cf5ac, edges=[]) - start
169957 [main] DEBUG org.dbunit.database.search.AbstractMetaDataBasedSearchCallback  - Getting edges for node SCOPE
169957 [main] TRACE org.dbunit.database.DatabaseConfig  - getProperty(name=http://www.dbunit.org/properties/metadataHandler) - start
169957 [main] TRACE org.dbunit.database.DefaultMetadataHandler  - tableExists(metaData=org.apache.commons.dbcp.DelegatingDatabaseMetaData@330cf5ac, schemaName=null, tableName=SCOPE) - start
169958 [main] DEBUG org.dbunit.util.SQLHelper  - close(resultSet=org.apache.commons.dbcp.DelegatingResultSet@235b4ece) - start
169958 [main] DEBUG org.dbunit.util.SQLHelper  - close(resultSet=org.apache.commons.dbcp.DelegatingResultSet@3daa72b7) - start
169958 [main] DEBUG org.dbunit.util.search.DepthFirstSearch  - search:SCOPE
169958 [main] DEBUG org.dbunit.database.search.ImportedKeysSearchCallback  - searchNode(node=SCOPE) - start
169958 [main] DEBUG org.dbunit.util.search.DepthFirstSearch  - Pushing SCOPE
169958 [main] DEBUG org.dbunit.database.search.ImportedKeysSearchCallback  - getEdges(node=SCOPE) - start
169958 [main] DEBUG org.dbunit.database.search.AbstractMetaDataBasedSearchCallback  - getNodesFromImportedKeys(node=SCOPE) - start
169958 [main] DEBUG org.dbunit.database.search.AbstractMetaDataBasedSearchCallback  - getNodes(type=0, node=SCOPE) - start
169958 [main] DEBUG org.dbunit.database.DatabaseDataSourceConnection  - getConnection() - start
169958 [main] DEBUG org.dbunit.database.search.AbstractMetaDataBasedSearchCallback  - getNodes(type=0, node=SCOPE, conn=Transaction-aware proxy for target Connection [jdbc:hsqldb:mem:kontrollDS, UserName=sw, HSQL Database Engine Driver], schema=null, metaData=org.apache.commons.dbcp.DelegatingDatabaseMetaData@1516c02, edges=[]) - start
169958 [main] DEBUG org.dbunit.database.search.AbstractMetaDataBasedSearchCallback  - Getting edges for node SCOPE
169958 [main] TRACE org.dbunit.database.DatabaseConfig  - getProperty(name=http://www.dbunit.org/properties/metadataHandler) - start
169958 [main] TRACE org.dbunit.database.DefaultMetadataHandler  - tableExists(metaData=org.apache.commons.dbcp.DelegatingDatabaseMetaData@1516c02, schemaName=null, tableName=SCOPE) - start
169959 [main] DEBUG org.dbunit.util.SQLHelper  - close(resultSet=org.apache.commons.dbcp.DelegatingResultSet@19f7841e) - start
169960 [main] DEBUG org.dbunit.util.SQLHelper  - close(resultSet=org.apache.commons.dbcp.DelegatingResultSet@5a709287) - start
169960 [main] DEBUG org.dbunit.util.search.DepthFirstSearch  - Adding node SCOPE to the final result
169960 [main] DEBUG org.dbunit.database.DatabaseSequenceFilter  - getDependencyInfo(connection=_databaseConfig=org.dbunit.database.DatabaseConfig[, _propertyMap={http://www.dbunit.org/properties/statementFactory=org.dbunit.database.statement.PreparedStatementFactory@626bc2b8, http://www.dbunit.org/features/caseSensitiveTableNames=false, http://www.dbunit.org/properties/fetchSize=100, http://www.dbunit.org/features/batchedStatements=false, http://www.dbunit.org/properties/metadataHandler=org.dbunit.database.DefaultMetadataHandler@62baffef, http://www.dbunit.org/properties/datatypeFactory=org.dbunit.dataset.datatype.DefaultDataTypeFactory[_toleratedDeltaMap=org.dbunit.dataset.datatype.ToleratedDeltaMap@6452310a], http://www.dbunit.org/properties/escapePattern=null, http://www.dbunit.org/properties/batchSize=100, http://www.dbunit.org/features/qualifiedTableNames=false, http://www.dbunit.org/properties/tableType=[Ljava.lang.String;@5011bafa, http://www.dbunit.org/properties/resultSetTableFactory=org.dbunit.database.CachedResultSetTableFactory@10bcf083, http://www.dbunit.org/features/datatypeWarning=true}], _dataSet=AbstractDataSet[_orderedTableNameMap=null], tableName=SCOPEDCONTENT) - start
169960 [main] DEBUG org.dbunit.database.search.TablesDependencyHelper  - getDependentTables(connection=_databaseConfig=org.dbunit.database.DatabaseConfig[, _propertyMap={http://www.dbunit.org/properties/statementFactory=org.dbunit.database.statement.PreparedStatementFactory@626bc2b8, http://www.dbunit.org/features/caseSensitiveTableNames=false, http://www.dbunit.org/properties/fetchSize=100, http://www.dbunit.org/features/batchedStatements=false, http://www.dbunit.org/properties/metadataHandler=org.dbunit.database.DefaultMetadataHandler@62baffef, http://www.dbunit.org/properties/datatypeFactory=org.dbunit.dataset.datatype.DefaultDataTypeFactory[_toleratedDeltaMap=org.dbunit.dataset.datatype.ToleratedDeltaMap@6452310a], http://www.dbunit.org/properties/escapePattern=null, http://www.dbunit.org/properties/batchSize=100, http://www.dbunit.org/features/qualifiedTableNames=false, http://www.dbunit.org/properties/tableType=[Ljava.lang.String;@5011bafa, http://www.dbunit.org/properties/resultSetTableFactory=org.dbunit.database.CachedResultSetTableFactory@10bcf083, http://www.dbunit.org/features/datatypeWarning=true}], _dataSet=AbstractDataSet[_orderedTableNameMap=null], rootTable=SCOPEDCONTENT) - start
169960 [main] DEBUG org.dbunit.database.search.TablesDependencyHelper  - getDependentTables(connection=_databaseConfig=org.dbunit.database.DatabaseConfig[, _propertyMap={http://www.dbunit.org/properties/statementFactory=org.dbunit.database.statement.PreparedStatementFactory@626bc2b8, http://www.dbunit.org/features/caseSensitiveTableNames=false, http://www.dbunit.org/properties/fetchSize=100, http://www.dbunit.org/features/batchedStatements=false, http://www.dbunit.org/properties/metadataHandler=org.dbunit.database.DefaultMetadataHandler@62baffef, http://www.dbunit.org/properties/datatypeFactory=org.dbunit.dataset.datatype.DefaultDataTypeFactory[_toleratedDeltaMap=org.dbunit.dataset.datatype.ToleratedDeltaMap@6452310a], http://www.dbunit.org/properties/escapePattern=null, http://www.dbunit.org/properties/batchSize=100, http://www.dbunit.org/features/qualifiedTableNames=false, http://www.dbunit.org/properties/tableType=[Ljava.lang.String;@5011bafa, http://www.dbunit.org/properties/resultSetTableFactory=org.dbunit.database.CachedResultSetTableFactory@10bcf083, http://www.dbunit.org/features/datatypeWarning=true}], _dataSet=AbstractDataSet[_orderedTableNameMap=null], rootTables=[SCOPEDCONTENT]) - start
169960 [main] DEBUG org.dbunit.util.search.DepthFirstSearch  - search(nodesFrom=[SCOPEDCONTENT], callback=org.dbunit.database.search.ImportedKeysSearchCallback@1debf742) - start
169960 [main] DEBUG org.dbunit.util.CollectionsHelper  - objectsToSet(objects=SCOPEDCONTENT) - start
169960 [main] DEBUG org.dbunit.util.search.DepthFirstSearch  - search(nodesFrom=[SCOPEDCONTENT], callback=org.dbunit.database.search.ImportedKeysSearchCallback@1debf742) - start
169960 [main] DEBUG org.dbunit.util.search.DepthFirstSearch  - reverseSearch:SCOPEDCONTENT
169960 [main] DEBUG org.dbunit.database.search.ImportedKeysSearchCallback  - searchNode(node=SCOPEDCONTENT) - start
169960 [main] DEBUG org.dbunit.util.search.DepthFirstSearch  - Pushing (reverse) SCOPEDCONTENT
169960 [main] DEBUG org.dbunit.database.search.ImportedKeysSearchCallback  - getEdges(node=SCOPEDCONTENT) - start
169960 [main] DEBUG org.dbunit.database.search.AbstractMetaDataBasedSearchCallback  - getNodesFromImportedKeys(node=SCOPEDCONTENT) - start
169960 [main] DEBUG org.dbunit.database.search.AbstractMetaDataBasedSearchCallback  - getNodes(type=0, node=SCOPEDCONTENT) - start
169960 [main] DEBUG org.dbunit.database.DatabaseDataSourceConnection  - getConnection() - start
169960 [main] DEBUG org.dbunit.database.search.AbstractMetaDataBasedSearchCallback  - getNodes(type=0, node=SCOPEDCONTENT, conn=Transaction-aware proxy for target Connection [jdbc:hsqldb:mem:kontrollDS, UserName=sw, HSQL Database Engine Driver], schema=null, metaData=org.apache.commons.dbcp.DelegatingDatabaseMetaData@6eb61d66, edges=[]) - start
169960 [main] DEBUG org.dbunit.database.search.AbstractMetaDataBasedSearchCallback  - Getting edges for node SCOPEDCONTENT
169960 [main] TRACE org.dbunit.database.DatabaseConfig  - getProperty(name=http://www.dbunit.org/properties/metadataHandler) - start
169960 [main] TRACE org.dbunit.database.DefaultMetadataHandler  - tableExists(metaData=org.apache.commons.dbcp.DelegatingDatabaseMetaData@6eb61d66, schemaName=null, tableName=SCOPEDCONTENT) - start
169961 [main] DEBUG org.dbunit.util.SQLHelper  - close(resultSet=org.apache.commons.dbcp.DelegatingResultSet@7deed826) - start
169962 [main] DEBUG org.dbunit.util.QualifiedTableName  - getQualifiedNameIfEnabled(config=org.dbunit.database.DatabaseConfig[, _propertyMap={http://www.dbunit.org/properties/statementFactory=org.dbunit.database.statement.PreparedStatementFactory@626bc2b8, http://www.dbunit.org/features/caseSensitiveTableNames=false, http://www.dbunit.org/properties/fetchSize=100, http://www.dbunit.org/features/batchedStatements=false, http://www.dbunit.org/properties/metadataHandler=org.dbunit.database.DefaultMetadataHandler@62baffef, http://www.dbunit.org/properties/datatypeFactory=org.dbunit.dataset.datatype.DefaultDataTypeFactory[_toleratedDeltaMap=org.dbunit.dataset.datatype.ToleratedDeltaMap@6452310a], http://www.dbunit.org/properties/escapePattern=null, http://www.dbunit.org/properties/batchSize=100, http://www.dbunit.org/features/qualifiedTableNames=false, http://www.dbunit.org/properties/tableType=[Ljava.lang.String;@5011bafa, http://www.dbunit.org/properties/resultSetTableFactory=org.dbunit.database.CachedResultSetTableFactory@10bcf083, http://www.dbunit.org/features/datatypeWarning=true}]) - start
169962 [main] TRACE org.dbunit.database.DatabaseConfig  - getFeature(name=http://www.dbunit.org/features/qualifiedTableNames) - start
169962 [main] TRACE org.dbunit.database.DatabaseConfig  - getProperty(name=http://www.dbunit.org/features/qualifiedTableNames) - start
169962 [main] DEBUG org.dbunit.util.QualifiedTableName  - Qualified table names feature is disabled. Returning plain table name
169962 [main] DEBUG org.dbunit.util.QualifiedTableName  - getQualifiedName(prefix=null, name=SCOPEDCONTENT, escapePattern=null) - start
169962 [main] DEBUG org.dbunit.util.QualifiedTableName  - getQualifiedNameIfEnabled(config=org.dbunit.database.DatabaseConfig[, _propertyMap={http://www.dbunit.org/properties/statementFactory=org.dbunit.database.statement.PreparedStatementFactory@626bc2b8, http://www.dbunit.org/features/caseSensitiveTableNames=false, http://www.dbunit.org/properties/fetchSize=100, http://www.dbunit.org/features/batchedStatements=false, http://www.dbunit.org/properties/metadataHandler=org.dbunit.database.DefaultMetadataHandler@62baffef, http://www.dbunit.org/properties/datatypeFactory=org.dbunit.dataset.datatype.DefaultDataTypeFactory[_toleratedDeltaMap=org.dbunit.dataset.datatype.ToleratedDeltaMap@6452310a], http://www.dbunit.org/properties/escapePattern=null, http://www.dbunit.org/properties/batchSize=100, http://www.dbunit.org/features/qualifiedTableNames=false, http://www.dbunit.org/properties/tableType=[Ljava.lang.String;@5011bafa, http://www.dbunit.org/properties/resultSetTableFactory=org.dbunit.database.CachedResultSetTableFactory@10bcf083, http://www.dbunit.org/features/datatypeWarning=true}]) - start
169962 [main] TRACE org.dbunit.database.DatabaseConfig  - getFeature(name=http://www.dbunit.org/features/qualifiedTableNames) - start
169962 [main] TRACE org.dbunit.database.DatabaseConfig  - getProperty(name=http://www.dbunit.org/features/qualifiedTableNames) - start
169962 [main] DEBUG org.dbunit.util.QualifiedTableName  - Qualified table names feature is disabled. Returning plain table name
169962 [main] DEBUG org.dbunit.util.QualifiedTableName  - getQualifiedName(prefix=null, name=SCOPE, escapePattern=null) - start
169962 [main] DEBUG org.dbunit.database.search.AbstractMetaDataBasedSearchCallback  - newEdge(rs=org.apache.commons.dbcp.DelegatingResultSet@4b26b819, type=0, from=SCOPEDCONTENT, to=SCOPE, fkColumn=SCOPE, pkColumn=ID) - start
169962 [main] DEBUG org.dbunit.database.search.AbstractMetaDataBasedSearchCallback  - createFKEdge(rs=org.apache.commons.dbcp.DelegatingResultSet@4b26b819, type=0, from=SCOPEDCONTENT, to=SCOPE, fkColumn=SCOPE, pkColumn=ID) - start
169962 [main] DEBUG org.dbunit.database.search.AbstractMetaDataBasedSearchCallback  - Adding edge SCOPEDCONTENT(SCOPE)->SCOPE(ID)
169962 [main] DEBUG org.dbunit.util.search.Edge  - compareTo(o=SCOPEDCONTENT(SCOPE)->SCOPE(ID)) - start
169962 [main] DEBUG org.dbunit.util.SQLHelper  - close(resultSet=org.apache.commons.dbcp.DelegatingResultSet@4b26b819) - start
169962 [main] DEBUG org.dbunit.util.search.DepthFirstSearch  - search:SCOPEDCONTENT
169962 [main] DEBUG org.dbunit.database.search.ImportedKeysSearchCallback  - searchNode(node=SCOPEDCONTENT) - start
169962 [main] DEBUG org.dbunit.util.search.DepthFirstSearch  - Pushing SCOPEDCONTENT
169962 [main] DEBUG org.dbunit.database.search.ImportedKeysSearchCallback  - getEdges(node=SCOPEDCONTENT) - start
169963 [main] DEBUG org.dbunit.database.search.AbstractMetaDataBasedSearchCallback  - getNodesFromImportedKeys(node=SCOPEDCONTENT) - start
169963 [main] DEBUG org.dbunit.database.search.AbstractMetaDataBasedSearchCallback  - getNodes(type=0, node=SCOPEDCONTENT) - start
169963 [main] DEBUG org.dbunit.database.DatabaseDataSourceConnection  - getConnection() - start
169963 [main] DEBUG org.dbunit.database.search.AbstractMetaDataBasedSearchCallback  - getNodes(type=0, node=SCOPEDCONTENT, conn=Transaction-aware proxy for target Connection [jdbc:hsqldb:mem:kontrollDS, UserName=sw, HSQL Database Engine Driver], schema=null, metaData=org.apache.commons.dbcp.DelegatingDatabaseMetaData@5b0097da, edges=[]) - start
169963 [main] DEBUG org.dbunit.database.search.AbstractMetaDataBasedSearchCallback  - Getting edges for node SCOPEDCONTENT
169963 [main] TRACE org.dbunit.database.DatabaseConfig  - getProperty(name=http://www.dbunit.org/properties/metadataHandler) - start
169963 [main] TRACE org.dbunit.database.DefaultMetadataHandler  - tableExists(metaData=org.apache.commons.dbcp.DelegatingDatabaseMetaData@5b0097da, schemaName=null, tableName=SCOPEDCONTENT) - start
169964 [main] DEBUG org.dbunit.util.SQLHelper  - close(resultSet=org.apache.commons.dbcp.DelegatingResultSet@6a2aba1a) - start
169964 [main] DEBUG org.dbunit.util.QualifiedTableName  - getQualifiedNameIfEnabled(config=org.dbunit.database.DatabaseConfig[, _propertyMap={http://www.dbunit.org/properties/statementFactory=org.dbunit.database.statement.PreparedStatementFactory@626bc2b8, http://www.dbunit.org/features/caseSensitiveTableNames=false, http://www.dbunit.org/properties/fetchSize=100, http://www.dbunit.org/features/batchedStatements=false, http://www.dbunit.org/properties/metadataHandler=org.dbunit.database.DefaultMetadataHandler@62baffef, http://www.dbunit.org/properties/datatypeFactory=org.dbunit.dataset.datatype.DefaultDataTypeFactory[_toleratedDeltaMap=org.dbunit.dataset.datatype.ToleratedDeltaMap@6452310a], http://www.dbunit.org/properties/escapePattern=null, http://www.dbunit.org/properties/batchSize=100, http://www.dbunit.org/features/qualifiedTableNames=false, http://www.dbunit.org/properties/tableType=[Ljava.lang.String;@5011bafa, http://www.dbunit.org/properties/resultSetTableFactory=org.dbunit.database.CachedResultSetTableFactory@10bcf083, http://www.dbunit.org/features/datatypeWarning=true}]) - start
169964 [main] TRACE org.dbunit.database.DatabaseConfig  - getFeature(name=http://www.dbunit.org/features/qualifiedTableNames) - start
169964 [main] TRACE org.dbunit.database.DatabaseConfig  - getProperty(name=http://www.dbunit.org/features/qualifiedTableNames) - start
169965 [main] DEBUG org.dbunit.util.QualifiedTableName  - Qualified table names feature is disabled. Returning plain table name
169965 [main] DEBUG org.dbunit.util.QualifiedTableName  - getQualifiedName(prefix=null, name=SCOPEDCONTENT, escapePattern=null) - start
169965 [main] DEBUG org.dbunit.util.QualifiedTableName  - getQualifiedNameIfEnabled(config=org.dbunit.database.DatabaseConfig[, _propertyMap={http://www.dbunit.org/properties/statementFactory=org.dbunit.database.statement.PreparedStatementFactory@626bc2b8, http://www.dbunit.org/features/caseSensitiveTableNames=false, http://www.dbunit.org/properties/fetchSize=100, http://www.dbunit.org/features/batchedStatements=false, http://www.dbunit.org/properties/metadataHandler=org.dbunit.database.DefaultMetadataHandler@62baffef, http://www.dbunit.org/properties/datatypeFactory=org.dbunit.dataset.datatype.DefaultDataTypeFactory[_toleratedDeltaMap=org.dbunit.dataset.datatype.ToleratedDeltaMap@6452310a], http://www.dbunit.org/properties/escapePattern=null, http://www.dbunit.org/properties/batchSize=100, http://www.dbunit.org/features/qualifiedTableNames=false, http://www.dbunit.org/properties/tableType=[Ljava.lang.String;@5011bafa, http://www.dbunit.org/properties/resultSetTableFactory=org.dbunit.database.CachedResultSetTableFactory@10bcf083, http://www.dbunit.org/features/datatypeWarning=true}]) - start
169965 [main] TRACE org.dbunit.database.DatabaseConfig  - getFeature(name=http://www.dbunit.org/features/qualifiedTableNames) - start
169965 [main] TRACE org.dbunit.database.DatabaseConfig  - getProperty(name=http://www.dbunit.org/features/qualifiedTableNames) - start
169965 [main] DEBUG org.dbunit.util.QualifiedTableName  - Qualified table names feature is disabled. Returning plain table name
169965 [main] DEBUG org.dbunit.util.QualifiedTableName  - getQualifiedName(prefix=null, name=SCOPE, escapePattern=null) - start
169965 [main] DEBUG org.dbunit.database.search.AbstractMetaDataBasedSearchCallback  - newEdge(rs=org.apache.commons.dbcp.DelegatingResultSet@60161e0f, type=0, from=SCOPEDCONTENT, to=SCOPE, fkColumn=SCOPE, pkColumn=ID) - start
169965 [main] DEBUG org.dbunit.database.search.AbstractMetaDataBasedSearchCallback  - createFKEdge(rs=org.apache.commons.dbcp.DelegatingResultSet@60161e0f, type=0, from=SCOPEDCONTENT, to=SCOPE, fkColumn=SCOPE, pkColumn=ID) - start
169965 [main] DEBUG org.dbunit.database.search.AbstractMetaDataBasedSearchCallback  - Adding edge SCOPEDCONTENT(SCOPE)->SCOPE(ID)
169965 [main] DEBUG org.dbunit.util.search.Edge  - compareTo(o=SCOPEDCONTENT(SCOPE)->SCOPE(ID)) - start
169965 [main] DEBUG org.dbunit.util.SQLHelper  - close(resultSet=org.apache.commons.dbcp.DelegatingResultSet@60161e0f) - start
169965 [main] DEBUG org.dbunit.util.search.DepthFirstSearch  - search:SCOPE
169965 [main] DEBUG org.dbunit.database.search.ImportedKeysSearchCallback  - searchNode(node=SCOPE) - start
169965 [main] DEBUG org.dbunit.util.search.DepthFirstSearch  - Pushing SCOPE
169965 [main] DEBUG org.dbunit.database.search.ImportedKeysSearchCallback  - getEdges(node=SCOPE) - start
169965 [main] DEBUG org.dbunit.database.search.AbstractMetaDataBasedSearchCallback  - getNodesFromImportedKeys(node=SCOPE) - start
169965 [main] DEBUG org.dbunit.database.search.AbstractMetaDataBasedSearchCallback  - getNodes(type=0, node=SCOPE) - start
169965 [main] DEBUG org.dbunit.database.DatabaseDataSourceConnection  - getConnection() - start
169965 [main] DEBUG org.dbunit.database.search.AbstractMetaDataBasedSearchCallback  - getNodes(type=0, node=SCOPE, conn=Transaction-aware proxy for target Connection [jdbc:hsqldb:mem:kontrollDS, UserName=sw, HSQL Database Engine Driver], schema=null, metaData=org.apache.commons.dbcp.DelegatingDatabaseMetaData@4c0f9c11, edges=[]) - start
169965 [main] DEBUG org.dbunit.database.search.AbstractMetaDataBasedSearchCallback  - Getting edges for node SCOPE
169965 [main] TRACE org.dbunit.database.DatabaseConfig  - getProperty(name=http://www.dbunit.org/properties/metadataHandler) - start
169965 [main] TRACE org.dbunit.database.DefaultMetadataHandler  - tableExists(metaData=org.apache.commons.dbcp.DelegatingDatabaseMetaData@4c0f9c11, schemaName=null, tableName=SCOPE) - start
169966 [main] DEBUG org.dbunit.util.SQLHelper  - close(resultSet=org.apache.commons.dbcp.DelegatingResultSet@344506a2) - start
169967 [main] DEBUG org.dbunit.util.SQLHelper  - close(resultSet=org.apache.commons.dbcp.DelegatingResultSet@ac80ecf) - start
169967 [main] DEBUG org.dbunit.util.search.DepthFirstSearch  - Adding node SCOPE to the final result
169967 [main] DEBUG org.dbunit.util.search.DepthFirstSearch  - Adding node SCOPEDCONTENT to the final result
169967 [main] DEBUG org.dbunit.util.search.DepthFirstSearch  - reverseSearch:SCOPEDCONTENT
169967 [main] DEBUG org.dbunit.util.search.DepthFirstSearch  - already searched; returning true
169967 [main] DEBUG org.dbunit.util.search.DepthFirstSearch  - reverseSearch:SCOPE
169967 [main] DEBUG org.dbunit.database.search.ImportedKeysSearchCallback  - searchNode(node=SCOPE) - start
169967 [main] DEBUG org.dbunit.util.search.DepthFirstSearch  - Pushing (reverse) SCOPE
169967 [main] DEBUG org.dbunit.database.search.ImportedKeysSearchCallback  - getEdges(node=SCOPE) - start
169967 [main] DEBUG org.dbunit.database.search.AbstractMetaDataBasedSearchCallback  - getNodesFromImportedKeys(node=SCOPE) - start
169967 [main] DEBUG org.dbunit.database.search.AbstractMetaDataBasedSearchCallback  - getNodes(type=0, node=SCOPE) - start
169967 [main] DEBUG org.dbunit.database.DatabaseDataSourceConnection  - getConnection() - start
169967 [main] DEBUG org.dbunit.database.search.AbstractMetaDataBasedSearchCallback  - getNodes(type=0, node=SCOPE, conn=Transaction-aware proxy for target Connection [jdbc:hsqldb:mem:kontrollDS, UserName=sw, HSQL Database Engine Driver], schema=null, metaData=org.apache.commons.dbcp.DelegatingDatabaseMetaData@54443d90, edges=[]) - start
169967 [main] DEBUG org.dbunit.database.search.AbstractMetaDataBasedSearchCallback  - Getting edges for node SCOPE
169968 [main] TRACE org.dbunit.database.DatabaseConfig  - getProperty(name=http://www.dbunit.org/properties/metadataHandler) - start
169968 [main] TRACE org.dbunit.database.DefaultMetadataHandler  - tableExists(metaData=org.apache.commons.dbcp.DelegatingDatabaseMetaData@54443d90, schemaName=null, tableName=SCOPE) - start
169969 [main] DEBUG org.dbunit.util.SQLHelper  - close(resultSet=org.apache.commons.dbcp.DelegatingResultSet@4ba62526) - start
169969 [main] DEBUG org.dbunit.util.SQLHelper  - close(resultSet=org.apache.commons.dbcp.DelegatingResultSet@538af606) - start
169969 [main] DEBUG org.dbunit.util.search.DepthFirstSearch  - search:SCOPEDCONTENT
169969 [main] DEBUG org.dbunit.util.search.DepthFirstSearch  - already searched; returning true
169969 [main] DEBUG org.dbunit.util.search.DepthFirstSearch  - search:SCOPE
169969 [main] DEBUG org.dbunit.util.search.DepthFirstSearch  - already searched; returning true
169969 [main] DEBUG org.dbunit.util.CollectionsHelper  - setToStrings(set=[SCOPE, SCOPEDCONTENT]) - start
169969 [main] DEBUG org.dbunit.database.search.TablesDependencyHelper  - getDependsOnTables(connection=_databaseConfig=org.dbunit.database.DatabaseConfig[, _propertyMap={http://www.dbunit.org/properties/statementFactory=org.dbunit.database.statement.PreparedStatementFactory@626bc2b8, http://www.dbunit.org/features/caseSensitiveTableNames=false, http://www.dbunit.org/properties/fetchSize=100, http://www.dbunit.org/features/batchedStatements=false, http://www.dbunit.org/properties/metadataHandler=org.dbunit.database.DefaultMetadataHandler@62baffef, http://www.dbunit.org/properties/datatypeFactory=org.dbunit.dataset.datatype.DefaultDataTypeFactory[_toleratedDeltaMap=org.dbunit.dataset.datatype.ToleratedDeltaMap@6452310a], http://www.dbunit.org/properties/escapePattern=null, http://www.dbunit.org/properties/batchSize=100, http://www.dbunit.org/features/qualifiedTableNames=false, http://www.dbunit.org/properties/tableType=[Ljava.lang.String;@5011bafa, http://www.dbunit.org/properties/resultSetTableFactory=org.dbunit.database.CachedResultSetTableFactory@10bcf083, http://www.dbunit.org/features/datatypeWarning=true}], _dataSet=AbstractDataSet[_orderedTableNameMap=null], rootTable=SCOPEDCONTENT) - start
169969 [main] DEBUG org.dbunit.util.search.DepthFirstSearch  - search(nodesFrom=[SCOPEDCONTENT], callback=org.dbunit.database.search.ExportedKeysSearchCallback@35902932) - start
169969 [main] DEBUG org.dbunit.util.CollectionsHelper  - objectsToSet(objects=SCOPEDCONTENT) - start
169969 [main] DEBUG org.dbunit.util.search.DepthFirstSearch  - search(nodesFrom=[SCOPEDCONTENT], callback=org.dbunit.database.search.ExportedKeysSearchCallback@35902932) - start
169969 [main] DEBUG org.dbunit.util.search.DepthFirstSearch  - reverseSearch:SCOPEDCONTENT
169969 [main] DEBUG org.dbunit.database.search.ExportedKeysSearchCallback  - searchNode(node=SCOPEDCONTENT) - start
169969 [main] DEBUG org.dbunit.util.search.DepthFirstSearch  - Pushing (reverse) SCOPEDCONTENT
169969 [main] DEBUG org.dbunit.database.search.ExportedKeysSearchCallback  - getEdges(node=SCOPEDCONTENT) - start
169970 [main] DEBUG org.dbunit.database.search.AbstractMetaDataBasedSearchCallback  - getNodesFromExportedKeys(node=SCOPEDCONTENT) - start
169970 [main] DEBUG org.dbunit.database.search.AbstractMetaDataBasedSearchCallback  - getNodes(type=1, node=SCOPEDCONTENT) - start
169970 [main] DEBUG org.dbunit.database.DatabaseDataSourceConnection  - getConnection() - start
169970 [main] DEBUG org.dbunit.database.search.AbstractMetaDataBasedSearchCallback  - getNodes(type=1, node=SCOPEDCONTENT, conn=Transaction-aware proxy for target Connection [jdbc:hsqldb:mem:kontrollDS, UserName=sw, HSQL Database Engine Driver], schema=null, metaData=org.apache.commons.dbcp.DelegatingDatabaseMetaData@b80ad17, edges=[]) - start
169970 [main] DEBUG org.dbunit.database.search.AbstractMetaDataBasedSearchCallback  - Getting edges for node SCOPEDCONTENT
169970 [main] TRACE org.dbunit.database.DatabaseConfig  - getProperty(name=http://www.dbunit.org/properties/metadataHandler) - start
169970 [main] TRACE org.dbunit.database.DefaultMetadataHandler  - tableExists(metaData=org.apache.commons.dbcp.DelegatingDatabaseMetaData@b80ad17, schemaName=null, tableName=SCOPEDCONTENT) - start
169971 [main] DEBUG org.dbunit.util.SQLHelper  - close(resultSet=org.apache.commons.dbcp.DelegatingResultSet@1e177eb7) - start
169971 [main] DEBUG org.dbunit.util.QualifiedTableName  - getQualifiedNameIfEnabled(config=org.dbunit.database.DatabaseConfig[, _propertyMap={http://www.dbunit.org/properties/statementFactory=org.dbunit.database.statement.PreparedStatementFactory@626bc2b8, http://www.dbunit.org/features/caseSensitiveTableNames=false, http://www.dbunit.org/properties/fetchSize=100, http://www.dbunit.org/features/batchedStatements=false, http://www.dbunit.org/properties/metadataHandler=org.dbunit.database.DefaultMetadataHandler@62baffef, http://www.dbunit.org/properties/datatypeFactory=org.dbunit.dataset.datatype.DefaultDataTypeFactory[_toleratedDeltaMap=org.dbunit.dataset.datatype.ToleratedDeltaMap@6452310a], http://www.dbunit.org/properties/escapePattern=null, http://www.dbunit.org/properties/batchSize=100, http://www.dbunit.org/features/qualifiedTableNames=false, http://www.dbunit.org/properties/tableType=[Ljava.lang.String;@5011bafa, http://www.dbunit.org/properties/resultSetTableFactory=org.dbunit.database.CachedResultSetTableFactory@10bcf083, http://www.dbunit.org/features/datatypeWarning=true}]) - start
169971 [main] TRACE org.dbunit.database.DatabaseConfig  - getFeature(name=http://www.dbunit.org/features/qualifiedTableNames) - start
169971 [main] TRACE org.dbunit.database.DatabaseConfig  - getProperty(name=http://www.dbunit.org/features/qualifiedTableNames) - start
169971 [main] DEBUG org.dbunit.util.QualifiedTableName  - Qualified table names feature is disabled. Returning plain table name
169971 [main] DEBUG org.dbunit.util.QualifiedTableName  - getQualifiedName(prefix=null, name=SCOPEDCONTENT, escapePattern=null) - start
169971 [main] DEBUG org.dbunit.util.QualifiedTableName  - getQualifiedNameIfEnabled(config=org.dbunit.database.DatabaseConfig[, _propertyMap={http://www.dbunit.org/properties/statementFactory=org.dbunit.database.statement.PreparedStatementFactory@626bc2b8, http://www.dbunit.org/features/caseSensitiveTableNames=false, http://www.dbunit.org/properties/fetchSize=100, http://www.dbunit.org/features/batchedStatements=false, http://www.dbunit.org/properties/metadataHandler=org.dbunit.database.DefaultMetadataHandler@62baffef, http://www.dbunit.org/properties/datatypeFactory=org.dbunit.dataset.datatype.DefaultDataTypeFactory[_toleratedDeltaMap=org.dbunit.dataset.datatype.ToleratedDeltaMap@6452310a], http://www.dbunit.org/properties/escapePattern=null, http://www.dbunit.org/properties/batchSize=100, http://www.dbunit.org/features/qualifiedTableNames=false, http://www.dbunit.org/properties/tableType=[Ljava.lang.String;@5011bafa, http://www.dbunit.org/properties/resultSetTableFactory=org.dbunit.database.CachedResultSetTableFactory@10bcf083, http://www.dbunit.org/features/datatypeWarning=true}]) - start
169971 [main] TRACE org.dbunit.database.DatabaseConfig  - getFeature(name=http://www.dbunit.org/features/qualifiedTableNames) - start
169971 [main] TRACE org.dbunit.database.DatabaseConfig  - getProperty(name=http://www.dbunit.org/features/qualifiedTableNames) - start
169971 [main] DEBUG org.dbunit.util.QualifiedTableName  - Qualified table names feature is disabled. Returning plain table name
169971 [main] DEBUG org.dbunit.util.QualifiedTableName  - getQualifiedName(prefix=null, name=SCOPEDCONTENTCONDITIONS_SCOPEDCONTENT, escapePattern=null) - start
169971 [main] DEBUG org.dbunit.database.search.AbstractMetaDataBasedSearchCallback  - newEdge(rs=org.apache.commons.dbcp.DelegatingResultSet@7c30d41, type=1, from=SCOPEDCONTENT, to=SCOPEDCONTENTCONDITIONS_SCOPEDCONTENT, fkColumn=SCOPED_CONTENT_ID, pkColumn=ID) - start
169971 [main] DEBUG org.dbunit.database.search.AbstractMetaDataBasedSearchCallback  - createFKEdge(rs=org.apache.commons.dbcp.DelegatingResultSet@7c30d41, type=1, from=SCOPEDCONTENT, to=SCOPEDCONTENTCONDITIONS_SCOPEDCONTENT, fkColumn=SCOPED_CONTENT_ID, pkColumn=ID) - start
169971 [main] DEBUG org.dbunit.database.search.AbstractMetaDataBasedSearchCallback  - Adding edge SCOPEDCONTENTCONDITIONS_SCOPEDCONTENT(SCOPED_CONTENT_ID)->SCOPEDCONTENT(ID)
169972 [main] DEBUG org.dbunit.util.search.Edge  - compareTo(o=SCOPEDCONTENTCONDITIONS_SCOPEDCONTENT(SCOPED_CONTENT_ID)->SCOPEDCONTENT(ID)) - start
169972 [main] DEBUG org.dbunit.util.QualifiedTableName  - getQualifiedNameIfEnabled(config=org.dbunit.database.DatabaseConfig[, _propertyMap={http://www.dbunit.org/properties/statementFactory=org.dbunit.database.statement.PreparedStatementFactory@626bc2b8, http://www.dbunit.org/features/caseSensitiveTableNames=false, http://www.dbunit.org/properties/fetchSize=100, http://www.dbunit.org/features/batchedStatements=false, http://www.dbunit.org/properties/metadataHandler=org.dbunit.database.DefaultMetadataHandler@62baffef, http://www.dbunit.org/properties/datatypeFactory=org.dbunit.dataset.datatype.DefaultDataTypeFactory[_toleratedDeltaMap=org.dbunit.dataset.datatype.ToleratedDeltaMap@6452310a], http://www.dbunit.org/properties/escapePattern=null, http://www.dbunit.org/properties/batchSize=100, http://www.dbunit.org/features/qualifiedTableNames=false, http://www.dbunit.org/properties/tableType=[Ljava.lang.String;@5011bafa, http://www.dbunit.org/properties/resultSetTableFactory=org.dbunit.database.CachedResultSetTableFactory@10bcf083, http://www.dbunit.org/features/datatypeWarning=true}]) - start
169972 [main] TRACE org.dbunit.database.DatabaseConfig  - getFeature(name=http://www.dbunit.org/features/qualifiedTableNames) - start
169972 [main] TRACE org.dbunit.database.DatabaseConfig  - getProperty(name=http://www.dbunit.org/features/qualifiedTableNames) - start
169972 [main] DEBUG org.dbunit.util.QualifiedTableName  - Qualified table names feature is disabled. Returning plain table name
169972 [main] DEBUG org.dbunit.util.QualifiedTableName  - getQualifiedName(prefix=null, name=SCOPEDCONTENT, escapePattern=null) - start
169972 [main] DEBUG org.dbunit.util.QualifiedTableName  - getQualifiedNameIfEnabled(config=org.dbunit.database.DatabaseConfig[, _propertyMap={http://www.dbunit.org/properties/statementFactory=org.dbunit.database.statement.PreparedStatementFactory@626bc2b8, http://www.dbunit.org/features/caseSensitiveTableNames=false, http://www.dbunit.org/properties/fetchSize=100, http://www.dbunit.org/features/batchedStatements=false, http://www.dbunit.org/properties/metadataHandler=org.dbunit.database.DefaultMetadataHandler@62baffef, http://www.dbunit.org/properties/datatypeFactory=org.dbunit.dataset.datatype.DefaultDataTypeFactory[_toleratedDeltaMap=org.dbunit.dataset.datatype.ToleratedDeltaMap@6452310a], http://www.dbunit.org/properties/escapePattern=null, http://www.dbunit.org/properties/batchSize=100, http://www.dbunit.org/features/qualifiedTableNames=false, http://www.dbunit.org/properties/tableType=[Ljava.lang.String;@5011bafa, http://www.dbunit.org/properties/resultSetTableFactory=org.dbunit.database.CachedResultSetTableFactory@10bcf083, http://www.dbunit.org/features/datatypeWarning=true}]) - start
169972 [main] TRACE org.dbunit.database.DatabaseConfig  - getFeature(name=http://www.dbunit.org/features/qualifiedTableNames) - start
169972 [main] TRACE org.dbunit.database.DatabaseConfig  - getProperty(name=http://www.dbunit.org/features/qualifiedTableNames) - start
169972 [main] DEBUG org.dbunit.util.QualifiedTableName  - Qualified table names feature is disabled. Returning plain table name
169972 [main] DEBUG org.dbunit.util.QualifiedTableName  - getQualifiedName(prefix=null, name=SCOPEDCONTENT_SCOPEDCONTENTITEM, escapePattern=null) - start
169972 [main] DEBUG org.dbunit.database.search.AbstractMetaDataBasedSearchCallback  - newEdge(rs=org.apache.commons.dbcp.DelegatingResultSet@7c30d41, type=1, from=SCOPEDCONTENT, to=SCOPEDCONTENT_SCOPEDCONTENTITEM, fkColumn=SCOPED_CONTENT_ITEM_ID, pkColumn=ID) - start
169972 [main] DEBUG org.dbunit.database.search.AbstractMetaDataBasedSearchCallback  - createFKEdge(rs=org.apache.commons.dbcp.DelegatingResultSet@7c30d41, type=1, from=SCOPEDCONTENT, to=SCOPEDCONTENT_SCOPEDCONTENTITEM, fkColumn=SCOPED_CONTENT_ITEM_ID, pkColumn=ID) - start
169972 [main] DEBUG org.dbunit.database.search.AbstractMetaDataBasedSearchCallback  - Adding edge SCOPEDCONTENT_SCOPEDCONTENTITEM(SCOPED_CONTENT_ITEM_ID)->SCOPEDCONTENT(ID)
169973 [main] DEBUG org.dbunit.util.search.Edge  - compareTo(o=SCOPEDCONTENTCONDITIONS_SCOPEDCONTENT(SCOPED_CONTENT_ID)->SCOPEDCONTENT(ID)) - start
169973 [main] DEBUG org.dbunit.util.SQLHelper  - close(resultSet=org.apache.commons.dbcp.DelegatingResultSet@7c30d41) - start
169973 [main] DEBUG org.dbunit.util.search.DepthFirstSearch  - reverseSearch:SCOPEDCONTENTCONDITIONS_SCOPEDCONTENT
169973 [main] DEBUG org.dbunit.database.search.ExportedKeysSearchCallback  - searchNode(node=SCOPEDCONTENTCONDITIONS_SCOPEDCONTENT) - start
169973 [main] DEBUG org.dbunit.util.search.DepthFirstSearch  - Pushing (reverse) SCOPEDCONTENTCONDITIONS_SCOPEDCONTENT
169973 [main] DEBUG org.dbunit.database.search.ExportedKeysSearchCallback  - getEdges(node=SCOPEDCONTENTCONDITIONS_SCOPEDCONTENT) - start
169973 [main] DEBUG org.dbunit.database.search.AbstractMetaDataBasedSearchCallback  - getNodesFromExportedKeys(node=SCOPEDCONTENTCONDITIONS_SCOPEDCONTENT) - start
169973 [main] DEBUG org.dbunit.database.search.AbstractMetaDataBasedSearchCallback  - getNodes(type=1, node=SCOPEDCONTENTCONDITIONS_SCOPEDCONTENT) - start
169973 [main] DEBUG org.dbunit.database.DatabaseDataSourceConnection  - getConnection() - start
169973 [main] DEBUG org.dbunit.database.search.AbstractMetaDataBasedSearchCallback  - getNodes(type=1, node=SCOPEDCONTENTCONDITIONS_SCOPEDCONTENT, conn=Transaction-aware proxy for target Connection [jdbc:hsqldb:mem:kontrollDS, UserName=sw, HSQL Database Engine Driver], schema=null, metaData=org.apache.commons.dbcp.DelegatingDatabaseMetaData@169b2a62, edges=[]) - start
169973 [main] DEBUG org.dbunit.database.search.AbstractMetaDataBasedSearchCallback  - Getting edges for node SCOPEDCONTENTCONDITIONS_SCOPEDCONTENT
169973 [main] TRACE org.dbunit.database.DatabaseConfig  - getProperty(name=http://www.dbunit.org/properties/metadataHandler) - start
169973 [main] TRACE org.dbunit.database.DefaultMetadataHandler  - tableExists(metaData=org.apache.commons.dbcp.DelegatingDatabaseMetaData@169b2a62, schemaName=null, tableName=SCOPEDCONTENTCONDITIONS_SCOPEDCONTENT) - start
169974 [main] DEBUG org.dbunit.util.SQLHelper  - close(resultSet=org.apache.commons.dbcp.DelegatingResultSet@925562) - start
169974 [main] DEBUG org.dbunit.util.SQLHelper  - close(resultSet=org.apache.commons.dbcp.DelegatingResultSet@3119d4d8) - start
169974 [main] DEBUG org.dbunit.util.search.DepthFirstSearch  - reverseSearch:SCOPEDCONTENT_SCOPEDCONTENTITEM
169974 [main] DEBUG org.dbunit.database.search.ExportedKeysSearchCallback  - searchNode(node=SCOPEDCONTENT_SCOPEDCONTENTITEM) - start
169974 [main] DEBUG org.dbunit.util.search.DepthFirstSearch  - Pushing (reverse) SCOPEDCONTENT_SCOPEDCONTENTITEM
169975 [main] DEBUG org.dbunit.database.search.ExportedKeysSearchCallback  - getEdges(node=SCOPEDCONTENT_SCOPEDCONTENTITEM) - start
169975 [main] DEBUG org.dbunit.database.search.AbstractMetaDataBasedSearchCallback  - getNodesFromExportedKeys(node=SCOPEDCONTENT_SCOPEDCONTENTITEM) - start
169975 [main] DEBUG org.dbunit.database.search.AbstractMetaDataBasedSearchCallback  - getNodes(type=1, node=SCOPEDCONTENT_SCOPEDCONTENTITEM) - start
169975 [main] DEBUG org.dbunit.database.DatabaseDataSourceConnection  - getConnection() - start
169975 [main] DEBUG org.dbunit.database.search.AbstractMetaDataBasedSearchCallback  - getNodes(type=1, node=SCOPEDCONTENT_SCOPEDCONTENTITEM, conn=Transaction-aware proxy for target Connection [jdbc:hsqldb:mem:kontrollDS, UserName=sw, HSQL Database Engine Driver], schema=null, metaData=org.apache.commons.dbcp.DelegatingDatabaseMetaData@16e4ca17, edges=[]) - start
169975 [main] DEBUG org.dbunit.database.search.AbstractMetaDataBasedSearchCallback  - Getting edges for node SCOPEDCONTENT_SCOPEDCONTENTITEM
169975 [main] TRACE org.dbunit.database.DatabaseConfig  - getProperty(name=http://www.dbunit.org/properties/metadataHandler) - start
169975 [main] TRACE org.dbunit.database.DefaultMetadataHandler  - tableExists(metaData=org.apache.commons.dbcp.DelegatingDatabaseMetaData@16e4ca17, schemaName=null, tableName=SCOPEDCONTENT_SCOPEDCONTENTITEM) - start
169976 [main] DEBUG org.dbunit.util.SQLHelper  - close(resultSet=org.apache.commons.dbcp.DelegatingResultSet@45685ff6) - start
169976 [main] DEBUG org.dbunit.util.SQLHelper  - close(resultSet=org.apache.commons.dbcp.DelegatingResultSet@1dc5490b) - start
169976 [main] DEBUG org.dbunit.util.search.DepthFirstSearch  - search:SCOPEDCONTENTCONDITIONS_SCOPEDCONTENT
169976 [main] DEBUG org.dbunit.database.search.ExportedKeysSearchCallback  - searchNode(node=SCOPEDCONTENTCONDITIONS_SCOPEDCONTENT) - start
169976 [main] DEBUG org.dbunit.util.search.DepthFirstSearch  - Pushing SCOPEDCONTENTCONDITIONS_SCOPEDCONTENT
169976 [main] DEBUG org.dbunit.database.search.ExportedKeysSearchCallback  - getEdges(node=SCOPEDCONTENTCONDITIONS_SCOPEDCONTENT) - start
169976 [main] DEBUG org.dbunit.database.search.AbstractMetaDataBasedSearchCallback  - getNodesFromExportedKeys(node=SCOPEDCONTENTCONDITIONS_SCOPEDCONTENT) - start
169976 [main] DEBUG org.dbunit.database.search.AbstractMetaDataBasedSearchCallback  - getNodes(type=1, node=SCOPEDCONTENTCONDITIONS_SCOPEDCONTENT) - start
169976 [main] DEBUG org.dbunit.database.DatabaseDataSourceConnection  - getConnection() - start
169976 [main] DEBUG org.dbunit.database.search.AbstractMetaDataBasedSearchCallback  - getNodes(type=1, node=SCOPEDCONTENTCONDITIONS_SCOPEDCONTENT, conn=Transaction-aware proxy for target Connection [jdbc:hsqldb:mem:kontrollDS, UserName=sw, HSQL Database Engine Driver], schema=null, metaData=org.apache.commons.dbcp.DelegatingDatabaseMetaData@33e8072, edges=[]) - start
169976 [main] DEBUG org.dbunit.database.search.AbstractMetaDataBasedSearchCallback  - Getting edges for node SCOPEDCONTENTCONDITIONS_SCOPEDCONTENT
169976 [main] TRACE org.dbunit.database.DatabaseConfig  - getProperty(name=http://www.dbunit.org/properties/metadataHandler) - start
169976 [main] TRACE org.dbunit.database.DefaultMetadataHandler  - tableExists(metaData=org.apache.commons.dbcp.DelegatingDatabaseMetaData@33e8072, schemaName=null, tableName=SCOPEDCONTENTCONDITIONS_SCOPEDCONTENT) - start
169977 [main] DEBUG org.dbunit.util.SQLHelper  - close(resultSet=org.apache.commons.dbcp.DelegatingResultSet@36a9fd5d) - start
169978 [main] DEBUG org.dbunit.util.SQLHelper  - close(resultSet=org.apache.commons.dbcp.DelegatingResultSet@1c5d5398) - start
169978 [main] DEBUG org.dbunit.util.search.DepthFirstSearch  - Adding node SCOPEDCONTENTCONDITIONS_SCOPEDCONTENT to the final result
169978 [main] DEBUG org.dbunit.util.search.DepthFirstSearch  - search:SCOPEDCONTENT_SCOPEDCONTENTITEM
169978 [main] DEBUG org.dbunit.database.search.ExportedKeysSearchCallback  - searchNode(node=SCOPEDCONTENT_SCOPEDCONTENTITEM) - start
169978 [main] DEBUG org.dbunit.util.search.DepthFirstSearch  - Pushing SCOPEDCONTENT_SCOPEDCONTENTITEM
169978 [main] DEBUG org.dbunit.database.search.ExportedKeysSearchCallback  - getEdges(node=SCOPEDCONTENT_SCOPEDCONTENTITEM) - start
169978 [main] DEBUG org.dbunit.database.search.AbstractMetaDataBasedSearchCallback  - getNodesFromExportedKeys(node=SCOPEDCONTENT_SCOPEDCONTENTITEM) - start
169978 [main] DEBUG org.dbunit.database.search.AbstractMetaDataBasedSearchCallback  - getNodes(type=1, node=SCOPEDCONTENT_SCOPEDCONTENTITEM) - start
169978 [main] DEBUG org.dbunit.database.DatabaseDataSourceConnection  - getConnection() - start
169978 [main] DEBUG org.dbunit.database.search.AbstractMetaDataBasedSearchCallback  - getNodes(type=1, node=SCOPEDCONTENT_SCOPEDCONTENTITEM, conn=Transaction-aware proxy for target Connection [jdbc:hsqldb:mem:kontrollDS, UserName=sw, HSQL Database Engine Driver], schema=null, metaData=org.apache.commons.dbcp.DelegatingDatabaseMetaData@331b2eb4, edges=[]) - start
169978 [main] DEBUG org.dbunit.database.search.AbstractMetaDataBasedSearchCallback  - Getting edges for node SCOPEDCONTENT_SCOPEDCONTENTITEM
169978 [main] TRACE org.dbunit.database.DatabaseConfig  - getProperty(name=http://www.dbunit.org/properties/metadataHandler) - start
169978 [main] TRACE org.dbunit.database.DefaultMetadataHandler  - tableExists(metaData=org.apache.commons.dbcp.DelegatingDatabaseMetaData@331b2eb4, schemaName=null, tableName=SCOPEDCONTENT_SCOPEDCONTENTITEM) - start
169979 [main] DEBUG org.dbunit.util.SQLHelper  - close(resultSet=org.apache.commons.dbcp.DelegatingResultSet@165cae45) - start
169979 [main] DEBUG org.dbunit.util.SQLHelper  - close(resultSet=org.apache.commons.dbcp.DelegatingResultSet@d5ab3fd) - start
169979 [main] DEBUG org.dbunit.util.search.DepthFirstSearch  - Adding node SCOPEDCONTENT_SCOPEDCONTENTITEM to the final result
169979 [main] DEBUG org.dbunit.util.search.DepthFirstSearch  - search:SCOPEDCONTENT
169979 [main] DEBUG org.dbunit.database.search.ExportedKeysSearchCallback  - searchNode(node=SCOPEDCONTENT) - start
169980 [main] DEBUG org.dbunit.util.search.DepthFirstSearch  - Pushing SCOPEDCONTENT
169980 [main] DEBUG org.dbunit.database.search.ExportedKeysSearchCallback  - getEdges(node=SCOPEDCONTENT) - start
169980 [main] DEBUG org.dbunit.database.search.AbstractMetaDataBasedSearchCallback  - getNodesFromExportedKeys(node=SCOPEDCONTENT) - start
169980 [main] DEBUG org.dbunit.database.search.AbstractMetaDataBasedSearchCallback  - getNodes(type=1, node=SCOPEDCONTENT) - start
169980 [main] DEBUG org.dbunit.database.DatabaseDataSourceConnection  - getConnection() - start
169980 [main] DEBUG org.dbunit.database.search.AbstractMetaDataBasedSearchCallback  - getNodes(type=1, node=SCOPEDCONTENT, conn=Transaction-aware proxy for target Connection [jdbc:hsqldb:mem:kontrollDS, UserName=sw, HSQL Database Engine Driver], schema=null, metaData=org.apache.commons.dbcp.DelegatingDatabaseMetaData@3ddeade4, edges=[]) - start
169980 [main] DEBUG org.dbunit.database.search.AbstractMetaDataBasedSearchCallback  - Getting edges for node SCOPEDCONTENT
169980 [main] TRACE org.dbunit.database.DatabaseConfig  - getProperty(name=http://www.dbunit.org/properties/metadataHandler) - start
169980 [main] TRACE org.dbunit.database.DefaultMetadataHandler  - tableExists(metaData=org.apache.commons.dbcp.DelegatingDatabaseMetaData@3ddeade4, schemaName=null, tableName=SCOPEDCONTENT) - start
169981 [main] DEBUG org.dbunit.util.SQLHelper  - close(resultSet=org.apache.commons.dbcp.DelegatingResultSet@56c2be28) - start
169981 [main] DEBUG org.dbunit.util.QualifiedTableName  - getQualifiedNameIfEnabled(config=org.dbunit.database.DatabaseConfig[, _propertyMap={http://www.dbunit.org/properties/statementFactory=org.dbunit.database.statement.PreparedStatementFactory@626bc2b8, http://www.dbunit.org/features/caseSensitiveTableNames=false, http://www.dbunit.org/properties/fetchSize=100, http://www.dbunit.org/features/batchedStatements=false, http://www.dbunit.org/properties/metadataHandler=org.dbunit.database.DefaultMetadataHandler@62baffef, http://www.dbunit.org/properties/datatypeFactory=org.dbunit.dataset.datatype.DefaultDataTypeFactory[_toleratedDeltaMap=org.dbunit.dataset.datatype.ToleratedDeltaMap@6452310a], http://www.dbunit.org/properties/escapePattern=null, http://www.dbunit.org/properties/batchSize=100, http://www.dbunit.org/features/qualifiedTableNames=false, http://www.dbunit.org/properties/tableType=[Ljava.lang.String;@5011bafa, http://www.dbunit.org/properties/resultSetTableFactory=org.dbunit.database.CachedResultSetTableFactory@10bcf083, http://www.dbunit.org/features/datatypeWarning=true}]) - start
169981 [main] TRACE org.dbunit.database.DatabaseConfig  - getFeature(name=http://www.dbunit.org/features/qualifiedTableNames) - start
169981 [main] TRACE org.dbunit.database.DatabaseConfig  - getProperty(name=http://www.dbunit.org/features/qualifiedTableNames) - start
169981 [main] DEBUG org.dbunit.util.QualifiedTableName  - Qualified table names feature is disabled. Returning plain table name
169981 [main] DEBUG org.dbunit.util.QualifiedTableName  - getQualifiedName(prefix=null, name=SCOPEDCONTENT, escapePattern=null) - start
169981 [main] DEBUG org.dbunit.util.QualifiedTableName  - getQualifiedNameIfEnabled(config=org.dbunit.database.DatabaseConfig[, _propertyMap={http://www.dbunit.org/properties/statementFactory=org.dbunit.database.statement.PreparedStatementFactory@626bc2b8, http://www.dbunit.org/features/caseSensitiveTableNames=false, http://www.dbunit.org/properties/fetchSize=100, http://www.dbunit.org/features/batchedStatements=false, http://www.dbunit.org/properties/metadataHandler=org.dbunit.database.DefaultMetadataHandler@62baffef, http://www.dbunit.org/properties/datatypeFactory=org.dbunit.dataset.datatype.DefaultDataTypeFactory[_toleratedDeltaMap=org.dbunit.dataset.datatype.ToleratedDeltaMap@6452310a], http://www.dbunit.org/properties/escapePattern=null, http://www.dbunit.org/properties/batchSize=100, http://www.dbunit.org/features/qualifiedTableNames=false, http://www.dbunit.org/properties/tableType=[Ljava.lang.String;@5011bafa, http://www.dbunit.org/properties/resultSetTableFactory=org.dbunit.database.CachedResultSetTableFactory@10bcf083, http://www.dbunit.org/features/datatypeWarning=true}]) - start
169981 [main] TRACE org.dbunit.database.DatabaseConfig  - getFeature(name=http://www.dbunit.org/features/qualifiedTableNames) - start
169981 [main] TRACE org.dbunit.database.DatabaseConfig  - getProperty(name=http://www.dbunit.org/features/qualifiedTableNames) - start
169981 [main] DEBUG org.dbunit.util.QualifiedTableName  - Qualified table names feature is disabled. Returning plain table name
169981 [main] DEBUG org.dbunit.util.QualifiedTableName  - getQualifiedName(prefix=null, name=SCOPEDCONTENTCONDITIONS_SCOPEDCONTENT, escapePattern=null) - start
169981 [main] DEBUG org.dbunit.database.search.AbstractMetaDataBasedSearchCallback  - newEdge(rs=org.apache.commons.dbcp.DelegatingResultSet@4d43a0f6, type=1, from=SCOPEDCONTENT, to=SCOPEDCONTENTCONDITIONS_SCOPEDCONTENT, fkColumn=SCOPED_CONTENT_ID, pkColumn=ID) - start
169981 [main] DEBUG org.dbunit.database.search.AbstractMetaDataBasedSearchCallback  - createFKEdge(rs=org.apache.commons.dbcp.DelegatingResultSet@4d43a0f6, type=1, from=SCOPEDCONTENT, to=SCOPEDCONTENTCONDITIONS_SCOPEDCONTENT, fkColumn=SCOPED_CONTENT_ID, pkColumn=ID) - start
169982 [main] DEBUG org.dbunit.database.search.AbstractMetaDataBasedSearchCallback  - Adding edge SCOPEDCONTENTCONDITIONS_SCOPEDCONTENT(SCOPED_CONTENT_ID)->SCOPEDCONTENT(ID)
169982 [main] DEBUG org.dbunit.util.search.Edge  - compareTo(o=SCOPEDCONTENTCONDITIONS_SCOPEDCONTENT(SCOPED_CONTENT_ID)->SCOPEDCONTENT(ID)) - start
169982 [main] DEBUG org.dbunit.util.QualifiedTableName  - getQualifiedNameIfEnabled(config=org.dbunit.database.DatabaseConfig[, _propertyMap={http://www.dbunit.org/properties/statementFactory=org.dbunit.database.statement.PreparedStatementFactory@626bc2b8, http://www.dbunit.org/features/caseSensitiveTableNames=false, http://www.dbunit.org/properties/fetchSize=100, http://www.dbunit.org/features/batchedStatements=false, http://www.dbunit.org/properties/metadataHandler=org.dbunit.database.DefaultMetadataHandler@62baffef, http://www.dbunit.org/properties/datatypeFactory=org.dbunit.dataset.datatype.DefaultDataTypeFactory[_toleratedDeltaMap=org.dbunit.dataset.datatype.ToleratedDeltaMap@6452310a], http://www.dbunit.org/properties/escapePattern=null, http://www.dbunit.org/properties/batchSize=100, http://www.dbunit.org/features/qualifiedTableNames=false, http://www.dbunit.org/properties/tableType=[Ljava.lang.String;@5011bafa, http://www.dbunit.org/properties/resultSetTableFactory=org.dbunit.database.CachedResultSetTableFactory@10bcf083, http://www.dbunit.org/features/datatypeWarning=true}]) - start
169982 [main] TRACE org.dbunit.database.DatabaseConfig  - getFeature(name=http://www.dbunit.org/features/qualifiedTableNames) - start
169982 [main] TRACE org.dbunit.database.DatabaseConfig  - getProperty(name=http://www.dbunit.org/features/qualifiedTableNames) - start
169982 [main] DEBUG org.dbunit.util.QualifiedTableName  - Qualified table names feature is disabled. Returning plain table name
169982 [main] DEBUG org.dbunit.util.QualifiedTableName  - getQualifiedName(prefix=null, name=SCOPEDCONTENT, escapePattern=null) - start
169982 [main] DEBUG org.dbunit.util.QualifiedTableName  - getQualifiedNameIfEnabled(config=org.dbunit.database.DatabaseConfig[, _propertyMap={http://www.dbunit.org/properties/statementFactory=org.dbunit.database.statement.PreparedStatementFactory@626bc2b8, http://www.dbunit.org/features/caseSensitiveTableNames=false, http://www.dbunit.org/properties/fetchSize=100, http://www.dbunit.org/features/batchedStatements=false, http://www.dbunit.org/properties/metadataHandler=org.dbunit.database.DefaultMetadataHandler@62baffef, http://www.dbunit.org/properties/datatypeFactory=org.dbunit.dataset.datatype.DefaultDataTypeFactory[_toleratedDeltaMap=org.dbunit.dataset.datatype.ToleratedDeltaMap@6452310a], http://www.dbunit.org/properties/escapePattern=null, http://www.dbunit.org/properties/batchSize=100, http://www.dbunit.org/features/qualifiedTableNames=false, http://www.dbunit.org/properties/tableType=[Ljava.lang.String;@5011bafa, http://www.dbunit.org/properties/resultSetTableFactory=org.dbunit.database.CachedResultSetTableFactory@10bcf083, http://www.dbunit.org/features/datatypeWarning=true}]) - start
169982 [main] TRACE org.dbunit.database.DatabaseConfig  - getFeature(name=http://www.dbunit.org/features/qualifiedTableNames) - start
169982 [main] TRACE org.dbunit.database.DatabaseConfig  - getProperty(name=http://www.dbunit.org/features/qualifiedTableNames) - start
169982 [main] DEBUG org.dbunit.util.QualifiedTableName  - Qualified table names feature is disabled. Returning plain table name
169982 [main] DEBUG org.dbunit.util.QualifiedTableName  - getQualifiedName(prefix=null, name=SCOPEDCONTENT_SCOPEDCONTENTITEM, escapePattern=null) - start
169982 [main] DEBUG org.dbunit.database.search.AbstractMetaDataBasedSearchCallback  - newEdge(rs=org.apache.commons.dbcp.DelegatingResultSet@4d43a0f6, type=1, from=SCOPEDCONTENT, to=SCOPEDCONTENT_SCOPEDCONTENTITEM, fkColumn=SCOPED_CONTENT_ITEM_ID, pkColumn=ID) - start
169982 [main] DEBUG org.dbunit.database.search.AbstractMetaDataBasedSearchCallback  - createFKEdge(rs=org.apache.commons.dbcp.DelegatingResultSet@4d43a0f6, type=1, from=SCOPEDCONTENT, to=SCOPEDCONTENT_SCOPEDCONTENTITEM, fkColumn=SCOPED_CONTENT_ITEM_ID, pkColumn=ID) - start
169982 [main] DEBUG org.dbunit.database.search.AbstractMetaDataBasedSearchCallback  - Adding edge SCOPEDCONTENT_SCOPEDCONTENTITEM(SCOPED_CONTENT_ITEM_ID)->SCOPEDCONTENT(ID)
169982 [main] DEBUG org.dbunit.util.search.Edge  - compareTo(o=SCOPEDCONTENTCONDITIONS_SCOPEDCONTENT(SCOPED_CONTENT_ID)->SCOPEDCONTENT(ID)) - start
169982 [main] DEBUG org.dbunit.util.SQLHelper  - close(resultSet=org.apache.commons.dbcp.DelegatingResultSet@4d43a0f6) - start
169982 [main] DEBUG org.dbunit.util.search.DepthFirstSearch  - search:SCOPEDCONTENT
169982 [main] DEBUG org.dbunit.util.search.DepthFirstSearch  - already searched; returning true
169982 [main] DEBUG org.dbunit.util.search.DepthFirstSearch  - search:SCOPEDCONTENT
169982 [main] DEBUG org.dbunit.util.search.DepthFirstSearch  - already searched; returning true
169982 [main] DEBUG org.dbunit.util.search.DepthFirstSearch  - Adding node SCOPEDCONTENT to the final result
169982 [main] DEBUG org.dbunit.util.CollectionsHelper  - setToStrings(set=[SCOPEDCONTENTCONDITIONS_SCOPEDCONTENT, SCOPEDCONTENT_SCOPEDCONTENTITEM, SCOPEDCONTENT]) - start
169982 [main] DEBUG org.dbunit.database.search.TablesDependencyHelper  - getDirectDependsOnTables(connection=_databaseConfig=org.dbunit.database.DatabaseConfig[, _propertyMap={http://www.dbunit.org/properties/statementFactory=org.dbunit.database.statement.PreparedStatementFactory@626bc2b8, http://www.dbunit.org/features/caseSensitiveTableNames=false, http://www.dbunit.org/properties/fetchSize=100, http://www.dbunit.org/features/batchedStatements=false, http://www.dbunit.org/properties/metadataHandler=org.dbunit.database.DefaultMetadataHandler@62baffef, http://www.dbunit.org/properties/datatypeFactory=org.dbunit.dataset.datatype.DefaultDataTypeFactory[_toleratedDeltaMap=org.dbunit.dataset.datatype.ToleratedDeltaMap@6452310a], http://www.dbunit.org/properties/escapePattern=null, http://www.dbunit.org/properties/batchSize=100, http://www.dbunit.org/features/qualifiedTableNames=false, http://www.dbunit.org/properties/tableType=[Ljava.lang.String;@5011bafa, http://www.dbunit.org/properties/resultSetTableFactory=org.dbunit.database.CachedResultSetTableFactory@10bcf083, http://www.dbunit.org/features/datatypeWarning=true}], _dataSet=AbstractDataSet[_orderedTableNameMap=null], tableName=SCOPEDCONTENT) - start
169983 [main] DEBUG org.dbunit.util.search.DepthFirstSearch  - search(nodesFrom=[SCOPEDCONTENT], callback=org.dbunit.database.search.ExportedKeysSearchCallback@6f0085a) - start
169983 [main] DEBUG org.dbunit.util.CollectionsHelper  - objectsToSet(objects=SCOPEDCONTENT) - start
169983 [main] DEBUG org.dbunit.util.search.DepthFirstSearch  - search(nodesFrom=[SCOPEDCONTENT], callback=org.dbunit.database.search.ExportedKeysSearchCallback@6f0085a) - start
169983 [main] DEBUG org.dbunit.util.search.DepthFirstSearch  - reverseSearch:SCOPEDCONTENT
169983 [main] DEBUG org.dbunit.database.search.ExportedKeysSearchCallback  - searchNode(node=SCOPEDCONTENT) - start
169983 [main] DEBUG org.dbunit.util.search.DepthFirstSearch  - Pushing (reverse) SCOPEDCONTENT
169983 [main] DEBUG org.dbunit.database.search.ExportedKeysSearchCallback  - getEdges(node=SCOPEDCONTENT) - start
169983 [main] DEBUG org.dbunit.database.search.AbstractMetaDataBasedSearchCallback  - getNodesFromExportedKeys(node=SCOPEDCONTENT) - start
169983 [main] DEBUG org.dbunit.database.search.AbstractMetaDataBasedSearchCallback  - getNodes(type=1, node=SCOPEDCONTENT) - start
169983 [main] DEBUG org.dbunit.database.DatabaseDataSourceConnection  - getConnection() - start
169983 [main] DEBUG org.dbunit.database.search.AbstractMetaDataBasedSearchCallback  - getNodes(type=1, node=SCOPEDCONTENT, conn=Transaction-aware proxy for target Connection [jdbc:hsqldb:mem:kontrollDS, UserName=sw, HSQL Database Engine Driver], schema=null, metaData=org.apache.commons.dbcp.DelegatingDatabaseMetaData@78b45044, edges=[]) - start
169983 [main] DEBUG org.dbunit.database.search.AbstractMetaDataBasedSearchCallback  - Getting edges for node SCOPEDCONTENT
169983 [main] TRACE org.dbunit.database.DatabaseConfig  - getProperty(name=http://www.dbunit.org/properties/metadataHandler) - start
169983 [main] TRACE org.dbunit.database.DefaultMetadataHandler  - tableExists(metaData=org.apache.commons.dbcp.DelegatingDatabaseMetaData@78b45044, schemaName=null, tableName=SCOPEDCONTENT) - start
169984 [main] DEBUG org.dbunit.util.SQLHelper  - close(resultSet=org.apache.commons.dbcp.DelegatingResultSet@64a78717) - start
169985 [main] DEBUG org.dbunit.util.QualifiedTableName  - getQualifiedNameIfEnabled(config=org.dbunit.database.DatabaseConfig[, _propertyMap={http://www.dbunit.org/properties/statementFactory=org.dbunit.database.statement.PreparedStatementFactory@626bc2b8, http://www.dbunit.org/features/caseSensitiveTableNames=false, http://www.dbunit.org/properties/fetchSize=100, http://www.dbunit.org/features/batchedStatements=false, http://www.dbunit.org/properties/metadataHandler=org.dbunit.database.DefaultMetadataHandler@62baffef, http://www.dbunit.org/properties/datatypeFactory=org.dbunit.dataset.datatype.DefaultDataTypeFactory[_toleratedDeltaMap=org.dbunit.dataset.datatype.ToleratedDeltaMap@6452310a], http://www.dbunit.org/properties/escapePattern=null, http://www.dbunit.org/properties/batchSize=100, http://www.dbunit.org/features/qualifiedTableNames=false, http://www.dbunit.org/properties/tableType=[Ljava.lang.String;@5011bafa, http://www.dbunit.org/properties/resultSetTableFactory=org.dbunit.database.CachedResultSetTableFactory@10bcf083, http://www.dbunit.org/features/datatypeWarning=true}]) - start
169985 [main] TRACE org.dbunit.database.DatabaseConfig  - getFeature(name=http://www.dbunit.org/features/qualifiedTableNames) - start
169985 [main] TRACE org.dbunit.database.DatabaseConfig  - getProperty(name=http://www.dbunit.org/features/qualifiedTableNames) - start
169985 [main] DEBUG org.dbunit.util.QualifiedTableName  - Qualified table names feature is disabled. Returning plain table name
169985 [main] DEBUG org.dbunit.util.QualifiedTableName  - getQualifiedName(prefix=null, name=SCOPEDCONTENT, escapePattern=null) - start
169985 [main] DEBUG org.dbunit.util.QualifiedTableName  - getQualifiedNameIfEnabled(config=org.dbunit.database.DatabaseConfig[, _propertyMap={http://www.dbunit.org/properties/statementFactory=org.dbunit.database.statement.PreparedStatementFactory@626bc2b8, http://www.dbunit.org/features/caseSensitiveTableNames=false, http://www.dbunit.org/properties/fetchSize=100, http://www.dbunit.org/features/batchedStatements=false, http://www.dbunit.org/properties/metadataHandler=org.dbunit.database.DefaultMetadataHandler@62baffef, http://www.dbunit.org/properties/datatypeFactory=org.dbunit.dataset.datatype.DefaultDataTypeFactory[_toleratedDeltaMap=org.dbunit.dataset.datatype.ToleratedDeltaMap@6452310a], http://www.dbunit.org/properties/escapePattern=null, http://www.dbunit.org/properties/batchSize=100, http://www.dbunit.org/features/qualifiedTableNames=false, http://www.dbunit.org/properties/tableType=[Ljava.lang.String;@5011bafa, http://www.dbunit.org/properties/resultSetTableFactory=org.dbunit.database.CachedResultSetTableFactory@10bcf083, http://www.dbunit.org/features/datatypeWarning=true}]) - start
169985 [main] TRACE org.dbunit.database.DatabaseConfig  - getFeature(name=http://www.dbunit.org/features/qualifiedTableNames) - start
169985 [main] TRACE org.dbunit.database.DatabaseConfig  - getProperty(name=http://www.dbunit.org/features/qualifiedTableNames) - start
169985 [main] DEBUG org.dbunit.util.QualifiedTableName  - Qualified table names feature is disabled. Returning plain table name
169985 [main] DEBUG org.dbunit.util.QualifiedTableName  - getQualifiedName(prefix=null, name=SCOPEDCONTENTCONDITIONS_SCOPEDCONTENT, escapePattern=null) - start
169985 [main] DEBUG org.dbunit.database.search.AbstractMetaDataBasedSearchCallback  - newEdge(rs=org.apache.commons.dbcp.DelegatingResultSet@20c8c9f9, type=1, from=SCOPEDCONTENT, to=SCOPEDCONTENTCONDITIONS_SCOPEDCONTENT, fkColumn=SCOPED_CONTENT_ID, pkColumn=ID) - start
169985 [main] DEBUG org.dbunit.database.search.AbstractMetaDataBasedSearchCallback  - createFKEdge(rs=org.apache.commons.dbcp.DelegatingResultSet@20c8c9f9, type=1, from=SCOPEDCONTENT, to=SCOPEDCONTENTCONDITIONS_SCOPEDCONTENT, fkColumn=SCOPED_CONTENT_ID, pkColumn=ID) - start
169985 [main] DEBUG org.dbunit.database.search.AbstractMetaDataBasedSearchCallback  - Adding edge SCOPEDCONTENTCONDITIONS_SCOPEDCONTENT(SCOPED_CONTENT_ID)->SCOPEDCONTENT(ID)
169985 [main] DEBUG org.dbunit.util.search.Edge  - compareTo(o=SCOPEDCONTENTCONDITIONS_SCOPEDCONTENT(SCOPED_CONTENT_ID)->SCOPEDCONTENT(ID)) - start
169985 [main] DEBUG org.dbunit.util.QualifiedTableName  - getQualifiedNameIfEnabled(config=org.dbunit.database.DatabaseConfig[, _propertyMap={http://www.dbunit.org/properties/statementFactory=org.dbunit.database.statement.PreparedStatementFactory@626bc2b8, http://www.dbunit.org/features/caseSensitiveTableNames=false, http://www.dbunit.org/properties/fetchSize=100, http://www.dbunit.org/features/batchedStatements=false, http://www.dbunit.org/properties/metadataHandler=org.dbunit.database.DefaultMetadataHandler@62baffef, http://www.dbunit.org/properties/datatypeFactory=org.dbunit.dataset.datatype.DefaultDataTypeFactory[_toleratedDeltaMap=org.dbunit.dataset.datatype.ToleratedDeltaMap@6452310a], http://www.dbunit.org/properties/escapePattern=null, http://www.dbunit.org/properties/batchSize=100, http://www.dbunit.org/features/qualifiedTableNames=false, http://www.dbunit.org/properties/tableType=[Ljava.lang.String;@5011bafa, http://www.dbunit.org/properties/resultSetTableFactory=org.dbunit.database.CachedResultSetTableFactory@10bcf083, http://www.dbunit.org/features/datatypeWarning=true}]) - start
169985 [main] TRACE org.dbunit.database.DatabaseConfig  - getFeature(name=http://www.dbunit.org/features/qualifiedTableNames) - start
169985 [main] TRACE org.dbunit.database.DatabaseConfig  - getProperty(name=http://www.dbunit.org/features/qualifiedTableNames) - start
169985 [main] DEBUG org.dbunit.util.QualifiedTableName  - Qualified table names feature is disabled. Returning plain table name
169985 [main] DEBUG org.dbunit.util.QualifiedTableName  - getQualifiedName(prefix=null, name=SCOPEDCONTENT, escapePattern=null) - start
169985 [main] DEBUG org.dbunit.util.QualifiedTableName  - getQualifiedNameIfEnabled(config=org.dbunit.database.DatabaseConfig[, _propertyMap={http://www.dbunit.org/properties/statementFactory=org.dbunit.database.statement.PreparedStatementFactory@626bc2b8, http://www.dbunit.org/features/caseSensitiveTableNames=false, http://www.dbunit.org/properties/fetchSize=100, http://www.dbunit.org/features/batchedStatements=false, http://www.dbunit.org/properties/metadataHandler=org.dbunit.database.DefaultMetadataHandler@62baffef, http://www.dbunit.org/properties/datatypeFactory=org.dbunit.dataset.datatype.DefaultDataTypeFactory[_toleratedDeltaMap=org.dbunit.dataset.datatype.ToleratedDeltaMap@6452310a], http://www.dbunit.org/properties/escapePattern=null, http://www.dbunit.org/properties/batchSize=100, http://www.dbunit.org/features/qualifiedTableNames=false, http://www.dbunit.org/properties/tableType=[Ljava.lang.String;@5011bafa, http://www.dbunit.org/properties/resultSetTableFactory=org.dbunit.database.CachedResultSetTableFactory@10bcf083, http://www.dbunit.org/features/datatypeWarning=true}]) - start
169985 [main] TRACE org.dbunit.database.DatabaseConfig  - getFeature(name=http://www.dbunit.org/features/qualifiedTableNames) - start
169985 [main] TRACE org.dbunit.database.DatabaseConfig  - getProperty(name=http://www.dbunit.org/features/qualifiedTableNames) - start
169985 [main] DEBUG org.dbunit.util.QualifiedTableName  - Qualified table names feature is disabled. Returning plain table name
169986 [main] DEBUG org.dbunit.util.QualifiedTableName  - getQualifiedName(prefix=null, name=SCOPEDCONTENT_SCOPEDCONTENTITEM, escapePattern=null) - start
169986 [main] DEBUG org.dbunit.database.search.AbstractMetaDataBasedSearchCallback  - newEdge(rs=org.apache.commons.dbcp.DelegatingResultSet@20c8c9f9, type=1, from=SCOPEDCONTENT, to=SCOPEDCONTENT_SCOPEDCONTENTITEM, fkColumn=SCOPED_CONTENT_ITEM_ID, pkColumn=ID) - start
169986 [main] DEBUG org.dbunit.database.search.AbstractMetaDataBasedSearchCallback  - createFKEdge(rs=org.apache.commons.dbcp.DelegatingResultSet@20c8c9f9, type=1, from=SCOPEDCONTENT, to=SCOPEDCONTENT_SCOPEDCONTENTITEM, fkColumn=SCOPED_CONTENT_ITEM_ID, pkColumn=ID) - start
169986 [main] DEBUG org.dbunit.database.search.AbstractMetaDataBasedSearchCallback  - Adding edge SCOPEDCONTENT_SCOPEDCONTENTITEM(SCOPED_CONTENT_ITEM_ID)->SCOPEDCONTENT(ID)
169986 [main] DEBUG org.dbunit.util.search.Edge  - compareTo(o=SCOPEDCONTENTCONDITIONS_SCOPEDCONTENT(SCOPED_CONTENT_ID)->SCOPEDCONTENT(ID)) - start
169986 [main] DEBUG org.dbunit.util.SQLHelper  - close(resultSet=org.apache.commons.dbcp.DelegatingResultSet@20c8c9f9) - start
169986 [main] DEBUG org.dbunit.util.search.DepthFirstSearch  - reverseSearch:SCOPEDCONTENTCONDITIONS_SCOPEDCONTENT
169986 [main] DEBUG org.dbunit.database.search.ExportedKeysSearchCallback  - searchNode(node=SCOPEDCONTENTCONDITIONS_SCOPEDCONTENT) - start
169986 [main] DEBUG org.dbunit.util.search.DepthFirstSearch  - Pushing (reverse) SCOPEDCONTENTCONDITIONS_SCOPEDCONTENT
169986 [main] DEBUG org.dbunit.database.search.ExportedKeysSearchCallback  - getEdges(node=SCOPEDCONTENTCONDITIONS_SCOPEDCONTENT) - start
169986 [main] DEBUG org.dbunit.database.search.AbstractMetaDataBasedSearchCallback  - getNodesFromExportedKeys(node=SCOPEDCONTENTCONDITIONS_SCOPEDCONTENT) - start
169986 [main] DEBUG org.dbunit.database.search.AbstractMetaDataBasedSearchCallback  - getNodes(type=1, node=SCOPEDCONTENTCONDITIONS_SCOPEDCONTENT) - start
169986 [main] DEBUG org.dbunit.database.DatabaseDataSourceConnection  - getConnection() - start
169986 [main] DEBUG org.dbunit.database.search.AbstractMetaDataBasedSearchCallback  - getNodes(type=1, node=SCOPEDCONTENTCONDITIONS_SCOPEDCONTENT, conn=Transaction-aware proxy for target Connection [jdbc:hsqldb:mem:kontrollDS, UserName=sw, HSQL Database Engine Driver], schema=null, metaData=org.apache.commons.dbcp.DelegatingDatabaseMetaData@5e440b3f, edges=[]) - start
169986 [main] DEBUG org.dbunit.database.search.AbstractMetaDataBasedSearchCallback  - Getting edges for node SCOPEDCONTENTCONDITIONS_SCOPEDCONTENT
169986 [main] TRACE org.dbunit.database.DatabaseConfig  - getProperty(name=http://www.dbunit.org/properties/metadataHandler) - start
169986 [main] TRACE org.dbunit.database.DefaultMetadataHandler  - tableExists(metaData=org.apache.commons.dbcp.DelegatingDatabaseMetaData@5e440b3f, schemaName=null, tableName=SCOPEDCONTENTCONDITIONS_SCOPEDCONTENT) - start
169987 [main] DEBUG org.dbunit.util.SQLHelper  - close(resultSet=org.apache.commons.dbcp.DelegatingResultSet@bab22e2) - start
169988 [main] DEBUG org.dbunit.util.SQLHelper  - close(resultSet=org.apache.commons.dbcp.DelegatingResultSet@c77f69c) - start
169988 [main] DEBUG org.dbunit.util.search.DepthFirstSearch  - reverseSearch:SCOPEDCONTENT_SCOPEDCONTENTITEM
169988 [main] DEBUG org.dbunit.database.search.ExportedKeysSearchCallback  - searchNode(node=SCOPEDCONTENT_SCOPEDCONTENTITEM) - start
169988 [main] DEBUG org.dbunit.util.search.DepthFirstSearch  - Pushing (reverse) SCOPEDCONTENT_SCOPEDCONTENTITEM
169988 [main] DEBUG org.dbunit.util.search.DepthFirstSearch  - search:SCOPEDCONTENTCONDITIONS_SCOPEDCONTENT
169988 [main] DEBUG org.dbunit.database.search.ExportedKeysSearchCallback  - searchNode(node=SCOPEDCONTENTCONDITIONS_SCOPEDCONTENT) - start
169988 [main] DEBUG org.dbunit.util.search.DepthFirstSearch  - Pushing SCOPEDCONTENTCONDITIONS_SCOPEDCONTENT
169988 [main] DEBUG org.dbunit.database.search.ExportedKeysSearchCallback  - getEdges(node=SCOPEDCONTENTCONDITIONS_SCOPEDCONTENT) - start
169988 [main] DEBUG org.dbunit.database.search.AbstractMetaDataBasedSearchCallback  - getNodesFromExportedKeys(node=SCOPEDCONTENTCONDITIONS_SCOPEDCONTENT) - start
169988 [main] DEBUG org.dbunit.database.search.AbstractMetaDataBasedSearchCallback  - getNodes(type=1, node=SCOPEDCONTENTCONDITIONS_SCOPEDCONTENT) - start
169988 [main] DEBUG org.dbunit.database.DatabaseDataSourceConnection  - getConnection() - start
169988 [main] DEBUG org.dbunit.database.search.AbstractMetaDataBasedSearchCallback  - getNodes(type=1, node=SCOPEDCONTENTCONDITIONS_SCOPEDCONTENT, conn=Transaction-aware proxy for target Connection [jdbc:hsqldb:mem:kontrollDS, UserName=sw, HSQL Database Engine Driver], schema=null, metaData=org.apache.commons.dbcp.DelegatingDatabaseMetaData@17df8229, edges=[]) - start
169988 [main] DEBUG org.dbunit.database.search.AbstractMetaDataBasedSearchCallback  - Getting edges for node SCOPEDCONTENTCONDITIONS_SCOPEDCONTENT
169988 [main] TRACE org.dbunit.database.DatabaseConfig  - getProperty(name=http://www.dbunit.org/properties/metadataHandler) - start
169988 [main] TRACE org.dbunit.database.DefaultMetadataHandler  - tableExists(metaData=org.apache.commons.dbcp.DelegatingDatabaseMetaData@17df8229, schemaName=null, tableName=SCOPEDCONTENTCONDITIONS_SCOPEDCONTENT) - start
169989 [main] DEBUG org.dbunit.util.SQLHelper  - close(resultSet=org.apache.commons.dbcp.DelegatingResultSet@7e50b789) - start
169989 [main] DEBUG org.dbunit.util.SQLHelper  - close(resultSet=org.apache.commons.dbcp.DelegatingResultSet@40b55207) - start
169989 [main] DEBUG org.dbunit.util.search.DepthFirstSearch  - Adding node SCOPEDCONTENTCONDITIONS_SCOPEDCONTENT to the final result
169989 [main] DEBUG org.dbunit.util.search.DepthFirstSearch  - search:SCOPEDCONTENT_SCOPEDCONTENTITEM
169989 [main] DEBUG org.dbunit.database.search.ExportedKeysSearchCallback  - searchNode(node=SCOPEDCONTENT_SCOPEDCONTENTITEM) - start
169989 [main] DEBUG org.dbunit.util.search.DepthFirstSearch  - Pushing SCOPEDCONTENT_SCOPEDCONTENTITEM
169989 [main] DEBUG org.dbunit.database.search.ExportedKeysSearchCallback  - getEdges(node=SCOPEDCONTENT_SCOPEDCONTENTITEM) - start
169989 [main] DEBUG org.dbunit.database.search.AbstractMetaDataBasedSearchCallback  - getNodesFromExportedKeys(node=SCOPEDCONTENT_SCOPEDCONTENTITEM) - start
169990 [main] DEBUG org.dbunit.database.search.AbstractMetaDataBasedSearchCallback  - getNodes(type=1, node=SCOPEDCONTENT_SCOPEDCONTENTITEM) - start
169990 [main] DEBUG org.dbunit.database.DatabaseDataSourceConnection  - getConnection() - start
169990 [main] DEBUG org.dbunit.database.search.AbstractMetaDataBasedSearchCallback  - getNodes(type=1, node=SCOPEDCONTENT_SCOPEDCONTENTITEM, conn=Transaction-aware proxy for target Connection [jdbc:hsqldb:mem:kontrollDS, UserName=sw, HSQL Database Engine Driver], schema=null, metaData=org.apache.commons.dbcp.DelegatingDatabaseMetaData@401c6ac1, edges=[]) - start
169990 [main] DEBUG org.dbunit.database.search.AbstractMetaDataBasedSearchCallback  - Getting edges for node SCOPEDCONTENT_SCOPEDCONTENTITEM
169990 [main] TRACE org.dbunit.database.DatabaseConfig  - getProperty(name=http://www.dbunit.org/properties/metadataHandler) - start
169990 [main] TRACE org.dbunit.database.DefaultMetadataHandler  - tableExists(metaData=org.apache.commons.dbcp.DelegatingDatabaseMetaData@401c6ac1, schemaName=null, tableName=SCOPEDCONTENT_SCOPEDCONTENTITEM) - start
169991 [main] DEBUG org.dbunit.util.SQLHelper  - close(resultSet=org.apache.commons.dbcp.DelegatingResultSet@20b51411) - start
169991 [main] DEBUG org.dbunit.util.SQLHelper  - close(resultSet=org.apache.commons.dbcp.DelegatingResultSet@2b871e50) - start
169991 [main] DEBUG org.dbunit.util.search.DepthFirstSearch  - Adding node SCOPEDCONTENT_SCOPEDCONTENTITEM to the final result
169991 [main] DEBUG org.dbunit.util.search.DepthFirstSearch  - search:SCOPEDCONTENT
169991 [main] DEBUG org.dbunit.database.search.ExportedKeysSearchCallback  - searchNode(node=SCOPEDCONTENT) - start
169991 [main] DEBUG org.dbunit.util.search.DepthFirstSearch  - Pushing SCOPEDCONTENT
169991 [main] DEBUG org.dbunit.database.search.ExportedKeysSearchCallback  - getEdges(node=SCOPEDCONTENT) - start
169991 [main] DEBUG org.dbunit.database.search.AbstractMetaDataBasedSearchCallback  - getNodesFromExportedKeys(node=SCOPEDCONTENT) - start
169991 [main] DEBUG org.dbunit.database.search.AbstractMetaDataBasedSearchCallback  - getNodes(type=1, node=SCOPEDCONTENT) - start
169991 [main] DEBUG org.dbunit.database.DatabaseDataSourceConnection  - getConnection() - start
169991 [main] DEBUG org.dbunit.database.search.AbstractMetaDataBasedSearchCallback  - getNodes(type=1, node=SCOPEDCONTENT, conn=Transaction-aware proxy for target Connection [jdbc:hsqldb:mem:kontrollDS, UserName=sw, HSQL Database Engine Driver], schema=null, metaData=org.apache.commons.dbcp.DelegatingDatabaseMetaData@33d72c83, edges=[]) - start
169991 [main] DEBUG org.dbunit.database.search.AbstractMetaDataBasedSearchCallback  - Getting edges for node SCOPEDCONTENT
169991 [main] TRACE org.dbunit.database.DatabaseConfig  - getProperty(name=http://www.dbunit.org/properties/metadataHandler) - start
169991 [main] TRACE org.dbunit.database.DefaultMetadataHandler  - tableExists(metaData=org.apache.commons.dbcp.DelegatingDatabaseMetaData@33d72c83, schemaName=null, tableName=SCOPEDCONTENT) - start
169992 [main] DEBUG org.dbunit.util.SQLHelper  - close(resultSet=org.apache.commons.dbcp.DelegatingResultSet@79fa3e80) - start
169993 [main] DEBUG org.dbunit.util.QualifiedTableName  - getQualifiedNameIfEnabled(config=org.dbunit.database.DatabaseConfig[, _propertyMap={http://www.dbunit.org/properties/statementFactory=org.dbunit.database.statement.PreparedStatementFactory@626bc2b8, http://www.dbunit.org/features/caseSensitiveTableNames=false, http://www.dbunit.org/properties/fetchSize=100, http://www.dbunit.org/features/batchedStatements=false, http://www.dbunit.org/properties/metadataHandler=org.dbunit.database.DefaultMetadataHandler@62baffef, http://www.dbunit.org/properties/datatypeFactory=org.dbunit.dataset.datatype.DefaultDataTypeFactory[_toleratedDeltaMap=org.dbunit.dataset.datatype.ToleratedDeltaMap@6452310a], http://www.dbunit.org/properties/escapePattern=null, http://www.dbunit.org/properties/batchSize=100, http://www.dbunit.org/features/qualifiedTableNames=false, http://www.dbunit.org/properties/tableType=[Ljava.lang.String;@5011bafa, http://www.dbunit.org/properties/resultSetTableFactory=org.dbunit.database.CachedResultSetTableFactory@10bcf083, http://www.dbunit.org/features/datatypeWarning=true}]) - start
169993 [main] TRACE org.dbunit.database.DatabaseConfig  - getFeature(name=http://www.dbunit.org/features/qualifiedTableNames) - start
169993 [main] TRACE org.dbunit.database.DatabaseConfig  - getProperty(name=http://www.dbunit.org/features/qualifiedTableNames) - start
169993 [main] DEBUG org.dbunit.util.QualifiedTableName  - Qualified table names feature is disabled. Returning plain table name
169993 [main] DEBUG org.dbunit.util.QualifiedTableName  - getQualifiedName(prefix=null, name=SCOPEDCONTENT, escapePattern=null) - start
169993 [main] DEBUG org.dbunit.util.QualifiedTableName  - getQualifiedNameIfEnabled(config=org.dbunit.database.DatabaseConfig[, _propertyMap={http://www.dbunit.org/properties/statementFactory=org.dbunit.database.statement.PreparedStatementFactory@626bc2b8, http://www.dbunit.org/features/caseSensitiveTableNames=false, http://www.dbunit.org/properties/fetchSize=100, http://www.dbunit.org/features/batchedStatements=false, http://www.dbunit.org/properties/metadataHandler=org.dbunit.database.DefaultMetadataHandler@62baffef, http://www.dbunit.org/properties/datatypeFactory=org.dbunit.dataset.datatype.DefaultDataTypeFactory[_toleratedDeltaMap=org.dbunit.dataset.datatype.ToleratedDeltaMap@6452310a], http://www.dbunit.org/properties/escapePattern=null, http://www.dbunit.org/properties/batchSize=100, http://www.dbunit.org/features/qualifiedTableNames=false, http://www.dbunit.org/properties/tableType=[Ljava.lang.String;@5011bafa, http://www.dbunit.org/properties/resultSetTableFactory=org.dbunit.database.CachedResultSetTableFactory@10bcf083, http://www.dbunit.org/features/datatypeWarning=true}]) - start
169993 [main] TRACE org.dbunit.database.DatabaseConfig  - getFeature(name=http://www.dbunit.org/features/qualifiedTableNames) - start
169993 [main] TRACE org.dbunit.database.DatabaseConfig  - getProperty(name=http://www.dbunit.org/features/qualifiedTableNames) - start
169993 [main] DEBUG org.dbunit.util.QualifiedTableName  - Qualified table names feature is disabled. Returning plain table name
169993 [main] DEBUG org.dbunit.util.QualifiedTableName  - getQualifiedName(prefix=null, name=SCOPEDCONTENTCONDITIONS_SCOPEDCONTENT, escapePattern=null) - start
169993 [main] DEBUG org.dbunit.database.search.AbstractMetaDataBasedSearchCallback  - newEdge(rs=org.apache.commons.dbcp.DelegatingResultSet@55c944db, type=1, from=SCOPEDCONTENT, to=SCOPEDCONTENTCONDITIONS_SCOPEDCONTENT, fkColumn=SCOPED_CONTENT_ID, pkColumn=ID) - start
169993 [main] DEBUG org.dbunit.database.search.AbstractMetaDataBasedSearchCallback  - createFKEdge(rs=org.apache.commons.dbcp.DelegatingResultSet@55c944db, type=1, from=SCOPEDCONTENT, to=SCOPEDCONTENTCONDITIONS_SCOPEDCONTENT, fkColumn=SCOPED_CONTENT_ID, pkColumn=ID) - start
169993 [main] DEBUG org.dbunit.database.search.AbstractMetaDataBasedSearchCallback  - Adding edge SCOPEDCONTENTCONDITIONS_SCOPEDCONTENT(SCOPED_CONTENT_ID)->SCOPEDCONTENT(ID)
169993 [main] DEBUG org.dbunit.util.search.Edge  - compareTo(o=SCOPEDCONTENTCONDITIONS_SCOPEDCONTENT(SCOPED_CONTENT_ID)->SCOPEDCONTENT(ID)) - start
169993 [main] DEBUG org.dbunit.util.QualifiedTableName  - getQualifiedNameIfEnabled(config=org.dbunit.database.DatabaseConfig[, _propertyMap={http://www.dbunit.org/properties/statementFactory=org.dbunit.database.statement.PreparedStatementFactory@626bc2b8, http://www.dbunit.org/features/caseSensitiveTableNames=false, http://www.dbunit.org/properties/fetchSize=100, http://www.dbunit.org/features/batchedStatements=false, http://www.dbunit.org/properties/metadataHandler=org.dbunit.database.DefaultMetadataHandler@62baffef, http://www.dbunit.org/properties/datatypeFactory=org.dbunit.dataset.datatype.DefaultDataTypeFactory[_toleratedDeltaMap=org.dbunit.dataset.datatype.ToleratedDeltaMap@6452310a], http://www.dbunit.org/properties/escapePattern=null, http://www.dbunit.org/properties/batchSize=100, http://www.dbunit.org/features/qualifiedTableNames=false, http://www.dbunit.org/properties/tableType=[Ljava.lang.String;@5011bafa, http://www.dbunit.org/properties/resultSetTableFactory=org.dbunit.database.CachedResultSetTableFactory@10bcf083, http://www.dbunit.org/features/datatypeWarning=true}]) - start
169993 [main] TRACE org.dbunit.database.DatabaseConfig  - getFeature(name=http://www.dbunit.org/features/qualifiedTableNames) - start
169993 [main] TRACE org.dbunit.database.DatabaseConfig  - getProperty(name=http://www.dbunit.org/features/qualifiedTableNames) - start
169993 [main] DEBUG org.dbunit.util.QualifiedTableName  - Qualified table names feature is disabled. Returning plain table name
169993 [main] DEBUG org.dbunit.util.QualifiedTableName  - getQualifiedName(prefix=null, name=SCOPEDCONTENT, escapePattern=null) - start
169996 [main] DEBUG org.dbunit.util.QualifiedTableName  - getQualifiedNameIfEnabled(config=org.dbunit.database.DatabaseConfig[, _propertyMap={http://www.dbunit.org/properties/statementFactory=org.dbunit.database.statement.PreparedStatementFactory@626bc2b8, http://www.dbunit.org/features/caseSensitiveTableNames=false, http://www.dbunit.org/properties/fetchSize=100, http://www.dbunit.org/features/batchedStatements=false, http://www.dbunit.org/properties/metadataHandler=org.dbunit.database.DefaultMetadataHandler@62baffef, http://www.dbunit.org/properties/datatypeFactory=org.dbunit.dataset.datatype.DefaultDataTypeFactory[_toleratedDeltaMap=org.dbunit.dataset.datatype.ToleratedDeltaMap@6452310a], http://www.dbunit.org/properties/escapePattern=null, http://www.dbunit.org/properties/batchSize=100, http://www.dbunit.org/features/qualifiedTableNames=false, http://www.dbunit.org/properties/tableType=[Ljava.lang.String;@5011bafa, http://www.dbunit.org/properties/resultSetTableFactory=org.dbunit.database.CachedResultSetTableFactory@10bcf083, http://www.dbunit.org/features/datatypeWarning=true}]) - start
169996 [main] TRACE org.dbunit.database.DatabaseConfig  - getFeature(name=http://www.dbunit.org/features/qualifiedTableNames) - start
169996 [main] TRACE org.dbunit.database.DatabaseConfig  - getProperty(name=http://www.dbunit.org/features/qualifiedTableNames) - start
169996 [main] DEBUG org.dbunit.util.QualifiedTableName  - Qualified table names feature is disabled. Returning plain table name
169996 [main] DEBUG org.dbunit.util.QualifiedTableName  - getQualifiedName(prefix=null, name=SCOPEDCONTENT_SCOPEDCONTENTITEM, escapePattern=null) - start
169996 [main] DEBUG org.dbunit.database.search.AbstractMetaDataBasedSearchCallback  - newEdge(rs=org.apache.commons.dbcp.DelegatingResultSet@55c944db, type=1, from=SCOPEDCONTENT, to=SCOPEDCONTENT_SCOPEDCONTENTITEM, fkColumn=SCOPED_CONTENT_ITEM_ID, pkColumn=ID) - start
169996 [main] DEBUG org.dbunit.database.search.AbstractMetaDataBasedSearchCallback  - createFKEdge(rs=org.apache.commons.dbcp.DelegatingResultSet@55c944db, type=1, from=SCOPEDCONTENT, to=SCOPEDCONTENT_SCOPEDCONTENTITEM, fkColumn=SCOPED_CONTENT_ITEM_ID, pkColumn=ID) - start
169996 [main] DEBUG org.dbunit.database.search.AbstractMetaDataBasedSearchCallback  - Adding edge SCOPEDCONTENT_SCOPEDCONTENTITEM(SCOPED_CONTENT_ITEM_ID)->SCOPEDCONTENT(ID)
169996 [main] DEBUG org.dbunit.util.search.Edge  - compareTo(o=SCOPEDCONTENTCONDITIONS_SCOPEDCONTENT(SCOPED_CONTENT_ID)->SCOPEDCONTENT(ID)) - start
169996 [main] DEBUG org.dbunit.util.SQLHelper  - close(resultSet=org.apache.commons.dbcp.DelegatingResultSet@55c944db) - start
169996 [main] DEBUG org.dbunit.util.search.DepthFirstSearch  - search:SCOPEDCONTENT
169996 [main] DEBUG org.dbunit.util.search.DepthFirstSearch  - already searched; returning true
169996 [main] DEBUG org.dbunit.util.search.DepthFirstSearch  - search:SCOPEDCONTENT
169996 [main] DEBUG org.dbunit.util.search.DepthFirstSearch  - already searched; returning true
169996 [main] DEBUG org.dbunit.util.search.DepthFirstSearch  - Adding node SCOPEDCONTENT to the final result
169996 [main] DEBUG org.dbunit.database.search.TablesDependencyHelper  - getDirectDependentTables(connection=_databaseConfig=org.dbunit.database.DatabaseConfig[, _propertyMap={http://www.dbunit.org/properties/statementFactory=org.dbunit.database.statement.PreparedStatementFactory@626bc2b8, http://www.dbunit.org/features/caseSensitiveTableNames=false, http://www.dbunit.org/properties/fetchSize=100, http://www.dbunit.org/features/batchedStatements=false, http://www.dbunit.org/properties/metadataHandler=org.dbunit.database.DefaultMetadataHandler@62baffef, http://www.dbunit.org/properties/datatypeFactory=org.dbunit.dataset.datatype.DefaultDataTypeFactory[_toleratedDeltaMap=org.dbunit.dataset.datatype.ToleratedDeltaMap@6452310a], http://www.dbunit.org/properties/escapePattern=null, http://www.dbunit.org/properties/batchSize=100, http://www.dbunit.org/features/qualifiedTableNames=false, http://www.dbunit.org/properties/tableType=[Ljava.lang.String;@5011bafa, http://www.dbunit.org/properties/resultSetTableFactory=org.dbunit.database.CachedResultSetTableFactory@10bcf083, http://www.dbunit.org/features/datatypeWarning=true}], _dataSet=AbstractDataSet[_orderedTableNameMap=null], tableName=SCOPEDCONTENT) - start
169996 [main] DEBUG org.dbunit.util.search.DepthFirstSearch  - search(nodesFrom=[SCOPEDCONTENT], callback=org.dbunit.database.search.ImportedKeysSearchCallback@766f19e3) - start
169996 [main] DEBUG org.dbunit.util.CollectionsHelper  - objectsToSet(objects=SCOPEDCONTENT) - start
169996 [main] DEBUG org.dbunit.util.search.DepthFirstSearch  - search(nodesFrom=[SCOPEDCONTENT], callback=org.dbunit.database.search.ImportedKeysSearchCallback@766f19e3) - start
169997 [main] DEBUG org.dbunit.util.search.DepthFirstSearch  - reverseSearch:SCOPEDCONTENT
169997 [main] DEBUG org.dbunit.database.search.ImportedKeysSearchCallback  - searchNode(node=SCOPEDCONTENT) - start
169997 [main] DEBUG org.dbunit.util.search.DepthFirstSearch  - Pushing (reverse) SCOPEDCONTENT
169997 [main] DEBUG org.dbunit.database.search.ImportedKeysSearchCallback  - getEdges(node=SCOPEDCONTENT) - start
169997 [main] DEBUG org.dbunit.database.search.AbstractMetaDataBasedSearchCallback  - getNodesFromImportedKeys(node=SCOPEDCONTENT) - start
169997 [main] DEBUG org.dbunit.database.search.AbstractMetaDataBasedSearchCallback  - getNodes(type=0, node=SCOPEDCONTENT) - start
169997 [main] DEBUG org.dbunit.database.DatabaseDataSourceConnection  - getConnection() - start
169997 [main] DEBUG org.dbunit.database.search.AbstractMetaDataBasedSearchCallback  - getNodes(type=0, node=SCOPEDCONTENT, conn=Transaction-aware proxy for target Connection [jdbc:hsqldb:mem:kontrollDS, UserName=sw, HSQL Database Engine Driver], schema=null, metaData=org.apache.commons.dbcp.DelegatingDatabaseMetaData@780cc2d3, edges=[]) - start
169997 [main] DEBUG org.dbunit.database.search.AbstractMetaDataBasedSearchCallback  - Getting edges for node SCOPEDCONTENT
169997 [main] TRACE org.dbunit.database.DatabaseConfig  - getProperty(name=http://www.dbunit.org/properties/metadataHandler) - start
169997 [main] TRACE org.dbunit.database.DefaultMetadataHandler  - tableExists(metaData=org.apache.commons.dbcp.DelegatingDatabaseMetaData@780cc2d3, schemaName=null, tableName=SCOPEDCONTENT) - start
169998 [main] DEBUG org.dbunit.util.SQLHelper  - close(resultSet=org.apache.commons.dbcp.DelegatingResultSet@453bb9b) - start
169998 [main] DEBUG org.dbunit.util.QualifiedTableName  - getQualifiedNameIfEnabled(config=org.dbunit.database.DatabaseConfig[, _propertyMap={http://www.dbunit.org/properties/statementFactory=org.dbunit.database.statement.PreparedStatementFactory@626bc2b8, http://www.dbunit.org/features/caseSensitiveTableNames=false, http://www.dbunit.org/properties/fetchSize=100, http://www.dbunit.org/features/batchedStatements=false, http://www.dbunit.org/properties/metadataHandler=org.dbunit.database.DefaultMetadataHandler@62baffef, http://www.dbunit.org/properties/datatypeFactory=org.dbunit.dataset.datatype.DefaultDataTypeFactory[_toleratedDeltaMap=org.dbunit.dataset.datatype.ToleratedDeltaMap@6452310a], http://www.dbunit.org/properties/escapePattern=null, http://www.dbunit.org/properties/batchSize=100, http://www.dbunit.org/features/qualifiedTableNames=false, http://www.dbunit.org/properties/tableType=[Ljava.lang.String;@5011bafa, http://www.dbunit.org/properties/resultSetTableFactory=org.dbunit.database.CachedResultSetTableFactory@10bcf083, http://www.dbunit.org/features/datatypeWarning=true}]) - start
169998 [main] TRACE org.dbunit.database.DatabaseConfig  - getFeature(name=http://www.dbunit.org/features/qualifiedTableNames) - start
169998 [main] TRACE org.dbunit.database.DatabaseConfig  - getProperty(name=http://www.dbunit.org/features/qualifiedTableNames) - start
169998 [main] DEBUG org.dbunit.util.QualifiedTableName  - Qualified table names feature is disabled. Returning plain table name
169998 [main] DEBUG org.dbunit.util.QualifiedTableName  - getQualifiedName(prefix=null, name=SCOPEDCONTENT, escapePattern=null) - start
169998 [main] DEBUG org.dbunit.util.QualifiedTableName  - getQualifiedNameIfEnabled(config=org.dbunit.database.DatabaseConfig[, _propertyMap={http://www.dbunit.org/properties/statementFactory=org.dbunit.database.statement.PreparedStatementFactory@626bc2b8, http://www.dbunit.org/features/caseSensitiveTableNames=false, http://www.dbunit.org/properties/fetchSize=100, http://www.dbunit.org/features/batchedStatements=false, http://www.dbunit.org/properties/metadataHandler=org.dbunit.database.DefaultMetadataHandler@62baffef, http://www.dbunit.org/properties/datatypeFactory=org.dbunit.dataset.datatype.DefaultDataTypeFactory[_toleratedDeltaMap=org.dbunit.dataset.datatype.ToleratedDeltaMap@6452310a], http://www.dbunit.org/properties/escapePattern=null, http://www.dbunit.org/properties/batchSize=100, http://www.dbunit.org/features/qualifiedTableNames=false, http://www.dbunit.org/properties/tableType=[Ljava.lang.String;@5011bafa, http://www.dbunit.org/properties/resultSetTableFactory=org.dbunit.database.CachedResultSetTableFactory@10bcf083, http://www.dbunit.org/features/datatypeWarning=true}]) - start
169998 [main] TRACE org.dbunit.database.DatabaseConfig  - getFeature(name=http://www.dbunit.org/features/qualifiedTableNames) - start
169998 [main] TRACE org.dbunit.database.DatabaseConfig  - getProperty(name=http://www.dbunit.org/features/qualifiedTableNames) - start
169999 [main] DEBUG org.dbunit.util.QualifiedTableName  - Qualified table names feature is disabled. Returning plain table name
169999 [main] DEBUG org.dbunit.util.QualifiedTableName  - getQualifiedName(prefix=null, name=SCOPE, escapePattern=null) - start
169999 [main] DEBUG org.dbunit.database.search.AbstractMetaDataBasedSearchCallback  - newEdge(rs=org.apache.commons.dbcp.DelegatingResultSet@f78705a, type=0, from=SCOPEDCONTENT, to=SCOPE, fkColumn=SCOPE, pkColumn=ID) - start
169999 [main] DEBUG org.dbunit.database.search.AbstractMetaDataBasedSearchCallback  - createFKEdge(rs=org.apache.commons.dbcp.DelegatingResultSet@f78705a, type=0, from=SCOPEDCONTENT, to=SCOPE, fkColumn=SCOPE, pkColumn=ID) - start
169999 [main] DEBUG org.dbunit.database.search.AbstractMetaDataBasedSearchCallback  - Adding edge SCOPEDCONTENT(SCOPE)->SCOPE(ID)
169999 [main] DEBUG org.dbunit.util.search.Edge  - compareTo(o=SCOPEDCONTENT(SCOPE)->SCOPE(ID)) - start
169999 [main] DEBUG org.dbunit.util.SQLHelper  - close(resultSet=org.apache.commons.dbcp.DelegatingResultSet@f78705a) - start
169999 [main] DEBUG org.dbunit.util.search.DepthFirstSearch  - search:SCOPEDCONTENT
169999 [main] DEBUG org.dbunit.database.search.ImportedKeysSearchCallback  - searchNode(node=SCOPEDCONTENT) - start
169999 [main] DEBUG org.dbunit.util.search.DepthFirstSearch  - Pushing SCOPEDCONTENT
169999 [main] DEBUG org.dbunit.database.search.ImportedKeysSearchCallback  - getEdges(node=SCOPEDCONTENT) - start
169999 [main] DEBUG org.dbunit.database.search.AbstractMetaDataBasedSearchCallback  - getNodesFromImportedKeys(node=SCOPEDCONTENT) - start
169999 [main] DEBUG org.dbunit.database.search.AbstractMetaDataBasedSearchCallback  - getNodes(type=0, node=SCOPEDCONTENT) - start
169999 [main] DEBUG org.dbunit.database.DatabaseDataSourceConnection  - getConnection() - start
169999 [main] DEBUG org.dbunit.database.search.AbstractMetaDataBasedSearchCallback  - getNodes(type=0, node=SCOPEDCONTENT, conn=Transaction-aware proxy for target Connection [jdbc:hsqldb:mem:kontrollDS, UserName=sw, HSQL Database Engine Driver], schema=null, metaData=org.apache.commons.dbcp.DelegatingDatabaseMetaData@2c182ca5, edges=[]) - start
169999 [main] DEBUG org.dbunit.database.search.AbstractMetaDataBasedSearchCallback  - Getting edges for node SCOPEDCONTENT
169999 [main] TRACE org.dbunit.database.DatabaseConfig  - getProperty(name=http://www.dbunit.org/properties/metadataHandler) - start
169999 [main] TRACE org.dbunit.database.DefaultMetadataHandler  - tableExists(metaData=org.apache.commons.dbcp.DelegatingDatabaseMetaData@2c182ca5, schemaName=null, tableName=SCOPEDCONTENT) - start
170000 [main] DEBUG org.dbunit.util.SQLHelper  - close(resultSet=org.apache.commons.dbcp.DelegatingResultSet@249a3ba2) - start
170000 [main] DEBUG org.dbunit.util.QualifiedTableName  - getQualifiedNameIfEnabled(config=org.dbunit.database.DatabaseConfig[, _propertyMap={http://www.dbunit.org/properties/statementFactory=org.dbunit.database.statement.PreparedStatementFactory@626bc2b8, http://www.dbunit.org/features/caseSensitiveTableNames=false, http://www.dbunit.org/properties/fetchSize=100, http://www.dbunit.org/features/batchedStatements=false, http://www.dbunit.org/properties/metadataHandler=org.dbunit.database.DefaultMetadataHandler@62baffef, http://www.dbunit.org/properties/datatypeFactory=org.dbunit.dataset.datatype.DefaultDataTypeFactory[_toleratedDeltaMap=org.dbunit.dataset.datatype.ToleratedDeltaMap@6452310a], http://www.dbunit.org/properties/escapePattern=null, http://www.dbunit.org/properties/batchSize=100, http://www.dbunit.org/features/qualifiedTableNames=false, http://www.dbunit.org/properties/tableType=[Ljava.lang.String;@5011bafa, http://www.dbunit.org/properties/resultSetTableFactory=org.dbunit.database.CachedResultSetTableFactory@10bcf083, http://www.dbunit.org/features/datatypeWarning=true}]) - start
170000 [main] TRACE org.dbunit.database.DatabaseConfig  - getFeature(name=http://www.dbunit.org/features/qualifiedTableNames) - start
170001 [main] TRACE org.dbunit.database.DatabaseConfig  - getProperty(name=http://www.dbunit.org/features/qualifiedTableNames) - start
170001 [main] DEBUG org.dbunit.util.QualifiedTableName  - Qualified table names feature is disabled. Returning plain table name
170001 [main] DEBUG org.dbunit.util.QualifiedTableName  - getQualifiedName(prefix=null, name=SCOPEDCONTENT, escapePattern=null) - start
170001 [main] DEBUG org.dbunit.util.QualifiedTableName  - getQualifiedNameIfEnabled(config=org.dbunit.database.DatabaseConfig[, _propertyMap={http://www.dbunit.org/properties/statementFactory=org.dbunit.database.statement.PreparedStatementFactory@626bc2b8, http://www.dbunit.org/features/caseSensitiveTableNames=false, http://www.dbunit.org/properties/fetchSize=100, http://www.dbunit.org/features/batchedStatements=false, http://www.dbunit.org/properties/metadataHandler=org.dbunit.database.DefaultMetadataHandler@62baffef, http://www.dbunit.org/properties/datatypeFactory=org.dbunit.dataset.datatype.DefaultDataTypeFactory[_toleratedDeltaMap=org.dbunit.dataset.datatype.ToleratedDeltaMap@6452310a], http://www.dbunit.org/properties/escapePattern=null, http://www.dbunit.org/properties/batchSize=100, http://www.dbunit.org/features/qualifiedTableNames=false, http://www.dbunit.org/properties/tableType=[Ljava.lang.String;@5011bafa, http://www.dbunit.org/properties/resultSetTableFactory=org.dbunit.database.CachedResultSetTableFactory@10bcf083, http://www.dbunit.org/features/datatypeWarning=true}]) - start
170001 [main] TRACE org.dbunit.database.DatabaseConfig  - getFeature(name=http://www.dbunit.org/features/qualifiedTableNames) - start
170001 [main] TRACE org.dbunit.database.DatabaseConfig  - getProperty(name=http://www.dbunit.org/features/qualifiedTableNames) - start
170001 [main] DEBUG org.dbunit.util.QualifiedTableName  - Qualified table names feature is disabled. Returning plain table name
170001 [main] DEBUG org.dbunit.util.QualifiedTableName  - getQualifiedName(prefix=null, name=SCOPE, escapePattern=null) - start
170001 [main] DEBUG org.dbunit.database.search.AbstractMetaDataBasedSearchCallback  - newEdge(rs=org.apache.commons.dbcp.DelegatingResultSet@64f161ac, type=0, from=SCOPEDCONTENT, to=SCOPE, fkColumn=SCOPE, pkColumn=ID) - start
170001 [main] DEBUG org.dbunit.database.search.AbstractMetaDataBasedSearchCallback  - createFKEdge(rs=org.apache.commons.dbcp.DelegatingResultSet@64f161ac, type=0, from=SCOPEDCONTENT, to=SCOPE, fkColumn=SCOPE, pkColumn=ID) - start
170001 [main] DEBUG org.dbunit.database.search.AbstractMetaDataBasedSearchCallback  - Adding edge SCOPEDCONTENT(SCOPE)->SCOPE(ID)
170001 [main] DEBUG org.dbunit.util.search.Edge  - compareTo(o=SCOPEDCONTENT(SCOPE)->SCOPE(ID)) - start
170001 [main] DEBUG org.dbunit.util.SQLHelper  - close(resultSet=org.apache.commons.dbcp.DelegatingResultSet@64f161ac) - start
170001 [main] DEBUG org.dbunit.util.search.DepthFirstSearch  - search:SCOPE
170001 [main] DEBUG org.dbunit.database.search.ImportedKeysSearchCallback  - searchNode(node=SCOPE) - start
170001 [main] DEBUG org.dbunit.util.search.DepthFirstSearch  - Pushing SCOPE
170001 [main] DEBUG org.dbunit.database.search.ImportedKeysSearchCallback  - getEdges(node=SCOPE) - start
170001 [main] DEBUG org.dbunit.database.search.AbstractMetaDataBasedSearchCallback  - getNodesFromImportedKeys(node=SCOPE) - start
170001 [main] DEBUG org.dbunit.database.search.AbstractMetaDataBasedSearchCallback  - getNodes(type=0, node=SCOPE) - start
170001 [main] DEBUG org.dbunit.database.DatabaseDataSourceConnection  - getConnection() - start
170001 [main] DEBUG org.dbunit.database.search.AbstractMetaDataBasedSearchCallback  - getNodes(type=0, node=SCOPE, conn=Transaction-aware proxy for target Connection [jdbc:hsqldb:mem:kontrollDS, UserName=sw, HSQL Database Engine Driver], schema=null, metaData=org.apache.commons.dbcp.DelegatingDatabaseMetaData@234396fa, edges=[]) - start
170001 [main] DEBUG org.dbunit.database.search.AbstractMetaDataBasedSearchCallback  - Getting edges for node SCOPE
170001 [main] TRACE org.dbunit.database.DatabaseConfig  - getProperty(name=http://www.dbunit.org/properties/metadataHandler) - start
170001 [main] TRACE org.dbunit.database.DefaultMetadataHandler  - tableExists(metaData=org.apache.commons.dbcp.DelegatingDatabaseMetaData@234396fa, schemaName=null, tableName=SCOPE) - start
170002 [main] DEBUG org.dbunit.util.SQLHelper  - close(resultSet=org.apache.commons.dbcp.DelegatingResultSet@5c753d76) - start
170003 [main] DEBUG org.dbunit.util.SQLHelper  - close(resultSet=org.apache.commons.dbcp.DelegatingResultSet@6718fe5a) - start
170003 [main] DEBUG org.dbunit.util.search.DepthFirstSearch  - Adding node SCOPE to the final result
170003 [main] DEBUG org.dbunit.util.search.DepthFirstSearch  - Adding node SCOPEDCONTENT to the final result
170003 [main] DEBUG org.dbunit.util.search.DepthFirstSearch  - reverseSearch:SCOPEDCONTENT
170003 [main] DEBUG org.dbunit.util.search.DepthFirstSearch  - already searched; returning true
170003 [main] DEBUG org.dbunit.util.search.DepthFirstSearch  - reverseSearch:SCOPE
170003 [main] DEBUG org.dbunit.database.search.ImportedKeysSearchCallback  - searchNode(node=SCOPE) - start
170003 [main] DEBUG org.dbunit.util.search.DepthFirstSearch  - Pushing (reverse) SCOPE
170003 [main] DEBUG org.dbunit.database.search.ImportedKeysSearchCallback  - getEdges(node=SCOPE) - start
170003 [main] DEBUG org.dbunit.database.search.AbstractMetaDataBasedSearchCallback  - getNodesFromImportedKeys(node=SCOPE) - start
170003 [main] DEBUG org.dbunit.database.search.AbstractMetaDataBasedSearchCallback  - getNodes(type=0, node=SCOPE) - start
170003 [main] DEBUG org.dbunit.database.DatabaseDataSourceConnection  - getConnection() - start
170003 [main] DEBUG org.dbunit.database.search.AbstractMetaDataBasedSearchCallback  - getNodes(type=0, node=SCOPE, conn=Transaction-aware proxy for target Connection [jdbc:hsqldb:mem:kontrollDS, UserName=sw, HSQL Database Engine Driver], schema=null, metaData=org.apache.commons.dbcp.DelegatingDatabaseMetaData@19e2fb97, edges=[]) - start
170003 [main] DEBUG org.dbunit.database.search.AbstractMetaDataBasedSearchCallback  - Getting edges for node SCOPE
170003 [main] TRACE org.dbunit.database.DatabaseConfig  - getProperty(name=http://www.dbunit.org/properties/metadataHandler) - start
170003 [main] TRACE org.dbunit.database.DefaultMetadataHandler  - tableExists(metaData=org.apache.commons.dbcp.DelegatingDatabaseMetaData@19e2fb97, schemaName=null, tableName=SCOPE) - start
170004 [main] DEBUG org.dbunit.util.SQLHelper  - close(resultSet=org.apache.commons.dbcp.DelegatingResultSet@f50c202) - start
170005 [main] DEBUG org.dbunit.util.SQLHelper  - close(resultSet=org.apache.commons.dbcp.DelegatingResultSet@6aad234) - start
170005 [main] DEBUG org.dbunit.util.search.DepthFirstSearch  - search:SCOPEDCONTENT
170005 [main] DEBUG org.dbunit.util.search.DepthFirstSearch  - already searched; returning true
170005 [main] DEBUG org.dbunit.util.search.DepthFirstSearch  - search:SCOPE
170005 [main] DEBUG org.dbunit.util.search.DepthFirstSearch  - already searched; returning true
170005 [main] DEBUG org.dbunit.database.DatabaseSequenceFilter  - getDependencyInfo(connection=_databaseConfig=org.dbunit.database.DatabaseConfig[, _propertyMap={http://www.dbunit.org/properties/statementFactory=org.dbunit.database.statement.PreparedStatementFactory@626bc2b8, http://www.dbunit.org/features/caseSensitiveTableNames=false, http://www.dbunit.org/properties/fetchSize=100, http://www.dbunit.org/features/batchedStatements=false, http://www.dbunit.org/properties/metadataHandler=org.dbunit.database.DefaultMetadataHandler@62baffef, http://www.dbunit.org/properties/datatypeFactory=org.dbunit.dataset.datatype.DefaultDataTypeFactory[_toleratedDeltaMap=org.dbunit.dataset.datatype.ToleratedDeltaMap@6452310a], http://www.dbunit.org/properties/escapePattern=null, http://www.dbunit.org/properties/batchSize=100, http://www.dbunit.org/features/qualifiedTableNames=false, http://www.dbunit.org/properties/tableType=[Ljava.lang.String;@5011bafa, http://www.dbunit.org/properties/resultSetTableFactory=org.dbunit.database.CachedResultSetTableFactory@10bcf083, http://www.dbunit.org/features/datatypeWarning=true}], _dataSet=AbstractDataSet[_orderedTableNameMap=null], tableName=SCOPEDCONTENTCONDITION) - start
170005 [main] DEBUG org.dbunit.database.search.TablesDependencyHelper  - getDependentTables(connection=_databaseConfig=org.dbunit.database.DatabaseConfig[, _propertyMap={http://www.dbunit.org/properties/statementFactory=org.dbunit.database.statement.PreparedStatementFactory@626bc2b8, http://www.dbunit.org/features/caseSensitiveTableNames=false, http://www.dbunit.org/properties/fetchSize=100, http://www.dbunit.org/features/batchedStatements=false, http://www.dbunit.org/properties/metadataHandler=org.dbunit.database.DefaultMetadataHandler@62baffef, http://www.dbunit.org/properties/datatypeFactory=org.dbunit.dataset.datatype.DefaultDataTypeFactory[_toleratedDeltaMap=org.dbunit.dataset.datatype.ToleratedDeltaMap@6452310a], http://www.dbunit.org/properties/escapePattern=null, http://www.dbunit.org/properties/batchSize=100, http://www.dbunit.org/features/qualifiedTableNames=false, http://www.dbunit.org/properties/tableType=[Ljava.lang.String;@5011bafa, http://www.dbunit.org/properties/resultSetTableFactory=org.dbunit.database.CachedResultSetTableFactory@10bcf083, http://www.dbunit.org/features/datatypeWarning=true}], _dataSet=AbstractDataSet[_orderedTableNameMap=null], rootTable=SCOPEDCONTENTCONDITION) - start
170005 [main] DEBUG org.dbunit.database.search.TablesDependencyHelper  - getDependentTables(connection=_databaseConfig=org.dbunit.database.DatabaseConfig[, _propertyMap={http://www.dbunit.org/properties/statementFactory=org.dbunit.database.statement.PreparedStatementFactory@626bc2b8, http://www.dbunit.org/features/caseSensitiveTableNames=false, http://www.dbunit.org/properties/fetchSize=100, http://www.dbunit.org/features/batchedStatements=false, http://www.dbunit.org/properties/metadataHandler=org.dbunit.database.DefaultMetadataHandler@62baffef, http://www.dbunit.org/properties/datatypeFactory=org.dbunit.dataset.datatype.DefaultDataTypeFactory[_toleratedDeltaMap=org.dbunit.dataset.datatype.ToleratedDeltaMap@6452310a], http://www.dbunit.org/properties/escapePattern=null, http://www.dbunit.org/properties/batchSize=100, http://www.dbunit.org/features/qualifiedTableNames=false, http://www.dbunit.org/properties/tableType=[Ljava.lang.String;@5011bafa, http://www.dbunit.org/properties/resultSetTableFactory=org.dbunit.database.CachedResultSetTableFactory@10bcf083, http://www.dbunit.org/features/datatypeWarning=true}], _dataSet=AbstractDataSet[_orderedTableNameMap=null], rootTables=[SCOPEDCONTENTCONDITION]) - start
170005 [main] DEBUG org.dbunit.util.search.DepthFirstSearch  - search(nodesFrom=[SCOPEDCONTENTCONDITION], callback=org.dbunit.database.search.ImportedKeysSearchCallback@72c82de3) - start
170005 [main] DEBUG org.dbunit.util.CollectionsHelper  - objectsToSet(objects=SCOPEDCONTENTCONDITION) - start
170005 [main] DEBUG org.dbunit.util.search.DepthFirstSearch  - search(nodesFrom=[SCOPEDCONTENTCONDITION], callback=org.dbunit.database.search.ImportedKeysSearchCallback@72c82de3) - start
170005 [main] DEBUG org.dbunit.util.search.DepthFirstSearch  - reverseSearch:SCOPEDCONTENTCONDITION
170005 [main] DEBUG org.dbunit.database.search.ImportedKeysSearchCallback  - searchNode(node=SCOPEDCONTENTCONDITION) - start
170005 [main] DEBUG org.dbunit.util.search.DepthFirstSearch  - Pushing (reverse) SCOPEDCONTENTCONDITION
170005 [main] DEBUG org.dbunit.database.search.ImportedKeysSearchCallback  - getEdges(node=SCOPEDCONTENTCONDITION) - start
170005 [main] DEBUG org.dbunit.database.search.AbstractMetaDataBasedSearchCallback  - getNodesFromImportedKeys(node=SCOPEDCONTENTCONDITION) - start
170005 [main] DEBUG org.dbunit.database.search.AbstractMetaDataBasedSearchCallback  - getNodes(type=0, node=SCOPEDCONTENTCONDITION) - start
170005 [main] DEBUG org.dbunit.database.DatabaseDataSourceConnection  - getConnection() - start
170005 [main] DEBUG org.dbunit.database.search.AbstractMetaDataBasedSearchCallback  - getNodes(type=0, node=SCOPEDCONTENTCONDITION, conn=Transaction-aware proxy for target Connection [jdbc:hsqldb:mem:kontrollDS, UserName=sw, HSQL Database Engine Driver], schema=null, metaData=org.apache.commons.dbcp.DelegatingDatabaseMetaData@343cccf4, edges=[]) - start
170005 [main] DEBUG org.dbunit.database.search.AbstractMetaDataBasedSearchCallback  - Getting edges for node SCOPEDCONTENTCONDITION
170006 [main] TRACE org.dbunit.database.DatabaseConfig  - getProperty(name=http://www.dbunit.org/properties/metadataHandler) - start
170006 [main] TRACE org.dbunit.database.DefaultMetadataHandler  - tableExists(metaData=org.apache.commons.dbcp.DelegatingDatabaseMetaData@343cccf4, schemaName=null, tableName=SCOPEDCONTENTCONDITION) - start
170007 [main] DEBUG org.dbunit.util.SQLHelper  - close(resultSet=org.apache.commons.dbcp.DelegatingResultSet@e834107) - start
170007 [main] DEBUG org.dbunit.util.SQLHelper  - close(resultSet=org.apache.commons.dbcp.DelegatingResultSet@340e7fd7) - start
170007 [main] DEBUG org.dbunit.util.search.DepthFirstSearch  - search:SCOPEDCONTENTCONDITION
170007 [main] DEBUG org.dbunit.database.search.ImportedKeysSearchCallback  - searchNode(node=SCOPEDCONTENTCONDITION) - start
170007 [main] DEBUG org.dbunit.util.search.DepthFirstSearch  - Pushing SCOPEDCONTENTCONDITION
170007 [main] DEBUG org.dbunit.database.search.ImportedKeysSearchCallback  - getEdges(node=SCOPEDCONTENTCONDITION) - start
170007 [main] DEBUG org.dbunit.database.search.AbstractMetaDataBasedSearchCallback  - getNodesFromImportedKeys(node=SCOPEDCONTENTCONDITION) - start
170007 [main] DEBUG org.dbunit.database.search.AbstractMetaDataBasedSearchCallback  - getNodes(type=0, node=SCOPEDCONTENTCONDITION) - start
170007 [main] DEBUG org.dbunit.database.DatabaseDataSourceConnection  - getConnection() - start
170007 [main] DEBUG org.dbunit.database.search.AbstractMetaDataBasedSearchCallback  - getNodes(type=0, node=SCOPEDCONTENTCONDITION, conn=Transaction-aware proxy for target Connection [jdbc:hsqldb:mem:kontrollDS, UserName=sw, HSQL Database Engine Driver], schema=null, metaData=org.apache.commons.dbcp.DelegatingDatabaseMetaData@23eb16f4, edges=[]) - start
170007 [main] DEBUG org.dbunit.database.search.AbstractMetaDataBasedSearchCallback  - Getting edges for node SCOPEDCONTENTCONDITION
170007 [main] TRACE org.dbunit.database.DatabaseConfig  - getProperty(name=http://www.dbunit.org/properties/metadataHandler) - start
170007 [main] TRACE org.dbunit.database.DefaultMetadataHandler  - tableExists(metaData=org.apache.commons.dbcp.DelegatingDatabaseMetaData@23eb16f4, schemaName=null, tableName=SCOPEDCONTENTCONDITION) - start
170008 [main] DEBUG org.dbunit.util.SQLHelper  - close(resultSet=org.apache.commons.dbcp.DelegatingResultSet@8356427) - start
170008 [main] DEBUG org.dbunit.util.SQLHelper  - close(resultSet=org.apache.commons.dbcp.DelegatingResultSet@7ca28846) - start
170009 [main] DEBUG org.dbunit.util.search.DepthFirstSearch  - Adding node SCOPEDCONTENTCONDITION to the final result
170009 [main] DEBUG org.dbunit.util.CollectionsHelper  - setToStrings(set=[SCOPEDCONTENTCONDITION]) - start
170009 [main] DEBUG org.dbunit.database.search.TablesDependencyHelper  - getDependsOnTables(connection=_databaseConfig=org.dbunit.database.DatabaseConfig[, _propertyMap={http://www.dbunit.org/properties/statementFactory=org.dbunit.database.statement.PreparedStatementFactory@626bc2b8, http://www.dbunit.org/features/caseSensitiveTableNames=false, http://www.dbunit.org/properties/fetchSize=100, http://www.dbunit.org/features/batchedStatements=false, http://www.dbunit.org/properties/metadataHandler=org.dbunit.database.DefaultMetadataHandler@62baffef, http://www.dbunit.org/properties/datatypeFactory=org.dbunit.dataset.datatype.DefaultDataTypeFactory[_toleratedDeltaMap=org.dbunit.dataset.datatype.ToleratedDeltaMap@6452310a], http://www.dbunit.org/properties/escapePattern=null, http://www.dbunit.org/properties/batchSize=100, http://www.dbunit.org/features/qualifiedTableNames=false, http://www.dbunit.org/properties/tableType=[Ljava.lang.String;@5011bafa, http://www.dbunit.org/properties/resultSetTableFactory=org.dbunit.database.CachedResultSetTableFactory@10bcf083, http://www.dbunit.org/features/datatypeWarning=true}], _dataSet=AbstractDataSet[_orderedTableNameMap=null], rootTable=SCOPEDCONTENTCONDITION) - start
170009 [main] DEBUG org.dbunit.util.search.DepthFirstSearch  - search(nodesFrom=[SCOPEDCONTENTCONDITION], callback=org.dbunit.database.search.ExportedKeysSearchCallback@2cb100f) - start
170009 [main] DEBUG org.dbunit.util.CollectionsHelper  - objectsToSet(objects=SCOPEDCONTENTCONDITION) - start
170009 [main] DEBUG org.dbunit.util.search.DepthFirstSearch  - search(nodesFrom=[SCOPEDCONTENTCONDITION], callback=org.dbunit.database.search.ExportedKeysSearchCallback@2cb100f) - start
170009 [main] DEBUG org.dbunit.util.search.DepthFirstSearch  - reverseSearch:SCOPEDCONTENTCONDITION
170009 [main] DEBUG org.dbunit.database.search.ExportedKeysSearchCallback  - searchNode(node=SCOPEDCONTENTCONDITION) - start
170009 [main] DEBUG org.dbunit.util.search.DepthFirstSearch  - Pushing (reverse) SCOPEDCONTENTCONDITION
170009 [main] DEBUG org.dbunit.database.search.ExportedKeysSearchCallback  - getEdges(node=SCOPEDCONTENTCONDITION) - start
170009 [main] DEBUG org.dbunit.database.search.AbstractMetaDataBasedSearchCallback  - getNodesFromExportedKeys(node=SCOPEDCONTENTCONDITION) - start
170009 [main] DEBUG org.dbunit.database.search.AbstractMetaDataBasedSearchCallback  - getNodes(type=1, node=SCOPEDCONTENTCONDITION) - start
170009 [main] DEBUG org.dbunit.database.DatabaseDataSourceConnection  - getConnection() - start
170010 [main] DEBUG org.dbunit.database.search.AbstractMetaDataBasedSearchCallback  - getNodes(type=1, node=SCOPEDCONTENTCONDITION, conn=Transaction-aware proxy for target Connection [jdbc:hsqldb:mem:kontrollDS, UserName=sw, HSQL Database Engine Driver], schema=null, metaData=org.apache.commons.dbcp.DelegatingDatabaseMetaData@618b4a37, edges=[]) - start
170010 [main] DEBUG org.dbunit.database.search.AbstractMetaDataBasedSearchCallback  - Getting edges for node SCOPEDCONTENTCONDITION
170010 [main] TRACE org.dbunit.database.DatabaseConfig  - getProperty(name=http://www.dbunit.org/properties/metadataHandler) - start
170010 [main] TRACE org.dbunit.database.DefaultMetadataHandler  - tableExists(metaData=org.apache.commons.dbcp.DelegatingDatabaseMetaData@618b4a37, schemaName=null, tableName=SCOPEDCONTENTCONDITION) - start
170011 [main] DEBUG org.dbunit.util.SQLHelper  - close(resultSet=org.apache.commons.dbcp.DelegatingResultSet@69bffed8) - start
170011 [main] DEBUG org.dbunit.util.QualifiedTableName  - getQualifiedNameIfEnabled(config=org.dbunit.database.DatabaseConfig[, _propertyMap={http://www.dbunit.org/properties/statementFactory=org.dbunit.database.statement.PreparedStatementFactory@626bc2b8, http://www.dbunit.org/features/caseSensitiveTableNames=false, http://www.dbunit.org/properties/fetchSize=100, http://www.dbunit.org/features/batchedStatements=false, http://www.dbunit.org/properties/metadataHandler=org.dbunit.database.DefaultMetadataHandler@62baffef, http://www.dbunit.org/properties/datatypeFactory=org.dbunit.dataset.datatype.DefaultDataTypeFactory[_toleratedDeltaMap=org.dbunit.dataset.datatype.ToleratedDeltaMap@6452310a], http://www.dbunit.org/properties/escapePattern=null, http://www.dbunit.org/properties/batchSize=100, http://www.dbunit.org/features/qualifiedTableNames=false, http://www.dbunit.org/properties/tableType=[Ljava.lang.String;@5011bafa, http://www.dbunit.org/properties/resultSetTableFactory=org.dbunit.database.CachedResultSetTableFactory@10bcf083, http://www.dbunit.org/features/datatypeWarning=true}]) - start
170011 [main] TRACE org.dbunit.database.DatabaseConfig  - getFeature(name=http://www.dbunit.org/features/qualifiedTableNames) - start
170011 [main] TRACE org.dbunit.database.DatabaseConfig  - getProperty(name=http://www.dbunit.org/features/qualifiedTableNames) - start
170011 [main] DEBUG org.dbunit.util.QualifiedTableName  - Qualified table names feature is disabled. Returning plain table name
170011 [main] DEBUG org.dbunit.util.QualifiedTableName  - getQualifiedName(prefix=null, name=SCOPEDCONTENTCONDITION, escapePattern=null) - start
170011 [main] DEBUG org.dbunit.util.QualifiedTableName  - getQualifiedNameIfEnabled(config=org.dbunit.database.DatabaseConfig[, _propertyMap={http://www.dbunit.org/properties/statementFactory=org.dbunit.database.statement.PreparedStatementFactory@626bc2b8, http://www.dbunit.org/features/caseSensitiveTableNames=false, http://www.dbunit.org/properties/fetchSize=100, http://www.dbunit.org/features/batchedStatements=false, http://www.dbunit.org/properties/metadataHandler=org.dbunit.database.DefaultMetadataHandler@62baffef, http://www.dbunit.org/properties/datatypeFactory=org.dbunit.dataset.datatype.DefaultDataTypeFactory[_toleratedDeltaMap=org.dbunit.dataset.datatype.ToleratedDeltaMap@6452310a], http://www.dbunit.org/properties/escapePattern=null, http://www.dbunit.org/properties/batchSize=100, http://www.dbunit.org/features/qualifiedTableNames=false, http://www.dbunit.org/properties/tableType=[Ljava.lang.String;@5011bafa, http://www.dbunit.org/properties/resultSetTableFactory=org.dbunit.database.CachedResultSetTableFactory@10bcf083, http://www.dbunit.org/features/datatypeWarning=true}]) - start
170011 [main] TRACE org.dbunit.database.DatabaseConfig  - getFeature(name=http://www.dbunit.org/features/qualifiedTableNames) - start
170011 [main] TRACE org.dbunit.database.DatabaseConfig  - getProperty(name=http://www.dbunit.org/features/qualifiedTableNames) - start
170011 [main] DEBUG org.dbunit.util.QualifiedTableName  - Qualified table names feature is disabled. Returning plain table name
170011 [main] DEBUG org.dbunit.util.QualifiedTableName  - getQualifiedName(prefix=null, name=NESTEDSCOPEDCONTENTCONDITIONS, escapePattern=null) - start
170011 [main] DEBUG org.dbunit.database.search.AbstractMetaDataBasedSearchCallback  - newEdge(rs=org.apache.commons.dbcp.DelegatingResultSet@23f4d6e3, type=1, from=SCOPEDCONTENTCONDITION, to=NESTEDSCOPEDCONTENTCONDITIONS, fkColumn=CHILD_CONDITION_ID, pkColumn=ID) - start
170011 [main] DEBUG org.dbunit.database.search.AbstractMetaDataBasedSearchCallback  - createFKEdge(rs=org.apache.commons.dbcp.DelegatingResultSet@23f4d6e3, type=1, from=SCOPEDCONTENTCONDITION, to=NESTEDSCOPEDCONTENTCONDITIONS, fkColumn=CHILD_CONDITION_ID, pkColumn=ID) - start
170011 [main] DEBUG org.dbunit.database.search.AbstractMetaDataBasedSearchCallback  - Adding edge NESTEDSCOPEDCONTENTCONDITIONS(CHILD_CONDITION_ID)->SCOPEDCONTENTCONDITION(ID)
170011 [main] DEBUG org.dbunit.util.search.Edge  - compareTo(o=NESTEDSCOPEDCONTENTCONDITIONS(CHILD_CONDITION_ID)->SCOPEDCONTENTCONDITION(ID)) - start
170011 [main] DEBUG org.dbunit.util.QualifiedTableName  - getQualifiedNameIfEnabled(config=org.dbunit.database.DatabaseConfig[, _propertyMap={http://www.dbunit.org/properties/statementFactory=org.dbunit.database.statement.PreparedStatementFactory@626bc2b8, http://www.dbunit.org/features/caseSensitiveTableNames=false, http://www.dbunit.org/properties/fetchSize=100, http://www.dbunit.org/features/batchedStatements=false, http://www.dbunit.org/properties/metadataHandler=org.dbunit.database.DefaultMetadataHandler@62baffef, http://www.dbunit.org/properties/datatypeFactory=org.dbunit.dataset.datatype.DefaultDataTypeFactory[_toleratedDeltaMap=org.dbunit.dataset.datatype.ToleratedDeltaMap@6452310a], http://www.dbunit.org/properties/escapePattern=null, http://www.dbunit.org/properties/batchSize=100, http://www.dbunit.org/features/qualifiedTableNames=false, http://www.dbunit.org/properties/tableType=[Ljava.lang.String;@5011bafa, http://www.dbunit.org/properties/resultSetTableFactory=org.dbunit.database.CachedResultSetTableFactory@10bcf083, http://www.dbunit.org/features/datatypeWarning=true}]) - start
170012 [main] TRACE org.dbunit.database.DatabaseConfig  - getFeature(name=http://www.dbunit.org/features/qualifiedTableNames) - start
170012 [main] TRACE org.dbunit.database.DatabaseConfig  - getProperty(name=http://www.dbunit.org/features/qualifiedTableNames) - start
170012 [main] DEBUG org.dbunit.util.QualifiedTableName  - Qualified table names feature is disabled. Returning plain table name
170012 [main] DEBUG org.dbunit.util.QualifiedTableName  - getQualifiedName(prefix=null, name=SCOPEDCONTENTCONDITION, escapePattern=null) - start
170012 [main] DEBUG org.dbunit.util.QualifiedTableName  - getQualifiedNameIfEnabled(config=org.dbunit.database.DatabaseConfig[, _propertyMap={http://www.dbunit.org/properties/statementFactory=org.dbunit.database.statement.PreparedStatementFactory@626bc2b8, http://www.dbunit.org/features/caseSensitiveTableNames=false, http://www.dbunit.org/properties/fetchSize=100, http://www.dbunit.org/features/batchedStatements=false, http://www.dbunit.org/properties/metadataHandler=org.dbunit.database.DefaultMetadataHandler@62baffef, http://www.dbunit.org/properties/datatypeFactory=org.dbunit.dataset.datatype.DefaultDataTypeFactory[_toleratedDeltaMap=org.dbunit.dataset.datatype.ToleratedDeltaMap@6452310a], http://www.dbunit.org/properties/escapePattern=null, http://www.dbunit.org/properties/batchSize=100, http://www.dbunit.org/features/qualifiedTableNames=false, http://www.dbunit.org/properties/tableType=[Ljava.lang.String;@5011bafa, http://www.dbunit.org/properties/resultSetTableFactory=org.dbunit.database.CachedResultSetTableFactory@10bcf083, http://www.dbunit.org/features/datatypeWarning=true}]) - start
170012 [main] TRACE org.dbunit.database.DatabaseConfig  - getFeature(name=http://www.dbunit.org/features/qualifiedTableNames) - start
170012 [main] TRACE org.dbunit.database.DatabaseConfig  - getProperty(name=http://www.dbunit.org/features/qualifiedTableNames) - start
170012 [main] DEBUG org.dbunit.util.QualifiedTableName  - Qualified table names feature is disabled. Returning plain table name
170012 [main] DEBUG org.dbunit.util.QualifiedTableName  - getQualifiedName(prefix=null, name=NESTEDSCOPEDCONTENTCONDITIONS, escapePattern=null) - start
170012 [main] DEBUG org.dbunit.database.search.AbstractMetaDataBasedSearchCallback  - newEdge(rs=org.apache.commons.dbcp.DelegatingResultSet@23f4d6e3, type=1, from=SCOPEDCONTENTCONDITION, to=NESTEDSCOPEDCONTENTCONDITIONS, fkColumn=PARENT_CONDITION_ID, pkColumn=ID) - start
170012 [main] DEBUG org.dbunit.database.search.AbstractMetaDataBasedSearchCallback  - createFKEdge(rs=org.apache.commons.dbcp.DelegatingResultSet@23f4d6e3, type=1, from=SCOPEDCONTENTCONDITION, to=NESTEDSCOPEDCONTENTCONDITIONS, fkColumn=PARENT_CONDITION_ID, pkColumn=ID) - start
170012 [main] DEBUG org.dbunit.database.search.AbstractMetaDataBasedSearchCallback  - Adding edge NESTEDSCOPEDCONTENTCONDITIONS(PARENT_CONDITION_ID)->SCOPEDCONTENTCONDITION(ID)
170012 [main] DEBUG org.dbunit.util.search.Edge  - compareTo(o=NESTEDSCOPEDCONTENTCONDITIONS(CHILD_CONDITION_ID)->SCOPEDCONTENTCONDITION(ID)) - start
170012 [main] DEBUG org.dbunit.util.QualifiedTableName  - getQualifiedNameIfEnabled(config=org.dbunit.database.DatabaseConfig[, _propertyMap={http://www.dbunit.org/properties/statementFactory=org.dbunit.database.statement.PreparedStatementFactory@626bc2b8, http://www.dbunit.org/features/caseSensitiveTableNames=false, http://www.dbunit.org/properties/fetchSize=100, http://www.dbunit.org/features/batchedStatements=false, http://www.dbunit.org/properties/metadataHandler=org.dbunit.database.DefaultMetadataHandler@62baffef, http://www.dbunit.org/properties/datatypeFactory=org.dbunit.dataset.datatype.DefaultDataTypeFactory[_toleratedDeltaMap=org.dbunit.dataset.datatype.ToleratedDeltaMap@6452310a], http://www.dbunit.org/properties/escapePattern=null, http://www.dbunit.org/properties/batchSize=100, http://www.dbunit.org/features/qualifiedTableNames=false, http://www.dbunit.org/properties/tableType=[Ljava.lang.String;@5011bafa, http://www.dbunit.org/properties/resultSetTableFactory=org.dbunit.database.CachedResultSetTableFactory@10bcf083, http://www.dbunit.org/features/datatypeWarning=true}]) - start
170012 [main] TRACE org.dbunit.database.DatabaseConfig  - getFeature(name=http://www.dbunit.org/features/qualifiedTableNames) - start
170012 [main] TRACE org.dbunit.database.DatabaseConfig  - getProperty(name=http://www.dbunit.org/features/qualifiedTableNames) - start
170012 [main] DEBUG org.dbunit.util.QualifiedTableName  - Qualified table names feature is disabled. Returning plain table name
170012 [main] DEBUG org.dbunit.util.QualifiedTableName  - getQualifiedName(prefix=null, name=SCOPEDCONTENTCONDITION, escapePattern=null) - start
170012 [main] DEBUG org.dbunit.util.QualifiedTableName  - getQualifiedNameIfEnabled(config=org.dbunit.database.DatabaseConfig[, _propertyMap={http://www.dbunit.org/properties/statementFactory=org.dbunit.database.statement.PreparedStatementFactory@626bc2b8, http://www.dbunit.org/features/caseSensitiveTableNames=false, http://www.dbunit.org/properties/fetchSize=100, http://www.dbunit.org/features/batchedStatements=false, http://www.dbunit.org/properties/metadataHandler=org.dbunit.database.DefaultMetadataHandler@62baffef, http://www.dbunit.org/properties/datatypeFactory=org.dbunit.dataset.datatype.DefaultDataTypeFactory[_toleratedDeltaMap=org.dbunit.dataset.datatype.ToleratedDeltaMap@6452310a], http://www.dbunit.org/properties/escapePattern=null, http://www.dbunit.org/properties/batchSize=100, http://www.dbunit.org/features/qualifiedTableNames=false, http://www.dbunit.org/properties/tableType=[Ljava.lang.String;@5011bafa, http://www.dbunit.org/properties/resultSetTableFactory=org.dbunit.database.CachedResultSetTableFactory@10bcf083, http://www.dbunit.org/features/datatypeWarning=true}]) - start
170012 [main] TRACE org.dbunit.database.DatabaseConfig  - getFeature(name=http://www.dbunit.org/features/qualifiedTableNames) - start
170012 [main] TRACE org.dbunit.database.DatabaseConfig  - getProperty(name=http://www.dbunit.org/features/qualifiedTableNames) - start
170012 [main] DEBUG org.dbunit.util.QualifiedTableName  - Qualified table names feature is disabled. Returning plain table name
170012 [main] DEBUG org.dbunit.util.QualifiedTableName  - getQualifiedName(prefix=null, name=SCOPEDCONTENTCONDITIONATTRIBUTE, escapePattern=null) - start
170012 [main] DEBUG org.dbunit.database.search.AbstractMetaDataBasedSearchCallback  - newEdge(rs=org.apache.commons.dbcp.DelegatingResultSet@23f4d6e3, type=1, from=SCOPEDCONTENTCONDITION, to=SCOPEDCONTENTCONDITIONATTRIBUTE, fkColumn=SCOPEDCONTENTCONDITION, pkColumn=ID) - start
170012 [main] DEBUG org.dbunit.database.search.AbstractMetaDataBasedSearchCallback  - createFKEdge(rs=org.apache.commons.dbcp.DelegatingResultSet@23f4d6e3, type=1, from=SCOPEDCONTENTCONDITION, to=SCOPEDCONTENTCONDITIONATTRIBUTE, fkColumn=SCOPEDCONTENTCONDITION, pkColumn=ID) - start
170012 [main] DEBUG org.dbunit.database.search.AbstractMetaDataBasedSearchCallback  - Adding edge SCOPEDCONTENTCONDITIONATTRIBUTE(SCOPEDCONTENTCONDITION)->SCOPEDCONTENTCONDITION(ID)
170013 [main] DEBUG org.dbunit.util.search.Edge  - compareTo(o=NESTEDSCOPEDCONTENTCONDITIONS(CHILD_CONDITION_ID)->SCOPEDCONTENTCONDITION(ID)) - start
170013 [main] DEBUG org.dbunit.util.QualifiedTableName  - getQualifiedNameIfEnabled(config=org.dbunit.database.DatabaseConfig[, _propertyMap={http://www.dbunit.org/properties/statementFactory=org.dbunit.database.statement.PreparedStatementFactory@626bc2b8, http://www.dbunit.org/features/caseSensitiveTableNames=false, http://www.dbunit.org/properties/fetchSize=100, http://www.dbunit.org/features/batchedStatements=false, http://www.dbunit.org/properties/metadataHandler=org.dbunit.database.DefaultMetadataHandler@62baffef, http://www.dbunit.org/properties/datatypeFactory=org.dbunit.dataset.datatype.DefaultDataTypeFactory[_toleratedDeltaMap=org.dbunit.dataset.datatype.ToleratedDeltaMap@6452310a], http://www.dbunit.org/properties/escapePattern=null, http://www.dbunit.org/properties/batchSize=100, http://www.dbunit.org/features/qualifiedTableNames=false, http://www.dbunit.org/properties/tableType=[Ljava.lang.String;@5011bafa, http://www.dbunit.org/properties/resultSetTableFactory=org.dbunit.database.CachedResultSetTableFactory@10bcf083, http://www.dbunit.org/features/datatypeWarning=true}]) - start
170013 [main] TRACE org.dbunit.database.DatabaseConfig  - getFeature(name=http://www.dbunit.org/features/qualifiedTableNames) - start
170013 [main] TRACE org.dbunit.database.DatabaseConfig  - getProperty(name=http://www.dbunit.org/features/qualifiedTableNames) - start
170013 [main] DEBUG org.dbunit.util.QualifiedTableName  - Qualified table names feature is disabled. Returning plain table name
170013 [main] DEBUG org.dbunit.util.QualifiedTableName  - getQualifiedName(prefix=null, name=SCOPEDCONTENTCONDITION, escapePattern=null) - start
170013 [main] DEBUG org.dbunit.util.QualifiedTableName  - getQualifiedNameIfEnabled(config=org.dbunit.database.DatabaseConfig[, _propertyMap={http://www.dbunit.org/properties/statementFactory=org.dbunit.database.statement.PreparedStatementFactory@626bc2b8, http://www.dbunit.org/features/caseSensitiveTableNames=false, http://www.dbunit.org/properties/fetchSize=100, http://www.dbunit.org/features/batchedStatements=false, http://www.dbunit.org/properties/metadataHandler=org.dbunit.database.DefaultMetadataHandler@62baffef, http://www.dbunit.org/properties/datatypeFactory=org.dbunit.dataset.datatype.DefaultDataTypeFactory[_toleratedDeltaMap=org.dbunit.dataset.datatype.ToleratedDeltaMap@6452310a], http://www.dbunit.org/properties/escapePattern=null, http://www.dbunit.org/properties/batchSize=100, http://www.dbunit.org/features/qualifiedTableNames=false, http://www.dbunit.org/properties/tableType=[Ljava.lang.String;@5011bafa, http://www.dbunit.org/properties/resultSetTableFactory=org.dbunit.database.CachedResultSetTableFactory@10bcf083, http://www.dbunit.org/features/datatypeWarning=true}]) - start
170013 [main] TRACE org.dbunit.database.DatabaseConfig  - getFeature(name=http://www.dbunit.org/features/qualifiedTableNames) - start
170013 [main] TRACE org.dbunit.database.DatabaseConfig  - getProperty(name=http://www.dbunit.org/features/qualifiedTableNames) - start
170013 [main] DEBUG org.dbunit.util.QualifiedTableName  - Qualified table names feature is disabled. Returning plain table name
170013 [main] DEBUG org.dbunit.util.QualifiedTableName  - getQualifiedName(prefix=null, name=SCOPEDCONTENTCONDITIONS_SCOPEDCONTENT, escapePattern=null) - start
170013 [main] DEBUG org.dbunit.database.search.AbstractMetaDataBasedSearchCallback  - newEdge(rs=org.apache.commons.dbcp.DelegatingResultSet@23f4d6e3, type=1, from=SCOPEDCONTENTCONDITION, to=SCOPEDCONTENTCONDITIONS_SCOPEDCONTENT, fkColumn=SCOPED_CONTENT_CONDITION_ID, pkColumn=ID) - start
170013 [main] DEBUG org.dbunit.database.search.AbstractMetaDataBasedSearchCallback  - createFKEdge(rs=org.apache.commons.dbcp.DelegatingResultSet@23f4d6e3, type=1, from=SCOPEDCONTENTCONDITION, to=SCOPEDCONTENTCONDITIONS_SCOPEDCONTENT, fkColumn=SCOPED_CONTENT_CONDITION_ID, pkColumn=ID) - start
170013 [main] DEBUG org.dbunit.database.search.AbstractMetaDataBasedSearchCallback  - Adding edge SCOPEDCONTENTCONDITIONS_SCOPEDCONTENT(SCOPED_CONTENT_CONDITION_ID)->SCOPEDCONTENTCONDITION(ID)
170013 [main] DEBUG org.dbunit.util.search.Edge  - compareTo(o=NESTEDSCOPEDCONTENTCONDITIONS(CHILD_CONDITION_ID)->SCOPEDCONTENTCONDITION(ID)) - start
170013 [main] DEBUG org.dbunit.util.search.Edge  - compareTo(o=SCOPEDCONTENTCONDITIONATTRIBUTE(SCOPEDCONTENTCONDITION)->SCOPEDCONTENTCONDITION(ID)) - start
170013 [main] DEBUG org.dbunit.util.QualifiedTableName  - getQualifiedNameIfEnabled(config=org.dbunit.database.DatabaseConfig[, _propertyMap={http://www.dbunit.org/properties/statementFactory=org.dbunit.database.statement.PreparedStatementFactory@626bc2b8, http://www.dbunit.org/features/caseSensitiveTableNames=false, http://www.dbunit.org/properties/fetchSize=100, http://www.dbunit.org/features/batchedStatements=false, http://www.dbunit.org/properties/metadataHandler=org.dbunit.database.DefaultMetadataHandler@62baffef, http://www.dbunit.org/properties/datatypeFactory=org.dbunit.dataset.datatype.DefaultDataTypeFactory[_toleratedDeltaMap=org.dbunit.dataset.datatype.ToleratedDeltaMap@6452310a], http://www.dbunit.org/properties/escapePattern=null, http://www.dbunit.org/properties/batchSize=100, http://www.dbunit.org/features/qualifiedTableNames=false, http://www.dbunit.org/properties/tableType=[Ljava.lang.String;@5011bafa, http://www.dbunit.org/properties/resultSetTableFactory=org.dbunit.database.CachedResultSetTableFactory@10bcf083, http://www.dbunit.org/features/datatypeWarning=true}]) - start
170013 [main] TRACE org.dbunit.database.DatabaseConfig  - getFeature(name=http://www.dbunit.org/features/qualifiedTableNames) - start
170013 [main] TRACE org.dbunit.database.DatabaseConfig  - getProperty(name=http://www.dbunit.org/features/qualifiedTableNames) - start
170013 [main] DEBUG org.dbunit.util.QualifiedTableName  - Qualified table names feature is disabled. Returning plain table name
170013 [main] DEBUG org.dbunit.util.QualifiedTableName  - getQualifiedName(prefix=null, name=SCOPEDCONTENTCONDITION, escapePattern=null) - start
170013 [main] DEBUG org.dbunit.util.QualifiedTableName  - getQualifiedNameIfEnabled(config=org.dbunit.database.DatabaseConfig[, _propertyMap={http://www.dbunit.org/properties/statementFactory=org.dbunit.database.statement.PreparedStatementFactory@626bc2b8, http://www.dbunit.org/features/caseSensitiveTableNames=false, http://www.dbunit.org/properties/fetchSize=100, http://www.dbunit.org/features/batchedStatements=false, http://www.dbunit.org/properties/metadataHandler=org.dbunit.database.DefaultMetadataHandler@62baffef, http://www.dbunit.org/properties/datatypeFactory=org.dbunit.dataset.datatype.DefaultDataTypeFactory[_toleratedDeltaMap=org.dbunit.dataset.datatype.ToleratedDeltaMap@6452310a], http://www.dbunit.org/properties/escapePattern=null, http://www.dbunit.org/properties/batchSize=100, http://www.dbunit.org/features/qualifiedTableNames=false, http://www.dbunit.org/properties/tableType=[Ljava.lang.String;@5011bafa, http://www.dbunit.org/properties/resultSetTableFactory=org.dbunit.database.CachedResultSetTableFactory@10bcf083, http://www.dbunit.org/features/datatypeWarning=true}]) - start
170014 [main] TRACE org.dbunit.database.DatabaseConfig  - getFeature(name=http://www.dbunit.org/features/qualifiedTableNames) - start
170014 [main] TRACE org.dbunit.database.DatabaseConfig  - getProperty(name=http://www.dbunit.org/features/qualifiedTableNames) - start
170014 [main] DEBUG org.dbunit.util.QualifiedTableName  - Qualified table names feature is disabled. Returning plain table name
170014 [main] DEBUG org.dbunit.util.QualifiedTableName  - getQualifiedName(prefix=null, name=SCOPEDCONTENTCONDITIONS_SCOPEDCONTENTITEM, escapePattern=null) - start
170014 [main] DEBUG org.dbunit.database.search.AbstractMetaDataBasedSearchCallback  - newEdge(rs=org.apache.commons.dbcp.DelegatingResultSet@23f4d6e3, type=1, from=SCOPEDCONTENTCONDITION, to=SCOPEDCONTENTCONDITIONS_SCOPEDCONTENTITEM, fkColumn=SCOPED_CONTENT_CONDITION_ID, pkColumn=ID) - start
170014 [main] DEBUG org.dbunit.database.search.AbstractMetaDataBasedSearchCallback  - createFKEdge(rs=org.apache.commons.dbcp.DelegatingResultSet@23f4d6e3, type=1, from=SCOPEDCONTENTCONDITION, to=SCOPEDCONTENTCONDITIONS_SCOPEDCONTENTITEM, fkColumn=SCOPED_CONTENT_CONDITION_ID, pkColumn=ID) - start
170014 [main] DEBUG org.dbunit.database.search.AbstractMetaDataBasedSearchCallback  - Adding edge SCOPEDCONTENTCONDITIONS_SCOPEDCONTENTITEM(SCOPED_CONTENT_CONDITION_ID)->SCOPEDCONTENTCONDITION(ID)
170014 [main] DEBUG org.dbunit.util.search.Edge  - compareTo(o=SCOPEDCONTENTCONDITIONATTRIBUTE(SCOPEDCONTENTCONDITION)->SCOPEDCONTENTCONDITION(ID)) - start
170014 [main] DEBUG org.dbunit.util.search.Edge  - compareTo(o=SCOPEDCONTENTCONDITIONS_SCOPEDCONTENT(SCOPED_CONTENT_CONDITION_ID)->SCOPEDCONTENTCONDITION(ID)) - start
170014 [main] DEBUG org.dbunit.util.SQLHelper  - close(resultSet=org.apache.commons.dbcp.DelegatingResultSet@23f4d6e3) - start
170014 [main] DEBUG org.dbunit.util.search.DepthFirstSearch  - reverseSearch:NESTEDSCOPEDCONTENTCONDITIONS
170014 [main] DEBUG org.dbunit.database.search.ExportedKeysSearchCallback  - searchNode(node=NESTEDSCOPEDCONTENTCONDITIONS) - start
170014 [main] DEBUG org.dbunit.util.search.DepthFirstSearch  - Pushing (reverse) NESTEDSCOPEDCONTENTCONDITIONS
170014 [main] DEBUG org.dbunit.database.search.ExportedKeysSearchCallback  - getEdges(node=NESTEDSCOPEDCONTENTCONDITIONS) - start
170014 [main] DEBUG org.dbunit.database.search.AbstractMetaDataBasedSearchCallback  - getNodesFromExportedKeys(node=NESTEDSCOPEDCONTENTCONDITIONS) - start
170014 [main] DEBUG org.dbunit.database.search.AbstractMetaDataBasedSearchCallback  - getNodes(type=1, node=NESTEDSCOPEDCONTENTCONDITIONS) - start
170014 [main] DEBUG org.dbunit.database.DatabaseDataSourceConnection  - getConnection() - start
170014 [main] DEBUG org.dbunit.database.search.AbstractMetaDataBasedSearchCallback  - getNodes(type=1, node=NESTEDSCOPEDCONTENTCONDITIONS, conn=Transaction-aware proxy for target Connection [jdbc:hsqldb:mem:kontrollDS, UserName=sw, HSQL Database Engine Driver], schema=null, metaData=org.apache.commons.dbcp.DelegatingDatabaseMetaData@1f47e386, edges=[]) - start
170014 [main] DEBUG org.dbunit.database.search.AbstractMetaDataBasedSearchCallback  - Getting edges for node NESTEDSCOPEDCONTENTCONDITIONS
170014 [main] TRACE org.dbunit.database.DatabaseConfig  - getProperty(name=http://www.dbunit.org/properties/metadataHandler) - start
170014 [main] TRACE org.dbunit.database.DefaultMetadataHandler  - tableExists(metaData=org.apache.commons.dbcp.DelegatingDatabaseMetaData@1f47e386, schemaName=null, tableName=NESTEDSCOPEDCONTENTCONDITIONS) - start
170015 [main] DEBUG org.dbunit.util.SQLHelper  - close(resultSet=org.apache.commons.dbcp.DelegatingResultSet@525ae42e) - start
170016 [main] DEBUG org.dbunit.util.SQLHelper  - close(resultSet=org.apache.commons.dbcp.DelegatingResultSet@488c6db5) - start
170016 [main] DEBUG org.dbunit.util.search.DepthFirstSearch  - reverseSearch:SCOPEDCONTENTCONDITIONATTRIBUTE
170016 [main] DEBUG org.dbunit.database.search.ExportedKeysSearchCallback  - searchNode(node=SCOPEDCONTENTCONDITIONATTRIBUTE) - start
170016 [main] DEBUG org.dbunit.util.search.DepthFirstSearch  - Pushing (reverse) SCOPEDCONTENTCONDITIONATTRIBUTE
170016 [main] DEBUG org.dbunit.database.search.ExportedKeysSearchCallback  - getEdges(node=SCOPEDCONTENTCONDITIONATTRIBUTE) - start
170016 [main] DEBUG org.dbunit.database.search.AbstractMetaDataBasedSearchCallback  - getNodesFromExportedKeys(node=SCOPEDCONTENTCONDITIONATTRIBUTE) - start
170016 [main] DEBUG org.dbunit.database.search.AbstractMetaDataBasedSearchCallback  - getNodes(type=1, node=SCOPEDCONTENTCONDITIONATTRIBUTE) - start
170016 [main] DEBUG org.dbunit.database.DatabaseDataSourceConnection  - getConnection() - start
170016 [main] DEBUG org.dbunit.database.search.AbstractMetaDataBasedSearchCallback  - getNodes(type=1, node=SCOPEDCONTENTCONDITIONATTRIBUTE, conn=Transaction-aware proxy for target Connection [jdbc:hsqldb:mem:kontrollDS, UserName=sw, HSQL Database Engine Driver], schema=null, metaData=org.apache.commons.dbcp.DelegatingDatabaseMetaData@7b76ab48, edges=[]) - start
170016 [main] DEBUG org.dbunit.database.search.AbstractMetaDataBasedSearchCallback  - Getting edges for node SCOPEDCONTENTCONDITIONATTRIBUTE
170016 [main] TRACE org.dbunit.database.DatabaseConfig  - getProperty(name=http://www.dbunit.org/properties/metadataHandler) - start
170016 [main] TRACE org.dbunit.database.DefaultMetadataHandler  - tableExists(metaData=org.apache.commons.dbcp.DelegatingDatabaseMetaData@7b76ab48, schemaName=null, tableName=SCOPEDCONTENTCONDITIONATTRIBUTE) - start
170017 [main] DEBUG org.dbunit.util.SQLHelper  - close(resultSet=org.apache.commons.dbcp.DelegatingResultSet@5bf30771) - start
170017 [main] DEBUG org.dbunit.util.SQLHelper  - close(resultSet=org.apache.commons.dbcp.DelegatingResultSet@7407e0f6) - start
170017 [main] DEBUG org.dbunit.util.search.DepthFirstSearch  - reverseSearch:SCOPEDCONTENTCONDITIONS_SCOPEDCONTENT
170017 [main] DEBUG org.dbunit.database.search.ExportedKeysSearchCallback  - searchNode(node=SCOPEDCONTENTCONDITIONS_SCOPEDCONTENT) - start
170017 [main] DEBUG org.dbunit.util.search.DepthFirstSearch  - Pushing (reverse) SCOPEDCONTENTCONDITIONS_SCOPEDCONTENT
170017 [main] DEBUG org.dbunit.database.search.ExportedKeysSearchCallback  - getEdges(node=SCOPEDCONTENTCONDITIONS_SCOPEDCONTENT) - start
170017 [main] DEBUG org.dbunit.database.search.AbstractMetaDataBasedSearchCallback  - getNodesFromExportedKeys(node=SCOPEDCONTENTCONDITIONS_SCOPEDCONTENT) - start
170017 [main] DEBUG org.dbunit.database.search.AbstractMetaDataBasedSearchCallback  - getNodes(type=1, node=SCOPEDCONTENTCONDITIONS_SCOPEDCONTENT) - start
170017 [main] DEBUG org.dbunit.database.DatabaseDataSourceConnection  - getConnection() - start
170018 [main] DEBUG org.dbunit.database.search.AbstractMetaDataBasedSearchCallback  - getNodes(type=1, node=SCOPEDCONTENTCONDITIONS_SCOPEDCONTENT, conn=Transaction-aware proxy for target Connection [jdbc:hsqldb:mem:kontrollDS, UserName=sw, HSQL Database Engine Driver], schema=null, metaData=org.apache.commons.dbcp.DelegatingDatabaseMetaData@314271fd, edges=[]) - start
170018 [main] DEBUG org.dbunit.database.search.AbstractMetaDataBasedSearchCallback  - Getting edges for node SCOPEDCONTENTCONDITIONS_SCOPEDCONTENT
170018 [main] TRACE org.dbunit.database.DatabaseConfig  - getProperty(name=http://www.dbunit.org/properties/metadataHandler) - start
170018 [main] TRACE org.dbunit.database.DefaultMetadataHandler  - tableExists(metaData=org.apache.commons.dbcp.DelegatingDatabaseMetaData@314271fd, schemaName=null, tableName=SCOPEDCONTENTCONDITIONS_SCOPEDCONTENT) - start
170019 [main] DEBUG org.dbunit.util.SQLHelper  - close(resultSet=org.apache.commons.dbcp.DelegatingResultSet@d596132) - start
170019 [main] DEBUG org.dbunit.util.SQLHelper  - close(resultSet=org.apache.commons.dbcp.DelegatingResultSet@32b757cc) - start
170019 [main] DEBUG org.dbunit.util.search.DepthFirstSearch  - reverseSearch:SCOPEDCONTENTCONDITIONS_SCOPEDCONTENTITEM
170019 [main] DEBUG org.dbunit.database.search.ExportedKeysSearchCallback  - searchNode(node=SCOPEDCONTENTCONDITIONS_SCOPEDCONTENTITEM) - start
170019 [main] DEBUG org.dbunit.util.search.DepthFirstSearch  - Pushing (reverse) SCOPEDCONTENTCONDITIONS_SCOPEDCONTENTITEM
170019 [main] DEBUG org.dbunit.database.search.ExportedKeysSearchCallback  - getEdges(node=SCOPEDCONTENTCONDITIONS_SCOPEDCONTENTITEM) - start
170019 [main] DEBUG org.dbunit.database.search.AbstractMetaDataBasedSearchCallback  - getNodesFromExportedKeys(node=SCOPEDCONTENTCONDITIONS_SCOPEDCONTENTITEM) - start
170019 [main] DEBUG org.dbunit.database.search.AbstractMetaDataBasedSearchCallback  - getNodes(type=1, node=SCOPEDCONTENTCONDITIONS_SCOPEDCONTENTITEM) - start
170019 [main] DEBUG org.dbunit.database.DatabaseDataSourceConnection  - getConnection() - start
170019 [main] DEBUG org.dbunit.database.search.AbstractMetaDataBasedSearchCallback  - getNodes(type=1, node=SCOPEDCONTENTCONDITIONS_SCOPEDCONTENTITEM, conn=Transaction-aware proxy for target Connection [jdbc:hsqldb:mem:kontrollDS, UserName=sw, HSQL Database Engine Driver], schema=null, metaData=org.apache.commons.dbcp.DelegatingDatabaseMetaData@22e52c17, edges=[]) - start
170019 [main] DEBUG org.dbunit.database.search.AbstractMetaDataBasedSearchCallback  - Getting edges for node SCOPEDCONTENTCONDITIONS_SCOPEDCONTENTITEM
170019 [main] TRACE org.dbunit.database.DatabaseConfig  - getProperty(name=http://www.dbunit.org/properties/metadataHandler) - start
170019 [main] TRACE org.dbunit.database.DefaultMetadataHandler  - tableExists(metaData=org.apache.commons.dbcp.DelegatingDatabaseMetaData@22e52c17, schemaName=null, tableName=SCOPEDCONTENTCONDITIONS_SCOPEDCONTENTITEM) - start
170020 [main] DEBUG org.dbunit.util.SQLHelper  - close(resultSet=org.apache.commons.dbcp.DelegatingResultSet@158cc461) - start
170021 [main] DEBUG org.dbunit.util.SQLHelper  - close(resultSet=org.apache.commons.dbcp.DelegatingResultSet@69ee8321) - start
170021 [main] DEBUG org.dbunit.util.search.DepthFirstSearch  - search:NESTEDSCOPEDCONTENTCONDITIONS
170021 [main] DEBUG org.dbunit.database.search.ExportedKeysSearchCallback  - searchNode(node=NESTEDSCOPEDCONTENTCONDITIONS) - start
170021 [main] DEBUG org.dbunit.util.search.DepthFirstSearch  - Pushing NESTEDSCOPEDCONTENTCONDITIONS
170021 [main] DEBUG org.dbunit.database.search.ExportedKeysSearchCallback  - getEdges(node=NESTEDSCOPEDCONTENTCONDITIONS) - start
170021 [main] DEBUG org.dbunit.database.search.AbstractMetaDataBasedSearchCallback  - getNodesFromExportedKeys(node=NESTEDSCOPEDCONTENTCONDITIONS) - start
170021 [main] DEBUG org.dbunit.database.search.AbstractMetaDataBasedSearchCallback  - getNodes(type=1, node=NESTEDSCOPEDCONTENTCONDITIONS) - start
170021 [main] DEBUG org.dbunit.database.DatabaseDataSourceConnection  - getConnection() - start
170021 [main] DEBUG org.dbunit.database.search.AbstractMetaDataBasedSearchCallback  - getNodes(type=1, node=NESTEDSCOPEDCONTENTCONDITIONS, conn=Transaction-aware proxy for target Connection [jdbc:hsqldb:mem:kontrollDS, UserName=sw, HSQL Database Engine Driver], schema=null, metaData=org.apache.commons.dbcp.DelegatingDatabaseMetaData@29e321dc, edges=[]) - start
170021 [main] DEBUG org.dbunit.database.search.AbstractMetaDataBasedSearchCallback  - Getting edges for node NESTEDSCOPEDCONTENTCONDITIONS
170021 [main] TRACE org.dbunit.database.DatabaseConfig  - getProperty(name=http://www.dbunit.org/properties/metadataHandler) - start
170021 [main] TRACE org.dbunit.database.DefaultMetadataHandler  - tableExists(metaData=org.apache.commons.dbcp.DelegatingDatabaseMetaData@29e321dc, schemaName=null, tableName=NESTEDSCOPEDCONTENTCONDITIONS) - start
170022 [main] DEBUG org.dbunit.util.SQLHelper  - close(resultSet=org.apache.commons.dbcp.DelegatingResultSet@77e9375d) - start
170022 [main] DEBUG org.dbunit.util.SQLHelper  - close(resultSet=org.apache.commons.dbcp.DelegatingResultSet@609c0898) - start
170022 [main] DEBUG org.dbunit.util.search.DepthFirstSearch  - Adding node NESTEDSCOPEDCONTENTCONDITIONS to the final result
170022 [main] DEBUG org.dbunit.util.search.DepthFirstSearch  - search:SCOPEDCONTENTCONDITIONATTRIBUTE
170022 [main] DEBUG org.dbunit.database.search.ExportedKeysSearchCallback  - searchNode(node=SCOPEDCONTENTCONDITIONATTRIBUTE) - start
170022 [main] DEBUG org.dbunit.util.search.DepthFirstSearch  - Pushing SCOPEDCONTENTCONDITIONATTRIBUTE
170022 [main] DEBUG org.dbunit.database.search.ExportedKeysSearchCallback  - getEdges(node=SCOPEDCONTENTCONDITIONATTRIBUTE) - start
170022 [main] DEBUG org.dbunit.database.search.AbstractMetaDataBasedSearchCallback  - getNodesFromExportedKeys(node=SCOPEDCONTENTCONDITIONATTRIBUTE) - start
170022 [main] DEBUG org.dbunit.database.search.AbstractMetaDataBasedSearchCallback  - getNodes(type=1, node=SCOPEDCONTENTCONDITIONATTRIBUTE) - start
170022 [main] DEBUG org.dbunit.database.DatabaseDataSourceConnection  - getConnection() - start
170022 [main] DEBUG org.dbunit.database.search.AbstractMetaDataBasedSearchCallback  - getNodes(type=1, node=SCOPEDCONTENTCONDITIONATTRIBUTE, conn=Transaction-aware proxy for target Connection [jdbc:hsqldb:mem:kontrollDS, UserName=sw, HSQL Database Engine Driver], schema=null, metaData=org.apache.commons.dbcp.DelegatingDatabaseMetaData@23f864b5, edges=[]) - start
170023 [main] DEBUG org.dbunit.database.search.AbstractMetaDataBasedSearchCallback  - Getting edges for node SCOPEDCONTENTCONDITIONATTRIBUTE
170023 [main] TRACE org.dbunit.database.DatabaseConfig  - getProperty(name=http://www.dbunit.org/properties/metadataHandler) - start
170023 [main] TRACE org.dbunit.database.DefaultMetadataHandler  - tableExists(metaData=org.apache.commons.dbcp.DelegatingDatabaseMetaData@23f864b5, schemaName=null, tableName=SCOPEDCONTENTCONDITIONATTRIBUTE) - start
170024 [main] DEBUG org.dbunit.util.SQLHelper  - close(resultSet=org.apache.commons.dbcp.DelegatingResultSet@27b110d4) - start
170024 [main] DEBUG org.dbunit.util.SQLHelper  - close(resultSet=org.apache.commons.dbcp.DelegatingResultSet@51f16ffd) - start
170024 [main] DEBUG org.dbunit.util.search.DepthFirstSearch  - Adding node SCOPEDCONTENTCONDITIONATTRIBUTE to the final result
170024 [main] DEBUG org.dbunit.util.search.DepthFirstSearch  - search:SCOPEDCONTENTCONDITIONS_SCOPEDCONTENT
170024 [main] DEBUG org.dbunit.database.search.ExportedKeysSearchCallback  - searchNode(node=SCOPEDCONTENTCONDITIONS_SCOPEDCONTENT) - start
170024 [main] DEBUG org.dbunit.util.search.DepthFirstSearch  - Pushing SCOPEDCONTENTCONDITIONS_SCOPEDCONTENT
170024 [main] DEBUG org.dbunit.database.search.ExportedKeysSearchCallback  - getEdges(node=SCOPEDCONTENTCONDITIONS_SCOPEDCONTENT) - start
170024 [main] DEBUG org.dbunit.database.search.AbstractMetaDataBasedSearchCallback  - getNodesFromExportedKeys(node=SCOPEDCONTENTCONDITIONS_SCOPEDCONTENT) - start
170024 [main] DEBUG org.dbunit.database.search.AbstractMetaDataBasedSearchCallback  - getNodes(type=1, node=SCOPEDCONTENTCONDITIONS_SCOPEDCONTENT) - start
170024 [main] DEBUG org.dbunit.database.DatabaseDataSourceConnection  - getConnection() - start
170024 [main] DEBUG org.dbunit.database.search.AbstractMetaDataBasedSearchCallback  - getNodes(type=1, node=SCOPEDCONTENTCONDITIONS_SCOPEDCONTENT, conn=Transaction-aware proxy for target Connection [jdbc:hsqldb:mem:kontrollDS, UserName=sw, HSQL Database Engine Driver], schema=null, metaData=org.apache.commons.dbcp.DelegatingDatabaseMetaData@41ef7512, edges=[]) - start
170025 [main] DEBUG org.dbunit.database.search.AbstractMetaDataBasedSearchCallback  - Getting edges for node SCOPEDCONTENTCONDITIONS_SCOPEDCONTENT
170025 [main] TRACE org.dbunit.database.DatabaseConfig  - getProperty(name=http://www.dbunit.org/properties/metadataHandler) - start
170025 [main] TRACE org.dbunit.database.DefaultMetadataHandler  - tableExists(metaData=org.apache.commons.dbcp.DelegatingDatabaseMetaData@41ef7512, schemaName=null, tableName=SCOPEDCONTENTCONDITIONS_SCOPEDCONTENT) - start
170026 [main] DEBUG org.dbunit.util.SQLHelper  - close(resultSet=org.apache.commons.dbcp.DelegatingResultSet@58ab9348) - start
170026 [main] DEBUG org.dbunit.util.SQLHelper  - close(resultSet=org.apache.commons.dbcp.DelegatingResultSet@2bdd0e0) - start
170026 [main] DEBUG org.dbunit.util.search.DepthFirstSearch  - Adding node SCOPEDCONTENTCONDITIONS_SCOPEDCONTENT to the final result
170026 [main] DEBUG org.dbunit.util.search.DepthFirstSearch  - search:SCOPEDCONTENTCONDITIONS_SCOPEDCONTENTITEM
170026 [main] DEBUG org.dbunit.database.search.ExportedKeysSearchCallback  - searchNode(node=SCOPEDCONTENTCONDITIONS_SCOPEDCONTENTITEM) - start
170026 [main] DEBUG org.dbunit.util.search.DepthFirstSearch  - Pushing SCOPEDCONTENTCONDITIONS_SCOPEDCONTENTITEM
170026 [main] DEBUG org.dbunit.database.search.ExportedKeysSearchCallback  - getEdges(node=SCOPEDCONTENTCONDITIONS_SCOPEDCONTENTITEM) - start
170027 [main] DEBUG org.dbunit.database.search.AbstractMetaDataBasedSearchCallback  - getNodesFromExportedKeys(node=SCOPEDCONTENTCONDITIONS_SCOPEDCONTENTITEM) - start
170027 [main] DEBUG org.dbunit.database.search.AbstractMetaDataBasedSearchCallback  - getNodes(type=1, node=SCOPEDCONTENTCONDITIONS_SCOPEDCONTENTITEM) - start
170027 [main] DEBUG org.dbunit.database.DatabaseDataSourceConnection  - getConnection() - start
170027 [main] DEBUG org.dbunit.database.search.AbstractMetaDataBasedSearchCallback  - getNodes(type=1, node=SCOPEDCONTENTCONDITIONS_SCOPEDCONTENTITEM, conn=Transaction-aware proxy for target Connection [jdbc:hsqldb:mem:kontrollDS, UserName=sw, HSQL Database Engine Driver], schema=null, metaData=org.apache.commons.dbcp.DelegatingDatabaseMetaData@7bdc2387, edges=[]) - start
170027 [main] DEBUG org.dbunit.database.search.AbstractMetaDataBasedSearchCallback  - Getting edges for node SCOPEDCONTENTCONDITIONS_SCOPEDCONTENTITEM
170027 [main] TRACE org.dbunit.database.DatabaseConfig  - getProperty(name=http://www.dbunit.org/properties/metadataHandler) - start
170027 [main] TRACE org.dbunit.database.DefaultMetadataHandler  - tableExists(metaData=org.apache.commons.dbcp.DelegatingDatabaseMetaData@7bdc2387, schemaName=null, tableName=SCOPEDCONTENTCONDITIONS_SCOPEDCONTENTITEM) - start
170028 [main] DEBUG org.dbunit.util.SQLHelper  - close(resultSet=org.apache.commons.dbcp.DelegatingResultSet@2d6ed99c) - start
170028 [main] DEBUG org.dbunit.util.SQLHelper  - close(resultSet=org.apache.commons.dbcp.DelegatingResultSet@110a194f) - start
170028 [main] DEBUG org.dbunit.util.search.DepthFirstSearch  - Adding node SCOPEDCONTENTCONDITIONS_SCOPEDCONTENTITEM to the final result
170028 [main] DEBUG org.dbunit.util.search.DepthFirstSearch  - search:SCOPEDCONTENTCONDITION
170028 [main] DEBUG org.dbunit.database.search.ExportedKeysSearchCallback  - searchNode(node=SCOPEDCONTENTCONDITION) - start
170028 [main] DEBUG org.dbunit.util.search.DepthFirstSearch  - Pushing SCOPEDCONTENTCONDITION
170028 [main] DEBUG org.dbunit.database.search.ExportedKeysSearchCallback  - getEdges(node=SCOPEDCONTENTCONDITION) - start
170028 [main] DEBUG org.dbunit.database.search.AbstractMetaDataBasedSearchCallback  - getNodesFromExportedKeys(node=SCOPEDCONTENTCONDITION) - start
170028 [main] DEBUG org.dbunit.database.search.AbstractMetaDataBasedSearchCallback  - getNodes(type=1, node=SCOPEDCONTENTCONDITION) - start
170028 [main] DEBUG org.dbunit.database.DatabaseDataSourceConnection  - getConnection() - start
170028 [main] DEBUG org.dbunit.database.search.AbstractMetaDataBasedSearchCallback  - getNodes(type=1, node=SCOPEDCONTENTCONDITION, conn=Transaction-aware proxy for target Connection [jdbc:hsqldb:mem:kontrollDS, UserName=sw, HSQL Database Engine Driver], schema=null, metaData=org.apache.commons.dbcp.DelegatingDatabaseMetaData@2e039a46, edges=[]) - start
170028 [main] DEBUG org.dbunit.database.search.AbstractMetaDataBasedSearchCallback  - Getting edges for node SCOPEDCONTENTCONDITION
170028 [main] TRACE org.dbunit.database.DatabaseConfig  - getProperty(name=http://www.dbunit.org/properties/metadataHandler) - start
170028 [main] TRACE org.dbunit.database.DefaultMetadataHandler  - tableExists(metaData=org.apache.commons.dbcp.DelegatingDatabaseMetaData@2e039a46, schemaName=null, tableName=SCOPEDCONTENTCONDITION) - start
170030 [main] DEBUG org.dbunit.util.SQLHelper  - close(resultSet=org.apache.commons.dbcp.DelegatingResultSet@7ee98e64) - start
170030 [main] DEBUG org.dbunit.util.QualifiedTableName  - getQualifiedNameIfEnabled(config=org.dbunit.database.DatabaseConfig[, _propertyMap={http://www.dbunit.org/properties/statementFactory=org.dbunit.database.statement.PreparedStatementFactory@626bc2b8, http://www.dbunit.org/features/caseSensitiveTableNames=false, http://www.dbunit.org/properties/fetchSize=100, http://www.dbunit.org/features/batchedStatements=false, http://www.dbunit.org/properties/metadataHandler=org.dbunit.database.DefaultMetadataHandler@62baffef, http://www.dbunit.org/properties/datatypeFactory=org.dbunit.dataset.datatype.DefaultDataTypeFactory[_toleratedDeltaMap=org.dbunit.dataset.datatype.ToleratedDeltaMap@6452310a], http://www.dbunit.org/properties/escapePattern=null, http://www.dbunit.org/properties/batchSize=100, http://www.dbunit.org/features/qualifiedTableNames=false, http://www.dbunit.org/properties/tableType=[Ljava.lang.String;@5011bafa, http://www.dbunit.org/properties/resultSetTableFactory=org.dbunit.database.CachedResultSetTableFactory@10bcf083, http://www.dbunit.org/features/datatypeWarning=true}]) - start
170030 [main] TRACE org.dbunit.database.DatabaseConfig  - getFeature(name=http://www.dbunit.org/features/qualifiedTableNames) - start
170030 [main] TRACE org.dbunit.database.DatabaseConfig  - getProperty(name=http://www.dbunit.org/features/qualifiedTableNames) - start
170030 [main] DEBUG org.dbunit.util.QualifiedTableName  - Qualified table names feature is disabled. Returning plain table name
170030 [main] DEBUG org.dbunit.util.QualifiedTableName  - getQualifiedName(prefix=null, name=SCOPEDCONTENTCONDITION, escapePattern=null) - start
170030 [main] DEBUG org.dbunit.util.QualifiedTableName  - getQualifiedNameIfEnabled(config=org.dbunit.database.DatabaseConfig[, _propertyMap={http://www.dbunit.org/properties/statementFactory=org.dbunit.database.statement.PreparedStatementFactory@626bc2b8, http://www.dbunit.org/features/caseSensitiveTableNames=false, http://www.dbunit.org/properties/fetchSize=100, http://www.dbunit.org/features/batchedStatements=false, http://www.dbunit.org/properties/metadataHandler=org.dbunit.database.DefaultMetadataHandler@62baffef, http://www.dbunit.org/properties/datatypeFactory=org.dbunit.dataset.datatype.DefaultDataTypeFactory[_toleratedDeltaMap=org.dbunit.dataset.datatype.ToleratedDeltaMap@6452310a], http://www.dbunit.org/properties/escapePattern=null, http://www.dbunit.org/properties/batchSize=100, http://www.dbunit.org/features/qualifiedTableNames=false, http://www.dbunit.org/properties/tableType=[Ljava.lang.String;@5011bafa, http://www.dbunit.org/properties/resultSetTableFactory=org.dbunit.database.CachedResultSetTableFactory@10bcf083, http://www.dbunit.org/features/datatypeWarning=true}]) - start
170030 [main] TRACE org.dbunit.database.DatabaseConfig  - getFeature(name=http://www.dbunit.org/features/qualifiedTableNames) - start
170030 [main] TRACE org.dbunit.database.DatabaseConfig  - getProperty(name=http://www.dbunit.org/features/qualifiedTableNames) - start
170030 [main] DEBUG org.dbunit.util.QualifiedTableName  - Qualified table names feature is disabled. Returning plain table name
170030 [main] DEBUG org.dbunit.util.QualifiedTableName  - getQualifiedName(prefix=null, name=NESTEDSCOPEDCONTENTCONDITIONS, escapePattern=null) - start
170030 [main] DEBUG org.dbunit.database.search.AbstractMetaDataBasedSearchCallback  - newEdge(rs=org.apache.commons.dbcp.DelegatingResultSet@3c6b4edb, type=1, from=SCOPEDCONTENTCONDITION, to=NESTEDSCOPEDCONTENTCONDITIONS, fkColumn=CHILD_CONDITION_ID, pkColumn=ID) - start
170030 [main] DEBUG org.dbunit.database.search.AbstractMetaDataBasedSearchCallback  - createFKEdge(rs=org.apache.commons.dbcp.DelegatingResultSet@3c6b4edb, type=1, from=SCOPEDCONTENTCONDITION, to=NESTEDSCOPEDCONTENTCONDITIONS, fkColumn=CHILD_CONDITION_ID, pkColumn=ID) - start
170030 [main] DEBUG org.dbunit.database.search.AbstractMetaDataBasedSearchCallback  - Adding edge NESTEDSCOPEDCONTENTCONDITIONS(CHILD_CONDITION_ID)->SCOPEDCONTENTCONDITION(ID)
170030 [main] DEBUG org.dbunit.util.search.Edge  - compareTo(o=NESTEDSCOPEDCONTENTCONDITIONS(CHILD_CONDITION_ID)->SCOPEDCONTENTCONDITION(ID)) - start
170030 [main] DEBUG org.dbunit.util.QualifiedTableName  - getQualifiedNameIfEnabled(config=org.dbunit.database.DatabaseConfig[, _propertyMap={http://www.dbunit.org/properties/statementFactory=org.dbunit.database.statement.PreparedStatementFactory@626bc2b8, http://www.dbunit.org/features/caseSensitiveTableNames=false, http://www.dbunit.org/properties/fetchSize=100, http://www.dbunit.org/features/batchedStatements=false, http://www.dbunit.org/properties/metadataHandler=org.dbunit.database.DefaultMetadataHandler@62baffef, http://www.dbunit.org/properties/datatypeFactory=org.dbunit.dataset.datatype.DefaultDataTypeFactory[_toleratedDeltaMap=org.dbunit.dataset.datatype.ToleratedDeltaMap@6452310a], http://www.dbunit.org/properties/escapePattern=null, http://www.dbunit.org/properties/batchSize=100, http://www.dbunit.org/features/qualifiedTableNames=false, http://www.dbunit.org/properties/tableType=[Ljava.lang.String;@5011bafa, http://www.dbunit.org/properties/resultSetTableFactory=org.dbunit.database.CachedResultSetTableFactory@10bcf083, http://www.dbunit.org/features/datatypeWarning=true}]) - start
170030 [main] TRACE org.dbunit.database.DatabaseConfig  - getFeature(name=http://www.dbunit.org/features/qualifiedTableNames) - start
170030 [main] TRACE org.dbunit.database.DatabaseConfig  - getProperty(name=http://www.dbunit.org/features/qualifiedTableNames) - start
170030 [main] DEBUG org.dbunit.util.QualifiedTableName  - Qualified table names feature is disabled. Returning plain table name
170031 [main] DEBUG org.dbunit.util.QualifiedTableName  - getQualifiedName(prefix=null, name=SCOPEDCONTENTCONDITION, escapePattern=null) - start
170031 [main] DEBUG org.dbunit.util.QualifiedTableName  - getQualifiedNameIfEnabled(config=org.dbunit.database.DatabaseConfig[, _propertyMap={http://www.dbunit.org/properties/statementFactory=org.dbunit.database.statement.PreparedStatementFactory@626bc2b8, http://www.dbunit.org/features/caseSensitiveTableNames=false, http://www.dbunit.org/properties/fetchSize=100, http://www.dbunit.org/features/batchedStatements=false, http://www.dbunit.org/properties/metadataHandler=org.dbunit.database.DefaultMetadataHandler@62baffef, http://www.dbunit.org/properties/datatypeFactory=org.dbunit.dataset.datatype.DefaultDataTypeFactory[_toleratedDeltaMap=org.dbunit.dataset.datatype.ToleratedDeltaMap@6452310a], http://www.dbunit.org/properties/escapePattern=null, http://www.dbunit.org/properties/batchSize=100, http://www.dbunit.org/features/qualifiedTableNames=false, http://www.dbunit.org/properties/tableType=[Ljava.lang.String;@5011bafa, http://www.dbunit.org/properties/resultSetTableFactory=org.dbunit.database.CachedResultSetTableFactory@10bcf083, http://www.dbunit.org/features/datatypeWarning=true}]) - start
170031 [main] TRACE org.dbunit.database.DatabaseConfig  - getFeature(name=http://www.dbunit.org/features/qualifiedTableNames) - start
170031 [main] TRACE org.dbunit.database.DatabaseConfig  - getProperty(name=http://www.dbunit.org/features/qualifiedTableNames) - start
170031 [main] DEBUG org.dbunit.util.QualifiedTableName  - Qualified table names feature is disabled. Returning plain table name
170031 [main] DEBUG org.dbunit.util.QualifiedTableName  - getQualifiedName(prefix=null, name=NESTEDSCOPEDCONTENTCONDITIONS, escapePattern=null) - start
170031 [main] DEBUG org.dbunit.database.search.AbstractMetaDataBasedSearchCallback  - newEdge(rs=org.apache.commons.dbcp.DelegatingResultSet@3c6b4edb, type=1, from=SCOPEDCONTENTCONDITION, to=NESTEDSCOPEDCONTENTCONDITIONS, fkColumn=PARENT_CONDITION_ID, pkColumn=ID) - start
170031 [main] DEBUG org.dbunit.database.search.AbstractMetaDataBasedSearchCallback  - createFKEdge(rs=org.apache.commons.dbcp.DelegatingResultSet@3c6b4edb, type=1, from=SCOPEDCONTENTCONDITION, to=NESTEDSCOPEDCONTENTCONDITIONS, fkColumn=PARENT_CONDITION_ID, pkColumn=ID) - start
170031 [main] DEBUG org.dbunit.database.search.AbstractMetaDataBasedSearchCallback  - Adding edge NESTEDSCOPEDCONTENTCONDITIONS(PARENT_CONDITION_ID)->SCOPEDCONTENTCONDITION(ID)
170031 [main] DEBUG org.dbunit.util.search.Edge  - compareTo(o=NESTEDSCOPEDCONTENTCONDITIONS(CHILD_CONDITION_ID)->SCOPEDCONTENTCONDITION(ID)) - start
170031 [main] DEBUG org.dbunit.util.QualifiedTableName  - getQualifiedNameIfEnabled(config=org.dbunit.database.DatabaseConfig[, _propertyMap={http://www.dbunit.org/properties/statementFactory=org.dbunit.database.statement.PreparedStatementFactory@626bc2b8, http://www.dbunit.org/features/caseSensitiveTableNames=false, http://www.dbunit.org/properties/fetchSize=100, http://www.dbunit.org/features/batchedStatements=false, http://www.dbunit.org/properties/metadataHandler=org.dbunit.database.DefaultMetadataHandler@62baffef, http://www.dbunit.org/properties/datatypeFactory=org.dbunit.dataset.datatype.DefaultDataTypeFactory[_toleratedDeltaMap=org.dbunit.dataset.datatype.ToleratedDeltaMap@6452310a], http://www.dbunit.org/properties/escapePattern=null, http://www.dbunit.org/properties/batchSize=100, http://www.dbunit.org/features/qualifiedTableNames=false, http://www.dbunit.org/properties/tableType=[Ljava.lang.String;@5011bafa, http://www.dbunit.org/properties/resultSetTableFactory=org.dbunit.database.CachedResultSetTableFactory@10bcf083, http://www.dbunit.org/features/datatypeWarning=true}]) - start
170031 [main] TRACE org.dbunit.database.DatabaseConfig  - getFeature(name=http://www.dbunit.org/features/qualifiedTableNames) - start
170031 [main] TRACE org.dbunit.database.DatabaseConfig  - getProperty(name=http://www.dbunit.org/features/qualifiedTableNames) - start
170031 [main] DEBUG org.dbunit.util.QualifiedTableName  - Qualified table names feature is disabled. Returning plain table name
170031 [main] DEBUG org.dbunit.util.QualifiedTableName  - getQualifiedName(prefix=null, name=SCOPEDCONTENTCONDITION, escapePattern=null) - start
170031 [main] DEBUG org.dbunit.util.QualifiedTableName  - getQualifiedNameIfEnabled(config=org.dbunit.database.DatabaseConfig[, _propertyMap={http://www.dbunit.org/properties/statementFactory=org.dbunit.database.statement.PreparedStatementFactory@626bc2b8, http://www.dbunit.org/features/caseSensitiveTableNames=false, http://www.dbunit.org/properties/fetchSize=100, http://www.dbunit.org/features/batchedStatements=false, http://www.dbunit.org/properties/metadataHandler=org.dbunit.database.DefaultMetadataHandler@62baffef, http://www.dbunit.org/properties/datatypeFactory=org.dbunit.dataset.datatype.DefaultDataTypeFactory[_toleratedDeltaMap=org.dbunit.dataset.datatype.ToleratedDeltaMap@6452310a], http://www.dbunit.org/properties/escapePattern=null, http://www.dbunit.org/properties/batchSize=100, http://www.dbunit.org/features/qualifiedTableNames=false, http://www.dbunit.org/properties/tableType=[Ljava.lang.String;@5011bafa, http://www.dbunit.org/properties/resultSetTableFactory=org.dbunit.database.CachedResultSetTableFactory@10bcf083, http://www.dbunit.org/features/datatypeWarning=true}]) - start
170031 [main] TRACE org.dbunit.database.DatabaseConfig  - getFeature(name=http://www.dbunit.org/features/qualifiedTableNames) - start
170031 [main] TRACE org.dbunit.database.DatabaseConfig  - getProperty(name=http://www.dbunit.org/features/qualifiedTableNames) - start
170031 [main] DEBUG org.dbunit.util.QualifiedTableName  - Qualified table names feature is disabled. Returning plain table name
170031 [main] DEBUG org.dbunit.util.QualifiedTableName  - getQualifiedName(prefix=null, name=SCOPEDCONTENTCONDITIONATTRIBUTE, escapePattern=null) - start
170031 [main] DEBUG org.dbunit.database.search.AbstractMetaDataBasedSearchCallback  - newEdge(rs=org.apache.commons.dbcp.DelegatingResultSet@3c6b4edb, type=1, from=SCOPEDCONTENTCONDITION, to=SCOPEDCONTENTCONDITIONATTRIBUTE, fkColumn=SCOPEDCONTENTCONDITION, pkColumn=ID) - start
170031 [main] DEBUG org.dbunit.database.search.AbstractMetaDataBasedSearchCallback  - createFKEdge(rs=org.apache.commons.dbcp.DelegatingResultSet@3c6b4edb, type=1, from=SCOPEDCONTENTCONDITION, to=SCOPEDCONTENTCONDITIONATTRIBUTE, fkColumn=SCOPEDCONTENTCONDITION, pkColumn=ID) - start
170031 [main] DEBUG org.dbunit.database.search.AbstractMetaDataBasedSearchCallback  - Adding edge SCOPEDCONTENTCONDITIONATTRIBUTE(SCOPEDCONTENTCONDITION)->SCOPEDCONTENTCONDITION(ID)
170031 [main] DEBUG org.dbunit.util.search.Edge  - compareTo(o=NESTEDSCOPEDCONTENTCONDITIONS(CHILD_CONDITION_ID)->SCOPEDCONTENTCONDITION(ID)) - start
170032 [main] DEBUG org.dbunit.util.QualifiedTableName  - getQualifiedNameIfEnabled(config=org.dbunit.database.DatabaseConfig[, _propertyMap={http://www.dbunit.org/properties/statementFactory=org.dbunit.database.statement.PreparedStatementFactory@626bc2b8, http://www.dbunit.org/features/caseSensitiveTableNames=false, http://www.dbunit.org/properties/fetchSize=100, http://www.dbunit.org/features/batchedStatements=false, http://www.dbunit.org/properties/metadataHandler=org.dbunit.database.DefaultMetadataHandler@62baffef, http://www.dbunit.org/properties/datatypeFactory=org.dbunit.dataset.datatype.DefaultDataTypeFactory[_toleratedDeltaMap=org.dbunit.dataset.datatype.ToleratedDeltaMap@6452310a], http://www.dbunit.org/properties/escapePattern=null, http://www.dbunit.org/properties/batchSize=100, http://www.dbunit.org/features/qualifiedTableNames=false, http://www.dbunit.org/properties/tableType=[Ljava.lang.String;@5011bafa, http://www.dbunit.org/properties/resultSetTableFactory=org.dbunit.database.CachedResultSetTableFactory@10bcf083, http://www.dbunit.org/features/datatypeWarning=true}]) - start
170032 [main] TRACE org.dbunit.database.DatabaseConfig  - getFeature(name=http://www.dbunit.org/features/qualifiedTableNames) - start
170032 [main] TRACE org.dbunit.database.DatabaseConfig  - getProperty(name=http://www.dbunit.org/features/qualifiedTableNames) - start
170032 [main] DEBUG org.dbunit.util.QualifiedTableName  - Qualified table names feature is disabled. Returning plain table name
170032 [main] DEBUG org.dbunit.util.QualifiedTableName  - getQualifiedName(prefix=null, name=SCOPEDCONTENTCONDITION, escapePattern=null) - start
170032 [main] DEBUG org.dbunit.util.QualifiedTableName  - getQualifiedNameIfEnabled(config=org.dbunit.database.DatabaseConfig[, _propertyMap={http://www.dbunit.org/properties/statementFactory=org.dbunit.database.statement.PreparedStatementFactory@626bc2b8, http://www.dbunit.org/features/caseSensitiveTableNames=false, http://www.dbunit.org/properties/fetchSize=100, http://www.dbunit.org/features/batchedStatements=false, http://www.dbunit.org/properties/metadataHandler=org.dbunit.database.DefaultMetadataHandler@62baffef, http://www.dbunit.org/properties/datatypeFactory=org.dbunit.dataset.datatype.DefaultDataTypeFactory[_toleratedDeltaMap=org.dbunit.dataset.datatype.ToleratedDeltaMap@6452310a], http://www.dbunit.org/properties/escapePattern=null, http://www.dbunit.org/properties/batchSize=100, http://www.dbunit.org/features/qualifiedTableNames=false, http://www.dbunit.org/properties/tableType=[Ljava.lang.String;@5011bafa, http://www.dbunit.org/properties/resultSetTableFactory=org.dbunit.database.CachedResultSetTableFactory@10bcf083, http://www.dbunit.org/features/datatypeWarning=true}]) - start
170032 [main] TRACE org.dbunit.database.DatabaseConfig  - getFeature(name=http://www.dbunit.org/features/qualifiedTableNames) - start
170032 [main] TRACE org.dbunit.database.DatabaseConfig  - getProperty(name=http://www.dbunit.org/features/qualifiedTableNames) - start
170032 [main] DEBUG org.dbunit.util.QualifiedTableName  - Qualified table names feature is disabled. Returning plain table name
170032 [main] DEBUG org.dbunit.util.QualifiedTableName  - getQualifiedName(prefix=null, name=SCOPEDCONTENTCONDITIONS_SCOPEDCONTENT, escapePattern=null) - start
170032 [main] DEBUG org.dbunit.database.search.AbstractMetaDataBasedSearchCallback  - newEdge(rs=org.apache.commons.dbcp.DelegatingResultSet@3c6b4edb, type=1, from=SCOPEDCONTENTCONDITION, to=SCOPEDCONTENTCONDITIONS_SCOPEDCONTENT, fkColumn=SCOPED_CONTENT_CONDITION_ID, pkColumn=ID) - start
170032 [main] DEBUG org.dbunit.database.search.AbstractMetaDataBasedSearchCallback  - createFKEdge(rs=org.apache.commons.dbcp.DelegatingResultSet@3c6b4edb, type=1, from=SCOPEDCONTENTCONDITION, to=SCOPEDCONTENTCONDITIONS_SCOPEDCONTENT, fkColumn=SCOPED_CONTENT_CONDITION_ID, pkColumn=ID) - start
170032 [main] DEBUG org.dbunit.database.search.AbstractMetaDataBasedSearchCallback  - Adding edge SCOPEDCONTENTCONDITIONS_SCOPEDCONTENT(SCOPED_CONTENT_CONDITION_ID)->SCOPEDCONTENTCONDITION(ID)
170032 [main] DEBUG org.dbunit.util.search.Edge  - compareTo(o=NESTEDSCOPEDCONTENTCONDITIONS(CHILD_CONDITION_ID)->SCOPEDCONTENTCONDITION(ID)) - start
170032 [main] DEBUG org.dbunit.util.search.Edge  - compareTo(o=SCOPEDCONTENTCONDITIONATTRIBUTE(SCOPEDCONTENTCONDITION)->SCOPEDCONTENTCONDITION(ID)) - start
170032 [main] DEBUG org.dbunit.util.QualifiedTableName  - getQualifiedNameIfEnabled(config=org.dbunit.database.DatabaseConfig[, _propertyMap={http://www.dbunit.org/properties/statementFactory=org.dbunit.database.statement.PreparedStatementFactory@626bc2b8, http://www.dbunit.org/features/caseSensitiveTableNames=false, http://www.dbunit.org/properties/fetchSize=100, http://www.dbunit.org/features/batchedStatements=false, http://www.dbunit.org/properties/metadataHandler=org.dbunit.database.DefaultMetadataHandler@62baffef, http://www.dbunit.org/properties/datatypeFactory=org.dbunit.dataset.datatype.DefaultDataTypeFactory[_toleratedDeltaMap=org.dbunit.dataset.datatype.ToleratedDeltaMap@6452310a], http://www.dbunit.org/properties/escapePattern=null, http://www.dbunit.org/properties/batchSize=100, http://www.dbunit.org/features/qualifiedTableNames=false, http://www.dbunit.org/properties/tableType=[Ljava.lang.String;@5011bafa, http://www.dbunit.org/properties/resultSetTableFactory=org.dbunit.database.CachedResultSetTableFactory@10bcf083, http://www.dbunit.org/features/datatypeWarning=true}]) - start
170032 [main] TRACE org.dbunit.database.DatabaseConfig  - getFeature(name=http://www.dbunit.org/features/qualifiedTableNames) - start
170032 [main] TRACE org.dbunit.database.DatabaseConfig  - getProperty(name=http://www.dbunit.org/features/qualifiedTableNames) - start
170032 [main] DEBUG org.dbunit.util.QualifiedTableName  - Qualified table names feature is disabled. Returning plain table name
170032 [main] DEBUG org.dbunit.util.QualifiedTableName  - getQualifiedName(prefix=null, name=SCOPEDCONTENTCONDITION, escapePattern=null) - start
170032 [main] DEBUG org.dbunit.util.QualifiedTableName  - getQualifiedNameIfEnabled(config=org.dbunit.database.DatabaseConfig[, _propertyMap={http://www.dbunit.org/properties/statementFactory=org.dbunit.database.statement.PreparedStatementFactory@626bc2b8, http://www.dbunit.org/features/caseSensitiveTableNames=false, http://www.dbunit.org/properties/fetchSize=100, http://www.dbunit.org/features/batchedStatements=false, http://www.dbunit.org/properties/metadataHandler=org.dbunit.database.DefaultMetadataHandler@62baffef, http://www.dbunit.org/properties/datatypeFactory=org.dbunit.dataset.datatype.DefaultDataTypeFactory[_toleratedDeltaMap=org.dbunit.dataset.datatype.ToleratedDeltaMap@6452310a], http://www.dbunit.org/properties/escapePattern=null, http://www.dbunit.org/properties/batchSize=100, http://www.dbunit.org/features/qualifiedTableNames=false, http://www.dbunit.org/properties/tableType=[Ljava.lang.String;@5011bafa, http://www.dbunit.org/properties/resultSetTableFactory=org.dbunit.database.CachedResultSetTableFactory@10bcf083, http://www.dbunit.org/features/datatypeWarning=true}]) - start
170032 [main] TRACE org.dbunit.database.DatabaseConfig  - getFeature(name=http://www.dbunit.org/features/qualifiedTableNames) - start
170032 [main] TRACE org.dbunit.database.DatabaseConfig  - getProperty(name=http://www.dbunit.org/features/qualifiedTableNames) - start
170032 [main] DEBUG org.dbunit.util.QualifiedTableName  - Qualified table names feature is disabled. Returning plain table name
170033 [main] DEBUG org.dbunit.util.QualifiedTableName  - getQualifiedName(prefix=null, name=SCOPEDCONTENTCONDITIONS_SCOPEDCONTENTITEM, escapePattern=null) - start
170033 [main] DEBUG org.dbunit.database.search.AbstractMetaDataBasedSearchCallback  - newEdge(rs=org.apache.commons.dbcp.DelegatingResultSet@3c6b4edb, type=1, from=SCOPEDCONTENTCONDITION, to=SCOPEDCONTENTCONDITIONS_SCOPEDCONTENTITEM, fkColumn=SCOPED_CONTENT_CONDITION_ID, pkColumn=ID) - start
170033 [main] DEBUG org.dbunit.database.search.AbstractMetaDataBasedSearchCallback  - createFKEdge(rs=org.apache.commons.dbcp.DelegatingResultSet@3c6b4edb, type=1, from=SCOPEDCONTENTCONDITION, to=SCOPEDCONTENTCONDITIONS_SCOPEDCONTENTITEM, fkColumn=SCOPED_CONTENT_CONDITION_ID, pkColumn=ID) - start
170033 [main] DEBUG org.dbunit.database.search.AbstractMetaDataBasedSearchCallback  - Adding edge SCOPEDCONTENTCONDITIONS_SCOPEDCONTENTITEM(SCOPED_CONTENT_CONDITION_ID)->SCOPEDCONTENTCONDITION(ID)
170033 [main] DEBUG org.dbunit.util.search.Edge  - compareTo(o=SCOPEDCONTENTCONDITIONATTRIBUTE(SCOPEDCONTENTCONDITION)->SCOPEDCONTENTCONDITION(ID)) - start
170033 [main] DEBUG org.dbunit.util.search.Edge  - compareTo(o=SCOPEDCONTENTCONDITIONS_SCOPEDCONTENT(SCOPED_CONTENT_CONDITION_ID)->SCOPEDCONTENTCONDITION(ID)) - start
170033 [main] DEBUG org.dbunit.util.SQLHelper  - close(resultSet=org.apache.commons.dbcp.DelegatingResultSet@3c6b4edb) - start
170033 [main] DEBUG org.dbunit.util.search.DepthFirstSearch  - search:SCOPEDCONTENTCONDITION
170033 [main] DEBUG org.dbunit.util.search.DepthFirstSearch  - already searched; returning true
170033 [main] DEBUG org.dbunit.util.search.DepthFirstSearch  - search:SCOPEDCONTENTCONDITION
170033 [main] DEBUG org.dbunit.util.search.DepthFirstSearch  - already searched; returning true
170033 [main] DEBUG org.dbunit.util.search.DepthFirstSearch  - search:SCOPEDCONTENTCONDITION
170033 [main] DEBUG org.dbunit.util.search.DepthFirstSearch  - already searched; returning true
170033 [main] DEBUG org.dbunit.util.search.DepthFirstSearch  - search:SCOPEDCONTENTCONDITION
170033 [main] DEBUG org.dbunit.util.search.DepthFirstSearch  - already searched; returning true
170033 [main] DEBUG org.dbunit.util.search.DepthFirstSearch  - Adding node SCOPEDCONTENTCONDITION to the final result
170033 [main] DEBUG org.dbunit.util.CollectionsHelper  - setToStrings(set=[NESTEDSCOPEDCONTENTCONDITIONS, SCOPEDCONTENTCONDITIONATTRIBUTE, SCOPEDCONTENTCONDITIONS_SCOPEDCONTENT, SCOPEDCONTENTCONDITIONS_SCOPEDCONTENTITEM, SCOPEDCONTENTCONDITION]) - start
170033 [main] DEBUG org.dbunit.database.search.TablesDependencyHelper  - getDirectDependsOnTables(connection=_databaseConfig=org.dbunit.database.DatabaseConfig[, _propertyMap={http://www.dbunit.org/properties/statementFactory=org.dbunit.database.statement.PreparedStatementFactory@626bc2b8, http://www.dbunit.org/features/caseSensitiveTableNames=false, http://www.dbunit.org/properties/fetchSize=100, http://www.dbunit.org/features/batchedStatements=false, http://www.dbunit.org/properties/metadataHandler=org.dbunit.database.DefaultMetadataHandler@62baffef, http://www.dbunit.org/properties/datatypeFactory=org.dbunit.dataset.datatype.DefaultDataTypeFactory[_toleratedDeltaMap=org.dbunit.dataset.datatype.ToleratedDeltaMap@6452310a], http://www.dbunit.org/properties/escapePattern=null, http://www.dbunit.org/properties/batchSize=100, http://www.dbunit.org/features/qualifiedTableNames=false, http://www.dbunit.org/properties/tableType=[Ljava.lang.String;@5011bafa, http://www.dbunit.org/properties/resultSetTableFactory=org.dbunit.database.CachedResultSetTableFactory@10bcf083, http://www.dbunit.org/features/datatypeWarning=true}], _dataSet=AbstractDataSet[_orderedTableNameMap=null], tableName=SCOPEDCONTENTCONDITION) - start
170033 [main] DEBUG org.dbunit.util.search.DepthFirstSearch  - search(nodesFrom=[SCOPEDCONTENTCONDITION], callback=org.dbunit.database.search.ExportedKeysSearchCallback@53e76340) - start
170033 [main] DEBUG org.dbunit.util.CollectionsHelper  - objectsToSet(objects=SCOPEDCONTENTCONDITION) - start
170033 [main] DEBUG org.dbunit.util.search.DepthFirstSearch  - search(nodesFrom=[SCOPEDCONTENTCONDITION], callback=org.dbunit.database.search.ExportedKeysSearchCallback@53e76340) - start
170033 [main] DEBUG org.dbunit.util.search.DepthFirstSearch  - reverseSearch:SCOPEDCONTENTCONDITION
170033 [main] DEBUG org.dbunit.database.search.ExportedKeysSearchCallback  - searchNode(node=SCOPEDCONTENTCONDITION) - start
170034 [main] DEBUG org.dbunit.util.search.DepthFirstSearch  - Pushing (reverse) SCOPEDCONTENTCONDITION
170034 [main] DEBUG org.dbunit.database.search.ExportedKeysSearchCallback  - getEdges(node=SCOPEDCONTENTCONDITION) - start
170034 [main] DEBUG org.dbunit.database.search.AbstractMetaDataBasedSearchCallback  - getNodesFromExportedKeys(node=SCOPEDCONTENTCONDITION) - start
170034 [main] DEBUG org.dbunit.database.search.AbstractMetaDataBasedSearchCallback  - getNodes(type=1, node=SCOPEDCONTENTCONDITION) - start
170034 [main] DEBUG org.dbunit.database.DatabaseDataSourceConnection  - getConnection() - start
170034 [main] DEBUG org.dbunit.database.search.AbstractMetaDataBasedSearchCallback  - getNodes(type=1, node=SCOPEDCONTENTCONDITION, conn=Transaction-aware proxy for target Connection [jdbc:hsqldb:mem:kontrollDS, UserName=sw, HSQL Database Engine Driver], schema=null, metaData=org.apache.commons.dbcp.DelegatingDatabaseMetaData@7c2529c8, edges=[]) - start
170034 [main] DEBUG org.dbunit.database.search.AbstractMetaDataBasedSearchCallback  - Getting edges for node SCOPEDCONTENTCONDITION
170034 [main] TRACE org.dbunit.database.DatabaseConfig  - getProperty(name=http://www.dbunit.org/properties/metadataHandler) - start
170034 [main] TRACE org.dbunit.database.DefaultMetadataHandler  - tableExists(metaData=org.apache.commons.dbcp.DelegatingDatabaseMetaData@7c2529c8, schemaName=null, tableName=SCOPEDCONTENTCONDITION) - start
170035 [main] DEBUG org.dbunit.util.SQLHelper  - close(resultSet=org.apache.commons.dbcp.DelegatingResultSet@47f811cd) - start
170036 [main] DEBUG org.dbunit.util.QualifiedTableName  - getQualifiedNameIfEnabled(config=org.dbunit.database.DatabaseConfig[, _propertyMap={http://www.dbunit.org/properties/statementFactory=org.dbunit.database.statement.PreparedStatementFactory@626bc2b8, http://www.dbunit.org/features/caseSensitiveTableNames=false, http://www.dbunit.org/properties/fetchSize=100, http://www.dbunit.org/features/batchedStatements=false, http://www.dbunit.org/properties/metadataHandler=org.dbunit.database.DefaultMetadataHandler@62baffef, http://www.dbunit.org/properties/datatypeFactory=org.dbunit.dataset.datatype.DefaultDataTypeFactory[_toleratedDeltaMap=org.dbunit.dataset.datatype.ToleratedDeltaMap@6452310a], http://www.dbunit.org/properties/escapePattern=null, http://www.dbunit.org/properties/batchSize=100, http://www.dbunit.org/features/qualifiedTableNames=false, http://www.dbunit.org/properties/tableType=[Ljava.lang.String;@5011bafa, http://www.dbunit.org/properties/resultSetTableFactory=org.dbunit.database.CachedResultSetTableFactory@10bcf083, http://www.dbunit.org/features/datatypeWarning=true}]) - start
170036 [main] TRACE org.dbunit.database.DatabaseConfig  - getFeature(name=http://www.dbunit.org/features/qualifiedTableNames) - start
170036 [main] TRACE org.dbunit.database.DatabaseConfig  - getProperty(name=http://www.dbunit.org/features/qualifiedTableNames) - start
170036 [main] DEBUG org.dbunit.util.QualifiedTableName  - Qualified table names feature is disabled. Returning plain table name
170036 [main] DEBUG org.dbunit.util.QualifiedTableName  - getQualifiedName(prefix=null, name=SCOPEDCONTENTCONDITION, escapePattern=null) - start
170036 [main] DEBUG org.dbunit.util.QualifiedTableName  - getQualifiedNameIfEnabled(config=org.dbunit.database.DatabaseConfig[, _propertyMap={http://www.dbunit.org/properties/statementFactory=org.dbunit.database.statement.PreparedStatementFactory@626bc2b8, http://www.dbunit.org/features/caseSensitiveTableNames=false, http://www.dbunit.org/properties/fetchSize=100, http://www.dbunit.org/features/batchedStatements=false, http://www.dbunit.org/properties/metadataHandler=org.dbunit.database.DefaultMetadataHandler@62baffef, http://www.dbunit.org/properties/datatypeFactory=org.dbunit.dataset.datatype.DefaultDataTypeFactory[_toleratedDeltaMap=org.dbunit.dataset.datatype.ToleratedDeltaMap@6452310a], http://www.dbunit.org/properties/escapePattern=null, http://www.dbunit.org/properties/batchSize=100, http://www.dbunit.org/features/qualifiedTableNames=false, http://www.dbunit.org/properties/tableType=[Ljava.lang.String;@5011bafa, http://www.dbunit.org/properties/resultSetTableFactory=org.dbunit.database.CachedResultSetTableFactory@10bcf083, http://www.dbunit.org/features/datatypeWarning=true}]) - start
170036 [main] TRACE org.dbunit.database.DatabaseConfig  - getFeature(name=http://www.dbunit.org/features/qualifiedTableNames) - start
170036 [main] TRACE org.dbunit.database.DatabaseConfig  - getProperty(name=http://www.dbunit.org/features/qualifiedTableNames) - start
170036 [main] DEBUG org.dbunit.util.QualifiedTableName  - Qualified table names feature is disabled. Returning plain table name
170036 [main] DEBUG org.dbunit.util.QualifiedTableName  - getQualifiedName(prefix=null, name=NESTEDSCOPEDCONTENTCONDITIONS, escapePattern=null) - start
170036 [main] DEBUG org.dbunit.database.search.AbstractMetaDataBasedSearchCallback  - newEdge(rs=org.apache.commons.dbcp.DelegatingResultSet@2f66aa18, type=1, from=SCOPEDCONTENTCONDITION, to=NESTEDSCOPEDCONTENTCONDITIONS, fkColumn=CHILD_CONDITION_ID, pkColumn=ID) - start
170036 [main] DEBUG org.dbunit.database.search.AbstractMetaDataBasedSearchCallback  - createFKEdge(rs=org.apache.commons.dbcp.DelegatingResultSet@2f66aa18, type=1, from=SCOPEDCONTENTCONDITION, to=NESTEDSCOPEDCONTENTCONDITIONS, fkColumn=CHILD_CONDITION_ID, pkColumn=ID) - start
170038 [main] DEBUG org.dbunit.database.search.AbstractMetaDataBasedSearchCallback  - Adding edge NESTEDSCOPEDCONTENTCONDITIONS(CHILD_CONDITION_ID)->SCOPEDCONTENTCONDITION(ID)
170038 [main] DEBUG org.dbunit.util.search.Edge  - compareTo(o=NESTEDSCOPEDCONTENTCONDITIONS(CHILD_CONDITION_ID)->SCOPEDCONTENTCONDITION(ID)) - start
170038 [main] DEBUG org.dbunit.util.QualifiedTableName  - getQualifiedNameIfEnabled(config=org.dbunit.database.DatabaseConfig[, _propertyMap={http://www.dbunit.org/properties/statementFactory=org.dbunit.database.statement.PreparedStatementFactory@626bc2b8, http://www.dbunit.org/features/caseSensitiveTableNames=false, http://www.dbunit.org/properties/fetchSize=100, http://www.dbunit.org/features/batchedStatements=false, http://www.dbunit.org/properties/metadataHandler=org.dbunit.database.DefaultMetadataHandler@62baffef, http://www.dbunit.org/properties/datatypeFactory=org.dbunit.dataset.datatype.DefaultDataTypeFactory[_toleratedDeltaMap=org.dbunit.dataset.datatype.ToleratedDeltaMap@6452310a], http://www.dbunit.org/properties/escapePattern=null, http://www.dbunit.org/properties/batchSize=100, http://www.dbunit.org/features/qualifiedTableNames=false, http://www.dbunit.org/properties/tableType=[Ljava.lang.String;@5011bafa, http://www.dbunit.org/properties/resultSetTableFactory=org.dbunit.database.CachedResultSetTableFactory@10bcf083, http://www.dbunit.org/features/datatypeWarning=true}]) - start
170038 [main] TRACE org.dbunit.database.DatabaseConfig  - getFeature(name=http://www.dbunit.org/features/qualifiedTableNames) - start
170038 [main] TRACE org.dbunit.database.DatabaseConfig  - getProperty(name=http://www.dbunit.org/features/qualifiedTableNames) - start
170038 [main] DEBUG org.dbunit.util.QualifiedTableName  - Qualified table names feature is disabled. Returning plain table name
170038 [main] DEBUG org.dbunit.util.QualifiedTableName  - getQualifiedName(prefix=null, name=SCOPEDCONTENTCONDITION, escapePattern=null) - start
170038 [main] DEBUG org.dbunit.util.QualifiedTableName  - getQualifiedNameIfEnabled(config=org.dbunit.database.DatabaseConfig[, _propertyMap={http://www.dbunit.org/properties/statementFactory=org.dbunit.database.statement.PreparedStatementFactory@626bc2b8, http://www.dbunit.org/features/caseSensitiveTableNames=false, http://www.dbunit.org/properties/fetchSize=100, http://www.dbunit.org/features/batchedStatements=false, http://www.dbunit.org/properties/metadataHandler=org.dbunit.database.DefaultMetadataHandler@62baffef, http://www.dbunit.org/properties/datatypeFactory=org.dbunit.dataset.datatype.DefaultDataTypeFactory[_toleratedDeltaMap=org.dbunit.dataset.datatype.ToleratedDeltaMap@6452310a], http://www.dbunit.org/properties/escapePattern=null, http://www.dbunit.org/properties/batchSize=100, http://www.dbunit.org/features/qualifiedTableNames=false, http://www.dbunit.org/properties/tableType=[Ljava.lang.String;@5011bafa, http://www.dbunit.org/properties/resultSetTableFactory=org.dbunit.database.CachedResultSetTableFactory@10bcf083, http://www.dbunit.org/features/datatypeWarning=true}]) - start
170038 [main] TRACE org.dbunit.database.DatabaseConfig  - getFeature(name=http://www.dbunit.org/features/qualifiedTableNames) - start
170038 [main] TRACE org.dbunit.database.DatabaseConfig  - getProperty(name=http://www.dbunit.org/features/qualifiedTableNames) - start
170038 [main] DEBUG org.dbunit.util.QualifiedTableName  - Qualified table names feature is disabled. Returning plain table name
170038 [main] DEBUG org.dbunit.util.QualifiedTableName  - getQualifiedName(prefix=null, name=NESTEDSCOPEDCONTENTCONDITIONS, escapePattern=null) - start
170038 [main] DEBUG org.dbunit.database.search.AbstractMetaDataBasedSearchCallback  - newEdge(rs=org.apache.commons.dbcp.DelegatingResultSet@2f66aa18, type=1, from=SCOPEDCONTENTCONDITION, to=NESTEDSCOPEDCONTENTCONDITIONS, fkColumn=PARENT_CONDITION_ID, pkColumn=ID) - start
170038 [main] DEBUG org.dbunit.database.search.AbstractMetaDataBasedSearchCallback  - createFKEdge(rs=org.apache.commons.dbcp.DelegatingResultSet@2f66aa18, type=1, from=SCOPEDCONTENTCONDITION, to=NESTEDSCOPEDCONTENTCONDITIONS, fkColumn=PARENT_CONDITION_ID, pkColumn=ID) - start
170038 [main] DEBUG org.dbunit.database.search.AbstractMetaDataBasedSearchCallback  - Adding edge NESTEDSCOPEDCONTENTCONDITIONS(PARENT_CONDITION_ID)->SCOPEDCONTENTCONDITION(ID)
170038 [main] DEBUG org.dbunit.util.search.Edge  - compareTo(o=NESTEDSCOPEDCONTENTCONDITIONS(CHILD_CONDITION_ID)->SCOPEDCONTENTCONDITION(ID)) - start
170038 [main] DEBUG org.dbunit.util.QualifiedTableName  - getQualifiedNameIfEnabled(config=org.dbunit.database.DatabaseConfig[, _propertyMap={http://www.dbunit.org/properties/statementFactory=org.dbunit.database.statement.PreparedStatementFactory@626bc2b8, http://www.dbunit.org/features/caseSensitiveTableNames=false, http://www.dbunit.org/properties/fetchSize=100, http://www.dbunit.org/features/batchedStatements=false, http://www.dbunit.org/properties/metadataHandler=org.dbunit.database.DefaultMetadataHandler@62baffef, http://www.dbunit.org/properties/datatypeFactory=org.dbunit.dataset.datatype.DefaultDataTypeFactory[_toleratedDeltaMap=org.dbunit.dataset.datatype.ToleratedDeltaMap@6452310a], http://www.dbunit.org/properties/escapePattern=null, http://www.dbunit.org/properties/batchSize=100, http://www.dbunit.org/features/qualifiedTableNames=false, http://www.dbunit.org/properties/tableType=[Ljava.lang.String;@5011bafa, http://www.dbunit.org/properties/resultSetTableFactory=org.dbunit.database.CachedResultSetTableFactory@10bcf083, http://www.dbunit.org/features/datatypeWarning=true}]) - start
170038 [main] TRACE org.dbunit.database.DatabaseConfig  - getFeature(name=http://www.dbunit.org/features/qualifiedTableNames) - start
170038 [main] TRACE org.dbunit.database.DatabaseConfig  - getProperty(name=http://www.dbunit.org/features/qualifiedTableNames) - start
170038 [main] DEBUG org.dbunit.util.QualifiedTableName  - Qualified table names feature is disabled. Returning plain table name
170038 [main] DEBUG org.dbunit.util.QualifiedTableName  - getQualifiedName(prefix=null, name=SCOPEDCONTENTCONDITION, escapePattern=null) - start
170038 [main] DEBUG org.dbunit.util.QualifiedTableName  - getQualifiedNameIfEnabled(config=org.dbunit.database.DatabaseConfig[, _propertyMap={http://www.dbunit.org/properties/statementFactory=org.dbunit.database.statement.PreparedStatementFactory@626bc2b8, http://www.dbunit.org/features/caseSensitiveTableNames=false, http://www.dbunit.org/properties/fetchSize=100, http://www.dbunit.org/features/batchedStatements=false, http://www.dbunit.org/properties/metadataHandler=org.dbunit.database.DefaultMetadataHandler@62baffef, http://www.dbunit.org/properties/datatypeFactory=org.dbunit.dataset.datatype.DefaultDataTypeFactory[_toleratedDeltaMap=org.dbunit.dataset.datatype.ToleratedDeltaMap@6452310a], http://www.dbunit.org/properties/escapePattern=null, http://www.dbunit.org/properties/batchSize=100, http://www.dbunit.org/features/qualifiedTableNames=false, http://www.dbunit.org/properties/tableType=[Ljava.lang.String;@5011bafa, http://www.dbunit.org/properties/resultSetTableFactory=org.dbunit.database.CachedResultSetTableFactory@10bcf083, http://www.dbunit.org/features/datatypeWarning=true}]) - start
170038 [main] TRACE org.dbunit.database.DatabaseConfig  - getFeature(name=http://www.dbunit.org/features/qualifiedTableNames) - start
170038 [main] TRACE org.dbunit.database.DatabaseConfig  - getProperty(name=http://www.dbunit.org/features/qualifiedTableNames) - start
170038 [main] DEBUG org.dbunit.util.QualifiedTableName  - Qualified table names feature is disabled. Returning plain table name
170039 [main] DEBUG org.dbunit.util.QualifiedTableName  - getQualifiedName(prefix=null, name=SCOPEDCONTENTCONDITIONATTRIBUTE, escapePattern=null) - start
170039 [main] DEBUG org.dbunit.database.search.AbstractMetaDataBasedSearchCallback  - newEdge(rs=org.apache.commons.dbcp.DelegatingResultSet@2f66aa18, type=1, from=SCOPEDCONTENTCONDITION, to=SCOPEDCONTENTCONDITIONATTRIBUTE, fkColumn=SCOPEDCONTENTCONDITION, pkColumn=ID) - start
170039 [main] DEBUG org.dbunit.database.search.AbstractMetaDataBasedSearchCallback  - createFKEdge(rs=org.apache.commons.dbcp.DelegatingResultSet@2f66aa18, type=1, from=SCOPEDCONTENTCONDITION, to=SCOPEDCONTENTCONDITIONATTRIBUTE, fkColumn=SCOPEDCONTENTCONDITION, pkColumn=ID) - start
170039 [main] DEBUG org.dbunit.database.search.AbstractMetaDataBasedSearchCallback  - Adding edge SCOPEDCONTENTCONDITIONATTRIBUTE(SCOPEDCONTENTCONDITION)->SCOPEDCONTENTCONDITION(ID)
170039 [main] DEBUG org.dbunit.util.search.Edge  - compareTo(o=NESTEDSCOPEDCONTENTCONDITIONS(CHILD_CONDITION_ID)->SCOPEDCONTENTCONDITION(ID)) - start
170039 [main] DEBUG org.dbunit.util.QualifiedTableName  - getQualifiedNameIfEnabled(config=org.dbunit.database.DatabaseConfig[, _propertyMap={http://www.dbunit.org/properties/statementFactory=org.dbunit.database.statement.PreparedStatementFactory@626bc2b8, http://www.dbunit.org/features/caseSensitiveTableNames=false, http://www.dbunit.org/properties/fetchSize=100, http://www.dbunit.org/features/batchedStatements=false, http://www.dbunit.org/properties/metadataHandler=org.dbunit.database.DefaultMetadataHandler@62baffef, http://www.dbunit.org/properties/datatypeFactory=org.dbunit.dataset.datatype.DefaultDataTypeFactory[_toleratedDeltaMap=org.dbunit.dataset.datatype.ToleratedDeltaMap@6452310a], http://www.dbunit.org/properties/escapePattern=null, http://www.dbunit.org/properties/batchSize=100, http://www.dbunit.org/features/qualifiedTableNames=false, http://www.dbunit.org/properties/tableType=[Ljava.lang.String;@5011bafa, http://www.dbunit.org/properties/resultSetTableFactory=org.dbunit.database.CachedResultSetTableFactory@10bcf083, http://www.dbunit.org/features/datatypeWarning=true}]) - start
170039 [main] TRACE org.dbunit.database.DatabaseConfig  - getFeature(name=http://www.dbunit.org/features/qualifiedTableNames) - start
170039 [main] TRACE org.dbunit.database.DatabaseConfig  - getProperty(name=http://www.dbunit.org/features/qualifiedTableNames) - start
170039 [main] DEBUG org.dbunit.util.QualifiedTableName  - Qualified table names feature is disabled. Returning plain table name
170039 [main] DEBUG org.dbunit.util.QualifiedTableName  - getQualifiedName(prefix=null, name=SCOPEDCONTENTCONDITION, escapePattern=null) - start
170039 [main] DEBUG org.dbunit.util.QualifiedTableName  - getQualifiedNameIfEnabled(config=org.dbunit.database.DatabaseConfig[, _propertyMap={http://www.dbunit.org/properties/statementFactory=org.dbunit.database.statement.PreparedStatementFactory@626bc2b8, http://www.dbunit.org/features/caseSensitiveTableNames=false, http://www.dbunit.org/properties/fetchSize=100, http://www.dbunit.org/features/batchedStatements=false, http://www.dbunit.org/properties/metadataHandler=org.dbunit.database.DefaultMetadataHandler@62baffef, http://www.dbunit.org/properties/datatypeFactory=org.dbunit.dataset.datatype.DefaultDataTypeFactory[_toleratedDeltaMap=org.dbunit.dataset.datatype.ToleratedDeltaMap@6452310a], http://www.dbunit.org/properties/escapePattern=null, http://www.dbunit.org/properties/batchSize=100, http://www.dbunit.org/features/qualifiedTableNames=false, http://www.dbunit.org/properties/tableType=[Ljava.lang.String;@5011bafa, http://www.dbunit.org/properties/resultSetTableFactory=org.dbunit.database.CachedResultSetTableFactory@10bcf083, http://www.dbunit.org/features/datatypeWarning=true}]) - start
170039 [main] TRACE org.dbunit.database.DatabaseConfig  - getFeature(name=http://www.dbunit.org/features/qualifiedTableNames) - start
170039 [main] TRACE org.dbunit.database.DatabaseConfig  - getProperty(name=http://www.dbunit.org/features/qualifiedTableNames) - start
170039 [main] DEBUG org.dbunit.util.QualifiedTableName  - Qualified table names feature is disabled. Returning plain table name
170039 [main] DEBUG org.dbunit.util.QualifiedTableName  - getQualifiedName(prefix=null, name=SCOPEDCONTENTCONDITIONS_SCOPEDCONTENT, escapePattern=null) - start
170039 [main] DEBUG org.dbunit.database.search.AbstractMetaDataBasedSearchCallback  - newEdge(rs=org.apache.commons.dbcp.DelegatingResultSet@2f66aa18, type=1, from=SCOPEDCONTENTCONDITION, to=SCOPEDCONTENTCONDITIONS_SCOPEDCONTENT, fkColumn=SCOPED_CONTENT_CONDITION_ID, pkColumn=ID) - start
170039 [main] DEBUG org.dbunit.database.search.AbstractMetaDataBasedSearchCallback  - createFKEdge(rs=org.apache.commons.dbcp.DelegatingResultSet@2f66aa18, type=1, from=SCOPEDCONTENTCONDITION, to=SCOPEDCONTENTCONDITIONS_SCOPEDCONTENT, fkColumn=SCOPED_CONTENT_CONDITION_ID, pkColumn=ID) - start
170039 [main] DEBUG org.dbunit.database.search.AbstractMetaDataBasedSearchCallback  - Adding edge SCOPEDCONTENTCONDITIONS_SCOPEDCONTENT(SCOPED_CONTENT_CONDITION_ID)->SCOPEDCONTENTCONDITION(ID)
170039 [main] DEBUG org.dbunit.util.search.Edge  - compareTo(o=NESTEDSCOPEDCONTENTCONDITIONS(CHILD_CONDITION_ID)->SCOPEDCONTENTCONDITION(ID)) - start
170039 [main] DEBUG org.dbunit.util.search.Edge  - compareTo(o=SCOPEDCONTENTCONDITIONATTRIBUTE(SCOPEDCONTENTCONDITION)->SCOPEDCONTENTCONDITION(ID)) - start
170039 [main] DEBUG org.dbunit.util.QualifiedTableName  - getQualifiedNameIfEnabled(config=org.dbunit.database.DatabaseConfig[, _propertyMap={http://www.dbunit.org/properties/statementFactory=org.dbunit.database.statement.PreparedStatementFactory@626bc2b8, http://www.dbunit.org/features/caseSensitiveTableNames=false, http://www.dbunit.org/properties/fetchSize=100, http://www.dbunit.org/features/batchedStatements=false, http://www.dbunit.org/properties/metadataHandler=org.dbunit.database.DefaultMetadataHandler@62baffef, http://www.dbunit.org/properties/datatypeFactory=org.dbunit.dataset.datatype.DefaultDataTypeFactory[_toleratedDeltaMap=org.dbunit.dataset.datatype.ToleratedDeltaMap@6452310a], http://www.dbunit.org/properties/escapePattern=null, http://www.dbunit.org/properties/batchSize=100, http://www.dbunit.org/features/qualifiedTableNames=false, http://www.dbunit.org/properties/tableType=[Ljava.lang.String;@5011bafa, http://www.dbunit.org/properties/resultSetTableFactory=org.dbunit.database.CachedResultSetTableFactory@10bcf083, http://www.dbunit.org/features/datatypeWarning=true}]) - start
170039 [main] TRACE org.dbunit.database.DatabaseConfig  - getFeature(name=http://www.dbunit.org/features/qualifiedTableNames) - start
170039 [main] TRACE org.dbunit.database.DatabaseConfig  - getProperty(name=http://www.dbunit.org/features/qualifiedTableNames) - start
170039 [main] DEBUG org.dbunit.util.QualifiedTableName  - Qualified table names feature is disabled. Returning plain table name
170039 [main] DEBUG org.dbunit.util.QualifiedTableName  - getQualifiedName(prefix=null, name=SCOPEDCONTENTCONDITION, escapePattern=null) - start
170040 [main] DEBUG org.dbunit.util.QualifiedTableName  - getQualifiedNameIfEnabled(config=org.dbunit.database.DatabaseConfig[, _propertyMap={http://www.dbunit.org/properties/statementFactory=org.dbunit.database.statement.PreparedStatementFactory@626bc2b8, http://www.dbunit.org/features/caseSensitiveTableNames=false, http://www.dbunit.org/properties/fetchSize=100, http://www.dbunit.org/features/batchedStatements=false, http://www.dbunit.org/properties/metadataHandler=org.dbunit.database.DefaultMetadataHandler@62baffef, http://www.dbunit.org/properties/datatypeFactory=org.dbunit.dataset.datatype.DefaultDataTypeFactory[_toleratedDeltaMap=org.dbunit.dataset.datatype.ToleratedDeltaMap@6452310a], http://www.dbunit.org/properties/escapePattern=null, http://www.dbunit.org/properties/batchSize=100, http://www.dbunit.org/features/qualifiedTableNames=false, http://www.dbunit.org/properties/tableType=[Ljava.lang.String;@5011bafa, http://www.dbunit.org/properties/resultSetTableFactory=org.dbunit.database.CachedResultSetTableFactory@10bcf083, http://www.dbunit.org/features/datatypeWarning=true}]) - start
170040 [main] TRACE org.dbunit.database.DatabaseConfig  - getFeature(name=http://www.dbunit.org/features/qualifiedTableNames) - start
170040 [main] TRACE org.dbunit.database.DatabaseConfig  - getProperty(name=http://www.dbunit.org/features/qualifiedTableNames) - start
170040 [main] DEBUG org.dbunit.util.QualifiedTableName  - Qualified table names feature is disabled. Returning plain table name
170040 [main] DEBUG org.dbunit.util.QualifiedTableName  - getQualifiedName(prefix=null, name=SCOPEDCONTENTCONDITIONS_SCOPEDCONTENTITEM, escapePattern=null) - start
170040 [main] DEBUG org.dbunit.database.search.AbstractMetaDataBasedSearchCallback  - newEdge(rs=org.apache.commons.dbcp.DelegatingResultSet@2f66aa18, type=1, from=SCOPEDCONTENTCONDITION, to=SCOPEDCONTENTCONDITIONS_SCOPEDCONTENTITEM, fkColumn=SCOPED_CONTENT_CONDITION_ID, pkColumn=ID) - start
170040 [main] DEBUG org.dbunit.database.search.AbstractMetaDataBasedSearchCallback  - createFKEdge(rs=org.apache.commons.dbcp.DelegatingResultSet@2f66aa18, type=1, from=SCOPEDCONTENTCONDITION, to=SCOPEDCONTENTCONDITIONS_SCOPEDCONTENTITEM, fkColumn=SCOPED_CONTENT_CONDITION_ID, pkColumn=ID) - start
170040 [main] DEBUG org.dbunit.database.search.AbstractMetaDataBasedSearchCallback  - Adding edge SCOPEDCONTENTCONDITIONS_SCOPEDCONTENTITEM(SCOPED_CONTENT_CONDITION_ID)->SCOPEDCONTENTCONDITION(ID)
170040 [main] DEBUG org.dbunit.util.search.Edge  - compareTo(o=SCOPEDCONTENTCONDITIONATTRIBUTE(SCOPEDCONTENTCONDITION)->SCOPEDCONTENTCONDITION(ID)) - start
170040 [main] DEBUG org.dbunit.util.search.Edge  - compareTo(o=SCOPEDCONTENTCONDITIONS_SCOPEDCONTENT(SCOPED_CONTENT_CONDITION_ID)->SCOPEDCONTENTCONDITION(ID)) - start
170040 [main] DEBUG org.dbunit.util.SQLHelper  - close(resultSet=org.apache.commons.dbcp.DelegatingResultSet@2f66aa18) - start
170040 [main] DEBUG org.dbunit.util.search.DepthFirstSearch  - reverseSearch:NESTEDSCOPEDCONTENTCONDITIONS
170040 [main] DEBUG org.dbunit.database.search.ExportedKeysSearchCallback  - searchNode(node=NESTEDSCOPEDCONTENTCONDITIONS) - start
170040 [main] DEBUG org.dbunit.util.search.DepthFirstSearch  - Pushing (reverse) NESTEDSCOPEDCONTENTCONDITIONS
170040 [main] DEBUG org.dbunit.database.search.ExportedKeysSearchCallback  - getEdges(node=NESTEDSCOPEDCONTENTCONDITIONS) - start
170040 [main] DEBUG org.dbunit.database.search.AbstractMetaDataBasedSearchCallback  - getNodesFromExportedKeys(node=NESTEDSCOPEDCONTENTCONDITIONS) - start
170040 [main] DEBUG org.dbunit.database.search.AbstractMetaDataBasedSearchCallback  - getNodes(type=1, node=NESTEDSCOPEDCONTENTCONDITIONS) - start
170040 [main] DEBUG org.dbunit.database.DatabaseDataSourceConnection  - getConnection() - start
170040 [main] DEBUG org.dbunit.database.search.AbstractMetaDataBasedSearchCallback  - getNodes(type=1, node=NESTEDSCOPEDCONTENTCONDITIONS, conn=Transaction-aware proxy for target Connection [jdbc:hsqldb:mem:kontrollDS, UserName=sw, HSQL Database Engine Driver], schema=null, metaData=org.apache.commons.dbcp.DelegatingDatabaseMetaData@7d2925f7, edges=[]) - start
170040 [main] DEBUG org.dbunit.database.search.AbstractMetaDataBasedSearchCallback  - Getting edges for node NESTEDSCOPEDCONTENTCONDITIONS
170040 [main] TRACE org.dbunit.database.DatabaseConfig  - getProperty(name=http://www.dbunit.org/properties/metadataHandler) - start
170040 [main] TRACE org.dbunit.database.DefaultMetadataHandler  - tableExists(metaData=org.apache.commons.dbcp.DelegatingDatabaseMetaData@7d2925f7, schemaName=null, tableName=NESTEDSCOPEDCONTENTCONDITIONS) - start
170041 [main] DEBUG org.dbunit.util.SQLHelper  - close(resultSet=org.apache.commons.dbcp.DelegatingResultSet@634752b3) - start
170042 [main] DEBUG org.dbunit.util.SQLHelper  - close(resultSet=org.apache.commons.dbcp.DelegatingResultSet@7d927bce) - start
170042 [main] DEBUG org.dbunit.util.search.DepthFirstSearch  - reverseSearch:SCOPEDCONTENTCONDITIONATTRIBUTE
170042 [main] DEBUG org.dbunit.database.search.ExportedKeysSearchCallback  - searchNode(node=SCOPEDCONTENTCONDITIONATTRIBUTE) - start
170042 [main] DEBUG org.dbunit.util.search.DepthFirstSearch  - Pushing (reverse) SCOPEDCONTENTCONDITIONATTRIBUTE
170042 [main] DEBUG org.dbunit.util.search.DepthFirstSearch  - reverseSearch:SCOPEDCONTENTCONDITIONS_SCOPEDCONTENT
170042 [main] DEBUG org.dbunit.database.search.ExportedKeysSearchCallback  - searchNode(node=SCOPEDCONTENTCONDITIONS_SCOPEDCONTENT) - start
170042 [main] DEBUG org.dbunit.util.search.DepthFirstSearch  - Pushing (reverse) SCOPEDCONTENTCONDITIONS_SCOPEDCONTENT
170042 [main] DEBUG org.dbunit.util.search.DepthFirstSearch  - reverseSearch:SCOPEDCONTENTCONDITIONS_SCOPEDCONTENTITEM
170042 [main] DEBUG org.dbunit.database.search.ExportedKeysSearchCallback  - searchNode(node=SCOPEDCONTENTCONDITIONS_SCOPEDCONTENTITEM) - start
170042 [main] DEBUG org.dbunit.util.search.DepthFirstSearch  - Pushing (reverse) SCOPEDCONTENTCONDITIONS_SCOPEDCONTENTITEM
170042 [main] DEBUG org.dbunit.util.search.DepthFirstSearch  - search:NESTEDSCOPEDCONTENTCONDITIONS
170042 [main] DEBUG org.dbunit.database.search.ExportedKeysSearchCallback  - searchNode(node=NESTEDSCOPEDCONTENTCONDITIONS) - start
170042 [main] DEBUG org.dbunit.util.search.DepthFirstSearch  - Pushing NESTEDSCOPEDCONTENTCONDITIONS
170042 [main] DEBUG org.dbunit.database.search.ExportedKeysSearchCallback  - getEdges(node=NESTEDSCOPEDCONTENTCONDITIONS) - start
170042 [main] DEBUG org.dbunit.database.search.AbstractMetaDataBasedSearchCallback  - getNodesFromExportedKeys(node=NESTEDSCOPEDCONTENTCONDITIONS) - start
170042 [main] DEBUG org.dbunit.database.search.AbstractMetaDataBasedSearchCallback  - getNodes(type=1, node=NESTEDSCOPEDCONTENTCONDITIONS) - start
170042 [main] DEBUG org.dbunit.database.DatabaseDataSourceConnection  - getConnection() - start
170042 [main] DEBUG org.dbunit.database.search.AbstractMetaDataBasedSearchCallback  - getNodes(type=1, node=NESTEDSCOPEDCONTENTCONDITIONS, conn=Transaction-aware proxy for target Connection [jdbc:hsqldb:mem:kontrollDS, UserName=sw, HSQL Database Engine Driver], schema=null, metaData=org.apache.commons.dbcp.DelegatingDatabaseMetaData@1bfe51ca, edges=[]) - start
170042 [main] DEBUG org.dbunit.database.search.AbstractMetaDataBasedSearchCallback  - Getting edges for node NESTEDSCOPEDCONTENTCONDITIONS
170042 [main] TRACE org.dbunit.database.DatabaseConfig  - getProperty(name=http://www.dbunit.org/properties/metadataHandler) - start
170042 [main] TRACE org.dbunit.database.DefaultMetadataHandler  - tableExists(metaData=org.apache.commons.dbcp.DelegatingDatabaseMetaData@1bfe51ca, schemaName=null, tableName=NESTEDSCOPEDCONTENTCONDITIONS) - start
170043 [main] DEBUG org.dbunit.util.SQLHelper  - close(resultSet=org.apache.commons.dbcp.DelegatingResultSet@7b7d6777) - start
170044 [main] DEBUG org.dbunit.util.SQLHelper  - close(resultSet=org.apache.commons.dbcp.DelegatingResultSet@2837b87c) - start
170044 [main] DEBUG org.dbunit.util.search.DepthFirstSearch  - Adding node NESTEDSCOPEDCONTENTCONDITIONS to the final result
170044 [main] DEBUG org.dbunit.util.search.DepthFirstSearch  - search:SCOPEDCONTENTCONDITIONATTRIBUTE
170044 [main] DEBUG org.dbunit.database.search.ExportedKeysSearchCallback  - searchNode(node=SCOPEDCONTENTCONDITIONATTRIBUTE) - start
170044 [main] DEBUG org.dbunit.util.search.DepthFirstSearch  - Pushing SCOPEDCONTENTCONDITIONATTRIBUTE
170044 [main] DEBUG org.dbunit.database.search.ExportedKeysSearchCallback  - getEdges(node=SCOPEDCONTENTCONDITIONATTRIBUTE) - start
170044 [main] DEBUG org.dbunit.database.search.AbstractMetaDataBasedSearchCallback  - getNodesFromExportedKeys(node=SCOPEDCONTENTCONDITIONATTRIBUTE) - start
170044 [main] DEBUG org.dbunit.database.search.AbstractMetaDataBasedSearchCallback  - getNodes(type=1, node=SCOPEDCONTENTCONDITIONATTRIBUTE) - start
170044 [main] DEBUG org.dbunit.database.DatabaseDataSourceConnection  - getConnection() - start
170044 [main] DEBUG org.dbunit.database.search.AbstractMetaDataBasedSearchCallback  - getNodes(type=1, node=SCOPEDCONTENTCONDITIONATTRIBUTE, conn=Transaction-aware proxy for target Connection [jdbc:hsqldb:mem:kontrollDS, UserName=sw, HSQL Database Engine Driver], schema=null, metaData=org.apache.commons.dbcp.DelegatingDatabaseMetaData@6230e984, edges=[]) - start
170044 [main] DEBUG org.dbunit.database.search.AbstractMetaDataBasedSearchCallback  - Getting edges for node SCOPEDCONTENTCONDITIONATTRIBUTE
170044 [main] TRACE org.dbunit.database.DatabaseConfig  - getProperty(name=http://www.dbunit.org/properties/metadataHandler) - start
170044 [main] TRACE org.dbunit.database.DefaultMetadataHandler  - tableExists(metaData=org.apache.commons.dbcp.DelegatingDatabaseMetaData@6230e984, schemaName=null, tableName=SCOPEDCONTENTCONDITIONATTRIBUTE) - start
170045 [main] DEBUG org.dbunit.util.SQLHelper  - close(resultSet=org.apache.commons.dbcp.DelegatingResultSet@6363172) - start
170045 [main] DEBUG org.dbunit.util.SQLHelper  - close(resultSet=org.apache.commons.dbcp.DelegatingResultSet@16558bf7) - start
170045 [main] DEBUG org.dbunit.util.search.DepthFirstSearch  - Adding node SCOPEDCONTENTCONDITIONATTRIBUTE to the final result
170045 [main] DEBUG org.dbunit.util.search.DepthFirstSearch  - search:SCOPEDCONTENTCONDITIONS_SCOPEDCONTENT
170045 [main] DEBUG org.dbunit.database.search.ExportedKeysSearchCallback  - searchNode(node=SCOPEDCONTENTCONDITIONS_SCOPEDCONTENT) - start
170045 [main] DEBUG org.dbunit.util.search.DepthFirstSearch  - Pushing SCOPEDCONTENTCONDITIONS_SCOPEDCONTENT
170045 [main] DEBUG org.dbunit.database.search.ExportedKeysSearchCallback  - getEdges(node=SCOPEDCONTENTCONDITIONS_SCOPEDCONTENT) - start
170045 [main] DEBUG org.dbunit.database.search.AbstractMetaDataBasedSearchCallback  - getNodesFromExportedKeys(node=SCOPEDCONTENTCONDITIONS_SCOPEDCONTENT) - start
170045 [main] DEBUG org.dbunit.database.search.AbstractMetaDataBasedSearchCallback  - getNodes(type=1, node=SCOPEDCONTENTCONDITIONS_SCOPEDCONTENT) - start
170045 [main] DEBUG org.dbunit.database.DatabaseDataSourceConnection  - getConnection() - start
170045 [main] DEBUG org.dbunit.database.search.AbstractMetaDataBasedSearchCallback  - getNodes(type=1, node=SCOPEDCONTENTCONDITIONS_SCOPEDCONTENT, conn=Transaction-aware proxy for target Connection [jdbc:hsqldb:mem:kontrollDS, UserName=sw, HSQL Database Engine Driver], schema=null, metaData=org.apache.commons.dbcp.DelegatingDatabaseMetaData@4a581095, edges=[]) - start
170045 [main] DEBUG org.dbunit.database.search.AbstractMetaDataBasedSearchCallback  - Getting edges for node SCOPEDCONTENTCONDITIONS_SCOPEDCONTENT
170046 [main] TRACE org.dbunit.database.DatabaseConfig  - getProperty(name=http://www.dbunit.org/properties/metadataHandler) - start
170046 [main] TRACE org.dbunit.database.DefaultMetadataHandler  - tableExists(metaData=org.apache.commons.dbcp.DelegatingDatabaseMetaData@4a581095, schemaName=null, tableName=SCOPEDCONTENTCONDITIONS_SCOPEDCONTENT) - start
170047 [main] DEBUG org.dbunit.util.SQLHelper  - close(resultSet=org.apache.commons.dbcp.DelegatingResultSet@26fecdcf) - start
170047 [main] DEBUG org.dbunit.util.SQLHelper  - close(resultSet=org.apache.commons.dbcp.DelegatingResultSet@70abc38d) - start
170047 [main] DEBUG org.dbunit.util.search.DepthFirstSearch  - Adding node SCOPEDCONTENTCONDITIONS_SCOPEDCONTENT to the final result
170047 [main] DEBUG org.dbunit.util.search.DepthFirstSearch  - search:SCOPEDCONTENTCONDITIONS_SCOPEDCONTENTITEM
170047 [main] DEBUG org.dbunit.database.search.ExportedKeysSearchCallback  - searchNode(node=SCOPEDCONTENTCONDITIONS_SCOPEDCONTENTITEM) - start
170047 [main] DEBUG org.dbunit.util.search.DepthFirstSearch  - Pushing SCOPEDCONTENTCONDITIONS_SCOPEDCONTENTITEM
170047 [main] DEBUG org.dbunit.database.search.ExportedKeysSearchCallback  - getEdges(node=SCOPEDCONTENTCONDITIONS_SCOPEDCONTENTITEM) - start
170047 [main] DEBUG org.dbunit.database.search.AbstractMetaDataBasedSearchCallback  - getNodesFromExportedKeys(node=SCOPEDCONTENTCONDITIONS_SCOPEDCONTENTITEM) - start
170047 [main] DEBUG org.dbunit.database.search.AbstractMetaDataBasedSearchCallback  - getNodes(type=1, node=SCOPEDCONTENTCONDITIONS_SCOPEDCONTENTITEM) - start
170047 [main] DEBUG org.dbunit.database.DatabaseDataSourceConnection  - getConnection() - start
170047 [main] DEBUG org.dbunit.database.search.AbstractMetaDataBasedSearchCallback  - getNodes(type=1, node=SCOPEDCONTENTCONDITIONS_SCOPEDCONTENTITEM, conn=Transaction-aware proxy for target Connection [jdbc:hsqldb:mem:kontrollDS, UserName=sw, HSQL Database Engine Driver], schema=null, metaData=org.apache.commons.dbcp.DelegatingDatabaseMetaData@1cb397c5, edges=[]) - start
170047 [main] DEBUG org.dbunit.database.search.AbstractMetaDataBasedSearchCallback  - Getting edges for node SCOPEDCONTENTCONDITIONS_SCOPEDCONTENTITEM
170047 [main] TRACE org.dbunit.database.DatabaseConfig  - getProperty(name=http://www.dbunit.org/properties/metadataHandler) - start
170047 [main] TRACE org.dbunit.database.DefaultMetadataHandler  - tableExists(metaData=org.apache.commons.dbcp.DelegatingDatabaseMetaData@1cb397c5, schemaName=null, tableName=SCOPEDCONTENTCONDITIONS_SCOPEDCONTENTITEM) - start
170048 [main] DEBUG org.dbunit.util.SQLHelper  - close(resultSet=org.apache.commons.dbcp.DelegatingResultSet@67e8fee6) - start
170048 [main] DEBUG org.dbunit.util.SQLHelper  - close(resultSet=org.apache.commons.dbcp.DelegatingResultSet@1e071bc6) - start
170048 [main] DEBUG org.dbunit.util.search.DepthFirstSearch  - Adding node SCOPEDCONTENTCONDITIONS_SCOPEDCONTENTITEM to the final result
170049 [main] DEBUG org.dbunit.util.search.DepthFirstSearch  - search:SCOPEDCONTENTCONDITION
170049 [main] DEBUG org.dbunit.database.search.ExportedKeysSearchCallback  - searchNode(node=SCOPEDCONTENTCONDITION) - start
170049 [main] DEBUG org.dbunit.util.search.DepthFirstSearch  - Pushing SCOPEDCONTENTCONDITION
170049 [main] DEBUG org.dbunit.database.search.ExportedKeysSearchCallback  - getEdges(node=SCOPEDCONTENTCONDITION) - start
170049 [main] DEBUG org.dbunit.database.search.AbstractMetaDataBasedSearchCallback  - getNodesFromExportedKeys(node=SCOPEDCONTENTCONDITION) - start
170049 [main] DEBUG org.dbunit.database.search.AbstractMetaDataBasedSearchCallback  - getNodes(type=1, node=SCOPEDCONTENTCONDITION) - start
170049 [main] DEBUG org.dbunit.database.DatabaseDataSourceConnection  - getConnection() - start
170049 [main] DEBUG org.dbunit.database.search.AbstractMetaDataBasedSearchCallback  - getNodes(type=1, node=SCOPEDCONTENTCONDITION, conn=Transaction-aware proxy for target Connection [jdbc:hsqldb:mem:kontrollDS, UserName=sw, HSQL Database Engine Driver], schema=null, metaData=org.apache.commons.dbcp.DelegatingDatabaseMetaData@64b07390, edges=[]) - start
170049 [main] DEBUG org.dbunit.database.search.AbstractMetaDataBasedSearchCallback  - Getting edges for node SCOPEDCONTENTCONDITION
170049 [main] TRACE org.dbunit.database.DatabaseConfig  - getProperty(name=http://www.dbunit.org/properties/metadataHandler) - start
170049 [main] TRACE org.dbunit.database.DefaultMetadataHandler  - tableExists(metaData=org.apache.commons.dbcp.DelegatingDatabaseMetaData@64b07390, schemaName=null, tableName=SCOPEDCONTENTCONDITION) - start
170050 [main] DEBUG org.dbunit.util.SQLHelper  - close(resultSet=org.apache.commons.dbcp.DelegatingResultSet@6be9fe60) - start
170050 [main] DEBUG org.dbunit.util.QualifiedTableName  - getQualifiedNameIfEnabled(config=org.dbunit.database.DatabaseConfig[, _propertyMap={http://www.dbunit.org/properties/statementFactory=org.dbunit.database.statement.PreparedStatementFactory@626bc2b8, http://www.dbunit.org/features/caseSensitiveTableNames=false, http://www.dbunit.org/properties/fetchSize=100, http://www.dbunit.org/features/batchedStatements=false, http://www.dbunit.org/properties/metadataHandler=org.dbunit.database.DefaultMetadataHandler@62baffef, http://www.dbunit.org/properties/datatypeFactory=org.dbunit.dataset.datatype.DefaultDataTypeFactory[_toleratedDeltaMap=org.dbunit.dataset.datatype.ToleratedDeltaMap@6452310a], http://www.dbunit.org/properties/escapePattern=null, http://www.dbunit.org/properties/batchSize=100, http://www.dbunit.org/features/qualifiedTableNames=false, http://www.dbunit.org/properties/tableType=[Ljava.lang.String;@5011bafa, http://www.dbunit.org/properties/resultSetTableFactory=org.dbunit.database.CachedResultSetTableFactory@10bcf083, http://www.dbunit.org/features/datatypeWarning=true}]) - start
170050 [main] TRACE org.dbunit.database.DatabaseConfig  - getFeature(name=http://www.dbunit.org/features/qualifiedTableNames) - start
170050 [main] TRACE org.dbunit.database.DatabaseConfig  - getProperty(name=http://www.dbunit.org/features/qualifiedTableNames) - start
170050 [main] DEBUG org.dbunit.util.QualifiedTableName  - Qualified table names feature is disabled. Returning plain table name
170050 [main] DEBUG org.dbunit.util.QualifiedTableName  - getQualifiedName(prefix=null, name=SCOPEDCONTENTCONDITION, escapePattern=null) - start
170050 [main] DEBUG org.dbunit.util.QualifiedTableName  - getQualifiedNameIfEnabled(config=org.dbunit.database.DatabaseConfig[, _propertyMap={http://www.dbunit.org/properties/statementFactory=org.dbunit.database.statement.PreparedStatementFactory@626bc2b8, http://www.dbunit.org/features/caseSensitiveTableNames=false, http://www.dbunit.org/properties/fetchSize=100, http://www.dbunit.org/features/batchedStatements=false, http://www.dbunit.org/properties/metadataHandler=org.dbunit.database.DefaultMetadataHandler@62baffef, http://www.dbunit.org/properties/datatypeFactory=org.dbunit.dataset.datatype.DefaultDataTypeFactory[_toleratedDeltaMap=org.dbunit.dataset.datatype.ToleratedDeltaMap@6452310a], http://www.dbunit.org/properties/escapePattern=null, http://www.dbunit.org/properties/batchSize=100, http://www.dbunit.org/features/qualifiedTableNames=false, http://www.dbunit.org/properties/tableType=[Ljava.lang.String;@5011bafa, http://www.dbunit.org/properties/resultSetTableFactory=org.dbunit.database.CachedResultSetTableFactory@10bcf083, http://www.dbunit.org/features/datatypeWarning=true}]) - start
170050 [main] TRACE org.dbunit.database.DatabaseConfig  - getFeature(name=http://www.dbunit.org/features/qualifiedTableNames) - start
170050 [main] TRACE org.dbunit.database.DatabaseConfig  - getProperty(name=http://www.dbunit.org/features/qualifiedTableNames) - start
170050 [main] DEBUG org.dbunit.util.QualifiedTableName  - Qualified table names feature is disabled. Returning plain table name
170050 [main] DEBUG org.dbunit.util.QualifiedTableName  - getQualifiedName(prefix=null, name=NESTEDSCOPEDCONTENTCONDITIONS, escapePattern=null) - start
170050 [main] DEBUG org.dbunit.database.search.AbstractMetaDataBasedSearchCallback  - newEdge(rs=org.apache.commons.dbcp.DelegatingResultSet@4d5c1512, type=1, from=SCOPEDCONTENTCONDITION, to=NESTEDSCOPEDCONTENTCONDITIONS, fkColumn=CHILD_CONDITION_ID, pkColumn=ID) - start
170050 [main] DEBUG org.dbunit.database.search.AbstractMetaDataBasedSearchCallback  - createFKEdge(rs=org.apache.commons.dbcp.DelegatingResultSet@4d5c1512, type=1, from=SCOPEDCONTENTCONDITION, to=NESTEDSCOPEDCONTENTCONDITIONS, fkColumn=CHILD_CONDITION_ID, pkColumn=ID) - start
170050 [main] DEBUG org.dbunit.database.search.AbstractMetaDataBasedSearchCallback  - Adding edge NESTEDSCOPEDCONTENTCONDITIONS(CHILD_CONDITION_ID)->SCOPEDCONTENTCONDITION(ID)
170051 [main] DEBUG org.dbunit.util.search.Edge  - compareTo(o=NESTEDSCOPEDCONTENTCONDITIONS(CHILD_CONDITION_ID)->SCOPEDCONTENTCONDITION(ID)) - start
170051 [main] DEBUG org.dbunit.util.QualifiedTableName  - getQualifiedNameIfEnabled(config=org.dbunit.database.DatabaseConfig[, _propertyMap={http://www.dbunit.org/properties/statementFactory=org.dbunit.database.statement.PreparedStatementFactory@626bc2b8, http://www.dbunit.org/features/caseSensitiveTableNames=false, http://www.dbunit.org/properties/fetchSize=100, http://www.dbunit.org/features/batchedStatements=false, http://www.dbunit.org/properties/metadataHandler=org.dbunit.database.DefaultMetadataHandler@62baffef, http://www.dbunit.org/properties/datatypeFactory=org.dbunit.dataset.datatype.DefaultDataTypeFactory[_toleratedDeltaMap=org.dbunit.dataset.datatype.ToleratedDeltaMap@6452310a], http://www.dbunit.org/properties/escapePattern=null, http://www.dbunit.org/properties/batchSize=100, http://www.dbunit.org/features/qualifiedTableNames=false, http://www.dbunit.org/properties/tableType=[Ljava.lang.String;@5011bafa, http://www.dbunit.org/properties/resultSetTableFactory=org.dbunit.database.CachedResultSetTableFactory@10bcf083, http://www.dbunit.org/features/datatypeWarning=true}]) - start
170051 [main] TRACE org.dbunit.database.DatabaseConfig  - getFeature(name=http://www.dbunit.org/features/qualifiedTableNames) - start
170051 [main] TRACE org.dbunit.database.DatabaseConfig  - getProperty(name=http://www.dbunit.org/features/qualifiedTableNames) - start
170051 [main] DEBUG org.dbunit.util.QualifiedTableName  - Qualified table names feature is disabled. Returning plain table name
170051 [main] DEBUG org.dbunit.util.QualifiedTableName  - getQualifiedName(prefix=null, name=SCOPEDCONTENTCONDITION, escapePattern=null) - start
170051 [main] DEBUG org.dbunit.util.QualifiedTableName  - getQualifiedNameIfEnabled(config=org.dbunit.database.DatabaseConfig[, _propertyMap={http://www.dbunit.org/properties/statementFactory=org.dbunit.database.statement.PreparedStatementFactory@626bc2b8, http://www.dbunit.org/features/caseSensitiveTableNames=false, http://www.dbunit.org/properties/fetchSize=100, http://www.dbunit.org/features/batchedStatements=false, http://www.dbunit.org/properties/metadataHandler=org.dbunit.database.DefaultMetadataHandler@62baffef, http://www.dbunit.org/properties/datatypeFactory=org.dbunit.dataset.datatype.DefaultDataTypeFactory[_toleratedDeltaMap=org.dbunit.dataset.datatype.ToleratedDeltaMap@6452310a], http://www.dbunit.org/properties/escapePattern=null, http://www.dbunit.org/properties/batchSize=100, http://www.dbunit.org/features/qualifiedTableNames=false, http://www.dbunit.org/properties/tableType=[Ljava.lang.String;@5011bafa, http://www.dbunit.org/properties/resultSetTableFactory=org.dbunit.database.CachedResultSetTableFactory@10bcf083, http://www.dbunit.org/features/datatypeWarning=true}]) - start
170051 [main] TRACE org.dbunit.database.DatabaseConfig  - getFeature(name=http://www.dbunit.org/features/qualifiedTableNames) - start
170051 [main] TRACE org.dbunit.database.DatabaseConfig  - getProperty(name=http://www.dbunit.org/features/qualifiedTableNames) - start
170051 [main] DEBUG org.dbunit.util.QualifiedTableName  - Qualified table names feature is disabled. Returning plain table name
170051 [main] DEBUG org.dbunit.util.QualifiedTableName  - getQualifiedName(prefix=null, name=NESTEDSCOPEDCONTENTCONDITIONS, escapePattern=null) - start
170051 [main] DEBUG org.dbunit.database.search.AbstractMetaDataBasedSearchCallback  - newEdge(rs=org.apache.commons.dbcp.DelegatingResultSet@4d5c1512, type=1, from=SCOPEDCONTENTCONDITION, to=NESTEDSCOPEDCONTENTCONDITIONS, fkColumn=PARENT_CONDITION_ID, pkColumn=ID) - start
170051 [main] DEBUG org.dbunit.database.search.AbstractMetaDataBasedSearchCallback  - createFKEdge(rs=org.apache.commons.dbcp.DelegatingResultSet@4d5c1512, type=1, from=SCOPEDCONTENTCONDITION, to=NESTEDSCOPEDCONTENTCONDITIONS, fkColumn=PARENT_CONDITION_ID, pkColumn=ID) - start
170051 [main] DEBUG org.dbunit.database.search.AbstractMetaDataBasedSearchCallback  - Adding edge NESTEDSCOPEDCONTENTCONDITIONS(PARENT_CONDITION_ID)->SCOPEDCONTENTCONDITION(ID)
170051 [main] DEBUG org.dbunit.util.search.Edge  - compareTo(o=NESTEDSCOPEDCONTENTCONDITIONS(CHILD_CONDITION_ID)->SCOPEDCONTENTCONDITION(ID)) - start
170051 [main] DEBUG org.dbunit.util.QualifiedTableName  - getQualifiedNameIfEnabled(config=org.dbunit.database.DatabaseConfig[, _propertyMap={http://www.dbunit.org/properties/statementFactory=org.dbunit.database.statement.PreparedStatementFactory@626bc2b8, http://www.dbunit.org/features/caseSensitiveTableNames=false, http://www.dbunit.org/properties/fetchSize=100, http://www.dbunit.org/features/batchedStatements=false, http://www.dbunit.org/properties/metadataHandler=org.dbunit.database.DefaultMetadataHandler@62baffef, http://www.dbunit.org/properties/datatypeFactory=org.dbunit.dataset.datatype.DefaultDataTypeFactory[_toleratedDeltaMap=org.dbunit.dataset.datatype.ToleratedDeltaMap@6452310a], http://www.dbunit.org/properties/escapePattern=null, http://www.dbunit.org/properties/batchSize=100, http://www.dbunit.org/features/qualifiedTableNames=false, http://www.dbunit.org/properties/tableType=[Ljava.lang.String;@5011bafa, http://www.dbunit.org/properties/resultSetTableFactory=org.dbunit.database.CachedResultSetTableFactory@10bcf083, http://www.dbunit.org/features/datatypeWarning=true}]) - start
170051 [main] TRACE org.dbunit.database.DatabaseConfig  - getFeature(name=http://www.dbunit.org/features/qualifiedTableNames) - start
170051 [main] TRACE org.dbunit.database.DatabaseConfig  - getProperty(name=http://www.dbunit.org/features/qualifiedTableNames) - start
170051 [main] DEBUG org.dbunit.util.QualifiedTableName  - Qualified table names feature is disabled. Returning plain table name
170051 [main] DEBUG org.dbunit.util.QualifiedTableName  - getQualifiedName(prefix=null, name=SCOPEDCONTENTCONDITION, escapePattern=null) - start
170051 [main] DEBUG org.dbunit.util.QualifiedTableName  - getQualifiedNameIfEnabled(config=org.dbunit.database.DatabaseConfig[, _propertyMap={http://www.dbunit.org/properties/statementFactory=org.dbunit.database.statement.PreparedStatementFactory@626bc2b8, http://www.dbunit.org/features/caseSensitiveTableNames=false, http://www.dbunit.org/properties/fetchSize=100, http://www.dbunit.org/features/batchedStatements=false, http://www.dbunit.org/properties/metadataHandler=org.dbunit.database.DefaultMetadataHandler@62baffef, http://www.dbunit.org/properties/datatypeFactory=org.dbunit.dataset.datatype.DefaultDataTypeFactory[_toleratedDeltaMap=org.dbunit.dataset.datatype.ToleratedDeltaMap@6452310a], http://www.dbunit.org/properties/escapePattern=null, http://www.dbunit.org/properties/batchSize=100, http://www.dbunit.org/features/qualifiedTableNames=false, http://www.dbunit.org/properties/tableType=[Ljava.lang.String;@5011bafa, http://www.dbunit.org/properties/resultSetTableFactory=org.dbunit.database.CachedResultSetTableFactory@10bcf083, http://www.dbunit.org/features/datatypeWarning=true}]) - start
170051 [main] TRACE org.dbunit.database.DatabaseConfig  - getFeature(name=http://www.dbunit.org/features/qualifiedTableNames) - start
170052 [main] TRACE org.dbunit.database.DatabaseConfig  - getProperty(name=http://www.dbunit.org/features/qualifiedTableNames) - start
170052 [main] DEBUG org.dbunit.util.QualifiedTableName  - Qualified table names feature is disabled. Returning plain table name
170052 [main] DEBUG org.dbunit.util.QualifiedTableName  - getQualifiedName(prefix=null, name=SCOPEDCONTENTCONDITIONATTRIBUTE, escapePattern=null) - start
170052 [main] DEBUG org.dbunit.database.search.AbstractMetaDataBasedSearchCallback  - newEdge(rs=org.apache.commons.dbcp.DelegatingResultSet@4d5c1512, type=1, from=SCOPEDCONTENTCONDITION, to=SCOPEDCONTENTCONDITIONATTRIBUTE, fkColumn=SCOPEDCONTENTCONDITION, pkColumn=ID) - start
170052 [main] DEBUG org.dbunit.database.search.AbstractMetaDataBasedSearchCallback  - createFKEdge(rs=org.apache.commons.dbcp.DelegatingResultSet@4d5c1512, type=1, from=SCOPEDCONTENTCONDITION, to=SCOPEDCONTENTCONDITIONATTRIBUTE, fkColumn=SCOPEDCONTENTCONDITION, pkColumn=ID) - start
170052 [main] DEBUG org.dbunit.database.search.AbstractMetaDataBasedSearchCallback  - Adding edge SCOPEDCONTENTCONDITIONATTRIBUTE(SCOPEDCONTENTCONDITION)->SCOPEDCONTENTCONDITION(ID)
170052 [main] DEBUG org.dbunit.util.search.Edge  - compareTo(o=NESTEDSCOPEDCONTENTCONDITIONS(CHILD_CONDITION_ID)->SCOPEDCONTENTCONDITION(ID)) - start
170052 [main] DEBUG org.dbunit.util.QualifiedTableName  - getQualifiedNameIfEnabled(config=org.dbunit.database.DatabaseConfig[, _propertyMap={http://www.dbunit.org/properties/statementFactory=org.dbunit.database.statement.PreparedStatementFactory@626bc2b8, http://www.dbunit.org/features/caseSensitiveTableNames=false, http://www.dbunit.org/properties/fetchSize=100, http://www.dbunit.org/features/batchedStatements=false, http://www.dbunit.org/properties/metadataHandler=org.dbunit.database.DefaultMetadataHandler@62baffef, http://www.dbunit.org/properties/datatypeFactory=org.dbunit.dataset.datatype.DefaultDataTypeFactory[_toleratedDeltaMap=org.dbunit.dataset.datatype.ToleratedDeltaMap@6452310a], http://www.dbunit.org/properties/escapePattern=null, http://www.dbunit.org/properties/batchSize=100, http://www.dbunit.org/features/qualifiedTableNames=false, http://www.dbunit.org/properties/tableType=[Ljava.lang.String;@5011bafa, http://www.dbunit.org/properties/resultSetTableFactory=org.dbunit.database.CachedResultSetTableFactory@10bcf083, http://www.dbunit.org/features/datatypeWarning=true}]) - start
170052 [main] TRACE org.dbunit.database.DatabaseConfig  - getFeature(name=http://www.dbunit.org/features/qualifiedTableNames) - start
170052 [main] TRACE org.dbunit.database.DatabaseConfig  - getProperty(name=http://www.dbunit.org/features/qualifiedTableNames) - start
170052 [main] DEBUG org.dbunit.util.QualifiedTableName  - Qualified table names feature is disabled. Returning plain table name
170052 [main] DEBUG org.dbunit.util.QualifiedTableName  - getQualifiedName(prefix=null, name=SCOPEDCONTENTCONDITION, escapePattern=null) - start
170052 [main] DEBUG org.dbunit.util.QualifiedTableName  - getQualifiedNameIfEnabled(config=org.dbunit.database.DatabaseConfig[, _propertyMap={http://www.dbunit.org/properties/statementFactory=org.dbunit.database.statement.PreparedStatementFactory@626bc2b8, http://www.dbunit.org/features/caseSensitiveTableNames=false, http://www.dbunit.org/properties/fetchSize=100, http://www.dbunit.org/features/batchedStatements=false, http://www.dbunit.org/properties/metadataHandler=org.dbunit.database.DefaultMetadataHandler@62baffef, http://www.dbunit.org/properties/datatypeFactory=org.dbunit.dataset.datatype.DefaultDataTypeFactory[_toleratedDeltaMap=org.dbunit.dataset.datatype.ToleratedDeltaMap@6452310a], http://www.dbunit.org/properties/escapePattern=null, http://www.dbunit.org/properties/batchSize=100, http://www.dbunit.org/features/qualifiedTableNames=false, http://www.dbunit.org/properties/tableType=[Ljava.lang.String;@5011bafa, http://www.dbunit.org/properties/resultSetTableFactory=org.dbunit.database.CachedResultSetTableFactory@10bcf083, http://www.dbunit.org/features/datatypeWarning=true}]) - start
170052 [main] TRACE org.dbunit.database.DatabaseConfig  - getFeature(name=http://www.dbunit.org/features/qualifiedTableNames) - start
170052 [main] TRACE org.dbunit.database.DatabaseConfig  - getProperty(name=http://www.dbunit.org/features/qualifiedTableNames) - start
170052 [main] DEBUG org.dbunit.util.QualifiedTableName  - Qualified table names feature is disabled. Returning plain table name
170052 [main] DEBUG org.dbunit.util.QualifiedTableName  - getQualifiedName(prefix=null, name=SCOPEDCONTENTCONDITIONS_SCOPEDCONTENT, escapePattern=null) - start
170052 [main] DEBUG org.dbunit.database.search.AbstractMetaDataBasedSearchCallback  - newEdge(rs=org.apache.commons.dbcp.DelegatingResultSet@4d5c1512, type=1, from=SCOPEDCONTENTCONDITION, to=SCOPEDCONTENTCONDITIONS_SCOPEDCONTENT, fkColumn=SCOPED_CONTENT_CONDITION_ID, pkColumn=ID) - start
170052 [main] DEBUG org.dbunit.database.search.AbstractMetaDataBasedSearchCallback  - createFKEdge(rs=org.apache.commons.dbcp.DelegatingResultSet@4d5c1512, type=1, from=SCOPEDCONTENTCONDITION, to=SCOPEDCONTENTCONDITIONS_SCOPEDCONTENT, fkColumn=SCOPED_CONTENT_CONDITION_ID, pkColumn=ID) - start
170052 [main] DEBUG org.dbunit.database.search.AbstractMetaDataBasedSearchCallback  - Adding edge SCOPEDCONTENTCONDITIONS_SCOPEDCONTENT(SCOPED_CONTENT_CONDITION_ID)->SCOPEDCONTENTCONDITION(ID)
170052 [main] DEBUG org.dbunit.util.search.Edge  - compareTo(o=NESTEDSCOPEDCONTENTCONDITIONS(CHILD_CONDITION_ID)->SCOPEDCONTENTCONDITION(ID)) - start
170052 [main] DEBUG org.dbunit.util.search.Edge  - compareTo(o=SCOPEDCONTENTCONDITIONATTRIBUTE(SCOPEDCONTENTCONDITION)->SCOPEDCONTENTCONDITION(ID)) - start
170052 [main] DEBUG org.dbunit.util.QualifiedTableName  - getQualifiedNameIfEnabled(config=org.dbunit.database.DatabaseConfig[, _propertyMap={http://www.dbunit.org/properties/statementFactory=org.dbunit.database.statement.PreparedStatementFactory@626bc2b8, http://www.dbunit.org/features/caseSensitiveTableNames=false, http://www.dbunit.org/properties/fetchSize=100, http://www.dbunit.org/features/batchedStatements=false, http://www.dbunit.org/properties/metadataHandler=org.dbunit.database.DefaultMetadataHandler@62baffef, http://www.dbunit.org/properties/datatypeFactory=org.dbunit.dataset.datatype.DefaultDataTypeFactory[_toleratedDeltaMap=org.dbunit.dataset.datatype.ToleratedDeltaMap@6452310a], http://www.dbunit.org/properties/escapePattern=null, http://www.dbunit.org/properties/batchSize=100, http://www.dbunit.org/features/qualifiedTableNames=false, http://www.dbunit.org/properties/tableType=[Ljava.lang.String;@5011bafa, http://www.dbunit.org/properties/resultSetTableFactory=org.dbunit.database.CachedResultSetTableFactory@10bcf083, http://www.dbunit.org/features/datatypeWarning=true}]) - start
170052 [main] TRACE org.dbunit.database.DatabaseConfig  - getFeature(name=http://www.dbunit.org/features/qualifiedTableNames) - start
170052 [main] TRACE org.dbunit.database.DatabaseConfig  - getProperty(name=http://www.dbunit.org/features/qualifiedTableNames) - start
170053 [main] DEBUG org.dbunit.util.QualifiedTableName  - Qualified table names feature is disabled. Returning plain table name
170053 [main] DEBUG org.dbunit.util.QualifiedTableName  - getQualifiedName(prefix=null, name=SCOPEDCONTENTCONDITION, escapePattern=null) - start
170053 [main] DEBUG org.dbunit.util.QualifiedTableName  - getQualifiedNameIfEnabled(config=org.dbunit.database.DatabaseConfig[, _propertyMap={http://www.dbunit.org/properties/statementFactory=org.dbunit.database.statement.PreparedStatementFactory@626bc2b8, http://www.dbunit.org/features/caseSensitiveTableNames=false, http://www.dbunit.org/properties/fetchSize=100, http://www.dbunit.org/features/batchedStatements=false, http://www.dbunit.org/properties/metadataHandler=org.dbunit.database.DefaultMetadataHandler@62baffef, http://www.dbunit.org/properties/datatypeFactory=org.dbunit.dataset.datatype.DefaultDataTypeFactory[_toleratedDeltaMap=org.dbunit.dataset.datatype.ToleratedDeltaMap@6452310a], http://www.dbunit.org/properties/escapePattern=null, http://www.dbunit.org/properties/batchSize=100, http://www.dbunit.org/features/qualifiedTableNames=false, http://www.dbunit.org/properties/tableType=[Ljava.lang.String;@5011bafa, http://www.dbunit.org/properties/resultSetTableFactory=org.dbunit.database.CachedResultSetTableFactory@10bcf083, http://www.dbunit.org/features/datatypeWarning=true}]) - start
170053 [main] TRACE org.dbunit.database.DatabaseConfig  - getFeature(name=http://www.dbunit.org/features/qualifiedTableNames) - start
170053 [main] TRACE org.dbunit.database.DatabaseConfig  - getProperty(name=http://www.dbunit.org/features/qualifiedTableNames) - start
170053 [main] DEBUG org.dbunit.util.QualifiedTableName  - Qualified table names feature is disabled. Returning plain table name
170053 [main] DEBUG org.dbunit.util.QualifiedTableName  - getQualifiedName(prefix=null, name=SCOPEDCONTENTCONDITIONS_SCOPEDCONTENTITEM, escapePattern=null) - start
170053 [main] DEBUG org.dbunit.database.search.AbstractMetaDataBasedSearchCallback  - newEdge(rs=org.apache.commons.dbcp.DelegatingResultSet@4d5c1512, type=1, from=SCOPEDCONTENTCONDITION, to=SCOPEDCONTENTCONDITIONS_SCOPEDCONTENTITEM, fkColumn=SCOPED_CONTENT_CONDITION_ID, pkColumn=ID) - start
170053 [main] DEBUG org.dbunit.database.search.AbstractMetaDataBasedSearchCallback  - createFKEdge(rs=org.apache.commons.dbcp.DelegatingResultSet@4d5c1512, type=1, from=SCOPEDCONTENTCONDITION, to=SCOPEDCONTENTCONDITIONS_SCOPEDCONTENTITEM, fkColumn=SCOPED_CONTENT_CONDITION_ID, pkColumn=ID) - start
170053 [main] DEBUG org.dbunit.database.search.AbstractMetaDataBasedSearchCallback  - Adding edge SCOPEDCONTENTCONDITIONS_SCOPEDCONTENTITEM(SCOPED_CONTENT_CONDITION_ID)->SCOPEDCONTENTCONDITION(ID)
170053 [main] DEBUG org.dbunit.util.search.Edge  - compareTo(o=SCOPEDCONTENTCONDITIONATTRIBUTE(SCOPEDCONTENTCONDITION)->SCOPEDCONTENTCONDITION(ID)) - start
170053 [main] DEBUG org.dbunit.util.search.Edge  - compareTo(o=SCOPEDCONTENTCONDITIONS_SCOPEDCONTENT(SCOPED_CONTENT_CONDITION_ID)->SCOPEDCONTENTCONDITION(ID)) - start
170053 [main] DEBUG org.dbunit.util.SQLHelper  - close(resultSet=org.apache.commons.dbcp.DelegatingResultSet@4d5c1512) - start
170053 [main] DEBUG org.dbunit.util.search.DepthFirstSearch  - search:SCOPEDCONTENTCONDITION
170053 [main] DEBUG org.dbunit.util.search.DepthFirstSearch  - already searched; returning true
170053 [main] DEBUG org.dbunit.util.search.DepthFirstSearch  - search:SCOPEDCONTENTCONDITION
170053 [main] DEBUG org.dbunit.util.search.DepthFirstSearch  - already searched; returning true
170053 [main] DEBUG org.dbunit.util.search.DepthFirstSearch  - search:SCOPEDCONTENTCONDITION
170053 [main] DEBUG org.dbunit.util.search.DepthFirstSearch  - already searched; returning true
170053 [main] DEBUG org.dbunit.util.search.DepthFirstSearch  - search:SCOPEDCONTENTCONDITION
170053 [main] DEBUG org.dbunit.util.search.DepthFirstSearch  - already searched; returning true
170053 [main] DEBUG org.dbunit.util.search.DepthFirstSearch  - Adding node SCOPEDCONTENTCONDITION to the final result
170053 [main] DEBUG org.dbunit.database.search.TablesDependencyHelper  - getDirectDependentTables(connection=_databaseConfig=org.dbunit.database.DatabaseConfig[, _propertyMap={http://www.dbunit.org/properties/statementFactory=org.dbunit.database.statement.PreparedStatementFactory@626bc2b8, http://www.dbunit.org/features/caseSensitiveTableNames=false, http://www.dbunit.org/properties/fetchSize=100, http://www.dbunit.org/features/batchedStatements=false, http://www.dbunit.org/properties/metadataHandler=org.dbunit.database.DefaultMetadataHandler@62baffef, http://www.dbunit.org/properties/datatypeFactory=org.dbunit.dataset.datatype.DefaultDataTypeFactory[_toleratedDeltaMap=org.dbunit.dataset.datatype.ToleratedDeltaMap@6452310a], http://www.dbunit.org/properties/escapePattern=null, http://www.dbunit.org/properties/batchSize=100, http://www.dbunit.org/features/qualifiedTableNames=false, http://www.dbunit.org/properties/tableType=[Ljava.lang.String;@5011bafa, http://www.dbunit.org/properties/resultSetTableFactory=org.dbunit.database.CachedResultSetTableFactory@10bcf083, http://www.dbunit.org/features/datatypeWarning=true}], _dataSet=AbstractDataSet[_orderedTableNameMap=null], tableName=SCOPEDCONTENTCONDITION) - start
170053 [main] DEBUG org.dbunit.util.search.DepthFirstSearch  - search(nodesFrom=[SCOPEDCONTENTCONDITION], callback=org.dbunit.database.search.ImportedKeysSearchCallback@77aee626) - start
170054 [main] DEBUG org.dbunit.util.CollectionsHelper  - objectsToSet(objects=SCOPEDCONTENTCONDITION) - start
170054 [main] DEBUG org.dbunit.util.search.DepthFirstSearch  - search(nodesFrom=[SCOPEDCONTENTCONDITION], callback=org.dbunit.database.search.ImportedKeysSearchCallback@77aee626) - start
170054 [main] DEBUG org.dbunit.util.search.DepthFirstSearch  - reverseSearch:SCOPEDCONTENTCONDITION
170054 [main] DEBUG org.dbunit.database.search.ImportedKeysSearchCallback  - searchNode(node=SCOPEDCONTENTCONDITION) - start
170054 [main] DEBUG org.dbunit.util.search.DepthFirstSearch  - Pushing (reverse) SCOPEDCONTENTCONDITION
170054 [main] DEBUG org.dbunit.database.search.ImportedKeysSearchCallback  - getEdges(node=SCOPEDCONTENTCONDITION) - start
170054 [main] DEBUG org.dbunit.database.search.AbstractMetaDataBasedSearchCallback  - getNodesFromImportedKeys(node=SCOPEDCONTENTCONDITION) - start
170054 [main] DEBUG org.dbunit.database.search.AbstractMetaDataBasedSearchCallback  - getNodes(type=0, node=SCOPEDCONTENTCONDITION) - start
170054 [main] DEBUG org.dbunit.database.DatabaseDataSourceConnection  - getConnection() - start
170054 [main] DEBUG org.dbunit.database.search.AbstractMetaDataBasedSearchCallback  - getNodes(type=0, node=SCOPEDCONTENTCONDITION, conn=Transaction-aware proxy for target Connection [jdbc:hsqldb:mem:kontrollDS, UserName=sw, HSQL Database Engine Driver], schema=null, metaData=org.apache.commons.dbcp.DelegatingDatabaseMetaData@7b88062c, edges=[]) - start
170054 [main] DEBUG org.dbunit.database.search.AbstractMetaDataBasedSearchCallback  - Getting edges for node SCOPEDCONTENTCONDITION
170054 [main] TRACE org.dbunit.database.DatabaseConfig  - getProperty(name=http://www.dbunit.org/properties/metadataHandler) - start
170054 [main] TRACE org.dbunit.database.DefaultMetadataHandler  - tableExists(metaData=org.apache.commons.dbcp.DelegatingDatabaseMetaData@7b88062c, schemaName=null, tableName=SCOPEDCONTENTCONDITION) - start
170055 [main] DEBUG org.dbunit.util.SQLHelper  - close(resultSet=org.apache.commons.dbcp.DelegatingResultSet@157b887e) - start
170055 [main] DEBUG org.dbunit.util.SQLHelper  - close(resultSet=org.apache.commons.dbcp.DelegatingResultSet@325f701a) - start
170055 [main] DEBUG org.dbunit.util.search.DepthFirstSearch  - search:SCOPEDCONTENTCONDITION
170055 [main] DEBUG org.dbunit.database.search.ImportedKeysSearchCallback  - searchNode(node=SCOPEDCONTENTCONDITION) - start
170055 [main] DEBUG org.dbunit.util.search.DepthFirstSearch  - Pushing SCOPEDCONTENTCONDITION
170055 [main] DEBUG org.dbunit.database.search.ImportedKeysSearchCallback  - getEdges(node=SCOPEDCONTENTCONDITION) - start
170055 [main] DEBUG org.dbunit.database.search.AbstractMetaDataBasedSearchCallback  - getNodesFromImportedKeys(node=SCOPEDCONTENTCONDITION) - start
170055 [main] DEBUG org.dbunit.database.search.AbstractMetaDataBasedSearchCallback  - getNodes(type=0, node=SCOPEDCONTENTCONDITION) - start
170055 [main] DEBUG org.dbunit.database.DatabaseDataSourceConnection  - getConnection() - start
170056 [main] DEBUG org.dbunit.database.search.AbstractMetaDataBasedSearchCallback  - getNodes(type=0, node=SCOPEDCONTENTCONDITION, conn=Transaction-aware proxy for target Connection [jdbc:hsqldb:mem:kontrollDS, UserName=sw, HSQL Database Engine Driver], schema=null, metaData=org.apache.commons.dbcp.DelegatingDatabaseMetaData@17b8d4cc, edges=[]) - start
170056 [main] DEBUG org.dbunit.database.search.AbstractMetaDataBasedSearchCallback  - Getting edges for node SCOPEDCONTENTCONDITION
170056 [main] TRACE org.dbunit.database.DatabaseConfig  - getProperty(name=http://www.dbunit.org/properties/metadataHandler) - start
170056 [main] TRACE org.dbunit.database.DefaultMetadataHandler  - tableExists(metaData=org.apache.commons.dbcp.DelegatingDatabaseMetaData@17b8d4cc, schemaName=null, tableName=SCOPEDCONTENTCONDITION) - start
170057 [main] DEBUG org.dbunit.util.SQLHelper  - close(resultSet=org.apache.commons.dbcp.DelegatingResultSet@5add5a95) - start
170057 [main] DEBUG org.dbunit.util.SQLHelper  - close(resultSet=org.apache.commons.dbcp.DelegatingResultSet@4569c782) - start
170057 [main] DEBUG org.dbunit.util.search.DepthFirstSearch  - Adding node SCOPEDCONTENTCONDITION to the final result
170057 [main] DEBUG org.dbunit.database.DatabaseSequenceFilter  - getDependencyInfo(connection=_databaseConfig=org.dbunit.database.DatabaseConfig[, _propertyMap={http://www.dbunit.org/properties/statementFactory=org.dbunit.database.statement.PreparedStatementFactory@626bc2b8, http://www.dbunit.org/features/caseSensitiveTableNames=false, http://www.dbunit.org/properties/fetchSize=100, http://www.dbunit.org/features/batchedStatements=false, http://www.dbunit.org/properties/metadataHandler=org.dbunit.database.DefaultMetadataHandler@62baffef, http://www.dbunit.org/properties/datatypeFactory=org.dbunit.dataset.datatype.DefaultDataTypeFactory[_toleratedDeltaMap=org.dbunit.dataset.datatype.ToleratedDeltaMap@6452310a], http://www.dbunit.org/properties/escapePattern=null, http://www.dbunit.org/properties/batchSize=100, http://www.dbunit.org/features/qualifiedTableNames=false, http://www.dbunit.org/properties/tableType=[Ljava.lang.String;@5011bafa, http://www.dbunit.org/properties/resultSetTableFactory=org.dbunit.database.CachedResultSetTableFactory@10bcf083, http://www.dbunit.org/features/datatypeWarning=true}], _dataSet=AbstractDataSet[_orderedTableNameMap=null], tableName=SCOPEDCONTENTCONDITIONATTRIBUTE) - start
170057 [main] DEBUG org.dbunit.database.search.TablesDependencyHelper  - getDependentTables(connection=_databaseConfig=org.dbunit.database.DatabaseConfig[, _propertyMap={http://www.dbunit.org/properties/statementFactory=org.dbunit.database.statement.PreparedStatementFactory@626bc2b8, http://www.dbunit.org/features/caseSensitiveTableNames=false, http://www.dbunit.org/properties/fetchSize=100, http://www.dbunit.org/features/batchedStatements=false, http://www.dbunit.org/properties/metadataHandler=org.dbunit.database.DefaultMetadataHandler@62baffef, http://www.dbunit.org/properties/datatypeFactory=org.dbunit.dataset.datatype.DefaultDataTypeFactory[_toleratedDeltaMap=org.dbunit.dataset.datatype.ToleratedDeltaMap@6452310a], http://www.dbunit.org/properties/escapePattern=null, http://www.dbunit.org/properties/batchSize=100, http://www.dbunit.org/features/qualifiedTableNames=false, http://www.dbunit.org/properties/tableType=[Ljava.lang.String;@5011bafa, http://www.dbunit.org/properties/resultSetTableFactory=org.dbunit.database.CachedResultSetTableFactory@10bcf083, http://www.dbunit.org/features/datatypeWarning=true}], _dataSet=AbstractDataSet[_orderedTableNameMap=null], rootTable=SCOPEDCONTENTCONDITIONATTRIBUTE) - start
170057 [main] DEBUG org.dbunit.database.search.TablesDependencyHelper  - getDependentTables(connection=_databaseConfig=org.dbunit.database.DatabaseConfig[, _propertyMap={http://www.dbunit.org/properties/statementFactory=org.dbunit.database.statement.PreparedStatementFactory@626bc2b8, http://www.dbunit.org/features/caseSensitiveTableNames=false, http://www.dbunit.org/properties/fetchSize=100, http://www.dbunit.org/features/batchedStatements=false, http://www.dbunit.org/properties/metadataHandler=org.dbunit.database.DefaultMetadataHandler@62baffef, http://www.dbunit.org/properties/datatypeFactory=org.dbunit.dataset.datatype.DefaultDataTypeFactory[_toleratedDeltaMap=org.dbunit.dataset.datatype.ToleratedDeltaMap@6452310a], http://www.dbunit.org/properties/escapePattern=null, http://www.dbunit.org/properties/batchSize=100, http://www.dbunit.org/features/qualifiedTableNames=false, http://www.dbunit.org/properties/tableType=[Ljava.lang.String;@5011bafa, http://www.dbunit.org/properties/resultSetTableFactory=org.dbunit.database.CachedResultSetTableFactory@10bcf083, http://www.dbunit.org/features/datatypeWarning=true}], _dataSet=AbstractDataSet[_orderedTableNameMap=null], rootTables=[SCOPEDCONTENTCONDITIONATTRIBUTE]) - start
170057 [main] DEBUG org.dbunit.util.search.DepthFirstSearch  - search(nodesFrom=[SCOPEDCONTENTCONDITIONATTRIBUTE], callback=org.dbunit.database.search.ImportedKeysSearchCallback@3f95ab22) - start
170058 [main] DEBUG org.dbunit.util.CollectionsHelper  - objectsToSet(objects=SCOPEDCONTENTCONDITIONATTRIBUTE) - start
170058 [main] DEBUG org.dbunit.util.search.DepthFirstSearch  - search(nodesFrom=[SCOPEDCONTENTCONDITIONATTRIBUTE], callback=org.dbunit.database.search.ImportedKeysSearchCallback@3f95ab22) - start
170058 [main] DEBUG org.dbunit.util.search.DepthFirstSearch  - reverseSearch:SCOPEDCONTENTCONDITIONATTRIBUTE
170058 [main] DEBUG org.dbunit.database.search.ImportedKeysSearchCallback  - searchNode(node=SCOPEDCONTENTCONDITIONATTRIBUTE) - start
170058 [main] DEBUG org.dbunit.util.search.DepthFirstSearch  - Pushing (reverse) SCOPEDCONTENTCONDITIONATTRIBUTE
170058 [main] DEBUG org.dbunit.database.search.ImportedKeysSearchCallback  - getEdges(node=SCOPEDCONTENTCONDITIONATTRIBUTE) - start
170058 [main] DEBUG org.dbunit.database.search.AbstractMetaDataBasedSearchCallback  - getNodesFromImportedKeys(node=SCOPEDCONTENTCONDITIONATTRIBUTE) - start
170058 [main] DEBUG org.dbunit.database.search.AbstractMetaDataBasedSearchCallback  - getNodes(type=0, node=SCOPEDCONTENTCONDITIONATTRIBUTE) - start
170058 [main] DEBUG org.dbunit.database.DatabaseDataSourceConnection  - getConnection() - start
170058 [main] DEBUG org.dbunit.database.search.AbstractMetaDataBasedSearchCallback  - getNodes(type=0, node=SCOPEDCONTENTCONDITIONATTRIBUTE, conn=Transaction-aware proxy for target Connection [jdbc:hsqldb:mem:kontrollDS, UserName=sw, HSQL Database Engine Driver], schema=null, metaData=org.apache.commons.dbcp.DelegatingDatabaseMetaData@7b1665ca, edges=[]) - start
170058 [main] DEBUG org.dbunit.database.search.AbstractMetaDataBasedSearchCallback  - Getting edges for node SCOPEDCONTENTCONDITIONATTRIBUTE
170058 [main] TRACE org.dbunit.database.DatabaseConfig  - getProperty(name=http://www.dbunit.org/properties/metadataHandler) - start
170058 [main] TRACE org.dbunit.database.DefaultMetadataHandler  - tableExists(metaData=org.apache.commons.dbcp.DelegatingDatabaseMetaData@7b1665ca, schemaName=null, tableName=SCOPEDCONTENTCONDITIONATTRIBUTE) - start
170059 [main] DEBUG org.dbunit.util.SQLHelper  - close(resultSet=org.apache.commons.dbcp.DelegatingResultSet@3a326603) - start
170059 [main] DEBUG org.dbunit.util.QualifiedTableName  - getQualifiedNameIfEnabled(config=org.dbunit.database.DatabaseConfig[, _propertyMap={http://www.dbunit.org/properties/statementFactory=org.dbunit.database.statement.PreparedStatementFactory@626bc2b8, http://www.dbunit.org/features/caseSensitiveTableNames=false, http://www.dbunit.org/properties/fetchSize=100, http://www.dbunit.org/features/batchedStatements=false, http://www.dbunit.org/properties/metadataHandler=org.dbunit.database.DefaultMetadataHandler@62baffef, http://www.dbunit.org/properties/datatypeFactory=org.dbunit.dataset.datatype.DefaultDataTypeFactory[_toleratedDeltaMap=org.dbunit.dataset.datatype.ToleratedDeltaMap@6452310a], http://www.dbunit.org/properties/escapePattern=null, http://www.dbunit.org/properties/batchSize=100, http://www.dbunit.org/features/qualifiedTableNames=false, http://www.dbunit.org/properties/tableType=[Ljava.lang.String;@5011bafa, http://www.dbunit.org/properties/resultSetTableFactory=org.dbunit.database.CachedResultSetTableFactory@10bcf083, http://www.dbunit.org/features/datatypeWarning=true}]) - start
170059 [main] TRACE org.dbunit.database.DatabaseConfig  - getFeature(name=http://www.dbunit.org/features/qualifiedTableNames) - start
170059 [main] TRACE org.dbunit.database.DatabaseConfig  - getProperty(name=http://www.dbunit.org/features/qualifiedTableNames) - start
170059 [main] DEBUG org.dbunit.util.QualifiedTableName  - Qualified table names feature is disabled. Returning plain table name
170059 [main] DEBUG org.dbunit.util.QualifiedTableName  - getQualifiedName(prefix=null, name=SCOPEDCONTENTCONDITIONATTRIBUTE, escapePattern=null) - start
170059 [main] DEBUG org.dbunit.util.QualifiedTableName  - getQualifiedNameIfEnabled(config=org.dbunit.database.DatabaseConfig[, _propertyMap={http://www.dbunit.org/properties/statementFactory=org.dbunit.database.statement.PreparedStatementFactory@626bc2b8, http://www.dbunit.org/features/caseSensitiveTableNames=false, http://www.dbunit.org/properties/fetchSize=100, http://www.dbunit.org/features/batchedStatements=false, http://www.dbunit.org/properties/metadataHandler=org.dbunit.database.DefaultMetadataHandler@62baffef, http://www.dbunit.org/properties/datatypeFactory=org.dbunit.dataset.datatype.DefaultDataTypeFactory[_toleratedDeltaMap=org.dbunit.dataset.datatype.ToleratedDeltaMap@6452310a], http://www.dbunit.org/properties/escapePattern=null, http://www.dbunit.org/properties/batchSize=100, http://www.dbunit.org/features/qualifiedTableNames=false, http://www.dbunit.org/properties/tableType=[Ljava.lang.String;@5011bafa, http://www.dbunit.org/properties/resultSetTableFactory=org.dbunit.database.CachedResultSetTableFactory@10bcf083, http://www.dbunit.org/features/datatypeWarning=true}]) - start
170059 [main] TRACE org.dbunit.database.DatabaseConfig  - getFeature(name=http://www.dbunit.org/features/qualifiedTableNames) - start
170059 [main] TRACE org.dbunit.database.DatabaseConfig  - getProperty(name=http://www.dbunit.org/features/qualifiedTableNames) - start
170059 [main] DEBUG org.dbunit.util.QualifiedTableName  - Qualified table names feature is disabled. Returning plain table name
170060 [main] DEBUG org.dbunit.util.QualifiedTableName  - getQualifiedName(prefix=null, name=SCOPEDCONTENTCONDITION, escapePattern=null) - start
170060 [main] DEBUG org.dbunit.database.search.AbstractMetaDataBasedSearchCallback  - newEdge(rs=org.apache.commons.dbcp.DelegatingResultSet@32b86aa2, type=0, from=SCOPEDCONTENTCONDITIONATTRIBUTE, to=SCOPEDCONTENTCONDITION, fkColumn=SCOPEDCONTENTCONDITION, pkColumn=ID) - start
170060 [main] DEBUG org.dbunit.database.search.AbstractMetaDataBasedSearchCallback  - createFKEdge(rs=org.apache.commons.dbcp.DelegatingResultSet@32b86aa2, type=0, from=SCOPEDCONTENTCONDITIONATTRIBUTE, to=SCOPEDCONTENTCONDITION, fkColumn=SCOPEDCONTENTCONDITION, pkColumn=ID) - start
170060 [main] DEBUG org.dbunit.database.search.AbstractMetaDataBasedSearchCallback  - Adding edge SCOPEDCONTENTCONDITIONATTRIBUTE(SCOPEDCONTENTCONDITION)->SCOPEDCONTENTCONDITION(ID)
170060 [main] DEBUG org.dbunit.util.search.Edge  - compareTo(o=SCOPEDCONTENTCONDITIONATTRIBUTE(SCOPEDCONTENTCONDITION)->SCOPEDCONTENTCONDITION(ID)) - start
170060 [main] DEBUG org.dbunit.util.SQLHelper  - close(resultSet=org.apache.commons.dbcp.DelegatingResultSet@32b86aa2) - start
170060 [main] DEBUG org.dbunit.util.search.DepthFirstSearch  - search:SCOPEDCONTENTCONDITIONATTRIBUTE
170060 [main] DEBUG org.dbunit.database.search.ImportedKeysSearchCallback  - searchNode(node=SCOPEDCONTENTCONDITIONATTRIBUTE) - start
170060 [main] DEBUG org.dbunit.util.search.DepthFirstSearch  - Pushing SCOPEDCONTENTCONDITIONATTRIBUTE
170060 [main] DEBUG org.dbunit.database.search.ImportedKeysSearchCallback  - getEdges(node=SCOPEDCONTENTCONDITIONATTRIBUTE) - start
170060 [main] DEBUG org.dbunit.database.search.AbstractMetaDataBasedSearchCallback  - getNodesFromImportedKeys(node=SCOPEDCONTENTCONDITIONATTRIBUTE) - start
170060 [main] DEBUG org.dbunit.database.search.AbstractMetaDataBasedSearchCallback  - getNodes(type=0, node=SCOPEDCONTENTCONDITIONATTRIBUTE) - start
170060 [main] DEBUG org.dbunit.database.DatabaseDataSourceConnection  - getConnection() - start
170060 [main] DEBUG org.dbunit.database.search.AbstractMetaDataBasedSearchCallback  - getNodes(type=0, node=SCOPEDCONTENTCONDITIONATTRIBUTE, conn=Transaction-aware proxy for target Connection [jdbc:hsqldb:mem:kontrollDS, UserName=sw, HSQL Database Engine Driver], schema=null, metaData=org.apache.commons.dbcp.DelegatingDatabaseMetaData@6960cbb1, edges=[]) - start
170060 [main] DEBUG org.dbunit.database.search.AbstractMetaDataBasedSearchCallback  - Getting edges for node SCOPEDCONTENTCONDITIONATTRIBUTE
170060 [main] TRACE org.dbunit.database.DatabaseConfig  - getProperty(name=http://www.dbunit.org/properties/metadataHandler) - start
170060 [main] TRACE org.dbunit.database.DefaultMetadataHandler  - tableExists(metaData=org.apache.commons.dbcp.DelegatingDatabaseMetaData@6960cbb1, schemaName=null, tableName=SCOPEDCONTENTCONDITIONATTRIBUTE) - start
170061 [main] DEBUG org.dbunit.util.SQLHelper  - close(resultSet=org.apache.commons.dbcp.DelegatingResultSet@6185372) - start
170061 [main] DEBUG org.dbunit.util.QualifiedTableName  - getQualifiedNameIfEnabled(config=org.dbunit.database.DatabaseConfig[, _propertyMap={http://www.dbunit.org/properties/statementFactory=org.dbunit.database.statement.PreparedStatementFactory@626bc2b8, http://www.dbunit.org/features/caseSensitiveTableNames=false, http://www.dbunit.org/properties/fetchSize=100, http://www.dbunit.org/features/batchedStatements=false, http://www.dbunit.org/properties/metadataHandler=org.dbunit.database.DefaultMetadataHandler@62baffef, http://www.dbunit.org/properties/datatypeFactory=org.dbunit.dataset.datatype.DefaultDataTypeFactory[_toleratedDeltaMap=org.dbunit.dataset.datatype.ToleratedDeltaMap@6452310a], http://www.dbunit.org/properties/escapePattern=null, http://www.dbunit.org/properties/batchSize=100, http://www.dbunit.org/features/qualifiedTableNames=false, http://www.dbunit.org/properties/tableType=[Ljava.lang.String;@5011bafa, http://www.dbunit.org/properties/resultSetTableFactory=org.dbunit.database.CachedResultSetTableFactory@10bcf083, http://www.dbunit.org/features/datatypeWarning=true}]) - start
170061 [main] TRACE org.dbunit.database.DatabaseConfig  - getFeature(name=http://www.dbunit.org/features/qualifiedTableNames) - start
170061 [main] TRACE org.dbunit.database.DatabaseConfig  - getProperty(name=http://www.dbunit.org/features/qualifiedTableNames) - start
170061 [main] DEBUG org.dbunit.util.QualifiedTableName  - Qualified table names feature is disabled. Returning plain table name
170062 [main] DEBUG org.dbunit.util.QualifiedTableName  - getQualifiedName(prefix=null, name=SCOPEDCONTENTCONDITIONATTRIBUTE, escapePattern=null) - start
170062 [main] DEBUG org.dbunit.util.QualifiedTableName  - getQualifiedNameIfEnabled(config=org.dbunit.database.DatabaseConfig[, _propertyMap={http://www.dbunit.org/properties/statementFactory=org.dbunit.database.statement.PreparedStatementFactory@626bc2b8, http://www.dbunit.org/features/caseSensitiveTableNames=false, http://www.dbunit.org/properties/fetchSize=100, http://www.dbunit.org/features/batchedStatements=false, http://www.dbunit.org/properties/metadataHandler=org.dbunit.database.DefaultMetadataHandler@62baffef, http://www.dbunit.org/properties/datatypeFactory=org.dbunit.dataset.datatype.DefaultDataTypeFactory[_toleratedDeltaMap=org.dbunit.dataset.datatype.ToleratedDeltaMap@6452310a], http://www.dbunit.org/properties/escapePattern=null, http://www.dbunit.org/properties/batchSize=100, http://www.dbunit.org/features/qualifiedTableNames=false, http://www.dbunit.org/properties/tableType=[Ljava.lang.String;@5011bafa, http://www.dbunit.org/properties/resultSetTableFactory=org.dbunit.database.CachedResultSetTableFactory@10bcf083, http://www.dbunit.org/features/datatypeWarning=true}]) - start
170062 [main] TRACE org.dbunit.database.DatabaseConfig  - getFeature(name=http://www.dbunit.org/features/qualifiedTableNames) - start
170062 [main] TRACE org.dbunit.database.DatabaseConfig  - getProperty(name=http://www.dbunit.org/features/qualifiedTableNames) - start
170062 [main] DEBUG org.dbunit.util.QualifiedTableName  - Qualified table names feature is disabled. Returning plain table name
170062 [main] DEBUG org.dbunit.util.QualifiedTableName  - getQualifiedName(prefix=null, name=SCOPEDCONTENTCONDITION, escapePattern=null) - start
170062 [main] DEBUG org.dbunit.database.search.AbstractMetaDataBasedSearchCallback  - newEdge(rs=org.apache.commons.dbcp.DelegatingResultSet@21e7a03a, type=0, from=SCOPEDCONTENTCONDITIONATTRIBUTE, to=SCOPEDCONTENTCONDITION, fkColumn=SCOPEDCONTENTCONDITION, pkColumn=ID) - start
170062 [main] DEBUG org.dbunit.database.search.AbstractMetaDataBasedSearchCallback  - createFKEdge(rs=org.apache.commons.dbcp.DelegatingResultSet@21e7a03a, type=0, from=SCOPEDCONTENTCONDITIONATTRIBUTE, to=SCOPEDCONTENTCONDITION, fkColumn=SCOPEDCONTENTCONDITION, pkColumn=ID) - start
170062 [main] DEBUG org.dbunit.database.search.AbstractMetaDataBasedSearchCallback  - Adding edge SCOPEDCONTENTCONDITIONATTRIBUTE(SCOPEDCONTENTCONDITION)->SCOPEDCONTENTCONDITION(ID)
170062 [main] DEBUG org.dbunit.util.search.Edge  - compareTo(o=SCOPEDCONTENTCONDITIONATTRIBUTE(SCOPEDCONTENTCONDITION)->SCOPEDCONTENTCONDITION(ID)) - start
170062 [main] DEBUG org.dbunit.util.SQLHelper  - close(resultSet=org.apache.commons.dbcp.DelegatingResultSet@21e7a03a) - start
170062 [main] DEBUG org.dbunit.util.search.DepthFirstSearch  - search:SCOPEDCONTENTCONDITION
170062 [main] DEBUG org.dbunit.database.search.ImportedKeysSearchCallback  - searchNode(node=SCOPEDCONTENTCONDITION) - start
170062 [main] DEBUG org.dbunit.util.search.DepthFirstSearch  - Pushing SCOPEDCONTENTCONDITION
170062 [main] DEBUG org.dbunit.database.search.ImportedKeysSearchCallback  - getEdges(node=SCOPEDCONTENTCONDITION) - start
170062 [main] DEBUG org.dbunit.database.search.AbstractMetaDataBasedSearchCallback  - getNodesFromImportedKeys(node=SCOPEDCONTENTCONDITION) - start
170062 [main] DEBUG org.dbunit.database.search.AbstractMetaDataBasedSearchCallback  - getNodes(type=0, node=SCOPEDCONTENTCONDITION) - start
170062 [main] DEBUG org.dbunit.database.DatabaseDataSourceConnection  - getConnection() - start
170062 [main] DEBUG org.dbunit.database.search.AbstractMetaDataBasedSearchCallback  - getNodes(type=0, node=SCOPEDCONTENTCONDITION, conn=Transaction-aware proxy for target Connection [jdbc:hsqldb:mem:kontrollDS, UserName=sw, HSQL Database Engine Driver], schema=null, metaData=org.apache.commons.dbcp.DelegatingDatabaseMetaData@6dc85139, edges=[]) - start
170062 [main] DEBUG org.dbunit.database.search.AbstractMetaDataBasedSearchCallback  - Getting edges for node SCOPEDCONTENTCONDITION
170062 [main] TRACE org.dbunit.database.DatabaseConfig  - getProperty(name=http://www.dbunit.org/properties/metadataHandler) - start
170062 [main] TRACE org.dbunit.database.DefaultMetadataHandler  - tableExists(metaData=org.apache.commons.dbcp.DelegatingDatabaseMetaData@6dc85139, schemaName=null, tableName=SCOPEDCONTENTCONDITION) - start
170063 [main] DEBUG org.dbunit.util.SQLHelper  - close(resultSet=org.apache.commons.dbcp.DelegatingResultSet@40122845) - start
170064 [main] DEBUG org.dbunit.util.SQLHelper  - close(resultSet=org.apache.commons.dbcp.DelegatingResultSet@70530bd9) - start
170064 [main] DEBUG org.dbunit.util.search.DepthFirstSearch  - Adding node SCOPEDCONTENTCONDITION to the final result
170064 [main] DEBUG org.dbunit.util.search.DepthFirstSearch  - Adding node SCOPEDCONTENTCONDITIONATTRIBUTE to the final result
170064 [main] DEBUG org.dbunit.util.search.DepthFirstSearch  - reverseSearch:SCOPEDCONTENTCONDITION
170064 [main] DEBUG org.dbunit.database.search.ImportedKeysSearchCallback  - searchNode(node=SCOPEDCONTENTCONDITION) - start
170064 [main] DEBUG org.dbunit.util.search.DepthFirstSearch  - Pushing (reverse) SCOPEDCONTENTCONDITION
170064 [main] DEBUG org.dbunit.database.search.ImportedKeysSearchCallback  - getEdges(node=SCOPEDCONTENTCONDITION) - start
170064 [main] DEBUG org.dbunit.database.search.AbstractMetaDataBasedSearchCallback  - getNodesFromImportedKeys(node=SCOPEDCONTENTCONDITION) - start
170064 [main] DEBUG org.dbunit.database.search.AbstractMetaDataBasedSearchCallback  - getNodes(type=0, node=SCOPEDCONTENTCONDITION) - start
170064 [main] DEBUG org.dbunit.database.DatabaseDataSourceConnection  - getConnection() - start
170064 [main] DEBUG org.dbunit.database.search.AbstractMetaDataBasedSearchCallback  - getNodes(type=0, node=SCOPEDCONTENTCONDITION, conn=Transaction-aware proxy for target Connection [jdbc:hsqldb:mem:kontrollDS, UserName=sw, HSQL Database Engine Driver], schema=null, metaData=org.apache.commons.dbcp.DelegatingDatabaseMetaData@5c2f0d2b, edges=[]) - start
170064 [main] DEBUG org.dbunit.database.search.AbstractMetaDataBasedSearchCallback  - Getting edges for node SCOPEDCONTENTCONDITION
170064 [main] TRACE org.dbunit.database.DatabaseConfig  - getProperty(name=http://www.dbunit.org/properties/metadataHandler) - start
170064 [main] TRACE org.dbunit.database.DefaultMetadataHandler  - tableExists(metaData=org.apache.commons.dbcp.DelegatingDatabaseMetaData@5c2f0d2b, schemaName=null, tableName=SCOPEDCONTENTCONDITION) - start
170065 [main] DEBUG org.dbunit.util.SQLHelper  - close(resultSet=org.apache.commons.dbcp.DelegatingResultSet@2f594e3d) - start
170065 [main] DEBUG org.dbunit.util.SQLHelper  - close(resultSet=org.apache.commons.dbcp.DelegatingResultSet@c04e251) - start
170065 [main] DEBUG org.dbunit.util.search.DepthFirstSearch  - reverseSearch:SCOPEDCONTENTCONDITIONATTRIBUTE
170065 [main] DEBUG org.dbunit.util.search.DepthFirstSearch  - already searched; returning true
170065 [main] DEBUG org.dbunit.util.search.DepthFirstSearch  - search:SCOPEDCONTENTCONDITIONATTRIBUTE
170065 [main] DEBUG org.dbunit.util.search.DepthFirstSearch  - already searched; returning true
170065 [main] DEBUG org.dbunit.util.search.DepthFirstSearch  - search:SCOPEDCONTENTCONDITION
170065 [main] DEBUG org.dbunit.util.search.DepthFirstSearch  - already searched; returning true
170065 [main] DEBUG org.dbunit.util.CollectionsHelper  - setToStrings(set=[SCOPEDCONTENTCONDITION, SCOPEDCONTENTCONDITIONATTRIBUTE]) - start
170066 [main] DEBUG org.dbunit.database.search.TablesDependencyHelper  - getDependsOnTables(connection=_databaseConfig=org.dbunit.database.DatabaseConfig[, _propertyMap={http://www.dbunit.org/properties/statementFactory=org.dbunit.database.statement.PreparedStatementFactory@626bc2b8, http://www.dbunit.org/features/caseSensitiveTableNames=false, http://www.dbunit.org/properties/fetchSize=100, http://www.dbunit.org/features/batchedStatements=false, http://www.dbunit.org/properties/metadataHandler=org.dbunit.database.DefaultMetadataHandler@62baffef, http://www.dbunit.org/properties/datatypeFactory=org.dbunit.dataset.datatype.DefaultDataTypeFactory[_toleratedDeltaMap=org.dbunit.dataset.datatype.ToleratedDeltaMap@6452310a], http://www.dbunit.org/properties/escapePattern=null, http://www.dbunit.org/properties/batchSize=100, http://www.dbunit.org/features/qualifiedTableNames=false, http://www.dbunit.org/properties/tableType=[Ljava.lang.String;@5011bafa, http://www.dbunit.org/properties/resultSetTableFactory=org.dbunit.database.CachedResultSetTableFactory@10bcf083, http://www.dbunit.org/features/datatypeWarning=true}], _dataSet=AbstractDataSet[_orderedTableNameMap=null], rootTable=SCOPEDCONTENTCONDITIONATTRIBUTE) - start
170066 [main] DEBUG org.dbunit.util.search.DepthFirstSearch  - search(nodesFrom=[SCOPEDCONTENTCONDITIONATTRIBUTE], callback=org.dbunit.database.search.ExportedKeysSearchCallback@2d2a223e) - start
170066 [main] DEBUG org.dbunit.util.CollectionsHelper  - objectsToSet(objects=SCOPEDCONTENTCONDITIONATTRIBUTE) - start
170066 [main] DEBUG org.dbunit.util.search.DepthFirstSearch  - search(nodesFrom=[SCOPEDCONTENTCONDITIONATTRIBUTE], callback=org.dbunit.database.search.ExportedKeysSearchCallback@2d2a223e) - start
170066 [main] DEBUG org.dbunit.util.search.DepthFirstSearch  - reverseSearch:SCOPEDCONTENTCONDITIONATTRIBUTE
170066 [main] DEBUG org.dbunit.database.search.ExportedKeysSearchCallback  - searchNode(node=SCOPEDCONTENTCONDITIONATTRIBUTE) - start
170066 [main] DEBUG org.dbunit.util.search.DepthFirstSearch  - Pushing (reverse) SCOPEDCONTENTCONDITIONATTRIBUTE
170066 [main] DEBUG org.dbunit.database.search.ExportedKeysSearchCallback  - getEdges(node=SCOPEDCONTENTCONDITIONATTRIBUTE) - start
170066 [main] DEBUG org.dbunit.database.search.AbstractMetaDataBasedSearchCallback  - getNodesFromExportedKeys(node=SCOPEDCONTENTCONDITIONATTRIBUTE) - start
170066 [main] DEBUG org.dbunit.database.search.AbstractMetaDataBasedSearchCallback  - getNodes(type=1, node=SCOPEDCONTENTCONDITIONATTRIBUTE) - start
170066 [main] DEBUG org.dbunit.database.DatabaseDataSourceConnection  - getConnection() - start
170066 [main] DEBUG org.dbunit.database.search.AbstractMetaDataBasedSearchCallback  - getNodes(type=1, node=SCOPEDCONTENTCONDITIONATTRIBUTE, conn=Transaction-aware proxy for target Connection [jdbc:hsqldb:mem:kontrollDS, UserName=sw, HSQL Database Engine Driver], schema=null, metaData=org.apache.commons.dbcp.DelegatingDatabaseMetaData@292e2b9c, edges=[]) - start
170066 [main] DEBUG org.dbunit.database.search.AbstractMetaDataBasedSearchCallback  - Getting edges for node SCOPEDCONTENTCONDITIONATTRIBUTE
170066 [main] TRACE org.dbunit.database.DatabaseConfig  - getProperty(name=http://www.dbunit.org/properties/metadataHandler) - start
170066 [main] TRACE org.dbunit.database.DefaultMetadataHandler  - tableExists(metaData=org.apache.commons.dbcp.DelegatingDatabaseMetaData@292e2b9c, schemaName=null, tableName=SCOPEDCONTENTCONDITIONATTRIBUTE) - start
170067 [main] DEBUG org.dbunit.util.SQLHelper  - close(resultSet=org.apache.commons.dbcp.DelegatingResultSet@742b1776) - start
170067 [main] DEBUG org.dbunit.util.SQLHelper  - close(resultSet=org.apache.commons.dbcp.DelegatingResultSet@2bcda28e) - start
170067 [main] DEBUG org.dbunit.util.search.DepthFirstSearch  - search:SCOPEDCONTENTCONDITIONATTRIBUTE
170067 [main] DEBUG org.dbunit.database.search.ExportedKeysSearchCallback  - searchNode(node=SCOPEDCONTENTCONDITIONATTRIBUTE) - start
170067 [main] DEBUG org.dbunit.util.search.DepthFirstSearch  - Pushing SCOPEDCONTENTCONDITIONATTRIBUTE
170068 [main] DEBUG org.dbunit.database.search.ExportedKeysSearchCallback  - getEdges(node=SCOPEDCONTENTCONDITIONATTRIBUTE) - start
170068 [main] DEBUG org.dbunit.database.search.AbstractMetaDataBasedSearchCallback  - getNodesFromExportedKeys(node=SCOPEDCONTENTCONDITIONATTRIBUTE) - start
170068 [main] DEBUG org.dbunit.database.search.AbstractMetaDataBasedSearchCallback  - getNodes(type=1, node=SCOPEDCONTENTCONDITIONATTRIBUTE) - start
170068 [main] DEBUG org.dbunit.database.DatabaseDataSourceConnection  - getConnection() - start
170068 [main] DEBUG org.dbunit.database.search.AbstractMetaDataBasedSearchCallback  - getNodes(type=1, node=SCOPEDCONTENTCONDITIONATTRIBUTE, conn=Transaction-aware proxy for target Connection [jdbc:hsqldb:mem:kontrollDS, UserName=sw, HSQL Database Engine Driver], schema=null, metaData=org.apache.commons.dbcp.DelegatingDatabaseMetaData@496b2f19, edges=[]) - start
170068 [main] DEBUG org.dbunit.database.search.AbstractMetaDataBasedSearchCallback  - Getting edges for node SCOPEDCONTENTCONDITIONATTRIBUTE
170068 [main] TRACE org.dbunit.database.DatabaseConfig  - getProperty(name=http://www.dbunit.org/properties/metadataHandler) - start
170068 [main] TRACE org.dbunit.database.DefaultMetadataHandler  - tableExists(metaData=org.apache.commons.dbcp.DelegatingDatabaseMetaData@496b2f19, schemaName=null, tableName=SCOPEDCONTENTCONDITIONATTRIBUTE) - start
170069 [main] DEBUG org.dbunit.util.SQLHelper  - close(resultSet=org.apache.commons.dbcp.DelegatingResultSet@5f21476d) - start
170069 [main] DEBUG org.dbunit.util.SQLHelper  - close(resultSet=org.apache.commons.dbcp.DelegatingResultSet@2a244ffc) - start
170069 [main] DEBUG org.dbunit.util.search.DepthFirstSearch  - Adding node SCOPEDCONTENTCONDITIONATTRIBUTE to the final result
170069 [main] DEBUG org.dbunit.util.CollectionsHelper  - setToStrings(set=[SCOPEDCONTENTCONDITIONATTRIBUTE]) - start
170069 [main] DEBUG org.dbunit.database.search.TablesDependencyHelper  - getDirectDependsOnTables(connection=_databaseConfig=org.dbunit.database.DatabaseConfig[, _propertyMap={http://www.dbunit.org/properties/statementFactory=org.dbunit.database.statement.PreparedStatementFactory@626bc2b8, http://www.dbunit.org/features/caseSensitiveTableNames=false, http://www.dbunit.org/properties/fetchSize=100, http://www.dbunit.org/features/batchedStatements=false, http://www.dbunit.org/properties/metadataHandler=org.dbunit.database.DefaultMetadataHandler@62baffef, http://www.dbunit.org/properties/datatypeFactory=org.dbunit.dataset.datatype.DefaultDataTypeFactory[_toleratedDeltaMap=org.dbunit.dataset.datatype.ToleratedDeltaMap@6452310a], http://www.dbunit.org/properties/escapePattern=null, http://www.dbunit.org/properties/batchSize=100, http://www.dbunit.org/features/qualifiedTableNames=false, http://www.dbunit.org/properties/tableType=[Ljava.lang.String;@5011bafa, http://www.dbunit.org/properties/resultSetTableFactory=org.dbunit.database.CachedResultSetTableFactory@10bcf083, http://www.dbunit.org/features/datatypeWarning=true}], _dataSet=AbstractDataSet[_orderedTableNameMap=null], tableName=SCOPEDCONTENTCONDITIONATTRIBUTE) - start
170069 [main] DEBUG org.dbunit.util.search.DepthFirstSearch  - search(nodesFrom=[SCOPEDCONTENTCONDITIONATTRIBUTE], callback=org.dbunit.database.search.ExportedKeysSearchCallback@8817659) - start
170069 [main] DEBUG org.dbunit.util.CollectionsHelper  - objectsToSet(objects=SCOPEDCONTENTCONDITIONATTRIBUTE) - start
170069 [main] DEBUG org.dbunit.util.search.DepthFirstSearch  - search(nodesFrom=[SCOPEDCONTENTCONDITIONATTRIBUTE], callback=org.dbunit.database.search.ExportedKeysSearchCallback@8817659) - start
170069 [main] DEBUG org.dbunit.util.search.DepthFirstSearch  - reverseSearch:SCOPEDCONTENTCONDITIONATTRIBUTE
170069 [main] DEBUG org.dbunit.database.search.ExportedKeysSearchCallback  - searchNode(node=SCOPEDCONTENTCONDITIONATTRIBUTE) - start
170069 [main] DEBUG org.dbunit.util.search.DepthFirstSearch  - Pushing (reverse) SCOPEDCONTENTCONDITIONATTRIBUTE
170069 [main] DEBUG org.dbunit.database.search.ExportedKeysSearchCallback  - getEdges(node=SCOPEDCONTENTCONDITIONATTRIBUTE) - start
170069 [main] DEBUG org.dbunit.database.search.AbstractMetaDataBasedSearchCallback  - getNodesFromExportedKeys(node=SCOPEDCONTENTCONDITIONATTRIBUTE) - start
170069 [main] DEBUG org.dbunit.database.search.AbstractMetaDataBasedSearchCallback  - getNodes(type=1, node=SCOPEDCONTENTCONDITIONATTRIBUTE) - start
170069 [main] DEBUG org.dbunit.database.DatabaseDataSourceConnection  - getConnection() - start
170070 [main] DEBUG org.dbunit.database.search.AbstractMetaDataBasedSearchCallback  - getNodes(type=1, node=SCOPEDCONTENTCONDITIONATTRIBUTE, conn=Transaction-aware proxy for target Connection [jdbc:hsqldb:mem:kontrollDS, UserName=sw, HSQL Database Engine Driver], schema=null, metaData=org.apache.commons.dbcp.DelegatingDatabaseMetaData@6b80d16b, edges=[]) - start
170070 [main] DEBUG org.dbunit.database.search.AbstractMetaDataBasedSearchCallback  - Getting edges for node SCOPEDCONTENTCONDITIONATTRIBUTE
170070 [main] TRACE org.dbunit.database.DatabaseConfig  - getProperty(name=http://www.dbunit.org/properties/metadataHandler) - start
170070 [main] TRACE org.dbunit.database.DefaultMetadataHandler  - tableExists(metaData=org.apache.commons.dbcp.DelegatingDatabaseMetaData@6b80d16b, schemaName=null, tableName=SCOPEDCONTENTCONDITIONATTRIBUTE) - start
170071 [main] DEBUG org.dbunit.util.SQLHelper  - close(resultSet=org.apache.commons.dbcp.DelegatingResultSet@314d6ac7) - start
170071 [main] DEBUG org.dbunit.util.SQLHelper  - close(resultSet=org.apache.commons.dbcp.DelegatingResultSet@2ce8ccd2) - start
170071 [main] DEBUG org.dbunit.util.search.DepthFirstSearch  - search:SCOPEDCONTENTCONDITIONATTRIBUTE
170071 [main] DEBUG org.dbunit.database.search.ExportedKeysSearchCallback  - searchNode(node=SCOPEDCONTENTCONDITIONATTRIBUTE) - start
170071 [main] DEBUG org.dbunit.util.search.DepthFirstSearch  - Pushing SCOPEDCONTENTCONDITIONATTRIBUTE
170071 [main] DEBUG org.dbunit.database.search.ExportedKeysSearchCallback  - getEdges(node=SCOPEDCONTENTCONDITIONATTRIBUTE) - start
170071 [main] DEBUG org.dbunit.database.search.AbstractMetaDataBasedSearchCallback  - getNodesFromExportedKeys(node=SCOPEDCONTENTCONDITIONATTRIBUTE) - start
170071 [main] DEBUG org.dbunit.database.search.AbstractMetaDataBasedSearchCallback  - getNodes(type=1, node=SCOPEDCONTENTCONDITIONATTRIBUTE) - start
170071 [main] DEBUG org.dbunit.database.DatabaseDataSourceConnection  - getConnection() - start
170071 [main] DEBUG org.dbunit.database.search.AbstractMetaDataBasedSearchCallback  - getNodes(type=1, node=SCOPEDCONTENTCONDITIONATTRIBUTE, conn=Transaction-aware proxy for target Connection [jdbc:hsqldb:mem:kontrollDS, UserName=sw, HSQL Database Engine Driver], schema=null, metaData=org.apache.commons.dbcp.DelegatingDatabaseMetaData@67df0606, edges=[]) - start
170071 [main] DEBUG org.dbunit.database.search.AbstractMetaDataBasedSearchCallback  - Getting edges for node SCOPEDCONTENTCONDITIONATTRIBUTE
170071 [main] TRACE org.dbunit.database.DatabaseConfig  - getProperty(name=http://www.dbunit.org/properties/metadataHandler) - start
170071 [main] TRACE org.dbunit.database.DefaultMetadataHandler  - tableExists(metaData=org.apache.commons.dbcp.DelegatingDatabaseMetaData@67df0606, schemaName=null, tableName=SCOPEDCONTENTCONDITIONATTRIBUTE) - start
170072 [main] DEBUG org.dbunit.util.SQLHelper  - close(resultSet=org.apache.commons.dbcp.DelegatingResultSet@46ffc119) - start
170072 [main] DEBUG org.dbunit.util.SQLHelper  - close(resultSet=org.apache.commons.dbcp.DelegatingResultSet@4cc13ef4) - start
170072 [main] DEBUG org.dbunit.util.search.DepthFirstSearch  - Adding node SCOPEDCONTENTCONDITIONATTRIBUTE to the final result
170073 [main] DEBUG org.dbunit.database.search.TablesDependencyHelper  - getDirectDependentTables(connection=_databaseConfig=org.dbunit.database.DatabaseConfig[, _propertyMap={http://www.dbunit.org/properties/statementFactory=org.dbunit.database.statement.PreparedStatementFactory@626bc2b8, http://www.dbunit.org/features/caseSensitiveTableNames=false, http://www.dbunit.org/properties/fetchSize=100, http://www.dbunit.org/features/batchedStatements=false, http://www.dbunit.org/properties/metadataHandler=org.dbunit.database.DefaultMetadataHandler@62baffef, http://www.dbunit.org/properties/datatypeFactory=org.dbunit.dataset.datatype.DefaultDataTypeFactory[_toleratedDeltaMap=org.dbunit.dataset.datatype.ToleratedDeltaMap@6452310a], http://www.dbunit.org/properties/escapePattern=null, http://www.dbunit.org/properties/batchSize=100, http://www.dbunit.org/features/qualifiedTableNames=false, http://www.dbunit.org/properties/tableType=[Ljava.lang.String;@5011bafa, http://www.dbunit.org/properties/resultSetTableFactory=org.dbunit.database.CachedResultSetTableFactory@10bcf083, http://www.dbunit.org/features/datatypeWarning=true}], _dataSet=AbstractDataSet[_orderedTableNameMap=null], tableName=SCOPEDCONTENTCONDITIONATTRIBUTE) - start
170073 [main] DEBUG org.dbunit.util.search.DepthFirstSearch  - search(nodesFrom=[SCOPEDCONTENTCONDITIONATTRIBUTE], callback=org.dbunit.database.search.ImportedKeysSearchCallback@744029ff) - start
170073 [main] DEBUG org.dbunit.util.CollectionsHelper  - objectsToSet(objects=SCOPEDCONTENTCONDITIONATTRIBUTE) - start
170073 [main] DEBUG org.dbunit.util.search.DepthFirstSearch  - search(nodesFrom=[SCOPEDCONTENTCONDITIONATTRIBUTE], callback=org.dbunit.database.search.ImportedKeysSearchCallback@744029ff) - start
170073 [main] DEBUG org.dbunit.util.search.DepthFirstSearch  - reverseSearch:SCOPEDCONTENTCONDITIONATTRIBUTE
170073 [main] DEBUG org.dbunit.database.search.ImportedKeysSearchCallback  - searchNode(node=SCOPEDCONTENTCONDITIONATTRIBUTE) - start
170073 [main] DEBUG org.dbunit.util.search.DepthFirstSearch  - Pushing (reverse) SCOPEDCONTENTCONDITIONATTRIBUTE
170073 [main] DEBUG org.dbunit.database.search.ImportedKeysSearchCallback  - getEdges(node=SCOPEDCONTENTCONDITIONATTRIBUTE) - start
170073 [main] DEBUG org.dbunit.database.search.AbstractMetaDataBasedSearchCallback  - getNodesFromImportedKeys(node=SCOPEDCONTENTCONDITIONATTRIBUTE) - start
170073 [main] DEBUG org.dbunit.database.search.AbstractMetaDataBasedSearchCallback  - getNodes(type=0, node=SCOPEDCONTENTCONDITIONATTRIBUTE) - start
170073 [main] DEBUG org.dbunit.database.DatabaseDataSourceConnection  - getConnection() - start
170073 [main] DEBUG org.dbunit.database.search.AbstractMetaDataBasedSearchCallback  - getNodes(type=0, node=SCOPEDCONTENTCONDITIONATTRIBUTE, conn=Transaction-aware proxy for target Connection [jdbc:hsqldb:mem:kontrollDS, UserName=sw, HSQL Database Engine Driver], schema=null, metaData=org.apache.commons.dbcp.DelegatingDatabaseMetaData@20855ff9, edges=[]) - start
170073 [main] DEBUG org.dbunit.database.search.AbstractMetaDataBasedSearchCallback  - Getting edges for node SCOPEDCONTENTCONDITIONATTRIBUTE
170073 [main] TRACE org.dbunit.database.DatabaseConfig  - getProperty(name=http://www.dbunit.org/properties/metadataHandler) - start
170073 [main] TRACE org.dbunit.database.DefaultMetadataHandler  - tableExists(metaData=org.apache.commons.dbcp.DelegatingDatabaseMetaData@20855ff9, schemaName=null, tableName=SCOPEDCONTENTCONDITIONATTRIBUTE) - start
170074 [main] DEBUG org.dbunit.util.SQLHelper  - close(resultSet=org.apache.commons.dbcp.DelegatingResultSet@23badd5e) - start
170074 [main] DEBUG org.dbunit.util.QualifiedTableName  - getQualifiedNameIfEnabled(config=org.dbunit.database.DatabaseConfig[, _propertyMap={http://www.dbunit.org/properties/statementFactory=org.dbunit.database.statement.PreparedStatementFactory@626bc2b8, http://www.dbunit.org/features/caseSensitiveTableNames=false, http://www.dbunit.org/properties/fetchSize=100, http://www.dbunit.org/features/batchedStatements=false, http://www.dbunit.org/properties/metadataHandler=org.dbunit.database.DefaultMetadataHandler@62baffef, http://www.dbunit.org/properties/datatypeFactory=org.dbunit.dataset.datatype.DefaultDataTypeFactory[_toleratedDeltaMap=org.dbunit.dataset.datatype.ToleratedDeltaMap@6452310a], http://www.dbunit.org/properties/escapePattern=null, http://www.dbunit.org/properties/batchSize=100, http://www.dbunit.org/features/qualifiedTableNames=false, http://www.dbunit.org/properties/tableType=[Ljava.lang.String;@5011bafa, http://www.dbunit.org/properties/resultSetTableFactory=org.dbunit.database.CachedResultSetTableFactory@10bcf083, http://www.dbunit.org/features/datatypeWarning=true}]) - start
170074 [main] TRACE org.dbunit.database.DatabaseConfig  - getFeature(name=http://www.dbunit.org/features/qualifiedTableNames) - start
170074 [main] TRACE org.dbunit.database.DatabaseConfig  - getProperty(name=http://www.dbunit.org/features/qualifiedTableNames) - start
170074 [main] DEBUG org.dbunit.util.QualifiedTableName  - Qualified table names feature is disabled. Returning plain table name
170075 [main] DEBUG org.dbunit.util.QualifiedTableName  - getQualifiedName(prefix=null, name=SCOPEDCONTENTCONDITIONATTRIBUTE, escapePattern=null) - start
170075 [main] DEBUG org.dbunit.util.QualifiedTableName  - getQualifiedNameIfEnabled(config=org.dbunit.database.DatabaseConfig[, _propertyMap={http://www.dbunit.org/properties/statementFactory=org.dbunit.database.statement.PreparedStatementFactory@626bc2b8, http://www.dbunit.org/features/caseSensitiveTableNames=false, http://www.dbunit.org/properties/fetchSize=100, http://www.dbunit.org/features/batchedStatements=false, http://www.dbunit.org/properties/metadataHandler=org.dbunit.database.DefaultMetadataHandler@62baffef, http://www.dbunit.org/properties/datatypeFactory=org.dbunit.dataset.datatype.DefaultDataTypeFactory[_toleratedDeltaMap=org.dbunit.dataset.datatype.ToleratedDeltaMap@6452310a], http://www.dbunit.org/properties/escapePattern=null, http://www.dbunit.org/properties/batchSize=100, http://www.dbunit.org/features/qualifiedTableNames=false, http://www.dbunit.org/properties/tableType=[Ljava.lang.String;@5011bafa, http://www.dbunit.org/properties/resultSetTableFactory=org.dbunit.database.CachedResultSetTableFactory@10bcf083, http://www.dbunit.org/features/datatypeWarning=true}]) - start
170075 [main] TRACE org.dbunit.database.DatabaseConfig  - getFeature(name=http://www.dbunit.org/features/qualifiedTableNames) - start
170075 [main] TRACE org.dbunit.database.DatabaseConfig  - getProperty(name=http://www.dbunit.org/features/qualifiedTableNames) - start
170075 [main] DEBUG org.dbunit.util.QualifiedTableName  - Qualified table names feature is disabled. Returning plain table name
170075 [main] DEBUG org.dbunit.util.QualifiedTableName  - getQualifiedName(prefix=null, name=SCOPEDCONTENTCONDITION, escapePattern=null) - start
170075 [main] DEBUG org.dbunit.database.search.AbstractMetaDataBasedSearchCallback  - newEdge(rs=org.apache.commons.dbcp.DelegatingResultSet@6a58da07, type=0, from=SCOPEDCONTENTCONDITIONATTRIBUTE, to=SCOPEDCONTENTCONDITION, fkColumn=SCOPEDCONTENTCONDITION, pkColumn=ID) - start
170075 [main] DEBUG org.dbunit.database.search.AbstractMetaDataBasedSearchCallback  - createFKEdge(rs=org.apache.commons.dbcp.DelegatingResultSet@6a58da07, type=0, from=SCOPEDCONTENTCONDITIONATTRIBUTE, to=SCOPEDCONTENTCONDITION, fkColumn=SCOPEDCONTENTCONDITION, pkColumn=ID) - start
170075 [main] DEBUG org.dbunit.database.search.AbstractMetaDataBasedSearchCallback  - Adding edge SCOPEDCONTENTCONDITIONATTRIBUTE(SCOPEDCONTENTCONDITION)->SCOPEDCONTENTCONDITION(ID)
170075 [main] DEBUG org.dbunit.util.search.Edge  - compareTo(o=SCOPEDCONTENTCONDITIONATTRIBUTE(SCOPEDCONTENTCONDITION)->SCOPEDCONTENTCONDITION(ID)) - start
170075 [main] DEBUG org.dbunit.util.SQLHelper  - close(resultSet=org.apache.commons.dbcp.DelegatingResultSet@6a58da07) - start
170075 [main] DEBUG org.dbunit.util.search.DepthFirstSearch  - search:SCOPEDCONTENTCONDITIONATTRIBUTE
170075 [main] DEBUG org.dbunit.database.search.ImportedKeysSearchCallback  - searchNode(node=SCOPEDCONTENTCONDITIONATTRIBUTE) - start
170075 [main] DEBUG org.dbunit.util.search.DepthFirstSearch  - Pushing SCOPEDCONTENTCONDITIONATTRIBUTE
170075 [main] DEBUG org.dbunit.database.search.ImportedKeysSearchCallback  - getEdges(node=SCOPEDCONTENTCONDITIONATTRIBUTE) - start
170075 [main] DEBUG org.dbunit.database.search.AbstractMetaDataBasedSearchCallback  - getNodesFromImportedKeys(node=SCOPEDCONTENTCONDITIONATTRIBUTE) - start
170075 [main] DEBUG org.dbunit.database.search.AbstractMetaDataBasedSearchCallback  - getNodes(type=0, node=SCOPEDCONTENTCONDITIONATTRIBUTE) - start
170075 [main] DEBUG org.dbunit.database.DatabaseDataSourceConnection  - getConnection() - start
170075 [main] DEBUG org.dbunit.database.search.AbstractMetaDataBasedSearchCallback  - getNodes(type=0, node=SCOPEDCONTENTCONDITIONATTRIBUTE, conn=Transaction-aware proxy for target Connection [jdbc:hsqldb:mem:kontrollDS, UserName=sw, HSQL Database Engine Driver], schema=null, metaData=org.apache.commons.dbcp.DelegatingDatabaseMetaData@6f52381c, edges=[]) - start
170075 [main] DEBUG org.dbunit.database.search.AbstractMetaDataBasedSearchCallback  - Getting edges for node SCOPEDCONTENTCONDITIONATTRIBUTE
170075 [main] TRACE org.dbunit.database.DatabaseConfig  - getProperty(name=http://www.dbunit.org/properties/metadataHandler) - start
170075 [main] TRACE org.dbunit.database.DefaultMetadataHandler  - tableExists(metaData=org.apache.commons.dbcp.DelegatingDatabaseMetaData@6f52381c, schemaName=null, tableName=SCOPEDCONTENTCONDITIONATTRIBUTE) - start
170078 [main] DEBUG org.dbunit.util.SQLHelper  - close(resultSet=org.apache.commons.dbcp.DelegatingResultSet@2329c218) - start
170078 [main] DEBUG org.dbunit.util.QualifiedTableName  - getQualifiedNameIfEnabled(config=org.dbunit.database.DatabaseConfig[, _propertyMap={http://www.dbunit.org/properties/statementFactory=org.dbunit.database.statement.PreparedStatementFactory@626bc2b8, http://www.dbunit.org/features/caseSensitiveTableNames=false, http://www.dbunit.org/properties/fetchSize=100, http://www.dbunit.org/features/batchedStatements=false, http://www.dbunit.org/properties/metadataHandler=org.dbunit.database.DefaultMetadataHandler@62baffef, http://www.dbunit.org/properties/datatypeFactory=org.dbunit.dataset.datatype.DefaultDataTypeFactory[_toleratedDeltaMap=org.dbunit.dataset.datatype.ToleratedDeltaMap@6452310a], http://www.dbunit.org/properties/escapePattern=null, http://www.dbunit.org/properties/batchSize=100, http://www.dbunit.org/features/qualifiedTableNames=false, http://www.dbunit.org/properties/tableType=[Ljava.lang.String;@5011bafa, http://www.dbunit.org/properties/resultSetTableFactory=org.dbunit.database.CachedResultSetTableFactory@10bcf083, http://www.dbunit.org/features/datatypeWarning=true}]) - start
170078 [main] TRACE org.dbunit.database.DatabaseConfig  - getFeature(name=http://www.dbunit.org/features/qualifiedTableNames) - start
170078 [main] TRACE org.dbunit.database.DatabaseConfig  - getProperty(name=http://www.dbunit.org/features/qualifiedTableNames) - start
170078 [main] DEBUG org.dbunit.util.QualifiedTableName  - Qualified table names feature is disabled. Returning plain table name
170078 [main] DEBUG org.dbunit.util.QualifiedTableName  - getQualifiedName(prefix=null, name=SCOPEDCONTENTCONDITIONATTRIBUTE, escapePattern=null) - start
170078 [main] DEBUG org.dbunit.util.QualifiedTableName  - getQualifiedNameIfEnabled(config=org.dbunit.database.DatabaseConfig[, _propertyMap={http://www.dbunit.org/properties/statementFactory=org.dbunit.database.statement.PreparedStatementFactory@626bc2b8, http://www.dbunit.org/features/caseSensitiveTableNames=false, http://www.dbunit.org/properties/fetchSize=100, http://www.dbunit.org/features/batchedStatements=false, http://www.dbunit.org/properties/metadataHandler=org.dbunit.database.DefaultMetadataHandler@62baffef, http://www.dbunit.org/properties/datatypeFactory=org.dbunit.dataset.datatype.DefaultDataTypeFactory[_toleratedDeltaMap=org.dbunit.dataset.datatype.ToleratedDeltaMap@6452310a], http://www.dbunit.org/properties/escapePattern=null, http://www.dbunit.org/properties/batchSize=100, http://www.dbunit.org/features/qualifiedTableNames=false, http://www.dbunit.org/properties/tableType=[Ljava.lang.String;@5011bafa, http://www.dbunit.org/properties/resultSetTableFactory=org.dbunit.database.CachedResultSetTableFactory@10bcf083, http://www.dbunit.org/features/datatypeWarning=true}]) - start
170078 [main] TRACE org.dbunit.database.DatabaseConfig  - getFeature(name=http://www.dbunit.org/features/qualifiedTableNames) - start
170078 [main] TRACE org.dbunit.database.DatabaseConfig  - getProperty(name=http://www.dbunit.org/features/qualifiedTableNames) - start
170078 [main] DEBUG org.dbunit.util.QualifiedTableName  - Qualified table names feature is disabled. Returning plain table name
170078 [main] DEBUG org.dbunit.util.QualifiedTableName  - getQualifiedName(prefix=null, name=SCOPEDCONTENTCONDITION, escapePattern=null) - start
170078 [main] DEBUG org.dbunit.database.search.AbstractMetaDataBasedSearchCallback  - newEdge(rs=org.apache.commons.dbcp.DelegatingResultSet@54f93adc, type=0, from=SCOPEDCONTENTCONDITIONATTRIBUTE, to=SCOPEDCONTENTCONDITION, fkColumn=SCOPEDCONTENTCONDITION, pkColumn=ID) - start
170078 [main] DEBUG org.dbunit.database.search.AbstractMetaDataBasedSearchCallback  - createFKEdge(rs=org.apache.commons.dbcp.DelegatingResultSet@54f93adc, type=0, from=SCOPEDCONTENTCONDITIONATTRIBUTE, to=SCOPEDCONTENTCONDITION, fkColumn=SCOPEDCONTENTCONDITION, pkColumn=ID) - start
170078 [main] DEBUG org.dbunit.database.search.AbstractMetaDataBasedSearchCallback  - Adding edge SCOPEDCONTENTCONDITIONATTRIBUTE(SCOPEDCONTENTCONDITION)->SCOPEDCONTENTCONDITION(ID)
170078 [main] DEBUG org.dbunit.util.search.Edge  - compareTo(o=SCOPEDCONTENTCONDITIONATTRIBUTE(SCOPEDCONTENTCONDITION)->SCOPEDCONTENTCONDITION(ID)) - start
170078 [main] DEBUG org.dbunit.util.SQLHelper  - close(resultSet=org.apache.commons.dbcp.DelegatingResultSet@54f93adc) - start
170078 [main] DEBUG org.dbunit.util.search.DepthFirstSearch  - search:SCOPEDCONTENTCONDITION
170078 [main] DEBUG org.dbunit.database.search.ImportedKeysSearchCallback  - searchNode(node=SCOPEDCONTENTCONDITION) - start
170078 [main] DEBUG org.dbunit.util.search.DepthFirstSearch  - Pushing SCOPEDCONTENTCONDITION
170078 [main] DEBUG org.dbunit.database.search.ImportedKeysSearchCallback  - getEdges(node=SCOPEDCONTENTCONDITION) - start
170078 [main] DEBUG org.dbunit.database.search.AbstractMetaDataBasedSearchCallback  - getNodesFromImportedKeys(node=SCOPEDCONTENTCONDITION) - start
170078 [main] DEBUG org.dbunit.database.search.AbstractMetaDataBasedSearchCallback  - getNodes(type=0, node=SCOPEDCONTENTCONDITION) - start
170079 [main] DEBUG org.dbunit.database.DatabaseDataSourceConnection  - getConnection() - start
170079 [main] DEBUG org.dbunit.database.search.AbstractMetaDataBasedSearchCallback  - getNodes(type=0, node=SCOPEDCONTENTCONDITION, conn=Transaction-aware proxy for target Connection [jdbc:hsqldb:mem:kontrollDS, UserName=sw, HSQL Database Engine Driver], schema=null, metaData=org.apache.commons.dbcp.DelegatingDatabaseMetaData@36876d19, edges=[]) - start
170079 [main] DEBUG org.dbunit.database.search.AbstractMetaDataBasedSearchCallback  - Getting edges for node SCOPEDCONTENTCONDITION
170079 [main] TRACE org.dbunit.database.DatabaseConfig  - getProperty(name=http://www.dbunit.org/properties/metadataHandler) - start
170079 [main] TRACE org.dbunit.database.DefaultMetadataHandler  - tableExists(metaData=org.apache.commons.dbcp.DelegatingDatabaseMetaData@36876d19, schemaName=null, tableName=SCOPEDCONTENTCONDITION) - start
170080 [main] DEBUG org.dbunit.util.SQLHelper  - close(resultSet=org.apache.commons.dbcp.DelegatingResultSet@4e478fb2) - start
170080 [main] DEBUG org.dbunit.util.SQLHelper  - close(resultSet=org.apache.commons.dbcp.DelegatingResultSet@31049038) - start
170080 [main] DEBUG org.dbunit.util.search.DepthFirstSearch  - Adding node SCOPEDCONTENTCONDITION to the final result
170080 [main] DEBUG org.dbunit.util.search.DepthFirstSearch  - Adding node SCOPEDCONTENTCONDITIONATTRIBUTE to the final result
170080 [main] DEBUG org.dbunit.util.search.DepthFirstSearch  - reverseSearch:SCOPEDCONTENTCONDITION
170080 [main] DEBUG org.dbunit.database.search.ImportedKeysSearchCallback  - searchNode(node=SCOPEDCONTENTCONDITION) - start
170080 [main] DEBUG org.dbunit.util.search.DepthFirstSearch  - Pushing (reverse) SCOPEDCONTENTCONDITION
170080 [main] DEBUG org.dbunit.database.search.ImportedKeysSearchCallback  - getEdges(node=SCOPEDCONTENTCONDITION) - start
170080 [main] DEBUG org.dbunit.database.search.AbstractMetaDataBasedSearchCallback  - getNodesFromImportedKeys(node=SCOPEDCONTENTCONDITION) - start
170080 [main] DEBUG org.dbunit.database.search.AbstractMetaDataBasedSearchCallback  - getNodes(type=0, node=SCOPEDCONTENTCONDITION) - start
170080 [main] DEBUG org.dbunit.database.DatabaseDataSourceConnection  - getConnection() - start
170080 [main] DEBUG org.dbunit.database.search.AbstractMetaDataBasedSearchCallback  - getNodes(type=0, node=SCOPEDCONTENTCONDITION, conn=Transaction-aware proxy for target Connection [jdbc:hsqldb:mem:kontrollDS, UserName=sw, HSQL Database Engine Driver], schema=null, metaData=org.apache.commons.dbcp.DelegatingDatabaseMetaData@229865ac, edges=[]) - start
170080 [main] DEBUG org.dbunit.database.search.AbstractMetaDataBasedSearchCallback  - Getting edges for node SCOPEDCONTENTCONDITION
170080 [main] TRACE org.dbunit.database.DatabaseConfig  - getProperty(name=http://www.dbunit.org/properties/metadataHandler) - start
170080 [main] TRACE org.dbunit.database.DefaultMetadataHandler  - tableExists(metaData=org.apache.commons.dbcp.DelegatingDatabaseMetaData@229865ac, schemaName=null, tableName=SCOPEDCONTENTCONDITION) - start
170082 [main] DEBUG org.dbunit.util.SQLHelper  - close(resultSet=org.apache.commons.dbcp.DelegatingResultSet@5ad5a259) - start
170082 [main] DEBUG org.dbunit.util.SQLHelper  - close(resultSet=org.apache.commons.dbcp.DelegatingResultSet@3c3ebb13) - start
170082 [main] DEBUG org.dbunit.util.search.DepthFirstSearch  - reverseSearch:SCOPEDCONTENTCONDITIONATTRIBUTE
170082 [main] DEBUG org.dbunit.util.search.DepthFirstSearch  - already searched; returning true
170082 [main] DEBUG org.dbunit.util.search.DepthFirstSearch  - search:SCOPEDCONTENTCONDITIONATTRIBUTE
170082 [main] DEBUG org.dbunit.util.search.DepthFirstSearch  - already searched; returning true
170082 [main] DEBUG org.dbunit.util.search.DepthFirstSearch  - search:SCOPEDCONTENTCONDITION
170082 [main] DEBUG org.dbunit.util.search.DepthFirstSearch  - already searched; returning true
170082 [main] DEBUG org.dbunit.database.DatabaseSequenceFilter  - getDependencyInfo(connection=_databaseConfig=org.dbunit.database.DatabaseConfig[, _propertyMap={http://www.dbunit.org/properties/statementFactory=org.dbunit.database.statement.PreparedStatementFactory@626bc2b8, http://www.dbunit.org/features/caseSensitiveTableNames=false, http://www.dbunit.org/properties/fetchSize=100, http://www.dbunit.org/features/batchedStatements=false, http://www.dbunit.org/properties/metadataHandler=org.dbunit.database.DefaultMetadataHandler@62baffef, http://www.dbunit.org/properties/datatypeFactory=org.dbunit.dataset.datatype.DefaultDataTypeFactory[_toleratedDeltaMap=org.dbunit.dataset.datatype.ToleratedDeltaMap@6452310a], http://www.dbunit.org/properties/escapePattern=null, http://www.dbunit.org/properties/batchSize=100, http://www.dbunit.org/features/qualifiedTableNames=false, http://www.dbunit.org/properties/tableType=[Ljava.lang.String;@5011bafa, http://www.dbunit.org/properties/resultSetTableFactory=org.dbunit.database.CachedResultSetTableFactory@10bcf083, http://www.dbunit.org/features/datatypeWarning=true}], _dataSet=AbstractDataSet[_orderedTableNameMap=null], tableName=SCOPEDCONTENTCONDITIONS_SCOPEDCONTENT) - start
170083 [main] DEBUG org.dbunit.database.search.TablesDependencyHelper  - getDependentTables(connection=_databaseConfig=org.dbunit.database.DatabaseConfig[, _propertyMap={http://www.dbunit.org/properties/statementFactory=org.dbunit.database.statement.PreparedStatementFactory@626bc2b8, http://www.dbunit.org/features/caseSensitiveTableNames=false, http://www.dbunit.org/properties/fetchSize=100, http://www.dbunit.org/features/batchedStatements=false, http://www.dbunit.org/properties/metadataHandler=org.dbunit.database.DefaultMetadataHandler@62baffef, http://www.dbunit.org/properties/datatypeFactory=org.dbunit.dataset.datatype.DefaultDataTypeFactory[_toleratedDeltaMap=org.dbunit.dataset.datatype.ToleratedDeltaMap@6452310a], http://www.dbunit.org/properties/escapePattern=null, http://www.dbunit.org/properties/batchSize=100, http://www.dbunit.org/features/qualifiedTableNames=false, http://www.dbunit.org/properties/tableType=[Ljava.lang.String;@5011bafa, http://www.dbunit.org/properties/resultSetTableFactory=org.dbunit.database.CachedResultSetTableFactory@10bcf083, http://www.dbunit.org/features/datatypeWarning=true}], _dataSet=AbstractDataSet[_orderedTableNameMap=null], rootTable=SCOPEDCONTENTCONDITIONS_SCOPEDCONTENT) - start
170083 [main] DEBUG org.dbunit.database.search.TablesDependencyHelper  - getDependentTables(connection=_databaseConfig=org.dbunit.database.DatabaseConfig[, _propertyMap={http://www.dbunit.org/properties/statementFactory=org.dbunit.database.statement.PreparedStatementFactory@626bc2b8, http://www.dbunit.org/features/caseSensitiveTableNames=false, http://www.dbunit.org/properties/fetchSize=100, http://www.dbunit.org/features/batchedStatements=false, http://www.dbunit.org/properties/metadataHandler=org.dbunit.database.DefaultMetadataHandler@62baffef, http://www.dbunit.org/properties/datatypeFactory=org.dbunit.dataset.datatype.DefaultDataTypeFactory[_toleratedDeltaMap=org.dbunit.dataset.datatype.ToleratedDeltaMap@6452310a], http://www.dbunit.org/properties/escapePattern=null, http://www.dbunit.org/properties/batchSize=100, http://www.dbunit.org/features/qualifiedTableNames=false, http://www.dbunit.org/properties/tableType=[Ljava.lang.String;@5011bafa, http://www.dbunit.org/properties/resultSetTableFactory=org.dbunit.database.CachedResultSetTableFactory@10bcf083, http://www.dbunit.org/features/datatypeWarning=true}], _dataSet=AbstractDataSet[_orderedTableNameMap=null], rootTables=[SCOPEDCONTENTCONDITIONS_SCOPEDCONTENT]) - start
170083 [main] DEBUG org.dbunit.util.search.DepthFirstSearch  - search(nodesFrom=[SCOPEDCONTENTCONDITIONS_SCOPEDCONTENT], callback=org.dbunit.database.search.ImportedKeysSearchCallback@73f16e4) - start
170083 [main] DEBUG org.dbunit.util.CollectionsHelper  - objectsToSet(objects=SCOPEDCONTENTCONDITIONS_SCOPEDCONTENT) - start
170083 [main] DEBUG org.dbunit.util.search.DepthFirstSearch  - search(nodesFrom=[SCOPEDCONTENTCONDITIONS_SCOPEDCONTENT], callback=org.dbunit.database.search.ImportedKeysSearchCallback@73f16e4) - start
170083 [main] DEBUG org.dbunit.util.search.DepthFirstSearch  - reverseSearch:SCOPEDCONTENTCONDITIONS_SCOPEDCONTENT
170083 [main] DEBUG org.dbunit.database.search.ImportedKeysSearchCallback  - searchNode(node=SCOPEDCONTENTCONDITIONS_SCOPEDCONTENT) - start
170083 [main] DEBUG org.dbunit.util.search.DepthFirstSearch  - Pushing (reverse) SCOPEDCONTENTCONDITIONS_SCOPEDCONTENT
170083 [main] DEBUG org.dbunit.database.search.ImportedKeysSearchCallback  - getEdges(node=SCOPEDCONTENTCONDITIONS_SCOPEDCONTENT) - start
170083 [main] DEBUG org.dbunit.database.search.AbstractMetaDataBasedSearchCallback  - getNodesFromImportedKeys(node=SCOPEDCONTENTCONDITIONS_SCOPEDCONTENT) - start
170083 [main] DEBUG org.dbunit.database.search.AbstractMetaDataBasedSearchCallback  - getNodes(type=0, node=SCOPEDCONTENTCONDITIONS_SCOPEDCONTENT) - start
170083 [main] DEBUG org.dbunit.database.DatabaseDataSourceConnection  - getConnection() - start
170083 [main] DEBUG org.dbunit.database.search.AbstractMetaDataBasedSearchCallback  - getNodes(type=0, node=SCOPEDCONTENTCONDITIONS_SCOPEDCONTENT, conn=Transaction-aware proxy for target Connection [jdbc:hsqldb:mem:kontrollDS, UserName=sw, HSQL Database Engine Driver], schema=null, metaData=org.apache.commons.dbcp.DelegatingDatabaseMetaData@3ef7d673, edges=[]) - start
170083 [main] DEBUG org.dbunit.database.search.AbstractMetaDataBasedSearchCallback  - Getting edges for node SCOPEDCONTENTCONDITIONS_SCOPEDCONTENT
170083 [main] TRACE org.dbunit.database.DatabaseConfig  - getProperty(name=http://www.dbunit.org/properties/metadataHandler) - start
170083 [main] TRACE org.dbunit.database.DefaultMetadataHandler  - tableExists(metaData=org.apache.commons.dbcp.DelegatingDatabaseMetaData@3ef7d673, schemaName=null, tableName=SCOPEDCONTENTCONDITIONS_SCOPEDCONTENT) - start
170084 [main] DEBUG org.dbunit.util.SQLHelper  - close(resultSet=org.apache.commons.dbcp.DelegatingResultSet@6a514e6a) - start
170085 [main] DEBUG org.dbunit.util.QualifiedTableName  - getQualifiedNameIfEnabled(config=org.dbunit.database.DatabaseConfig[, _propertyMap={http://www.dbunit.org/properties/statementFactory=org.dbunit.database.statement.PreparedStatementFactory@626bc2b8, http://www.dbunit.org/features/caseSensitiveTableNames=false, http://www.dbunit.org/properties/fetchSize=100, http://www.dbunit.org/features/batchedStatements=false, http://www.dbunit.org/properties/metadataHandler=org.dbunit.database.DefaultMetadataHandler@62baffef, http://www.dbunit.org/properties/datatypeFactory=org.dbunit.dataset.datatype.DefaultDataTypeFactory[_toleratedDeltaMap=org.dbunit.dataset.datatype.ToleratedDeltaMap@6452310a], http://www.dbunit.org/properties/escapePattern=null, http://www.dbunit.org/properties/batchSize=100, http://www.dbunit.org/features/qualifiedTableNames=false, http://www.dbunit.org/properties/tableType=[Ljava.lang.String;@5011bafa, http://www.dbunit.org/properties/resultSetTableFactory=org.dbunit.database.CachedResultSetTableFactory@10bcf083, http://www.dbunit.org/features/datatypeWarning=true}]) - start
170085 [main] TRACE org.dbunit.database.DatabaseConfig  - getFeature(name=http://www.dbunit.org/features/qualifiedTableNames) - start
170085 [main] TRACE org.dbunit.database.DatabaseConfig  - getProperty(name=http://www.dbunit.org/features/qualifiedTableNames) - start
170085 [main] DEBUG org.dbunit.util.QualifiedTableName  - Qualified table names feature is disabled. Returning plain table name
170085 [main] DEBUG org.dbunit.util.QualifiedTableName  - getQualifiedName(prefix=null, name=SCOPEDCONTENTCONDITIONS_SCOPEDCONTENT, escapePattern=null) - start
170085 [main] DEBUG org.dbunit.util.QualifiedTableName  - getQualifiedNameIfEnabled(config=org.dbunit.database.DatabaseConfig[, _propertyMap={http://www.dbunit.org/properties/statementFactory=org.dbunit.database.statement.PreparedStatementFactory@626bc2b8, http://www.dbunit.org/features/caseSensitiveTableNames=false, http://www.dbunit.org/properties/fetchSize=100, http://www.dbunit.org/features/batchedStatements=false, http://www.dbunit.org/properties/metadataHandler=org.dbunit.database.DefaultMetadataHandler@62baffef, http://www.dbunit.org/properties/datatypeFactory=org.dbunit.dataset.datatype.DefaultDataTypeFactory[_toleratedDeltaMap=org.dbunit.dataset.datatype.ToleratedDeltaMap@6452310a], http://www.dbunit.org/properties/escapePattern=null, http://www.dbunit.org/properties/batchSize=100, http://www.dbunit.org/features/qualifiedTableNames=false, http://www.dbunit.org/properties/tableType=[Ljava.lang.String;@5011bafa, http://www.dbunit.org/properties/resultSetTableFactory=org.dbunit.database.CachedResultSetTableFactory@10bcf083, http://www.dbunit.org/features/datatypeWarning=true}]) - start
170085 [main] TRACE org.dbunit.database.DatabaseConfig  - getFeature(name=http://www.dbunit.org/features/qualifiedTableNames) - start
170085 [main] TRACE org.dbunit.database.DatabaseConfig  - getProperty(name=http://www.dbunit.org/features/qualifiedTableNames) - start
170085 [main] DEBUG org.dbunit.util.QualifiedTableName  - Qualified table names feature is disabled. Returning plain table name
170085 [main] DEBUG org.dbunit.util.QualifiedTableName  - getQualifiedName(prefix=null, name=SCOPEDCONTENT, escapePattern=null) - start
170085 [main] DEBUG org.dbunit.database.search.AbstractMetaDataBasedSearchCallback  - newEdge(rs=org.apache.commons.dbcp.DelegatingResultSet@3ce6f07b, type=0, from=SCOPEDCONTENTCONDITIONS_SCOPEDCONTENT, to=SCOPEDCONTENT, fkColumn=SCOPED_CONTENT_ID, pkColumn=ID) - start
170085 [main] DEBUG org.dbunit.database.search.AbstractMetaDataBasedSearchCallback  - createFKEdge(rs=org.apache.commons.dbcp.DelegatingResultSet@3ce6f07b, type=0, from=SCOPEDCONTENTCONDITIONS_SCOPEDCONTENT, to=SCOPEDCONTENT, fkColumn=SCOPED_CONTENT_ID, pkColumn=ID) - start
170085 [main] DEBUG org.dbunit.database.search.AbstractMetaDataBasedSearchCallback  - Adding edge SCOPEDCONTENTCONDITIONS_SCOPEDCONTENT(SCOPED_CONTENT_ID)->SCOPEDCONTENT(ID)
170085 [main] DEBUG org.dbunit.util.search.Edge  - compareTo(o=SCOPEDCONTENTCONDITIONS_SCOPEDCONTENT(SCOPED_CONTENT_ID)->SCOPEDCONTENT(ID)) - start
170085 [main] DEBUG org.dbunit.util.QualifiedTableName  - getQualifiedNameIfEnabled(config=org.dbunit.database.DatabaseConfig[, _propertyMap={http://www.dbunit.org/properties/statementFactory=org.dbunit.database.statement.PreparedStatementFactory@626bc2b8, http://www.dbunit.org/features/caseSensitiveTableNames=false, http://www.dbunit.org/properties/fetchSize=100, http://www.dbunit.org/features/batchedStatements=false, http://www.dbunit.org/properties/metadataHandler=org.dbunit.database.DefaultMetadataHandler@62baffef, http://www.dbunit.org/properties/datatypeFactory=org.dbunit.dataset.datatype.DefaultDataTypeFactory[_toleratedDeltaMap=org.dbunit.dataset.datatype.ToleratedDeltaMap@6452310a], http://www.dbunit.org/properties/escapePattern=null, http://www.dbunit.org/properties/batchSize=100, http://www.dbunit.org/features/qualifiedTableNames=false, http://www.dbunit.org/properties/tableType=[Ljava.lang.String;@5011bafa, http://www.dbunit.org/properties/resultSetTableFactory=org.dbunit.database.CachedResultSetTableFactory@10bcf083, http://www.dbunit.org/features/datatypeWarning=true}]) - start
170085 [main] TRACE org.dbunit.database.DatabaseConfig  - getFeature(name=http://www.dbunit.org/features/qualifiedTableNames) - start
170085 [main] TRACE org.dbunit.database.DatabaseConfig  - getProperty(name=http://www.dbunit.org/features/qualifiedTableNames) - start
170085 [main] DEBUG org.dbunit.util.QualifiedTableName  - Qualified table names feature is disabled. Returning plain table name
170085 [main] DEBUG org.dbunit.util.QualifiedTableName  - getQualifiedName(prefix=null, name=SCOPEDCONTENTCONDITIONS_SCOPEDCONTENT, escapePattern=null) - start
170085 [main] DEBUG org.dbunit.util.QualifiedTableName  - getQualifiedNameIfEnabled(config=org.dbunit.database.DatabaseConfig[, _propertyMap={http://www.dbunit.org/properties/statementFactory=org.dbunit.database.statement.PreparedStatementFactory@626bc2b8, http://www.dbunit.org/features/caseSensitiveTableNames=false, http://www.dbunit.org/properties/fetchSize=100, http://www.dbunit.org/features/batchedStatements=false, http://www.dbunit.org/properties/metadataHandler=org.dbunit.database.DefaultMetadataHandler@62baffef, http://www.dbunit.org/properties/datatypeFactory=org.dbunit.dataset.datatype.DefaultDataTypeFactory[_toleratedDeltaMap=org.dbunit.dataset.datatype.ToleratedDeltaMap@6452310a], http://www.dbunit.org/properties/escapePattern=null, http://www.dbunit.org/properties/batchSize=100, http://www.dbunit.org/features/qualifiedTableNames=false, http://www.dbunit.org/properties/tableType=[Ljava.lang.String;@5011bafa, http://www.dbunit.org/properties/resultSetTableFactory=org.dbunit.database.CachedResultSetTableFactory@10bcf083, http://www.dbunit.org/features/datatypeWarning=true}]) - start
170085 [main] TRACE org.dbunit.database.DatabaseConfig  - getFeature(name=http://www.dbunit.org/features/qualifiedTableNames) - start
170085 [main] TRACE org.dbunit.database.DatabaseConfig  - getProperty(name=http://www.dbunit.org/features/qualifiedTableNames) - start
170085 [main] DEBUG org.dbunit.util.QualifiedTableName  - Qualified table names feature is disabled. Returning plain table name
170085 [main] DEBUG org.dbunit.util.QualifiedTableName  - getQualifiedName(prefix=null, name=SCOPEDCONTENTCONDITION, escapePattern=null) - start
170086 [main] DEBUG org.dbunit.database.search.AbstractMetaDataBasedSearchCallback  - newEdge(rs=org.apache.commons.dbcp.DelegatingResultSet@3ce6f07b, type=0, from=SCOPEDCONTENTCONDITIONS_SCOPEDCONTENT, to=SCOPEDCONTENTCONDITION, fkColumn=SCOPED_CONTENT_CONDITION_ID, pkColumn=ID) - start
170086 [main] DEBUG org.dbunit.database.search.AbstractMetaDataBasedSearchCallback  - createFKEdge(rs=org.apache.commons.dbcp.DelegatingResultSet@3ce6f07b, type=0, from=SCOPEDCONTENTCONDITIONS_SCOPEDCONTENT, to=SCOPEDCONTENTCONDITION, fkColumn=SCOPED_CONTENT_CONDITION_ID, pkColumn=ID) - start
170086 [main] DEBUG org.dbunit.database.search.AbstractMetaDataBasedSearchCallback  - Adding edge SCOPEDCONTENTCONDITIONS_SCOPEDCONTENT(SCOPED_CONTENT_CONDITION_ID)->SCOPEDCONTENTCONDITION(ID)
170086 [main] DEBUG org.dbunit.util.search.Edge  - compareTo(o=SCOPEDCONTENTCONDITIONS_SCOPEDCONTENT(SCOPED_CONTENT_ID)->SCOPEDCONTENT(ID)) - start
170086 [main] DEBUG org.dbunit.util.SQLHelper  - close(resultSet=org.apache.commons.dbcp.DelegatingResultSet@3ce6f07b) - start
170086 [main] DEBUG org.dbunit.util.search.DepthFirstSearch  - search:SCOPEDCONTENTCONDITIONS_SCOPEDCONTENT
170086 [main] DEBUG org.dbunit.database.search.ImportedKeysSearchCallback  - searchNode(node=SCOPEDCONTENTCONDITIONS_SCOPEDCONTENT) - start
170086 [main] DEBUG org.dbunit.util.search.DepthFirstSearch  - Pushing SCOPEDCONTENTCONDITIONS_SCOPEDCONTENT
170086 [main] DEBUG org.dbunit.database.search.ImportedKeysSearchCallback  - getEdges(node=SCOPEDCONTENTCONDITIONS_SCOPEDCONTENT) - start
170086 [main] DEBUG org.dbunit.database.search.AbstractMetaDataBasedSearchCallback  - getNodesFromImportedKeys(node=SCOPEDCONTENTCONDITIONS_SCOPEDCONTENT) - start
170086 [main] DEBUG org.dbunit.database.search.AbstractMetaDataBasedSearchCallback  - getNodes(type=0, node=SCOPEDCONTENTCONDITIONS_SCOPEDCONTENT) - start
170086 [main] DEBUG org.dbunit.database.DatabaseDataSourceConnection  - getConnection() - start
170086 [main] DEBUG org.dbunit.database.search.AbstractMetaDataBasedSearchCallback  - getNodes(type=0, node=SCOPEDCONTENTCONDITIONS_SCOPEDCONTENT, conn=Transaction-aware proxy for target Connection [jdbc:hsqldb:mem:kontrollDS, UserName=sw, HSQL Database Engine Driver], schema=null, metaData=org.apache.commons.dbcp.DelegatingDatabaseMetaData@5db63a79, edges=[]) - start
170086 [main] DEBUG org.dbunit.database.search.AbstractMetaDataBasedSearchCallback  - Getting edges for node SCOPEDCONTENTCONDITIONS_SCOPEDCONTENT
170087 [main] TRACE org.dbunit.database.DatabaseConfig  - getProperty(name=http://www.dbunit.org/properties/metadataHandler) - start
170087 [main] TRACE org.dbunit.database.DefaultMetadataHandler  - tableExists(metaData=org.apache.commons.dbcp.DelegatingDatabaseMetaData@5db63a79, schemaName=null, tableName=SCOPEDCONTENTCONDITIONS_SCOPEDCONTENT) - start
170088 [main] DEBUG org.dbunit.util.SQLHelper  - close(resultSet=org.apache.commons.dbcp.DelegatingResultSet@7f461508) - start
170088 [main] DEBUG org.dbunit.util.QualifiedTableName  - getQualifiedNameIfEnabled(config=org.dbunit.database.DatabaseConfig[, _propertyMap={http://www.dbunit.org/properties/statementFactory=org.dbunit.database.statement.PreparedStatementFactory@626bc2b8, http://www.dbunit.org/features/caseSensitiveTableNames=false, http://www.dbunit.org/properties/fetchSize=100, http://www.dbunit.org/features/batchedStatements=false, http://www.dbunit.org/properties/metadataHandler=org.dbunit.database.DefaultMetadataHandler@62baffef, http://www.dbunit.org/properties/datatypeFactory=org.dbunit.dataset.datatype.DefaultDataTypeFactory[_toleratedDeltaMap=org.dbunit.dataset.datatype.ToleratedDeltaMap@6452310a], http://www.dbunit.org/properties/escapePattern=null, http://www.dbunit.org/properties/batchSize=100, http://www.dbunit.org/features/qualifiedTableNames=false, http://www.dbunit.org/properties/tableType=[Ljava.lang.String;@5011bafa, http://www.dbunit.org/properties/resultSetTableFactory=org.dbunit.database.CachedResultSetTableFactory@10bcf083, http://www.dbunit.org/features/datatypeWarning=true}]) - start
170088 [main] TRACE org.dbunit.database.DatabaseConfig  - getFeature(name=http://www.dbunit.org/features/qualifiedTableNames) - start
170088 [main] TRACE org.dbunit.database.DatabaseConfig  - getProperty(name=http://www.dbunit.org/features/qualifiedTableNames) - start
170088 [main] DEBUG org.dbunit.util.QualifiedTableName  - Qualified table names feature is disabled. Returning plain table name
170088 [main] DEBUG org.dbunit.util.QualifiedTableName  - getQualifiedName(prefix=null, name=SCOPEDCONTENTCONDITIONS_SCOPEDCONTENT, escapePattern=null) - start
170088 [main] DEBUG org.dbunit.util.QualifiedTableName  - getQualifiedNameIfEnabled(config=org.dbunit.database.DatabaseConfig[, _propertyMap={http://www.dbunit.org/properties/statementFactory=org.dbunit.database.statement.PreparedStatementFactory@626bc2b8, http://www.dbunit.org/features/caseSensitiveTableNames=false, http://www.dbunit.org/properties/fetchSize=100, http://www.dbunit.org/features/batchedStatements=false, http://www.dbunit.org/properties/metadataHandler=org.dbunit.database.DefaultMetadataHandler@62baffef, http://www.dbunit.org/properties/datatypeFactory=org.dbunit.dataset.datatype.DefaultDataTypeFactory[_toleratedDeltaMap=org.dbunit.dataset.datatype.ToleratedDeltaMap@6452310a], http://www.dbunit.org/properties/escapePattern=null, http://www.dbunit.org/properties/batchSize=100, http://www.dbunit.org/features/qualifiedTableNames=false, http://www.dbunit.org/properties/tableType=[Ljava.lang.String;@5011bafa, http://www.dbunit.org/properties/resultSetTableFactory=org.dbunit.database.CachedResultSetTableFactory@10bcf083, http://www.dbunit.org/features/datatypeWarning=true}]) - start
170088 [main] TRACE org.dbunit.database.DatabaseConfig  - getFeature(name=http://www.dbunit.org/features/qualifiedTableNames) - start
170088 [main] TRACE org.dbunit.database.DatabaseConfig  - getProperty(name=http://www.dbunit.org/features/qualifiedTableNames) - start
170088 [main] DEBUG org.dbunit.util.QualifiedTableName  - Qualified table names feature is disabled. Returning plain table name
170088 [main] DEBUG org.dbunit.util.QualifiedTableName  - getQualifiedName(prefix=null, name=SCOPEDCONTENT, escapePattern=null) - start
170088 [main] DEBUG org.dbunit.database.search.AbstractMetaDataBasedSearchCallback  - newEdge(rs=org.apache.commons.dbcp.DelegatingResultSet@572b62ef, type=0, from=SCOPEDCONTENTCONDITIONS_SCOPEDCONTENT, to=SCOPEDCONTENT, fkColumn=SCOPED_CONTENT_ID, pkColumn=ID) - start
170088 [main] DEBUG org.dbunit.database.search.AbstractMetaDataBasedSearchCallback  - createFKEdge(rs=org.apache.commons.dbcp.DelegatingResultSet@572b62ef, type=0, from=SCOPEDCONTENTCONDITIONS_SCOPEDCONTENT, to=SCOPEDCONTENT, fkColumn=SCOPED_CONTENT_ID, pkColumn=ID) - start
170088 [main] DEBUG org.dbunit.database.search.AbstractMetaDataBasedSearchCallback  - Adding edge SCOPEDCONTENTCONDITIONS_SCOPEDCONTENT(SCOPED_CONTENT_ID)->SCOPEDCONTENT(ID)
170088 [main] DEBUG org.dbunit.util.search.Edge  - compareTo(o=SCOPEDCONTENTCONDITIONS_SCOPEDCONTENT(SCOPED_CONTENT_ID)->SCOPEDCONTENT(ID)) - start
170088 [main] DEBUG org.dbunit.util.QualifiedTableName  - getQualifiedNameIfEnabled(config=org.dbunit.database.DatabaseConfig[, _propertyMap={http://www.dbunit.org/properties/statementFactory=org.dbunit.database.statement.PreparedStatementFactory@626bc2b8, http://www.dbunit.org/features/caseSensitiveTableNames=false, http://www.dbunit.org/properties/fetchSize=100, http://www.dbunit.org/features/batchedStatements=false, http://www.dbunit.org/properties/metadataHandler=org.dbunit.database.DefaultMetadataHandler@62baffef, http://www.dbunit.org/properties/datatypeFactory=org.dbunit.dataset.datatype.DefaultDataTypeFactory[_toleratedDeltaMap=org.dbunit.dataset.datatype.ToleratedDeltaMap@6452310a], http://www.dbunit.org/properties/escapePattern=null, http://www.dbunit.org/properties/batchSize=100, http://www.dbunit.org/features/qualifiedTableNames=false, http://www.dbunit.org/properties/tableType=[Ljava.lang.String;@5011bafa, http://www.dbunit.org/properties/resultSetTableFactory=org.dbunit.database.CachedResultSetTableFactory@10bcf083, http://www.dbunit.org/features/datatypeWarning=true}]) - start
170088 [main] TRACE org.dbunit.database.DatabaseConfig  - getFeature(name=http://www.dbunit.org/features/qualifiedTableNames) - start
170088 [main] TRACE org.dbunit.database.DatabaseConfig  - getProperty(name=http://www.dbunit.org/features/qualifiedTableNames) - start
170088 [main] DEBUG org.dbunit.util.QualifiedTableName  - Qualified table names feature is disabled. Returning plain table name
170088 [main] DEBUG org.dbunit.util.QualifiedTableName  - getQualifiedName(prefix=null, name=SCOPEDCONTENTCONDITIONS_SCOPEDCONTENT, escapePattern=null) - start
170089 [main] DEBUG org.dbunit.util.QualifiedTableName  - getQualifiedNameIfEnabled(config=org.dbunit.database.DatabaseConfig[, _propertyMap={http://www.dbunit.org/properties/statementFactory=org.dbunit.database.statement.PreparedStatementFactory@626bc2b8, http://www.dbunit.org/features/caseSensitiveTableNames=false, http://www.dbunit.org/properties/fetchSize=100, http://www.dbunit.org/features/batchedStatements=false, http://www.dbunit.org/properties/metadataHandler=org.dbunit.database.DefaultMetadataHandler@62baffef, http://www.dbunit.org/properties/datatypeFactory=org.dbunit.dataset.datatype.DefaultDataTypeFactory[_toleratedDeltaMap=org.dbunit.dataset.datatype.ToleratedDeltaMap@6452310a], http://www.dbunit.org/properties/escapePattern=null, http://www.dbunit.org/properties/batchSize=100, http://www.dbunit.org/features/qualifiedTableNames=false, http://www.dbunit.org/properties/tableType=[Ljava.lang.String;@5011bafa, http://www.dbunit.org/properties/resultSetTableFactory=org.dbunit.database.CachedResultSetTableFactory@10bcf083, http://www.dbunit.org/features/datatypeWarning=true}]) - start
170089 [main] TRACE org.dbunit.database.DatabaseConfig  - getFeature(name=http://www.dbunit.org/features/qualifiedTableNames) - start
170089 [main] TRACE org.dbunit.database.DatabaseConfig  - getProperty(name=http://www.dbunit.org/features/qualifiedTableNames) - start
170089 [main] DEBUG org.dbunit.util.QualifiedTableName  - Qualified table names feature is disabled. Returning plain table name
170089 [main] DEBUG org.dbunit.util.QualifiedTableName  - getQualifiedName(prefix=null, name=SCOPEDCONTENTCONDITION, escapePattern=null) - start
170089 [main] DEBUG org.dbunit.database.search.AbstractMetaDataBasedSearchCallback  - newEdge(rs=org.apache.commons.dbcp.DelegatingResultSet@572b62ef, type=0, from=SCOPEDCONTENTCONDITIONS_SCOPEDCONTENT, to=SCOPEDCONTENTCONDITION, fkColumn=SCOPED_CONTENT_CONDITION_ID, pkColumn=ID) - start
170089 [main] DEBUG org.dbunit.database.search.AbstractMetaDataBasedSearchCallback  - createFKEdge(rs=org.apache.commons.dbcp.DelegatingResultSet@572b62ef, type=0, from=SCOPEDCONTENTCONDITIONS_SCOPEDCONTENT, to=SCOPEDCONTENTCONDITION, fkColumn=SCOPED_CONTENT_CONDITION_ID, pkColumn=ID) - start
170089 [main] DEBUG org.dbunit.database.search.AbstractMetaDataBasedSearchCallback  - Adding edge SCOPEDCONTENTCONDITIONS_SCOPEDCONTENT(SCOPED_CONTENT_CONDITION_ID)->SCOPEDCONTENTCONDITION(ID)
170089 [main] DEBUG org.dbunit.util.search.Edge  - compareTo(o=SCOPEDCONTENTCONDITIONS_SCOPEDCONTENT(SCOPED_CONTENT_ID)->SCOPEDCONTENT(ID)) - start
170089 [main] DEBUG org.dbunit.util.SQLHelper  - close(resultSet=org.apache.commons.dbcp.DelegatingResultSet@572b62ef) - start
170089 [main] DEBUG org.dbunit.util.search.DepthFirstSearch  - search:SCOPEDCONTENT
170089 [main] DEBUG org.dbunit.database.search.ImportedKeysSearchCallback  - searchNode(node=SCOPEDCONTENT) - start
170089 [main] DEBUG org.dbunit.util.search.DepthFirstSearch  - Pushing SCOPEDCONTENT
170089 [main] DEBUG org.dbunit.database.search.ImportedKeysSearchCallback  - getEdges(node=SCOPEDCONTENT) - start
170089 [main] DEBUG org.dbunit.database.search.AbstractMetaDataBasedSearchCallback  - getNodesFromImportedKeys(node=SCOPEDCONTENT) - start
170089 [main] DEBUG org.dbunit.database.search.AbstractMetaDataBasedSearchCallback  - getNodes(type=0, node=SCOPEDCONTENT) - start
170089 [main] DEBUG org.dbunit.database.DatabaseDataSourceConnection  - getConnection() - start
170089 [main] DEBUG org.dbunit.database.search.AbstractMetaDataBasedSearchCallback  - getNodes(type=0, node=SCOPEDCONTENT, conn=Transaction-aware proxy for target Connection [jdbc:hsqldb:mem:kontrollDS, UserName=sw, HSQL Database Engine Driver], schema=null, metaData=org.apache.commons.dbcp.DelegatingDatabaseMetaData@616c659e, edges=[]) - start
170089 [main] DEBUG org.dbunit.database.search.AbstractMetaDataBasedSearchCallback  - Getting edges for node SCOPEDCONTENT
170089 [main] TRACE org.dbunit.database.DatabaseConfig  - getProperty(name=http://www.dbunit.org/properties/metadataHandler) - start
170089 [main] TRACE org.dbunit.database.DefaultMetadataHandler  - tableExists(metaData=org.apache.commons.dbcp.DelegatingDatabaseMetaData@616c659e, schemaName=null, tableName=SCOPEDCONTENT) - start
170090 [main] DEBUG org.dbunit.util.SQLHelper  - close(resultSet=org.apache.commons.dbcp.DelegatingResultSet@24f61088) - start
170091 [main] DEBUG org.dbunit.util.QualifiedTableName  - getQualifiedNameIfEnabled(config=org.dbunit.database.DatabaseConfig[, _propertyMap={http://www.dbunit.org/properties/statementFactory=org.dbunit.database.statement.PreparedStatementFactory@626bc2b8, http://www.dbunit.org/features/caseSensitiveTableNames=false, http://www.dbunit.org/properties/fetchSize=100, http://www.dbunit.org/features/batchedStatements=false, http://www.dbunit.org/properties/metadataHandler=org.dbunit.database.DefaultMetadataHandler@62baffef, http://www.dbunit.org/properties/datatypeFactory=org.dbunit.dataset.datatype.DefaultDataTypeFactory[_toleratedDeltaMap=org.dbunit.dataset.datatype.ToleratedDeltaMap@6452310a], http://www.dbunit.org/properties/escapePattern=null, http://www.dbunit.org/properties/batchSize=100, http://www.dbunit.org/features/qualifiedTableNames=false, http://www.dbunit.org/properties/tableType=[Ljava.lang.String;@5011bafa, http://www.dbunit.org/properties/resultSetTableFactory=org.dbunit.database.CachedResultSetTableFactory@10bcf083, http://www.dbunit.org/features/datatypeWarning=true}]) - start
170091 [main] TRACE org.dbunit.database.DatabaseConfig  - getFeature(name=http://www.dbunit.org/features/qualifiedTableNames) - start
170091 [main] TRACE org.dbunit.database.DatabaseConfig  - getProperty(name=http://www.dbunit.org/features/qualifiedTableNames) - start
170091 [main] DEBUG org.dbunit.util.QualifiedTableName  - Qualified table names feature is disabled. Returning plain table name
170091 [main] DEBUG org.dbunit.util.QualifiedTableName  - getQualifiedName(prefix=null, name=SCOPEDCONTENT, escapePattern=null) - start
170091 [main] DEBUG org.dbunit.util.QualifiedTableName  - getQualifiedNameIfEnabled(config=org.dbunit.database.DatabaseConfig[, _propertyMap={http://www.dbunit.org/properties/statementFactory=org.dbunit.database.statement.PreparedStatementFactory@626bc2b8, http://www.dbunit.org/features/caseSensitiveTableNames=false, http://www.dbunit.org/properties/fetchSize=100, http://www.dbunit.org/features/batchedStatements=false, http://www.dbunit.org/properties/metadataHandler=org.dbunit.database.DefaultMetadataHandler@62baffef, http://www.dbunit.org/properties/datatypeFactory=org.dbunit.dataset.datatype.DefaultDataTypeFactory[_toleratedDeltaMap=org.dbunit.dataset.datatype.ToleratedDeltaMap@6452310a], http://www.dbunit.org/properties/escapePattern=null, http://www.dbunit.org/properties/batchSize=100, http://www.dbunit.org/features/qualifiedTableNames=false, http://www.dbunit.org/properties/tableType=[Ljava.lang.String;@5011bafa, http://www.dbunit.org/properties/resultSetTableFactory=org.dbunit.database.CachedResultSetTableFactory@10bcf083, http://www.dbunit.org/features/datatypeWarning=true}]) - start
170091 [main] TRACE org.dbunit.database.DatabaseConfig  - getFeature(name=http://www.dbunit.org/features/qualifiedTableNames) - start
170091 [main] TRACE org.dbunit.database.DatabaseConfig  - getProperty(name=http://www.dbunit.org/features/qualifiedTableNames) - start
170091 [main] DEBUG org.dbunit.util.QualifiedTableName  - Qualified table names feature is disabled. Returning plain table name
170091 [main] DEBUG org.dbunit.util.QualifiedTableName  - getQualifiedName(prefix=null, name=SCOPE, escapePattern=null) - start
170091 [main] DEBUG org.dbunit.database.search.AbstractMetaDataBasedSearchCallback  - newEdge(rs=org.apache.commons.dbcp.DelegatingResultSet@61f0fe81, type=0, from=SCOPEDCONTENT, to=SCOPE, fkColumn=SCOPE, pkColumn=ID) - start
170091 [main] DEBUG org.dbunit.database.search.AbstractMetaDataBasedSearchCallback  - createFKEdge(rs=org.apache.commons.dbcp.DelegatingResultSet@61f0fe81, type=0, from=SCOPEDCONTENT, to=SCOPE, fkColumn=SCOPE, pkColumn=ID) - start
170091 [main] DEBUG org.dbunit.database.search.AbstractMetaDataBasedSearchCallback  - Adding edge SCOPEDCONTENT(SCOPE)->SCOPE(ID)
170091 [main] DEBUG org.dbunit.util.search.Edge  - compareTo(o=SCOPEDCONTENT(SCOPE)->SCOPE(ID)) - start
170091 [main] DEBUG org.dbunit.util.SQLHelper  - close(resultSet=org.apache.commons.dbcp.DelegatingResultSet@61f0fe81) - start
170091 [main] DEBUG org.dbunit.util.search.DepthFirstSearch  - search:SCOPE
170091 [main] DEBUG org.dbunit.database.search.ImportedKeysSearchCallback  - searchNode(node=SCOPE) - start
170091 [main] DEBUG org.dbunit.util.search.DepthFirstSearch  - Pushing SCOPE
170091 [main] DEBUG org.dbunit.database.search.ImportedKeysSearchCallback  - getEdges(node=SCOPE) - start
170091 [main] DEBUG org.dbunit.database.search.AbstractMetaDataBasedSearchCallback  - getNodesFromImportedKeys(node=SCOPE) - start
170091 [main] DEBUG org.dbunit.database.search.AbstractMetaDataBasedSearchCallback  - getNodes(type=0, node=SCOPE) - start
170091 [main] DEBUG org.dbunit.database.DatabaseDataSourceConnection  - getConnection() - start
170091 [main] DEBUG org.dbunit.database.search.AbstractMetaDataBasedSearchCallback  - getNodes(type=0, node=SCOPE, conn=Transaction-aware proxy for target Connection [jdbc:hsqldb:mem:kontrollDS, UserName=sw, HSQL Database Engine Driver], schema=null, metaData=org.apache.commons.dbcp.DelegatingDatabaseMetaData@14d4f963, edges=[]) - start
170092 [main] DEBUG org.dbunit.database.search.AbstractMetaDataBasedSearchCallback  - Getting edges for node SCOPE
170092 [main] TRACE org.dbunit.database.DatabaseConfig  - getProperty(name=http://www.dbunit.org/properties/metadataHandler) - start
170092 [main] TRACE org.dbunit.database.DefaultMetadataHandler  - tableExists(metaData=org.apache.commons.dbcp.DelegatingDatabaseMetaData@14d4f963, schemaName=null, tableName=SCOPE) - start
170093 [main] DEBUG org.dbunit.util.SQLHelper  - close(resultSet=org.apache.commons.dbcp.DelegatingResultSet@87eb108) - start
170093 [main] DEBUG org.dbunit.util.SQLHelper  - close(resultSet=org.apache.commons.dbcp.DelegatingResultSet@312e8662) - start
170093 [main] DEBUG org.dbunit.util.search.DepthFirstSearch  - Adding node SCOPE to the final result
170093 [main] DEBUG org.dbunit.util.search.DepthFirstSearch  - Adding node SCOPEDCONTENT to the final result
170093 [main] DEBUG org.dbunit.util.search.DepthFirstSearch  - search:SCOPEDCONTENTCONDITION
170093 [main] DEBUG org.dbunit.database.search.ImportedKeysSearchCallback  - searchNode(node=SCOPEDCONTENTCONDITION) - start
170093 [main] DEBUG org.dbunit.util.search.DepthFirstSearch  - Pushing SCOPEDCONTENTCONDITION
170093 [main] DEBUG org.dbunit.database.search.ImportedKeysSearchCallback  - getEdges(node=SCOPEDCONTENTCONDITION) - start
170093 [main] DEBUG org.dbunit.database.search.AbstractMetaDataBasedSearchCallback  - getNodesFromImportedKeys(node=SCOPEDCONTENTCONDITION) - start
170093 [main] DEBUG org.dbunit.database.search.AbstractMetaDataBasedSearchCallback  - getNodes(type=0, node=SCOPEDCONTENTCONDITION) - start
170093 [main] DEBUG org.dbunit.database.DatabaseDataSourceConnection  - getConnection() - start
170093 [main] DEBUG org.dbunit.database.search.AbstractMetaDataBasedSearchCallback  - getNodes(type=0, node=SCOPEDCONTENTCONDITION, conn=Transaction-aware proxy for target Connection [jdbc:hsqldb:mem:kontrollDS, UserName=sw, HSQL Database Engine Driver], schema=null, metaData=org.apache.commons.dbcp.DelegatingDatabaseMetaData@6578a527, edges=[]) - start
170093 [main] DEBUG org.dbunit.database.search.AbstractMetaDataBasedSearchCallback  - Getting edges for node SCOPEDCONTENTCONDITION
170093 [main] TRACE org.dbunit.database.DatabaseConfig  - getProperty(name=http://www.dbunit.org/properties/metadataHandler) - start
170093 [main] TRACE org.dbunit.database.DefaultMetadataHandler  - tableExists(metaData=org.apache.commons.dbcp.DelegatingDatabaseMetaData@6578a527, schemaName=null, tableName=SCOPEDCONTENTCONDITION) - start
170094 [main] DEBUG org.dbunit.util.SQLHelper  - close(resultSet=org.apache.commons.dbcp.DelegatingResultSet@67f138c9) - start
170095 [main] DEBUG org.dbunit.util.SQLHelper  - close(resultSet=org.apache.commons.dbcp.DelegatingResultSet@16a61d7a) - start
170095 [main] DEBUG org.dbunit.util.search.DepthFirstSearch  - Adding node SCOPEDCONTENTCONDITION to the final result
170095 [main] DEBUG org.dbunit.util.search.DepthFirstSearch  - Adding node SCOPEDCONTENTCONDITIONS_SCOPEDCONTENT to the final result
170095 [main] DEBUG org.dbunit.util.search.DepthFirstSearch  - reverseSearch:SCOPEDCONTENT
170095 [main] DEBUG org.dbunit.database.search.ImportedKeysSearchCallback  - searchNode(node=SCOPEDCONTENT) - start
170095 [main] DEBUG org.dbunit.util.search.DepthFirstSearch  - Pushing (reverse) SCOPEDCONTENT
170095 [main] DEBUG org.dbunit.database.search.ImportedKeysSearchCallback  - getEdges(node=SCOPEDCONTENT) - start
170095 [main] DEBUG org.dbunit.database.search.AbstractMetaDataBasedSearchCallback  - getNodesFromImportedKeys(node=SCOPEDCONTENT) - start
170095 [main] DEBUG org.dbunit.database.search.AbstractMetaDataBasedSearchCallback  - getNodes(type=0, node=SCOPEDCONTENT) - start
170095 [main] DEBUG org.dbunit.database.DatabaseDataSourceConnection  - getConnection() - start
170095 [main] DEBUG org.dbunit.database.search.AbstractMetaDataBasedSearchCallback  - getNodes(type=0, node=SCOPEDCONTENT, conn=Transaction-aware proxy for target Connection [jdbc:hsqldb:mem:kontrollDS, UserName=sw, HSQL Database Engine Driver], schema=null, metaData=org.apache.commons.dbcp.DelegatingDatabaseMetaData@73d94033, edges=[]) - start
170095 [main] DEBUG org.dbunit.database.search.AbstractMetaDataBasedSearchCallback  - Getting edges for node SCOPEDCONTENT
170095 [main] TRACE org.dbunit.database.DatabaseConfig  - getProperty(name=http://www.dbunit.org/properties/metadataHandler) - start
170095 [main] TRACE org.dbunit.database.DefaultMetadataHandler  - tableExists(metaData=org.apache.commons.dbcp.DelegatingDatabaseMetaData@73d94033, schemaName=null, tableName=SCOPEDCONTENT) - start
170096 [main] DEBUG org.dbunit.util.SQLHelper  - close(resultSet=org.apache.commons.dbcp.DelegatingResultSet@31f00a99) - start
170096 [main] DEBUG org.dbunit.util.QualifiedTableName  - getQualifiedNameIfEnabled(config=org.dbunit.database.DatabaseConfig[, _propertyMap={http://www.dbunit.org/properties/statementFactory=org.dbunit.database.statement.PreparedStatementFactory@626bc2b8, http://www.dbunit.org/features/caseSensitiveTableNames=false, http://www.dbunit.org/properties/fetchSize=100, http://www.dbunit.org/features/batchedStatements=false, http://www.dbunit.org/properties/metadataHandler=org.dbunit.database.DefaultMetadataHandler@62baffef, http://www.dbunit.org/properties/datatypeFactory=org.dbunit.dataset.datatype.DefaultDataTypeFactory[_toleratedDeltaMap=org.dbunit.dataset.datatype.ToleratedDeltaMap@6452310a], http://www.dbunit.org/properties/escapePattern=null, http://www.dbunit.org/properties/batchSize=100, http://www.dbunit.org/features/qualifiedTableNames=false, http://www.dbunit.org/properties/tableType=[Ljava.lang.String;@5011bafa, http://www.dbunit.org/properties/resultSetTableFactory=org.dbunit.database.CachedResultSetTableFactory@10bcf083, http://www.dbunit.org/features/datatypeWarning=true}]) - start
170097 [main] TRACE org.dbunit.database.DatabaseConfig  - getFeature(name=http://www.dbunit.org/features/qualifiedTableNames) - start
170097 [main] TRACE org.dbunit.database.DatabaseConfig  - getProperty(name=http://www.dbunit.org/features/qualifiedTableNames) - start
170097 [main] DEBUG org.dbunit.util.QualifiedTableName  - Qualified table names feature is disabled. Returning plain table name
170097 [main] DEBUG org.dbunit.util.QualifiedTableName  - getQualifiedName(prefix=null, name=SCOPEDCONTENT, escapePattern=null) - start
170097 [main] DEBUG org.dbunit.util.QualifiedTableName  - getQualifiedNameIfEnabled(config=org.dbunit.database.DatabaseConfig[, _propertyMap={http://www.dbunit.org/properties/statementFactory=org.dbunit.database.statement.PreparedStatementFactory@626bc2b8, http://www.dbunit.org/features/caseSensitiveTableNames=false, http://www.dbunit.org/properties/fetchSize=100, http://www.dbunit.org/features/batchedStatements=false, http://www.dbunit.org/properties/metadataHandler=org.dbunit.database.DefaultMetadataHandler@62baffef, http://www.dbunit.org/properties/datatypeFactory=org.dbunit.dataset.datatype.DefaultDataTypeFactory[_toleratedDeltaMap=org.dbunit.dataset.datatype.ToleratedDeltaMap@6452310a], http://www.dbunit.org/properties/escapePattern=null, http://www.dbunit.org/properties/batchSize=100, http://www.dbunit.org/features/qualifiedTableNames=false, http://www.dbunit.org/properties/tableType=[Ljava.lang.String;@5011bafa, http://www.dbunit.org/properties/resultSetTableFactory=org.dbunit.database.CachedResultSetTableFactory@10bcf083, http://www.dbunit.org/features/datatypeWarning=true}]) - start
170097 [main] TRACE org.dbunit.database.DatabaseConfig  - getFeature(name=http://www.dbunit.org/features/qualifiedTableNames) - start
170097 [main] TRACE org.dbunit.database.DatabaseConfig  - getProperty(name=http://www.dbunit.org/features/qualifiedTableNames) - start
170097 [main] DEBUG org.dbunit.util.QualifiedTableName  - Qualified table names feature is disabled. Returning plain table name
170097 [main] DEBUG org.dbunit.util.QualifiedTableName  - getQualifiedName(prefix=null, name=SCOPE, escapePattern=null) - start
170097 [main] DEBUG org.dbunit.database.search.AbstractMetaDataBasedSearchCallback  - newEdge(rs=org.apache.commons.dbcp.DelegatingResultSet@57d839ac, type=0, from=SCOPEDCONTENT, to=SCOPE, fkColumn=SCOPE, pkColumn=ID) - start
170097 [main] DEBUG org.dbunit.database.search.AbstractMetaDataBasedSearchCallback  - createFKEdge(rs=org.apache.commons.dbcp.DelegatingResultSet@57d839ac, type=0, from=SCOPEDCONTENT, to=SCOPE, fkColumn=SCOPE, pkColumn=ID) - start
170098 [main] DEBUG org.dbunit.database.search.AbstractMetaDataBasedSearchCallback  - Adding edge SCOPEDCONTENT(SCOPE)->SCOPE(ID)
170098 [main] DEBUG org.dbunit.util.search.Edge  - compareTo(o=SCOPEDCONTENT(SCOPE)->SCOPE(ID)) - start
170098 [main] DEBUG org.dbunit.util.SQLHelper  - close(resultSet=org.apache.commons.dbcp.DelegatingResultSet@57d839ac) - start
170098 [main] DEBUG org.dbunit.util.search.DepthFirstSearch  - reverseSearch:SCOPE
170098 [main] DEBUG org.dbunit.database.search.ImportedKeysSearchCallback  - searchNode(node=SCOPE) - start
170098 [main] DEBUG org.dbunit.util.search.DepthFirstSearch  - Pushing (reverse) SCOPE
170098 [main] DEBUG org.dbunit.database.search.ImportedKeysSearchCallback  - getEdges(node=SCOPE) - start
170098 [main] DEBUG org.dbunit.database.search.AbstractMetaDataBasedSearchCallback  - getNodesFromImportedKeys(node=SCOPE) - start
170098 [main] DEBUG org.dbunit.database.search.AbstractMetaDataBasedSearchCallback  - getNodes(type=0, node=SCOPE) - start
170098 [main] DEBUG org.dbunit.database.DatabaseDataSourceConnection  - getConnection() - start
170098 [main] DEBUG org.dbunit.database.search.AbstractMetaDataBasedSearchCallback  - getNodes(type=0, node=SCOPE, conn=Transaction-aware proxy for target Connection [jdbc:hsqldb:mem:kontrollDS, UserName=sw, HSQL Database Engine Driver], schema=null, metaData=org.apache.commons.dbcp.DelegatingDatabaseMetaData@34b27842, edges=[]) - start
170098 [main] DEBUG org.dbunit.database.search.AbstractMetaDataBasedSearchCallback  - Getting edges for node SCOPE
170098 [main] TRACE org.dbunit.database.DatabaseConfig  - getProperty(name=http://www.dbunit.org/properties/metadataHandler) - start
170098 [main] TRACE org.dbunit.database.DefaultMetadataHandler  - tableExists(metaData=org.apache.commons.dbcp.DelegatingDatabaseMetaData@34b27842, schemaName=null, tableName=SCOPE) - start
170100 [main] DEBUG org.dbunit.util.SQLHelper  - close(resultSet=org.apache.commons.dbcp.DelegatingResultSet@395cabcf) - start
170100 [main] DEBUG org.dbunit.util.SQLHelper  - close(resultSet=org.apache.commons.dbcp.DelegatingResultSet@15c03ab2) - start
170100 [main] DEBUG org.dbunit.util.search.DepthFirstSearch  - reverseSearch:SCOPEDCONTENTCONDITION
170100 [main] DEBUG org.dbunit.database.search.ImportedKeysSearchCallback  - searchNode(node=SCOPEDCONTENTCONDITION) - start
170100 [main] DEBUG org.dbunit.util.search.DepthFirstSearch  - Pushing (reverse) SCOPEDCONTENTCONDITION
170100 [main] DEBUG org.dbunit.database.search.ImportedKeysSearchCallback  - getEdges(node=SCOPEDCONTENTCONDITION) - start
170100 [main] DEBUG org.dbunit.database.search.AbstractMetaDataBasedSearchCallback  - getNodesFromImportedKeys(node=SCOPEDCONTENTCONDITION) - start
170100 [main] DEBUG org.dbunit.database.search.AbstractMetaDataBasedSearchCallback  - getNodes(type=0, node=SCOPEDCONTENTCONDITION) - start
170100 [main] DEBUG org.dbunit.database.DatabaseDataSourceConnection  - getConnection() - start
170100 [main] DEBUG org.dbunit.database.search.AbstractMetaDataBasedSearchCallback  - getNodes(type=0, node=SCOPEDCONTENTCONDITION, conn=Transaction-aware proxy for target Connection [jdbc:hsqldb:mem:kontrollDS, UserName=sw, HSQL Database Engine Driver], schema=null, metaData=org.apache.commons.dbcp.DelegatingDatabaseMetaData@7f4d8745, edges=[]) - start
170100 [main] DEBUG org.dbunit.database.search.AbstractMetaDataBasedSearchCallback  - Getting edges for node SCOPEDCONTENTCONDITION
170100 [main] TRACE org.dbunit.database.DatabaseConfig  - getProperty(name=http://www.dbunit.org/properties/metadataHandler) - start
170100 [main] TRACE org.dbunit.database.DefaultMetadataHandler  - tableExists(metaData=org.apache.commons.dbcp.DelegatingDatabaseMetaData@7f4d8745, schemaName=null, tableName=SCOPEDCONTENTCONDITION) - start
170102 [main] DEBUG org.dbunit.util.SQLHelper  - close(resultSet=org.apache.commons.dbcp.DelegatingResultSet@5d0ebb1a) - start
170102 [main] DEBUG org.dbunit.util.SQLHelper  - close(resultSet=org.apache.commons.dbcp.DelegatingResultSet@53b9e58) - start
170102 [main] DEBUG org.dbunit.util.search.DepthFirstSearch  - reverseSearch:SCOPEDCONTENTCONDITIONS_SCOPEDCONTENT
170102 [main] DEBUG org.dbunit.util.search.DepthFirstSearch  - already searched; returning true
170102 [main] DEBUG org.dbunit.util.search.DepthFirstSearch  - search:SCOPEDCONTENTCONDITIONS_SCOPEDCONTENT
170102 [main] DEBUG org.dbunit.util.search.DepthFirstSearch  - already searched; returning true
170102 [main] DEBUG org.dbunit.util.search.DepthFirstSearch  - search:SCOPEDCONTENT
170102 [main] DEBUG org.dbunit.util.search.DepthFirstSearch  - already searched; returning true
170102 [main] DEBUG org.dbunit.util.search.DepthFirstSearch  - search:SCOPE
170102 [main] DEBUG org.dbunit.util.search.DepthFirstSearch  - already searched; returning true
170102 [main] DEBUG org.dbunit.util.search.DepthFirstSearch  - search:SCOPEDCONTENTCONDITION
170102 [main] DEBUG org.dbunit.util.search.DepthFirstSearch  - already searched; returning true
170103 [main] DEBUG org.dbunit.util.CollectionsHelper  - setToStrings(set=[SCOPE, SCOPEDCONTENT, SCOPEDCONTENTCONDITION, SCOPEDCONTENTCONDITIONS_SCOPEDCONTENT]) - start
170103 [main] DEBUG org.dbunit.database.search.TablesDependencyHelper  - getDependsOnTables(connection=_databaseConfig=org.dbunit.database.DatabaseConfig[, _propertyMap={http://www.dbunit.org/properties/statementFactory=org.dbunit.database.statement.PreparedStatementFactory@626bc2b8, http://www.dbunit.org/features/caseSensitiveTableNames=false, http://www.dbunit.org/properties/fetchSize=100, http://www.dbunit.org/features/batchedStatements=false, http://www.dbunit.org/properties/metadataHandler=org.dbunit.database.DefaultMetadataHandler@62baffef, http://www.dbunit.org/properties/datatypeFactory=org.dbunit.dataset.datatype.DefaultDataTypeFactory[_toleratedDeltaMap=org.dbunit.dataset.datatype.ToleratedDeltaMap@6452310a], http://www.dbunit.org/properties/escapePattern=null, http://www.dbunit.org/properties/batchSize=100, http://www.dbunit.org/features/qualifiedTableNames=false, http://www.dbunit.org/properties/tableType=[Ljava.lang.String;@5011bafa, http://www.dbunit.org/properties/resultSetTableFactory=org.dbunit.database.CachedResultSetTableFactory@10bcf083, http://www.dbunit.org/features/datatypeWarning=true}], _dataSet=AbstractDataSet[_orderedTableNameMap=null], rootTable=SCOPEDCONTENTCONDITIONS_SCOPEDCONTENT) - start
170103 [main] DEBUG org.dbunit.util.search.DepthFirstSearch  - search(nodesFrom=[SCOPEDCONTENTCONDITIONS_SCOPEDCONTENT], callback=org.dbunit.database.search.ExportedKeysSearchCallback@4d4036b8) - start
170103 [main] DEBUG org.dbunit.util.CollectionsHelper  - objectsToSet(objects=SCOPEDCONTENTCONDITIONS_SCOPEDCONTENT) - start
170103 [main] DEBUG org.dbunit.util.search.DepthFirstSearch  - search(nodesFrom=[SCOPEDCONTENTCONDITIONS_SCOPEDCONTENT], callback=org.dbunit.database.search.ExportedKeysSearchCallback@4d4036b8) - start
170103 [main] DEBUG org.dbunit.util.search.DepthFirstSearch  - reverseSearch:SCOPEDCONTENTCONDITIONS_SCOPEDCONTENT
170103 [main] DEBUG org.dbunit.database.search.ExportedKeysSearchCallback  - searchNode(node=SCOPEDCONTENTCONDITIONS_SCOPEDCONTENT) - start
170103 [main] DEBUG org.dbunit.util.search.DepthFirstSearch  - Pushing (reverse) SCOPEDCONTENTCONDITIONS_SCOPEDCONTENT
170103 [main] DEBUG org.dbunit.database.search.ExportedKeysSearchCallback  - getEdges(node=SCOPEDCONTENTCONDITIONS_SCOPEDCONTENT) - start
170103 [main] DEBUG org.dbunit.database.search.AbstractMetaDataBasedSearchCallback  - getNodesFromExportedKeys(node=SCOPEDCONTENTCONDITIONS_SCOPEDCONTENT) - start
170104 [main] DEBUG org.dbunit.database.search.AbstractMetaDataBasedSearchCallback  - getNodes(type=1, node=SCOPEDCONTENTCONDITIONS_SCOPEDCONTENT) - start
170104 [main] DEBUG org.dbunit.database.DatabaseDataSourceConnection  - getConnection() - start
170104 [main] DEBUG org.dbunit.database.search.AbstractMetaDataBasedSearchCallback  - getNodes(type=1, node=SCOPEDCONTENTCONDITIONS_SCOPEDCONTENT, conn=Transaction-aware proxy for target Connection [jdbc:hsqldb:mem:kontrollDS, UserName=sw, HSQL Database Engine Driver], schema=null, metaData=org.apache.commons.dbcp.DelegatingDatabaseMetaData@32c891a7, edges=[]) - start
170104 [main] DEBUG org.dbunit.database.search.AbstractMetaDataBasedSearchCallback  - Getting edges for node SCOPEDCONTENTCONDITIONS_SCOPEDCONTENT
170104 [main] TRACE org.dbunit.database.DatabaseConfig  - getProperty(name=http://www.dbunit.org/properties/metadataHandler) - start
170105 [main] TRACE org.dbunit.database.DefaultMetadataHandler  - tableExists(metaData=org.apache.commons.dbcp.DelegatingDatabaseMetaData@32c891a7, schemaName=null, tableName=SCOPEDCONTENTCONDITIONS_SCOPEDCONTENT) - start
170106 [main] DEBUG org.dbunit.util.SQLHelper  - close(resultSet=org.apache.commons.dbcp.DelegatingResultSet@78190521) - start
170106 [main] DEBUG org.dbunit.util.SQLHelper  - close(resultSet=org.apache.commons.dbcp.DelegatingResultSet@24196fd7) - start
170106 [main] DEBUG org.dbunit.util.search.DepthFirstSearch  - search:SCOPEDCONTENTCONDITIONS_SCOPEDCONTENT
170106 [main] DEBUG org.dbunit.database.search.ExportedKeysSearchCallback  - searchNode(node=SCOPEDCONTENTCONDITIONS_SCOPEDCONTENT) - start
170106 [main] DEBUG org.dbunit.util.search.DepthFirstSearch  - Pushing SCOPEDCONTENTCONDITIONS_SCOPEDCONTENT
170106 [main] DEBUG org.dbunit.database.search.ExportedKeysSearchCallback  - getEdges(node=SCOPEDCONTENTCONDITIONS_SCOPEDCONTENT) - start
170106 [main] DEBUG org.dbunit.database.search.AbstractMetaDataBasedSearchCallback  - getNodesFromExportedKeys(node=SCOPEDCONTENTCONDITIONS_SCOPEDCONTENT) - start
170106 [main] DEBUG org.dbunit.database.search.AbstractMetaDataBasedSearchCallback  - getNodes(type=1, node=SCOPEDCONTENTCONDITIONS_SCOPEDCONTENT) - start
170107 [main] DEBUG org.dbunit.database.DatabaseDataSourceConnection  - getConnection() - start
170107 [main] DEBUG org.dbunit.database.search.AbstractMetaDataBasedSearchCallback  - getNodes(type=1, node=SCOPEDCONTENTCONDITIONS_SCOPEDCONTENT, conn=Transaction-aware proxy for target Connection [jdbc:hsqldb:mem:kontrollDS, UserName=sw, HSQL Database Engine Driver], schema=null, metaData=org.apache.commons.dbcp.DelegatingDatabaseMetaData@1fd9ec5, edges=[]) - start
170107 [main] DEBUG org.dbunit.database.search.AbstractMetaDataBasedSearchCallback  - Getting edges for node SCOPEDCONTENTCONDITIONS_SCOPEDCONTENT
170107 [main] TRACE org.dbunit.database.DatabaseConfig  - getProperty(name=http://www.dbunit.org/properties/metadataHandler) - start
170107 [main] TRACE org.dbunit.database.DefaultMetadataHandler  - tableExists(metaData=org.apache.commons.dbcp.DelegatingDatabaseMetaData@1fd9ec5, schemaName=null, tableName=SCOPEDCONTENTCONDITIONS_SCOPEDCONTENT) - start
170108 [main] DEBUG org.dbunit.util.SQLHelper  - close(resultSet=org.apache.commons.dbcp.DelegatingResultSet@5eac223d) - start
170108 [main] DEBUG org.dbunit.util.SQLHelper  - close(resultSet=org.apache.commons.dbcp.DelegatingResultSet@1b400516) - start
170108 [main] DEBUG org.dbunit.util.search.DepthFirstSearch  - Adding node SCOPEDCONTENTCONDITIONS_SCOPEDCONTENT to the final result
170108 [main] DEBUG org.dbunit.util.CollectionsHelper  - setToStrings(set=[SCOPEDCONTENTCONDITIONS_SCOPEDCONTENT]) - start
170108 [main] DEBUG org.dbunit.database.search.TablesDependencyHelper  - getDirectDependsOnTables(connection=_databaseConfig=org.dbunit.database.DatabaseConfig[, _propertyMap={http://www.dbunit.org/properties/statementFactory=org.dbunit.database.statement.PreparedStatementFactory@626bc2b8, http://www.dbunit.org/features/caseSensitiveTableNames=false, http://www.dbunit.org/properties/fetchSize=100, http://www.dbunit.org/features/batchedStatements=false, http://www.dbunit.org/properties/metadataHandler=org.dbunit.database.DefaultMetadataHandler@62baffef, http://www.dbunit.org/properties/datatypeFactory=org.dbunit.dataset.datatype.DefaultDataTypeFactory[_toleratedDeltaMap=org.dbunit.dataset.datatype.ToleratedDeltaMap@6452310a], http://www.dbunit.org/properties/escapePattern=null, http://www.dbunit.org/properties/batchSize=100, http://www.dbunit.org/features/qualifiedTableNames=false, http://www.dbunit.org/properties/tableType=[Ljava.lang.String;@5011bafa, http://www.dbunit.org/properties/resultSetTableFactory=org.dbunit.database.CachedResultSetTableFactory@10bcf083, http://www.dbunit.org/features/datatypeWarning=true}], _dataSet=AbstractDataSet[_orderedTableNameMap=null], tableName=SCOPEDCONTENTCONDITIONS_SCOPEDCONTENT) - start
170108 [main] DEBUG org.dbunit.util.search.DepthFirstSearch  - search(nodesFrom=[SCOPEDCONTENTCONDITIONS_SCOPEDCONTENT], callback=org.dbunit.database.search.ExportedKeysSearchCallback@4c6561ed) - start
170108 [main] DEBUG org.dbunit.util.CollectionsHelper  - objectsToSet(objects=SCOPEDCONTENTCONDITIONS_SCOPEDCONTENT) - start
170108 [main] DEBUG org.dbunit.util.search.DepthFirstSearch  - search(nodesFrom=[SCOPEDCONTENTCONDITIONS_SCOPEDCONTENT], callback=org.dbunit.database.search.ExportedKeysSearchCallback@4c6561ed) - start
170108 [main] DEBUG org.dbunit.util.search.DepthFirstSearch  - reverseSearch:SCOPEDCONTENTCONDITIONS_SCOPEDCONTENT
170108 [main] DEBUG org.dbunit.database.search.ExportedKeysSearchCallback  - searchNode(node=SCOPEDCONTENTCONDITIONS_SCOPEDCONTENT) - start
170108 [main] DEBUG org.dbunit.util.search.DepthFirstSearch  - Pushing (reverse) SCOPEDCONTENTCONDITIONS_SCOPEDCONTENT
170108 [main] DEBUG org.dbunit.database.search.ExportedKeysSearchCallback  - getEdges(node=SCOPEDCONTENTCONDITIONS_SCOPEDCONTENT) - start
170108 [main] DEBUG org.dbunit.database.search.AbstractMetaDataBasedSearchCallback  - getNodesFromExportedKeys(node=SCOPEDCONTENTCONDITIONS_SCOPEDCONTENT) - start
170108 [main] DEBUG org.dbunit.database.search.AbstractMetaDataBasedSearchCallback  - getNodes(type=1, node=SCOPEDCONTENTCONDITIONS_SCOPEDCONTENT) - start
170109 [main] DEBUG org.dbunit.database.DatabaseDataSourceConnection  - getConnection() - start
170109 [main] DEBUG org.dbunit.database.search.AbstractMetaDataBasedSearchCallback  - getNodes(type=1, node=SCOPEDCONTENTCONDITIONS_SCOPEDCONTENT, conn=Transaction-aware proxy for target Connection [jdbc:hsqldb:mem:kontrollDS, UserName=sw, HSQL Database Engine Driver], schema=null, metaData=org.apache.commons.dbcp.DelegatingDatabaseMetaData@140035ca, edges=[]) - start
170109 [main] DEBUG org.dbunit.database.search.AbstractMetaDataBasedSearchCallback  - Getting edges for node SCOPEDCONTENTCONDITIONS_SCOPEDCONTENT
170109 [main] TRACE org.dbunit.database.DatabaseConfig  - getProperty(name=http://www.dbunit.org/properties/metadataHandler) - start
170109 [main] TRACE org.dbunit.database.DefaultMetadataHandler  - tableExists(metaData=org.apache.commons.dbcp.DelegatingDatabaseMetaData@140035ca, schemaName=null, tableName=SCOPEDCONTENTCONDITIONS_SCOPEDCONTENT) - start
170110 [main] DEBUG org.dbunit.util.SQLHelper  - close(resultSet=org.apache.commons.dbcp.DelegatingResultSet@79dfe772) - start
170110 [main] DEBUG org.dbunit.util.SQLHelper  - close(resultSet=org.apache.commons.dbcp.DelegatingResultSet@1f8cadb6) - start
170110 [main] DEBUG org.dbunit.util.search.DepthFirstSearch  - search:SCOPEDCONTENTCONDITIONS_SCOPEDCONTENT
170111 [main] DEBUG org.dbunit.database.search.ExportedKeysSearchCallback  - searchNode(node=SCOPEDCONTENTCONDITIONS_SCOPEDCONTENT) - start
170111 [main] DEBUG org.dbunit.util.search.DepthFirstSearch  - Pushing SCOPEDCONTENTCONDITIONS_SCOPEDCONTENT
170111 [main] DEBUG org.dbunit.database.search.ExportedKeysSearchCallback  - getEdges(node=SCOPEDCONTENTCONDITIONS_SCOPEDCONTENT) - start
170111 [main] DEBUG org.dbunit.database.search.AbstractMetaDataBasedSearchCallback  - getNodesFromExportedKeys(node=SCOPEDCONTENTCONDITIONS_SCOPEDCONTENT) - start
170111 [main] DEBUG org.dbunit.database.search.AbstractMetaDataBasedSearchCallback  - getNodes(type=1, node=SCOPEDCONTENTCONDITIONS_SCOPEDCONTENT) - start
170111 [main] DEBUG org.dbunit.database.DatabaseDataSourceConnection  - getConnection() - start
170111 [main] DEBUG org.dbunit.database.search.AbstractMetaDataBasedSearchCallback  - getNodes(type=1, node=SCOPEDCONTENTCONDITIONS_SCOPEDCONTENT, conn=Transaction-aware proxy for target Connection [jdbc:hsqldb:mem:kontrollDS, UserName=sw, HSQL Database Engine Driver], schema=null, metaData=org.apache.commons.dbcp.DelegatingDatabaseMetaData@4ce097e8, edges=[]) - start
170111 [main] DEBUG org.dbunit.database.search.AbstractMetaDataBasedSearchCallback  - Getting edges for node SCOPEDCONTENTCONDITIONS_SCOPEDCONTENT
170111 [main] TRACE org.dbunit.database.DatabaseConfig  - getProperty(name=http://www.dbunit.org/properties/metadataHandler) - start
170111 [main] TRACE org.dbunit.database.DefaultMetadataHandler  - tableExists(metaData=org.apache.commons.dbcp.DelegatingDatabaseMetaData@4ce097e8, schemaName=null, tableName=SCOPEDCONTENTCONDITIONS_SCOPEDCONTENT) - start
170112 [main] DEBUG org.dbunit.util.SQLHelper  - close(resultSet=org.apache.commons.dbcp.DelegatingResultSet@47e64f49) - start
170112 [main] DEBUG org.dbunit.util.SQLHelper  - close(resultSet=org.apache.commons.dbcp.DelegatingResultSet@3e424dca) - start
170112 [main] DEBUG org.dbunit.util.search.DepthFirstSearch  - Adding node SCOPEDCONTENTCONDITIONS_SCOPEDCONTENT to the final result
170112 [main] DEBUG org.dbunit.database.search.TablesDependencyHelper  - getDirectDependentTables(connection=_databaseConfig=org.dbunit.database.DatabaseConfig[, _propertyMap={http://www.dbunit.org/properties/statementFactory=org.dbunit.database.statement.PreparedStatementFactory@626bc2b8, http://www.dbunit.org/features/caseSensitiveTableNames=false, http://www.dbunit.org/properties/fetchSize=100, http://www.dbunit.org/features/batchedStatements=false, http://www.dbunit.org/properties/metadataHandler=org.dbunit.database.DefaultMetadataHandler@62baffef, http://www.dbunit.org/properties/datatypeFactory=org.dbunit.dataset.datatype.DefaultDataTypeFactory[_toleratedDeltaMap=org.dbunit.dataset.datatype.ToleratedDeltaMap@6452310a], http://www.dbunit.org/properties/escapePattern=null, http://www.dbunit.org/properties/batchSize=100, http://www.dbunit.org/features/qualifiedTableNames=false, http://www.dbunit.org/properties/tableType=[Ljava.lang.String;@5011bafa, http://www.dbunit.org/properties/resultSetTableFactory=org.dbunit.database.CachedResultSetTableFactory@10bcf083, http://www.dbunit.org/features/datatypeWarning=true}], _dataSet=AbstractDataSet[_orderedTableNameMap=null], tableName=SCOPEDCONTENTCONDITIONS_SCOPEDCONTENT) - start
170123 [main] DEBUG org.dbunit.util.search.DepthFirstSearch  - search(nodesFrom=[SCOPEDCONTENTCONDITIONS_SCOPEDCONTENT], callback=org.dbunit.database.search.ImportedKeysSearchCallback@51177c68) - start
170123 [main] DEBUG org.dbunit.util.CollectionsHelper  - objectsToSet(objects=SCOPEDCONTENTCONDITIONS_SCOPEDCONTENT) - start
170123 [main] DEBUG org.dbunit.util.search.DepthFirstSearch  - search(nodesFrom=[SCOPEDCONTENTCONDITIONS_SCOPEDCONTENT], callback=org.dbunit.database.search.ImportedKeysSearchCallback@51177c68) - start
170123 [main] DEBUG org.dbunit.util.search.DepthFirstSearch  - reverseSearch:SCOPEDCONTENTCONDITIONS_SCOPEDCONTENT
170123 [main] DEBUG org.dbunit.database.search.ImportedKeysSearchCallback  - searchNode(node=SCOPEDCONTENTCONDITIONS_SCOPEDCONTENT) - start
170123 [main] DEBUG org.dbunit.util.search.DepthFirstSearch  - Pushing (reverse) SCOPEDCONTENTCONDITIONS_SCOPEDCONTENT
170123 [main] DEBUG org.dbunit.database.search.ImportedKeysSearchCallback  - getEdges(node=SCOPEDCONTENTCONDITIONS_SCOPEDCONTENT) - start
170123 [main] DEBUG org.dbunit.database.search.AbstractMetaDataBasedSearchCallback  - getNodesFromImportedKeys(node=SCOPEDCONTENTCONDITIONS_SCOPEDCONTENT) - start
170124 [main] DEBUG org.dbunit.database.search.AbstractMetaDataBasedSearchCallback  - getNodes(type=0, node=SCOPEDCONTENTCONDITIONS_SCOPEDCONTENT) - start
170124 [main] DEBUG org.dbunit.database.DatabaseDataSourceConnection  - getConnection() - start
170124 [main] DEBUG org.dbunit.database.search.AbstractMetaDataBasedSearchCallback  - getNodes(type=0, node=SCOPEDCONTENTCONDITIONS_SCOPEDCONTENT, conn=Transaction-aware proxy for target Connection [jdbc:hsqldb:mem:kontrollDS, UserName=sw, HSQL Database Engine Driver], schema=null, metaData=org.apache.commons.dbcp.DelegatingDatabaseMetaData@5ce8b96f, edges=[]) - start
170124 [main] DEBUG org.dbunit.database.search.AbstractMetaDataBasedSearchCallback  - Getting edges for node SCOPEDCONTENTCONDITIONS_SCOPEDCONTENT
170124 [main] TRACE org.dbunit.database.DatabaseConfig  - getProperty(name=http://www.dbunit.org/properties/metadataHandler) - start
170124 [main] TRACE org.dbunit.database.DefaultMetadataHandler  - tableExists(metaData=org.apache.commons.dbcp.DelegatingDatabaseMetaData@5ce8b96f, schemaName=null, tableName=SCOPEDCONTENTCONDITIONS_SCOPEDCONTENT) - start
170125 [main] DEBUG org.dbunit.util.SQLHelper  - close(resultSet=org.apache.commons.dbcp.DelegatingResultSet@301c4e8b) - start
170125 [main] DEBUG org.dbunit.util.QualifiedTableName  - getQualifiedNameIfEnabled(config=org.dbunit.database.DatabaseConfig[, _propertyMap={http://www.dbunit.org/properties/statementFactory=org.dbunit.database.statement.PreparedStatementFactory@626bc2b8, http://www.dbunit.org/features/caseSensitiveTableNames=false, http://www.dbunit.org/properties/fetchSize=100, http://www.dbunit.org/features/batchedStatements=false, http://www.dbunit.org/properties/metadataHandler=org.dbunit.database.DefaultMetadataHandler@62baffef, http://www.dbunit.org/properties/datatypeFactory=org.dbunit.dataset.datatype.DefaultDataTypeFactory[_toleratedDeltaMap=org.dbunit.dataset.datatype.ToleratedDeltaMap@6452310a], http://www.dbunit.org/properties/escapePattern=null, http://www.dbunit.org/properties/batchSize=100, http://www.dbunit.org/features/qualifiedTableNames=false, http://www.dbunit.org/properties/tableType=[Ljava.lang.String;@5011bafa, http://www.dbunit.org/properties/resultSetTableFactory=org.dbunit.database.CachedResultSetTableFactory@10bcf083, http://www.dbunit.org/features/datatypeWarning=true}]) - start
170125 [main] TRACE org.dbunit.database.DatabaseConfig  - getFeature(name=http://www.dbunit.org/features/qualifiedTableNames) - start
170125 [main] TRACE org.dbunit.database.DatabaseConfig  - getProperty(name=http://www.dbunit.org/features/qualifiedTableNames) - start
170129 [main] DEBUG org.dbunit.util.QualifiedTableName  - Qualified table names feature is disabled. Returning plain table name
170129 [main] DEBUG org.dbunit.util.QualifiedTableName  - getQualifiedName(prefix=null, name=SCOPEDCONTENTCONDITIONS_SCOPEDCONTENT, escapePattern=null) - start
170129 [main] DEBUG org.dbunit.util.QualifiedTableName  - getQualifiedNameIfEnabled(config=org.dbunit.database.DatabaseConfig[, _propertyMap={http://www.dbunit.org/properties/statementFactory=org.dbunit.database.statement.PreparedStatementFactory@626bc2b8, http://www.dbunit.org/features/caseSensitiveTableNames=false, http://www.dbunit.org/properties/fetchSize=100, http://www.dbunit.org/features/batchedStatements=false, http://www.dbunit.org/properties/metadataHandler=org.dbunit.database.DefaultMetadataHandler@62baffef, http://www.dbunit.org/properties/datatypeFactory=org.dbunit.dataset.datatype.DefaultDataTypeFactory[_toleratedDeltaMap=org.dbunit.dataset.datatype.ToleratedDeltaMap@6452310a], http://www.dbunit.org/properties/escapePattern=null, http://www.dbunit.org/properties/batchSize=100, http://www.dbunit.org/features/qualifiedTableNames=false, http://www.dbunit.org/properties/tableType=[Ljava.lang.String;@5011bafa, http://www.dbunit.org/properties/resultSetTableFactory=org.dbunit.database.CachedResultSetTableFactory@10bcf083, http://www.dbunit.org/features/datatypeWarning=true}]) - start
170129 [main] TRACE org.dbunit.database.DatabaseConfig  - getFeature(name=http://www.dbunit.org/features/qualifiedTableNames) - start
170129 [main] TRACE org.dbunit.database.DatabaseConfig  - getProperty(name=http://www.dbunit.org/features/qualifiedTableNames) - start
170129 [main] DEBUG org.dbunit.util.QualifiedTableName  - Qualified table names feature is disabled. Returning plain table name
170129 [main] DEBUG org.dbunit.util.QualifiedTableName  - getQualifiedName(prefix=null, name=SCOPEDCONTENT, escapePattern=null) - start
170129 [main] DEBUG org.dbunit.database.search.AbstractMetaDataBasedSearchCallback  - newEdge(rs=org.apache.commons.dbcp.DelegatingResultSet@12f77e27, type=0, from=SCOPEDCONTENTCONDITIONS_SCOPEDCONTENT, to=SCOPEDCONTENT, fkColumn=SCOPED_CONTENT_ID, pkColumn=ID) - start
170130 [main] DEBUG org.dbunit.database.search.AbstractMetaDataBasedSearchCallback  - createFKEdge(rs=org.apache.commons.dbcp.DelegatingResultSet@12f77e27, type=0, from=SCOPEDCONTENTCONDITIONS_SCOPEDCONTENT, to=SCOPEDCONTENT, fkColumn=SCOPED_CONTENT_ID, pkColumn=ID) - start
170130 [main] DEBUG org.dbunit.database.search.AbstractMetaDataBasedSearchCallback  - Adding edge SCOPEDCONTENTCONDITIONS_SCOPEDCONTENT(SCOPED_CONTENT_ID)->SCOPEDCONTENT(ID)
170130 [main] DEBUG org.dbunit.util.search.Edge  - compareTo(o=SCOPEDCONTENTCONDITIONS_SCOPEDCONTENT(SCOPED_CONTENT_ID)->SCOPEDCONTENT(ID)) - start
170130 [main] DEBUG org.dbunit.util.QualifiedTableName  - getQualifiedNameIfEnabled(config=org.dbunit.database.DatabaseConfig[, _propertyMap={http://www.dbunit.org/properties/statementFactory=org.dbunit.database.statement.PreparedStatementFactory@626bc2b8, http://www.dbunit.org/features/caseSensitiveTableNames=false, http://www.dbunit.org/properties/fetchSize=100, http://www.dbunit.org/features/batchedStatements=false, http://www.dbunit.org/properties/metadataHandler=org.dbunit.database.DefaultMetadataHandler@62baffef, http://www.dbunit.org/properties/datatypeFactory=org.dbunit.dataset.datatype.DefaultDataTypeFactory[_toleratedDeltaMap=org.dbunit.dataset.datatype.ToleratedDeltaMap@6452310a], http://www.dbunit.org/properties/escapePattern=null, http://www.dbunit.org/properties/batchSize=100, http://www.dbunit.org/features/qualifiedTableNames=false, http://www.dbunit.org/properties/tableType=[Ljava.lang.String;@5011bafa, http://www.dbunit.org/properties/resultSetTableFactory=org.dbunit.database.CachedResultSetTableFactory@10bcf083, http://www.dbunit.org/features/datatypeWarning=true}]) - start
170130 [main] TRACE org.dbunit.database.DatabaseConfig  - getFeature(name=http://www.dbunit.org/features/qualifiedTableNames) - start
170130 [main] TRACE org.dbunit.database.DatabaseConfig  - getProperty(name=http://www.dbunit.org/features/qualifiedTableNames) - start
170130 [main] DEBUG org.dbunit.util.QualifiedTableName  - Qualified table names feature is disabled. Returning plain table name
170130 [main] DEBUG org.dbunit.util.QualifiedTableName  - getQualifiedName(prefix=null, name=SCOPEDCONTENTCONDITIONS_SCOPEDCONTENT, escapePattern=null) - start
170130 [main] DEBUG org.dbunit.util.QualifiedTableName  - getQualifiedNameIfEnabled(config=org.dbunit.database.DatabaseConfig[, _propertyMap={http://www.dbunit.org/properties/statementFactory=org.dbunit.database.statement.PreparedStatementFactory@626bc2b8, http://www.dbunit.org/features/caseSensitiveTableNames=false, http://www.dbunit.org/properties/fetchSize=100, http://www.dbunit.org/features/batchedStatements=false, http://www.dbunit.org/properties/metadataHandler=org.dbunit.database.DefaultMetadataHandler@62baffef, http://www.dbunit.org/properties/datatypeFactory=org.dbunit.dataset.datatype.DefaultDataTypeFactory[_toleratedDeltaMap=org.dbunit.dataset.datatype.ToleratedDeltaMap@6452310a], http://www.dbunit.org/properties/escapePattern=null, http://www.dbunit.org/properties/batchSize=100, http://www.dbunit.org/features/qualifiedTableNames=false, http://www.dbunit.org/properties/tableType=[Ljava.lang.String;@5011bafa, http://www.dbunit.org/properties/resultSetTableFactory=org.dbunit.database.CachedResultSetTableFactory@10bcf083, http://www.dbunit.org/features/datatypeWarning=true}]) - start
170130 [main] TRACE org.dbunit.database.DatabaseConfig  - getFeature(name=http://www.dbunit.org/features/qualifiedTableNames) - start
170130 [main] TRACE org.dbunit.database.DatabaseConfig  - getProperty(name=http://www.dbunit.org/features/qualifiedTableNames) - start
170130 [main] DEBUG org.dbunit.util.QualifiedTableName  - Qualified table names feature is disabled. Returning plain table name
170130 [main] DEBUG org.dbunit.util.QualifiedTableName  - getQualifiedName(prefix=null, name=SCOPEDCONTENTCONDITION, escapePattern=null) - start
170130 [main] DEBUG org.dbunit.database.search.AbstractMetaDataBasedSearchCallback  - newEdge(rs=org.apache.commons.dbcp.DelegatingResultSet@12f77e27, type=0, from=SCOPEDCONTENTCONDITIONS_SCOPEDCONTENT, to=SCOPEDCONTENTCONDITION, fkColumn=SCOPED_CONTENT_CONDITION_ID, pkColumn=ID) - start
170130 [main] DEBUG org.dbunit.database.search.AbstractMetaDataBasedSearchCallback  - createFKEdge(rs=org.apache.commons.dbcp.DelegatingResultSet@12f77e27, type=0, from=SCOPEDCONTENTCONDITIONS_SCOPEDCONTENT, to=SCOPEDCONTENTCONDITION, fkColumn=SCOPED_CONTENT_CONDITION_ID, pkColumn=ID) - start
170130 [main] DEBUG org.dbunit.database.search.AbstractMetaDataBasedSearchCallback  - Adding edge SCOPEDCONTENTCONDITIONS_SCOPEDCONTENT(SCOPED_CONTENT_CONDITION_ID)->SCOPEDCONTENTCONDITION(ID)
170130 [main] DEBUG org.dbunit.util.search.Edge  - compareTo(o=SCOPEDCONTENTCONDITIONS_SCOPEDCONTENT(SCOPED_CONTENT_ID)->SCOPEDCONTENT(ID)) - start
170130 [main] DEBUG org.dbunit.util.SQLHelper  - close(resultSet=org.apache.commons.dbcp.DelegatingResultSet@12f77e27) - start
170131 [main] DEBUG org.dbunit.util.search.DepthFirstSearch  - search:SCOPEDCONTENTCONDITIONS_SCOPEDCONTENT
170131 [main] DEBUG org.dbunit.database.search.ImportedKeysSearchCallback  - searchNode(node=SCOPEDCONTENTCONDITIONS_SCOPEDCONTENT) - start
170131 [main] DEBUG org.dbunit.util.search.DepthFirstSearch  - Pushing SCOPEDCONTENTCONDITIONS_SCOPEDCONTENT
170131 [main] DEBUG org.dbunit.database.search.ImportedKeysSearchCallback  - getEdges(node=SCOPEDCONTENTCONDITIONS_SCOPEDCONTENT) - start
170131 [main] DEBUG org.dbunit.database.search.AbstractMetaDataBasedSearchCallback  - getNodesFromImportedKeys(node=SCOPEDCONTENTCONDITIONS_SCOPEDCONTENT) - start
170131 [main] DEBUG org.dbunit.database.search.AbstractMetaDataBasedSearchCallback  - getNodes(type=0, node=SCOPEDCONTENTCONDITIONS_SCOPEDCONTENT) - start
170131 [main] DEBUG org.dbunit.database.DatabaseDataSourceConnection  - getConnection() - start
170131 [main] DEBUG org.dbunit.database.search.AbstractMetaDataBasedSearchCallback  - getNodes(type=0, node=SCOPEDCONTENTCONDITIONS_SCOPEDCONTENT, conn=Transaction-aware proxy for target Connection [jdbc:hsqldb:mem:kontrollDS, UserName=sw, HSQL Database Engine Driver], schema=null, metaData=org.apache.commons.dbcp.DelegatingDatabaseMetaData@367b3c2b, edges=[]) - start
170131 [main] DEBUG org.dbunit.database.search.AbstractMetaDataBasedSearchCallback  - Getting edges for node SCOPEDCONTENTCONDITIONS_SCOPEDCONTENT
170131 [main] TRACE org.dbunit.database.DatabaseConfig  - getProperty(name=http://www.dbunit.org/properties/metadataHandler) - start
170131 [main] TRACE org.dbunit.database.DefaultMetadataHandler  - tableExists(metaData=org.apache.commons.dbcp.DelegatingDatabaseMetaData@367b3c2b, schemaName=null, tableName=SCOPEDCONTENTCONDITIONS_SCOPEDCONTENT) - start
170132 [main] DEBUG org.dbunit.util.SQLHelper  - close(resultSet=org.apache.commons.dbcp.DelegatingResultSet@38c1f91f) - start
170132 [main] DEBUG org.dbunit.util.QualifiedTableName  - getQualifiedNameIfEnabled(config=org.dbunit.database.DatabaseConfig[, _propertyMap={http://www.dbunit.org/properties/statementFactory=org.dbunit.database.statement.PreparedStatementFactory@626bc2b8, http://www.dbunit.org/features/caseSensitiveTableNames=false, http://www.dbunit.org/properties/fetchSize=100, http://www.dbunit.org/features/batchedStatements=false, http://www.dbunit.org/properties/metadataHandler=org.dbunit.database.DefaultMetadataHandler@62baffef, http://www.dbunit.org/properties/datatypeFactory=org.dbunit.dataset.datatype.DefaultDataTypeFactory[_toleratedDeltaMap=org.dbunit.dataset.datatype.ToleratedDeltaMap@6452310a], http://www.dbunit.org/properties/escapePattern=null, http://www.dbunit.org/properties/batchSize=100, http://www.dbunit.org/features/qualifiedTableNames=false, http://www.dbunit.org/properties/tableType=[Ljava.lang.String;@5011bafa, http://www.dbunit.org/properties/resultSetTableFactory=org.dbunit.database.CachedResultSetTableFactory@10bcf083, http://www.dbunit.org/features/datatypeWarning=true}]) - start
170132 [main] TRACE org.dbunit.database.DatabaseConfig  - getFeature(name=http://www.dbunit.org/features/qualifiedTableNames) - start
170132 [main] TRACE org.dbunit.database.DatabaseConfig  - getProperty(name=http://www.dbunit.org/features/qualifiedTableNames) - start
170132 [main] DEBUG org.dbunit.util.QualifiedTableName  - Qualified table names feature is disabled. Returning plain table name
170132 [main] DEBUG org.dbunit.util.QualifiedTableName  - getQualifiedName(prefix=null, name=SCOPEDCONTENTCONDITIONS_SCOPEDCONTENT, escapePattern=null) - start
170133 [main] DEBUG org.dbunit.util.QualifiedTableName  - getQualifiedNameIfEnabled(config=org.dbunit.database.DatabaseConfig[, _propertyMap={http://www.dbunit.org/properties/statementFactory=org.dbunit.database.statement.PreparedStatementFactory@626bc2b8, http://www.dbunit.org/features/caseSensitiveTableNames=false, http://www.dbunit.org/properties/fetchSize=100, http://www.dbunit.org/features/batchedStatements=false, http://www.dbunit.org/properties/metadataHandler=org.dbunit.database.DefaultMetadataHandler@62baffef, http://www.dbunit.org/properties/datatypeFactory=org.dbunit.dataset.datatype.DefaultDataTypeFactory[_toleratedDeltaMap=org.dbunit.dataset.datatype.ToleratedDeltaMap@6452310a], http://www.dbunit.org/properties/escapePattern=null, http://www.dbunit.org/properties/batchSize=100, http://www.dbunit.org/features/qualifiedTableNames=false, http://www.dbunit.org/properties/tableType=[Ljava.lang.String;@5011bafa, http://www.dbunit.org/properties/resultSetTableFactory=org.dbunit.database.CachedResultSetTableFactory@10bcf083, http://www.dbunit.org/features/datatypeWarning=true}]) - start
170133 [main] TRACE org.dbunit.database.DatabaseConfig  - getFeature(name=http://www.dbunit.org/features/qualifiedTableNames) - start
170133 [main] TRACE org.dbunit.database.DatabaseConfig  - getProperty(name=http://www.dbunit.org/features/qualifiedTableNames) - start
170133 [main] DEBUG org.dbunit.util.QualifiedTableName  - Qualified table names feature is disabled. Returning plain table name
170133 [main] DEBUG org.dbunit.util.QualifiedTableName  - getQualifiedName(prefix=null, name=SCOPEDCONTENT, escapePattern=null) - start
170133 [main] DEBUG org.dbunit.database.search.AbstractMetaDataBasedSearchCallback  - newEdge(rs=org.apache.commons.dbcp.DelegatingResultSet@186dc9c2, type=0, from=SCOPEDCONTENTCONDITIONS_SCOPEDCONTENT, to=SCOPEDCONTENT, fkColumn=SCOPED_CONTENT_ID, pkColumn=ID) - start
170133 [main] DEBUG org.dbunit.database.search.AbstractMetaDataBasedSearchCallback  - createFKEdge(rs=org.apache.commons.dbcp.DelegatingResultSet@186dc9c2, type=0, from=SCOPEDCONTENTCONDITIONS_SCOPEDCONTENT, to=SCOPEDCONTENT, fkColumn=SCOPED_CONTENT_ID, pkColumn=ID) - start
170133 [main] DEBUG org.dbunit.database.search.AbstractMetaDataBasedSearchCallback  - Adding edge SCOPEDCONTENTCONDITIONS_SCOPEDCONTENT(SCOPED_CONTENT_ID)->SCOPEDCONTENT(ID)
170133 [main] DEBUG org.dbunit.util.search.Edge  - compareTo(o=SCOPEDCONTENTCONDITIONS_SCOPEDCONTENT(SCOPED_CONTENT_ID)->SCOPEDCONTENT(ID)) - start
170133 [main] DEBUG org.dbunit.util.QualifiedTableName  - getQualifiedNameIfEnabled(config=org.dbunit.database.DatabaseConfig[, _propertyMap={http://www.dbunit.org/properties/statementFactory=org.dbunit.database.statement.PreparedStatementFactory@626bc2b8, http://www.dbunit.org/features/caseSensitiveTableNames=false, http://www.dbunit.org/properties/fetchSize=100, http://www.dbunit.org/features/batchedStatements=false, http://www.dbunit.org/properties/metadataHandler=org.dbunit.database.DefaultMetadataHandler@62baffef, http://www.dbunit.org/properties/datatypeFactory=org.dbunit.dataset.datatype.DefaultDataTypeFactory[_toleratedDeltaMap=org.dbunit.dataset.datatype.ToleratedDeltaMap@6452310a], http://www.dbunit.org/properties/escapePattern=null, http://www.dbunit.org/properties/batchSize=100, http://www.dbunit.org/features/qualifiedTableNames=false, http://www.dbunit.org/properties/tableType=[Ljava.lang.String;@5011bafa, http://www.dbunit.org/properties/resultSetTableFactory=org.dbunit.database.CachedResultSetTableFactory@10bcf083, http://www.dbunit.org/features/datatypeWarning=true}]) - start
170133 [main] TRACE org.dbunit.database.DatabaseConfig  - getFeature(name=http://www.dbunit.org/features/qualifiedTableNames) - start
170133 [main] TRACE org.dbunit.database.DatabaseConfig  - getProperty(name=http://www.dbunit.org/features/qualifiedTableNames) - start
170133 [main] DEBUG org.dbunit.util.QualifiedTableName  - Qualified table names feature is disabled. Returning plain table name
170133 [main] DEBUG org.dbunit.util.QualifiedTableName  - getQualifiedName(prefix=null, name=SCOPEDCONTENTCONDITIONS_SCOPEDCONTENT, escapePattern=null) - start
170133 [main] DEBUG org.dbunit.util.QualifiedTableName  - getQualifiedNameIfEnabled(config=org.dbunit.database.DatabaseConfig[, _propertyMap={http://www.dbunit.org/properties/statementFactory=org.dbunit.database.statement.PreparedStatementFactory@626bc2b8, http://www.dbunit.org/features/caseSensitiveTableNames=false, http://www.dbunit.org/properties/fetchSize=100, http://www.dbunit.org/features/batchedStatements=false, http://www.dbunit.org/properties/metadataHandler=org.dbunit.database.DefaultMetadataHandler@62baffef, http://www.dbunit.org/properties/datatypeFactory=org.dbunit.dataset.datatype.DefaultDataTypeFactory[_toleratedDeltaMap=org.dbunit.dataset.datatype.ToleratedDeltaMap@6452310a], http://www.dbunit.org/properties/escapePattern=null, http://www.dbunit.org/properties/batchSize=100, http://www.dbunit.org/features/qualifiedTableNames=false, http://www.dbunit.org/properties/tableType=[Ljava.lang.String;@5011bafa, http://www.dbunit.org/properties/resultSetTableFactory=org.dbunit.database.CachedResultSetTableFactory@10bcf083, http://www.dbunit.org/features/datatypeWarning=true}]) - start
170133 [main] TRACE org.dbunit.database.DatabaseConfig  - getFeature(name=http://www.dbunit.org/features/qualifiedTableNames) - start
170133 [main] TRACE org.dbunit.database.DatabaseConfig  - getProperty(name=http://www.dbunit.org/features/qualifiedTableNames) - start
170133 [main] DEBUG org.dbunit.util.QualifiedTableName  - Qualified table names feature is disabled. Returning plain table name
170133 [main] DEBUG org.dbunit.util.QualifiedTableName  - getQualifiedName(prefix=null, name=SCOPEDCONTENTCONDITION, escapePattern=null) - start
170133 [main] DEBUG org.dbunit.database.search.AbstractMetaDataBasedSearchCallback  - newEdge(rs=org.apache.commons.dbcp.DelegatingResultSet@186dc9c2, type=0, from=SCOPEDCONTENTCONDITIONS_SCOPEDCONTENT, to=SCOPEDCONTENTCONDITION, fkColumn=SCOPED_CONTENT_CONDITION_ID, pkColumn=ID) - start
170133 [main] DEBUG org.dbunit.database.search.AbstractMetaDataBasedSearchCallback  - createFKEdge(rs=org.apache.commons.dbcp.DelegatingResultSet@186dc9c2, type=0, from=SCOPEDCONTENTCONDITIONS_SCOPEDCONTENT, to=SCOPEDCONTENTCONDITION, fkColumn=SCOPED_CONTENT_CONDITION_ID, pkColumn=ID) - start
170133 [main] DEBUG org.dbunit.database.search.AbstractMetaDataBasedSearchCallback  - Adding edge SCOPEDCONTENTCONDITIONS_SCOPEDCONTENT(SCOPED_CONTENT_CONDITION_ID)->SCOPEDCONTENTCONDITION(ID)
170133 [main] DEBUG org.dbunit.util.search.Edge  - compareTo(o=SCOPEDCONTENTCONDITIONS_SCOPEDCONTENT(SCOPED_CONTENT_ID)->SCOPEDCONTENT(ID)) - start
170134 [main] DEBUG org.dbunit.util.SQLHelper  - close(resultSet=org.apache.commons.dbcp.DelegatingResultSet@186dc9c2) - start
170134 [main] DEBUG org.dbunit.util.search.DepthFirstSearch  - search:SCOPEDCONTENT
170134 [main] DEBUG org.dbunit.database.search.ImportedKeysSearchCallback  - searchNode(node=SCOPEDCONTENT) - start
170134 [main] DEBUG org.dbunit.util.search.DepthFirstSearch  - Pushing SCOPEDCONTENT
170134 [main] DEBUG org.dbunit.database.search.ImportedKeysSearchCallback  - getEdges(node=SCOPEDCONTENT) - start
170134 [main] DEBUG org.dbunit.database.search.AbstractMetaDataBasedSearchCallback  - getNodesFromImportedKeys(node=SCOPEDCONTENT) - start
170134 [main] DEBUG org.dbunit.database.search.AbstractMetaDataBasedSearchCallback  - getNodes(type=0, node=SCOPEDCONTENT) - start
170134 [main] DEBUG org.dbunit.database.DatabaseDataSourceConnection  - getConnection() - start
170134 [main] DEBUG org.dbunit.database.search.AbstractMetaDataBasedSearchCallback  - getNodes(type=0, node=SCOPEDCONTENT, conn=Transaction-aware proxy for target Connection [jdbc:hsqldb:mem:kontrollDS, UserName=sw, HSQL Database Engine Driver], schema=null, metaData=org.apache.commons.dbcp.DelegatingDatabaseMetaData@4fd8ec15, edges=[]) - start
170134 [main] DEBUG org.dbunit.database.search.AbstractMetaDataBasedSearchCallback  - Getting edges for node SCOPEDCONTENT
170134 [main] TRACE org.dbunit.database.DatabaseConfig  - getProperty(name=http://www.dbunit.org/properties/metadataHandler) - start
170134 [main] TRACE org.dbunit.database.DefaultMetadataHandler  - tableExists(metaData=org.apache.commons.dbcp.DelegatingDatabaseMetaData@4fd8ec15, schemaName=null, tableName=SCOPEDCONTENT) - start
170135 [main] DEBUG org.dbunit.util.SQLHelper  - close(resultSet=org.apache.commons.dbcp.DelegatingResultSet@4c1c2b7) - start
170135 [main] DEBUG org.dbunit.util.QualifiedTableName  - getQualifiedNameIfEnabled(config=org.dbunit.database.DatabaseConfig[, _propertyMap={http://www.dbunit.org/properties/statementFactory=org.dbunit.database.statement.PreparedStatementFactory@626bc2b8, http://www.dbunit.org/features/caseSensitiveTableNames=false, http://www.dbunit.org/properties/fetchSize=100, http://www.dbunit.org/features/batchedStatements=false, http://www.dbunit.org/properties/metadataHandler=org.dbunit.database.DefaultMetadataHandler@62baffef, http://www.dbunit.org/properties/datatypeFactory=org.dbunit.dataset.datatype.DefaultDataTypeFactory[_toleratedDeltaMap=org.dbunit.dataset.datatype.ToleratedDeltaMap@6452310a], http://www.dbunit.org/properties/escapePattern=null, http://www.dbunit.org/properties/batchSize=100, http://www.dbunit.org/features/qualifiedTableNames=false, http://www.dbunit.org/properties/tableType=[Ljava.lang.String;@5011bafa, http://www.dbunit.org/properties/resultSetTableFactory=org.dbunit.database.CachedResultSetTableFactory@10bcf083, http://www.dbunit.org/features/datatypeWarning=true}]) - start
170136 [main] TRACE org.dbunit.database.DatabaseConfig  - getFeature(name=http://www.dbunit.org/features/qualifiedTableNames) - start
170136 [main] TRACE org.dbunit.database.DatabaseConfig  - getProperty(name=http://www.dbunit.org/features/qualifiedTableNames) - start
170136 [main] DEBUG org.dbunit.util.QualifiedTableName  - Qualified table names feature is disabled. Returning plain table name
170136 [main] DEBUG org.dbunit.util.QualifiedTableName  - getQualifiedName(prefix=null, name=SCOPEDCONTENT, escapePattern=null) - start
170136 [main] DEBUG org.dbunit.util.QualifiedTableName  - getQualifiedNameIfEnabled(config=org.dbunit.database.DatabaseConfig[, _propertyMap={http://www.dbunit.org/properties/statementFactory=org.dbunit.database.statement.PreparedStatementFactory@626bc2b8, http://www.dbunit.org/features/caseSensitiveTableNames=false, http://www.dbunit.org/properties/fetchSize=100, http://www.dbunit.org/features/batchedStatements=false, http://www.dbunit.org/properties/metadataHandler=org.dbunit.database.DefaultMetadataHandler@62baffef, http://www.dbunit.org/properties/datatypeFactory=org.dbunit.dataset.datatype.DefaultDataTypeFactory[_toleratedDeltaMap=org.dbunit.dataset.datatype.ToleratedDeltaMap@6452310a], http://www.dbunit.org/properties/escapePattern=null, http://www.dbunit.org/properties/batchSize=100, http://www.dbunit.org/features/qualifiedTableNames=false, http://www.dbunit.org/properties/tableType=[Ljava.lang.String;@5011bafa, http://www.dbunit.org/properties/resultSetTableFactory=org.dbunit.database.CachedResultSetTableFactory@10bcf083, http://www.dbunit.org/features/datatypeWarning=true}]) - start
170136 [main] TRACE org.dbunit.database.DatabaseConfig  - getFeature(name=http://www.dbunit.org/features/qualifiedTableNames) - start
170136 [main] TRACE org.dbunit.database.DatabaseConfig  - getProperty(name=http://www.dbunit.org/features/qualifiedTableNames) - start
170136 [main] DEBUG org.dbunit.util.QualifiedTableName  - Qualified table names feature is disabled. Returning plain table name
170136 [main] DEBUG org.dbunit.util.QualifiedTableName  - getQualifiedName(prefix=null, name=SCOPE, escapePattern=null) - start
170136 [main] DEBUG org.dbunit.database.search.AbstractMetaDataBasedSearchCallback  - newEdge(rs=org.apache.commons.dbcp.DelegatingResultSet@161ff2c0, type=0, from=SCOPEDCONTENT, to=SCOPE, fkColumn=SCOPE, pkColumn=ID) - start
170136 [main] DEBUG org.dbunit.database.search.AbstractMetaDataBasedSearchCallback  - createFKEdge(rs=org.apache.commons.dbcp.DelegatingResultSet@161ff2c0, type=0, from=SCOPEDCONTENT, to=SCOPE, fkColumn=SCOPE, pkColumn=ID) - start
170136 [main] DEBUG org.dbunit.database.search.AbstractMetaDataBasedSearchCallback  - Adding edge SCOPEDCONTENT(SCOPE)->SCOPE(ID)
170137 [main] DEBUG org.dbunit.util.search.Edge  - compareTo(o=SCOPEDCONTENT(SCOPE)->SCOPE(ID)) - start
170137 [main] DEBUG org.dbunit.util.SQLHelper  - close(resultSet=org.apache.commons.dbcp.DelegatingResultSet@161ff2c0) - start
170137 [main] DEBUG org.dbunit.util.search.DepthFirstSearch  - search:SCOPE
170137 [main] DEBUG org.dbunit.database.search.ImportedKeysSearchCallback  - searchNode(node=SCOPE) - start
170137 [main] DEBUG org.dbunit.util.search.DepthFirstSearch  - Pushing SCOPE
170137 [main] DEBUG org.dbunit.database.search.ImportedKeysSearchCallback  - getEdges(node=SCOPE) - start
170137 [main] DEBUG org.dbunit.database.search.AbstractMetaDataBasedSearchCallback  - getNodesFromImportedKeys(node=SCOPE) - start
170137 [main] DEBUG org.dbunit.database.search.AbstractMetaDataBasedSearchCallback  - getNodes(type=0, node=SCOPE) - start
170137 [main] DEBUG org.dbunit.database.DatabaseDataSourceConnection  - getConnection() - start
170137 [main] DEBUG org.dbunit.database.search.AbstractMetaDataBasedSearchCallback  - getNodes(type=0, node=SCOPE, conn=Transaction-aware proxy for target Connection [jdbc:hsqldb:mem:kontrollDS, UserName=sw, HSQL Database Engine Driver], schema=null, metaData=org.apache.commons.dbcp.DelegatingDatabaseMetaData@b7a2699, edges=[]) - start
170137 [main] DEBUG org.dbunit.database.search.AbstractMetaDataBasedSearchCallback  - Getting edges for node SCOPE
170137 [main] TRACE org.dbunit.database.DatabaseConfig  - getProperty(name=http://www.dbunit.org/properties/metadataHandler) - start
170137 [main] TRACE org.dbunit.database.DefaultMetadataHandler  - tableExists(metaData=org.apache.commons.dbcp.DelegatingDatabaseMetaData@b7a2699, schemaName=null, tableName=SCOPE) - start
170138 [main] DEBUG org.dbunit.util.SQLHelper  - close(resultSet=org.apache.commons.dbcp.DelegatingResultSet@50257a5d) - start
170138 [main] DEBUG org.dbunit.util.SQLHelper  - close(resultSet=org.apache.commons.dbcp.DelegatingResultSet@154a1669) - start
170138 [main] DEBUG org.dbunit.util.search.DepthFirstSearch  - Adding node SCOPE to the final result
170138 [main] DEBUG org.dbunit.util.search.DepthFirstSearch  - Adding node SCOPEDCONTENT to the final result
170138 [main] DEBUG org.dbunit.util.search.DepthFirstSearch  - search:SCOPEDCONTENTCONDITION
170138 [main] DEBUG org.dbunit.database.search.ImportedKeysSearchCallback  - searchNode(node=SCOPEDCONTENTCONDITION) - start
170138 [main] DEBUG org.dbunit.util.search.DepthFirstSearch  - Pushing SCOPEDCONTENTCONDITION
170138 [main] DEBUG org.dbunit.util.search.DepthFirstSearch  - Adding node SCOPEDCONTENTCONDITION to the final result
170138 [main] DEBUG org.dbunit.util.search.DepthFirstSearch  - Adding node SCOPEDCONTENTCONDITIONS_SCOPEDCONTENT to the final result
170138 [main] DEBUG org.dbunit.util.search.DepthFirstSearch  - reverseSearch:SCOPEDCONTENT
170138 [main] DEBUG org.dbunit.database.search.ImportedKeysSearchCallback  - searchNode(node=SCOPEDCONTENT) - start
170139 [main] DEBUG org.dbunit.util.search.DepthFirstSearch  - Pushing (reverse) SCOPEDCONTENT
170139 [main] DEBUG org.dbunit.database.search.ImportedKeysSearchCallback  - getEdges(node=SCOPEDCONTENT) - start
170139 [main] DEBUG org.dbunit.database.search.AbstractMetaDataBasedSearchCallback  - getNodesFromImportedKeys(node=SCOPEDCONTENT) - start
170139 [main] DEBUG org.dbunit.database.search.AbstractMetaDataBasedSearchCallback  - getNodes(type=0, node=SCOPEDCONTENT) - start
170139 [main] DEBUG org.dbunit.database.DatabaseDataSourceConnection  - getConnection() - start
170139 [main] DEBUG org.dbunit.database.search.AbstractMetaDataBasedSearchCallback  - getNodes(type=0, node=SCOPEDCONTENT, conn=Transaction-aware proxy for target Connection [jdbc:hsqldb:mem:kontrollDS, UserName=sw, HSQL Database Engine Driver], schema=null, metaData=org.apache.commons.dbcp.DelegatingDatabaseMetaData@3305526a, edges=[]) - start
170139 [main] DEBUG org.dbunit.database.search.AbstractMetaDataBasedSearchCallback  - Getting edges for node SCOPEDCONTENT
170139 [main] TRACE org.dbunit.database.DatabaseConfig  - getProperty(name=http://www.dbunit.org/properties/metadataHandler) - start
170139 [main] TRACE org.dbunit.database.DefaultMetadataHandler  - tableExists(metaData=org.apache.commons.dbcp.DelegatingDatabaseMetaData@3305526a, schemaName=null, tableName=SCOPEDCONTENT) - start
170140 [main] DEBUG org.dbunit.util.SQLHelper  - close(resultSet=org.apache.commons.dbcp.DelegatingResultSet@4800a87b) - start
170140 [main] DEBUG org.dbunit.util.QualifiedTableName  - getQualifiedNameIfEnabled(config=org.dbunit.database.DatabaseConfig[, _propertyMap={http://www.dbunit.org/properties/statementFactory=org.dbunit.database.statement.PreparedStatementFactory@626bc2b8, http://www.dbunit.org/features/caseSensitiveTableNames=false, http://www.dbunit.org/properties/fetchSize=100, http://www.dbunit.org/features/batchedStatements=false, http://www.dbunit.org/properties/metadataHandler=org.dbunit.database.DefaultMetadataHandler@62baffef, http://www.dbunit.org/properties/datatypeFactory=org.dbunit.dataset.datatype.DefaultDataTypeFactory[_toleratedDeltaMap=org.dbunit.dataset.datatype.ToleratedDeltaMap@6452310a], http://www.dbunit.org/properties/escapePattern=null, http://www.dbunit.org/properties/batchSize=100, http://www.dbunit.org/features/qualifiedTableNames=false, http://www.dbunit.org/properties/tableType=[Ljava.lang.String;@5011bafa, http://www.dbunit.org/properties/resultSetTableFactory=org.dbunit.database.CachedResultSetTableFactory@10bcf083, http://www.dbunit.org/features/datatypeWarning=true}]) - start
170140 [main] TRACE org.dbunit.database.DatabaseConfig  - getFeature(name=http://www.dbunit.org/features/qualifiedTableNames) - start
170140 [main] TRACE org.dbunit.database.DatabaseConfig  - getProperty(name=http://www.dbunit.org/features/qualifiedTableNames) - start
170140 [main] DEBUG org.dbunit.util.QualifiedTableName  - Qualified table names feature is disabled. Returning plain table name
170140 [main] DEBUG org.dbunit.util.QualifiedTableName  - getQualifiedName(prefix=null, name=SCOPEDCONTENT, escapePattern=null) - start
170140 [main] DEBUG org.dbunit.util.QualifiedTableName  - getQualifiedNameIfEnabled(config=org.dbunit.database.DatabaseConfig[, _propertyMap={http://www.dbunit.org/properties/statementFactory=org.dbunit.database.statement.PreparedStatementFactory@626bc2b8, http://www.dbunit.org/features/caseSensitiveTableNames=false, http://www.dbunit.org/properties/fetchSize=100, http://www.dbunit.org/features/batchedStatements=false, http://www.dbunit.org/properties/metadataHandler=org.dbunit.database.DefaultMetadataHandler@62baffef, http://www.dbunit.org/properties/datatypeFactory=org.dbunit.dataset.datatype.DefaultDataTypeFactory[_toleratedDeltaMap=org.dbunit.dataset.datatype.ToleratedDeltaMap@6452310a], http://www.dbunit.org/properties/escapePattern=null, http://www.dbunit.org/properties/batchSize=100, http://www.dbunit.org/features/qualifiedTableNames=false, http://www.dbunit.org/properties/tableType=[Ljava.lang.String;@5011bafa, http://www.dbunit.org/properties/resultSetTableFactory=org.dbunit.database.CachedResultSetTableFactory@10bcf083, http://www.dbunit.org/features/datatypeWarning=true}]) - start
170140 [main] TRACE org.dbunit.database.DatabaseConfig  - getFeature(name=http://www.dbunit.org/features/qualifiedTableNames) - start
170140 [main] TRACE org.dbunit.database.DatabaseConfig  - getProperty(name=http://www.dbunit.org/features/qualifiedTableNames) - start
170140 [main] DEBUG org.dbunit.util.QualifiedTableName  - Qualified table names feature is disabled. Returning plain table name
170141 [main] DEBUG org.dbunit.util.QualifiedTableName  - getQualifiedName(prefix=null, name=SCOPE, escapePattern=null) - start
170141 [main] DEBUG org.dbunit.database.search.AbstractMetaDataBasedSearchCallback  - newEdge(rs=org.apache.commons.dbcp.DelegatingResultSet@7f15111b, type=0, from=SCOPEDCONTENT, to=SCOPE, fkColumn=SCOPE, pkColumn=ID) - start
170141 [main] DEBUG org.dbunit.database.search.AbstractMetaDataBasedSearchCallback  - createFKEdge(rs=org.apache.commons.dbcp.DelegatingResultSet@7f15111b, type=0, from=SCOPEDCONTENT, to=SCOPE, fkColumn=SCOPE, pkColumn=ID) - start
170141 [main] DEBUG org.dbunit.database.search.AbstractMetaDataBasedSearchCallback  - Adding edge SCOPEDCONTENT(SCOPE)->SCOPE(ID)
170141 [main] DEBUG org.dbunit.util.search.Edge  - compareTo(o=SCOPEDCONTENT(SCOPE)->SCOPE(ID)) - start
170141 [main] DEBUG org.dbunit.util.SQLHelper  - close(resultSet=org.apache.commons.dbcp.DelegatingResultSet@7f15111b) - start
170141 [main] DEBUG org.dbunit.util.search.DepthFirstSearch  - reverseSearch:SCOPE
170141 [main] DEBUG org.dbunit.database.search.ImportedKeysSearchCallback  - searchNode(node=SCOPE) - start
170141 [main] DEBUG org.dbunit.util.search.DepthFirstSearch  - Pushing (reverse) SCOPE
170141 [main] DEBUG org.dbunit.database.search.ImportedKeysSearchCallback  - getEdges(node=SCOPE) - start
170141 [main] DEBUG org.dbunit.database.search.AbstractMetaDataBasedSearchCallback  - getNodesFromImportedKeys(node=SCOPE) - start
170141 [main] DEBUG org.dbunit.database.search.AbstractMetaDataBasedSearchCallback  - getNodes(type=0, node=SCOPE) - start
170141 [main] DEBUG org.dbunit.database.DatabaseDataSourceConnection  - getConnection() - start
170141 [main] DEBUG org.dbunit.database.search.AbstractMetaDataBasedSearchCallback  - getNodes(type=0, node=SCOPE, conn=Transaction-aware proxy for target Connection [jdbc:hsqldb:mem:kontrollDS, UserName=sw, HSQL Database Engine Driver], schema=null, metaData=org.apache.commons.dbcp.DelegatingDatabaseMetaData@401644cb, edges=[]) - start
170141 [main] DEBUG org.dbunit.database.search.AbstractMetaDataBasedSearchCallback  - Getting edges for node SCOPE
170141 [main] TRACE org.dbunit.database.DatabaseConfig  - getProperty(name=http://www.dbunit.org/properties/metadataHandler) - start
170141 [main] TRACE org.dbunit.database.DefaultMetadataHandler  - tableExists(metaData=org.apache.commons.dbcp.DelegatingDatabaseMetaData@401644cb, schemaName=null, tableName=SCOPE) - start
170142 [main] DEBUG org.dbunit.util.SQLHelper  - close(resultSet=org.apache.commons.dbcp.DelegatingResultSet@1aaccc72) - start
170142 [main] DEBUG org.dbunit.util.SQLHelper  - close(resultSet=org.apache.commons.dbcp.DelegatingResultSet@4dcc8a0e) - start
170142 [main] DEBUG org.dbunit.util.search.DepthFirstSearch  - reverseSearch:SCOPEDCONTENTCONDITION
170142 [main] DEBUG org.dbunit.database.search.ImportedKeysSearchCallback  - searchNode(node=SCOPEDCONTENTCONDITION) - start
170142 [main] DEBUG org.dbunit.util.search.DepthFirstSearch  - Pushing (reverse) SCOPEDCONTENTCONDITION
170142 [main] DEBUG org.dbunit.database.search.ImportedKeysSearchCallback  - getEdges(node=SCOPEDCONTENTCONDITION) - start
170142 [main] DEBUG org.dbunit.database.search.AbstractMetaDataBasedSearchCallback  - getNodesFromImportedKeys(node=SCOPEDCONTENTCONDITION) - start
170142 [main] DEBUG org.dbunit.database.search.AbstractMetaDataBasedSearchCallback  - getNodes(type=0, node=SCOPEDCONTENTCONDITION) - start
170142 [main] DEBUG org.dbunit.database.DatabaseDataSourceConnection  - getConnection() - start
170143 [main] DEBUG org.dbunit.database.search.AbstractMetaDataBasedSearchCallback  - getNodes(type=0, node=SCOPEDCONTENTCONDITION, conn=Transaction-aware proxy for target Connection [jdbc:hsqldb:mem:kontrollDS, UserName=sw, HSQL Database Engine Driver], schema=null, metaData=org.apache.commons.dbcp.DelegatingDatabaseMetaData@2f7bc509, edges=[]) - start
170143 [main] DEBUG org.dbunit.database.search.AbstractMetaDataBasedSearchCallback  - Getting edges for node SCOPEDCONTENTCONDITION
170143 [main] TRACE org.dbunit.database.DatabaseConfig  - getProperty(name=http://www.dbunit.org/properties/metadataHandler) - start
170143 [main] TRACE org.dbunit.database.DefaultMetadataHandler  - tableExists(metaData=org.apache.commons.dbcp.DelegatingDatabaseMetaData@2f7bc509, schemaName=null, tableName=SCOPEDCONTENTCONDITION) - start
170144 [main] DEBUG org.dbunit.util.SQLHelper  - close(resultSet=org.apache.commons.dbcp.DelegatingResultSet@9ed78e5) - start
170144 [main] DEBUG org.dbunit.util.SQLHelper  - close(resultSet=org.apache.commons.dbcp.DelegatingResultSet@6aefe4a) - start
170144 [main] DEBUG org.dbunit.util.search.DepthFirstSearch  - reverseSearch:SCOPEDCONTENTCONDITIONS_SCOPEDCONTENT
170144 [main] DEBUG org.dbunit.util.search.DepthFirstSearch  - already searched; returning true
170144 [main] DEBUG org.dbunit.util.search.DepthFirstSearch  - search:SCOPEDCONTENTCONDITIONS_SCOPEDCONTENT
170144 [main] DEBUG org.dbunit.util.search.DepthFirstSearch  - already searched; returning true
170144 [main] DEBUG org.dbunit.util.search.DepthFirstSearch  - search:SCOPEDCONTENT
170144 [main] DEBUG org.dbunit.util.search.DepthFirstSearch  - already searched; returning true
170144 [main] DEBUG org.dbunit.util.search.DepthFirstSearch  - search:SCOPE
170144 [main] DEBUG org.dbunit.util.search.DepthFirstSearch  - already searched; returning true
170144 [main] DEBUG org.dbunit.util.search.DepthFirstSearch  - search:SCOPEDCONTENTCONDITION
170144 [main] DEBUG org.dbunit.util.search.DepthFirstSearch  - already searched; returning true
170144 [main] DEBUG org.dbunit.database.DatabaseSequenceFilter  - getDependencyInfo(connection=_databaseConfig=org.dbunit.database.DatabaseConfig[, _propertyMap={http://www.dbunit.org/properties/statementFactory=org.dbunit.database.statement.PreparedStatementFactory@626bc2b8, http://www.dbunit.org/features/caseSensitiveTableNames=false, http://www.dbunit.org/properties/fetchSize=100, http://www.dbunit.org/features/batchedStatements=false, http://www.dbunit.org/properties/metadataHandler=org.dbunit.database.DefaultMetadataHandler@62baffef, http://www.dbunit.org/properties/datatypeFactory=org.dbunit.dataset.datatype.DefaultDataTypeFactory[_toleratedDeltaMap=org.dbunit.dataset.datatype.ToleratedDeltaMap@6452310a], http://www.dbunit.org/properties/escapePattern=null, http://www.dbunit.org/properties/batchSize=100, http://www.dbunit.org/features/qualifiedTableNames=false, http://www.dbunit.org/properties/tableType=[Ljava.lang.String;@5011bafa, http://www.dbunit.org/properties/resultSetTableFactory=org.dbunit.database.CachedResultSetTableFactory@10bcf083, http://www.dbunit.org/features/datatypeWarning=true}], _dataSet=AbstractDataSet[_orderedTableNameMap=null], tableName=SCOPEDCONTENTCONDITIONS_SCOPEDCONTENTITEM) - start
170144 [main] DEBUG org.dbunit.database.search.TablesDependencyHelper  - getDependentTables(connection=_databaseConfig=org.dbunit.database.DatabaseConfig[, _propertyMap={http://www.dbunit.org/properties/statementFactory=org.dbunit.database.statement.PreparedStatementFactory@626bc2b8, http://www.dbunit.org/features/caseSensitiveTableNames=false, http://www.dbunit.org/properties/fetchSize=100, http://www.dbunit.org/features/batchedStatements=false, http://www.dbunit.org/properties/metadataHandler=org.dbunit.database.DefaultMetadataHandler@62baffef, http://www.dbunit.org/properties/datatypeFactory=org.dbunit.dataset.datatype.DefaultDataTypeFactory[_toleratedDeltaMap=org.dbunit.dataset.datatype.ToleratedDeltaMap@6452310a], http://www.dbunit.org/properties/escapePattern=null, http://www.dbunit.org/properties/batchSize=100, http://www.dbunit.org/features/qualifiedTableNames=false, http://www.dbunit.org/properties/tableType=[Ljava.lang.String;@5011bafa, http://www.dbunit.org/properties/resultSetTableFactory=org.dbunit.database.CachedResultSetTableFactory@10bcf083, http://www.dbunit.org/features/datatypeWarning=true}], _dataSet=AbstractDataSet[_orderedTableNameMap=null], rootTable=SCOPEDCONTENTCONDITIONS_SCOPEDCONTENTITEM) - start
170144 [main] DEBUG org.dbunit.database.search.TablesDependencyHelper  - getDependentTables(connection=_databaseConfig=org.dbunit.database.DatabaseConfig[, _propertyMap={http://www.dbunit.org/properties/statementFactory=org.dbunit.database.statement.PreparedStatementFactory@626bc2b8, http://www.dbunit.org/features/caseSensitiveTableNames=false, http://www.dbunit.org/properties/fetchSize=100, http://www.dbunit.org/features/batchedStatements=false, http://www.dbunit.org/properties/metadataHandler=org.dbunit.database.DefaultMetadataHandler@62baffef, http://www.dbunit.org/properties/datatypeFactory=org.dbunit.dataset.datatype.DefaultDataTypeFactory[_toleratedDeltaMap=org.dbunit.dataset.datatype.ToleratedDeltaMap@6452310a], http://www.dbunit.org/properties/escapePattern=null, http://www.dbunit.org/properties/batchSize=100, http://www.dbunit.org/features/qualifiedTableNames=false, http://www.dbunit.org/properties/tableType=[Ljava.lang.String;@5011bafa, http://www.dbunit.org/properties/resultSetTableFactory=org.dbunit.database.CachedResultSetTableFactory@10bcf083, http://www.dbunit.org/features/datatypeWarning=true}], _dataSet=AbstractDataSet[_orderedTableNameMap=null], rootTables=[SCOPEDCONTENTCONDITIONS_SCOPEDCONTENTITEM]) - start
170145 [main] DEBUG org.dbunit.util.search.DepthFirstSearch  - search(nodesFrom=[SCOPEDCONTENTCONDITIONS_SCOPEDCONTENTITEM], callback=org.dbunit.database.search.ImportedKeysSearchCallback@23173718) - start
170145 [main] DEBUG org.dbunit.util.CollectionsHelper  - objectsToSet(objects=SCOPEDCONTENTCONDITIONS_SCOPEDCONTENTITEM) - start
170145 [main] DEBUG org.dbunit.util.search.DepthFirstSearch  - search(nodesFrom=[SCOPEDCONTENTCONDITIONS_SCOPEDCONTENTITEM], callback=org.dbunit.database.search.ImportedKeysSearchCallback@23173718) - start
170145 [main] DEBUG org.dbunit.util.search.DepthFirstSearch  - reverseSearch:SCOPEDCONTENTCONDITIONS_SCOPEDCONTENTITEM
170145 [main] DEBUG org.dbunit.database.search.ImportedKeysSearchCallback  - searchNode(node=SCOPEDCONTENTCONDITIONS_SCOPEDCONTENTITEM) - start
170145 [main] DEBUG org.dbunit.util.search.DepthFirstSearch  - Pushing (reverse) SCOPEDCONTENTCONDITIONS_SCOPEDCONTENTITEM
170145 [main] DEBUG org.dbunit.database.search.ImportedKeysSearchCallback  - getEdges(node=SCOPEDCONTENTCONDITIONS_SCOPEDCONTENTITEM) - start
170145 [main] DEBUG org.dbunit.database.search.AbstractMetaDataBasedSearchCallback  - getNodesFromImportedKeys(node=SCOPEDCONTENTCONDITIONS_SCOPEDCONTENTITEM) - start
170145 [main] DEBUG org.dbunit.database.search.AbstractMetaDataBasedSearchCallback  - getNodes(type=0, node=SCOPEDCONTENTCONDITIONS_SCOPEDCONTENTITEM) - start
170145 [main] DEBUG org.dbunit.database.DatabaseDataSourceConnection  - getConnection() - start
170145 [main] DEBUG org.dbunit.database.search.AbstractMetaDataBasedSearchCallback  - getNodes(type=0, node=SCOPEDCONTENTCONDITIONS_SCOPEDCONTENTITEM, conn=Transaction-aware proxy for target Connection [jdbc:hsqldb:mem:kontrollDS, UserName=sw, HSQL Database Engine Driver], schema=null, metaData=org.apache.commons.dbcp.DelegatingDatabaseMetaData@49221aa7, edges=[]) - start
170145 [main] DEBUG org.dbunit.database.search.AbstractMetaDataBasedSearchCallback  - Getting edges for node SCOPEDCONTENTCONDITIONS_SCOPEDCONTENTITEM
170145 [main] TRACE org.dbunit.database.DatabaseConfig  - getProperty(name=http://www.dbunit.org/properties/metadataHandler) - start
170145 [main] TRACE org.dbunit.database.DefaultMetadataHandler  - tableExists(metaData=org.apache.commons.dbcp.DelegatingDatabaseMetaData@49221aa7, schemaName=null, tableName=SCOPEDCONTENTCONDITIONS_SCOPEDCONTENTITEM) - start
170146 [main] DEBUG org.dbunit.util.SQLHelper  - close(resultSet=org.apache.commons.dbcp.DelegatingResultSet@545d973d) - start
170146 [main] DEBUG org.dbunit.util.QualifiedTableName  - getQualifiedNameIfEnabled(config=org.dbunit.database.DatabaseConfig[, _propertyMap={http://www.dbunit.org/properties/statementFactory=org.dbunit.database.statement.PreparedStatementFactory@626bc2b8, http://www.dbunit.org/features/caseSensitiveTableNames=false, http://www.dbunit.org/properties/fetchSize=100, http://www.dbunit.org/features/batchedStatements=false, http://www.dbunit.org/properties/metadataHandler=org.dbunit.database.DefaultMetadataHandler@62baffef, http://www.dbunit.org/properties/datatypeFactory=org.dbunit.dataset.datatype.DefaultDataTypeFactory[_toleratedDeltaMap=org.dbunit.dataset.datatype.ToleratedDeltaMap@6452310a], http://www.dbunit.org/properties/escapePattern=null, http://www.dbunit.org/properties/batchSize=100, http://www.dbunit.org/features/qualifiedTableNames=false, http://www.dbunit.org/properties/tableType=[Ljava.lang.String;@5011bafa, http://www.dbunit.org/properties/resultSetTableFactory=org.dbunit.database.CachedResultSetTableFactory@10bcf083, http://www.dbunit.org/features/datatypeWarning=true}]) - start
170146 [main] TRACE org.dbunit.database.DatabaseConfig  - getFeature(name=http://www.dbunit.org/features/qualifiedTableNames) - start
170147 [main] TRACE org.dbunit.database.DatabaseConfig  - getProperty(name=http://www.dbunit.org/features/qualifiedTableNames) - start
170147 [main] DEBUG org.dbunit.util.QualifiedTableName  - Qualified table names feature is disabled. Returning plain table name
170147 [main] DEBUG org.dbunit.util.QualifiedTableName  - getQualifiedName(prefix=null, name=SCOPEDCONTENTCONDITIONS_SCOPEDCONTENTITEM, escapePattern=null) - start
170147 [main] DEBUG org.dbunit.util.QualifiedTableName  - getQualifiedNameIfEnabled(config=org.dbunit.database.DatabaseConfig[, _propertyMap={http://www.dbunit.org/properties/statementFactory=org.dbunit.database.statement.PreparedStatementFactory@626bc2b8, http://www.dbunit.org/features/caseSensitiveTableNames=false, http://www.dbunit.org/properties/fetchSize=100, http://www.dbunit.org/features/batchedStatements=false, http://www.dbunit.org/properties/metadataHandler=org.dbunit.database.DefaultMetadataHandler@62baffef, http://www.dbunit.org/properties/datatypeFactory=org.dbunit.dataset.datatype.DefaultDataTypeFactory[_toleratedDeltaMap=org.dbunit.dataset.datatype.ToleratedDeltaMap@6452310a], http://www.dbunit.org/properties/escapePattern=null, http://www.dbunit.org/properties/batchSize=100, http://www.dbunit.org/features/qualifiedTableNames=false, http://www.dbunit.org/properties/tableType=[Ljava.lang.String;@5011bafa, http://www.dbunit.org/properties/resultSetTableFactory=org.dbunit.database.CachedResultSetTableFactory@10bcf083, http://www.dbunit.org/features/datatypeWarning=true}]) - start
170147 [main] TRACE org.dbunit.database.DatabaseConfig  - getFeature(name=http://www.dbunit.org/features/qualifiedTableNames) - start
170147 [main] TRACE org.dbunit.database.DatabaseConfig  - getProperty(name=http://www.dbunit.org/features/qualifiedTableNames) - start
170147 [main] DEBUG org.dbunit.util.QualifiedTableName  - Qualified table names feature is disabled. Returning plain table name
170147 [main] DEBUG org.dbunit.util.QualifiedTableName  - getQualifiedName(prefix=null, name=SCOPEDCONTENTCONDITION, escapePattern=null) - start
170147 [main] DEBUG org.dbunit.database.search.AbstractMetaDataBasedSearchCallback  - newEdge(rs=org.apache.commons.dbcp.DelegatingResultSet@687618a6, type=0, from=SCOPEDCONTENTCONDITIONS_SCOPEDCONTENTITEM, to=SCOPEDCONTENTCONDITION, fkColumn=SCOPED_CONTENT_CONDITION_ID, pkColumn=ID) - start
170147 [main] DEBUG org.dbunit.database.search.AbstractMetaDataBasedSearchCallback  - createFKEdge(rs=org.apache.commons.dbcp.DelegatingResultSet@687618a6, type=0, from=SCOPEDCONTENTCONDITIONS_SCOPEDCONTENTITEM, to=SCOPEDCONTENTCONDITION, fkColumn=SCOPED_CONTENT_CONDITION_ID, pkColumn=ID) - start
170147 [main] DEBUG org.dbunit.database.search.AbstractMetaDataBasedSearchCallback  - Adding edge SCOPEDCONTENTCONDITIONS_SCOPEDCONTENTITEM(SCOPED_CONTENT_CONDITION_ID)->SCOPEDCONTENTCONDITION(ID)
170147 [main] DEBUG org.dbunit.util.search.Edge  - compareTo(o=SCOPEDCONTENTCONDITIONS_SCOPEDCONTENTITEM(SCOPED_CONTENT_CONDITION_ID)->SCOPEDCONTENTCONDITION(ID)) - start
170147 [main] DEBUG org.dbunit.util.QualifiedTableName  - getQualifiedNameIfEnabled(config=org.dbunit.database.DatabaseConfig[, _propertyMap={http://www.dbunit.org/properties/statementFactory=org.dbunit.database.statement.PreparedStatementFactory@626bc2b8, http://www.dbunit.org/features/caseSensitiveTableNames=false, http://www.dbunit.org/properties/fetchSize=100, http://www.dbunit.org/features/batchedStatements=false, http://www.dbunit.org/properties/metadataHandler=org.dbunit.database.DefaultMetadataHandler@62baffef, http://www.dbunit.org/properties/datatypeFactory=org.dbunit.dataset.datatype.DefaultDataTypeFactory[_toleratedDeltaMap=org.dbunit.dataset.datatype.ToleratedDeltaMap@6452310a], http://www.dbunit.org/properties/escapePattern=null, http://www.dbunit.org/properties/batchSize=100, http://www.dbunit.org/features/qualifiedTableNames=false, http://www.dbunit.org/properties/tableType=[Ljava.lang.String;@5011bafa, http://www.dbunit.org/properties/resultSetTableFactory=org.dbunit.database.CachedResultSetTableFactory@10bcf083, http://www.dbunit.org/features/datatypeWarning=true}]) - start
170147 [main] TRACE org.dbunit.database.DatabaseConfig  - getFeature(name=http://www.dbunit.org/features/qualifiedTableNames) - start
170147 [main] TRACE org.dbunit.database.DatabaseConfig  - getProperty(name=http://www.dbunit.org/features/qualifiedTableNames) - start
170147 [main] DEBUG org.dbunit.util.QualifiedTableName  - Qualified table names feature is disabled. Returning plain table name
170147 [main] DEBUG org.dbunit.util.QualifiedTableName  - getQualifiedName(prefix=null, name=SCOPEDCONTENTCONDITIONS_SCOPEDCONTENTITEM, escapePattern=null) - start
170147 [main] DEBUG org.dbunit.util.QualifiedTableName  - getQualifiedNameIfEnabled(config=org.dbunit.database.DatabaseConfig[, _propertyMap={http://www.dbunit.org/properties/statementFactory=org.dbunit.database.statement.PreparedStatementFactory@626bc2b8, http://www.dbunit.org/features/caseSensitiveTableNames=false, http://www.dbunit.org/properties/fetchSize=100, http://www.dbunit.org/features/batchedStatements=false, http://www.dbunit.org/properties/metadataHandler=org.dbunit.database.DefaultMetadataHandler@62baffef, http://www.dbunit.org/properties/datatypeFactory=org.dbunit.dataset.datatype.DefaultDataTypeFactory[_toleratedDeltaMap=org.dbunit.dataset.datatype.ToleratedDeltaMap@6452310a], http://www.dbunit.org/properties/escapePattern=null, http://www.dbunit.org/properties/batchSize=100, http://www.dbunit.org/features/qualifiedTableNames=false, http://www.dbunit.org/properties/tableType=[Ljava.lang.String;@5011bafa, http://www.dbunit.org/properties/resultSetTableFactory=org.dbunit.database.CachedResultSetTableFactory@10bcf083, http://www.dbunit.org/features/datatypeWarning=true}]) - start
170148 [main] TRACE org.dbunit.database.DatabaseConfig  - getFeature(name=http://www.dbunit.org/features/qualifiedTableNames) - start
170148 [main] TRACE org.dbunit.database.DatabaseConfig  - getProperty(name=http://www.dbunit.org/features/qualifiedTableNames) - start
170148 [main] DEBUG org.dbunit.util.QualifiedTableName  - Qualified table names feature is disabled. Returning plain table name
170148 [main] DEBUG org.dbunit.util.QualifiedTableName  - getQualifiedName(prefix=null, name=SCOPEDCONTENTITEM, escapePattern=null) - start
170148 [main] DEBUG org.dbunit.database.search.AbstractMetaDataBasedSearchCallback  - newEdge(rs=org.apache.commons.dbcp.DelegatingResultSet@687618a6, type=0, from=SCOPEDCONTENTCONDITIONS_SCOPEDCONTENTITEM, to=SCOPEDCONTENTITEM, fkColumn=SCOPED_CONTENT_ITEM_ID, pkColumn=ID) - start
170148 [main] DEBUG org.dbunit.database.search.AbstractMetaDataBasedSearchCallback  - createFKEdge(rs=org.apache.commons.dbcp.DelegatingResultSet@687618a6, type=0, from=SCOPEDCONTENTCONDITIONS_SCOPEDCONTENTITEM, to=SCOPEDCONTENTITEM, fkColumn=SCOPED_CONTENT_ITEM_ID, pkColumn=ID) - start
170148 [main] DEBUG org.dbunit.database.search.AbstractMetaDataBasedSearchCallback  - Adding edge SCOPEDCONTENTCONDITIONS_SCOPEDCONTENTITEM(SCOPED_CONTENT_ITEM_ID)->SCOPEDCONTENTITEM(ID)
170148 [main] DEBUG org.dbunit.util.search.Edge  - compareTo(o=SCOPEDCONTENTCONDITIONS_SCOPEDCONTENTITEM(SCOPED_CONTENT_CONDITION_ID)->SCOPEDCONTENTCONDITION(ID)) - start
170148 [main] DEBUG org.dbunit.util.SQLHelper  - close(resultSet=org.apache.commons.dbcp.DelegatingResultSet@687618a6) - start
170148 [main] DEBUG org.dbunit.util.search.DepthFirstSearch  - search:SCOPEDCONTENTCONDITIONS_SCOPEDCONTENTITEM
170148 [main] DEBUG org.dbunit.database.search.ImportedKeysSearchCallback  - searchNode(node=SCOPEDCONTENTCONDITIONS_SCOPEDCONTENTITEM) - start
170148 [main] DEBUG org.dbunit.util.search.DepthFirstSearch  - Pushing SCOPEDCONTENTCONDITIONS_SCOPEDCONTENTITEM
170148 [main] DEBUG org.dbunit.database.search.ImportedKeysSearchCallback  - getEdges(node=SCOPEDCONTENTCONDITIONS_SCOPEDCONTENTITEM) - start
170148 [main] DEBUG org.dbunit.database.search.AbstractMetaDataBasedSearchCallback  - getNodesFromImportedKeys(node=SCOPEDCONTENTCONDITIONS_SCOPEDCONTENTITEM) - start
170148 [main] DEBUG org.dbunit.database.search.AbstractMetaDataBasedSearchCallback  - getNodes(type=0, node=SCOPEDCONTENTCONDITIONS_SCOPEDCONTENTITEM) - start
170148 [main] DEBUG org.dbunit.database.DatabaseDataSourceConnection  - getConnection() - start
170148 [main] DEBUG org.dbunit.database.search.AbstractMetaDataBasedSearchCallback  - getNodes(type=0, node=SCOPEDCONTENTCONDITIONS_SCOPEDCONTENTITEM, conn=Transaction-aware proxy for target Connection [jdbc:hsqldb:mem:kontrollDS, UserName=sw, HSQL Database Engine Driver], schema=null, metaData=org.apache.commons.dbcp.DelegatingDatabaseMetaData@214c6fde, edges=[]) - start
170148 [main] DEBUG org.dbunit.database.search.AbstractMetaDataBasedSearchCallback  - Getting edges for node SCOPEDCONTENTCONDITIONS_SCOPEDCONTENTITEM
170148 [main] TRACE org.dbunit.database.DatabaseConfig  - getProperty(name=http://www.dbunit.org/properties/metadataHandler) - start
170148 [main] TRACE org.dbunit.database.DefaultMetadataHandler  - tableExists(metaData=org.apache.commons.dbcp.DelegatingDatabaseMetaData@214c6fde, schemaName=null, tableName=SCOPEDCONTENTCONDITIONS_SCOPEDCONTENTITEM) - start
170151 [main] DEBUG org.dbunit.util.SQLHelper  - close(resultSet=org.apache.commons.dbcp.DelegatingResultSet@1242e51a) - start
170151 [main] DEBUG org.dbunit.util.QualifiedTableName  - getQualifiedNameIfEnabled(config=org.dbunit.database.DatabaseConfig[, _propertyMap={http://www.dbunit.org/properties/statementFactory=org.dbunit.database.statement.PreparedStatementFactory@626bc2b8, http://www.dbunit.org/features/caseSensitiveTableNames=false, http://www.dbunit.org/properties/fetchSize=100, http://www.dbunit.org/features/batchedStatements=false, http://www.dbunit.org/properties/metadataHandler=org.dbunit.database.DefaultMetadataHandler@62baffef, http://www.dbunit.org/properties/datatypeFactory=org.dbunit.dataset.datatype.DefaultDataTypeFactory[_toleratedDeltaMap=org.dbunit.dataset.datatype.ToleratedDeltaMap@6452310a], http://www.dbunit.org/properties/escapePattern=null, http://www.dbunit.org/properties/batchSize=100, http://www.dbunit.org/features/qualifiedTableNames=false, http://www.dbunit.org/properties/tableType=[Ljava.lang.String;@5011bafa, http://www.dbunit.org/properties/resultSetTableFactory=org.dbunit.database.CachedResultSetTableFactory@10bcf083, http://www.dbunit.org/features/datatypeWarning=true}]) - start
170151 [main] TRACE org.dbunit.database.DatabaseConfig  - getFeature(name=http://www.dbunit.org/features/qualifiedTableNames) - start
170151 [main] TRACE org.dbunit.database.DatabaseConfig  - getProperty(name=http://www.dbunit.org/features/qualifiedTableNames) - start
170151 [main] DEBUG org.dbunit.util.QualifiedTableName  - Qualified table names feature is disabled. Returning plain table name
170151 [main] DEBUG org.dbunit.util.QualifiedTableName  - getQualifiedName(prefix=null, name=SCOPEDCONTENTCONDITIONS_SCOPEDCONTENTITEM, escapePattern=null) - start
170151 [main] DEBUG org.dbunit.util.QualifiedTableName  - getQualifiedNameIfEnabled(config=org.dbunit.database.DatabaseConfig[, _propertyMap={http://www.dbunit.org/properties/statementFactory=org.dbunit.database.statement.PreparedStatementFactory@626bc2b8, http://www.dbunit.org/features/caseSensitiveTableNames=false, http://www.dbunit.org/properties/fetchSize=100, http://www.dbunit.org/features/batchedStatements=false, http://www.dbunit.org/properties/metadataHandler=org.dbunit.database.DefaultMetadataHandler@62baffef, http://www.dbunit.org/properties/datatypeFactory=org.dbunit.dataset.datatype.DefaultDataTypeFactory[_toleratedDeltaMap=org.dbunit.dataset.datatype.ToleratedDeltaMap@6452310a], http://www.dbunit.org/properties/escapePattern=null, http://www.dbunit.org/properties/batchSize=100, http://www.dbunit.org/features/qualifiedTableNames=false, http://www.dbunit.org/properties/tableType=[Ljava.lang.String;@5011bafa, http://www.dbunit.org/properties/resultSetTableFactory=org.dbunit.database.CachedResultSetTableFactory@10bcf083, http://www.dbunit.org/features/datatypeWarning=true}]) - start
170151 [main] TRACE org.dbunit.database.DatabaseConfig  - getFeature(name=http://www.dbunit.org/features/qualifiedTableNames) - start
170151 [main] TRACE org.dbunit.database.DatabaseConfig  - getProperty(name=http://www.dbunit.org/features/qualifiedTableNames) - start
170151 [main] DEBUG org.dbunit.util.QualifiedTableName  - Qualified table names feature is disabled. Returning plain table name
170151 [main] DEBUG org.dbunit.util.QualifiedTableName  - getQualifiedName(prefix=null, name=SCOPEDCONTENTCONDITION, escapePattern=null) - start
170151 [main] DEBUG org.dbunit.database.search.AbstractMetaDataBasedSearchCallback  - newEdge(rs=org.apache.commons.dbcp.DelegatingResultSet@7f047e5c, type=0, from=SCOPEDCONTENTCONDITIONS_SCOPEDCONTENTITEM, to=SCOPEDCONTENTCONDITION, fkColumn=SCOPED_CONTENT_CONDITION_ID, pkColumn=ID) - start
170151 [main] DEBUG org.dbunit.database.search.AbstractMetaDataBasedSearchCallback  - createFKEdge(rs=org.apache.commons.dbcp.DelegatingResultSet@7f047e5c, type=0, from=SCOPEDCONTENTCONDITIONS_SCOPEDCONTENTITEM, to=SCOPEDCONTENTCONDITION, fkColumn=SCOPED_CONTENT_CONDITION_ID, pkColumn=ID) - start
170152 [main] DEBUG org.dbunit.database.search.AbstractMetaDataBasedSearchCallback  - Adding edge SCOPEDCONTENTCONDITIONS_SCOPEDCONTENTITEM(SCOPED_CONTENT_CONDITION_ID)->SCOPEDCONTENTCONDITION(ID)
170152 [main] DEBUG org.dbunit.util.search.Edge  - compareTo(o=SCOPEDCONTENTCONDITIONS_SCOPEDCONTENTITEM(SCOPED_CONTENT_CONDITION_ID)->SCOPEDCONTENTCONDITION(ID)) - start
170152 [main] DEBUG org.dbunit.util.QualifiedTableName  - getQualifiedNameIfEnabled(config=org.dbunit.database.DatabaseConfig[, _propertyMap={http://www.dbunit.org/properties/statementFactory=org.dbunit.database.statement.PreparedStatementFactory@626bc2b8, http://www.dbunit.org/features/caseSensitiveTableNames=false, http://www.dbunit.org/properties/fetchSize=100, http://www.dbunit.org/features/batchedStatements=false, http://www.dbunit.org/properties/metadataHandler=org.dbunit.database.DefaultMetadataHandler@62baffef, http://www.dbunit.org/properties/datatypeFactory=org.dbunit.dataset.datatype.DefaultDataTypeFactory[_toleratedDeltaMap=org.dbunit.dataset.datatype.ToleratedDeltaMap@6452310a], http://www.dbunit.org/properties/escapePattern=null, http://www.dbunit.org/properties/batchSize=100, http://www.dbunit.org/features/qualifiedTableNames=false, http://www.dbunit.org/properties/tableType=[Ljava.lang.String;@5011bafa, http://www.dbunit.org/properties/resultSetTableFactory=org.dbunit.database.CachedResultSetTableFactory@10bcf083, http://www.dbunit.org/features/datatypeWarning=true}]) - start
170152 [main] TRACE org.dbunit.database.DatabaseConfig  - getFeature(name=http://www.dbunit.org/features/qualifiedTableNames) - start
170152 [main] TRACE org.dbunit.database.DatabaseConfig  - getProperty(name=http://www.dbunit.org/features/qualifiedTableNames) - start
170152 [main] DEBUG org.dbunit.util.QualifiedTableName  - Qualified table names feature is disabled. Returning plain table name
170152 [main] DEBUG org.dbunit.util.QualifiedTableName  - getQualifiedName(prefix=null, name=SCOPEDCONTENTCONDITIONS_SCOPEDCONTENTITEM, escapePattern=null) - start
170152 [main] DEBUG org.dbunit.util.QualifiedTableName  - getQualifiedNameIfEnabled(config=org.dbunit.database.DatabaseConfig[, _propertyMap={http://www.dbunit.org/properties/statementFactory=org.dbunit.database.statement.PreparedStatementFactory@626bc2b8, http://www.dbunit.org/features/caseSensitiveTableNames=false, http://www.dbunit.org/properties/fetchSize=100, http://www.dbunit.org/features/batchedStatements=false, http://www.dbunit.org/properties/metadataHandler=org.dbunit.database.DefaultMetadataHandler@62baffef, http://www.dbunit.org/properties/datatypeFactory=org.dbunit.dataset.datatype.DefaultDataTypeFactory[_toleratedDeltaMap=org.dbunit.dataset.datatype.ToleratedDeltaMap@6452310a], http://www.dbunit.org/properties/escapePattern=null, http://www.dbunit.org/properties/batchSize=100, http://www.dbunit.org/features/qualifiedTableNames=false, http://www.dbunit.org/properties/tableType=[Ljava.lang.String;@5011bafa, http://www.dbunit.org/properties/resultSetTableFactory=org.dbunit.database.CachedResultSetTableFactory@10bcf083, http://www.dbunit.org/features/datatypeWarning=true}]) - start
170152 [main] TRACE org.dbunit.database.DatabaseConfig  - getFeature(name=http://www.dbunit.org/features/qualifiedTableNames) - start
170152 [main] TRACE org.dbunit.database.DatabaseConfig  - getProperty(name=http://www.dbunit.org/features/qualifiedTableNames) - start
170152 [main] DEBUG org.dbunit.util.QualifiedTableName  - Qualified table names feature is disabled. Returning plain table name
170152 [main] DEBUG org.dbunit.util.QualifiedTableName  - getQualifiedName(prefix=null, name=SCOPEDCONTENTITEM, escapePattern=null) - start
170152 [main] DEBUG org.dbunit.database.search.AbstractMetaDataBasedSearchCallback  - newEdge(rs=org.apache.commons.dbcp.DelegatingResultSet@7f047e5c, type=0, from=SCOPEDCONTENTCONDITIONS_SCOPEDCONTENTITEM, to=SCOPEDCONTENTITEM, fkColumn=SCOPED_CONTENT_ITEM_ID, pkColumn=ID) - start
170152 [main] DEBUG org.dbunit.database.search.AbstractMetaDataBasedSearchCallback  - createFKEdge(rs=org.apache.commons.dbcp.DelegatingResultSet@7f047e5c, type=0, from=SCOPEDCONTENTCONDITIONS_SCOPEDCONTENTITEM, to=SCOPEDCONTENTITEM, fkColumn=SCOPED_CONTENT_ITEM_ID, pkColumn=ID) - start
170152 [main] DEBUG org.dbunit.database.search.AbstractMetaDataBasedSearchCallback  - Adding edge SCOPEDCONTENTCONDITIONS_SCOPEDCONTENTITEM(SCOPED_CONTENT_ITEM_ID)->SCOPEDCONTENTITEM(ID)
170152 [main] DEBUG org.dbunit.util.search.Edge  - compareTo(o=SCOPEDCONTENTCONDITIONS_SCOPEDCONTENTITEM(SCOPED_CONTENT_CONDITION_ID)->SCOPEDCONTENTCONDITION(ID)) - start
170152 [main] DEBUG org.dbunit.util.SQLHelper  - close(resultSet=org.apache.commons.dbcp.DelegatingResultSet@7f047e5c) - start
170152 [main] DEBUG org.dbunit.util.search.DepthFirstSearch  - search:SCOPEDCONTENTCONDITION
170152 [main] DEBUG org.dbunit.database.search.ImportedKeysSearchCallback  - searchNode(node=SCOPEDCONTENTCONDITION) - start
170152 [main] DEBUG org.dbunit.util.search.DepthFirstSearch  - Pushing SCOPEDCONTENTCONDITION
170152 [main] DEBUG org.dbunit.database.search.ImportedKeysSearchCallback  - getEdges(node=SCOPEDCONTENTCONDITION) - start
170152 [main] DEBUG org.dbunit.database.search.AbstractMetaDataBasedSearchCallback  - getNodesFromImportedKeys(node=SCOPEDCONTENTCONDITION) - start
170152 [main] DEBUG org.dbunit.database.search.AbstractMetaDataBasedSearchCallback  - getNodes(type=0, node=SCOPEDCONTENTCONDITION) - start
170152 [main] DEBUG org.dbunit.database.DatabaseDataSourceConnection  - getConnection() - start
170153 [main] DEBUG org.dbunit.database.search.AbstractMetaDataBasedSearchCallback  - getNodes(type=0, node=SCOPEDCONTENTCONDITION, conn=Transaction-aware proxy for target Connection [jdbc:hsqldb:mem:kontrollDS, UserName=sw, HSQL Database Engine Driver], schema=null, metaData=org.apache.commons.dbcp.DelegatingDatabaseMetaData@40b2a, edges=[]) - start
170153 [main] DEBUG org.dbunit.database.search.AbstractMetaDataBasedSearchCallback  - Getting edges for node SCOPEDCONTENTCONDITION
170153 [main] TRACE org.dbunit.database.DatabaseConfig  - getProperty(name=http://www.dbunit.org/properties/metadataHandler) - start
170153 [main] TRACE org.dbunit.database.DefaultMetadataHandler  - tableExists(metaData=org.apache.commons.dbcp.DelegatingDatabaseMetaData@40b2a, schemaName=null, tableName=SCOPEDCONTENTCONDITION) - start
170154 [main] DEBUG org.dbunit.util.SQLHelper  - close(resultSet=org.apache.commons.dbcp.DelegatingResultSet@63728eb3) - start
170154 [main] DEBUG org.dbunit.util.SQLHelper  - close(resultSet=org.apache.commons.dbcp.DelegatingResultSet@19e3a7ab) - start
170154 [main] DEBUG org.dbunit.util.search.DepthFirstSearch  - Adding node SCOPEDCONTENTCONDITION to the final result
170154 [main] DEBUG org.dbunit.util.search.DepthFirstSearch  - search:SCOPEDCONTENTITEM
170154 [main] DEBUG org.dbunit.database.search.ImportedKeysSearchCallback  - searchNode(node=SCOPEDCONTENTITEM) - start
170154 [main] DEBUG org.dbunit.util.search.DepthFirstSearch  - Pushing SCOPEDCONTENTITEM
170154 [main] DEBUG org.dbunit.database.search.ImportedKeysSearchCallback  - getEdges(node=SCOPEDCONTENTITEM) - start
170154 [main] DEBUG org.dbunit.database.search.AbstractMetaDataBasedSearchCallback  - getNodesFromImportedKeys(node=SCOPEDCONTENTITEM) - start
170154 [main] DEBUG org.dbunit.database.search.AbstractMetaDataBasedSearchCallback  - getNodes(type=0, node=SCOPEDCONTENTITEM) - start
170154 [main] DEBUG org.dbunit.database.DatabaseDataSourceConnection  - getConnection() - start
170154 [main] DEBUG org.dbunit.database.search.AbstractMetaDataBasedSearchCallback  - getNodes(type=0, node=SCOPEDCONTENTITEM, conn=Transaction-aware proxy for target Connection [jdbc:hsqldb:mem:kontrollDS, UserName=sw, HSQL Database Engine Driver], schema=null, metaData=org.apache.commons.dbcp.DelegatingDatabaseMetaData@3114d8d4, edges=[]) - start
170154 [main] DEBUG org.dbunit.database.search.AbstractMetaDataBasedSearchCallback  - Getting edges for node SCOPEDCONTENTITEM
170154 [main] TRACE org.dbunit.database.DatabaseConfig  - getProperty(name=http://www.dbunit.org/properties/metadataHandler) - start
170154 [main] TRACE org.dbunit.database.DefaultMetadataHandler  - tableExists(metaData=org.apache.commons.dbcp.DelegatingDatabaseMetaData@3114d8d4, schemaName=null, tableName=SCOPEDCONTENTITEM) - start
170155 [main] DEBUG org.dbunit.util.SQLHelper  - close(resultSet=org.apache.commons.dbcp.DelegatingResultSet@756ce822) - start
170155 [main] DEBUG org.dbunit.util.SQLHelper  - close(resultSet=org.apache.commons.dbcp.DelegatingResultSet@73fc612c) - start
170155 [main] DEBUG org.dbunit.util.search.DepthFirstSearch  - Adding node SCOPEDCONTENTITEM to the final result
170156 [main] DEBUG org.dbunit.util.search.DepthFirstSearch  - Adding node SCOPEDCONTENTCONDITIONS_SCOPEDCONTENTITEM to the final result
170156 [main] DEBUG org.dbunit.util.search.DepthFirstSearch  - reverseSearch:SCOPEDCONTENTITEM
170156 [main] DEBUG org.dbunit.database.search.ImportedKeysSearchCallback  - searchNode(node=SCOPEDCONTENTITEM) - start
170156 [main] DEBUG org.dbunit.util.search.DepthFirstSearch  - Pushing (reverse) SCOPEDCONTENTITEM
170156 [main] DEBUG org.dbunit.database.search.ImportedKeysSearchCallback  - getEdges(node=SCOPEDCONTENTITEM) - start
170156 [main] DEBUG org.dbunit.database.search.AbstractMetaDataBasedSearchCallback  - getNodesFromImportedKeys(node=SCOPEDCONTENTITEM) - start
170156 [main] DEBUG org.dbunit.database.search.AbstractMetaDataBasedSearchCallback  - getNodes(type=0, node=SCOPEDCONTENTITEM) - start
170156 [main] DEBUG org.dbunit.database.DatabaseDataSourceConnection  - getConnection() - start
170156 [main] DEBUG org.dbunit.database.search.AbstractMetaDataBasedSearchCallback  - getNodes(type=0, node=SCOPEDCONTENTITEM, conn=Transaction-aware proxy for target Connection [jdbc:hsqldb:mem:kontrollDS, UserName=sw, HSQL Database Engine Driver], schema=null, metaData=org.apache.commons.dbcp.DelegatingDatabaseMetaData@3e4fcb31, edges=[]) - start
170156 [main] DEBUG org.dbunit.database.search.AbstractMetaDataBasedSearchCallback  - Getting edges for node SCOPEDCONTENTITEM
170156 [main] TRACE org.dbunit.database.DatabaseConfig  - getProperty(name=http://www.dbunit.org/properties/metadataHandler) - start
170156 [main] TRACE org.dbunit.database.DefaultMetadataHandler  - tableExists(metaData=org.apache.commons.dbcp.DelegatingDatabaseMetaData@3e4fcb31, schemaName=null, tableName=SCOPEDCONTENTITEM) - start
170157 [main] DEBUG org.dbunit.util.SQLHelper  - close(resultSet=org.apache.commons.dbcp.DelegatingResultSet@304fa6a0) - start
170157 [main] DEBUG org.dbunit.util.SQLHelper  - close(resultSet=org.apache.commons.dbcp.DelegatingResultSet@56d6ecdd) - start
170157 [main] DEBUG org.dbunit.util.search.DepthFirstSearch  - reverseSearch:SCOPEDCONTENTCONDITIONS_SCOPEDCONTENTITEM
170157 [main] DEBUG org.dbunit.util.search.DepthFirstSearch  - already searched; returning true
170157 [main] DEBUG org.dbunit.util.search.DepthFirstSearch  - reverseSearch:SCOPEDCONTENTCONDITION
170157 [main] DEBUG org.dbunit.database.search.ImportedKeysSearchCallback  - searchNode(node=SCOPEDCONTENTCONDITION) - start
170157 [main] DEBUG org.dbunit.util.search.DepthFirstSearch  - Pushing (reverse) SCOPEDCONTENTCONDITION
170157 [main] DEBUG org.dbunit.database.search.ImportedKeysSearchCallback  - getEdges(node=SCOPEDCONTENTCONDITION) - start
170157 [main] DEBUG org.dbunit.database.search.AbstractMetaDataBasedSearchCallback  - getNodesFromImportedKeys(node=SCOPEDCONTENTCONDITION) - start
170157 [main] DEBUG org.dbunit.database.search.AbstractMetaDataBasedSearchCallback  - getNodes(type=0, node=SCOPEDCONTENTCONDITION) - start
170157 [main] DEBUG org.dbunit.database.DatabaseDataSourceConnection  - getConnection() - start
170157 [main] DEBUG org.dbunit.database.search.AbstractMetaDataBasedSearchCallback  - getNodes(type=0, node=SCOPEDCONTENTCONDITION, conn=Transaction-aware proxy for target Connection [jdbc:hsqldb:mem:kontrollDS, UserName=sw, HSQL Database Engine Driver], schema=null, metaData=org.apache.commons.dbcp.DelegatingDatabaseMetaData@3858cdb5, edges=[]) - start
170157 [main] DEBUG org.dbunit.database.search.AbstractMetaDataBasedSearchCallback  - Getting edges for node SCOPEDCONTENTCONDITION
170157 [main] TRACE org.dbunit.database.DatabaseConfig  - getProperty(name=http://www.dbunit.org/properties/metadataHandler) - start
170158 [main] TRACE org.dbunit.database.DefaultMetadataHandler  - tableExists(metaData=org.apache.commons.dbcp.DelegatingDatabaseMetaData@3858cdb5, schemaName=null, tableName=SCOPEDCONTENTCONDITION) - start
170158 [main] DEBUG org.dbunit.util.SQLHelper  - close(resultSet=org.apache.commons.dbcp.DelegatingResultSet@76ec1185) - start
170159 [main] DEBUG org.dbunit.util.SQLHelper  - close(resultSet=org.apache.commons.dbcp.DelegatingResultSet@75072bd5) - start
170159 [main] DEBUG org.dbunit.util.search.DepthFirstSearch  - search:SCOPEDCONTENTCONDITIONS_SCOPEDCONTENTITEM
170159 [main] DEBUG org.dbunit.util.search.DepthFirstSearch  - already searched; returning true
170159 [main] DEBUG org.dbunit.util.search.DepthFirstSearch  - search:SCOPEDCONTENTITEM
170159 [main] DEBUG org.dbunit.util.search.DepthFirstSearch  - already searched; returning true
170159 [main] DEBUG org.dbunit.util.search.DepthFirstSearch  - search:SCOPEDCONTENTCONDITION
170159 [main] DEBUG org.dbunit.util.search.DepthFirstSearch  - already searched; returning true
170159 [main] DEBUG org.dbunit.util.CollectionsHelper  - setToStrings(set=[SCOPEDCONTENTCONDITION, SCOPEDCONTENTITEM, SCOPEDCONTENTCONDITIONS_SCOPEDCONTENTITEM]) - start
170159 [main] DEBUG org.dbunit.database.search.TablesDependencyHelper  - getDependsOnTables(connection=_databaseConfig=org.dbunit.database.DatabaseConfig[, _propertyMap={http://www.dbunit.org/properties/statementFactory=org.dbunit.database.statement.PreparedStatementFactory@626bc2b8, http://www.dbunit.org/features/caseSensitiveTableNames=false, http://www.dbunit.org/properties/fetchSize=100, http://www.dbunit.org/features/batchedStatements=false, http://www.dbunit.org/properties/metadataHandler=org.dbunit.database.DefaultMetadataHandler@62baffef, http://www.dbunit.org/properties/datatypeFactory=org.dbunit.dataset.datatype.DefaultDataTypeFactory[_toleratedDeltaMap=org.dbunit.dataset.datatype.ToleratedDeltaMap@6452310a], http://www.dbunit.org/properties/escapePattern=null, http://www.dbunit.org/properties/batchSize=100, http://www.dbunit.org/features/qualifiedTableNames=false, http://www.dbunit.org/properties/tableType=[Ljava.lang.String;@5011bafa, http://www.dbunit.org/properties/resultSetTableFactory=org.dbunit.database.CachedResultSetTableFactory@10bcf083, http://www.dbunit.org/features/datatypeWarning=true}], _dataSet=AbstractDataSet[_orderedTableNameMap=null], rootTable=SCOPEDCONTENTCONDITIONS_SCOPEDCONTENTITEM) - start
170159 [main] DEBUG org.dbunit.util.search.DepthFirstSearch  - search(nodesFrom=[SCOPEDCONTENTCONDITIONS_SCOPEDCONTENTITEM], callback=org.dbunit.database.search.ExportedKeysSearchCallback@4f2148e0) - start
170159 [main] DEBUG org.dbunit.util.CollectionsHelper  - objectsToSet(objects=SCOPEDCONTENTCONDITIONS_SCOPEDCONTENTITEM) - start
170159 [main] DEBUG org.dbunit.util.search.DepthFirstSearch  - search(nodesFrom=[SCOPEDCONTENTCONDITIONS_SCOPEDCONTENTITEM], callback=org.dbunit.database.search.ExportedKeysSearchCallback@4f2148e0) - start
170159 [main] DEBUG org.dbunit.util.search.DepthFirstSearch  - reverseSearch:SCOPEDCONTENTCONDITIONS_SCOPEDCONTENTITEM
170159 [main] DEBUG org.dbunit.database.search.ExportedKeysSearchCallback  - searchNode(node=SCOPEDCONTENTCONDITIONS_SCOPEDCONTENTITEM) - start
170159 [main] DEBUG org.dbunit.util.search.DepthFirstSearch  - Pushing (reverse) SCOPEDCONTENTCONDITIONS_SCOPEDCONTENTITEM
170159 [main] DEBUG org.dbunit.database.search.ExportedKeysSearchCallback  - getEdges(node=SCOPEDCONTENTCONDITIONS_SCOPEDCONTENTITEM) - start
170159 [main] DEBUG org.dbunit.database.search.AbstractMetaDataBasedSearchCallback  - getNodesFromExportedKeys(node=SCOPEDCONTENTCONDITIONS_SCOPEDCONTENTITEM) - start
170159 [main] DEBUG org.dbunit.database.search.AbstractMetaDataBasedSearchCallback  - getNodes(type=1, node=SCOPEDCONTENTCONDITIONS_SCOPEDCONTENTITEM) - start
170159 [main] DEBUG org.dbunit.database.DatabaseDataSourceConnection  - getConnection() - start
170159 [main] DEBUG org.dbunit.database.search.AbstractMetaDataBasedSearchCallback  - getNodes(type=1, node=SCOPEDCONTENTCONDITIONS_SCOPEDCONTENTITEM, conn=Transaction-aware proxy for target Connection [jdbc:hsqldb:mem:kontrollDS, UserName=sw, HSQL Database Engine Driver], schema=null, metaData=org.apache.commons.dbcp.DelegatingDatabaseMetaData@123792b6, edges=[]) - start
170159 [main] DEBUG org.dbunit.database.search.AbstractMetaDataBasedSearchCallback  - Getting edges for node SCOPEDCONTENTCONDITIONS_SCOPEDCONTENTITEM
170159 [main] TRACE org.dbunit.database.DatabaseConfig  - getProperty(name=http://www.dbunit.org/properties/metadataHandler) - start
170159 [main] TRACE org.dbunit.database.DefaultMetadataHandler  - tableExists(metaData=org.apache.commons.dbcp.DelegatingDatabaseMetaData@123792b6, schemaName=null, tableName=SCOPEDCONTENTCONDITIONS_SCOPEDCONTENTITEM) - start
170161 [main] DEBUG org.dbunit.util.SQLHelper  - close(resultSet=org.apache.commons.dbcp.DelegatingResultSet@4417c8f9) - start
170161 [main] DEBUG org.dbunit.util.SQLHelper  - close(resultSet=org.apache.commons.dbcp.DelegatingResultSet@17078ca7) - start
170161 [main] DEBUG org.dbunit.util.search.DepthFirstSearch  - search:SCOPEDCONTENTCONDITIONS_SCOPEDCONTENTITEM
170161 [main] DEBUG org.dbunit.database.search.ExportedKeysSearchCallback  - searchNode(node=SCOPEDCONTENTCONDITIONS_SCOPEDCONTENTITEM) - start
170161 [main] DEBUG org.dbunit.util.search.DepthFirstSearch  - Pushing SCOPEDCONTENTCONDITIONS_SCOPEDCONTENTITEM
170161 [main] DEBUG org.dbunit.database.search.ExportedKeysSearchCallback  - getEdges(node=SCOPEDCONTENTCONDITIONS_SCOPEDCONTENTITEM) - start
170161 [main] DEBUG org.dbunit.database.search.AbstractMetaDataBasedSearchCallback  - getNodesFromExportedKeys(node=SCOPEDCONTENTCONDITIONS_SCOPEDCONTENTITEM) - start
170161 [main] DEBUG org.dbunit.database.search.AbstractMetaDataBasedSearchCallback  - getNodes(type=1, node=SCOPEDCONTENTCONDITIONS_SCOPEDCONTENTITEM) - start
170161 [main] DEBUG org.dbunit.database.DatabaseDataSourceConnection  - getConnection() - start
170161 [main] DEBUG org.dbunit.database.search.AbstractMetaDataBasedSearchCallback  - getNodes(type=1, node=SCOPEDCONTENTCONDITIONS_SCOPEDCONTENTITEM, conn=Transaction-aware proxy for target Connection [jdbc:hsqldb:mem:kontrollDS, UserName=sw, HSQL Database Engine Driver], schema=null, metaData=org.apache.commons.dbcp.DelegatingDatabaseMetaData@70a333c0, edges=[]) - start
170161 [main] DEBUG org.dbunit.database.search.AbstractMetaDataBasedSearchCallback  - Getting edges for node SCOPEDCONTENTCONDITIONS_SCOPEDCONTENTITEM
170161 [main] TRACE org.dbunit.database.DatabaseConfig  - getProperty(name=http://www.dbunit.org/properties/metadataHandler) - start
170161 [main] TRACE org.dbunit.database.DefaultMetadataHandler  - tableExists(metaData=org.apache.commons.dbcp.DelegatingDatabaseMetaData@70a333c0, schemaName=null, tableName=SCOPEDCONTENTCONDITIONS_SCOPEDCONTENTITEM) - start
170162 [main] DEBUG org.dbunit.util.SQLHelper  - close(resultSet=org.apache.commons.dbcp.DelegatingResultSet@54ae22f0) - start
170162 [main] DEBUG org.dbunit.util.SQLHelper  - close(resultSet=org.apache.commons.dbcp.DelegatingResultSet@6b9cc26e) - start
170162 [main] DEBUG org.dbunit.util.search.DepthFirstSearch  - Adding node SCOPEDCONTENTCONDITIONS_SCOPEDCONTENTITEM to the final result
170162 [main] DEBUG org.dbunit.util.CollectionsHelper  - setToStrings(set=[SCOPEDCONTENTCONDITIONS_SCOPEDCONTENTITEM]) - start
170162 [main] DEBUG org.dbunit.database.search.TablesDependencyHelper  - getDirectDependsOnTables(connection=_databaseConfig=org.dbunit.database.DatabaseConfig[, _propertyMap={http://www.dbunit.org/properties/statementFactory=org.dbunit.database.statement.PreparedStatementFactory@626bc2b8, http://www.dbunit.org/features/caseSensitiveTableNames=false, http://www.dbunit.org/properties/fetchSize=100, http://www.dbunit.org/features/batchedStatements=false, http://www.dbunit.org/properties/metadataHandler=org.dbunit.database.DefaultMetadataHandler@62baffef, http://www.dbunit.org/properties/datatypeFactory=org.dbunit.dataset.datatype.DefaultDataTypeFactory[_toleratedDeltaMap=org.dbunit.dataset.datatype.ToleratedDeltaMap@6452310a], http://www.dbunit.org/properties/escapePattern=null, http://www.dbunit.org/properties/batchSize=100, http://www.dbunit.org/features/qualifiedTableNames=false, http://www.dbunit.org/properties/tableType=[Ljava.lang.String;@5011bafa, http://www.dbunit.org/properties/resultSetTableFactory=org.dbunit.database.CachedResultSetTableFactory@10bcf083, http://www.dbunit.org/features/datatypeWarning=true}], _dataSet=AbstractDataSet[_orderedTableNameMap=null], tableName=SCOPEDCONTENTCONDITIONS_SCOPEDCONTENTITEM) - start
170163 [main] DEBUG org.dbunit.util.search.DepthFirstSearch  - search(nodesFrom=[SCOPEDCONTENTCONDITIONS_SCOPEDCONTENTITEM], callback=org.dbunit.database.search.ExportedKeysSearchCallback@48bba97e) - start
170163 [main] DEBUG org.dbunit.util.CollectionsHelper  - objectsToSet(objects=SCOPEDCONTENTCONDITIONS_SCOPEDCONTENTITEM) - start
170163 [main] DEBUG org.dbunit.util.search.DepthFirstSearch  - search(nodesFrom=[SCOPEDCONTENTCONDITIONS_SCOPEDCONTENTITEM], callback=org.dbunit.database.search.ExportedKeysSearchCallback@48bba97e) - start
170163 [main] DEBUG org.dbunit.util.search.DepthFirstSearch  - reverseSearch:SCOPEDCONTENTCONDITIONS_SCOPEDCONTENTITEM
170163 [main] DEBUG org.dbunit.database.search.ExportedKeysSearchCallback  - searchNode(node=SCOPEDCONTENTCONDITIONS_SCOPEDCONTENTITEM) - start
170163 [main] DEBUG org.dbunit.util.search.DepthFirstSearch  - Pushing (reverse) SCOPEDCONTENTCONDITIONS_SCOPEDCONTENTITEM
170163 [main] DEBUG org.dbunit.database.search.ExportedKeysSearchCallback  - getEdges(node=SCOPEDCONTENTCONDITIONS_SCOPEDCONTENTITEM) - start
170163 [main] DEBUG org.dbunit.database.search.AbstractMetaDataBasedSearchCallback  - getNodesFromExportedKeys(node=SCOPEDCONTENTCONDITIONS_SCOPEDCONTENTITEM) - start
170163 [main] DEBUG org.dbunit.database.search.AbstractMetaDataBasedSearchCallback  - getNodes(type=1, node=SCOPEDCONTENTCONDITIONS_SCOPEDCONTENTITEM) - start
170163 [main] DEBUG org.dbunit.database.DatabaseDataSourceConnection  - getConnection() - start
170163 [main] DEBUG org.dbunit.database.search.AbstractMetaDataBasedSearchCallback  - getNodes(type=1, node=SCOPEDCONTENTCONDITIONS_SCOPEDCONTENTITEM, conn=Transaction-aware proxy for target Connection [jdbc:hsqldb:mem:kontrollDS, UserName=sw, HSQL Database Engine Driver], schema=null, metaData=org.apache.commons.dbcp.DelegatingDatabaseMetaData@1874b480, edges=[]) - start
170163 [main] DEBUG org.dbunit.database.search.AbstractMetaDataBasedSearchCallback  - Getting edges for node SCOPEDCONTENTCONDITIONS_SCOPEDCONTENTITEM
170163 [main] TRACE org.dbunit.database.DatabaseConfig  - getProperty(name=http://www.dbunit.org/properties/metadataHandler) - start
170163 [main] TRACE org.dbunit.database.DefaultMetadataHandler  - tableExists(metaData=org.apache.commons.dbcp.DelegatingDatabaseMetaData@1874b480, schemaName=null, tableName=SCOPEDCONTENTCONDITIONS_SCOPEDCONTENTITEM) - start
170164 [main] DEBUG org.dbunit.util.SQLHelper  - close(resultSet=org.apache.commons.dbcp.DelegatingResultSet@5cfa7170) - start
170164 [main] DEBUG org.dbunit.util.SQLHelper  - close(resultSet=org.apache.commons.dbcp.DelegatingResultSet@25531624) - start
170164 [main] DEBUG org.dbunit.util.search.DepthFirstSearch  - search:SCOPEDCONTENTCONDITIONS_SCOPEDCONTENTITEM
170164 [main] DEBUG org.dbunit.database.search.ExportedKeysSearchCallback  - searchNode(node=SCOPEDCONTENTCONDITIONS_SCOPEDCONTENTITEM) - start
170164 [main] DEBUG org.dbunit.util.search.DepthFirstSearch  - Pushing SCOPEDCONTENTCONDITIONS_SCOPEDCONTENTITEM
170164 [main] DEBUG org.dbunit.database.search.ExportedKeysSearchCallback  - getEdges(node=SCOPEDCONTENTCONDITIONS_SCOPEDCONTENTITEM) - start
170164 [main] DEBUG org.dbunit.database.search.AbstractMetaDataBasedSearchCallback  - getNodesFromExportedKeys(node=SCOPEDCONTENTCONDITIONS_SCOPEDCONTENTITEM) - start
170164 [main] DEBUG org.dbunit.database.search.AbstractMetaDataBasedSearchCallback  - getNodes(type=1, node=SCOPEDCONTENTCONDITIONS_SCOPEDCONTENTITEM) - start
170164 [main] DEBUG org.dbunit.database.DatabaseDataSourceConnection  - getConnection() - start
170164 [main] DEBUG org.dbunit.database.search.AbstractMetaDataBasedSearchCallback  - getNodes(type=1, node=SCOPEDCONTENTCONDITIONS_SCOPEDCONTENTITEM, conn=Transaction-aware proxy for target Connection [jdbc:hsqldb:mem:kontrollDS, UserName=sw, HSQL Database Engine Driver], schema=null, metaData=org.apache.commons.dbcp.DelegatingDatabaseMetaData@71d2a8a0, edges=[]) - start
170164 [main] DEBUG org.dbunit.database.search.AbstractMetaDataBasedSearchCallback  - Getting edges for node SCOPEDCONTENTCONDITIONS_SCOPEDCONTENTITEM
170164 [main] TRACE org.dbunit.database.DatabaseConfig  - getProperty(name=http://www.dbunit.org/properties/metadataHandler) - start
170165 [main] TRACE org.dbunit.database.DefaultMetadataHandler  - tableExists(metaData=org.apache.commons.dbcp.DelegatingDatabaseMetaData@71d2a8a0, schemaName=null, tableName=SCOPEDCONTENTCONDITIONS_SCOPEDCONTENTITEM) - start
170165 [main] DEBUG org.dbunit.util.SQLHelper  - close(resultSet=org.apache.commons.dbcp.DelegatingResultSet@663dd44f) - start
170166 [main] DEBUG org.dbunit.util.SQLHelper  - close(resultSet=org.apache.commons.dbcp.DelegatingResultSet@39cb9d5c) - start
170166 [main] DEBUG org.dbunit.util.search.DepthFirstSearch  - Adding node SCOPEDCONTENTCONDITIONS_SCOPEDCONTENTITEM to the final result
170166 [main] DEBUG org.dbunit.database.search.TablesDependencyHelper  - getDirectDependentTables(connection=_databaseConfig=org.dbunit.database.DatabaseConfig[, _propertyMap={http://www.dbunit.org/properties/statementFactory=org.dbunit.database.statement.PreparedStatementFactory@626bc2b8, http://www.dbunit.org/features/caseSensitiveTableNames=false, http://www.dbunit.org/properties/fetchSize=100, http://www.dbunit.org/features/batchedStatements=false, http://www.dbunit.org/properties/metadataHandler=org.dbunit.database.DefaultMetadataHandler@62baffef, http://www.dbunit.org/properties/datatypeFactory=org.dbunit.dataset.datatype.DefaultDataTypeFactory[_toleratedDeltaMap=org.dbunit.dataset.datatype.ToleratedDeltaMap@6452310a], http://www.dbunit.org/properties/escapePattern=null, http://www.dbunit.org/properties/batchSize=100, http://www.dbunit.org/features/qualifiedTableNames=false, http://www.dbunit.org/properties/tableType=[Ljava.lang.String;@5011bafa, http://www.dbunit.org/properties/resultSetTableFactory=org.dbunit.database.CachedResultSetTableFactory@10bcf083, http://www.dbunit.org/features/datatypeWarning=true}], _dataSet=AbstractDataSet[_orderedTableNameMap=null], tableName=SCOPEDCONTENTCONDITIONS_SCOPEDCONTENTITEM) - start
170166 [main] DEBUG org.dbunit.util.search.DepthFirstSearch  - search(nodesFrom=[SCOPEDCONTENTCONDITIONS_SCOPEDCONTENTITEM], callback=org.dbunit.database.search.ImportedKeysSearchCallback@5cd82a4f) - start
170166 [main] DEBUG org.dbunit.util.CollectionsHelper  - objectsToSet(objects=SCOPEDCONTENTCONDITIONS_SCOPEDCONTENTITEM) - start
170166 [main] DEBUG org.dbunit.util.search.DepthFirstSearch  - search(nodesFrom=[SCOPEDCONTENTCONDITIONS_SCOPEDCONTENTITEM], callback=org.dbunit.database.search.ImportedKeysSearchCallback@5cd82a4f) - start
170166 [main] DEBUG org.dbunit.util.search.DepthFirstSearch  - reverseSearch:SCOPEDCONTENTCONDITIONS_SCOPEDCONTENTITEM
170166 [main] DEBUG org.dbunit.database.search.ImportedKeysSearchCallback  - searchNode(node=SCOPEDCONTENTCONDITIONS_SCOPEDCONTENTITEM) - start
170166 [main] DEBUG org.dbunit.util.search.DepthFirstSearch  - Pushing (reverse) SCOPEDCONTENTCONDITIONS_SCOPEDCONTENTITEM
170166 [main] DEBUG org.dbunit.database.search.ImportedKeysSearchCallback  - getEdges(node=SCOPEDCONTENTCONDITIONS_SCOPEDCONTENTITEM) - start
170166 [main] DEBUG org.dbunit.database.search.AbstractMetaDataBasedSearchCallback  - getNodesFromImportedKeys(node=SCOPEDCONTENTCONDITIONS_SCOPEDCONTENTITEM) - start
170166 [main] DEBUG org.dbunit.database.search.AbstractMetaDataBasedSearchCallback  - getNodes(type=0, node=SCOPEDCONTENTCONDITIONS_SCOPEDCONTENTITEM) - start
170166 [main] DEBUG org.dbunit.database.DatabaseDataSourceConnection  - getConnection() - start
170167 [main] DEBUG org.dbunit.database.search.AbstractMetaDataBasedSearchCallback  - getNodes(type=0, node=SCOPEDCONTENTCONDITIONS_SCOPEDCONTENTITEM, conn=Transaction-aware proxy for target Connection [jdbc:hsqldb:mem:kontrollDS, UserName=sw, HSQL Database Engine Driver], schema=null, metaData=org.apache.commons.dbcp.DelegatingDatabaseMetaData@73c1d827, edges=[]) - start
170167 [main] DEBUG org.dbunit.database.search.AbstractMetaDataBasedSearchCallback  - Getting edges for node SCOPEDCONTENTCONDITIONS_SCOPEDCONTENTITEM
170167 [main] TRACE org.dbunit.database.DatabaseConfig  - getProperty(name=http://www.dbunit.org/properties/metadataHandler) - start
170167 [main] TRACE org.dbunit.database.DefaultMetadataHandler  - tableExists(metaData=org.apache.commons.dbcp.DelegatingDatabaseMetaData@73c1d827, schemaName=null, tableName=SCOPEDCONTENTCONDITIONS_SCOPEDCONTENTITEM) - start
170168 [main] DEBUG org.dbunit.util.SQLHelper  - close(resultSet=org.apache.commons.dbcp.DelegatingResultSet@14494b1f) - start
170168 [main] DEBUG org.dbunit.util.QualifiedTableName  - getQualifiedNameIfEnabled(config=org.dbunit.database.DatabaseConfig[, _propertyMap={http://www.dbunit.org/properties/statementFactory=org.dbunit.database.statement.PreparedStatementFactory@626bc2b8, http://www.dbunit.org/features/caseSensitiveTableNames=false, http://www.dbunit.org/properties/fetchSize=100, http://www.dbunit.org/features/batchedStatements=false, http://www.dbunit.org/properties/metadataHandler=org.dbunit.database.DefaultMetadataHandler@62baffef, http://www.dbunit.org/properties/datatypeFactory=org.dbunit.dataset.datatype.DefaultDataTypeFactory[_toleratedDeltaMap=org.dbunit.dataset.datatype.ToleratedDeltaMap@6452310a], http://www.dbunit.org/properties/escapePattern=null, http://www.dbunit.org/properties/batchSize=100, http://www.dbunit.org/features/qualifiedTableNames=false, http://www.dbunit.org/properties/tableType=[Ljava.lang.String;@5011bafa, http://www.dbunit.org/properties/resultSetTableFactory=org.dbunit.database.CachedResultSetTableFactory@10bcf083, http://www.dbunit.org/features/datatypeWarning=true}]) - start
170168 [main] TRACE org.dbunit.database.DatabaseConfig  - getFeature(name=http://www.dbunit.org/features/qualifiedTableNames) - start
170168 [main] TRACE org.dbunit.database.DatabaseConfig  - getProperty(name=http://www.dbunit.org/features/qualifiedTableNames) - start
170168 [main] DEBUG org.dbunit.util.QualifiedTableName  - Qualified table names feature is disabled. Returning plain table name
170168 [main] DEBUG org.dbunit.util.QualifiedTableName  - getQualifiedName(prefix=null, name=SCOPEDCONTENTCONDITIONS_SCOPEDCONTENTITEM, escapePattern=null) - start
170168 [main] DEBUG org.dbunit.util.QualifiedTableName  - getQualifiedNameIfEnabled(config=org.dbunit.database.DatabaseConfig[, _propertyMap={http://www.dbunit.org/properties/statementFactory=org.dbunit.database.statement.PreparedStatementFactory@626bc2b8, http://www.dbunit.org/features/caseSensitiveTableNames=false, http://www.dbunit.org/properties/fetchSize=100, http://www.dbunit.org/features/batchedStatements=false, http://www.dbunit.org/properties/metadataHandler=org.dbunit.database.DefaultMetadataHandler@62baffef, http://www.dbunit.org/properties/datatypeFactory=org.dbunit.dataset.datatype.DefaultDataTypeFactory[_toleratedDeltaMap=org.dbunit.dataset.datatype.ToleratedDeltaMap@6452310a], http://www.dbunit.org/properties/escapePattern=null, http://www.dbunit.org/properties/batchSize=100, http://www.dbunit.org/features/qualifiedTableNames=false, http://www.dbunit.org/properties/tableType=[Ljava.lang.String;@5011bafa, http://www.dbunit.org/properties/resultSetTableFactory=org.dbunit.database.CachedResultSetTableFactory@10bcf083, http://www.dbunit.org/features/datatypeWarning=true}]) - start
170168 [main] TRACE org.dbunit.database.DatabaseConfig  - getFeature(name=http://www.dbunit.org/features/qualifiedTableNames) - start
170168 [main] TRACE org.dbunit.database.DatabaseConfig  - getProperty(name=http://www.dbunit.org/features/qualifiedTableNames) - start
170168 [main] DEBUG org.dbunit.util.QualifiedTableName  - Qualified table names feature is disabled. Returning plain table name
170168 [main] DEBUG org.dbunit.util.QualifiedTableName  - getQualifiedName(prefix=null, name=SCOPEDCONTENTCONDITION, escapePattern=null) - start
170169 [main] DEBUG org.dbunit.database.search.AbstractMetaDataBasedSearchCallback  - newEdge(rs=org.apache.commons.dbcp.DelegatingResultSet@7299db73, type=0, from=SCOPEDCONTENTCONDITIONS_SCOPEDCONTENTITEM, to=SCOPEDCONTENTCONDITION, fkColumn=SCOPED_CONTENT_CONDITION_ID, pkColumn=ID) - start
170169 [main] DEBUG org.dbunit.database.search.AbstractMetaDataBasedSearchCallback  - createFKEdge(rs=org.apache.commons.dbcp.DelegatingResultSet@7299db73, type=0, from=SCOPEDCONTENTCONDITIONS_SCOPEDCONTENTITEM, to=SCOPEDCONTENTCONDITION, fkColumn=SCOPED_CONTENT_CONDITION_ID, pkColumn=ID) - start
170169 [main] DEBUG org.dbunit.database.search.AbstractMetaDataBasedSearchCallback  - Adding edge SCOPEDCONTENTCONDITIONS_SCOPEDCONTENTITEM(SCOPED_CONTENT_CONDITION_ID)->SCOPEDCONTENTCONDITION(ID)
170169 [main] DEBUG org.dbunit.util.search.Edge  - compareTo(o=SCOPEDCONTENTCONDITIONS_SCOPEDCONTENTITEM(SCOPED_CONTENT_CONDITION_ID)->SCOPEDCONTENTCONDITION(ID)) - start
170169 [main] DEBUG org.dbunit.util.QualifiedTableName  - getQualifiedNameIfEnabled(config=org.dbunit.database.DatabaseConfig[, _propertyMap={http://www.dbunit.org/properties/statementFactory=org.dbunit.database.statement.PreparedStatementFactory@626bc2b8, http://www.dbunit.org/features/caseSensitiveTableNames=false, http://www.dbunit.org/properties/fetchSize=100, http://www.dbunit.org/features/batchedStatements=false, http://www.dbunit.org/properties/metadataHandler=org.dbunit.database.DefaultMetadataHandler@62baffef, http://www.dbunit.org/properties/datatypeFactory=org.dbunit.dataset.datatype.DefaultDataTypeFactory[_toleratedDeltaMap=org.dbunit.dataset.datatype.ToleratedDeltaMap@6452310a], http://www.dbunit.org/properties/escapePattern=null, http://www.dbunit.org/properties/batchSize=100, http://www.dbunit.org/features/qualifiedTableNames=false, http://www.dbunit.org/properties/tableType=[Ljava.lang.String;@5011bafa, http://www.dbunit.org/properties/resultSetTableFactory=org.dbunit.database.CachedResultSetTableFactory@10bcf083, http://www.dbunit.org/features/datatypeWarning=true}]) - start
170169 [main] TRACE org.dbunit.database.DatabaseConfig  - getFeature(name=http://www.dbunit.org/features/qualifiedTableNames) - start
170169 [main] TRACE org.dbunit.database.DatabaseConfig  - getProperty(name=http://www.dbunit.org/features/qualifiedTableNames) - start
170169 [main] DEBUG org.dbunit.util.QualifiedTableName  - Qualified table names feature is disabled. Returning plain table name
170169 [main] DEBUG org.dbunit.util.QualifiedTableName  - getQualifiedName(prefix=null, name=SCOPEDCONTENTCONDITIONS_SCOPEDCONTENTITEM, escapePattern=null) - start
170169 [main] DEBUG org.dbunit.util.QualifiedTableName  - getQualifiedNameIfEnabled(config=org.dbunit.database.DatabaseConfig[, _propertyMap={http://www.dbunit.org/properties/statementFactory=org.dbunit.database.statement.PreparedStatementFactory@626bc2b8, http://www.dbunit.org/features/caseSensitiveTableNames=false, http://www.dbunit.org/properties/fetchSize=100, http://www.dbunit.org/features/batchedStatements=false, http://www.dbunit.org/properties/metadataHandler=org.dbunit.database.DefaultMetadataHandler@62baffef, http://www.dbunit.org/properties/datatypeFactory=org.dbunit.dataset.datatype.DefaultDataTypeFactory[_toleratedDeltaMap=org.dbunit.dataset.datatype.ToleratedDeltaMap@6452310a], http://www.dbunit.org/properties/escapePattern=null, http://www.dbunit.org/properties/batchSize=100, http://www.dbunit.org/features/qualifiedTableNames=false, http://www.dbunit.org/properties/tableType=[Ljava.lang.String;@5011bafa, http://www.dbunit.org/properties/resultSetTableFactory=org.dbunit.database.CachedResultSetTableFactory@10bcf083, http://www.dbunit.org/features/datatypeWarning=true}]) - start
170169 [main] TRACE org.dbunit.database.DatabaseConfig  - getFeature(name=http://www.dbunit.org/features/qualifiedTableNames) - start
170169 [main] TRACE org.dbunit.database.DatabaseConfig  - getProperty(name=http://www.dbunit.org/features/qualifiedTableNames) - start
170169 [main] DEBUG org.dbunit.util.QualifiedTableName  - Qualified table names feature is disabled. Returning plain table name
170169 [main] DEBUG org.dbunit.util.QualifiedTableName  - getQualifiedName(prefix=null, name=SCOPEDCONTENTITEM, escapePattern=null) - start
170169 [main] DEBUG org.dbunit.database.search.AbstractMetaDataBasedSearchCallback  - newEdge(rs=org.apache.commons.dbcp.DelegatingResultSet@7299db73, type=0, from=SCOPEDCONTENTCONDITIONS_SCOPEDCONTENTITEM, to=SCOPEDCONTENTITEM, fkColumn=SCOPED_CONTENT_ITEM_ID, pkColumn=ID) - start
170169 [main] DEBUG org.dbunit.database.search.AbstractMetaDataBasedSearchCallback  - createFKEdge(rs=org.apache.commons.dbcp.DelegatingResultSet@7299db73, type=0, from=SCOPEDCONTENTCONDITIONS_SCOPEDCONTENTITEM, to=SCOPEDCONTENTITEM, fkColumn=SCOPED_CONTENT_ITEM_ID, pkColumn=ID) - start
170169 [main] DEBUG org.dbunit.database.search.AbstractMetaDataBasedSearchCallback  - Adding edge SCOPEDCONTENTCONDITIONS_SCOPEDCONTENTITEM(SCOPED_CONTENT_ITEM_ID)->SCOPEDCONTENTITEM(ID)
170169 [main] DEBUG org.dbunit.util.search.Edge  - compareTo(o=SCOPEDCONTENTCONDITIONS_SCOPEDCONTENTITEM(SCOPED_CONTENT_CONDITION_ID)->SCOPEDCONTENTCONDITION(ID)) - start
170169 [main] DEBUG org.dbunit.util.SQLHelper  - close(resultSet=org.apache.commons.dbcp.DelegatingResultSet@7299db73) - start
170169 [main] DEBUG org.dbunit.util.search.DepthFirstSearch  - search:SCOPEDCONTENTCONDITIONS_SCOPEDCONTENTITEM
170169 [main] DEBUG org.dbunit.database.search.ImportedKeysSearchCallback  - searchNode(node=SCOPEDCONTENTCONDITIONS_SCOPEDCONTENTITEM) - start
170169 [main] DEBUG org.dbunit.util.search.DepthFirstSearch  - Pushing SCOPEDCONTENTCONDITIONS_SCOPEDCONTENTITEM
170169 [main] DEBUG org.dbunit.database.search.ImportedKeysSearchCallback  - getEdges(node=SCOPEDCONTENTCONDITIONS_SCOPEDCONTENTITEM) - start
170170 [main] DEBUG org.dbunit.database.search.AbstractMetaDataBasedSearchCallback  - getNodesFromImportedKeys(node=SCOPEDCONTENTCONDITIONS_SCOPEDCONTENTITEM) - start
170170 [main] DEBUG org.dbunit.database.search.AbstractMetaDataBasedSearchCallback  - getNodes(type=0, node=SCOPEDCONTENTCONDITIONS_SCOPEDCONTENTITEM) - start
170170 [main] DEBUG org.dbunit.database.DatabaseDataSourceConnection  - getConnection() - start
170170 [main] DEBUG org.dbunit.database.search.AbstractMetaDataBasedSearchCallback  - getNodes(type=0, node=SCOPEDCONTENTCONDITIONS_SCOPEDCONTENTITEM, conn=Transaction-aware proxy for target Connection [jdbc:hsqldb:mem:kontrollDS, UserName=sw, HSQL Database Engine Driver], schema=null, metaData=org.apache.commons.dbcp.DelegatingDatabaseMetaData@531695cc, edges=[]) - start
170170 [main] DEBUG org.dbunit.database.search.AbstractMetaDataBasedSearchCallback  - Getting edges for node SCOPEDCONTENTCONDITIONS_SCOPEDCONTENTITEM
170170 [main] TRACE org.dbunit.database.DatabaseConfig  - getProperty(name=http://www.dbunit.org/properties/metadataHandler) - start
170170 [main] TRACE org.dbunit.database.DefaultMetadataHandler  - tableExists(metaData=org.apache.commons.dbcp.DelegatingDatabaseMetaData@531695cc, schemaName=null, tableName=SCOPEDCONTENTCONDITIONS_SCOPEDCONTENTITEM) - start
170171 [main] DEBUG org.dbunit.util.SQLHelper  - close(resultSet=org.apache.commons.dbcp.DelegatingResultSet@59a91fca) - start
170172 [main] DEBUG org.dbunit.util.QualifiedTableName  - getQualifiedNameIfEnabled(config=org.dbunit.database.DatabaseConfig[, _propertyMap={http://www.dbunit.org/properties/statementFactory=org.dbunit.database.statement.PreparedStatementFactory@626bc2b8, http://www.dbunit.org/features/caseSensitiveTableNames=false, http://www.dbunit.org/properties/fetchSize=100, http://www.dbunit.org/features/batchedStatements=false, http://www.dbunit.org/properties/metadataHandler=org.dbunit.database.DefaultMetadataHandler@62baffef, http://www.dbunit.org/properties/datatypeFactory=org.dbunit.dataset.datatype.DefaultDataTypeFactory[_toleratedDeltaMap=org.dbunit.dataset.datatype.ToleratedDeltaMap@6452310a], http://www.dbunit.org/properties/escapePattern=null, http://www.dbunit.org/properties/batchSize=100, http://www.dbunit.org/features/qualifiedTableNames=false, http://www.dbunit.org/properties/tableType=[Ljava.lang.String;@5011bafa, http://www.dbunit.org/properties/resultSetTableFactory=org.dbunit.database.CachedResultSetTableFactory@10bcf083, http://www.dbunit.org/features/datatypeWarning=true}]) - start
170172 [main] TRACE org.dbunit.database.DatabaseConfig  - getFeature(name=http://www.dbunit.org/features/qualifiedTableNames) - start
170172 [main] TRACE org.dbunit.database.DatabaseConfig  - getProperty(name=http://www.dbunit.org/features/qualifiedTableNames) - start
170172 [main] DEBUG org.dbunit.util.QualifiedTableName  - Qualified table names feature is disabled. Returning plain table name
170172 [main] DEBUG org.dbunit.util.QualifiedTableName  - getQualifiedName(prefix=null, name=SCOPEDCONTENTCONDITIONS_SCOPEDCONTENTITEM, escapePattern=null) - start
170172 [main] DEBUG org.dbunit.util.QualifiedTableName  - getQualifiedNameIfEnabled(config=org.dbunit.database.DatabaseConfig[, _propertyMap={http://www.dbunit.org/properties/statementFactory=org.dbunit.database.statement.PreparedStatementFactory@626bc2b8, http://www.dbunit.org/features/caseSensitiveTableNames=false, http://www.dbunit.org/properties/fetchSize=100, http://www.dbunit.org/features/batchedStatements=false, http://www.dbunit.org/properties/metadataHandler=org.dbunit.database.DefaultMetadataHandler@62baffef, http://www.dbunit.org/properties/datatypeFactory=org.dbunit.dataset.datatype.DefaultDataTypeFactory[_toleratedDeltaMap=org.dbunit.dataset.datatype.ToleratedDeltaMap@6452310a], http://www.dbunit.org/properties/escapePattern=null, http://www.dbunit.org/properties/batchSize=100, http://www.dbunit.org/features/qualifiedTableNames=false, http://www.dbunit.org/properties/tableType=[Ljava.lang.String;@5011bafa, http://www.dbunit.org/properties/resultSetTableFactory=org.dbunit.database.CachedResultSetTableFactory@10bcf083, http://www.dbunit.org/features/datatypeWarning=true}]) - start
170172 [main] TRACE org.dbunit.database.DatabaseConfig  - getFeature(name=http://www.dbunit.org/features/qualifiedTableNames) - start
170172 [main] TRACE org.dbunit.database.DatabaseConfig  - getProperty(name=http://www.dbunit.org/features/qualifiedTableNames) - start
170172 [main] DEBUG org.dbunit.util.QualifiedTableName  - Qualified table names feature is disabled. Returning plain table name
170172 [main] DEBUG org.dbunit.util.QualifiedTableName  - getQualifiedName(prefix=null, name=SCOPEDCONTENTCONDITION, escapePattern=null) - start
170172 [main] DEBUG org.dbunit.database.search.AbstractMetaDataBasedSearchCallback  - newEdge(rs=org.apache.commons.dbcp.DelegatingResultSet@7811e52d, type=0, from=SCOPEDCONTENTCONDITIONS_SCOPEDCONTENTITEM, to=SCOPEDCONTENTCONDITION, fkColumn=SCOPED_CONTENT_CONDITION_ID, pkColumn=ID) - start
170172 [main] DEBUG org.dbunit.database.search.AbstractMetaDataBasedSearchCallback  - createFKEdge(rs=org.apache.commons.dbcp.DelegatingResultSet@7811e52d, type=0, from=SCOPEDCONTENTCONDITIONS_SCOPEDCONTENTITEM, to=SCOPEDCONTENTCONDITION, fkColumn=SCOPED_CONTENT_CONDITION_ID, pkColumn=ID) - start
170172 [main] DEBUG org.dbunit.database.search.AbstractMetaDataBasedSearchCallback  - Adding edge SCOPEDCONTENTCONDITIONS_SCOPEDCONTENTITEM(SCOPED_CONTENT_CONDITION_ID)->SCOPEDCONTENTCONDITION(ID)
170172 [main] DEBUG org.dbunit.util.search.Edge  - compareTo(o=SCOPEDCONTENTCONDITIONS_SCOPEDCONTENTITEM(SCOPED_CONTENT_CONDITION_ID)->SCOPEDCONTENTCONDITION(ID)) - start
170172 [main] DEBUG org.dbunit.util.QualifiedTableName  - getQualifiedNameIfEnabled(config=org.dbunit.database.DatabaseConfig[, _propertyMap={http://www.dbunit.org/properties/statementFactory=org.dbunit.database.statement.PreparedStatementFactory@626bc2b8, http://www.dbunit.org/features/caseSensitiveTableNames=false, http://www.dbunit.org/properties/fetchSize=100, http://www.dbunit.org/features/batchedStatements=false, http://www.dbunit.org/properties/metadataHandler=org.dbunit.database.DefaultMetadataHandler@62baffef, http://www.dbunit.org/properties/datatypeFactory=org.dbunit.dataset.datatype.DefaultDataTypeFactory[_toleratedDeltaMap=org.dbunit.dataset.datatype.ToleratedDeltaMap@6452310a], http://www.dbunit.org/properties/escapePattern=null, http://www.dbunit.org/properties/batchSize=100, http://www.dbunit.org/features/qualifiedTableNames=false, http://www.dbunit.org/properties/tableType=[Ljava.lang.String;@5011bafa, http://www.dbunit.org/properties/resultSetTableFactory=org.dbunit.database.CachedResultSetTableFactory@10bcf083, http://www.dbunit.org/features/datatypeWarning=true}]) - start
170172 [main] TRACE org.dbunit.database.DatabaseConfig  - getFeature(name=http://www.dbunit.org/features/qualifiedTableNames) - start
170172 [main] TRACE org.dbunit.database.DatabaseConfig  - getProperty(name=http://www.dbunit.org/features/qualifiedTableNames) - start
170172 [main] DEBUG org.dbunit.util.QualifiedTableName  - Qualified table names feature is disabled. Returning plain table name
170172 [main] DEBUG org.dbunit.util.QualifiedTableName  - getQualifiedName(prefix=null, name=SCOPEDCONTENTCONDITIONS_SCOPEDCONTENTITEM, escapePattern=null) - start
170172 [main] DEBUG org.dbunit.util.QualifiedTableName  - getQualifiedNameIfEnabled(config=org.dbunit.database.DatabaseConfig[, _propertyMap={http://www.dbunit.org/properties/statementFactory=org.dbunit.database.statement.PreparedStatementFactory@626bc2b8, http://www.dbunit.org/features/caseSensitiveTableNames=false, http://www.dbunit.org/properties/fetchSize=100, http://www.dbunit.org/features/batchedStatements=false, http://www.dbunit.org/properties/metadataHandler=org.dbunit.database.DefaultMetadataHandler@62baffef, http://www.dbunit.org/properties/datatypeFactory=org.dbunit.dataset.datatype.DefaultDataTypeFactory[_toleratedDeltaMap=org.dbunit.dataset.datatype.ToleratedDeltaMap@6452310a], http://www.dbunit.org/properties/escapePattern=null, http://www.dbunit.org/properties/batchSize=100, http://www.dbunit.org/features/qualifiedTableNames=false, http://www.dbunit.org/properties/tableType=[Ljava.lang.String;@5011bafa, http://www.dbunit.org/properties/resultSetTableFactory=org.dbunit.database.CachedResultSetTableFactory@10bcf083, http://www.dbunit.org/features/datatypeWarning=true}]) - start
170173 [main] TRACE org.dbunit.database.DatabaseConfig  - getFeature(name=http://www.dbunit.org/features/qualifiedTableNames) - start
170173 [main] TRACE org.dbunit.database.DatabaseConfig  - getProperty(name=http://www.dbunit.org/features/qualifiedTableNames) - start
170173 [main] DEBUG org.dbunit.util.QualifiedTableName  - Qualified table names feature is disabled. Returning plain table name
170173 [main] DEBUG org.dbunit.util.QualifiedTableName  - getQualifiedName(prefix=null, name=SCOPEDCONTENTITEM, escapePattern=null) - start
170173 [main] DEBUG org.dbunit.database.search.AbstractMetaDataBasedSearchCallback  - newEdge(rs=org.apache.commons.dbcp.DelegatingResultSet@7811e52d, type=0, from=SCOPEDCONTENTCONDITIONS_SCOPEDCONTENTITEM, to=SCOPEDCONTENTITEM, fkColumn=SCOPED_CONTENT_ITEM_ID, pkColumn=ID) - start
170173 [main] DEBUG org.dbunit.database.search.AbstractMetaDataBasedSearchCallback  - createFKEdge(rs=org.apache.commons.dbcp.DelegatingResultSet@7811e52d, type=0, from=SCOPEDCONTENTCONDITIONS_SCOPEDCONTENTITEM, to=SCOPEDCONTENTITEM, fkColumn=SCOPED_CONTENT_ITEM_ID, pkColumn=ID) - start
170173 [main] DEBUG org.dbunit.database.search.AbstractMetaDataBasedSearchCallback  - Adding edge SCOPEDCONTENTCONDITIONS_SCOPEDCONTENTITEM(SCOPED_CONTENT_ITEM_ID)->SCOPEDCONTENTITEM(ID)
170173 [main] DEBUG org.dbunit.util.search.Edge  - compareTo(o=SCOPEDCONTENTCONDITIONS_SCOPEDCONTENTITEM(SCOPED_CONTENT_CONDITION_ID)->SCOPEDCONTENTCONDITION(ID)) - start
170173 [main] DEBUG org.dbunit.util.SQLHelper  - close(resultSet=org.apache.commons.dbcp.DelegatingResultSet@7811e52d) - start
170173 [main] DEBUG org.dbunit.util.search.DepthFirstSearch  - search:SCOPEDCONTENTCONDITION
170173 [main] DEBUG org.dbunit.database.search.ImportedKeysSearchCallback  - searchNode(node=SCOPEDCONTENTCONDITION) - start
170173 [main] DEBUG org.dbunit.util.search.DepthFirstSearch  - Pushing SCOPEDCONTENTCONDITION
170173 [main] DEBUG org.dbunit.database.search.ImportedKeysSearchCallback  - getEdges(node=SCOPEDCONTENTCONDITION) - start
170173 [main] DEBUG org.dbunit.database.search.AbstractMetaDataBasedSearchCallback  - getNodesFromImportedKeys(node=SCOPEDCONTENTCONDITION) - start
170173 [main] DEBUG org.dbunit.database.search.AbstractMetaDataBasedSearchCallback  - getNodes(type=0, node=SCOPEDCONTENTCONDITION) - start
170173 [main] DEBUG org.dbunit.database.DatabaseDataSourceConnection  - getConnection() - start
170173 [main] DEBUG org.dbunit.database.search.AbstractMetaDataBasedSearchCallback  - getNodes(type=0, node=SCOPEDCONTENTCONDITION, conn=Transaction-aware proxy for target Connection [jdbc:hsqldb:mem:kontrollDS, UserName=sw, HSQL Database Engine Driver], schema=null, metaData=org.apache.commons.dbcp.DelegatingDatabaseMetaData@5edd2af0, edges=[]) - start
170173 [main] DEBUG org.dbunit.database.search.AbstractMetaDataBasedSearchCallback  - Getting edges for node SCOPEDCONTENTCONDITION
170173 [main] TRACE org.dbunit.database.DatabaseConfig  - getProperty(name=http://www.dbunit.org/properties/metadataHandler) - start
170173 [main] TRACE org.dbunit.database.DefaultMetadataHandler  - tableExists(metaData=org.apache.commons.dbcp.DelegatingDatabaseMetaData@5edd2af0, schemaName=null, tableName=SCOPEDCONTENTCONDITION) - start
170174 [main] DEBUG org.dbunit.util.SQLHelper  - close(resultSet=org.apache.commons.dbcp.DelegatingResultSet@5b0a36c0) - start
170175 [main] DEBUG org.dbunit.util.SQLHelper  - close(resultSet=org.apache.commons.dbcp.DelegatingResultSet@557eb097) - start
170175 [main] DEBUG org.dbunit.util.search.DepthFirstSearch  - Adding node SCOPEDCONTENTCONDITION to the final result
170175 [main] DEBUG org.dbunit.util.search.DepthFirstSearch  - search:SCOPEDCONTENTITEM
170175 [main] DEBUG org.dbunit.database.search.ImportedKeysSearchCallback  - searchNode(node=SCOPEDCONTENTITEM) - start
170175 [main] DEBUG org.dbunit.util.search.DepthFirstSearch  - Pushing SCOPEDCONTENTITEM
170175 [main] DEBUG org.dbunit.util.search.DepthFirstSearch  - Adding node SCOPEDCONTENTITEM to the final result
170175 [main] DEBUG org.dbunit.util.search.DepthFirstSearch  - Adding node SCOPEDCONTENTCONDITIONS_SCOPEDCONTENTITEM to the final result
170175 [main] DEBUG org.dbunit.util.search.DepthFirstSearch  - reverseSearch:SCOPEDCONTENTITEM
170175 [main] DEBUG org.dbunit.database.search.ImportedKeysSearchCallback  - searchNode(node=SCOPEDCONTENTITEM) - start
170175 [main] DEBUG org.dbunit.util.search.DepthFirstSearch  - Pushing (reverse) SCOPEDCONTENTITEM
170175 [main] DEBUG org.dbunit.database.search.ImportedKeysSearchCallback  - getEdges(node=SCOPEDCONTENTITEM) - start
170175 [main] DEBUG org.dbunit.database.search.AbstractMetaDataBasedSearchCallback  - getNodesFromImportedKeys(node=SCOPEDCONTENTITEM) - start
170175 [main] DEBUG org.dbunit.database.search.AbstractMetaDataBasedSearchCallback  - getNodes(type=0, node=SCOPEDCONTENTITEM) - start
170175 [main] DEBUG org.dbunit.database.DatabaseDataSourceConnection  - getConnection() - start
170175 [main] DEBUG org.dbunit.database.search.AbstractMetaDataBasedSearchCallback  - getNodes(type=0, node=SCOPEDCONTENTITEM, conn=Transaction-aware proxy for target Connection [jdbc:hsqldb:mem:kontrollDS, UserName=sw, HSQL Database Engine Driver], schema=null, metaData=org.apache.commons.dbcp.DelegatingDatabaseMetaData@707bb55a, edges=[]) - start
170175 [main] DEBUG org.dbunit.database.search.AbstractMetaDataBasedSearchCallback  - Getting edges for node SCOPEDCONTENTITEM
170175 [main] TRACE org.dbunit.database.DatabaseConfig  - getProperty(name=http://www.dbunit.org/properties/metadataHandler) - start
170175 [main] TRACE org.dbunit.database.DefaultMetadataHandler  - tableExists(metaData=org.apache.commons.dbcp.DelegatingDatabaseMetaData@707bb55a, schemaName=null, tableName=SCOPEDCONTENTITEM) - start
170176 [main] DEBUG org.dbunit.util.SQLHelper  - close(resultSet=org.apache.commons.dbcp.DelegatingResultSet@3393d704) - start
170176 [main] DEBUG org.dbunit.util.SQLHelper  - close(resultSet=org.apache.commons.dbcp.DelegatingResultSet@11052090) - start
170176 [main] DEBUG org.dbunit.util.search.DepthFirstSearch  - reverseSearch:SCOPEDCONTENTCONDITIONS_SCOPEDCONTENTITEM
170176 [main] DEBUG org.dbunit.util.search.DepthFirstSearch  - already searched; returning true
170177 [main] DEBUG org.dbunit.util.search.DepthFirstSearch  - reverseSearch:SCOPEDCONTENTCONDITION
170177 [main] DEBUG org.dbunit.database.search.ImportedKeysSearchCallback  - searchNode(node=SCOPEDCONTENTCONDITION) - start
170177 [main] DEBUG org.dbunit.util.search.DepthFirstSearch  - Pushing (reverse) SCOPEDCONTENTCONDITION
170177 [main] DEBUG org.dbunit.database.search.ImportedKeysSearchCallback  - getEdges(node=SCOPEDCONTENTCONDITION) - start
170177 [main] DEBUG org.dbunit.database.search.AbstractMetaDataBasedSearchCallback  - getNodesFromImportedKeys(node=SCOPEDCONTENTCONDITION) - start
170177 [main] DEBUG org.dbunit.database.search.AbstractMetaDataBasedSearchCallback  - getNodes(type=0, node=SCOPEDCONTENTCONDITION) - start
170177 [main] DEBUG org.dbunit.database.DatabaseDataSourceConnection  - getConnection() - start
170177 [main] DEBUG org.dbunit.database.search.AbstractMetaDataBasedSearchCallback  - getNodes(type=0, node=SCOPEDCONTENTCONDITION, conn=Transaction-aware proxy for target Connection [jdbc:hsqldb:mem:kontrollDS, UserName=sw, HSQL Database Engine Driver], schema=null, metaData=org.apache.commons.dbcp.DelegatingDatabaseMetaData@679cd6aa, edges=[]) - start
170177 [main] DEBUG org.dbunit.database.search.AbstractMetaDataBasedSearchCallback  - Getting edges for node SCOPEDCONTENTCONDITION
170177 [main] TRACE org.dbunit.database.DatabaseConfig  - getProperty(name=http://www.dbunit.org/properties/metadataHandler) - start
170177 [main] TRACE org.dbunit.database.DefaultMetadataHandler  - tableExists(metaData=org.apache.commons.dbcp.DelegatingDatabaseMetaData@679cd6aa, schemaName=null, tableName=SCOPEDCONTENTCONDITION) - start
170178 [main] DEBUG org.dbunit.util.SQLHelper  - close(resultSet=org.apache.commons.dbcp.DelegatingResultSet@33059ecc) - start
170178 [main] DEBUG org.dbunit.util.SQLHelper  - close(resultSet=org.apache.commons.dbcp.DelegatingResultSet@5382cec9) - start
170178 [main] DEBUG org.dbunit.util.search.DepthFirstSearch  - search:SCOPEDCONTENTCONDITIONS_SCOPEDCONTENTITEM
170178 [main] DEBUG org.dbunit.util.search.DepthFirstSearch  - already searched; returning true
170178 [main] DEBUG org.dbunit.util.search.DepthFirstSearch  - search:SCOPEDCONTENTITEM
170178 [main] DEBUG org.dbunit.util.search.DepthFirstSearch  - already searched; returning true
170178 [main] DEBUG org.dbunit.util.search.DepthFirstSearch  - search:SCOPEDCONTENTCONDITION
170178 [main] DEBUG org.dbunit.util.search.DepthFirstSearch  - already searched; returning true
170178 [main] DEBUG org.dbunit.database.DatabaseSequenceFilter  - getDependencyInfo(connection=_databaseConfig=org.dbunit.database.DatabaseConfig[, _propertyMap={http://www.dbunit.org/properties/statementFactory=org.dbunit.database.statement.PreparedStatementFactory@626bc2b8, http://www.dbunit.org/features/caseSensitiveTableNames=false, http://www.dbunit.org/properties/fetchSize=100, http://www.dbunit.org/features/batchedStatements=false, http://www.dbunit.org/properties/metadataHandler=org.dbunit.database.DefaultMetadataHandler@62baffef, http://www.dbunit.org/properties/datatypeFactory=org.dbunit.dataset.datatype.DefaultDataTypeFactory[_toleratedDeltaMap=org.dbunit.dataset.datatype.ToleratedDeltaMap@6452310a], http://www.dbunit.org/properties/escapePattern=null, http://www.dbunit.org/properties/batchSize=100, http://www.dbunit.org/features/qualifiedTableNames=false, http://www.dbunit.org/properties/tableType=[Ljava.lang.String;@5011bafa, http://www.dbunit.org/properties/resultSetTableFactory=org.dbunit.database.CachedResultSetTableFactory@10bcf083, http://www.dbunit.org/features/datatypeWarning=true}], _dataSet=AbstractDataSet[_orderedTableNameMap=null], tableName=SCOPEDCONTENTITEM) - start
170179 [main] DEBUG org.dbunit.database.search.TablesDependencyHelper  - getDependentTables(connection=_databaseConfig=org.dbunit.database.DatabaseConfig[, _propertyMap={http://www.dbunit.org/properties/statementFactory=org.dbunit.database.statement.PreparedStatementFactory@626bc2b8, http://www.dbunit.org/features/caseSensitiveTableNames=false, http://www.dbunit.org/properties/fetchSize=100, http://www.dbunit.org/features/batchedStatements=false, http://www.dbunit.org/properties/metadataHandler=org.dbunit.database.DefaultMetadataHandler@62baffef, http://www.dbunit.org/properties/datatypeFactory=org.dbunit.dataset.datatype.DefaultDataTypeFactory[_toleratedDeltaMap=org.dbunit.dataset.datatype.ToleratedDeltaMap@6452310a], http://www.dbunit.org/properties/escapePattern=null, http://www.dbunit.org/properties/batchSize=100, http://www.dbunit.org/features/qualifiedTableNames=false, http://www.dbunit.org/properties/tableType=[Ljava.lang.String;@5011bafa, http://www.dbunit.org/properties/resultSetTableFactory=org.dbunit.database.CachedResultSetTableFactory@10bcf083, http://www.dbunit.org/features/datatypeWarning=true}], _dataSet=AbstractDataSet[_orderedTableNameMap=null], rootTable=SCOPEDCONTENTITEM) - start
170179 [main] DEBUG org.dbunit.database.search.TablesDependencyHelper  - getDependentTables(connection=_databaseConfig=org.dbunit.database.DatabaseConfig[, _propertyMap={http://www.dbunit.org/properties/statementFactory=org.dbunit.database.statement.PreparedStatementFactory@626bc2b8, http://www.dbunit.org/features/caseSensitiveTableNames=false, http://www.dbunit.org/properties/fetchSize=100, http://www.dbunit.org/features/batchedStatements=false, http://www.dbunit.org/properties/metadataHandler=org.dbunit.database.DefaultMetadataHandler@62baffef, http://www.dbunit.org/properties/datatypeFactory=org.dbunit.dataset.datatype.DefaultDataTypeFactory[_toleratedDeltaMap=org.dbunit.dataset.datatype.ToleratedDeltaMap@6452310a], http://www.dbunit.org/properties/escapePattern=null, http://www.dbunit.org/properties/batchSize=100, http://www.dbunit.org/features/qualifiedTableNames=false, http://www.dbunit.org/properties/tableType=[Ljava.lang.String;@5011bafa, http://www.dbunit.org/properties/resultSetTableFactory=org.dbunit.database.CachedResultSetTableFactory@10bcf083, http://www.dbunit.org/features/datatypeWarning=true}], _dataSet=AbstractDataSet[_orderedTableNameMap=null], rootTables=[SCOPEDCONTENTITEM]) - start
170179 [main] DEBUG org.dbunit.util.search.DepthFirstSearch  - search(nodesFrom=[SCOPEDCONTENTITEM], callback=org.dbunit.database.search.ImportedKeysSearchCallback@38005438) - start
170179 [main] DEBUG org.dbunit.util.CollectionsHelper  - objectsToSet(objects=SCOPEDCONTENTITEM) - start
170179 [main] DEBUG org.dbunit.util.search.DepthFirstSearch  - search(nodesFrom=[SCOPEDCONTENTITEM], callback=org.dbunit.database.search.ImportedKeysSearchCallback@38005438) - start
170179 [main] DEBUG org.dbunit.util.search.DepthFirstSearch  - reverseSearch:SCOPEDCONTENTITEM
170179 [main] DEBUG org.dbunit.database.search.ImportedKeysSearchCallback  - searchNode(node=SCOPEDCONTENTITEM) - start
170179 [main] DEBUG org.dbunit.util.search.DepthFirstSearch  - Pushing (reverse) SCOPEDCONTENTITEM
170179 [main] DEBUG org.dbunit.database.search.ImportedKeysSearchCallback  - getEdges(node=SCOPEDCONTENTITEM) - start
170179 [main] DEBUG org.dbunit.database.search.AbstractMetaDataBasedSearchCallback  - getNodesFromImportedKeys(node=SCOPEDCONTENTITEM) - start
170179 [main] DEBUG org.dbunit.database.search.AbstractMetaDataBasedSearchCallback  - getNodes(type=0, node=SCOPEDCONTENTITEM) - start
170179 [main] DEBUG org.dbunit.database.DatabaseDataSourceConnection  - getConnection() - start
170179 [main] DEBUG org.dbunit.database.search.AbstractMetaDataBasedSearchCallback  - getNodes(type=0, node=SCOPEDCONTENTITEM, conn=Transaction-aware proxy for target Connection [jdbc:hsqldb:mem:kontrollDS, UserName=sw, HSQL Database Engine Driver], schema=null, metaData=org.apache.commons.dbcp.DelegatingDatabaseMetaData@1d994541, edges=[]) - start
170179 [main] DEBUG org.dbunit.database.search.AbstractMetaDataBasedSearchCallback  - Getting edges for node SCOPEDCONTENTITEM
170179 [main] TRACE org.dbunit.database.DatabaseConfig  - getProperty(name=http://www.dbunit.org/properties/metadataHandler) - start
170179 [main] TRACE org.dbunit.database.DefaultMetadataHandler  - tableExists(metaData=org.apache.commons.dbcp.DelegatingDatabaseMetaData@1d994541, schemaName=null, tableName=SCOPEDCONTENTITEM) - start
170180 [main] DEBUG org.dbunit.util.SQLHelper  - close(resultSet=org.apache.commons.dbcp.DelegatingResultSet@f359eba) - start
170180 [main] DEBUG org.dbunit.util.SQLHelper  - close(resultSet=org.apache.commons.dbcp.DelegatingResultSet@48ecb997) - start
170181 [main] DEBUG org.dbunit.util.search.DepthFirstSearch  - search:SCOPEDCONTENTITEM
170181 [main] DEBUG org.dbunit.database.search.ImportedKeysSearchCallback  - searchNode(node=SCOPEDCONTENTITEM) - start
170181 [main] DEBUG org.dbunit.util.search.DepthFirstSearch  - Pushing SCOPEDCONTENTITEM
170181 [main] DEBUG org.dbunit.database.search.ImportedKeysSearchCallback  - getEdges(node=SCOPEDCONTENTITEM) - start
170181 [main] DEBUG org.dbunit.database.search.AbstractMetaDataBasedSearchCallback  - getNodesFromImportedKeys(node=SCOPEDCONTENTITEM) - start
170181 [main] DEBUG org.dbunit.database.search.AbstractMetaDataBasedSearchCallback  - getNodes(type=0, node=SCOPEDCONTENTITEM) - start
170181 [main] DEBUG org.dbunit.database.DatabaseDataSourceConnection  - getConnection() - start
170181 [main] DEBUG org.dbunit.database.search.AbstractMetaDataBasedSearchCallback  - getNodes(type=0, node=SCOPEDCONTENTITEM, conn=Transaction-aware proxy for target Connection [jdbc:hsqldb:mem:kontrollDS, UserName=sw, HSQL Database Engine Driver], schema=null, metaData=org.apache.commons.dbcp.DelegatingDatabaseMetaData@2d8c8de8, edges=[]) - start
170181 [main] DEBUG org.dbunit.database.search.AbstractMetaDataBasedSearchCallback  - Getting edges for node SCOPEDCONTENTITEM
170181 [main] TRACE org.dbunit.database.DatabaseConfig  - getProperty(name=http://www.dbunit.org/properties/metadataHandler) - start
170181 [main] TRACE org.dbunit.database.DefaultMetadataHandler  - tableExists(metaData=org.apache.commons.dbcp.DelegatingDatabaseMetaData@2d8c8de8, schemaName=null, tableName=SCOPEDCONTENTITEM) - start
170182 [main] DEBUG org.dbunit.util.SQLHelper  - close(resultSet=org.apache.commons.dbcp.DelegatingResultSet@5f65f51b) - start
170182 [main] DEBUG org.dbunit.util.SQLHelper  - close(resultSet=org.apache.commons.dbcp.DelegatingResultSet@9a24572) - start
170182 [main] DEBUG org.dbunit.util.search.DepthFirstSearch  - Adding node SCOPEDCONTENTITEM to the final result
170182 [main] DEBUG org.dbunit.util.CollectionsHelper  - setToStrings(set=[SCOPEDCONTENTITEM]) - start
170182 [main] DEBUG org.dbunit.database.search.TablesDependencyHelper  - getDependsOnTables(connection=_databaseConfig=org.dbunit.database.DatabaseConfig[, _propertyMap={http://www.dbunit.org/properties/statementFactory=org.dbunit.database.statement.PreparedStatementFactory@626bc2b8, http://www.dbunit.org/features/caseSensitiveTableNames=false, http://www.dbunit.org/properties/fetchSize=100, http://www.dbunit.org/features/batchedStatements=false, http://www.dbunit.org/properties/metadataHandler=org.dbunit.database.DefaultMetadataHandler@62baffef, http://www.dbunit.org/properties/datatypeFactory=org.dbunit.dataset.datatype.DefaultDataTypeFactory[_toleratedDeltaMap=org.dbunit.dataset.datatype.ToleratedDeltaMap@6452310a], http://www.dbunit.org/properties/escapePattern=null, http://www.dbunit.org/properties/batchSize=100, http://www.dbunit.org/features/qualifiedTableNames=false, http://www.dbunit.org/properties/tableType=[Ljava.lang.String;@5011bafa, http://www.dbunit.org/properties/resultSetTableFactory=org.dbunit.database.CachedResultSetTableFactory@10bcf083, http://www.dbunit.org/features/datatypeWarning=true}], _dataSet=AbstractDataSet[_orderedTableNameMap=null], rootTable=SCOPEDCONTENTITEM) - start
170182 [main] DEBUG org.dbunit.util.search.DepthFirstSearch  - search(nodesFrom=[SCOPEDCONTENTITEM], callback=org.dbunit.database.search.ExportedKeysSearchCallback@40f9cbc) - start
170182 [main] DEBUG org.dbunit.util.CollectionsHelper  - objectsToSet(objects=SCOPEDCONTENTITEM) - start
170182 [main] DEBUG org.dbunit.util.search.DepthFirstSearch  - search(nodesFrom=[SCOPEDCONTENTITEM], callback=org.dbunit.database.search.ExportedKeysSearchCallback@40f9cbc) - start
170182 [main] DEBUG org.dbunit.util.search.DepthFirstSearch  - reverseSearch:SCOPEDCONTENTITEM
170182 [main] DEBUG org.dbunit.database.search.ExportedKeysSearchCallback  - searchNode(node=SCOPEDCONTENTITEM) - start
170182 [main] DEBUG org.dbunit.util.search.DepthFirstSearch  - Pushing (reverse) SCOPEDCONTENTITEM
170182 [main] DEBUG org.dbunit.database.search.ExportedKeysSearchCallback  - getEdges(node=SCOPEDCONTENTITEM) - start
170183 [main] DEBUG org.dbunit.database.search.AbstractMetaDataBasedSearchCallback  - getNodesFromExportedKeys(node=SCOPEDCONTENTITEM) - start
170183 [main] DEBUG org.dbunit.database.search.AbstractMetaDataBasedSearchCallback  - getNodes(type=1, node=SCOPEDCONTENTITEM) - start
170183 [main] DEBUG org.dbunit.database.DatabaseDataSourceConnection  - getConnection() - start
170183 [main] DEBUG org.dbunit.database.search.AbstractMetaDataBasedSearchCallback  - getNodes(type=1, node=SCOPEDCONTENTITEM, conn=Transaction-aware proxy for target Connection [jdbc:hsqldb:mem:kontrollDS, UserName=sw, HSQL Database Engine Driver], schema=null, metaData=org.apache.commons.dbcp.DelegatingDatabaseMetaData@1cfafcb9, edges=[]) - start
170183 [main] DEBUG org.dbunit.database.search.AbstractMetaDataBasedSearchCallback  - Getting edges for node SCOPEDCONTENTITEM
170183 [main] TRACE org.dbunit.database.DatabaseConfig  - getProperty(name=http://www.dbunit.org/properties/metadataHandler) - start
170183 [main] TRACE org.dbunit.database.DefaultMetadataHandler  - tableExists(metaData=org.apache.commons.dbcp.DelegatingDatabaseMetaData@1cfafcb9, schemaName=null, tableName=SCOPEDCONTENTITEM) - start
170184 [main] DEBUG org.dbunit.util.SQLHelper  - close(resultSet=org.apache.commons.dbcp.DelegatingResultSet@7bffb4b6) - start
170184 [main] DEBUG org.dbunit.util.QualifiedTableName  - getQualifiedNameIfEnabled(config=org.dbunit.database.DatabaseConfig[, _propertyMap={http://www.dbunit.org/properties/statementFactory=org.dbunit.database.statement.PreparedStatementFactory@626bc2b8, http://www.dbunit.org/features/caseSensitiveTableNames=false, http://www.dbunit.org/properties/fetchSize=100, http://www.dbunit.org/features/batchedStatements=false, http://www.dbunit.org/properties/metadataHandler=org.dbunit.database.DefaultMetadataHandler@62baffef, http://www.dbunit.org/properties/datatypeFactory=org.dbunit.dataset.datatype.DefaultDataTypeFactory[_toleratedDeltaMap=org.dbunit.dataset.datatype.ToleratedDeltaMap@6452310a], http://www.dbunit.org/properties/escapePattern=null, http://www.dbunit.org/properties/batchSize=100, http://www.dbunit.org/features/qualifiedTableNames=false, http://www.dbunit.org/properties/tableType=[Ljava.lang.String;@5011bafa, http://www.dbunit.org/properties/resultSetTableFactory=org.dbunit.database.CachedResultSetTableFactory@10bcf083, http://www.dbunit.org/features/datatypeWarning=true}]) - start
170184 [main] TRACE org.dbunit.database.DatabaseConfig  - getFeature(name=http://www.dbunit.org/features/qualifiedTableNames) - start
170184 [main] TRACE org.dbunit.database.DatabaseConfig  - getProperty(name=http://www.dbunit.org/features/qualifiedTableNames) - start
170184 [main] DEBUG org.dbunit.util.QualifiedTableName  - Qualified table names feature is disabled. Returning plain table name
170184 [main] DEBUG org.dbunit.util.QualifiedTableName  - getQualifiedName(prefix=null, name=SCOPEDCONTENTITEM, escapePattern=null) - start
170184 [main] DEBUG org.dbunit.util.QualifiedTableName  - getQualifiedNameIfEnabled(config=org.dbunit.database.DatabaseConfig[, _propertyMap={http://www.dbunit.org/properties/statementFactory=org.dbunit.database.statement.PreparedStatementFactory@626bc2b8, http://www.dbunit.org/features/caseSensitiveTableNames=false, http://www.dbunit.org/properties/fetchSize=100, http://www.dbunit.org/features/batchedStatements=false, http://www.dbunit.org/properties/metadataHandler=org.dbunit.database.DefaultMetadataHandler@62baffef, http://www.dbunit.org/properties/datatypeFactory=org.dbunit.dataset.datatype.DefaultDataTypeFactory[_toleratedDeltaMap=org.dbunit.dataset.datatype.ToleratedDeltaMap@6452310a], http://www.dbunit.org/properties/escapePattern=null, http://www.dbunit.org/properties/batchSize=100, http://www.dbunit.org/features/qualifiedTableNames=false, http://www.dbunit.org/properties/tableType=[Ljava.lang.String;@5011bafa, http://www.dbunit.org/properties/resultSetTableFactory=org.dbunit.database.CachedResultSetTableFactory@10bcf083, http://www.dbunit.org/features/datatypeWarning=true}]) - start
170184 [main] TRACE org.dbunit.database.DatabaseConfig  - getFeature(name=http://www.dbunit.org/features/qualifiedTableNames) - start
170184 [main] TRACE org.dbunit.database.DatabaseConfig  - getProperty(name=http://www.dbunit.org/features/qualifiedTableNames) - start
170184 [main] DEBUG org.dbunit.util.QualifiedTableName  - Qualified table names feature is disabled. Returning plain table name
170184 [main] DEBUG org.dbunit.util.QualifiedTableName  - getQualifiedName(prefix=null, name=SCOPEDCONTENTCONDITIONS_SCOPEDCONTENTITEM, escapePattern=null) - start
170184 [main] DEBUG org.dbunit.database.search.AbstractMetaDataBasedSearchCallback  - newEdge(rs=org.apache.commons.dbcp.DelegatingResultSet@2b1dda88, type=1, from=SCOPEDCONTENTITEM, to=SCOPEDCONTENTCONDITIONS_SCOPEDCONTENTITEM, fkColumn=SCOPED_CONTENT_ITEM_ID, pkColumn=ID) - start
170184 [main] DEBUG org.dbunit.database.search.AbstractMetaDataBasedSearchCallback  - createFKEdge(rs=org.apache.commons.dbcp.DelegatingResultSet@2b1dda88, type=1, from=SCOPEDCONTENTITEM, to=SCOPEDCONTENTCONDITIONS_SCOPEDCONTENTITEM, fkColumn=SCOPED_CONTENT_ITEM_ID, pkColumn=ID) - start
170184 [main] DEBUG org.dbunit.database.search.AbstractMetaDataBasedSearchCallback  - Adding edge SCOPEDCONTENTCONDITIONS_SCOPEDCONTENTITEM(SCOPED_CONTENT_ITEM_ID)->SCOPEDCONTENTITEM(ID)
170184 [main] DEBUG org.dbunit.util.search.Edge  - compareTo(o=SCOPEDCONTENTCONDITIONS_SCOPEDCONTENTITEM(SCOPED_CONTENT_ITEM_ID)->SCOPEDCONTENTITEM(ID)) - start
170184 [main] DEBUG org.dbunit.util.QualifiedTableName  - getQualifiedNameIfEnabled(config=org.dbunit.database.DatabaseConfig[, _propertyMap={http://www.dbunit.org/properties/statementFactory=org.dbunit.database.statement.PreparedStatementFactory@626bc2b8, http://www.dbunit.org/features/caseSensitiveTableNames=false, http://www.dbunit.org/properties/fetchSize=100, http://www.dbunit.org/features/batchedStatements=false, http://www.dbunit.org/properties/metadataHandler=org.dbunit.database.DefaultMetadataHandler@62baffef, http://www.dbunit.org/properties/datatypeFactory=org.dbunit.dataset.datatype.DefaultDataTypeFactory[_toleratedDeltaMap=org.dbunit.dataset.datatype.ToleratedDeltaMap@6452310a], http://www.dbunit.org/properties/escapePattern=null, http://www.dbunit.org/properties/batchSize=100, http://www.dbunit.org/features/qualifiedTableNames=false, http://www.dbunit.org/properties/tableType=[Ljava.lang.String;@5011bafa, http://www.dbunit.org/properties/resultSetTableFactory=org.dbunit.database.CachedResultSetTableFactory@10bcf083, http://www.dbunit.org/features/datatypeWarning=true}]) - start
170185 [main] TRACE org.dbunit.database.DatabaseConfig  - getFeature(name=http://www.dbunit.org/features/qualifiedTableNames) - start
170185 [main] TRACE org.dbunit.database.DatabaseConfig  - getProperty(name=http://www.dbunit.org/features/qualifiedTableNames) - start
170185 [main] DEBUG org.dbunit.util.QualifiedTableName  - Qualified table names feature is disabled. Returning plain table name
170185 [main] DEBUG org.dbunit.util.QualifiedTableName  - getQualifiedName(prefix=null, name=SCOPEDCONTENTITEM, escapePattern=null) - start
170185 [main] DEBUG org.dbunit.util.QualifiedTableName  - getQualifiedNameIfEnabled(config=org.dbunit.database.DatabaseConfig[, _propertyMap={http://www.dbunit.org/properties/statementFactory=org.dbunit.database.statement.PreparedStatementFactory@626bc2b8, http://www.dbunit.org/features/caseSensitiveTableNames=false, http://www.dbunit.org/properties/fetchSize=100, http://www.dbunit.org/features/batchedStatements=false, http://www.dbunit.org/properties/metadataHandler=org.dbunit.database.DefaultMetadataHandler@62baffef, http://www.dbunit.org/properties/datatypeFactory=org.dbunit.dataset.datatype.DefaultDataTypeFactory[_toleratedDeltaMap=org.dbunit.dataset.datatype.ToleratedDeltaMap@6452310a], http://www.dbunit.org/properties/escapePattern=null, http://www.dbunit.org/properties/batchSize=100, http://www.dbunit.org/features/qualifiedTableNames=false, http://www.dbunit.org/properties/tableType=[Ljava.lang.String;@5011bafa, http://www.dbunit.org/properties/resultSetTableFactory=org.dbunit.database.CachedResultSetTableFactory@10bcf083, http://www.dbunit.org/features/datatypeWarning=true}]) - start
170185 [main] TRACE org.dbunit.database.DatabaseConfig  - getFeature(name=http://www.dbunit.org/features/qualifiedTableNames) - start
170185 [main] TRACE org.dbunit.database.DatabaseConfig  - getProperty(name=http://www.dbunit.org/features/qualifiedTableNames) - start
170185 [main] DEBUG org.dbunit.util.QualifiedTableName  - Qualified table names feature is disabled. Returning plain table name
170185 [main] DEBUG org.dbunit.util.QualifiedTableName  - getQualifiedName(prefix=null, name=SCOPEDCONTENT_SCOPEDCONTENTITEM, escapePattern=null) - start
170185 [main] DEBUG org.dbunit.database.search.AbstractMetaDataBasedSearchCallback  - newEdge(rs=org.apache.commons.dbcp.DelegatingResultSet@2b1dda88, type=1, from=SCOPEDCONTENTITEM, to=SCOPEDCONTENT_SCOPEDCONTENTITEM, fkColumn=SCOPED_CONTENT_ID, pkColumn=ID) - start
170185 [main] DEBUG org.dbunit.database.search.AbstractMetaDataBasedSearchCallback  - createFKEdge(rs=org.apache.commons.dbcp.DelegatingResultSet@2b1dda88, type=1, from=SCOPEDCONTENTITEM, to=SCOPEDCONTENT_SCOPEDCONTENTITEM, fkColumn=SCOPED_CONTENT_ID, pkColumn=ID) - start
170185 [main] DEBUG org.dbunit.database.search.AbstractMetaDataBasedSearchCallback  - Adding edge SCOPEDCONTENT_SCOPEDCONTENTITEM(SCOPED_CONTENT_ID)->SCOPEDCONTENTITEM(ID)
170185 [main] DEBUG org.dbunit.util.search.Edge  - compareTo(o=SCOPEDCONTENTCONDITIONS_SCOPEDCONTENTITEM(SCOPED_CONTENT_ITEM_ID)->SCOPEDCONTENTITEM(ID)) - start
170185 [main] DEBUG org.dbunit.util.SQLHelper  - close(resultSet=org.apache.commons.dbcp.DelegatingResultSet@2b1dda88) - start
170185 [main] DEBUG org.dbunit.util.search.DepthFirstSearch  - reverseSearch:SCOPEDCONTENTCONDITIONS_SCOPEDCONTENTITEM
170185 [main] DEBUG org.dbunit.database.search.ExportedKeysSearchCallback  - searchNode(node=SCOPEDCONTENTCONDITIONS_SCOPEDCONTENTITEM) - start
170185 [main] DEBUG org.dbunit.util.search.DepthFirstSearch  - Pushing (reverse) SCOPEDCONTENTCONDITIONS_SCOPEDCONTENTITEM
170185 [main] DEBUG org.dbunit.database.search.ExportedKeysSearchCallback  - getEdges(node=SCOPEDCONTENTCONDITIONS_SCOPEDCONTENTITEM) - start
170185 [main] DEBUG org.dbunit.database.search.AbstractMetaDataBasedSearchCallback  - getNodesFromExportedKeys(node=SCOPEDCONTENTCONDITIONS_SCOPEDCONTENTITEM) - start
170185 [main] DEBUG org.dbunit.database.search.AbstractMetaDataBasedSearchCallback  - getNodes(type=1, node=SCOPEDCONTENTCONDITIONS_SCOPEDCONTENTITEM) - start
170185 [main] DEBUG org.dbunit.database.DatabaseDataSourceConnection  - getConnection() - start
170186 [main] DEBUG org.dbunit.database.search.AbstractMetaDataBasedSearchCallback  - getNodes(type=1, node=SCOPEDCONTENTCONDITIONS_SCOPEDCONTENTITEM, conn=Transaction-aware proxy for target Connection [jdbc:hsqldb:mem:kontrollDS, UserName=sw, HSQL Database Engine Driver], schema=null, metaData=org.apache.commons.dbcp.DelegatingDatabaseMetaData@34f62cd5, edges=[]) - start
170186 [main] DEBUG org.dbunit.database.search.AbstractMetaDataBasedSearchCallback  - Getting edges for node SCOPEDCONTENTCONDITIONS_SCOPEDCONTENTITEM
170186 [main] TRACE org.dbunit.database.DatabaseConfig  - getProperty(name=http://www.dbunit.org/properties/metadataHandler) - start
170186 [main] TRACE org.dbunit.database.DefaultMetadataHandler  - tableExists(metaData=org.apache.commons.dbcp.DelegatingDatabaseMetaData@34f62cd5, schemaName=null, tableName=SCOPEDCONTENTCONDITIONS_SCOPEDCONTENTITEM) - start
170187 [main] DEBUG org.dbunit.util.SQLHelper  - close(resultSet=org.apache.commons.dbcp.DelegatingResultSet@72ede015) - start
170187 [main] DEBUG org.dbunit.util.SQLHelper  - close(resultSet=org.apache.commons.dbcp.DelegatingResultSet@4760cc66) - start
170187 [main] DEBUG org.dbunit.util.search.DepthFirstSearch  - reverseSearch:SCOPEDCONTENT_SCOPEDCONTENTITEM
170187 [main] DEBUG org.dbunit.database.search.ExportedKeysSearchCallback  - searchNode(node=SCOPEDCONTENT_SCOPEDCONTENTITEM) - start
170187 [main] DEBUG org.dbunit.util.search.DepthFirstSearch  - Pushing (reverse) SCOPEDCONTENT_SCOPEDCONTENTITEM
170187 [main] DEBUG org.dbunit.database.search.ExportedKeysSearchCallback  - getEdges(node=SCOPEDCONTENT_SCOPEDCONTENTITEM) - start
170187 [main] DEBUG org.dbunit.database.search.AbstractMetaDataBasedSearchCallback  - getNodesFromExportedKeys(node=SCOPEDCONTENT_SCOPEDCONTENTITEM) - start
170187 [main] DEBUG org.dbunit.database.search.AbstractMetaDataBasedSearchCallback  - getNodes(type=1, node=SCOPEDCONTENT_SCOPEDCONTENTITEM) - start
170187 [main] DEBUG org.dbunit.database.DatabaseDataSourceConnection  - getConnection() - start
170187 [main] DEBUG org.dbunit.database.search.AbstractMetaDataBasedSearchCallback  - getNodes(type=1, node=SCOPEDCONTENT_SCOPEDCONTENTITEM, conn=Transaction-aware proxy for target Connection [jdbc:hsqldb:mem:kontrollDS, UserName=sw, HSQL Database Engine Driver], schema=null, metaData=org.apache.commons.dbcp.DelegatingDatabaseMetaData@240b6126, edges=[]) - start
170187 [main] DEBUG org.dbunit.database.search.AbstractMetaDataBasedSearchCallback  - Getting edges for node SCOPEDCONTENT_SCOPEDCONTENTITEM
170187 [main] TRACE org.dbunit.database.DatabaseConfig  - getProperty(name=http://www.dbunit.org/properties/metadataHandler) - start
170187 [main] TRACE org.dbunit.database.DefaultMetadataHandler  - tableExists(metaData=org.apache.commons.dbcp.DelegatingDatabaseMetaData@240b6126, schemaName=null, tableName=SCOPEDCONTENT_SCOPEDCONTENTITEM) - start
170188 [main] DEBUG org.dbunit.util.SQLHelper  - close(resultSet=org.apache.commons.dbcp.DelegatingResultSet@1d3ad08a) - start
170188 [main] DEBUG org.dbunit.util.SQLHelper  - close(resultSet=org.apache.commons.dbcp.DelegatingResultSet@4ed1dbc5) - start
170188 [main] DEBUG org.dbunit.util.search.DepthFirstSearch  - search:SCOPEDCONTENTCONDITIONS_SCOPEDCONTENTITEM
170188 [main] DEBUG org.dbunit.database.search.ExportedKeysSearchCallback  - searchNode(node=SCOPEDCONTENTCONDITIONS_SCOPEDCONTENTITEM) - start
170189 [main] DEBUG org.dbunit.util.search.DepthFirstSearch  - Pushing SCOPEDCONTENTCONDITIONS_SCOPEDCONTENTITEM
170189 [main] DEBUG org.dbunit.database.search.ExportedKeysSearchCallback  - getEdges(node=SCOPEDCONTENTCONDITIONS_SCOPEDCONTENTITEM) - start
170189 [main] DEBUG org.dbunit.database.search.AbstractMetaDataBasedSearchCallback  - getNodesFromExportedKeys(node=SCOPEDCONTENTCONDITIONS_SCOPEDCONTENTITEM) - start
170189 [main] DEBUG org.dbunit.database.search.AbstractMetaDataBasedSearchCallback  - getNodes(type=1, node=SCOPEDCONTENTCONDITIONS_SCOPEDCONTENTITEM) - start
170189 [main] DEBUG org.dbunit.database.DatabaseDataSourceConnection  - getConnection() - start
170189 [main] DEBUG org.dbunit.database.search.AbstractMetaDataBasedSearchCallback  - getNodes(type=1, node=SCOPEDCONTENTCONDITIONS_SCOPEDCONTENTITEM, conn=Transaction-aware proxy for target Connection [jdbc:hsqldb:mem:kontrollDS, UserName=sw, HSQL Database Engine Driver], schema=null, metaData=org.apache.commons.dbcp.DelegatingDatabaseMetaData@33b38af0, edges=[]) - start
170189 [main] DEBUG org.dbunit.database.search.AbstractMetaDataBasedSearchCallback  - Getting edges for node SCOPEDCONTENTCONDITIONS_SCOPEDCONTENTITEM
170189 [main] TRACE org.dbunit.database.DatabaseConfig  - getProperty(name=http://www.dbunit.org/properties/metadataHandler) - start
170189 [main] TRACE org.dbunit.database.DefaultMetadataHandler  - tableExists(metaData=org.apache.commons.dbcp.DelegatingDatabaseMetaData@33b38af0, schemaName=null, tableName=SCOPEDCONTENTCONDITIONS_SCOPEDCONTENTITEM) - start
170190 [main] DEBUG org.dbunit.util.SQLHelper  - close(resultSet=org.apache.commons.dbcp.DelegatingResultSet@4ed2549) - start
170190 [main] DEBUG org.dbunit.util.SQLHelper  - close(resultSet=org.apache.commons.dbcp.DelegatingResultSet@195e8721) - start
170190 [main] DEBUG org.dbunit.util.search.DepthFirstSearch  - Adding node SCOPEDCONTENTCONDITIONS_SCOPEDCONTENTITEM to the final result
170190 [main] DEBUG org.dbunit.util.search.DepthFirstSearch  - search:SCOPEDCONTENT_SCOPEDCONTENTITEM
170190 [main] DEBUG org.dbunit.database.search.ExportedKeysSearchCallback  - searchNode(node=SCOPEDCONTENT_SCOPEDCONTENTITEM) - start
170190 [main] DEBUG org.dbunit.util.search.DepthFirstSearch  - Pushing SCOPEDCONTENT_SCOPEDCONTENTITEM
170190 [main] DEBUG org.dbunit.database.search.ExportedKeysSearchCallback  - getEdges(node=SCOPEDCONTENT_SCOPEDCONTENTITEM) - start
170190 [main] DEBUG org.dbunit.database.search.AbstractMetaDataBasedSearchCallback  - getNodesFromExportedKeys(node=SCOPEDCONTENT_SCOPEDCONTENTITEM) - start
170190 [main] DEBUG org.dbunit.database.search.AbstractMetaDataBasedSearchCallback  - getNodes(type=1, node=SCOPEDCONTENT_SCOPEDCONTENTITEM) - start
170190 [main] DEBUG org.dbunit.database.DatabaseDataSourceConnection  - getConnection() - start
170190 [main] DEBUG org.dbunit.database.search.AbstractMetaDataBasedSearchCallback  - getNodes(type=1, node=SCOPEDCONTENT_SCOPEDCONTENTITEM, conn=Transaction-aware proxy for target Connection [jdbc:hsqldb:mem:kontrollDS, UserName=sw, HSQL Database Engine Driver], schema=null, metaData=org.apache.commons.dbcp.DelegatingDatabaseMetaData@cf9948a, edges=[]) - start
170190 [main] DEBUG org.dbunit.database.search.AbstractMetaDataBasedSearchCallback  - Getting edges for node SCOPEDCONTENT_SCOPEDCONTENTITEM
170190 [main] TRACE org.dbunit.database.DatabaseConfig  - getProperty(name=http://www.dbunit.org/properties/metadataHandler) - start
170190 [main] TRACE org.dbunit.database.DefaultMetadataHandler  - tableExists(metaData=org.apache.commons.dbcp.DelegatingDatabaseMetaData@cf9948a, schemaName=null, tableName=SCOPEDCONTENT_SCOPEDCONTENTITEM) - start
170191 [main] DEBUG org.dbunit.util.SQLHelper  - close(resultSet=org.apache.commons.dbcp.DelegatingResultSet@fad03b9) - start
170191 [main] DEBUG org.dbunit.util.SQLHelper  - close(resultSet=org.apache.commons.dbcp.DelegatingResultSet@236e481a) - start
170191 [main] DEBUG org.dbunit.util.search.DepthFirstSearch  - Adding node SCOPEDCONTENT_SCOPEDCONTENTITEM to the final result
170191 [main] DEBUG org.dbunit.util.search.DepthFirstSearch  - search:SCOPEDCONTENTITEM
170191 [main] DEBUG org.dbunit.database.search.ExportedKeysSearchCallback  - searchNode(node=SCOPEDCONTENTITEM) - start
170191 [main] DEBUG org.dbunit.util.search.DepthFirstSearch  - Pushing SCOPEDCONTENTITEM
170192 [main] DEBUG org.dbunit.database.search.ExportedKeysSearchCallback  - getEdges(node=SCOPEDCONTENTITEM) - start
170192 [main] DEBUG org.dbunit.database.search.AbstractMetaDataBasedSearchCallback  - getNodesFromExportedKeys(node=SCOPEDCONTENTITEM) - start
170192 [main] DEBUG org.dbunit.database.search.AbstractMetaDataBasedSearchCallback  - getNodes(type=1, node=SCOPEDCONTENTITEM) - start
170192 [main] DEBUG org.dbunit.database.DatabaseDataSourceConnection  - getConnection() - start
170192 [main] DEBUG org.dbunit.database.search.AbstractMetaDataBasedSearchCallback  - getNodes(type=1, node=SCOPEDCONTENTITEM, conn=Transaction-aware proxy for target Connection [jdbc:hsqldb:mem:kontrollDS, UserName=sw, HSQL Database Engine Driver], schema=null, metaData=org.apache.commons.dbcp.DelegatingDatabaseMetaData@1d3fb522, edges=[]) - start
170192 [main] DEBUG org.dbunit.database.search.AbstractMetaDataBasedSearchCallback  - Getting edges for node SCOPEDCONTENTITEM
170192 [main] TRACE org.dbunit.database.DatabaseConfig  - getProperty(name=http://www.dbunit.org/properties/metadataHandler) - start
170192 [main] TRACE org.dbunit.database.DefaultMetadataHandler  - tableExists(metaData=org.apache.commons.dbcp.DelegatingDatabaseMetaData@1d3fb522, schemaName=null, tableName=SCOPEDCONTENTITEM) - start
170193 [main] DEBUG org.dbunit.util.SQLHelper  - close(resultSet=org.apache.commons.dbcp.DelegatingResultSet@64823a1) - start
170193 [main] DEBUG org.dbunit.util.QualifiedTableName  - getQualifiedNameIfEnabled(config=org.dbunit.database.DatabaseConfig[, _propertyMap={http://www.dbunit.org/properties/statementFactory=org.dbunit.database.statement.PreparedStatementFactory@626bc2b8, http://www.dbunit.org/features/caseSensitiveTableNames=false, http://www.dbunit.org/properties/fetchSize=100, http://www.dbunit.org/features/batchedStatements=false, http://www.dbunit.org/properties/metadataHandler=org.dbunit.database.DefaultMetadataHandler@62baffef, http://www.dbunit.org/properties/datatypeFactory=org.dbunit.dataset.datatype.DefaultDataTypeFactory[_toleratedDeltaMap=org.dbunit.dataset.datatype.ToleratedDeltaMap@6452310a], http://www.dbunit.org/properties/escapePattern=null, http://www.dbunit.org/properties/batchSize=100, http://www.dbunit.org/features/qualifiedTableNames=false, http://www.dbunit.org/properties/tableType=[Ljava.lang.String;@5011bafa, http://www.dbunit.org/properties/resultSetTableFactory=org.dbunit.database.CachedResultSetTableFactory@10bcf083, http://www.dbunit.org/features/datatypeWarning=true}]) - start
170193 [main] TRACE org.dbunit.database.DatabaseConfig  - getFeature(name=http://www.dbunit.org/features/qualifiedTableNames) - start
170193 [main] TRACE org.dbunit.database.DatabaseConfig  - getProperty(name=http://www.dbunit.org/features/qualifiedTableNames) - start
170193 [main] DEBUG org.dbunit.util.QualifiedTableName  - Qualified table names feature is disabled. Returning plain table name
170193 [main] DEBUG org.dbunit.util.QualifiedTableName  - getQualifiedName(prefix=null, name=SCOPEDCONTENTITEM, escapePattern=null) - start
170193 [main] DEBUG org.dbunit.util.QualifiedTableName  - getQualifiedNameIfEnabled(config=org.dbunit.database.DatabaseConfig[, _propertyMap={http://www.dbunit.org/properties/statementFactory=org.dbunit.database.statement.PreparedStatementFactory@626bc2b8, http://www.dbunit.org/features/caseSensitiveTableNames=false, http://www.dbunit.org/properties/fetchSize=100, http://www.dbunit.org/features/batchedStatements=false, http://www.dbunit.org/properties/metadataHandler=org.dbunit.database.DefaultMetadataHandler@62baffef, http://www.dbunit.org/properties/datatypeFactory=org.dbunit.dataset.datatype.DefaultDataTypeFactory[_toleratedDeltaMap=org.dbunit.dataset.datatype.ToleratedDeltaMap@6452310a], http://www.dbunit.org/properties/escapePattern=null, http://www.dbunit.org/properties/batchSize=100, http://www.dbunit.org/features/qualifiedTableNames=false, http://www.dbunit.org/properties/tableType=[Ljava.lang.String;@5011bafa, http://www.dbunit.org/properties/resultSetTableFactory=org.dbunit.database.CachedResultSetTableFactory@10bcf083, http://www.dbunit.org/features/datatypeWarning=true}]) - start
170193 [main] TRACE org.dbunit.database.DatabaseConfig  - getFeature(name=http://www.dbunit.org/features/qualifiedTableNames) - start
170193 [main] TRACE org.dbunit.database.DatabaseConfig  - getProperty(name=http://www.dbunit.org/features/qualifiedTableNames) - start
170193 [main] DEBUG org.dbunit.util.QualifiedTableName  - Qualified table names feature is disabled. Returning plain table name
170193 [main] DEBUG org.dbunit.util.QualifiedTableName  - getQualifiedName(prefix=null, name=SCOPEDCONTENTCONDITIONS_SCOPEDCONTENTITEM, escapePattern=null) - start
170193 [main] DEBUG org.dbunit.database.search.AbstractMetaDataBasedSearchCallback  - newEdge(rs=org.apache.commons.dbcp.DelegatingResultSet@1b658c85, type=1, from=SCOPEDCONTENTITEM, to=SCOPEDCONTENTCONDITIONS_SCOPEDCONTENTITEM, fkColumn=SCOPED_CONTENT_ITEM_ID, pkColumn=ID) - start
170193 [main] DEBUG org.dbunit.database.search.AbstractMetaDataBasedSearchCallback  - createFKEdge(rs=org.apache.commons.dbcp.DelegatingResultSet@1b658c85, type=1, from=SCOPEDCONTENTITEM, to=SCOPEDCONTENTCONDITIONS_SCOPEDCONTENTITEM, fkColumn=SCOPED_CONTENT_ITEM_ID, pkColumn=ID) - start
170193 [main] DEBUG org.dbunit.database.search.AbstractMetaDataBasedSearchCallback  - Adding edge SCOPEDCONTENTCONDITIONS_SCOPEDCONTENTITEM(SCOPED_CONTENT_ITEM_ID)->SCOPEDCONTENTITEM(ID)
170193 [main] DEBUG org.dbunit.util.search.Edge  - compareTo(o=SCOPEDCONTENTCONDITIONS_SCOPEDCONTENTITEM(SCOPED_CONTENT_ITEM_ID)->SCOPEDCONTENTITEM(ID)) - start
170193 [main] DEBUG org.dbunit.util.QualifiedTableName  - getQualifiedNameIfEnabled(config=org.dbunit.database.DatabaseConfig[, _propertyMap={http://www.dbunit.org/properties/statementFactory=org.dbunit.database.statement.PreparedStatementFactory@626bc2b8, http://www.dbunit.org/features/caseSensitiveTableNames=false, http://www.dbunit.org/properties/fetchSize=100, http://www.dbunit.org/features/batchedStatements=false, http://www.dbunit.org/properties/metadataHandler=org.dbunit.database.DefaultMetadataHandler@62baffef, http://www.dbunit.org/properties/datatypeFactory=org.dbunit.dataset.datatype.DefaultDataTypeFactory[_toleratedDeltaMap=org.dbunit.dataset.datatype.ToleratedDeltaMap@6452310a], http://www.dbunit.org/properties/escapePattern=null, http://www.dbunit.org/properties/batchSize=100, http://www.dbunit.org/features/qualifiedTableNames=false, http://www.dbunit.org/properties/tableType=[Ljava.lang.String;@5011bafa, http://www.dbunit.org/properties/resultSetTableFactory=org.dbunit.database.CachedResultSetTableFactory@10bcf083, http://www.dbunit.org/features/datatypeWarning=true}]) - start
170193 [main] TRACE org.dbunit.database.DatabaseConfig  - getFeature(name=http://www.dbunit.org/features/qualifiedTableNames) - start
170194 [main] TRACE org.dbunit.database.DatabaseConfig  - getProperty(name=http://www.dbunit.org/features/qualifiedTableNames) - start
170194 [main] DEBUG org.dbunit.util.QualifiedTableName  - Qualified table names feature is disabled. Returning plain table name
170194 [main] DEBUG org.dbunit.util.QualifiedTableName  - getQualifiedName(prefix=null, name=SCOPEDCONTENTITEM, escapePattern=null) - start
170194 [main] DEBUG org.dbunit.util.QualifiedTableName  - getQualifiedNameIfEnabled(config=org.dbunit.database.DatabaseConfig[, _propertyMap={http://www.dbunit.org/properties/statementFactory=org.dbunit.database.statement.PreparedStatementFactory@626bc2b8, http://www.dbunit.org/features/caseSensitiveTableNames=false, http://www.dbunit.org/properties/fetchSize=100, http://www.dbunit.org/features/batchedStatements=false, http://www.dbunit.org/properties/metadataHandler=org.dbunit.database.DefaultMetadataHandler@62baffef, http://www.dbunit.org/properties/datatypeFactory=org.dbunit.dataset.datatype.DefaultDataTypeFactory[_toleratedDeltaMap=org.dbunit.dataset.datatype.ToleratedDeltaMap@6452310a], http://www.dbunit.org/properties/escapePattern=null, http://www.dbunit.org/properties/batchSize=100, http://www.dbunit.org/features/qualifiedTableNames=false, http://www.dbunit.org/properties/tableType=[Ljava.lang.String;@5011bafa, http://www.dbunit.org/properties/resultSetTableFactory=org.dbunit.database.CachedResultSetTableFactory@10bcf083, http://www.dbunit.org/features/datatypeWarning=true}]) - start
170194 [main] TRACE org.dbunit.database.DatabaseConfig  - getFeature(name=http://www.dbunit.org/features/qualifiedTableNames) - start
170194 [main] TRACE org.dbunit.database.DatabaseConfig  - getProperty(name=http://www.dbunit.org/features/qualifiedTableNames) - start
170194 [main] DEBUG org.dbunit.util.QualifiedTableName  - Qualified table names feature is disabled. Returning plain table name
170194 [main] DEBUG org.dbunit.util.QualifiedTableName  - getQualifiedName(prefix=null, name=SCOPEDCONTENT_SCOPEDCONTENTITEM, escapePattern=null) - start
170194 [main] DEBUG org.dbunit.database.search.AbstractMetaDataBasedSearchCallback  - newEdge(rs=org.apache.commons.dbcp.DelegatingResultSet@1b658c85, type=1, from=SCOPEDCONTENTITEM, to=SCOPEDCONTENT_SCOPEDCONTENTITEM, fkColumn=SCOPED_CONTENT_ID, pkColumn=ID) - start
170194 [main] DEBUG org.dbunit.database.search.AbstractMetaDataBasedSearchCallback  - createFKEdge(rs=org.apache.commons.dbcp.DelegatingResultSet@1b658c85, type=1, from=SCOPEDCONTENTITEM, to=SCOPEDCONTENT_SCOPEDCONTENTITEM, fkColumn=SCOPED_CONTENT_ID, pkColumn=ID) - start
170194 [main] DEBUG org.dbunit.database.search.AbstractMetaDataBasedSearchCallback  - Adding edge SCOPEDCONTENT_SCOPEDCONTENTITEM(SCOPED_CONTENT_ID)->SCOPEDCONTENTITEM(ID)
170194 [main] DEBUG org.dbunit.util.search.Edge  - compareTo(o=SCOPEDCONTENTCONDITIONS_SCOPEDCONTENTITEM(SCOPED_CONTENT_ITEM_ID)->SCOPEDCONTENTITEM(ID)) - start
170194 [main] DEBUG org.dbunit.util.SQLHelper  - close(resultSet=org.apache.commons.dbcp.DelegatingResultSet@1b658c85) - start
170194 [main] DEBUG org.dbunit.util.search.DepthFirstSearch  - search:SCOPEDCONTENTITEM
170194 [main] DEBUG org.dbunit.util.search.DepthFirstSearch  - already searched; returning true
170194 [main] DEBUG org.dbunit.util.search.DepthFirstSearch  - search:SCOPEDCONTENTITEM
170194 [main] DEBUG org.dbunit.util.search.DepthFirstSearch  - already searched; returning true
170194 [main] DEBUG org.dbunit.util.search.DepthFirstSearch  - Adding node SCOPEDCONTENTITEM to the final result
170194 [main] DEBUG org.dbunit.util.CollectionsHelper  - setToStrings(set=[SCOPEDCONTENTCONDITIONS_SCOPEDCONTENTITEM, SCOPEDCONTENT_SCOPEDCONTENTITEM, SCOPEDCONTENTITEM]) - start
170194 [main] DEBUG org.dbunit.database.search.TablesDependencyHelper  - getDirectDependsOnTables(connection=_databaseConfig=org.dbunit.database.DatabaseConfig[, _propertyMap={http://www.dbunit.org/properties/statementFactory=org.dbunit.database.statement.PreparedStatementFactory@626bc2b8, http://www.dbunit.org/features/caseSensitiveTableNames=false, http://www.dbunit.org/properties/fetchSize=100, http://www.dbunit.org/features/batchedStatements=false, http://www.dbunit.org/properties/metadataHandler=org.dbunit.database.DefaultMetadataHandler@62baffef, http://www.dbunit.org/properties/datatypeFactory=org.dbunit.dataset.datatype.DefaultDataTypeFactory[_toleratedDeltaMap=org.dbunit.dataset.datatype.ToleratedDeltaMap@6452310a], http://www.dbunit.org/properties/escapePattern=null, http://www.dbunit.org/properties/batchSize=100, http://www.dbunit.org/features/qualifiedTableNames=false, http://www.dbunit.org/properties/tableType=[Ljava.lang.String;@5011bafa, http://www.dbunit.org/properties/resultSetTableFactory=org.dbunit.database.CachedResultSetTableFactory@10bcf083, http://www.dbunit.org/features/datatypeWarning=true}], _dataSet=AbstractDataSet[_orderedTableNameMap=null], tableName=SCOPEDCONTENTITEM) - start
170194 [main] DEBUG org.dbunit.util.search.DepthFirstSearch  - search(nodesFrom=[SCOPEDCONTENTITEM], callback=org.dbunit.database.search.ExportedKeysSearchCallback@1737f72a) - start
170194 [main] DEBUG org.dbunit.util.CollectionsHelper  - objectsToSet(objects=SCOPEDCONTENTITEM) - start
170194 [main] DEBUG org.dbunit.util.search.DepthFirstSearch  - search(nodesFrom=[SCOPEDCONTENTITEM], callback=org.dbunit.database.search.ExportedKeysSearchCallback@1737f72a) - start
170194 [main] DEBUG org.dbunit.util.search.DepthFirstSearch  - reverseSearch:SCOPEDCONTENTITEM
170194 [main] DEBUG org.dbunit.database.search.ExportedKeysSearchCallback  - searchNode(node=SCOPEDCONTENTITEM) - start
170194 [main] DEBUG org.dbunit.util.search.DepthFirstSearch  - Pushing (reverse) SCOPEDCONTENTITEM
170195 [main] DEBUG org.dbunit.database.search.ExportedKeysSearchCallback  - getEdges(node=SCOPEDCONTENTITEM) - start
170195 [main] DEBUG org.dbunit.database.search.AbstractMetaDataBasedSearchCallback  - getNodesFromExportedKeys(node=SCOPEDCONTENTITEM) - start
170195 [main] DEBUG org.dbunit.database.search.AbstractMetaDataBasedSearchCallback  - getNodes(type=1, node=SCOPEDCONTENTITEM) - start
170195 [main] DEBUG org.dbunit.database.DatabaseDataSourceConnection  - getConnection() - start
170195 [main] DEBUG org.dbunit.database.search.AbstractMetaDataBasedSearchCallback  - getNodes(type=1, node=SCOPEDCONTENTITEM, conn=Transaction-aware proxy for target Connection [jdbc:hsqldb:mem:kontrollDS, UserName=sw, HSQL Database Engine Driver], schema=null, metaData=org.apache.commons.dbcp.DelegatingDatabaseMetaData@5b43f24e, edges=[]) - start
170195 [main] DEBUG org.dbunit.database.search.AbstractMetaDataBasedSearchCallback  - Getting edges for node SCOPEDCONTENTITEM
170195 [main] TRACE org.dbunit.database.DatabaseConfig  - getProperty(name=http://www.dbunit.org/properties/metadataHandler) - start
170195 [main] TRACE org.dbunit.database.DefaultMetadataHandler  - tableExists(metaData=org.apache.commons.dbcp.DelegatingDatabaseMetaData@5b43f24e, schemaName=null, tableName=SCOPEDCONTENTITEM) - start
170196 [main] DEBUG org.dbunit.util.SQLHelper  - close(resultSet=org.apache.commons.dbcp.DelegatingResultSet@49120557) - start
170196 [main] DEBUG org.dbunit.util.QualifiedTableName  - getQualifiedNameIfEnabled(config=org.dbunit.database.DatabaseConfig[, _propertyMap={http://www.dbunit.org/properties/statementFactory=org.dbunit.database.statement.PreparedStatementFactory@626bc2b8, http://www.dbunit.org/features/caseSensitiveTableNames=false, http://www.dbunit.org/properties/fetchSize=100, http://www.dbunit.org/features/batchedStatements=false, http://www.dbunit.org/properties/metadataHandler=org.dbunit.database.DefaultMetadataHandler@62baffef, http://www.dbunit.org/properties/datatypeFactory=org.dbunit.dataset.datatype.DefaultDataTypeFactory[_toleratedDeltaMap=org.dbunit.dataset.datatype.ToleratedDeltaMap@6452310a], http://www.dbunit.org/properties/escapePattern=null, http://www.dbunit.org/properties/batchSize=100, http://www.dbunit.org/features/qualifiedTableNames=false, http://www.dbunit.org/properties/tableType=[Ljava.lang.String;@5011bafa, http://www.dbunit.org/properties/resultSetTableFactory=org.dbunit.database.CachedResultSetTableFactory@10bcf083, http://www.dbunit.org/features/datatypeWarning=true}]) - start
170196 [main] TRACE org.dbunit.database.DatabaseConfig  - getFeature(name=http://www.dbunit.org/features/qualifiedTableNames) - start
170196 [main] TRACE org.dbunit.database.DatabaseConfig  - getProperty(name=http://www.dbunit.org/features/qualifiedTableNames) - start
170196 [main] DEBUG org.dbunit.util.QualifiedTableName  - Qualified table names feature is disabled. Returning plain table name
170196 [main] DEBUG org.dbunit.util.QualifiedTableName  - getQualifiedName(prefix=null, name=SCOPEDCONTENTITEM, escapePattern=null) - start
170196 [main] DEBUG org.dbunit.util.QualifiedTableName  - getQualifiedNameIfEnabled(config=org.dbunit.database.DatabaseConfig[, _propertyMap={http://www.dbunit.org/properties/statementFactory=org.dbunit.database.statement.PreparedStatementFactory@626bc2b8, http://www.dbunit.org/features/caseSensitiveTableNames=false, http://www.dbunit.org/properties/fetchSize=100, http://www.dbunit.org/features/batchedStatements=false, http://www.dbunit.org/properties/metadataHandler=org.dbunit.database.DefaultMetadataHandler@62baffef, http://www.dbunit.org/properties/datatypeFactory=org.dbunit.dataset.datatype.DefaultDataTypeFactory[_toleratedDeltaMap=org.dbunit.dataset.datatype.ToleratedDeltaMap@6452310a], http://www.dbunit.org/properties/escapePattern=null, http://www.dbunit.org/properties/batchSize=100, http://www.dbunit.org/features/qualifiedTableNames=false, http://www.dbunit.org/properties/tableType=[Ljava.lang.String;@5011bafa, http://www.dbunit.org/properties/resultSetTableFactory=org.dbunit.database.CachedResultSetTableFactory@10bcf083, http://www.dbunit.org/features/datatypeWarning=true}]) - start
170196 [main] TRACE org.dbunit.database.DatabaseConfig  - getFeature(name=http://www.dbunit.org/features/qualifiedTableNames) - start
170196 [main] TRACE org.dbunit.database.DatabaseConfig  - getProperty(name=http://www.dbunit.org/features/qualifiedTableNames) - start
170196 [main] DEBUG org.dbunit.util.QualifiedTableName  - Qualified table names feature is disabled. Returning plain table name
170196 [main] DEBUG org.dbunit.util.QualifiedTableName  - getQualifiedName(prefix=null, name=SCOPEDCONTENTCONDITIONS_SCOPEDCONTENTITEM, escapePattern=null) - start
170196 [main] DEBUG org.dbunit.database.search.AbstractMetaDataBasedSearchCallback  - newEdge(rs=org.apache.commons.dbcp.DelegatingResultSet@4f834958, type=1, from=SCOPEDCONTENTITEM, to=SCOPEDCONTENTCONDITIONS_SCOPEDCONTENTITEM, fkColumn=SCOPED_CONTENT_ITEM_ID, pkColumn=ID) - start
170197 [main] DEBUG org.dbunit.database.search.AbstractMetaDataBasedSearchCallback  - createFKEdge(rs=org.apache.commons.dbcp.DelegatingResultSet@4f834958, type=1, from=SCOPEDCONTENTITEM, to=SCOPEDCONTENTCONDITIONS_SCOPEDCONTENTITEM, fkColumn=SCOPED_CONTENT_ITEM_ID, pkColumn=ID) - start
170197 [main] DEBUG org.dbunit.database.search.AbstractMetaDataBasedSearchCallback  - Adding edge SCOPEDCONTENTCONDITIONS_SCOPEDCONTENTITEM(SCOPED_CONTENT_ITEM_ID)->SCOPEDCONTENTITEM(ID)
170197 [main] DEBUG org.dbunit.util.search.Edge  - compareTo(o=SCOPEDCONTENTCONDITIONS_SCOPEDCONTENTITEM(SCOPED_CONTENT_ITEM_ID)->SCOPEDCONTENTITEM(ID)) - start
170197 [main] DEBUG org.dbunit.util.QualifiedTableName  - getQualifiedNameIfEnabled(config=org.dbunit.database.DatabaseConfig[, _propertyMap={http://www.dbunit.org/properties/statementFactory=org.dbunit.database.statement.PreparedStatementFactory@626bc2b8, http://www.dbunit.org/features/caseSensitiveTableNames=false, http://www.dbunit.org/properties/fetchSize=100, http://www.dbunit.org/features/batchedStatements=false, http://www.dbunit.org/properties/metadataHandler=org.dbunit.database.DefaultMetadataHandler@62baffef, http://www.dbunit.org/properties/datatypeFactory=org.dbunit.dataset.datatype.DefaultDataTypeFactory[_toleratedDeltaMap=org.dbunit.dataset.datatype.ToleratedDeltaMap@6452310a], http://www.dbunit.org/properties/escapePattern=null, http://www.dbunit.org/properties/batchSize=100, http://www.dbunit.org/features/qualifiedTableNames=false, http://www.dbunit.org/properties/tableType=[Ljava.lang.String;@5011bafa, http://www.dbunit.org/properties/resultSetTableFactory=org.dbunit.database.CachedResultSetTableFactory@10bcf083, http://www.dbunit.org/features/datatypeWarning=true}]) - start
170197 [main] TRACE org.dbunit.database.DatabaseConfig  - getFeature(name=http://www.dbunit.org/features/qualifiedTableNames) - start
170197 [main] TRACE org.dbunit.database.DatabaseConfig  - getProperty(name=http://www.dbunit.org/features/qualifiedTableNames) - start
170197 [main] DEBUG org.dbunit.util.QualifiedTableName  - Qualified table names feature is disabled. Returning plain table name
170197 [main] DEBUG org.dbunit.util.QualifiedTableName  - getQualifiedName(prefix=null, name=SCOPEDCONTENTITEM, escapePattern=null) - start
170197 [main] DEBUG org.dbunit.util.QualifiedTableName  - getQualifiedNameIfEnabled(config=org.dbunit.database.DatabaseConfig[, _propertyMap={http://www.dbunit.org/properties/statementFactory=org.dbunit.database.statement.PreparedStatementFactory@626bc2b8, http://www.dbunit.org/features/caseSensitiveTableNames=false, http://www.dbunit.org/properties/fetchSize=100, http://www.dbunit.org/features/batchedStatements=false, http://www.dbunit.org/properties/metadataHandler=org.dbunit.database.DefaultMetadataHandler@62baffef, http://www.dbunit.org/properties/datatypeFactory=org.dbunit.dataset.datatype.DefaultDataTypeFactory[_toleratedDeltaMap=org.dbunit.dataset.datatype.ToleratedDeltaMap@6452310a], http://www.dbunit.org/properties/escapePattern=null, http://www.dbunit.org/properties/batchSize=100, http://www.dbunit.org/features/qualifiedTableNames=false, http://www.dbunit.org/properties/tableType=[Ljava.lang.String;@5011bafa, http://www.dbunit.org/properties/resultSetTableFactory=org.dbunit.database.CachedResultSetTableFactory@10bcf083, http://www.dbunit.org/features/datatypeWarning=true}]) - start
170197 [main] TRACE org.dbunit.database.DatabaseConfig  - getFeature(name=http://www.dbunit.org/features/qualifiedTableNames) - start
170197 [main] TRACE org.dbunit.database.DatabaseConfig  - getProperty(name=http://www.dbunit.org/features/qualifiedTableNames) - start
170197 [main] DEBUG org.dbunit.util.QualifiedTableName  - Qualified table names feature is disabled. Returning plain table name
170197 [main] DEBUG org.dbunit.util.QualifiedTableName  - getQualifiedName(prefix=null, name=SCOPEDCONTENT_SCOPEDCONTENTITEM, escapePattern=null) - start
170197 [main] DEBUG org.dbunit.database.search.AbstractMetaDataBasedSearchCallback  - newEdge(rs=org.apache.commons.dbcp.DelegatingResultSet@4f834958, type=1, from=SCOPEDCONTENTITEM, to=SCOPEDCONTENT_SCOPEDCONTENTITEM, fkColumn=SCOPED_CONTENT_ID, pkColumn=ID) - start
170197 [main] DEBUG org.dbunit.database.search.AbstractMetaDataBasedSearchCallback  - createFKEdge(rs=org.apache.commons.dbcp.DelegatingResultSet@4f834958, type=1, from=SCOPEDCONTENTITEM, to=SCOPEDCONTENT_SCOPEDCONTENTITEM, fkColumn=SCOPED_CONTENT_ID, pkColumn=ID) - start
170197 [main] DEBUG org.dbunit.database.search.AbstractMetaDataBasedSearchCallback  - Adding edge SCOPEDCONTENT_SCOPEDCONTENTITEM(SCOPED_CONTENT_ID)->SCOPEDCONTENTITEM(ID)
170197 [main] DEBUG org.dbunit.util.search.Edge  - compareTo(o=SCOPEDCONTENTCONDITIONS_SCOPEDCONTENTITEM(SCOPED_CONTENT_ITEM_ID)->SCOPEDCONTENTITEM(ID)) - start
170197 [main] DEBUG org.dbunit.util.SQLHelper  - close(resultSet=org.apache.commons.dbcp.DelegatingResultSet@4f834958) - start
170197 [main] DEBUG org.dbunit.util.search.DepthFirstSearch  - reverseSearch:SCOPEDCONTENTCONDITIONS_SCOPEDCONTENTITEM
170197 [main] DEBUG org.dbunit.database.search.ExportedKeysSearchCallback  - searchNode(node=SCOPEDCONTENTCONDITIONS_SCOPEDCONTENTITEM) - start
170197 [main] DEBUG org.dbunit.util.search.DepthFirstSearch  - Pushing (reverse) SCOPEDCONTENTCONDITIONS_SCOPEDCONTENTITEM
170197 [main] DEBUG org.dbunit.database.search.ExportedKeysSearchCallback  - getEdges(node=SCOPEDCONTENTCONDITIONS_SCOPEDCONTENTITEM) - start
170197 [main] DEBUG org.dbunit.database.search.AbstractMetaDataBasedSearchCallback  - getNodesFromExportedKeys(node=SCOPEDCONTENTCONDITIONS_SCOPEDCONTENTITEM) - start
170197 [main] DEBUG org.dbunit.database.search.AbstractMetaDataBasedSearchCallback  - getNodes(type=1, node=SCOPEDCONTENTCONDITIONS_SCOPEDCONTENTITEM) - start
170197 [main] DEBUG org.dbunit.database.DatabaseDataSourceConnection  - getConnection() - start
170197 [main] DEBUG org.dbunit.database.search.AbstractMetaDataBasedSearchCallback  - getNodes(type=1, node=SCOPEDCONTENTCONDITIONS_SCOPEDCONTENTITEM, conn=Transaction-aware proxy for target Connection [jdbc:hsqldb:mem:kontrollDS, UserName=sw, HSQL Database Engine Driver], schema=null, metaData=org.apache.commons.dbcp.DelegatingDatabaseMetaData@34445930, edges=[]) - start
170198 [main] DEBUG org.dbunit.database.search.AbstractMetaDataBasedSearchCallback  - Getting edges for node SCOPEDCONTENTCONDITIONS_SCOPEDCONTENTITEM
170198 [main] TRACE org.dbunit.database.DatabaseConfig  - getProperty(name=http://www.dbunit.org/properties/metadataHandler) - start
170198 [main] TRACE org.dbunit.database.DefaultMetadataHandler  - tableExists(metaData=org.apache.commons.dbcp.DelegatingDatabaseMetaData@34445930, schemaName=null, tableName=SCOPEDCONTENTCONDITIONS_SCOPEDCONTENTITEM) - start
170199 [main] DEBUG org.dbunit.util.SQLHelper  - close(resultSet=org.apache.commons.dbcp.DelegatingResultSet@458cdbac) - start
170199 [main] DEBUG org.dbunit.util.SQLHelper  - close(resultSet=org.apache.commons.dbcp.DelegatingResultSet@4e4dc7e7) - start
170199 [main] DEBUG org.dbunit.util.search.DepthFirstSearch  - reverseSearch:SCOPEDCONTENT_SCOPEDCONTENTITEM
170199 [main] DEBUG org.dbunit.database.search.ExportedKeysSearchCallback  - searchNode(node=SCOPEDCONTENT_SCOPEDCONTENTITEM) - start
170199 [main] DEBUG org.dbunit.util.search.DepthFirstSearch  - Pushing (reverse) SCOPEDCONTENT_SCOPEDCONTENTITEM
170199 [main] DEBUG org.dbunit.util.search.DepthFirstSearch  - search:SCOPEDCONTENTCONDITIONS_SCOPEDCONTENTITEM
170199 [main] DEBUG org.dbunit.database.search.ExportedKeysSearchCallback  - searchNode(node=SCOPEDCONTENTCONDITIONS_SCOPEDCONTENTITEM) - start
170199 [main] DEBUG org.dbunit.util.search.DepthFirstSearch  - Pushing SCOPEDCONTENTCONDITIONS_SCOPEDCONTENTITEM
170199 [main] DEBUG org.dbunit.database.search.ExportedKeysSearchCallback  - getEdges(node=SCOPEDCONTENTCONDITIONS_SCOPEDCONTENTITEM) - start
170199 [main] DEBUG org.dbunit.database.search.AbstractMetaDataBasedSearchCallback  - getNodesFromExportedKeys(node=SCOPEDCONTENTCONDITIONS_SCOPEDCONTENTITEM) - start
170199 [main] DEBUG org.dbunit.database.search.AbstractMetaDataBasedSearchCallback  - getNodes(type=1, node=SCOPEDCONTENTCONDITIONS_SCOPEDCONTENTITEM) - start
170199 [main] DEBUG org.dbunit.database.DatabaseDataSourceConnection  - getConnection() - start
170199 [main] DEBUG org.dbunit.database.search.AbstractMetaDataBasedSearchCallback  - getNodes(type=1, node=SCOPEDCONTENTCONDITIONS_SCOPEDCONTENTITEM, conn=Transaction-aware proxy for target Connection [jdbc:hsqldb:mem:kontrollDS, UserName=sw, HSQL Database Engine Driver], schema=null, metaData=org.apache.commons.dbcp.DelegatingDatabaseMetaData@547f36da, edges=[]) - start
170199 [main] DEBUG org.dbunit.database.search.AbstractMetaDataBasedSearchCallback  - Getting edges for node SCOPEDCONTENTCONDITIONS_SCOPEDCONTENTITEM
170199 [main] TRACE org.dbunit.database.DatabaseConfig  - getProperty(name=http://www.dbunit.org/properties/metadataHandler) - start
170199 [main] TRACE org.dbunit.database.DefaultMetadataHandler  - tableExists(metaData=org.apache.commons.dbcp.DelegatingDatabaseMetaData@547f36da, schemaName=null, tableName=SCOPEDCONTENTCONDITIONS_SCOPEDCONTENTITEM) - start
170200 [main] DEBUG org.dbunit.util.SQLHelper  - close(resultSet=org.apache.commons.dbcp.DelegatingResultSet@638959ad) - start
170200 [main] DEBUG org.dbunit.util.SQLHelper  - close(resultSet=org.apache.commons.dbcp.DelegatingResultSet@2654608a) - start
170200 [main] DEBUG org.dbunit.util.search.DepthFirstSearch  - Adding node SCOPEDCONTENTCONDITIONS_SCOPEDCONTENTITEM to the final result
170200 [main] DEBUG org.dbunit.util.search.DepthFirstSearch  - search:SCOPEDCONTENT_SCOPEDCONTENTITEM
170200 [main] DEBUG org.dbunit.database.search.ExportedKeysSearchCallback  - searchNode(node=SCOPEDCONTENT_SCOPEDCONTENTITEM) - start
170201 [main] DEBUG org.dbunit.util.search.DepthFirstSearch  - Pushing SCOPEDCONTENT_SCOPEDCONTENTITEM
170201 [main] DEBUG org.dbunit.database.search.ExportedKeysSearchCallback  - getEdges(node=SCOPEDCONTENT_SCOPEDCONTENTITEM) - start
170201 [main] DEBUG org.dbunit.database.search.AbstractMetaDataBasedSearchCallback  - getNodesFromExportedKeys(node=SCOPEDCONTENT_SCOPEDCONTENTITEM) - start
170201 [main] DEBUG org.dbunit.database.search.AbstractMetaDataBasedSearchCallback  - getNodes(type=1, node=SCOPEDCONTENT_SCOPEDCONTENTITEM) - start
170201 [main] DEBUG org.dbunit.database.DatabaseDataSourceConnection  - getConnection() - start
170201 [main] DEBUG org.dbunit.database.search.AbstractMetaDataBasedSearchCallback  - getNodes(type=1, node=SCOPEDCONTENT_SCOPEDCONTENTITEM, conn=Transaction-aware proxy for target Connection [jdbc:hsqldb:mem:kontrollDS, UserName=sw, HSQL Database Engine Driver], schema=null, metaData=org.apache.commons.dbcp.DelegatingDatabaseMetaData@6d8e17ae, edges=[]) - start
170201 [main] DEBUG org.dbunit.database.search.AbstractMetaDataBasedSearchCallback  - Getting edges for node SCOPEDCONTENT_SCOPEDCONTENTITEM
170201 [main] TRACE org.dbunit.database.DatabaseConfig  - getProperty(name=http://www.dbunit.org/properties/metadataHandler) - start
170201 [main] TRACE org.dbunit.database.DefaultMetadataHandler  - tableExists(metaData=org.apache.commons.dbcp.DelegatingDatabaseMetaData@6d8e17ae, schemaName=null, tableName=SCOPEDCONTENT_SCOPEDCONTENTITEM) - start
170202 [main] DEBUG org.dbunit.util.SQLHelper  - close(resultSet=org.apache.commons.dbcp.DelegatingResultSet@dfed5c6) - start
170202 [main] DEBUG org.dbunit.util.SQLHelper  - close(resultSet=org.apache.commons.dbcp.DelegatingResultSet@7eb1629d) - start
170202 [main] DEBUG org.dbunit.util.search.DepthFirstSearch  - Adding node SCOPEDCONTENT_SCOPEDCONTENTITEM to the final result
170202 [main] DEBUG org.dbunit.util.search.DepthFirstSearch  - search:SCOPEDCONTENTITEM
170202 [main] DEBUG org.dbunit.database.search.ExportedKeysSearchCallback  - searchNode(node=SCOPEDCONTENTITEM) - start
170202 [main] DEBUG org.dbunit.util.search.DepthFirstSearch  - Pushing SCOPEDCONTENTITEM
170202 [main] DEBUG org.dbunit.database.search.ExportedKeysSearchCallback  - getEdges(node=SCOPEDCONTENTITEM) - start
170202 [main] DEBUG org.dbunit.database.search.AbstractMetaDataBasedSearchCallback  - getNodesFromExportedKeys(node=SCOPEDCONTENTITEM) - start
170202 [main] DEBUG org.dbunit.database.search.AbstractMetaDataBasedSearchCallback  - getNodes(type=1, node=SCOPEDCONTENTITEM) - start
170202 [main] DEBUG org.dbunit.database.DatabaseDataSourceConnection  - getConnection() - start
170202 [main] DEBUG org.dbunit.database.search.AbstractMetaDataBasedSearchCallback  - getNodes(type=1, node=SCOPEDCONTENTITEM, conn=Transaction-aware proxy for target Connection [jdbc:hsqldb:mem:kontrollDS, UserName=sw, HSQL Database Engine Driver], schema=null, metaData=org.apache.commons.dbcp.DelegatingDatabaseMetaData@2fc17266, edges=[]) - start
170202 [main] DEBUG org.dbunit.database.search.AbstractMetaDataBasedSearchCallback  - Getting edges for node SCOPEDCONTENTITEM
170202 [main] TRACE org.dbunit.database.DatabaseConfig  - getProperty(name=http://www.dbunit.org/properties/metadataHandler) - start
170202 [main] TRACE org.dbunit.database.DefaultMetadataHandler  - tableExists(metaData=org.apache.commons.dbcp.DelegatingDatabaseMetaData@2fc17266, schemaName=null, tableName=SCOPEDCONTENTITEM) - start
170203 [main] DEBUG org.dbunit.util.SQLHelper  - close(resultSet=org.apache.commons.dbcp.DelegatingResultSet@5093e9bb) - start
170203 [main] DEBUG org.dbunit.util.QualifiedTableName  - getQualifiedNameIfEnabled(config=org.dbunit.database.DatabaseConfig[, _propertyMap={http://www.dbunit.org/properties/statementFactory=org.dbunit.database.statement.PreparedStatementFactory@626bc2b8, http://www.dbunit.org/features/caseSensitiveTableNames=false, http://www.dbunit.org/properties/fetchSize=100, http://www.dbunit.org/features/batchedStatements=false, http://www.dbunit.org/properties/metadataHandler=org.dbunit.database.DefaultMetadataHandler@62baffef, http://www.dbunit.org/properties/datatypeFactory=org.dbunit.dataset.datatype.DefaultDataTypeFactory[_toleratedDeltaMap=org.dbunit.dataset.datatype.ToleratedDeltaMap@6452310a], http://www.dbunit.org/properties/escapePattern=null, http://www.dbunit.org/properties/batchSize=100, http://www.dbunit.org/features/qualifiedTableNames=false, http://www.dbunit.org/properties/tableType=[Ljava.lang.String;@5011bafa, http://www.dbunit.org/properties/resultSetTableFactory=org.dbunit.database.CachedResultSetTableFactory@10bcf083, http://www.dbunit.org/features/datatypeWarning=true}]) - start
170203 [main] TRACE org.dbunit.database.DatabaseConfig  - getFeature(name=http://www.dbunit.org/features/qualifiedTableNames) - start
170204 [main] TRACE org.dbunit.database.DatabaseConfig  - getProperty(name=http://www.dbunit.org/features/qualifiedTableNames) - start
170204 [main] DEBUG org.dbunit.util.QualifiedTableName  - Qualified table names feature is disabled. Returning plain table name
170204 [main] DEBUG org.dbunit.util.QualifiedTableName  - getQualifiedName(prefix=null, name=SCOPEDCONTENTITEM, escapePattern=null) - start
170204 [main] DEBUG org.dbunit.util.QualifiedTableName  - getQualifiedNameIfEnabled(config=org.dbunit.database.DatabaseConfig[, _propertyMap={http://www.dbunit.org/properties/statementFactory=org.dbunit.database.statement.PreparedStatementFactory@626bc2b8, http://www.dbunit.org/features/caseSensitiveTableNames=false, http://www.dbunit.org/properties/fetchSize=100, http://www.dbunit.org/features/batchedStatements=false, http://www.dbunit.org/properties/metadataHandler=org.dbunit.database.DefaultMetadataHandler@62baffef, http://www.dbunit.org/properties/datatypeFactory=org.dbunit.dataset.datatype.DefaultDataTypeFactory[_toleratedDeltaMap=org.dbunit.dataset.datatype.ToleratedDeltaMap@6452310a], http://www.dbunit.org/properties/escapePattern=null, http://www.dbunit.org/properties/batchSize=100, http://www.dbunit.org/features/qualifiedTableNames=false, http://www.dbunit.org/properties/tableType=[Ljava.lang.String;@5011bafa, http://www.dbunit.org/properties/resultSetTableFactory=org.dbunit.database.CachedResultSetTableFactory@10bcf083, http://www.dbunit.org/features/datatypeWarning=true}]) - start
170204 [main] TRACE org.dbunit.database.DatabaseConfig  - getFeature(name=http://www.dbunit.org/features/qualifiedTableNames) - start
170204 [main] TRACE org.dbunit.database.DatabaseConfig  - getProperty(name=http://www.dbunit.org/features/qualifiedTableNames) - start
170204 [main] DEBUG org.dbunit.util.QualifiedTableName  - Qualified table names feature is disabled. Returning plain table name
170204 [main] DEBUG org.dbunit.util.QualifiedTableName  - getQualifiedName(prefix=null, name=SCOPEDCONTENTCONDITIONS_SCOPEDCONTENTITEM, escapePattern=null) - start
170204 [main] DEBUG org.dbunit.database.search.AbstractMetaDataBasedSearchCallback  - newEdge(rs=org.apache.commons.dbcp.DelegatingResultSet@7b1ec0a7, type=1, from=SCOPEDCONTENTITEM, to=SCOPEDCONTENTCONDITIONS_SCOPEDCONTENTITEM, fkColumn=SCOPED_CONTENT_ITEM_ID, pkColumn=ID) - start
170204 [main] DEBUG org.dbunit.database.search.AbstractMetaDataBasedSearchCallback  - createFKEdge(rs=org.apache.commons.dbcp.DelegatingResultSet@7b1ec0a7, type=1, from=SCOPEDCONTENTITEM, to=SCOPEDCONTENTCONDITIONS_SCOPEDCONTENTITEM, fkColumn=SCOPED_CONTENT_ITEM_ID, pkColumn=ID) - start
170204 [main] DEBUG org.dbunit.database.search.AbstractMetaDataBasedSearchCallback  - Adding edge SCOPEDCONTENTCONDITIONS_SCOPEDCONTENTITEM(SCOPED_CONTENT_ITEM_ID)->SCOPEDCONTENTITEM(ID)
170204 [main] DEBUG org.dbunit.util.search.Edge  - compareTo(o=SCOPEDCONTENTCONDITIONS_SCOPEDCONTENTITEM(SCOPED_CONTENT_ITEM_ID)->SCOPEDCONTENTITEM(ID)) - start
170204 [main] DEBUG org.dbunit.util.QualifiedTableName  - getQualifiedNameIfEnabled(config=org.dbunit.database.DatabaseConfig[, _propertyMap={http://www.dbunit.org/properties/statementFactory=org.dbunit.database.statement.PreparedStatementFactory@626bc2b8, http://www.dbunit.org/features/caseSensitiveTableNames=false, http://www.dbunit.org/properties/fetchSize=100, http://www.dbunit.org/features/batchedStatements=false, http://www.dbunit.org/properties/metadataHandler=org.dbunit.database.DefaultMetadataHandler@62baffef, http://www.dbunit.org/properties/datatypeFactory=org.dbunit.dataset.datatype.DefaultDataTypeFactory[_toleratedDeltaMap=org.dbunit.dataset.datatype.ToleratedDeltaMap@6452310a], http://www.dbunit.org/properties/escapePattern=null, http://www.dbunit.org/properties/batchSize=100, http://www.dbunit.org/features/qualifiedTableNames=false, http://www.dbunit.org/properties/tableType=[Ljava.lang.String;@5011bafa, http://www.dbunit.org/properties/resultSetTableFactory=org.dbunit.database.CachedResultSetTableFactory@10bcf083, http://www.dbunit.org/features/datatypeWarning=true}]) - start
170204 [main] TRACE org.dbunit.database.DatabaseConfig  - getFeature(name=http://www.dbunit.org/features/qualifiedTableNames) - start
170204 [main] TRACE org.dbunit.database.DatabaseConfig  - getProperty(name=http://www.dbunit.org/features/qualifiedTableNames) - start
170204 [main] DEBUG org.dbunit.util.QualifiedTableName  - Qualified table names feature is disabled. Returning plain table name
170204 [main] DEBUG org.dbunit.util.QualifiedTableName  - getQualifiedName(prefix=null, name=SCOPEDCONTENTITEM, escapePattern=null) - start
170204 [main] DEBUG org.dbunit.util.QualifiedTableName  - getQualifiedNameIfEnabled(config=org.dbunit.database.DatabaseConfig[, _propertyMap={http://www.dbunit.org/properties/statementFactory=org.dbunit.database.statement.PreparedStatementFactory@626bc2b8, http://www.dbunit.org/features/caseSensitiveTableNames=false, http://www.dbunit.org/properties/fetchSize=100, http://www.dbunit.org/features/batchedStatements=false, http://www.dbunit.org/properties/metadataHandler=org.dbunit.database.DefaultMetadataHandler@62baffef, http://www.dbunit.org/properties/datatypeFactory=org.dbunit.dataset.datatype.DefaultDataTypeFactory[_toleratedDeltaMap=org.dbunit.dataset.datatype.ToleratedDeltaMap@6452310a], http://www.dbunit.org/properties/escapePattern=null, http://www.dbunit.org/properties/batchSize=100, http://www.dbunit.org/features/qualifiedTableNames=false, http://www.dbunit.org/properties/tableType=[Ljava.lang.String;@5011bafa, http://www.dbunit.org/properties/resultSetTableFactory=org.dbunit.database.CachedResultSetTableFactory@10bcf083, http://www.dbunit.org/features/datatypeWarning=true}]) - start
170204 [main] TRACE org.dbunit.database.DatabaseConfig  - getFeature(name=http://www.dbunit.org/features/qualifiedTableNames) - start
170204 [main] TRACE org.dbunit.database.DatabaseConfig  - getProperty(name=http://www.dbunit.org/features/qualifiedTableNames) - start
170204 [main] DEBUG org.dbunit.util.QualifiedTableName  - Qualified table names feature is disabled. Returning plain table name
170204 [main] DEBUG org.dbunit.util.QualifiedTableName  - getQualifiedName(prefix=null, name=SCOPEDCONTENT_SCOPEDCONTENTITEM, escapePattern=null) - start
170204 [main] DEBUG org.dbunit.database.search.AbstractMetaDataBasedSearchCallback  - newEdge(rs=org.apache.commons.dbcp.DelegatingResultSet@7b1ec0a7, type=1, from=SCOPEDCONTENTITEM, to=SCOPEDCONTENT_SCOPEDCONTENTITEM, fkColumn=SCOPED_CONTENT_ID, pkColumn=ID) - start
170204 [main] DEBUG org.dbunit.database.search.AbstractMetaDataBasedSearchCallback  - createFKEdge(rs=org.apache.commons.dbcp.DelegatingResultSet@7b1ec0a7, type=1, from=SCOPEDCONTENTITEM, to=SCOPEDCONTENT_SCOPEDCONTENTITEM, fkColumn=SCOPED_CONTENT_ID, pkColumn=ID) - start
170204 [main] DEBUG org.dbunit.database.search.AbstractMetaDataBasedSearchCallback  - Adding edge SCOPEDCONTENT_SCOPEDCONTENTITEM(SCOPED_CONTENT_ID)->SCOPEDCONTENTITEM(ID)
170205 [main] DEBUG org.dbunit.util.search.Edge  - compareTo(o=SCOPEDCONTENTCONDITIONS_SCOPEDCONTENTITEM(SCOPED_CONTENT_ITEM_ID)->SCOPEDCONTENTITEM(ID)) - start
170205 [main] DEBUG org.dbunit.util.SQLHelper  - close(resultSet=org.apache.commons.dbcp.DelegatingResultSet@7b1ec0a7) - start
170205 [main] DEBUG org.dbunit.util.search.DepthFirstSearch  - search:SCOPEDCONTENTITEM
170205 [main] DEBUG org.dbunit.util.search.DepthFirstSearch  - already searched; returning true
170205 [main] DEBUG org.dbunit.util.search.DepthFirstSearch  - search:SCOPEDCONTENTITEM
170205 [main] DEBUG org.dbunit.util.search.DepthFirstSearch  - already searched; returning true
170205 [main] DEBUG org.dbunit.util.search.DepthFirstSearch  - Adding node SCOPEDCONTENTITEM to the final result
170205 [main] DEBUG org.dbunit.database.search.TablesDependencyHelper  - getDirectDependentTables(connection=_databaseConfig=org.dbunit.database.DatabaseConfig[, _propertyMap={http://www.dbunit.org/properties/statementFactory=org.dbunit.database.statement.PreparedStatementFactory@626bc2b8, http://www.dbunit.org/features/caseSensitiveTableNames=false, http://www.dbunit.org/properties/fetchSize=100, http://www.dbunit.org/features/batchedStatements=false, http://www.dbunit.org/properties/metadataHandler=org.dbunit.database.DefaultMetadataHandler@62baffef, http://www.dbunit.org/properties/datatypeFactory=org.dbunit.dataset.datatype.DefaultDataTypeFactory[_toleratedDeltaMap=org.dbunit.dataset.datatype.ToleratedDeltaMap@6452310a], http://www.dbunit.org/properties/escapePattern=null, http://www.dbunit.org/properties/batchSize=100, http://www.dbunit.org/features/qualifiedTableNames=false, http://www.dbunit.org/properties/tableType=[Ljava.lang.String;@5011bafa, http://www.dbunit.org/properties/resultSetTableFactory=org.dbunit.database.CachedResultSetTableFactory@10bcf083, http://www.dbunit.org/features/datatypeWarning=true}], _dataSet=AbstractDataSet[_orderedTableNameMap=null], tableName=SCOPEDCONTENTITEM) - start
170205 [main] DEBUG org.dbunit.util.search.DepthFirstSearch  - search(nodesFrom=[SCOPEDCONTENTITEM], callback=org.dbunit.database.search.ImportedKeysSearchCallback@6b651b67) - start
170205 [main] DEBUG org.dbunit.util.CollectionsHelper  - objectsToSet(objects=SCOPEDCONTENTITEM) - start
170205 [main] DEBUG org.dbunit.util.search.DepthFirstSearch  - search(nodesFrom=[SCOPEDCONTENTITEM], callback=org.dbunit.database.search.ImportedKeysSearchCallback@6b651b67) - start
170205 [main] DEBUG org.dbunit.util.search.DepthFirstSearch  - reverseSearch:SCOPEDCONTENTITEM
170205 [main] DEBUG org.dbunit.database.search.ImportedKeysSearchCallback  - searchNode(node=SCOPEDCONTENTITEM) - start
170205 [main] DEBUG org.dbunit.util.search.DepthFirstSearch  - Pushing (reverse) SCOPEDCONTENTITEM
170205 [main] DEBUG org.dbunit.database.search.ImportedKeysSearchCallback  - getEdges(node=SCOPEDCONTENTITEM) - start
170205 [main] DEBUG org.dbunit.database.search.AbstractMetaDataBasedSearchCallback  - getNodesFromImportedKeys(node=SCOPEDCONTENTITEM) - start
170205 [main] DEBUG org.dbunit.database.search.AbstractMetaDataBasedSearchCallback  - getNodes(type=0, node=SCOPEDCONTENTITEM) - start
170205 [main] DEBUG org.dbunit.database.DatabaseDataSourceConnection  - getConnection() - start
170205 [main] DEBUG org.dbunit.database.search.AbstractMetaDataBasedSearchCallback  - getNodes(type=0, node=SCOPEDCONTENTITEM, conn=Transaction-aware proxy for target Connection [jdbc:hsqldb:mem:kontrollDS, UserName=sw, HSQL Database Engine Driver], schema=null, metaData=org.apache.commons.dbcp.DelegatingDatabaseMetaData@3aea3e46, edges=[]) - start
170205 [main] DEBUG org.dbunit.database.search.AbstractMetaDataBasedSearchCallback  - Getting edges for node SCOPEDCONTENTITEM
170205 [main] TRACE org.dbunit.database.DatabaseConfig  - getProperty(name=http://www.dbunit.org/properties/metadataHandler) - start
170205 [main] TRACE org.dbunit.database.DefaultMetadataHandler  - tableExists(metaData=org.apache.commons.dbcp.DelegatingDatabaseMetaData@3aea3e46, schemaName=null, tableName=SCOPEDCONTENTITEM) - start
170206 [main] DEBUG org.dbunit.util.SQLHelper  - close(resultSet=org.apache.commons.dbcp.DelegatingResultSet@7ee45e6f) - start
170207 [main] DEBUG org.dbunit.util.SQLHelper  - close(resultSet=org.apache.commons.dbcp.DelegatingResultSet@23dcf889) - start
170207 [main] DEBUG org.dbunit.util.search.DepthFirstSearch  - search:SCOPEDCONTENTITEM
170207 [main] DEBUG org.dbunit.database.search.ImportedKeysSearchCallback  - searchNode(node=SCOPEDCONTENTITEM) - start
170207 [main] DEBUG org.dbunit.util.search.DepthFirstSearch  - Pushing SCOPEDCONTENTITEM
170207 [main] DEBUG org.dbunit.database.search.ImportedKeysSearchCallback  - getEdges(node=SCOPEDCONTENTITEM) - start
170207 [main] DEBUG org.dbunit.database.search.AbstractMetaDataBasedSearchCallback  - getNodesFromImportedKeys(node=SCOPEDCONTENTITEM) - start
170207 [main] DEBUG org.dbunit.database.search.AbstractMetaDataBasedSearchCallback  - getNodes(type=0, node=SCOPEDCONTENTITEM) - start
170207 [main] DEBUG org.dbunit.database.DatabaseDataSourceConnection  - getConnection() - start
170207 [main] DEBUG org.dbunit.database.search.AbstractMetaDataBasedSearchCallback  - getNodes(type=0, node=SCOPEDCONTENTITEM, conn=Transaction-aware proxy for target Connection [jdbc:hsqldb:mem:kontrollDS, UserName=sw, HSQL Database Engine Driver], schema=null, metaData=org.apache.commons.dbcp.DelegatingDatabaseMetaData@40fcc4, edges=[]) - start
170207 [main] DEBUG org.dbunit.database.search.AbstractMetaDataBasedSearchCallback  - Getting edges for node SCOPEDCONTENTITEM
170207 [main] TRACE org.dbunit.database.DatabaseConfig  - getProperty(name=http://www.dbunit.org/properties/metadataHandler) - start
170207 [main] TRACE org.dbunit.database.DefaultMetadataHandler  - tableExists(metaData=org.apache.commons.dbcp.DelegatingDatabaseMetaData@40fcc4, schemaName=null, tableName=SCOPEDCONTENTITEM) - start
170208 [main] DEBUG org.dbunit.util.SQLHelper  - close(resultSet=org.apache.commons.dbcp.DelegatingResultSet@252e8e1) - start
170208 [main] DEBUG org.dbunit.util.SQLHelper  - close(resultSet=org.apache.commons.dbcp.DelegatingResultSet@3534769c) - start
170208 [main] DEBUG org.dbunit.util.search.DepthFirstSearch  - Adding node SCOPEDCONTENTITEM to the final result
170208 [main] DEBUG org.dbunit.database.DatabaseSequenceFilter  - getDependencyInfo(connection=_databaseConfig=org.dbunit.database.DatabaseConfig[, _propertyMap={http://www.dbunit.org/properties/statementFactory=org.dbunit.database.statement.PreparedStatementFactory@626bc2b8, http://www.dbunit.org/features/caseSensitiveTableNames=false, http://www.dbunit.org/properties/fetchSize=100, http://www.dbunit.org/features/batchedStatements=false, http://www.dbunit.org/properties/metadataHandler=org.dbunit.database.DefaultMetadataHandler@62baffef, http://www.dbunit.org/properties/datatypeFactory=org.dbunit.dataset.datatype.DefaultDataTypeFactory[_toleratedDeltaMap=org.dbunit.dataset.datatype.ToleratedDeltaMap@6452310a], http://www.dbunit.org/properties/escapePattern=null, http://www.dbunit.org/properties/batchSize=100, http://www.dbunit.org/features/qualifiedTableNames=false, http://www.dbunit.org/properties/tableType=[Ljava.lang.String;@5011bafa, http://www.dbunit.org/properties/resultSetTableFactory=org.dbunit.database.CachedResultSetTableFactory@10bcf083, http://www.dbunit.org/features/datatypeWarning=true}], _dataSet=AbstractDataSet[_orderedTableNameMap=null], tableName=SCOPEDCONTENT_SCOPEDCONTENTITEM) - start
170208 [main] DEBUG org.dbunit.database.search.TablesDependencyHelper  - getDependentTables(connection=_databaseConfig=org.dbunit.database.DatabaseConfig[, _propertyMap={http://www.dbunit.org/properties/statementFactory=org.dbunit.database.statement.PreparedStatementFactory@626bc2b8, http://www.dbunit.org/features/caseSensitiveTableNames=false, http://www.dbunit.org/properties/fetchSize=100, http://www.dbunit.org/features/batchedStatements=false, http://www.dbunit.org/properties/metadataHandler=org.dbunit.database.DefaultMetadataHandler@62baffef, http://www.dbunit.org/properties/datatypeFactory=org.dbunit.dataset.datatype.DefaultDataTypeFactory[_toleratedDeltaMap=org.dbunit.dataset.datatype.ToleratedDeltaMap@6452310a], http://www.dbunit.org/properties/escapePattern=null, http://www.dbunit.org/properties/batchSize=100, http://www.dbunit.org/features/qualifiedTableNames=false, http://www.dbunit.org/properties/tableType=[Ljava.lang.String;@5011bafa, http://www.dbunit.org/properties/resultSetTableFactory=org.dbunit.database.CachedResultSetTableFactory@10bcf083, http://www.dbunit.org/features/datatypeWarning=true}], _dataSet=AbstractDataSet[_orderedTableNameMap=null], rootTable=SCOPEDCONTENT_SCOPEDCONTENTITEM) - start
170208 [main] DEBUG org.dbunit.database.search.TablesDependencyHelper  - getDependentTables(connection=_databaseConfig=org.dbunit.database.DatabaseConfig[, _propertyMap={http://www.dbunit.org/properties/statementFactory=org.dbunit.database.statement.PreparedStatementFactory@626bc2b8, http://www.dbunit.org/features/caseSensitiveTableNames=false, http://www.dbunit.org/properties/fetchSize=100, http://www.dbunit.org/features/batchedStatements=false, http://www.dbunit.org/properties/metadataHandler=org.dbunit.database.DefaultMetadataHandler@62baffef, http://www.dbunit.org/properties/datatypeFactory=org.dbunit.dataset.datatype.DefaultDataTypeFactory[_toleratedDeltaMap=org.dbunit.dataset.datatype.ToleratedDeltaMap@6452310a], http://www.dbunit.org/properties/escapePattern=null, http://www.dbunit.org/properties/batchSize=100, http://www.dbunit.org/features/qualifiedTableNames=false, http://www.dbunit.org/properties/tableType=[Ljava.lang.String;@5011bafa, http://www.dbunit.org/properties/resultSetTableFactory=org.dbunit.database.CachedResultSetTableFactory@10bcf083, http://www.dbunit.org/features/datatypeWarning=true}], _dataSet=AbstractDataSet[_orderedTableNameMap=null], rootTables=[SCOPEDCONTENT_SCOPEDCONTENTITEM]) - start
170209 [main] DEBUG org.dbunit.util.search.DepthFirstSearch  - search(nodesFrom=[SCOPEDCONTENT_SCOPEDCONTENTITEM], callback=org.dbunit.database.search.ImportedKeysSearchCallback@66aa9be5) - start
170209 [main] DEBUG org.dbunit.util.CollectionsHelper  - objectsToSet(objects=SCOPEDCONTENT_SCOPEDCONTENTITEM) - start
170209 [main] DEBUG org.dbunit.util.search.DepthFirstSearch  - search(nodesFrom=[SCOPEDCONTENT_SCOPEDCONTENTITEM], callback=org.dbunit.database.search.ImportedKeysSearchCallback@66aa9be5) - start
170209 [main] DEBUG org.dbunit.util.search.DepthFirstSearch  - reverseSearch:SCOPEDCONTENT_SCOPEDCONTENTITEM
170209 [main] DEBUG org.dbunit.database.search.ImportedKeysSearchCallback  - searchNode(node=SCOPEDCONTENT_SCOPEDCONTENTITEM) - start
170209 [main] DEBUG org.dbunit.util.search.DepthFirstSearch  - Pushing (reverse) SCOPEDCONTENT_SCOPEDCONTENTITEM
170209 [main] DEBUG org.dbunit.database.search.ImportedKeysSearchCallback  - getEdges(node=SCOPEDCONTENT_SCOPEDCONTENTITEM) - start
170209 [main] DEBUG org.dbunit.database.search.AbstractMetaDataBasedSearchCallback  - getNodesFromImportedKeys(node=SCOPEDCONTENT_SCOPEDCONTENTITEM) - start
170209 [main] DEBUG org.dbunit.database.search.AbstractMetaDataBasedSearchCallback  - getNodes(type=0, node=SCOPEDCONTENT_SCOPEDCONTENTITEM) - start
170209 [main] DEBUG org.dbunit.database.DatabaseDataSourceConnection  - getConnection() - start
170209 [main] DEBUG org.dbunit.database.search.AbstractMetaDataBasedSearchCallback  - getNodes(type=0, node=SCOPEDCONTENT_SCOPEDCONTENTITEM, conn=Transaction-aware proxy for target Connection [jdbc:hsqldb:mem:kontrollDS, UserName=sw, HSQL Database Engine Driver], schema=null, metaData=org.apache.commons.dbcp.DelegatingDatabaseMetaData@4ae10c0b, edges=[]) - start
170209 [main] DEBUG org.dbunit.database.search.AbstractMetaDataBasedSearchCallback  - Getting edges for node SCOPEDCONTENT_SCOPEDCONTENTITEM
170209 [main] TRACE org.dbunit.database.DatabaseConfig  - getProperty(name=http://www.dbunit.org/properties/metadataHandler) - start
170209 [main] TRACE org.dbunit.database.DefaultMetadataHandler  - tableExists(metaData=org.apache.commons.dbcp.DelegatingDatabaseMetaData@4ae10c0b, schemaName=null, tableName=SCOPEDCONTENT_SCOPEDCONTENTITEM) - start
170210 [main] DEBUG org.dbunit.util.SQLHelper  - close(resultSet=org.apache.commons.dbcp.DelegatingResultSet@45a24897) - start
170210 [main] DEBUG org.dbunit.util.QualifiedTableName  - getQualifiedNameIfEnabled(config=org.dbunit.database.DatabaseConfig[, _propertyMap={http://www.dbunit.org/properties/statementFactory=org.dbunit.database.statement.PreparedStatementFactory@626bc2b8, http://www.dbunit.org/features/caseSensitiveTableNames=false, http://www.dbunit.org/properties/fetchSize=100, http://www.dbunit.org/features/batchedStatements=false, http://www.dbunit.org/properties/metadataHandler=org.dbunit.database.DefaultMetadataHandler@62baffef, http://www.dbunit.org/properties/datatypeFactory=org.dbunit.dataset.datatype.DefaultDataTypeFactory[_toleratedDeltaMap=org.dbunit.dataset.datatype.ToleratedDeltaMap@6452310a], http://www.dbunit.org/properties/escapePattern=null, http://www.dbunit.org/properties/batchSize=100, http://www.dbunit.org/features/qualifiedTableNames=false, http://www.dbunit.org/properties/tableType=[Ljava.lang.String;@5011bafa, http://www.dbunit.org/properties/resultSetTableFactory=org.dbunit.database.CachedResultSetTableFactory@10bcf083, http://www.dbunit.org/features/datatypeWarning=true}]) - start
170210 [main] TRACE org.dbunit.database.DatabaseConfig  - getFeature(name=http://www.dbunit.org/features/qualifiedTableNames) - start
170211 [main] TRACE org.dbunit.database.DatabaseConfig  - getProperty(name=http://www.dbunit.org/features/qualifiedTableNames) - start
170211 [main] DEBUG org.dbunit.util.QualifiedTableName  - Qualified table names feature is disabled. Returning plain table name
170211 [main] DEBUG org.dbunit.util.QualifiedTableName  - getQualifiedName(prefix=null, name=SCOPEDCONTENT_SCOPEDCONTENTITEM, escapePattern=null) - start
170211 [main] DEBUG org.dbunit.util.QualifiedTableName  - getQualifiedNameIfEnabled(config=org.dbunit.database.DatabaseConfig[, _propertyMap={http://www.dbunit.org/properties/statementFactory=org.dbunit.database.statement.PreparedStatementFactory@626bc2b8, http://www.dbunit.org/features/caseSensitiveTableNames=false, http://www.dbunit.org/properties/fetchSize=100, http://www.dbunit.org/features/batchedStatements=false, http://www.dbunit.org/properties/metadataHandler=org.dbunit.database.DefaultMetadataHandler@62baffef, http://www.dbunit.org/properties/datatypeFactory=org.dbunit.dataset.datatype.DefaultDataTypeFactory[_toleratedDeltaMap=org.dbunit.dataset.datatype.ToleratedDeltaMap@6452310a], http://www.dbunit.org/properties/escapePattern=null, http://www.dbunit.org/properties/batchSize=100, http://www.dbunit.org/features/qualifiedTableNames=false, http://www.dbunit.org/properties/tableType=[Ljava.lang.String;@5011bafa, http://www.dbunit.org/properties/resultSetTableFactory=org.dbunit.database.CachedResultSetTableFactory@10bcf083, http://www.dbunit.org/features/datatypeWarning=true}]) - start
170211 [main] TRACE org.dbunit.database.DatabaseConfig  - getFeature(name=http://www.dbunit.org/features/qualifiedTableNames) - start
170211 [main] TRACE org.dbunit.database.DatabaseConfig  - getProperty(name=http://www.dbunit.org/features/qualifiedTableNames) - start
170211 [main] DEBUG org.dbunit.util.QualifiedTableName  - Qualified table names feature is disabled. Returning plain table name
170211 [main] DEBUG org.dbunit.util.QualifiedTableName  - getQualifiedName(prefix=null, name=SCOPEDCONTENT, escapePattern=null) - start
170211 [main] DEBUG org.dbunit.database.search.AbstractMetaDataBasedSearchCallback  - newEdge(rs=org.apache.commons.dbcp.DelegatingResultSet@799b609b, type=0, from=SCOPEDCONTENT_SCOPEDCONTENTITEM, to=SCOPEDCONTENT, fkColumn=SCOPED_CONTENT_ITEM_ID, pkColumn=ID) - start
170211 [main] DEBUG org.dbunit.database.search.AbstractMetaDataBasedSearchCallback  - createFKEdge(rs=org.apache.commons.dbcp.DelegatingResultSet@799b609b, type=0, from=SCOPEDCONTENT_SCOPEDCONTENTITEM, to=SCOPEDCONTENT, fkColumn=SCOPED_CONTENT_ITEM_ID, pkColumn=ID) - start
170211 [main] DEBUG org.dbunit.database.search.AbstractMetaDataBasedSearchCallback  - Adding edge SCOPEDCONTENT_SCOPEDCONTENTITEM(SCOPED_CONTENT_ITEM_ID)->SCOPEDCONTENT(ID)
170211 [main] DEBUG org.dbunit.util.search.Edge  - compareTo(o=SCOPEDCONTENT_SCOPEDCONTENTITEM(SCOPED_CONTENT_ITEM_ID)->SCOPEDCONTENT(ID)) - start
170211 [main] DEBUG org.dbunit.util.QualifiedTableName  - getQualifiedNameIfEnabled(config=org.dbunit.database.DatabaseConfig[, _propertyMap={http://www.dbunit.org/properties/statementFactory=org.dbunit.database.statement.PreparedStatementFactory@626bc2b8, http://www.dbunit.org/features/caseSensitiveTableNames=false, http://www.dbunit.org/properties/fetchSize=100, http://www.dbunit.org/features/batchedStatements=false, http://www.dbunit.org/properties/metadataHandler=org.dbunit.database.DefaultMetadataHandler@62baffef, http://www.dbunit.org/properties/datatypeFactory=org.dbunit.dataset.datatype.DefaultDataTypeFactory[_toleratedDeltaMap=org.dbunit.dataset.datatype.ToleratedDeltaMap@6452310a], http://www.dbunit.org/properties/escapePattern=null, http://www.dbunit.org/properties/batchSize=100, http://www.dbunit.org/features/qualifiedTableNames=false, http://www.dbunit.org/properties/tableType=[Ljava.lang.String;@5011bafa, http://www.dbunit.org/properties/resultSetTableFactory=org.dbunit.database.CachedResultSetTableFactory@10bcf083, http://www.dbunit.org/features/datatypeWarning=true}]) - start
170211 [main] TRACE org.dbunit.database.DatabaseConfig  - getFeature(name=http://www.dbunit.org/features/qualifiedTableNames) - start
170211 [main] TRACE org.dbunit.database.DatabaseConfig  - getProperty(name=http://www.dbunit.org/features/qualifiedTableNames) - start
170211 [main] DEBUG org.dbunit.util.QualifiedTableName  - Qualified table names feature is disabled. Returning plain table name
170211 [main] DEBUG org.dbunit.util.QualifiedTableName  - getQualifiedName(prefix=null, name=SCOPEDCONTENT_SCOPEDCONTENTITEM, escapePattern=null) - start
170211 [main] DEBUG org.dbunit.util.QualifiedTableName  - getQualifiedNameIfEnabled(config=org.dbunit.database.DatabaseConfig[, _propertyMap={http://www.dbunit.org/properties/statementFactory=org.dbunit.database.statement.PreparedStatementFactory@626bc2b8, http://www.dbunit.org/features/caseSensitiveTableNames=false, http://www.dbunit.org/properties/fetchSize=100, http://www.dbunit.org/features/batchedStatements=false, http://www.dbunit.org/properties/metadataHandler=org.dbunit.database.DefaultMetadataHandler@62baffef, http://www.dbunit.org/properties/datatypeFactory=org.dbunit.dataset.datatype.DefaultDataTypeFactory[_toleratedDeltaMap=org.dbunit.dataset.datatype.ToleratedDeltaMap@6452310a], http://www.dbunit.org/properties/escapePattern=null, http://www.dbunit.org/properties/batchSize=100, http://www.dbunit.org/features/qualifiedTableNames=false, http://www.dbunit.org/properties/tableType=[Ljava.lang.String;@5011bafa, http://www.dbunit.org/properties/resultSetTableFactory=org.dbunit.database.CachedResultSetTableFactory@10bcf083, http://www.dbunit.org/features/datatypeWarning=true}]) - start
170211 [main] TRACE org.dbunit.database.DatabaseConfig  - getFeature(name=http://www.dbunit.org/features/qualifiedTableNames) - start
170211 [main] TRACE org.dbunit.database.DatabaseConfig  - getProperty(name=http://www.dbunit.org/features/qualifiedTableNames) - start
170211 [main] DEBUG org.dbunit.util.QualifiedTableName  - Qualified table names feature is disabled. Returning plain table name
170211 [main] DEBUG org.dbunit.util.QualifiedTableName  - getQualifiedName(prefix=null, name=SCOPEDCONTENTITEM, escapePattern=null) - start
170211 [main] DEBUG org.dbunit.database.search.AbstractMetaDataBasedSearchCallback  - newEdge(rs=org.apache.commons.dbcp.DelegatingResultSet@799b609b, type=0, from=SCOPEDCONTENT_SCOPEDCONTENTITEM, to=SCOPEDCONTENTITEM, fkColumn=SCOPED_CONTENT_ID, pkColumn=ID) - start
170211 [main] DEBUG org.dbunit.database.search.AbstractMetaDataBasedSearchCallback  - createFKEdge(rs=org.apache.commons.dbcp.DelegatingResultSet@799b609b, type=0, from=SCOPEDCONTENT_SCOPEDCONTENTITEM, to=SCOPEDCONTENTITEM, fkColumn=SCOPED_CONTENT_ID, pkColumn=ID) - start
170211 [main] DEBUG org.dbunit.database.search.AbstractMetaDataBasedSearchCallback  - Adding edge SCOPEDCONTENT_SCOPEDCONTENTITEM(SCOPED_CONTENT_ID)->SCOPEDCONTENTITEM(ID)
170211 [main] DEBUG org.dbunit.util.search.Edge  - compareTo(o=SCOPEDCONTENT_SCOPEDCONTENTITEM(SCOPED_CONTENT_ITEM_ID)->SCOPEDCONTENT(ID)) - start
170212 [main] DEBUG org.dbunit.util.SQLHelper  - close(resultSet=org.apache.commons.dbcp.DelegatingResultSet@799b609b) - start
170212 [main] DEBUG org.dbunit.util.search.DepthFirstSearch  - search:SCOPEDCONTENT_SCOPEDCONTENTITEM
170212 [main] DEBUG org.dbunit.database.search.ImportedKeysSearchCallback  - searchNode(node=SCOPEDCONTENT_SCOPEDCONTENTITEM) - start
170212 [main] DEBUG org.dbunit.util.search.DepthFirstSearch  - Pushing SCOPEDCONTENT_SCOPEDCONTENTITEM
170212 [main] DEBUG org.dbunit.database.search.ImportedKeysSearchCallback  - getEdges(node=SCOPEDCONTENT_SCOPEDCONTENTITEM) - start
170212 [main] DEBUG org.dbunit.database.search.AbstractMetaDataBasedSearchCallback  - getNodesFromImportedKeys(node=SCOPEDCONTENT_SCOPEDCONTENTITEM) - start
170212 [main] DEBUG org.dbunit.database.search.AbstractMetaDataBasedSearchCallback  - getNodes(type=0, node=SCOPEDCONTENT_SCOPEDCONTENTITEM) - start
170212 [main] DEBUG org.dbunit.database.DatabaseDataSourceConnection  - getConnection() - start
170212 [main] DEBUG org.dbunit.database.search.AbstractMetaDataBasedSearchCallback  - getNodes(type=0, node=SCOPEDCONTENT_SCOPEDCONTENTITEM, conn=Transaction-aware proxy for target Connection [jdbc:hsqldb:mem:kontrollDS, UserName=sw, HSQL Database Engine Driver], schema=null, metaData=org.apache.commons.dbcp.DelegatingDatabaseMetaData@47e39e7c, edges=[]) - start
170212 [main] DEBUG org.dbunit.database.search.AbstractMetaDataBasedSearchCallback  - Getting edges for node SCOPEDCONTENT_SCOPEDCONTENTITEM
170212 [main] TRACE org.dbunit.database.DatabaseConfig  - getProperty(name=http://www.dbunit.org/properties/metadataHandler) - start
170212 [main] TRACE org.dbunit.database.DefaultMetadataHandler  - tableExists(metaData=org.apache.commons.dbcp.DelegatingDatabaseMetaData@47e39e7c, schemaName=null, tableName=SCOPEDCONTENT_SCOPEDCONTENTITEM) - start
170213 [main] DEBUG org.dbunit.util.SQLHelper  - close(resultSet=org.apache.commons.dbcp.DelegatingResultSet@44d1033) - start
170213 [main] DEBUG org.dbunit.util.QualifiedTableName  - getQualifiedNameIfEnabled(config=org.dbunit.database.DatabaseConfig[, _propertyMap={http://www.dbunit.org/properties/statementFactory=org.dbunit.database.statement.PreparedStatementFactory@626bc2b8, http://www.dbunit.org/features/caseSensitiveTableNames=false, http://www.dbunit.org/properties/fetchSize=100, http://www.dbunit.org/features/batchedStatements=false, http://www.dbunit.org/properties/metadataHandler=org.dbunit.database.DefaultMetadataHandler@62baffef, http://www.dbunit.org/properties/datatypeFactory=org.dbunit.dataset.datatype.DefaultDataTypeFactory[_toleratedDeltaMap=org.dbunit.dataset.datatype.ToleratedDeltaMap@6452310a], http://www.dbunit.org/properties/escapePattern=null, http://www.dbunit.org/properties/batchSize=100, http://www.dbunit.org/features/qualifiedTableNames=false, http://www.dbunit.org/properties/tableType=[Ljava.lang.String;@5011bafa, http://www.dbunit.org/properties/resultSetTableFactory=org.dbunit.database.CachedResultSetTableFactory@10bcf083, http://www.dbunit.org/features/datatypeWarning=true}]) - start
170213 [main] TRACE org.dbunit.database.DatabaseConfig  - getFeature(name=http://www.dbunit.org/features/qualifiedTableNames) - start
170213 [main] TRACE org.dbunit.database.DatabaseConfig  - getProperty(name=http://www.dbunit.org/features/qualifiedTableNames) - start
170213 [main] DEBUG org.dbunit.util.QualifiedTableName  - Qualified table names feature is disabled. Returning plain table name
170213 [main] DEBUG org.dbunit.util.QualifiedTableName  - getQualifiedName(prefix=null, name=SCOPEDCONTENT_SCOPEDCONTENTITEM, escapePattern=null) - start
170213 [main] DEBUG org.dbunit.util.QualifiedTableName  - getQualifiedNameIfEnabled(config=org.dbunit.database.DatabaseConfig[, _propertyMap={http://www.dbunit.org/properties/statementFactory=org.dbunit.database.statement.PreparedStatementFactory@626bc2b8, http://www.dbunit.org/features/caseSensitiveTableNames=false, http://www.dbunit.org/properties/fetchSize=100, http://www.dbunit.org/features/batchedStatements=false, http://www.dbunit.org/properties/metadataHandler=org.dbunit.database.DefaultMetadataHandler@62baffef, http://www.dbunit.org/properties/datatypeFactory=org.dbunit.dataset.datatype.DefaultDataTypeFactory[_toleratedDeltaMap=org.dbunit.dataset.datatype.ToleratedDeltaMap@6452310a], http://www.dbunit.org/properties/escapePattern=null, http://www.dbunit.org/properties/batchSize=100, http://www.dbunit.org/features/qualifiedTableNames=false, http://www.dbunit.org/properties/tableType=[Ljava.lang.String;@5011bafa, http://www.dbunit.org/properties/resultSetTableFactory=org.dbunit.database.CachedResultSetTableFactory@10bcf083, http://www.dbunit.org/features/datatypeWarning=true}]) - start
170214 [main] TRACE org.dbunit.database.DatabaseConfig  - getFeature(name=http://www.dbunit.org/features/qualifiedTableNames) - start
170214 [main] TRACE org.dbunit.database.DatabaseConfig  - getProperty(name=http://www.dbunit.org/features/qualifiedTableNames) - start
170214 [main] DEBUG org.dbunit.util.QualifiedTableName  - Qualified table names feature is disabled. Returning plain table name
170214 [main] DEBUG org.dbunit.util.QualifiedTableName  - getQualifiedName(prefix=null, name=SCOPEDCONTENT, escapePattern=null) - start
170214 [main] DEBUG org.dbunit.database.search.AbstractMetaDataBasedSearchCallback  - newEdge(rs=org.apache.commons.dbcp.DelegatingResultSet@3d6aa2db, type=0, from=SCOPEDCONTENT_SCOPEDCONTENTITEM, to=SCOPEDCONTENT, fkColumn=SCOPED_CONTENT_ITEM_ID, pkColumn=ID) - start
170214 [main] DEBUG org.dbunit.database.search.AbstractMetaDataBasedSearchCallback  - createFKEdge(rs=org.apache.commons.dbcp.DelegatingResultSet@3d6aa2db, type=0, from=SCOPEDCONTENT_SCOPEDCONTENTITEM, to=SCOPEDCONTENT, fkColumn=SCOPED_CONTENT_ITEM_ID, pkColumn=ID) - start
170214 [main] DEBUG org.dbunit.database.search.AbstractMetaDataBasedSearchCallback  - Adding edge SCOPEDCONTENT_SCOPEDCONTENTITEM(SCOPED_CONTENT_ITEM_ID)->SCOPEDCONTENT(ID)
170214 [main] DEBUG org.dbunit.util.search.Edge  - compareTo(o=SCOPEDCONTENT_SCOPEDCONTENTITEM(SCOPED_CONTENT_ITEM_ID)->SCOPEDCONTENT(ID)) - start
170214 [main] DEBUG org.dbunit.util.QualifiedTableName  - getQualifiedNameIfEnabled(config=org.dbunit.database.DatabaseConfig[, _propertyMap={http://www.dbunit.org/properties/statementFactory=org.dbunit.database.statement.PreparedStatementFactory@626bc2b8, http://www.dbunit.org/features/caseSensitiveTableNames=false, http://www.dbunit.org/properties/fetchSize=100, http://www.dbunit.org/features/batchedStatements=false, http://www.dbunit.org/properties/metadataHandler=org.dbunit.database.DefaultMetadataHandler@62baffef, http://www.dbunit.org/properties/datatypeFactory=org.dbunit.dataset.datatype.DefaultDataTypeFactory[_toleratedDeltaMap=org.dbunit.dataset.datatype.ToleratedDeltaMap@6452310a], http://www.dbunit.org/properties/escapePattern=null, http://www.dbunit.org/properties/batchSize=100, http://www.dbunit.org/features/qualifiedTableNames=false, http://www.dbunit.org/properties/tableType=[Ljava.lang.String;@5011bafa, http://www.dbunit.org/properties/resultSetTableFactory=org.dbunit.database.CachedResultSetTableFactory@10bcf083, http://www.dbunit.org/features/datatypeWarning=true}]) - start
170214 [main] TRACE org.dbunit.database.DatabaseConfig  - getFeature(name=http://www.dbunit.org/features/qualifiedTableNames) - start
170214 [main] TRACE org.dbunit.database.DatabaseConfig  - getProperty(name=http://www.dbunit.org/features/qualifiedTableNames) - start
170214 [main] DEBUG org.dbunit.util.QualifiedTableName  - Qualified table names feature is disabled. Returning plain table name
170214 [main] DEBUG org.dbunit.util.QualifiedTableName  - getQualifiedName(prefix=null, name=SCOPEDCONTENT_SCOPEDCONTENTITEM, escapePattern=null) - start
170214 [main] DEBUG org.dbunit.util.QualifiedTableName  - getQualifiedNameIfEnabled(config=org.dbunit.database.DatabaseConfig[, _propertyMap={http://www.dbunit.org/properties/statementFactory=org.dbunit.database.statement.PreparedStatementFactory@626bc2b8, http://www.dbunit.org/features/caseSensitiveTableNames=false, http://www.dbunit.org/properties/fetchSize=100, http://www.dbunit.org/features/batchedStatements=false, http://www.dbunit.org/properties/metadataHandler=org.dbunit.database.DefaultMetadataHandler@62baffef, http://www.dbunit.org/properties/datatypeFactory=org.dbunit.dataset.datatype.DefaultDataTypeFactory[_toleratedDeltaMap=org.dbunit.dataset.datatype.ToleratedDeltaMap@6452310a], http://www.dbunit.org/properties/escapePattern=null, http://www.dbunit.org/properties/batchSize=100, http://www.dbunit.org/features/qualifiedTableNames=false, http://www.dbunit.org/properties/tableType=[Ljava.lang.String;@5011bafa, http://www.dbunit.org/properties/resultSetTableFactory=org.dbunit.database.CachedResultSetTableFactory@10bcf083, http://www.dbunit.org/features/datatypeWarning=true}]) - start
170214 [main] TRACE org.dbunit.database.DatabaseConfig  - getFeature(name=http://www.dbunit.org/features/qualifiedTableNames) - start
170214 [main] TRACE org.dbunit.database.DatabaseConfig  - getProperty(name=http://www.dbunit.org/features/qualifiedTableNames) - start
170214 [main] DEBUG org.dbunit.util.QualifiedTableName  - Qualified table names feature is disabled. Returning plain table name
170214 [main] DEBUG org.dbunit.util.QualifiedTableName  - getQualifiedName(prefix=null, name=SCOPEDCONTENTITEM, escapePattern=null) - start
170214 [main] DEBUG org.dbunit.database.search.AbstractMetaDataBasedSearchCallback  - newEdge(rs=org.apache.commons.dbcp.DelegatingResultSet@3d6aa2db, type=0, from=SCOPEDCONTENT_SCOPEDCONTENTITEM, to=SCOPEDCONTENTITEM, fkColumn=SCOPED_CONTENT_ID, pkColumn=ID) - start
170214 [main] DEBUG org.dbunit.database.search.AbstractMetaDataBasedSearchCallback  - createFKEdge(rs=org.apache.commons.dbcp.DelegatingResultSet@3d6aa2db, type=0, from=SCOPEDCONTENT_SCOPEDCONTENTITEM, to=SCOPEDCONTENTITEM, fkColumn=SCOPED_CONTENT_ID, pkColumn=ID) - start
170214 [main] DEBUG org.dbunit.database.search.AbstractMetaDataBasedSearchCallback  - Adding edge SCOPEDCONTENT_SCOPEDCONTENTITEM(SCOPED_CONTENT_ID)->SCOPEDCONTENTITEM(ID)
170214 [main] DEBUG org.dbunit.util.search.Edge  - compareTo(o=SCOPEDCONTENT_SCOPEDCONTENTITEM(SCOPED_CONTENT_ITEM_ID)->SCOPEDCONTENT(ID)) - start
170214 [main] DEBUG org.dbunit.util.SQLHelper  - close(resultSet=org.apache.commons.dbcp.DelegatingResultSet@3d6aa2db) - start
170214 [main] DEBUG org.dbunit.util.search.DepthFirstSearch  - search:SCOPEDCONTENT
170214 [main] DEBUG org.dbunit.database.search.ImportedKeysSearchCallback  - searchNode(node=SCOPEDCONTENT) - start
170214 [main] DEBUG org.dbunit.util.search.DepthFirstSearch  - Pushing SCOPEDCONTENT
170214 [main] DEBUG org.dbunit.database.search.ImportedKeysSearchCallback  - getEdges(node=SCOPEDCONTENT) - start
170214 [main] DEBUG org.dbunit.database.search.AbstractMetaDataBasedSearchCallback  - getNodesFromImportedKeys(node=SCOPEDCONTENT) - start
170215 [main] DEBUG org.dbunit.database.search.AbstractMetaDataBasedSearchCallback  - getNodes(type=0, node=SCOPEDCONTENT) - start
170215 [main] DEBUG org.dbunit.database.DatabaseDataSourceConnection  - getConnection() - start
170215 [main] DEBUG org.dbunit.database.search.AbstractMetaDataBasedSearchCallback  - getNodes(type=0, node=SCOPEDCONTENT, conn=Transaction-aware proxy for target Connection [jdbc:hsqldb:mem:kontrollDS, UserName=sw, HSQL Database Engine Driver], schema=null, metaData=org.apache.commons.dbcp.DelegatingDatabaseMetaData@23e9f75d, edges=[]) - start
170215 [main] DEBUG org.dbunit.database.search.AbstractMetaDataBasedSearchCallback  - Getting edges for node SCOPEDCONTENT
170215 [main] TRACE org.dbunit.database.DatabaseConfig  - getProperty(name=http://www.dbunit.org/properties/metadataHandler) - start
170215 [main] TRACE org.dbunit.database.DefaultMetadataHandler  - tableExists(metaData=org.apache.commons.dbcp.DelegatingDatabaseMetaData@23e9f75d, schemaName=null, tableName=SCOPEDCONTENT) - start
170216 [main] DEBUG org.dbunit.util.SQLHelper  - close(resultSet=org.apache.commons.dbcp.DelegatingResultSet@6dc44b2b) - start
170216 [main] DEBUG org.dbunit.util.QualifiedTableName  - getQualifiedNameIfEnabled(config=org.dbunit.database.DatabaseConfig[, _propertyMap={http://www.dbunit.org/properties/statementFactory=org.dbunit.database.statement.PreparedStatementFactory@626bc2b8, http://www.dbunit.org/features/caseSensitiveTableNames=false, http://www.dbunit.org/properties/fetchSize=100, http://www.dbunit.org/features/batchedStatements=false, http://www.dbunit.org/properties/metadataHandler=org.dbunit.database.DefaultMetadataHandler@62baffef, http://www.dbunit.org/properties/datatypeFactory=org.dbunit.dataset.datatype.DefaultDataTypeFactory[_toleratedDeltaMap=org.dbunit.dataset.datatype.ToleratedDeltaMap@6452310a], http://www.dbunit.org/properties/escapePattern=null, http://www.dbunit.org/properties/batchSize=100, http://www.dbunit.org/features/qualifiedTableNames=false, http://www.dbunit.org/properties/tableType=[Ljava.lang.String;@5011bafa, http://www.dbunit.org/properties/resultSetTableFactory=org.dbunit.database.CachedResultSetTableFactory@10bcf083, http://www.dbunit.org/features/datatypeWarning=true}]) - start
170216 [main] TRACE org.dbunit.database.DatabaseConfig  - getFeature(name=http://www.dbunit.org/features/qualifiedTableNames) - start
170216 [main] TRACE org.dbunit.database.DatabaseConfig  - getProperty(name=http://www.dbunit.org/features/qualifiedTableNames) - start
170216 [main] DEBUG org.dbunit.util.QualifiedTableName  - Qualified table names feature is disabled. Returning plain table name
170216 [main] DEBUG org.dbunit.util.QualifiedTableName  - getQualifiedName(prefix=null, name=SCOPEDCONTENT, escapePattern=null) - start
170216 [main] DEBUG org.dbunit.util.QualifiedTableName  - getQualifiedNameIfEnabled(config=org.dbunit.database.DatabaseConfig[, _propertyMap={http://www.dbunit.org/properties/statementFactory=org.dbunit.database.statement.PreparedStatementFactory@626bc2b8, http://www.dbunit.org/features/caseSensitiveTableNames=false, http://www.dbunit.org/properties/fetchSize=100, http://www.dbunit.org/features/batchedStatements=false, http://www.dbunit.org/properties/metadataHandler=org.dbunit.database.DefaultMetadataHandler@62baffef, http://www.dbunit.org/properties/datatypeFactory=org.dbunit.dataset.datatype.DefaultDataTypeFactory[_toleratedDeltaMap=org.dbunit.dataset.datatype.ToleratedDeltaMap@6452310a], http://www.dbunit.org/properties/escapePattern=null, http://www.dbunit.org/properties/batchSize=100, http://www.dbunit.org/features/qualifiedTableNames=false, http://www.dbunit.org/properties/tableType=[Ljava.lang.String;@5011bafa, http://www.dbunit.org/properties/resultSetTableFactory=org.dbunit.database.CachedResultSetTableFactory@10bcf083, http://www.dbunit.org/features/datatypeWarning=true}]) - start
170216 [main] TRACE org.dbunit.database.DatabaseConfig  - getFeature(name=http://www.dbunit.org/features/qualifiedTableNames) - start
170217 [main] TRACE org.dbunit.database.DatabaseConfig  - getProperty(name=http://www.dbunit.org/features/qualifiedTableNames) - start
170217 [main] DEBUG org.dbunit.util.QualifiedTableName  - Qualified table names feature is disabled. Returning plain table name
170217 [main] DEBUG org.dbunit.util.QualifiedTableName  - getQualifiedName(prefix=null, name=SCOPE, escapePattern=null) - start
170217 [main] DEBUG org.dbunit.database.search.AbstractMetaDataBasedSearchCallback  - newEdge(rs=org.apache.commons.dbcp.DelegatingResultSet@6334c199, type=0, from=SCOPEDCONTENT, to=SCOPE, fkColumn=SCOPE, pkColumn=ID) - start
170217 [main] DEBUG org.dbunit.database.search.AbstractMetaDataBasedSearchCallback  - createFKEdge(rs=org.apache.commons.dbcp.DelegatingResultSet@6334c199, type=0, from=SCOPEDCONTENT, to=SCOPE, fkColumn=SCOPE, pkColumn=ID) - start
170217 [main] DEBUG org.dbunit.database.search.AbstractMetaDataBasedSearchCallback  - Adding edge SCOPEDCONTENT(SCOPE)->SCOPE(ID)
170217 [main] DEBUG org.dbunit.util.search.Edge  - compareTo(o=SCOPEDCONTENT(SCOPE)->SCOPE(ID)) - start
170217 [main] DEBUG org.dbunit.util.SQLHelper  - close(resultSet=org.apache.commons.dbcp.DelegatingResultSet@6334c199) - start
170217 [main] DEBUG org.dbunit.util.search.DepthFirstSearch  - search:SCOPE
170217 [main] DEBUG org.dbunit.database.search.ImportedKeysSearchCallback  - searchNode(node=SCOPE) - start
170217 [main] DEBUG org.dbunit.util.search.DepthFirstSearch  - Pushing SCOPE
170217 [main] DEBUG org.dbunit.database.search.ImportedKeysSearchCallback  - getEdges(node=SCOPE) - start
170217 [main] DEBUG org.dbunit.database.search.AbstractMetaDataBasedSearchCallback  - getNodesFromImportedKeys(node=SCOPE) - start
170217 [main] DEBUG org.dbunit.database.search.AbstractMetaDataBasedSearchCallback  - getNodes(type=0, node=SCOPE) - start
170217 [main] DEBUG org.dbunit.database.DatabaseDataSourceConnection  - getConnection() - start
170217 [main] DEBUG org.dbunit.database.search.AbstractMetaDataBasedSearchCallback  - getNodes(type=0, node=SCOPE, conn=Transaction-aware proxy for target Connection [jdbc:hsqldb:mem:kontrollDS, UserName=sw, HSQL Database Engine Driver], schema=null, metaData=org.apache.commons.dbcp.DelegatingDatabaseMetaData@1c9256b1, edges=[]) - start
170217 [main] DEBUG org.dbunit.database.search.AbstractMetaDataBasedSearchCallback  - Getting edges for node SCOPE
170217 [main] TRACE org.dbunit.database.DatabaseConfig  - getProperty(name=http://www.dbunit.org/properties/metadataHandler) - start
170217 [main] TRACE org.dbunit.database.DefaultMetadataHandler  - tableExists(metaData=org.apache.commons.dbcp.DelegatingDatabaseMetaData@1c9256b1, schemaName=null, tableName=SCOPE) - start
170218 [main] DEBUG org.dbunit.util.SQLHelper  - close(resultSet=org.apache.commons.dbcp.DelegatingResultSet@191fd348) - start
170218 [main] DEBUG org.dbunit.util.SQLHelper  - close(resultSet=org.apache.commons.dbcp.DelegatingResultSet@7e523df7) - start
170219 [main] DEBUG org.dbunit.util.search.DepthFirstSearch  - Adding node SCOPE to the final result
170219 [main] DEBUG org.dbunit.util.search.DepthFirstSearch  - Adding node SCOPEDCONTENT to the final result
170219 [main] DEBUG org.dbunit.util.search.DepthFirstSearch  - search:SCOPEDCONTENTITEM
170219 [main] DEBUG org.dbunit.database.search.ImportedKeysSearchCallback  - searchNode(node=SCOPEDCONTENTITEM) - start
170219 [main] DEBUG org.dbunit.util.search.DepthFirstSearch  - Pushing SCOPEDCONTENTITEM
170219 [main] DEBUG org.dbunit.database.search.ImportedKeysSearchCallback  - getEdges(node=SCOPEDCONTENTITEM) - start
170219 [main] DEBUG org.dbunit.database.search.AbstractMetaDataBasedSearchCallback  - getNodesFromImportedKeys(node=SCOPEDCONTENTITEM) - start
170219 [main] DEBUG org.dbunit.database.search.AbstractMetaDataBasedSearchCallback  - getNodes(type=0, node=SCOPEDCONTENTITEM) - start
170219 [main] DEBUG org.dbunit.database.DatabaseDataSourceConnection  - getConnection() - start
170219 [main] DEBUG org.dbunit.database.search.AbstractMetaDataBasedSearchCallback  - getNodes(type=0, node=SCOPEDCONTENTITEM, conn=Transaction-aware proxy for target Connection [jdbc:hsqldb:mem:kontrollDS, UserName=sw, HSQL Database Engine Driver], schema=null, metaData=org.apache.commons.dbcp.DelegatingDatabaseMetaData@496263eb, edges=[]) - start
170219 [main] DEBUG org.dbunit.database.search.AbstractMetaDataBasedSearchCallback  - Getting edges for node SCOPEDCONTENTITEM
170219 [main] TRACE org.dbunit.database.DatabaseConfig  - getProperty(name=http://www.dbunit.org/properties/metadataHandler) - start
170219 [main] TRACE org.dbunit.database.DefaultMetadataHandler  - tableExists(metaData=org.apache.commons.dbcp.DelegatingDatabaseMetaData@496263eb, schemaName=null, tableName=SCOPEDCONTENTITEM) - start
170220 [main] DEBUG org.dbunit.util.SQLHelper  - close(resultSet=org.apache.commons.dbcp.DelegatingResultSet@205c6d02) - start
170220 [main] DEBUG org.dbunit.util.SQLHelper  - close(resultSet=org.apache.commons.dbcp.DelegatingResultSet@2ba2c9ef) - start
170220 [main] DEBUG org.dbunit.util.search.DepthFirstSearch  - Adding node SCOPEDCONTENTITEM to the final result
170220 [main] DEBUG org.dbunit.util.search.DepthFirstSearch  - Adding node SCOPEDCONTENT_SCOPEDCONTENTITEM to the final result
170220 [main] DEBUG org.dbunit.util.search.DepthFirstSearch  - reverseSearch:SCOPEDCONTENT
170221 [main] DEBUG org.dbunit.database.search.ImportedKeysSearchCallback  - searchNode(node=SCOPEDCONTENT) - start
170221 [main] DEBUG org.dbunit.util.search.DepthFirstSearch  - Pushing (reverse) SCOPEDCONTENT
170221 [main] DEBUG org.dbunit.database.search.ImportedKeysSearchCallback  - getEdges(node=SCOPEDCONTENT) - start
170221 [main] DEBUG org.dbunit.database.search.AbstractMetaDataBasedSearchCallback  - getNodesFromImportedKeys(node=SCOPEDCONTENT) - start
170221 [main] DEBUG org.dbunit.database.search.AbstractMetaDataBasedSearchCallback  - getNodes(type=0, node=SCOPEDCONTENT) - start
170221 [main] DEBUG org.dbunit.database.DatabaseDataSourceConnection  - getConnection() - start
170221 [main] DEBUG org.dbunit.database.search.AbstractMetaDataBasedSearchCallback  - getNodes(type=0, node=SCOPEDCONTENT, conn=Transaction-aware proxy for target Connection [jdbc:hsqldb:mem:kontrollDS, UserName=sw, HSQL Database Engine Driver], schema=null, metaData=org.apache.commons.dbcp.DelegatingDatabaseMetaData@4c77804a, edges=[]) - start
170221 [main] DEBUG org.dbunit.database.search.AbstractMetaDataBasedSearchCallback  - Getting edges for node SCOPEDCONTENT
170221 [main] TRACE org.dbunit.database.DatabaseConfig  - getProperty(name=http://www.dbunit.org/properties/metadataHandler) - start
170221 [main] TRACE org.dbunit.database.DefaultMetadataHandler  - tableExists(metaData=org.apache.commons.dbcp.DelegatingDatabaseMetaData@4c77804a, schemaName=null, tableName=SCOPEDCONTENT) - start
170222 [main] DEBUG org.dbunit.util.SQLHelper  - close(resultSet=org.apache.commons.dbcp.DelegatingResultSet@777b74b3) - start
170222 [main] DEBUG org.dbunit.util.QualifiedTableName  - getQualifiedNameIfEnabled(config=org.dbunit.database.DatabaseConfig[, _propertyMap={http://www.dbunit.org/properties/statementFactory=org.dbunit.database.statement.PreparedStatementFactory@626bc2b8, http://www.dbunit.org/features/caseSensitiveTableNames=false, http://www.dbunit.org/properties/fetchSize=100, http://www.dbunit.org/features/batchedStatements=false, http://www.dbunit.org/properties/metadataHandler=org.dbunit.database.DefaultMetadataHandler@62baffef, http://www.dbunit.org/properties/datatypeFactory=org.dbunit.dataset.datatype.DefaultDataTypeFactory[_toleratedDeltaMap=org.dbunit.dataset.datatype.ToleratedDeltaMap@6452310a], http://www.dbunit.org/properties/escapePattern=null, http://www.dbunit.org/properties/batchSize=100, http://www.dbunit.org/features/qualifiedTableNames=false, http://www.dbunit.org/properties/tableType=[Ljava.lang.String;@5011bafa, http://www.dbunit.org/properties/resultSetTableFactory=org.dbunit.database.CachedResultSetTableFactory@10bcf083, http://www.dbunit.org/features/datatypeWarning=true}]) - start
170222 [main] TRACE org.dbunit.database.DatabaseConfig  - getFeature(name=http://www.dbunit.org/features/qualifiedTableNames) - start
170222 [main] TRACE org.dbunit.database.DatabaseConfig  - getProperty(name=http://www.dbunit.org/features/qualifiedTableNames) - start
170222 [main] DEBUG org.dbunit.util.QualifiedTableName  - Qualified table names feature is disabled. Returning plain table name
170222 [main] DEBUG org.dbunit.util.QualifiedTableName  - getQualifiedName(prefix=null, name=SCOPEDCONTENT, escapePattern=null) - start
170222 [main] DEBUG org.dbunit.util.QualifiedTableName  - getQualifiedNameIfEnabled(config=org.dbunit.database.DatabaseConfig[, _propertyMap={http://www.dbunit.org/properties/statementFactory=org.dbunit.database.statement.PreparedStatementFactory@626bc2b8, http://www.dbunit.org/features/caseSensitiveTableNames=false, http://www.dbunit.org/properties/fetchSize=100, http://www.dbunit.org/features/batchedStatements=false, http://www.dbunit.org/properties/metadataHandler=org.dbunit.database.DefaultMetadataHandler@62baffef, http://www.dbunit.org/properties/datatypeFactory=org.dbunit.dataset.datatype.DefaultDataTypeFactory[_toleratedDeltaMap=org.dbunit.dataset.datatype.ToleratedDeltaMap@6452310a], http://www.dbunit.org/properties/escapePattern=null, http://www.dbunit.org/properties/batchSize=100, http://www.dbunit.org/features/qualifiedTableNames=false, http://www.dbunit.org/properties/tableType=[Ljava.lang.String;@5011bafa, http://www.dbunit.org/properties/resultSetTableFactory=org.dbunit.database.CachedResultSetTableFactory@10bcf083, http://www.dbunit.org/features/datatypeWarning=true}]) - start
170222 [main] TRACE org.dbunit.database.DatabaseConfig  - getFeature(name=http://www.dbunit.org/features/qualifiedTableNames) - start
170222 [main] TRACE org.dbunit.database.DatabaseConfig  - getProperty(name=http://www.dbunit.org/features/qualifiedTableNames) - start
170222 [main] DEBUG org.dbunit.util.QualifiedTableName  - Qualified table names feature is disabled. Returning plain table name
170222 [main] DEBUG org.dbunit.util.QualifiedTableName  - getQualifiedName(prefix=null, name=SCOPE, escapePattern=null) - start
170222 [main] DEBUG org.dbunit.database.search.AbstractMetaDataBasedSearchCallback  - newEdge(rs=org.apache.commons.dbcp.DelegatingResultSet@4102d285, type=0, from=SCOPEDCONTENT, to=SCOPE, fkColumn=SCOPE, pkColumn=ID) - start
170222 [main] DEBUG org.dbunit.database.search.AbstractMetaDataBasedSearchCallback  - createFKEdge(rs=org.apache.commons.dbcp.DelegatingResultSet@4102d285, type=0, from=SCOPEDCONTENT, to=SCOPE, fkColumn=SCOPE, pkColumn=ID) - start
170222 [main] DEBUG org.dbunit.database.search.AbstractMetaDataBasedSearchCallback  - Adding edge SCOPEDCONTENT(SCOPE)->SCOPE(ID)
170223 [main] DEBUG org.dbunit.util.search.Edge  - compareTo(o=SCOPEDCONTENT(SCOPE)->SCOPE(ID)) - start
170223 [main] DEBUG org.dbunit.util.SQLHelper  - close(resultSet=org.apache.commons.dbcp.DelegatingResultSet@4102d285) - start
170223 [main] DEBUG org.dbunit.util.search.DepthFirstSearch  - reverseSearch:SCOPEDCONTENTITEM
170223 [main] DEBUG org.dbunit.database.search.ImportedKeysSearchCallback  - searchNode(node=SCOPEDCONTENTITEM) - start
170223 [main] DEBUG org.dbunit.util.search.DepthFirstSearch  - Pushing (reverse) SCOPEDCONTENTITEM
170223 [main] DEBUG org.dbunit.database.search.ImportedKeysSearchCallback  - getEdges(node=SCOPEDCONTENTITEM) - start
170223 [main] DEBUG org.dbunit.database.search.AbstractMetaDataBasedSearchCallback  - getNodesFromImportedKeys(node=SCOPEDCONTENTITEM) - start
170223 [main] DEBUG org.dbunit.database.search.AbstractMetaDataBasedSearchCallback  - getNodes(type=0, node=SCOPEDCONTENTITEM) - start
170223 [main] DEBUG org.dbunit.database.DatabaseDataSourceConnection  - getConnection() - start
170223 [main] DEBUG org.dbunit.database.search.AbstractMetaDataBasedSearchCallback  - getNodes(type=0, node=SCOPEDCONTENTITEM, conn=Transaction-aware proxy for target Connection [jdbc:hsqldb:mem:kontrollDS, UserName=sw, HSQL Database Engine Driver], schema=null, metaData=org.apache.commons.dbcp.DelegatingDatabaseMetaData@204b3b1b, edges=[]) - start
170223 [main] DEBUG org.dbunit.database.search.AbstractMetaDataBasedSearchCallback  - Getting edges for node SCOPEDCONTENTITEM
170223 [main] TRACE org.dbunit.database.DatabaseConfig  - getProperty(name=http://www.dbunit.org/properties/metadataHandler) - start
170223 [main] TRACE org.dbunit.database.DefaultMetadataHandler  - tableExists(metaData=org.apache.commons.dbcp.DelegatingDatabaseMetaData@204b3b1b, schemaName=null, tableName=SCOPEDCONTENTITEM) - start
170224 [main] DEBUG org.dbunit.util.SQLHelper  - close(resultSet=org.apache.commons.dbcp.DelegatingResultSet@f083674) - start
170224 [main] DEBUG org.dbunit.util.SQLHelper  - close(resultSet=org.apache.commons.dbcp.DelegatingResultSet@4a03baa9) - start
170224 [main] DEBUG org.dbunit.util.search.DepthFirstSearch  - reverseSearch:SCOPEDCONTENT_SCOPEDCONTENTITEM
170224 [main] DEBUG org.dbunit.util.search.DepthFirstSearch  - already searched; returning true
170224 [main] DEBUG org.dbunit.util.search.DepthFirstSearch  - reverseSearch:SCOPE
170224 [main] DEBUG org.dbunit.database.search.ImportedKeysSearchCallback  - searchNode(node=SCOPE) - start
170224 [main] DEBUG org.dbunit.util.search.DepthFirstSearch  - Pushing (reverse) SCOPE
170224 [main] DEBUG org.dbunit.database.search.ImportedKeysSearchCallback  - getEdges(node=SCOPE) - start
170224 [main] DEBUG org.dbunit.database.search.AbstractMetaDataBasedSearchCallback  - getNodesFromImportedKeys(node=SCOPE) - start
170224 [main] DEBUG org.dbunit.database.search.AbstractMetaDataBasedSearchCallback  - getNodes(type=0, node=SCOPE) - start
170224 [main] DEBUG org.dbunit.database.DatabaseDataSourceConnection  - getConnection() - start
170225 [main] DEBUG org.dbunit.database.search.AbstractMetaDataBasedSearchCallback  - getNodes(type=0, node=SCOPE, conn=Transaction-aware proxy for target Connection [jdbc:hsqldb:mem:kontrollDS, UserName=sw, HSQL Database Engine Driver], schema=null, metaData=org.apache.commons.dbcp.DelegatingDatabaseMetaData@3ad3d335, edges=[]) - start
170225 [main] DEBUG org.dbunit.database.search.AbstractMetaDataBasedSearchCallback  - Getting edges for node SCOPE
170225 [main] TRACE org.dbunit.database.DatabaseConfig  - getProperty(name=http://www.dbunit.org/properties/metadataHandler) - start
170225 [main] TRACE org.dbunit.database.DefaultMetadataHandler  - tableExists(metaData=org.apache.commons.dbcp.DelegatingDatabaseMetaData@3ad3d335, schemaName=null, tableName=SCOPE) - start
170226 [main] DEBUG org.dbunit.util.SQLHelper  - close(resultSet=org.apache.commons.dbcp.DelegatingResultSet@454ec687) - start
170226 [main] DEBUG org.dbunit.util.SQLHelper  - close(resultSet=org.apache.commons.dbcp.DelegatingResultSet@61b5386) - start
170226 [main] DEBUG org.dbunit.util.search.DepthFirstSearch  - search:SCOPEDCONTENT_SCOPEDCONTENTITEM
170226 [main] DEBUG org.dbunit.util.search.DepthFirstSearch  - already searched; returning true
170226 [main] DEBUG org.dbunit.util.search.DepthFirstSearch  - search:SCOPEDCONTENT
170226 [main] DEBUG org.dbunit.util.search.DepthFirstSearch  - already searched; returning true
170226 [main] DEBUG org.dbunit.util.search.DepthFirstSearch  - search:SCOPEDCONTENTITEM
170226 [main] DEBUG org.dbunit.util.search.DepthFirstSearch  - already searched; returning true
170226 [main] DEBUG org.dbunit.util.search.DepthFirstSearch  - search:SCOPE
170226 [main] DEBUG org.dbunit.util.search.DepthFirstSearch  - already searched; returning true
170226 [main] DEBUG org.dbunit.util.CollectionsHelper  - setToStrings(set=[SCOPE, SCOPEDCONTENT, SCOPEDCONTENTITEM, SCOPEDCONTENT_SCOPEDCONTENTITEM]) - start
170226 [main] DEBUG org.dbunit.database.search.TablesDependencyHelper  - getDependsOnTables(connection=_databaseConfig=org.dbunit.database.DatabaseConfig[, _propertyMap={http://www.dbunit.org/properties/statementFactory=org.dbunit.database.statement.PreparedStatementFactory@626bc2b8, http://www.dbunit.org/features/caseSensitiveTableNames=false, http://www.dbunit.org/properties/fetchSize=100, http://www.dbunit.org/features/batchedStatements=false, http://www.dbunit.org/properties/metadataHandler=org.dbunit.database.DefaultMetadataHandler@62baffef, http://www.dbunit.org/properties/datatypeFactory=org.dbunit.dataset.datatype.DefaultDataTypeFactory[_toleratedDeltaMap=org.dbunit.dataset.datatype.ToleratedDeltaMap@6452310a], http://www.dbunit.org/properties/escapePattern=null, http://www.dbunit.org/properties/batchSize=100, http://www.dbunit.org/features/qualifiedTableNames=false, http://www.dbunit.org/properties/tableType=[Ljava.lang.String;@5011bafa, http://www.dbunit.org/properties/resultSetTableFactory=org.dbunit.database.CachedResultSetTableFactory@10bcf083, http://www.dbunit.org/features/datatypeWarning=true}], _dataSet=AbstractDataSet[_orderedTableNameMap=null], rootTable=SCOPEDCONTENT_SCOPEDCONTENTITEM) - start
170226 [main] DEBUG org.dbunit.util.search.DepthFirstSearch  - search(nodesFrom=[SCOPEDCONTENT_SCOPEDCONTENTITEM], callback=org.dbunit.database.search.ExportedKeysSearchCallback@2377a016) - start
170226 [main] DEBUG org.dbunit.util.CollectionsHelper  - objectsToSet(objects=SCOPEDCONTENT_SCOPEDCONTENTITEM) - start
170226 [main] DEBUG org.dbunit.util.search.DepthFirstSearch  - search(nodesFrom=[SCOPEDCONTENT_SCOPEDCONTENTITEM], callback=org.dbunit.database.search.ExportedKeysSearchCallback@2377a016) - start
170226 [main] DEBUG org.dbunit.util.search.DepthFirstSearch  - reverseSearch:SCOPEDCONTENT_SCOPEDCONTENTITEM
170226 [main] DEBUG org.dbunit.database.search.ExportedKeysSearchCallback  - searchNode(node=SCOPEDCONTENT_SCOPEDCONTENTITEM) - start
170226 [main] DEBUG org.dbunit.util.search.DepthFirstSearch  - Pushing (reverse) SCOPEDCONTENT_SCOPEDCONTENTITEM
170226 [main] DEBUG org.dbunit.database.search.ExportedKeysSearchCallback  - getEdges(node=SCOPEDCONTENT_SCOPEDCONTENTITEM) - start
170226 [main] DEBUG org.dbunit.database.search.AbstractMetaDataBasedSearchCallback  - getNodesFromExportedKeys(node=SCOPEDCONTENT_SCOPEDCONTENTITEM) - start
170226 [main] DEBUG org.dbunit.database.search.AbstractMetaDataBasedSearchCallback  - getNodes(type=1, node=SCOPEDCONTENT_SCOPEDCONTENTITEM) - start
170226 [main] DEBUG org.dbunit.database.DatabaseDataSourceConnection  - getConnection() - start
170227 [main] DEBUG org.dbunit.database.search.AbstractMetaDataBasedSearchCallback  - getNodes(type=1, node=SCOPEDCONTENT_SCOPEDCONTENTITEM, conn=Transaction-aware proxy for target Connection [jdbc:hsqldb:mem:kontrollDS, UserName=sw, HSQL Database Engine Driver], schema=null, metaData=org.apache.commons.dbcp.DelegatingDatabaseMetaData@2af168b, edges=[]) - start
170227 [main] DEBUG org.dbunit.database.search.AbstractMetaDataBasedSearchCallback  - Getting edges for node SCOPEDCONTENT_SCOPEDCONTENTITEM
170227 [main] TRACE org.dbunit.database.DatabaseConfig  - getProperty(name=http://www.dbunit.org/properties/metadataHandler) - start
170227 [main] TRACE org.dbunit.database.DefaultMetadataHandler  - tableExists(metaData=org.apache.commons.dbcp.DelegatingDatabaseMetaData@2af168b, schemaName=null, tableName=SCOPEDCONTENT_SCOPEDCONTENTITEM) - start
170228 [main] DEBUG org.dbunit.util.SQLHelper  - close(resultSet=org.apache.commons.dbcp.DelegatingResultSet@3a7c17a2) - start
170228 [main] DEBUG org.dbunit.util.SQLHelper  - close(resultSet=org.apache.commons.dbcp.DelegatingResultSet@154a58dc) - start
170228 [main] DEBUG org.dbunit.util.search.DepthFirstSearch  - search:SCOPEDCONTENT_SCOPEDCONTENTITEM
170228 [main] DEBUG org.dbunit.database.search.ExportedKeysSearchCallback  - searchNode(node=SCOPEDCONTENT_SCOPEDCONTENTITEM) - start
170228 [main] DEBUG org.dbunit.util.search.DepthFirstSearch  - Pushing SCOPEDCONTENT_SCOPEDCONTENTITEM
170228 [main] DEBUG org.dbunit.database.search.ExportedKeysSearchCallback  - getEdges(node=SCOPEDCONTENT_SCOPEDCONTENTITEM) - start
170228 [main] DEBUG org.dbunit.database.search.AbstractMetaDataBasedSearchCallback  - getNodesFromExportedKeys(node=SCOPEDCONTENT_SCOPEDCONTENTITEM) - start
170228 [main] DEBUG org.dbunit.database.search.AbstractMetaDataBasedSearchCallback  - getNodes(type=1, node=SCOPEDCONTENT_SCOPEDCONTENTITEM) - start
170228 [main] DEBUG org.dbunit.database.DatabaseDataSourceConnection  - getConnection() - start
170228 [main] DEBUG org.dbunit.database.search.AbstractMetaDataBasedSearchCallback  - getNodes(type=1, node=SCOPEDCONTENT_SCOPEDCONTENTITEM, conn=Transaction-aware proxy for target Connection [jdbc:hsqldb:mem:kontrollDS, UserName=sw, HSQL Database Engine Driver], schema=null, metaData=org.apache.commons.dbcp.DelegatingDatabaseMetaData@440fde6f, edges=[]) - start
170228 [main] DEBUG org.dbunit.database.search.AbstractMetaDataBasedSearchCallback  - Getting edges for node SCOPEDCONTENT_SCOPEDCONTENTITEM
170228 [main] TRACE org.dbunit.database.DatabaseConfig  - getProperty(name=http://www.dbunit.org/properties/metadataHandler) - start
170228 [main] TRACE org.dbunit.database.DefaultMetadataHandler  - tableExists(metaData=org.apache.commons.dbcp.DelegatingDatabaseMetaData@440fde6f, schemaName=null, tableName=SCOPEDCONTENT_SCOPEDCONTENTITEM) - start
170229 [main] DEBUG org.dbunit.util.SQLHelper  - close(resultSet=org.apache.commons.dbcp.DelegatingResultSet@1513722c) - start
170230 [main] DEBUG org.dbunit.util.SQLHelper  - close(resultSet=org.apache.commons.dbcp.DelegatingResultSet@72ba27e8) - start
170230 [main] DEBUG org.dbunit.util.search.DepthFirstSearch  - Adding node SCOPEDCONTENT_SCOPEDCONTENTITEM to the final result
170230 [main] DEBUG org.dbunit.util.CollectionsHelper  - setToStrings(set=[SCOPEDCONTENT_SCOPEDCONTENTITEM]) - start
170230 [main] DEBUG org.dbunit.database.search.TablesDependencyHelper  - getDirectDependsOnTables(connection=_databaseConfig=org.dbunit.database.DatabaseConfig[, _propertyMap={http://www.dbunit.org/properties/statementFactory=org.dbunit.database.statement.PreparedStatementFactory@626bc2b8, http://www.dbunit.org/features/caseSensitiveTableNames=false, http://www.dbunit.org/properties/fetchSize=100, http://www.dbunit.org/features/batchedStatements=false, http://www.dbunit.org/properties/metadataHandler=org.dbunit.database.DefaultMetadataHandler@62baffef, http://www.dbunit.org/properties/datatypeFactory=org.dbunit.dataset.datatype.DefaultDataTypeFactory[_toleratedDeltaMap=org.dbunit.dataset.datatype.ToleratedDeltaMap@6452310a], http://www.dbunit.org/properties/escapePattern=null, http://www.dbunit.org/properties/batchSize=100, http://www.dbunit.org/features/qualifiedTableNames=false, http://www.dbunit.org/properties/tableType=[Ljava.lang.String;@5011bafa, http://www.dbunit.org/properties/resultSetTableFactory=org.dbunit.database.CachedResultSetTableFactory@10bcf083, http://www.dbunit.org/features/datatypeWarning=true}], _dataSet=AbstractDataSet[_orderedTableNameMap=null], tableName=SCOPEDCONTENT_SCOPEDCONTENTITEM) - start
170230 [main] DEBUG org.dbunit.util.search.DepthFirstSearch  - search(nodesFrom=[SCOPEDCONTENT_SCOPEDCONTENTITEM], callback=org.dbunit.database.search.ExportedKeysSearchCallback@19516a74) - start
170230 [main] DEBUG org.dbunit.util.CollectionsHelper  - objectsToSet(objects=SCOPEDCONTENT_SCOPEDCONTENTITEM) - start
170230 [main] DEBUG org.dbunit.util.search.DepthFirstSearch  - search(nodesFrom=[SCOPEDCONTENT_SCOPEDCONTENTITEM], callback=org.dbunit.database.search.ExportedKeysSearchCallback@19516a74) - start
170230 [main] DEBUG org.dbunit.util.search.DepthFirstSearch  - reverseSearch:SCOPEDCONTENT_SCOPEDCONTENTITEM
170230 [main] DEBUG org.dbunit.database.search.ExportedKeysSearchCallback  - searchNode(node=SCOPEDCONTENT_SCOPEDCONTENTITEM) - start
170230 [main] DEBUG org.dbunit.util.search.DepthFirstSearch  - Pushing (reverse) SCOPEDCONTENT_SCOPEDCONTENTITEM
170230 [main] DEBUG org.dbunit.database.search.ExportedKeysSearchCallback  - getEdges(node=SCOPEDCONTENT_SCOPEDCONTENTITEM) - start
170230 [main] DEBUG org.dbunit.database.search.AbstractMetaDataBasedSearchCallback  - getNodesFromExportedKeys(node=SCOPEDCONTENT_SCOPEDCONTENTITEM) - start
170230 [main] DEBUG org.dbunit.database.search.AbstractMetaDataBasedSearchCallback  - getNodes(type=1, node=SCOPEDCONTENT_SCOPEDCONTENTITEM) - start
170230 [main] DEBUG org.dbunit.database.DatabaseDataSourceConnection  - getConnection() - start
170230 [main] DEBUG org.dbunit.database.search.AbstractMetaDataBasedSearchCallback  - getNodes(type=1, node=SCOPEDCONTENT_SCOPEDCONTENTITEM, conn=Transaction-aware proxy for target Connection [jdbc:hsqldb:mem:kontrollDS, UserName=sw, HSQL Database Engine Driver], schema=null, metaData=org.apache.commons.dbcp.DelegatingDatabaseMetaData@3023f2a8, edges=[]) - start
170230 [main] DEBUG org.dbunit.database.search.AbstractMetaDataBasedSearchCallback  - Getting edges for node SCOPEDCONTENT_SCOPEDCONTENTITEM
170230 [main] TRACE org.dbunit.database.DatabaseConfig  - getProperty(name=http://www.dbunit.org/properties/metadataHandler) - start
170231 [main] TRACE org.dbunit.database.DefaultMetadataHandler  - tableExists(metaData=org.apache.commons.dbcp.DelegatingDatabaseMetaData@3023f2a8, schemaName=null, tableName=SCOPEDCONTENT_SCOPEDCONTENTITEM) - start
170232 [main] DEBUG org.dbunit.util.SQLHelper  - close(resultSet=org.apache.commons.dbcp.DelegatingResultSet@559690c1) - start
170232 [main] DEBUG org.dbunit.util.SQLHelper  - close(resultSet=org.apache.commons.dbcp.DelegatingResultSet@4c2210ec) - start
170232 [main] DEBUG org.dbunit.util.search.DepthFirstSearch  - search:SCOPEDCONTENT_SCOPEDCONTENTITEM
170232 [main] DEBUG org.dbunit.database.search.ExportedKeysSearchCallback  - searchNode(node=SCOPEDCONTENT_SCOPEDCONTENTITEM) - start
170232 [main] DEBUG org.dbunit.util.search.DepthFirstSearch  - Pushing SCOPEDCONTENT_SCOPEDCONTENTITEM
170232 [main] DEBUG org.dbunit.database.search.ExportedKeysSearchCallback  - getEdges(node=SCOPEDCONTENT_SCOPEDCONTENTITEM) - start
170232 [main] DEBUG org.dbunit.database.search.AbstractMetaDataBasedSearchCallback  - getNodesFromExportedKeys(node=SCOPEDCONTENT_SCOPEDCONTENTITEM) - start
170232 [main] DEBUG org.dbunit.database.search.AbstractMetaDataBasedSearchCallback  - getNodes(type=1, node=SCOPEDCONTENT_SCOPEDCONTENTITEM) - start
170232 [main] DEBUG org.dbunit.database.DatabaseDataSourceConnection  - getConnection() - start
170232 [main] DEBUG org.dbunit.database.search.AbstractMetaDataBasedSearchCallback  - getNodes(type=1, node=SCOPEDCONTENT_SCOPEDCONTENTITEM, conn=Transaction-aware proxy for target Connection [jdbc:hsqldb:mem:kontrollDS, UserName=sw, HSQL Database Engine Driver], schema=null, metaData=org.apache.commons.dbcp.DelegatingDatabaseMetaData@50851d00, edges=[]) - start
170232 [main] DEBUG org.dbunit.database.search.AbstractMetaDataBasedSearchCallback  - Getting edges for node SCOPEDCONTENT_SCOPEDCONTENTITEM
170232 [main] TRACE org.dbunit.database.DatabaseConfig  - getProperty(name=http://www.dbunit.org/properties/metadataHandler) - start
170232 [main] TRACE org.dbunit.database.DefaultMetadataHandler  - tableExists(metaData=org.apache.commons.dbcp.DelegatingDatabaseMetaData@50851d00, schemaName=null, tableName=SCOPEDCONTENT_SCOPEDCONTENTITEM) - start
170233 [main] DEBUG org.dbunit.util.SQLHelper  - close(resultSet=org.apache.commons.dbcp.DelegatingResultSet@3e79b440) - start
170234 [main] DEBUG org.dbunit.util.SQLHelper  - close(resultSet=org.apache.commons.dbcp.DelegatingResultSet@1920f706) - start
170234 [main] DEBUG org.dbunit.util.search.DepthFirstSearch  - Adding node SCOPEDCONTENT_SCOPEDCONTENTITEM to the final result
170234 [main] DEBUG org.dbunit.database.search.TablesDependencyHelper  - getDirectDependentTables(connection=_databaseConfig=org.dbunit.database.DatabaseConfig[, _propertyMap={http://www.dbunit.org/properties/statementFactory=org.dbunit.database.statement.PreparedStatementFactory@626bc2b8, http://www.dbunit.org/features/caseSensitiveTableNames=false, http://www.dbunit.org/properties/fetchSize=100, http://www.dbunit.org/features/batchedStatements=false, http://www.dbunit.org/properties/metadataHandler=org.dbunit.database.DefaultMetadataHandler@62baffef, http://www.dbunit.org/properties/datatypeFactory=org.dbunit.dataset.datatype.DefaultDataTypeFactory[_toleratedDeltaMap=org.dbunit.dataset.datatype.ToleratedDeltaMap@6452310a], http://www.dbunit.org/properties/escapePattern=null, http://www.dbunit.org/properties/batchSize=100, http://www.dbunit.org/features/qualifiedTableNames=false, http://www.dbunit.org/properties/tableType=[Ljava.lang.String;@5011bafa, http://www.dbunit.org/properties/resultSetTableFactory=org.dbunit.database.CachedResultSetTableFactory@10bcf083, http://www.dbunit.org/features/datatypeWarning=true}], _dataSet=AbstractDataSet[_orderedTableNameMap=null], tableName=SCOPEDCONTENT_SCOPEDCONTENTITEM) - start
170234 [main] DEBUG org.dbunit.util.search.DepthFirstSearch  - search(nodesFrom=[SCOPEDCONTENT_SCOPEDCONTENTITEM], callback=org.dbunit.database.search.ImportedKeysSearchCallback@2521636) - start
170234 [main] DEBUG org.dbunit.util.CollectionsHelper  - objectsToSet(objects=SCOPEDCONTENT_SCOPEDCONTENTITEM) - start
170234 [main] DEBUG org.dbunit.util.search.DepthFirstSearch  - search(nodesFrom=[SCOPEDCONTENT_SCOPEDCONTENTITEM], callback=org.dbunit.database.search.ImportedKeysSearchCallback@2521636) - start
170234 [main] DEBUG org.dbunit.util.search.DepthFirstSearch  - reverseSearch:SCOPEDCONTENT_SCOPEDCONTENTITEM
170234 [main] DEBUG org.dbunit.database.search.ImportedKeysSearchCallback  - searchNode(node=SCOPEDCONTENT_SCOPEDCONTENTITEM) - start
170234 [main] DEBUG org.dbunit.util.search.DepthFirstSearch  - Pushing (reverse) SCOPEDCONTENT_SCOPEDCONTENTITEM
170234 [main] DEBUG org.dbunit.database.search.ImportedKeysSearchCallback  - getEdges(node=SCOPEDCONTENT_SCOPEDCONTENTITEM) - start
170234 [main] DEBUG org.dbunit.database.search.AbstractMetaDataBasedSearchCallback  - getNodesFromImportedKeys(node=SCOPEDCONTENT_SCOPEDCONTENTITEM) - start
170234 [main] DEBUG org.dbunit.database.search.AbstractMetaDataBasedSearchCallback  - getNodes(type=0, node=SCOPEDCONTENT_SCOPEDCONTENTITEM) - start
170234 [main] DEBUG org.dbunit.database.DatabaseDataSourceConnection  - getConnection() - start
170234 [main] DEBUG org.dbunit.database.search.AbstractMetaDataBasedSearchCallback  - getNodes(type=0, node=SCOPEDCONTENT_SCOPEDCONTENTITEM, conn=Transaction-aware proxy for target Connection [jdbc:hsqldb:mem:kontrollDS, UserName=sw, HSQL Database Engine Driver], schema=null, metaData=org.apache.commons.dbcp.DelegatingDatabaseMetaData@5b30346a, edges=[]) - start
170234 [main] DEBUG org.dbunit.database.search.AbstractMetaDataBasedSearchCallback  - Getting edges for node SCOPEDCONTENT_SCOPEDCONTENTITEM
170234 [main] TRACE org.dbunit.database.DatabaseConfig  - getProperty(name=http://www.dbunit.org/properties/metadataHandler) - start
170234 [main] TRACE org.dbunit.database.DefaultMetadataHandler  - tableExists(metaData=org.apache.commons.dbcp.DelegatingDatabaseMetaData@5b30346a, schemaName=null, tableName=SCOPEDCONTENT_SCOPEDCONTENTITEM) - start
170235 [main] DEBUG org.dbunit.util.SQLHelper  - close(resultSet=org.apache.commons.dbcp.DelegatingResultSet@40dc00ec) - start
170236 [main] DEBUG org.dbunit.util.QualifiedTableName  - getQualifiedNameIfEnabled(config=org.dbunit.database.DatabaseConfig[, _propertyMap={http://www.dbunit.org/properties/statementFactory=org.dbunit.database.statement.PreparedStatementFactory@626bc2b8, http://www.dbunit.org/features/caseSensitiveTableNames=false, http://www.dbunit.org/properties/fetchSize=100, http://www.dbunit.org/features/batchedStatements=false, http://www.dbunit.org/properties/metadataHandler=org.dbunit.database.DefaultMetadataHandler@62baffef, http://www.dbunit.org/properties/datatypeFactory=org.dbunit.dataset.datatype.DefaultDataTypeFactory[_toleratedDeltaMap=org.dbunit.dataset.datatype.ToleratedDeltaMap@6452310a], http://www.dbunit.org/properties/escapePattern=null, http://www.dbunit.org/properties/batchSize=100, http://www.dbunit.org/features/qualifiedTableNames=false, http://www.dbunit.org/properties/tableType=[Ljava.lang.String;@5011bafa, http://www.dbunit.org/properties/resultSetTableFactory=org.dbunit.database.CachedResultSetTableFactory@10bcf083, http://www.dbunit.org/features/datatypeWarning=true}]) - start
170236 [main] TRACE org.dbunit.database.DatabaseConfig  - getFeature(name=http://www.dbunit.org/features/qualifiedTableNames) - start
170236 [main] TRACE org.dbunit.database.DatabaseConfig  - getProperty(name=http://www.dbunit.org/features/qualifiedTableNames) - start
170236 [main] DEBUG org.dbunit.util.QualifiedTableName  - Qualified table names feature is disabled. Returning plain table name
170236 [main] DEBUG org.dbunit.util.QualifiedTableName  - getQualifiedName(prefix=null, name=SCOPEDCONTENT_SCOPEDCONTENTITEM, escapePattern=null) - start
170236 [main] DEBUG org.dbunit.util.QualifiedTableName  - getQualifiedNameIfEnabled(config=org.dbunit.database.DatabaseConfig[, _propertyMap={http://www.dbunit.org/properties/statementFactory=org.dbunit.database.statement.PreparedStatementFactory@626bc2b8, http://www.dbunit.org/features/caseSensitiveTableNames=false, http://www.dbunit.org/properties/fetchSize=100, http://www.dbunit.org/features/batchedStatements=false, http://www.dbunit.org/properties/metadataHandler=org.dbunit.database.DefaultMetadataHandler@62baffef, http://www.dbunit.org/properties/datatypeFactory=org.dbunit.dataset.datatype.DefaultDataTypeFactory[_toleratedDeltaMap=org.dbunit.dataset.datatype.ToleratedDeltaMap@6452310a], http://www.dbunit.org/properties/escapePattern=null, http://www.dbunit.org/properties/batchSize=100, http://www.dbunit.org/features/qualifiedTableNames=false, http://www.dbunit.org/properties/tableType=[Ljava.lang.String;@5011bafa, http://www.dbunit.org/properties/resultSetTableFactory=org.dbunit.database.CachedResultSetTableFactory@10bcf083, http://www.dbunit.org/features/datatypeWarning=true}]) - start
170236 [main] TRACE org.dbunit.database.DatabaseConfig  - getFeature(name=http://www.dbunit.org/features/qualifiedTableNames) - start
170236 [main] TRACE org.dbunit.database.DatabaseConfig  - getProperty(name=http://www.dbunit.org/features/qualifiedTableNames) - start
170236 [main] DEBUG org.dbunit.util.QualifiedTableName  - Qualified table names feature is disabled. Returning plain table name
170236 [main] DEBUG org.dbunit.util.QualifiedTableName  - getQualifiedName(prefix=null, name=SCOPEDCONTENT, escapePattern=null) - start
170236 [main] DEBUG org.dbunit.database.search.AbstractMetaDataBasedSearchCallback  - newEdge(rs=org.apache.commons.dbcp.DelegatingResultSet@752263f8, type=0, from=SCOPEDCONTENT_SCOPEDCONTENTITEM, to=SCOPEDCONTENT, fkColumn=SCOPED_CONTENT_ITEM_ID, pkColumn=ID) - start
170236 [main] DEBUG org.dbunit.database.search.AbstractMetaDataBasedSearchCallback  - createFKEdge(rs=org.apache.commons.dbcp.DelegatingResultSet@752263f8, type=0, from=SCOPEDCONTENT_SCOPEDCONTENTITEM, to=SCOPEDCONTENT, fkColumn=SCOPED_CONTENT_ITEM_ID, pkColumn=ID) - start
170236 [main] DEBUG org.dbunit.database.search.AbstractMetaDataBasedSearchCallback  - Adding edge SCOPEDCONTENT_SCOPEDCONTENTITEM(SCOPED_CONTENT_ITEM_ID)->SCOPEDCONTENT(ID)
170236 [main] DEBUG org.dbunit.util.search.Edge  - compareTo(o=SCOPEDCONTENT_SCOPEDCONTENTITEM(SCOPED_CONTENT_ITEM_ID)->SCOPEDCONTENT(ID)) - start
170236 [main] DEBUG org.dbunit.util.QualifiedTableName  - getQualifiedNameIfEnabled(config=org.dbunit.database.DatabaseConfig[, _propertyMap={http://www.dbunit.org/properties/statementFactory=org.dbunit.database.statement.PreparedStatementFactory@626bc2b8, http://www.dbunit.org/features/caseSensitiveTableNames=false, http://www.dbunit.org/properties/fetchSize=100, http://www.dbunit.org/features/batchedStatements=false, http://www.dbunit.org/properties/metadataHandler=org.dbunit.database.DefaultMetadataHandler@62baffef, http://www.dbunit.org/properties/datatypeFactory=org.dbunit.dataset.datatype.DefaultDataTypeFactory[_toleratedDeltaMap=org.dbunit.dataset.datatype.ToleratedDeltaMap@6452310a], http://www.dbunit.org/properties/escapePattern=null, http://www.dbunit.org/properties/batchSize=100, http://www.dbunit.org/features/qualifiedTableNames=false, http://www.dbunit.org/properties/tableType=[Ljava.lang.String;@5011bafa, http://www.dbunit.org/properties/resultSetTableFactory=org.dbunit.database.CachedResultSetTableFactory@10bcf083, http://www.dbunit.org/features/datatypeWarning=true}]) - start
170237 [main] TRACE org.dbunit.database.DatabaseConfig  - getFeature(name=http://www.dbunit.org/features/qualifiedTableNames) - start
170237 [main] TRACE org.dbunit.database.DatabaseConfig  - getProperty(name=http://www.dbunit.org/features/qualifiedTableNames) - start
170237 [main] DEBUG org.dbunit.util.QualifiedTableName  - Qualified table names feature is disabled. Returning plain table name
170237 [main] DEBUG org.dbunit.util.QualifiedTableName  - getQualifiedName(prefix=null, name=SCOPEDCONTENT_SCOPEDCONTENTITEM, escapePattern=null) - start
170237 [main] DEBUG org.dbunit.util.QualifiedTableName  - getQualifiedNameIfEnabled(config=org.dbunit.database.DatabaseConfig[, _propertyMap={http://www.dbunit.org/properties/statementFactory=org.dbunit.database.statement.PreparedStatementFactory@626bc2b8, http://www.dbunit.org/features/caseSensitiveTableNames=false, http://www.dbunit.org/properties/fetchSize=100, http://www.dbunit.org/features/batchedStatements=false, http://www.dbunit.org/properties/metadataHandler=org.dbunit.database.DefaultMetadataHandler@62baffef, http://www.dbunit.org/properties/datatypeFactory=org.dbunit.dataset.datatype.DefaultDataTypeFactory[_toleratedDeltaMap=org.dbunit.dataset.datatype.ToleratedDeltaMap@6452310a], http://www.dbunit.org/properties/escapePattern=null, http://www.dbunit.org/properties/batchSize=100, http://www.dbunit.org/features/qualifiedTableNames=false, http://www.dbunit.org/properties/tableType=[Ljava.lang.String;@5011bafa, http://www.dbunit.org/properties/resultSetTableFactory=org.dbunit.database.CachedResultSetTableFactory@10bcf083, http://www.dbunit.org/features/datatypeWarning=true}]) - start
170237 [main] TRACE org.dbunit.database.DatabaseConfig  - getFeature(name=http://www.dbunit.org/features/qualifiedTableNames) - start
170237 [main] TRACE org.dbunit.database.DatabaseConfig  - getProperty(name=http://www.dbunit.org/features/qualifiedTableNames) - start
170237 [main] DEBUG org.dbunit.util.QualifiedTableName  - Qualified table names feature is disabled. Returning plain table name
170237 [main] DEBUG org.dbunit.util.QualifiedTableName  - getQualifiedName(prefix=null, name=SCOPEDCONTENTITEM, escapePattern=null) - start
170237 [main] DEBUG org.dbunit.database.search.AbstractMetaDataBasedSearchCallback  - newEdge(rs=org.apache.commons.dbcp.DelegatingResultSet@752263f8, type=0, from=SCOPEDCONTENT_SCOPEDCONTENTITEM, to=SCOPEDCONTENTITEM, fkColumn=SCOPED_CONTENT_ID, pkColumn=ID) - start
170237 [main] DEBUG org.dbunit.database.search.AbstractMetaDataBasedSearchCallback  - createFKEdge(rs=org.apache.commons.dbcp.DelegatingResultSet@752263f8, type=0, from=SCOPEDCONTENT_SCOPEDCONTENTITEM, to=SCOPEDCONTENTITEM, fkColumn=SCOPED_CONTENT_ID, pkColumn=ID) - start
170237 [main] DEBUG org.dbunit.database.search.AbstractMetaDataBasedSearchCallback  - Adding edge SCOPEDCONTENT_SCOPEDCONTENTITEM(SCOPED_CONTENT_ID)->SCOPEDCONTENTITEM(ID)
170237 [main] DEBUG org.dbunit.util.search.Edge  - compareTo(o=SCOPEDCONTENT_SCOPEDCONTENTITEM(SCOPED_CONTENT_ITEM_ID)->SCOPEDCONTENT(ID)) - start
170237 [main] DEBUG org.dbunit.util.SQLHelper  - close(resultSet=org.apache.commons.dbcp.DelegatingResultSet@752263f8) - start
170237 [main] DEBUG org.dbunit.util.search.DepthFirstSearch  - search:SCOPEDCONTENT_SCOPEDCONTENTITEM
170237 [main] DEBUG org.dbunit.database.search.ImportedKeysSearchCallback  - searchNode(node=SCOPEDCONTENT_SCOPEDCONTENTITEM) - start
170237 [main] DEBUG org.dbunit.util.search.DepthFirstSearch  - Pushing SCOPEDCONTENT_SCOPEDCONTENTITEM
170237 [main] DEBUG org.dbunit.database.search.ImportedKeysSearchCallback  - getEdges(node=SCOPEDCONTENT_SCOPEDCONTENTITEM) - start
170237 [main] DEBUG org.dbunit.database.search.AbstractMetaDataBasedSearchCallback  - getNodesFromImportedKeys(node=SCOPEDCONTENT_SCOPEDCONTENTITEM) - start
170237 [main] DEBUG org.dbunit.database.search.AbstractMetaDataBasedSearchCallback  - getNodes(type=0, node=SCOPEDCONTENT_SCOPEDCONTENTITEM) - start
170238 [main] DEBUG org.dbunit.database.DatabaseDataSourceConnection  - getConnection() - start
170238 [main] DEBUG org.dbunit.database.search.AbstractMetaDataBasedSearchCallback  - getNodes(type=0, node=SCOPEDCONTENT_SCOPEDCONTENTITEM, conn=Transaction-aware proxy for target Connection [jdbc:hsqldb:mem:kontrollDS, UserName=sw, HSQL Database Engine Driver], schema=null, metaData=org.apache.commons.dbcp.DelegatingDatabaseMetaData@24d16adc, edges=[]) - start
170238 [main] DEBUG org.dbunit.database.search.AbstractMetaDataBasedSearchCallback  - Getting edges for node SCOPEDCONTENT_SCOPEDCONTENTITEM
170238 [main] TRACE org.dbunit.database.DatabaseConfig  - getProperty(name=http://www.dbunit.org/properties/metadataHandler) - start
170238 [main] TRACE org.dbunit.database.DefaultMetadataHandler  - tableExists(metaData=org.apache.commons.dbcp.DelegatingDatabaseMetaData@24d16adc, schemaName=null, tableName=SCOPEDCONTENT_SCOPEDCONTENTITEM) - start
170239 [main] DEBUG org.dbunit.util.SQLHelper  - close(resultSet=org.apache.commons.dbcp.DelegatingResultSet@341b3d8a) - start
170239 [main] DEBUG org.dbunit.util.QualifiedTableName  - getQualifiedNameIfEnabled(config=org.dbunit.database.DatabaseConfig[, _propertyMap={http://www.dbunit.org/properties/statementFactory=org.dbunit.database.statement.PreparedStatementFactory@626bc2b8, http://www.dbunit.org/features/caseSensitiveTableNames=false, http://www.dbunit.org/properties/fetchSize=100, http://www.dbunit.org/features/batchedStatements=false, http://www.dbunit.org/properties/metadataHandler=org.dbunit.database.DefaultMetadataHandler@62baffef, http://www.dbunit.org/properties/datatypeFactory=org.dbunit.dataset.datatype.DefaultDataTypeFactory[_toleratedDeltaMap=org.dbunit.dataset.datatype.ToleratedDeltaMap@6452310a], http://www.dbunit.org/properties/escapePattern=null, http://www.dbunit.org/properties/batchSize=100, http://www.dbunit.org/features/qualifiedTableNames=false, http://www.dbunit.org/properties/tableType=[Ljava.lang.String;@5011bafa, http://www.dbunit.org/properties/resultSetTableFactory=org.dbunit.database.CachedResultSetTableFactory@10bcf083, http://www.dbunit.org/features/datatypeWarning=true}]) - start
170239 [main] TRACE org.dbunit.database.DatabaseConfig  - getFeature(name=http://www.dbunit.org/features/qualifiedTableNames) - start
170239 [main] TRACE org.dbunit.database.DatabaseConfig  - getProperty(name=http://www.dbunit.org/features/qualifiedTableNames) - start
170239 [main] DEBUG org.dbunit.util.QualifiedTableName  - Qualified table names feature is disabled. Returning plain table name
170239 [main] DEBUG org.dbunit.util.QualifiedTableName  - getQualifiedName(prefix=null, name=SCOPEDCONTENT_SCOPEDCONTENTITEM, escapePattern=null) - start
170239 [main] DEBUG org.dbunit.util.QualifiedTableName  - getQualifiedNameIfEnabled(config=org.dbunit.database.DatabaseConfig[, _propertyMap={http://www.dbunit.org/properties/statementFactory=org.dbunit.database.statement.PreparedStatementFactory@626bc2b8, http://www.dbunit.org/features/caseSensitiveTableNames=false, http://www.dbunit.org/properties/fetchSize=100, http://www.dbunit.org/features/batchedStatements=false, http://www.dbunit.org/properties/metadataHandler=org.dbunit.database.DefaultMetadataHandler@62baffef, http://www.dbunit.org/properties/datatypeFactory=org.dbunit.dataset.datatype.DefaultDataTypeFactory[_toleratedDeltaMap=org.dbunit.dataset.datatype.ToleratedDeltaMap@6452310a], http://www.dbunit.org/properties/escapePattern=null, http://www.dbunit.org/properties/batchSize=100, http://www.dbunit.org/features/qualifiedTableNames=false, http://www.dbunit.org/properties/tableType=[Ljava.lang.String;@5011bafa, http://www.dbunit.org/properties/resultSetTableFactory=org.dbunit.database.CachedResultSetTableFactory@10bcf083, http://www.dbunit.org/features/datatypeWarning=true}]) - start
170239 [main] TRACE org.dbunit.database.DatabaseConfig  - getFeature(name=http://www.dbunit.org/features/qualifiedTableNames) - start
170239 [main] TRACE org.dbunit.database.DatabaseConfig  - getProperty(name=http://www.dbunit.org/features/qualifiedTableNames) - start
170239 [main] DEBUG org.dbunit.util.QualifiedTableName  - Qualified table names feature is disabled. Returning plain table name
170239 [main] DEBUG org.dbunit.util.QualifiedTableName  - getQualifiedName(prefix=null, name=SCOPEDCONTENT, escapePattern=null) - start
170240 [main] DEBUG org.dbunit.database.search.AbstractMetaDataBasedSearchCallback  - newEdge(rs=org.apache.commons.dbcp.DelegatingResultSet@51ccd024, type=0, from=SCOPEDCONTENT_SCOPEDCONTENTITEM, to=SCOPEDCONTENT, fkColumn=SCOPED_CONTENT_ITEM_ID, pkColumn=ID) - start
170240 [main] DEBUG org.dbunit.database.search.AbstractMetaDataBasedSearchCallback  - createFKEdge(rs=org.apache.commons.dbcp.DelegatingResultSet@51ccd024, type=0, from=SCOPEDCONTENT_SCOPEDCONTENTITEM, to=SCOPEDCONTENT, fkColumn=SCOPED_CONTENT_ITEM_ID, pkColumn=ID) - start
170240 [main] DEBUG org.dbunit.database.search.AbstractMetaDataBasedSearchCallback  - Adding edge SCOPEDCONTENT_SCOPEDCONTENTITEM(SCOPED_CONTENT_ITEM_ID)->SCOPEDCONTENT(ID)
170240 [main] DEBUG org.dbunit.util.search.Edge  - compareTo(o=SCOPEDCONTENT_SCOPEDCONTENTITEM(SCOPED_CONTENT_ITEM_ID)->SCOPEDCONTENT(ID)) - start
170240 [main] DEBUG org.dbunit.util.QualifiedTableName  - getQualifiedNameIfEnabled(config=org.dbunit.database.DatabaseConfig[, _propertyMap={http://www.dbunit.org/properties/statementFactory=org.dbunit.database.statement.PreparedStatementFactory@626bc2b8, http://www.dbunit.org/features/caseSensitiveTableNames=false, http://www.dbunit.org/properties/fetchSize=100, http://www.dbunit.org/features/batchedStatements=false, http://www.dbunit.org/properties/metadataHandler=org.dbunit.database.DefaultMetadataHandler@62baffef, http://www.dbunit.org/properties/datatypeFactory=org.dbunit.dataset.datatype.DefaultDataTypeFactory[_toleratedDeltaMap=org.dbunit.dataset.datatype.ToleratedDeltaMap@6452310a], http://www.dbunit.org/properties/escapePattern=null, http://www.dbunit.org/properties/batchSize=100, http://www.dbunit.org/features/qualifiedTableNames=false, http://www.dbunit.org/properties/tableType=[Ljava.lang.String;@5011bafa, http://www.dbunit.org/properties/resultSetTableFactory=org.dbunit.database.CachedResultSetTableFactory@10bcf083, http://www.dbunit.org/features/datatypeWarning=true}]) - start
170240 [main] TRACE org.dbunit.database.DatabaseConfig  - getFeature(name=http://www.dbunit.org/features/qualifiedTableNames) - start
170240 [main] TRACE org.dbunit.database.DatabaseConfig  - getProperty(name=http://www.dbunit.org/features/qualifiedTableNames) - start
170240 [main] DEBUG org.dbunit.util.QualifiedTableName  - Qualified table names feature is disabled. Returning plain table name
170240 [main] DEBUG org.dbunit.util.QualifiedTableName  - getQualifiedName(prefix=null, name=SCOPEDCONTENT_SCOPEDCONTENTITEM, escapePattern=null) - start
170240 [main] DEBUG org.dbunit.util.QualifiedTableName  - getQualifiedNameIfEnabled(config=org.dbunit.database.DatabaseConfig[, _propertyMap={http://www.dbunit.org/properties/statementFactory=org.dbunit.database.statement.PreparedStatementFactory@626bc2b8, http://www.dbunit.org/features/caseSensitiveTableNames=false, http://www.dbunit.org/properties/fetchSize=100, http://www.dbunit.org/features/batchedStatements=false, http://www.dbunit.org/properties/metadataHandler=org.dbunit.database.DefaultMetadataHandler@62baffef, http://www.dbunit.org/properties/datatypeFactory=org.dbunit.dataset.datatype.DefaultDataTypeFactory[_toleratedDeltaMap=org.dbunit.dataset.datatype.ToleratedDeltaMap@6452310a], http://www.dbunit.org/properties/escapePattern=null, http://www.dbunit.org/properties/batchSize=100, http://www.dbunit.org/features/qualifiedTableNames=false, http://www.dbunit.org/properties/tableType=[Ljava.lang.String;@5011bafa, http://www.dbunit.org/properties/resultSetTableFactory=org.dbunit.database.CachedResultSetTableFactory@10bcf083, http://www.dbunit.org/features/datatypeWarning=true}]) - start
170240 [main] TRACE org.dbunit.database.DatabaseConfig  - getFeature(name=http://www.dbunit.org/features/qualifiedTableNames) - start
170240 [main] TRACE org.dbunit.database.DatabaseConfig  - getProperty(name=http://www.dbunit.org/features/qualifiedTableNames) - start
170240 [main] DEBUG org.dbunit.util.QualifiedTableName  - Qualified table names feature is disabled. Returning plain table name
170240 [main] DEBUG org.dbunit.util.QualifiedTableName  - getQualifiedName(prefix=null, name=SCOPEDCONTENTITEM, escapePattern=null) - start
170240 [main] DEBUG org.dbunit.database.search.AbstractMetaDataBasedSearchCallback  - newEdge(rs=org.apache.commons.dbcp.DelegatingResultSet@51ccd024, type=0, from=SCOPEDCONTENT_SCOPEDCONTENTITEM, to=SCOPEDCONTENTITEM, fkColumn=SCOPED_CONTENT_ID, pkColumn=ID) - start
170240 [main] DEBUG org.dbunit.database.search.AbstractMetaDataBasedSearchCallback  - createFKEdge(rs=org.apache.commons.dbcp.DelegatingResultSet@51ccd024, type=0, from=SCOPEDCONTENT_SCOPEDCONTENTITEM, to=SCOPEDCONTENTITEM, fkColumn=SCOPED_CONTENT_ID, pkColumn=ID) - start
170240 [main] DEBUG org.dbunit.database.search.AbstractMetaDataBasedSearchCallback  - Adding edge SCOPEDCONTENT_SCOPEDCONTENTITEM(SCOPED_CONTENT_ID)->SCOPEDCONTENTITEM(ID)
170240 [main] DEBUG org.dbunit.util.search.Edge  - compareTo(o=SCOPEDCONTENT_SCOPEDCONTENTITEM(SCOPED_CONTENT_ITEM_ID)->SCOPEDCONTENT(ID)) - start
170240 [main] DEBUG org.dbunit.util.SQLHelper  - close(resultSet=org.apache.commons.dbcp.DelegatingResultSet@51ccd024) - start
170241 [main] DEBUG org.dbunit.util.search.DepthFirstSearch  - search:SCOPEDCONTENT
170241 [main] DEBUG org.dbunit.database.search.ImportedKeysSearchCallback  - searchNode(node=SCOPEDCONTENT) - start
170241 [main] DEBUG org.dbunit.util.search.DepthFirstSearch  - Pushing SCOPEDCONTENT
170241 [main] DEBUG org.dbunit.database.search.ImportedKeysSearchCallback  - getEdges(node=SCOPEDCONTENT) - start
170241 [main] DEBUG org.dbunit.database.search.AbstractMetaDataBasedSearchCallback  - getNodesFromImportedKeys(node=SCOPEDCONTENT) - start
170241 [main] DEBUG org.dbunit.database.search.AbstractMetaDataBasedSearchCallback  - getNodes(type=0, node=SCOPEDCONTENT) - start
170241 [main] DEBUG org.dbunit.database.DatabaseDataSourceConnection  - getConnection() - start
170241 [main] DEBUG org.dbunit.database.search.AbstractMetaDataBasedSearchCallback  - getNodes(type=0, node=SCOPEDCONTENT, conn=Transaction-aware proxy for target Connection [jdbc:hsqldb:mem:kontrollDS, UserName=sw, HSQL Database Engine Driver], schema=null, metaData=org.apache.commons.dbcp.DelegatingDatabaseMetaData@5d751570, edges=[]) - start
170241 [main] DEBUG org.dbunit.database.search.AbstractMetaDataBasedSearchCallback  - Getting edges for node SCOPEDCONTENT
170241 [main] TRACE org.dbunit.database.DatabaseConfig  - getProperty(name=http://www.dbunit.org/properties/metadataHandler) - start
170241 [main] TRACE org.dbunit.database.DefaultMetadataHandler  - tableExists(metaData=org.apache.commons.dbcp.DelegatingDatabaseMetaData@5d751570, schemaName=null, tableName=SCOPEDCONTENT) - start
170242 [main] DEBUG org.dbunit.util.SQLHelper  - close(resultSet=org.apache.commons.dbcp.DelegatingResultSet@79ff9be6) - start
170242 [main] DEBUG org.dbunit.util.QualifiedTableName  - getQualifiedNameIfEnabled(config=org.dbunit.database.DatabaseConfig[, _propertyMap={http://www.dbunit.org/properties/statementFactory=org.dbunit.database.statement.PreparedStatementFactory@626bc2b8, http://www.dbunit.org/features/caseSensitiveTableNames=false, http://www.dbunit.org/properties/fetchSize=100, http://www.dbunit.org/features/batchedStatements=false, http://www.dbunit.org/properties/metadataHandler=org.dbunit.database.DefaultMetadataHandler@62baffef, http://www.dbunit.org/properties/datatypeFactory=org.dbunit.dataset.datatype.DefaultDataTypeFactory[_toleratedDeltaMap=org.dbunit.dataset.datatype.ToleratedDeltaMap@6452310a], http://www.dbunit.org/properties/escapePattern=null, http://www.dbunit.org/properties/batchSize=100, http://www.dbunit.org/features/qualifiedTableNames=false, http://www.dbunit.org/properties/tableType=[Ljava.lang.String;@5011bafa, http://www.dbunit.org/properties/resultSetTableFactory=org.dbunit.database.CachedResultSetTableFactory@10bcf083, http://www.dbunit.org/features/datatypeWarning=true}]) - start
170243 [main] TRACE org.dbunit.database.DatabaseConfig  - getFeature(name=http://www.dbunit.org/features/qualifiedTableNames) - start
170243 [main] TRACE org.dbunit.database.DatabaseConfig  - getProperty(name=http://www.dbunit.org/features/qualifiedTableNames) - start
170243 [main] DEBUG org.dbunit.util.QualifiedTableName  - Qualified table names feature is disabled. Returning plain table name
170243 [main] DEBUG org.dbunit.util.QualifiedTableName  - getQualifiedName(prefix=null, name=SCOPEDCONTENT, escapePattern=null) - start
170243 [main] DEBUG org.dbunit.util.QualifiedTableName  - getQualifiedNameIfEnabled(config=org.dbunit.database.DatabaseConfig[, _propertyMap={http://www.dbunit.org/properties/statementFactory=org.dbunit.database.statement.PreparedStatementFactory@626bc2b8, http://www.dbunit.org/features/caseSensitiveTableNames=false, http://www.dbunit.org/properties/fetchSize=100, http://www.dbunit.org/features/batchedStatements=false, http://www.dbunit.org/properties/metadataHandler=org.dbunit.database.DefaultMetadataHandler@62baffef, http://www.dbunit.org/properties/datatypeFactory=org.dbunit.dataset.datatype.DefaultDataTypeFactory[_toleratedDeltaMap=org.dbunit.dataset.datatype.ToleratedDeltaMap@6452310a], http://www.dbunit.org/properties/escapePattern=null, http://www.dbunit.org/properties/batchSize=100, http://www.dbunit.org/features/qualifiedTableNames=false, http://www.dbunit.org/properties/tableType=[Ljava.lang.String;@5011bafa, http://www.dbunit.org/properties/resultSetTableFactory=org.dbunit.database.CachedResultSetTableFactory@10bcf083, http://www.dbunit.org/features/datatypeWarning=true}]) - start
170243 [main] TRACE org.dbunit.database.DatabaseConfig  - getFeature(name=http://www.dbunit.org/features/qualifiedTableNames) - start
170243 [main] TRACE org.dbunit.database.DatabaseConfig  - getProperty(name=http://www.dbunit.org/features/qualifiedTableNames) - start
170243 [main] DEBUG org.dbunit.util.QualifiedTableName  - Qualified table names feature is disabled. Returning plain table name
170243 [main] DEBUG org.dbunit.util.QualifiedTableName  - getQualifiedName(prefix=null, name=SCOPE, escapePattern=null) - start
170243 [main] DEBUG org.dbunit.database.search.AbstractMetaDataBasedSearchCallback  - newEdge(rs=org.apache.commons.dbcp.DelegatingResultSet@5440289, type=0, from=SCOPEDCONTENT, to=SCOPE, fkColumn=SCOPE, pkColumn=ID) - start
170243 [main] DEBUG org.dbunit.database.search.AbstractMetaDataBasedSearchCallback  - createFKEdge(rs=org.apache.commons.dbcp.DelegatingResultSet@5440289, type=0, from=SCOPEDCONTENT, to=SCOPE, fkColumn=SCOPE, pkColumn=ID) - start
170243 [main] DEBUG org.dbunit.database.search.AbstractMetaDataBasedSearchCallback  - Adding edge SCOPEDCONTENT(SCOPE)->SCOPE(ID)
170243 [main] DEBUG org.dbunit.util.search.Edge  - compareTo(o=SCOPEDCONTENT(SCOPE)->SCOPE(ID)) - start
170243 [main] DEBUG org.dbunit.util.SQLHelper  - close(resultSet=org.apache.commons.dbcp.DelegatingResultSet@5440289) - start
170243 [main] DEBUG org.dbunit.util.search.DepthFirstSearch  - search:SCOPE
170243 [main] DEBUG org.dbunit.database.search.ImportedKeysSearchCallback  - searchNode(node=SCOPE) - start
170243 [main] DEBUG org.dbunit.util.search.DepthFirstSearch  - Pushing SCOPE
170243 [main] DEBUG org.dbunit.database.search.ImportedKeysSearchCallback  - getEdges(node=SCOPE) - start
170243 [main] DEBUG org.dbunit.database.search.AbstractMetaDataBasedSearchCallback  - getNodesFromImportedKeys(node=SCOPE) - start
170244 [main] DEBUG org.dbunit.database.search.AbstractMetaDataBasedSearchCallback  - getNodes(type=0, node=SCOPE) - start
170244 [main] DEBUG org.dbunit.database.DatabaseDataSourceConnection  - getConnection() - start
170244 [main] DEBUG org.dbunit.database.search.AbstractMetaDataBasedSearchCallback  - getNodes(type=0, node=SCOPE, conn=Transaction-aware proxy for target Connection [jdbc:hsqldb:mem:kontrollDS, UserName=sw, HSQL Database Engine Driver], schema=null, metaData=org.apache.commons.dbcp.DelegatingDatabaseMetaData@34027312, edges=[]) - start
170244 [main] DEBUG org.dbunit.database.search.AbstractMetaDataBasedSearchCallback  - Getting edges for node SCOPE
170244 [main] TRACE org.dbunit.database.DatabaseConfig  - getProperty(name=http://www.dbunit.org/properties/metadataHandler) - start
170244 [main] TRACE org.dbunit.database.DefaultMetadataHandler  - tableExists(metaData=org.apache.commons.dbcp.DelegatingDatabaseMetaData@34027312, schemaName=null, tableName=SCOPE) - start
170245 [main] DEBUG org.dbunit.util.SQLHelper  - close(resultSet=org.apache.commons.dbcp.DelegatingResultSet@5c43c25f) - start
170246 [main] DEBUG org.dbunit.util.SQLHelper  - close(resultSet=org.apache.commons.dbcp.DelegatingResultSet@2d606580) - start
170246 [main] DEBUG org.dbunit.util.search.DepthFirstSearch  - Adding node SCOPE to the final result
170246 [main] DEBUG org.dbunit.util.search.DepthFirstSearch  - Adding node SCOPEDCONTENT to the final result
170246 [main] DEBUG org.dbunit.util.search.DepthFirstSearch  - search:SCOPEDCONTENTITEM
170246 [main] DEBUG org.dbunit.database.search.ImportedKeysSearchCallback  - searchNode(node=SCOPEDCONTENTITEM) - start
170246 [main] DEBUG org.dbunit.util.search.DepthFirstSearch  - Pushing SCOPEDCONTENTITEM
170246 [main] DEBUG org.dbunit.util.search.DepthFirstSearch  - Adding node SCOPEDCONTENTITEM to the final result
170246 [main] DEBUG org.dbunit.util.search.DepthFirstSearch  - Adding node SCOPEDCONTENT_SCOPEDCONTENTITEM to the final result
170246 [main] DEBUG org.dbunit.util.search.DepthFirstSearch  - reverseSearch:SCOPEDCONTENT
170246 [main] DEBUG org.dbunit.database.search.ImportedKeysSearchCallback  - searchNode(node=SCOPEDCONTENT) - start
170246 [main] DEBUG org.dbunit.util.search.DepthFirstSearch  - Pushing (reverse) SCOPEDCONTENT
170246 [main] DEBUG org.dbunit.database.search.ImportedKeysSearchCallback  - getEdges(node=SCOPEDCONTENT) - start
170246 [main] DEBUG org.dbunit.database.search.AbstractMetaDataBasedSearchCallback  - getNodesFromImportedKeys(node=SCOPEDCONTENT) - start
170246 [main] DEBUG org.dbunit.database.search.AbstractMetaDataBasedSearchCallback  - getNodes(type=0, node=SCOPEDCONTENT) - start
170246 [main] DEBUG org.dbunit.database.DatabaseDataSourceConnection  - getConnection() - start
170246 [main] DEBUG org.dbunit.database.search.AbstractMetaDataBasedSearchCallback  - getNodes(type=0, node=SCOPEDCONTENT, conn=Transaction-aware proxy for target Connection [jdbc:hsqldb:mem:kontrollDS, UserName=sw, HSQL Database Engine Driver], schema=null, metaData=org.apache.commons.dbcp.DelegatingDatabaseMetaData@13a7cdc6, edges=[]) - start
170246 [main] DEBUG org.dbunit.database.search.AbstractMetaDataBasedSearchCallback  - Getting edges for node SCOPEDCONTENT
170246 [main] TRACE org.dbunit.database.DatabaseConfig  - getProperty(name=http://www.dbunit.org/properties/metadataHandler) - start
170246 [main] TRACE org.dbunit.database.DefaultMetadataHandler  - tableExists(metaData=org.apache.commons.dbcp.DelegatingDatabaseMetaData@13a7cdc6, schemaName=null, tableName=SCOPEDCONTENT) - start
170247 [main] DEBUG org.dbunit.util.SQLHelper  - close(resultSet=org.apache.commons.dbcp.DelegatingResultSet@6bb172b7) - start
170247 [main] DEBUG org.dbunit.util.QualifiedTableName  - getQualifiedNameIfEnabled(config=org.dbunit.database.DatabaseConfig[, _propertyMap={http://www.dbunit.org/properties/statementFactory=org.dbunit.database.statement.PreparedStatementFactory@626bc2b8, http://www.dbunit.org/features/caseSensitiveTableNames=false, http://www.dbunit.org/properties/fetchSize=100, http://www.dbunit.org/features/batchedStatements=false, http://www.dbunit.org/properties/metadataHandler=org.dbunit.database.DefaultMetadataHandler@62baffef, http://www.dbunit.org/properties/datatypeFactory=org.dbunit.dataset.datatype.DefaultDataTypeFactory[_toleratedDeltaMap=org.dbunit.dataset.datatype.ToleratedDeltaMap@6452310a], http://www.dbunit.org/properties/escapePattern=null, http://www.dbunit.org/properties/batchSize=100, http://www.dbunit.org/features/qualifiedTableNames=false, http://www.dbunit.org/properties/tableType=[Ljava.lang.String;@5011bafa, http://www.dbunit.org/properties/resultSetTableFactory=org.dbunit.database.CachedResultSetTableFactory@10bcf083, http://www.dbunit.org/features/datatypeWarning=true}]) - start
170248 [main] TRACE org.dbunit.database.DatabaseConfig  - getFeature(name=http://www.dbunit.org/features/qualifiedTableNames) - start
170248 [main] TRACE org.dbunit.database.DatabaseConfig  - getProperty(name=http://www.dbunit.org/features/qualifiedTableNames) - start
170248 [main] DEBUG org.dbunit.util.QualifiedTableName  - Qualified table names feature is disabled. Returning plain table name
170248 [main] DEBUG org.dbunit.util.QualifiedTableName  - getQualifiedName(prefix=null, name=SCOPEDCONTENT, escapePattern=null) - start
170248 [main] DEBUG org.dbunit.util.QualifiedTableName  - getQualifiedNameIfEnabled(config=org.dbunit.database.DatabaseConfig[, _propertyMap={http://www.dbunit.org/properties/statementFactory=org.dbunit.database.statement.PreparedStatementFactory@626bc2b8, http://www.dbunit.org/features/caseSensitiveTableNames=false, http://www.dbunit.org/properties/fetchSize=100, http://www.dbunit.org/features/batchedStatements=false, http://www.dbunit.org/properties/metadataHandler=org.dbunit.database.DefaultMetadataHandler@62baffef, http://www.dbunit.org/properties/datatypeFactory=org.dbunit.dataset.datatype.DefaultDataTypeFactory[_toleratedDeltaMap=org.dbunit.dataset.datatype.ToleratedDeltaMap@6452310a], http://www.dbunit.org/properties/escapePattern=null, http://www.dbunit.org/properties/batchSize=100, http://www.dbunit.org/features/qualifiedTableNames=false, http://www.dbunit.org/properties/tableType=[Ljava.lang.String;@5011bafa, http://www.dbunit.org/properties/resultSetTableFactory=org.dbunit.database.CachedResultSetTableFactory@10bcf083, http://www.dbunit.org/features/datatypeWarning=true}]) - start
170248 [main] TRACE org.dbunit.database.DatabaseConfig  - getFeature(name=http://www.dbunit.org/features/qualifiedTableNames) - start
170248 [main] TRACE org.dbunit.database.DatabaseConfig  - getProperty(name=http://www.dbunit.org/features/qualifiedTableNames) - start
170248 [main] DEBUG org.dbunit.util.QualifiedTableName  - Qualified table names feature is disabled. Returning plain table name
170248 [main] DEBUG org.dbunit.util.QualifiedTableName  - getQualifiedName(prefix=null, name=SCOPE, escapePattern=null) - start
170248 [main] DEBUG org.dbunit.database.search.AbstractMetaDataBasedSearchCallback  - newEdge(rs=org.apache.commons.dbcp.DelegatingResultSet@792ee0e0, type=0, from=SCOPEDCONTENT, to=SCOPE, fkColumn=SCOPE, pkColumn=ID) - start
170248 [main] DEBUG org.dbunit.database.search.AbstractMetaDataBasedSearchCallback  - createFKEdge(rs=org.apache.commons.dbcp.DelegatingResultSet@792ee0e0, type=0, from=SCOPEDCONTENT, to=SCOPE, fkColumn=SCOPE, pkColumn=ID) - start
170248 [main] DEBUG org.dbunit.database.search.AbstractMetaDataBasedSearchCallback  - Adding edge SCOPEDCONTENT(SCOPE)->SCOPE(ID)
170248 [main] DEBUG org.dbunit.util.search.Edge  - compareTo(o=SCOPEDCONTENT(SCOPE)->SCOPE(ID)) - start
170248 [main] DEBUG org.dbunit.util.SQLHelper  - close(resultSet=org.apache.commons.dbcp.DelegatingResultSet@792ee0e0) - start
170248 [main] DEBUG org.dbunit.util.search.DepthFirstSearch  - reverseSearch:SCOPEDCONTENTITEM
170248 [main] DEBUG org.dbunit.database.search.ImportedKeysSearchCallback  - searchNode(node=SCOPEDCONTENTITEM) - start
170248 [main] DEBUG org.dbunit.util.search.DepthFirstSearch  - Pushing (reverse) SCOPEDCONTENTITEM
170248 [main] DEBUG org.dbunit.database.search.ImportedKeysSearchCallback  - getEdges(node=SCOPEDCONTENTITEM) - start
170248 [main] DEBUG org.dbunit.database.search.AbstractMetaDataBasedSearchCallback  - getNodesFromImportedKeys(node=SCOPEDCONTENTITEM) - start
170248 [main] DEBUG org.dbunit.database.search.AbstractMetaDataBasedSearchCallback  - getNodes(type=0, node=SCOPEDCONTENTITEM) - start
170248 [main] DEBUG org.dbunit.database.DatabaseDataSourceConnection  - getConnection() - start
170249 [main] DEBUG org.dbunit.database.search.AbstractMetaDataBasedSearchCallback  - getNodes(type=0, node=SCOPEDCONTENTITEM, conn=Transaction-aware proxy for target Connection [jdbc:hsqldb:mem:kontrollDS, UserName=sw, HSQL Database Engine Driver], schema=null, metaData=org.apache.commons.dbcp.DelegatingDatabaseMetaData@74add047, edges=[]) - start
170249 [main] DEBUG org.dbunit.database.search.AbstractMetaDataBasedSearchCallback  - Getting edges for node SCOPEDCONTENTITEM
170249 [main] TRACE org.dbunit.database.DatabaseConfig  - getProperty(name=http://www.dbunit.org/properties/metadataHandler) - start
170249 [main] TRACE org.dbunit.database.DefaultMetadataHandler  - tableExists(metaData=org.apache.commons.dbcp.DelegatingDatabaseMetaData@74add047, schemaName=null, tableName=SCOPEDCONTENTITEM) - start
170250 [main] DEBUG org.dbunit.util.SQLHelper  - close(resultSet=org.apache.commons.dbcp.DelegatingResultSet@53842b32) - start
170250 [main] DEBUG org.dbunit.util.SQLHelper  - close(resultSet=org.apache.commons.dbcp.DelegatingResultSet@57fe4ae5) - start
170250 [main] DEBUG org.dbunit.util.search.DepthFirstSearch  - reverseSearch:SCOPEDCONTENT_SCOPEDCONTENTITEM
170250 [main] DEBUG org.dbunit.util.search.DepthFirstSearch  - already searched; returning true
170250 [main] DEBUG org.dbunit.util.search.DepthFirstSearch  - reverseSearch:SCOPE
170250 [main] DEBUG org.dbunit.database.search.ImportedKeysSearchCallback  - searchNode(node=SCOPE) - start
170250 [main] DEBUG org.dbunit.util.search.DepthFirstSearch  - Pushing (reverse) SCOPE
170250 [main] DEBUG org.dbunit.database.search.ImportedKeysSearchCallback  - getEdges(node=SCOPE) - start
170250 [main] DEBUG org.dbunit.database.search.AbstractMetaDataBasedSearchCallback  - getNodesFromImportedKeys(node=SCOPE) - start
170250 [main] DEBUG org.dbunit.database.search.AbstractMetaDataBasedSearchCallback  - getNodes(type=0, node=SCOPE) - start
170250 [main] DEBUG org.dbunit.database.DatabaseDataSourceConnection  - getConnection() - start
170250 [main] DEBUG org.dbunit.database.search.AbstractMetaDataBasedSearchCallback  - getNodes(type=0, node=SCOPE, conn=Transaction-aware proxy for target Connection [jdbc:hsqldb:mem:kontrollDS, UserName=sw, HSQL Database Engine Driver], schema=null, metaData=org.apache.commons.dbcp.DelegatingDatabaseMetaData@77e72d84, edges=[]) - start
170250 [main] DEBUG org.dbunit.database.search.AbstractMetaDataBasedSearchCallback  - Getting edges for node SCOPE
170250 [main] TRACE org.dbunit.database.DatabaseConfig  - getProperty(name=http://www.dbunit.org/properties/metadataHandler) - start
170250 [main] TRACE org.dbunit.database.DefaultMetadataHandler  - tableExists(metaData=org.apache.commons.dbcp.DelegatingDatabaseMetaData@77e72d84, schemaName=null, tableName=SCOPE) - start
170251 [main] DEBUG org.dbunit.util.SQLHelper  - close(resultSet=org.apache.commons.dbcp.DelegatingResultSet@1d0f54ab) - start
170252 [main] DEBUG org.dbunit.util.SQLHelper  - close(resultSet=org.apache.commons.dbcp.DelegatingResultSet@4f620093) - start
170252 [main] DEBUG org.dbunit.util.search.DepthFirstSearch  - search:SCOPEDCONTENT_SCOPEDCONTENTITEM
170252 [main] DEBUG org.dbunit.util.search.DepthFirstSearch  - already searched; returning true
170252 [main] DEBUG org.dbunit.util.search.DepthFirstSearch  - search:SCOPEDCONTENT
170252 [main] DEBUG org.dbunit.util.search.DepthFirstSearch  - already searched; returning true
170252 [main] DEBUG org.dbunit.util.search.DepthFirstSearch  - search:SCOPEDCONTENTITEM
170252 [main] DEBUG org.dbunit.util.search.DepthFirstSearch  - already searched; returning true
170252 [main] DEBUG org.dbunit.util.search.DepthFirstSearch  - search:SCOPE
170252 [main] DEBUG org.dbunit.util.search.DepthFirstSearch  - already searched; returning true
170253 [main] DEBUG org.dbunit.database.DatabaseSequenceFilter  - getDependencyInfo(connection=_databaseConfig=org.dbunit.database.DatabaseConfig[, _propertyMap={http://www.dbunit.org/properties/statementFactory=org.dbunit.database.statement.PreparedStatementFactory@626bc2b8, http://www.dbunit.org/features/caseSensitiveTableNames=false, http://www.dbunit.org/properties/fetchSize=100, http://www.dbunit.org/features/batchedStatements=false, http://www.dbunit.org/properties/metadataHandler=org.dbunit.database.DefaultMetadataHandler@62baffef, http://www.dbunit.org/properties/datatypeFactory=org.dbunit.dataset.datatype.DefaultDataTypeFactory[_toleratedDeltaMap=org.dbunit.dataset.datatype.ToleratedDeltaMap@6452310a], http://www.dbunit.org/properties/escapePattern=null, http://www.dbunit.org/properties/batchSize=100, http://www.dbunit.org/features/qualifiedTableNames=false, http://www.dbunit.org/properties/tableType=[Ljava.lang.String;@5011bafa, http://www.dbunit.org/properties/resultSetTableFactory=org.dbunit.database.CachedResultSetTableFactory@10bcf083, http://www.dbunit.org/features/datatypeWarning=true}], _dataSet=AbstractDataSet[_orderedTableNameMap=null], tableName=SCOPE_REQUESTCONTEXT) - start
170253 [main] DEBUG org.dbunit.database.search.TablesDependencyHelper  - getDependentTables(connection=_databaseConfig=org.dbunit.database.DatabaseConfig[, _propertyMap={http://www.dbunit.org/properties/statementFactory=org.dbunit.database.statement.PreparedStatementFactory@626bc2b8, http://www.dbunit.org/features/caseSensitiveTableNames=false, http://www.dbunit.org/properties/fetchSize=100, http://www.dbunit.org/features/batchedStatements=false, http://www.dbunit.org/properties/metadataHandler=org.dbunit.database.DefaultMetadataHandler@62baffef, http://www.dbunit.org/properties/datatypeFactory=org.dbunit.dataset.datatype.DefaultDataTypeFactory[_toleratedDeltaMap=org.dbunit.dataset.datatype.ToleratedDeltaMap@6452310a], http://www.dbunit.org/properties/escapePattern=null, http://www.dbunit.org/properties/batchSize=100, http://www.dbunit.org/features/qualifiedTableNames=false, http://www.dbunit.org/properties/tableType=[Ljava.lang.String;@5011bafa, http://www.dbunit.org/properties/resultSetTableFactory=org.dbunit.database.CachedResultSetTableFactory@10bcf083, http://www.dbunit.org/features/datatypeWarning=true}], _dataSet=AbstractDataSet[_orderedTableNameMap=null], rootTable=SCOPE_REQUESTCONTEXT) - start
170253 [main] DEBUG org.dbunit.database.search.TablesDependencyHelper  - getDependentTables(connection=_databaseConfig=org.dbunit.database.DatabaseConfig[, _propertyMap={http://www.dbunit.org/properties/statementFactory=org.dbunit.database.statement.PreparedStatementFactory@626bc2b8, http://www.dbunit.org/features/caseSensitiveTableNames=false, http://www.dbunit.org/properties/fetchSize=100, http://www.dbunit.org/features/batchedStatements=false, http://www.dbunit.org/properties/metadataHandler=org.dbunit.database.DefaultMetadataHandler@62baffef, http://www.dbunit.org/properties/datatypeFactory=org.dbunit.dataset.datatype.DefaultDataTypeFactory[_toleratedDeltaMap=org.dbunit.dataset.datatype.ToleratedDeltaMap@6452310a], http://www.dbunit.org/properties/escapePattern=null, http://www.dbunit.org/properties/batchSize=100, http://www.dbunit.org/features/qualifiedTableNames=false, http://www.dbunit.org/properties/tableType=[Ljava.lang.String;@5011bafa, http://www.dbunit.org/properties/resultSetTableFactory=org.dbunit.database.CachedResultSetTableFactory@10bcf083, http://www.dbunit.org/features/datatypeWarning=true}], _dataSet=AbstractDataSet[_orderedTableNameMap=null], rootTables=[SCOPE_REQUESTCONTEXT]) - start
170253 [main] DEBUG org.dbunit.util.search.DepthFirstSearch  - search(nodesFrom=[SCOPE_REQUESTCONTEXT], callback=org.dbunit.database.search.ImportedKeysSearchCallback@24b6f4dc) - start
170253 [main] DEBUG org.dbunit.util.CollectionsHelper  - objectsToSet(objects=SCOPE_REQUESTCONTEXT) - start
170253 [main] DEBUG org.dbunit.util.search.DepthFirstSearch  - search(nodesFrom=[SCOPE_REQUESTCONTEXT], callback=org.dbunit.database.search.ImportedKeysSearchCallback@24b6f4dc) - start
170253 [main] DEBUG org.dbunit.util.search.DepthFirstSearch  - reverseSearch:SCOPE_REQUESTCONTEXT
170253 [main] DEBUG org.dbunit.database.search.ImportedKeysSearchCallback  - searchNode(node=SCOPE_REQUESTCONTEXT) - start
170253 [main] DEBUG org.dbunit.util.search.DepthFirstSearch  - Pushing (reverse) SCOPE_REQUESTCONTEXT
170253 [main] DEBUG org.dbunit.database.search.ImportedKeysSearchCallback  - getEdges(node=SCOPE_REQUESTCONTEXT) - start
170253 [main] DEBUG org.dbunit.database.search.AbstractMetaDataBasedSearchCallback  - getNodesFromImportedKeys(node=SCOPE_REQUESTCONTEXT) - start
170253 [main] DEBUG org.dbunit.database.search.AbstractMetaDataBasedSearchCallback  - getNodes(type=0, node=SCOPE_REQUESTCONTEXT) - start
170253 [main] DEBUG org.dbunit.database.DatabaseDataSourceConnection  - getConnection() - start
170253 [main] DEBUG org.dbunit.database.search.AbstractMetaDataBasedSearchCallback  - getNodes(type=0, node=SCOPE_REQUESTCONTEXT, conn=Transaction-aware proxy for target Connection [jdbc:hsqldb:mem:kontrollDS, UserName=sw, HSQL Database Engine Driver], schema=null, metaData=org.apache.commons.dbcp.DelegatingDatabaseMetaData@6785aa58, edges=[]) - start
170253 [main] DEBUG org.dbunit.database.search.AbstractMetaDataBasedSearchCallback  - Getting edges for node SCOPE_REQUESTCONTEXT
170253 [main] TRACE org.dbunit.database.DatabaseConfig  - getProperty(name=http://www.dbunit.org/properties/metadataHandler) - start
170253 [main] TRACE org.dbunit.database.DefaultMetadataHandler  - tableExists(metaData=org.apache.commons.dbcp.DelegatingDatabaseMetaData@6785aa58, schemaName=null, tableName=SCOPE_REQUESTCONTEXT) - start
170255 [main] DEBUG org.dbunit.util.SQLHelper  - close(resultSet=org.apache.commons.dbcp.DelegatingResultSet@309b4547) - start
170255 [main] DEBUG org.dbunit.util.QualifiedTableName  - getQualifiedNameIfEnabled(config=org.dbunit.database.DatabaseConfig[, _propertyMap={http://www.dbunit.org/properties/statementFactory=org.dbunit.database.statement.PreparedStatementFactory@626bc2b8, http://www.dbunit.org/features/caseSensitiveTableNames=false, http://www.dbunit.org/properties/fetchSize=100, http://www.dbunit.org/features/batchedStatements=false, http://www.dbunit.org/properties/metadataHandler=org.dbunit.database.DefaultMetadataHandler@62baffef, http://www.dbunit.org/properties/datatypeFactory=org.dbunit.dataset.datatype.DefaultDataTypeFactory[_toleratedDeltaMap=org.dbunit.dataset.datatype.ToleratedDeltaMap@6452310a], http://www.dbunit.org/properties/escapePattern=null, http://www.dbunit.org/properties/batchSize=100, http://www.dbunit.org/features/qualifiedTableNames=false, http://www.dbunit.org/properties/tableType=[Ljava.lang.String;@5011bafa, http://www.dbunit.org/properties/resultSetTableFactory=org.dbunit.database.CachedResultSetTableFactory@10bcf083, http://www.dbunit.org/features/datatypeWarning=true}]) - start
170255 [main] TRACE org.dbunit.database.DatabaseConfig  - getFeature(name=http://www.dbunit.org/features/qualifiedTableNames) - start
170255 [main] TRACE org.dbunit.database.DatabaseConfig  - getProperty(name=http://www.dbunit.org/features/qualifiedTableNames) - start
170255 [main] DEBUG org.dbunit.util.QualifiedTableName  - Qualified table names feature is disabled. Returning plain table name
170255 [main] DEBUG org.dbunit.util.QualifiedTableName  - getQualifiedName(prefix=null, name=SCOPE_REQUESTCONTEXT, escapePattern=null) - start
170255 [main] DEBUG org.dbunit.util.QualifiedTableName  - getQualifiedNameIfEnabled(config=org.dbunit.database.DatabaseConfig[, _propertyMap={http://www.dbunit.org/properties/statementFactory=org.dbunit.database.statement.PreparedStatementFactory@626bc2b8, http://www.dbunit.org/features/caseSensitiveTableNames=false, http://www.dbunit.org/properties/fetchSize=100, http://www.dbunit.org/features/batchedStatements=false, http://www.dbunit.org/properties/metadataHandler=org.dbunit.database.DefaultMetadataHandler@62baffef, http://www.dbunit.org/properties/datatypeFactory=org.dbunit.dataset.datatype.DefaultDataTypeFactory[_toleratedDeltaMap=org.dbunit.dataset.datatype.ToleratedDeltaMap@6452310a], http://www.dbunit.org/properties/escapePattern=null, http://www.dbunit.org/properties/batchSize=100, http://www.dbunit.org/features/qualifiedTableNames=false, http://www.dbunit.org/properties/tableType=[Ljava.lang.String;@5011bafa, http://www.dbunit.org/properties/resultSetTableFactory=org.dbunit.database.CachedResultSetTableFactory@10bcf083, http://www.dbunit.org/features/datatypeWarning=true}]) - start
170255 [main] TRACE org.dbunit.database.DatabaseConfig  - getFeature(name=http://www.dbunit.org/features/qualifiedTableNames) - start
170255 [main] TRACE org.dbunit.database.DatabaseConfig  - getProperty(name=http://www.dbunit.org/features/qualifiedTableNames) - start
170255 [main] DEBUG org.dbunit.util.QualifiedTableName  - Qualified table names feature is disabled. Returning plain table name
170255 [main] DEBUG org.dbunit.util.QualifiedTableName  - getQualifiedName(prefix=null, name=REQUESTCONTEXT, escapePattern=null) - start
170255 [main] DEBUG org.dbunit.database.search.AbstractMetaDataBasedSearchCallback  - newEdge(rs=org.apache.commons.dbcp.DelegatingResultSet@4f9d1079, type=0, from=SCOPE_REQUESTCONTEXT, to=REQUESTCONTEXT, fkColumn=REQUEST_CONTEXT_ID, pkColumn=ID) - start
170255 [main] DEBUG org.dbunit.database.search.AbstractMetaDataBasedSearchCallback  - createFKEdge(rs=org.apache.commons.dbcp.DelegatingResultSet@4f9d1079, type=0, from=SCOPE_REQUESTCONTEXT, to=REQUESTCONTEXT, fkColumn=REQUEST_CONTEXT_ID, pkColumn=ID) - start
170255 [main] DEBUG org.dbunit.database.search.AbstractMetaDataBasedSearchCallback  - Adding edge SCOPE_REQUESTCONTEXT(REQUEST_CONTEXT_ID)->REQUESTCONTEXT(ID)
170256 [main] DEBUG org.dbunit.util.search.Edge  - compareTo(o=SCOPE_REQUESTCONTEXT(REQUEST_CONTEXT_ID)->REQUESTCONTEXT(ID)) - start
170256 [main] DEBUG org.dbunit.util.QualifiedTableName  - getQualifiedNameIfEnabled(config=org.dbunit.database.DatabaseConfig[, _propertyMap={http://www.dbunit.org/properties/statementFactory=org.dbunit.database.statement.PreparedStatementFactory@626bc2b8, http://www.dbunit.org/features/caseSensitiveTableNames=false, http://www.dbunit.org/properties/fetchSize=100, http://www.dbunit.org/features/batchedStatements=false, http://www.dbunit.org/properties/metadataHandler=org.dbunit.database.DefaultMetadataHandler@62baffef, http://www.dbunit.org/properties/datatypeFactory=org.dbunit.dataset.datatype.DefaultDataTypeFactory[_toleratedDeltaMap=org.dbunit.dataset.datatype.ToleratedDeltaMap@6452310a], http://www.dbunit.org/properties/escapePattern=null, http://www.dbunit.org/properties/batchSize=100, http://www.dbunit.org/features/qualifiedTableNames=false, http://www.dbunit.org/properties/tableType=[Ljava.lang.String;@5011bafa, http://www.dbunit.org/properties/resultSetTableFactory=org.dbunit.database.CachedResultSetTableFactory@10bcf083, http://www.dbunit.org/features/datatypeWarning=true}]) - start
170256 [main] TRACE org.dbunit.database.DatabaseConfig  - getFeature(name=http://www.dbunit.org/features/qualifiedTableNames) - start
170256 [main] TRACE org.dbunit.database.DatabaseConfig  - getProperty(name=http://www.dbunit.org/features/qualifiedTableNames) - start
170256 [main] DEBUG org.dbunit.util.QualifiedTableName  - Qualified table names feature is disabled. Returning plain table name
170256 [main] DEBUG org.dbunit.util.QualifiedTableName  - getQualifiedName(prefix=null, name=SCOPE_REQUESTCONTEXT, escapePattern=null) - start
170256 [main] DEBUG org.dbunit.util.QualifiedTableName  - getQualifiedNameIfEnabled(config=org.dbunit.database.DatabaseConfig[, _propertyMap={http://www.dbunit.org/properties/statementFactory=org.dbunit.database.statement.PreparedStatementFactory@626bc2b8, http://www.dbunit.org/features/caseSensitiveTableNames=false, http://www.dbunit.org/properties/fetchSize=100, http://www.dbunit.org/features/batchedStatements=false, http://www.dbunit.org/properties/metadataHandler=org.dbunit.database.DefaultMetadataHandler@62baffef, http://www.dbunit.org/properties/datatypeFactory=org.dbunit.dataset.datatype.DefaultDataTypeFactory[_toleratedDeltaMap=org.dbunit.dataset.datatype.ToleratedDeltaMap@6452310a], http://www.dbunit.org/properties/escapePattern=null, http://www.dbunit.org/properties/batchSize=100, http://www.dbunit.org/features/qualifiedTableNames=false, http://www.dbunit.org/properties/tableType=[Ljava.lang.String;@5011bafa, http://www.dbunit.org/properties/resultSetTableFactory=org.dbunit.database.CachedResultSetTableFactory@10bcf083, http://www.dbunit.org/features/datatypeWarning=true}]) - start
170256 [main] TRACE org.dbunit.database.DatabaseConfig  - getFeature(name=http://www.dbunit.org/features/qualifiedTableNames) - start
170256 [main] TRACE org.dbunit.database.DatabaseConfig  - getProperty(name=http://www.dbunit.org/features/qualifiedTableNames) - start
170256 [main] DEBUG org.dbunit.util.QualifiedTableName  - Qualified table names feature is disabled. Returning plain table name
170256 [main] DEBUG org.dbunit.util.QualifiedTableName  - getQualifiedName(prefix=null, name=SCOPE, escapePattern=null) - start
170256 [main] DEBUG org.dbunit.database.search.AbstractMetaDataBasedSearchCallback  - newEdge(rs=org.apache.commons.dbcp.DelegatingResultSet@4f9d1079, type=0, from=SCOPE_REQUESTCONTEXT, to=SCOPE, fkColumn=SCOPE_ID, pkColumn=ID) - start
170256 [main] DEBUG org.dbunit.database.search.AbstractMetaDataBasedSearchCallback  - createFKEdge(rs=org.apache.commons.dbcp.DelegatingResultSet@4f9d1079, type=0, from=SCOPE_REQUESTCONTEXT, to=SCOPE, fkColumn=SCOPE_ID, pkColumn=ID) - start
170256 [main] DEBUG org.dbunit.database.search.AbstractMetaDataBasedSearchCallback  - Adding edge SCOPE_REQUESTCONTEXT(SCOPE_ID)->SCOPE(ID)
170256 [main] DEBUG org.dbunit.util.search.Edge  - compareTo(o=SCOPE_REQUESTCONTEXT(REQUEST_CONTEXT_ID)->REQUESTCONTEXT(ID)) - start
170256 [main] DEBUG org.dbunit.util.SQLHelper  - close(resultSet=org.apache.commons.dbcp.DelegatingResultSet@4f9d1079) - start
170256 [main] DEBUG org.dbunit.util.search.DepthFirstSearch  - search:SCOPE_REQUESTCONTEXT
170256 [main] DEBUG org.dbunit.database.search.ImportedKeysSearchCallback  - searchNode(node=SCOPE_REQUESTCONTEXT) - start
170256 [main] DEBUG org.dbunit.util.search.DepthFirstSearch  - Pushing SCOPE_REQUESTCONTEXT
170256 [main] DEBUG org.dbunit.database.search.ImportedKeysSearchCallback  - getEdges(node=SCOPE_REQUESTCONTEXT) - start
170256 [main] DEBUG org.dbunit.database.search.AbstractMetaDataBasedSearchCallback  - getNodesFromImportedKeys(node=SCOPE_REQUESTCONTEXT) - start
170256 [main] DEBUG org.dbunit.database.search.AbstractMetaDataBasedSearchCallback  - getNodes(type=0, node=SCOPE_REQUESTCONTEXT) - start
170257 [main] DEBUG org.dbunit.database.DatabaseDataSourceConnection  - getConnection() - start
170257 [main] DEBUG org.dbunit.database.search.AbstractMetaDataBasedSearchCallback  - getNodes(type=0, node=SCOPE_REQUESTCONTEXT, conn=Transaction-aware proxy for target Connection [jdbc:hsqldb:mem:kontrollDS, UserName=sw, HSQL Database Engine Driver], schema=null, metaData=org.apache.commons.dbcp.DelegatingDatabaseMetaData@50a4a0c4, edges=[]) - start
170257 [main] DEBUG org.dbunit.database.search.AbstractMetaDataBasedSearchCallback  - Getting edges for node SCOPE_REQUESTCONTEXT
170257 [main] TRACE org.dbunit.database.DatabaseConfig  - getProperty(name=http://www.dbunit.org/properties/metadataHandler) - start
170257 [main] TRACE org.dbunit.database.DefaultMetadataHandler  - tableExists(metaData=org.apache.commons.dbcp.DelegatingDatabaseMetaData@50a4a0c4, schemaName=null, tableName=SCOPE_REQUESTCONTEXT) - start
170258 [main] DEBUG org.dbunit.util.SQLHelper  - close(resultSet=org.apache.commons.dbcp.DelegatingResultSet@65db4cfb) - start
170258 [main] DEBUG org.dbunit.util.QualifiedTableName  - getQualifiedNameIfEnabled(config=org.dbunit.database.DatabaseConfig[, _propertyMap={http://www.dbunit.org/properties/statementFactory=org.dbunit.database.statement.PreparedStatementFactory@626bc2b8, http://www.dbunit.org/features/caseSensitiveTableNames=false, http://www.dbunit.org/properties/fetchSize=100, http://www.dbunit.org/features/batchedStatements=false, http://www.dbunit.org/properties/metadataHandler=org.dbunit.database.DefaultMetadataHandler@62baffef, http://www.dbunit.org/properties/datatypeFactory=org.dbunit.dataset.datatype.DefaultDataTypeFactory[_toleratedDeltaMap=org.dbunit.dataset.datatype.ToleratedDeltaMap@6452310a], http://www.dbunit.org/properties/escapePattern=null, http://www.dbunit.org/properties/batchSize=100, http://www.dbunit.org/features/qualifiedTableNames=false, http://www.dbunit.org/properties/tableType=[Ljava.lang.String;@5011bafa, http://www.dbunit.org/properties/resultSetTableFactory=org.dbunit.database.CachedResultSetTableFactory@10bcf083, http://www.dbunit.org/features/datatypeWarning=true}]) - start
170259 [main] TRACE org.dbunit.database.DatabaseConfig  - getFeature(name=http://www.dbunit.org/features/qualifiedTableNames) - start
170259 [main] TRACE org.dbunit.database.DatabaseConfig  - getProperty(name=http://www.dbunit.org/features/qualifiedTableNames) - start
170259 [main] DEBUG org.dbunit.util.QualifiedTableName  - Qualified table names feature is disabled. Returning plain table name
170259 [main] DEBUG org.dbunit.util.QualifiedTableName  - getQualifiedName(prefix=null, name=SCOPE_REQUESTCONTEXT, escapePattern=null) - start
170259 [main] DEBUG org.dbunit.util.QualifiedTableName  - getQualifiedNameIfEnabled(config=org.dbunit.database.DatabaseConfig[, _propertyMap={http://www.dbunit.org/properties/statementFactory=org.dbunit.database.statement.PreparedStatementFactory@626bc2b8, http://www.dbunit.org/features/caseSensitiveTableNames=false, http://www.dbunit.org/properties/fetchSize=100, http://www.dbunit.org/features/batchedStatements=false, http://www.dbunit.org/properties/metadataHandler=org.dbunit.database.DefaultMetadataHandler@62baffef, http://www.dbunit.org/properties/datatypeFactory=org.dbunit.dataset.datatype.DefaultDataTypeFactory[_toleratedDeltaMap=org.dbunit.dataset.datatype.ToleratedDeltaMap@6452310a], http://www.dbunit.org/properties/escapePattern=null, http://www.dbunit.org/properties/batchSize=100, http://www.dbunit.org/features/qualifiedTableNames=false, http://www.dbunit.org/properties/tableType=[Ljava.lang.String;@5011bafa, http://www.dbunit.org/properties/resultSetTableFactory=org.dbunit.database.CachedResultSetTableFactory@10bcf083, http://www.dbunit.org/features/datatypeWarning=true}]) - start
170259 [main] TRACE org.dbunit.database.DatabaseConfig  - getFeature(name=http://www.dbunit.org/features/qualifiedTableNames) - start
170259 [main] TRACE org.dbunit.database.DatabaseConfig  - getProperty(name=http://www.dbunit.org/features/qualifiedTableNames) - start
170259 [main] DEBUG org.dbunit.util.QualifiedTableName  - Qualified table names feature is disabled. Returning plain table name
170259 [main] DEBUG org.dbunit.util.QualifiedTableName  - getQualifiedName(prefix=null, name=REQUESTCONTEXT, escapePattern=null) - start
170259 [main] DEBUG org.dbunit.database.search.AbstractMetaDataBasedSearchCallback  - newEdge(rs=org.apache.commons.dbcp.DelegatingResultSet@2a1c3976, type=0, from=SCOPE_REQUESTCONTEXT, to=REQUESTCONTEXT, fkColumn=REQUEST_CONTEXT_ID, pkColumn=ID) - start
170259 [main] DEBUG org.dbunit.database.search.AbstractMetaDataBasedSearchCallback  - createFKEdge(rs=org.apache.commons.dbcp.DelegatingResultSet@2a1c3976, type=0, from=SCOPE_REQUESTCONTEXT, to=REQUESTCONTEXT, fkColumn=REQUEST_CONTEXT_ID, pkColumn=ID) - start
170259 [main] DEBUG org.dbunit.database.search.AbstractMetaDataBasedSearchCallback  - Adding edge SCOPE_REQUESTCONTEXT(REQUEST_CONTEXT_ID)->REQUESTCONTEXT(ID)
170259 [main] DEBUG org.dbunit.util.search.Edge  - compareTo(o=SCOPE_REQUESTCONTEXT(REQUEST_CONTEXT_ID)->REQUESTCONTEXT(ID)) - start
170259 [main] DEBUG org.dbunit.util.QualifiedTableName  - getQualifiedNameIfEnabled(config=org.dbunit.database.DatabaseConfig[, _propertyMap={http://www.dbunit.org/properties/statementFactory=org.dbunit.database.statement.PreparedStatementFactory@626bc2b8, http://www.dbunit.org/features/caseSensitiveTableNames=false, http://www.dbunit.org/properties/fetchSize=100, http://www.dbunit.org/features/batchedStatements=false, http://www.dbunit.org/properties/metadataHandler=org.dbunit.database.DefaultMetadataHandler@62baffef, http://www.dbunit.org/properties/datatypeFactory=org.dbunit.dataset.datatype.DefaultDataTypeFactory[_toleratedDeltaMap=org.dbunit.dataset.datatype.ToleratedDeltaMap@6452310a], http://www.dbunit.org/properties/escapePattern=null, http://www.dbunit.org/properties/batchSize=100, http://www.dbunit.org/features/qualifiedTableNames=false, http://www.dbunit.org/properties/tableType=[Ljava.lang.String;@5011bafa, http://www.dbunit.org/properties/resultSetTableFactory=org.dbunit.database.CachedResultSetTableFactory@10bcf083, http://www.dbunit.org/features/datatypeWarning=true}]) - start
170259 [main] TRACE org.dbunit.database.DatabaseConfig  - getFeature(name=http://www.dbunit.org/features/qualifiedTableNames) - start
170259 [main] TRACE org.dbunit.database.DatabaseConfig  - getProperty(name=http://www.dbunit.org/features/qualifiedTableNames) - start
170259 [main] DEBUG org.dbunit.util.QualifiedTableName  - Qualified table names feature is disabled. Returning plain table name
170259 [main] DEBUG org.dbunit.util.QualifiedTableName  - getQualifiedName(prefix=null, name=SCOPE_REQUESTCONTEXT, escapePattern=null) - start
170259 [main] DEBUG org.dbunit.util.QualifiedTableName  - getQualifiedNameIfEnabled(config=org.dbunit.database.DatabaseConfig[, _propertyMap={http://www.dbunit.org/properties/statementFactory=org.dbunit.database.statement.PreparedStatementFactory@626bc2b8, http://www.dbunit.org/features/caseSensitiveTableNames=false, http://www.dbunit.org/properties/fetchSize=100, http://www.dbunit.org/features/batchedStatements=false, http://www.dbunit.org/properties/metadataHandler=org.dbunit.database.DefaultMetadataHandler@62baffef, http://www.dbunit.org/properties/datatypeFactory=org.dbunit.dataset.datatype.DefaultDataTypeFactory[_toleratedDeltaMap=org.dbunit.dataset.datatype.ToleratedDeltaMap@6452310a], http://www.dbunit.org/properties/escapePattern=null, http://www.dbunit.org/properties/batchSize=100, http://www.dbunit.org/features/qualifiedTableNames=false, http://www.dbunit.org/properties/tableType=[Ljava.lang.String;@5011bafa, http://www.dbunit.org/properties/resultSetTableFactory=org.dbunit.database.CachedResultSetTableFactory@10bcf083, http://www.dbunit.org/features/datatypeWarning=true}]) - start
170259 [main] TRACE org.dbunit.database.DatabaseConfig  - getFeature(name=http://www.dbunit.org/features/qualifiedTableNames) - start
170260 [main] TRACE org.dbunit.database.DatabaseConfig  - getProperty(name=http://www.dbunit.org/features/qualifiedTableNames) - start
170260 [main] DEBUG org.dbunit.util.QualifiedTableName  - Qualified table names feature is disabled. Returning plain table name
170260 [main] DEBUG org.dbunit.util.QualifiedTableName  - getQualifiedName(prefix=null, name=SCOPE, escapePattern=null) - start
170260 [main] DEBUG org.dbunit.database.search.AbstractMetaDataBasedSearchCallback  - newEdge(rs=org.apache.commons.dbcp.DelegatingResultSet@2a1c3976, type=0, from=SCOPE_REQUESTCONTEXT, to=SCOPE, fkColumn=SCOPE_ID, pkColumn=ID) - start
170260 [main] DEBUG org.dbunit.database.search.AbstractMetaDataBasedSearchCallback  - createFKEdge(rs=org.apache.commons.dbcp.DelegatingResultSet@2a1c3976, type=0, from=SCOPE_REQUESTCONTEXT, to=SCOPE, fkColumn=SCOPE_ID, pkColumn=ID) - start
170260 [main] DEBUG org.dbunit.database.search.AbstractMetaDataBasedSearchCallback  - Adding edge SCOPE_REQUESTCONTEXT(SCOPE_ID)->SCOPE(ID)
170260 [main] DEBUG org.dbunit.util.search.Edge  - compareTo(o=SCOPE_REQUESTCONTEXT(REQUEST_CONTEXT_ID)->REQUESTCONTEXT(ID)) - start
170260 [main] DEBUG org.dbunit.util.SQLHelper  - close(resultSet=org.apache.commons.dbcp.DelegatingResultSet@2a1c3976) - start
170260 [main] DEBUG org.dbunit.util.search.DepthFirstSearch  - search:REQUESTCONTEXT
170260 [main] DEBUG org.dbunit.database.search.ImportedKeysSearchCallback  - searchNode(node=REQUESTCONTEXT) - start
170260 [main] DEBUG org.dbunit.util.search.DepthFirstSearch  - Pushing REQUESTCONTEXT
170260 [main] DEBUG org.dbunit.database.search.ImportedKeysSearchCallback  - getEdges(node=REQUESTCONTEXT) - start
170260 [main] DEBUG org.dbunit.database.search.AbstractMetaDataBasedSearchCallback  - getNodesFromImportedKeys(node=REQUESTCONTEXT) - start
170260 [main] DEBUG org.dbunit.database.search.AbstractMetaDataBasedSearchCallback  - getNodes(type=0, node=REQUESTCONTEXT) - start
170260 [main] DEBUG org.dbunit.database.DatabaseDataSourceConnection  - getConnection() - start
170261 [main] DEBUG org.dbunit.database.search.AbstractMetaDataBasedSearchCallback  - getNodes(type=0, node=REQUESTCONTEXT, conn=Transaction-aware proxy for target Connection [jdbc:hsqldb:mem:kontrollDS, UserName=sw, HSQL Database Engine Driver], schema=null, metaData=org.apache.commons.dbcp.DelegatingDatabaseMetaData@23008793, edges=[]) - start
170261 [main] DEBUG org.dbunit.database.search.AbstractMetaDataBasedSearchCallback  - Getting edges for node REQUESTCONTEXT
170261 [main] TRACE org.dbunit.database.DatabaseConfig  - getProperty(name=http://www.dbunit.org/properties/metadataHandler) - start
170261 [main] TRACE org.dbunit.database.DefaultMetadataHandler  - tableExists(metaData=org.apache.commons.dbcp.DelegatingDatabaseMetaData@23008793, schemaName=null, tableName=REQUESTCONTEXT) - start
170262 [main] DEBUG org.dbunit.util.SQLHelper  - close(resultSet=org.apache.commons.dbcp.DelegatingResultSet@1bb39556) - start
170263 [main] DEBUG org.dbunit.util.SQLHelper  - close(resultSet=org.apache.commons.dbcp.DelegatingResultSet@7d6de19f) - start
170263 [main] DEBUG org.dbunit.util.search.DepthFirstSearch  - Adding node REQUESTCONTEXT to the final result
170263 [main] DEBUG org.dbunit.util.search.DepthFirstSearch  - search:SCOPE
170263 [main] DEBUG org.dbunit.database.search.ImportedKeysSearchCallback  - searchNode(node=SCOPE) - start
170263 [main] DEBUG org.dbunit.util.search.DepthFirstSearch  - Pushing SCOPE
170263 [main] DEBUG org.dbunit.database.search.ImportedKeysSearchCallback  - getEdges(node=SCOPE) - start
170263 [main] DEBUG org.dbunit.database.search.AbstractMetaDataBasedSearchCallback  - getNodesFromImportedKeys(node=SCOPE) - start
170263 [main] DEBUG org.dbunit.database.search.AbstractMetaDataBasedSearchCallback  - getNodes(type=0, node=SCOPE) - start
170263 [main] DEBUG org.dbunit.database.DatabaseDataSourceConnection  - getConnection() - start
170263 [main] DEBUG org.dbunit.database.search.AbstractMetaDataBasedSearchCallback  - getNodes(type=0, node=SCOPE, conn=Transaction-aware proxy for target Connection [jdbc:hsqldb:mem:kontrollDS, UserName=sw, HSQL Database Engine Driver], schema=null, metaData=org.apache.commons.dbcp.DelegatingDatabaseMetaData@38f7ce0e, edges=[]) - start
170263 [main] DEBUG org.dbunit.database.search.AbstractMetaDataBasedSearchCallback  - Getting edges for node SCOPE
170263 [main] TRACE org.dbunit.database.DatabaseConfig  - getProperty(name=http://www.dbunit.org/properties/metadataHandler) - start
170263 [main] TRACE org.dbunit.database.DefaultMetadataHandler  - tableExists(metaData=org.apache.commons.dbcp.DelegatingDatabaseMetaData@38f7ce0e, schemaName=null, tableName=SCOPE) - start
170265 [main] DEBUG org.dbunit.util.SQLHelper  - close(resultSet=org.apache.commons.dbcp.DelegatingResultSet@6d2a7977) - start
170265 [main] DEBUG org.dbunit.util.SQLHelper  - close(resultSet=org.apache.commons.dbcp.DelegatingResultSet@6c57537d) - start
170265 [main] DEBUG org.dbunit.util.search.DepthFirstSearch  - Adding node SCOPE to the final result
170265 [main] DEBUG org.dbunit.util.search.DepthFirstSearch  - Adding node SCOPE_REQUESTCONTEXT to the final result
170265 [main] DEBUG org.dbunit.util.search.DepthFirstSearch  - reverseSearch:REQUESTCONTEXT
170265 [main] DEBUG org.dbunit.database.search.ImportedKeysSearchCallback  - searchNode(node=REQUESTCONTEXT) - start
170265 [main] DEBUG org.dbunit.util.search.DepthFirstSearch  - Pushing (reverse) REQUESTCONTEXT
170265 [main] DEBUG org.dbunit.database.search.ImportedKeysSearchCallback  - getEdges(node=REQUESTCONTEXT) - start
170265 [main] DEBUG org.dbunit.database.search.AbstractMetaDataBasedSearchCallback  - getNodesFromImportedKeys(node=REQUESTCONTEXT) - start
170266 [main] DEBUG org.dbunit.database.search.AbstractMetaDataBasedSearchCallback  - getNodes(type=0, node=REQUESTCONTEXT) - start
170266 [main] DEBUG org.dbunit.database.DatabaseDataSourceConnection  - getConnection() - start
170266 [main] DEBUG org.dbunit.database.search.AbstractMetaDataBasedSearchCallback  - getNodes(type=0, node=REQUESTCONTEXT, conn=Transaction-aware proxy for target Connection [jdbc:hsqldb:mem:kontrollDS, UserName=sw, HSQL Database Engine Driver], schema=null, metaData=org.apache.commons.dbcp.DelegatingDatabaseMetaData@592a6b1c, edges=[]) - start
170266 [main] DEBUG org.dbunit.database.search.AbstractMetaDataBasedSearchCallback  - Getting edges for node REQUESTCONTEXT
170266 [main] TRACE org.dbunit.database.DatabaseConfig  - getProperty(name=http://www.dbunit.org/properties/metadataHandler) - start
170266 [main] TRACE org.dbunit.database.DefaultMetadataHandler  - tableExists(metaData=org.apache.commons.dbcp.DelegatingDatabaseMetaData@592a6b1c, schemaName=null, tableName=REQUESTCONTEXT) - start
170267 [main] DEBUG org.dbunit.util.SQLHelper  - close(resultSet=org.apache.commons.dbcp.DelegatingResultSet@6255b6b9) - start
170267 [main] DEBUG org.dbunit.util.SQLHelper  - close(resultSet=org.apache.commons.dbcp.DelegatingResultSet@59ac3995) - start
170268 [main] DEBUG org.dbunit.util.search.DepthFirstSearch  - reverseSearch:SCOPE_REQUESTCONTEXT
170268 [main] DEBUG org.dbunit.util.search.DepthFirstSearch  - already searched; returning true
170268 [main] DEBUG org.dbunit.util.search.DepthFirstSearch  - reverseSearch:SCOPE
170268 [main] DEBUG org.dbunit.database.search.ImportedKeysSearchCallback  - searchNode(node=SCOPE) - start
170268 [main] DEBUG org.dbunit.util.search.DepthFirstSearch  - Pushing (reverse) SCOPE
170268 [main] DEBUG org.dbunit.database.search.ImportedKeysSearchCallback  - getEdges(node=SCOPE) - start
170268 [main] DEBUG org.dbunit.database.search.AbstractMetaDataBasedSearchCallback  - getNodesFromImportedKeys(node=SCOPE) - start
170268 [main] DEBUG org.dbunit.database.search.AbstractMetaDataBasedSearchCallback  - getNodes(type=0, node=SCOPE) - start
170268 [main] DEBUG org.dbunit.database.DatabaseDataSourceConnection  - getConnection() - start
170268 [main] DEBUG org.dbunit.database.search.AbstractMetaDataBasedSearchCallback  - getNodes(type=0, node=SCOPE, conn=Transaction-aware proxy for target Connection [jdbc:hsqldb:mem:kontrollDS, UserName=sw, HSQL Database Engine Driver], schema=null, metaData=org.apache.commons.dbcp.DelegatingDatabaseMetaData@39f89331, edges=[]) - start
170268 [main] DEBUG org.dbunit.database.search.AbstractMetaDataBasedSearchCallback  - Getting edges for node SCOPE
170268 [main] TRACE org.dbunit.database.DatabaseConfig  - getProperty(name=http://www.dbunit.org/properties/metadataHandler) - start
170268 [main] TRACE org.dbunit.database.DefaultMetadataHandler  - tableExists(metaData=org.apache.commons.dbcp.DelegatingDatabaseMetaData@39f89331, schemaName=null, tableName=SCOPE) - start
170269 [main] DEBUG org.dbunit.util.SQLHelper  - close(resultSet=org.apache.commons.dbcp.DelegatingResultSet@6f1c3cf) - start
170269 [main] DEBUG org.dbunit.util.SQLHelper  - close(resultSet=org.apache.commons.dbcp.DelegatingResultSet@6fea13be) - start
170269 [main] DEBUG org.dbunit.util.search.DepthFirstSearch  - search:SCOPE_REQUESTCONTEXT
170269 [main] DEBUG org.dbunit.util.search.DepthFirstSearch  - already searched; returning true
170269 [main] DEBUG org.dbunit.util.search.DepthFirstSearch  - search:REQUESTCONTEXT
170269 [main] DEBUG org.dbunit.util.search.DepthFirstSearch  - already searched; returning true
170269 [main] DEBUG org.dbunit.util.search.DepthFirstSearch  - search:SCOPE
170269 [main] DEBUG org.dbunit.util.search.DepthFirstSearch  - already searched; returning true
170271 [main] DEBUG org.dbunit.util.CollectionsHelper  - setToStrings(set=[REQUESTCONTEXT, SCOPE, SCOPE_REQUESTCONTEXT]) - start
170272 [main] DEBUG org.dbunit.database.search.TablesDependencyHelper  - getDependsOnTables(connection=_databaseConfig=org.dbunit.database.DatabaseConfig[, _propertyMap={http://www.dbunit.org/properties/statementFactory=org.dbunit.database.statement.PreparedStatementFactory@626bc2b8, http://www.dbunit.org/features/caseSensitiveTableNames=false, http://www.dbunit.org/properties/fetchSize=100, http://www.dbunit.org/features/batchedStatements=false, http://www.dbunit.org/properties/metadataHandler=org.dbunit.database.DefaultMetadataHandler@62baffef, http://www.dbunit.org/properties/datatypeFactory=org.dbunit.dataset.datatype.DefaultDataTypeFactory[_toleratedDeltaMap=org.dbunit.dataset.datatype.ToleratedDeltaMap@6452310a], http://www.dbunit.org/properties/escapePattern=null, http://www.dbunit.org/properties/batchSize=100, http://www.dbunit.org/features/qualifiedTableNames=false, http://www.dbunit.org/properties/tableType=[Ljava.lang.String;@5011bafa, http://www.dbunit.org/properties/resultSetTableFactory=org.dbunit.database.CachedResultSetTableFactory@10bcf083, http://www.dbunit.org/features/datatypeWarning=true}], _dataSet=AbstractDataSet[_orderedTableNameMap=null], rootTable=SCOPE_REQUESTCONTEXT) - start
170272 [main] DEBUG org.dbunit.util.search.DepthFirstSearch  - search(nodesFrom=[SCOPE_REQUESTCONTEXT], callback=org.dbunit.database.search.ExportedKeysSearchCallback@53623337) - start
170272 [main] DEBUG org.dbunit.util.CollectionsHelper  - objectsToSet(objects=SCOPE_REQUESTCONTEXT) - start
170272 [main] DEBUG org.dbunit.util.search.DepthFirstSearch  - search(nodesFrom=[SCOPE_REQUESTCONTEXT], callback=org.dbunit.database.search.ExportedKeysSearchCallback@53623337) - start
170272 [main] DEBUG org.dbunit.util.search.DepthFirstSearch  - reverseSearch:SCOPE_REQUESTCONTEXT
170272 [main] DEBUG org.dbunit.database.search.ExportedKeysSearchCallback  - searchNode(node=SCOPE_REQUESTCONTEXT) - start
170272 [main] DEBUG org.dbunit.util.search.DepthFirstSearch  - Pushing (reverse) SCOPE_REQUESTCONTEXT
170272 [main] DEBUG org.dbunit.database.search.ExportedKeysSearchCallback  - getEdges(node=SCOPE_REQUESTCONTEXT) - start
170272 [main] DEBUG org.dbunit.database.search.AbstractMetaDataBasedSearchCallback  - getNodesFromExportedKeys(node=SCOPE_REQUESTCONTEXT) - start
170272 [main] DEBUG org.dbunit.database.search.AbstractMetaDataBasedSearchCallback  - getNodes(type=1, node=SCOPE_REQUESTCONTEXT) - start
170272 [main] DEBUG org.dbunit.database.DatabaseDataSourceConnection  - getConnection() - start
170272 [main] DEBUG org.dbunit.database.search.AbstractMetaDataBasedSearchCallback  - getNodes(type=1, node=SCOPE_REQUESTCONTEXT, conn=Transaction-aware proxy for target Connection [jdbc:hsqldb:mem:kontrollDS, UserName=sw, HSQL Database Engine Driver], schema=null, metaData=org.apache.commons.dbcp.DelegatingDatabaseMetaData@54108aa5, edges=[]) - start
170272 [main] DEBUG org.dbunit.database.search.AbstractMetaDataBasedSearchCallback  - Getting edges for node SCOPE_REQUESTCONTEXT
170272 [main] TRACE org.dbunit.database.DatabaseConfig  - getProperty(name=http://www.dbunit.org/properties/metadataHandler) - start
170272 [main] TRACE org.dbunit.database.DefaultMetadataHandler  - tableExists(metaData=org.apache.commons.dbcp.DelegatingDatabaseMetaData@54108aa5, schemaName=null, tableName=SCOPE_REQUESTCONTEXT) - start
170273 [main] DEBUG org.dbunit.util.SQLHelper  - close(resultSet=org.apache.commons.dbcp.DelegatingResultSet@23f8ab07) - start
170273 [main] DEBUG org.dbunit.util.SQLHelper  - close(resultSet=org.apache.commons.dbcp.DelegatingResultSet@206de146) - start
170273 [main] DEBUG org.dbunit.util.search.DepthFirstSearch  - search:SCOPE_REQUESTCONTEXT
170274 [main] DEBUG org.dbunit.database.search.ExportedKeysSearchCallback  - searchNode(node=SCOPE_REQUESTCONTEXT) - start
170274 [main] DEBUG org.dbunit.util.search.DepthFirstSearch  - Pushing SCOPE_REQUESTCONTEXT
170274 [main] DEBUG org.dbunit.database.search.ExportedKeysSearchCallback  - getEdges(node=SCOPE_REQUESTCONTEXT) - start
170274 [main] DEBUG org.dbunit.database.search.AbstractMetaDataBasedSearchCallback  - getNodesFromExportedKeys(node=SCOPE_REQUESTCONTEXT) - start
170274 [main] DEBUG org.dbunit.database.search.AbstractMetaDataBasedSearchCallback  - getNodes(type=1, node=SCOPE_REQUESTCONTEXT) - start
170274 [main] DEBUG org.dbunit.database.DatabaseDataSourceConnection  - getConnection() - start
170274 [main] DEBUG org.dbunit.database.search.AbstractMetaDataBasedSearchCallback  - getNodes(type=1, node=SCOPE_REQUESTCONTEXT, conn=Transaction-aware proxy for target Connection [jdbc:hsqldb:mem:kontrollDS, UserName=sw, HSQL Database Engine Driver], schema=null, metaData=org.apache.commons.dbcp.DelegatingDatabaseMetaData@de0cb4c, edges=[]) - start
170274 [main] DEBUG org.dbunit.database.search.AbstractMetaDataBasedSearchCallback  - Getting edges for node SCOPE_REQUESTCONTEXT
170274 [main] TRACE org.dbunit.database.DatabaseConfig  - getProperty(name=http://www.dbunit.org/properties/metadataHandler) - start
170274 [main] TRACE org.dbunit.database.DefaultMetadataHandler  - tableExists(metaData=org.apache.commons.dbcp.DelegatingDatabaseMetaData@de0cb4c, schemaName=null, tableName=SCOPE_REQUESTCONTEXT) - start
170275 [main] DEBUG org.dbunit.util.SQLHelper  - close(resultSet=org.apache.commons.dbcp.DelegatingResultSet@3209ee2d) - start
170275 [main] DEBUG org.dbunit.util.SQLHelper  - close(resultSet=org.apache.commons.dbcp.DelegatingResultSet@4b8267c7) - start
170275 [main] DEBUG org.dbunit.util.search.DepthFirstSearch  - Adding node SCOPE_REQUESTCONTEXT to the final result
170275 [main] DEBUG org.dbunit.util.CollectionsHelper  - setToStrings(set=[SCOPE_REQUESTCONTEXT]) - start
170275 [main] DEBUG org.dbunit.database.search.TablesDependencyHelper  - getDirectDependsOnTables(connection=_databaseConfig=org.dbunit.database.DatabaseConfig[, _propertyMap={http://www.dbunit.org/properties/statementFactory=org.dbunit.database.statement.PreparedStatementFactory@626bc2b8, http://www.dbunit.org/features/caseSensitiveTableNames=false, http://www.dbunit.org/properties/fetchSize=100, http://www.dbunit.org/features/batchedStatements=false, http://www.dbunit.org/properties/metadataHandler=org.dbunit.database.DefaultMetadataHandler@62baffef, http://www.dbunit.org/properties/datatypeFactory=org.dbunit.dataset.datatype.DefaultDataTypeFactory[_toleratedDeltaMap=org.dbunit.dataset.datatype.ToleratedDeltaMap@6452310a], http://www.dbunit.org/properties/escapePattern=null, http://www.dbunit.org/properties/batchSize=100, http://www.dbunit.org/features/qualifiedTableNames=false, http://www.dbunit.org/properties/tableType=[Ljava.lang.String;@5011bafa, http://www.dbunit.org/properties/resultSetTableFactory=org.dbunit.database.CachedResultSetTableFactory@10bcf083, http://www.dbunit.org/features/datatypeWarning=true}], _dataSet=AbstractDataSet[_orderedTableNameMap=null], tableName=SCOPE_REQUESTCONTEXT) - start
170275 [main] DEBUG org.dbunit.util.search.DepthFirstSearch  - search(nodesFrom=[SCOPE_REQUESTCONTEXT], callback=org.dbunit.database.search.ExportedKeysSearchCallback@5b8f761a) - start
170275 [main] DEBUG org.dbunit.util.CollectionsHelper  - objectsToSet(objects=SCOPE_REQUESTCONTEXT) - start
170275 [main] DEBUG org.dbunit.util.search.DepthFirstSearch  - search(nodesFrom=[SCOPE_REQUESTCONTEXT], callback=org.dbunit.database.search.ExportedKeysSearchCallback@5b8f761a) - start
170275 [main] DEBUG org.dbunit.util.search.DepthFirstSearch  - reverseSearch:SCOPE_REQUESTCONTEXT
170276 [main] DEBUG org.dbunit.database.search.ExportedKeysSearchCallback  - searchNode(node=SCOPE_REQUESTCONTEXT) - start
170276 [main] DEBUG org.dbunit.util.search.DepthFirstSearch  - Pushing (reverse) SCOPE_REQUESTCONTEXT
170276 [main] DEBUG org.dbunit.database.search.ExportedKeysSearchCallback  - getEdges(node=SCOPE_REQUESTCONTEXT) - start
170276 [main] DEBUG org.dbunit.database.search.AbstractMetaDataBasedSearchCallback  - getNodesFromExportedKeys(node=SCOPE_REQUESTCONTEXT) - start
170276 [main] DEBUG org.dbunit.database.search.AbstractMetaDataBasedSearchCallback  - getNodes(type=1, node=SCOPE_REQUESTCONTEXT) - start
170276 [main] DEBUG org.dbunit.database.DatabaseDataSourceConnection  - getConnection() - start
170276 [main] DEBUG org.dbunit.database.search.AbstractMetaDataBasedSearchCallback  - getNodes(type=1, node=SCOPE_REQUESTCONTEXT, conn=Transaction-aware proxy for target Connection [jdbc:hsqldb:mem:kontrollDS, UserName=sw, HSQL Database Engine Driver], schema=null, metaData=org.apache.commons.dbcp.DelegatingDatabaseMetaData@2792d3ec, edges=[]) - start
170276 [main] DEBUG org.dbunit.database.search.AbstractMetaDataBasedSearchCallback  - Getting edges for node SCOPE_REQUESTCONTEXT
170276 [main] TRACE org.dbunit.database.DatabaseConfig  - getProperty(name=http://www.dbunit.org/properties/metadataHandler) - start
170276 [main] TRACE org.dbunit.database.DefaultMetadataHandler  - tableExists(metaData=org.apache.commons.dbcp.DelegatingDatabaseMetaData@2792d3ec, schemaName=null, tableName=SCOPE_REQUESTCONTEXT) - start
170277 [main] DEBUG org.dbunit.util.SQLHelper  - close(resultSet=org.apache.commons.dbcp.DelegatingResultSet@71b98f5c) - start
170277 [main] DEBUG org.dbunit.util.SQLHelper  - close(resultSet=org.apache.commons.dbcp.DelegatingResultSet@40085621) - start
170277 [main] DEBUG org.dbunit.util.search.DepthFirstSearch  - search:SCOPE_REQUESTCONTEXT
170277 [main] DEBUG org.dbunit.database.search.ExportedKeysSearchCallback  - searchNode(node=SCOPE_REQUESTCONTEXT) - start
170277 [main] DEBUG org.dbunit.util.search.DepthFirstSearch  - Pushing SCOPE_REQUESTCONTEXT
170277 [main] DEBUG org.dbunit.database.search.ExportedKeysSearchCallback  - getEdges(node=SCOPE_REQUESTCONTEXT) - start
170277 [main] DEBUG org.dbunit.database.search.AbstractMetaDataBasedSearchCallback  - getNodesFromExportedKeys(node=SCOPE_REQUESTCONTEXT) - start
170277 [main] DEBUG org.dbunit.database.search.AbstractMetaDataBasedSearchCallback  - getNodes(type=1, node=SCOPE_REQUESTCONTEXT) - start
170277 [main] DEBUG org.dbunit.database.DatabaseDataSourceConnection  - getConnection() - start
170277 [main] DEBUG org.dbunit.database.search.AbstractMetaDataBasedSearchCallback  - getNodes(type=1, node=SCOPE_REQUESTCONTEXT, conn=Transaction-aware proxy for target Connection [jdbc:hsqldb:mem:kontrollDS, UserName=sw, HSQL Database Engine Driver], schema=null, metaData=org.apache.commons.dbcp.DelegatingDatabaseMetaData@634eb15e, edges=[]) - start
170277 [main] DEBUG org.dbunit.database.search.AbstractMetaDataBasedSearchCallback  - Getting edges for node SCOPE_REQUESTCONTEXT
170277 [main] TRACE org.dbunit.database.DatabaseConfig  - getProperty(name=http://www.dbunit.org/properties/metadataHandler) - start
170278 [main] TRACE org.dbunit.database.DefaultMetadataHandler  - tableExists(metaData=org.apache.commons.dbcp.DelegatingDatabaseMetaData@634eb15e, schemaName=null, tableName=SCOPE_REQUESTCONTEXT) - start
170278 [main] DEBUG org.dbunit.util.SQLHelper  - close(resultSet=org.apache.commons.dbcp.DelegatingResultSet@2e850f5) - start
170279 [main] DEBUG org.dbunit.util.SQLHelper  - close(resultSet=org.apache.commons.dbcp.DelegatingResultSet@5c3ba081) - start
170279 [main] DEBUG org.dbunit.util.search.DepthFirstSearch  - Adding node SCOPE_REQUESTCONTEXT to the final result
170279 [main] DEBUG org.dbunit.database.search.TablesDependencyHelper  - getDirectDependentTables(connection=_databaseConfig=org.dbunit.database.DatabaseConfig[, _propertyMap={http://www.dbunit.org/properties/statementFactory=org.dbunit.database.statement.PreparedStatementFactory@626bc2b8, http://www.dbunit.org/features/caseSensitiveTableNames=false, http://www.dbunit.org/properties/fetchSize=100, http://www.dbunit.org/features/batchedStatements=false, http://www.dbunit.org/properties/metadataHandler=org.dbunit.database.DefaultMetadataHandler@62baffef, http://www.dbunit.org/properties/datatypeFactory=org.dbunit.dataset.datatype.DefaultDataTypeFactory[_toleratedDeltaMap=org.dbunit.dataset.datatype.ToleratedDeltaMap@6452310a], http://www.dbunit.org/properties/escapePattern=null, http://www.dbunit.org/properties/batchSize=100, http://www.dbunit.org/features/qualifiedTableNames=false, http://www.dbunit.org/properties/tableType=[Ljava.lang.String;@5011bafa, http://www.dbunit.org/properties/resultSetTableFactory=org.dbunit.database.CachedResultSetTableFactory@10bcf083, http://www.dbunit.org/features/datatypeWarning=true}], _dataSet=AbstractDataSet[_orderedTableNameMap=null], tableName=SCOPE_REQUESTCONTEXT) - start
170279 [main] DEBUG org.dbunit.util.search.DepthFirstSearch  - search(nodesFrom=[SCOPE_REQUESTCONTEXT], callback=org.dbunit.database.search.ImportedKeysSearchCallback@1e7725aa) - start
170279 [main] DEBUG org.dbunit.util.CollectionsHelper  - objectsToSet(objects=SCOPE_REQUESTCONTEXT) - start
170279 [main] DEBUG org.dbunit.util.search.DepthFirstSearch  - search(nodesFrom=[SCOPE_REQUESTCONTEXT], callback=org.dbunit.database.search.ImportedKeysSearchCallback@1e7725aa) - start
170279 [main] DEBUG org.dbunit.util.search.DepthFirstSearch  - reverseSearch:SCOPE_REQUESTCONTEXT
170279 [main] DEBUG org.dbunit.database.search.ImportedKeysSearchCallback  - searchNode(node=SCOPE_REQUESTCONTEXT) - start
170279 [main] DEBUG org.dbunit.util.search.DepthFirstSearch  - Pushing (reverse) SCOPE_REQUESTCONTEXT
170279 [main] DEBUG org.dbunit.database.search.ImportedKeysSearchCallback  - getEdges(node=SCOPE_REQUESTCONTEXT) - start
170279 [main] DEBUG org.dbunit.database.search.AbstractMetaDataBasedSearchCallback  - getNodesFromImportedKeys(node=SCOPE_REQUESTCONTEXT) - start
170279 [main] DEBUG org.dbunit.database.search.AbstractMetaDataBasedSearchCallback  - getNodes(type=0, node=SCOPE_REQUESTCONTEXT) - start
170279 [main] DEBUG org.dbunit.database.DatabaseDataSourceConnection  - getConnection() - start
170279 [main] DEBUG org.dbunit.database.search.AbstractMetaDataBasedSearchCallback  - getNodes(type=0, node=SCOPE_REQUESTCONTEXT, conn=Transaction-aware proxy for target Connection [jdbc:hsqldb:mem:kontrollDS, UserName=sw, HSQL Database Engine Driver], schema=null, metaData=org.apache.commons.dbcp.DelegatingDatabaseMetaData@2049cb86, edges=[]) - start
170279 [main] DEBUG org.dbunit.database.search.AbstractMetaDataBasedSearchCallback  - Getting edges for node SCOPE_REQUESTCONTEXT
170279 [main] TRACE org.dbunit.database.DatabaseConfig  - getProperty(name=http://www.dbunit.org/properties/metadataHandler) - start
170279 [main] TRACE org.dbunit.database.DefaultMetadataHandler  - tableExists(metaData=org.apache.commons.dbcp.DelegatingDatabaseMetaData@2049cb86, schemaName=null, tableName=SCOPE_REQUESTCONTEXT) - start
170281 [main] DEBUG org.dbunit.util.SQLHelper  - close(resultSet=org.apache.commons.dbcp.DelegatingResultSet@23d838d5) - start
170281 [main] DEBUG org.dbunit.util.QualifiedTableName  - getQualifiedNameIfEnabled(config=org.dbunit.database.DatabaseConfig[, _propertyMap={http://www.dbunit.org/properties/statementFactory=org.dbunit.database.statement.PreparedStatementFactory@626bc2b8, http://www.dbunit.org/features/caseSensitiveTableNames=false, http://www.dbunit.org/properties/fetchSize=100, http://www.dbunit.org/features/batchedStatements=false, http://www.dbunit.org/properties/metadataHandler=org.dbunit.database.DefaultMetadataHandler@62baffef, http://www.dbunit.org/properties/datatypeFactory=org.dbunit.dataset.datatype.DefaultDataTypeFactory[_toleratedDeltaMap=org.dbunit.dataset.datatype.ToleratedDeltaMap@6452310a], http://www.dbunit.org/properties/escapePattern=null, http://www.dbunit.org/properties/batchSize=100, http://www.dbunit.org/features/qualifiedTableNames=false, http://www.dbunit.org/properties/tableType=[Ljava.lang.String;@5011bafa, http://www.dbunit.org/properties/resultSetTableFactory=org.dbunit.database.CachedResultSetTableFactory@10bcf083, http://www.dbunit.org/features/datatypeWarning=true}]) - start
170281 [main] TRACE org.dbunit.database.DatabaseConfig  - getFeature(name=http://www.dbunit.org/features/qualifiedTableNames) - start
170281 [main] TRACE org.dbunit.database.DatabaseConfig  - getProperty(name=http://www.dbunit.org/features/qualifiedTableNames) - start
170281 [main] DEBUG org.dbunit.util.QualifiedTableName  - Qualified table names feature is disabled. Returning plain table name
170281 [main] DEBUG org.dbunit.util.QualifiedTableName  - getQualifiedName(prefix=null, name=SCOPE_REQUESTCONTEXT, escapePattern=null) - start
170281 [main] DEBUG org.dbunit.util.QualifiedTableName  - getQualifiedNameIfEnabled(config=org.dbunit.database.DatabaseConfig[, _propertyMap={http://www.dbunit.org/properties/statementFactory=org.dbunit.database.statement.PreparedStatementFactory@626bc2b8, http://www.dbunit.org/features/caseSensitiveTableNames=false, http://www.dbunit.org/properties/fetchSize=100, http://www.dbunit.org/features/batchedStatements=false, http://www.dbunit.org/properties/metadataHandler=org.dbunit.database.DefaultMetadataHandler@62baffef, http://www.dbunit.org/properties/datatypeFactory=org.dbunit.dataset.datatype.DefaultDataTypeFactory[_toleratedDeltaMap=org.dbunit.dataset.datatype.ToleratedDeltaMap@6452310a], http://www.dbunit.org/properties/escapePattern=null, http://www.dbunit.org/properties/batchSize=100, http://www.dbunit.org/features/qualifiedTableNames=false, http://www.dbunit.org/properties/tableType=[Ljava.lang.String;@5011bafa, http://www.dbunit.org/properties/resultSetTableFactory=org.dbunit.database.CachedResultSetTableFactory@10bcf083, http://www.dbunit.org/features/datatypeWarning=true}]) - start
170281 [main] TRACE org.dbunit.database.DatabaseConfig  - getFeature(name=http://www.dbunit.org/features/qualifiedTableNames) - start
170281 [main] TRACE org.dbunit.database.DatabaseConfig  - getProperty(name=http://www.dbunit.org/features/qualifiedTableNames) - start
170281 [main] DEBUG org.dbunit.util.QualifiedTableName  - Qualified table names feature is disabled. Returning plain table name
170281 [main] DEBUG org.dbunit.util.QualifiedTableName  - getQualifiedName(prefix=null, name=REQUESTCONTEXT, escapePattern=null) - start
170281 [main] DEBUG org.dbunit.database.search.AbstractMetaDataBasedSearchCallback  - newEdge(rs=org.apache.commons.dbcp.DelegatingResultSet@1232c7a0, type=0, from=SCOPE_REQUESTCONTEXT, to=REQUESTCONTEXT, fkColumn=REQUEST_CONTEXT_ID, pkColumn=ID) - start
170281 [main] DEBUG org.dbunit.database.search.AbstractMetaDataBasedSearchCallback  - createFKEdge(rs=org.apache.commons.dbcp.DelegatingResultSet@1232c7a0, type=0, from=SCOPE_REQUESTCONTEXT, to=REQUESTCONTEXT, fkColumn=REQUEST_CONTEXT_ID, pkColumn=ID) - start
170281 [main] DEBUG org.dbunit.database.search.AbstractMetaDataBasedSearchCallback  - Adding edge SCOPE_REQUESTCONTEXT(REQUEST_CONTEXT_ID)->REQUESTCONTEXT(ID)
170282 [main] DEBUG org.dbunit.util.search.Edge  - compareTo(o=SCOPE_REQUESTCONTEXT(REQUEST_CONTEXT_ID)->REQUESTCONTEXT(ID)) - start
170282 [main] DEBUG org.dbunit.util.QualifiedTableName  - getQualifiedNameIfEnabled(config=org.dbunit.database.DatabaseConfig[, _propertyMap={http://www.dbunit.org/properties/statementFactory=org.dbunit.database.statement.PreparedStatementFactory@626bc2b8, http://www.dbunit.org/features/caseSensitiveTableNames=false, http://www.dbunit.org/properties/fetchSize=100, http://www.dbunit.org/features/batchedStatements=false, http://www.dbunit.org/properties/metadataHandler=org.dbunit.database.DefaultMetadataHandler@62baffef, http://www.dbunit.org/properties/datatypeFactory=org.dbunit.dataset.datatype.DefaultDataTypeFactory[_toleratedDeltaMap=org.dbunit.dataset.datatype.ToleratedDeltaMap@6452310a], http://www.dbunit.org/properties/escapePattern=null, http://www.dbunit.org/properties/batchSize=100, http://www.dbunit.org/features/qualifiedTableNames=false, http://www.dbunit.org/properties/tableType=[Ljava.lang.String;@5011bafa, http://www.dbunit.org/properties/resultSetTableFactory=org.dbunit.database.CachedResultSetTableFactory@10bcf083, http://www.dbunit.org/features/datatypeWarning=true}]) - start
170282 [main] TRACE org.dbunit.database.DatabaseConfig  - getFeature(name=http://www.dbunit.org/features/qualifiedTableNames) - start
170282 [main] TRACE org.dbunit.database.DatabaseConfig  - getProperty(name=http://www.dbunit.org/features/qualifiedTableNames) - start
170282 [main] DEBUG org.dbunit.util.QualifiedTableName  - Qualified table names feature is disabled. Returning plain table name
170282 [main] DEBUG org.dbunit.util.QualifiedTableName  - getQualifiedName(prefix=null, name=SCOPE_REQUESTCONTEXT, escapePattern=null) - start
170282 [main] DEBUG org.dbunit.util.QualifiedTableName  - getQualifiedNameIfEnabled(config=org.dbunit.database.DatabaseConfig[, _propertyMap={http://www.dbunit.org/properties/statementFactory=org.dbunit.database.statement.PreparedStatementFactory@626bc2b8, http://www.dbunit.org/features/caseSensitiveTableNames=false, http://www.dbunit.org/properties/fetchSize=100, http://www.dbunit.org/features/batchedStatements=false, http://www.dbunit.org/properties/metadataHandler=org.dbunit.database.DefaultMetadataHandler@62baffef, http://www.dbunit.org/properties/datatypeFactory=org.dbunit.dataset.datatype.DefaultDataTypeFactory[_toleratedDeltaMap=org.dbunit.dataset.datatype.ToleratedDeltaMap@6452310a], http://www.dbunit.org/properties/escapePattern=null, http://www.dbunit.org/properties/batchSize=100, http://www.dbunit.org/features/qualifiedTableNames=false, http://www.dbunit.org/properties/tableType=[Ljava.lang.String;@5011bafa, http://www.dbunit.org/properties/resultSetTableFactory=org.dbunit.database.CachedResultSetTableFactory@10bcf083, http://www.dbunit.org/features/datatypeWarning=true}]) - start
170282 [main] TRACE org.dbunit.database.DatabaseConfig  - getFeature(name=http://www.dbunit.org/features/qualifiedTableNames) - start
170282 [main] TRACE org.dbunit.database.DatabaseConfig  - getProperty(name=http://www.dbunit.org/features/qualifiedTableNames) - start
170282 [main] DEBUG org.dbunit.util.QualifiedTableName  - Qualified table names feature is disabled. Returning plain table name
170282 [main] DEBUG org.dbunit.util.QualifiedTableName  - getQualifiedName(prefix=null, name=SCOPE, escapePattern=null) - start
170282 [main] DEBUG org.dbunit.database.search.AbstractMetaDataBasedSearchCallback  - newEdge(rs=org.apache.commons.dbcp.DelegatingResultSet@1232c7a0, type=0, from=SCOPE_REQUESTCONTEXT, to=SCOPE, fkColumn=SCOPE_ID, pkColumn=ID) - start
170282 [main] DEBUG org.dbunit.database.search.AbstractMetaDataBasedSearchCallback  - createFKEdge(rs=org.apache.commons.dbcp.DelegatingResultSet@1232c7a0, type=0, from=SCOPE_REQUESTCONTEXT, to=SCOPE, fkColumn=SCOPE_ID, pkColumn=ID) - start
170282 [main] DEBUG org.dbunit.database.search.AbstractMetaDataBasedSearchCallback  - Adding edge SCOPE_REQUESTCONTEXT(SCOPE_ID)->SCOPE(ID)
170282 [main] DEBUG org.dbunit.util.search.Edge  - compareTo(o=SCOPE_REQUESTCONTEXT(REQUEST_CONTEXT_ID)->REQUESTCONTEXT(ID)) - start
170282 [main] DEBUG org.dbunit.util.SQLHelper  - close(resultSet=org.apache.commons.dbcp.DelegatingResultSet@1232c7a0) - start
170282 [main] DEBUG org.dbunit.util.search.DepthFirstSearch  - search:SCOPE_REQUESTCONTEXT
170282 [main] DEBUG org.dbunit.database.search.ImportedKeysSearchCallback  - searchNode(node=SCOPE_REQUESTCONTEXT) - start
170282 [main] DEBUG org.dbunit.util.search.DepthFirstSearch  - Pushing SCOPE_REQUESTCONTEXT
170282 [main] DEBUG org.dbunit.database.search.ImportedKeysSearchCallback  - getEdges(node=SCOPE_REQUESTCONTEXT) - start
170282 [main] DEBUG org.dbunit.database.search.AbstractMetaDataBasedSearchCallback  - getNodesFromImportedKeys(node=SCOPE_REQUESTCONTEXT) - start
170282 [main] DEBUG org.dbunit.database.search.AbstractMetaDataBasedSearchCallback  - getNodes(type=0, node=SCOPE_REQUESTCONTEXT) - start
170283 [main] DEBUG org.dbunit.database.DatabaseDataSourceConnection  - getConnection() - start
170283 [main] DEBUG org.dbunit.database.search.AbstractMetaDataBasedSearchCallback  - getNodes(type=0, node=SCOPE_REQUESTCONTEXT, conn=Transaction-aware proxy for target Connection [jdbc:hsqldb:mem:kontrollDS, UserName=sw, HSQL Database Engine Driver], schema=null, metaData=org.apache.commons.dbcp.DelegatingDatabaseMetaData@43cfe2b5, edges=[]) - start
170283 [main] DEBUG org.dbunit.database.search.AbstractMetaDataBasedSearchCallback  - Getting edges for node SCOPE_REQUESTCONTEXT
170283 [main] TRACE org.dbunit.database.DatabaseConfig  - getProperty(name=http://www.dbunit.org/properties/metadataHandler) - start
170283 [main] TRACE org.dbunit.database.DefaultMetadataHandler  - tableExists(metaData=org.apache.commons.dbcp.DelegatingDatabaseMetaData@43cfe2b5, schemaName=null, tableName=SCOPE_REQUESTCONTEXT) - start
170284 [main] DEBUG org.dbunit.util.SQLHelper  - close(resultSet=org.apache.commons.dbcp.DelegatingResultSet@4c4ae984) - start
170284 [main] DEBUG org.dbunit.util.QualifiedTableName  - getQualifiedNameIfEnabled(config=org.dbunit.database.DatabaseConfig[, _propertyMap={http://www.dbunit.org/properties/statementFactory=org.dbunit.database.statement.PreparedStatementFactory@626bc2b8, http://www.dbunit.org/features/caseSensitiveTableNames=false, http://www.dbunit.org/properties/fetchSize=100, http://www.dbunit.org/features/batchedStatements=false, http://www.dbunit.org/properties/metadataHandler=org.dbunit.database.DefaultMetadataHandler@62baffef, http://www.dbunit.org/properties/datatypeFactory=org.dbunit.dataset.datatype.DefaultDataTypeFactory[_toleratedDeltaMap=org.dbunit.dataset.datatype.ToleratedDeltaMap@6452310a], http://www.dbunit.org/properties/escapePattern=null, http://www.dbunit.org/properties/batchSize=100, http://www.dbunit.org/features/qualifiedTableNames=false, http://www.dbunit.org/properties/tableType=[Ljava.lang.String;@5011bafa, http://www.dbunit.org/properties/resultSetTableFactory=org.dbunit.database.CachedResultSetTableFactory@10bcf083, http://www.dbunit.org/features/datatypeWarning=true}]) - start
170284 [main] TRACE org.dbunit.database.DatabaseConfig  - getFeature(name=http://www.dbunit.org/features/qualifiedTableNames) - start
170284 [main] TRACE org.dbunit.database.DatabaseConfig  - getProperty(name=http://www.dbunit.org/features/qualifiedTableNames) - start
170284 [main] DEBUG org.dbunit.util.QualifiedTableName  - Qualified table names feature is disabled. Returning plain table name
170284 [main] DEBUG org.dbunit.util.QualifiedTableName  - getQualifiedName(prefix=null, name=SCOPE_REQUESTCONTEXT, escapePattern=null) - start
170284 [main] DEBUG org.dbunit.util.QualifiedTableName  - getQualifiedNameIfEnabled(config=org.dbunit.database.DatabaseConfig[, _propertyMap={http://www.dbunit.org/properties/statementFactory=org.dbunit.database.statement.PreparedStatementFactory@626bc2b8, http://www.dbunit.org/features/caseSensitiveTableNames=false, http://www.dbunit.org/properties/fetchSize=100, http://www.dbunit.org/features/batchedStatements=false, http://www.dbunit.org/properties/metadataHandler=org.dbunit.database.DefaultMetadataHandler@62baffef, http://www.dbunit.org/properties/datatypeFactory=org.dbunit.dataset.datatype.DefaultDataTypeFactory[_toleratedDeltaMap=org.dbunit.dataset.datatype.ToleratedDeltaMap@6452310a], http://www.dbunit.org/properties/escapePattern=null, http://www.dbunit.org/properties/batchSize=100, http://www.dbunit.org/features/qualifiedTableNames=false, http://www.dbunit.org/properties/tableType=[Ljava.lang.String;@5011bafa, http://www.dbunit.org/properties/resultSetTableFactory=org.dbunit.database.CachedResultSetTableFactory@10bcf083, http://www.dbunit.org/features/datatypeWarning=true}]) - start
170284 [main] TRACE org.dbunit.database.DatabaseConfig  - getFeature(name=http://www.dbunit.org/features/qualifiedTableNames) - start
170285 [main] TRACE org.dbunit.database.DatabaseConfig  - getProperty(name=http://www.dbunit.org/features/qualifiedTableNames) - start
170285 [main] DEBUG org.dbunit.util.QualifiedTableName  - Qualified table names feature is disabled. Returning plain table name
170285 [main] DEBUG org.dbunit.util.QualifiedTableName  - getQualifiedName(prefix=null, name=REQUESTCONTEXT, escapePattern=null) - start
170285 [main] DEBUG org.dbunit.database.search.AbstractMetaDataBasedSearchCallback  - newEdge(rs=org.apache.commons.dbcp.DelegatingResultSet@49cecad4, type=0, from=SCOPE_REQUESTCONTEXT, to=REQUESTCONTEXT, fkColumn=REQUEST_CONTEXT_ID, pkColumn=ID) - start
170285 [main] DEBUG org.dbunit.database.search.AbstractMetaDataBasedSearchCallback  - createFKEdge(rs=org.apache.commons.dbcp.DelegatingResultSet@49cecad4, type=0, from=SCOPE_REQUESTCONTEXT, to=REQUESTCONTEXT, fkColumn=REQUEST_CONTEXT_ID, pkColumn=ID) - start
170285 [main] DEBUG org.dbunit.database.search.AbstractMetaDataBasedSearchCallback  - Adding edge SCOPE_REQUESTCONTEXT(REQUEST_CONTEXT_ID)->REQUESTCONTEXT(ID)
170285 [main] DEBUG org.dbunit.util.search.Edge  - compareTo(o=SCOPE_REQUESTCONTEXT(REQUEST_CONTEXT_ID)->REQUESTCONTEXT(ID)) - start
170285 [main] DEBUG org.dbunit.util.QualifiedTableName  - getQualifiedNameIfEnabled(config=org.dbunit.database.DatabaseConfig[, _propertyMap={http://www.dbunit.org/properties/statementFactory=org.dbunit.database.statement.PreparedStatementFactory@626bc2b8, http://www.dbunit.org/features/caseSensitiveTableNames=false, http://www.dbunit.org/properties/fetchSize=100, http://www.dbunit.org/features/batchedStatements=false, http://www.dbunit.org/properties/metadataHandler=org.dbunit.database.DefaultMetadataHandler@62baffef, http://www.dbunit.org/properties/datatypeFactory=org.dbunit.dataset.datatype.DefaultDataTypeFactory[_toleratedDeltaMap=org.dbunit.dataset.datatype.ToleratedDeltaMap@6452310a], http://www.dbunit.org/properties/escapePattern=null, http://www.dbunit.org/properties/batchSize=100, http://www.dbunit.org/features/qualifiedTableNames=false, http://www.dbunit.org/properties/tableType=[Ljava.lang.String;@5011bafa, http://www.dbunit.org/properties/resultSetTableFactory=org.dbunit.database.CachedResultSetTableFactory@10bcf083, http://www.dbunit.org/features/datatypeWarning=true}]) - start
170285 [main] TRACE org.dbunit.database.DatabaseConfig  - getFeature(name=http://www.dbunit.org/features/qualifiedTableNames) - start
170285 [main] TRACE org.dbunit.database.DatabaseConfig  - getProperty(name=http://www.dbunit.org/features/qualifiedTableNames) - start
170285 [main] DEBUG org.dbunit.util.QualifiedTableName  - Qualified table names feature is disabled. Returning plain table name
170285 [main] DEBUG org.dbunit.util.QualifiedTableName  - getQualifiedName(prefix=null, name=SCOPE_REQUESTCONTEXT, escapePattern=null) - start
170285 [main] DEBUG org.dbunit.util.QualifiedTableName  - getQualifiedNameIfEnabled(config=org.dbunit.database.DatabaseConfig[, _propertyMap={http://www.dbunit.org/properties/statementFactory=org.dbunit.database.statement.PreparedStatementFactory@626bc2b8, http://www.dbunit.org/features/caseSensitiveTableNames=false, http://www.dbunit.org/properties/fetchSize=100, http://www.dbunit.org/features/batchedStatements=false, http://www.dbunit.org/properties/metadataHandler=org.dbunit.database.DefaultMetadataHandler@62baffef, http://www.dbunit.org/properties/datatypeFactory=org.dbunit.dataset.datatype.DefaultDataTypeFactory[_toleratedDeltaMap=org.dbunit.dataset.datatype.ToleratedDeltaMap@6452310a], http://www.dbunit.org/properties/escapePattern=null, http://www.dbunit.org/properties/batchSize=100, http://www.dbunit.org/features/qualifiedTableNames=false, http://www.dbunit.org/properties/tableType=[Ljava.lang.String;@5011bafa, http://www.dbunit.org/properties/resultSetTableFactory=org.dbunit.database.CachedResultSetTableFactory@10bcf083, http://www.dbunit.org/features/datatypeWarning=true}]) - start
170285 [main] TRACE org.dbunit.database.DatabaseConfig  - getFeature(name=http://www.dbunit.org/features/qualifiedTableNames) - start
170285 [main] TRACE org.dbunit.database.DatabaseConfig  - getProperty(name=http://www.dbunit.org/features/qualifiedTableNames) - start
170285 [main] DEBUG org.dbunit.util.QualifiedTableName  - Qualified table names feature is disabled. Returning plain table name
170285 [main] DEBUG org.dbunit.util.QualifiedTableName  - getQualifiedName(prefix=null, name=SCOPE, escapePattern=null) - start
170285 [main] DEBUG org.dbunit.database.search.AbstractMetaDataBasedSearchCallback  - newEdge(rs=org.apache.commons.dbcp.DelegatingResultSet@49cecad4, type=0, from=SCOPE_REQUESTCONTEXT, to=SCOPE, fkColumn=SCOPE_ID, pkColumn=ID) - start
170285 [main] DEBUG org.dbunit.database.search.AbstractMetaDataBasedSearchCallback  - createFKEdge(rs=org.apache.commons.dbcp.DelegatingResultSet@49cecad4, type=0, from=SCOPE_REQUESTCONTEXT, to=SCOPE, fkColumn=SCOPE_ID, pkColumn=ID) - start
170286 [main] DEBUG org.dbunit.database.search.AbstractMetaDataBasedSearchCallback  - Adding edge SCOPE_REQUESTCONTEXT(SCOPE_ID)->SCOPE(ID)
170286 [main] DEBUG org.dbunit.util.search.Edge  - compareTo(o=SCOPE_REQUESTCONTEXT(REQUEST_CONTEXT_ID)->REQUESTCONTEXT(ID)) - start
170286 [main] DEBUG org.dbunit.util.SQLHelper  - close(resultSet=org.apache.commons.dbcp.DelegatingResultSet@49cecad4) - start
170286 [main] DEBUG org.dbunit.util.search.DepthFirstSearch  - search:REQUESTCONTEXT
170286 [main] DEBUG org.dbunit.database.search.ImportedKeysSearchCallback  - searchNode(node=REQUESTCONTEXT) - start
170286 [main] DEBUG org.dbunit.util.search.DepthFirstSearch  - Pushing REQUESTCONTEXT
170286 [main] DEBUG org.dbunit.database.search.ImportedKeysSearchCallback  - getEdges(node=REQUESTCONTEXT) - start
170286 [main] DEBUG org.dbunit.database.search.AbstractMetaDataBasedSearchCallback  - getNodesFromImportedKeys(node=REQUESTCONTEXT) - start
170286 [main] DEBUG org.dbunit.database.search.AbstractMetaDataBasedSearchCallback  - getNodes(type=0, node=REQUESTCONTEXT) - start
170286 [main] DEBUG org.dbunit.database.DatabaseDataSourceConnection  - getConnection() - start
170286 [main] DEBUG org.dbunit.database.search.AbstractMetaDataBasedSearchCallback  - getNodes(type=0, node=REQUESTCONTEXT, conn=Transaction-aware proxy for target Connection [jdbc:hsqldb:mem:kontrollDS, UserName=sw, HSQL Database Engine Driver], schema=null, metaData=org.apache.commons.dbcp.DelegatingDatabaseMetaData@27664a27, edges=[]) - start
170286 [main] DEBUG org.dbunit.database.search.AbstractMetaDataBasedSearchCallback  - Getting edges for node REQUESTCONTEXT
170286 [main] TRACE org.dbunit.database.DatabaseConfig  - getProperty(name=http://www.dbunit.org/properties/metadataHandler) - start
170286 [main] TRACE org.dbunit.database.DefaultMetadataHandler  - tableExists(metaData=org.apache.commons.dbcp.DelegatingDatabaseMetaData@27664a27, schemaName=null, tableName=REQUESTCONTEXT) - start
170287 [main] DEBUG org.dbunit.util.SQLHelper  - close(resultSet=org.apache.commons.dbcp.DelegatingResultSet@35e15f24) - start
170287 [main] DEBUG org.dbunit.util.SQLHelper  - close(resultSet=org.apache.commons.dbcp.DelegatingResultSet@17e71263) - start
170287 [main] DEBUG org.dbunit.util.search.DepthFirstSearch  - Adding node REQUESTCONTEXT to the final result
170287 [main] DEBUG org.dbunit.util.search.DepthFirstSearch  - search:SCOPE
170287 [main] DEBUG org.dbunit.database.search.ImportedKeysSearchCallback  - searchNode(node=SCOPE) - start
170287 [main] DEBUG org.dbunit.util.search.DepthFirstSearch  - Pushing SCOPE
170287 [main] DEBUG org.dbunit.util.search.DepthFirstSearch  - Adding node SCOPE to the final result
170287 [main] DEBUG org.dbunit.util.search.DepthFirstSearch  - Adding node SCOPE_REQUESTCONTEXT to the final result
170288 [main] DEBUG org.dbunit.util.search.DepthFirstSearch  - reverseSearch:REQUESTCONTEXT
170288 [main] DEBUG org.dbunit.database.search.ImportedKeysSearchCallback  - searchNode(node=REQUESTCONTEXT) - start
170288 [main] DEBUG org.dbunit.util.search.DepthFirstSearch  - Pushing (reverse) REQUESTCONTEXT
170288 [main] DEBUG org.dbunit.database.search.ImportedKeysSearchCallback  - getEdges(node=REQUESTCONTEXT) - start
170288 [main] DEBUG org.dbunit.database.search.AbstractMetaDataBasedSearchCallback  - getNodesFromImportedKeys(node=REQUESTCONTEXT) - start
170288 [main] DEBUG org.dbunit.database.search.AbstractMetaDataBasedSearchCallback  - getNodes(type=0, node=REQUESTCONTEXT) - start
170288 [main] DEBUG org.dbunit.database.DatabaseDataSourceConnection  - getConnection() - start
170288 [main] DEBUG org.dbunit.database.search.AbstractMetaDataBasedSearchCallback  - getNodes(type=0, node=REQUESTCONTEXT, conn=Transaction-aware proxy for target Connection [jdbc:hsqldb:mem:kontrollDS, UserName=sw, HSQL Database Engine Driver], schema=null, metaData=org.apache.commons.dbcp.DelegatingDatabaseMetaData@43682dd7, edges=[]) - start
170288 [main] DEBUG org.dbunit.database.search.AbstractMetaDataBasedSearchCallback  - Getting edges for node REQUESTCONTEXT
170288 [main] TRACE org.dbunit.database.DatabaseConfig  - getProperty(name=http://www.dbunit.org/properties/metadataHandler) - start
170288 [main] TRACE org.dbunit.database.DefaultMetadataHandler  - tableExists(metaData=org.apache.commons.dbcp.DelegatingDatabaseMetaData@43682dd7, schemaName=null, tableName=REQUESTCONTEXT) - start
170289 [main] DEBUG org.dbunit.util.SQLHelper  - close(resultSet=org.apache.commons.dbcp.DelegatingResultSet@5a0db458) - start
170289 [main] DEBUG org.dbunit.util.SQLHelper  - close(resultSet=org.apache.commons.dbcp.DelegatingResultSet@2f2b25c4) - start
170289 [main] DEBUG org.dbunit.util.search.DepthFirstSearch  - reverseSearch:SCOPE_REQUESTCONTEXT
170289 [main] DEBUG org.dbunit.util.search.DepthFirstSearch  - already searched; returning true
170289 [main] DEBUG org.dbunit.util.search.DepthFirstSearch  - reverseSearch:SCOPE
170289 [main] DEBUG org.dbunit.database.search.ImportedKeysSearchCallback  - searchNode(node=SCOPE) - start
170289 [main] DEBUG org.dbunit.util.search.DepthFirstSearch  - Pushing (reverse) SCOPE
170289 [main] DEBUG org.dbunit.database.search.ImportedKeysSearchCallback  - getEdges(node=SCOPE) - start
170289 [main] DEBUG org.dbunit.database.search.AbstractMetaDataBasedSearchCallback  - getNodesFromImportedKeys(node=SCOPE) - start
170289 [main] DEBUG org.dbunit.database.search.AbstractMetaDataBasedSearchCallback  - getNodes(type=0, node=SCOPE) - start
170289 [main] DEBUG org.dbunit.database.DatabaseDataSourceConnection  - getConnection() - start
170289 [main] DEBUG org.dbunit.database.search.AbstractMetaDataBasedSearchCallback  - getNodes(type=0, node=SCOPE, conn=Transaction-aware proxy for target Connection [jdbc:hsqldb:mem:kontrollDS, UserName=sw, HSQL Database Engine Driver], schema=null, metaData=org.apache.commons.dbcp.DelegatingDatabaseMetaData@39bc7f0d, edges=[]) - start
170289 [main] DEBUG org.dbunit.database.search.AbstractMetaDataBasedSearchCallback  - Getting edges for node SCOPE
170290 [main] TRACE org.dbunit.database.DatabaseConfig  - getProperty(name=http://www.dbunit.org/properties/metadataHandler) - start
170290 [main] TRACE org.dbunit.database.DefaultMetadataHandler  - tableExists(metaData=org.apache.commons.dbcp.DelegatingDatabaseMetaData@39bc7f0d, schemaName=null, tableName=SCOPE) - start
170291 [main] DEBUG org.dbunit.util.SQLHelper  - close(resultSet=org.apache.commons.dbcp.DelegatingResultSet@1bb2bed9) - start
170291 [main] DEBUG org.dbunit.util.SQLHelper  - close(resultSet=org.apache.commons.dbcp.DelegatingResultSet@2f8d87bc) - start
170291 [main] DEBUG org.dbunit.util.search.DepthFirstSearch  - search:SCOPE_REQUESTCONTEXT
170291 [main] DEBUG org.dbunit.util.search.DepthFirstSearch  - already searched; returning true
170291 [main] DEBUG org.dbunit.util.search.DepthFirstSearch  - search:REQUESTCONTEXT
170291 [main] DEBUG org.dbunit.util.search.DepthFirstSearch  - already searched; returning true
170291 [main] DEBUG org.dbunit.util.search.DepthFirstSearch  - search:SCOPE
170291 [main] DEBUG org.dbunit.util.search.DepthFirstSearch  - already searched; returning true
170291 [main] DEBUG org.dbunit.database.DatabaseSequenceFilter  - getDependencyInfo(connection=_databaseConfig=org.dbunit.database.DatabaseConfig[, _propertyMap={http://www.dbunit.org/properties/statementFactory=org.dbunit.database.statement.PreparedStatementFactory@626bc2b8, http://www.dbunit.org/features/caseSensitiveTableNames=false, http://www.dbunit.org/properties/fetchSize=100, http://www.dbunit.org/features/batchedStatements=false, http://www.dbunit.org/properties/metadataHandler=org.dbunit.database.DefaultMetadataHandler@62baffef, http://www.dbunit.org/properties/datatypeFactory=org.dbunit.dataset.datatype.DefaultDataTypeFactory[_toleratedDeltaMap=org.dbunit.dataset.datatype.ToleratedDeltaMap@6452310a], http://www.dbunit.org/properties/escapePattern=null, http://www.dbunit.org/properties/batchSize=100, http://www.dbunit.org/features/qualifiedTableNames=false, http://www.dbunit.org/properties/tableType=[Ljava.lang.String;@5011bafa, http://www.dbunit.org/properties/resultSetTableFactory=org.dbunit.database.CachedResultSetTableFactory@10bcf083, http://www.dbunit.org/features/datatypeWarning=true}], _dataSet=AbstractDataSet[_orderedTableNameMap=null], tableName=USER) - start
170291 [main] DEBUG org.dbunit.database.search.TablesDependencyHelper  - getDependentTables(connection=_databaseConfig=org.dbunit.database.DatabaseConfig[, _propertyMap={http://www.dbunit.org/properties/statementFactory=org.dbunit.database.statement.PreparedStatementFactory@626bc2b8, http://www.dbunit.org/features/caseSensitiveTableNames=false, http://www.dbunit.org/properties/fetchSize=100, http://www.dbunit.org/features/batchedStatements=false, http://www.dbunit.org/properties/metadataHandler=org.dbunit.database.DefaultMetadataHandler@62baffef, http://www.dbunit.org/properties/datatypeFactory=org.dbunit.dataset.datatype.DefaultDataTypeFactory[_toleratedDeltaMap=org.dbunit.dataset.datatype.ToleratedDeltaMap@6452310a], http://www.dbunit.org/properties/escapePattern=null, http://www.dbunit.org/properties/batchSize=100, http://www.dbunit.org/features/qualifiedTableNames=false, http://www.dbunit.org/properties/tableType=[Ljava.lang.String;@5011bafa, http://www.dbunit.org/properties/resultSetTableFactory=org.dbunit.database.CachedResultSetTableFactory@10bcf083, http://www.dbunit.org/features/datatypeWarning=true}], _dataSet=AbstractDataSet[_orderedTableNameMap=null], rootTable=USER) - start
170291 [main] DEBUG org.dbunit.database.search.TablesDependencyHelper  - getDependentTables(connection=_databaseConfig=org.dbunit.database.DatabaseConfig[, _propertyMap={http://www.dbunit.org/properties/statementFactory=org.dbunit.database.statement.PreparedStatementFactory@626bc2b8, http://www.dbunit.org/features/caseSensitiveTableNames=false, http://www.dbunit.org/properties/fetchSize=100, http://www.dbunit.org/features/batchedStatements=false, http://www.dbunit.org/properties/metadataHandler=org.dbunit.database.DefaultMetadataHandler@62baffef, http://www.dbunit.org/properties/datatypeFactory=org.dbunit.dataset.datatype.DefaultDataTypeFactory[_toleratedDeltaMap=org.dbunit.dataset.datatype.ToleratedDeltaMap@6452310a], http://www.dbunit.org/properties/escapePattern=null, http://www.dbunit.org/properties/batchSize=100, http://www.dbunit.org/features/qualifiedTableNames=false, http://www.dbunit.org/properties/tableType=[Ljava.lang.String;@5011bafa, http://www.dbunit.org/properties/resultSetTableFactory=org.dbunit.database.CachedResultSetTableFactory@10bcf083, http://www.dbunit.org/features/datatypeWarning=true}], _dataSet=AbstractDataSet[_orderedTableNameMap=null], rootTables=[USER]) - start
170292 [main] DEBUG org.dbunit.util.search.DepthFirstSearch  - search(nodesFrom=[USER], callback=org.dbunit.database.search.ImportedKeysSearchCallback@1266a778) - start
170292 [main] DEBUG org.dbunit.util.CollectionsHelper  - objectsToSet(objects=USER) - start
170292 [main] DEBUG org.dbunit.util.search.DepthFirstSearch  - search(nodesFrom=[USER], callback=org.dbunit.database.search.ImportedKeysSearchCallback@1266a778) - start
170292 [main] DEBUG org.dbunit.util.search.DepthFirstSearch  - reverseSearch:USER
170292 [main] DEBUG org.dbunit.database.search.ImportedKeysSearchCallback  - searchNode(node=USER) - start
170292 [main] DEBUG org.dbunit.util.search.DepthFirstSearch  - Pushing (reverse) USER
170292 [main] DEBUG org.dbunit.database.search.ImportedKeysSearchCallback  - getEdges(node=USER) - start
170292 [main] DEBUG org.dbunit.database.search.AbstractMetaDataBasedSearchCallback  - getNodesFromImportedKeys(node=USER) - start
170292 [main] DEBUG org.dbunit.database.search.AbstractMetaDataBasedSearchCallback  - getNodes(type=0, node=USER) - start
170292 [main] DEBUG org.dbunit.database.DatabaseDataSourceConnection  - getConnection() - start
170292 [main] DEBUG org.dbunit.database.search.AbstractMetaDataBasedSearchCallback  - getNodes(type=0, node=USER, conn=Transaction-aware proxy for target Connection [jdbc:hsqldb:mem:kontrollDS, UserName=sw, HSQL Database Engine Driver], schema=null, metaData=org.apache.commons.dbcp.DelegatingDatabaseMetaData@117cc0b8, edges=[]) - start
170292 [main] DEBUG org.dbunit.database.search.AbstractMetaDataBasedSearchCallback  - Getting edges for node USER
170292 [main] TRACE org.dbunit.database.DatabaseConfig  - getProperty(name=http://www.dbunit.org/properties/metadataHandler) - start
170292 [main] TRACE org.dbunit.database.DefaultMetadataHandler  - tableExists(metaData=org.apache.commons.dbcp.DelegatingDatabaseMetaData@117cc0b8, schemaName=null, tableName=USER) - start
170293 [main] DEBUG org.dbunit.util.SQLHelper  - close(resultSet=org.apache.commons.dbcp.DelegatingResultSet@5637f9ee) - start
170293 [main] DEBUG org.dbunit.util.SQLHelper  - close(resultSet=org.apache.commons.dbcp.DelegatingResultSet@319d8195) - start
170293 [main] DEBUG org.dbunit.util.search.DepthFirstSearch  - search:USER
170293 [main] DEBUG org.dbunit.database.search.ImportedKeysSearchCallback  - searchNode(node=USER) - start
170293 [main] DEBUG org.dbunit.util.search.DepthFirstSearch  - Pushing USER
170293 [main] DEBUG org.dbunit.database.search.ImportedKeysSearchCallback  - getEdges(node=USER) - start
170294 [main] DEBUG org.dbunit.database.search.AbstractMetaDataBasedSearchCallback  - getNodesFromImportedKeys(node=USER) - start
170294 [main] DEBUG org.dbunit.database.search.AbstractMetaDataBasedSearchCallback  - getNodes(type=0, node=USER) - start
170294 [main] DEBUG org.dbunit.database.DatabaseDataSourceConnection  - getConnection() - start
170294 [main] DEBUG org.dbunit.database.search.AbstractMetaDataBasedSearchCallback  - getNodes(type=0, node=USER, conn=Transaction-aware proxy for target Connection [jdbc:hsqldb:mem:kontrollDS, UserName=sw, HSQL Database Engine Driver], schema=null, metaData=org.apache.commons.dbcp.DelegatingDatabaseMetaData@5ba676a5, edges=[]) - start
170294 [main] DEBUG org.dbunit.database.search.AbstractMetaDataBasedSearchCallback  - Getting edges for node USER
170294 [main] TRACE org.dbunit.database.DatabaseConfig  - getProperty(name=http://www.dbunit.org/properties/metadataHandler) - start
170294 [main] TRACE org.dbunit.database.DefaultMetadataHandler  - tableExists(metaData=org.apache.commons.dbcp.DelegatingDatabaseMetaData@5ba676a5, schemaName=null, tableName=USER) - start
170295 [main] DEBUG org.dbunit.util.SQLHelper  - close(resultSet=org.apache.commons.dbcp.DelegatingResultSet@89346ac) - start
170295 [main] DEBUG org.dbunit.util.SQLHelper  - close(resultSet=org.apache.commons.dbcp.DelegatingResultSet@459142ee) - start
170295 [main] DEBUG org.dbunit.util.search.DepthFirstSearch  - Adding node USER to the final result
170295 [main] DEBUG org.dbunit.util.CollectionsHelper  - setToStrings(set=[USER]) - start
170295 [main] DEBUG org.dbunit.database.search.TablesDependencyHelper  - getDependsOnTables(connection=_databaseConfig=org.dbunit.database.DatabaseConfig[, _propertyMap={http://www.dbunit.org/properties/statementFactory=org.dbunit.database.statement.PreparedStatementFactory@626bc2b8, http://www.dbunit.org/features/caseSensitiveTableNames=false, http://www.dbunit.org/properties/fetchSize=100, http://www.dbunit.org/features/batchedStatements=false, http://www.dbunit.org/properties/metadataHandler=org.dbunit.database.DefaultMetadataHandler@62baffef, http://www.dbunit.org/properties/datatypeFactory=org.dbunit.dataset.datatype.DefaultDataTypeFactory[_toleratedDeltaMap=org.dbunit.dataset.datatype.ToleratedDeltaMap@6452310a], http://www.dbunit.org/properties/escapePattern=null, http://www.dbunit.org/properties/batchSize=100, http://www.dbunit.org/features/qualifiedTableNames=false, http://www.dbunit.org/properties/tableType=[Ljava.lang.String;@5011bafa, http://www.dbunit.org/properties/resultSetTableFactory=org.dbunit.database.CachedResultSetTableFactory@10bcf083, http://www.dbunit.org/features/datatypeWarning=true}], _dataSet=AbstractDataSet[_orderedTableNameMap=null], rootTable=USER) - start
170295 [main] DEBUG org.dbunit.util.search.DepthFirstSearch  - search(nodesFrom=[USER], callback=org.dbunit.database.search.ExportedKeysSearchCallback@43048550) - start
170295 [main] DEBUG org.dbunit.util.CollectionsHelper  - objectsToSet(objects=USER) - start
170295 [main] DEBUG org.dbunit.util.search.DepthFirstSearch  - search(nodesFrom=[USER], callback=org.dbunit.database.search.ExportedKeysSearchCallback@43048550) - start
170295 [main] DEBUG org.dbunit.util.search.DepthFirstSearch  - reverseSearch:USER
170296 [main] DEBUG org.dbunit.database.search.ExportedKeysSearchCallback  - searchNode(node=USER) - start
170296 [main] DEBUG org.dbunit.util.search.DepthFirstSearch  - Pushing (reverse) USER
170296 [main] DEBUG org.dbunit.database.search.ExportedKeysSearchCallback  - getEdges(node=USER) - start
170296 [main] DEBUG org.dbunit.database.search.AbstractMetaDataBasedSearchCallback  - getNodesFromExportedKeys(node=USER) - start
170296 [main] DEBUG org.dbunit.database.search.AbstractMetaDataBasedSearchCallback  - getNodes(type=1, node=USER) - start
170296 [main] DEBUG org.dbunit.database.DatabaseDataSourceConnection  - getConnection() - start
170296 [main] DEBUG org.dbunit.database.search.AbstractMetaDataBasedSearchCallback  - getNodes(type=1, node=USER, conn=Transaction-aware proxy for target Connection [jdbc:hsqldb:mem:kontrollDS, UserName=sw, HSQL Database Engine Driver], schema=null, metaData=org.apache.commons.dbcp.DelegatingDatabaseMetaData@5dcc698f, edges=[]) - start
170296 [main] DEBUG org.dbunit.database.search.AbstractMetaDataBasedSearchCallback  - Getting edges for node USER
170296 [main] TRACE org.dbunit.database.DatabaseConfig  - getProperty(name=http://www.dbunit.org/properties/metadataHandler) - start
170296 [main] TRACE org.dbunit.database.DefaultMetadataHandler  - tableExists(metaData=org.apache.commons.dbcp.DelegatingDatabaseMetaData@5dcc698f, schemaName=null, tableName=USER) - start
170297 [main] DEBUG org.dbunit.util.SQLHelper  - close(resultSet=org.apache.commons.dbcp.DelegatingResultSet@573a4fc2) - start
170297 [main] DEBUG org.dbunit.util.QualifiedTableName  - getQualifiedNameIfEnabled(config=org.dbunit.database.DatabaseConfig[, _propertyMap={http://www.dbunit.org/properties/statementFactory=org.dbunit.database.statement.PreparedStatementFactory@626bc2b8, http://www.dbunit.org/features/caseSensitiveTableNames=false, http://www.dbunit.org/properties/fetchSize=100, http://www.dbunit.org/features/batchedStatements=false, http://www.dbunit.org/properties/metadataHandler=org.dbunit.database.DefaultMetadataHandler@62baffef, http://www.dbunit.org/properties/datatypeFactory=org.dbunit.dataset.datatype.DefaultDataTypeFactory[_toleratedDeltaMap=org.dbunit.dataset.datatype.ToleratedDeltaMap@6452310a], http://www.dbunit.org/properties/escapePattern=null, http://www.dbunit.org/properties/batchSize=100, http://www.dbunit.org/features/qualifiedTableNames=false, http://www.dbunit.org/properties/tableType=[Ljava.lang.String;@5011bafa, http://www.dbunit.org/properties/resultSetTableFactory=org.dbunit.database.CachedResultSetTableFactory@10bcf083, http://www.dbunit.org/features/datatypeWarning=true}]) - start
170297 [main] TRACE org.dbunit.database.DatabaseConfig  - getFeature(name=http://www.dbunit.org/features/qualifiedTableNames) - start
170297 [main] TRACE org.dbunit.database.DatabaseConfig  - getProperty(name=http://www.dbunit.org/features/qualifiedTableNames) - start
170297 [main] DEBUG org.dbunit.util.QualifiedTableName  - Qualified table names feature is disabled. Returning plain table name
170297 [main] DEBUG org.dbunit.util.QualifiedTableName  - getQualifiedName(prefix=null, name=USER, escapePattern=null) - start
170297 [main] DEBUG org.dbunit.util.QualifiedTableName  - getQualifiedNameIfEnabled(config=org.dbunit.database.DatabaseConfig[, _propertyMap={http://www.dbunit.org/properties/statementFactory=org.dbunit.database.statement.PreparedStatementFactory@626bc2b8, http://www.dbunit.org/features/caseSensitiveTableNames=false, http://www.dbunit.org/properties/fetchSize=100, http://www.dbunit.org/features/batchedStatements=false, http://www.dbunit.org/properties/metadataHandler=org.dbunit.database.DefaultMetadataHandler@62baffef, http://www.dbunit.org/properties/datatypeFactory=org.dbunit.dataset.datatype.DefaultDataTypeFactory[_toleratedDeltaMap=org.dbunit.dataset.datatype.ToleratedDeltaMap@6452310a], http://www.dbunit.org/properties/escapePattern=null, http://www.dbunit.org/properties/batchSize=100, http://www.dbunit.org/features/qualifiedTableNames=false, http://www.dbunit.org/properties/tableType=[Ljava.lang.String;@5011bafa, http://www.dbunit.org/properties/resultSetTableFactory=org.dbunit.database.CachedResultSetTableFactory@10bcf083, http://www.dbunit.org/features/datatypeWarning=true}]) - start
170297 [main] TRACE org.dbunit.database.DatabaseConfig  - getFeature(name=http://www.dbunit.org/features/qualifiedTableNames) - start
170298 [main] TRACE org.dbunit.database.DatabaseConfig  - getProperty(name=http://www.dbunit.org/features/qualifiedTableNames) - start
170298 [main] DEBUG org.dbunit.util.QualifiedTableName  - Qualified table names feature is disabled. Returning plain table name
170298 [main] DEBUG org.dbunit.util.QualifiedTableName  - getQualifiedName(prefix=null, name=USERS_AUTHORITIES, escapePattern=null) - start
170298 [main] DEBUG org.dbunit.database.search.AbstractMetaDataBasedSearchCallback  - newEdge(rs=org.apache.commons.dbcp.DelegatingResultSet@2b9c5142, type=1, from=USER, to=USERS_AUTHORITIES, fkColumn=USER_ID, pkColumn=ID) - start
170298 [main] DEBUG org.dbunit.database.search.AbstractMetaDataBasedSearchCallback  - createFKEdge(rs=org.apache.commons.dbcp.DelegatingResultSet@2b9c5142, type=1, from=USER, to=USERS_AUTHORITIES, fkColumn=USER_ID, pkColumn=ID) - start
170298 [main] DEBUG org.dbunit.database.search.AbstractMetaDataBasedSearchCallback  - Adding edge USERS_AUTHORITIES(USER_ID)->USER(ID)
170298 [main] DEBUG org.dbunit.util.search.Edge  - compareTo(o=USERS_AUTHORITIES(USER_ID)->USER(ID)) - start
170298 [main] DEBUG org.dbunit.util.SQLHelper  - close(resultSet=org.apache.commons.dbcp.DelegatingResultSet@2b9c5142) - start
170298 [main] DEBUG org.dbunit.util.search.DepthFirstSearch  - reverseSearch:USERS_AUTHORITIES
170298 [main] DEBUG org.dbunit.database.search.ExportedKeysSearchCallback  - searchNode(node=USERS_AUTHORITIES) - start
170298 [main] DEBUG org.dbunit.util.search.DepthFirstSearch  - Pushing (reverse) USERS_AUTHORITIES
170298 [main] DEBUG org.dbunit.database.search.ExportedKeysSearchCallback  - getEdges(node=USERS_AUTHORITIES) - start
170298 [main] DEBUG org.dbunit.database.search.AbstractMetaDataBasedSearchCallback  - getNodesFromExportedKeys(node=USERS_AUTHORITIES) - start
170298 [main] DEBUG org.dbunit.database.search.AbstractMetaDataBasedSearchCallback  - getNodes(type=1, node=USERS_AUTHORITIES) - start
170298 [main] DEBUG org.dbunit.database.DatabaseDataSourceConnection  - getConnection() - start
170298 [main] DEBUG org.dbunit.database.search.AbstractMetaDataBasedSearchCallback  - getNodes(type=1, node=USERS_AUTHORITIES, conn=Transaction-aware proxy for target Connection [jdbc:hsqldb:mem:kontrollDS, UserName=sw, HSQL Database Engine Driver], schema=null, metaData=org.apache.commons.dbcp.DelegatingDatabaseMetaData@239ada6c, edges=[]) - start
170298 [main] DEBUG org.dbunit.database.search.AbstractMetaDataBasedSearchCallback  - Getting edges for node USERS_AUTHORITIES
170298 [main] TRACE org.dbunit.database.DatabaseConfig  - getProperty(name=http://www.dbunit.org/properties/metadataHandler) - start
170298 [main] TRACE org.dbunit.database.DefaultMetadataHandler  - tableExists(metaData=org.apache.commons.dbcp.DelegatingDatabaseMetaData@239ada6c, schemaName=null, tableName=USERS_AUTHORITIES) - start
170299 [main] DEBUG org.dbunit.util.SQLHelper  - close(resultSet=org.apache.commons.dbcp.DelegatingResultSet@753b0a43) - start
170300 [main] DEBUG org.dbunit.util.SQLHelper  - close(resultSet=org.apache.commons.dbcp.DelegatingResultSet@10556d0c) - start
170300 [main] DEBUG org.dbunit.util.search.DepthFirstSearch  - search:USERS_AUTHORITIES
170300 [main] DEBUG org.dbunit.database.search.ExportedKeysSearchCallback  - searchNode(node=USERS_AUTHORITIES) - start
170300 [main] DEBUG org.dbunit.util.search.DepthFirstSearch  - Pushing USERS_AUTHORITIES
170300 [main] DEBUG org.dbunit.database.search.ExportedKeysSearchCallback  - getEdges(node=USERS_AUTHORITIES) - start
170300 [main] DEBUG org.dbunit.database.search.AbstractMetaDataBasedSearchCallback  - getNodesFromExportedKeys(node=USERS_AUTHORITIES) - start
170300 [main] DEBUG org.dbunit.database.search.AbstractMetaDataBasedSearchCallback  - getNodes(type=1, node=USERS_AUTHORITIES) - start
170300 [main] DEBUG org.dbunit.database.DatabaseDataSourceConnection  - getConnection() - start
170300 [main] DEBUG org.dbunit.database.search.AbstractMetaDataBasedSearchCallback  - getNodes(type=1, node=USERS_AUTHORITIES, conn=Transaction-aware proxy for target Connection [jdbc:hsqldb:mem:kontrollDS, UserName=sw, HSQL Database Engine Driver], schema=null, metaData=org.apache.commons.dbcp.DelegatingDatabaseMetaData@586a3734, edges=[]) - start
170300 [main] DEBUG org.dbunit.database.search.AbstractMetaDataBasedSearchCallback  - Getting edges for node USERS_AUTHORITIES
170300 [main] TRACE org.dbunit.database.DatabaseConfig  - getProperty(name=http://www.dbunit.org/properties/metadataHandler) - start
170300 [main] TRACE org.dbunit.database.DefaultMetadataHandler  - tableExists(metaData=org.apache.commons.dbcp.DelegatingDatabaseMetaData@586a3734, schemaName=null, tableName=USERS_AUTHORITIES) - start
170301 [main] DEBUG org.dbunit.util.SQLHelper  - close(resultSet=org.apache.commons.dbcp.DelegatingResultSet@3d990125) - start
170301 [main] DEBUG org.dbunit.util.SQLHelper  - close(resultSet=org.apache.commons.dbcp.DelegatingResultSet@7454ae24) - start
170301 [main] DEBUG org.dbunit.util.search.DepthFirstSearch  - Adding node USERS_AUTHORITIES to the final result
170301 [main] DEBUG org.dbunit.util.search.DepthFirstSearch  - search:USER
170301 [main] DEBUG org.dbunit.database.search.ExportedKeysSearchCallback  - searchNode(node=USER) - start
170301 [main] DEBUG org.dbunit.util.search.DepthFirstSearch  - Pushing USER
170301 [main] DEBUG org.dbunit.database.search.ExportedKeysSearchCallback  - getEdges(node=USER) - start
170302 [main] DEBUG org.dbunit.database.search.AbstractMetaDataBasedSearchCallback  - getNodesFromExportedKeys(node=USER) - start
170302 [main] DEBUG org.dbunit.database.search.AbstractMetaDataBasedSearchCallback  - getNodes(type=1, node=USER) - start
170302 [main] DEBUG org.dbunit.database.DatabaseDataSourceConnection  - getConnection() - start
170302 [main] DEBUG org.dbunit.database.search.AbstractMetaDataBasedSearchCallback  - getNodes(type=1, node=USER, conn=Transaction-aware proxy for target Connection [jdbc:hsqldb:mem:kontrollDS, UserName=sw, HSQL Database Engine Driver], schema=null, metaData=org.apache.commons.dbcp.DelegatingDatabaseMetaData@6374f926, edges=[]) - start
170302 [main] DEBUG org.dbunit.database.search.AbstractMetaDataBasedSearchCallback  - Getting edges for node USER
170302 [main] TRACE org.dbunit.database.DatabaseConfig  - getProperty(name=http://www.dbunit.org/properties/metadataHandler) - start
170302 [main] TRACE org.dbunit.database.DefaultMetadataHandler  - tableExists(metaData=org.apache.commons.dbcp.DelegatingDatabaseMetaData@6374f926, schemaName=null, tableName=USER) - start
170303 [main] DEBUG org.dbunit.util.SQLHelper  - close(resultSet=org.apache.commons.dbcp.DelegatingResultSet@546a3d47) - start
170304 [main] DEBUG org.dbunit.util.QualifiedTableName  - getQualifiedNameIfEnabled(config=org.dbunit.database.DatabaseConfig[, _propertyMap={http://www.dbunit.org/properties/statementFactory=org.dbunit.database.statement.PreparedStatementFactory@626bc2b8, http://www.dbunit.org/features/caseSensitiveTableNames=false, http://www.dbunit.org/properties/fetchSize=100, http://www.dbunit.org/features/batchedStatements=false, http://www.dbunit.org/properties/metadataHandler=org.dbunit.database.DefaultMetadataHandler@62baffef, http://www.dbunit.org/properties/datatypeFactory=org.dbunit.dataset.datatype.DefaultDataTypeFactory[_toleratedDeltaMap=org.dbunit.dataset.datatype.ToleratedDeltaMap@6452310a], http://www.dbunit.org/properties/escapePattern=null, http://www.dbunit.org/properties/batchSize=100, http://www.dbunit.org/features/qualifiedTableNames=false, http://www.dbunit.org/properties/tableType=[Ljava.lang.String;@5011bafa, http://www.dbunit.org/properties/resultSetTableFactory=org.dbunit.database.CachedResultSetTableFactory@10bcf083, http://www.dbunit.org/features/datatypeWarning=true}]) - start
170304 [main] TRACE org.dbunit.database.DatabaseConfig  - getFeature(name=http://www.dbunit.org/features/qualifiedTableNames) - start
170304 [main] TRACE org.dbunit.database.DatabaseConfig  - getProperty(name=http://www.dbunit.org/features/qualifiedTableNames) - start
170304 [main] DEBUG org.dbunit.util.QualifiedTableName  - Qualified table names feature is disabled. Returning plain table name
170304 [main] DEBUG org.dbunit.util.QualifiedTableName  - getQualifiedName(prefix=null, name=USER, escapePattern=null) - start
170304 [main] DEBUG org.dbunit.util.QualifiedTableName  - getQualifiedNameIfEnabled(config=org.dbunit.database.DatabaseConfig[, _propertyMap={http://www.dbunit.org/properties/statementFactory=org.dbunit.database.statement.PreparedStatementFactory@626bc2b8, http://www.dbunit.org/features/caseSensitiveTableNames=false, http://www.dbunit.org/properties/fetchSize=100, http://www.dbunit.org/features/batchedStatements=false, http://www.dbunit.org/properties/metadataHandler=org.dbunit.database.DefaultMetadataHandler@62baffef, http://www.dbunit.org/properties/datatypeFactory=org.dbunit.dataset.datatype.DefaultDataTypeFactory[_toleratedDeltaMap=org.dbunit.dataset.datatype.ToleratedDeltaMap@6452310a], http://www.dbunit.org/properties/escapePattern=null, http://www.dbunit.org/properties/batchSize=100, http://www.dbunit.org/features/qualifiedTableNames=false, http://www.dbunit.org/properties/tableType=[Ljava.lang.String;@5011bafa, http://www.dbunit.org/properties/resultSetTableFactory=org.dbunit.database.CachedResultSetTableFactory@10bcf083, http://www.dbunit.org/features/datatypeWarning=true}]) - start
170305 [main] TRACE org.dbunit.database.DatabaseConfig  - getFeature(name=http://www.dbunit.org/features/qualifiedTableNames) - start
170305 [main] TRACE org.dbunit.database.DatabaseConfig  - getProperty(name=http://www.dbunit.org/features/qualifiedTableNames) - start
170305 [main] DEBUG org.dbunit.util.QualifiedTableName  - Qualified table names feature is disabled. Returning plain table name
170305 [main] DEBUG org.dbunit.util.QualifiedTableName  - getQualifiedName(prefix=null, name=USERS_AUTHORITIES, escapePattern=null) - start
170305 [main] DEBUG org.dbunit.database.search.AbstractMetaDataBasedSearchCallback  - newEdge(rs=org.apache.commons.dbcp.DelegatingResultSet@3e5a55fd, type=1, from=USER, to=USERS_AUTHORITIES, fkColumn=USER_ID, pkColumn=ID) - start
170305 [main] DEBUG org.dbunit.database.search.AbstractMetaDataBasedSearchCallback  - createFKEdge(rs=org.apache.commons.dbcp.DelegatingResultSet@3e5a55fd, type=1, from=USER, to=USERS_AUTHORITIES, fkColumn=USER_ID, pkColumn=ID) - start
170305 [main] DEBUG org.dbunit.database.search.AbstractMetaDataBasedSearchCallback  - Adding edge USERS_AUTHORITIES(USER_ID)->USER(ID)
170305 [main] DEBUG org.dbunit.util.search.Edge  - compareTo(o=USERS_AUTHORITIES(USER_ID)->USER(ID)) - start
170305 [main] DEBUG org.dbunit.util.SQLHelper  - close(resultSet=org.apache.commons.dbcp.DelegatingResultSet@3e5a55fd) - start
170305 [main] DEBUG org.dbunit.util.search.DepthFirstSearch  - search:USER
170305 [main] DEBUG org.dbunit.util.search.DepthFirstSearch  - already searched; returning true
170305 [main] DEBUG org.dbunit.util.search.DepthFirstSearch  - Adding node USER to the final result
170305 [main] DEBUG org.dbunit.util.CollectionsHelper  - setToStrings(set=[USERS_AUTHORITIES, USER]) - start
170306 [main] DEBUG org.dbunit.database.search.TablesDependencyHelper  - getDirectDependsOnTables(connection=_databaseConfig=org.dbunit.database.DatabaseConfig[, _propertyMap={http://www.dbunit.org/properties/statementFactory=org.dbunit.database.statement.PreparedStatementFactory@626bc2b8, http://www.dbunit.org/features/caseSensitiveTableNames=false, http://www.dbunit.org/properties/fetchSize=100, http://www.dbunit.org/features/batchedStatements=false, http://www.dbunit.org/properties/metadataHandler=org.dbunit.database.DefaultMetadataHandler@62baffef, http://www.dbunit.org/properties/datatypeFactory=org.dbunit.dataset.datatype.DefaultDataTypeFactory[_toleratedDeltaMap=org.dbunit.dataset.datatype.ToleratedDeltaMap@6452310a], http://www.dbunit.org/properties/escapePattern=null, http://www.dbunit.org/properties/batchSize=100, http://www.dbunit.org/features/qualifiedTableNames=false, http://www.dbunit.org/properties/tableType=[Ljava.lang.String;@5011bafa, http://www.dbunit.org/properties/resultSetTableFactory=org.dbunit.database.CachedResultSetTableFactory@10bcf083, http://www.dbunit.org/features/datatypeWarning=true}], _dataSet=AbstractDataSet[_orderedTableNameMap=null], tableName=USER) - start
170306 [main] DEBUG org.dbunit.util.search.DepthFirstSearch  - search(nodesFrom=[USER], callback=org.dbunit.database.search.ExportedKeysSearchCallback@6437ebaa) - start
170306 [main] DEBUG org.dbunit.util.CollectionsHelper  - objectsToSet(objects=USER) - start
170306 [main] DEBUG org.dbunit.util.search.DepthFirstSearch  - search(nodesFrom=[USER], callback=org.dbunit.database.search.ExportedKeysSearchCallback@6437ebaa) - start
170306 [main] DEBUG org.dbunit.util.search.DepthFirstSearch  - reverseSearch:USER
170306 [main] DEBUG org.dbunit.database.search.ExportedKeysSearchCallback  - searchNode(node=USER) - start
170306 [main] DEBUG org.dbunit.util.search.DepthFirstSearch  - Pushing (reverse) USER
170306 [main] DEBUG org.dbunit.database.search.ExportedKeysSearchCallback  - getEdges(node=USER) - start
170306 [main] DEBUG org.dbunit.database.search.AbstractMetaDataBasedSearchCallback  - getNodesFromExportedKeys(node=USER) - start
170306 [main] DEBUG org.dbunit.database.search.AbstractMetaDataBasedSearchCallback  - getNodes(type=1, node=USER) - start
170307 [main] DEBUG org.dbunit.database.DatabaseDataSourceConnection  - getConnection() - start
170307 [main] DEBUG org.dbunit.database.search.AbstractMetaDataBasedSearchCallback  - getNodes(type=1, node=USER, conn=Transaction-aware proxy for target Connection [jdbc:hsqldb:mem:kontrollDS, UserName=sw, HSQL Database Engine Driver], schema=null, metaData=org.apache.commons.dbcp.DelegatingDatabaseMetaData@1351194d, edges=[]) - start
170307 [main] DEBUG org.dbunit.database.search.AbstractMetaDataBasedSearchCallback  - Getting edges for node USER
170307 [main] TRACE org.dbunit.database.DatabaseConfig  - getProperty(name=http://www.dbunit.org/properties/metadataHandler) - start
170307 [main] TRACE org.dbunit.database.DefaultMetadataHandler  - tableExists(metaData=org.apache.commons.dbcp.DelegatingDatabaseMetaData@1351194d, schemaName=null, tableName=USER) - start
170308 [main] DEBUG org.dbunit.util.SQLHelper  - close(resultSet=org.apache.commons.dbcp.DelegatingResultSet@7fcbb22) - start
170308 [main] DEBUG org.dbunit.util.QualifiedTableName  - getQualifiedNameIfEnabled(config=org.dbunit.database.DatabaseConfig[, _propertyMap={http://www.dbunit.org/properties/statementFactory=org.dbunit.database.statement.PreparedStatementFactory@626bc2b8, http://www.dbunit.org/features/caseSensitiveTableNames=false, http://www.dbunit.org/properties/fetchSize=100, http://www.dbunit.org/features/batchedStatements=false, http://www.dbunit.org/properties/metadataHandler=org.dbunit.database.DefaultMetadataHandler@62baffef, http://www.dbunit.org/properties/datatypeFactory=org.dbunit.dataset.datatype.DefaultDataTypeFactory[_toleratedDeltaMap=org.dbunit.dataset.datatype.ToleratedDeltaMap@6452310a], http://www.dbunit.org/properties/escapePattern=null, http://www.dbunit.org/properties/batchSize=100, http://www.dbunit.org/features/qualifiedTableNames=false, http://www.dbunit.org/properties/tableType=[Ljava.lang.String;@5011bafa, http://www.dbunit.org/properties/resultSetTableFactory=org.dbunit.database.CachedResultSetTableFactory@10bcf083, http://www.dbunit.org/features/datatypeWarning=true}]) - start
170308 [main] TRACE org.dbunit.database.DatabaseConfig  - getFeature(name=http://www.dbunit.org/features/qualifiedTableNames) - start
170309 [main] TRACE org.dbunit.database.DatabaseConfig  - getProperty(name=http://www.dbunit.org/features/qualifiedTableNames) - start
170309 [main] DEBUG org.dbunit.util.QualifiedTableName  - Qualified table names feature is disabled. Returning plain table name
170309 [main] DEBUG org.dbunit.util.QualifiedTableName  - getQualifiedName(prefix=null, name=USER, escapePattern=null) - start
170309 [main] DEBUG org.dbunit.util.QualifiedTableName  - getQualifiedNameIfEnabled(config=org.dbunit.database.DatabaseConfig[, _propertyMap={http://www.dbunit.org/properties/statementFactory=org.dbunit.database.statement.PreparedStatementFactory@626bc2b8, http://www.dbunit.org/features/caseSensitiveTableNames=false, http://www.dbunit.org/properties/fetchSize=100, http://www.dbunit.org/features/batchedStatements=false, http://www.dbunit.org/properties/metadataHandler=org.dbunit.database.DefaultMetadataHandler@62baffef, http://www.dbunit.org/properties/datatypeFactory=org.dbunit.dataset.datatype.DefaultDataTypeFactory[_toleratedDeltaMap=org.dbunit.dataset.datatype.ToleratedDeltaMap@6452310a], http://www.dbunit.org/properties/escapePattern=null, http://www.dbunit.org/properties/batchSize=100, http://www.dbunit.org/features/qualifiedTableNames=false, http://www.dbunit.org/properties/tableType=[Ljava.lang.String;@5011bafa, http://www.dbunit.org/properties/resultSetTableFactory=org.dbunit.database.CachedResultSetTableFactory@10bcf083, http://www.dbunit.org/features/datatypeWarning=true}]) - start
170309 [main] TRACE org.dbunit.database.DatabaseConfig  - getFeature(name=http://www.dbunit.org/features/qualifiedTableNames) - start
170309 [main] TRACE org.dbunit.database.DatabaseConfig  - getProperty(name=http://www.dbunit.org/features/qualifiedTableNames) - start
170309 [main] DEBUG org.dbunit.util.QualifiedTableName  - Qualified table names feature is disabled. Returning plain table name
170309 [main] DEBUG org.dbunit.util.QualifiedTableName  - getQualifiedName(prefix=null, name=USERS_AUTHORITIES, escapePattern=null) - start
170309 [main] DEBUG org.dbunit.database.search.AbstractMetaDataBasedSearchCallback  - newEdge(rs=org.apache.commons.dbcp.DelegatingResultSet@56cad49c, type=1, from=USER, to=USERS_AUTHORITIES, fkColumn=USER_ID, pkColumn=ID) - start
170309 [main] DEBUG org.dbunit.database.search.AbstractMetaDataBasedSearchCallback  - createFKEdge(rs=org.apache.commons.dbcp.DelegatingResultSet@56cad49c, type=1, from=USER, to=USERS_AUTHORITIES, fkColumn=USER_ID, pkColumn=ID) - start
170309 [main] DEBUG org.dbunit.database.search.AbstractMetaDataBasedSearchCallback  - Adding edge USERS_AUTHORITIES(USER_ID)->USER(ID)
170309 [main] DEBUG org.dbunit.util.search.Edge  - compareTo(o=USERS_AUTHORITIES(USER_ID)->USER(ID)) - start
170310 [main] DEBUG org.dbunit.util.SQLHelper  - close(resultSet=org.apache.commons.dbcp.DelegatingResultSet@56cad49c) - start
170310 [main] DEBUG org.dbunit.util.search.DepthFirstSearch  - reverseSearch:USERS_AUTHORITIES
170310 [main] DEBUG org.dbunit.database.search.ExportedKeysSearchCallback  - searchNode(node=USERS_AUTHORITIES) - start
170310 [main] DEBUG org.dbunit.util.search.DepthFirstSearch  - Pushing (reverse) USERS_AUTHORITIES
170310 [main] DEBUG org.dbunit.database.search.ExportedKeysSearchCallback  - getEdges(node=USERS_AUTHORITIES) - start
170310 [main] DEBUG org.dbunit.database.search.AbstractMetaDataBasedSearchCallback  - getNodesFromExportedKeys(node=USERS_AUTHORITIES) - start
170310 [main] DEBUG org.dbunit.database.search.AbstractMetaDataBasedSearchCallback  - getNodes(type=1, node=USERS_AUTHORITIES) - start
170310 [main] DEBUG org.dbunit.database.DatabaseDataSourceConnection  - getConnection() - start
170310 [main] DEBUG org.dbunit.database.search.AbstractMetaDataBasedSearchCallback  - getNodes(type=1, node=USERS_AUTHORITIES, conn=Transaction-aware proxy for target Connection [jdbc:hsqldb:mem:kontrollDS, UserName=sw, HSQL Database Engine Driver], schema=null, metaData=org.apache.commons.dbcp.DelegatingDatabaseMetaData@1e4c7a48, edges=[]) - start
170310 [main] DEBUG org.dbunit.database.search.AbstractMetaDataBasedSearchCallback  - Getting edges for node USERS_AUTHORITIES
170310 [main] TRACE org.dbunit.database.DatabaseConfig  - getProperty(name=http://www.dbunit.org/properties/metadataHandler) - start
170310 [main] TRACE org.dbunit.database.DefaultMetadataHandler  - tableExists(metaData=org.apache.commons.dbcp.DelegatingDatabaseMetaData@1e4c7a48, schemaName=null, tableName=USERS_AUTHORITIES) - start
170312 [main] DEBUG org.dbunit.util.SQLHelper  - close(resultSet=org.apache.commons.dbcp.DelegatingResultSet@15dfb2e1) - start
170312 [main] DEBUG org.dbunit.util.SQLHelper  - close(resultSet=org.apache.commons.dbcp.DelegatingResultSet@6114f23e) - start
170313 [main] DEBUG org.dbunit.util.search.DepthFirstSearch  - search:USERS_AUTHORITIES
170313 [main] DEBUG org.dbunit.database.search.ExportedKeysSearchCallback  - searchNode(node=USERS_AUTHORITIES) - start
170313 [main] DEBUG org.dbunit.util.search.DepthFirstSearch  - Pushing USERS_AUTHORITIES
170313 [main] DEBUG org.dbunit.database.search.ExportedKeysSearchCallback  - getEdges(node=USERS_AUTHORITIES) - start
170313 [main] DEBUG org.dbunit.database.search.AbstractMetaDataBasedSearchCallback  - getNodesFromExportedKeys(node=USERS_AUTHORITIES) - start
170313 [main] DEBUG org.dbunit.database.search.AbstractMetaDataBasedSearchCallback  - getNodes(type=1, node=USERS_AUTHORITIES) - start
170313 [main] DEBUG org.dbunit.database.DatabaseDataSourceConnection  - getConnection() - start
170313 [main] DEBUG org.dbunit.database.search.AbstractMetaDataBasedSearchCallback  - getNodes(type=1, node=USERS_AUTHORITIES, conn=Transaction-aware proxy for target Connection [jdbc:hsqldb:mem:kontrollDS, UserName=sw, HSQL Database Engine Driver], schema=null, metaData=org.apache.commons.dbcp.DelegatingDatabaseMetaData@262bf63d, edges=[]) - start
170313 [main] DEBUG org.dbunit.database.search.AbstractMetaDataBasedSearchCallback  - Getting edges for node USERS_AUTHORITIES
170313 [main] TRACE org.dbunit.database.DatabaseConfig  - getProperty(name=http://www.dbunit.org/properties/metadataHandler) - start
170313 [main] TRACE org.dbunit.database.DefaultMetadataHandler  - tableExists(metaData=org.apache.commons.dbcp.DelegatingDatabaseMetaData@262bf63d, schemaName=null, tableName=USERS_AUTHORITIES) - start
170314 [main] DEBUG org.dbunit.util.SQLHelper  - close(resultSet=org.apache.commons.dbcp.DelegatingResultSet@11300348) - start
170315 [main] DEBUG org.dbunit.util.SQLHelper  - close(resultSet=org.apache.commons.dbcp.DelegatingResultSet@4f642b60) - start
170315 [main] DEBUG org.dbunit.util.search.DepthFirstSearch  - Adding node USERS_AUTHORITIES to the final result
170315 [main] DEBUG org.dbunit.util.search.DepthFirstSearch  - search:USER
170315 [main] DEBUG org.dbunit.database.search.ExportedKeysSearchCallback  - searchNode(node=USER) - start
170315 [main] DEBUG org.dbunit.util.search.DepthFirstSearch  - Pushing USER
170315 [main] DEBUG org.dbunit.database.search.ExportedKeysSearchCallback  - getEdges(node=USER) - start
170315 [main] DEBUG org.dbunit.database.search.AbstractMetaDataBasedSearchCallback  - getNodesFromExportedKeys(node=USER) - start
170315 [main] DEBUG org.dbunit.database.search.AbstractMetaDataBasedSearchCallback  - getNodes(type=1, node=USER) - start
170315 [main] DEBUG org.dbunit.database.DatabaseDataSourceConnection  - getConnection() - start
170315 [main] DEBUG org.dbunit.database.search.AbstractMetaDataBasedSearchCallback  - getNodes(type=1, node=USER, conn=Transaction-aware proxy for target Connection [jdbc:hsqldb:mem:kontrollDS, UserName=sw, HSQL Database Engine Driver], schema=null, metaData=org.apache.commons.dbcp.DelegatingDatabaseMetaData@395bd458, edges=[]) - start
170315 [main] DEBUG org.dbunit.database.search.AbstractMetaDataBasedSearchCallback  - Getting edges for node USER
170315 [main] TRACE org.dbunit.database.DatabaseConfig  - getProperty(name=http://www.dbunit.org/properties/metadataHandler) - start
170315 [main] TRACE org.dbunit.database.DefaultMetadataHandler  - tableExists(metaData=org.apache.commons.dbcp.DelegatingDatabaseMetaData@395bd458, schemaName=null, tableName=USER) - start
170316 [main] DEBUG org.dbunit.util.SQLHelper  - close(resultSet=org.apache.commons.dbcp.DelegatingResultSet@56aa5153) - start
170321 [main] DEBUG org.dbunit.util.QualifiedTableName  - getQualifiedNameIfEnabled(config=org.dbunit.database.DatabaseConfig[, _propertyMap={http://www.dbunit.org/properties/statementFactory=org.dbunit.database.statement.PreparedStatementFactory@626bc2b8, http://www.dbunit.org/features/caseSensitiveTableNames=false, http://www.dbunit.org/properties/fetchSize=100, http://www.dbunit.org/features/batchedStatements=false, http://www.dbunit.org/properties/metadataHandler=org.dbunit.database.DefaultMetadataHandler@62baffef, http://www.dbunit.org/properties/datatypeFactory=org.dbunit.dataset.datatype.DefaultDataTypeFactory[_toleratedDeltaMap=org.dbunit.dataset.datatype.ToleratedDeltaMap@6452310a], http://www.dbunit.org/properties/escapePattern=null, http://www.dbunit.org/properties/batchSize=100, http://www.dbunit.org/features/qualifiedTableNames=false, http://www.dbunit.org/properties/tableType=[Ljava.lang.String;@5011bafa, http://www.dbunit.org/properties/resultSetTableFactory=org.dbunit.database.CachedResultSetTableFactory@10bcf083, http://www.dbunit.org/features/datatypeWarning=true}]) - start
170321 [main] TRACE org.dbunit.database.DatabaseConfig  - getFeature(name=http://www.dbunit.org/features/qualifiedTableNames) - start
170321 [main] TRACE org.dbunit.database.DatabaseConfig  - getProperty(name=http://www.dbunit.org/features/qualifiedTableNames) - start
170321 [main] DEBUG org.dbunit.util.QualifiedTableName  - Qualified table names feature is disabled. Returning plain table name
170321 [main] DEBUG org.dbunit.util.QualifiedTableName  - getQualifiedName(prefix=null, name=USER, escapePattern=null) - start
170321 [main] DEBUG org.dbunit.util.QualifiedTableName  - getQualifiedNameIfEnabled(config=org.dbunit.database.DatabaseConfig[, _propertyMap={http://www.dbunit.org/properties/statementFactory=org.dbunit.database.statement.PreparedStatementFactory@626bc2b8, http://www.dbunit.org/features/caseSensitiveTableNames=false, http://www.dbunit.org/properties/fetchSize=100, http://www.dbunit.org/features/batchedStatements=false, http://www.dbunit.org/properties/metadataHandler=org.dbunit.database.DefaultMetadataHandler@62baffef, http://www.dbunit.org/properties/datatypeFactory=org.dbunit.dataset.datatype.DefaultDataTypeFactory[_toleratedDeltaMap=org.dbunit.dataset.datatype.ToleratedDeltaMap@6452310a], http://www.dbunit.org/properties/escapePattern=null, http://www.dbunit.org/properties/batchSize=100, http://www.dbunit.org/features/qualifiedTableNames=false, http://www.dbunit.org/properties/tableType=[Ljava.lang.String;@5011bafa, http://www.dbunit.org/properties/resultSetTableFactory=org.dbunit.database.CachedResultSetTableFactory@10bcf083, http://www.dbunit.org/features/datatypeWarning=true}]) - start
170321 [main] TRACE org.dbunit.database.DatabaseConfig  - getFeature(name=http://www.dbunit.org/features/qualifiedTableNames) - start
170321 [main] TRACE org.dbunit.database.DatabaseConfig  - getProperty(name=http://www.dbunit.org/features/qualifiedTableNames) - start
170321 [main] DEBUG org.dbunit.util.QualifiedTableName  - Qualified table names feature is disabled. Returning plain table name
170321 [main] DEBUG org.dbunit.util.QualifiedTableName  - getQualifiedName(prefix=null, name=USERS_AUTHORITIES, escapePattern=null) - start
170321 [main] DEBUG org.dbunit.database.search.AbstractMetaDataBasedSearchCallback  - newEdge(rs=org.apache.commons.dbcp.DelegatingResultSet@638bb3f5, type=1, from=USER, to=USERS_AUTHORITIES, fkColumn=USER_ID, pkColumn=ID) - start
170321 [main] DEBUG org.dbunit.database.search.AbstractMetaDataBasedSearchCallback  - createFKEdge(rs=org.apache.commons.dbcp.DelegatingResultSet@638bb3f5, type=1, from=USER, to=USERS_AUTHORITIES, fkColumn=USER_ID, pkColumn=ID) - start
170321 [main] DEBUG org.dbunit.database.search.AbstractMetaDataBasedSearchCallback  - Adding edge USERS_AUTHORITIES(USER_ID)->USER(ID)
170322 [main] DEBUG org.dbunit.util.search.Edge  - compareTo(o=USERS_AUTHORITIES(USER_ID)->USER(ID)) - start
170322 [main] DEBUG org.dbunit.util.SQLHelper  - close(resultSet=org.apache.commons.dbcp.DelegatingResultSet@638bb3f5) - start
170322 [main] DEBUG org.dbunit.util.search.DepthFirstSearch  - search:USER
170322 [main] DEBUG org.dbunit.util.search.DepthFirstSearch  - already searched; returning true
170322 [main] DEBUG org.dbunit.util.search.DepthFirstSearch  - Adding node USER to the final result
170322 [main] DEBUG org.dbunit.database.search.TablesDependencyHelper  - getDirectDependentTables(connection=_databaseConfig=org.dbunit.database.DatabaseConfig[, _propertyMap={http://www.dbunit.org/properties/statementFactory=org.dbunit.database.statement.PreparedStatementFactory@626bc2b8, http://www.dbunit.org/features/caseSensitiveTableNames=false, http://www.dbunit.org/properties/fetchSize=100, http://www.dbunit.org/features/batchedStatements=false, http://www.dbunit.org/properties/metadataHandler=org.dbunit.database.DefaultMetadataHandler@62baffef, http://www.dbunit.org/properties/datatypeFactory=org.dbunit.dataset.datatype.DefaultDataTypeFactory[_toleratedDeltaMap=org.dbunit.dataset.datatype.ToleratedDeltaMap@6452310a], http://www.dbunit.org/properties/escapePattern=null, http://www.dbunit.org/properties/batchSize=100, http://www.dbunit.org/features/qualifiedTableNames=false, http://www.dbunit.org/properties/tableType=[Ljava.lang.String;@5011bafa, http://www.dbunit.org/properties/resultSetTableFactory=org.dbunit.database.CachedResultSetTableFactory@10bcf083, http://www.dbunit.org/features/datatypeWarning=true}], _dataSet=AbstractDataSet[_orderedTableNameMap=null], tableName=USER) - start
170322 [main] DEBUG org.dbunit.util.search.DepthFirstSearch  - search(nodesFrom=[USER], callback=org.dbunit.database.search.ImportedKeysSearchCallback@292ffd8b) - start
170322 [main] DEBUG org.dbunit.util.CollectionsHelper  - objectsToSet(objects=USER) - start
170322 [main] DEBUG org.dbunit.util.search.DepthFirstSearch  - search(nodesFrom=[USER], callback=org.dbunit.database.search.ImportedKeysSearchCallback@292ffd8b) - start
170322 [main] DEBUG org.dbunit.util.search.DepthFirstSearch  - reverseSearch:USER
170322 [main] DEBUG org.dbunit.database.search.ImportedKeysSearchCallback  - searchNode(node=USER) - start
170322 [main] DEBUG org.dbunit.util.search.DepthFirstSearch  - Pushing (reverse) USER
170322 [main] DEBUG org.dbunit.database.search.ImportedKeysSearchCallback  - getEdges(node=USER) - start
170322 [main] DEBUG org.dbunit.database.search.AbstractMetaDataBasedSearchCallback  - getNodesFromImportedKeys(node=USER) - start
170322 [main] DEBUG org.dbunit.database.search.AbstractMetaDataBasedSearchCallback  - getNodes(type=0, node=USER) - start
170322 [main] DEBUG org.dbunit.database.DatabaseDataSourceConnection  - getConnection() - start
170322 [main] DEBUG org.dbunit.database.search.AbstractMetaDataBasedSearchCallback  - getNodes(type=0, node=USER, conn=Transaction-aware proxy for target Connection [jdbc:hsqldb:mem:kontrollDS, UserName=sw, HSQL Database Engine Driver], schema=null, metaData=org.apache.commons.dbcp.DelegatingDatabaseMetaData@daec5cd, edges=[]) - start
170322 [main] DEBUG org.dbunit.database.search.AbstractMetaDataBasedSearchCallback  - Getting edges for node USER
170322 [main] TRACE org.dbunit.database.DatabaseConfig  - getProperty(name=http://www.dbunit.org/properties/metadataHandler) - start
170322 [main] TRACE org.dbunit.database.DefaultMetadataHandler  - tableExists(metaData=org.apache.commons.dbcp.DelegatingDatabaseMetaData@daec5cd, schemaName=null, tableName=USER) - start
170323 [main] DEBUG org.dbunit.util.SQLHelper  - close(resultSet=org.apache.commons.dbcp.DelegatingResultSet@25836736) - start
170324 [main] DEBUG org.dbunit.util.SQLHelper  - close(resultSet=org.apache.commons.dbcp.DelegatingResultSet@42299bb3) - start
170324 [main] DEBUG org.dbunit.util.search.DepthFirstSearch  - search:USER
170324 [main] DEBUG org.dbunit.database.search.ImportedKeysSearchCallback  - searchNode(node=USER) - start
170324 [main] DEBUG org.dbunit.util.search.DepthFirstSearch  - Pushing USER
170324 [main] DEBUG org.dbunit.database.search.ImportedKeysSearchCallback  - getEdges(node=USER) - start
170324 [main] DEBUG org.dbunit.database.search.AbstractMetaDataBasedSearchCallback  - getNodesFromImportedKeys(node=USER) - start
170324 [main] DEBUG org.dbunit.database.search.AbstractMetaDataBasedSearchCallback  - getNodes(type=0, node=USER) - start
170324 [main] DEBUG org.dbunit.database.DatabaseDataSourceConnection  - getConnection() - start
170324 [main] DEBUG org.dbunit.database.search.AbstractMetaDataBasedSearchCallback  - getNodes(type=0, node=USER, conn=Transaction-aware proxy for target Connection [jdbc:hsqldb:mem:kontrollDS, UserName=sw, HSQL Database Engine Driver], schema=null, metaData=org.apache.commons.dbcp.DelegatingDatabaseMetaData@39ad26b4, edges=[]) - start
170324 [main] DEBUG org.dbunit.database.search.AbstractMetaDataBasedSearchCallback  - Getting edges for node USER
170324 [main] TRACE org.dbunit.database.DatabaseConfig  - getProperty(name=http://www.dbunit.org/properties/metadataHandler) - start
170324 [main] TRACE org.dbunit.database.DefaultMetadataHandler  - tableExists(metaData=org.apache.commons.dbcp.DelegatingDatabaseMetaData@39ad26b4, schemaName=null, tableName=USER) - start
170325 [main] DEBUG org.dbunit.util.SQLHelper  - close(resultSet=org.apache.commons.dbcp.DelegatingResultSet@28d46456) - start
170325 [main] DEBUG org.dbunit.util.SQLHelper  - close(resultSet=org.apache.commons.dbcp.DelegatingResultSet@53f0d365) - start
170325 [main] DEBUG org.dbunit.util.search.DepthFirstSearch  - Adding node USER to the final result
170325 [main] DEBUG org.dbunit.database.DatabaseSequenceFilter  - getDependencyInfo(connection=_databaseConfig=org.dbunit.database.DatabaseConfig[, _propertyMap={http://www.dbunit.org/properties/statementFactory=org.dbunit.database.statement.PreparedStatementFactory@626bc2b8, http://www.dbunit.org/features/caseSensitiveTableNames=false, http://www.dbunit.org/properties/fetchSize=100, http://www.dbunit.org/features/batchedStatements=false, http://www.dbunit.org/properties/metadataHandler=org.dbunit.database.DefaultMetadataHandler@62baffef, http://www.dbunit.org/properties/datatypeFactory=org.dbunit.dataset.datatype.DefaultDataTypeFactory[_toleratedDeltaMap=org.dbunit.dataset.datatype.ToleratedDeltaMap@6452310a], http://www.dbunit.org/properties/escapePattern=null, http://www.dbunit.org/properties/batchSize=100, http://www.dbunit.org/features/qualifiedTableNames=false, http://www.dbunit.org/properties/tableType=[Ljava.lang.String;@5011bafa, http://www.dbunit.org/properties/resultSetTableFactory=org.dbunit.database.CachedResultSetTableFactory@10bcf083, http://www.dbunit.org/features/datatypeWarning=true}], _dataSet=AbstractDataSet[_orderedTableNameMap=null], tableName=USERS_AUTHORITIES) - start
170325 [main] DEBUG org.dbunit.database.search.TablesDependencyHelper  - getDependentTables(connection=_databaseConfig=org.dbunit.database.DatabaseConfig[, _propertyMap={http://www.dbunit.org/properties/statementFactory=org.dbunit.database.statement.PreparedStatementFactory@626bc2b8, http://www.dbunit.org/features/caseSensitiveTableNames=false, http://www.dbunit.org/properties/fetchSize=100, http://www.dbunit.org/features/batchedStatements=false, http://www.dbunit.org/properties/metadataHandler=org.dbunit.database.DefaultMetadataHandler@62baffef, http://www.dbunit.org/properties/datatypeFactory=org.dbunit.dataset.datatype.DefaultDataTypeFactory[_toleratedDeltaMap=org.dbunit.dataset.datatype.ToleratedDeltaMap@6452310a], http://www.dbunit.org/properties/escapePattern=null, http://www.dbunit.org/properties/batchSize=100, http://www.dbunit.org/features/qualifiedTableNames=false, http://www.dbunit.org/properties/tableType=[Ljava.lang.String;@5011bafa, http://www.dbunit.org/properties/resultSetTableFactory=org.dbunit.database.CachedResultSetTableFactory@10bcf083, http://www.dbunit.org/features/datatypeWarning=true}], _dataSet=AbstractDataSet[_orderedTableNameMap=null], rootTable=USERS_AUTHORITIES) - start
170326 [main] DEBUG org.dbunit.database.search.TablesDependencyHelper  - getDependentTables(connection=_databaseConfig=org.dbunit.database.DatabaseConfig[, _propertyMap={http://www.dbunit.org/properties/statementFactory=org.dbunit.database.statement.PreparedStatementFactory@626bc2b8, http://www.dbunit.org/features/caseSensitiveTableNames=false, http://www.dbunit.org/properties/fetchSize=100, http://www.dbunit.org/features/batchedStatements=false, http://www.dbunit.org/properties/metadataHandler=org.dbunit.database.DefaultMetadataHandler@62baffef, http://www.dbunit.org/properties/datatypeFactory=org.dbunit.dataset.datatype.DefaultDataTypeFactory[_toleratedDeltaMap=org.dbunit.dataset.datatype.ToleratedDeltaMap@6452310a], http://www.dbunit.org/properties/escapePattern=null, http://www.dbunit.org/properties/batchSize=100, http://www.dbunit.org/features/qualifiedTableNames=false, http://www.dbunit.org/properties/tableType=[Ljava.lang.String;@5011bafa, http://www.dbunit.org/properties/resultSetTableFactory=org.dbunit.database.CachedResultSetTableFactory@10bcf083, http://www.dbunit.org/features/datatypeWarning=true}], _dataSet=AbstractDataSet[_orderedTableNameMap=null], rootTables=[USERS_AUTHORITIES]) - start
170326 [main] DEBUG org.dbunit.util.search.DepthFirstSearch  - search(nodesFrom=[USERS_AUTHORITIES], callback=org.dbunit.database.search.ImportedKeysSearchCallback@27147bca) - start
170326 [main] DEBUG org.dbunit.util.CollectionsHelper  - objectsToSet(objects=USERS_AUTHORITIES) - start
170326 [main] DEBUG org.dbunit.util.search.DepthFirstSearch  - search(nodesFrom=[USERS_AUTHORITIES], callback=org.dbunit.database.search.ImportedKeysSearchCallback@27147bca) - start
170326 [main] DEBUG org.dbunit.util.search.DepthFirstSearch  - reverseSearch:USERS_AUTHORITIES
170326 [main] DEBUG org.dbunit.database.search.ImportedKeysSearchCallback  - searchNode(node=USERS_AUTHORITIES) - start
170326 [main] DEBUG org.dbunit.util.search.DepthFirstSearch  - Pushing (reverse) USERS_AUTHORITIES
170326 [main] DEBUG org.dbunit.database.search.ImportedKeysSearchCallback  - getEdges(node=USERS_AUTHORITIES) - start
170326 [main] DEBUG org.dbunit.database.search.AbstractMetaDataBasedSearchCallback  - getNodesFromImportedKeys(node=USERS_AUTHORITIES) - start
170326 [main] DEBUG org.dbunit.database.search.AbstractMetaDataBasedSearchCallback  - getNodes(type=0, node=USERS_AUTHORITIES) - start
170326 [main] DEBUG org.dbunit.database.DatabaseDataSourceConnection  - getConnection() - start
170326 [main] DEBUG org.dbunit.database.search.AbstractMetaDataBasedSearchCallback  - getNodes(type=0, node=USERS_AUTHORITIES, conn=Transaction-aware proxy for target Connection [jdbc:hsqldb:mem:kontrollDS, UserName=sw, HSQL Database Engine Driver], schema=null, metaData=org.apache.commons.dbcp.DelegatingDatabaseMetaData@31cb1ed1, edges=[]) - start
170326 [main] DEBUG org.dbunit.database.search.AbstractMetaDataBasedSearchCallback  - Getting edges for node USERS_AUTHORITIES
170326 [main] TRACE org.dbunit.database.DatabaseConfig  - getProperty(name=http://www.dbunit.org/properties/metadataHandler) - start
170326 [main] TRACE org.dbunit.database.DefaultMetadataHandler  - tableExists(metaData=org.apache.commons.dbcp.DelegatingDatabaseMetaData@31cb1ed1, schemaName=null, tableName=USERS_AUTHORITIES) - start
170328 [main] DEBUG org.dbunit.util.SQLHelper  - close(resultSet=org.apache.commons.dbcp.DelegatingResultSet@3e761720) - start
170328 [main] DEBUG org.dbunit.util.QualifiedTableName  - getQualifiedNameIfEnabled(config=org.dbunit.database.DatabaseConfig[, _propertyMap={http://www.dbunit.org/properties/statementFactory=org.dbunit.database.statement.PreparedStatementFactory@626bc2b8, http://www.dbunit.org/features/caseSensitiveTableNames=false, http://www.dbunit.org/properties/fetchSize=100, http://www.dbunit.org/features/batchedStatements=false, http://www.dbunit.org/properties/metadataHandler=org.dbunit.database.DefaultMetadataHandler@62baffef, http://www.dbunit.org/properties/datatypeFactory=org.dbunit.dataset.datatype.DefaultDataTypeFactory[_toleratedDeltaMap=org.dbunit.dataset.datatype.ToleratedDeltaMap@6452310a], http://www.dbunit.org/properties/escapePattern=null, http://www.dbunit.org/properties/batchSize=100, http://www.dbunit.org/features/qualifiedTableNames=false, http://www.dbunit.org/properties/tableType=[Ljava.lang.String;@5011bafa, http://www.dbunit.org/properties/resultSetTableFactory=org.dbunit.database.CachedResultSetTableFactory@10bcf083, http://www.dbunit.org/features/datatypeWarning=true}]) - start
170328 [main] TRACE org.dbunit.database.DatabaseConfig  - getFeature(name=http://www.dbunit.org/features/qualifiedTableNames) - start
170328 [main] TRACE org.dbunit.database.DatabaseConfig  - getProperty(name=http://www.dbunit.org/features/qualifiedTableNames) - start
170328 [main] DEBUG org.dbunit.util.QualifiedTableName  - Qualified table names feature is disabled. Returning plain table name
170328 [main] DEBUG org.dbunit.util.QualifiedTableName  - getQualifiedName(prefix=null, name=USERS_AUTHORITIES, escapePattern=null) - start
170328 [main] DEBUG org.dbunit.util.QualifiedTableName  - getQualifiedNameIfEnabled(config=org.dbunit.database.DatabaseConfig[, _propertyMap={http://www.dbunit.org/properties/statementFactory=org.dbunit.database.statement.PreparedStatementFactory@626bc2b8, http://www.dbunit.org/features/caseSensitiveTableNames=false, http://www.dbunit.org/properties/fetchSize=100, http://www.dbunit.org/features/batchedStatements=false, http://www.dbunit.org/properties/metadataHandler=org.dbunit.database.DefaultMetadataHandler@62baffef, http://www.dbunit.org/properties/datatypeFactory=org.dbunit.dataset.datatype.DefaultDataTypeFactory[_toleratedDeltaMap=org.dbunit.dataset.datatype.ToleratedDeltaMap@6452310a], http://www.dbunit.org/properties/escapePattern=null, http://www.dbunit.org/properties/batchSize=100, http://www.dbunit.org/features/qualifiedTableNames=false, http://www.dbunit.org/properties/tableType=[Ljava.lang.String;@5011bafa, http://www.dbunit.org/properties/resultSetTableFactory=org.dbunit.database.CachedResultSetTableFactory@10bcf083, http://www.dbunit.org/features/datatypeWarning=true}]) - start
170328 [main] TRACE org.dbunit.database.DatabaseConfig  - getFeature(name=http://www.dbunit.org/features/qualifiedTableNames) - start
170328 [main] TRACE org.dbunit.database.DatabaseConfig  - getProperty(name=http://www.dbunit.org/features/qualifiedTableNames) - start
170328 [main] DEBUG org.dbunit.util.QualifiedTableName  - Qualified table names feature is disabled. Returning plain table name
170328 [main] DEBUG org.dbunit.util.QualifiedTableName  - getQualifiedName(prefix=null, name=AUTHORITY, escapePattern=null) - start
170328 [main] DEBUG org.dbunit.database.search.AbstractMetaDataBasedSearchCallback  - newEdge(rs=org.apache.commons.dbcp.DelegatingResultSet@6b605235, type=0, from=USERS_AUTHORITIES, to=AUTHORITY, fkColumn=AUTHORITY_ID, pkColumn=ID) - start
170328 [main] DEBUG org.dbunit.database.search.AbstractMetaDataBasedSearchCallback  - createFKEdge(rs=org.apache.commons.dbcp.DelegatingResultSet@6b605235, type=0, from=USERS_AUTHORITIES, to=AUTHORITY, fkColumn=AUTHORITY_ID, pkColumn=ID) - start
170328 [main] DEBUG org.dbunit.database.search.AbstractMetaDataBasedSearchCallback  - Adding edge USERS_AUTHORITIES(AUTHORITY_ID)->AUTHORITY(ID)
170328 [main] DEBUG org.dbunit.util.search.Edge  - compareTo(o=USERS_AUTHORITIES(AUTHORITY_ID)->AUTHORITY(ID)) - start
170329 [main] DEBUG org.dbunit.util.QualifiedTableName  - getQualifiedNameIfEnabled(config=org.dbunit.database.DatabaseConfig[, _propertyMap={http://www.dbunit.org/properties/statementFactory=org.dbunit.database.statement.PreparedStatementFactory@626bc2b8, http://www.dbunit.org/features/caseSensitiveTableNames=false, http://www.dbunit.org/properties/fetchSize=100, http://www.dbunit.org/features/batchedStatements=false, http://www.dbunit.org/properties/metadataHandler=org.dbunit.database.DefaultMetadataHandler@62baffef, http://www.dbunit.org/properties/datatypeFactory=org.dbunit.dataset.datatype.DefaultDataTypeFactory[_toleratedDeltaMap=org.dbunit.dataset.datatype.ToleratedDeltaMap@6452310a], http://www.dbunit.org/properties/escapePattern=null, http://www.dbunit.org/properties/batchSize=100, http://www.dbunit.org/features/qualifiedTableNames=false, http://www.dbunit.org/properties/tableType=[Ljava.lang.String;@5011bafa, http://www.dbunit.org/properties/resultSetTableFactory=org.dbunit.database.CachedResultSetTableFactory@10bcf083, http://www.dbunit.org/features/datatypeWarning=true}]) - start
170329 [main] TRACE org.dbunit.database.DatabaseConfig  - getFeature(name=http://www.dbunit.org/features/qualifiedTableNames) - start
170329 [main] TRACE org.dbunit.database.DatabaseConfig  - getProperty(name=http://www.dbunit.org/features/qualifiedTableNames) - start
170329 [main] DEBUG org.dbunit.util.QualifiedTableName  - Qualified table names feature is disabled. Returning plain table name
170329 [main] DEBUG org.dbunit.util.QualifiedTableName  - getQualifiedName(prefix=null, name=USERS_AUTHORITIES, escapePattern=null) - start
170329 [main] DEBUG org.dbunit.util.QualifiedTableName  - getQualifiedNameIfEnabled(config=org.dbunit.database.DatabaseConfig[, _propertyMap={http://www.dbunit.org/properties/statementFactory=org.dbunit.database.statement.PreparedStatementFactory@626bc2b8, http://www.dbunit.org/features/caseSensitiveTableNames=false, http://www.dbunit.org/properties/fetchSize=100, http://www.dbunit.org/features/batchedStatements=false, http://www.dbunit.org/properties/metadataHandler=org.dbunit.database.DefaultMetadataHandler@62baffef, http://www.dbunit.org/properties/datatypeFactory=org.dbunit.dataset.datatype.DefaultDataTypeFactory[_toleratedDeltaMap=org.dbunit.dataset.datatype.ToleratedDeltaMap@6452310a], http://www.dbunit.org/properties/escapePattern=null, http://www.dbunit.org/properties/batchSize=100, http://www.dbunit.org/features/qualifiedTableNames=false, http://www.dbunit.org/properties/tableType=[Ljava.lang.String;@5011bafa, http://www.dbunit.org/properties/resultSetTableFactory=org.dbunit.database.CachedResultSetTableFactory@10bcf083, http://www.dbunit.org/features/datatypeWarning=true}]) - start
170329 [main] TRACE org.dbunit.database.DatabaseConfig  - getFeature(name=http://www.dbunit.org/features/qualifiedTableNames) - start
170329 [main] TRACE org.dbunit.database.DatabaseConfig  - getProperty(name=http://www.dbunit.org/features/qualifiedTableNames) - start
170329 [main] DEBUG org.dbunit.util.QualifiedTableName  - Qualified table names feature is disabled. Returning plain table name
170329 [main] DEBUG org.dbunit.util.QualifiedTableName  - getQualifiedName(prefix=null, name=USER, escapePattern=null) - start
170329 [main] DEBUG org.dbunit.database.search.AbstractMetaDataBasedSearchCallback  - newEdge(rs=org.apache.commons.dbcp.DelegatingResultSet@6b605235, type=0, from=USERS_AUTHORITIES, to=USER, fkColumn=USER_ID, pkColumn=ID) - start
170329 [main] DEBUG org.dbunit.database.search.AbstractMetaDataBasedSearchCallback  - createFKEdge(rs=org.apache.commons.dbcp.DelegatingResultSet@6b605235, type=0, from=USERS_AUTHORITIES, to=USER, fkColumn=USER_ID, pkColumn=ID) - start
170329 [main] DEBUG org.dbunit.database.search.AbstractMetaDataBasedSearchCallback  - Adding edge USERS_AUTHORITIES(USER_ID)->USER(ID)
170329 [main] DEBUG org.dbunit.util.search.Edge  - compareTo(o=USERS_AUTHORITIES(AUTHORITY_ID)->AUTHORITY(ID)) - start
170329 [main] DEBUG org.dbunit.util.SQLHelper  - close(resultSet=org.apache.commons.dbcp.DelegatingResultSet@6b605235) - start
170329 [main] DEBUG org.dbunit.util.search.DepthFirstSearch  - search:USERS_AUTHORITIES
170329 [main] DEBUG org.dbunit.database.search.ImportedKeysSearchCallback  - searchNode(node=USERS_AUTHORITIES) - start
170329 [main] DEBUG org.dbunit.util.search.DepthFirstSearch  - Pushing USERS_AUTHORITIES
170329 [main] DEBUG org.dbunit.database.search.ImportedKeysSearchCallback  - getEdges(node=USERS_AUTHORITIES) - start
170329 [main] DEBUG org.dbunit.database.search.AbstractMetaDataBasedSearchCallback  - getNodesFromImportedKeys(node=USERS_AUTHORITIES) - start
170329 [main] DEBUG org.dbunit.database.search.AbstractMetaDataBasedSearchCallback  - getNodes(type=0, node=USERS_AUTHORITIES) - start
170329 [main] DEBUG org.dbunit.database.DatabaseDataSourceConnection  - getConnection() - start
170329 [main] DEBUG org.dbunit.database.search.AbstractMetaDataBasedSearchCallback  - getNodes(type=0, node=USERS_AUTHORITIES, conn=Transaction-aware proxy for target Connection [jdbc:hsqldb:mem:kontrollDS, UserName=sw, HSQL Database Engine Driver], schema=null, metaData=org.apache.commons.dbcp.DelegatingDatabaseMetaData@b54ca6, edges=[]) - start
170329 [main] DEBUG org.dbunit.database.search.AbstractMetaDataBasedSearchCallback  - Getting edges for node USERS_AUTHORITIES
170329 [main] TRACE org.dbunit.database.DatabaseConfig  - getProperty(name=http://www.dbunit.org/properties/metadataHandler) - start
170330 [main] TRACE org.dbunit.database.DefaultMetadataHandler  - tableExists(metaData=org.apache.commons.dbcp.DelegatingDatabaseMetaData@b54ca6, schemaName=null, tableName=USERS_AUTHORITIES) - start
170331 [main] DEBUG org.dbunit.util.SQLHelper  - close(resultSet=org.apache.commons.dbcp.DelegatingResultSet@30e69d4a) - start
170331 [main] DEBUG org.dbunit.util.QualifiedTableName  - getQualifiedNameIfEnabled(config=org.dbunit.database.DatabaseConfig[, _propertyMap={http://www.dbunit.org/properties/statementFactory=org.dbunit.database.statement.PreparedStatementFactory@626bc2b8, http://www.dbunit.org/features/caseSensitiveTableNames=false, http://www.dbunit.org/properties/fetchSize=100, http://www.dbunit.org/features/batchedStatements=false, http://www.dbunit.org/properties/metadataHandler=org.dbunit.database.DefaultMetadataHandler@62baffef, http://www.dbunit.org/properties/datatypeFactory=org.dbunit.dataset.datatype.DefaultDataTypeFactory[_toleratedDeltaMap=org.dbunit.dataset.datatype.ToleratedDeltaMap@6452310a], http://www.dbunit.org/properties/escapePattern=null, http://www.dbunit.org/properties/batchSize=100, http://www.dbunit.org/features/qualifiedTableNames=false, http://www.dbunit.org/properties/tableType=[Ljava.lang.String;@5011bafa, http://www.dbunit.org/properties/resultSetTableFactory=org.dbunit.database.CachedResultSetTableFactory@10bcf083, http://www.dbunit.org/features/datatypeWarning=true}]) - start
170331 [main] TRACE org.dbunit.database.DatabaseConfig  - getFeature(name=http://www.dbunit.org/features/qualifiedTableNames) - start
170331 [main] TRACE org.dbunit.database.DatabaseConfig  - getProperty(name=http://www.dbunit.org/features/qualifiedTableNames) - start
170331 [main] DEBUG org.dbunit.util.QualifiedTableName  - Qualified table names feature is disabled. Returning plain table name
170331 [main] DEBUG org.dbunit.util.QualifiedTableName  - getQualifiedName(prefix=null, name=USERS_AUTHORITIES, escapePattern=null) - start
170331 [main] DEBUG org.dbunit.util.QualifiedTableName  - getQualifiedNameIfEnabled(config=org.dbunit.database.DatabaseConfig[, _propertyMap={http://www.dbunit.org/properties/statementFactory=org.dbunit.database.statement.PreparedStatementFactory@626bc2b8, http://www.dbunit.org/features/caseSensitiveTableNames=false, http://www.dbunit.org/properties/fetchSize=100, http://www.dbunit.org/features/batchedStatements=false, http://www.dbunit.org/properties/metadataHandler=org.dbunit.database.DefaultMetadataHandler@62baffef, http://www.dbunit.org/properties/datatypeFactory=org.dbunit.dataset.datatype.DefaultDataTypeFactory[_toleratedDeltaMap=org.dbunit.dataset.datatype.ToleratedDeltaMap@6452310a], http://www.dbunit.org/properties/escapePattern=null, http://www.dbunit.org/properties/batchSize=100, http://www.dbunit.org/features/qualifiedTableNames=false, http://www.dbunit.org/properties/tableType=[Ljava.lang.String;@5011bafa, http://www.dbunit.org/properties/resultSetTableFactory=org.dbunit.database.CachedResultSetTableFactory@10bcf083, http://www.dbunit.org/features/datatypeWarning=true}]) - start
170331 [main] TRACE org.dbunit.database.DatabaseConfig  - getFeature(name=http://www.dbunit.org/features/qualifiedTableNames) - start
170331 [main] TRACE org.dbunit.database.DatabaseConfig  - getProperty(name=http://www.dbunit.org/features/qualifiedTableNames) - start
170331 [main] DEBUG org.dbunit.util.QualifiedTableName  - Qualified table names feature is disabled. Returning plain table name
170331 [main] DEBUG org.dbunit.util.QualifiedTableName  - getQualifiedName(prefix=null, name=AUTHORITY, escapePattern=null) - start
170331 [main] DEBUG org.dbunit.database.search.AbstractMetaDataBasedSearchCallback  - newEdge(rs=org.apache.commons.dbcp.DelegatingResultSet@6b078266, type=0, from=USERS_AUTHORITIES, to=AUTHORITY, fkColumn=AUTHORITY_ID, pkColumn=ID) - start
170331 [main] DEBUG org.dbunit.database.search.AbstractMetaDataBasedSearchCallback  - createFKEdge(rs=org.apache.commons.dbcp.DelegatingResultSet@6b078266, type=0, from=USERS_AUTHORITIES, to=AUTHORITY, fkColumn=AUTHORITY_ID, pkColumn=ID) - start
170331 [main] DEBUG org.dbunit.database.search.AbstractMetaDataBasedSearchCallback  - Adding edge USERS_AUTHORITIES(AUTHORITY_ID)->AUTHORITY(ID)
170331 [main] DEBUG org.dbunit.util.search.Edge  - compareTo(o=USERS_AUTHORITIES(AUTHORITY_ID)->AUTHORITY(ID)) - start
170332 [main] DEBUG org.dbunit.util.QualifiedTableName  - getQualifiedNameIfEnabled(config=org.dbunit.database.DatabaseConfig[, _propertyMap={http://www.dbunit.org/properties/statementFactory=org.dbunit.database.statement.PreparedStatementFactory@626bc2b8, http://www.dbunit.org/features/caseSensitiveTableNames=false, http://www.dbunit.org/properties/fetchSize=100, http://www.dbunit.org/features/batchedStatements=false, http://www.dbunit.org/properties/metadataHandler=org.dbunit.database.DefaultMetadataHandler@62baffef, http://www.dbunit.org/properties/datatypeFactory=org.dbunit.dataset.datatype.DefaultDataTypeFactory[_toleratedDeltaMap=org.dbunit.dataset.datatype.ToleratedDeltaMap@6452310a], http://www.dbunit.org/properties/escapePattern=null, http://www.dbunit.org/properties/batchSize=100, http://www.dbunit.org/features/qualifiedTableNames=false, http://www.dbunit.org/properties/tableType=[Ljava.lang.String;@5011bafa, http://www.dbunit.org/properties/resultSetTableFactory=org.dbunit.database.CachedResultSetTableFactory@10bcf083, http://www.dbunit.org/features/datatypeWarning=true}]) - start
170332 [main] TRACE org.dbunit.database.DatabaseConfig  - getFeature(name=http://www.dbunit.org/features/qualifiedTableNames) - start
170332 [main] TRACE org.dbunit.database.DatabaseConfig  - getProperty(name=http://www.dbunit.org/features/qualifiedTableNames) - start
170332 [main] DEBUG org.dbunit.util.QualifiedTableName  - Qualified table names feature is disabled. Returning plain table name
170332 [main] DEBUG org.dbunit.util.QualifiedTableName  - getQualifiedName(prefix=null, name=USERS_AUTHORITIES, escapePattern=null) - start
170332 [main] DEBUG org.dbunit.util.QualifiedTableName  - getQualifiedNameIfEnabled(config=org.dbunit.database.DatabaseConfig[, _propertyMap={http://www.dbunit.org/properties/statementFactory=org.dbunit.database.statement.PreparedStatementFactory@626bc2b8, http://www.dbunit.org/features/caseSensitiveTableNames=false, http://www.dbunit.org/properties/fetchSize=100, http://www.dbunit.org/features/batchedStatements=false, http://www.dbunit.org/properties/metadataHandler=org.dbunit.database.DefaultMetadataHandler@62baffef, http://www.dbunit.org/properties/datatypeFactory=org.dbunit.dataset.datatype.DefaultDataTypeFactory[_toleratedDeltaMap=org.dbunit.dataset.datatype.ToleratedDeltaMap@6452310a], http://www.dbunit.org/properties/escapePattern=null, http://www.dbunit.org/properties/batchSize=100, http://www.dbunit.org/features/qualifiedTableNames=false, http://www.dbunit.org/properties/tableType=[Ljava.lang.String;@5011bafa, http://www.dbunit.org/properties/resultSetTableFactory=org.dbunit.database.CachedResultSetTableFactory@10bcf083, http://www.dbunit.org/features/datatypeWarning=true}]) - start
170332 [main] TRACE org.dbunit.database.DatabaseConfig  - getFeature(name=http://www.dbunit.org/features/qualifiedTableNames) - start
170332 [main] TRACE org.dbunit.database.DatabaseConfig  - getProperty(name=http://www.dbunit.org/features/qualifiedTableNames) - start
170332 [main] DEBUG org.dbunit.util.QualifiedTableName  - Qualified table names feature is disabled. Returning plain table name
170332 [main] DEBUG org.dbunit.util.QualifiedTableName  - getQualifiedName(prefix=null, name=USER, escapePattern=null) - start
170332 [main] DEBUG org.dbunit.database.search.AbstractMetaDataBasedSearchCallback  - newEdge(rs=org.apache.commons.dbcp.DelegatingResultSet@6b078266, type=0, from=USERS_AUTHORITIES, to=USER, fkColumn=USER_ID, pkColumn=ID) - start
170332 [main] DEBUG org.dbunit.database.search.AbstractMetaDataBasedSearchCallback  - createFKEdge(rs=org.apache.commons.dbcp.DelegatingResultSet@6b078266, type=0, from=USERS_AUTHORITIES, to=USER, fkColumn=USER_ID, pkColumn=ID) - start
170332 [main] DEBUG org.dbunit.database.search.AbstractMetaDataBasedSearchCallback  - Adding edge USERS_AUTHORITIES(USER_ID)->USER(ID)
170332 [main] DEBUG org.dbunit.util.search.Edge  - compareTo(o=USERS_AUTHORITIES(AUTHORITY_ID)->AUTHORITY(ID)) - start
170332 [main] DEBUG org.dbunit.util.SQLHelper  - close(resultSet=org.apache.commons.dbcp.DelegatingResultSet@6b078266) - start
170332 [main] DEBUG org.dbunit.util.search.DepthFirstSearch  - search:AUTHORITY
170332 [main] DEBUG org.dbunit.database.search.ImportedKeysSearchCallback  - searchNode(node=AUTHORITY) - start
170332 [main] DEBUG org.dbunit.util.search.DepthFirstSearch  - Pushing AUTHORITY
170332 [main] DEBUG org.dbunit.database.search.ImportedKeysSearchCallback  - getEdges(node=AUTHORITY) - start
170332 [main] DEBUG org.dbunit.database.search.AbstractMetaDataBasedSearchCallback  - getNodesFromImportedKeys(node=AUTHORITY) - start
170332 [main] DEBUG org.dbunit.database.search.AbstractMetaDataBasedSearchCallback  - getNodes(type=0, node=AUTHORITY) - start
170332 [main] DEBUG org.dbunit.database.DatabaseDataSourceConnection  - getConnection() - start
170332 [main] DEBUG org.dbunit.database.search.AbstractMetaDataBasedSearchCallback  - getNodes(type=0, node=AUTHORITY, conn=Transaction-aware proxy for target Connection [jdbc:hsqldb:mem:kontrollDS, UserName=sw, HSQL Database Engine Driver], schema=null, metaData=org.apache.commons.dbcp.DelegatingDatabaseMetaData@3a022d6f, edges=[]) - start
170332 [main] DEBUG org.dbunit.database.search.AbstractMetaDataBasedSearchCallback  - Getting edges for node AUTHORITY
170332 [main] TRACE org.dbunit.database.DatabaseConfig  - getProperty(name=http://www.dbunit.org/properties/metadataHandler) - start
170333 [main] TRACE org.dbunit.database.DefaultMetadataHandler  - tableExists(metaData=org.apache.commons.dbcp.DelegatingDatabaseMetaData@3a022d6f, schemaName=null, tableName=AUTHORITY) - start
170334 [main] DEBUG org.dbunit.util.SQLHelper  - close(resultSet=org.apache.commons.dbcp.DelegatingResultSet@cc34787) - start
170334 [main] DEBUG org.dbunit.util.SQLHelper  - close(resultSet=org.apache.commons.dbcp.DelegatingResultSet@7e92b163) - start
170334 [main] DEBUG org.dbunit.util.search.DepthFirstSearch  - Adding node AUTHORITY to the final result
170334 [main] DEBUG org.dbunit.util.search.DepthFirstSearch  - search:USER
170334 [main] DEBUG org.dbunit.database.search.ImportedKeysSearchCallback  - searchNode(node=USER) - start
170334 [main] DEBUG org.dbunit.util.search.DepthFirstSearch  - Pushing USER
170335 [main] DEBUG org.dbunit.database.search.ImportedKeysSearchCallback  - getEdges(node=USER) - start
170335 [main] DEBUG org.dbunit.database.search.AbstractMetaDataBasedSearchCallback  - getNodesFromImportedKeys(node=USER) - start
170335 [main] DEBUG org.dbunit.database.search.AbstractMetaDataBasedSearchCallback  - getNodes(type=0, node=USER) - start
170335 [main] DEBUG org.dbunit.database.DatabaseDataSourceConnection  - getConnection() - start
170335 [main] DEBUG org.dbunit.database.search.AbstractMetaDataBasedSearchCallback  - getNodes(type=0, node=USER, conn=Transaction-aware proxy for target Connection [jdbc:hsqldb:mem:kontrollDS, UserName=sw, HSQL Database Engine Driver], schema=null, metaData=org.apache.commons.dbcp.DelegatingDatabaseMetaData@50bc1b80, edges=[]) - start
170335 [main] DEBUG org.dbunit.database.search.AbstractMetaDataBasedSearchCallback  - Getting edges for node USER
170335 [main] TRACE org.dbunit.database.DatabaseConfig  - getProperty(name=http://www.dbunit.org/properties/metadataHandler) - start
170335 [main] TRACE org.dbunit.database.DefaultMetadataHandler  - tableExists(metaData=org.apache.commons.dbcp.DelegatingDatabaseMetaData@50bc1b80, schemaName=null, tableName=USER) - start
170336 [main] DEBUG org.dbunit.util.SQLHelper  - close(resultSet=org.apache.commons.dbcp.DelegatingResultSet@26ef869b) - start
170336 [main] DEBUG org.dbunit.util.SQLHelper  - close(resultSet=org.apache.commons.dbcp.DelegatingResultSet@26adf121) - start
170336 [main] DEBUG org.dbunit.util.search.DepthFirstSearch  - Adding node USER to the final result
170336 [main] DEBUG org.dbunit.util.search.DepthFirstSearch  - Adding node USERS_AUTHORITIES to the final result
170336 [main] DEBUG org.dbunit.util.search.DepthFirstSearch  - reverseSearch:AUTHORITY
170336 [main] DEBUG org.dbunit.database.search.ImportedKeysSearchCallback  - searchNode(node=AUTHORITY) - start
170336 [main] DEBUG org.dbunit.util.search.DepthFirstSearch  - Pushing (reverse) AUTHORITY
170336 [main] DEBUG org.dbunit.database.search.ImportedKeysSearchCallback  - getEdges(node=AUTHORITY) - start
170336 [main] DEBUG org.dbunit.database.search.AbstractMetaDataBasedSearchCallback  - getNodesFromImportedKeys(node=AUTHORITY) - start
170336 [main] DEBUG org.dbunit.database.search.AbstractMetaDataBasedSearchCallback  - getNodes(type=0, node=AUTHORITY) - start
170336 [main] DEBUG org.dbunit.database.DatabaseDataSourceConnection  - getConnection() - start
170337 [main] DEBUG org.dbunit.database.search.AbstractMetaDataBasedSearchCallback  - getNodes(type=0, node=AUTHORITY, conn=Transaction-aware proxy for target Connection [jdbc:hsqldb:mem:kontrollDS, UserName=sw, HSQL Database Engine Driver], schema=null, metaData=org.apache.commons.dbcp.DelegatingDatabaseMetaData@65b1c15d, edges=[]) - start
170337 [main] DEBUG org.dbunit.database.search.AbstractMetaDataBasedSearchCallback  - Getting edges for node AUTHORITY
170337 [main] TRACE org.dbunit.database.DatabaseConfig  - getProperty(name=http://www.dbunit.org/properties/metadataHandler) - start
170337 [main] TRACE org.dbunit.database.DefaultMetadataHandler  - tableExists(metaData=org.apache.commons.dbcp.DelegatingDatabaseMetaData@65b1c15d, schemaName=null, tableName=AUTHORITY) - start
170338 [main] DEBUG org.dbunit.util.SQLHelper  - close(resultSet=org.apache.commons.dbcp.DelegatingResultSet@34486bc) - start
170338 [main] DEBUG org.dbunit.util.SQLHelper  - close(resultSet=org.apache.commons.dbcp.DelegatingResultSet@7b9f77e5) - start
170338 [main] DEBUG org.dbunit.util.search.DepthFirstSearch  - reverseSearch:USERS_AUTHORITIES
170338 [main] DEBUG org.dbunit.util.search.DepthFirstSearch  - already searched; returning true
170338 [main] DEBUG org.dbunit.util.search.DepthFirstSearch  - reverseSearch:USER
170338 [main] DEBUG org.dbunit.database.search.ImportedKeysSearchCallback  - searchNode(node=USER) - start
170338 [main] DEBUG org.dbunit.util.search.DepthFirstSearch  - Pushing (reverse) USER
170338 [main] DEBUG org.dbunit.database.search.ImportedKeysSearchCallback  - getEdges(node=USER) - start
170338 [main] DEBUG org.dbunit.database.search.AbstractMetaDataBasedSearchCallback  - getNodesFromImportedKeys(node=USER) - start
170338 [main] DEBUG org.dbunit.database.search.AbstractMetaDataBasedSearchCallback  - getNodes(type=0, node=USER) - start
170338 [main] DEBUG org.dbunit.database.DatabaseDataSourceConnection  - getConnection() - start
170338 [main] DEBUG org.dbunit.database.search.AbstractMetaDataBasedSearchCallback  - getNodes(type=0, node=USER, conn=Transaction-aware proxy for target Connection [jdbc:hsqldb:mem:kontrollDS, UserName=sw, HSQL Database Engine Driver], schema=null, metaData=org.apache.commons.dbcp.DelegatingDatabaseMetaData@22789acb, edges=[]) - start
170338 [main] DEBUG org.dbunit.database.search.AbstractMetaDataBasedSearchCallback  - Getting edges for node USER
170338 [main] TRACE org.dbunit.database.DatabaseConfig  - getProperty(name=http://www.dbunit.org/properties/metadataHandler) - start
170338 [main] TRACE org.dbunit.database.DefaultMetadataHandler  - tableExists(metaData=org.apache.commons.dbcp.DelegatingDatabaseMetaData@22789acb, schemaName=null, tableName=USER) - start
170339 [main] DEBUG org.dbunit.util.SQLHelper  - close(resultSet=org.apache.commons.dbcp.DelegatingResultSet@60d67bf6) - start
170340 [main] DEBUG org.dbunit.util.SQLHelper  - close(resultSet=org.apache.commons.dbcp.DelegatingResultSet@4e615143) - start
170340 [main] DEBUG org.dbunit.util.search.DepthFirstSearch  - search:USERS_AUTHORITIES
170340 [main] DEBUG org.dbunit.util.search.DepthFirstSearch  - already searched; returning true
170340 [main] DEBUG org.dbunit.util.search.DepthFirstSearch  - search:AUTHORITY
170340 [main] DEBUG org.dbunit.util.search.DepthFirstSearch  - already searched; returning true
170340 [main] DEBUG org.dbunit.util.search.DepthFirstSearch  - search:USER
170340 [main] DEBUG org.dbunit.util.search.DepthFirstSearch  - already searched; returning true
170340 [main] DEBUG org.dbunit.util.CollectionsHelper  - setToStrings(set=[AUTHORITY, USER, USERS_AUTHORITIES]) - start
170340 [main] DEBUG org.dbunit.database.search.TablesDependencyHelper  - getDependsOnTables(connection=_databaseConfig=org.dbunit.database.DatabaseConfig[, _propertyMap={http://www.dbunit.org/properties/statementFactory=org.dbunit.database.statement.PreparedStatementFactory@626bc2b8, http://www.dbunit.org/features/caseSensitiveTableNames=false, http://www.dbunit.org/properties/fetchSize=100, http://www.dbunit.org/features/batchedStatements=false, http://www.dbunit.org/properties/metadataHandler=org.dbunit.database.DefaultMetadataHandler@62baffef, http://www.dbunit.org/properties/datatypeFactory=org.dbunit.dataset.datatype.DefaultDataTypeFactory[_toleratedDeltaMap=org.dbunit.dataset.datatype.ToleratedDeltaMap@6452310a], http://www.dbunit.org/properties/escapePattern=null, http://www.dbunit.org/properties/batchSize=100, http://www.dbunit.org/features/qualifiedTableNames=false, http://www.dbunit.org/properties/tableType=[Ljava.lang.String;@5011bafa, http://www.dbunit.org/properties/resultSetTableFactory=org.dbunit.database.CachedResultSetTableFactory@10bcf083, http://www.dbunit.org/features/datatypeWarning=true}], _dataSet=AbstractDataSet[_orderedTableNameMap=null], rootTable=USERS_AUTHORITIES) - start
170340 [main] DEBUG org.dbunit.util.search.DepthFirstSearch  - search(nodesFrom=[USERS_AUTHORITIES], callback=org.dbunit.database.search.ExportedKeysSearchCallback@7e580706) - start
170340 [main] DEBUG org.dbunit.util.CollectionsHelper  - objectsToSet(objects=USERS_AUTHORITIES) - start
170340 [main] DEBUG org.dbunit.util.search.DepthFirstSearch  - search(nodesFrom=[USERS_AUTHORITIES], callback=org.dbunit.database.search.ExportedKeysSearchCallback@7e580706) - start
170340 [main] DEBUG org.dbunit.util.search.DepthFirstSearch  - reverseSearch:USERS_AUTHORITIES
170340 [main] DEBUG org.dbunit.database.search.ExportedKeysSearchCallback  - searchNode(node=USERS_AUTHORITIES) - start
170340 [main] DEBUG org.dbunit.util.search.DepthFirstSearch  - Pushing (reverse) USERS_AUTHORITIES
170340 [main] DEBUG org.dbunit.database.search.ExportedKeysSearchCallback  - getEdges(node=USERS_AUTHORITIES) - start
170340 [main] DEBUG org.dbunit.database.search.AbstractMetaDataBasedSearchCallback  - getNodesFromExportedKeys(node=USERS_AUTHORITIES) - start
170340 [main] DEBUG org.dbunit.database.search.AbstractMetaDataBasedSearchCallback  - getNodes(type=1, node=USERS_AUTHORITIES) - start
170340 [main] DEBUG org.dbunit.database.DatabaseDataSourceConnection  - getConnection() - start
170341 [main] DEBUG org.dbunit.database.search.AbstractMetaDataBasedSearchCallback  - getNodes(type=1, node=USERS_AUTHORITIES, conn=Transaction-aware proxy for target Connection [jdbc:hsqldb:mem:kontrollDS, UserName=sw, HSQL Database Engine Driver], schema=null, metaData=org.apache.commons.dbcp.DelegatingDatabaseMetaData@45355bb7, edges=[]) - start
170341 [main] DEBUG org.dbunit.database.search.AbstractMetaDataBasedSearchCallback  - Getting edges for node USERS_AUTHORITIES
170341 [main] TRACE org.dbunit.database.DatabaseConfig  - getProperty(name=http://www.dbunit.org/properties/metadataHandler) - start
170341 [main] TRACE org.dbunit.database.DefaultMetadataHandler  - tableExists(metaData=org.apache.commons.dbcp.DelegatingDatabaseMetaData@45355bb7, schemaName=null, tableName=USERS_AUTHORITIES) - start
170342 [main] DEBUG org.dbunit.util.SQLHelper  - close(resultSet=org.apache.commons.dbcp.DelegatingResultSet@62174dd1) - start
170342 [main] DEBUG org.dbunit.util.SQLHelper  - close(resultSet=org.apache.commons.dbcp.DelegatingResultSet@492eb19c) - start
170342 [main] DEBUG org.dbunit.util.search.DepthFirstSearch  - search:USERS_AUTHORITIES
170342 [main] DEBUG org.dbunit.database.search.ExportedKeysSearchCallback  - searchNode(node=USERS_AUTHORITIES) - start
170342 [main] DEBUG org.dbunit.util.search.DepthFirstSearch  - Pushing USERS_AUTHORITIES
170342 [main] DEBUG org.dbunit.database.search.ExportedKeysSearchCallback  - getEdges(node=USERS_AUTHORITIES) - start
170342 [main] DEBUG org.dbunit.database.search.AbstractMetaDataBasedSearchCallback  - getNodesFromExportedKeys(node=USERS_AUTHORITIES) - start
170342 [main] DEBUG org.dbunit.database.search.AbstractMetaDataBasedSearchCallback  - getNodes(type=1, node=USERS_AUTHORITIES) - start
170342 [main] DEBUG org.dbunit.database.DatabaseDataSourceConnection  - getConnection() - start
170342 [main] DEBUG org.dbunit.database.search.AbstractMetaDataBasedSearchCallback  - getNodes(type=1, node=USERS_AUTHORITIES, conn=Transaction-aware proxy for target Connection [jdbc:hsqldb:mem:kontrollDS, UserName=sw, HSQL Database Engine Driver], schema=null, metaData=org.apache.commons.dbcp.DelegatingDatabaseMetaData@188e9e4d, edges=[]) - start
170342 [main] DEBUG org.dbunit.database.search.AbstractMetaDataBasedSearchCallback  - Getting edges for node USERS_AUTHORITIES
170342 [main] TRACE org.dbunit.database.DatabaseConfig  - getProperty(name=http://www.dbunit.org/properties/metadataHandler) - start
170342 [main] TRACE org.dbunit.database.DefaultMetadataHandler  - tableExists(metaData=org.apache.commons.dbcp.DelegatingDatabaseMetaData@188e9e4d, schemaName=null, tableName=USERS_AUTHORITIES) - start
170344 [main] DEBUG org.dbunit.util.SQLHelper  - close(resultSet=org.apache.commons.dbcp.DelegatingResultSet@15b96606) - start
170344 [main] DEBUG org.dbunit.util.SQLHelper  - close(resultSet=org.apache.commons.dbcp.DelegatingResultSet@2085f05e) - start
170344 [main] DEBUG org.dbunit.util.search.DepthFirstSearch  - Adding node USERS_AUTHORITIES to the final result
170344 [main] DEBUG org.dbunit.util.CollectionsHelper  - setToStrings(set=[USERS_AUTHORITIES]) - start
170344 [main] DEBUG org.dbunit.database.search.TablesDependencyHelper  - getDirectDependsOnTables(connection=_databaseConfig=org.dbunit.database.DatabaseConfig[, _propertyMap={http://www.dbunit.org/properties/statementFactory=org.dbunit.database.statement.PreparedStatementFactory@626bc2b8, http://www.dbunit.org/features/caseSensitiveTableNames=false, http://www.dbunit.org/properties/fetchSize=100, http://www.dbunit.org/features/batchedStatements=false, http://www.dbunit.org/properties/metadataHandler=org.dbunit.database.DefaultMetadataHandler@62baffef, http://www.dbunit.org/properties/datatypeFactory=org.dbunit.dataset.datatype.DefaultDataTypeFactory[_toleratedDeltaMap=org.dbunit.dataset.datatype.ToleratedDeltaMap@6452310a], http://www.dbunit.org/properties/escapePattern=null, http://www.dbunit.org/properties/batchSize=100, http://www.dbunit.org/features/qualifiedTableNames=false, http://www.dbunit.org/properties/tableType=[Ljava.lang.String;@5011bafa, http://www.dbunit.org/properties/resultSetTableFactory=org.dbunit.database.CachedResultSetTableFactory@10bcf083, http://www.dbunit.org/features/datatypeWarning=true}], _dataSet=AbstractDataSet[_orderedTableNameMap=null], tableName=USERS_AUTHORITIES) - start
170344 [main] DEBUG org.dbunit.util.search.DepthFirstSearch  - search(nodesFrom=[USERS_AUTHORITIES], callback=org.dbunit.database.search.ExportedKeysSearchCallback@4967c171) - start
170344 [main] DEBUG org.dbunit.util.CollectionsHelper  - objectsToSet(objects=USERS_AUTHORITIES) - start
170344 [main] DEBUG org.dbunit.util.search.DepthFirstSearch  - search(nodesFrom=[USERS_AUTHORITIES], callback=org.dbunit.database.search.ExportedKeysSearchCallback@4967c171) - start
170344 [main] DEBUG org.dbunit.util.search.DepthFirstSearch  - reverseSearch:USERS_AUTHORITIES
170344 [main] DEBUG org.dbunit.database.search.ExportedKeysSearchCallback  - searchNode(node=USERS_AUTHORITIES) - start
170344 [main] DEBUG org.dbunit.util.search.DepthFirstSearch  - Pushing (reverse) USERS_AUTHORITIES
170344 [main] DEBUG org.dbunit.database.search.ExportedKeysSearchCallback  - getEdges(node=USERS_AUTHORITIES) - start
170344 [main] DEBUG org.dbunit.database.search.AbstractMetaDataBasedSearchCallback  - getNodesFromExportedKeys(node=USERS_AUTHORITIES) - start
170344 [main] DEBUG org.dbunit.database.search.AbstractMetaDataBasedSearchCallback  - getNodes(type=1, node=USERS_AUTHORITIES) - start
170344 [main] DEBUG org.dbunit.database.DatabaseDataSourceConnection  - getConnection() - start
170344 [main] DEBUG org.dbunit.database.search.AbstractMetaDataBasedSearchCallback  - getNodes(type=1, node=USERS_AUTHORITIES, conn=Transaction-aware proxy for target Connection [jdbc:hsqldb:mem:kontrollDS, UserName=sw, HSQL Database Engine Driver], schema=null, metaData=org.apache.commons.dbcp.DelegatingDatabaseMetaData@3acd075d, edges=[]) - start
170344 [main] DEBUG org.dbunit.database.search.AbstractMetaDataBasedSearchCallback  - Getting edges for node USERS_AUTHORITIES
170344 [main] TRACE org.dbunit.database.DatabaseConfig  - getProperty(name=http://www.dbunit.org/properties/metadataHandler) - start
170345 [main] TRACE org.dbunit.database.DefaultMetadataHandler  - tableExists(metaData=org.apache.commons.dbcp.DelegatingDatabaseMetaData@3acd075d, schemaName=null, tableName=USERS_AUTHORITIES) - start
170346 [main] DEBUG org.dbunit.util.SQLHelper  - close(resultSet=org.apache.commons.dbcp.DelegatingResultSet@4e290b54) - start
170346 [main] DEBUG org.dbunit.util.SQLHelper  - close(resultSet=org.apache.commons.dbcp.DelegatingResultSet@23b4a41b) - start
170346 [main] DEBUG org.dbunit.util.search.DepthFirstSearch  - search:USERS_AUTHORITIES
170346 [main] DEBUG org.dbunit.database.search.ExportedKeysSearchCallback  - searchNode(node=USERS_AUTHORITIES) - start
170346 [main] DEBUG org.dbunit.util.search.DepthFirstSearch  - Pushing USERS_AUTHORITIES
170346 [main] DEBUG org.dbunit.database.search.ExportedKeysSearchCallback  - getEdges(node=USERS_AUTHORITIES) - start
170346 [main] DEBUG org.dbunit.database.search.AbstractMetaDataBasedSearchCallback  - getNodesFromExportedKeys(node=USERS_AUTHORITIES) - start
170346 [main] DEBUG org.dbunit.database.search.AbstractMetaDataBasedSearchCallback  - getNodes(type=1, node=USERS_AUTHORITIES) - start
170346 [main] DEBUG org.dbunit.database.DatabaseDataSourceConnection  - getConnection() - start
170347 [main] DEBUG org.dbunit.database.search.AbstractMetaDataBasedSearchCallback  - getNodes(type=1, node=USERS_AUTHORITIES, conn=Transaction-aware proxy for target Connection [jdbc:hsqldb:mem:kontrollDS, UserName=sw, HSQL Database Engine Driver], schema=null, metaData=org.apache.commons.dbcp.DelegatingDatabaseMetaData@2881faed, edges=[]) - start
170347 [main] DEBUG org.dbunit.database.search.AbstractMetaDataBasedSearchCallback  - Getting edges for node USERS_AUTHORITIES
170347 [main] TRACE org.dbunit.database.DatabaseConfig  - getProperty(name=http://www.dbunit.org/properties/metadataHandler) - start
170347 [main] TRACE org.dbunit.database.DefaultMetadataHandler  - tableExists(metaData=org.apache.commons.dbcp.DelegatingDatabaseMetaData@2881faed, schemaName=null, tableName=USERS_AUTHORITIES) - start
170348 [main] DEBUG org.dbunit.util.SQLHelper  - close(resultSet=org.apache.commons.dbcp.DelegatingResultSet@2ca8f671) - start
170348 [main] DEBUG org.dbunit.util.SQLHelper  - close(resultSet=org.apache.commons.dbcp.DelegatingResultSet@6b3b783b) - start
170348 [main] DEBUG org.dbunit.util.search.DepthFirstSearch  - Adding node USERS_AUTHORITIES to the final result
170348 [main] DEBUG org.dbunit.database.search.TablesDependencyHelper  - getDirectDependentTables(connection=_databaseConfig=org.dbunit.database.DatabaseConfig[, _propertyMap={http://www.dbunit.org/properties/statementFactory=org.dbunit.database.statement.PreparedStatementFactory@626bc2b8, http://www.dbunit.org/features/caseSensitiveTableNames=false, http://www.dbunit.org/properties/fetchSize=100, http://www.dbunit.org/features/batchedStatements=false, http://www.dbunit.org/properties/metadataHandler=org.dbunit.database.DefaultMetadataHandler@62baffef, http://www.dbunit.org/properties/datatypeFactory=org.dbunit.dataset.datatype.DefaultDataTypeFactory[_toleratedDeltaMap=org.dbunit.dataset.datatype.ToleratedDeltaMap@6452310a], http://www.dbunit.org/properties/escapePattern=null, http://www.dbunit.org/properties/batchSize=100, http://www.dbunit.org/features/qualifiedTableNames=false, http://www.dbunit.org/properties/tableType=[Ljava.lang.String;@5011bafa, http://www.dbunit.org/properties/resultSetTableFactory=org.dbunit.database.CachedResultSetTableFactory@10bcf083, http://www.dbunit.org/features/datatypeWarning=true}], _dataSet=AbstractDataSet[_orderedTableNameMap=null], tableName=USERS_AUTHORITIES) - start
170349 [main] DEBUG org.dbunit.util.search.DepthFirstSearch  - search(nodesFrom=[USERS_AUTHORITIES], callback=org.dbunit.database.search.ImportedKeysSearchCallback@2ba67560) - start
170349 [main] DEBUG org.dbunit.util.CollectionsHelper  - objectsToSet(objects=USERS_AUTHORITIES) - start
170349 [main] DEBUG org.dbunit.util.search.DepthFirstSearch  - search(nodesFrom=[USERS_AUTHORITIES], callback=org.dbunit.database.search.ImportedKeysSearchCallback@2ba67560) - start
170349 [main] DEBUG org.dbunit.util.search.DepthFirstSearch  - reverseSearch:USERS_AUTHORITIES
170349 [main] DEBUG org.dbunit.database.search.ImportedKeysSearchCallback  - searchNode(node=USERS_AUTHORITIES) - start
170349 [main] DEBUG org.dbunit.util.search.DepthFirstSearch  - Pushing (reverse) USERS_AUTHORITIES
170349 [main] DEBUG org.dbunit.database.search.ImportedKeysSearchCallback  - getEdges(node=USERS_AUTHORITIES) - start
170349 [main] DEBUG org.dbunit.database.search.AbstractMetaDataBasedSearchCallback  - getNodesFromImportedKeys(node=USERS_AUTHORITIES) - start
170349 [main] DEBUG org.dbunit.database.search.AbstractMetaDataBasedSearchCallback  - getNodes(type=0, node=USERS_AUTHORITIES) - start
170349 [main] DEBUG org.dbunit.database.DatabaseDataSourceConnection  - getConnection() - start
170349 [main] DEBUG org.dbunit.database.search.AbstractMetaDataBasedSearchCallback  - getNodes(type=0, node=USERS_AUTHORITIES, conn=Transaction-aware proxy for target Connection [jdbc:hsqldb:mem:kontrollDS, UserName=sw, HSQL Database Engine Driver], schema=null, metaData=org.apache.commons.dbcp.DelegatingDatabaseMetaData@3d640803, edges=[]) - start
170349 [main] DEBUG org.dbunit.database.search.AbstractMetaDataBasedSearchCallback  - Getting edges for node USERS_AUTHORITIES
170350 [main] TRACE org.dbunit.database.DatabaseConfig  - getProperty(name=http://www.dbunit.org/properties/metadataHandler) - start
170350 [main] TRACE org.dbunit.database.DefaultMetadataHandler  - tableExists(metaData=org.apache.commons.dbcp.DelegatingDatabaseMetaData@3d640803, schemaName=null, tableName=USERS_AUTHORITIES) - start
170351 [main] DEBUG org.dbunit.util.SQLHelper  - close(resultSet=org.apache.commons.dbcp.DelegatingResultSet@5f917955) - start
170351 [main] DEBUG org.dbunit.util.QualifiedTableName  - getQualifiedNameIfEnabled(config=org.dbunit.database.DatabaseConfig[, _propertyMap={http://www.dbunit.org/properties/statementFactory=org.dbunit.database.statement.PreparedStatementFactory@626bc2b8, http://www.dbunit.org/features/caseSensitiveTableNames=false, http://www.dbunit.org/properties/fetchSize=100, http://www.dbunit.org/features/batchedStatements=false, http://www.dbunit.org/properties/metadataHandler=org.dbunit.database.DefaultMetadataHandler@62baffef, http://www.dbunit.org/properties/datatypeFactory=org.dbunit.dataset.datatype.DefaultDataTypeFactory[_toleratedDeltaMap=org.dbunit.dataset.datatype.ToleratedDeltaMap@6452310a], http://www.dbunit.org/properties/escapePattern=null, http://www.dbunit.org/properties/batchSize=100, http://www.dbunit.org/features/qualifiedTableNames=false, http://www.dbunit.org/properties/tableType=[Ljava.lang.String;@5011bafa, http://www.dbunit.org/properties/resultSetTableFactory=org.dbunit.database.CachedResultSetTableFactory@10bcf083, http://www.dbunit.org/features/datatypeWarning=true}]) - start
170351 [main] TRACE org.dbunit.database.DatabaseConfig  - getFeature(name=http://www.dbunit.org/features/qualifiedTableNames) - start
170351 [main] TRACE org.dbunit.database.DatabaseConfig  - getProperty(name=http://www.dbunit.org/features/qualifiedTableNames) - start
170351 [main] DEBUG org.dbunit.util.QualifiedTableName  - Qualified table names feature is disabled. Returning plain table name
170352 [main] DEBUG org.dbunit.util.QualifiedTableName  - getQualifiedName(prefix=null, name=USERS_AUTHORITIES, escapePattern=null) - start
170352 [main] DEBUG org.dbunit.util.QualifiedTableName  - getQualifiedNameIfEnabled(config=org.dbunit.database.DatabaseConfig[, _propertyMap={http://www.dbunit.org/properties/statementFactory=org.dbunit.database.statement.PreparedStatementFactory@626bc2b8, http://www.dbunit.org/features/caseSensitiveTableNames=false, http://www.dbunit.org/properties/fetchSize=100, http://www.dbunit.org/features/batchedStatements=false, http://www.dbunit.org/properties/metadataHandler=org.dbunit.database.DefaultMetadataHandler@62baffef, http://www.dbunit.org/properties/datatypeFactory=org.dbunit.dataset.datatype.DefaultDataTypeFactory[_toleratedDeltaMap=org.dbunit.dataset.datatype.ToleratedDeltaMap@6452310a], http://www.dbunit.org/properties/escapePattern=null, http://www.dbunit.org/properties/batchSize=100, http://www.dbunit.org/features/qualifiedTableNames=false, http://www.dbunit.org/properties/tableType=[Ljava.lang.String;@5011bafa, http://www.dbunit.org/properties/resultSetTableFactory=org.dbunit.database.CachedResultSetTableFactory@10bcf083, http://www.dbunit.org/features/datatypeWarning=true}]) - start
170352 [main] TRACE org.dbunit.database.DatabaseConfig  - getFeature(name=http://www.dbunit.org/features/qualifiedTableNames) - start
170352 [main] TRACE org.dbunit.database.DatabaseConfig  - getProperty(name=http://www.dbunit.org/features/qualifiedTableNames) - start
170352 [main] DEBUG org.dbunit.util.QualifiedTableName  - Qualified table names feature is disabled. Returning plain table name
170352 [main] DEBUG org.dbunit.util.QualifiedTableName  - getQualifiedName(prefix=null, name=AUTHORITY, escapePattern=null) - start
170352 [main] DEBUG org.dbunit.database.search.AbstractMetaDataBasedSearchCallback  - newEdge(rs=org.apache.commons.dbcp.DelegatingResultSet@37109d68, type=0, from=USERS_AUTHORITIES, to=AUTHORITY, fkColumn=AUTHORITY_ID, pkColumn=ID) - start
170352 [main] DEBUG org.dbunit.database.search.AbstractMetaDataBasedSearchCallback  - createFKEdge(rs=org.apache.commons.dbcp.DelegatingResultSet@37109d68, type=0, from=USERS_AUTHORITIES, to=AUTHORITY, fkColumn=AUTHORITY_ID, pkColumn=ID) - start
170352 [main] DEBUG org.dbunit.database.search.AbstractMetaDataBasedSearchCallback  - Adding edge USERS_AUTHORITIES(AUTHORITY_ID)->AUTHORITY(ID)
170352 [main] DEBUG org.dbunit.util.search.Edge  - compareTo(o=USERS_AUTHORITIES(AUTHORITY_ID)->AUTHORITY(ID)) - start
170352 [main] DEBUG org.dbunit.util.QualifiedTableName  - getQualifiedNameIfEnabled(config=org.dbunit.database.DatabaseConfig[, _propertyMap={http://www.dbunit.org/properties/statementFactory=org.dbunit.database.statement.PreparedStatementFactory@626bc2b8, http://www.dbunit.org/features/caseSensitiveTableNames=false, http://www.dbunit.org/properties/fetchSize=100, http://www.dbunit.org/features/batchedStatements=false, http://www.dbunit.org/properties/metadataHandler=org.dbunit.database.DefaultMetadataHandler@62baffef, http://www.dbunit.org/properties/datatypeFactory=org.dbunit.dataset.datatype.DefaultDataTypeFactory[_toleratedDeltaMap=org.dbunit.dataset.datatype.ToleratedDeltaMap@6452310a], http://www.dbunit.org/properties/escapePattern=null, http://www.dbunit.org/properties/batchSize=100, http://www.dbunit.org/features/qualifiedTableNames=false, http://www.dbunit.org/properties/tableType=[Ljava.lang.String;@5011bafa, http://www.dbunit.org/properties/resultSetTableFactory=org.dbunit.database.CachedResultSetTableFactory@10bcf083, http://www.dbunit.org/features/datatypeWarning=true}]) - start
170353 [main] TRACE org.dbunit.database.DatabaseConfig  - getFeature(name=http://www.dbunit.org/features/qualifiedTableNames) - start
170353 [main] TRACE org.dbunit.database.DatabaseConfig  - getProperty(name=http://www.dbunit.org/features/qualifiedTableNames) - start
170353 [main] DEBUG org.dbunit.util.QualifiedTableName  - Qualified table names feature is disabled. Returning plain table name
170353 [main] DEBUG org.dbunit.util.QualifiedTableName  - getQualifiedName(prefix=null, name=USERS_AUTHORITIES, escapePattern=null) - start
170353 [main] DEBUG org.dbunit.util.QualifiedTableName  - getQualifiedNameIfEnabled(config=org.dbunit.database.DatabaseConfig[, _propertyMap={http://www.dbunit.org/properties/statementFactory=org.dbunit.database.statement.PreparedStatementFactory@626bc2b8, http://www.dbunit.org/features/caseSensitiveTableNames=false, http://www.dbunit.org/properties/fetchSize=100, http://www.dbunit.org/features/batchedStatements=false, http://www.dbunit.org/properties/metadataHandler=org.dbunit.database.DefaultMetadataHandler@62baffef, http://www.dbunit.org/properties/datatypeFactory=org.dbunit.dataset.datatype.DefaultDataTypeFactory[_toleratedDeltaMap=org.dbunit.dataset.datatype.ToleratedDeltaMap@6452310a], http://www.dbunit.org/properties/escapePattern=null, http://www.dbunit.org/properties/batchSize=100, http://www.dbunit.org/features/qualifiedTableNames=false, http://www.dbunit.org/properties/tableType=[Ljava.lang.String;@5011bafa, http://www.dbunit.org/properties/resultSetTableFactory=org.dbunit.database.CachedResultSetTableFactory@10bcf083, http://www.dbunit.org/features/datatypeWarning=true}]) - start
170353 [main] TRACE org.dbunit.database.DatabaseConfig  - getFeature(name=http://www.dbunit.org/features/qualifiedTableNames) - start
170353 [main] TRACE org.dbunit.database.DatabaseConfig  - getProperty(name=http://www.dbunit.org/features/qualifiedTableNames) - start
170353 [main] DEBUG org.dbunit.util.QualifiedTableName  - Qualified table names feature is disabled. Returning plain table name
170353 [main] DEBUG org.dbunit.util.QualifiedTableName  - getQualifiedName(prefix=null, name=USER, escapePattern=null) - start
170353 [main] DEBUG org.dbunit.database.search.AbstractMetaDataBasedSearchCallback  - newEdge(rs=org.apache.commons.dbcp.DelegatingResultSet@37109d68, type=0, from=USERS_AUTHORITIES, to=USER, fkColumn=USER_ID, pkColumn=ID) - start
170353 [main] DEBUG org.dbunit.database.search.AbstractMetaDataBasedSearchCallback  - createFKEdge(rs=org.apache.commons.dbcp.DelegatingResultSet@37109d68, type=0, from=USERS_AUTHORITIES, to=USER, fkColumn=USER_ID, pkColumn=ID) - start
170354 [main] DEBUG org.dbunit.database.search.AbstractMetaDataBasedSearchCallback  - Adding edge USERS_AUTHORITIES(USER_ID)->USER(ID)
170354 [main] DEBUG org.dbunit.util.search.Edge  - compareTo(o=USERS_AUTHORITIES(AUTHORITY_ID)->AUTHORITY(ID)) - start
170354 [main] DEBUG org.dbunit.util.SQLHelper  - close(resultSet=org.apache.commons.dbcp.DelegatingResultSet@37109d68) - start
170354 [main] DEBUG org.dbunit.util.search.DepthFirstSearch  - search:USERS_AUTHORITIES
170354 [main] DEBUG org.dbunit.database.search.ImportedKeysSearchCallback  - searchNode(node=USERS_AUTHORITIES) - start
170354 [main] DEBUG org.dbunit.util.search.DepthFirstSearch  - Pushing USERS_AUTHORITIES
170354 [main] DEBUG org.dbunit.database.search.ImportedKeysSearchCallback  - getEdges(node=USERS_AUTHORITIES) - start
170354 [main] DEBUG org.dbunit.database.search.AbstractMetaDataBasedSearchCallback  - getNodesFromImportedKeys(node=USERS_AUTHORITIES) - start
170354 [main] DEBUG org.dbunit.database.search.AbstractMetaDataBasedSearchCallback  - getNodes(type=0, node=USERS_AUTHORITIES) - start
170354 [main] DEBUG org.dbunit.database.DatabaseDataSourceConnection  - getConnection() - start
170354 [main] DEBUG org.dbunit.database.search.AbstractMetaDataBasedSearchCallback  - getNodes(type=0, node=USERS_AUTHORITIES, conn=Transaction-aware proxy for target Connection [jdbc:hsqldb:mem:kontrollDS, UserName=sw, HSQL Database Engine Driver], schema=null, metaData=org.apache.commons.dbcp.DelegatingDatabaseMetaData@23ce3316, edges=[]) - start
170355 [main] DEBUG org.dbunit.database.search.AbstractMetaDataBasedSearchCallback  - Getting edges for node USERS_AUTHORITIES
170355 [main] TRACE org.dbunit.database.DatabaseConfig  - getProperty(name=http://www.dbunit.org/properties/metadataHandler) - start
170355 [main] TRACE org.dbunit.database.DefaultMetadataHandler  - tableExists(metaData=org.apache.commons.dbcp.DelegatingDatabaseMetaData@23ce3316, schemaName=null, tableName=USERS_AUTHORITIES) - start
170356 [main] DEBUG org.dbunit.util.SQLHelper  - close(resultSet=org.apache.commons.dbcp.DelegatingResultSet@5cac753) - start
170356 [main] DEBUG org.dbunit.util.QualifiedTableName  - getQualifiedNameIfEnabled(config=org.dbunit.database.DatabaseConfig[, _propertyMap={http://www.dbunit.org/properties/statementFactory=org.dbunit.database.statement.PreparedStatementFactory@626bc2b8, http://www.dbunit.org/features/caseSensitiveTableNames=false, http://www.dbunit.org/properties/fetchSize=100, http://www.dbunit.org/features/batchedStatements=false, http://www.dbunit.org/properties/metadataHandler=org.dbunit.database.DefaultMetadataHandler@62baffef, http://www.dbunit.org/properties/datatypeFactory=org.dbunit.dataset.datatype.DefaultDataTypeFactory[_toleratedDeltaMap=org.dbunit.dataset.datatype.ToleratedDeltaMap@6452310a], http://www.dbunit.org/properties/escapePattern=null, http://www.dbunit.org/properties/batchSize=100, http://www.dbunit.org/features/qualifiedTableNames=false, http://www.dbunit.org/properties/tableType=[Ljava.lang.String;@5011bafa, http://www.dbunit.org/properties/resultSetTableFactory=org.dbunit.database.CachedResultSetTableFactory@10bcf083, http://www.dbunit.org/features/datatypeWarning=true}]) - start
170356 [main] TRACE org.dbunit.database.DatabaseConfig  - getFeature(name=http://www.dbunit.org/features/qualifiedTableNames) - start
170356 [main] TRACE org.dbunit.database.DatabaseConfig  - getProperty(name=http://www.dbunit.org/features/qualifiedTableNames) - start
170356 [main] DEBUG org.dbunit.util.QualifiedTableName  - Qualified table names feature is disabled. Returning plain table name
170357 [main] DEBUG org.dbunit.util.QualifiedTableName  - getQualifiedName(prefix=null, name=USERS_AUTHORITIES, escapePattern=null) - start
170357 [main] DEBUG org.dbunit.util.QualifiedTableName  - getQualifiedNameIfEnabled(config=org.dbunit.database.DatabaseConfig[, _propertyMap={http://www.dbunit.org/properties/statementFactory=org.dbunit.database.statement.PreparedStatementFactory@626bc2b8, http://www.dbunit.org/features/caseSensitiveTableNames=false, http://www.dbunit.org/properties/fetchSize=100, http://www.dbunit.org/features/batchedStatements=false, http://www.dbunit.org/properties/metadataHandler=org.dbunit.database.DefaultMetadataHandler@62baffef, http://www.dbunit.org/properties/datatypeFactory=org.dbunit.dataset.datatype.DefaultDataTypeFactory[_toleratedDeltaMap=org.dbunit.dataset.datatype.ToleratedDeltaMap@6452310a], http://www.dbunit.org/properties/escapePattern=null, http://www.dbunit.org/properties/batchSize=100, http://www.dbunit.org/features/qualifiedTableNames=false, http://www.dbunit.org/properties/tableType=[Ljava.lang.String;@5011bafa, http://www.dbunit.org/properties/resultSetTableFactory=org.dbunit.database.CachedResultSetTableFactory@10bcf083, http://www.dbunit.org/features/datatypeWarning=true}]) - start
170357 [main] TRACE org.dbunit.database.DatabaseConfig  - getFeature(name=http://www.dbunit.org/features/qualifiedTableNames) - start
170357 [main] TRACE org.dbunit.database.DatabaseConfig  - getProperty(name=http://www.dbunit.org/features/qualifiedTableNames) - start
170357 [main] DEBUG org.dbunit.util.QualifiedTableName  - Qualified table names feature is disabled. Returning plain table name
170357 [main] DEBUG org.dbunit.util.QualifiedTableName  - getQualifiedName(prefix=null, name=AUTHORITY, escapePattern=null) - start
170357 [main] DEBUG org.dbunit.database.search.AbstractMetaDataBasedSearchCallback  - newEdge(rs=org.apache.commons.dbcp.DelegatingResultSet@35337dbd, type=0, from=USERS_AUTHORITIES, to=AUTHORITY, fkColumn=AUTHORITY_ID, pkColumn=ID) - start
170357 [main] DEBUG org.dbunit.database.search.AbstractMetaDataBasedSearchCallback  - createFKEdge(rs=org.apache.commons.dbcp.DelegatingResultSet@35337dbd, type=0, from=USERS_AUTHORITIES, to=AUTHORITY, fkColumn=AUTHORITY_ID, pkColumn=ID) - start
170357 [main] DEBUG org.dbunit.database.search.AbstractMetaDataBasedSearchCallback  - Adding edge USERS_AUTHORITIES(AUTHORITY_ID)->AUTHORITY(ID)
170357 [main] DEBUG org.dbunit.util.search.Edge  - compareTo(o=USERS_AUTHORITIES(AUTHORITY_ID)->AUTHORITY(ID)) - start
170357 [main] DEBUG org.dbunit.util.QualifiedTableName  - getQualifiedNameIfEnabled(config=org.dbunit.database.DatabaseConfig[, _propertyMap={http://www.dbunit.org/properties/statementFactory=org.dbunit.database.statement.PreparedStatementFactory@626bc2b8, http://www.dbunit.org/features/caseSensitiveTableNames=false, http://www.dbunit.org/properties/fetchSize=100, http://www.dbunit.org/features/batchedStatements=false, http://www.dbunit.org/properties/metadataHandler=org.dbunit.database.DefaultMetadataHandler@62baffef, http://www.dbunit.org/properties/datatypeFactory=org.dbunit.dataset.datatype.DefaultDataTypeFactory[_toleratedDeltaMap=org.dbunit.dataset.datatype.ToleratedDeltaMap@6452310a], http://www.dbunit.org/properties/escapePattern=null, http://www.dbunit.org/properties/batchSize=100, http://www.dbunit.org/features/qualifiedTableNames=false, http://www.dbunit.org/properties/tableType=[Ljava.lang.String;@5011bafa, http://www.dbunit.org/properties/resultSetTableFactory=org.dbunit.database.CachedResultSetTableFactory@10bcf083, http://www.dbunit.org/features/datatypeWarning=true}]) - start
170358 [main] TRACE org.dbunit.database.DatabaseConfig  - getFeature(name=http://www.dbunit.org/features/qualifiedTableNames) - start
170358 [main] TRACE org.dbunit.database.DatabaseConfig  - getProperty(name=http://www.dbunit.org/features/qualifiedTableNames) - start
170358 [main] DEBUG org.dbunit.util.QualifiedTableName  - Qualified table names feature is disabled. Returning plain table name
170358 [main] DEBUG org.dbunit.util.QualifiedTableName  - getQualifiedName(prefix=null, name=USERS_AUTHORITIES, escapePattern=null) - start
170358 [main] DEBUG org.dbunit.util.QualifiedTableName  - getQualifiedNameIfEnabled(config=org.dbunit.database.DatabaseConfig[, _propertyMap={http://www.dbunit.org/properties/statementFactory=org.dbunit.database.statement.PreparedStatementFactory@626bc2b8, http://www.dbunit.org/features/caseSensitiveTableNames=false, http://www.dbunit.org/properties/fetchSize=100, http://www.dbunit.org/features/batchedStatements=false, http://www.dbunit.org/properties/metadataHandler=org.dbunit.database.DefaultMetadataHandler@62baffef, http://www.dbunit.org/properties/datatypeFactory=org.dbunit.dataset.datatype.DefaultDataTypeFactory[_toleratedDeltaMap=org.dbunit.dataset.datatype.ToleratedDeltaMap@6452310a], http://www.dbunit.org/properties/escapePattern=null, http://www.dbunit.org/properties/batchSize=100, http://www.dbunit.org/features/qualifiedTableNames=false, http://www.dbunit.org/properties/tableType=[Ljava.lang.String;@5011bafa, http://www.dbunit.org/properties/resultSetTableFactory=org.dbunit.database.CachedResultSetTableFactory@10bcf083, http://www.dbunit.org/features/datatypeWarning=true}]) - start
170358 [main] TRACE org.dbunit.database.DatabaseConfig  - getFeature(name=http://www.dbunit.org/features/qualifiedTableNames) - start
170358 [main] TRACE org.dbunit.database.DatabaseConfig  - getProperty(name=http://www.dbunit.org/features/qualifiedTableNames) - start
170358 [main] DEBUG org.dbunit.util.QualifiedTableName  - Qualified table names feature is disabled. Returning plain table name
170358 [main] DEBUG org.dbunit.util.QualifiedTableName  - getQualifiedName(prefix=null, name=USER, escapePattern=null) - start
170358 [main] DEBUG org.dbunit.database.search.AbstractMetaDataBasedSearchCallback  - newEdge(rs=org.apache.commons.dbcp.DelegatingResultSet@35337dbd, type=0, from=USERS_AUTHORITIES, to=USER, fkColumn=USER_ID, pkColumn=ID) - start
170358 [main] DEBUG org.dbunit.database.search.AbstractMetaDataBasedSearchCallback  - createFKEdge(rs=org.apache.commons.dbcp.DelegatingResultSet@35337dbd, type=0, from=USERS_AUTHORITIES, to=USER, fkColumn=USER_ID, pkColumn=ID) - start
170358 [main] DEBUG org.dbunit.database.search.AbstractMetaDataBasedSearchCallback  - Adding edge USERS_AUTHORITIES(USER_ID)->USER(ID)
170359 [main] DEBUG org.dbunit.util.search.Edge  - compareTo(o=USERS_AUTHORITIES(AUTHORITY_ID)->AUTHORITY(ID)) - start
170359 [main] DEBUG org.dbunit.util.SQLHelper  - close(resultSet=org.apache.commons.dbcp.DelegatingResultSet@35337dbd) - start
170359 [main] DEBUG org.dbunit.util.search.DepthFirstSearch  - search:AUTHORITY
170359 [main] DEBUG org.dbunit.database.search.ImportedKeysSearchCallback  - searchNode(node=AUTHORITY) - start
170359 [main] DEBUG org.dbunit.util.search.DepthFirstSearch  - Pushing AUTHORITY
170359 [main] DEBUG org.dbunit.database.search.ImportedKeysSearchCallback  - getEdges(node=AUTHORITY) - start
170359 [main] DEBUG org.dbunit.database.search.AbstractMetaDataBasedSearchCallback  - getNodesFromImportedKeys(node=AUTHORITY) - start
170359 [main] DEBUG org.dbunit.database.search.AbstractMetaDataBasedSearchCallback  - getNodes(type=0, node=AUTHORITY) - start
170359 [main] DEBUG org.dbunit.database.DatabaseDataSourceConnection  - getConnection() - start
170360 [main] DEBUG org.dbunit.database.search.AbstractMetaDataBasedSearchCallback  - getNodes(type=0, node=AUTHORITY, conn=Transaction-aware proxy for target Connection [jdbc:hsqldb:mem:kontrollDS, UserName=sw, HSQL Database Engine Driver], schema=null, metaData=org.apache.commons.dbcp.DelegatingDatabaseMetaData@47841e94, edges=[]) - start
170360 [main] DEBUG org.dbunit.database.search.AbstractMetaDataBasedSearchCallback  - Getting edges for node AUTHORITY
170360 [main] TRACE org.dbunit.database.DatabaseConfig  - getProperty(name=http://www.dbunit.org/properties/metadataHandler) - start
170360 [main] TRACE org.dbunit.database.DefaultMetadataHandler  - tableExists(metaData=org.apache.commons.dbcp.DelegatingDatabaseMetaData@47841e94, schemaName=null, tableName=AUTHORITY) - start
170361 [main] DEBUG org.dbunit.util.SQLHelper  - close(resultSet=org.apache.commons.dbcp.DelegatingResultSet@1b6e86f8) - start
170362 [main] DEBUG org.dbunit.util.SQLHelper  - close(resultSet=org.apache.commons.dbcp.DelegatingResultSet@348cf9c2) - start
170362 [main] DEBUG org.dbunit.util.search.DepthFirstSearch  - Adding node AUTHORITY to the final result
170362 [main] DEBUG org.dbunit.util.search.DepthFirstSearch  - search:USER
170362 [main] DEBUG org.dbunit.database.search.ImportedKeysSearchCallback  - searchNode(node=USER) - start
170362 [main] DEBUG org.dbunit.util.search.DepthFirstSearch  - Pushing USER
170362 [main] DEBUG org.dbunit.util.search.DepthFirstSearch  - Adding node USER to the final result
170362 [main] DEBUG org.dbunit.util.search.DepthFirstSearch  - Adding node USERS_AUTHORITIES to the final result
170362 [main] DEBUG org.dbunit.util.search.DepthFirstSearch  - reverseSearch:AUTHORITY
170362 [main] DEBUG org.dbunit.database.search.ImportedKeysSearchCallback  - searchNode(node=AUTHORITY) - start
170363 [main] DEBUG org.dbunit.util.search.DepthFirstSearch  - Pushing (reverse) AUTHORITY
170363 [main] DEBUG org.dbunit.database.search.ImportedKeysSearchCallback  - getEdges(node=AUTHORITY) - start
170363 [main] DEBUG org.dbunit.database.search.AbstractMetaDataBasedSearchCallback  - getNodesFromImportedKeys(node=AUTHORITY) - start
170363 [main] DEBUG org.dbunit.database.search.AbstractMetaDataBasedSearchCallback  - getNodes(type=0, node=AUTHORITY) - start
170363 [main] DEBUG org.dbunit.database.DatabaseDataSourceConnection  - getConnection() - start
170363 [main] DEBUG org.dbunit.database.search.AbstractMetaDataBasedSearchCallback  - getNodes(type=0, node=AUTHORITY, conn=Transaction-aware proxy for target Connection [jdbc:hsqldb:mem:kontrollDS, UserName=sw, HSQL Database Engine Driver], schema=null, metaData=org.apache.commons.dbcp.DelegatingDatabaseMetaData@13614a82, edges=[]) - start
170363 [main] DEBUG org.dbunit.database.search.AbstractMetaDataBasedSearchCallback  - Getting edges for node AUTHORITY
170363 [main] TRACE org.dbunit.database.DatabaseConfig  - getProperty(name=http://www.dbunit.org/properties/metadataHandler) - start
170363 [main] TRACE org.dbunit.database.DefaultMetadataHandler  - tableExists(metaData=org.apache.commons.dbcp.DelegatingDatabaseMetaData@13614a82, schemaName=null, tableName=AUTHORITY) - start
170364 [main] DEBUG org.dbunit.util.SQLHelper  - close(resultSet=org.apache.commons.dbcp.DelegatingResultSet@34b13147) - start
170365 [main] DEBUG org.dbunit.util.SQLHelper  - close(resultSet=org.apache.commons.dbcp.DelegatingResultSet@6841d081) - start
170365 [main] DEBUG org.dbunit.util.search.DepthFirstSearch  - reverseSearch:USERS_AUTHORITIES
170365 [main] DEBUG org.dbunit.util.search.DepthFirstSearch  - already searched; returning true
170365 [main] DEBUG org.dbunit.util.search.DepthFirstSearch  - reverseSearch:USER
170365 [main] DEBUG org.dbunit.database.search.ImportedKeysSearchCallback  - searchNode(node=USER) - start
170365 [main] DEBUG org.dbunit.util.search.DepthFirstSearch  - Pushing (reverse) USER
170365 [main] DEBUG org.dbunit.database.search.ImportedKeysSearchCallback  - getEdges(node=USER) - start
170365 [main] DEBUG org.dbunit.database.search.AbstractMetaDataBasedSearchCallback  - getNodesFromImportedKeys(node=USER) - start
170365 [main] DEBUG org.dbunit.database.search.AbstractMetaDataBasedSearchCallback  - getNodes(type=0, node=USER) - start
170365 [main] DEBUG org.dbunit.database.DatabaseDataSourceConnection  - getConnection() - start
170365 [main] DEBUG org.dbunit.database.search.AbstractMetaDataBasedSearchCallback  - getNodes(type=0, node=USER, conn=Transaction-aware proxy for target Connection [jdbc:hsqldb:mem:kontrollDS, UserName=sw, HSQL Database Engine Driver], schema=null, metaData=org.apache.commons.dbcp.DelegatingDatabaseMetaData@38dffaa0, edges=[]) - start
170365 [main] DEBUG org.dbunit.database.search.AbstractMetaDataBasedSearchCallback  - Getting edges for node USER
170365 [main] TRACE org.dbunit.database.DatabaseConfig  - getProperty(name=http://www.dbunit.org/properties/metadataHandler) - start
170366 [main] TRACE org.dbunit.database.DefaultMetadataHandler  - tableExists(metaData=org.apache.commons.dbcp.DelegatingDatabaseMetaData@38dffaa0, schemaName=null, tableName=USER) - start
170367 [main] DEBUG org.dbunit.util.SQLHelper  - close(resultSet=org.apache.commons.dbcp.DelegatingResultSet@52de609b) - start
170367 [main] DEBUG org.dbunit.util.SQLHelper  - close(resultSet=org.apache.commons.dbcp.DelegatingResultSet@61b48df0) - start
170367 [main] DEBUG org.dbunit.util.search.DepthFirstSearch  - search:USERS_AUTHORITIES
170367 [main] DEBUG org.dbunit.util.search.DepthFirstSearch  - already searched; returning true
170367 [main] DEBUG org.dbunit.util.search.DepthFirstSearch  - search:AUTHORITY
170367 [main] DEBUG org.dbunit.util.search.DepthFirstSearch  - already searched; returning true
170367 [main] DEBUG org.dbunit.util.search.DepthFirstSearch  - search:USER
170368 [main] DEBUG org.dbunit.util.search.DepthFirstSearch  - already searched; returning true
170368 [main] DEBUG org.dbunit.database.DatabaseSequenceFilter  - checkCycles() - start
170368 [main] DEBUG org.dbunit.database.DatabaseSequenceFilter  - checkCycles() - start
170368 [main] DEBUG org.dbunit.database.DatabaseSequenceFilter  - checkCycles() - start
170368 [main] DEBUG org.dbunit.database.DatabaseSequenceFilter  - checkCycles() - start
170368 [main] DEBUG org.dbunit.database.DatabaseSequenceFilter  - checkCycles() - start
170371 [main] DEBUG org.dbunit.database.DatabaseSequenceFilter  - checkCycles() - start
170371 [main] DEBUG org.dbunit.database.DatabaseSequenceFilter  - checkCycles() - start
170371 [main] DEBUG org.dbunit.database.DatabaseSequenceFilter  - checkCycles() - start
170371 [main] DEBUG org.dbunit.database.DatabaseSequenceFilter  - checkCycles() - start
170371 [main] DEBUG org.dbunit.database.DatabaseSequenceFilter  - checkCycles() - start
170371 [main] DEBUG org.dbunit.database.DatabaseSequenceFilter  - checkCycles() - start
170371 [main] DEBUG org.dbunit.database.DatabaseSequenceFilter  - checkCycles() - start
170371 [main] DEBUG org.dbunit.database.DatabaseSequenceFilter  - checkCycles() - start
170371 [main] DEBUG org.dbunit.database.DatabaseSequenceFilter  - checkCycles() - start
170371 [main] DEBUG org.dbunit.database.DatabaseSequenceFilter  - checkCycles() - start
170382 [main] DEBUG org.dbunit.database.DatabaseSequenceFilter  - sort(tableNames=[AUTHORITY, CAPTION, NESTEDSCOPEDCONTENTCONDITIONS, REQUESTCONTEXT, SCOPE, SCOPEDCONTENT, SCOPEDCONTENTCONDITION, SCOPEDCONTENTCONDITIONATTRIBUTE, SCOPEDCONTENTCONDITIONS_SCOPEDCONTENT, SCOPEDCONTENTCONDITIONS_SCOPEDCONTENTITEM, SCOPEDCONTENTITEM, SCOPEDCONTENT_SCOPEDCONTENTITEM, SCOPE_REQUESTCONTEXT, USER, USERS_AUTHORITIES], dependencies={SCOPE_REQUESTCONTEXT=DependencyInfo[table=SCOPE_REQUESTCONTEXT, directDependsOn=[], directDependent=[REQUESTCONTEXT, SCOPE], allDependsOn=[], allDependent=[REQUESTCONTEXT, SCOPE]], NESTEDSCOPEDCONTENTCONDITIONS=DependencyInfo[table=NESTEDSCOPEDCONTENTCONDITIONS, directDependsOn=[], directDependent=[SCOPEDCONTENTCONDITION], allDependsOn=[], allDependent=[SCOPEDCONTENTCONDITION]], SCOPE=DependencyInfo[table=SCOPE, directDependsOn=[SCOPEDCONTENTCONDITIONS_SCOPEDCONTENT, SCOPEDCONTENT_SCOPEDCONTENTITEM, SCOPEDCONTENT, SCOPE_REQUESTCONTEXT], directDependent=[], allDependsOn=[SCOPEDCONTENT, SCOPE_REQUESTCONTEXT, SCOPEDCONTENT_SCOPEDCONTENTITEM, SCOPEDCONTENTCONDITIONS_SCOPEDCONTENT], allDependent=[]], SCOPEDCONTENT_SCOPEDCONTENTITEM=DependencyInfo[table=SCOPEDCONTENT_SCOPEDCONTENTITEM, directDependsOn=[], directDependent=[SCOPE, SCOPEDCONTENT, SCOPEDCONTENTITEM], allDependsOn=[], allDependent=[SCOPEDCONTENT, SCOPEDCONTENTITEM, SCOPE]], SCOPEDCONTENTCONDITIONATTRIBUTE=DependencyInfo[table=SCOPEDCONTENTCONDITIONATTRIBUTE, directDependsOn=[], directDependent=[SCOPEDCONTENTCONDITION], allDependsOn=[], allDependent=[SCOPEDCONTENTCONDITION]], SCOPEDCONTENTCONDITIONS_SCOPEDCONTENT=DependencyInfo[table=SCOPEDCONTENTCONDITIONS_SCOPEDCONTENT, directDependsOn=[], directDependent=[SCOPE, SCOPEDCONTENT, SCOPEDCONTENTCONDITION], allDependsOn=[], allDependent=[SCOPEDCONTENT, SCOPE, SCOPEDCONTENTCONDITION]], USER=DependencyInfo[table=USER, directDependsOn=[USERS_AUTHORITIES], directDependent=[], allDependsOn=[USERS_AUTHORITIES], allDependent=[]], SCOPEDCONTENT=DependencyInfo[table=SCOPEDCONTENT, directDependsOn=[SCOPEDCONTENTCONDITIONS_SCOPEDCONTENT, SCOPEDCONTENT_SCOPEDCONTENTITEM], directDependent=[SCOPE], allDependsOn=[SCOPEDCONTENT_SCOPEDCONTENTITEM, SCOPEDCONTENTCONDITIONS_SCOPEDCONTENT], allDependent=[SCOPE]], REQUESTCONTEXT=DependencyInfo[table=REQUESTCONTEXT, directDependsOn=[SCOPE_REQUESTCONTEXT], directDependent=[], allDependsOn=[SCOPE_REQUESTCONTEXT], allDependent=[]], AUTHORITY=DependencyInfo[table=AUTHORITY, directDependsOn=[USERS_AUTHORITIES], directDependent=[], allDependsOn=[USERS_AUTHORITIES], allDependent=[]], USERS_AUTHORITIES=DependencyInfo[table=USERS_AUTHORITIES, directDependsOn=[], directDependent=[AUTHORITY, USER], allDependsOn=[], allDependent=[AUTHORITY, USER]], SCOPEDCONTENTITEM=DependencyInfo[table=SCOPEDCONTENTITEM, directDependsOn=[SCOPEDCONTENTCONDITIONS_SCOPEDCONTENTITEM, SCOPEDCONTENT_SCOPEDCONTENTITEM], directDependent=[], allDependsOn=[SCOPEDCONTENT_SCOPEDCONTENTITEM, SCOPEDCONTENTCONDITIONS_SCOPEDCONTENTITEM], allDependent=[]], CAPTION=DependencyInfo[table=CAPTION, directDependsOn=[], directDependent=[], allDependsOn=[], allDependent=[]], SCOPEDCONTENTCONDITIONS_SCOPEDCONTENTITEM=DependencyInfo[table=SCOPEDCONTENTCONDITIONS_SCOPEDCONTENTITEM, directDependsOn=[], directDependent=[SCOPEDCONTENTCONDITION, SCOPEDCONTENTITEM], allDependsOn=[], allDependent=[SCOPEDCONTENTITEM, SCOPEDCONTENTCONDITION]], SCOPEDCONTENTCONDITION=DependencyInfo[table=SCOPEDCONTENTCONDITION, directDependsOn=[NESTEDSCOPEDCONTENTCONDITIONS, SCOPEDCONTENTCONDITIONATTRIBUTE, SCOPEDCONTENTCONDITIONS_SCOPEDCONTENT, SCOPEDCONTENTCONDITIONS_SCOPEDCONTENTITEM], directDependent=[], allDependsOn=[SCOPEDCONTENTCONDITIONS_SCOPEDCONTENTITEM, NESTEDSCOPEDCONTENTCONDITIONS, SCOPEDCONTENTCONDITIONATTRIBUTE, SCOPEDCONTENTCONDITIONS_SCOPEDCONTENT], allDependent=[]]}) - start
170383 [main] DEBUG org.dbunit.dataset.OrderedTableNameMap  - add(tableName=AUTHORITY, object=null) - start
170383 [main] DEBUG org.dbunit.dataset.OrderedTableNameMap  - getTableName(tableName=AUTHORITY) - start
170383 [main] DEBUG org.dbunit.dataset.OrderedTableNameMap  - getTableName(tableName=AUTHORITY) - end - result=AUTHORITY
170383 [main] DEBUG org.dbunit.dataset.OrderedTableNameMap  - getTableName(tableName=AUTHORITY) - start
170383 [main] DEBUG org.dbunit.dataset.OrderedTableNameMap  - getTableName(tableName=AUTHORITY) - end - result=AUTHORITY
170383 [main] DEBUG org.dbunit.dataset.OrderedTableNameMap  - add(tableName=CAPTION, object=null) - start
170383 [main] DEBUG org.dbunit.dataset.OrderedTableNameMap  - getTableName(tableName=CAPTION) - start
170383 [main] DEBUG org.dbunit.dataset.OrderedTableNameMap  - getTableName(tableName=CAPTION) - end - result=CAPTION
170383 [main] DEBUG org.dbunit.dataset.OrderedTableNameMap  - getTableName(tableName=CAPTION) - start
170383 [main] DEBUG org.dbunit.dataset.OrderedTableNameMap  - getTableName(tableName=CAPTION) - end - result=CAPTION
170383 [main] DEBUG org.dbunit.dataset.OrderedTableNameMap  - add(tableName=SCOPEDCONTENTCONDITION, object=null) - start
170383 [main] DEBUG org.dbunit.dataset.OrderedTableNameMap  - getTableName(tableName=SCOPEDCONTENTCONDITION) - start
170384 [main] DEBUG org.dbunit.dataset.OrderedTableNameMap  - getTableName(tableName=SCOPEDCONTENTCONDITION) - end - result=SCOPEDCONTENTCONDITION
170384 [main] DEBUG org.dbunit.dataset.OrderedTableNameMap  - getTableName(tableName=SCOPEDCONTENTCONDITION) - start
170384 [main] DEBUG org.dbunit.dataset.OrderedTableNameMap  - getTableName(tableName=SCOPEDCONTENTCONDITION) - end - result=SCOPEDCONTENTCONDITION
170384 [main] DEBUG org.dbunit.dataset.OrderedTableNameMap  - add(tableName=NESTEDSCOPEDCONTENTCONDITIONS, object=null) - start
170384 [main] DEBUG org.dbunit.dataset.OrderedTableNameMap  - getTableName(tableName=NESTEDSCOPEDCONTENTCONDITIONS) - start
170384 [main] DEBUG org.dbunit.dataset.OrderedTableNameMap  - getTableName(tableName=NESTEDSCOPEDCONTENTCONDITIONS) - end - result=NESTEDSCOPEDCONTENTCONDITIONS
170384 [main] DEBUG org.dbunit.dataset.OrderedTableNameMap  - getTableName(tableName=NESTEDSCOPEDCONTENTCONDITIONS) - start
170384 [main] DEBUG org.dbunit.dataset.OrderedTableNameMap  - getTableName(tableName=NESTEDSCOPEDCONTENTCONDITIONS) - end - result=NESTEDSCOPEDCONTENTCONDITIONS
170384 [main] DEBUG org.dbunit.dataset.OrderedTableNameMap  - add(tableName=REQUESTCONTEXT, object=null) - start
170384 [main] DEBUG org.dbunit.dataset.OrderedTableNameMap  - getTableName(tableName=REQUESTCONTEXT) - start
170384 [main] DEBUG org.dbunit.dataset.OrderedTableNameMap  - getTableName(tableName=REQUESTCONTEXT) - end - result=REQUESTCONTEXT
170384 [main] DEBUG org.dbunit.dataset.OrderedTableNameMap  - getTableName(tableName=REQUESTCONTEXT) - start
170384 [main] DEBUG org.dbunit.dataset.OrderedTableNameMap  - getTableName(tableName=REQUESTCONTEXT) - end - result=REQUESTCONTEXT
170385 [main] DEBUG org.dbunit.dataset.OrderedTableNameMap  - add(tableName=SCOPE, object=null) - start
170385 [main] DEBUG org.dbunit.dataset.OrderedTableNameMap  - getTableName(tableName=SCOPE) - start
170385 [main] DEBUG org.dbunit.dataset.OrderedTableNameMap  - getTableName(tableName=SCOPE) - end - result=SCOPE
170386 [main] DEBUG org.dbunit.dataset.OrderedTableNameMap  - getTableName(tableName=SCOPE) - start
170386 [main] DEBUG org.dbunit.dataset.OrderedTableNameMap  - getTableName(tableName=SCOPE) - end - result=SCOPE
170386 [main] DEBUG org.dbunit.dataset.OrderedTableNameMap  - add(tableName=SCOPEDCONTENT, object=null) - start
170386 [main] DEBUG org.dbunit.dataset.OrderedTableNameMap  - getTableName(tableName=SCOPEDCONTENT) - start
170386 [main] DEBUG org.dbunit.dataset.OrderedTableNameMap  - getTableName(tableName=SCOPEDCONTENT) - end - result=SCOPEDCONTENT
170386 [main] DEBUG org.dbunit.dataset.OrderedTableNameMap  - getTableName(tableName=SCOPEDCONTENT) - start
170386 [main] DEBUG org.dbunit.dataset.OrderedTableNameMap  - getTableName(tableName=SCOPEDCONTENT) - end - result=SCOPEDCONTENT
170386 [main] DEBUG org.dbunit.dataset.OrderedTableNameMap  - add(tableName=SCOPEDCONTENTCONDITIONATTRIBUTE, object=null) - start
170386 [main] DEBUG org.dbunit.dataset.OrderedTableNameMap  - getTableName(tableName=SCOPEDCONTENTCONDITIONATTRIBUTE) - start
170386 [main] DEBUG org.dbunit.dataset.OrderedTableNameMap  - getTableName(tableName=SCOPEDCONTENTCONDITIONATTRIBUTE) - end - result=SCOPEDCONTENTCONDITIONATTRIBUTE
170387 [main] DEBUG org.dbunit.dataset.OrderedTableNameMap  - getTableName(tableName=SCOPEDCONTENTCONDITIONATTRIBUTE) - start
170387 [main] DEBUG org.dbunit.dataset.OrderedTableNameMap  - getTableName(tableName=SCOPEDCONTENTCONDITIONATTRIBUTE) - end - result=SCOPEDCONTENTCONDITIONATTRIBUTE
170387 [main] DEBUG org.dbunit.dataset.OrderedTableNameMap  - add(tableName=SCOPEDCONTENTCONDITIONS_SCOPEDCONTENT, object=null) - start
170387 [main] DEBUG org.dbunit.dataset.OrderedTableNameMap  - getTableName(tableName=SCOPEDCONTENTCONDITIONS_SCOPEDCONTENT) - start
170387 [main] DEBUG org.dbunit.dataset.OrderedTableNameMap  - getTableName(tableName=SCOPEDCONTENTCONDITIONS_SCOPEDCONTENT) - end - result=SCOPEDCONTENTCONDITIONS_SCOPEDCONTENT
170387 [main] DEBUG org.dbunit.dataset.OrderedTableNameMap  - getTableName(tableName=SCOPEDCONTENTCONDITIONS_SCOPEDCONTENT) - start
170387 [main] DEBUG org.dbunit.dataset.OrderedTableNameMap  - getTableName(tableName=SCOPEDCONTENTCONDITIONS_SCOPEDCONTENT) - end - result=SCOPEDCONTENTCONDITIONS_SCOPEDCONTENT
170387 [main] DEBUG org.dbunit.dataset.OrderedTableNameMap  - add(tableName=SCOPEDCONTENTITEM, object=null) - start
170387 [main] DEBUG org.dbunit.dataset.OrderedTableNameMap  - getTableName(tableName=SCOPEDCONTENTITEM) - start
170387 [main] DEBUG org.dbunit.dataset.OrderedTableNameMap  - getTableName(tableName=SCOPEDCONTENTITEM) - end - result=SCOPEDCONTENTITEM
170387 [main] DEBUG org.dbunit.dataset.OrderedTableNameMap  - getTableName(tableName=SCOPEDCONTENTITEM) - start
170387 [main] DEBUG org.dbunit.dataset.OrderedTableNameMap  - getTableName(tableName=SCOPEDCONTENTITEM) - end - result=SCOPEDCONTENTITEM
170387 [main] DEBUG org.dbunit.dataset.OrderedTableNameMap  - add(tableName=SCOPEDCONTENTCONDITIONS_SCOPEDCONTENTITEM, object=null) - start
170388 [main] DEBUG org.dbunit.dataset.OrderedTableNameMap  - getTableName(tableName=SCOPEDCONTENTCONDITIONS_SCOPEDCONTENTITEM) - start
170388 [main] DEBUG org.dbunit.dataset.OrderedTableNameMap  - getTableName(tableName=SCOPEDCONTENTCONDITIONS_SCOPEDCONTENTITEM) - end - result=SCOPEDCONTENTCONDITIONS_SCOPEDCONTENTITEM
170388 [main] DEBUG org.dbunit.dataset.OrderedTableNameMap  - getTableName(tableName=SCOPEDCONTENTCONDITIONS_SCOPEDCONTENTITEM) - start
170388 [main] DEBUG org.dbunit.dataset.OrderedTableNameMap  - getTableName(tableName=SCOPEDCONTENTCONDITIONS_SCOPEDCONTENTITEM) - end - result=SCOPEDCONTENTCONDITIONS_SCOPEDCONTENTITEM
170388 [main] DEBUG org.dbunit.dataset.OrderedTableNameMap  - add(tableName=SCOPEDCONTENT_SCOPEDCONTENTITEM, object=null) - start
170388 [main] DEBUG org.dbunit.dataset.OrderedTableNameMap  - getTableName(tableName=SCOPEDCONTENT_SCOPEDCONTENTITEM) - start
170388 [main] DEBUG org.dbunit.dataset.OrderedTableNameMap  - getTableName(tableName=SCOPEDCONTENT_SCOPEDCONTENTITEM) - end - result=SCOPEDCONTENT_SCOPEDCONTENTITEM
170388 [main] DEBUG org.dbunit.dataset.OrderedTableNameMap  - getTableName(tableName=SCOPEDCONTENT_SCOPEDCONTENTITEM) - start
170388 [main] DEBUG org.dbunit.dataset.OrderedTableNameMap  - getTableName(tableName=SCOPEDCONTENT_SCOPEDCONTENTITEM) - end - result=SCOPEDCONTENT_SCOPEDCONTENTITEM
170388 [main] DEBUG org.dbunit.dataset.OrderedTableNameMap  - add(tableName=SCOPE_REQUESTCONTEXT, object=null) - start
170388 [main] DEBUG org.dbunit.dataset.OrderedTableNameMap  - getTableName(tableName=SCOPE_REQUESTCONTEXT) - start
170388 [main] DEBUG org.dbunit.dataset.OrderedTableNameMap  - getTableName(tableName=SCOPE_REQUESTCONTEXT) - end - result=SCOPE_REQUESTCONTEXT
170388 [main] DEBUG org.dbunit.dataset.OrderedTableNameMap  - getTableName(tableName=SCOPE_REQUESTCONTEXT) - start
170389 [main] DEBUG org.dbunit.dataset.OrderedTableNameMap  - getTableName(tableName=SCOPE_REQUESTCONTEXT) - end - result=SCOPE_REQUESTCONTEXT
170389 [main] DEBUG org.dbunit.dataset.OrderedTableNameMap  - add(tableName=USER, object=null) - start
170389 [main] DEBUG org.dbunit.dataset.OrderedTableNameMap  - getTableName(tableName=USER) - start
170389 [main] DEBUG org.dbunit.dataset.OrderedTableNameMap  - getTableName(tableName=USER) - end - result=USER
170389 [main] DEBUG org.dbunit.dataset.OrderedTableNameMap  - getTableName(tableName=USER) - start
170389 [main] DEBUG org.dbunit.dataset.OrderedTableNameMap  - getTableName(tableName=USER) - end - result=USER
170389 [main] DEBUG org.dbunit.dataset.OrderedTableNameMap  - add(tableName=USERS_AUTHORITIES, object=null) - start
170389 [main] DEBUG org.dbunit.dataset.OrderedTableNameMap  - getTableName(tableName=USERS_AUTHORITIES) - start
170389 [main] DEBUG org.dbunit.dataset.OrderedTableNameMap  - getTableName(tableName=USERS_AUTHORITIES) - end - result=USERS_AUTHORITIES
170389 [main] DEBUG org.dbunit.dataset.OrderedTableNameMap  - getTableName(tableName=USERS_AUTHORITIES) - start
170389 [main] DEBUG org.dbunit.dataset.OrderedTableNameMap  - getTableName(tableName=USERS_AUTHORITIES) - end - result=USERS_AUTHORITIES
170390 [main] DEBUG org.dbunit.dataset.Columns  - getColumns(columnNames=[], columns=[(key, UNKNOWN, nullableUnknown), (checkOrder, UNKNOWN, nullableUnknown), (className, UNKNOWN, nullableUnknown), (valuePath, UNKNOWN, nullableUnknown), (operator, UNKNOWN, nullableUnknown), (expectedValue, UNKNOWN, nullableUnknown), (expectedValueType, UNKNOWN, nullableUnknown), (scopedContentCondition, UNKNOWN, nullableUnknown), (id, UNKNOWN, nullableUnknown), (timeStamp, UNKNOWN, nullableUnknown)]) - start
170390 [main] DEBUG org.dbunit.dataset.Columns  - getColumns(columnNames=[], columns=[(key, UNKNOWN, nullableUnknown), (checkOrder, UNKNOWN, nullableUnknown), (className, UNKNOWN, nullableUnknown), (valuePath, UNKNOWN, nullableUnknown), (operator, UNKNOWN, nullableUnknown), (expectedValue, UNKNOWN, nullableUnknown), (expectedValueType, UNKNOWN, nullableUnknown), (scopedContentCondition, UNKNOWN, nullableUnknown), (id, UNKNOWN, nullableUnknown), (timeStamp, UNKNOWN, nullableUnknown)]) - start
170391 [main] DEBUG org.dbunit.dataset.Columns  - getColumns(columnNames=[], columns=[(path, UNKNOWN, nullableUnknown), (id, UNKNOWN, nullableUnknown), (timeStamp, UNKNOWN, nullableUnknown)]) - start
170391 [main] DEBUG org.dbunit.dataset.Columns  - getColumns(columnNames=[], columns=[(path, UNKNOWN, nullableUnknown), (id, UNKNOWN, nullableUnknown), (timeStamp, UNKNOWN, nullableUnknown)]) - start
170391 [main] DEBUG org.dbunit.dataset.Columns  - getColumns(columnNames=[], columns=[(tagName, UNKNOWN, nullableUnknown), (cssClass, UNKNOWN, nullableUnknown), (content, UNKNOWN, nullableUnknown), (type, UNKNOWN, nullableUnknown), (id, UNKNOWN, nullableUnknown), (timeStamp, UNKNOWN, nullableUnknown)]) - start
170391 [main] DEBUG org.dbunit.dataset.Columns  - getColumns(columnNames=[], columns=[(tagName, UNKNOWN, nullableUnknown), (cssClass, UNKNOWN, nullableUnknown), (content, UNKNOWN, nullableUnknown), (type, UNKNOWN, nullableUnknown), (id, UNKNOWN, nullableUnknown), (timeStamp, UNKNOWN, nullableUnknown)]) - start
170392 [main] DEBUG org.dbunit.dataset.Columns  - getColumns(columnNames=[], columns=[(name, UNKNOWN, nullableUnknown), (description, UNKNOWN, nullableUnknown), (scope, UNKNOWN, nullableUnknown), (id, UNKNOWN, nullableUnknown), (timeStamp, UNKNOWN, nullableUnknown)]) - start
170392 [main] DEBUG org.dbunit.dataset.Columns  - getColumns(columnNames=[], columns=[(name, UNKNOWN, nullableUnknown), (description, UNKNOWN, nullableUnknown), (scope, UNKNOWN, nullableUnknown), (id, UNKNOWN, nullableUnknown), (timeStamp, UNKNOWN, nullableUnknown)]) - start
170392 [main] DEBUG org.dbunit.dataset.Columns  - getColumns(columnNames=[], columns=[(name, UNKNOWN, nullableUnknown), (description, UNKNOWN, nullableUnknown), (id, UNKNOWN, nullableUnknown), (timeStamp, UNKNOWN, nullableUnknown)]) - start
170392 [main] DEBUG org.dbunit.dataset.Columns  - getColumns(columnNames=[], columns=[(name, UNKNOWN, nullableUnknown), (description, UNKNOWN, nullableUnknown), (id, UNKNOWN, nullableUnknown), (timeStamp, UNKNOWN, nullableUnknown)]) - start
170393 [main] DEBUG org.dbunit.dataset.Columns  - getColumns(columnNames=[], columns=[(name, UNKNOWN, nullableUnknown), (description, UNKNOWN, nullableUnknown), (operator, UNKNOWN, nullableUnknown), (id, UNKNOWN, nullableUnknown), (timeStamp, UNKNOWN, nullableUnknown)]) - start
170393 [main] DEBUG org.dbunit.dataset.Columns  - getColumns(columnNames=[], columns=[(name, UNKNOWN, nullableUnknown), (description, UNKNOWN, nullableUnknown), (operator, UNKNOWN, nullableUnknown), (id, UNKNOWN, nullableUnknown), (timeStamp, UNKNOWN, nullableUnknown)]) - start
170393 [main] DEBUG org.dbunit.dataset.Columns  - getColumns(columnNames=[], columns=[]) - start
170394 [main] DEBUG org.dbunit.dataset.Columns  - getColumns(columnNames=[], columns=[]) - start
170394 [main] DEBUG org.dbunit.dataset.Columns  - getColumns(columnNames=[], columns=[]) - start
170394 [main] DEBUG org.dbunit.dataset.Columns  - getColumns(columnNames=[], columns=[]) - start
170394 [main] DEBUG org.dbunit.dataset.Columns  - getColumns(columnNames=[], columns=[]) - start
170395 [main] DEBUG org.dbunit.dataset.Columns  - getColumns(columnNames=[], columns=[]) - start
170395 [main] DEBUG org.dbunit.dataset.Columns  - getColumns(columnNames=[], columns=[]) - start
170395 [main] DEBUG org.dbunit.dataset.Columns  - getColumns(columnNames=[], columns=[]) - start
170395 [main] DEBUG org.dbunit.dataset.Columns  - getColumns(columnNames=[], columns=[]) - start
170395 [main] DEBUG org.dbunit.dataset.CachedDataSet  - startTable(metaData=tableName=ScopedContentConditionAttribute, columns=[(key, UNKNOWN, nullableUnknown), (checkOrder, UNKNOWN, nullableUnknown), (className, UNKNOWN, nullableUnknown), (valuePath, UNKNOWN, nullableUnknown), (operator, UNKNOWN, nullableUnknown), (expectedValue, UNKNOWN, nullableUnknown), (expectedValueType, UNKNOWN, nullableUnknown), (scopedContentCondition, UNKNOWN, nullableUnknown), (id, UNKNOWN, nullableUnknown), (timeStamp, UNKNOWN, nullableUnknown)], keys=[]) - start
170395 [main] DEBUG org.dbunit.dataset.CachedDataSet  - row(values=0) - start
170395 [main] DEBUG org.dbunit.dataset.DefaultTable  - addRow(values=0) - start
170395 [main] DEBUG org.dbunit.dataset.CachedDataSet  - endTable() - start
170395 [main] DEBUG org.dbunit.dataset.OrderedTableNameMap  - getTableName(tableName=ScopedContentConditionAttribute) - start
170395 [main] DEBUG org.dbunit.dataset.OrderedTableNameMap  - getTableName(tableName=ScopedContentConditionAttribute) - end - result=SCOPEDCONTENTCONDITIONATTRIBUTE
170395 [main] DEBUG org.dbunit.dataset.OrderedTableNameMap  - add(tableName=ScopedContentConditionAttribute, object=org.dbunit.dataset.DefaultTable[_metaData=tableName=ScopedContentConditionAttribute, columns=[(key, UNKNOWN, nullableUnknown), (checkOrder, UNKNOWN, nullableUnknown), (className, UNKNOWN, nullableUnknown), (valuePath, UNKNOWN, nullableUnknown), (operator, UNKNOWN, nullableUnknown), (expectedValue, UNKNOWN, nullableUnknown), (expectedValueType, UNKNOWN, nullableUnknown), (scopedContentCondition, UNKNOWN, nullableUnknown), (id, UNKNOWN, nullableUnknown), (timeStamp, UNKNOWN, nullableUnknown)], keys=[], _rowList.size()=1]) - start
170396 [main] DEBUG org.dbunit.dataset.OrderedTableNameMap  - getTableName(tableName=ScopedContentConditionAttribute) - start
170396 [main] DEBUG org.dbunit.dataset.OrderedTableNameMap  - getTableName(tableName=ScopedContentConditionAttribute) - end - result=SCOPEDCONTENTCONDITIONATTRIBUTE
170396 [main] DEBUG org.dbunit.dataset.OrderedTableNameMap  - getTableName(tableName=SCOPEDCONTENTCONDITIONATTRIBUTE) - start
170396 [main] DEBUG org.dbunit.dataset.OrderedTableNameMap  - getTableName(tableName=SCOPEDCONTENTCONDITIONATTRIBUTE) - end - result=SCOPEDCONTENTCONDITIONATTRIBUTE
170396 [main] DEBUG org.dbunit.dataset.CachedDataSet  - startTable(metaData=tableName=RequestContext, columns=[(path, UNKNOWN, nullableUnknown), (id, UNKNOWN, nullableUnknown), (timeStamp, UNKNOWN, nullableUnknown)], keys=[]) - start
170396 [main] DEBUG org.dbunit.dataset.CachedDataSet  - row(values=5) - start
170396 [main] DEBUG org.dbunit.dataset.DefaultTable  - addRow(values=5) - start
170396 [main] DEBUG org.dbunit.dataset.CachedDataSet  - endTable() - start
170396 [main] DEBUG org.dbunit.dataset.OrderedTableNameMap  - getTableName(tableName=RequestContext) - start
170396 [main] DEBUG org.dbunit.dataset.OrderedTableNameMap  - getTableName(tableName=RequestContext) - end - result=REQUESTCONTEXT
170396 [main] DEBUG org.dbunit.dataset.OrderedTableNameMap  - add(tableName=RequestContext, object=org.dbunit.dataset.DefaultTable[_metaData=tableName=RequestContext, columns=[(path, UNKNOWN, nullableUnknown), (id, UNKNOWN, nullableUnknown), (timeStamp, UNKNOWN, nullableUnknown)], keys=[], _rowList.size()=1]) - start
170396 [main] DEBUG org.dbunit.dataset.OrderedTableNameMap  - getTableName(tableName=RequestContext) - start
170396 [main] DEBUG org.dbunit.dataset.OrderedTableNameMap  - getTableName(tableName=RequestContext) - end - result=REQUESTCONTEXT
170396 [main] DEBUG org.dbunit.dataset.OrderedTableNameMap  - getTableName(tableName=REQUESTCONTEXT) - start
170397 [main] DEBUG org.dbunit.dataset.OrderedTableNameMap  - getTableName(tableName=REQUESTCONTEXT) - end - result=REQUESTCONTEXT
170397 [main] DEBUG org.dbunit.dataset.CachedDataSet  - startTable(metaData=tableName=ScopedContentItem, columns=[(tagName, UNKNOWN, nullableUnknown), (cssClass, UNKNOWN, nullableUnknown), (content, UNKNOWN, nullableUnknown), (type, UNKNOWN, nullableUnknown), (id, UNKNOWN, nullableUnknown), (timeStamp, UNKNOWN, nullableUnknown)], keys=[]) - start
170397 [main] DEBUG org.dbunit.dataset.CachedDataSet  - row(values=6) - start
170397 [main] DEBUG org.dbunit.dataset.DefaultTable  - addRow(values=6) - start
170397 [main] DEBUG org.dbunit.dataset.CachedDataSet  - endTable() - start
170397 [main] DEBUG org.dbunit.dataset.OrderedTableNameMap  - getTableName(tableName=ScopedContentItem) - start
170397 [main] DEBUG org.dbunit.dataset.OrderedTableNameMap  - getTableName(tableName=ScopedContentItem) - end - result=SCOPEDCONTENTITEM
170397 [main] DEBUG org.dbunit.dataset.OrderedTableNameMap  - add(tableName=ScopedContentItem, object=org.dbunit.dataset.DefaultTable[_metaData=tableName=ScopedContentItem, columns=[(tagName, UNKNOWN, nullableUnknown), (cssClass, UNKNOWN, nullableUnknown), (content, UNKNOWN, nullableUnknown), (type, UNKNOWN, nullableUnknown), (id, UNKNOWN, nullableUnknown), (timeStamp, UNKNOWN, nullableUnknown)], keys=[], _rowList.size()=1]) - start
170397 [main] DEBUG org.dbunit.dataset.OrderedTableNameMap  - getTableName(tableName=ScopedContentItem) - start
170397 [main] DEBUG org.dbunit.dataset.OrderedTableNameMap  - getTableName(tableName=ScopedContentItem) - end - result=SCOPEDCONTENTITEM
170397 [main] DEBUG org.dbunit.dataset.OrderedTableNameMap  - getTableName(tableName=SCOPEDCONTENTITEM) - start
170397 [main] DEBUG org.dbunit.dataset.OrderedTableNameMap  - getTableName(tableName=SCOPEDCONTENTITEM) - end - result=SCOPEDCONTENTITEM
170397 [main] DEBUG org.dbunit.dataset.CachedDataSet  - startTable(metaData=tableName=ScopedContent, columns=[(name, UNKNOWN, nullableUnknown), (description, UNKNOWN, nullableUnknown), (scope, UNKNOWN, nullableUnknown), (id, UNKNOWN, nullableUnknown), (timeStamp, UNKNOWN, nullableUnknown)], keys=[]) - start
170397 [main] DEBUG org.dbunit.dataset.CachedDataSet  - row(values=9) - start
170397 [main] DEBUG org.dbunit.dataset.DefaultTable  - addRow(values=9) - start
170397 [main] DEBUG org.dbunit.dataset.CachedDataSet  - endTable() - start
170397 [main] DEBUG org.dbunit.dataset.OrderedTableNameMap  - getTableName(tableName=ScopedContent) - start
170397 [main] DEBUG org.dbunit.dataset.OrderedTableNameMap  - getTableName(tableName=ScopedContent) - end - result=SCOPEDCONTENT
170397 [main] DEBUG org.dbunit.dataset.OrderedTableNameMap  - add(tableName=ScopedContent, object=org.dbunit.dataset.DefaultTable[_metaData=tableName=ScopedContent, columns=[(name, UNKNOWN, nullableUnknown), (description, UNKNOWN, nullableUnknown), (scope, UNKNOWN, nullableUnknown), (id, UNKNOWN, nullableUnknown), (timeStamp, UNKNOWN, nullableUnknown)], keys=[], _rowList.size()=1]) - start
170397 [main] DEBUG org.dbunit.dataset.OrderedTableNameMap  - getTableName(tableName=ScopedContent) - start
170397 [main] DEBUG org.dbunit.dataset.OrderedTableNameMap  - getTableName(tableName=ScopedContent) - end - result=SCOPEDCONTENT
170397 [main] DEBUG org.dbunit.dataset.OrderedTableNameMap  - getTableName(tableName=SCOPEDCONTENT) - start
170397 [main] DEBUG org.dbunit.dataset.OrderedTableNameMap  - getTableName(tableName=SCOPEDCONTENT) - end - result=SCOPEDCONTENT
170397 [main] DEBUG org.dbunit.dataset.CachedDataSet  - startTable(metaData=tableName=Scope, columns=[(name, UNKNOWN, nullableUnknown), (description, UNKNOWN, nullableUnknown), (id, UNKNOWN, nullableUnknown), (timeStamp, UNKNOWN, nullableUnknown)], keys=[]) - start
170397 [main] DEBUG org.dbunit.dataset.CachedDataSet  - row(values=11) - start
170397 [main] DEBUG org.dbunit.dataset.DefaultTable  - addRow(values=11) - start
170397 [main] DEBUG org.dbunit.dataset.CachedDataSet  - endTable() - start
170398 [main] DEBUG org.dbunit.dataset.OrderedTableNameMap  - getTableName(tableName=Scope) - start
170398 [main] DEBUG org.dbunit.dataset.OrderedTableNameMap  - getTableName(tableName=Scope) - end - result=SCOPE
170398 [main] DEBUG org.dbunit.dataset.OrderedTableNameMap  - add(tableName=Scope, object=org.dbunit.dataset.DefaultTable[_metaData=tableName=Scope, columns=[(name, UNKNOWN, nullableUnknown), (description, UNKNOWN, nullableUnknown), (id, UNKNOWN, nullableUnknown), (timeStamp, UNKNOWN, nullableUnknown)], keys=[], _rowList.size()=1]) - start
170398 [main] DEBUG org.dbunit.dataset.OrderedTableNameMap  - getTableName(tableName=Scope) - start
170398 [main] DEBUG org.dbunit.dataset.OrderedTableNameMap  - getTableName(tableName=Scope) - end - result=SCOPE
170398 [main] DEBUG org.dbunit.dataset.OrderedTableNameMap  - getTableName(tableName=SCOPE) - start
170398 [main] DEBUG org.dbunit.dataset.OrderedTableNameMap  - getTableName(tableName=SCOPE) - end - result=SCOPE
170398 [main] DEBUG org.dbunit.dataset.CachedDataSet  - startTable(metaData=tableName=ScopedContentCondition, columns=[(name, UNKNOWN, nullableUnknown), (description, UNKNOWN, nullableUnknown), (operator, UNKNOWN, nullableUnknown), (id, UNKNOWN, nullableUnknown), (timeStamp, UNKNOWN, nullableUnknown)], keys=[]) - start
170398 [main] DEBUG org.dbunit.dataset.CachedDataSet  - row(values=13) - start
170398 [main] DEBUG org.dbunit.dataset.DefaultTable  - addRow(values=13) - start
170398 [main] DEBUG org.dbunit.dataset.CachedDataSet  - endTable() - start
170398 [main] DEBUG org.dbunit.dataset.OrderedTableNameMap  - getTableName(tableName=ScopedContentCondition) - start
170398 [main] DEBUG org.dbunit.dataset.OrderedTableNameMap  - getTableName(tableName=ScopedContentCondition) - end - result=SCOPEDCONTENTCONDITION
170398 [main] DEBUG org.dbunit.dataset.OrderedTableNameMap  - add(tableName=ScopedContentCondition, object=org.dbunit.dataset.DefaultTable[_metaData=tableName=ScopedContentCondition, columns=[(name, UNKNOWN, nullableUnknown), (description, UNKNOWN, nullableUnknown), (operator, UNKNOWN, nullableUnknown), (id, UNKNOWN, nullableUnknown), (timeStamp, UNKNOWN, nullableUnknown)], keys=[], _rowList.size()=1]) - start
170398 [main] DEBUG org.dbunit.dataset.OrderedTableNameMap  - getTableName(tableName=ScopedContentCondition) - start
170398 [main] DEBUG org.dbunit.dataset.OrderedTableNameMap  - getTableName(tableName=ScopedContentCondition) - end - result=SCOPEDCONTENTCONDITION
170398 [main] DEBUG org.dbunit.dataset.OrderedTableNameMap  - getTableName(tableName=SCOPEDCONTENTCONDITION) - start
170398 [main] DEBUG org.dbunit.dataset.OrderedTableNameMap  - getTableName(tableName=SCOPEDCONTENTCONDITION) - end - result=SCOPEDCONTENTCONDITION
170398 [main] DEBUG org.dbunit.dataset.CachedDataSet  - startTable(metaData=tableName=Authority, columns=[], keys=[]) - start
170398 [main] DEBUG org.dbunit.dataset.CachedDataSet  - endTable() - start
170398 [main] DEBUG org.dbunit.dataset.OrderedTableNameMap  - getTableName(tableName=Authority) - start
170398 [main] DEBUG org.dbunit.dataset.OrderedTableNameMap  - getTableName(tableName=Authority) - end - result=AUTHORITY
170398 [main] DEBUG org.dbunit.dataset.OrderedTableNameMap  - add(tableName=Authority, object=org.dbunit.dataset.DefaultTable[_metaData=tableName=Authority, columns=[], keys=[], _rowList.size()=0]) - start
170398 [main] DEBUG org.dbunit.dataset.OrderedTableNameMap  - getTableName(tableName=Authority) - start
170398 [main] DEBUG org.dbunit.dataset.OrderedTableNameMap  - getTableName(tableName=Authority) - end - result=AUTHORITY
170398 [main] DEBUG org.dbunit.dataset.OrderedTableNameMap  - getTableName(tableName=AUTHORITY) - start
170398 [main] DEBUG org.dbunit.dataset.OrderedTableNameMap  - getTableName(tableName=AUTHORITY) - end - result=AUTHORITY
170398 [main] DEBUG org.dbunit.dataset.CachedDataSet  - startTable(metaData=tableName=User, columns=[], keys=[]) - start
170399 [main] DEBUG org.dbunit.dataset.CachedDataSet  - endTable() - start
170399 [main] DEBUG org.dbunit.dataset.OrderedTableNameMap  - getTableName(tableName=User) - start
170399 [main] DEBUG org.dbunit.dataset.OrderedTableNameMap  - getTableName(tableName=User) - end - result=USER
170399 [main] DEBUG org.dbunit.dataset.OrderedTableNameMap  - add(tableName=User, object=org.dbunit.dataset.DefaultTable[_metaData=tableName=User, columns=[], keys=[], _rowList.size()=0]) - start
170399 [main] DEBUG org.dbunit.dataset.OrderedTableNameMap  - getTableName(tableName=User) - start
170399 [main] DEBUG org.dbunit.dataset.OrderedTableNameMap  - getTableName(tableName=User) - end - result=USER
170399 [main] DEBUG org.dbunit.dataset.OrderedTableNameMap  - getTableName(tableName=USER) - start
170399 [main] DEBUG org.dbunit.dataset.OrderedTableNameMap  - getTableName(tableName=USER) - end - result=USER
170399 [main] DEBUG org.dbunit.dataset.CachedDataSet  - startTable(metaData=tableName=Users_Authorities, columns=[], keys=[]) - start
170399 [main] DEBUG org.dbunit.dataset.CachedDataSet  - endTable() - start
170399 [main] DEBUG org.dbunit.dataset.OrderedTableNameMap  - getTableName(tableName=Users_Authorities) - start
170399 [main] DEBUG org.dbunit.dataset.OrderedTableNameMap  - getTableName(tableName=Users_Authorities) - end - result=USERS_AUTHORITIES
170399 [main] DEBUG org.dbunit.dataset.OrderedTableNameMap  - add(tableName=Users_Authorities, object=org.dbunit.dataset.DefaultTable[_metaData=tableName=Users_Authorities, columns=[], keys=[], _rowList.size()=0]) - start
170399 [main] DEBUG org.dbunit.dataset.OrderedTableNameMap  - getTableName(tableName=Users_Authorities) - start
170399 [main] DEBUG org.dbunit.dataset.OrderedTableNameMap  - getTableName(tableName=Users_Authorities) - end - result=USERS_AUTHORITIES
170399 [main] DEBUG org.dbunit.dataset.OrderedTableNameMap  - getTableName(tableName=USERS_AUTHORITIES) - start
170399 [main] DEBUG org.dbunit.dataset.OrderedTableNameMap  - getTableName(tableName=USERS_AUTHORITIES) - end - result=USERS_AUTHORITIES
170399 [main] DEBUG org.dbunit.dataset.CachedDataSet  - startTable(metaData=tableName=ScopedContent_ScopedContentItem, columns=[], keys=[]) - start
170399 [main] DEBUG org.dbunit.dataset.CachedDataSet  - endTable() - start
170399 [main] DEBUG org.dbunit.dataset.OrderedTableNameMap  - getTableName(tableName=ScopedContent_ScopedContentItem) - start
170399 [main] DEBUG org.dbunit.dataset.OrderedTableNameMap  - getTableName(tableName=ScopedContent_ScopedContentItem) - end - result=SCOPEDCONTENT_SCOPEDCONTENTITEM
170399 [main] DEBUG org.dbunit.dataset.OrderedTableNameMap  - add(tableName=ScopedContent_ScopedContentItem, object=org.dbunit.dataset.DefaultTable[_metaData=tableName=ScopedContent_ScopedContentItem, columns=[], keys=[], _rowList.size()=0]) - start
170399 [main] DEBUG org.dbunit.dataset.OrderedTableNameMap  - getTableName(tableName=ScopedContent_ScopedContentItem) - start
170399 [main] DEBUG org.dbunit.dataset.OrderedTableNameMap  - getTableName(tableName=ScopedContent_ScopedContentItem) - end - result=SCOPEDCONTENT_SCOPEDCONTENTITEM
170399 [main] DEBUG org.dbunit.dataset.OrderedTableNameMap  - getTableName(tableName=SCOPEDCONTENT_SCOPEDCONTENTITEM) - start
170399 [main] DEBUG org.dbunit.dataset.OrderedTableNameMap  - getTableName(tableName=SCOPEDCONTENT_SCOPEDCONTENTITEM) - end - result=SCOPEDCONTENT_SCOPEDCONTENTITEM
170399 [main] DEBUG org.dbunit.dataset.CachedDataSet  - startTable(metaData=tableName=Scope_RequestContext, columns=[], keys=[]) - start
170400 [main] DEBUG org.dbunit.dataset.CachedDataSet  - endTable() - start
170400 [main] DEBUG org.dbunit.dataset.OrderedTableNameMap  - getTableName(tableName=Scope_RequestContext) - start
170400 [main] DEBUG org.dbunit.dataset.OrderedTableNameMap  - getTableName(tableName=Scope_RequestContext) - end - result=SCOPE_REQUESTCONTEXT
170400 [main] DEBUG org.dbunit.dataset.OrderedTableNameMap  - add(tableName=Scope_RequestContext, object=org.dbunit.dataset.DefaultTable[_metaData=tableName=Scope_RequestContext, columns=[], keys=[], _rowList.size()=0]) - start
170400 [main] DEBUG org.dbunit.dataset.OrderedTableNameMap  - getTableName(tableName=Scope_RequestContext) - start
170400 [main] DEBUG org.dbunit.dataset.OrderedTableNameMap  - getTableName(tableName=Scope_RequestContext) - end - result=SCOPE_REQUESTCONTEXT
170400 [main] DEBUG org.dbunit.dataset.OrderedTableNameMap  - getTableName(tableName=SCOPE_REQUESTCONTEXT) - start
170400 [main] DEBUG org.dbunit.dataset.OrderedTableNameMap  - getTableName(tableName=SCOPE_REQUESTCONTEXT) - end - result=SCOPE_REQUESTCONTEXT
170400 [main] DEBUG org.dbunit.dataset.CachedDataSet  - startTable(metaData=tableName=Caption, columns=[], keys=[]) - start
170400 [main] DEBUG org.dbunit.dataset.CachedDataSet  - endTable() - start
170400 [main] DEBUG org.dbunit.dataset.OrderedTableNameMap  - getTableName(tableName=Caption) - start
170400 [main] DEBUG org.dbunit.dataset.OrderedTableNameMap  - getTableName(tableName=Caption) - end - result=CAPTION
170400 [main] DEBUG org.dbunit.dataset.OrderedTableNameMap  - add(tableName=Caption, object=org.dbunit.dataset.DefaultTable[_metaData=tableName=Caption, columns=[], keys=[], _rowList.size()=0]) - start
170400 [main] DEBUG org.dbunit.dataset.OrderedTableNameMap  - getTableName(tableName=Caption) - start
170400 [main] DEBUG org.dbunit.dataset.OrderedTableNameMap  - getTableName(tableName=Caption) - end - result=CAPTION
170400 [main] DEBUG org.dbunit.dataset.OrderedTableNameMap  - getTableName(tableName=CAPTION) - start
170400 [main] DEBUG org.dbunit.dataset.OrderedTableNameMap  - getTableName(tableName=CAPTION) - end - result=CAPTION
170400 [main] DEBUG org.dbunit.dataset.CachedDataSet  - startTable(metaData=tableName=ScopedContentConditions_ScopedContent, columns=[], keys=[]) - start
170400 [main] DEBUG org.dbunit.dataset.CachedDataSet  - endTable() - start
170400 [main] DEBUG org.dbunit.dataset.OrderedTableNameMap  - getTableName(tableName=ScopedContentConditions_ScopedContent) - start
170400 [main] DEBUG org.dbunit.dataset.OrderedTableNameMap  - getTableName(tableName=ScopedContentConditions_ScopedContent) - end - result=SCOPEDCONTENTCONDITIONS_SCOPEDCONTENT
170400 [main] DEBUG org.dbunit.dataset.OrderedTableNameMap  - add(tableName=ScopedContentConditions_ScopedContent, object=org.dbunit.dataset.DefaultTable[_metaData=tableName=ScopedContentConditions_ScopedContent, columns=[], keys=[], _rowList.size()=0]) - start
170400 [main] DEBUG org.dbunit.dataset.OrderedTableNameMap  - getTableName(tableName=ScopedContentConditions_ScopedContent) - start
170400 [main] DEBUG org.dbunit.dataset.OrderedTableNameMap  - getTableName(tableName=ScopedContentConditions_ScopedContent) - end - result=SCOPEDCONTENTCONDITIONS_SCOPEDCONTENT
170400 [main] DEBUG org.dbunit.dataset.OrderedTableNameMap  - getTableName(tableName=SCOPEDCONTENTCONDITIONS_SCOPEDCONTENT) - start
170400 [main] DEBUG org.dbunit.dataset.OrderedTableNameMap  - getTableName(tableName=SCOPEDCONTENTCONDITIONS_SCOPEDCONTENT) - end - result=SCOPEDCONTENTCONDITIONS_SCOPEDCONTENT
170401 [main] DEBUG org.dbunit.dataset.CachedDataSet  - startTable(metaData=tableName=ScopedContentConditions_ScopedContentItem, columns=[], keys=[]) - start
170401 [main] DEBUG org.dbunit.dataset.CachedDataSet  - endTable() - start
170401 [main] DEBUG org.dbunit.dataset.OrderedTableNameMap  - getTableName(tableName=ScopedContentConditions_ScopedContentItem) - start
170401 [main] DEBUG org.dbunit.dataset.OrderedTableNameMap  - getTableName(tableName=ScopedContentConditions_ScopedContentItem) - end - result=SCOPEDCONTENTCONDITIONS_SCOPEDCONTENTITEM
170401 [main] DEBUG org.dbunit.dataset.OrderedTableNameMap  - add(tableName=ScopedContentConditions_ScopedContentItem, object=org.dbunit.dataset.DefaultTable[_metaData=tableName=ScopedContentConditions_ScopedContentItem, columns=[], keys=[], _rowList.size()=0]) - start
170401 [main] DEBUG org.dbunit.dataset.OrderedTableNameMap  - getTableName(tableName=ScopedContentConditions_ScopedContentItem) - start
170401 [main] DEBUG org.dbunit.dataset.OrderedTableNameMap  - getTableName(tableName=ScopedContentConditions_ScopedContentItem) - end - result=SCOPEDCONTENTCONDITIONS_SCOPEDCONTENTITEM
170401 [main] DEBUG org.dbunit.dataset.OrderedTableNameMap  - getTableName(tableName=SCOPEDCONTENTCONDITIONS_SCOPEDCONTENTITEM) - start
170401 [main] DEBUG org.dbunit.dataset.OrderedTableNameMap  - getTableName(tableName=SCOPEDCONTENTCONDITIONS_SCOPEDCONTENTITEM) - end - result=SCOPEDCONTENTCONDITIONS_SCOPEDCONTENTITEM
170401 [main] DEBUG org.dbunit.dataset.CachedDataSet  - startTable(metaData=tableName=NestedScopedContentConditions, columns=[], keys=[]) - start
170401 [main] DEBUG org.dbunit.dataset.CachedDataSet  - endTable() - start
170401 [main] DEBUG org.dbunit.dataset.OrderedTableNameMap  - getTableName(tableName=NestedScopedContentConditions) - start
170401 [main] DEBUG org.dbunit.dataset.OrderedTableNameMap  - getTableName(tableName=NestedScopedContentConditions) - end - result=NESTEDSCOPEDCONTENTCONDITIONS
170401 [main] DEBUG org.dbunit.dataset.OrderedTableNameMap  - add(tableName=NestedScopedContentConditions, object=org.dbunit.dataset.DefaultTable[_metaData=tableName=NestedScopedContentConditions, columns=[], keys=[], _rowList.size()=0]) - start
170401 [main] DEBUG org.dbunit.dataset.OrderedTableNameMap  - getTableName(tableName=NestedScopedContentConditions) - start
170401 [main] DEBUG org.dbunit.dataset.OrderedTableNameMap  - getTableName(tableName=NestedScopedContentConditions) - end - result=NESTEDSCOPEDCONTENTCONDITIONS
170401 [main] DEBUG org.dbunit.dataset.OrderedTableNameMap  - getTableName(tableName=NESTEDSCOPEDCONTENTCONDITIONS) - start
170401 [main] DEBUG org.dbunit.dataset.OrderedTableNameMap  - getTableName(tableName=NESTEDSCOPEDCONTENTCONDITIONS) - end - result=NESTEDSCOPEDCONTENTCONDITIONS
170401 [main] DEBUG org.dbunit.dataset.CachedDataSet  - endDataSet() - start
170401 [main] DEBUG org.dbunit.dataset.CachedDataSet  - endDataSet() - the final tableMap is: org.dbunit.dataset.OrderedTableNameMap[_tableNames=[ScopedContentConditionAttribute, RequestContext, ScopedContentItem, ScopedContent, Scope, ScopedContentCondition, Authority, User, Users_Authorities, ScopedContent_ScopedContentItem, Scope_RequestContext, Caption, ScopedContentConditions_ScopedContent, ScopedContentConditions_ScopedContentItem, NestedScopedContentConditions], _tableMap={SCOPE_REQUESTCONTEXT=org.dbunit.dataset.DefaultTable[_metaData=tableName=Scope_RequestContext, columns=[], keys=[], _rowList.size()=0], NESTEDSCOPEDCONTENTCONDITIONS=org.dbunit.dataset.DefaultTable[_metaData=tableName=NestedScopedContentConditions, columns=[], keys=[], _rowList.size()=0], SCOPE=org.dbunit.dataset.DefaultTable[_metaData=tableName=Scope, columns=[(name, UNKNOWN, nullableUnknown), (description, UNKNOWN, nullableUnknown), (id, UNKNOWN, nullableUnknown), (timeStamp, UNKNOWN, nullableUnknown)], keys=[], _rowList.size()=1], SCOPEDCONTENT_SCOPEDCONTENTITEM=org.dbunit.dataset.DefaultTable[_metaData=tableName=ScopedContent_ScopedContentItem, columns=[], keys=[], _rowList.size()=0], SCOPEDCONTENTCONDITIONATTRIBUTE=org.dbunit.dataset.DefaultTable[_metaData=tableName=ScopedContentConditionAttribute, columns=[(key, UNKNOWN, nullableUnknown), (checkOrder, UNKNOWN, nullableUnknown), (className, UNKNOWN, nullableUnknown), (valuePath, UNKNOWN, nullableUnknown), (operator, UNKNOWN, nullableUnknown), (expectedValue, UNKNOWN, nullableUnknown), (expectedValueType, UNKNOWN, nullableUnknown), (scopedContentCondition, UNKNOWN, nullableUnknown), (id, UNKNOWN, nullableUnknown), (timeStamp, UNKNOWN, nullableUnknown)], keys=[], _rowList.size()=1], SCOPEDCONTENTCONDITIONS_SCOPEDCONTENT=org.dbunit.dataset.DefaultTable[_metaData=tableName=ScopedContentConditions_ScopedContent, columns=[], keys=[], _rowList.size()=0], USER=org.dbunit.dataset.DefaultTable[_metaData=tableName=User, columns=[], keys=[], _rowList.size()=0], SCOPEDCONTENT=org.dbunit.dataset.DefaultTable[_metaData=tableName=ScopedContent, columns=[(name, UNKNOWN, nullableUnknown), (description, UNKNOWN, nullableUnknown), (scope, UNKNOWN, nullableUnknown), (id, UNKNOWN, nullableUnknown), (timeStamp, UNKNOWN, nullableUnknown)], keys=[], _rowList.size()=1], REQUESTCONTEXT=org.dbunit.dataset.DefaultTable[_metaData=tableName=RequestContext, columns=[(path, UNKNOWN, nullableUnknown), (id, UNKNOWN, nullableUnknown), (timeStamp, UNKNOWN, nullableUnknown)], keys=[], _rowList.size()=1], AUTHORITY=org.dbunit.dataset.DefaultTable[_metaData=tableName=Authority, columns=[], keys=[], _rowList.size()=0], USERS_AUTHORITIES=org.dbunit.dataset.DefaultTable[_metaData=tableName=Users_Authorities, columns=[], keys=[], _rowList.size()=0], SCOPEDCONTENTITEM=org.dbunit.dataset.DefaultTable[_metaData=tableName=ScopedContentItem, columns=[(tagName, UNKNOWN, nullableUnknown), (cssClass, UNKNOWN, nullableUnknown), (content, UNKNOWN, nullableUnknown), (type, UNKNOWN, nullableUnknown), (id, UNKNOWN, nullableUnknown), (timeStamp, UNKNOWN, nullableUnknown)], keys=[], _rowList.size()=1], CAPTION=org.dbunit.dataset.DefaultTable[_metaData=tableName=Caption, columns=[], keys=[], _rowList.size()=0], SCOPEDCONTENTCONDITIONS_SCOPEDCONTENTITEM=org.dbunit.dataset.DefaultTable[_metaData=tableName=ScopedContentConditions_ScopedContentItem, columns=[], keys=[], _rowList.size()=0], SCOPEDCONTENTCONDITION=org.dbunit.dataset.DefaultTable[_metaData=tableName=ScopedContentCondition, columns=[(name, UNKNOWN, nullableUnknown), (description, UNKNOWN, nullableUnknown), (operator, UNKNOWN, nullableUnknown), (id, UNKNOWN, nullableUnknown), (timeStamp, UNKNOWN, nullableUnknown)], keys=[], _rowList.size()=1]}, _caseSensitiveTableNames=false]
170403 [main] DEBUG org.dbunit.operation.CompositeOperation  - execute(connection=_databaseConfig=org.dbunit.database.DatabaseConfig[, _propertyMap={http://www.dbunit.org/properties/statementFactory=org.dbunit.database.statement.PreparedStatementFactory@626bc2b8, http://www.dbunit.org/features/caseSensitiveTableNames=false, http://www.dbunit.org/properties/fetchSize=100, http://www.dbunit.org/features/batchedStatements=false, http://www.dbunit.org/properties/metadataHandler=org.dbunit.database.DefaultMetadataHandler@62baffef, http://www.dbunit.org/properties/datatypeFactory=org.dbunit.dataset.datatype.DefaultDataTypeFactory[_toleratedDeltaMap=org.dbunit.dataset.datatype.ToleratedDeltaMap@6452310a], http://www.dbunit.org/properties/escapePattern=null, http://www.dbunit.org/properties/batchSize=100, http://www.dbunit.org/features/qualifiedTableNames=false, http://www.dbunit.org/properties/tableType=[Ljava.lang.String;@5011bafa, http://www.dbunit.org/properties/resultSetTableFactory=org.dbunit.database.CachedResultSetTableFactory@10bcf083, http://www.dbunit.org/features/datatypeWarning=true}], _dataSet=AbstractDataSet[_orderedTableNameMap=null], , dataSet=AbstractDataSet[_orderedTableNameMap=null]) - start
170403 [main] DEBUG org.dbunit.operation.DeleteAllOperation  - execute(connection=_databaseConfig=org.dbunit.database.DatabaseConfig[, _propertyMap={http://www.dbunit.org/properties/statementFactory=org.dbunit.database.statement.PreparedStatementFactory@626bc2b8, http://www.dbunit.org/features/caseSensitiveTableNames=false, http://www.dbunit.org/properties/fetchSize=100, http://www.dbunit.org/features/batchedStatements=false, http://www.dbunit.org/properties/metadataHandler=org.dbunit.database.DefaultMetadataHandler@62baffef, http://www.dbunit.org/properties/datatypeFactory=org.dbunit.dataset.datatype.DefaultDataTypeFactory[_toleratedDeltaMap=org.dbunit.dataset.datatype.ToleratedDeltaMap@6452310a], http://www.dbunit.org/properties/escapePattern=null, http://www.dbunit.org/properties/batchSize=100, http://www.dbunit.org/features/qualifiedTableNames=false, http://www.dbunit.org/properties/tableType=[Ljava.lang.String;@5011bafa, http://www.dbunit.org/properties/resultSetTableFactory=org.dbunit.database.CachedResultSetTableFactory@10bcf083, http://www.dbunit.org/features/datatypeWarning=true}], _dataSet=AbstractDataSet[_orderedTableNameMap=null], dataSet=AbstractDataSet[_orderedTableNameMap=null]) - start
170403 [main] DEBUG org.dbunit.database.AbstractDatabaseConnection  - createDataSet() - start
170403 [main] TRACE org.dbunit.database.DatabaseConfig  - getProperty(name=http://www.dbunit.org/properties/statementFactory) - start
170403 [main] DEBUG org.dbunit.database.statement.PreparedStatementFactory  - createBatchStatement(connection=_databaseConfig=org.dbunit.database.DatabaseConfig[, _propertyMap={http://www.dbunit.org/properties/statementFactory=org.dbunit.database.statement.PreparedStatementFactory@626bc2b8, http://www.dbunit.org/features/caseSensitiveTableNames=false, http://www.dbunit.org/properties/fetchSize=100, http://www.dbunit.org/features/batchedStatements=false, http://www.dbunit.org/properties/metadataHandler=org.dbunit.database.DefaultMetadataHandler@62baffef, http://www.dbunit.org/properties/datatypeFactory=org.dbunit.dataset.datatype.DefaultDataTypeFactory[_toleratedDeltaMap=org.dbunit.dataset.datatype.ToleratedDeltaMap@6452310a], http://www.dbunit.org/properties/escapePattern=null, http://www.dbunit.org/properties/batchSize=100, http://www.dbunit.org/features/qualifiedTableNames=false, http://www.dbunit.org/properties/tableType=[Ljava.lang.String;@5011bafa, http://www.dbunit.org/properties/resultSetTableFactory=org.dbunit.database.CachedResultSetTableFactory@10bcf083, http://www.dbunit.org/features/datatypeWarning=true}], _dataSet=AbstractDataSet[_orderedTableNameMap=null]) - start
170403 [main] DEBUG org.dbunit.database.statement.AbstractStatementFactory  - supportBatchStatement(connection=_databaseConfig=org.dbunit.database.DatabaseConfig[, _propertyMap={http://www.dbunit.org/properties/statementFactory=org.dbunit.database.statement.PreparedStatementFactory@626bc2b8, http://www.dbunit.org/features/caseSensitiveTableNames=false, http://www.dbunit.org/properties/fetchSize=100, http://www.dbunit.org/features/batchedStatements=false, http://www.dbunit.org/properties/metadataHandler=org.dbunit.database.DefaultMetadataHandler@62baffef, http://www.dbunit.org/properties/datatypeFactory=org.dbunit.dataset.datatype.DefaultDataTypeFactory[_toleratedDeltaMap=org.dbunit.dataset.datatype.ToleratedDeltaMap@6452310a], http://www.dbunit.org/properties/escapePattern=null, http://www.dbunit.org/properties/batchSize=100, http://www.dbunit.org/features/qualifiedTableNames=false, http://www.dbunit.org/properties/tableType=[Ljava.lang.String;@5011bafa, http://www.dbunit.org/properties/resultSetTableFactory=org.dbunit.database.CachedResultSetTableFactory@10bcf083, http://www.dbunit.org/features/datatypeWarning=true}], _dataSet=AbstractDataSet[_orderedTableNameMap=null]) - start
170403 [main] TRACE org.dbunit.database.DatabaseConfig  - getFeature(name=http://www.dbunit.org/features/batchedStatements) - start
170403 [main] TRACE org.dbunit.database.DatabaseConfig  - getProperty(name=http://www.dbunit.org/features/batchedStatements) - start
170403 [main] DEBUG org.dbunit.database.DatabaseDataSourceConnection  - getConnection() - start
170403 [main] DEBUG org.dbunit.dataset.AbstractDataSet  - iterator() - start
170403 [main] DEBUG org.dbunit.dataset.FilteredDataSet  - createIterator(reversed=false) - start
170403 [main] DEBUG org.dbunit.dataset.filter.SequenceTableFilter  - iterator(dataSet=AbstractDataSet[_orderedTableNameMap=null], reversed=false) - start
170403 [main] DEBUG org.dbunit.dataset.filter.SequenceTableFilter  - getTableNames(dataSet=AbstractDataSet[_orderedTableNameMap=null]) - start
170403 [main] DEBUG org.dbunit.dataset.AbstractDataSet  - getTableMetaData(tableName=AUTHORITY) - start
170403 [main] DEBUG org.dbunit.dataset.AbstractDataSet  - getTable(tableName=AUTHORITY) - start
170403 [main] DEBUG org.dbunit.dataset.AbstractDataSet  - initialize() - start
170403 [main] DEBUG org.dbunit.dataset.CachedDataSet  - createIterator(reversed=false) - start
170403 [main] DEBUG org.dbunit.dataset.OrderedTableNameMap  - orderedValues() - start
170403 [main] DEBUG org.dbunit.dataset.OrderedTableNameMap  - getTableName(tableName=ScopedContentConditionAttribute) - start
170403 [main] DEBUG org.dbunit.dataset.OrderedTableNameMap  - getTableName(tableName=ScopedContentConditionAttribute) - end - result=SCOPEDCONTENTCONDITIONATTRIBUTE
170403 [main] DEBUG org.dbunit.dataset.OrderedTableNameMap  - getTableName(tableName=RequestContext) - start
170404 [main] DEBUG org.dbunit.dataset.OrderedTableNameMap  - getTableName(tableName=RequestContext) - end - result=REQUESTCONTEXT
170404 [main] DEBUG org.dbunit.dataset.OrderedTableNameMap  - getTableName(tableName=ScopedContentItem) - start
170404 [main] DEBUG org.dbunit.dataset.OrderedTableNameMap  - getTableName(tableName=ScopedContentItem) - end - result=SCOPEDCONTENTITEM
170404 [main] DEBUG org.dbunit.dataset.OrderedTableNameMap  - getTableName(tableName=ScopedContent) - start
170404 [main] DEBUG org.dbunit.dataset.OrderedTableNameMap  - getTableName(tableName=ScopedContent) - end - result=SCOPEDCONTENT
170404 [main] DEBUG org.dbunit.dataset.OrderedTableNameMap  - getTableName(tableName=Scope) - start
170404 [main] DEBUG org.dbunit.dataset.OrderedTableNameMap  - getTableName(tableName=Scope) - end - result=SCOPE
170404 [main] DEBUG org.dbunit.dataset.OrderedTableNameMap  - getTableName(tableName=ScopedContentCondition) - start
170404 [main] DEBUG org.dbunit.dataset.OrderedTableNameMap  - getTableName(tableName=ScopedContentCondition) - end - result=SCOPEDCONTENTCONDITION
170404 [main] DEBUG org.dbunit.dataset.OrderedTableNameMap  - getTableName(tableName=Authority) - start
170404 [main] DEBUG org.dbunit.dataset.OrderedTableNameMap  - getTableName(tableName=Authority) - end - result=AUTHORITY
170404 [main] DEBUG org.dbunit.dataset.OrderedTableNameMap  - getTableName(tableName=User) - start
170404 [main] DEBUG org.dbunit.dataset.OrderedTableNameMap  - getTableName(tableName=User) - end - result=USER
170404 [main] DEBUG org.dbunit.dataset.OrderedTableNameMap  - getTableName(tableName=Users_Authorities) - start
170404 [main] DEBUG org.dbunit.dataset.OrderedTableNameMap  - getTableName(tableName=Users_Authorities) - end - result=USERS_AUTHORITIES
170404 [main] DEBUG org.dbunit.dataset.OrderedTableNameMap  - getTableName(tableName=ScopedContent_ScopedContentItem) - start
170404 [main] DEBUG org.dbunit.dataset.OrderedTableNameMap  - getTableName(tableName=ScopedContent_ScopedContentItem) - end - result=SCOPEDCONTENT_SCOPEDCONTENTITEM
170404 [main] DEBUG org.dbunit.dataset.OrderedTableNameMap  - getTableName(tableName=Scope_RequestContext) - start
170404 [main] DEBUG org.dbunit.dataset.OrderedTableNameMap  - getTableName(tableName=Scope_RequestContext) - end - result=SCOPE_REQUESTCONTEXT
170404 [main] DEBUG org.dbunit.dataset.OrderedTableNameMap  - getTableName(tableName=Caption) - start
170404 [main] DEBUG org.dbunit.dataset.OrderedTableNameMap  - getTableName(tableName=Caption) - end - result=CAPTION
170404 [main] DEBUG org.dbunit.dataset.OrderedTableNameMap  - getTableName(tableName=ScopedContentConditions_ScopedContent) - start
170404 [main] DEBUG org.dbunit.dataset.OrderedTableNameMap  - getTableName(tableName=ScopedContentConditions_ScopedContent) - end - result=SCOPEDCONTENTCONDITIONS_SCOPEDCONTENT
170404 [main] DEBUG org.dbunit.dataset.OrderedTableNameMap  - getTableName(tableName=ScopedContentConditions_ScopedContentItem) - start
170404 [main] DEBUG org.dbunit.dataset.OrderedTableNameMap  - getTableName(tableName=ScopedContentConditions_ScopedContentItem) - end - result=SCOPEDCONTENTCONDITIONS_SCOPEDCONTENTITEM
170404 [main] DEBUG org.dbunit.dataset.OrderedTableNameMap  - getTableName(tableName=NestedScopedContentConditions) - start
170404 [main] DEBUG org.dbunit.dataset.OrderedTableNameMap  - getTableName(tableName=NestedScopedContentConditions) - end - result=NESTEDSCOPEDCONTENTCONDITIONS
170405 [main] DEBUG org.dbunit.dataset.DefaultTableIterator  - getTable() - start
170405 [main] DEBUG org.dbunit.dataset.OrderedTableNameMap  - add(tableName=ScopedContentConditionAttribute, object=org.dbunit.dataset.DefaultTable[_metaData=tableName=ScopedContentConditionAttribute, columns=[(key, UNKNOWN, nullableUnknown), (checkOrder, UNKNOWN, nullableUnknown), (className, UNKNOWN, nullableUnknown), (valuePath, UNKNOWN, nullableUnknown), (operator, UNKNOWN, nullableUnknown), (expectedValue, UNKNOWN, nullableUnknown), (expectedValueType, UNKNOWN, nullableUnknown), (scopedContentCondition, UNKNOWN, nullableUnknown), (id, UNKNOWN, nullableUnknown), (timeStamp, UNKNOWN, nullableUnknown)], keys=[], _rowList.size()=1]) - start
170405 [main] DEBUG org.dbunit.dataset.OrderedTableNameMap  - getTableName(tableName=ScopedContentConditionAttribute) - start
170405 [main] DEBUG org.dbunit.dataset.OrderedTableNameMap  - getTableName(tableName=ScopedContentConditionAttribute) - end - result=SCOPEDCONTENTCONDITIONATTRIBUTE
170405 [main] DEBUG org.dbunit.dataset.OrderedTableNameMap  - getTableName(tableName=SCOPEDCONTENTCONDITIONATTRIBUTE) - start
170405 [main] DEBUG org.dbunit.dataset.OrderedTableNameMap  - getTableName(tableName=SCOPEDCONTENTCONDITIONATTRIBUTE) - end - result=SCOPEDCONTENTCONDITIONATTRIBUTE
170406 [main] DEBUG org.dbunit.dataset.DefaultTableIterator  - getTable() - start
170406 [main] DEBUG org.dbunit.dataset.OrderedTableNameMap  - add(tableName=RequestContext, object=org.dbunit.dataset.DefaultTable[_metaData=tableName=RequestContext, columns=[(path, UNKNOWN, nullableUnknown), (id, UNKNOWN, nullableUnknown), (timeStamp, UNKNOWN, nullableUnknown)], keys=[], _rowList.size()=1]) - start
170406 [main] DEBUG org.dbunit.dataset.OrderedTableNameMap  - getTableName(tableName=RequestContext) - start
170406 [main] DEBUG org.dbunit.dataset.OrderedTableNameMap  - getTableName(tableName=RequestContext) - end - result=REQUESTCONTEXT
170406 [main] DEBUG org.dbunit.dataset.OrderedTableNameMap  - getTableName(tableName=REQUESTCONTEXT) - start
170406 [main] DEBUG org.dbunit.dataset.OrderedTableNameMap  - getTableName(tableName=REQUESTCONTEXT) - end - result=REQUESTCONTEXT
170406 [main] DEBUG org.dbunit.dataset.DefaultTableIterator  - getTable() - start
170406 [main] DEBUG org.dbunit.dataset.OrderedTableNameMap  - add(tableName=ScopedContentItem, object=org.dbunit.dataset.DefaultTable[_metaData=tableName=ScopedContentItem, columns=[(tagName, UNKNOWN, nullableUnknown), (cssClass, UNKNOWN, nullableUnknown), (content, UNKNOWN, nullableUnknown), (type, UNKNOWN, nullableUnknown), (id, UNKNOWN, nullableUnknown), (timeStamp, UNKNOWN, nullableUnknown)], keys=[], _rowList.size()=1]) - start
170406 [main] DEBUG org.dbunit.dataset.OrderedTableNameMap  - getTableName(tableName=ScopedContentItem) - start
170407 [main] DEBUG org.dbunit.dataset.OrderedTableNameMap  - getTableName(tableName=ScopedContentItem) - end - result=SCOPEDCONTENTITEM
170407 [main] DEBUG org.dbunit.dataset.OrderedTableNameMap  - getTableName(tableName=SCOPEDCONTENTITEM) - start
170407 [main] DEBUG org.dbunit.dataset.OrderedTableNameMap  - getTableName(tableName=SCOPEDCONTENTITEM) - end - result=SCOPEDCONTENTITEM
170410 [main] DEBUG org.dbunit.dataset.DefaultTableIterator  - getTable() - start
170410 [main] DEBUG org.dbunit.dataset.OrderedTableNameMap  - add(tableName=ScopedContent, object=org.dbunit.dataset.DefaultTable[_metaData=tableName=ScopedContent, columns=[(name, UNKNOWN, nullableUnknown), (description, UNKNOWN, nullableUnknown), (scope, UNKNOWN, nullableUnknown), (id, UNKNOWN, nullableUnknown), (timeStamp, UNKNOWN, nullableUnknown)], keys=[], _rowList.size()=1]) - start
170410 [main] DEBUG org.dbunit.dataset.OrderedTableNameMap  - getTableName(tableName=ScopedContent) - start
170410 [main] DEBUG org.dbunit.dataset.OrderedTableNameMap  - getTableName(tableName=ScopedContent) - end - result=SCOPEDCONTENT
170411 [main] DEBUG org.dbunit.dataset.OrderedTableNameMap  - getTableName(tableName=SCOPEDCONTENT) - start
170411 [main] DEBUG org.dbunit.dataset.OrderedTableNameMap  - getTableName(tableName=SCOPEDCONTENT) - end - result=SCOPEDCONTENT
170411 [main] DEBUG org.dbunit.dataset.DefaultTableIterator  - getTable() - start
170411 [main] DEBUG org.dbunit.dataset.OrderedTableNameMap  - add(tableName=Scope, object=org.dbunit.dataset.DefaultTable[_metaData=tableName=Scope, columns=[(name, UNKNOWN, nullableUnknown), (description, UNKNOWN, nullableUnknown), (id, UNKNOWN, nullableUnknown), (timeStamp, UNKNOWN, nullableUnknown)], keys=[], _rowList.size()=1]) - start
170411 [main] DEBUG org.dbunit.dataset.OrderedTableNameMap  - getTableName(tableName=Scope) - start
170411 [main] DEBUG org.dbunit.dataset.OrderedTableNameMap  - getTableName(tableName=Scope) - end - result=SCOPE
170411 [main] DEBUG org.dbunit.dataset.OrderedTableNameMap  - getTableName(tableName=SCOPE) - start
170411 [main] DEBUG org.dbunit.dataset.OrderedTableNameMap  - getTableName(tableName=SCOPE) - end - result=SCOPE
170411 [main] DEBUG org.dbunit.dataset.DefaultTableIterator  - getTable() - start
170411 [main] DEBUG org.dbunit.dataset.OrderedTableNameMap  - add(tableName=ScopedContentCondition, object=org.dbunit.dataset.DefaultTable[_metaData=tableName=ScopedContentCondition, columns=[(name, UNKNOWN, nullableUnknown), (description, UNKNOWN, nullableUnknown), (operator, UNKNOWN, nullableUnknown), (id, UNKNOWN, nullableUnknown), (timeStamp, UNKNOWN, nullableUnknown)], keys=[], _rowList.size()=1]) - start
170411 [main] DEBUG org.dbunit.dataset.OrderedTableNameMap  - getTableName(tableName=ScopedContentCondition) - start
170411 [main] DEBUG org.dbunit.dataset.OrderedTableNameMap  - getTableName(tableName=ScopedContentCondition) - end - result=SCOPEDCONTENTCONDITION
170412 [main] DEBUG org.dbunit.dataset.OrderedTableNameMap  - getTableName(tableName=SCOPEDCONTENTCONDITION) - start
170412 [main] DEBUG org.dbunit.dataset.OrderedTableNameMap  - getTableName(tableName=SCOPEDCONTENTCONDITION) - end - result=SCOPEDCONTENTCONDITION
170412 [main] DEBUG org.dbunit.dataset.DefaultTableIterator  - getTable() - start
170412 [main] DEBUG org.dbunit.dataset.OrderedTableNameMap  - add(tableName=Authority, object=org.dbunit.dataset.DefaultTable[_metaData=tableName=Authority, columns=[], keys=[], _rowList.size()=0]) - start
170412 [main] DEBUG org.dbunit.dataset.OrderedTableNameMap  - getTableName(tableName=Authority) - start
170412 [main] DEBUG org.dbunit.dataset.OrderedTableNameMap  - getTableName(tableName=Authority) - end - result=AUTHORITY
170412 [main] DEBUG org.dbunit.dataset.OrderedTableNameMap  - getTableName(tableName=AUTHORITY) - start
170412 [main] DEBUG org.dbunit.dataset.OrderedTableNameMap  - getTableName(tableName=AUTHORITY) - end - result=AUTHORITY
170412 [main] DEBUG org.dbunit.dataset.DefaultTableIterator  - getTable() - start
170412 [main] DEBUG org.dbunit.dataset.OrderedTableNameMap  - add(tableName=User, object=org.dbunit.dataset.DefaultTable[_metaData=tableName=User, columns=[], keys=[], _rowList.size()=0]) - start
170412 [main] DEBUG org.dbunit.dataset.OrderedTableNameMap  - getTableName(tableName=User) - start
170412 [main] DEBUG org.dbunit.dataset.OrderedTableNameMap  - getTableName(tableName=User) - end - result=USER
170413 [main] DEBUG org.dbunit.dataset.OrderedTableNameMap  - getTableName(tableName=USER) - start
170413 [main] DEBUG org.dbunit.dataset.OrderedTableNameMap  - getTableName(tableName=USER) - end - result=USER
170413 [main] DEBUG org.dbunit.dataset.DefaultTableIterator  - getTable() - start
170413 [main] DEBUG org.dbunit.dataset.OrderedTableNameMap  - add(tableName=Users_Authorities, object=org.dbunit.dataset.DefaultTable[_metaData=tableName=Users_Authorities, columns=[], keys=[], _rowList.size()=0]) - start
170413 [main] DEBUG org.dbunit.dataset.OrderedTableNameMap  - getTableName(tableName=Users_Authorities) - start
170413 [main] DEBUG org.dbunit.dataset.OrderedTableNameMap  - getTableName(tableName=Users_Authorities) - end - result=USERS_AUTHORITIES
170413 [main] DEBUG org.dbunit.dataset.OrderedTableNameMap  - getTableName(tableName=USERS_AUTHORITIES) - start
170413 [main] DEBUG org.dbunit.dataset.OrderedTableNameMap  - getTableName(tableName=USERS_AUTHORITIES) - end - result=USERS_AUTHORITIES
170413 [main] DEBUG org.dbunit.dataset.DefaultTableIterator  - getTable() - start
170413 [main] DEBUG org.dbunit.dataset.OrderedTableNameMap  - add(tableName=ScopedContent_ScopedContentItem, object=org.dbunit.dataset.DefaultTable[_metaData=tableName=ScopedContent_ScopedContentItem, columns=[], keys=[], _rowList.size()=0]) - start
170413 [main] DEBUG org.dbunit.dataset.OrderedTableNameMap  - getTableName(tableName=ScopedContent_ScopedContentItem) - start
170413 [main] DEBUG org.dbunit.dataset.OrderedTableNameMap  - getTableName(tableName=ScopedContent_ScopedContentItem) - end - result=SCOPEDCONTENT_SCOPEDCONTENTITEM
170414 [main] DEBUG org.dbunit.dataset.OrderedTableNameMap  - getTableName(tableName=SCOPEDCONTENT_SCOPEDCONTENTITEM) - start
170414 [main] DEBUG org.dbunit.dataset.OrderedTableNameMap  - getTableName(tableName=SCOPEDCONTENT_SCOPEDCONTENTITEM) - end - result=SCOPEDCONTENT_SCOPEDCONTENTITEM
170414 [main] DEBUG org.dbunit.dataset.DefaultTableIterator  - getTable() - start
170414 [main] DEBUG org.dbunit.dataset.OrderedTableNameMap  - add(tableName=Scope_RequestContext, object=org.dbunit.dataset.DefaultTable[_metaData=tableName=Scope_RequestContext, columns=[], keys=[], _rowList.size()=0]) - start
170414 [main] DEBUG org.dbunit.dataset.OrderedTableNameMap  - getTableName(tableName=Scope_RequestContext) - start
170414 [main] DEBUG org.dbunit.dataset.OrderedTableNameMap  - getTableName(tableName=Scope_RequestContext) - end - result=SCOPE_REQUESTCONTEXT
170414 [main] DEBUG org.dbunit.dataset.OrderedTableNameMap  - getTableName(tableName=SCOPE_REQUESTCONTEXT) - start
170414 [main] DEBUG org.dbunit.dataset.OrderedTableNameMap  - getTableName(tableName=SCOPE_REQUESTCONTEXT) - end - result=SCOPE_REQUESTCONTEXT
170414 [main] DEBUG org.dbunit.dataset.DefaultTableIterator  - getTable() - start
170414 [main] DEBUG org.dbunit.dataset.OrderedTableNameMap  - add(tableName=Caption, object=org.dbunit.dataset.DefaultTable[_metaData=tableName=Caption, columns=[], keys=[], _rowList.size()=0]) - start
170414 [main] DEBUG org.dbunit.dataset.OrderedTableNameMap  - getTableName(tableName=Caption) - start
170414 [main] DEBUG org.dbunit.dataset.OrderedTableNameMap  - getTableName(tableName=Caption) - end - result=CAPTION
170415 [main] DEBUG org.dbunit.dataset.OrderedTableNameMap  - getTableName(tableName=CAPTION) - start
170415 [main] DEBUG org.dbunit.dataset.OrderedTableNameMap  - getTableName(tableName=CAPTION) - end - result=CAPTION
170415 [main] DEBUG org.dbunit.dataset.DefaultTableIterator  - getTable() - start
170415 [main] DEBUG org.dbunit.dataset.OrderedTableNameMap  - add(tableName=ScopedContentConditions_ScopedContent, object=org.dbunit.dataset.DefaultTable[_metaData=tableName=ScopedContentConditions_ScopedContent, columns=[], keys=[], _rowList.size()=0]) - start
170415 [main] DEBUG org.dbunit.dataset.OrderedTableNameMap  - getTableName(tableName=ScopedContentConditions_ScopedContent) - start
170415 [main] DEBUG org.dbunit.dataset.OrderedTableNameMap  - getTableName(tableName=ScopedContentConditions_ScopedContent) - end - result=SCOPEDCONTENTCONDITIONS_SCOPEDCONTENT
170415 [main] DEBUG org.dbunit.dataset.OrderedTableNameMap  - getTableName(tableName=SCOPEDCONTENTCONDITIONS_SCOPEDCONTENT) - start
170415 [main] DEBUG org.dbunit.dataset.OrderedTableNameMap  - getTableName(tableName=SCOPEDCONTENTCONDITIONS_SCOPEDCONTENT) - end - result=SCOPEDCONTENTCONDITIONS_SCOPEDCONTENT
170415 [main] DEBUG org.dbunit.dataset.DefaultTableIterator  - getTable() - start
170415 [main] DEBUG org.dbunit.dataset.OrderedTableNameMap  - add(tableName=ScopedContentConditions_ScopedContentItem, object=org.dbunit.dataset.DefaultTable[_metaData=tableName=ScopedContentConditions_ScopedContentItem, columns=[], keys=[], _rowList.size()=0]) - start
170415 [main] DEBUG org.dbunit.dataset.OrderedTableNameMap  - getTableName(tableName=ScopedContentConditions_ScopedContentItem) - start
170416 [main] DEBUG org.dbunit.dataset.OrderedTableNameMap  - getTableName(tableName=ScopedContentConditions_ScopedContentItem) - end - result=SCOPEDCONTENTCONDITIONS_SCOPEDCONTENTITEM
170416 [main] DEBUG org.dbunit.dataset.OrderedTableNameMap  - getTableName(tableName=SCOPEDCONTENTCONDITIONS_SCOPEDCONTENTITEM) - start
170416 [main] DEBUG org.dbunit.dataset.OrderedTableNameMap  - getTableName(tableName=SCOPEDCONTENTCONDITIONS_SCOPEDCONTENTITEM) - end - result=SCOPEDCONTENTCONDITIONS_SCOPEDCONTENTITEM
170416 [main] DEBUG org.dbunit.dataset.DefaultTableIterator  - getTable() - start
170416 [main] DEBUG org.dbunit.dataset.OrderedTableNameMap  - add(tableName=NestedScopedContentConditions, object=org.dbunit.dataset.DefaultTable[_metaData=tableName=NestedScopedContentConditions, columns=[], keys=[], _rowList.size()=0]) - start
170416 [main] DEBUG org.dbunit.dataset.OrderedTableNameMap  - getTableName(tableName=NestedScopedContentConditions) - start
170416 [main] DEBUG org.dbunit.dataset.OrderedTableNameMap  - getTableName(tableName=NestedScopedContentConditions) - end - result=NESTEDSCOPEDCONTENTCONDITIONS
170416 [main] DEBUG org.dbunit.dataset.OrderedTableNameMap  - getTableName(tableName=NESTEDSCOPEDCONTENTCONDITIONS) - start
170416 [main] DEBUG org.dbunit.dataset.OrderedTableNameMap  - getTableName(tableName=NESTEDSCOPEDCONTENTCONDITIONS) - end - result=NESTEDSCOPEDCONTENTCONDITIONS
170416 [main] DEBUG org.dbunit.dataset.OrderedTableNameMap  - getTableName(tableName=AUTHORITY) - start
170426 [main] DEBUG org.dbunit.dataset.OrderedTableNameMap  - getTableName(tableName=AUTHORITY) - end - result=AUTHORITY
170426 [main] DEBUG org.dbunit.dataset.AbstractDataSet  - getTableMetaData(tableName=CAPTION) - start
170426 [main] DEBUG org.dbunit.dataset.AbstractDataSet  - getTable(tableName=CAPTION) - start
170426 [main] DEBUG org.dbunit.dataset.AbstractDataSet  - initialize() - start
170426 [main] DEBUG org.dbunit.dataset.AbstractDataSet  - The table name map has already been initialized.
170426 [main] DEBUG org.dbunit.dataset.OrderedTableNameMap  - getTableName(tableName=CAPTION) - start
170426 [main] DEBUG org.dbunit.dataset.OrderedTableNameMap  - getTableName(tableName=CAPTION) - end - result=CAPTION
170426 [main] DEBUG org.dbunit.dataset.AbstractDataSet  - getTableMetaData(tableName=SCOPEDCONTENTCONDITION) - start
170426 [main] DEBUG org.dbunit.dataset.AbstractDataSet  - getTable(tableName=SCOPEDCONTENTCONDITION) - start
170426 [main] DEBUG org.dbunit.dataset.AbstractDataSet  - initialize() - start
170426 [main] DEBUG org.dbunit.dataset.AbstractDataSet  - The table name map has already been initialized.
170427 [main] DEBUG org.dbunit.dataset.OrderedTableNameMap  - getTableName(tableName=SCOPEDCONTENTCONDITION) - start
170427 [main] DEBUG org.dbunit.dataset.OrderedTableNameMap  - getTableName(tableName=SCOPEDCONTENTCONDITION) - end - result=SCOPEDCONTENTCONDITION
170427 [main] DEBUG org.dbunit.dataset.AbstractDataSet  - getTableMetaData(tableName=NESTEDSCOPEDCONTENTCONDITIONS) - start
170427 [main] DEBUG org.dbunit.dataset.AbstractDataSet  - getTable(tableName=NESTEDSCOPEDCONTENTCONDITIONS) - start
170427 [main] DEBUG org.dbunit.dataset.AbstractDataSet  - initialize() - start
170427 [main] DEBUG org.dbunit.dataset.AbstractDataSet  - The table name map has already been initialized.
170427 [main] DEBUG org.dbunit.dataset.OrderedTableNameMap  - getTableName(tableName=NESTEDSCOPEDCONTENTCONDITIONS) - start
170427 [main] DEBUG org.dbunit.dataset.OrderedTableNameMap  - getTableName(tableName=NESTEDSCOPEDCONTENTCONDITIONS) - end - result=NESTEDSCOPEDCONTENTCONDITIONS
170427 [main] DEBUG org.dbunit.dataset.AbstractDataSet  - getTableMetaData(tableName=REQUESTCONTEXT) - start
170427 [main] DEBUG org.dbunit.dataset.AbstractDataSet  - getTable(tableName=REQUESTCONTEXT) - start
170427 [main] DEBUG org.dbunit.dataset.AbstractDataSet  - initialize() - start
170427 [main] DEBUG org.dbunit.dataset.AbstractDataSet  - The table name map has already been initialized.
170427 [main] DEBUG org.dbunit.dataset.OrderedTableNameMap  - getTableName(tableName=REQUESTCONTEXT) - start
170427 [main] DEBUG org.dbunit.dataset.OrderedTableNameMap  - getTableName(tableName=REQUESTCONTEXT) - end - result=REQUESTCONTEXT
170427 [main] DEBUG org.dbunit.dataset.AbstractDataSet  - getTableMetaData(tableName=SCOPE) - start
170427 [main] DEBUG org.dbunit.dataset.AbstractDataSet  - getTable(tableName=SCOPE) - start
170427 [main] DEBUG org.dbunit.dataset.AbstractDataSet  - initialize() - start
170427 [main] DEBUG org.dbunit.dataset.AbstractDataSet  - The table name map has already been initialized.
170427 [main] DEBUG org.dbunit.dataset.OrderedTableNameMap  - getTableName(tableName=SCOPE) - start
170427 [main] DEBUG org.dbunit.dataset.OrderedTableNameMap  - getTableName(tableName=SCOPE) - end - result=SCOPE
170427 [main] DEBUG org.dbunit.dataset.AbstractDataSet  - getTableMetaData(tableName=SCOPEDCONTENT) - start
170427 [main] DEBUG org.dbunit.dataset.AbstractDataSet  - getTable(tableName=SCOPEDCONTENT) - start
170427 [main] DEBUG org.dbunit.dataset.AbstractDataSet  - initialize() - start
170427 [main] DEBUG org.dbunit.dataset.AbstractDataSet  - The table name map has already been initialized.
170427 [main] DEBUG org.dbunit.dataset.OrderedTableNameMap  - getTableName(tableName=SCOPEDCONTENT) - start
170427 [main] DEBUG org.dbunit.dataset.OrderedTableNameMap  - getTableName(tableName=SCOPEDCONTENT) - end - result=SCOPEDCONTENT
170427 [main] DEBUG org.dbunit.dataset.AbstractDataSet  - getTableMetaData(tableName=SCOPEDCONTENTCONDITIONATTRIBUTE) - start
170427 [main] DEBUG org.dbunit.dataset.AbstractDataSet  - getTable(tableName=SCOPEDCONTENTCONDITIONATTRIBUTE) - start
170427 [main] DEBUG org.dbunit.dataset.AbstractDataSet  - initialize() - start
170427 [main] DEBUG org.dbunit.dataset.AbstractDataSet  - The table name map has already been initialized.
170427 [main] DEBUG org.dbunit.dataset.OrderedTableNameMap  - getTableName(tableName=SCOPEDCONTENTCONDITIONATTRIBUTE) - start
170427 [main] DEBUG org.dbunit.dataset.OrderedTableNameMap  - getTableName(tableName=SCOPEDCONTENTCONDITIONATTRIBUTE) - end - result=SCOPEDCONTENTCONDITIONATTRIBUTE
170427 [main] DEBUG org.dbunit.dataset.AbstractDataSet  - getTableMetaData(tableName=SCOPEDCONTENTCONDITIONS_SCOPEDCONTENT) - start
170427 [main] DEBUG org.dbunit.dataset.AbstractDataSet  - getTable(tableName=SCOPEDCONTENTCONDITIONS_SCOPEDCONTENT) - start
170427 [main] DEBUG org.dbunit.dataset.AbstractDataSet  - initialize() - start
170428 [main] DEBUG org.dbunit.dataset.AbstractDataSet  - The table name map has already been initialized.
170428 [main] DEBUG org.dbunit.dataset.OrderedTableNameMap  - getTableName(tableName=SCOPEDCONTENTCONDITIONS_SCOPEDCONTENT) - start
170428 [main] DEBUG org.dbunit.dataset.OrderedTableNameMap  - getTableName(tableName=SCOPEDCONTENTCONDITIONS_SCOPEDCONTENT) - end - result=SCOPEDCONTENTCONDITIONS_SCOPEDCONTENT
170428 [main] DEBUG org.dbunit.dataset.AbstractDataSet  - getTableMetaData(tableName=SCOPEDCONTENTITEM) - start
170428 [main] DEBUG org.dbunit.dataset.AbstractDataSet  - getTable(tableName=SCOPEDCONTENTITEM) - start
170428 [main] DEBUG org.dbunit.dataset.AbstractDataSet  - initialize() - start
170428 [main] DEBUG org.dbunit.dataset.AbstractDataSet  - The table name map has already been initialized.
170428 [main] DEBUG org.dbunit.dataset.OrderedTableNameMap  - getTableName(tableName=SCOPEDCONTENTITEM) - start
170428 [main] DEBUG org.dbunit.dataset.OrderedTableNameMap  - getTableName(tableName=SCOPEDCONTENTITEM) - end - result=SCOPEDCONTENTITEM
170428 [main] DEBUG org.dbunit.dataset.AbstractDataSet  - getTableMetaData(tableName=SCOPEDCONTENTCONDITIONS_SCOPEDCONTENTITEM) - start
170428 [main] DEBUG org.dbunit.dataset.AbstractDataSet  - getTable(tableName=SCOPEDCONTENTCONDITIONS_SCOPEDCONTENTITEM) - start
170428 [main] DEBUG org.dbunit.dataset.AbstractDataSet  - initialize() - start
170428 [main] DEBUG org.dbunit.dataset.AbstractDataSet  - The table name map has already been initialized.
170428 [main] DEBUG org.dbunit.dataset.OrderedTableNameMap  - getTableName(tableName=SCOPEDCONTENTCONDITIONS_SCOPEDCONTENTITEM) - start
170428 [main] DEBUG org.dbunit.dataset.OrderedTableNameMap  - getTableName(tableName=SCOPEDCONTENTCONDITIONS_SCOPEDCONTENTITEM) - end - result=SCOPEDCONTENTCONDITIONS_SCOPEDCONTENTITEM
170428 [main] DEBUG org.dbunit.dataset.AbstractDataSet  - getTableMetaData(tableName=SCOPEDCONTENT_SCOPEDCONTENTITEM) - start
170428 [main] DEBUG org.dbunit.dataset.AbstractDataSet  - getTable(tableName=SCOPEDCONTENT_SCOPEDCONTENTITEM) - start
170428 [main] DEBUG org.dbunit.dataset.AbstractDataSet  - initialize() - start
170428 [main] DEBUG org.dbunit.dataset.AbstractDataSet  - The table name map has already been initialized.
170428 [main] DEBUG org.dbunit.dataset.OrderedTableNameMap  - getTableName(tableName=SCOPEDCONTENT_SCOPEDCONTENTITEM) - start
170428 [main] DEBUG org.dbunit.dataset.OrderedTableNameMap  - getTableName(tableName=SCOPEDCONTENT_SCOPEDCONTENTITEM) - end - result=SCOPEDCONTENT_SCOPEDCONTENTITEM
170429 [main] DEBUG org.dbunit.dataset.AbstractDataSet  - getTableMetaData(tableName=SCOPE_REQUESTCONTEXT) - start
170429 [main] DEBUG org.dbunit.dataset.AbstractDataSet  - getTable(tableName=SCOPE_REQUESTCONTEXT) - start
170429 [main] DEBUG org.dbunit.dataset.AbstractDataSet  - initialize() - start
170429 [main] DEBUG org.dbunit.dataset.AbstractDataSet  - The table name map has already been initialized.
170429 [main] DEBUG org.dbunit.dataset.OrderedTableNameMap  - getTableName(tableName=SCOPE_REQUESTCONTEXT) - start
170429 [main] DEBUG org.dbunit.dataset.OrderedTableNameMap  - getTableName(tableName=SCOPE_REQUESTCONTEXT) - end - result=SCOPE_REQUESTCONTEXT
170429 [main] DEBUG org.dbunit.dataset.AbstractDataSet  - getTableMetaData(tableName=USER) - start
170429 [main] DEBUG org.dbunit.dataset.AbstractDataSet  - getTable(tableName=USER) - start
170429 [main] DEBUG org.dbunit.dataset.AbstractDataSet  - initialize() - start
170429 [main] DEBUG org.dbunit.dataset.AbstractDataSet  - The table name map has already been initialized.
170429 [main] DEBUG org.dbunit.dataset.OrderedTableNameMap  - getTableName(tableName=USER) - start
170429 [main] DEBUG org.dbunit.dataset.OrderedTableNameMap  - getTableName(tableName=USER) - end - result=USER
170429 [main] DEBUG org.dbunit.dataset.AbstractDataSet  - getTableMetaData(tableName=USERS_AUTHORITIES) - start
170429 [main] DEBUG org.dbunit.dataset.AbstractDataSet  - getTable(tableName=USERS_AUTHORITIES) - start
170429 [main] DEBUG org.dbunit.dataset.AbstractDataSet  - initialize() - start
170429 [main] DEBUG org.dbunit.dataset.AbstractDataSet  - The table name map has already been initialized.
170429 [main] DEBUG org.dbunit.dataset.OrderedTableNameMap  - getTableName(tableName=USERS_AUTHORITIES) - start
170429 [main] DEBUG org.dbunit.dataset.OrderedTableNameMap  - getTableName(tableName=USERS_AUTHORITIES) - end - result=USERS_AUTHORITIES
170429 [main] DEBUG org.dbunit.dataset.filter.SequenceTableIterator  - next() - start
170429 [main] DEBUG org.dbunit.dataset.filter.SequenceTableIterator  - getTableMetaData() - start
170429 [main] DEBUG org.dbunit.dataset.AbstractDataSet  - getTableMetaData(tableName=Authority) - start
170429 [main] DEBUG org.dbunit.dataset.AbstractDataSet  - getTable(tableName=Authority) - start
170429 [main] DEBUG org.dbunit.dataset.AbstractDataSet  - initialize() - start
170429 [main] DEBUG org.dbunit.dataset.AbstractDataSet  - The table name map has already been initialized.
170429 [main] DEBUG org.dbunit.dataset.OrderedTableNameMap  - getTableName(tableName=Authority) - start
170429 [main] DEBUG org.dbunit.dataset.OrderedTableNameMap  - getTableName(tableName=Authority) - end - result=AUTHORITY
170429 [main] DEBUG org.dbunit.dataset.filter.SequenceTableIterator  - next() - start
170429 [main] DEBUG org.dbunit.dataset.filter.SequenceTableIterator  - getTableMetaData() - start
170429 [main] DEBUG org.dbunit.dataset.AbstractDataSet  - getTableMetaData(tableName=Caption) - start
170429 [main] DEBUG org.dbunit.dataset.AbstractDataSet  - getTable(tableName=Caption) - start
170430 [main] DEBUG org.dbunit.dataset.AbstractDataSet  - initialize() - start
170430 [main] DEBUG org.dbunit.dataset.AbstractDataSet  - The table name map has already been initialized.
170430 [main] DEBUG org.dbunit.dataset.OrderedTableNameMap  - getTableName(tableName=Caption) - start
170430 [main] DEBUG org.dbunit.dataset.OrderedTableNameMap  - getTableName(tableName=Caption) - end - result=CAPTION
170430 [main] DEBUG org.dbunit.dataset.filter.SequenceTableIterator  - next() - start
170430 [main] DEBUG org.dbunit.dataset.filter.SequenceTableIterator  - getTableMetaData() - start
170430 [main] DEBUG org.dbunit.dataset.AbstractDataSet  - getTableMetaData(tableName=ScopedContentCondition) - start
170430 [main] DEBUG org.dbunit.dataset.AbstractDataSet  - getTable(tableName=ScopedContentCondition) - start
170430 [main] DEBUG org.dbunit.dataset.AbstractDataSet  - initialize() - start
170430 [main] DEBUG org.dbunit.dataset.AbstractDataSet  - The table name map has already been initialized.
170430 [main] DEBUG org.dbunit.dataset.OrderedTableNameMap  - getTableName(tableName=ScopedContentCondition) - start
170431 [main] DEBUG org.dbunit.dataset.OrderedTableNameMap  - getTableName(tableName=ScopedContentCondition) - end - result=SCOPEDCONTENTCONDITION
170431 [main] DEBUG org.dbunit.dataset.filter.SequenceTableIterator  - next() - start
170431 [main] DEBUG org.dbunit.dataset.filter.SequenceTableIterator  - getTableMetaData() - start
170431 [main] DEBUG org.dbunit.dataset.AbstractDataSet  - getTableMetaData(tableName=NestedScopedContentConditions) - start
170431 [main] DEBUG org.dbunit.dataset.AbstractDataSet  - getTable(tableName=NestedScopedContentConditions) - start
170431 [main] DEBUG org.dbunit.dataset.AbstractDataSet  - initialize() - start
170431 [main] DEBUG org.dbunit.dataset.AbstractDataSet  - The table name map has already been initialized.
170431 [main] DEBUG org.dbunit.dataset.OrderedTableNameMap  - getTableName(tableName=NestedScopedContentConditions) - start
170431 [main] DEBUG org.dbunit.dataset.OrderedTableNameMap  - getTableName(tableName=NestedScopedContentConditions) - end - result=NESTEDSCOPEDCONTENTCONDITIONS
170431 [main] DEBUG org.dbunit.dataset.filter.SequenceTableIterator  - next() - start
170431 [main] DEBUG org.dbunit.dataset.filter.SequenceTableIterator  - getTableMetaData() - start
170431 [main] DEBUG org.dbunit.dataset.AbstractDataSet  - getTableMetaData(tableName=RequestContext) - start
170431 [main] DEBUG org.dbunit.dataset.AbstractDataSet  - getTable(tableName=RequestContext) - start
170431 [main] DEBUG org.dbunit.dataset.AbstractDataSet  - initialize() - start
170431 [main] DEBUG org.dbunit.dataset.AbstractDataSet  - The table name map has already been initialized.
170431 [main] DEBUG org.dbunit.dataset.OrderedTableNameMap  - getTableName(tableName=RequestContext) - start
170431 [main] DEBUG org.dbunit.dataset.OrderedTableNameMap  - getTableName(tableName=RequestContext) - end - result=REQUESTCONTEXT
170431 [main] DEBUG org.dbunit.dataset.filter.SequenceTableIterator  - next() - start
170431 [main] DEBUG org.dbunit.dataset.filter.SequenceTableIterator  - getTableMetaData() - start
170431 [main] DEBUG org.dbunit.dataset.AbstractDataSet  - getTableMetaData(tableName=Scope) - start
170431 [main] DEBUG org.dbunit.dataset.AbstractDataSet  - getTable(tableName=Scope) - start
170431 [main] DEBUG org.dbunit.dataset.AbstractDataSet  - initialize() - start
170431 [main] DEBUG org.dbunit.dataset.AbstractDataSet  - The table name map has already been initialized.
170431 [main] DEBUG org.dbunit.dataset.OrderedTableNameMap  - getTableName(tableName=Scope) - start
170431 [main] DEBUG org.dbunit.dataset.OrderedTableNameMap  - getTableName(tableName=Scope) - end - result=SCOPE
170431 [main] DEBUG org.dbunit.dataset.filter.SequenceTableIterator  - next() - start
170431 [main] DEBUG org.dbunit.dataset.filter.SequenceTableIterator  - getTableMetaData() - start
170431 [main] DEBUG org.dbunit.dataset.AbstractDataSet  - getTableMetaData(tableName=ScopedContent) - start
170431 [main] DEBUG org.dbunit.dataset.AbstractDataSet  - getTable(tableName=ScopedContent) - start
170432 [main] DEBUG org.dbunit.dataset.AbstractDataSet  - initialize() - start
170432 [main] DEBUG org.dbunit.dataset.AbstractDataSet  - The table name map has already been initialized.
170432 [main] DEBUG org.dbunit.dataset.OrderedTableNameMap  - getTableName(tableName=ScopedContent) - start
170432 [main] DEBUG org.dbunit.dataset.OrderedTableNameMap  - getTableName(tableName=ScopedContent) - end - result=SCOPEDCONTENT
170432 [main] DEBUG org.dbunit.dataset.filter.SequenceTableIterator  - next() - start
170432 [main] DEBUG org.dbunit.dataset.filter.SequenceTableIterator  - getTableMetaData() - start
170432 [main] DEBUG org.dbunit.dataset.AbstractDataSet  - getTableMetaData(tableName=ScopedContentConditionAttribute) - start
170432 [main] DEBUG org.dbunit.dataset.AbstractDataSet  - getTable(tableName=ScopedContentConditionAttribute) - start
170432 [main] DEBUG org.dbunit.dataset.AbstractDataSet  - initialize() - start
170432 [main] DEBUG org.dbunit.dataset.AbstractDataSet  - The table name map has already been initialized.
170432 [main] DEBUG org.dbunit.dataset.OrderedTableNameMap  - getTableName(tableName=ScopedContentConditionAttribute) - start
170432 [main] DEBUG org.dbunit.dataset.OrderedTableNameMap  - getTableName(tableName=ScopedContentConditionAttribute) - end - result=SCOPEDCONTENTCONDITIONATTRIBUTE
170432 [main] DEBUG org.dbunit.dataset.filter.SequenceTableIterator  - next() - start
170432 [main] DEBUG org.dbunit.dataset.filter.SequenceTableIterator  - getTableMetaData() - start
170432 [main] DEBUG org.dbunit.dataset.AbstractDataSet  - getTableMetaData(tableName=ScopedContentConditions_ScopedContent) - start
170432 [main] DEBUG org.dbunit.dataset.AbstractDataSet  - getTable(tableName=ScopedContentConditions_ScopedContent) - start
170432 [main] DEBUG org.dbunit.dataset.AbstractDataSet  - initialize() - start
170432 [main] DEBUG org.dbunit.dataset.AbstractDataSet  - The table name map has already been initialized.
170432 [main] DEBUG org.dbunit.dataset.OrderedTableNameMap  - getTableName(tableName=ScopedContentConditions_ScopedContent) - start
170432 [main] DEBUG org.dbunit.dataset.OrderedTableNameMap  - getTableName(tableName=ScopedContentConditions_ScopedContent) - end - result=SCOPEDCONTENTCONDITIONS_SCOPEDCONTENT
170432 [main] DEBUG org.dbunit.dataset.filter.SequenceTableIterator  - next() - start
170432 [main] DEBUG org.dbunit.dataset.filter.SequenceTableIterator  - getTableMetaData() - start
170432 [main] DEBUG org.dbunit.dataset.AbstractDataSet  - getTableMetaData(tableName=ScopedContentItem) - start
170432 [main] DEBUG org.dbunit.dataset.AbstractDataSet  - getTable(tableName=ScopedContentItem) - start
170432 [main] DEBUG org.dbunit.dataset.AbstractDataSet  - initialize() - start
170432 [main] DEBUG org.dbunit.dataset.AbstractDataSet  - The table name map has already been initialized.
170432 [main] DEBUG org.dbunit.dataset.OrderedTableNameMap  - getTableName(tableName=ScopedContentItem) - start
170432 [main] DEBUG org.dbunit.dataset.OrderedTableNameMap  - getTableName(tableName=ScopedContentItem) - end - result=SCOPEDCONTENTITEM
170432 [main] DEBUG org.dbunit.dataset.filter.SequenceTableIterator  - next() - start
170432 [main] DEBUG org.dbunit.dataset.filter.SequenceTableIterator  - getTableMetaData() - start
170432 [main] DEBUG org.dbunit.dataset.AbstractDataSet  - getTableMetaData(tableName=ScopedContentConditions_ScopedContentItem) - start
170433 [main] DEBUG org.dbunit.dataset.AbstractDataSet  - getTable(tableName=ScopedContentConditions_ScopedContentItem) - start
170433 [main] DEBUG org.dbunit.dataset.AbstractDataSet  - initialize() - start
170433 [main] DEBUG org.dbunit.dataset.AbstractDataSet  - The table name map has already been initialized.
170433 [main] DEBUG org.dbunit.dataset.OrderedTableNameMap  - getTableName(tableName=ScopedContentConditions_ScopedContentItem) - start
170433 [main] DEBUG org.dbunit.dataset.OrderedTableNameMap  - getTableName(tableName=ScopedContentConditions_ScopedContentItem) - end - result=SCOPEDCONTENTCONDITIONS_SCOPEDCONTENTITEM
170433 [main] DEBUG org.dbunit.dataset.filter.SequenceTableIterator  - next() - start
170433 [main] DEBUG org.dbunit.dataset.filter.SequenceTableIterator  - getTableMetaData() - start
170433 [main] DEBUG org.dbunit.dataset.AbstractDataSet  - getTableMetaData(tableName=ScopedContent_ScopedContentItem) - start
170433 [main] DEBUG org.dbunit.dataset.AbstractDataSet  - getTable(tableName=ScopedContent_ScopedContentItem) - start
170433 [main] DEBUG org.dbunit.dataset.AbstractDataSet  - initialize() - start
170433 [main] DEBUG org.dbunit.dataset.AbstractDataSet  - The table name map has already been initialized.
170433 [main] DEBUG org.dbunit.dataset.OrderedTableNameMap  - getTableName(tableName=ScopedContent_ScopedContentItem) - start
170433 [main] DEBUG org.dbunit.dataset.OrderedTableNameMap  - getTableName(tableName=ScopedContent_ScopedContentItem) - end - result=SCOPEDCONTENT_SCOPEDCONTENTITEM
170433 [main] DEBUG org.dbunit.dataset.filter.SequenceTableIterator  - next() - start
170433 [main] DEBUG org.dbunit.dataset.filter.SequenceTableIterator  - getTableMetaData() - start
170433 [main] DEBUG org.dbunit.dataset.AbstractDataSet  - getTableMetaData(tableName=Scope_RequestContext) - start
170433 [main] DEBUG org.dbunit.dataset.AbstractDataSet  - getTable(tableName=Scope_RequestContext) - start
170433 [main] DEBUG org.dbunit.dataset.AbstractDataSet  - initialize() - start
170433 [main] DEBUG org.dbunit.dataset.AbstractDataSet  - The table name map has already been initialized.
170433 [main] DEBUG org.dbunit.dataset.OrderedTableNameMap  - getTableName(tableName=Scope_RequestContext) - start
170433 [main] DEBUG org.dbunit.dataset.OrderedTableNameMap  - getTableName(tableName=Scope_RequestContext) - end - result=SCOPE_REQUESTCONTEXT
170433 [main] DEBUG org.dbunit.dataset.filter.SequenceTableIterator  - next() - start
170433 [main] DEBUG org.dbunit.dataset.filter.SequenceTableIterator  - getTableMetaData() - start
170433 [main] DEBUG org.dbunit.dataset.AbstractDataSet  - getTableMetaData(tableName=User) - start
170433 [main] DEBUG org.dbunit.dataset.AbstractDataSet  - getTable(tableName=User) - start
170433 [main] DEBUG org.dbunit.dataset.AbstractDataSet  - initialize() - start
170433 [main] DEBUG org.dbunit.dataset.AbstractDataSet  - The table name map has already been initialized.
170433 [main] DEBUG org.dbunit.dataset.OrderedTableNameMap  - getTableName(tableName=User) - start
170433 [main] DEBUG org.dbunit.dataset.OrderedTableNameMap  - getTableName(tableName=User) - end - result=USER
170433 [main] DEBUG org.dbunit.dataset.filter.SequenceTableIterator  - next() - start
170433 [main] DEBUG org.dbunit.dataset.filter.SequenceTableIterator  - getTableMetaData() - start
170434 [main] DEBUG org.dbunit.dataset.AbstractDataSet  - getTableMetaData(tableName=Users_Authorities) - start
170434 [main] DEBUG org.dbunit.dataset.AbstractDataSet  - getTable(tableName=Users_Authorities) - start
170434 [main] DEBUG org.dbunit.dataset.AbstractDataSet  - initialize() - start
170434 [main] DEBUG org.dbunit.dataset.AbstractDataSet  - The table name map has already been initialized.
170434 [main] DEBUG org.dbunit.dataset.OrderedTableNameMap  - getTableName(tableName=Users_Authorities) - start
170434 [main] DEBUG org.dbunit.dataset.OrderedTableNameMap  - getTableName(tableName=Users_Authorities) - end - result=USERS_AUTHORITIES
170434 [main] DEBUG org.dbunit.dataset.filter.SequenceTableIterator  - next() - start
170434 [main] DEBUG org.dbunit.database.DatabaseDataSet  - getTableMetaData(tableName=Users_Authorities) - start
170434 [main] DEBUG org.dbunit.database.DatabaseDataSet  - initialize() - start
170434 [main] DEBUG org.dbunit.dataset.OrderedTableNameMap  - getTableName(tableName=Users_Authorities) - start
170434 [main] DEBUG org.dbunit.dataset.OrderedTableNameMap  - getTableName(tableName=Users_Authorities) - end - result=USERS_AUTHORITIES
170434 [main] DEBUG org.dbunit.dataset.OrderedTableNameMap  - getTableName(tableName=Users_Authorities) - start
170434 [main] DEBUG org.dbunit.dataset.OrderedTableNameMap  - getTableName(tableName=Users_Authorities) - end - result=USERS_AUTHORITIES
170434 [main] DEBUG org.dbunit.database.DatabaseDataSourceConnection  - getConnection() - start
170434 [main] TRACE org.dbunit.util.SQLHelper  - correctCase(tableName=Users_Authorities, connection=Transaction-aware proxy for target Connection [jdbc:hsqldb:mem:kontrollDS, UserName=sw, HSQL Database Engine Driver]) - start
170434 [main] TRACE org.dbunit.util.SQLHelper  - correctCase(tableName=Users_Authorities, databaseMetaData=org.apache.commons.dbcp.DelegatingDatabaseMetaData@3ddd5616) - start
170434 [main] TRACE org.dbunit.util.SQLHelper  - isEscaped(tableName=Users_Authorities, dbIdentifierQuoteString=") - start
170434 [main] DEBUG org.dbunit.util.SQLHelper  - isEscaped returns 'false' for tableName=Users_Authorities (dbIdentifierQuoteString=")
170434 [main] DEBUG org.dbunit.util.SQLHelper  - class org.dbunit.database.DatabaseTableMetaData. Corrected table name: oldValue=Users_Authorities newValue=USERS_AUTHORITIES
170434 [main] DEBUG org.dbunit.database.DatabaseTableMetaData  - Validating if table 'USERS_AUTHORITIES' exists in schema 'null' ...
170435 [main] TRACE org.dbunit.database.DatabaseConfig  - getProperty(name=http://www.dbunit.org/properties/metadataHandler) - start
170435 [main] TRACE org.dbunit.database.DefaultMetadataHandler  - tableExists(metaData=org.apache.commons.dbcp.DelegatingDatabaseMetaData@e3ede15, schemaName=null, tableName=USERS_AUTHORITIES) - start
170436 [main] DEBUG org.dbunit.util.SQLHelper  - close(resultSet=org.apache.commons.dbcp.DelegatingResultSet@1eed8732) - start
170436 [main] DEBUG org.dbunit.database.DatabaseTableMetaData  - getColumns() - start
170436 [main] DEBUG org.dbunit.database.DatabaseDataSourceConnection  - getConnection() - start
170436 [main] TRACE org.dbunit.database.DatabaseConfig  - getProperty(name=http://www.dbunit.org/properties/metadataHandler) - start
170436 [main] TRACE org.dbunit.database.DefaultMetadataHandler  - getColumns(databaseMetaData=org.apache.commons.dbcp.DelegatingDatabaseMetaData@7c46f37a, schemaName=null, tableName=USERS_AUTHORITIES) - start
170451 [main] TRACE org.dbunit.database.DatabaseConfig  - getProperty(name=http://www.dbunit.org/properties/datatypeFactory) - start
170451 [main] DEBUG org.dbunit.database.DatabaseDataSourceConnection  - getConnection() - start
170452 [main] WARN  org.dbunit.dataset.AbstractTableMetaData  - Potential problem found: The configured data type factory 'class org.dbunit.dataset.datatype.DefaultDataTypeFactory' might cause problems with the current database 'HSQL Database Engine' (e.g. some datatypes may not be supported properly). In rare cases you might see this message because the list of supported database products is incomplete (list=[derby]). If so please request a java-class update via the forums.If you are using your own IDataTypeFactory extending DefaultDataTypeFactory, ensure that you override getValidDbProducts() to specify the supported database products.
170452 [main] TRACE org.dbunit.database.DatabaseConfig  - getFeature(name=http://www.dbunit.org/features/datatypeWarning) - start
170452 [main] TRACE org.dbunit.database.DatabaseConfig  - getProperty(name=http://www.dbunit.org/features/datatypeWarning) - start
170452 [main] TRACE org.dbunit.database.DefaultMetadataHandler  - matches(columnsResultSet=org.apache.commons.dbcp.DelegatingResultSet@4a49b822, catalog=null, schema=null, table=USERS_AUTHORITIES, column=null, caseSensitive=false) - start
170452 [main] DEBUG org.dbunit.database.DefaultMetadataHandler  - Comparing the following values using caseSensitive=false (searched<=>actual): catalog: null<=>PUBLIC schema: null<=>PUBLIC table: USERS_AUTHORITIES<=>USERS_AUTHORITIES column: null<=>AUTHORITY_ID
170452 [main] DEBUG org.dbunit.dataset.datatype.DefaultDataTypeFactory  - createDataType(sqlType=4 , sqlTypeName=INTEGER, tableName=USERS_AUTHORITIES, columnName=AUTHORITY_ID) - start
170452 [main] DEBUG org.dbunit.dataset.datatype.DefaultDataTypeFactory  - createDataType(sqlType=4, sqlTypeName=INTEGER) - start
170452 [main] DEBUG org.dbunit.dataset.datatype.DataType  - forSqlType(sqlType=4) - start
170452 [main] DEBUG org.dbunit.dataset.datatype.AbstractDataType  - getSqlType() - start
170452 [main] DEBUG org.dbunit.dataset.datatype.AbstractDataType  - getSqlType() - start
170452 [main] DEBUG org.dbunit.dataset.datatype.AbstractDataType  - getSqlType() - start
170452 [main] DEBUG org.dbunit.dataset.datatype.AbstractDataType  - getSqlType() - start
170452 [main] DEBUG org.dbunit.dataset.datatype.AbstractDataType  - getSqlType() - start
170452 [main] DEBUG org.dbunit.dataset.datatype.AbstractDataType  - getSqlType() - start
170452 [main] DEBUG org.dbunit.dataset.datatype.AbstractDataType  - getSqlType() - start
170452 [main] DEBUG org.dbunit.dataset.datatype.AbstractDataType  - getSqlType() - start
170452 [main] DEBUG org.dbunit.dataset.datatype.AbstractDataType  - getSqlType() - start
170452 [main] DEBUG org.dbunit.dataset.datatype.AbstractDataType  - getSqlType() - start
170452 [main] DEBUG org.dbunit.dataset.datatype.AbstractDataType  - getSqlType() - start
170452 [main] DEBUG org.dbunit.dataset.datatype.AbstractDataType  - getSqlType() - start
170452 [main] DEBUG org.dbunit.dataset.Column  - nullableValue(nullable=0) - start
170452 [main] DEBUG org.dbunit.dataset.Column  - autoIncrementValue(isAutoIncrement=NO) - start
170452 [main] TRACE org.dbunit.database.DefaultMetadataHandler  - matches(columnsResultSet=org.apache.commons.dbcp.DelegatingResultSet@4a49b822, catalog=null, schema=null, table=USERS_AUTHORITIES, column=null, caseSensitive=false) - start
170452 [main] DEBUG org.dbunit.database.DefaultMetadataHandler  - Comparing the following values using caseSensitive=false (searched<=>actual): catalog: null<=>PUBLIC schema: null<=>PUBLIC table: USERS_AUTHORITIES<=>USERS_AUTHORITIES column: null<=>USER_ID
170452 [main] DEBUG org.dbunit.dataset.datatype.DefaultDataTypeFactory  - createDataType(sqlType=4 , sqlTypeName=INTEGER, tableName=USERS_AUTHORITIES, columnName=USER_ID) - start
170452 [main] DEBUG org.dbunit.dataset.datatype.DefaultDataTypeFactory  - createDataType(sqlType=4, sqlTypeName=INTEGER) - start
170452 [main] DEBUG org.dbunit.dataset.datatype.DataType  - forSqlType(sqlType=4) - start
170452 [main] DEBUG org.dbunit.dataset.datatype.AbstractDataType  - getSqlType() - start
170452 [main] DEBUG org.dbunit.dataset.datatype.AbstractDataType  - getSqlType() - start
170453 [main] DEBUG org.dbunit.dataset.datatype.AbstractDataType  - getSqlType() - start
170453 [main] DEBUG org.dbunit.dataset.datatype.AbstractDataType  - getSqlType() - start
170453 [main] DEBUG org.dbunit.dataset.datatype.AbstractDataType  - getSqlType() - start
170453 [main] DEBUG org.dbunit.dataset.datatype.AbstractDataType  - getSqlType() - start
170453 [main] DEBUG org.dbunit.dataset.datatype.AbstractDataType  - getSqlType() - start
170453 [main] DEBUG org.dbunit.dataset.datatype.AbstractDataType  - getSqlType() - start
170453 [main] DEBUG org.dbunit.dataset.datatype.AbstractDataType  - getSqlType() - start
170453 [main] DEBUG org.dbunit.dataset.datatype.AbstractDataType  - getSqlType() - start
170453 [main] DEBUG org.dbunit.dataset.datatype.AbstractDataType  - getSqlType() - start
170453 [main] DEBUG org.dbunit.dataset.datatype.AbstractDataType  - getSqlType() - start
170453 [main] DEBUG org.dbunit.dataset.Column  - nullableValue(nullable=0) - start
170453 [main] DEBUG org.dbunit.dataset.Column  - autoIncrementValue(isAutoIncrement=NO) - start
170453 [main] DEBUG org.dbunit.database.DatabaseTableMetaData  - getPrimaryKeys() - start
170453 [main] TRACE org.dbunit.database.DatabaseConfig  - getProperty(name=http://www.dbunit.org/properties/primaryKeyFilter) - start
170453 [main] DEBUG org.dbunit.database.DatabaseTableMetaData  - getPrimaryKeyNames() - start
170453 [main] DEBUG org.dbunit.database.DatabaseDataSourceConnection  - getConnection() - start
170453 [main] TRACE org.dbunit.database.DatabaseConfig  - getProperty(name=http://www.dbunit.org/properties/metadataHandler) - start
170453 [main] TRACE org.dbunit.database.DefaultMetadataHandler  - getPrimaryKeys(metaData=org.apache.commons.dbcp.DelegatingDatabaseMetaData@2dd7e648, schemaName=null, tableName=USERS_AUTHORITIES) - start
170453 [main] DEBUG org.dbunit.database.DatabaseTableMetaData  - getColumns() - start
170453 [main] DEBUG org.dbunit.dataset.Columns  - getColumns(columnNames=[], columns=[(AUTHORITY_ID, INTEGER, noNulls), (USER_ID, INTEGER, noNulls)]) - start
170454 [main] DEBUG org.dbunit.dataset.OrderedTableNameMap  - update(tableName=Users_Authorities, object=table=USERS_AUTHORITIES, cols=[(AUTHORITY_ID, INTEGER, noNulls), (USER_ID, INTEGER, noNulls)], pk=[]) - start
170454 [main] DEBUG org.dbunit.dataset.OrderedTableNameMap  - getTableName(tableName=Users_Authorities) - start
170454 [main] DEBUG org.dbunit.dataset.OrderedTableNameMap  - getTableName(tableName=Users_Authorities) - end - result=USERS_AUTHORITIES
170454 [main] DEBUG org.dbunit.dataset.OrderedTableNameMap  - getTableName(tableName=Users_Authorities) - start
170454 [main] DEBUG org.dbunit.dataset.OrderedTableNameMap  - getTableName(tableName=Users_Authorities) - end - result=USERS_AUTHORITIES
170454 [main] DEBUG org.dbunit.operation.AbstractOperation  - getQualifiedName(prefix=null, name=USERS_AUTHORITIES, connection=_databaseConfig=org.dbunit.database.DatabaseConfig[, _propertyMap={http://www.dbunit.org/properties/statementFactory=org.dbunit.database.statement.PreparedStatementFactory@626bc2b8, http://www.dbunit.org/features/caseSensitiveTableNames=false, http://www.dbunit.org/properties/fetchSize=100, http://www.dbunit.org/features/batchedStatements=false, http://www.dbunit.org/properties/metadataHandler=org.dbunit.database.DefaultMetadataHandler@62baffef, http://www.dbunit.org/properties/datatypeFactory=org.dbunit.dataset.datatype.DefaultDataTypeFactory[_toleratedDeltaMap=org.dbunit.dataset.datatype.ToleratedDeltaMap@6452310a], http://www.dbunit.org/properties/escapePattern=null, http://www.dbunit.org/properties/batchSize=100, http://www.dbunit.org/features/qualifiedTableNames=false, http://www.dbunit.org/properties/tableType=[Ljava.lang.String;@5011bafa, http://www.dbunit.org/properties/resultSetTableFactory=org.dbunit.database.CachedResultSetTableFactory@10bcf083, http://www.dbunit.org/features/datatypeWarning=true}], _dataSet=AbstractDataSet[_orderedTableNameMap=null]) - start
170454 [main] TRACE org.dbunit.database.DatabaseConfig  - getProperty(name=http://www.dbunit.org/properties/escapePattern) - start
170454 [main] DEBUG org.dbunit.util.QualifiedTableName  - getQualifiedName() - start
170454 [main] DEBUG org.dbunit.util.QualifiedTableName  - getQualifiedName(prefix=null, name=USERS_AUTHORITIES, escapePattern=null) - start
170454 [main] DEBUG org.dbunit.database.statement.SimpleStatement  - addBatch(sql=delete from USERS_AUTHORITIES) - start
170454 [main] DEBUG org.dbunit.operation.DeleteAllOperation  - Added SQL: delete from USERS_AUTHORITIES
170454 [main] DEBUG org.dbunit.database.DatabaseDataSet  - getTableMetaData(tableName=User) - start
170454 [main] DEBUG org.dbunit.database.DatabaseDataSet  - initialize() - start
170454 [main] DEBUG org.dbunit.dataset.OrderedTableNameMap  - getTableName(tableName=User) - start
170454 [main] DEBUG org.dbunit.dataset.OrderedTableNameMap  - getTableName(tableName=User) - end - result=USER
170454 [main] DEBUG org.dbunit.dataset.OrderedTableNameMap  - getTableName(tableName=User) - start
170454 [main] DEBUG org.dbunit.dataset.OrderedTableNameMap  - getTableName(tableName=User) - end - result=USER
170454 [main] DEBUG org.dbunit.database.DatabaseDataSourceConnection  - getConnection() - start
170454 [main] TRACE org.dbunit.util.SQLHelper  - correctCase(tableName=User, connection=Transaction-aware proxy for target Connection [jdbc:hsqldb:mem:kontrollDS, UserName=sw, HSQL Database Engine Driver]) - start
170454 [main] TRACE org.dbunit.util.SQLHelper  - correctCase(tableName=User, databaseMetaData=org.apache.commons.dbcp.DelegatingDatabaseMetaData@5a25d3cf) - start
170454 [main] TRACE org.dbunit.util.SQLHelper  - isEscaped(tableName=User, dbIdentifierQuoteString=") - start
170454 [main] DEBUG org.dbunit.util.SQLHelper  - isEscaped returns 'false' for tableName=User (dbIdentifierQuoteString=")
170454 [main] DEBUG org.dbunit.util.SQLHelper  - class org.dbunit.database.DatabaseTableMetaData. Corrected table name: oldValue=User newValue=USER
170454 [main] DEBUG org.dbunit.database.DatabaseTableMetaData  - Validating if table 'USER' exists in schema 'null' ...
170454 [main] TRACE org.dbunit.database.DatabaseConfig  - getProperty(name=http://www.dbunit.org/properties/metadataHandler) - start
170455 [main] TRACE org.dbunit.database.DefaultMetadataHandler  - tableExists(metaData=org.apache.commons.dbcp.DelegatingDatabaseMetaData@6974e945, schemaName=null, tableName=USER) - start
170456 [main] DEBUG org.dbunit.util.SQLHelper  - close(resultSet=org.apache.commons.dbcp.DelegatingResultSet@21765923) - start
170456 [main] DEBUG org.dbunit.database.DatabaseTableMetaData  - getColumns() - start
170456 [main] DEBUG org.dbunit.database.DatabaseDataSourceConnection  - getConnection() - start
170456 [main] TRACE org.dbunit.database.DatabaseConfig  - getProperty(name=http://www.dbunit.org/properties/metadataHandler) - start
170456 [main] TRACE org.dbunit.database.DefaultMetadataHandler  - getColumns(databaseMetaData=org.apache.commons.dbcp.DelegatingDatabaseMetaData@60d619fe, schemaName=null, tableName=USER) - start
170472 [main] TRACE org.dbunit.database.DatabaseConfig  - getProperty(name=http://www.dbunit.org/properties/datatypeFactory) - start
170472 [main] DEBUG org.dbunit.database.DatabaseDataSourceConnection  - getConnection() - start
170472 [main] WARN  org.dbunit.dataset.AbstractTableMetaData  - Potential problem found: The configured data type factory 'class org.dbunit.dataset.datatype.DefaultDataTypeFactory' might cause problems with the current database 'HSQL Database Engine' (e.g. some datatypes may not be supported properly). In rare cases you might see this message because the list of supported database products is incomplete (list=[derby]). If so please request a java-class update via the forums.If you are using your own IDataTypeFactory extending DefaultDataTypeFactory, ensure that you override getValidDbProducts() to specify the supported database products.
170473 [main] TRACE org.dbunit.database.DatabaseConfig  - getFeature(name=http://www.dbunit.org/features/datatypeWarning) - start
170473 [main] TRACE org.dbunit.database.DatabaseConfig  - getProperty(name=http://www.dbunit.org/features/datatypeWarning) - start
170473 [main] TRACE org.dbunit.database.DefaultMetadataHandler  - matches(columnsResultSet=org.apache.commons.dbcp.DelegatingResultSet@5282d9e8, catalog=null, schema=null, table=USER, column=null, caseSensitive=false) - start
170473 [main] DEBUG org.dbunit.database.DefaultMetadataHandler  - Comparing the following values using caseSensitive=false (searched<=>actual): catalog: null<=>PUBLIC schema: null<=>PUBLIC table: USER<=>USER column: null<=>ID
170473 [main] DEBUG org.dbunit.dataset.datatype.DefaultDataTypeFactory  - createDataType(sqlType=4 , sqlTypeName=INTEGER, tableName=USER, columnName=ID) - start
170473 [main] DEBUG org.dbunit.dataset.datatype.DefaultDataTypeFactory  - createDataType(sqlType=4, sqlTypeName=INTEGER) - start
170473 [main] DEBUG org.dbunit.dataset.datatype.DataType  - forSqlType(sqlType=4) - start
170473 [main] DEBUG org.dbunit.dataset.datatype.AbstractDataType  - getSqlType() - start
170473 [main] DEBUG org.dbunit.dataset.datatype.AbstractDataType  - getSqlType() - start
170473 [main] DEBUG org.dbunit.dataset.datatype.AbstractDataType  - getSqlType() - start
170473 [main] DEBUG org.dbunit.dataset.datatype.AbstractDataType  - getSqlType() - start
170473 [main] DEBUG org.dbunit.dataset.datatype.AbstractDataType  - getSqlType() - start
170473 [main] DEBUG org.dbunit.dataset.datatype.AbstractDataType  - getSqlType() - start
170473 [main] DEBUG org.dbunit.dataset.datatype.AbstractDataType  - getSqlType() - start
170473 [main] DEBUG org.dbunit.dataset.datatype.AbstractDataType  - getSqlType() - start
170473 [main] DEBUG org.dbunit.dataset.datatype.AbstractDataType  - getSqlType() - start
170473 [main] DEBUG org.dbunit.dataset.datatype.AbstractDataType  - getSqlType() - start
170473 [main] DEBUG org.dbunit.dataset.datatype.AbstractDataType  - getSqlType() - start
170473 [main] DEBUG org.dbunit.dataset.datatype.AbstractDataType  - getSqlType() - start
170473 [main] DEBUG org.dbunit.dataset.Column  - nullableValue(nullable=0) - start
170473 [main] DEBUG org.dbunit.dataset.Column  - autoIncrementValue(isAutoIncrement=YES) - start
170473 [main] TRACE org.dbunit.database.DefaultMetadataHandler  - matches(columnsResultSet=org.apache.commons.dbcp.DelegatingResultSet@5282d9e8, catalog=null, schema=null, table=USER, column=null, caseSensitive=false) - start
170473 [main] DEBUG org.dbunit.database.DefaultMetadataHandler  - Comparing the following values using caseSensitive=false (searched<=>actual): catalog: null<=>PUBLIC schema: null<=>PUBLIC table: USER<=>USER column: null<=>TIMESTAMP
170473 [main] DEBUG org.dbunit.dataset.datatype.DefaultDataTypeFactory  - createDataType(sqlType=93 , sqlTypeName=TIMESTAMP, tableName=USER, columnName=TIMESTAMP) - start
170473 [main] DEBUG org.dbunit.dataset.datatype.DefaultDataTypeFactory  - createDataType(sqlType=93, sqlTypeName=TIMESTAMP) - start
170473 [main] DEBUG org.dbunit.dataset.datatype.DataType  - forSqlType(sqlType=93) - start
170473 [main] DEBUG org.dbunit.dataset.datatype.AbstractDataType  - getSqlType() - start
170473 [main] DEBUG org.dbunit.dataset.datatype.AbstractDataType  - getSqlType() - start
170473 [main] DEBUG org.dbunit.dataset.datatype.AbstractDataType  - getSqlType() - start
170473 [main] DEBUG org.dbunit.dataset.datatype.AbstractDataType  - getSqlType() - start
170473 [main] DEBUG org.dbunit.dataset.datatype.AbstractDataType  - getSqlType() - start
170473 [main] DEBUG org.dbunit.dataset.datatype.AbstractDataType  - getSqlType() - start
170473 [main] DEBUG org.dbunit.dataset.datatype.AbstractDataType  - getSqlType() - start
170474 [main] DEBUG org.dbunit.dataset.datatype.AbstractDataType  - getSqlType() - start
170474 [main] DEBUG org.dbunit.dataset.datatype.AbstractDataType  - getSqlType() - start
170474 [main] DEBUG org.dbunit.dataset.datatype.AbstractDataType  - getSqlType() - start
170474 [main] DEBUG org.dbunit.dataset.datatype.AbstractDataType  - getSqlType() - start
170474 [main] DEBUG org.dbunit.dataset.datatype.AbstractDataType  - getSqlType() - start
170474 [main] DEBUG org.dbunit.dataset.datatype.AbstractDataType  - getSqlType() - start
170474 [main] DEBUG org.dbunit.dataset.datatype.AbstractDataType  - getSqlType() - start
170474 [main] DEBUG org.dbunit.dataset.datatype.AbstractDataType  - getSqlType() - start
170474 [main] DEBUG org.dbunit.dataset.datatype.AbstractDataType  - getSqlType() - start
170474 [main] DEBUG org.dbunit.dataset.datatype.AbstractDataType  - getSqlType() - start
170474 [main] DEBUG org.dbunit.dataset.datatype.AbstractDataType  - getSqlType() - start
170474 [main] DEBUG org.dbunit.dataset.datatype.AbstractDataType  - getSqlType() - start
170474 [main] DEBUG org.dbunit.dataset.datatype.AbstractDataType  - getSqlType() - start
170474 [main] DEBUG org.dbunit.dataset.datatype.AbstractDataType  - getSqlType() - start
170474 [main] DEBUG org.dbunit.dataset.Column  - nullableValue(nullable=1) - start
170474 [main] DEBUG org.dbunit.dataset.Column  - autoIncrementValue(isAutoIncrement=NO) - start
170474 [main] TRACE org.dbunit.database.DefaultMetadataHandler  - matches(columnsResultSet=org.apache.commons.dbcp.DelegatingResultSet@5282d9e8, catalog=null, schema=null, table=USER, column=null, caseSensitive=false) - start
170474 [main] DEBUG org.dbunit.database.DefaultMetadataHandler  - Comparing the following values using caseSensitive=false (searched<=>actual): catalog: null<=>PUBLIC schema: null<=>PUBLIC table: USER<=>USER column: null<=>ENABLED
170474 [main] DEBUG org.dbunit.dataset.datatype.DefaultDataTypeFactory  - createDataType(sqlType=16 , sqlTypeName=BOOLEAN, tableName=USER, columnName=ENABLED) - start
170474 [main] DEBUG org.dbunit.dataset.datatype.DefaultDataTypeFactory  - createDataType(sqlType=16, sqlTypeName=BOOLEAN) - start
170474 [main] DEBUG org.dbunit.dataset.datatype.DataType  - forSqlType(sqlType=16) - start
170474 [main] DEBUG org.dbunit.dataset.datatype.AbstractDataType  - getSqlType() - start
170474 [main] DEBUG org.dbunit.dataset.datatype.AbstractDataType  - getSqlType() - start
170474 [main] DEBUG org.dbunit.dataset.datatype.AbstractDataType  - getSqlType() - start
170474 [main] DEBUG org.dbunit.dataset.datatype.AbstractDataType  - getSqlType() - start
170474 [main] DEBUG org.dbunit.dataset.datatype.AbstractDataType  - getSqlType() - start
170474 [main] DEBUG org.dbunit.dataset.datatype.AbstractDataType  - getSqlType() - start
170474 [main] DEBUG org.dbunit.dataset.datatype.AbstractDataType  - getSqlType() - start
170474 [main] DEBUG org.dbunit.dataset.datatype.AbstractDataType  - getSqlType() - start
170474 [main] DEBUG org.dbunit.dataset.datatype.AbstractDataType  - getSqlType() - start
170474 [main] DEBUG org.dbunit.dataset.datatype.AbstractDataType  - getSqlType() - start
170475 [main] DEBUG org.dbunit.dataset.Column  - nullableValue(nullable=0) - start
170475 [main] DEBUG org.dbunit.dataset.Column  - autoIncrementValue(isAutoIncrement=NO) - start
170475 [main] TRACE org.dbunit.database.DefaultMetadataHandler  - matches(columnsResultSet=org.apache.commons.dbcp.DelegatingResultSet@5282d9e8, catalog=null, schema=null, table=USER, column=null, caseSensitive=false) - start
170475 [main] DEBUG org.dbunit.database.DefaultMetadataHandler  - Comparing the following values using caseSensitive=false (searched<=>actual): catalog: null<=>PUBLIC schema: null<=>PUBLIC table: USER<=>USER column: null<=>NAME
170475 [main] DEBUG org.dbunit.dataset.datatype.DefaultDataTypeFactory  - createDataType(sqlType=12 , sqlTypeName=VARCHAR, tableName=USER, columnName=NAME) - start
170475 [main] DEBUG org.dbunit.dataset.datatype.DefaultDataTypeFactory  - createDataType(sqlType=12, sqlTypeName=VARCHAR) - start
170475 [main] DEBUG org.dbunit.dataset.datatype.DataType  - forSqlType(sqlType=12) - start
170475 [main] DEBUG org.dbunit.dataset.datatype.AbstractDataType  - getSqlType() - start
170475 [main] DEBUG org.dbunit.dataset.Column  - nullableValue(nullable=0) - start
170475 [main] DEBUG org.dbunit.dataset.Column  - autoIncrementValue(isAutoIncrement=NO) - start
170475 [main] TRACE org.dbunit.database.DefaultMetadataHandler  - matches(columnsResultSet=org.apache.commons.dbcp.DelegatingResultSet@5282d9e8, catalog=null, schema=null, table=USER, column=null, caseSensitive=false) - start
170475 [main] DEBUG org.dbunit.database.DefaultMetadataHandler  - Comparing the following values using caseSensitive=false (searched<=>actual): catalog: null<=>PUBLIC schema: null<=>PUBLIC table: USER<=>USER column: null<=>PASSWORD
170475 [main] DEBUG org.dbunit.dataset.datatype.DefaultDataTypeFactory  - createDataType(sqlType=12 , sqlTypeName=VARCHAR, tableName=USER, columnName=PASSWORD) - start
170475 [main] DEBUG org.dbunit.dataset.datatype.DefaultDataTypeFactory  - createDataType(sqlType=12, sqlTypeName=VARCHAR) - start
170475 [main] DEBUG org.dbunit.dataset.datatype.DataType  - forSqlType(sqlType=12) - start
170475 [main] DEBUG org.dbunit.dataset.datatype.AbstractDataType  - getSqlType() - start
170475 [main] DEBUG org.dbunit.dataset.Column  - nullableValue(nullable=0) - start
170475 [main] DEBUG org.dbunit.dataset.Column  - autoIncrementValue(isAutoIncrement=NO) - start
170475 [main] DEBUG org.dbunit.database.DatabaseTableMetaData  - getPrimaryKeys() - start
170475 [main] TRACE org.dbunit.database.DatabaseConfig  - getProperty(name=http://www.dbunit.org/properties/primaryKeyFilter) - start
170475 [main] DEBUG org.dbunit.database.DatabaseTableMetaData  - getPrimaryKeyNames() - start
170475 [main] DEBUG org.dbunit.database.DatabaseDataSourceConnection  - getConnection() - start
170475 [main] TRACE org.dbunit.database.DatabaseConfig  - getProperty(name=http://www.dbunit.org/properties/metadataHandler) - start
170475 [main] TRACE org.dbunit.database.DefaultMetadataHandler  - getPrimaryKeys(metaData=org.apache.commons.dbcp.DelegatingDatabaseMetaData@cb038aa, schemaName=null, tableName=USER) - start
170476 [main] DEBUG org.dbunit.database.DatabaseTableMetaData  - getName() - start
170476 [main] DEBUG org.dbunit.database.DatabaseTableMetaData  - getColumns() - start
170476 [main] DEBUG org.dbunit.dataset.Columns  - getColumns(columnNames=[ID], columns=[(ID, INTEGER, noNulls), (TIMESTAMP, TIMESTAMP, nullable), (ENABLED, BOOLEAN, noNulls), (NAME, VARCHAR, noNulls), (PASSWORD, VARCHAR, noNulls)]) - start
170476 [main] DEBUG org.dbunit.dataset.Columns  - getColumn(columnName=ID, columns=[(ID, INTEGER, noNulls), (TIMESTAMP, TIMESTAMP, nullable), (ENABLED, BOOLEAN, noNulls), (NAME, VARCHAR, noNulls), (PASSWORD, VARCHAR, noNulls)]) - start
170476 [main] DEBUG org.dbunit.dataset.OrderedTableNameMap  - update(tableName=User, object=table=USER, cols=[(ID, INTEGER, noNulls), (TIMESTAMP, TIMESTAMP, nullable), (ENABLED, BOOLEAN, noNulls), (NAME, VARCHAR, noNulls), (PASSWORD, VARCHAR, noNulls)], pk=[(ID, INTEGER, noNulls)]) - start
170476 [main] DEBUG org.dbunit.dataset.OrderedTableNameMap  - getTableName(tableName=User) - start
170476 [main] DEBUG org.dbunit.dataset.OrderedTableNameMap  - getTableName(tableName=User) - end - result=USER
170476 [main] DEBUG org.dbunit.dataset.OrderedTableNameMap  - getTableName(tableName=User) - start
170476 [main] DEBUG org.dbunit.dataset.OrderedTableNameMap  - getTableName(tableName=User) - end - result=USER
170476 [main] DEBUG org.dbunit.operation.AbstractOperation  - getQualifiedName(prefix=null, name=USER, connection=_databaseConfig=org.dbunit.database.DatabaseConfig[, _propertyMap={http://www.dbunit.org/properties/statementFactory=org.dbunit.database.statement.PreparedStatementFactory@626bc2b8, http://www.dbunit.org/features/caseSensitiveTableNames=false, http://www.dbunit.org/properties/fetchSize=100, http://www.dbunit.org/features/batchedStatements=false, http://www.dbunit.org/properties/metadataHandler=org.dbunit.database.DefaultMetadataHandler@62baffef, http://www.dbunit.org/properties/datatypeFactory=org.dbunit.dataset.datatype.DefaultDataTypeFactory[_toleratedDeltaMap=org.dbunit.dataset.datatype.ToleratedDeltaMap@6452310a], http://www.dbunit.org/properties/escapePattern=null, http://www.dbunit.org/properties/batchSize=100, http://www.dbunit.org/features/qualifiedTableNames=false, http://www.dbunit.org/properties/tableType=[Ljava.lang.String;@5011bafa, http://www.dbunit.org/properties/resultSetTableFactory=org.dbunit.database.CachedResultSetTableFactory@10bcf083, http://www.dbunit.org/features/datatypeWarning=true}], _dataSet=AbstractDataSet[_orderedTableNameMap=null]) - start
170476 [main] TRACE org.dbunit.database.DatabaseConfig  - getProperty(name=http://www.dbunit.org/properties/escapePattern) - start
170476 [main] DEBUG org.dbunit.util.QualifiedTableName  - getQualifiedName() - start
170476 [main] DEBUG org.dbunit.util.QualifiedTableName  - getQualifiedName(prefix=null, name=USER, escapePattern=null) - start
170476 [main] DEBUG org.dbunit.database.statement.SimpleStatement  - addBatch(sql=delete from USER) - start
170476 [main] DEBUG org.dbunit.operation.DeleteAllOperation  - Added SQL: delete from USER
170476 [main] DEBUG org.dbunit.database.DatabaseDataSet  - getTableMetaData(tableName=Scope_RequestContext) - start
170476 [main] DEBUG org.dbunit.database.DatabaseDataSet  - initialize() - start
170476 [main] DEBUG org.dbunit.dataset.OrderedTableNameMap  - getTableName(tableName=Scope_RequestContext) - start
170476 [main] DEBUG org.dbunit.dataset.OrderedTableNameMap  - getTableName(tableName=Scope_RequestContext) - end - result=SCOPE_REQUESTCONTEXT
170476 [main] DEBUG org.dbunit.dataset.OrderedTableNameMap  - getTableName(tableName=Scope_RequestContext) - start
170477 [main] DEBUG org.dbunit.dataset.OrderedTableNameMap  - getTableName(tableName=Scope_RequestContext) - end - result=SCOPE_REQUESTCONTEXT
170477 [main] DEBUG org.dbunit.database.DatabaseDataSourceConnection  - getConnection() - start
170477 [main] TRACE org.dbunit.util.SQLHelper  - correctCase(tableName=Scope_RequestContext, connection=Transaction-aware proxy for target Connection [jdbc:hsqldb:mem:kontrollDS, UserName=sw, HSQL Database Engine Driver]) - start
170477 [main] TRACE org.dbunit.util.SQLHelper  - correctCase(tableName=Scope_RequestContext, databaseMetaData=org.apache.commons.dbcp.DelegatingDatabaseMetaData@71950ff5) - start
170477 [main] TRACE org.dbunit.util.SQLHelper  - isEscaped(tableName=Scope_RequestContext, dbIdentifierQuoteString=") - start
170477 [main] DEBUG org.dbunit.util.SQLHelper  - isEscaped returns 'false' for tableName=Scope_RequestContext (dbIdentifierQuoteString=")
170477 [main] DEBUG org.dbunit.util.SQLHelper  - class org.dbunit.database.DatabaseTableMetaData. Corrected table name: oldValue=Scope_RequestContext newValue=SCOPE_REQUESTCONTEXT
170477 [main] DEBUG org.dbunit.database.DatabaseTableMetaData  - Validating if table 'SCOPE_REQUESTCONTEXT' exists in schema 'null' ...
170477 [main] TRACE org.dbunit.database.DatabaseConfig  - getProperty(name=http://www.dbunit.org/properties/metadataHandler) - start
170477 [main] TRACE org.dbunit.database.DefaultMetadataHandler  - tableExists(metaData=org.apache.commons.dbcp.DelegatingDatabaseMetaData@714ad814, schemaName=null, tableName=SCOPE_REQUESTCONTEXT) - start
170478 [main] DEBUG org.dbunit.util.SQLHelper  - close(resultSet=org.apache.commons.dbcp.DelegatingResultSet@c08eb23) - start
170478 [main] DEBUG org.dbunit.database.DatabaseTableMetaData  - getColumns() - start
170478 [main] DEBUG org.dbunit.database.DatabaseDataSourceConnection  - getConnection() - start
170478 [main] TRACE org.dbunit.database.DatabaseConfig  - getProperty(name=http://www.dbunit.org/properties/metadataHandler) - start
170478 [main] TRACE org.dbunit.database.DefaultMetadataHandler  - getColumns(databaseMetaData=org.apache.commons.dbcp.DelegatingDatabaseMetaData@1d854d01, schemaName=null, tableName=SCOPE_REQUESTCONTEXT) - start
170495 [main] TRACE org.dbunit.database.DatabaseConfig  - getProperty(name=http://www.dbunit.org/properties/datatypeFactory) - start
170496 [main] DEBUG org.dbunit.database.DatabaseDataSourceConnection  - getConnection() - start
170496 [main] WARN  org.dbunit.dataset.AbstractTableMetaData  - Potential problem found: The configured data type factory 'class org.dbunit.dataset.datatype.DefaultDataTypeFactory' might cause problems with the current database 'HSQL Database Engine' (e.g. some datatypes may not be supported properly). In rare cases you might see this message because the list of supported database products is incomplete (list=[derby]). If so please request a java-class update via the forums.If you are using your own IDataTypeFactory extending DefaultDataTypeFactory, ensure that you override getValidDbProducts() to specify the supported database products.
170496 [main] TRACE org.dbunit.database.DatabaseConfig  - getFeature(name=http://www.dbunit.org/features/datatypeWarning) - start
170496 [main] TRACE org.dbunit.database.DatabaseConfig  - getProperty(name=http://www.dbunit.org/features/datatypeWarning) - start
170496 [main] TRACE org.dbunit.database.DefaultMetadataHandler  - matches(columnsResultSet=org.apache.commons.dbcp.DelegatingResultSet@70a7ca05, catalog=null, schema=null, table=SCOPE_REQUESTCONTEXT, column=null, caseSensitive=false) - start
170496 [main] DEBUG org.dbunit.database.DefaultMetadataHandler  - Comparing the following values using caseSensitive=false (searched<=>actual): catalog: null<=>PUBLIC schema: null<=>PUBLIC table: SCOPE_REQUESTCONTEXT<=>SCOPE_REQUESTCONTEXT column: null<=>REQUEST_CONTEXT_ID
170496 [main] DEBUG org.dbunit.dataset.datatype.DefaultDataTypeFactory  - createDataType(sqlType=4 , sqlTypeName=INTEGER, tableName=SCOPE_REQUESTCONTEXT, columnName=REQUEST_CONTEXT_ID) - start
170496 [main] DEBUG org.dbunit.dataset.datatype.DefaultDataTypeFactory  - createDataType(sqlType=4, sqlTypeName=INTEGER) - start
170496 [main] DEBUG org.dbunit.dataset.datatype.DataType  - forSqlType(sqlType=4) - start
170496 [main] DEBUG org.dbunit.dataset.datatype.AbstractDataType  - getSqlType() - start
170496 [main] DEBUG org.dbunit.dataset.datatype.AbstractDataType  - getSqlType() - start
170496 [main] DEBUG org.dbunit.dataset.datatype.AbstractDataType  - getSqlType() - start
170496 [main] DEBUG org.dbunit.dataset.datatype.AbstractDataType  - getSqlType() - start
170496 [main] DEBUG org.dbunit.dataset.datatype.AbstractDataType  - getSqlType() - start
170496 [main] DEBUG org.dbunit.dataset.datatype.AbstractDataType  - getSqlType() - start
170497 [main] DEBUG org.dbunit.dataset.datatype.AbstractDataType  - getSqlType() - start
170497 [main] DEBUG org.dbunit.dataset.datatype.AbstractDataType  - getSqlType() - start
170497 [main] DEBUG org.dbunit.dataset.datatype.AbstractDataType  - getSqlType() - start
170497 [main] DEBUG org.dbunit.dataset.datatype.AbstractDataType  - getSqlType() - start
170497 [main] DEBUG org.dbunit.dataset.datatype.AbstractDataType  - getSqlType() - start
170497 [main] DEBUG org.dbunit.dataset.datatype.AbstractDataType  - getSqlType() - start
170497 [main] DEBUG org.dbunit.dataset.Column  - nullableValue(nullable=0) - start
170497 [main] DEBUG org.dbunit.dataset.Column  - autoIncrementValue(isAutoIncrement=NO) - start
170497 [main] TRACE org.dbunit.database.DefaultMetadataHandler  - matches(columnsResultSet=org.apache.commons.dbcp.DelegatingResultSet@70a7ca05, catalog=null, schema=null, table=SCOPE_REQUESTCONTEXT, column=null, caseSensitive=false) - start
170497 [main] DEBUG org.dbunit.database.DefaultMetadataHandler  - Comparing the following values using caseSensitive=false (searched<=>actual): catalog: null<=>PUBLIC schema: null<=>PUBLIC table: SCOPE_REQUESTCONTEXT<=>SCOPE_REQUESTCONTEXT column: null<=>SCOPE_ID
170498 [main] DEBUG org.dbunit.dataset.datatype.DefaultDataTypeFactory  - createDataType(sqlType=4 , sqlTypeName=INTEGER, tableName=SCOPE_REQUESTCONTEXT, columnName=SCOPE_ID) - start
170498 [main] DEBUG org.dbunit.dataset.datatype.DefaultDataTypeFactory  - createDataType(sqlType=4, sqlTypeName=INTEGER) - start
170498 [main] DEBUG org.dbunit.dataset.datatype.DataType  - forSqlType(sqlType=4) - start
170498 [main] DEBUG org.dbunit.dataset.datatype.AbstractDataType  - getSqlType() - start
170498 [main] DEBUG org.dbunit.dataset.datatype.AbstractDataType  - getSqlType() - start
170498 [main] DEBUG org.dbunit.dataset.datatype.AbstractDataType  - getSqlType() - start
170498 [main] DEBUG org.dbunit.dataset.datatype.AbstractDataType  - getSqlType() - start
170498 [main] DEBUG org.dbunit.dataset.datatype.AbstractDataType  - getSqlType() - start
170498 [main] DEBUG org.dbunit.dataset.datatype.AbstractDataType  - getSqlType() - start
170498 [main] DEBUG org.dbunit.dataset.datatype.AbstractDataType  - getSqlType() - start
170498 [main] DEBUG org.dbunit.dataset.datatype.AbstractDataType  - getSqlType() - start
170498 [main] DEBUG org.dbunit.dataset.datatype.AbstractDataType  - getSqlType() - start
170498 [main] DEBUG org.dbunit.dataset.datatype.AbstractDataType  - getSqlType() - start
170498 [main] DEBUG org.dbunit.dataset.datatype.AbstractDataType  - getSqlType() - start
170498 [main] DEBUG org.dbunit.dataset.datatype.AbstractDataType  - getSqlType() - start
170498 [main] DEBUG org.dbunit.dataset.Column  - nullableValue(nullable=0) - start
170498 [main] DEBUG org.dbunit.dataset.Column  - autoIncrementValue(isAutoIncrement=NO) - start
170498 [main] DEBUG org.dbunit.database.DatabaseTableMetaData  - getPrimaryKeys() - start
170498 [main] TRACE org.dbunit.database.DatabaseConfig  - getProperty(name=http://www.dbunit.org/properties/primaryKeyFilter) - start
170498 [main] DEBUG org.dbunit.database.DatabaseTableMetaData  - getPrimaryKeyNames() - start
170498 [main] DEBUG org.dbunit.database.DatabaseDataSourceConnection  - getConnection() - start
170498 [main] TRACE org.dbunit.database.DatabaseConfig  - getProperty(name=http://www.dbunit.org/properties/metadataHandler) - start
170498 [main] TRACE org.dbunit.database.DefaultMetadataHandler  - getPrimaryKeys(metaData=org.apache.commons.dbcp.DelegatingDatabaseMetaData@17c0480b, schemaName=null, tableName=SCOPE_REQUESTCONTEXT) - start
170499 [main] DEBUG org.dbunit.database.DatabaseTableMetaData  - getColumns() - start
170499 [main] DEBUG org.dbunit.dataset.Columns  - getColumns(columnNames=[], columns=[(REQUEST_CONTEXT_ID, INTEGER, noNulls), (SCOPE_ID, INTEGER, noNulls)]) - start
170499 [main] DEBUG org.dbunit.dataset.OrderedTableNameMap  - update(tableName=Scope_RequestContext, object=table=SCOPE_REQUESTCONTEXT, cols=[(REQUEST_CONTEXT_ID, INTEGER, noNulls), (SCOPE_ID, INTEGER, noNulls)], pk=[]) - start
170499 [main] DEBUG org.dbunit.dataset.OrderedTableNameMap  - getTableName(tableName=Scope_RequestContext) - start
170499 [main] DEBUG org.dbunit.dataset.OrderedTableNameMap  - getTableName(tableName=Scope_RequestContext) - end - result=SCOPE_REQUESTCONTEXT
170499 [main] DEBUG org.dbunit.dataset.OrderedTableNameMap  - getTableName(tableName=Scope_RequestContext) - start
170499 [main] DEBUG org.dbunit.dataset.OrderedTableNameMap  - getTableName(tableName=Scope_RequestContext) - end - result=SCOPE_REQUESTCONTEXT
170499 [main] DEBUG org.dbunit.operation.AbstractOperation  - getQualifiedName(prefix=null, name=SCOPE_REQUESTCONTEXT, connection=_databaseConfig=org.dbunit.database.DatabaseConfig[, _propertyMap={http://www.dbunit.org/properties/statementFactory=org.dbunit.database.statement.PreparedStatementFactory@626bc2b8, http://www.dbunit.org/features/caseSensitiveTableNames=false, http://www.dbunit.org/properties/fetchSize=100, http://www.dbunit.org/features/batchedStatements=false, http://www.dbunit.org/properties/metadataHandler=org.dbunit.database.DefaultMetadataHandler@62baffef, http://www.dbunit.org/properties/datatypeFactory=org.dbunit.dataset.datatype.DefaultDataTypeFactory[_toleratedDeltaMap=org.dbunit.dataset.datatype.ToleratedDeltaMap@6452310a], http://www.dbunit.org/properties/escapePattern=null, http://www.dbunit.org/properties/batchSize=100, http://www.dbunit.org/features/qualifiedTableNames=false, http://www.dbunit.org/properties/tableType=[Ljava.lang.String;@5011bafa, http://www.dbunit.org/properties/resultSetTableFactory=org.dbunit.database.CachedResultSetTableFactory@10bcf083, http://www.dbunit.org/features/datatypeWarning=true}], _dataSet=AbstractDataSet[_orderedTableNameMap=null]) - start
170512 [main] TRACE org.dbunit.database.DatabaseConfig  - getProperty(name=http://www.dbunit.org/properties/escapePattern) - start
170512 [main] DEBUG org.dbunit.util.QualifiedTableName  - getQualifiedName() - start
170512 [main] DEBUG org.dbunit.util.QualifiedTableName  - getQualifiedName(prefix=null, name=SCOPE_REQUESTCONTEXT, escapePattern=null) - start
170512 [main] DEBUG org.dbunit.database.statement.SimpleStatement  - addBatch(sql=delete from SCOPE_REQUESTCONTEXT) - start
170512 [main] DEBUG org.dbunit.operation.DeleteAllOperation  - Added SQL: delete from SCOPE_REQUESTCONTEXT
170512 [main] DEBUG org.dbunit.database.DatabaseDataSet  - getTableMetaData(tableName=ScopedContent_ScopedContentItem) - start
170512 [main] DEBUG org.dbunit.database.DatabaseDataSet  - initialize() - start
170512 [main] DEBUG org.dbunit.dataset.OrderedTableNameMap  - getTableName(tableName=ScopedContent_ScopedContentItem) - start
170512 [main] DEBUG org.dbunit.dataset.OrderedTableNameMap  - getTableName(tableName=ScopedContent_ScopedContentItem) - end - result=SCOPEDCONTENT_SCOPEDCONTENTITEM
170512 [main] DEBUG org.dbunit.dataset.OrderedTableNameMap  - getTableName(tableName=ScopedContent_ScopedContentItem) - start
170512 [main] DEBUG org.dbunit.dataset.OrderedTableNameMap  - getTableName(tableName=ScopedContent_ScopedContentItem) - end - result=SCOPEDCONTENT_SCOPEDCONTENTITEM
170512 [main] DEBUG org.dbunit.database.DatabaseDataSourceConnection  - getConnection() - start
170512 [main] TRACE org.dbunit.util.SQLHelper  - correctCase(tableName=ScopedContent_ScopedContentItem, connection=Transaction-aware proxy for target Connection [jdbc:hsqldb:mem:kontrollDS, UserName=sw, HSQL Database Engine Driver]) - start
170512 [main] TRACE org.dbunit.util.SQLHelper  - correctCase(tableName=ScopedContent_ScopedContentItem, databaseMetaData=org.apache.commons.dbcp.DelegatingDatabaseMetaData@61980e9a) - start
170512 [main] TRACE org.dbunit.util.SQLHelper  - isEscaped(tableName=ScopedContent_ScopedContentItem, dbIdentifierQuoteString=") - start
170512 [main] DEBUG org.dbunit.util.SQLHelper  - isEscaped returns 'false' for tableName=ScopedContent_ScopedContentItem (dbIdentifierQuoteString=")
170512 [main] DEBUG org.dbunit.util.SQLHelper  - class org.dbunit.database.DatabaseTableMetaData. Corrected table name: oldValue=ScopedContent_ScopedContentItem newValue=SCOPEDCONTENT_SCOPEDCONTENTITEM
170512 [main] DEBUG org.dbunit.database.DatabaseTableMetaData  - Validating if table 'SCOPEDCONTENT_SCOPEDCONTENTITEM' exists in schema 'null' ...
170512 [main] TRACE org.dbunit.database.DatabaseConfig  - getProperty(name=http://www.dbunit.org/properties/metadataHandler) - start
170512 [main] TRACE org.dbunit.database.DefaultMetadataHandler  - tableExists(metaData=org.apache.commons.dbcp.DelegatingDatabaseMetaData@45e6d284, schemaName=null, tableName=SCOPEDCONTENT_SCOPEDCONTENTITEM) - start
170513 [main] DEBUG org.dbunit.util.SQLHelper  - close(resultSet=org.apache.commons.dbcp.DelegatingResultSet@5d87eeac) - start
170513 [main] DEBUG org.dbunit.database.DatabaseTableMetaData  - getColumns() - start
170513 [main] DEBUG org.dbunit.database.DatabaseDataSourceConnection  - getConnection() - start
170513 [main] TRACE org.dbunit.database.DatabaseConfig  - getProperty(name=http://www.dbunit.org/properties/metadataHandler) - start
170513 [main] TRACE org.dbunit.database.DefaultMetadataHandler  - getColumns(databaseMetaData=org.apache.commons.dbcp.DelegatingDatabaseMetaData@7468e2d, schemaName=null, tableName=SCOPEDCONTENT_SCOPEDCONTENTITEM) - start
170530 [main] TRACE org.dbunit.database.DatabaseConfig  - getProperty(name=http://www.dbunit.org/properties/datatypeFactory) - start
170530 [main] DEBUG org.dbunit.database.DatabaseDataSourceConnection  - getConnection() - start
170530 [main] WARN  org.dbunit.dataset.AbstractTableMetaData  - Potential problem found: The configured data type factory 'class org.dbunit.dataset.datatype.DefaultDataTypeFactory' might cause problems with the current database 'HSQL Database Engine' (e.g. some datatypes may not be supported properly). In rare cases you might see this message because the list of supported database products is incomplete (list=[derby]). If so please request a java-class update via the forums.If you are using your own IDataTypeFactory extending DefaultDataTypeFactory, ensure that you override getValidDbProducts() to specify the supported database products.
170530 [main] TRACE org.dbunit.database.DatabaseConfig  - getFeature(name=http://www.dbunit.org/features/datatypeWarning) - start
170530 [main] TRACE org.dbunit.database.DatabaseConfig  - getProperty(name=http://www.dbunit.org/features/datatypeWarning) - start
170530 [main] TRACE org.dbunit.database.DefaultMetadataHandler  - matches(columnsResultSet=org.apache.commons.dbcp.DelegatingResultSet@350972, catalog=null, schema=null, table=SCOPEDCONTENT_SCOPEDCONTENTITEM, column=null, caseSensitive=false) - start
170530 [main] DEBUG org.dbunit.database.DefaultMetadataHandler  - Comparing the following values using caseSensitive=false (searched<=>actual): catalog: null<=>PUBLIC schema: null<=>PUBLIC table: SCOPEDCONTENT_SCOPEDCONTENTITEM<=>SCOPEDCONTENT_SCOPEDCONTENTITEM column: null<=>SCOPED_CONTENT_ID
170530 [main] DEBUG org.dbunit.dataset.datatype.DefaultDataTypeFactory  - createDataType(sqlType=4 , sqlTypeName=INTEGER, tableName=SCOPEDCONTENT_SCOPEDCONTENTITEM, columnName=SCOPED_CONTENT_ID) - start
170530 [main] DEBUG org.dbunit.dataset.datatype.DefaultDataTypeFactory  - createDataType(sqlType=4, sqlTypeName=INTEGER) - start
170530 [main] DEBUG org.dbunit.dataset.datatype.DataType  - forSqlType(sqlType=4) - start
170530 [main] DEBUG org.dbunit.dataset.datatype.AbstractDataType  - getSqlType() - start
170530 [main] DEBUG org.dbunit.dataset.datatype.AbstractDataType  - getSqlType() - start
170530 [main] DEBUG org.dbunit.dataset.datatype.AbstractDataType  - getSqlType() - start
170530 [main] DEBUG org.dbunit.dataset.datatype.AbstractDataType  - getSqlType() - start
170530 [main] DEBUG org.dbunit.dataset.datatype.AbstractDataType  - getSqlType() - start
170530 [main] DEBUG org.dbunit.dataset.datatype.AbstractDataType  - getSqlType() - start
170530 [main] DEBUG org.dbunit.dataset.datatype.AbstractDataType  - getSqlType() - start
170530 [main] DEBUG org.dbunit.dataset.datatype.AbstractDataType  - getSqlType() - start
170530 [main] DEBUG org.dbunit.dataset.datatype.AbstractDataType  - getSqlType() - start
170530 [main] DEBUG org.dbunit.dataset.datatype.AbstractDataType  - getSqlType() - start
170530 [main] DEBUG org.dbunit.dataset.datatype.AbstractDataType  - getSqlType() - start
170530 [main] DEBUG org.dbunit.dataset.datatype.AbstractDataType  - getSqlType() - start
170530 [main] DEBUG org.dbunit.dataset.Column  - nullableValue(nullable=0) - start
170530 [main] DEBUG org.dbunit.dataset.Column  - autoIncrementValue(isAutoIncrement=NO) - start
170530 [main] TRACE org.dbunit.database.DefaultMetadataHandler  - matches(columnsResultSet=org.apache.commons.dbcp.DelegatingResultSet@350972, catalog=null, schema=null, table=SCOPEDCONTENT_SCOPEDCONTENTITEM, column=null, caseSensitive=false) - start
170531 [main] DEBUG org.dbunit.database.DefaultMetadataHandler  - Comparing the following values using caseSensitive=false (searched<=>actual): catalog: null<=>PUBLIC schema: null<=>PUBLIC table: SCOPEDCONTENT_SCOPEDCONTENTITEM<=>SCOPEDCONTENT_SCOPEDCONTENTITEM column: null<=>SCOPED_CONTENT_ITEM_ID
170531 [main] DEBUG org.dbunit.dataset.datatype.DefaultDataTypeFactory  - createDataType(sqlType=4 , sqlTypeName=INTEGER, tableName=SCOPEDCONTENT_SCOPEDCONTENTITEM, columnName=SCOPED_CONTENT_ITEM_ID) - start
170531 [main] DEBUG org.dbunit.dataset.datatype.DefaultDataTypeFactory  - createDataType(sqlType=4, sqlTypeName=INTEGER) - start
170531 [main] DEBUG org.dbunit.dataset.datatype.DataType  - forSqlType(sqlType=4) - start
170531 [main] DEBUG org.dbunit.dataset.datatype.AbstractDataType  - getSqlType() - start
170531 [main] DEBUG org.dbunit.dataset.datatype.AbstractDataType  - getSqlType() - start
170531 [main] DEBUG org.dbunit.dataset.datatype.AbstractDataType  - getSqlType() - start
170531 [main] DEBUG org.dbunit.dataset.datatype.AbstractDataType  - getSqlType() - start
170531 [main] DEBUG org.dbunit.dataset.datatype.AbstractDataType  - getSqlType() - start
170531 [main] DEBUG org.dbunit.dataset.datatype.AbstractDataType  - getSqlType() - start
170531 [main] DEBUG org.dbunit.dataset.datatype.AbstractDataType  - getSqlType() - start
170531 [main] DEBUG org.dbunit.dataset.datatype.AbstractDataType  - getSqlType() - start
170531 [main] DEBUG org.dbunit.dataset.datatype.AbstractDataType  - getSqlType() - start
170531 [main] DEBUG org.dbunit.dataset.datatype.AbstractDataType  - getSqlType() - start
170531 [main] DEBUG org.dbunit.dataset.datatype.AbstractDataType  - getSqlType() - start
170531 [main] DEBUG org.dbunit.dataset.datatype.AbstractDataType  - getSqlType() - start
170531 [main] DEBUG org.dbunit.dataset.Column  - nullableValue(nullable=0) - start
170531 [main] DEBUG org.dbunit.dataset.Column  - autoIncrementValue(isAutoIncrement=NO) - start
170531 [main] DEBUG org.dbunit.database.DatabaseTableMetaData  - getPrimaryKeys() - start
170531 [main] TRACE org.dbunit.database.DatabaseConfig  - getProperty(name=http://www.dbunit.org/properties/primaryKeyFilter) - start
170531 [main] DEBUG org.dbunit.database.DatabaseTableMetaData  - getPrimaryKeyNames() - start
170531 [main] DEBUG org.dbunit.database.DatabaseDataSourceConnection  - getConnection() - start
170531 [main] TRACE org.dbunit.database.DatabaseConfig  - getProperty(name=http://www.dbunit.org/properties/metadataHandler) - start
170531 [main] TRACE org.dbunit.database.DefaultMetadataHandler  - getPrimaryKeys(metaData=org.apache.commons.dbcp.DelegatingDatabaseMetaData@19ff1b79, schemaName=null, tableName=SCOPEDCONTENT_SCOPEDCONTENTITEM) - start
170532 [main] DEBUG org.dbunit.database.DatabaseTableMetaData  - getColumns() - start
170532 [main] DEBUG org.dbunit.dataset.Columns  - getColumns(columnNames=[], columns=[(SCOPED_CONTENT_ID, INTEGER, noNulls), (SCOPED_CONTENT_ITEM_ID, INTEGER, noNulls)]) - start
170532 [main] DEBUG org.dbunit.dataset.OrderedTableNameMap  - update(tableName=ScopedContent_ScopedContentItem, object=table=SCOPEDCONTENT_SCOPEDCONTENTITEM, cols=[(SCOPED_CONTENT_ID, INTEGER, noNulls), (SCOPED_CONTENT_ITEM_ID, INTEGER, noNulls)], pk=[]) - start
170532 [main] DEBUG org.dbunit.dataset.OrderedTableNameMap  - getTableName(tableName=ScopedContent_ScopedContentItem) - start
170532 [main] DEBUG org.dbunit.dataset.OrderedTableNameMap  - getTableName(tableName=ScopedContent_ScopedContentItem) - end - result=SCOPEDCONTENT_SCOPEDCONTENTITEM
170532 [main] DEBUG org.dbunit.dataset.OrderedTableNameMap  - getTableName(tableName=ScopedContent_ScopedContentItem) - start
170532 [main] DEBUG org.dbunit.dataset.OrderedTableNameMap  - getTableName(tableName=ScopedContent_ScopedContentItem) - end - result=SCOPEDCONTENT_SCOPEDCONTENTITEM
170532 [main] DEBUG org.dbunit.operation.AbstractOperation  - getQualifiedName(prefix=null, name=SCOPEDCONTENT_SCOPEDCONTENTITEM, connection=_databaseConfig=org.dbunit.database.DatabaseConfig[, _propertyMap={http://www.dbunit.org/properties/statementFactory=org.dbunit.database.statement.PreparedStatementFactory@626bc2b8, http://www.dbunit.org/features/caseSensitiveTableNames=false, http://www.dbunit.org/properties/fetchSize=100, http://www.dbunit.org/features/batchedStatements=false, http://www.dbunit.org/properties/metadataHandler=org.dbunit.database.DefaultMetadataHandler@62baffef, http://www.dbunit.org/properties/datatypeFactory=org.dbunit.dataset.datatype.DefaultDataTypeFactory[_toleratedDeltaMap=org.dbunit.dataset.datatype.ToleratedDeltaMap@6452310a], http://www.dbunit.org/properties/escapePattern=null, http://www.dbunit.org/properties/batchSize=100, http://www.dbunit.org/features/qualifiedTableNames=false, http://www.dbunit.org/properties/tableType=[Ljava.lang.String;@5011bafa, http://www.dbunit.org/properties/resultSetTableFactory=org.dbunit.database.CachedResultSetTableFactory@10bcf083, http://www.dbunit.org/features/datatypeWarning=true}], _dataSet=AbstractDataSet[_orderedTableNameMap=null]) - start
170532 [main] TRACE org.dbunit.database.DatabaseConfig  - getProperty(name=http://www.dbunit.org/properties/escapePattern) - start
170532 [main] DEBUG org.dbunit.util.QualifiedTableName  - getQualifiedName() - start
170532 [main] DEBUG org.dbunit.util.QualifiedTableName  - getQualifiedName(prefix=null, name=SCOPEDCONTENT_SCOPEDCONTENTITEM, escapePattern=null) - start
170532 [main] DEBUG org.dbunit.database.statement.SimpleStatement  - addBatch(sql=delete from SCOPEDCONTENT_SCOPEDCONTENTITEM) - start
170532 [main] DEBUG org.dbunit.operation.DeleteAllOperation  - Added SQL: delete from SCOPEDCONTENT_SCOPEDCONTENTITEM
170532 [main] DEBUG org.dbunit.database.DatabaseDataSet  - getTableMetaData(tableName=ScopedContentConditions_ScopedContentItem) - start
170532 [main] DEBUG org.dbunit.database.DatabaseDataSet  - initialize() - start
170532 [main] DEBUG org.dbunit.dataset.OrderedTableNameMap  - getTableName(tableName=ScopedContentConditions_ScopedContentItem) - start
170532 [main] DEBUG org.dbunit.dataset.OrderedTableNameMap  - getTableName(tableName=ScopedContentConditions_ScopedContentItem) - end - result=SCOPEDCONTENTCONDITIONS_SCOPEDCONTENTITEM
170532 [main] DEBUG org.dbunit.dataset.OrderedTableNameMap  - getTableName(tableName=ScopedContentConditions_ScopedContentItem) - start
170532 [main] DEBUG org.dbunit.dataset.OrderedTableNameMap  - getTableName(tableName=ScopedContentConditions_ScopedContentItem) - end - result=SCOPEDCONTENTCONDITIONS_SCOPEDCONTENTITEM
170532 [main] DEBUG org.dbunit.database.DatabaseDataSourceConnection  - getConnection() - start
170532 [main] TRACE org.dbunit.util.SQLHelper  - correctCase(tableName=ScopedContentConditions_ScopedContentItem, connection=Transaction-aware proxy for target Connection [jdbc:hsqldb:mem:kontrollDS, UserName=sw, HSQL Database Engine Driver]) - start
170532 [main] TRACE org.dbunit.util.SQLHelper  - correctCase(tableName=ScopedContentConditions_ScopedContentItem, databaseMetaData=org.apache.commons.dbcp.DelegatingDatabaseMetaData@1b9d8b82) - start
170533 [main] TRACE org.dbunit.util.SQLHelper  - isEscaped(tableName=ScopedContentConditions_ScopedContentItem, dbIdentifierQuoteString=") - start
170533 [main] DEBUG org.dbunit.util.SQLHelper  - isEscaped returns 'false' for tableName=ScopedContentConditions_ScopedContentItem (dbIdentifierQuoteString=")
170533 [main] DEBUG org.dbunit.util.SQLHelper  - class org.dbunit.database.DatabaseTableMetaData. Corrected table name: oldValue=ScopedContentConditions_ScopedContentItem newValue=SCOPEDCONTENTCONDITIONS_SCOPEDCONTENTITEM
170533 [main] DEBUG org.dbunit.database.DatabaseTableMetaData  - Validating if table 'SCOPEDCONTENTCONDITIONS_SCOPEDCONTENTITEM' exists in schema 'null' ...
170533 [main] TRACE org.dbunit.database.DatabaseConfig  - getProperty(name=http://www.dbunit.org/properties/metadataHandler) - start
170533 [main] TRACE org.dbunit.database.DefaultMetadataHandler  - tableExists(metaData=org.apache.commons.dbcp.DelegatingDatabaseMetaData@43211f8, schemaName=null, tableName=SCOPEDCONTENTCONDITIONS_SCOPEDCONTENTITEM) - start
170534 [main] DEBUG org.dbunit.util.SQLHelper  - close(resultSet=org.apache.commons.dbcp.DelegatingResultSet@5112625b) - start
170534 [main] DEBUG org.dbunit.database.DatabaseTableMetaData  - getColumns() - start
170534 [main] DEBUG org.dbunit.database.DatabaseDataSourceConnection  - getConnection() - start
170534 [main] TRACE org.dbunit.database.DatabaseConfig  - getProperty(name=http://www.dbunit.org/properties/metadataHandler) - start
170534 [main] TRACE org.dbunit.database.DefaultMetadataHandler  - getColumns(databaseMetaData=org.apache.commons.dbcp.DelegatingDatabaseMetaData@df76df2, schemaName=null, tableName=SCOPEDCONTENTCONDITIONS_SCOPEDCONTENTITEM) - start
170549 [main] TRACE org.dbunit.database.DatabaseConfig  - getProperty(name=http://www.dbunit.org/properties/datatypeFactory) - start
170549 [main] DEBUG org.dbunit.database.DatabaseDataSourceConnection  - getConnection() - start
170549 [main] WARN  org.dbunit.dataset.AbstractTableMetaData  - Potential problem found: The configured data type factory 'class org.dbunit.dataset.datatype.DefaultDataTypeFactory' might cause problems with the current database 'HSQL Database Engine' (e.g. some datatypes may not be supported properly). In rare cases you might see this message because the list of supported database products is incomplete (list=[derby]). If so please request a java-class update via the forums.If you are using your own IDataTypeFactory extending DefaultDataTypeFactory, ensure that you override getValidDbProducts() to specify the supported database products.
170549 [main] TRACE org.dbunit.database.DatabaseConfig  - getFeature(name=http://www.dbunit.org/features/datatypeWarning) - start
170549 [main] TRACE org.dbunit.database.DatabaseConfig  - getProperty(name=http://www.dbunit.org/features/datatypeWarning) - start
170549 [main] TRACE org.dbunit.database.DefaultMetadataHandler  - matches(columnsResultSet=org.apache.commons.dbcp.DelegatingResultSet@3ef9a2aa, catalog=null, schema=null, table=SCOPEDCONTENTCONDITIONS_SCOPEDCONTENTITEM, column=null, caseSensitive=false) - start
170549 [main] DEBUG org.dbunit.database.DefaultMetadataHandler  - Comparing the following values using caseSensitive=false (searched<=>actual): catalog: null<=>PUBLIC schema: null<=>PUBLIC table: SCOPEDCONTENTCONDITIONS_SCOPEDCONTENTITEM<=>SCOPEDCONTENTCONDITIONS_SCOPEDCONTENTITEM column: null<=>SCOPED_CONTENT_CONDITION_ID
170550 [main] DEBUG org.dbunit.dataset.datatype.DefaultDataTypeFactory  - createDataType(sqlType=4 , sqlTypeName=INTEGER, tableName=SCOPEDCONTENTCONDITIONS_SCOPEDCONTENTITEM, columnName=SCOPED_CONTENT_CONDITION_ID) - start
170550 [main] DEBUG org.dbunit.dataset.datatype.DefaultDataTypeFactory  - createDataType(sqlType=4, sqlTypeName=INTEGER) - start
170550 [main] DEBUG org.dbunit.dataset.datatype.DataType  - forSqlType(sqlType=4) - start
170550 [main] DEBUG org.dbunit.dataset.datatype.AbstractDataType  - getSqlType() - start
170550 [main] DEBUG org.dbunit.dataset.datatype.AbstractDataType  - getSqlType() - start
170550 [main] DEBUG org.dbunit.dataset.datatype.AbstractDataType  - getSqlType() - start
170550 [main] DEBUG org.dbunit.dataset.datatype.AbstractDataType  - getSqlType() - start
170550 [main] DEBUG org.dbunit.dataset.datatype.AbstractDataType  - getSqlType() - start
170550 [main] DEBUG org.dbunit.dataset.datatype.AbstractDataType  - getSqlType() - start
170550 [main] DEBUG org.dbunit.dataset.datatype.AbstractDataType  - getSqlType() - start
170550 [main] DEBUG org.dbunit.dataset.datatype.AbstractDataType  - getSqlType() - start
170550 [main] DEBUG org.dbunit.dataset.datatype.AbstractDataType  - getSqlType() - start
170550 [main] DEBUG org.dbunit.dataset.datatype.AbstractDataType  - getSqlType() - start
170550 [main] DEBUG org.dbunit.dataset.datatype.AbstractDataType  - getSqlType() - start
170550 [main] DEBUG org.dbunit.dataset.datatype.AbstractDataType  - getSqlType() - start
170550 [main] DEBUG org.dbunit.dataset.Column  - nullableValue(nullable=0) - start
170550 [main] DEBUG org.dbunit.dataset.Column  - autoIncrementValue(isAutoIncrement=NO) - start
170550 [main] TRACE org.dbunit.database.DefaultMetadataHandler  - matches(columnsResultSet=org.apache.commons.dbcp.DelegatingResultSet@3ef9a2aa, catalog=null, schema=null, table=SCOPEDCONTENTCONDITIONS_SCOPEDCONTENTITEM, column=null, caseSensitive=false) - start
170550 [main] DEBUG org.dbunit.database.DefaultMetadataHandler  - Comparing the following values using caseSensitive=false (searched<=>actual): catalog: null<=>PUBLIC schema: null<=>PUBLIC table: SCOPEDCONTENTCONDITIONS_SCOPEDCONTENTITEM<=>SCOPEDCONTENTCONDITIONS_SCOPEDCONTENTITEM column: null<=>SCOPED_CONTENT_ITEM_ID
170550 [main] DEBUG org.dbunit.dataset.datatype.DefaultDataTypeFactory  - createDataType(sqlType=4 , sqlTypeName=INTEGER, tableName=SCOPEDCONTENTCONDITIONS_SCOPEDCONTENTITEM, columnName=SCOPED_CONTENT_ITEM_ID) - start
170550 [main] DEBUG org.dbunit.dataset.datatype.DefaultDataTypeFactory  - createDataType(sqlType=4, sqlTypeName=INTEGER) - start
170550 [main] DEBUG org.dbunit.dataset.datatype.DataType  - forSqlType(sqlType=4) - start
170550 [main] DEBUG org.dbunit.dataset.datatype.AbstractDataType  - getSqlType() - start
170550 [main] DEBUG org.dbunit.dataset.datatype.AbstractDataType  - getSqlType() - start
170550 [main] DEBUG org.dbunit.dataset.datatype.AbstractDataType  - getSqlType() - start
170550 [main] DEBUG org.dbunit.dataset.datatype.AbstractDataType  - getSqlType() - start
170550 [main] DEBUG org.dbunit.dataset.datatype.AbstractDataType  - getSqlType() - start
170550 [main] DEBUG org.dbunit.dataset.datatype.AbstractDataType  - getSqlType() - start
170550 [main] DEBUG org.dbunit.dataset.datatype.AbstractDataType  - getSqlType() - start
170550 [main] DEBUG org.dbunit.dataset.datatype.AbstractDataType  - getSqlType() - start
170550 [main] DEBUG org.dbunit.dataset.datatype.AbstractDataType  - getSqlType() - start
170551 [main] DEBUG org.dbunit.dataset.datatype.AbstractDataType  - getSqlType() - start
170551 [main] DEBUG org.dbunit.dataset.datatype.AbstractDataType  - getSqlType() - start
170551 [main] DEBUG org.dbunit.dataset.datatype.AbstractDataType  - getSqlType() - start
170551 [main] DEBUG org.dbunit.dataset.Column  - nullableValue(nullable=0) - start
170551 [main] DEBUG org.dbunit.dataset.Column  - autoIncrementValue(isAutoIncrement=NO) - start
170551 [main] DEBUG org.dbunit.database.DatabaseTableMetaData  - getPrimaryKeys() - start
170551 [main] TRACE org.dbunit.database.DatabaseConfig  - getProperty(name=http://www.dbunit.org/properties/primaryKeyFilter) - start
170551 [main] DEBUG org.dbunit.database.DatabaseTableMetaData  - getPrimaryKeyNames() - start
170551 [main] DEBUG org.dbunit.database.DatabaseDataSourceConnection  - getConnection() - start
170551 [main] TRACE org.dbunit.database.DatabaseConfig  - getProperty(name=http://www.dbunit.org/properties/metadataHandler) - start
170551 [main] TRACE org.dbunit.database.DefaultMetadataHandler  - getPrimaryKeys(metaData=org.apache.commons.dbcp.DelegatingDatabaseMetaData@77266732, schemaName=null, tableName=SCOPEDCONTENTCONDITIONS_SCOPEDCONTENTITEM) - start
170552 [main] DEBUG org.dbunit.database.DatabaseTableMetaData  - getColumns() - start
170552 [main] DEBUG org.dbunit.dataset.Columns  - getColumns(columnNames=[], columns=[(SCOPED_CONTENT_CONDITION_ID, INTEGER, noNulls), (SCOPED_CONTENT_ITEM_ID, INTEGER, noNulls)]) - start
170552 [main] DEBUG org.dbunit.dataset.OrderedTableNameMap  - update(tableName=ScopedContentConditions_ScopedContentItem, object=table=SCOPEDCONTENTCONDITIONS_SCOPEDCONTENTITEM, cols=[(SCOPED_CONTENT_CONDITION_ID, INTEGER, noNulls), (SCOPED_CONTENT_ITEM_ID, INTEGER, noNulls)], pk=[]) - start
170552 [main] DEBUG org.dbunit.dataset.OrderedTableNameMap  - getTableName(tableName=ScopedContentConditions_ScopedContentItem) - start
170552 [main] DEBUG org.dbunit.dataset.OrderedTableNameMap  - getTableName(tableName=ScopedContentConditions_ScopedContentItem) - end - result=SCOPEDCONTENTCONDITIONS_SCOPEDCONTENTITEM
170552 [main] DEBUG org.dbunit.dataset.OrderedTableNameMap  - getTableName(tableName=ScopedContentConditions_ScopedContentItem) - start
170552 [main] DEBUG org.dbunit.dataset.OrderedTableNameMap  - getTableName(tableName=ScopedContentConditions_ScopedContentItem) - end - result=SCOPEDCONTENTCONDITIONS_SCOPEDCONTENTITEM
170552 [main] DEBUG org.dbunit.operation.AbstractOperation  - getQualifiedName(prefix=null, name=SCOPEDCONTENTCONDITIONS_SCOPEDCONTENTITEM, connection=_databaseConfig=org.dbunit.database.DatabaseConfig[, _propertyMap={http://www.dbunit.org/properties/statementFactory=org.dbunit.database.statement.PreparedStatementFactory@626bc2b8, http://www.dbunit.org/features/caseSensitiveTableNames=false, http://www.dbunit.org/properties/fetchSize=100, http://www.dbunit.org/features/batchedStatements=false, http://www.dbunit.org/properties/metadataHandler=org.dbunit.database.DefaultMetadataHandler@62baffef, http://www.dbunit.org/properties/datatypeFactory=org.dbunit.dataset.datatype.DefaultDataTypeFactory[_toleratedDeltaMap=org.dbunit.dataset.datatype.ToleratedDeltaMap@6452310a], http://www.dbunit.org/properties/escapePattern=null, http://www.dbunit.org/properties/batchSize=100, http://www.dbunit.org/features/qualifiedTableNames=false, http://www.dbunit.org/properties/tableType=[Ljava.lang.String;@5011bafa, http://www.dbunit.org/properties/resultSetTableFactory=org.dbunit.database.CachedResultSetTableFactory@10bcf083, http://www.dbunit.org/features/datatypeWarning=true}], _dataSet=AbstractDataSet[_orderedTableNameMap=null]) - start
170552 [main] TRACE org.dbunit.database.DatabaseConfig  - getProperty(name=http://www.dbunit.org/properties/escapePattern) - start
170552 [main] DEBUG org.dbunit.util.QualifiedTableName  - getQualifiedName() - start
170552 [main] DEBUG org.dbunit.util.QualifiedTableName  - getQualifiedName(prefix=null, name=SCOPEDCONTENTCONDITIONS_SCOPEDCONTENTITEM, escapePattern=null) - start
170552 [main] DEBUG org.dbunit.database.statement.SimpleStatement  - addBatch(sql=delete from SCOPEDCONTENTCONDITIONS_SCOPEDCONTENTITEM) - start
170552 [main] DEBUG org.dbunit.operation.DeleteAllOperation  - Added SQL: delete from SCOPEDCONTENTCONDITIONS_SCOPEDCONTENTITEM
170552 [main] DEBUG org.dbunit.database.DatabaseDataSet  - getTableMetaData(tableName=ScopedContentItem) - start
170552 [main] DEBUG org.dbunit.database.DatabaseDataSet  - initialize() - start
170552 [main] DEBUG org.dbunit.dataset.OrderedTableNameMap  - getTableName(tableName=ScopedContentItem) - start
170552 [main] DEBUG org.dbunit.dataset.OrderedTableNameMap  - getTableName(tableName=ScopedContentItem) - end - result=SCOPEDCONTENTITEM
170552 [main] DEBUG org.dbunit.dataset.OrderedTableNameMap  - getTableName(tableName=ScopedContentItem) - start
170552 [main] DEBUG org.dbunit.dataset.OrderedTableNameMap  - getTableName(tableName=ScopedContentItem) - end - result=SCOPEDCONTENTITEM
170552 [main] DEBUG org.dbunit.database.DatabaseDataSourceConnection  - getConnection() - start
170552 [main] TRACE org.dbunit.util.SQLHelper  - correctCase(tableName=ScopedContentItem, connection=Transaction-aware proxy for target Connection [jdbc:hsqldb:mem:kontrollDS, UserName=sw, HSQL Database Engine Driver]) - start
170552 [main] TRACE org.dbunit.util.SQLHelper  - correctCase(tableName=ScopedContentItem, databaseMetaData=org.apache.commons.dbcp.DelegatingDatabaseMetaData@5a233497) - start
170552 [main] TRACE org.dbunit.util.SQLHelper  - isEscaped(tableName=ScopedContentItem, dbIdentifierQuoteString=") - start
170552 [main] DEBUG org.dbunit.util.SQLHelper  - isEscaped returns 'false' for tableName=ScopedContentItem (dbIdentifierQuoteString=")
170553 [main] DEBUG org.dbunit.util.SQLHelper  - class org.dbunit.database.DatabaseTableMetaData. Corrected table name: oldValue=ScopedContentItem newValue=SCOPEDCONTENTITEM
170553 [main] DEBUG org.dbunit.database.DatabaseTableMetaData  - Validating if table 'SCOPEDCONTENTITEM' exists in schema 'null' ...
170553 [main] TRACE org.dbunit.database.DatabaseConfig  - getProperty(name=http://www.dbunit.org/properties/metadataHandler) - start
170553 [main] TRACE org.dbunit.database.DefaultMetadataHandler  - tableExists(metaData=org.apache.commons.dbcp.DelegatingDatabaseMetaData@3d51d3bc, schemaName=null, tableName=SCOPEDCONTENTITEM) - start
170554 [main] DEBUG org.dbunit.util.SQLHelper  - close(resultSet=org.apache.commons.dbcp.DelegatingResultSet@b39c77e) - start
170554 [main] DEBUG org.dbunit.database.DatabaseTableMetaData  - getColumns() - start
170554 [main] DEBUG org.dbunit.database.DatabaseDataSourceConnection  - getConnection() - start
170554 [main] TRACE org.dbunit.database.DatabaseConfig  - getProperty(name=http://www.dbunit.org/properties/metadataHandler) - start
170554 [main] TRACE org.dbunit.database.DefaultMetadataHandler  - getColumns(databaseMetaData=org.apache.commons.dbcp.DelegatingDatabaseMetaData@7e5826f3, schemaName=null, tableName=SCOPEDCONTENTITEM) - start
170569 [main] TRACE org.dbunit.database.DatabaseConfig  - getProperty(name=http://www.dbunit.org/properties/datatypeFactory) - start
170569 [main] DEBUG org.dbunit.database.DatabaseDataSourceConnection  - getConnection() - start
170569 [main] WARN  org.dbunit.dataset.AbstractTableMetaData  - Potential problem found: The configured data type factory 'class org.dbunit.dataset.datatype.DefaultDataTypeFactory' might cause problems with the current database 'HSQL Database Engine' (e.g. some datatypes may not be supported properly). In rare cases you might see this message because the list of supported database products is incomplete (list=[derby]). If so please request a java-class update via the forums.If you are using your own IDataTypeFactory extending DefaultDataTypeFactory, ensure that you override getValidDbProducts() to specify the supported database products.
170569 [main] TRACE org.dbunit.database.DatabaseConfig  - getFeature(name=http://www.dbunit.org/features/datatypeWarning) - start
170569 [main] TRACE org.dbunit.database.DatabaseConfig  - getProperty(name=http://www.dbunit.org/features/datatypeWarning) - start
170569 [main] TRACE org.dbunit.database.DefaultMetadataHandler  - matches(columnsResultSet=org.apache.commons.dbcp.DelegatingResultSet@39903330, catalog=null, schema=null, table=SCOPEDCONTENTITEM, column=null, caseSensitive=false) - start
170569 [main] DEBUG org.dbunit.database.DefaultMetadataHandler  - Comparing the following values using caseSensitive=false (searched<=>actual): catalog: null<=>PUBLIC schema: null<=>PUBLIC table: SCOPEDCONTENTITEM<=>SCOPEDCONTENTITEM column: null<=>ID
170569 [main] DEBUG org.dbunit.dataset.datatype.DefaultDataTypeFactory  - createDataType(sqlType=4 , sqlTypeName=INTEGER, tableName=SCOPEDCONTENTITEM, columnName=ID) - start
170569 [main] DEBUG org.dbunit.dataset.datatype.DefaultDataTypeFactory  - createDataType(sqlType=4, sqlTypeName=INTEGER) - start
170569 [main] DEBUG org.dbunit.dataset.datatype.DataType  - forSqlType(sqlType=4) - start
170569 [main] DEBUG org.dbunit.dataset.datatype.AbstractDataType  - getSqlType() - start
170569 [main] DEBUG org.dbunit.dataset.datatype.AbstractDataType  - getSqlType() - start
170569 [main] DEBUG org.dbunit.dataset.datatype.AbstractDataType  - getSqlType() - start
170569 [main] DEBUG org.dbunit.dataset.datatype.AbstractDataType  - getSqlType() - start
170569 [main] DEBUG org.dbunit.dataset.datatype.AbstractDataType  - getSqlType() - start
170569 [main] DEBUG org.dbunit.dataset.datatype.AbstractDataType  - getSqlType() - start
170569 [main] DEBUG org.dbunit.dataset.datatype.AbstractDataType  - getSqlType() - start
170569 [main] DEBUG org.dbunit.dataset.datatype.AbstractDataType  - getSqlType() - start
170569 [main] DEBUG org.dbunit.dataset.datatype.AbstractDataType  - getSqlType() - start
170569 [main] DEBUG org.dbunit.dataset.datatype.AbstractDataType  - getSqlType() - start
170569 [main] DEBUG org.dbunit.dataset.datatype.AbstractDataType  - getSqlType() - start
170569 [main] DEBUG org.dbunit.dataset.datatype.AbstractDataType  - getSqlType() - start
170570 [main] DEBUG org.dbunit.dataset.Column  - nullableValue(nullable=0) - start
170570 [main] DEBUG org.dbunit.dataset.Column  - autoIncrementValue(isAutoIncrement=YES) - start
170570 [main] TRACE org.dbunit.database.DefaultMetadataHandler  - matches(columnsResultSet=org.apache.commons.dbcp.DelegatingResultSet@39903330, catalog=null, schema=null, table=SCOPEDCONTENTITEM, column=null, caseSensitive=false) - start
170570 [main] DEBUG org.dbunit.database.DefaultMetadataHandler  - Comparing the following values using caseSensitive=false (searched<=>actual): catalog: null<=>PUBLIC schema: null<=>PUBLIC table: SCOPEDCONTENTITEM<=>SCOPEDCONTENTITEM column: null<=>TIMESTAMP
170570 [main] DEBUG org.dbunit.dataset.datatype.DefaultDataTypeFactory  - createDataType(sqlType=93 , sqlTypeName=TIMESTAMP, tableName=SCOPEDCONTENTITEM, columnName=TIMESTAMP) - start
170570 [main] DEBUG org.dbunit.dataset.datatype.DefaultDataTypeFactory  - createDataType(sqlType=93, sqlTypeName=TIMESTAMP) - start
170570 [main] DEBUG org.dbunit.dataset.datatype.DataType  - forSqlType(sqlType=93) - start
170570 [main] DEBUG org.dbunit.dataset.datatype.AbstractDataType  - getSqlType() - start
170570 [main] DEBUG org.dbunit.dataset.datatype.AbstractDataType  - getSqlType() - start
170570 [main] DEBUG org.dbunit.dataset.datatype.AbstractDataType  - getSqlType() - start
170570 [main] DEBUG org.dbunit.dataset.datatype.AbstractDataType  - getSqlType() - start
170570 [main] DEBUG org.dbunit.dataset.datatype.AbstractDataType  - getSqlType() - start
170570 [main] DEBUG org.dbunit.dataset.datatype.AbstractDataType  - getSqlType() - start
170570 [main] DEBUG org.dbunit.dataset.datatype.AbstractDataType  - getSqlType() - start
170570 [main] DEBUG org.dbunit.dataset.datatype.AbstractDataType  - getSqlType() - start
170570 [main] DEBUG org.dbunit.dataset.datatype.AbstractDataType  - getSqlType() - start
170570 [main] DEBUG org.dbunit.dataset.datatype.AbstractDataType  - getSqlType() - start
170570 [main] DEBUG org.dbunit.dataset.datatype.AbstractDataType  - getSqlType() - start
170570 [main] DEBUG org.dbunit.dataset.datatype.AbstractDataType  - getSqlType() - start
170570 [main] DEBUG org.dbunit.dataset.datatype.AbstractDataType  - getSqlType() - start
170570 [main] DEBUG org.dbunit.dataset.datatype.AbstractDataType  - getSqlType() - start
170570 [main] DEBUG org.dbunit.dataset.datatype.AbstractDataType  - getSqlType() - start
170570 [main] DEBUG org.dbunit.dataset.datatype.AbstractDataType  - getSqlType() - start
170570 [main] DEBUG org.dbunit.dataset.datatype.AbstractDataType  - getSqlType() - start
170570 [main] DEBUG org.dbunit.dataset.datatype.AbstractDataType  - getSqlType() - start
170570 [main] DEBUG org.dbunit.dataset.datatype.AbstractDataType  - getSqlType() - start
170570 [main] DEBUG org.dbunit.dataset.datatype.AbstractDataType  - getSqlType() - start
170570 [main] DEBUG org.dbunit.dataset.datatype.AbstractDataType  - getSqlType() - start
170570 [main] DEBUG org.dbunit.dataset.Column  - nullableValue(nullable=1) - start
170570 [main] DEBUG org.dbunit.dataset.Column  - autoIncrementValue(isAutoIncrement=NO) - start
170570 [main] TRACE org.dbunit.database.DefaultMetadataHandler  - matches(columnsResultSet=org.apache.commons.dbcp.DelegatingResultSet@39903330, catalog=null, schema=null, table=SCOPEDCONTENTITEM, column=null, caseSensitive=false) - start
170570 [main] DEBUG org.dbunit.database.DefaultMetadataHandler  - Comparing the following values using caseSensitive=false (searched<=>actual): catalog: null<=>PUBLIC schema: null<=>PUBLIC table: SCOPEDCONTENTITEM<=>SCOPEDCONTENTITEM column: null<=>CONTENT
170571 [main] DEBUG org.dbunit.dataset.datatype.DefaultDataTypeFactory  - createDataType(sqlType=12 , sqlTypeName=VARCHAR, tableName=SCOPEDCONTENTITEM, columnName=CONTENT) - start
170571 [main] DEBUG org.dbunit.dataset.datatype.DefaultDataTypeFactory  - createDataType(sqlType=12, sqlTypeName=VARCHAR) - start
170571 [main] DEBUG org.dbunit.dataset.datatype.DataType  - forSqlType(sqlType=12) - start
170571 [main] DEBUG org.dbunit.dataset.datatype.AbstractDataType  - getSqlType() - start
170571 [main] DEBUG org.dbunit.dataset.Column  - nullableValue(nullable=0) - start
170571 [main] DEBUG org.dbunit.dataset.Column  - autoIncrementValue(isAutoIncrement=NO) - start
170571 [main] TRACE org.dbunit.database.DefaultMetadataHandler  - matches(columnsResultSet=org.apache.commons.dbcp.DelegatingResultSet@39903330, catalog=null, schema=null, table=SCOPEDCONTENTITEM, column=null, caseSensitive=false) - start
170571 [main] DEBUG org.dbunit.database.DefaultMetadataHandler  - Comparing the following values using caseSensitive=false (searched<=>actual): catalog: null<=>PUBLIC schema: null<=>PUBLIC table: SCOPEDCONTENTITEM<=>SCOPEDCONTENTITEM column: null<=>CSSCLASS
170571 [main] DEBUG org.dbunit.dataset.datatype.DefaultDataTypeFactory  - createDataType(sqlType=12 , sqlTypeName=VARCHAR, tableName=SCOPEDCONTENTITEM, columnName=CSSCLASS) - start
170571 [main] DEBUG org.dbunit.dataset.datatype.DefaultDataTypeFactory  - createDataType(sqlType=12, sqlTypeName=VARCHAR) - start
170571 [main] DEBUG org.dbunit.dataset.datatype.DataType  - forSqlType(sqlType=12) - start
170571 [main] DEBUG org.dbunit.dataset.datatype.AbstractDataType  - getSqlType() - start
170571 [main] DEBUG org.dbunit.dataset.Column  - nullableValue(nullable=1) - start
170571 [main] DEBUG org.dbunit.dataset.Column  - autoIncrementValue(isAutoIncrement=NO) - start
170571 [main] TRACE org.dbunit.database.DefaultMetadataHandler  - matches(columnsResultSet=org.apache.commons.dbcp.DelegatingResultSet@39903330, catalog=null, schema=null, table=SCOPEDCONTENTITEM, column=null, caseSensitive=false) - start
170571 [main] DEBUG org.dbunit.database.DefaultMetadataHandler  - Comparing the following values using caseSensitive=false (searched<=>actual): catalog: null<=>PUBLIC schema: null<=>PUBLIC table: SCOPEDCONTENTITEM<=>SCOPEDCONTENTITEM column: null<=>TAGNAME
170571 [main] DEBUG org.dbunit.dataset.datatype.DefaultDataTypeFactory  - createDataType(sqlType=12 , sqlTypeName=VARCHAR, tableName=SCOPEDCONTENTITEM, columnName=TAGNAME) - start
170571 [main] DEBUG org.dbunit.dataset.datatype.DefaultDataTypeFactory  - createDataType(sqlType=12, sqlTypeName=VARCHAR) - start
170571 [main] DEBUG org.dbunit.dataset.datatype.DataType  - forSqlType(sqlType=12) - start
170571 [main] DEBUG org.dbunit.dataset.datatype.AbstractDataType  - getSqlType() - start
170571 [main] DEBUG org.dbunit.dataset.Column  - nullableValue(nullable=1) - start
170571 [main] DEBUG org.dbunit.dataset.Column  - autoIncrementValue(isAutoIncrement=NO) - start
170571 [main] TRACE org.dbunit.database.DefaultMetadataHandler  - matches(columnsResultSet=org.apache.commons.dbcp.DelegatingResultSet@39903330, catalog=null, schema=null, table=SCOPEDCONTENTITEM, column=null, caseSensitive=false) - start
170571 [main] DEBUG org.dbunit.database.DefaultMetadataHandler  - Comparing the following values using caseSensitive=false (searched<=>actual): catalog: null<=>PUBLIC schema: null<=>PUBLIC table: SCOPEDCONTENTITEM<=>SCOPEDCONTENTITEM column: null<=>TYPE
170571 [main] DEBUG org.dbunit.dataset.datatype.DefaultDataTypeFactory  - createDataType(sqlType=12 , sqlTypeName=VARCHAR, tableName=SCOPEDCONTENTITEM, columnName=TYPE) - start
170571 [main] DEBUG org.dbunit.dataset.datatype.DefaultDataTypeFactory  - createDataType(sqlType=12, sqlTypeName=VARCHAR) - start
170571 [main] DEBUG org.dbunit.dataset.datatype.DataType  - forSqlType(sqlType=12) - start
170571 [main] DEBUG org.dbunit.dataset.datatype.AbstractDataType  - getSqlType() - start
170572 [main] DEBUG org.dbunit.dataset.Column  - nullableValue(nullable=1) - start
170572 [main] DEBUG org.dbunit.dataset.Column  - autoIncrementValue(isAutoIncrement=NO) - start
170572 [main] DEBUG org.dbunit.database.DatabaseTableMetaData  - getPrimaryKeys() - start
170572 [main] TRACE org.dbunit.database.DatabaseConfig  - getProperty(name=http://www.dbunit.org/properties/primaryKeyFilter) - start
170572 [main] DEBUG org.dbunit.database.DatabaseTableMetaData  - getPrimaryKeyNames() - start
170572 [main] DEBUG org.dbunit.database.DatabaseDataSourceConnection  - getConnection() - start
170572 [main] TRACE org.dbunit.database.DatabaseConfig  - getProperty(name=http://www.dbunit.org/properties/metadataHandler) - start
170572 [main] TRACE org.dbunit.database.DefaultMetadataHandler  - getPrimaryKeys(metaData=org.apache.commons.dbcp.DelegatingDatabaseMetaData@2a10b1d6, schemaName=null, tableName=SCOPEDCONTENTITEM) - start
170572 [main] DEBUG org.dbunit.database.DatabaseTableMetaData  - getName() - start
170572 [main] DEBUG org.dbunit.database.DatabaseTableMetaData  - getColumns() - start
170572 [main] DEBUG org.dbunit.dataset.Columns  - getColumns(columnNames=[ID], columns=[(ID, INTEGER, noNulls), (TIMESTAMP, TIMESTAMP, nullable), (CONTENT, VARCHAR, noNulls), (CSSCLASS, VARCHAR, nullable), (TAGNAME, VARCHAR, nullable), (TYPE, VARCHAR, nullable)]) - start
170572 [main] DEBUG org.dbunit.dataset.Columns  - getColumn(columnName=ID, columns=[(ID, INTEGER, noNulls), (TIMESTAMP, TIMESTAMP, nullable), (CONTENT, VARCHAR, noNulls), (CSSCLASS, VARCHAR, nullable), (TAGNAME, VARCHAR, nullable), (TYPE, VARCHAR, nullable)]) - start
170572 [main] DEBUG org.dbunit.dataset.OrderedTableNameMap  - update(tableName=ScopedContentItem, object=table=SCOPEDCONTENTITEM, cols=[(ID, INTEGER, noNulls), (TIMESTAMP, TIMESTAMP, nullable), (CONTENT, VARCHAR, noNulls), (CSSCLASS, VARCHAR, nullable), (TAGNAME, VARCHAR, nullable), (TYPE, VARCHAR, nullable)], pk=[(ID, INTEGER, noNulls)]) - start
170572 [main] DEBUG org.dbunit.dataset.OrderedTableNameMap  - getTableName(tableName=ScopedContentItem) - start
170572 [main] DEBUG org.dbunit.dataset.OrderedTableNameMap  - getTableName(tableName=ScopedContentItem) - end - result=SCOPEDCONTENTITEM
170572 [main] DEBUG org.dbunit.dataset.OrderedTableNameMap  - getTableName(tableName=ScopedContentItem) - start
170573 [main] DEBUG org.dbunit.dataset.OrderedTableNameMap  - getTableName(tableName=ScopedContentItem) - end - result=SCOPEDCONTENTITEM
170573 [main] DEBUG org.dbunit.operation.AbstractOperation  - getQualifiedName(prefix=null, name=SCOPEDCONTENTITEM, connection=_databaseConfig=org.dbunit.database.DatabaseConfig[, _propertyMap={http://www.dbunit.org/properties/statementFactory=org.dbunit.database.statement.PreparedStatementFactory@626bc2b8, http://www.dbunit.org/features/caseSensitiveTableNames=false, http://www.dbunit.org/properties/fetchSize=100, http://www.dbunit.org/features/batchedStatements=false, http://www.dbunit.org/properties/metadataHandler=org.dbunit.database.DefaultMetadataHandler@62baffef, http://www.dbunit.org/properties/datatypeFactory=org.dbunit.dataset.datatype.DefaultDataTypeFactory[_toleratedDeltaMap=org.dbunit.dataset.datatype.ToleratedDeltaMap@6452310a], http://www.dbunit.org/properties/escapePattern=null, http://www.dbunit.org/properties/batchSize=100, http://www.dbunit.org/features/qualifiedTableNames=false, http://www.dbunit.org/properties/tableType=[Ljava.lang.String;@5011bafa, http://www.dbunit.org/properties/resultSetTableFactory=org.dbunit.database.CachedResultSetTableFactory@10bcf083, http://www.dbunit.org/features/datatypeWarning=true}], _dataSet=AbstractDataSet[_orderedTableNameMap=null]) - start
170573 [main] TRACE org.dbunit.database.DatabaseConfig  - getProperty(name=http://www.dbunit.org/properties/escapePattern) - start
170573 [main] DEBUG org.dbunit.util.QualifiedTableName  - getQualifiedName() - start
170573 [main] DEBUG org.dbunit.util.QualifiedTableName  - getQualifiedName(prefix=null, name=SCOPEDCONTENTITEM, escapePattern=null) - start
170573 [main] DEBUG org.dbunit.database.statement.SimpleStatement  - addBatch(sql=delete from SCOPEDCONTENTITEM) - start
170573 [main] DEBUG org.dbunit.operation.DeleteAllOperation  - Added SQL: delete from SCOPEDCONTENTITEM
170573 [main] DEBUG org.dbunit.database.DatabaseDataSet  - getTableMetaData(tableName=ScopedContentConditions_ScopedContent) - start
170573 [main] DEBUG org.dbunit.database.DatabaseDataSet  - initialize() - start
170573 [main] DEBUG org.dbunit.dataset.OrderedTableNameMap  - getTableName(tableName=ScopedContentConditions_ScopedContent) - start
170573 [main] DEBUG org.dbunit.dataset.OrderedTableNameMap  - getTableName(tableName=ScopedContentConditions_ScopedContent) - end - result=SCOPEDCONTENTCONDITIONS_SCOPEDCONTENT
170573 [main] DEBUG org.dbunit.dataset.OrderedTableNameMap  - getTableName(tableName=ScopedContentConditions_ScopedContent) - start
170573 [main] DEBUG org.dbunit.dataset.OrderedTableNameMap  - getTableName(tableName=ScopedContentConditions_ScopedContent) - end - result=SCOPEDCONTENTCONDITIONS_SCOPEDCONTENT
170573 [main] DEBUG org.dbunit.database.DatabaseDataSourceConnection  - getConnection() - start
170573 [main] TRACE org.dbunit.util.SQLHelper  - correctCase(tableName=ScopedContentConditions_ScopedContent, connection=Transaction-aware proxy for target Connection [jdbc:hsqldb:mem:kontrollDS, UserName=sw, HSQL Database Engine Driver]) - start
170573 [main] TRACE org.dbunit.util.SQLHelper  - correctCase(tableName=ScopedContentConditions_ScopedContent, databaseMetaData=org.apache.commons.dbcp.DelegatingDatabaseMetaData@7aac454b) - start
170573 [main] TRACE org.dbunit.util.SQLHelper  - isEscaped(tableName=ScopedContentConditions_ScopedContent, dbIdentifierQuoteString=") - start
170573 [main] DEBUG org.dbunit.util.SQLHelper  - isEscaped returns 'false' for tableName=ScopedContentConditions_ScopedContent (dbIdentifierQuoteString=")
170573 [main] DEBUG org.dbunit.util.SQLHelper  - class org.dbunit.database.DatabaseTableMetaData. Corrected table name: oldValue=ScopedContentConditions_ScopedContent newValue=SCOPEDCONTENTCONDITIONS_SCOPEDCONTENT
170573 [main] DEBUG org.dbunit.database.DatabaseTableMetaData  - Validating if table 'SCOPEDCONTENTCONDITIONS_SCOPEDCONTENT' exists in schema 'null' ...
170573 [main] TRACE org.dbunit.database.DatabaseConfig  - getProperty(name=http://www.dbunit.org/properties/metadataHandler) - start
170573 [main] TRACE org.dbunit.database.DefaultMetadataHandler  - tableExists(metaData=org.apache.commons.dbcp.DelegatingDatabaseMetaData@43f97dd8, schemaName=null, tableName=SCOPEDCONTENTCONDITIONS_SCOPEDCONTENT) - start
170574 [main] DEBUG org.dbunit.util.SQLHelper  - close(resultSet=org.apache.commons.dbcp.DelegatingResultSet@3fe35c7e) - start
170574 [main] DEBUG org.dbunit.database.DatabaseTableMetaData  - getColumns() - start
170574 [main] DEBUG org.dbunit.database.DatabaseDataSourceConnection  - getConnection() - start
170574 [main] TRACE org.dbunit.database.DatabaseConfig  - getProperty(name=http://www.dbunit.org/properties/metadataHandler) - start
170575 [main] TRACE org.dbunit.database.DefaultMetadataHandler  - getColumns(databaseMetaData=org.apache.commons.dbcp.DelegatingDatabaseMetaData@67cd74f6, schemaName=null, tableName=SCOPEDCONTENTCONDITIONS_SCOPEDCONTENT) - start
170590 [main] TRACE org.dbunit.database.DatabaseConfig  - getProperty(name=http://www.dbunit.org/properties/datatypeFactory) - start
170590 [main] DEBUG org.dbunit.database.DatabaseDataSourceConnection  - getConnection() - start
170590 [main] WARN  org.dbunit.dataset.AbstractTableMetaData  - Potential problem found: The configured data type factory 'class org.dbunit.dataset.datatype.DefaultDataTypeFactory' might cause problems with the current database 'HSQL Database Engine' (e.g. some datatypes may not be supported properly). In rare cases you might see this message because the list of supported database products is incomplete (list=[derby]). If so please request a java-class update via the forums.If you are using your own IDataTypeFactory extending DefaultDataTypeFactory, ensure that you override getValidDbProducts() to specify the supported database products.
170590 [main] TRACE org.dbunit.database.DatabaseConfig  - getFeature(name=http://www.dbunit.org/features/datatypeWarning) - start
170590 [main] TRACE org.dbunit.database.DatabaseConfig  - getProperty(name=http://www.dbunit.org/features/datatypeWarning) - start
170590 [main] TRACE org.dbunit.database.DefaultMetadataHandler  - matches(columnsResultSet=org.apache.commons.dbcp.DelegatingResultSet@78364180, catalog=null, schema=null, table=SCOPEDCONTENTCONDITIONS_SCOPEDCONTENT, column=null, caseSensitive=false) - start
170590 [main] DEBUG org.dbunit.database.DefaultMetadataHandler  - Comparing the following values using caseSensitive=false (searched<=>actual): catalog: null<=>PUBLIC schema: null<=>PUBLIC table: SCOPEDCONTENTCONDITIONS_SCOPEDCONTENT<=>SCOPEDCONTENTCONDITIONS_SCOPEDCONTENT column: null<=>SCOPED_CONTENT_CONDITION_ID
170590 [main] DEBUG org.dbunit.dataset.datatype.DefaultDataTypeFactory  - createDataType(sqlType=4 , sqlTypeName=INTEGER, tableName=SCOPEDCONTENTCONDITIONS_SCOPEDCONTENT, columnName=SCOPED_CONTENT_CONDITION_ID) - start
170590 [main] DEBUG org.dbunit.dataset.datatype.DefaultDataTypeFactory  - createDataType(sqlType=4, sqlTypeName=INTEGER) - start
170590 [main] DEBUG org.dbunit.dataset.datatype.DataType  - forSqlType(sqlType=4) - start
170590 [main] DEBUG org.dbunit.dataset.datatype.AbstractDataType  - getSqlType() - start
170590 [main] DEBUG org.dbunit.dataset.datatype.AbstractDataType  - getSqlType() - start
170590 [main] DEBUG org.dbunit.dataset.datatype.AbstractDataType  - getSqlType() - start
170590 [main] DEBUG org.dbunit.dataset.datatype.AbstractDataType  - getSqlType() - start
170590 [main] DEBUG org.dbunit.dataset.datatype.AbstractDataType  - getSqlType() - start
170590 [main] DEBUG org.dbunit.dataset.datatype.AbstractDataType  - getSqlType() - start
170590 [main] DEBUG org.dbunit.dataset.datatype.AbstractDataType  - getSqlType() - start
170590 [main] DEBUG org.dbunit.dataset.datatype.AbstractDataType  - getSqlType() - start
170590 [main] DEBUG org.dbunit.dataset.datatype.AbstractDataType  - getSqlType() - start
170590 [main] DEBUG org.dbunit.dataset.datatype.AbstractDataType  - getSqlType() - start
170590 [main] DEBUG org.dbunit.dataset.datatype.AbstractDataType  - getSqlType() - start
170590 [main] DEBUG org.dbunit.dataset.datatype.AbstractDataType  - getSqlType() - start
170590 [main] DEBUG org.dbunit.dataset.Column  - nullableValue(nullable=0) - start
170590 [main] DEBUG org.dbunit.dataset.Column  - autoIncrementValue(isAutoIncrement=NO) - start
170590 [main] TRACE org.dbunit.database.DefaultMetadataHandler  - matches(columnsResultSet=org.apache.commons.dbcp.DelegatingResultSet@78364180, catalog=null, schema=null, table=SCOPEDCONTENTCONDITIONS_SCOPEDCONTENT, column=null, caseSensitive=false) - start
170590 [main] DEBUG org.dbunit.database.DefaultMetadataHandler  - Comparing the following values using caseSensitive=false (searched<=>actual): catalog: null<=>PUBLIC schema: null<=>PUBLIC table: SCOPEDCONTENTCONDITIONS_SCOPEDCONTENT<=>SCOPEDCONTENTCONDITIONS_SCOPEDCONTENT column: null<=>SCOPED_CONTENT_ID
170590 [main] DEBUG org.dbunit.dataset.datatype.DefaultDataTypeFactory  - createDataType(sqlType=4 , sqlTypeName=INTEGER, tableName=SCOPEDCONTENTCONDITIONS_SCOPEDCONTENT, columnName=SCOPED_CONTENT_ID) - start
170591 [main] DEBUG org.dbunit.dataset.datatype.DefaultDataTypeFactory  - createDataType(sqlType=4, sqlTypeName=INTEGER) - start
170591 [main] DEBUG org.dbunit.dataset.datatype.DataType  - forSqlType(sqlType=4) - start
170591 [main] DEBUG org.dbunit.dataset.datatype.AbstractDataType  - getSqlType() - start
170591 [main] DEBUG org.dbunit.dataset.datatype.AbstractDataType  - getSqlType() - start
170591 [main] DEBUG org.dbunit.dataset.datatype.AbstractDataType  - getSqlType() - start
170591 [main] DEBUG org.dbunit.dataset.datatype.AbstractDataType  - getSqlType() - start
170591 [main] DEBUG org.dbunit.dataset.datatype.AbstractDataType  - getSqlType() - start
170591 [main] DEBUG org.dbunit.dataset.datatype.AbstractDataType  - getSqlType() - start
170591 [main] DEBUG org.dbunit.dataset.datatype.AbstractDataType  - getSqlType() - start
170591 [main] DEBUG org.dbunit.dataset.datatype.AbstractDataType  - getSqlType() - start
170591 [main] DEBUG org.dbunit.dataset.datatype.AbstractDataType  - getSqlType() - start
170591 [main] DEBUG org.dbunit.dataset.datatype.AbstractDataType  - getSqlType() - start
170591 [main] DEBUG org.dbunit.dataset.datatype.AbstractDataType  - getSqlType() - start
170591 [main] DEBUG org.dbunit.dataset.datatype.AbstractDataType  - getSqlType() - start
170591 [main] DEBUG org.dbunit.dataset.Column  - nullableValue(nullable=0) - start
170591 [main] DEBUG org.dbunit.dataset.Column  - autoIncrementValue(isAutoIncrement=NO) - start
170591 [main] DEBUG org.dbunit.database.DatabaseTableMetaData  - getPrimaryKeys() - start
170591 [main] TRACE org.dbunit.database.DatabaseConfig  - getProperty(name=http://www.dbunit.org/properties/primaryKeyFilter) - start
170591 [main] DEBUG org.dbunit.database.DatabaseTableMetaData  - getPrimaryKeyNames() - start
170591 [main] DEBUG org.dbunit.database.DatabaseDataSourceConnection  - getConnection() - start
170591 [main] TRACE org.dbunit.database.DatabaseConfig  - getProperty(name=http://www.dbunit.org/properties/metadataHandler) - start
170591 [main] TRACE org.dbunit.database.DefaultMetadataHandler  - getPrimaryKeys(metaData=org.apache.commons.dbcp.DelegatingDatabaseMetaData@32067828, schemaName=null, tableName=SCOPEDCONTENTCONDITIONS_SCOPEDCONTENT) - start
170592 [main] DEBUG org.dbunit.database.DatabaseTableMetaData  - getColumns() - start
170592 [main] DEBUG org.dbunit.dataset.Columns  - getColumns(columnNames=[], columns=[(SCOPED_CONTENT_CONDITION_ID, INTEGER, noNulls), (SCOPED_CONTENT_ID, INTEGER, noNulls)]) - start
170592 [main] DEBUG org.dbunit.dataset.OrderedTableNameMap  - update(tableName=ScopedContentConditions_ScopedContent, object=table=SCOPEDCONTENTCONDITIONS_SCOPEDCONTENT, cols=[(SCOPED_CONTENT_CONDITION_ID, INTEGER, noNulls), (SCOPED_CONTENT_ID, INTEGER, noNulls)], pk=[]) - start
170592 [main] DEBUG org.dbunit.dataset.OrderedTableNameMap  - getTableName(tableName=ScopedContentConditions_ScopedContent) - start
170592 [main] DEBUG org.dbunit.dataset.OrderedTableNameMap  - getTableName(tableName=ScopedContentConditions_ScopedContent) - end - result=SCOPEDCONTENTCONDITIONS_SCOPEDCONTENT
170592 [main] DEBUG org.dbunit.dataset.OrderedTableNameMap  - getTableName(tableName=ScopedContentConditions_ScopedContent) - start
170592 [main] DEBUG org.dbunit.dataset.OrderedTableNameMap  - getTableName(tableName=ScopedContentConditions_ScopedContent) - end - result=SCOPEDCONTENTCONDITIONS_SCOPEDCONTENT
170592 [main] DEBUG org.dbunit.operation.AbstractOperation  - getQualifiedName(prefix=null, name=SCOPEDCONTENTCONDITIONS_SCOPEDCONTENT, connection=_databaseConfig=org.dbunit.database.DatabaseConfig[, _propertyMap={http://www.dbunit.org/properties/statementFactory=org.dbunit.database.statement.PreparedStatementFactory@626bc2b8, http://www.dbunit.org/features/caseSensitiveTableNames=false, http://www.dbunit.org/properties/fetchSize=100, http://www.dbunit.org/features/batchedStatements=false, http://www.dbunit.org/properties/metadataHandler=org.dbunit.database.DefaultMetadataHandler@62baffef, http://www.dbunit.org/properties/datatypeFactory=org.dbunit.dataset.datatype.DefaultDataTypeFactory[_toleratedDeltaMap=org.dbunit.dataset.datatype.ToleratedDeltaMap@6452310a], http://www.dbunit.org/properties/escapePattern=null, http://www.dbunit.org/properties/batchSize=100, http://www.dbunit.org/features/qualifiedTableNames=false, http://www.dbunit.org/properties/tableType=[Ljava.lang.String;@5011bafa, http://www.dbunit.org/properties/resultSetTableFactory=org.dbunit.database.CachedResultSetTableFactory@10bcf083, http://www.dbunit.org/features/datatypeWarning=true}], _dataSet=AbstractDataSet[_orderedTableNameMap=null]) - start
170592 [main] TRACE org.dbunit.database.DatabaseConfig  - getProperty(name=http://www.dbunit.org/properties/escapePattern) - start
170592 [main] DEBUG org.dbunit.util.QualifiedTableName  - getQualifiedName() - start
170592 [main] DEBUG org.dbunit.util.QualifiedTableName  - getQualifiedName(prefix=null, name=SCOPEDCONTENTCONDITIONS_SCOPEDCONTENT, escapePattern=null) - start
170592 [main] DEBUG org.dbunit.database.statement.SimpleStatement  - addBatch(sql=delete from SCOPEDCONTENTCONDITIONS_SCOPEDCONTENT) - start
170592 [main] DEBUG org.dbunit.operation.DeleteAllOperation  - Added SQL: delete from SCOPEDCONTENTCONDITIONS_SCOPEDCONTENT
170592 [main] DEBUG org.dbunit.database.DatabaseDataSet  - getTableMetaData(tableName=ScopedContentConditionAttribute) - start
170592 [main] DEBUG org.dbunit.database.DatabaseDataSet  - initialize() - start
170592 [main] DEBUG org.dbunit.dataset.OrderedTableNameMap  - getTableName(tableName=ScopedContentConditionAttribute) - start
170592 [main] DEBUG org.dbunit.dataset.OrderedTableNameMap  - getTableName(tableName=ScopedContentConditionAttribute) - end - result=SCOPEDCONTENTCONDITIONATTRIBUTE
170592 [main] DEBUG org.dbunit.dataset.OrderedTableNameMap  - getTableName(tableName=ScopedContentConditionAttribute) - start
170592 [main] DEBUG org.dbunit.dataset.OrderedTableNameMap  - getTableName(tableName=ScopedContentConditionAttribute) - end - result=SCOPEDCONTENTCONDITIONATTRIBUTE
170592 [main] DEBUG org.dbunit.database.DatabaseDataSourceConnection  - getConnection() - start
170592 [main] TRACE org.dbunit.util.SQLHelper  - correctCase(tableName=ScopedContentConditionAttribute, connection=Transaction-aware proxy for target Connection [jdbc:hsqldb:mem:kontrollDS, UserName=sw, HSQL Database Engine Driver]) - start
170592 [main] TRACE org.dbunit.util.SQLHelper  - correctCase(tableName=ScopedContentConditionAttribute, databaseMetaData=org.apache.commons.dbcp.DelegatingDatabaseMetaData@1deb46e9) - start
170592 [main] TRACE org.dbunit.util.SQLHelper  - isEscaped(tableName=ScopedContentConditionAttribute, dbIdentifierQuoteString=") - start
170592 [main] DEBUG org.dbunit.util.SQLHelper  - isEscaped returns 'false' for tableName=ScopedContentConditionAttribute (dbIdentifierQuoteString=")
170592 [main] DEBUG org.dbunit.util.SQLHelper  - class org.dbunit.database.DatabaseTableMetaData. Corrected table name: oldValue=ScopedContentConditionAttribute newValue=SCOPEDCONTENTCONDITIONATTRIBUTE
170592 [main] DEBUG org.dbunit.database.DatabaseTableMetaData  - Validating if table 'SCOPEDCONTENTCONDITIONATTRIBUTE' exists in schema 'null' ...
170593 [main] TRACE org.dbunit.database.DatabaseConfig  - getProperty(name=http://www.dbunit.org/properties/metadataHandler) - start
170593 [main] TRACE org.dbunit.database.DefaultMetadataHandler  - tableExists(metaData=org.apache.commons.dbcp.DelegatingDatabaseMetaData@417c7a57, schemaName=null, tableName=SCOPEDCONTENTCONDITIONATTRIBUTE) - start
170594 [main] DEBUG org.dbunit.util.SQLHelper  - close(resultSet=org.apache.commons.dbcp.DelegatingResultSet@173e0b76) - start
170594 [main] DEBUG org.dbunit.database.DatabaseTableMetaData  - getColumns() - start
170594 [main] DEBUG org.dbunit.database.DatabaseDataSourceConnection  - getConnection() - start
170594 [main] TRACE org.dbunit.database.DatabaseConfig  - getProperty(name=http://www.dbunit.org/properties/metadataHandler) - start
170594 [main] TRACE org.dbunit.database.DefaultMetadataHandler  - getColumns(databaseMetaData=org.apache.commons.dbcp.DelegatingDatabaseMetaData@6a627be5, schemaName=null, tableName=SCOPEDCONTENTCONDITIONATTRIBUTE) - start
170608 [main] TRACE org.dbunit.database.DatabaseConfig  - getProperty(name=http://www.dbunit.org/properties/datatypeFactory) - start
170608 [main] DEBUG org.dbunit.database.DatabaseDataSourceConnection  - getConnection() - start
170609 [main] WARN  org.dbunit.dataset.AbstractTableMetaData  - Potential problem found: The configured data type factory 'class org.dbunit.dataset.datatype.DefaultDataTypeFactory' might cause problems with the current database 'HSQL Database Engine' (e.g. some datatypes may not be supported properly). In rare cases you might see this message because the list of supported database products is incomplete (list=[derby]). If so please request a java-class update via the forums.If you are using your own IDataTypeFactory extending DefaultDataTypeFactory, ensure that you override getValidDbProducts() to specify the supported database products.
170609 [main] TRACE org.dbunit.database.DatabaseConfig  - getFeature(name=http://www.dbunit.org/features/datatypeWarning) - start
170609 [main] TRACE org.dbunit.database.DatabaseConfig  - getProperty(name=http://www.dbunit.org/features/datatypeWarning) - start
170609 [main] TRACE org.dbunit.database.DefaultMetadataHandler  - matches(columnsResultSet=org.apache.commons.dbcp.DelegatingResultSet@6634e1b5, catalog=null, schema=null, table=SCOPEDCONTENTCONDITIONATTRIBUTE, column=null, caseSensitive=false) - start
170609 [main] DEBUG org.dbunit.database.DefaultMetadataHandler  - Comparing the following values using caseSensitive=false (searched<=>actual): catalog: null<=>PUBLIC schema: null<=>PUBLIC table: SCOPEDCONTENTCONDITIONATTRIBUTE<=>SCOPEDCONTENTCONDITIONATTRIBUTE column: null<=>ID
170609 [main] DEBUG org.dbunit.dataset.datatype.DefaultDataTypeFactory  - createDataType(sqlType=4 , sqlTypeName=INTEGER, tableName=SCOPEDCONTENTCONDITIONATTRIBUTE, columnName=ID) - start
170609 [main] DEBUG org.dbunit.dataset.datatype.DefaultDataTypeFactory  - createDataType(sqlType=4, sqlTypeName=INTEGER) - start
170609 [main] DEBUG org.dbunit.dataset.datatype.DataType  - forSqlType(sqlType=4) - start
170609 [main] DEBUG org.dbunit.dataset.datatype.AbstractDataType  - getSqlType() - start
170609 [main] DEBUG org.dbunit.dataset.datatype.AbstractDataType  - getSqlType() - start
170609 [main] DEBUG org.dbunit.dataset.datatype.AbstractDataType  - getSqlType() - start
170609 [main] DEBUG org.dbunit.dataset.datatype.AbstractDataType  - getSqlType() - start
170609 [main] DEBUG org.dbunit.dataset.datatype.AbstractDataType  - getSqlType() - start
170609 [main] DEBUG org.dbunit.dataset.datatype.AbstractDataType  - getSqlType() - start
170609 [main] DEBUG org.dbunit.dataset.datatype.AbstractDataType  - getSqlType() - start
170609 [main] DEBUG org.dbunit.dataset.datatype.AbstractDataType  - getSqlType() - start
170609 [main] DEBUG org.dbunit.dataset.datatype.AbstractDataType  - getSqlType() - start
170609 [main] DEBUG org.dbunit.dataset.datatype.AbstractDataType  - getSqlType() - start
170609 [main] DEBUG org.dbunit.dataset.datatype.AbstractDataType  - getSqlType() - start
170609 [main] DEBUG org.dbunit.dataset.datatype.AbstractDataType  - getSqlType() - start
170609 [main] DEBUG org.dbunit.dataset.Column  - nullableValue(nullable=0) - start
170609 [main] DEBUG org.dbunit.dataset.Column  - autoIncrementValue(isAutoIncrement=YES) - start
170609 [main] TRACE org.dbunit.database.DefaultMetadataHandler  - matches(columnsResultSet=org.apache.commons.dbcp.DelegatingResultSet@6634e1b5, catalog=null, schema=null, table=SCOPEDCONTENTCONDITIONATTRIBUTE, column=null, caseSensitive=false) - start
170609 [main] DEBUG org.dbunit.database.DefaultMetadataHandler  - Comparing the following values using caseSensitive=false (searched<=>actual): catalog: null<=>PUBLIC schema: null<=>PUBLIC table: SCOPEDCONTENTCONDITIONATTRIBUTE<=>SCOPEDCONTENTCONDITIONATTRIBUTE column: null<=>TIMESTAMP
170609 [main] DEBUG org.dbunit.dataset.datatype.DefaultDataTypeFactory  - createDataType(sqlType=93 , sqlTypeName=TIMESTAMP, tableName=SCOPEDCONTENTCONDITIONATTRIBUTE, columnName=TIMESTAMP) - start
170609 [main] DEBUG org.dbunit.dataset.datatype.DefaultDataTypeFactory  - createDataType(sqlType=93, sqlTypeName=TIMESTAMP) - start
170609 [main] DEBUG org.dbunit.dataset.datatype.DataType  - forSqlType(sqlType=93) - start
170609 [main] DEBUG org.dbunit.dataset.datatype.AbstractDataType  - getSqlType() - start
170609 [main] DEBUG org.dbunit.dataset.datatype.AbstractDataType  - getSqlType() - start
170609 [main] DEBUG org.dbunit.dataset.datatype.AbstractDataType  - getSqlType() - start
170609 [main] DEBUG org.dbunit.dataset.datatype.AbstractDataType  - getSqlType() - start
170609 [main] DEBUG org.dbunit.dataset.datatype.AbstractDataType  - getSqlType() - start
170610 [main] DEBUG org.dbunit.dataset.datatype.AbstractDataType  - getSqlType() - start
170610 [main] DEBUG org.dbunit.dataset.datatype.AbstractDataType  - getSqlType() - start
170610 [main] DEBUG org.dbunit.dataset.datatype.AbstractDataType  - getSqlType() - start
170610 [main] DEBUG org.dbunit.dataset.datatype.AbstractDataType  - getSqlType() - start
170610 [main] DEBUG org.dbunit.dataset.datatype.AbstractDataType  - getSqlType() - start
170610 [main] DEBUG org.dbunit.dataset.datatype.AbstractDataType  - getSqlType() - start
170610 [main] DEBUG org.dbunit.dataset.datatype.AbstractDataType  - getSqlType() - start
170610 [main] DEBUG org.dbunit.dataset.datatype.AbstractDataType  - getSqlType() - start
170610 [main] DEBUG org.dbunit.dataset.datatype.AbstractDataType  - getSqlType() - start
170610 [main] DEBUG org.dbunit.dataset.datatype.AbstractDataType  - getSqlType() - start
170610 [main] DEBUG org.dbunit.dataset.datatype.AbstractDataType  - getSqlType() - start
170610 [main] DEBUG org.dbunit.dataset.datatype.AbstractDataType  - getSqlType() - start
170610 [main] DEBUG org.dbunit.dataset.datatype.AbstractDataType  - getSqlType() - start
170610 [main] DEBUG org.dbunit.dataset.datatype.AbstractDataType  - getSqlType() - start
170610 [main] DEBUG org.dbunit.dataset.datatype.AbstractDataType  - getSqlType() - start
170610 [main] DEBUG org.dbunit.dataset.datatype.AbstractDataType  - getSqlType() - start
170610 [main] DEBUG org.dbunit.dataset.Column  - nullableValue(nullable=1) - start
170610 [main] DEBUG org.dbunit.dataset.Column  - autoIncrementValue(isAutoIncrement=NO) - start
170610 [main] TRACE org.dbunit.database.DefaultMetadataHandler  - matches(columnsResultSet=org.apache.commons.dbcp.DelegatingResultSet@6634e1b5, catalog=null, schema=null, table=SCOPEDCONTENTCONDITIONATTRIBUTE, column=null, caseSensitive=false) - start
170610 [main] DEBUG org.dbunit.database.DefaultMetadataHandler  - Comparing the following values using caseSensitive=false (searched<=>actual): catalog: null<=>PUBLIC schema: null<=>PUBLIC table: SCOPEDCONTENTCONDITIONATTRIBUTE<=>SCOPEDCONTENTCONDITIONATTRIBUTE column: null<=>CHECKORDER
170610 [main] DEBUG org.dbunit.dataset.datatype.DefaultDataTypeFactory  - createDataType(sqlType=4 , sqlTypeName=INTEGER, tableName=SCOPEDCONTENTCONDITIONATTRIBUTE, columnName=CHECKORDER) - start
170610 [main] DEBUG org.dbunit.dataset.datatype.DefaultDataTypeFactory  - createDataType(sqlType=4, sqlTypeName=INTEGER) - start
170610 [main] DEBUG org.dbunit.dataset.datatype.DataType  - forSqlType(sqlType=4) - start
170610 [main] DEBUG org.dbunit.dataset.datatype.AbstractDataType  - getSqlType() - start
170610 [main] DEBUG org.dbunit.dataset.datatype.AbstractDataType  - getSqlType() - start
170610 [main] DEBUG org.dbunit.dataset.datatype.AbstractDataType  - getSqlType() - start
170610 [main] DEBUG org.dbunit.dataset.datatype.AbstractDataType  - getSqlType() - start
170610 [main] DEBUG org.dbunit.dataset.datatype.AbstractDataType  - getSqlType() - start
170610 [main] DEBUG org.dbunit.dataset.datatype.AbstractDataType  - getSqlType() - start
170610 [main] DEBUG org.dbunit.dataset.datatype.AbstractDataType  - getSqlType() - start
170610 [main] DEBUG org.dbunit.dataset.datatype.AbstractDataType  - getSqlType() - start
170611 [main] DEBUG org.dbunit.dataset.datatype.AbstractDataType  - getSqlType() - start
170611 [main] DEBUG org.dbunit.dataset.datatype.AbstractDataType  - getSqlType() - start
170611 [main] DEBUG org.dbunit.dataset.datatype.AbstractDataType  - getSqlType() - start
170611 [main] DEBUG org.dbunit.dataset.datatype.AbstractDataType  - getSqlType() - start
170611 [main] DEBUG org.dbunit.dataset.Column  - nullableValue(nullable=0) - start
170611 [main] DEBUG org.dbunit.dataset.Column  - autoIncrementValue(isAutoIncrement=NO) - start
170611 [main] TRACE org.dbunit.database.DefaultMetadataHandler  - matches(columnsResultSet=org.apache.commons.dbcp.DelegatingResultSet@6634e1b5, catalog=null, schema=null, table=SCOPEDCONTENTCONDITIONATTRIBUTE, column=null, caseSensitive=false) - start
170611 [main] DEBUG org.dbunit.database.DefaultMetadataHandler  - Comparing the following values using caseSensitive=false (searched<=>actual): catalog: null<=>PUBLIC schema: null<=>PUBLIC table: SCOPEDCONTENTCONDITIONATTRIBUTE<=>SCOPEDCONTENTCONDITIONATTRIBUTE column: null<=>CLASSNAME
170611 [main] DEBUG org.dbunit.dataset.datatype.DefaultDataTypeFactory  - createDataType(sqlType=12 , sqlTypeName=VARCHAR, tableName=SCOPEDCONTENTCONDITIONATTRIBUTE, columnName=CLASSNAME) - start
170611 [main] DEBUG org.dbunit.dataset.datatype.DefaultDataTypeFactory  - createDataType(sqlType=12, sqlTypeName=VARCHAR) - start
170611 [main] DEBUG org.dbunit.dataset.datatype.DataType  - forSqlType(sqlType=12) - start
170611 [main] DEBUG org.dbunit.dataset.datatype.AbstractDataType  - getSqlType() - start
170611 [main] DEBUG org.dbunit.dataset.Column  - nullableValue(nullable=0) - start
170611 [main] DEBUG org.dbunit.dataset.Column  - autoIncrementValue(isAutoIncrement=NO) - start
170611 [main] TRACE org.dbunit.database.DefaultMetadataHandler  - matches(columnsResultSet=org.apache.commons.dbcp.DelegatingResultSet@6634e1b5, catalog=null, schema=null, table=SCOPEDCONTENTCONDITIONATTRIBUTE, column=null, caseSensitive=false) - start
170611 [main] DEBUG org.dbunit.database.DefaultMetadataHandler  - Comparing the following values using caseSensitive=false (searched<=>actual): catalog: null<=>PUBLIC schema: null<=>PUBLIC table: SCOPEDCONTENTCONDITIONATTRIBUTE<=>SCOPEDCONTENTCONDITIONATTRIBUTE column: null<=>EXPECTEDVALUE
170611 [main] DEBUG org.dbunit.dataset.datatype.DefaultDataTypeFactory  - createDataType(sqlType=12 , sqlTypeName=VARCHAR, tableName=SCOPEDCONTENTCONDITIONATTRIBUTE, columnName=EXPECTEDVALUE) - start
170611 [main] DEBUG org.dbunit.dataset.datatype.DefaultDataTypeFactory  - createDataType(sqlType=12, sqlTypeName=VARCHAR) - start
170612 [main] DEBUG org.dbunit.dataset.datatype.DataType  - forSqlType(sqlType=12) - start
170612 [main] DEBUG org.dbunit.dataset.datatype.AbstractDataType  - getSqlType() - start
170633 [main] DEBUG org.dbunit.dataset.Column  - nullableValue(nullable=0) - start
170633 [main] DEBUG org.dbunit.dataset.Column  - autoIncrementValue(isAutoIncrement=NO) - start
170633 [main] TRACE org.dbunit.database.DefaultMetadataHandler  - matches(columnsResultSet=org.apache.commons.dbcp.DelegatingResultSet@6634e1b5, catalog=null, schema=null, table=SCOPEDCONTENTCONDITIONATTRIBUTE, column=null, caseSensitive=false) - start
170633 [main] DEBUG org.dbunit.database.DefaultMetadataHandler  - Comparing the following values using caseSensitive=false (searched<=>actual): catalog: null<=>PUBLIC schema: null<=>PUBLIC table: SCOPEDCONTENTCONDITIONATTRIBUTE<=>SCOPEDCONTENTCONDITIONATTRIBUTE column: null<=>EXPECTEDVALUETYPE
170633 [main] DEBUG org.dbunit.dataset.datatype.DefaultDataTypeFactory  - createDataType(sqlType=12 , sqlTypeName=VARCHAR, tableName=SCOPEDCONTENTCONDITIONATTRIBUTE, columnName=EXPECTEDVALUETYPE) - start
170633 [main] DEBUG org.dbunit.dataset.datatype.DefaultDataTypeFactory  - createDataType(sqlType=12, sqlTypeName=VARCHAR) - start
170633 [main] DEBUG org.dbunit.dataset.datatype.DataType  - forSqlType(sqlType=12) - start
170633 [main] DEBUG org.dbunit.dataset.datatype.AbstractDataType  - getSqlType() - start
170633 [main] DEBUG org.dbunit.dataset.Column  - nullableValue(nullable=0) - start
170633 [main] DEBUG org.dbunit.dataset.Column  - autoIncrementValue(isAutoIncrement=NO) - start
170633 [main] TRACE org.dbunit.database.DefaultMetadataHandler  - matches(columnsResultSet=org.apache.commons.dbcp.DelegatingResultSet@6634e1b5, catalog=null, schema=null, table=SCOPEDCONTENTCONDITIONATTRIBUTE, column=null, caseSensitive=false) - start
170634 [main] DEBUG org.dbunit.database.DefaultMetadataHandler  - Comparing the following values using caseSensitive=false (searched<=>actual): catalog: null<=>PUBLIC schema: null<=>PUBLIC table: SCOPEDCONTENTCONDITIONATTRIBUTE<=>SCOPEDCONTENTCONDITIONATTRIBUTE column: null<=>KEY
170634 [main] DEBUG org.dbunit.dataset.datatype.DefaultDataTypeFactory  - createDataType(sqlType=12 , sqlTypeName=VARCHAR, tableName=SCOPEDCONTENTCONDITIONATTRIBUTE, columnName=KEY) - start
170634 [main] DEBUG org.dbunit.dataset.datatype.DefaultDataTypeFactory  - createDataType(sqlType=12, sqlTypeName=VARCHAR) - start
170634 [main] DEBUG org.dbunit.dataset.datatype.DataType  - forSqlType(sqlType=12) - start
170634 [main] DEBUG org.dbunit.dataset.datatype.AbstractDataType  - getSqlType() - start
170634 [main] DEBUG org.dbunit.dataset.Column  - nullableValue(nullable=0) - start
170634 [main] DEBUG org.dbunit.dataset.Column  - autoIncrementValue(isAutoIncrement=NO) - start
170634 [main] TRACE org.dbunit.database.DefaultMetadataHandler  - matches(columnsResultSet=org.apache.commons.dbcp.DelegatingResultSet@6634e1b5, catalog=null, schema=null, table=SCOPEDCONTENTCONDITIONATTRIBUTE, column=null, caseSensitive=false) - start
170634 [main] DEBUG org.dbunit.database.DefaultMetadataHandler  - Comparing the following values using caseSensitive=false (searched<=>actual): catalog: null<=>PUBLIC schema: null<=>PUBLIC table: SCOPEDCONTENTCONDITIONATTRIBUTE<=>SCOPEDCONTENTCONDITIONATTRIBUTE column: null<=>OPERATOR
170634 [main] DEBUG org.dbunit.dataset.datatype.DefaultDataTypeFactory  - createDataType(sqlType=12 , sqlTypeName=VARCHAR, tableName=SCOPEDCONTENTCONDITIONATTRIBUTE, columnName=OPERATOR) - start
170634 [main] DEBUG org.dbunit.dataset.datatype.DefaultDataTypeFactory  - createDataType(sqlType=12, sqlTypeName=VARCHAR) - start
170634 [main] DEBUG org.dbunit.dataset.datatype.DataType  - forSqlType(sqlType=12) - start
170634 [main] DEBUG org.dbunit.dataset.datatype.AbstractDataType  - getSqlType() - start
170635 [main] DEBUG org.dbunit.dataset.Column  - nullableValue(nullable=0) - start
170635 [main] DEBUG org.dbunit.dataset.Column  - autoIncrementValue(isAutoIncrement=NO) - start
170635 [main] TRACE org.dbunit.database.DefaultMetadataHandler  - matches(columnsResultSet=org.apache.commons.dbcp.DelegatingResultSet@6634e1b5, catalog=null, schema=null, table=SCOPEDCONTENTCONDITIONATTRIBUTE, column=null, caseSensitive=false) - start
170635 [main] DEBUG org.dbunit.database.DefaultMetadataHandler  - Comparing the following values using caseSensitive=false (searched<=>actual): catalog: null<=>PUBLIC schema: null<=>PUBLIC table: SCOPEDCONTENTCONDITIONATTRIBUTE<=>SCOPEDCONTENTCONDITIONATTRIBUTE column: null<=>VALUEPATH
170636 [main] DEBUG org.dbunit.dataset.datatype.DefaultDataTypeFactory  - createDataType(sqlType=12 , sqlTypeName=VARCHAR, tableName=SCOPEDCONTENTCONDITIONATTRIBUTE, columnName=VALUEPATH) - start
170636 [main] DEBUG org.dbunit.dataset.datatype.DefaultDataTypeFactory  - createDataType(sqlType=12, sqlTypeName=VARCHAR) - start
170636 [main] DEBUG org.dbunit.dataset.datatype.DataType  - forSqlType(sqlType=12) - start
170636 [main] DEBUG org.dbunit.dataset.datatype.AbstractDataType  - getSqlType() - start
170636 [main] DEBUG org.dbunit.dataset.Column  - nullableValue(nullable=0) - start
170636 [main] DEBUG org.dbunit.dataset.Column  - autoIncrementValue(isAutoIncrement=NO) - start
170636 [main] TRACE org.dbunit.database.DefaultMetadataHandler  - matches(columnsResultSet=org.apache.commons.dbcp.DelegatingResultSet@6634e1b5, catalog=null, schema=null, table=SCOPEDCONTENTCONDITIONATTRIBUTE, column=null, caseSensitive=false) - start
170637 [main] DEBUG org.dbunit.database.DefaultMetadataHandler  - Comparing the following values using caseSensitive=false (searched<=>actual): catalog: null<=>PUBLIC schema: null<=>PUBLIC table: SCOPEDCONTENTCONDITIONATTRIBUTE<=>SCOPEDCONTENTCONDITIONATTRIBUTE column: null<=>SCOPEDCONTENTCONDITION
170637 [main] DEBUG org.dbunit.dataset.datatype.DefaultDataTypeFactory  - createDataType(sqlType=4 , sqlTypeName=INTEGER, tableName=SCOPEDCONTENTCONDITIONATTRIBUTE, columnName=SCOPEDCONTENTCONDITION) - start
170637 [main] DEBUG org.dbunit.dataset.datatype.DefaultDataTypeFactory  - createDataType(sqlType=4, sqlTypeName=INTEGER) - start
170637 [main] DEBUG org.dbunit.dataset.datatype.DataType  - forSqlType(sqlType=4) - start
170637 [main] DEBUG org.dbunit.dataset.datatype.AbstractDataType  - getSqlType() - start
170637 [main] DEBUG org.dbunit.dataset.datatype.AbstractDataType  - getSqlType() - start
170637 [main] DEBUG org.dbunit.dataset.datatype.AbstractDataType  - getSqlType() - start
170637 [main] DEBUG org.dbunit.dataset.datatype.AbstractDataType  - getSqlType() - start
170637 [main] DEBUG org.dbunit.dataset.datatype.AbstractDataType  - getSqlType() - start
170637 [main] DEBUG org.dbunit.dataset.datatype.AbstractDataType  - getSqlType() - start
170637 [main] DEBUG org.dbunit.dataset.datatype.AbstractDataType  - getSqlType() - start
170637 [main] DEBUG org.dbunit.dataset.datatype.AbstractDataType  - getSqlType() - start
170637 [main] DEBUG org.dbunit.dataset.datatype.AbstractDataType  - getSqlType() - start
170637 [main] DEBUG org.dbunit.dataset.datatype.AbstractDataType  - getSqlType() - start
170638 [main] DEBUG org.dbunit.dataset.datatype.AbstractDataType  - getSqlType() - start
170638 [main] DEBUG org.dbunit.dataset.datatype.AbstractDataType  - getSqlType() - start
170638 [main] DEBUG org.dbunit.dataset.Column  - nullableValue(nullable=0) - start
170638 [main] DEBUG org.dbunit.dataset.Column  - autoIncrementValue(isAutoIncrement=NO) - start
170638 [main] DEBUG org.dbunit.database.DatabaseTableMetaData  - getPrimaryKeys() - start
170638 [main] TRACE org.dbunit.database.DatabaseConfig  - getProperty(name=http://www.dbunit.org/properties/primaryKeyFilter) - start
170638 [main] DEBUG org.dbunit.database.DatabaseTableMetaData  - getPrimaryKeyNames() - start
170638 [main] DEBUG org.dbunit.database.DatabaseDataSourceConnection  - getConnection() - start
170638 [main] TRACE org.dbunit.database.DatabaseConfig  - getProperty(name=http://www.dbunit.org/properties/metadataHandler) - start
170638 [main] TRACE org.dbunit.database.DefaultMetadataHandler  - getPrimaryKeys(metaData=org.apache.commons.dbcp.DelegatingDatabaseMetaData@3dab2915, schemaName=null, tableName=SCOPEDCONTENTCONDITIONATTRIBUTE) - start
170639 [main] DEBUG org.dbunit.database.DatabaseTableMetaData  - getName() - start
170639 [main] DEBUG org.dbunit.database.DatabaseTableMetaData  - getColumns() - start
170639 [main] DEBUG org.dbunit.dataset.Columns  - getColumns(columnNames=[ID], columns=[(ID, INTEGER, noNulls), (TIMESTAMP, TIMESTAMP, nullable), (CHECKORDER, INTEGER, noNulls), (CLASSNAME, VARCHAR, noNulls), (EXPECTEDVALUE, VARCHAR, noNulls), (EXPECTEDVALUETYPE, VARCHAR, noNulls), (KEY, VARCHAR, noNulls), (OPERATOR, VARCHAR, noNulls), (VALUEPATH, VARCHAR, noNulls), (SCOPEDCONTENTCONDITION, INTEGER, noNulls)]) - start
170639 [main] DEBUG org.dbunit.dataset.Columns  - getColumn(columnName=ID, columns=[(ID, INTEGER, noNulls), (TIMESTAMP, TIMESTAMP, nullable), (CHECKORDER, INTEGER, noNulls), (CLASSNAME, VARCHAR, noNulls), (EXPECTEDVALUE, VARCHAR, noNulls), (EXPECTEDVALUETYPE, VARCHAR, noNulls), (KEY, VARCHAR, noNulls), (OPERATOR, VARCHAR, noNulls), (VALUEPATH, VARCHAR, noNulls), (SCOPEDCONTENTCONDITION, INTEGER, noNulls)]) - start
170639 [main] DEBUG org.dbunit.dataset.OrderedTableNameMap  - update(tableName=ScopedContentConditionAttribute, object=table=SCOPEDCONTENTCONDITIONATTRIBUTE, cols=[(ID, INTEGER, noNulls), (TIMESTAMP, TIMESTAMP, nullable), (CHECKORDER, INTEGER, noNulls), (CLASSNAME, VARCHAR, noNulls), (EXPECTEDVALUE, VARCHAR, noNulls), (EXPECTEDVALUETYPE, VARCHAR, noNulls), (KEY, VARCHAR, noNulls), (OPERATOR, VARCHAR, noNulls), (VALUEPATH, VARCHAR, noNulls), (SCOPEDCONTENTCONDITION, INTEGER, noNulls)], pk=[(ID, INTEGER, noNulls)]) - start
170639 [main] DEBUG org.dbunit.dataset.OrderedTableNameMap  - getTableName(tableName=ScopedContentConditionAttribute) - start
170639 [main] DEBUG org.dbunit.dataset.OrderedTableNameMap  - getTableName(tableName=ScopedContentConditionAttribute) - end - result=SCOPEDCONTENTCONDITIONATTRIBUTE
170639 [main] DEBUG org.dbunit.dataset.OrderedTableNameMap  - getTableName(tableName=ScopedContentConditionAttribute) - start
170639 [main] DEBUG org.dbunit.dataset.OrderedTableNameMap  - getTableName(tableName=ScopedContentConditionAttribute) - end - result=SCOPEDCONTENTCONDITIONATTRIBUTE
170640 [main] DEBUG org.dbunit.operation.AbstractOperation  - getQualifiedName(prefix=null, name=SCOPEDCONTENTCONDITIONATTRIBUTE, connection=_databaseConfig=org.dbunit.database.DatabaseConfig[, _propertyMap={http://www.dbunit.org/properties/statementFactory=org.dbunit.database.statement.PreparedStatementFactory@626bc2b8, http://www.dbunit.org/features/caseSensitiveTableNames=false, http://www.dbunit.org/properties/fetchSize=100, http://www.dbunit.org/features/batchedStatements=false, http://www.dbunit.org/properties/metadataHandler=org.dbunit.database.DefaultMetadataHandler@62baffef, http://www.dbunit.org/properties/datatypeFactory=org.dbunit.dataset.datatype.DefaultDataTypeFactory[_toleratedDeltaMap=org.dbunit.dataset.datatype.ToleratedDeltaMap@6452310a], http://www.dbunit.org/properties/escapePattern=null, http://www.dbunit.org/properties/batchSize=100, http://www.dbunit.org/features/qualifiedTableNames=false, http://www.dbunit.org/properties/tableType=[Ljava.lang.String;@5011bafa, http://www.dbunit.org/properties/resultSetTableFactory=org.dbunit.database.CachedResultSetTableFactory@10bcf083, http://www.dbunit.org/features/datatypeWarning=true}], _dataSet=AbstractDataSet[_orderedTableNameMap=null]) - start
170640 [main] TRACE org.dbunit.database.DatabaseConfig  - getProperty(name=http://www.dbunit.org/properties/escapePattern) - start
170640 [main] DEBUG org.dbunit.util.QualifiedTableName  - getQualifiedName() - start
170640 [main] DEBUG org.dbunit.util.QualifiedTableName  - getQualifiedName(prefix=null, name=SCOPEDCONTENTCONDITIONATTRIBUTE, escapePattern=null) - start
170640 [main] DEBUG org.dbunit.database.statement.SimpleStatement  - addBatch(sql=delete from SCOPEDCONTENTCONDITIONATTRIBUTE) - start
170640 [main] DEBUG org.dbunit.operation.DeleteAllOperation  - Added SQL: delete from SCOPEDCONTENTCONDITIONATTRIBUTE
170640 [main] DEBUG org.dbunit.database.DatabaseDataSet  - getTableMetaData(tableName=ScopedContent) - start
170640 [main] DEBUG org.dbunit.database.DatabaseDataSet  - initialize() - start
170640 [main] DEBUG org.dbunit.dataset.OrderedTableNameMap  - getTableName(tableName=ScopedContent) - start
170640 [main] DEBUG org.dbunit.dataset.OrderedTableNameMap  - getTableName(tableName=ScopedContent) - end - result=SCOPEDCONTENT
170640 [main] DEBUG org.dbunit.dataset.OrderedTableNameMap  - getTableName(tableName=ScopedContent) - start
170641 [main] DEBUG org.dbunit.dataset.OrderedTableNameMap  - getTableName(tableName=ScopedContent) - end - result=SCOPEDCONTENT
170641 [main] DEBUG org.dbunit.database.DatabaseDataSourceConnection  - getConnection() - start
170641 [main] TRACE org.dbunit.util.SQLHelper  - correctCase(tableName=ScopedContent, connection=Transaction-aware proxy for target Connection [jdbc:hsqldb:mem:kontrollDS, UserName=sw, HSQL Database Engine Driver]) - start
170641 [main] TRACE org.dbunit.util.SQLHelper  - correctCase(tableName=ScopedContent, databaseMetaData=org.apache.commons.dbcp.DelegatingDatabaseMetaData@e2381f4) - start
170641 [main] TRACE org.dbunit.util.SQLHelper  - isEscaped(tableName=ScopedContent, dbIdentifierQuoteString=") - start
170641 [main] DEBUG org.dbunit.util.SQLHelper  - isEscaped returns 'false' for tableName=ScopedContent (dbIdentifierQuoteString=")
170641 [main] DEBUG org.dbunit.util.SQLHelper  - class org.dbunit.database.DatabaseTableMetaData. Corrected table name: oldValue=ScopedContent newValue=SCOPEDCONTENT
170641 [main] DEBUG org.dbunit.database.DatabaseTableMetaData  - Validating if table 'SCOPEDCONTENT' exists in schema 'null' ...
170641 [main] TRACE org.dbunit.database.DatabaseConfig  - getProperty(name=http://www.dbunit.org/properties/metadataHandler) - start
170641 [main] TRACE org.dbunit.database.DefaultMetadataHandler  - tableExists(metaData=org.apache.commons.dbcp.DelegatingDatabaseMetaData@3d28c16c, schemaName=null, tableName=SCOPEDCONTENT) - start
170642 [main] DEBUG org.dbunit.util.SQLHelper  - close(resultSet=org.apache.commons.dbcp.DelegatingResultSet@47840326) - start
170643 [main] DEBUG org.dbunit.database.DatabaseTableMetaData  - getColumns() - start
170643 [main] DEBUG org.dbunit.database.DatabaseDataSourceConnection  - getConnection() - start
170643 [main] TRACE org.dbunit.database.DatabaseConfig  - getProperty(name=http://www.dbunit.org/properties/metadataHandler) - start
170643 [main] TRACE org.dbunit.database.DefaultMetadataHandler  - getColumns(databaseMetaData=org.apache.commons.dbcp.DelegatingDatabaseMetaData@2bead878, schemaName=null, tableName=SCOPEDCONTENT) - start
170661 [main] TRACE org.dbunit.database.DatabaseConfig  - getProperty(name=http://www.dbunit.org/properties/datatypeFactory) - start
170662 [main] DEBUG org.dbunit.database.DatabaseDataSourceConnection  - getConnection() - start
170662 [main] WARN  org.dbunit.dataset.AbstractTableMetaData  - Potential problem found: The configured data type factory 'class org.dbunit.dataset.datatype.DefaultDataTypeFactory' might cause problems with the current database 'HSQL Database Engine' (e.g. some datatypes may not be supported properly). In rare cases you might see this message because the list of supported database products is incomplete (list=[derby]). If so please request a java-class update via the forums.If you are using your own IDataTypeFactory extending DefaultDataTypeFactory, ensure that you override getValidDbProducts() to specify the supported database products.
170662 [main] TRACE org.dbunit.database.DatabaseConfig  - getFeature(name=http://www.dbunit.org/features/datatypeWarning) - start
170662 [main] TRACE org.dbunit.database.DatabaseConfig  - getProperty(name=http://www.dbunit.org/features/datatypeWarning) - start
170662 [main] TRACE org.dbunit.database.DefaultMetadataHandler  - matches(columnsResultSet=org.apache.commons.dbcp.DelegatingResultSet@737d4e2, catalog=null, schema=null, table=SCOPEDCONTENT, column=null, caseSensitive=false) - start
170662 [main] DEBUG org.dbunit.database.DefaultMetadataHandler  - Comparing the following values using caseSensitive=false (searched<=>actual): catalog: null<=>PUBLIC schema: null<=>PUBLIC table: SCOPEDCONTENT<=>SCOPEDCONTENT column: null<=>ID
170662 [main] DEBUG org.dbunit.dataset.datatype.DefaultDataTypeFactory  - createDataType(sqlType=4 , sqlTypeName=INTEGER, tableName=SCOPEDCONTENT, columnName=ID) - start
170662 [main] DEBUG org.dbunit.dataset.datatype.DefaultDataTypeFactory  - createDataType(sqlType=4, sqlTypeName=INTEGER) - start
170662 [main] DEBUG org.dbunit.dataset.datatype.DataType  - forSqlType(sqlType=4) - start
170662 [main] DEBUG org.dbunit.dataset.datatype.AbstractDataType  - getSqlType() - start
170662 [main] DEBUG org.dbunit.dataset.datatype.AbstractDataType  - getSqlType() - start
170662 [main] DEBUG org.dbunit.dataset.datatype.AbstractDataType  - getSqlType() - start
170663 [main] DEBUG org.dbunit.dataset.datatype.AbstractDataType  - getSqlType() - start
170663 [main] DEBUG org.dbunit.dataset.datatype.AbstractDataType  - getSqlType() - start
170663 [main] DEBUG org.dbunit.dataset.datatype.AbstractDataType  - getSqlType() - start
170663 [main] DEBUG org.dbunit.dataset.datatype.AbstractDataType  - getSqlType() - start
170663 [main] DEBUG org.dbunit.dataset.datatype.AbstractDataType  - getSqlType() - start
170663 [main] DEBUG org.dbunit.dataset.datatype.AbstractDataType  - getSqlType() - start
170663 [main] DEBUG org.dbunit.dataset.datatype.AbstractDataType  - getSqlType() - start
170663 [main] DEBUG org.dbunit.dataset.datatype.AbstractDataType  - getSqlType() - start
170663 [main] DEBUG org.dbunit.dataset.datatype.AbstractDataType  - getSqlType() - start
170663 [main] DEBUG org.dbunit.dataset.Column  - nullableValue(nullable=0) - start
170663 [main] DEBUG org.dbunit.dataset.Column  - autoIncrementValue(isAutoIncrement=YES) - start
170663 [main] TRACE org.dbunit.database.DefaultMetadataHandler  - matches(columnsResultSet=org.apache.commons.dbcp.DelegatingResultSet@737d4e2, catalog=null, schema=null, table=SCOPEDCONTENT, column=null, caseSensitive=false) - start
170663 [main] DEBUG org.dbunit.database.DefaultMetadataHandler  - Comparing the following values using caseSensitive=false (searched<=>actual): catalog: null<=>PUBLIC schema: null<=>PUBLIC table: SCOPEDCONTENT<=>SCOPEDCONTENT column: null<=>TIMESTAMP
170664 [main] DEBUG org.dbunit.dataset.datatype.DefaultDataTypeFactory  - createDataType(sqlType=93 , sqlTypeName=TIMESTAMP, tableName=SCOPEDCONTENT, columnName=TIMESTAMP) - start
170664 [main] DEBUG org.dbunit.dataset.datatype.DefaultDataTypeFactory  - createDataType(sqlType=93, sqlTypeName=TIMESTAMP) - start
170664 [main] DEBUG org.dbunit.dataset.datatype.DataType  - forSqlType(sqlType=93) - start
170664 [main] DEBUG org.dbunit.dataset.datatype.AbstractDataType  - getSqlType() - start
170664 [main] DEBUG org.dbunit.dataset.datatype.AbstractDataType  - getSqlType() - start
170664 [main] DEBUG org.dbunit.dataset.datatype.AbstractDataType  - getSqlType() - start
170664 [main] DEBUG org.dbunit.dataset.datatype.AbstractDataType  - getSqlType() - start
170664 [main] DEBUG org.dbunit.dataset.datatype.AbstractDataType  - getSqlType() - start
170664 [main] DEBUG org.dbunit.dataset.datatype.AbstractDataType  - getSqlType() - start
170664 [main] DEBUG org.dbunit.dataset.datatype.AbstractDataType  - getSqlType() - start
170664 [main] DEBUG org.dbunit.dataset.datatype.AbstractDataType  - getSqlType() - start
170664 [main] DEBUG org.dbunit.dataset.datatype.AbstractDataType  - getSqlType() - start
170664 [main] DEBUG org.dbunit.dataset.datatype.AbstractDataType  - getSqlType() - start
170665 [main] DEBUG org.dbunit.dataset.datatype.AbstractDataType  - getSqlType() - start
170665 [main] DEBUG org.dbunit.dataset.datatype.AbstractDataType  - getSqlType() - start
170665 [main] DEBUG org.dbunit.dataset.datatype.AbstractDataType  - getSqlType() - start
170665 [main] DEBUG org.dbunit.dataset.datatype.AbstractDataType  - getSqlType() - start
170665 [main] DEBUG org.dbunit.dataset.datatype.AbstractDataType  - getSqlType() - start
170665 [main] DEBUG org.dbunit.dataset.datatype.AbstractDataType  - getSqlType() - start
170665 [main] DEBUG org.dbunit.dataset.datatype.AbstractDataType  - getSqlType() - start
170665 [main] DEBUG org.dbunit.dataset.datatype.AbstractDataType  - getSqlType() - start
170665 [main] DEBUG org.dbunit.dataset.datatype.AbstractDataType  - getSqlType() - start
170665 [main] DEBUG org.dbunit.dataset.datatype.AbstractDataType  - getSqlType() - start
170665 [main] DEBUG org.dbunit.dataset.datatype.AbstractDataType  - getSqlType() - start
170665 [main] DEBUG org.dbunit.dataset.Column  - nullableValue(nullable=1) - start
170665 [main] DEBUG org.dbunit.dataset.Column  - autoIncrementValue(isAutoIncrement=NO) - start
170665 [main] TRACE org.dbunit.database.DefaultMetadataHandler  - matches(columnsResultSet=org.apache.commons.dbcp.DelegatingResultSet@737d4e2, catalog=null, schema=null, table=SCOPEDCONTENT, column=null, caseSensitive=false) - start
170665 [main] DEBUG org.dbunit.database.DefaultMetadataHandler  - Comparing the following values using caseSensitive=false (searched<=>actual): catalog: null<=>PUBLIC schema: null<=>PUBLIC table: SCOPEDCONTENT<=>SCOPEDCONTENT column: null<=>DESCRIPTION
170666 [main] DEBUG org.dbunit.dataset.datatype.DefaultDataTypeFactory  - createDataType(sqlType=12 , sqlTypeName=VARCHAR, tableName=SCOPEDCONTENT, columnName=DESCRIPTION) - start
170666 [main] DEBUG org.dbunit.dataset.datatype.DefaultDataTypeFactory  - createDataType(sqlType=12, sqlTypeName=VARCHAR) - start
170666 [main] DEBUG org.dbunit.dataset.datatype.DataType  - forSqlType(sqlType=12) - start
170666 [main] DEBUG org.dbunit.dataset.datatype.AbstractDataType  - getSqlType() - start
170666 [main] DEBUG org.dbunit.dataset.Column  - nullableValue(nullable=1) - start
170666 [main] DEBUG org.dbunit.dataset.Column  - autoIncrementValue(isAutoIncrement=NO) - start
170666 [main] TRACE org.dbunit.database.DefaultMetadataHandler  - matches(columnsResultSet=org.apache.commons.dbcp.DelegatingResultSet@737d4e2, catalog=null, schema=null, table=SCOPEDCONTENT, column=null, caseSensitive=false) - start
170666 [main] DEBUG org.dbunit.database.DefaultMetadataHandler  - Comparing the following values using caseSensitive=false (searched<=>actual): catalog: null<=>PUBLIC schema: null<=>PUBLIC table: SCOPEDCONTENT<=>SCOPEDCONTENT column: null<=>NAME
170666 [main] DEBUG org.dbunit.dataset.datatype.DefaultDataTypeFactory  - createDataType(sqlType=12 , sqlTypeName=VARCHAR, tableName=SCOPEDCONTENT, columnName=NAME) - start
170666 [main] DEBUG org.dbunit.dataset.datatype.DefaultDataTypeFactory  - createDataType(sqlType=12, sqlTypeName=VARCHAR) - start
170666 [main] DEBUG org.dbunit.dataset.datatype.DataType  - forSqlType(sqlType=12) - start
170666 [main] DEBUG org.dbunit.dataset.datatype.AbstractDataType  - getSqlType() - start
170666 [main] DEBUG org.dbunit.dataset.Column  - nullableValue(nullable=0) - start
170666 [main] DEBUG org.dbunit.dataset.Column  - autoIncrementValue(isAutoIncrement=NO) - start
170666 [main] TRACE org.dbunit.database.DefaultMetadataHandler  - matches(columnsResultSet=org.apache.commons.dbcp.DelegatingResultSet@737d4e2, catalog=null, schema=null, table=SCOPEDCONTENT, column=null, caseSensitive=false) - start
170666 [main] DEBUG org.dbunit.database.DefaultMetadataHandler  - Comparing the following values using caseSensitive=false (searched<=>actual): catalog: null<=>PUBLIC schema: null<=>PUBLIC table: SCOPEDCONTENT<=>SCOPEDCONTENT column: null<=>SCOPE
170666 [main] DEBUG org.dbunit.dataset.datatype.DefaultDataTypeFactory  - createDataType(sqlType=4 , sqlTypeName=INTEGER, tableName=SCOPEDCONTENT, columnName=SCOPE) - start
170666 [main] DEBUG org.dbunit.dataset.datatype.DefaultDataTypeFactory  - createDataType(sqlType=4, sqlTypeName=INTEGER) - start
170666 [main] DEBUG org.dbunit.dataset.datatype.DataType  - forSqlType(sqlType=4) - start
170666 [main] DEBUG org.dbunit.dataset.datatype.AbstractDataType  - getSqlType() - start
170666 [main] DEBUG org.dbunit.dataset.datatype.AbstractDataType  - getSqlType() - start
170666 [main] DEBUG org.dbunit.dataset.datatype.AbstractDataType  - getSqlType() - start
170666 [main] DEBUG org.dbunit.dataset.datatype.AbstractDataType  - getSqlType() - start
170666 [main] DEBUG org.dbunit.dataset.datatype.AbstractDataType  - getSqlType() - start
170666 [main] DEBUG org.dbunit.dataset.datatype.AbstractDataType  - getSqlType() - start
170666 [main] DEBUG org.dbunit.dataset.datatype.AbstractDataType  - getSqlType() - start
170667 [main] DEBUG org.dbunit.dataset.datatype.AbstractDataType  - getSqlType() - start
170667 [main] DEBUG org.dbunit.dataset.datatype.AbstractDataType  - getSqlType() - start
170667 [main] DEBUG org.dbunit.dataset.datatype.AbstractDataType  - getSqlType() - start
170667 [main] DEBUG org.dbunit.dataset.datatype.AbstractDataType  - getSqlType() - start
170667 [main] DEBUG org.dbunit.dataset.datatype.AbstractDataType  - getSqlType() - start
170667 [main] DEBUG org.dbunit.dataset.Column  - nullableValue(nullable=0) - start
170667 [main] DEBUG org.dbunit.dataset.Column  - autoIncrementValue(isAutoIncrement=NO) - start
170667 [main] DEBUG org.dbunit.database.DatabaseTableMetaData  - getPrimaryKeys() - start
170667 [main] TRACE org.dbunit.database.DatabaseConfig  - getProperty(name=http://www.dbunit.org/properties/primaryKeyFilter) - start
170667 [main] DEBUG org.dbunit.database.DatabaseTableMetaData  - getPrimaryKeyNames() - start
170667 [main] DEBUG org.dbunit.database.DatabaseDataSourceConnection  - getConnection() - start
170667 [main] TRACE org.dbunit.database.DatabaseConfig  - getProperty(name=http://www.dbunit.org/properties/metadataHandler) - start
170667 [main] TRACE org.dbunit.database.DefaultMetadataHandler  - getPrimaryKeys(metaData=org.apache.commons.dbcp.DelegatingDatabaseMetaData@62794521, schemaName=null, tableName=SCOPEDCONTENT) - start
170667 [main] DEBUG org.dbunit.database.DatabaseTableMetaData  - getName() - start
170667 [main] DEBUG org.dbunit.database.DatabaseTableMetaData  - getColumns() - start
170667 [main] DEBUG org.dbunit.dataset.Columns  - getColumns(columnNames=[ID], columns=[(ID, INTEGER, noNulls), (TIMESTAMP, TIMESTAMP, nullable), (DESCRIPTION, VARCHAR, nullable), (NAME, VARCHAR, noNulls), (SCOPE, INTEGER, noNulls)]) - start
170668 [main] DEBUG org.dbunit.dataset.Columns  - getColumn(columnName=ID, columns=[(ID, INTEGER, noNulls), (TIMESTAMP, TIMESTAMP, nullable), (DESCRIPTION, VARCHAR, nullable), (NAME, VARCHAR, noNulls), (SCOPE, INTEGER, noNulls)]) - start
170668 [main] DEBUG org.dbunit.dataset.OrderedTableNameMap  - update(tableName=ScopedContent, object=table=SCOPEDCONTENT, cols=[(ID, INTEGER, noNulls), (TIMESTAMP, TIMESTAMP, nullable), (DESCRIPTION, VARCHAR, nullable), (NAME, VARCHAR, noNulls), (SCOPE, INTEGER, noNulls)], pk=[(ID, INTEGER, noNulls)]) - start
170668 [main] DEBUG org.dbunit.dataset.OrderedTableNameMap  - getTableName(tableName=ScopedContent) - start
170668 [main] DEBUG org.dbunit.dataset.OrderedTableNameMap  - getTableName(tableName=ScopedContent) - end - result=SCOPEDCONTENT
170668 [main] DEBUG org.dbunit.dataset.OrderedTableNameMap  - getTableName(tableName=ScopedContent) - start
170668 [main] DEBUG org.dbunit.dataset.OrderedTableNameMap  - getTableName(tableName=ScopedContent) - end - result=SCOPEDCONTENT
170668 [main] DEBUG org.dbunit.operation.AbstractOperation  - getQualifiedName(prefix=null, name=SCOPEDCONTENT, connection=_databaseConfig=org.dbunit.database.DatabaseConfig[, _propertyMap={http://www.dbunit.org/properties/statementFactory=org.dbunit.database.statement.PreparedStatementFactory@626bc2b8, http://www.dbunit.org/features/caseSensitiveTableNames=false, http://www.dbunit.org/properties/fetchSize=100, http://www.dbunit.org/features/batchedStatements=false, http://www.dbunit.org/properties/metadataHandler=org.dbunit.database.DefaultMetadataHandler@62baffef, http://www.dbunit.org/properties/datatypeFactory=org.dbunit.dataset.datatype.DefaultDataTypeFactory[_toleratedDeltaMap=org.dbunit.dataset.datatype.ToleratedDeltaMap@6452310a], http://www.dbunit.org/properties/escapePattern=null, http://www.dbunit.org/properties/batchSize=100, http://www.dbunit.org/features/qualifiedTableNames=false, http://www.dbunit.org/properties/tableType=[Ljava.lang.String;@5011bafa, http://www.dbunit.org/properties/resultSetTableFactory=org.dbunit.database.CachedResultSetTableFactory@10bcf083, http://www.dbunit.org/features/datatypeWarning=true}], _dataSet=AbstractDataSet[_orderedTableNameMap=null]) - start
170668 [main] TRACE org.dbunit.database.DatabaseConfig  - getProperty(name=http://www.dbunit.org/properties/escapePattern) - start
170668 [main] DEBUG org.dbunit.util.QualifiedTableName  - getQualifiedName() - start
170668 [main] DEBUG org.dbunit.util.QualifiedTableName  - getQualifiedName(prefix=null, name=SCOPEDCONTENT, escapePattern=null) - start
170668 [main] DEBUG org.dbunit.database.statement.SimpleStatement  - addBatch(sql=delete from SCOPEDCONTENT) - start
170668 [main] DEBUG org.dbunit.operation.DeleteAllOperation  - Added SQL: delete from SCOPEDCONTENT
170668 [main] DEBUG org.dbunit.database.DatabaseDataSet  - getTableMetaData(tableName=Scope) - start
170668 [main] DEBUG org.dbunit.database.DatabaseDataSet  - initialize() - start
170668 [main] DEBUG org.dbunit.dataset.OrderedTableNameMap  - getTableName(tableName=Scope) - start
170668 [main] DEBUG org.dbunit.dataset.OrderedTableNameMap  - getTableName(tableName=Scope) - end - result=SCOPE
170669 [main] DEBUG org.dbunit.dataset.OrderedTableNameMap  - getTableName(tableName=Scope) - start
170669 [main] DEBUG org.dbunit.dataset.OrderedTableNameMap  - getTableName(tableName=Scope) - end - result=SCOPE
170669 [main] DEBUG org.dbunit.database.DatabaseDataSourceConnection  - getConnection() - start
170669 [main] TRACE org.dbunit.util.SQLHelper  - correctCase(tableName=Scope, connection=Transaction-aware proxy for target Connection [jdbc:hsqldb:mem:kontrollDS, UserName=sw, HSQL Database Engine Driver]) - start
170669 [main] TRACE org.dbunit.util.SQLHelper  - correctCase(tableName=Scope, databaseMetaData=org.apache.commons.dbcp.DelegatingDatabaseMetaData@5ea21f94) - start
170669 [main] TRACE org.dbunit.util.SQLHelper  - isEscaped(tableName=Scope, dbIdentifierQuoteString=") - start
170669 [main] DEBUG org.dbunit.util.SQLHelper  - isEscaped returns 'false' for tableName=Scope (dbIdentifierQuoteString=")
170669 [main] DEBUG org.dbunit.util.SQLHelper  - class org.dbunit.database.DatabaseTableMetaData. Corrected table name: oldValue=Scope newValue=SCOPE
170669 [main] DEBUG org.dbunit.database.DatabaseTableMetaData  - Validating if table 'SCOPE' exists in schema 'null' ...
170669 [main] TRACE org.dbunit.database.DatabaseConfig  - getProperty(name=http://www.dbunit.org/properties/metadataHandler) - start
170669 [main] TRACE org.dbunit.database.DefaultMetadataHandler  - tableExists(metaData=org.apache.commons.dbcp.DelegatingDatabaseMetaData@65c75e15, schemaName=null, tableName=SCOPE) - start
170670 [main] DEBUG org.dbunit.util.SQLHelper  - close(resultSet=org.apache.commons.dbcp.DelegatingResultSet@7ef197b6) - start
170670 [main] DEBUG org.dbunit.database.DatabaseTableMetaData  - getColumns() - start
170670 [main] DEBUG org.dbunit.database.DatabaseDataSourceConnection  - getConnection() - start
170670 [main] TRACE org.dbunit.database.DatabaseConfig  - getProperty(name=http://www.dbunit.org/properties/metadataHandler) - start
170670 [main] TRACE org.dbunit.database.DefaultMetadataHandler  - getColumns(databaseMetaData=org.apache.commons.dbcp.DelegatingDatabaseMetaData@271f6ed6, schemaName=null, tableName=SCOPE) - start
170685 [main] TRACE org.dbunit.database.DatabaseConfig  - getProperty(name=http://www.dbunit.org/properties/datatypeFactory) - start
170685 [main] DEBUG org.dbunit.database.DatabaseDataSourceConnection  - getConnection() - start
170686 [main] WARN  org.dbunit.dataset.AbstractTableMetaData  - Potential problem found: The configured data type factory 'class org.dbunit.dataset.datatype.DefaultDataTypeFactory' might cause problems with the current database 'HSQL Database Engine' (e.g. some datatypes may not be supported properly). In rare cases you might see this message because the list of supported database products is incomplete (list=[derby]). If so please request a java-class update via the forums.If you are using your own IDataTypeFactory extending DefaultDataTypeFactory, ensure that you override getValidDbProducts() to specify the supported database products.
170686 [main] TRACE org.dbunit.database.DatabaseConfig  - getFeature(name=http://www.dbunit.org/features/datatypeWarning) - start
170686 [main] TRACE org.dbunit.database.DatabaseConfig  - getProperty(name=http://www.dbunit.org/features/datatypeWarning) - start
170686 [main] TRACE org.dbunit.database.DefaultMetadataHandler  - matches(columnsResultSet=org.apache.commons.dbcp.DelegatingResultSet@7fbd3be1, catalog=null, schema=null, table=SCOPE, column=null, caseSensitive=false) - start
170686 [main] DEBUG org.dbunit.database.DefaultMetadataHandler  - Comparing the following values using caseSensitive=false (searched<=>actual): catalog: null<=>PUBLIC schema: null<=>PUBLIC table: SCOPE<=>SCOPE column: null<=>ID
170686 [main] DEBUG org.dbunit.dataset.datatype.DefaultDataTypeFactory  - createDataType(sqlType=4 , sqlTypeName=INTEGER, tableName=SCOPE, columnName=ID) - start
170686 [main] DEBUG org.dbunit.dataset.datatype.DefaultDataTypeFactory  - createDataType(sqlType=4, sqlTypeName=INTEGER) - start
170686 [main] DEBUG org.dbunit.dataset.datatype.DataType  - forSqlType(sqlType=4) - start
170686 [main] DEBUG org.dbunit.dataset.datatype.AbstractDataType  - getSqlType() - start
170686 [main] DEBUG org.dbunit.dataset.datatype.AbstractDataType  - getSqlType() - start
170686 [main] DEBUG org.dbunit.dataset.datatype.AbstractDataType  - getSqlType() - start
170686 [main] DEBUG org.dbunit.dataset.datatype.AbstractDataType  - getSqlType() - start
170686 [main] DEBUG org.dbunit.dataset.datatype.AbstractDataType  - getSqlType() - start
170686 [main] DEBUG org.dbunit.dataset.datatype.AbstractDataType  - getSqlType() - start
170686 [main] DEBUG org.dbunit.dataset.datatype.AbstractDataType  - getSqlType() - start
170686 [main] DEBUG org.dbunit.dataset.datatype.AbstractDataType  - getSqlType() - start
170686 [main] DEBUG org.dbunit.dataset.datatype.AbstractDataType  - getSqlType() - start
170686 [main] DEBUG org.dbunit.dataset.datatype.AbstractDataType  - getSqlType() - start
170686 [main] DEBUG org.dbunit.dataset.datatype.AbstractDataType  - getSqlType() - start
170686 [main] DEBUG org.dbunit.dataset.datatype.AbstractDataType  - getSqlType() - start
170686 [main] DEBUG org.dbunit.dataset.Column  - nullableValue(nullable=0) - start
170686 [main] DEBUG org.dbunit.dataset.Column  - autoIncrementValue(isAutoIncrement=YES) - start
170686 [main] TRACE org.dbunit.database.DefaultMetadataHandler  - matches(columnsResultSet=org.apache.commons.dbcp.DelegatingResultSet@7fbd3be1, catalog=null, schema=null, table=SCOPE, column=null, caseSensitive=false) - start
170686 [main] DEBUG org.dbunit.database.DefaultMetadataHandler  - Comparing the following values using caseSensitive=false (searched<=>actual): catalog: null<=>PUBLIC schema: null<=>PUBLIC table: SCOPE<=>SCOPE column: null<=>TIMESTAMP
170686 [main] DEBUG org.dbunit.dataset.datatype.DefaultDataTypeFactory  - createDataType(sqlType=93 , sqlTypeName=TIMESTAMP, tableName=SCOPE, columnName=TIMESTAMP) - start
170686 [main] DEBUG org.dbunit.dataset.datatype.DefaultDataTypeFactory  - createDataType(sqlType=93, sqlTypeName=TIMESTAMP) - start
170686 [main] DEBUG org.dbunit.dataset.datatype.DataType  - forSqlType(sqlType=93) - start
170687 [main] DEBUG org.dbunit.dataset.datatype.AbstractDataType  - getSqlType() - start
170687 [main] DEBUG org.dbunit.dataset.datatype.AbstractDataType  - getSqlType() - start
170687 [main] DEBUG org.dbunit.dataset.datatype.AbstractDataType  - getSqlType() - start
170687 [main] DEBUG org.dbunit.dataset.datatype.AbstractDataType  - getSqlType() - start
170687 [main] DEBUG org.dbunit.dataset.datatype.AbstractDataType  - getSqlType() - start
170687 [main] DEBUG org.dbunit.dataset.datatype.AbstractDataType  - getSqlType() - start
170687 [main] DEBUG org.dbunit.dataset.datatype.AbstractDataType  - getSqlType() - start
170687 [main] DEBUG org.dbunit.dataset.datatype.AbstractDataType  - getSqlType() - start
170687 [main] DEBUG org.dbunit.dataset.datatype.AbstractDataType  - getSqlType() - start
170687 [main] DEBUG org.dbunit.dataset.datatype.AbstractDataType  - getSqlType() - start
170687 [main] DEBUG org.dbunit.dataset.datatype.AbstractDataType  - getSqlType() - start
170687 [main] DEBUG org.dbunit.dataset.datatype.AbstractDataType  - getSqlType() - start
170687 [main] DEBUG org.dbunit.dataset.datatype.AbstractDataType  - getSqlType() - start
170687 [main] DEBUG org.dbunit.dataset.datatype.AbstractDataType  - getSqlType() - start
170687 [main] DEBUG org.dbunit.dataset.datatype.AbstractDataType  - getSqlType() - start
170687 [main] DEBUG org.dbunit.dataset.datatype.AbstractDataType  - getSqlType() - start
170687 [main] DEBUG org.dbunit.dataset.datatype.AbstractDataType  - getSqlType() - start
170687 [main] DEBUG org.dbunit.dataset.datatype.AbstractDataType  - getSqlType() - start
170687 [main] DEBUG org.dbunit.dataset.datatype.AbstractDataType  - getSqlType() - start
170687 [main] DEBUG org.dbunit.dataset.datatype.AbstractDataType  - getSqlType() - start
170687 [main] DEBUG org.dbunit.dataset.datatype.AbstractDataType  - getSqlType() - start
170687 [main] DEBUG org.dbunit.dataset.Column  - nullableValue(nullable=1) - start
170687 [main] DEBUG org.dbunit.dataset.Column  - autoIncrementValue(isAutoIncrement=NO) - start
170687 [main] TRACE org.dbunit.database.DefaultMetadataHandler  - matches(columnsResultSet=org.apache.commons.dbcp.DelegatingResultSet@7fbd3be1, catalog=null, schema=null, table=SCOPE, column=null, caseSensitive=false) - start
170687 [main] DEBUG org.dbunit.database.DefaultMetadataHandler  - Comparing the following values using caseSensitive=false (searched<=>actual): catalog: null<=>PUBLIC schema: null<=>PUBLIC table: SCOPE<=>SCOPE column: null<=>DESCRIPTION
170687 [main] DEBUG org.dbunit.dataset.datatype.DefaultDataTypeFactory  - createDataType(sqlType=12 , sqlTypeName=VARCHAR, tableName=SCOPE, columnName=DESCRIPTION) - start
170687 [main] DEBUG org.dbunit.dataset.datatype.DefaultDataTypeFactory  - createDataType(sqlType=12, sqlTypeName=VARCHAR) - start
170687 [main] DEBUG org.dbunit.dataset.datatype.DataType  - forSqlType(sqlType=12) - start
170687 [main] DEBUG org.dbunit.dataset.datatype.AbstractDataType  - getSqlType() - start
170687 [main] DEBUG org.dbunit.dataset.Column  - nullableValue(nullable=1) - start
170687 [main] DEBUG org.dbunit.dataset.Column  - autoIncrementValue(isAutoIncrement=NO) - start
170688 [main] TRACE org.dbunit.database.DefaultMetadataHandler  - matches(columnsResultSet=org.apache.commons.dbcp.DelegatingResultSet@7fbd3be1, catalog=null, schema=null, table=SCOPE, column=null, caseSensitive=false) - start
170688 [main] DEBUG org.dbunit.database.DefaultMetadataHandler  - Comparing the following values using caseSensitive=false (searched<=>actual): catalog: null<=>PUBLIC schema: null<=>PUBLIC table: SCOPE<=>SCOPE column: null<=>NAME
170688 [main] DEBUG org.dbunit.dataset.datatype.DefaultDataTypeFactory  - createDataType(sqlType=12 , sqlTypeName=VARCHAR, tableName=SCOPE, columnName=NAME) - start
170688 [main] DEBUG org.dbunit.dataset.datatype.DefaultDataTypeFactory  - createDataType(sqlType=12, sqlTypeName=VARCHAR) - start
170688 [main] DEBUG org.dbunit.dataset.datatype.DataType  - forSqlType(sqlType=12) - start
170688 [main] DEBUG org.dbunit.dataset.datatype.AbstractDataType  - getSqlType() - start
170688 [main] DEBUG org.dbunit.dataset.Column  - nullableValue(nullable=0) - start
170688 [main] DEBUG org.dbunit.dataset.Column  - autoIncrementValue(isAutoIncrement=NO) - start
170688 [main] DEBUG org.dbunit.database.DatabaseTableMetaData  - getPrimaryKeys() - start
170688 [main] TRACE org.dbunit.database.DatabaseConfig  - getProperty(name=http://www.dbunit.org/properties/primaryKeyFilter) - start
170688 [main] DEBUG org.dbunit.database.DatabaseTableMetaData  - getPrimaryKeyNames() - start
170688 [main] DEBUG org.dbunit.database.DatabaseDataSourceConnection  - getConnection() - start
170688 [main] TRACE org.dbunit.database.DatabaseConfig  - getProperty(name=http://www.dbunit.org/properties/metadataHandler) - start
170688 [main] TRACE org.dbunit.database.DefaultMetadataHandler  - getPrimaryKeys(metaData=org.apache.commons.dbcp.DelegatingDatabaseMetaData@60a6724b, schemaName=null, tableName=SCOPE) - start
170688 [main] DEBUG org.dbunit.database.DatabaseTableMetaData  - getName() - start
170688 [main] DEBUG org.dbunit.database.DatabaseTableMetaData  - getColumns() - start
170688 [main] DEBUG org.dbunit.dataset.Columns  - getColumns(columnNames=[ID], columns=[(ID, INTEGER, noNulls), (TIMESTAMP, TIMESTAMP, nullable), (DESCRIPTION, VARCHAR, nullable), (NAME, VARCHAR, noNulls)]) - start
170689 [main] DEBUG org.dbunit.dataset.Columns  - getColumn(columnName=ID, columns=[(ID, INTEGER, noNulls), (TIMESTAMP, TIMESTAMP, nullable), (DESCRIPTION, VARCHAR, nullable), (NAME, VARCHAR, noNulls)]) - start
170689 [main] DEBUG org.dbunit.dataset.OrderedTableNameMap  - update(tableName=Scope, object=table=SCOPE, cols=[(ID, INTEGER, noNulls), (TIMESTAMP, TIMESTAMP, nullable), (DESCRIPTION, VARCHAR, nullable), (NAME, VARCHAR, noNulls)], pk=[(ID, INTEGER, noNulls)]) - start
170689 [main] DEBUG org.dbunit.dataset.OrderedTableNameMap  - getTableName(tableName=Scope) - start
170689 [main] DEBUG org.dbunit.dataset.OrderedTableNameMap  - getTableName(tableName=Scope) - end - result=SCOPE
170689 [main] DEBUG org.dbunit.dataset.OrderedTableNameMap  - getTableName(tableName=Scope) - start
170689 [main] DEBUG org.dbunit.dataset.OrderedTableNameMap  - getTableName(tableName=Scope) - end - result=SCOPE
170689 [main] DEBUG org.dbunit.operation.AbstractOperation  - getQualifiedName(prefix=null, name=SCOPE, connection=_databaseConfig=org.dbunit.database.DatabaseConfig[, _propertyMap={http://www.dbunit.org/properties/statementFactory=org.dbunit.database.statement.PreparedStatementFactory@626bc2b8, http://www.dbunit.org/features/caseSensitiveTableNames=false, http://www.dbunit.org/properties/fetchSize=100, http://www.dbunit.org/features/batchedStatements=false, http://www.dbunit.org/properties/metadataHandler=org.dbunit.database.DefaultMetadataHandler@62baffef, http://www.dbunit.org/properties/datatypeFactory=org.dbunit.dataset.datatype.DefaultDataTypeFactory[_toleratedDeltaMap=org.dbunit.dataset.datatype.ToleratedDeltaMap@6452310a], http://www.dbunit.org/properties/escapePattern=null, http://www.dbunit.org/properties/batchSize=100, http://www.dbunit.org/features/qualifiedTableNames=false, http://www.dbunit.org/properties/tableType=[Ljava.lang.String;@5011bafa, http://www.dbunit.org/properties/resultSetTableFactory=org.dbunit.database.CachedResultSetTableFactory@10bcf083, http://www.dbunit.org/features/datatypeWarning=true}], _dataSet=AbstractDataSet[_orderedTableNameMap=null]) - start
170689 [main] TRACE org.dbunit.database.DatabaseConfig  - getProperty(name=http://www.dbunit.org/properties/escapePattern) - start
170689 [main] DEBUG org.dbunit.util.QualifiedTableName  - getQualifiedName() - start
170689 [main] DEBUG org.dbunit.util.QualifiedTableName  - getQualifiedName(prefix=null, name=SCOPE, escapePattern=null) - start
170689 [main] DEBUG org.dbunit.database.statement.SimpleStatement  - addBatch(sql=delete from SCOPE) - start
170689 [main] DEBUG org.dbunit.operation.DeleteAllOperation  - Added SQL: delete from SCOPE
170689 [main] DEBUG org.dbunit.database.DatabaseDataSet  - getTableMetaData(tableName=RequestContext) - start
170689 [main] DEBUG org.dbunit.database.DatabaseDataSet  - initialize() - start
170689 [main] DEBUG org.dbunit.dataset.OrderedTableNameMap  - getTableName(tableName=RequestContext) - start
170689 [main] DEBUG org.dbunit.dataset.OrderedTableNameMap  - getTableName(tableName=RequestContext) - end - result=REQUESTCONTEXT
170689 [main] DEBUG org.dbunit.dataset.OrderedTableNameMap  - getTableName(tableName=RequestContext) - start
170689 [main] DEBUG org.dbunit.dataset.OrderedTableNameMap  - getTableName(tableName=RequestContext) - end - result=REQUESTCONTEXT
170689 [main] DEBUG org.dbunit.database.DatabaseDataSourceConnection  - getConnection() - start
170689 [main] TRACE org.dbunit.util.SQLHelper  - correctCase(tableName=RequestContext, connection=Transaction-aware proxy for target Connection [jdbc:hsqldb:mem:kontrollDS, UserName=sw, HSQL Database Engine Driver]) - start
170689 [main] TRACE org.dbunit.util.SQLHelper  - correctCase(tableName=RequestContext, databaseMetaData=org.apache.commons.dbcp.DelegatingDatabaseMetaData@220564a5) - start
170689 [main] TRACE org.dbunit.util.SQLHelper  - isEscaped(tableName=RequestContext, dbIdentifierQuoteString=") - start
170689 [main] DEBUG org.dbunit.util.SQLHelper  - isEscaped returns 'false' for tableName=RequestContext (dbIdentifierQuoteString=")
170689 [main] DEBUG org.dbunit.util.SQLHelper  - class org.dbunit.database.DatabaseTableMetaData. Corrected table name: oldValue=RequestContext newValue=REQUESTCONTEXT
170690 [main] DEBUG org.dbunit.database.DatabaseTableMetaData  - Validating if table 'REQUESTCONTEXT' exists in schema 'null' ...
170690 [main] TRACE org.dbunit.database.DatabaseConfig  - getProperty(name=http://www.dbunit.org/properties/metadataHandler) - start
170690 [main] TRACE org.dbunit.database.DefaultMetadataHandler  - tableExists(metaData=org.apache.commons.dbcp.DelegatingDatabaseMetaData@10129e16, schemaName=null, tableName=REQUESTCONTEXT) - start
170691 [main] DEBUG org.dbunit.util.SQLHelper  - close(resultSet=org.apache.commons.dbcp.DelegatingResultSet@61d908ff) - start
170691 [main] DEBUG org.dbunit.database.DatabaseTableMetaData  - getColumns() - start
170691 [main] DEBUG org.dbunit.database.DatabaseDataSourceConnection  - getConnection() - start
170691 [main] TRACE org.dbunit.database.DatabaseConfig  - getProperty(name=http://www.dbunit.org/properties/metadataHandler) - start
170691 [main] TRACE org.dbunit.database.DefaultMetadataHandler  - getColumns(databaseMetaData=org.apache.commons.dbcp.DelegatingDatabaseMetaData@6fddcf88, schemaName=null, tableName=REQUESTCONTEXT) - start
170707 [main] TRACE org.dbunit.database.DatabaseConfig  - getProperty(name=http://www.dbunit.org/properties/datatypeFactory) - start
170707 [main] DEBUG org.dbunit.database.DatabaseDataSourceConnection  - getConnection() - start
170707 [main] WARN  org.dbunit.dataset.AbstractTableMetaData  - Potential problem found: The configured data type factory 'class org.dbunit.dataset.datatype.DefaultDataTypeFactory' might cause problems with the current database 'HSQL Database Engine' (e.g. some datatypes may not be supported properly). In rare cases you might see this message because the list of supported database products is incomplete (list=[derby]). If so please request a java-class update via the forums.If you are using your own IDataTypeFactory extending DefaultDataTypeFactory, ensure that you override getValidDbProducts() to specify the supported database products.
170707 [main] TRACE org.dbunit.database.DatabaseConfig  - getFeature(name=http://www.dbunit.org/features/datatypeWarning) - start
170707 [main] TRACE org.dbunit.database.DatabaseConfig  - getProperty(name=http://www.dbunit.org/features/datatypeWarning) - start
170707 [main] TRACE org.dbunit.database.DefaultMetadataHandler  - matches(columnsResultSet=org.apache.commons.dbcp.DelegatingResultSet@1b3c2353, catalog=null, schema=null, table=REQUESTCONTEXT, column=null, caseSensitive=false) - start
170707 [main] DEBUG org.dbunit.database.DefaultMetadataHandler  - Comparing the following values using caseSensitive=false (searched<=>actual): catalog: null<=>PUBLIC schema: null<=>PUBLIC table: REQUESTCONTEXT<=>REQUESTCONTEXT column: null<=>ID
170708 [main] DEBUG org.dbunit.dataset.datatype.DefaultDataTypeFactory  - createDataType(sqlType=4 , sqlTypeName=INTEGER, tableName=REQUESTCONTEXT, columnName=ID) - start
170708 [main] DEBUG org.dbunit.dataset.datatype.DefaultDataTypeFactory  - createDataType(sqlType=4, sqlTypeName=INTEGER) - start
170708 [main] DEBUG org.dbunit.dataset.datatype.DataType  - forSqlType(sqlType=4) - start
170708 [main] DEBUG org.dbunit.dataset.datatype.AbstractDataType  - getSqlType() - start
170708 [main] DEBUG org.dbunit.dataset.datatype.AbstractDataType  - getSqlType() - start
170708 [main] DEBUG org.dbunit.dataset.datatype.AbstractDataType  - getSqlType() - start
170708 [main] DEBUG org.dbunit.dataset.datatype.AbstractDataType  - getSqlType() - start
170708 [main] DEBUG org.dbunit.dataset.datatype.AbstractDataType  - getSqlType() - start
170708 [main] DEBUG org.dbunit.dataset.datatype.AbstractDataType  - getSqlType() - start
170708 [main] DEBUG org.dbunit.dataset.datatype.AbstractDataType  - getSqlType() - start
170708 [main] DEBUG org.dbunit.dataset.datatype.AbstractDataType  - getSqlType() - start
170708 [main] DEBUG org.dbunit.dataset.datatype.AbstractDataType  - getSqlType() - start
170708 [main] DEBUG org.dbunit.dataset.datatype.AbstractDataType  - getSqlType() - start
170708 [main] DEBUG org.dbunit.dataset.datatype.AbstractDataType  - getSqlType() - start
170708 [main] DEBUG org.dbunit.dataset.datatype.AbstractDataType  - getSqlType() - start
170708 [main] DEBUG org.dbunit.dataset.Column  - nullableValue(nullable=0) - start
170708 [main] DEBUG org.dbunit.dataset.Column  - autoIncrementValue(isAutoIncrement=YES) - start
170708 [main] TRACE org.dbunit.database.DefaultMetadataHandler  - matches(columnsResultSet=org.apache.commons.dbcp.DelegatingResultSet@1b3c2353, catalog=null, schema=null, table=REQUESTCONTEXT, column=null, caseSensitive=false) - start
170708 [main] DEBUG org.dbunit.database.DefaultMetadataHandler  - Comparing the following values using caseSensitive=false (searched<=>actual): catalog: null<=>PUBLIC schema: null<=>PUBLIC table: REQUESTCONTEXT<=>REQUESTCONTEXT column: null<=>TIMESTAMP
170708 [main] DEBUG org.dbunit.dataset.datatype.DefaultDataTypeFactory  - createDataType(sqlType=93 , sqlTypeName=TIMESTAMP, tableName=REQUESTCONTEXT, columnName=TIMESTAMP) - start
170708 [main] DEBUG org.dbunit.dataset.datatype.DefaultDataTypeFactory  - createDataType(sqlType=93, sqlTypeName=TIMESTAMP) - start
170708 [main] DEBUG org.dbunit.dataset.datatype.DataType  - forSqlType(sqlType=93) - start
170708 [main] DEBUG org.dbunit.dataset.datatype.AbstractDataType  - getSqlType() - start
170708 [main] DEBUG org.dbunit.dataset.datatype.AbstractDataType  - getSqlType() - start
170708 [main] DEBUG org.dbunit.dataset.datatype.AbstractDataType  - getSqlType() - start
170708 [main] DEBUG org.dbunit.dataset.datatype.AbstractDataType  - getSqlType() - start
170708 [main] DEBUG org.dbunit.dataset.datatype.AbstractDataType  - getSqlType() - start
170708 [main] DEBUG org.dbunit.dataset.datatype.AbstractDataType  - getSqlType() - start
170708 [main] DEBUG org.dbunit.dataset.datatype.AbstractDataType  - getSqlType() - start
170708 [main] DEBUG org.dbunit.dataset.datatype.AbstractDataType  - getSqlType() - start
170708 [main] DEBUG org.dbunit.dataset.datatype.AbstractDataType  - getSqlType() - start
170708 [main] DEBUG org.dbunit.dataset.datatype.AbstractDataType  - getSqlType() - start
170708 [main] DEBUG org.dbunit.dataset.datatype.AbstractDataType  - getSqlType() - start
170708 [main] DEBUG org.dbunit.dataset.datatype.AbstractDataType  - getSqlType() - start
170708 [main] DEBUG org.dbunit.dataset.datatype.AbstractDataType  - getSqlType() - start
170708 [main] DEBUG org.dbunit.dataset.datatype.AbstractDataType  - getSqlType() - start
170709 [main] DEBUG org.dbunit.dataset.datatype.AbstractDataType  - getSqlType() - start
170709 [main] DEBUG org.dbunit.dataset.datatype.AbstractDataType  - getSqlType() - start
170709 [main] DEBUG org.dbunit.dataset.datatype.AbstractDataType  - getSqlType() - start
170709 [main] DEBUG org.dbunit.dataset.datatype.AbstractDataType  - getSqlType() - start
170709 [main] DEBUG org.dbunit.dataset.datatype.AbstractDataType  - getSqlType() - start
170709 [main] DEBUG org.dbunit.dataset.datatype.AbstractDataType  - getSqlType() - start
170709 [main] DEBUG org.dbunit.dataset.datatype.AbstractDataType  - getSqlType() - start
170709 [main] DEBUG org.dbunit.dataset.Column  - nullableValue(nullable=1) - start
170709 [main] DEBUG org.dbunit.dataset.Column  - autoIncrementValue(isAutoIncrement=NO) - start
170709 [main] TRACE org.dbunit.database.DefaultMetadataHandler  - matches(columnsResultSet=org.apache.commons.dbcp.DelegatingResultSet@1b3c2353, catalog=null, schema=null, table=REQUESTCONTEXT, column=null, caseSensitive=false) - start
170709 [main] DEBUG org.dbunit.database.DefaultMetadataHandler  - Comparing the following values using caseSensitive=false (searched<=>actual): catalog: null<=>PUBLIC schema: null<=>PUBLIC table: REQUESTCONTEXT<=>REQUESTCONTEXT column: null<=>PATH
170709 [main] DEBUG org.dbunit.dataset.datatype.DefaultDataTypeFactory  - createDataType(sqlType=12 , sqlTypeName=VARCHAR, tableName=REQUESTCONTEXT, columnName=PATH) - start
170709 [main] DEBUG org.dbunit.dataset.datatype.DefaultDataTypeFactory  - createDataType(sqlType=12, sqlTypeName=VARCHAR) - start
170709 [main] DEBUG org.dbunit.dataset.datatype.DataType  - forSqlType(sqlType=12) - start
170709 [main] DEBUG org.dbunit.dataset.datatype.AbstractDataType  - getSqlType() - start
170709 [main] DEBUG org.dbunit.dataset.Column  - nullableValue(nullable=0) - start
170709 [main] DEBUG org.dbunit.dataset.Column  - autoIncrementValue(isAutoIncrement=NO) - start
170709 [main] DEBUG org.dbunit.database.DatabaseTableMetaData  - getPrimaryKeys() - start
170709 [main] TRACE org.dbunit.database.DatabaseConfig  - getProperty(name=http://www.dbunit.org/properties/primaryKeyFilter) - start
170709 [main] DEBUG org.dbunit.database.DatabaseTableMetaData  - getPrimaryKeyNames() - start
170709 [main] DEBUG org.dbunit.database.DatabaseDataSourceConnection  - getConnection() - start
170709 [main] TRACE org.dbunit.database.DatabaseConfig  - getProperty(name=http://www.dbunit.org/properties/metadataHandler) - start
170709 [main] TRACE org.dbunit.database.DefaultMetadataHandler  - getPrimaryKeys(metaData=org.apache.commons.dbcp.DelegatingDatabaseMetaData@9332c1d, schemaName=null, tableName=REQUESTCONTEXT) - start
170710 [main] DEBUG org.dbunit.database.DatabaseTableMetaData  - getName() - start
170710 [main] DEBUG org.dbunit.database.DatabaseTableMetaData  - getColumns() - start
170710 [main] DEBUG org.dbunit.dataset.Columns  - getColumns(columnNames=[ID], columns=[(ID, INTEGER, noNulls), (TIMESTAMP, TIMESTAMP, nullable), (PATH, VARCHAR, noNulls)]) - start
170710 [main] DEBUG org.dbunit.dataset.Columns  - getColumn(columnName=ID, columns=[(ID, INTEGER, noNulls), (TIMESTAMP, TIMESTAMP, nullable), (PATH, VARCHAR, noNulls)]) - start
170710 [main] DEBUG org.dbunit.dataset.OrderedTableNameMap  - update(tableName=RequestContext, object=table=REQUESTCONTEXT, cols=[(ID, INTEGER, noNulls), (TIMESTAMP, TIMESTAMP, nullable), (PATH, VARCHAR, noNulls)], pk=[(ID, INTEGER, noNulls)]) - start
170710 [main] DEBUG org.dbunit.dataset.OrderedTableNameMap  - getTableName(tableName=RequestContext) - start
170710 [main] DEBUG org.dbunit.dataset.OrderedTableNameMap  - getTableName(tableName=RequestContext) - end - result=REQUESTCONTEXT
170710 [main] DEBUG org.dbunit.dataset.OrderedTableNameMap  - getTableName(tableName=RequestContext) - start
170710 [main] DEBUG org.dbunit.dataset.OrderedTableNameMap  - getTableName(tableName=RequestContext) - end - result=REQUESTCONTEXT
170710 [main] DEBUG org.dbunit.operation.AbstractOperation  - getQualifiedName(prefix=null, name=REQUESTCONTEXT, connection=_databaseConfig=org.dbunit.database.DatabaseConfig[, _propertyMap={http://www.dbunit.org/properties/statementFactory=org.dbunit.database.statement.PreparedStatementFactory@626bc2b8, http://www.dbunit.org/features/caseSensitiveTableNames=false, http://www.dbunit.org/properties/fetchSize=100, http://www.dbunit.org/features/batchedStatements=false, http://www.dbunit.org/properties/metadataHandler=org.dbunit.database.DefaultMetadataHandler@62baffef, http://www.dbunit.org/properties/datatypeFactory=org.dbunit.dataset.datatype.DefaultDataTypeFactory[_toleratedDeltaMap=org.dbunit.dataset.datatype.ToleratedDeltaMap@6452310a], http://www.dbunit.org/properties/escapePattern=null, http://www.dbunit.org/properties/batchSize=100, http://www.dbunit.org/features/qualifiedTableNames=false, http://www.dbunit.org/properties/tableType=[Ljava.lang.String;@5011bafa, http://www.dbunit.org/properties/resultSetTableFactory=org.dbunit.database.CachedResultSetTableFactory@10bcf083, http://www.dbunit.org/features/datatypeWarning=true}], _dataSet=AbstractDataSet[_orderedTableNameMap=null]) - start
170710 [main] TRACE org.dbunit.database.DatabaseConfig  - getProperty(name=http://www.dbunit.org/properties/escapePattern) - start
170710 [main] DEBUG org.dbunit.util.QualifiedTableName  - getQualifiedName() - start
170710 [main] DEBUG org.dbunit.util.QualifiedTableName  - getQualifiedName(prefix=null, name=REQUESTCONTEXT, escapePattern=null) - start
170710 [main] DEBUG org.dbunit.database.statement.SimpleStatement  - addBatch(sql=delete from REQUESTCONTEXT) - start
170710 [main] DEBUG org.dbunit.operation.DeleteAllOperation  - Added SQL: delete from REQUESTCONTEXT
170710 [main] DEBUG org.dbunit.database.DatabaseDataSet  - getTableMetaData(tableName=NestedScopedContentConditions) - start
170710 [main] DEBUG org.dbunit.database.DatabaseDataSet  - initialize() - start
170710 [main] DEBUG org.dbunit.dataset.OrderedTableNameMap  - getTableName(tableName=NestedScopedContentConditions) - start
170710 [main] DEBUG org.dbunit.dataset.OrderedTableNameMap  - getTableName(tableName=NestedScopedContentConditions) - end - result=NESTEDSCOPEDCONTENTCONDITIONS
170710 [main] DEBUG org.dbunit.dataset.OrderedTableNameMap  - getTableName(tableName=NestedScopedContentConditions) - start
170710 [main] DEBUG org.dbunit.dataset.OrderedTableNameMap  - getTableName(tableName=NestedScopedContentConditions) - end - result=NESTEDSCOPEDCONTENTCONDITIONS
170710 [main] DEBUG org.dbunit.database.DatabaseDataSourceConnection  - getConnection() - start
170711 [main] TRACE org.dbunit.util.SQLHelper  - correctCase(tableName=NestedScopedContentConditions, connection=Transaction-aware proxy for target Connection [jdbc:hsqldb:mem:kontrollDS, UserName=sw, HSQL Database Engine Driver]) - start
170711 [main] TRACE org.dbunit.util.SQLHelper  - correctCase(tableName=NestedScopedContentConditions, databaseMetaData=org.apache.commons.dbcp.DelegatingDatabaseMetaData@2f2fcbfb) - start
170711 [main] TRACE org.dbunit.util.SQLHelper  - isEscaped(tableName=NestedScopedContentConditions, dbIdentifierQuoteString=") - start
170711 [main] DEBUG org.dbunit.util.SQLHelper  - isEscaped returns 'false' for tableName=NestedScopedContentConditions (dbIdentifierQuoteString=")
170711 [main] DEBUG org.dbunit.util.SQLHelper  - class org.dbunit.database.DatabaseTableMetaData. Corrected table name: oldValue=NestedScopedContentConditions newValue=NESTEDSCOPEDCONTENTCONDITIONS
170711 [main] DEBUG org.dbunit.database.DatabaseTableMetaData  - Validating if table 'NESTEDSCOPEDCONTENTCONDITIONS' exists in schema 'null' ...
170711 [main] TRACE org.dbunit.database.DatabaseConfig  - getProperty(name=http://www.dbunit.org/properties/metadataHandler) - start
170711 [main] TRACE org.dbunit.database.DefaultMetadataHandler  - tableExists(metaData=org.apache.commons.dbcp.DelegatingDatabaseMetaData@6af8e3f0, schemaName=null, tableName=NESTEDSCOPEDCONTENTCONDITIONS) - start
170712 [main] DEBUG org.dbunit.util.SQLHelper  - close(resultSet=org.apache.commons.dbcp.DelegatingResultSet@30a51acd) - start
170712 [main] DEBUG org.dbunit.database.DatabaseTableMetaData  - getColumns() - start
170712 [main] DEBUG org.dbunit.database.DatabaseDataSourceConnection  - getConnection() - start
170712 [main] TRACE org.dbunit.database.DatabaseConfig  - getProperty(name=http://www.dbunit.org/properties/metadataHandler) - start
170712 [main] TRACE org.dbunit.database.DefaultMetadataHandler  - getColumns(databaseMetaData=org.apache.commons.dbcp.DelegatingDatabaseMetaData@2782a1ae, schemaName=null, tableName=NESTEDSCOPEDCONTENTCONDITIONS) - start
170727 [main] TRACE org.dbunit.database.DatabaseConfig  - getProperty(name=http://www.dbunit.org/properties/datatypeFactory) - start
170728 [main] DEBUG org.dbunit.database.DatabaseDataSourceConnection  - getConnection() - start
170728 [main] WARN  org.dbunit.dataset.AbstractTableMetaData  - Potential problem found: The configured data type factory 'class org.dbunit.dataset.datatype.DefaultDataTypeFactory' might cause problems with the current database 'HSQL Database Engine' (e.g. some datatypes may not be supported properly). In rare cases you might see this message because the list of supported database products is incomplete (list=[derby]). If so please request a java-class update via the forums.If you are using your own IDataTypeFactory extending DefaultDataTypeFactory, ensure that you override getValidDbProducts() to specify the supported database products.
170728 [main] TRACE org.dbunit.database.DatabaseConfig  - getFeature(name=http://www.dbunit.org/features/datatypeWarning) - start
170728 [main] TRACE org.dbunit.database.DatabaseConfig  - getProperty(name=http://www.dbunit.org/features/datatypeWarning) - start
170728 [main] TRACE org.dbunit.database.DefaultMetadataHandler  - matches(columnsResultSet=org.apache.commons.dbcp.DelegatingResultSet@5742159b, catalog=null, schema=null, table=NESTEDSCOPEDCONTENTCONDITIONS, column=null, caseSensitive=false) - start
170728 [main] DEBUG org.dbunit.database.DefaultMetadataHandler  - Comparing the following values using caseSensitive=false (searched<=>actual): catalog: null<=>PUBLIC schema: null<=>PUBLIC table: NESTEDSCOPEDCONTENTCONDITIONS<=>NESTEDSCOPEDCONTENTCONDITIONS column: null<=>PARENT_CONDITION_ID
170728 [main] DEBUG org.dbunit.dataset.datatype.DefaultDataTypeFactory  - createDataType(sqlType=4 , sqlTypeName=INTEGER, tableName=NESTEDSCOPEDCONTENTCONDITIONS, columnName=PARENT_CONDITION_ID) - start
170728 [main] DEBUG org.dbunit.dataset.datatype.DefaultDataTypeFactory  - createDataType(sqlType=4, sqlTypeName=INTEGER) - start
170728 [main] DEBUG org.dbunit.dataset.datatype.DataType  - forSqlType(sqlType=4) - start
170728 [main] DEBUG org.dbunit.dataset.datatype.AbstractDataType  - getSqlType() - start
170728 [main] DEBUG org.dbunit.dataset.datatype.AbstractDataType  - getSqlType() - start
170728 [main] DEBUG org.dbunit.dataset.datatype.AbstractDataType  - getSqlType() - start
170728 [main] DEBUG org.dbunit.dataset.datatype.AbstractDataType  - getSqlType() - start
170728 [main] DEBUG org.dbunit.dataset.datatype.AbstractDataType  - getSqlType() - start
170728 [main] DEBUG org.dbunit.dataset.datatype.AbstractDataType  - getSqlType() - start
170728 [main] DEBUG org.dbunit.dataset.datatype.AbstractDataType  - getSqlType() - start
170728 [main] DEBUG org.dbunit.dataset.datatype.AbstractDataType  - getSqlType() - start
170728 [main] DEBUG org.dbunit.dataset.datatype.AbstractDataType  - getSqlType() - start
170728 [main] DEBUG org.dbunit.dataset.datatype.AbstractDataType  - getSqlType() - start
170728 [main] DEBUG org.dbunit.dataset.datatype.AbstractDataType  - getSqlType() - start
170728 [main] DEBUG org.dbunit.dataset.datatype.AbstractDataType  - getSqlType() - start
170728 [main] DEBUG org.dbunit.dataset.Column  - nullableValue(nullable=0) - start
170728 [main] DEBUG org.dbunit.dataset.Column  - autoIncrementValue(isAutoIncrement=NO) - start
170728 [main] TRACE org.dbunit.database.DefaultMetadataHandler  - matches(columnsResultSet=org.apache.commons.dbcp.DelegatingResultSet@5742159b, catalog=null, schema=null, table=NESTEDSCOPEDCONTENTCONDITIONS, column=null, caseSensitive=false) - start
170728 [main] DEBUG org.dbunit.database.DefaultMetadataHandler  - Comparing the following values using caseSensitive=false (searched<=>actual): catalog: null<=>PUBLIC schema: null<=>PUBLIC table: NESTEDSCOPEDCONTENTCONDITIONS<=>NESTEDSCOPEDCONTENTCONDITIONS column: null<=>CHILD_CONDITION_ID
170740 [main] DEBUG org.dbunit.dataset.datatype.DefaultDataTypeFactory  - createDataType(sqlType=4 , sqlTypeName=INTEGER, tableName=NESTEDSCOPEDCONTENTCONDITIONS, columnName=CHILD_CONDITION_ID) - start
170740 [main] DEBUG org.dbunit.dataset.datatype.DefaultDataTypeFactory  - createDataType(sqlType=4, sqlTypeName=INTEGER) - start
170740 [main] DEBUG org.dbunit.dataset.datatype.DataType  - forSqlType(sqlType=4) - start
170740 [main] DEBUG org.dbunit.dataset.datatype.AbstractDataType  - getSqlType() - start
170740 [main] DEBUG org.dbunit.dataset.datatype.AbstractDataType  - getSqlType() - start
170740 [main] DEBUG org.dbunit.dataset.datatype.AbstractDataType  - getSqlType() - start
170741 [main] DEBUG org.dbunit.dataset.datatype.AbstractDataType  - getSqlType() - start
170741 [main] DEBUG org.dbunit.dataset.datatype.AbstractDataType  - getSqlType() - start
170741 [main] DEBUG org.dbunit.dataset.datatype.AbstractDataType  - getSqlType() - start
170741 [main] DEBUG org.dbunit.dataset.datatype.AbstractDataType  - getSqlType() - start
170741 [main] DEBUG org.dbunit.dataset.datatype.AbstractDataType  - getSqlType() - start
170741 [main] DEBUG org.dbunit.dataset.datatype.AbstractDataType  - getSqlType() - start
170741 [main] DEBUG org.dbunit.dataset.datatype.AbstractDataType  - getSqlType() - start
170741 [main] DEBUG org.dbunit.dataset.datatype.AbstractDataType  - getSqlType() - start
170741 [main] DEBUG org.dbunit.dataset.datatype.AbstractDataType  - getSqlType() - start
170741 [main] DEBUG org.dbunit.dataset.Column  - nullableValue(nullable=0) - start
170741 [main] DEBUG org.dbunit.dataset.Column  - autoIncrementValue(isAutoIncrement=NO) - start
170741 [main] DEBUG org.dbunit.database.DatabaseTableMetaData  - getPrimaryKeys() - start
170741 [main] TRACE org.dbunit.database.DatabaseConfig  - getProperty(name=http://www.dbunit.org/properties/primaryKeyFilter) - start
170741 [main] DEBUG org.dbunit.database.DatabaseTableMetaData  - getPrimaryKeyNames() - start
170741 [main] DEBUG org.dbunit.database.DatabaseDataSourceConnection  - getConnection() - start
170741 [main] TRACE org.dbunit.database.DatabaseConfig  - getProperty(name=http://www.dbunit.org/properties/metadataHandler) - start
170741 [main] TRACE org.dbunit.database.DefaultMetadataHandler  - getPrimaryKeys(metaData=org.apache.commons.dbcp.DelegatingDatabaseMetaData@33989fde, schemaName=null, tableName=NESTEDSCOPEDCONTENTCONDITIONS) - start
170741 [main] DEBUG org.dbunit.database.DatabaseTableMetaData  - getColumns() - start
170741 [main] DEBUG org.dbunit.dataset.Columns  - getColumns(columnNames=[], columns=[(PARENT_CONDITION_ID, INTEGER, noNulls), (CHILD_CONDITION_ID, INTEGER, noNulls)]) - start
170741 [main] DEBUG org.dbunit.dataset.OrderedTableNameMap  - update(tableName=NestedScopedContentConditions, object=table=NESTEDSCOPEDCONTENTCONDITIONS, cols=[(PARENT_CONDITION_ID, INTEGER, noNulls), (CHILD_CONDITION_ID, INTEGER, noNulls)], pk=[]) - start
170741 [main] DEBUG org.dbunit.dataset.OrderedTableNameMap  - getTableName(tableName=NestedScopedContentConditions) - start
170741 [main] DEBUG org.dbunit.dataset.OrderedTableNameMap  - getTableName(tableName=NestedScopedContentConditions) - end - result=NESTEDSCOPEDCONTENTCONDITIONS
170741 [main] DEBUG org.dbunit.dataset.OrderedTableNameMap  - getTableName(tableName=NestedScopedContentConditions) - start
170741 [main] DEBUG org.dbunit.dataset.OrderedTableNameMap  - getTableName(tableName=NestedScopedContentConditions) - end - result=NESTEDSCOPEDCONTENTCONDITIONS
170741 [main] DEBUG org.dbunit.operation.AbstractOperation  - getQualifiedName(prefix=null, name=NESTEDSCOPEDCONTENTCONDITIONS, connection=_databaseConfig=org.dbunit.database.DatabaseConfig[, _propertyMap={http://www.dbunit.org/properties/statementFactory=org.dbunit.database.statement.PreparedStatementFactory@626bc2b8, http://www.dbunit.org/features/caseSensitiveTableNames=false, http://www.dbunit.org/properties/fetchSize=100, http://www.dbunit.org/features/batchedStatements=false, http://www.dbunit.org/properties/metadataHandler=org.dbunit.database.DefaultMetadataHandler@62baffef, http://www.dbunit.org/properties/datatypeFactory=org.dbunit.dataset.datatype.DefaultDataTypeFactory[_toleratedDeltaMap=org.dbunit.dataset.datatype.ToleratedDeltaMap@6452310a], http://www.dbunit.org/properties/escapePattern=null, http://www.dbunit.org/properties/batchSize=100, http://www.dbunit.org/features/qualifiedTableNames=false, http://www.dbunit.org/properties/tableType=[Ljava.lang.String;@5011bafa, http://www.dbunit.org/properties/resultSetTableFactory=org.dbunit.database.CachedResultSetTableFactory@10bcf083, http://www.dbunit.org/features/datatypeWarning=true}], _dataSet=AbstractDataSet[_orderedTableNameMap=null]) - start
170742 [main] TRACE org.dbunit.database.DatabaseConfig  - getProperty(name=http://www.dbunit.org/properties/escapePattern) - start
170742 [main] DEBUG org.dbunit.util.QualifiedTableName  - getQualifiedName() - start
170742 [main] DEBUG org.dbunit.util.QualifiedTableName  - getQualifiedName(prefix=null, name=NESTEDSCOPEDCONTENTCONDITIONS, escapePattern=null) - start
170742 [main] DEBUG org.dbunit.database.statement.SimpleStatement  - addBatch(sql=delete from NESTEDSCOPEDCONTENTCONDITIONS) - start
170742 [main] DEBUG org.dbunit.operation.DeleteAllOperation  - Added SQL: delete from NESTEDSCOPEDCONTENTCONDITIONS
170742 [main] DEBUG org.dbunit.database.DatabaseDataSet  - getTableMetaData(tableName=ScopedContentCondition) - start
170742 [main] DEBUG org.dbunit.database.DatabaseDataSet  - initialize() - start
170742 [main] DEBUG org.dbunit.dataset.OrderedTableNameMap  - getTableName(tableName=ScopedContentCondition) - start
170742 [main] DEBUG org.dbunit.dataset.OrderedTableNameMap  - getTableName(tableName=ScopedContentCondition) - end - result=SCOPEDCONTENTCONDITION
170742 [main] DEBUG org.dbunit.dataset.OrderedTableNameMap  - getTableName(tableName=ScopedContentCondition) - start
170742 [main] DEBUG org.dbunit.dataset.OrderedTableNameMap  - getTableName(tableName=ScopedContentCondition) - end - result=SCOPEDCONTENTCONDITION
170742 [main] DEBUG org.dbunit.database.DatabaseDataSourceConnection  - getConnection() - start
170742 [main] TRACE org.dbunit.util.SQLHelper  - correctCase(tableName=ScopedContentCondition, connection=Transaction-aware proxy for target Connection [jdbc:hsqldb:mem:kontrollDS, UserName=sw, HSQL Database Engine Driver]) - start
170742 [main] TRACE org.dbunit.util.SQLHelper  - correctCase(tableName=ScopedContentCondition, databaseMetaData=org.apache.commons.dbcp.DelegatingDatabaseMetaData@a28c596) - start
170742 [main] TRACE org.dbunit.util.SQLHelper  - isEscaped(tableName=ScopedContentCondition, dbIdentifierQuoteString=") - start
170742 [main] DEBUG org.dbunit.util.SQLHelper  - isEscaped returns 'false' for tableName=ScopedContentCondition (dbIdentifierQuoteString=")
170742 [main] DEBUG org.dbunit.util.SQLHelper  - class org.dbunit.database.DatabaseTableMetaData. Corrected table name: oldValue=ScopedContentCondition newValue=SCOPEDCONTENTCONDITION
170742 [main] DEBUG org.dbunit.database.DatabaseTableMetaData  - Validating if table 'SCOPEDCONTENTCONDITION' exists in schema 'null' ...
170742 [main] TRACE org.dbunit.database.DatabaseConfig  - getProperty(name=http://www.dbunit.org/properties/metadataHandler) - start
170743 [main] TRACE org.dbunit.database.DefaultMetadataHandler  - tableExists(metaData=org.apache.commons.dbcp.DelegatingDatabaseMetaData@7ac4000f, schemaName=null, tableName=SCOPEDCONTENTCONDITION) - start
170744 [main] DEBUG org.dbunit.util.SQLHelper  - close(resultSet=org.apache.commons.dbcp.DelegatingResultSet@7376c59) - start
170744 [main] DEBUG org.dbunit.database.DatabaseTableMetaData  - getColumns() - start
170744 [main] DEBUG org.dbunit.database.DatabaseDataSourceConnection  - getConnection() - start
170744 [main] TRACE org.dbunit.database.DatabaseConfig  - getProperty(name=http://www.dbunit.org/properties/metadataHandler) - start
170744 [main] TRACE org.dbunit.database.DefaultMetadataHandler  - getColumns(databaseMetaData=org.apache.commons.dbcp.DelegatingDatabaseMetaData@47aa4ac2, schemaName=null, tableName=SCOPEDCONTENTCONDITION) - start
170759 [main] TRACE org.dbunit.database.DatabaseConfig  - getProperty(name=http://www.dbunit.org/properties/datatypeFactory) - start
170759 [main] DEBUG org.dbunit.database.DatabaseDataSourceConnection  - getConnection() - start
170759 [main] WARN  org.dbunit.dataset.AbstractTableMetaData  - Potential problem found: The configured data type factory 'class org.dbunit.dataset.datatype.DefaultDataTypeFactory' might cause problems with the current database 'HSQL Database Engine' (e.g. some datatypes may not be supported properly). In rare cases you might see this message because the list of supported database products is incomplete (list=[derby]). If so please request a java-class update via the forums.If you are using your own IDataTypeFactory extending DefaultDataTypeFactory, ensure that you override getValidDbProducts() to specify the supported database products.
170760 [main] TRACE org.dbunit.database.DatabaseConfig  - getFeature(name=http://www.dbunit.org/features/datatypeWarning) - start
170760 [main] TRACE org.dbunit.database.DatabaseConfig  - getProperty(name=http://www.dbunit.org/features/datatypeWarning) - start
170760 [main] TRACE org.dbunit.database.DefaultMetadataHandler  - matches(columnsResultSet=org.apache.commons.dbcp.DelegatingResultSet@33d98faf, catalog=null, schema=null, table=SCOPEDCONTENTCONDITION, column=null, caseSensitive=false) - start
170760 [main] DEBUG org.dbunit.database.DefaultMetadataHandler  - Comparing the following values using caseSensitive=false (searched<=>actual): catalog: null<=>PUBLIC schema: null<=>PUBLIC table: SCOPEDCONTENTCONDITION<=>SCOPEDCONTENTCONDITION column: null<=>ID
170760 [main] DEBUG org.dbunit.dataset.datatype.DefaultDataTypeFactory  - createDataType(sqlType=4 , sqlTypeName=INTEGER, tableName=SCOPEDCONTENTCONDITION, columnName=ID) - start
170760 [main] DEBUG org.dbunit.dataset.datatype.DefaultDataTypeFactory  - createDataType(sqlType=4, sqlTypeName=INTEGER) - start
170760 [main] DEBUG org.dbunit.dataset.datatype.DataType  - forSqlType(sqlType=4) - start
170760 [main] DEBUG org.dbunit.dataset.datatype.AbstractDataType  - getSqlType() - start
170760 [main] DEBUG org.dbunit.dataset.datatype.AbstractDataType  - getSqlType() - start
170760 [main] DEBUG org.dbunit.dataset.datatype.AbstractDataType  - getSqlType() - start
170760 [main] DEBUG org.dbunit.dataset.datatype.AbstractDataType  - getSqlType() - start
170760 [main] DEBUG org.dbunit.dataset.datatype.AbstractDataType  - getSqlType() - start
170760 [main] DEBUG org.dbunit.dataset.datatype.AbstractDataType  - getSqlType() - start
170760 [main] DEBUG org.dbunit.dataset.datatype.AbstractDataType  - getSqlType() - start
170760 [main] DEBUG org.dbunit.dataset.datatype.AbstractDataType  - getSqlType() - start
170760 [main] DEBUG org.dbunit.dataset.datatype.AbstractDataType  - getSqlType() - start
170760 [main] DEBUG org.dbunit.dataset.datatype.AbstractDataType  - getSqlType() - start
170760 [main] DEBUG org.dbunit.dataset.datatype.AbstractDataType  - getSqlType() - start
170760 [main] DEBUG org.dbunit.dataset.datatype.AbstractDataType  - getSqlType() - start
170760 [main] DEBUG org.dbunit.dataset.Column  - nullableValue(nullable=0) - start
170760 [main] DEBUG org.dbunit.dataset.Column  - autoIncrementValue(isAutoIncrement=YES) - start
170760 [main] TRACE org.dbunit.database.DefaultMetadataHandler  - matches(columnsResultSet=org.apache.commons.dbcp.DelegatingResultSet@33d98faf, catalog=null, schema=null, table=SCOPEDCONTENTCONDITION, column=null, caseSensitive=false) - start
170760 [main] DEBUG org.dbunit.database.DefaultMetadataHandler  - Comparing the following values using caseSensitive=false (searched<=>actual): catalog: null<=>PUBLIC schema: null<=>PUBLIC table: SCOPEDCONTENTCONDITION<=>SCOPEDCONTENTCONDITION column: null<=>TIMESTAMP
170760 [main] DEBUG org.dbunit.dataset.datatype.DefaultDataTypeFactory  - createDataType(sqlType=93 , sqlTypeName=TIMESTAMP, tableName=SCOPEDCONTENTCONDITION, columnName=TIMESTAMP) - start
170760 [main] DEBUG org.dbunit.dataset.datatype.DefaultDataTypeFactory  - createDataType(sqlType=93, sqlTypeName=TIMESTAMP) - start
170760 [main] DEBUG org.dbunit.dataset.datatype.DataType  - forSqlType(sqlType=93) - start
170760 [main] DEBUG org.dbunit.dataset.datatype.AbstractDataType  - getSqlType() - start
170760 [main] DEBUG org.dbunit.dataset.datatype.AbstractDataType  - getSqlType() - start
170760 [main] DEBUG org.dbunit.dataset.datatype.AbstractDataType  - getSqlType() - start
170760 [main] DEBUG org.dbunit.dataset.datatype.AbstractDataType  - getSqlType() - start
170761 [main] DEBUG org.dbunit.dataset.datatype.AbstractDataType  - getSqlType() - start
170761 [main] DEBUG org.dbunit.dataset.datatype.AbstractDataType  - getSqlType() - start
170761 [main] DEBUG org.dbunit.dataset.datatype.AbstractDataType  - getSqlType() - start
170761 [main] DEBUG org.dbunit.dataset.datatype.AbstractDataType  - getSqlType() - start
170761 [main] DEBUG org.dbunit.dataset.datatype.AbstractDataType  - getSqlType() - start
170761 [main] DEBUG org.dbunit.dataset.datatype.AbstractDataType  - getSqlType() - start
170761 [main] DEBUG org.dbunit.dataset.datatype.AbstractDataType  - getSqlType() - start
170761 [main] DEBUG org.dbunit.dataset.datatype.AbstractDataType  - getSqlType() - start
170761 [main] DEBUG org.dbunit.dataset.datatype.AbstractDataType  - getSqlType() - start
170761 [main] DEBUG org.dbunit.dataset.datatype.AbstractDataType  - getSqlType() - start
170761 [main] DEBUG org.dbunit.dataset.datatype.AbstractDataType  - getSqlType() - start
170761 [main] DEBUG org.dbunit.dataset.datatype.AbstractDataType  - getSqlType() - start
170761 [main] DEBUG org.dbunit.dataset.datatype.AbstractDataType  - getSqlType() - start
170761 [main] DEBUG org.dbunit.dataset.datatype.AbstractDataType  - getSqlType() - start
170761 [main] DEBUG org.dbunit.dataset.datatype.AbstractDataType  - getSqlType() - start
170761 [main] DEBUG org.dbunit.dataset.datatype.AbstractDataType  - getSqlType() - start
170761 [main] DEBUG org.dbunit.dataset.datatype.AbstractDataType  - getSqlType() - start
170761 [main] DEBUG org.dbunit.dataset.Column  - nullableValue(nullable=1) - start
170761 [main] DEBUG org.dbunit.dataset.Column  - autoIncrementValue(isAutoIncrement=NO) - start
170761 [main] TRACE org.dbunit.database.DefaultMetadataHandler  - matches(columnsResultSet=org.apache.commons.dbcp.DelegatingResultSet@33d98faf, catalog=null, schema=null, table=SCOPEDCONTENTCONDITION, column=null, caseSensitive=false) - start
170761 [main] DEBUG org.dbunit.database.DefaultMetadataHandler  - Comparing the following values using caseSensitive=false (searched<=>actual): catalog: null<=>PUBLIC schema: null<=>PUBLIC table: SCOPEDCONTENTCONDITION<=>SCOPEDCONTENTCONDITION column: null<=>DESCRIPTION
170761 [main] DEBUG org.dbunit.dataset.datatype.DefaultDataTypeFactory  - createDataType(sqlType=12 , sqlTypeName=VARCHAR, tableName=SCOPEDCONTENTCONDITION, columnName=DESCRIPTION) - start
170761 [main] DEBUG org.dbunit.dataset.datatype.DefaultDataTypeFactory  - createDataType(sqlType=12, sqlTypeName=VARCHAR) - start
170761 [main] DEBUG org.dbunit.dataset.datatype.DataType  - forSqlType(sqlType=12) - start
170761 [main] DEBUG org.dbunit.dataset.datatype.AbstractDataType  - getSqlType() - start
170761 [main] DEBUG org.dbunit.dataset.Column  - nullableValue(nullable=1) - start
170761 [main] DEBUG org.dbunit.dataset.Column  - autoIncrementValue(isAutoIncrement=NO) - start
170761 [main] TRACE org.dbunit.database.DefaultMetadataHandler  - matches(columnsResultSet=org.apache.commons.dbcp.DelegatingResultSet@33d98faf, catalog=null, schema=null, table=SCOPEDCONTENTCONDITION, column=null, caseSensitive=false) - start
170761 [main] DEBUG org.dbunit.database.DefaultMetadataHandler  - Comparing the following values using caseSensitive=false (searched<=>actual): catalog: null<=>PUBLIC schema: null<=>PUBLIC table: SCOPEDCONTENTCONDITION<=>SCOPEDCONTENTCONDITION column: null<=>NAME
170761 [main] DEBUG org.dbunit.dataset.datatype.DefaultDataTypeFactory  - createDataType(sqlType=12 , sqlTypeName=VARCHAR, tableName=SCOPEDCONTENTCONDITION, columnName=NAME) - start
170762 [main] DEBUG org.dbunit.dataset.datatype.DefaultDataTypeFactory  - createDataType(sqlType=12, sqlTypeName=VARCHAR) - start
170762 [main] DEBUG org.dbunit.dataset.datatype.DataType  - forSqlType(sqlType=12) - start
170762 [main] DEBUG org.dbunit.dataset.datatype.AbstractDataType  - getSqlType() - start
170762 [main] DEBUG org.dbunit.dataset.Column  - nullableValue(nullable=0) - start
170762 [main] DEBUG org.dbunit.dataset.Column  - autoIncrementValue(isAutoIncrement=NO) - start
170762 [main] TRACE org.dbunit.database.DefaultMetadataHandler  - matches(columnsResultSet=org.apache.commons.dbcp.DelegatingResultSet@33d98faf, catalog=null, schema=null, table=SCOPEDCONTENTCONDITION, column=null, caseSensitive=false) - start
170762 [main] DEBUG org.dbunit.database.DefaultMetadataHandler  - Comparing the following values using caseSensitive=false (searched<=>actual): catalog: null<=>PUBLIC schema: null<=>PUBLIC table: SCOPEDCONTENTCONDITION<=>SCOPEDCONTENTCONDITION column: null<=>OPERATOR
170762 [main] DEBUG org.dbunit.dataset.datatype.DefaultDataTypeFactory  - createDataType(sqlType=12 , sqlTypeName=VARCHAR, tableName=SCOPEDCONTENTCONDITION, columnName=OPERATOR) - start
170762 [main] DEBUG org.dbunit.dataset.datatype.DefaultDataTypeFactory  - createDataType(sqlType=12, sqlTypeName=VARCHAR) - start
170762 [main] DEBUG org.dbunit.dataset.datatype.DataType  - forSqlType(sqlType=12) - start
170762 [main] DEBUG org.dbunit.dataset.datatype.AbstractDataType  - getSqlType() - start
170762 [main] DEBUG org.dbunit.dataset.Column  - nullableValue(nullable=0) - start
170762 [main] DEBUG org.dbunit.dataset.Column  - autoIncrementValue(isAutoIncrement=NO) - start
170762 [main] DEBUG org.dbunit.database.DatabaseTableMetaData  - getPrimaryKeys() - start
170762 [main] TRACE org.dbunit.database.DatabaseConfig  - getProperty(name=http://www.dbunit.org/properties/primaryKeyFilter) - start
170762 [main] DEBUG org.dbunit.database.DatabaseTableMetaData  - getPrimaryKeyNames() - start
170762 [main] DEBUG org.dbunit.database.DatabaseDataSourceConnection  - getConnection() - start
170762 [main] TRACE org.dbunit.database.DatabaseConfig  - getProperty(name=http://www.dbunit.org/properties/metadataHandler) - start
170762 [main] TRACE org.dbunit.database.DefaultMetadataHandler  - getPrimaryKeys(metaData=org.apache.commons.dbcp.DelegatingDatabaseMetaData@106844c1, schemaName=null, tableName=SCOPEDCONTENTCONDITION) - start
170762 [main] DEBUG org.dbunit.database.DatabaseTableMetaData  - getName() - start
170763 [main] DEBUG org.dbunit.database.DatabaseTableMetaData  - getColumns() - start
170763 [main] DEBUG org.dbunit.dataset.Columns  - getColumns(columnNames=[ID], columns=[(ID, INTEGER, noNulls), (TIMESTAMP, TIMESTAMP, nullable), (DESCRIPTION, VARCHAR, nullable), (NAME, VARCHAR, noNulls), (OPERATOR, VARCHAR, noNulls)]) - start
170763 [main] DEBUG org.dbunit.dataset.Columns  - getColumn(columnName=ID, columns=[(ID, INTEGER, noNulls), (TIMESTAMP, TIMESTAMP, nullable), (DESCRIPTION, VARCHAR, nullable), (NAME, VARCHAR, noNulls), (OPERATOR, VARCHAR, noNulls)]) - start
170763 [main] DEBUG org.dbunit.dataset.OrderedTableNameMap  - update(tableName=ScopedContentCondition, object=table=SCOPEDCONTENTCONDITION, cols=[(ID, INTEGER, noNulls), (TIMESTAMP, TIMESTAMP, nullable), (DESCRIPTION, VARCHAR, nullable), (NAME, VARCHAR, noNulls), (OPERATOR, VARCHAR, noNulls)], pk=[(ID, INTEGER, noNulls)]) - start
170763 [main] DEBUG org.dbunit.dataset.OrderedTableNameMap  - getTableName(tableName=ScopedContentCondition) - start
170763 [main] DEBUG org.dbunit.dataset.OrderedTableNameMap  - getTableName(tableName=ScopedContentCondition) - end - result=SCOPEDCONTENTCONDITION
170763 [main] DEBUG org.dbunit.dataset.OrderedTableNameMap  - getTableName(tableName=ScopedContentCondition) - start
170763 [main] DEBUG org.dbunit.dataset.OrderedTableNameMap  - getTableName(tableName=ScopedContentCondition) - end - result=SCOPEDCONTENTCONDITION
170763 [main] DEBUG org.dbunit.operation.AbstractOperation  - getQualifiedName(prefix=null, name=SCOPEDCONTENTCONDITION, connection=_databaseConfig=org.dbunit.database.DatabaseConfig[, _propertyMap={http://www.dbunit.org/properties/statementFactory=org.dbunit.database.statement.PreparedStatementFactory@626bc2b8, http://www.dbunit.org/features/caseSensitiveTableNames=false, http://www.dbunit.org/properties/fetchSize=100, http://www.dbunit.org/features/batchedStatements=false, http://www.dbunit.org/properties/metadataHandler=org.dbunit.database.DefaultMetadataHandler@62baffef, http://www.dbunit.org/properties/datatypeFactory=org.dbunit.dataset.datatype.DefaultDataTypeFactory[_toleratedDeltaMap=org.dbunit.dataset.datatype.ToleratedDeltaMap@6452310a], http://www.dbunit.org/properties/escapePattern=null, http://www.dbunit.org/properties/batchSize=100, http://www.dbunit.org/features/qualifiedTableNames=false, http://www.dbunit.org/properties/tableType=[Ljava.lang.String;@5011bafa, http://www.dbunit.org/properties/resultSetTableFactory=org.dbunit.database.CachedResultSetTableFactory@10bcf083, http://www.dbunit.org/features/datatypeWarning=true}], _dataSet=AbstractDataSet[_orderedTableNameMap=null]) - start
170763 [main] TRACE org.dbunit.database.DatabaseConfig  - getProperty(name=http://www.dbunit.org/properties/escapePattern) - start
170763 [main] DEBUG org.dbunit.util.QualifiedTableName  - getQualifiedName() - start
170763 [main] DEBUG org.dbunit.util.QualifiedTableName  - getQualifiedName(prefix=null, name=SCOPEDCONTENTCONDITION, escapePattern=null) - start
170763 [main] DEBUG org.dbunit.database.statement.SimpleStatement  - addBatch(sql=delete from SCOPEDCONTENTCONDITION) - start
170763 [main] DEBUG org.dbunit.operation.DeleteAllOperation  - Added SQL: delete from SCOPEDCONTENTCONDITION
170763 [main] DEBUG org.dbunit.database.DatabaseDataSet  - getTableMetaData(tableName=Caption) - start
170763 [main] DEBUG org.dbunit.database.DatabaseDataSet  - initialize() - start
170763 [main] DEBUG org.dbunit.dataset.OrderedTableNameMap  - getTableName(tableName=Caption) - start
170763 [main] DEBUG org.dbunit.dataset.OrderedTableNameMap  - getTableName(tableName=Caption) - end - result=CAPTION
170763 [main] DEBUG org.dbunit.dataset.OrderedTableNameMap  - getTableName(tableName=Caption) - start
170763 [main] DEBUG org.dbunit.dataset.OrderedTableNameMap  - getTableName(tableName=Caption) - end - result=CAPTION
170763 [main] DEBUG org.dbunit.database.DatabaseDataSourceConnection  - getConnection() - start
170763 [main] TRACE org.dbunit.util.SQLHelper  - correctCase(tableName=Caption, connection=Transaction-aware proxy for target Connection [jdbc:hsqldb:mem:kontrollDS, UserName=sw, HSQL Database Engine Driver]) - start
170763 [main] TRACE org.dbunit.util.SQLHelper  - correctCase(tableName=Caption, databaseMetaData=org.apache.commons.dbcp.DelegatingDatabaseMetaData@724fc7d1) - start
170763 [main] TRACE org.dbunit.util.SQLHelper  - isEscaped(tableName=Caption, dbIdentifierQuoteString=") - start
170764 [main] DEBUG org.dbunit.util.SQLHelper  - isEscaped returns 'false' for tableName=Caption (dbIdentifierQuoteString=")
170764 [main] DEBUG org.dbunit.util.SQLHelper  - class org.dbunit.database.DatabaseTableMetaData. Corrected table name: oldValue=Caption newValue=CAPTION
170764 [main] DEBUG org.dbunit.database.DatabaseTableMetaData  - Validating if table 'CAPTION' exists in schema 'null' ...
170764 [main] TRACE org.dbunit.database.DatabaseConfig  - getProperty(name=http://www.dbunit.org/properties/metadataHandler) - start
170764 [main] TRACE org.dbunit.database.DefaultMetadataHandler  - tableExists(metaData=org.apache.commons.dbcp.DelegatingDatabaseMetaData@53c7a4f8, schemaName=null, tableName=CAPTION) - start
170765 [main] DEBUG org.dbunit.util.SQLHelper  - close(resultSet=org.apache.commons.dbcp.DelegatingResultSet@ca7aa73) - start
170765 [main] DEBUG org.dbunit.database.DatabaseTableMetaData  - getColumns() - start
170765 [main] DEBUG org.dbunit.database.DatabaseDataSourceConnection  - getConnection() - start
170765 [main] TRACE org.dbunit.database.DatabaseConfig  - getProperty(name=http://www.dbunit.org/properties/metadataHandler) - start
170765 [main] TRACE org.dbunit.database.DefaultMetadataHandler  - getColumns(databaseMetaData=org.apache.commons.dbcp.DelegatingDatabaseMetaData@53a76a82, schemaName=null, tableName=CAPTION) - start
170780 [main] TRACE org.dbunit.database.DatabaseConfig  - getProperty(name=http://www.dbunit.org/properties/datatypeFactory) - start
170780 [main] DEBUG org.dbunit.database.DatabaseDataSourceConnection  - getConnection() - start
170781 [main] WARN  org.dbunit.dataset.AbstractTableMetaData  - Potential problem found: The configured data type factory 'class org.dbunit.dataset.datatype.DefaultDataTypeFactory' might cause problems with the current database 'HSQL Database Engine' (e.g. some datatypes may not be supported properly). In rare cases you might see this message because the list of supported database products is incomplete (list=[derby]). If so please request a java-class update via the forums.If you are using your own IDataTypeFactory extending DefaultDataTypeFactory, ensure that you override getValidDbProducts() to specify the supported database products.
170781 [main] TRACE org.dbunit.database.DatabaseConfig  - getFeature(name=http://www.dbunit.org/features/datatypeWarning) - start
170781 [main] TRACE org.dbunit.database.DatabaseConfig  - getProperty(name=http://www.dbunit.org/features/datatypeWarning) - start
170781 [main] TRACE org.dbunit.database.DefaultMetadataHandler  - matches(columnsResultSet=org.apache.commons.dbcp.DelegatingResultSet@6269a81d, catalog=null, schema=null, table=CAPTION, column=null, caseSensitive=false) - start
170781 [main] DEBUG org.dbunit.database.DefaultMetadataHandler  - Comparing the following values using caseSensitive=false (searched<=>actual): catalog: null<=>PUBLIC schema: null<=>PUBLIC table: CAPTION<=>CAPTION column: null<=>ID
170781 [main] DEBUG org.dbunit.dataset.datatype.DefaultDataTypeFactory  - createDataType(sqlType=4 , sqlTypeName=INTEGER, tableName=CAPTION, columnName=ID) - start
170781 [main] DEBUG org.dbunit.dataset.datatype.DefaultDataTypeFactory  - createDataType(sqlType=4, sqlTypeName=INTEGER) - start
170781 [main] DEBUG org.dbunit.dataset.datatype.DataType  - forSqlType(sqlType=4) - start
170781 [main] DEBUG org.dbunit.dataset.datatype.AbstractDataType  - getSqlType() - start
170781 [main] DEBUG org.dbunit.dataset.datatype.AbstractDataType  - getSqlType() - start
170781 [main] DEBUG org.dbunit.dataset.datatype.AbstractDataType  - getSqlType() - start
170781 [main] DEBUG org.dbunit.dataset.datatype.AbstractDataType  - getSqlType() - start
170781 [main] DEBUG org.dbunit.dataset.datatype.AbstractDataType  - getSqlType() - start
170781 [main] DEBUG org.dbunit.dataset.datatype.AbstractDataType  - getSqlType() - start
170781 [main] DEBUG org.dbunit.dataset.datatype.AbstractDataType  - getSqlType() - start
170782 [main] DEBUG org.dbunit.dataset.datatype.AbstractDataType  - getSqlType() - start
170782 [main] DEBUG org.dbunit.dataset.datatype.AbstractDataType  - getSqlType() - start
170782 [main] DEBUG org.dbunit.dataset.datatype.AbstractDataType  - getSqlType() - start
170782 [main] DEBUG org.dbunit.dataset.datatype.AbstractDataType  - getSqlType() - start
170782 [main] DEBUG org.dbunit.dataset.datatype.AbstractDataType  - getSqlType() - start
170782 [main] DEBUG org.dbunit.dataset.Column  - nullableValue(nullable=0) - start
170782 [main] DEBUG org.dbunit.dataset.Column  - autoIncrementValue(isAutoIncrement=YES) - start
170782 [main] TRACE org.dbunit.database.DefaultMetadataHandler  - matches(columnsResultSet=org.apache.commons.dbcp.DelegatingResultSet@6269a81d, catalog=null, schema=null, table=CAPTION, column=null, caseSensitive=false) - start
170782 [main] DEBUG org.dbunit.database.DefaultMetadataHandler  - Comparing the following values using caseSensitive=false (searched<=>actual): catalog: null<=>PUBLIC schema: null<=>PUBLIC table: CAPTION<=>CAPTION column: null<=>TIMESTAMP
170782 [main] DEBUG org.dbunit.dataset.datatype.DefaultDataTypeFactory  - createDataType(sqlType=93 , sqlTypeName=TIMESTAMP, tableName=CAPTION, columnName=TIMESTAMP) - start
170782 [main] DEBUG org.dbunit.dataset.datatype.DefaultDataTypeFactory  - createDataType(sqlType=93, sqlTypeName=TIMESTAMP) - start
170782 [main] DEBUG org.dbunit.dataset.datatype.DataType  - forSqlType(sqlType=93) - start
170782 [main] DEBUG org.dbunit.dataset.datatype.AbstractDataType  - getSqlType() - start
170782 [main] DEBUG org.dbunit.dataset.datatype.AbstractDataType  - getSqlType() - start
170782 [main] DEBUG org.dbunit.dataset.datatype.AbstractDataType  - getSqlType() - start
170782 [main] DEBUG org.dbunit.dataset.datatype.AbstractDataType  - getSqlType() - start
170782 [main] DEBUG org.dbunit.dataset.datatype.AbstractDataType  - getSqlType() - start
170782 [main] DEBUG org.dbunit.dataset.datatype.AbstractDataType  - getSqlType() - start
170782 [main] DEBUG org.dbunit.dataset.datatype.AbstractDataType  - getSqlType() - start
170782 [main] DEBUG org.dbunit.dataset.datatype.AbstractDataType  - getSqlType() - start
170782 [main] DEBUG org.dbunit.dataset.datatype.AbstractDataType  - getSqlType() - start
170782 [main] DEBUG org.dbunit.dataset.datatype.AbstractDataType  - getSqlType() - start
170782 [main] DEBUG org.dbunit.dataset.datatype.AbstractDataType  - getSqlType() - start
170782 [main] DEBUG org.dbunit.dataset.datatype.AbstractDataType  - getSqlType() - start
170782 [main] DEBUG org.dbunit.dataset.datatype.AbstractDataType  - getSqlType() - start
170782 [main] DEBUG org.dbunit.dataset.datatype.AbstractDataType  - getSqlType() - start
170782 [main] DEBUG org.dbunit.dataset.datatype.AbstractDataType  - getSqlType() - start
170782 [main] DEBUG org.dbunit.dataset.datatype.AbstractDataType  - getSqlType() - start
170782 [main] DEBUG org.dbunit.dataset.datatype.AbstractDataType  - getSqlType() - start
170782 [main] DEBUG org.dbunit.dataset.datatype.AbstractDataType  - getSqlType() - start
170782 [main] DEBUG org.dbunit.dataset.datatype.AbstractDataType  - getSqlType() - start
170782 [main] DEBUG org.dbunit.dataset.datatype.AbstractDataType  - getSqlType() - start
170782 [main] DEBUG org.dbunit.dataset.datatype.AbstractDataType  - getSqlType() - start
170783 [main] DEBUG org.dbunit.dataset.Column  - nullableValue(nullable=1) - start
170783 [main] DEBUG org.dbunit.dataset.Column  - autoIncrementValue(isAutoIncrement=NO) - start
170783 [main] TRACE org.dbunit.database.DefaultMetadataHandler  - matches(columnsResultSet=org.apache.commons.dbcp.DelegatingResultSet@6269a81d, catalog=null, schema=null, table=CAPTION, column=null, caseSensitive=false) - start
170783 [main] DEBUG org.dbunit.database.DefaultMetadataHandler  - Comparing the following values using caseSensitive=false (searched<=>actual): catalog: null<=>PUBLIC schema: null<=>PUBLIC table: CAPTION<=>CAPTION column: null<=>IDENTIFIER
170783 [main] DEBUG org.dbunit.dataset.datatype.DefaultDataTypeFactory  - createDataType(sqlType=12 , sqlTypeName=VARCHAR, tableName=CAPTION, columnName=IDENTIFIER) - start
170783 [main] DEBUG org.dbunit.dataset.datatype.DefaultDataTypeFactory  - createDataType(sqlType=12, sqlTypeName=VARCHAR) - start
170783 [main] DEBUG org.dbunit.dataset.datatype.DataType  - forSqlType(sqlType=12) - start
170783 [main] DEBUG org.dbunit.dataset.datatype.AbstractDataType  - getSqlType() - start
170783 [main] DEBUG org.dbunit.dataset.Column  - nullableValue(nullable=1) - start
170783 [main] DEBUG org.dbunit.dataset.Column  - autoIncrementValue(isAutoIncrement=NO) - start
170783 [main] TRACE org.dbunit.database.DefaultMetadataHandler  - matches(columnsResultSet=org.apache.commons.dbcp.DelegatingResultSet@6269a81d, catalog=null, schema=null, table=CAPTION, column=null, caseSensitive=false) - start
170783 [main] DEBUG org.dbunit.database.DefaultMetadataHandler  - Comparing the following values using caseSensitive=false (searched<=>actual): catalog: null<=>PUBLIC schema: null<=>PUBLIC table: CAPTION<=>CAPTION column: null<=>LOCALE
170783 [main] DEBUG org.dbunit.dataset.datatype.DefaultDataTypeFactory  - createDataType(sqlType=12 , sqlTypeName=VARCHAR, tableName=CAPTION, columnName=LOCALE) - start
170783 [main] DEBUG org.dbunit.dataset.datatype.DefaultDataTypeFactory  - createDataType(sqlType=12, sqlTypeName=VARCHAR) - start
170783 [main] DEBUG org.dbunit.dataset.datatype.DataType  - forSqlType(sqlType=12) - start
170783 [main] DEBUG org.dbunit.dataset.datatype.AbstractDataType  - getSqlType() - start
170783 [main] DEBUG org.dbunit.dataset.Column  - nullableValue(nullable=1) - start
170783 [main] DEBUG org.dbunit.dataset.Column  - autoIncrementValue(isAutoIncrement=NO) - start
170783 [main] TRACE org.dbunit.database.DefaultMetadataHandler  - matches(columnsResultSet=org.apache.commons.dbcp.DelegatingResultSet@6269a81d, catalog=null, schema=null, table=CAPTION, column=null, caseSensitive=false) - start
170783 [main] DEBUG org.dbunit.database.DefaultMetadataHandler  - Comparing the following values using caseSensitive=false (searched<=>actual): catalog: null<=>PUBLIC schema: null<=>PUBLIC table: CAPTION<=>CAPTION column: null<=>TEXT
170783 [main] DEBUG org.dbunit.dataset.datatype.DefaultDataTypeFactory  - createDataType(sqlType=12 , sqlTypeName=VARCHAR, tableName=CAPTION, columnName=TEXT) - start
170783 [main] DEBUG org.dbunit.dataset.datatype.DefaultDataTypeFactory  - createDataType(sqlType=12, sqlTypeName=VARCHAR) - start
170783 [main] DEBUG org.dbunit.dataset.datatype.DataType  - forSqlType(sqlType=12) - start
170783 [main] DEBUG org.dbunit.dataset.datatype.AbstractDataType  - getSqlType() - start
170783 [main] DEBUG org.dbunit.dataset.Column  - nullableValue(nullable=1) - start
170783 [main] DEBUG org.dbunit.dataset.Column  - autoIncrementValue(isAutoIncrement=NO) - start
170784 [main] DEBUG org.dbunit.database.DatabaseTableMetaData  - getPrimaryKeys() - start
170784 [main] TRACE org.dbunit.database.DatabaseConfig  - getProperty(name=http://www.dbunit.org/properties/primaryKeyFilter) - start
170784 [main] DEBUG org.dbunit.database.DatabaseTableMetaData  - getPrimaryKeyNames() - start
170784 [main] DEBUG org.dbunit.database.DatabaseDataSourceConnection  - getConnection() - start
170784 [main] TRACE org.dbunit.database.DatabaseConfig  - getProperty(name=http://www.dbunit.org/properties/metadataHandler) - start
170784 [main] TRACE org.dbunit.database.DefaultMetadataHandler  - getPrimaryKeys(metaData=org.apache.commons.dbcp.DelegatingDatabaseMetaData@69c3a65, schemaName=null, tableName=CAPTION) - start
170784 [main] DEBUG org.dbunit.database.DatabaseTableMetaData  - getName() - start
170784 [main] DEBUG org.dbunit.database.DatabaseTableMetaData  - getColumns() - start
170784 [main] DEBUG org.dbunit.dataset.Columns  - getColumns(columnNames=[ID], columns=[(ID, INTEGER, noNulls), (TIMESTAMP, TIMESTAMP, nullable), (IDENTIFIER, VARCHAR, nullable), (LOCALE, VARCHAR, nullable), (TEXT, VARCHAR, nullable)]) - start
170784 [main] DEBUG org.dbunit.dataset.Columns  - getColumn(columnName=ID, columns=[(ID, INTEGER, noNulls), (TIMESTAMP, TIMESTAMP, nullable), (IDENTIFIER, VARCHAR, nullable), (LOCALE, VARCHAR, nullable), (TEXT, VARCHAR, nullable)]) - start
170784 [main] DEBUG org.dbunit.dataset.OrderedTableNameMap  - update(tableName=Caption, object=table=CAPTION, cols=[(ID, INTEGER, noNulls), (TIMESTAMP, TIMESTAMP, nullable), (IDENTIFIER, VARCHAR, nullable), (LOCALE, VARCHAR, nullable), (TEXT, VARCHAR, nullable)], pk=[(ID, INTEGER, noNulls)]) - start
170784 [main] DEBUG org.dbunit.dataset.OrderedTableNameMap  - getTableName(tableName=Caption) - start
170784 [main] DEBUG org.dbunit.dataset.OrderedTableNameMap  - getTableName(tableName=Caption) - end - result=CAPTION
170784 [main] DEBUG org.dbunit.dataset.OrderedTableNameMap  - getTableName(tableName=Caption) - start
170784 [main] DEBUG org.dbunit.dataset.OrderedTableNameMap  - getTableName(tableName=Caption) - end - result=CAPTION
170784 [main] DEBUG org.dbunit.operation.AbstractOperation  - getQualifiedName(prefix=null, name=CAPTION, connection=_databaseConfig=org.dbunit.database.DatabaseConfig[, _propertyMap={http://www.dbunit.org/properties/statementFactory=org.dbunit.database.statement.PreparedStatementFactory@626bc2b8, http://www.dbunit.org/features/caseSensitiveTableNames=false, http://www.dbunit.org/properties/fetchSize=100, http://www.dbunit.org/features/batchedStatements=false, http://www.dbunit.org/properties/metadataHandler=org.dbunit.database.DefaultMetadataHandler@62baffef, http://www.dbunit.org/properties/datatypeFactory=org.dbunit.dataset.datatype.DefaultDataTypeFactory[_toleratedDeltaMap=org.dbunit.dataset.datatype.ToleratedDeltaMap@6452310a], http://www.dbunit.org/properties/escapePattern=null, http://www.dbunit.org/properties/batchSize=100, http://www.dbunit.org/features/qualifiedTableNames=false, http://www.dbunit.org/properties/tableType=[Ljava.lang.String;@5011bafa, http://www.dbunit.org/properties/resultSetTableFactory=org.dbunit.database.CachedResultSetTableFactory@10bcf083, http://www.dbunit.org/features/datatypeWarning=true}], _dataSet=AbstractDataSet[_orderedTableNameMap=null]) - start
170784 [main] TRACE org.dbunit.database.DatabaseConfig  - getProperty(name=http://www.dbunit.org/properties/escapePattern) - start
170785 [main] DEBUG org.dbunit.util.QualifiedTableName  - getQualifiedName() - start
170785 [main] DEBUG org.dbunit.util.QualifiedTableName  - getQualifiedName(prefix=null, name=CAPTION, escapePattern=null) - start
170785 [main] DEBUG org.dbunit.database.statement.SimpleStatement  - addBatch(sql=delete from CAPTION) - start
170785 [main] DEBUG org.dbunit.operation.DeleteAllOperation  - Added SQL: delete from CAPTION
170785 [main] DEBUG org.dbunit.database.DatabaseDataSet  - getTableMetaData(tableName=Authority) - start
170785 [main] DEBUG org.dbunit.database.DatabaseDataSet  - initialize() - start
170785 [main] DEBUG org.dbunit.dataset.OrderedTableNameMap  - getTableName(tableName=Authority) - start
170785 [main] DEBUG org.dbunit.dataset.OrderedTableNameMap  - getTableName(tableName=Authority) - end - result=AUTHORITY
170785 [main] DEBUG org.dbunit.dataset.OrderedTableNameMap  - getTableName(tableName=Authority) - start
170785 [main] DEBUG org.dbunit.dataset.OrderedTableNameMap  - getTableName(tableName=Authority) - end - result=AUTHORITY
170785 [main] DEBUG org.dbunit.database.DatabaseDataSourceConnection  - getConnection() - start
170785 [main] TRACE org.dbunit.util.SQLHelper  - correctCase(tableName=Authority, connection=Transaction-aware proxy for target Connection [jdbc:hsqldb:mem:kontrollDS, UserName=sw, HSQL Database Engine Driver]) - start
170785 [main] TRACE org.dbunit.util.SQLHelper  - correctCase(tableName=Authority, databaseMetaData=org.apache.commons.dbcp.DelegatingDatabaseMetaData@16cf7493) - start
170785 [main] TRACE org.dbunit.util.SQLHelper  - isEscaped(tableName=Authority, dbIdentifierQuoteString=") - start
170785 [main] DEBUG org.dbunit.util.SQLHelper  - isEscaped returns 'false' for tableName=Authority (dbIdentifierQuoteString=")
170785 [main] DEBUG org.dbunit.util.SQLHelper  - class org.dbunit.database.DatabaseTableMetaData. Corrected table name: oldValue=Authority newValue=AUTHORITY
170785 [main] DEBUG org.dbunit.database.DatabaseTableMetaData  - Validating if table 'AUTHORITY' exists in schema 'null' ...
170785 [main] TRACE org.dbunit.database.DatabaseConfig  - getProperty(name=http://www.dbunit.org/properties/metadataHandler) - start
170785 [main] TRACE org.dbunit.database.DefaultMetadataHandler  - tableExists(metaData=org.apache.commons.dbcp.DelegatingDatabaseMetaData@dee6a98, schemaName=null, tableName=AUTHORITY) - start
170786 [main] DEBUG org.dbunit.util.SQLHelper  - close(resultSet=org.apache.commons.dbcp.DelegatingResultSet@3e7de76f) - start
170786 [main] DEBUG org.dbunit.database.DatabaseTableMetaData  - getColumns() - start
170786 [main] DEBUG org.dbunit.database.DatabaseDataSourceConnection  - getConnection() - start
170786 [main] TRACE org.dbunit.database.DatabaseConfig  - getProperty(name=http://www.dbunit.org/properties/metadataHandler) - start
170786 [main] TRACE org.dbunit.database.DefaultMetadataHandler  - getColumns(databaseMetaData=org.apache.commons.dbcp.DelegatingDatabaseMetaData@3be54876, schemaName=null, tableName=AUTHORITY) - start
170802 [main] TRACE org.dbunit.database.DatabaseConfig  - getProperty(name=http://www.dbunit.org/properties/datatypeFactory) - start
170802 [main] DEBUG org.dbunit.database.DatabaseDataSourceConnection  - getConnection() - start
170802 [main] WARN  org.dbunit.dataset.AbstractTableMetaData  - Potential problem found: The configured data type factory 'class org.dbunit.dataset.datatype.DefaultDataTypeFactory' might cause problems with the current database 'HSQL Database Engine' (e.g. some datatypes may not be supported properly). In rare cases you might see this message because the list of supported database products is incomplete (list=[derby]). If so please request a java-class update via the forums.If you are using your own IDataTypeFactory extending DefaultDataTypeFactory, ensure that you override getValidDbProducts() to specify the supported database products.
170802 [main] TRACE org.dbunit.database.DatabaseConfig  - getFeature(name=http://www.dbunit.org/features/datatypeWarning) - start
170802 [main] TRACE org.dbunit.database.DatabaseConfig  - getProperty(name=http://www.dbunit.org/features/datatypeWarning) - start
170802 [main] TRACE org.dbunit.database.DefaultMetadataHandler  - matches(columnsResultSet=org.apache.commons.dbcp.DelegatingResultSet@4fc8db0e, catalog=null, schema=null, table=AUTHORITY, column=null, caseSensitive=false) - start
170802 [main] DEBUG org.dbunit.database.DefaultMetadataHandler  - Comparing the following values using caseSensitive=false (searched<=>actual): catalog: null<=>PUBLIC schema: null<=>PUBLIC table: AUTHORITY<=>AUTHORITY column: null<=>ID
170802 [main] DEBUG org.dbunit.dataset.datatype.DefaultDataTypeFactory  - createDataType(sqlType=4 , sqlTypeName=INTEGER, tableName=AUTHORITY, columnName=ID) - start
170802 [main] DEBUG org.dbunit.dataset.datatype.DefaultDataTypeFactory  - createDataType(sqlType=4, sqlTypeName=INTEGER) - start
170802 [main] DEBUG org.dbunit.dataset.datatype.DataType  - forSqlType(sqlType=4) - start
170802 [main] DEBUG org.dbunit.dataset.datatype.AbstractDataType  - getSqlType() - start
170802 [main] DEBUG org.dbunit.dataset.datatype.AbstractDataType  - getSqlType() - start
170802 [main] DEBUG org.dbunit.dataset.datatype.AbstractDataType  - getSqlType() - start
170802 [main] DEBUG org.dbunit.dataset.datatype.AbstractDataType  - getSqlType() - start
170802 [main] DEBUG org.dbunit.dataset.datatype.AbstractDataType  - getSqlType() - start
170802 [main] DEBUG org.dbunit.dataset.datatype.AbstractDataType  - getSqlType() - start
170802 [main] DEBUG org.dbunit.dataset.datatype.AbstractDataType  - getSqlType() - start
170802 [main] DEBUG org.dbunit.dataset.datatype.AbstractDataType  - getSqlType() - start
170802 [main] DEBUG org.dbunit.dataset.datatype.AbstractDataType  - getSqlType() - start
170802 [main] DEBUG org.dbunit.dataset.datatype.AbstractDataType  - getSqlType() - start
170802 [main] DEBUG org.dbunit.dataset.datatype.AbstractDataType  - getSqlType() - start
170802 [main] DEBUG org.dbunit.dataset.datatype.AbstractDataType  - getSqlType() - start
170802 [main] DEBUG org.dbunit.dataset.Column  - nullableValue(nullable=0) - start
170802 [main] DEBUG org.dbunit.dataset.Column  - autoIncrementValue(isAutoIncrement=YES) - start
170802 [main] TRACE org.dbunit.database.DefaultMetadataHandler  - matches(columnsResultSet=org.apache.commons.dbcp.DelegatingResultSet@4fc8db0e, catalog=null, schema=null, table=AUTHORITY, column=null, caseSensitive=false) - start
170802 [main] DEBUG org.dbunit.database.DefaultMetadataHandler  - Comparing the following values using caseSensitive=false (searched<=>actual): catalog: null<=>PUBLIC schema: null<=>PUBLIC table: AUTHORITY<=>AUTHORITY column: null<=>TIMESTAMP
170802 [main] DEBUG org.dbunit.dataset.datatype.DefaultDataTypeFactory  - createDataType(sqlType=93 , sqlTypeName=TIMESTAMP, tableName=AUTHORITY, columnName=TIMESTAMP) - start
170802 [main] DEBUG org.dbunit.dataset.datatype.DefaultDataTypeFactory  - createDataType(sqlType=93, sqlTypeName=TIMESTAMP) - start
170803 [main] DEBUG org.dbunit.dataset.datatype.DataType  - forSqlType(sqlType=93) - start
170803 [main] DEBUG org.dbunit.dataset.datatype.AbstractDataType  - getSqlType() - start
170803 [main] DEBUG org.dbunit.dataset.datatype.AbstractDataType  - getSqlType() - start
170803 [main] DEBUG org.dbunit.dataset.datatype.AbstractDataType  - getSqlType() - start
170803 [main] DEBUG org.dbunit.dataset.datatype.AbstractDataType  - getSqlType() - start
170803 [main] DEBUG org.dbunit.dataset.datatype.AbstractDataType  - getSqlType() - start
170803 [main] DEBUG org.dbunit.dataset.datatype.AbstractDataType  - getSqlType() - start
170803 [main] DEBUG org.dbunit.dataset.datatype.AbstractDataType  - getSqlType() - start
170803 [main] DEBUG org.dbunit.dataset.datatype.AbstractDataType  - getSqlType() - start
170803 [main] DEBUG org.dbunit.dataset.datatype.AbstractDataType  - getSqlType() - start
170803 [main] DEBUG org.dbunit.dataset.datatype.AbstractDataType  - getSqlType() - start
170803 [main] DEBUG org.dbunit.dataset.datatype.AbstractDataType  - getSqlType() - start
170803 [main] DEBUG org.dbunit.dataset.datatype.AbstractDataType  - getSqlType() - start
170803 [main] DEBUG org.dbunit.dataset.datatype.AbstractDataType  - getSqlType() - start
170803 [main] DEBUG org.dbunit.dataset.datatype.AbstractDataType  - getSqlType() - start
170803 [main] DEBUG org.dbunit.dataset.datatype.AbstractDataType  - getSqlType() - start
170803 [main] DEBUG org.dbunit.dataset.datatype.AbstractDataType  - getSqlType() - start
170803 [main] DEBUG org.dbunit.dataset.datatype.AbstractDataType  - getSqlType() - start
170803 [main] DEBUG org.dbunit.dataset.datatype.AbstractDataType  - getSqlType() - start
170803 [main] DEBUG org.dbunit.dataset.datatype.AbstractDataType  - getSqlType() - start
170803 [main] DEBUG org.dbunit.dataset.datatype.AbstractDataType  - getSqlType() - start
170803 [main] DEBUG org.dbunit.dataset.datatype.AbstractDataType  - getSqlType() - start
170803 [main] DEBUG org.dbunit.dataset.Column  - nullableValue(nullable=1) - start
170803 [main] DEBUG org.dbunit.dataset.Column  - autoIncrementValue(isAutoIncrement=NO) - start
170803 [main] TRACE org.dbunit.database.DefaultMetadataHandler  - matches(columnsResultSet=org.apache.commons.dbcp.DelegatingResultSet@4fc8db0e, catalog=null, schema=null, table=AUTHORITY, column=null, caseSensitive=false) - start
170803 [main] DEBUG org.dbunit.database.DefaultMetadataHandler  - Comparing the following values using caseSensitive=false (searched<=>actual): catalog: null<=>PUBLIC schema: null<=>PUBLIC table: AUTHORITY<=>AUTHORITY column: null<=>COMMENT
170803 [main] DEBUG org.dbunit.dataset.datatype.DefaultDataTypeFactory  - createDataType(sqlType=12 , sqlTypeName=VARCHAR, tableName=AUTHORITY, columnName=COMMENT) - start
170803 [main] DEBUG org.dbunit.dataset.datatype.DefaultDataTypeFactory  - createDataType(sqlType=12, sqlTypeName=VARCHAR) - start
170803 [main] DEBUG org.dbunit.dataset.datatype.DataType  - forSqlType(sqlType=12) - start
170804 [main] DEBUG org.dbunit.dataset.datatype.AbstractDataType  - getSqlType() - start
170804 [main] DEBUG org.dbunit.dataset.Column  - nullableValue(nullable=1) - start
170804 [main] DEBUG org.dbunit.dataset.Column  - autoIncrementValue(isAutoIncrement=NO) - start
170804 [main] TRACE org.dbunit.database.DefaultMetadataHandler  - matches(columnsResultSet=org.apache.commons.dbcp.DelegatingResultSet@4fc8db0e, catalog=null, schema=null, table=AUTHORITY, column=null, caseSensitive=false) - start
170804 [main] DEBUG org.dbunit.database.DefaultMetadataHandler  - Comparing the following values using caseSensitive=false (searched<=>actual): catalog: null<=>PUBLIC schema: null<=>PUBLIC table: AUTHORITY<=>AUTHORITY column: null<=>NAME
170804 [main] DEBUG org.dbunit.dataset.datatype.DefaultDataTypeFactory  - createDataType(sqlType=12 , sqlTypeName=VARCHAR, tableName=AUTHORITY, columnName=NAME) - start
170804 [main] DEBUG org.dbunit.dataset.datatype.DefaultDataTypeFactory  - createDataType(sqlType=12, sqlTypeName=VARCHAR) - start
170804 [main] DEBUG org.dbunit.dataset.datatype.DataType  - forSqlType(sqlType=12) - start
170804 [main] DEBUG org.dbunit.dataset.datatype.AbstractDataType  - getSqlType() - start
170804 [main] DEBUG org.dbunit.dataset.Column  - nullableValue(nullable=0) - start
170804 [main] DEBUG org.dbunit.dataset.Column  - autoIncrementValue(isAutoIncrement=NO) - start
170804 [main] DEBUG org.dbunit.database.DatabaseTableMetaData  - getPrimaryKeys() - start
170804 [main] TRACE org.dbunit.database.DatabaseConfig  - getProperty(name=http://www.dbunit.org/properties/primaryKeyFilter) - start
170804 [main] DEBUG org.dbunit.database.DatabaseTableMetaData  - getPrimaryKeyNames() - start
170804 [main] DEBUG org.dbunit.database.DatabaseDataSourceConnection  - getConnection() - start
170804 [main] TRACE org.dbunit.database.DatabaseConfig  - getProperty(name=http://www.dbunit.org/properties/metadataHandler) - start
170804 [main] TRACE org.dbunit.database.DefaultMetadataHandler  - getPrimaryKeys(metaData=org.apache.commons.dbcp.DelegatingDatabaseMetaData@ba59d0e, schemaName=null, tableName=AUTHORITY) - start
170804 [main] DEBUG org.dbunit.database.DatabaseTableMetaData  - getName() - start
170805 [main] DEBUG org.dbunit.database.DatabaseTableMetaData  - getColumns() - start
170805 [main] DEBUG org.dbunit.dataset.Columns  - getColumns(columnNames=[ID], columns=[(ID, INTEGER, noNulls), (TIMESTAMP, TIMESTAMP, nullable), (COMMENT, VARCHAR, nullable), (NAME, VARCHAR, noNulls)]) - start
170805 [main] DEBUG org.dbunit.dataset.Columns  - getColumn(columnName=ID, columns=[(ID, INTEGER, noNulls), (TIMESTAMP, TIMESTAMP, nullable), (COMMENT, VARCHAR, nullable), (NAME, VARCHAR, noNulls)]) - start
170805 [main] DEBUG org.dbunit.dataset.OrderedTableNameMap  - update(tableName=Authority, object=table=AUTHORITY, cols=[(ID, INTEGER, noNulls), (TIMESTAMP, TIMESTAMP, nullable), (COMMENT, VARCHAR, nullable), (NAME, VARCHAR, noNulls)], pk=[(ID, INTEGER, noNulls)]) - start
170805 [main] DEBUG org.dbunit.dataset.OrderedTableNameMap  - getTableName(tableName=Authority) - start
170805 [main] DEBUG org.dbunit.dataset.OrderedTableNameMap  - getTableName(tableName=Authority) - end - result=AUTHORITY
170805 [main] DEBUG org.dbunit.dataset.OrderedTableNameMap  - getTableName(tableName=Authority) - start
170805 [main] DEBUG org.dbunit.dataset.OrderedTableNameMap  - getTableName(tableName=Authority) - end - result=AUTHORITY
170805 [main] DEBUG org.dbunit.operation.AbstractOperation  - getQualifiedName(prefix=null, name=AUTHORITY, connection=_databaseConfig=org.dbunit.database.DatabaseConfig[, _propertyMap={http://www.dbunit.org/properties/statementFactory=org.dbunit.database.statement.PreparedStatementFactory@626bc2b8, http://www.dbunit.org/features/caseSensitiveTableNames=false, http://www.dbunit.org/properties/fetchSize=100, http://www.dbunit.org/features/batchedStatements=false, http://www.dbunit.org/properties/metadataHandler=org.dbunit.database.DefaultMetadataHandler@62baffef, http://www.dbunit.org/properties/datatypeFactory=org.dbunit.dataset.datatype.DefaultDataTypeFactory[_toleratedDeltaMap=org.dbunit.dataset.datatype.ToleratedDeltaMap@6452310a], http://www.dbunit.org/properties/escapePattern=null, http://www.dbunit.org/properties/batchSize=100, http://www.dbunit.org/features/qualifiedTableNames=false, http://www.dbunit.org/properties/tableType=[Ljava.lang.String;@5011bafa, http://www.dbunit.org/properties/resultSetTableFactory=org.dbunit.database.CachedResultSetTableFactory@10bcf083, http://www.dbunit.org/features/datatypeWarning=true}], _dataSet=AbstractDataSet[_orderedTableNameMap=null]) - start
170805 [main] TRACE org.dbunit.database.DatabaseConfig  - getProperty(name=http://www.dbunit.org/properties/escapePattern) - start
170805 [main] DEBUG org.dbunit.util.QualifiedTableName  - getQualifiedName() - start
170805 [main] DEBUG org.dbunit.util.QualifiedTableName  - getQualifiedName(prefix=null, name=AUTHORITY, escapePattern=null) - start
170805 [main] DEBUG org.dbunit.database.statement.SimpleStatement  - addBatch(sql=delete from AUTHORITY) - start
170805 [main] DEBUG org.dbunit.operation.DeleteAllOperation  - Added SQL: delete from AUTHORITY
170805 [main] DEBUG org.dbunit.database.statement.SimpleStatement  - executeBatch() - start
170805 [main] DEBUG org.dbunit.database.statement.SimpleStatement  - DbUnit SQL: delete from USERS_AUTHORITIES
170805 [main] DEBUG org.dbunit.database.statement.SimpleStatement  - DbUnit SQL: delete from USER
170805 [main] DEBUG org.dbunit.database.statement.SimpleStatement  - DbUnit SQL: delete from SCOPE_REQUESTCONTEXT
170805 [main] DEBUG org.dbunit.database.statement.SimpleStatement  - DbUnit SQL: delete from SCOPEDCONTENT_SCOPEDCONTENTITEM
170806 [main] DEBUG org.dbunit.database.statement.SimpleStatement  - DbUnit SQL: delete from SCOPEDCONTENTCONDITIONS_SCOPEDCONTENTITEM
170806 [main] DEBUG org.dbunit.database.statement.SimpleStatement  - DbUnit SQL: delete from SCOPEDCONTENTITEM
170806 [main] DEBUG org.dbunit.database.statement.SimpleStatement  - DbUnit SQL: delete from SCOPEDCONTENTCONDITIONS_SCOPEDCONTENT
170806 [main] DEBUG org.dbunit.database.statement.SimpleStatement  - DbUnit SQL: delete from SCOPEDCONTENTCONDITIONATTRIBUTE
170806 [main] DEBUG org.dbunit.database.statement.SimpleStatement  - DbUnit SQL: delete from SCOPEDCONTENT
170806 [main] DEBUG org.dbunit.database.statement.SimpleStatement  - DbUnit SQL: delete from SCOPE
170806 [main] DEBUG org.dbunit.database.statement.SimpleStatement  - DbUnit SQL: delete from REQUESTCONTEXT
170806 [main] DEBUG org.dbunit.database.statement.SimpleStatement  - DbUnit SQL: delete from NESTEDSCOPEDCONTENTCONDITIONS
170806 [main] DEBUG org.dbunit.database.statement.SimpleStatement  - DbUnit SQL: delete from SCOPEDCONTENTCONDITION
170806 [main] DEBUG org.dbunit.database.statement.SimpleStatement  - DbUnit SQL: delete from CAPTION
170807 [main] DEBUG org.dbunit.database.statement.SimpleStatement  - DbUnit SQL: delete from AUTHORITY
170807 [main] DEBUG org.dbunit.database.statement.SimpleStatement  - clearBatch() - start
170807 [main] DEBUG org.dbunit.database.statement.AbstractBatchStatement  - close() - start
170807 [main] DEBUG org.dbunit.operation.AbstractBatchOperation  - execute(connection=_databaseConfig=org.dbunit.database.DatabaseConfig[, _propertyMap={http://www.dbunit.org/properties/statementFactory=org.dbunit.database.statement.PreparedStatementFactory@626bc2b8, http://www.dbunit.org/features/caseSensitiveTableNames=false, http://www.dbunit.org/properties/fetchSize=100, http://www.dbunit.org/features/batchedStatements=false, http://www.dbunit.org/properties/metadataHandler=org.dbunit.database.DefaultMetadataHandler@62baffef, http://www.dbunit.org/properties/datatypeFactory=org.dbunit.dataset.datatype.DefaultDataTypeFactory[_toleratedDeltaMap=org.dbunit.dataset.datatype.ToleratedDeltaMap@6452310a], http://www.dbunit.org/properties/escapePattern=null, http://www.dbunit.org/properties/batchSize=100, http://www.dbunit.org/features/qualifiedTableNames=false, http://www.dbunit.org/properties/tableType=[Ljava.lang.String;@5011bafa, http://www.dbunit.org/properties/resultSetTableFactory=org.dbunit.database.CachedResultSetTableFactory@10bcf083, http://www.dbunit.org/features/datatypeWarning=true}], _dataSet=AbstractDataSet[_orderedTableNameMap=null], dataSet=AbstractDataSet[_orderedTableNameMap=null]) - start
170807 [main] TRACE org.dbunit.database.DatabaseConfig  - getProperty(name=http://www.dbunit.org/properties/statementFactory) - start
170807 [main] DEBUG org.dbunit.dataset.AbstractDataSet  - iterator() - start
170807 [main] DEBUG org.dbunit.dataset.FilteredDataSet  - createIterator(reversed=false) - start
170807 [main] DEBUG org.dbunit.dataset.filter.SequenceTableFilter  - iterator(dataSet=AbstractDataSet[_orderedTableNameMap=org.dbunit.dataset.OrderedTableNameMap[_tableNames=[ScopedContentConditionAttribute, RequestContext, ScopedContentItem, ScopedContent, Scope, ScopedContentCondition, Authority, User, Users_Authorities, ScopedContent_ScopedContentItem, Scope_RequestContext, Caption, ScopedContentConditions_ScopedContent, ScopedContentConditions_ScopedContentItem, NestedScopedContentConditions], _tableMap={SCOPE_REQUESTCONTEXT=org.dbunit.dataset.DefaultTable[_metaData=tableName=Scope_RequestContext, columns=[], keys=[], _rowList.size()=0], NESTEDSCOPEDCONTENTCONDITIONS=org.dbunit.dataset.DefaultTable[_metaData=tableName=NestedScopedContentConditions, columns=[], keys=[], _rowList.size()=0], SCOPE=org.dbunit.dataset.DefaultTable[_metaData=tableName=Scope, columns=[(name, UNKNOWN, nullableUnknown), (description, UNKNOWN, nullableUnknown), (id, UNKNOWN, nullableUnknown), (timeStamp, UNKNOWN, nullableUnknown)], keys=[], _rowList.size()=1], SCOPEDCONTENT_SCOPEDCONTENTITEM=org.dbunit.dataset.DefaultTable[_metaData=tableName=ScopedContent_ScopedContentItem, columns=[], keys=[], _rowList.size()=0], SCOPEDCONTENTCONDITIONATTRIBUTE=org.dbunit.dataset.DefaultTable[_metaData=tableName=ScopedContentConditionAttribute, columns=[(key, UNKNOWN, nullableUnknown), (checkOrder, UNKNOWN, nullableUnknown), (className, UNKNOWN, nullableUnknown), (valuePath, UNKNOWN, nullableUnknown), (operator, UNKNOWN, nullableUnknown), (expectedValue, UNKNOWN, nullableUnknown), (expectedValueType, UNKNOWN, nullableUnknown), (scopedContentCondition, UNKNOWN, nullableUnknown), (id, UNKNOWN, nullableUnknown), (timeStamp, UNKNOWN, nullableUnknown)], keys=[], _rowList.size()=1], SCOPEDCONTENTCONDITIONS_SCOPEDCONTENT=org.dbunit.dataset.DefaultTable[_metaData=tableName=ScopedContentConditions_ScopedContent, columns=[], keys=[], _rowList.size()=0], USER=org.dbunit.dataset.DefaultTable[_metaData=tableName=User, columns=[], keys=[], _rowList.size()=0], SCOPEDCONTENT=org.dbunit.dataset.DefaultTable[_metaData=tableName=ScopedContent, columns=[(name, UNKNOWN, nullableUnknown), (description, UNKNOWN, nullableUnknown), (scope, UNKNOWN, nullableUnknown), (id, UNKNOWN, nullableUnknown), (timeStamp, UNKNOWN, nullableUnknown)], keys=[], _rowList.size()=1], REQUESTCONTEXT=org.dbunit.dataset.DefaultTable[_metaData=tableName=RequestContext, columns=[(path, UNKNOWN, nullableUnknown), (id, UNKNOWN, nullableUnknown), (timeStamp, UNKNOWN, nullableUnknown)], keys=[], _rowList.size()=1], AUTHORITY=org.dbunit.dataset.DefaultTable[_metaData=tableName=Authority, columns=[], keys=[], _rowList.size()=0], USERS_AUTHORITIES=org.dbunit.dataset.DefaultTable[_metaData=tableName=Users_Authorities, columns=[], keys=[], _rowList.size()=0], SCOPEDCONTENTITEM=org.dbunit.dataset.DefaultTable[_metaData=tableName=ScopedContentItem, columns=[(tagName, UNKNOWN, nullableUnknown), (cssClass, UNKNOWN, nullableUnknown), (content, UNKNOWN, nullableUnknown), (type, UNKNOWN, nullableUnknown), (id, UNKNOWN, nullableUnknown), (timeStamp, UNKNOWN, nullableUnknown)], keys=[], _rowList.size()=1], CAPTION=org.dbunit.dataset.DefaultTable[_metaData=tableName=Caption, columns=[], keys=[], _rowList.size()=0], SCOPEDCONTENTCONDITIONS_SCOPEDCONTENTITEM=org.dbunit.dataset.DefaultTable[_metaData=tableName=ScopedContentConditions_ScopedContentItem, columns=[], keys=[], _rowList.size()=0], SCOPEDCONTENTCONDITION=org.dbunit.dataset.DefaultTable[_metaData=tableName=ScopedContentCondition, columns=[(name, UNKNOWN, nullableUnknown), (description, UNKNOWN, nullableUnknown), (operator, UNKNOWN, nullableUnknown), (id, UNKNOWN, nullableUnknown), (timeStamp, UNKNOWN, nullableUnknown)], keys=[], _rowList.size()=1]}, _caseSensitiveTableNames=false]], reversed=false) - start
170807 [main] DEBUG org.dbunit.dataset.filter.SequenceTableFilter  - getTableNames(dataSet=AbstractDataSet[_orderedTableNameMap=org.dbunit.dataset.OrderedTableNameMap[_tableNames=[ScopedContentConditionAttribute, RequestContext, ScopedContentItem, ScopedContent, Scope, ScopedContentCondition, Authority, User, Users_Authorities, ScopedContent_ScopedContentItem, Scope_RequestContext, Caption, ScopedContentConditions_ScopedContent, ScopedContentConditions_ScopedContentItem, NestedScopedContentConditions], _tableMap={SCOPE_REQUESTCONTEXT=org.dbunit.dataset.DefaultTable[_metaData=tableName=Scope_RequestContext, columns=[], keys=[], _rowList.size()=0], NESTEDSCOPEDCONTENTCONDITIONS=org.dbunit.dataset.DefaultTable[_metaData=tableName=NestedScopedContentConditions, columns=[], keys=[], _rowList.size()=0], SCOPE=org.dbunit.dataset.DefaultTable[_metaData=tableName=Scope, columns=[(name, UNKNOWN, nullableUnknown), (description, UNKNOWN, nullableUnknown), (id, UNKNOWN, nullableUnknown), (timeStamp, UNKNOWN, nullableUnknown)], keys=[], _rowList.size()=1], SCOPEDCONTENT_SCOPEDCONTENTITEM=org.dbunit.dataset.DefaultTable[_metaData=tableName=ScopedContent_ScopedContentItem, columns=[], keys=[], _rowList.size()=0], SCOPEDCONTENTCONDITIONATTRIBUTE=org.dbunit.dataset.DefaultTable[_metaData=tableName=ScopedContentConditionAttribute, columns=[(key, UNKNOWN, nullableUnknown), (checkOrder, UNKNOWN, nullableUnknown), (className, UNKNOWN, nullableUnknown), (valuePath, UNKNOWN, nullableUnknown), (operator, UNKNOWN, nullableUnknown), (expectedValue, UNKNOWN, nullableUnknown), (expectedValueType, UNKNOWN, nullableUnknown), (scopedContentCondition, UNKNOWN, nullableUnknown), (id, UNKNOWN, nullableUnknown), (timeStamp, UNKNOWN, nullableUnknown)], keys=[], _rowList.size()=1], SCOPEDCONTENTCONDITIONS_SCOPEDCONTENT=org.dbunit.dataset.DefaultTable[_metaData=tableName=ScopedContentConditions_ScopedContent, columns=[], keys=[], _rowList.size()=0], USER=org.dbunit.dataset.DefaultTable[_metaData=tableName=User, columns=[], keys=[], _rowList.size()=0], SCOPEDCONTENT=org.dbunit.dataset.DefaultTable[_metaData=tableName=ScopedContent, columns=[(name, UNKNOWN, nullableUnknown), (description, UNKNOWN, nullableUnknown), (scope, UNKNOWN, nullableUnknown), (id, UNKNOWN, nullableUnknown), (timeStamp, UNKNOWN, nullableUnknown)], keys=[], _rowList.size()=1], REQUESTCONTEXT=org.dbunit.dataset.DefaultTable[_metaData=tableName=RequestContext, columns=[(path, UNKNOWN, nullableUnknown), (id, UNKNOWN, nullableUnknown), (timeStamp, UNKNOWN, nullableUnknown)], keys=[], _rowList.size()=1], AUTHORITY=org.dbunit.dataset.DefaultTable[_metaData=tableName=Authority, columns=[], keys=[], _rowList.size()=0], USERS_AUTHORITIES=org.dbunit.dataset.DefaultTable[_metaData=tableName=Users_Authorities, columns=[], keys=[], _rowList.size()=0], SCOPEDCONTENTITEM=org.dbunit.dataset.DefaultTable[_metaData=tableName=ScopedContentItem, columns=[(tagName, UNKNOWN, nullableUnknown), (cssClass, UNKNOWN, nullableUnknown), (content, UNKNOWN, nullableUnknown), (type, UNKNOWN, nullableUnknown), (id, UNKNOWN, nullableUnknown), (timeStamp, UNKNOWN, nullableUnknown)], keys=[], _rowList.size()=1], CAPTION=org.dbunit.dataset.DefaultTable[_metaData=tableName=Caption, columns=[], keys=[], _rowList.size()=0], SCOPEDCONTENTCONDITIONS_SCOPEDCONTENTITEM=org.dbunit.dataset.DefaultTable[_metaData=tableName=ScopedContentConditions_ScopedContentItem, columns=[], keys=[], _rowList.size()=0], SCOPEDCONTENTCONDITION=org.dbunit.dataset.DefaultTable[_metaData=tableName=ScopedContentCondition, columns=[(name, UNKNOWN, nullableUnknown), (description, UNKNOWN, nullableUnknown), (operator, UNKNOWN, nullableUnknown), (id, UNKNOWN, nullableUnknown), (timeStamp, UNKNOWN, nullableUnknown)], keys=[], _rowList.size()=1]}, _caseSensitiveTableNames=false]]) - start
170808 [main] DEBUG org.dbunit.dataset.AbstractDataSet  - getTableMetaData(tableName=AUTHORITY) - start
170808 [main] DEBUG org.dbunit.dataset.AbstractDataSet  - getTable(tableName=AUTHORITY) - start
170808 [main] DEBUG org.dbunit.dataset.AbstractDataSet  - initialize() - start
170808 [main] DEBUG org.dbunit.dataset.AbstractDataSet  - The table name map has already been initialized.
170808 [main] DEBUG org.dbunit.dataset.OrderedTableNameMap  - getTableName(tableName=AUTHORITY) - start
170808 [main] DEBUG org.dbunit.dataset.OrderedTableNameMap  - getTableName(tableName=AUTHORITY) - end - result=AUTHORITY
170808 [main] DEBUG org.dbunit.dataset.AbstractDataSet  - getTableMetaData(tableName=CAPTION) - start
170808 [main] DEBUG org.dbunit.dataset.AbstractDataSet  - getTable(tableName=CAPTION) - start
170808 [main] DEBUG org.dbunit.dataset.AbstractDataSet  - initialize() - start
170808 [main] DEBUG org.dbunit.dataset.AbstractDataSet  - The table name map has already been initialized.
170808 [main] DEBUG org.dbunit.dataset.OrderedTableNameMap  - getTableName(tableName=CAPTION) - start
170808 [main] DEBUG org.dbunit.dataset.OrderedTableNameMap  - getTableName(tableName=CAPTION) - end - result=CAPTION
170808 [main] DEBUG org.dbunit.dataset.AbstractDataSet  - getTableMetaData(tableName=SCOPEDCONTENTCONDITION) - start
170808 [main] DEBUG org.dbunit.dataset.AbstractDataSet  - getTable(tableName=SCOPEDCONTENTCONDITION) - start
170808 [main] DEBUG org.dbunit.dataset.AbstractDataSet  - initialize() - start
170808 [main] DEBUG org.dbunit.dataset.AbstractDataSet  - The table name map has already been initialized.
170808 [main] DEBUG org.dbunit.dataset.OrderedTableNameMap  - getTableName(tableName=SCOPEDCONTENTCONDITION) - start
170808 [main] DEBUG org.dbunit.dataset.OrderedTableNameMap  - getTableName(tableName=SCOPEDCONTENTCONDITION) - end - result=SCOPEDCONTENTCONDITION
170808 [main] DEBUG org.dbunit.dataset.AbstractDataSet  - getTableMetaData(tableName=NESTEDSCOPEDCONTENTCONDITIONS) - start
170808 [main] DEBUG org.dbunit.dataset.AbstractDataSet  - getTable(tableName=NESTEDSCOPEDCONTENTCONDITIONS) - start
170808 [main] DEBUG org.dbunit.dataset.AbstractDataSet  - initialize() - start
170808 [main] DEBUG org.dbunit.dataset.AbstractDataSet  - The table name map has already been initialized.
170808 [main] DEBUG org.dbunit.dataset.OrderedTableNameMap  - getTableName(tableName=NESTEDSCOPEDCONTENTCONDITIONS) - start
170808 [main] DEBUG org.dbunit.dataset.OrderedTableNameMap  - getTableName(tableName=NESTEDSCOPEDCONTENTCONDITIONS) - end - result=NESTEDSCOPEDCONTENTCONDITIONS
170808 [main] DEBUG org.dbunit.dataset.AbstractDataSet  - getTableMetaData(tableName=REQUESTCONTEXT) - start
170808 [main] DEBUG org.dbunit.dataset.AbstractDataSet  - getTable(tableName=REQUESTCONTEXT) - start
170808 [main] DEBUG org.dbunit.dataset.AbstractDataSet  - initialize() - start
170809 [main] DEBUG org.dbunit.dataset.AbstractDataSet  - The table name map has already been initialized.
170809 [main] DEBUG org.dbunit.dataset.OrderedTableNameMap  - getTableName(tableName=REQUESTCONTEXT) - start
170809 [main] DEBUG org.dbunit.dataset.OrderedTableNameMap  - getTableName(tableName=REQUESTCONTEXT) - end - result=REQUESTCONTEXT
170809 [main] DEBUG org.dbunit.dataset.AbstractDataSet  - getTableMetaData(tableName=SCOPE) - start
170809 [main] DEBUG org.dbunit.dataset.AbstractDataSet  - getTable(tableName=SCOPE) - start
170809 [main] DEBUG org.dbunit.dataset.AbstractDataSet  - initialize() - start
170809 [main] DEBUG org.dbunit.dataset.AbstractDataSet  - The table name map has already been initialized.
170809 [main] DEBUG org.dbunit.dataset.OrderedTableNameMap  - getTableName(tableName=SCOPE) - start
170809 [main] DEBUG org.dbunit.dataset.OrderedTableNameMap  - getTableName(tableName=SCOPE) - end - result=SCOPE
170809 [main] DEBUG org.dbunit.dataset.AbstractDataSet  - getTableMetaData(tableName=SCOPEDCONTENT) - start
170809 [main] DEBUG org.dbunit.dataset.AbstractDataSet  - getTable(tableName=SCOPEDCONTENT) - start
170809 [main] DEBUG org.dbunit.dataset.AbstractDataSet  - initialize() - start
170809 [main] DEBUG org.dbunit.dataset.AbstractDataSet  - The table name map has already been initialized.
170809 [main] DEBUG org.dbunit.dataset.OrderedTableNameMap  - getTableName(tableName=SCOPEDCONTENT) - start
170809 [main] DEBUG org.dbunit.dataset.OrderedTableNameMap  - getTableName(tableName=SCOPEDCONTENT) - end - result=SCOPEDCONTENT
170809 [main] DEBUG org.dbunit.dataset.AbstractDataSet  - getTableMetaData(tableName=SCOPEDCONTENTCONDITIONATTRIBUTE) - start
170809 [main] DEBUG org.dbunit.dataset.AbstractDataSet  - getTable(tableName=SCOPEDCONTENTCONDITIONATTRIBUTE) - start
170809 [main] DEBUG org.dbunit.dataset.AbstractDataSet  - initialize() - start
170809 [main] DEBUG org.dbunit.dataset.AbstractDataSet  - The table name map has already been initialized.
170809 [main] DEBUG org.dbunit.dataset.OrderedTableNameMap  - getTableName(tableName=SCOPEDCONTENTCONDITIONATTRIBUTE) - start
170809 [main] DEBUG org.dbunit.dataset.OrderedTableNameMap  - getTableName(tableName=SCOPEDCONTENTCONDITIONATTRIBUTE) - end - result=SCOPEDCONTENTCONDITIONATTRIBUTE
170809 [main] DEBUG org.dbunit.dataset.AbstractDataSet  - getTableMetaData(tableName=SCOPEDCONTENTCONDITIONS_SCOPEDCONTENT) - start
170809 [main] DEBUG org.dbunit.dataset.AbstractDataSet  - getTable(tableName=SCOPEDCONTENTCONDITIONS_SCOPEDCONTENT) - start
170809 [main] DEBUG org.dbunit.dataset.AbstractDataSet  - initialize() - start
170809 [main] DEBUG org.dbunit.dataset.AbstractDataSet  - The table name map has already been initialized.
170809 [main] DEBUG org.dbunit.dataset.OrderedTableNameMap  - getTableName(tableName=SCOPEDCONTENTCONDITIONS_SCOPEDCONTENT) - start
170809 [main] DEBUG org.dbunit.dataset.OrderedTableNameMap  - getTableName(tableName=SCOPEDCONTENTCONDITIONS_SCOPEDCONTENT) - end - result=SCOPEDCONTENTCONDITIONS_SCOPEDCONTENT
170809 [main] DEBUG org.dbunit.dataset.AbstractDataSet  - getTableMetaData(tableName=SCOPEDCONTENTITEM) - start
170809 [main] DEBUG org.dbunit.dataset.AbstractDataSet  - getTable(tableName=SCOPEDCONTENTITEM) - start
170809 [main] DEBUG org.dbunit.dataset.AbstractDataSet  - initialize() - start
170809 [main] DEBUG org.dbunit.dataset.AbstractDataSet  - The table name map has already been initialized.
170809 [main] DEBUG org.dbunit.dataset.OrderedTableNameMap  - getTableName(tableName=SCOPEDCONTENTITEM) - start
170810 [main] DEBUG org.dbunit.dataset.OrderedTableNameMap  - getTableName(tableName=SCOPEDCONTENTITEM) - end - result=SCOPEDCONTENTITEM
170810 [main] DEBUG org.dbunit.dataset.AbstractDataSet  - getTableMetaData(tableName=SCOPEDCONTENTCONDITIONS_SCOPEDCONTENTITEM) - start
170810 [main] DEBUG org.dbunit.dataset.AbstractDataSet  - getTable(tableName=SCOPEDCONTENTCONDITIONS_SCOPEDCONTENTITEM) - start
170810 [main] DEBUG org.dbunit.dataset.AbstractDataSet  - initialize() - start
170810 [main] DEBUG org.dbunit.dataset.AbstractDataSet  - The table name map has already been initialized.
170810 [main] DEBUG org.dbunit.dataset.OrderedTableNameMap  - getTableName(tableName=SCOPEDCONTENTCONDITIONS_SCOPEDCONTENTITEM) - start
170810 [main] DEBUG org.dbunit.dataset.OrderedTableNameMap  - getTableName(tableName=SCOPEDCONTENTCONDITIONS_SCOPEDCONTENTITEM) - end - result=SCOPEDCONTENTCONDITIONS_SCOPEDCONTENTITEM
170810 [main] DEBUG org.dbunit.dataset.AbstractDataSet  - getTableMetaData(tableName=SCOPEDCONTENT_SCOPEDCONTENTITEM) - start
170810 [main] DEBUG org.dbunit.dataset.AbstractDataSet  - getTable(tableName=SCOPEDCONTENT_SCOPEDCONTENTITEM) - start
170810 [main] DEBUG org.dbunit.dataset.AbstractDataSet  - initialize() - start
170810 [main] DEBUG org.dbunit.dataset.AbstractDataSet  - The table name map has already been initialized.
170810 [main] DEBUG org.dbunit.dataset.OrderedTableNameMap  - getTableName(tableName=SCOPEDCONTENT_SCOPEDCONTENTITEM) - start
170810 [main] DEBUG org.dbunit.dataset.OrderedTableNameMap  - getTableName(tableName=SCOPEDCONTENT_SCOPEDCONTENTITEM) - end - result=SCOPEDCONTENT_SCOPEDCONTENTITEM
170810 [main] DEBUG org.dbunit.dataset.AbstractDataSet  - getTableMetaData(tableName=SCOPE_REQUESTCONTEXT) - start
170810 [main] DEBUG org.dbunit.dataset.AbstractDataSet  - getTable(tableName=SCOPE_REQUESTCONTEXT) - start
170810 [main] DEBUG org.dbunit.dataset.AbstractDataSet  - initialize() - start
170810 [main] DEBUG org.dbunit.dataset.AbstractDataSet  - The table name map has already been initialized.
170810 [main] DEBUG org.dbunit.dataset.OrderedTableNameMap  - getTableName(tableName=SCOPE_REQUESTCONTEXT) - start
170810 [main] DEBUG org.dbunit.dataset.OrderedTableNameMap  - getTableName(tableName=SCOPE_REQUESTCONTEXT) - end - result=SCOPE_REQUESTCONTEXT
170810 [main] DEBUG org.dbunit.dataset.AbstractDataSet  - getTableMetaData(tableName=USER) - start
170810 [main] DEBUG org.dbunit.dataset.AbstractDataSet  - getTable(tableName=USER) - start
170810 [main] DEBUG org.dbunit.dataset.AbstractDataSet  - initialize() - start
170810 [main] DEBUG org.dbunit.dataset.AbstractDataSet  - The table name map has already been initialized.
170810 [main] DEBUG org.dbunit.dataset.OrderedTableNameMap  - getTableName(tableName=USER) - start
170810 [main] DEBUG org.dbunit.dataset.OrderedTableNameMap  - getTableName(tableName=USER) - end - result=USER
170810 [main] DEBUG org.dbunit.dataset.AbstractDataSet  - getTableMetaData(tableName=USERS_AUTHORITIES) - start
170810 [main] DEBUG org.dbunit.dataset.AbstractDataSet  - getTable(tableName=USERS_AUTHORITIES) - start
170810 [main] DEBUG org.dbunit.dataset.AbstractDataSet  - initialize() - start
170810 [main] DEBUG org.dbunit.dataset.AbstractDataSet  - The table name map has already been initialized.
170810 [main] DEBUG org.dbunit.dataset.OrderedTableNameMap  - getTableName(tableName=USERS_AUTHORITIES) - start
170811 [main] DEBUG org.dbunit.dataset.OrderedTableNameMap  - getTableName(tableName=USERS_AUTHORITIES) - end - result=USERS_AUTHORITIES
170811 [main] DEBUG org.dbunit.dataset.filter.SequenceTableIterator  - next() - start
170811 [main] DEBUG org.dbunit.dataset.filter.SequenceTableIterator  - getTable() - start
170811 [main] DEBUG org.dbunit.dataset.AbstractDataSet  - getTable(tableName=Authority) - start
170811 [main] DEBUG org.dbunit.dataset.AbstractDataSet  - initialize() - start
170811 [main] DEBUG org.dbunit.dataset.AbstractDataSet  - The table name map has already been initialized.
170811 [main] DEBUG org.dbunit.dataset.OrderedTableNameMap  - getTableName(tableName=Authority) - start
170811 [main] DEBUG org.dbunit.dataset.OrderedTableNameMap  - getTableName(tableName=Authority) - end - result=AUTHORITY
170811 [main] TRACE org.dbunit.operation.AbstractBatchOperation  - execute: processing table='Authority'
170811 [main] DEBUG org.dbunit.operation.AbstractBatchOperation  - isEmpty(table=org.dbunit.dataset.DefaultTable[_metaData=tableName=Authority, columns=[], keys=[], _rowList.size()=0]) - start
170811 [main] DEBUG org.dbunit.dataset.filter.SequenceTableIterator  - next() - start
170811 [main] DEBUG org.dbunit.dataset.filter.SequenceTableIterator  - getTable() - start
170811 [main] DEBUG org.dbunit.dataset.AbstractDataSet  - getTable(tableName=Caption) - start
170811 [main] DEBUG org.dbunit.dataset.AbstractDataSet  - initialize() - start
170811 [main] DEBUG org.dbunit.dataset.AbstractDataSet  - The table name map has already been initialized.
170811 [main] DEBUG org.dbunit.dataset.OrderedTableNameMap  - getTableName(tableName=Caption) - start
170811 [main] DEBUG org.dbunit.dataset.OrderedTableNameMap  - getTableName(tableName=Caption) - end - result=CAPTION
170811 [main] TRACE org.dbunit.operation.AbstractBatchOperation  - execute: processing table='Caption'
170811 [main] DEBUG org.dbunit.operation.AbstractBatchOperation  - isEmpty(table=org.dbunit.dataset.DefaultTable[_metaData=tableName=Caption, columns=[], keys=[], _rowList.size()=0]) - start
170811 [main] DEBUG org.dbunit.dataset.filter.SequenceTableIterator  - next() - start
170811 [main] DEBUG org.dbunit.dataset.filter.SequenceTableIterator  - getTable() - start
170811 [main] DEBUG org.dbunit.dataset.AbstractDataSet  - getTable(tableName=ScopedContentCondition) - start
170811 [main] DEBUG org.dbunit.dataset.AbstractDataSet  - initialize() - start
170811 [main] DEBUG org.dbunit.dataset.AbstractDataSet  - The table name map has already been initialized.
170811 [main] DEBUG org.dbunit.dataset.OrderedTableNameMap  - getTableName(tableName=ScopedContentCondition) - start
170811 [main] DEBUG org.dbunit.dataset.OrderedTableNameMap  - getTableName(tableName=ScopedContentCondition) - end - result=SCOPEDCONTENTCONDITION
170811 [main] TRACE org.dbunit.operation.AbstractBatchOperation  - execute: processing table='ScopedContentCondition'
170811 [main] DEBUG org.dbunit.operation.AbstractBatchOperation  - isEmpty(table=org.dbunit.dataset.DefaultTable[_metaData=tableName=ScopedContentCondition, columns=[(name, UNKNOWN, nullableUnknown), (description, UNKNOWN, nullableUnknown), (operator, UNKNOWN, nullableUnknown), (id, UNKNOWN, nullableUnknown), (timeStamp, UNKNOWN, nullableUnknown)], keys=[], _rowList.size()=1]) - start
170812 [main] DEBUG org.dbunit.dataset.DefaultTable  - getValue(row=0, column=name) - start
170812 [main] DEBUG org.dbunit.dataset.AbstractTable  - assertValidRowIndex(row=0) - start
170812 [main] DEBUG org.dbunit.dataset.AbstractTable  - assertValidRowIndex(row=0, rowCount=1) - start
170812 [main] DEBUG org.dbunit.dataset.AbstractTable  - getColumnIndex(columnName=name) - start
170812 [main] DEBUG org.dbunit.dataset.AbstractTableMetaData  - getColumnIndex(columnName=name) - start
170812 [main] DEBUG org.dbunit.operation.AbstractOperation  - getOperationMetaData(connection=_databaseConfig=org.dbunit.database.DatabaseConfig[, _propertyMap={http://www.dbunit.org/properties/statementFactory=org.dbunit.database.statement.PreparedStatementFactory@626bc2b8, http://www.dbunit.org/features/caseSensitiveTableNames=false, http://www.dbunit.org/properties/fetchSize=100, http://www.dbunit.org/features/batchedStatements=false, http://www.dbunit.org/properties/metadataHandler=org.dbunit.database.DefaultMetadataHandler@62baffef, http://www.dbunit.org/properties/datatypeFactory=org.dbunit.dataset.datatype.DefaultDataTypeFactory[_toleratedDeltaMap=org.dbunit.dataset.datatype.ToleratedDeltaMap@6452310a], http://www.dbunit.org/properties/escapePattern=null, http://www.dbunit.org/properties/batchSize=100, http://www.dbunit.org/features/qualifiedTableNames=false, http://www.dbunit.org/properties/tableType=[Ljava.lang.String;@5011bafa, http://www.dbunit.org/properties/resultSetTableFactory=org.dbunit.database.CachedResultSetTableFactory@10bcf083, http://www.dbunit.org/features/datatypeWarning=true}], _dataSet=AbstractDataSet[_orderedTableNameMap=null], metaData=tableName=ScopedContentCondition, columns=[(name, UNKNOWN, nullableUnknown), (description, UNKNOWN, nullableUnknown), (operator, UNKNOWN, nullableUnknown), (id, UNKNOWN, nullableUnknown), (timeStamp, UNKNOWN, nullableUnknown)], keys=[]) - start
170812 [main] DEBUG org.dbunit.database.AbstractDatabaseConnection  - createDataSet() - start
170812 [main] DEBUG org.dbunit.database.DatabaseDataSet  - getTableMetaData(tableName=ScopedContentCondition) - start
170812 [main] DEBUG org.dbunit.database.DatabaseDataSet  - initialize() - start
170812 [main] DEBUG org.dbunit.dataset.OrderedTableNameMap  - getTableName(tableName=ScopedContentCondition) - start
170812 [main] DEBUG org.dbunit.dataset.OrderedTableNameMap  - getTableName(tableName=ScopedContentCondition) - end - result=SCOPEDCONTENTCONDITION
170812 [main] DEBUG org.dbunit.dataset.OrderedTableNameMap  - getTableName(tableName=ScopedContentCondition) - start
170812 [main] DEBUG org.dbunit.dataset.OrderedTableNameMap  - getTableName(tableName=ScopedContentCondition) - end - result=SCOPEDCONTENTCONDITION
170812 [main] DEBUG org.dbunit.dataset.AbstractTableMetaData  - getColumnIndex(columnName=name) - start
170812 [main] DEBUG org.dbunit.database.DatabaseTableMetaData  - getColumns() - start
170812 [main] DEBUG org.dbunit.database.DatabaseTableMetaData  - getColumns() - start
170812 [main] DEBUG org.dbunit.dataset.AbstractTableMetaData  - getColumnIndex(columnName=description) - start
170812 [main] DEBUG org.dbunit.database.DatabaseTableMetaData  - getColumns() - start
170812 [main] DEBUG org.dbunit.dataset.AbstractTableMetaData  - getColumnIndex(columnName=operator) - start
170812 [main] DEBUG org.dbunit.database.DatabaseTableMetaData  - getColumns() - start
170812 [main] DEBUG org.dbunit.dataset.AbstractTableMetaData  - getColumnIndex(columnName=id) - start
170812 [main] DEBUG org.dbunit.database.DatabaseTableMetaData  - getColumns() - start
170812 [main] DEBUG org.dbunit.dataset.AbstractTableMetaData  - getColumnIndex(columnName=timeStamp) - start
170812 [main] DEBUG org.dbunit.database.DatabaseTableMetaData  - getColumns() - start
170812 [main] DEBUG org.dbunit.database.DatabaseTableMetaData  - getPrimaryKeys() - start
170812 [main] TRACE org.dbunit.database.DatabaseConfig  - getProperty(name=http://www.dbunit.org/properties/primaryKeyFilter) - start
170813 [main] DEBUG org.dbunit.operation.InsertOperation  - getIgnoreMapping(table=org.dbunit.dataset.DefaultTable[_metaData=tableName=ScopedContentCondition, columns=[(name, UNKNOWN, nullableUnknown), (description, UNKNOWN, nullableUnknown), (operator, UNKNOWN, nullableUnknown), (id, UNKNOWN, nullableUnknown), (timeStamp, UNKNOWN, nullableUnknown)], keys=[], _rowList.size()=1], row=0) - start
170813 [main] DEBUG org.dbunit.dataset.DefaultTable  - getValue(row=0, column=name) - start
170813 [main] DEBUG org.dbunit.dataset.AbstractTable  - assertValidRowIndex(row=0) - start
170813 [main] DEBUG org.dbunit.dataset.AbstractTable  - assertValidRowIndex(row=0, rowCount=1) - start
170813 [main] DEBUG org.dbunit.dataset.AbstractTable  - getColumnIndex(columnName=name) - start
170813 [main] DEBUG org.dbunit.dataset.AbstractTableMetaData  - getColumnIndex(columnName=name) - start
170813 [main] DEBUG org.dbunit.dataset.DefaultTable  - getValue(row=0, column=description) - start
170813 [main] DEBUG org.dbunit.dataset.AbstractTable  - assertValidRowIndex(row=0) - start
170813 [main] DEBUG org.dbunit.dataset.AbstractTable  - assertValidRowIndex(row=0, rowCount=1) - start
170813 [main] DEBUG org.dbunit.dataset.AbstractTable  - getColumnIndex(columnName=description) - start
170813 [main] DEBUG org.dbunit.dataset.AbstractTableMetaData  - getColumnIndex(columnName=description) - start
170813 [main] DEBUG org.dbunit.dataset.DefaultTable  - getValue(row=0, column=operator) - start
170813 [main] DEBUG org.dbunit.dataset.AbstractTable  - assertValidRowIndex(row=0) - start
170813 [main] DEBUG org.dbunit.dataset.AbstractTable  - assertValidRowIndex(row=0, rowCount=1) - start
170813 [main] DEBUG org.dbunit.dataset.AbstractTable  - getColumnIndex(columnName=operator) - start
170813 [main] DEBUG org.dbunit.dataset.AbstractTableMetaData  - getColumnIndex(columnName=operator) - start
170813 [main] DEBUG org.dbunit.dataset.DefaultTable  - getValue(row=0, column=id) - start
170813 [main] DEBUG org.dbunit.dataset.AbstractTable  - assertValidRowIndex(row=0) - start
170813 [main] DEBUG org.dbunit.dataset.AbstractTable  - assertValidRowIndex(row=0, rowCount=1) - start
170813 [main] DEBUG org.dbunit.dataset.AbstractTable  - getColumnIndex(columnName=id) - start
170813 [main] DEBUG org.dbunit.dataset.AbstractTableMetaData  - getColumnIndex(columnName=id) - start
170813 [main] DEBUG org.dbunit.dataset.DefaultTable  - getValue(row=0, column=timeStamp) - start
170813 [main] DEBUG org.dbunit.dataset.AbstractTable  - assertValidRowIndex(row=0) - start
170813 [main] DEBUG org.dbunit.dataset.AbstractTable  - assertValidRowIndex(row=0, rowCount=1) - start
170813 [main] DEBUG org.dbunit.dataset.AbstractTable  - getColumnIndex(columnName=timeStamp) - start
170813 [main] DEBUG org.dbunit.dataset.AbstractTableMetaData  - getColumnIndex(columnName=timeStamp) - start
170813 [main] DEBUG org.dbunit.operation.InsertOperation  - getOperationData(metaData=tableName=SCOPEDCONTENTCONDITION, columns=[(NAME, VARCHAR, noNulls), (DESCRIPTION, VARCHAR, nullable), (OPERATOR, VARCHAR, noNulls), (ID, INTEGER, noNulls), (TIMESTAMP, TIMESTAMP, nullable)], keys=[(ID, INTEGER, noNulls)], ignoreMapping={}, connection=_databaseConfig=org.dbunit.database.DatabaseConfig[, _propertyMap={http://www.dbunit.org/properties/statementFactory=org.dbunit.database.statement.PreparedStatementFactory@626bc2b8, http://www.dbunit.org/features/caseSensitiveTableNames=false, http://www.dbunit.org/properties/fetchSize=100, http://www.dbunit.org/features/batchedStatements=false, http://www.dbunit.org/properties/metadataHandler=org.dbunit.database.DefaultMetadataHandler@62baffef, http://www.dbunit.org/properties/datatypeFactory=org.dbunit.dataset.datatype.DefaultDataTypeFactory[_toleratedDeltaMap=org.dbunit.dataset.datatype.ToleratedDeltaMap@6452310a], http://www.dbunit.org/properties/escapePattern=null, http://www.dbunit.org/properties/batchSize=100, http://www.dbunit.org/features/qualifiedTableNames=false, http://www.dbunit.org/properties/tableType=[Ljava.lang.String;@5011bafa, http://www.dbunit.org/properties/resultSetTableFactory=org.dbunit.database.CachedResultSetTableFactory@10bcf083, http://www.dbunit.org/features/datatypeWarning=true}], _dataSet=AbstractDataSet[_orderedTableNameMap=null]) - start
170814 [main] DEBUG org.dbunit.operation.AbstractOperation  - getQualifiedName(prefix=null, name=SCOPEDCONTENTCONDITION, connection=_databaseConfig=org.dbunit.database.DatabaseConfig[, _propertyMap={http://www.dbunit.org/properties/statementFactory=org.dbunit.database.statement.PreparedStatementFactory@626bc2b8, http://www.dbunit.org/features/caseSensitiveTableNames=false, http://www.dbunit.org/properties/fetchSize=100, http://www.dbunit.org/features/batchedStatements=false, http://www.dbunit.org/properties/metadataHandler=org.dbunit.database.DefaultMetadataHandler@62baffef, http://www.dbunit.org/properties/datatypeFactory=org.dbunit.dataset.datatype.DefaultDataTypeFactory[_toleratedDeltaMap=org.dbunit.dataset.datatype.ToleratedDeltaMap@6452310a], http://www.dbunit.org/properties/escapePattern=null, http://www.dbunit.org/properties/batchSize=100, http://www.dbunit.org/features/qualifiedTableNames=false, http://www.dbunit.org/properties/tableType=[Ljava.lang.String;@5011bafa, http://www.dbunit.org/properties/resultSetTableFactory=org.dbunit.database.CachedResultSetTableFactory@10bcf083, http://www.dbunit.org/features/datatypeWarning=true}], _dataSet=AbstractDataSet[_orderedTableNameMap=null]) - start
170814 [main] TRACE org.dbunit.database.DatabaseConfig  - getProperty(name=http://www.dbunit.org/properties/escapePattern) - start
170814 [main] DEBUG org.dbunit.util.QualifiedTableName  - getQualifiedName() - start
170814 [main] DEBUG org.dbunit.util.QualifiedTableName  - getQualifiedName(prefix=null, name=SCOPEDCONTENTCONDITION, escapePattern=null) - start
170814 [main] DEBUG org.dbunit.operation.AbstractOperation  - getQualifiedName(prefix=null, name=NAME, connection=_databaseConfig=org.dbunit.database.DatabaseConfig[, _propertyMap={http://www.dbunit.org/properties/statementFactory=org.dbunit.database.statement.PreparedStatementFactory@626bc2b8, http://www.dbunit.org/features/caseSensitiveTableNames=false, http://www.dbunit.org/properties/fetchSize=100, http://www.dbunit.org/features/batchedStatements=false, http://www.dbunit.org/properties/metadataHandler=org.dbunit.database.DefaultMetadataHandler@62baffef, http://www.dbunit.org/properties/datatypeFactory=org.dbunit.dataset.datatype.DefaultDataTypeFactory[_toleratedDeltaMap=org.dbunit.dataset.datatype.ToleratedDeltaMap@6452310a], http://www.dbunit.org/properties/escapePattern=null, http://www.dbunit.org/properties/batchSize=100, http://www.dbunit.org/features/qualifiedTableNames=false, http://www.dbunit.org/properties/tableType=[Ljava.lang.String;@5011bafa, http://www.dbunit.org/properties/resultSetTableFactory=org.dbunit.database.CachedResultSetTableFactory@10bcf083, http://www.dbunit.org/features/datatypeWarning=true}], _dataSet=AbstractDataSet[_orderedTableNameMap=null]) - start
170814 [main] TRACE org.dbunit.database.DatabaseConfig  - getProperty(name=http://www.dbunit.org/properties/escapePattern) - start
170814 [main] DEBUG org.dbunit.util.QualifiedTableName  - getQualifiedName() - start
170814 [main] DEBUG org.dbunit.util.QualifiedTableName  - getQualifiedName(prefix=null, name=NAME, escapePattern=null) - start
170814 [main] DEBUG org.dbunit.operation.AbstractOperation  - getQualifiedName(prefix=null, name=DESCRIPTION, connection=_databaseConfig=org.dbunit.database.DatabaseConfig[, _propertyMap={http://www.dbunit.org/properties/statementFactory=org.dbunit.database.statement.PreparedStatementFactory@626bc2b8, http://www.dbunit.org/features/caseSensitiveTableNames=false, http://www.dbunit.org/properties/fetchSize=100, http://www.dbunit.org/features/batchedStatements=false, http://www.dbunit.org/properties/metadataHandler=org.dbunit.database.DefaultMetadataHandler@62baffef, http://www.dbunit.org/properties/datatypeFactory=org.dbunit.dataset.datatype.DefaultDataTypeFactory[_toleratedDeltaMap=org.dbunit.dataset.datatype.ToleratedDeltaMap@6452310a], http://www.dbunit.org/properties/escapePattern=null, http://www.dbunit.org/properties/batchSize=100, http://www.dbunit.org/features/qualifiedTableNames=false, http://www.dbunit.org/properties/tableType=[Ljava.lang.String;@5011bafa, http://www.dbunit.org/properties/resultSetTableFactory=org.dbunit.database.CachedResultSetTableFactory@10bcf083, http://www.dbunit.org/features/datatypeWarning=true}], _dataSet=AbstractDataSet[_orderedTableNameMap=null]) - start
170814 [main] TRACE org.dbunit.database.DatabaseConfig  - getProperty(name=http://www.dbunit.org/properties/escapePattern) - start
170814 [main] DEBUG org.dbunit.util.QualifiedTableName  - getQualifiedName() - start
170814 [main] DEBUG org.dbunit.util.QualifiedTableName  - getQualifiedName(prefix=null, name=DESCRIPTION, escapePattern=null) - start
170814 [main] DEBUG org.dbunit.operation.AbstractOperation  - getQualifiedName(prefix=null, name=OPERATOR, connection=_databaseConfig=org.dbunit.database.DatabaseConfig[, _propertyMap={http://www.dbunit.org/properties/statementFactory=org.dbunit.database.statement.PreparedStatementFactory@626bc2b8, http://www.dbunit.org/features/caseSensitiveTableNames=false, http://www.dbunit.org/properties/fetchSize=100, http://www.dbunit.org/features/batchedStatements=false, http://www.dbunit.org/properties/metadataHandler=org.dbunit.database.DefaultMetadataHandler@62baffef, http://www.dbunit.org/properties/datatypeFactory=org.dbunit.dataset.datatype.DefaultDataTypeFactory[_toleratedDeltaMap=org.dbunit.dataset.datatype.ToleratedDeltaMap@6452310a], http://www.dbunit.org/properties/escapePattern=null, http://www.dbunit.org/properties/batchSize=100, http://www.dbunit.org/features/qualifiedTableNames=false, http://www.dbunit.org/properties/tableType=[Ljava.lang.String;@5011bafa, http://www.dbunit.org/properties/resultSetTableFactory=org.dbunit.database.CachedResultSetTableFactory@10bcf083, http://www.dbunit.org/features/datatypeWarning=true}], _dataSet=AbstractDataSet[_orderedTableNameMap=null]) - start
170814 [main] TRACE org.dbunit.database.DatabaseConfig  - getProperty(name=http://www.dbunit.org/properties/escapePattern) - start
170814 [main] DEBUG org.dbunit.util.QualifiedTableName  - getQualifiedName() - start
170814 [main] DEBUG org.dbunit.util.QualifiedTableName  - getQualifiedName(prefix=null, name=OPERATOR, escapePattern=null) - start
170814 [main] DEBUG org.dbunit.operation.AbstractOperation  - getQualifiedName(prefix=null, name=ID, connection=_databaseConfig=org.dbunit.database.DatabaseConfig[, _propertyMap={http://www.dbunit.org/properties/statementFactory=org.dbunit.database.statement.PreparedStatementFactory@626bc2b8, http://www.dbunit.org/features/caseSensitiveTableNames=false, http://www.dbunit.org/properties/fetchSize=100, http://www.dbunit.org/features/batchedStatements=false, http://www.dbunit.org/properties/metadataHandler=org.dbunit.database.DefaultMetadataHandler@62baffef, http://www.dbunit.org/properties/datatypeFactory=org.dbunit.dataset.datatype.DefaultDataTypeFactory[_toleratedDeltaMap=org.dbunit.dataset.datatype.ToleratedDeltaMap@6452310a], http://www.dbunit.org/properties/escapePattern=null, http://www.dbunit.org/properties/batchSize=100, http://www.dbunit.org/features/qualifiedTableNames=false, http://www.dbunit.org/properties/tableType=[Ljava.lang.String;@5011bafa, http://www.dbunit.org/properties/resultSetTableFactory=org.dbunit.database.CachedResultSetTableFactory@10bcf083, http://www.dbunit.org/features/datatypeWarning=true}], _dataSet=AbstractDataSet[_orderedTableNameMap=null]) - start
170814 [main] TRACE org.dbunit.database.DatabaseConfig  - getProperty(name=http://www.dbunit.org/properties/escapePattern) - start
170814 [main] DEBUG org.dbunit.util.QualifiedTableName  - getQualifiedName() - start
170815 [main] DEBUG org.dbunit.util.QualifiedTableName  - getQualifiedName(prefix=null, name=ID, escapePattern=null) - start
170815 [main] DEBUG org.dbunit.operation.AbstractOperation  - getQualifiedName(prefix=null, name=TIMESTAMP, connection=_databaseConfig=org.dbunit.database.DatabaseConfig[, _propertyMap={http://www.dbunit.org/properties/statementFactory=org.dbunit.database.statement.PreparedStatementFactory@626bc2b8, http://www.dbunit.org/features/caseSensitiveTableNames=false, http://www.dbunit.org/properties/fetchSize=100, http://www.dbunit.org/features/batchedStatements=false, http://www.dbunit.org/properties/metadataHandler=org.dbunit.database.DefaultMetadataHandler@62baffef, http://www.dbunit.org/properties/datatypeFactory=org.dbunit.dataset.datatype.DefaultDataTypeFactory[_toleratedDeltaMap=org.dbunit.dataset.datatype.ToleratedDeltaMap@6452310a], http://www.dbunit.org/properties/escapePattern=null, http://www.dbunit.org/properties/batchSize=100, http://www.dbunit.org/features/qualifiedTableNames=false, http://www.dbunit.org/properties/tableType=[Ljava.lang.String;@5011bafa, http://www.dbunit.org/properties/resultSetTableFactory=org.dbunit.database.CachedResultSetTableFactory@10bcf083, http://www.dbunit.org/features/datatypeWarning=true}], _dataSet=AbstractDataSet[_orderedTableNameMap=null]) - start
170815 [main] TRACE org.dbunit.database.DatabaseConfig  - getProperty(name=http://www.dbunit.org/properties/escapePattern) - start
170815 [main] DEBUG org.dbunit.util.QualifiedTableName  - getQualifiedName() - start
170815 [main] DEBUG org.dbunit.util.QualifiedTableName  - getQualifiedName(prefix=null, name=TIMESTAMP, escapePattern=null) - start
170815 [main] DEBUG org.dbunit.database.statement.PreparedStatementFactory  - createPreparedBatchStatement(sql=insert into SCOPEDCONTENTCONDITION (NAME, DESCRIPTION, OPERATOR, ID, TIMESTAMP) values (?, ?, ?, ?, ?), connection=_databaseConfig=org.dbunit.database.DatabaseConfig[, _propertyMap={http://www.dbunit.org/properties/statementFactory=org.dbunit.database.statement.PreparedStatementFactory@626bc2b8, http://www.dbunit.org/features/caseSensitiveTableNames=false, http://www.dbunit.org/properties/fetchSize=100, http://www.dbunit.org/features/batchedStatements=false, http://www.dbunit.org/properties/metadataHandler=org.dbunit.database.DefaultMetadataHandler@62baffef, http://www.dbunit.org/properties/datatypeFactory=org.dbunit.dataset.datatype.DefaultDataTypeFactory[_toleratedDeltaMap=org.dbunit.dataset.datatype.ToleratedDeltaMap@6452310a], http://www.dbunit.org/properties/escapePattern=null, http://www.dbunit.org/properties/batchSize=100, http://www.dbunit.org/features/qualifiedTableNames=false, http://www.dbunit.org/properties/tableType=[Ljava.lang.String;@5011bafa, http://www.dbunit.org/properties/resultSetTableFactory=org.dbunit.database.CachedResultSetTableFactory@10bcf083, http://www.dbunit.org/features/datatypeWarning=true}], _dataSet=AbstractDataSet[_orderedTableNameMap=null]) - start
170815 [main] TRACE org.dbunit.database.DatabaseConfig  - getProperty(name=http://www.dbunit.org/properties/batchSize) - start
170815 [main] DEBUG org.dbunit.database.statement.AbstractStatementFactory  - supportBatchStatement(connection=_databaseConfig=org.dbunit.database.DatabaseConfig[, _propertyMap={http://www.dbunit.org/properties/statementFactory=org.dbunit.database.statement.PreparedStatementFactory@626bc2b8, http://www.dbunit.org/features/caseSensitiveTableNames=false, http://www.dbunit.org/properties/fetchSize=100, http://www.dbunit.org/features/batchedStatements=false, http://www.dbunit.org/properties/metadataHandler=org.dbunit.database.DefaultMetadataHandler@62baffef, http://www.dbunit.org/properties/datatypeFactory=org.dbunit.dataset.datatype.DefaultDataTypeFactory[_toleratedDeltaMap=org.dbunit.dataset.datatype.ToleratedDeltaMap@6452310a], http://www.dbunit.org/properties/escapePattern=null, http://www.dbunit.org/properties/batchSize=100, http://www.dbunit.org/features/qualifiedTableNames=false, http://www.dbunit.org/properties/tableType=[Ljava.lang.String;@5011bafa, http://www.dbunit.org/properties/resultSetTableFactory=org.dbunit.database.CachedResultSetTableFactory@10bcf083, http://www.dbunit.org/features/datatypeWarning=true}], _dataSet=AbstractDataSet[_orderedTableNameMap=null]) - start
170815 [main] TRACE org.dbunit.database.DatabaseConfig  - getFeature(name=http://www.dbunit.org/features/batchedStatements) - start
170815 [main] TRACE org.dbunit.database.DatabaseConfig  - getProperty(name=http://www.dbunit.org/features/batchedStatements) - start
170815 [main] DEBUG org.dbunit.database.DatabaseDataSourceConnection  - getConnection() - start
170815 [main] DEBUG org.dbunit.dataset.DefaultTable  - getValue(row=0, column=NAME) - start
170815 [main] DEBUG org.dbunit.dataset.AbstractTable  - assertValidRowIndex(row=0) - start
170815 [main] DEBUG org.dbunit.dataset.AbstractTable  - assertValidRowIndex(row=0, rowCount=1) - start
170815 [main] DEBUG org.dbunit.dataset.AbstractTable  - getColumnIndex(columnName=NAME) - start
170815 [main] DEBUG org.dbunit.dataset.AbstractTableMetaData  - getColumnIndex(columnName=NAME) - start
170816 [main] DEBUG org.dbunit.database.statement.AutomaticPreparedBatchStatement  - addValue(value=13, dataType=VARCHAR) - start
170816 [main] DEBUG org.dbunit.database.statement.SimplePreparedStatement  - addValue(value=13, dataType=VARCHAR) - start
170816 [main] DEBUG org.dbunit.dataset.datatype.StringDataType  - setSqlValue(value=13, column=1, statement=org.hsqldb.jdbc.JDBCPreparedStatement@68c5f0c1[sql=[insert into SCOPEDCONTENTCONDITION (NAME, DESCRIPTION, OPERATOR, ID, TIMESTAMP) values (?, ?, ?, ?, ?)], parameters=[[null], [null], [null], [null], [null]]]) - start
170816 [main] DEBUG org.dbunit.dataset.datatype.DataType  - asString(value=13) - start
170816 [main] DEBUG org.dbunit.dataset.datatype.StringDataType  - typeCast(value=13) - start
170816 [main] DEBUG org.dbunit.dataset.DefaultTable  - getValue(row=0, column=DESCRIPTION) - start
170816 [main] DEBUG org.dbunit.dataset.AbstractTable  - assertValidRowIndex(row=0) - start
170816 [main] DEBUG org.dbunit.dataset.AbstractTable  - assertValidRowIndex(row=0, rowCount=1) - start
170816 [main] DEBUG org.dbunit.dataset.AbstractTable  - getColumnIndex(columnName=DESCRIPTION) - start
170816 [main] DEBUG org.dbunit.dataset.AbstractTableMetaData  - getColumnIndex(columnName=DESCRIPTION) - start
170816 [main] DEBUG org.dbunit.database.statement.AutomaticPreparedBatchStatement  - addValue(value=14, dataType=VARCHAR) - start
170816 [main] DEBUG org.dbunit.database.statement.SimplePreparedStatement  - addValue(value=14, dataType=VARCHAR) - start
170816 [main] DEBUG org.dbunit.dataset.datatype.StringDataType  - setSqlValue(value=14, column=2, statement=org.hsqldb.jdbc.JDBCPreparedStatement@68c5f0c1[sql=[insert into SCOPEDCONTENTCONDITION (NAME, DESCRIPTION, OPERATOR, ID, TIMESTAMP) values (?, ?, ?, ?, ?)], parameters=[[13], [null], [null], [null], [null]]]) - start
170816 [main] DEBUG org.dbunit.dataset.datatype.DataType  - asString(value=14) - start
170816 [main] DEBUG org.dbunit.dataset.datatype.StringDataType  - typeCast(value=14) - start
170816 [main] DEBUG org.dbunit.dataset.DefaultTable  - getValue(row=0, column=OPERATOR) - start
170816 [main] DEBUG org.dbunit.dataset.AbstractTable  - assertValidRowIndex(row=0) - start
170816 [main] DEBUG org.dbunit.dataset.AbstractTable  - assertValidRowIndex(row=0, rowCount=1) - start
170816 [main] DEBUG org.dbunit.dataset.AbstractTable  - getColumnIndex(columnName=OPERATOR) - start
170816 [main] DEBUG org.dbunit.dataset.AbstractTableMetaData  - getColumnIndex(columnName=OPERATOR) - start
170816 [main] DEBUG org.dbunit.database.statement.AutomaticPreparedBatchStatement  - addValue(value=And, dataType=VARCHAR) - start
170816 [main] DEBUG org.dbunit.database.statement.SimplePreparedStatement  - addValue(value=And, dataType=VARCHAR) - start
170816 [main] DEBUG org.dbunit.dataset.datatype.StringDataType  - setSqlValue(value=And, column=3, statement=org.hsqldb.jdbc.JDBCPreparedStatement@68c5f0c1[sql=[insert into SCOPEDCONTENTCONDITION (NAME, DESCRIPTION, OPERATOR, ID, TIMESTAMP) values (?, ?, ?, ?, ?)], parameters=[[13], [14], [null], [null], [null]]]) - start
170816 [main] DEBUG org.dbunit.dataset.datatype.DataType  - asString(value=And) - start
170816 [main] DEBUG org.dbunit.dataset.datatype.StringDataType  - typeCast(value=And) - start
170817 [main] WARN  org.dbunit.dataset.datatype.StringDataType  - Unknown/unsupported object type 'com.tmt.kontroll.content.persistence.selections.ConditionalOperator' - will invoke toString() as last fallback which might produce undesired results
170817 [main] DEBUG org.dbunit.dataset.DefaultTable  - getValue(row=0, column=ID) - start
170817 [main] DEBUG org.dbunit.dataset.AbstractTable  - assertValidRowIndex(row=0) - start
170817 [main] DEBUG org.dbunit.dataset.AbstractTable  - assertValidRowIndex(row=0, rowCount=1) - start
170817 [main] DEBUG org.dbunit.dataset.AbstractTable  - getColumnIndex(columnName=ID) - start
170817 [main] DEBUG org.dbunit.dataset.AbstractTableMetaData  - getColumnIndex(columnName=ID) - start
170817 [main] DEBUG org.dbunit.database.statement.AutomaticPreparedBatchStatement  - addValue(value=1, dataType=INTEGER) - start
170817 [main] DEBUG org.dbunit.database.statement.SimplePreparedStatement  - addValue(value=1, dataType=INTEGER) - start
170817 [main] DEBUG org.dbunit.dataset.datatype.IntegerDataType  - setSqlValue(value=1, column=4, statement=org.hsqldb.jdbc.JDBCPreparedStatement@68c5f0c1[sql=[insert into SCOPEDCONTENTCONDITION (NAME, DESCRIPTION, OPERATOR, ID, TIMESTAMP) values (?, ?, ?, ?, ?)], parameters=[[13], [14], [And], [null], [null]]]) - start
170817 [main] DEBUG org.dbunit.dataset.datatype.IntegerDataType  - typeCast(value=1) - start
170817 [main] DEBUG org.dbunit.dataset.DefaultTable  - getValue(row=0, column=TIMESTAMP) - start
170817 [main] DEBUG org.dbunit.dataset.AbstractTable  - assertValidRowIndex(row=0) - start
170817 [main] DEBUG org.dbunit.dataset.AbstractTable  - assertValidRowIndex(row=0, rowCount=1) - start
170817 [main] DEBUG org.dbunit.dataset.AbstractTable  - getColumnIndex(columnName=TIMESTAMP) - start
170817 [main] DEBUG org.dbunit.dataset.AbstractTableMetaData  - getColumnIndex(columnName=TIMESTAMP) - start
170817 [main] DEBUG org.dbunit.database.statement.AutomaticPreparedBatchStatement  - addValue(value=2014-02-26 12:43:51.818, dataType=TIMESTAMP) - start
170817 [main] DEBUG org.dbunit.database.statement.SimplePreparedStatement  - addValue(value=2014-02-26 12:43:51.818, dataType=TIMESTAMP) - start
170817 [main] DEBUG org.dbunit.dataset.datatype.TimestampDataType  - setSqlValue(value=2014-02-26 12:43:51.818, column=5, statement=org.hsqldb.jdbc.JDBCPreparedStatement@68c5f0c1[sql=[insert into SCOPEDCONTENTCONDITION (NAME, DESCRIPTION, OPERATOR, ID, TIMESTAMP) values (?, ?, ?, ?, ?)], parameters=[[13], [14], [And], [1], [null]]]) - start
170817 [main] DEBUG org.dbunit.dataset.datatype.TimestampDataType  - typeCast(value=2014-02-26 12:43:51.818) - start
170817 [main] DEBUG org.dbunit.database.statement.AutomaticPreparedBatchStatement  - addBatch() - start
170817 [main] DEBUG org.dbunit.database.statement.SimplePreparedStatement  - addBatch() - start
170818 [main] DEBUG org.dbunit.operation.InsertOperation  - equalsIgnoreMapping(ignoreMapping={}, table=org.dbunit.dataset.DefaultTable[_metaData=tableName=ScopedContentCondition, columns=[(name, UNKNOWN, nullableUnknown), (description, UNKNOWN, nullableUnknown), (operator, UNKNOWN, nullableUnknown), (id, UNKNOWN, nullableUnknown), (timeStamp, UNKNOWN, nullableUnknown)], keys=[], _rowList.size()=1], row=1) - start
170818 [main] DEBUG org.dbunit.dataset.DefaultTable  - getValue(row=1, column=name) - start
170818 [main] DEBUG org.dbunit.dataset.AbstractTable  - assertValidRowIndex(row=1) - start
170818 [main] DEBUG org.dbunit.dataset.AbstractTable  - assertValidRowIndex(row=1, rowCount=1) - start
170818 [main] DEBUG org.dbunit.database.statement.AutomaticPreparedBatchStatement  - executeBatch() - start
170818 [main] DEBUG org.dbunit.database.statement.SimplePreparedStatement  - executeBatch() - start
170818 [main] DEBUG org.dbunit.database.statement.SimplePreparedStatement  - clearBatch() - start
170818 [main] DEBUG org.dbunit.database.statement.AutomaticPreparedBatchStatement  - clearBatch() - start
170818 [main] DEBUG org.dbunit.database.statement.SimplePreparedStatement  - clearBatch() - start
170818 [main] DEBUG org.dbunit.database.statement.AutomaticPreparedBatchStatement  - close() - start
170818 [main] DEBUG org.dbunit.database.statement.AbstractPreparedBatchStatement  - close() - start
170818 [main] DEBUG org.dbunit.dataset.filter.SequenceTableIterator  - next() - start
170818 [main] DEBUG org.dbunit.dataset.filter.SequenceTableIterator  - getTable() - start
170818 [main] DEBUG org.dbunit.dataset.AbstractDataSet  - getTable(tableName=NestedScopedContentConditions) - start
170818 [main] DEBUG org.dbunit.dataset.AbstractDataSet  - initialize() - start
170818 [main] DEBUG org.dbunit.dataset.AbstractDataSet  - The table name map has already been initialized.
170818 [main] DEBUG org.dbunit.dataset.OrderedTableNameMap  - getTableName(tableName=NestedScopedContentConditions) - start
170818 [main] DEBUG org.dbunit.dataset.OrderedTableNameMap  - getTableName(tableName=NestedScopedContentConditions) - end - result=NESTEDSCOPEDCONTENTCONDITIONS
170818 [main] TRACE org.dbunit.operation.AbstractBatchOperation  - execute: processing table='NestedScopedContentConditions'
170818 [main] DEBUG org.dbunit.operation.AbstractBatchOperation  - isEmpty(table=org.dbunit.dataset.DefaultTable[_metaData=tableName=NestedScopedContentConditions, columns=[], keys=[], _rowList.size()=0]) - start
170818 [main] DEBUG org.dbunit.dataset.filter.SequenceTableIterator  - next() - start
170818 [main] DEBUG org.dbunit.dataset.filter.SequenceTableIterator  - getTable() - start
170818 [main] DEBUG org.dbunit.dataset.AbstractDataSet  - getTable(tableName=RequestContext) - start
170818 [main] DEBUG org.dbunit.dataset.AbstractDataSet  - initialize() - start
170819 [main] DEBUG org.dbunit.dataset.AbstractDataSet  - The table name map has already been initialized.
170819 [main] DEBUG org.dbunit.dataset.OrderedTableNameMap  - getTableName(tableName=RequestContext) - start
170819 [main] DEBUG org.dbunit.dataset.OrderedTableNameMap  - getTableName(tableName=RequestContext) - end - result=REQUESTCONTEXT
170819 [main] TRACE org.dbunit.operation.AbstractBatchOperation  - execute: processing table='RequestContext'
170819 [main] DEBUG org.dbunit.operation.AbstractBatchOperation  - isEmpty(table=org.dbunit.dataset.DefaultTable[_metaData=tableName=RequestContext, columns=[(path, UNKNOWN, nullableUnknown), (id, UNKNOWN, nullableUnknown), (timeStamp, UNKNOWN, nullableUnknown)], keys=[], _rowList.size()=1]) - start
170819 [main] DEBUG org.dbunit.dataset.DefaultTable  - getValue(row=0, column=path) - start
170819 [main] DEBUG org.dbunit.dataset.AbstractTable  - assertValidRowIndex(row=0) - start
170819 [main] DEBUG org.dbunit.dataset.AbstractTable  - assertValidRowIndex(row=0, rowCount=1) - start
170819 [main] DEBUG org.dbunit.dataset.AbstractTable  - getColumnIndex(columnName=path) - start
170819 [main] DEBUG org.dbunit.dataset.AbstractTableMetaData  - getColumnIndex(columnName=path) - start
170819 [main] DEBUG org.dbunit.operation.AbstractOperation  - getOperationMetaData(connection=_databaseConfig=org.dbunit.database.DatabaseConfig[, _propertyMap={http://www.dbunit.org/properties/statementFactory=org.dbunit.database.statement.PreparedStatementFactory@626bc2b8, http://www.dbunit.org/features/caseSensitiveTableNames=false, http://www.dbunit.org/properties/fetchSize=100, http://www.dbunit.org/features/batchedStatements=false, http://www.dbunit.org/properties/metadataHandler=org.dbunit.database.DefaultMetadataHandler@62baffef, http://www.dbunit.org/properties/datatypeFactory=org.dbunit.dataset.datatype.DefaultDataTypeFactory[_toleratedDeltaMap=org.dbunit.dataset.datatype.ToleratedDeltaMap@6452310a], http://www.dbunit.org/properties/escapePattern=null, http://www.dbunit.org/properties/batchSize=100, http://www.dbunit.org/features/qualifiedTableNames=false, http://www.dbunit.org/properties/tableType=[Ljava.lang.String;@5011bafa, http://www.dbunit.org/properties/resultSetTableFactory=org.dbunit.database.CachedResultSetTableFactory@10bcf083, http://www.dbunit.org/features/datatypeWarning=true}], _dataSet=AbstractDataSet[_orderedTableNameMap=null], metaData=tableName=RequestContext, columns=[(path, UNKNOWN, nullableUnknown), (id, UNKNOWN, nullableUnknown), (timeStamp, UNKNOWN, nullableUnknown)], keys=[]) - start
170819 [main] DEBUG org.dbunit.database.AbstractDatabaseConnection  - createDataSet() - start
170819 [main] DEBUG org.dbunit.database.DatabaseDataSet  - getTableMetaData(tableName=RequestContext) - start
170819 [main] DEBUG org.dbunit.database.DatabaseDataSet  - initialize() - start
170819 [main] DEBUG org.dbunit.dataset.OrderedTableNameMap  - getTableName(tableName=RequestContext) - start
170819 [main] DEBUG org.dbunit.dataset.OrderedTableNameMap  - getTableName(tableName=RequestContext) - end - result=REQUESTCONTEXT
170819 [main] DEBUG org.dbunit.dataset.OrderedTableNameMap  - getTableName(tableName=RequestContext) - start
170819 [main] DEBUG org.dbunit.dataset.OrderedTableNameMap  - getTableName(tableName=RequestContext) - end - result=REQUESTCONTEXT
170819 [main] DEBUG org.dbunit.dataset.AbstractTableMetaData  - getColumnIndex(columnName=path) - start
170820 [main] DEBUG org.dbunit.database.DatabaseTableMetaData  - getColumns() - start
170820 [main] DEBUG org.dbunit.database.DatabaseTableMetaData  - getColumns() - start
170820 [main] DEBUG org.dbunit.dataset.AbstractTableMetaData  - getColumnIndex(columnName=id) - start
170820 [main] DEBUG org.dbunit.database.DatabaseTableMetaData  - getColumns() - start
170820 [main] DEBUG org.dbunit.dataset.AbstractTableMetaData  - getColumnIndex(columnName=timeStamp) - start
170820 [main] DEBUG org.dbunit.database.DatabaseTableMetaData  - getColumns() - start
170820 [main] DEBUG org.dbunit.database.DatabaseTableMetaData  - getPrimaryKeys() - start
170820 [main] TRACE org.dbunit.database.DatabaseConfig  - getProperty(name=http://www.dbunit.org/properties/primaryKeyFilter) - start
170820 [main] DEBUG org.dbunit.operation.InsertOperation  - getIgnoreMapping(table=org.dbunit.dataset.DefaultTable[_metaData=tableName=RequestContext, columns=[(path, UNKNOWN, nullableUnknown), (id, UNKNOWN, nullableUnknown), (timeStamp, UNKNOWN, nullableUnknown)], keys=[], _rowList.size()=1], row=0) - start
170820 [main] DEBUG org.dbunit.dataset.DefaultTable  - getValue(row=0, column=path) - start
170820 [main] DEBUG org.dbunit.dataset.AbstractTable  - assertValidRowIndex(row=0) - start
170820 [main] DEBUG org.dbunit.dataset.AbstractTable  - assertValidRowIndex(row=0, rowCount=1) - start
170820 [main] DEBUG org.dbunit.dataset.AbstractTable  - getColumnIndex(columnName=path) - start
170820 [main] DEBUG org.dbunit.dataset.AbstractTableMetaData  - getColumnIndex(columnName=path) - start
170820 [main] DEBUG org.dbunit.dataset.DefaultTable  - getValue(row=0, column=id) - start
170820 [main] DEBUG org.dbunit.dataset.AbstractTable  - assertValidRowIndex(row=0) - start
170820 [main] DEBUG org.dbunit.dataset.AbstractTable  - assertValidRowIndex(row=0, rowCount=1) - start
170820 [main] DEBUG org.dbunit.dataset.AbstractTable  - getColumnIndex(columnName=id) - start
170820 [main] DEBUG org.dbunit.dataset.AbstractTableMetaData  - getColumnIndex(columnName=id) - start
170820 [main] DEBUG org.dbunit.dataset.DefaultTable  - getValue(row=0, column=timeStamp) - start
170820 [main] DEBUG org.dbunit.dataset.AbstractTable  - assertValidRowIndex(row=0) - start
170820 [main] DEBUG org.dbunit.dataset.AbstractTable  - assertValidRowIndex(row=0, rowCount=1) - start
170820 [main] DEBUG org.dbunit.dataset.AbstractTable  - getColumnIndex(columnName=timeStamp) - start
170820 [main] DEBUG org.dbunit.dataset.AbstractTableMetaData  - getColumnIndex(columnName=timeStamp) - start
170820 [main] DEBUG org.dbunit.operation.InsertOperation  - getOperationData(metaData=tableName=REQUESTCONTEXT, columns=[(PATH, VARCHAR, noNulls), (ID, INTEGER, noNulls), (TIMESTAMP, TIMESTAMP, nullable)], keys=[(ID, INTEGER, noNulls)], ignoreMapping={}, connection=_databaseConfig=org.dbunit.database.DatabaseConfig[, _propertyMap={http://www.dbunit.org/properties/statementFactory=org.dbunit.database.statement.PreparedStatementFactory@626bc2b8, http://www.dbunit.org/features/caseSensitiveTableNames=false, http://www.dbunit.org/properties/fetchSize=100, http://www.dbunit.org/features/batchedStatements=false, http://www.dbunit.org/properties/metadataHandler=org.dbunit.database.DefaultMetadataHandler@62baffef, http://www.dbunit.org/properties/datatypeFactory=org.dbunit.dataset.datatype.DefaultDataTypeFactory[_toleratedDeltaMap=org.dbunit.dataset.datatype.ToleratedDeltaMap@6452310a], http://www.dbunit.org/properties/escapePattern=null, http://www.dbunit.org/properties/batchSize=100, http://www.dbunit.org/features/qualifiedTableNames=false, http://www.dbunit.org/properties/tableType=[Ljava.lang.String;@5011bafa, http://www.dbunit.org/properties/resultSetTableFactory=org.dbunit.database.CachedResultSetTableFactory@10bcf083, http://www.dbunit.org/features/datatypeWarning=true}], _dataSet=AbstractDataSet[_orderedTableNameMap=null]) - start
170820 [main] DEBUG org.dbunit.operation.AbstractOperation  - getQualifiedName(prefix=null, name=REQUESTCONTEXT, connection=_databaseConfig=org.dbunit.database.DatabaseConfig[, _propertyMap={http://www.dbunit.org/properties/statementFactory=org.dbunit.database.statement.PreparedStatementFactory@626bc2b8, http://www.dbunit.org/features/caseSensitiveTableNames=false, http://www.dbunit.org/properties/fetchSize=100, http://www.dbunit.org/features/batchedStatements=false, http://www.dbunit.org/properties/metadataHandler=org.dbunit.database.DefaultMetadataHandler@62baffef, http://www.dbunit.org/properties/datatypeFactory=org.dbunit.dataset.datatype.DefaultDataTypeFactory[_toleratedDeltaMap=org.dbunit.dataset.datatype.ToleratedDeltaMap@6452310a], http://www.dbunit.org/properties/escapePattern=null, http://www.dbunit.org/properties/batchSize=100, http://www.dbunit.org/features/qualifiedTableNames=false, http://www.dbunit.org/properties/tableType=[Ljava.lang.String;@5011bafa, http://www.dbunit.org/properties/resultSetTableFactory=org.dbunit.database.CachedResultSetTableFactory@10bcf083, http://www.dbunit.org/features/datatypeWarning=true}], _dataSet=AbstractDataSet[_orderedTableNameMap=null]) - start
170821 [main] TRACE org.dbunit.database.DatabaseConfig  - getProperty(name=http://www.dbunit.org/properties/escapePattern) - start
170821 [main] DEBUG org.dbunit.util.QualifiedTableName  - getQualifiedName() - start
170821 [main] DEBUG org.dbunit.util.QualifiedTableName  - getQualifiedName(prefix=null, name=REQUESTCONTEXT, escapePattern=null) - start
170821 [main] DEBUG org.dbunit.operation.AbstractOperation  - getQualifiedName(prefix=null, name=PATH, connection=_databaseConfig=org.dbunit.database.DatabaseConfig[, _propertyMap={http://www.dbunit.org/properties/statementFactory=org.dbunit.database.statement.PreparedStatementFactory@626bc2b8, http://www.dbunit.org/features/caseSensitiveTableNames=false, http://www.dbunit.org/properties/fetchSize=100, http://www.dbunit.org/features/batchedStatements=false, http://www.dbunit.org/properties/metadataHandler=org.dbunit.database.DefaultMetadataHandler@62baffef, http://www.dbunit.org/properties/datatypeFactory=org.dbunit.dataset.datatype.DefaultDataTypeFactory[_toleratedDeltaMap=org.dbunit.dataset.datatype.ToleratedDeltaMap@6452310a], http://www.dbunit.org/properties/escapePattern=null, http://www.dbunit.org/properties/batchSize=100, http://www.dbunit.org/features/qualifiedTableNames=false, http://www.dbunit.org/properties/tableType=[Ljava.lang.String;@5011bafa, http://www.dbunit.org/properties/resultSetTableFactory=org.dbunit.database.CachedResultSetTableFactory@10bcf083, http://www.dbunit.org/features/datatypeWarning=true}], _dataSet=AbstractDataSet[_orderedTableNameMap=null]) - start
170821 [main] TRACE org.dbunit.database.DatabaseConfig  - getProperty(name=http://www.dbunit.org/properties/escapePattern) - start
170821 [main] DEBUG org.dbunit.util.QualifiedTableName  - getQualifiedName() - start
170821 [main] DEBUG org.dbunit.util.QualifiedTableName  - getQualifiedName(prefix=null, name=PATH, escapePattern=null) - start
170821 [main] DEBUG org.dbunit.operation.AbstractOperation  - getQualifiedName(prefix=null, name=ID, connection=_databaseConfig=org.dbunit.database.DatabaseConfig[, _propertyMap={http://www.dbunit.org/properties/statementFactory=org.dbunit.database.statement.PreparedStatementFactory@626bc2b8, http://www.dbunit.org/features/caseSensitiveTableNames=false, http://www.dbunit.org/properties/fetchSize=100, http://www.dbunit.org/features/batchedStatements=false, http://www.dbunit.org/properties/metadataHandler=org.dbunit.database.DefaultMetadataHandler@62baffef, http://www.dbunit.org/properties/datatypeFactory=org.dbunit.dataset.datatype.DefaultDataTypeFactory[_toleratedDeltaMap=org.dbunit.dataset.datatype.ToleratedDeltaMap@6452310a], http://www.dbunit.org/properties/escapePattern=null, http://www.dbunit.org/properties/batchSize=100, http://www.dbunit.org/features/qualifiedTableNames=false, http://www.dbunit.org/properties/tableType=[Ljava.lang.String;@5011bafa, http://www.dbunit.org/properties/resultSetTableFactory=org.dbunit.database.CachedResultSetTableFactory@10bcf083, http://www.dbunit.org/features/datatypeWarning=true}], _dataSet=AbstractDataSet[_orderedTableNameMap=null]) - start
170821 [main] TRACE org.dbunit.database.DatabaseConfig  - getProperty(name=http://www.dbunit.org/properties/escapePattern) - start
170821 [main] DEBUG org.dbunit.util.QualifiedTableName  - getQualifiedName() - start
170821 [main] DEBUG org.dbunit.util.QualifiedTableName  - getQualifiedName(prefix=null, name=ID, escapePattern=null) - start
170821 [main] DEBUG org.dbunit.operation.AbstractOperation  - getQualifiedName(prefix=null, name=TIMESTAMP, connection=_databaseConfig=org.dbunit.database.DatabaseConfig[, _propertyMap={http://www.dbunit.org/properties/statementFactory=org.dbunit.database.statement.PreparedStatementFactory@626bc2b8, http://www.dbunit.org/features/caseSensitiveTableNames=false, http://www.dbunit.org/properties/fetchSize=100, http://www.dbunit.org/features/batchedStatements=false, http://www.dbunit.org/properties/metadataHandler=org.dbunit.database.DefaultMetadataHandler@62baffef, http://www.dbunit.org/properties/datatypeFactory=org.dbunit.dataset.datatype.DefaultDataTypeFactory[_toleratedDeltaMap=org.dbunit.dataset.datatype.ToleratedDeltaMap@6452310a], http://www.dbunit.org/properties/escapePattern=null, http://www.dbunit.org/properties/batchSize=100, http://www.dbunit.org/features/qualifiedTableNames=false, http://www.dbunit.org/properties/tableType=[Ljava.lang.String;@5011bafa, http://www.dbunit.org/properties/resultSetTableFactory=org.dbunit.database.CachedResultSetTableFactory@10bcf083, http://www.dbunit.org/features/datatypeWarning=true}], _dataSet=AbstractDataSet[_orderedTableNameMap=null]) - start
170821 [main] TRACE org.dbunit.database.DatabaseConfig  - getProperty(name=http://www.dbunit.org/properties/escapePattern) - start
170821 [main] DEBUG org.dbunit.util.QualifiedTableName  - getQualifiedName() - start
170821 [main] DEBUG org.dbunit.util.QualifiedTableName  - getQualifiedName(prefix=null, name=TIMESTAMP, escapePattern=null) - start
170821 [main] DEBUG org.dbunit.database.statement.PreparedStatementFactory  - createPreparedBatchStatement(sql=insert into REQUESTCONTEXT (PATH, ID, TIMESTAMP) values (?, ?, ?), connection=_databaseConfig=org.dbunit.database.DatabaseConfig[, _propertyMap={http://www.dbunit.org/properties/statementFactory=org.dbunit.database.statement.PreparedStatementFactory@626bc2b8, http://www.dbunit.org/features/caseSensitiveTableNames=false, http://www.dbunit.org/properties/fetchSize=100, http://www.dbunit.org/features/batchedStatements=false, http://www.dbunit.org/properties/metadataHandler=org.dbunit.database.DefaultMetadataHandler@62baffef, http://www.dbunit.org/properties/datatypeFactory=org.dbunit.dataset.datatype.DefaultDataTypeFactory[_toleratedDeltaMap=org.dbunit.dataset.datatype.ToleratedDeltaMap@6452310a], http://www.dbunit.org/properties/escapePattern=null, http://www.dbunit.org/properties/batchSize=100, http://www.dbunit.org/features/qualifiedTableNames=false, http://www.dbunit.org/properties/tableType=[Ljava.lang.String;@5011bafa, http://www.dbunit.org/properties/resultSetTableFactory=org.dbunit.database.CachedResultSetTableFactory@10bcf083, http://www.dbunit.org/features/datatypeWarning=true}], _dataSet=AbstractDataSet[_orderedTableNameMap=null]) - start
170821 [main] TRACE org.dbunit.database.DatabaseConfig  - getProperty(name=http://www.dbunit.org/properties/batchSize) - start
170821 [main] DEBUG org.dbunit.database.statement.AbstractStatementFactory  - supportBatchStatement(connection=_databaseConfig=org.dbunit.database.DatabaseConfig[, _propertyMap={http://www.dbunit.org/properties/statementFactory=org.dbunit.database.statement.PreparedStatementFactory@626bc2b8, http://www.dbunit.org/features/caseSensitiveTableNames=false, http://www.dbunit.org/properties/fetchSize=100, http://www.dbunit.org/features/batchedStatements=false, http://www.dbunit.org/properties/metadataHandler=org.dbunit.database.DefaultMetadataHandler@62baffef, http://www.dbunit.org/properties/datatypeFactory=org.dbunit.dataset.datatype.DefaultDataTypeFactory[_toleratedDeltaMap=org.dbunit.dataset.datatype.ToleratedDeltaMap@6452310a], http://www.dbunit.org/properties/escapePattern=null, http://www.dbunit.org/properties/batchSize=100, http://www.dbunit.org/features/qualifiedTableNames=false, http://www.dbunit.org/properties/tableType=[Ljava.lang.String;@5011bafa, http://www.dbunit.org/properties/resultSetTableFactory=org.dbunit.database.CachedResultSetTableFactory@10bcf083, http://www.dbunit.org/features/datatypeWarning=true}], _dataSet=AbstractDataSet[_orderedTableNameMap=null]) - start
170821 [main] TRACE org.dbunit.database.DatabaseConfig  - getFeature(name=http://www.dbunit.org/features/batchedStatements) - start
170821 [main] TRACE org.dbunit.database.DatabaseConfig  - getProperty(name=http://www.dbunit.org/features/batchedStatements) - start
170821 [main] DEBUG org.dbunit.database.DatabaseDataSourceConnection  - getConnection() - start
170822 [main] DEBUG org.dbunit.dataset.DefaultTable  - getValue(row=0, column=PATH) - start
170822 [main] DEBUG org.dbunit.dataset.AbstractTable  - assertValidRowIndex(row=0) - start
170822 [main] DEBUG org.dbunit.dataset.AbstractTable  - assertValidRowIndex(row=0, rowCount=1) - start
170822 [main] DEBUG org.dbunit.dataset.AbstractTable  - getColumnIndex(columnName=PATH) - start
170822 [main] DEBUG org.dbunit.dataset.AbstractTableMetaData  - getColumnIndex(columnName=PATH) - start
170822 [main] DEBUG org.dbunit.database.statement.AutomaticPreparedBatchStatement  - addValue(value=5, dataType=VARCHAR) - start
170822 [main] DEBUG org.dbunit.database.statement.SimplePreparedStatement  - addValue(value=5, dataType=VARCHAR) - start
170822 [main] DEBUG org.dbunit.dataset.datatype.StringDataType  - setSqlValue(value=5, column=1, statement=org.hsqldb.jdbc.JDBCPreparedStatement@1b4144a4[sql=[insert into REQUESTCONTEXT (PATH, ID, TIMESTAMP) values (?, ?, ?)], parameters=[[null], [null], [null]]]) - start
170822 [main] DEBUG org.dbunit.dataset.datatype.DataType  - asString(value=5) - start
170822 [main] DEBUG org.dbunit.dataset.datatype.StringDataType  - typeCast(value=5) - start
170822 [main] DEBUG org.dbunit.dataset.DefaultTable  - getValue(row=0, column=ID) - start
170822 [main] DEBUG org.dbunit.dataset.AbstractTable  - assertValidRowIndex(row=0) - start
170822 [main] DEBUG org.dbunit.dataset.AbstractTable  - assertValidRowIndex(row=0, rowCount=1) - start
170822 [main] DEBUG org.dbunit.dataset.AbstractTable  - getColumnIndex(columnName=ID) - start
170822 [main] DEBUG org.dbunit.dataset.AbstractTableMetaData  - getColumnIndex(columnName=ID) - start
170822 [main] DEBUG org.dbunit.database.statement.AutomaticPreparedBatchStatement  - addValue(value=1, dataType=INTEGER) - start
170822 [main] DEBUG org.dbunit.database.statement.SimplePreparedStatement  - addValue(value=1, dataType=INTEGER) - start
170822 [main] DEBUG org.dbunit.dataset.datatype.IntegerDataType  - setSqlValue(value=1, column=2, statement=org.hsqldb.jdbc.JDBCPreparedStatement@1b4144a4[sql=[insert into REQUESTCONTEXT (PATH, ID, TIMESTAMP) values (?, ?, ?)], parameters=[[5], [null], [null]]]) - start
170822 [main] DEBUG org.dbunit.dataset.datatype.IntegerDataType  - typeCast(value=1) - start
170822 [main] DEBUG org.dbunit.dataset.DefaultTable  - getValue(row=0, column=TIMESTAMP) - start
170822 [main] DEBUG org.dbunit.dataset.AbstractTable  - assertValidRowIndex(row=0) - start
170823 [main] DEBUG org.dbunit.dataset.AbstractTable  - assertValidRowIndex(row=0, rowCount=1) - start
170823 [main] DEBUG org.dbunit.dataset.AbstractTable  - getColumnIndex(columnName=TIMESTAMP) - start
170823 [main] DEBUG org.dbunit.dataset.AbstractTableMetaData  - getColumnIndex(columnName=TIMESTAMP) - start
170823 [main] DEBUG org.dbunit.database.statement.AutomaticPreparedBatchStatement  - addValue(value=2014-02-26 12:43:51.814, dataType=TIMESTAMP) - start
170823 [main] DEBUG org.dbunit.database.statement.SimplePreparedStatement  - addValue(value=2014-02-26 12:43:51.814, dataType=TIMESTAMP) - start
170823 [main] DEBUG org.dbunit.dataset.datatype.TimestampDataType  - setSqlValue(value=2014-02-26 12:43:51.814, column=3, statement=org.hsqldb.jdbc.JDBCPreparedStatement@1b4144a4[sql=[insert into REQUESTCONTEXT (PATH, ID, TIMESTAMP) values (?, ?, ?)], parameters=[[5], [1], [null]]]) - start
170823 [main] DEBUG org.dbunit.dataset.datatype.TimestampDataType  - typeCast(value=2014-02-26 12:43:51.814) - start
170823 [main] DEBUG org.dbunit.database.statement.AutomaticPreparedBatchStatement  - addBatch() - start
170823 [main] DEBUG org.dbunit.database.statement.SimplePreparedStatement  - addBatch() - start
170823 [main] DEBUG org.dbunit.operation.InsertOperation  - equalsIgnoreMapping(ignoreMapping={}, table=org.dbunit.dataset.DefaultTable[_metaData=tableName=RequestContext, columns=[(path, UNKNOWN, nullableUnknown), (id, UNKNOWN, nullableUnknown), (timeStamp, UNKNOWN, nullableUnknown)], keys=[], _rowList.size()=1], row=1) - start
170823 [main] DEBUG org.dbunit.dataset.DefaultTable  - getValue(row=1, column=path) - start
170823 [main] DEBUG org.dbunit.dataset.AbstractTable  - assertValidRowIndex(row=1) - start
170823 [main] DEBUG org.dbunit.dataset.AbstractTable  - assertValidRowIndex(row=1, rowCount=1) - start
170823 [main] DEBUG org.dbunit.database.statement.AutomaticPreparedBatchStatement  - executeBatch() - start
170823 [main] DEBUG org.dbunit.database.statement.SimplePreparedStatement  - executeBatch() - start
170823 [main] DEBUG org.dbunit.database.statement.SimplePreparedStatement  - clearBatch() - start
170823 [main] DEBUG org.dbunit.database.statement.AutomaticPreparedBatchStatement  - clearBatch() - start
170823 [main] DEBUG org.dbunit.database.statement.SimplePreparedStatement  - clearBatch() - start
170823 [main] DEBUG org.dbunit.database.statement.AutomaticPreparedBatchStatement  - close() - start
170823 [main] DEBUG org.dbunit.database.statement.AbstractPreparedBatchStatement  - close() - start
170823 [main] DEBUG org.dbunit.dataset.filter.SequenceTableIterator  - next() - start
170824 [main] DEBUG org.dbunit.dataset.filter.SequenceTableIterator  - getTable() - start
170824 [main] DEBUG org.dbunit.dataset.AbstractDataSet  - getTable(tableName=Scope) - start
170824 [main] DEBUG org.dbunit.dataset.AbstractDataSet  - initialize() - start
170824 [main] DEBUG org.dbunit.dataset.AbstractDataSet  - The table name map has already been initialized.
170824 [main] DEBUG org.dbunit.dataset.OrderedTableNameMap  - getTableName(tableName=Scope) - start
170824 [main] DEBUG org.dbunit.dataset.OrderedTableNameMap  - getTableName(tableName=Scope) - end - result=SCOPE
170824 [main] TRACE org.dbunit.operation.AbstractBatchOperation  - execute: processing table='Scope'
170824 [main] DEBUG org.dbunit.operation.AbstractBatchOperation  - isEmpty(table=org.dbunit.dataset.DefaultTable[_metaData=tableName=Scope, columns=[(name, UNKNOWN, nullableUnknown), (description, UNKNOWN, nullableUnknown), (id, UNKNOWN, nullableUnknown), (timeStamp, UNKNOWN, nullableUnknown)], keys=[], _rowList.size()=1]) - start
170824 [main] DEBUG org.dbunit.dataset.DefaultTable  - getValue(row=0, column=name) - start
170824 [main] DEBUG org.dbunit.dataset.AbstractTable  - assertValidRowIndex(row=0) - start
170824 [main] DEBUG org.dbunit.dataset.AbstractTable  - assertValidRowIndex(row=0, rowCount=1) - start
170824 [main] DEBUG org.dbunit.dataset.AbstractTable  - getColumnIndex(columnName=name) - start
170824 [main] DEBUG org.dbunit.dataset.AbstractTableMetaData  - getColumnIndex(columnName=name) - start
170824 [main] DEBUG org.dbunit.operation.AbstractOperation  - getOperationMetaData(connection=_databaseConfig=org.dbunit.database.DatabaseConfig[, _propertyMap={http://www.dbunit.org/properties/statementFactory=org.dbunit.database.statement.PreparedStatementFactory@626bc2b8, http://www.dbunit.org/features/caseSensitiveTableNames=false, http://www.dbunit.org/properties/fetchSize=100, http://www.dbunit.org/features/batchedStatements=false, http://www.dbunit.org/properties/metadataHandler=org.dbunit.database.DefaultMetadataHandler@62baffef, http://www.dbunit.org/properties/datatypeFactory=org.dbunit.dataset.datatype.DefaultDataTypeFactory[_toleratedDeltaMap=org.dbunit.dataset.datatype.ToleratedDeltaMap@6452310a], http://www.dbunit.org/properties/escapePattern=null, http://www.dbunit.org/properties/batchSize=100, http://www.dbunit.org/features/qualifiedTableNames=false, http://www.dbunit.org/properties/tableType=[Ljava.lang.String;@5011bafa, http://www.dbunit.org/properties/resultSetTableFactory=org.dbunit.database.CachedResultSetTableFactory@10bcf083, http://www.dbunit.org/features/datatypeWarning=true}], _dataSet=AbstractDataSet[_orderedTableNameMap=null], metaData=tableName=Scope, columns=[(name, UNKNOWN, nullableUnknown), (description, UNKNOWN, nullableUnknown), (id, UNKNOWN, nullableUnknown), (timeStamp, UNKNOWN, nullableUnknown)], keys=[]) - start
170824 [main] DEBUG org.dbunit.database.AbstractDatabaseConnection  - createDataSet() - start
170824 [main] DEBUG org.dbunit.database.DatabaseDataSet  - getTableMetaData(tableName=Scope) - start
170824 [main] DEBUG org.dbunit.database.DatabaseDataSet  - initialize() - start
170824 [main] DEBUG org.dbunit.dataset.OrderedTableNameMap  - getTableName(tableName=Scope) - start
170824 [main] DEBUG org.dbunit.dataset.OrderedTableNameMap  - getTableName(tableName=Scope) - end - result=SCOPE
170824 [main] DEBUG org.dbunit.dataset.OrderedTableNameMap  - getTableName(tableName=Scope) - start
170824 [main] DEBUG org.dbunit.dataset.OrderedTableNameMap  - getTableName(tableName=Scope) - end - result=SCOPE
170824 [main] DEBUG org.dbunit.dataset.AbstractTableMetaData  - getColumnIndex(columnName=name) - start
170824 [main] DEBUG org.dbunit.database.DatabaseTableMetaData  - getColumns() - start
170824 [main] DEBUG org.dbunit.database.DatabaseTableMetaData  - getColumns() - start
170824 [main] DEBUG org.dbunit.dataset.AbstractTableMetaData  - getColumnIndex(columnName=description) - start
170824 [main] DEBUG org.dbunit.database.DatabaseTableMetaData  - getColumns() - start
170824 [main] DEBUG org.dbunit.dataset.AbstractTableMetaData  - getColumnIndex(columnName=id) - start
170824 [main] DEBUG org.dbunit.database.DatabaseTableMetaData  - getColumns() - start
170825 [main] DEBUG org.dbunit.dataset.AbstractTableMetaData  - getColumnIndex(columnName=timeStamp) - start
170825 [main] DEBUG org.dbunit.database.DatabaseTableMetaData  - getColumns() - start
170825 [main] DEBUG org.dbunit.database.DatabaseTableMetaData  - getPrimaryKeys() - start
170825 [main] TRACE org.dbunit.database.DatabaseConfig  - getProperty(name=http://www.dbunit.org/properties/primaryKeyFilter) - start
170825 [main] DEBUG org.dbunit.operation.InsertOperation  - getIgnoreMapping(table=org.dbunit.dataset.DefaultTable[_metaData=tableName=Scope, columns=[(name, UNKNOWN, nullableUnknown), (description, UNKNOWN, nullableUnknown), (id, UNKNOWN, nullableUnknown), (timeStamp, UNKNOWN, nullableUnknown)], keys=[], _rowList.size()=1], row=0) - start
170825 [main] DEBUG org.dbunit.dataset.DefaultTable  - getValue(row=0, column=name) - start
170825 [main] DEBUG org.dbunit.dataset.AbstractTable  - assertValidRowIndex(row=0) - start
170825 [main] DEBUG org.dbunit.dataset.AbstractTable  - assertValidRowIndex(row=0, rowCount=1) - start
170825 [main] DEBUG org.dbunit.dataset.AbstractTable  - getColumnIndex(columnName=name) - start
170825 [main] DEBUG org.dbunit.dataset.AbstractTableMetaData  - getColumnIndex(columnName=name) - start
170825 [main] DEBUG org.dbunit.dataset.DefaultTable  - getValue(row=0, column=description) - start
170825 [main] DEBUG org.dbunit.dataset.AbstractTable  - assertValidRowIndex(row=0) - start
170825 [main] DEBUG org.dbunit.dataset.AbstractTable  - assertValidRowIndex(row=0, rowCount=1) - start
170825 [main] DEBUG org.dbunit.dataset.AbstractTable  - getColumnIndex(columnName=description) - start
170825 [main] DEBUG org.dbunit.dataset.AbstractTableMetaData  - getColumnIndex(columnName=description) - start
170825 [main] DEBUG org.dbunit.dataset.DefaultTable  - getValue(row=0, column=id) - start
170825 [main] DEBUG org.dbunit.dataset.AbstractTable  - assertValidRowIndex(row=0) - start
170825 [main] DEBUG org.dbunit.dataset.AbstractTable  - assertValidRowIndex(row=0, rowCount=1) - start
170825 [main] DEBUG org.dbunit.dataset.AbstractTable  - getColumnIndex(columnName=id) - start
170825 [main] DEBUG org.dbunit.dataset.AbstractTableMetaData  - getColumnIndex(columnName=id) - start
170825 [main] DEBUG org.dbunit.dataset.DefaultTable  - getValue(row=0, column=timeStamp) - start
170825 [main] DEBUG org.dbunit.dataset.AbstractTable  - assertValidRowIndex(row=0) - start
170825 [main] DEBUG org.dbunit.dataset.AbstractTable  - assertValidRowIndex(row=0, rowCount=1) - start
170825 [main] DEBUG org.dbunit.dataset.AbstractTable  - getColumnIndex(columnName=timeStamp) - start
170825 [main] DEBUG org.dbunit.dataset.AbstractTableMetaData  - getColumnIndex(columnName=timeStamp) - start
170826 [main] DEBUG org.dbunit.operation.InsertOperation  - getOperationData(metaData=tableName=SCOPE, columns=[(NAME, VARCHAR, noNulls), (DESCRIPTION, VARCHAR, nullable), (ID, INTEGER, noNulls), (TIMESTAMP, TIMESTAMP, nullable)], keys=[(ID, INTEGER, noNulls)], ignoreMapping={}, connection=_databaseConfig=org.dbunit.database.DatabaseConfig[, _propertyMap={http://www.dbunit.org/properties/statementFactory=org.dbunit.database.statement.PreparedStatementFactory@626bc2b8, http://www.dbunit.org/features/caseSensitiveTableNames=false, http://www.dbunit.org/properties/fetchSize=100, http://www.dbunit.org/features/batchedStatements=false, http://www.dbunit.org/properties/metadataHandler=org.dbunit.database.DefaultMetadataHandler@62baffef, http://www.dbunit.org/properties/datatypeFactory=org.dbunit.dataset.datatype.DefaultDataTypeFactory[_toleratedDeltaMap=org.dbunit.dataset.datatype.ToleratedDeltaMap@6452310a], http://www.dbunit.org/properties/escapePattern=null, http://www.dbunit.org/properties/batchSize=100, http://www.dbunit.org/features/qualifiedTableNames=false, http://www.dbunit.org/properties/tableType=[Ljava.lang.String;@5011bafa, http://www.dbunit.org/properties/resultSetTableFactory=org.dbunit.database.CachedResultSetTableFactory@10bcf083, http://www.dbunit.org/features/datatypeWarning=true}], _dataSet=AbstractDataSet[_orderedTableNameMap=null]) - start
170826 [main] DEBUG org.dbunit.operation.AbstractOperation  - getQualifiedName(prefix=null, name=SCOPE, connection=_databaseConfig=org.dbunit.database.DatabaseConfig[, _propertyMap={http://www.dbunit.org/properties/statementFactory=org.dbunit.database.statement.PreparedStatementFactory@626bc2b8, http://www.dbunit.org/features/caseSensitiveTableNames=false, http://www.dbunit.org/properties/fetchSize=100, http://www.dbunit.org/features/batchedStatements=false, http://www.dbunit.org/properties/metadataHandler=org.dbunit.database.DefaultMetadataHandler@62baffef, http://www.dbunit.org/properties/datatypeFactory=org.dbunit.dataset.datatype.DefaultDataTypeFactory[_toleratedDeltaMap=org.dbunit.dataset.datatype.ToleratedDeltaMap@6452310a], http://www.dbunit.org/properties/escapePattern=null, http://www.dbunit.org/properties/batchSize=100, http://www.dbunit.org/features/qualifiedTableNames=false, http://www.dbunit.org/properties/tableType=[Ljava.lang.String;@5011bafa, http://www.dbunit.org/properties/resultSetTableFactory=org.dbunit.database.CachedResultSetTableFactory@10bcf083, http://www.dbunit.org/features/datatypeWarning=true}], _dataSet=AbstractDataSet[_orderedTableNameMap=null]) - start
170826 [main] TRACE org.dbunit.database.DatabaseConfig  - getProperty(name=http://www.dbunit.org/properties/escapePattern) - start
170826 [main] DEBUG org.dbunit.util.QualifiedTableName  - getQualifiedName() - start
170826 [main] DEBUG org.dbunit.util.QualifiedTableName  - getQualifiedName(prefix=null, name=SCOPE, escapePattern=null) - start
170826 [main] DEBUG org.dbunit.operation.AbstractOperation  - getQualifiedName(prefix=null, name=NAME, connection=_databaseConfig=org.dbunit.database.DatabaseConfig[, _propertyMap={http://www.dbunit.org/properties/statementFactory=org.dbunit.database.statement.PreparedStatementFactory@626bc2b8, http://www.dbunit.org/features/caseSensitiveTableNames=false, http://www.dbunit.org/properties/fetchSize=100, http://www.dbunit.org/features/batchedStatements=false, http://www.dbunit.org/properties/metadataHandler=org.dbunit.database.DefaultMetadataHandler@62baffef, http://www.dbunit.org/properties/datatypeFactory=org.dbunit.dataset.datatype.DefaultDataTypeFactory[_toleratedDeltaMap=org.dbunit.dataset.datatype.ToleratedDeltaMap@6452310a], http://www.dbunit.org/properties/escapePattern=null, http://www.dbunit.org/properties/batchSize=100, http://www.dbunit.org/features/qualifiedTableNames=false, http://www.dbunit.org/properties/tableType=[Ljava.lang.String;@5011bafa, http://www.dbunit.org/properties/resultSetTableFactory=org.dbunit.database.CachedResultSetTableFactory@10bcf083, http://www.dbunit.org/features/datatypeWarning=true}], _dataSet=AbstractDataSet[_orderedTableNameMap=null]) - start
170826 [main] TRACE org.dbunit.database.DatabaseConfig  - getProperty(name=http://www.dbunit.org/properties/escapePattern) - start
170826 [main] DEBUG org.dbunit.util.QualifiedTableName  - getQualifiedName() - start
170826 [main] DEBUG org.dbunit.util.QualifiedTableName  - getQualifiedName(prefix=null, name=NAME, escapePattern=null) - start
170826 [main] DEBUG org.dbunit.operation.AbstractOperation  - getQualifiedName(prefix=null, name=DESCRIPTION, connection=_databaseConfig=org.dbunit.database.DatabaseConfig[, _propertyMap={http://www.dbunit.org/properties/statementFactory=org.dbunit.database.statement.PreparedStatementFactory@626bc2b8, http://www.dbunit.org/features/caseSensitiveTableNames=false, http://www.dbunit.org/properties/fetchSize=100, http://www.dbunit.org/features/batchedStatements=false, http://www.dbunit.org/properties/metadataHandler=org.dbunit.database.DefaultMetadataHandler@62baffef, http://www.dbunit.org/properties/datatypeFactory=org.dbunit.dataset.datatype.DefaultDataTypeFactory[_toleratedDeltaMap=org.dbunit.dataset.datatype.ToleratedDeltaMap@6452310a], http://www.dbunit.org/properties/escapePattern=null, http://www.dbunit.org/properties/batchSize=100, http://www.dbunit.org/features/qualifiedTableNames=false, http://www.dbunit.org/properties/tableType=[Ljava.lang.String;@5011bafa, http://www.dbunit.org/properties/resultSetTableFactory=org.dbunit.database.CachedResultSetTableFactory@10bcf083, http://www.dbunit.org/features/datatypeWarning=true}], _dataSet=AbstractDataSet[_orderedTableNameMap=null]) - start
170826 [main] TRACE org.dbunit.database.DatabaseConfig  - getProperty(name=http://www.dbunit.org/properties/escapePattern) - start
170826 [main] DEBUG org.dbunit.util.QualifiedTableName  - getQualifiedName() - start
170826 [main] DEBUG org.dbunit.util.QualifiedTableName  - getQualifiedName(prefix=null, name=DESCRIPTION, escapePattern=null) - start
170826 [main] DEBUG org.dbunit.operation.AbstractOperation  - getQualifiedName(prefix=null, name=ID, connection=_databaseConfig=org.dbunit.database.DatabaseConfig[, _propertyMap={http://www.dbunit.org/properties/statementFactory=org.dbunit.database.statement.PreparedStatementFactory@626bc2b8, http://www.dbunit.org/features/caseSensitiveTableNames=false, http://www.dbunit.org/properties/fetchSize=100, http://www.dbunit.org/features/batchedStatements=false, http://www.dbunit.org/properties/metadataHandler=org.dbunit.database.DefaultMetadataHandler@62baffef, http://www.dbunit.org/properties/datatypeFactory=org.dbunit.dataset.datatype.DefaultDataTypeFactory[_toleratedDeltaMap=org.dbunit.dataset.datatype.ToleratedDeltaMap@6452310a], http://www.dbunit.org/properties/escapePattern=null, http://www.dbunit.org/properties/batchSize=100, http://www.dbunit.org/features/qualifiedTableNames=false, http://www.dbunit.org/properties/tableType=[Ljava.lang.String;@5011bafa, http://www.dbunit.org/properties/resultSetTableFactory=org.dbunit.database.CachedResultSetTableFactory@10bcf083, http://www.dbunit.org/features/datatypeWarning=true}], _dataSet=AbstractDataSet[_orderedTableNameMap=null]) - start
170826 [main] TRACE org.dbunit.database.DatabaseConfig  - getProperty(name=http://www.dbunit.org/properties/escapePattern) - start
170826 [main] DEBUG org.dbunit.util.QualifiedTableName  - getQualifiedName() - start
170826 [main] DEBUG org.dbunit.util.QualifiedTableName  - getQualifiedName(prefix=null, name=ID, escapePattern=null) - start
170826 [main] DEBUG org.dbunit.operation.AbstractOperation  - getQualifiedName(prefix=null, name=TIMESTAMP, connection=_databaseConfig=org.dbunit.database.DatabaseConfig[, _propertyMap={http://www.dbunit.org/properties/statementFactory=org.dbunit.database.statement.PreparedStatementFactory@626bc2b8, http://www.dbunit.org/features/caseSensitiveTableNames=false, http://www.dbunit.org/properties/fetchSize=100, http://www.dbunit.org/features/batchedStatements=false, http://www.dbunit.org/properties/metadataHandler=org.dbunit.database.DefaultMetadataHandler@62baffef, http://www.dbunit.org/properties/datatypeFactory=org.dbunit.dataset.datatype.DefaultDataTypeFactory[_toleratedDeltaMap=org.dbunit.dataset.datatype.ToleratedDeltaMap@6452310a], http://www.dbunit.org/properties/escapePattern=null, http://www.dbunit.org/properties/batchSize=100, http://www.dbunit.org/features/qualifiedTableNames=false, http://www.dbunit.org/properties/tableType=[Ljava.lang.String;@5011bafa, http://www.dbunit.org/properties/resultSetTableFactory=org.dbunit.database.CachedResultSetTableFactory@10bcf083, http://www.dbunit.org/features/datatypeWarning=true}], _dataSet=AbstractDataSet[_orderedTableNameMap=null]) - start
170826 [main] TRACE org.dbunit.database.DatabaseConfig  - getProperty(name=http://www.dbunit.org/properties/escapePattern) - start
170826 [main] DEBUG org.dbunit.util.QualifiedTableName  - getQualifiedName() - start
170827 [main] DEBUG org.dbunit.util.QualifiedTableName  - getQualifiedName(prefix=null, name=TIMESTAMP, escapePattern=null) - start
170827 [main] DEBUG org.dbunit.database.statement.PreparedStatementFactory  - createPreparedBatchStatement(sql=insert into SCOPE (NAME, DESCRIPTION, ID, TIMESTAMP) values (?, ?, ?, ?), connection=_databaseConfig=org.dbunit.database.DatabaseConfig[, _propertyMap={http://www.dbunit.org/properties/statementFactory=org.dbunit.database.statement.PreparedStatementFactory@626bc2b8, http://www.dbunit.org/features/caseSensitiveTableNames=false, http://www.dbunit.org/properties/fetchSize=100, http://www.dbunit.org/features/batchedStatements=false, http://www.dbunit.org/properties/metadataHandler=org.dbunit.database.DefaultMetadataHandler@62baffef, http://www.dbunit.org/properties/datatypeFactory=org.dbunit.dataset.datatype.DefaultDataTypeFactory[_toleratedDeltaMap=org.dbunit.dataset.datatype.ToleratedDeltaMap@6452310a], http://www.dbunit.org/properties/escapePattern=null, http://www.dbunit.org/properties/batchSize=100, http://www.dbunit.org/features/qualifiedTableNames=false, http://www.dbunit.org/properties/tableType=[Ljava.lang.String;@5011bafa, http://www.dbunit.org/properties/resultSetTableFactory=org.dbunit.database.CachedResultSetTableFactory@10bcf083, http://www.dbunit.org/features/datatypeWarning=true}], _dataSet=AbstractDataSet[_orderedTableNameMap=null]) - start
170827 [main] TRACE org.dbunit.database.DatabaseConfig  - getProperty(name=http://www.dbunit.org/properties/batchSize) - start
170827 [main] DEBUG org.dbunit.database.statement.AbstractStatementFactory  - supportBatchStatement(connection=_databaseConfig=org.dbunit.database.DatabaseConfig[, _propertyMap={http://www.dbunit.org/properties/statementFactory=org.dbunit.database.statement.PreparedStatementFactory@626bc2b8, http://www.dbunit.org/features/caseSensitiveTableNames=false, http://www.dbunit.org/properties/fetchSize=100, http://www.dbunit.org/features/batchedStatements=false, http://www.dbunit.org/properties/metadataHandler=org.dbunit.database.DefaultMetadataHandler@62baffef, http://www.dbunit.org/properties/datatypeFactory=org.dbunit.dataset.datatype.DefaultDataTypeFactory[_toleratedDeltaMap=org.dbunit.dataset.datatype.ToleratedDeltaMap@6452310a], http://www.dbunit.org/properties/escapePattern=null, http://www.dbunit.org/properties/batchSize=100, http://www.dbunit.org/features/qualifiedTableNames=false, http://www.dbunit.org/properties/tableType=[Ljava.lang.String;@5011bafa, http://www.dbunit.org/properties/resultSetTableFactory=org.dbunit.database.CachedResultSetTableFactory@10bcf083, http://www.dbunit.org/features/datatypeWarning=true}], _dataSet=AbstractDataSet[_orderedTableNameMap=null]) - start
170827 [main] TRACE org.dbunit.database.DatabaseConfig  - getFeature(name=http://www.dbunit.org/features/batchedStatements) - start
170827 [main] TRACE org.dbunit.database.DatabaseConfig  - getProperty(name=http://www.dbunit.org/features/batchedStatements) - start
170827 [main] DEBUG org.dbunit.database.DatabaseDataSourceConnection  - getConnection() - start
170827 [main] DEBUG org.dbunit.dataset.DefaultTable  - getValue(row=0, column=NAME) - start
170827 [main] DEBUG org.dbunit.dataset.AbstractTable  - assertValidRowIndex(row=0) - start
170827 [main] DEBUG org.dbunit.dataset.AbstractTable  - assertValidRowIndex(row=0, rowCount=1) - start
170827 [main] DEBUG org.dbunit.dataset.AbstractTable  - getColumnIndex(columnName=NAME) - start
170827 [main] DEBUG org.dbunit.dataset.AbstractTableMetaData  - getColumnIndex(columnName=NAME) - start
170827 [main] DEBUG org.dbunit.database.statement.AutomaticPreparedBatchStatement  - addValue(value=11, dataType=VARCHAR) - start
170827 [main] DEBUG org.dbunit.database.statement.SimplePreparedStatement  - addValue(value=11, dataType=VARCHAR) - start
170827 [main] DEBUG org.dbunit.dataset.datatype.StringDataType  - setSqlValue(value=11, column=1, statement=org.hsqldb.jdbc.JDBCPreparedStatement@5a0178f6[sql=[insert into SCOPE (NAME, DESCRIPTION, ID, TIMESTAMP) values (?, ?, ?, ?)], parameters=[[null], [null], [null], [null]]]) - start
170827 [main] DEBUG org.dbunit.dataset.datatype.DataType  - asString(value=11) - start
170827 [main] DEBUG org.dbunit.dataset.datatype.StringDataType  - typeCast(value=11) - start
170828 [main] DEBUG org.dbunit.dataset.DefaultTable  - getValue(row=0, column=DESCRIPTION) - start
170828 [main] DEBUG org.dbunit.dataset.AbstractTable  - assertValidRowIndex(row=0) - start
170828 [main] DEBUG org.dbunit.dataset.AbstractTable  - assertValidRowIndex(row=0, rowCount=1) - start
170828 [main] DEBUG org.dbunit.dataset.AbstractTable  - getColumnIndex(columnName=DESCRIPTION) - start
170828 [main] DEBUG org.dbunit.dataset.AbstractTableMetaData  - getColumnIndex(columnName=DESCRIPTION) - start
170828 [main] DEBUG org.dbunit.database.statement.AutomaticPreparedBatchStatement  - addValue(value=12, dataType=VARCHAR) - start
170828 [main] DEBUG org.dbunit.database.statement.SimplePreparedStatement  - addValue(value=12, dataType=VARCHAR) - start
170828 [main] DEBUG org.dbunit.dataset.datatype.StringDataType  - setSqlValue(value=12, column=2, statement=org.hsqldb.jdbc.JDBCPreparedStatement@5a0178f6[sql=[insert into SCOPE (NAME, DESCRIPTION, ID, TIMESTAMP) values (?, ?, ?, ?)], parameters=[[11], [null], [null], [null]]]) - start
170828 [main] DEBUG org.dbunit.dataset.datatype.DataType  - asString(value=12) - start
170828 [main] DEBUG org.dbunit.dataset.datatype.StringDataType  - typeCast(value=12) - start
170828 [main] DEBUG org.dbunit.dataset.DefaultTable  - getValue(row=0, column=ID) - start
170828 [main] DEBUG org.dbunit.dataset.AbstractTable  - assertValidRowIndex(row=0) - start
170828 [main] DEBUG org.dbunit.dataset.AbstractTable  - assertValidRowIndex(row=0, rowCount=1) - start
170828 [main] DEBUG org.dbunit.dataset.AbstractTable  - getColumnIndex(columnName=ID) - start
170828 [main] DEBUG org.dbunit.dataset.AbstractTableMetaData  - getColumnIndex(columnName=ID) - start
170828 [main] DEBUG org.dbunit.database.statement.AutomaticPreparedBatchStatement  - addValue(value=1, dataType=INTEGER) - start
170828 [main] DEBUG org.dbunit.database.statement.SimplePreparedStatement  - addValue(value=1, dataType=INTEGER) - start
170828 [main] DEBUG org.dbunit.dataset.datatype.IntegerDataType  - setSqlValue(value=1, column=3, statement=org.hsqldb.jdbc.JDBCPreparedStatement@5a0178f6[sql=[insert into SCOPE (NAME, DESCRIPTION, ID, TIMESTAMP) values (?, ?, ?, ?)], parameters=[[11], [12], [null], [null]]]) - start
170828 [main] DEBUG org.dbunit.dataset.datatype.IntegerDataType  - typeCast(value=1) - start
170828 [main] DEBUG org.dbunit.dataset.DefaultTable  - getValue(row=0, column=TIMESTAMP) - start
170828 [main] DEBUG org.dbunit.dataset.AbstractTable  - assertValidRowIndex(row=0) - start
170828 [main] DEBUG org.dbunit.dataset.AbstractTable  - assertValidRowIndex(row=0, rowCount=1) - start
170828 [main] DEBUG org.dbunit.dataset.AbstractTable  - getColumnIndex(columnName=TIMESTAMP) - start
170828 [main] DEBUG org.dbunit.dataset.AbstractTableMetaData  - getColumnIndex(columnName=TIMESTAMP) - start
170828 [main] DEBUG org.dbunit.database.statement.AutomaticPreparedBatchStatement  - addValue(value=2014-02-26 12:43:51.817, dataType=TIMESTAMP) - start
170828 [main] DEBUG org.dbunit.database.statement.SimplePreparedStatement  - addValue(value=2014-02-26 12:43:51.817, dataType=TIMESTAMP) - start
170828 [main] DEBUG org.dbunit.dataset.datatype.TimestampDataType  - setSqlValue(value=2014-02-26 12:43:51.817, column=4, statement=org.hsqldb.jdbc.JDBCPreparedStatement@5a0178f6[sql=[insert into SCOPE (NAME, DESCRIPTION, ID, TIMESTAMP) values (?, ?, ?, ?)], parameters=[[11], [12], [1], [null]]]) - start
170829 [main] DEBUG org.dbunit.dataset.datatype.TimestampDataType  - typeCast(value=2014-02-26 12:43:51.817) - start
170829 [main] DEBUG org.dbunit.database.statement.AutomaticPreparedBatchStatement  - addBatch() - start
170829 [main] DEBUG org.dbunit.database.statement.SimplePreparedStatement  - addBatch() - start
170829 [main] DEBUG org.dbunit.operation.InsertOperation  - equalsIgnoreMapping(ignoreMapping={}, table=org.dbunit.dataset.DefaultTable[_metaData=tableName=Scope, columns=[(name, UNKNOWN, nullableUnknown), (description, UNKNOWN, nullableUnknown), (id, UNKNOWN, nullableUnknown), (timeStamp, UNKNOWN, nullableUnknown)], keys=[], _rowList.size()=1], row=1) - start
170829 [main] DEBUG org.dbunit.dataset.DefaultTable  - getValue(row=1, column=name) - start
170829 [main] DEBUG org.dbunit.dataset.AbstractTable  - assertValidRowIndex(row=1) - start
170829 [main] DEBUG org.dbunit.dataset.AbstractTable  - assertValidRowIndex(row=1, rowCount=1) - start
170829 [main] DEBUG org.dbunit.database.statement.AutomaticPreparedBatchStatement  - executeBatch() - start
170829 [main] DEBUG org.dbunit.database.statement.SimplePreparedStatement  - executeBatch() - start
170829 [main] DEBUG org.dbunit.database.statement.SimplePreparedStatement  - clearBatch() - start
170829 [main] DEBUG org.dbunit.database.statement.AutomaticPreparedBatchStatement  - clearBatch() - start
170829 [main] DEBUG org.dbunit.database.statement.SimplePreparedStatement  - clearBatch() - start
170829 [main] DEBUG org.dbunit.database.statement.AutomaticPreparedBatchStatement  - close() - start
170829 [main] DEBUG org.dbunit.database.statement.AbstractPreparedBatchStatement  - close() - start
170829 [main] DEBUG org.dbunit.dataset.filter.SequenceTableIterator  - next() - start
170829 [main] DEBUG org.dbunit.dataset.filter.SequenceTableIterator  - getTable() - start
170829 [main] DEBUG org.dbunit.dataset.AbstractDataSet  - getTable(tableName=ScopedContent) - start
170829 [main] DEBUG org.dbunit.dataset.AbstractDataSet  - initialize() - start
170829 [main] DEBUG org.dbunit.dataset.AbstractDataSet  - The table name map has already been initialized.
170829 [main] DEBUG org.dbunit.dataset.OrderedTableNameMap  - getTableName(tableName=ScopedContent) - start
170829 [main] DEBUG org.dbunit.dataset.OrderedTableNameMap  - getTableName(tableName=ScopedContent) - end - result=SCOPEDCONTENT
170830 [main] TRACE org.dbunit.operation.AbstractBatchOperation  - execute: processing table='ScopedContent'
170830 [main] DEBUG org.dbunit.operation.AbstractBatchOperation  - isEmpty(table=org.dbunit.dataset.DefaultTable[_metaData=tableName=ScopedContent, columns=[(name, UNKNOWN, nullableUnknown), (description, UNKNOWN, nullableUnknown), (scope, UNKNOWN, nullableUnknown), (id, UNKNOWN, nullableUnknown), (timeStamp, UNKNOWN, nullableUnknown)], keys=[], _rowList.size()=1]) - start
170830 [main] DEBUG org.dbunit.dataset.DefaultTable  - getValue(row=0, column=name) - start
170830 [main] DEBUG org.dbunit.dataset.AbstractTable  - assertValidRowIndex(row=0) - start
170830 [main] DEBUG org.dbunit.dataset.AbstractTable  - assertValidRowIndex(row=0, rowCount=1) - start
170830 [main] DEBUG org.dbunit.dataset.AbstractTable  - getColumnIndex(columnName=name) - start
170830 [main] DEBUG org.dbunit.dataset.AbstractTableMetaData  - getColumnIndex(columnName=name) - start
170830 [main] DEBUG org.dbunit.operation.AbstractOperation  - getOperationMetaData(connection=_databaseConfig=org.dbunit.database.DatabaseConfig[, _propertyMap={http://www.dbunit.org/properties/statementFactory=org.dbunit.database.statement.PreparedStatementFactory@626bc2b8, http://www.dbunit.org/features/caseSensitiveTableNames=false, http://www.dbunit.org/properties/fetchSize=100, http://www.dbunit.org/features/batchedStatements=false, http://www.dbunit.org/properties/metadataHandler=org.dbunit.database.DefaultMetadataHandler@62baffef, http://www.dbunit.org/properties/datatypeFactory=org.dbunit.dataset.datatype.DefaultDataTypeFactory[_toleratedDeltaMap=org.dbunit.dataset.datatype.ToleratedDeltaMap@6452310a], http://www.dbunit.org/properties/escapePattern=null, http://www.dbunit.org/properties/batchSize=100, http://www.dbunit.org/features/qualifiedTableNames=false, http://www.dbunit.org/properties/tableType=[Ljava.lang.String;@5011bafa, http://www.dbunit.org/properties/resultSetTableFactory=org.dbunit.database.CachedResultSetTableFactory@10bcf083, http://www.dbunit.org/features/datatypeWarning=true}], _dataSet=AbstractDataSet[_orderedTableNameMap=null], metaData=tableName=ScopedContent, columns=[(name, UNKNOWN, nullableUnknown), (description, UNKNOWN, nullableUnknown), (scope, UNKNOWN, nullableUnknown), (id, UNKNOWN, nullableUnknown), (timeStamp, UNKNOWN, nullableUnknown)], keys=[]) - start
170830 [main] DEBUG org.dbunit.database.AbstractDatabaseConnection  - createDataSet() - start
170830 [main] DEBUG org.dbunit.database.DatabaseDataSet  - getTableMetaData(tableName=ScopedContent) - start
170830 [main] DEBUG org.dbunit.database.DatabaseDataSet  - initialize() - start
170830 [main] DEBUG org.dbunit.dataset.OrderedTableNameMap  - getTableName(tableName=ScopedContent) - start
170830 [main] DEBUG org.dbunit.dataset.OrderedTableNameMap  - getTableName(tableName=ScopedContent) - end - result=SCOPEDCONTENT
170830 [main] DEBUG org.dbunit.dataset.OrderedTableNameMap  - getTableName(tableName=ScopedContent) - start
170830 [main] DEBUG org.dbunit.dataset.OrderedTableNameMap  - getTableName(tableName=ScopedContent) - end - result=SCOPEDCONTENT
170830 [main] DEBUG org.dbunit.dataset.AbstractTableMetaData  - getColumnIndex(columnName=name) - start
170830 [main] DEBUG org.dbunit.database.DatabaseTableMetaData  - getColumns() - start
170830 [main] DEBUG org.dbunit.database.DatabaseTableMetaData  - getColumns() - start
170830 [main] DEBUG org.dbunit.dataset.AbstractTableMetaData  - getColumnIndex(columnName=description) - start
170830 [main] DEBUG org.dbunit.database.DatabaseTableMetaData  - getColumns() - start
170830 [main] DEBUG org.dbunit.dataset.AbstractTableMetaData  - getColumnIndex(columnName=scope) - start
170830 [main] DEBUG org.dbunit.database.DatabaseTableMetaData  - getColumns() - start
170830 [main] DEBUG org.dbunit.dataset.AbstractTableMetaData  - getColumnIndex(columnName=id) - start
170830 [main] DEBUG org.dbunit.database.DatabaseTableMetaData  - getColumns() - start
170830 [main] DEBUG org.dbunit.dataset.AbstractTableMetaData  - getColumnIndex(columnName=timeStamp) - start
170830 [main] DEBUG org.dbunit.database.DatabaseTableMetaData  - getColumns() - start
170831 [main] DEBUG org.dbunit.database.DatabaseTableMetaData  - getPrimaryKeys() - start
170831 [main] TRACE org.dbunit.database.DatabaseConfig  - getProperty(name=http://www.dbunit.org/properties/primaryKeyFilter) - start
170831 [main] DEBUG org.dbunit.operation.InsertOperation  - getIgnoreMapping(table=org.dbunit.dataset.DefaultTable[_metaData=tableName=ScopedContent, columns=[(name, UNKNOWN, nullableUnknown), (description, UNKNOWN, nullableUnknown), (scope, UNKNOWN, nullableUnknown), (id, UNKNOWN, nullableUnknown), (timeStamp, UNKNOWN, nullableUnknown)], keys=[], _rowList.size()=1], row=0) - start
170831 [main] DEBUG org.dbunit.dataset.DefaultTable  - getValue(row=0, column=name) - start
170831 [main] DEBUG org.dbunit.dataset.AbstractTable  - assertValidRowIndex(row=0) - start
170831 [main] DEBUG org.dbunit.dataset.AbstractTable  - assertValidRowIndex(row=0, rowCount=1) - start
170831 [main] DEBUG org.dbunit.dataset.AbstractTable  - getColumnIndex(columnName=name) - start
170831 [main] DEBUG org.dbunit.dataset.AbstractTableMetaData  - getColumnIndex(columnName=name) - start
170831 [main] DEBUG org.dbunit.dataset.DefaultTable  - getValue(row=0, column=description) - start
170831 [main] DEBUG org.dbunit.dataset.AbstractTable  - assertValidRowIndex(row=0) - start
170831 [main] DEBUG org.dbunit.dataset.AbstractTable  - assertValidRowIndex(row=0, rowCount=1) - start
170831 [main] DEBUG org.dbunit.dataset.AbstractTable  - getColumnIndex(columnName=description) - start
170831 [main] DEBUG org.dbunit.dataset.AbstractTableMetaData  - getColumnIndex(columnName=description) - start
170831 [main] DEBUG org.dbunit.dataset.DefaultTable  - getValue(row=0, column=scope) - start
170831 [main] DEBUG org.dbunit.dataset.AbstractTable  - assertValidRowIndex(row=0) - start
170831 [main] DEBUG org.dbunit.dataset.AbstractTable  - assertValidRowIndex(row=0, rowCount=1) - start
170831 [main] DEBUG org.dbunit.dataset.AbstractTable  - getColumnIndex(columnName=scope) - start
170831 [main] DEBUG org.dbunit.dataset.AbstractTableMetaData  - getColumnIndex(columnName=scope) - start
170831 [main] DEBUG org.dbunit.dataset.DefaultTable  - getValue(row=0, column=id) - start
170831 [main] DEBUG org.dbunit.dataset.AbstractTable  - assertValidRowIndex(row=0) - start
170831 [main] DEBUG org.dbunit.dataset.AbstractTable  - assertValidRowIndex(row=0, rowCount=1) - start
170831 [main] DEBUG org.dbunit.dataset.AbstractTable  - getColumnIndex(columnName=id) - start
170831 [main] DEBUG org.dbunit.dataset.AbstractTableMetaData  - getColumnIndex(columnName=id) - start
170831 [main] DEBUG org.dbunit.dataset.DefaultTable  - getValue(row=0, column=timeStamp) - start
170831 [main] DEBUG org.dbunit.dataset.AbstractTable  - assertValidRowIndex(row=0) - start
170831 [main] DEBUG org.dbunit.dataset.AbstractTable  - assertValidRowIndex(row=0, rowCount=1) - start
170831 [main] DEBUG org.dbunit.dataset.AbstractTable  - getColumnIndex(columnName=timeStamp) - start
170831 [main] DEBUG org.dbunit.dataset.AbstractTableMetaData  - getColumnIndex(columnName=timeStamp) - start
170832 [main] DEBUG org.dbunit.operation.InsertOperation  - getOperationData(metaData=tableName=SCOPEDCONTENT, columns=[(NAME, VARCHAR, noNulls), (DESCRIPTION, VARCHAR, nullable), (SCOPE, INTEGER, noNulls), (ID, INTEGER, noNulls), (TIMESTAMP, TIMESTAMP, nullable)], keys=[(ID, INTEGER, noNulls)], ignoreMapping={}, connection=_databaseConfig=org.dbunit.database.DatabaseConfig[, _propertyMap={http://www.dbunit.org/properties/statementFactory=org.dbunit.database.statement.PreparedStatementFactory@626bc2b8, http://www.dbunit.org/features/caseSensitiveTableNames=false, http://www.dbunit.org/properties/fetchSize=100, http://www.dbunit.org/features/batchedStatements=false, http://www.dbunit.org/properties/metadataHandler=org.dbunit.database.DefaultMetadataHandler@62baffef, http://www.dbunit.org/properties/datatypeFactory=org.dbunit.dataset.datatype.DefaultDataTypeFactory[_toleratedDeltaMap=org.dbunit.dataset.datatype.ToleratedDeltaMap@6452310a], http://www.dbunit.org/properties/escapePattern=null, http://www.dbunit.org/properties/batchSize=100, http://www.dbunit.org/features/qualifiedTableNames=false, http://www.dbunit.org/properties/tableType=[Ljava.lang.String;@5011bafa, http://www.dbunit.org/properties/resultSetTableFactory=org.dbunit.database.CachedResultSetTableFactory@10bcf083, http://www.dbunit.org/features/datatypeWarning=true}], _dataSet=AbstractDataSet[_orderedTableNameMap=null]) - start
170832 [main] DEBUG org.dbunit.operation.AbstractOperation  - getQualifiedName(prefix=null, name=SCOPEDCONTENT, connection=_databaseConfig=org.dbunit.database.DatabaseConfig[, _propertyMap={http://www.dbunit.org/properties/statementFactory=org.dbunit.database.statement.PreparedStatementFactory@626bc2b8, http://www.dbunit.org/features/caseSensitiveTableNames=false, http://www.dbunit.org/properties/fetchSize=100, http://www.dbunit.org/features/batchedStatements=false, http://www.dbunit.org/properties/metadataHandler=org.dbunit.database.DefaultMetadataHandler@62baffef, http://www.dbunit.org/properties/datatypeFactory=org.dbunit.dataset.datatype.DefaultDataTypeFactory[_toleratedDeltaMap=org.dbunit.dataset.datatype.ToleratedDeltaMap@6452310a], http://www.dbunit.org/properties/escapePattern=null, http://www.dbunit.org/properties/batchSize=100, http://www.dbunit.org/features/qualifiedTableNames=false, http://www.dbunit.org/properties/tableType=[Ljava.lang.String;@5011bafa, http://www.dbunit.org/properties/resultSetTableFactory=org.dbunit.database.CachedResultSetTableFactory@10bcf083, http://www.dbunit.org/features/datatypeWarning=true}], _dataSet=AbstractDataSet[_orderedTableNameMap=null]) - start
170832 [main] TRACE org.dbunit.database.DatabaseConfig  - getProperty(name=http://www.dbunit.org/properties/escapePattern) - start
170832 [main] DEBUG org.dbunit.util.QualifiedTableName  - getQualifiedName() - start
170832 [main] DEBUG org.dbunit.util.QualifiedTableName  - getQualifiedName(prefix=null, name=SCOPEDCONTENT, escapePattern=null) - start
170832 [main] DEBUG org.dbunit.operation.AbstractOperation  - getQualifiedName(prefix=null, name=NAME, connection=_databaseConfig=org.dbunit.database.DatabaseConfig[, _propertyMap={http://www.dbunit.org/properties/statementFactory=org.dbunit.database.statement.PreparedStatementFactory@626bc2b8, http://www.dbunit.org/features/caseSensitiveTableNames=false, http://www.dbunit.org/properties/fetchSize=100, http://www.dbunit.org/features/batchedStatements=false, http://www.dbunit.org/properties/metadataHandler=org.dbunit.database.DefaultMetadataHandler@62baffef, http://www.dbunit.org/properties/datatypeFactory=org.dbunit.dataset.datatype.DefaultDataTypeFactory[_toleratedDeltaMap=org.dbunit.dataset.datatype.ToleratedDeltaMap@6452310a], http://www.dbunit.org/properties/escapePattern=null, http://www.dbunit.org/properties/batchSize=100, http://www.dbunit.org/features/qualifiedTableNames=false, http://www.dbunit.org/properties/tableType=[Ljava.lang.String;@5011bafa, http://www.dbunit.org/properties/resultSetTableFactory=org.dbunit.database.CachedResultSetTableFactory@10bcf083, http://www.dbunit.org/features/datatypeWarning=true}], _dataSet=AbstractDataSet[_orderedTableNameMap=null]) - start
170832 [main] TRACE org.dbunit.database.DatabaseConfig  - getProperty(name=http://www.dbunit.org/properties/escapePattern) - start
170832 [main] DEBUG org.dbunit.util.QualifiedTableName  - getQualifiedName() - start
170832 [main] DEBUG org.dbunit.util.QualifiedTableName  - getQualifiedName(prefix=null, name=NAME, escapePattern=null) - start
170832 [main] DEBUG org.dbunit.operation.AbstractOperation  - getQualifiedName(prefix=null, name=DESCRIPTION, connection=_databaseConfig=org.dbunit.database.DatabaseConfig[, _propertyMap={http://www.dbunit.org/properties/statementFactory=org.dbunit.database.statement.PreparedStatementFactory@626bc2b8, http://www.dbunit.org/features/caseSensitiveTableNames=false, http://www.dbunit.org/properties/fetchSize=100, http://www.dbunit.org/features/batchedStatements=false, http://www.dbunit.org/properties/metadataHandler=org.dbunit.database.DefaultMetadataHandler@62baffef, http://www.dbunit.org/properties/datatypeFactory=org.dbunit.dataset.datatype.DefaultDataTypeFactory[_toleratedDeltaMap=org.dbunit.dataset.datatype.ToleratedDeltaMap@6452310a], http://www.dbunit.org/properties/escapePattern=null, http://www.dbunit.org/properties/batchSize=100, http://www.dbunit.org/features/qualifiedTableNames=false, http://www.dbunit.org/properties/tableType=[Ljava.lang.String;@5011bafa, http://www.dbunit.org/properties/resultSetTableFactory=org.dbunit.database.CachedResultSetTableFactory@10bcf083, http://www.dbunit.org/features/datatypeWarning=true}], _dataSet=AbstractDataSet[_orderedTableNameMap=null]) - start
170832 [main] TRACE org.dbunit.database.DatabaseConfig  - getProperty(name=http://www.dbunit.org/properties/escapePattern) - start
170832 [main] DEBUG org.dbunit.util.QualifiedTableName  - getQualifiedName() - start
170832 [main] DEBUG org.dbunit.util.QualifiedTableName  - getQualifiedName(prefix=null, name=DESCRIPTION, escapePattern=null) - start
170832 [main] DEBUG org.dbunit.operation.AbstractOperation  - getQualifiedName(prefix=null, name=SCOPE, connection=_databaseConfig=org.dbunit.database.DatabaseConfig[, _propertyMap={http://www.dbunit.org/properties/statementFactory=org.dbunit.database.statement.PreparedStatementFactory@626bc2b8, http://www.dbunit.org/features/caseSensitiveTableNames=false, http://www.dbunit.org/properties/fetchSize=100, http://www.dbunit.org/features/batchedStatements=false, http://www.dbunit.org/properties/metadataHandler=org.dbunit.database.DefaultMetadataHandler@62baffef, http://www.dbunit.org/properties/datatypeFactory=org.dbunit.dataset.datatype.DefaultDataTypeFactory[_toleratedDeltaMap=org.dbunit.dataset.datatype.ToleratedDeltaMap@6452310a], http://www.dbunit.org/properties/escapePattern=null, http://www.dbunit.org/properties/batchSize=100, http://www.dbunit.org/features/qualifiedTableNames=false, http://www.dbunit.org/properties/tableType=[Ljava.lang.String;@5011bafa, http://www.dbunit.org/properties/resultSetTableFactory=org.dbunit.database.CachedResultSetTableFactory@10bcf083, http://www.dbunit.org/features/datatypeWarning=true}], _dataSet=AbstractDataSet[_orderedTableNameMap=null]) - start
170832 [main] TRACE org.dbunit.database.DatabaseConfig  - getProperty(name=http://www.dbunit.org/properties/escapePattern) - start
170832 [main] DEBUG org.dbunit.util.QualifiedTableName  - getQualifiedName() - start
170832 [main] DEBUG org.dbunit.util.QualifiedTableName  - getQualifiedName(prefix=null, name=SCOPE, escapePattern=null) - start
170832 [main] DEBUG org.dbunit.operation.AbstractOperation  - getQualifiedName(prefix=null, name=ID, connection=_databaseConfig=org.dbunit.database.DatabaseConfig[, _propertyMap={http://www.dbunit.org/properties/statementFactory=org.dbunit.database.statement.PreparedStatementFactory@626bc2b8, http://www.dbunit.org/features/caseSensitiveTableNames=false, http://www.dbunit.org/properties/fetchSize=100, http://www.dbunit.org/features/batchedStatements=false, http://www.dbunit.org/properties/metadataHandler=org.dbunit.database.DefaultMetadataHandler@62baffef, http://www.dbunit.org/properties/datatypeFactory=org.dbunit.dataset.datatype.DefaultDataTypeFactory[_toleratedDeltaMap=org.dbunit.dataset.datatype.ToleratedDeltaMap@6452310a], http://www.dbunit.org/properties/escapePattern=null, http://www.dbunit.org/properties/batchSize=100, http://www.dbunit.org/features/qualifiedTableNames=false, http://www.dbunit.org/properties/tableType=[Ljava.lang.String;@5011bafa, http://www.dbunit.org/properties/resultSetTableFactory=org.dbunit.database.CachedResultSetTableFactory@10bcf083, http://www.dbunit.org/features/datatypeWarning=true}], _dataSet=AbstractDataSet[_orderedTableNameMap=null]) - start
170833 [main] TRACE org.dbunit.database.DatabaseConfig  - getProperty(name=http://www.dbunit.org/properties/escapePattern) - start
170833 [main] DEBUG org.dbunit.util.QualifiedTableName  - getQualifiedName() - start
170833 [main] DEBUG org.dbunit.util.QualifiedTableName  - getQualifiedName(prefix=null, name=ID, escapePattern=null) - start
170833 [main] DEBUG org.dbunit.operation.AbstractOperation  - getQualifiedName(prefix=null, name=TIMESTAMP, connection=_databaseConfig=org.dbunit.database.DatabaseConfig[, _propertyMap={http://www.dbunit.org/properties/statementFactory=org.dbunit.database.statement.PreparedStatementFactory@626bc2b8, http://www.dbunit.org/features/caseSensitiveTableNames=false, http://www.dbunit.org/properties/fetchSize=100, http://www.dbunit.org/features/batchedStatements=false, http://www.dbunit.org/properties/metadataHandler=org.dbunit.database.DefaultMetadataHandler@62baffef, http://www.dbunit.org/properties/datatypeFactory=org.dbunit.dataset.datatype.DefaultDataTypeFactory[_toleratedDeltaMap=org.dbunit.dataset.datatype.ToleratedDeltaMap@6452310a], http://www.dbunit.org/properties/escapePattern=null, http://www.dbunit.org/properties/batchSize=100, http://www.dbunit.org/features/qualifiedTableNames=false, http://www.dbunit.org/properties/tableType=[Ljava.lang.String;@5011bafa, http://www.dbunit.org/properties/resultSetTableFactory=org.dbunit.database.CachedResultSetTableFactory@10bcf083, http://www.dbunit.org/features/datatypeWarning=true}], _dataSet=AbstractDataSet[_orderedTableNameMap=null]) - start
170833 [main] TRACE org.dbunit.database.DatabaseConfig  - getProperty(name=http://www.dbunit.org/properties/escapePattern) - start
170833 [main] DEBUG org.dbunit.util.QualifiedTableName  - getQualifiedName() - start
170833 [main] DEBUG org.dbunit.util.QualifiedTableName  - getQualifiedName(prefix=null, name=TIMESTAMP, escapePattern=null) - start
170833 [main] DEBUG org.dbunit.database.statement.PreparedStatementFactory  - createPreparedBatchStatement(sql=insert into SCOPEDCONTENT (NAME, DESCRIPTION, SCOPE, ID, TIMESTAMP) values (?, ?, ?, ?, ?), connection=_databaseConfig=org.dbunit.database.DatabaseConfig[, _propertyMap={http://www.dbunit.org/properties/statementFactory=org.dbunit.database.statement.PreparedStatementFactory@626bc2b8, http://www.dbunit.org/features/caseSensitiveTableNames=false, http://www.dbunit.org/properties/fetchSize=100, http://www.dbunit.org/features/batchedStatements=false, http://www.dbunit.org/properties/metadataHandler=org.dbunit.database.DefaultMetadataHandler@62baffef, http://www.dbunit.org/properties/datatypeFactory=org.dbunit.dataset.datatype.DefaultDataTypeFactory[_toleratedDeltaMap=org.dbunit.dataset.datatype.ToleratedDeltaMap@6452310a], http://www.dbunit.org/properties/escapePattern=null, http://www.dbunit.org/properties/batchSize=100, http://www.dbunit.org/features/qualifiedTableNames=false, http://www.dbunit.org/properties/tableType=[Ljava.lang.String;@5011bafa, http://www.dbunit.org/properties/resultSetTableFactory=org.dbunit.database.CachedResultSetTableFactory@10bcf083, http://www.dbunit.org/features/datatypeWarning=true}], _dataSet=AbstractDataSet[_orderedTableNameMap=null]) - start
170833 [main] TRACE org.dbunit.database.DatabaseConfig  - getProperty(name=http://www.dbunit.org/properties/batchSize) - start
170833 [main] DEBUG org.dbunit.database.statement.AbstractStatementFactory  - supportBatchStatement(connection=_databaseConfig=org.dbunit.database.DatabaseConfig[, _propertyMap={http://www.dbunit.org/properties/statementFactory=org.dbunit.database.statement.PreparedStatementFactory@626bc2b8, http://www.dbunit.org/features/caseSensitiveTableNames=false, http://www.dbunit.org/properties/fetchSize=100, http://www.dbunit.org/features/batchedStatements=false, http://www.dbunit.org/properties/metadataHandler=org.dbunit.database.DefaultMetadataHandler@62baffef, http://www.dbunit.org/properties/datatypeFactory=org.dbunit.dataset.datatype.DefaultDataTypeFactory[_toleratedDeltaMap=org.dbunit.dataset.datatype.ToleratedDeltaMap@6452310a], http://www.dbunit.org/properties/escapePattern=null, http://www.dbunit.org/properties/batchSize=100, http://www.dbunit.org/features/qualifiedTableNames=false, http://www.dbunit.org/properties/tableType=[Ljava.lang.String;@5011bafa, http://www.dbunit.org/properties/resultSetTableFactory=org.dbunit.database.CachedResultSetTableFactory@10bcf083, http://www.dbunit.org/features/datatypeWarning=true}], _dataSet=AbstractDataSet[_orderedTableNameMap=null]) - start
170833 [main] TRACE org.dbunit.database.DatabaseConfig  - getFeature(name=http://www.dbunit.org/features/batchedStatements) - start
170833 [main] TRACE org.dbunit.database.DatabaseConfig  - getProperty(name=http://www.dbunit.org/features/batchedStatements) - start
170833 [main] DEBUG org.dbunit.database.DatabaseDataSourceConnection  - getConnection() - start
170834 [main] DEBUG org.dbunit.dataset.DefaultTable  - getValue(row=0, column=NAME) - start
170834 [main] DEBUG org.dbunit.dataset.AbstractTable  - assertValidRowIndex(row=0) - start
170834 [main] DEBUG org.dbunit.dataset.AbstractTable  - assertValidRowIndex(row=0, rowCount=1) - start
170834 [main] DEBUG org.dbunit.dataset.AbstractTable  - getColumnIndex(columnName=NAME) - start
170834 [main] DEBUG org.dbunit.dataset.AbstractTableMetaData  - getColumnIndex(columnName=NAME) - start
170834 [main] DEBUG org.dbunit.database.statement.AutomaticPreparedBatchStatement  - addValue(value=9, dataType=VARCHAR) - start
170834 [main] DEBUG org.dbunit.database.statement.SimplePreparedStatement  - addValue(value=9, dataType=VARCHAR) - start
170834 [main] DEBUG org.dbunit.dataset.datatype.StringDataType  - setSqlValue(value=9, column=1, statement=org.hsqldb.jdbc.JDBCPreparedStatement@16ac8ca4[sql=[insert into SCOPEDCONTENT (NAME, DESCRIPTION, SCOPE, ID, TIMESTAMP) values (?, ?, ?, ?, ?)], parameters=[[null], [null], [null], [null], [null]]]) - start
170834 [main] DEBUG org.dbunit.dataset.datatype.DataType  - asString(value=9) - start
170834 [main] DEBUG org.dbunit.dataset.datatype.StringDataType  - typeCast(value=9) - start
170834 [main] DEBUG org.dbunit.dataset.DefaultTable  - getValue(row=0, column=DESCRIPTION) - start
170834 [main] DEBUG org.dbunit.dataset.AbstractTable  - assertValidRowIndex(row=0) - start
170834 [main] DEBUG org.dbunit.dataset.AbstractTable  - assertValidRowIndex(row=0, rowCount=1) - start
170834 [main] DEBUG org.dbunit.dataset.AbstractTable  - getColumnIndex(columnName=DESCRIPTION) - start
170834 [main] DEBUG org.dbunit.dataset.AbstractTableMetaData  - getColumnIndex(columnName=DESCRIPTION) - start
170834 [main] DEBUG org.dbunit.database.statement.AutomaticPreparedBatchStatement  - addValue(value=10, dataType=VARCHAR) - start
170834 [main] DEBUG org.dbunit.database.statement.SimplePreparedStatement  - addValue(value=10, dataType=VARCHAR) - start
170834 [main] DEBUG org.dbunit.dataset.datatype.StringDataType  - setSqlValue(value=10, column=2, statement=org.hsqldb.jdbc.JDBCPreparedStatement@16ac8ca4[sql=[insert into SCOPEDCONTENT (NAME, DESCRIPTION, SCOPE, ID, TIMESTAMP) values (?, ?, ?, ?, ?)], parameters=[[9], [null], [null], [null], [null]]]) - start
170834 [main] DEBUG org.dbunit.dataset.datatype.DataType  - asString(value=10) - start
170834 [main] DEBUG org.dbunit.dataset.datatype.StringDataType  - typeCast(value=10) - start
170834 [main] DEBUG org.dbunit.dataset.DefaultTable  - getValue(row=0, column=SCOPE) - start
170834 [main] DEBUG org.dbunit.dataset.AbstractTable  - assertValidRowIndex(row=0) - start
170834 [main] DEBUG org.dbunit.dataset.AbstractTable  - assertValidRowIndex(row=0, rowCount=1) - start
170834 [main] DEBUG org.dbunit.dataset.AbstractTable  - getColumnIndex(columnName=SCOPE) - start
170834 [main] DEBUG org.dbunit.dataset.AbstractTableMetaData  - getColumnIndex(columnName=SCOPE) - start
170834 [main] DEBUG org.dbunit.database.statement.AutomaticPreparedBatchStatement  - addValue(value=1, dataType=INTEGER) - start
170834 [main] DEBUG org.dbunit.database.statement.SimplePreparedStatement  - addValue(value=1, dataType=INTEGER) - start
170834 [main] DEBUG org.dbunit.dataset.datatype.IntegerDataType  - setSqlValue(value=1, column=3, statement=org.hsqldb.jdbc.JDBCPreparedStatement@16ac8ca4[sql=[insert into SCOPEDCONTENT (NAME, DESCRIPTION, SCOPE, ID, TIMESTAMP) values (?, ?, ?, ?, ?)], parameters=[[9], [10], [null], [null], [null]]]) - start
170835 [main] DEBUG org.dbunit.dataset.datatype.IntegerDataType  - typeCast(value=1) - start
170835 [main] DEBUG org.dbunit.dataset.DefaultTable  - getValue(row=0, column=ID) - start
170835 [main] DEBUG org.dbunit.dataset.AbstractTable  - assertValidRowIndex(row=0) - start
170835 [main] DEBUG org.dbunit.dataset.AbstractTable  - assertValidRowIndex(row=0, rowCount=1) - start
170835 [main] DEBUG org.dbunit.dataset.AbstractTable  - getColumnIndex(columnName=ID) - start
170835 [main] DEBUG org.dbunit.dataset.AbstractTableMetaData  - getColumnIndex(columnName=ID) - start
170835 [main] DEBUG org.dbunit.database.statement.AutomaticPreparedBatchStatement  - addValue(value=1, dataType=INTEGER) - start
170835 [main] DEBUG org.dbunit.database.statement.SimplePreparedStatement  - addValue(value=1, dataType=INTEGER) - start
170835 [main] DEBUG org.dbunit.dataset.datatype.IntegerDataType  - setSqlValue(value=1, column=4, statement=org.hsqldb.jdbc.JDBCPreparedStatement@16ac8ca4[sql=[insert into SCOPEDCONTENT (NAME, DESCRIPTION, SCOPE, ID, TIMESTAMP) values (?, ?, ?, ?, ?)], parameters=[[9], [10], [1], [null], [null]]]) - start
170835 [main] DEBUG org.dbunit.dataset.datatype.IntegerDataType  - typeCast(value=1) - start
170835 [main] DEBUG org.dbunit.dataset.DefaultTable  - getValue(row=0, column=TIMESTAMP) - start
170835 [main] DEBUG org.dbunit.dataset.AbstractTable  - assertValidRowIndex(row=0) - start
170835 [main] DEBUG org.dbunit.dataset.AbstractTable  - assertValidRowIndex(row=0, rowCount=1) - start
170835 [main] DEBUG org.dbunit.dataset.AbstractTable  - getColumnIndex(columnName=TIMESTAMP) - start
170835 [main] DEBUG org.dbunit.dataset.AbstractTableMetaData  - getColumnIndex(columnName=TIMESTAMP) - start
170835 [main] DEBUG org.dbunit.database.statement.AutomaticPreparedBatchStatement  - addValue(value=2014-02-26 12:43:51.816, dataType=TIMESTAMP) - start
170835 [main] DEBUG org.dbunit.database.statement.SimplePreparedStatement  - addValue(value=2014-02-26 12:43:51.816, dataType=TIMESTAMP) - start
170835 [main] DEBUG org.dbunit.dataset.datatype.TimestampDataType  - setSqlValue(value=2014-02-26 12:43:51.816, column=5, statement=org.hsqldb.jdbc.JDBCPreparedStatement@16ac8ca4[sql=[insert into SCOPEDCONTENT (NAME, DESCRIPTION, SCOPE, ID, TIMESTAMP) values (?, ?, ?, ?, ?)], parameters=[[9], [10], [1], [1], [null]]]) - start
170835 [main] DEBUG org.dbunit.dataset.datatype.TimestampDataType  - typeCast(value=2014-02-26 12:43:51.816) - start
170835 [main] DEBUG org.dbunit.database.statement.AutomaticPreparedBatchStatement  - addBatch() - start
170835 [main] DEBUG org.dbunit.database.statement.SimplePreparedStatement  - addBatch() - start
170836 [main] DEBUG org.dbunit.operation.InsertOperation  - equalsIgnoreMapping(ignoreMapping={}, table=org.dbunit.dataset.DefaultTable[_metaData=tableName=ScopedContent, columns=[(name, UNKNOWN, nullableUnknown), (description, UNKNOWN, nullableUnknown), (scope, UNKNOWN, nullableUnknown), (id, UNKNOWN, nullableUnknown), (timeStamp, UNKNOWN, nullableUnknown)], keys=[], _rowList.size()=1], row=1) - start
170836 [main] DEBUG org.dbunit.dataset.DefaultTable  - getValue(row=1, column=name) - start
170836 [main] DEBUG org.dbunit.dataset.AbstractTable  - assertValidRowIndex(row=1) - start
170836 [main] DEBUG org.dbunit.dataset.AbstractTable  - assertValidRowIndex(row=1, rowCount=1) - start
170836 [main] DEBUG org.dbunit.database.statement.AutomaticPreparedBatchStatement  - executeBatch() - start
170836 [main] DEBUG org.dbunit.database.statement.SimplePreparedStatement  - executeBatch() - start
170836 [main] DEBUG org.dbunit.database.statement.SimplePreparedStatement  - clearBatch() - start
170836 [main] DEBUG org.dbunit.database.statement.AutomaticPreparedBatchStatement  - clearBatch() - start
170836 [main] DEBUG org.dbunit.database.statement.SimplePreparedStatement  - clearBatch() - start
170836 [main] DEBUG org.dbunit.database.statement.AutomaticPreparedBatchStatement  - close() - start
170836 [main] DEBUG org.dbunit.database.statement.AbstractPreparedBatchStatement  - close() - start
170836 [main] DEBUG org.dbunit.dataset.filter.SequenceTableIterator  - next() - start
170836 [main] DEBUG org.dbunit.dataset.filter.SequenceTableIterator  - getTable() - start
170836 [main] DEBUG org.dbunit.dataset.AbstractDataSet  - getTable(tableName=ScopedContentConditionAttribute) - start
170836 [main] DEBUG org.dbunit.dataset.AbstractDataSet  - initialize() - start
170836 [main] DEBUG org.dbunit.dataset.AbstractDataSet  - The table name map has already been initialized.
170836 [main] DEBUG org.dbunit.dataset.OrderedTableNameMap  - getTableName(tableName=ScopedContentConditionAttribute) - start
170836 [main] DEBUG org.dbunit.dataset.OrderedTableNameMap  - getTableName(tableName=ScopedContentConditionAttribute) - end - result=SCOPEDCONTENTCONDITIONATTRIBUTE
170836 [main] TRACE org.dbunit.operation.AbstractBatchOperation  - execute: processing table='ScopedContentConditionAttribute'
170836 [main] DEBUG org.dbunit.operation.AbstractBatchOperation  - isEmpty(table=org.dbunit.dataset.DefaultTable[_metaData=tableName=ScopedContentConditionAttribute, columns=[(key, UNKNOWN, nullableUnknown), (checkOrder, UNKNOWN, nullableUnknown), (className, UNKNOWN, nullableUnknown), (valuePath, UNKNOWN, nullableUnknown), (operator, UNKNOWN, nullableUnknown), (expectedValue, UNKNOWN, nullableUnknown), (expectedValueType, UNKNOWN, nullableUnknown), (scopedContentCondition, UNKNOWN, nullableUnknown), (id, UNKNOWN, nullableUnknown), (timeStamp, UNKNOWN, nullableUnknown)], keys=[], _rowList.size()=1]) - start
170836 [main] DEBUG org.dbunit.dataset.DefaultTable  - getValue(row=0, column=key) - start
170836 [main] DEBUG org.dbunit.dataset.AbstractTable  - assertValidRowIndex(row=0) - start
170836 [main] DEBUG org.dbunit.dataset.AbstractTable  - assertValidRowIndex(row=0, rowCount=1) - start
170836 [main] DEBUG org.dbunit.dataset.AbstractTable  - getColumnIndex(columnName=key) - start
170836 [main] DEBUG org.dbunit.dataset.AbstractTableMetaData  - getColumnIndex(columnName=key) - start
170837 [main] DEBUG org.dbunit.operation.AbstractOperation  - getOperationMetaData(connection=_databaseConfig=org.dbunit.database.DatabaseConfig[, _propertyMap={http://www.dbunit.org/properties/statementFactory=org.dbunit.database.statement.PreparedStatementFactory@626bc2b8, http://www.dbunit.org/features/caseSensitiveTableNames=false, http://www.dbunit.org/properties/fetchSize=100, http://www.dbunit.org/features/batchedStatements=false, http://www.dbunit.org/properties/metadataHandler=org.dbunit.database.DefaultMetadataHandler@62baffef, http://www.dbunit.org/properties/datatypeFactory=org.dbunit.dataset.datatype.DefaultDataTypeFactory[_toleratedDeltaMap=org.dbunit.dataset.datatype.ToleratedDeltaMap@6452310a], http://www.dbunit.org/properties/escapePattern=null, http://www.dbunit.org/properties/batchSize=100, http://www.dbunit.org/features/qualifiedTableNames=false, http://www.dbunit.org/properties/tableType=[Ljava.lang.String;@5011bafa, http://www.dbunit.org/properties/resultSetTableFactory=org.dbunit.database.CachedResultSetTableFactory@10bcf083, http://www.dbunit.org/features/datatypeWarning=true}], _dataSet=AbstractDataSet[_orderedTableNameMap=null], metaData=tableName=ScopedContentConditionAttribute, columns=[(key, UNKNOWN, nullableUnknown), (checkOrder, UNKNOWN, nullableUnknown), (className, UNKNOWN, nullableUnknown), (valuePath, UNKNOWN, nullableUnknown), (operator, UNKNOWN, nullableUnknown), (expectedValue, UNKNOWN, nullableUnknown), (expectedValueType, UNKNOWN, nullableUnknown), (scopedContentCondition, UNKNOWN, nullableUnknown), (id, UNKNOWN, nullableUnknown), (timeStamp, UNKNOWN, nullableUnknown)], keys=[]) - start
170837 [main] DEBUG org.dbunit.database.AbstractDatabaseConnection  - createDataSet() - start
170837 [main] DEBUG org.dbunit.database.DatabaseDataSet  - getTableMetaData(tableName=ScopedContentConditionAttribute) - start
170837 [main] DEBUG org.dbunit.database.DatabaseDataSet  - initialize() - start
170837 [main] DEBUG org.dbunit.dataset.OrderedTableNameMap  - getTableName(tableName=ScopedContentConditionAttribute) - start
170837 [main] DEBUG org.dbunit.dataset.OrderedTableNameMap  - getTableName(tableName=ScopedContentConditionAttribute) - end - result=SCOPEDCONTENTCONDITIONATTRIBUTE
170837 [main] DEBUG org.dbunit.dataset.OrderedTableNameMap  - getTableName(tableName=ScopedContentConditionAttribute) - start
170837 [main] DEBUG org.dbunit.dataset.OrderedTableNameMap  - getTableName(tableName=ScopedContentConditionAttribute) - end - result=SCOPEDCONTENTCONDITIONATTRIBUTE
170837 [main] DEBUG org.dbunit.dataset.AbstractTableMetaData  - getColumnIndex(columnName=key) - start
170837 [main] DEBUG org.dbunit.database.DatabaseTableMetaData  - getColumns() - start
170837 [main] DEBUG org.dbunit.database.DatabaseTableMetaData  - getColumns() - start
170837 [main] DEBUG org.dbunit.dataset.AbstractTableMetaData  - getColumnIndex(columnName=checkOrder) - start
170837 [main] DEBUG org.dbunit.database.DatabaseTableMetaData  - getColumns() - start
170837 [main] DEBUG org.dbunit.dataset.AbstractTableMetaData  - getColumnIndex(columnName=className) - start
170837 [main] DEBUG org.dbunit.database.DatabaseTableMetaData  - getColumns() - start
170837 [main] DEBUG org.dbunit.dataset.AbstractTableMetaData  - getColumnIndex(columnName=valuePath) - start
170837 [main] DEBUG org.dbunit.database.DatabaseTableMetaData  - getColumns() - start
170837 [main] DEBUG org.dbunit.dataset.AbstractTableMetaData  - getColumnIndex(columnName=operator) - start
170837 [main] DEBUG org.dbunit.database.DatabaseTableMetaData  - getColumns() - start
170837 [main] DEBUG org.dbunit.dataset.AbstractTableMetaData  - getColumnIndex(columnName=expectedValue) - start
170837 [main] DEBUG org.dbunit.database.DatabaseTableMetaData  - getColumns() - start
170837 [main] DEBUG org.dbunit.dataset.AbstractTableMetaData  - getColumnIndex(columnName=expectedValueType) - start
170837 [main] DEBUG org.dbunit.database.DatabaseTableMetaData  - getColumns() - start
170837 [main] DEBUG org.dbunit.dataset.AbstractTableMetaData  - getColumnIndex(columnName=scopedContentCondition) - start
170837 [main] DEBUG org.dbunit.database.DatabaseTableMetaData  - getColumns() - start
170837 [main] DEBUG org.dbunit.dataset.AbstractTableMetaData  - getColumnIndex(columnName=id) - start
170837 [main] DEBUG org.dbunit.database.DatabaseTableMetaData  - getColumns() - start
170837 [main] DEBUG org.dbunit.dataset.AbstractTableMetaData  - getColumnIndex(columnName=timeStamp) - start
170838 [main] DEBUG org.dbunit.database.DatabaseTableMetaData  - getColumns() - start
170838 [main] DEBUG org.dbunit.database.DatabaseTableMetaData  - getPrimaryKeys() - start
170838 [main] TRACE org.dbunit.database.DatabaseConfig  - getProperty(name=http://www.dbunit.org/properties/primaryKeyFilter) - start
170838 [main] DEBUG org.dbunit.operation.InsertOperation  - getIgnoreMapping(table=org.dbunit.dataset.DefaultTable[_metaData=tableName=ScopedContentConditionAttribute, columns=[(key, UNKNOWN, nullableUnknown), (checkOrder, UNKNOWN, nullableUnknown), (className, UNKNOWN, nullableUnknown), (valuePath, UNKNOWN, nullableUnknown), (operator, UNKNOWN, nullableUnknown), (expectedValue, UNKNOWN, nullableUnknown), (expectedValueType, UNKNOWN, nullableUnknown), (scopedContentCondition, UNKNOWN, nullableUnknown), (id, UNKNOWN, nullableUnknown), (timeStamp, UNKNOWN, nullableUnknown)], keys=[], _rowList.size()=1], row=0) - start
170838 [main] DEBUG org.dbunit.dataset.DefaultTable  - getValue(row=0, column=key) - start
170838 [main] DEBUG org.dbunit.dataset.AbstractTable  - assertValidRowIndex(row=0) - start
170838 [main] DEBUG org.dbunit.dataset.AbstractTable  - assertValidRowIndex(row=0, rowCount=1) - start
170838 [main] DEBUG org.dbunit.dataset.AbstractTable  - getColumnIndex(columnName=key) - start
170838 [main] DEBUG org.dbunit.dataset.AbstractTableMetaData  - getColumnIndex(columnName=key) - start
170838 [main] DEBUG org.dbunit.dataset.DefaultTable  - getValue(row=0, column=checkOrder) - start
170838 [main] DEBUG org.dbunit.dataset.AbstractTable  - assertValidRowIndex(row=0) - start
170838 [main] DEBUG org.dbunit.dataset.AbstractTable  - assertValidRowIndex(row=0, rowCount=1) - start
170838 [main] DEBUG org.dbunit.dataset.AbstractTable  - getColumnIndex(columnName=checkOrder) - start
170838 [main] DEBUG org.dbunit.dataset.AbstractTableMetaData  - getColumnIndex(columnName=checkOrder) - start
170838 [main] DEBUG org.dbunit.dataset.DefaultTable  - getValue(row=0, column=className) - start
170838 [main] DEBUG org.dbunit.dataset.AbstractTable  - assertValidRowIndex(row=0) - start
170838 [main] DEBUG org.dbunit.dataset.AbstractTable  - assertValidRowIndex(row=0, rowCount=1) - start
170838 [main] DEBUG org.dbunit.dataset.AbstractTable  - getColumnIndex(columnName=className) - start
170838 [main] DEBUG org.dbunit.dataset.AbstractTableMetaData  - getColumnIndex(columnName=className) - start
170838 [main] DEBUG org.dbunit.dataset.DefaultTable  - getValue(row=0, column=valuePath) - start
170838 [main] DEBUG org.dbunit.dataset.AbstractTable  - assertValidRowIndex(row=0) - start
170838 [main] DEBUG org.dbunit.dataset.AbstractTable  - assertValidRowIndex(row=0, rowCount=1) - start
170838 [main] DEBUG org.dbunit.dataset.AbstractTable  - getColumnIndex(columnName=valuePath) - start
170838 [main] DEBUG org.dbunit.dataset.AbstractTableMetaData  - getColumnIndex(columnName=valuePath) - start
170838 [main] DEBUG org.dbunit.dataset.DefaultTable  - getValue(row=0, column=operator) - start
170838 [main] DEBUG org.dbunit.dataset.AbstractTable  - assertValidRowIndex(row=0) - start
170838 [main] DEBUG org.dbunit.dataset.AbstractTable  - assertValidRowIndex(row=0, rowCount=1) - start
170838 [main] DEBUG org.dbunit.dataset.AbstractTable  - getColumnIndex(columnName=operator) - start
170839 [main] DEBUG org.dbunit.dataset.AbstractTableMetaData  - getColumnIndex(columnName=operator) - start
170839 [main] DEBUG org.dbunit.dataset.DefaultTable  - getValue(row=0, column=expectedValue) - start
170839 [main] DEBUG org.dbunit.dataset.AbstractTable  - assertValidRowIndex(row=0) - start
170839 [main] DEBUG org.dbunit.dataset.AbstractTable  - assertValidRowIndex(row=0, rowCount=1) - start
170839 [main] DEBUG org.dbunit.dataset.AbstractTable  - getColumnIndex(columnName=expectedValue) - start
170839 [main] DEBUG org.dbunit.dataset.AbstractTableMetaData  - getColumnIndex(columnName=expectedValue) - start
170839 [main] DEBUG org.dbunit.dataset.DefaultTable  - getValue(row=0, column=expectedValueType) - start
170839 [main] DEBUG org.dbunit.dataset.AbstractTable  - assertValidRowIndex(row=0) - start
170839 [main] DEBUG org.dbunit.dataset.AbstractTable  - assertValidRowIndex(row=0, rowCount=1) - start
170839 [main] DEBUG org.dbunit.dataset.AbstractTable  - getColumnIndex(columnName=expectedValueType) - start
170839 [main] DEBUG org.dbunit.dataset.AbstractTableMetaData  - getColumnIndex(columnName=expectedValueType) - start
170839 [main] DEBUG org.dbunit.dataset.DefaultTable  - getValue(row=0, column=scopedContentCondition) - start
170839 [main] DEBUG org.dbunit.dataset.AbstractTable  - assertValidRowIndex(row=0) - start
170839 [main] DEBUG org.dbunit.dataset.AbstractTable  - assertValidRowIndex(row=0, rowCount=1) - start
170839 [main] DEBUG org.dbunit.dataset.AbstractTable  - getColumnIndex(columnName=scopedContentCondition) - start
170839 [main] DEBUG org.dbunit.dataset.AbstractTableMetaData  - getColumnIndex(columnName=scopedContentCondition) - start
170839 [main] DEBUG org.dbunit.dataset.DefaultTable  - getValue(row=0, column=id) - start
170839 [main] DEBUG org.dbunit.dataset.AbstractTable  - assertValidRowIndex(row=0) - start
170839 [main] DEBUG org.dbunit.dataset.AbstractTable  - assertValidRowIndex(row=0, rowCount=1) - start
170839 [main] DEBUG org.dbunit.dataset.AbstractTable  - getColumnIndex(columnName=id) - start
170839 [main] DEBUG org.dbunit.dataset.AbstractTableMetaData  - getColumnIndex(columnName=id) - start
170839 [main] DEBUG org.dbunit.dataset.DefaultTable  - getValue(row=0, column=timeStamp) - start
170839 [main] DEBUG org.dbunit.dataset.AbstractTable  - assertValidRowIndex(row=0) - start
170839 [main] DEBUG org.dbunit.dataset.AbstractTable  - assertValidRowIndex(row=0, rowCount=1) - start
170839 [main] DEBUG org.dbunit.dataset.AbstractTable  - getColumnIndex(columnName=timeStamp) - start
170839 [main] DEBUG org.dbunit.dataset.AbstractTableMetaData  - getColumnIndex(columnName=timeStamp) - start
170839 [main] DEBUG org.dbunit.operation.InsertOperation  - getOperationData(metaData=tableName=SCOPEDCONTENTCONDITIONATTRIBUTE, columns=[(KEY, VARCHAR, noNulls), (CHECKORDER, INTEGER, noNulls), (CLASSNAME, VARCHAR, noNulls), (VALUEPATH, VARCHAR, noNulls), (OPERATOR, VARCHAR, noNulls), (EXPECTEDVALUE, VARCHAR, noNulls), (EXPECTEDVALUETYPE, VARCHAR, noNulls), (SCOPEDCONTENTCONDITION, INTEGER, noNulls), (ID, INTEGER, noNulls), (TIMESTAMP, TIMESTAMP, nullable)], keys=[(ID, INTEGER, noNulls)], ignoreMapping={}, connection=_databaseConfig=org.dbunit.database.DatabaseConfig[, _propertyMap={http://www.dbunit.org/properties/statementFactory=org.dbunit.database.statement.PreparedStatementFactory@626bc2b8, http://www.dbunit.org/features/caseSensitiveTableNames=false, http://www.dbunit.org/properties/fetchSize=100, http://www.dbunit.org/features/batchedStatements=false, http://www.dbunit.org/properties/metadataHandler=org.dbunit.database.DefaultMetadataHandler@62baffef, http://www.dbunit.org/properties/datatypeFactory=org.dbunit.dataset.datatype.DefaultDataTypeFactory[_toleratedDeltaMap=org.dbunit.dataset.datatype.ToleratedDeltaMap@6452310a], http://www.dbunit.org/properties/escapePattern=null, http://www.dbunit.org/properties/batchSize=100, http://www.dbunit.org/features/qualifiedTableNames=false, http://www.dbunit.org/properties/tableType=[Ljava.lang.String;@5011bafa, http://www.dbunit.org/properties/resultSetTableFactory=org.dbunit.database.CachedResultSetTableFactory@10bcf083, http://www.dbunit.org/features/datatypeWarning=true}], _dataSet=AbstractDataSet[_orderedTableNameMap=null]) - start
170840 [main] DEBUG org.dbunit.operation.AbstractOperation  - getQualifiedName(prefix=null, name=SCOPEDCONTENTCONDITIONATTRIBUTE, connection=_databaseConfig=org.dbunit.database.DatabaseConfig[, _propertyMap={http://www.dbunit.org/properties/statementFactory=org.dbunit.database.statement.PreparedStatementFactory@626bc2b8, http://www.dbunit.org/features/caseSensitiveTableNames=false, http://www.dbunit.org/properties/fetchSize=100, http://www.dbunit.org/features/batchedStatements=false, http://www.dbunit.org/properties/metadataHandler=org.dbunit.database.DefaultMetadataHandler@62baffef, http://www.dbunit.org/properties/datatypeFactory=org.dbunit.dataset.datatype.DefaultDataTypeFactory[_toleratedDeltaMap=org.dbunit.dataset.datatype.ToleratedDeltaMap@6452310a], http://www.dbunit.org/properties/escapePattern=null, http://www.dbunit.org/properties/batchSize=100, http://www.dbunit.org/features/qualifiedTableNames=false, http://www.dbunit.org/properties/tableType=[Ljava.lang.String;@5011bafa, http://www.dbunit.org/properties/resultSetTableFactory=org.dbunit.database.CachedResultSetTableFactory@10bcf083, http://www.dbunit.org/features/datatypeWarning=true}], _dataSet=AbstractDataSet[_orderedTableNameMap=null]) - start
170840 [main] TRACE org.dbunit.database.DatabaseConfig  - getProperty(name=http://www.dbunit.org/properties/escapePattern) - start
170840 [main] DEBUG org.dbunit.util.QualifiedTableName  - getQualifiedName() - start
170840 [main] DEBUG org.dbunit.util.QualifiedTableName  - getQualifiedName(prefix=null, name=SCOPEDCONTENTCONDITIONATTRIBUTE, escapePattern=null) - start
170840 [main] DEBUG org.dbunit.operation.AbstractOperation  - getQualifiedName(prefix=null, name=KEY, connection=_databaseConfig=org.dbunit.database.DatabaseConfig[, _propertyMap={http://www.dbunit.org/properties/statementFactory=org.dbunit.database.statement.PreparedStatementFactory@626bc2b8, http://www.dbunit.org/features/caseSensitiveTableNames=false, http://www.dbunit.org/properties/fetchSize=100, http://www.dbunit.org/features/batchedStatements=false, http://www.dbunit.org/properties/metadataHandler=org.dbunit.database.DefaultMetadataHandler@62baffef, http://www.dbunit.org/properties/datatypeFactory=org.dbunit.dataset.datatype.DefaultDataTypeFactory[_toleratedDeltaMap=org.dbunit.dataset.datatype.ToleratedDeltaMap@6452310a], http://www.dbunit.org/properties/escapePattern=null, http://www.dbunit.org/properties/batchSize=100, http://www.dbunit.org/features/qualifiedTableNames=false, http://www.dbunit.org/properties/tableType=[Ljava.lang.String;@5011bafa, http://www.dbunit.org/properties/resultSetTableFactory=org.dbunit.database.CachedResultSetTableFactory@10bcf083, http://www.dbunit.org/features/datatypeWarning=true}], _dataSet=AbstractDataSet[_orderedTableNameMap=null]) - start
170840 [main] TRACE org.dbunit.database.DatabaseConfig  - getProperty(name=http://www.dbunit.org/properties/escapePattern) - start
170840 [main] DEBUG org.dbunit.util.QualifiedTableName  - getQualifiedName() - start
170840 [main] DEBUG org.dbunit.util.QualifiedTableName  - getQualifiedName(prefix=null, name=KEY, escapePattern=null) - start
170840 [main] DEBUG org.dbunit.operation.AbstractOperation  - getQualifiedName(prefix=null, name=CHECKORDER, connection=_databaseConfig=org.dbunit.database.DatabaseConfig[, _propertyMap={http://www.dbunit.org/properties/statementFactory=org.dbunit.database.statement.PreparedStatementFactory@626bc2b8, http://www.dbunit.org/features/caseSensitiveTableNames=false, http://www.dbunit.org/properties/fetchSize=100, http://www.dbunit.org/features/batchedStatements=false, http://www.dbunit.org/properties/metadataHandler=org.dbunit.database.DefaultMetadataHandler@62baffef, http://www.dbunit.org/properties/datatypeFactory=org.dbunit.dataset.datatype.DefaultDataTypeFactory[_toleratedDeltaMap=org.dbunit.dataset.datatype.ToleratedDeltaMap@6452310a], http://www.dbunit.org/properties/escapePattern=null, http://www.dbunit.org/properties/batchSize=100, http://www.dbunit.org/features/qualifiedTableNames=false, http://www.dbunit.org/properties/tableType=[Ljava.lang.String;@5011bafa, http://www.dbunit.org/properties/resultSetTableFactory=org.dbunit.database.CachedResultSetTableFactory@10bcf083, http://www.dbunit.org/features/datatypeWarning=true}], _dataSet=AbstractDataSet[_orderedTableNameMap=null]) - start
170840 [main] TRACE org.dbunit.database.DatabaseConfig  - getProperty(name=http://www.dbunit.org/properties/escapePattern) - start
170840 [main] DEBUG org.dbunit.util.QualifiedTableName  - getQualifiedName() - start
170840 [main] DEBUG org.dbunit.util.QualifiedTableName  - getQualifiedName(prefix=null, name=CHECKORDER, escapePattern=null) - start
170840 [main] DEBUG org.dbunit.operation.AbstractOperation  - getQualifiedName(prefix=null, name=CLASSNAME, connection=_databaseConfig=org.dbunit.database.DatabaseConfig[, _propertyMap={http://www.dbunit.org/properties/statementFactory=org.dbunit.database.statement.PreparedStatementFactory@626bc2b8, http://www.dbunit.org/features/caseSensitiveTableNames=false, http://www.dbunit.org/properties/fetchSize=100, http://www.dbunit.org/features/batchedStatements=false, http://www.dbunit.org/properties/metadataHandler=org.dbunit.database.DefaultMetadataHandler@62baffef, http://www.dbunit.org/properties/datatypeFactory=org.dbunit.dataset.datatype.DefaultDataTypeFactory[_toleratedDeltaMap=org.dbunit.dataset.datatype.ToleratedDeltaMap@6452310a], http://www.dbunit.org/properties/escapePattern=null, http://www.dbunit.org/properties/batchSize=100, http://www.dbunit.org/features/qualifiedTableNames=false, http://www.dbunit.org/properties/tableType=[Ljava.lang.String;@5011bafa, http://www.dbunit.org/properties/resultSetTableFactory=org.dbunit.database.CachedResultSetTableFactory@10bcf083, http://www.dbunit.org/features/datatypeWarning=true}], _dataSet=AbstractDataSet[_orderedTableNameMap=null]) - start
170840 [main] TRACE org.dbunit.database.DatabaseConfig  - getProperty(name=http://www.dbunit.org/properties/escapePattern) - start
170840 [main] DEBUG org.dbunit.util.QualifiedTableName  - getQualifiedName() - start
170840 [main] DEBUG org.dbunit.util.QualifiedTableName  - getQualifiedName(prefix=null, name=CLASSNAME, escapePattern=null) - start
170840 [main] DEBUG org.dbunit.operation.AbstractOperation  - getQualifiedName(prefix=null, name=VALUEPATH, connection=_databaseConfig=org.dbunit.database.DatabaseConfig[, _propertyMap={http://www.dbunit.org/properties/statementFactory=org.dbunit.database.statement.PreparedStatementFactory@626bc2b8, http://www.dbunit.org/features/caseSensitiveTableNames=false, http://www.dbunit.org/properties/fetchSize=100, http://www.dbunit.org/features/batchedStatements=false, http://www.dbunit.org/properties/metadataHandler=org.dbunit.database.DefaultMetadataHandler@62baffef, http://www.dbunit.org/properties/datatypeFactory=org.dbunit.dataset.datatype.DefaultDataTypeFactory[_toleratedDeltaMap=org.dbunit.dataset.datatype.ToleratedDeltaMap@6452310a], http://www.dbunit.org/properties/escapePattern=null, http://www.dbunit.org/properties/batchSize=100, http://www.dbunit.org/features/qualifiedTableNames=false, http://www.dbunit.org/properties/tableType=[Ljava.lang.String;@5011bafa, http://www.dbunit.org/properties/resultSetTableFactory=org.dbunit.database.CachedResultSetTableFactory@10bcf083, http://www.dbunit.org/features/datatypeWarning=true}], _dataSet=AbstractDataSet[_orderedTableNameMap=null]) - start
170840 [main] TRACE org.dbunit.database.DatabaseConfig  - getProperty(name=http://www.dbunit.org/properties/escapePattern) - start
170841 [main] DEBUG org.dbunit.util.QualifiedTableName  - getQualifiedName() - start
170841 [main] DEBUG org.dbunit.util.QualifiedTableName  - getQualifiedName(prefix=null, name=VALUEPATH, escapePattern=null) - start
170841 [main] DEBUG org.dbunit.operation.AbstractOperation  - getQualifiedName(prefix=null, name=OPERATOR, connection=_databaseConfig=org.dbunit.database.DatabaseConfig[, _propertyMap={http://www.dbunit.org/properties/statementFactory=org.dbunit.database.statement.PreparedStatementFactory@626bc2b8, http://www.dbunit.org/features/caseSensitiveTableNames=false, http://www.dbunit.org/properties/fetchSize=100, http://www.dbunit.org/features/batchedStatements=false, http://www.dbunit.org/properties/metadataHandler=org.dbunit.database.DefaultMetadataHandler@62baffef, http://www.dbunit.org/properties/datatypeFactory=org.dbunit.dataset.datatype.DefaultDataTypeFactory[_toleratedDeltaMap=org.dbunit.dataset.datatype.ToleratedDeltaMap@6452310a], http://www.dbunit.org/properties/escapePattern=null, http://www.dbunit.org/properties/batchSize=100, http://www.dbunit.org/features/qualifiedTableNames=false, http://www.dbunit.org/properties/tableType=[Ljava.lang.String;@5011bafa, http://www.dbunit.org/properties/resultSetTableFactory=org.dbunit.database.CachedResultSetTableFactory@10bcf083, http://www.dbunit.org/features/datatypeWarning=true}], _dataSet=AbstractDataSet[_orderedTableNameMap=null]) - start
170841 [main] TRACE org.dbunit.database.DatabaseConfig  - getProperty(name=http://www.dbunit.org/properties/escapePattern) - start
170841 [main] DEBUG org.dbunit.util.QualifiedTableName  - getQualifiedName() - start
170841 [main] DEBUG org.dbunit.util.QualifiedTableName  - getQualifiedName(prefix=null, name=OPERATOR, escapePattern=null) - start
170841 [main] DEBUG org.dbunit.operation.AbstractOperation  - getQualifiedName(prefix=null, name=EXPECTEDVALUE, connection=_databaseConfig=org.dbunit.database.DatabaseConfig[, _propertyMap={http://www.dbunit.org/properties/statementFactory=org.dbunit.database.statement.PreparedStatementFactory@626bc2b8, http://www.dbunit.org/features/caseSensitiveTableNames=false, http://www.dbunit.org/properties/fetchSize=100, http://www.dbunit.org/features/batchedStatements=false, http://www.dbunit.org/properties/metadataHandler=org.dbunit.database.DefaultMetadataHandler@62baffef, http://www.dbunit.org/properties/datatypeFactory=org.dbunit.dataset.datatype.DefaultDataTypeFactory[_toleratedDeltaMap=org.dbunit.dataset.datatype.ToleratedDeltaMap@6452310a], http://www.dbunit.org/properties/escapePattern=null, http://www.dbunit.org/properties/batchSize=100, http://www.dbunit.org/features/qualifiedTableNames=false, http://www.dbunit.org/properties/tableType=[Ljava.lang.String;@5011bafa, http://www.dbunit.org/properties/resultSetTableFactory=org.dbunit.database.CachedResultSetTableFactory@10bcf083, http://www.dbunit.org/features/datatypeWarning=true}], _dataSet=AbstractDataSet[_orderedTableNameMap=null]) - start
170841 [main] TRACE org.dbunit.database.DatabaseConfig  - getProperty(name=http://www.dbunit.org/properties/escapePattern) - start
170841 [main] DEBUG org.dbunit.util.QualifiedTableName  - getQualifiedName() - start
170841 [main] DEBUG org.dbunit.util.QualifiedTableName  - getQualifiedName(prefix=null, name=EXPECTEDVALUE, escapePattern=null) - start
170841 [main] DEBUG org.dbunit.operation.AbstractOperation  - getQualifiedName(prefix=null, name=EXPECTEDVALUETYPE, connection=_databaseConfig=org.dbunit.database.DatabaseConfig[, _propertyMap={http://www.dbunit.org/properties/statementFactory=org.dbunit.database.statement.PreparedStatementFactory@626bc2b8, http://www.dbunit.org/features/caseSensitiveTableNames=false, http://www.dbunit.org/properties/fetchSize=100, http://www.dbunit.org/features/batchedStatements=false, http://www.dbunit.org/properties/metadataHandler=org.dbunit.database.DefaultMetadataHandler@62baffef, http://www.dbunit.org/properties/datatypeFactory=org.dbunit.dataset.datatype.DefaultDataTypeFactory[_toleratedDeltaMap=org.dbunit.dataset.datatype.ToleratedDeltaMap@6452310a], http://www.dbunit.org/properties/escapePattern=null, http://www.dbunit.org/properties/batchSize=100, http://www.dbunit.org/features/qualifiedTableNames=false, http://www.dbunit.org/properties/tableType=[Ljava.lang.String;@5011bafa, http://www.dbunit.org/properties/resultSetTableFactory=org.dbunit.database.CachedResultSetTableFactory@10bcf083, http://www.dbunit.org/features/datatypeWarning=true}], _dataSet=AbstractDataSet[_orderedTableNameMap=null]) - start
170841 [main] TRACE org.dbunit.database.DatabaseConfig  - getProperty(name=http://www.dbunit.org/properties/escapePattern) - start
170841 [main] DEBUG org.dbunit.util.QualifiedTableName  - getQualifiedName() - start
170841 [main] DEBUG org.dbunit.util.QualifiedTableName  - getQualifiedName(prefix=null, name=EXPECTEDVALUETYPE, escapePattern=null) - start
170841 [main] DEBUG org.dbunit.operation.AbstractOperation  - getQualifiedName(prefix=null, name=SCOPEDCONTENTCONDITION, connection=_databaseConfig=org.dbunit.database.DatabaseConfig[, _propertyMap={http://www.dbunit.org/properties/statementFactory=org.dbunit.database.statement.PreparedStatementFactory@626bc2b8, http://www.dbunit.org/features/caseSensitiveTableNames=false, http://www.dbunit.org/properties/fetchSize=100, http://www.dbunit.org/features/batchedStatements=false, http://www.dbunit.org/properties/metadataHandler=org.dbunit.database.DefaultMetadataHandler@62baffef, http://www.dbunit.org/properties/datatypeFactory=org.dbunit.dataset.datatype.DefaultDataTypeFactory[_toleratedDeltaMap=org.dbunit.dataset.datatype.ToleratedDeltaMap@6452310a], http://www.dbunit.org/properties/escapePattern=null, http://www.dbunit.org/properties/batchSize=100, http://www.dbunit.org/features/qualifiedTableNames=false, http://www.dbunit.org/properties/tableType=[Ljava.lang.String;@5011bafa, http://www.dbunit.org/properties/resultSetTableFactory=org.dbunit.database.CachedResultSetTableFactory@10bcf083, http://www.dbunit.org/features/datatypeWarning=true}], _dataSet=AbstractDataSet[_orderedTableNameMap=null]) - start
170841 [main] TRACE org.dbunit.database.DatabaseConfig  - getProperty(name=http://www.dbunit.org/properties/escapePattern) - start
170841 [main] DEBUG org.dbunit.util.QualifiedTableName  - getQualifiedName() - start
170841 [main] DEBUG org.dbunit.util.QualifiedTableName  - getQualifiedName(prefix=null, name=SCOPEDCONTENTCONDITION, escapePattern=null) - start
170841 [main] DEBUG org.dbunit.operation.AbstractOperation  - getQualifiedName(prefix=null, name=ID, connection=_databaseConfig=org.dbunit.database.DatabaseConfig[, _propertyMap={http://www.dbunit.org/properties/statementFactory=org.dbunit.database.statement.PreparedStatementFactory@626bc2b8, http://www.dbunit.org/features/caseSensitiveTableNames=false, http://www.dbunit.org/properties/fetchSize=100, http://www.dbunit.org/features/batchedStatements=false, http://www.dbunit.org/properties/metadataHandler=org.dbunit.database.DefaultMetadataHandler@62baffef, http://www.dbunit.org/properties/datatypeFactory=org.dbunit.dataset.datatype.DefaultDataTypeFactory[_toleratedDeltaMap=org.dbunit.dataset.datatype.ToleratedDeltaMap@6452310a], http://www.dbunit.org/properties/escapePattern=null, http://www.dbunit.org/properties/batchSize=100, http://www.dbunit.org/features/qualifiedTableNames=false, http://www.dbunit.org/properties/tableType=[Ljava.lang.String;@5011bafa, http://www.dbunit.org/properties/resultSetTableFactory=org.dbunit.database.CachedResultSetTableFactory@10bcf083, http://www.dbunit.org/features/datatypeWarning=true}], _dataSet=AbstractDataSet[_orderedTableNameMap=null]) - start
170841 [main] TRACE org.dbunit.database.DatabaseConfig  - getProperty(name=http://www.dbunit.org/properties/escapePattern) - start
170841 [main] DEBUG org.dbunit.util.QualifiedTableName  - getQualifiedName() - start
170841 [main] DEBUG org.dbunit.util.QualifiedTableName  - getQualifiedName(prefix=null, name=ID, escapePattern=null) - start
170844 [main] DEBUG org.dbunit.operation.AbstractOperation  - getQualifiedName(prefix=null, name=TIMESTAMP, connection=_databaseConfig=org.dbunit.database.DatabaseConfig[, _propertyMap={http://www.dbunit.org/properties/statementFactory=org.dbunit.database.statement.PreparedStatementFactory@626bc2b8, http://www.dbunit.org/features/caseSensitiveTableNames=false, http://www.dbunit.org/properties/fetchSize=100, http://www.dbunit.org/features/batchedStatements=false, http://www.dbunit.org/properties/metadataHandler=org.dbunit.database.DefaultMetadataHandler@62baffef, http://www.dbunit.org/properties/datatypeFactory=org.dbunit.dataset.datatype.DefaultDataTypeFactory[_toleratedDeltaMap=org.dbunit.dataset.datatype.ToleratedDeltaMap@6452310a], http://www.dbunit.org/properties/escapePattern=null, http://www.dbunit.org/properties/batchSize=100, http://www.dbunit.org/features/qualifiedTableNames=false, http://www.dbunit.org/properties/tableType=[Ljava.lang.String;@5011bafa, http://www.dbunit.org/properties/resultSetTableFactory=org.dbunit.database.CachedResultSetTableFactory@10bcf083, http://www.dbunit.org/features/datatypeWarning=true}], _dataSet=AbstractDataSet[_orderedTableNameMap=null]) - start
170844 [main] TRACE org.dbunit.database.DatabaseConfig  - getProperty(name=http://www.dbunit.org/properties/escapePattern) - start
170844 [main] DEBUG org.dbunit.util.QualifiedTableName  - getQualifiedName() - start
170844 [main] DEBUG org.dbunit.util.QualifiedTableName  - getQualifiedName(prefix=null, name=TIMESTAMP, escapePattern=null) - start
170844 [main] DEBUG org.dbunit.database.statement.PreparedStatementFactory  - createPreparedBatchStatement(sql=insert into SCOPEDCONTENTCONDITIONATTRIBUTE (KEY, CHECKORDER, CLASSNAME, VALUEPATH, OPERATOR, EXPECTEDVALUE, EXPECTEDVALUETYPE, SCOPEDCONTENTCONDITION, ID, TIMESTAMP) values (?, ?, ?, ?, ?, ?, ?, ?, ?, ?), connection=_databaseConfig=org.dbunit.database.DatabaseConfig[, _propertyMap={http://www.dbunit.org/properties/statementFactory=org.dbunit.database.statement.PreparedStatementFactory@626bc2b8, http://www.dbunit.org/features/caseSensitiveTableNames=false, http://www.dbunit.org/properties/fetchSize=100, http://www.dbunit.org/features/batchedStatements=false, http://www.dbunit.org/properties/metadataHandler=org.dbunit.database.DefaultMetadataHandler@62baffef, http://www.dbunit.org/properties/datatypeFactory=org.dbunit.dataset.datatype.DefaultDataTypeFactory[_toleratedDeltaMap=org.dbunit.dataset.datatype.ToleratedDeltaMap@6452310a], http://www.dbunit.org/properties/escapePattern=null, http://www.dbunit.org/properties/batchSize=100, http://www.dbunit.org/features/qualifiedTableNames=false, http://www.dbunit.org/properties/tableType=[Ljava.lang.String;@5011bafa, http://www.dbunit.org/properties/resultSetTableFactory=org.dbunit.database.CachedResultSetTableFactory@10bcf083, http://www.dbunit.org/features/datatypeWarning=true}], _dataSet=AbstractDataSet[_orderedTableNameMap=null]) - start
170844 [main] TRACE org.dbunit.database.DatabaseConfig  - getProperty(name=http://www.dbunit.org/properties/batchSize) - start
170844 [main] DEBUG org.dbunit.database.statement.AbstractStatementFactory  - supportBatchStatement(connection=_databaseConfig=org.dbunit.database.DatabaseConfig[, _propertyMap={http://www.dbunit.org/properties/statementFactory=org.dbunit.database.statement.PreparedStatementFactory@626bc2b8, http://www.dbunit.org/features/caseSensitiveTableNames=false, http://www.dbunit.org/properties/fetchSize=100, http://www.dbunit.org/features/batchedStatements=false, http://www.dbunit.org/properties/metadataHandler=org.dbunit.database.DefaultMetadataHandler@62baffef, http://www.dbunit.org/properties/datatypeFactory=org.dbunit.dataset.datatype.DefaultDataTypeFactory[_toleratedDeltaMap=org.dbunit.dataset.datatype.ToleratedDeltaMap@6452310a], http://www.dbunit.org/properties/escapePattern=null, http://www.dbunit.org/properties/batchSize=100, http://www.dbunit.org/features/qualifiedTableNames=false, http://www.dbunit.org/properties/tableType=[Ljava.lang.String;@5011bafa, http://www.dbunit.org/properties/resultSetTableFactory=org.dbunit.database.CachedResultSetTableFactory@10bcf083, http://www.dbunit.org/features/datatypeWarning=true}], _dataSet=AbstractDataSet[_orderedTableNameMap=null]) - start
170844 [main] TRACE org.dbunit.database.DatabaseConfig  - getFeature(name=http://www.dbunit.org/features/batchedStatements) - start
170844 [main] TRACE org.dbunit.database.DatabaseConfig  - getProperty(name=http://www.dbunit.org/features/batchedStatements) - start
170844 [main] DEBUG org.dbunit.database.DatabaseDataSourceConnection  - getConnection() - start
170844 [main] DEBUG org.dbunit.dataset.DefaultTable  - getValue(row=0, column=KEY) - start
170844 [main] DEBUG org.dbunit.dataset.AbstractTable  - assertValidRowIndex(row=0) - start
170844 [main] DEBUG org.dbunit.dataset.AbstractTable  - assertValidRowIndex(row=0, rowCount=1) - start
170845 [main] DEBUG org.dbunit.dataset.AbstractTable  - getColumnIndex(columnName=KEY) - start
170845 [main] DEBUG org.dbunit.dataset.AbstractTableMetaData  - getColumnIndex(columnName=KEY) - start
170845 [main] DEBUG org.dbunit.database.statement.AutomaticPreparedBatchStatement  - addValue(value=0, dataType=VARCHAR) - start
170845 [main] DEBUG org.dbunit.database.statement.SimplePreparedStatement  - addValue(value=0, dataType=VARCHAR) - start
170845 [main] DEBUG org.dbunit.dataset.datatype.StringDataType  - setSqlValue(value=0, column=1, statement=org.hsqldb.jdbc.JDBCPreparedStatement@1a456e9d[sql=[insert into SCOPEDCONTENTCONDITIONATTRIBUTE (KEY, CHECKORDER, CLASSNAME, VALUEPATH, OPERATOR, EXPECTEDVALUE, EXPECTEDVALUETYPE, SCOPEDCONTENTCONDITION, ID, TIMESTAMP) values (?, ?, ?, ?, ?, ?, ?, ?, ?, ?)], parameters=[[null], [null], [null], [null], [null], [null], [null], [null], [null], [null]]]) - start
170845 [main] DEBUG org.dbunit.dataset.datatype.DataType  - asString(value=0) - start
170845 [main] DEBUG org.dbunit.dataset.datatype.StringDataType  - typeCast(value=0) - start
170845 [main] DEBUG org.dbunit.dataset.DefaultTable  - getValue(row=0, column=CHECKORDER) - start
170845 [main] DEBUG org.dbunit.dataset.AbstractTable  - assertValidRowIndex(row=0) - start
170845 [main] DEBUG org.dbunit.dataset.AbstractTable  - assertValidRowIndex(row=0, rowCount=1) - start
170845 [main] DEBUG org.dbunit.dataset.AbstractTable  - getColumnIndex(columnName=CHECKORDER) - start
170845 [main] DEBUG org.dbunit.dataset.AbstractTableMetaData  - getColumnIndex(columnName=CHECKORDER) - start
170845 [main] DEBUG org.dbunit.database.statement.AutomaticPreparedBatchStatement  - addValue(value=0, dataType=INTEGER) - start
170845 [main] DEBUG org.dbunit.database.statement.SimplePreparedStatement  - addValue(value=0, dataType=INTEGER) - start
170845 [main] DEBUG org.dbunit.dataset.datatype.IntegerDataType  - setSqlValue(value=0, column=2, statement=org.hsqldb.jdbc.JDBCPreparedStatement@1a456e9d[sql=[insert into SCOPEDCONTENTCONDITIONATTRIBUTE (KEY, CHECKORDER, CLASSNAME, VALUEPATH, OPERATOR, EXPECTEDVALUE, EXPECTEDVALUETYPE, SCOPEDCONTENTCONDITION, ID, TIMESTAMP) values (?, ?, ?, ?, ?, ?, ?, ?, ?, ?)], parameters=[[0], [null], [null], [null], [null], [null], [null], [null], [null], [null]]]) - start
170845 [main] DEBUG org.dbunit.dataset.datatype.IntegerDataType  - typeCast(value=0) - start
170845 [main] DEBUG org.dbunit.dataset.DefaultTable  - getValue(row=0, column=CLASSNAME) - start
170845 [main] DEBUG org.dbunit.dataset.AbstractTable  - assertValidRowIndex(row=0) - start
170845 [main] DEBUG org.dbunit.dataset.AbstractTable  - assertValidRowIndex(row=0, rowCount=1) - start
170845 [main] DEBUG org.dbunit.dataset.AbstractTable  - getColumnIndex(columnName=CLASSNAME) - start
170845 [main] DEBUG org.dbunit.dataset.AbstractTableMetaData  - getColumnIndex(columnName=CLASSNAME) - start
170845 [main] DEBUG org.dbunit.database.statement.AutomaticPreparedBatchStatement  - addValue(value=1, dataType=VARCHAR) - start
170845 [main] DEBUG org.dbunit.database.statement.SimplePreparedStatement  - addValue(value=1, dataType=VARCHAR) - start
170845 [main] DEBUG org.dbunit.dataset.datatype.StringDataType  - setSqlValue(value=1, column=3, statement=org.hsqldb.jdbc.JDBCPreparedStatement@1a456e9d[sql=[insert into SCOPEDCONTENTCONDITIONATTRIBUTE (KEY, CHECKORDER, CLASSNAME, VALUEPATH, OPERATOR, EXPECTEDVALUE, EXPECTEDVALUETYPE, SCOPEDCONTENTCONDITION, ID, TIMESTAMP) values (?, ?, ?, ?, ?, ?, ?, ?, ?, ?)], parameters=[[0], [0], [null], [null], [null], [null], [null], [null], [null], [null]]]) - start
170845 [main] DEBUG org.dbunit.dataset.datatype.DataType  - asString(value=1) - start
170845 [main] DEBUG org.dbunit.dataset.datatype.StringDataType  - typeCast(value=1) - start
170845 [main] DEBUG org.dbunit.dataset.DefaultTable  - getValue(row=0, column=VALUEPATH) - start
170845 [main] DEBUG org.dbunit.dataset.AbstractTable  - assertValidRowIndex(row=0) - start
170845 [main] DEBUG org.dbunit.dataset.AbstractTable  - assertValidRowIndex(row=0, rowCount=1) - start
170845 [main] DEBUG org.dbunit.dataset.AbstractTable  - getColumnIndex(columnName=VALUEPATH) - start
170846 [main] DEBUG org.dbunit.dataset.AbstractTableMetaData  - getColumnIndex(columnName=VALUEPATH) - start
170846 [main] DEBUG org.dbunit.database.statement.AutomaticPreparedBatchStatement  - addValue(value=2, dataType=VARCHAR) - start
170846 [main] DEBUG org.dbunit.database.statement.SimplePreparedStatement  - addValue(value=2, dataType=VARCHAR) - start
170846 [main] DEBUG org.dbunit.dataset.datatype.StringDataType  - setSqlValue(value=2, column=4, statement=org.hsqldb.jdbc.JDBCPreparedStatement@1a456e9d[sql=[insert into SCOPEDCONTENTCONDITIONATTRIBUTE (KEY, CHECKORDER, CLASSNAME, VALUEPATH, OPERATOR, EXPECTEDVALUE, EXPECTEDVALUETYPE, SCOPEDCONTENTCONDITION, ID, TIMESTAMP) values (?, ?, ?, ?, ?, ?, ?, ?, ?, ?)], parameters=[[0], [0], [1], [null], [null], [null], [null], [null], [null], [null]]]) - start
170846 [main] DEBUG org.dbunit.dataset.datatype.DataType  - asString(value=2) - start
170846 [main] DEBUG org.dbunit.dataset.datatype.StringDataType  - typeCast(value=2) - start
170846 [main] DEBUG org.dbunit.dataset.DefaultTable  - getValue(row=0, column=OPERATOR) - start
170846 [main] DEBUG org.dbunit.dataset.AbstractTable  - assertValidRowIndex(row=0) - start
170846 [main] DEBUG org.dbunit.dataset.AbstractTable  - assertValidRowIndex(row=0, rowCount=1) - start
170846 [main] DEBUG org.dbunit.dataset.AbstractTable  - getColumnIndex(columnName=OPERATOR) - start
170846 [main] DEBUG org.dbunit.dataset.AbstractTableMetaData  - getColumnIndex(columnName=OPERATOR) - start
170846 [main] DEBUG org.dbunit.database.statement.AutomaticPreparedBatchStatement  - addValue(value=IsEqual, dataType=VARCHAR) - start
170846 [main] DEBUG org.dbunit.database.statement.SimplePreparedStatement  - addValue(value=IsEqual, dataType=VARCHAR) - start
170846 [main] DEBUG org.dbunit.dataset.datatype.StringDataType  - setSqlValue(value=IsEqual, column=5, statement=org.hsqldb.jdbc.JDBCPreparedStatement@1a456e9d[sql=[insert into SCOPEDCONTENTCONDITIONATTRIBUTE (KEY, CHECKORDER, CLASSNAME, VALUEPATH, OPERATOR, EXPECTEDVALUE, EXPECTEDVALUETYPE, SCOPEDCONTENTCONDITION, ID, TIMESTAMP) values (?, ?, ?, ?, ?, ?, ?, ?, ?, ?)], parameters=[[0], [0], [1], [2], [null], [null], [null], [null], [null], [null]]]) - start
170846 [main] DEBUG org.dbunit.dataset.datatype.DataType  - asString(value=IsEqual) - start
170846 [main] DEBUG org.dbunit.dataset.datatype.StringDataType  - typeCast(value=IsEqual) - start
170846 [main] WARN  org.dbunit.dataset.datatype.StringDataType  - Unknown/unsupported object type 'com.tmt.kontroll.content.persistence.selections.ReferenceOperator' - will invoke toString() as last fallback which might produce undesired results
170846 [main] DEBUG org.dbunit.dataset.DefaultTable  - getValue(row=0, column=EXPECTEDVALUE) - start
170846 [main] DEBUG org.dbunit.dataset.AbstractTable  - assertValidRowIndex(row=0) - start
170846 [main] DEBUG org.dbunit.dataset.AbstractTable  - assertValidRowIndex(row=0, rowCount=1) - start
170846 [main] DEBUG org.dbunit.dataset.AbstractTable  - getColumnIndex(columnName=EXPECTEDVALUE) - start
170846 [main] DEBUG org.dbunit.dataset.AbstractTableMetaData  - getColumnIndex(columnName=EXPECTEDVALUE) - start
170846 [main] DEBUG org.dbunit.database.statement.AutomaticPreparedBatchStatement  - addValue(value=3, dataType=VARCHAR) - start
170846 [main] DEBUG org.dbunit.database.statement.SimplePreparedStatement  - addValue(value=3, dataType=VARCHAR) - start
170846 [main] DEBUG org.dbunit.dataset.datatype.StringDataType  - setSqlValue(value=3, column=6, statement=org.hsqldb.jdbc.JDBCPreparedStatement@1a456e9d[sql=[insert into SCOPEDCONTENTCONDITIONATTRIBUTE (KEY, CHECKORDER, CLASSNAME, VALUEPATH, OPERATOR, EXPECTEDVALUE, EXPECTEDVALUETYPE, SCOPEDCONTENTCONDITION, ID, TIMESTAMP) values (?, ?, ?, ?, ?, ?, ?, ?, ?, ?)], parameters=[[0], [0], [1], [2], [IsEqual], [null], [null], [null], [null], [null]]]) - start
170847 [main] DEBUG org.dbunit.dataset.datatype.DataType  - asString(value=3) - start
170847 [main] DEBUG org.dbunit.dataset.datatype.StringDataType  - typeCast(value=3) - start
170847 [main] DEBUG org.dbunit.dataset.DefaultTable  - getValue(row=0, column=EXPECTEDVALUETYPE) - start
170847 [main] DEBUG org.dbunit.dataset.AbstractTable  - assertValidRowIndex(row=0) - start
170847 [main] DEBUG org.dbunit.dataset.AbstractTable  - assertValidRowIndex(row=0, rowCount=1) - start
170847 [main] DEBUG org.dbunit.dataset.AbstractTable  - getColumnIndex(columnName=EXPECTEDVALUETYPE) - start
170847 [main] DEBUG org.dbunit.dataset.AbstractTableMetaData  - getColumnIndex(columnName=EXPECTEDVALUETYPE) - start
170847 [main] DEBUG org.dbunit.database.statement.AutomaticPreparedBatchStatement  - addValue(value=4, dataType=VARCHAR) - start
170847 [main] DEBUG org.dbunit.database.statement.SimplePreparedStatement  - addValue(value=4, dataType=VARCHAR) - start
170847 [main] DEBUG org.dbunit.dataset.datatype.StringDataType  - setSqlValue(value=4, column=7, statement=org.hsqldb.jdbc.JDBCPreparedStatement@1a456e9d[sql=[insert into SCOPEDCONTENTCONDITIONATTRIBUTE (KEY, CHECKORDER, CLASSNAME, VALUEPATH, OPERATOR, EXPECTEDVALUE, EXPECTEDVALUETYPE, SCOPEDCONTENTCONDITION, ID, TIMESTAMP) values (?, ?, ?, ?, ?, ?, ?, ?, ?, ?)], parameters=[[0], [0], [1], [2], [IsEqual], [3], [null], [null], [null], [null]]]) - start
170847 [main] DEBUG org.dbunit.dataset.datatype.DataType  - asString(value=4) - start
170847 [main] DEBUG org.dbunit.dataset.datatype.StringDataType  - typeCast(value=4) - start
170847 [main] DEBUG org.dbunit.dataset.DefaultTable  - getValue(row=0, column=SCOPEDCONTENTCONDITION) - start
170847 [main] DEBUG org.dbunit.dataset.AbstractTable  - assertValidRowIndex(row=0) - start
170847 [main] DEBUG org.dbunit.dataset.AbstractTable  - assertValidRowIndex(row=0, rowCount=1) - start
170847 [main] DEBUG org.dbunit.dataset.AbstractTable  - getColumnIndex(columnName=SCOPEDCONTENTCONDITION) - start
170847 [main] DEBUG org.dbunit.dataset.AbstractTableMetaData  - getColumnIndex(columnName=SCOPEDCONTENTCONDITION) - start
170847 [main] DEBUG org.dbunit.database.statement.AutomaticPreparedBatchStatement  - addValue(value=1, dataType=INTEGER) - start
170847 [main] DEBUG org.dbunit.database.statement.SimplePreparedStatement  - addValue(value=1, dataType=INTEGER) - start
170847 [main] DEBUG org.dbunit.dataset.datatype.IntegerDataType  - setSqlValue(value=1, column=8, statement=org.hsqldb.jdbc.JDBCPreparedStatement@1a456e9d[sql=[insert into SCOPEDCONTENTCONDITIONATTRIBUTE (KEY, CHECKORDER, CLASSNAME, VALUEPATH, OPERATOR, EXPECTEDVALUE, EXPECTEDVALUETYPE, SCOPEDCONTENTCONDITION, ID, TIMESTAMP) values (?, ?, ?, ?, ?, ?, ?, ?, ?, ?)], parameters=[[0], [0], [1], [2], [IsEqual], [3], [4], [null], [null], [null]]]) - start
170847 [main] DEBUG org.dbunit.dataset.datatype.IntegerDataType  - typeCast(value=1) - start
170847 [main] DEBUG org.dbunit.dataset.DefaultTable  - getValue(row=0, column=ID) - start
170847 [main] DEBUG org.dbunit.dataset.AbstractTable  - assertValidRowIndex(row=0) - start
170847 [main] DEBUG org.dbunit.dataset.AbstractTable  - assertValidRowIndex(row=0, rowCount=1) - start
170847 [main] DEBUG org.dbunit.dataset.AbstractTable  - getColumnIndex(columnName=ID) - start
170847 [main] DEBUG org.dbunit.dataset.AbstractTableMetaData  - getColumnIndex(columnName=ID) - start
170847 [main] DEBUG org.dbunit.database.statement.AutomaticPreparedBatchStatement  - addValue(value=1, dataType=INTEGER) - start
170847 [main] DEBUG org.dbunit.database.statement.SimplePreparedStatement  - addValue(value=1, dataType=INTEGER) - start
170848 [main] DEBUG org.dbunit.dataset.datatype.IntegerDataType  - setSqlValue(value=1, column=9, statement=org.hsqldb.jdbc.JDBCPreparedStatement@1a456e9d[sql=[insert into SCOPEDCONTENTCONDITIONATTRIBUTE (KEY, CHECKORDER, CLASSNAME, VALUEPATH, OPERATOR, EXPECTEDVALUE, EXPECTEDVALUETYPE, SCOPEDCONTENTCONDITION, ID, TIMESTAMP) values (?, ?, ?, ?, ?, ?, ?, ?, ?, ?)], parameters=[[0], [0], [1], [2], [IsEqual], [3], [4], [1], [null], [null]]]) - start
170848 [main] DEBUG org.dbunit.dataset.datatype.IntegerDataType  - typeCast(value=1) - start
170848 [main] DEBUG org.dbunit.dataset.DefaultTable  - getValue(row=0, column=TIMESTAMP) - start
170848 [main] DEBUG org.dbunit.dataset.AbstractTable  - assertValidRowIndex(row=0) - start
170848 [main] DEBUG org.dbunit.dataset.AbstractTable  - assertValidRowIndex(row=0, rowCount=1) - start
170848 [main] DEBUG org.dbunit.dataset.AbstractTable  - getColumnIndex(columnName=TIMESTAMP) - start
170848 [main] DEBUG org.dbunit.dataset.AbstractTableMetaData  - getColumnIndex(columnName=TIMESTAMP) - start
170848 [main] DEBUG org.dbunit.database.statement.AutomaticPreparedBatchStatement  - addValue(value=2014-02-26 12:43:51.813, dataType=TIMESTAMP) - start
170848 [main] DEBUG org.dbunit.database.statement.SimplePreparedStatement  - addValue(value=2014-02-26 12:43:51.813, dataType=TIMESTAMP) - start
170848 [main] DEBUG org.dbunit.dataset.datatype.TimestampDataType  - setSqlValue(value=2014-02-26 12:43:51.813, column=10, statement=org.hsqldb.jdbc.JDBCPreparedStatement@1a456e9d[sql=[insert into SCOPEDCONTENTCONDITIONATTRIBUTE (KEY, CHECKORDER, CLASSNAME, VALUEPATH, OPERATOR, EXPECTEDVALUE, EXPECTEDVALUETYPE, SCOPEDCONTENTCONDITION, ID, TIMESTAMP) values (?, ?, ?, ?, ?, ?, ?, ?, ?, ?)], parameters=[[0], [0], [1], [2], [IsEqual], [3], [4], [1], [1], [null]]]) - start
170848 [main] DEBUG org.dbunit.dataset.datatype.TimestampDataType  - typeCast(value=2014-02-26 12:43:51.813) - start
170848 [main] DEBUG org.dbunit.database.statement.AutomaticPreparedBatchStatement  - addBatch() - start
170848 [main] DEBUG org.dbunit.database.statement.SimplePreparedStatement  - addBatch() - start
170848 [main] DEBUG org.dbunit.operation.InsertOperation  - equalsIgnoreMapping(ignoreMapping={}, table=org.dbunit.dataset.DefaultTable[_metaData=tableName=ScopedContentConditionAttribute, columns=[(key, UNKNOWN, nullableUnknown), (checkOrder, UNKNOWN, nullableUnknown), (className, UNKNOWN, nullableUnknown), (valuePath, UNKNOWN, nullableUnknown), (operator, UNKNOWN, nullableUnknown), (expectedValue, UNKNOWN, nullableUnknown), (expectedValueType, UNKNOWN, nullableUnknown), (scopedContentCondition, UNKNOWN, nullableUnknown), (id, UNKNOWN, nullableUnknown), (timeStamp, UNKNOWN, nullableUnknown)], keys=[], _rowList.size()=1], row=1) - start
170848 [main] DEBUG org.dbunit.dataset.DefaultTable  - getValue(row=1, column=key) - start
170848 [main] DEBUG org.dbunit.dataset.AbstractTable  - assertValidRowIndex(row=1) - start
170848 [main] DEBUG org.dbunit.dataset.AbstractTable  - assertValidRowIndex(row=1, rowCount=1) - start
170849 [main] DEBUG org.dbunit.database.statement.AutomaticPreparedBatchStatement  - executeBatch() - start
170849 [main] DEBUG org.dbunit.database.statement.SimplePreparedStatement  - executeBatch() - start
170849 [main] DEBUG org.dbunit.database.statement.SimplePreparedStatement  - clearBatch() - start
170849 [main] DEBUG org.dbunit.database.statement.AutomaticPreparedBatchStatement  - clearBatch() - start
170849 [main] DEBUG org.dbunit.database.statement.SimplePreparedStatement  - clearBatch() - start
170849 [main] DEBUG org.dbunit.database.statement.AutomaticPreparedBatchStatement  - close() - start
170849 [main] DEBUG org.dbunit.database.statement.AbstractPreparedBatchStatement  - close() - start
170849 [main] DEBUG org.dbunit.dataset.filter.SequenceTableIterator  - next() - start
170849 [main] DEBUG org.dbunit.dataset.filter.SequenceTableIterator  - getTable() - start
170849 [main] DEBUG org.dbunit.dataset.AbstractDataSet  - getTable(tableName=ScopedContentConditions_ScopedContent) - start
170849 [main] DEBUG org.dbunit.dataset.AbstractDataSet  - initialize() - start
170849 [main] DEBUG org.dbunit.dataset.AbstractDataSet  - The table name map has already been initialized.
170849 [main] DEBUG org.dbunit.dataset.OrderedTableNameMap  - getTableName(tableName=ScopedContentConditions_ScopedContent) - start
170849 [main] DEBUG org.dbunit.dataset.OrderedTableNameMap  - getTableName(tableName=ScopedContentConditions_ScopedContent) - end - result=SCOPEDCONTENTCONDITIONS_SCOPEDCONTENT
170849 [main] TRACE org.dbunit.operation.AbstractBatchOperation  - execute: processing table='ScopedContentConditions_ScopedContent'
170849 [main] DEBUG org.dbunit.operation.AbstractBatchOperation  - isEmpty(table=org.dbunit.dataset.DefaultTable[_metaData=tableName=ScopedContentConditions_ScopedContent, columns=[], keys=[], _rowList.size()=0]) - start
170849 [main] DEBUG org.dbunit.dataset.filter.SequenceTableIterator  - next() - start
170849 [main] DEBUG org.dbunit.dataset.filter.SequenceTableIterator  - getTable() - start
170849 [main] DEBUG org.dbunit.dataset.AbstractDataSet  - getTable(tableName=ScopedContentItem) - start
170849 [main] DEBUG org.dbunit.dataset.AbstractDataSet  - initialize() - start
170849 [main] DEBUG org.dbunit.dataset.AbstractDataSet  - The table name map has already been initialized.
170849 [main] DEBUG org.dbunit.dataset.OrderedTableNameMap  - getTableName(tableName=ScopedContentItem) - start
170849 [main] DEBUG org.dbunit.dataset.OrderedTableNameMap  - getTableName(tableName=ScopedContentItem) - end - result=SCOPEDCONTENTITEM
170849 [main] TRACE org.dbunit.operation.AbstractBatchOperation  - execute: processing table='ScopedContentItem'
170849 [main] DEBUG org.dbunit.operation.AbstractBatchOperation  - isEmpty(table=org.dbunit.dataset.DefaultTable[_metaData=tableName=ScopedContentItem, columns=[(tagName, UNKNOWN, nullableUnknown), (cssClass, UNKNOWN, nullableUnknown), (content, UNKNOWN, nullableUnknown), (type, UNKNOWN, nullableUnknown), (id, UNKNOWN, nullableUnknown), (timeStamp, UNKNOWN, nullableUnknown)], keys=[], _rowList.size()=1]) - start
170849 [main] DEBUG org.dbunit.dataset.DefaultTable  - getValue(row=0, column=tagName) - start
170849 [main] DEBUG org.dbunit.dataset.AbstractTable  - assertValidRowIndex(row=0) - start
170849 [main] DEBUG org.dbunit.dataset.AbstractTable  - assertValidRowIndex(row=0, rowCount=1) - start
170849 [main] DEBUG org.dbunit.dataset.AbstractTable  - getColumnIndex(columnName=tagName) - start
170850 [main] DEBUG org.dbunit.dataset.AbstractTableMetaData  - getColumnIndex(columnName=tagName) - start
170850 [main] DEBUG org.dbunit.operation.AbstractOperation  - getOperationMetaData(connection=_databaseConfig=org.dbunit.database.DatabaseConfig[, _propertyMap={http://www.dbunit.org/properties/statementFactory=org.dbunit.database.statement.PreparedStatementFactory@626bc2b8, http://www.dbunit.org/features/caseSensitiveTableNames=false, http://www.dbunit.org/properties/fetchSize=100, http://www.dbunit.org/features/batchedStatements=false, http://www.dbunit.org/properties/metadataHandler=org.dbunit.database.DefaultMetadataHandler@62baffef, http://www.dbunit.org/properties/datatypeFactory=org.dbunit.dataset.datatype.DefaultDataTypeFactory[_toleratedDeltaMap=org.dbunit.dataset.datatype.ToleratedDeltaMap@6452310a], http://www.dbunit.org/properties/escapePattern=null, http://www.dbunit.org/properties/batchSize=100, http://www.dbunit.org/features/qualifiedTableNames=false, http://www.dbunit.org/properties/tableType=[Ljava.lang.String;@5011bafa, http://www.dbunit.org/properties/resultSetTableFactory=org.dbunit.database.CachedResultSetTableFactory@10bcf083, http://www.dbunit.org/features/datatypeWarning=true}], _dataSet=AbstractDataSet[_orderedTableNameMap=null], metaData=tableName=ScopedContentItem, columns=[(tagName, UNKNOWN, nullableUnknown), (cssClass, UNKNOWN, nullableUnknown), (content, UNKNOWN, nullableUnknown), (type, UNKNOWN, nullableUnknown), (id, UNKNOWN, nullableUnknown), (timeStamp, UNKNOWN, nullableUnknown)], keys=[]) - start
170850 [main] DEBUG org.dbunit.database.AbstractDatabaseConnection  - createDataSet() - start
170850 [main] DEBUG org.dbunit.database.DatabaseDataSet  - getTableMetaData(tableName=ScopedContentItem) - start
170850 [main] DEBUG org.dbunit.database.DatabaseDataSet  - initialize() - start
170850 [main] DEBUG org.dbunit.dataset.OrderedTableNameMap  - getTableName(tableName=ScopedContentItem) - start
170850 [main] DEBUG org.dbunit.dataset.OrderedTableNameMap  - getTableName(tableName=ScopedContentItem) - end - result=SCOPEDCONTENTITEM
170850 [main] DEBUG org.dbunit.dataset.OrderedTableNameMap  - getTableName(tableName=ScopedContentItem) - start
170850 [main] DEBUG org.dbunit.dataset.OrderedTableNameMap  - getTableName(tableName=ScopedContentItem) - end - result=SCOPEDCONTENTITEM
170850 [main] DEBUG org.dbunit.dataset.AbstractTableMetaData  - getColumnIndex(columnName=tagName) - start
170850 [main] DEBUG org.dbunit.database.DatabaseTableMetaData  - getColumns() - start
170850 [main] DEBUG org.dbunit.database.DatabaseTableMetaData  - getColumns() - start
170850 [main] DEBUG org.dbunit.dataset.AbstractTableMetaData  - getColumnIndex(columnName=cssClass) - start
170850 [main] DEBUG org.dbunit.database.DatabaseTableMetaData  - getColumns() - start
170850 [main] DEBUG org.dbunit.dataset.AbstractTableMetaData  - getColumnIndex(columnName=content) - start
170850 [main] DEBUG org.dbunit.database.DatabaseTableMetaData  - getColumns() - start
170850 [main] DEBUG org.dbunit.dataset.AbstractTableMetaData  - getColumnIndex(columnName=type) - start
170850 [main] DEBUG org.dbunit.database.DatabaseTableMetaData  - getColumns() - start
170850 [main] DEBUG org.dbunit.dataset.AbstractTableMetaData  - getColumnIndex(columnName=id) - start
170850 [main] DEBUG org.dbunit.database.DatabaseTableMetaData  - getColumns() - start
170850 [main] DEBUG org.dbunit.dataset.AbstractTableMetaData  - getColumnIndex(columnName=timeStamp) - start
170850 [main] DEBUG org.dbunit.database.DatabaseTableMetaData  - getColumns() - start
170850 [main] DEBUG org.dbunit.database.DatabaseTableMetaData  - getPrimaryKeys() - start
170850 [main] TRACE org.dbunit.database.DatabaseConfig  - getProperty(name=http://www.dbunit.org/properties/primaryKeyFilter) - start
170850 [main] DEBUG org.dbunit.operation.InsertOperation  - getIgnoreMapping(table=org.dbunit.dataset.DefaultTable[_metaData=tableName=ScopedContentItem, columns=[(tagName, UNKNOWN, nullableUnknown), (cssClass, UNKNOWN, nullableUnknown), (content, UNKNOWN, nullableUnknown), (type, UNKNOWN, nullableUnknown), (id, UNKNOWN, nullableUnknown), (timeStamp, UNKNOWN, nullableUnknown)], keys=[], _rowList.size()=1], row=0) - start
170850 [main] DEBUG org.dbunit.dataset.DefaultTable  - getValue(row=0, column=tagName) - start
170851 [main] DEBUG org.dbunit.dataset.AbstractTable  - assertValidRowIndex(row=0) - start
170851 [main] DEBUG org.dbunit.dataset.AbstractTable  - assertValidRowIndex(row=0, rowCount=1) - start
170851 [main] DEBUG org.dbunit.dataset.AbstractTable  - getColumnIndex(columnName=tagName) - start
170851 [main] DEBUG org.dbunit.dataset.AbstractTableMetaData  - getColumnIndex(columnName=tagName) - start
170851 [main] DEBUG org.dbunit.dataset.DefaultTable  - getValue(row=0, column=cssClass) - start
170851 [main] DEBUG org.dbunit.dataset.AbstractTable  - assertValidRowIndex(row=0) - start
170851 [main] DEBUG org.dbunit.dataset.AbstractTable  - assertValidRowIndex(row=0, rowCount=1) - start
170851 [main] DEBUG org.dbunit.dataset.AbstractTable  - getColumnIndex(columnName=cssClass) - start
170851 [main] DEBUG org.dbunit.dataset.AbstractTableMetaData  - getColumnIndex(columnName=cssClass) - start
170851 [main] DEBUG org.dbunit.dataset.DefaultTable  - getValue(row=0, column=content) - start
170851 [main] DEBUG org.dbunit.dataset.AbstractTable  - assertValidRowIndex(row=0) - start
170851 [main] DEBUG org.dbunit.dataset.AbstractTable  - assertValidRowIndex(row=0, rowCount=1) - start
170851 [main] DEBUG org.dbunit.dataset.AbstractTable  - getColumnIndex(columnName=content) - start
170851 [main] DEBUG org.dbunit.dataset.AbstractTableMetaData  - getColumnIndex(columnName=content) - start
170851 [main] DEBUG org.dbunit.dataset.DefaultTable  - getValue(row=0, column=type) - start
170851 [main] DEBUG org.dbunit.dataset.AbstractTable  - assertValidRowIndex(row=0) - start
170851 [main] DEBUG org.dbunit.dataset.AbstractTable  - assertValidRowIndex(row=0, rowCount=1) - start
170851 [main] DEBUG org.dbunit.dataset.AbstractTable  - getColumnIndex(columnName=type) - start
170851 [main] DEBUG org.dbunit.dataset.AbstractTableMetaData  - getColumnIndex(columnName=type) - start
170851 [main] DEBUG org.dbunit.dataset.DefaultTable  - getValue(row=0, column=id) - start
170851 [main] DEBUG org.dbunit.dataset.AbstractTable  - assertValidRowIndex(row=0) - start
170851 [main] DEBUG org.dbunit.dataset.AbstractTable  - assertValidRowIndex(row=0, rowCount=1) - start
170851 [main] DEBUG org.dbunit.dataset.AbstractTable  - getColumnIndex(columnName=id) - start
170851 [main] DEBUG org.dbunit.dataset.AbstractTableMetaData  - getColumnIndex(columnName=id) - start
170851 [main] DEBUG org.dbunit.dataset.DefaultTable  - getValue(row=0, column=timeStamp) - start
170851 [main] DEBUG org.dbunit.dataset.AbstractTable  - assertValidRowIndex(row=0) - start
170851 [main] DEBUG org.dbunit.dataset.AbstractTable  - assertValidRowIndex(row=0, rowCount=1) - start
170851 [main] DEBUG org.dbunit.dataset.AbstractTable  - getColumnIndex(columnName=timeStamp) - start
170851 [main] DEBUG org.dbunit.dataset.AbstractTableMetaData  - getColumnIndex(columnName=timeStamp) - start
170852 [main] DEBUG org.dbunit.operation.InsertOperation  - getOperationData(metaData=tableName=SCOPEDCONTENTITEM, columns=[(TAGNAME, VARCHAR, nullable), (CSSCLASS, VARCHAR, nullable), (CONTENT, VARCHAR, noNulls), (TYPE, VARCHAR, nullable), (ID, INTEGER, noNulls), (TIMESTAMP, TIMESTAMP, nullable)], keys=[(ID, INTEGER, noNulls)], ignoreMapping={}, connection=_databaseConfig=org.dbunit.database.DatabaseConfig[, _propertyMap={http://www.dbunit.org/properties/statementFactory=org.dbunit.database.statement.PreparedStatementFactory@626bc2b8, http://www.dbunit.org/features/caseSensitiveTableNames=false, http://www.dbunit.org/properties/fetchSize=100, http://www.dbunit.org/features/batchedStatements=false, http://www.dbunit.org/properties/metadataHandler=org.dbunit.database.DefaultMetadataHandler@62baffef, http://www.dbunit.org/properties/datatypeFactory=org.dbunit.dataset.datatype.DefaultDataTypeFactory[_toleratedDeltaMap=org.dbunit.dataset.datatype.ToleratedDeltaMap@6452310a], http://www.dbunit.org/properties/escapePattern=null, http://www.dbunit.org/properties/batchSize=100, http://www.dbunit.org/features/qualifiedTableNames=false, http://www.dbunit.org/properties/tableType=[Ljava.lang.String;@5011bafa, http://www.dbunit.org/properties/resultSetTableFactory=org.dbunit.database.CachedResultSetTableFactory@10bcf083, http://www.dbunit.org/features/datatypeWarning=true}], _dataSet=AbstractDataSet[_orderedTableNameMap=null]) - start
170852 [main] DEBUG org.dbunit.operation.AbstractOperation  - getQualifiedName(prefix=null, name=SCOPEDCONTENTITEM, connection=_databaseConfig=org.dbunit.database.DatabaseConfig[, _propertyMap={http://www.dbunit.org/properties/statementFactory=org.dbunit.database.statement.PreparedStatementFactory@626bc2b8, http://www.dbunit.org/features/caseSensitiveTableNames=false, http://www.dbunit.org/properties/fetchSize=100, http://www.dbunit.org/features/batchedStatements=false, http://www.dbunit.org/properties/metadataHandler=org.dbunit.database.DefaultMetadataHandler@62baffef, http://www.dbunit.org/properties/datatypeFactory=org.dbunit.dataset.datatype.DefaultDataTypeFactory[_toleratedDeltaMap=org.dbunit.dataset.datatype.ToleratedDeltaMap@6452310a], http://www.dbunit.org/properties/escapePattern=null, http://www.dbunit.org/properties/batchSize=100, http://www.dbunit.org/features/qualifiedTableNames=false, http://www.dbunit.org/properties/tableType=[Ljava.lang.String;@5011bafa, http://www.dbunit.org/properties/resultSetTableFactory=org.dbunit.database.CachedResultSetTableFactory@10bcf083, http://www.dbunit.org/features/datatypeWarning=true}], _dataSet=AbstractDataSet[_orderedTableNameMap=null]) - start
170852 [main] TRACE org.dbunit.database.DatabaseConfig  - getProperty(name=http://www.dbunit.org/properties/escapePattern) - start
170852 [main] DEBUG org.dbunit.util.QualifiedTableName  - getQualifiedName() - start
170852 [main] DEBUG org.dbunit.util.QualifiedTableName  - getQualifiedName(prefix=null, name=SCOPEDCONTENTITEM, escapePattern=null) - start
170852 [main] DEBUG org.dbunit.operation.AbstractOperation  - getQualifiedName(prefix=null, name=TAGNAME, connection=_databaseConfig=org.dbunit.database.DatabaseConfig[, _propertyMap={http://www.dbunit.org/properties/statementFactory=org.dbunit.database.statement.PreparedStatementFactory@626bc2b8, http://www.dbunit.org/features/caseSensitiveTableNames=false, http://www.dbunit.org/properties/fetchSize=100, http://www.dbunit.org/features/batchedStatements=false, http://www.dbunit.org/properties/metadataHandler=org.dbunit.database.DefaultMetadataHandler@62baffef, http://www.dbunit.org/properties/datatypeFactory=org.dbunit.dataset.datatype.DefaultDataTypeFactory[_toleratedDeltaMap=org.dbunit.dataset.datatype.ToleratedDeltaMap@6452310a], http://www.dbunit.org/properties/escapePattern=null, http://www.dbunit.org/properties/batchSize=100, http://www.dbunit.org/features/qualifiedTableNames=false, http://www.dbunit.org/properties/tableType=[Ljava.lang.String;@5011bafa, http://www.dbunit.org/properties/resultSetTableFactory=org.dbunit.database.CachedResultSetTableFactory@10bcf083, http://www.dbunit.org/features/datatypeWarning=true}], _dataSet=AbstractDataSet[_orderedTableNameMap=null]) - start
170852 [main] TRACE org.dbunit.database.DatabaseConfig  - getProperty(name=http://www.dbunit.org/properties/escapePattern) - start
170852 [main] DEBUG org.dbunit.util.QualifiedTableName  - getQualifiedName() - start
170852 [main] DEBUG org.dbunit.util.QualifiedTableName  - getQualifiedName(prefix=null, name=TAGNAME, escapePattern=null) - start
170852 [main] DEBUG org.dbunit.operation.AbstractOperation  - getQualifiedName(prefix=null, name=CSSCLASS, connection=_databaseConfig=org.dbunit.database.DatabaseConfig[, _propertyMap={http://www.dbunit.org/properties/statementFactory=org.dbunit.database.statement.PreparedStatementFactory@626bc2b8, http://www.dbunit.org/features/caseSensitiveTableNames=false, http://www.dbunit.org/properties/fetchSize=100, http://www.dbunit.org/features/batchedStatements=false, http://www.dbunit.org/properties/metadataHandler=org.dbunit.database.DefaultMetadataHandler@62baffef, http://www.dbunit.org/properties/datatypeFactory=org.dbunit.dataset.datatype.DefaultDataTypeFactory[_toleratedDeltaMap=org.dbunit.dataset.datatype.ToleratedDeltaMap@6452310a], http://www.dbunit.org/properties/escapePattern=null, http://www.dbunit.org/properties/batchSize=100, http://www.dbunit.org/features/qualifiedTableNames=false, http://www.dbunit.org/properties/tableType=[Ljava.lang.String;@5011bafa, http://www.dbunit.org/properties/resultSetTableFactory=org.dbunit.database.CachedResultSetTableFactory@10bcf083, http://www.dbunit.org/features/datatypeWarning=true}], _dataSet=AbstractDataSet[_orderedTableNameMap=null]) - start
170852 [main] TRACE org.dbunit.database.DatabaseConfig  - getProperty(name=http://www.dbunit.org/properties/escapePattern) - start
170852 [main] DEBUG org.dbunit.util.QualifiedTableName  - getQualifiedName() - start
170852 [main] DEBUG org.dbunit.util.QualifiedTableName  - getQualifiedName(prefix=null, name=CSSCLASS, escapePattern=null) - start
170852 [main] DEBUG org.dbunit.operation.AbstractOperation  - getQualifiedName(prefix=null, name=CONTENT, connection=_databaseConfig=org.dbunit.database.DatabaseConfig[, _propertyMap={http://www.dbunit.org/properties/statementFactory=org.dbunit.database.statement.PreparedStatementFactory@626bc2b8, http://www.dbunit.org/features/caseSensitiveTableNames=false, http://www.dbunit.org/properties/fetchSize=100, http://www.dbunit.org/features/batchedStatements=false, http://www.dbunit.org/properties/metadataHandler=org.dbunit.database.DefaultMetadataHandler@62baffef, http://www.dbunit.org/properties/datatypeFactory=org.dbunit.dataset.datatype.DefaultDataTypeFactory[_toleratedDeltaMap=org.dbunit.dataset.datatype.ToleratedDeltaMap@6452310a], http://www.dbunit.org/properties/escapePattern=null, http://www.dbunit.org/properties/batchSize=100, http://www.dbunit.org/features/qualifiedTableNames=false, http://www.dbunit.org/properties/tableType=[Ljava.lang.String;@5011bafa, http://www.dbunit.org/properties/resultSetTableFactory=org.dbunit.database.CachedResultSetTableFactory@10bcf083, http://www.dbunit.org/features/datatypeWarning=true}], _dataSet=AbstractDataSet[_orderedTableNameMap=null]) - start
170852 [main] TRACE org.dbunit.database.DatabaseConfig  - getProperty(name=http://www.dbunit.org/properties/escapePattern) - start
170852 [main] DEBUG org.dbunit.util.QualifiedTableName  - getQualifiedName() - start
170852 [main] DEBUG org.dbunit.util.QualifiedTableName  - getQualifiedName(prefix=null, name=CONTENT, escapePattern=null) - start
170852 [main] DEBUG org.dbunit.operation.AbstractOperation  - getQualifiedName(prefix=null, name=TYPE, connection=_databaseConfig=org.dbunit.database.DatabaseConfig[, _propertyMap={http://www.dbunit.org/properties/statementFactory=org.dbunit.database.statement.PreparedStatementFactory@626bc2b8, http://www.dbunit.org/features/caseSensitiveTableNames=false, http://www.dbunit.org/properties/fetchSize=100, http://www.dbunit.org/features/batchedStatements=false, http://www.dbunit.org/properties/metadataHandler=org.dbunit.database.DefaultMetadataHandler@62baffef, http://www.dbunit.org/properties/datatypeFactory=org.dbunit.dataset.datatype.DefaultDataTypeFactory[_toleratedDeltaMap=org.dbunit.dataset.datatype.ToleratedDeltaMap@6452310a], http://www.dbunit.org/properties/escapePattern=null, http://www.dbunit.org/properties/batchSize=100, http://www.dbunit.org/features/qualifiedTableNames=false, http://www.dbunit.org/properties/tableType=[Ljava.lang.String;@5011bafa, http://www.dbunit.org/properties/resultSetTableFactory=org.dbunit.database.CachedResultSetTableFactory@10bcf083, http://www.dbunit.org/features/datatypeWarning=true}], _dataSet=AbstractDataSet[_orderedTableNameMap=null]) - start
170853 [main] TRACE org.dbunit.database.DatabaseConfig  - getProperty(name=http://www.dbunit.org/properties/escapePattern) - start
170853 [main] DEBUG org.dbunit.util.QualifiedTableName  - getQualifiedName() - start
170853 [main] DEBUG org.dbunit.util.QualifiedTableName  - getQualifiedName(prefix=null, name=TYPE, escapePattern=null) - start
170853 [main] DEBUG org.dbunit.operation.AbstractOperation  - getQualifiedName(prefix=null, name=ID, connection=_databaseConfig=org.dbunit.database.DatabaseConfig[, _propertyMap={http://www.dbunit.org/properties/statementFactory=org.dbunit.database.statement.PreparedStatementFactory@626bc2b8, http://www.dbunit.org/features/caseSensitiveTableNames=false, http://www.dbunit.org/properties/fetchSize=100, http://www.dbunit.org/features/batchedStatements=false, http://www.dbunit.org/properties/metadataHandler=org.dbunit.database.DefaultMetadataHandler@62baffef, http://www.dbunit.org/properties/datatypeFactory=org.dbunit.dataset.datatype.DefaultDataTypeFactory[_toleratedDeltaMap=org.dbunit.dataset.datatype.ToleratedDeltaMap@6452310a], http://www.dbunit.org/properties/escapePattern=null, http://www.dbunit.org/properties/batchSize=100, http://www.dbunit.org/features/qualifiedTableNames=false, http://www.dbunit.org/properties/tableType=[Ljava.lang.String;@5011bafa, http://www.dbunit.org/properties/resultSetTableFactory=org.dbunit.database.CachedResultSetTableFactory@10bcf083, http://www.dbunit.org/features/datatypeWarning=true}], _dataSet=AbstractDataSet[_orderedTableNameMap=null]) - start
170853 [main] TRACE org.dbunit.database.DatabaseConfig  - getProperty(name=http://www.dbunit.org/properties/escapePattern) - start
170853 [main] DEBUG org.dbunit.util.QualifiedTableName  - getQualifiedName() - start
170853 [main] DEBUG org.dbunit.util.QualifiedTableName  - getQualifiedName(prefix=null, name=ID, escapePattern=null) - start
170853 [main] DEBUG org.dbunit.operation.AbstractOperation  - getQualifiedName(prefix=null, name=TIMESTAMP, connection=_databaseConfig=org.dbunit.database.DatabaseConfig[, _propertyMap={http://www.dbunit.org/properties/statementFactory=org.dbunit.database.statement.PreparedStatementFactory@626bc2b8, http://www.dbunit.org/features/caseSensitiveTableNames=false, http://www.dbunit.org/properties/fetchSize=100, http://www.dbunit.org/features/batchedStatements=false, http://www.dbunit.org/properties/metadataHandler=org.dbunit.database.DefaultMetadataHandler@62baffef, http://www.dbunit.org/properties/datatypeFactory=org.dbunit.dataset.datatype.DefaultDataTypeFactory[_toleratedDeltaMap=org.dbunit.dataset.datatype.ToleratedDeltaMap@6452310a], http://www.dbunit.org/properties/escapePattern=null, http://www.dbunit.org/properties/batchSize=100, http://www.dbunit.org/features/qualifiedTableNames=false, http://www.dbunit.org/properties/tableType=[Ljava.lang.String;@5011bafa, http://www.dbunit.org/properties/resultSetTableFactory=org.dbunit.database.CachedResultSetTableFactory@10bcf083, http://www.dbunit.org/features/datatypeWarning=true}], _dataSet=AbstractDataSet[_orderedTableNameMap=null]) - start
170853 [main] TRACE org.dbunit.database.DatabaseConfig  - getProperty(name=http://www.dbunit.org/properties/escapePattern) - start
170853 [main] DEBUG org.dbunit.util.QualifiedTableName  - getQualifiedName() - start
170853 [main] DEBUG org.dbunit.util.QualifiedTableName  - getQualifiedName(prefix=null, name=TIMESTAMP, escapePattern=null) - start
170853 [main] DEBUG org.dbunit.database.statement.PreparedStatementFactory  - createPreparedBatchStatement(sql=insert into SCOPEDCONTENTITEM (TAGNAME, CSSCLASS, CONTENT, TYPE, ID, TIMESTAMP) values (?, ?, ?, ?, ?, ?), connection=_databaseConfig=org.dbunit.database.DatabaseConfig[, _propertyMap={http://www.dbunit.org/properties/statementFactory=org.dbunit.database.statement.PreparedStatementFactory@626bc2b8, http://www.dbunit.org/features/caseSensitiveTableNames=false, http://www.dbunit.org/properties/fetchSize=100, http://www.dbunit.org/features/batchedStatements=false, http://www.dbunit.org/properties/metadataHandler=org.dbunit.database.DefaultMetadataHandler@62baffef, http://www.dbunit.org/properties/datatypeFactory=org.dbunit.dataset.datatype.DefaultDataTypeFactory[_toleratedDeltaMap=org.dbunit.dataset.datatype.ToleratedDeltaMap@6452310a], http://www.dbunit.org/properties/escapePattern=null, http://www.dbunit.org/properties/batchSize=100, http://www.dbunit.org/features/qualifiedTableNames=false, http://www.dbunit.org/properties/tableType=[Ljava.lang.String;@5011bafa, http://www.dbunit.org/properties/resultSetTableFactory=org.dbunit.database.CachedResultSetTableFactory@10bcf083, http://www.dbunit.org/features/datatypeWarning=true}], _dataSet=AbstractDataSet[_orderedTableNameMap=null]) - start
170853 [main] TRACE org.dbunit.database.DatabaseConfig  - getProperty(name=http://www.dbunit.org/properties/batchSize) - start
170853 [main] DEBUG org.dbunit.database.statement.AbstractStatementFactory  - supportBatchStatement(connection=_databaseConfig=org.dbunit.database.DatabaseConfig[, _propertyMap={http://www.dbunit.org/properties/statementFactory=org.dbunit.database.statement.PreparedStatementFactory@626bc2b8, http://www.dbunit.org/features/caseSensitiveTableNames=false, http://www.dbunit.org/properties/fetchSize=100, http://www.dbunit.org/features/batchedStatements=false, http://www.dbunit.org/properties/metadataHandler=org.dbunit.database.DefaultMetadataHandler@62baffef, http://www.dbunit.org/properties/datatypeFactory=org.dbunit.dataset.datatype.DefaultDataTypeFactory[_toleratedDeltaMap=org.dbunit.dataset.datatype.ToleratedDeltaMap@6452310a], http://www.dbunit.org/properties/escapePattern=null, http://www.dbunit.org/properties/batchSize=100, http://www.dbunit.org/features/qualifiedTableNames=false, http://www.dbunit.org/properties/tableType=[Ljava.lang.String;@5011bafa, http://www.dbunit.org/properties/resultSetTableFactory=org.dbunit.database.CachedResultSetTableFactory@10bcf083, http://www.dbunit.org/features/datatypeWarning=true}], _dataSet=AbstractDataSet[_orderedTableNameMap=null]) - start
170853 [main] TRACE org.dbunit.database.DatabaseConfig  - getFeature(name=http://www.dbunit.org/features/batchedStatements) - start
170853 [main] TRACE org.dbunit.database.DatabaseConfig  - getProperty(name=http://www.dbunit.org/features/batchedStatements) - start
170853 [main] DEBUG org.dbunit.database.DatabaseDataSourceConnection  - getConnection() - start
170854 [main] DEBUG org.dbunit.dataset.DefaultTable  - getValue(row=0, column=TAGNAME) - start
170854 [main] DEBUG org.dbunit.dataset.AbstractTable  - assertValidRowIndex(row=0) - start
170854 [main] DEBUG org.dbunit.dataset.AbstractTable  - assertValidRowIndex(row=0, rowCount=1) - start
170854 [main] DEBUG org.dbunit.dataset.AbstractTable  - getColumnIndex(columnName=TAGNAME) - start
170854 [main] DEBUG org.dbunit.dataset.AbstractTableMetaData  - getColumnIndex(columnName=TAGNAME) - start
170854 [main] DEBUG org.dbunit.database.statement.AutomaticPreparedBatchStatement  - addValue(value=6, dataType=VARCHAR) - start
170854 [main] DEBUG org.dbunit.database.statement.SimplePreparedStatement  - addValue(value=6, dataType=VARCHAR) - start
170854 [main] DEBUG org.dbunit.dataset.datatype.StringDataType  - setSqlValue(value=6, column=1, statement=org.hsqldb.jdbc.JDBCPreparedStatement@446112e4[sql=[insert into SCOPEDCONTENTITEM (TAGNAME, CSSCLASS, CONTENT, TYPE, ID, TIMESTAMP) values (?, ?, ?, ?, ?, ?)], parameters=[[null], [null], [null], [null], [null], [null]]]) - start
170854 [main] DEBUG org.dbunit.dataset.datatype.DataType  - asString(value=6) - start
170854 [main] DEBUG org.dbunit.dataset.datatype.StringDataType  - typeCast(value=6) - start
170854 [main] DEBUG org.dbunit.dataset.DefaultTable  - getValue(row=0, column=CSSCLASS) - start
170854 [main] DEBUG org.dbunit.dataset.AbstractTable  - assertValidRowIndex(row=0) - start
170854 [main] DEBUG org.dbunit.dataset.AbstractTable  - assertValidRowIndex(row=0, rowCount=1) - start
170854 [main] DEBUG org.dbunit.dataset.AbstractTable  - getColumnIndex(columnName=CSSCLASS) - start
170854 [main] DEBUG org.dbunit.dataset.AbstractTableMetaData  - getColumnIndex(columnName=CSSCLASS) - start
170854 [main] DEBUG org.dbunit.database.statement.AutomaticPreparedBatchStatement  - addValue(value=7, dataType=VARCHAR) - start
170854 [main] DEBUG org.dbunit.database.statement.SimplePreparedStatement  - addValue(value=7, dataType=VARCHAR) - start
170854 [main] DEBUG org.dbunit.dataset.datatype.StringDataType  - setSqlValue(value=7, column=2, statement=org.hsqldb.jdbc.JDBCPreparedStatement@446112e4[sql=[insert into SCOPEDCONTENTITEM (TAGNAME, CSSCLASS, CONTENT, TYPE, ID, TIMESTAMP) values (?, ?, ?, ?, ?, ?)], parameters=[[6], [null], [null], [null], [null], [null]]]) - start
170854 [main] DEBUG org.dbunit.dataset.datatype.DataType  - asString(value=7) - start
170854 [main] DEBUG org.dbunit.dataset.datatype.StringDataType  - typeCast(value=7) - start
170854 [main] DEBUG org.dbunit.dataset.DefaultTable  - getValue(row=0, column=CONTENT) - start
170854 [main] DEBUG org.dbunit.dataset.AbstractTable  - assertValidRowIndex(row=0) - start
170854 [main] DEBUG org.dbunit.dataset.AbstractTable  - assertValidRowIndex(row=0, rowCount=1) - start
170854 [main] DEBUG org.dbunit.dataset.AbstractTable  - getColumnIndex(columnName=CONTENT) - start
170854 [main] DEBUG org.dbunit.dataset.AbstractTableMetaData  - getColumnIndex(columnName=CONTENT) - start
170855 [main] DEBUG org.dbunit.database.statement.AutomaticPreparedBatchStatement  - addValue(value=8, dataType=VARCHAR) - start
170855 [main] DEBUG org.dbunit.database.statement.SimplePreparedStatement  - addValue(value=8, dataType=VARCHAR) - start
170855 [main] DEBUG org.dbunit.dataset.datatype.StringDataType  - setSqlValue(value=8, column=3, statement=org.hsqldb.jdbc.JDBCPreparedStatement@446112e4[sql=[insert into SCOPEDCONTENTITEM (TAGNAME, CSSCLASS, CONTENT, TYPE, ID, TIMESTAMP) values (?, ?, ?, ?, ?, ?)], parameters=[[6], [7], [null], [null], [null], [null]]]) - start
170855 [main] DEBUG org.dbunit.dataset.datatype.DataType  - asString(value=8) - start
170855 [main] DEBUG org.dbunit.dataset.datatype.StringDataType  - typeCast(value=8) - start
170855 [main] DEBUG org.dbunit.dataset.DefaultTable  - getValue(row=0, column=TYPE) - start
170855 [main] DEBUG org.dbunit.dataset.AbstractTable  - assertValidRowIndex(row=0) - start
170855 [main] DEBUG org.dbunit.dataset.AbstractTable  - assertValidRowIndex(row=0, rowCount=1) - start
170855 [main] DEBUG org.dbunit.dataset.AbstractTable  - getColumnIndex(columnName=TYPE) - start
170855 [main] DEBUG org.dbunit.dataset.AbstractTableMetaData  - getColumnIndex(columnName=TYPE) - start
170855 [main] DEBUG org.dbunit.database.statement.AutomaticPreparedBatchStatement  - addValue(value=Audio, dataType=VARCHAR) - start
170855 [main] DEBUG org.dbunit.database.statement.SimplePreparedStatement  - addValue(value=Audio, dataType=VARCHAR) - start
170855 [main] DEBUG org.dbunit.dataset.datatype.StringDataType  - setSqlValue(value=Audio, column=4, statement=org.hsqldb.jdbc.JDBCPreparedStatement@446112e4[sql=[insert into SCOPEDCONTENTITEM (TAGNAME, CSSCLASS, CONTENT, TYPE, ID, TIMESTAMP) values (?, ?, ?, ?, ?, ?)], parameters=[[6], [7], [8], [null], [null], [null]]]) - start
170855 [main] DEBUG org.dbunit.dataset.datatype.DataType  - asString(value=Audio) - start
170855 [main] DEBUG org.dbunit.dataset.datatype.StringDataType  - typeCast(value=Audio) - start
170855 [main] WARN  org.dbunit.dataset.datatype.StringDataType  - Unknown/unsupported object type 'com.tmt.kontroll.content.persistence.selections.ContentType' - will invoke toString() as last fallback which might produce undesired results
170855 [main] DEBUG org.dbunit.dataset.DefaultTable  - getValue(row=0, column=ID) - start
170855 [main] DEBUG org.dbunit.dataset.AbstractTable  - assertValidRowIndex(row=0) - start
170855 [main] DEBUG org.dbunit.dataset.AbstractTable  - assertValidRowIndex(row=0, rowCount=1) - start
170855 [main] DEBUG org.dbunit.dataset.AbstractTable  - getColumnIndex(columnName=ID) - start
170855 [main] DEBUG org.dbunit.dataset.AbstractTableMetaData  - getColumnIndex(columnName=ID) - start
170855 [main] DEBUG org.dbunit.database.statement.AutomaticPreparedBatchStatement  - addValue(value=1, dataType=INTEGER) - start
170855 [main] DEBUG org.dbunit.database.statement.SimplePreparedStatement  - addValue(value=1, dataType=INTEGER) - start
170855 [main] DEBUG org.dbunit.dataset.datatype.IntegerDataType  - setSqlValue(value=1, column=5, statement=org.hsqldb.jdbc.JDBCPreparedStatement@446112e4[sql=[insert into SCOPEDCONTENTITEM (TAGNAME, CSSCLASS, CONTENT, TYPE, ID, TIMESTAMP) values (?, ?, ?, ?, ?, ?)], parameters=[[6], [7], [8], [Audio], [null], [null]]]) - start
170855 [main] DEBUG org.dbunit.dataset.datatype.IntegerDataType  - typeCast(value=1) - start
170855 [main] DEBUG org.dbunit.dataset.DefaultTable  - getValue(row=0, column=TIMESTAMP) - start
170855 [main] DEBUG org.dbunit.dataset.AbstractTable  - assertValidRowIndex(row=0) - start
170855 [main] DEBUG org.dbunit.dataset.AbstractTable  - assertValidRowIndex(row=0, rowCount=1) - start
170855 [main] DEBUG org.dbunit.dataset.AbstractTable  - getColumnIndex(columnName=TIMESTAMP) - start
170856 [main] DEBUG org.dbunit.dataset.AbstractTableMetaData  - getColumnIndex(columnName=TIMESTAMP) - start
170856 [main] DEBUG org.dbunit.database.statement.AutomaticPreparedBatchStatement  - addValue(value=2014-02-26 12:43:51.815, dataType=TIMESTAMP) - start
170856 [main] DEBUG org.dbunit.database.statement.SimplePreparedStatement  - addValue(value=2014-02-26 12:43:51.815, dataType=TIMESTAMP) - start
170856 [main] DEBUG org.dbunit.dataset.datatype.TimestampDataType  - setSqlValue(value=2014-02-26 12:43:51.815, column=6, statement=org.hsqldb.jdbc.JDBCPreparedStatement@446112e4[sql=[insert into SCOPEDCONTENTITEM (TAGNAME, CSSCLASS, CONTENT, TYPE, ID, TIMESTAMP) values (?, ?, ?, ?, ?, ?)], parameters=[[6], [7], [8], [Audio], [1], [null]]]) - start
170856 [main] DEBUG org.dbunit.dataset.datatype.TimestampDataType  - typeCast(value=2014-02-26 12:43:51.815) - start
170856 [main] DEBUG org.dbunit.database.statement.AutomaticPreparedBatchStatement  - addBatch() - start
170856 [main] DEBUG org.dbunit.database.statement.SimplePreparedStatement  - addBatch() - start
170856 [main] DEBUG org.dbunit.operation.InsertOperation  - equalsIgnoreMapping(ignoreMapping={}, table=org.dbunit.dataset.DefaultTable[_metaData=tableName=ScopedContentItem, columns=[(tagName, UNKNOWN, nullableUnknown), (cssClass, UNKNOWN, nullableUnknown), (content, UNKNOWN, nullableUnknown), (type, UNKNOWN, nullableUnknown), (id, UNKNOWN, nullableUnknown), (timeStamp, UNKNOWN, nullableUnknown)], keys=[], _rowList.size()=1], row=1) - start
170856 [main] DEBUG org.dbunit.dataset.DefaultTable  - getValue(row=1, column=tagName) - start
170856 [main] DEBUG org.dbunit.dataset.AbstractTable  - assertValidRowIndex(row=1) - start
170856 [main] DEBUG org.dbunit.dataset.AbstractTable  - assertValidRowIndex(row=1, rowCount=1) - start
170856 [main] DEBUG org.dbunit.database.statement.AutomaticPreparedBatchStatement  - executeBatch() - start
170856 [main] DEBUG org.dbunit.database.statement.SimplePreparedStatement  - executeBatch() - start
170856 [main] DEBUG org.dbunit.database.statement.SimplePreparedStatement  - clearBatch() - start
170856 [main] DEBUG org.dbunit.database.statement.AutomaticPreparedBatchStatement  - clearBatch() - start
170856 [main] DEBUG org.dbunit.database.statement.SimplePreparedStatement  - clearBatch() - start
170856 [main] DEBUG org.dbunit.database.statement.AutomaticPreparedBatchStatement  - close() - start
170856 [main] DEBUG org.dbunit.database.statement.AbstractPreparedBatchStatement  - close() - start
170857 [main] DEBUG org.dbunit.dataset.filter.SequenceTableIterator  - next() - start
170857 [main] DEBUG org.dbunit.dataset.filter.SequenceTableIterator  - getTable() - start
170857 [main] DEBUG org.dbunit.dataset.AbstractDataSet  - getTable(tableName=ScopedContentConditions_ScopedContentItem) - start
170857 [main] DEBUG org.dbunit.dataset.AbstractDataSet  - initialize() - start
170857 [main] DEBUG org.dbunit.dataset.AbstractDataSet  - The table name map has already been initialized.
170857 [main] DEBUG org.dbunit.dataset.OrderedTableNameMap  - getTableName(tableName=ScopedContentConditions_ScopedContentItem) - start
170857 [main] DEBUG org.dbunit.dataset.OrderedTableNameMap  - getTableName(tableName=ScopedContentConditions_ScopedContentItem) - end - result=SCOPEDCONTENTCONDITIONS_SCOPEDCONTENTITEM
170857 [main] TRACE org.dbunit.operation.AbstractBatchOperation  - execute: processing table='ScopedContentConditions_ScopedContentItem'
170857 [main] DEBUG org.dbunit.operation.AbstractBatchOperation  - isEmpty(table=org.dbunit.dataset.DefaultTable[_metaData=tableName=ScopedContentConditions_ScopedContentItem, columns=[], keys=[], _rowList.size()=0]) - start
170857 [main] DEBUG org.dbunit.dataset.filter.SequenceTableIterator  - next() - start
170857 [main] DEBUG org.dbunit.dataset.filter.SequenceTableIterator  - getTable() - start
170857 [main] DEBUG org.dbunit.dataset.AbstractDataSet  - getTable(tableName=ScopedContent_ScopedContentItem) - start
170857 [main] DEBUG org.dbunit.dataset.AbstractDataSet  - initialize() - start
170857 [main] DEBUG org.dbunit.dataset.AbstractDataSet  - The table name map has already been initialized.
170857 [main] DEBUG org.dbunit.dataset.OrderedTableNameMap  - getTableName(tableName=ScopedContent_ScopedContentItem) - start
170857 [main] DEBUG org.dbunit.dataset.OrderedTableNameMap  - getTableName(tableName=ScopedContent_ScopedContentItem) - end - result=SCOPEDCONTENT_SCOPEDCONTENTITEM
170857 [main] TRACE org.dbunit.operation.AbstractBatchOperation  - execute: processing table='ScopedContent_ScopedContentItem'
170857 [main] DEBUG org.dbunit.operation.AbstractBatchOperation  - isEmpty(table=org.dbunit.dataset.DefaultTable[_metaData=tableName=ScopedContent_ScopedContentItem, columns=[], keys=[], _rowList.size()=0]) - start
170857 [main] DEBUG org.dbunit.dataset.filter.SequenceTableIterator  - next() - start
170857 [main] DEBUG org.dbunit.dataset.filter.SequenceTableIterator  - getTable() - start
170857 [main] DEBUG org.dbunit.dataset.AbstractDataSet  - getTable(tableName=Scope_RequestContext) - start
170857 [main] DEBUG org.dbunit.dataset.AbstractDataSet  - initialize() - start
170857 [main] DEBUG org.dbunit.dataset.AbstractDataSet  - The table name map has already been initialized.
170857 [main] DEBUG org.dbunit.dataset.OrderedTableNameMap  - getTableName(tableName=Scope_RequestContext) - start
170857 [main] DEBUG org.dbunit.dataset.OrderedTableNameMap  - getTableName(tableName=Scope_RequestContext) - end - result=SCOPE_REQUESTCONTEXT
170857 [main] TRACE org.dbunit.operation.AbstractBatchOperation  - execute: processing table='Scope_RequestContext'
170857 [main] DEBUG org.dbunit.operation.AbstractBatchOperation  - isEmpty(table=org.dbunit.dataset.DefaultTable[_metaData=tableName=Scope_RequestContext, columns=[], keys=[], _rowList.size()=0]) - start
170857 [main] DEBUG org.dbunit.dataset.filter.SequenceTableIterator  - next() - start
170857 [main] DEBUG org.dbunit.dataset.filter.SequenceTableIterator  - getTable() - start
170857 [main] DEBUG org.dbunit.dataset.AbstractDataSet  - getTable(tableName=User) - start
170858 [main] DEBUG org.dbunit.dataset.AbstractDataSet  - initialize() - start
170858 [main] DEBUG org.dbunit.dataset.AbstractDataSet  - The table name map has already been initialized.
170858 [main] DEBUG org.dbunit.dataset.OrderedTableNameMap  - getTableName(tableName=User) - start
170858 [main] DEBUG org.dbunit.dataset.OrderedTableNameMap  - getTableName(tableName=User) - end - result=USER
170858 [main] TRACE org.dbunit.operation.AbstractBatchOperation  - execute: processing table='User'
170858 [main] DEBUG org.dbunit.operation.AbstractBatchOperation  - isEmpty(table=org.dbunit.dataset.DefaultTable[_metaData=tableName=User, columns=[], keys=[], _rowList.size()=0]) - start
170858 [main] DEBUG org.dbunit.dataset.filter.SequenceTableIterator  - next() - start
170858 [main] DEBUG org.dbunit.dataset.filter.SequenceTableIterator  - getTable() - start
170858 [main] DEBUG org.dbunit.dataset.AbstractDataSet  - getTable(tableName=Users_Authorities) - start
170858 [main] DEBUG org.dbunit.dataset.AbstractDataSet  - initialize() - start
170858 [main] DEBUG org.dbunit.dataset.AbstractDataSet  - The table name map has already been initialized.
170858 [main] DEBUG org.dbunit.dataset.OrderedTableNameMap  - getTableName(tableName=Users_Authorities) - start
170858 [main] DEBUG org.dbunit.dataset.OrderedTableNameMap  - getTableName(tableName=Users_Authorities) - end - result=USERS_AUTHORITIES
170858 [main] TRACE org.dbunit.operation.AbstractBatchOperation  - execute: processing table='Users_Authorities'
170858 [main] DEBUG org.dbunit.operation.AbstractBatchOperation  - isEmpty(table=org.dbunit.dataset.DefaultTable[_metaData=tableName=Users_Authorities, columns=[], keys=[], _rowList.size()=0]) - start
170858 [main] DEBUG org.dbunit.dataset.filter.SequenceTableIterator  - next() - start
170858 [main] DEBUG org.springframework.beans.factory.support.DefaultListableBeanFactory  - Returning cached instance of singleton bean 'transactionManager'
170858 [main] DEBUG org.springframework.orm.jpa.JpaTransactionManager  - Creating new transaction with name [com.tmt.kontroll.content.persistence.services.ScopedContentDaoService.create]: PROPAGATION_REQUIRED,ISOLATION_DEFAULT; '',-com.tmt.kontroll.persistence.exceptions.EntityNotFoundInDatabaseException
170858 [main] DEBUG org.hibernate.internal.SessionImpl  - Opened session at timestamp: 13934150329
170859 [main] TRACE org.hibernate.internal.SessionImpl  - Setting flush mode to: AUTO
170859 [main] TRACE org.hibernate.internal.SessionImpl  - Setting cache mode to: NORMAL
170859 [main] DEBUG org.springframework.orm.jpa.JpaTransactionManager  - Opened new EntityManager [org.hibernate.ejb.EntityManagerImpl@411f59ce] for JPA transaction
170859 [main] DEBUG org.hibernate.engine.transaction.spi.AbstractTransactionImpl  - begin
170859 [main] DEBUG org.hibernate.engine.jdbc.internal.LogicalConnectionImpl  - Obtaining JDBC connection
170859 [main] DEBUG org.hibernate.engine.jdbc.internal.LogicalConnectionImpl  - Obtained JDBC connection
170859 [main] DEBUG org.hibernate.engine.transaction.internal.jdbc.JdbcTransaction  - initial autocommit status: true
170859 [main] DEBUG org.hibernate.engine.transaction.internal.jdbc.JdbcTransaction  - disabling autocommit
170859 [main] DEBUG org.springframework.orm.jpa.JpaTransactionManager  - Exposing JPA transaction as JDBC transaction [org.springframework.orm.jpa.vendor.HibernateJpaDialect$HibernateConnectionHandle@714104c8]
170859 [main] TRACE org.springframework.transaction.support.TransactionSynchronizationManager  - Bound value [org.springframework.jdbc.datasource.ConnectionHolder@63a1208e] for key [org.apache.commons.dbcp.BasicDataSource@3a3941c8] to thread [main]
170859 [main] TRACE org.springframework.transaction.support.TransactionSynchronizationManager  - Bound value [org.springframework.orm.jpa.EntityManagerHolder@67607dbb] for key [org.springframework.orm.jpa.LocalContainerEntityManagerFactoryBean@7529f450] to thread [main]
170859 [main] TRACE org.springframework.transaction.support.TransactionSynchronizationManager  - Initializing transaction synchronization
170859 [main] TRACE org.springframework.transaction.interceptor.TransactionInterceptor  - Getting transaction for [com.tmt.kontroll.content.persistence.services.ScopedContentDaoService.create]
170859 [main] TRACE org.springframework.transaction.support.TransactionSynchronizationManager  - Bound value [java.lang.Object@25fb51fb] for key [public abstract java.lang.Object org.springframework.data.repository.CrudRepository.save(java.lang.Object)] to thread [main]
170859 [main] DEBUG org.springframework.beans.factory.support.DefaultListableBeanFactory  - Returning cached instance of singleton bean 'transactionManager'
170859 [main] TRACE org.springframework.transaction.support.TransactionSynchronizationManager  - Retrieved value [org.springframework.orm.jpa.EntityManagerHolder@67607dbb] for key [org.springframework.orm.jpa.LocalContainerEntityManagerFactoryBean@7529f450] bound to thread [main]
170859 [main] DEBUG org.springframework.orm.jpa.JpaTransactionManager  - Found thread-bound EntityManager [org.hibernate.ejb.EntityManagerImpl@411f59ce] for JPA transaction
170860 [main] TRACE org.springframework.transaction.support.TransactionSynchronizationManager  - Retrieved value [org.springframework.jdbc.datasource.ConnectionHolder@63a1208e] for key [org.apache.commons.dbcp.BasicDataSource@3a3941c8] bound to thread [main]
170860 [main] DEBUG org.springframework.orm.jpa.JpaTransactionManager  - Participating in existing transaction
170860 [main] TRACE org.springframework.transaction.interceptor.TransactionInterceptor  - Getting transaction for [org.springframework.data.jpa.repository.support.SimpleJpaRepository.save]
170860 [main] TRACE org.springframework.transaction.support.TransactionSynchronizationManager  - Retrieved value [org.springframework.orm.jpa.EntityManagerHolder@67607dbb] for key [org.springframework.orm.jpa.LocalContainerEntityManagerFactoryBean@7529f450] bound to thread [main]
170860 [main] TRACE org.hibernate.event.internal.AbstractSaveEventListener  - Transient instance of: com.tmt.kontroll.content.persistence.entities.ScopedContent
170860 [main] TRACE org.hibernate.event.internal.DefaultPersistEventListener  - Saving transient instance
170860 [main] TRACE org.hibernate.event.internal.AbstractSaveEventListener  - Saving [com.tmt.kontroll.content.persistence.entities.ScopedContent#<null>]
170860 [main] TRACE org.hibernate.event.internal.WrapVisitor  - Wrapped collection in role: com.tmt.kontroll.content.persistence.entities.ScopedContent.conditions
170860 [main] TRACE org.hibernate.event.internal.WrapVisitor  - Wrapped collection in role: com.tmt.kontroll.content.persistence.entities.ScopedContent.scopedContentItems
170860 [main] TRACE org.hibernate.engine.spi.ActionQueue  - Adding an EntityIdentityInsertAction for [com.tmt.kontroll.content.persistence.entities.ScopedContent] object
170860 [main] TRACE org.hibernate.engine.spi.ActionQueue  - Executing inserts before finding non-nullable transient entities for early insert: [EntityIdentityInsertAction[com.tmt.kontroll.content.persistence.entities.ScopedContent#<null>]]
170892 [main] TRACE org.hibernate.engine.spi.IdentifierValue  - ID unsaved-value: null
170892 [main] TRACE org.hibernate.engine.spi.ActionQueue  - Adding insert with no non-nullable, transient entities: [EntityIdentityInsertAction[com.tmt.kontroll.content.persistence.entities.ScopedContent#<null>]]
170892 [main] TRACE org.hibernate.engine.spi.ActionQueue  - Executing insertions before resolved early-insert
170892 [main] DEBUG org.hibernate.engine.spi.ActionQueue  - Executing identity-insert immediately
170892 [main] TRACE org.hibernate.engine.spi.IdentifierValue  - ID unsaved-value: null
170892 [main] TRACE org.hibernate.persister.entity.AbstractEntityPersister  - Inserting entity: com.tmt.kontroll.content.persistence.entities.ScopedContent (native id)
170893 [main] TRACE org.hibernate.engine.jdbc.internal.proxy.ConnectionProxyHandler  - Handling invocation of connection method [prepareStatement]
170893 [main] DEBUG org.hibernate.SQL  - insert into ScopedContent (id, timeStamp, description, name, scope) values (default, ?, ?, ?, ?)
Hibernate: insert into ScopedContent (id, timeStamp, description, name, scope) values (default, ?, ?, ?, ?)
170893 [main] TRACE org.hibernate.engine.jdbc.internal.JdbcResourceRegistryImpl  - Registering statement [org.hibernate.engine.jdbc.internal.proxy.PreparedStatementProxyHandler@6b781cd0[valid=true]]
170893 [main] TRACE org.hibernate.persister.entity.AbstractEntityPersister  - Dehydrating entity: [com.tmt.kontroll.content.persistence.entities.ScopedContent#<null>]
170893 [main] TRACE org.hibernate.type.descriptor.sql.BasicBinder  - binding parameter [1] as [TIMESTAMP] - 2014-02-26 12:43:51.816
170893 [main] TRACE org.hibernate.engine.jdbc.internal.proxy.AbstractStatementProxyHandler  - Handling invocation of statement method [setTimestamp]
170893 [main] TRACE org.hibernate.engine.jdbc.internal.proxy.PreparedStatementProxyHandler  - Binding via setTimestamp: [1, 2014-02-26 12:43:51.816]
170893 [main] TRACE org.hibernate.type.descriptor.sql.BasicBinder  - binding parameter [2] as [VARCHAR] - 10
170893 [main] TRACE org.hibernate.engine.jdbc.internal.proxy.AbstractStatementProxyHandler  - Handling invocation of statement method [setString]
170894 [main] TRACE org.hibernate.engine.jdbc.internal.proxy.PreparedStatementProxyHandler  - Binding via setString: [2, 10]
170894 [main] TRACE org.hibernate.type.descriptor.sql.BasicBinder  - binding parameter [3] as [VARCHAR] - 9
170894 [main] TRACE org.hibernate.engine.jdbc.internal.proxy.AbstractStatementProxyHandler  - Handling invocation of statement method [setString]
170894 [main] TRACE org.hibernate.engine.jdbc.internal.proxy.PreparedStatementProxyHandler  - Binding via setString: [3, 9]
170894 [main] TRACE org.hibernate.engine.spi.IdentifierValue  - ID unsaved-value: null
170894 [main] TRACE org.hibernate.type.descriptor.sql.BasicBinder  - binding parameter [4] as [INTEGER] - 1
170894 [main] TRACE org.hibernate.engine.jdbc.internal.proxy.AbstractStatementProxyHandler  - Handling invocation of statement method [setInt]
170894 [main] TRACE org.hibernate.engine.jdbc.internal.proxy.PreparedStatementProxyHandler  - Binding via setInt: [4, 1]
170894 [main] TRACE org.hibernate.engine.jdbc.internal.proxy.AbstractStatementProxyHandler  - Handling invocation of statement method [executeUpdate]
170894 [main] TRACE org.hibernate.engine.jdbc.internal.proxy.AbstractStatementProxyHandler  - Handling invocation of statement method [getGeneratedKeys]
170895 [main] TRACE org.hibernate.engine.jdbc.internal.JdbcResourceRegistryImpl  - Registering result set [org.hibernate.engine.jdbc.internal.proxy.ImplicitResultSetProxyHandler@361078c5[valid=true]]
170895 [main] TRACE org.hibernate.engine.jdbc.internal.proxy.AbstractResultSetProxyHandler  - Handling invocation of ResultSet method [getStatement]
170895 [main] TRACE org.hibernate.engine.jdbc.internal.proxy.AbstractResultSetProxyHandler  - Handling invocation of ResultSet method [next]
170895 [main] TRACE org.hibernate.engine.jdbc.internal.proxy.AbstractResultSetProxyHandler  - Handling invocation of ResultSet method [getMetaData]
170895 [main] TRACE org.hibernate.engine.jdbc.internal.proxy.AbstractResultSetProxyHandler  - Handling invocation of ResultSet method [getInt]
170896 [main] DEBUG org.hibernate.id.IdentifierGeneratorHelper  - Natively generated identity: 5
170896 [main] TRACE org.hibernate.engine.jdbc.internal.proxy.AbstractResultSetProxyHandler  - Handling invocation of ResultSet method [close]
170896 [main] TRACE org.hibernate.engine.jdbc.internal.JdbcResourceRegistryImpl  - Releasing result set [org.hibernate.engine.jdbc.internal.proxy.ImplicitResultSetProxyHandler@361078c5[valid=true]]
170896 [main] TRACE org.hibernate.engine.jdbc.internal.proxy.AbstractResultSetProxyHandler  - Handling invocation of ResultSet method [getStatement]
170896 [main] TRACE org.hibernate.engine.jdbc.internal.JdbcResourceRegistryImpl  - Closing result set [org.hibernate.engine.jdbc.internal.proxy.ImplicitResultSetProxyHandler@361078c5[valid=true]]
170896 [main] TRACE org.hibernate.engine.jdbc.internal.proxy.AbstractResultSetProxyHandler  - Handling invocation of ResultSet method [getWrappedObject]
170896 [main] TRACE org.hibernate.engine.jdbc.internal.JdbcResourceRegistryImpl  - Closing result set [org.apache.commons.dbcp.DelegatingResultSet@361078c5]
170896 [main] TRACE org.hibernate.engine.jdbc.internal.proxy.AbstractResultSetProxyHandler  - Handling invocation of ResultSet method [invalidate]
170896 [main] TRACE org.hibernate.engine.jdbc.internal.proxy.AbstractStatementProxyHandler  - Handling invocation of statement method [close]
170896 [main] TRACE org.hibernate.engine.jdbc.internal.JdbcResourceRegistryImpl  - Releasing statement [org.hibernate.engine.jdbc.internal.proxy.PreparedStatementProxyHandler@6b781cd0[valid=true]]
170896 [main] TRACE org.hibernate.engine.jdbc.internal.JdbcResourceRegistryImpl  - Closing prepared statement [org.hibernate.engine.jdbc.internal.proxy.PreparedStatementProxyHandler@6b781cd0[valid=true]]
170896 [main] TRACE org.hibernate.engine.jdbc.internal.proxy.AbstractStatementProxyHandler  - Handling invocation of statement method [getWrappedObject]
170896 [main] TRACE org.hibernate.engine.jdbc.internal.JdbcResourceRegistryImpl  - Closing prepared statement [org.hsqldb.jdbc.JDBCPreparedStatement@6b781cd0[sql=[insert into ScopedContent (id, timeStamp, description, name, scope) values (default, ?, ?, ?, ?)], parameters=[[org.hsqldb.types.TimestampData@63aecd87], [10], [9], [1]]]]
170896 [main] TRACE org.hibernate.engine.jdbc.internal.proxy.AbstractStatementProxyHandler  - Handling invocation of statement method [invalidate]
170896 [main] TRACE org.hibernate.engine.jdbc.internal.LogicalConnectionImpl  - Starting after statement execution processing [ON_CLOSE]
170896 [main] TRACE org.hibernate.action.internal.UnresolvedEntityInsertActions  - No unresolved entity inserts that depended on [[com.tmt.kontroll.content.persistence.entities.ScopedContent#5]]
170897 [main] TRACE org.hibernate.action.internal.UnresolvedEntityInsertActions  - No entity insert actions have non-nullable, transient entity dependencies.
170897 [main] TRACE org.springframework.transaction.interceptor.TransactionInterceptor  - Completing transaction for [org.springframework.data.jpa.repository.support.SimpleJpaRepository.save]
170897 [main] TRACE org.springframework.transaction.support.TransactionSynchronizationManager  - Removed value [java.lang.Object@25fb51fb] for key [public abstract java.lang.Object org.springframework.data.repository.CrudRepository.save(java.lang.Object)] from thread [main]
170897 [main] TRACE org.springframework.transaction.interceptor.TransactionInterceptor  - Completing transaction for [com.tmt.kontroll.content.persistence.services.ScopedContentDaoService.create]
170897 [main] TRACE org.springframework.orm.jpa.JpaTransactionManager  - Triggering beforeCommit synchronization
170897 [main] TRACE org.springframework.orm.jpa.JpaTransactionManager  - Triggering beforeCompletion synchronization
170897 [main] DEBUG org.springframework.orm.jpa.JpaTransactionManager  - Initiating transaction commit
170897 [main] DEBUG org.springframework.orm.jpa.JpaTransactionManager  - Committing JPA transaction on EntityManager [org.hibernate.ejb.EntityManagerImpl@411f59ce]
170897 [main] DEBUG org.hibernate.engine.transaction.spi.AbstractTransactionImpl  - committing
170897 [main] TRACE org.hibernate.internal.SessionImpl  - Automatically flushing session
170897 [main] TRACE org.hibernate.event.internal.AbstractFlushingEventListener  - Flushing session
170897 [main] DEBUG org.hibernate.event.internal.AbstractFlushingEventListener  - Processing flush-time cascades
170897 [main] TRACE org.hibernate.engine.internal.Cascade  - Processing cascade ACTION_PERSIST_ON_FLUSH for: com.tmt.kontroll.content.persistence.entities.ScopedContent
170897 [main] TRACE org.hibernate.engine.spi.IdentifierValue  - ID unsaved-value: null
170897 [main] TRACE org.hibernate.engine.internal.Cascade  - Done processing cascade ACTION_PERSIST_ON_FLUSH for: com.tmt.kontroll.content.persistence.entities.ScopedContent
170897 [main] DEBUG org.hibernate.event.internal.AbstractFlushingEventListener  - Dirty checking collections
170897 [main] TRACE org.hibernate.event.internal.AbstractFlushingEventListener  - Flushing entities and processing referenced collections
170898 [main] DEBUG org.hibernate.engine.internal.Collections  - Collection found: [com.tmt.kontroll.content.persistence.entities.ScopedContent.conditions#5], was: [<unreferenced>] (initialized)
170898 [main] DEBUG org.hibernate.engine.internal.Collections  - Collection found: [com.tmt.kontroll.content.persistence.entities.ScopedContent.scopedContentItems#5], was: [<unreferenced>] (initialized)
170898 [main] TRACE org.hibernate.event.internal.AbstractFlushingEventListener  - Processing unreferenced collections
170898 [main] TRACE org.hibernate.event.internal.AbstractFlushingEventListener  - Scheduling collection removes/(re)creates/updates
170898 [main] DEBUG org.hibernate.event.internal.AbstractFlushingEventListener  - Flushed: 0 insertions, 0 updates, 0 deletions to 1 objects
170898 [main] DEBUG org.hibernate.event.internal.AbstractFlushingEventListener  - Flushed: 2 (re)creations, 0 updates, 0 removals to 2 collections
170898 [main] DEBUG org.hibernate.internal.util.EntityPrinter  - Listing entities:
170898 [main] DEBUG org.hibernate.internal.util.EntityPrinter  - com.tmt.kontroll.content.persistence.entities.ScopedContent{conditions=[com.tmt.kontroll.content.persistence.entities.ScopedContentCondition#1], id=5, scope=com.tmt.kontroll.content.persistence.entities.Scope#1, timeStamp=2014-02-26 12:43:51.816, description=10, name=9, scopedContentItems=[com.tmt.kontroll.content.persistence.entities.ScopedContentItem#1]}
170898 [main] TRACE org.hibernate.event.internal.AbstractFlushingEventListener  - Executing flush
170898 [main] TRACE org.hibernate.engine.jdbc.internal.LogicalConnectionImpl  - Disabling releases
170898 [main] DEBUG org.hibernate.persister.collection.AbstractCollectionPersister  - Inserting collection: [com.tmt.kontroll.content.persistence.entities.ScopedContent.scopedContentItems#5]
170898 [main] TRACE org.hibernate.engine.jdbc.batch.internal.BatchBuilderImpl  - Building batch [size=1]
170898 [main] TRACE org.hibernate.engine.jdbc.internal.proxy.ConnectionProxyHandler  - Handling invocation of connection method [prepareStatement]
170899 [main] DEBUG org.hibernate.SQL  - insert into ScopedContent_ScopedContentItem (scoped_content_item_id, scoped_content_id) values (?, ?)
Hibernate: insert into ScopedContent_ScopedContentItem (scoped_content_item_id, scoped_content_id) values (?, ?)
170899 [main] TRACE org.hibernate.engine.jdbc.internal.JdbcResourceRegistryImpl  - Registering statement [org.hibernate.engine.jdbc.internal.proxy.PreparedStatementProxyHandler@4934e703[valid=true]]
170899 [main] TRACE org.hibernate.type.descriptor.sql.BasicBinder  - binding parameter [1] as [INTEGER] - 5
170899 [main] TRACE org.hibernate.engine.jdbc.internal.proxy.AbstractStatementProxyHandler  - Handling invocation of statement method [setInt]
170899 [main] TRACE org.hibernate.engine.jdbc.internal.proxy.PreparedStatementProxyHandler  - Binding via setInt: [1, 5]
170899 [main] TRACE org.hibernate.engine.spi.IdentifierValue  - ID unsaved-value: null
170899 [main] TRACE org.hibernate.type.descriptor.sql.BasicBinder  - binding parameter [2] as [INTEGER] - 1
170899 [main] TRACE org.hibernate.engine.jdbc.internal.proxy.AbstractStatementProxyHandler  - Handling invocation of statement method [setInt]
170899 [main] TRACE org.hibernate.engine.jdbc.internal.proxy.PreparedStatementProxyHandler  - Binding via setInt: [2, 1]
170899 [main] TRACE org.hibernate.engine.jdbc.internal.proxy.AbstractStatementProxyHandler  - Handling invocation of statement method [executeUpdate]
170899 [main] TRACE org.hibernate.engine.jdbc.internal.proxy.AbstractStatementProxyHandler  - Handling invocation of statement method [close]
170899 [main] TRACE org.hibernate.engine.jdbc.internal.JdbcResourceRegistryImpl  - Releasing statement [org.hibernate.engine.jdbc.internal.proxy.PreparedStatementProxyHandler@4934e703[valid=true]]
170899 [main] TRACE org.hibernate.engine.jdbc.internal.JdbcResourceRegistryImpl  - Closing prepared statement [org.hibernate.engine.jdbc.internal.proxy.PreparedStatementProxyHandler@4934e703[valid=true]]
170900 [main] TRACE org.hibernate.engine.jdbc.internal.proxy.AbstractStatementProxyHandler  - Handling invocation of statement method [getWrappedObject]
170900 [main] TRACE org.hibernate.engine.jdbc.internal.JdbcResourceRegistryImpl  - Closing prepared statement [org.hsqldb.jdbc.JDBCPreparedStatement@4934e703[sql=[insert into ScopedContent_ScopedContentItem (scoped_content_item_id, scoped_content_id) values (?, ?)], parameters=[[5], [1]]]]
170900 [main] TRACE org.hibernate.engine.jdbc.internal.proxy.AbstractStatementProxyHandler  - Handling invocation of statement method [invalidate]
170900 [main] TRACE org.hibernate.engine.jdbc.internal.LogicalConnectionImpl  - Starting after statement execution processing [ON_CLOSE]
170900 [main] DEBUG org.hibernate.persister.collection.AbstractCollectionPersister  - Done inserting collection: 1 rows inserted
170900 [main] TRACE org.hibernate.engine.jdbc.internal.LogicalConnectionImpl  - (Re)enabling releases
170900 [main] TRACE org.hibernate.engine.jdbc.internal.LogicalConnectionImpl  - Starting after statement execution processing [ON_CLOSE]
170900 [main] TRACE org.hibernate.event.internal.AbstractFlushingEventListener  - Post flush
170900 [main] TRACE org.hibernate.internal.SessionImpl  - before transaction completion
170900 [main] DEBUG org.hibernate.engine.transaction.internal.jdbc.JdbcTransaction  - committed JDBC Connection
170900 [main] DEBUG org.hibernate.engine.transaction.internal.jdbc.JdbcTransaction  - re-enabling autocommit
170900 [main] TRACE org.hibernate.engine.transaction.internal.TransactionCoordinatorImpl  - after transaction completion
170900 [main] TRACE org.hibernate.internal.SessionImpl  - after transaction completion
170900 [main] TRACE org.springframework.orm.jpa.JpaTransactionManager  - Triggering afterCommit synchronization
170900 [main] TRACE org.springframework.orm.jpa.JpaTransactionManager  - Triggering afterCompletion synchronization
170900 [main] TRACE org.springframework.transaction.support.TransactionSynchronizationManager  - Clearing transaction synchronization
170900 [main] TRACE org.springframework.transaction.support.TransactionSynchronizationManager  - Removed value [org.springframework.orm.jpa.EntityManagerHolder@67607dbb] for key [org.springframework.orm.jpa.LocalContainerEntityManagerFactoryBean@7529f450] from thread [main]
170900 [main] TRACE org.springframework.transaction.support.TransactionSynchronizationManager  - Removed value [org.springframework.jdbc.datasource.ConnectionHolder@63a1208e] for key [org.apache.commons.dbcp.BasicDataSource@3a3941c8] from thread [main]
170900 [main] DEBUG org.springframework.orm.jpa.JpaTransactionManager  - Closing JPA EntityManager [org.hibernate.ejb.EntityManagerImpl@411f59ce] after transaction
170901 [main] DEBUG org.springframework.orm.jpa.EntityManagerFactoryUtils  - Closing JPA EntityManager
170901 [main] TRACE org.hibernate.internal.SessionImpl  - Closing session
170901 [main] DEBUG org.hibernate.engine.jdbc.internal.JdbcCoordinatorImpl  - HHH000420: Closing un-released batch
170901 [main] TRACE org.hibernate.engine.jdbc.internal.LogicalConnectionImpl  - Closing logical connection
170901 [main] TRACE org.hibernate.engine.jdbc.internal.proxy.ConnectionProxyHandler  - Handling invocation of connection method [close]
170901 [main] TRACE org.hibernate.engine.jdbc.internal.proxy.ConnectionProxyHandler  - Invalidating connection handle
170901 [main] TRACE org.hibernate.engine.jdbc.internal.JdbcResourceRegistryImpl  - Closing JDBC container [org.hibernate.engine.jdbc.internal.JdbcResourceRegistryImpl@3d474adb]
170901 [main] DEBUG org.hibernate.engine.jdbc.internal.LogicalConnectionImpl  - Releasing JDBC connection
170901 [main] DEBUG org.hibernate.engine.jdbc.internal.LogicalConnectionImpl  - Released JDBC connection
170901 [main] DEBUG org.hibernate.engine.jdbc.internal.proxy.ConnectionProxyHandler  - HHH000163: Logical connection releasing its physical connection
170901 [main] TRACE org.hibernate.engine.jdbc.internal.LogicalConnectionImpl  - Logical connection closed
170901 [main] TRACE org.springframework.test.context.TestContextManager  - afterTestMethod(): instance [com.tmt.kontroll.content.persistence.services.ScopedContentDaoServiceTest@38f130cd], method [public void com.tmt.kontroll.test.persistence.PersistenceEntityDaoServiceTest.testThatUniqueConstraintsOnColumnViolationsCauseError()], exception [java.lang.AssertionError: Constraint assertion failed. Failures:
Unique constraint on column: ]
170901 [main] DEBUG org.dbunit.database.AbstractDatabaseConnection  - createDataSet() - start
170901 [main] DEBUG org.dbunit.database.DatabaseDataSet  - initialize() - start
170901 [main] DEBUG org.dbunit.database.DatabaseSequenceFilter  - sortTableNames(connection=_databaseConfig=org.dbunit.database.DatabaseConfig[, _propertyMap={http://www.dbunit.org/properties/statementFactory=org.dbunit.database.statement.PreparedStatementFactory@626bc2b8, http://www.dbunit.org/features/caseSensitiveTableNames=false, http://www.dbunit.org/properties/fetchSize=100, http://www.dbunit.org/features/batchedStatements=false, http://www.dbunit.org/properties/metadataHandler=org.dbunit.database.DefaultMetadataHandler@62baffef, http://www.dbunit.org/properties/datatypeFactory=org.dbunit.dataset.datatype.DefaultDataTypeFactory[_toleratedDeltaMap=org.dbunit.dataset.datatype.ToleratedDeltaMap@6452310a], http://www.dbunit.org/properties/escapePattern=null, http://www.dbunit.org/properties/batchSize=100, http://www.dbunit.org/features/qualifiedTableNames=false, http://www.dbunit.org/properties/tableType=[Ljava.lang.String;@5011bafa, http://www.dbunit.org/properties/resultSetTableFactory=org.dbunit.database.CachedResultSetTableFactory@10bcf083, http://www.dbunit.org/features/datatypeWarning=true}], _dataSet=AbstractDataSet[_orderedTableNameMap=null], tableNames=[AUTHORITY, CAPTION, NESTEDSCOPEDCONTENTCONDITIONS, REQUESTCONTEXT, SCOPE, SCOPEDCONTENT, SCOPEDCONTENTCONDITION, SCOPEDCONTENTCONDITIONATTRIBUTE, SCOPEDCONTENTCONDITIONS_SCOPEDCONTENT, SCOPEDCONTENTCONDITIONS_SCOPEDCONTENTITEM, SCOPEDCONTENTITEM, SCOPEDCONTENT_SCOPEDCONTENTITEM, SCOPE_REQUESTCONTEXT, USER, USERS_AUTHORITIES]) - start
170901 [main] DEBUG org.dbunit.database.DatabaseSequenceFilter  - getDependencyInfo(connection=_databaseConfig=org.dbunit.database.DatabaseConfig[, _propertyMap={http://www.dbunit.org/properties/statementFactory=org.dbunit.database.statement.PreparedStatementFactory@626bc2b8, http://www.dbunit.org/features/caseSensitiveTableNames=false, http://www.dbunit.org/properties/fetchSize=100, http://www.dbunit.org/features/batchedStatements=false, http://www.dbunit.org/properties/metadataHandler=org.dbunit.database.DefaultMetadataHandler@62baffef, http://www.dbunit.org/properties/datatypeFactory=org.dbunit.dataset.datatype.DefaultDataTypeFactory[_toleratedDeltaMap=org.dbunit.dataset.datatype.ToleratedDeltaMap@6452310a], http://www.dbunit.org/properties/escapePattern=null, http://www.dbunit.org/properties/batchSize=100, http://www.dbunit.org/features/qualifiedTableNames=false, http://www.dbunit.org/properties/tableType=[Ljava.lang.String;@5011bafa, http://www.dbunit.org/properties/resultSetTableFactory=org.dbunit.database.CachedResultSetTableFactory@10bcf083, http://www.dbunit.org/features/datatypeWarning=true}], _dataSet=AbstractDataSet[_orderedTableNameMap=null], tableName=AUTHORITY) - start
170902 [main] DEBUG org.dbunit.database.search.TablesDependencyHelper  - getDependentTables(connection=_databaseConfig=org.dbunit.database.DatabaseConfig[, _propertyMap={http://www.dbunit.org/properties/statementFactory=org.dbunit.database.statement.PreparedStatementFactory@626bc2b8, http://www.dbunit.org/features/caseSensitiveTableNames=false, http://www.dbunit.org/properties/fetchSize=100, http://www.dbunit.org/features/batchedStatements=false, http://www.dbunit.org/properties/metadataHandler=org.dbunit.database.DefaultMetadataHandler@62baffef, http://www.dbunit.org/properties/datatypeFactory=org.dbunit.dataset.datatype.DefaultDataTypeFactory[_toleratedDeltaMap=org.dbunit.dataset.datatype.ToleratedDeltaMap@6452310a], http://www.dbunit.org/properties/escapePattern=null, http://www.dbunit.org/properties/batchSize=100, http://www.dbunit.org/features/qualifiedTableNames=false, http://www.dbunit.org/properties/tableType=[Ljava.lang.String;@5011bafa, http://www.dbunit.org/properties/resultSetTableFactory=org.dbunit.database.CachedResultSetTableFactory@10bcf083, http://www.dbunit.org/features/datatypeWarning=true}], _dataSet=AbstractDataSet[_orderedTableNameMap=null], rootTable=AUTHORITY) - start
170902 [main] DEBUG org.dbunit.database.search.TablesDependencyHelper  - getDependentTables(connection=_databaseConfig=org.dbunit.database.DatabaseConfig[, _propertyMap={http://www.dbunit.org/properties/statementFactory=org.dbunit.database.statement.PreparedStatementFactory@626bc2b8, http://www.dbunit.org/features/caseSensitiveTableNames=false, http://www.dbunit.org/properties/fetchSize=100, http://www.dbunit.org/features/batchedStatements=false, http://www.dbunit.org/properties/metadataHandler=org.dbunit.database.DefaultMetadataHandler@62baffef, http://www.dbunit.org/properties/datatypeFactory=org.dbunit.dataset.datatype.DefaultDataTypeFactory[_toleratedDeltaMap=org.dbunit.dataset.datatype.ToleratedDeltaMap@6452310a], http://www.dbunit.org/properties/escapePattern=null, http://www.dbunit.org/properties/batchSize=100, http://www.dbunit.org/features/qualifiedTableNames=false, http://www.dbunit.org/properties/tableType=[Ljava.lang.String;@5011bafa, http://www.dbunit.org/properties/resultSetTableFactory=org.dbunit.database.CachedResultSetTableFactory@10bcf083, http://www.dbunit.org/features/datatypeWarning=true}], _dataSet=AbstractDataSet[_orderedTableNameMap=null], rootTables=[AUTHORITY]) - start
170902 [main] DEBUG org.dbunit.util.search.DepthFirstSearch  - search(nodesFrom=[AUTHORITY], callback=org.dbunit.database.search.ImportedKeysSearchCallback@2893fe74) - start
170902 [main] DEBUG org.dbunit.util.CollectionsHelper  - objectsToSet(objects=AUTHORITY) - start
170902 [main] DEBUG org.dbunit.util.search.DepthFirstSearch  - search(nodesFrom=[AUTHORITY], callback=org.dbunit.database.search.ImportedKeysSearchCallback@2893fe74) - start
170902 [main] DEBUG org.dbunit.util.search.DepthFirstSearch  - reverseSearch:AUTHORITY
170902 [main] DEBUG org.dbunit.database.search.ImportedKeysSearchCallback  - searchNode(node=AUTHORITY) - start
170902 [main] DEBUG org.dbunit.util.search.DepthFirstSearch  - Pushing (reverse) AUTHORITY
170902 [main] DEBUG org.dbunit.database.search.ImportedKeysSearchCallback  - getEdges(node=AUTHORITY) - start
170902 [main] DEBUG org.dbunit.database.search.AbstractMetaDataBasedSearchCallback  - getNodesFromImportedKeys(node=AUTHORITY) - start
170902 [main] DEBUG org.dbunit.database.search.AbstractMetaDataBasedSearchCallback  - getNodes(type=0, node=AUTHORITY) - start
170902 [main] DEBUG org.dbunit.database.DatabaseDataSourceConnection  - getConnection() - start
170902 [main] DEBUG org.dbunit.database.search.AbstractMetaDataBasedSearchCallback  - getNodes(type=0, node=AUTHORITY, conn=Transaction-aware proxy for target Connection [jdbc:hsqldb:mem:kontrollDS, UserName=sw, HSQL Database Engine Driver], schema=null, metaData=org.apache.commons.dbcp.DelegatingDatabaseMetaData@c26867c, edges=[]) - start
170902 [main] DEBUG org.dbunit.database.search.AbstractMetaDataBasedSearchCallback  - Getting edges for node AUTHORITY
170902 [main] TRACE org.dbunit.database.DatabaseConfig  - getProperty(name=http://www.dbunit.org/properties/metadataHandler) - start
170902 [main] TRACE org.dbunit.database.DefaultMetadataHandler  - tableExists(metaData=org.apache.commons.dbcp.DelegatingDatabaseMetaData@c26867c, schemaName=null, tableName=AUTHORITY) - start
170903 [main] DEBUG org.dbunit.util.SQLHelper  - close(resultSet=org.apache.commons.dbcp.DelegatingResultSet@57fdd98c) - start
170904 [main] DEBUG org.dbunit.util.SQLHelper  - close(resultSet=org.apache.commons.dbcp.DelegatingResultSet@7fde84e9) - start
170904 [main] DEBUG org.dbunit.util.search.DepthFirstSearch  - search:AUTHORITY
170904 [main] DEBUG org.dbunit.database.search.ImportedKeysSearchCallback  - searchNode(node=AUTHORITY) - start
170904 [main] DEBUG org.dbunit.util.search.DepthFirstSearch  - Pushing AUTHORITY
170904 [main] DEBUG org.dbunit.database.search.ImportedKeysSearchCallback  - getEdges(node=AUTHORITY) - start
170904 [main] DEBUG org.dbunit.database.search.AbstractMetaDataBasedSearchCallback  - getNodesFromImportedKeys(node=AUTHORITY) - start
170904 [main] DEBUG org.dbunit.database.search.AbstractMetaDataBasedSearchCallback  - getNodes(type=0, node=AUTHORITY) - start
170904 [main] DEBUG org.dbunit.database.DatabaseDataSourceConnection  - getConnection() - start
170904 [main] DEBUG org.dbunit.database.search.AbstractMetaDataBasedSearchCallback  - getNodes(type=0, node=AUTHORITY, conn=Transaction-aware proxy for target Connection [jdbc:hsqldb:mem:kontrollDS, UserName=sw, HSQL Database Engine Driver], schema=null, metaData=org.apache.commons.dbcp.DelegatingDatabaseMetaData@69e81e94, edges=[]) - start
170904 [main] DEBUG org.dbunit.database.search.AbstractMetaDataBasedSearchCallback  - Getting edges for node AUTHORITY
170904 [main] TRACE org.dbunit.database.DatabaseConfig  - getProperty(name=http://www.dbunit.org/properties/metadataHandler) - start
170904 [main] TRACE org.dbunit.database.DefaultMetadataHandler  - tableExists(metaData=org.apache.commons.dbcp.DelegatingDatabaseMetaData@69e81e94, schemaName=null, tableName=AUTHORITY) - start
170905 [main] DEBUG org.dbunit.util.SQLHelper  - close(resultSet=org.apache.commons.dbcp.DelegatingResultSet@281895fe) - start
170905 [main] DEBUG org.dbunit.util.SQLHelper  - close(resultSet=org.apache.commons.dbcp.DelegatingResultSet@18baee6f) - start
170905 [main] DEBUG org.dbunit.util.search.DepthFirstSearch  - Adding node AUTHORITY to the final result
170905 [main] DEBUG org.dbunit.util.CollectionsHelper  - setToStrings(set=[AUTHORITY]) - start
170905 [main] DEBUG org.dbunit.database.search.TablesDependencyHelper  - getDependsOnTables(connection=_databaseConfig=org.dbunit.database.DatabaseConfig[, _propertyMap={http://www.dbunit.org/properties/statementFactory=org.dbunit.database.statement.PreparedStatementFactory@626bc2b8, http://www.dbunit.org/features/caseSensitiveTableNames=false, http://www.dbunit.org/properties/fetchSize=100, http://www.dbunit.org/features/batchedStatements=false, http://www.dbunit.org/properties/metadataHandler=org.dbunit.database.DefaultMetadataHandler@62baffef, http://www.dbunit.org/properties/datatypeFactory=org.dbunit.dataset.datatype.DefaultDataTypeFactory[_toleratedDeltaMap=org.dbunit.dataset.datatype.ToleratedDeltaMap@6452310a], http://www.dbunit.org/properties/escapePattern=null, http://www.dbunit.org/properties/batchSize=100, http://www.dbunit.org/features/qualifiedTableNames=false, http://www.dbunit.org/properties/tableType=[Ljava.lang.String;@5011bafa, http://www.dbunit.org/properties/resultSetTableFactory=org.dbunit.database.CachedResultSetTableFactory@10bcf083, http://www.dbunit.org/features/datatypeWarning=true}], _dataSet=AbstractDataSet[_orderedTableNameMap=null], rootTable=AUTHORITY) - start
170905 [main] DEBUG org.dbunit.util.search.DepthFirstSearch  - search(nodesFrom=[AUTHORITY], callback=org.dbunit.database.search.ExportedKeysSearchCallback@660a5e36) - start
170905 [main] DEBUG org.dbunit.util.CollectionsHelper  - objectsToSet(objects=AUTHORITY) - start
170905 [main] DEBUG org.dbunit.util.search.DepthFirstSearch  - search(nodesFrom=[AUTHORITY], callback=org.dbunit.database.search.ExportedKeysSearchCallback@660a5e36) - start
170906 [main] DEBUG org.dbunit.util.search.DepthFirstSearch  - reverseSearch:AUTHORITY
170906 [main] DEBUG org.dbunit.database.search.ExportedKeysSearchCallback  - searchNode(node=AUTHORITY) - start
170906 [main] DEBUG org.dbunit.util.search.DepthFirstSearch  - Pushing (reverse) AUTHORITY
170906 [main] DEBUG org.dbunit.database.search.ExportedKeysSearchCallback  - getEdges(node=AUTHORITY) - start
170906 [main] DEBUG org.dbunit.database.search.AbstractMetaDataBasedSearchCallback  - getNodesFromExportedKeys(node=AUTHORITY) - start
170906 [main] DEBUG org.dbunit.database.search.AbstractMetaDataBasedSearchCallback  - getNodes(type=1, node=AUTHORITY) - start
170906 [main] DEBUG org.dbunit.database.DatabaseDataSourceConnection  - getConnection() - start
170906 [main] DEBUG org.dbunit.database.search.AbstractMetaDataBasedSearchCallback  - getNodes(type=1, node=AUTHORITY, conn=Transaction-aware proxy for target Connection [jdbc:hsqldb:mem:kontrollDS, UserName=sw, HSQL Database Engine Driver], schema=null, metaData=org.apache.commons.dbcp.DelegatingDatabaseMetaData@32af5f90, edges=[]) - start
170906 [main] DEBUG org.dbunit.database.search.AbstractMetaDataBasedSearchCallback  - Getting edges for node AUTHORITY
170906 [main] TRACE org.dbunit.database.DatabaseConfig  - getProperty(name=http://www.dbunit.org/properties/metadataHandler) - start
170906 [main] TRACE org.dbunit.database.DefaultMetadataHandler  - tableExists(metaData=org.apache.commons.dbcp.DelegatingDatabaseMetaData@32af5f90, schemaName=null, tableName=AUTHORITY) - start
170907 [main] DEBUG org.dbunit.util.SQLHelper  - close(resultSet=org.apache.commons.dbcp.DelegatingResultSet@5bca570c) - start
170907 [main] DEBUG org.dbunit.util.QualifiedTableName  - getQualifiedNameIfEnabled(config=org.dbunit.database.DatabaseConfig[, _propertyMap={http://www.dbunit.org/properties/statementFactory=org.dbunit.database.statement.PreparedStatementFactory@626bc2b8, http://www.dbunit.org/features/caseSensitiveTableNames=false, http://www.dbunit.org/properties/fetchSize=100, http://www.dbunit.org/features/batchedStatements=false, http://www.dbunit.org/properties/metadataHandler=org.dbunit.database.DefaultMetadataHandler@62baffef, http://www.dbunit.org/properties/datatypeFactory=org.dbunit.dataset.datatype.DefaultDataTypeFactory[_toleratedDeltaMap=org.dbunit.dataset.datatype.ToleratedDeltaMap@6452310a], http://www.dbunit.org/properties/escapePattern=null, http://www.dbunit.org/properties/batchSize=100, http://www.dbunit.org/features/qualifiedTableNames=false, http://www.dbunit.org/properties/tableType=[Ljava.lang.String;@5011bafa, http://www.dbunit.org/properties/resultSetTableFactory=org.dbunit.database.CachedResultSetTableFactory@10bcf083, http://www.dbunit.org/features/datatypeWarning=true}]) - start
170907 [main] TRACE org.dbunit.database.DatabaseConfig  - getFeature(name=http://www.dbunit.org/features/qualifiedTableNames) - start
170907 [main] TRACE org.dbunit.database.DatabaseConfig  - getProperty(name=http://www.dbunit.org/features/qualifiedTableNames) - start
170907 [main] DEBUG org.dbunit.util.QualifiedTableName  - Qualified table names feature is disabled. Returning plain table name
170907 [main] DEBUG org.dbunit.util.QualifiedTableName  - getQualifiedName(prefix=null, name=AUTHORITY, escapePattern=null) - start
170907 [main] DEBUG org.dbunit.util.QualifiedTableName  - getQualifiedNameIfEnabled(config=org.dbunit.database.DatabaseConfig[, _propertyMap={http://www.dbunit.org/properties/statementFactory=org.dbunit.database.statement.PreparedStatementFactory@626bc2b8, http://www.dbunit.org/features/caseSensitiveTableNames=false, http://www.dbunit.org/properties/fetchSize=100, http://www.dbunit.org/features/batchedStatements=false, http://www.dbunit.org/properties/metadataHandler=org.dbunit.database.DefaultMetadataHandler@62baffef, http://www.dbunit.org/properties/datatypeFactory=org.dbunit.dataset.datatype.DefaultDataTypeFactory[_toleratedDeltaMap=org.dbunit.dataset.datatype.ToleratedDeltaMap@6452310a], http://www.dbunit.org/properties/escapePattern=null, http://www.dbunit.org/properties/batchSize=100, http://www.dbunit.org/features/qualifiedTableNames=false, http://www.dbunit.org/properties/tableType=[Ljava.lang.String;@5011bafa, http://www.dbunit.org/properties/resultSetTableFactory=org.dbunit.database.CachedResultSetTableFactory@10bcf083, http://www.dbunit.org/features/datatypeWarning=true}]) - start
170907 [main] TRACE org.dbunit.database.DatabaseConfig  - getFeature(name=http://www.dbunit.org/features/qualifiedTableNames) - start
170907 [main] TRACE org.dbunit.database.DatabaseConfig  - getProperty(name=http://www.dbunit.org/features/qualifiedTableNames) - start
170907 [main] DEBUG org.dbunit.util.QualifiedTableName  - Qualified table names feature is disabled. Returning plain table name
170908 [main] DEBUG org.dbunit.util.QualifiedTableName  - getQualifiedName(prefix=null, name=USERS_AUTHORITIES, escapePattern=null) - start
170908 [main] DEBUG org.dbunit.database.search.AbstractMetaDataBasedSearchCallback  - newEdge(rs=org.apache.commons.dbcp.DelegatingResultSet@514f95bb, type=1, from=AUTHORITY, to=USERS_AUTHORITIES, fkColumn=AUTHORITY_ID, pkColumn=ID) - start
170908 [main] DEBUG org.dbunit.database.search.AbstractMetaDataBasedSearchCallback  - createFKEdge(rs=org.apache.commons.dbcp.DelegatingResultSet@514f95bb, type=1, from=AUTHORITY, to=USERS_AUTHORITIES, fkColumn=AUTHORITY_ID, pkColumn=ID) - start
170908 [main] DEBUG org.dbunit.database.search.AbstractMetaDataBasedSearchCallback  - Adding edge USERS_AUTHORITIES(AUTHORITY_ID)->AUTHORITY(ID)
170908 [main] DEBUG org.dbunit.util.search.Edge  - compareTo(o=USERS_AUTHORITIES(AUTHORITY_ID)->AUTHORITY(ID)) - start
170908 [main] DEBUG org.dbunit.util.SQLHelper  - close(resultSet=org.apache.commons.dbcp.DelegatingResultSet@514f95bb) - start
170908 [main] DEBUG org.dbunit.util.search.DepthFirstSearch  - reverseSearch:USERS_AUTHORITIES
170908 [main] DEBUG org.dbunit.database.search.ExportedKeysSearchCallback  - searchNode(node=USERS_AUTHORITIES) - start
170908 [main] DEBUG org.dbunit.util.search.DepthFirstSearch  - Pushing (reverse) USERS_AUTHORITIES
170908 [main] DEBUG org.dbunit.database.search.ExportedKeysSearchCallback  - getEdges(node=USERS_AUTHORITIES) - start
170908 [main] DEBUG org.dbunit.database.search.AbstractMetaDataBasedSearchCallback  - getNodesFromExportedKeys(node=USERS_AUTHORITIES) - start
170908 [main] DEBUG org.dbunit.database.search.AbstractMetaDataBasedSearchCallback  - getNodes(type=1, node=USERS_AUTHORITIES) - start
170908 [main] DEBUG org.dbunit.database.DatabaseDataSourceConnection  - getConnection() - start
170908 [main] DEBUG org.dbunit.database.search.AbstractMetaDataBasedSearchCallback  - getNodes(type=1, node=USERS_AUTHORITIES, conn=Transaction-aware proxy for target Connection [jdbc:hsqldb:mem:kontrollDS, UserName=sw, HSQL Database Engine Driver], schema=null, metaData=org.apache.commons.dbcp.DelegatingDatabaseMetaData@3fef51b1, edges=[]) - start
170909 [main] DEBUG org.dbunit.database.search.AbstractMetaDataBasedSearchCallback  - Getting edges for node USERS_AUTHORITIES
170909 [main] TRACE org.dbunit.database.DatabaseConfig  - getProperty(name=http://www.dbunit.org/properties/metadataHandler) - start
170909 [main] TRACE org.dbunit.database.DefaultMetadataHandler  - tableExists(metaData=org.apache.commons.dbcp.DelegatingDatabaseMetaData@3fef51b1, schemaName=null, tableName=USERS_AUTHORITIES) - start
170910 [main] DEBUG org.dbunit.util.SQLHelper  - close(resultSet=org.apache.commons.dbcp.DelegatingResultSet@4b2ced64) - start
170910 [main] DEBUG org.dbunit.util.SQLHelper  - close(resultSet=org.apache.commons.dbcp.DelegatingResultSet@2e8f928b) - start
170910 [main] DEBUG org.dbunit.util.search.DepthFirstSearch  - search:USERS_AUTHORITIES
170910 [main] DEBUG org.dbunit.database.search.ExportedKeysSearchCallback  - searchNode(node=USERS_AUTHORITIES) - start
170910 [main] DEBUG org.dbunit.util.search.DepthFirstSearch  - Pushing USERS_AUTHORITIES
170910 [main] DEBUG org.dbunit.database.search.ExportedKeysSearchCallback  - getEdges(node=USERS_AUTHORITIES) - start
170910 [main] DEBUG org.dbunit.database.search.AbstractMetaDataBasedSearchCallback  - getNodesFromExportedKeys(node=USERS_AUTHORITIES) - start
170910 [main] DEBUG org.dbunit.database.search.AbstractMetaDataBasedSearchCallback  - getNodes(type=1, node=USERS_AUTHORITIES) - start
170910 [main] DEBUG org.dbunit.database.DatabaseDataSourceConnection  - getConnection() - start
170910 [main] DEBUG org.dbunit.database.search.AbstractMetaDataBasedSearchCallback  - getNodes(type=1, node=USERS_AUTHORITIES, conn=Transaction-aware proxy for target Connection [jdbc:hsqldb:mem:kontrollDS, UserName=sw, HSQL Database Engine Driver], schema=null, metaData=org.apache.commons.dbcp.DelegatingDatabaseMetaData@53ddfb8e, edges=[]) - start
170910 [main] DEBUG org.dbunit.database.search.AbstractMetaDataBasedSearchCallback  - Getting edges for node USERS_AUTHORITIES
170910 [main] TRACE org.dbunit.database.DatabaseConfig  - getProperty(name=http://www.dbunit.org/properties/metadataHandler) - start
170910 [main] TRACE org.dbunit.database.DefaultMetadataHandler  - tableExists(metaData=org.apache.commons.dbcp.DelegatingDatabaseMetaData@53ddfb8e, schemaName=null, tableName=USERS_AUTHORITIES) - start
170911 [main] DEBUG org.dbunit.util.SQLHelper  - close(resultSet=org.apache.commons.dbcp.DelegatingResultSet@72b419de) - start
170912 [main] DEBUG org.dbunit.util.SQLHelper  - close(resultSet=org.apache.commons.dbcp.DelegatingResultSet@58132326) - start
170912 [main] DEBUG org.dbunit.util.search.DepthFirstSearch  - Adding node USERS_AUTHORITIES to the final result
170912 [main] DEBUG org.dbunit.util.search.DepthFirstSearch  - search:AUTHORITY
170912 [main] DEBUG org.dbunit.database.search.ExportedKeysSearchCallback  - searchNode(node=AUTHORITY) - start
170912 [main] DEBUG org.dbunit.util.search.DepthFirstSearch  - Pushing AUTHORITY
170912 [main] DEBUG org.dbunit.database.search.ExportedKeysSearchCallback  - getEdges(node=AUTHORITY) - start
170912 [main] DEBUG org.dbunit.database.search.AbstractMetaDataBasedSearchCallback  - getNodesFromExportedKeys(node=AUTHORITY) - start
170912 [main] DEBUG org.dbunit.database.search.AbstractMetaDataBasedSearchCallback  - getNodes(type=1, node=AUTHORITY) - start
170912 [main] DEBUG org.dbunit.database.DatabaseDataSourceConnection  - getConnection() - start
170912 [main] DEBUG org.dbunit.database.search.AbstractMetaDataBasedSearchCallback  - getNodes(type=1, node=AUTHORITY, conn=Transaction-aware proxy for target Connection [jdbc:hsqldb:mem:kontrollDS, UserName=sw, HSQL Database Engine Driver], schema=null, metaData=org.apache.commons.dbcp.DelegatingDatabaseMetaData@5068c0f6, edges=[]) - start
170912 [main] DEBUG org.dbunit.database.search.AbstractMetaDataBasedSearchCallback  - Getting edges for node AUTHORITY
170912 [main] TRACE org.dbunit.database.DatabaseConfig  - getProperty(name=http://www.dbunit.org/properties/metadataHandler) - start
170912 [main] TRACE org.dbunit.database.DefaultMetadataHandler  - tableExists(metaData=org.apache.commons.dbcp.DelegatingDatabaseMetaData@5068c0f6, schemaName=null, tableName=AUTHORITY) - start
170913 [main] DEBUG org.dbunit.util.SQLHelper  - close(resultSet=org.apache.commons.dbcp.DelegatingResultSet@268d0fde) - start
170914 [main] DEBUG org.dbunit.util.QualifiedTableName  - getQualifiedNameIfEnabled(config=org.dbunit.database.DatabaseConfig[, _propertyMap={http://www.dbunit.org/properties/statementFactory=org.dbunit.database.statement.PreparedStatementFactory@626bc2b8, http://www.dbunit.org/features/caseSensitiveTableNames=false, http://www.dbunit.org/properties/fetchSize=100, http://www.dbunit.org/features/batchedStatements=false, http://www.dbunit.org/properties/metadataHandler=org.dbunit.database.DefaultMetadataHandler@62baffef, http://www.dbunit.org/properties/datatypeFactory=org.dbunit.dataset.datatype.DefaultDataTypeFactory[_toleratedDeltaMap=org.dbunit.dataset.datatype.ToleratedDeltaMap@6452310a], http://www.dbunit.org/properties/escapePattern=null, http://www.dbunit.org/properties/batchSize=100, http://www.dbunit.org/features/qualifiedTableNames=false, http://www.dbunit.org/properties/tableType=[Ljava.lang.String;@5011bafa, http://www.dbunit.org/properties/resultSetTableFactory=org.dbunit.database.CachedResultSetTableFactory@10bcf083, http://www.dbunit.org/features/datatypeWarning=true}]) - start
170914 [main] TRACE org.dbunit.database.DatabaseConfig  - getFeature(name=http://www.dbunit.org/features/qualifiedTableNames) - start
170914 [main] TRACE org.dbunit.database.DatabaseConfig  - getProperty(name=http://www.dbunit.org/features/qualifiedTableNames) - start
170914 [main] DEBUG org.dbunit.util.QualifiedTableName  - Qualified table names feature is disabled. Returning plain table name
170914 [main] DEBUG org.dbunit.util.QualifiedTableName  - getQualifiedName(prefix=null, name=AUTHORITY, escapePattern=null) - start
170914 [main] DEBUG org.dbunit.util.QualifiedTableName  - getQualifiedNameIfEnabled(config=org.dbunit.database.DatabaseConfig[, _propertyMap={http://www.dbunit.org/properties/statementFactory=org.dbunit.database.statement.PreparedStatementFactory@626bc2b8, http://www.dbunit.org/features/caseSensitiveTableNames=false, http://www.dbunit.org/properties/fetchSize=100, http://www.dbunit.org/features/batchedStatements=false, http://www.dbunit.org/properties/metadataHandler=org.dbunit.database.DefaultMetadataHandler@62baffef, http://www.dbunit.org/properties/datatypeFactory=org.dbunit.dataset.datatype.DefaultDataTypeFactory[_toleratedDeltaMap=org.dbunit.dataset.datatype.ToleratedDeltaMap@6452310a], http://www.dbunit.org/properties/escapePattern=null, http://www.dbunit.org/properties/batchSize=100, http://www.dbunit.org/features/qualifiedTableNames=false, http://www.dbunit.org/properties/tableType=[Ljava.lang.String;@5011bafa, http://www.dbunit.org/properties/resultSetTableFactory=org.dbunit.database.CachedResultSetTableFactory@10bcf083, http://www.dbunit.org/features/datatypeWarning=true}]) - start
170914 [main] TRACE org.dbunit.database.DatabaseConfig  - getFeature(name=http://www.dbunit.org/features/qualifiedTableNames) - start
170914 [main] TRACE org.dbunit.database.DatabaseConfig  - getProperty(name=http://www.dbunit.org/features/qualifiedTableNames) - start
170914 [main] DEBUG org.dbunit.util.QualifiedTableName  - Qualified table names feature is disabled. Returning plain table name
170914 [main] DEBUG org.dbunit.util.QualifiedTableName  - getQualifiedName(prefix=null, name=USERS_AUTHORITIES, escapePattern=null) - start
170914 [main] DEBUG org.dbunit.database.search.AbstractMetaDataBasedSearchCallback  - newEdge(rs=org.apache.commons.dbcp.DelegatingResultSet@690a6390, type=1, from=AUTHORITY, to=USERS_AUTHORITIES, fkColumn=AUTHORITY_ID, pkColumn=ID) - start
170914 [main] DEBUG org.dbunit.database.search.AbstractMetaDataBasedSearchCallback  - createFKEdge(rs=org.apache.commons.dbcp.DelegatingResultSet@690a6390, type=1, from=AUTHORITY, to=USERS_AUTHORITIES, fkColumn=AUTHORITY_ID, pkColumn=ID) - start
170914 [main] DEBUG org.dbunit.database.search.AbstractMetaDataBasedSearchCallback  - Adding edge USERS_AUTHORITIES(AUTHORITY_ID)->AUTHORITY(ID)
170914 [main] DEBUG org.dbunit.util.search.Edge  - compareTo(o=USERS_AUTHORITIES(AUTHORITY_ID)->AUTHORITY(ID)) - start
170914 [main] DEBUG org.dbunit.util.SQLHelper  - close(resultSet=org.apache.commons.dbcp.DelegatingResultSet@690a6390) - start
170914 [main] DEBUG org.dbunit.util.search.DepthFirstSearch  - search:AUTHORITY
170914 [main] DEBUG org.dbunit.util.search.DepthFirstSearch  - already searched; returning true
170914 [main] DEBUG org.dbunit.util.search.DepthFirstSearch  - Adding node AUTHORITY to the final result
170914 [main] DEBUG org.dbunit.util.CollectionsHelper  - setToStrings(set=[USERS_AUTHORITIES, AUTHORITY]) - start
170914 [main] DEBUG org.dbunit.database.search.TablesDependencyHelper  - getDirectDependsOnTables(connection=_databaseConfig=org.dbunit.database.DatabaseConfig[, _propertyMap={http://www.dbunit.org/properties/statementFactory=org.dbunit.database.statement.PreparedStatementFactory@626bc2b8, http://www.dbunit.org/features/caseSensitiveTableNames=false, http://www.dbunit.org/properties/fetchSize=100, http://www.dbunit.org/features/batchedStatements=false, http://www.dbunit.org/properties/metadataHandler=org.dbunit.database.DefaultMetadataHandler@62baffef, http://www.dbunit.org/properties/datatypeFactory=org.dbunit.dataset.datatype.DefaultDataTypeFactory[_toleratedDeltaMap=org.dbunit.dataset.datatype.ToleratedDeltaMap@6452310a], http://www.dbunit.org/properties/escapePattern=null, http://www.dbunit.org/properties/batchSize=100, http://www.dbunit.org/features/qualifiedTableNames=false, http://www.dbunit.org/properties/tableType=[Ljava.lang.String;@5011bafa, http://www.dbunit.org/properties/resultSetTableFactory=org.dbunit.database.CachedResultSetTableFactory@10bcf083, http://www.dbunit.org/features/datatypeWarning=true}], _dataSet=AbstractDataSet[_orderedTableNameMap=null], tableName=AUTHORITY) - start
170915 [main] DEBUG org.dbunit.util.search.DepthFirstSearch  - search(nodesFrom=[AUTHORITY], callback=org.dbunit.database.search.ExportedKeysSearchCallback@58774bf) - start
170915 [main] DEBUG org.dbunit.util.CollectionsHelper  - objectsToSet(objects=AUTHORITY) - start
170915 [main] DEBUG org.dbunit.util.search.DepthFirstSearch  - search(nodesFrom=[AUTHORITY], callback=org.dbunit.database.search.ExportedKeysSearchCallback@58774bf) - start
170915 [main] DEBUG org.dbunit.util.search.DepthFirstSearch  - reverseSearch:AUTHORITY
170915 [main] DEBUG org.dbunit.database.search.ExportedKeysSearchCallback  - searchNode(node=AUTHORITY) - start
170915 [main] DEBUG org.dbunit.util.search.DepthFirstSearch  - Pushing (reverse) AUTHORITY
170915 [main] DEBUG org.dbunit.database.search.ExportedKeysSearchCallback  - getEdges(node=AUTHORITY) - start
170915 [main] DEBUG org.dbunit.database.search.AbstractMetaDataBasedSearchCallback  - getNodesFromExportedKeys(node=AUTHORITY) - start
170915 [main] DEBUG org.dbunit.database.search.AbstractMetaDataBasedSearchCallback  - getNodes(type=1, node=AUTHORITY) - start
170915 [main] DEBUG org.dbunit.database.DatabaseDataSourceConnection  - getConnection() - start
170915 [main] DEBUG org.dbunit.database.search.AbstractMetaDataBasedSearchCallback  - getNodes(type=1, node=AUTHORITY, conn=Transaction-aware proxy for target Connection [jdbc:hsqldb:mem:kontrollDS, UserName=sw, HSQL Database Engine Driver], schema=null, metaData=org.apache.commons.dbcp.DelegatingDatabaseMetaData@1aa6f, edges=[]) - start
170915 [main] DEBUG org.dbunit.database.search.AbstractMetaDataBasedSearchCallback  - Getting edges for node AUTHORITY
170915 [main] TRACE org.dbunit.database.DatabaseConfig  - getProperty(name=http://www.dbunit.org/properties/metadataHandler) - start
170915 [main] TRACE org.dbunit.database.DefaultMetadataHandler  - tableExists(metaData=org.apache.commons.dbcp.DelegatingDatabaseMetaData@1aa6f, schemaName=null, tableName=AUTHORITY) - start
170916 [main] DEBUG org.dbunit.util.SQLHelper  - close(resultSet=org.apache.commons.dbcp.DelegatingResultSet@4af8d096) - start
170916 [main] DEBUG org.dbunit.util.QualifiedTableName  - getQualifiedNameIfEnabled(config=org.dbunit.database.DatabaseConfig[, _propertyMap={http://www.dbunit.org/properties/statementFactory=org.dbunit.database.statement.PreparedStatementFactory@626bc2b8, http://www.dbunit.org/features/caseSensitiveTableNames=false, http://www.dbunit.org/properties/fetchSize=100, http://www.dbunit.org/features/batchedStatements=false, http://www.dbunit.org/properties/metadataHandler=org.dbunit.database.DefaultMetadataHandler@62baffef, http://www.dbunit.org/properties/datatypeFactory=org.dbunit.dataset.datatype.DefaultDataTypeFactory[_toleratedDeltaMap=org.dbunit.dataset.datatype.ToleratedDeltaMap@6452310a], http://www.dbunit.org/properties/escapePattern=null, http://www.dbunit.org/properties/batchSize=100, http://www.dbunit.org/features/qualifiedTableNames=false, http://www.dbunit.org/properties/tableType=[Ljava.lang.String;@5011bafa, http://www.dbunit.org/properties/resultSetTableFactory=org.dbunit.database.CachedResultSetTableFactory@10bcf083, http://www.dbunit.org/features/datatypeWarning=true}]) - start
170916 [main] TRACE org.dbunit.database.DatabaseConfig  - getFeature(name=http://www.dbunit.org/features/qualifiedTableNames) - start
170916 [main] TRACE org.dbunit.database.DatabaseConfig  - getProperty(name=http://www.dbunit.org/features/qualifiedTableNames) - start
170916 [main] DEBUG org.dbunit.util.QualifiedTableName  - Qualified table names feature is disabled. Returning plain table name
170916 [main] DEBUG org.dbunit.util.QualifiedTableName  - getQualifiedName(prefix=null, name=AUTHORITY, escapePattern=null) - start
170917 [main] DEBUG org.dbunit.util.QualifiedTableName  - getQualifiedNameIfEnabled(config=org.dbunit.database.DatabaseConfig[, _propertyMap={http://www.dbunit.org/properties/statementFactory=org.dbunit.database.statement.PreparedStatementFactory@626bc2b8, http://www.dbunit.org/features/caseSensitiveTableNames=false, http://www.dbunit.org/properties/fetchSize=100, http://www.dbunit.org/features/batchedStatements=false, http://www.dbunit.org/properties/metadataHandler=org.dbunit.database.DefaultMetadataHandler@62baffef, http://www.dbunit.org/properties/datatypeFactory=org.dbunit.dataset.datatype.DefaultDataTypeFactory[_toleratedDeltaMap=org.dbunit.dataset.datatype.ToleratedDeltaMap@6452310a], http://www.dbunit.org/properties/escapePattern=null, http://www.dbunit.org/properties/batchSize=100, http://www.dbunit.org/features/qualifiedTableNames=false, http://www.dbunit.org/properties/tableType=[Ljava.lang.String;@5011bafa, http://www.dbunit.org/properties/resultSetTableFactory=org.dbunit.database.CachedResultSetTableFactory@10bcf083, http://www.dbunit.org/features/datatypeWarning=true}]) - start
170917 [main] TRACE org.dbunit.database.DatabaseConfig  - getFeature(name=http://www.dbunit.org/features/qualifiedTableNames) - start
170917 [main] TRACE org.dbunit.database.DatabaseConfig  - getProperty(name=http://www.dbunit.org/features/qualifiedTableNames) - start
170917 [main] DEBUG org.dbunit.util.QualifiedTableName  - Qualified table names feature is disabled. Returning plain table name
170917 [main] DEBUG org.dbunit.util.QualifiedTableName  - getQualifiedName(prefix=null, name=USERS_AUTHORITIES, escapePattern=null) - start
170917 [main] DEBUG org.dbunit.database.search.AbstractMetaDataBasedSearchCallback  - newEdge(rs=org.apache.commons.dbcp.DelegatingResultSet@3abeedcb, type=1, from=AUTHORITY, to=USERS_AUTHORITIES, fkColumn=AUTHORITY_ID, pkColumn=ID) - start
170917 [main] DEBUG org.dbunit.database.search.AbstractMetaDataBasedSearchCallback  - createFKEdge(rs=org.apache.commons.dbcp.DelegatingResultSet@3abeedcb, type=1, from=AUTHORITY, to=USERS_AUTHORITIES, fkColumn=AUTHORITY_ID, pkColumn=ID) - start
170917 [main] DEBUG org.dbunit.database.search.AbstractMetaDataBasedSearchCallback  - Adding edge USERS_AUTHORITIES(AUTHORITY_ID)->AUTHORITY(ID)
170917 [main] DEBUG org.dbunit.util.search.Edge  - compareTo(o=USERS_AUTHORITIES(AUTHORITY_ID)->AUTHORITY(ID)) - start
170917 [main] DEBUG org.dbunit.util.SQLHelper  - close(resultSet=org.apache.commons.dbcp.DelegatingResultSet@3abeedcb) - start
170917 [main] DEBUG org.dbunit.util.search.DepthFirstSearch  - reverseSearch:USERS_AUTHORITIES
170917 [main] DEBUG org.dbunit.database.search.ExportedKeysSearchCallback  - searchNode(node=USERS_AUTHORITIES) - start
170917 [main] DEBUG org.dbunit.util.search.DepthFirstSearch  - Pushing (reverse) USERS_AUTHORITIES
170917 [main] DEBUG org.dbunit.database.search.ExportedKeysSearchCallback  - getEdges(node=USERS_AUTHORITIES) - start
170917 [main] DEBUG org.dbunit.database.search.AbstractMetaDataBasedSearchCallback  - getNodesFromExportedKeys(node=USERS_AUTHORITIES) - start
170917 [main] DEBUG org.dbunit.database.search.AbstractMetaDataBasedSearchCallback  - getNodes(type=1, node=USERS_AUTHORITIES) - start
170917 [main] DEBUG org.dbunit.database.DatabaseDataSourceConnection  - getConnection() - start
170917 [main] DEBUG org.dbunit.database.search.AbstractMetaDataBasedSearchCallback  - getNodes(type=1, node=USERS_AUTHORITIES, conn=Transaction-aware proxy for target Connection [jdbc:hsqldb:mem:kontrollDS, UserName=sw, HSQL Database Engine Driver], schema=null, metaData=org.apache.commons.dbcp.DelegatingDatabaseMetaData@4cedc88e, edges=[]) - start
170917 [main] DEBUG org.dbunit.database.search.AbstractMetaDataBasedSearchCallback  - Getting edges for node USERS_AUTHORITIES
170917 [main] TRACE org.dbunit.database.DatabaseConfig  - getProperty(name=http://www.dbunit.org/properties/metadataHandler) - start
170917 [main] TRACE org.dbunit.database.DefaultMetadataHandler  - tableExists(metaData=org.apache.commons.dbcp.DelegatingDatabaseMetaData@4cedc88e, schemaName=null, tableName=USERS_AUTHORITIES) - start
170918 [main] DEBUG org.dbunit.util.SQLHelper  - close(resultSet=org.apache.commons.dbcp.DelegatingResultSet@5c1c73b7) - start
170919 [main] DEBUG org.dbunit.util.SQLHelper  - close(resultSet=org.apache.commons.dbcp.DelegatingResultSet@60181db9) - start
170919 [main] DEBUG org.dbunit.util.search.DepthFirstSearch  - search:USERS_AUTHORITIES
170919 [main] DEBUG org.dbunit.database.search.ExportedKeysSearchCallback  - searchNode(node=USERS_AUTHORITIES) - start
170919 [main] DEBUG org.dbunit.util.search.DepthFirstSearch  - Pushing USERS_AUTHORITIES
170919 [main] DEBUG org.dbunit.database.search.ExportedKeysSearchCallback  - getEdges(node=USERS_AUTHORITIES) - start
170919 [main] DEBUG org.dbunit.database.search.AbstractMetaDataBasedSearchCallback  - getNodesFromExportedKeys(node=USERS_AUTHORITIES) - start
170919 [main] DEBUG org.dbunit.database.search.AbstractMetaDataBasedSearchCallback  - getNodes(type=1, node=USERS_AUTHORITIES) - start
170919 [main] DEBUG org.dbunit.database.DatabaseDataSourceConnection  - getConnection() - start
170919 [main] DEBUG org.dbunit.database.search.AbstractMetaDataBasedSearchCallback  - getNodes(type=1, node=USERS_AUTHORITIES, conn=Transaction-aware proxy for target Connection [jdbc:hsqldb:mem:kontrollDS, UserName=sw, HSQL Database Engine Driver], schema=null, metaData=org.apache.commons.dbcp.DelegatingDatabaseMetaData@4f478df8, edges=[]) - start
170919 [main] DEBUG org.dbunit.database.search.AbstractMetaDataBasedSearchCallback  - Getting edges for node USERS_AUTHORITIES
170919 [main] TRACE org.dbunit.database.DatabaseConfig  - getProperty(name=http://www.dbunit.org/properties/metadataHandler) - start
170919 [main] TRACE org.dbunit.database.DefaultMetadataHandler  - tableExists(metaData=org.apache.commons.dbcp.DelegatingDatabaseMetaData@4f478df8, schemaName=null, tableName=USERS_AUTHORITIES) - start
170920 [main] DEBUG org.dbunit.util.SQLHelper  - close(resultSet=org.apache.commons.dbcp.DelegatingResultSet@1044785a) - start
170920 [main] DEBUG org.dbunit.util.SQLHelper  - close(resultSet=org.apache.commons.dbcp.DelegatingResultSet@111979bc) - start
170920 [main] DEBUG org.dbunit.util.search.DepthFirstSearch  - Adding node USERS_AUTHORITIES to the final result
170920 [main] DEBUG org.dbunit.util.search.DepthFirstSearch  - search:AUTHORITY
170920 [main] DEBUG org.dbunit.database.search.ExportedKeysSearchCallback  - searchNode(node=AUTHORITY) - start
170920 [main] DEBUG org.dbunit.util.search.DepthFirstSearch  - Pushing AUTHORITY
170920 [main] DEBUG org.dbunit.database.search.ExportedKeysSearchCallback  - getEdges(node=AUTHORITY) - start
170920 [main] DEBUG org.dbunit.database.search.AbstractMetaDataBasedSearchCallback  - getNodesFromExportedKeys(node=AUTHORITY) - start
170921 [main] DEBUG org.dbunit.database.search.AbstractMetaDataBasedSearchCallback  - getNodes(type=1, node=AUTHORITY) - start
170921 [main] DEBUG org.dbunit.database.DatabaseDataSourceConnection  - getConnection() - start
170921 [main] DEBUG org.dbunit.database.search.AbstractMetaDataBasedSearchCallback  - getNodes(type=1, node=AUTHORITY, conn=Transaction-aware proxy for target Connection [jdbc:hsqldb:mem:kontrollDS, UserName=sw, HSQL Database Engine Driver], schema=null, metaData=org.apache.commons.dbcp.DelegatingDatabaseMetaData@1f872e69, edges=[]) - start
170921 [main] DEBUG org.dbunit.database.search.AbstractMetaDataBasedSearchCallback  - Getting edges for node AUTHORITY
170921 [main] TRACE org.dbunit.database.DatabaseConfig  - getProperty(name=http://www.dbunit.org/properties/metadataHandler) - start
170921 [main] TRACE org.dbunit.database.DefaultMetadataHandler  - tableExists(metaData=org.apache.commons.dbcp.DelegatingDatabaseMetaData@1f872e69, schemaName=null, tableName=AUTHORITY) - start
170922 [main] DEBUG org.dbunit.util.SQLHelper  - close(resultSet=org.apache.commons.dbcp.DelegatingResultSet@2eb2252c) - start
170922 [main] DEBUG org.dbunit.util.QualifiedTableName  - getQualifiedNameIfEnabled(config=org.dbunit.database.DatabaseConfig[, _propertyMap={http://www.dbunit.org/properties/statementFactory=org.dbunit.database.statement.PreparedStatementFactory@626bc2b8, http://www.dbunit.org/features/caseSensitiveTableNames=false, http://www.dbunit.org/properties/fetchSize=100, http://www.dbunit.org/features/batchedStatements=false, http://www.dbunit.org/properties/metadataHandler=org.dbunit.database.DefaultMetadataHandler@62baffef, http://www.dbunit.org/properties/datatypeFactory=org.dbunit.dataset.datatype.DefaultDataTypeFactory[_toleratedDeltaMap=org.dbunit.dataset.datatype.ToleratedDeltaMap@6452310a], http://www.dbunit.org/properties/escapePattern=null, http://www.dbunit.org/properties/batchSize=100, http://www.dbunit.org/features/qualifiedTableNames=false, http://www.dbunit.org/properties/tableType=[Ljava.lang.String;@5011bafa, http://www.dbunit.org/properties/resultSetTableFactory=org.dbunit.database.CachedResultSetTableFactory@10bcf083, http://www.dbunit.org/features/datatypeWarning=true}]) - start
170922 [main] TRACE org.dbunit.database.DatabaseConfig  - getFeature(name=http://www.dbunit.org/features/qualifiedTableNames) - start
170922 [main] TRACE org.dbunit.database.DatabaseConfig  - getProperty(name=http://www.dbunit.org/features/qualifiedTableNames) - start
170922 [main] DEBUG org.dbunit.util.QualifiedTableName  - Qualified table names feature is disabled. Returning plain table name
170922 [main] DEBUG org.dbunit.util.QualifiedTableName  - getQualifiedName(prefix=null, name=AUTHORITY, escapePattern=null) - start
170922 [main] DEBUG org.dbunit.util.QualifiedTableName  - getQualifiedNameIfEnabled(config=org.dbunit.database.DatabaseConfig[, _propertyMap={http://www.dbunit.org/properties/statementFactory=org.dbunit.database.statement.PreparedStatementFactory@626bc2b8, http://www.dbunit.org/features/caseSensitiveTableNames=false, http://www.dbunit.org/properties/fetchSize=100, http://www.dbunit.org/features/batchedStatements=false, http://www.dbunit.org/properties/metadataHandler=org.dbunit.database.DefaultMetadataHandler@62baffef, http://www.dbunit.org/properties/datatypeFactory=org.dbunit.dataset.datatype.DefaultDataTypeFactory[_toleratedDeltaMap=org.dbunit.dataset.datatype.ToleratedDeltaMap@6452310a], http://www.dbunit.org/properties/escapePattern=null, http://www.dbunit.org/properties/batchSize=100, http://www.dbunit.org/features/qualifiedTableNames=false, http://www.dbunit.org/properties/tableType=[Ljava.lang.String;@5011bafa, http://www.dbunit.org/properties/resultSetTableFactory=org.dbunit.database.CachedResultSetTableFactory@10bcf083, http://www.dbunit.org/features/datatypeWarning=true}]) - start
170922 [main] TRACE org.dbunit.database.DatabaseConfig  - getFeature(name=http://www.dbunit.org/features/qualifiedTableNames) - start
170922 [main] TRACE org.dbunit.database.DatabaseConfig  - getProperty(name=http://www.dbunit.org/features/qualifiedTableNames) - start
170922 [main] DEBUG org.dbunit.util.QualifiedTableName  - Qualified table names feature is disabled. Returning plain table name
170922 [main] DEBUG org.dbunit.util.QualifiedTableName  - getQualifiedName(prefix=null, name=USERS_AUTHORITIES, escapePattern=null) - start
170922 [main] DEBUG org.dbunit.database.search.AbstractMetaDataBasedSearchCallback  - newEdge(rs=org.apache.commons.dbcp.DelegatingResultSet@2b0d6268, type=1, from=AUTHORITY, to=USERS_AUTHORITIES, fkColumn=AUTHORITY_ID, pkColumn=ID) - start
170922 [main] DEBUG org.dbunit.database.search.AbstractMetaDataBasedSearchCallback  - createFKEdge(rs=org.apache.commons.dbcp.DelegatingResultSet@2b0d6268, type=1, from=AUTHORITY, to=USERS_AUTHORITIES, fkColumn=AUTHORITY_ID, pkColumn=ID) - start
170923 [main] DEBUG org.dbunit.database.search.AbstractMetaDataBasedSearchCallback  - Adding edge USERS_AUTHORITIES(AUTHORITY_ID)->AUTHORITY(ID)
170923 [main] DEBUG org.dbunit.util.search.Edge  - compareTo(o=USERS_AUTHORITIES(AUTHORITY_ID)->AUTHORITY(ID)) - start
170923 [main] DEBUG org.dbunit.util.SQLHelper  - close(resultSet=org.apache.commons.dbcp.DelegatingResultSet@2b0d6268) - start
170923 [main] DEBUG org.dbunit.util.search.DepthFirstSearch  - search:AUTHORITY
170923 [main] DEBUG org.dbunit.util.search.DepthFirstSearch  - already searched; returning true
170923 [main] DEBUG org.dbunit.util.search.DepthFirstSearch  - Adding node AUTHORITY to the final result
170923 [main] DEBUG org.dbunit.database.search.TablesDependencyHelper  - getDirectDependentTables(connection=_databaseConfig=org.dbunit.database.DatabaseConfig[, _propertyMap={http://www.dbunit.org/properties/statementFactory=org.dbunit.database.statement.PreparedStatementFactory@626bc2b8, http://www.dbunit.org/features/caseSensitiveTableNames=false, http://www.dbunit.org/properties/fetchSize=100, http://www.dbunit.org/features/batchedStatements=false, http://www.dbunit.org/properties/metadataHandler=org.dbunit.database.DefaultMetadataHandler@62baffef, http://www.dbunit.org/properties/datatypeFactory=org.dbunit.dataset.datatype.DefaultDataTypeFactory[_toleratedDeltaMap=org.dbunit.dataset.datatype.ToleratedDeltaMap@6452310a], http://www.dbunit.org/properties/escapePattern=null, http://www.dbunit.org/properties/batchSize=100, http://www.dbunit.org/features/qualifiedTableNames=false, http://www.dbunit.org/properties/tableType=[Ljava.lang.String;@5011bafa, http://www.dbunit.org/properties/resultSetTableFactory=org.dbunit.database.CachedResultSetTableFactory@10bcf083, http://www.dbunit.org/features/datatypeWarning=true}], _dataSet=AbstractDataSet[_orderedTableNameMap=null], tableName=AUTHORITY) - start
170923 [main] DEBUG org.dbunit.util.search.DepthFirstSearch  - search(nodesFrom=[AUTHORITY], callback=org.dbunit.database.search.ImportedKeysSearchCallback@587eee68) - start
170923 [main] DEBUG org.dbunit.util.CollectionsHelper  - objectsToSet(objects=AUTHORITY) - start
170923 [main] DEBUG org.dbunit.util.search.DepthFirstSearch  - search(nodesFrom=[AUTHORITY], callback=org.dbunit.database.search.ImportedKeysSearchCallback@587eee68) - start
170923 [main] DEBUG org.dbunit.util.search.DepthFirstSearch  - reverseSearch:AUTHORITY
170923 [main] DEBUG org.dbunit.database.search.ImportedKeysSearchCallback  - searchNode(node=AUTHORITY) - start
170923 [main] DEBUG org.dbunit.util.search.DepthFirstSearch  - Pushing (reverse) AUTHORITY
170923 [main] DEBUG org.dbunit.database.search.ImportedKeysSearchCallback  - getEdges(node=AUTHORITY) - start
170923 [main] DEBUG org.dbunit.database.search.AbstractMetaDataBasedSearchCallback  - getNodesFromImportedKeys(node=AUTHORITY) - start
170923 [main] DEBUG org.dbunit.database.search.AbstractMetaDataBasedSearchCallback  - getNodes(type=0, node=AUTHORITY) - start
170923 [main] DEBUG org.dbunit.database.DatabaseDataSourceConnection  - getConnection() - start
170923 [main] DEBUG org.dbunit.database.search.AbstractMetaDataBasedSearchCallback  - getNodes(type=0, node=AUTHORITY, conn=Transaction-aware proxy for target Connection [jdbc:hsqldb:mem:kontrollDS, UserName=sw, HSQL Database Engine Driver], schema=null, metaData=org.apache.commons.dbcp.DelegatingDatabaseMetaData@75561b3b, edges=[]) - start
170923 [main] DEBUG org.dbunit.database.search.AbstractMetaDataBasedSearchCallback  - Getting edges for node AUTHORITY
170923 [main] TRACE org.dbunit.database.DatabaseConfig  - getProperty(name=http://www.dbunit.org/properties/metadataHandler) - start
170923 [main] TRACE org.dbunit.database.DefaultMetadataHandler  - tableExists(metaData=org.apache.commons.dbcp.DelegatingDatabaseMetaData@75561b3b, schemaName=null, tableName=AUTHORITY) - start
170925 [main] DEBUG org.dbunit.util.SQLHelper  - close(resultSet=org.apache.commons.dbcp.DelegatingResultSet@7afc25ef) - start
170925 [main] DEBUG org.dbunit.util.SQLHelper  - close(resultSet=org.apache.commons.dbcp.DelegatingResultSet@1def36ee) - start
170925 [main] DEBUG org.dbunit.util.search.DepthFirstSearch  - search:AUTHORITY
170925 [main] DEBUG org.dbunit.database.search.ImportedKeysSearchCallback  - searchNode(node=AUTHORITY) - start
170925 [main] DEBUG org.dbunit.util.search.DepthFirstSearch  - Pushing AUTHORITY
170925 [main] DEBUG org.dbunit.database.search.ImportedKeysSearchCallback  - getEdges(node=AUTHORITY) - start
170925 [main] DEBUG org.dbunit.database.search.AbstractMetaDataBasedSearchCallback  - getNodesFromImportedKeys(node=AUTHORITY) - start
170925 [main] DEBUG org.dbunit.database.search.AbstractMetaDataBasedSearchCallback  - getNodes(type=0, node=AUTHORITY) - start
170925 [main] DEBUG org.dbunit.database.DatabaseDataSourceConnection  - getConnection() - start
170925 [main] DEBUG org.dbunit.database.search.AbstractMetaDataBasedSearchCallback  - getNodes(type=0, node=AUTHORITY, conn=Transaction-aware proxy for target Connection [jdbc:hsqldb:mem:kontrollDS, UserName=sw, HSQL Database Engine Driver], schema=null, metaData=org.apache.commons.dbcp.DelegatingDatabaseMetaData@43ff529c, edges=[]) - start
170925 [main] DEBUG org.dbunit.database.search.AbstractMetaDataBasedSearchCallback  - Getting edges for node AUTHORITY
170925 [main] TRACE org.dbunit.database.DatabaseConfig  - getProperty(name=http://www.dbunit.org/properties/metadataHandler) - start
170925 [main] TRACE org.dbunit.database.DefaultMetadataHandler  - tableExists(metaData=org.apache.commons.dbcp.DelegatingDatabaseMetaData@43ff529c, schemaName=null, tableName=AUTHORITY) - start
170927 [main] DEBUG org.dbunit.util.SQLHelper  - close(resultSet=org.apache.commons.dbcp.DelegatingResultSet@336dd55d) - start
170928 [main] DEBUG org.dbunit.util.SQLHelper  - close(resultSet=org.apache.commons.dbcp.DelegatingResultSet@7f3ebc87) - start
170928 [main] DEBUG org.dbunit.util.search.DepthFirstSearch  - Adding node AUTHORITY to the final result
170928 [main] DEBUG org.dbunit.database.DatabaseSequenceFilter  - getDependencyInfo(connection=_databaseConfig=org.dbunit.database.DatabaseConfig[, _propertyMap={http://www.dbunit.org/properties/statementFactory=org.dbunit.database.statement.PreparedStatementFactory@626bc2b8, http://www.dbunit.org/features/caseSensitiveTableNames=false, http://www.dbunit.org/properties/fetchSize=100, http://www.dbunit.org/features/batchedStatements=false, http://www.dbunit.org/properties/metadataHandler=org.dbunit.database.DefaultMetadataHandler@62baffef, http://www.dbunit.org/properties/datatypeFactory=org.dbunit.dataset.datatype.DefaultDataTypeFactory[_toleratedDeltaMap=org.dbunit.dataset.datatype.ToleratedDeltaMap@6452310a], http://www.dbunit.org/properties/escapePattern=null, http://www.dbunit.org/properties/batchSize=100, http://www.dbunit.org/features/qualifiedTableNames=false, http://www.dbunit.org/properties/tableType=[Ljava.lang.String;@5011bafa, http://www.dbunit.org/properties/resultSetTableFactory=org.dbunit.database.CachedResultSetTableFactory@10bcf083, http://www.dbunit.org/features/datatypeWarning=true}], _dataSet=AbstractDataSet[_orderedTableNameMap=null], tableName=CAPTION) - start
170928 [main] DEBUG org.dbunit.database.search.TablesDependencyHelper  - getDependentTables(connection=_databaseConfig=org.dbunit.database.DatabaseConfig[, _propertyMap={http://www.dbunit.org/properties/statementFactory=org.dbunit.database.statement.PreparedStatementFactory@626bc2b8, http://www.dbunit.org/features/caseSensitiveTableNames=false, http://www.dbunit.org/properties/fetchSize=100, http://www.dbunit.org/features/batchedStatements=false, http://www.dbunit.org/properties/metadataHandler=org.dbunit.database.DefaultMetadataHandler@62baffef, http://www.dbunit.org/properties/datatypeFactory=org.dbunit.dataset.datatype.DefaultDataTypeFactory[_toleratedDeltaMap=org.dbunit.dataset.datatype.ToleratedDeltaMap@6452310a], http://www.dbunit.org/properties/escapePattern=null, http://www.dbunit.org/properties/batchSize=100, http://www.dbunit.org/features/qualifiedTableNames=false, http://www.dbunit.org/properties/tableType=[Ljava.lang.String;@5011bafa, http://www.dbunit.org/properties/resultSetTableFactory=org.dbunit.database.CachedResultSetTableFactory@10bcf083, http://www.dbunit.org/features/datatypeWarning=true}], _dataSet=AbstractDataSet[_orderedTableNameMap=null], rootTable=CAPTION) - start
170928 [main] DEBUG org.dbunit.database.search.TablesDependencyHelper  - getDependentTables(connection=_databaseConfig=org.dbunit.database.DatabaseConfig[, _propertyMap={http://www.dbunit.org/properties/statementFactory=org.dbunit.database.statement.PreparedStatementFactory@626bc2b8, http://www.dbunit.org/features/caseSensitiveTableNames=false, http://www.dbunit.org/properties/fetchSize=100, http://www.dbunit.org/features/batchedStatements=false, http://www.dbunit.org/properties/metadataHandler=org.dbunit.database.DefaultMetadataHandler@62baffef, http://www.dbunit.org/properties/datatypeFactory=org.dbunit.dataset.datatype.DefaultDataTypeFactory[_toleratedDeltaMap=org.dbunit.dataset.datatype.ToleratedDeltaMap@6452310a], http://www.dbunit.org/properties/escapePattern=null, http://www.dbunit.org/properties/batchSize=100, http://www.dbunit.org/features/qualifiedTableNames=false, http://www.dbunit.org/properties/tableType=[Ljava.lang.String;@5011bafa, http://www.dbunit.org/properties/resultSetTableFactory=org.dbunit.database.CachedResultSetTableFactory@10bcf083, http://www.dbunit.org/features/datatypeWarning=true}], _dataSet=AbstractDataSet[_orderedTableNameMap=null], rootTables=[CAPTION]) - start
170928 [main] DEBUG org.dbunit.util.search.DepthFirstSearch  - search(nodesFrom=[CAPTION], callback=org.dbunit.database.search.ImportedKeysSearchCallback@1a5ce023) - start
170928 [main] DEBUG org.dbunit.util.CollectionsHelper  - objectsToSet(objects=CAPTION) - start
170928 [main] DEBUG org.dbunit.util.search.DepthFirstSearch  - search(nodesFrom=[CAPTION], callback=org.dbunit.database.search.ImportedKeysSearchCallback@1a5ce023) - start
170928 [main] DEBUG org.dbunit.util.search.DepthFirstSearch  - reverseSearch:CAPTION
170928 [main] DEBUG org.dbunit.database.search.ImportedKeysSearchCallback  - searchNode(node=CAPTION) - start
170928 [main] DEBUG org.dbunit.util.search.DepthFirstSearch  - Pushing (reverse) CAPTION
170928 [main] DEBUG org.dbunit.database.search.ImportedKeysSearchCallback  - getEdges(node=CAPTION) - start
170928 [main] DEBUG org.dbunit.database.search.AbstractMetaDataBasedSearchCallback  - getNodesFromImportedKeys(node=CAPTION) - start
170928 [main] DEBUG org.dbunit.database.search.AbstractMetaDataBasedSearchCallback  - getNodes(type=0, node=CAPTION) - start
170928 [main] DEBUG org.dbunit.database.DatabaseDataSourceConnection  - getConnection() - start
170929 [main] DEBUG org.dbunit.database.search.AbstractMetaDataBasedSearchCallback  - getNodes(type=0, node=CAPTION, conn=Transaction-aware proxy for target Connection [jdbc:hsqldb:mem:kontrollDS, UserName=sw, HSQL Database Engine Driver], schema=null, metaData=org.apache.commons.dbcp.DelegatingDatabaseMetaData@477f275a, edges=[]) - start
170929 [main] DEBUG org.dbunit.database.search.AbstractMetaDataBasedSearchCallback  - Getting edges for node CAPTION
170929 [main] TRACE org.dbunit.database.DatabaseConfig  - getProperty(name=http://www.dbunit.org/properties/metadataHandler) - start
170929 [main] TRACE org.dbunit.database.DefaultMetadataHandler  - tableExists(metaData=org.apache.commons.dbcp.DelegatingDatabaseMetaData@477f275a, schemaName=null, tableName=CAPTION) - start
170930 [main] DEBUG org.dbunit.util.SQLHelper  - close(resultSet=org.apache.commons.dbcp.DelegatingResultSet@2c41fe27) - start
170930 [main] DEBUG org.dbunit.util.SQLHelper  - close(resultSet=org.apache.commons.dbcp.DelegatingResultSet@8216b32) - start
170930 [main] DEBUG org.dbunit.util.search.DepthFirstSearch  - search:CAPTION
170930 [main] DEBUG org.dbunit.database.search.ImportedKeysSearchCallback  - searchNode(node=CAPTION) - start
170930 [main] DEBUG org.dbunit.util.search.DepthFirstSearch  - Pushing CAPTION
170930 [main] DEBUG org.dbunit.database.search.ImportedKeysSearchCallback  - getEdges(node=CAPTION) - start
170930 [main] DEBUG org.dbunit.database.search.AbstractMetaDataBasedSearchCallback  - getNodesFromImportedKeys(node=CAPTION) - start
170930 [main] DEBUG org.dbunit.database.search.AbstractMetaDataBasedSearchCallback  - getNodes(type=0, node=CAPTION) - start
170930 [main] DEBUG org.dbunit.database.DatabaseDataSourceConnection  - getConnection() - start
170930 [main] DEBUG org.dbunit.database.search.AbstractMetaDataBasedSearchCallback  - getNodes(type=0, node=CAPTION, conn=Transaction-aware proxy for target Connection [jdbc:hsqldb:mem:kontrollDS, UserName=sw, HSQL Database Engine Driver], schema=null, metaData=org.apache.commons.dbcp.DelegatingDatabaseMetaData@4a04a3c9, edges=[]) - start
170930 [main] DEBUG org.dbunit.database.search.AbstractMetaDataBasedSearchCallback  - Getting edges for node CAPTION
170930 [main] TRACE org.dbunit.database.DatabaseConfig  - getProperty(name=http://www.dbunit.org/properties/metadataHandler) - start
170930 [main] TRACE org.dbunit.database.DefaultMetadataHandler  - tableExists(metaData=org.apache.commons.dbcp.DelegatingDatabaseMetaData@4a04a3c9, schemaName=null, tableName=CAPTION) - start
170932 [main] DEBUG org.dbunit.util.SQLHelper  - close(resultSet=org.apache.commons.dbcp.DelegatingResultSet@3f3c3089) - start
170932 [main] DEBUG org.dbunit.util.SQLHelper  - close(resultSet=org.apache.commons.dbcp.DelegatingResultSet@558016c9) - start
170932 [main] DEBUG org.dbunit.util.search.DepthFirstSearch  - Adding node CAPTION to the final result
170932 [main] DEBUG org.dbunit.util.CollectionsHelper  - setToStrings(set=[CAPTION]) - start
170932 [main] DEBUG org.dbunit.database.search.TablesDependencyHelper  - getDependsOnTables(connection=_databaseConfig=org.dbunit.database.DatabaseConfig[, _propertyMap={http://www.dbunit.org/properties/statementFactory=org.dbunit.database.statement.PreparedStatementFactory@626bc2b8, http://www.dbunit.org/features/caseSensitiveTableNames=false, http://www.dbunit.org/properties/fetchSize=100, http://www.dbunit.org/features/batchedStatements=false, http://www.dbunit.org/properties/metadataHandler=org.dbunit.database.DefaultMetadataHandler@62baffef, http://www.dbunit.org/properties/datatypeFactory=org.dbunit.dataset.datatype.DefaultDataTypeFactory[_toleratedDeltaMap=org.dbunit.dataset.datatype.ToleratedDeltaMap@6452310a], http://www.dbunit.org/properties/escapePattern=null, http://www.dbunit.org/properties/batchSize=100, http://www.dbunit.org/features/qualifiedTableNames=false, http://www.dbunit.org/properties/tableType=[Ljava.lang.String;@5011bafa, http://www.dbunit.org/properties/resultSetTableFactory=org.dbunit.database.CachedResultSetTableFactory@10bcf083, http://www.dbunit.org/features/datatypeWarning=true}], _dataSet=AbstractDataSet[_orderedTableNameMap=null], rootTable=CAPTION) - start
170932 [main] DEBUG org.dbunit.util.search.DepthFirstSearch  - search(nodesFrom=[CAPTION], callback=org.dbunit.database.search.ExportedKeysSearchCallback@2a041997) - start
170932 [main] DEBUG org.dbunit.util.CollectionsHelper  - objectsToSet(objects=CAPTION) - start
170932 [main] DEBUG org.dbunit.util.search.DepthFirstSearch  - search(nodesFrom=[CAPTION], callback=org.dbunit.database.search.ExportedKeysSearchCallback@2a041997) - start
170932 [main] DEBUG org.dbunit.util.search.DepthFirstSearch  - reverseSearch:CAPTION
170932 [main] DEBUG org.dbunit.database.search.ExportedKeysSearchCallback  - searchNode(node=CAPTION) - start
170932 [main] DEBUG org.dbunit.util.search.DepthFirstSearch  - Pushing (reverse) CAPTION
170932 [main] DEBUG org.dbunit.database.search.ExportedKeysSearchCallback  - getEdges(node=CAPTION) - start
170932 [main] DEBUG org.dbunit.database.search.AbstractMetaDataBasedSearchCallback  - getNodesFromExportedKeys(node=CAPTION) - start
170932 [main] DEBUG org.dbunit.database.search.AbstractMetaDataBasedSearchCallback  - getNodes(type=1, node=CAPTION) - start
170932 [main] DEBUG org.dbunit.database.DatabaseDataSourceConnection  - getConnection() - start
170932 [main] DEBUG org.dbunit.database.search.AbstractMetaDataBasedSearchCallback  - getNodes(type=1, node=CAPTION, conn=Transaction-aware proxy for target Connection [jdbc:hsqldb:mem:kontrollDS, UserName=sw, HSQL Database Engine Driver], schema=null, metaData=org.apache.commons.dbcp.DelegatingDatabaseMetaData@732c1e0d, edges=[]) - start
170932 [main] DEBUG org.dbunit.database.search.AbstractMetaDataBasedSearchCallback  - Getting edges for node CAPTION
170932 [main] TRACE org.dbunit.database.DatabaseConfig  - getProperty(name=http://www.dbunit.org/properties/metadataHandler) - start
170932 [main] TRACE org.dbunit.database.DefaultMetadataHandler  - tableExists(metaData=org.apache.commons.dbcp.DelegatingDatabaseMetaData@732c1e0d, schemaName=null, tableName=CAPTION) - start
170934 [main] DEBUG org.dbunit.util.SQLHelper  - close(resultSet=org.apache.commons.dbcp.DelegatingResultSet@695b82c9) - start
170934 [main] DEBUG org.dbunit.util.SQLHelper  - close(resultSet=org.apache.commons.dbcp.DelegatingResultSet@5ca96f14) - start
170934 [main] DEBUG org.dbunit.util.search.DepthFirstSearch  - search:CAPTION
170934 [main] DEBUG org.dbunit.database.search.ExportedKeysSearchCallback  - searchNode(node=CAPTION) - start
170934 [main] DEBUG org.dbunit.util.search.DepthFirstSearch  - Pushing CAPTION
170934 [main] DEBUG org.dbunit.database.search.ExportedKeysSearchCallback  - getEdges(node=CAPTION) - start
170934 [main] DEBUG org.dbunit.database.search.AbstractMetaDataBasedSearchCallback  - getNodesFromExportedKeys(node=CAPTION) - start
170934 [main] DEBUG org.dbunit.database.search.AbstractMetaDataBasedSearchCallback  - getNodes(type=1, node=CAPTION) - start
170934 [main] DEBUG org.dbunit.database.DatabaseDataSourceConnection  - getConnection() - start
170934 [main] DEBUG org.dbunit.database.search.AbstractMetaDataBasedSearchCallback  - getNodes(type=1, node=CAPTION, conn=Transaction-aware proxy for target Connection [jdbc:hsqldb:mem:kontrollDS, UserName=sw, HSQL Database Engine Driver], schema=null, metaData=org.apache.commons.dbcp.DelegatingDatabaseMetaData@77bbb992, edges=[]) - start
170934 [main] DEBUG org.dbunit.database.search.AbstractMetaDataBasedSearchCallback  - Getting edges for node CAPTION
170934 [main] TRACE org.dbunit.database.DatabaseConfig  - getProperty(name=http://www.dbunit.org/properties/metadataHandler) - start
170934 [main] TRACE org.dbunit.database.DefaultMetadataHandler  - tableExists(metaData=org.apache.commons.dbcp.DelegatingDatabaseMetaData@77bbb992, schemaName=null, tableName=CAPTION) - start
170935 [main] DEBUG org.dbunit.util.SQLHelper  - close(resultSet=org.apache.commons.dbcp.DelegatingResultSet@f90a2a1) - start
170935 [main] DEBUG org.dbunit.util.SQLHelper  - close(resultSet=org.apache.commons.dbcp.DelegatingResultSet@70a3b4df) - start
170935 [main] DEBUG org.dbunit.util.search.DepthFirstSearch  - Adding node CAPTION to the final result
170936 [main] DEBUG org.dbunit.util.CollectionsHelper  - setToStrings(set=[CAPTION]) - start
170936 [main] DEBUG org.dbunit.database.search.TablesDependencyHelper  - getDirectDependsOnTables(connection=_databaseConfig=org.dbunit.database.DatabaseConfig[, _propertyMap={http://www.dbunit.org/properties/statementFactory=org.dbunit.database.statement.PreparedStatementFactory@626bc2b8, http://www.dbunit.org/features/caseSensitiveTableNames=false, http://www.dbunit.org/properties/fetchSize=100, http://www.dbunit.org/features/batchedStatements=false, http://www.dbunit.org/properties/metadataHandler=org.dbunit.database.DefaultMetadataHandler@62baffef, http://www.dbunit.org/properties/datatypeFactory=org.dbunit.dataset.datatype.DefaultDataTypeFactory[_toleratedDeltaMap=org.dbunit.dataset.datatype.ToleratedDeltaMap@6452310a], http://www.dbunit.org/properties/escapePattern=null, http://www.dbunit.org/properties/batchSize=100, http://www.dbunit.org/features/qualifiedTableNames=false, http://www.dbunit.org/properties/tableType=[Ljava.lang.String;@5011bafa, http://www.dbunit.org/properties/resultSetTableFactory=org.dbunit.database.CachedResultSetTableFactory@10bcf083, http://www.dbunit.org/features/datatypeWarning=true}], _dataSet=AbstractDataSet[_orderedTableNameMap=null], tableName=CAPTION) - start
170936 [main] DEBUG org.dbunit.util.search.DepthFirstSearch  - search(nodesFrom=[CAPTION], callback=org.dbunit.database.search.ExportedKeysSearchCallback@5252c81b) - start
170936 [main] DEBUG org.dbunit.util.CollectionsHelper  - objectsToSet(objects=CAPTION) - start
170936 [main] DEBUG org.dbunit.util.search.DepthFirstSearch  - search(nodesFrom=[CAPTION], callback=org.dbunit.database.search.ExportedKeysSearchCallback@5252c81b) - start
170936 [main] DEBUG org.dbunit.util.search.DepthFirstSearch  - reverseSearch:CAPTION
170936 [main] DEBUG org.dbunit.database.search.ExportedKeysSearchCallback  - searchNode(node=CAPTION) - start
170936 [main] DEBUG org.dbunit.util.search.DepthFirstSearch  - Pushing (reverse) CAPTION
170936 [main] DEBUG org.dbunit.database.search.ExportedKeysSearchCallback  - getEdges(node=CAPTION) - start
170936 [main] DEBUG org.dbunit.database.search.AbstractMetaDataBasedSearchCallback  - getNodesFromExportedKeys(node=CAPTION) - start
170936 [main] DEBUG org.dbunit.database.search.AbstractMetaDataBasedSearchCallback  - getNodes(type=1, node=CAPTION) - start
170936 [main] DEBUG org.dbunit.database.DatabaseDataSourceConnection  - getConnection() - start
170936 [main] DEBUG org.dbunit.database.search.AbstractMetaDataBasedSearchCallback  - getNodes(type=1, node=CAPTION, conn=Transaction-aware proxy for target Connection [jdbc:hsqldb:mem:kontrollDS, UserName=sw, HSQL Database Engine Driver], schema=null, metaData=org.apache.commons.dbcp.DelegatingDatabaseMetaData@38cf8ed6, edges=[]) - start
170936 [main] DEBUG org.dbunit.database.search.AbstractMetaDataBasedSearchCallback  - Getting edges for node CAPTION
170936 [main] TRACE org.dbunit.database.DatabaseConfig  - getProperty(name=http://www.dbunit.org/properties/metadataHandler) - start
170936 [main] TRACE org.dbunit.database.DefaultMetadataHandler  - tableExists(metaData=org.apache.commons.dbcp.DelegatingDatabaseMetaData@38cf8ed6, schemaName=null, tableName=CAPTION) - start
170938 [main] DEBUG org.dbunit.util.SQLHelper  - close(resultSet=org.apache.commons.dbcp.DelegatingResultSet@501efa7c) - start
170939 [main] DEBUG org.dbunit.util.SQLHelper  - close(resultSet=org.apache.commons.dbcp.DelegatingResultSet@201bdebb) - start
170939 [main] DEBUG org.dbunit.util.search.DepthFirstSearch  - search:CAPTION
170939 [main] DEBUG org.dbunit.database.search.ExportedKeysSearchCallback  - searchNode(node=CAPTION) - start
170939 [main] DEBUG org.dbunit.util.search.DepthFirstSearch  - Pushing CAPTION
170939 [main] DEBUG org.dbunit.database.search.ExportedKeysSearchCallback  - getEdges(node=CAPTION) - start
170939 [main] DEBUG org.dbunit.database.search.AbstractMetaDataBasedSearchCallback  - getNodesFromExportedKeys(node=CAPTION) - start
170939 [main] DEBUG org.dbunit.database.search.AbstractMetaDataBasedSearchCallback  - getNodes(type=1, node=CAPTION) - start
170939 [main] DEBUG org.dbunit.database.DatabaseDataSourceConnection  - getConnection() - start
170939 [main] DEBUG org.dbunit.database.search.AbstractMetaDataBasedSearchCallback  - getNodes(type=1, node=CAPTION, conn=Transaction-aware proxy for target Connection [jdbc:hsqldb:mem:kontrollDS, UserName=sw, HSQL Database Engine Driver], schema=null, metaData=org.apache.commons.dbcp.DelegatingDatabaseMetaData@5bbd775, edges=[]) - start
170939 [main] DEBUG org.dbunit.database.search.AbstractMetaDataBasedSearchCallback  - Getting edges for node CAPTION
170939 [main] TRACE org.dbunit.database.DatabaseConfig  - getProperty(name=http://www.dbunit.org/properties/metadataHandler) - start
170940 [main] TRACE org.dbunit.database.DefaultMetadataHandler  - tableExists(metaData=org.apache.commons.dbcp.DelegatingDatabaseMetaData@5bbd775, schemaName=null, tableName=CAPTION) - start
170940 [main] DEBUG org.dbunit.util.SQLHelper  - close(resultSet=org.apache.commons.dbcp.DelegatingResultSet@61356ac3) - start
170941 [main] DEBUG org.dbunit.util.SQLHelper  - close(resultSet=org.apache.commons.dbcp.DelegatingResultSet@19450efd) - start
170941 [main] DEBUG org.dbunit.util.search.DepthFirstSearch  - Adding node CAPTION to the final result
170941 [main] DEBUG org.dbunit.database.search.TablesDependencyHelper  - getDirectDependentTables(connection=_databaseConfig=org.dbunit.database.DatabaseConfig[, _propertyMap={http://www.dbunit.org/properties/statementFactory=org.dbunit.database.statement.PreparedStatementFactory@626bc2b8, http://www.dbunit.org/features/caseSensitiveTableNames=false, http://www.dbunit.org/properties/fetchSize=100, http://www.dbunit.org/features/batchedStatements=false, http://www.dbunit.org/properties/metadataHandler=org.dbunit.database.DefaultMetadataHandler@62baffef, http://www.dbunit.org/properties/datatypeFactory=org.dbunit.dataset.datatype.DefaultDataTypeFactory[_toleratedDeltaMap=org.dbunit.dataset.datatype.ToleratedDeltaMap@6452310a], http://www.dbunit.org/properties/escapePattern=null, http://www.dbunit.org/properties/batchSize=100, http://www.dbunit.org/features/qualifiedTableNames=false, http://www.dbunit.org/properties/tableType=[Ljava.lang.String;@5011bafa, http://www.dbunit.org/properties/resultSetTableFactory=org.dbunit.database.CachedResultSetTableFactory@10bcf083, http://www.dbunit.org/features/datatypeWarning=true}], _dataSet=AbstractDataSet[_orderedTableNameMap=null], tableName=CAPTION) - start
170941 [main] DEBUG org.dbunit.util.search.DepthFirstSearch  - search(nodesFrom=[CAPTION], callback=org.dbunit.database.search.ImportedKeysSearchCallback@4a395b24) - start
170941 [main] DEBUG org.dbunit.util.CollectionsHelper  - objectsToSet(objects=CAPTION) - start
170941 [main] DEBUG org.dbunit.util.search.DepthFirstSearch  - search(nodesFrom=[CAPTION], callback=org.dbunit.database.search.ImportedKeysSearchCallback@4a395b24) - start
170941 [main] DEBUG org.dbunit.util.search.DepthFirstSearch  - reverseSearch:CAPTION
170941 [main] DEBUG org.dbunit.database.search.ImportedKeysSearchCallback  - searchNode(node=CAPTION) - start
170941 [main] DEBUG org.dbunit.util.search.DepthFirstSearch  - Pushing (reverse) CAPTION
170941 [main] DEBUG org.dbunit.database.search.ImportedKeysSearchCallback  - getEdges(node=CAPTION) - start
170941 [main] DEBUG org.dbunit.database.search.AbstractMetaDataBasedSearchCallback  - getNodesFromImportedKeys(node=CAPTION) - start
170941 [main] DEBUG org.dbunit.database.search.AbstractMetaDataBasedSearchCallback  - getNodes(type=0, node=CAPTION) - start
170941 [main] DEBUG org.dbunit.database.DatabaseDataSourceConnection  - getConnection() - start
170941 [main] DEBUG org.dbunit.database.search.AbstractMetaDataBasedSearchCallback  - getNodes(type=0, node=CAPTION, conn=Transaction-aware proxy for target Connection [jdbc:hsqldb:mem:kontrollDS, UserName=sw, HSQL Database Engine Driver], schema=null, metaData=org.apache.commons.dbcp.DelegatingDatabaseMetaData@7b8ebe8d, edges=[]) - start
170941 [main] DEBUG org.dbunit.database.search.AbstractMetaDataBasedSearchCallback  - Getting edges for node CAPTION
170941 [main] TRACE org.dbunit.database.DatabaseConfig  - getProperty(name=http://www.dbunit.org/properties/metadataHandler) - start
170941 [main] TRACE org.dbunit.database.DefaultMetadataHandler  - tableExists(metaData=org.apache.commons.dbcp.DelegatingDatabaseMetaData@7b8ebe8d, schemaName=null, tableName=CAPTION) - start
170942 [main] DEBUG org.dbunit.util.SQLHelper  - close(resultSet=org.apache.commons.dbcp.DelegatingResultSet@52abf81a) - start
170943 [main] DEBUG org.dbunit.util.SQLHelper  - close(resultSet=org.apache.commons.dbcp.DelegatingResultSet@5ab65111) - start
170943 [main] DEBUG org.dbunit.util.search.DepthFirstSearch  - search:CAPTION
170943 [main] DEBUG org.dbunit.database.search.ImportedKeysSearchCallback  - searchNode(node=CAPTION) - start
170943 [main] DEBUG org.dbunit.util.search.DepthFirstSearch  - Pushing CAPTION
170943 [main] DEBUG org.dbunit.database.search.ImportedKeysSearchCallback  - getEdges(node=CAPTION) - start
170943 [main] DEBUG org.dbunit.database.search.AbstractMetaDataBasedSearchCallback  - getNodesFromImportedKeys(node=CAPTION) - start
170943 [main] DEBUG org.dbunit.database.search.AbstractMetaDataBasedSearchCallback  - getNodes(type=0, node=CAPTION) - start
170943 [main] DEBUG org.dbunit.database.DatabaseDataSourceConnection  - getConnection() - start
170943 [main] DEBUG org.dbunit.database.search.AbstractMetaDataBasedSearchCallback  - getNodes(type=0, node=CAPTION, conn=Transaction-aware proxy for target Connection [jdbc:hsqldb:mem:kontrollDS, UserName=sw, HSQL Database Engine Driver], schema=null, metaData=org.apache.commons.dbcp.DelegatingDatabaseMetaData@7784619d, edges=[]) - start
170943 [main] DEBUG org.dbunit.database.search.AbstractMetaDataBasedSearchCallback  - Getting edges for node CAPTION
170943 [main] TRACE org.dbunit.database.DatabaseConfig  - getProperty(name=http://www.dbunit.org/properties/metadataHandler) - start
170943 [main] TRACE org.dbunit.database.DefaultMetadataHandler  - tableExists(metaData=org.apache.commons.dbcp.DelegatingDatabaseMetaData@7784619d, schemaName=null, tableName=CAPTION) - start
170944 [main] DEBUG org.dbunit.util.SQLHelper  - close(resultSet=org.apache.commons.dbcp.DelegatingResultSet@7ab40b5c) - start
170945 [main] DEBUG org.dbunit.util.SQLHelper  - close(resultSet=org.apache.commons.dbcp.DelegatingResultSet@1d1d688b) - start
170945 [main] DEBUG org.dbunit.util.search.DepthFirstSearch  - Adding node CAPTION to the final result
170945 [main] DEBUG org.dbunit.database.DatabaseSequenceFilter  - getDependencyInfo(connection=_databaseConfig=org.dbunit.database.DatabaseConfig[, _propertyMap={http://www.dbunit.org/properties/statementFactory=org.dbunit.database.statement.PreparedStatementFactory@626bc2b8, http://www.dbunit.org/features/caseSensitiveTableNames=false, http://www.dbunit.org/properties/fetchSize=100, http://www.dbunit.org/features/batchedStatements=false, http://www.dbunit.org/properties/metadataHandler=org.dbunit.database.DefaultMetadataHandler@62baffef, http://www.dbunit.org/properties/datatypeFactory=org.dbunit.dataset.datatype.DefaultDataTypeFactory[_toleratedDeltaMap=org.dbunit.dataset.datatype.ToleratedDeltaMap@6452310a], http://www.dbunit.org/properties/escapePattern=null, http://www.dbunit.org/properties/batchSize=100, http://www.dbunit.org/features/qualifiedTableNames=false, http://www.dbunit.org/properties/tableType=[Ljava.lang.String;@5011bafa, http://www.dbunit.org/properties/resultSetTableFactory=org.dbunit.database.CachedResultSetTableFactory@10bcf083, http://www.dbunit.org/features/datatypeWarning=true}], _dataSet=AbstractDataSet[_orderedTableNameMap=null], tableName=NESTEDSCOPEDCONTENTCONDITIONS) - start
170945 [main] DEBUG org.dbunit.database.search.TablesDependencyHelper  - getDependentTables(connection=_databaseConfig=org.dbunit.database.DatabaseConfig[, _propertyMap={http://www.dbunit.org/properties/statementFactory=org.dbunit.database.statement.PreparedStatementFactory@626bc2b8, http://www.dbunit.org/features/caseSensitiveTableNames=false, http://www.dbunit.org/properties/fetchSize=100, http://www.dbunit.org/features/batchedStatements=false, http://www.dbunit.org/properties/metadataHandler=org.dbunit.database.DefaultMetadataHandler@62baffef, http://www.dbunit.org/properties/datatypeFactory=org.dbunit.dataset.datatype.DefaultDataTypeFactory[_toleratedDeltaMap=org.dbunit.dataset.datatype.ToleratedDeltaMap@6452310a], http://www.dbunit.org/properties/escapePattern=null, http://www.dbunit.org/properties/batchSize=100, http://www.dbunit.org/features/qualifiedTableNames=false, http://www.dbunit.org/properties/tableType=[Ljava.lang.String;@5011bafa, http://www.dbunit.org/properties/resultSetTableFactory=org.dbunit.database.CachedResultSetTableFactory@10bcf083, http://www.dbunit.org/features/datatypeWarning=true}], _dataSet=AbstractDataSet[_orderedTableNameMap=null], rootTable=NESTEDSCOPEDCONTENTCONDITIONS) - start
170945 [main] DEBUG org.dbunit.database.search.TablesDependencyHelper  - getDependentTables(connection=_databaseConfig=org.dbunit.database.DatabaseConfig[, _propertyMap={http://www.dbunit.org/properties/statementFactory=org.dbunit.database.statement.PreparedStatementFactory@626bc2b8, http://www.dbunit.org/features/caseSensitiveTableNames=false, http://www.dbunit.org/properties/fetchSize=100, http://www.dbunit.org/features/batchedStatements=false, http://www.dbunit.org/properties/metadataHandler=org.dbunit.database.DefaultMetadataHandler@62baffef, http://www.dbunit.org/properties/datatypeFactory=org.dbunit.dataset.datatype.DefaultDataTypeFactory[_toleratedDeltaMap=org.dbunit.dataset.datatype.ToleratedDeltaMap@6452310a], http://www.dbunit.org/properties/escapePattern=null, http://www.dbunit.org/properties/batchSize=100, http://www.dbunit.org/features/qualifiedTableNames=false, http://www.dbunit.org/properties/tableType=[Ljava.lang.String;@5011bafa, http://www.dbunit.org/properties/resultSetTableFactory=org.dbunit.database.CachedResultSetTableFactory@10bcf083, http://www.dbunit.org/features/datatypeWarning=true}], _dataSet=AbstractDataSet[_orderedTableNameMap=null], rootTables=[NESTEDSCOPEDCONTENTCONDITIONS]) - start
170945 [main] DEBUG org.dbunit.util.search.DepthFirstSearch  - search(nodesFrom=[NESTEDSCOPEDCONTENTCONDITIONS], callback=org.dbunit.database.search.ImportedKeysSearchCallback@2a65507f) - start
170945 [main] DEBUG org.dbunit.util.CollectionsHelper  - objectsToSet(objects=NESTEDSCOPEDCONTENTCONDITIONS) - start
170945 [main] DEBUG org.dbunit.util.search.DepthFirstSearch  - search(nodesFrom=[NESTEDSCOPEDCONTENTCONDITIONS], callback=org.dbunit.database.search.ImportedKeysSearchCallback@2a65507f) - start
170945 [main] DEBUG org.dbunit.util.search.DepthFirstSearch  - reverseSearch:NESTEDSCOPEDCONTENTCONDITIONS
170945 [main] DEBUG org.dbunit.database.search.ImportedKeysSearchCallback  - searchNode(node=NESTEDSCOPEDCONTENTCONDITIONS) - start
170945 [main] DEBUG org.dbunit.util.search.DepthFirstSearch  - Pushing (reverse) NESTEDSCOPEDCONTENTCONDITIONS
170945 [main] DEBUG org.dbunit.database.search.ImportedKeysSearchCallback  - getEdges(node=NESTEDSCOPEDCONTENTCONDITIONS) - start
170945 [main] DEBUG org.dbunit.database.search.AbstractMetaDataBasedSearchCallback  - getNodesFromImportedKeys(node=NESTEDSCOPEDCONTENTCONDITIONS) - start
170945 [main] DEBUG org.dbunit.database.search.AbstractMetaDataBasedSearchCallback  - getNodes(type=0, node=NESTEDSCOPEDCONTENTCONDITIONS) - start
170945 [main] DEBUG org.dbunit.database.DatabaseDataSourceConnection  - getConnection() - start
170945 [main] DEBUG org.dbunit.database.search.AbstractMetaDataBasedSearchCallback  - getNodes(type=0, node=NESTEDSCOPEDCONTENTCONDITIONS, conn=Transaction-aware proxy for target Connection [jdbc:hsqldb:mem:kontrollDS, UserName=sw, HSQL Database Engine Driver], schema=null, metaData=org.apache.commons.dbcp.DelegatingDatabaseMetaData@6187d797, edges=[]) - start
170945 [main] DEBUG org.dbunit.database.search.AbstractMetaDataBasedSearchCallback  - Getting edges for node NESTEDSCOPEDCONTENTCONDITIONS
170945 [main] TRACE org.dbunit.database.DatabaseConfig  - getProperty(name=http://www.dbunit.org/properties/metadataHandler) - start
170945 [main] TRACE org.dbunit.database.DefaultMetadataHandler  - tableExists(metaData=org.apache.commons.dbcp.DelegatingDatabaseMetaData@6187d797, schemaName=null, tableName=NESTEDSCOPEDCONTENTCONDITIONS) - start
170946 [main] DEBUG org.dbunit.util.SQLHelper  - close(resultSet=org.apache.commons.dbcp.DelegatingResultSet@4cc8621f) - start
170947 [main] DEBUG org.dbunit.util.QualifiedTableName  - getQualifiedNameIfEnabled(config=org.dbunit.database.DatabaseConfig[, _propertyMap={http://www.dbunit.org/properties/statementFactory=org.dbunit.database.statement.PreparedStatementFactory@626bc2b8, http://www.dbunit.org/features/caseSensitiveTableNames=false, http://www.dbunit.org/properties/fetchSize=100, http://www.dbunit.org/features/batchedStatements=false, http://www.dbunit.org/properties/metadataHandler=org.dbunit.database.DefaultMetadataHandler@62baffef, http://www.dbunit.org/properties/datatypeFactory=org.dbunit.dataset.datatype.DefaultDataTypeFactory[_toleratedDeltaMap=org.dbunit.dataset.datatype.ToleratedDeltaMap@6452310a], http://www.dbunit.org/properties/escapePattern=null, http://www.dbunit.org/properties/batchSize=100, http://www.dbunit.org/features/qualifiedTableNames=false, http://www.dbunit.org/properties/tableType=[Ljava.lang.String;@5011bafa, http://www.dbunit.org/properties/resultSetTableFactory=org.dbunit.database.CachedResultSetTableFactory@10bcf083, http://www.dbunit.org/features/datatypeWarning=true}]) - start
170947 [main] TRACE org.dbunit.database.DatabaseConfig  - getFeature(name=http://www.dbunit.org/features/qualifiedTableNames) - start
170947 [main] TRACE org.dbunit.database.DatabaseConfig  - getProperty(name=http://www.dbunit.org/features/qualifiedTableNames) - start
170947 [main] DEBUG org.dbunit.util.QualifiedTableName  - Qualified table names feature is disabled. Returning plain table name
170947 [main] DEBUG org.dbunit.util.QualifiedTableName  - getQualifiedName(prefix=null, name=NESTEDSCOPEDCONTENTCONDITIONS, escapePattern=null) - start
170947 [main] DEBUG org.dbunit.util.QualifiedTableName  - getQualifiedNameIfEnabled(config=org.dbunit.database.DatabaseConfig[, _propertyMap={http://www.dbunit.org/properties/statementFactory=org.dbunit.database.statement.PreparedStatementFactory@626bc2b8, http://www.dbunit.org/features/caseSensitiveTableNames=false, http://www.dbunit.org/properties/fetchSize=100, http://www.dbunit.org/features/batchedStatements=false, http://www.dbunit.org/properties/metadataHandler=org.dbunit.database.DefaultMetadataHandler@62baffef, http://www.dbunit.org/properties/datatypeFactory=org.dbunit.dataset.datatype.DefaultDataTypeFactory[_toleratedDeltaMap=org.dbunit.dataset.datatype.ToleratedDeltaMap@6452310a], http://www.dbunit.org/properties/escapePattern=null, http://www.dbunit.org/properties/batchSize=100, http://www.dbunit.org/features/qualifiedTableNames=false, http://www.dbunit.org/properties/tableType=[Ljava.lang.String;@5011bafa, http://www.dbunit.org/properties/resultSetTableFactory=org.dbunit.database.CachedResultSetTableFactory@10bcf083, http://www.dbunit.org/features/datatypeWarning=true}]) - start
170947 [main] TRACE org.dbunit.database.DatabaseConfig  - getFeature(name=http://www.dbunit.org/features/qualifiedTableNames) - start
170947 [main] TRACE org.dbunit.database.DatabaseConfig  - getProperty(name=http://www.dbunit.org/features/qualifiedTableNames) - start
170947 [main] DEBUG org.dbunit.util.QualifiedTableName  - Qualified table names feature is disabled. Returning plain table name
170947 [main] DEBUG org.dbunit.util.QualifiedTableName  - getQualifiedName(prefix=null, name=SCOPEDCONTENTCONDITION, escapePattern=null) - start
170947 [main] DEBUG org.dbunit.database.search.AbstractMetaDataBasedSearchCallback  - newEdge(rs=org.apache.commons.dbcp.DelegatingResultSet@2ee2f3d2, type=0, from=NESTEDSCOPEDCONTENTCONDITIONS, to=SCOPEDCONTENTCONDITION, fkColumn=CHILD_CONDITION_ID, pkColumn=ID) - start
170947 [main] DEBUG org.dbunit.database.search.AbstractMetaDataBasedSearchCallback  - createFKEdge(rs=org.apache.commons.dbcp.DelegatingResultSet@2ee2f3d2, type=0, from=NESTEDSCOPEDCONTENTCONDITIONS, to=SCOPEDCONTENTCONDITION, fkColumn=CHILD_CONDITION_ID, pkColumn=ID) - start
170947 [main] DEBUG org.dbunit.database.search.AbstractMetaDataBasedSearchCallback  - Adding edge NESTEDSCOPEDCONTENTCONDITIONS(CHILD_CONDITION_ID)->SCOPEDCONTENTCONDITION(ID)
170947 [main] DEBUG org.dbunit.util.search.Edge  - compareTo(o=NESTEDSCOPEDCONTENTCONDITIONS(CHILD_CONDITION_ID)->SCOPEDCONTENTCONDITION(ID)) - start
170947 [main] DEBUG org.dbunit.util.QualifiedTableName  - getQualifiedNameIfEnabled(config=org.dbunit.database.DatabaseConfig[, _propertyMap={http://www.dbunit.org/properties/statementFactory=org.dbunit.database.statement.PreparedStatementFactory@626bc2b8, http://www.dbunit.org/features/caseSensitiveTableNames=false, http://www.dbunit.org/properties/fetchSize=100, http://www.dbunit.org/features/batchedStatements=false, http://www.dbunit.org/properties/metadataHandler=org.dbunit.database.DefaultMetadataHandler@62baffef, http://www.dbunit.org/properties/datatypeFactory=org.dbunit.dataset.datatype.DefaultDataTypeFactory[_toleratedDeltaMap=org.dbunit.dataset.datatype.ToleratedDeltaMap@6452310a], http://www.dbunit.org/properties/escapePattern=null, http://www.dbunit.org/properties/batchSize=100, http://www.dbunit.org/features/qualifiedTableNames=false, http://www.dbunit.org/properties/tableType=[Ljava.lang.String;@5011bafa, http://www.dbunit.org/properties/resultSetTableFactory=org.dbunit.database.CachedResultSetTableFactory@10bcf083, http://www.dbunit.org/features/datatypeWarning=true}]) - start
170947 [main] TRACE org.dbunit.database.DatabaseConfig  - getFeature(name=http://www.dbunit.org/features/qualifiedTableNames) - start
170947 [main] TRACE org.dbunit.database.DatabaseConfig  - getProperty(name=http://www.dbunit.org/features/qualifiedTableNames) - start
170947 [main] DEBUG org.dbunit.util.QualifiedTableName  - Qualified table names feature is disabled. Returning plain table name
170948 [main] DEBUG org.dbunit.util.QualifiedTableName  - getQualifiedName(prefix=null, name=NESTEDSCOPEDCONTENTCONDITIONS, escapePattern=null) - start
170948 [main] DEBUG org.dbunit.util.QualifiedTableName  - getQualifiedNameIfEnabled(config=org.dbunit.database.DatabaseConfig[, _propertyMap={http://www.dbunit.org/properties/statementFactory=org.dbunit.database.statement.PreparedStatementFactory@626bc2b8, http://www.dbunit.org/features/caseSensitiveTableNames=false, http://www.dbunit.org/properties/fetchSize=100, http://www.dbunit.org/features/batchedStatements=false, http://www.dbunit.org/properties/metadataHandler=org.dbunit.database.DefaultMetadataHandler@62baffef, http://www.dbunit.org/properties/datatypeFactory=org.dbunit.dataset.datatype.DefaultDataTypeFactory[_toleratedDeltaMap=org.dbunit.dataset.datatype.ToleratedDeltaMap@6452310a], http://www.dbunit.org/properties/escapePattern=null, http://www.dbunit.org/properties/batchSize=100, http://www.dbunit.org/features/qualifiedTableNames=false, http://www.dbunit.org/properties/tableType=[Ljava.lang.String;@5011bafa, http://www.dbunit.org/properties/resultSetTableFactory=org.dbunit.database.CachedResultSetTableFactory@10bcf083, http://www.dbunit.org/features/datatypeWarning=true}]) - start
170948 [main] TRACE org.dbunit.database.DatabaseConfig  - getFeature(name=http://www.dbunit.org/features/qualifiedTableNames) - start
170948 [main] TRACE org.dbunit.database.DatabaseConfig  - getProperty(name=http://www.dbunit.org/features/qualifiedTableNames) - start
170948 [main] DEBUG org.dbunit.util.QualifiedTableName  - Qualified table names feature is disabled. Returning plain table name
170948 [main] DEBUG org.dbunit.util.QualifiedTableName  - getQualifiedName(prefix=null, name=SCOPEDCONTENTCONDITION, escapePattern=null) - start
170948 [main] DEBUG org.dbunit.database.search.AbstractMetaDataBasedSearchCallback  - newEdge(rs=org.apache.commons.dbcp.DelegatingResultSet@2ee2f3d2, type=0, from=NESTEDSCOPEDCONTENTCONDITIONS, to=SCOPEDCONTENTCONDITION, fkColumn=PARENT_CONDITION_ID, pkColumn=ID) - start
170948 [main] DEBUG org.dbunit.database.search.AbstractMetaDataBasedSearchCallback  - createFKEdge(rs=org.apache.commons.dbcp.DelegatingResultSet@2ee2f3d2, type=0, from=NESTEDSCOPEDCONTENTCONDITIONS, to=SCOPEDCONTENTCONDITION, fkColumn=PARENT_CONDITION_ID, pkColumn=ID) - start
170948 [main] DEBUG org.dbunit.database.search.AbstractMetaDataBasedSearchCallback  - Adding edge NESTEDSCOPEDCONTENTCONDITIONS(PARENT_CONDITION_ID)->SCOPEDCONTENTCONDITION(ID)
170948 [main] DEBUG org.dbunit.util.search.Edge  - compareTo(o=NESTEDSCOPEDCONTENTCONDITIONS(CHILD_CONDITION_ID)->SCOPEDCONTENTCONDITION(ID)) - start
170948 [main] DEBUG org.dbunit.util.SQLHelper  - close(resultSet=org.apache.commons.dbcp.DelegatingResultSet@2ee2f3d2) - start
170948 [main] DEBUG org.dbunit.util.search.DepthFirstSearch  - search:NESTEDSCOPEDCONTENTCONDITIONS
170948 [main] DEBUG org.dbunit.database.search.ImportedKeysSearchCallback  - searchNode(node=NESTEDSCOPEDCONTENTCONDITIONS) - start
170948 [main] DEBUG org.dbunit.util.search.DepthFirstSearch  - Pushing NESTEDSCOPEDCONTENTCONDITIONS
170948 [main] DEBUG org.dbunit.database.search.ImportedKeysSearchCallback  - getEdges(node=NESTEDSCOPEDCONTENTCONDITIONS) - start
170948 [main] DEBUG org.dbunit.database.search.AbstractMetaDataBasedSearchCallback  - getNodesFromImportedKeys(node=NESTEDSCOPEDCONTENTCONDITIONS) - start
170948 [main] DEBUG org.dbunit.database.search.AbstractMetaDataBasedSearchCallback  - getNodes(type=0, node=NESTEDSCOPEDCONTENTCONDITIONS) - start
170948 [main] DEBUG org.dbunit.database.DatabaseDataSourceConnection  - getConnection() - start
170948 [main] DEBUG org.dbunit.database.search.AbstractMetaDataBasedSearchCallback  - getNodes(type=0, node=NESTEDSCOPEDCONTENTCONDITIONS, conn=Transaction-aware proxy for target Connection [jdbc:hsqldb:mem:kontrollDS, UserName=sw, HSQL Database Engine Driver], schema=null, metaData=org.apache.commons.dbcp.DelegatingDatabaseMetaData@35f5780a, edges=[]) - start
170948 [main] DEBUG org.dbunit.database.search.AbstractMetaDataBasedSearchCallback  - Getting edges for node NESTEDSCOPEDCONTENTCONDITIONS
170948 [main] TRACE org.dbunit.database.DatabaseConfig  - getProperty(name=http://www.dbunit.org/properties/metadataHandler) - start
170948 [main] TRACE org.dbunit.database.DefaultMetadataHandler  - tableExists(metaData=org.apache.commons.dbcp.DelegatingDatabaseMetaData@35f5780a, schemaName=null, tableName=NESTEDSCOPEDCONTENTCONDITIONS) - start
170949 [main] DEBUG org.dbunit.util.SQLHelper  - close(resultSet=org.apache.commons.dbcp.DelegatingResultSet@68bd43a8) - start
170950 [main] DEBUG org.dbunit.util.QualifiedTableName  - getQualifiedNameIfEnabled(config=org.dbunit.database.DatabaseConfig[, _propertyMap={http://www.dbunit.org/properties/statementFactory=org.dbunit.database.statement.PreparedStatementFactory@626bc2b8, http://www.dbunit.org/features/caseSensitiveTableNames=false, http://www.dbunit.org/properties/fetchSize=100, http://www.dbunit.org/features/batchedStatements=false, http://www.dbunit.org/properties/metadataHandler=org.dbunit.database.DefaultMetadataHandler@62baffef, http://www.dbunit.org/properties/datatypeFactory=org.dbunit.dataset.datatype.DefaultDataTypeFactory[_toleratedDeltaMap=org.dbunit.dataset.datatype.ToleratedDeltaMap@6452310a], http://www.dbunit.org/properties/escapePattern=null, http://www.dbunit.org/properties/batchSize=100, http://www.dbunit.org/features/qualifiedTableNames=false, http://www.dbunit.org/properties/tableType=[Ljava.lang.String;@5011bafa, http://www.dbunit.org/properties/resultSetTableFactory=org.dbunit.database.CachedResultSetTableFactory@10bcf083, http://www.dbunit.org/features/datatypeWarning=true}]) - start
170950 [main] TRACE org.dbunit.database.DatabaseConfig  - getFeature(name=http://www.dbunit.org/features/qualifiedTableNames) - start
170950 [main] TRACE org.dbunit.database.DatabaseConfig  - getProperty(name=http://www.dbunit.org/features/qualifiedTableNames) - start
170950 [main] DEBUG org.dbunit.util.QualifiedTableName  - Qualified table names feature is disabled. Returning plain table name
170950 [main] DEBUG org.dbunit.util.QualifiedTableName  - getQualifiedName(prefix=null, name=NESTEDSCOPEDCONTENTCONDITIONS, escapePattern=null) - start
170950 [main] DEBUG org.dbunit.util.QualifiedTableName  - getQualifiedNameIfEnabled(config=org.dbunit.database.DatabaseConfig[, _propertyMap={http://www.dbunit.org/properties/statementFactory=org.dbunit.database.statement.PreparedStatementFactory@626bc2b8, http://www.dbunit.org/features/caseSensitiveTableNames=false, http://www.dbunit.org/properties/fetchSize=100, http://www.dbunit.org/features/batchedStatements=false, http://www.dbunit.org/properties/metadataHandler=org.dbunit.database.DefaultMetadataHandler@62baffef, http://www.dbunit.org/properties/datatypeFactory=org.dbunit.dataset.datatype.DefaultDataTypeFactory[_toleratedDeltaMap=org.dbunit.dataset.datatype.ToleratedDeltaMap@6452310a], http://www.dbunit.org/properties/escapePattern=null, http://www.dbunit.org/properties/batchSize=100, http://www.dbunit.org/features/qualifiedTableNames=false, http://www.dbunit.org/properties/tableType=[Ljava.lang.String;@5011bafa, http://www.dbunit.org/properties/resultSetTableFactory=org.dbunit.database.CachedResultSetTableFactory@10bcf083, http://www.dbunit.org/features/datatypeWarning=true}]) - start
170950 [main] TRACE org.dbunit.database.DatabaseConfig  - getFeature(name=http://www.dbunit.org/features/qualifiedTableNames) - start
170950 [main] TRACE org.dbunit.database.DatabaseConfig  - getProperty(name=http://www.dbunit.org/features/qualifiedTableNames) - start
170950 [main] DEBUG org.dbunit.util.QualifiedTableName  - Qualified table names feature is disabled. Returning plain table name
170950 [main] DEBUG org.dbunit.util.QualifiedTableName  - getQualifiedName(prefix=null, name=SCOPEDCONTENTCONDITION, escapePattern=null) - start
170950 [main] DEBUG org.dbunit.database.search.AbstractMetaDataBasedSearchCallback  - newEdge(rs=org.apache.commons.dbcp.DelegatingResultSet@17b7b645, type=0, from=NESTEDSCOPEDCONTENTCONDITIONS, to=SCOPEDCONTENTCONDITION, fkColumn=CHILD_CONDITION_ID, pkColumn=ID) - start
170950 [main] DEBUG org.dbunit.database.search.AbstractMetaDataBasedSearchCallback  - createFKEdge(rs=org.apache.commons.dbcp.DelegatingResultSet@17b7b645, type=0, from=NESTEDSCOPEDCONTENTCONDITIONS, to=SCOPEDCONTENTCONDITION, fkColumn=CHILD_CONDITION_ID, pkColumn=ID) - start
170950 [main] DEBUG org.dbunit.database.search.AbstractMetaDataBasedSearchCallback  - Adding edge NESTEDSCOPEDCONTENTCONDITIONS(CHILD_CONDITION_ID)->SCOPEDCONTENTCONDITION(ID)
170950 [main] DEBUG org.dbunit.util.search.Edge  - compareTo(o=NESTEDSCOPEDCONTENTCONDITIONS(CHILD_CONDITION_ID)->SCOPEDCONTENTCONDITION(ID)) - start
170950 [main] DEBUG org.dbunit.util.QualifiedTableName  - getQualifiedNameIfEnabled(config=org.dbunit.database.DatabaseConfig[, _propertyMap={http://www.dbunit.org/properties/statementFactory=org.dbunit.database.statement.PreparedStatementFactory@626bc2b8, http://www.dbunit.org/features/caseSensitiveTableNames=false, http://www.dbunit.org/properties/fetchSize=100, http://www.dbunit.org/features/batchedStatements=false, http://www.dbunit.org/properties/metadataHandler=org.dbunit.database.DefaultMetadataHandler@62baffef, http://www.dbunit.org/properties/datatypeFactory=org.dbunit.dataset.datatype.DefaultDataTypeFactory[_toleratedDeltaMap=org.dbunit.dataset.datatype.ToleratedDeltaMap@6452310a], http://www.dbunit.org/properties/escapePattern=null, http://www.dbunit.org/properties/batchSize=100, http://www.dbunit.org/features/qualifiedTableNames=false, http://www.dbunit.org/properties/tableType=[Ljava.lang.String;@5011bafa, http://www.dbunit.org/properties/resultSetTableFactory=org.dbunit.database.CachedResultSetTableFactory@10bcf083, http://www.dbunit.org/features/datatypeWarning=true}]) - start
170950 [main] TRACE org.dbunit.database.DatabaseConfig  - getFeature(name=http://www.dbunit.org/features/qualifiedTableNames) - start
170950 [main] TRACE org.dbunit.database.DatabaseConfig  - getProperty(name=http://www.dbunit.org/features/qualifiedTableNames) - start
170950 [main] DEBUG org.dbunit.util.QualifiedTableName  - Qualified table names feature is disabled. Returning plain table name
170950 [main] DEBUG org.dbunit.util.QualifiedTableName  - getQualifiedName(prefix=null, name=NESTEDSCOPEDCONTENTCONDITIONS, escapePattern=null) - start
170950 [main] DEBUG org.dbunit.util.QualifiedTableName  - getQualifiedNameIfEnabled(config=org.dbunit.database.DatabaseConfig[, _propertyMap={http://www.dbunit.org/properties/statementFactory=org.dbunit.database.statement.PreparedStatementFactory@626bc2b8, http://www.dbunit.org/features/caseSensitiveTableNames=false, http://www.dbunit.org/properties/fetchSize=100, http://www.dbunit.org/features/batchedStatements=false, http://www.dbunit.org/properties/metadataHandler=org.dbunit.database.DefaultMetadataHandler@62baffef, http://www.dbunit.org/properties/datatypeFactory=org.dbunit.dataset.datatype.DefaultDataTypeFactory[_toleratedDeltaMap=org.dbunit.dataset.datatype.ToleratedDeltaMap@6452310a], http://www.dbunit.org/properties/escapePattern=null, http://www.dbunit.org/properties/batchSize=100, http://www.dbunit.org/features/qualifiedTableNames=false, http://www.dbunit.org/properties/tableType=[Ljava.lang.String;@5011bafa, http://www.dbunit.org/properties/resultSetTableFactory=org.dbunit.database.CachedResultSetTableFactory@10bcf083, http://www.dbunit.org/features/datatypeWarning=true}]) - start
170951 [main] TRACE org.dbunit.database.DatabaseConfig  - getFeature(name=http://www.dbunit.org/features/qualifiedTableNames) - start
170951 [main] TRACE org.dbunit.database.DatabaseConfig  - getProperty(name=http://www.dbunit.org/features/qualifiedTableNames) - start
170951 [main] DEBUG org.dbunit.util.QualifiedTableName  - Qualified table names feature is disabled. Returning plain table name
170951 [main] DEBUG org.dbunit.util.QualifiedTableName  - getQualifiedName(prefix=null, name=SCOPEDCONTENTCONDITION, escapePattern=null) - start
170951 [main] DEBUG org.dbunit.database.search.AbstractMetaDataBasedSearchCallback  - newEdge(rs=org.apache.commons.dbcp.DelegatingResultSet@17b7b645, type=0, from=NESTEDSCOPEDCONTENTCONDITIONS, to=SCOPEDCONTENTCONDITION, fkColumn=PARENT_CONDITION_ID, pkColumn=ID) - start
170951 [main] DEBUG org.dbunit.database.search.AbstractMetaDataBasedSearchCallback  - createFKEdge(rs=org.apache.commons.dbcp.DelegatingResultSet@17b7b645, type=0, from=NESTEDSCOPEDCONTENTCONDITIONS, to=SCOPEDCONTENTCONDITION, fkColumn=PARENT_CONDITION_ID, pkColumn=ID) - start
170951 [main] DEBUG org.dbunit.database.search.AbstractMetaDataBasedSearchCallback  - Adding edge NESTEDSCOPEDCONTENTCONDITIONS(PARENT_CONDITION_ID)->SCOPEDCONTENTCONDITION(ID)
170951 [main] DEBUG org.dbunit.util.search.Edge  - compareTo(o=NESTEDSCOPEDCONTENTCONDITIONS(CHILD_CONDITION_ID)->SCOPEDCONTENTCONDITION(ID)) - start
170951 [main] DEBUG org.dbunit.util.SQLHelper  - close(resultSet=org.apache.commons.dbcp.DelegatingResultSet@17b7b645) - start
170951 [main] DEBUG org.dbunit.util.search.DepthFirstSearch  - search:SCOPEDCONTENTCONDITION
170951 [main] DEBUG org.dbunit.database.search.ImportedKeysSearchCallback  - searchNode(node=SCOPEDCONTENTCONDITION) - start
170951 [main] DEBUG org.dbunit.util.search.DepthFirstSearch  - Pushing SCOPEDCONTENTCONDITION
170951 [main] DEBUG org.dbunit.database.search.ImportedKeysSearchCallback  - getEdges(node=SCOPEDCONTENTCONDITION) - start
170951 [main] DEBUG org.dbunit.database.search.AbstractMetaDataBasedSearchCallback  - getNodesFromImportedKeys(node=SCOPEDCONTENTCONDITION) - start
170951 [main] DEBUG org.dbunit.database.search.AbstractMetaDataBasedSearchCallback  - getNodes(type=0, node=SCOPEDCONTENTCONDITION) - start
170951 [main] DEBUG org.dbunit.database.DatabaseDataSourceConnection  - getConnection() - start
170951 [main] DEBUG org.dbunit.database.search.AbstractMetaDataBasedSearchCallback  - getNodes(type=0, node=SCOPEDCONTENTCONDITION, conn=Transaction-aware proxy for target Connection [jdbc:hsqldb:mem:kontrollDS, UserName=sw, HSQL Database Engine Driver], schema=null, metaData=org.apache.commons.dbcp.DelegatingDatabaseMetaData@1e1f782d, edges=[]) - start
170951 [main] DEBUG org.dbunit.database.search.AbstractMetaDataBasedSearchCallback  - Getting edges for node SCOPEDCONTENTCONDITION
170951 [main] TRACE org.dbunit.database.DatabaseConfig  - getProperty(name=http://www.dbunit.org/properties/metadataHandler) - start
170951 [main] TRACE org.dbunit.database.DefaultMetadataHandler  - tableExists(metaData=org.apache.commons.dbcp.DelegatingDatabaseMetaData@1e1f782d, schemaName=null, tableName=SCOPEDCONTENTCONDITION) - start
170952 [main] DEBUG org.dbunit.util.SQLHelper  - close(resultSet=org.apache.commons.dbcp.DelegatingResultSet@466eadde) - start
170953 [main] DEBUG org.dbunit.util.SQLHelper  - close(resultSet=org.apache.commons.dbcp.DelegatingResultSet@226db133) - start
170953 [main] DEBUG org.dbunit.util.search.DepthFirstSearch  - Adding node SCOPEDCONTENTCONDITION to the final result
170953 [main] DEBUG org.dbunit.util.search.DepthFirstSearch  - Adding node NESTEDSCOPEDCONTENTCONDITIONS to the final result
170953 [main] DEBUG org.dbunit.util.search.DepthFirstSearch  - reverseSearch:NESTEDSCOPEDCONTENTCONDITIONS
170953 [main] DEBUG org.dbunit.util.search.DepthFirstSearch  - already searched; returning true
170953 [main] DEBUG org.dbunit.util.search.DepthFirstSearch  - reverseSearch:SCOPEDCONTENTCONDITION
170953 [main] DEBUG org.dbunit.database.search.ImportedKeysSearchCallback  - searchNode(node=SCOPEDCONTENTCONDITION) - start
170953 [main] DEBUG org.dbunit.util.search.DepthFirstSearch  - Pushing (reverse) SCOPEDCONTENTCONDITION
170953 [main] DEBUG org.dbunit.database.search.ImportedKeysSearchCallback  - getEdges(node=SCOPEDCONTENTCONDITION) - start
170953 [main] DEBUG org.dbunit.database.search.AbstractMetaDataBasedSearchCallback  - getNodesFromImportedKeys(node=SCOPEDCONTENTCONDITION) - start
170953 [main] DEBUG org.dbunit.database.search.AbstractMetaDataBasedSearchCallback  - getNodes(type=0, node=SCOPEDCONTENTCONDITION) - start
170953 [main] DEBUG org.dbunit.database.DatabaseDataSourceConnection  - getConnection() - start
170953 [main] DEBUG org.dbunit.database.search.AbstractMetaDataBasedSearchCallback  - getNodes(type=0, node=SCOPEDCONTENTCONDITION, conn=Transaction-aware proxy for target Connection [jdbc:hsqldb:mem:kontrollDS, UserName=sw, HSQL Database Engine Driver], schema=null, metaData=org.apache.commons.dbcp.DelegatingDatabaseMetaData@4f8c9ced, edges=[]) - start
170953 [main] DEBUG org.dbunit.database.search.AbstractMetaDataBasedSearchCallback  - Getting edges for node SCOPEDCONTENTCONDITION
170953 [main] TRACE org.dbunit.database.DatabaseConfig  - getProperty(name=http://www.dbunit.org/properties/metadataHandler) - start
170953 [main] TRACE org.dbunit.database.DefaultMetadataHandler  - tableExists(metaData=org.apache.commons.dbcp.DelegatingDatabaseMetaData@4f8c9ced, schemaName=null, tableName=SCOPEDCONTENTCONDITION) - start
170954 [main] DEBUG org.dbunit.util.SQLHelper  - close(resultSet=org.apache.commons.dbcp.DelegatingResultSet@47822472) - start
170954 [main] DEBUG org.dbunit.util.SQLHelper  - close(resultSet=org.apache.commons.dbcp.DelegatingResultSet@6e7a1662) - start
170954 [main] DEBUG org.dbunit.util.search.DepthFirstSearch  - search:NESTEDSCOPEDCONTENTCONDITIONS
170954 [main] DEBUG org.dbunit.util.search.DepthFirstSearch  - already searched; returning true
170954 [main] DEBUG org.dbunit.util.search.DepthFirstSearch  - search:SCOPEDCONTENTCONDITION
170954 [main] DEBUG org.dbunit.util.search.DepthFirstSearch  - already searched; returning true
170954 [main] DEBUG org.dbunit.util.CollectionsHelper  - setToStrings(set=[SCOPEDCONTENTCONDITION, NESTEDSCOPEDCONTENTCONDITIONS]) - start
170955 [main] DEBUG org.dbunit.database.search.TablesDependencyHelper  - getDependsOnTables(connection=_databaseConfig=org.dbunit.database.DatabaseConfig[, _propertyMap={http://www.dbunit.org/properties/statementFactory=org.dbunit.database.statement.PreparedStatementFactory@626bc2b8, http://www.dbunit.org/features/caseSensitiveTableNames=false, http://www.dbunit.org/properties/fetchSize=100, http://www.dbunit.org/features/batchedStatements=false, http://www.dbunit.org/properties/metadataHandler=org.dbunit.database.DefaultMetadataHandler@62baffef, http://www.dbunit.org/properties/datatypeFactory=org.dbunit.dataset.datatype.DefaultDataTypeFactory[_toleratedDeltaMap=org.dbunit.dataset.datatype.ToleratedDeltaMap@6452310a], http://www.dbunit.org/properties/escapePattern=null, http://www.dbunit.org/properties/batchSize=100, http://www.dbunit.org/features/qualifiedTableNames=false, http://www.dbunit.org/properties/tableType=[Ljava.lang.String;@5011bafa, http://www.dbunit.org/properties/resultSetTableFactory=org.dbunit.database.CachedResultSetTableFactory@10bcf083, http://www.dbunit.org/features/datatypeWarning=true}], _dataSet=AbstractDataSet[_orderedTableNameMap=null], rootTable=NESTEDSCOPEDCONTENTCONDITIONS) - start
170955 [main] DEBUG org.dbunit.util.search.DepthFirstSearch  - search(nodesFrom=[NESTEDSCOPEDCONTENTCONDITIONS], callback=org.dbunit.database.search.ExportedKeysSearchCallback@e75700b) - start
170955 [main] DEBUG org.dbunit.util.CollectionsHelper  - objectsToSet(objects=NESTEDSCOPEDCONTENTCONDITIONS) - start
170955 [main] DEBUG org.dbunit.util.search.DepthFirstSearch  - search(nodesFrom=[NESTEDSCOPEDCONTENTCONDITIONS], callback=org.dbunit.database.search.ExportedKeysSearchCallback@e75700b) - start
170955 [main] DEBUG org.dbunit.util.search.DepthFirstSearch  - reverseSearch:NESTEDSCOPEDCONTENTCONDITIONS
170955 [main] DEBUG org.dbunit.database.search.ExportedKeysSearchCallback  - searchNode(node=NESTEDSCOPEDCONTENTCONDITIONS) - start
170955 [main] DEBUG org.dbunit.util.search.DepthFirstSearch  - Pushing (reverse) NESTEDSCOPEDCONTENTCONDITIONS
170955 [main] DEBUG org.dbunit.database.search.ExportedKeysSearchCallback  - getEdges(node=NESTEDSCOPEDCONTENTCONDITIONS) - start
170955 [main] DEBUG org.dbunit.database.search.AbstractMetaDataBasedSearchCallback  - getNodesFromExportedKeys(node=NESTEDSCOPEDCONTENTCONDITIONS) - start
170955 [main] DEBUG org.dbunit.database.search.AbstractMetaDataBasedSearchCallback  - getNodes(type=1, node=NESTEDSCOPEDCONTENTCONDITIONS) - start
170955 [main] DEBUG org.dbunit.database.DatabaseDataSourceConnection  - getConnection() - start
170955 [main] DEBUG org.dbunit.database.search.AbstractMetaDataBasedSearchCallback  - getNodes(type=1, node=NESTEDSCOPEDCONTENTCONDITIONS, conn=Transaction-aware proxy for target Connection [jdbc:hsqldb:mem:kontrollDS, UserName=sw, HSQL Database Engine Driver], schema=null, metaData=org.apache.commons.dbcp.DelegatingDatabaseMetaData@400ee997, edges=[]) - start
170955 [main] DEBUG org.dbunit.database.search.AbstractMetaDataBasedSearchCallback  - Getting edges for node NESTEDSCOPEDCONTENTCONDITIONS
170955 [main] TRACE org.dbunit.database.DatabaseConfig  - getProperty(name=http://www.dbunit.org/properties/metadataHandler) - start
170955 [main] TRACE org.dbunit.database.DefaultMetadataHandler  - tableExists(metaData=org.apache.commons.dbcp.DelegatingDatabaseMetaData@400ee997, schemaName=null, tableName=NESTEDSCOPEDCONTENTCONDITIONS) - start
170956 [main] DEBUG org.dbunit.util.SQLHelper  - close(resultSet=org.apache.commons.dbcp.DelegatingResultSet@6b9d30c7) - start
170956 [main] DEBUG org.dbunit.util.SQLHelper  - close(resultSet=org.apache.commons.dbcp.DelegatingResultSet@3089c3cb) - start
170956 [main] DEBUG org.dbunit.util.search.DepthFirstSearch  - search:NESTEDSCOPEDCONTENTCONDITIONS
170956 [main] DEBUG org.dbunit.database.search.ExportedKeysSearchCallback  - searchNode(node=NESTEDSCOPEDCONTENTCONDITIONS) - start
170956 [main] DEBUG org.dbunit.util.search.DepthFirstSearch  - Pushing NESTEDSCOPEDCONTENTCONDITIONS
170957 [main] DEBUG org.dbunit.database.search.ExportedKeysSearchCallback  - getEdges(node=NESTEDSCOPEDCONTENTCONDITIONS) - start
170957 [main] DEBUG org.dbunit.database.search.AbstractMetaDataBasedSearchCallback  - getNodesFromExportedKeys(node=NESTEDSCOPEDCONTENTCONDITIONS) - start
170957 [main] DEBUG org.dbunit.database.search.AbstractMetaDataBasedSearchCallback  - getNodes(type=1, node=NESTEDSCOPEDCONTENTCONDITIONS) - start
170957 [main] DEBUG org.dbunit.database.DatabaseDataSourceConnection  - getConnection() - start
170957 [main] DEBUG org.dbunit.database.search.AbstractMetaDataBasedSearchCallback  - getNodes(type=1, node=NESTEDSCOPEDCONTENTCONDITIONS, conn=Transaction-aware proxy for target Connection [jdbc:hsqldb:mem:kontrollDS, UserName=sw, HSQL Database Engine Driver], schema=null, metaData=org.apache.commons.dbcp.DelegatingDatabaseMetaData@24955d52, edges=[]) - start
170957 [main] DEBUG org.dbunit.database.search.AbstractMetaDataBasedSearchCallback  - Getting edges for node NESTEDSCOPEDCONTENTCONDITIONS
170957 [main] TRACE org.dbunit.database.DatabaseConfig  - getProperty(name=http://www.dbunit.org/properties/metadataHandler) - start
170957 [main] TRACE org.dbunit.database.DefaultMetadataHandler  - tableExists(metaData=org.apache.commons.dbcp.DelegatingDatabaseMetaData@24955d52, schemaName=null, tableName=NESTEDSCOPEDCONTENTCONDITIONS) - start
170958 [main] DEBUG org.dbunit.util.SQLHelper  - close(resultSet=org.apache.commons.dbcp.DelegatingResultSet@6f1d546c) - start
170958 [main] DEBUG org.dbunit.util.SQLHelper  - close(resultSet=org.apache.commons.dbcp.DelegatingResultSet@20a2946d) - start
170958 [main] DEBUG org.dbunit.util.search.DepthFirstSearch  - Adding node NESTEDSCOPEDCONTENTCONDITIONS to the final result
170958 [main] DEBUG org.dbunit.util.CollectionsHelper  - setToStrings(set=[NESTEDSCOPEDCONTENTCONDITIONS]) - start
170958 [main] DEBUG org.dbunit.database.search.TablesDependencyHelper  - getDirectDependsOnTables(connection=_databaseConfig=org.dbunit.database.DatabaseConfig[, _propertyMap={http://www.dbunit.org/properties/statementFactory=org.dbunit.database.statement.PreparedStatementFactory@626bc2b8, http://www.dbunit.org/features/caseSensitiveTableNames=false, http://www.dbunit.org/properties/fetchSize=100, http://www.dbunit.org/features/batchedStatements=false, http://www.dbunit.org/properties/metadataHandler=org.dbunit.database.DefaultMetadataHandler@62baffef, http://www.dbunit.org/properties/datatypeFactory=org.dbunit.dataset.datatype.DefaultDataTypeFactory[_toleratedDeltaMap=org.dbunit.dataset.datatype.ToleratedDeltaMap@6452310a], http://www.dbunit.org/properties/escapePattern=null, http://www.dbunit.org/properties/batchSize=100, http://www.dbunit.org/features/qualifiedTableNames=false, http://www.dbunit.org/properties/tableType=[Ljava.lang.String;@5011bafa, http://www.dbunit.org/properties/resultSetTableFactory=org.dbunit.database.CachedResultSetTableFactory@10bcf083, http://www.dbunit.org/features/datatypeWarning=true}], _dataSet=AbstractDataSet[_orderedTableNameMap=null], tableName=NESTEDSCOPEDCONTENTCONDITIONS) - start
170958 [main] DEBUG org.dbunit.util.search.DepthFirstSearch  - search(nodesFrom=[NESTEDSCOPEDCONTENTCONDITIONS], callback=org.dbunit.database.search.ExportedKeysSearchCallback@76175e01) - start
170958 [main] DEBUG org.dbunit.util.CollectionsHelper  - objectsToSet(objects=NESTEDSCOPEDCONTENTCONDITIONS) - start
170958 [main] DEBUG org.dbunit.util.search.DepthFirstSearch  - search(nodesFrom=[NESTEDSCOPEDCONTENTCONDITIONS], callback=org.dbunit.database.search.ExportedKeysSearchCallback@76175e01) - start
170958 [main] DEBUG org.dbunit.util.search.DepthFirstSearch  - reverseSearch:NESTEDSCOPEDCONTENTCONDITIONS
170958 [main] DEBUG org.dbunit.database.search.ExportedKeysSearchCallback  - searchNode(node=NESTEDSCOPEDCONTENTCONDITIONS) - start
170958 [main] DEBUG org.dbunit.util.search.DepthFirstSearch  - Pushing (reverse) NESTEDSCOPEDCONTENTCONDITIONS
170958 [main] DEBUG org.dbunit.database.search.ExportedKeysSearchCallback  - getEdges(node=NESTEDSCOPEDCONTENTCONDITIONS) - start
170958 [main] DEBUG org.dbunit.database.search.AbstractMetaDataBasedSearchCallback  - getNodesFromExportedKeys(node=NESTEDSCOPEDCONTENTCONDITIONS) - start
170958 [main] DEBUG org.dbunit.database.search.AbstractMetaDataBasedSearchCallback  - getNodes(type=1, node=NESTEDSCOPEDCONTENTCONDITIONS) - start
170958 [main] DEBUG org.dbunit.database.DatabaseDataSourceConnection  - getConnection() - start
170959 [main] DEBUG org.dbunit.database.search.AbstractMetaDataBasedSearchCallback  - getNodes(type=1, node=NESTEDSCOPEDCONTENTCONDITIONS, conn=Transaction-aware proxy for target Connection [jdbc:hsqldb:mem:kontrollDS, UserName=sw, HSQL Database Engine Driver], schema=null, metaData=org.apache.commons.dbcp.DelegatingDatabaseMetaData@781cd038, edges=[]) - start
170959 [main] DEBUG org.dbunit.database.search.AbstractMetaDataBasedSearchCallback  - Getting edges for node NESTEDSCOPEDCONTENTCONDITIONS
170959 [main] TRACE org.dbunit.database.DatabaseConfig  - getProperty(name=http://www.dbunit.org/properties/metadataHandler) - start
170959 [main] TRACE org.dbunit.database.DefaultMetadataHandler  - tableExists(metaData=org.apache.commons.dbcp.DelegatingDatabaseMetaData@781cd038, schemaName=null, tableName=NESTEDSCOPEDCONTENTCONDITIONS) - start
170960 [main] DEBUG org.dbunit.util.SQLHelper  - close(resultSet=org.apache.commons.dbcp.DelegatingResultSet@38e9563a) - start
170960 [main] DEBUG org.dbunit.util.SQLHelper  - close(resultSet=org.apache.commons.dbcp.DelegatingResultSet@2d2bbbb2) - start
170960 [main] DEBUG org.dbunit.util.search.DepthFirstSearch  - search:NESTEDSCOPEDCONTENTCONDITIONS
170960 [main] DEBUG org.dbunit.database.search.ExportedKeysSearchCallback  - searchNode(node=NESTEDSCOPEDCONTENTCONDITIONS) - start
170960 [main] DEBUG org.dbunit.util.search.DepthFirstSearch  - Pushing NESTEDSCOPEDCONTENTCONDITIONS
170960 [main] DEBUG org.dbunit.database.search.ExportedKeysSearchCallback  - getEdges(node=NESTEDSCOPEDCONTENTCONDITIONS) - start
170960 [main] DEBUG org.dbunit.database.search.AbstractMetaDataBasedSearchCallback  - getNodesFromExportedKeys(node=NESTEDSCOPEDCONTENTCONDITIONS) - start
170960 [main] DEBUG org.dbunit.database.search.AbstractMetaDataBasedSearchCallback  - getNodes(type=1, node=NESTEDSCOPEDCONTENTCONDITIONS) - start
170960 [main] DEBUG org.dbunit.database.DatabaseDataSourceConnection  - getConnection() - start
170960 [main] DEBUG org.dbunit.database.search.AbstractMetaDataBasedSearchCallback  - getNodes(type=1, node=NESTEDSCOPEDCONTENTCONDITIONS, conn=Transaction-aware proxy for target Connection [jdbc:hsqldb:mem:kontrollDS, UserName=sw, HSQL Database Engine Driver], schema=null, metaData=org.apache.commons.dbcp.DelegatingDatabaseMetaData@122fba49, edges=[]) - start
170960 [main] DEBUG org.dbunit.database.search.AbstractMetaDataBasedSearchCallback  - Getting edges for node NESTEDSCOPEDCONTENTCONDITIONS
170960 [main] TRACE org.dbunit.database.DatabaseConfig  - getProperty(name=http://www.dbunit.org/properties/metadataHandler) - start
170960 [main] TRACE org.dbunit.database.DefaultMetadataHandler  - tableExists(metaData=org.apache.commons.dbcp.DelegatingDatabaseMetaData@122fba49, schemaName=null, tableName=NESTEDSCOPEDCONTENTCONDITIONS) - start
170961 [main] DEBUG org.dbunit.util.SQLHelper  - close(resultSet=org.apache.commons.dbcp.DelegatingResultSet@3a8d502d) - start
170961 [main] DEBUG org.dbunit.util.SQLHelper  - close(resultSet=org.apache.commons.dbcp.DelegatingResultSet@84559b) - start
170961 [main] DEBUG org.dbunit.util.search.DepthFirstSearch  - Adding node NESTEDSCOPEDCONTENTCONDITIONS to the final result
170962 [main] DEBUG org.dbunit.database.search.TablesDependencyHelper  - getDirectDependentTables(connection=_databaseConfig=org.dbunit.database.DatabaseConfig[, _propertyMap={http://www.dbunit.org/properties/statementFactory=org.dbunit.database.statement.PreparedStatementFactory@626bc2b8, http://www.dbunit.org/features/caseSensitiveTableNames=false, http://www.dbunit.org/properties/fetchSize=100, http://www.dbunit.org/features/batchedStatements=false, http://www.dbunit.org/properties/metadataHandler=org.dbunit.database.DefaultMetadataHandler@62baffef, http://www.dbunit.org/properties/datatypeFactory=org.dbunit.dataset.datatype.DefaultDataTypeFactory[_toleratedDeltaMap=org.dbunit.dataset.datatype.ToleratedDeltaMap@6452310a], http://www.dbunit.org/properties/escapePattern=null, http://www.dbunit.org/properties/batchSize=100, http://www.dbunit.org/features/qualifiedTableNames=false, http://www.dbunit.org/properties/tableType=[Ljava.lang.String;@5011bafa, http://www.dbunit.org/properties/resultSetTableFactory=org.dbunit.database.CachedResultSetTableFactory@10bcf083, http://www.dbunit.org/features/datatypeWarning=true}], _dataSet=AbstractDataSet[_orderedTableNameMap=null], tableName=NESTEDSCOPEDCONTENTCONDITIONS) - start
170962 [main] DEBUG org.dbunit.util.search.DepthFirstSearch  - search(nodesFrom=[NESTEDSCOPEDCONTENTCONDITIONS], callback=org.dbunit.database.search.ImportedKeysSearchCallback@379d1d1a) - start
170962 [main] DEBUG org.dbunit.util.CollectionsHelper  - objectsToSet(objects=NESTEDSCOPEDCONTENTCONDITIONS) - start
170962 [main] DEBUG org.dbunit.util.search.DepthFirstSearch  - search(nodesFrom=[NESTEDSCOPEDCONTENTCONDITIONS], callback=org.dbunit.database.search.ImportedKeysSearchCallback@379d1d1a) - start
170962 [main] DEBUG org.dbunit.util.search.DepthFirstSearch  - reverseSearch:NESTEDSCOPEDCONTENTCONDITIONS
170962 [main] DEBUG org.dbunit.database.search.ImportedKeysSearchCallback  - searchNode(node=NESTEDSCOPEDCONTENTCONDITIONS) - start
170962 [main] DEBUG org.dbunit.util.search.DepthFirstSearch  - Pushing (reverse) NESTEDSCOPEDCONTENTCONDITIONS
170962 [main] DEBUG org.dbunit.database.search.ImportedKeysSearchCallback  - getEdges(node=NESTEDSCOPEDCONTENTCONDITIONS) - start
170962 [main] DEBUG org.dbunit.database.search.AbstractMetaDataBasedSearchCallback  - getNodesFromImportedKeys(node=NESTEDSCOPEDCONTENTCONDITIONS) - start
170962 [main] DEBUG org.dbunit.database.search.AbstractMetaDataBasedSearchCallback  - getNodes(type=0, node=NESTEDSCOPEDCONTENTCONDITIONS) - start
170962 [main] DEBUG org.dbunit.database.DatabaseDataSourceConnection  - getConnection() - start
170962 [main] DEBUG org.dbunit.database.search.AbstractMetaDataBasedSearchCallback  - getNodes(type=0, node=NESTEDSCOPEDCONTENTCONDITIONS, conn=Transaction-aware proxy for target Connection [jdbc:hsqldb:mem:kontrollDS, UserName=sw, HSQL Database Engine Driver], schema=null, metaData=org.apache.commons.dbcp.DelegatingDatabaseMetaData@2be1b27c, edges=[]) - start
170962 [main] DEBUG org.dbunit.database.search.AbstractMetaDataBasedSearchCallback  - Getting edges for node NESTEDSCOPEDCONTENTCONDITIONS
170962 [main] TRACE org.dbunit.database.DatabaseConfig  - getProperty(name=http://www.dbunit.org/properties/metadataHandler) - start
170962 [main] TRACE org.dbunit.database.DefaultMetadataHandler  - tableExists(metaData=org.apache.commons.dbcp.DelegatingDatabaseMetaData@2be1b27c, schemaName=null, tableName=NESTEDSCOPEDCONTENTCONDITIONS) - start
170963 [main] DEBUG org.dbunit.util.SQLHelper  - close(resultSet=org.apache.commons.dbcp.DelegatingResultSet@6b56c696) - start
170963 [main] DEBUG org.dbunit.util.QualifiedTableName  - getQualifiedNameIfEnabled(config=org.dbunit.database.DatabaseConfig[, _propertyMap={http://www.dbunit.org/properties/statementFactory=org.dbunit.database.statement.PreparedStatementFactory@626bc2b8, http://www.dbunit.org/features/caseSensitiveTableNames=false, http://www.dbunit.org/properties/fetchSize=100, http://www.dbunit.org/features/batchedStatements=false, http://www.dbunit.org/properties/metadataHandler=org.dbunit.database.DefaultMetadataHandler@62baffef, http://www.dbunit.org/properties/datatypeFactory=org.dbunit.dataset.datatype.DefaultDataTypeFactory[_toleratedDeltaMap=org.dbunit.dataset.datatype.ToleratedDeltaMap@6452310a], http://www.dbunit.org/properties/escapePattern=null, http://www.dbunit.org/properties/batchSize=100, http://www.dbunit.org/features/qualifiedTableNames=false, http://www.dbunit.org/properties/tableType=[Ljava.lang.String;@5011bafa, http://www.dbunit.org/properties/resultSetTableFactory=org.dbunit.database.CachedResultSetTableFactory@10bcf083, http://www.dbunit.org/features/datatypeWarning=true}]) - start
170963 [main] TRACE org.dbunit.database.DatabaseConfig  - getFeature(name=http://www.dbunit.org/features/qualifiedTableNames) - start
170963 [main] TRACE org.dbunit.database.DatabaseConfig  - getProperty(name=http://www.dbunit.org/features/qualifiedTableNames) - start
170964 [main] DEBUG org.dbunit.util.QualifiedTableName  - Qualified table names feature is disabled. Returning plain table name
170964 [main] DEBUG org.dbunit.util.QualifiedTableName  - getQualifiedName(prefix=null, name=NESTEDSCOPEDCONTENTCONDITIONS, escapePattern=null) - start
170964 [main] DEBUG org.dbunit.util.QualifiedTableName  - getQualifiedNameIfEnabled(config=org.dbunit.database.DatabaseConfig[, _propertyMap={http://www.dbunit.org/properties/statementFactory=org.dbunit.database.statement.PreparedStatementFactory@626bc2b8, http://www.dbunit.org/features/caseSensitiveTableNames=false, http://www.dbunit.org/properties/fetchSize=100, http://www.dbunit.org/features/batchedStatements=false, http://www.dbunit.org/properties/metadataHandler=org.dbunit.database.DefaultMetadataHandler@62baffef, http://www.dbunit.org/properties/datatypeFactory=org.dbunit.dataset.datatype.DefaultDataTypeFactory[_toleratedDeltaMap=org.dbunit.dataset.datatype.ToleratedDeltaMap@6452310a], http://www.dbunit.org/properties/escapePattern=null, http://www.dbunit.org/properties/batchSize=100, http://www.dbunit.org/features/qualifiedTableNames=false, http://www.dbunit.org/properties/tableType=[Ljava.lang.String;@5011bafa, http://www.dbunit.org/properties/resultSetTableFactory=org.dbunit.database.CachedResultSetTableFactory@10bcf083, http://www.dbunit.org/features/datatypeWarning=true}]) - start
170964 [main] TRACE org.dbunit.database.DatabaseConfig  - getFeature(name=http://www.dbunit.org/features/qualifiedTableNames) - start
170964 [main] TRACE org.dbunit.database.DatabaseConfig  - getProperty(name=http://www.dbunit.org/features/qualifiedTableNames) - start
170964 [main] DEBUG org.dbunit.util.QualifiedTableName  - Qualified table names feature is disabled. Returning plain table name
170964 [main] DEBUG org.dbunit.util.QualifiedTableName  - getQualifiedName(prefix=null, name=SCOPEDCONTENTCONDITION, escapePattern=null) - start
170964 [main] DEBUG org.dbunit.database.search.AbstractMetaDataBasedSearchCallback  - newEdge(rs=org.apache.commons.dbcp.DelegatingResultSet@25316e8a, type=0, from=NESTEDSCOPEDCONTENTCONDITIONS, to=SCOPEDCONTENTCONDITION, fkColumn=CHILD_CONDITION_ID, pkColumn=ID) - start
170964 [main] DEBUG org.dbunit.database.search.AbstractMetaDataBasedSearchCallback  - createFKEdge(rs=org.apache.commons.dbcp.DelegatingResultSet@25316e8a, type=0, from=NESTEDSCOPEDCONTENTCONDITIONS, to=SCOPEDCONTENTCONDITION, fkColumn=CHILD_CONDITION_ID, pkColumn=ID) - start
170964 [main] DEBUG org.dbunit.database.search.AbstractMetaDataBasedSearchCallback  - Adding edge NESTEDSCOPEDCONTENTCONDITIONS(CHILD_CONDITION_ID)->SCOPEDCONTENTCONDITION(ID)
170964 [main] DEBUG org.dbunit.util.search.Edge  - compareTo(o=NESTEDSCOPEDCONTENTCONDITIONS(CHILD_CONDITION_ID)->SCOPEDCONTENTCONDITION(ID)) - start
170964 [main] DEBUG org.dbunit.util.QualifiedTableName  - getQualifiedNameIfEnabled(config=org.dbunit.database.DatabaseConfig[, _propertyMap={http://www.dbunit.org/properties/statementFactory=org.dbunit.database.statement.PreparedStatementFactory@626bc2b8, http://www.dbunit.org/features/caseSensitiveTableNames=false, http://www.dbunit.org/properties/fetchSize=100, http://www.dbunit.org/features/batchedStatements=false, http://www.dbunit.org/properties/metadataHandler=org.dbunit.database.DefaultMetadataHandler@62baffef, http://www.dbunit.org/properties/datatypeFactory=org.dbunit.dataset.datatype.DefaultDataTypeFactory[_toleratedDeltaMap=org.dbunit.dataset.datatype.ToleratedDeltaMap@6452310a], http://www.dbunit.org/properties/escapePattern=null, http://www.dbunit.org/properties/batchSize=100, http://www.dbunit.org/features/qualifiedTableNames=false, http://www.dbunit.org/properties/tableType=[Ljava.lang.String;@5011bafa, http://www.dbunit.org/properties/resultSetTableFactory=org.dbunit.database.CachedResultSetTableFactory@10bcf083, http://www.dbunit.org/features/datatypeWarning=true}]) - start
170964 [main] TRACE org.dbunit.database.DatabaseConfig  - getFeature(name=http://www.dbunit.org/features/qualifiedTableNames) - start
170964 [main] TRACE org.dbunit.database.DatabaseConfig  - getProperty(name=http://www.dbunit.org/features/qualifiedTableNames) - start
170964 [main] DEBUG org.dbunit.util.QualifiedTableName  - Qualified table names feature is disabled. Returning plain table name
170964 [main] DEBUG org.dbunit.util.QualifiedTableName  - getQualifiedName(prefix=null, name=NESTEDSCOPEDCONTENTCONDITIONS, escapePattern=null) - start
170964 [main] DEBUG org.dbunit.util.QualifiedTableName  - getQualifiedNameIfEnabled(config=org.dbunit.database.DatabaseConfig[, _propertyMap={http://www.dbunit.org/properties/statementFactory=org.dbunit.database.statement.PreparedStatementFactory@626bc2b8, http://www.dbunit.org/features/caseSensitiveTableNames=false, http://www.dbunit.org/properties/fetchSize=100, http://www.dbunit.org/features/batchedStatements=false, http://www.dbunit.org/properties/metadataHandler=org.dbunit.database.DefaultMetadataHandler@62baffef, http://www.dbunit.org/properties/datatypeFactory=org.dbunit.dataset.datatype.DefaultDataTypeFactory[_toleratedDeltaMap=org.dbunit.dataset.datatype.ToleratedDeltaMap@6452310a], http://www.dbunit.org/properties/escapePattern=null, http://www.dbunit.org/properties/batchSize=100, http://www.dbunit.org/features/qualifiedTableNames=false, http://www.dbunit.org/properties/tableType=[Ljava.lang.String;@5011bafa, http://www.dbunit.org/properties/resultSetTableFactory=org.dbunit.database.CachedResultSetTableFactory@10bcf083, http://www.dbunit.org/features/datatypeWarning=true}]) - start
170964 [main] TRACE org.dbunit.database.DatabaseConfig  - getFeature(name=http://www.dbunit.org/features/qualifiedTableNames) - start
170964 [main] TRACE org.dbunit.database.DatabaseConfig  - getProperty(name=http://www.dbunit.org/features/qualifiedTableNames) - start
170964 [main] DEBUG org.dbunit.util.QualifiedTableName  - Qualified table names feature is disabled. Returning plain table name
170964 [main] DEBUG org.dbunit.util.QualifiedTableName  - getQualifiedName(prefix=null, name=SCOPEDCONTENTCONDITION, escapePattern=null) - start
170964 [main] DEBUG org.dbunit.database.search.AbstractMetaDataBasedSearchCallback  - newEdge(rs=org.apache.commons.dbcp.DelegatingResultSet@25316e8a, type=0, from=NESTEDSCOPEDCONTENTCONDITIONS, to=SCOPEDCONTENTCONDITION, fkColumn=PARENT_CONDITION_ID, pkColumn=ID) - start
170964 [main] DEBUG org.dbunit.database.search.AbstractMetaDataBasedSearchCallback  - createFKEdge(rs=org.apache.commons.dbcp.DelegatingResultSet@25316e8a, type=0, from=NESTEDSCOPEDCONTENTCONDITIONS, to=SCOPEDCONTENTCONDITION, fkColumn=PARENT_CONDITION_ID, pkColumn=ID) - start
170964 [main] DEBUG org.dbunit.database.search.AbstractMetaDataBasedSearchCallback  - Adding edge NESTEDSCOPEDCONTENTCONDITIONS(PARENT_CONDITION_ID)->SCOPEDCONTENTCONDITION(ID)
170964 [main] DEBUG org.dbunit.util.search.Edge  - compareTo(o=NESTEDSCOPEDCONTENTCONDITIONS(CHILD_CONDITION_ID)->SCOPEDCONTENTCONDITION(ID)) - start
170964 [main] DEBUG org.dbunit.util.SQLHelper  - close(resultSet=org.apache.commons.dbcp.DelegatingResultSet@25316e8a) - start
170965 [main] DEBUG org.dbunit.util.search.DepthFirstSearch  - search:NESTEDSCOPEDCONTENTCONDITIONS
170965 [main] DEBUG org.dbunit.database.search.ImportedKeysSearchCallback  - searchNode(node=NESTEDSCOPEDCONTENTCONDITIONS) - start
170965 [main] DEBUG org.dbunit.util.search.DepthFirstSearch  - Pushing NESTEDSCOPEDCONTENTCONDITIONS
170965 [main] DEBUG org.dbunit.database.search.ImportedKeysSearchCallback  - getEdges(node=NESTEDSCOPEDCONTENTCONDITIONS) - start
170965 [main] DEBUG org.dbunit.database.search.AbstractMetaDataBasedSearchCallback  - getNodesFromImportedKeys(node=NESTEDSCOPEDCONTENTCONDITIONS) - start
170965 [main] DEBUG org.dbunit.database.search.AbstractMetaDataBasedSearchCallback  - getNodes(type=0, node=NESTEDSCOPEDCONTENTCONDITIONS) - start
170965 [main] DEBUG org.dbunit.database.DatabaseDataSourceConnection  - getConnection() - start
170965 [main] DEBUG org.dbunit.database.search.AbstractMetaDataBasedSearchCallback  - getNodes(type=0, node=NESTEDSCOPEDCONTENTCONDITIONS, conn=Transaction-aware proxy for target Connection [jdbc:hsqldb:mem:kontrollDS, UserName=sw, HSQL Database Engine Driver], schema=null, metaData=org.apache.commons.dbcp.DelegatingDatabaseMetaData@50503919, edges=[]) - start
170965 [main] DEBUG org.dbunit.database.search.AbstractMetaDataBasedSearchCallback  - Getting edges for node NESTEDSCOPEDCONTENTCONDITIONS
170965 [main] TRACE org.dbunit.database.DatabaseConfig  - getProperty(name=http://www.dbunit.org/properties/metadataHandler) - start
170965 [main] TRACE org.dbunit.database.DefaultMetadataHandler  - tableExists(metaData=org.apache.commons.dbcp.DelegatingDatabaseMetaData@50503919, schemaName=null, tableName=NESTEDSCOPEDCONTENTCONDITIONS) - start
170966 [main] DEBUG org.dbunit.util.SQLHelper  - close(resultSet=org.apache.commons.dbcp.DelegatingResultSet@1debdcc7) - start
170966 [main] DEBUG org.dbunit.util.QualifiedTableName  - getQualifiedNameIfEnabled(config=org.dbunit.database.DatabaseConfig[, _propertyMap={http://www.dbunit.org/properties/statementFactory=org.dbunit.database.statement.PreparedStatementFactory@626bc2b8, http://www.dbunit.org/features/caseSensitiveTableNames=false, http://www.dbunit.org/properties/fetchSize=100, http://www.dbunit.org/features/batchedStatements=false, http://www.dbunit.org/properties/metadataHandler=org.dbunit.database.DefaultMetadataHandler@62baffef, http://www.dbunit.org/properties/datatypeFactory=org.dbunit.dataset.datatype.DefaultDataTypeFactory[_toleratedDeltaMap=org.dbunit.dataset.datatype.ToleratedDeltaMap@6452310a], http://www.dbunit.org/properties/escapePattern=null, http://www.dbunit.org/properties/batchSize=100, http://www.dbunit.org/features/qualifiedTableNames=false, http://www.dbunit.org/properties/tableType=[Ljava.lang.String;@5011bafa, http://www.dbunit.org/properties/resultSetTableFactory=org.dbunit.database.CachedResultSetTableFactory@10bcf083, http://www.dbunit.org/features/datatypeWarning=true}]) - start
170967 [main] TRACE org.dbunit.database.DatabaseConfig  - getFeature(name=http://www.dbunit.org/features/qualifiedTableNames) - start
170967 [main] TRACE org.dbunit.database.DatabaseConfig  - getProperty(name=http://www.dbunit.org/features/qualifiedTableNames) - start
170967 [main] DEBUG org.dbunit.util.QualifiedTableName  - Qualified table names feature is disabled. Returning plain table name
170967 [main] DEBUG org.dbunit.util.QualifiedTableName  - getQualifiedName(prefix=null, name=NESTEDSCOPEDCONTENTCONDITIONS, escapePattern=null) - start
170967 [main] DEBUG org.dbunit.util.QualifiedTableName  - getQualifiedNameIfEnabled(config=org.dbunit.database.DatabaseConfig[, _propertyMap={http://www.dbunit.org/properties/statementFactory=org.dbunit.database.statement.PreparedStatementFactory@626bc2b8, http://www.dbunit.org/features/caseSensitiveTableNames=false, http://www.dbunit.org/properties/fetchSize=100, http://www.dbunit.org/features/batchedStatements=false, http://www.dbunit.org/properties/metadataHandler=org.dbunit.database.DefaultMetadataHandler@62baffef, http://www.dbunit.org/properties/datatypeFactory=org.dbunit.dataset.datatype.DefaultDataTypeFactory[_toleratedDeltaMap=org.dbunit.dataset.datatype.ToleratedDeltaMap@6452310a], http://www.dbunit.org/properties/escapePattern=null, http://www.dbunit.org/properties/batchSize=100, http://www.dbunit.org/features/qualifiedTableNames=false, http://www.dbunit.org/properties/tableType=[Ljava.lang.String;@5011bafa, http://www.dbunit.org/properties/resultSetTableFactory=org.dbunit.database.CachedResultSetTableFactory@10bcf083, http://www.dbunit.org/features/datatypeWarning=true}]) - start
170967 [main] TRACE org.dbunit.database.DatabaseConfig  - getFeature(name=http://www.dbunit.org/features/qualifiedTableNames) - start
170967 [main] TRACE org.dbunit.database.DatabaseConfig  - getProperty(name=http://www.dbunit.org/features/qualifiedTableNames) - start
170967 [main] DEBUG org.dbunit.util.QualifiedTableName  - Qualified table names feature is disabled. Returning plain table name
170967 [main] DEBUG org.dbunit.util.QualifiedTableName  - getQualifiedName(prefix=null, name=SCOPEDCONTENTCONDITION, escapePattern=null) - start
170967 [main] DEBUG org.dbunit.database.search.AbstractMetaDataBasedSearchCallback  - newEdge(rs=org.apache.commons.dbcp.DelegatingResultSet@1d597d0c, type=0, from=NESTEDSCOPEDCONTENTCONDITIONS, to=SCOPEDCONTENTCONDITION, fkColumn=CHILD_CONDITION_ID, pkColumn=ID) - start
170967 [main] DEBUG org.dbunit.database.search.AbstractMetaDataBasedSearchCallback  - createFKEdge(rs=org.apache.commons.dbcp.DelegatingResultSet@1d597d0c, type=0, from=NESTEDSCOPEDCONTENTCONDITIONS, to=SCOPEDCONTENTCONDITION, fkColumn=CHILD_CONDITION_ID, pkColumn=ID) - start
170967 [main] DEBUG org.dbunit.database.search.AbstractMetaDataBasedSearchCallback  - Adding edge NESTEDSCOPEDCONTENTCONDITIONS(CHILD_CONDITION_ID)->SCOPEDCONTENTCONDITION(ID)
170967 [main] DEBUG org.dbunit.util.search.Edge  - compareTo(o=NESTEDSCOPEDCONTENTCONDITIONS(CHILD_CONDITION_ID)->SCOPEDCONTENTCONDITION(ID)) - start
170967 [main] DEBUG org.dbunit.util.QualifiedTableName  - getQualifiedNameIfEnabled(config=org.dbunit.database.DatabaseConfig[, _propertyMap={http://www.dbunit.org/properties/statementFactory=org.dbunit.database.statement.PreparedStatementFactory@626bc2b8, http://www.dbunit.org/features/caseSensitiveTableNames=false, http://www.dbunit.org/properties/fetchSize=100, http://www.dbunit.org/features/batchedStatements=false, http://www.dbunit.org/properties/metadataHandler=org.dbunit.database.DefaultMetadataHandler@62baffef, http://www.dbunit.org/properties/datatypeFactory=org.dbunit.dataset.datatype.DefaultDataTypeFactory[_toleratedDeltaMap=org.dbunit.dataset.datatype.ToleratedDeltaMap@6452310a], http://www.dbunit.org/properties/escapePattern=null, http://www.dbunit.org/properties/batchSize=100, http://www.dbunit.org/features/qualifiedTableNames=false, http://www.dbunit.org/properties/tableType=[Ljava.lang.String;@5011bafa, http://www.dbunit.org/properties/resultSetTableFactory=org.dbunit.database.CachedResultSetTableFactory@10bcf083, http://www.dbunit.org/features/datatypeWarning=true}]) - start
170967 [main] TRACE org.dbunit.database.DatabaseConfig  - getFeature(name=http://www.dbunit.org/features/qualifiedTableNames) - start
170967 [main] TRACE org.dbunit.database.DatabaseConfig  - getProperty(name=http://www.dbunit.org/features/qualifiedTableNames) - start
170967 [main] DEBUG org.dbunit.util.QualifiedTableName  - Qualified table names feature is disabled. Returning plain table name
170967 [main] DEBUG org.dbunit.util.QualifiedTableName  - getQualifiedName(prefix=null, name=NESTEDSCOPEDCONTENTCONDITIONS, escapePattern=null) - start
170967 [main] DEBUG org.dbunit.util.QualifiedTableName  - getQualifiedNameIfEnabled(config=org.dbunit.database.DatabaseConfig[, _propertyMap={http://www.dbunit.org/properties/statementFactory=org.dbunit.database.statement.PreparedStatementFactory@626bc2b8, http://www.dbunit.org/features/caseSensitiveTableNames=false, http://www.dbunit.org/properties/fetchSize=100, http://www.dbunit.org/features/batchedStatements=false, http://www.dbunit.org/properties/metadataHandler=org.dbunit.database.DefaultMetadataHandler@62baffef, http://www.dbunit.org/properties/datatypeFactory=org.dbunit.dataset.datatype.DefaultDataTypeFactory[_toleratedDeltaMap=org.dbunit.dataset.datatype.ToleratedDeltaMap@6452310a], http://www.dbunit.org/properties/escapePattern=null, http://www.dbunit.org/properties/batchSize=100, http://www.dbunit.org/features/qualifiedTableNames=false, http://www.dbunit.org/properties/tableType=[Ljava.lang.String;@5011bafa, http://www.dbunit.org/properties/resultSetTableFactory=org.dbunit.database.CachedResultSetTableFactory@10bcf083, http://www.dbunit.org/features/datatypeWarning=true}]) - start
170967 [main] TRACE org.dbunit.database.DatabaseConfig  - getFeature(name=http://www.dbunit.org/features/qualifiedTableNames) - start
170967 [main] TRACE org.dbunit.database.DatabaseConfig  - getProperty(name=http://www.dbunit.org/features/qualifiedTableNames) - start
170967 [main] DEBUG org.dbunit.util.QualifiedTableName  - Qualified table names feature is disabled. Returning plain table name
170967 [main] DEBUG org.dbunit.util.QualifiedTableName  - getQualifiedName(prefix=null, name=SCOPEDCONTENTCONDITION, escapePattern=null) - start
170967 [main] DEBUG org.dbunit.database.search.AbstractMetaDataBasedSearchCallback  - newEdge(rs=org.apache.commons.dbcp.DelegatingResultSet@1d597d0c, type=0, from=NESTEDSCOPEDCONTENTCONDITIONS, to=SCOPEDCONTENTCONDITION, fkColumn=PARENT_CONDITION_ID, pkColumn=ID) - start
170967 [main] DEBUG org.dbunit.database.search.AbstractMetaDataBasedSearchCallback  - createFKEdge(rs=org.apache.commons.dbcp.DelegatingResultSet@1d597d0c, type=0, from=NESTEDSCOPEDCONTENTCONDITIONS, to=SCOPEDCONTENTCONDITION, fkColumn=PARENT_CONDITION_ID, pkColumn=ID) - start
170967 [main] DEBUG org.dbunit.database.search.AbstractMetaDataBasedSearchCallback  - Adding edge NESTEDSCOPEDCONTENTCONDITIONS(PARENT_CONDITION_ID)->SCOPEDCONTENTCONDITION(ID)
170967 [main] DEBUG org.dbunit.util.search.Edge  - compareTo(o=NESTEDSCOPEDCONTENTCONDITIONS(CHILD_CONDITION_ID)->SCOPEDCONTENTCONDITION(ID)) - start
170967 [main] DEBUG org.dbunit.util.SQLHelper  - close(resultSet=org.apache.commons.dbcp.DelegatingResultSet@1d597d0c) - start
170968 [main] DEBUG org.dbunit.util.search.DepthFirstSearch  - search:SCOPEDCONTENTCONDITION
170968 [main] DEBUG org.dbunit.database.search.ImportedKeysSearchCallback  - searchNode(node=SCOPEDCONTENTCONDITION) - start
170968 [main] DEBUG org.dbunit.util.search.DepthFirstSearch  - Pushing SCOPEDCONTENTCONDITION
170968 [main] DEBUG org.dbunit.database.search.ImportedKeysSearchCallback  - getEdges(node=SCOPEDCONTENTCONDITION) - start
170968 [main] DEBUG org.dbunit.database.search.AbstractMetaDataBasedSearchCallback  - getNodesFromImportedKeys(node=SCOPEDCONTENTCONDITION) - start
170968 [main] DEBUG org.dbunit.database.search.AbstractMetaDataBasedSearchCallback  - getNodes(type=0, node=SCOPEDCONTENTCONDITION) - start
170968 [main] DEBUG org.dbunit.database.DatabaseDataSourceConnection  - getConnection() - start
170968 [main] DEBUG org.dbunit.database.search.AbstractMetaDataBasedSearchCallback  - getNodes(type=0, node=SCOPEDCONTENTCONDITION, conn=Transaction-aware proxy for target Connection [jdbc:hsqldb:mem:kontrollDS, UserName=sw, HSQL Database Engine Driver], schema=null, metaData=org.apache.commons.dbcp.DelegatingDatabaseMetaData@5e20ade1, edges=[]) - start
170968 [main] DEBUG org.dbunit.database.search.AbstractMetaDataBasedSearchCallback  - Getting edges for node SCOPEDCONTENTCONDITION
170968 [main] TRACE org.dbunit.database.DatabaseConfig  - getProperty(name=http://www.dbunit.org/properties/metadataHandler) - start
170968 [main] TRACE org.dbunit.database.DefaultMetadataHandler  - tableExists(metaData=org.apache.commons.dbcp.DelegatingDatabaseMetaData@5e20ade1, schemaName=null, tableName=SCOPEDCONTENTCONDITION) - start
170969 [main] DEBUG org.dbunit.util.SQLHelper  - close(resultSet=org.apache.commons.dbcp.DelegatingResultSet@7aa04a87) - start
170969 [main] DEBUG org.dbunit.util.SQLHelper  - close(resultSet=org.apache.commons.dbcp.DelegatingResultSet@ec404dc) - start
170969 [main] DEBUG org.dbunit.util.search.DepthFirstSearch  - Adding node SCOPEDCONTENTCONDITION to the final result
170969 [main] DEBUG org.dbunit.util.search.DepthFirstSearch  - Adding node NESTEDSCOPEDCONTENTCONDITIONS to the final result
170969 [main] DEBUG org.dbunit.util.search.DepthFirstSearch  - reverseSearch:NESTEDSCOPEDCONTENTCONDITIONS
170969 [main] DEBUG org.dbunit.util.search.DepthFirstSearch  - already searched; returning true
170969 [main] DEBUG org.dbunit.util.search.DepthFirstSearch  - reverseSearch:SCOPEDCONTENTCONDITION
170969 [main] DEBUG org.dbunit.database.search.ImportedKeysSearchCallback  - searchNode(node=SCOPEDCONTENTCONDITION) - start
170970 [main] DEBUG org.dbunit.util.search.DepthFirstSearch  - Pushing (reverse) SCOPEDCONTENTCONDITION
170970 [main] DEBUG org.dbunit.database.search.ImportedKeysSearchCallback  - getEdges(node=SCOPEDCONTENTCONDITION) - start
170970 [main] DEBUG org.dbunit.database.search.AbstractMetaDataBasedSearchCallback  - getNodesFromImportedKeys(node=SCOPEDCONTENTCONDITION) - start
170970 [main] DEBUG org.dbunit.database.search.AbstractMetaDataBasedSearchCallback  - getNodes(type=0, node=SCOPEDCONTENTCONDITION) - start
170970 [main] DEBUG org.dbunit.database.DatabaseDataSourceConnection  - getConnection() - start
170970 [main] DEBUG org.dbunit.database.search.AbstractMetaDataBasedSearchCallback  - getNodes(type=0, node=SCOPEDCONTENTCONDITION, conn=Transaction-aware proxy for target Connection [jdbc:hsqldb:mem:kontrollDS, UserName=sw, HSQL Database Engine Driver], schema=null, metaData=org.apache.commons.dbcp.DelegatingDatabaseMetaData@671b0f16, edges=[]) - start
170970 [main] DEBUG org.dbunit.database.search.AbstractMetaDataBasedSearchCallback  - Getting edges for node SCOPEDCONTENTCONDITION
170970 [main] TRACE org.dbunit.database.DatabaseConfig  - getProperty(name=http://www.dbunit.org/properties/metadataHandler) - start
170970 [main] TRACE org.dbunit.database.DefaultMetadataHandler  - tableExists(metaData=org.apache.commons.dbcp.DelegatingDatabaseMetaData@671b0f16, schemaName=null, tableName=SCOPEDCONTENTCONDITION) - start
170971 [main] DEBUG org.dbunit.util.SQLHelper  - close(resultSet=org.apache.commons.dbcp.DelegatingResultSet@3bd82250) - start
170971 [main] DEBUG org.dbunit.util.SQLHelper  - close(resultSet=org.apache.commons.dbcp.DelegatingResultSet@4fd9a82) - start
170971 [main] DEBUG org.dbunit.util.search.DepthFirstSearch  - search:NESTEDSCOPEDCONTENTCONDITIONS
170971 [main] DEBUG org.dbunit.util.search.DepthFirstSearch  - already searched; returning true
170971 [main] DEBUG org.dbunit.util.search.DepthFirstSearch  - search:SCOPEDCONTENTCONDITION
170972 [main] DEBUG org.dbunit.util.search.DepthFirstSearch  - already searched; returning true
170972 [main] DEBUG org.dbunit.database.DatabaseSequenceFilter  - getDependencyInfo(connection=_databaseConfig=org.dbunit.database.DatabaseConfig[, _propertyMap={http://www.dbunit.org/properties/statementFactory=org.dbunit.database.statement.PreparedStatementFactory@626bc2b8, http://www.dbunit.org/features/caseSensitiveTableNames=false, http://www.dbunit.org/properties/fetchSize=100, http://www.dbunit.org/features/batchedStatements=false, http://www.dbunit.org/properties/metadataHandler=org.dbunit.database.DefaultMetadataHandler@62baffef, http://www.dbunit.org/properties/datatypeFactory=org.dbunit.dataset.datatype.DefaultDataTypeFactory[_toleratedDeltaMap=org.dbunit.dataset.datatype.ToleratedDeltaMap@6452310a], http://www.dbunit.org/properties/escapePattern=null, http://www.dbunit.org/properties/batchSize=100, http://www.dbunit.org/features/qualifiedTableNames=false, http://www.dbunit.org/properties/tableType=[Ljava.lang.String;@5011bafa, http://www.dbunit.org/properties/resultSetTableFactory=org.dbunit.database.CachedResultSetTableFactory@10bcf083, http://www.dbunit.org/features/datatypeWarning=true}], _dataSet=AbstractDataSet[_orderedTableNameMap=null], tableName=REQUESTCONTEXT) - start
170972 [main] DEBUG org.dbunit.database.search.TablesDependencyHelper  - getDependentTables(connection=_databaseConfig=org.dbunit.database.DatabaseConfig[, _propertyMap={http://www.dbunit.org/properties/statementFactory=org.dbunit.database.statement.PreparedStatementFactory@626bc2b8, http://www.dbunit.org/features/caseSensitiveTableNames=false, http://www.dbunit.org/properties/fetchSize=100, http://www.dbunit.org/features/batchedStatements=false, http://www.dbunit.org/properties/metadataHandler=org.dbunit.database.DefaultMetadataHandler@62baffef, http://www.dbunit.org/properties/datatypeFactory=org.dbunit.dataset.datatype.DefaultDataTypeFactory[_toleratedDeltaMap=org.dbunit.dataset.datatype.ToleratedDeltaMap@6452310a], http://www.dbunit.org/properties/escapePattern=null, http://www.dbunit.org/properties/batchSize=100, http://www.dbunit.org/features/qualifiedTableNames=false, http://www.dbunit.org/properties/tableType=[Ljava.lang.String;@5011bafa, http://www.dbunit.org/properties/resultSetTableFactory=org.dbunit.database.CachedResultSetTableFactory@10bcf083, http://www.dbunit.org/features/datatypeWarning=true}], _dataSet=AbstractDataSet[_orderedTableNameMap=null], rootTable=REQUESTCONTEXT) - start
170972 [main] DEBUG org.dbunit.database.search.TablesDependencyHelper  - getDependentTables(connection=_databaseConfig=org.dbunit.database.DatabaseConfig[, _propertyMap={http://www.dbunit.org/properties/statementFactory=org.dbunit.database.statement.PreparedStatementFactory@626bc2b8, http://www.dbunit.org/features/caseSensitiveTableNames=false, http://www.dbunit.org/properties/fetchSize=100, http://www.dbunit.org/features/batchedStatements=false, http://www.dbunit.org/properties/metadataHandler=org.dbunit.database.DefaultMetadataHandler@62baffef, http://www.dbunit.org/properties/datatypeFactory=org.dbunit.dataset.datatype.DefaultDataTypeFactory[_toleratedDeltaMap=org.dbunit.dataset.datatype.ToleratedDeltaMap@6452310a], http://www.dbunit.org/properties/escapePattern=null, http://www.dbunit.org/properties/batchSize=100, http://www.dbunit.org/features/qualifiedTableNames=false, http://www.dbunit.org/properties/tableType=[Ljava.lang.String;@5011bafa, http://www.dbunit.org/properties/resultSetTableFactory=org.dbunit.database.CachedResultSetTableFactory@10bcf083, http://www.dbunit.org/features/datatypeWarning=true}], _dataSet=AbstractDataSet[_orderedTableNameMap=null], rootTables=[REQUESTCONTEXT]) - start
170972 [main] DEBUG org.dbunit.util.search.DepthFirstSearch  - search(nodesFrom=[REQUESTCONTEXT], callback=org.dbunit.database.search.ImportedKeysSearchCallback@7113f5fc) - start
170972 [main] DEBUG org.dbunit.util.CollectionsHelper  - objectsToSet(objects=REQUESTCONTEXT) - start
170972 [main] DEBUG org.dbunit.util.search.DepthFirstSearch  - search(nodesFrom=[REQUESTCONTEXT], callback=org.dbunit.database.search.ImportedKeysSearchCallback@7113f5fc) - start
170972 [main] DEBUG org.dbunit.util.search.DepthFirstSearch  - reverseSearch:REQUESTCONTEXT
170972 [main] DEBUG org.dbunit.database.search.ImportedKeysSearchCallback  - searchNode(node=REQUESTCONTEXT) - start
170972 [main] DEBUG org.dbunit.util.search.DepthFirstSearch  - Pushing (reverse) REQUESTCONTEXT
170972 [main] DEBUG org.dbunit.database.search.ImportedKeysSearchCallback  - getEdges(node=REQUESTCONTEXT) - start
170972 [main] DEBUG org.dbunit.database.search.AbstractMetaDataBasedSearchCallback  - getNodesFromImportedKeys(node=REQUESTCONTEXT) - start
170972 [main] DEBUG org.dbunit.database.search.AbstractMetaDataBasedSearchCallback  - getNodes(type=0, node=REQUESTCONTEXT) - start
170972 [main] DEBUG org.dbunit.database.DatabaseDataSourceConnection  - getConnection() - start
170972 [main] DEBUG org.dbunit.database.search.AbstractMetaDataBasedSearchCallback  - getNodes(type=0, node=REQUESTCONTEXT, conn=Transaction-aware proxy for target Connection [jdbc:hsqldb:mem:kontrollDS, UserName=sw, HSQL Database Engine Driver], schema=null, metaData=org.apache.commons.dbcp.DelegatingDatabaseMetaData@557aad63, edges=[]) - start
170972 [main] DEBUG org.dbunit.database.search.AbstractMetaDataBasedSearchCallback  - Getting edges for node REQUESTCONTEXT
170972 [main] TRACE org.dbunit.database.DatabaseConfig  - getProperty(name=http://www.dbunit.org/properties/metadataHandler) - start
170972 [main] TRACE org.dbunit.database.DefaultMetadataHandler  - tableExists(metaData=org.apache.commons.dbcp.DelegatingDatabaseMetaData@557aad63, schemaName=null, tableName=REQUESTCONTEXT) - start
170973 [main] DEBUG org.dbunit.util.SQLHelper  - close(resultSet=org.apache.commons.dbcp.DelegatingResultSet@6fc60e55) - start
170974 [main] DEBUG org.dbunit.util.SQLHelper  - close(resultSet=org.apache.commons.dbcp.DelegatingResultSet@72749467) - start
170974 [main] DEBUG org.dbunit.util.search.DepthFirstSearch  - search:REQUESTCONTEXT
170974 [main] DEBUG org.dbunit.database.search.ImportedKeysSearchCallback  - searchNode(node=REQUESTCONTEXT) - start
170974 [main] DEBUG org.dbunit.util.search.DepthFirstSearch  - Pushing REQUESTCONTEXT
170974 [main] DEBUG org.dbunit.database.search.ImportedKeysSearchCallback  - getEdges(node=REQUESTCONTEXT) - start
170974 [main] DEBUG org.dbunit.database.search.AbstractMetaDataBasedSearchCallback  - getNodesFromImportedKeys(node=REQUESTCONTEXT) - start
170974 [main] DEBUG org.dbunit.database.search.AbstractMetaDataBasedSearchCallback  - getNodes(type=0, node=REQUESTCONTEXT) - start
170974 [main] DEBUG org.dbunit.database.DatabaseDataSourceConnection  - getConnection() - start
170974 [main] DEBUG org.dbunit.database.search.AbstractMetaDataBasedSearchCallback  - getNodes(type=0, node=REQUESTCONTEXT, conn=Transaction-aware proxy for target Connection [jdbc:hsqldb:mem:kontrollDS, UserName=sw, HSQL Database Engine Driver], schema=null, metaData=org.apache.commons.dbcp.DelegatingDatabaseMetaData@43bb30e5, edges=[]) - start
170974 [main] DEBUG org.dbunit.database.search.AbstractMetaDataBasedSearchCallback  - Getting edges for node REQUESTCONTEXT
170974 [main] TRACE org.dbunit.database.DatabaseConfig  - getProperty(name=http://www.dbunit.org/properties/metadataHandler) - start
170974 [main] TRACE org.dbunit.database.DefaultMetadataHandler  - tableExists(metaData=org.apache.commons.dbcp.DelegatingDatabaseMetaData@43bb30e5, schemaName=null, tableName=REQUESTCONTEXT) - start
170975 [main] DEBUG org.dbunit.util.SQLHelper  - close(resultSet=org.apache.commons.dbcp.DelegatingResultSet@64a3abd7) - start
170975 [main] DEBUG org.dbunit.util.SQLHelper  - close(resultSet=org.apache.commons.dbcp.DelegatingResultSet@75fa60dc) - start
170975 [main] DEBUG org.dbunit.util.search.DepthFirstSearch  - Adding node REQUESTCONTEXT to the final result
170975 [main] DEBUG org.dbunit.util.CollectionsHelper  - setToStrings(set=[REQUESTCONTEXT]) - start
170975 [main] DEBUG org.dbunit.database.search.TablesDependencyHelper  - getDependsOnTables(connection=_databaseConfig=org.dbunit.database.DatabaseConfig[, _propertyMap={http://www.dbunit.org/properties/statementFactory=org.dbunit.database.statement.PreparedStatementFactory@626bc2b8, http://www.dbunit.org/features/caseSensitiveTableNames=false, http://www.dbunit.org/properties/fetchSize=100, http://www.dbunit.org/features/batchedStatements=false, http://www.dbunit.org/properties/metadataHandler=org.dbunit.database.DefaultMetadataHandler@62baffef, http://www.dbunit.org/properties/datatypeFactory=org.dbunit.dataset.datatype.DefaultDataTypeFactory[_toleratedDeltaMap=org.dbunit.dataset.datatype.ToleratedDeltaMap@6452310a], http://www.dbunit.org/properties/escapePattern=null, http://www.dbunit.org/properties/batchSize=100, http://www.dbunit.org/features/qualifiedTableNames=false, http://www.dbunit.org/properties/tableType=[Ljava.lang.String;@5011bafa, http://www.dbunit.org/properties/resultSetTableFactory=org.dbunit.database.CachedResultSetTableFactory@10bcf083, http://www.dbunit.org/features/datatypeWarning=true}], _dataSet=AbstractDataSet[_orderedTableNameMap=null], rootTable=REQUESTCONTEXT) - start
170975 [main] DEBUG org.dbunit.util.search.DepthFirstSearch  - search(nodesFrom=[REQUESTCONTEXT], callback=org.dbunit.database.search.ExportedKeysSearchCallback@1213c825) - start
170977 [main] DEBUG org.dbunit.util.CollectionsHelper  - objectsToSet(objects=REQUESTCONTEXT) - start
170977 [main] DEBUG org.dbunit.util.search.DepthFirstSearch  - search(nodesFrom=[REQUESTCONTEXT], callback=org.dbunit.database.search.ExportedKeysSearchCallback@1213c825) - start
170977 [main] DEBUG org.dbunit.util.search.DepthFirstSearch  - reverseSearch:REQUESTCONTEXT
170977 [main] DEBUG org.dbunit.database.search.ExportedKeysSearchCallback  - searchNode(node=REQUESTCONTEXT) - start
170977 [main] DEBUG org.dbunit.util.search.DepthFirstSearch  - Pushing (reverse) REQUESTCONTEXT
170977 [main] DEBUG org.dbunit.database.search.ExportedKeysSearchCallback  - getEdges(node=REQUESTCONTEXT) - start
170977 [main] DEBUG org.dbunit.database.search.AbstractMetaDataBasedSearchCallback  - getNodesFromExportedKeys(node=REQUESTCONTEXT) - start
170977 [main] DEBUG org.dbunit.database.search.AbstractMetaDataBasedSearchCallback  - getNodes(type=1, node=REQUESTCONTEXT) - start
170977 [main] DEBUG org.dbunit.database.DatabaseDataSourceConnection  - getConnection() - start
170977 [main] DEBUG org.dbunit.database.search.AbstractMetaDataBasedSearchCallback  - getNodes(type=1, node=REQUESTCONTEXT, conn=Transaction-aware proxy for target Connection [jdbc:hsqldb:mem:kontrollDS, UserName=sw, HSQL Database Engine Driver], schema=null, metaData=org.apache.commons.dbcp.DelegatingDatabaseMetaData@50b8fe68, edges=[]) - start
170978 [main] DEBUG org.dbunit.database.search.AbstractMetaDataBasedSearchCallback  - Getting edges for node REQUESTCONTEXT
170978 [main] TRACE org.dbunit.database.DatabaseConfig  - getProperty(name=http://www.dbunit.org/properties/metadataHandler) - start
170978 [main] TRACE org.dbunit.database.DefaultMetadataHandler  - tableExists(metaData=org.apache.commons.dbcp.DelegatingDatabaseMetaData@50b8fe68, schemaName=null, tableName=REQUESTCONTEXT) - start
170979 [main] DEBUG org.dbunit.util.SQLHelper  - close(resultSet=org.apache.commons.dbcp.DelegatingResultSet@1d594a2a) - start
170979 [main] DEBUG org.dbunit.util.QualifiedTableName  - getQualifiedNameIfEnabled(config=org.dbunit.database.DatabaseConfig[, _propertyMap={http://www.dbunit.org/properties/statementFactory=org.dbunit.database.statement.PreparedStatementFactory@626bc2b8, http://www.dbunit.org/features/caseSensitiveTableNames=false, http://www.dbunit.org/properties/fetchSize=100, http://www.dbunit.org/features/batchedStatements=false, http://www.dbunit.org/properties/metadataHandler=org.dbunit.database.DefaultMetadataHandler@62baffef, http://www.dbunit.org/properties/datatypeFactory=org.dbunit.dataset.datatype.DefaultDataTypeFactory[_toleratedDeltaMap=org.dbunit.dataset.datatype.ToleratedDeltaMap@6452310a], http://www.dbunit.org/properties/escapePattern=null, http://www.dbunit.org/properties/batchSize=100, http://www.dbunit.org/features/qualifiedTableNames=false, http://www.dbunit.org/properties/tableType=[Ljava.lang.String;@5011bafa, http://www.dbunit.org/properties/resultSetTableFactory=org.dbunit.database.CachedResultSetTableFactory@10bcf083, http://www.dbunit.org/features/datatypeWarning=true}]) - start
170979 [main] TRACE org.dbunit.database.DatabaseConfig  - getFeature(name=http://www.dbunit.org/features/qualifiedTableNames) - start
170979 [main] TRACE org.dbunit.database.DatabaseConfig  - getProperty(name=http://www.dbunit.org/features/qualifiedTableNames) - start
170979 [main] DEBUG org.dbunit.util.QualifiedTableName  - Qualified table names feature is disabled. Returning plain table name
170979 [main] DEBUG org.dbunit.util.QualifiedTableName  - getQualifiedName(prefix=null, name=REQUESTCONTEXT, escapePattern=null) - start
170979 [main] DEBUG org.dbunit.util.QualifiedTableName  - getQualifiedNameIfEnabled(config=org.dbunit.database.DatabaseConfig[, _propertyMap={http://www.dbunit.org/properties/statementFactory=org.dbunit.database.statement.PreparedStatementFactory@626bc2b8, http://www.dbunit.org/features/caseSensitiveTableNames=false, http://www.dbunit.org/properties/fetchSize=100, http://www.dbunit.org/features/batchedStatements=false, http://www.dbunit.org/properties/metadataHandler=org.dbunit.database.DefaultMetadataHandler@62baffef, http://www.dbunit.org/properties/datatypeFactory=org.dbunit.dataset.datatype.DefaultDataTypeFactory[_toleratedDeltaMap=org.dbunit.dataset.datatype.ToleratedDeltaMap@6452310a], http://www.dbunit.org/properties/escapePattern=null, http://www.dbunit.org/properties/batchSize=100, http://www.dbunit.org/features/qualifiedTableNames=false, http://www.dbunit.org/properties/tableType=[Ljava.lang.String;@5011bafa, http://www.dbunit.org/properties/resultSetTableFactory=org.dbunit.database.CachedResultSetTableFactory@10bcf083, http://www.dbunit.org/features/datatypeWarning=true}]) - start
170979 [main] TRACE org.dbunit.database.DatabaseConfig  - getFeature(name=http://www.dbunit.org/features/qualifiedTableNames) - start
170979 [main] TRACE org.dbunit.database.DatabaseConfig  - getProperty(name=http://www.dbunit.org/features/qualifiedTableNames) - start
170979 [main] DEBUG org.dbunit.util.QualifiedTableName  - Qualified table names feature is disabled. Returning plain table name
170979 [main] DEBUG org.dbunit.util.QualifiedTableName  - getQualifiedName(prefix=null, name=SCOPE_REQUESTCONTEXT, escapePattern=null) - start
170979 [main] DEBUG org.dbunit.database.search.AbstractMetaDataBasedSearchCallback  - newEdge(rs=org.apache.commons.dbcp.DelegatingResultSet@7ed49d9a, type=1, from=REQUESTCONTEXT, to=SCOPE_REQUESTCONTEXT, fkColumn=REQUEST_CONTEXT_ID, pkColumn=ID) - start
170979 [main] DEBUG org.dbunit.database.search.AbstractMetaDataBasedSearchCallback  - createFKEdge(rs=org.apache.commons.dbcp.DelegatingResultSet@7ed49d9a, type=1, from=REQUESTCONTEXT, to=SCOPE_REQUESTCONTEXT, fkColumn=REQUEST_CONTEXT_ID, pkColumn=ID) - start
170979 [main] DEBUG org.dbunit.database.search.AbstractMetaDataBasedSearchCallback  - Adding edge SCOPE_REQUESTCONTEXT(REQUEST_CONTEXT_ID)->REQUESTCONTEXT(ID)
170979 [main] DEBUG org.dbunit.util.search.Edge  - compareTo(o=SCOPE_REQUESTCONTEXT(REQUEST_CONTEXT_ID)->REQUESTCONTEXT(ID)) - start
170979 [main] DEBUG org.dbunit.util.SQLHelper  - close(resultSet=org.apache.commons.dbcp.DelegatingResultSet@7ed49d9a) - start
170979 [main] DEBUG org.dbunit.util.search.DepthFirstSearch  - reverseSearch:SCOPE_REQUESTCONTEXT
170980 [main] DEBUG org.dbunit.database.search.ExportedKeysSearchCallback  - searchNode(node=SCOPE_REQUESTCONTEXT) - start
170980 [main] DEBUG org.dbunit.util.search.DepthFirstSearch  - Pushing (reverse) SCOPE_REQUESTCONTEXT
170980 [main] DEBUG org.dbunit.database.search.ExportedKeysSearchCallback  - getEdges(node=SCOPE_REQUESTCONTEXT) - start
170980 [main] DEBUG org.dbunit.database.search.AbstractMetaDataBasedSearchCallback  - getNodesFromExportedKeys(node=SCOPE_REQUESTCONTEXT) - start
170980 [main] DEBUG org.dbunit.database.search.AbstractMetaDataBasedSearchCallback  - getNodes(type=1, node=SCOPE_REQUESTCONTEXT) - start
170980 [main] DEBUG org.dbunit.database.DatabaseDataSourceConnection  - getConnection() - start
170980 [main] DEBUG org.dbunit.database.search.AbstractMetaDataBasedSearchCallback  - getNodes(type=1, node=SCOPE_REQUESTCONTEXT, conn=Transaction-aware proxy for target Connection [jdbc:hsqldb:mem:kontrollDS, UserName=sw, HSQL Database Engine Driver], schema=null, metaData=org.apache.commons.dbcp.DelegatingDatabaseMetaData@38b72a83, edges=[]) - start
170980 [main] DEBUG org.dbunit.database.search.AbstractMetaDataBasedSearchCallback  - Getting edges for node SCOPE_REQUESTCONTEXT
170980 [main] TRACE org.dbunit.database.DatabaseConfig  - getProperty(name=http://www.dbunit.org/properties/metadataHandler) - start
170980 [main] TRACE org.dbunit.database.DefaultMetadataHandler  - tableExists(metaData=org.apache.commons.dbcp.DelegatingDatabaseMetaData@38b72a83, schemaName=null, tableName=SCOPE_REQUESTCONTEXT) - start
170981 [main] DEBUG org.dbunit.util.SQLHelper  - close(resultSet=org.apache.commons.dbcp.DelegatingResultSet@250884fc) - start
170981 [main] DEBUG org.dbunit.util.SQLHelper  - close(resultSet=org.apache.commons.dbcp.DelegatingResultSet@3aad5527) - start
170981 [main] DEBUG org.dbunit.util.search.DepthFirstSearch  - search:SCOPE_REQUESTCONTEXT
170981 [main] DEBUG org.dbunit.database.search.ExportedKeysSearchCallback  - searchNode(node=SCOPE_REQUESTCONTEXT) - start
170981 [main] DEBUG org.dbunit.util.search.DepthFirstSearch  - Pushing SCOPE_REQUESTCONTEXT
170981 [main] DEBUG org.dbunit.database.search.ExportedKeysSearchCallback  - getEdges(node=SCOPE_REQUESTCONTEXT) - start
170981 [main] DEBUG org.dbunit.database.search.AbstractMetaDataBasedSearchCallback  - getNodesFromExportedKeys(node=SCOPE_REQUESTCONTEXT) - start
170981 [main] DEBUG org.dbunit.database.search.AbstractMetaDataBasedSearchCallback  - getNodes(type=1, node=SCOPE_REQUESTCONTEXT) - start
170981 [main] DEBUG org.dbunit.database.DatabaseDataSourceConnection  - getConnection() - start
170981 [main] DEBUG org.dbunit.database.search.AbstractMetaDataBasedSearchCallback  - getNodes(type=1, node=SCOPE_REQUESTCONTEXT, conn=Transaction-aware proxy for target Connection [jdbc:hsqldb:mem:kontrollDS, UserName=sw, HSQL Database Engine Driver], schema=null, metaData=org.apache.commons.dbcp.DelegatingDatabaseMetaData@49b19189, edges=[]) - start
170982 [main] DEBUG org.dbunit.database.search.AbstractMetaDataBasedSearchCallback  - Getting edges for node SCOPE_REQUESTCONTEXT
170982 [main] TRACE org.dbunit.database.DatabaseConfig  - getProperty(name=http://www.dbunit.org/properties/metadataHandler) - start
170982 [main] TRACE org.dbunit.database.DefaultMetadataHandler  - tableExists(metaData=org.apache.commons.dbcp.DelegatingDatabaseMetaData@49b19189, schemaName=null, tableName=SCOPE_REQUESTCONTEXT) - start
170983 [main] DEBUG org.dbunit.util.SQLHelper  - close(resultSet=org.apache.commons.dbcp.DelegatingResultSet@5d5a94f8) - start
170983 [main] DEBUG org.dbunit.util.SQLHelper  - close(resultSet=org.apache.commons.dbcp.DelegatingResultSet@7b9dfe84) - start
170983 [main] DEBUG org.dbunit.util.search.DepthFirstSearch  - Adding node SCOPE_REQUESTCONTEXT to the final result
170983 [main] DEBUG org.dbunit.util.search.DepthFirstSearch  - search:REQUESTCONTEXT
170983 [main] DEBUG org.dbunit.database.search.ExportedKeysSearchCallback  - searchNode(node=REQUESTCONTEXT) - start
170983 [main] DEBUG org.dbunit.util.search.DepthFirstSearch  - Pushing REQUESTCONTEXT
170983 [main] DEBUG org.dbunit.database.search.ExportedKeysSearchCallback  - getEdges(node=REQUESTCONTEXT) - start
170983 [main] DEBUG org.dbunit.database.search.AbstractMetaDataBasedSearchCallback  - getNodesFromExportedKeys(node=REQUESTCONTEXT) - start
170983 [main] DEBUG org.dbunit.database.search.AbstractMetaDataBasedSearchCallback  - getNodes(type=1, node=REQUESTCONTEXT) - start
170983 [main] DEBUG org.dbunit.database.DatabaseDataSourceConnection  - getConnection() - start
170983 [main] DEBUG org.dbunit.database.search.AbstractMetaDataBasedSearchCallback  - getNodes(type=1, node=REQUESTCONTEXT, conn=Transaction-aware proxy for target Connection [jdbc:hsqldb:mem:kontrollDS, UserName=sw, HSQL Database Engine Driver], schema=null, metaData=org.apache.commons.dbcp.DelegatingDatabaseMetaData@41b0cb83, edges=[]) - start
170983 [main] DEBUG org.dbunit.database.search.AbstractMetaDataBasedSearchCallback  - Getting edges for node REQUESTCONTEXT
170983 [main] TRACE org.dbunit.database.DatabaseConfig  - getProperty(name=http://www.dbunit.org/properties/metadataHandler) - start
170983 [main] TRACE org.dbunit.database.DefaultMetadataHandler  - tableExists(metaData=org.apache.commons.dbcp.DelegatingDatabaseMetaData@41b0cb83, schemaName=null, tableName=REQUESTCONTEXT) - start
170984 [main] DEBUG org.dbunit.util.SQLHelper  - close(resultSet=org.apache.commons.dbcp.DelegatingResultSet@3db14f97) - start
170985 [main] DEBUG org.dbunit.util.QualifiedTableName  - getQualifiedNameIfEnabled(config=org.dbunit.database.DatabaseConfig[, _propertyMap={http://www.dbunit.org/properties/statementFactory=org.dbunit.database.statement.PreparedStatementFactory@626bc2b8, http://www.dbunit.org/features/caseSensitiveTableNames=false, http://www.dbunit.org/properties/fetchSize=100, http://www.dbunit.org/features/batchedStatements=false, http://www.dbunit.org/properties/metadataHandler=org.dbunit.database.DefaultMetadataHandler@62baffef, http://www.dbunit.org/properties/datatypeFactory=org.dbunit.dataset.datatype.DefaultDataTypeFactory[_toleratedDeltaMap=org.dbunit.dataset.datatype.ToleratedDeltaMap@6452310a], http://www.dbunit.org/properties/escapePattern=null, http://www.dbunit.org/properties/batchSize=100, http://www.dbunit.org/features/qualifiedTableNames=false, http://www.dbunit.org/properties/tableType=[Ljava.lang.String;@5011bafa, http://www.dbunit.org/properties/resultSetTableFactory=org.dbunit.database.CachedResultSetTableFactory@10bcf083, http://www.dbunit.org/features/datatypeWarning=true}]) - start
170985 [main] TRACE org.dbunit.database.DatabaseConfig  - getFeature(name=http://www.dbunit.org/features/qualifiedTableNames) - start
170985 [main] TRACE org.dbunit.database.DatabaseConfig  - getProperty(name=http://www.dbunit.org/features/qualifiedTableNames) - start
170985 [main] DEBUG org.dbunit.util.QualifiedTableName  - Qualified table names feature is disabled. Returning plain table name
170985 [main] DEBUG org.dbunit.util.QualifiedTableName  - getQualifiedName(prefix=null, name=REQUESTCONTEXT, escapePattern=null) - start
170985 [main] DEBUG org.dbunit.util.QualifiedTableName  - getQualifiedNameIfEnabled(config=org.dbunit.database.DatabaseConfig[, _propertyMap={http://www.dbunit.org/properties/statementFactory=org.dbunit.database.statement.PreparedStatementFactory@626bc2b8, http://www.dbunit.org/features/caseSensitiveTableNames=false, http://www.dbunit.org/properties/fetchSize=100, http://www.dbunit.org/features/batchedStatements=false, http://www.dbunit.org/properties/metadataHandler=org.dbunit.database.DefaultMetadataHandler@62baffef, http://www.dbunit.org/properties/datatypeFactory=org.dbunit.dataset.datatype.DefaultDataTypeFactory[_toleratedDeltaMap=org.dbunit.dataset.datatype.ToleratedDeltaMap@6452310a], http://www.dbunit.org/properties/escapePattern=null, http://www.dbunit.org/properties/batchSize=100, http://www.dbunit.org/features/qualifiedTableNames=false, http://www.dbunit.org/properties/tableType=[Ljava.lang.String;@5011bafa, http://www.dbunit.org/properties/resultSetTableFactory=org.dbunit.database.CachedResultSetTableFactory@10bcf083, http://www.dbunit.org/features/datatypeWarning=true}]) - start
170985 [main] TRACE org.dbunit.database.DatabaseConfig  - getFeature(name=http://www.dbunit.org/features/qualifiedTableNames) - start
170985 [main] TRACE org.dbunit.database.DatabaseConfig  - getProperty(name=http://www.dbunit.org/features/qualifiedTableNames) - start
170985 [main] DEBUG org.dbunit.util.QualifiedTableName  - Qualified table names feature is disabled. Returning plain table name
170985 [main] DEBUG org.dbunit.util.QualifiedTableName  - getQualifiedName(prefix=null, name=SCOPE_REQUESTCONTEXT, escapePattern=null) - start
170985 [main] DEBUG org.dbunit.database.search.AbstractMetaDataBasedSearchCallback  - newEdge(rs=org.apache.commons.dbcp.DelegatingResultSet@404b8df3, type=1, from=REQUESTCONTEXT, to=SCOPE_REQUESTCONTEXT, fkColumn=REQUEST_CONTEXT_ID, pkColumn=ID) - start
170985 [main] DEBUG org.dbunit.database.search.AbstractMetaDataBasedSearchCallback  - createFKEdge(rs=org.apache.commons.dbcp.DelegatingResultSet@404b8df3, type=1, from=REQUESTCONTEXT, to=SCOPE_REQUESTCONTEXT, fkColumn=REQUEST_CONTEXT_ID, pkColumn=ID) - start
170985 [main] DEBUG org.dbunit.database.search.AbstractMetaDataBasedSearchCallback  - Adding edge SCOPE_REQUESTCONTEXT(REQUEST_CONTEXT_ID)->REQUESTCONTEXT(ID)
170985 [main] DEBUG org.dbunit.util.search.Edge  - compareTo(o=SCOPE_REQUESTCONTEXT(REQUEST_CONTEXT_ID)->REQUESTCONTEXT(ID)) - start
170985 [main] DEBUG org.dbunit.util.SQLHelper  - close(resultSet=org.apache.commons.dbcp.DelegatingResultSet@404b8df3) - start
170985 [main] DEBUG org.dbunit.util.search.DepthFirstSearch  - search:REQUESTCONTEXT
170985 [main] DEBUG org.dbunit.util.search.DepthFirstSearch  - already searched; returning true
170985 [main] DEBUG org.dbunit.util.search.DepthFirstSearch  - Adding node REQUESTCONTEXT to the final result
170985 [main] DEBUG org.dbunit.util.CollectionsHelper  - setToStrings(set=[SCOPE_REQUESTCONTEXT, REQUESTCONTEXT]) - start
170985 [main] DEBUG org.dbunit.database.search.TablesDependencyHelper  - getDirectDependsOnTables(connection=_databaseConfig=org.dbunit.database.DatabaseConfig[, _propertyMap={http://www.dbunit.org/properties/statementFactory=org.dbunit.database.statement.PreparedStatementFactory@626bc2b8, http://www.dbunit.org/features/caseSensitiveTableNames=false, http://www.dbunit.org/properties/fetchSize=100, http://www.dbunit.org/features/batchedStatements=false, http://www.dbunit.org/properties/metadataHandler=org.dbunit.database.DefaultMetadataHandler@62baffef, http://www.dbunit.org/properties/datatypeFactory=org.dbunit.dataset.datatype.DefaultDataTypeFactory[_toleratedDeltaMap=org.dbunit.dataset.datatype.ToleratedDeltaMap@6452310a], http://www.dbunit.org/properties/escapePattern=null, http://www.dbunit.org/properties/batchSize=100, http://www.dbunit.org/features/qualifiedTableNames=false, http://www.dbunit.org/properties/tableType=[Ljava.lang.String;@5011bafa, http://www.dbunit.org/properties/resultSetTableFactory=org.dbunit.database.CachedResultSetTableFactory@10bcf083, http://www.dbunit.org/features/datatypeWarning=true}], _dataSet=AbstractDataSet[_orderedTableNameMap=null], tableName=REQUESTCONTEXT) - start
170985 [main] DEBUG org.dbunit.util.search.DepthFirstSearch  - search(nodesFrom=[REQUESTCONTEXT], callback=org.dbunit.database.search.ExportedKeysSearchCallback@6e0bd6e) - start
170986 [main] DEBUG org.dbunit.util.CollectionsHelper  - objectsToSet(objects=REQUESTCONTEXT) - start
170986 [main] DEBUG org.dbunit.util.search.DepthFirstSearch  - search(nodesFrom=[REQUESTCONTEXT], callback=org.dbunit.database.search.ExportedKeysSearchCallback@6e0bd6e) - start
170986 [main] DEBUG org.dbunit.util.search.DepthFirstSearch  - reverseSearch:REQUESTCONTEXT
170986 [main] DEBUG org.dbunit.database.search.ExportedKeysSearchCallback  - searchNode(node=REQUESTCONTEXT) - start
170986 [main] DEBUG org.dbunit.util.search.DepthFirstSearch  - Pushing (reverse) REQUESTCONTEXT
170986 [main] DEBUG org.dbunit.database.search.ExportedKeysSearchCallback  - getEdges(node=REQUESTCONTEXT) - start
170986 [main] DEBUG org.dbunit.database.search.AbstractMetaDataBasedSearchCallback  - getNodesFromExportedKeys(node=REQUESTCONTEXT) - start
170986 [main] DEBUG org.dbunit.database.search.AbstractMetaDataBasedSearchCallback  - getNodes(type=1, node=REQUESTCONTEXT) - start
170986 [main] DEBUG org.dbunit.database.DatabaseDataSourceConnection  - getConnection() - start
170986 [main] DEBUG org.dbunit.database.search.AbstractMetaDataBasedSearchCallback  - getNodes(type=1, node=REQUESTCONTEXT, conn=Transaction-aware proxy for target Connection [jdbc:hsqldb:mem:kontrollDS, UserName=sw, HSQL Database Engine Driver], schema=null, metaData=org.apache.commons.dbcp.DelegatingDatabaseMetaData@cb48449, edges=[]) - start
170986 [main] DEBUG org.dbunit.database.search.AbstractMetaDataBasedSearchCallback  - Getting edges for node REQUESTCONTEXT
170986 [main] TRACE org.dbunit.database.DatabaseConfig  - getProperty(name=http://www.dbunit.org/properties/metadataHandler) - start
170986 [main] TRACE org.dbunit.database.DefaultMetadataHandler  - tableExists(metaData=org.apache.commons.dbcp.DelegatingDatabaseMetaData@cb48449, schemaName=null, tableName=REQUESTCONTEXT) - start
170987 [main] DEBUG org.dbunit.util.SQLHelper  - close(resultSet=org.apache.commons.dbcp.DelegatingResultSet@29ae6e9) - start
170988 [main] DEBUG org.dbunit.util.QualifiedTableName  - getQualifiedNameIfEnabled(config=org.dbunit.database.DatabaseConfig[, _propertyMap={http://www.dbunit.org/properties/statementFactory=org.dbunit.database.statement.PreparedStatementFactory@626bc2b8, http://www.dbunit.org/features/caseSensitiveTableNames=false, http://www.dbunit.org/properties/fetchSize=100, http://www.dbunit.org/features/batchedStatements=false, http://www.dbunit.org/properties/metadataHandler=org.dbunit.database.DefaultMetadataHandler@62baffef, http://www.dbunit.org/properties/datatypeFactory=org.dbunit.dataset.datatype.DefaultDataTypeFactory[_toleratedDeltaMap=org.dbunit.dataset.datatype.ToleratedDeltaMap@6452310a], http://www.dbunit.org/properties/escapePattern=null, http://www.dbunit.org/properties/batchSize=100, http://www.dbunit.org/features/qualifiedTableNames=false, http://www.dbunit.org/properties/tableType=[Ljava.lang.String;@5011bafa, http://www.dbunit.org/properties/resultSetTableFactory=org.dbunit.database.CachedResultSetTableFactory@10bcf083, http://www.dbunit.org/features/datatypeWarning=true}]) - start
170988 [main] TRACE org.dbunit.database.DatabaseConfig  - getFeature(name=http://www.dbunit.org/features/qualifiedTableNames) - start
170988 [main] TRACE org.dbunit.database.DatabaseConfig  - getProperty(name=http://www.dbunit.org/features/qualifiedTableNames) - start
170988 [main] DEBUG org.dbunit.util.QualifiedTableName  - Qualified table names feature is disabled. Returning plain table name
170988 [main] DEBUG org.dbunit.util.QualifiedTableName  - getQualifiedName(prefix=null, name=REQUESTCONTEXT, escapePattern=null) - start
170988 [main] DEBUG org.dbunit.util.QualifiedTableName  - getQualifiedNameIfEnabled(config=org.dbunit.database.DatabaseConfig[, _propertyMap={http://www.dbunit.org/properties/statementFactory=org.dbunit.database.statement.PreparedStatementFactory@626bc2b8, http://www.dbunit.org/features/caseSensitiveTableNames=false, http://www.dbunit.org/properties/fetchSize=100, http://www.dbunit.org/features/batchedStatements=false, http://www.dbunit.org/properties/metadataHandler=org.dbunit.database.DefaultMetadataHandler@62baffef, http://www.dbunit.org/properties/datatypeFactory=org.dbunit.dataset.datatype.DefaultDataTypeFactory[_toleratedDeltaMap=org.dbunit.dataset.datatype.ToleratedDeltaMap@6452310a], http://www.dbunit.org/properties/escapePattern=null, http://www.dbunit.org/properties/batchSize=100, http://www.dbunit.org/features/qualifiedTableNames=false, http://www.dbunit.org/properties/tableType=[Ljava.lang.String;@5011bafa, http://www.dbunit.org/properties/resultSetTableFactory=org.dbunit.database.CachedResultSetTableFactory@10bcf083, http://www.dbunit.org/features/datatypeWarning=true}]) - start
170988 [main] TRACE org.dbunit.database.DatabaseConfig  - getFeature(name=http://www.dbunit.org/features/qualifiedTableNames) - start
170988 [main] TRACE org.dbunit.database.DatabaseConfig  - getProperty(name=http://www.dbunit.org/features/qualifiedTableNames) - start
170988 [main] DEBUG org.dbunit.util.QualifiedTableName  - Qualified table names feature is disabled. Returning plain table name
170988 [main] DEBUG org.dbunit.util.QualifiedTableName  - getQualifiedName(prefix=null, name=SCOPE_REQUESTCONTEXT, escapePattern=null) - start
170988 [main] DEBUG org.dbunit.database.search.AbstractMetaDataBasedSearchCallback  - newEdge(rs=org.apache.commons.dbcp.DelegatingResultSet@2341e463, type=1, from=REQUESTCONTEXT, to=SCOPE_REQUESTCONTEXT, fkColumn=REQUEST_CONTEXT_ID, pkColumn=ID) - start
170988 [main] DEBUG org.dbunit.database.search.AbstractMetaDataBasedSearchCallback  - createFKEdge(rs=org.apache.commons.dbcp.DelegatingResultSet@2341e463, type=1, from=REQUESTCONTEXT, to=SCOPE_REQUESTCONTEXT, fkColumn=REQUEST_CONTEXT_ID, pkColumn=ID) - start
170988 [main] DEBUG org.dbunit.database.search.AbstractMetaDataBasedSearchCallback  - Adding edge SCOPE_REQUESTCONTEXT(REQUEST_CONTEXT_ID)->REQUESTCONTEXT(ID)
170988 [main] DEBUG org.dbunit.util.search.Edge  - compareTo(o=SCOPE_REQUESTCONTEXT(REQUEST_CONTEXT_ID)->REQUESTCONTEXT(ID)) - start
170988 [main] DEBUG org.dbunit.util.SQLHelper  - close(resultSet=org.apache.commons.dbcp.DelegatingResultSet@2341e463) - start
170988 [main] DEBUG org.dbunit.util.search.DepthFirstSearch  - reverseSearch:SCOPE_REQUESTCONTEXT
170988 [main] DEBUG org.dbunit.database.search.ExportedKeysSearchCallback  - searchNode(node=SCOPE_REQUESTCONTEXT) - start
170988 [main] DEBUG org.dbunit.util.search.DepthFirstSearch  - Pushing (reverse) SCOPE_REQUESTCONTEXT
170988 [main] DEBUG org.dbunit.database.search.ExportedKeysSearchCallback  - getEdges(node=SCOPE_REQUESTCONTEXT) - start
170988 [main] DEBUG org.dbunit.database.search.AbstractMetaDataBasedSearchCallback  - getNodesFromExportedKeys(node=SCOPE_REQUESTCONTEXT) - start
170988 [main] DEBUG org.dbunit.database.search.AbstractMetaDataBasedSearchCallback  - getNodes(type=1, node=SCOPE_REQUESTCONTEXT) - start
170988 [main] DEBUG org.dbunit.database.DatabaseDataSourceConnection  - getConnection() - start
170988 [main] DEBUG org.dbunit.database.search.AbstractMetaDataBasedSearchCallback  - getNodes(type=1, node=SCOPE_REQUESTCONTEXT, conn=Transaction-aware proxy for target Connection [jdbc:hsqldb:mem:kontrollDS, UserName=sw, HSQL Database Engine Driver], schema=null, metaData=org.apache.commons.dbcp.DelegatingDatabaseMetaData@3af931aa, edges=[]) - start
170989 [main] DEBUG org.dbunit.database.search.AbstractMetaDataBasedSearchCallback  - Getting edges for node SCOPE_REQUESTCONTEXT
170989 [main] TRACE org.dbunit.database.DatabaseConfig  - getProperty(name=http://www.dbunit.org/properties/metadataHandler) - start
170989 [main] TRACE org.dbunit.database.DefaultMetadataHandler  - tableExists(metaData=org.apache.commons.dbcp.DelegatingDatabaseMetaData@3af931aa, schemaName=null, tableName=SCOPE_REQUESTCONTEXT) - start
170990 [main] DEBUG org.dbunit.util.SQLHelper  - close(resultSet=org.apache.commons.dbcp.DelegatingResultSet@25b61f06) - start
170990 [main] DEBUG org.dbunit.util.SQLHelper  - close(resultSet=org.apache.commons.dbcp.DelegatingResultSet@17747260) - start
170990 [main] DEBUG org.dbunit.util.search.DepthFirstSearch  - search:SCOPE_REQUESTCONTEXT
170990 [main] DEBUG org.dbunit.database.search.ExportedKeysSearchCallback  - searchNode(node=SCOPE_REQUESTCONTEXT) - start
170990 [main] DEBUG org.dbunit.util.search.DepthFirstSearch  - Pushing SCOPE_REQUESTCONTEXT
170990 [main] DEBUG org.dbunit.database.search.ExportedKeysSearchCallback  - getEdges(node=SCOPE_REQUESTCONTEXT) - start
170990 [main] DEBUG org.dbunit.database.search.AbstractMetaDataBasedSearchCallback  - getNodesFromExportedKeys(node=SCOPE_REQUESTCONTEXT) - start
170990 [main] DEBUG org.dbunit.database.search.AbstractMetaDataBasedSearchCallback  - getNodes(type=1, node=SCOPE_REQUESTCONTEXT) - start
170990 [main] DEBUG org.dbunit.database.DatabaseDataSourceConnection  - getConnection() - start
170990 [main] DEBUG org.dbunit.database.search.AbstractMetaDataBasedSearchCallback  - getNodes(type=1, node=SCOPE_REQUESTCONTEXT, conn=Transaction-aware proxy for target Connection [jdbc:hsqldb:mem:kontrollDS, UserName=sw, HSQL Database Engine Driver], schema=null, metaData=org.apache.commons.dbcp.DelegatingDatabaseMetaData@5e0108a7, edges=[]) - start
170990 [main] DEBUG org.dbunit.database.search.AbstractMetaDataBasedSearchCallback  - Getting edges for node SCOPE_REQUESTCONTEXT
170991 [main] TRACE org.dbunit.database.DatabaseConfig  - getProperty(name=http://www.dbunit.org/properties/metadataHandler) - start
170991 [main] TRACE org.dbunit.database.DefaultMetadataHandler  - tableExists(metaData=org.apache.commons.dbcp.DelegatingDatabaseMetaData@5e0108a7, schemaName=null, tableName=SCOPE_REQUESTCONTEXT) - start
170992 [main] DEBUG org.dbunit.util.SQLHelper  - close(resultSet=org.apache.commons.dbcp.DelegatingResultSet@72e6714f) - start
170992 [main] DEBUG org.dbunit.util.SQLHelper  - close(resultSet=org.apache.commons.dbcp.DelegatingResultSet@17c3adb7) - start
170992 [main] DEBUG org.dbunit.util.search.DepthFirstSearch  - Adding node SCOPE_REQUESTCONTEXT to the final result
170992 [main] DEBUG org.dbunit.util.search.DepthFirstSearch  - search:REQUESTCONTEXT
170992 [main] DEBUG org.dbunit.database.search.ExportedKeysSearchCallback  - searchNode(node=REQUESTCONTEXT) - start
170992 [main] DEBUG org.dbunit.util.search.DepthFirstSearch  - Pushing REQUESTCONTEXT
170992 [main] DEBUG org.dbunit.database.search.ExportedKeysSearchCallback  - getEdges(node=REQUESTCONTEXT) - start
170992 [main] DEBUG org.dbunit.database.search.AbstractMetaDataBasedSearchCallback  - getNodesFromExportedKeys(node=REQUESTCONTEXT) - start
170992 [main] DEBUG org.dbunit.database.search.AbstractMetaDataBasedSearchCallback  - getNodes(type=1, node=REQUESTCONTEXT) - start
170992 [main] DEBUG org.dbunit.database.DatabaseDataSourceConnection  - getConnection() - start
170992 [main] DEBUG org.dbunit.database.search.AbstractMetaDataBasedSearchCallback  - getNodes(type=1, node=REQUESTCONTEXT, conn=Transaction-aware proxy for target Connection [jdbc:hsqldb:mem:kontrollDS, UserName=sw, HSQL Database Engine Driver], schema=null, metaData=org.apache.commons.dbcp.DelegatingDatabaseMetaData@2fc1d591, edges=[]) - start
170992 [main] DEBUG org.dbunit.database.search.AbstractMetaDataBasedSearchCallback  - Getting edges for node REQUESTCONTEXT
170992 [main] TRACE org.dbunit.database.DatabaseConfig  - getProperty(name=http://www.dbunit.org/properties/metadataHandler) - start
170992 [main] TRACE org.dbunit.database.DefaultMetadataHandler  - tableExists(metaData=org.apache.commons.dbcp.DelegatingDatabaseMetaData@2fc1d591, schemaName=null, tableName=REQUESTCONTEXT) - start
170993 [main] DEBUG org.dbunit.util.SQLHelper  - close(resultSet=org.apache.commons.dbcp.DelegatingResultSet@7d5b1041) - start
170994 [main] DEBUG org.dbunit.util.QualifiedTableName  - getQualifiedNameIfEnabled(config=org.dbunit.database.DatabaseConfig[, _propertyMap={http://www.dbunit.org/properties/statementFactory=org.dbunit.database.statement.PreparedStatementFactory@626bc2b8, http://www.dbunit.org/features/caseSensitiveTableNames=false, http://www.dbunit.org/properties/fetchSize=100, http://www.dbunit.org/features/batchedStatements=false, http://www.dbunit.org/properties/metadataHandler=org.dbunit.database.DefaultMetadataHandler@62baffef, http://www.dbunit.org/properties/datatypeFactory=org.dbunit.dataset.datatype.DefaultDataTypeFactory[_toleratedDeltaMap=org.dbunit.dataset.datatype.ToleratedDeltaMap@6452310a], http://www.dbunit.org/properties/escapePattern=null, http://www.dbunit.org/properties/batchSize=100, http://www.dbunit.org/features/qualifiedTableNames=false, http://www.dbunit.org/properties/tableType=[Ljava.lang.String;@5011bafa, http://www.dbunit.org/properties/resultSetTableFactory=org.dbunit.database.CachedResultSetTableFactory@10bcf083, http://www.dbunit.org/features/datatypeWarning=true}]) - start
170994 [main] TRACE org.dbunit.database.DatabaseConfig  - getFeature(name=http://www.dbunit.org/features/qualifiedTableNames) - start
170994 [main] TRACE org.dbunit.database.DatabaseConfig  - getProperty(name=http://www.dbunit.org/features/qualifiedTableNames) - start
170994 [main] DEBUG org.dbunit.util.QualifiedTableName  - Qualified table names feature is disabled. Returning plain table name
170994 [main] DEBUG org.dbunit.util.QualifiedTableName  - getQualifiedName(prefix=null, name=REQUESTCONTEXT, escapePattern=null) - start
170994 [main] DEBUG org.dbunit.util.QualifiedTableName  - getQualifiedNameIfEnabled(config=org.dbunit.database.DatabaseConfig[, _propertyMap={http://www.dbunit.org/properties/statementFactory=org.dbunit.database.statement.PreparedStatementFactory@626bc2b8, http://www.dbunit.org/features/caseSensitiveTableNames=false, http://www.dbunit.org/properties/fetchSize=100, http://www.dbunit.org/features/batchedStatements=false, http://www.dbunit.org/properties/metadataHandler=org.dbunit.database.DefaultMetadataHandler@62baffef, http://www.dbunit.org/properties/datatypeFactory=org.dbunit.dataset.datatype.DefaultDataTypeFactory[_toleratedDeltaMap=org.dbunit.dataset.datatype.ToleratedDeltaMap@6452310a], http://www.dbunit.org/properties/escapePattern=null, http://www.dbunit.org/properties/batchSize=100, http://www.dbunit.org/features/qualifiedTableNames=false, http://www.dbunit.org/properties/tableType=[Ljava.lang.String;@5011bafa, http://www.dbunit.org/properties/resultSetTableFactory=org.dbunit.database.CachedResultSetTableFactory@10bcf083, http://www.dbunit.org/features/datatypeWarning=true}]) - start
170994 [main] TRACE org.dbunit.database.DatabaseConfig  - getFeature(name=http://www.dbunit.org/features/qualifiedTableNames) - start
170994 [main] TRACE org.dbunit.database.DatabaseConfig  - getProperty(name=http://www.dbunit.org/features/qualifiedTableNames) - start
170994 [main] DEBUG org.dbunit.util.QualifiedTableName  - Qualified table names feature is disabled. Returning plain table name
170994 [main] DEBUG org.dbunit.util.QualifiedTableName  - getQualifiedName(prefix=null, name=SCOPE_REQUESTCONTEXT, escapePattern=null) - start
170994 [main] DEBUG org.dbunit.database.search.AbstractMetaDataBasedSearchCallback  - newEdge(rs=org.apache.commons.dbcp.DelegatingResultSet@5b3c3731, type=1, from=REQUESTCONTEXT, to=SCOPE_REQUESTCONTEXT, fkColumn=REQUEST_CONTEXT_ID, pkColumn=ID) - start
170994 [main] DEBUG org.dbunit.database.search.AbstractMetaDataBasedSearchCallback  - createFKEdge(rs=org.apache.commons.dbcp.DelegatingResultSet@5b3c3731, type=1, from=REQUESTCONTEXT, to=SCOPE_REQUESTCONTEXT, fkColumn=REQUEST_CONTEXT_ID, pkColumn=ID) - start
170994 [main] DEBUG org.dbunit.database.search.AbstractMetaDataBasedSearchCallback  - Adding edge SCOPE_REQUESTCONTEXT(REQUEST_CONTEXT_ID)->REQUESTCONTEXT(ID)
170994 [main] DEBUG org.dbunit.util.search.Edge  - compareTo(o=SCOPE_REQUESTCONTEXT(REQUEST_CONTEXT_ID)->REQUESTCONTEXT(ID)) - start
170994 [main] DEBUG org.dbunit.util.SQLHelper  - close(resultSet=org.apache.commons.dbcp.DelegatingResultSet@5b3c3731) - start
170994 [main] DEBUG org.dbunit.util.search.DepthFirstSearch  - search:REQUESTCONTEXT
170994 [main] DEBUG org.dbunit.util.search.DepthFirstSearch  - already searched; returning true
170994 [main] DEBUG org.dbunit.util.search.DepthFirstSearch  - Adding node REQUESTCONTEXT to the final result
170994 [main] DEBUG org.dbunit.database.search.TablesDependencyHelper  - getDirectDependentTables(connection=_databaseConfig=org.dbunit.database.DatabaseConfig[, _propertyMap={http://www.dbunit.org/properties/statementFactory=org.dbunit.database.statement.PreparedStatementFactory@626bc2b8, http://www.dbunit.org/features/caseSensitiveTableNames=false, http://www.dbunit.org/properties/fetchSize=100, http://www.dbunit.org/features/batchedStatements=false, http://www.dbunit.org/properties/metadataHandler=org.dbunit.database.DefaultMetadataHandler@62baffef, http://www.dbunit.org/properties/datatypeFactory=org.dbunit.dataset.datatype.DefaultDataTypeFactory[_toleratedDeltaMap=org.dbunit.dataset.datatype.ToleratedDeltaMap@6452310a], http://www.dbunit.org/properties/escapePattern=null, http://www.dbunit.org/properties/batchSize=100, http://www.dbunit.org/features/qualifiedTableNames=false, http://www.dbunit.org/properties/tableType=[Ljava.lang.String;@5011bafa, http://www.dbunit.org/properties/resultSetTableFactory=org.dbunit.database.CachedResultSetTableFactory@10bcf083, http://www.dbunit.org/features/datatypeWarning=true}], _dataSet=AbstractDataSet[_orderedTableNameMap=null], tableName=REQUESTCONTEXT) - start
170994 [main] DEBUG org.dbunit.util.search.DepthFirstSearch  - search(nodesFrom=[REQUESTCONTEXT], callback=org.dbunit.database.search.ImportedKeysSearchCallback@472748b6) - start
170995 [main] DEBUG org.dbunit.util.CollectionsHelper  - objectsToSet(objects=REQUESTCONTEXT) - start
170995 [main] DEBUG org.dbunit.util.search.DepthFirstSearch  - search(nodesFrom=[REQUESTCONTEXT], callback=org.dbunit.database.search.ImportedKeysSearchCallback@472748b6) - start
170995 [main] DEBUG org.dbunit.util.search.DepthFirstSearch  - reverseSearch:REQUESTCONTEXT
170995 [main] DEBUG org.dbunit.database.search.ImportedKeysSearchCallback  - searchNode(node=REQUESTCONTEXT) - start
170995 [main] DEBUG org.dbunit.util.search.DepthFirstSearch  - Pushing (reverse) REQUESTCONTEXT
170995 [main] DEBUG org.dbunit.database.search.ImportedKeysSearchCallback  - getEdges(node=REQUESTCONTEXT) - start
170995 [main] DEBUG org.dbunit.database.search.AbstractMetaDataBasedSearchCallback  - getNodesFromImportedKeys(node=REQUESTCONTEXT) - start
170995 [main] DEBUG org.dbunit.database.search.AbstractMetaDataBasedSearchCallback  - getNodes(type=0, node=REQUESTCONTEXT) - start
170995 [main] DEBUG org.dbunit.database.DatabaseDataSourceConnection  - getConnection() - start
170995 [main] DEBUG org.dbunit.database.search.AbstractMetaDataBasedSearchCallback  - getNodes(type=0, node=REQUESTCONTEXT, conn=Transaction-aware proxy for target Connection [jdbc:hsqldb:mem:kontrollDS, UserName=sw, HSQL Database Engine Driver], schema=null, metaData=org.apache.commons.dbcp.DelegatingDatabaseMetaData@6416c938, edges=[]) - start
170995 [main] DEBUG org.dbunit.database.search.AbstractMetaDataBasedSearchCallback  - Getting edges for node REQUESTCONTEXT
170995 [main] TRACE org.dbunit.database.DatabaseConfig  - getProperty(name=http://www.dbunit.org/properties/metadataHandler) - start
170995 [main] TRACE org.dbunit.database.DefaultMetadataHandler  - tableExists(metaData=org.apache.commons.dbcp.DelegatingDatabaseMetaData@6416c938, schemaName=null, tableName=REQUESTCONTEXT) - start
170996 [main] DEBUG org.dbunit.util.SQLHelper  - close(resultSet=org.apache.commons.dbcp.DelegatingResultSet@25047b0e) - start
170997 [main] DEBUG org.dbunit.util.SQLHelper  - close(resultSet=org.apache.commons.dbcp.DelegatingResultSet@1fab8819) - start
170997 [main] DEBUG org.dbunit.util.search.DepthFirstSearch  - search:REQUESTCONTEXT
170997 [main] DEBUG org.dbunit.database.search.ImportedKeysSearchCallback  - searchNode(node=REQUESTCONTEXT) - start
170997 [main] DEBUG org.dbunit.util.search.DepthFirstSearch  - Pushing REQUESTCONTEXT
170997 [main] DEBUG org.dbunit.database.search.ImportedKeysSearchCallback  - getEdges(node=REQUESTCONTEXT) - start
170997 [main] DEBUG org.dbunit.database.search.AbstractMetaDataBasedSearchCallback  - getNodesFromImportedKeys(node=REQUESTCONTEXT) - start
170997 [main] DEBUG org.dbunit.database.search.AbstractMetaDataBasedSearchCallback  - getNodes(type=0, node=REQUESTCONTEXT) - start
170997 [main] DEBUG org.dbunit.database.DatabaseDataSourceConnection  - getConnection() - start
170997 [main] DEBUG org.dbunit.database.search.AbstractMetaDataBasedSearchCallback  - getNodes(type=0, node=REQUESTCONTEXT, conn=Transaction-aware proxy for target Connection [jdbc:hsqldb:mem:kontrollDS, UserName=sw, HSQL Database Engine Driver], schema=null, metaData=org.apache.commons.dbcp.DelegatingDatabaseMetaData@3674318d, edges=[]) - start
170997 [main] DEBUG org.dbunit.database.search.AbstractMetaDataBasedSearchCallback  - Getting edges for node REQUESTCONTEXT
170997 [main] TRACE org.dbunit.database.DatabaseConfig  - getProperty(name=http://www.dbunit.org/properties/metadataHandler) - start
170997 [main] TRACE org.dbunit.database.DefaultMetadataHandler  - tableExists(metaData=org.apache.commons.dbcp.DelegatingDatabaseMetaData@3674318d, schemaName=null, tableName=REQUESTCONTEXT) - start
170998 [main] DEBUG org.dbunit.util.SQLHelper  - close(resultSet=org.apache.commons.dbcp.DelegatingResultSet@59a44144) - start
170998 [main] DEBUG org.dbunit.util.SQLHelper  - close(resultSet=org.apache.commons.dbcp.DelegatingResultSet@750d6910) - start
170998 [main] DEBUG org.dbunit.util.search.DepthFirstSearch  - Adding node REQUESTCONTEXT to the final result
170998 [main] DEBUG org.dbunit.database.DatabaseSequenceFilter  - getDependencyInfo(connection=_databaseConfig=org.dbunit.database.DatabaseConfig[, _propertyMap={http://www.dbunit.org/properties/statementFactory=org.dbunit.database.statement.PreparedStatementFactory@626bc2b8, http://www.dbunit.org/features/caseSensitiveTableNames=false, http://www.dbunit.org/properties/fetchSize=100, http://www.dbunit.org/features/batchedStatements=false, http://www.dbunit.org/properties/metadataHandler=org.dbunit.database.DefaultMetadataHandler@62baffef, http://www.dbunit.org/properties/datatypeFactory=org.dbunit.dataset.datatype.DefaultDataTypeFactory[_toleratedDeltaMap=org.dbunit.dataset.datatype.ToleratedDeltaMap@6452310a], http://www.dbunit.org/properties/escapePattern=null, http://www.dbunit.org/properties/batchSize=100, http://www.dbunit.org/features/qualifiedTableNames=false, http://www.dbunit.org/properties/tableType=[Ljava.lang.String;@5011bafa, http://www.dbunit.org/properties/resultSetTableFactory=org.dbunit.database.CachedResultSetTableFactory@10bcf083, http://www.dbunit.org/features/datatypeWarning=true}], _dataSet=AbstractDataSet[_orderedTableNameMap=null], tableName=SCOPE) - start
170998 [main] DEBUG org.dbunit.database.search.TablesDependencyHelper  - getDependentTables(connection=_databaseConfig=org.dbunit.database.DatabaseConfig[, _propertyMap={http://www.dbunit.org/properties/statementFactory=org.dbunit.database.statement.PreparedStatementFactory@626bc2b8, http://www.dbunit.org/features/caseSensitiveTableNames=false, http://www.dbunit.org/properties/fetchSize=100, http://www.dbunit.org/features/batchedStatements=false, http://www.dbunit.org/properties/metadataHandler=org.dbunit.database.DefaultMetadataHandler@62baffef, http://www.dbunit.org/properties/datatypeFactory=org.dbunit.dataset.datatype.DefaultDataTypeFactory[_toleratedDeltaMap=org.dbunit.dataset.datatype.ToleratedDeltaMap@6452310a], http://www.dbunit.org/properties/escapePattern=null, http://www.dbunit.org/properties/batchSize=100, http://www.dbunit.org/features/qualifiedTableNames=false, http://www.dbunit.org/properties/tableType=[Ljava.lang.String;@5011bafa, http://www.dbunit.org/properties/resultSetTableFactory=org.dbunit.database.CachedResultSetTableFactory@10bcf083, http://www.dbunit.org/features/datatypeWarning=true}], _dataSet=AbstractDataSet[_orderedTableNameMap=null], rootTable=SCOPE) - start
170999 [main] DEBUG org.dbunit.database.search.TablesDependencyHelper  - getDependentTables(connection=_databaseConfig=org.dbunit.database.DatabaseConfig[, _propertyMap={http://www.dbunit.org/properties/statementFactory=org.dbunit.database.statement.PreparedStatementFactory@626bc2b8, http://www.dbunit.org/features/caseSensitiveTableNames=false, http://www.dbunit.org/properties/fetchSize=100, http://www.dbunit.org/features/batchedStatements=false, http://www.dbunit.org/properties/metadataHandler=org.dbunit.database.DefaultMetadataHandler@62baffef, http://www.dbunit.org/properties/datatypeFactory=org.dbunit.dataset.datatype.DefaultDataTypeFactory[_toleratedDeltaMap=org.dbunit.dataset.datatype.ToleratedDeltaMap@6452310a], http://www.dbunit.org/properties/escapePattern=null, http://www.dbunit.org/properties/batchSize=100, http://www.dbunit.org/features/qualifiedTableNames=false, http://www.dbunit.org/properties/tableType=[Ljava.lang.String;@5011bafa, http://www.dbunit.org/properties/resultSetTableFactory=org.dbunit.database.CachedResultSetTableFactory@10bcf083, http://www.dbunit.org/features/datatypeWarning=true}], _dataSet=AbstractDataSet[_orderedTableNameMap=null], rootTables=[SCOPE]) - start
170999 [main] DEBUG org.dbunit.util.search.DepthFirstSearch  - search(nodesFrom=[SCOPE], callback=org.dbunit.database.search.ImportedKeysSearchCallback@1e331d84) - start
170999 [main] DEBUG org.dbunit.util.CollectionsHelper  - objectsToSet(objects=SCOPE) - start
170999 [main] DEBUG org.dbunit.util.search.DepthFirstSearch  - search(nodesFrom=[SCOPE], callback=org.dbunit.database.search.ImportedKeysSearchCallback@1e331d84) - start
170999 [main] DEBUG org.dbunit.util.search.DepthFirstSearch  - reverseSearch:SCOPE
170999 [main] DEBUG org.dbunit.database.search.ImportedKeysSearchCallback  - searchNode(node=SCOPE) - start
170999 [main] DEBUG org.dbunit.util.search.DepthFirstSearch  - Pushing (reverse) SCOPE
170999 [main] DEBUG org.dbunit.database.search.ImportedKeysSearchCallback  - getEdges(node=SCOPE) - start
170999 [main] DEBUG org.dbunit.database.search.AbstractMetaDataBasedSearchCallback  - getNodesFromImportedKeys(node=SCOPE) - start
170999 [main] DEBUG org.dbunit.database.search.AbstractMetaDataBasedSearchCallback  - getNodes(type=0, node=SCOPE) - start
170999 [main] DEBUG org.dbunit.database.DatabaseDataSourceConnection  - getConnection() - start
170999 [main] DEBUG org.dbunit.database.search.AbstractMetaDataBasedSearchCallback  - getNodes(type=0, node=SCOPE, conn=Transaction-aware proxy for target Connection [jdbc:hsqldb:mem:kontrollDS, UserName=sw, HSQL Database Engine Driver], schema=null, metaData=org.apache.commons.dbcp.DelegatingDatabaseMetaData@2dd6d499, edges=[]) - start
170999 [main] DEBUG org.dbunit.database.search.AbstractMetaDataBasedSearchCallback  - Getting edges for node SCOPE
170999 [main] TRACE org.dbunit.database.DatabaseConfig  - getProperty(name=http://www.dbunit.org/properties/metadataHandler) - start
170999 [main] TRACE org.dbunit.database.DefaultMetadataHandler  - tableExists(metaData=org.apache.commons.dbcp.DelegatingDatabaseMetaData@2dd6d499, schemaName=null, tableName=SCOPE) - start
171000 [main] DEBUG org.dbunit.util.SQLHelper  - close(resultSet=org.apache.commons.dbcp.DelegatingResultSet@215660e3) - start
171000 [main] DEBUG org.dbunit.util.SQLHelper  - close(resultSet=org.apache.commons.dbcp.DelegatingResultSet@26693b93) - start
171000 [main] DEBUG org.dbunit.util.search.DepthFirstSearch  - search:SCOPE
171000 [main] DEBUG org.dbunit.database.search.ImportedKeysSearchCallback  - searchNode(node=SCOPE) - start
171000 [main] DEBUG org.dbunit.util.search.DepthFirstSearch  - Pushing SCOPE
171000 [main] DEBUG org.dbunit.database.search.ImportedKeysSearchCallback  - getEdges(node=SCOPE) - start
171000 [main] DEBUG org.dbunit.database.search.AbstractMetaDataBasedSearchCallback  - getNodesFromImportedKeys(node=SCOPE) - start
171000 [main] DEBUG org.dbunit.database.search.AbstractMetaDataBasedSearchCallback  - getNodes(type=0, node=SCOPE) - start
171000 [main] DEBUG org.dbunit.database.DatabaseDataSourceConnection  - getConnection() - start
171001 [main] DEBUG org.dbunit.database.search.AbstractMetaDataBasedSearchCallback  - getNodes(type=0, node=SCOPE, conn=Transaction-aware proxy for target Connection [jdbc:hsqldb:mem:kontrollDS, UserName=sw, HSQL Database Engine Driver], schema=null, metaData=org.apache.commons.dbcp.DelegatingDatabaseMetaData@46c64398, edges=[]) - start
171001 [main] DEBUG org.dbunit.database.search.AbstractMetaDataBasedSearchCallback  - Getting edges for node SCOPE
171001 [main] TRACE org.dbunit.database.DatabaseConfig  - getProperty(name=http://www.dbunit.org/properties/metadataHandler) - start
171001 [main] TRACE org.dbunit.database.DefaultMetadataHandler  - tableExists(metaData=org.apache.commons.dbcp.DelegatingDatabaseMetaData@46c64398, schemaName=null, tableName=SCOPE) - start
171002 [main] DEBUG org.dbunit.util.SQLHelper  - close(resultSet=org.apache.commons.dbcp.DelegatingResultSet@16554e9b) - start
171002 [main] DEBUG org.dbunit.util.SQLHelper  - close(resultSet=org.apache.commons.dbcp.DelegatingResultSet@42a028a6) - start
171002 [main] DEBUG org.dbunit.util.search.DepthFirstSearch  - Adding node SCOPE to the final result
171002 [main] DEBUG org.dbunit.util.CollectionsHelper  - setToStrings(set=[SCOPE]) - start
171002 [main] DEBUG org.dbunit.database.search.TablesDependencyHelper  - getDependsOnTables(connection=_databaseConfig=org.dbunit.database.DatabaseConfig[, _propertyMap={http://www.dbunit.org/properties/statementFactory=org.dbunit.database.statement.PreparedStatementFactory@626bc2b8, http://www.dbunit.org/features/caseSensitiveTableNames=false, http://www.dbunit.org/properties/fetchSize=100, http://www.dbunit.org/features/batchedStatements=false, http://www.dbunit.org/properties/metadataHandler=org.dbunit.database.DefaultMetadataHandler@62baffef, http://www.dbunit.org/properties/datatypeFactory=org.dbunit.dataset.datatype.DefaultDataTypeFactory[_toleratedDeltaMap=org.dbunit.dataset.datatype.ToleratedDeltaMap@6452310a], http://www.dbunit.org/properties/escapePattern=null, http://www.dbunit.org/properties/batchSize=100, http://www.dbunit.org/features/qualifiedTableNames=false, http://www.dbunit.org/properties/tableType=[Ljava.lang.String;@5011bafa, http://www.dbunit.org/properties/resultSetTableFactory=org.dbunit.database.CachedResultSetTableFactory@10bcf083, http://www.dbunit.org/features/datatypeWarning=true}], _dataSet=AbstractDataSet[_orderedTableNameMap=null], rootTable=SCOPE) - start
171003 [main] DEBUG org.dbunit.util.search.DepthFirstSearch  - search(nodesFrom=[SCOPE], callback=org.dbunit.database.search.ExportedKeysSearchCallback@658367cc) - start
171003 [main] DEBUG org.dbunit.util.CollectionsHelper  - objectsToSet(objects=SCOPE) - start
171003 [main] DEBUG org.dbunit.util.search.DepthFirstSearch  - search(nodesFrom=[SCOPE], callback=org.dbunit.database.search.ExportedKeysSearchCallback@658367cc) - start
171003 [main] DEBUG org.dbunit.util.search.DepthFirstSearch  - reverseSearch:SCOPE
171003 [main] DEBUG org.dbunit.database.search.ExportedKeysSearchCallback  - searchNode(node=SCOPE) - start
171003 [main] DEBUG org.dbunit.util.search.DepthFirstSearch  - Pushing (reverse) SCOPE
171003 [main] DEBUG org.dbunit.database.search.ExportedKeysSearchCallback  - getEdges(node=SCOPE) - start
171013 [main] DEBUG org.dbunit.database.search.AbstractMetaDataBasedSearchCallback  - getNodesFromExportedKeys(node=SCOPE) - start
171013 [main] DEBUG org.dbunit.database.search.AbstractMetaDataBasedSearchCallback  - getNodes(type=1, node=SCOPE) - start
171013 [main] DEBUG org.dbunit.database.DatabaseDataSourceConnection  - getConnection() - start
171013 [main] DEBUG org.dbunit.database.search.AbstractMetaDataBasedSearchCallback  - getNodes(type=1, node=SCOPE, conn=Transaction-aware proxy for target Connection [jdbc:hsqldb:mem:kontrollDS, UserName=sw, HSQL Database Engine Driver], schema=null, metaData=org.apache.commons.dbcp.DelegatingDatabaseMetaData@1613b625, edges=[]) - start
171013 [main] DEBUG org.dbunit.database.search.AbstractMetaDataBasedSearchCallback  - Getting edges for node SCOPE
171013 [main] TRACE org.dbunit.database.DatabaseConfig  - getProperty(name=http://www.dbunit.org/properties/metadataHandler) - start
171013 [main] TRACE org.dbunit.database.DefaultMetadataHandler  - tableExists(metaData=org.apache.commons.dbcp.DelegatingDatabaseMetaData@1613b625, schemaName=null, tableName=SCOPE) - start
171014 [main] DEBUG org.dbunit.util.SQLHelper  - close(resultSet=org.apache.commons.dbcp.DelegatingResultSet@55a844b8) - start
171014 [main] DEBUG org.dbunit.util.QualifiedTableName  - getQualifiedNameIfEnabled(config=org.dbunit.database.DatabaseConfig[, _propertyMap={http://www.dbunit.org/properties/statementFactory=org.dbunit.database.statement.PreparedStatementFactory@626bc2b8, http://www.dbunit.org/features/caseSensitiveTableNames=false, http://www.dbunit.org/properties/fetchSize=100, http://www.dbunit.org/features/batchedStatements=false, http://www.dbunit.org/properties/metadataHandler=org.dbunit.database.DefaultMetadataHandler@62baffef, http://www.dbunit.org/properties/datatypeFactory=org.dbunit.dataset.datatype.DefaultDataTypeFactory[_toleratedDeltaMap=org.dbunit.dataset.datatype.ToleratedDeltaMap@6452310a], http://www.dbunit.org/properties/escapePattern=null, http://www.dbunit.org/properties/batchSize=100, http://www.dbunit.org/features/qualifiedTableNames=false, http://www.dbunit.org/properties/tableType=[Ljava.lang.String;@5011bafa, http://www.dbunit.org/properties/resultSetTableFactory=org.dbunit.database.CachedResultSetTableFactory@10bcf083, http://www.dbunit.org/features/datatypeWarning=true}]) - start
171015 [main] TRACE org.dbunit.database.DatabaseConfig  - getFeature(name=http://www.dbunit.org/features/qualifiedTableNames) - start
171015 [main] TRACE org.dbunit.database.DatabaseConfig  - getProperty(name=http://www.dbunit.org/features/qualifiedTableNames) - start
171015 [main] DEBUG org.dbunit.util.QualifiedTableName  - Qualified table names feature is disabled. Returning plain table name
171015 [main] DEBUG org.dbunit.util.QualifiedTableName  - getQualifiedName(prefix=null, name=SCOPE, escapePattern=null) - start
171015 [main] DEBUG org.dbunit.util.QualifiedTableName  - getQualifiedNameIfEnabled(config=org.dbunit.database.DatabaseConfig[, _propertyMap={http://www.dbunit.org/properties/statementFactory=org.dbunit.database.statement.PreparedStatementFactory@626bc2b8, http://www.dbunit.org/features/caseSensitiveTableNames=false, http://www.dbunit.org/properties/fetchSize=100, http://www.dbunit.org/features/batchedStatements=false, http://www.dbunit.org/properties/metadataHandler=org.dbunit.database.DefaultMetadataHandler@62baffef, http://www.dbunit.org/properties/datatypeFactory=org.dbunit.dataset.datatype.DefaultDataTypeFactory[_toleratedDeltaMap=org.dbunit.dataset.datatype.ToleratedDeltaMap@6452310a], http://www.dbunit.org/properties/escapePattern=null, http://www.dbunit.org/properties/batchSize=100, http://www.dbunit.org/features/qualifiedTableNames=false, http://www.dbunit.org/properties/tableType=[Ljava.lang.String;@5011bafa, http://www.dbunit.org/properties/resultSetTableFactory=org.dbunit.database.CachedResultSetTableFactory@10bcf083, http://www.dbunit.org/features/datatypeWarning=true}]) - start
171015 [main] TRACE org.dbunit.database.DatabaseConfig  - getFeature(name=http://www.dbunit.org/features/qualifiedTableNames) - start
171015 [main] TRACE org.dbunit.database.DatabaseConfig  - getProperty(name=http://www.dbunit.org/features/qualifiedTableNames) - start
171015 [main] DEBUG org.dbunit.util.QualifiedTableName  - Qualified table names feature is disabled. Returning plain table name
171015 [main] DEBUG org.dbunit.util.QualifiedTableName  - getQualifiedName(prefix=null, name=SCOPE_REQUESTCONTEXT, escapePattern=null) - start
171015 [main] DEBUG org.dbunit.database.search.AbstractMetaDataBasedSearchCallback  - newEdge(rs=org.apache.commons.dbcp.DelegatingResultSet@400ec693, type=1, from=SCOPE, to=SCOPE_REQUESTCONTEXT, fkColumn=SCOPE_ID, pkColumn=ID) - start
171015 [main] DEBUG org.dbunit.database.search.AbstractMetaDataBasedSearchCallback  - createFKEdge(rs=org.apache.commons.dbcp.DelegatingResultSet@400ec693, type=1, from=SCOPE, to=SCOPE_REQUESTCONTEXT, fkColumn=SCOPE_ID, pkColumn=ID) - start
171015 [main] DEBUG org.dbunit.database.search.AbstractMetaDataBasedSearchCallback  - Adding edge SCOPE_REQUESTCONTEXT(SCOPE_ID)->SCOPE(ID)
171015 [main] DEBUG org.dbunit.util.search.Edge  - compareTo(o=SCOPE_REQUESTCONTEXT(SCOPE_ID)->SCOPE(ID)) - start
171015 [main] DEBUG org.dbunit.util.QualifiedTableName  - getQualifiedNameIfEnabled(config=org.dbunit.database.DatabaseConfig[, _propertyMap={http://www.dbunit.org/properties/statementFactory=org.dbunit.database.statement.PreparedStatementFactory@626bc2b8, http://www.dbunit.org/features/caseSensitiveTableNames=false, http://www.dbunit.org/properties/fetchSize=100, http://www.dbunit.org/features/batchedStatements=false, http://www.dbunit.org/properties/metadataHandler=org.dbunit.database.DefaultMetadataHandler@62baffef, http://www.dbunit.org/properties/datatypeFactory=org.dbunit.dataset.datatype.DefaultDataTypeFactory[_toleratedDeltaMap=org.dbunit.dataset.datatype.ToleratedDeltaMap@6452310a], http://www.dbunit.org/properties/escapePattern=null, http://www.dbunit.org/properties/batchSize=100, http://www.dbunit.org/features/qualifiedTableNames=false, http://www.dbunit.org/properties/tableType=[Ljava.lang.String;@5011bafa, http://www.dbunit.org/properties/resultSetTableFactory=org.dbunit.database.CachedResultSetTableFactory@10bcf083, http://www.dbunit.org/features/datatypeWarning=true}]) - start
171015 [main] TRACE org.dbunit.database.DatabaseConfig  - getFeature(name=http://www.dbunit.org/features/qualifiedTableNames) - start
171015 [main] TRACE org.dbunit.database.DatabaseConfig  - getProperty(name=http://www.dbunit.org/features/qualifiedTableNames) - start
171015 [main] DEBUG org.dbunit.util.QualifiedTableName  - Qualified table names feature is disabled. Returning plain table name
171015 [main] DEBUG org.dbunit.util.QualifiedTableName  - getQualifiedName(prefix=null, name=SCOPE, escapePattern=null) - start
171015 [main] DEBUG org.dbunit.util.QualifiedTableName  - getQualifiedNameIfEnabled(config=org.dbunit.database.DatabaseConfig[, _propertyMap={http://www.dbunit.org/properties/statementFactory=org.dbunit.database.statement.PreparedStatementFactory@626bc2b8, http://www.dbunit.org/features/caseSensitiveTableNames=false, http://www.dbunit.org/properties/fetchSize=100, http://www.dbunit.org/features/batchedStatements=false, http://www.dbunit.org/properties/metadataHandler=org.dbunit.database.DefaultMetadataHandler@62baffef, http://www.dbunit.org/properties/datatypeFactory=org.dbunit.dataset.datatype.DefaultDataTypeFactory[_toleratedDeltaMap=org.dbunit.dataset.datatype.ToleratedDeltaMap@6452310a], http://www.dbunit.org/properties/escapePattern=null, http://www.dbunit.org/properties/batchSize=100, http://www.dbunit.org/features/qualifiedTableNames=false, http://www.dbunit.org/properties/tableType=[Ljava.lang.String;@5011bafa, http://www.dbunit.org/properties/resultSetTableFactory=org.dbunit.database.CachedResultSetTableFactory@10bcf083, http://www.dbunit.org/features/datatypeWarning=true}]) - start
171015 [main] TRACE org.dbunit.database.DatabaseConfig  - getFeature(name=http://www.dbunit.org/features/qualifiedTableNames) - start
171015 [main] TRACE org.dbunit.database.DatabaseConfig  - getProperty(name=http://www.dbunit.org/features/qualifiedTableNames) - start
171015 [main] DEBUG org.dbunit.util.QualifiedTableName  - Qualified table names feature is disabled. Returning plain table name
171015 [main] DEBUG org.dbunit.util.QualifiedTableName  - getQualifiedName(prefix=null, name=SCOPEDCONTENT, escapePattern=null) - start
171015 [main] DEBUG org.dbunit.database.search.AbstractMetaDataBasedSearchCallback  - newEdge(rs=org.apache.commons.dbcp.DelegatingResultSet@400ec693, type=1, from=SCOPE, to=SCOPEDCONTENT, fkColumn=SCOPE, pkColumn=ID) - start
171016 [main] DEBUG org.dbunit.database.search.AbstractMetaDataBasedSearchCallback  - createFKEdge(rs=org.apache.commons.dbcp.DelegatingResultSet@400ec693, type=1, from=SCOPE, to=SCOPEDCONTENT, fkColumn=SCOPE, pkColumn=ID) - start
171016 [main] DEBUG org.dbunit.database.search.AbstractMetaDataBasedSearchCallback  - Adding edge SCOPEDCONTENT(SCOPE)->SCOPE(ID)
171016 [main] DEBUG org.dbunit.util.search.Edge  - compareTo(o=SCOPE_REQUESTCONTEXT(SCOPE_ID)->SCOPE(ID)) - start
171016 [main] DEBUG org.dbunit.util.SQLHelper  - close(resultSet=org.apache.commons.dbcp.DelegatingResultSet@400ec693) - start
171016 [main] DEBUG org.dbunit.util.search.DepthFirstSearch  - reverseSearch:SCOPEDCONTENT
171016 [main] DEBUG org.dbunit.database.search.ExportedKeysSearchCallback  - searchNode(node=SCOPEDCONTENT) - start
171016 [main] DEBUG org.dbunit.util.search.DepthFirstSearch  - Pushing (reverse) SCOPEDCONTENT
171016 [main] DEBUG org.dbunit.database.search.ExportedKeysSearchCallback  - getEdges(node=SCOPEDCONTENT) - start
171016 [main] DEBUG org.dbunit.database.search.AbstractMetaDataBasedSearchCallback  - getNodesFromExportedKeys(node=SCOPEDCONTENT) - start
171016 [main] DEBUG org.dbunit.database.search.AbstractMetaDataBasedSearchCallback  - getNodes(type=1, node=SCOPEDCONTENT) - start
171016 [main] DEBUG org.dbunit.database.DatabaseDataSourceConnection  - getConnection() - start
171016 [main] DEBUG org.dbunit.database.search.AbstractMetaDataBasedSearchCallback  - getNodes(type=1, node=SCOPEDCONTENT, conn=Transaction-aware proxy for target Connection [jdbc:hsqldb:mem:kontrollDS, UserName=sw, HSQL Database Engine Driver], schema=null, metaData=org.apache.commons.dbcp.DelegatingDatabaseMetaData@a0efdc0, edges=[]) - start
171016 [main] DEBUG org.dbunit.database.search.AbstractMetaDataBasedSearchCallback  - Getting edges for node SCOPEDCONTENT
171016 [main] TRACE org.dbunit.database.DatabaseConfig  - getProperty(name=http://www.dbunit.org/properties/metadataHandler) - start
171016 [main] TRACE org.dbunit.database.DefaultMetadataHandler  - tableExists(metaData=org.apache.commons.dbcp.DelegatingDatabaseMetaData@a0efdc0, schemaName=null, tableName=SCOPEDCONTENT) - start
171017 [main] DEBUG org.dbunit.util.SQLHelper  - close(resultSet=org.apache.commons.dbcp.DelegatingResultSet@7d6d1729) - start
171017 [main] DEBUG org.dbunit.util.QualifiedTableName  - getQualifiedNameIfEnabled(config=org.dbunit.database.DatabaseConfig[, _propertyMap={http://www.dbunit.org/properties/statementFactory=org.dbunit.database.statement.PreparedStatementFactory@626bc2b8, http://www.dbunit.org/features/caseSensitiveTableNames=false, http://www.dbunit.org/properties/fetchSize=100, http://www.dbunit.org/features/batchedStatements=false, http://www.dbunit.org/properties/metadataHandler=org.dbunit.database.DefaultMetadataHandler@62baffef, http://www.dbunit.org/properties/datatypeFactory=org.dbunit.dataset.datatype.DefaultDataTypeFactory[_toleratedDeltaMap=org.dbunit.dataset.datatype.ToleratedDeltaMap@6452310a], http://www.dbunit.org/properties/escapePattern=null, http://www.dbunit.org/properties/batchSize=100, http://www.dbunit.org/features/qualifiedTableNames=false, http://www.dbunit.org/properties/tableType=[Ljava.lang.String;@5011bafa, http://www.dbunit.org/properties/resultSetTableFactory=org.dbunit.database.CachedResultSetTableFactory@10bcf083, http://www.dbunit.org/features/datatypeWarning=true}]) - start
171018 [main] TRACE org.dbunit.database.DatabaseConfig  - getFeature(name=http://www.dbunit.org/features/qualifiedTableNames) - start
171018 [main] TRACE org.dbunit.database.DatabaseConfig  - getProperty(name=http://www.dbunit.org/features/qualifiedTableNames) - start
171018 [main] DEBUG org.dbunit.util.QualifiedTableName  - Qualified table names feature is disabled. Returning plain table name
171018 [main] DEBUG org.dbunit.util.QualifiedTableName  - getQualifiedName(prefix=null, name=SCOPEDCONTENT, escapePattern=null) - start
171018 [main] DEBUG org.dbunit.util.QualifiedTableName  - getQualifiedNameIfEnabled(config=org.dbunit.database.DatabaseConfig[, _propertyMap={http://www.dbunit.org/properties/statementFactory=org.dbunit.database.statement.PreparedStatementFactory@626bc2b8, http://www.dbunit.org/features/caseSensitiveTableNames=false, http://www.dbunit.org/properties/fetchSize=100, http://www.dbunit.org/features/batchedStatements=false, http://www.dbunit.org/properties/metadataHandler=org.dbunit.database.DefaultMetadataHandler@62baffef, http://www.dbunit.org/properties/datatypeFactory=org.dbunit.dataset.datatype.DefaultDataTypeFactory[_toleratedDeltaMap=org.dbunit.dataset.datatype.ToleratedDeltaMap@6452310a], http://www.dbunit.org/properties/escapePattern=null, http://www.dbunit.org/properties/batchSize=100, http://www.dbunit.org/features/qualifiedTableNames=false, http://www.dbunit.org/properties/tableType=[Ljava.lang.String;@5011bafa, http://www.dbunit.org/properties/resultSetTableFactory=org.dbunit.database.CachedResultSetTableFactory@10bcf083, http://www.dbunit.org/features/datatypeWarning=true}]) - start
171018 [main] TRACE org.dbunit.database.DatabaseConfig  - getFeature(name=http://www.dbunit.org/features/qualifiedTableNames) - start
171018 [main] TRACE org.dbunit.database.DatabaseConfig  - getProperty(name=http://www.dbunit.org/features/qualifiedTableNames) - start
171018 [main] DEBUG org.dbunit.util.QualifiedTableName  - Qualified table names feature is disabled. Returning plain table name
171018 [main] DEBUG org.dbunit.util.QualifiedTableName  - getQualifiedName(prefix=null, name=SCOPEDCONTENTCONDITIONS_SCOPEDCONTENT, escapePattern=null) - start
171018 [main] DEBUG org.dbunit.database.search.AbstractMetaDataBasedSearchCallback  - newEdge(rs=org.apache.commons.dbcp.DelegatingResultSet@47b7a6a2, type=1, from=SCOPEDCONTENT, to=SCOPEDCONTENTCONDITIONS_SCOPEDCONTENT, fkColumn=SCOPED_CONTENT_ID, pkColumn=ID) - start
171018 [main] DEBUG org.dbunit.database.search.AbstractMetaDataBasedSearchCallback  - createFKEdge(rs=org.apache.commons.dbcp.DelegatingResultSet@47b7a6a2, type=1, from=SCOPEDCONTENT, to=SCOPEDCONTENTCONDITIONS_SCOPEDCONTENT, fkColumn=SCOPED_CONTENT_ID, pkColumn=ID) - start
171018 [main] DEBUG org.dbunit.database.search.AbstractMetaDataBasedSearchCallback  - Adding edge SCOPEDCONTENTCONDITIONS_SCOPEDCONTENT(SCOPED_CONTENT_ID)->SCOPEDCONTENT(ID)
171018 [main] DEBUG org.dbunit.util.search.Edge  - compareTo(o=SCOPEDCONTENTCONDITIONS_SCOPEDCONTENT(SCOPED_CONTENT_ID)->SCOPEDCONTENT(ID)) - start
171018 [main] DEBUG org.dbunit.util.QualifiedTableName  - getQualifiedNameIfEnabled(config=org.dbunit.database.DatabaseConfig[, _propertyMap={http://www.dbunit.org/properties/statementFactory=org.dbunit.database.statement.PreparedStatementFactory@626bc2b8, http://www.dbunit.org/features/caseSensitiveTableNames=false, http://www.dbunit.org/properties/fetchSize=100, http://www.dbunit.org/features/batchedStatements=false, http://www.dbunit.org/properties/metadataHandler=org.dbunit.database.DefaultMetadataHandler@62baffef, http://www.dbunit.org/properties/datatypeFactory=org.dbunit.dataset.datatype.DefaultDataTypeFactory[_toleratedDeltaMap=org.dbunit.dataset.datatype.ToleratedDeltaMap@6452310a], http://www.dbunit.org/properties/escapePattern=null, http://www.dbunit.org/properties/batchSize=100, http://www.dbunit.org/features/qualifiedTableNames=false, http://www.dbunit.org/properties/tableType=[Ljava.lang.String;@5011bafa, http://www.dbunit.org/properties/resultSetTableFactory=org.dbunit.database.CachedResultSetTableFactory@10bcf083, http://www.dbunit.org/features/datatypeWarning=true}]) - start
171018 [main] TRACE org.dbunit.database.DatabaseConfig  - getFeature(name=http://www.dbunit.org/features/qualifiedTableNames) - start
171018 [main] TRACE org.dbunit.database.DatabaseConfig  - getProperty(name=http://www.dbunit.org/features/qualifiedTableNames) - start
171018 [main] DEBUG org.dbunit.util.QualifiedTableName  - Qualified table names feature is disabled. Returning plain table name
171018 [main] DEBUG org.dbunit.util.QualifiedTableName  - getQualifiedName(prefix=null, name=SCOPEDCONTENT, escapePattern=null) - start
171018 [main] DEBUG org.dbunit.util.QualifiedTableName  - getQualifiedNameIfEnabled(config=org.dbunit.database.DatabaseConfig[, _propertyMap={http://www.dbunit.org/properties/statementFactory=org.dbunit.database.statement.PreparedStatementFactory@626bc2b8, http://www.dbunit.org/features/caseSensitiveTableNames=false, http://www.dbunit.org/properties/fetchSize=100, http://www.dbunit.org/features/batchedStatements=false, http://www.dbunit.org/properties/metadataHandler=org.dbunit.database.DefaultMetadataHandler@62baffef, http://www.dbunit.org/properties/datatypeFactory=org.dbunit.dataset.datatype.DefaultDataTypeFactory[_toleratedDeltaMap=org.dbunit.dataset.datatype.ToleratedDeltaMap@6452310a], http://www.dbunit.org/properties/escapePattern=null, http://www.dbunit.org/properties/batchSize=100, http://www.dbunit.org/features/qualifiedTableNames=false, http://www.dbunit.org/properties/tableType=[Ljava.lang.String;@5011bafa, http://www.dbunit.org/properties/resultSetTableFactory=org.dbunit.database.CachedResultSetTableFactory@10bcf083, http://www.dbunit.org/features/datatypeWarning=true}]) - start
171018 [main] TRACE org.dbunit.database.DatabaseConfig  - getFeature(name=http://www.dbunit.org/features/qualifiedTableNames) - start
171018 [main] TRACE org.dbunit.database.DatabaseConfig  - getProperty(name=http://www.dbunit.org/features/qualifiedTableNames) - start
171018 [main] DEBUG org.dbunit.util.QualifiedTableName  - Qualified table names feature is disabled. Returning plain table name
171018 [main] DEBUG org.dbunit.util.QualifiedTableName  - getQualifiedName(prefix=null, name=SCOPEDCONTENT_SCOPEDCONTENTITEM, escapePattern=null) - start
171018 [main] DEBUG org.dbunit.database.search.AbstractMetaDataBasedSearchCallback  - newEdge(rs=org.apache.commons.dbcp.DelegatingResultSet@47b7a6a2, type=1, from=SCOPEDCONTENT, to=SCOPEDCONTENT_SCOPEDCONTENTITEM, fkColumn=SCOPED_CONTENT_ITEM_ID, pkColumn=ID) - start
171018 [main] DEBUG org.dbunit.database.search.AbstractMetaDataBasedSearchCallback  - createFKEdge(rs=org.apache.commons.dbcp.DelegatingResultSet@47b7a6a2, type=1, from=SCOPEDCONTENT, to=SCOPEDCONTENT_SCOPEDCONTENTITEM, fkColumn=SCOPED_CONTENT_ITEM_ID, pkColumn=ID) - start
171018 [main] DEBUG org.dbunit.database.search.AbstractMetaDataBasedSearchCallback  - Adding edge SCOPEDCONTENT_SCOPEDCONTENTITEM(SCOPED_CONTENT_ITEM_ID)->SCOPEDCONTENT(ID)
171018 [main] DEBUG org.dbunit.util.search.Edge  - compareTo(o=SCOPEDCONTENTCONDITIONS_SCOPEDCONTENT(SCOPED_CONTENT_ID)->SCOPEDCONTENT(ID)) - start
171018 [main] DEBUG org.dbunit.util.SQLHelper  - close(resultSet=org.apache.commons.dbcp.DelegatingResultSet@47b7a6a2) - start
171020 [main] DEBUG org.dbunit.util.search.DepthFirstSearch  - reverseSearch:SCOPEDCONTENTCONDITIONS_SCOPEDCONTENT
171020 [main] DEBUG org.dbunit.database.search.ExportedKeysSearchCallback  - searchNode(node=SCOPEDCONTENTCONDITIONS_SCOPEDCONTENT) - start
171020 [main] DEBUG org.dbunit.util.search.DepthFirstSearch  - Pushing (reverse) SCOPEDCONTENTCONDITIONS_SCOPEDCONTENT
171020 [main] DEBUG org.dbunit.database.search.ExportedKeysSearchCallback  - getEdges(node=SCOPEDCONTENTCONDITIONS_SCOPEDCONTENT) - start
171020 [main] DEBUG org.dbunit.database.search.AbstractMetaDataBasedSearchCallback  - getNodesFromExportedKeys(node=SCOPEDCONTENTCONDITIONS_SCOPEDCONTENT) - start
171020 [main] DEBUG org.dbunit.database.search.AbstractMetaDataBasedSearchCallback  - getNodes(type=1, node=SCOPEDCONTENTCONDITIONS_SCOPEDCONTENT) - start
171020 [main] DEBUG org.dbunit.database.DatabaseDataSourceConnection  - getConnection() - start
171020 [main] DEBUG org.dbunit.database.search.AbstractMetaDataBasedSearchCallback  - getNodes(type=1, node=SCOPEDCONTENTCONDITIONS_SCOPEDCONTENT, conn=Transaction-aware proxy for target Connection [jdbc:hsqldb:mem:kontrollDS, UserName=sw, HSQL Database Engine Driver], schema=null, metaData=org.apache.commons.dbcp.DelegatingDatabaseMetaData@6a1cfa76, edges=[]) - start
171020 [main] DEBUG org.dbunit.database.search.AbstractMetaDataBasedSearchCallback  - Getting edges for node SCOPEDCONTENTCONDITIONS_SCOPEDCONTENT
171020 [main] TRACE org.dbunit.database.DatabaseConfig  - getProperty(name=http://www.dbunit.org/properties/metadataHandler) - start
171020 [main] TRACE org.dbunit.database.DefaultMetadataHandler  - tableExists(metaData=org.apache.commons.dbcp.DelegatingDatabaseMetaData@6a1cfa76, schemaName=null, tableName=SCOPEDCONTENTCONDITIONS_SCOPEDCONTENT) - start
171021 [main] DEBUG org.dbunit.util.SQLHelper  - close(resultSet=org.apache.commons.dbcp.DelegatingResultSet@429fbdb4) - start
171021 [main] DEBUG org.dbunit.util.SQLHelper  - close(resultSet=org.apache.commons.dbcp.DelegatingResultSet@4697d7e9) - start
171021 [main] DEBUG org.dbunit.util.search.DepthFirstSearch  - reverseSearch:SCOPEDCONTENT_SCOPEDCONTENTITEM
171021 [main] DEBUG org.dbunit.database.search.ExportedKeysSearchCallback  - searchNode(node=SCOPEDCONTENT_SCOPEDCONTENTITEM) - start
171021 [main] DEBUG org.dbunit.util.search.DepthFirstSearch  - Pushing (reverse) SCOPEDCONTENT_SCOPEDCONTENTITEM
171021 [main] DEBUG org.dbunit.database.search.ExportedKeysSearchCallback  - getEdges(node=SCOPEDCONTENT_SCOPEDCONTENTITEM) - start
171021 [main] DEBUG org.dbunit.database.search.AbstractMetaDataBasedSearchCallback  - getNodesFromExportedKeys(node=SCOPEDCONTENT_SCOPEDCONTENTITEM) - start
171021 [main] DEBUG org.dbunit.database.search.AbstractMetaDataBasedSearchCallback  - getNodes(type=1, node=SCOPEDCONTENT_SCOPEDCONTENTITEM) - start
171021 [main] DEBUG org.dbunit.database.DatabaseDataSourceConnection  - getConnection() - start
171022 [main] DEBUG org.dbunit.database.search.AbstractMetaDataBasedSearchCallback  - getNodes(type=1, node=SCOPEDCONTENT_SCOPEDCONTENTITEM, conn=Transaction-aware proxy for target Connection [jdbc:hsqldb:mem:kontrollDS, UserName=sw, HSQL Database Engine Driver], schema=null, metaData=org.apache.commons.dbcp.DelegatingDatabaseMetaData@1ae02634, edges=[]) - start
171022 [main] DEBUG org.dbunit.database.search.AbstractMetaDataBasedSearchCallback  - Getting edges for node SCOPEDCONTENT_SCOPEDCONTENTITEM
171022 [main] TRACE org.dbunit.database.DatabaseConfig  - getProperty(name=http://www.dbunit.org/properties/metadataHandler) - start
171022 [main] TRACE org.dbunit.database.DefaultMetadataHandler  - tableExists(metaData=org.apache.commons.dbcp.DelegatingDatabaseMetaData@1ae02634, schemaName=null, tableName=SCOPEDCONTENT_SCOPEDCONTENTITEM) - start
171023 [main] DEBUG org.dbunit.util.SQLHelper  - close(resultSet=org.apache.commons.dbcp.DelegatingResultSet@48acbeda) - start
171023 [main] DEBUG org.dbunit.util.SQLHelper  - close(resultSet=org.apache.commons.dbcp.DelegatingResultSet@41a8495b) - start
171023 [main] DEBUG org.dbunit.util.search.DepthFirstSearch  - reverseSearch:SCOPE_REQUESTCONTEXT
171023 [main] DEBUG org.dbunit.database.search.ExportedKeysSearchCallback  - searchNode(node=SCOPE_REQUESTCONTEXT) - start
171023 [main] DEBUG org.dbunit.util.search.DepthFirstSearch  - Pushing (reverse) SCOPE_REQUESTCONTEXT
171024 [main] DEBUG org.dbunit.database.search.ExportedKeysSearchCallback  - getEdges(node=SCOPE_REQUESTCONTEXT) - start
171024 [main] DEBUG org.dbunit.database.search.AbstractMetaDataBasedSearchCallback  - getNodesFromExportedKeys(node=SCOPE_REQUESTCONTEXT) - start
171024 [main] DEBUG org.dbunit.database.search.AbstractMetaDataBasedSearchCallback  - getNodes(type=1, node=SCOPE_REQUESTCONTEXT) - start
171024 [main] DEBUG org.dbunit.database.DatabaseDataSourceConnection  - getConnection() - start
171024 [main] DEBUG org.dbunit.database.search.AbstractMetaDataBasedSearchCallback  - getNodes(type=1, node=SCOPE_REQUESTCONTEXT, conn=Transaction-aware proxy for target Connection [jdbc:hsqldb:mem:kontrollDS, UserName=sw, HSQL Database Engine Driver], schema=null, metaData=org.apache.commons.dbcp.DelegatingDatabaseMetaData@f68170a, edges=[]) - start
171024 [main] DEBUG org.dbunit.database.search.AbstractMetaDataBasedSearchCallback  - Getting edges for node SCOPE_REQUESTCONTEXT
171024 [main] TRACE org.dbunit.database.DatabaseConfig  - getProperty(name=http://www.dbunit.org/properties/metadataHandler) - start
171024 [main] TRACE org.dbunit.database.DefaultMetadataHandler  - tableExists(metaData=org.apache.commons.dbcp.DelegatingDatabaseMetaData@f68170a, schemaName=null, tableName=SCOPE_REQUESTCONTEXT) - start
171025 [main] DEBUG org.dbunit.util.SQLHelper  - close(resultSet=org.apache.commons.dbcp.DelegatingResultSet@7a98c069) - start
171025 [main] DEBUG org.dbunit.util.SQLHelper  - close(resultSet=org.apache.commons.dbcp.DelegatingResultSet@7d4b34bb) - start
171025 [main] DEBUG org.dbunit.util.search.DepthFirstSearch  - search:SCOPEDCONTENTCONDITIONS_SCOPEDCONTENT
171025 [main] DEBUG org.dbunit.database.search.ExportedKeysSearchCallback  - searchNode(node=SCOPEDCONTENTCONDITIONS_SCOPEDCONTENT) - start
171026 [main] DEBUG org.dbunit.util.search.DepthFirstSearch  - Pushing SCOPEDCONTENTCONDITIONS_SCOPEDCONTENT
171026 [main] DEBUG org.dbunit.database.search.ExportedKeysSearchCallback  - getEdges(node=SCOPEDCONTENTCONDITIONS_SCOPEDCONTENT) - start
171026 [main] DEBUG org.dbunit.database.search.AbstractMetaDataBasedSearchCallback  - getNodesFromExportedKeys(node=SCOPEDCONTENTCONDITIONS_SCOPEDCONTENT) - start
171026 [main] DEBUG org.dbunit.database.search.AbstractMetaDataBasedSearchCallback  - getNodes(type=1, node=SCOPEDCONTENTCONDITIONS_SCOPEDCONTENT) - start
171026 [main] DEBUG org.dbunit.database.DatabaseDataSourceConnection  - getConnection() - start
171026 [main] DEBUG org.dbunit.database.search.AbstractMetaDataBasedSearchCallback  - getNodes(type=1, node=SCOPEDCONTENTCONDITIONS_SCOPEDCONTENT, conn=Transaction-aware proxy for target Connection [jdbc:hsqldb:mem:kontrollDS, UserName=sw, HSQL Database Engine Driver], schema=null, metaData=org.apache.commons.dbcp.DelegatingDatabaseMetaData@54732140, edges=[]) - start
171026 [main] DEBUG org.dbunit.database.search.AbstractMetaDataBasedSearchCallback  - Getting edges for node SCOPEDCONTENTCONDITIONS_SCOPEDCONTENT
171026 [main] TRACE org.dbunit.database.DatabaseConfig  - getProperty(name=http://www.dbunit.org/properties/metadataHandler) - start
171026 [main] TRACE org.dbunit.database.DefaultMetadataHandler  - tableExists(metaData=org.apache.commons.dbcp.DelegatingDatabaseMetaData@54732140, schemaName=null, tableName=SCOPEDCONTENTCONDITIONS_SCOPEDCONTENT) - start
171027 [main] DEBUG org.dbunit.util.SQLHelper  - close(resultSet=org.apache.commons.dbcp.DelegatingResultSet@6c8688c6) - start
171028 [main] DEBUG org.dbunit.util.SQLHelper  - close(resultSet=org.apache.commons.dbcp.DelegatingResultSet@696e1264) - start
171028 [main] DEBUG org.dbunit.util.search.DepthFirstSearch  - Adding node SCOPEDCONTENTCONDITIONS_SCOPEDCONTENT to the final result
171028 [main] DEBUG org.dbunit.util.search.DepthFirstSearch  - search:SCOPEDCONTENT_SCOPEDCONTENTITEM
171028 [main] DEBUG org.dbunit.database.search.ExportedKeysSearchCallback  - searchNode(node=SCOPEDCONTENT_SCOPEDCONTENTITEM) - start
171028 [main] DEBUG org.dbunit.util.search.DepthFirstSearch  - Pushing SCOPEDCONTENT_SCOPEDCONTENTITEM
171028 [main] DEBUG org.dbunit.database.search.ExportedKeysSearchCallback  - getEdges(node=SCOPEDCONTENT_SCOPEDCONTENTITEM) - start
171028 [main] DEBUG org.dbunit.database.search.AbstractMetaDataBasedSearchCallback  - getNodesFromExportedKeys(node=SCOPEDCONTENT_SCOPEDCONTENTITEM) - start
171028 [main] DEBUG org.dbunit.database.search.AbstractMetaDataBasedSearchCallback  - getNodes(type=1, node=SCOPEDCONTENT_SCOPEDCONTENTITEM) - start
171028 [main] DEBUG org.dbunit.database.DatabaseDataSourceConnection  - getConnection() - start
171028 [main] DEBUG org.dbunit.database.search.AbstractMetaDataBasedSearchCallback  - getNodes(type=1, node=SCOPEDCONTENT_SCOPEDCONTENTITEM, conn=Transaction-aware proxy for target Connection [jdbc:hsqldb:mem:kontrollDS, UserName=sw, HSQL Database Engine Driver], schema=null, metaData=org.apache.commons.dbcp.DelegatingDatabaseMetaData@3979994f, edges=[]) - start
171028 [main] DEBUG org.dbunit.database.search.AbstractMetaDataBasedSearchCallback  - Getting edges for node SCOPEDCONTENT_SCOPEDCONTENTITEM
171029 [main] TRACE org.dbunit.database.DatabaseConfig  - getProperty(name=http://www.dbunit.org/properties/metadataHandler) - start
171029 [main] TRACE org.dbunit.database.DefaultMetadataHandler  - tableExists(metaData=org.apache.commons.dbcp.DelegatingDatabaseMetaData@3979994f, schemaName=null, tableName=SCOPEDCONTENT_SCOPEDCONTENTITEM) - start
171030 [main] DEBUG org.dbunit.util.SQLHelper  - close(resultSet=org.apache.commons.dbcp.DelegatingResultSet@47ce9e4c) - start
171030 [main] DEBUG org.dbunit.util.SQLHelper  - close(resultSet=org.apache.commons.dbcp.DelegatingResultSet@65a3fd7) - start
171030 [main] DEBUG org.dbunit.util.search.DepthFirstSearch  - Adding node SCOPEDCONTENT_SCOPEDCONTENTITEM to the final result
171030 [main] DEBUG org.dbunit.util.search.DepthFirstSearch  - search:SCOPEDCONTENT
171030 [main] DEBUG org.dbunit.database.search.ExportedKeysSearchCallback  - searchNode(node=SCOPEDCONTENT) - start
171030 [main] DEBUG org.dbunit.util.search.DepthFirstSearch  - Pushing SCOPEDCONTENT
171030 [main] DEBUG org.dbunit.database.search.ExportedKeysSearchCallback  - getEdges(node=SCOPEDCONTENT) - start
171031 [main] DEBUG org.dbunit.database.search.AbstractMetaDataBasedSearchCallback  - getNodesFromExportedKeys(node=SCOPEDCONTENT) - start
171031 [main] DEBUG org.dbunit.database.search.AbstractMetaDataBasedSearchCallback  - getNodes(type=1, node=SCOPEDCONTENT) - start
171031 [main] DEBUG org.dbunit.database.DatabaseDataSourceConnection  - getConnection() - start
171031 [main] DEBUG org.dbunit.database.search.AbstractMetaDataBasedSearchCallback  - getNodes(type=1, node=SCOPEDCONTENT, conn=Transaction-aware proxy for target Connection [jdbc:hsqldb:mem:kontrollDS, UserName=sw, HSQL Database Engine Driver], schema=null, metaData=org.apache.commons.dbcp.DelegatingDatabaseMetaData@f153f83, edges=[]) - start
171031 [main] DEBUG org.dbunit.database.search.AbstractMetaDataBasedSearchCallback  - Getting edges for node SCOPEDCONTENT
171031 [main] TRACE org.dbunit.database.DatabaseConfig  - getProperty(name=http://www.dbunit.org/properties/metadataHandler) - start
171031 [main] TRACE org.dbunit.database.DefaultMetadataHandler  - tableExists(metaData=org.apache.commons.dbcp.DelegatingDatabaseMetaData@f153f83, schemaName=null, tableName=SCOPEDCONTENT) - start
171032 [main] DEBUG org.dbunit.util.SQLHelper  - close(resultSet=org.apache.commons.dbcp.DelegatingResultSet@4ce25ebb) - start
171033 [main] DEBUG org.dbunit.util.QualifiedTableName  - getQualifiedNameIfEnabled(config=org.dbunit.database.DatabaseConfig[, _propertyMap={http://www.dbunit.org/properties/statementFactory=org.dbunit.database.statement.PreparedStatementFactory@626bc2b8, http://www.dbunit.org/features/caseSensitiveTableNames=false, http://www.dbunit.org/properties/fetchSize=100, http://www.dbunit.org/features/batchedStatements=false, http://www.dbunit.org/properties/metadataHandler=org.dbunit.database.DefaultMetadataHandler@62baffef, http://www.dbunit.org/properties/datatypeFactory=org.dbunit.dataset.datatype.DefaultDataTypeFactory[_toleratedDeltaMap=org.dbunit.dataset.datatype.ToleratedDeltaMap@6452310a], http://www.dbunit.org/properties/escapePattern=null, http://www.dbunit.org/properties/batchSize=100, http://www.dbunit.org/features/qualifiedTableNames=false, http://www.dbunit.org/properties/tableType=[Ljava.lang.String;@5011bafa, http://www.dbunit.org/properties/resultSetTableFactory=org.dbunit.database.CachedResultSetTableFactory@10bcf083, http://www.dbunit.org/features/datatypeWarning=true}]) - start
171033 [main] TRACE org.dbunit.database.DatabaseConfig  - getFeature(name=http://www.dbunit.org/features/qualifiedTableNames) - start
171033 [main] TRACE org.dbunit.database.DatabaseConfig  - getProperty(name=http://www.dbunit.org/features/qualifiedTableNames) - start
171033 [main] DEBUG org.dbunit.util.QualifiedTableName  - Qualified table names feature is disabled. Returning plain table name
171033 [main] DEBUG org.dbunit.util.QualifiedTableName  - getQualifiedName(prefix=null, name=SCOPEDCONTENT, escapePattern=null) - start
171033 [main] DEBUG org.dbunit.util.QualifiedTableName  - getQualifiedNameIfEnabled(config=org.dbunit.database.DatabaseConfig[, _propertyMap={http://www.dbunit.org/properties/statementFactory=org.dbunit.database.statement.PreparedStatementFactory@626bc2b8, http://www.dbunit.org/features/caseSensitiveTableNames=false, http://www.dbunit.org/properties/fetchSize=100, http://www.dbunit.org/features/batchedStatements=false, http://www.dbunit.org/properties/metadataHandler=org.dbunit.database.DefaultMetadataHandler@62baffef, http://www.dbunit.org/properties/datatypeFactory=org.dbunit.dataset.datatype.DefaultDataTypeFactory[_toleratedDeltaMap=org.dbunit.dataset.datatype.ToleratedDeltaMap@6452310a], http://www.dbunit.org/properties/escapePattern=null, http://www.dbunit.org/properties/batchSize=100, http://www.dbunit.org/features/qualifiedTableNames=false, http://www.dbunit.org/properties/tableType=[Ljava.lang.String;@5011bafa, http://www.dbunit.org/properties/resultSetTableFactory=org.dbunit.database.CachedResultSetTableFactory@10bcf083, http://www.dbunit.org/features/datatypeWarning=true}]) - start
171033 [main] TRACE org.dbunit.database.DatabaseConfig  - getFeature(name=http://www.dbunit.org/features/qualifiedTableNames) - start
171033 [main] TRACE org.dbunit.database.DatabaseConfig  - getProperty(name=http://www.dbunit.org/features/qualifiedTableNames) - start
171033 [main] DEBUG org.dbunit.util.QualifiedTableName  - Qualified table names feature is disabled. Returning plain table name
171034 [main] DEBUG org.dbunit.util.QualifiedTableName  - getQualifiedName(prefix=null, name=SCOPEDCONTENTCONDITIONS_SCOPEDCONTENT, escapePattern=null) - start
171034 [main] DEBUG org.dbunit.database.search.AbstractMetaDataBasedSearchCallback  - newEdge(rs=org.apache.commons.dbcp.DelegatingResultSet@150085c0, type=1, from=SCOPEDCONTENT, to=SCOPEDCONTENTCONDITIONS_SCOPEDCONTENT, fkColumn=SCOPED_CONTENT_ID, pkColumn=ID) - start
171034 [main] DEBUG org.dbunit.database.search.AbstractMetaDataBasedSearchCallback  - createFKEdge(rs=org.apache.commons.dbcp.DelegatingResultSet@150085c0, type=1, from=SCOPEDCONTENT, to=SCOPEDCONTENTCONDITIONS_SCOPEDCONTENT, fkColumn=SCOPED_CONTENT_ID, pkColumn=ID) - start
171034 [main] DEBUG org.dbunit.database.search.AbstractMetaDataBasedSearchCallback  - Adding edge SCOPEDCONTENTCONDITIONS_SCOPEDCONTENT(SCOPED_CONTENT_ID)->SCOPEDCONTENT(ID)
171034 [main] DEBUG org.dbunit.util.search.Edge  - compareTo(o=SCOPEDCONTENTCONDITIONS_SCOPEDCONTENT(SCOPED_CONTENT_ID)->SCOPEDCONTENT(ID)) - start
171034 [main] DEBUG org.dbunit.util.QualifiedTableName  - getQualifiedNameIfEnabled(config=org.dbunit.database.DatabaseConfig[, _propertyMap={http://www.dbunit.org/properties/statementFactory=org.dbunit.database.statement.PreparedStatementFactory@626bc2b8, http://www.dbunit.org/features/caseSensitiveTableNames=false, http://www.dbunit.org/properties/fetchSize=100, http://www.dbunit.org/features/batchedStatements=false, http://www.dbunit.org/properties/metadataHandler=org.dbunit.database.DefaultMetadataHandler@62baffef, http://www.dbunit.org/properties/datatypeFactory=org.dbunit.dataset.datatype.DefaultDataTypeFactory[_toleratedDeltaMap=org.dbunit.dataset.datatype.ToleratedDeltaMap@6452310a], http://www.dbunit.org/properties/escapePattern=null, http://www.dbunit.org/properties/batchSize=100, http://www.dbunit.org/features/qualifiedTableNames=false, http://www.dbunit.org/properties/tableType=[Ljava.lang.String;@5011bafa, http://www.dbunit.org/properties/resultSetTableFactory=org.dbunit.database.CachedResultSetTableFactory@10bcf083, http://www.dbunit.org/features/datatypeWarning=true}]) - start
171034 [main] TRACE org.dbunit.database.DatabaseConfig  - getFeature(name=http://www.dbunit.org/features/qualifiedTableNames) - start
171034 [main] TRACE org.dbunit.database.DatabaseConfig  - getProperty(name=http://www.dbunit.org/features/qualifiedTableNames) - start
171034 [main] DEBUG org.dbunit.util.QualifiedTableName  - Qualified table names feature is disabled. Returning plain table name
171034 [main] DEBUG org.dbunit.util.QualifiedTableName  - getQualifiedName(prefix=null, name=SCOPEDCONTENT, escapePattern=null) - start
171034 [main] DEBUG org.dbunit.util.QualifiedTableName  - getQualifiedNameIfEnabled(config=org.dbunit.database.DatabaseConfig[, _propertyMap={http://www.dbunit.org/properties/statementFactory=org.dbunit.database.statement.PreparedStatementFactory@626bc2b8, http://www.dbunit.org/features/caseSensitiveTableNames=false, http://www.dbunit.org/properties/fetchSize=100, http://www.dbunit.org/features/batchedStatements=false, http://www.dbunit.org/properties/metadataHandler=org.dbunit.database.DefaultMetadataHandler@62baffef, http://www.dbunit.org/properties/datatypeFactory=org.dbunit.dataset.datatype.DefaultDataTypeFactory[_toleratedDeltaMap=org.dbunit.dataset.datatype.ToleratedDeltaMap@6452310a], http://www.dbunit.org/properties/escapePattern=null, http://www.dbunit.org/properties/batchSize=100, http://www.dbunit.org/features/qualifiedTableNames=false, http://www.dbunit.org/properties/tableType=[Ljava.lang.String;@5011bafa, http://www.dbunit.org/properties/resultSetTableFactory=org.dbunit.database.CachedResultSetTableFactory@10bcf083, http://www.dbunit.org/features/datatypeWarning=true}]) - start
171035 [main] TRACE org.dbunit.database.DatabaseConfig  - getFeature(name=http://www.dbunit.org/features/qualifiedTableNames) - start
171035 [main] TRACE org.dbunit.database.DatabaseConfig  - getProperty(name=http://www.dbunit.org/features/qualifiedTableNames) - start
171035 [main] DEBUG org.dbunit.util.QualifiedTableName  - Qualified table names feature is disabled. Returning plain table name
171035 [main] DEBUG org.dbunit.util.QualifiedTableName  - getQualifiedName(prefix=null, name=SCOPEDCONTENT_SCOPEDCONTENTITEM, escapePattern=null) - start
171035 [main] DEBUG org.dbunit.database.search.AbstractMetaDataBasedSearchCallback  - newEdge(rs=org.apache.commons.dbcp.DelegatingResultSet@150085c0, type=1, from=SCOPEDCONTENT, to=SCOPEDCONTENT_SCOPEDCONTENTITEM, fkColumn=SCOPED_CONTENT_ITEM_ID, pkColumn=ID) - start
171035 [main] DEBUG org.dbunit.database.search.AbstractMetaDataBasedSearchCallback  - createFKEdge(rs=org.apache.commons.dbcp.DelegatingResultSet@150085c0, type=1, from=SCOPEDCONTENT, to=SCOPEDCONTENT_SCOPEDCONTENTITEM, fkColumn=SCOPED_CONTENT_ITEM_ID, pkColumn=ID) - start
171035 [main] DEBUG org.dbunit.database.search.AbstractMetaDataBasedSearchCallback  - Adding edge SCOPEDCONTENT_SCOPEDCONTENTITEM(SCOPED_CONTENT_ITEM_ID)->SCOPEDCONTENT(ID)
171035 [main] DEBUG org.dbunit.util.search.Edge  - compareTo(o=SCOPEDCONTENTCONDITIONS_SCOPEDCONTENT(SCOPED_CONTENT_ID)->SCOPEDCONTENT(ID)) - start
171035 [main] DEBUG org.dbunit.util.SQLHelper  - close(resultSet=org.apache.commons.dbcp.DelegatingResultSet@150085c0) - start
171035 [main] DEBUG org.dbunit.util.search.DepthFirstSearch  - search:SCOPEDCONTENT
171035 [main] DEBUG org.dbunit.util.search.DepthFirstSearch  - already searched; returning true
171035 [main] DEBUG org.dbunit.util.search.DepthFirstSearch  - search:SCOPEDCONTENT
171035 [main] DEBUG org.dbunit.util.search.DepthFirstSearch  - already searched; returning true
171035 [main] DEBUG org.dbunit.util.search.DepthFirstSearch  - Adding node SCOPEDCONTENT to the final result
171035 [main] DEBUG org.dbunit.util.search.DepthFirstSearch  - search:SCOPE_REQUESTCONTEXT
171035 [main] DEBUG org.dbunit.database.search.ExportedKeysSearchCallback  - searchNode(node=SCOPE_REQUESTCONTEXT) - start
171035 [main] DEBUG org.dbunit.util.search.DepthFirstSearch  - Pushing SCOPE_REQUESTCONTEXT
171035 [main] DEBUG org.dbunit.database.search.ExportedKeysSearchCallback  - getEdges(node=SCOPE_REQUESTCONTEXT) - start
171035 [main] DEBUG org.dbunit.database.search.AbstractMetaDataBasedSearchCallback  - getNodesFromExportedKeys(node=SCOPE_REQUESTCONTEXT) - start
171035 [main] DEBUG org.dbunit.database.search.AbstractMetaDataBasedSearchCallback  - getNodes(type=1, node=SCOPE_REQUESTCONTEXT) - start
171035 [main] DEBUG org.dbunit.database.DatabaseDataSourceConnection  - getConnection() - start
171036 [main] DEBUG org.dbunit.database.search.AbstractMetaDataBasedSearchCallback  - getNodes(type=1, node=SCOPE_REQUESTCONTEXT, conn=Transaction-aware proxy for target Connection [jdbc:hsqldb:mem:kontrollDS, UserName=sw, HSQL Database Engine Driver], schema=null, metaData=org.apache.commons.dbcp.DelegatingDatabaseMetaData@554d0b05, edges=[]) - start
171036 [main] DEBUG org.dbunit.database.search.AbstractMetaDataBasedSearchCallback  - Getting edges for node SCOPE_REQUESTCONTEXT
171036 [main] TRACE org.dbunit.database.DatabaseConfig  - getProperty(name=http://www.dbunit.org/properties/metadataHandler) - start
171036 [main] TRACE org.dbunit.database.DefaultMetadataHandler  - tableExists(metaData=org.apache.commons.dbcp.DelegatingDatabaseMetaData@554d0b05, schemaName=null, tableName=SCOPE_REQUESTCONTEXT) - start
171037 [main] DEBUG org.dbunit.util.SQLHelper  - close(resultSet=org.apache.commons.dbcp.DelegatingResultSet@536ce72b) - start
171037 [main] DEBUG org.dbunit.util.SQLHelper  - close(resultSet=org.apache.commons.dbcp.DelegatingResultSet@2ed09add) - start
171037 [main] DEBUG org.dbunit.util.search.DepthFirstSearch  - Adding node SCOPE_REQUESTCONTEXT to the final result
171037 [main] DEBUG org.dbunit.util.search.DepthFirstSearch  - search:SCOPE
171037 [main] DEBUG org.dbunit.database.search.ExportedKeysSearchCallback  - searchNode(node=SCOPE) - start
171037 [main] DEBUG org.dbunit.util.search.DepthFirstSearch  - Pushing SCOPE
171037 [main] DEBUG org.dbunit.database.search.ExportedKeysSearchCallback  - getEdges(node=SCOPE) - start
171037 [main] DEBUG org.dbunit.database.search.AbstractMetaDataBasedSearchCallback  - getNodesFromExportedKeys(node=SCOPE) - start
171037 [main] DEBUG org.dbunit.database.search.AbstractMetaDataBasedSearchCallback  - getNodes(type=1, node=SCOPE) - start
171037 [main] DEBUG org.dbunit.database.DatabaseDataSourceConnection  - getConnection() - start
171037 [main] DEBUG org.dbunit.database.search.AbstractMetaDataBasedSearchCallback  - getNodes(type=1, node=SCOPE, conn=Transaction-aware proxy for target Connection [jdbc:hsqldb:mem:kontrollDS, UserName=sw, HSQL Database Engine Driver], schema=null, metaData=org.apache.commons.dbcp.DelegatingDatabaseMetaData@1673b2e, edges=[]) - start
171037 [main] DEBUG org.dbunit.database.search.AbstractMetaDataBasedSearchCallback  - Getting edges for node SCOPE
171037 [main] TRACE org.dbunit.database.DatabaseConfig  - getProperty(name=http://www.dbunit.org/properties/metadataHandler) - start
171037 [main] TRACE org.dbunit.database.DefaultMetadataHandler  - tableExists(metaData=org.apache.commons.dbcp.DelegatingDatabaseMetaData@1673b2e, schemaName=null, tableName=SCOPE) - start
171038 [main] DEBUG org.dbunit.util.SQLHelper  - close(resultSet=org.apache.commons.dbcp.DelegatingResultSet@e3a62f0) - start
171039 [main] DEBUG org.dbunit.util.QualifiedTableName  - getQualifiedNameIfEnabled(config=org.dbunit.database.DatabaseConfig[, _propertyMap={http://www.dbunit.org/properties/statementFactory=org.dbunit.database.statement.PreparedStatementFactory@626bc2b8, http://www.dbunit.org/features/caseSensitiveTableNames=false, http://www.dbunit.org/properties/fetchSize=100, http://www.dbunit.org/features/batchedStatements=false, http://www.dbunit.org/properties/metadataHandler=org.dbunit.database.DefaultMetadataHandler@62baffef, http://www.dbunit.org/properties/datatypeFactory=org.dbunit.dataset.datatype.DefaultDataTypeFactory[_toleratedDeltaMap=org.dbunit.dataset.datatype.ToleratedDeltaMap@6452310a], http://www.dbunit.org/properties/escapePattern=null, http://www.dbunit.org/properties/batchSize=100, http://www.dbunit.org/features/qualifiedTableNames=false, http://www.dbunit.org/properties/tableType=[Ljava.lang.String;@5011bafa, http://www.dbunit.org/properties/resultSetTableFactory=org.dbunit.database.CachedResultSetTableFactory@10bcf083, http://www.dbunit.org/features/datatypeWarning=true}]) - start
171039 [main] TRACE org.dbunit.database.DatabaseConfig  - getFeature(name=http://www.dbunit.org/features/qualifiedTableNames) - start
171039 [main] TRACE org.dbunit.database.DatabaseConfig  - getProperty(name=http://www.dbunit.org/features/qualifiedTableNames) - start
171039 [main] DEBUG org.dbunit.util.QualifiedTableName  - Qualified table names feature is disabled. Returning plain table name
171039 [main] DEBUG org.dbunit.util.QualifiedTableName  - getQualifiedName(prefix=null, name=SCOPE, escapePattern=null) - start
171039 [main] DEBUG org.dbunit.util.QualifiedTableName  - getQualifiedNameIfEnabled(config=org.dbunit.database.DatabaseConfig[, _propertyMap={http://www.dbunit.org/properties/statementFactory=org.dbunit.database.statement.PreparedStatementFactory@626bc2b8, http://www.dbunit.org/features/caseSensitiveTableNames=false, http://www.dbunit.org/properties/fetchSize=100, http://www.dbunit.org/features/batchedStatements=false, http://www.dbunit.org/properties/metadataHandler=org.dbunit.database.DefaultMetadataHandler@62baffef, http://www.dbunit.org/properties/datatypeFactory=org.dbunit.dataset.datatype.DefaultDataTypeFactory[_toleratedDeltaMap=org.dbunit.dataset.datatype.ToleratedDeltaMap@6452310a], http://www.dbunit.org/properties/escapePattern=null, http://www.dbunit.org/properties/batchSize=100, http://www.dbunit.org/features/qualifiedTableNames=false, http://www.dbunit.org/properties/tableType=[Ljava.lang.String;@5011bafa, http://www.dbunit.org/properties/resultSetTableFactory=org.dbunit.database.CachedResultSetTableFactory@10bcf083, http://www.dbunit.org/features/datatypeWarning=true}]) - start
171039 [main] TRACE org.dbunit.database.DatabaseConfig  - getFeature(name=http://www.dbunit.org/features/qualifiedTableNames) - start
171039 [main] TRACE org.dbunit.database.DatabaseConfig  - getProperty(name=http://www.dbunit.org/features/qualifiedTableNames) - start
171039 [main] DEBUG org.dbunit.util.QualifiedTableName  - Qualified table names feature is disabled. Returning plain table name
171039 [main] DEBUG org.dbunit.util.QualifiedTableName  - getQualifiedName(prefix=null, name=SCOPE_REQUESTCONTEXT, escapePattern=null) - start
171039 [main] DEBUG org.dbunit.database.search.AbstractMetaDataBasedSearchCallback  - newEdge(rs=org.apache.commons.dbcp.DelegatingResultSet@55e0a078, type=1, from=SCOPE, to=SCOPE_REQUESTCONTEXT, fkColumn=SCOPE_ID, pkColumn=ID) - start
171039 [main] DEBUG org.dbunit.database.search.AbstractMetaDataBasedSearchCallback  - createFKEdge(rs=org.apache.commons.dbcp.DelegatingResultSet@55e0a078, type=1, from=SCOPE, to=SCOPE_REQUESTCONTEXT, fkColumn=SCOPE_ID, pkColumn=ID) - start
171039 [main] DEBUG org.dbunit.database.search.AbstractMetaDataBasedSearchCallback  - Adding edge SCOPE_REQUESTCONTEXT(SCOPE_ID)->SCOPE(ID)
171039 [main] DEBUG org.dbunit.util.search.Edge  - compareTo(o=SCOPE_REQUESTCONTEXT(SCOPE_ID)->SCOPE(ID)) - start
171039 [main] DEBUG org.dbunit.util.QualifiedTableName  - getQualifiedNameIfEnabled(config=org.dbunit.database.DatabaseConfig[, _propertyMap={http://www.dbunit.org/properties/statementFactory=org.dbunit.database.statement.PreparedStatementFactory@626bc2b8, http://www.dbunit.org/features/caseSensitiveTableNames=false, http://www.dbunit.org/properties/fetchSize=100, http://www.dbunit.org/features/batchedStatements=false, http://www.dbunit.org/properties/metadataHandler=org.dbunit.database.DefaultMetadataHandler@62baffef, http://www.dbunit.org/properties/datatypeFactory=org.dbunit.dataset.datatype.DefaultDataTypeFactory[_toleratedDeltaMap=org.dbunit.dataset.datatype.ToleratedDeltaMap@6452310a], http://www.dbunit.org/properties/escapePattern=null, http://www.dbunit.org/properties/batchSize=100, http://www.dbunit.org/features/qualifiedTableNames=false, http://www.dbunit.org/properties/tableType=[Ljava.lang.String;@5011bafa, http://www.dbunit.org/properties/resultSetTableFactory=org.dbunit.database.CachedResultSetTableFactory@10bcf083, http://www.dbunit.org/features/datatypeWarning=true}]) - start
171039 [main] TRACE org.dbunit.database.DatabaseConfig  - getFeature(name=http://www.dbunit.org/features/qualifiedTableNames) - start
171039 [main] TRACE org.dbunit.database.DatabaseConfig  - getProperty(name=http://www.dbunit.org/features/qualifiedTableNames) - start
171040 [main] DEBUG org.dbunit.util.QualifiedTableName  - Qualified table names feature is disabled. Returning plain table name
171040 [main] DEBUG org.dbunit.util.QualifiedTableName  - getQualifiedName(prefix=null, name=SCOPE, escapePattern=null) - start
171040 [main] DEBUG org.dbunit.util.QualifiedTableName  - getQualifiedNameIfEnabled(config=org.dbunit.database.DatabaseConfig[, _propertyMap={http://www.dbunit.org/properties/statementFactory=org.dbunit.database.statement.PreparedStatementFactory@626bc2b8, http://www.dbunit.org/features/caseSensitiveTableNames=false, http://www.dbunit.org/properties/fetchSize=100, http://www.dbunit.org/features/batchedStatements=false, http://www.dbunit.org/properties/metadataHandler=org.dbunit.database.DefaultMetadataHandler@62baffef, http://www.dbunit.org/properties/datatypeFactory=org.dbunit.dataset.datatype.DefaultDataTypeFactory[_toleratedDeltaMap=org.dbunit.dataset.datatype.ToleratedDeltaMap@6452310a], http://www.dbunit.org/properties/escapePattern=null, http://www.dbunit.org/properties/batchSize=100, http://www.dbunit.org/features/qualifiedTableNames=false, http://www.dbunit.org/properties/tableType=[Ljava.lang.String;@5011bafa, http://www.dbunit.org/properties/resultSetTableFactory=org.dbunit.database.CachedResultSetTableFactory@10bcf083, http://www.dbunit.org/features/datatypeWarning=true}]) - start
171040 [main] TRACE org.dbunit.database.DatabaseConfig  - getFeature(name=http://www.dbunit.org/features/qualifiedTableNames) - start
171040 [main] TRACE org.dbunit.database.DatabaseConfig  - getProperty(name=http://www.dbunit.org/features/qualifiedTableNames) - start
171040 [main] DEBUG org.dbunit.util.QualifiedTableName  - Qualified table names feature is disabled. Returning plain table name
171040 [main] DEBUG org.dbunit.util.QualifiedTableName  - getQualifiedName(prefix=null, name=SCOPEDCONTENT, escapePattern=null) - start
171040 [main] DEBUG org.dbunit.database.search.AbstractMetaDataBasedSearchCallback  - newEdge(rs=org.apache.commons.dbcp.DelegatingResultSet@55e0a078, type=1, from=SCOPE, to=SCOPEDCONTENT, fkColumn=SCOPE, pkColumn=ID) - start
171040 [main] DEBUG org.dbunit.database.search.AbstractMetaDataBasedSearchCallback  - createFKEdge(rs=org.apache.commons.dbcp.DelegatingResultSet@55e0a078, type=1, from=SCOPE, to=SCOPEDCONTENT, fkColumn=SCOPE, pkColumn=ID) - start
171040 [main] DEBUG org.dbunit.database.search.AbstractMetaDataBasedSearchCallback  - Adding edge SCOPEDCONTENT(SCOPE)->SCOPE(ID)
171040 [main] DEBUG org.dbunit.util.search.Edge  - compareTo(o=SCOPE_REQUESTCONTEXT(SCOPE_ID)->SCOPE(ID)) - start
171040 [main] DEBUG org.dbunit.util.SQLHelper  - close(resultSet=org.apache.commons.dbcp.DelegatingResultSet@55e0a078) - start
171040 [main] DEBUG org.dbunit.util.search.DepthFirstSearch  - search:SCOPE
171040 [main] DEBUG org.dbunit.util.search.DepthFirstSearch  - already searched; returning true
171040 [main] DEBUG org.dbunit.util.search.DepthFirstSearch  - search:SCOPE
171040 [main] DEBUG org.dbunit.util.search.DepthFirstSearch  - already searched; returning true
171040 [main] DEBUG org.dbunit.util.search.DepthFirstSearch  - Adding node SCOPE to the final result
171040 [main] DEBUG org.dbunit.util.CollectionsHelper  - setToStrings(set=[SCOPEDCONTENTCONDITIONS_SCOPEDCONTENT, SCOPEDCONTENT_SCOPEDCONTENTITEM, SCOPEDCONTENT, SCOPE_REQUESTCONTEXT, SCOPE]) - start
171040 [main] DEBUG org.dbunit.database.search.TablesDependencyHelper  - getDirectDependsOnTables(connection=_databaseConfig=org.dbunit.database.DatabaseConfig[, _propertyMap={http://www.dbunit.org/properties/statementFactory=org.dbunit.database.statement.PreparedStatementFactory@626bc2b8, http://www.dbunit.org/features/caseSensitiveTableNames=false, http://www.dbunit.org/properties/fetchSize=100, http://www.dbunit.org/features/batchedStatements=false, http://www.dbunit.org/properties/metadataHandler=org.dbunit.database.DefaultMetadataHandler@62baffef, http://www.dbunit.org/properties/datatypeFactory=org.dbunit.dataset.datatype.DefaultDataTypeFactory[_toleratedDeltaMap=org.dbunit.dataset.datatype.ToleratedDeltaMap@6452310a], http://www.dbunit.org/properties/escapePattern=null, http://www.dbunit.org/properties/batchSize=100, http://www.dbunit.org/features/qualifiedTableNames=false, http://www.dbunit.org/properties/tableType=[Ljava.lang.String;@5011bafa, http://www.dbunit.org/properties/resultSetTableFactory=org.dbunit.database.CachedResultSetTableFactory@10bcf083, http://www.dbunit.org/features/datatypeWarning=true}], _dataSet=AbstractDataSet[_orderedTableNameMap=null], tableName=SCOPE) - start
171040 [main] DEBUG org.dbunit.util.search.DepthFirstSearch  - search(nodesFrom=[SCOPE], callback=org.dbunit.database.search.ExportedKeysSearchCallback@6c6e101e) - start
171040 [main] DEBUG org.dbunit.util.CollectionsHelper  - objectsToSet(objects=SCOPE) - start
171040 [main] DEBUG org.dbunit.util.search.DepthFirstSearch  - search(nodesFrom=[SCOPE], callback=org.dbunit.database.search.ExportedKeysSearchCallback@6c6e101e) - start
171040 [main] DEBUG org.dbunit.util.search.DepthFirstSearch  - reverseSearch:SCOPE
171040 [main] DEBUG org.dbunit.database.search.ExportedKeysSearchCallback  - searchNode(node=SCOPE) - start
171040 [main] DEBUG org.dbunit.util.search.DepthFirstSearch  - Pushing (reverse) SCOPE
171041 [main] DEBUG org.dbunit.database.search.ExportedKeysSearchCallback  - getEdges(node=SCOPE) - start
171041 [main] DEBUG org.dbunit.database.search.AbstractMetaDataBasedSearchCallback  - getNodesFromExportedKeys(node=SCOPE) - start
171041 [main] DEBUG org.dbunit.database.search.AbstractMetaDataBasedSearchCallback  - getNodes(type=1, node=SCOPE) - start
171041 [main] DEBUG org.dbunit.database.DatabaseDataSourceConnection  - getConnection() - start
171041 [main] DEBUG org.dbunit.database.search.AbstractMetaDataBasedSearchCallback  - getNodes(type=1, node=SCOPE, conn=Transaction-aware proxy for target Connection [jdbc:hsqldb:mem:kontrollDS, UserName=sw, HSQL Database Engine Driver], schema=null, metaData=org.apache.commons.dbcp.DelegatingDatabaseMetaData@2de4592f, edges=[]) - start
171041 [main] DEBUG org.dbunit.database.search.AbstractMetaDataBasedSearchCallback  - Getting edges for node SCOPE
171041 [main] TRACE org.dbunit.database.DatabaseConfig  - getProperty(name=http://www.dbunit.org/properties/metadataHandler) - start
171041 [main] TRACE org.dbunit.database.DefaultMetadataHandler  - tableExists(metaData=org.apache.commons.dbcp.DelegatingDatabaseMetaData@2de4592f, schemaName=null, tableName=SCOPE) - start
171042 [main] DEBUG org.dbunit.util.SQLHelper  - close(resultSet=org.apache.commons.dbcp.DelegatingResultSet@737ff54b) - start
171042 [main] DEBUG org.dbunit.util.QualifiedTableName  - getQualifiedNameIfEnabled(config=org.dbunit.database.DatabaseConfig[, _propertyMap={http://www.dbunit.org/properties/statementFactory=org.dbunit.database.statement.PreparedStatementFactory@626bc2b8, http://www.dbunit.org/features/caseSensitiveTableNames=false, http://www.dbunit.org/properties/fetchSize=100, http://www.dbunit.org/features/batchedStatements=false, http://www.dbunit.org/properties/metadataHandler=org.dbunit.database.DefaultMetadataHandler@62baffef, http://www.dbunit.org/properties/datatypeFactory=org.dbunit.dataset.datatype.DefaultDataTypeFactory[_toleratedDeltaMap=org.dbunit.dataset.datatype.ToleratedDeltaMap@6452310a], http://www.dbunit.org/properties/escapePattern=null, http://www.dbunit.org/properties/batchSize=100, http://www.dbunit.org/features/qualifiedTableNames=false, http://www.dbunit.org/properties/tableType=[Ljava.lang.String;@5011bafa, http://www.dbunit.org/properties/resultSetTableFactory=org.dbunit.database.CachedResultSetTableFactory@10bcf083, http://www.dbunit.org/features/datatypeWarning=true}]) - start
171042 [main] TRACE org.dbunit.database.DatabaseConfig  - getFeature(name=http://www.dbunit.org/features/qualifiedTableNames) - start
171042 [main] TRACE org.dbunit.database.DatabaseConfig  - getProperty(name=http://www.dbunit.org/features/qualifiedTableNames) - start
171042 [main] DEBUG org.dbunit.util.QualifiedTableName  - Qualified table names feature is disabled. Returning plain table name
171042 [main] DEBUG org.dbunit.util.QualifiedTableName  - getQualifiedName(prefix=null, name=SCOPE, escapePattern=null) - start
171042 [main] DEBUG org.dbunit.util.QualifiedTableName  - getQualifiedNameIfEnabled(config=org.dbunit.database.DatabaseConfig[, _propertyMap={http://www.dbunit.org/properties/statementFactory=org.dbunit.database.statement.PreparedStatementFactory@626bc2b8, http://www.dbunit.org/features/caseSensitiveTableNames=false, http://www.dbunit.org/properties/fetchSize=100, http://www.dbunit.org/features/batchedStatements=false, http://www.dbunit.org/properties/metadataHandler=org.dbunit.database.DefaultMetadataHandler@62baffef, http://www.dbunit.org/properties/datatypeFactory=org.dbunit.dataset.datatype.DefaultDataTypeFactory[_toleratedDeltaMap=org.dbunit.dataset.datatype.ToleratedDeltaMap@6452310a], http://www.dbunit.org/properties/escapePattern=null, http://www.dbunit.org/properties/batchSize=100, http://www.dbunit.org/features/qualifiedTableNames=false, http://www.dbunit.org/properties/tableType=[Ljava.lang.String;@5011bafa, http://www.dbunit.org/properties/resultSetTableFactory=org.dbunit.database.CachedResultSetTableFactory@10bcf083, http://www.dbunit.org/features/datatypeWarning=true}]) - start
171042 [main] TRACE org.dbunit.database.DatabaseConfig  - getFeature(name=http://www.dbunit.org/features/qualifiedTableNames) - start
171042 [main] TRACE org.dbunit.database.DatabaseConfig  - getProperty(name=http://www.dbunit.org/features/qualifiedTableNames) - start
171042 [main] DEBUG org.dbunit.util.QualifiedTableName  - Qualified table names feature is disabled. Returning plain table name
171042 [main] DEBUG org.dbunit.util.QualifiedTableName  - getQualifiedName(prefix=null, name=SCOPE_REQUESTCONTEXT, escapePattern=null) - start
171042 [main] DEBUG org.dbunit.database.search.AbstractMetaDataBasedSearchCallback  - newEdge(rs=org.apache.commons.dbcp.DelegatingResultSet@4ec3762, type=1, from=SCOPE, to=SCOPE_REQUESTCONTEXT, fkColumn=SCOPE_ID, pkColumn=ID) - start
171042 [main] DEBUG org.dbunit.database.search.AbstractMetaDataBasedSearchCallback  - createFKEdge(rs=org.apache.commons.dbcp.DelegatingResultSet@4ec3762, type=1, from=SCOPE, to=SCOPE_REQUESTCONTEXT, fkColumn=SCOPE_ID, pkColumn=ID) - start
171042 [main] DEBUG org.dbunit.database.search.AbstractMetaDataBasedSearchCallback  - Adding edge SCOPE_REQUESTCONTEXT(SCOPE_ID)->SCOPE(ID)
171043 [main] DEBUG org.dbunit.util.search.Edge  - compareTo(o=SCOPE_REQUESTCONTEXT(SCOPE_ID)->SCOPE(ID)) - start
171043 [main] DEBUG org.dbunit.util.QualifiedTableName  - getQualifiedNameIfEnabled(config=org.dbunit.database.DatabaseConfig[, _propertyMap={http://www.dbunit.org/properties/statementFactory=org.dbunit.database.statement.PreparedStatementFactory@626bc2b8, http://www.dbunit.org/features/caseSensitiveTableNames=false, http://www.dbunit.org/properties/fetchSize=100, http://www.dbunit.org/features/batchedStatements=false, http://www.dbunit.org/properties/metadataHandler=org.dbunit.database.DefaultMetadataHandler@62baffef, http://www.dbunit.org/properties/datatypeFactory=org.dbunit.dataset.datatype.DefaultDataTypeFactory[_toleratedDeltaMap=org.dbunit.dataset.datatype.ToleratedDeltaMap@6452310a], http://www.dbunit.org/properties/escapePattern=null, http://www.dbunit.org/properties/batchSize=100, http://www.dbunit.org/features/qualifiedTableNames=false, http://www.dbunit.org/properties/tableType=[Ljava.lang.String;@5011bafa, http://www.dbunit.org/properties/resultSetTableFactory=org.dbunit.database.CachedResultSetTableFactory@10bcf083, http://www.dbunit.org/features/datatypeWarning=true}]) - start
171043 [main] TRACE org.dbunit.database.DatabaseConfig  - getFeature(name=http://www.dbunit.org/features/qualifiedTableNames) - start
171043 [main] TRACE org.dbunit.database.DatabaseConfig  - getProperty(name=http://www.dbunit.org/features/qualifiedTableNames) - start
171043 [main] DEBUG org.dbunit.util.QualifiedTableName  - Qualified table names feature is disabled. Returning plain table name
171043 [main] DEBUG org.dbunit.util.QualifiedTableName  - getQualifiedName(prefix=null, name=SCOPE, escapePattern=null) - start
171043 [main] DEBUG org.dbunit.util.QualifiedTableName  - getQualifiedNameIfEnabled(config=org.dbunit.database.DatabaseConfig[, _propertyMap={http://www.dbunit.org/properties/statementFactory=org.dbunit.database.statement.PreparedStatementFactory@626bc2b8, http://www.dbunit.org/features/caseSensitiveTableNames=false, http://www.dbunit.org/properties/fetchSize=100, http://www.dbunit.org/features/batchedStatements=false, http://www.dbunit.org/properties/metadataHandler=org.dbunit.database.DefaultMetadataHandler@62baffef, http://www.dbunit.org/properties/datatypeFactory=org.dbunit.dataset.datatype.DefaultDataTypeFactory[_toleratedDeltaMap=org.dbunit.dataset.datatype.ToleratedDeltaMap@6452310a], http://www.dbunit.org/properties/escapePattern=null, http://www.dbunit.org/properties/batchSize=100, http://www.dbunit.org/features/qualifiedTableNames=false, http://www.dbunit.org/properties/tableType=[Ljava.lang.String;@5011bafa, http://www.dbunit.org/properties/resultSetTableFactory=org.dbunit.database.CachedResultSetTableFactory@10bcf083, http://www.dbunit.org/features/datatypeWarning=true}]) - start
171043 [main] TRACE org.dbunit.database.DatabaseConfig  - getFeature(name=http://www.dbunit.org/features/qualifiedTableNames) - start
171043 [main] TRACE org.dbunit.database.DatabaseConfig  - getProperty(name=http://www.dbunit.org/features/qualifiedTableNames) - start
171043 [main] DEBUG org.dbunit.util.QualifiedTableName  - Qualified table names feature is disabled. Returning plain table name
171043 [main] DEBUG org.dbunit.util.QualifiedTableName  - getQualifiedName(prefix=null, name=SCOPEDCONTENT, escapePattern=null) - start
171043 [main] DEBUG org.dbunit.database.search.AbstractMetaDataBasedSearchCallback  - newEdge(rs=org.apache.commons.dbcp.DelegatingResultSet@4ec3762, type=1, from=SCOPE, to=SCOPEDCONTENT, fkColumn=SCOPE, pkColumn=ID) - start
171043 [main] DEBUG org.dbunit.database.search.AbstractMetaDataBasedSearchCallback  - createFKEdge(rs=org.apache.commons.dbcp.DelegatingResultSet@4ec3762, type=1, from=SCOPE, to=SCOPEDCONTENT, fkColumn=SCOPE, pkColumn=ID) - start
171043 [main] DEBUG org.dbunit.database.search.AbstractMetaDataBasedSearchCallback  - Adding edge SCOPEDCONTENT(SCOPE)->SCOPE(ID)
171043 [main] DEBUG org.dbunit.util.search.Edge  - compareTo(o=SCOPE_REQUESTCONTEXT(SCOPE_ID)->SCOPE(ID)) - start
171043 [main] DEBUG org.dbunit.util.SQLHelper  - close(resultSet=org.apache.commons.dbcp.DelegatingResultSet@4ec3762) - start
171043 [main] DEBUG org.dbunit.util.search.DepthFirstSearch  - reverseSearch:SCOPEDCONTENT
171043 [main] DEBUG org.dbunit.database.search.ExportedKeysSearchCallback  - searchNode(node=SCOPEDCONTENT) - start
171043 [main] DEBUG org.dbunit.util.search.DepthFirstSearch  - Pushing (reverse) SCOPEDCONTENT
171043 [main] DEBUG org.dbunit.database.search.ExportedKeysSearchCallback  - getEdges(node=SCOPEDCONTENT) - start
171043 [main] DEBUG org.dbunit.database.search.AbstractMetaDataBasedSearchCallback  - getNodesFromExportedKeys(node=SCOPEDCONTENT) - start
171043 [main] DEBUG org.dbunit.database.search.AbstractMetaDataBasedSearchCallback  - getNodes(type=1, node=SCOPEDCONTENT) - start
171043 [main] DEBUG org.dbunit.database.DatabaseDataSourceConnection  - getConnection() - start
171043 [main] DEBUG org.dbunit.database.search.AbstractMetaDataBasedSearchCallback  - getNodes(type=1, node=SCOPEDCONTENT, conn=Transaction-aware proxy for target Connection [jdbc:hsqldb:mem:kontrollDS, UserName=sw, HSQL Database Engine Driver], schema=null, metaData=org.apache.commons.dbcp.DelegatingDatabaseMetaData@30280574, edges=[]) - start
171043 [main] DEBUG org.dbunit.database.search.AbstractMetaDataBasedSearchCallback  - Getting edges for node SCOPEDCONTENT
171044 [main] TRACE org.dbunit.database.DatabaseConfig  - getProperty(name=http://www.dbunit.org/properties/metadataHandler) - start
171044 [main] TRACE org.dbunit.database.DefaultMetadataHandler  - tableExists(metaData=org.apache.commons.dbcp.DelegatingDatabaseMetaData@30280574, schemaName=null, tableName=SCOPEDCONTENT) - start
171045 [main] DEBUG org.dbunit.util.SQLHelper  - close(resultSet=org.apache.commons.dbcp.DelegatingResultSet@3c3703f8) - start
171045 [main] DEBUG org.dbunit.util.QualifiedTableName  - getQualifiedNameIfEnabled(config=org.dbunit.database.DatabaseConfig[, _propertyMap={http://www.dbunit.org/properties/statementFactory=org.dbunit.database.statement.PreparedStatementFactory@626bc2b8, http://www.dbunit.org/features/caseSensitiveTableNames=false, http://www.dbunit.org/properties/fetchSize=100, http://www.dbunit.org/features/batchedStatements=false, http://www.dbunit.org/properties/metadataHandler=org.dbunit.database.DefaultMetadataHandler@62baffef, http://www.dbunit.org/properties/datatypeFactory=org.dbunit.dataset.datatype.DefaultDataTypeFactory[_toleratedDeltaMap=org.dbunit.dataset.datatype.ToleratedDeltaMap@6452310a], http://www.dbunit.org/properties/escapePattern=null, http://www.dbunit.org/properties/batchSize=100, http://www.dbunit.org/features/qualifiedTableNames=false, http://www.dbunit.org/properties/tableType=[Ljava.lang.String;@5011bafa, http://www.dbunit.org/properties/resultSetTableFactory=org.dbunit.database.CachedResultSetTableFactory@10bcf083, http://www.dbunit.org/features/datatypeWarning=true}]) - start
171045 [main] TRACE org.dbunit.database.DatabaseConfig  - getFeature(name=http://www.dbunit.org/features/qualifiedTableNames) - start
171045 [main] TRACE org.dbunit.database.DatabaseConfig  - getProperty(name=http://www.dbunit.org/features/qualifiedTableNames) - start
171045 [main] DEBUG org.dbunit.util.QualifiedTableName  - Qualified table names feature is disabled. Returning plain table name
171045 [main] DEBUG org.dbunit.util.QualifiedTableName  - getQualifiedName(prefix=null, name=SCOPEDCONTENT, escapePattern=null) - start
171045 [main] DEBUG org.dbunit.util.QualifiedTableName  - getQualifiedNameIfEnabled(config=org.dbunit.database.DatabaseConfig[, _propertyMap={http://www.dbunit.org/properties/statementFactory=org.dbunit.database.statement.PreparedStatementFactory@626bc2b8, http://www.dbunit.org/features/caseSensitiveTableNames=false, http://www.dbunit.org/properties/fetchSize=100, http://www.dbunit.org/features/batchedStatements=false, http://www.dbunit.org/properties/metadataHandler=org.dbunit.database.DefaultMetadataHandler@62baffef, http://www.dbunit.org/properties/datatypeFactory=org.dbunit.dataset.datatype.DefaultDataTypeFactory[_toleratedDeltaMap=org.dbunit.dataset.datatype.ToleratedDeltaMap@6452310a], http://www.dbunit.org/properties/escapePattern=null, http://www.dbunit.org/properties/batchSize=100, http://www.dbunit.org/features/qualifiedTableNames=false, http://www.dbunit.org/properties/tableType=[Ljava.lang.String;@5011bafa, http://www.dbunit.org/properties/resultSetTableFactory=org.dbunit.database.CachedResultSetTableFactory@10bcf083, http://www.dbunit.org/features/datatypeWarning=true}]) - start
171045 [main] TRACE org.dbunit.database.DatabaseConfig  - getFeature(name=http://www.dbunit.org/features/qualifiedTableNames) - start
171045 [main] TRACE org.dbunit.database.DatabaseConfig  - getProperty(name=http://www.dbunit.org/features/qualifiedTableNames) - start
171045 [main] DEBUG org.dbunit.util.QualifiedTableName  - Qualified table names feature is disabled. Returning plain table name
171045 [main] DEBUG org.dbunit.util.QualifiedTableName  - getQualifiedName(prefix=null, name=SCOPEDCONTENTCONDITIONS_SCOPEDCONTENT, escapePattern=null) - start
171045 [main] DEBUG org.dbunit.database.search.AbstractMetaDataBasedSearchCallback  - newEdge(rs=org.apache.commons.dbcp.DelegatingResultSet@7fec94ab, type=1, from=SCOPEDCONTENT, to=SCOPEDCONTENTCONDITIONS_SCOPEDCONTENT, fkColumn=SCOPED_CONTENT_ID, pkColumn=ID) - start
171045 [main] DEBUG org.dbunit.database.search.AbstractMetaDataBasedSearchCallback  - createFKEdge(rs=org.apache.commons.dbcp.DelegatingResultSet@7fec94ab, type=1, from=SCOPEDCONTENT, to=SCOPEDCONTENTCONDITIONS_SCOPEDCONTENT, fkColumn=SCOPED_CONTENT_ID, pkColumn=ID) - start
171045 [main] DEBUG org.dbunit.database.search.AbstractMetaDataBasedSearchCallback  - Adding edge SCOPEDCONTENTCONDITIONS_SCOPEDCONTENT(SCOPED_CONTENT_ID)->SCOPEDCONTENT(ID)
171045 [main] DEBUG org.dbunit.util.search.Edge  - compareTo(o=SCOPEDCONTENTCONDITIONS_SCOPEDCONTENT(SCOPED_CONTENT_ID)->SCOPEDCONTENT(ID)) - start
171045 [main] DEBUG org.dbunit.util.QualifiedTableName  - getQualifiedNameIfEnabled(config=org.dbunit.database.DatabaseConfig[, _propertyMap={http://www.dbunit.org/properties/statementFactory=org.dbunit.database.statement.PreparedStatementFactory@626bc2b8, http://www.dbunit.org/features/caseSensitiveTableNames=false, http://www.dbunit.org/properties/fetchSize=100, http://www.dbunit.org/features/batchedStatements=false, http://www.dbunit.org/properties/metadataHandler=org.dbunit.database.DefaultMetadataHandler@62baffef, http://www.dbunit.org/properties/datatypeFactory=org.dbunit.dataset.datatype.DefaultDataTypeFactory[_toleratedDeltaMap=org.dbunit.dataset.datatype.ToleratedDeltaMap@6452310a], http://www.dbunit.org/properties/escapePattern=null, http://www.dbunit.org/properties/batchSize=100, http://www.dbunit.org/features/qualifiedTableNames=false, http://www.dbunit.org/properties/tableType=[Ljava.lang.String;@5011bafa, http://www.dbunit.org/properties/resultSetTableFactory=org.dbunit.database.CachedResultSetTableFactory@10bcf083, http://www.dbunit.org/features/datatypeWarning=true}]) - start
171045 [main] TRACE org.dbunit.database.DatabaseConfig  - getFeature(name=http://www.dbunit.org/features/qualifiedTableNames) - start
171046 [main] TRACE org.dbunit.database.DatabaseConfig  - getProperty(name=http://www.dbunit.org/features/qualifiedTableNames) - start
171046 [main] DEBUG org.dbunit.util.QualifiedTableName  - Qualified table names feature is disabled. Returning plain table name
171046 [main] DEBUG org.dbunit.util.QualifiedTableName  - getQualifiedName(prefix=null, name=SCOPEDCONTENT, escapePattern=null) - start
171046 [main] DEBUG org.dbunit.util.QualifiedTableName  - getQualifiedNameIfEnabled(config=org.dbunit.database.DatabaseConfig[, _propertyMap={http://www.dbunit.org/properties/statementFactory=org.dbunit.database.statement.PreparedStatementFactory@626bc2b8, http://www.dbunit.org/features/caseSensitiveTableNames=false, http://www.dbunit.org/properties/fetchSize=100, http://www.dbunit.org/features/batchedStatements=false, http://www.dbunit.org/properties/metadataHandler=org.dbunit.database.DefaultMetadataHandler@62baffef, http://www.dbunit.org/properties/datatypeFactory=org.dbunit.dataset.datatype.DefaultDataTypeFactory[_toleratedDeltaMap=org.dbunit.dataset.datatype.ToleratedDeltaMap@6452310a], http://www.dbunit.org/properties/escapePattern=null, http://www.dbunit.org/properties/batchSize=100, http://www.dbunit.org/features/qualifiedTableNames=false, http://www.dbunit.org/properties/tableType=[Ljava.lang.String;@5011bafa, http://www.dbunit.org/properties/resultSetTableFactory=org.dbunit.database.CachedResultSetTableFactory@10bcf083, http://www.dbunit.org/features/datatypeWarning=true}]) - start
171046 [main] TRACE org.dbunit.database.DatabaseConfig  - getFeature(name=http://www.dbunit.org/features/qualifiedTableNames) - start
171046 [main] TRACE org.dbunit.database.DatabaseConfig  - getProperty(name=http://www.dbunit.org/features/qualifiedTableNames) - start
171046 [main] DEBUG org.dbunit.util.QualifiedTableName  - Qualified table names feature is disabled. Returning plain table name
171046 [main] DEBUG org.dbunit.util.QualifiedTableName  - getQualifiedName(prefix=null, name=SCOPEDCONTENT_SCOPEDCONTENTITEM, escapePattern=null) - start
171046 [main] DEBUG org.dbunit.database.search.AbstractMetaDataBasedSearchCallback  - newEdge(rs=org.apache.commons.dbcp.DelegatingResultSet@7fec94ab, type=1, from=SCOPEDCONTENT, to=SCOPEDCONTENT_SCOPEDCONTENTITEM, fkColumn=SCOPED_CONTENT_ITEM_ID, pkColumn=ID) - start
171046 [main] DEBUG org.dbunit.database.search.AbstractMetaDataBasedSearchCallback  - createFKEdge(rs=org.apache.commons.dbcp.DelegatingResultSet@7fec94ab, type=1, from=SCOPEDCONTENT, to=SCOPEDCONTENT_SCOPEDCONTENTITEM, fkColumn=SCOPED_CONTENT_ITEM_ID, pkColumn=ID) - start
171046 [main] DEBUG org.dbunit.database.search.AbstractMetaDataBasedSearchCallback  - Adding edge SCOPEDCONTENT_SCOPEDCONTENTITEM(SCOPED_CONTENT_ITEM_ID)->SCOPEDCONTENT(ID)
171046 [main] DEBUG org.dbunit.util.search.Edge  - compareTo(o=SCOPEDCONTENTCONDITIONS_SCOPEDCONTENT(SCOPED_CONTENT_ID)->SCOPEDCONTENT(ID)) - start
171046 [main] DEBUG org.dbunit.util.SQLHelper  - close(resultSet=org.apache.commons.dbcp.DelegatingResultSet@7fec94ab) - start
171046 [main] DEBUG org.dbunit.util.search.DepthFirstSearch  - reverseSearch:SCOPEDCONTENTCONDITIONS_SCOPEDCONTENT
171046 [main] DEBUG org.dbunit.database.search.ExportedKeysSearchCallback  - searchNode(node=SCOPEDCONTENTCONDITIONS_SCOPEDCONTENT) - start
171046 [main] DEBUG org.dbunit.util.search.DepthFirstSearch  - Pushing (reverse) SCOPEDCONTENTCONDITIONS_SCOPEDCONTENT
171046 [main] DEBUG org.dbunit.database.search.ExportedKeysSearchCallback  - getEdges(node=SCOPEDCONTENTCONDITIONS_SCOPEDCONTENT) - start
171046 [main] DEBUG org.dbunit.database.search.AbstractMetaDataBasedSearchCallback  - getNodesFromExportedKeys(node=SCOPEDCONTENTCONDITIONS_SCOPEDCONTENT) - start
171046 [main] DEBUG org.dbunit.database.search.AbstractMetaDataBasedSearchCallback  - getNodes(type=1, node=SCOPEDCONTENTCONDITIONS_SCOPEDCONTENT) - start
171046 [main] DEBUG org.dbunit.database.DatabaseDataSourceConnection  - getConnection() - start
171046 [main] DEBUG org.dbunit.database.search.AbstractMetaDataBasedSearchCallback  - getNodes(type=1, node=SCOPEDCONTENTCONDITIONS_SCOPEDCONTENT, conn=Transaction-aware proxy for target Connection [jdbc:hsqldb:mem:kontrollDS, UserName=sw, HSQL Database Engine Driver], schema=null, metaData=org.apache.commons.dbcp.DelegatingDatabaseMetaData@514a82a, edges=[]) - start
171046 [main] DEBUG org.dbunit.database.search.AbstractMetaDataBasedSearchCallback  - Getting edges for node SCOPEDCONTENTCONDITIONS_SCOPEDCONTENT
171046 [main] TRACE org.dbunit.database.DatabaseConfig  - getProperty(name=http://www.dbunit.org/properties/metadataHandler) - start
171047 [main] TRACE org.dbunit.database.DefaultMetadataHandler  - tableExists(metaData=org.apache.commons.dbcp.DelegatingDatabaseMetaData@514a82a, schemaName=null, tableName=SCOPEDCONTENTCONDITIONS_SCOPEDCONTENT) - start
171048 [main] DEBUG org.dbunit.util.SQLHelper  - close(resultSet=org.apache.commons.dbcp.DelegatingResultSet@2a52e96f) - start
171048 [main] DEBUG org.dbunit.util.SQLHelper  - close(resultSet=org.apache.commons.dbcp.DelegatingResultSet@394c1ac8) - start
171048 [main] DEBUG org.dbunit.util.search.DepthFirstSearch  - reverseSearch:SCOPEDCONTENT_SCOPEDCONTENTITEM
171048 [main] DEBUG org.dbunit.database.search.ExportedKeysSearchCallback  - searchNode(node=SCOPEDCONTENT_SCOPEDCONTENTITEM) - start
171048 [main] DEBUG org.dbunit.util.search.DepthFirstSearch  - Pushing (reverse) SCOPEDCONTENT_SCOPEDCONTENTITEM
171048 [main] DEBUG org.dbunit.util.search.DepthFirstSearch  - reverseSearch:SCOPE_REQUESTCONTEXT
171048 [main] DEBUG org.dbunit.database.search.ExportedKeysSearchCallback  - searchNode(node=SCOPE_REQUESTCONTEXT) - start
171048 [main] DEBUG org.dbunit.util.search.DepthFirstSearch  - Pushing (reverse) SCOPE_REQUESTCONTEXT
171048 [main] DEBUG org.dbunit.util.search.DepthFirstSearch  - search:SCOPEDCONTENTCONDITIONS_SCOPEDCONTENT
171048 [main] DEBUG org.dbunit.database.search.ExportedKeysSearchCallback  - searchNode(node=SCOPEDCONTENTCONDITIONS_SCOPEDCONTENT) - start
171048 [main] DEBUG org.dbunit.util.search.DepthFirstSearch  - Pushing SCOPEDCONTENTCONDITIONS_SCOPEDCONTENT
171048 [main] DEBUG org.dbunit.database.search.ExportedKeysSearchCallback  - getEdges(node=SCOPEDCONTENTCONDITIONS_SCOPEDCONTENT) - start
171048 [main] DEBUG org.dbunit.database.search.AbstractMetaDataBasedSearchCallback  - getNodesFromExportedKeys(node=SCOPEDCONTENTCONDITIONS_SCOPEDCONTENT) - start
171048 [main] DEBUG org.dbunit.database.search.AbstractMetaDataBasedSearchCallback  - getNodes(type=1, node=SCOPEDCONTENTCONDITIONS_SCOPEDCONTENT) - start
171048 [main] DEBUG org.dbunit.database.DatabaseDataSourceConnection  - getConnection() - start
171048 [main] DEBUG org.dbunit.database.search.AbstractMetaDataBasedSearchCallback  - getNodes(type=1, node=SCOPEDCONTENTCONDITIONS_SCOPEDCONTENT, conn=Transaction-aware proxy for target Connection [jdbc:hsqldb:mem:kontrollDS, UserName=sw, HSQL Database Engine Driver], schema=null, metaData=org.apache.commons.dbcp.DelegatingDatabaseMetaData@33725ddb, edges=[]) - start
171048 [main] DEBUG org.dbunit.database.search.AbstractMetaDataBasedSearchCallback  - Getting edges for node SCOPEDCONTENTCONDITIONS_SCOPEDCONTENT
171048 [main] TRACE org.dbunit.database.DatabaseConfig  - getProperty(name=http://www.dbunit.org/properties/metadataHandler) - start
171048 [main] TRACE org.dbunit.database.DefaultMetadataHandler  - tableExists(metaData=org.apache.commons.dbcp.DelegatingDatabaseMetaData@33725ddb, schemaName=null, tableName=SCOPEDCONTENTCONDITIONS_SCOPEDCONTENT) - start
171049 [main] DEBUG org.dbunit.util.SQLHelper  - close(resultSet=org.apache.commons.dbcp.DelegatingResultSet@3c45fcc) - start
171050 [main] DEBUG org.dbunit.util.SQLHelper  - close(resultSet=org.apache.commons.dbcp.DelegatingResultSet@5e994111) - start
171050 [main] DEBUG org.dbunit.util.search.DepthFirstSearch  - Adding node SCOPEDCONTENTCONDITIONS_SCOPEDCONTENT to the final result
171050 [main] DEBUG org.dbunit.util.search.DepthFirstSearch  - search:SCOPEDCONTENT_SCOPEDCONTENTITEM
171050 [main] DEBUG org.dbunit.database.search.ExportedKeysSearchCallback  - searchNode(node=SCOPEDCONTENT_SCOPEDCONTENTITEM) - start
171050 [main] DEBUG org.dbunit.util.search.DepthFirstSearch  - Pushing SCOPEDCONTENT_SCOPEDCONTENTITEM
171050 [main] DEBUG org.dbunit.database.search.ExportedKeysSearchCallback  - getEdges(node=SCOPEDCONTENT_SCOPEDCONTENTITEM) - start
171050 [main] DEBUG org.dbunit.database.search.AbstractMetaDataBasedSearchCallback  - getNodesFromExportedKeys(node=SCOPEDCONTENT_SCOPEDCONTENTITEM) - start
171050 [main] DEBUG org.dbunit.database.search.AbstractMetaDataBasedSearchCallback  - getNodes(type=1, node=SCOPEDCONTENT_SCOPEDCONTENTITEM) - start
171050 [main] DEBUG org.dbunit.database.DatabaseDataSourceConnection  - getConnection() - start
171050 [main] DEBUG org.dbunit.database.search.AbstractMetaDataBasedSearchCallback  - getNodes(type=1, node=SCOPEDCONTENT_SCOPEDCONTENTITEM, conn=Transaction-aware proxy for target Connection [jdbc:hsqldb:mem:kontrollDS, UserName=sw, HSQL Database Engine Driver], schema=null, metaData=org.apache.commons.dbcp.DelegatingDatabaseMetaData@1f7ef39c, edges=[]) - start
171050 [main] DEBUG org.dbunit.database.search.AbstractMetaDataBasedSearchCallback  - Getting edges for node SCOPEDCONTENT_SCOPEDCONTENTITEM
171050 [main] TRACE org.dbunit.database.DatabaseConfig  - getProperty(name=http://www.dbunit.org/properties/metadataHandler) - start
171050 [main] TRACE org.dbunit.database.DefaultMetadataHandler  - tableExists(metaData=org.apache.commons.dbcp.DelegatingDatabaseMetaData@1f7ef39c, schemaName=null, tableName=SCOPEDCONTENT_SCOPEDCONTENTITEM) - start
171051 [main] DEBUG org.dbunit.util.SQLHelper  - close(resultSet=org.apache.commons.dbcp.DelegatingResultSet@5241430f) - start
171051 [main] DEBUG org.dbunit.util.SQLHelper  - close(resultSet=org.apache.commons.dbcp.DelegatingResultSet@41fd5a7d) - start
171051 [main] DEBUG org.dbunit.util.search.DepthFirstSearch  - Adding node SCOPEDCONTENT_SCOPEDCONTENTITEM to the final result
171051 [main] DEBUG org.dbunit.util.search.DepthFirstSearch  - search:SCOPEDCONTENT
171051 [main] DEBUG org.dbunit.database.search.ExportedKeysSearchCallback  - searchNode(node=SCOPEDCONTENT) - start
171051 [main] DEBUG org.dbunit.util.search.DepthFirstSearch  - Pushing SCOPEDCONTENT
171051 [main] DEBUG org.dbunit.database.search.ExportedKeysSearchCallback  - getEdges(node=SCOPEDCONTENT) - start
171051 [main] DEBUG org.dbunit.database.search.AbstractMetaDataBasedSearchCallback  - getNodesFromExportedKeys(node=SCOPEDCONTENT) - start
171051 [main] DEBUG org.dbunit.database.search.AbstractMetaDataBasedSearchCallback  - getNodes(type=1, node=SCOPEDCONTENT) - start
171051 [main] DEBUG org.dbunit.database.DatabaseDataSourceConnection  - getConnection() - start
171051 [main] DEBUG org.dbunit.database.search.AbstractMetaDataBasedSearchCallback  - getNodes(type=1, node=SCOPEDCONTENT, conn=Transaction-aware proxy for target Connection [jdbc:hsqldb:mem:kontrollDS, UserName=sw, HSQL Database Engine Driver], schema=null, metaData=org.apache.commons.dbcp.DelegatingDatabaseMetaData@603fe663, edges=[]) - start
171051 [main] DEBUG org.dbunit.database.search.AbstractMetaDataBasedSearchCallback  - Getting edges for node SCOPEDCONTENT
171051 [main] TRACE org.dbunit.database.DatabaseConfig  - getProperty(name=http://www.dbunit.org/properties/metadataHandler) - start
171051 [main] TRACE org.dbunit.database.DefaultMetadataHandler  - tableExists(metaData=org.apache.commons.dbcp.DelegatingDatabaseMetaData@603fe663, schemaName=null, tableName=SCOPEDCONTENT) - start
171052 [main] DEBUG org.dbunit.util.SQLHelper  - close(resultSet=org.apache.commons.dbcp.DelegatingResultSet@69c56526) - start
171053 [main] DEBUG org.dbunit.util.QualifiedTableName  - getQualifiedNameIfEnabled(config=org.dbunit.database.DatabaseConfig[, _propertyMap={http://www.dbunit.org/properties/statementFactory=org.dbunit.database.statement.PreparedStatementFactory@626bc2b8, http://www.dbunit.org/features/caseSensitiveTableNames=false, http://www.dbunit.org/properties/fetchSize=100, http://www.dbunit.org/features/batchedStatements=false, http://www.dbunit.org/properties/metadataHandler=org.dbunit.database.DefaultMetadataHandler@62baffef, http://www.dbunit.org/properties/datatypeFactory=org.dbunit.dataset.datatype.DefaultDataTypeFactory[_toleratedDeltaMap=org.dbunit.dataset.datatype.ToleratedDeltaMap@6452310a], http://www.dbunit.org/properties/escapePattern=null, http://www.dbunit.org/properties/batchSize=100, http://www.dbunit.org/features/qualifiedTableNames=false, http://www.dbunit.org/properties/tableType=[Ljava.lang.String;@5011bafa, http://www.dbunit.org/properties/resultSetTableFactory=org.dbunit.database.CachedResultSetTableFactory@10bcf083, http://www.dbunit.org/features/datatypeWarning=true}]) - start
171053 [main] TRACE org.dbunit.database.DatabaseConfig  - getFeature(name=http://www.dbunit.org/features/qualifiedTableNames) - start
171053 [main] TRACE org.dbunit.database.DatabaseConfig  - getProperty(name=http://www.dbunit.org/features/qualifiedTableNames) - start
171053 [main] DEBUG org.dbunit.util.QualifiedTableName  - Qualified table names feature is disabled. Returning plain table name
171053 [main] DEBUG org.dbunit.util.QualifiedTableName  - getQualifiedName(prefix=null, name=SCOPEDCONTENT, escapePattern=null) - start
171053 [main] DEBUG org.dbunit.util.QualifiedTableName  - getQualifiedNameIfEnabled(config=org.dbunit.database.DatabaseConfig[, _propertyMap={http://www.dbunit.org/properties/statementFactory=org.dbunit.database.statement.PreparedStatementFactory@626bc2b8, http://www.dbunit.org/features/caseSensitiveTableNames=false, http://www.dbunit.org/properties/fetchSize=100, http://www.dbunit.org/features/batchedStatements=false, http://www.dbunit.org/properties/metadataHandler=org.dbunit.database.DefaultMetadataHandler@62baffef, http://www.dbunit.org/properties/datatypeFactory=org.dbunit.dataset.datatype.DefaultDataTypeFactory[_toleratedDeltaMap=org.dbunit.dataset.datatype.ToleratedDeltaMap@6452310a], http://www.dbunit.org/properties/escapePattern=null, http://www.dbunit.org/properties/batchSize=100, http://www.dbunit.org/features/qualifiedTableNames=false, http://www.dbunit.org/properties/tableType=[Ljava.lang.String;@5011bafa, http://www.dbunit.org/properties/resultSetTableFactory=org.dbunit.database.CachedResultSetTableFactory@10bcf083, http://www.dbunit.org/features/datatypeWarning=true}]) - start
171053 [main] TRACE org.dbunit.database.DatabaseConfig  - getFeature(name=http://www.dbunit.org/features/qualifiedTableNames) - start
171053 [main] TRACE org.dbunit.database.DatabaseConfig  - getProperty(name=http://www.dbunit.org/features/qualifiedTableNames) - start
171053 [main] DEBUG org.dbunit.util.QualifiedTableName  - Qualified table names feature is disabled. Returning plain table name
171053 [main] DEBUG org.dbunit.util.QualifiedTableName  - getQualifiedName(prefix=null, name=SCOPEDCONTENTCONDITIONS_SCOPEDCONTENT, escapePattern=null) - start
171053 [main] DEBUG org.dbunit.database.search.AbstractMetaDataBasedSearchCallback  - newEdge(rs=org.apache.commons.dbcp.DelegatingResultSet@476c8824, type=1, from=SCOPEDCONTENT, to=SCOPEDCONTENTCONDITIONS_SCOPEDCONTENT, fkColumn=SCOPED_CONTENT_ID, pkColumn=ID) - start
171053 [main] DEBUG org.dbunit.database.search.AbstractMetaDataBasedSearchCallback  - createFKEdge(rs=org.apache.commons.dbcp.DelegatingResultSet@476c8824, type=1, from=SCOPEDCONTENT, to=SCOPEDCONTENTCONDITIONS_SCOPEDCONTENT, fkColumn=SCOPED_CONTENT_ID, pkColumn=ID) - start
171053 [main] DEBUG org.dbunit.database.search.AbstractMetaDataBasedSearchCallback  - Adding edge SCOPEDCONTENTCONDITIONS_SCOPEDCONTENT(SCOPED_CONTENT_ID)->SCOPEDCONTENT(ID)
171053 [main] DEBUG org.dbunit.util.search.Edge  - compareTo(o=SCOPEDCONTENTCONDITIONS_SCOPEDCONTENT(SCOPED_CONTENT_ID)->SCOPEDCONTENT(ID)) - start
171053 [main] DEBUG org.dbunit.util.QualifiedTableName  - getQualifiedNameIfEnabled(config=org.dbunit.database.DatabaseConfig[, _propertyMap={http://www.dbunit.org/properties/statementFactory=org.dbunit.database.statement.PreparedStatementFactory@626bc2b8, http://www.dbunit.org/features/caseSensitiveTableNames=false, http://www.dbunit.org/properties/fetchSize=100, http://www.dbunit.org/features/batchedStatements=false, http://www.dbunit.org/properties/metadataHandler=org.dbunit.database.DefaultMetadataHandler@62baffef, http://www.dbunit.org/properties/datatypeFactory=org.dbunit.dataset.datatype.DefaultDataTypeFactory[_toleratedDeltaMap=org.dbunit.dataset.datatype.ToleratedDeltaMap@6452310a], http://www.dbunit.org/properties/escapePattern=null, http://www.dbunit.org/properties/batchSize=100, http://www.dbunit.org/features/qualifiedTableNames=false, http://www.dbunit.org/properties/tableType=[Ljava.lang.String;@5011bafa, http://www.dbunit.org/properties/resultSetTableFactory=org.dbunit.database.CachedResultSetTableFactory@10bcf083, http://www.dbunit.org/features/datatypeWarning=true}]) - start
171053 [main] TRACE org.dbunit.database.DatabaseConfig  - getFeature(name=http://www.dbunit.org/features/qualifiedTableNames) - start
171053 [main] TRACE org.dbunit.database.DatabaseConfig  - getProperty(name=http://www.dbunit.org/features/qualifiedTableNames) - start
171053 [main] DEBUG org.dbunit.util.QualifiedTableName  - Qualified table names feature is disabled. Returning plain table name
171053 [main] DEBUG org.dbunit.util.QualifiedTableName  - getQualifiedName(prefix=null, name=SCOPEDCONTENT, escapePattern=null) - start
171053 [main] DEBUG org.dbunit.util.QualifiedTableName  - getQualifiedNameIfEnabled(config=org.dbunit.database.DatabaseConfig[, _propertyMap={http://www.dbunit.org/properties/statementFactory=org.dbunit.database.statement.PreparedStatementFactory@626bc2b8, http://www.dbunit.org/features/caseSensitiveTableNames=false, http://www.dbunit.org/properties/fetchSize=100, http://www.dbunit.org/features/batchedStatements=false, http://www.dbunit.org/properties/metadataHandler=org.dbunit.database.DefaultMetadataHandler@62baffef, http://www.dbunit.org/properties/datatypeFactory=org.dbunit.dataset.datatype.DefaultDataTypeFactory[_toleratedDeltaMap=org.dbunit.dataset.datatype.ToleratedDeltaMap@6452310a], http://www.dbunit.org/properties/escapePattern=null, http://www.dbunit.org/properties/batchSize=100, http://www.dbunit.org/features/qualifiedTableNames=false, http://www.dbunit.org/properties/tableType=[Ljava.lang.String;@5011bafa, http://www.dbunit.org/properties/resultSetTableFactory=org.dbunit.database.CachedResultSetTableFactory@10bcf083, http://www.dbunit.org/features/datatypeWarning=true}]) - start
171053 [main] TRACE org.dbunit.database.DatabaseConfig  - getFeature(name=http://www.dbunit.org/features/qualifiedTableNames) - start
171053 [main] TRACE org.dbunit.database.DatabaseConfig  - getProperty(name=http://www.dbunit.org/features/qualifiedTableNames) - start
171053 [main] DEBUG org.dbunit.util.QualifiedTableName  - Qualified table names feature is disabled. Returning plain table name
171054 [main] DEBUG org.dbunit.util.QualifiedTableName  - getQualifiedName(prefix=null, name=SCOPEDCONTENT_SCOPEDCONTENTITEM, escapePattern=null) - start
171054 [main] DEBUG org.dbunit.database.search.AbstractMetaDataBasedSearchCallback  - newEdge(rs=org.apache.commons.dbcp.DelegatingResultSet@476c8824, type=1, from=SCOPEDCONTENT, to=SCOPEDCONTENT_SCOPEDCONTENTITEM, fkColumn=SCOPED_CONTENT_ITEM_ID, pkColumn=ID) - start
171054 [main] DEBUG org.dbunit.database.search.AbstractMetaDataBasedSearchCallback  - createFKEdge(rs=org.apache.commons.dbcp.DelegatingResultSet@476c8824, type=1, from=SCOPEDCONTENT, to=SCOPEDCONTENT_SCOPEDCONTENTITEM, fkColumn=SCOPED_CONTENT_ITEM_ID, pkColumn=ID) - start
171054 [main] DEBUG org.dbunit.database.search.AbstractMetaDataBasedSearchCallback  - Adding edge SCOPEDCONTENT_SCOPEDCONTENTITEM(SCOPED_CONTENT_ITEM_ID)->SCOPEDCONTENT(ID)
171054 [main] DEBUG org.dbunit.util.search.Edge  - compareTo(o=SCOPEDCONTENTCONDITIONS_SCOPEDCONTENT(SCOPED_CONTENT_ID)->SCOPEDCONTENT(ID)) - start
171054 [main] DEBUG org.dbunit.util.SQLHelper  - close(resultSet=org.apache.commons.dbcp.DelegatingResultSet@476c8824) - start
171054 [main] DEBUG org.dbunit.util.search.DepthFirstSearch  - search:SCOPEDCONTENT
171054 [main] DEBUG org.dbunit.util.search.DepthFirstSearch  - already searched; returning true
171054 [main] DEBUG org.dbunit.util.search.DepthFirstSearch  - search:SCOPEDCONTENT
171054 [main] DEBUG org.dbunit.util.search.DepthFirstSearch  - already searched; returning true
171054 [main] DEBUG org.dbunit.util.search.DepthFirstSearch  - Adding node SCOPEDCONTENT to the final result
171054 [main] DEBUG org.dbunit.util.search.DepthFirstSearch  - search:SCOPE_REQUESTCONTEXT
171054 [main] DEBUG org.dbunit.database.search.ExportedKeysSearchCallback  - searchNode(node=SCOPE_REQUESTCONTEXT) - start
171054 [main] DEBUG org.dbunit.util.search.DepthFirstSearch  - Pushing SCOPE_REQUESTCONTEXT
171054 [main] DEBUG org.dbunit.database.search.ExportedKeysSearchCallback  - getEdges(node=SCOPE_REQUESTCONTEXT) - start
171054 [main] DEBUG org.dbunit.database.search.AbstractMetaDataBasedSearchCallback  - getNodesFromExportedKeys(node=SCOPE_REQUESTCONTEXT) - start
171054 [main] DEBUG org.dbunit.database.search.AbstractMetaDataBasedSearchCallback  - getNodes(type=1, node=SCOPE_REQUESTCONTEXT) - start
171054 [main] DEBUG org.dbunit.database.DatabaseDataSourceConnection  - getConnection() - start
171054 [main] DEBUG org.dbunit.database.search.AbstractMetaDataBasedSearchCallback  - getNodes(type=1, node=SCOPE_REQUESTCONTEXT, conn=Transaction-aware proxy for target Connection [jdbc:hsqldb:mem:kontrollDS, UserName=sw, HSQL Database Engine Driver], schema=null, metaData=org.apache.commons.dbcp.DelegatingDatabaseMetaData@265e181e, edges=[]) - start
171054 [main] DEBUG org.dbunit.database.search.AbstractMetaDataBasedSearchCallback  - Getting edges for node SCOPE_REQUESTCONTEXT
171054 [main] TRACE org.dbunit.database.DatabaseConfig  - getProperty(name=http://www.dbunit.org/properties/metadataHandler) - start
171054 [main] TRACE org.dbunit.database.DefaultMetadataHandler  - tableExists(metaData=org.apache.commons.dbcp.DelegatingDatabaseMetaData@265e181e, schemaName=null, tableName=SCOPE_REQUESTCONTEXT) - start
171055 [main] DEBUG org.dbunit.util.SQLHelper  - close(resultSet=org.apache.commons.dbcp.DelegatingResultSet@7e2b7a3c) - start
171055 [main] DEBUG org.dbunit.util.SQLHelper  - close(resultSet=org.apache.commons.dbcp.DelegatingResultSet@1f60448d) - start
171056 [main] DEBUG org.dbunit.util.search.DepthFirstSearch  - Adding node SCOPE_REQUESTCONTEXT to the final result
171056 [main] DEBUG org.dbunit.util.search.DepthFirstSearch  - search:SCOPE
171056 [main] DEBUG org.dbunit.database.search.ExportedKeysSearchCallback  - searchNode(node=SCOPE) - start
171056 [main] DEBUG org.dbunit.util.search.DepthFirstSearch  - Pushing SCOPE
171056 [main] DEBUG org.dbunit.database.search.ExportedKeysSearchCallback  - getEdges(node=SCOPE) - start
171056 [main] DEBUG org.dbunit.database.search.AbstractMetaDataBasedSearchCallback  - getNodesFromExportedKeys(node=SCOPE) - start
171056 [main] DEBUG org.dbunit.database.search.AbstractMetaDataBasedSearchCallback  - getNodes(type=1, node=SCOPE) - start
171056 [main] DEBUG org.dbunit.database.DatabaseDataSourceConnection  - getConnection() - start
171056 [main] DEBUG org.dbunit.database.search.AbstractMetaDataBasedSearchCallback  - getNodes(type=1, node=SCOPE, conn=Transaction-aware proxy for target Connection [jdbc:hsqldb:mem:kontrollDS, UserName=sw, HSQL Database Engine Driver], schema=null, metaData=org.apache.commons.dbcp.DelegatingDatabaseMetaData@69349512, edges=[]) - start
171056 [main] DEBUG org.dbunit.database.search.AbstractMetaDataBasedSearchCallback  - Getting edges for node SCOPE
171056 [main] TRACE org.dbunit.database.DatabaseConfig  - getProperty(name=http://www.dbunit.org/properties/metadataHandler) - start
171056 [main] TRACE org.dbunit.database.DefaultMetadataHandler  - tableExists(metaData=org.apache.commons.dbcp.DelegatingDatabaseMetaData@69349512, schemaName=null, tableName=SCOPE) - start
171057 [main] DEBUG org.dbunit.util.SQLHelper  - close(resultSet=org.apache.commons.dbcp.DelegatingResultSet@3f2910ef) - start
171057 [main] DEBUG org.dbunit.util.QualifiedTableName  - getQualifiedNameIfEnabled(config=org.dbunit.database.DatabaseConfig[, _propertyMap={http://www.dbunit.org/properties/statementFactory=org.dbunit.database.statement.PreparedStatementFactory@626bc2b8, http://www.dbunit.org/features/caseSensitiveTableNames=false, http://www.dbunit.org/properties/fetchSize=100, http://www.dbunit.org/features/batchedStatements=false, http://www.dbunit.org/properties/metadataHandler=org.dbunit.database.DefaultMetadataHandler@62baffef, http://www.dbunit.org/properties/datatypeFactory=org.dbunit.dataset.datatype.DefaultDataTypeFactory[_toleratedDeltaMap=org.dbunit.dataset.datatype.ToleratedDeltaMap@6452310a], http://www.dbunit.org/properties/escapePattern=null, http://www.dbunit.org/properties/batchSize=100, http://www.dbunit.org/features/qualifiedTableNames=false, http://www.dbunit.org/properties/tableType=[Ljava.lang.String;@5011bafa, http://www.dbunit.org/properties/resultSetTableFactory=org.dbunit.database.CachedResultSetTableFactory@10bcf083, http://www.dbunit.org/features/datatypeWarning=true}]) - start
171057 [main] TRACE org.dbunit.database.DatabaseConfig  - getFeature(name=http://www.dbunit.org/features/qualifiedTableNames) - start
171057 [main] TRACE org.dbunit.database.DatabaseConfig  - getProperty(name=http://www.dbunit.org/features/qualifiedTableNames) - start
171057 [main] DEBUG org.dbunit.util.QualifiedTableName  - Qualified table names feature is disabled. Returning plain table name
171057 [main] DEBUG org.dbunit.util.QualifiedTableName  - getQualifiedName(prefix=null, name=SCOPE, escapePattern=null) - start
171057 [main] DEBUG org.dbunit.util.QualifiedTableName  - getQualifiedNameIfEnabled(config=org.dbunit.database.DatabaseConfig[, _propertyMap={http://www.dbunit.org/properties/statementFactory=org.dbunit.database.statement.PreparedStatementFactory@626bc2b8, http://www.dbunit.org/features/caseSensitiveTableNames=false, http://www.dbunit.org/properties/fetchSize=100, http://www.dbunit.org/features/batchedStatements=false, http://www.dbunit.org/properties/metadataHandler=org.dbunit.database.DefaultMetadataHandler@62baffef, http://www.dbunit.org/properties/datatypeFactory=org.dbunit.dataset.datatype.DefaultDataTypeFactory[_toleratedDeltaMap=org.dbunit.dataset.datatype.ToleratedDeltaMap@6452310a], http://www.dbunit.org/properties/escapePattern=null, http://www.dbunit.org/properties/batchSize=100, http://www.dbunit.org/features/qualifiedTableNames=false, http://www.dbunit.org/properties/tableType=[Ljava.lang.String;@5011bafa, http://www.dbunit.org/properties/resultSetTableFactory=org.dbunit.database.CachedResultSetTableFactory@10bcf083, http://www.dbunit.org/features/datatypeWarning=true}]) - start
171057 [main] TRACE org.dbunit.database.DatabaseConfig  - getFeature(name=http://www.dbunit.org/features/qualifiedTableNames) - start
171057 [main] TRACE org.dbunit.database.DatabaseConfig  - getProperty(name=http://www.dbunit.org/features/qualifiedTableNames) - start
171057 [main] DEBUG org.dbunit.util.QualifiedTableName  - Qualified table names feature is disabled. Returning plain table name
171057 [main] DEBUG org.dbunit.util.QualifiedTableName  - getQualifiedName(prefix=null, name=SCOPE_REQUESTCONTEXT, escapePattern=null) - start
171057 [main] DEBUG org.dbunit.database.search.AbstractMetaDataBasedSearchCallback  - newEdge(rs=org.apache.commons.dbcp.DelegatingResultSet@6397eeda, type=1, from=SCOPE, to=SCOPE_REQUESTCONTEXT, fkColumn=SCOPE_ID, pkColumn=ID) - start
171057 [main] DEBUG org.dbunit.database.search.AbstractMetaDataBasedSearchCallback  - createFKEdge(rs=org.apache.commons.dbcp.DelegatingResultSet@6397eeda, type=1, from=SCOPE, to=SCOPE_REQUESTCONTEXT, fkColumn=SCOPE_ID, pkColumn=ID) - start
171057 [main] DEBUG org.dbunit.database.search.AbstractMetaDataBasedSearchCallback  - Adding edge SCOPE_REQUESTCONTEXT(SCOPE_ID)->SCOPE(ID)
171058 [main] DEBUG org.dbunit.util.search.Edge  - compareTo(o=SCOPE_REQUESTCONTEXT(SCOPE_ID)->SCOPE(ID)) - start
171058 [main] DEBUG org.dbunit.util.QualifiedTableName  - getQualifiedNameIfEnabled(config=org.dbunit.database.DatabaseConfig[, _propertyMap={http://www.dbunit.org/properties/statementFactory=org.dbunit.database.statement.PreparedStatementFactory@626bc2b8, http://www.dbunit.org/features/caseSensitiveTableNames=false, http://www.dbunit.org/properties/fetchSize=100, http://www.dbunit.org/features/batchedStatements=false, http://www.dbunit.org/properties/metadataHandler=org.dbunit.database.DefaultMetadataHandler@62baffef, http://www.dbunit.org/properties/datatypeFactory=org.dbunit.dataset.datatype.DefaultDataTypeFactory[_toleratedDeltaMap=org.dbunit.dataset.datatype.ToleratedDeltaMap@6452310a], http://www.dbunit.org/properties/escapePattern=null, http://www.dbunit.org/properties/batchSize=100, http://www.dbunit.org/features/qualifiedTableNames=false, http://www.dbunit.org/properties/tableType=[Ljava.lang.String;@5011bafa, http://www.dbunit.org/properties/resultSetTableFactory=org.dbunit.database.CachedResultSetTableFactory@10bcf083, http://www.dbunit.org/features/datatypeWarning=true}]) - start
171058 [main] TRACE org.dbunit.database.DatabaseConfig  - getFeature(name=http://www.dbunit.org/features/qualifiedTableNames) - start
171058 [main] TRACE org.dbunit.database.DatabaseConfig  - getProperty(name=http://www.dbunit.org/features/qualifiedTableNames) - start
171058 [main] DEBUG org.dbunit.util.QualifiedTableName  - Qualified table names feature is disabled. Returning plain table name
171058 [main] DEBUG org.dbunit.util.QualifiedTableName  - getQualifiedName(prefix=null, name=SCOPE, escapePattern=null) - start
171058 [main] DEBUG org.dbunit.util.QualifiedTableName  - getQualifiedNameIfEnabled(config=org.dbunit.database.DatabaseConfig[, _propertyMap={http://www.dbunit.org/properties/statementFactory=org.dbunit.database.statement.PreparedStatementFactory@626bc2b8, http://www.dbunit.org/features/caseSensitiveTableNames=false, http://www.dbunit.org/properties/fetchSize=100, http://www.dbunit.org/features/batchedStatements=false, http://www.dbunit.org/properties/metadataHandler=org.dbunit.database.DefaultMetadataHandler@62baffef, http://www.dbunit.org/properties/datatypeFactory=org.dbunit.dataset.datatype.DefaultDataTypeFactory[_toleratedDeltaMap=org.dbunit.dataset.datatype.ToleratedDeltaMap@6452310a], http://www.dbunit.org/properties/escapePattern=null, http://www.dbunit.org/properties/batchSize=100, http://www.dbunit.org/features/qualifiedTableNames=false, http://www.dbunit.org/properties/tableType=[Ljava.lang.String;@5011bafa, http://www.dbunit.org/properties/resultSetTableFactory=org.dbunit.database.CachedResultSetTableFactory@10bcf083, http://www.dbunit.org/features/datatypeWarning=true}]) - start
171058 [main] TRACE org.dbunit.database.DatabaseConfig  - getFeature(name=http://www.dbunit.org/features/qualifiedTableNames) - start
171058 [main] TRACE org.dbunit.database.DatabaseConfig  - getProperty(name=http://www.dbunit.org/features/qualifiedTableNames) - start
171058 [main] DEBUG org.dbunit.util.QualifiedTableName  - Qualified table names feature is disabled. Returning plain table name
171058 [main] DEBUG org.dbunit.util.QualifiedTableName  - getQualifiedName(prefix=null, name=SCOPEDCONTENT, escapePattern=null) - start
171058 [main] DEBUG org.dbunit.database.search.AbstractMetaDataBasedSearchCallback  - newEdge(rs=org.apache.commons.dbcp.DelegatingResultSet@6397eeda, type=1, from=SCOPE, to=SCOPEDCONTENT, fkColumn=SCOPE, pkColumn=ID) - start
171058 [main] DEBUG org.dbunit.database.search.AbstractMetaDataBasedSearchCallback  - createFKEdge(rs=org.apache.commons.dbcp.DelegatingResultSet@6397eeda, type=1, from=SCOPE, to=SCOPEDCONTENT, fkColumn=SCOPE, pkColumn=ID) - start
171058 [main] DEBUG org.dbunit.database.search.AbstractMetaDataBasedSearchCallback  - Adding edge SCOPEDCONTENT(SCOPE)->SCOPE(ID)
171058 [main] DEBUG org.dbunit.util.search.Edge  - compareTo(o=SCOPE_REQUESTCONTEXT(SCOPE_ID)->SCOPE(ID)) - start
171058 [main] DEBUG org.dbunit.util.SQLHelper  - close(resultSet=org.apache.commons.dbcp.DelegatingResultSet@6397eeda) - start
171058 [main] DEBUG org.dbunit.util.search.DepthFirstSearch  - search:SCOPE
171058 [main] DEBUG org.dbunit.util.search.DepthFirstSearch  - already searched; returning true
171058 [main] DEBUG org.dbunit.util.search.DepthFirstSearch  - search:SCOPE
171058 [main] DEBUG org.dbunit.util.search.DepthFirstSearch  - already searched; returning true
171058 [main] DEBUG org.dbunit.util.search.DepthFirstSearch  - Adding node SCOPE to the final result
171058 [main] DEBUG org.dbunit.database.search.TablesDependencyHelper  - getDirectDependentTables(connection=_databaseConfig=org.dbunit.database.DatabaseConfig[, _propertyMap={http://www.dbunit.org/properties/statementFactory=org.dbunit.database.statement.PreparedStatementFactory@626bc2b8, http://www.dbunit.org/features/caseSensitiveTableNames=false, http://www.dbunit.org/properties/fetchSize=100, http://www.dbunit.org/features/batchedStatements=false, http://www.dbunit.org/properties/metadataHandler=org.dbunit.database.DefaultMetadataHandler@62baffef, http://www.dbunit.org/properties/datatypeFactory=org.dbunit.dataset.datatype.DefaultDataTypeFactory[_toleratedDeltaMap=org.dbunit.dataset.datatype.ToleratedDeltaMap@6452310a], http://www.dbunit.org/properties/escapePattern=null, http://www.dbunit.org/properties/batchSize=100, http://www.dbunit.org/features/qualifiedTableNames=false, http://www.dbunit.org/properties/tableType=[Ljava.lang.String;@5011bafa, http://www.dbunit.org/properties/resultSetTableFactory=org.dbunit.database.CachedResultSetTableFactory@10bcf083, http://www.dbunit.org/features/datatypeWarning=true}], _dataSet=AbstractDataSet[_orderedTableNameMap=null], tableName=SCOPE) - start
171058 [main] DEBUG org.dbunit.util.search.DepthFirstSearch  - search(nodesFrom=[SCOPE], callback=org.dbunit.database.search.ImportedKeysSearchCallback@57aecf5) - start
171058 [main] DEBUG org.dbunit.util.CollectionsHelper  - objectsToSet(objects=SCOPE) - start
171059 [main] DEBUG org.dbunit.util.search.DepthFirstSearch  - search(nodesFrom=[SCOPE], callback=org.dbunit.database.search.ImportedKeysSearchCallback@57aecf5) - start
171059 [main] DEBUG org.dbunit.util.search.DepthFirstSearch  - reverseSearch:SCOPE
171059 [main] DEBUG org.dbunit.database.search.ImportedKeysSearchCallback  - searchNode(node=SCOPE) - start
171059 [main] DEBUG org.dbunit.util.search.DepthFirstSearch  - Pushing (reverse) SCOPE
171059 [main] DEBUG org.dbunit.database.search.ImportedKeysSearchCallback  - getEdges(node=SCOPE) - start
171059 [main] DEBUG org.dbunit.database.search.AbstractMetaDataBasedSearchCallback  - getNodesFromImportedKeys(node=SCOPE) - start
171059 [main] DEBUG org.dbunit.database.search.AbstractMetaDataBasedSearchCallback  - getNodes(type=0, node=SCOPE) - start
171059 [main] DEBUG org.dbunit.database.DatabaseDataSourceConnection  - getConnection() - start
171059 [main] DEBUG org.dbunit.database.search.AbstractMetaDataBasedSearchCallback  - getNodes(type=0, node=SCOPE, conn=Transaction-aware proxy for target Connection [jdbc:hsqldb:mem:kontrollDS, UserName=sw, HSQL Database Engine Driver], schema=null, metaData=org.apache.commons.dbcp.DelegatingDatabaseMetaData@495acba2, edges=[]) - start
171059 [main] DEBUG org.dbunit.database.search.AbstractMetaDataBasedSearchCallback  - Getting edges for node SCOPE
171059 [main] TRACE org.dbunit.database.DatabaseConfig  - getProperty(name=http://www.dbunit.org/properties/metadataHandler) - start
171059 [main] TRACE org.dbunit.database.DefaultMetadataHandler  - tableExists(metaData=org.apache.commons.dbcp.DelegatingDatabaseMetaData@495acba2, schemaName=null, tableName=SCOPE) - start
171060 [main] DEBUG org.dbunit.util.SQLHelper  - close(resultSet=org.apache.commons.dbcp.DelegatingResultSet@3ae868a) - start
171060 [main] DEBUG org.dbunit.util.SQLHelper  - close(resultSet=org.apache.commons.dbcp.DelegatingResultSet@199fe636) - start
171060 [main] DEBUG org.dbunit.util.search.DepthFirstSearch  - search:SCOPE
171060 [main] DEBUG org.dbunit.database.search.ImportedKeysSearchCallback  - searchNode(node=SCOPE) - start
171060 [main] DEBUG org.dbunit.util.search.DepthFirstSearch  - Pushing SCOPE
171060 [main] DEBUG org.dbunit.database.search.ImportedKeysSearchCallback  - getEdges(node=SCOPE) - start
171060 [main] DEBUG org.dbunit.database.search.AbstractMetaDataBasedSearchCallback  - getNodesFromImportedKeys(node=SCOPE) - start
171060 [main] DEBUG org.dbunit.database.search.AbstractMetaDataBasedSearchCallback  - getNodes(type=0, node=SCOPE) - start
171060 [main] DEBUG org.dbunit.database.DatabaseDataSourceConnection  - getConnection() - start
171060 [main] DEBUG org.dbunit.database.search.AbstractMetaDataBasedSearchCallback  - getNodes(type=0, node=SCOPE, conn=Transaction-aware proxy for target Connection [jdbc:hsqldb:mem:kontrollDS, UserName=sw, HSQL Database Engine Driver], schema=null, metaData=org.apache.commons.dbcp.DelegatingDatabaseMetaData@50c2f05e, edges=[]) - start
171060 [main] DEBUG org.dbunit.database.search.AbstractMetaDataBasedSearchCallback  - Getting edges for node SCOPE
171061 [main] TRACE org.dbunit.database.DatabaseConfig  - getProperty(name=http://www.dbunit.org/properties/metadataHandler) - start
171061 [main] TRACE org.dbunit.database.DefaultMetadataHandler  - tableExists(metaData=org.apache.commons.dbcp.DelegatingDatabaseMetaData@50c2f05e, schemaName=null, tableName=SCOPE) - start
171061 [main] DEBUG org.dbunit.util.SQLHelper  - close(resultSet=org.apache.commons.dbcp.DelegatingResultSet@b2d1da4) - start
171062 [main] DEBUG org.dbunit.util.SQLHelper  - close(resultSet=org.apache.commons.dbcp.DelegatingResultSet@46c067ab) - start
171062 [main] DEBUG org.dbunit.util.search.DepthFirstSearch  - Adding node SCOPE to the final result
171062 [main] DEBUG org.dbunit.database.DatabaseSequenceFilter  - getDependencyInfo(connection=_databaseConfig=org.dbunit.database.DatabaseConfig[, _propertyMap={http://www.dbunit.org/properties/statementFactory=org.dbunit.database.statement.PreparedStatementFactory@626bc2b8, http://www.dbunit.org/features/caseSensitiveTableNames=false, http://www.dbunit.org/properties/fetchSize=100, http://www.dbunit.org/features/batchedStatements=false, http://www.dbunit.org/properties/metadataHandler=org.dbunit.database.DefaultMetadataHandler@62baffef, http://www.dbunit.org/properties/datatypeFactory=org.dbunit.dataset.datatype.DefaultDataTypeFactory[_toleratedDeltaMap=org.dbunit.dataset.datatype.ToleratedDeltaMap@6452310a], http://www.dbunit.org/properties/escapePattern=null, http://www.dbunit.org/properties/batchSize=100, http://www.dbunit.org/features/qualifiedTableNames=false, http://www.dbunit.org/properties/tableType=[Ljava.lang.String;@5011bafa, http://www.dbunit.org/properties/resultSetTableFactory=org.dbunit.database.CachedResultSetTableFactory@10bcf083, http://www.dbunit.org/features/datatypeWarning=true}], _dataSet=AbstractDataSet[_orderedTableNameMap=null], tableName=SCOPEDCONTENT) - start
171062 [main] DEBUG org.dbunit.database.search.TablesDependencyHelper  - getDependentTables(connection=_databaseConfig=org.dbunit.database.DatabaseConfig[, _propertyMap={http://www.dbunit.org/properties/statementFactory=org.dbunit.database.statement.PreparedStatementFactory@626bc2b8, http://www.dbunit.org/features/caseSensitiveTableNames=false, http://www.dbunit.org/properties/fetchSize=100, http://www.dbunit.org/features/batchedStatements=false, http://www.dbunit.org/properties/metadataHandler=org.dbunit.database.DefaultMetadataHandler@62baffef, http://www.dbunit.org/properties/datatypeFactory=org.dbunit.dataset.datatype.DefaultDataTypeFactory[_toleratedDeltaMap=org.dbunit.dataset.datatype.ToleratedDeltaMap@6452310a], http://www.dbunit.org/properties/escapePattern=null, http://www.dbunit.org/properties/batchSize=100, http://www.dbunit.org/features/qualifiedTableNames=false, http://www.dbunit.org/properties/tableType=[Ljava.lang.String;@5011bafa, http://www.dbunit.org/properties/resultSetTableFactory=org.dbunit.database.CachedResultSetTableFactory@10bcf083, http://www.dbunit.org/features/datatypeWarning=true}], _dataSet=AbstractDataSet[_orderedTableNameMap=null], rootTable=SCOPEDCONTENT) - start
171062 [main] DEBUG org.dbunit.database.search.TablesDependencyHelper  - getDependentTables(connection=_databaseConfig=org.dbunit.database.DatabaseConfig[, _propertyMap={http://www.dbunit.org/properties/statementFactory=org.dbunit.database.statement.PreparedStatementFactory@626bc2b8, http://www.dbunit.org/features/caseSensitiveTableNames=false, http://www.dbunit.org/properties/fetchSize=100, http://www.dbunit.org/features/batchedStatements=false, http://www.dbunit.org/properties/metadataHandler=org.dbunit.database.DefaultMetadataHandler@62baffef, http://www.dbunit.org/properties/datatypeFactory=org.dbunit.dataset.datatype.DefaultDataTypeFactory[_toleratedDeltaMap=org.dbunit.dataset.datatype.ToleratedDeltaMap@6452310a], http://www.dbunit.org/properties/escapePattern=null, http://www.dbunit.org/properties/batchSize=100, http://www.dbunit.org/features/qualifiedTableNames=false, http://www.dbunit.org/properties/tableType=[Ljava.lang.String;@5011bafa, http://www.dbunit.org/properties/resultSetTableFactory=org.dbunit.database.CachedResultSetTableFactory@10bcf083, http://www.dbunit.org/features/datatypeWarning=true}], _dataSet=AbstractDataSet[_orderedTableNameMap=null], rootTables=[SCOPEDCONTENT]) - start
171062 [main] DEBUG org.dbunit.util.search.DepthFirstSearch  - search(nodesFrom=[SCOPEDCONTENT], callback=org.dbunit.database.search.ImportedKeysSearchCallback@14decd32) - start
171062 [main] DEBUG org.dbunit.util.CollectionsHelper  - objectsToSet(objects=SCOPEDCONTENT) - start
171062 [main] DEBUG org.dbunit.util.search.DepthFirstSearch  - search(nodesFrom=[SCOPEDCONTENT], callback=org.dbunit.database.search.ImportedKeysSearchCallback@14decd32) - start
171062 [main] DEBUG org.dbunit.util.search.DepthFirstSearch  - reverseSearch:SCOPEDCONTENT
171062 [main] DEBUG org.dbunit.database.search.ImportedKeysSearchCallback  - searchNode(node=SCOPEDCONTENT) - start
171062 [main] DEBUG org.dbunit.util.search.DepthFirstSearch  - Pushing (reverse) SCOPEDCONTENT
171062 [main] DEBUG org.dbunit.database.search.ImportedKeysSearchCallback  - getEdges(node=SCOPEDCONTENT) - start
171062 [main] DEBUG org.dbunit.database.search.AbstractMetaDataBasedSearchCallback  - getNodesFromImportedKeys(node=SCOPEDCONTENT) - start
171062 [main] DEBUG org.dbunit.database.search.AbstractMetaDataBasedSearchCallback  - getNodes(type=0, node=SCOPEDCONTENT) - start
171062 [main] DEBUG org.dbunit.database.DatabaseDataSourceConnection  - getConnection() - start
171062 [main] DEBUG org.dbunit.database.search.AbstractMetaDataBasedSearchCallback  - getNodes(type=0, node=SCOPEDCONTENT, conn=Transaction-aware proxy for target Connection [jdbc:hsqldb:mem:kontrollDS, UserName=sw, HSQL Database Engine Driver], schema=null, metaData=org.apache.commons.dbcp.DelegatingDatabaseMetaData@2f719852, edges=[]) - start
171062 [main] DEBUG org.dbunit.database.search.AbstractMetaDataBasedSearchCallback  - Getting edges for node SCOPEDCONTENT
171062 [main] TRACE org.dbunit.database.DatabaseConfig  - getProperty(name=http://www.dbunit.org/properties/metadataHandler) - start
171062 [main] TRACE org.dbunit.database.DefaultMetadataHandler  - tableExists(metaData=org.apache.commons.dbcp.DelegatingDatabaseMetaData@2f719852, schemaName=null, tableName=SCOPEDCONTENT) - start
171063 [main] DEBUG org.dbunit.util.SQLHelper  - close(resultSet=org.apache.commons.dbcp.DelegatingResultSet@613c93ff) - start
171064 [main] DEBUG org.dbunit.util.QualifiedTableName  - getQualifiedNameIfEnabled(config=org.dbunit.database.DatabaseConfig[, _propertyMap={http://www.dbunit.org/properties/statementFactory=org.dbunit.database.statement.PreparedStatementFactory@626bc2b8, http://www.dbunit.org/features/caseSensitiveTableNames=false, http://www.dbunit.org/properties/fetchSize=100, http://www.dbunit.org/features/batchedStatements=false, http://www.dbunit.org/properties/metadataHandler=org.dbunit.database.DefaultMetadataHandler@62baffef, http://www.dbunit.org/properties/datatypeFactory=org.dbunit.dataset.datatype.DefaultDataTypeFactory[_toleratedDeltaMap=org.dbunit.dataset.datatype.ToleratedDeltaMap@6452310a], http://www.dbunit.org/properties/escapePattern=null, http://www.dbunit.org/properties/batchSize=100, http://www.dbunit.org/features/qualifiedTableNames=false, http://www.dbunit.org/properties/tableType=[Ljava.lang.String;@5011bafa, http://www.dbunit.org/properties/resultSetTableFactory=org.dbunit.database.CachedResultSetTableFactory@10bcf083, http://www.dbunit.org/features/datatypeWarning=true}]) - start
171064 [main] TRACE org.dbunit.database.DatabaseConfig  - getFeature(name=http://www.dbunit.org/features/qualifiedTableNames) - start
171064 [main] TRACE org.dbunit.database.DatabaseConfig  - getProperty(name=http://www.dbunit.org/features/qualifiedTableNames) - start
171064 [main] DEBUG org.dbunit.util.QualifiedTableName  - Qualified table names feature is disabled. Returning plain table name
171064 [main] DEBUG org.dbunit.util.QualifiedTableName  - getQualifiedName(prefix=null, name=SCOPEDCONTENT, escapePattern=null) - start
171064 [main] DEBUG org.dbunit.util.QualifiedTableName  - getQualifiedNameIfEnabled(config=org.dbunit.database.DatabaseConfig[, _propertyMap={http://www.dbunit.org/properties/statementFactory=org.dbunit.database.statement.PreparedStatementFactory@626bc2b8, http://www.dbunit.org/features/caseSensitiveTableNames=false, http://www.dbunit.org/properties/fetchSize=100, http://www.dbunit.org/features/batchedStatements=false, http://www.dbunit.org/properties/metadataHandler=org.dbunit.database.DefaultMetadataHandler@62baffef, http://www.dbunit.org/properties/datatypeFactory=org.dbunit.dataset.datatype.DefaultDataTypeFactory[_toleratedDeltaMap=org.dbunit.dataset.datatype.ToleratedDeltaMap@6452310a], http://www.dbunit.org/properties/escapePattern=null, http://www.dbunit.org/properties/batchSize=100, http://www.dbunit.org/features/qualifiedTableNames=false, http://www.dbunit.org/properties/tableType=[Ljava.lang.String;@5011bafa, http://www.dbunit.org/properties/resultSetTableFactory=org.dbunit.database.CachedResultSetTableFactory@10bcf083, http://www.dbunit.org/features/datatypeWarning=true}]) - start
171064 [main] TRACE org.dbunit.database.DatabaseConfig  - getFeature(name=http://www.dbunit.org/features/qualifiedTableNames) - start
171064 [main] TRACE org.dbunit.database.DatabaseConfig  - getProperty(name=http://www.dbunit.org/features/qualifiedTableNames) - start
171064 [main] DEBUG org.dbunit.util.QualifiedTableName  - Qualified table names feature is disabled. Returning plain table name
171064 [main] DEBUG org.dbunit.util.QualifiedTableName  - getQualifiedName(prefix=null, name=SCOPE, escapePattern=null) - start
171064 [main] DEBUG org.dbunit.database.search.AbstractMetaDataBasedSearchCallback  - newEdge(rs=org.apache.commons.dbcp.DelegatingResultSet@7783699c, type=0, from=SCOPEDCONTENT, to=SCOPE, fkColumn=SCOPE, pkColumn=ID) - start
171064 [main] DEBUG org.dbunit.database.search.AbstractMetaDataBasedSearchCallback  - createFKEdge(rs=org.apache.commons.dbcp.DelegatingResultSet@7783699c, type=0, from=SCOPEDCONTENT, to=SCOPE, fkColumn=SCOPE, pkColumn=ID) - start
171064 [main] DEBUG org.dbunit.database.search.AbstractMetaDataBasedSearchCallback  - Adding edge SCOPEDCONTENT(SCOPE)->SCOPE(ID)
171064 [main] DEBUG org.dbunit.util.search.Edge  - compareTo(o=SCOPEDCONTENT(SCOPE)->SCOPE(ID)) - start
171064 [main] DEBUG org.dbunit.util.SQLHelper  - close(resultSet=org.apache.commons.dbcp.DelegatingResultSet@7783699c) - start
171064 [main] DEBUG org.dbunit.util.search.DepthFirstSearch  - search:SCOPEDCONTENT
171064 [main] DEBUG org.dbunit.database.search.ImportedKeysSearchCallback  - searchNode(node=SCOPEDCONTENT) - start
171064 [main] DEBUG org.dbunit.util.search.DepthFirstSearch  - Pushing SCOPEDCONTENT
171064 [main] DEBUG org.dbunit.database.search.ImportedKeysSearchCallback  - getEdges(node=SCOPEDCONTENT) - start
171064 [main] DEBUG org.dbunit.database.search.AbstractMetaDataBasedSearchCallback  - getNodesFromImportedKeys(node=SCOPEDCONTENT) - start
171064 [main] DEBUG org.dbunit.database.search.AbstractMetaDataBasedSearchCallback  - getNodes(type=0, node=SCOPEDCONTENT) - start
171064 [main] DEBUG org.dbunit.database.DatabaseDataSourceConnection  - getConnection() - start
171065 [main] DEBUG org.dbunit.database.search.AbstractMetaDataBasedSearchCallback  - getNodes(type=0, node=SCOPEDCONTENT, conn=Transaction-aware proxy for target Connection [jdbc:hsqldb:mem:kontrollDS, UserName=sw, HSQL Database Engine Driver], schema=null, metaData=org.apache.commons.dbcp.DelegatingDatabaseMetaData@548abe10, edges=[]) - start
171065 [main] DEBUG org.dbunit.database.search.AbstractMetaDataBasedSearchCallback  - Getting edges for node SCOPEDCONTENT
171065 [main] TRACE org.dbunit.database.DatabaseConfig  - getProperty(name=http://www.dbunit.org/properties/metadataHandler) - start
171065 [main] TRACE org.dbunit.database.DefaultMetadataHandler  - tableExists(metaData=org.apache.commons.dbcp.DelegatingDatabaseMetaData@548abe10, schemaName=null, tableName=SCOPEDCONTENT) - start
171066 [main] DEBUG org.dbunit.util.SQLHelper  - close(resultSet=org.apache.commons.dbcp.DelegatingResultSet@722b63b5) - start
171066 [main] DEBUG org.dbunit.util.QualifiedTableName  - getQualifiedNameIfEnabled(config=org.dbunit.database.DatabaseConfig[, _propertyMap={http://www.dbunit.org/properties/statementFactory=org.dbunit.database.statement.PreparedStatementFactory@626bc2b8, http://www.dbunit.org/features/caseSensitiveTableNames=false, http://www.dbunit.org/properties/fetchSize=100, http://www.dbunit.org/features/batchedStatements=false, http://www.dbunit.org/properties/metadataHandler=org.dbunit.database.DefaultMetadataHandler@62baffef, http://www.dbunit.org/properties/datatypeFactory=org.dbunit.dataset.datatype.DefaultDataTypeFactory[_toleratedDeltaMap=org.dbunit.dataset.datatype.ToleratedDeltaMap@6452310a], http://www.dbunit.org/properties/escapePattern=null, http://www.dbunit.org/properties/batchSize=100, http://www.dbunit.org/features/qualifiedTableNames=false, http://www.dbunit.org/properties/tableType=[Ljava.lang.String;@5011bafa, http://www.dbunit.org/properties/resultSetTableFactory=org.dbunit.database.CachedResultSetTableFactory@10bcf083, http://www.dbunit.org/features/datatypeWarning=true}]) - start
171066 [main] TRACE org.dbunit.database.DatabaseConfig  - getFeature(name=http://www.dbunit.org/features/qualifiedTableNames) - start
171066 [main] TRACE org.dbunit.database.DatabaseConfig  - getProperty(name=http://www.dbunit.org/features/qualifiedTableNames) - start
171066 [main] DEBUG org.dbunit.util.QualifiedTableName  - Qualified table names feature is disabled. Returning plain table name
171066 [main] DEBUG org.dbunit.util.QualifiedTableName  - getQualifiedName(prefix=null, name=SCOPEDCONTENT, escapePattern=null) - start
171066 [main] DEBUG org.dbunit.util.QualifiedTableName  - getQualifiedNameIfEnabled(config=org.dbunit.database.DatabaseConfig[, _propertyMap={http://www.dbunit.org/properties/statementFactory=org.dbunit.database.statement.PreparedStatementFactory@626bc2b8, http://www.dbunit.org/features/caseSensitiveTableNames=false, http://www.dbunit.org/properties/fetchSize=100, http://www.dbunit.org/features/batchedStatements=false, http://www.dbunit.org/properties/metadataHandler=org.dbunit.database.DefaultMetadataHandler@62baffef, http://www.dbunit.org/properties/datatypeFactory=org.dbunit.dataset.datatype.DefaultDataTypeFactory[_toleratedDeltaMap=org.dbunit.dataset.datatype.ToleratedDeltaMap@6452310a], http://www.dbunit.org/properties/escapePattern=null, http://www.dbunit.org/properties/batchSize=100, http://www.dbunit.org/features/qualifiedTableNames=false, http://www.dbunit.org/properties/tableType=[Ljava.lang.String;@5011bafa, http://www.dbunit.org/properties/resultSetTableFactory=org.dbunit.database.CachedResultSetTableFactory@10bcf083, http://www.dbunit.org/features/datatypeWarning=true}]) - start
171066 [main] TRACE org.dbunit.database.DatabaseConfig  - getFeature(name=http://www.dbunit.org/features/qualifiedTableNames) - start
171066 [main] TRACE org.dbunit.database.DatabaseConfig  - getProperty(name=http://www.dbunit.org/features/qualifiedTableNames) - start
171066 [main] DEBUG org.dbunit.util.QualifiedTableName  - Qualified table names feature is disabled. Returning plain table name
171066 [main] DEBUG org.dbunit.util.QualifiedTableName  - getQualifiedName(prefix=null, name=SCOPE, escapePattern=null) - start
171066 [main] DEBUG org.dbunit.database.search.AbstractMetaDataBasedSearchCallback  - newEdge(rs=org.apache.commons.dbcp.DelegatingResultSet@7c260f9, type=0, from=SCOPEDCONTENT, to=SCOPE, fkColumn=SCOPE, pkColumn=ID) - start
171066 [main] DEBUG org.dbunit.database.search.AbstractMetaDataBasedSearchCallback  - createFKEdge(rs=org.apache.commons.dbcp.DelegatingResultSet@7c260f9, type=0, from=SCOPEDCONTENT, to=SCOPE, fkColumn=SCOPE, pkColumn=ID) - start
171066 [main] DEBUG org.dbunit.database.search.AbstractMetaDataBasedSearchCallback  - Adding edge SCOPEDCONTENT(SCOPE)->SCOPE(ID)
171066 [main] DEBUG org.dbunit.util.search.Edge  - compareTo(o=SCOPEDCONTENT(SCOPE)->SCOPE(ID)) - start
171066 [main] DEBUG org.dbunit.util.SQLHelper  - close(resultSet=org.apache.commons.dbcp.DelegatingResultSet@7c260f9) - start
171067 [main] DEBUG org.dbunit.util.search.DepthFirstSearch  - search:SCOPE
171067 [main] DEBUG org.dbunit.database.search.ImportedKeysSearchCallback  - searchNode(node=SCOPE) - start
171067 [main] DEBUG org.dbunit.util.search.DepthFirstSearch  - Pushing SCOPE
171067 [main] DEBUG org.dbunit.database.search.ImportedKeysSearchCallback  - getEdges(node=SCOPE) - start
171067 [main] DEBUG org.dbunit.database.search.AbstractMetaDataBasedSearchCallback  - getNodesFromImportedKeys(node=SCOPE) - start
171067 [main] DEBUG org.dbunit.database.search.AbstractMetaDataBasedSearchCallback  - getNodes(type=0, node=SCOPE) - start
171067 [main] DEBUG org.dbunit.database.DatabaseDataSourceConnection  - getConnection() - start
171067 [main] DEBUG org.dbunit.database.search.AbstractMetaDataBasedSearchCallback  - getNodes(type=0, node=SCOPE, conn=Transaction-aware proxy for target Connection [jdbc:hsqldb:mem:kontrollDS, UserName=sw, HSQL Database Engine Driver], schema=null, metaData=org.apache.commons.dbcp.DelegatingDatabaseMetaData@6a6c7f69, edges=[]) - start
171067 [main] DEBUG org.dbunit.database.search.AbstractMetaDataBasedSearchCallback  - Getting edges for node SCOPE
171067 [main] TRACE org.dbunit.database.DatabaseConfig  - getProperty(name=http://www.dbunit.org/properties/metadataHandler) - start
171067 [main] TRACE org.dbunit.database.DefaultMetadataHandler  - tableExists(metaData=org.apache.commons.dbcp.DelegatingDatabaseMetaData@6a6c7f69, schemaName=null, tableName=SCOPE) - start
171068 [main] DEBUG org.dbunit.util.SQLHelper  - close(resultSet=org.apache.commons.dbcp.DelegatingResultSet@64c76a2c) - start
171068 [main] DEBUG org.dbunit.util.SQLHelper  - close(resultSet=org.apache.commons.dbcp.DelegatingResultSet@1bd2847f) - start
171068 [main] DEBUG org.dbunit.util.search.DepthFirstSearch  - Adding node SCOPE to the final result
171068 [main] DEBUG org.dbunit.util.search.DepthFirstSearch  - Adding node SCOPEDCONTENT to the final result
171068 [main] DEBUG org.dbunit.util.search.DepthFirstSearch  - reverseSearch:SCOPEDCONTENT
171068 [main] DEBUG org.dbunit.util.search.DepthFirstSearch  - already searched; returning true
171068 [main] DEBUG org.dbunit.util.search.DepthFirstSearch  - reverseSearch:SCOPE
171068 [main] DEBUG org.dbunit.database.search.ImportedKeysSearchCallback  - searchNode(node=SCOPE) - start
171068 [main] DEBUG org.dbunit.util.search.DepthFirstSearch  - Pushing (reverse) SCOPE
171068 [main] DEBUG org.dbunit.database.search.ImportedKeysSearchCallback  - getEdges(node=SCOPE) - start
171068 [main] DEBUG org.dbunit.database.search.AbstractMetaDataBasedSearchCallback  - getNodesFromImportedKeys(node=SCOPE) - start
171068 [main] DEBUG org.dbunit.database.search.AbstractMetaDataBasedSearchCallback  - getNodes(type=0, node=SCOPE) - start
171068 [main] DEBUG org.dbunit.database.DatabaseDataSourceConnection  - getConnection() - start
171069 [main] DEBUG org.dbunit.database.search.AbstractMetaDataBasedSearchCallback  - getNodes(type=0, node=SCOPE, conn=Transaction-aware proxy for target Connection [jdbc:hsqldb:mem:kontrollDS, UserName=sw, HSQL Database Engine Driver], schema=null, metaData=org.apache.commons.dbcp.DelegatingDatabaseMetaData@19f8bc1e, edges=[]) - start
171069 [main] DEBUG org.dbunit.database.search.AbstractMetaDataBasedSearchCallback  - Getting edges for node SCOPE
171069 [main] TRACE org.dbunit.database.DatabaseConfig  - getProperty(name=http://www.dbunit.org/properties/metadataHandler) - start
171069 [main] TRACE org.dbunit.database.DefaultMetadataHandler  - tableExists(metaData=org.apache.commons.dbcp.DelegatingDatabaseMetaData@19f8bc1e, schemaName=null, tableName=SCOPE) - start
171070 [main] DEBUG org.dbunit.util.SQLHelper  - close(resultSet=org.apache.commons.dbcp.DelegatingResultSet@72467391) - start
171070 [main] DEBUG org.dbunit.util.SQLHelper  - close(resultSet=org.apache.commons.dbcp.DelegatingResultSet@44bfb65b) - start
171070 [main] DEBUG org.dbunit.util.search.DepthFirstSearch  - search:SCOPEDCONTENT
171070 [main] DEBUG org.dbunit.util.search.DepthFirstSearch  - already searched; returning true
171070 [main] DEBUG org.dbunit.util.search.DepthFirstSearch  - search:SCOPE
171070 [main] DEBUG org.dbunit.util.search.DepthFirstSearch  - already searched; returning true
171070 [main] DEBUG org.dbunit.util.CollectionsHelper  - setToStrings(set=[SCOPE, SCOPEDCONTENT]) - start
171070 [main] DEBUG org.dbunit.database.search.TablesDependencyHelper  - getDependsOnTables(connection=_databaseConfig=org.dbunit.database.DatabaseConfig[, _propertyMap={http://www.dbunit.org/properties/statementFactory=org.dbunit.database.statement.PreparedStatementFactory@626bc2b8, http://www.dbunit.org/features/caseSensitiveTableNames=false, http://www.dbunit.org/properties/fetchSize=100, http://www.dbunit.org/features/batchedStatements=false, http://www.dbunit.org/properties/metadataHandler=org.dbunit.database.DefaultMetadataHandler@62baffef, http://www.dbunit.org/properties/datatypeFactory=org.dbunit.dataset.datatype.DefaultDataTypeFactory[_toleratedDeltaMap=org.dbunit.dataset.datatype.ToleratedDeltaMap@6452310a], http://www.dbunit.org/properties/escapePattern=null, http://www.dbunit.org/properties/batchSize=100, http://www.dbunit.org/features/qualifiedTableNames=false, http://www.dbunit.org/properties/tableType=[Ljava.lang.String;@5011bafa, http://www.dbunit.org/properties/resultSetTableFactory=org.dbunit.database.CachedResultSetTableFactory@10bcf083, http://www.dbunit.org/features/datatypeWarning=true}], _dataSet=AbstractDataSet[_orderedTableNameMap=null], rootTable=SCOPEDCONTENT) - start
171070 [main] DEBUG org.dbunit.util.search.DepthFirstSearch  - search(nodesFrom=[SCOPEDCONTENT], callback=org.dbunit.database.search.ExportedKeysSearchCallback@50e850a3) - start
171070 [main] DEBUG org.dbunit.util.CollectionsHelper  - objectsToSet(objects=SCOPEDCONTENT) - start
171070 [main] DEBUG org.dbunit.util.search.DepthFirstSearch  - search(nodesFrom=[SCOPEDCONTENT], callback=org.dbunit.database.search.ExportedKeysSearchCallback@50e850a3) - start
171070 [main] DEBUG org.dbunit.util.search.DepthFirstSearch  - reverseSearch:SCOPEDCONTENT
171070 [main] DEBUG org.dbunit.database.search.ExportedKeysSearchCallback  - searchNode(node=SCOPEDCONTENT) - start
171070 [main] DEBUG org.dbunit.util.search.DepthFirstSearch  - Pushing (reverse) SCOPEDCONTENT
171070 [main] DEBUG org.dbunit.database.search.ExportedKeysSearchCallback  - getEdges(node=SCOPEDCONTENT) - start
171070 [main] DEBUG org.dbunit.database.search.AbstractMetaDataBasedSearchCallback  - getNodesFromExportedKeys(node=SCOPEDCONTENT) - start
171070 [main] DEBUG org.dbunit.database.search.AbstractMetaDataBasedSearchCallback  - getNodes(type=1, node=SCOPEDCONTENT) - start
171070 [main] DEBUG org.dbunit.database.DatabaseDataSourceConnection  - getConnection() - start
171071 [main] DEBUG org.dbunit.database.search.AbstractMetaDataBasedSearchCallback  - getNodes(type=1, node=SCOPEDCONTENT, conn=Transaction-aware proxy for target Connection [jdbc:hsqldb:mem:kontrollDS, UserName=sw, HSQL Database Engine Driver], schema=null, metaData=org.apache.commons.dbcp.DelegatingDatabaseMetaData@440626d4, edges=[]) - start
171071 [main] DEBUG org.dbunit.database.search.AbstractMetaDataBasedSearchCallback  - Getting edges for node SCOPEDCONTENT
171071 [main] TRACE org.dbunit.database.DatabaseConfig  - getProperty(name=http://www.dbunit.org/properties/metadataHandler) - start
171071 [main] TRACE org.dbunit.database.DefaultMetadataHandler  - tableExists(metaData=org.apache.commons.dbcp.DelegatingDatabaseMetaData@440626d4, schemaName=null, tableName=SCOPEDCONTENT) - start
171072 [main] DEBUG org.dbunit.util.SQLHelper  - close(resultSet=org.apache.commons.dbcp.DelegatingResultSet@2cc1340a) - start
171072 [main] DEBUG org.dbunit.util.QualifiedTableName  - getQualifiedNameIfEnabled(config=org.dbunit.database.DatabaseConfig[, _propertyMap={http://www.dbunit.org/properties/statementFactory=org.dbunit.database.statement.PreparedStatementFactory@626bc2b8, http://www.dbunit.org/features/caseSensitiveTableNames=false, http://www.dbunit.org/properties/fetchSize=100, http://www.dbunit.org/features/batchedStatements=false, http://www.dbunit.org/properties/metadataHandler=org.dbunit.database.DefaultMetadataHandler@62baffef, http://www.dbunit.org/properties/datatypeFactory=org.dbunit.dataset.datatype.DefaultDataTypeFactory[_toleratedDeltaMap=org.dbunit.dataset.datatype.ToleratedDeltaMap@6452310a], http://www.dbunit.org/properties/escapePattern=null, http://www.dbunit.org/properties/batchSize=100, http://www.dbunit.org/features/qualifiedTableNames=false, http://www.dbunit.org/properties/tableType=[Ljava.lang.String;@5011bafa, http://www.dbunit.org/properties/resultSetTableFactory=org.dbunit.database.CachedResultSetTableFactory@10bcf083, http://www.dbunit.org/features/datatypeWarning=true}]) - start
171072 [main] TRACE org.dbunit.database.DatabaseConfig  - getFeature(name=http://www.dbunit.org/features/qualifiedTableNames) - start
171072 [main] TRACE org.dbunit.database.DatabaseConfig  - getProperty(name=http://www.dbunit.org/features/qualifiedTableNames) - start
171072 [main] DEBUG org.dbunit.util.QualifiedTableName  - Qualified table names feature is disabled. Returning plain table name
171072 [main] DEBUG org.dbunit.util.QualifiedTableName  - getQualifiedName(prefix=null, name=SCOPEDCONTENT, escapePattern=null) - start
171072 [main] DEBUG org.dbunit.util.QualifiedTableName  - getQualifiedNameIfEnabled(config=org.dbunit.database.DatabaseConfig[, _propertyMap={http://www.dbunit.org/properties/statementFactory=org.dbunit.database.statement.PreparedStatementFactory@626bc2b8, http://www.dbunit.org/features/caseSensitiveTableNames=false, http://www.dbunit.org/properties/fetchSize=100, http://www.dbunit.org/features/batchedStatements=false, http://www.dbunit.org/properties/metadataHandler=org.dbunit.database.DefaultMetadataHandler@62baffef, http://www.dbunit.org/properties/datatypeFactory=org.dbunit.dataset.datatype.DefaultDataTypeFactory[_toleratedDeltaMap=org.dbunit.dataset.datatype.ToleratedDeltaMap@6452310a], http://www.dbunit.org/properties/escapePattern=null, http://www.dbunit.org/properties/batchSize=100, http://www.dbunit.org/features/qualifiedTableNames=false, http://www.dbunit.org/properties/tableType=[Ljava.lang.String;@5011bafa, http://www.dbunit.org/properties/resultSetTableFactory=org.dbunit.database.CachedResultSetTableFactory@10bcf083, http://www.dbunit.org/features/datatypeWarning=true}]) - start
171072 [main] TRACE org.dbunit.database.DatabaseConfig  - getFeature(name=http://www.dbunit.org/features/qualifiedTableNames) - start
171072 [main] TRACE org.dbunit.database.DatabaseConfig  - getProperty(name=http://www.dbunit.org/features/qualifiedTableNames) - start
171072 [main] DEBUG org.dbunit.util.QualifiedTableName  - Qualified table names feature is disabled. Returning plain table name
171072 [main] DEBUG org.dbunit.util.QualifiedTableName  - getQualifiedName(prefix=null, name=SCOPEDCONTENTCONDITIONS_SCOPEDCONTENT, escapePattern=null) - start
171072 [main] DEBUG org.dbunit.database.search.AbstractMetaDataBasedSearchCallback  - newEdge(rs=org.apache.commons.dbcp.DelegatingResultSet@deb4f8a, type=1, from=SCOPEDCONTENT, to=SCOPEDCONTENTCONDITIONS_SCOPEDCONTENT, fkColumn=SCOPED_CONTENT_ID, pkColumn=ID) - start
171072 [main] DEBUG org.dbunit.database.search.AbstractMetaDataBasedSearchCallback  - createFKEdge(rs=org.apache.commons.dbcp.DelegatingResultSet@deb4f8a, type=1, from=SCOPEDCONTENT, to=SCOPEDCONTENTCONDITIONS_SCOPEDCONTENT, fkColumn=SCOPED_CONTENT_ID, pkColumn=ID) - start
171072 [main] DEBUG org.dbunit.database.search.AbstractMetaDataBasedSearchCallback  - Adding edge SCOPEDCONTENTCONDITIONS_SCOPEDCONTENT(SCOPED_CONTENT_ID)->SCOPEDCONTENT(ID)
171072 [main] DEBUG org.dbunit.util.search.Edge  - compareTo(o=SCOPEDCONTENTCONDITIONS_SCOPEDCONTENT(SCOPED_CONTENT_ID)->SCOPEDCONTENT(ID)) - start
171072 [main] DEBUG org.dbunit.util.QualifiedTableName  - getQualifiedNameIfEnabled(config=org.dbunit.database.DatabaseConfig[, _propertyMap={http://www.dbunit.org/properties/statementFactory=org.dbunit.database.statement.PreparedStatementFactory@626bc2b8, http://www.dbunit.org/features/caseSensitiveTableNames=false, http://www.dbunit.org/properties/fetchSize=100, http://www.dbunit.org/features/batchedStatements=false, http://www.dbunit.org/properties/metadataHandler=org.dbunit.database.DefaultMetadataHandler@62baffef, http://www.dbunit.org/properties/datatypeFactory=org.dbunit.dataset.datatype.DefaultDataTypeFactory[_toleratedDeltaMap=org.dbunit.dataset.datatype.ToleratedDeltaMap@6452310a], http://www.dbunit.org/properties/escapePattern=null, http://www.dbunit.org/properties/batchSize=100, http://www.dbunit.org/features/qualifiedTableNames=false, http://www.dbunit.org/properties/tableType=[Ljava.lang.String;@5011bafa, http://www.dbunit.org/properties/resultSetTableFactory=org.dbunit.database.CachedResultSetTableFactory@10bcf083, http://www.dbunit.org/features/datatypeWarning=true}]) - start
171072 [main] TRACE org.dbunit.database.DatabaseConfig  - getFeature(name=http://www.dbunit.org/features/qualifiedTableNames) - start
171072 [main] TRACE org.dbunit.database.DatabaseConfig  - getProperty(name=http://www.dbunit.org/features/qualifiedTableNames) - start
171072 [main] DEBUG org.dbunit.util.QualifiedTableName  - Qualified table names feature is disabled. Returning plain table name
171072 [main] DEBUG org.dbunit.util.QualifiedTableName  - getQualifiedName(prefix=null, name=SCOPEDCONTENT, escapePattern=null) - start
171073 [main] DEBUG org.dbunit.util.QualifiedTableName  - getQualifiedNameIfEnabled(config=org.dbunit.database.DatabaseConfig[, _propertyMap={http://www.dbunit.org/properties/statementFactory=org.dbunit.database.statement.PreparedStatementFactory@626bc2b8, http://www.dbunit.org/features/caseSensitiveTableNames=false, http://www.dbunit.org/properties/fetchSize=100, http://www.dbunit.org/features/batchedStatements=false, http://www.dbunit.org/properties/metadataHandler=org.dbunit.database.DefaultMetadataHandler@62baffef, http://www.dbunit.org/properties/datatypeFactory=org.dbunit.dataset.datatype.DefaultDataTypeFactory[_toleratedDeltaMap=org.dbunit.dataset.datatype.ToleratedDeltaMap@6452310a], http://www.dbunit.org/properties/escapePattern=null, http://www.dbunit.org/properties/batchSize=100, http://www.dbunit.org/features/qualifiedTableNames=false, http://www.dbunit.org/properties/tableType=[Ljava.lang.String;@5011bafa, http://www.dbunit.org/properties/resultSetTableFactory=org.dbunit.database.CachedResultSetTableFactory@10bcf083, http://www.dbunit.org/features/datatypeWarning=true}]) - start
171073 [main] TRACE org.dbunit.database.DatabaseConfig  - getFeature(name=http://www.dbunit.org/features/qualifiedTableNames) - start
171073 [main] TRACE org.dbunit.database.DatabaseConfig  - getProperty(name=http://www.dbunit.org/features/qualifiedTableNames) - start
171073 [main] DEBUG org.dbunit.util.QualifiedTableName  - Qualified table names feature is disabled. Returning plain table name
171073 [main] DEBUG org.dbunit.util.QualifiedTableName  - getQualifiedName(prefix=null, name=SCOPEDCONTENT_SCOPEDCONTENTITEM, escapePattern=null) - start
171073 [main] DEBUG org.dbunit.database.search.AbstractMetaDataBasedSearchCallback  - newEdge(rs=org.apache.commons.dbcp.DelegatingResultSet@deb4f8a, type=1, from=SCOPEDCONTENT, to=SCOPEDCONTENT_SCOPEDCONTENTITEM, fkColumn=SCOPED_CONTENT_ITEM_ID, pkColumn=ID) - start
171073 [main] DEBUG org.dbunit.database.search.AbstractMetaDataBasedSearchCallback  - createFKEdge(rs=org.apache.commons.dbcp.DelegatingResultSet@deb4f8a, type=1, from=SCOPEDCONTENT, to=SCOPEDCONTENT_SCOPEDCONTENTITEM, fkColumn=SCOPED_CONTENT_ITEM_ID, pkColumn=ID) - start
171073 [main] DEBUG org.dbunit.database.search.AbstractMetaDataBasedSearchCallback  - Adding edge SCOPEDCONTENT_SCOPEDCONTENTITEM(SCOPED_CONTENT_ITEM_ID)->SCOPEDCONTENT(ID)
171073 [main] DEBUG org.dbunit.util.search.Edge  - compareTo(o=SCOPEDCONTENTCONDITIONS_SCOPEDCONTENT(SCOPED_CONTENT_ID)->SCOPEDCONTENT(ID)) - start
171073 [main] DEBUG org.dbunit.util.SQLHelper  - close(resultSet=org.apache.commons.dbcp.DelegatingResultSet@deb4f8a) - start
171073 [main] DEBUG org.dbunit.util.search.DepthFirstSearch  - reverseSearch:SCOPEDCONTENTCONDITIONS_SCOPEDCONTENT
171073 [main] DEBUG org.dbunit.database.search.ExportedKeysSearchCallback  - searchNode(node=SCOPEDCONTENTCONDITIONS_SCOPEDCONTENT) - start
171073 [main] DEBUG org.dbunit.util.search.DepthFirstSearch  - Pushing (reverse) SCOPEDCONTENTCONDITIONS_SCOPEDCONTENT
171073 [main] DEBUG org.dbunit.database.search.ExportedKeysSearchCallback  - getEdges(node=SCOPEDCONTENTCONDITIONS_SCOPEDCONTENT) - start
171073 [main] DEBUG org.dbunit.database.search.AbstractMetaDataBasedSearchCallback  - getNodesFromExportedKeys(node=SCOPEDCONTENTCONDITIONS_SCOPEDCONTENT) - start
171073 [main] DEBUG org.dbunit.database.search.AbstractMetaDataBasedSearchCallback  - getNodes(type=1, node=SCOPEDCONTENTCONDITIONS_SCOPEDCONTENT) - start
171073 [main] DEBUG org.dbunit.database.DatabaseDataSourceConnection  - getConnection() - start
171073 [main] DEBUG org.dbunit.database.search.AbstractMetaDataBasedSearchCallback  - getNodes(type=1, node=SCOPEDCONTENTCONDITIONS_SCOPEDCONTENT, conn=Transaction-aware proxy for target Connection [jdbc:hsqldb:mem:kontrollDS, UserName=sw, HSQL Database Engine Driver], schema=null, metaData=org.apache.commons.dbcp.DelegatingDatabaseMetaData@53b2f429, edges=[]) - start
171073 [main] DEBUG org.dbunit.database.search.AbstractMetaDataBasedSearchCallback  - Getting edges for node SCOPEDCONTENTCONDITIONS_SCOPEDCONTENT
171073 [main] TRACE org.dbunit.database.DatabaseConfig  - getProperty(name=http://www.dbunit.org/properties/metadataHandler) - start
171073 [main] TRACE org.dbunit.database.DefaultMetadataHandler  - tableExists(metaData=org.apache.commons.dbcp.DelegatingDatabaseMetaData@53b2f429, schemaName=null, tableName=SCOPEDCONTENTCONDITIONS_SCOPEDCONTENT) - start
171074 [main] DEBUG org.dbunit.util.SQLHelper  - close(resultSet=org.apache.commons.dbcp.DelegatingResultSet@c1198d9) - start
171075 [main] DEBUG org.dbunit.util.SQLHelper  - close(resultSet=org.apache.commons.dbcp.DelegatingResultSet@302e745e) - start
171075 [main] DEBUG org.dbunit.util.search.DepthFirstSearch  - reverseSearch:SCOPEDCONTENT_SCOPEDCONTENTITEM
171075 [main] DEBUG org.dbunit.database.search.ExportedKeysSearchCallback  - searchNode(node=SCOPEDCONTENT_SCOPEDCONTENTITEM) - start
171075 [main] DEBUG org.dbunit.util.search.DepthFirstSearch  - Pushing (reverse) SCOPEDCONTENT_SCOPEDCONTENTITEM
171075 [main] DEBUG org.dbunit.database.search.ExportedKeysSearchCallback  - getEdges(node=SCOPEDCONTENT_SCOPEDCONTENTITEM) - start
171075 [main] DEBUG org.dbunit.database.search.AbstractMetaDataBasedSearchCallback  - getNodesFromExportedKeys(node=SCOPEDCONTENT_SCOPEDCONTENTITEM) - start
171075 [main] DEBUG org.dbunit.database.search.AbstractMetaDataBasedSearchCallback  - getNodes(type=1, node=SCOPEDCONTENT_SCOPEDCONTENTITEM) - start
171075 [main] DEBUG org.dbunit.database.DatabaseDataSourceConnection  - getConnection() - start
171075 [main] DEBUG org.dbunit.database.search.AbstractMetaDataBasedSearchCallback  - getNodes(type=1, node=SCOPEDCONTENT_SCOPEDCONTENTITEM, conn=Transaction-aware proxy for target Connection [jdbc:hsqldb:mem:kontrollDS, UserName=sw, HSQL Database Engine Driver], schema=null, metaData=org.apache.commons.dbcp.DelegatingDatabaseMetaData@39d9e008, edges=[]) - start
171075 [main] DEBUG org.dbunit.database.search.AbstractMetaDataBasedSearchCallback  - Getting edges for node SCOPEDCONTENT_SCOPEDCONTENTITEM
171075 [main] TRACE org.dbunit.database.DatabaseConfig  - getProperty(name=http://www.dbunit.org/properties/metadataHandler) - start
171075 [main] TRACE org.dbunit.database.DefaultMetadataHandler  - tableExists(metaData=org.apache.commons.dbcp.DelegatingDatabaseMetaData@39d9e008, schemaName=null, tableName=SCOPEDCONTENT_SCOPEDCONTENTITEM) - start
171076 [main] DEBUG org.dbunit.util.SQLHelper  - close(resultSet=org.apache.commons.dbcp.DelegatingResultSet@2129c66f) - start
171076 [main] DEBUG org.dbunit.util.SQLHelper  - close(resultSet=org.apache.commons.dbcp.DelegatingResultSet@46fae6a) - start
171076 [main] DEBUG org.dbunit.util.search.DepthFirstSearch  - search:SCOPEDCONTENTCONDITIONS_SCOPEDCONTENT
171076 [main] DEBUG org.dbunit.database.search.ExportedKeysSearchCallback  - searchNode(node=SCOPEDCONTENTCONDITIONS_SCOPEDCONTENT) - start
171076 [main] DEBUG org.dbunit.util.search.DepthFirstSearch  - Pushing SCOPEDCONTENTCONDITIONS_SCOPEDCONTENT
171076 [main] DEBUG org.dbunit.database.search.ExportedKeysSearchCallback  - getEdges(node=SCOPEDCONTENTCONDITIONS_SCOPEDCONTENT) - start
171076 [main] DEBUG org.dbunit.database.search.AbstractMetaDataBasedSearchCallback  - getNodesFromExportedKeys(node=SCOPEDCONTENTCONDITIONS_SCOPEDCONTENT) - start
171076 [main] DEBUG org.dbunit.database.search.AbstractMetaDataBasedSearchCallback  - getNodes(type=1, node=SCOPEDCONTENTCONDITIONS_SCOPEDCONTENT) - start
171076 [main] DEBUG org.dbunit.database.DatabaseDataSourceConnection  - getConnection() - start
171076 [main] DEBUG org.dbunit.database.search.AbstractMetaDataBasedSearchCallback  - getNodes(type=1, node=SCOPEDCONTENTCONDITIONS_SCOPEDCONTENT, conn=Transaction-aware proxy for target Connection [jdbc:hsqldb:mem:kontrollDS, UserName=sw, HSQL Database Engine Driver], schema=null, metaData=org.apache.commons.dbcp.DelegatingDatabaseMetaData@4023b36c, edges=[]) - start
171076 [main] DEBUG org.dbunit.database.search.AbstractMetaDataBasedSearchCallback  - Getting edges for node SCOPEDCONTENTCONDITIONS_SCOPEDCONTENT
171076 [main] TRACE org.dbunit.database.DatabaseConfig  - getProperty(name=http://www.dbunit.org/properties/metadataHandler) - start
171076 [main] TRACE org.dbunit.database.DefaultMetadataHandler  - tableExists(metaData=org.apache.commons.dbcp.DelegatingDatabaseMetaData@4023b36c, schemaName=null, tableName=SCOPEDCONTENTCONDITIONS_SCOPEDCONTENT) - start
171077 [main] DEBUG org.dbunit.util.SQLHelper  - close(resultSet=org.apache.commons.dbcp.DelegatingResultSet@3cfa3052) - start
171078 [main] DEBUG org.dbunit.util.SQLHelper  - close(resultSet=org.apache.commons.dbcp.DelegatingResultSet@230b6599) - start
171078 [main] DEBUG org.dbunit.util.search.DepthFirstSearch  - Adding node SCOPEDCONTENTCONDITIONS_SCOPEDCONTENT to the final result
171078 [main] DEBUG org.dbunit.util.search.DepthFirstSearch  - search:SCOPEDCONTENT_SCOPEDCONTENTITEM
171078 [main] DEBUG org.dbunit.database.search.ExportedKeysSearchCallback  - searchNode(node=SCOPEDCONTENT_SCOPEDCONTENTITEM) - start
171078 [main] DEBUG org.dbunit.util.search.DepthFirstSearch  - Pushing SCOPEDCONTENT_SCOPEDCONTENTITEM
171078 [main] DEBUG org.dbunit.database.search.ExportedKeysSearchCallback  - getEdges(node=SCOPEDCONTENT_SCOPEDCONTENTITEM) - start
171078 [main] DEBUG org.dbunit.database.search.AbstractMetaDataBasedSearchCallback  - getNodesFromExportedKeys(node=SCOPEDCONTENT_SCOPEDCONTENTITEM) - start
171078 [main] DEBUG org.dbunit.database.search.AbstractMetaDataBasedSearchCallback  - getNodes(type=1, node=SCOPEDCONTENT_SCOPEDCONTENTITEM) - start
171078 [main] DEBUG org.dbunit.database.DatabaseDataSourceConnection  - getConnection() - start
171078 [main] DEBUG org.dbunit.database.search.AbstractMetaDataBasedSearchCallback  - getNodes(type=1, node=SCOPEDCONTENT_SCOPEDCONTENTITEM, conn=Transaction-aware proxy for target Connection [jdbc:hsqldb:mem:kontrollDS, UserName=sw, HSQL Database Engine Driver], schema=null, metaData=org.apache.commons.dbcp.DelegatingDatabaseMetaData@413b31c8, edges=[]) - start
171078 [main] DEBUG org.dbunit.database.search.AbstractMetaDataBasedSearchCallback  - Getting edges for node SCOPEDCONTENT_SCOPEDCONTENTITEM
171078 [main] TRACE org.dbunit.database.DatabaseConfig  - getProperty(name=http://www.dbunit.org/properties/metadataHandler) - start
171078 [main] TRACE org.dbunit.database.DefaultMetadataHandler  - tableExists(metaData=org.apache.commons.dbcp.DelegatingDatabaseMetaData@413b31c8, schemaName=null, tableName=SCOPEDCONTENT_SCOPEDCONTENTITEM) - start
171079 [main] DEBUG org.dbunit.util.SQLHelper  - close(resultSet=org.apache.commons.dbcp.DelegatingResultSet@77c5c081) - start
171079 [main] DEBUG org.dbunit.util.SQLHelper  - close(resultSet=org.apache.commons.dbcp.DelegatingResultSet@1a5ea146) - start
171079 [main] DEBUG org.dbunit.util.search.DepthFirstSearch  - Adding node SCOPEDCONTENT_SCOPEDCONTENTITEM to the final result
171079 [main] DEBUG org.dbunit.util.search.DepthFirstSearch  - search:SCOPEDCONTENT
171079 [main] DEBUG org.dbunit.database.search.ExportedKeysSearchCallback  - searchNode(node=SCOPEDCONTENT) - start
171079 [main] DEBUG org.dbunit.util.search.DepthFirstSearch  - Pushing SCOPEDCONTENT
171079 [main] DEBUG org.dbunit.database.search.ExportedKeysSearchCallback  - getEdges(node=SCOPEDCONTENT) - start
171079 [main] DEBUG org.dbunit.database.search.AbstractMetaDataBasedSearchCallback  - getNodesFromExportedKeys(node=SCOPEDCONTENT) - start
171079 [main] DEBUG org.dbunit.database.search.AbstractMetaDataBasedSearchCallback  - getNodes(type=1, node=SCOPEDCONTENT) - start
171079 [main] DEBUG org.dbunit.database.DatabaseDataSourceConnection  - getConnection() - start
171079 [main] DEBUG org.dbunit.database.search.AbstractMetaDataBasedSearchCallback  - getNodes(type=1, node=SCOPEDCONTENT, conn=Transaction-aware proxy for target Connection [jdbc:hsqldb:mem:kontrollDS, UserName=sw, HSQL Database Engine Driver], schema=null, metaData=org.apache.commons.dbcp.DelegatingDatabaseMetaData@3aae0830, edges=[]) - start
171080 [main] DEBUG org.dbunit.database.search.AbstractMetaDataBasedSearchCallback  - Getting edges for node SCOPEDCONTENT
171080 [main] TRACE org.dbunit.database.DatabaseConfig  - getProperty(name=http://www.dbunit.org/properties/metadataHandler) - start
171080 [main] TRACE org.dbunit.database.DefaultMetadataHandler  - tableExists(metaData=org.apache.commons.dbcp.DelegatingDatabaseMetaData@3aae0830, schemaName=null, tableName=SCOPEDCONTENT) - start
171080 [main] DEBUG org.dbunit.util.SQLHelper  - close(resultSet=org.apache.commons.dbcp.DelegatingResultSet@b888c31) - start
171081 [main] DEBUG org.dbunit.util.QualifiedTableName  - getQualifiedNameIfEnabled(config=org.dbunit.database.DatabaseConfig[, _propertyMap={http://www.dbunit.org/properties/statementFactory=org.dbunit.database.statement.PreparedStatementFactory@626bc2b8, http://www.dbunit.org/features/caseSensitiveTableNames=false, http://www.dbunit.org/properties/fetchSize=100, http://www.dbunit.org/features/batchedStatements=false, http://www.dbunit.org/properties/metadataHandler=org.dbunit.database.DefaultMetadataHandler@62baffef, http://www.dbunit.org/properties/datatypeFactory=org.dbunit.dataset.datatype.DefaultDataTypeFactory[_toleratedDeltaMap=org.dbunit.dataset.datatype.ToleratedDeltaMap@6452310a], http://www.dbunit.org/properties/escapePattern=null, http://www.dbunit.org/properties/batchSize=100, http://www.dbunit.org/features/qualifiedTableNames=false, http://www.dbunit.org/properties/tableType=[Ljava.lang.String;@5011bafa, http://www.dbunit.org/properties/resultSetTableFactory=org.dbunit.database.CachedResultSetTableFactory@10bcf083, http://www.dbunit.org/features/datatypeWarning=true}]) - start
171081 [main] TRACE org.dbunit.database.DatabaseConfig  - getFeature(name=http://www.dbunit.org/features/qualifiedTableNames) - start
171081 [main] TRACE org.dbunit.database.DatabaseConfig  - getProperty(name=http://www.dbunit.org/features/qualifiedTableNames) - start
171081 [main] DEBUG org.dbunit.util.QualifiedTableName  - Qualified table names feature is disabled. Returning plain table name
171081 [main] DEBUG org.dbunit.util.QualifiedTableName  - getQualifiedName(prefix=null, name=SCOPEDCONTENT, escapePattern=null) - start
171081 [main] DEBUG org.dbunit.util.QualifiedTableName  - getQualifiedNameIfEnabled(config=org.dbunit.database.DatabaseConfig[, _propertyMap={http://www.dbunit.org/properties/statementFactory=org.dbunit.database.statement.PreparedStatementFactory@626bc2b8, http://www.dbunit.org/features/caseSensitiveTableNames=false, http://www.dbunit.org/properties/fetchSize=100, http://www.dbunit.org/features/batchedStatements=false, http://www.dbunit.org/properties/metadataHandler=org.dbunit.database.DefaultMetadataHandler@62baffef, http://www.dbunit.org/properties/datatypeFactory=org.dbunit.dataset.datatype.DefaultDataTypeFactory[_toleratedDeltaMap=org.dbunit.dataset.datatype.ToleratedDeltaMap@6452310a], http://www.dbunit.org/properties/escapePattern=null, http://www.dbunit.org/properties/batchSize=100, http://www.dbunit.org/features/qualifiedTableNames=false, http://www.dbunit.org/properties/tableType=[Ljava.lang.String;@5011bafa, http://www.dbunit.org/properties/resultSetTableFactory=org.dbunit.database.CachedResultSetTableFactory@10bcf083, http://www.dbunit.org/features/datatypeWarning=true}]) - start
171081 [main] TRACE org.dbunit.database.DatabaseConfig  - getFeature(name=http://www.dbunit.org/features/qualifiedTableNames) - start
171081 [main] TRACE org.dbunit.database.DatabaseConfig  - getProperty(name=http://www.dbunit.org/features/qualifiedTableNames) - start
171081 [main] DEBUG org.dbunit.util.QualifiedTableName  - Qualified table names feature is disabled. Returning plain table name
171081 [main] DEBUG org.dbunit.util.QualifiedTableName  - getQualifiedName(prefix=null, name=SCOPEDCONTENTCONDITIONS_SCOPEDCONTENT, escapePattern=null) - start
171081 [main] DEBUG org.dbunit.database.search.AbstractMetaDataBasedSearchCallback  - newEdge(rs=org.apache.commons.dbcp.DelegatingResultSet@dc97341, type=1, from=SCOPEDCONTENT, to=SCOPEDCONTENTCONDITIONS_SCOPEDCONTENT, fkColumn=SCOPED_CONTENT_ID, pkColumn=ID) - start
171081 [main] DEBUG org.dbunit.database.search.AbstractMetaDataBasedSearchCallback  - createFKEdge(rs=org.apache.commons.dbcp.DelegatingResultSet@dc97341, type=1, from=SCOPEDCONTENT, to=SCOPEDCONTENTCONDITIONS_SCOPEDCONTENT, fkColumn=SCOPED_CONTENT_ID, pkColumn=ID) - start
171081 [main] DEBUG org.dbunit.database.search.AbstractMetaDataBasedSearchCallback  - Adding edge SCOPEDCONTENTCONDITIONS_SCOPEDCONTENT(SCOPED_CONTENT_ID)->SCOPEDCONTENT(ID)
171081 [main] DEBUG org.dbunit.util.search.Edge  - compareTo(o=SCOPEDCONTENTCONDITIONS_SCOPEDCONTENT(SCOPED_CONTENT_ID)->SCOPEDCONTENT(ID)) - start
171081 [main] DEBUG org.dbunit.util.QualifiedTableName  - getQualifiedNameIfEnabled(config=org.dbunit.database.DatabaseConfig[, _propertyMap={http://www.dbunit.org/properties/statementFactory=org.dbunit.database.statement.PreparedStatementFactory@626bc2b8, http://www.dbunit.org/features/caseSensitiveTableNames=false, http://www.dbunit.org/properties/fetchSize=100, http://www.dbunit.org/features/batchedStatements=false, http://www.dbunit.org/properties/metadataHandler=org.dbunit.database.DefaultMetadataHandler@62baffef, http://www.dbunit.org/properties/datatypeFactory=org.dbunit.dataset.datatype.DefaultDataTypeFactory[_toleratedDeltaMap=org.dbunit.dataset.datatype.ToleratedDeltaMap@6452310a], http://www.dbunit.org/properties/escapePattern=null, http://www.dbunit.org/properties/batchSize=100, http://www.dbunit.org/features/qualifiedTableNames=false, http://www.dbunit.org/properties/tableType=[Ljava.lang.String;@5011bafa, http://www.dbunit.org/properties/resultSetTableFactory=org.dbunit.database.CachedResultSetTableFactory@10bcf083, http://www.dbunit.org/features/datatypeWarning=true}]) - start
171081 [main] TRACE org.dbunit.database.DatabaseConfig  - getFeature(name=http://www.dbunit.org/features/qualifiedTableNames) - start
171081 [main] TRACE org.dbunit.database.DatabaseConfig  - getProperty(name=http://www.dbunit.org/features/qualifiedTableNames) - start
171081 [main] DEBUG org.dbunit.util.QualifiedTableName  - Qualified table names feature is disabled. Returning plain table name
171081 [main] DEBUG org.dbunit.util.QualifiedTableName  - getQualifiedName(prefix=null, name=SCOPEDCONTENT, escapePattern=null) - start
171081 [main] DEBUG org.dbunit.util.QualifiedTableName  - getQualifiedNameIfEnabled(config=org.dbunit.database.DatabaseConfig[, _propertyMap={http://www.dbunit.org/properties/statementFactory=org.dbunit.database.statement.PreparedStatementFactory@626bc2b8, http://www.dbunit.org/features/caseSensitiveTableNames=false, http://www.dbunit.org/properties/fetchSize=100, http://www.dbunit.org/features/batchedStatements=false, http://www.dbunit.org/properties/metadataHandler=org.dbunit.database.DefaultMetadataHandler@62baffef, http://www.dbunit.org/properties/datatypeFactory=org.dbunit.dataset.datatype.DefaultDataTypeFactory[_toleratedDeltaMap=org.dbunit.dataset.datatype.ToleratedDeltaMap@6452310a], http://www.dbunit.org/properties/escapePattern=null, http://www.dbunit.org/properties/batchSize=100, http://www.dbunit.org/features/qualifiedTableNames=false, http://www.dbunit.org/properties/tableType=[Ljava.lang.String;@5011bafa, http://www.dbunit.org/properties/resultSetTableFactory=org.dbunit.database.CachedResultSetTableFactory@10bcf083, http://www.dbunit.org/features/datatypeWarning=true}]) - start
171082 [main] TRACE org.dbunit.database.DatabaseConfig  - getFeature(name=http://www.dbunit.org/features/qualifiedTableNames) - start
171082 [main] TRACE org.dbunit.database.DatabaseConfig  - getProperty(name=http://www.dbunit.org/features/qualifiedTableNames) - start
171082 [main] DEBUG org.dbunit.util.QualifiedTableName  - Qualified table names feature is disabled. Returning plain table name
171082 [main] DEBUG org.dbunit.util.QualifiedTableName  - getQualifiedName(prefix=null, name=SCOPEDCONTENT_SCOPEDCONTENTITEM, escapePattern=null) - start
171082 [main] DEBUG org.dbunit.database.search.AbstractMetaDataBasedSearchCallback  - newEdge(rs=org.apache.commons.dbcp.DelegatingResultSet@dc97341, type=1, from=SCOPEDCONTENT, to=SCOPEDCONTENT_SCOPEDCONTENTITEM, fkColumn=SCOPED_CONTENT_ITEM_ID, pkColumn=ID) - start
171082 [main] DEBUG org.dbunit.database.search.AbstractMetaDataBasedSearchCallback  - createFKEdge(rs=org.apache.commons.dbcp.DelegatingResultSet@dc97341, type=1, from=SCOPEDCONTENT, to=SCOPEDCONTENT_SCOPEDCONTENTITEM, fkColumn=SCOPED_CONTENT_ITEM_ID, pkColumn=ID) - start
171082 [main] DEBUG org.dbunit.database.search.AbstractMetaDataBasedSearchCallback  - Adding edge SCOPEDCONTENT_SCOPEDCONTENTITEM(SCOPED_CONTENT_ITEM_ID)->SCOPEDCONTENT(ID)
171082 [main] DEBUG org.dbunit.util.search.Edge  - compareTo(o=SCOPEDCONTENTCONDITIONS_SCOPEDCONTENT(SCOPED_CONTENT_ID)->SCOPEDCONTENT(ID)) - start
171082 [main] DEBUG org.dbunit.util.SQLHelper  - close(resultSet=org.apache.commons.dbcp.DelegatingResultSet@dc97341) - start
171082 [main] DEBUG org.dbunit.util.search.DepthFirstSearch  - search:SCOPEDCONTENT
171082 [main] DEBUG org.dbunit.util.search.DepthFirstSearch  - already searched; returning true
171082 [main] DEBUG org.dbunit.util.search.DepthFirstSearch  - search:SCOPEDCONTENT
171082 [main] DEBUG org.dbunit.util.search.DepthFirstSearch  - already searched; returning true
171082 [main] DEBUG org.dbunit.util.search.DepthFirstSearch  - Adding node SCOPEDCONTENT to the final result
171082 [main] DEBUG org.dbunit.util.CollectionsHelper  - setToStrings(set=[SCOPEDCONTENTCONDITIONS_SCOPEDCONTENT, SCOPEDCONTENT_SCOPEDCONTENTITEM, SCOPEDCONTENT]) - start
171082 [main] DEBUG org.dbunit.database.search.TablesDependencyHelper  - getDirectDependsOnTables(connection=_databaseConfig=org.dbunit.database.DatabaseConfig[, _propertyMap={http://www.dbunit.org/properties/statementFactory=org.dbunit.database.statement.PreparedStatementFactory@626bc2b8, http://www.dbunit.org/features/caseSensitiveTableNames=false, http://www.dbunit.org/properties/fetchSize=100, http://www.dbunit.org/features/batchedStatements=false, http://www.dbunit.org/properties/metadataHandler=org.dbunit.database.DefaultMetadataHandler@62baffef, http://www.dbunit.org/properties/datatypeFactory=org.dbunit.dataset.datatype.DefaultDataTypeFactory[_toleratedDeltaMap=org.dbunit.dataset.datatype.ToleratedDeltaMap@6452310a], http://www.dbunit.org/properties/escapePattern=null, http://www.dbunit.org/properties/batchSize=100, http://www.dbunit.org/features/qualifiedTableNames=false, http://www.dbunit.org/properties/tableType=[Ljava.lang.String;@5011bafa, http://www.dbunit.org/properties/resultSetTableFactory=org.dbunit.database.CachedResultSetTableFactory@10bcf083, http://www.dbunit.org/features/datatypeWarning=true}], _dataSet=AbstractDataSet[_orderedTableNameMap=null], tableName=SCOPEDCONTENT) - start
171082 [main] DEBUG org.dbunit.util.search.DepthFirstSearch  - search(nodesFrom=[SCOPEDCONTENT], callback=org.dbunit.database.search.ExportedKeysSearchCallback@8e87bbf) - start
171082 [main] DEBUG org.dbunit.util.CollectionsHelper  - objectsToSet(objects=SCOPEDCONTENT) - start
171082 [main] DEBUG org.dbunit.util.search.DepthFirstSearch  - search(nodesFrom=[SCOPEDCONTENT], callback=org.dbunit.database.search.ExportedKeysSearchCallback@8e87bbf) - start
171082 [main] DEBUG org.dbunit.util.search.DepthFirstSearch  - reverseSearch:SCOPEDCONTENT
171082 [main] DEBUG org.dbunit.database.search.ExportedKeysSearchCallback  - searchNode(node=SCOPEDCONTENT) - start
171082 [main] DEBUG org.dbunit.util.search.DepthFirstSearch  - Pushing (reverse) SCOPEDCONTENT
171082 [main] DEBUG org.dbunit.database.search.ExportedKeysSearchCallback  - getEdges(node=SCOPEDCONTENT) - start
171082 [main] DEBUG org.dbunit.database.search.AbstractMetaDataBasedSearchCallback  - getNodesFromExportedKeys(node=SCOPEDCONTENT) - start
171082 [main] DEBUG org.dbunit.database.search.AbstractMetaDataBasedSearchCallback  - getNodes(type=1, node=SCOPEDCONTENT) - start
171083 [main] DEBUG org.dbunit.database.DatabaseDataSourceConnection  - getConnection() - start
171083 [main] DEBUG org.dbunit.database.search.AbstractMetaDataBasedSearchCallback  - getNodes(type=1, node=SCOPEDCONTENT, conn=Transaction-aware proxy for target Connection [jdbc:hsqldb:mem:kontrollDS, UserName=sw, HSQL Database Engine Driver], schema=null, metaData=org.apache.commons.dbcp.DelegatingDatabaseMetaData@57143d2a, edges=[]) - start
171083 [main] DEBUG org.dbunit.database.search.AbstractMetaDataBasedSearchCallback  - Getting edges for node SCOPEDCONTENT
171083 [main] TRACE org.dbunit.database.DatabaseConfig  - getProperty(name=http://www.dbunit.org/properties/metadataHandler) - start
171083 [main] TRACE org.dbunit.database.DefaultMetadataHandler  - tableExists(metaData=org.apache.commons.dbcp.DelegatingDatabaseMetaData@57143d2a, schemaName=null, tableName=SCOPEDCONTENT) - start
171084 [main] DEBUG org.dbunit.util.SQLHelper  - close(resultSet=org.apache.commons.dbcp.DelegatingResultSet@5c795e1e) - start
171084 [main] DEBUG org.dbunit.util.QualifiedTableName  - getQualifiedNameIfEnabled(config=org.dbunit.database.DatabaseConfig[, _propertyMap={http://www.dbunit.org/properties/statementFactory=org.dbunit.database.statement.PreparedStatementFactory@626bc2b8, http://www.dbunit.org/features/caseSensitiveTableNames=false, http://www.dbunit.org/properties/fetchSize=100, http://www.dbunit.org/features/batchedStatements=false, http://www.dbunit.org/properties/metadataHandler=org.dbunit.database.DefaultMetadataHandler@62baffef, http://www.dbunit.org/properties/datatypeFactory=org.dbunit.dataset.datatype.DefaultDataTypeFactory[_toleratedDeltaMap=org.dbunit.dataset.datatype.ToleratedDeltaMap@6452310a], http://www.dbunit.org/properties/escapePattern=null, http://www.dbunit.org/properties/batchSize=100, http://www.dbunit.org/features/qualifiedTableNames=false, http://www.dbunit.org/properties/tableType=[Ljava.lang.String;@5011bafa, http://www.dbunit.org/properties/resultSetTableFactory=org.dbunit.database.CachedResultSetTableFactory@10bcf083, http://www.dbunit.org/features/datatypeWarning=true}]) - start
171084 [main] TRACE org.dbunit.database.DatabaseConfig  - getFeature(name=http://www.dbunit.org/features/qualifiedTableNames) - start
171084 [main] TRACE org.dbunit.database.DatabaseConfig  - getProperty(name=http://www.dbunit.org/features/qualifiedTableNames) - start
171084 [main] DEBUG org.dbunit.util.QualifiedTableName  - Qualified table names feature is disabled. Returning plain table name
171084 [main] DEBUG org.dbunit.util.QualifiedTableName  - getQualifiedName(prefix=null, name=SCOPEDCONTENT, escapePattern=null) - start
171084 [main] DEBUG org.dbunit.util.QualifiedTableName  - getQualifiedNameIfEnabled(config=org.dbunit.database.DatabaseConfig[, _propertyMap={http://www.dbunit.org/properties/statementFactory=org.dbunit.database.statement.PreparedStatementFactory@626bc2b8, http://www.dbunit.org/features/caseSensitiveTableNames=false, http://www.dbunit.org/properties/fetchSize=100, http://www.dbunit.org/features/batchedStatements=false, http://www.dbunit.org/properties/metadataHandler=org.dbunit.database.DefaultMetadataHandler@62baffef, http://www.dbunit.org/properties/datatypeFactory=org.dbunit.dataset.datatype.DefaultDataTypeFactory[_toleratedDeltaMap=org.dbunit.dataset.datatype.ToleratedDeltaMap@6452310a], http://www.dbunit.org/properties/escapePattern=null, http://www.dbunit.org/properties/batchSize=100, http://www.dbunit.org/features/qualifiedTableNames=false, http://www.dbunit.org/properties/tableType=[Ljava.lang.String;@5011bafa, http://www.dbunit.org/properties/resultSetTableFactory=org.dbunit.database.CachedResultSetTableFactory@10bcf083, http://www.dbunit.org/features/datatypeWarning=true}]) - start
171084 [main] TRACE org.dbunit.database.DatabaseConfig  - getFeature(name=http://www.dbunit.org/features/qualifiedTableNames) - start
171084 [main] TRACE org.dbunit.database.DatabaseConfig  - getProperty(name=http://www.dbunit.org/features/qualifiedTableNames) - start
171084 [main] DEBUG org.dbunit.util.QualifiedTableName  - Qualified table names feature is disabled. Returning plain table name
171084 [main] DEBUG org.dbunit.util.QualifiedTableName  - getQualifiedName(prefix=null, name=SCOPEDCONTENTCONDITIONS_SCOPEDCONTENT, escapePattern=null) - start
171084 [main] DEBUG org.dbunit.database.search.AbstractMetaDataBasedSearchCallback  - newEdge(rs=org.apache.commons.dbcp.DelegatingResultSet@26d25780, type=1, from=SCOPEDCONTENT, to=SCOPEDCONTENTCONDITIONS_SCOPEDCONTENT, fkColumn=SCOPED_CONTENT_ID, pkColumn=ID) - start
171084 [main] DEBUG org.dbunit.database.search.AbstractMetaDataBasedSearchCallback  - createFKEdge(rs=org.apache.commons.dbcp.DelegatingResultSet@26d25780, type=1, from=SCOPEDCONTENT, to=SCOPEDCONTENTCONDITIONS_SCOPEDCONTENT, fkColumn=SCOPED_CONTENT_ID, pkColumn=ID) - start
171084 [main] DEBUG org.dbunit.database.search.AbstractMetaDataBasedSearchCallback  - Adding edge SCOPEDCONTENTCONDITIONS_SCOPEDCONTENT(SCOPED_CONTENT_ID)->SCOPEDCONTENT(ID)
171084 [main] DEBUG org.dbunit.util.search.Edge  - compareTo(o=SCOPEDCONTENTCONDITIONS_SCOPEDCONTENT(SCOPED_CONTENT_ID)->SCOPEDCONTENT(ID)) - start
171084 [main] DEBUG org.dbunit.util.QualifiedTableName  - getQualifiedNameIfEnabled(config=org.dbunit.database.DatabaseConfig[, _propertyMap={http://www.dbunit.org/properties/statementFactory=org.dbunit.database.statement.PreparedStatementFactory@626bc2b8, http://www.dbunit.org/features/caseSensitiveTableNames=false, http://www.dbunit.org/properties/fetchSize=100, http://www.dbunit.org/features/batchedStatements=false, http://www.dbunit.org/properties/metadataHandler=org.dbunit.database.DefaultMetadataHandler@62baffef, http://www.dbunit.org/properties/datatypeFactory=org.dbunit.dataset.datatype.DefaultDataTypeFactory[_toleratedDeltaMap=org.dbunit.dataset.datatype.ToleratedDeltaMap@6452310a], http://www.dbunit.org/properties/escapePattern=null, http://www.dbunit.org/properties/batchSize=100, http://www.dbunit.org/features/qualifiedTableNames=false, http://www.dbunit.org/properties/tableType=[Ljava.lang.String;@5011bafa, http://www.dbunit.org/properties/resultSetTableFactory=org.dbunit.database.CachedResultSetTableFactory@10bcf083, http://www.dbunit.org/features/datatypeWarning=true}]) - start
171085 [main] TRACE org.dbunit.database.DatabaseConfig  - getFeature(name=http://www.dbunit.org/features/qualifiedTableNames) - start
171085 [main] TRACE org.dbunit.database.DatabaseConfig  - getProperty(name=http://www.dbunit.org/features/qualifiedTableNames) - start
171085 [main] DEBUG org.dbunit.util.QualifiedTableName  - Qualified table names feature is disabled. Returning plain table name
171085 [main] DEBUG org.dbunit.util.QualifiedTableName  - getQualifiedName(prefix=null, name=SCOPEDCONTENT, escapePattern=null) - start
171085 [main] DEBUG org.dbunit.util.QualifiedTableName  - getQualifiedNameIfEnabled(config=org.dbunit.database.DatabaseConfig[, _propertyMap={http://www.dbunit.org/properties/statementFactory=org.dbunit.database.statement.PreparedStatementFactory@626bc2b8, http://www.dbunit.org/features/caseSensitiveTableNames=false, http://www.dbunit.org/properties/fetchSize=100, http://www.dbunit.org/features/batchedStatements=false, http://www.dbunit.org/properties/metadataHandler=org.dbunit.database.DefaultMetadataHandler@62baffef, http://www.dbunit.org/properties/datatypeFactory=org.dbunit.dataset.datatype.DefaultDataTypeFactory[_toleratedDeltaMap=org.dbunit.dataset.datatype.ToleratedDeltaMap@6452310a], http://www.dbunit.org/properties/escapePattern=null, http://www.dbunit.org/properties/batchSize=100, http://www.dbunit.org/features/qualifiedTableNames=false, http://www.dbunit.org/properties/tableType=[Ljava.lang.String;@5011bafa, http://www.dbunit.org/properties/resultSetTableFactory=org.dbunit.database.CachedResultSetTableFactory@10bcf083, http://www.dbunit.org/features/datatypeWarning=true}]) - start
171085 [main] TRACE org.dbunit.database.DatabaseConfig  - getFeature(name=http://www.dbunit.org/features/qualifiedTableNames) - start
171085 [main] TRACE org.dbunit.database.DatabaseConfig  - getProperty(name=http://www.dbunit.org/features/qualifiedTableNames) - start
171085 [main] DEBUG org.dbunit.util.QualifiedTableName  - Qualified table names feature is disabled. Returning plain table name
171085 [main] DEBUG org.dbunit.util.QualifiedTableName  - getQualifiedName(prefix=null, name=SCOPEDCONTENT_SCOPEDCONTENTITEM, escapePattern=null) - start
171085 [main] DEBUG org.dbunit.database.search.AbstractMetaDataBasedSearchCallback  - newEdge(rs=org.apache.commons.dbcp.DelegatingResultSet@26d25780, type=1, from=SCOPEDCONTENT, to=SCOPEDCONTENT_SCOPEDCONTENTITEM, fkColumn=SCOPED_CONTENT_ITEM_ID, pkColumn=ID) - start
171085 [main] DEBUG org.dbunit.database.search.AbstractMetaDataBasedSearchCallback  - createFKEdge(rs=org.apache.commons.dbcp.DelegatingResultSet@26d25780, type=1, from=SCOPEDCONTENT, to=SCOPEDCONTENT_SCOPEDCONTENTITEM, fkColumn=SCOPED_CONTENT_ITEM_ID, pkColumn=ID) - start
171085 [main] DEBUG org.dbunit.database.search.AbstractMetaDataBasedSearchCallback  - Adding edge SCOPEDCONTENT_SCOPEDCONTENTITEM(SCOPED_CONTENT_ITEM_ID)->SCOPEDCONTENT(ID)
171085 [main] DEBUG org.dbunit.util.search.Edge  - compareTo(o=SCOPEDCONTENTCONDITIONS_SCOPEDCONTENT(SCOPED_CONTENT_ID)->SCOPEDCONTENT(ID)) - start
171085 [main] DEBUG org.dbunit.util.SQLHelper  - close(resultSet=org.apache.commons.dbcp.DelegatingResultSet@26d25780) - start
171085 [main] DEBUG org.dbunit.util.search.DepthFirstSearch  - reverseSearch:SCOPEDCONTENTCONDITIONS_SCOPEDCONTENT
171085 [main] DEBUG org.dbunit.database.search.ExportedKeysSearchCallback  - searchNode(node=SCOPEDCONTENTCONDITIONS_SCOPEDCONTENT) - start
171085 [main] DEBUG org.dbunit.util.search.DepthFirstSearch  - Pushing (reverse) SCOPEDCONTENTCONDITIONS_SCOPEDCONTENT
171085 [main] DEBUG org.dbunit.database.search.ExportedKeysSearchCallback  - getEdges(node=SCOPEDCONTENTCONDITIONS_SCOPEDCONTENT) - start
171085 [main] DEBUG org.dbunit.database.search.AbstractMetaDataBasedSearchCallback  - getNodesFromExportedKeys(node=SCOPEDCONTENTCONDITIONS_SCOPEDCONTENT) - start
171085 [main] DEBUG org.dbunit.database.search.AbstractMetaDataBasedSearchCallback  - getNodes(type=1, node=SCOPEDCONTENTCONDITIONS_SCOPEDCONTENT) - start
171085 [main] DEBUG org.dbunit.database.DatabaseDataSourceConnection  - getConnection() - start
171085 [main] DEBUG org.dbunit.database.search.AbstractMetaDataBasedSearchCallback  - getNodes(type=1, node=SCOPEDCONTENTCONDITIONS_SCOPEDCONTENT, conn=Transaction-aware proxy for target Connection [jdbc:hsqldb:mem:kontrollDS, UserName=sw, HSQL Database Engine Driver], schema=null, metaData=org.apache.commons.dbcp.DelegatingDatabaseMetaData@3b6ea869, edges=[]) - start
171086 [main] DEBUG org.dbunit.database.search.AbstractMetaDataBasedSearchCallback  - Getting edges for node SCOPEDCONTENTCONDITIONS_SCOPEDCONTENT
171086 [main] TRACE org.dbunit.database.DatabaseConfig  - getProperty(name=http://www.dbunit.org/properties/metadataHandler) - start
171086 [main] TRACE org.dbunit.database.DefaultMetadataHandler  - tableExists(metaData=org.apache.commons.dbcp.DelegatingDatabaseMetaData@3b6ea869, schemaName=null, tableName=SCOPEDCONTENTCONDITIONS_SCOPEDCONTENT) - start
171087 [main] DEBUG org.dbunit.util.SQLHelper  - close(resultSet=org.apache.commons.dbcp.DelegatingResultSet@64eba245) - start
171087 [main] DEBUG org.dbunit.util.SQLHelper  - close(resultSet=org.apache.commons.dbcp.DelegatingResultSet@678bc1a9) - start
171087 [main] DEBUG org.dbunit.util.search.DepthFirstSearch  - reverseSearch:SCOPEDCONTENT_SCOPEDCONTENTITEM
171087 [main] DEBUG org.dbunit.database.search.ExportedKeysSearchCallback  - searchNode(node=SCOPEDCONTENT_SCOPEDCONTENTITEM) - start
171087 [main] DEBUG org.dbunit.util.search.DepthFirstSearch  - Pushing (reverse) SCOPEDCONTENT_SCOPEDCONTENTITEM
171087 [main] DEBUG org.dbunit.util.search.DepthFirstSearch  - search:SCOPEDCONTENTCONDITIONS_SCOPEDCONTENT
171087 [main] DEBUG org.dbunit.database.search.ExportedKeysSearchCallback  - searchNode(node=SCOPEDCONTENTCONDITIONS_SCOPEDCONTENT) - start
171087 [main] DEBUG org.dbunit.util.search.DepthFirstSearch  - Pushing SCOPEDCONTENTCONDITIONS_SCOPEDCONTENT
171087 [main] DEBUG org.dbunit.database.search.ExportedKeysSearchCallback  - getEdges(node=SCOPEDCONTENTCONDITIONS_SCOPEDCONTENT) - start
171087 [main] DEBUG org.dbunit.database.search.AbstractMetaDataBasedSearchCallback  - getNodesFromExportedKeys(node=SCOPEDCONTENTCONDITIONS_SCOPEDCONTENT) - start
171087 [main] DEBUG org.dbunit.database.search.AbstractMetaDataBasedSearchCallback  - getNodes(type=1, node=SCOPEDCONTENTCONDITIONS_SCOPEDCONTENT) - start
171087 [main] DEBUG org.dbunit.database.DatabaseDataSourceConnection  - getConnection() - start
171087 [main] DEBUG org.dbunit.database.search.AbstractMetaDataBasedSearchCallback  - getNodes(type=1, node=SCOPEDCONTENTCONDITIONS_SCOPEDCONTENT, conn=Transaction-aware proxy for target Connection [jdbc:hsqldb:mem:kontrollDS, UserName=sw, HSQL Database Engine Driver], schema=null, metaData=org.apache.commons.dbcp.DelegatingDatabaseMetaData@857735b, edges=[]) - start
171087 [main] DEBUG org.dbunit.database.search.AbstractMetaDataBasedSearchCallback  - Getting edges for node SCOPEDCONTENTCONDITIONS_SCOPEDCONTENT
171087 [main] TRACE org.dbunit.database.DatabaseConfig  - getProperty(name=http://www.dbunit.org/properties/metadataHandler) - start
171087 [main] TRACE org.dbunit.database.DefaultMetadataHandler  - tableExists(metaData=org.apache.commons.dbcp.DelegatingDatabaseMetaData@857735b, schemaName=null, tableName=SCOPEDCONTENTCONDITIONS_SCOPEDCONTENT) - start
171088 [main] DEBUG org.dbunit.util.SQLHelper  - close(resultSet=org.apache.commons.dbcp.DelegatingResultSet@49a11b22) - start
171088 [main] DEBUG org.dbunit.util.SQLHelper  - close(resultSet=org.apache.commons.dbcp.DelegatingResultSet@28eb9da7) - start
171088 [main] DEBUG org.dbunit.util.search.DepthFirstSearch  - Adding node SCOPEDCONTENTCONDITIONS_SCOPEDCONTENT to the final result
171089 [main] DEBUG org.dbunit.util.search.DepthFirstSearch  - search:SCOPEDCONTENT_SCOPEDCONTENTITEM
171089 [main] DEBUG org.dbunit.database.search.ExportedKeysSearchCallback  - searchNode(node=SCOPEDCONTENT_SCOPEDCONTENTITEM) - start
171089 [main] DEBUG org.dbunit.util.search.DepthFirstSearch  - Pushing SCOPEDCONTENT_SCOPEDCONTENTITEM
171089 [main] DEBUG org.dbunit.database.search.ExportedKeysSearchCallback  - getEdges(node=SCOPEDCONTENT_SCOPEDCONTENTITEM) - start
171089 [main] DEBUG org.dbunit.database.search.AbstractMetaDataBasedSearchCallback  - getNodesFromExportedKeys(node=SCOPEDCONTENT_SCOPEDCONTENTITEM) - start
171089 [main] DEBUG org.dbunit.database.search.AbstractMetaDataBasedSearchCallback  - getNodes(type=1, node=SCOPEDCONTENT_SCOPEDCONTENTITEM) - start
171089 [main] DEBUG org.dbunit.database.DatabaseDataSourceConnection  - getConnection() - start
171089 [main] DEBUG org.dbunit.database.search.AbstractMetaDataBasedSearchCallback  - getNodes(type=1, node=SCOPEDCONTENT_SCOPEDCONTENTITEM, conn=Transaction-aware proxy for target Connection [jdbc:hsqldb:mem:kontrollDS, UserName=sw, HSQL Database Engine Driver], schema=null, metaData=org.apache.commons.dbcp.DelegatingDatabaseMetaData@4bb53ee, edges=[]) - start
171089 [main] DEBUG org.dbunit.database.search.AbstractMetaDataBasedSearchCallback  - Getting edges for node SCOPEDCONTENT_SCOPEDCONTENTITEM
171089 [main] TRACE org.dbunit.database.DatabaseConfig  - getProperty(name=http://www.dbunit.org/properties/metadataHandler) - start
171089 [main] TRACE org.dbunit.database.DefaultMetadataHandler  - tableExists(metaData=org.apache.commons.dbcp.DelegatingDatabaseMetaData@4bb53ee, schemaName=null, tableName=SCOPEDCONTENT_SCOPEDCONTENTITEM) - start
171090 [main] DEBUG org.dbunit.util.SQLHelper  - close(resultSet=org.apache.commons.dbcp.DelegatingResultSet@6ef144e9) - start
171090 [main] DEBUG org.dbunit.util.SQLHelper  - close(resultSet=org.apache.commons.dbcp.DelegatingResultSet@541c806b) - start
171090 [main] DEBUG org.dbunit.util.search.DepthFirstSearch  - Adding node SCOPEDCONTENT_SCOPEDCONTENTITEM to the final result
171090 [main] DEBUG org.dbunit.util.search.DepthFirstSearch  - search:SCOPEDCONTENT
171090 [main] DEBUG org.dbunit.database.search.ExportedKeysSearchCallback  - searchNode(node=SCOPEDCONTENT) - start
171090 [main] DEBUG org.dbunit.util.search.DepthFirstSearch  - Pushing SCOPEDCONTENT
171090 [main] DEBUG org.dbunit.database.search.ExportedKeysSearchCallback  - getEdges(node=SCOPEDCONTENT) - start
171090 [main] DEBUG org.dbunit.database.search.AbstractMetaDataBasedSearchCallback  - getNodesFromExportedKeys(node=SCOPEDCONTENT) - start
171090 [main] DEBUG org.dbunit.database.search.AbstractMetaDataBasedSearchCallback  - getNodes(type=1, node=SCOPEDCONTENT) - start
171090 [main] DEBUG org.dbunit.database.DatabaseDataSourceConnection  - getConnection() - start
171090 [main] DEBUG org.dbunit.database.search.AbstractMetaDataBasedSearchCallback  - getNodes(type=1, node=SCOPEDCONTENT, conn=Transaction-aware proxy for target Connection [jdbc:hsqldb:mem:kontrollDS, UserName=sw, HSQL Database Engine Driver], schema=null, metaData=org.apache.commons.dbcp.DelegatingDatabaseMetaData@1b331bf1, edges=[]) - start
171090 [main] DEBUG org.dbunit.database.search.AbstractMetaDataBasedSearchCallback  - Getting edges for node SCOPEDCONTENT
171090 [main] TRACE org.dbunit.database.DatabaseConfig  - getProperty(name=http://www.dbunit.org/properties/metadataHandler) - start
171090 [main] TRACE org.dbunit.database.DefaultMetadataHandler  - tableExists(metaData=org.apache.commons.dbcp.DelegatingDatabaseMetaData@1b331bf1, schemaName=null, tableName=SCOPEDCONTENT) - start
171091 [main] DEBUG org.dbunit.util.SQLHelper  - close(resultSet=org.apache.commons.dbcp.DelegatingResultSet@1e7bd158) - start
171091 [main] DEBUG org.dbunit.util.QualifiedTableName  - getQualifiedNameIfEnabled(config=org.dbunit.database.DatabaseConfig[, _propertyMap={http://www.dbunit.org/properties/statementFactory=org.dbunit.database.statement.PreparedStatementFactory@626bc2b8, http://www.dbunit.org/features/caseSensitiveTableNames=false, http://www.dbunit.org/properties/fetchSize=100, http://www.dbunit.org/features/batchedStatements=false, http://www.dbunit.org/properties/metadataHandler=org.dbunit.database.DefaultMetadataHandler@62baffef, http://www.dbunit.org/properties/datatypeFactory=org.dbunit.dataset.datatype.DefaultDataTypeFactory[_toleratedDeltaMap=org.dbunit.dataset.datatype.ToleratedDeltaMap@6452310a], http://www.dbunit.org/properties/escapePattern=null, http://www.dbunit.org/properties/batchSize=100, http://www.dbunit.org/features/qualifiedTableNames=false, http://www.dbunit.org/properties/tableType=[Ljava.lang.String;@5011bafa, http://www.dbunit.org/properties/resultSetTableFactory=org.dbunit.database.CachedResultSetTableFactory@10bcf083, http://www.dbunit.org/features/datatypeWarning=true}]) - start
171092 [main] TRACE org.dbunit.database.DatabaseConfig  - getFeature(name=http://www.dbunit.org/features/qualifiedTableNames) - start
171092 [main] TRACE org.dbunit.database.DatabaseConfig  - getProperty(name=http://www.dbunit.org/features/qualifiedTableNames) - start
171092 [main] DEBUG org.dbunit.util.QualifiedTableName  - Qualified table names feature is disabled. Returning plain table name
171092 [main] DEBUG org.dbunit.util.QualifiedTableName  - getQualifiedName(prefix=null, name=SCOPEDCONTENT, escapePattern=null) - start
171092 [main] DEBUG org.dbunit.util.QualifiedTableName  - getQualifiedNameIfEnabled(config=org.dbunit.database.DatabaseConfig[, _propertyMap={http://www.dbunit.org/properties/statementFactory=org.dbunit.database.statement.PreparedStatementFactory@626bc2b8, http://www.dbunit.org/features/caseSensitiveTableNames=false, http://www.dbunit.org/properties/fetchSize=100, http://www.dbunit.org/features/batchedStatements=false, http://www.dbunit.org/properties/metadataHandler=org.dbunit.database.DefaultMetadataHandler@62baffef, http://www.dbunit.org/properties/datatypeFactory=org.dbunit.dataset.datatype.DefaultDataTypeFactory[_toleratedDeltaMap=org.dbunit.dataset.datatype.ToleratedDeltaMap@6452310a], http://www.dbunit.org/properties/escapePattern=null, http://www.dbunit.org/properties/batchSize=100, http://www.dbunit.org/features/qualifiedTableNames=false, http://www.dbunit.org/properties/tableType=[Ljava.lang.String;@5011bafa, http://www.dbunit.org/properties/resultSetTableFactory=org.dbunit.database.CachedResultSetTableFactory@10bcf083, http://www.dbunit.org/features/datatypeWarning=true}]) - start
171092 [main] TRACE org.dbunit.database.DatabaseConfig  - getFeature(name=http://www.dbunit.org/features/qualifiedTableNames) - start
171092 [main] TRACE org.dbunit.database.DatabaseConfig  - getProperty(name=http://www.dbunit.org/features/qualifiedTableNames) - start
171092 [main] DEBUG org.dbunit.util.QualifiedTableName  - Qualified table names feature is disabled. Returning plain table name
171092 [main] DEBUG org.dbunit.util.QualifiedTableName  - getQualifiedName(prefix=null, name=SCOPEDCONTENTCONDITIONS_SCOPEDCONTENT, escapePattern=null) - start
171092 [main] DEBUG org.dbunit.database.search.AbstractMetaDataBasedSearchCallback  - newEdge(rs=org.apache.commons.dbcp.DelegatingResultSet@4390830e, type=1, from=SCOPEDCONTENT, to=SCOPEDCONTENTCONDITIONS_SCOPEDCONTENT, fkColumn=SCOPED_CONTENT_ID, pkColumn=ID) - start
171092 [main] DEBUG org.dbunit.database.search.AbstractMetaDataBasedSearchCallback  - createFKEdge(rs=org.apache.commons.dbcp.DelegatingResultSet@4390830e, type=1, from=SCOPEDCONTENT, to=SCOPEDCONTENTCONDITIONS_SCOPEDCONTENT, fkColumn=SCOPED_CONTENT_ID, pkColumn=ID) - start
171092 [main] DEBUG org.dbunit.database.search.AbstractMetaDataBasedSearchCallback  - Adding edge SCOPEDCONTENTCONDITIONS_SCOPEDCONTENT(SCOPED_CONTENT_ID)->SCOPEDCONTENT(ID)
171092 [main] DEBUG org.dbunit.util.search.Edge  - compareTo(o=SCOPEDCONTENTCONDITIONS_SCOPEDCONTENT(SCOPED_CONTENT_ID)->SCOPEDCONTENT(ID)) - start
171092 [main] DEBUG org.dbunit.util.QualifiedTableName  - getQualifiedNameIfEnabled(config=org.dbunit.database.DatabaseConfig[, _propertyMap={http://www.dbunit.org/properties/statementFactory=org.dbunit.database.statement.PreparedStatementFactory@626bc2b8, http://www.dbunit.org/features/caseSensitiveTableNames=false, http://www.dbunit.org/properties/fetchSize=100, http://www.dbunit.org/features/batchedStatements=false, http://www.dbunit.org/properties/metadataHandler=org.dbunit.database.DefaultMetadataHandler@62baffef, http://www.dbunit.org/properties/datatypeFactory=org.dbunit.dataset.datatype.DefaultDataTypeFactory[_toleratedDeltaMap=org.dbunit.dataset.datatype.ToleratedDeltaMap@6452310a], http://www.dbunit.org/properties/escapePattern=null, http://www.dbunit.org/properties/batchSize=100, http://www.dbunit.org/features/qualifiedTableNames=false, http://www.dbunit.org/properties/tableType=[Ljava.lang.String;@5011bafa, http://www.dbunit.org/properties/resultSetTableFactory=org.dbunit.database.CachedResultSetTableFactory@10bcf083, http://www.dbunit.org/features/datatypeWarning=true}]) - start
171092 [main] TRACE org.dbunit.database.DatabaseConfig  - getFeature(name=http://www.dbunit.org/features/qualifiedTableNames) - start
171092 [main] TRACE org.dbunit.database.DatabaseConfig  - getProperty(name=http://www.dbunit.org/features/qualifiedTableNames) - start
171092 [main] DEBUG org.dbunit.util.QualifiedTableName  - Qualified table names feature is disabled. Returning plain table name
171092 [main] DEBUG org.dbunit.util.QualifiedTableName  - getQualifiedName(prefix=null, name=SCOPEDCONTENT, escapePattern=null) - start
171092 [main] DEBUG org.dbunit.util.QualifiedTableName  - getQualifiedNameIfEnabled(config=org.dbunit.database.DatabaseConfig[, _propertyMap={http://www.dbunit.org/properties/statementFactory=org.dbunit.database.statement.PreparedStatementFactory@626bc2b8, http://www.dbunit.org/features/caseSensitiveTableNames=false, http://www.dbunit.org/properties/fetchSize=100, http://www.dbunit.org/features/batchedStatements=false, http://www.dbunit.org/properties/metadataHandler=org.dbunit.database.DefaultMetadataHandler@62baffef, http://www.dbunit.org/properties/datatypeFactory=org.dbunit.dataset.datatype.DefaultDataTypeFactory[_toleratedDeltaMap=org.dbunit.dataset.datatype.ToleratedDeltaMap@6452310a], http://www.dbunit.org/properties/escapePattern=null, http://www.dbunit.org/properties/batchSize=100, http://www.dbunit.org/features/qualifiedTableNames=false, http://www.dbunit.org/properties/tableType=[Ljava.lang.String;@5011bafa, http://www.dbunit.org/properties/resultSetTableFactory=org.dbunit.database.CachedResultSetTableFactory@10bcf083, http://www.dbunit.org/features/datatypeWarning=true}]) - start
171092 [main] TRACE org.dbunit.database.DatabaseConfig  - getFeature(name=http://www.dbunit.org/features/qualifiedTableNames) - start
171092 [main] TRACE org.dbunit.database.DatabaseConfig  - getProperty(name=http://www.dbunit.org/features/qualifiedTableNames) - start
171092 [main] DEBUG org.dbunit.util.QualifiedTableName  - Qualified table names feature is disabled. Returning plain table name
171092 [main] DEBUG org.dbunit.util.QualifiedTableName  - getQualifiedName(prefix=null, name=SCOPEDCONTENT_SCOPEDCONTENTITEM, escapePattern=null) - start
171092 [main] DEBUG org.dbunit.database.search.AbstractMetaDataBasedSearchCallback  - newEdge(rs=org.apache.commons.dbcp.DelegatingResultSet@4390830e, type=1, from=SCOPEDCONTENT, to=SCOPEDCONTENT_SCOPEDCONTENTITEM, fkColumn=SCOPED_CONTENT_ITEM_ID, pkColumn=ID) - start
171092 [main] DEBUG org.dbunit.database.search.AbstractMetaDataBasedSearchCallback  - createFKEdge(rs=org.apache.commons.dbcp.DelegatingResultSet@4390830e, type=1, from=SCOPEDCONTENT, to=SCOPEDCONTENT_SCOPEDCONTENTITEM, fkColumn=SCOPED_CONTENT_ITEM_ID, pkColumn=ID) - start
171092 [main] DEBUG org.dbunit.database.search.AbstractMetaDataBasedSearchCallback  - Adding edge SCOPEDCONTENT_SCOPEDCONTENTITEM(SCOPED_CONTENT_ITEM_ID)->SCOPEDCONTENT(ID)
171093 [main] DEBUG org.dbunit.util.search.Edge  - compareTo(o=SCOPEDCONTENTCONDITIONS_SCOPEDCONTENT(SCOPED_CONTENT_ID)->SCOPEDCONTENT(ID)) - start
171093 [main] DEBUG org.dbunit.util.SQLHelper  - close(resultSet=org.apache.commons.dbcp.DelegatingResultSet@4390830e) - start
171093 [main] DEBUG org.dbunit.util.search.DepthFirstSearch  - search:SCOPEDCONTENT
171093 [main] DEBUG org.dbunit.util.search.DepthFirstSearch  - already searched; returning true
171093 [main] DEBUG org.dbunit.util.search.DepthFirstSearch  - search:SCOPEDCONTENT
171093 [main] DEBUG org.dbunit.util.search.DepthFirstSearch  - already searched; returning true
171093 [main] DEBUG org.dbunit.util.search.DepthFirstSearch  - Adding node SCOPEDCONTENT to the final result
171093 [main] DEBUG org.dbunit.database.search.TablesDependencyHelper  - getDirectDependentTables(connection=_databaseConfig=org.dbunit.database.DatabaseConfig[, _propertyMap={http://www.dbunit.org/properties/statementFactory=org.dbunit.database.statement.PreparedStatementFactory@626bc2b8, http://www.dbunit.org/features/caseSensitiveTableNames=false, http://www.dbunit.org/properties/fetchSize=100, http://www.dbunit.org/features/batchedStatements=false, http://www.dbunit.org/properties/metadataHandler=org.dbunit.database.DefaultMetadataHandler@62baffef, http://www.dbunit.org/properties/datatypeFactory=org.dbunit.dataset.datatype.DefaultDataTypeFactory[_toleratedDeltaMap=org.dbunit.dataset.datatype.ToleratedDeltaMap@6452310a], http://www.dbunit.org/properties/escapePattern=null, http://www.dbunit.org/properties/batchSize=100, http://www.dbunit.org/features/qualifiedTableNames=false, http://www.dbunit.org/properties/tableType=[Ljava.lang.String;@5011bafa, http://www.dbunit.org/properties/resultSetTableFactory=org.dbunit.database.CachedResultSetTableFactory@10bcf083, http://www.dbunit.org/features/datatypeWarning=true}], _dataSet=AbstractDataSet[_orderedTableNameMap=null], tableName=SCOPEDCONTENT) - start
171093 [main] DEBUG org.dbunit.util.search.DepthFirstSearch  - search(nodesFrom=[SCOPEDCONTENT], callback=org.dbunit.database.search.ImportedKeysSearchCallback@4f53b147) - start
171093 [main] DEBUG org.dbunit.util.CollectionsHelper  - objectsToSet(objects=SCOPEDCONTENT) - start
171093 [main] DEBUG org.dbunit.util.search.DepthFirstSearch  - search(nodesFrom=[SCOPEDCONTENT], callback=org.dbunit.database.search.ImportedKeysSearchCallback@4f53b147) - start
171093 [main] DEBUG org.dbunit.util.search.DepthFirstSearch  - reverseSearch:SCOPEDCONTENT
171093 [main] DEBUG org.dbunit.database.search.ImportedKeysSearchCallback  - searchNode(node=SCOPEDCONTENT) - start
171093 [main] DEBUG org.dbunit.util.search.DepthFirstSearch  - Pushing (reverse) SCOPEDCONTENT
171093 [main] DEBUG org.dbunit.database.search.ImportedKeysSearchCallback  - getEdges(node=SCOPEDCONTENT) - start
171093 [main] DEBUG org.dbunit.database.search.AbstractMetaDataBasedSearchCallback  - getNodesFromImportedKeys(node=SCOPEDCONTENT) - start
171093 [main] DEBUG org.dbunit.database.search.AbstractMetaDataBasedSearchCallback  - getNodes(type=0, node=SCOPEDCONTENT) - start
171093 [main] DEBUG org.dbunit.database.DatabaseDataSourceConnection  - getConnection() - start
171093 [main] DEBUG org.dbunit.database.search.AbstractMetaDataBasedSearchCallback  - getNodes(type=0, node=SCOPEDCONTENT, conn=Transaction-aware proxy for target Connection [jdbc:hsqldb:mem:kontrollDS, UserName=sw, HSQL Database Engine Driver], schema=null, metaData=org.apache.commons.dbcp.DelegatingDatabaseMetaData@7f9bd500, edges=[]) - start
171093 [main] DEBUG org.dbunit.database.search.AbstractMetaDataBasedSearchCallback  - Getting edges for node SCOPEDCONTENT
171093 [main] TRACE org.dbunit.database.DatabaseConfig  - getProperty(name=http://www.dbunit.org/properties/metadataHandler) - start
171093 [main] TRACE org.dbunit.database.DefaultMetadataHandler  - tableExists(metaData=org.apache.commons.dbcp.DelegatingDatabaseMetaData@7f9bd500, schemaName=null, tableName=SCOPEDCONTENT) - start
171094 [main] DEBUG org.dbunit.util.SQLHelper  - close(resultSet=org.apache.commons.dbcp.DelegatingResultSet@ebe92eb) - start
171095 [main] DEBUG org.dbunit.util.QualifiedTableName  - getQualifiedNameIfEnabled(config=org.dbunit.database.DatabaseConfig[, _propertyMap={http://www.dbunit.org/properties/statementFactory=org.dbunit.database.statement.PreparedStatementFactory@626bc2b8, http://www.dbunit.org/features/caseSensitiveTableNames=false, http://www.dbunit.org/properties/fetchSize=100, http://www.dbunit.org/features/batchedStatements=false, http://www.dbunit.org/properties/metadataHandler=org.dbunit.database.DefaultMetadataHandler@62baffef, http://www.dbunit.org/properties/datatypeFactory=org.dbunit.dataset.datatype.DefaultDataTypeFactory[_toleratedDeltaMap=org.dbunit.dataset.datatype.ToleratedDeltaMap@6452310a], http://www.dbunit.org/properties/escapePattern=null, http://www.dbunit.org/properties/batchSize=100, http://www.dbunit.org/features/qualifiedTableNames=false, http://www.dbunit.org/properties/tableType=[Ljava.lang.String;@5011bafa, http://www.dbunit.org/properties/resultSetTableFactory=org.dbunit.database.CachedResultSetTableFactory@10bcf083, http://www.dbunit.org/features/datatypeWarning=true}]) - start
171095 [main] TRACE org.dbunit.database.DatabaseConfig  - getFeature(name=http://www.dbunit.org/features/qualifiedTableNames) - start
171095 [main] TRACE org.dbunit.database.DatabaseConfig  - getProperty(name=http://www.dbunit.org/features/qualifiedTableNames) - start
171095 [main] DEBUG org.dbunit.util.QualifiedTableName  - Qualified table names feature is disabled. Returning plain table name
171095 [main] DEBUG org.dbunit.util.QualifiedTableName  - getQualifiedName(prefix=null, name=SCOPEDCONTENT, escapePattern=null) - start
171095 [main] DEBUG org.dbunit.util.QualifiedTableName  - getQualifiedNameIfEnabled(config=org.dbunit.database.DatabaseConfig[, _propertyMap={http://www.dbunit.org/properties/statementFactory=org.dbunit.database.statement.PreparedStatementFactory@626bc2b8, http://www.dbunit.org/features/caseSensitiveTableNames=false, http://www.dbunit.org/properties/fetchSize=100, http://www.dbunit.org/features/batchedStatements=false, http://www.dbunit.org/properties/metadataHandler=org.dbunit.database.DefaultMetadataHandler@62baffef, http://www.dbunit.org/properties/datatypeFactory=org.dbunit.dataset.datatype.DefaultDataTypeFactory[_toleratedDeltaMap=org.dbunit.dataset.datatype.ToleratedDeltaMap@6452310a], http://www.dbunit.org/properties/escapePattern=null, http://www.dbunit.org/properties/batchSize=100, http://www.dbunit.org/features/qualifiedTableNames=false, http://www.dbunit.org/properties/tableType=[Ljava.lang.String;@5011bafa, http://www.dbunit.org/properties/resultSetTableFactory=org.dbunit.database.CachedResultSetTableFactory@10bcf083, http://www.dbunit.org/features/datatypeWarning=true}]) - start
171095 [main] TRACE org.dbunit.database.DatabaseConfig  - getFeature(name=http://www.dbunit.org/features/qualifiedTableNames) - start
171095 [main] TRACE org.dbunit.database.DatabaseConfig  - getProperty(name=http://www.dbunit.org/features/qualifiedTableNames) - start
171095 [main] DEBUG org.dbunit.util.QualifiedTableName  - Qualified table names feature is disabled. Returning plain table name
171095 [main] DEBUG org.dbunit.util.QualifiedTableName  - getQualifiedName(prefix=null, name=SCOPE, escapePattern=null) - start
171095 [main] DEBUG org.dbunit.database.search.AbstractMetaDataBasedSearchCallback  - newEdge(rs=org.apache.commons.dbcp.DelegatingResultSet@11140d00, type=0, from=SCOPEDCONTENT, to=SCOPE, fkColumn=SCOPE, pkColumn=ID) - start
171095 [main] DEBUG org.dbunit.database.search.AbstractMetaDataBasedSearchCallback  - createFKEdge(rs=org.apache.commons.dbcp.DelegatingResultSet@11140d00, type=0, from=SCOPEDCONTENT, to=SCOPE, fkColumn=SCOPE, pkColumn=ID) - start
171095 [main] DEBUG org.dbunit.database.search.AbstractMetaDataBasedSearchCallback  - Adding edge SCOPEDCONTENT(SCOPE)->SCOPE(ID)
171095 [main] DEBUG org.dbunit.util.search.Edge  - compareTo(o=SCOPEDCONTENT(SCOPE)->SCOPE(ID)) - start
171095 [main] DEBUG org.dbunit.util.SQLHelper  - close(resultSet=org.apache.commons.dbcp.DelegatingResultSet@11140d00) - start
171095 [main] DEBUG org.dbunit.util.search.DepthFirstSearch  - search:SCOPEDCONTENT
171095 [main] DEBUG org.dbunit.database.search.ImportedKeysSearchCallback  - searchNode(node=SCOPEDCONTENT) - start
171095 [main] DEBUG org.dbunit.util.search.DepthFirstSearch  - Pushing SCOPEDCONTENT
171095 [main] DEBUG org.dbunit.database.search.ImportedKeysSearchCallback  - getEdges(node=SCOPEDCONTENT) - start
171095 [main] DEBUG org.dbunit.database.search.AbstractMetaDataBasedSearchCallback  - getNodesFromImportedKeys(node=SCOPEDCONTENT) - start
171095 [main] DEBUG org.dbunit.database.search.AbstractMetaDataBasedSearchCallback  - getNodes(type=0, node=SCOPEDCONTENT) - start
171096 [main] DEBUG org.dbunit.database.DatabaseDataSourceConnection  - getConnection() - start
171096 [main] DEBUG org.dbunit.database.search.AbstractMetaDataBasedSearchCallback  - getNodes(type=0, node=SCOPEDCONTENT, conn=Transaction-aware proxy for target Connection [jdbc:hsqldb:mem:kontrollDS, UserName=sw, HSQL Database Engine Driver], schema=null, metaData=org.apache.commons.dbcp.DelegatingDatabaseMetaData@3b6183c2, edges=[]) - start
171096 [main] DEBUG org.dbunit.database.search.AbstractMetaDataBasedSearchCallback  - Getting edges for node SCOPEDCONTENT
171096 [main] TRACE org.dbunit.database.DatabaseConfig  - getProperty(name=http://www.dbunit.org/properties/metadataHandler) - start
171096 [main] TRACE org.dbunit.database.DefaultMetadataHandler  - tableExists(metaData=org.apache.commons.dbcp.DelegatingDatabaseMetaData@3b6183c2, schemaName=null, tableName=SCOPEDCONTENT) - start
171097 [main] DEBUG org.dbunit.util.SQLHelper  - close(resultSet=org.apache.commons.dbcp.DelegatingResultSet@4aa2907a) - start
171097 [main] DEBUG org.dbunit.util.QualifiedTableName  - getQualifiedNameIfEnabled(config=org.dbunit.database.DatabaseConfig[, _propertyMap={http://www.dbunit.org/properties/statementFactory=org.dbunit.database.statement.PreparedStatementFactory@626bc2b8, http://www.dbunit.org/features/caseSensitiveTableNames=false, http://www.dbunit.org/properties/fetchSize=100, http://www.dbunit.org/features/batchedStatements=false, http://www.dbunit.org/properties/metadataHandler=org.dbunit.database.DefaultMetadataHandler@62baffef, http://www.dbunit.org/properties/datatypeFactory=org.dbunit.dataset.datatype.DefaultDataTypeFactory[_toleratedDeltaMap=org.dbunit.dataset.datatype.ToleratedDeltaMap@6452310a], http://www.dbunit.org/properties/escapePattern=null, http://www.dbunit.org/properties/batchSize=100, http://www.dbunit.org/features/qualifiedTableNames=false, http://www.dbunit.org/properties/tableType=[Ljava.lang.String;@5011bafa, http://www.dbunit.org/properties/resultSetTableFactory=org.dbunit.database.CachedResultSetTableFactory@10bcf083, http://www.dbunit.org/features/datatypeWarning=true}]) - start
171097 [main] TRACE org.dbunit.database.DatabaseConfig  - getFeature(name=http://www.dbunit.org/features/qualifiedTableNames) - start
171097 [main] TRACE org.dbunit.database.DatabaseConfig  - getProperty(name=http://www.dbunit.org/features/qualifiedTableNames) - start
171097 [main] DEBUG org.dbunit.util.QualifiedTableName  - Qualified table names feature is disabled. Returning plain table name
171097 [main] DEBUG org.dbunit.util.QualifiedTableName  - getQualifiedName(prefix=null, name=SCOPEDCONTENT, escapePattern=null) - start
171097 [main] DEBUG org.dbunit.util.QualifiedTableName  - getQualifiedNameIfEnabled(config=org.dbunit.database.DatabaseConfig[, _propertyMap={http://www.dbunit.org/properties/statementFactory=org.dbunit.database.statement.PreparedStatementFactory@626bc2b8, http://www.dbunit.org/features/caseSensitiveTableNames=false, http://www.dbunit.org/properties/fetchSize=100, http://www.dbunit.org/features/batchedStatements=false, http://www.dbunit.org/properties/metadataHandler=org.dbunit.database.DefaultMetadataHandler@62baffef, http://www.dbunit.org/properties/datatypeFactory=org.dbunit.dataset.datatype.DefaultDataTypeFactory[_toleratedDeltaMap=org.dbunit.dataset.datatype.ToleratedDeltaMap@6452310a], http://www.dbunit.org/properties/escapePattern=null, http://www.dbunit.org/properties/batchSize=100, http://www.dbunit.org/features/qualifiedTableNames=false, http://www.dbunit.org/properties/tableType=[Ljava.lang.String;@5011bafa, http://www.dbunit.org/properties/resultSetTableFactory=org.dbunit.database.CachedResultSetTableFactory@10bcf083, http://www.dbunit.org/features/datatypeWarning=true}]) - start
171097 [main] TRACE org.dbunit.database.DatabaseConfig  - getFeature(name=http://www.dbunit.org/features/qualifiedTableNames) - start
171097 [main] TRACE org.dbunit.database.DatabaseConfig  - getProperty(name=http://www.dbunit.org/features/qualifiedTableNames) - start
171097 [main] DEBUG org.dbunit.util.QualifiedTableName  - Qualified table names feature is disabled. Returning plain table name
171097 [main] DEBUG org.dbunit.util.QualifiedTableName  - getQualifiedName(prefix=null, name=SCOPE, escapePattern=null) - start
171097 [main] DEBUG org.dbunit.database.search.AbstractMetaDataBasedSearchCallback  - newEdge(rs=org.apache.commons.dbcp.DelegatingResultSet@792e311, type=0, from=SCOPEDCONTENT, to=SCOPE, fkColumn=SCOPE, pkColumn=ID) - start
171097 [main] DEBUG org.dbunit.database.search.AbstractMetaDataBasedSearchCallback  - createFKEdge(rs=org.apache.commons.dbcp.DelegatingResultSet@792e311, type=0, from=SCOPEDCONTENT, to=SCOPE, fkColumn=SCOPE, pkColumn=ID) - start
171097 [main] DEBUG org.dbunit.database.search.AbstractMetaDataBasedSearchCallback  - Adding edge SCOPEDCONTENT(SCOPE)->SCOPE(ID)
171097 [main] DEBUG org.dbunit.util.search.Edge  - compareTo(o=SCOPEDCONTENT(SCOPE)->SCOPE(ID)) - start
171097 [main] DEBUG org.dbunit.util.SQLHelper  - close(resultSet=org.apache.commons.dbcp.DelegatingResultSet@792e311) - start
171098 [main] DEBUG org.dbunit.util.search.DepthFirstSearch  - search:SCOPE
171098 [main] DEBUG org.dbunit.database.search.ImportedKeysSearchCallback  - searchNode(node=SCOPE) - start
171098 [main] DEBUG org.dbunit.util.search.DepthFirstSearch  - Pushing SCOPE
171098 [main] DEBUG org.dbunit.database.search.ImportedKeysSearchCallback  - getEdges(node=SCOPE) - start
171098 [main] DEBUG org.dbunit.database.search.AbstractMetaDataBasedSearchCallback  - getNodesFromImportedKeys(node=SCOPE) - start
171098 [main] DEBUG org.dbunit.database.search.AbstractMetaDataBasedSearchCallback  - getNodes(type=0, node=SCOPE) - start
171098 [main] DEBUG org.dbunit.database.DatabaseDataSourceConnection  - getConnection() - start
171098 [main] DEBUG org.dbunit.database.search.AbstractMetaDataBasedSearchCallback  - getNodes(type=0, node=SCOPE, conn=Transaction-aware proxy for target Connection [jdbc:hsqldb:mem:kontrollDS, UserName=sw, HSQL Database Engine Driver], schema=null, metaData=org.apache.commons.dbcp.DelegatingDatabaseMetaData@3c7974f9, edges=[]) - start
171098 [main] DEBUG org.dbunit.database.search.AbstractMetaDataBasedSearchCallback  - Getting edges for node SCOPE
171098 [main] TRACE org.dbunit.database.DatabaseConfig  - getProperty(name=http://www.dbunit.org/properties/metadataHandler) - start
171098 [main] TRACE org.dbunit.database.DefaultMetadataHandler  - tableExists(metaData=org.apache.commons.dbcp.DelegatingDatabaseMetaData@3c7974f9, schemaName=null, tableName=SCOPE) - start
171099 [main] DEBUG org.dbunit.util.SQLHelper  - close(resultSet=org.apache.commons.dbcp.DelegatingResultSet@52f1edf0) - start
171099 [main] DEBUG org.dbunit.util.SQLHelper  - close(resultSet=org.apache.commons.dbcp.DelegatingResultSet@57326f59) - start
171099 [main] DEBUG org.dbunit.util.search.DepthFirstSearch  - Adding node SCOPE to the final result
171099 [main] DEBUG org.dbunit.util.search.DepthFirstSearch  - Adding node SCOPEDCONTENT to the final result
171099 [main] DEBUG org.dbunit.util.search.DepthFirstSearch  - reverseSearch:SCOPEDCONTENT
171099 [main] DEBUG org.dbunit.util.search.DepthFirstSearch  - already searched; returning true
171099 [main] DEBUG org.dbunit.util.search.DepthFirstSearch  - reverseSearch:SCOPE
171099 [main] DEBUG org.dbunit.database.search.ImportedKeysSearchCallback  - searchNode(node=SCOPE) - start
171099 [main] DEBUG org.dbunit.util.search.DepthFirstSearch  - Pushing (reverse) SCOPE
171099 [main] DEBUG org.dbunit.database.search.ImportedKeysSearchCallback  - getEdges(node=SCOPE) - start
171099 [main] DEBUG org.dbunit.database.search.AbstractMetaDataBasedSearchCallback  - getNodesFromImportedKeys(node=SCOPE) - start
171099 [main] DEBUG org.dbunit.database.search.AbstractMetaDataBasedSearchCallback  - getNodes(type=0, node=SCOPE) - start
171099 [main] DEBUG org.dbunit.database.DatabaseDataSourceConnection  - getConnection() - start
171099 [main] DEBUG org.dbunit.database.search.AbstractMetaDataBasedSearchCallback  - getNodes(type=0, node=SCOPE, conn=Transaction-aware proxy for target Connection [jdbc:hsqldb:mem:kontrollDS, UserName=sw, HSQL Database Engine Driver], schema=null, metaData=org.apache.commons.dbcp.DelegatingDatabaseMetaData@302c68c8, edges=[]) - start
171100 [main] DEBUG org.dbunit.database.search.AbstractMetaDataBasedSearchCallback  - Getting edges for node SCOPE
171100 [main] TRACE org.dbunit.database.DatabaseConfig  - getProperty(name=http://www.dbunit.org/properties/metadataHandler) - start
171100 [main] TRACE org.dbunit.database.DefaultMetadataHandler  - tableExists(metaData=org.apache.commons.dbcp.DelegatingDatabaseMetaData@302c68c8, schemaName=null, tableName=SCOPE) - start
171101 [main] DEBUG org.dbunit.util.SQLHelper  - close(resultSet=org.apache.commons.dbcp.DelegatingResultSet@71221cf) - start
171101 [main] DEBUG org.dbunit.util.SQLHelper  - close(resultSet=org.apache.commons.dbcp.DelegatingResultSet@77b2d3aa) - start
171101 [main] DEBUG org.dbunit.util.search.DepthFirstSearch  - search:SCOPEDCONTENT
171101 [main] DEBUG org.dbunit.util.search.DepthFirstSearch  - already searched; returning true
171101 [main] DEBUG org.dbunit.util.search.DepthFirstSearch  - search:SCOPE
171101 [main] DEBUG org.dbunit.util.search.DepthFirstSearch  - already searched; returning true
171101 [main] DEBUG org.dbunit.database.DatabaseSequenceFilter  - getDependencyInfo(connection=_databaseConfig=org.dbunit.database.DatabaseConfig[, _propertyMap={http://www.dbunit.org/properties/statementFactory=org.dbunit.database.statement.PreparedStatementFactory@626bc2b8, http://www.dbunit.org/features/caseSensitiveTableNames=false, http://www.dbunit.org/properties/fetchSize=100, http://www.dbunit.org/features/batchedStatements=false, http://www.dbunit.org/properties/metadataHandler=org.dbunit.database.DefaultMetadataHandler@62baffef, http://www.dbunit.org/properties/datatypeFactory=org.dbunit.dataset.datatype.DefaultDataTypeFactory[_toleratedDeltaMap=org.dbunit.dataset.datatype.ToleratedDeltaMap@6452310a], http://www.dbunit.org/properties/escapePattern=null, http://www.dbunit.org/properties/batchSize=100, http://www.dbunit.org/features/qualifiedTableNames=false, http://www.dbunit.org/properties/tableType=[Ljava.lang.String;@5011bafa, http://www.dbunit.org/properties/resultSetTableFactory=org.dbunit.database.CachedResultSetTableFactory@10bcf083, http://www.dbunit.org/features/datatypeWarning=true}], _dataSet=AbstractDataSet[_orderedTableNameMap=null], tableName=SCOPEDCONTENTCONDITION) - start
171101 [main] DEBUG org.dbunit.database.search.TablesDependencyHelper  - getDependentTables(connection=_databaseConfig=org.dbunit.database.DatabaseConfig[, _propertyMap={http://www.dbunit.org/properties/statementFactory=org.dbunit.database.statement.PreparedStatementFactory@626bc2b8, http://www.dbunit.org/features/caseSensitiveTableNames=false, http://www.dbunit.org/properties/fetchSize=100, http://www.dbunit.org/features/batchedStatements=false, http://www.dbunit.org/properties/metadataHandler=org.dbunit.database.DefaultMetadataHandler@62baffef, http://www.dbunit.org/properties/datatypeFactory=org.dbunit.dataset.datatype.DefaultDataTypeFactory[_toleratedDeltaMap=org.dbunit.dataset.datatype.ToleratedDeltaMap@6452310a], http://www.dbunit.org/properties/escapePattern=null, http://www.dbunit.org/properties/batchSize=100, http://www.dbunit.org/features/qualifiedTableNames=false, http://www.dbunit.org/properties/tableType=[Ljava.lang.String;@5011bafa, http://www.dbunit.org/properties/resultSetTableFactory=org.dbunit.database.CachedResultSetTableFactory@10bcf083, http://www.dbunit.org/features/datatypeWarning=true}], _dataSet=AbstractDataSet[_orderedTableNameMap=null], rootTable=SCOPEDCONTENTCONDITION) - start
171101 [main] DEBUG org.dbunit.database.search.TablesDependencyHelper  - getDependentTables(connection=_databaseConfig=org.dbunit.database.DatabaseConfig[, _propertyMap={http://www.dbunit.org/properties/statementFactory=org.dbunit.database.statement.PreparedStatementFactory@626bc2b8, http://www.dbunit.org/features/caseSensitiveTableNames=false, http://www.dbunit.org/properties/fetchSize=100, http://www.dbunit.org/features/batchedStatements=false, http://www.dbunit.org/properties/metadataHandler=org.dbunit.database.DefaultMetadataHandler@62baffef, http://www.dbunit.org/properties/datatypeFactory=org.dbunit.dataset.datatype.DefaultDataTypeFactory[_toleratedDeltaMap=org.dbunit.dataset.datatype.ToleratedDeltaMap@6452310a], http://www.dbunit.org/properties/escapePattern=null, http://www.dbunit.org/properties/batchSize=100, http://www.dbunit.org/features/qualifiedTableNames=false, http://www.dbunit.org/properties/tableType=[Ljava.lang.String;@5011bafa, http://www.dbunit.org/properties/resultSetTableFactory=org.dbunit.database.CachedResultSetTableFactory@10bcf083, http://www.dbunit.org/features/datatypeWarning=true}], _dataSet=AbstractDataSet[_orderedTableNameMap=null], rootTables=[SCOPEDCONTENTCONDITION]) - start
171101 [main] DEBUG org.dbunit.util.search.DepthFirstSearch  - search(nodesFrom=[SCOPEDCONTENTCONDITION], callback=org.dbunit.database.search.ImportedKeysSearchCallback@53287797) - start
171101 [main] DEBUG org.dbunit.util.CollectionsHelper  - objectsToSet(objects=SCOPEDCONTENTCONDITION) - start
171101 [main] DEBUG org.dbunit.util.search.DepthFirstSearch  - search(nodesFrom=[SCOPEDCONTENTCONDITION], callback=org.dbunit.database.search.ImportedKeysSearchCallback@53287797) - start
171101 [main] DEBUG org.dbunit.util.search.DepthFirstSearch  - reverseSearch:SCOPEDCONTENTCONDITION
171101 [main] DEBUG org.dbunit.database.search.ImportedKeysSearchCallback  - searchNode(node=SCOPEDCONTENTCONDITION) - start
171101 [main] DEBUG org.dbunit.util.search.DepthFirstSearch  - Pushing (reverse) SCOPEDCONTENTCONDITION
171101 [main] DEBUG org.dbunit.database.search.ImportedKeysSearchCallback  - getEdges(node=SCOPEDCONTENTCONDITION) - start
171101 [main] DEBUG org.dbunit.database.search.AbstractMetaDataBasedSearchCallback  - getNodesFromImportedKeys(node=SCOPEDCONTENTCONDITION) - start
171101 [main] DEBUG org.dbunit.database.search.AbstractMetaDataBasedSearchCallback  - getNodes(type=0, node=SCOPEDCONTENTCONDITION) - start
171101 [main] DEBUG org.dbunit.database.DatabaseDataSourceConnection  - getConnection() - start
171102 [main] DEBUG org.dbunit.database.search.AbstractMetaDataBasedSearchCallback  - getNodes(type=0, node=SCOPEDCONTENTCONDITION, conn=Transaction-aware proxy for target Connection [jdbc:hsqldb:mem:kontrollDS, UserName=sw, HSQL Database Engine Driver], schema=null, metaData=org.apache.commons.dbcp.DelegatingDatabaseMetaData@5c38528, edges=[]) - start
171102 [main] DEBUG org.dbunit.database.search.AbstractMetaDataBasedSearchCallback  - Getting edges for node SCOPEDCONTENTCONDITION
171102 [main] TRACE org.dbunit.database.DatabaseConfig  - getProperty(name=http://www.dbunit.org/properties/metadataHandler) - start
171102 [main] TRACE org.dbunit.database.DefaultMetadataHandler  - tableExists(metaData=org.apache.commons.dbcp.DelegatingDatabaseMetaData@5c38528, schemaName=null, tableName=SCOPEDCONTENTCONDITION) - start
171103 [main] DEBUG org.dbunit.util.SQLHelper  - close(resultSet=org.apache.commons.dbcp.DelegatingResultSet@96d80d7) - start
171103 [main] DEBUG org.dbunit.util.SQLHelper  - close(resultSet=org.apache.commons.dbcp.DelegatingResultSet@543e77ec) - start
171103 [main] DEBUG org.dbunit.util.search.DepthFirstSearch  - search:SCOPEDCONTENTCONDITION
171103 [main] DEBUG org.dbunit.database.search.ImportedKeysSearchCallback  - searchNode(node=SCOPEDCONTENTCONDITION) - start
171103 [main] DEBUG org.dbunit.util.search.DepthFirstSearch  - Pushing SCOPEDCONTENTCONDITION
171103 [main] DEBUG org.dbunit.database.search.ImportedKeysSearchCallback  - getEdges(node=SCOPEDCONTENTCONDITION) - start
171103 [main] DEBUG org.dbunit.database.search.AbstractMetaDataBasedSearchCallback  - getNodesFromImportedKeys(node=SCOPEDCONTENTCONDITION) - start
171103 [main] DEBUG org.dbunit.database.search.AbstractMetaDataBasedSearchCallback  - getNodes(type=0, node=SCOPEDCONTENTCONDITION) - start
171103 [main] DEBUG org.dbunit.database.DatabaseDataSourceConnection  - getConnection() - start
171103 [main] DEBUG org.dbunit.database.search.AbstractMetaDataBasedSearchCallback  - getNodes(type=0, node=SCOPEDCONTENTCONDITION, conn=Transaction-aware proxy for target Connection [jdbc:hsqldb:mem:kontrollDS, UserName=sw, HSQL Database Engine Driver], schema=null, metaData=org.apache.commons.dbcp.DelegatingDatabaseMetaData@51335229, edges=[]) - start
171103 [main] DEBUG org.dbunit.database.search.AbstractMetaDataBasedSearchCallback  - Getting edges for node SCOPEDCONTENTCONDITION
171103 [main] TRACE org.dbunit.database.DatabaseConfig  - getProperty(name=http://www.dbunit.org/properties/metadataHandler) - start
171103 [main] TRACE org.dbunit.database.DefaultMetadataHandler  - tableExists(metaData=org.apache.commons.dbcp.DelegatingDatabaseMetaData@51335229, schemaName=null, tableName=SCOPEDCONTENTCONDITION) - start
171104 [main] DEBUG org.dbunit.util.SQLHelper  - close(resultSet=org.apache.commons.dbcp.DelegatingResultSet@5ae1f40f) - start
171104 [main] DEBUG org.dbunit.util.SQLHelper  - close(resultSet=org.apache.commons.dbcp.DelegatingResultSet@4080823e) - start
171105 [main] DEBUG org.dbunit.util.search.DepthFirstSearch  - Adding node SCOPEDCONTENTCONDITION to the final result
171105 [main] DEBUG org.dbunit.util.CollectionsHelper  - setToStrings(set=[SCOPEDCONTENTCONDITION]) - start
171105 [main] DEBUG org.dbunit.database.search.TablesDependencyHelper  - getDependsOnTables(connection=_databaseConfig=org.dbunit.database.DatabaseConfig[, _propertyMap={http://www.dbunit.org/properties/statementFactory=org.dbunit.database.statement.PreparedStatementFactory@626bc2b8, http://www.dbunit.org/features/caseSensitiveTableNames=false, http://www.dbunit.org/properties/fetchSize=100, http://www.dbunit.org/features/batchedStatements=false, http://www.dbunit.org/properties/metadataHandler=org.dbunit.database.DefaultMetadataHandler@62baffef, http://www.dbunit.org/properties/datatypeFactory=org.dbunit.dataset.datatype.DefaultDataTypeFactory[_toleratedDeltaMap=org.dbunit.dataset.datatype.ToleratedDeltaMap@6452310a], http://www.dbunit.org/properties/escapePattern=null, http://www.dbunit.org/properties/batchSize=100, http://www.dbunit.org/features/qualifiedTableNames=false, http://www.dbunit.org/properties/tableType=[Ljava.lang.String;@5011bafa, http://www.dbunit.org/properties/resultSetTableFactory=org.dbunit.database.CachedResultSetTableFactory@10bcf083, http://www.dbunit.org/features/datatypeWarning=true}], _dataSet=AbstractDataSet[_orderedTableNameMap=null], rootTable=SCOPEDCONTENTCONDITION) - start
171105 [main] DEBUG org.dbunit.util.search.DepthFirstSearch  - search(nodesFrom=[SCOPEDCONTENTCONDITION], callback=org.dbunit.database.search.ExportedKeysSearchCallback@1eccad33) - start
171105 [main] DEBUG org.dbunit.util.CollectionsHelper  - objectsToSet(objects=SCOPEDCONTENTCONDITION) - start
171105 [main] DEBUG org.dbunit.util.search.DepthFirstSearch  - search(nodesFrom=[SCOPEDCONTENTCONDITION], callback=org.dbunit.database.search.ExportedKeysSearchCallback@1eccad33) - start
171105 [main] DEBUG org.dbunit.util.search.DepthFirstSearch  - reverseSearch:SCOPEDCONTENTCONDITION
171105 [main] DEBUG org.dbunit.database.search.ExportedKeysSearchCallback  - searchNode(node=SCOPEDCONTENTCONDITION) - start
171105 [main] DEBUG org.dbunit.util.search.DepthFirstSearch  - Pushing (reverse) SCOPEDCONTENTCONDITION
171105 [main] DEBUG org.dbunit.database.search.ExportedKeysSearchCallback  - getEdges(node=SCOPEDCONTENTCONDITION) - start
171105 [main] DEBUG org.dbunit.database.search.AbstractMetaDataBasedSearchCallback  - getNodesFromExportedKeys(node=SCOPEDCONTENTCONDITION) - start
171105 [main] DEBUG org.dbunit.database.search.AbstractMetaDataBasedSearchCallback  - getNodes(type=1, node=SCOPEDCONTENTCONDITION) - start
171105 [main] DEBUG org.dbunit.database.DatabaseDataSourceConnection  - getConnection() - start
171105 [main] DEBUG org.dbunit.database.search.AbstractMetaDataBasedSearchCallback  - getNodes(type=1, node=SCOPEDCONTENTCONDITION, conn=Transaction-aware proxy for target Connection [jdbc:hsqldb:mem:kontrollDS, UserName=sw, HSQL Database Engine Driver], schema=null, metaData=org.apache.commons.dbcp.DelegatingDatabaseMetaData@f7eff11, edges=[]) - start
171105 [main] DEBUG org.dbunit.database.search.AbstractMetaDataBasedSearchCallback  - Getting edges for node SCOPEDCONTENTCONDITION
171105 [main] TRACE org.dbunit.database.DatabaseConfig  - getProperty(name=http://www.dbunit.org/properties/metadataHandler) - start
171105 [main] TRACE org.dbunit.database.DefaultMetadataHandler  - tableExists(metaData=org.apache.commons.dbcp.DelegatingDatabaseMetaData@f7eff11, schemaName=null, tableName=SCOPEDCONTENTCONDITION) - start
171106 [main] DEBUG org.dbunit.util.SQLHelper  - close(resultSet=org.apache.commons.dbcp.DelegatingResultSet@2697c858) - start
171106 [main] DEBUG org.dbunit.util.QualifiedTableName  - getQualifiedNameIfEnabled(config=org.dbunit.database.DatabaseConfig[, _propertyMap={http://www.dbunit.org/properties/statementFactory=org.dbunit.database.statement.PreparedStatementFactory@626bc2b8, http://www.dbunit.org/features/caseSensitiveTableNames=false, http://www.dbunit.org/properties/fetchSize=100, http://www.dbunit.org/features/batchedStatements=false, http://www.dbunit.org/properties/metadataHandler=org.dbunit.database.DefaultMetadataHandler@62baffef, http://www.dbunit.org/properties/datatypeFactory=org.dbunit.dataset.datatype.DefaultDataTypeFactory[_toleratedDeltaMap=org.dbunit.dataset.datatype.ToleratedDeltaMap@6452310a], http://www.dbunit.org/properties/escapePattern=null, http://www.dbunit.org/properties/batchSize=100, http://www.dbunit.org/features/qualifiedTableNames=false, http://www.dbunit.org/properties/tableType=[Ljava.lang.String;@5011bafa, http://www.dbunit.org/properties/resultSetTableFactory=org.dbunit.database.CachedResultSetTableFactory@10bcf083, http://www.dbunit.org/features/datatypeWarning=true}]) - start
171106 [main] TRACE org.dbunit.database.DatabaseConfig  - getFeature(name=http://www.dbunit.org/features/qualifiedTableNames) - start
171106 [main] TRACE org.dbunit.database.DatabaseConfig  - getProperty(name=http://www.dbunit.org/features/qualifiedTableNames) - start
171107 [main] DEBUG org.dbunit.util.QualifiedTableName  - Qualified table names feature is disabled. Returning plain table name
171107 [main] DEBUG org.dbunit.util.QualifiedTableName  - getQualifiedName(prefix=null, name=SCOPEDCONTENTCONDITION, escapePattern=null) - start
171107 [main] DEBUG org.dbunit.util.QualifiedTableName  - getQualifiedNameIfEnabled(config=org.dbunit.database.DatabaseConfig[, _propertyMap={http://www.dbunit.org/properties/statementFactory=org.dbunit.database.statement.PreparedStatementFactory@626bc2b8, http://www.dbunit.org/features/caseSensitiveTableNames=false, http://www.dbunit.org/properties/fetchSize=100, http://www.dbunit.org/features/batchedStatements=false, http://www.dbunit.org/properties/metadataHandler=org.dbunit.database.DefaultMetadataHandler@62baffef, http://www.dbunit.org/properties/datatypeFactory=org.dbunit.dataset.datatype.DefaultDataTypeFactory[_toleratedDeltaMap=org.dbunit.dataset.datatype.ToleratedDeltaMap@6452310a], http://www.dbunit.org/properties/escapePattern=null, http://www.dbunit.org/properties/batchSize=100, http://www.dbunit.org/features/qualifiedTableNames=false, http://www.dbunit.org/properties/tableType=[Ljava.lang.String;@5011bafa, http://www.dbunit.org/properties/resultSetTableFactory=org.dbunit.database.CachedResultSetTableFactory@10bcf083, http://www.dbunit.org/features/datatypeWarning=true}]) - start
171107 [main] TRACE org.dbunit.database.DatabaseConfig  - getFeature(name=http://www.dbunit.org/features/qualifiedTableNames) - start
171107 [main] TRACE org.dbunit.database.DatabaseConfig  - getProperty(name=http://www.dbunit.org/features/qualifiedTableNames) - start
171107 [main] DEBUG org.dbunit.util.QualifiedTableName  - Qualified table names feature is disabled. Returning plain table name
171107 [main] DEBUG org.dbunit.util.QualifiedTableName  - getQualifiedName(prefix=null, name=NESTEDSCOPEDCONTENTCONDITIONS, escapePattern=null) - start
171107 [main] DEBUG org.dbunit.database.search.AbstractMetaDataBasedSearchCallback  - newEdge(rs=org.apache.commons.dbcp.DelegatingResultSet@36eb1b6b, type=1, from=SCOPEDCONTENTCONDITION, to=NESTEDSCOPEDCONTENTCONDITIONS, fkColumn=CHILD_CONDITION_ID, pkColumn=ID) - start
171107 [main] DEBUG org.dbunit.database.search.AbstractMetaDataBasedSearchCallback  - createFKEdge(rs=org.apache.commons.dbcp.DelegatingResultSet@36eb1b6b, type=1, from=SCOPEDCONTENTCONDITION, to=NESTEDSCOPEDCONTENTCONDITIONS, fkColumn=CHILD_CONDITION_ID, pkColumn=ID) - start
171107 [main] DEBUG org.dbunit.database.search.AbstractMetaDataBasedSearchCallback  - Adding edge NESTEDSCOPEDCONTENTCONDITIONS(CHILD_CONDITION_ID)->SCOPEDCONTENTCONDITION(ID)
171107 [main] DEBUG org.dbunit.util.search.Edge  - compareTo(o=NESTEDSCOPEDCONTENTCONDITIONS(CHILD_CONDITION_ID)->SCOPEDCONTENTCONDITION(ID)) - start
171107 [main] DEBUG org.dbunit.util.QualifiedTableName  - getQualifiedNameIfEnabled(config=org.dbunit.database.DatabaseConfig[, _propertyMap={http://www.dbunit.org/properties/statementFactory=org.dbunit.database.statement.PreparedStatementFactory@626bc2b8, http://www.dbunit.org/features/caseSensitiveTableNames=false, http://www.dbunit.org/properties/fetchSize=100, http://www.dbunit.org/features/batchedStatements=false, http://www.dbunit.org/properties/metadataHandler=org.dbunit.database.DefaultMetadataHandler@62baffef, http://www.dbunit.org/properties/datatypeFactory=org.dbunit.dataset.datatype.DefaultDataTypeFactory[_toleratedDeltaMap=org.dbunit.dataset.datatype.ToleratedDeltaMap@6452310a], http://www.dbunit.org/properties/escapePattern=null, http://www.dbunit.org/properties/batchSize=100, http://www.dbunit.org/features/qualifiedTableNames=false, http://www.dbunit.org/properties/tableType=[Ljava.lang.String;@5011bafa, http://www.dbunit.org/properties/resultSetTableFactory=org.dbunit.database.CachedResultSetTableFactory@10bcf083, http://www.dbunit.org/features/datatypeWarning=true}]) - start
171107 [main] TRACE org.dbunit.database.DatabaseConfig  - getFeature(name=http://www.dbunit.org/features/qualifiedTableNames) - start
171107 [main] TRACE org.dbunit.database.DatabaseConfig  - getProperty(name=http://www.dbunit.org/features/qualifiedTableNames) - start
171107 [main] DEBUG org.dbunit.util.QualifiedTableName  - Qualified table names feature is disabled. Returning plain table name
171107 [main] DEBUG org.dbunit.util.QualifiedTableName  - getQualifiedName(prefix=null, name=SCOPEDCONTENTCONDITION, escapePattern=null) - start
171107 [main] DEBUG org.dbunit.util.QualifiedTableName  - getQualifiedNameIfEnabled(config=org.dbunit.database.DatabaseConfig[, _propertyMap={http://www.dbunit.org/properties/statementFactory=org.dbunit.database.statement.PreparedStatementFactory@626bc2b8, http://www.dbunit.org/features/caseSensitiveTableNames=false, http://www.dbunit.org/properties/fetchSize=100, http://www.dbunit.org/features/batchedStatements=false, http://www.dbunit.org/properties/metadataHandler=org.dbunit.database.DefaultMetadataHandler@62baffef, http://www.dbunit.org/properties/datatypeFactory=org.dbunit.dataset.datatype.DefaultDataTypeFactory[_toleratedDeltaMap=org.dbunit.dataset.datatype.ToleratedDeltaMap@6452310a], http://www.dbunit.org/properties/escapePattern=null, http://www.dbunit.org/properties/batchSize=100, http://www.dbunit.org/features/qualifiedTableNames=false, http://www.dbunit.org/properties/tableType=[Ljava.lang.String;@5011bafa, http://www.dbunit.org/properties/resultSetTableFactory=org.dbunit.database.CachedResultSetTableFactory@10bcf083, http://www.dbunit.org/features/datatypeWarning=true}]) - start
171107 [main] TRACE org.dbunit.database.DatabaseConfig  - getFeature(name=http://www.dbunit.org/features/qualifiedTableNames) - start
171107 [main] TRACE org.dbunit.database.DatabaseConfig  - getProperty(name=http://www.dbunit.org/features/qualifiedTableNames) - start
171107 [main] DEBUG org.dbunit.util.QualifiedTableName  - Qualified table names feature is disabled. Returning plain table name
171107 [main] DEBUG org.dbunit.util.QualifiedTableName  - getQualifiedName(prefix=null, name=NESTEDSCOPEDCONTENTCONDITIONS, escapePattern=null) - start
171107 [main] DEBUG org.dbunit.database.search.AbstractMetaDataBasedSearchCallback  - newEdge(rs=org.apache.commons.dbcp.DelegatingResultSet@36eb1b6b, type=1, from=SCOPEDCONTENTCONDITION, to=NESTEDSCOPEDCONTENTCONDITIONS, fkColumn=PARENT_CONDITION_ID, pkColumn=ID) - start
171107 [main] DEBUG org.dbunit.database.search.AbstractMetaDataBasedSearchCallback  - createFKEdge(rs=org.apache.commons.dbcp.DelegatingResultSet@36eb1b6b, type=1, from=SCOPEDCONTENTCONDITION, to=NESTEDSCOPEDCONTENTCONDITIONS, fkColumn=PARENT_CONDITION_ID, pkColumn=ID) - start
171107 [main] DEBUG org.dbunit.database.search.AbstractMetaDataBasedSearchCallback  - Adding edge NESTEDSCOPEDCONTENTCONDITIONS(PARENT_CONDITION_ID)->SCOPEDCONTENTCONDITION(ID)
171107 [main] DEBUG org.dbunit.util.search.Edge  - compareTo(o=NESTEDSCOPEDCONTENTCONDITIONS(CHILD_CONDITION_ID)->SCOPEDCONTENTCONDITION(ID)) - start
171107 [main] DEBUG org.dbunit.util.QualifiedTableName  - getQualifiedNameIfEnabled(config=org.dbunit.database.DatabaseConfig[, _propertyMap={http://www.dbunit.org/properties/statementFactory=org.dbunit.database.statement.PreparedStatementFactory@626bc2b8, http://www.dbunit.org/features/caseSensitiveTableNames=false, http://www.dbunit.org/properties/fetchSize=100, http://www.dbunit.org/features/batchedStatements=false, http://www.dbunit.org/properties/metadataHandler=org.dbunit.database.DefaultMetadataHandler@62baffef, http://www.dbunit.org/properties/datatypeFactory=org.dbunit.dataset.datatype.DefaultDataTypeFactory[_toleratedDeltaMap=org.dbunit.dataset.datatype.ToleratedDeltaMap@6452310a], http://www.dbunit.org/properties/escapePattern=null, http://www.dbunit.org/properties/batchSize=100, http://www.dbunit.org/features/qualifiedTableNames=false, http://www.dbunit.org/properties/tableType=[Ljava.lang.String;@5011bafa, http://www.dbunit.org/properties/resultSetTableFactory=org.dbunit.database.CachedResultSetTableFactory@10bcf083, http://www.dbunit.org/features/datatypeWarning=true}]) - start
171108 [main] TRACE org.dbunit.database.DatabaseConfig  - getFeature(name=http://www.dbunit.org/features/qualifiedTableNames) - start
171108 [main] TRACE org.dbunit.database.DatabaseConfig  - getProperty(name=http://www.dbunit.org/features/qualifiedTableNames) - start
171108 [main] DEBUG org.dbunit.util.QualifiedTableName  - Qualified table names feature is disabled. Returning plain table name
171108 [main] DEBUG org.dbunit.util.QualifiedTableName  - getQualifiedName(prefix=null, name=SCOPEDCONTENTCONDITION, escapePattern=null) - start
171108 [main] DEBUG org.dbunit.util.QualifiedTableName  - getQualifiedNameIfEnabled(config=org.dbunit.database.DatabaseConfig[, _propertyMap={http://www.dbunit.org/properties/statementFactory=org.dbunit.database.statement.PreparedStatementFactory@626bc2b8, http://www.dbunit.org/features/caseSensitiveTableNames=false, http://www.dbunit.org/properties/fetchSize=100, http://www.dbunit.org/features/batchedStatements=false, http://www.dbunit.org/properties/metadataHandler=org.dbunit.database.DefaultMetadataHandler@62baffef, http://www.dbunit.org/properties/datatypeFactory=org.dbunit.dataset.datatype.DefaultDataTypeFactory[_toleratedDeltaMap=org.dbunit.dataset.datatype.ToleratedDeltaMap@6452310a], http://www.dbunit.org/properties/escapePattern=null, http://www.dbunit.org/properties/batchSize=100, http://www.dbunit.org/features/qualifiedTableNames=false, http://www.dbunit.org/properties/tableType=[Ljava.lang.String;@5011bafa, http://www.dbunit.org/properties/resultSetTableFactory=org.dbunit.database.CachedResultSetTableFactory@10bcf083, http://www.dbunit.org/features/datatypeWarning=true}]) - start
171108 [main] TRACE org.dbunit.database.DatabaseConfig  - getFeature(name=http://www.dbunit.org/features/qualifiedTableNames) - start
171108 [main] TRACE org.dbunit.database.DatabaseConfig  - getProperty(name=http://www.dbunit.org/features/qualifiedTableNames) - start
171108 [main] DEBUG org.dbunit.util.QualifiedTableName  - Qualified table names feature is disabled. Returning plain table name
171108 [main] DEBUG org.dbunit.util.QualifiedTableName  - getQualifiedName(prefix=null, name=SCOPEDCONTENTCONDITIONATTRIBUTE, escapePattern=null) - start
171108 [main] DEBUG org.dbunit.database.search.AbstractMetaDataBasedSearchCallback  - newEdge(rs=org.apache.commons.dbcp.DelegatingResultSet@36eb1b6b, type=1, from=SCOPEDCONTENTCONDITION, to=SCOPEDCONTENTCONDITIONATTRIBUTE, fkColumn=SCOPEDCONTENTCONDITION, pkColumn=ID) - start
171108 [main] DEBUG org.dbunit.database.search.AbstractMetaDataBasedSearchCallback  - createFKEdge(rs=org.apache.commons.dbcp.DelegatingResultSet@36eb1b6b, type=1, from=SCOPEDCONTENTCONDITION, to=SCOPEDCONTENTCONDITIONATTRIBUTE, fkColumn=SCOPEDCONTENTCONDITION, pkColumn=ID) - start
171108 [main] DEBUG org.dbunit.database.search.AbstractMetaDataBasedSearchCallback  - Adding edge SCOPEDCONTENTCONDITIONATTRIBUTE(SCOPEDCONTENTCONDITION)->SCOPEDCONTENTCONDITION(ID)
171108 [main] DEBUG org.dbunit.util.search.Edge  - compareTo(o=NESTEDSCOPEDCONTENTCONDITIONS(CHILD_CONDITION_ID)->SCOPEDCONTENTCONDITION(ID)) - start
171108 [main] DEBUG org.dbunit.util.QualifiedTableName  - getQualifiedNameIfEnabled(config=org.dbunit.database.DatabaseConfig[, _propertyMap={http://www.dbunit.org/properties/statementFactory=org.dbunit.database.statement.PreparedStatementFactory@626bc2b8, http://www.dbunit.org/features/caseSensitiveTableNames=false, http://www.dbunit.org/properties/fetchSize=100, http://www.dbunit.org/features/batchedStatements=false, http://www.dbunit.org/properties/metadataHandler=org.dbunit.database.DefaultMetadataHandler@62baffef, http://www.dbunit.org/properties/datatypeFactory=org.dbunit.dataset.datatype.DefaultDataTypeFactory[_toleratedDeltaMap=org.dbunit.dataset.datatype.ToleratedDeltaMap@6452310a], http://www.dbunit.org/properties/escapePattern=null, http://www.dbunit.org/properties/batchSize=100, http://www.dbunit.org/features/qualifiedTableNames=false, http://www.dbunit.org/properties/tableType=[Ljava.lang.String;@5011bafa, http://www.dbunit.org/properties/resultSetTableFactory=org.dbunit.database.CachedResultSetTableFactory@10bcf083, http://www.dbunit.org/features/datatypeWarning=true}]) - start
171108 [main] TRACE org.dbunit.database.DatabaseConfig  - getFeature(name=http://www.dbunit.org/features/qualifiedTableNames) - start
171108 [main] TRACE org.dbunit.database.DatabaseConfig  - getProperty(name=http://www.dbunit.org/features/qualifiedTableNames) - start
171108 [main] DEBUG org.dbunit.util.QualifiedTableName  - Qualified table names feature is disabled. Returning plain table name
171108 [main] DEBUG org.dbunit.util.QualifiedTableName  - getQualifiedName(prefix=null, name=SCOPEDCONTENTCONDITION, escapePattern=null) - start
171108 [main] DEBUG org.dbunit.util.QualifiedTableName  - getQualifiedNameIfEnabled(config=org.dbunit.database.DatabaseConfig[, _propertyMap={http://www.dbunit.org/properties/statementFactory=org.dbunit.database.statement.PreparedStatementFactory@626bc2b8, http://www.dbunit.org/features/caseSensitiveTableNames=false, http://www.dbunit.org/properties/fetchSize=100, http://www.dbunit.org/features/batchedStatements=false, http://www.dbunit.org/properties/metadataHandler=org.dbunit.database.DefaultMetadataHandler@62baffef, http://www.dbunit.org/properties/datatypeFactory=org.dbunit.dataset.datatype.DefaultDataTypeFactory[_toleratedDeltaMap=org.dbunit.dataset.datatype.ToleratedDeltaMap@6452310a], http://www.dbunit.org/properties/escapePattern=null, http://www.dbunit.org/properties/batchSize=100, http://www.dbunit.org/features/qualifiedTableNames=false, http://www.dbunit.org/properties/tableType=[Ljava.lang.String;@5011bafa, http://www.dbunit.org/properties/resultSetTableFactory=org.dbunit.database.CachedResultSetTableFactory@10bcf083, http://www.dbunit.org/features/datatypeWarning=true}]) - start
171108 [main] TRACE org.dbunit.database.DatabaseConfig  - getFeature(name=http://www.dbunit.org/features/qualifiedTableNames) - start
171108 [main] TRACE org.dbunit.database.DatabaseConfig  - getProperty(name=http://www.dbunit.org/features/qualifiedTableNames) - start
171108 [main] DEBUG org.dbunit.util.QualifiedTableName  - Qualified table names feature is disabled. Returning plain table name
171108 [main] DEBUG org.dbunit.util.QualifiedTableName  - getQualifiedName(prefix=null, name=SCOPEDCONTENTCONDITIONS_SCOPEDCONTENT, escapePattern=null) - start
171108 [main] DEBUG org.dbunit.database.search.AbstractMetaDataBasedSearchCallback  - newEdge(rs=org.apache.commons.dbcp.DelegatingResultSet@36eb1b6b, type=1, from=SCOPEDCONTENTCONDITION, to=SCOPEDCONTENTCONDITIONS_SCOPEDCONTENT, fkColumn=SCOPED_CONTENT_CONDITION_ID, pkColumn=ID) - start
171108 [main] DEBUG org.dbunit.database.search.AbstractMetaDataBasedSearchCallback  - createFKEdge(rs=org.apache.commons.dbcp.DelegatingResultSet@36eb1b6b, type=1, from=SCOPEDCONTENTCONDITION, to=SCOPEDCONTENTCONDITIONS_SCOPEDCONTENT, fkColumn=SCOPED_CONTENT_CONDITION_ID, pkColumn=ID) - start
171109 [main] DEBUG org.dbunit.database.search.AbstractMetaDataBasedSearchCallback  - Adding edge SCOPEDCONTENTCONDITIONS_SCOPEDCONTENT(SCOPED_CONTENT_CONDITION_ID)->SCOPEDCONTENTCONDITION(ID)
171109 [main] DEBUG org.dbunit.util.search.Edge  - compareTo(o=NESTEDSCOPEDCONTENTCONDITIONS(CHILD_CONDITION_ID)->SCOPEDCONTENTCONDITION(ID)) - start
171109 [main] DEBUG org.dbunit.util.search.Edge  - compareTo(o=SCOPEDCONTENTCONDITIONATTRIBUTE(SCOPEDCONTENTCONDITION)->SCOPEDCONTENTCONDITION(ID)) - start
171109 [main] DEBUG org.dbunit.util.QualifiedTableName  - getQualifiedNameIfEnabled(config=org.dbunit.database.DatabaseConfig[, _propertyMap={http://www.dbunit.org/properties/statementFactory=org.dbunit.database.statement.PreparedStatementFactory@626bc2b8, http://www.dbunit.org/features/caseSensitiveTableNames=false, http://www.dbunit.org/properties/fetchSize=100, http://www.dbunit.org/features/batchedStatements=false, http://www.dbunit.org/properties/metadataHandler=org.dbunit.database.DefaultMetadataHandler@62baffef, http://www.dbunit.org/properties/datatypeFactory=org.dbunit.dataset.datatype.DefaultDataTypeFactory[_toleratedDeltaMap=org.dbunit.dataset.datatype.ToleratedDeltaMap@6452310a], http://www.dbunit.org/properties/escapePattern=null, http://www.dbunit.org/properties/batchSize=100, http://www.dbunit.org/features/qualifiedTableNames=false, http://www.dbunit.org/properties/tableType=[Ljava.lang.String;@5011bafa, http://www.dbunit.org/properties/resultSetTableFactory=org.dbunit.database.CachedResultSetTableFactory@10bcf083, http://www.dbunit.org/features/datatypeWarning=true}]) - start
171109 [main] TRACE org.dbunit.database.DatabaseConfig  - getFeature(name=http://www.dbunit.org/features/qualifiedTableNames) - start
171109 [main] TRACE org.dbunit.database.DatabaseConfig  - getProperty(name=http://www.dbunit.org/features/qualifiedTableNames) - start
171109 [main] DEBUG org.dbunit.util.QualifiedTableName  - Qualified table names feature is disabled. Returning plain table name
171109 [main] DEBUG org.dbunit.util.QualifiedTableName  - getQualifiedName(prefix=null, name=SCOPEDCONTENTCONDITION, escapePattern=null) - start
171109 [main] DEBUG org.dbunit.util.QualifiedTableName  - getQualifiedNameIfEnabled(config=org.dbunit.database.DatabaseConfig[, _propertyMap={http://www.dbunit.org/properties/statementFactory=org.dbunit.database.statement.PreparedStatementFactory@626bc2b8, http://www.dbunit.org/features/caseSensitiveTableNames=false, http://www.dbunit.org/properties/fetchSize=100, http://www.dbunit.org/features/batchedStatements=false, http://www.dbunit.org/properties/metadataHandler=org.dbunit.database.DefaultMetadataHandler@62baffef, http://www.dbunit.org/properties/datatypeFactory=org.dbunit.dataset.datatype.DefaultDataTypeFactory[_toleratedDeltaMap=org.dbunit.dataset.datatype.ToleratedDeltaMap@6452310a], http://www.dbunit.org/properties/escapePattern=null, http://www.dbunit.org/properties/batchSize=100, http://www.dbunit.org/features/qualifiedTableNames=false, http://www.dbunit.org/properties/tableType=[Ljava.lang.String;@5011bafa, http://www.dbunit.org/properties/resultSetTableFactory=org.dbunit.database.CachedResultSetTableFactory@10bcf083, http://www.dbunit.org/features/datatypeWarning=true}]) - start
171109 [main] TRACE org.dbunit.database.DatabaseConfig  - getFeature(name=http://www.dbunit.org/features/qualifiedTableNames) - start
171109 [main] TRACE org.dbunit.database.DatabaseConfig  - getProperty(name=http://www.dbunit.org/features/qualifiedTableNames) - start
171109 [main] DEBUG org.dbunit.util.QualifiedTableName  - Qualified table names feature is disabled. Returning plain table name
171109 [main] DEBUG org.dbunit.util.QualifiedTableName  - getQualifiedName(prefix=null, name=SCOPEDCONTENTCONDITIONS_SCOPEDCONTENTITEM, escapePattern=null) - start
171109 [main] DEBUG org.dbunit.database.search.AbstractMetaDataBasedSearchCallback  - newEdge(rs=org.apache.commons.dbcp.DelegatingResultSet@36eb1b6b, type=1, from=SCOPEDCONTENTCONDITION, to=SCOPEDCONTENTCONDITIONS_SCOPEDCONTENTITEM, fkColumn=SCOPED_CONTENT_CONDITION_ID, pkColumn=ID) - start
171109 [main] DEBUG org.dbunit.database.search.AbstractMetaDataBasedSearchCallback  - createFKEdge(rs=org.apache.commons.dbcp.DelegatingResultSet@36eb1b6b, type=1, from=SCOPEDCONTENTCONDITION, to=SCOPEDCONTENTCONDITIONS_SCOPEDCONTENTITEM, fkColumn=SCOPED_CONTENT_CONDITION_ID, pkColumn=ID) - start
171109 [main] DEBUG org.dbunit.database.search.AbstractMetaDataBasedSearchCallback  - Adding edge SCOPEDCONTENTCONDITIONS_SCOPEDCONTENTITEM(SCOPED_CONTENT_CONDITION_ID)->SCOPEDCONTENTCONDITION(ID)
171109 [main] DEBUG org.dbunit.util.search.Edge  - compareTo(o=SCOPEDCONTENTCONDITIONATTRIBUTE(SCOPEDCONTENTCONDITION)->SCOPEDCONTENTCONDITION(ID)) - start
171109 [main] DEBUG org.dbunit.util.search.Edge  - compareTo(o=SCOPEDCONTENTCONDITIONS_SCOPEDCONTENT(SCOPED_CONTENT_CONDITION_ID)->SCOPEDCONTENTCONDITION(ID)) - start
171109 [main] DEBUG org.dbunit.util.SQLHelper  - close(resultSet=org.apache.commons.dbcp.DelegatingResultSet@36eb1b6b) - start
171109 [main] DEBUG org.dbunit.util.search.DepthFirstSearch  - reverseSearch:NESTEDSCOPEDCONTENTCONDITIONS
171109 [main] DEBUG org.dbunit.database.search.ExportedKeysSearchCallback  - searchNode(node=NESTEDSCOPEDCONTENTCONDITIONS) - start
171110 [main] DEBUG org.dbunit.util.search.DepthFirstSearch  - Pushing (reverse) NESTEDSCOPEDCONTENTCONDITIONS
171110 [main] DEBUG org.dbunit.database.search.ExportedKeysSearchCallback  - getEdges(node=NESTEDSCOPEDCONTENTCONDITIONS) - start
171110 [main] DEBUG org.dbunit.database.search.AbstractMetaDataBasedSearchCallback  - getNodesFromExportedKeys(node=NESTEDSCOPEDCONTENTCONDITIONS) - start
171110 [main] DEBUG org.dbunit.database.search.AbstractMetaDataBasedSearchCallback  - getNodes(type=1, node=NESTEDSCOPEDCONTENTCONDITIONS) - start
171110 [main] DEBUG org.dbunit.database.DatabaseDataSourceConnection  - getConnection() - start
171110 [main] DEBUG org.dbunit.database.search.AbstractMetaDataBasedSearchCallback  - getNodes(type=1, node=NESTEDSCOPEDCONTENTCONDITIONS, conn=Transaction-aware proxy for target Connection [jdbc:hsqldb:mem:kontrollDS, UserName=sw, HSQL Database Engine Driver], schema=null, metaData=org.apache.commons.dbcp.DelegatingDatabaseMetaData@55529f8, edges=[]) - start
171110 [main] DEBUG org.dbunit.database.search.AbstractMetaDataBasedSearchCallback  - Getting edges for node NESTEDSCOPEDCONTENTCONDITIONS
171110 [main] TRACE org.dbunit.database.DatabaseConfig  - getProperty(name=http://www.dbunit.org/properties/metadataHandler) - start
171110 [main] TRACE org.dbunit.database.DefaultMetadataHandler  - tableExists(metaData=org.apache.commons.dbcp.DelegatingDatabaseMetaData@55529f8, schemaName=null, tableName=NESTEDSCOPEDCONTENTCONDITIONS) - start
171111 [main] DEBUG org.dbunit.util.SQLHelper  - close(resultSet=org.apache.commons.dbcp.DelegatingResultSet@66b2448d) - start
171111 [main] DEBUG org.dbunit.util.SQLHelper  - close(resultSet=org.apache.commons.dbcp.DelegatingResultSet@3cbaa4a3) - start
171111 [main] DEBUG org.dbunit.util.search.DepthFirstSearch  - reverseSearch:SCOPEDCONTENTCONDITIONATTRIBUTE
171111 [main] DEBUG org.dbunit.database.search.ExportedKeysSearchCallback  - searchNode(node=SCOPEDCONTENTCONDITIONATTRIBUTE) - start
171111 [main] DEBUG org.dbunit.util.search.DepthFirstSearch  - Pushing (reverse) SCOPEDCONTENTCONDITIONATTRIBUTE
171111 [main] DEBUG org.dbunit.database.search.ExportedKeysSearchCallback  - getEdges(node=SCOPEDCONTENTCONDITIONATTRIBUTE) - start
171111 [main] DEBUG org.dbunit.database.search.AbstractMetaDataBasedSearchCallback  - getNodesFromExportedKeys(node=SCOPEDCONTENTCONDITIONATTRIBUTE) - start
171111 [main] DEBUG org.dbunit.database.search.AbstractMetaDataBasedSearchCallback  - getNodes(type=1, node=SCOPEDCONTENTCONDITIONATTRIBUTE) - start
171111 [main] DEBUG org.dbunit.database.DatabaseDataSourceConnection  - getConnection() - start
171112 [main] DEBUG org.dbunit.database.search.AbstractMetaDataBasedSearchCallback  - getNodes(type=1, node=SCOPEDCONTENTCONDITIONATTRIBUTE, conn=Transaction-aware proxy for target Connection [jdbc:hsqldb:mem:kontrollDS, UserName=sw, HSQL Database Engine Driver], schema=null, metaData=org.apache.commons.dbcp.DelegatingDatabaseMetaData@18ee87b, edges=[]) - start
171112 [main] DEBUG org.dbunit.database.search.AbstractMetaDataBasedSearchCallback  - Getting edges for node SCOPEDCONTENTCONDITIONATTRIBUTE
171112 [main] TRACE org.dbunit.database.DatabaseConfig  - getProperty(name=http://www.dbunit.org/properties/metadataHandler) - start
171112 [main] TRACE org.dbunit.database.DefaultMetadataHandler  - tableExists(metaData=org.apache.commons.dbcp.DelegatingDatabaseMetaData@18ee87b, schemaName=null, tableName=SCOPEDCONTENTCONDITIONATTRIBUTE) - start
171113 [main] DEBUG org.dbunit.util.SQLHelper  - close(resultSet=org.apache.commons.dbcp.DelegatingResultSet@5f3b327e) - start
171113 [main] DEBUG org.dbunit.util.SQLHelper  - close(resultSet=org.apache.commons.dbcp.DelegatingResultSet@3205ddc0) - start
171113 [main] DEBUG org.dbunit.util.search.DepthFirstSearch  - reverseSearch:SCOPEDCONTENTCONDITIONS_SCOPEDCONTENT
171113 [main] DEBUG org.dbunit.database.search.ExportedKeysSearchCallback  - searchNode(node=SCOPEDCONTENTCONDITIONS_SCOPEDCONTENT) - start
171113 [main] DEBUG org.dbunit.util.search.DepthFirstSearch  - Pushing (reverse) SCOPEDCONTENTCONDITIONS_SCOPEDCONTENT
171113 [main] DEBUG org.dbunit.database.search.ExportedKeysSearchCallback  - getEdges(node=SCOPEDCONTENTCONDITIONS_SCOPEDCONTENT) - start
171113 [main] DEBUG org.dbunit.database.search.AbstractMetaDataBasedSearchCallback  - getNodesFromExportedKeys(node=SCOPEDCONTENTCONDITIONS_SCOPEDCONTENT) - start
171113 [main] DEBUG org.dbunit.database.search.AbstractMetaDataBasedSearchCallback  - getNodes(type=1, node=SCOPEDCONTENTCONDITIONS_SCOPEDCONTENT) - start
171113 [main] DEBUG org.dbunit.database.DatabaseDataSourceConnection  - getConnection() - start
171113 [main] DEBUG org.dbunit.database.search.AbstractMetaDataBasedSearchCallback  - getNodes(type=1, node=SCOPEDCONTENTCONDITIONS_SCOPEDCONTENT, conn=Transaction-aware proxy for target Connection [jdbc:hsqldb:mem:kontrollDS, UserName=sw, HSQL Database Engine Driver], schema=null, metaData=org.apache.commons.dbcp.DelegatingDatabaseMetaData@1f2181e8, edges=[]) - start
171114 [main] DEBUG org.dbunit.database.search.AbstractMetaDataBasedSearchCallback  - Getting edges for node SCOPEDCONTENTCONDITIONS_SCOPEDCONTENT
171114 [main] TRACE org.dbunit.database.DatabaseConfig  - getProperty(name=http://www.dbunit.org/properties/metadataHandler) - start
171114 [main] TRACE org.dbunit.database.DefaultMetadataHandler  - tableExists(metaData=org.apache.commons.dbcp.DelegatingDatabaseMetaData@1f2181e8, schemaName=null, tableName=SCOPEDCONTENTCONDITIONS_SCOPEDCONTENT) - start
171115 [main] DEBUG org.dbunit.util.SQLHelper  - close(resultSet=org.apache.commons.dbcp.DelegatingResultSet@2022600) - start
171115 [main] DEBUG org.dbunit.util.SQLHelper  - close(resultSet=org.apache.commons.dbcp.DelegatingResultSet@24e56744) - start
171115 [main] DEBUG org.dbunit.util.search.DepthFirstSearch  - reverseSearch:SCOPEDCONTENTCONDITIONS_SCOPEDCONTENTITEM
171115 [main] DEBUG org.dbunit.database.search.ExportedKeysSearchCallback  - searchNode(node=SCOPEDCONTENTCONDITIONS_SCOPEDCONTENTITEM) - start
171115 [main] DEBUG org.dbunit.util.search.DepthFirstSearch  - Pushing (reverse) SCOPEDCONTENTCONDITIONS_SCOPEDCONTENTITEM
171115 [main] DEBUG org.dbunit.database.search.ExportedKeysSearchCallback  - getEdges(node=SCOPEDCONTENTCONDITIONS_SCOPEDCONTENTITEM) - start
171115 [main] DEBUG org.dbunit.database.search.AbstractMetaDataBasedSearchCallback  - getNodesFromExportedKeys(node=SCOPEDCONTENTCONDITIONS_SCOPEDCONTENTITEM) - start
171115 [main] DEBUG org.dbunit.database.search.AbstractMetaDataBasedSearchCallback  - getNodes(type=1, node=SCOPEDCONTENTCONDITIONS_SCOPEDCONTENTITEM) - start
171115 [main] DEBUG org.dbunit.database.DatabaseDataSourceConnection  - getConnection() - start
171115 [main] DEBUG org.dbunit.database.search.AbstractMetaDataBasedSearchCallback  - getNodes(type=1, node=SCOPEDCONTENTCONDITIONS_SCOPEDCONTENTITEM, conn=Transaction-aware proxy for target Connection [jdbc:hsqldb:mem:kontrollDS, UserName=sw, HSQL Database Engine Driver], schema=null, metaData=org.apache.commons.dbcp.DelegatingDatabaseMetaData@50deb448, edges=[]) - start
171115 [main] DEBUG org.dbunit.database.search.AbstractMetaDataBasedSearchCallback  - Getting edges for node SCOPEDCONTENTCONDITIONS_SCOPEDCONTENTITEM
171115 [main] TRACE org.dbunit.database.DatabaseConfig  - getProperty(name=http://www.dbunit.org/properties/metadataHandler) - start
171115 [main] TRACE org.dbunit.database.DefaultMetadataHandler  - tableExists(metaData=org.apache.commons.dbcp.DelegatingDatabaseMetaData@50deb448, schemaName=null, tableName=SCOPEDCONTENTCONDITIONS_SCOPEDCONTENTITEM) - start
171116 [main] DEBUG org.dbunit.util.SQLHelper  - close(resultSet=org.apache.commons.dbcp.DelegatingResultSet@555337e3) - start
171117 [main] DEBUG org.dbunit.util.SQLHelper  - close(resultSet=org.apache.commons.dbcp.DelegatingResultSet@20fc401b) - start
171117 [main] DEBUG org.dbunit.util.search.DepthFirstSearch  - search:NESTEDSCOPEDCONTENTCONDITIONS
171117 [main] DEBUG org.dbunit.database.search.ExportedKeysSearchCallback  - searchNode(node=NESTEDSCOPEDCONTENTCONDITIONS) - start
171117 [main] DEBUG org.dbunit.util.search.DepthFirstSearch  - Pushing NESTEDSCOPEDCONTENTCONDITIONS
171117 [main] DEBUG org.dbunit.database.search.ExportedKeysSearchCallback  - getEdges(node=NESTEDSCOPEDCONTENTCONDITIONS) - start
171117 [main] DEBUG org.dbunit.database.search.AbstractMetaDataBasedSearchCallback  - getNodesFromExportedKeys(node=NESTEDSCOPEDCONTENTCONDITIONS) - start
171117 [main] DEBUG org.dbunit.database.search.AbstractMetaDataBasedSearchCallback  - getNodes(type=1, node=NESTEDSCOPEDCONTENTCONDITIONS) - start
171117 [main] DEBUG org.dbunit.database.DatabaseDataSourceConnection  - getConnection() - start
171117 [main] DEBUG org.dbunit.database.search.AbstractMetaDataBasedSearchCallback  - getNodes(type=1, node=NESTEDSCOPEDCONTENTCONDITIONS, conn=Transaction-aware proxy for target Connection [jdbc:hsqldb:mem:kontrollDS, UserName=sw, HSQL Database Engine Driver], schema=null, metaData=org.apache.commons.dbcp.DelegatingDatabaseMetaData@10d4bd88, edges=[]) - start
171117 [main] DEBUG org.dbunit.database.search.AbstractMetaDataBasedSearchCallback  - Getting edges for node NESTEDSCOPEDCONTENTCONDITIONS
171117 [main] TRACE org.dbunit.database.DatabaseConfig  - getProperty(name=http://www.dbunit.org/properties/metadataHandler) - start
171117 [main] TRACE org.dbunit.database.DefaultMetadataHandler  - tableExists(metaData=org.apache.commons.dbcp.DelegatingDatabaseMetaData@10d4bd88, schemaName=null, tableName=NESTEDSCOPEDCONTENTCONDITIONS) - start
171118 [main] DEBUG org.dbunit.util.SQLHelper  - close(resultSet=org.apache.commons.dbcp.DelegatingResultSet@7d1e0025) - start
171118 [main] DEBUG org.dbunit.util.SQLHelper  - close(resultSet=org.apache.commons.dbcp.DelegatingResultSet@14a9ac9f) - start
171118 [main] DEBUG org.dbunit.util.search.DepthFirstSearch  - Adding node NESTEDSCOPEDCONTENTCONDITIONS to the final result
171118 [main] DEBUG org.dbunit.util.search.DepthFirstSearch  - search:SCOPEDCONTENTCONDITIONATTRIBUTE
171118 [main] DEBUG org.dbunit.database.search.ExportedKeysSearchCallback  - searchNode(node=SCOPEDCONTENTCONDITIONATTRIBUTE) - start
171120 [main] DEBUG org.dbunit.util.search.DepthFirstSearch  - Pushing SCOPEDCONTENTCONDITIONATTRIBUTE
171120 [main] DEBUG org.dbunit.database.search.ExportedKeysSearchCallback  - getEdges(node=SCOPEDCONTENTCONDITIONATTRIBUTE) - start
171120 [main] DEBUG org.dbunit.database.search.AbstractMetaDataBasedSearchCallback  - getNodesFromExportedKeys(node=SCOPEDCONTENTCONDITIONATTRIBUTE) - start
171120 [main] DEBUG org.dbunit.database.search.AbstractMetaDataBasedSearchCallback  - getNodes(type=1, node=SCOPEDCONTENTCONDITIONATTRIBUTE) - start
171120 [main] DEBUG org.dbunit.database.DatabaseDataSourceConnection  - getConnection() - start
171121 [main] DEBUG org.dbunit.database.search.AbstractMetaDataBasedSearchCallback  - getNodes(type=1, node=SCOPEDCONTENTCONDITIONATTRIBUTE, conn=Transaction-aware proxy for target Connection [jdbc:hsqldb:mem:kontrollDS, UserName=sw, HSQL Database Engine Driver], schema=null, metaData=org.apache.commons.dbcp.DelegatingDatabaseMetaData@f840552, edges=[]) - start
171121 [main] DEBUG org.dbunit.database.search.AbstractMetaDataBasedSearchCallback  - Getting edges for node SCOPEDCONTENTCONDITIONATTRIBUTE
171121 [main] TRACE org.dbunit.database.DatabaseConfig  - getProperty(name=http://www.dbunit.org/properties/metadataHandler) - start
171121 [main] TRACE org.dbunit.database.DefaultMetadataHandler  - tableExists(metaData=org.apache.commons.dbcp.DelegatingDatabaseMetaData@f840552, schemaName=null, tableName=SCOPEDCONTENTCONDITIONATTRIBUTE) - start
171122 [main] DEBUG org.dbunit.util.SQLHelper  - close(resultSet=org.apache.commons.dbcp.DelegatingResultSet@19140eba) - start
171122 [main] DEBUG org.dbunit.util.SQLHelper  - close(resultSet=org.apache.commons.dbcp.DelegatingResultSet@1a007c06) - start
171122 [main] DEBUG org.dbunit.util.search.DepthFirstSearch  - Adding node SCOPEDCONTENTCONDITIONATTRIBUTE to the final result
171122 [main] DEBUG org.dbunit.util.search.DepthFirstSearch  - search:SCOPEDCONTENTCONDITIONS_SCOPEDCONTENT
171122 [main] DEBUG org.dbunit.database.search.ExportedKeysSearchCallback  - searchNode(node=SCOPEDCONTENTCONDITIONS_SCOPEDCONTENT) - start
171122 [main] DEBUG org.dbunit.util.search.DepthFirstSearch  - Pushing SCOPEDCONTENTCONDITIONS_SCOPEDCONTENT
171122 [main] DEBUG org.dbunit.database.search.ExportedKeysSearchCallback  - getEdges(node=SCOPEDCONTENTCONDITIONS_SCOPEDCONTENT) - start
171122 [main] DEBUG org.dbunit.database.search.AbstractMetaDataBasedSearchCallback  - getNodesFromExportedKeys(node=SCOPEDCONTENTCONDITIONS_SCOPEDCONTENT) - start
171122 [main] DEBUG org.dbunit.database.search.AbstractMetaDataBasedSearchCallback  - getNodes(type=1, node=SCOPEDCONTENTCONDITIONS_SCOPEDCONTENT) - start
171122 [main] DEBUG org.dbunit.database.DatabaseDataSourceConnection  - getConnection() - start
171122 [main] DEBUG org.dbunit.database.search.AbstractMetaDataBasedSearchCallback  - getNodes(type=1, node=SCOPEDCONTENTCONDITIONS_SCOPEDCONTENT, conn=Transaction-aware proxy for target Connection [jdbc:hsqldb:mem:kontrollDS, UserName=sw, HSQL Database Engine Driver], schema=null, metaData=org.apache.commons.dbcp.DelegatingDatabaseMetaData@15ce7b40, edges=[]) - start
171122 [main] DEBUG org.dbunit.database.search.AbstractMetaDataBasedSearchCallback  - Getting edges for node SCOPEDCONTENTCONDITIONS_SCOPEDCONTENT
171122 [main] TRACE org.dbunit.database.DatabaseConfig  - getProperty(name=http://www.dbunit.org/properties/metadataHandler) - start
171122 [main] TRACE org.dbunit.database.DefaultMetadataHandler  - tableExists(metaData=org.apache.commons.dbcp.DelegatingDatabaseMetaData@15ce7b40, schemaName=null, tableName=SCOPEDCONTENTCONDITIONS_SCOPEDCONTENT) - start
171124 [main] DEBUG org.dbunit.util.SQLHelper  - close(resultSet=org.apache.commons.dbcp.DelegatingResultSet@59acd5e8) - start
171124 [main] DEBUG org.dbunit.util.SQLHelper  - close(resultSet=org.apache.commons.dbcp.DelegatingResultSet@6fe7a065) - start
171124 [main] DEBUG org.dbunit.util.search.DepthFirstSearch  - Adding node SCOPEDCONTENTCONDITIONS_SCOPEDCONTENT to the final result
171124 [main] DEBUG org.dbunit.util.search.DepthFirstSearch  - search:SCOPEDCONTENTCONDITIONS_SCOPEDCONTENTITEM
171124 [main] DEBUG org.dbunit.database.search.ExportedKeysSearchCallback  - searchNode(node=SCOPEDCONTENTCONDITIONS_SCOPEDCONTENTITEM) - start
171124 [main] DEBUG org.dbunit.util.search.DepthFirstSearch  - Pushing SCOPEDCONTENTCONDITIONS_SCOPEDCONTENTITEM
171124 [main] DEBUG org.dbunit.database.search.ExportedKeysSearchCallback  - getEdges(node=SCOPEDCONTENTCONDITIONS_SCOPEDCONTENTITEM) - start
171124 [main] DEBUG org.dbunit.database.search.AbstractMetaDataBasedSearchCallback  - getNodesFromExportedKeys(node=SCOPEDCONTENTCONDITIONS_SCOPEDCONTENTITEM) - start
171124 [main] DEBUG org.dbunit.database.search.AbstractMetaDataBasedSearchCallback  - getNodes(type=1, node=SCOPEDCONTENTCONDITIONS_SCOPEDCONTENTITEM) - start
171124 [main] DEBUG org.dbunit.database.DatabaseDataSourceConnection  - getConnection() - start
171124 [main] DEBUG org.dbunit.database.search.AbstractMetaDataBasedSearchCallback  - getNodes(type=1, node=SCOPEDCONTENTCONDITIONS_SCOPEDCONTENTITEM, conn=Transaction-aware proxy for target Connection [jdbc:hsqldb:mem:kontrollDS, UserName=sw, HSQL Database Engine Driver], schema=null, metaData=org.apache.commons.dbcp.DelegatingDatabaseMetaData@4fd38048, edges=[]) - start
171124 [main] DEBUG org.dbunit.database.search.AbstractMetaDataBasedSearchCallback  - Getting edges for node SCOPEDCONTENTCONDITIONS_SCOPEDCONTENTITEM
171124 [main] TRACE org.dbunit.database.DatabaseConfig  - getProperty(name=http://www.dbunit.org/properties/metadataHandler) - start
171124 [main] TRACE org.dbunit.database.DefaultMetadataHandler  - tableExists(metaData=org.apache.commons.dbcp.DelegatingDatabaseMetaData@4fd38048, schemaName=null, tableName=SCOPEDCONTENTCONDITIONS_SCOPEDCONTENTITEM) - start
171125 [main] DEBUG org.dbunit.util.SQLHelper  - close(resultSet=org.apache.commons.dbcp.DelegatingResultSet@57dc1e2d) - start
171126 [main] DEBUG org.dbunit.util.SQLHelper  - close(resultSet=org.apache.commons.dbcp.DelegatingResultSet@2a3b2a9a) - start
171126 [main] DEBUG org.dbunit.util.search.DepthFirstSearch  - Adding node SCOPEDCONTENTCONDITIONS_SCOPEDCONTENTITEM to the final result
171126 [main] DEBUG org.dbunit.util.search.DepthFirstSearch  - search:SCOPEDCONTENTCONDITION
171126 [main] DEBUG org.dbunit.database.search.ExportedKeysSearchCallback  - searchNode(node=SCOPEDCONTENTCONDITION) - start
171126 [main] DEBUG org.dbunit.util.search.DepthFirstSearch  - Pushing SCOPEDCONTENTCONDITION
171126 [main] DEBUG org.dbunit.database.search.ExportedKeysSearchCallback  - getEdges(node=SCOPEDCONTENTCONDITION) - start
171126 [main] DEBUG org.dbunit.database.search.AbstractMetaDataBasedSearchCallback  - getNodesFromExportedKeys(node=SCOPEDCONTENTCONDITION) - start
171126 [main] DEBUG org.dbunit.database.search.AbstractMetaDataBasedSearchCallback  - getNodes(type=1, node=SCOPEDCONTENTCONDITION) - start
171126 [main] DEBUG org.dbunit.database.DatabaseDataSourceConnection  - getConnection() - start
171126 [main] DEBUG org.dbunit.database.search.AbstractMetaDataBasedSearchCallback  - getNodes(type=1, node=SCOPEDCONTENTCONDITION, conn=Transaction-aware proxy for target Connection [jdbc:hsqldb:mem:kontrollDS, UserName=sw, HSQL Database Engine Driver], schema=null, metaData=org.apache.commons.dbcp.DelegatingDatabaseMetaData@1269fa1f, edges=[]) - start
171126 [main] DEBUG org.dbunit.database.search.AbstractMetaDataBasedSearchCallback  - Getting edges for node SCOPEDCONTENTCONDITION
171126 [main] TRACE org.dbunit.database.DatabaseConfig  - getProperty(name=http://www.dbunit.org/properties/metadataHandler) - start
171126 [main] TRACE org.dbunit.database.DefaultMetadataHandler  - tableExists(metaData=org.apache.commons.dbcp.DelegatingDatabaseMetaData@1269fa1f, schemaName=null, tableName=SCOPEDCONTENTCONDITION) - start
171127 [main] DEBUG org.dbunit.util.SQLHelper  - close(resultSet=org.apache.commons.dbcp.DelegatingResultSet@60c58e1b) - start
171128 [main] DEBUG org.dbunit.util.QualifiedTableName  - getQualifiedNameIfEnabled(config=org.dbunit.database.DatabaseConfig[, _propertyMap={http://www.dbunit.org/properties/statementFactory=org.dbunit.database.statement.PreparedStatementFactory@626bc2b8, http://www.dbunit.org/features/caseSensitiveTableNames=false, http://www.dbunit.org/properties/fetchSize=100, http://www.dbunit.org/features/batchedStatements=false, http://www.dbunit.org/properties/metadataHandler=org.dbunit.database.DefaultMetadataHandler@62baffef, http://www.dbunit.org/properties/datatypeFactory=org.dbunit.dataset.datatype.DefaultDataTypeFactory[_toleratedDeltaMap=org.dbunit.dataset.datatype.ToleratedDeltaMap@6452310a], http://www.dbunit.org/properties/escapePattern=null, http://www.dbunit.org/properties/batchSize=100, http://www.dbunit.org/features/qualifiedTableNames=false, http://www.dbunit.org/properties/tableType=[Ljava.lang.String;@5011bafa, http://www.dbunit.org/properties/resultSetTableFactory=org.dbunit.database.CachedResultSetTableFactory@10bcf083, http://www.dbunit.org/features/datatypeWarning=true}]) - start
171128 [main] TRACE org.dbunit.database.DatabaseConfig  - getFeature(name=http://www.dbunit.org/features/qualifiedTableNames) - start
171128 [main] TRACE org.dbunit.database.DatabaseConfig  - getProperty(name=http://www.dbunit.org/features/qualifiedTableNames) - start
171128 [main] DEBUG org.dbunit.util.QualifiedTableName  - Qualified table names feature is disabled. Returning plain table name
171128 [main] DEBUG org.dbunit.util.QualifiedTableName  - getQualifiedName(prefix=null, name=SCOPEDCONTENTCONDITION, escapePattern=null) - start
171128 [main] DEBUG org.dbunit.util.QualifiedTableName  - getQualifiedNameIfEnabled(config=org.dbunit.database.DatabaseConfig[, _propertyMap={http://www.dbunit.org/properties/statementFactory=org.dbunit.database.statement.PreparedStatementFactory@626bc2b8, http://www.dbunit.org/features/caseSensitiveTableNames=false, http://www.dbunit.org/properties/fetchSize=100, http://www.dbunit.org/features/batchedStatements=false, http://www.dbunit.org/properties/metadataHandler=org.dbunit.database.DefaultMetadataHandler@62baffef, http://www.dbunit.org/properties/datatypeFactory=org.dbunit.dataset.datatype.DefaultDataTypeFactory[_toleratedDeltaMap=org.dbunit.dataset.datatype.ToleratedDeltaMap@6452310a], http://www.dbunit.org/properties/escapePattern=null, http://www.dbunit.org/properties/batchSize=100, http://www.dbunit.org/features/qualifiedTableNames=false, http://www.dbunit.org/properties/tableType=[Ljava.lang.String;@5011bafa, http://www.dbunit.org/properties/resultSetTableFactory=org.dbunit.database.CachedResultSetTableFactory@10bcf083, http://www.dbunit.org/features/datatypeWarning=true}]) - start
171128 [main] TRACE org.dbunit.database.DatabaseConfig  - getFeature(name=http://www.dbunit.org/features/qualifiedTableNames) - start
171128 [main] TRACE org.dbunit.database.DatabaseConfig  - getProperty(name=http://www.dbunit.org/features/qualifiedTableNames) - start
171128 [main] DEBUG org.dbunit.util.QualifiedTableName  - Qualified table names feature is disabled. Returning plain table name
171128 [main] DEBUG org.dbunit.util.QualifiedTableName  - getQualifiedName(prefix=null, name=NESTEDSCOPEDCONTENTCONDITIONS, escapePattern=null) - start
171159 [main] DEBUG org.dbunit.database.search.AbstractMetaDataBasedSearchCallback  - newEdge(rs=org.apache.commons.dbcp.DelegatingResultSet@63798e07, type=1, from=SCOPEDCONTENTCONDITION, to=NESTEDSCOPEDCONTENTCONDITIONS, fkColumn=CHILD_CONDITION_ID, pkColumn=ID) - start
171159 [main] DEBUG org.dbunit.database.search.AbstractMetaDataBasedSearchCallback  - createFKEdge(rs=org.apache.commons.dbcp.DelegatingResultSet@63798e07, type=1, from=SCOPEDCONTENTCONDITION, to=NESTEDSCOPEDCONTENTCONDITIONS, fkColumn=CHILD_CONDITION_ID, pkColumn=ID) - start
171159 [main] DEBUG org.dbunit.database.search.AbstractMetaDataBasedSearchCallback  - Adding edge NESTEDSCOPEDCONTENTCONDITIONS(CHILD_CONDITION_ID)->SCOPEDCONTENTCONDITION(ID)
171159 [main] DEBUG org.dbunit.util.search.Edge  - compareTo(o=NESTEDSCOPEDCONTENTCONDITIONS(CHILD_CONDITION_ID)->SCOPEDCONTENTCONDITION(ID)) - start
171160 [main] DEBUG org.dbunit.util.QualifiedTableName  - getQualifiedNameIfEnabled(config=org.dbunit.database.DatabaseConfig[, _propertyMap={http://www.dbunit.org/properties/statementFactory=org.dbunit.database.statement.PreparedStatementFactory@626bc2b8, http://www.dbunit.org/features/caseSensitiveTableNames=false, http://www.dbunit.org/properties/fetchSize=100, http://www.dbunit.org/features/batchedStatements=false, http://www.dbunit.org/properties/metadataHandler=org.dbunit.database.DefaultMetadataHandler@62baffef, http://www.dbunit.org/properties/datatypeFactory=org.dbunit.dataset.datatype.DefaultDataTypeFactory[_toleratedDeltaMap=org.dbunit.dataset.datatype.ToleratedDeltaMap@6452310a], http://www.dbunit.org/properties/escapePattern=null, http://www.dbunit.org/properties/batchSize=100, http://www.dbunit.org/features/qualifiedTableNames=false, http://www.dbunit.org/properties/tableType=[Ljava.lang.String;@5011bafa, http://www.dbunit.org/properties/resultSetTableFactory=org.dbunit.database.CachedResultSetTableFactory@10bcf083, http://www.dbunit.org/features/datatypeWarning=true}]) - start
171160 [main] TRACE org.dbunit.database.DatabaseConfig  - getFeature(name=http://www.dbunit.org/features/qualifiedTableNames) - start
171160 [main] TRACE org.dbunit.database.DatabaseConfig  - getProperty(name=http://www.dbunit.org/features/qualifiedTableNames) - start
171160 [main] DEBUG org.dbunit.util.QualifiedTableName  - Qualified table names feature is disabled. Returning plain table name
171160 [main] DEBUG org.dbunit.util.QualifiedTableName  - getQualifiedName(prefix=null, name=SCOPEDCONTENTCONDITION, escapePattern=null) - start
171160 [main] DEBUG org.dbunit.util.QualifiedTableName  - getQualifiedNameIfEnabled(config=org.dbunit.database.DatabaseConfig[, _propertyMap={http://www.dbunit.org/properties/statementFactory=org.dbunit.database.statement.PreparedStatementFactory@626bc2b8, http://www.dbunit.org/features/caseSensitiveTableNames=false, http://www.dbunit.org/properties/fetchSize=100, http://www.dbunit.org/features/batchedStatements=false, http://www.dbunit.org/properties/metadataHandler=org.dbunit.database.DefaultMetadataHandler@62baffef, http://www.dbunit.org/properties/datatypeFactory=org.dbunit.dataset.datatype.DefaultDataTypeFactory[_toleratedDeltaMap=org.dbunit.dataset.datatype.ToleratedDeltaMap@6452310a], http://www.dbunit.org/properties/escapePattern=null, http://www.dbunit.org/properties/batchSize=100, http://www.dbunit.org/features/qualifiedTableNames=false, http://www.dbunit.org/properties/tableType=[Ljava.lang.String;@5011bafa, http://www.dbunit.org/properties/resultSetTableFactory=org.dbunit.database.CachedResultSetTableFactory@10bcf083, http://www.dbunit.org/features/datatypeWarning=true}]) - start
171160 [main] TRACE org.dbunit.database.DatabaseConfig  - getFeature(name=http://www.dbunit.org/features/qualifiedTableNames) - start
171160 [main] TRACE org.dbunit.database.DatabaseConfig  - getProperty(name=http://www.dbunit.org/features/qualifiedTableNames) - start
171160 [main] DEBUG org.dbunit.util.QualifiedTableName  - Qualified table names feature is disabled. Returning plain table name
171160 [main] DEBUG org.dbunit.util.QualifiedTableName  - getQualifiedName(prefix=null, name=NESTEDSCOPEDCONTENTCONDITIONS, escapePattern=null) - start
171160 [main] DEBUG org.dbunit.database.search.AbstractMetaDataBasedSearchCallback  - newEdge(rs=org.apache.commons.dbcp.DelegatingResultSet@63798e07, type=1, from=SCOPEDCONTENTCONDITION, to=NESTEDSCOPEDCONTENTCONDITIONS, fkColumn=PARENT_CONDITION_ID, pkColumn=ID) - start
171160 [main] DEBUG org.dbunit.database.search.AbstractMetaDataBasedSearchCallback  - createFKEdge(rs=org.apache.commons.dbcp.DelegatingResultSet@63798e07, type=1, from=SCOPEDCONTENTCONDITION, to=NESTEDSCOPEDCONTENTCONDITIONS, fkColumn=PARENT_CONDITION_ID, pkColumn=ID) - start
171160 [main] DEBUG org.dbunit.database.search.AbstractMetaDataBasedSearchCallback  - Adding edge NESTEDSCOPEDCONTENTCONDITIONS(PARENT_CONDITION_ID)->SCOPEDCONTENTCONDITION(ID)
171160 [main] DEBUG org.dbunit.util.search.Edge  - compareTo(o=NESTEDSCOPEDCONTENTCONDITIONS(CHILD_CONDITION_ID)->SCOPEDCONTENTCONDITION(ID)) - start
171160 [main] DEBUG org.dbunit.util.QualifiedTableName  - getQualifiedNameIfEnabled(config=org.dbunit.database.DatabaseConfig[, _propertyMap={http://www.dbunit.org/properties/statementFactory=org.dbunit.database.statement.PreparedStatementFactory@626bc2b8, http://www.dbunit.org/features/caseSensitiveTableNames=false, http://www.dbunit.org/properties/fetchSize=100, http://www.dbunit.org/features/batchedStatements=false, http://www.dbunit.org/properties/metadataHandler=org.dbunit.database.DefaultMetadataHandler@62baffef, http://www.dbunit.org/properties/datatypeFactory=org.dbunit.dataset.datatype.DefaultDataTypeFactory[_toleratedDeltaMap=org.dbunit.dataset.datatype.ToleratedDeltaMap@6452310a], http://www.dbunit.org/properties/escapePattern=null, http://www.dbunit.org/properties/batchSize=100, http://www.dbunit.org/features/qualifiedTableNames=false, http://www.dbunit.org/properties/tableType=[Ljava.lang.String;@5011bafa, http://www.dbunit.org/properties/resultSetTableFactory=org.dbunit.database.CachedResultSetTableFactory@10bcf083, http://www.dbunit.org/features/datatypeWarning=true}]) - start
171160 [main] TRACE org.dbunit.database.DatabaseConfig  - getFeature(name=http://www.dbunit.org/features/qualifiedTableNames) - start
171160 [main] TRACE org.dbunit.database.DatabaseConfig  - getProperty(name=http://www.dbunit.org/features/qualifiedTableNames) - start
171160 [main] DEBUG org.dbunit.util.QualifiedTableName  - Qualified table names feature is disabled. Returning plain table name
171160 [main] DEBUG org.dbunit.util.QualifiedTableName  - getQualifiedName(prefix=null, name=SCOPEDCONTENTCONDITION, escapePattern=null) - start
171160 [main] DEBUG org.dbunit.util.QualifiedTableName  - getQualifiedNameIfEnabled(config=org.dbunit.database.DatabaseConfig[, _propertyMap={http://www.dbunit.org/properties/statementFactory=org.dbunit.database.statement.PreparedStatementFactory@626bc2b8, http://www.dbunit.org/features/caseSensitiveTableNames=false, http://www.dbunit.org/properties/fetchSize=100, http://www.dbunit.org/features/batchedStatements=false, http://www.dbunit.org/properties/metadataHandler=org.dbunit.database.DefaultMetadataHandler@62baffef, http://www.dbunit.org/properties/datatypeFactory=org.dbunit.dataset.datatype.DefaultDataTypeFactory[_toleratedDeltaMap=org.dbunit.dataset.datatype.ToleratedDeltaMap@6452310a], http://www.dbunit.org/properties/escapePattern=null, http://www.dbunit.org/properties/batchSize=100, http://www.dbunit.org/features/qualifiedTableNames=false, http://www.dbunit.org/properties/tableType=[Ljava.lang.String;@5011bafa, http://www.dbunit.org/properties/resultSetTableFactory=org.dbunit.database.CachedResultSetTableFactory@10bcf083, http://www.dbunit.org/features/datatypeWarning=true}]) - start
171160 [main] TRACE org.dbunit.database.DatabaseConfig  - getFeature(name=http://www.dbunit.org/features/qualifiedTableNames) - start
171160 [main] TRACE org.dbunit.database.DatabaseConfig  - getProperty(name=http://www.dbunit.org/features/qualifiedTableNames) - start
171160 [main] DEBUG org.dbunit.util.QualifiedTableName  - Qualified table names feature is disabled. Returning plain table name
171161 [main] DEBUG org.dbunit.util.QualifiedTableName  - getQualifiedName(prefix=null, name=SCOPEDCONTENTCONDITIONATTRIBUTE, escapePattern=null) - start
171161 [main] DEBUG org.dbunit.database.search.AbstractMetaDataBasedSearchCallback  - newEdge(rs=org.apache.commons.dbcp.DelegatingResultSet@63798e07, type=1, from=SCOPEDCONTENTCONDITION, to=SCOPEDCONTENTCONDITIONATTRIBUTE, fkColumn=SCOPEDCONTENTCONDITION, pkColumn=ID) - start
171161 [main] DEBUG org.dbunit.database.search.AbstractMetaDataBasedSearchCallback  - createFKEdge(rs=org.apache.commons.dbcp.DelegatingResultSet@63798e07, type=1, from=SCOPEDCONTENTCONDITION, to=SCOPEDCONTENTCONDITIONATTRIBUTE, fkColumn=SCOPEDCONTENTCONDITION, pkColumn=ID) - start
171161 [main] DEBUG org.dbunit.database.search.AbstractMetaDataBasedSearchCallback  - Adding edge SCOPEDCONTENTCONDITIONATTRIBUTE(SCOPEDCONTENTCONDITION)->SCOPEDCONTENTCONDITION(ID)
171161 [main] DEBUG org.dbunit.util.search.Edge  - compareTo(o=NESTEDSCOPEDCONTENTCONDITIONS(CHILD_CONDITION_ID)->SCOPEDCONTENTCONDITION(ID)) - start
171161 [main] DEBUG org.dbunit.util.QualifiedTableName  - getQualifiedNameIfEnabled(config=org.dbunit.database.DatabaseConfig[, _propertyMap={http://www.dbunit.org/properties/statementFactory=org.dbunit.database.statement.PreparedStatementFactory@626bc2b8, http://www.dbunit.org/features/caseSensitiveTableNames=false, http://www.dbunit.org/properties/fetchSize=100, http://www.dbunit.org/features/batchedStatements=false, http://www.dbunit.org/properties/metadataHandler=org.dbunit.database.DefaultMetadataHandler@62baffef, http://www.dbunit.org/properties/datatypeFactory=org.dbunit.dataset.datatype.DefaultDataTypeFactory[_toleratedDeltaMap=org.dbunit.dataset.datatype.ToleratedDeltaMap@6452310a], http://www.dbunit.org/properties/escapePattern=null, http://www.dbunit.org/properties/batchSize=100, http://www.dbunit.org/features/qualifiedTableNames=false, http://www.dbunit.org/properties/tableType=[Ljava.lang.String;@5011bafa, http://www.dbunit.org/properties/resultSetTableFactory=org.dbunit.database.CachedResultSetTableFactory@10bcf083, http://www.dbunit.org/features/datatypeWarning=true}]) - start
171161 [main] TRACE org.dbunit.database.DatabaseConfig  - getFeature(name=http://www.dbunit.org/features/qualifiedTableNames) - start
171161 [main] TRACE org.dbunit.database.DatabaseConfig  - getProperty(name=http://www.dbunit.org/features/qualifiedTableNames) - start
171161 [main] DEBUG org.dbunit.util.QualifiedTableName  - Qualified table names feature is disabled. Returning plain table name
171161 [main] DEBUG org.dbunit.util.QualifiedTableName  - getQualifiedName(prefix=null, name=SCOPEDCONTENTCONDITION, escapePattern=null) - start
171161 [main] DEBUG org.dbunit.util.QualifiedTableName  - getQualifiedNameIfEnabled(config=org.dbunit.database.DatabaseConfig[, _propertyMap={http://www.dbunit.org/properties/statementFactory=org.dbunit.database.statement.PreparedStatementFactory@626bc2b8, http://www.dbunit.org/features/caseSensitiveTableNames=false, http://www.dbunit.org/properties/fetchSize=100, http://www.dbunit.org/features/batchedStatements=false, http://www.dbunit.org/properties/metadataHandler=org.dbunit.database.DefaultMetadataHandler@62baffef, http://www.dbunit.org/properties/datatypeFactory=org.dbunit.dataset.datatype.DefaultDataTypeFactory[_toleratedDeltaMap=org.dbunit.dataset.datatype.ToleratedDeltaMap@6452310a], http://www.dbunit.org/properties/escapePattern=null, http://www.dbunit.org/properties/batchSize=100, http://www.dbunit.org/features/qualifiedTableNames=false, http://www.dbunit.org/properties/tableType=[Ljava.lang.String;@5011bafa, http://www.dbunit.org/properties/resultSetTableFactory=org.dbunit.database.CachedResultSetTableFactory@10bcf083, http://www.dbunit.org/features/datatypeWarning=true}]) - start
171161 [main] TRACE org.dbunit.database.DatabaseConfig  - getFeature(name=http://www.dbunit.org/features/qualifiedTableNames) - start
171161 [main] TRACE org.dbunit.database.DatabaseConfig  - getProperty(name=http://www.dbunit.org/features/qualifiedTableNames) - start
171161 [main] DEBUG org.dbunit.util.QualifiedTableName  - Qualified table names feature is disabled. Returning plain table name
171161 [main] DEBUG org.dbunit.util.QualifiedTableName  - getQualifiedName(prefix=null, name=SCOPEDCONTENTCONDITIONS_SCOPEDCONTENT, escapePattern=null) - start
171161 [main] DEBUG org.dbunit.database.search.AbstractMetaDataBasedSearchCallback  - newEdge(rs=org.apache.commons.dbcp.DelegatingResultSet@63798e07, type=1, from=SCOPEDCONTENTCONDITION, to=SCOPEDCONTENTCONDITIONS_SCOPEDCONTENT, fkColumn=SCOPED_CONTENT_CONDITION_ID, pkColumn=ID) - start
171161 [main] DEBUG org.dbunit.database.search.AbstractMetaDataBasedSearchCallback  - createFKEdge(rs=org.apache.commons.dbcp.DelegatingResultSet@63798e07, type=1, from=SCOPEDCONTENTCONDITION, to=SCOPEDCONTENTCONDITIONS_SCOPEDCONTENT, fkColumn=SCOPED_CONTENT_CONDITION_ID, pkColumn=ID) - start
171161 [main] DEBUG org.dbunit.database.search.AbstractMetaDataBasedSearchCallback  - Adding edge SCOPEDCONTENTCONDITIONS_SCOPEDCONTENT(SCOPED_CONTENT_CONDITION_ID)->SCOPEDCONTENTCONDITION(ID)
171161 [main] DEBUG org.dbunit.util.search.Edge  - compareTo(o=NESTEDSCOPEDCONTENTCONDITIONS(CHILD_CONDITION_ID)->SCOPEDCONTENTCONDITION(ID)) - start
171161 [main] DEBUG org.dbunit.util.search.Edge  - compareTo(o=SCOPEDCONTENTCONDITIONATTRIBUTE(SCOPEDCONTENTCONDITION)->SCOPEDCONTENTCONDITION(ID)) - start
171161 [main] DEBUG org.dbunit.util.QualifiedTableName  - getQualifiedNameIfEnabled(config=org.dbunit.database.DatabaseConfig[, _propertyMap={http://www.dbunit.org/properties/statementFactory=org.dbunit.database.statement.PreparedStatementFactory@626bc2b8, http://www.dbunit.org/features/caseSensitiveTableNames=false, http://www.dbunit.org/properties/fetchSize=100, http://www.dbunit.org/features/batchedStatements=false, http://www.dbunit.org/properties/metadataHandler=org.dbunit.database.DefaultMetadataHandler@62baffef, http://www.dbunit.org/properties/datatypeFactory=org.dbunit.dataset.datatype.DefaultDataTypeFactory[_toleratedDeltaMap=org.dbunit.dataset.datatype.ToleratedDeltaMap@6452310a], http://www.dbunit.org/properties/escapePattern=null, http://www.dbunit.org/properties/batchSize=100, http://www.dbunit.org/features/qualifiedTableNames=false, http://www.dbunit.org/properties/tableType=[Ljava.lang.String;@5011bafa, http://www.dbunit.org/properties/resultSetTableFactory=org.dbunit.database.CachedResultSetTableFactory@10bcf083, http://www.dbunit.org/features/datatypeWarning=true}]) - start
171161 [main] TRACE org.dbunit.database.DatabaseConfig  - getFeature(name=http://www.dbunit.org/features/qualifiedTableNames) - start
171162 [main] TRACE org.dbunit.database.DatabaseConfig  - getProperty(name=http://www.dbunit.org/features/qualifiedTableNames) - start
171162 [main] DEBUG org.dbunit.util.QualifiedTableName  - Qualified table names feature is disabled. Returning plain table name
171162 [main] DEBUG org.dbunit.util.QualifiedTableName  - getQualifiedName(prefix=null, name=SCOPEDCONTENTCONDITION, escapePattern=null) - start
171162 [main] DEBUG org.dbunit.util.QualifiedTableName  - getQualifiedNameIfEnabled(config=org.dbunit.database.DatabaseConfig[, _propertyMap={http://www.dbunit.org/properties/statementFactory=org.dbunit.database.statement.PreparedStatementFactory@626bc2b8, http://www.dbunit.org/features/caseSensitiveTableNames=false, http://www.dbunit.org/properties/fetchSize=100, http://www.dbunit.org/features/batchedStatements=false, http://www.dbunit.org/properties/metadataHandler=org.dbunit.database.DefaultMetadataHandler@62baffef, http://www.dbunit.org/properties/datatypeFactory=org.dbunit.dataset.datatype.DefaultDataTypeFactory[_toleratedDeltaMap=org.dbunit.dataset.datatype.ToleratedDeltaMap@6452310a], http://www.dbunit.org/properties/escapePattern=null, http://www.dbunit.org/properties/batchSize=100, http://www.dbunit.org/features/qualifiedTableNames=false, http://www.dbunit.org/properties/tableType=[Ljava.lang.String;@5011bafa, http://www.dbunit.org/properties/resultSetTableFactory=org.dbunit.database.CachedResultSetTableFactory@10bcf083, http://www.dbunit.org/features/datatypeWarning=true}]) - start
171162 [main] TRACE org.dbunit.database.DatabaseConfig  - getFeature(name=http://www.dbunit.org/features/qualifiedTableNames) - start
171162 [main] TRACE org.dbunit.database.DatabaseConfig  - getProperty(name=http://www.dbunit.org/features/qualifiedTableNames) - start
171162 [main] DEBUG org.dbunit.util.QualifiedTableName  - Qualified table names feature is disabled. Returning plain table name
171162 [main] DEBUG org.dbunit.util.QualifiedTableName  - getQualifiedName(prefix=null, name=SCOPEDCONTENTCONDITIONS_SCOPEDCONTENTITEM, escapePattern=null) - start
171162 [main] DEBUG org.dbunit.database.search.AbstractMetaDataBasedSearchCallback  - newEdge(rs=org.apache.commons.dbcp.DelegatingResultSet@63798e07, type=1, from=SCOPEDCONTENTCONDITION, to=SCOPEDCONTENTCONDITIONS_SCOPEDCONTENTITEM, fkColumn=SCOPED_CONTENT_CONDITION_ID, pkColumn=ID) - start
171162 [main] DEBUG org.dbunit.database.search.AbstractMetaDataBasedSearchCallback  - createFKEdge(rs=org.apache.commons.dbcp.DelegatingResultSet@63798e07, type=1, from=SCOPEDCONTENTCONDITION, to=SCOPEDCONTENTCONDITIONS_SCOPEDCONTENTITEM, fkColumn=SCOPED_CONTENT_CONDITION_ID, pkColumn=ID) - start
171162 [main] DEBUG org.dbunit.database.search.AbstractMetaDataBasedSearchCallback  - Adding edge SCOPEDCONTENTCONDITIONS_SCOPEDCONTENTITEM(SCOPED_CONTENT_CONDITION_ID)->SCOPEDCONTENTCONDITION(ID)
171162 [main] DEBUG org.dbunit.util.search.Edge  - compareTo(o=SCOPEDCONTENTCONDITIONATTRIBUTE(SCOPEDCONTENTCONDITION)->SCOPEDCONTENTCONDITION(ID)) - start
171162 [main] DEBUG org.dbunit.util.search.Edge  - compareTo(o=SCOPEDCONTENTCONDITIONS_SCOPEDCONTENT(SCOPED_CONTENT_CONDITION_ID)->SCOPEDCONTENTCONDITION(ID)) - start
171162 [main] DEBUG org.dbunit.util.SQLHelper  - close(resultSet=org.apache.commons.dbcp.DelegatingResultSet@63798e07) - start
171162 [main] DEBUG org.dbunit.util.search.DepthFirstSearch  - search:SCOPEDCONTENTCONDITION
171162 [main] DEBUG org.dbunit.util.search.DepthFirstSearch  - already searched; returning true
171162 [main] DEBUG org.dbunit.util.search.DepthFirstSearch  - search:SCOPEDCONTENTCONDITION
171162 [main] DEBUG org.dbunit.util.search.DepthFirstSearch  - already searched; returning true
171162 [main] DEBUG org.dbunit.util.search.DepthFirstSearch  - search:SCOPEDCONTENTCONDITION
171162 [main] DEBUG org.dbunit.util.search.DepthFirstSearch  - already searched; returning true
171162 [main] DEBUG org.dbunit.util.search.DepthFirstSearch  - search:SCOPEDCONTENTCONDITION
171162 [main] DEBUG org.dbunit.util.search.DepthFirstSearch  - already searched; returning true
171162 [main] DEBUG org.dbunit.util.search.DepthFirstSearch  - Adding node SCOPEDCONTENTCONDITION to the final result
171162 [main] DEBUG org.dbunit.util.CollectionsHelper  - setToStrings(set=[NESTEDSCOPEDCONTENTCONDITIONS, SCOPEDCONTENTCONDITIONATTRIBUTE, SCOPEDCONTENTCONDITIONS_SCOPEDCONTENT, SCOPEDCONTENTCONDITIONS_SCOPEDCONTENTITEM, SCOPEDCONTENTCONDITION]) - start
171163 [main] DEBUG org.dbunit.database.search.TablesDependencyHelper  - getDirectDependsOnTables(connection=_databaseConfig=org.dbunit.database.DatabaseConfig[, _propertyMap={http://www.dbunit.org/properties/statementFactory=org.dbunit.database.statement.PreparedStatementFactory@626bc2b8, http://www.dbunit.org/features/caseSensitiveTableNames=false, http://www.dbunit.org/properties/fetchSize=100, http://www.dbunit.org/features/batchedStatements=false, http://www.dbunit.org/properties/metadataHandler=org.dbunit.database.DefaultMetadataHandler@62baffef, http://www.dbunit.org/properties/datatypeFactory=org.dbunit.dataset.datatype.DefaultDataTypeFactory[_toleratedDeltaMap=org.dbunit.dataset.datatype.ToleratedDeltaMap@6452310a], http://www.dbunit.org/properties/escapePattern=null, http://www.dbunit.org/properties/batchSize=100, http://www.dbunit.org/features/qualifiedTableNames=false, http://www.dbunit.org/properties/tableType=[Ljava.lang.String;@5011bafa, http://www.dbunit.org/properties/resultSetTableFactory=org.dbunit.database.CachedResultSetTableFactory@10bcf083, http://www.dbunit.org/features/datatypeWarning=true}], _dataSet=AbstractDataSet[_orderedTableNameMap=null], tableName=SCOPEDCONTENTCONDITION) - start
171163 [main] DEBUG org.dbunit.util.search.DepthFirstSearch  - search(nodesFrom=[SCOPEDCONTENTCONDITION], callback=org.dbunit.database.search.ExportedKeysSearchCallback@668bf95f) - start
171163 [main] DEBUG org.dbunit.util.CollectionsHelper  - objectsToSet(objects=SCOPEDCONTENTCONDITION) - start
171163 [main] DEBUG org.dbunit.util.search.DepthFirstSearch  - search(nodesFrom=[SCOPEDCONTENTCONDITION], callback=org.dbunit.database.search.ExportedKeysSearchCallback@668bf95f) - start
171163 [main] DEBUG org.dbunit.util.search.DepthFirstSearch  - reverseSearch:SCOPEDCONTENTCONDITION
171163 [main] DEBUG org.dbunit.database.search.ExportedKeysSearchCallback  - searchNode(node=SCOPEDCONTENTCONDITION) - start
171163 [main] DEBUG org.dbunit.util.search.DepthFirstSearch  - Pushing (reverse) SCOPEDCONTENTCONDITION
171163 [main] DEBUG org.dbunit.database.search.ExportedKeysSearchCallback  - getEdges(node=SCOPEDCONTENTCONDITION) - start
171163 [main] DEBUG org.dbunit.database.search.AbstractMetaDataBasedSearchCallback  - getNodesFromExportedKeys(node=SCOPEDCONTENTCONDITION) - start
171163 [main] DEBUG org.dbunit.database.search.AbstractMetaDataBasedSearchCallback  - getNodes(type=1, node=SCOPEDCONTENTCONDITION) - start
171163 [main] DEBUG org.dbunit.database.DatabaseDataSourceConnection  - getConnection() - start
171163 [main] DEBUG org.dbunit.database.search.AbstractMetaDataBasedSearchCallback  - getNodes(type=1, node=SCOPEDCONTENTCONDITION, conn=Transaction-aware proxy for target Connection [jdbc:hsqldb:mem:kontrollDS, UserName=sw, HSQL Database Engine Driver], schema=null, metaData=org.apache.commons.dbcp.DelegatingDatabaseMetaData@6fa10091, edges=[]) - start
171163 [main] DEBUG org.dbunit.database.search.AbstractMetaDataBasedSearchCallback  - Getting edges for node SCOPEDCONTENTCONDITION
171163 [main] TRACE org.dbunit.database.DatabaseConfig  - getProperty(name=http://www.dbunit.org/properties/metadataHandler) - start
171163 [main] TRACE org.dbunit.database.DefaultMetadataHandler  - tableExists(metaData=org.apache.commons.dbcp.DelegatingDatabaseMetaData@6fa10091, schemaName=null, tableName=SCOPEDCONTENTCONDITION) - start
171165 [main] DEBUG org.dbunit.util.SQLHelper  - close(resultSet=org.apache.commons.dbcp.DelegatingResultSet@28975727) - start
171165 [main] DEBUG org.dbunit.util.QualifiedTableName  - getQualifiedNameIfEnabled(config=org.dbunit.database.DatabaseConfig[, _propertyMap={http://www.dbunit.org/properties/statementFactory=org.dbunit.database.statement.PreparedStatementFactory@626bc2b8, http://www.dbunit.org/features/caseSensitiveTableNames=false, http://www.dbunit.org/properties/fetchSize=100, http://www.dbunit.org/features/batchedStatements=false, http://www.dbunit.org/properties/metadataHandler=org.dbunit.database.DefaultMetadataHandler@62baffef, http://www.dbunit.org/properties/datatypeFactory=org.dbunit.dataset.datatype.DefaultDataTypeFactory[_toleratedDeltaMap=org.dbunit.dataset.datatype.ToleratedDeltaMap@6452310a], http://www.dbunit.org/properties/escapePattern=null, http://www.dbunit.org/properties/batchSize=100, http://www.dbunit.org/features/qualifiedTableNames=false, http://www.dbunit.org/properties/tableType=[Ljava.lang.String;@5011bafa, http://www.dbunit.org/properties/resultSetTableFactory=org.dbunit.database.CachedResultSetTableFactory@10bcf083, http://www.dbunit.org/features/datatypeWarning=true}]) - start
171165 [main] TRACE org.dbunit.database.DatabaseConfig  - getFeature(name=http://www.dbunit.org/features/qualifiedTableNames) - start
171165 [main] TRACE org.dbunit.database.DatabaseConfig  - getProperty(name=http://www.dbunit.org/features/qualifiedTableNames) - start
171165 [main] DEBUG org.dbunit.util.QualifiedTableName  - Qualified table names feature is disabled. Returning plain table name
171165 [main] DEBUG org.dbunit.util.QualifiedTableName  - getQualifiedName(prefix=null, name=SCOPEDCONTENTCONDITION, escapePattern=null) - start
171168 [main] DEBUG org.dbunit.util.QualifiedTableName  - getQualifiedNameIfEnabled(config=org.dbunit.database.DatabaseConfig[, _propertyMap={http://www.dbunit.org/properties/statementFactory=org.dbunit.database.statement.PreparedStatementFactory@626bc2b8, http://www.dbunit.org/features/caseSensitiveTableNames=false, http://www.dbunit.org/properties/fetchSize=100, http://www.dbunit.org/features/batchedStatements=false, http://www.dbunit.org/properties/metadataHandler=org.dbunit.database.DefaultMetadataHandler@62baffef, http://www.dbunit.org/properties/datatypeFactory=org.dbunit.dataset.datatype.DefaultDataTypeFactory[_toleratedDeltaMap=org.dbunit.dataset.datatype.ToleratedDeltaMap@6452310a], http://www.dbunit.org/properties/escapePattern=null, http://www.dbunit.org/properties/batchSize=100, http://www.dbunit.org/features/qualifiedTableNames=false, http://www.dbunit.org/properties/tableType=[Ljava.lang.String;@5011bafa, http://www.dbunit.org/properties/resultSetTableFactory=org.dbunit.database.CachedResultSetTableFactory@10bcf083, http://www.dbunit.org/features/datatypeWarning=true}]) - start
171169 [main] TRACE org.dbunit.database.DatabaseConfig  - getFeature(name=http://www.dbunit.org/features/qualifiedTableNames) - start
171169 [main] TRACE org.dbunit.database.DatabaseConfig  - getProperty(name=http://www.dbunit.org/features/qualifiedTableNames) - start
171169 [main] DEBUG org.dbunit.util.QualifiedTableName  - Qualified table names feature is disabled. Returning plain table name
171169 [main] DEBUG org.dbunit.util.QualifiedTableName  - getQualifiedName(prefix=null, name=NESTEDSCOPEDCONTENTCONDITIONS, escapePattern=null) - start
171169 [main] DEBUG org.dbunit.database.search.AbstractMetaDataBasedSearchCallback  - newEdge(rs=org.apache.commons.dbcp.DelegatingResultSet@5028bc52, type=1, from=SCOPEDCONTENTCONDITION, to=NESTEDSCOPEDCONTENTCONDITIONS, fkColumn=CHILD_CONDITION_ID, pkColumn=ID) - start
171169 [main] DEBUG org.dbunit.database.search.AbstractMetaDataBasedSearchCallback  - createFKEdge(rs=org.apache.commons.dbcp.DelegatingResultSet@5028bc52, type=1, from=SCOPEDCONTENTCONDITION, to=NESTEDSCOPEDCONTENTCONDITIONS, fkColumn=CHILD_CONDITION_ID, pkColumn=ID) - start
171169 [main] DEBUG org.dbunit.database.search.AbstractMetaDataBasedSearchCallback  - Adding edge NESTEDSCOPEDCONTENTCONDITIONS(CHILD_CONDITION_ID)->SCOPEDCONTENTCONDITION(ID)
171169 [main] DEBUG org.dbunit.util.search.Edge  - compareTo(o=NESTEDSCOPEDCONTENTCONDITIONS(CHILD_CONDITION_ID)->SCOPEDCONTENTCONDITION(ID)) - start
171169 [main] DEBUG org.dbunit.util.QualifiedTableName  - getQualifiedNameIfEnabled(config=org.dbunit.database.DatabaseConfig[, _propertyMap={http://www.dbunit.org/properties/statementFactory=org.dbunit.database.statement.PreparedStatementFactory@626bc2b8, http://www.dbunit.org/features/caseSensitiveTableNames=false, http://www.dbunit.org/properties/fetchSize=100, http://www.dbunit.org/features/batchedStatements=false, http://www.dbunit.org/properties/metadataHandler=org.dbunit.database.DefaultMetadataHandler@62baffef, http://www.dbunit.org/properties/datatypeFactory=org.dbunit.dataset.datatype.DefaultDataTypeFactory[_toleratedDeltaMap=org.dbunit.dataset.datatype.ToleratedDeltaMap@6452310a], http://www.dbunit.org/properties/escapePattern=null, http://www.dbunit.org/properties/batchSize=100, http://www.dbunit.org/features/qualifiedTableNames=false, http://www.dbunit.org/properties/tableType=[Ljava.lang.String;@5011bafa, http://www.dbunit.org/properties/resultSetTableFactory=org.dbunit.database.CachedResultSetTableFactory@10bcf083, http://www.dbunit.org/features/datatypeWarning=true}]) - start
171169 [main] TRACE org.dbunit.database.DatabaseConfig  - getFeature(name=http://www.dbunit.org/features/qualifiedTableNames) - start
171169 [main] TRACE org.dbunit.database.DatabaseConfig  - getProperty(name=http://www.dbunit.org/features/qualifiedTableNames) - start
171169 [main] DEBUG org.dbunit.util.QualifiedTableName  - Qualified table names feature is disabled. Returning plain table name
171169 [main] DEBUG org.dbunit.util.QualifiedTableName  - getQualifiedName(prefix=null, name=SCOPEDCONTENTCONDITION, escapePattern=null) - start
171169 [main] DEBUG org.dbunit.util.QualifiedTableName  - getQualifiedNameIfEnabled(config=org.dbunit.database.DatabaseConfig[, _propertyMap={http://www.dbunit.org/properties/statementFactory=org.dbunit.database.statement.PreparedStatementFactory@626bc2b8, http://www.dbunit.org/features/caseSensitiveTableNames=false, http://www.dbunit.org/properties/fetchSize=100, http://www.dbunit.org/features/batchedStatements=false, http://www.dbunit.org/properties/metadataHandler=org.dbunit.database.DefaultMetadataHandler@62baffef, http://www.dbunit.org/properties/datatypeFactory=org.dbunit.dataset.datatype.DefaultDataTypeFactory[_toleratedDeltaMap=org.dbunit.dataset.datatype.ToleratedDeltaMap@6452310a], http://www.dbunit.org/properties/escapePattern=null, http://www.dbunit.org/properties/batchSize=100, http://www.dbunit.org/features/qualifiedTableNames=false, http://www.dbunit.org/properties/tableType=[Ljava.lang.String;@5011bafa, http://www.dbunit.org/properties/resultSetTableFactory=org.dbunit.database.CachedResultSetTableFactory@10bcf083, http://www.dbunit.org/features/datatypeWarning=true}]) - start
171169 [main] TRACE org.dbunit.database.DatabaseConfig  - getFeature(name=http://www.dbunit.org/features/qualifiedTableNames) - start
171169 [main] TRACE org.dbunit.database.DatabaseConfig  - getProperty(name=http://www.dbunit.org/features/qualifiedTableNames) - start
171169 [main] DEBUG org.dbunit.util.QualifiedTableName  - Qualified table names feature is disabled. Returning plain table name
171169 [main] DEBUG org.dbunit.util.QualifiedTableName  - getQualifiedName(prefix=null, name=NESTEDSCOPEDCONTENTCONDITIONS, escapePattern=null) - start
171169 [main] DEBUG org.dbunit.database.search.AbstractMetaDataBasedSearchCallback  - newEdge(rs=org.apache.commons.dbcp.DelegatingResultSet@5028bc52, type=1, from=SCOPEDCONTENTCONDITION, to=NESTEDSCOPEDCONTENTCONDITIONS, fkColumn=PARENT_CONDITION_ID, pkColumn=ID) - start
171169 [main] DEBUG org.dbunit.database.search.AbstractMetaDataBasedSearchCallback  - createFKEdge(rs=org.apache.commons.dbcp.DelegatingResultSet@5028bc52, type=1, from=SCOPEDCONTENTCONDITION, to=NESTEDSCOPEDCONTENTCONDITIONS, fkColumn=PARENT_CONDITION_ID, pkColumn=ID) - start
171169 [main] DEBUG org.dbunit.database.search.AbstractMetaDataBasedSearchCallback  - Adding edge NESTEDSCOPEDCONTENTCONDITIONS(PARENT_CONDITION_ID)->SCOPEDCONTENTCONDITION(ID)
171169 [main] DEBUG org.dbunit.util.search.Edge  - compareTo(o=NESTEDSCOPEDCONTENTCONDITIONS(CHILD_CONDITION_ID)->SCOPEDCONTENTCONDITION(ID)) - start
171169 [main] DEBUG org.dbunit.util.QualifiedTableName  - getQualifiedNameIfEnabled(config=org.dbunit.database.DatabaseConfig[, _propertyMap={http://www.dbunit.org/properties/statementFactory=org.dbunit.database.statement.PreparedStatementFactory@626bc2b8, http://www.dbunit.org/features/caseSensitiveTableNames=false, http://www.dbunit.org/properties/fetchSize=100, http://www.dbunit.org/features/batchedStatements=false, http://www.dbunit.org/properties/metadataHandler=org.dbunit.database.DefaultMetadataHandler@62baffef, http://www.dbunit.org/properties/datatypeFactory=org.dbunit.dataset.datatype.DefaultDataTypeFactory[_toleratedDeltaMap=org.dbunit.dataset.datatype.ToleratedDeltaMap@6452310a], http://www.dbunit.org/properties/escapePattern=null, http://www.dbunit.org/properties/batchSize=100, http://www.dbunit.org/features/qualifiedTableNames=false, http://www.dbunit.org/properties/tableType=[Ljava.lang.String;@5011bafa, http://www.dbunit.org/properties/resultSetTableFactory=org.dbunit.database.CachedResultSetTableFactory@10bcf083, http://www.dbunit.org/features/datatypeWarning=true}]) - start
171170 [main] TRACE org.dbunit.database.DatabaseConfig  - getFeature(name=http://www.dbunit.org/features/qualifiedTableNames) - start
171170 [main] TRACE org.dbunit.database.DatabaseConfig  - getProperty(name=http://www.dbunit.org/features/qualifiedTableNames) - start
171170 [main] DEBUG org.dbunit.util.QualifiedTableName  - Qualified table names feature is disabled. Returning plain table name
171170 [main] DEBUG org.dbunit.util.QualifiedTableName  - getQualifiedName(prefix=null, name=SCOPEDCONTENTCONDITION, escapePattern=null) - start
171170 [main] DEBUG org.dbunit.util.QualifiedTableName  - getQualifiedNameIfEnabled(config=org.dbunit.database.DatabaseConfig[, _propertyMap={http://www.dbunit.org/properties/statementFactory=org.dbunit.database.statement.PreparedStatementFactory@626bc2b8, http://www.dbunit.org/features/caseSensitiveTableNames=false, http://www.dbunit.org/properties/fetchSize=100, http://www.dbunit.org/features/batchedStatements=false, http://www.dbunit.org/properties/metadataHandler=org.dbunit.database.DefaultMetadataHandler@62baffef, http://www.dbunit.org/properties/datatypeFactory=org.dbunit.dataset.datatype.DefaultDataTypeFactory[_toleratedDeltaMap=org.dbunit.dataset.datatype.ToleratedDeltaMap@6452310a], http://www.dbunit.org/properties/escapePattern=null, http://www.dbunit.org/properties/batchSize=100, http://www.dbunit.org/features/qualifiedTableNames=false, http://www.dbunit.org/properties/tableType=[Ljava.lang.String;@5011bafa, http://www.dbunit.org/properties/resultSetTableFactory=org.dbunit.database.CachedResultSetTableFactory@10bcf083, http://www.dbunit.org/features/datatypeWarning=true}]) - start
171170 [main] TRACE org.dbunit.database.DatabaseConfig  - getFeature(name=http://www.dbunit.org/features/qualifiedTableNames) - start
171170 [main] TRACE org.dbunit.database.DatabaseConfig  - getProperty(name=http://www.dbunit.org/features/qualifiedTableNames) - start
171170 [main] DEBUG org.dbunit.util.QualifiedTableName  - Qualified table names feature is disabled. Returning plain table name
171170 [main] DEBUG org.dbunit.util.QualifiedTableName  - getQualifiedName(prefix=null, name=SCOPEDCONTENTCONDITIONATTRIBUTE, escapePattern=null) - start
171170 [main] DEBUG org.dbunit.database.search.AbstractMetaDataBasedSearchCallback  - newEdge(rs=org.apache.commons.dbcp.DelegatingResultSet@5028bc52, type=1, from=SCOPEDCONTENTCONDITION, to=SCOPEDCONTENTCONDITIONATTRIBUTE, fkColumn=SCOPEDCONTENTCONDITION, pkColumn=ID) - start
171170 [main] DEBUG org.dbunit.database.search.AbstractMetaDataBasedSearchCallback  - createFKEdge(rs=org.apache.commons.dbcp.DelegatingResultSet@5028bc52, type=1, from=SCOPEDCONTENTCONDITION, to=SCOPEDCONTENTCONDITIONATTRIBUTE, fkColumn=SCOPEDCONTENTCONDITION, pkColumn=ID) - start
171170 [main] DEBUG org.dbunit.database.search.AbstractMetaDataBasedSearchCallback  - Adding edge SCOPEDCONTENTCONDITIONATTRIBUTE(SCOPEDCONTENTCONDITION)->SCOPEDCONTENTCONDITION(ID)
171170 [main] DEBUG org.dbunit.util.search.Edge  - compareTo(o=NESTEDSCOPEDCONTENTCONDITIONS(CHILD_CONDITION_ID)->SCOPEDCONTENTCONDITION(ID)) - start
171170 [main] DEBUG org.dbunit.util.QualifiedTableName  - getQualifiedNameIfEnabled(config=org.dbunit.database.DatabaseConfig[, _propertyMap={http://www.dbunit.org/properties/statementFactory=org.dbunit.database.statement.PreparedStatementFactory@626bc2b8, http://www.dbunit.org/features/caseSensitiveTableNames=false, http://www.dbunit.org/properties/fetchSize=100, http://www.dbunit.org/features/batchedStatements=false, http://www.dbunit.org/properties/metadataHandler=org.dbunit.database.DefaultMetadataHandler@62baffef, http://www.dbunit.org/properties/datatypeFactory=org.dbunit.dataset.datatype.DefaultDataTypeFactory[_toleratedDeltaMap=org.dbunit.dataset.datatype.ToleratedDeltaMap@6452310a], http://www.dbunit.org/properties/escapePattern=null, http://www.dbunit.org/properties/batchSize=100, http://www.dbunit.org/features/qualifiedTableNames=false, http://www.dbunit.org/properties/tableType=[Ljava.lang.String;@5011bafa, http://www.dbunit.org/properties/resultSetTableFactory=org.dbunit.database.CachedResultSetTableFactory@10bcf083, http://www.dbunit.org/features/datatypeWarning=true}]) - start
171170 [main] TRACE org.dbunit.database.DatabaseConfig  - getFeature(name=http://www.dbunit.org/features/qualifiedTableNames) - start
171170 [main] TRACE org.dbunit.database.DatabaseConfig  - getProperty(name=http://www.dbunit.org/features/qualifiedTableNames) - start
171170 [main] DEBUG org.dbunit.util.QualifiedTableName  - Qualified table names feature is disabled. Returning plain table name
171170 [main] DEBUG org.dbunit.util.QualifiedTableName  - getQualifiedName(prefix=null, name=SCOPEDCONTENTCONDITION, escapePattern=null) - start
171170 [main] DEBUG org.dbunit.util.QualifiedTableName  - getQualifiedNameIfEnabled(config=org.dbunit.database.DatabaseConfig[, _propertyMap={http://www.dbunit.org/properties/statementFactory=org.dbunit.database.statement.PreparedStatementFactory@626bc2b8, http://www.dbunit.org/features/caseSensitiveTableNames=false, http://www.dbunit.org/properties/fetchSize=100, http://www.dbunit.org/features/batchedStatements=false, http://www.dbunit.org/properties/metadataHandler=org.dbunit.database.DefaultMetadataHandler@62baffef, http://www.dbunit.org/properties/datatypeFactory=org.dbunit.dataset.datatype.DefaultDataTypeFactory[_toleratedDeltaMap=org.dbunit.dataset.datatype.ToleratedDeltaMap@6452310a], http://www.dbunit.org/properties/escapePattern=null, http://www.dbunit.org/properties/batchSize=100, http://www.dbunit.org/features/qualifiedTableNames=false, http://www.dbunit.org/properties/tableType=[Ljava.lang.String;@5011bafa, http://www.dbunit.org/properties/resultSetTableFactory=org.dbunit.database.CachedResultSetTableFactory@10bcf083, http://www.dbunit.org/features/datatypeWarning=true}]) - start
171170 [main] TRACE org.dbunit.database.DatabaseConfig  - getFeature(name=http://www.dbunit.org/features/qualifiedTableNames) - start
171171 [main] TRACE org.dbunit.database.DatabaseConfig  - getProperty(name=http://www.dbunit.org/features/qualifiedTableNames) - start
171171 [main] DEBUG org.dbunit.util.QualifiedTableName  - Qualified table names feature is disabled. Returning plain table name
171171 [main] DEBUG org.dbunit.util.QualifiedTableName  - getQualifiedName(prefix=null, name=SCOPEDCONTENTCONDITIONS_SCOPEDCONTENT, escapePattern=null) - start
171171 [main] DEBUG org.dbunit.database.search.AbstractMetaDataBasedSearchCallback  - newEdge(rs=org.apache.commons.dbcp.DelegatingResultSet@5028bc52, type=1, from=SCOPEDCONTENTCONDITION, to=SCOPEDCONTENTCONDITIONS_SCOPEDCONTENT, fkColumn=SCOPED_CONTENT_CONDITION_ID, pkColumn=ID) - start
171171 [main] DEBUG org.dbunit.database.search.AbstractMetaDataBasedSearchCallback  - createFKEdge(rs=org.apache.commons.dbcp.DelegatingResultSet@5028bc52, type=1, from=SCOPEDCONTENTCONDITION, to=SCOPEDCONTENTCONDITIONS_SCOPEDCONTENT, fkColumn=SCOPED_CONTENT_CONDITION_ID, pkColumn=ID) - start
171171 [main] DEBUG org.dbunit.database.search.AbstractMetaDataBasedSearchCallback  - Adding edge SCOPEDCONTENTCONDITIONS_SCOPEDCONTENT(SCOPED_CONTENT_CONDITION_ID)->SCOPEDCONTENTCONDITION(ID)
171171 [main] DEBUG org.dbunit.util.search.Edge  - compareTo(o=NESTEDSCOPEDCONTENTCONDITIONS(CHILD_CONDITION_ID)->SCOPEDCONTENTCONDITION(ID)) - start
171171 [main] DEBUG org.dbunit.util.search.Edge  - compareTo(o=SCOPEDCONTENTCONDITIONATTRIBUTE(SCOPEDCONTENTCONDITION)->SCOPEDCONTENTCONDITION(ID)) - start
171171 [main] DEBUG org.dbunit.util.QualifiedTableName  - getQualifiedNameIfEnabled(config=org.dbunit.database.DatabaseConfig[, _propertyMap={http://www.dbunit.org/properties/statementFactory=org.dbunit.database.statement.PreparedStatementFactory@626bc2b8, http://www.dbunit.org/features/caseSensitiveTableNames=false, http://www.dbunit.org/properties/fetchSize=100, http://www.dbunit.org/features/batchedStatements=false, http://www.dbunit.org/properties/metadataHandler=org.dbunit.database.DefaultMetadataHandler@62baffef, http://www.dbunit.org/properties/datatypeFactory=org.dbunit.dataset.datatype.DefaultDataTypeFactory[_toleratedDeltaMap=org.dbunit.dataset.datatype.ToleratedDeltaMap@6452310a], http://www.dbunit.org/properties/escapePattern=null, http://www.dbunit.org/properties/batchSize=100, http://www.dbunit.org/features/qualifiedTableNames=false, http://www.dbunit.org/properties/tableType=[Ljava.lang.String;@5011bafa, http://www.dbunit.org/properties/resultSetTableFactory=org.dbunit.database.CachedResultSetTableFactory@10bcf083, http://www.dbunit.org/features/datatypeWarning=true}]) - start
171171 [main] TRACE org.dbunit.database.DatabaseConfig  - getFeature(name=http://www.dbunit.org/features/qualifiedTableNames) - start
171171 [main] TRACE org.dbunit.database.DatabaseConfig  - getProperty(name=http://www.dbunit.org/features/qualifiedTableNames) - start
171171 [main] DEBUG org.dbunit.util.QualifiedTableName  - Qualified table names feature is disabled. Returning plain table name
171171 [main] DEBUG org.dbunit.util.QualifiedTableName  - getQualifiedName(prefix=null, name=SCOPEDCONTENTCONDITION, escapePattern=null) - start
171171 [main] DEBUG org.dbunit.util.QualifiedTableName  - getQualifiedNameIfEnabled(config=org.dbunit.database.DatabaseConfig[, _propertyMap={http://www.dbunit.org/properties/statementFactory=org.dbunit.database.statement.PreparedStatementFactory@626bc2b8, http://www.dbunit.org/features/caseSensitiveTableNames=false, http://www.dbunit.org/properties/fetchSize=100, http://www.dbunit.org/features/batchedStatements=false, http://www.dbunit.org/properties/metadataHandler=org.dbunit.database.DefaultMetadataHandler@62baffef, http://www.dbunit.org/properties/datatypeFactory=org.dbunit.dataset.datatype.DefaultDataTypeFactory[_toleratedDeltaMap=org.dbunit.dataset.datatype.ToleratedDeltaMap@6452310a], http://www.dbunit.org/properties/escapePattern=null, http://www.dbunit.org/properties/batchSize=100, http://www.dbunit.org/features/qualifiedTableNames=false, http://www.dbunit.org/properties/tableType=[Ljava.lang.String;@5011bafa, http://www.dbunit.org/properties/resultSetTableFactory=org.dbunit.database.CachedResultSetTableFactory@10bcf083, http://www.dbunit.org/features/datatypeWarning=true}]) - start
171171 [main] TRACE org.dbunit.database.DatabaseConfig  - getFeature(name=http://www.dbunit.org/features/qualifiedTableNames) - start
171171 [main] TRACE org.dbunit.database.DatabaseConfig  - getProperty(name=http://www.dbunit.org/features/qualifiedTableNames) - start
171171 [main] DEBUG org.dbunit.util.QualifiedTableName  - Qualified table names feature is disabled. Returning plain table name
171171 [main] DEBUG org.dbunit.util.QualifiedTableName  - getQualifiedName(prefix=null, name=SCOPEDCONTENTCONDITIONS_SCOPEDCONTENTITEM, escapePattern=null) - start
171171 [main] DEBUG org.dbunit.database.search.AbstractMetaDataBasedSearchCallback  - newEdge(rs=org.apache.commons.dbcp.DelegatingResultSet@5028bc52, type=1, from=SCOPEDCONTENTCONDITION, to=SCOPEDCONTENTCONDITIONS_SCOPEDCONTENTITEM, fkColumn=SCOPED_CONTENT_CONDITION_ID, pkColumn=ID) - start
171171 [main] DEBUG org.dbunit.database.search.AbstractMetaDataBasedSearchCallback  - createFKEdge(rs=org.apache.commons.dbcp.DelegatingResultSet@5028bc52, type=1, from=SCOPEDCONTENTCONDITION, to=SCOPEDCONTENTCONDITIONS_SCOPEDCONTENTITEM, fkColumn=SCOPED_CONTENT_CONDITION_ID, pkColumn=ID) - start
171171 [main] DEBUG org.dbunit.database.search.AbstractMetaDataBasedSearchCallback  - Adding edge SCOPEDCONTENTCONDITIONS_SCOPEDCONTENTITEM(SCOPED_CONTENT_CONDITION_ID)->SCOPEDCONTENTCONDITION(ID)
171172 [main] DEBUG org.dbunit.util.search.Edge  - compareTo(o=SCOPEDCONTENTCONDITIONATTRIBUTE(SCOPEDCONTENTCONDITION)->SCOPEDCONTENTCONDITION(ID)) - start
171172 [main] DEBUG org.dbunit.util.search.Edge  - compareTo(o=SCOPEDCONTENTCONDITIONS_SCOPEDCONTENT(SCOPED_CONTENT_CONDITION_ID)->SCOPEDCONTENTCONDITION(ID)) - start
171172 [main] DEBUG org.dbunit.util.SQLHelper  - close(resultSet=org.apache.commons.dbcp.DelegatingResultSet@5028bc52) - start
171172 [main] DEBUG org.dbunit.util.search.DepthFirstSearch  - reverseSearch:NESTEDSCOPEDCONTENTCONDITIONS
171172 [main] DEBUG org.dbunit.database.search.ExportedKeysSearchCallback  - searchNode(node=NESTEDSCOPEDCONTENTCONDITIONS) - start
171172 [main] DEBUG org.dbunit.util.search.DepthFirstSearch  - Pushing (reverse) NESTEDSCOPEDCONTENTCONDITIONS
171172 [main] DEBUG org.dbunit.database.search.ExportedKeysSearchCallback  - getEdges(node=NESTEDSCOPEDCONTENTCONDITIONS) - start
171172 [main] DEBUG org.dbunit.database.search.AbstractMetaDataBasedSearchCallback  - getNodesFromExportedKeys(node=NESTEDSCOPEDCONTENTCONDITIONS) - start
171172 [main] DEBUG org.dbunit.database.search.AbstractMetaDataBasedSearchCallback  - getNodes(type=1, node=NESTEDSCOPEDCONTENTCONDITIONS) - start
171172 [main] DEBUG org.dbunit.database.DatabaseDataSourceConnection  - getConnection() - start
171172 [main] DEBUG org.dbunit.database.search.AbstractMetaDataBasedSearchCallback  - getNodes(type=1, node=NESTEDSCOPEDCONTENTCONDITIONS, conn=Transaction-aware proxy for target Connection [jdbc:hsqldb:mem:kontrollDS, UserName=sw, HSQL Database Engine Driver], schema=null, metaData=org.apache.commons.dbcp.DelegatingDatabaseMetaData@2263d49b, edges=[]) - start
171172 [main] DEBUG org.dbunit.database.search.AbstractMetaDataBasedSearchCallback  - Getting edges for node NESTEDSCOPEDCONTENTCONDITIONS
171172 [main] TRACE org.dbunit.database.DatabaseConfig  - getProperty(name=http://www.dbunit.org/properties/metadataHandler) - start
171172 [main] TRACE org.dbunit.database.DefaultMetadataHandler  - tableExists(metaData=org.apache.commons.dbcp.DelegatingDatabaseMetaData@2263d49b, schemaName=null, tableName=NESTEDSCOPEDCONTENTCONDITIONS) - start
171173 [main] DEBUG org.dbunit.util.SQLHelper  - close(resultSet=org.apache.commons.dbcp.DelegatingResultSet@6c3e4d3b) - start
171174 [main] DEBUG org.dbunit.util.SQLHelper  - close(resultSet=org.apache.commons.dbcp.DelegatingResultSet@51b50633) - start
171174 [main] DEBUG org.dbunit.util.search.DepthFirstSearch  - reverseSearch:SCOPEDCONTENTCONDITIONATTRIBUTE
171174 [main] DEBUG org.dbunit.database.search.ExportedKeysSearchCallback  - searchNode(node=SCOPEDCONTENTCONDITIONATTRIBUTE) - start
171174 [main] DEBUG org.dbunit.util.search.DepthFirstSearch  - Pushing (reverse) SCOPEDCONTENTCONDITIONATTRIBUTE
171174 [main] DEBUG org.dbunit.util.search.DepthFirstSearch  - reverseSearch:SCOPEDCONTENTCONDITIONS_SCOPEDCONTENT
171174 [main] DEBUG org.dbunit.database.search.ExportedKeysSearchCallback  - searchNode(node=SCOPEDCONTENTCONDITIONS_SCOPEDCONTENT) - start
171174 [main] DEBUG org.dbunit.util.search.DepthFirstSearch  - Pushing (reverse) SCOPEDCONTENTCONDITIONS_SCOPEDCONTENT
171174 [main] DEBUG org.dbunit.util.search.DepthFirstSearch  - reverseSearch:SCOPEDCONTENTCONDITIONS_SCOPEDCONTENTITEM
171174 [main] DEBUG org.dbunit.database.search.ExportedKeysSearchCallback  - searchNode(node=SCOPEDCONTENTCONDITIONS_SCOPEDCONTENTITEM) - start
171174 [main] DEBUG org.dbunit.util.search.DepthFirstSearch  - Pushing (reverse) SCOPEDCONTENTCONDITIONS_SCOPEDCONTENTITEM
171174 [main] DEBUG org.dbunit.util.search.DepthFirstSearch  - search:NESTEDSCOPEDCONTENTCONDITIONS
171174 [main] DEBUG org.dbunit.database.search.ExportedKeysSearchCallback  - searchNode(node=NESTEDSCOPEDCONTENTCONDITIONS) - start
171174 [main] DEBUG org.dbunit.util.search.DepthFirstSearch  - Pushing NESTEDSCOPEDCONTENTCONDITIONS
171174 [main] DEBUG org.dbunit.database.search.ExportedKeysSearchCallback  - getEdges(node=NESTEDSCOPEDCONTENTCONDITIONS) - start
171174 [main] DEBUG org.dbunit.database.search.AbstractMetaDataBasedSearchCallback  - getNodesFromExportedKeys(node=NESTEDSCOPEDCONTENTCONDITIONS) - start
171174 [main] DEBUG org.dbunit.database.search.AbstractMetaDataBasedSearchCallback  - getNodes(type=1, node=NESTEDSCOPEDCONTENTCONDITIONS) - start
171174 [main] DEBUG org.dbunit.database.DatabaseDataSourceConnection  - getConnection() - start
171174 [main] DEBUG org.dbunit.database.search.AbstractMetaDataBasedSearchCallback  - getNodes(type=1, node=NESTEDSCOPEDCONTENTCONDITIONS, conn=Transaction-aware proxy for target Connection [jdbc:hsqldb:mem:kontrollDS, UserName=sw, HSQL Database Engine Driver], schema=null, metaData=org.apache.commons.dbcp.DelegatingDatabaseMetaData@43aa282d, edges=[]) - start
171174 [main] DEBUG org.dbunit.database.search.AbstractMetaDataBasedSearchCallback  - Getting edges for node NESTEDSCOPEDCONTENTCONDITIONS
171174 [main] TRACE org.dbunit.database.DatabaseConfig  - getProperty(name=http://www.dbunit.org/properties/metadataHandler) - start
171174 [main] TRACE org.dbunit.database.DefaultMetadataHandler  - tableExists(metaData=org.apache.commons.dbcp.DelegatingDatabaseMetaData@43aa282d, schemaName=null, tableName=NESTEDSCOPEDCONTENTCONDITIONS) - start
171175 [main] DEBUG org.dbunit.util.SQLHelper  - close(resultSet=org.apache.commons.dbcp.DelegatingResultSet@2ece8906) - start
171176 [main] DEBUG org.dbunit.util.SQLHelper  - close(resultSet=org.apache.commons.dbcp.DelegatingResultSet@4ca682a1) - start
171176 [main] DEBUG org.dbunit.util.search.DepthFirstSearch  - Adding node NESTEDSCOPEDCONTENTCONDITIONS to the final result
171176 [main] DEBUG org.dbunit.util.search.DepthFirstSearch  - search:SCOPEDCONTENTCONDITIONATTRIBUTE
171176 [main] DEBUG org.dbunit.database.search.ExportedKeysSearchCallback  - searchNode(node=SCOPEDCONTENTCONDITIONATTRIBUTE) - start
171176 [main] DEBUG org.dbunit.util.search.DepthFirstSearch  - Pushing SCOPEDCONTENTCONDITIONATTRIBUTE
171176 [main] DEBUG org.dbunit.database.search.ExportedKeysSearchCallback  - getEdges(node=SCOPEDCONTENTCONDITIONATTRIBUTE) - start
171176 [main] DEBUG org.dbunit.database.search.AbstractMetaDataBasedSearchCallback  - getNodesFromExportedKeys(node=SCOPEDCONTENTCONDITIONATTRIBUTE) - start
171176 [main] DEBUG org.dbunit.database.search.AbstractMetaDataBasedSearchCallback  - getNodes(type=1, node=SCOPEDCONTENTCONDITIONATTRIBUTE) - start
171176 [main] DEBUG org.dbunit.database.DatabaseDataSourceConnection  - getConnection() - start
171176 [main] DEBUG org.dbunit.database.search.AbstractMetaDataBasedSearchCallback  - getNodes(type=1, node=SCOPEDCONTENTCONDITIONATTRIBUTE, conn=Transaction-aware proxy for target Connection [jdbc:hsqldb:mem:kontrollDS, UserName=sw, HSQL Database Engine Driver], schema=null, metaData=org.apache.commons.dbcp.DelegatingDatabaseMetaData@47ca3f57, edges=[]) - start
171176 [main] DEBUG org.dbunit.database.search.AbstractMetaDataBasedSearchCallback  - Getting edges for node SCOPEDCONTENTCONDITIONATTRIBUTE
171176 [main] TRACE org.dbunit.database.DatabaseConfig  - getProperty(name=http://www.dbunit.org/properties/metadataHandler) - start
171176 [main] TRACE org.dbunit.database.DefaultMetadataHandler  - tableExists(metaData=org.apache.commons.dbcp.DelegatingDatabaseMetaData@47ca3f57, schemaName=null, tableName=SCOPEDCONTENTCONDITIONATTRIBUTE) - start
171177 [main] DEBUG org.dbunit.util.SQLHelper  - close(resultSet=org.apache.commons.dbcp.DelegatingResultSet@53eac602) - start
171177 [main] DEBUG org.dbunit.util.SQLHelper  - close(resultSet=org.apache.commons.dbcp.DelegatingResultSet@6196a7c9) - start
171177 [main] DEBUG org.dbunit.util.search.DepthFirstSearch  - Adding node SCOPEDCONTENTCONDITIONATTRIBUTE to the final result
171177 [main] DEBUG org.dbunit.util.search.DepthFirstSearch  - search:SCOPEDCONTENTCONDITIONS_SCOPEDCONTENT
171177 [main] DEBUG org.dbunit.database.search.ExportedKeysSearchCallback  - searchNode(node=SCOPEDCONTENTCONDITIONS_SCOPEDCONTENT) - start
171177 [main] DEBUG org.dbunit.util.search.DepthFirstSearch  - Pushing SCOPEDCONTENTCONDITIONS_SCOPEDCONTENT
171177 [main] DEBUG org.dbunit.database.search.ExportedKeysSearchCallback  - getEdges(node=SCOPEDCONTENTCONDITIONS_SCOPEDCONTENT) - start
171177 [main] DEBUG org.dbunit.database.search.AbstractMetaDataBasedSearchCallback  - getNodesFromExportedKeys(node=SCOPEDCONTENTCONDITIONS_SCOPEDCONTENT) - start
171177 [main] DEBUG org.dbunit.database.search.AbstractMetaDataBasedSearchCallback  - getNodes(type=1, node=SCOPEDCONTENTCONDITIONS_SCOPEDCONTENT) - start
171178 [main] DEBUG org.dbunit.database.DatabaseDataSourceConnection  - getConnection() - start
171178 [main] DEBUG org.dbunit.database.search.AbstractMetaDataBasedSearchCallback  - getNodes(type=1, node=SCOPEDCONTENTCONDITIONS_SCOPEDCONTENT, conn=Transaction-aware proxy for target Connection [jdbc:hsqldb:mem:kontrollDS, UserName=sw, HSQL Database Engine Driver], schema=null, metaData=org.apache.commons.dbcp.DelegatingDatabaseMetaData@69e1af2c, edges=[]) - start
171178 [main] DEBUG org.dbunit.database.search.AbstractMetaDataBasedSearchCallback  - Getting edges for node SCOPEDCONTENTCONDITIONS_SCOPEDCONTENT
171178 [main] TRACE org.dbunit.database.DatabaseConfig  - getProperty(name=http://www.dbunit.org/properties/metadataHandler) - start
171178 [main] TRACE org.dbunit.database.DefaultMetadataHandler  - tableExists(metaData=org.apache.commons.dbcp.DelegatingDatabaseMetaData@69e1af2c, schemaName=null, tableName=SCOPEDCONTENTCONDITIONS_SCOPEDCONTENT) - start
171179 [main] DEBUG org.dbunit.util.SQLHelper  - close(resultSet=org.apache.commons.dbcp.DelegatingResultSet@bdb4c64) - start
171179 [main] DEBUG org.dbunit.util.SQLHelper  - close(resultSet=org.apache.commons.dbcp.DelegatingResultSet@75e8d3c9) - start
171179 [main] DEBUG org.dbunit.util.search.DepthFirstSearch  - Adding node SCOPEDCONTENTCONDITIONS_SCOPEDCONTENT to the final result
171179 [main] DEBUG org.dbunit.util.search.DepthFirstSearch  - search:SCOPEDCONTENTCONDITIONS_SCOPEDCONTENTITEM
171179 [main] DEBUG org.dbunit.database.search.ExportedKeysSearchCallback  - searchNode(node=SCOPEDCONTENTCONDITIONS_SCOPEDCONTENTITEM) - start
171179 [main] DEBUG org.dbunit.util.search.DepthFirstSearch  - Pushing SCOPEDCONTENTCONDITIONS_SCOPEDCONTENTITEM
171179 [main] DEBUG org.dbunit.database.search.ExportedKeysSearchCallback  - getEdges(node=SCOPEDCONTENTCONDITIONS_SCOPEDCONTENTITEM) - start
171179 [main] DEBUG org.dbunit.database.search.AbstractMetaDataBasedSearchCallback  - getNodesFromExportedKeys(node=SCOPEDCONTENTCONDITIONS_SCOPEDCONTENTITEM) - start
171179 [main] DEBUG org.dbunit.database.search.AbstractMetaDataBasedSearchCallback  - getNodes(type=1, node=SCOPEDCONTENTCONDITIONS_SCOPEDCONTENTITEM) - start
171179 [main] DEBUG org.dbunit.database.DatabaseDataSourceConnection  - getConnection() - start
171179 [main] DEBUG org.dbunit.database.search.AbstractMetaDataBasedSearchCallback  - getNodes(type=1, node=SCOPEDCONTENTCONDITIONS_SCOPEDCONTENTITEM, conn=Transaction-aware proxy for target Connection [jdbc:hsqldb:mem:kontrollDS, UserName=sw, HSQL Database Engine Driver], schema=null, metaData=org.apache.commons.dbcp.DelegatingDatabaseMetaData@8a86d99, edges=[]) - start
171179 [main] DEBUG org.dbunit.database.search.AbstractMetaDataBasedSearchCallback  - Getting edges for node SCOPEDCONTENTCONDITIONS_SCOPEDCONTENTITEM
171179 [main] TRACE org.dbunit.database.DatabaseConfig  - getProperty(name=http://www.dbunit.org/properties/metadataHandler) - start
171180 [main] TRACE org.dbunit.database.DefaultMetadataHandler  - tableExists(metaData=org.apache.commons.dbcp.DelegatingDatabaseMetaData@8a86d99, schemaName=null, tableName=SCOPEDCONTENTCONDITIONS_SCOPEDCONTENTITEM) - start
171181 [main] DEBUG org.dbunit.util.SQLHelper  - close(resultSet=org.apache.commons.dbcp.DelegatingResultSet@7e6d624f) - start
171181 [main] DEBUG org.dbunit.util.SQLHelper  - close(resultSet=org.apache.commons.dbcp.DelegatingResultSet@7beab7c0) - start
171181 [main] DEBUG org.dbunit.util.search.DepthFirstSearch  - Adding node SCOPEDCONTENTCONDITIONS_SCOPEDCONTENTITEM to the final result
171181 [main] DEBUG org.dbunit.util.search.DepthFirstSearch  - search:SCOPEDCONTENTCONDITION
171181 [main] DEBUG org.dbunit.database.search.ExportedKeysSearchCallback  - searchNode(node=SCOPEDCONTENTCONDITION) - start
171181 [main] DEBUG org.dbunit.util.search.DepthFirstSearch  - Pushing SCOPEDCONTENTCONDITION
171181 [main] DEBUG org.dbunit.database.search.ExportedKeysSearchCallback  - getEdges(node=SCOPEDCONTENTCONDITION) - start
171181 [main] DEBUG org.dbunit.database.search.AbstractMetaDataBasedSearchCallback  - getNodesFromExportedKeys(node=SCOPEDCONTENTCONDITION) - start
171181 [main] DEBUG org.dbunit.database.search.AbstractMetaDataBasedSearchCallback  - getNodes(type=1, node=SCOPEDCONTENTCONDITION) - start
171181 [main] DEBUG org.dbunit.database.DatabaseDataSourceConnection  - getConnection() - start
171181 [main] DEBUG org.dbunit.database.search.AbstractMetaDataBasedSearchCallback  - getNodes(type=1, node=SCOPEDCONTENTCONDITION, conn=Transaction-aware proxy for target Connection [jdbc:hsqldb:mem:kontrollDS, UserName=sw, HSQL Database Engine Driver], schema=null, metaData=org.apache.commons.dbcp.DelegatingDatabaseMetaData@6ec5ddce, edges=[]) - start
171181 [main] DEBUG org.dbunit.database.search.AbstractMetaDataBasedSearchCallback  - Getting edges for node SCOPEDCONTENTCONDITION
171181 [main] TRACE org.dbunit.database.DatabaseConfig  - getProperty(name=http://www.dbunit.org/properties/metadataHandler) - start
171181 [main] TRACE org.dbunit.database.DefaultMetadataHandler  - tableExists(metaData=org.apache.commons.dbcp.DelegatingDatabaseMetaData@6ec5ddce, schemaName=null, tableName=SCOPEDCONTENTCONDITION) - start
171182 [main] DEBUG org.dbunit.util.SQLHelper  - close(resultSet=org.apache.commons.dbcp.DelegatingResultSet@754c9c78) - start
171183 [main] DEBUG org.dbunit.util.QualifiedTableName  - getQualifiedNameIfEnabled(config=org.dbunit.database.DatabaseConfig[, _propertyMap={http://www.dbunit.org/properties/statementFactory=org.dbunit.database.statement.PreparedStatementFactory@626bc2b8, http://www.dbunit.org/features/caseSensitiveTableNames=false, http://www.dbunit.org/properties/fetchSize=100, http://www.dbunit.org/features/batchedStatements=false, http://www.dbunit.org/properties/metadataHandler=org.dbunit.database.DefaultMetadataHandler@62baffef, http://www.dbunit.org/properties/datatypeFactory=org.dbunit.dataset.datatype.DefaultDataTypeFactory[_toleratedDeltaMap=org.dbunit.dataset.datatype.ToleratedDeltaMap@6452310a], http://www.dbunit.org/properties/escapePattern=null, http://www.dbunit.org/properties/batchSize=100, http://www.dbunit.org/features/qualifiedTableNames=false, http://www.dbunit.org/properties/tableType=[Ljava.lang.String;@5011bafa, http://www.dbunit.org/properties/resultSetTableFactory=org.dbunit.database.CachedResultSetTableFactory@10bcf083, http://www.dbunit.org/features/datatypeWarning=true}]) - start
171183 [main] TRACE org.dbunit.database.DatabaseConfig  - getFeature(name=http://www.dbunit.org/features/qualifiedTableNames) - start
171183 [main] TRACE org.dbunit.database.DatabaseConfig  - getProperty(name=http://www.dbunit.org/features/qualifiedTableNames) - start
171183 [main] DEBUG org.dbunit.util.QualifiedTableName  - Qualified table names feature is disabled. Returning plain table name
171183 [main] DEBUG org.dbunit.util.QualifiedTableName  - getQualifiedName(prefix=null, name=SCOPEDCONTENTCONDITION, escapePattern=null) - start
171183 [main] DEBUG org.dbunit.util.QualifiedTableName  - getQualifiedNameIfEnabled(config=org.dbunit.database.DatabaseConfig[, _propertyMap={http://www.dbunit.org/properties/statementFactory=org.dbunit.database.statement.PreparedStatementFactory@626bc2b8, http://www.dbunit.org/features/caseSensitiveTableNames=false, http://www.dbunit.org/properties/fetchSize=100, http://www.dbunit.org/features/batchedStatements=false, http://www.dbunit.org/properties/metadataHandler=org.dbunit.database.DefaultMetadataHandler@62baffef, http://www.dbunit.org/properties/datatypeFactory=org.dbunit.dataset.datatype.DefaultDataTypeFactory[_toleratedDeltaMap=org.dbunit.dataset.datatype.ToleratedDeltaMap@6452310a], http://www.dbunit.org/properties/escapePattern=null, http://www.dbunit.org/properties/batchSize=100, http://www.dbunit.org/features/qualifiedTableNames=false, http://www.dbunit.org/properties/tableType=[Ljava.lang.String;@5011bafa, http://www.dbunit.org/properties/resultSetTableFactory=org.dbunit.database.CachedResultSetTableFactory@10bcf083, http://www.dbunit.org/features/datatypeWarning=true}]) - start
171183 [main] TRACE org.dbunit.database.DatabaseConfig  - getFeature(name=http://www.dbunit.org/features/qualifiedTableNames) - start
171183 [main] TRACE org.dbunit.database.DatabaseConfig  - getProperty(name=http://www.dbunit.org/features/qualifiedTableNames) - start
171183 [main] DEBUG org.dbunit.util.QualifiedTableName  - Qualified table names feature is disabled. Returning plain table name
171183 [main] DEBUG org.dbunit.util.QualifiedTableName  - getQualifiedName(prefix=null, name=NESTEDSCOPEDCONTENTCONDITIONS, escapePattern=null) - start
171183 [main] DEBUG org.dbunit.database.search.AbstractMetaDataBasedSearchCallback  - newEdge(rs=org.apache.commons.dbcp.DelegatingResultSet@245062a0, type=1, from=SCOPEDCONTENTCONDITION, to=NESTEDSCOPEDCONTENTCONDITIONS, fkColumn=CHILD_CONDITION_ID, pkColumn=ID) - start
171183 [main] DEBUG org.dbunit.database.search.AbstractMetaDataBasedSearchCallback  - createFKEdge(rs=org.apache.commons.dbcp.DelegatingResultSet@245062a0, type=1, from=SCOPEDCONTENTCONDITION, to=NESTEDSCOPEDCONTENTCONDITIONS, fkColumn=CHILD_CONDITION_ID, pkColumn=ID) - start
171183 [main] DEBUG org.dbunit.database.search.AbstractMetaDataBasedSearchCallback  - Adding edge NESTEDSCOPEDCONTENTCONDITIONS(CHILD_CONDITION_ID)->SCOPEDCONTENTCONDITION(ID)
171183 [main] DEBUG org.dbunit.util.search.Edge  - compareTo(o=NESTEDSCOPEDCONTENTCONDITIONS(CHILD_CONDITION_ID)->SCOPEDCONTENTCONDITION(ID)) - start
171183 [main] DEBUG org.dbunit.util.QualifiedTableName  - getQualifiedNameIfEnabled(config=org.dbunit.database.DatabaseConfig[, _propertyMap={http://www.dbunit.org/properties/statementFactory=org.dbunit.database.statement.PreparedStatementFactory@626bc2b8, http://www.dbunit.org/features/caseSensitiveTableNames=false, http://www.dbunit.org/properties/fetchSize=100, http://www.dbunit.org/features/batchedStatements=false, http://www.dbunit.org/properties/metadataHandler=org.dbunit.database.DefaultMetadataHandler@62baffef, http://www.dbunit.org/properties/datatypeFactory=org.dbunit.dataset.datatype.DefaultDataTypeFactory[_toleratedDeltaMap=org.dbunit.dataset.datatype.ToleratedDeltaMap@6452310a], http://www.dbunit.org/properties/escapePattern=null, http://www.dbunit.org/properties/batchSize=100, http://www.dbunit.org/features/qualifiedTableNames=false, http://www.dbunit.org/properties/tableType=[Ljava.lang.String;@5011bafa, http://www.dbunit.org/properties/resultSetTableFactory=org.dbunit.database.CachedResultSetTableFactory@10bcf083, http://www.dbunit.org/features/datatypeWarning=true}]) - start
171183 [main] TRACE org.dbunit.database.DatabaseConfig  - getFeature(name=http://www.dbunit.org/features/qualifiedTableNames) - start
171184 [main] TRACE org.dbunit.database.DatabaseConfig  - getProperty(name=http://www.dbunit.org/features/qualifiedTableNames) - start
171184 [main] DEBUG org.dbunit.util.QualifiedTableName  - Qualified table names feature is disabled. Returning plain table name
171184 [main] DEBUG org.dbunit.util.QualifiedTableName  - getQualifiedName(prefix=null, name=SCOPEDCONTENTCONDITION, escapePattern=null) - start
171184 [main] DEBUG org.dbunit.util.QualifiedTableName  - getQualifiedNameIfEnabled(config=org.dbunit.database.DatabaseConfig[, _propertyMap={http://www.dbunit.org/properties/statementFactory=org.dbunit.database.statement.PreparedStatementFactory@626bc2b8, http://www.dbunit.org/features/caseSensitiveTableNames=false, http://www.dbunit.org/properties/fetchSize=100, http://www.dbunit.org/features/batchedStatements=false, http://www.dbunit.org/properties/metadataHandler=org.dbunit.database.DefaultMetadataHandler@62baffef, http://www.dbunit.org/properties/datatypeFactory=org.dbunit.dataset.datatype.DefaultDataTypeFactory[_toleratedDeltaMap=org.dbunit.dataset.datatype.ToleratedDeltaMap@6452310a], http://www.dbunit.org/properties/escapePattern=null, http://www.dbunit.org/properties/batchSize=100, http://www.dbunit.org/features/qualifiedTableNames=false, http://www.dbunit.org/properties/tableType=[Ljava.lang.String;@5011bafa, http://www.dbunit.org/properties/resultSetTableFactory=org.dbunit.database.CachedResultSetTableFactory@10bcf083, http://www.dbunit.org/features/datatypeWarning=true}]) - start
171184 [main] TRACE org.dbunit.database.DatabaseConfig  - getFeature(name=http://www.dbunit.org/features/qualifiedTableNames) - start
171184 [main] TRACE org.dbunit.database.DatabaseConfig  - getProperty(name=http://www.dbunit.org/features/qualifiedTableNames) - start
171184 [main] DEBUG org.dbunit.util.QualifiedTableName  - Qualified table names feature is disabled. Returning plain table name
171184 [main] DEBUG org.dbunit.util.QualifiedTableName  - getQualifiedName(prefix=null, name=NESTEDSCOPEDCONTENTCONDITIONS, escapePattern=null) - start
171184 [main] DEBUG org.dbunit.database.search.AbstractMetaDataBasedSearchCallback  - newEdge(rs=org.apache.commons.dbcp.DelegatingResultSet@245062a0, type=1, from=SCOPEDCONTENTCONDITION, to=NESTEDSCOPEDCONTENTCONDITIONS, fkColumn=PARENT_CONDITION_ID, pkColumn=ID) - start
171184 [main] DEBUG org.dbunit.database.search.AbstractMetaDataBasedSearchCallback  - createFKEdge(rs=org.apache.commons.dbcp.DelegatingResultSet@245062a0, type=1, from=SCOPEDCONTENTCONDITION, to=NESTEDSCOPEDCONTENTCONDITIONS, fkColumn=PARENT_CONDITION_ID, pkColumn=ID) - start
171184 [main] DEBUG org.dbunit.database.search.AbstractMetaDataBasedSearchCallback  - Adding edge NESTEDSCOPEDCONTENTCONDITIONS(PARENT_CONDITION_ID)->SCOPEDCONTENTCONDITION(ID)
171184 [main] DEBUG org.dbunit.util.search.Edge  - compareTo(o=NESTEDSCOPEDCONTENTCONDITIONS(CHILD_CONDITION_ID)->SCOPEDCONTENTCONDITION(ID)) - start
171184 [main] DEBUG org.dbunit.util.QualifiedTableName  - getQualifiedNameIfEnabled(config=org.dbunit.database.DatabaseConfig[, _propertyMap={http://www.dbunit.org/properties/statementFactory=org.dbunit.database.statement.PreparedStatementFactory@626bc2b8, http://www.dbunit.org/features/caseSensitiveTableNames=false, http://www.dbunit.org/properties/fetchSize=100, http://www.dbunit.org/features/batchedStatements=false, http://www.dbunit.org/properties/metadataHandler=org.dbunit.database.DefaultMetadataHandler@62baffef, http://www.dbunit.org/properties/datatypeFactory=org.dbunit.dataset.datatype.DefaultDataTypeFactory[_toleratedDeltaMap=org.dbunit.dataset.datatype.ToleratedDeltaMap@6452310a], http://www.dbunit.org/properties/escapePattern=null, http://www.dbunit.org/properties/batchSize=100, http://www.dbunit.org/features/qualifiedTableNames=false, http://www.dbunit.org/properties/tableType=[Ljava.lang.String;@5011bafa, http://www.dbunit.org/properties/resultSetTableFactory=org.dbunit.database.CachedResultSetTableFactory@10bcf083, http://www.dbunit.org/features/datatypeWarning=true}]) - start
171184 [main] TRACE org.dbunit.database.DatabaseConfig  - getFeature(name=http://www.dbunit.org/features/qualifiedTableNames) - start
171184 [main] TRACE org.dbunit.database.DatabaseConfig  - getProperty(name=http://www.dbunit.org/features/qualifiedTableNames) - start
171184 [main] DEBUG org.dbunit.util.QualifiedTableName  - Qualified table names feature is disabled. Returning plain table name
171184 [main] DEBUG org.dbunit.util.QualifiedTableName  - getQualifiedName(prefix=null, name=SCOPEDCONTENTCONDITION, escapePattern=null) - start
171184 [main] DEBUG org.dbunit.util.QualifiedTableName  - getQualifiedNameIfEnabled(config=org.dbunit.database.DatabaseConfig[, _propertyMap={http://www.dbunit.org/properties/statementFactory=org.dbunit.database.statement.PreparedStatementFactory@626bc2b8, http://www.dbunit.org/features/caseSensitiveTableNames=false, http://www.dbunit.org/properties/fetchSize=100, http://www.dbunit.org/features/batchedStatements=false, http://www.dbunit.org/properties/metadataHandler=org.dbunit.database.DefaultMetadataHandler@62baffef, http://www.dbunit.org/properties/datatypeFactory=org.dbunit.dataset.datatype.DefaultDataTypeFactory[_toleratedDeltaMap=org.dbunit.dataset.datatype.ToleratedDeltaMap@6452310a], http://www.dbunit.org/properties/escapePattern=null, http://www.dbunit.org/properties/batchSize=100, http://www.dbunit.org/features/qualifiedTableNames=false, http://www.dbunit.org/properties/tableType=[Ljava.lang.String;@5011bafa, http://www.dbunit.org/properties/resultSetTableFactory=org.dbunit.database.CachedResultSetTableFactory@10bcf083, http://www.dbunit.org/features/datatypeWarning=true}]) - start
171184 [main] TRACE org.dbunit.database.DatabaseConfig  - getFeature(name=http://www.dbunit.org/features/qualifiedTableNames) - start
171184 [main] TRACE org.dbunit.database.DatabaseConfig  - getProperty(name=http://www.dbunit.org/features/qualifiedTableNames) - start
171184 [main] DEBUG org.dbunit.util.QualifiedTableName  - Qualified table names feature is disabled. Returning plain table name
171184 [main] DEBUG org.dbunit.util.QualifiedTableName  - getQualifiedName(prefix=null, name=SCOPEDCONTENTCONDITIONATTRIBUTE, escapePattern=null) - start
171185 [main] DEBUG org.dbunit.database.search.AbstractMetaDataBasedSearchCallback  - newEdge(rs=org.apache.commons.dbcp.DelegatingResultSet@245062a0, type=1, from=SCOPEDCONTENTCONDITION, to=SCOPEDCONTENTCONDITIONATTRIBUTE, fkColumn=SCOPEDCONTENTCONDITION, pkColumn=ID) - start
171185 [main] DEBUG org.dbunit.database.search.AbstractMetaDataBasedSearchCallback  - createFKEdge(rs=org.apache.commons.dbcp.DelegatingResultSet@245062a0, type=1, from=SCOPEDCONTENTCONDITION, to=SCOPEDCONTENTCONDITIONATTRIBUTE, fkColumn=SCOPEDCONTENTCONDITION, pkColumn=ID) - start
171185 [main] DEBUG org.dbunit.database.search.AbstractMetaDataBasedSearchCallback  - Adding edge SCOPEDCONTENTCONDITIONATTRIBUTE(SCOPEDCONTENTCONDITION)->SCOPEDCONTENTCONDITION(ID)
171185 [main] DEBUG org.dbunit.util.search.Edge  - compareTo(o=NESTEDSCOPEDCONTENTCONDITIONS(CHILD_CONDITION_ID)->SCOPEDCONTENTCONDITION(ID)) - start
171185 [main] DEBUG org.dbunit.util.QualifiedTableName  - getQualifiedNameIfEnabled(config=org.dbunit.database.DatabaseConfig[, _propertyMap={http://www.dbunit.org/properties/statementFactory=org.dbunit.database.statement.PreparedStatementFactory@626bc2b8, http://www.dbunit.org/features/caseSensitiveTableNames=false, http://www.dbunit.org/properties/fetchSize=100, http://www.dbunit.org/features/batchedStatements=false, http://www.dbunit.org/properties/metadataHandler=org.dbunit.database.DefaultMetadataHandler@62baffef, http://www.dbunit.org/properties/datatypeFactory=org.dbunit.dataset.datatype.DefaultDataTypeFactory[_toleratedDeltaMap=org.dbunit.dataset.datatype.ToleratedDeltaMap@6452310a], http://www.dbunit.org/properties/escapePattern=null, http://www.dbunit.org/properties/batchSize=100, http://www.dbunit.org/features/qualifiedTableNames=false, http://www.dbunit.org/properties/tableType=[Ljava.lang.String;@5011bafa, http://www.dbunit.org/properties/resultSetTableFactory=org.dbunit.database.CachedResultSetTableFactory@10bcf083, http://www.dbunit.org/features/datatypeWarning=true}]) - start
171185 [main] TRACE org.dbunit.database.DatabaseConfig  - getFeature(name=http://www.dbunit.org/features/qualifiedTableNames) - start
171185 [main] TRACE org.dbunit.database.DatabaseConfig  - getProperty(name=http://www.dbunit.org/features/qualifiedTableNames) - start
171185 [main] DEBUG org.dbunit.util.QualifiedTableName  - Qualified table names feature is disabled. Returning plain table name
171185 [main] DEBUG org.dbunit.util.QualifiedTableName  - getQualifiedName(prefix=null, name=SCOPEDCONTENTCONDITION, escapePattern=null) - start
171185 [main] DEBUG org.dbunit.util.QualifiedTableName  - getQualifiedNameIfEnabled(config=org.dbunit.database.DatabaseConfig[, _propertyMap={http://www.dbunit.org/properties/statementFactory=org.dbunit.database.statement.PreparedStatementFactory@626bc2b8, http://www.dbunit.org/features/caseSensitiveTableNames=false, http://www.dbunit.org/properties/fetchSize=100, http://www.dbunit.org/features/batchedStatements=false, http://www.dbunit.org/properties/metadataHandler=org.dbunit.database.DefaultMetadataHandler@62baffef, http://www.dbunit.org/properties/datatypeFactory=org.dbunit.dataset.datatype.DefaultDataTypeFactory[_toleratedDeltaMap=org.dbunit.dataset.datatype.ToleratedDeltaMap@6452310a], http://www.dbunit.org/properties/escapePattern=null, http://www.dbunit.org/properties/batchSize=100, http://www.dbunit.org/features/qualifiedTableNames=false, http://www.dbunit.org/properties/tableType=[Ljava.lang.String;@5011bafa, http://www.dbunit.org/properties/resultSetTableFactory=org.dbunit.database.CachedResultSetTableFactory@10bcf083, http://www.dbunit.org/features/datatypeWarning=true}]) - start
171185 [main] TRACE org.dbunit.database.DatabaseConfig  - getFeature(name=http://www.dbunit.org/features/qualifiedTableNames) - start
171185 [main] TRACE org.dbunit.database.DatabaseConfig  - getProperty(name=http://www.dbunit.org/features/qualifiedTableNames) - start
171185 [main] DEBUG org.dbunit.util.QualifiedTableName  - Qualified table names feature is disabled. Returning plain table name
171185 [main] DEBUG org.dbunit.util.QualifiedTableName  - getQualifiedName(prefix=null, name=SCOPEDCONTENTCONDITIONS_SCOPEDCONTENT, escapePattern=null) - start
171185 [main] DEBUG org.dbunit.database.search.AbstractMetaDataBasedSearchCallback  - newEdge(rs=org.apache.commons.dbcp.DelegatingResultSet@245062a0, type=1, from=SCOPEDCONTENTCONDITION, to=SCOPEDCONTENTCONDITIONS_SCOPEDCONTENT, fkColumn=SCOPED_CONTENT_CONDITION_ID, pkColumn=ID) - start
171185 [main] DEBUG org.dbunit.database.search.AbstractMetaDataBasedSearchCallback  - createFKEdge(rs=org.apache.commons.dbcp.DelegatingResultSet@245062a0, type=1, from=SCOPEDCONTENTCONDITION, to=SCOPEDCONTENTCONDITIONS_SCOPEDCONTENT, fkColumn=SCOPED_CONTENT_CONDITION_ID, pkColumn=ID) - start
171185 [main] DEBUG org.dbunit.database.search.AbstractMetaDataBasedSearchCallback  - Adding edge SCOPEDCONTENTCONDITIONS_SCOPEDCONTENT(SCOPED_CONTENT_CONDITION_ID)->SCOPEDCONTENTCONDITION(ID)
171185 [main] DEBUG org.dbunit.util.search.Edge  - compareTo(o=NESTEDSCOPEDCONTENTCONDITIONS(CHILD_CONDITION_ID)->SCOPEDCONTENTCONDITION(ID)) - start
171185 [main] DEBUG org.dbunit.util.search.Edge  - compareTo(o=SCOPEDCONTENTCONDITIONATTRIBUTE(SCOPEDCONTENTCONDITION)->SCOPEDCONTENTCONDITION(ID)) - start
171185 [main] DEBUG org.dbunit.util.QualifiedTableName  - getQualifiedNameIfEnabled(config=org.dbunit.database.DatabaseConfig[, _propertyMap={http://www.dbunit.org/properties/statementFactory=org.dbunit.database.statement.PreparedStatementFactory@626bc2b8, http://www.dbunit.org/features/caseSensitiveTableNames=false, http://www.dbunit.org/properties/fetchSize=100, http://www.dbunit.org/features/batchedStatements=false, http://www.dbunit.org/properties/metadataHandler=org.dbunit.database.DefaultMetadataHandler@62baffef, http://www.dbunit.org/properties/datatypeFactory=org.dbunit.dataset.datatype.DefaultDataTypeFactory[_toleratedDeltaMap=org.dbunit.dataset.datatype.ToleratedDeltaMap@6452310a], http://www.dbunit.org/properties/escapePattern=null, http://www.dbunit.org/properties/batchSize=100, http://www.dbunit.org/features/qualifiedTableNames=false, http://www.dbunit.org/properties/tableType=[Ljava.lang.String;@5011bafa, http://www.dbunit.org/properties/resultSetTableFactory=org.dbunit.database.CachedResultSetTableFactory@10bcf083, http://www.dbunit.org/features/datatypeWarning=true}]) - start
171185 [main] TRACE org.dbunit.database.DatabaseConfig  - getFeature(name=http://www.dbunit.org/features/qualifiedTableNames) - start
171185 [main] TRACE org.dbunit.database.DatabaseConfig  - getProperty(name=http://www.dbunit.org/features/qualifiedTableNames) - start
171185 [main] DEBUG org.dbunit.util.QualifiedTableName  - Qualified table names feature is disabled. Returning plain table name
171186 [main] DEBUG org.dbunit.util.QualifiedTableName  - getQualifiedName(prefix=null, name=SCOPEDCONTENTCONDITION, escapePattern=null) - start
171186 [main] DEBUG org.dbunit.util.QualifiedTableName  - getQualifiedNameIfEnabled(config=org.dbunit.database.DatabaseConfig[, _propertyMap={http://www.dbunit.org/properties/statementFactory=org.dbunit.database.statement.PreparedStatementFactory@626bc2b8, http://www.dbunit.org/features/caseSensitiveTableNames=false, http://www.dbunit.org/properties/fetchSize=100, http://www.dbunit.org/features/batchedStatements=false, http://www.dbunit.org/properties/metadataHandler=org.dbunit.database.DefaultMetadataHandler@62baffef, http://www.dbunit.org/properties/datatypeFactory=org.dbunit.dataset.datatype.DefaultDataTypeFactory[_toleratedDeltaMap=org.dbunit.dataset.datatype.ToleratedDeltaMap@6452310a], http://www.dbunit.org/properties/escapePattern=null, http://www.dbunit.org/properties/batchSize=100, http://www.dbunit.org/features/qualifiedTableNames=false, http://www.dbunit.org/properties/tableType=[Ljava.lang.String;@5011bafa, http://www.dbunit.org/properties/resultSetTableFactory=org.dbunit.database.CachedResultSetTableFactory@10bcf083, http://www.dbunit.org/features/datatypeWarning=true}]) - start
171186 [main] TRACE org.dbunit.database.DatabaseConfig  - getFeature(name=http://www.dbunit.org/features/qualifiedTableNames) - start
171186 [main] TRACE org.dbunit.database.DatabaseConfig  - getProperty(name=http://www.dbunit.org/features/qualifiedTableNames) - start
171186 [main] DEBUG org.dbunit.util.QualifiedTableName  - Qualified table names feature is disabled. Returning plain table name
171186 [main] DEBUG org.dbunit.util.QualifiedTableName  - getQualifiedName(prefix=null, name=SCOPEDCONTENTCONDITIONS_SCOPEDCONTENTITEM, escapePattern=null) - start
171186 [main] DEBUG org.dbunit.database.search.AbstractMetaDataBasedSearchCallback  - newEdge(rs=org.apache.commons.dbcp.DelegatingResultSet@245062a0, type=1, from=SCOPEDCONTENTCONDITION, to=SCOPEDCONTENTCONDITIONS_SCOPEDCONTENTITEM, fkColumn=SCOPED_CONTENT_CONDITION_ID, pkColumn=ID) - start
171186 [main] DEBUG org.dbunit.database.search.AbstractMetaDataBasedSearchCallback  - createFKEdge(rs=org.apache.commons.dbcp.DelegatingResultSet@245062a0, type=1, from=SCOPEDCONTENTCONDITION, to=SCOPEDCONTENTCONDITIONS_SCOPEDCONTENTITEM, fkColumn=SCOPED_CONTENT_CONDITION_ID, pkColumn=ID) - start
171186 [main] DEBUG org.dbunit.database.search.AbstractMetaDataBasedSearchCallback  - Adding edge SCOPEDCONTENTCONDITIONS_SCOPEDCONTENTITEM(SCOPED_CONTENT_CONDITION_ID)->SCOPEDCONTENTCONDITION(ID)
171186 [main] DEBUG org.dbunit.util.search.Edge  - compareTo(o=SCOPEDCONTENTCONDITIONATTRIBUTE(SCOPEDCONTENTCONDITION)->SCOPEDCONTENTCONDITION(ID)) - start
171186 [main] DEBUG org.dbunit.util.search.Edge  - compareTo(o=SCOPEDCONTENTCONDITIONS_SCOPEDCONTENT(SCOPED_CONTENT_CONDITION_ID)->SCOPEDCONTENTCONDITION(ID)) - start
171186 [main] DEBUG org.dbunit.util.SQLHelper  - close(resultSet=org.apache.commons.dbcp.DelegatingResultSet@245062a0) - start
171186 [main] DEBUG org.dbunit.util.search.DepthFirstSearch  - search:SCOPEDCONTENTCONDITION
171186 [main] DEBUG org.dbunit.util.search.DepthFirstSearch  - already searched; returning true
171186 [main] DEBUG org.dbunit.util.search.DepthFirstSearch  - search:SCOPEDCONTENTCONDITION
171186 [main] DEBUG org.dbunit.util.search.DepthFirstSearch  - already searched; returning true
171186 [main] DEBUG org.dbunit.util.search.DepthFirstSearch  - search:SCOPEDCONTENTCONDITION
171186 [main] DEBUG org.dbunit.util.search.DepthFirstSearch  - already searched; returning true
171186 [main] DEBUG org.dbunit.util.search.DepthFirstSearch  - search:SCOPEDCONTENTCONDITION
171186 [main] DEBUG org.dbunit.util.search.DepthFirstSearch  - already searched; returning true
171186 [main] DEBUG org.dbunit.util.search.DepthFirstSearch  - Adding node SCOPEDCONTENTCONDITION to the final result
171187 [main] DEBUG org.dbunit.database.search.TablesDependencyHelper  - getDirectDependentTables(connection=_databaseConfig=org.dbunit.database.DatabaseConfig[, _propertyMap={http://www.dbunit.org/properties/statementFactory=org.dbunit.database.statement.PreparedStatementFactory@626bc2b8, http://www.dbunit.org/features/caseSensitiveTableNames=false, http://www.dbunit.org/properties/fetchSize=100, http://www.dbunit.org/features/batchedStatements=false, http://www.dbunit.org/properties/metadataHandler=org.dbunit.database.DefaultMetadataHandler@62baffef, http://www.dbunit.org/properties/datatypeFactory=org.dbunit.dataset.datatype.DefaultDataTypeFactory[_toleratedDeltaMap=org.dbunit.dataset.datatype.ToleratedDeltaMap@6452310a], http://www.dbunit.org/properties/escapePattern=null, http://www.dbunit.org/properties/batchSize=100, http://www.dbunit.org/features/qualifiedTableNames=false, http://www.dbunit.org/properties/tableType=[Ljava.lang.String;@5011bafa, http://www.dbunit.org/properties/resultSetTableFactory=org.dbunit.database.CachedResultSetTableFactory@10bcf083, http://www.dbunit.org/features/datatypeWarning=true}], _dataSet=AbstractDataSet[_orderedTableNameMap=null], tableName=SCOPEDCONTENTCONDITION) - start
171187 [main] DEBUG org.dbunit.util.search.DepthFirstSearch  - search(nodesFrom=[SCOPEDCONTENTCONDITION], callback=org.dbunit.database.search.ImportedKeysSearchCallback@5c8bec11) - start
171187 [main] DEBUG org.dbunit.util.CollectionsHelper  - objectsToSet(objects=SCOPEDCONTENTCONDITION) - start
171187 [main] DEBUG org.dbunit.util.search.DepthFirstSearch  - search(nodesFrom=[SCOPEDCONTENTCONDITION], callback=org.dbunit.database.search.ImportedKeysSearchCallback@5c8bec11) - start
171187 [main] DEBUG org.dbunit.util.search.DepthFirstSearch  - reverseSearch:SCOPEDCONTENTCONDITION
171187 [main] DEBUG org.dbunit.database.search.ImportedKeysSearchCallback  - searchNode(node=SCOPEDCONTENTCONDITION) - start
171187 [main] DEBUG org.dbunit.util.search.DepthFirstSearch  - Pushing (reverse) SCOPEDCONTENTCONDITION
171187 [main] DEBUG org.dbunit.database.search.ImportedKeysSearchCallback  - getEdges(node=SCOPEDCONTENTCONDITION) - start
171187 [main] DEBUG org.dbunit.database.search.AbstractMetaDataBasedSearchCallback  - getNodesFromImportedKeys(node=SCOPEDCONTENTCONDITION) - start
171187 [main] DEBUG org.dbunit.database.search.AbstractMetaDataBasedSearchCallback  - getNodes(type=0, node=SCOPEDCONTENTCONDITION) - start
171187 [main] DEBUG org.dbunit.database.DatabaseDataSourceConnection  - getConnection() - start
171187 [main] DEBUG org.dbunit.database.search.AbstractMetaDataBasedSearchCallback  - getNodes(type=0, node=SCOPEDCONTENTCONDITION, conn=Transaction-aware proxy for target Connection [jdbc:hsqldb:mem:kontrollDS, UserName=sw, HSQL Database Engine Driver], schema=null, metaData=org.apache.commons.dbcp.DelegatingDatabaseMetaData@66377f8e, edges=[]) - start
171187 [main] DEBUG org.dbunit.database.search.AbstractMetaDataBasedSearchCallback  - Getting edges for node SCOPEDCONTENTCONDITION
171187 [main] TRACE org.dbunit.database.DatabaseConfig  - getProperty(name=http://www.dbunit.org/properties/metadataHandler) - start
171187 [main] TRACE org.dbunit.database.DefaultMetadataHandler  - tableExists(metaData=org.apache.commons.dbcp.DelegatingDatabaseMetaData@66377f8e, schemaName=null, tableName=SCOPEDCONTENTCONDITION) - start
171188 [main] DEBUG org.dbunit.util.SQLHelper  - close(resultSet=org.apache.commons.dbcp.DelegatingResultSet@5b4b447a) - start
171188 [main] DEBUG org.dbunit.util.SQLHelper  - close(resultSet=org.apache.commons.dbcp.DelegatingResultSet@695d4f49) - start
171188 [main] DEBUG org.dbunit.util.search.DepthFirstSearch  - search:SCOPEDCONTENTCONDITION
171189 [main] DEBUG org.dbunit.database.search.ImportedKeysSearchCallback  - searchNode(node=SCOPEDCONTENTCONDITION) - start
171189 [main] DEBUG org.dbunit.util.search.DepthFirstSearch  - Pushing SCOPEDCONTENTCONDITION
171189 [main] DEBUG org.dbunit.database.search.ImportedKeysSearchCallback  - getEdges(node=SCOPEDCONTENTCONDITION) - start
171189 [main] DEBUG org.dbunit.database.search.AbstractMetaDataBasedSearchCallback  - getNodesFromImportedKeys(node=SCOPEDCONTENTCONDITION) - start
171189 [main] DEBUG org.dbunit.database.search.AbstractMetaDataBasedSearchCallback  - getNodes(type=0, node=SCOPEDCONTENTCONDITION) - start
171189 [main] DEBUG org.dbunit.database.DatabaseDataSourceConnection  - getConnection() - start
171189 [main] DEBUG org.dbunit.database.search.AbstractMetaDataBasedSearchCallback  - getNodes(type=0, node=SCOPEDCONTENTCONDITION, conn=Transaction-aware proxy for target Connection [jdbc:hsqldb:mem:kontrollDS, UserName=sw, HSQL Database Engine Driver], schema=null, metaData=org.apache.commons.dbcp.DelegatingDatabaseMetaData@6d0077a9, edges=[]) - start
171189 [main] DEBUG org.dbunit.database.search.AbstractMetaDataBasedSearchCallback  - Getting edges for node SCOPEDCONTENTCONDITION
171189 [main] TRACE org.dbunit.database.DatabaseConfig  - getProperty(name=http://www.dbunit.org/properties/metadataHandler) - start
171189 [main] TRACE org.dbunit.database.DefaultMetadataHandler  - tableExists(metaData=org.apache.commons.dbcp.DelegatingDatabaseMetaData@6d0077a9, schemaName=null, tableName=SCOPEDCONTENTCONDITION) - start
171190 [main] DEBUG org.dbunit.util.SQLHelper  - close(resultSet=org.apache.commons.dbcp.DelegatingResultSet@5e296e07) - start
171190 [main] DEBUG org.dbunit.util.SQLHelper  - close(resultSet=org.apache.commons.dbcp.DelegatingResultSet@7e2af0f7) - start
171190 [main] DEBUG org.dbunit.util.search.DepthFirstSearch  - Adding node SCOPEDCONTENTCONDITION to the final result
171190 [main] DEBUG org.dbunit.database.DatabaseSequenceFilter  - getDependencyInfo(connection=_databaseConfig=org.dbunit.database.DatabaseConfig[, _propertyMap={http://www.dbunit.org/properties/statementFactory=org.dbunit.database.statement.PreparedStatementFactory@626bc2b8, http://www.dbunit.org/features/caseSensitiveTableNames=false, http://www.dbunit.org/properties/fetchSize=100, http://www.dbunit.org/features/batchedStatements=false, http://www.dbunit.org/properties/metadataHandler=org.dbunit.database.DefaultMetadataHandler@62baffef, http://www.dbunit.org/properties/datatypeFactory=org.dbunit.dataset.datatype.DefaultDataTypeFactory[_toleratedDeltaMap=org.dbunit.dataset.datatype.ToleratedDeltaMap@6452310a], http://www.dbunit.org/properties/escapePattern=null, http://www.dbunit.org/properties/batchSize=100, http://www.dbunit.org/features/qualifiedTableNames=false, http://www.dbunit.org/properties/tableType=[Ljava.lang.String;@5011bafa, http://www.dbunit.org/properties/resultSetTableFactory=org.dbunit.database.CachedResultSetTableFactory@10bcf083, http://www.dbunit.org/features/datatypeWarning=true}], _dataSet=AbstractDataSet[_orderedTableNameMap=null], tableName=SCOPEDCONTENTCONDITIONATTRIBUTE) - start
171190 [main] DEBUG org.dbunit.database.search.TablesDependencyHelper  - getDependentTables(connection=_databaseConfig=org.dbunit.database.DatabaseConfig[, _propertyMap={http://www.dbunit.org/properties/statementFactory=org.dbunit.database.statement.PreparedStatementFactory@626bc2b8, http://www.dbunit.org/features/caseSensitiveTableNames=false, http://www.dbunit.org/properties/fetchSize=100, http://www.dbunit.org/features/batchedStatements=false, http://www.dbunit.org/properties/metadataHandler=org.dbunit.database.DefaultMetadataHandler@62baffef, http://www.dbunit.org/properties/datatypeFactory=org.dbunit.dataset.datatype.DefaultDataTypeFactory[_toleratedDeltaMap=org.dbunit.dataset.datatype.ToleratedDeltaMap@6452310a], http://www.dbunit.org/properties/escapePattern=null, http://www.dbunit.org/properties/batchSize=100, http://www.dbunit.org/features/qualifiedTableNames=false, http://www.dbunit.org/properties/tableType=[Ljava.lang.String;@5011bafa, http://www.dbunit.org/properties/resultSetTableFactory=org.dbunit.database.CachedResultSetTableFactory@10bcf083, http://www.dbunit.org/features/datatypeWarning=true}], _dataSet=AbstractDataSet[_orderedTableNameMap=null], rootTable=SCOPEDCONTENTCONDITIONATTRIBUTE) - start
171191 [main] DEBUG org.dbunit.database.search.TablesDependencyHelper  - getDependentTables(connection=_databaseConfig=org.dbunit.database.DatabaseConfig[, _propertyMap={http://www.dbunit.org/properties/statementFactory=org.dbunit.database.statement.PreparedStatementFactory@626bc2b8, http://www.dbunit.org/features/caseSensitiveTableNames=false, http://www.dbunit.org/properties/fetchSize=100, http://www.dbunit.org/features/batchedStatements=false, http://www.dbunit.org/properties/metadataHandler=org.dbunit.database.DefaultMetadataHandler@62baffef, http://www.dbunit.org/properties/datatypeFactory=org.dbunit.dataset.datatype.DefaultDataTypeFactory[_toleratedDeltaMap=org.dbunit.dataset.datatype.ToleratedDeltaMap@6452310a], http://www.dbunit.org/properties/escapePattern=null, http://www.dbunit.org/properties/batchSize=100, http://www.dbunit.org/features/qualifiedTableNames=false, http://www.dbunit.org/properties/tableType=[Ljava.lang.String;@5011bafa, http://www.dbunit.org/properties/resultSetTableFactory=org.dbunit.database.CachedResultSetTableFactory@10bcf083, http://www.dbunit.org/features/datatypeWarning=true}], _dataSet=AbstractDataSet[_orderedTableNameMap=null], rootTables=[SCOPEDCONTENTCONDITIONATTRIBUTE]) - start
171191 [main] DEBUG org.dbunit.util.search.DepthFirstSearch  - search(nodesFrom=[SCOPEDCONTENTCONDITIONATTRIBUTE], callback=org.dbunit.database.search.ImportedKeysSearchCallback@70175689) - start
171191 [main] DEBUG org.dbunit.util.CollectionsHelper  - objectsToSet(objects=SCOPEDCONTENTCONDITIONATTRIBUTE) - start
171191 [main] DEBUG org.dbunit.util.search.DepthFirstSearch  - search(nodesFrom=[SCOPEDCONTENTCONDITIONATTRIBUTE], callback=org.dbunit.database.search.ImportedKeysSearchCallback@70175689) - start
171191 [main] DEBUG org.dbunit.util.search.DepthFirstSearch  - reverseSearch:SCOPEDCONTENTCONDITIONATTRIBUTE
171191 [main] DEBUG org.dbunit.database.search.ImportedKeysSearchCallback  - searchNode(node=SCOPEDCONTENTCONDITIONATTRIBUTE) - start
171191 [main] DEBUG org.dbunit.util.search.DepthFirstSearch  - Pushing (reverse) SCOPEDCONTENTCONDITIONATTRIBUTE
171191 [main] DEBUG org.dbunit.database.search.ImportedKeysSearchCallback  - getEdges(node=SCOPEDCONTENTCONDITIONATTRIBUTE) - start
171191 [main] DEBUG org.dbunit.database.search.AbstractMetaDataBasedSearchCallback  - getNodesFromImportedKeys(node=SCOPEDCONTENTCONDITIONATTRIBUTE) - start
171191 [main] DEBUG org.dbunit.database.search.AbstractMetaDataBasedSearchCallback  - getNodes(type=0, node=SCOPEDCONTENTCONDITIONATTRIBUTE) - start
171191 [main] DEBUG org.dbunit.database.DatabaseDataSourceConnection  - getConnection() - start
171191 [main] DEBUG org.dbunit.database.search.AbstractMetaDataBasedSearchCallback  - getNodes(type=0, node=SCOPEDCONTENTCONDITIONATTRIBUTE, conn=Transaction-aware proxy for target Connection [jdbc:hsqldb:mem:kontrollDS, UserName=sw, HSQL Database Engine Driver], schema=null, metaData=org.apache.commons.dbcp.DelegatingDatabaseMetaData@c3275dd, edges=[]) - start
171191 [main] DEBUG org.dbunit.database.search.AbstractMetaDataBasedSearchCallback  - Getting edges for node SCOPEDCONTENTCONDITIONATTRIBUTE
171191 [main] TRACE org.dbunit.database.DatabaseConfig  - getProperty(name=http://www.dbunit.org/properties/metadataHandler) - start
171191 [main] TRACE org.dbunit.database.DefaultMetadataHandler  - tableExists(metaData=org.apache.commons.dbcp.DelegatingDatabaseMetaData@c3275dd, schemaName=null, tableName=SCOPEDCONTENTCONDITIONATTRIBUTE) - start
171192 [main] DEBUG org.dbunit.util.SQLHelper  - close(resultSet=org.apache.commons.dbcp.DelegatingResultSet@428dbfc3) - start
171193 [main] DEBUG org.dbunit.util.QualifiedTableName  - getQualifiedNameIfEnabled(config=org.dbunit.database.DatabaseConfig[, _propertyMap={http://www.dbunit.org/properties/statementFactory=org.dbunit.database.statement.PreparedStatementFactory@626bc2b8, http://www.dbunit.org/features/caseSensitiveTableNames=false, http://www.dbunit.org/properties/fetchSize=100, http://www.dbunit.org/features/batchedStatements=false, http://www.dbunit.org/properties/metadataHandler=org.dbunit.database.DefaultMetadataHandler@62baffef, http://www.dbunit.org/properties/datatypeFactory=org.dbunit.dataset.datatype.DefaultDataTypeFactory[_toleratedDeltaMap=org.dbunit.dataset.datatype.ToleratedDeltaMap@6452310a], http://www.dbunit.org/properties/escapePattern=null, http://www.dbunit.org/properties/batchSize=100, http://www.dbunit.org/features/qualifiedTableNames=false, http://www.dbunit.org/properties/tableType=[Ljava.lang.String;@5011bafa, http://www.dbunit.org/properties/resultSetTableFactory=org.dbunit.database.CachedResultSetTableFactory@10bcf083, http://www.dbunit.org/features/datatypeWarning=true}]) - start
171193 [main] TRACE org.dbunit.database.DatabaseConfig  - getFeature(name=http://www.dbunit.org/features/qualifiedTableNames) - start
171193 [main] TRACE org.dbunit.database.DatabaseConfig  - getProperty(name=http://www.dbunit.org/features/qualifiedTableNames) - start
171193 [main] DEBUG org.dbunit.util.QualifiedTableName  - Qualified table names feature is disabled. Returning plain table name
171193 [main] DEBUG org.dbunit.util.QualifiedTableName  - getQualifiedName(prefix=null, name=SCOPEDCONTENTCONDITIONATTRIBUTE, escapePattern=null) - start
171193 [main] DEBUG org.dbunit.util.QualifiedTableName  - getQualifiedNameIfEnabled(config=org.dbunit.database.DatabaseConfig[, _propertyMap={http://www.dbunit.org/properties/statementFactory=org.dbunit.database.statement.PreparedStatementFactory@626bc2b8, http://www.dbunit.org/features/caseSensitiveTableNames=false, http://www.dbunit.org/properties/fetchSize=100, http://www.dbunit.org/features/batchedStatements=false, http://www.dbunit.org/properties/metadataHandler=org.dbunit.database.DefaultMetadataHandler@62baffef, http://www.dbunit.org/properties/datatypeFactory=org.dbunit.dataset.datatype.DefaultDataTypeFactory[_toleratedDeltaMap=org.dbunit.dataset.datatype.ToleratedDeltaMap@6452310a], http://www.dbunit.org/properties/escapePattern=null, http://www.dbunit.org/properties/batchSize=100, http://www.dbunit.org/features/qualifiedTableNames=false, http://www.dbunit.org/properties/tableType=[Ljava.lang.String;@5011bafa, http://www.dbunit.org/properties/resultSetTableFactory=org.dbunit.database.CachedResultSetTableFactory@10bcf083, http://www.dbunit.org/features/datatypeWarning=true}]) - start
171193 [main] TRACE org.dbunit.database.DatabaseConfig  - getFeature(name=http://www.dbunit.org/features/qualifiedTableNames) - start
171193 [main] TRACE org.dbunit.database.DatabaseConfig  - getProperty(name=http://www.dbunit.org/features/qualifiedTableNames) - start
171193 [main] DEBUG org.dbunit.util.QualifiedTableName  - Qualified table names feature is disabled. Returning plain table name
171193 [main] DEBUG org.dbunit.util.QualifiedTableName  - getQualifiedName(prefix=null, name=SCOPEDCONTENTCONDITION, escapePattern=null) - start
171193 [main] DEBUG org.dbunit.database.search.AbstractMetaDataBasedSearchCallback  - newEdge(rs=org.apache.commons.dbcp.DelegatingResultSet@4aa6d02d, type=0, from=SCOPEDCONTENTCONDITIONATTRIBUTE, to=SCOPEDCONTENTCONDITION, fkColumn=SCOPEDCONTENTCONDITION, pkColumn=ID) - start
171193 [main] DEBUG org.dbunit.database.search.AbstractMetaDataBasedSearchCallback  - createFKEdge(rs=org.apache.commons.dbcp.DelegatingResultSet@4aa6d02d, type=0, from=SCOPEDCONTENTCONDITIONATTRIBUTE, to=SCOPEDCONTENTCONDITION, fkColumn=SCOPEDCONTENTCONDITION, pkColumn=ID) - start
171193 [main] DEBUG org.dbunit.database.search.AbstractMetaDataBasedSearchCallback  - Adding edge SCOPEDCONTENTCONDITIONATTRIBUTE(SCOPEDCONTENTCONDITION)->SCOPEDCONTENTCONDITION(ID)
171193 [main] DEBUG org.dbunit.util.search.Edge  - compareTo(o=SCOPEDCONTENTCONDITIONATTRIBUTE(SCOPEDCONTENTCONDITION)->SCOPEDCONTENTCONDITION(ID)) - start
171193 [main] DEBUG org.dbunit.util.SQLHelper  - close(resultSet=org.apache.commons.dbcp.DelegatingResultSet@4aa6d02d) - start
171193 [main] DEBUG org.dbunit.util.search.DepthFirstSearch  - search:SCOPEDCONTENTCONDITIONATTRIBUTE
171193 [main] DEBUG org.dbunit.database.search.ImportedKeysSearchCallback  - searchNode(node=SCOPEDCONTENTCONDITIONATTRIBUTE) - start
171193 [main] DEBUG org.dbunit.util.search.DepthFirstSearch  - Pushing SCOPEDCONTENTCONDITIONATTRIBUTE
171193 [main] DEBUG org.dbunit.database.search.ImportedKeysSearchCallback  - getEdges(node=SCOPEDCONTENTCONDITIONATTRIBUTE) - start
171193 [main] DEBUG org.dbunit.database.search.AbstractMetaDataBasedSearchCallback  - getNodesFromImportedKeys(node=SCOPEDCONTENTCONDITIONATTRIBUTE) - start
171193 [main] DEBUG org.dbunit.database.search.AbstractMetaDataBasedSearchCallback  - getNodes(type=0, node=SCOPEDCONTENTCONDITIONATTRIBUTE) - start
171194 [main] DEBUG org.dbunit.database.DatabaseDataSourceConnection  - getConnection() - start
171194 [main] DEBUG org.dbunit.database.search.AbstractMetaDataBasedSearchCallback  - getNodes(type=0, node=SCOPEDCONTENTCONDITIONATTRIBUTE, conn=Transaction-aware proxy for target Connection [jdbc:hsqldb:mem:kontrollDS, UserName=sw, HSQL Database Engine Driver], schema=null, metaData=org.apache.commons.dbcp.DelegatingDatabaseMetaData@dad60a5, edges=[]) - start
171194 [main] DEBUG org.dbunit.database.search.AbstractMetaDataBasedSearchCallback  - Getting edges for node SCOPEDCONTENTCONDITIONATTRIBUTE
171194 [main] TRACE org.dbunit.database.DatabaseConfig  - getProperty(name=http://www.dbunit.org/properties/metadataHandler) - start
171194 [main] TRACE org.dbunit.database.DefaultMetadataHandler  - tableExists(metaData=org.apache.commons.dbcp.DelegatingDatabaseMetaData@dad60a5, schemaName=null, tableName=SCOPEDCONTENTCONDITIONATTRIBUTE) - start
171195 [main] DEBUG org.dbunit.util.SQLHelper  - close(resultSet=org.apache.commons.dbcp.DelegatingResultSet@43d7ed93) - start
171195 [main] DEBUG org.dbunit.util.QualifiedTableName  - getQualifiedNameIfEnabled(config=org.dbunit.database.DatabaseConfig[, _propertyMap={http://www.dbunit.org/properties/statementFactory=org.dbunit.database.statement.PreparedStatementFactory@626bc2b8, http://www.dbunit.org/features/caseSensitiveTableNames=false, http://www.dbunit.org/properties/fetchSize=100, http://www.dbunit.org/features/batchedStatements=false, http://www.dbunit.org/properties/metadataHandler=org.dbunit.database.DefaultMetadataHandler@62baffef, http://www.dbunit.org/properties/datatypeFactory=org.dbunit.dataset.datatype.DefaultDataTypeFactory[_toleratedDeltaMap=org.dbunit.dataset.datatype.ToleratedDeltaMap@6452310a], http://www.dbunit.org/properties/escapePattern=null, http://www.dbunit.org/properties/batchSize=100, http://www.dbunit.org/features/qualifiedTableNames=false, http://www.dbunit.org/properties/tableType=[Ljava.lang.String;@5011bafa, http://www.dbunit.org/properties/resultSetTableFactory=org.dbunit.database.CachedResultSetTableFactory@10bcf083, http://www.dbunit.org/features/datatypeWarning=true}]) - start
171195 [main] TRACE org.dbunit.database.DatabaseConfig  - getFeature(name=http://www.dbunit.org/features/qualifiedTableNames) - start
171195 [main] TRACE org.dbunit.database.DatabaseConfig  - getProperty(name=http://www.dbunit.org/features/qualifiedTableNames) - start
171195 [main] DEBUG org.dbunit.util.QualifiedTableName  - Qualified table names feature is disabled. Returning plain table name
171195 [main] DEBUG org.dbunit.util.QualifiedTableName  - getQualifiedName(prefix=null, name=SCOPEDCONTENTCONDITIONATTRIBUTE, escapePattern=null) - start
171195 [main] DEBUG org.dbunit.util.QualifiedTableName  - getQualifiedNameIfEnabled(config=org.dbunit.database.DatabaseConfig[, _propertyMap={http://www.dbunit.org/properties/statementFactory=org.dbunit.database.statement.PreparedStatementFactory@626bc2b8, http://www.dbunit.org/features/caseSensitiveTableNames=false, http://www.dbunit.org/properties/fetchSize=100, http://www.dbunit.org/features/batchedStatements=false, http://www.dbunit.org/properties/metadataHandler=org.dbunit.database.DefaultMetadataHandler@62baffef, http://www.dbunit.org/properties/datatypeFactory=org.dbunit.dataset.datatype.DefaultDataTypeFactory[_toleratedDeltaMap=org.dbunit.dataset.datatype.ToleratedDeltaMap@6452310a], http://www.dbunit.org/properties/escapePattern=null, http://www.dbunit.org/properties/batchSize=100, http://www.dbunit.org/features/qualifiedTableNames=false, http://www.dbunit.org/properties/tableType=[Ljava.lang.String;@5011bafa, http://www.dbunit.org/properties/resultSetTableFactory=org.dbunit.database.CachedResultSetTableFactory@10bcf083, http://www.dbunit.org/features/datatypeWarning=true}]) - start
171195 [main] TRACE org.dbunit.database.DatabaseConfig  - getFeature(name=http://www.dbunit.org/features/qualifiedTableNames) - start
171195 [main] TRACE org.dbunit.database.DatabaseConfig  - getProperty(name=http://www.dbunit.org/features/qualifiedTableNames) - start
171195 [main] DEBUG org.dbunit.util.QualifiedTableName  - Qualified table names feature is disabled. Returning plain table name
171195 [main] DEBUG org.dbunit.util.QualifiedTableName  - getQualifiedName(prefix=null, name=SCOPEDCONTENTCONDITION, escapePattern=null) - start
171196 [main] DEBUG org.dbunit.database.search.AbstractMetaDataBasedSearchCallback  - newEdge(rs=org.apache.commons.dbcp.DelegatingResultSet@1be87f54, type=0, from=SCOPEDCONTENTCONDITIONATTRIBUTE, to=SCOPEDCONTENTCONDITION, fkColumn=SCOPEDCONTENTCONDITION, pkColumn=ID) - start
171196 [main] DEBUG org.dbunit.database.search.AbstractMetaDataBasedSearchCallback  - createFKEdge(rs=org.apache.commons.dbcp.DelegatingResultSet@1be87f54, type=0, from=SCOPEDCONTENTCONDITIONATTRIBUTE, to=SCOPEDCONTENTCONDITION, fkColumn=SCOPEDCONTENTCONDITION, pkColumn=ID) - start
171196 [main] DEBUG org.dbunit.database.search.AbstractMetaDataBasedSearchCallback  - Adding edge SCOPEDCONTENTCONDITIONATTRIBUTE(SCOPEDCONTENTCONDITION)->SCOPEDCONTENTCONDITION(ID)
171196 [main] DEBUG org.dbunit.util.search.Edge  - compareTo(o=SCOPEDCONTENTCONDITIONATTRIBUTE(SCOPEDCONTENTCONDITION)->SCOPEDCONTENTCONDITION(ID)) - start
171196 [main] DEBUG org.dbunit.util.SQLHelper  - close(resultSet=org.apache.commons.dbcp.DelegatingResultSet@1be87f54) - start
171196 [main] DEBUG org.dbunit.util.search.DepthFirstSearch  - search:SCOPEDCONTENTCONDITION
171196 [main] DEBUG org.dbunit.database.search.ImportedKeysSearchCallback  - searchNode(node=SCOPEDCONTENTCONDITION) - start
171196 [main] DEBUG org.dbunit.util.search.DepthFirstSearch  - Pushing SCOPEDCONTENTCONDITION
171196 [main] DEBUG org.dbunit.database.search.ImportedKeysSearchCallback  - getEdges(node=SCOPEDCONTENTCONDITION) - start
171196 [main] DEBUG org.dbunit.database.search.AbstractMetaDataBasedSearchCallback  - getNodesFromImportedKeys(node=SCOPEDCONTENTCONDITION) - start
171196 [main] DEBUG org.dbunit.database.search.AbstractMetaDataBasedSearchCallback  - getNodes(type=0, node=SCOPEDCONTENTCONDITION) - start
171196 [main] DEBUG org.dbunit.database.DatabaseDataSourceConnection  - getConnection() - start
171196 [main] DEBUG org.dbunit.database.search.AbstractMetaDataBasedSearchCallback  - getNodes(type=0, node=SCOPEDCONTENTCONDITION, conn=Transaction-aware proxy for target Connection [jdbc:hsqldb:mem:kontrollDS, UserName=sw, HSQL Database Engine Driver], schema=null, metaData=org.apache.commons.dbcp.DelegatingDatabaseMetaData@3cff721c, edges=[]) - start
171196 [main] DEBUG org.dbunit.database.search.AbstractMetaDataBasedSearchCallback  - Getting edges for node SCOPEDCONTENTCONDITION
171196 [main] TRACE org.dbunit.database.DatabaseConfig  - getProperty(name=http://www.dbunit.org/properties/metadataHandler) - start
171196 [main] TRACE org.dbunit.database.DefaultMetadataHandler  - tableExists(metaData=org.apache.commons.dbcp.DelegatingDatabaseMetaData@3cff721c, schemaName=null, tableName=SCOPEDCONTENTCONDITION) - start
171197 [main] DEBUG org.dbunit.util.SQLHelper  - close(resultSet=org.apache.commons.dbcp.DelegatingResultSet@77c2c9c8) - start
171197 [main] DEBUG org.dbunit.util.SQLHelper  - close(resultSet=org.apache.commons.dbcp.DelegatingResultSet@1d080f50) - start
171197 [main] DEBUG org.dbunit.util.search.DepthFirstSearch  - Adding node SCOPEDCONTENTCONDITION to the final result
171197 [main] DEBUG org.dbunit.util.search.DepthFirstSearch  - Adding node SCOPEDCONTENTCONDITIONATTRIBUTE to the final result
171198 [main] DEBUG org.dbunit.util.search.DepthFirstSearch  - reverseSearch:SCOPEDCONTENTCONDITION
171198 [main] DEBUG org.dbunit.database.search.ImportedKeysSearchCallback  - searchNode(node=SCOPEDCONTENTCONDITION) - start
171198 [main] DEBUG org.dbunit.util.search.DepthFirstSearch  - Pushing (reverse) SCOPEDCONTENTCONDITION
171198 [main] DEBUG org.dbunit.database.search.ImportedKeysSearchCallback  - getEdges(node=SCOPEDCONTENTCONDITION) - start
171198 [main] DEBUG org.dbunit.database.search.AbstractMetaDataBasedSearchCallback  - getNodesFromImportedKeys(node=SCOPEDCONTENTCONDITION) - start
171198 [main] DEBUG org.dbunit.database.search.AbstractMetaDataBasedSearchCallback  - getNodes(type=0, node=SCOPEDCONTENTCONDITION) - start
171198 [main] DEBUG org.dbunit.database.DatabaseDataSourceConnection  - getConnection() - start
171198 [main] DEBUG org.dbunit.database.search.AbstractMetaDataBasedSearchCallback  - getNodes(type=0, node=SCOPEDCONTENTCONDITION, conn=Transaction-aware proxy for target Connection [jdbc:hsqldb:mem:kontrollDS, UserName=sw, HSQL Database Engine Driver], schema=null, metaData=org.apache.commons.dbcp.DelegatingDatabaseMetaData@7c255c13, edges=[]) - start
171198 [main] DEBUG org.dbunit.database.search.AbstractMetaDataBasedSearchCallback  - Getting edges for node SCOPEDCONTENTCONDITION
171198 [main] TRACE org.dbunit.database.DatabaseConfig  - getProperty(name=http://www.dbunit.org/properties/metadataHandler) - start
171198 [main] TRACE org.dbunit.database.DefaultMetadataHandler  - tableExists(metaData=org.apache.commons.dbcp.DelegatingDatabaseMetaData@7c255c13, schemaName=null, tableName=SCOPEDCONTENTCONDITION) - start
171199 [main] DEBUG org.dbunit.util.SQLHelper  - close(resultSet=org.apache.commons.dbcp.DelegatingResultSet@e3e6f06) - start
171200 [main] DEBUG org.dbunit.util.SQLHelper  - close(resultSet=org.apache.commons.dbcp.DelegatingResultSet@3ed18577) - start
171200 [main] DEBUG org.dbunit.util.search.DepthFirstSearch  - reverseSearch:SCOPEDCONTENTCONDITIONATTRIBUTE
171200 [main] DEBUG org.dbunit.util.search.DepthFirstSearch  - already searched; returning true
171200 [main] DEBUG org.dbunit.util.search.DepthFirstSearch  - search:SCOPEDCONTENTCONDITIONATTRIBUTE
171200 [main] DEBUG org.dbunit.util.search.DepthFirstSearch  - already searched; returning true
171200 [main] DEBUG org.dbunit.util.search.DepthFirstSearch  - search:SCOPEDCONTENTCONDITION
171200 [main] DEBUG org.dbunit.util.search.DepthFirstSearch  - already searched; returning true
171200 [main] DEBUG org.dbunit.util.CollectionsHelper  - setToStrings(set=[SCOPEDCONTENTCONDITION, SCOPEDCONTENTCONDITIONATTRIBUTE]) - start
171200 [main] DEBUG org.dbunit.database.search.TablesDependencyHelper  - getDependsOnTables(connection=_databaseConfig=org.dbunit.database.DatabaseConfig[, _propertyMap={http://www.dbunit.org/properties/statementFactory=org.dbunit.database.statement.PreparedStatementFactory@626bc2b8, http://www.dbunit.org/features/caseSensitiveTableNames=false, http://www.dbunit.org/properties/fetchSize=100, http://www.dbunit.org/features/batchedStatements=false, http://www.dbunit.org/properties/metadataHandler=org.dbunit.database.DefaultMetadataHandler@62baffef, http://www.dbunit.org/properties/datatypeFactory=org.dbunit.dataset.datatype.DefaultDataTypeFactory[_toleratedDeltaMap=org.dbunit.dataset.datatype.ToleratedDeltaMap@6452310a], http://www.dbunit.org/properties/escapePattern=null, http://www.dbunit.org/properties/batchSize=100, http://www.dbunit.org/features/qualifiedTableNames=false, http://www.dbunit.org/properties/tableType=[Ljava.lang.String;@5011bafa, http://www.dbunit.org/properties/resultSetTableFactory=org.dbunit.database.CachedResultSetTableFactory@10bcf083, http://www.dbunit.org/features/datatypeWarning=true}], _dataSet=AbstractDataSet[_orderedTableNameMap=null], rootTable=SCOPEDCONTENTCONDITIONATTRIBUTE) - start
171200 [main] DEBUG org.dbunit.util.search.DepthFirstSearch  - search(nodesFrom=[SCOPEDCONTENTCONDITIONATTRIBUTE], callback=org.dbunit.database.search.ExportedKeysSearchCallback@2538eeee) - start
171201 [main] DEBUG org.dbunit.util.CollectionsHelper  - objectsToSet(objects=SCOPEDCONTENTCONDITIONATTRIBUTE) - start
171201 [main] DEBUG org.dbunit.util.search.DepthFirstSearch  - search(nodesFrom=[SCOPEDCONTENTCONDITIONATTRIBUTE], callback=org.dbunit.database.search.ExportedKeysSearchCallback@2538eeee) - start
171201 [main] DEBUG org.dbunit.util.search.DepthFirstSearch  - reverseSearch:SCOPEDCONTENTCONDITIONATTRIBUTE
171201 [main] DEBUG org.dbunit.database.search.ExportedKeysSearchCallback  - searchNode(node=SCOPEDCONTENTCONDITIONATTRIBUTE) - start
171201 [main] DEBUG org.dbunit.util.search.DepthFirstSearch  - Pushing (reverse) SCOPEDCONTENTCONDITIONATTRIBUTE
171201 [main] DEBUG org.dbunit.database.search.ExportedKeysSearchCallback  - getEdges(node=SCOPEDCONTENTCONDITIONATTRIBUTE) - start
171201 [main] DEBUG org.dbunit.database.search.AbstractMetaDataBasedSearchCallback  - getNodesFromExportedKeys(node=SCOPEDCONTENTCONDITIONATTRIBUTE) - start
171201 [main] DEBUG org.dbunit.database.search.AbstractMetaDataBasedSearchCallback  - getNodes(type=1, node=SCOPEDCONTENTCONDITIONATTRIBUTE) - start
171201 [main] DEBUG org.dbunit.database.DatabaseDataSourceConnection  - getConnection() - start
171201 [main] DEBUG org.dbunit.database.search.AbstractMetaDataBasedSearchCallback  - getNodes(type=1, node=SCOPEDCONTENTCONDITIONATTRIBUTE, conn=Transaction-aware proxy for target Connection [jdbc:hsqldb:mem:kontrollDS, UserName=sw, HSQL Database Engine Driver], schema=null, metaData=org.apache.commons.dbcp.DelegatingDatabaseMetaData@3cce5e59, edges=[]) - start
171202 [main] DEBUG org.dbunit.database.search.AbstractMetaDataBasedSearchCallback  - Getting edges for node SCOPEDCONTENTCONDITIONATTRIBUTE
171202 [main] TRACE org.dbunit.database.DatabaseConfig  - getProperty(name=http://www.dbunit.org/properties/metadataHandler) - start
171202 [main] TRACE org.dbunit.database.DefaultMetadataHandler  - tableExists(metaData=org.apache.commons.dbcp.DelegatingDatabaseMetaData@3cce5e59, schemaName=null, tableName=SCOPEDCONTENTCONDITIONATTRIBUTE) - start
171203 [main] DEBUG org.dbunit.util.SQLHelper  - close(resultSet=org.apache.commons.dbcp.DelegatingResultSet@760c8c99) - start
171204 [main] DEBUG org.dbunit.util.SQLHelper  - close(resultSet=org.apache.commons.dbcp.DelegatingResultSet@21182af3) - start
171204 [main] DEBUG org.dbunit.util.search.DepthFirstSearch  - search:SCOPEDCONTENTCONDITIONATTRIBUTE
171204 [main] DEBUG org.dbunit.database.search.ExportedKeysSearchCallback  - searchNode(node=SCOPEDCONTENTCONDITIONATTRIBUTE) - start
171204 [main] DEBUG org.dbunit.util.search.DepthFirstSearch  - Pushing SCOPEDCONTENTCONDITIONATTRIBUTE
171204 [main] DEBUG org.dbunit.database.search.ExportedKeysSearchCallback  - getEdges(node=SCOPEDCONTENTCONDITIONATTRIBUTE) - start
171204 [main] DEBUG org.dbunit.database.search.AbstractMetaDataBasedSearchCallback  - getNodesFromExportedKeys(node=SCOPEDCONTENTCONDITIONATTRIBUTE) - start
171204 [main] DEBUG org.dbunit.database.search.AbstractMetaDataBasedSearchCallback  - getNodes(type=1, node=SCOPEDCONTENTCONDITIONATTRIBUTE) - start
171204 [main] DEBUG org.dbunit.database.DatabaseDataSourceConnection  - getConnection() - start
171204 [main] DEBUG org.dbunit.database.search.AbstractMetaDataBasedSearchCallback  - getNodes(type=1, node=SCOPEDCONTENTCONDITIONATTRIBUTE, conn=Transaction-aware proxy for target Connection [jdbc:hsqldb:mem:kontrollDS, UserName=sw, HSQL Database Engine Driver], schema=null, metaData=org.apache.commons.dbcp.DelegatingDatabaseMetaData@39abc87e, edges=[]) - start
171204 [main] DEBUG org.dbunit.database.search.AbstractMetaDataBasedSearchCallback  - Getting edges for node SCOPEDCONTENTCONDITIONATTRIBUTE
171204 [main] TRACE org.dbunit.database.DatabaseConfig  - getProperty(name=http://www.dbunit.org/properties/metadataHandler) - start
171204 [main] TRACE org.dbunit.database.DefaultMetadataHandler  - tableExists(metaData=org.apache.commons.dbcp.DelegatingDatabaseMetaData@39abc87e, schemaName=null, tableName=SCOPEDCONTENTCONDITIONATTRIBUTE) - start
171206 [main] DEBUG org.dbunit.util.SQLHelper  - close(resultSet=org.apache.commons.dbcp.DelegatingResultSet@370e496f) - start
171206 [main] DEBUG org.dbunit.util.SQLHelper  - close(resultSet=org.apache.commons.dbcp.DelegatingResultSet@6b1e35e9) - start
171206 [main] DEBUG org.dbunit.util.search.DepthFirstSearch  - Adding node SCOPEDCONTENTCONDITIONATTRIBUTE to the final result
171206 [main] DEBUG org.dbunit.util.CollectionsHelper  - setToStrings(set=[SCOPEDCONTENTCONDITIONATTRIBUTE]) - start
171206 [main] DEBUG org.dbunit.database.search.TablesDependencyHelper  - getDirectDependsOnTables(connection=_databaseConfig=org.dbunit.database.DatabaseConfig[, _propertyMap={http://www.dbunit.org/properties/statementFactory=org.dbunit.database.statement.PreparedStatementFactory@626bc2b8, http://www.dbunit.org/features/caseSensitiveTableNames=false, http://www.dbunit.org/properties/fetchSize=100, http://www.dbunit.org/features/batchedStatements=false, http://www.dbunit.org/properties/metadataHandler=org.dbunit.database.DefaultMetadataHandler@62baffef, http://www.dbunit.org/properties/datatypeFactory=org.dbunit.dataset.datatype.DefaultDataTypeFactory[_toleratedDeltaMap=org.dbunit.dataset.datatype.ToleratedDeltaMap@6452310a], http://www.dbunit.org/properties/escapePattern=null, http://www.dbunit.org/properties/batchSize=100, http://www.dbunit.org/features/qualifiedTableNames=false, http://www.dbunit.org/properties/tableType=[Ljava.lang.String;@5011bafa, http://www.dbunit.org/properties/resultSetTableFactory=org.dbunit.database.CachedResultSetTableFactory@10bcf083, http://www.dbunit.org/features/datatypeWarning=true}], _dataSet=AbstractDataSet[_orderedTableNameMap=null], tableName=SCOPEDCONTENTCONDITIONATTRIBUTE) - start
171206 [main] DEBUG org.dbunit.util.search.DepthFirstSearch  - search(nodesFrom=[SCOPEDCONTENTCONDITIONATTRIBUTE], callback=org.dbunit.database.search.ExportedKeysSearchCallback@5e8498eb) - start
171206 [main] DEBUG org.dbunit.util.CollectionsHelper  - objectsToSet(objects=SCOPEDCONTENTCONDITIONATTRIBUTE) - start
171206 [main] DEBUG org.dbunit.util.search.DepthFirstSearch  - search(nodesFrom=[SCOPEDCONTENTCONDITIONATTRIBUTE], callback=org.dbunit.database.search.ExportedKeysSearchCallback@5e8498eb) - start
171206 [main] DEBUG org.dbunit.util.search.DepthFirstSearch  - reverseSearch:SCOPEDCONTENTCONDITIONATTRIBUTE
171207 [main] DEBUG org.dbunit.database.search.ExportedKeysSearchCallback  - searchNode(node=SCOPEDCONTENTCONDITIONATTRIBUTE) - start
171207 [main] DEBUG org.dbunit.util.search.DepthFirstSearch  - Pushing (reverse) SCOPEDCONTENTCONDITIONATTRIBUTE
171207 [main] DEBUG org.dbunit.database.search.ExportedKeysSearchCallback  - getEdges(node=SCOPEDCONTENTCONDITIONATTRIBUTE) - start
171207 [main] DEBUG org.dbunit.database.search.AbstractMetaDataBasedSearchCallback  - getNodesFromExportedKeys(node=SCOPEDCONTENTCONDITIONATTRIBUTE) - start
171207 [main] DEBUG org.dbunit.database.search.AbstractMetaDataBasedSearchCallback  - getNodes(type=1, node=SCOPEDCONTENTCONDITIONATTRIBUTE) - start
171207 [main] DEBUG org.dbunit.database.DatabaseDataSourceConnection  - getConnection() - start
171207 [main] DEBUG org.dbunit.database.search.AbstractMetaDataBasedSearchCallback  - getNodes(type=1, node=SCOPEDCONTENTCONDITIONATTRIBUTE, conn=Transaction-aware proxy for target Connection [jdbc:hsqldb:mem:kontrollDS, UserName=sw, HSQL Database Engine Driver], schema=null, metaData=org.apache.commons.dbcp.DelegatingDatabaseMetaData@53539cc7, edges=[]) - start
171207 [main] DEBUG org.dbunit.database.search.AbstractMetaDataBasedSearchCallback  - Getting edges for node SCOPEDCONTENTCONDITIONATTRIBUTE
171207 [main] TRACE org.dbunit.database.DatabaseConfig  - getProperty(name=http://www.dbunit.org/properties/metadataHandler) - start
171208 [main] TRACE org.dbunit.database.DefaultMetadataHandler  - tableExists(metaData=org.apache.commons.dbcp.DelegatingDatabaseMetaData@53539cc7, schemaName=null, tableName=SCOPEDCONTENTCONDITIONATTRIBUTE) - start
171209 [main] DEBUG org.dbunit.util.SQLHelper  - close(resultSet=org.apache.commons.dbcp.DelegatingResultSet@6c8b9718) - start
171209 [main] DEBUG org.dbunit.util.SQLHelper  - close(resultSet=org.apache.commons.dbcp.DelegatingResultSet@2bfbcbd7) - start
171209 [main] DEBUG org.dbunit.util.search.DepthFirstSearch  - search:SCOPEDCONTENTCONDITIONATTRIBUTE
171209 [main] DEBUG org.dbunit.database.search.ExportedKeysSearchCallback  - searchNode(node=SCOPEDCONTENTCONDITIONATTRIBUTE) - start
171209 [main] DEBUG org.dbunit.util.search.DepthFirstSearch  - Pushing SCOPEDCONTENTCONDITIONATTRIBUTE
171209 [main] DEBUG org.dbunit.database.search.ExportedKeysSearchCallback  - getEdges(node=SCOPEDCONTENTCONDITIONATTRIBUTE) - start
171209 [main] DEBUG org.dbunit.database.search.AbstractMetaDataBasedSearchCallback  - getNodesFromExportedKeys(node=SCOPEDCONTENTCONDITIONATTRIBUTE) - start
171209 [main] DEBUG org.dbunit.database.search.AbstractMetaDataBasedSearchCallback  - getNodes(type=1, node=SCOPEDCONTENTCONDITIONATTRIBUTE) - start
171209 [main] DEBUG org.dbunit.database.DatabaseDataSourceConnection  - getConnection() - start
171209 [main] DEBUG org.dbunit.database.search.AbstractMetaDataBasedSearchCallback  - getNodes(type=1, node=SCOPEDCONTENTCONDITIONATTRIBUTE, conn=Transaction-aware proxy for target Connection [jdbc:hsqldb:mem:kontrollDS, UserName=sw, HSQL Database Engine Driver], schema=null, metaData=org.apache.commons.dbcp.DelegatingDatabaseMetaData@2003a6d0, edges=[]) - start
171209 [main] DEBUG org.dbunit.database.search.AbstractMetaDataBasedSearchCallback  - Getting edges for node SCOPEDCONTENTCONDITIONATTRIBUTE
171209 [main] TRACE org.dbunit.database.DatabaseConfig  - getProperty(name=http://www.dbunit.org/properties/metadataHandler) - start
171210 [main] TRACE org.dbunit.database.DefaultMetadataHandler  - tableExists(metaData=org.apache.commons.dbcp.DelegatingDatabaseMetaData@2003a6d0, schemaName=null, tableName=SCOPEDCONTENTCONDITIONATTRIBUTE) - start
171210 [main] DEBUG org.dbunit.util.SQLHelper  - close(resultSet=org.apache.commons.dbcp.DelegatingResultSet@6d513382) - start
171211 [main] DEBUG org.dbunit.util.SQLHelper  - close(resultSet=org.apache.commons.dbcp.DelegatingResultSet@c2a0deb) - start
171211 [main] DEBUG org.dbunit.util.search.DepthFirstSearch  - Adding node SCOPEDCONTENTCONDITIONATTRIBUTE to the final result
171211 [main] DEBUG org.dbunit.database.search.TablesDependencyHelper  - getDirectDependentTables(connection=_databaseConfig=org.dbunit.database.DatabaseConfig[, _propertyMap={http://www.dbunit.org/properties/statementFactory=org.dbunit.database.statement.PreparedStatementFactory@626bc2b8, http://www.dbunit.org/features/caseSensitiveTableNames=false, http://www.dbunit.org/properties/fetchSize=100, http://www.dbunit.org/features/batchedStatements=false, http://www.dbunit.org/properties/metadataHandler=org.dbunit.database.DefaultMetadataHandler@62baffef, http://www.dbunit.org/properties/datatypeFactory=org.dbunit.dataset.datatype.DefaultDataTypeFactory[_toleratedDeltaMap=org.dbunit.dataset.datatype.ToleratedDeltaMap@6452310a], http://www.dbunit.org/properties/escapePattern=null, http://www.dbunit.org/properties/batchSize=100, http://www.dbunit.org/features/qualifiedTableNames=false, http://www.dbunit.org/properties/tableType=[Ljava.lang.String;@5011bafa, http://www.dbunit.org/properties/resultSetTableFactory=org.dbunit.database.CachedResultSetTableFactory@10bcf083, http://www.dbunit.org/features/datatypeWarning=true}], _dataSet=AbstractDataSet[_orderedTableNameMap=null], tableName=SCOPEDCONTENTCONDITIONATTRIBUTE) - start
171211 [main] DEBUG org.dbunit.util.search.DepthFirstSearch  - search(nodesFrom=[SCOPEDCONTENTCONDITIONATTRIBUTE], callback=org.dbunit.database.search.ImportedKeysSearchCallback@4ec9f5e1) - start
171211 [main] DEBUG org.dbunit.util.CollectionsHelper  - objectsToSet(objects=SCOPEDCONTENTCONDITIONATTRIBUTE) - start
171211 [main] DEBUG org.dbunit.util.search.DepthFirstSearch  - search(nodesFrom=[SCOPEDCONTENTCONDITIONATTRIBUTE], callback=org.dbunit.database.search.ImportedKeysSearchCallback@4ec9f5e1) - start
171211 [main] DEBUG org.dbunit.util.search.DepthFirstSearch  - reverseSearch:SCOPEDCONTENTCONDITIONATTRIBUTE
171211 [main] DEBUG org.dbunit.database.search.ImportedKeysSearchCallback  - searchNode(node=SCOPEDCONTENTCONDITIONATTRIBUTE) - start
171211 [main] DEBUG org.dbunit.util.search.DepthFirstSearch  - Pushing (reverse) SCOPEDCONTENTCONDITIONATTRIBUTE
171211 [main] DEBUG org.dbunit.database.search.ImportedKeysSearchCallback  - getEdges(node=SCOPEDCONTENTCONDITIONATTRIBUTE) - start
171211 [main] DEBUG org.dbunit.database.search.AbstractMetaDataBasedSearchCallback  - getNodesFromImportedKeys(node=SCOPEDCONTENTCONDITIONATTRIBUTE) - start
171211 [main] DEBUG org.dbunit.database.search.AbstractMetaDataBasedSearchCallback  - getNodes(type=0, node=SCOPEDCONTENTCONDITIONATTRIBUTE) - start
171211 [main] DEBUG org.dbunit.database.DatabaseDataSourceConnection  - getConnection() - start
171211 [main] DEBUG org.dbunit.database.search.AbstractMetaDataBasedSearchCallback  - getNodes(type=0, node=SCOPEDCONTENTCONDITIONATTRIBUTE, conn=Transaction-aware proxy for target Connection [jdbc:hsqldb:mem:kontrollDS, UserName=sw, HSQL Database Engine Driver], schema=null, metaData=org.apache.commons.dbcp.DelegatingDatabaseMetaData@2d2daf30, edges=[]) - start
171211 [main] DEBUG org.dbunit.database.search.AbstractMetaDataBasedSearchCallback  - Getting edges for node SCOPEDCONTENTCONDITIONATTRIBUTE
171211 [main] TRACE org.dbunit.database.DatabaseConfig  - getProperty(name=http://www.dbunit.org/properties/metadataHandler) - start
171211 [main] TRACE org.dbunit.database.DefaultMetadataHandler  - tableExists(metaData=org.apache.commons.dbcp.DelegatingDatabaseMetaData@2d2daf30, schemaName=null, tableName=SCOPEDCONTENTCONDITIONATTRIBUTE) - start
171212 [main] DEBUG org.dbunit.util.SQLHelper  - close(resultSet=org.apache.commons.dbcp.DelegatingResultSet@59c41f44) - start
171213 [main] DEBUG org.dbunit.util.QualifiedTableName  - getQualifiedNameIfEnabled(config=org.dbunit.database.DatabaseConfig[, _propertyMap={http://www.dbunit.org/properties/statementFactory=org.dbunit.database.statement.PreparedStatementFactory@626bc2b8, http://www.dbunit.org/features/caseSensitiveTableNames=false, http://www.dbunit.org/properties/fetchSize=100, http://www.dbunit.org/features/batchedStatements=false, http://www.dbunit.org/properties/metadataHandler=org.dbunit.database.DefaultMetadataHandler@62baffef, http://www.dbunit.org/properties/datatypeFactory=org.dbunit.dataset.datatype.DefaultDataTypeFactory[_toleratedDeltaMap=org.dbunit.dataset.datatype.ToleratedDeltaMap@6452310a], http://www.dbunit.org/properties/escapePattern=null, http://www.dbunit.org/properties/batchSize=100, http://www.dbunit.org/features/qualifiedTableNames=false, http://www.dbunit.org/properties/tableType=[Ljava.lang.String;@5011bafa, http://www.dbunit.org/properties/resultSetTableFactory=org.dbunit.database.CachedResultSetTableFactory@10bcf083, http://www.dbunit.org/features/datatypeWarning=true}]) - start
171213 [main] TRACE org.dbunit.database.DatabaseConfig  - getFeature(name=http://www.dbunit.org/features/qualifiedTableNames) - start
171213 [main] TRACE org.dbunit.database.DatabaseConfig  - getProperty(name=http://www.dbunit.org/features/qualifiedTableNames) - start
171213 [main] DEBUG org.dbunit.util.QualifiedTableName  - Qualified table names feature is disabled. Returning plain table name
171213 [main] DEBUG org.dbunit.util.QualifiedTableName  - getQualifiedName(prefix=null, name=SCOPEDCONTENTCONDITIONATTRIBUTE, escapePattern=null) - start
171213 [main] DEBUG org.dbunit.util.QualifiedTableName  - getQualifiedNameIfEnabled(config=org.dbunit.database.DatabaseConfig[, _propertyMap={http://www.dbunit.org/properties/statementFactory=org.dbunit.database.statement.PreparedStatementFactory@626bc2b8, http://www.dbunit.org/features/caseSensitiveTableNames=false, http://www.dbunit.org/properties/fetchSize=100, http://www.dbunit.org/features/batchedStatements=false, http://www.dbunit.org/properties/metadataHandler=org.dbunit.database.DefaultMetadataHandler@62baffef, http://www.dbunit.org/properties/datatypeFactory=org.dbunit.dataset.datatype.DefaultDataTypeFactory[_toleratedDeltaMap=org.dbunit.dataset.datatype.ToleratedDeltaMap@6452310a], http://www.dbunit.org/properties/escapePattern=null, http://www.dbunit.org/properties/batchSize=100, http://www.dbunit.org/features/qualifiedTableNames=false, http://www.dbunit.org/properties/tableType=[Ljava.lang.String;@5011bafa, http://www.dbunit.org/properties/resultSetTableFactory=org.dbunit.database.CachedResultSetTableFactory@10bcf083, http://www.dbunit.org/features/datatypeWarning=true}]) - start
171213 [main] TRACE org.dbunit.database.DatabaseConfig  - getFeature(name=http://www.dbunit.org/features/qualifiedTableNames) - start
171213 [main] TRACE org.dbunit.database.DatabaseConfig  - getProperty(name=http://www.dbunit.org/features/qualifiedTableNames) - start
171213 [main] DEBUG org.dbunit.util.QualifiedTableName  - Qualified table names feature is disabled. Returning plain table name
171213 [main] DEBUG org.dbunit.util.QualifiedTableName  - getQualifiedName(prefix=null, name=SCOPEDCONTENTCONDITION, escapePattern=null) - start
171213 [main] DEBUG org.dbunit.database.search.AbstractMetaDataBasedSearchCallback  - newEdge(rs=org.apache.commons.dbcp.DelegatingResultSet@5f5d9826, type=0, from=SCOPEDCONTENTCONDITIONATTRIBUTE, to=SCOPEDCONTENTCONDITION, fkColumn=SCOPEDCONTENTCONDITION, pkColumn=ID) - start
171213 [main] DEBUG org.dbunit.database.search.AbstractMetaDataBasedSearchCallback  - createFKEdge(rs=org.apache.commons.dbcp.DelegatingResultSet@5f5d9826, type=0, from=SCOPEDCONTENTCONDITIONATTRIBUTE, to=SCOPEDCONTENTCONDITION, fkColumn=SCOPEDCONTENTCONDITION, pkColumn=ID) - start
171213 [main] DEBUG org.dbunit.database.search.AbstractMetaDataBasedSearchCallback  - Adding edge SCOPEDCONTENTCONDITIONATTRIBUTE(SCOPEDCONTENTCONDITION)->SCOPEDCONTENTCONDITION(ID)
171213 [main] DEBUG org.dbunit.util.search.Edge  - compareTo(o=SCOPEDCONTENTCONDITIONATTRIBUTE(SCOPEDCONTENTCONDITION)->SCOPEDCONTENTCONDITION(ID)) - start
171213 [main] DEBUG org.dbunit.util.SQLHelper  - close(resultSet=org.apache.commons.dbcp.DelegatingResultSet@5f5d9826) - start
171213 [main] DEBUG org.dbunit.util.search.DepthFirstSearch  - search:SCOPEDCONTENTCONDITIONATTRIBUTE
171214 [main] DEBUG org.dbunit.database.search.ImportedKeysSearchCallback  - searchNode(node=SCOPEDCONTENTCONDITIONATTRIBUTE) - start
171214 [main] DEBUG org.dbunit.util.search.DepthFirstSearch  - Pushing SCOPEDCONTENTCONDITIONATTRIBUTE
171214 [main] DEBUG org.dbunit.database.search.ImportedKeysSearchCallback  - getEdges(node=SCOPEDCONTENTCONDITIONATTRIBUTE) - start
171214 [main] DEBUG org.dbunit.database.search.AbstractMetaDataBasedSearchCallback  - getNodesFromImportedKeys(node=SCOPEDCONTENTCONDITIONATTRIBUTE) - start
171214 [main] DEBUG org.dbunit.database.search.AbstractMetaDataBasedSearchCallback  - getNodes(type=0, node=SCOPEDCONTENTCONDITIONATTRIBUTE) - start
171214 [main] DEBUG org.dbunit.database.DatabaseDataSourceConnection  - getConnection() - start
171214 [main] DEBUG org.dbunit.database.search.AbstractMetaDataBasedSearchCallback  - getNodes(type=0, node=SCOPEDCONTENTCONDITIONATTRIBUTE, conn=Transaction-aware proxy for target Connection [jdbc:hsqldb:mem:kontrollDS, UserName=sw, HSQL Database Engine Driver], schema=null, metaData=org.apache.commons.dbcp.DelegatingDatabaseMetaData@79b017b3, edges=[]) - start
171214 [main] DEBUG org.dbunit.database.search.AbstractMetaDataBasedSearchCallback  - Getting edges for node SCOPEDCONTENTCONDITIONATTRIBUTE
171214 [main] TRACE org.dbunit.database.DatabaseConfig  - getProperty(name=http://www.dbunit.org/properties/metadataHandler) - start
171214 [main] TRACE org.dbunit.database.DefaultMetadataHandler  - tableExists(metaData=org.apache.commons.dbcp.DelegatingDatabaseMetaData@79b017b3, schemaName=null, tableName=SCOPEDCONTENTCONDITIONATTRIBUTE) - start
171215 [main] DEBUG org.dbunit.util.SQLHelper  - close(resultSet=org.apache.commons.dbcp.DelegatingResultSet@3c88aea) - start
171215 [main] DEBUG org.dbunit.util.QualifiedTableName  - getQualifiedNameIfEnabled(config=org.dbunit.database.DatabaseConfig[, _propertyMap={http://www.dbunit.org/properties/statementFactory=org.dbunit.database.statement.PreparedStatementFactory@626bc2b8, http://www.dbunit.org/features/caseSensitiveTableNames=false, http://www.dbunit.org/properties/fetchSize=100, http://www.dbunit.org/features/batchedStatements=false, http://www.dbunit.org/properties/metadataHandler=org.dbunit.database.DefaultMetadataHandler@62baffef, http://www.dbunit.org/properties/datatypeFactory=org.dbunit.dataset.datatype.DefaultDataTypeFactory[_toleratedDeltaMap=org.dbunit.dataset.datatype.ToleratedDeltaMap@6452310a], http://www.dbunit.org/properties/escapePattern=null, http://www.dbunit.org/properties/batchSize=100, http://www.dbunit.org/features/qualifiedTableNames=false, http://www.dbunit.org/properties/tableType=[Ljava.lang.String;@5011bafa, http://www.dbunit.org/properties/resultSetTableFactory=org.dbunit.database.CachedResultSetTableFactory@10bcf083, http://www.dbunit.org/features/datatypeWarning=true}]) - start
171215 [main] TRACE org.dbunit.database.DatabaseConfig  - getFeature(name=http://www.dbunit.org/features/qualifiedTableNames) - start
171215 [main] TRACE org.dbunit.database.DatabaseConfig  - getProperty(name=http://www.dbunit.org/features/qualifiedTableNames) - start
171215 [main] DEBUG org.dbunit.util.QualifiedTableName  - Qualified table names feature is disabled. Returning plain table name
171215 [main] DEBUG org.dbunit.util.QualifiedTableName  - getQualifiedName(prefix=null, name=SCOPEDCONTENTCONDITIONATTRIBUTE, escapePattern=null) - start
171216 [main] DEBUG org.dbunit.util.QualifiedTableName  - getQualifiedNameIfEnabled(config=org.dbunit.database.DatabaseConfig[, _propertyMap={http://www.dbunit.org/properties/statementFactory=org.dbunit.database.statement.PreparedStatementFactory@626bc2b8, http://www.dbunit.org/features/caseSensitiveTableNames=false, http://www.dbunit.org/properties/fetchSize=100, http://www.dbunit.org/features/batchedStatements=false, http://www.dbunit.org/properties/metadataHandler=org.dbunit.database.DefaultMetadataHandler@62baffef, http://www.dbunit.org/properties/datatypeFactory=org.dbunit.dataset.datatype.DefaultDataTypeFactory[_toleratedDeltaMap=org.dbunit.dataset.datatype.ToleratedDeltaMap@6452310a], http://www.dbunit.org/properties/escapePattern=null, http://www.dbunit.org/properties/batchSize=100, http://www.dbunit.org/features/qualifiedTableNames=false, http://www.dbunit.org/properties/tableType=[Ljava.lang.String;@5011bafa, http://www.dbunit.org/properties/resultSetTableFactory=org.dbunit.database.CachedResultSetTableFactory@10bcf083, http://www.dbunit.org/features/datatypeWarning=true}]) - start
171217 [main] TRACE org.dbunit.database.DatabaseConfig  - getFeature(name=http://www.dbunit.org/features/qualifiedTableNames) - start
171218 [main] TRACE org.dbunit.database.DatabaseConfig  - getProperty(name=http://www.dbunit.org/features/qualifiedTableNames) - start
171218 [main] DEBUG org.dbunit.util.QualifiedTableName  - Qualified table names feature is disabled. Returning plain table name
171218 [main] DEBUG org.dbunit.util.QualifiedTableName  - getQualifiedName(prefix=null, name=SCOPEDCONTENTCONDITION, escapePattern=null) - start
171218 [main] DEBUG org.dbunit.database.search.AbstractMetaDataBasedSearchCallback  - newEdge(rs=org.apache.commons.dbcp.DelegatingResultSet@3f5f30ad, type=0, from=SCOPEDCONTENTCONDITIONATTRIBUTE, to=SCOPEDCONTENTCONDITION, fkColumn=SCOPEDCONTENTCONDITION, pkColumn=ID) - start
171218 [main] DEBUG org.dbunit.database.search.AbstractMetaDataBasedSearchCallback  - createFKEdge(rs=org.apache.commons.dbcp.DelegatingResultSet@3f5f30ad, type=0, from=SCOPEDCONTENTCONDITIONATTRIBUTE, to=SCOPEDCONTENTCONDITION, fkColumn=SCOPEDCONTENTCONDITION, pkColumn=ID) - start
171218 [main] DEBUG org.dbunit.database.search.AbstractMetaDataBasedSearchCallback  - Adding edge SCOPEDCONTENTCONDITIONATTRIBUTE(SCOPEDCONTENTCONDITION)->SCOPEDCONTENTCONDITION(ID)
171218 [main] DEBUG org.dbunit.util.search.Edge  - compareTo(o=SCOPEDCONTENTCONDITIONATTRIBUTE(SCOPEDCONTENTCONDITION)->SCOPEDCONTENTCONDITION(ID)) - start
171218 [main] DEBUG org.dbunit.util.SQLHelper  - close(resultSet=org.apache.commons.dbcp.DelegatingResultSet@3f5f30ad) - start
171218 [main] DEBUG org.dbunit.util.search.DepthFirstSearch  - search:SCOPEDCONTENTCONDITION
171218 [main] DEBUG org.dbunit.database.search.ImportedKeysSearchCallback  - searchNode(node=SCOPEDCONTENTCONDITION) - start
171218 [main] DEBUG org.dbunit.util.search.DepthFirstSearch  - Pushing SCOPEDCONTENTCONDITION
171218 [main] DEBUG org.dbunit.database.search.ImportedKeysSearchCallback  - getEdges(node=SCOPEDCONTENTCONDITION) - start
171218 [main] DEBUG org.dbunit.database.search.AbstractMetaDataBasedSearchCallback  - getNodesFromImportedKeys(node=SCOPEDCONTENTCONDITION) - start
171218 [main] DEBUG org.dbunit.database.search.AbstractMetaDataBasedSearchCallback  - getNodes(type=0, node=SCOPEDCONTENTCONDITION) - start
171218 [main] DEBUG org.dbunit.database.DatabaseDataSourceConnection  - getConnection() - start
171218 [main] DEBUG org.dbunit.database.search.AbstractMetaDataBasedSearchCallback  - getNodes(type=0, node=SCOPEDCONTENTCONDITION, conn=Transaction-aware proxy for target Connection [jdbc:hsqldb:mem:kontrollDS, UserName=sw, HSQL Database Engine Driver], schema=null, metaData=org.apache.commons.dbcp.DelegatingDatabaseMetaData@274ce5c, edges=[]) - start
171218 [main] DEBUG org.dbunit.database.search.AbstractMetaDataBasedSearchCallback  - Getting edges for node SCOPEDCONTENTCONDITION
171218 [main] TRACE org.dbunit.database.DatabaseConfig  - getProperty(name=http://www.dbunit.org/properties/metadataHandler) - start
171218 [main] TRACE org.dbunit.database.DefaultMetadataHandler  - tableExists(metaData=org.apache.commons.dbcp.DelegatingDatabaseMetaData@274ce5c, schemaName=null, tableName=SCOPEDCONTENTCONDITION) - start
171219 [main] DEBUG org.dbunit.util.SQLHelper  - close(resultSet=org.apache.commons.dbcp.DelegatingResultSet@7f1d2d2) - start
171220 [main] DEBUG org.dbunit.util.SQLHelper  - close(resultSet=org.apache.commons.dbcp.DelegatingResultSet@21029201) - start
171220 [main] DEBUG org.dbunit.util.search.DepthFirstSearch  - Adding node SCOPEDCONTENTCONDITION to the final result
171220 [main] DEBUG org.dbunit.util.search.DepthFirstSearch  - Adding node SCOPEDCONTENTCONDITIONATTRIBUTE to the final result
171220 [main] DEBUG org.dbunit.util.search.DepthFirstSearch  - reverseSearch:SCOPEDCONTENTCONDITION
171223 [main] DEBUG org.dbunit.database.search.ImportedKeysSearchCallback  - searchNode(node=SCOPEDCONTENTCONDITION) - start
171223 [main] DEBUG org.dbunit.util.search.DepthFirstSearch  - Pushing (reverse) SCOPEDCONTENTCONDITION
171223 [main] DEBUG org.dbunit.database.search.ImportedKeysSearchCallback  - getEdges(node=SCOPEDCONTENTCONDITION) - start
171223 [main] DEBUG org.dbunit.database.search.AbstractMetaDataBasedSearchCallback  - getNodesFromImportedKeys(node=SCOPEDCONTENTCONDITION) - start
171223 [main] DEBUG org.dbunit.database.search.AbstractMetaDataBasedSearchCallback  - getNodes(type=0, node=SCOPEDCONTENTCONDITION) - start
171223 [main] DEBUG org.dbunit.database.DatabaseDataSourceConnection  - getConnection() - start
171223 [main] DEBUG org.dbunit.database.search.AbstractMetaDataBasedSearchCallback  - getNodes(type=0, node=SCOPEDCONTENTCONDITION, conn=Transaction-aware proxy for target Connection [jdbc:hsqldb:mem:kontrollDS, UserName=sw, HSQL Database Engine Driver], schema=null, metaData=org.apache.commons.dbcp.DelegatingDatabaseMetaData@2fbf9095, edges=[]) - start
171223 [main] DEBUG org.dbunit.database.search.AbstractMetaDataBasedSearchCallback  - Getting edges for node SCOPEDCONTENTCONDITION
171223 [main] TRACE org.dbunit.database.DatabaseConfig  - getProperty(name=http://www.dbunit.org/properties/metadataHandler) - start
171223 [main] TRACE org.dbunit.database.DefaultMetadataHandler  - tableExists(metaData=org.apache.commons.dbcp.DelegatingDatabaseMetaData@2fbf9095, schemaName=null, tableName=SCOPEDCONTENTCONDITION) - start
171224 [main] DEBUG org.dbunit.util.SQLHelper  - close(resultSet=org.apache.commons.dbcp.DelegatingResultSet@ceeba9a) - start
171224 [main] DEBUG org.dbunit.util.SQLHelper  - close(resultSet=org.apache.commons.dbcp.DelegatingResultSet@61740b61) - start
171224 [main] DEBUG org.dbunit.util.search.DepthFirstSearch  - reverseSearch:SCOPEDCONTENTCONDITIONATTRIBUTE
171224 [main] DEBUG org.dbunit.util.search.DepthFirstSearch  - already searched; returning true
171224 [main] DEBUG org.dbunit.util.search.DepthFirstSearch  - search:SCOPEDCONTENTCONDITIONATTRIBUTE
171224 [main] DEBUG org.dbunit.util.search.DepthFirstSearch  - already searched; returning true
171224 [main] DEBUG org.dbunit.util.search.DepthFirstSearch  - search:SCOPEDCONTENTCONDITION
171224 [main] DEBUG org.dbunit.util.search.DepthFirstSearch  - already searched; returning true
171224 [main] DEBUG org.dbunit.database.DatabaseSequenceFilter  - getDependencyInfo(connection=_databaseConfig=org.dbunit.database.DatabaseConfig[, _propertyMap={http://www.dbunit.org/properties/statementFactory=org.dbunit.database.statement.PreparedStatementFactory@626bc2b8, http://www.dbunit.org/features/caseSensitiveTableNames=false, http://www.dbunit.org/properties/fetchSize=100, http://www.dbunit.org/features/batchedStatements=false, http://www.dbunit.org/properties/metadataHandler=org.dbunit.database.DefaultMetadataHandler@62baffef, http://www.dbunit.org/properties/datatypeFactory=org.dbunit.dataset.datatype.DefaultDataTypeFactory[_toleratedDeltaMap=org.dbunit.dataset.datatype.ToleratedDeltaMap@6452310a], http://www.dbunit.org/properties/escapePattern=null, http://www.dbunit.org/properties/batchSize=100, http://www.dbunit.org/features/qualifiedTableNames=false, http://www.dbunit.org/properties/tableType=[Ljava.lang.String;@5011bafa, http://www.dbunit.org/properties/resultSetTableFactory=org.dbunit.database.CachedResultSetTableFactory@10bcf083, http://www.dbunit.org/features/datatypeWarning=true}], _dataSet=AbstractDataSet[_orderedTableNameMap=null], tableName=SCOPEDCONTENTCONDITIONS_SCOPEDCONTENT) - start
171225 [main] DEBUG org.dbunit.database.search.TablesDependencyHelper  - getDependentTables(connection=_databaseConfig=org.dbunit.database.DatabaseConfig[, _propertyMap={http://www.dbunit.org/properties/statementFactory=org.dbunit.database.statement.PreparedStatementFactory@626bc2b8, http://www.dbunit.org/features/caseSensitiveTableNames=false, http://www.dbunit.org/properties/fetchSize=100, http://www.dbunit.org/features/batchedStatements=false, http://www.dbunit.org/properties/metadataHandler=org.dbunit.database.DefaultMetadataHandler@62baffef, http://www.dbunit.org/properties/datatypeFactory=org.dbunit.dataset.datatype.DefaultDataTypeFactory[_toleratedDeltaMap=org.dbunit.dataset.datatype.ToleratedDeltaMap@6452310a], http://www.dbunit.org/properties/escapePattern=null, http://www.dbunit.org/properties/batchSize=100, http://www.dbunit.org/features/qualifiedTableNames=false, http://www.dbunit.org/properties/tableType=[Ljava.lang.String;@5011bafa, http://www.dbunit.org/properties/resultSetTableFactory=org.dbunit.database.CachedResultSetTableFactory@10bcf083, http://www.dbunit.org/features/datatypeWarning=true}], _dataSet=AbstractDataSet[_orderedTableNameMap=null], rootTable=SCOPEDCONTENTCONDITIONS_SCOPEDCONTENT) - start
171225 [main] DEBUG org.dbunit.database.search.TablesDependencyHelper  - getDependentTables(connection=_databaseConfig=org.dbunit.database.DatabaseConfig[, _propertyMap={http://www.dbunit.org/properties/statementFactory=org.dbunit.database.statement.PreparedStatementFactory@626bc2b8, http://www.dbunit.org/features/caseSensitiveTableNames=false, http://www.dbunit.org/properties/fetchSize=100, http://www.dbunit.org/features/batchedStatements=false, http://www.dbunit.org/properties/metadataHandler=org.dbunit.database.DefaultMetadataHandler@62baffef, http://www.dbunit.org/properties/datatypeFactory=org.dbunit.dataset.datatype.DefaultDataTypeFactory[_toleratedDeltaMap=org.dbunit.dataset.datatype.ToleratedDeltaMap@6452310a], http://www.dbunit.org/properties/escapePattern=null, http://www.dbunit.org/properties/batchSize=100, http://www.dbunit.org/features/qualifiedTableNames=false, http://www.dbunit.org/properties/tableType=[Ljava.lang.String;@5011bafa, http://www.dbunit.org/properties/resultSetTableFactory=org.dbunit.database.CachedResultSetTableFactory@10bcf083, http://www.dbunit.org/features/datatypeWarning=true}], _dataSet=AbstractDataSet[_orderedTableNameMap=null], rootTables=[SCOPEDCONTENTCONDITIONS_SCOPEDCONTENT]) - start
171225 [main] DEBUG org.dbunit.util.search.DepthFirstSearch  - search(nodesFrom=[SCOPEDCONTENTCONDITIONS_SCOPEDCONTENT], callback=org.dbunit.database.search.ImportedKeysSearchCallback@28ba4ca0) - start
171225 [main] DEBUG org.dbunit.util.CollectionsHelper  - objectsToSet(objects=SCOPEDCONTENTCONDITIONS_SCOPEDCONTENT) - start
171225 [main] DEBUG org.dbunit.util.search.DepthFirstSearch  - search(nodesFrom=[SCOPEDCONTENTCONDITIONS_SCOPEDCONTENT], callback=org.dbunit.database.search.ImportedKeysSearchCallback@28ba4ca0) - start
171225 [main] DEBUG org.dbunit.util.search.DepthFirstSearch  - reverseSearch:SCOPEDCONTENTCONDITIONS_SCOPEDCONTENT
171225 [main] DEBUG org.dbunit.database.search.ImportedKeysSearchCallback  - searchNode(node=SCOPEDCONTENTCONDITIONS_SCOPEDCONTENT) - start
171225 [main] DEBUG org.dbunit.util.search.DepthFirstSearch  - Pushing (reverse) SCOPEDCONTENTCONDITIONS_SCOPEDCONTENT
171225 [main] DEBUG org.dbunit.database.search.ImportedKeysSearchCallback  - getEdges(node=SCOPEDCONTENTCONDITIONS_SCOPEDCONTENT) - start
171225 [main] DEBUG org.dbunit.database.search.AbstractMetaDataBasedSearchCallback  - getNodesFromImportedKeys(node=SCOPEDCONTENTCONDITIONS_SCOPEDCONTENT) - start
171225 [main] DEBUG org.dbunit.database.search.AbstractMetaDataBasedSearchCallback  - getNodes(type=0, node=SCOPEDCONTENTCONDITIONS_SCOPEDCONTENT) - start
171225 [main] DEBUG org.dbunit.database.DatabaseDataSourceConnection  - getConnection() - start
171225 [main] DEBUG org.dbunit.database.search.AbstractMetaDataBasedSearchCallback  - getNodes(type=0, node=SCOPEDCONTENTCONDITIONS_SCOPEDCONTENT, conn=Transaction-aware proxy for target Connection [jdbc:hsqldb:mem:kontrollDS, UserName=sw, HSQL Database Engine Driver], schema=null, metaData=org.apache.commons.dbcp.DelegatingDatabaseMetaData@5efcb143, edges=[]) - start
171225 [main] DEBUG org.dbunit.database.search.AbstractMetaDataBasedSearchCallback  - Getting edges for node SCOPEDCONTENTCONDITIONS_SCOPEDCONTENT
171225 [main] TRACE org.dbunit.database.DatabaseConfig  - getProperty(name=http://www.dbunit.org/properties/metadataHandler) - start
171225 [main] TRACE org.dbunit.database.DefaultMetadataHandler  - tableExists(metaData=org.apache.commons.dbcp.DelegatingDatabaseMetaData@5efcb143, schemaName=null, tableName=SCOPEDCONTENTCONDITIONS_SCOPEDCONTENT) - start
171226 [main] DEBUG org.dbunit.util.SQLHelper  - close(resultSet=org.apache.commons.dbcp.DelegatingResultSet@168c9e71) - start
171227 [main] DEBUG org.dbunit.util.QualifiedTableName  - getQualifiedNameIfEnabled(config=org.dbunit.database.DatabaseConfig[, _propertyMap={http://www.dbunit.org/properties/statementFactory=org.dbunit.database.statement.PreparedStatementFactory@626bc2b8, http://www.dbunit.org/features/caseSensitiveTableNames=false, http://www.dbunit.org/properties/fetchSize=100, http://www.dbunit.org/features/batchedStatements=false, http://www.dbunit.org/properties/metadataHandler=org.dbunit.database.DefaultMetadataHandler@62baffef, http://www.dbunit.org/properties/datatypeFactory=org.dbunit.dataset.datatype.DefaultDataTypeFactory[_toleratedDeltaMap=org.dbunit.dataset.datatype.ToleratedDeltaMap@6452310a], http://www.dbunit.org/properties/escapePattern=null, http://www.dbunit.org/properties/batchSize=100, http://www.dbunit.org/features/qualifiedTableNames=false, http://www.dbunit.org/properties/tableType=[Ljava.lang.String;@5011bafa, http://www.dbunit.org/properties/resultSetTableFactory=org.dbunit.database.CachedResultSetTableFactory@10bcf083, http://www.dbunit.org/features/datatypeWarning=true}]) - start
171227 [main] TRACE org.dbunit.database.DatabaseConfig  - getFeature(name=http://www.dbunit.org/features/qualifiedTableNames) - start
171227 [main] TRACE org.dbunit.database.DatabaseConfig  - getProperty(name=http://www.dbunit.org/features/qualifiedTableNames) - start
171227 [main] DEBUG org.dbunit.util.QualifiedTableName  - Qualified table names feature is disabled. Returning plain table name
171227 [main] DEBUG org.dbunit.util.QualifiedTableName  - getQualifiedName(prefix=null, name=SCOPEDCONTENTCONDITIONS_SCOPEDCONTENT, escapePattern=null) - start
171227 [main] DEBUG org.dbunit.util.QualifiedTableName  - getQualifiedNameIfEnabled(config=org.dbunit.database.DatabaseConfig[, _propertyMap={http://www.dbunit.org/properties/statementFactory=org.dbunit.database.statement.PreparedStatementFactory@626bc2b8, http://www.dbunit.org/features/caseSensitiveTableNames=false, http://www.dbunit.org/properties/fetchSize=100, http://www.dbunit.org/features/batchedStatements=false, http://www.dbunit.org/properties/metadataHandler=org.dbunit.database.DefaultMetadataHandler@62baffef, http://www.dbunit.org/properties/datatypeFactory=org.dbunit.dataset.datatype.DefaultDataTypeFactory[_toleratedDeltaMap=org.dbunit.dataset.datatype.ToleratedDeltaMap@6452310a], http://www.dbunit.org/properties/escapePattern=null, http://www.dbunit.org/properties/batchSize=100, http://www.dbunit.org/features/qualifiedTableNames=false, http://www.dbunit.org/properties/tableType=[Ljava.lang.String;@5011bafa, http://www.dbunit.org/properties/resultSetTableFactory=org.dbunit.database.CachedResultSetTableFactory@10bcf083, http://www.dbunit.org/features/datatypeWarning=true}]) - start
171227 [main] TRACE org.dbunit.database.DatabaseConfig  - getFeature(name=http://www.dbunit.org/features/qualifiedTableNames) - start
171227 [main] TRACE org.dbunit.database.DatabaseConfig  - getProperty(name=http://www.dbunit.org/features/qualifiedTableNames) - start
171227 [main] DEBUG org.dbunit.util.QualifiedTableName  - Qualified table names feature is disabled. Returning plain table name
171227 [main] DEBUG org.dbunit.util.QualifiedTableName  - getQualifiedName(prefix=null, name=SCOPEDCONTENT, escapePattern=null) - start
171227 [main] DEBUG org.dbunit.database.search.AbstractMetaDataBasedSearchCallback  - newEdge(rs=org.apache.commons.dbcp.DelegatingResultSet@1bb413aa, type=0, from=SCOPEDCONTENTCONDITIONS_SCOPEDCONTENT, to=SCOPEDCONTENT, fkColumn=SCOPED_CONTENT_ID, pkColumn=ID) - start
171227 [main] DEBUG org.dbunit.database.search.AbstractMetaDataBasedSearchCallback  - createFKEdge(rs=org.apache.commons.dbcp.DelegatingResultSet@1bb413aa, type=0, from=SCOPEDCONTENTCONDITIONS_SCOPEDCONTENT, to=SCOPEDCONTENT, fkColumn=SCOPED_CONTENT_ID, pkColumn=ID) - start
171227 [main] DEBUG org.dbunit.database.search.AbstractMetaDataBasedSearchCallback  - Adding edge SCOPEDCONTENTCONDITIONS_SCOPEDCONTENT(SCOPED_CONTENT_ID)->SCOPEDCONTENT(ID)
171227 [main] DEBUG org.dbunit.util.search.Edge  - compareTo(o=SCOPEDCONTENTCONDITIONS_SCOPEDCONTENT(SCOPED_CONTENT_ID)->SCOPEDCONTENT(ID)) - start
171227 [main] DEBUG org.dbunit.util.QualifiedTableName  - getQualifiedNameIfEnabled(config=org.dbunit.database.DatabaseConfig[, _propertyMap={http://www.dbunit.org/properties/statementFactory=org.dbunit.database.statement.PreparedStatementFactory@626bc2b8, http://www.dbunit.org/features/caseSensitiveTableNames=false, http://www.dbunit.org/properties/fetchSize=100, http://www.dbunit.org/features/batchedStatements=false, http://www.dbunit.org/properties/metadataHandler=org.dbunit.database.DefaultMetadataHandler@62baffef, http://www.dbunit.org/properties/datatypeFactory=org.dbunit.dataset.datatype.DefaultDataTypeFactory[_toleratedDeltaMap=org.dbunit.dataset.datatype.ToleratedDeltaMap@6452310a], http://www.dbunit.org/properties/escapePattern=null, http://www.dbunit.org/properties/batchSize=100, http://www.dbunit.org/features/qualifiedTableNames=false, http://www.dbunit.org/properties/tableType=[Ljava.lang.String;@5011bafa, http://www.dbunit.org/properties/resultSetTableFactory=org.dbunit.database.CachedResultSetTableFactory@10bcf083, http://www.dbunit.org/features/datatypeWarning=true}]) - start
171227 [main] TRACE org.dbunit.database.DatabaseConfig  - getFeature(name=http://www.dbunit.org/features/qualifiedTableNames) - start
171227 [main] TRACE org.dbunit.database.DatabaseConfig  - getProperty(name=http://www.dbunit.org/features/qualifiedTableNames) - start
171227 [main] DEBUG org.dbunit.util.QualifiedTableName  - Qualified table names feature is disabled. Returning plain table name
171227 [main] DEBUG org.dbunit.util.QualifiedTableName  - getQualifiedName(prefix=null, name=SCOPEDCONTENTCONDITIONS_SCOPEDCONTENT, escapePattern=null) - start
171227 [main] DEBUG org.dbunit.util.QualifiedTableName  - getQualifiedNameIfEnabled(config=org.dbunit.database.DatabaseConfig[, _propertyMap={http://www.dbunit.org/properties/statementFactory=org.dbunit.database.statement.PreparedStatementFactory@626bc2b8, http://www.dbunit.org/features/caseSensitiveTableNames=false, http://www.dbunit.org/properties/fetchSize=100, http://www.dbunit.org/features/batchedStatements=false, http://www.dbunit.org/properties/metadataHandler=org.dbunit.database.DefaultMetadataHandler@62baffef, http://www.dbunit.org/properties/datatypeFactory=org.dbunit.dataset.datatype.DefaultDataTypeFactory[_toleratedDeltaMap=org.dbunit.dataset.datatype.ToleratedDeltaMap@6452310a], http://www.dbunit.org/properties/escapePattern=null, http://www.dbunit.org/properties/batchSize=100, http://www.dbunit.org/features/qualifiedTableNames=false, http://www.dbunit.org/properties/tableType=[Ljava.lang.String;@5011bafa, http://www.dbunit.org/properties/resultSetTableFactory=org.dbunit.database.CachedResultSetTableFactory@10bcf083, http://www.dbunit.org/features/datatypeWarning=true}]) - start
171227 [main] TRACE org.dbunit.database.DatabaseConfig  - getFeature(name=http://www.dbunit.org/features/qualifiedTableNames) - start
171227 [main] TRACE org.dbunit.database.DatabaseConfig  - getProperty(name=http://www.dbunit.org/features/qualifiedTableNames) - start
171227 [main] DEBUG org.dbunit.util.QualifiedTableName  - Qualified table names feature is disabled. Returning plain table name
171228 [main] DEBUG org.dbunit.util.QualifiedTableName  - getQualifiedName(prefix=null, name=SCOPEDCONTENTCONDITION, escapePattern=null) - start
171228 [main] DEBUG org.dbunit.database.search.AbstractMetaDataBasedSearchCallback  - newEdge(rs=org.apache.commons.dbcp.DelegatingResultSet@1bb413aa, type=0, from=SCOPEDCONTENTCONDITIONS_SCOPEDCONTENT, to=SCOPEDCONTENTCONDITION, fkColumn=SCOPED_CONTENT_CONDITION_ID, pkColumn=ID) - start
171228 [main] DEBUG org.dbunit.database.search.AbstractMetaDataBasedSearchCallback  - createFKEdge(rs=org.apache.commons.dbcp.DelegatingResultSet@1bb413aa, type=0, from=SCOPEDCONTENTCONDITIONS_SCOPEDCONTENT, to=SCOPEDCONTENTCONDITION, fkColumn=SCOPED_CONTENT_CONDITION_ID, pkColumn=ID) - start
171228 [main] DEBUG org.dbunit.database.search.AbstractMetaDataBasedSearchCallback  - Adding edge SCOPEDCONTENTCONDITIONS_SCOPEDCONTENT(SCOPED_CONTENT_CONDITION_ID)->SCOPEDCONTENTCONDITION(ID)
171228 [main] DEBUG org.dbunit.util.search.Edge  - compareTo(o=SCOPEDCONTENTCONDITIONS_SCOPEDCONTENT(SCOPED_CONTENT_ID)->SCOPEDCONTENT(ID)) - start
171228 [main] DEBUG org.dbunit.util.SQLHelper  - close(resultSet=org.apache.commons.dbcp.DelegatingResultSet@1bb413aa) - start
171228 [main] DEBUG org.dbunit.util.search.DepthFirstSearch  - search:SCOPEDCONTENTCONDITIONS_SCOPEDCONTENT
171228 [main] DEBUG org.dbunit.database.search.ImportedKeysSearchCallback  - searchNode(node=SCOPEDCONTENTCONDITIONS_SCOPEDCONTENT) - start
171228 [main] DEBUG org.dbunit.util.search.DepthFirstSearch  - Pushing SCOPEDCONTENTCONDITIONS_SCOPEDCONTENT
171228 [main] DEBUG org.dbunit.database.search.ImportedKeysSearchCallback  - getEdges(node=SCOPEDCONTENTCONDITIONS_SCOPEDCONTENT) - start
171228 [main] DEBUG org.dbunit.database.search.AbstractMetaDataBasedSearchCallback  - getNodesFromImportedKeys(node=SCOPEDCONTENTCONDITIONS_SCOPEDCONTENT) - start
171228 [main] DEBUG org.dbunit.database.search.AbstractMetaDataBasedSearchCallback  - getNodes(type=0, node=SCOPEDCONTENTCONDITIONS_SCOPEDCONTENT) - start
171228 [main] DEBUG org.dbunit.database.DatabaseDataSourceConnection  - getConnection() - start
171228 [main] DEBUG org.dbunit.database.search.AbstractMetaDataBasedSearchCallback  - getNodes(type=0, node=SCOPEDCONTENTCONDITIONS_SCOPEDCONTENT, conn=Transaction-aware proxy for target Connection [jdbc:hsqldb:mem:kontrollDS, UserName=sw, HSQL Database Engine Driver], schema=null, metaData=org.apache.commons.dbcp.DelegatingDatabaseMetaData@4b770c1b, edges=[]) - start
171228 [main] DEBUG org.dbunit.database.search.AbstractMetaDataBasedSearchCallback  - Getting edges for node SCOPEDCONTENTCONDITIONS_SCOPEDCONTENT
171228 [main] TRACE org.dbunit.database.DatabaseConfig  - getProperty(name=http://www.dbunit.org/properties/metadataHandler) - start
171228 [main] TRACE org.dbunit.database.DefaultMetadataHandler  - tableExists(metaData=org.apache.commons.dbcp.DelegatingDatabaseMetaData@4b770c1b, schemaName=null, tableName=SCOPEDCONTENTCONDITIONS_SCOPEDCONTENT) - start
171229 [main] DEBUG org.dbunit.util.SQLHelper  - close(resultSet=org.apache.commons.dbcp.DelegatingResultSet@5c4fb2b6) - start
171230 [main] DEBUG org.dbunit.util.QualifiedTableName  - getQualifiedNameIfEnabled(config=org.dbunit.database.DatabaseConfig[, _propertyMap={http://www.dbunit.org/properties/statementFactory=org.dbunit.database.statement.PreparedStatementFactory@626bc2b8, http://www.dbunit.org/features/caseSensitiveTableNames=false, http://www.dbunit.org/properties/fetchSize=100, http://www.dbunit.org/features/batchedStatements=false, http://www.dbunit.org/properties/metadataHandler=org.dbunit.database.DefaultMetadataHandler@62baffef, http://www.dbunit.org/properties/datatypeFactory=org.dbunit.dataset.datatype.DefaultDataTypeFactory[_toleratedDeltaMap=org.dbunit.dataset.datatype.ToleratedDeltaMap@6452310a], http://www.dbunit.org/properties/escapePattern=null, http://www.dbunit.org/properties/batchSize=100, http://www.dbunit.org/features/qualifiedTableNames=false, http://www.dbunit.org/properties/tableType=[Ljava.lang.String;@5011bafa, http://www.dbunit.org/properties/resultSetTableFactory=org.dbunit.database.CachedResultSetTableFactory@10bcf083, http://www.dbunit.org/features/datatypeWarning=true}]) - start
171230 [main] TRACE org.dbunit.database.DatabaseConfig  - getFeature(name=http://www.dbunit.org/features/qualifiedTableNames) - start
171230 [main] TRACE org.dbunit.database.DatabaseConfig  - getProperty(name=http://www.dbunit.org/features/qualifiedTableNames) - start
171230 [main] DEBUG org.dbunit.util.QualifiedTableName  - Qualified table names feature is disabled. Returning plain table name
171230 [main] DEBUG org.dbunit.util.QualifiedTableName  - getQualifiedName(prefix=null, name=SCOPEDCONTENTCONDITIONS_SCOPEDCONTENT, escapePattern=null) - start
171230 [main] DEBUG org.dbunit.util.QualifiedTableName  - getQualifiedNameIfEnabled(config=org.dbunit.database.DatabaseConfig[, _propertyMap={http://www.dbunit.org/properties/statementFactory=org.dbunit.database.statement.PreparedStatementFactory@626bc2b8, http://www.dbunit.org/features/caseSensitiveTableNames=false, http://www.dbunit.org/properties/fetchSize=100, http://www.dbunit.org/features/batchedStatements=false, http://www.dbunit.org/properties/metadataHandler=org.dbunit.database.DefaultMetadataHandler@62baffef, http://www.dbunit.org/properties/datatypeFactory=org.dbunit.dataset.datatype.DefaultDataTypeFactory[_toleratedDeltaMap=org.dbunit.dataset.datatype.ToleratedDeltaMap@6452310a], http://www.dbunit.org/properties/escapePattern=null, http://www.dbunit.org/properties/batchSize=100, http://www.dbunit.org/features/qualifiedTableNames=false, http://www.dbunit.org/properties/tableType=[Ljava.lang.String;@5011bafa, http://www.dbunit.org/properties/resultSetTableFactory=org.dbunit.database.CachedResultSetTableFactory@10bcf083, http://www.dbunit.org/features/datatypeWarning=true}]) - start
171230 [main] TRACE org.dbunit.database.DatabaseConfig  - getFeature(name=http://www.dbunit.org/features/qualifiedTableNames) - start
171230 [main] TRACE org.dbunit.database.DatabaseConfig  - getProperty(name=http://www.dbunit.org/features/qualifiedTableNames) - start
171230 [main] DEBUG org.dbunit.util.QualifiedTableName  - Qualified table names feature is disabled. Returning plain table name
171230 [main] DEBUG org.dbunit.util.QualifiedTableName  - getQualifiedName(prefix=null, name=SCOPEDCONTENT, escapePattern=null) - start
171230 [main] DEBUG org.dbunit.database.search.AbstractMetaDataBasedSearchCallback  - newEdge(rs=org.apache.commons.dbcp.DelegatingResultSet@45ccef6d, type=0, from=SCOPEDCONTENTCONDITIONS_SCOPEDCONTENT, to=SCOPEDCONTENT, fkColumn=SCOPED_CONTENT_ID, pkColumn=ID) - start
171230 [main] DEBUG org.dbunit.database.search.AbstractMetaDataBasedSearchCallback  - createFKEdge(rs=org.apache.commons.dbcp.DelegatingResultSet@45ccef6d, type=0, from=SCOPEDCONTENTCONDITIONS_SCOPEDCONTENT, to=SCOPEDCONTENT, fkColumn=SCOPED_CONTENT_ID, pkColumn=ID) - start
171230 [main] DEBUG org.dbunit.database.search.AbstractMetaDataBasedSearchCallback  - Adding edge SCOPEDCONTENTCONDITIONS_SCOPEDCONTENT(SCOPED_CONTENT_ID)->SCOPEDCONTENT(ID)
171230 [main] DEBUG org.dbunit.util.search.Edge  - compareTo(o=SCOPEDCONTENTCONDITIONS_SCOPEDCONTENT(SCOPED_CONTENT_ID)->SCOPEDCONTENT(ID)) - start
171230 [main] DEBUG org.dbunit.util.QualifiedTableName  - getQualifiedNameIfEnabled(config=org.dbunit.database.DatabaseConfig[, _propertyMap={http://www.dbunit.org/properties/statementFactory=org.dbunit.database.statement.PreparedStatementFactory@626bc2b8, http://www.dbunit.org/features/caseSensitiveTableNames=false, http://www.dbunit.org/properties/fetchSize=100, http://www.dbunit.org/features/batchedStatements=false, http://www.dbunit.org/properties/metadataHandler=org.dbunit.database.DefaultMetadataHandler@62baffef, http://www.dbunit.org/properties/datatypeFactory=org.dbunit.dataset.datatype.DefaultDataTypeFactory[_toleratedDeltaMap=org.dbunit.dataset.datatype.ToleratedDeltaMap@6452310a], http://www.dbunit.org/properties/escapePattern=null, http://www.dbunit.org/properties/batchSize=100, http://www.dbunit.org/features/qualifiedTableNames=false, http://www.dbunit.org/properties/tableType=[Ljava.lang.String;@5011bafa, http://www.dbunit.org/properties/resultSetTableFactory=org.dbunit.database.CachedResultSetTableFactory@10bcf083, http://www.dbunit.org/features/datatypeWarning=true}]) - start
171230 [main] TRACE org.dbunit.database.DatabaseConfig  - getFeature(name=http://www.dbunit.org/features/qualifiedTableNames) - start
171230 [main] TRACE org.dbunit.database.DatabaseConfig  - getProperty(name=http://www.dbunit.org/features/qualifiedTableNames) - start
171230 [main] DEBUG org.dbunit.util.QualifiedTableName  - Qualified table names feature is disabled. Returning plain table name
171230 [main] DEBUG org.dbunit.util.QualifiedTableName  - getQualifiedName(prefix=null, name=SCOPEDCONTENTCONDITIONS_SCOPEDCONTENT, escapePattern=null) - start
171230 [main] DEBUG org.dbunit.util.QualifiedTableName  - getQualifiedNameIfEnabled(config=org.dbunit.database.DatabaseConfig[, _propertyMap={http://www.dbunit.org/properties/statementFactory=org.dbunit.database.statement.PreparedStatementFactory@626bc2b8, http://www.dbunit.org/features/caseSensitiveTableNames=false, http://www.dbunit.org/properties/fetchSize=100, http://www.dbunit.org/features/batchedStatements=false, http://www.dbunit.org/properties/metadataHandler=org.dbunit.database.DefaultMetadataHandler@62baffef, http://www.dbunit.org/properties/datatypeFactory=org.dbunit.dataset.datatype.DefaultDataTypeFactory[_toleratedDeltaMap=org.dbunit.dataset.datatype.ToleratedDeltaMap@6452310a], http://www.dbunit.org/properties/escapePattern=null, http://www.dbunit.org/properties/batchSize=100, http://www.dbunit.org/features/qualifiedTableNames=false, http://www.dbunit.org/properties/tableType=[Ljava.lang.String;@5011bafa, http://www.dbunit.org/properties/resultSetTableFactory=org.dbunit.database.CachedResultSetTableFactory@10bcf083, http://www.dbunit.org/features/datatypeWarning=true}]) - start
171230 [main] TRACE org.dbunit.database.DatabaseConfig  - getFeature(name=http://www.dbunit.org/features/qualifiedTableNames) - start
171230 [main] TRACE org.dbunit.database.DatabaseConfig  - getProperty(name=http://www.dbunit.org/features/qualifiedTableNames) - start
171230 [main] DEBUG org.dbunit.util.QualifiedTableName  - Qualified table names feature is disabled. Returning plain table name
171231 [main] DEBUG org.dbunit.util.QualifiedTableName  - getQualifiedName(prefix=null, name=SCOPEDCONTENTCONDITION, escapePattern=null) - start
171231 [main] DEBUG org.dbunit.database.search.AbstractMetaDataBasedSearchCallback  - newEdge(rs=org.apache.commons.dbcp.DelegatingResultSet@45ccef6d, type=0, from=SCOPEDCONTENTCONDITIONS_SCOPEDCONTENT, to=SCOPEDCONTENTCONDITION, fkColumn=SCOPED_CONTENT_CONDITION_ID, pkColumn=ID) - start
171231 [main] DEBUG org.dbunit.database.search.AbstractMetaDataBasedSearchCallback  - createFKEdge(rs=org.apache.commons.dbcp.DelegatingResultSet@45ccef6d, type=0, from=SCOPEDCONTENTCONDITIONS_SCOPEDCONTENT, to=SCOPEDCONTENTCONDITION, fkColumn=SCOPED_CONTENT_CONDITION_ID, pkColumn=ID) - start
171231 [main] DEBUG org.dbunit.database.search.AbstractMetaDataBasedSearchCallback  - Adding edge SCOPEDCONTENTCONDITIONS_SCOPEDCONTENT(SCOPED_CONTENT_CONDITION_ID)->SCOPEDCONTENTCONDITION(ID)
171231 [main] DEBUG org.dbunit.util.search.Edge  - compareTo(o=SCOPEDCONTENTCONDITIONS_SCOPEDCONTENT(SCOPED_CONTENT_ID)->SCOPEDCONTENT(ID)) - start
171231 [main] DEBUG org.dbunit.util.SQLHelper  - close(resultSet=org.apache.commons.dbcp.DelegatingResultSet@45ccef6d) - start
171231 [main] DEBUG org.dbunit.util.search.DepthFirstSearch  - search:SCOPEDCONTENT
171231 [main] DEBUG org.dbunit.database.search.ImportedKeysSearchCallback  - searchNode(node=SCOPEDCONTENT) - start
171231 [main] DEBUG org.dbunit.util.search.DepthFirstSearch  - Pushing SCOPEDCONTENT
171231 [main] DEBUG org.dbunit.database.search.ImportedKeysSearchCallback  - getEdges(node=SCOPEDCONTENT) - start
171231 [main] DEBUG org.dbunit.database.search.AbstractMetaDataBasedSearchCallback  - getNodesFromImportedKeys(node=SCOPEDCONTENT) - start
171231 [main] DEBUG org.dbunit.database.search.AbstractMetaDataBasedSearchCallback  - getNodes(type=0, node=SCOPEDCONTENT) - start
171231 [main] DEBUG org.dbunit.database.DatabaseDataSourceConnection  - getConnection() - start
171231 [main] DEBUG org.dbunit.database.search.AbstractMetaDataBasedSearchCallback  - getNodes(type=0, node=SCOPEDCONTENT, conn=Transaction-aware proxy for target Connection [jdbc:hsqldb:mem:kontrollDS, UserName=sw, HSQL Database Engine Driver], schema=null, metaData=org.apache.commons.dbcp.DelegatingDatabaseMetaData@117b00e8, edges=[]) - start
171231 [main] DEBUG org.dbunit.database.search.AbstractMetaDataBasedSearchCallback  - Getting edges for node SCOPEDCONTENT
171231 [main] TRACE org.dbunit.database.DatabaseConfig  - getProperty(name=http://www.dbunit.org/properties/metadataHandler) - start
171231 [main] TRACE org.dbunit.database.DefaultMetadataHandler  - tableExists(metaData=org.apache.commons.dbcp.DelegatingDatabaseMetaData@117b00e8, schemaName=null, tableName=SCOPEDCONTENT) - start
171232 [main] DEBUG org.dbunit.util.SQLHelper  - close(resultSet=org.apache.commons.dbcp.DelegatingResultSet@173d0c37) - start
171233 [main] DEBUG org.dbunit.util.QualifiedTableName  - getQualifiedNameIfEnabled(config=org.dbunit.database.DatabaseConfig[, _propertyMap={http://www.dbunit.org/properties/statementFactory=org.dbunit.database.statement.PreparedStatementFactory@626bc2b8, http://www.dbunit.org/features/caseSensitiveTableNames=false, http://www.dbunit.org/properties/fetchSize=100, http://www.dbunit.org/features/batchedStatements=false, http://www.dbunit.org/properties/metadataHandler=org.dbunit.database.DefaultMetadataHandler@62baffef, http://www.dbunit.org/properties/datatypeFactory=org.dbunit.dataset.datatype.DefaultDataTypeFactory[_toleratedDeltaMap=org.dbunit.dataset.datatype.ToleratedDeltaMap@6452310a], http://www.dbunit.org/properties/escapePattern=null, http://www.dbunit.org/properties/batchSize=100, http://www.dbunit.org/features/qualifiedTableNames=false, http://www.dbunit.org/properties/tableType=[Ljava.lang.String;@5011bafa, http://www.dbunit.org/properties/resultSetTableFactory=org.dbunit.database.CachedResultSetTableFactory@10bcf083, http://www.dbunit.org/features/datatypeWarning=true}]) - start
171233 [main] TRACE org.dbunit.database.DatabaseConfig  - getFeature(name=http://www.dbunit.org/features/qualifiedTableNames) - start
171233 [main] TRACE org.dbunit.database.DatabaseConfig  - getProperty(name=http://www.dbunit.org/features/qualifiedTableNames) - start
171233 [main] DEBUG org.dbunit.util.QualifiedTableName  - Qualified table names feature is disabled. Returning plain table name
171233 [main] DEBUG org.dbunit.util.QualifiedTableName  - getQualifiedName(prefix=null, name=SCOPEDCONTENT, escapePattern=null) - start
171233 [main] DEBUG org.dbunit.util.QualifiedTableName  - getQualifiedNameIfEnabled(config=org.dbunit.database.DatabaseConfig[, _propertyMap={http://www.dbunit.org/properties/statementFactory=org.dbunit.database.statement.PreparedStatementFactory@626bc2b8, http://www.dbunit.org/features/caseSensitiveTableNames=false, http://www.dbunit.org/properties/fetchSize=100, http://www.dbunit.org/features/batchedStatements=false, http://www.dbunit.org/properties/metadataHandler=org.dbunit.database.DefaultMetadataHandler@62baffef, http://www.dbunit.org/properties/datatypeFactory=org.dbunit.dataset.datatype.DefaultDataTypeFactory[_toleratedDeltaMap=org.dbunit.dataset.datatype.ToleratedDeltaMap@6452310a], http://www.dbunit.org/properties/escapePattern=null, http://www.dbunit.org/properties/batchSize=100, http://www.dbunit.org/features/qualifiedTableNames=false, http://www.dbunit.org/properties/tableType=[Ljava.lang.String;@5011bafa, http://www.dbunit.org/properties/resultSetTableFactory=org.dbunit.database.CachedResultSetTableFactory@10bcf083, http://www.dbunit.org/features/datatypeWarning=true}]) - start
171233 [main] TRACE org.dbunit.database.DatabaseConfig  - getFeature(name=http://www.dbunit.org/features/qualifiedTableNames) - start
171233 [main] TRACE org.dbunit.database.DatabaseConfig  - getProperty(name=http://www.dbunit.org/features/qualifiedTableNames) - start
171233 [main] DEBUG org.dbunit.util.QualifiedTableName  - Qualified table names feature is disabled. Returning plain table name
171233 [main] DEBUG org.dbunit.util.QualifiedTableName  - getQualifiedName(prefix=null, name=SCOPE, escapePattern=null) - start
171233 [main] DEBUG org.dbunit.database.search.AbstractMetaDataBasedSearchCallback  - newEdge(rs=org.apache.commons.dbcp.DelegatingResultSet@5e457c11, type=0, from=SCOPEDCONTENT, to=SCOPE, fkColumn=SCOPE, pkColumn=ID) - start
171233 [main] DEBUG org.dbunit.database.search.AbstractMetaDataBasedSearchCallback  - createFKEdge(rs=org.apache.commons.dbcp.DelegatingResultSet@5e457c11, type=0, from=SCOPEDCONTENT, to=SCOPE, fkColumn=SCOPE, pkColumn=ID) - start
171233 [main] DEBUG org.dbunit.database.search.AbstractMetaDataBasedSearchCallback  - Adding edge SCOPEDCONTENT(SCOPE)->SCOPE(ID)
171233 [main] DEBUG org.dbunit.util.search.Edge  - compareTo(o=SCOPEDCONTENT(SCOPE)->SCOPE(ID)) - start
171233 [main] DEBUG org.dbunit.util.SQLHelper  - close(resultSet=org.apache.commons.dbcp.DelegatingResultSet@5e457c11) - start
171233 [main] DEBUG org.dbunit.util.search.DepthFirstSearch  - search:SCOPE
171233 [main] DEBUG org.dbunit.database.search.ImportedKeysSearchCallback  - searchNode(node=SCOPE) - start
171233 [main] DEBUG org.dbunit.util.search.DepthFirstSearch  - Pushing SCOPE
171233 [main] DEBUG org.dbunit.database.search.ImportedKeysSearchCallback  - getEdges(node=SCOPE) - start
171233 [main] DEBUG org.dbunit.database.search.AbstractMetaDataBasedSearchCallback  - getNodesFromImportedKeys(node=SCOPE) - start
171233 [main] DEBUG org.dbunit.database.search.AbstractMetaDataBasedSearchCallback  - getNodes(type=0, node=SCOPE) - start
171233 [main] DEBUG org.dbunit.database.DatabaseDataSourceConnection  - getConnection() - start
171234 [main] DEBUG org.dbunit.database.search.AbstractMetaDataBasedSearchCallback  - getNodes(type=0, node=SCOPE, conn=Transaction-aware proxy for target Connection [jdbc:hsqldb:mem:kontrollDS, UserName=sw, HSQL Database Engine Driver], schema=null, metaData=org.apache.commons.dbcp.DelegatingDatabaseMetaData@23d47071, edges=[]) - start
171234 [main] DEBUG org.dbunit.database.search.AbstractMetaDataBasedSearchCallback  - Getting edges for node SCOPE
171234 [main] TRACE org.dbunit.database.DatabaseConfig  - getProperty(name=http://www.dbunit.org/properties/metadataHandler) - start
171234 [main] TRACE org.dbunit.database.DefaultMetadataHandler  - tableExists(metaData=org.apache.commons.dbcp.DelegatingDatabaseMetaData@23d47071, schemaName=null, tableName=SCOPE) - start
171235 [main] DEBUG org.dbunit.util.SQLHelper  - close(resultSet=org.apache.commons.dbcp.DelegatingResultSet@6fa3fa1a) - start
171235 [main] DEBUG org.dbunit.util.SQLHelper  - close(resultSet=org.apache.commons.dbcp.DelegatingResultSet@73af4c) - start
171235 [main] DEBUG org.dbunit.util.search.DepthFirstSearch  - Adding node SCOPE to the final result
171235 [main] DEBUG org.dbunit.util.search.DepthFirstSearch  - Adding node SCOPEDCONTENT to the final result
171235 [main] DEBUG org.dbunit.util.search.DepthFirstSearch  - search:SCOPEDCONTENTCONDITION
171235 [main] DEBUG org.dbunit.database.search.ImportedKeysSearchCallback  - searchNode(node=SCOPEDCONTENTCONDITION) - start
171235 [main] DEBUG org.dbunit.util.search.DepthFirstSearch  - Pushing SCOPEDCONTENTCONDITION
171235 [main] DEBUG org.dbunit.database.search.ImportedKeysSearchCallback  - getEdges(node=SCOPEDCONTENTCONDITION) - start
171235 [main] DEBUG org.dbunit.database.search.AbstractMetaDataBasedSearchCallback  - getNodesFromImportedKeys(node=SCOPEDCONTENTCONDITION) - start
171235 [main] DEBUG org.dbunit.database.search.AbstractMetaDataBasedSearchCallback  - getNodes(type=0, node=SCOPEDCONTENTCONDITION) - start
171235 [main] DEBUG org.dbunit.database.DatabaseDataSourceConnection  - getConnection() - start
171235 [main] DEBUG org.dbunit.database.search.AbstractMetaDataBasedSearchCallback  - getNodes(type=0, node=SCOPEDCONTENTCONDITION, conn=Transaction-aware proxy for target Connection [jdbc:hsqldb:mem:kontrollDS, UserName=sw, HSQL Database Engine Driver], schema=null, metaData=org.apache.commons.dbcp.DelegatingDatabaseMetaData@2af9a6cf, edges=[]) - start
171235 [main] DEBUG org.dbunit.database.search.AbstractMetaDataBasedSearchCallback  - Getting edges for node SCOPEDCONTENTCONDITION
171235 [main] TRACE org.dbunit.database.DatabaseConfig  - getProperty(name=http://www.dbunit.org/properties/metadataHandler) - start
171235 [main] TRACE org.dbunit.database.DefaultMetadataHandler  - tableExists(metaData=org.apache.commons.dbcp.DelegatingDatabaseMetaData@2af9a6cf, schemaName=null, tableName=SCOPEDCONTENTCONDITION) - start
171236 [main] DEBUG org.dbunit.util.SQLHelper  - close(resultSet=org.apache.commons.dbcp.DelegatingResultSet@6b8210e5) - start
171237 [main] DEBUG org.dbunit.util.SQLHelper  - close(resultSet=org.apache.commons.dbcp.DelegatingResultSet@2ad7faa7) - start
171237 [main] DEBUG org.dbunit.util.search.DepthFirstSearch  - Adding node SCOPEDCONTENTCONDITION to the final result
171237 [main] DEBUG org.dbunit.util.search.DepthFirstSearch  - Adding node SCOPEDCONTENTCONDITIONS_SCOPEDCONTENT to the final result
171237 [main] DEBUG org.dbunit.util.search.DepthFirstSearch  - reverseSearch:SCOPEDCONTENT
171237 [main] DEBUG org.dbunit.database.search.ImportedKeysSearchCallback  - searchNode(node=SCOPEDCONTENT) - start
171237 [main] DEBUG org.dbunit.util.search.DepthFirstSearch  - Pushing (reverse) SCOPEDCONTENT
171237 [main] DEBUG org.dbunit.database.search.ImportedKeysSearchCallback  - getEdges(node=SCOPEDCONTENT) - start
171237 [main] DEBUG org.dbunit.database.search.AbstractMetaDataBasedSearchCallback  - getNodesFromImportedKeys(node=SCOPEDCONTENT) - start
171237 [main] DEBUG org.dbunit.database.search.AbstractMetaDataBasedSearchCallback  - getNodes(type=0, node=SCOPEDCONTENT) - start
171237 [main] DEBUG org.dbunit.database.DatabaseDataSourceConnection  - getConnection() - start
171237 [main] DEBUG org.dbunit.database.search.AbstractMetaDataBasedSearchCallback  - getNodes(type=0, node=SCOPEDCONTENT, conn=Transaction-aware proxy for target Connection [jdbc:hsqldb:mem:kontrollDS, UserName=sw, HSQL Database Engine Driver], schema=null, metaData=org.apache.commons.dbcp.DelegatingDatabaseMetaData@4988ffea, edges=[]) - start
171237 [main] DEBUG org.dbunit.database.search.AbstractMetaDataBasedSearchCallback  - Getting edges for node SCOPEDCONTENT
171237 [main] TRACE org.dbunit.database.DatabaseConfig  - getProperty(name=http://www.dbunit.org/properties/metadataHandler) - start
171237 [main] TRACE org.dbunit.database.DefaultMetadataHandler  - tableExists(metaData=org.apache.commons.dbcp.DelegatingDatabaseMetaData@4988ffea, schemaName=null, tableName=SCOPEDCONTENT) - start
171238 [main] DEBUG org.dbunit.util.SQLHelper  - close(resultSet=org.apache.commons.dbcp.DelegatingResultSet@5b3c222f) - start
171239 [main] DEBUG org.dbunit.util.QualifiedTableName  - getQualifiedNameIfEnabled(config=org.dbunit.database.DatabaseConfig[, _propertyMap={http://www.dbunit.org/properties/statementFactory=org.dbunit.database.statement.PreparedStatementFactory@626bc2b8, http://www.dbunit.org/features/caseSensitiveTableNames=false, http://www.dbunit.org/properties/fetchSize=100, http://www.dbunit.org/features/batchedStatements=false, http://www.dbunit.org/properties/metadataHandler=org.dbunit.database.DefaultMetadataHandler@62baffef, http://www.dbunit.org/properties/datatypeFactory=org.dbunit.dataset.datatype.DefaultDataTypeFactory[_toleratedDeltaMap=org.dbunit.dataset.datatype.ToleratedDeltaMap@6452310a], http://www.dbunit.org/properties/escapePattern=null, http://www.dbunit.org/properties/batchSize=100, http://www.dbunit.org/features/qualifiedTableNames=false, http://www.dbunit.org/properties/tableType=[Ljava.lang.String;@5011bafa, http://www.dbunit.org/properties/resultSetTableFactory=org.dbunit.database.CachedResultSetTableFactory@10bcf083, http://www.dbunit.org/features/datatypeWarning=true}]) - start
171239 [main] TRACE org.dbunit.database.DatabaseConfig  - getFeature(name=http://www.dbunit.org/features/qualifiedTableNames) - start
171239 [main] TRACE org.dbunit.database.DatabaseConfig  - getProperty(name=http://www.dbunit.org/features/qualifiedTableNames) - start
171239 [main] DEBUG org.dbunit.util.QualifiedTableName  - Qualified table names feature is disabled. Returning plain table name
171239 [main] DEBUG org.dbunit.util.QualifiedTableName  - getQualifiedName(prefix=null, name=SCOPEDCONTENT, escapePattern=null) - start
171239 [main] DEBUG org.dbunit.util.QualifiedTableName  - getQualifiedNameIfEnabled(config=org.dbunit.database.DatabaseConfig[, _propertyMap={http://www.dbunit.org/properties/statementFactory=org.dbunit.database.statement.PreparedStatementFactory@626bc2b8, http://www.dbunit.org/features/caseSensitiveTableNames=false, http://www.dbunit.org/properties/fetchSize=100, http://www.dbunit.org/features/batchedStatements=false, http://www.dbunit.org/properties/metadataHandler=org.dbunit.database.DefaultMetadataHandler@62baffef, http://www.dbunit.org/properties/datatypeFactory=org.dbunit.dataset.datatype.DefaultDataTypeFactory[_toleratedDeltaMap=org.dbunit.dataset.datatype.ToleratedDeltaMap@6452310a], http://www.dbunit.org/properties/escapePattern=null, http://www.dbunit.org/properties/batchSize=100, http://www.dbunit.org/features/qualifiedTableNames=false, http://www.dbunit.org/properties/tableType=[Ljava.lang.String;@5011bafa, http://www.dbunit.org/properties/resultSetTableFactory=org.dbunit.database.CachedResultSetTableFactory@10bcf083, http://www.dbunit.org/features/datatypeWarning=true}]) - start
171239 [main] TRACE org.dbunit.database.DatabaseConfig  - getFeature(name=http://www.dbunit.org/features/qualifiedTableNames) - start
171239 [main] TRACE org.dbunit.database.DatabaseConfig  - getProperty(name=http://www.dbunit.org/features/qualifiedTableNames) - start
171239 [main] DEBUG org.dbunit.util.QualifiedTableName  - Qualified table names feature is disabled. Returning plain table name
171241 [main] DEBUG org.dbunit.util.QualifiedTableName  - getQualifiedName(prefix=null, name=SCOPE, escapePattern=null) - start
171241 [main] DEBUG org.dbunit.database.search.AbstractMetaDataBasedSearchCallback  - newEdge(rs=org.apache.commons.dbcp.DelegatingResultSet@448b1ae7, type=0, from=SCOPEDCONTENT, to=SCOPE, fkColumn=SCOPE, pkColumn=ID) - start
171241 [main] DEBUG org.dbunit.database.search.AbstractMetaDataBasedSearchCallback  - createFKEdge(rs=org.apache.commons.dbcp.DelegatingResultSet@448b1ae7, type=0, from=SCOPEDCONTENT, to=SCOPE, fkColumn=SCOPE, pkColumn=ID) - start
171241 [main] DEBUG org.dbunit.database.search.AbstractMetaDataBasedSearchCallback  - Adding edge SCOPEDCONTENT(SCOPE)->SCOPE(ID)
171241 [main] DEBUG org.dbunit.util.search.Edge  - compareTo(o=SCOPEDCONTENT(SCOPE)->SCOPE(ID)) - start
171241 [main] DEBUG org.dbunit.util.SQLHelper  - close(resultSet=org.apache.commons.dbcp.DelegatingResultSet@448b1ae7) - start
171242 [main] DEBUG org.dbunit.util.search.DepthFirstSearch  - reverseSearch:SCOPE
171242 [main] DEBUG org.dbunit.database.search.ImportedKeysSearchCallback  - searchNode(node=SCOPE) - start
171242 [main] DEBUG org.dbunit.util.search.DepthFirstSearch  - Pushing (reverse) SCOPE
171242 [main] DEBUG org.dbunit.database.search.ImportedKeysSearchCallback  - getEdges(node=SCOPE) - start
171242 [main] DEBUG org.dbunit.database.search.AbstractMetaDataBasedSearchCallback  - getNodesFromImportedKeys(node=SCOPE) - start
171242 [main] DEBUG org.dbunit.database.search.AbstractMetaDataBasedSearchCallback  - getNodes(type=0, node=SCOPE) - start
171242 [main] DEBUG org.dbunit.database.DatabaseDataSourceConnection  - getConnection() - start
171242 [main] DEBUG org.dbunit.database.search.AbstractMetaDataBasedSearchCallback  - getNodes(type=0, node=SCOPE, conn=Transaction-aware proxy for target Connection [jdbc:hsqldb:mem:kontrollDS, UserName=sw, HSQL Database Engine Driver], schema=null, metaData=org.apache.commons.dbcp.DelegatingDatabaseMetaData@89356d9, edges=[]) - start
171242 [main] DEBUG org.dbunit.database.search.AbstractMetaDataBasedSearchCallback  - Getting edges for node SCOPE
171242 [main] TRACE org.dbunit.database.DatabaseConfig  - getProperty(name=http://www.dbunit.org/properties/metadataHandler) - start
171242 [main] TRACE org.dbunit.database.DefaultMetadataHandler  - tableExists(metaData=org.apache.commons.dbcp.DelegatingDatabaseMetaData@89356d9, schemaName=null, tableName=SCOPE) - start
171243 [main] DEBUG org.dbunit.util.SQLHelper  - close(resultSet=org.apache.commons.dbcp.DelegatingResultSet@1ee8b16c) - start
171243 [main] DEBUG org.dbunit.util.SQLHelper  - close(resultSet=org.apache.commons.dbcp.DelegatingResultSet@659a501d) - start
171243 [main] DEBUG org.dbunit.util.search.DepthFirstSearch  - reverseSearch:SCOPEDCONTENTCONDITION
171243 [main] DEBUG org.dbunit.database.search.ImportedKeysSearchCallback  - searchNode(node=SCOPEDCONTENTCONDITION) - start
171243 [main] DEBUG org.dbunit.util.search.DepthFirstSearch  - Pushing (reverse) SCOPEDCONTENTCONDITION
171243 [main] DEBUG org.dbunit.database.search.ImportedKeysSearchCallback  - getEdges(node=SCOPEDCONTENTCONDITION) - start
171243 [main] DEBUG org.dbunit.database.search.AbstractMetaDataBasedSearchCallback  - getNodesFromImportedKeys(node=SCOPEDCONTENTCONDITION) - start
171243 [main] DEBUG org.dbunit.database.search.AbstractMetaDataBasedSearchCallback  - getNodes(type=0, node=SCOPEDCONTENTCONDITION) - start
171243 [main] DEBUG org.dbunit.database.DatabaseDataSourceConnection  - getConnection() - start
171243 [main] DEBUG org.dbunit.database.search.AbstractMetaDataBasedSearchCallback  - getNodes(type=0, node=SCOPEDCONTENTCONDITION, conn=Transaction-aware proxy for target Connection [jdbc:hsqldb:mem:kontrollDS, UserName=sw, HSQL Database Engine Driver], schema=null, metaData=org.apache.commons.dbcp.DelegatingDatabaseMetaData@7601d407, edges=[]) - start
171243 [main] DEBUG org.dbunit.database.search.AbstractMetaDataBasedSearchCallback  - Getting edges for node SCOPEDCONTENTCONDITION
171243 [main] TRACE org.dbunit.database.DatabaseConfig  - getProperty(name=http://www.dbunit.org/properties/metadataHandler) - start
171244 [main] TRACE org.dbunit.database.DefaultMetadataHandler  - tableExists(metaData=org.apache.commons.dbcp.DelegatingDatabaseMetaData@7601d407, schemaName=null, tableName=SCOPEDCONTENTCONDITION) - start
171244 [main] DEBUG org.dbunit.util.SQLHelper  - close(resultSet=org.apache.commons.dbcp.DelegatingResultSet@3f21ec7d) - start
171245 [main] DEBUG org.dbunit.util.SQLHelper  - close(resultSet=org.apache.commons.dbcp.DelegatingResultSet@274fdb06) - start
171245 [main] DEBUG org.dbunit.util.search.DepthFirstSearch  - reverseSearch:SCOPEDCONTENTCONDITIONS_SCOPEDCONTENT
171245 [main] DEBUG org.dbunit.util.search.DepthFirstSearch  - already searched; returning true
171245 [main] DEBUG org.dbunit.util.search.DepthFirstSearch  - search:SCOPEDCONTENTCONDITIONS_SCOPEDCONTENT
171245 [main] DEBUG org.dbunit.util.search.DepthFirstSearch  - already searched; returning true
171245 [main] DEBUG org.dbunit.util.search.DepthFirstSearch  - search:SCOPEDCONTENT
171245 [main] DEBUG org.dbunit.util.search.DepthFirstSearch  - already searched; returning true
171245 [main] DEBUG org.dbunit.util.search.DepthFirstSearch  - search:SCOPE
171245 [main] DEBUG org.dbunit.util.search.DepthFirstSearch  - already searched; returning true
171245 [main] DEBUG org.dbunit.util.search.DepthFirstSearch  - search:SCOPEDCONTENTCONDITION
171245 [main] DEBUG org.dbunit.util.search.DepthFirstSearch  - already searched; returning true
171245 [main] DEBUG org.dbunit.util.CollectionsHelper  - setToStrings(set=[SCOPE, SCOPEDCONTENT, SCOPEDCONTENTCONDITION, SCOPEDCONTENTCONDITIONS_SCOPEDCONTENT]) - start
171245 [main] DEBUG org.dbunit.database.search.TablesDependencyHelper  - getDependsOnTables(connection=_databaseConfig=org.dbunit.database.DatabaseConfig[, _propertyMap={http://www.dbunit.org/properties/statementFactory=org.dbunit.database.statement.PreparedStatementFactory@626bc2b8, http://www.dbunit.org/features/caseSensitiveTableNames=false, http://www.dbunit.org/properties/fetchSize=100, http://www.dbunit.org/features/batchedStatements=false, http://www.dbunit.org/properties/metadataHandler=org.dbunit.database.DefaultMetadataHandler@62baffef, http://www.dbunit.org/properties/datatypeFactory=org.dbunit.dataset.datatype.DefaultDataTypeFactory[_toleratedDeltaMap=org.dbunit.dataset.datatype.ToleratedDeltaMap@6452310a], http://www.dbunit.org/properties/escapePattern=null, http://www.dbunit.org/properties/batchSize=100, http://www.dbunit.org/features/qualifiedTableNames=false, http://www.dbunit.org/properties/tableType=[Ljava.lang.String;@5011bafa, http://www.dbunit.org/properties/resultSetTableFactory=org.dbunit.database.CachedResultSetTableFactory@10bcf083, http://www.dbunit.org/features/datatypeWarning=true}], _dataSet=AbstractDataSet[_orderedTableNameMap=null], rootTable=SCOPEDCONTENTCONDITIONS_SCOPEDCONTENT) - start
171245 [main] DEBUG org.dbunit.util.search.DepthFirstSearch  - search(nodesFrom=[SCOPEDCONTENTCONDITIONS_SCOPEDCONTENT], callback=org.dbunit.database.search.ExportedKeysSearchCallback@15fc53a3) - start
171245 [main] DEBUG org.dbunit.util.CollectionsHelper  - objectsToSet(objects=SCOPEDCONTENTCONDITIONS_SCOPEDCONTENT) - start
171245 [main] DEBUG org.dbunit.util.search.DepthFirstSearch  - search(nodesFrom=[SCOPEDCONTENTCONDITIONS_SCOPEDCONTENT], callback=org.dbunit.database.search.ExportedKeysSearchCallback@15fc53a3) - start
171245 [main] DEBUG org.dbunit.util.search.DepthFirstSearch  - reverseSearch:SCOPEDCONTENTCONDITIONS_SCOPEDCONTENT
171245 [main] DEBUG org.dbunit.database.search.ExportedKeysSearchCallback  - searchNode(node=SCOPEDCONTENTCONDITIONS_SCOPEDCONTENT) - start
171246 [main] DEBUG org.dbunit.util.search.DepthFirstSearch  - Pushing (reverse) SCOPEDCONTENTCONDITIONS_SCOPEDCONTENT
171246 [main] DEBUG org.dbunit.database.search.ExportedKeysSearchCallback  - getEdges(node=SCOPEDCONTENTCONDITIONS_SCOPEDCONTENT) - start
171246 [main] DEBUG org.dbunit.database.search.AbstractMetaDataBasedSearchCallback  - getNodesFromExportedKeys(node=SCOPEDCONTENTCONDITIONS_SCOPEDCONTENT) - start
171246 [main] DEBUG org.dbunit.database.search.AbstractMetaDataBasedSearchCallback  - getNodes(type=1, node=SCOPEDCONTENTCONDITIONS_SCOPEDCONTENT) - start
171246 [main] DEBUG org.dbunit.database.DatabaseDataSourceConnection  - getConnection() - start
171246 [main] DEBUG org.dbunit.database.search.AbstractMetaDataBasedSearchCallback  - getNodes(type=1, node=SCOPEDCONTENTCONDITIONS_SCOPEDCONTENT, conn=Transaction-aware proxy for target Connection [jdbc:hsqldb:mem:kontrollDS, UserName=sw, HSQL Database Engine Driver], schema=null, metaData=org.apache.commons.dbcp.DelegatingDatabaseMetaData@68d6fd9b, edges=[]) - start
171246 [main] DEBUG org.dbunit.database.search.AbstractMetaDataBasedSearchCallback  - Getting edges for node SCOPEDCONTENTCONDITIONS_SCOPEDCONTENT
171246 [main] TRACE org.dbunit.database.DatabaseConfig  - getProperty(name=http://www.dbunit.org/properties/metadataHandler) - start
171246 [main] TRACE org.dbunit.database.DefaultMetadataHandler  - tableExists(metaData=org.apache.commons.dbcp.DelegatingDatabaseMetaData@68d6fd9b, schemaName=null, tableName=SCOPEDCONTENTCONDITIONS_SCOPEDCONTENT) - start
171247 [main] DEBUG org.dbunit.util.SQLHelper  - close(resultSet=org.apache.commons.dbcp.DelegatingResultSet@25363455) - start
171247 [main] DEBUG org.dbunit.util.SQLHelper  - close(resultSet=org.apache.commons.dbcp.DelegatingResultSet@63d59451) - start
171247 [main] DEBUG org.dbunit.util.search.DepthFirstSearch  - search:SCOPEDCONTENTCONDITIONS_SCOPEDCONTENT
171247 [main] DEBUG org.dbunit.database.search.ExportedKeysSearchCallback  - searchNode(node=SCOPEDCONTENTCONDITIONS_SCOPEDCONTENT) - start
171247 [main] DEBUG org.dbunit.util.search.DepthFirstSearch  - Pushing SCOPEDCONTENTCONDITIONS_SCOPEDCONTENT
171247 [main] DEBUG org.dbunit.database.search.ExportedKeysSearchCallback  - getEdges(node=SCOPEDCONTENTCONDITIONS_SCOPEDCONTENT) - start
171247 [main] DEBUG org.dbunit.database.search.AbstractMetaDataBasedSearchCallback  - getNodesFromExportedKeys(node=SCOPEDCONTENTCONDITIONS_SCOPEDCONTENT) - start
171247 [main] DEBUG org.dbunit.database.search.AbstractMetaDataBasedSearchCallback  - getNodes(type=1, node=SCOPEDCONTENTCONDITIONS_SCOPEDCONTENT) - start
171247 [main] DEBUG org.dbunit.database.DatabaseDataSourceConnection  - getConnection() - start
171247 [main] DEBUG org.dbunit.database.search.AbstractMetaDataBasedSearchCallback  - getNodes(type=1, node=SCOPEDCONTENTCONDITIONS_SCOPEDCONTENT, conn=Transaction-aware proxy for target Connection [jdbc:hsqldb:mem:kontrollDS, UserName=sw, HSQL Database Engine Driver], schema=null, metaData=org.apache.commons.dbcp.DelegatingDatabaseMetaData@5afc850b, edges=[]) - start
171248 [main] DEBUG org.dbunit.database.search.AbstractMetaDataBasedSearchCallback  - Getting edges for node SCOPEDCONTENTCONDITIONS_SCOPEDCONTENT
171248 [main] TRACE org.dbunit.database.DatabaseConfig  - getProperty(name=http://www.dbunit.org/properties/metadataHandler) - start
171248 [main] TRACE org.dbunit.database.DefaultMetadataHandler  - tableExists(metaData=org.apache.commons.dbcp.DelegatingDatabaseMetaData@5afc850b, schemaName=null, tableName=SCOPEDCONTENTCONDITIONS_SCOPEDCONTENT) - start
171249 [main] DEBUG org.dbunit.util.SQLHelper  - close(resultSet=org.apache.commons.dbcp.DelegatingResultSet@51079610) - start
171249 [main] DEBUG org.dbunit.util.SQLHelper  - close(resultSet=org.apache.commons.dbcp.DelegatingResultSet@7c2c75d0) - start
171249 [main] DEBUG org.dbunit.util.search.DepthFirstSearch  - Adding node SCOPEDCONTENTCONDITIONS_SCOPEDCONTENT to the final result
171249 [main] DEBUG org.dbunit.util.CollectionsHelper  - setToStrings(set=[SCOPEDCONTENTCONDITIONS_SCOPEDCONTENT]) - start
171250 [main] DEBUG org.dbunit.database.search.TablesDependencyHelper  - getDirectDependsOnTables(connection=_databaseConfig=org.dbunit.database.DatabaseConfig[, _propertyMap={http://www.dbunit.org/properties/statementFactory=org.dbunit.database.statement.PreparedStatementFactory@626bc2b8, http://www.dbunit.org/features/caseSensitiveTableNames=false, http://www.dbunit.org/properties/fetchSize=100, http://www.dbunit.org/features/batchedStatements=false, http://www.dbunit.org/properties/metadataHandler=org.dbunit.database.DefaultMetadataHandler@62baffef, http://www.dbunit.org/properties/datatypeFactory=org.dbunit.dataset.datatype.DefaultDataTypeFactory[_toleratedDeltaMap=org.dbunit.dataset.datatype.ToleratedDeltaMap@6452310a], http://www.dbunit.org/properties/escapePattern=null, http://www.dbunit.org/properties/batchSize=100, http://www.dbunit.org/features/qualifiedTableNames=false, http://www.dbunit.org/properties/tableType=[Ljava.lang.String;@5011bafa, http://www.dbunit.org/properties/resultSetTableFactory=org.dbunit.database.CachedResultSetTableFactory@10bcf083, http://www.dbunit.org/features/datatypeWarning=true}], _dataSet=AbstractDataSet[_orderedTableNameMap=null], tableName=SCOPEDCONTENTCONDITIONS_SCOPEDCONTENT) - start
171250 [main] DEBUG org.dbunit.util.search.DepthFirstSearch  - search(nodesFrom=[SCOPEDCONTENTCONDITIONS_SCOPEDCONTENT], callback=org.dbunit.database.search.ExportedKeysSearchCallback@4c16b0d) - start
171250 [main] DEBUG org.dbunit.util.CollectionsHelper  - objectsToSet(objects=SCOPEDCONTENTCONDITIONS_SCOPEDCONTENT) - start
171250 [main] DEBUG org.dbunit.util.search.DepthFirstSearch  - search(nodesFrom=[SCOPEDCONTENTCONDITIONS_SCOPEDCONTENT], callback=org.dbunit.database.search.ExportedKeysSearchCallback@4c16b0d) - start
171250 [main] DEBUG org.dbunit.util.search.DepthFirstSearch  - reverseSearch:SCOPEDCONTENTCONDITIONS_SCOPEDCONTENT
171250 [main] DEBUG org.dbunit.database.search.ExportedKeysSearchCallback  - searchNode(node=SCOPEDCONTENTCONDITIONS_SCOPEDCONTENT) - start
171250 [main] DEBUG org.dbunit.util.search.DepthFirstSearch  - Pushing (reverse) SCOPEDCONTENTCONDITIONS_SCOPEDCONTENT
171250 [main] DEBUG org.dbunit.database.search.ExportedKeysSearchCallback  - getEdges(node=SCOPEDCONTENTCONDITIONS_SCOPEDCONTENT) - start
171250 [main] DEBUG org.dbunit.database.search.AbstractMetaDataBasedSearchCallback  - getNodesFromExportedKeys(node=SCOPEDCONTENTCONDITIONS_SCOPEDCONTENT) - start
171250 [main] DEBUG org.dbunit.database.search.AbstractMetaDataBasedSearchCallback  - getNodes(type=1, node=SCOPEDCONTENTCONDITIONS_SCOPEDCONTENT) - start
171250 [main] DEBUG org.dbunit.database.DatabaseDataSourceConnection  - getConnection() - start
171250 [main] DEBUG org.dbunit.database.search.AbstractMetaDataBasedSearchCallback  - getNodes(type=1, node=SCOPEDCONTENTCONDITIONS_SCOPEDCONTENT, conn=Transaction-aware proxy for target Connection [jdbc:hsqldb:mem:kontrollDS, UserName=sw, HSQL Database Engine Driver], schema=null, metaData=org.apache.commons.dbcp.DelegatingDatabaseMetaData@365b24eb, edges=[]) - start
171250 [main] DEBUG org.dbunit.database.search.AbstractMetaDataBasedSearchCallback  - Getting edges for node SCOPEDCONTENTCONDITIONS_SCOPEDCONTENT
171250 [main] TRACE org.dbunit.database.DatabaseConfig  - getProperty(name=http://www.dbunit.org/properties/metadataHandler) - start
171250 [main] TRACE org.dbunit.database.DefaultMetadataHandler  - tableExists(metaData=org.apache.commons.dbcp.DelegatingDatabaseMetaData@365b24eb, schemaName=null, tableName=SCOPEDCONTENTCONDITIONS_SCOPEDCONTENT) - start
171251 [main] DEBUG org.dbunit.util.SQLHelper  - close(resultSet=org.apache.commons.dbcp.DelegatingResultSet@65c35d41) - start
171252 [main] DEBUG org.dbunit.util.SQLHelper  - close(resultSet=org.apache.commons.dbcp.DelegatingResultSet@21c44155) - start
171252 [main] DEBUG org.dbunit.util.search.DepthFirstSearch  - search:SCOPEDCONTENTCONDITIONS_SCOPEDCONTENT
171252 [main] DEBUG org.dbunit.database.search.ExportedKeysSearchCallback  - searchNode(node=SCOPEDCONTENTCONDITIONS_SCOPEDCONTENT) - start
171252 [main] DEBUG org.dbunit.util.search.DepthFirstSearch  - Pushing SCOPEDCONTENTCONDITIONS_SCOPEDCONTENT
171252 [main] DEBUG org.dbunit.database.search.ExportedKeysSearchCallback  - getEdges(node=SCOPEDCONTENTCONDITIONS_SCOPEDCONTENT) - start
171252 [main] DEBUG org.dbunit.database.search.AbstractMetaDataBasedSearchCallback  - getNodesFromExportedKeys(node=SCOPEDCONTENTCONDITIONS_SCOPEDCONTENT) - start
171252 [main] DEBUG org.dbunit.database.search.AbstractMetaDataBasedSearchCallback  - getNodes(type=1, node=SCOPEDCONTENTCONDITIONS_SCOPEDCONTENT) - start
171252 [main] DEBUG org.dbunit.database.DatabaseDataSourceConnection  - getConnection() - start
171252 [main] DEBUG org.dbunit.database.search.AbstractMetaDataBasedSearchCallback  - getNodes(type=1, node=SCOPEDCONTENTCONDITIONS_SCOPEDCONTENT, conn=Transaction-aware proxy for target Connection [jdbc:hsqldb:mem:kontrollDS, UserName=sw, HSQL Database Engine Driver], schema=null, metaData=org.apache.commons.dbcp.DelegatingDatabaseMetaData@5b9d44c4, edges=[]) - start
171252 [main] DEBUG org.dbunit.database.search.AbstractMetaDataBasedSearchCallback  - Getting edges for node SCOPEDCONTENTCONDITIONS_SCOPEDCONTENT
171252 [main] TRACE org.dbunit.database.DatabaseConfig  - getProperty(name=http://www.dbunit.org/properties/metadataHandler) - start
171252 [main] TRACE org.dbunit.database.DefaultMetadataHandler  - tableExists(metaData=org.apache.commons.dbcp.DelegatingDatabaseMetaData@5b9d44c4, schemaName=null, tableName=SCOPEDCONTENTCONDITIONS_SCOPEDCONTENT) - start
171253 [main] DEBUG org.dbunit.util.SQLHelper  - close(resultSet=org.apache.commons.dbcp.DelegatingResultSet@2887223b) - start
171253 [main] DEBUG org.dbunit.util.SQLHelper  - close(resultSet=org.apache.commons.dbcp.DelegatingResultSet@179f5069) - start
171254 [main] DEBUG org.dbunit.util.search.DepthFirstSearch  - Adding node SCOPEDCONTENTCONDITIONS_SCOPEDCONTENT to the final result
171254 [main] DEBUG org.dbunit.database.search.TablesDependencyHelper  - getDirectDependentTables(connection=_databaseConfig=org.dbunit.database.DatabaseConfig[, _propertyMap={http://www.dbunit.org/properties/statementFactory=org.dbunit.database.statement.PreparedStatementFactory@626bc2b8, http://www.dbunit.org/features/caseSensitiveTableNames=false, http://www.dbunit.org/properties/fetchSize=100, http://www.dbunit.org/features/batchedStatements=false, http://www.dbunit.org/properties/metadataHandler=org.dbunit.database.DefaultMetadataHandler@62baffef, http://www.dbunit.org/properties/datatypeFactory=org.dbunit.dataset.datatype.DefaultDataTypeFactory[_toleratedDeltaMap=org.dbunit.dataset.datatype.ToleratedDeltaMap@6452310a], http://www.dbunit.org/properties/escapePattern=null, http://www.dbunit.org/properties/batchSize=100, http://www.dbunit.org/features/qualifiedTableNames=false, http://www.dbunit.org/properties/tableType=[Ljava.lang.String;@5011bafa, http://www.dbunit.org/properties/resultSetTableFactory=org.dbunit.database.CachedResultSetTableFactory@10bcf083, http://www.dbunit.org/features/datatypeWarning=true}], _dataSet=AbstractDataSet[_orderedTableNameMap=null], tableName=SCOPEDCONTENTCONDITIONS_SCOPEDCONTENT) - start
171254 [main] DEBUG org.dbunit.util.search.DepthFirstSearch  - search(nodesFrom=[SCOPEDCONTENTCONDITIONS_SCOPEDCONTENT], callback=org.dbunit.database.search.ImportedKeysSearchCallback@2013f021) - start
171254 [main] DEBUG org.dbunit.util.CollectionsHelper  - objectsToSet(objects=SCOPEDCONTENTCONDITIONS_SCOPEDCONTENT) - start
171254 [main] DEBUG org.dbunit.util.search.DepthFirstSearch  - search(nodesFrom=[SCOPEDCONTENTCONDITIONS_SCOPEDCONTENT], callback=org.dbunit.database.search.ImportedKeysSearchCallback@2013f021) - start
171254 [main] DEBUG org.dbunit.util.search.DepthFirstSearch  - reverseSearch:SCOPEDCONTENTCONDITIONS_SCOPEDCONTENT
171254 [main] DEBUG org.dbunit.database.search.ImportedKeysSearchCallback  - searchNode(node=SCOPEDCONTENTCONDITIONS_SCOPEDCONTENT) - start
171254 [main] DEBUG org.dbunit.util.search.DepthFirstSearch  - Pushing (reverse) SCOPEDCONTENTCONDITIONS_SCOPEDCONTENT
171254 [main] DEBUG org.dbunit.database.search.ImportedKeysSearchCallback  - getEdges(node=SCOPEDCONTENTCONDITIONS_SCOPEDCONTENT) - start
171254 [main] DEBUG org.dbunit.database.search.AbstractMetaDataBasedSearchCallback  - getNodesFromImportedKeys(node=SCOPEDCONTENTCONDITIONS_SCOPEDCONTENT) - start
171254 [main] DEBUG org.dbunit.database.search.AbstractMetaDataBasedSearchCallback  - getNodes(type=0, node=SCOPEDCONTENTCONDITIONS_SCOPEDCONTENT) - start
171254 [main] DEBUG org.dbunit.database.DatabaseDataSourceConnection  - getConnection() - start
171254 [main] DEBUG org.dbunit.database.search.AbstractMetaDataBasedSearchCallback  - getNodes(type=0, node=SCOPEDCONTENTCONDITIONS_SCOPEDCONTENT, conn=Transaction-aware proxy for target Connection [jdbc:hsqldb:mem:kontrollDS, UserName=sw, HSQL Database Engine Driver], schema=null, metaData=org.apache.commons.dbcp.DelegatingDatabaseMetaData@7cfa16fa, edges=[]) - start
171254 [main] DEBUG org.dbunit.database.search.AbstractMetaDataBasedSearchCallback  - Getting edges for node SCOPEDCONTENTCONDITIONS_SCOPEDCONTENT
171254 [main] TRACE org.dbunit.database.DatabaseConfig  - getProperty(name=http://www.dbunit.org/properties/metadataHandler) - start
171254 [main] TRACE org.dbunit.database.DefaultMetadataHandler  - tableExists(metaData=org.apache.commons.dbcp.DelegatingDatabaseMetaData@7cfa16fa, schemaName=null, tableName=SCOPEDCONTENTCONDITIONS_SCOPEDCONTENT) - start
171255 [main] DEBUG org.dbunit.util.SQLHelper  - close(resultSet=org.apache.commons.dbcp.DelegatingResultSet@3610b3e4) - start
171256 [main] DEBUG org.dbunit.util.QualifiedTableName  - getQualifiedNameIfEnabled(config=org.dbunit.database.DatabaseConfig[, _propertyMap={http://www.dbunit.org/properties/statementFactory=org.dbunit.database.statement.PreparedStatementFactory@626bc2b8, http://www.dbunit.org/features/caseSensitiveTableNames=false, http://www.dbunit.org/properties/fetchSize=100, http://www.dbunit.org/features/batchedStatements=false, http://www.dbunit.org/properties/metadataHandler=org.dbunit.database.DefaultMetadataHandler@62baffef, http://www.dbunit.org/properties/datatypeFactory=org.dbunit.dataset.datatype.DefaultDataTypeFactory[_toleratedDeltaMap=org.dbunit.dataset.datatype.ToleratedDeltaMap@6452310a], http://www.dbunit.org/properties/escapePattern=null, http://www.dbunit.org/properties/batchSize=100, http://www.dbunit.org/features/qualifiedTableNames=false, http://www.dbunit.org/properties/tableType=[Ljava.lang.String;@5011bafa, http://www.dbunit.org/properties/resultSetTableFactory=org.dbunit.database.CachedResultSetTableFactory@10bcf083, http://www.dbunit.org/features/datatypeWarning=true}]) - start
171256 [main] TRACE org.dbunit.database.DatabaseConfig  - getFeature(name=http://www.dbunit.org/features/qualifiedTableNames) - start
171256 [main] TRACE org.dbunit.database.DatabaseConfig  - getProperty(name=http://www.dbunit.org/features/qualifiedTableNames) - start
171256 [main] DEBUG org.dbunit.util.QualifiedTableName  - Qualified table names feature is disabled. Returning plain table name
171256 [main] DEBUG org.dbunit.util.QualifiedTableName  - getQualifiedName(prefix=null, name=SCOPEDCONTENTCONDITIONS_SCOPEDCONTENT, escapePattern=null) - start
171256 [main] DEBUG org.dbunit.util.QualifiedTableName  - getQualifiedNameIfEnabled(config=org.dbunit.database.DatabaseConfig[, _propertyMap={http://www.dbunit.org/properties/statementFactory=org.dbunit.database.statement.PreparedStatementFactory@626bc2b8, http://www.dbunit.org/features/caseSensitiveTableNames=false, http://www.dbunit.org/properties/fetchSize=100, http://www.dbunit.org/features/batchedStatements=false, http://www.dbunit.org/properties/metadataHandler=org.dbunit.database.DefaultMetadataHandler@62baffef, http://www.dbunit.org/properties/datatypeFactory=org.dbunit.dataset.datatype.DefaultDataTypeFactory[_toleratedDeltaMap=org.dbunit.dataset.datatype.ToleratedDeltaMap@6452310a], http://www.dbunit.org/properties/escapePattern=null, http://www.dbunit.org/properties/batchSize=100, http://www.dbunit.org/features/qualifiedTableNames=false, http://www.dbunit.org/properties/tableType=[Ljava.lang.String;@5011bafa, http://www.dbunit.org/properties/resultSetTableFactory=org.dbunit.database.CachedResultSetTableFactory@10bcf083, http://www.dbunit.org/features/datatypeWarning=true}]) - start
171256 [main] TRACE org.dbunit.database.DatabaseConfig  - getFeature(name=http://www.dbunit.org/features/qualifiedTableNames) - start
171256 [main] TRACE org.dbunit.database.DatabaseConfig  - getProperty(name=http://www.dbunit.org/features/qualifiedTableNames) - start
171256 [main] DEBUG org.dbunit.util.QualifiedTableName  - Qualified table names feature is disabled. Returning plain table name
171256 [main] DEBUG org.dbunit.util.QualifiedTableName  - getQualifiedName(prefix=null, name=SCOPEDCONTENT, escapePattern=null) - start
171256 [main] DEBUG org.dbunit.database.search.AbstractMetaDataBasedSearchCallback  - newEdge(rs=org.apache.commons.dbcp.DelegatingResultSet@562f94f2, type=0, from=SCOPEDCONTENTCONDITIONS_SCOPEDCONTENT, to=SCOPEDCONTENT, fkColumn=SCOPED_CONTENT_ID, pkColumn=ID) - start
171256 [main] DEBUG org.dbunit.database.search.AbstractMetaDataBasedSearchCallback  - createFKEdge(rs=org.apache.commons.dbcp.DelegatingResultSet@562f94f2, type=0, from=SCOPEDCONTENTCONDITIONS_SCOPEDCONTENT, to=SCOPEDCONTENT, fkColumn=SCOPED_CONTENT_ID, pkColumn=ID) - start
171256 [main] DEBUG org.dbunit.database.search.AbstractMetaDataBasedSearchCallback  - Adding edge SCOPEDCONTENTCONDITIONS_SCOPEDCONTENT(SCOPED_CONTENT_ID)->SCOPEDCONTENT(ID)
171256 [main] DEBUG org.dbunit.util.search.Edge  - compareTo(o=SCOPEDCONTENTCONDITIONS_SCOPEDCONTENT(SCOPED_CONTENT_ID)->SCOPEDCONTENT(ID)) - start
171256 [main] DEBUG org.dbunit.util.QualifiedTableName  - getQualifiedNameIfEnabled(config=org.dbunit.database.DatabaseConfig[, _propertyMap={http://www.dbunit.org/properties/statementFactory=org.dbunit.database.statement.PreparedStatementFactory@626bc2b8, http://www.dbunit.org/features/caseSensitiveTableNames=false, http://www.dbunit.org/properties/fetchSize=100, http://www.dbunit.org/features/batchedStatements=false, http://www.dbunit.org/properties/metadataHandler=org.dbunit.database.DefaultMetadataHandler@62baffef, http://www.dbunit.org/properties/datatypeFactory=org.dbunit.dataset.datatype.DefaultDataTypeFactory[_toleratedDeltaMap=org.dbunit.dataset.datatype.ToleratedDeltaMap@6452310a], http://www.dbunit.org/properties/escapePattern=null, http://www.dbunit.org/properties/batchSize=100, http://www.dbunit.org/features/qualifiedTableNames=false, http://www.dbunit.org/properties/tableType=[Ljava.lang.String;@5011bafa, http://www.dbunit.org/properties/resultSetTableFactory=org.dbunit.database.CachedResultSetTableFactory@10bcf083, http://www.dbunit.org/features/datatypeWarning=true}]) - start
171257 [main] TRACE org.dbunit.database.DatabaseConfig  - getFeature(name=http://www.dbunit.org/features/qualifiedTableNames) - start
171257 [main] TRACE org.dbunit.database.DatabaseConfig  - getProperty(name=http://www.dbunit.org/features/qualifiedTableNames) - start
171257 [main] DEBUG org.dbunit.util.QualifiedTableName  - Qualified table names feature is disabled. Returning plain table name
171257 [main] DEBUG org.dbunit.util.QualifiedTableName  - getQualifiedName(prefix=null, name=SCOPEDCONTENTCONDITIONS_SCOPEDCONTENT, escapePattern=null) - start
171257 [main] DEBUG org.dbunit.util.QualifiedTableName  - getQualifiedNameIfEnabled(config=org.dbunit.database.DatabaseConfig[, _propertyMap={http://www.dbunit.org/properties/statementFactory=org.dbunit.database.statement.PreparedStatementFactory@626bc2b8, http://www.dbunit.org/features/caseSensitiveTableNames=false, http://www.dbunit.org/properties/fetchSize=100, http://www.dbunit.org/features/batchedStatements=false, http://www.dbunit.org/properties/metadataHandler=org.dbunit.database.DefaultMetadataHandler@62baffef, http://www.dbunit.org/properties/datatypeFactory=org.dbunit.dataset.datatype.DefaultDataTypeFactory[_toleratedDeltaMap=org.dbunit.dataset.datatype.ToleratedDeltaMap@6452310a], http://www.dbunit.org/properties/escapePattern=null, http://www.dbunit.org/properties/batchSize=100, http://www.dbunit.org/features/qualifiedTableNames=false, http://www.dbunit.org/properties/tableType=[Ljava.lang.String;@5011bafa, http://www.dbunit.org/properties/resultSetTableFactory=org.dbunit.database.CachedResultSetTableFactory@10bcf083, http://www.dbunit.org/features/datatypeWarning=true}]) - start
171257 [main] TRACE org.dbunit.database.DatabaseConfig  - getFeature(name=http://www.dbunit.org/features/qualifiedTableNames) - start
171257 [main] TRACE org.dbunit.database.DatabaseConfig  - getProperty(name=http://www.dbunit.org/features/qualifiedTableNames) - start
171257 [main] DEBUG org.dbunit.util.QualifiedTableName  - Qualified table names feature is disabled. Returning plain table name
171257 [main] DEBUG org.dbunit.util.QualifiedTableName  - getQualifiedName(prefix=null, name=SCOPEDCONTENTCONDITION, escapePattern=null) - start
171257 [main] DEBUG org.dbunit.database.search.AbstractMetaDataBasedSearchCallback  - newEdge(rs=org.apache.commons.dbcp.DelegatingResultSet@562f94f2, type=0, from=SCOPEDCONTENTCONDITIONS_SCOPEDCONTENT, to=SCOPEDCONTENTCONDITION, fkColumn=SCOPED_CONTENT_CONDITION_ID, pkColumn=ID) - start
171257 [main] DEBUG org.dbunit.database.search.AbstractMetaDataBasedSearchCallback  - createFKEdge(rs=org.apache.commons.dbcp.DelegatingResultSet@562f94f2, type=0, from=SCOPEDCONTENTCONDITIONS_SCOPEDCONTENT, to=SCOPEDCONTENTCONDITION, fkColumn=SCOPED_CONTENT_CONDITION_ID, pkColumn=ID) - start
171257 [main] DEBUG org.dbunit.database.search.AbstractMetaDataBasedSearchCallback  - Adding edge SCOPEDCONTENTCONDITIONS_SCOPEDCONTENT(SCOPED_CONTENT_CONDITION_ID)->SCOPEDCONTENTCONDITION(ID)
171257 [main] DEBUG org.dbunit.util.search.Edge  - compareTo(o=SCOPEDCONTENTCONDITIONS_SCOPEDCONTENT(SCOPED_CONTENT_ID)->SCOPEDCONTENT(ID)) - start
171257 [main] DEBUG org.dbunit.util.SQLHelper  - close(resultSet=org.apache.commons.dbcp.DelegatingResultSet@562f94f2) - start
171257 [main] DEBUG org.dbunit.util.search.DepthFirstSearch  - search:SCOPEDCONTENTCONDITIONS_SCOPEDCONTENT
171257 [main] DEBUG org.dbunit.database.search.ImportedKeysSearchCallback  - searchNode(node=SCOPEDCONTENTCONDITIONS_SCOPEDCONTENT) - start
171257 [main] DEBUG org.dbunit.util.search.DepthFirstSearch  - Pushing SCOPEDCONTENTCONDITIONS_SCOPEDCONTENT
171257 [main] DEBUG org.dbunit.database.search.ImportedKeysSearchCallback  - getEdges(node=SCOPEDCONTENTCONDITIONS_SCOPEDCONTENT) - start
171257 [main] DEBUG org.dbunit.database.search.AbstractMetaDataBasedSearchCallback  - getNodesFromImportedKeys(node=SCOPEDCONTENTCONDITIONS_SCOPEDCONTENT) - start
171257 [main] DEBUG org.dbunit.database.search.AbstractMetaDataBasedSearchCallback  - getNodes(type=0, node=SCOPEDCONTENTCONDITIONS_SCOPEDCONTENT) - start
171257 [main] DEBUG org.dbunit.database.DatabaseDataSourceConnection  - getConnection() - start
171257 [main] DEBUG org.dbunit.database.search.AbstractMetaDataBasedSearchCallback  - getNodes(type=0, node=SCOPEDCONTENTCONDITIONS_SCOPEDCONTENT, conn=Transaction-aware proxy for target Connection [jdbc:hsqldb:mem:kontrollDS, UserName=sw, HSQL Database Engine Driver], schema=null, metaData=org.apache.commons.dbcp.DelegatingDatabaseMetaData@4ddbc812, edges=[]) - start
171258 [main] DEBUG org.dbunit.database.search.AbstractMetaDataBasedSearchCallback  - Getting edges for node SCOPEDCONTENTCONDITIONS_SCOPEDCONTENT
171258 [main] TRACE org.dbunit.database.DatabaseConfig  - getProperty(name=http://www.dbunit.org/properties/metadataHandler) - start
171258 [main] TRACE org.dbunit.database.DefaultMetadataHandler  - tableExists(metaData=org.apache.commons.dbcp.DelegatingDatabaseMetaData@4ddbc812, schemaName=null, tableName=SCOPEDCONTENTCONDITIONS_SCOPEDCONTENT) - start
171259 [main] DEBUG org.dbunit.util.SQLHelper  - close(resultSet=org.apache.commons.dbcp.DelegatingResultSet@853541) - start
171259 [main] DEBUG org.dbunit.util.QualifiedTableName  - getQualifiedNameIfEnabled(config=org.dbunit.database.DatabaseConfig[, _propertyMap={http://www.dbunit.org/properties/statementFactory=org.dbunit.database.statement.PreparedStatementFactory@626bc2b8, http://www.dbunit.org/features/caseSensitiveTableNames=false, http://www.dbunit.org/properties/fetchSize=100, http://www.dbunit.org/features/batchedStatements=false, http://www.dbunit.org/properties/metadataHandler=org.dbunit.database.DefaultMetadataHandler@62baffef, http://www.dbunit.org/properties/datatypeFactory=org.dbunit.dataset.datatype.DefaultDataTypeFactory[_toleratedDeltaMap=org.dbunit.dataset.datatype.ToleratedDeltaMap@6452310a], http://www.dbunit.org/properties/escapePattern=null, http://www.dbunit.org/properties/batchSize=100, http://www.dbunit.org/features/qualifiedTableNames=false, http://www.dbunit.org/properties/tableType=[Ljava.lang.String;@5011bafa, http://www.dbunit.org/properties/resultSetTableFactory=org.dbunit.database.CachedResultSetTableFactory@10bcf083, http://www.dbunit.org/features/datatypeWarning=true}]) - start
171259 [main] TRACE org.dbunit.database.DatabaseConfig  - getFeature(name=http://www.dbunit.org/features/qualifiedTableNames) - start
171259 [main] TRACE org.dbunit.database.DatabaseConfig  - getProperty(name=http://www.dbunit.org/features/qualifiedTableNames) - start
171259 [main] DEBUG org.dbunit.util.QualifiedTableName  - Qualified table names feature is disabled. Returning plain table name
171259 [main] DEBUG org.dbunit.util.QualifiedTableName  - getQualifiedName(prefix=null, name=SCOPEDCONTENTCONDITIONS_SCOPEDCONTENT, escapePattern=null) - start
171259 [main] DEBUG org.dbunit.util.QualifiedTableName  - getQualifiedNameIfEnabled(config=org.dbunit.database.DatabaseConfig[, _propertyMap={http://www.dbunit.org/properties/statementFactory=org.dbunit.database.statement.PreparedStatementFactory@626bc2b8, http://www.dbunit.org/features/caseSensitiveTableNames=false, http://www.dbunit.org/properties/fetchSize=100, http://www.dbunit.org/features/batchedStatements=false, http://www.dbunit.org/properties/metadataHandler=org.dbunit.database.DefaultMetadataHandler@62baffef, http://www.dbunit.org/properties/datatypeFactory=org.dbunit.dataset.datatype.DefaultDataTypeFactory[_toleratedDeltaMap=org.dbunit.dataset.datatype.ToleratedDeltaMap@6452310a], http://www.dbunit.org/properties/escapePattern=null, http://www.dbunit.org/properties/batchSize=100, http://www.dbunit.org/features/qualifiedTableNames=false, http://www.dbunit.org/properties/tableType=[Ljava.lang.String;@5011bafa, http://www.dbunit.org/properties/resultSetTableFactory=org.dbunit.database.CachedResultSetTableFactory@10bcf083, http://www.dbunit.org/features/datatypeWarning=true}]) - start
171259 [main] TRACE org.dbunit.database.DatabaseConfig  - getFeature(name=http://www.dbunit.org/features/qualifiedTableNames) - start
171259 [main] TRACE org.dbunit.database.DatabaseConfig  - getProperty(name=http://www.dbunit.org/features/qualifiedTableNames) - start
171260 [main] DEBUG org.dbunit.util.QualifiedTableName  - Qualified table names feature is disabled. Returning plain table name
171260 [main] DEBUG org.dbunit.util.QualifiedTableName  - getQualifiedName(prefix=null, name=SCOPEDCONTENT, escapePattern=null) - start
171260 [main] DEBUG org.dbunit.database.search.AbstractMetaDataBasedSearchCallback  - newEdge(rs=org.apache.commons.dbcp.DelegatingResultSet@3fdf61cb, type=0, from=SCOPEDCONTENTCONDITIONS_SCOPEDCONTENT, to=SCOPEDCONTENT, fkColumn=SCOPED_CONTENT_ID, pkColumn=ID) - start
171260 [main] DEBUG org.dbunit.database.search.AbstractMetaDataBasedSearchCallback  - createFKEdge(rs=org.apache.commons.dbcp.DelegatingResultSet@3fdf61cb, type=0, from=SCOPEDCONTENTCONDITIONS_SCOPEDCONTENT, to=SCOPEDCONTENT, fkColumn=SCOPED_CONTENT_ID, pkColumn=ID) - start
171260 [main] DEBUG org.dbunit.database.search.AbstractMetaDataBasedSearchCallback  - Adding edge SCOPEDCONTENTCONDITIONS_SCOPEDCONTENT(SCOPED_CONTENT_ID)->SCOPEDCONTENT(ID)
171260 [main] DEBUG org.dbunit.util.search.Edge  - compareTo(o=SCOPEDCONTENTCONDITIONS_SCOPEDCONTENT(SCOPED_CONTENT_ID)->SCOPEDCONTENT(ID)) - start
171260 [main] DEBUG org.dbunit.util.QualifiedTableName  - getQualifiedNameIfEnabled(config=org.dbunit.database.DatabaseConfig[, _propertyMap={http://www.dbunit.org/properties/statementFactory=org.dbunit.database.statement.PreparedStatementFactory@626bc2b8, http://www.dbunit.org/features/caseSensitiveTableNames=false, http://www.dbunit.org/properties/fetchSize=100, http://www.dbunit.org/features/batchedStatements=false, http://www.dbunit.org/properties/metadataHandler=org.dbunit.database.DefaultMetadataHandler@62baffef, http://www.dbunit.org/properties/datatypeFactory=org.dbunit.dataset.datatype.DefaultDataTypeFactory[_toleratedDeltaMap=org.dbunit.dataset.datatype.ToleratedDeltaMap@6452310a], http://www.dbunit.org/properties/escapePattern=null, http://www.dbunit.org/properties/batchSize=100, http://www.dbunit.org/features/qualifiedTableNames=false, http://www.dbunit.org/properties/tableType=[Ljava.lang.String;@5011bafa, http://www.dbunit.org/properties/resultSetTableFactory=org.dbunit.database.CachedResultSetTableFactory@10bcf083, http://www.dbunit.org/features/datatypeWarning=true}]) - start
171260 [main] TRACE org.dbunit.database.DatabaseConfig  - getFeature(name=http://www.dbunit.org/features/qualifiedTableNames) - start
171260 [main] TRACE org.dbunit.database.DatabaseConfig  - getProperty(name=http://www.dbunit.org/features/qualifiedTableNames) - start
171260 [main] DEBUG org.dbunit.util.QualifiedTableName  - Qualified table names feature is disabled. Returning plain table name
171260 [main] DEBUG org.dbunit.util.QualifiedTableName  - getQualifiedName(prefix=null, name=SCOPEDCONTENTCONDITIONS_SCOPEDCONTENT, escapePattern=null) - start
171260 [main] DEBUG org.dbunit.util.QualifiedTableName  - getQualifiedNameIfEnabled(config=org.dbunit.database.DatabaseConfig[, _propertyMap={http://www.dbunit.org/properties/statementFactory=org.dbunit.database.statement.PreparedStatementFactory@626bc2b8, http://www.dbunit.org/features/caseSensitiveTableNames=false, http://www.dbunit.org/properties/fetchSize=100, http://www.dbunit.org/features/batchedStatements=false, http://www.dbunit.org/properties/metadataHandler=org.dbunit.database.DefaultMetadataHandler@62baffef, http://www.dbunit.org/properties/datatypeFactory=org.dbunit.dataset.datatype.DefaultDataTypeFactory[_toleratedDeltaMap=org.dbunit.dataset.datatype.ToleratedDeltaMap@6452310a], http://www.dbunit.org/properties/escapePattern=null, http://www.dbunit.org/properties/batchSize=100, http://www.dbunit.org/features/qualifiedTableNames=false, http://www.dbunit.org/properties/tableType=[Ljava.lang.String;@5011bafa, http://www.dbunit.org/properties/resultSetTableFactory=org.dbunit.database.CachedResultSetTableFactory@10bcf083, http://www.dbunit.org/features/datatypeWarning=true}]) - start
171260 [main] TRACE org.dbunit.database.DatabaseConfig  - getFeature(name=http://www.dbunit.org/features/qualifiedTableNames) - start
171260 [main] TRACE org.dbunit.database.DatabaseConfig  - getProperty(name=http://www.dbunit.org/features/qualifiedTableNames) - start
171260 [main] DEBUG org.dbunit.util.QualifiedTableName  - Qualified table names feature is disabled. Returning plain table name
171260 [main] DEBUG org.dbunit.util.QualifiedTableName  - getQualifiedName(prefix=null, name=SCOPEDCONTENTCONDITION, escapePattern=null) - start
171260 [main] DEBUG org.dbunit.database.search.AbstractMetaDataBasedSearchCallback  - newEdge(rs=org.apache.commons.dbcp.DelegatingResultSet@3fdf61cb, type=0, from=SCOPEDCONTENTCONDITIONS_SCOPEDCONTENT, to=SCOPEDCONTENTCONDITION, fkColumn=SCOPED_CONTENT_CONDITION_ID, pkColumn=ID) - start
171260 [main] DEBUG org.dbunit.database.search.AbstractMetaDataBasedSearchCallback  - createFKEdge(rs=org.apache.commons.dbcp.DelegatingResultSet@3fdf61cb, type=0, from=SCOPEDCONTENTCONDITIONS_SCOPEDCONTENT, to=SCOPEDCONTENTCONDITION, fkColumn=SCOPED_CONTENT_CONDITION_ID, pkColumn=ID) - start
171260 [main] DEBUG org.dbunit.database.search.AbstractMetaDataBasedSearchCallback  - Adding edge SCOPEDCONTENTCONDITIONS_SCOPEDCONTENT(SCOPED_CONTENT_CONDITION_ID)->SCOPEDCONTENTCONDITION(ID)
171260 [main] DEBUG org.dbunit.util.search.Edge  - compareTo(o=SCOPEDCONTENTCONDITIONS_SCOPEDCONTENT(SCOPED_CONTENT_ID)->SCOPEDCONTENT(ID)) - start
171260 [main] DEBUG org.dbunit.util.SQLHelper  - close(resultSet=org.apache.commons.dbcp.DelegatingResultSet@3fdf61cb) - start
171260 [main] DEBUG org.dbunit.util.search.DepthFirstSearch  - search:SCOPEDCONTENT
171260 [main] DEBUG org.dbunit.database.search.ImportedKeysSearchCallback  - searchNode(node=SCOPEDCONTENT) - start
171260 [main] DEBUG org.dbunit.util.search.DepthFirstSearch  - Pushing SCOPEDCONTENT
171261 [main] DEBUG org.dbunit.database.search.ImportedKeysSearchCallback  - getEdges(node=SCOPEDCONTENT) - start
171261 [main] DEBUG org.dbunit.database.search.AbstractMetaDataBasedSearchCallback  - getNodesFromImportedKeys(node=SCOPEDCONTENT) - start
171261 [main] DEBUG org.dbunit.database.search.AbstractMetaDataBasedSearchCallback  - getNodes(type=0, node=SCOPEDCONTENT) - start
171261 [main] DEBUG org.dbunit.database.DatabaseDataSourceConnection  - getConnection() - start
171261 [main] DEBUG org.dbunit.database.search.AbstractMetaDataBasedSearchCallback  - getNodes(type=0, node=SCOPEDCONTENT, conn=Transaction-aware proxy for target Connection [jdbc:hsqldb:mem:kontrollDS, UserName=sw, HSQL Database Engine Driver], schema=null, metaData=org.apache.commons.dbcp.DelegatingDatabaseMetaData@628d772f, edges=[]) - start
171261 [main] DEBUG org.dbunit.database.search.AbstractMetaDataBasedSearchCallback  - Getting edges for node SCOPEDCONTENT
171261 [main] TRACE org.dbunit.database.DatabaseConfig  - getProperty(name=http://www.dbunit.org/properties/metadataHandler) - start
171261 [main] TRACE org.dbunit.database.DefaultMetadataHandler  - tableExists(metaData=org.apache.commons.dbcp.DelegatingDatabaseMetaData@628d772f, schemaName=null, tableName=SCOPEDCONTENT) - start
171262 [main] DEBUG org.dbunit.util.SQLHelper  - close(resultSet=org.apache.commons.dbcp.DelegatingResultSet@726e7a09) - start
171262 [main] DEBUG org.dbunit.util.QualifiedTableName  - getQualifiedNameIfEnabled(config=org.dbunit.database.DatabaseConfig[, _propertyMap={http://www.dbunit.org/properties/statementFactory=org.dbunit.database.statement.PreparedStatementFactory@626bc2b8, http://www.dbunit.org/features/caseSensitiveTableNames=false, http://www.dbunit.org/properties/fetchSize=100, http://www.dbunit.org/features/batchedStatements=false, http://www.dbunit.org/properties/metadataHandler=org.dbunit.database.DefaultMetadataHandler@62baffef, http://www.dbunit.org/properties/datatypeFactory=org.dbunit.dataset.datatype.DefaultDataTypeFactory[_toleratedDeltaMap=org.dbunit.dataset.datatype.ToleratedDeltaMap@6452310a], http://www.dbunit.org/properties/escapePattern=null, http://www.dbunit.org/properties/batchSize=100, http://www.dbunit.org/features/qualifiedTableNames=false, http://www.dbunit.org/properties/tableType=[Ljava.lang.String;@5011bafa, http://www.dbunit.org/properties/resultSetTableFactory=org.dbunit.database.CachedResultSetTableFactory@10bcf083, http://www.dbunit.org/features/datatypeWarning=true}]) - start
171262 [main] TRACE org.dbunit.database.DatabaseConfig  - getFeature(name=http://www.dbunit.org/features/qualifiedTableNames) - start
171262 [main] TRACE org.dbunit.database.DatabaseConfig  - getProperty(name=http://www.dbunit.org/features/qualifiedTableNames) - start
171262 [main] DEBUG org.dbunit.util.QualifiedTableName  - Qualified table names feature is disabled. Returning plain table name
171262 [main] DEBUG org.dbunit.util.QualifiedTableName  - getQualifiedName(prefix=null, name=SCOPEDCONTENT, escapePattern=null) - start
171262 [main] DEBUG org.dbunit.util.QualifiedTableName  - getQualifiedNameIfEnabled(config=org.dbunit.database.DatabaseConfig[, _propertyMap={http://www.dbunit.org/properties/statementFactory=org.dbunit.database.statement.PreparedStatementFactory@626bc2b8, http://www.dbunit.org/features/caseSensitiveTableNames=false, http://www.dbunit.org/properties/fetchSize=100, http://www.dbunit.org/features/batchedStatements=false, http://www.dbunit.org/properties/metadataHandler=org.dbunit.database.DefaultMetadataHandler@62baffef, http://www.dbunit.org/properties/datatypeFactory=org.dbunit.dataset.datatype.DefaultDataTypeFactory[_toleratedDeltaMap=org.dbunit.dataset.datatype.ToleratedDeltaMap@6452310a], http://www.dbunit.org/properties/escapePattern=null, http://www.dbunit.org/properties/batchSize=100, http://www.dbunit.org/features/qualifiedTableNames=false, http://www.dbunit.org/properties/tableType=[Ljava.lang.String;@5011bafa, http://www.dbunit.org/properties/resultSetTableFactory=org.dbunit.database.CachedResultSetTableFactory@10bcf083, http://www.dbunit.org/features/datatypeWarning=true}]) - start
171263 [main] TRACE org.dbunit.database.DatabaseConfig  - getFeature(name=http://www.dbunit.org/features/qualifiedTableNames) - start
171263 [main] TRACE org.dbunit.database.DatabaseConfig  - getProperty(name=http://www.dbunit.org/features/qualifiedTableNames) - start
171263 [main] DEBUG org.dbunit.util.QualifiedTableName  - Qualified table names feature is disabled. Returning plain table name
171263 [main] DEBUG org.dbunit.util.QualifiedTableName  - getQualifiedName(prefix=null, name=SCOPE, escapePattern=null) - start
171263 [main] DEBUG org.dbunit.database.search.AbstractMetaDataBasedSearchCallback  - newEdge(rs=org.apache.commons.dbcp.DelegatingResultSet@643a411f, type=0, from=SCOPEDCONTENT, to=SCOPE, fkColumn=SCOPE, pkColumn=ID) - start
171263 [main] DEBUG org.dbunit.database.search.AbstractMetaDataBasedSearchCallback  - createFKEdge(rs=org.apache.commons.dbcp.DelegatingResultSet@643a411f, type=0, from=SCOPEDCONTENT, to=SCOPE, fkColumn=SCOPE, pkColumn=ID) - start
171263 [main] DEBUG org.dbunit.database.search.AbstractMetaDataBasedSearchCallback  - Adding edge SCOPEDCONTENT(SCOPE)->SCOPE(ID)
171263 [main] DEBUG org.dbunit.util.search.Edge  - compareTo(o=SCOPEDCONTENT(SCOPE)->SCOPE(ID)) - start
171263 [main] DEBUG org.dbunit.util.SQLHelper  - close(resultSet=org.apache.commons.dbcp.DelegatingResultSet@643a411f) - start
171263 [main] DEBUG org.dbunit.util.search.DepthFirstSearch  - search:SCOPE
171263 [main] DEBUG org.dbunit.database.search.ImportedKeysSearchCallback  - searchNode(node=SCOPE) - start
171263 [main] DEBUG org.dbunit.util.search.DepthFirstSearch  - Pushing SCOPE
171263 [main] DEBUG org.dbunit.database.search.ImportedKeysSearchCallback  - getEdges(node=SCOPE) - start
171263 [main] DEBUG org.dbunit.database.search.AbstractMetaDataBasedSearchCallback  - getNodesFromImportedKeys(node=SCOPE) - start
171263 [main] DEBUG org.dbunit.database.search.AbstractMetaDataBasedSearchCallback  - getNodes(type=0, node=SCOPE) - start
171263 [main] DEBUG org.dbunit.database.DatabaseDataSourceConnection  - getConnection() - start
171263 [main] DEBUG org.dbunit.database.search.AbstractMetaDataBasedSearchCallback  - getNodes(type=0, node=SCOPE, conn=Transaction-aware proxy for target Connection [jdbc:hsqldb:mem:kontrollDS, UserName=sw, HSQL Database Engine Driver], schema=null, metaData=org.apache.commons.dbcp.DelegatingDatabaseMetaData@2c898da1, edges=[]) - start
171263 [main] DEBUG org.dbunit.database.search.AbstractMetaDataBasedSearchCallback  - Getting edges for node SCOPE
171263 [main] TRACE org.dbunit.database.DatabaseConfig  - getProperty(name=http://www.dbunit.org/properties/metadataHandler) - start
171263 [main] TRACE org.dbunit.database.DefaultMetadataHandler  - tableExists(metaData=org.apache.commons.dbcp.DelegatingDatabaseMetaData@2c898da1, schemaName=null, tableName=SCOPE) - start
171264 [main] DEBUG org.dbunit.util.SQLHelper  - close(resultSet=org.apache.commons.dbcp.DelegatingResultSet@12068ac0) - start
171265 [main] DEBUG org.dbunit.util.SQLHelper  - close(resultSet=org.apache.commons.dbcp.DelegatingResultSet@72771b54) - start
171265 [main] DEBUG org.dbunit.util.search.DepthFirstSearch  - Adding node SCOPE to the final result
171265 [main] DEBUG org.dbunit.util.search.DepthFirstSearch  - Adding node SCOPEDCONTENT to the final result
171265 [main] DEBUG org.dbunit.util.search.DepthFirstSearch  - search:SCOPEDCONTENTCONDITION
171265 [main] DEBUG org.dbunit.database.search.ImportedKeysSearchCallback  - searchNode(node=SCOPEDCONTENTCONDITION) - start
171265 [main] DEBUG org.dbunit.util.search.DepthFirstSearch  - Pushing SCOPEDCONTENTCONDITION
171265 [main] DEBUG org.dbunit.util.search.DepthFirstSearch  - Adding node SCOPEDCONTENTCONDITION to the final result
171265 [main] DEBUG org.dbunit.util.search.DepthFirstSearch  - Adding node SCOPEDCONTENTCONDITIONS_SCOPEDCONTENT to the final result
171265 [main] DEBUG org.dbunit.util.search.DepthFirstSearch  - reverseSearch:SCOPEDCONTENT
171265 [main] DEBUG org.dbunit.database.search.ImportedKeysSearchCallback  - searchNode(node=SCOPEDCONTENT) - start
171265 [main] DEBUG org.dbunit.util.search.DepthFirstSearch  - Pushing (reverse) SCOPEDCONTENT
171265 [main] DEBUG org.dbunit.database.search.ImportedKeysSearchCallback  - getEdges(node=SCOPEDCONTENT) - start
171265 [main] DEBUG org.dbunit.database.search.AbstractMetaDataBasedSearchCallback  - getNodesFromImportedKeys(node=SCOPEDCONTENT) - start
171265 [main] DEBUG org.dbunit.database.search.AbstractMetaDataBasedSearchCallback  - getNodes(type=0, node=SCOPEDCONTENT) - start
171265 [main] DEBUG org.dbunit.database.DatabaseDataSourceConnection  - getConnection() - start
171265 [main] DEBUG org.dbunit.database.search.AbstractMetaDataBasedSearchCallback  - getNodes(type=0, node=SCOPEDCONTENT, conn=Transaction-aware proxy for target Connection [jdbc:hsqldb:mem:kontrollDS, UserName=sw, HSQL Database Engine Driver], schema=null, metaData=org.apache.commons.dbcp.DelegatingDatabaseMetaData@69a36281, edges=[]) - start
171265 [main] DEBUG org.dbunit.database.search.AbstractMetaDataBasedSearchCallback  - Getting edges for node SCOPEDCONTENT
171265 [main] TRACE org.dbunit.database.DatabaseConfig  - getProperty(name=http://www.dbunit.org/properties/metadataHandler) - start
171265 [main] TRACE org.dbunit.database.DefaultMetadataHandler  - tableExists(metaData=org.apache.commons.dbcp.DelegatingDatabaseMetaData@69a36281, schemaName=null, tableName=SCOPEDCONTENT) - start
171266 [main] DEBUG org.dbunit.util.SQLHelper  - close(resultSet=org.apache.commons.dbcp.DelegatingResultSet@6cdc2f8e) - start
171267 [main] DEBUG org.dbunit.util.QualifiedTableName  - getQualifiedNameIfEnabled(config=org.dbunit.database.DatabaseConfig[, _propertyMap={http://www.dbunit.org/properties/statementFactory=org.dbunit.database.statement.PreparedStatementFactory@626bc2b8, http://www.dbunit.org/features/caseSensitiveTableNames=false, http://www.dbunit.org/properties/fetchSize=100, http://www.dbunit.org/features/batchedStatements=false, http://www.dbunit.org/properties/metadataHandler=org.dbunit.database.DefaultMetadataHandler@62baffef, http://www.dbunit.org/properties/datatypeFactory=org.dbunit.dataset.datatype.DefaultDataTypeFactory[_toleratedDeltaMap=org.dbunit.dataset.datatype.ToleratedDeltaMap@6452310a], http://www.dbunit.org/properties/escapePattern=null, http://www.dbunit.org/properties/batchSize=100, http://www.dbunit.org/features/qualifiedTableNames=false, http://www.dbunit.org/properties/tableType=[Ljava.lang.String;@5011bafa, http://www.dbunit.org/properties/resultSetTableFactory=org.dbunit.database.CachedResultSetTableFactory@10bcf083, http://www.dbunit.org/features/datatypeWarning=true}]) - start
171267 [main] TRACE org.dbunit.database.DatabaseConfig  - getFeature(name=http://www.dbunit.org/features/qualifiedTableNames) - start
171267 [main] TRACE org.dbunit.database.DatabaseConfig  - getProperty(name=http://www.dbunit.org/features/qualifiedTableNames) - start
171267 [main] DEBUG org.dbunit.util.QualifiedTableName  - Qualified table names feature is disabled. Returning plain table name
171267 [main] DEBUG org.dbunit.util.QualifiedTableName  - getQualifiedName(prefix=null, name=SCOPEDCONTENT, escapePattern=null) - start
171267 [main] DEBUG org.dbunit.util.QualifiedTableName  - getQualifiedNameIfEnabled(config=org.dbunit.database.DatabaseConfig[, _propertyMap={http://www.dbunit.org/properties/statementFactory=org.dbunit.database.statement.PreparedStatementFactory@626bc2b8, http://www.dbunit.org/features/caseSensitiveTableNames=false, http://www.dbunit.org/properties/fetchSize=100, http://www.dbunit.org/features/batchedStatements=false, http://www.dbunit.org/properties/metadataHandler=org.dbunit.database.DefaultMetadataHandler@62baffef, http://www.dbunit.org/properties/datatypeFactory=org.dbunit.dataset.datatype.DefaultDataTypeFactory[_toleratedDeltaMap=org.dbunit.dataset.datatype.ToleratedDeltaMap@6452310a], http://www.dbunit.org/properties/escapePattern=null, http://www.dbunit.org/properties/batchSize=100, http://www.dbunit.org/features/qualifiedTableNames=false, http://www.dbunit.org/properties/tableType=[Ljava.lang.String;@5011bafa, http://www.dbunit.org/properties/resultSetTableFactory=org.dbunit.database.CachedResultSetTableFactory@10bcf083, http://www.dbunit.org/features/datatypeWarning=true}]) - start
171267 [main] TRACE org.dbunit.database.DatabaseConfig  - getFeature(name=http://www.dbunit.org/features/qualifiedTableNames) - start
171267 [main] TRACE org.dbunit.database.DatabaseConfig  - getProperty(name=http://www.dbunit.org/features/qualifiedTableNames) - start
171267 [main] DEBUG org.dbunit.util.QualifiedTableName  - Qualified table names feature is disabled. Returning plain table name
171267 [main] DEBUG org.dbunit.util.QualifiedTableName  - getQualifiedName(prefix=null, name=SCOPE, escapePattern=null) - start
171267 [main] DEBUG org.dbunit.database.search.AbstractMetaDataBasedSearchCallback  - newEdge(rs=org.apache.commons.dbcp.DelegatingResultSet@d14a8e0, type=0, from=SCOPEDCONTENT, to=SCOPE, fkColumn=SCOPE, pkColumn=ID) - start
171267 [main] DEBUG org.dbunit.database.search.AbstractMetaDataBasedSearchCallback  - createFKEdge(rs=org.apache.commons.dbcp.DelegatingResultSet@d14a8e0, type=0, from=SCOPEDCONTENT, to=SCOPE, fkColumn=SCOPE, pkColumn=ID) - start
171267 [main] DEBUG org.dbunit.database.search.AbstractMetaDataBasedSearchCallback  - Adding edge SCOPEDCONTENT(SCOPE)->SCOPE(ID)
171267 [main] DEBUG org.dbunit.util.search.Edge  - compareTo(o=SCOPEDCONTENT(SCOPE)->SCOPE(ID)) - start
171267 [main] DEBUG org.dbunit.util.SQLHelper  - close(resultSet=org.apache.commons.dbcp.DelegatingResultSet@d14a8e0) - start
171267 [main] DEBUG org.dbunit.util.search.DepthFirstSearch  - reverseSearch:SCOPE
171267 [main] DEBUG org.dbunit.database.search.ImportedKeysSearchCallback  - searchNode(node=SCOPE) - start
171267 [main] DEBUG org.dbunit.util.search.DepthFirstSearch  - Pushing (reverse) SCOPE
171267 [main] DEBUG org.dbunit.database.search.ImportedKeysSearchCallback  - getEdges(node=SCOPE) - start
171267 [main] DEBUG org.dbunit.database.search.AbstractMetaDataBasedSearchCallback  - getNodesFromImportedKeys(node=SCOPE) - start
171267 [main] DEBUG org.dbunit.database.search.AbstractMetaDataBasedSearchCallback  - getNodes(type=0, node=SCOPE) - start
171267 [main] DEBUG org.dbunit.database.DatabaseDataSourceConnection  - getConnection() - start
171268 [main] DEBUG org.dbunit.database.search.AbstractMetaDataBasedSearchCallback  - getNodes(type=0, node=SCOPE, conn=Transaction-aware proxy for target Connection [jdbc:hsqldb:mem:kontrollDS, UserName=sw, HSQL Database Engine Driver], schema=null, metaData=org.apache.commons.dbcp.DelegatingDatabaseMetaData@475b10d5, edges=[]) - start
171268 [main] DEBUG org.dbunit.database.search.AbstractMetaDataBasedSearchCallback  - Getting edges for node SCOPE
171268 [main] TRACE org.dbunit.database.DatabaseConfig  - getProperty(name=http://www.dbunit.org/properties/metadataHandler) - start
171268 [main] TRACE org.dbunit.database.DefaultMetadataHandler  - tableExists(metaData=org.apache.commons.dbcp.DelegatingDatabaseMetaData@475b10d5, schemaName=null, tableName=SCOPE) - start
171269 [main] DEBUG org.dbunit.util.SQLHelper  - close(resultSet=org.apache.commons.dbcp.DelegatingResultSet@39fbe9bb) - start
171269 [main] DEBUG org.dbunit.util.SQLHelper  - close(resultSet=org.apache.commons.dbcp.DelegatingResultSet@430df020) - start
171269 [main] DEBUG org.dbunit.util.search.DepthFirstSearch  - reverseSearch:SCOPEDCONTENTCONDITION
171269 [main] DEBUG org.dbunit.database.search.ImportedKeysSearchCallback  - searchNode(node=SCOPEDCONTENTCONDITION) - start
171269 [main] DEBUG org.dbunit.util.search.DepthFirstSearch  - Pushing (reverse) SCOPEDCONTENTCONDITION
171269 [main] DEBUG org.dbunit.database.search.ImportedKeysSearchCallback  - getEdges(node=SCOPEDCONTENTCONDITION) - start
171269 [main] DEBUG org.dbunit.database.search.AbstractMetaDataBasedSearchCallback  - getNodesFromImportedKeys(node=SCOPEDCONTENTCONDITION) - start
171269 [main] DEBUG org.dbunit.database.search.AbstractMetaDataBasedSearchCallback  - getNodes(type=0, node=SCOPEDCONTENTCONDITION) - start
171269 [main] DEBUG org.dbunit.database.DatabaseDataSourceConnection  - getConnection() - start
171269 [main] DEBUG org.dbunit.database.search.AbstractMetaDataBasedSearchCallback  - getNodes(type=0, node=SCOPEDCONTENTCONDITION, conn=Transaction-aware proxy for target Connection [jdbc:hsqldb:mem:kontrollDS, UserName=sw, HSQL Database Engine Driver], schema=null, metaData=org.apache.commons.dbcp.DelegatingDatabaseMetaData@480fe744, edges=[]) - start
171270 [main] DEBUG org.dbunit.database.search.AbstractMetaDataBasedSearchCallback  - Getting edges for node SCOPEDCONTENTCONDITION
171270 [main] TRACE org.dbunit.database.DatabaseConfig  - getProperty(name=http://www.dbunit.org/properties/metadataHandler) - start
171270 [main] TRACE org.dbunit.database.DefaultMetadataHandler  - tableExists(metaData=org.apache.commons.dbcp.DelegatingDatabaseMetaData@480fe744, schemaName=null, tableName=SCOPEDCONTENTCONDITION) - start
171271 [main] DEBUG org.dbunit.util.SQLHelper  - close(resultSet=org.apache.commons.dbcp.DelegatingResultSet@db0b7b2) - start
171271 [main] DEBUG org.dbunit.util.SQLHelper  - close(resultSet=org.apache.commons.dbcp.DelegatingResultSet@1d944349) - start
171271 [main] DEBUG org.dbunit.util.search.DepthFirstSearch  - reverseSearch:SCOPEDCONTENTCONDITIONS_SCOPEDCONTENT
171271 [main] DEBUG org.dbunit.util.search.DepthFirstSearch  - already searched; returning true
171271 [main] DEBUG org.dbunit.util.search.DepthFirstSearch  - search:SCOPEDCONTENTCONDITIONS_SCOPEDCONTENT
171271 [main] DEBUG org.dbunit.util.search.DepthFirstSearch  - already searched; returning true
171271 [main] DEBUG org.dbunit.util.search.DepthFirstSearch  - search:SCOPEDCONTENT
171271 [main] DEBUG org.dbunit.util.search.DepthFirstSearch  - already searched; returning true
171271 [main] DEBUG org.dbunit.util.search.DepthFirstSearch  - search:SCOPE
171271 [main] DEBUG org.dbunit.util.search.DepthFirstSearch  - already searched; returning true
171271 [main] DEBUG org.dbunit.util.search.DepthFirstSearch  - search:SCOPEDCONTENTCONDITION
171271 [main] DEBUG org.dbunit.util.search.DepthFirstSearch  - already searched; returning true
171271 [main] DEBUG org.dbunit.database.DatabaseSequenceFilter  - getDependencyInfo(connection=_databaseConfig=org.dbunit.database.DatabaseConfig[, _propertyMap={http://www.dbunit.org/properties/statementFactory=org.dbunit.database.statement.PreparedStatementFactory@626bc2b8, http://www.dbunit.org/features/caseSensitiveTableNames=false, http://www.dbunit.org/properties/fetchSize=100, http://www.dbunit.org/features/batchedStatements=false, http://www.dbunit.org/properties/metadataHandler=org.dbunit.database.DefaultMetadataHandler@62baffef, http://www.dbunit.org/properties/datatypeFactory=org.dbunit.dataset.datatype.DefaultDataTypeFactory[_toleratedDeltaMap=org.dbunit.dataset.datatype.ToleratedDeltaMap@6452310a], http://www.dbunit.org/properties/escapePattern=null, http://www.dbunit.org/properties/batchSize=100, http://www.dbunit.org/features/qualifiedTableNames=false, http://www.dbunit.org/properties/tableType=[Ljava.lang.String;@5011bafa, http://www.dbunit.org/properties/resultSetTableFactory=org.dbunit.database.CachedResultSetTableFactory@10bcf083, http://www.dbunit.org/features/datatypeWarning=true}], _dataSet=AbstractDataSet[_orderedTableNameMap=null], tableName=SCOPEDCONTENTCONDITIONS_SCOPEDCONTENTITEM) - start
171272 [main] DEBUG org.dbunit.database.search.TablesDependencyHelper  - getDependentTables(connection=_databaseConfig=org.dbunit.database.DatabaseConfig[, _propertyMap={http://www.dbunit.org/properties/statementFactory=org.dbunit.database.statement.PreparedStatementFactory@626bc2b8, http://www.dbunit.org/features/caseSensitiveTableNames=false, http://www.dbunit.org/properties/fetchSize=100, http://www.dbunit.org/features/batchedStatements=false, http://www.dbunit.org/properties/metadataHandler=org.dbunit.database.DefaultMetadataHandler@62baffef, http://www.dbunit.org/properties/datatypeFactory=org.dbunit.dataset.datatype.DefaultDataTypeFactory[_toleratedDeltaMap=org.dbunit.dataset.datatype.ToleratedDeltaMap@6452310a], http://www.dbunit.org/properties/escapePattern=null, http://www.dbunit.org/properties/batchSize=100, http://www.dbunit.org/features/qualifiedTableNames=false, http://www.dbunit.org/properties/tableType=[Ljava.lang.String;@5011bafa, http://www.dbunit.org/properties/resultSetTableFactory=org.dbunit.database.CachedResultSetTableFactory@10bcf083, http://www.dbunit.org/features/datatypeWarning=true}], _dataSet=AbstractDataSet[_orderedTableNameMap=null], rootTable=SCOPEDCONTENTCONDITIONS_SCOPEDCONTENTITEM) - start
171272 [main] DEBUG org.dbunit.database.search.TablesDependencyHelper  - getDependentTables(connection=_databaseConfig=org.dbunit.database.DatabaseConfig[, _propertyMap={http://www.dbunit.org/properties/statementFactory=org.dbunit.database.statement.PreparedStatementFactory@626bc2b8, http://www.dbunit.org/features/caseSensitiveTableNames=false, http://www.dbunit.org/properties/fetchSize=100, http://www.dbunit.org/features/batchedStatements=false, http://www.dbunit.org/properties/metadataHandler=org.dbunit.database.DefaultMetadataHandler@62baffef, http://www.dbunit.org/properties/datatypeFactory=org.dbunit.dataset.datatype.DefaultDataTypeFactory[_toleratedDeltaMap=org.dbunit.dataset.datatype.ToleratedDeltaMap@6452310a], http://www.dbunit.org/properties/escapePattern=null, http://www.dbunit.org/properties/batchSize=100, http://www.dbunit.org/features/qualifiedTableNames=false, http://www.dbunit.org/properties/tableType=[Ljava.lang.String;@5011bafa, http://www.dbunit.org/properties/resultSetTableFactory=org.dbunit.database.CachedResultSetTableFactory@10bcf083, http://www.dbunit.org/features/datatypeWarning=true}], _dataSet=AbstractDataSet[_orderedTableNameMap=null], rootTables=[SCOPEDCONTENTCONDITIONS_SCOPEDCONTENTITEM]) - start
171272 [main] DEBUG org.dbunit.util.search.DepthFirstSearch  - search(nodesFrom=[SCOPEDCONTENTCONDITIONS_SCOPEDCONTENTITEM], callback=org.dbunit.database.search.ImportedKeysSearchCallback@42bbeba1) - start
171272 [main] DEBUG org.dbunit.util.CollectionsHelper  - objectsToSet(objects=SCOPEDCONTENTCONDITIONS_SCOPEDCONTENTITEM) - start
171272 [main] DEBUG org.dbunit.util.search.DepthFirstSearch  - search(nodesFrom=[SCOPEDCONTENTCONDITIONS_SCOPEDCONTENTITEM], callback=org.dbunit.database.search.ImportedKeysSearchCallback@42bbeba1) - start
171272 [main] DEBUG org.dbunit.util.search.DepthFirstSearch  - reverseSearch:SCOPEDCONTENTCONDITIONS_SCOPEDCONTENTITEM
171272 [main] DEBUG org.dbunit.database.search.ImportedKeysSearchCallback  - searchNode(node=SCOPEDCONTENTCONDITIONS_SCOPEDCONTENTITEM) - start
171272 [main] DEBUG org.dbunit.util.search.DepthFirstSearch  - Pushing (reverse) SCOPEDCONTENTCONDITIONS_SCOPEDCONTENTITEM
171272 [main] DEBUG org.dbunit.database.search.ImportedKeysSearchCallback  - getEdges(node=SCOPEDCONTENTCONDITIONS_SCOPEDCONTENTITEM) - start
171272 [main] DEBUG org.dbunit.database.search.AbstractMetaDataBasedSearchCallback  - getNodesFromImportedKeys(node=SCOPEDCONTENTCONDITIONS_SCOPEDCONTENTITEM) - start
171273 [main] DEBUG org.dbunit.database.search.AbstractMetaDataBasedSearchCallback  - getNodes(type=0, node=SCOPEDCONTENTCONDITIONS_SCOPEDCONTENTITEM) - start
171273 [main] DEBUG org.dbunit.database.DatabaseDataSourceConnection  - getConnection() - start
171273 [main] DEBUG org.dbunit.database.search.AbstractMetaDataBasedSearchCallback  - getNodes(type=0, node=SCOPEDCONTENTCONDITIONS_SCOPEDCONTENTITEM, conn=Transaction-aware proxy for target Connection [jdbc:hsqldb:mem:kontrollDS, UserName=sw, HSQL Database Engine Driver], schema=null, metaData=org.apache.commons.dbcp.DelegatingDatabaseMetaData@3f6ab941, edges=[]) - start
171273 [main] DEBUG org.dbunit.database.search.AbstractMetaDataBasedSearchCallback  - Getting edges for node SCOPEDCONTENTCONDITIONS_SCOPEDCONTENTITEM
171273 [main] TRACE org.dbunit.database.DatabaseConfig  - getProperty(name=http://www.dbunit.org/properties/metadataHandler) - start
171273 [main] TRACE org.dbunit.database.DefaultMetadataHandler  - tableExists(metaData=org.apache.commons.dbcp.DelegatingDatabaseMetaData@3f6ab941, schemaName=null, tableName=SCOPEDCONTENTCONDITIONS_SCOPEDCONTENTITEM) - start
171274 [main] DEBUG org.dbunit.util.SQLHelper  - close(resultSet=org.apache.commons.dbcp.DelegatingResultSet@561e9afa) - start
171274 [main] DEBUG org.dbunit.util.QualifiedTableName  - getQualifiedNameIfEnabled(config=org.dbunit.database.DatabaseConfig[, _propertyMap={http://www.dbunit.org/properties/statementFactory=org.dbunit.database.statement.PreparedStatementFactory@626bc2b8, http://www.dbunit.org/features/caseSensitiveTableNames=false, http://www.dbunit.org/properties/fetchSize=100, http://www.dbunit.org/features/batchedStatements=false, http://www.dbunit.org/properties/metadataHandler=org.dbunit.database.DefaultMetadataHandler@62baffef, http://www.dbunit.org/properties/datatypeFactory=org.dbunit.dataset.datatype.DefaultDataTypeFactory[_toleratedDeltaMap=org.dbunit.dataset.datatype.ToleratedDeltaMap@6452310a], http://www.dbunit.org/properties/escapePattern=null, http://www.dbunit.org/properties/batchSize=100, http://www.dbunit.org/features/qualifiedTableNames=false, http://www.dbunit.org/properties/tableType=[Ljava.lang.String;@5011bafa, http://www.dbunit.org/properties/resultSetTableFactory=org.dbunit.database.CachedResultSetTableFactory@10bcf083, http://www.dbunit.org/features/datatypeWarning=true}]) - start
171274 [main] TRACE org.dbunit.database.DatabaseConfig  - getFeature(name=http://www.dbunit.org/features/qualifiedTableNames) - start
171274 [main] TRACE org.dbunit.database.DatabaseConfig  - getProperty(name=http://www.dbunit.org/features/qualifiedTableNames) - start
171274 [main] DEBUG org.dbunit.util.QualifiedTableName  - Qualified table names feature is disabled. Returning plain table name
171274 [main] DEBUG org.dbunit.util.QualifiedTableName  - getQualifiedName(prefix=null, name=SCOPEDCONTENTCONDITIONS_SCOPEDCONTENTITEM, escapePattern=null) - start
171274 [main] DEBUG org.dbunit.util.QualifiedTableName  - getQualifiedNameIfEnabled(config=org.dbunit.database.DatabaseConfig[, _propertyMap={http://www.dbunit.org/properties/statementFactory=org.dbunit.database.statement.PreparedStatementFactory@626bc2b8, http://www.dbunit.org/features/caseSensitiveTableNames=false, http://www.dbunit.org/properties/fetchSize=100, http://www.dbunit.org/features/batchedStatements=false, http://www.dbunit.org/properties/metadataHandler=org.dbunit.database.DefaultMetadataHandler@62baffef, http://www.dbunit.org/properties/datatypeFactory=org.dbunit.dataset.datatype.DefaultDataTypeFactory[_toleratedDeltaMap=org.dbunit.dataset.datatype.ToleratedDeltaMap@6452310a], http://www.dbunit.org/properties/escapePattern=null, http://www.dbunit.org/properties/batchSize=100, http://www.dbunit.org/features/qualifiedTableNames=false, http://www.dbunit.org/properties/tableType=[Ljava.lang.String;@5011bafa, http://www.dbunit.org/properties/resultSetTableFactory=org.dbunit.database.CachedResultSetTableFactory@10bcf083, http://www.dbunit.org/features/datatypeWarning=true}]) - start
171274 [main] TRACE org.dbunit.database.DatabaseConfig  - getFeature(name=http://www.dbunit.org/features/qualifiedTableNames) - start
171275 [main] TRACE org.dbunit.database.DatabaseConfig  - getProperty(name=http://www.dbunit.org/features/qualifiedTableNames) - start
171275 [main] DEBUG org.dbunit.util.QualifiedTableName  - Qualified table names feature is disabled. Returning plain table name
171275 [main] DEBUG org.dbunit.util.QualifiedTableName  - getQualifiedName(prefix=null, name=SCOPEDCONTENTCONDITION, escapePattern=null) - start
171275 [main] DEBUG org.dbunit.database.search.AbstractMetaDataBasedSearchCallback  - newEdge(rs=org.apache.commons.dbcp.DelegatingResultSet@3a3c7f8c, type=0, from=SCOPEDCONTENTCONDITIONS_SCOPEDCONTENTITEM, to=SCOPEDCONTENTCONDITION, fkColumn=SCOPED_CONTENT_CONDITION_ID, pkColumn=ID) - start
171275 [main] DEBUG org.dbunit.database.search.AbstractMetaDataBasedSearchCallback  - createFKEdge(rs=org.apache.commons.dbcp.DelegatingResultSet@3a3c7f8c, type=0, from=SCOPEDCONTENTCONDITIONS_SCOPEDCONTENTITEM, to=SCOPEDCONTENTCONDITION, fkColumn=SCOPED_CONTENT_CONDITION_ID, pkColumn=ID) - start
171275 [main] DEBUG org.dbunit.database.search.AbstractMetaDataBasedSearchCallback  - Adding edge SCOPEDCONTENTCONDITIONS_SCOPEDCONTENTITEM(SCOPED_CONTENT_CONDITION_ID)->SCOPEDCONTENTCONDITION(ID)
171275 [main] DEBUG org.dbunit.util.search.Edge  - compareTo(o=SCOPEDCONTENTCONDITIONS_SCOPEDCONTENTITEM(SCOPED_CONTENT_CONDITION_ID)->SCOPEDCONTENTCONDITION(ID)) - start
171275 [main] DEBUG org.dbunit.util.QualifiedTableName  - getQualifiedNameIfEnabled(config=org.dbunit.database.DatabaseConfig[, _propertyMap={http://www.dbunit.org/properties/statementFactory=org.dbunit.database.statement.PreparedStatementFactory@626bc2b8, http://www.dbunit.org/features/caseSensitiveTableNames=false, http://www.dbunit.org/properties/fetchSize=100, http://www.dbunit.org/features/batchedStatements=false, http://www.dbunit.org/properties/metadataHandler=org.dbunit.database.DefaultMetadataHandler@62baffef, http://www.dbunit.org/properties/datatypeFactory=org.dbunit.dataset.datatype.DefaultDataTypeFactory[_toleratedDeltaMap=org.dbunit.dataset.datatype.ToleratedDeltaMap@6452310a], http://www.dbunit.org/properties/escapePattern=null, http://www.dbunit.org/properties/batchSize=100, http://www.dbunit.org/features/qualifiedTableNames=false, http://www.dbunit.org/properties/tableType=[Ljava.lang.String;@5011bafa, http://www.dbunit.org/properties/resultSetTableFactory=org.dbunit.database.CachedResultSetTableFactory@10bcf083, http://www.dbunit.org/features/datatypeWarning=true}]) - start
171275 [main] TRACE org.dbunit.database.DatabaseConfig  - getFeature(name=http://www.dbunit.org/features/qualifiedTableNames) - start
171275 [main] TRACE org.dbunit.database.DatabaseConfig  - getProperty(name=http://www.dbunit.org/features/qualifiedTableNames) - start
171275 [main] DEBUG org.dbunit.util.QualifiedTableName  - Qualified table names feature is disabled. Returning plain table name
171275 [main] DEBUG org.dbunit.util.QualifiedTableName  - getQualifiedName(prefix=null, name=SCOPEDCONTENTCONDITIONS_SCOPEDCONTENTITEM, escapePattern=null) - start
171275 [main] DEBUG org.dbunit.util.QualifiedTableName  - getQualifiedNameIfEnabled(config=org.dbunit.database.DatabaseConfig[, _propertyMap={http://www.dbunit.org/properties/statementFactory=org.dbunit.database.statement.PreparedStatementFactory@626bc2b8, http://www.dbunit.org/features/caseSensitiveTableNames=false, http://www.dbunit.org/properties/fetchSize=100, http://www.dbunit.org/features/batchedStatements=false, http://www.dbunit.org/properties/metadataHandler=org.dbunit.database.DefaultMetadataHandler@62baffef, http://www.dbunit.org/properties/datatypeFactory=org.dbunit.dataset.datatype.DefaultDataTypeFactory[_toleratedDeltaMap=org.dbunit.dataset.datatype.ToleratedDeltaMap@6452310a], http://www.dbunit.org/properties/escapePattern=null, http://www.dbunit.org/properties/batchSize=100, http://www.dbunit.org/features/qualifiedTableNames=false, http://www.dbunit.org/properties/tableType=[Ljava.lang.String;@5011bafa, http://www.dbunit.org/properties/resultSetTableFactory=org.dbunit.database.CachedResultSetTableFactory@10bcf083, http://www.dbunit.org/features/datatypeWarning=true}]) - start
171275 [main] TRACE org.dbunit.database.DatabaseConfig  - getFeature(name=http://www.dbunit.org/features/qualifiedTableNames) - start
171275 [main] TRACE org.dbunit.database.DatabaseConfig  - getProperty(name=http://www.dbunit.org/features/qualifiedTableNames) - start
171275 [main] DEBUG org.dbunit.util.QualifiedTableName  - Qualified table names feature is disabled. Returning plain table name
171275 [main] DEBUG org.dbunit.util.QualifiedTableName  - getQualifiedName(prefix=null, name=SCOPEDCONTENTITEM, escapePattern=null) - start
171275 [main] DEBUG org.dbunit.database.search.AbstractMetaDataBasedSearchCallback  - newEdge(rs=org.apache.commons.dbcp.DelegatingResultSet@3a3c7f8c, type=0, from=SCOPEDCONTENTCONDITIONS_SCOPEDCONTENTITEM, to=SCOPEDCONTENTITEM, fkColumn=SCOPED_CONTENT_ITEM_ID, pkColumn=ID) - start
171275 [main] DEBUG org.dbunit.database.search.AbstractMetaDataBasedSearchCallback  - createFKEdge(rs=org.apache.commons.dbcp.DelegatingResultSet@3a3c7f8c, type=0, from=SCOPEDCONTENTCONDITIONS_SCOPEDCONTENTITEM, to=SCOPEDCONTENTITEM, fkColumn=SCOPED_CONTENT_ITEM_ID, pkColumn=ID) - start
171275 [main] DEBUG org.dbunit.database.search.AbstractMetaDataBasedSearchCallback  - Adding edge SCOPEDCONTENTCONDITIONS_SCOPEDCONTENTITEM(SCOPED_CONTENT_ITEM_ID)->SCOPEDCONTENTITEM(ID)
171275 [main] DEBUG org.dbunit.util.search.Edge  - compareTo(o=SCOPEDCONTENTCONDITIONS_SCOPEDCONTENTITEM(SCOPED_CONTENT_CONDITION_ID)->SCOPEDCONTENTCONDITION(ID)) - start
171275 [main] DEBUG org.dbunit.util.SQLHelper  - close(resultSet=org.apache.commons.dbcp.DelegatingResultSet@3a3c7f8c) - start
171275 [main] DEBUG org.dbunit.util.search.DepthFirstSearch  - search:SCOPEDCONTENTCONDITIONS_SCOPEDCONTENTITEM
171275 [main] DEBUG org.dbunit.database.search.ImportedKeysSearchCallback  - searchNode(node=SCOPEDCONTENTCONDITIONS_SCOPEDCONTENTITEM) - start
171276 [main] DEBUG org.dbunit.util.search.DepthFirstSearch  - Pushing SCOPEDCONTENTCONDITIONS_SCOPEDCONTENTITEM
171276 [main] DEBUG org.dbunit.database.search.ImportedKeysSearchCallback  - getEdges(node=SCOPEDCONTENTCONDITIONS_SCOPEDCONTENTITEM) - start
171276 [main] DEBUG org.dbunit.database.search.AbstractMetaDataBasedSearchCallback  - getNodesFromImportedKeys(node=SCOPEDCONTENTCONDITIONS_SCOPEDCONTENTITEM) - start
171276 [main] DEBUG org.dbunit.database.search.AbstractMetaDataBasedSearchCallback  - getNodes(type=0, node=SCOPEDCONTENTCONDITIONS_SCOPEDCONTENTITEM) - start
171276 [main] DEBUG org.dbunit.database.DatabaseDataSourceConnection  - getConnection() - start
171276 [main] DEBUG org.dbunit.database.search.AbstractMetaDataBasedSearchCallback  - getNodes(type=0, node=SCOPEDCONTENTCONDITIONS_SCOPEDCONTENTITEM, conn=Transaction-aware proxy for target Connection [jdbc:hsqldb:mem:kontrollDS, UserName=sw, HSQL Database Engine Driver], schema=null, metaData=org.apache.commons.dbcp.DelegatingDatabaseMetaData@59d9de32, edges=[]) - start
171276 [main] DEBUG org.dbunit.database.search.AbstractMetaDataBasedSearchCallback  - Getting edges for node SCOPEDCONTENTCONDITIONS_SCOPEDCONTENTITEM
171276 [main] TRACE org.dbunit.database.DatabaseConfig  - getProperty(name=http://www.dbunit.org/properties/metadataHandler) - start
171276 [main] TRACE org.dbunit.database.DefaultMetadataHandler  - tableExists(metaData=org.apache.commons.dbcp.DelegatingDatabaseMetaData@59d9de32, schemaName=null, tableName=SCOPEDCONTENTCONDITIONS_SCOPEDCONTENTITEM) - start
171277 [main] DEBUG org.dbunit.util.SQLHelper  - close(resultSet=org.apache.commons.dbcp.DelegatingResultSet@5c0f1e77) - start
171277 [main] DEBUG org.dbunit.util.QualifiedTableName  - getQualifiedNameIfEnabled(config=org.dbunit.database.DatabaseConfig[, _propertyMap={http://www.dbunit.org/properties/statementFactory=org.dbunit.database.statement.PreparedStatementFactory@626bc2b8, http://www.dbunit.org/features/caseSensitiveTableNames=false, http://www.dbunit.org/properties/fetchSize=100, http://www.dbunit.org/features/batchedStatements=false, http://www.dbunit.org/properties/metadataHandler=org.dbunit.database.DefaultMetadataHandler@62baffef, http://www.dbunit.org/properties/datatypeFactory=org.dbunit.dataset.datatype.DefaultDataTypeFactory[_toleratedDeltaMap=org.dbunit.dataset.datatype.ToleratedDeltaMap@6452310a], http://www.dbunit.org/properties/escapePattern=null, http://www.dbunit.org/properties/batchSize=100, http://www.dbunit.org/features/qualifiedTableNames=false, http://www.dbunit.org/properties/tableType=[Ljava.lang.String;@5011bafa, http://www.dbunit.org/properties/resultSetTableFactory=org.dbunit.database.CachedResultSetTableFactory@10bcf083, http://www.dbunit.org/features/datatypeWarning=true}]) - start
171277 [main] TRACE org.dbunit.database.DatabaseConfig  - getFeature(name=http://www.dbunit.org/features/qualifiedTableNames) - start
171277 [main] TRACE org.dbunit.database.DatabaseConfig  - getProperty(name=http://www.dbunit.org/features/qualifiedTableNames) - start
171277 [main] DEBUG org.dbunit.util.QualifiedTableName  - Qualified table names feature is disabled. Returning plain table name
171278 [main] DEBUG org.dbunit.util.QualifiedTableName  - getQualifiedName(prefix=null, name=SCOPEDCONTENTCONDITIONS_SCOPEDCONTENTITEM, escapePattern=null) - start
171278 [main] DEBUG org.dbunit.util.QualifiedTableName  - getQualifiedNameIfEnabled(config=org.dbunit.database.DatabaseConfig[, _propertyMap={http://www.dbunit.org/properties/statementFactory=org.dbunit.database.statement.PreparedStatementFactory@626bc2b8, http://www.dbunit.org/features/caseSensitiveTableNames=false, http://www.dbunit.org/properties/fetchSize=100, http://www.dbunit.org/features/batchedStatements=false, http://www.dbunit.org/properties/metadataHandler=org.dbunit.database.DefaultMetadataHandler@62baffef, http://www.dbunit.org/properties/datatypeFactory=org.dbunit.dataset.datatype.DefaultDataTypeFactory[_toleratedDeltaMap=org.dbunit.dataset.datatype.ToleratedDeltaMap@6452310a], http://www.dbunit.org/properties/escapePattern=null, http://www.dbunit.org/properties/batchSize=100, http://www.dbunit.org/features/qualifiedTableNames=false, http://www.dbunit.org/properties/tableType=[Ljava.lang.String;@5011bafa, http://www.dbunit.org/properties/resultSetTableFactory=org.dbunit.database.CachedResultSetTableFactory@10bcf083, http://www.dbunit.org/features/datatypeWarning=true}]) - start
171278 [main] TRACE org.dbunit.database.DatabaseConfig  - getFeature(name=http://www.dbunit.org/features/qualifiedTableNames) - start
171278 [main] TRACE org.dbunit.database.DatabaseConfig  - getProperty(name=http://www.dbunit.org/features/qualifiedTableNames) - start
171278 [main] DEBUG org.dbunit.util.QualifiedTableName  - Qualified table names feature is disabled. Returning plain table name
171278 [main] DEBUG org.dbunit.util.QualifiedTableName  - getQualifiedName(prefix=null, name=SCOPEDCONTENTCONDITION, escapePattern=null) - start
171278 [main] DEBUG org.dbunit.database.search.AbstractMetaDataBasedSearchCallback  - newEdge(rs=org.apache.commons.dbcp.DelegatingResultSet@ab89b81, type=0, from=SCOPEDCONTENTCONDITIONS_SCOPEDCONTENTITEM, to=SCOPEDCONTENTCONDITION, fkColumn=SCOPED_CONTENT_CONDITION_ID, pkColumn=ID) - start
171278 [main] DEBUG org.dbunit.database.search.AbstractMetaDataBasedSearchCallback  - createFKEdge(rs=org.apache.commons.dbcp.DelegatingResultSet@ab89b81, type=0, from=SCOPEDCONTENTCONDITIONS_SCOPEDCONTENTITEM, to=SCOPEDCONTENTCONDITION, fkColumn=SCOPED_CONTENT_CONDITION_ID, pkColumn=ID) - start
171278 [main] DEBUG org.dbunit.database.search.AbstractMetaDataBasedSearchCallback  - Adding edge SCOPEDCONTENTCONDITIONS_SCOPEDCONTENTITEM(SCOPED_CONTENT_CONDITION_ID)->SCOPEDCONTENTCONDITION(ID)
171278 [main] DEBUG org.dbunit.util.search.Edge  - compareTo(o=SCOPEDCONTENTCONDITIONS_SCOPEDCONTENTITEM(SCOPED_CONTENT_CONDITION_ID)->SCOPEDCONTENTCONDITION(ID)) - start
171278 [main] DEBUG org.dbunit.util.QualifiedTableName  - getQualifiedNameIfEnabled(config=org.dbunit.database.DatabaseConfig[, _propertyMap={http://www.dbunit.org/properties/statementFactory=org.dbunit.database.statement.PreparedStatementFactory@626bc2b8, http://www.dbunit.org/features/caseSensitiveTableNames=false, http://www.dbunit.org/properties/fetchSize=100, http://www.dbunit.org/features/batchedStatements=false, http://www.dbunit.org/properties/metadataHandler=org.dbunit.database.DefaultMetadataHandler@62baffef, http://www.dbunit.org/properties/datatypeFactory=org.dbunit.dataset.datatype.DefaultDataTypeFactory[_toleratedDeltaMap=org.dbunit.dataset.datatype.ToleratedDeltaMap@6452310a], http://www.dbunit.org/properties/escapePattern=null, http://www.dbunit.org/properties/batchSize=100, http://www.dbunit.org/features/qualifiedTableNames=false, http://www.dbunit.org/properties/tableType=[Ljava.lang.String;@5011bafa, http://www.dbunit.org/properties/resultSetTableFactory=org.dbunit.database.CachedResultSetTableFactory@10bcf083, http://www.dbunit.org/features/datatypeWarning=true}]) - start
171278 [main] TRACE org.dbunit.database.DatabaseConfig  - getFeature(name=http://www.dbunit.org/features/qualifiedTableNames) - start
171278 [main] TRACE org.dbunit.database.DatabaseConfig  - getProperty(name=http://www.dbunit.org/features/qualifiedTableNames) - start
171278 [main] DEBUG org.dbunit.util.QualifiedTableName  - Qualified table names feature is disabled. Returning plain table name
171278 [main] DEBUG org.dbunit.util.QualifiedTableName  - getQualifiedName(prefix=null, name=SCOPEDCONTENTCONDITIONS_SCOPEDCONTENTITEM, escapePattern=null) - start
171278 [main] DEBUG org.dbunit.util.QualifiedTableName  - getQualifiedNameIfEnabled(config=org.dbunit.database.DatabaseConfig[, _propertyMap={http://www.dbunit.org/properties/statementFactory=org.dbunit.database.statement.PreparedStatementFactory@626bc2b8, http://www.dbunit.org/features/caseSensitiveTableNames=false, http://www.dbunit.org/properties/fetchSize=100, http://www.dbunit.org/features/batchedStatements=false, http://www.dbunit.org/properties/metadataHandler=org.dbunit.database.DefaultMetadataHandler@62baffef, http://www.dbunit.org/properties/datatypeFactory=org.dbunit.dataset.datatype.DefaultDataTypeFactory[_toleratedDeltaMap=org.dbunit.dataset.datatype.ToleratedDeltaMap@6452310a], http://www.dbunit.org/properties/escapePattern=null, http://www.dbunit.org/properties/batchSize=100, http://www.dbunit.org/features/qualifiedTableNames=false, http://www.dbunit.org/properties/tableType=[Ljava.lang.String;@5011bafa, http://www.dbunit.org/properties/resultSetTableFactory=org.dbunit.database.CachedResultSetTableFactory@10bcf083, http://www.dbunit.org/features/datatypeWarning=true}]) - start
171278 [main] TRACE org.dbunit.database.DatabaseConfig  - getFeature(name=http://www.dbunit.org/features/qualifiedTableNames) - start
171278 [main] TRACE org.dbunit.database.DatabaseConfig  - getProperty(name=http://www.dbunit.org/features/qualifiedTableNames) - start
171278 [main] DEBUG org.dbunit.util.QualifiedTableName  - Qualified table names feature is disabled. Returning plain table name
171278 [main] DEBUG org.dbunit.util.QualifiedTableName  - getQualifiedName(prefix=null, name=SCOPEDCONTENTITEM, escapePattern=null) - start
171279 [main] DEBUG org.dbunit.database.search.AbstractMetaDataBasedSearchCallback  - newEdge(rs=org.apache.commons.dbcp.DelegatingResultSet@ab89b81, type=0, from=SCOPEDCONTENTCONDITIONS_SCOPEDCONTENTITEM, to=SCOPEDCONTENTITEM, fkColumn=SCOPED_CONTENT_ITEM_ID, pkColumn=ID) - start
171279 [main] DEBUG org.dbunit.database.search.AbstractMetaDataBasedSearchCallback  - createFKEdge(rs=org.apache.commons.dbcp.DelegatingResultSet@ab89b81, type=0, from=SCOPEDCONTENTCONDITIONS_SCOPEDCONTENTITEM, to=SCOPEDCONTENTITEM, fkColumn=SCOPED_CONTENT_ITEM_ID, pkColumn=ID) - start
171279 [main] DEBUG org.dbunit.database.search.AbstractMetaDataBasedSearchCallback  - Adding edge SCOPEDCONTENTCONDITIONS_SCOPEDCONTENTITEM(SCOPED_CONTENT_ITEM_ID)->SCOPEDCONTENTITEM(ID)
171279 [main] DEBUG org.dbunit.util.search.Edge  - compareTo(o=SCOPEDCONTENTCONDITIONS_SCOPEDCONTENTITEM(SCOPED_CONTENT_CONDITION_ID)->SCOPEDCONTENTCONDITION(ID)) - start
171279 [main] DEBUG org.dbunit.util.SQLHelper  - close(resultSet=org.apache.commons.dbcp.DelegatingResultSet@ab89b81) - start
171279 [main] DEBUG org.dbunit.util.search.DepthFirstSearch  - search:SCOPEDCONTENTCONDITION
171279 [main] DEBUG org.dbunit.database.search.ImportedKeysSearchCallback  - searchNode(node=SCOPEDCONTENTCONDITION) - start
171279 [main] DEBUG org.dbunit.util.search.DepthFirstSearch  - Pushing SCOPEDCONTENTCONDITION
171279 [main] DEBUG org.dbunit.database.search.ImportedKeysSearchCallback  - getEdges(node=SCOPEDCONTENTCONDITION) - start
171279 [main] DEBUG org.dbunit.database.search.AbstractMetaDataBasedSearchCallback  - getNodesFromImportedKeys(node=SCOPEDCONTENTCONDITION) - start
171279 [main] DEBUG org.dbunit.database.search.AbstractMetaDataBasedSearchCallback  - getNodes(type=0, node=SCOPEDCONTENTCONDITION) - start
171279 [main] DEBUG org.dbunit.database.DatabaseDataSourceConnection  - getConnection() - start
171279 [main] DEBUG org.dbunit.database.search.AbstractMetaDataBasedSearchCallback  - getNodes(type=0, node=SCOPEDCONTENTCONDITION, conn=Transaction-aware proxy for target Connection [jdbc:hsqldb:mem:kontrollDS, UserName=sw, HSQL Database Engine Driver], schema=null, metaData=org.apache.commons.dbcp.DelegatingDatabaseMetaData@5de937a6, edges=[]) - start
171279 [main] DEBUG org.dbunit.database.search.AbstractMetaDataBasedSearchCallback  - Getting edges for node SCOPEDCONTENTCONDITION
171279 [main] TRACE org.dbunit.database.DatabaseConfig  - getProperty(name=http://www.dbunit.org/properties/metadataHandler) - start
171279 [main] TRACE org.dbunit.database.DefaultMetadataHandler  - tableExists(metaData=org.apache.commons.dbcp.DelegatingDatabaseMetaData@5de937a6, schemaName=null, tableName=SCOPEDCONTENTCONDITION) - start
171280 [main] DEBUG org.dbunit.util.SQLHelper  - close(resultSet=org.apache.commons.dbcp.DelegatingResultSet@30475362) - start
171280 [main] DEBUG org.dbunit.util.SQLHelper  - close(resultSet=org.apache.commons.dbcp.DelegatingResultSet@764f6b28) - start
171280 [main] DEBUG org.dbunit.util.search.DepthFirstSearch  - Adding node SCOPEDCONTENTCONDITION to the final result
171281 [main] DEBUG org.dbunit.util.search.DepthFirstSearch  - search:SCOPEDCONTENTITEM
171281 [main] DEBUG org.dbunit.database.search.ImportedKeysSearchCallback  - searchNode(node=SCOPEDCONTENTITEM) - start
171281 [main] DEBUG org.dbunit.util.search.DepthFirstSearch  - Pushing SCOPEDCONTENTITEM
171281 [main] DEBUG org.dbunit.database.search.ImportedKeysSearchCallback  - getEdges(node=SCOPEDCONTENTITEM) - start
171281 [main] DEBUG org.dbunit.database.search.AbstractMetaDataBasedSearchCallback  - getNodesFromImportedKeys(node=SCOPEDCONTENTITEM) - start
171281 [main] DEBUG org.dbunit.database.search.AbstractMetaDataBasedSearchCallback  - getNodes(type=0, node=SCOPEDCONTENTITEM) - start
171281 [main] DEBUG org.dbunit.database.DatabaseDataSourceConnection  - getConnection() - start
171281 [main] DEBUG org.dbunit.database.search.AbstractMetaDataBasedSearchCallback  - getNodes(type=0, node=SCOPEDCONTENTITEM, conn=Transaction-aware proxy for target Connection [jdbc:hsqldb:mem:kontrollDS, UserName=sw, HSQL Database Engine Driver], schema=null, metaData=org.apache.commons.dbcp.DelegatingDatabaseMetaData@58044bc6, edges=[]) - start
171281 [main] DEBUG org.dbunit.database.search.AbstractMetaDataBasedSearchCallback  - Getting edges for node SCOPEDCONTENTITEM
171281 [main] TRACE org.dbunit.database.DatabaseConfig  - getProperty(name=http://www.dbunit.org/properties/metadataHandler) - start
171281 [main] TRACE org.dbunit.database.DefaultMetadataHandler  - tableExists(metaData=org.apache.commons.dbcp.DelegatingDatabaseMetaData@58044bc6, schemaName=null, tableName=SCOPEDCONTENTITEM) - start
171282 [main] DEBUG org.dbunit.util.SQLHelper  - close(resultSet=org.apache.commons.dbcp.DelegatingResultSet@184e0a95) - start
171283 [main] DEBUG org.dbunit.util.SQLHelper  - close(resultSet=org.apache.commons.dbcp.DelegatingResultSet@3b9e2742) - start
171283 [main] DEBUG org.dbunit.util.search.DepthFirstSearch  - Adding node SCOPEDCONTENTITEM to the final result
171283 [main] DEBUG org.dbunit.util.search.DepthFirstSearch  - Adding node SCOPEDCONTENTCONDITIONS_SCOPEDCONTENTITEM to the final result
171283 [main] DEBUG org.dbunit.util.search.DepthFirstSearch  - reverseSearch:SCOPEDCONTENTITEM
171283 [main] DEBUG org.dbunit.database.search.ImportedKeysSearchCallback  - searchNode(node=SCOPEDCONTENTITEM) - start
171283 [main] DEBUG org.dbunit.util.search.DepthFirstSearch  - Pushing (reverse) SCOPEDCONTENTITEM
171283 [main] DEBUG org.dbunit.database.search.ImportedKeysSearchCallback  - getEdges(node=SCOPEDCONTENTITEM) - start
171283 [main] DEBUG org.dbunit.database.search.AbstractMetaDataBasedSearchCallback  - getNodesFromImportedKeys(node=SCOPEDCONTENTITEM) - start
171283 [main] DEBUG org.dbunit.database.search.AbstractMetaDataBasedSearchCallback  - getNodes(type=0, node=SCOPEDCONTENTITEM) - start
171283 [main] DEBUG org.dbunit.database.DatabaseDataSourceConnection  - getConnection() - start
171283 [main] DEBUG org.dbunit.database.search.AbstractMetaDataBasedSearchCallback  - getNodes(type=0, node=SCOPEDCONTENTITEM, conn=Transaction-aware proxy for target Connection [jdbc:hsqldb:mem:kontrollDS, UserName=sw, HSQL Database Engine Driver], schema=null, metaData=org.apache.commons.dbcp.DelegatingDatabaseMetaData@c237ca2, edges=[]) - start
171283 [main] DEBUG org.dbunit.database.search.AbstractMetaDataBasedSearchCallback  - Getting edges for node SCOPEDCONTENTITEM
171283 [main] TRACE org.dbunit.database.DatabaseConfig  - getProperty(name=http://www.dbunit.org/properties/metadataHandler) - start
171283 [main] TRACE org.dbunit.database.DefaultMetadataHandler  - tableExists(metaData=org.apache.commons.dbcp.DelegatingDatabaseMetaData@c237ca2, schemaName=null, tableName=SCOPEDCONTENTITEM) - start
171284 [main] DEBUG org.dbunit.util.SQLHelper  - close(resultSet=org.apache.commons.dbcp.DelegatingResultSet@48a9c901) - start
171285 [main] DEBUG org.dbunit.util.SQLHelper  - close(resultSet=org.apache.commons.dbcp.DelegatingResultSet@7fc54a62) - start
171294 [main] DEBUG org.dbunit.util.search.DepthFirstSearch  - reverseSearch:SCOPEDCONTENTCONDITIONS_SCOPEDCONTENTITEM
171294 [main] DEBUG org.dbunit.util.search.DepthFirstSearch  - already searched; returning true
171294 [main] DEBUG org.dbunit.util.search.DepthFirstSearch  - reverseSearch:SCOPEDCONTENTCONDITION
171294 [main] DEBUG org.dbunit.database.search.ImportedKeysSearchCallback  - searchNode(node=SCOPEDCONTENTCONDITION) - start
171294 [main] DEBUG org.dbunit.util.search.DepthFirstSearch  - Pushing (reverse) SCOPEDCONTENTCONDITION
171294 [main] DEBUG org.dbunit.database.search.ImportedKeysSearchCallback  - getEdges(node=SCOPEDCONTENTCONDITION) - start
171294 [main] DEBUG org.dbunit.database.search.AbstractMetaDataBasedSearchCallback  - getNodesFromImportedKeys(node=SCOPEDCONTENTCONDITION) - start
171294 [main] DEBUG org.dbunit.database.search.AbstractMetaDataBasedSearchCallback  - getNodes(type=0, node=SCOPEDCONTENTCONDITION) - start
171294 [main] DEBUG org.dbunit.database.DatabaseDataSourceConnection  - getConnection() - start
171294 [main] DEBUG org.dbunit.database.search.AbstractMetaDataBasedSearchCallback  - getNodes(type=0, node=SCOPEDCONTENTCONDITION, conn=Transaction-aware proxy for target Connection [jdbc:hsqldb:mem:kontrollDS, UserName=sw, HSQL Database Engine Driver], schema=null, metaData=org.apache.commons.dbcp.DelegatingDatabaseMetaData@7196a976, edges=[]) - start
171294 [main] DEBUG org.dbunit.database.search.AbstractMetaDataBasedSearchCallback  - Getting edges for node SCOPEDCONTENTCONDITION
171294 [main] TRACE org.dbunit.database.DatabaseConfig  - getProperty(name=http://www.dbunit.org/properties/metadataHandler) - start
171294 [main] TRACE org.dbunit.database.DefaultMetadataHandler  - tableExists(metaData=org.apache.commons.dbcp.DelegatingDatabaseMetaData@7196a976, schemaName=null, tableName=SCOPEDCONTENTCONDITION) - start
171295 [main] DEBUG org.dbunit.util.SQLHelper  - close(resultSet=org.apache.commons.dbcp.DelegatingResultSet@28cf3576) - start
171296 [main] DEBUG org.dbunit.util.SQLHelper  - close(resultSet=org.apache.commons.dbcp.DelegatingResultSet@733043fc) - start
171296 [main] DEBUG org.dbunit.util.search.DepthFirstSearch  - search:SCOPEDCONTENTCONDITIONS_SCOPEDCONTENTITEM
171296 [main] DEBUG org.dbunit.util.search.DepthFirstSearch  - already searched; returning true
171296 [main] DEBUG org.dbunit.util.search.DepthFirstSearch  - search:SCOPEDCONTENTITEM
171296 [main] DEBUG org.dbunit.util.search.DepthFirstSearch  - already searched; returning true
171296 [main] DEBUG org.dbunit.util.search.DepthFirstSearch  - search:SCOPEDCONTENTCONDITION
171296 [main] DEBUG org.dbunit.util.search.DepthFirstSearch  - already searched; returning true
171296 [main] DEBUG org.dbunit.util.CollectionsHelper  - setToStrings(set=[SCOPEDCONTENTCONDITION, SCOPEDCONTENTITEM, SCOPEDCONTENTCONDITIONS_SCOPEDCONTENTITEM]) - start
171296 [main] DEBUG org.dbunit.database.search.TablesDependencyHelper  - getDependsOnTables(connection=_databaseConfig=org.dbunit.database.DatabaseConfig[, _propertyMap={http://www.dbunit.org/properties/statementFactory=org.dbunit.database.statement.PreparedStatementFactory@626bc2b8, http://www.dbunit.org/features/caseSensitiveTableNames=false, http://www.dbunit.org/properties/fetchSize=100, http://www.dbunit.org/features/batchedStatements=false, http://www.dbunit.org/properties/metadataHandler=org.dbunit.database.DefaultMetadataHandler@62baffef, http://www.dbunit.org/properties/datatypeFactory=org.dbunit.dataset.datatype.DefaultDataTypeFactory[_toleratedDeltaMap=org.dbunit.dataset.datatype.ToleratedDeltaMap@6452310a], http://www.dbunit.org/properties/escapePattern=null, http://www.dbunit.org/properties/batchSize=100, http://www.dbunit.org/features/qualifiedTableNames=false, http://www.dbunit.org/properties/tableType=[Ljava.lang.String;@5011bafa, http://www.dbunit.org/properties/resultSetTableFactory=org.dbunit.database.CachedResultSetTableFactory@10bcf083, http://www.dbunit.org/features/datatypeWarning=true}], _dataSet=AbstractDataSet[_orderedTableNameMap=null], rootTable=SCOPEDCONTENTCONDITIONS_SCOPEDCONTENTITEM) - start
171301 [main] DEBUG org.dbunit.util.search.DepthFirstSearch  - search(nodesFrom=[SCOPEDCONTENTCONDITIONS_SCOPEDCONTENTITEM], callback=org.dbunit.database.search.ExportedKeysSearchCallback@3a5ea78) - start
171301 [main] DEBUG org.dbunit.util.CollectionsHelper  - objectsToSet(objects=SCOPEDCONTENTCONDITIONS_SCOPEDCONTENTITEM) - start
171301 [main] DEBUG org.dbunit.util.search.DepthFirstSearch  - search(nodesFrom=[SCOPEDCONTENTCONDITIONS_SCOPEDCONTENTITEM], callback=org.dbunit.database.search.ExportedKeysSearchCallback@3a5ea78) - start
171301 [main] DEBUG org.dbunit.util.search.DepthFirstSearch  - reverseSearch:SCOPEDCONTENTCONDITIONS_SCOPEDCONTENTITEM
171301 [main] DEBUG org.dbunit.database.search.ExportedKeysSearchCallback  - searchNode(node=SCOPEDCONTENTCONDITIONS_SCOPEDCONTENTITEM) - start
171301 [main] DEBUG org.dbunit.util.search.DepthFirstSearch  - Pushing (reverse) SCOPEDCONTENTCONDITIONS_SCOPEDCONTENTITEM
171301 [main] DEBUG org.dbunit.database.search.ExportedKeysSearchCallback  - getEdges(node=SCOPEDCONTENTCONDITIONS_SCOPEDCONTENTITEM) - start
171301 [main] DEBUG org.dbunit.database.search.AbstractMetaDataBasedSearchCallback  - getNodesFromExportedKeys(node=SCOPEDCONTENTCONDITIONS_SCOPEDCONTENTITEM) - start
171301 [main] DEBUG org.dbunit.database.search.AbstractMetaDataBasedSearchCallback  - getNodes(type=1, node=SCOPEDCONTENTCONDITIONS_SCOPEDCONTENTITEM) - start
171301 [main] DEBUG org.dbunit.database.DatabaseDataSourceConnection  - getConnection() - start
171301 [main] DEBUG org.dbunit.database.search.AbstractMetaDataBasedSearchCallback  - getNodes(type=1, node=SCOPEDCONTENTCONDITIONS_SCOPEDCONTENTITEM, conn=Transaction-aware proxy for target Connection [jdbc:hsqldb:mem:kontrollDS, UserName=sw, HSQL Database Engine Driver], schema=null, metaData=org.apache.commons.dbcp.DelegatingDatabaseMetaData@1c46e27, edges=[]) - start
171301 [main] DEBUG org.dbunit.database.search.AbstractMetaDataBasedSearchCallback  - Getting edges for node SCOPEDCONTENTCONDITIONS_SCOPEDCONTENTITEM
171301 [main] TRACE org.dbunit.database.DatabaseConfig  - getProperty(name=http://www.dbunit.org/properties/metadataHandler) - start
171301 [main] TRACE org.dbunit.database.DefaultMetadataHandler  - tableExists(metaData=org.apache.commons.dbcp.DelegatingDatabaseMetaData@1c46e27, schemaName=null, tableName=SCOPEDCONTENTCONDITIONS_SCOPEDCONTENTITEM) - start
171302 [main] DEBUG org.dbunit.util.SQLHelper  - close(resultSet=org.apache.commons.dbcp.DelegatingResultSet@2fb60bb4) - start
171303 [main] DEBUG org.dbunit.util.SQLHelper  - close(resultSet=org.apache.commons.dbcp.DelegatingResultSet@37c6683e) - start
171303 [main] DEBUG org.dbunit.util.search.DepthFirstSearch  - search:SCOPEDCONTENTCONDITIONS_SCOPEDCONTENTITEM
171303 [main] DEBUG org.dbunit.database.search.ExportedKeysSearchCallback  - searchNode(node=SCOPEDCONTENTCONDITIONS_SCOPEDCONTENTITEM) - start
171303 [main] DEBUG org.dbunit.util.search.DepthFirstSearch  - Pushing SCOPEDCONTENTCONDITIONS_SCOPEDCONTENTITEM
171303 [main] DEBUG org.dbunit.database.search.ExportedKeysSearchCallback  - getEdges(node=SCOPEDCONTENTCONDITIONS_SCOPEDCONTENTITEM) - start
171303 [main] DEBUG org.dbunit.database.search.AbstractMetaDataBasedSearchCallback  - getNodesFromExportedKeys(node=SCOPEDCONTENTCONDITIONS_SCOPEDCONTENTITEM) - start
171303 [main] DEBUG org.dbunit.database.search.AbstractMetaDataBasedSearchCallback  - getNodes(type=1, node=SCOPEDCONTENTCONDITIONS_SCOPEDCONTENTITEM) - start
171303 [main] DEBUG org.dbunit.database.DatabaseDataSourceConnection  - getConnection() - start
171303 [main] DEBUG org.dbunit.database.search.AbstractMetaDataBasedSearchCallback  - getNodes(type=1, node=SCOPEDCONTENTCONDITIONS_SCOPEDCONTENTITEM, conn=Transaction-aware proxy for target Connection [jdbc:hsqldb:mem:kontrollDS, UserName=sw, HSQL Database Engine Driver], schema=null, metaData=org.apache.commons.dbcp.DelegatingDatabaseMetaData@42e5db0d, edges=[]) - start
171304 [main] DEBUG org.dbunit.database.search.AbstractMetaDataBasedSearchCallback  - Getting edges for node SCOPEDCONTENTCONDITIONS_SCOPEDCONTENTITEM
171304 [main] TRACE org.dbunit.database.DatabaseConfig  - getProperty(name=http://www.dbunit.org/properties/metadataHandler) - start
171304 [main] TRACE org.dbunit.database.DefaultMetadataHandler  - tableExists(metaData=org.apache.commons.dbcp.DelegatingDatabaseMetaData@42e5db0d, schemaName=null, tableName=SCOPEDCONTENTCONDITIONS_SCOPEDCONTENTITEM) - start
171305 [main] DEBUG org.dbunit.util.SQLHelper  - close(resultSet=org.apache.commons.dbcp.DelegatingResultSet@3aedbb7) - start
171305 [main] DEBUG org.dbunit.util.SQLHelper  - close(resultSet=org.apache.commons.dbcp.DelegatingResultSet@30da52c7) - start
171305 [main] DEBUG org.dbunit.util.search.DepthFirstSearch  - Adding node SCOPEDCONTENTCONDITIONS_SCOPEDCONTENTITEM to the final result
171305 [main] DEBUG org.dbunit.util.CollectionsHelper  - setToStrings(set=[SCOPEDCONTENTCONDITIONS_SCOPEDCONTENTITEM]) - start
171306 [main] DEBUG org.dbunit.database.search.TablesDependencyHelper  - getDirectDependsOnTables(connection=_databaseConfig=org.dbunit.database.DatabaseConfig[, _propertyMap={http://www.dbunit.org/properties/statementFactory=org.dbunit.database.statement.PreparedStatementFactory@626bc2b8, http://www.dbunit.org/features/caseSensitiveTableNames=false, http://www.dbunit.org/properties/fetchSize=100, http://www.dbunit.org/features/batchedStatements=false, http://www.dbunit.org/properties/metadataHandler=org.dbunit.database.DefaultMetadataHandler@62baffef, http://www.dbunit.org/properties/datatypeFactory=org.dbunit.dataset.datatype.DefaultDataTypeFactory[_toleratedDeltaMap=org.dbunit.dataset.datatype.ToleratedDeltaMap@6452310a], http://www.dbunit.org/properties/escapePattern=null, http://www.dbunit.org/properties/batchSize=100, http://www.dbunit.org/features/qualifiedTableNames=false, http://www.dbunit.org/properties/tableType=[Ljava.lang.String;@5011bafa, http://www.dbunit.org/properties/resultSetTableFactory=org.dbunit.database.CachedResultSetTableFactory@10bcf083, http://www.dbunit.org/features/datatypeWarning=true}], _dataSet=AbstractDataSet[_orderedTableNameMap=null], tableName=SCOPEDCONTENTCONDITIONS_SCOPEDCONTENTITEM) - start
171306 [main] DEBUG org.dbunit.util.search.DepthFirstSearch  - search(nodesFrom=[SCOPEDCONTENTCONDITIONS_SCOPEDCONTENTITEM], callback=org.dbunit.database.search.ExportedKeysSearchCallback@1d101131) - start
171306 [main] DEBUG org.dbunit.util.CollectionsHelper  - objectsToSet(objects=SCOPEDCONTENTCONDITIONS_SCOPEDCONTENTITEM) - start
171306 [main] DEBUG org.dbunit.util.search.DepthFirstSearch  - search(nodesFrom=[SCOPEDCONTENTCONDITIONS_SCOPEDCONTENTITEM], callback=org.dbunit.database.search.ExportedKeysSearchCallback@1d101131) - start
171306 [main] DEBUG org.dbunit.util.search.DepthFirstSearch  - reverseSearch:SCOPEDCONTENTCONDITIONS_SCOPEDCONTENTITEM
171306 [main] DEBUG org.dbunit.database.search.ExportedKeysSearchCallback  - searchNode(node=SCOPEDCONTENTCONDITIONS_SCOPEDCONTENTITEM) - start
171306 [main] DEBUG org.dbunit.util.search.DepthFirstSearch  - Pushing (reverse) SCOPEDCONTENTCONDITIONS_SCOPEDCONTENTITEM
171306 [main] DEBUG org.dbunit.database.search.ExportedKeysSearchCallback  - getEdges(node=SCOPEDCONTENTCONDITIONS_SCOPEDCONTENTITEM) - start
171306 [main] DEBUG org.dbunit.database.search.AbstractMetaDataBasedSearchCallback  - getNodesFromExportedKeys(node=SCOPEDCONTENTCONDITIONS_SCOPEDCONTENTITEM) - start
171306 [main] DEBUG org.dbunit.database.search.AbstractMetaDataBasedSearchCallback  - getNodes(type=1, node=SCOPEDCONTENTCONDITIONS_SCOPEDCONTENTITEM) - start
171306 [main] DEBUG org.dbunit.database.DatabaseDataSourceConnection  - getConnection() - start
171306 [main] DEBUG org.dbunit.database.search.AbstractMetaDataBasedSearchCallback  - getNodes(type=1, node=SCOPEDCONTENTCONDITIONS_SCOPEDCONTENTITEM, conn=Transaction-aware proxy for target Connection [jdbc:hsqldb:mem:kontrollDS, UserName=sw, HSQL Database Engine Driver], schema=null, metaData=org.apache.commons.dbcp.DelegatingDatabaseMetaData@9d8b6df, edges=[]) - start
171306 [main] DEBUG org.dbunit.database.search.AbstractMetaDataBasedSearchCallback  - Getting edges for node SCOPEDCONTENTCONDITIONS_SCOPEDCONTENTITEM
171306 [main] TRACE org.dbunit.database.DatabaseConfig  - getProperty(name=http://www.dbunit.org/properties/metadataHandler) - start
171306 [main] TRACE org.dbunit.database.DefaultMetadataHandler  - tableExists(metaData=org.apache.commons.dbcp.DelegatingDatabaseMetaData@9d8b6df, schemaName=null, tableName=SCOPEDCONTENTCONDITIONS_SCOPEDCONTENTITEM) - start
171307 [main] DEBUG org.dbunit.util.SQLHelper  - close(resultSet=org.apache.commons.dbcp.DelegatingResultSet@2e283fa5) - start
171307 [main] DEBUG org.dbunit.util.SQLHelper  - close(resultSet=org.apache.commons.dbcp.DelegatingResultSet@1c4f94d5) - start
171307 [main] DEBUG org.dbunit.util.search.DepthFirstSearch  - search:SCOPEDCONTENTCONDITIONS_SCOPEDCONTENTITEM
171307 [main] DEBUG org.dbunit.database.search.ExportedKeysSearchCallback  - searchNode(node=SCOPEDCONTENTCONDITIONS_SCOPEDCONTENTITEM) - start
171307 [main] DEBUG org.dbunit.util.search.DepthFirstSearch  - Pushing SCOPEDCONTENTCONDITIONS_SCOPEDCONTENTITEM
171307 [main] DEBUG org.dbunit.database.search.ExportedKeysSearchCallback  - getEdges(node=SCOPEDCONTENTCONDITIONS_SCOPEDCONTENTITEM) - start
171308 [main] DEBUG org.dbunit.database.search.AbstractMetaDataBasedSearchCallback  - getNodesFromExportedKeys(node=SCOPEDCONTENTCONDITIONS_SCOPEDCONTENTITEM) - start
171308 [main] DEBUG org.dbunit.database.search.AbstractMetaDataBasedSearchCallback  - getNodes(type=1, node=SCOPEDCONTENTCONDITIONS_SCOPEDCONTENTITEM) - start
171308 [main] DEBUG org.dbunit.database.DatabaseDataSourceConnection  - getConnection() - start
171308 [main] DEBUG org.dbunit.database.search.AbstractMetaDataBasedSearchCallback  - getNodes(type=1, node=SCOPEDCONTENTCONDITIONS_SCOPEDCONTENTITEM, conn=Transaction-aware proxy for target Connection [jdbc:hsqldb:mem:kontrollDS, UserName=sw, HSQL Database Engine Driver], schema=null, metaData=org.apache.commons.dbcp.DelegatingDatabaseMetaData@2cb43a78, edges=[]) - start
171308 [main] DEBUG org.dbunit.database.search.AbstractMetaDataBasedSearchCallback  - Getting edges for node SCOPEDCONTENTCONDITIONS_SCOPEDCONTENTITEM
171308 [main] TRACE org.dbunit.database.DatabaseConfig  - getProperty(name=http://www.dbunit.org/properties/metadataHandler) - start
171308 [main] TRACE org.dbunit.database.DefaultMetadataHandler  - tableExists(metaData=org.apache.commons.dbcp.DelegatingDatabaseMetaData@2cb43a78, schemaName=null, tableName=SCOPEDCONTENTCONDITIONS_SCOPEDCONTENTITEM) - start
171309 [main] DEBUG org.dbunit.util.SQLHelper  - close(resultSet=org.apache.commons.dbcp.DelegatingResultSet@511b942e) - start
171309 [main] DEBUG org.dbunit.util.SQLHelper  - close(resultSet=org.apache.commons.dbcp.DelegatingResultSet@63a81d48) - start
171309 [main] DEBUG org.dbunit.util.search.DepthFirstSearch  - Adding node SCOPEDCONTENTCONDITIONS_SCOPEDCONTENTITEM to the final result
171309 [main] DEBUG org.dbunit.database.search.TablesDependencyHelper  - getDirectDependentTables(connection=_databaseConfig=org.dbunit.database.DatabaseConfig[, _propertyMap={http://www.dbunit.org/properties/statementFactory=org.dbunit.database.statement.PreparedStatementFactory@626bc2b8, http://www.dbunit.org/features/caseSensitiveTableNames=false, http://www.dbunit.org/properties/fetchSize=100, http://www.dbunit.org/features/batchedStatements=false, http://www.dbunit.org/properties/metadataHandler=org.dbunit.database.DefaultMetadataHandler@62baffef, http://www.dbunit.org/properties/datatypeFactory=org.dbunit.dataset.datatype.DefaultDataTypeFactory[_toleratedDeltaMap=org.dbunit.dataset.datatype.ToleratedDeltaMap@6452310a], http://www.dbunit.org/properties/escapePattern=null, http://www.dbunit.org/properties/batchSize=100, http://www.dbunit.org/features/qualifiedTableNames=false, http://www.dbunit.org/properties/tableType=[Ljava.lang.String;@5011bafa, http://www.dbunit.org/properties/resultSetTableFactory=org.dbunit.database.CachedResultSetTableFactory@10bcf083, http://www.dbunit.org/features/datatypeWarning=true}], _dataSet=AbstractDataSet[_orderedTableNameMap=null], tableName=SCOPEDCONTENTCONDITIONS_SCOPEDCONTENTITEM) - start
171309 [main] DEBUG org.dbunit.util.search.DepthFirstSearch  - search(nodesFrom=[SCOPEDCONTENTCONDITIONS_SCOPEDCONTENTITEM], callback=org.dbunit.database.search.ImportedKeysSearchCallback@6f31af65) - start
171309 [main] DEBUG org.dbunit.util.CollectionsHelper  - objectsToSet(objects=SCOPEDCONTENTCONDITIONS_SCOPEDCONTENTITEM) - start
171309 [main] DEBUG org.dbunit.util.search.DepthFirstSearch  - search(nodesFrom=[SCOPEDCONTENTCONDITIONS_SCOPEDCONTENTITEM], callback=org.dbunit.database.search.ImportedKeysSearchCallback@6f31af65) - start
171309 [main] DEBUG org.dbunit.util.search.DepthFirstSearch  - reverseSearch:SCOPEDCONTENTCONDITIONS_SCOPEDCONTENTITEM
171309 [main] DEBUG org.dbunit.database.search.ImportedKeysSearchCallback  - searchNode(node=SCOPEDCONTENTCONDITIONS_SCOPEDCONTENTITEM) - start
171309 [main] DEBUG org.dbunit.util.search.DepthFirstSearch  - Pushing (reverse) SCOPEDCONTENTCONDITIONS_SCOPEDCONTENTITEM
171309 [main] DEBUG org.dbunit.database.search.ImportedKeysSearchCallback  - getEdges(node=SCOPEDCONTENTCONDITIONS_SCOPEDCONTENTITEM) - start
171309 [main] DEBUG org.dbunit.database.search.AbstractMetaDataBasedSearchCallback  - getNodesFromImportedKeys(node=SCOPEDCONTENTCONDITIONS_SCOPEDCONTENTITEM) - start
171309 [main] DEBUG org.dbunit.database.search.AbstractMetaDataBasedSearchCallback  - getNodes(type=0, node=SCOPEDCONTENTCONDITIONS_SCOPEDCONTENTITEM) - start
171309 [main] DEBUG org.dbunit.database.DatabaseDataSourceConnection  - getConnection() - start
171310 [main] DEBUG org.dbunit.database.search.AbstractMetaDataBasedSearchCallback  - getNodes(type=0, node=SCOPEDCONTENTCONDITIONS_SCOPEDCONTENTITEM, conn=Transaction-aware proxy for target Connection [jdbc:hsqldb:mem:kontrollDS, UserName=sw, HSQL Database Engine Driver], schema=null, metaData=org.apache.commons.dbcp.DelegatingDatabaseMetaData@26f248eb, edges=[]) - start
171310 [main] DEBUG org.dbunit.database.search.AbstractMetaDataBasedSearchCallback  - Getting edges for node SCOPEDCONTENTCONDITIONS_SCOPEDCONTENTITEM
171310 [main] TRACE org.dbunit.database.DatabaseConfig  - getProperty(name=http://www.dbunit.org/properties/metadataHandler) - start
171310 [main] TRACE org.dbunit.database.DefaultMetadataHandler  - tableExists(metaData=org.apache.commons.dbcp.DelegatingDatabaseMetaData@26f248eb, schemaName=null, tableName=SCOPEDCONTENTCONDITIONS_SCOPEDCONTENTITEM) - start
171311 [main] DEBUG org.dbunit.util.SQLHelper  - close(resultSet=org.apache.commons.dbcp.DelegatingResultSet@382d5b59) - start
171311 [main] DEBUG org.dbunit.util.QualifiedTableName  - getQualifiedNameIfEnabled(config=org.dbunit.database.DatabaseConfig[, _propertyMap={http://www.dbunit.org/properties/statementFactory=org.dbunit.database.statement.PreparedStatementFactory@626bc2b8, http://www.dbunit.org/features/caseSensitiveTableNames=false, http://www.dbunit.org/properties/fetchSize=100, http://www.dbunit.org/features/batchedStatements=false, http://www.dbunit.org/properties/metadataHandler=org.dbunit.database.DefaultMetadataHandler@62baffef, http://www.dbunit.org/properties/datatypeFactory=org.dbunit.dataset.datatype.DefaultDataTypeFactory[_toleratedDeltaMap=org.dbunit.dataset.datatype.ToleratedDeltaMap@6452310a], http://www.dbunit.org/properties/escapePattern=null, http://www.dbunit.org/properties/batchSize=100, http://www.dbunit.org/features/qualifiedTableNames=false, http://www.dbunit.org/properties/tableType=[Ljava.lang.String;@5011bafa, http://www.dbunit.org/properties/resultSetTableFactory=org.dbunit.database.CachedResultSetTableFactory@10bcf083, http://www.dbunit.org/features/datatypeWarning=true}]) - start
171311 [main] TRACE org.dbunit.database.DatabaseConfig  - getFeature(name=http://www.dbunit.org/features/qualifiedTableNames) - start
171311 [main] TRACE org.dbunit.database.DatabaseConfig  - getProperty(name=http://www.dbunit.org/features/qualifiedTableNames) - start
171311 [main] DEBUG org.dbunit.util.QualifiedTableName  - Qualified table names feature is disabled. Returning plain table name
171311 [main] DEBUG org.dbunit.util.QualifiedTableName  - getQualifiedName(prefix=null, name=SCOPEDCONTENTCONDITIONS_SCOPEDCONTENTITEM, escapePattern=null) - start
171311 [main] DEBUG org.dbunit.util.QualifiedTableName  - getQualifiedNameIfEnabled(config=org.dbunit.database.DatabaseConfig[, _propertyMap={http://www.dbunit.org/properties/statementFactory=org.dbunit.database.statement.PreparedStatementFactory@626bc2b8, http://www.dbunit.org/features/caseSensitiveTableNames=false, http://www.dbunit.org/properties/fetchSize=100, http://www.dbunit.org/features/batchedStatements=false, http://www.dbunit.org/properties/metadataHandler=org.dbunit.database.DefaultMetadataHandler@62baffef, http://www.dbunit.org/properties/datatypeFactory=org.dbunit.dataset.datatype.DefaultDataTypeFactory[_toleratedDeltaMap=org.dbunit.dataset.datatype.ToleratedDeltaMap@6452310a], http://www.dbunit.org/properties/escapePattern=null, http://www.dbunit.org/properties/batchSize=100, http://www.dbunit.org/features/qualifiedTableNames=false, http://www.dbunit.org/properties/tableType=[Ljava.lang.String;@5011bafa, http://www.dbunit.org/properties/resultSetTableFactory=org.dbunit.database.CachedResultSetTableFactory@10bcf083, http://www.dbunit.org/features/datatypeWarning=true}]) - start
171311 [main] TRACE org.dbunit.database.DatabaseConfig  - getFeature(name=http://www.dbunit.org/features/qualifiedTableNames) - start
171311 [main] TRACE org.dbunit.database.DatabaseConfig  - getProperty(name=http://www.dbunit.org/features/qualifiedTableNames) - start
171311 [main] DEBUG org.dbunit.util.QualifiedTableName  - Qualified table names feature is disabled. Returning plain table name
171311 [main] DEBUG org.dbunit.util.QualifiedTableName  - getQualifiedName(prefix=null, name=SCOPEDCONTENTCONDITION, escapePattern=null) - start
171311 [main] DEBUG org.dbunit.database.search.AbstractMetaDataBasedSearchCallback  - newEdge(rs=org.apache.commons.dbcp.DelegatingResultSet@1d2ed9e7, type=0, from=SCOPEDCONTENTCONDITIONS_SCOPEDCONTENTITEM, to=SCOPEDCONTENTCONDITION, fkColumn=SCOPED_CONTENT_CONDITION_ID, pkColumn=ID) - start
171311 [main] DEBUG org.dbunit.database.search.AbstractMetaDataBasedSearchCallback  - createFKEdge(rs=org.apache.commons.dbcp.DelegatingResultSet@1d2ed9e7, type=0, from=SCOPEDCONTENTCONDITIONS_SCOPEDCONTENTITEM, to=SCOPEDCONTENTCONDITION, fkColumn=SCOPED_CONTENT_CONDITION_ID, pkColumn=ID) - start
171311 [main] DEBUG org.dbunit.database.search.AbstractMetaDataBasedSearchCallback  - Adding edge SCOPEDCONTENTCONDITIONS_SCOPEDCONTENTITEM(SCOPED_CONTENT_CONDITION_ID)->SCOPEDCONTENTCONDITION(ID)
171312 [main] DEBUG org.dbunit.util.search.Edge  - compareTo(o=SCOPEDCONTENTCONDITIONS_SCOPEDCONTENTITEM(SCOPED_CONTENT_CONDITION_ID)->SCOPEDCONTENTCONDITION(ID)) - start
171312 [main] DEBUG org.dbunit.util.QualifiedTableName  - getQualifiedNameIfEnabled(config=org.dbunit.database.DatabaseConfig[, _propertyMap={http://www.dbunit.org/properties/statementFactory=org.dbunit.database.statement.PreparedStatementFactory@626bc2b8, http://www.dbunit.org/features/caseSensitiveTableNames=false, http://www.dbunit.org/properties/fetchSize=100, http://www.dbunit.org/features/batchedStatements=false, http://www.dbunit.org/properties/metadataHandler=org.dbunit.database.DefaultMetadataHandler@62baffef, http://www.dbunit.org/properties/datatypeFactory=org.dbunit.dataset.datatype.DefaultDataTypeFactory[_toleratedDeltaMap=org.dbunit.dataset.datatype.ToleratedDeltaMap@6452310a], http://www.dbunit.org/properties/escapePattern=null, http://www.dbunit.org/properties/batchSize=100, http://www.dbunit.org/features/qualifiedTableNames=false, http://www.dbunit.org/properties/tableType=[Ljava.lang.String;@5011bafa, http://www.dbunit.org/properties/resultSetTableFactory=org.dbunit.database.CachedResultSetTableFactory@10bcf083, http://www.dbunit.org/features/datatypeWarning=true}]) - start
171312 [main] TRACE org.dbunit.database.DatabaseConfig  - getFeature(name=http://www.dbunit.org/features/qualifiedTableNames) - start
171312 [main] TRACE org.dbunit.database.DatabaseConfig  - getProperty(name=http://www.dbunit.org/features/qualifiedTableNames) - start
171312 [main] DEBUG org.dbunit.util.QualifiedTableName  - Qualified table names feature is disabled. Returning plain table name
171312 [main] DEBUG org.dbunit.util.QualifiedTableName  - getQualifiedName(prefix=null, name=SCOPEDCONTENTCONDITIONS_SCOPEDCONTENTITEM, escapePattern=null) - start
171312 [main] DEBUG org.dbunit.util.QualifiedTableName  - getQualifiedNameIfEnabled(config=org.dbunit.database.DatabaseConfig[, _propertyMap={http://www.dbunit.org/properties/statementFactory=org.dbunit.database.statement.PreparedStatementFactory@626bc2b8, http://www.dbunit.org/features/caseSensitiveTableNames=false, http://www.dbunit.org/properties/fetchSize=100, http://www.dbunit.org/features/batchedStatements=false, http://www.dbunit.org/properties/metadataHandler=org.dbunit.database.DefaultMetadataHandler@62baffef, http://www.dbunit.org/properties/datatypeFactory=org.dbunit.dataset.datatype.DefaultDataTypeFactory[_toleratedDeltaMap=org.dbunit.dataset.datatype.ToleratedDeltaMap@6452310a], http://www.dbunit.org/properties/escapePattern=null, http://www.dbunit.org/properties/batchSize=100, http://www.dbunit.org/features/qualifiedTableNames=false, http://www.dbunit.org/properties/tableType=[Ljava.lang.String;@5011bafa, http://www.dbunit.org/properties/resultSetTableFactory=org.dbunit.database.CachedResultSetTableFactory@10bcf083, http://www.dbunit.org/features/datatypeWarning=true}]) - start
171312 [main] TRACE org.dbunit.database.DatabaseConfig  - getFeature(name=http://www.dbunit.org/features/qualifiedTableNames) - start
171312 [main] TRACE org.dbunit.database.DatabaseConfig  - getProperty(name=http://www.dbunit.org/features/qualifiedTableNames) - start
171312 [main] DEBUG org.dbunit.util.QualifiedTableName  - Qualified table names feature is disabled. Returning plain table name
171312 [main] DEBUG org.dbunit.util.QualifiedTableName  - getQualifiedName(prefix=null, name=SCOPEDCONTENTITEM, escapePattern=null) - start
171312 [main] DEBUG org.dbunit.database.search.AbstractMetaDataBasedSearchCallback  - newEdge(rs=org.apache.commons.dbcp.DelegatingResultSet@1d2ed9e7, type=0, from=SCOPEDCONTENTCONDITIONS_SCOPEDCONTENTITEM, to=SCOPEDCONTENTITEM, fkColumn=SCOPED_CONTENT_ITEM_ID, pkColumn=ID) - start
171312 [main] DEBUG org.dbunit.database.search.AbstractMetaDataBasedSearchCallback  - createFKEdge(rs=org.apache.commons.dbcp.DelegatingResultSet@1d2ed9e7, type=0, from=SCOPEDCONTENTCONDITIONS_SCOPEDCONTENTITEM, to=SCOPEDCONTENTITEM, fkColumn=SCOPED_CONTENT_ITEM_ID, pkColumn=ID) - start
171312 [main] DEBUG org.dbunit.database.search.AbstractMetaDataBasedSearchCallback  - Adding edge SCOPEDCONTENTCONDITIONS_SCOPEDCONTENTITEM(SCOPED_CONTENT_ITEM_ID)->SCOPEDCONTENTITEM(ID)
171312 [main] DEBUG org.dbunit.util.search.Edge  - compareTo(o=SCOPEDCONTENTCONDITIONS_SCOPEDCONTENTITEM(SCOPED_CONTENT_CONDITION_ID)->SCOPEDCONTENTCONDITION(ID)) - start
171312 [main] DEBUG org.dbunit.util.SQLHelper  - close(resultSet=org.apache.commons.dbcp.DelegatingResultSet@1d2ed9e7) - start
171312 [main] DEBUG org.dbunit.util.search.DepthFirstSearch  - search:SCOPEDCONTENTCONDITIONS_SCOPEDCONTENTITEM
171312 [main] DEBUG org.dbunit.database.search.ImportedKeysSearchCallback  - searchNode(node=SCOPEDCONTENTCONDITIONS_SCOPEDCONTENTITEM) - start
171312 [main] DEBUG org.dbunit.util.search.DepthFirstSearch  - Pushing SCOPEDCONTENTCONDITIONS_SCOPEDCONTENTITEM
171312 [main] DEBUG org.dbunit.database.search.ImportedKeysSearchCallback  - getEdges(node=SCOPEDCONTENTCONDITIONS_SCOPEDCONTENTITEM) - start
171312 [main] DEBUG org.dbunit.database.search.AbstractMetaDataBasedSearchCallback  - getNodesFromImportedKeys(node=SCOPEDCONTENTCONDITIONS_SCOPEDCONTENTITEM) - start
171312 [main] DEBUG org.dbunit.database.search.AbstractMetaDataBasedSearchCallback  - getNodes(type=0, node=SCOPEDCONTENTCONDITIONS_SCOPEDCONTENTITEM) - start
171312 [main] DEBUG org.dbunit.database.DatabaseDataSourceConnection  - getConnection() - start
171313 [main] DEBUG org.dbunit.database.search.AbstractMetaDataBasedSearchCallback  - getNodes(type=0, node=SCOPEDCONTENTCONDITIONS_SCOPEDCONTENTITEM, conn=Transaction-aware proxy for target Connection [jdbc:hsqldb:mem:kontrollDS, UserName=sw, HSQL Database Engine Driver], schema=null, metaData=org.apache.commons.dbcp.DelegatingDatabaseMetaData@6ee3dba8, edges=[]) - start
171313 [main] DEBUG org.dbunit.database.search.AbstractMetaDataBasedSearchCallback  - Getting edges for node SCOPEDCONTENTCONDITIONS_SCOPEDCONTENTITEM
171313 [main] TRACE org.dbunit.database.DatabaseConfig  - getProperty(name=http://www.dbunit.org/properties/metadataHandler) - start
171313 [main] TRACE org.dbunit.database.DefaultMetadataHandler  - tableExists(metaData=org.apache.commons.dbcp.DelegatingDatabaseMetaData@6ee3dba8, schemaName=null, tableName=SCOPEDCONTENTCONDITIONS_SCOPEDCONTENTITEM) - start
171314 [main] DEBUG org.dbunit.util.SQLHelper  - close(resultSet=org.apache.commons.dbcp.DelegatingResultSet@314beca0) - start
171314 [main] DEBUG org.dbunit.util.QualifiedTableName  - getQualifiedNameIfEnabled(config=org.dbunit.database.DatabaseConfig[, _propertyMap={http://www.dbunit.org/properties/statementFactory=org.dbunit.database.statement.PreparedStatementFactory@626bc2b8, http://www.dbunit.org/features/caseSensitiveTableNames=false, http://www.dbunit.org/properties/fetchSize=100, http://www.dbunit.org/features/batchedStatements=false, http://www.dbunit.org/properties/metadataHandler=org.dbunit.database.DefaultMetadataHandler@62baffef, http://www.dbunit.org/properties/datatypeFactory=org.dbunit.dataset.datatype.DefaultDataTypeFactory[_toleratedDeltaMap=org.dbunit.dataset.datatype.ToleratedDeltaMap@6452310a], http://www.dbunit.org/properties/escapePattern=null, http://www.dbunit.org/properties/batchSize=100, http://www.dbunit.org/features/qualifiedTableNames=false, http://www.dbunit.org/properties/tableType=[Ljava.lang.String;@5011bafa, http://www.dbunit.org/properties/resultSetTableFactory=org.dbunit.database.CachedResultSetTableFactory@10bcf083, http://www.dbunit.org/features/datatypeWarning=true}]) - start
171314 [main] TRACE org.dbunit.database.DatabaseConfig  - getFeature(name=http://www.dbunit.org/features/qualifiedTableNames) - start
171314 [main] TRACE org.dbunit.database.DatabaseConfig  - getProperty(name=http://www.dbunit.org/features/qualifiedTableNames) - start
171314 [main] DEBUG org.dbunit.util.QualifiedTableName  - Qualified table names feature is disabled. Returning plain table name
171314 [main] DEBUG org.dbunit.util.QualifiedTableName  - getQualifiedName(prefix=null, name=SCOPEDCONTENTCONDITIONS_SCOPEDCONTENTITEM, escapePattern=null) - start
171314 [main] DEBUG org.dbunit.util.QualifiedTableName  - getQualifiedNameIfEnabled(config=org.dbunit.database.DatabaseConfig[, _propertyMap={http://www.dbunit.org/properties/statementFactory=org.dbunit.database.statement.PreparedStatementFactory@626bc2b8, http://www.dbunit.org/features/caseSensitiveTableNames=false, http://www.dbunit.org/properties/fetchSize=100, http://www.dbunit.org/features/batchedStatements=false, http://www.dbunit.org/properties/metadataHandler=org.dbunit.database.DefaultMetadataHandler@62baffef, http://www.dbunit.org/properties/datatypeFactory=org.dbunit.dataset.datatype.DefaultDataTypeFactory[_toleratedDeltaMap=org.dbunit.dataset.datatype.ToleratedDeltaMap@6452310a], http://www.dbunit.org/properties/escapePattern=null, http://www.dbunit.org/properties/batchSize=100, http://www.dbunit.org/features/qualifiedTableNames=false, http://www.dbunit.org/properties/tableType=[Ljava.lang.String;@5011bafa, http://www.dbunit.org/properties/resultSetTableFactory=org.dbunit.database.CachedResultSetTableFactory@10bcf083, http://www.dbunit.org/features/datatypeWarning=true}]) - start
171314 [main] TRACE org.dbunit.database.DatabaseConfig  - getFeature(name=http://www.dbunit.org/features/qualifiedTableNames) - start
171314 [main] TRACE org.dbunit.database.DatabaseConfig  - getProperty(name=http://www.dbunit.org/features/qualifiedTableNames) - start
171314 [main] DEBUG org.dbunit.util.QualifiedTableName  - Qualified table names feature is disabled. Returning plain table name
171314 [main] DEBUG org.dbunit.util.QualifiedTableName  - getQualifiedName(prefix=null, name=SCOPEDCONTENTCONDITION, escapePattern=null) - start
171314 [main] DEBUG org.dbunit.database.search.AbstractMetaDataBasedSearchCallback  - newEdge(rs=org.apache.commons.dbcp.DelegatingResultSet@705201d6, type=0, from=SCOPEDCONTENTCONDITIONS_SCOPEDCONTENTITEM, to=SCOPEDCONTENTCONDITION, fkColumn=SCOPED_CONTENT_CONDITION_ID, pkColumn=ID) - start
171314 [main] DEBUG org.dbunit.database.search.AbstractMetaDataBasedSearchCallback  - createFKEdge(rs=org.apache.commons.dbcp.DelegatingResultSet@705201d6, type=0, from=SCOPEDCONTENTCONDITIONS_SCOPEDCONTENTITEM, to=SCOPEDCONTENTCONDITION, fkColumn=SCOPED_CONTENT_CONDITION_ID, pkColumn=ID) - start
171315 [main] DEBUG org.dbunit.database.search.AbstractMetaDataBasedSearchCallback  - Adding edge SCOPEDCONTENTCONDITIONS_SCOPEDCONTENTITEM(SCOPED_CONTENT_CONDITION_ID)->SCOPEDCONTENTCONDITION(ID)
171315 [main] DEBUG org.dbunit.util.search.Edge  - compareTo(o=SCOPEDCONTENTCONDITIONS_SCOPEDCONTENTITEM(SCOPED_CONTENT_CONDITION_ID)->SCOPEDCONTENTCONDITION(ID)) - start
171315 [main] DEBUG org.dbunit.util.QualifiedTableName  - getQualifiedNameIfEnabled(config=org.dbunit.database.DatabaseConfig[, _propertyMap={http://www.dbunit.org/properties/statementFactory=org.dbunit.database.statement.PreparedStatementFactory@626bc2b8, http://www.dbunit.org/features/caseSensitiveTableNames=false, http://www.dbunit.org/properties/fetchSize=100, http://www.dbunit.org/features/batchedStatements=false, http://www.dbunit.org/properties/metadataHandler=org.dbunit.database.DefaultMetadataHandler@62baffef, http://www.dbunit.org/properties/datatypeFactory=org.dbunit.dataset.datatype.DefaultDataTypeFactory[_toleratedDeltaMap=org.dbunit.dataset.datatype.ToleratedDeltaMap@6452310a], http://www.dbunit.org/properties/escapePattern=null, http://www.dbunit.org/properties/batchSize=100, http://www.dbunit.org/features/qualifiedTableNames=false, http://www.dbunit.org/properties/tableType=[Ljava.lang.String;@5011bafa, http://www.dbunit.org/properties/resultSetTableFactory=org.dbunit.database.CachedResultSetTableFactory@10bcf083, http://www.dbunit.org/features/datatypeWarning=true}]) - start
171315 [main] TRACE org.dbunit.database.DatabaseConfig  - getFeature(name=http://www.dbunit.org/features/qualifiedTableNames) - start
171315 [main] TRACE org.dbunit.database.DatabaseConfig  - getProperty(name=http://www.dbunit.org/features/qualifiedTableNames) - start
171315 [main] DEBUG org.dbunit.util.QualifiedTableName  - Qualified table names feature is disabled. Returning plain table name
171315 [main] DEBUG org.dbunit.util.QualifiedTableName  - getQualifiedName(prefix=null, name=SCOPEDCONTENTCONDITIONS_SCOPEDCONTENTITEM, escapePattern=null) - start
171315 [main] DEBUG org.dbunit.util.QualifiedTableName  - getQualifiedNameIfEnabled(config=org.dbunit.database.DatabaseConfig[, _propertyMap={http://www.dbunit.org/properties/statementFactory=org.dbunit.database.statement.PreparedStatementFactory@626bc2b8, http://www.dbunit.org/features/caseSensitiveTableNames=false, http://www.dbunit.org/properties/fetchSize=100, http://www.dbunit.org/features/batchedStatements=false, http://www.dbunit.org/properties/metadataHandler=org.dbunit.database.DefaultMetadataHandler@62baffef, http://www.dbunit.org/properties/datatypeFactory=org.dbunit.dataset.datatype.DefaultDataTypeFactory[_toleratedDeltaMap=org.dbunit.dataset.datatype.ToleratedDeltaMap@6452310a], http://www.dbunit.org/properties/escapePattern=null, http://www.dbunit.org/properties/batchSize=100, http://www.dbunit.org/features/qualifiedTableNames=false, http://www.dbunit.org/properties/tableType=[Ljava.lang.String;@5011bafa, http://www.dbunit.org/properties/resultSetTableFactory=org.dbunit.database.CachedResultSetTableFactory@10bcf083, http://www.dbunit.org/features/datatypeWarning=true}]) - start
171315 [main] TRACE org.dbunit.database.DatabaseConfig  - getFeature(name=http://www.dbunit.org/features/qualifiedTableNames) - start
171315 [main] TRACE org.dbunit.database.DatabaseConfig  - getProperty(name=http://www.dbunit.org/features/qualifiedTableNames) - start
171315 [main] DEBUG org.dbunit.util.QualifiedTableName  - Qualified table names feature is disabled. Returning plain table name
171315 [main] DEBUG org.dbunit.util.QualifiedTableName  - getQualifiedName(prefix=null, name=SCOPEDCONTENTITEM, escapePattern=null) - start
171315 [main] DEBUG org.dbunit.database.search.AbstractMetaDataBasedSearchCallback  - newEdge(rs=org.apache.commons.dbcp.DelegatingResultSet@705201d6, type=0, from=SCOPEDCONTENTCONDITIONS_SCOPEDCONTENTITEM, to=SCOPEDCONTENTITEM, fkColumn=SCOPED_CONTENT_ITEM_ID, pkColumn=ID) - start
171315 [main] DEBUG org.dbunit.database.search.AbstractMetaDataBasedSearchCallback  - createFKEdge(rs=org.apache.commons.dbcp.DelegatingResultSet@705201d6, type=0, from=SCOPEDCONTENTCONDITIONS_SCOPEDCONTENTITEM, to=SCOPEDCONTENTITEM, fkColumn=SCOPED_CONTENT_ITEM_ID, pkColumn=ID) - start
171315 [main] DEBUG org.dbunit.database.search.AbstractMetaDataBasedSearchCallback  - Adding edge SCOPEDCONTENTCONDITIONS_SCOPEDCONTENTITEM(SCOPED_CONTENT_ITEM_ID)->SCOPEDCONTENTITEM(ID)
171315 [main] DEBUG org.dbunit.util.search.Edge  - compareTo(o=SCOPEDCONTENTCONDITIONS_SCOPEDCONTENTITEM(SCOPED_CONTENT_CONDITION_ID)->SCOPEDCONTENTCONDITION(ID)) - start
171315 [main] DEBUG org.dbunit.util.SQLHelper  - close(resultSet=org.apache.commons.dbcp.DelegatingResultSet@705201d6) - start
171315 [main] DEBUG org.dbunit.util.search.DepthFirstSearch  - search:SCOPEDCONTENTCONDITION
171315 [main] DEBUG org.dbunit.database.search.ImportedKeysSearchCallback  - searchNode(node=SCOPEDCONTENTCONDITION) - start
171315 [main] DEBUG org.dbunit.util.search.DepthFirstSearch  - Pushing SCOPEDCONTENTCONDITION
171315 [main] DEBUG org.dbunit.database.search.ImportedKeysSearchCallback  - getEdges(node=SCOPEDCONTENTCONDITION) - start
171315 [main] DEBUG org.dbunit.database.search.AbstractMetaDataBasedSearchCallback  - getNodesFromImportedKeys(node=SCOPEDCONTENTCONDITION) - start
171315 [main] DEBUG org.dbunit.database.search.AbstractMetaDataBasedSearchCallback  - getNodes(type=0, node=SCOPEDCONTENTCONDITION) - start
171315 [main] DEBUG org.dbunit.database.DatabaseDataSourceConnection  - getConnection() - start
171315 [main] DEBUG org.dbunit.database.search.AbstractMetaDataBasedSearchCallback  - getNodes(type=0, node=SCOPEDCONTENTCONDITION, conn=Transaction-aware proxy for target Connection [jdbc:hsqldb:mem:kontrollDS, UserName=sw, HSQL Database Engine Driver], schema=null, metaData=org.apache.commons.dbcp.DelegatingDatabaseMetaData@17f6c236, edges=[]) - start
171315 [main] DEBUG org.dbunit.database.search.AbstractMetaDataBasedSearchCallback  - Getting edges for node SCOPEDCONTENTCONDITION
171315 [main] TRACE org.dbunit.database.DatabaseConfig  - getProperty(name=http://www.dbunit.org/properties/metadataHandler) - start
171316 [main] TRACE org.dbunit.database.DefaultMetadataHandler  - tableExists(metaData=org.apache.commons.dbcp.DelegatingDatabaseMetaData@17f6c236, schemaName=null, tableName=SCOPEDCONTENTCONDITION) - start
171317 [main] DEBUG org.dbunit.util.SQLHelper  - close(resultSet=org.apache.commons.dbcp.DelegatingResultSet@339804b2) - start
171317 [main] DEBUG org.dbunit.util.SQLHelper  - close(resultSet=org.apache.commons.dbcp.DelegatingResultSet@16c21a12) - start
171317 [main] DEBUG org.dbunit.util.search.DepthFirstSearch  - Adding node SCOPEDCONTENTCONDITION to the final result
171317 [main] DEBUG org.dbunit.util.search.DepthFirstSearch  - search:SCOPEDCONTENTITEM
171317 [main] DEBUG org.dbunit.database.search.ImportedKeysSearchCallback  - searchNode(node=SCOPEDCONTENTITEM) - start
171318 [main] DEBUG org.dbunit.util.search.DepthFirstSearch  - Pushing SCOPEDCONTENTITEM
171318 [main] DEBUG org.dbunit.util.search.DepthFirstSearch  - Adding node SCOPEDCONTENTITEM to the final result
171318 [main] DEBUG org.dbunit.util.search.DepthFirstSearch  - Adding node SCOPEDCONTENTCONDITIONS_SCOPEDCONTENTITEM to the final result
171318 [main] DEBUG org.dbunit.util.search.DepthFirstSearch  - reverseSearch:SCOPEDCONTENTITEM
171318 [main] DEBUG org.dbunit.database.search.ImportedKeysSearchCallback  - searchNode(node=SCOPEDCONTENTITEM) - start
171318 [main] DEBUG org.dbunit.util.search.DepthFirstSearch  - Pushing (reverse) SCOPEDCONTENTITEM
171318 [main] DEBUG org.dbunit.database.search.ImportedKeysSearchCallback  - getEdges(node=SCOPEDCONTENTITEM) - start
171318 [main] DEBUG org.dbunit.database.search.AbstractMetaDataBasedSearchCallback  - getNodesFromImportedKeys(node=SCOPEDCONTENTITEM) - start
171318 [main] DEBUG org.dbunit.database.search.AbstractMetaDataBasedSearchCallback  - getNodes(type=0, node=SCOPEDCONTENTITEM) - start
171318 [main] DEBUG org.dbunit.database.DatabaseDataSourceConnection  - getConnection() - start
171318 [main] DEBUG org.dbunit.database.search.AbstractMetaDataBasedSearchCallback  - getNodes(type=0, node=SCOPEDCONTENTITEM, conn=Transaction-aware proxy for target Connection [jdbc:hsqldb:mem:kontrollDS, UserName=sw, HSQL Database Engine Driver], schema=null, metaData=org.apache.commons.dbcp.DelegatingDatabaseMetaData@213d9f6a, edges=[]) - start
171318 [main] DEBUG org.dbunit.database.search.AbstractMetaDataBasedSearchCallback  - Getting edges for node SCOPEDCONTENTITEM
171318 [main] TRACE org.dbunit.database.DatabaseConfig  - getProperty(name=http://www.dbunit.org/properties/metadataHandler) - start
171318 [main] TRACE org.dbunit.database.DefaultMetadataHandler  - tableExists(metaData=org.apache.commons.dbcp.DelegatingDatabaseMetaData@213d9f6a, schemaName=null, tableName=SCOPEDCONTENTITEM) - start
171319 [main] DEBUG org.dbunit.util.SQLHelper  - close(resultSet=org.apache.commons.dbcp.DelegatingResultSet@281c6d0c) - start
171319 [main] DEBUG org.dbunit.util.SQLHelper  - close(resultSet=org.apache.commons.dbcp.DelegatingResultSet@20c60fec) - start
171320 [main] DEBUG org.dbunit.util.search.DepthFirstSearch  - reverseSearch:SCOPEDCONTENTCONDITIONS_SCOPEDCONTENTITEM
171320 [main] DEBUG org.dbunit.util.search.DepthFirstSearch  - already searched; returning true
171320 [main] DEBUG org.dbunit.util.search.DepthFirstSearch  - reverseSearch:SCOPEDCONTENTCONDITION
171320 [main] DEBUG org.dbunit.database.search.ImportedKeysSearchCallback  - searchNode(node=SCOPEDCONTENTCONDITION) - start
171320 [main] DEBUG org.dbunit.util.search.DepthFirstSearch  - Pushing (reverse) SCOPEDCONTENTCONDITION
171320 [main] DEBUG org.dbunit.database.search.ImportedKeysSearchCallback  - getEdges(node=SCOPEDCONTENTCONDITION) - start
171320 [main] DEBUG org.dbunit.database.search.AbstractMetaDataBasedSearchCallback  - getNodesFromImportedKeys(node=SCOPEDCONTENTCONDITION) - start
171320 [main] DEBUG org.dbunit.database.search.AbstractMetaDataBasedSearchCallback  - getNodes(type=0, node=SCOPEDCONTENTCONDITION) - start
171320 [main] DEBUG org.dbunit.database.DatabaseDataSourceConnection  - getConnection() - start
171320 [main] DEBUG org.dbunit.database.search.AbstractMetaDataBasedSearchCallback  - getNodes(type=0, node=SCOPEDCONTENTCONDITION, conn=Transaction-aware proxy for target Connection [jdbc:hsqldb:mem:kontrollDS, UserName=sw, HSQL Database Engine Driver], schema=null, metaData=org.apache.commons.dbcp.DelegatingDatabaseMetaData@2b3f5fc3, edges=[]) - start
171320 [main] DEBUG org.dbunit.database.search.AbstractMetaDataBasedSearchCallback  - Getting edges for node SCOPEDCONTENTCONDITION
171320 [main] TRACE org.dbunit.database.DatabaseConfig  - getProperty(name=http://www.dbunit.org/properties/metadataHandler) - start
171320 [main] TRACE org.dbunit.database.DefaultMetadataHandler  - tableExists(metaData=org.apache.commons.dbcp.DelegatingDatabaseMetaData@2b3f5fc3, schemaName=null, tableName=SCOPEDCONTENTCONDITION) - start
171321 [main] DEBUG org.dbunit.util.SQLHelper  - close(resultSet=org.apache.commons.dbcp.DelegatingResultSet@550da269) - start
171321 [main] DEBUG org.dbunit.util.SQLHelper  - close(resultSet=org.apache.commons.dbcp.DelegatingResultSet@797bd1c) - start
171321 [main] DEBUG org.dbunit.util.search.DepthFirstSearch  - search:SCOPEDCONTENTCONDITIONS_SCOPEDCONTENTITEM
171321 [main] DEBUG org.dbunit.util.search.DepthFirstSearch  - already searched; returning true
171321 [main] DEBUG org.dbunit.util.search.DepthFirstSearch  - search:SCOPEDCONTENTITEM
171321 [main] DEBUG org.dbunit.util.search.DepthFirstSearch  - already searched; returning true
171321 [main] DEBUG org.dbunit.util.search.DepthFirstSearch  - search:SCOPEDCONTENTCONDITION
171321 [main] DEBUG org.dbunit.util.search.DepthFirstSearch  - already searched; returning true
171321 [main] DEBUG org.dbunit.database.DatabaseSequenceFilter  - getDependencyInfo(connection=_databaseConfig=org.dbunit.database.DatabaseConfig[, _propertyMap={http://www.dbunit.org/properties/statementFactory=org.dbunit.database.statement.PreparedStatementFactory@626bc2b8, http://www.dbunit.org/features/caseSensitiveTableNames=false, http://www.dbunit.org/properties/fetchSize=100, http://www.dbunit.org/features/batchedStatements=false, http://www.dbunit.org/properties/metadataHandler=org.dbunit.database.DefaultMetadataHandler@62baffef, http://www.dbunit.org/properties/datatypeFactory=org.dbunit.dataset.datatype.DefaultDataTypeFactory[_toleratedDeltaMap=org.dbunit.dataset.datatype.ToleratedDeltaMap@6452310a], http://www.dbunit.org/properties/escapePattern=null, http://www.dbunit.org/properties/batchSize=100, http://www.dbunit.org/features/qualifiedTableNames=false, http://www.dbunit.org/properties/tableType=[Ljava.lang.String;@5011bafa, http://www.dbunit.org/properties/resultSetTableFactory=org.dbunit.database.CachedResultSetTableFactory@10bcf083, http://www.dbunit.org/features/datatypeWarning=true}], _dataSet=AbstractDataSet[_orderedTableNameMap=null], tableName=SCOPEDCONTENTITEM) - start
171321 [main] DEBUG org.dbunit.database.search.TablesDependencyHelper  - getDependentTables(connection=_databaseConfig=org.dbunit.database.DatabaseConfig[, _propertyMap={http://www.dbunit.org/properties/statementFactory=org.dbunit.database.statement.PreparedStatementFactory@626bc2b8, http://www.dbunit.org/features/caseSensitiveTableNames=false, http://www.dbunit.org/properties/fetchSize=100, http://www.dbunit.org/features/batchedStatements=false, http://www.dbunit.org/properties/metadataHandler=org.dbunit.database.DefaultMetadataHandler@62baffef, http://www.dbunit.org/properties/datatypeFactory=org.dbunit.dataset.datatype.DefaultDataTypeFactory[_toleratedDeltaMap=org.dbunit.dataset.datatype.ToleratedDeltaMap@6452310a], http://www.dbunit.org/properties/escapePattern=null, http://www.dbunit.org/properties/batchSize=100, http://www.dbunit.org/features/qualifiedTableNames=false, http://www.dbunit.org/properties/tableType=[Ljava.lang.String;@5011bafa, http://www.dbunit.org/properties/resultSetTableFactory=org.dbunit.database.CachedResultSetTableFactory@10bcf083, http://www.dbunit.org/features/datatypeWarning=true}], _dataSet=AbstractDataSet[_orderedTableNameMap=null], rootTable=SCOPEDCONTENTITEM) - start
171322 [main] DEBUG org.dbunit.database.search.TablesDependencyHelper  - getDependentTables(connection=_databaseConfig=org.dbunit.database.DatabaseConfig[, _propertyMap={http://www.dbunit.org/properties/statementFactory=org.dbunit.database.statement.PreparedStatementFactory@626bc2b8, http://www.dbunit.org/features/caseSensitiveTableNames=false, http://www.dbunit.org/properties/fetchSize=100, http://www.dbunit.org/features/batchedStatements=false, http://www.dbunit.org/properties/metadataHandler=org.dbunit.database.DefaultMetadataHandler@62baffef, http://www.dbunit.org/properties/datatypeFactory=org.dbunit.dataset.datatype.DefaultDataTypeFactory[_toleratedDeltaMap=org.dbunit.dataset.datatype.ToleratedDeltaMap@6452310a], http://www.dbunit.org/properties/escapePattern=null, http://www.dbunit.org/properties/batchSize=100, http://www.dbunit.org/features/qualifiedTableNames=false, http://www.dbunit.org/properties/tableType=[Ljava.lang.String;@5011bafa, http://www.dbunit.org/properties/resultSetTableFactory=org.dbunit.database.CachedResultSetTableFactory@10bcf083, http://www.dbunit.org/features/datatypeWarning=true}], _dataSet=AbstractDataSet[_orderedTableNameMap=null], rootTables=[SCOPEDCONTENTITEM]) - start
171322 [main] DEBUG org.dbunit.util.search.DepthFirstSearch  - search(nodesFrom=[SCOPEDCONTENTITEM], callback=org.dbunit.database.search.ImportedKeysSearchCallback@5d190c2e) - start
171322 [main] DEBUG org.dbunit.util.CollectionsHelper  - objectsToSet(objects=SCOPEDCONTENTITEM) - start
171322 [main] DEBUG org.dbunit.util.search.DepthFirstSearch  - search(nodesFrom=[SCOPEDCONTENTITEM], callback=org.dbunit.database.search.ImportedKeysSearchCallback@5d190c2e) - start
171322 [main] DEBUG org.dbunit.util.search.DepthFirstSearch  - reverseSearch:SCOPEDCONTENTITEM
171322 [main] DEBUG org.dbunit.database.search.ImportedKeysSearchCallback  - searchNode(node=SCOPEDCONTENTITEM) - start
171322 [main] DEBUG org.dbunit.util.search.DepthFirstSearch  - Pushing (reverse) SCOPEDCONTENTITEM
171322 [main] DEBUG org.dbunit.database.search.ImportedKeysSearchCallback  - getEdges(node=SCOPEDCONTENTITEM) - start
171322 [main] DEBUG org.dbunit.database.search.AbstractMetaDataBasedSearchCallback  - getNodesFromImportedKeys(node=SCOPEDCONTENTITEM) - start
171322 [main] DEBUG org.dbunit.database.search.AbstractMetaDataBasedSearchCallback  - getNodes(type=0, node=SCOPEDCONTENTITEM) - start
171322 [main] DEBUG org.dbunit.database.DatabaseDataSourceConnection  - getConnection() - start
171322 [main] DEBUG org.dbunit.database.search.AbstractMetaDataBasedSearchCallback  - getNodes(type=0, node=SCOPEDCONTENTITEM, conn=Transaction-aware proxy for target Connection [jdbc:hsqldb:mem:kontrollDS, UserName=sw, HSQL Database Engine Driver], schema=null, metaData=org.apache.commons.dbcp.DelegatingDatabaseMetaData@176ecfc2, edges=[]) - start
171322 [main] DEBUG org.dbunit.database.search.AbstractMetaDataBasedSearchCallback  - Getting edges for node SCOPEDCONTENTITEM
171322 [main] TRACE org.dbunit.database.DatabaseConfig  - getProperty(name=http://www.dbunit.org/properties/metadataHandler) - start
171322 [main] TRACE org.dbunit.database.DefaultMetadataHandler  - tableExists(metaData=org.apache.commons.dbcp.DelegatingDatabaseMetaData@176ecfc2, schemaName=null, tableName=SCOPEDCONTENTITEM) - start
171323 [main] DEBUG org.dbunit.util.SQLHelper  - close(resultSet=org.apache.commons.dbcp.DelegatingResultSet@79a49ba7) - start
171324 [main] DEBUG org.dbunit.util.SQLHelper  - close(resultSet=org.apache.commons.dbcp.DelegatingResultSet@6cd488e3) - start
171324 [main] DEBUG org.dbunit.util.search.DepthFirstSearch  - search:SCOPEDCONTENTITEM
171324 [main] DEBUG org.dbunit.database.search.ImportedKeysSearchCallback  - searchNode(node=SCOPEDCONTENTITEM) - start
171324 [main] DEBUG org.dbunit.util.search.DepthFirstSearch  - Pushing SCOPEDCONTENTITEM
171324 [main] DEBUG org.dbunit.database.search.ImportedKeysSearchCallback  - getEdges(node=SCOPEDCONTENTITEM) - start
171324 [main] DEBUG org.dbunit.database.search.AbstractMetaDataBasedSearchCallback  - getNodesFromImportedKeys(node=SCOPEDCONTENTITEM) - start
171324 [main] DEBUG org.dbunit.database.search.AbstractMetaDataBasedSearchCallback  - getNodes(type=0, node=SCOPEDCONTENTITEM) - start
171324 [main] DEBUG org.dbunit.database.DatabaseDataSourceConnection  - getConnection() - start
171324 [main] DEBUG org.dbunit.database.search.AbstractMetaDataBasedSearchCallback  - getNodes(type=0, node=SCOPEDCONTENTITEM, conn=Transaction-aware proxy for target Connection [jdbc:hsqldb:mem:kontrollDS, UserName=sw, HSQL Database Engine Driver], schema=null, metaData=org.apache.commons.dbcp.DelegatingDatabaseMetaData@756726e6, edges=[]) - start
171324 [main] DEBUG org.dbunit.database.search.AbstractMetaDataBasedSearchCallback  - Getting edges for node SCOPEDCONTENTITEM
171324 [main] TRACE org.dbunit.database.DatabaseConfig  - getProperty(name=http://www.dbunit.org/properties/metadataHandler) - start
171324 [main] TRACE org.dbunit.database.DefaultMetadataHandler  - tableExists(metaData=org.apache.commons.dbcp.DelegatingDatabaseMetaData@756726e6, schemaName=null, tableName=SCOPEDCONTENTITEM) - start
171325 [main] DEBUG org.dbunit.util.SQLHelper  - close(resultSet=org.apache.commons.dbcp.DelegatingResultSet@58a11de7) - start
171325 [main] DEBUG org.dbunit.util.SQLHelper  - close(resultSet=org.apache.commons.dbcp.DelegatingResultSet@6b35f661) - start
171325 [main] DEBUG org.dbunit.util.search.DepthFirstSearch  - Adding node SCOPEDCONTENTITEM to the final result
171325 [main] DEBUG org.dbunit.util.CollectionsHelper  - setToStrings(set=[SCOPEDCONTENTITEM]) - start
171325 [main] DEBUG org.dbunit.database.search.TablesDependencyHelper  - getDependsOnTables(connection=_databaseConfig=org.dbunit.database.DatabaseConfig[, _propertyMap={http://www.dbunit.org/properties/statementFactory=org.dbunit.database.statement.PreparedStatementFactory@626bc2b8, http://www.dbunit.org/features/caseSensitiveTableNames=false, http://www.dbunit.org/properties/fetchSize=100, http://www.dbunit.org/features/batchedStatements=false, http://www.dbunit.org/properties/metadataHandler=org.dbunit.database.DefaultMetadataHandler@62baffef, http://www.dbunit.org/properties/datatypeFactory=org.dbunit.dataset.datatype.DefaultDataTypeFactory[_toleratedDeltaMap=org.dbunit.dataset.datatype.ToleratedDeltaMap@6452310a], http://www.dbunit.org/properties/escapePattern=null, http://www.dbunit.org/properties/batchSize=100, http://www.dbunit.org/features/qualifiedTableNames=false, http://www.dbunit.org/properties/tableType=[Ljava.lang.String;@5011bafa, http://www.dbunit.org/properties/resultSetTableFactory=org.dbunit.database.CachedResultSetTableFactory@10bcf083, http://www.dbunit.org/features/datatypeWarning=true}], _dataSet=AbstractDataSet[_orderedTableNameMap=null], rootTable=SCOPEDCONTENTITEM) - start
171326 [main] DEBUG org.dbunit.util.search.DepthFirstSearch  - search(nodesFrom=[SCOPEDCONTENTITEM], callback=org.dbunit.database.search.ExportedKeysSearchCallback@3acf19b3) - start
171326 [main] DEBUG org.dbunit.util.CollectionsHelper  - objectsToSet(objects=SCOPEDCONTENTITEM) - start
171326 [main] DEBUG org.dbunit.util.search.DepthFirstSearch  - search(nodesFrom=[SCOPEDCONTENTITEM], callback=org.dbunit.database.search.ExportedKeysSearchCallback@3acf19b3) - start
171326 [main] DEBUG org.dbunit.util.search.DepthFirstSearch  - reverseSearch:SCOPEDCONTENTITEM
171326 [main] DEBUG org.dbunit.database.search.ExportedKeysSearchCallback  - searchNode(node=SCOPEDCONTENTITEM) - start
171326 [main] DEBUG org.dbunit.util.search.DepthFirstSearch  - Pushing (reverse) SCOPEDCONTENTITEM
171326 [main] DEBUG org.dbunit.database.search.ExportedKeysSearchCallback  - getEdges(node=SCOPEDCONTENTITEM) - start
171326 [main] DEBUG org.dbunit.database.search.AbstractMetaDataBasedSearchCallback  - getNodesFromExportedKeys(node=SCOPEDCONTENTITEM) - start
171326 [main] DEBUG org.dbunit.database.search.AbstractMetaDataBasedSearchCallback  - getNodes(type=1, node=SCOPEDCONTENTITEM) - start
171326 [main] DEBUG org.dbunit.database.DatabaseDataSourceConnection  - getConnection() - start
171326 [main] DEBUG org.dbunit.database.search.AbstractMetaDataBasedSearchCallback  - getNodes(type=1, node=SCOPEDCONTENTITEM, conn=Transaction-aware proxy for target Connection [jdbc:hsqldb:mem:kontrollDS, UserName=sw, HSQL Database Engine Driver], schema=null, metaData=org.apache.commons.dbcp.DelegatingDatabaseMetaData@72a054ee, edges=[]) - start
171326 [main] DEBUG org.dbunit.database.search.AbstractMetaDataBasedSearchCallback  - Getting edges for node SCOPEDCONTENTITEM
171326 [main] TRACE org.dbunit.database.DatabaseConfig  - getProperty(name=http://www.dbunit.org/properties/metadataHandler) - start
171326 [main] TRACE org.dbunit.database.DefaultMetadataHandler  - tableExists(metaData=org.apache.commons.dbcp.DelegatingDatabaseMetaData@72a054ee, schemaName=null, tableName=SCOPEDCONTENTITEM) - start
171327 [main] DEBUG org.dbunit.util.SQLHelper  - close(resultSet=org.apache.commons.dbcp.DelegatingResultSet@2a35c382) - start
171327 [main] DEBUG org.dbunit.util.QualifiedTableName  - getQualifiedNameIfEnabled(config=org.dbunit.database.DatabaseConfig[, _propertyMap={http://www.dbunit.org/properties/statementFactory=org.dbunit.database.statement.PreparedStatementFactory@626bc2b8, http://www.dbunit.org/features/caseSensitiveTableNames=false, http://www.dbunit.org/properties/fetchSize=100, http://www.dbunit.org/features/batchedStatements=false, http://www.dbunit.org/properties/metadataHandler=org.dbunit.database.DefaultMetadataHandler@62baffef, http://www.dbunit.org/properties/datatypeFactory=org.dbunit.dataset.datatype.DefaultDataTypeFactory[_toleratedDeltaMap=org.dbunit.dataset.datatype.ToleratedDeltaMap@6452310a], http://www.dbunit.org/properties/escapePattern=null, http://www.dbunit.org/properties/batchSize=100, http://www.dbunit.org/features/qualifiedTableNames=false, http://www.dbunit.org/properties/tableType=[Ljava.lang.String;@5011bafa, http://www.dbunit.org/properties/resultSetTableFactory=org.dbunit.database.CachedResultSetTableFactory@10bcf083, http://www.dbunit.org/features/datatypeWarning=true}]) - start
171327 [main] TRACE org.dbunit.database.DatabaseConfig  - getFeature(name=http://www.dbunit.org/features/qualifiedTableNames) - start
171328 [main] TRACE org.dbunit.database.DatabaseConfig  - getProperty(name=http://www.dbunit.org/features/qualifiedTableNames) - start
171328 [main] DEBUG org.dbunit.util.QualifiedTableName  - Qualified table names feature is disabled. Returning plain table name
171328 [main] DEBUG org.dbunit.util.QualifiedTableName  - getQualifiedName(prefix=null, name=SCOPEDCONTENTITEM, escapePattern=null) - start
171328 [main] DEBUG org.dbunit.util.QualifiedTableName  - getQualifiedNameIfEnabled(config=org.dbunit.database.DatabaseConfig[, _propertyMap={http://www.dbunit.org/properties/statementFactory=org.dbunit.database.statement.PreparedStatementFactory@626bc2b8, http://www.dbunit.org/features/caseSensitiveTableNames=false, http://www.dbunit.org/properties/fetchSize=100, http://www.dbunit.org/features/batchedStatements=false, http://www.dbunit.org/properties/metadataHandler=org.dbunit.database.DefaultMetadataHandler@62baffef, http://www.dbunit.org/properties/datatypeFactory=org.dbunit.dataset.datatype.DefaultDataTypeFactory[_toleratedDeltaMap=org.dbunit.dataset.datatype.ToleratedDeltaMap@6452310a], http://www.dbunit.org/properties/escapePattern=null, http://www.dbunit.org/properties/batchSize=100, http://www.dbunit.org/features/qualifiedTableNames=false, http://www.dbunit.org/properties/tableType=[Ljava.lang.String;@5011bafa, http://www.dbunit.org/properties/resultSetTableFactory=org.dbunit.database.CachedResultSetTableFactory@10bcf083, http://www.dbunit.org/features/datatypeWarning=true}]) - start
171328 [main] TRACE org.dbunit.database.DatabaseConfig  - getFeature(name=http://www.dbunit.org/features/qualifiedTableNames) - start
171328 [main] TRACE org.dbunit.database.DatabaseConfig  - getProperty(name=http://www.dbunit.org/features/qualifiedTableNames) - start
171328 [main] DEBUG org.dbunit.util.QualifiedTableName  - Qualified table names feature is disabled. Returning plain table name
171328 [main] DEBUG org.dbunit.util.QualifiedTableName  - getQualifiedName(prefix=null, name=SCOPEDCONTENTCONDITIONS_SCOPEDCONTENTITEM, escapePattern=null) - start
171328 [main] DEBUG org.dbunit.database.search.AbstractMetaDataBasedSearchCallback  - newEdge(rs=org.apache.commons.dbcp.DelegatingResultSet@7f21df24, type=1, from=SCOPEDCONTENTITEM, to=SCOPEDCONTENTCONDITIONS_SCOPEDCONTENTITEM, fkColumn=SCOPED_CONTENT_ITEM_ID, pkColumn=ID) - start
171328 [main] DEBUG org.dbunit.database.search.AbstractMetaDataBasedSearchCallback  - createFKEdge(rs=org.apache.commons.dbcp.DelegatingResultSet@7f21df24, type=1, from=SCOPEDCONTENTITEM, to=SCOPEDCONTENTCONDITIONS_SCOPEDCONTENTITEM, fkColumn=SCOPED_CONTENT_ITEM_ID, pkColumn=ID) - start
171328 [main] DEBUG org.dbunit.database.search.AbstractMetaDataBasedSearchCallback  - Adding edge SCOPEDCONTENTCONDITIONS_SCOPEDCONTENTITEM(SCOPED_CONTENT_ITEM_ID)->SCOPEDCONTENTITEM(ID)
171328 [main] DEBUG org.dbunit.util.search.Edge  - compareTo(o=SCOPEDCONTENTCONDITIONS_SCOPEDCONTENTITEM(SCOPED_CONTENT_ITEM_ID)->SCOPEDCONTENTITEM(ID)) - start
171328 [main] DEBUG org.dbunit.util.QualifiedTableName  - getQualifiedNameIfEnabled(config=org.dbunit.database.DatabaseConfig[, _propertyMap={http://www.dbunit.org/properties/statementFactory=org.dbunit.database.statement.PreparedStatementFactory@626bc2b8, http://www.dbunit.org/features/caseSensitiveTableNames=false, http://www.dbunit.org/properties/fetchSize=100, http://www.dbunit.org/features/batchedStatements=false, http://www.dbunit.org/properties/metadataHandler=org.dbunit.database.DefaultMetadataHandler@62baffef, http://www.dbunit.org/properties/datatypeFactory=org.dbunit.dataset.datatype.DefaultDataTypeFactory[_toleratedDeltaMap=org.dbunit.dataset.datatype.ToleratedDeltaMap@6452310a], http://www.dbunit.org/properties/escapePattern=null, http://www.dbunit.org/properties/batchSize=100, http://www.dbunit.org/features/qualifiedTableNames=false, http://www.dbunit.org/properties/tableType=[Ljava.lang.String;@5011bafa, http://www.dbunit.org/properties/resultSetTableFactory=org.dbunit.database.CachedResultSetTableFactory@10bcf083, http://www.dbunit.org/features/datatypeWarning=true}]) - start
171328 [main] TRACE org.dbunit.database.DatabaseConfig  - getFeature(name=http://www.dbunit.org/features/qualifiedTableNames) - start
171328 [main] TRACE org.dbunit.database.DatabaseConfig  - getProperty(name=http://www.dbunit.org/features/qualifiedTableNames) - start
171328 [main] DEBUG org.dbunit.util.QualifiedTableName  - Qualified table names feature is disabled. Returning plain table name
171328 [main] DEBUG org.dbunit.util.QualifiedTableName  - getQualifiedName(prefix=null, name=SCOPEDCONTENTITEM, escapePattern=null) - start
171328 [main] DEBUG org.dbunit.util.QualifiedTableName  - getQualifiedNameIfEnabled(config=org.dbunit.database.DatabaseConfig[, _propertyMap={http://www.dbunit.org/properties/statementFactory=org.dbunit.database.statement.PreparedStatementFactory@626bc2b8, http://www.dbunit.org/features/caseSensitiveTableNames=false, http://www.dbunit.org/properties/fetchSize=100, http://www.dbunit.org/features/batchedStatements=false, http://www.dbunit.org/properties/metadataHandler=org.dbunit.database.DefaultMetadataHandler@62baffef, http://www.dbunit.org/properties/datatypeFactory=org.dbunit.dataset.datatype.DefaultDataTypeFactory[_toleratedDeltaMap=org.dbunit.dataset.datatype.ToleratedDeltaMap@6452310a], http://www.dbunit.org/properties/escapePattern=null, http://www.dbunit.org/properties/batchSize=100, http://www.dbunit.org/features/qualifiedTableNames=false, http://www.dbunit.org/properties/tableType=[Ljava.lang.String;@5011bafa, http://www.dbunit.org/properties/resultSetTableFactory=org.dbunit.database.CachedResultSetTableFactory@10bcf083, http://www.dbunit.org/features/datatypeWarning=true}]) - start
171328 [main] TRACE org.dbunit.database.DatabaseConfig  - getFeature(name=http://www.dbunit.org/features/qualifiedTableNames) - start
171328 [main] TRACE org.dbunit.database.DatabaseConfig  - getProperty(name=http://www.dbunit.org/features/qualifiedTableNames) - start
171328 [main] DEBUG org.dbunit.util.QualifiedTableName  - Qualified table names feature is disabled. Returning plain table name
171328 [main] DEBUG org.dbunit.util.QualifiedTableName  - getQualifiedName(prefix=null, name=SCOPEDCONTENT_SCOPEDCONTENTITEM, escapePattern=null) - start
171328 [main] DEBUG org.dbunit.database.search.AbstractMetaDataBasedSearchCallback  - newEdge(rs=org.apache.commons.dbcp.DelegatingResultSet@7f21df24, type=1, from=SCOPEDCONTENTITEM, to=SCOPEDCONTENT_SCOPEDCONTENTITEM, fkColumn=SCOPED_CONTENT_ID, pkColumn=ID) - start
171328 [main] DEBUG org.dbunit.database.search.AbstractMetaDataBasedSearchCallback  - createFKEdge(rs=org.apache.commons.dbcp.DelegatingResultSet@7f21df24, type=1, from=SCOPEDCONTENTITEM, to=SCOPEDCONTENT_SCOPEDCONTENTITEM, fkColumn=SCOPED_CONTENT_ID, pkColumn=ID) - start
171328 [main] DEBUG org.dbunit.database.search.AbstractMetaDataBasedSearchCallback  - Adding edge SCOPEDCONTENT_SCOPEDCONTENTITEM(SCOPED_CONTENT_ID)->SCOPEDCONTENTITEM(ID)
171328 [main] DEBUG org.dbunit.util.search.Edge  - compareTo(o=SCOPEDCONTENTCONDITIONS_SCOPEDCONTENTITEM(SCOPED_CONTENT_ITEM_ID)->SCOPEDCONTENTITEM(ID)) - start
171328 [main] DEBUG org.dbunit.util.SQLHelper  - close(resultSet=org.apache.commons.dbcp.DelegatingResultSet@7f21df24) - start
171329 [main] DEBUG org.dbunit.util.search.DepthFirstSearch  - reverseSearch:SCOPEDCONTENTCONDITIONS_SCOPEDCONTENTITEM
171329 [main] DEBUG org.dbunit.database.search.ExportedKeysSearchCallback  - searchNode(node=SCOPEDCONTENTCONDITIONS_SCOPEDCONTENTITEM) - start
171329 [main] DEBUG org.dbunit.util.search.DepthFirstSearch  - Pushing (reverse) SCOPEDCONTENTCONDITIONS_SCOPEDCONTENTITEM
171329 [main] DEBUG org.dbunit.database.search.ExportedKeysSearchCallback  - getEdges(node=SCOPEDCONTENTCONDITIONS_SCOPEDCONTENTITEM) - start
171329 [main] DEBUG org.dbunit.database.search.AbstractMetaDataBasedSearchCallback  - getNodesFromExportedKeys(node=SCOPEDCONTENTCONDITIONS_SCOPEDCONTENTITEM) - start
171329 [main] DEBUG org.dbunit.database.search.AbstractMetaDataBasedSearchCallback  - getNodes(type=1, node=SCOPEDCONTENTCONDITIONS_SCOPEDCONTENTITEM) - start
171329 [main] DEBUG org.dbunit.database.DatabaseDataSourceConnection  - getConnection() - start
171329 [main] DEBUG org.dbunit.database.search.AbstractMetaDataBasedSearchCallback  - getNodes(type=1, node=SCOPEDCONTENTCONDITIONS_SCOPEDCONTENTITEM, conn=Transaction-aware proxy for target Connection [jdbc:hsqldb:mem:kontrollDS, UserName=sw, HSQL Database Engine Driver], schema=null, metaData=org.apache.commons.dbcp.DelegatingDatabaseMetaData@8c0f5b1, edges=[]) - start
171329 [main] DEBUG org.dbunit.database.search.AbstractMetaDataBasedSearchCallback  - Getting edges for node SCOPEDCONTENTCONDITIONS_SCOPEDCONTENTITEM
171329 [main] TRACE org.dbunit.database.DatabaseConfig  - getProperty(name=http://www.dbunit.org/properties/metadataHandler) - start
171329 [main] TRACE org.dbunit.database.DefaultMetadataHandler  - tableExists(metaData=org.apache.commons.dbcp.DelegatingDatabaseMetaData@8c0f5b1, schemaName=null, tableName=SCOPEDCONTENTCONDITIONS_SCOPEDCONTENTITEM) - start
171330 [main] DEBUG org.dbunit.util.SQLHelper  - close(resultSet=org.apache.commons.dbcp.DelegatingResultSet@686e2af9) - start
171330 [main] DEBUG org.dbunit.util.SQLHelper  - close(resultSet=org.apache.commons.dbcp.DelegatingResultSet@4f556c0e) - start
171330 [main] DEBUG org.dbunit.util.search.DepthFirstSearch  - reverseSearch:SCOPEDCONTENT_SCOPEDCONTENTITEM
171331 [main] DEBUG org.dbunit.database.search.ExportedKeysSearchCallback  - searchNode(node=SCOPEDCONTENT_SCOPEDCONTENTITEM) - start
171331 [main] DEBUG org.dbunit.util.search.DepthFirstSearch  - Pushing (reverse) SCOPEDCONTENT_SCOPEDCONTENTITEM
171331 [main] DEBUG org.dbunit.database.search.ExportedKeysSearchCallback  - getEdges(node=SCOPEDCONTENT_SCOPEDCONTENTITEM) - start
171331 [main] DEBUG org.dbunit.database.search.AbstractMetaDataBasedSearchCallback  - getNodesFromExportedKeys(node=SCOPEDCONTENT_SCOPEDCONTENTITEM) - start
171331 [main] DEBUG org.dbunit.database.search.AbstractMetaDataBasedSearchCallback  - getNodes(type=1, node=SCOPEDCONTENT_SCOPEDCONTENTITEM) - start
171331 [main] DEBUG org.dbunit.database.DatabaseDataSourceConnection  - getConnection() - start
171331 [main] DEBUG org.dbunit.database.search.AbstractMetaDataBasedSearchCallback  - getNodes(type=1, node=SCOPEDCONTENT_SCOPEDCONTENTITEM, conn=Transaction-aware proxy for target Connection [jdbc:hsqldb:mem:kontrollDS, UserName=sw, HSQL Database Engine Driver], schema=null, metaData=org.apache.commons.dbcp.DelegatingDatabaseMetaData@712933d2, edges=[]) - start
171331 [main] DEBUG org.dbunit.database.search.AbstractMetaDataBasedSearchCallback  - Getting edges for node SCOPEDCONTENT_SCOPEDCONTENTITEM
171331 [main] TRACE org.dbunit.database.DatabaseConfig  - getProperty(name=http://www.dbunit.org/properties/metadataHandler) - start
171331 [main] TRACE org.dbunit.database.DefaultMetadataHandler  - tableExists(metaData=org.apache.commons.dbcp.DelegatingDatabaseMetaData@712933d2, schemaName=null, tableName=SCOPEDCONTENT_SCOPEDCONTENTITEM) - start
171332 [main] DEBUG org.dbunit.util.SQLHelper  - close(resultSet=org.apache.commons.dbcp.DelegatingResultSet@5df5e82a) - start
171332 [main] DEBUG org.dbunit.util.SQLHelper  - close(resultSet=org.apache.commons.dbcp.DelegatingResultSet@6a9112f3) - start
171332 [main] DEBUG org.dbunit.util.search.DepthFirstSearch  - search:SCOPEDCONTENTCONDITIONS_SCOPEDCONTENTITEM
171332 [main] DEBUG org.dbunit.database.search.ExportedKeysSearchCallback  - searchNode(node=SCOPEDCONTENTCONDITIONS_SCOPEDCONTENTITEM) - start
171332 [main] DEBUG org.dbunit.util.search.DepthFirstSearch  - Pushing SCOPEDCONTENTCONDITIONS_SCOPEDCONTENTITEM
171332 [main] DEBUG org.dbunit.database.search.ExportedKeysSearchCallback  - getEdges(node=SCOPEDCONTENTCONDITIONS_SCOPEDCONTENTITEM) - start
171332 [main] DEBUG org.dbunit.database.search.AbstractMetaDataBasedSearchCallback  - getNodesFromExportedKeys(node=SCOPEDCONTENTCONDITIONS_SCOPEDCONTENTITEM) - start
171332 [main] DEBUG org.dbunit.database.search.AbstractMetaDataBasedSearchCallback  - getNodes(type=1, node=SCOPEDCONTENTCONDITIONS_SCOPEDCONTENTITEM) - start
171332 [main] DEBUG org.dbunit.database.DatabaseDataSourceConnection  - getConnection() - start
171332 [main] DEBUG org.dbunit.database.search.AbstractMetaDataBasedSearchCallback  - getNodes(type=1, node=SCOPEDCONTENTCONDITIONS_SCOPEDCONTENTITEM, conn=Transaction-aware proxy for target Connection [jdbc:hsqldb:mem:kontrollDS, UserName=sw, HSQL Database Engine Driver], schema=null, metaData=org.apache.commons.dbcp.DelegatingDatabaseMetaData@5a73462d, edges=[]) - start
171332 [main] DEBUG org.dbunit.database.search.AbstractMetaDataBasedSearchCallback  - Getting edges for node SCOPEDCONTENTCONDITIONS_SCOPEDCONTENTITEM
171332 [main] TRACE org.dbunit.database.DatabaseConfig  - getProperty(name=http://www.dbunit.org/properties/metadataHandler) - start
171332 [main] TRACE org.dbunit.database.DefaultMetadataHandler  - tableExists(metaData=org.apache.commons.dbcp.DelegatingDatabaseMetaData@5a73462d, schemaName=null, tableName=SCOPEDCONTENTCONDITIONS_SCOPEDCONTENTITEM) - start
171333 [main] DEBUG org.dbunit.util.SQLHelper  - close(resultSet=org.apache.commons.dbcp.DelegatingResultSet@49ef0d82) - start
171334 [main] DEBUG org.dbunit.util.SQLHelper  - close(resultSet=org.apache.commons.dbcp.DelegatingResultSet@3780cac8) - start
171334 [main] DEBUG org.dbunit.util.search.DepthFirstSearch  - Adding node SCOPEDCONTENTCONDITIONS_SCOPEDCONTENTITEM to the final result
171334 [main] DEBUG org.dbunit.util.search.DepthFirstSearch  - search:SCOPEDCONTENT_SCOPEDCONTENTITEM
171334 [main] DEBUG org.dbunit.database.search.ExportedKeysSearchCallback  - searchNode(node=SCOPEDCONTENT_SCOPEDCONTENTITEM) - start
171334 [main] DEBUG org.dbunit.util.search.DepthFirstSearch  - Pushing SCOPEDCONTENT_SCOPEDCONTENTITEM
171334 [main] DEBUG org.dbunit.database.search.ExportedKeysSearchCallback  - getEdges(node=SCOPEDCONTENT_SCOPEDCONTENTITEM) - start
171334 [main] DEBUG org.dbunit.database.search.AbstractMetaDataBasedSearchCallback  - getNodesFromExportedKeys(node=SCOPEDCONTENT_SCOPEDCONTENTITEM) - start
171334 [main] DEBUG org.dbunit.database.search.AbstractMetaDataBasedSearchCallback  - getNodes(type=1, node=SCOPEDCONTENT_SCOPEDCONTENTITEM) - start
171334 [main] DEBUG org.dbunit.database.DatabaseDataSourceConnection  - getConnection() - start
171334 [main] DEBUG org.dbunit.database.search.AbstractMetaDataBasedSearchCallback  - getNodes(type=1, node=SCOPEDCONTENT_SCOPEDCONTENTITEM, conn=Transaction-aware proxy for target Connection [jdbc:hsqldb:mem:kontrollDS, UserName=sw, HSQL Database Engine Driver], schema=null, metaData=org.apache.commons.dbcp.DelegatingDatabaseMetaData@68812cef, edges=[]) - start
171334 [main] DEBUG org.dbunit.database.search.AbstractMetaDataBasedSearchCallback  - Getting edges for node SCOPEDCONTENT_SCOPEDCONTENTITEM
171334 [main] TRACE org.dbunit.database.DatabaseConfig  - getProperty(name=http://www.dbunit.org/properties/metadataHandler) - start
171334 [main] TRACE org.dbunit.database.DefaultMetadataHandler  - tableExists(metaData=org.apache.commons.dbcp.DelegatingDatabaseMetaData@68812cef, schemaName=null, tableName=SCOPEDCONTENT_SCOPEDCONTENTITEM) - start
171335 [main] DEBUG org.dbunit.util.SQLHelper  - close(resultSet=org.apache.commons.dbcp.DelegatingResultSet@335280b3) - start
171335 [main] DEBUG org.dbunit.util.SQLHelper  - close(resultSet=org.apache.commons.dbcp.DelegatingResultSet@4e35ec2a) - start
171335 [main] DEBUG org.dbunit.util.search.DepthFirstSearch  - Adding node SCOPEDCONTENT_SCOPEDCONTENTITEM to the final result
171335 [main] DEBUG org.dbunit.util.search.DepthFirstSearch  - search:SCOPEDCONTENTITEM
171335 [main] DEBUG org.dbunit.database.search.ExportedKeysSearchCallback  - searchNode(node=SCOPEDCONTENTITEM) - start
171335 [main] DEBUG org.dbunit.util.search.DepthFirstSearch  - Pushing SCOPEDCONTENTITEM
171335 [main] DEBUG org.dbunit.database.search.ExportedKeysSearchCallback  - getEdges(node=SCOPEDCONTENTITEM) - start
171335 [main] DEBUG org.dbunit.database.search.AbstractMetaDataBasedSearchCallback  - getNodesFromExportedKeys(node=SCOPEDCONTENTITEM) - start
171336 [main] DEBUG org.dbunit.database.search.AbstractMetaDataBasedSearchCallback  - getNodes(type=1, node=SCOPEDCONTENTITEM) - start
171336 [main] DEBUG org.dbunit.database.DatabaseDataSourceConnection  - getConnection() - start
171336 [main] DEBUG org.dbunit.database.search.AbstractMetaDataBasedSearchCallback  - getNodes(type=1, node=SCOPEDCONTENTITEM, conn=Transaction-aware proxy for target Connection [jdbc:hsqldb:mem:kontrollDS, UserName=sw, HSQL Database Engine Driver], schema=null, metaData=org.apache.commons.dbcp.DelegatingDatabaseMetaData@3623e183, edges=[]) - start
171336 [main] DEBUG org.dbunit.database.search.AbstractMetaDataBasedSearchCallback  - Getting edges for node SCOPEDCONTENTITEM
171336 [main] TRACE org.dbunit.database.DatabaseConfig  - getProperty(name=http://www.dbunit.org/properties/metadataHandler) - start
171336 [main] TRACE org.dbunit.database.DefaultMetadataHandler  - tableExists(metaData=org.apache.commons.dbcp.DelegatingDatabaseMetaData@3623e183, schemaName=null, tableName=SCOPEDCONTENTITEM) - start
171337 [main] DEBUG org.dbunit.util.SQLHelper  - close(resultSet=org.apache.commons.dbcp.DelegatingResultSet@5380136e) - start
171337 [main] DEBUG org.dbunit.util.QualifiedTableName  - getQualifiedNameIfEnabled(config=org.dbunit.database.DatabaseConfig[, _propertyMap={http://www.dbunit.org/properties/statementFactory=org.dbunit.database.statement.PreparedStatementFactory@626bc2b8, http://www.dbunit.org/features/caseSensitiveTableNames=false, http://www.dbunit.org/properties/fetchSize=100, http://www.dbunit.org/features/batchedStatements=false, http://www.dbunit.org/properties/metadataHandler=org.dbunit.database.DefaultMetadataHandler@62baffef, http://www.dbunit.org/properties/datatypeFactory=org.dbunit.dataset.datatype.DefaultDataTypeFactory[_toleratedDeltaMap=org.dbunit.dataset.datatype.ToleratedDeltaMap@6452310a], http://www.dbunit.org/properties/escapePattern=null, http://www.dbunit.org/properties/batchSize=100, http://www.dbunit.org/features/qualifiedTableNames=false, http://www.dbunit.org/properties/tableType=[Ljava.lang.String;@5011bafa, http://www.dbunit.org/properties/resultSetTableFactory=org.dbunit.database.CachedResultSetTableFactory@10bcf083, http://www.dbunit.org/features/datatypeWarning=true}]) - start
171337 [main] TRACE org.dbunit.database.DatabaseConfig  - getFeature(name=http://www.dbunit.org/features/qualifiedTableNames) - start
171337 [main] TRACE org.dbunit.database.DatabaseConfig  - getProperty(name=http://www.dbunit.org/features/qualifiedTableNames) - start
171337 [main] DEBUG org.dbunit.util.QualifiedTableName  - Qualified table names feature is disabled. Returning plain table name
171337 [main] DEBUG org.dbunit.util.QualifiedTableName  - getQualifiedName(prefix=null, name=SCOPEDCONTENTITEM, escapePattern=null) - start
171337 [main] DEBUG org.dbunit.util.QualifiedTableName  - getQualifiedNameIfEnabled(config=org.dbunit.database.DatabaseConfig[, _propertyMap={http://www.dbunit.org/properties/statementFactory=org.dbunit.database.statement.PreparedStatementFactory@626bc2b8, http://www.dbunit.org/features/caseSensitiveTableNames=false, http://www.dbunit.org/properties/fetchSize=100, http://www.dbunit.org/features/batchedStatements=false, http://www.dbunit.org/properties/metadataHandler=org.dbunit.database.DefaultMetadataHandler@62baffef, http://www.dbunit.org/properties/datatypeFactory=org.dbunit.dataset.datatype.DefaultDataTypeFactory[_toleratedDeltaMap=org.dbunit.dataset.datatype.ToleratedDeltaMap@6452310a], http://www.dbunit.org/properties/escapePattern=null, http://www.dbunit.org/properties/batchSize=100, http://www.dbunit.org/features/qualifiedTableNames=false, http://www.dbunit.org/properties/tableType=[Ljava.lang.String;@5011bafa, http://www.dbunit.org/properties/resultSetTableFactory=org.dbunit.database.CachedResultSetTableFactory@10bcf083, http://www.dbunit.org/features/datatypeWarning=true}]) - start
171337 [main] TRACE org.dbunit.database.DatabaseConfig  - getFeature(name=http://www.dbunit.org/features/qualifiedTableNames) - start
171337 [main] TRACE org.dbunit.database.DatabaseConfig  - getProperty(name=http://www.dbunit.org/features/qualifiedTableNames) - start
171337 [main] DEBUG org.dbunit.util.QualifiedTableName  - Qualified table names feature is disabled. Returning plain table name
171337 [main] DEBUG org.dbunit.util.QualifiedTableName  - getQualifiedName(prefix=null, name=SCOPEDCONTENTCONDITIONS_SCOPEDCONTENTITEM, escapePattern=null) - start
171337 [main] DEBUG org.dbunit.database.search.AbstractMetaDataBasedSearchCallback  - newEdge(rs=org.apache.commons.dbcp.DelegatingResultSet@48e8f98f, type=1, from=SCOPEDCONTENTITEM, to=SCOPEDCONTENTCONDITIONS_SCOPEDCONTENTITEM, fkColumn=SCOPED_CONTENT_ITEM_ID, pkColumn=ID) - start
171337 [main] DEBUG org.dbunit.database.search.AbstractMetaDataBasedSearchCallback  - createFKEdge(rs=org.apache.commons.dbcp.DelegatingResultSet@48e8f98f, type=1, from=SCOPEDCONTENTITEM, to=SCOPEDCONTENTCONDITIONS_SCOPEDCONTENTITEM, fkColumn=SCOPED_CONTENT_ITEM_ID, pkColumn=ID) - start
171338 [main] DEBUG org.dbunit.database.search.AbstractMetaDataBasedSearchCallback  - Adding edge SCOPEDCONTENTCONDITIONS_SCOPEDCONTENTITEM(SCOPED_CONTENT_ITEM_ID)->SCOPEDCONTENTITEM(ID)
171338 [main] DEBUG org.dbunit.util.search.Edge  - compareTo(o=SCOPEDCONTENTCONDITIONS_SCOPEDCONTENTITEM(SCOPED_CONTENT_ITEM_ID)->SCOPEDCONTENTITEM(ID)) - start
171338 [main] DEBUG org.dbunit.util.QualifiedTableName  - getQualifiedNameIfEnabled(config=org.dbunit.database.DatabaseConfig[, _propertyMap={http://www.dbunit.org/properties/statementFactory=org.dbunit.database.statement.PreparedStatementFactory@626bc2b8, http://www.dbunit.org/features/caseSensitiveTableNames=false, http://www.dbunit.org/properties/fetchSize=100, http://www.dbunit.org/features/batchedStatements=false, http://www.dbunit.org/properties/metadataHandler=org.dbunit.database.DefaultMetadataHandler@62baffef, http://www.dbunit.org/properties/datatypeFactory=org.dbunit.dataset.datatype.DefaultDataTypeFactory[_toleratedDeltaMap=org.dbunit.dataset.datatype.ToleratedDeltaMap@6452310a], http://www.dbunit.org/properties/escapePattern=null, http://www.dbunit.org/properties/batchSize=100, http://www.dbunit.org/features/qualifiedTableNames=false, http://www.dbunit.org/properties/tableType=[Ljava.lang.String;@5011bafa, http://www.dbunit.org/properties/resultSetTableFactory=org.dbunit.database.CachedResultSetTableFactory@10bcf083, http://www.dbunit.org/features/datatypeWarning=true}]) - start
171338 [main] TRACE org.dbunit.database.DatabaseConfig  - getFeature(name=http://www.dbunit.org/features/qualifiedTableNames) - start
171338 [main] TRACE org.dbunit.database.DatabaseConfig  - getProperty(name=http://www.dbunit.org/features/qualifiedTableNames) - start
171338 [main] DEBUG org.dbunit.util.QualifiedTableName  - Qualified table names feature is disabled. Returning plain table name
171338 [main] DEBUG org.dbunit.util.QualifiedTableName  - getQualifiedName(prefix=null, name=SCOPEDCONTENTITEM, escapePattern=null) - start
171338 [main] DEBUG org.dbunit.util.QualifiedTableName  - getQualifiedNameIfEnabled(config=org.dbunit.database.DatabaseConfig[, _propertyMap={http://www.dbunit.org/properties/statementFactory=org.dbunit.database.statement.PreparedStatementFactory@626bc2b8, http://www.dbunit.org/features/caseSensitiveTableNames=false, http://www.dbunit.org/properties/fetchSize=100, http://www.dbunit.org/features/batchedStatements=false, http://www.dbunit.org/properties/metadataHandler=org.dbunit.database.DefaultMetadataHandler@62baffef, http://www.dbunit.org/properties/datatypeFactory=org.dbunit.dataset.datatype.DefaultDataTypeFactory[_toleratedDeltaMap=org.dbunit.dataset.datatype.ToleratedDeltaMap@6452310a], http://www.dbunit.org/properties/escapePattern=null, http://www.dbunit.org/properties/batchSize=100, http://www.dbunit.org/features/qualifiedTableNames=false, http://www.dbunit.org/properties/tableType=[Ljava.lang.String;@5011bafa, http://www.dbunit.org/properties/resultSetTableFactory=org.dbunit.database.CachedResultSetTableFactory@10bcf083, http://www.dbunit.org/features/datatypeWarning=true}]) - start
171338 [main] TRACE org.dbunit.database.DatabaseConfig  - getFeature(name=http://www.dbunit.org/features/qualifiedTableNames) - start
171338 [main] TRACE org.dbunit.database.DatabaseConfig  - getProperty(name=http://www.dbunit.org/features/qualifiedTableNames) - start
171338 [main] DEBUG org.dbunit.util.QualifiedTableName  - Qualified table names feature is disabled. Returning plain table name
171338 [main] DEBUG org.dbunit.util.QualifiedTableName  - getQualifiedName(prefix=null, name=SCOPEDCONTENT_SCOPEDCONTENTITEM, escapePattern=null) - start
171338 [main] DEBUG org.dbunit.database.search.AbstractMetaDataBasedSearchCallback  - newEdge(rs=org.apache.commons.dbcp.DelegatingResultSet@48e8f98f, type=1, from=SCOPEDCONTENTITEM, to=SCOPEDCONTENT_SCOPEDCONTENTITEM, fkColumn=SCOPED_CONTENT_ID, pkColumn=ID) - start
171338 [main] DEBUG org.dbunit.database.search.AbstractMetaDataBasedSearchCallback  - createFKEdge(rs=org.apache.commons.dbcp.DelegatingResultSet@48e8f98f, type=1, from=SCOPEDCONTENTITEM, to=SCOPEDCONTENT_SCOPEDCONTENTITEM, fkColumn=SCOPED_CONTENT_ID, pkColumn=ID) - start
171338 [main] DEBUG org.dbunit.database.search.AbstractMetaDataBasedSearchCallback  - Adding edge SCOPEDCONTENT_SCOPEDCONTENTITEM(SCOPED_CONTENT_ID)->SCOPEDCONTENTITEM(ID)
171338 [main] DEBUG org.dbunit.util.search.Edge  - compareTo(o=SCOPEDCONTENTCONDITIONS_SCOPEDCONTENTITEM(SCOPED_CONTENT_ITEM_ID)->SCOPEDCONTENTITEM(ID)) - start
171338 [main] DEBUG org.dbunit.util.SQLHelper  - close(resultSet=org.apache.commons.dbcp.DelegatingResultSet@48e8f98f) - start
171338 [main] DEBUG org.dbunit.util.search.DepthFirstSearch  - search:SCOPEDCONTENTITEM
171338 [main] DEBUG org.dbunit.util.search.DepthFirstSearch  - already searched; returning true
171338 [main] DEBUG org.dbunit.util.search.DepthFirstSearch  - search:SCOPEDCONTENTITEM
171338 [main] DEBUG org.dbunit.util.search.DepthFirstSearch  - already searched; returning true
171338 [main] DEBUG org.dbunit.util.search.DepthFirstSearch  - Adding node SCOPEDCONTENTITEM to the final result
171338 [main] DEBUG org.dbunit.util.CollectionsHelper  - setToStrings(set=[SCOPEDCONTENTCONDITIONS_SCOPEDCONTENTITEM, SCOPEDCONTENT_SCOPEDCONTENTITEM, SCOPEDCONTENTITEM]) - start
171338 [main] DEBUG org.dbunit.database.search.TablesDependencyHelper  - getDirectDependsOnTables(connection=_databaseConfig=org.dbunit.database.DatabaseConfig[, _propertyMap={http://www.dbunit.org/properties/statementFactory=org.dbunit.database.statement.PreparedStatementFactory@626bc2b8, http://www.dbunit.org/features/caseSensitiveTableNames=false, http://www.dbunit.org/properties/fetchSize=100, http://www.dbunit.org/features/batchedStatements=false, http://www.dbunit.org/properties/metadataHandler=org.dbunit.database.DefaultMetadataHandler@62baffef, http://www.dbunit.org/properties/datatypeFactory=org.dbunit.dataset.datatype.DefaultDataTypeFactory[_toleratedDeltaMap=org.dbunit.dataset.datatype.ToleratedDeltaMap@6452310a], http://www.dbunit.org/properties/escapePattern=null, http://www.dbunit.org/properties/batchSize=100, http://www.dbunit.org/features/qualifiedTableNames=false, http://www.dbunit.org/properties/tableType=[Ljava.lang.String;@5011bafa, http://www.dbunit.org/properties/resultSetTableFactory=org.dbunit.database.CachedResultSetTableFactory@10bcf083, http://www.dbunit.org/features/datatypeWarning=true}], _dataSet=AbstractDataSet[_orderedTableNameMap=null], tableName=SCOPEDCONTENTITEM) - start
171339 [main] DEBUG org.dbunit.util.search.DepthFirstSearch  - search(nodesFrom=[SCOPEDCONTENTITEM], callback=org.dbunit.database.search.ExportedKeysSearchCallback@2fe7be5) - start
171339 [main] DEBUG org.dbunit.util.CollectionsHelper  - objectsToSet(objects=SCOPEDCONTENTITEM) - start
171339 [main] DEBUG org.dbunit.util.search.DepthFirstSearch  - search(nodesFrom=[SCOPEDCONTENTITEM], callback=org.dbunit.database.search.ExportedKeysSearchCallback@2fe7be5) - start
171339 [main] DEBUG org.dbunit.util.search.DepthFirstSearch  - reverseSearch:SCOPEDCONTENTITEM
171339 [main] DEBUG org.dbunit.database.search.ExportedKeysSearchCallback  - searchNode(node=SCOPEDCONTENTITEM) - start
171339 [main] DEBUG org.dbunit.util.search.DepthFirstSearch  - Pushing (reverse) SCOPEDCONTENTITEM
171339 [main] DEBUG org.dbunit.database.search.ExportedKeysSearchCallback  - getEdges(node=SCOPEDCONTENTITEM) - start
171339 [main] DEBUG org.dbunit.database.search.AbstractMetaDataBasedSearchCallback  - getNodesFromExportedKeys(node=SCOPEDCONTENTITEM) - start
171339 [main] DEBUG org.dbunit.database.search.AbstractMetaDataBasedSearchCallback  - getNodes(type=1, node=SCOPEDCONTENTITEM) - start
171339 [main] DEBUG org.dbunit.database.DatabaseDataSourceConnection  - getConnection() - start
171339 [main] DEBUG org.dbunit.database.search.AbstractMetaDataBasedSearchCallback  - getNodes(type=1, node=SCOPEDCONTENTITEM, conn=Transaction-aware proxy for target Connection [jdbc:hsqldb:mem:kontrollDS, UserName=sw, HSQL Database Engine Driver], schema=null, metaData=org.apache.commons.dbcp.DelegatingDatabaseMetaData@1177f8ec, edges=[]) - start
171339 [main] DEBUG org.dbunit.database.search.AbstractMetaDataBasedSearchCallback  - Getting edges for node SCOPEDCONTENTITEM
171339 [main] TRACE org.dbunit.database.DatabaseConfig  - getProperty(name=http://www.dbunit.org/properties/metadataHandler) - start
171339 [main] TRACE org.dbunit.database.DefaultMetadataHandler  - tableExists(metaData=org.apache.commons.dbcp.DelegatingDatabaseMetaData@1177f8ec, schemaName=null, tableName=SCOPEDCONTENTITEM) - start
171340 [main] DEBUG org.dbunit.util.SQLHelper  - close(resultSet=org.apache.commons.dbcp.DelegatingResultSet@77eb09e8) - start
171340 [main] DEBUG org.dbunit.util.QualifiedTableName  - getQualifiedNameIfEnabled(config=org.dbunit.database.DatabaseConfig[, _propertyMap={http://www.dbunit.org/properties/statementFactory=org.dbunit.database.statement.PreparedStatementFactory@626bc2b8, http://www.dbunit.org/features/caseSensitiveTableNames=false, http://www.dbunit.org/properties/fetchSize=100, http://www.dbunit.org/features/batchedStatements=false, http://www.dbunit.org/properties/metadataHandler=org.dbunit.database.DefaultMetadataHandler@62baffef, http://www.dbunit.org/properties/datatypeFactory=org.dbunit.dataset.datatype.DefaultDataTypeFactory[_toleratedDeltaMap=org.dbunit.dataset.datatype.ToleratedDeltaMap@6452310a], http://www.dbunit.org/properties/escapePattern=null, http://www.dbunit.org/properties/batchSize=100, http://www.dbunit.org/features/qualifiedTableNames=false, http://www.dbunit.org/properties/tableType=[Ljava.lang.String;@5011bafa, http://www.dbunit.org/properties/resultSetTableFactory=org.dbunit.database.CachedResultSetTableFactory@10bcf083, http://www.dbunit.org/features/datatypeWarning=true}]) - start
171340 [main] TRACE org.dbunit.database.DatabaseConfig  - getFeature(name=http://www.dbunit.org/features/qualifiedTableNames) - start
171340 [main] TRACE org.dbunit.database.DatabaseConfig  - getProperty(name=http://www.dbunit.org/features/qualifiedTableNames) - start
171341 [main] DEBUG org.dbunit.util.QualifiedTableName  - Qualified table names feature is disabled. Returning plain table name
171341 [main] DEBUG org.dbunit.util.QualifiedTableName  - getQualifiedName(prefix=null, name=SCOPEDCONTENTITEM, escapePattern=null) - start
171341 [main] DEBUG org.dbunit.util.QualifiedTableName  - getQualifiedNameIfEnabled(config=org.dbunit.database.DatabaseConfig[, _propertyMap={http://www.dbunit.org/properties/statementFactory=org.dbunit.database.statement.PreparedStatementFactory@626bc2b8, http://www.dbunit.org/features/caseSensitiveTableNames=false, http://www.dbunit.org/properties/fetchSize=100, http://www.dbunit.org/features/batchedStatements=false, http://www.dbunit.org/properties/metadataHandler=org.dbunit.database.DefaultMetadataHandler@62baffef, http://www.dbunit.org/properties/datatypeFactory=org.dbunit.dataset.datatype.DefaultDataTypeFactory[_toleratedDeltaMap=org.dbunit.dataset.datatype.ToleratedDeltaMap@6452310a], http://www.dbunit.org/properties/escapePattern=null, http://www.dbunit.org/properties/batchSize=100, http://www.dbunit.org/features/qualifiedTableNames=false, http://www.dbunit.org/properties/tableType=[Ljava.lang.String;@5011bafa, http://www.dbunit.org/properties/resultSetTableFactory=org.dbunit.database.CachedResultSetTableFactory@10bcf083, http://www.dbunit.org/features/datatypeWarning=true}]) - start
171341 [main] TRACE org.dbunit.database.DatabaseConfig  - getFeature(name=http://www.dbunit.org/features/qualifiedTableNames) - start
171341 [main] TRACE org.dbunit.database.DatabaseConfig  - getProperty(name=http://www.dbunit.org/features/qualifiedTableNames) - start
171341 [main] DEBUG org.dbunit.util.QualifiedTableName  - Qualified table names feature is disabled. Returning plain table name
171341 [main] DEBUG org.dbunit.util.QualifiedTableName  - getQualifiedName(prefix=null, name=SCOPEDCONTENTCONDITIONS_SCOPEDCONTENTITEM, escapePattern=null) - start
171341 [main] DEBUG org.dbunit.database.search.AbstractMetaDataBasedSearchCallback  - newEdge(rs=org.apache.commons.dbcp.DelegatingResultSet@7c38f8d1, type=1, from=SCOPEDCONTENTITEM, to=SCOPEDCONTENTCONDITIONS_SCOPEDCONTENTITEM, fkColumn=SCOPED_CONTENT_ITEM_ID, pkColumn=ID) - start
171341 [main] DEBUG org.dbunit.database.search.AbstractMetaDataBasedSearchCallback  - createFKEdge(rs=org.apache.commons.dbcp.DelegatingResultSet@7c38f8d1, type=1, from=SCOPEDCONTENTITEM, to=SCOPEDCONTENTCONDITIONS_SCOPEDCONTENTITEM, fkColumn=SCOPED_CONTENT_ITEM_ID, pkColumn=ID) - start
171341 [main] DEBUG org.dbunit.database.search.AbstractMetaDataBasedSearchCallback  - Adding edge SCOPEDCONTENTCONDITIONS_SCOPEDCONTENTITEM(SCOPED_CONTENT_ITEM_ID)->SCOPEDCONTENTITEM(ID)
171341 [main] DEBUG org.dbunit.util.search.Edge  - compareTo(o=SCOPEDCONTENTCONDITIONS_SCOPEDCONTENTITEM(SCOPED_CONTENT_ITEM_ID)->SCOPEDCONTENTITEM(ID)) - start
171341 [main] DEBUG org.dbunit.util.QualifiedTableName  - getQualifiedNameIfEnabled(config=org.dbunit.database.DatabaseConfig[, _propertyMap={http://www.dbunit.org/properties/statementFactory=org.dbunit.database.statement.PreparedStatementFactory@626bc2b8, http://www.dbunit.org/features/caseSensitiveTableNames=false, http://www.dbunit.org/properties/fetchSize=100, http://www.dbunit.org/features/batchedStatements=false, http://www.dbunit.org/properties/metadataHandler=org.dbunit.database.DefaultMetadataHandler@62baffef, http://www.dbunit.org/properties/datatypeFactory=org.dbunit.dataset.datatype.DefaultDataTypeFactory[_toleratedDeltaMap=org.dbunit.dataset.datatype.ToleratedDeltaMap@6452310a], http://www.dbunit.org/properties/escapePattern=null, http://www.dbunit.org/properties/batchSize=100, http://www.dbunit.org/features/qualifiedTableNames=false, http://www.dbunit.org/properties/tableType=[Ljava.lang.String;@5011bafa, http://www.dbunit.org/properties/resultSetTableFactory=org.dbunit.database.CachedResultSetTableFactory@10bcf083, http://www.dbunit.org/features/datatypeWarning=true}]) - start
171341 [main] TRACE org.dbunit.database.DatabaseConfig  - getFeature(name=http://www.dbunit.org/features/qualifiedTableNames) - start
171341 [main] TRACE org.dbunit.database.DatabaseConfig  - getProperty(name=http://www.dbunit.org/features/qualifiedTableNames) - start
171341 [main] DEBUG org.dbunit.util.QualifiedTableName  - Qualified table names feature is disabled. Returning plain table name
171341 [main] DEBUG org.dbunit.util.QualifiedTableName  - getQualifiedName(prefix=null, name=SCOPEDCONTENTITEM, escapePattern=null) - start
171341 [main] DEBUG org.dbunit.util.QualifiedTableName  - getQualifiedNameIfEnabled(config=org.dbunit.database.DatabaseConfig[, _propertyMap={http://www.dbunit.org/properties/statementFactory=org.dbunit.database.statement.PreparedStatementFactory@626bc2b8, http://www.dbunit.org/features/caseSensitiveTableNames=false, http://www.dbunit.org/properties/fetchSize=100, http://www.dbunit.org/features/batchedStatements=false, http://www.dbunit.org/properties/metadataHandler=org.dbunit.database.DefaultMetadataHandler@62baffef, http://www.dbunit.org/properties/datatypeFactory=org.dbunit.dataset.datatype.DefaultDataTypeFactory[_toleratedDeltaMap=org.dbunit.dataset.datatype.ToleratedDeltaMap@6452310a], http://www.dbunit.org/properties/escapePattern=null, http://www.dbunit.org/properties/batchSize=100, http://www.dbunit.org/features/qualifiedTableNames=false, http://www.dbunit.org/properties/tableType=[Ljava.lang.String;@5011bafa, http://www.dbunit.org/properties/resultSetTableFactory=org.dbunit.database.CachedResultSetTableFactory@10bcf083, http://www.dbunit.org/features/datatypeWarning=true}]) - start
171341 [main] TRACE org.dbunit.database.DatabaseConfig  - getFeature(name=http://www.dbunit.org/features/qualifiedTableNames) - start
171341 [main] TRACE org.dbunit.database.DatabaseConfig  - getProperty(name=http://www.dbunit.org/features/qualifiedTableNames) - start
171341 [main] DEBUG org.dbunit.util.QualifiedTableName  - Qualified table names feature is disabled. Returning plain table name
171341 [main] DEBUG org.dbunit.util.QualifiedTableName  - getQualifiedName(prefix=null, name=SCOPEDCONTENT_SCOPEDCONTENTITEM, escapePattern=null) - start
171341 [main] DEBUG org.dbunit.database.search.AbstractMetaDataBasedSearchCallback  - newEdge(rs=org.apache.commons.dbcp.DelegatingResultSet@7c38f8d1, type=1, from=SCOPEDCONTENTITEM, to=SCOPEDCONTENT_SCOPEDCONTENTITEM, fkColumn=SCOPED_CONTENT_ID, pkColumn=ID) - start
171341 [main] DEBUG org.dbunit.database.search.AbstractMetaDataBasedSearchCallback  - createFKEdge(rs=org.apache.commons.dbcp.DelegatingResultSet@7c38f8d1, type=1, from=SCOPEDCONTENTITEM, to=SCOPEDCONTENT_SCOPEDCONTENTITEM, fkColumn=SCOPED_CONTENT_ID, pkColumn=ID) - start
171341 [main] DEBUG org.dbunit.database.search.AbstractMetaDataBasedSearchCallback  - Adding edge SCOPEDCONTENT_SCOPEDCONTENTITEM(SCOPED_CONTENT_ID)->SCOPEDCONTENTITEM(ID)
171341 [main] DEBUG org.dbunit.util.search.Edge  - compareTo(o=SCOPEDCONTENTCONDITIONS_SCOPEDCONTENTITEM(SCOPED_CONTENT_ITEM_ID)->SCOPEDCONTENTITEM(ID)) - start
171341 [main] DEBUG org.dbunit.util.SQLHelper  - close(resultSet=org.apache.commons.dbcp.DelegatingResultSet@7c38f8d1) - start
171342 [main] DEBUG org.dbunit.util.search.DepthFirstSearch  - reverseSearch:SCOPEDCONTENTCONDITIONS_SCOPEDCONTENTITEM
171342 [main] DEBUG org.dbunit.database.search.ExportedKeysSearchCallback  - searchNode(node=SCOPEDCONTENTCONDITIONS_SCOPEDCONTENTITEM) - start
171342 [main] DEBUG org.dbunit.util.search.DepthFirstSearch  - Pushing (reverse) SCOPEDCONTENTCONDITIONS_SCOPEDCONTENTITEM
171342 [main] DEBUG org.dbunit.database.search.ExportedKeysSearchCallback  - getEdges(node=SCOPEDCONTENTCONDITIONS_SCOPEDCONTENTITEM) - start
171342 [main] DEBUG org.dbunit.database.search.AbstractMetaDataBasedSearchCallback  - getNodesFromExportedKeys(node=SCOPEDCONTENTCONDITIONS_SCOPEDCONTENTITEM) - start
171342 [main] DEBUG org.dbunit.database.search.AbstractMetaDataBasedSearchCallback  - getNodes(type=1, node=SCOPEDCONTENTCONDITIONS_SCOPEDCONTENTITEM) - start
171342 [main] DEBUG org.dbunit.database.DatabaseDataSourceConnection  - getConnection() - start
171342 [main] DEBUG org.dbunit.database.search.AbstractMetaDataBasedSearchCallback  - getNodes(type=1, node=SCOPEDCONTENTCONDITIONS_SCOPEDCONTENTITEM, conn=Transaction-aware proxy for target Connection [jdbc:hsqldb:mem:kontrollDS, UserName=sw, HSQL Database Engine Driver], schema=null, metaData=org.apache.commons.dbcp.DelegatingDatabaseMetaData@57a10e, edges=[]) - start
171342 [main] DEBUG org.dbunit.database.search.AbstractMetaDataBasedSearchCallback  - Getting edges for node SCOPEDCONTENTCONDITIONS_SCOPEDCONTENTITEM
171342 [main] TRACE org.dbunit.database.DatabaseConfig  - getProperty(name=http://www.dbunit.org/properties/metadataHandler) - start
171342 [main] TRACE org.dbunit.database.DefaultMetadataHandler  - tableExists(metaData=org.apache.commons.dbcp.DelegatingDatabaseMetaData@57a10e, schemaName=null, tableName=SCOPEDCONTENTCONDITIONS_SCOPEDCONTENTITEM) - start
171343 [main] DEBUG org.dbunit.util.SQLHelper  - close(resultSet=org.apache.commons.dbcp.DelegatingResultSet@2ebb50f9) - start
171343 [main] DEBUG org.dbunit.util.SQLHelper  - close(resultSet=org.apache.commons.dbcp.DelegatingResultSet@34fb4538) - start
171343 [main] DEBUG org.dbunit.util.search.DepthFirstSearch  - reverseSearch:SCOPEDCONTENT_SCOPEDCONTENTITEM
171343 [main] DEBUG org.dbunit.database.search.ExportedKeysSearchCallback  - searchNode(node=SCOPEDCONTENT_SCOPEDCONTENTITEM) - start
171343 [main] DEBUG org.dbunit.util.search.DepthFirstSearch  - Pushing (reverse) SCOPEDCONTENT_SCOPEDCONTENTITEM
171343 [main] DEBUG org.dbunit.util.search.DepthFirstSearch  - search:SCOPEDCONTENTCONDITIONS_SCOPEDCONTENTITEM
171343 [main] DEBUG org.dbunit.database.search.ExportedKeysSearchCallback  - searchNode(node=SCOPEDCONTENTCONDITIONS_SCOPEDCONTENTITEM) - start
171343 [main] DEBUG org.dbunit.util.search.DepthFirstSearch  - Pushing SCOPEDCONTENTCONDITIONS_SCOPEDCONTENTITEM
171343 [main] DEBUG org.dbunit.database.search.ExportedKeysSearchCallback  - getEdges(node=SCOPEDCONTENTCONDITIONS_SCOPEDCONTENTITEM) - start
171343 [main] DEBUG org.dbunit.database.search.AbstractMetaDataBasedSearchCallback  - getNodesFromExportedKeys(node=SCOPEDCONTENTCONDITIONS_SCOPEDCONTENTITEM) - start
171344 [main] DEBUG org.dbunit.database.search.AbstractMetaDataBasedSearchCallback  - getNodes(type=1, node=SCOPEDCONTENTCONDITIONS_SCOPEDCONTENTITEM) - start
171344 [main] DEBUG org.dbunit.database.DatabaseDataSourceConnection  - getConnection() - start
171344 [main] DEBUG org.dbunit.database.search.AbstractMetaDataBasedSearchCallback  - getNodes(type=1, node=SCOPEDCONTENTCONDITIONS_SCOPEDCONTENTITEM, conn=Transaction-aware proxy for target Connection [jdbc:hsqldb:mem:kontrollDS, UserName=sw, HSQL Database Engine Driver], schema=null, metaData=org.apache.commons.dbcp.DelegatingDatabaseMetaData@5c7d7ab4, edges=[]) - start
171344 [main] DEBUG org.dbunit.database.search.AbstractMetaDataBasedSearchCallback  - Getting edges for node SCOPEDCONTENTCONDITIONS_SCOPEDCONTENTITEM
171344 [main] TRACE org.dbunit.database.DatabaseConfig  - getProperty(name=http://www.dbunit.org/properties/metadataHandler) - start
171344 [main] TRACE org.dbunit.database.DefaultMetadataHandler  - tableExists(metaData=org.apache.commons.dbcp.DelegatingDatabaseMetaData@5c7d7ab4, schemaName=null, tableName=SCOPEDCONTENTCONDITIONS_SCOPEDCONTENTITEM) - start
171345 [main] DEBUG org.dbunit.util.SQLHelper  - close(resultSet=org.apache.commons.dbcp.DelegatingResultSet@5e8fc72a) - start
171345 [main] DEBUG org.dbunit.util.SQLHelper  - close(resultSet=org.apache.commons.dbcp.DelegatingResultSet@42063f5b) - start
171345 [main] DEBUG org.dbunit.util.search.DepthFirstSearch  - Adding node SCOPEDCONTENTCONDITIONS_SCOPEDCONTENTITEM to the final result
171345 [main] DEBUG org.dbunit.util.search.DepthFirstSearch  - search:SCOPEDCONTENT_SCOPEDCONTENTITEM
171345 [main] DEBUG org.dbunit.database.search.ExportedKeysSearchCallback  - searchNode(node=SCOPEDCONTENT_SCOPEDCONTENTITEM) - start
171345 [main] DEBUG org.dbunit.util.search.DepthFirstSearch  - Pushing SCOPEDCONTENT_SCOPEDCONTENTITEM
171345 [main] DEBUG org.dbunit.database.search.ExportedKeysSearchCallback  - getEdges(node=SCOPEDCONTENT_SCOPEDCONTENTITEM) - start
171345 [main] DEBUG org.dbunit.database.search.AbstractMetaDataBasedSearchCallback  - getNodesFromExportedKeys(node=SCOPEDCONTENT_SCOPEDCONTENTITEM) - start
171345 [main] DEBUG org.dbunit.database.search.AbstractMetaDataBasedSearchCallback  - getNodes(type=1, node=SCOPEDCONTENT_SCOPEDCONTENTITEM) - start
171345 [main] DEBUG org.dbunit.database.DatabaseDataSourceConnection  - getConnection() - start
171345 [main] DEBUG org.dbunit.database.search.AbstractMetaDataBasedSearchCallback  - getNodes(type=1, node=SCOPEDCONTENT_SCOPEDCONTENTITEM, conn=Transaction-aware proxy for target Connection [jdbc:hsqldb:mem:kontrollDS, UserName=sw, HSQL Database Engine Driver], schema=null, metaData=org.apache.commons.dbcp.DelegatingDatabaseMetaData@2829913a, edges=[]) - start
171345 [main] DEBUG org.dbunit.database.search.AbstractMetaDataBasedSearchCallback  - Getting edges for node SCOPEDCONTENT_SCOPEDCONTENTITEM
171345 [main] TRACE org.dbunit.database.DatabaseConfig  - getProperty(name=http://www.dbunit.org/properties/metadataHandler) - start
171345 [main] TRACE org.dbunit.database.DefaultMetadataHandler  - tableExists(metaData=org.apache.commons.dbcp.DelegatingDatabaseMetaData@2829913a, schemaName=null, tableName=SCOPEDCONTENT_SCOPEDCONTENTITEM) - start
171346 [main] DEBUG org.dbunit.util.SQLHelper  - close(resultSet=org.apache.commons.dbcp.DelegatingResultSet@45cd45be) - start
171347 [main] DEBUG org.dbunit.util.SQLHelper  - close(resultSet=org.apache.commons.dbcp.DelegatingResultSet@6e0e2fea) - start
171347 [main] DEBUG org.dbunit.util.search.DepthFirstSearch  - Adding node SCOPEDCONTENT_SCOPEDCONTENTITEM to the final result
171347 [main] DEBUG org.dbunit.util.search.DepthFirstSearch  - search:SCOPEDCONTENTITEM
171347 [main] DEBUG org.dbunit.database.search.ExportedKeysSearchCallback  - searchNode(node=SCOPEDCONTENTITEM) - start
171347 [main] DEBUG org.dbunit.util.search.DepthFirstSearch  - Pushing SCOPEDCONTENTITEM
171347 [main] DEBUG org.dbunit.database.search.ExportedKeysSearchCallback  - getEdges(node=SCOPEDCONTENTITEM) - start
171347 [main] DEBUG org.dbunit.database.search.AbstractMetaDataBasedSearchCallback  - getNodesFromExportedKeys(node=SCOPEDCONTENTITEM) - start
171347 [main] DEBUG org.dbunit.database.search.AbstractMetaDataBasedSearchCallback  - getNodes(type=1, node=SCOPEDCONTENTITEM) - start
171347 [main] DEBUG org.dbunit.database.DatabaseDataSourceConnection  - getConnection() - start
171347 [main] DEBUG org.dbunit.database.search.AbstractMetaDataBasedSearchCallback  - getNodes(type=1, node=SCOPEDCONTENTITEM, conn=Transaction-aware proxy for target Connection [jdbc:hsqldb:mem:kontrollDS, UserName=sw, HSQL Database Engine Driver], schema=null, metaData=org.apache.commons.dbcp.DelegatingDatabaseMetaData@656be418, edges=[]) - start
171348 [main] DEBUG org.dbunit.database.search.AbstractMetaDataBasedSearchCallback  - Getting edges for node SCOPEDCONTENTITEM
171348 [main] TRACE org.dbunit.database.DatabaseConfig  - getProperty(name=http://www.dbunit.org/properties/metadataHandler) - start
171348 [main] TRACE org.dbunit.database.DefaultMetadataHandler  - tableExists(metaData=org.apache.commons.dbcp.DelegatingDatabaseMetaData@656be418, schemaName=null, tableName=SCOPEDCONTENTITEM) - start
171349 [main] DEBUG org.dbunit.util.SQLHelper  - close(resultSet=org.apache.commons.dbcp.DelegatingResultSet@25a66630) - start
171349 [main] DEBUG org.dbunit.util.QualifiedTableName  - getQualifiedNameIfEnabled(config=org.dbunit.database.DatabaseConfig[, _propertyMap={http://www.dbunit.org/properties/statementFactory=org.dbunit.database.statement.PreparedStatementFactory@626bc2b8, http://www.dbunit.org/features/caseSensitiveTableNames=false, http://www.dbunit.org/properties/fetchSize=100, http://www.dbunit.org/features/batchedStatements=false, http://www.dbunit.org/properties/metadataHandler=org.dbunit.database.DefaultMetadataHandler@62baffef, http://www.dbunit.org/properties/datatypeFactory=org.dbunit.dataset.datatype.DefaultDataTypeFactory[_toleratedDeltaMap=org.dbunit.dataset.datatype.ToleratedDeltaMap@6452310a], http://www.dbunit.org/properties/escapePattern=null, http://www.dbunit.org/properties/batchSize=100, http://www.dbunit.org/features/qualifiedTableNames=false, http://www.dbunit.org/properties/tableType=[Ljava.lang.String;@5011bafa, http://www.dbunit.org/properties/resultSetTableFactory=org.dbunit.database.CachedResultSetTableFactory@10bcf083, http://www.dbunit.org/features/datatypeWarning=true}]) - start
171349 [main] TRACE org.dbunit.database.DatabaseConfig  - getFeature(name=http://www.dbunit.org/features/qualifiedTableNames) - start
171349 [main] TRACE org.dbunit.database.DatabaseConfig  - getProperty(name=http://www.dbunit.org/features/qualifiedTableNames) - start
171349 [main] DEBUG org.dbunit.util.QualifiedTableName  - Qualified table names feature is disabled. Returning plain table name
171349 [main] DEBUG org.dbunit.util.QualifiedTableName  - getQualifiedName(prefix=null, name=SCOPEDCONTENTITEM, escapePattern=null) - start
171349 [main] DEBUG org.dbunit.util.QualifiedTableName  - getQualifiedNameIfEnabled(config=org.dbunit.database.DatabaseConfig[, _propertyMap={http://www.dbunit.org/properties/statementFactory=org.dbunit.database.statement.PreparedStatementFactory@626bc2b8, http://www.dbunit.org/features/caseSensitiveTableNames=false, http://www.dbunit.org/properties/fetchSize=100, http://www.dbunit.org/features/batchedStatements=false, http://www.dbunit.org/properties/metadataHandler=org.dbunit.database.DefaultMetadataHandler@62baffef, http://www.dbunit.org/properties/datatypeFactory=org.dbunit.dataset.datatype.DefaultDataTypeFactory[_toleratedDeltaMap=org.dbunit.dataset.datatype.ToleratedDeltaMap@6452310a], http://www.dbunit.org/properties/escapePattern=null, http://www.dbunit.org/properties/batchSize=100, http://www.dbunit.org/features/qualifiedTableNames=false, http://www.dbunit.org/properties/tableType=[Ljava.lang.String;@5011bafa, http://www.dbunit.org/properties/resultSetTableFactory=org.dbunit.database.CachedResultSetTableFactory@10bcf083, http://www.dbunit.org/features/datatypeWarning=true}]) - start
171349 [main] TRACE org.dbunit.database.DatabaseConfig  - getFeature(name=http://www.dbunit.org/features/qualifiedTableNames) - start
171349 [main] TRACE org.dbunit.database.DatabaseConfig  - getProperty(name=http://www.dbunit.org/features/qualifiedTableNames) - start
171349 [main] DEBUG org.dbunit.util.QualifiedTableName  - Qualified table names feature is disabled. Returning plain table name
171349 [main] DEBUG org.dbunit.util.QualifiedTableName  - getQualifiedName(prefix=null, name=SCOPEDCONTENTCONDITIONS_SCOPEDCONTENTITEM, escapePattern=null) - start
171349 [main] DEBUG org.dbunit.database.search.AbstractMetaDataBasedSearchCallback  - newEdge(rs=org.apache.commons.dbcp.DelegatingResultSet@15e0e37f, type=1, from=SCOPEDCONTENTITEM, to=SCOPEDCONTENTCONDITIONS_SCOPEDCONTENTITEM, fkColumn=SCOPED_CONTENT_ITEM_ID, pkColumn=ID) - start
171349 [main] DEBUG org.dbunit.database.search.AbstractMetaDataBasedSearchCallback  - createFKEdge(rs=org.apache.commons.dbcp.DelegatingResultSet@15e0e37f, type=1, from=SCOPEDCONTENTITEM, to=SCOPEDCONTENTCONDITIONS_SCOPEDCONTENTITEM, fkColumn=SCOPED_CONTENT_ITEM_ID, pkColumn=ID) - start
171349 [main] DEBUG org.dbunit.database.search.AbstractMetaDataBasedSearchCallback  - Adding edge SCOPEDCONTENTCONDITIONS_SCOPEDCONTENTITEM(SCOPED_CONTENT_ITEM_ID)->SCOPEDCONTENTITEM(ID)
171349 [main] DEBUG org.dbunit.util.search.Edge  - compareTo(o=SCOPEDCONTENTCONDITIONS_SCOPEDCONTENTITEM(SCOPED_CONTENT_ITEM_ID)->SCOPEDCONTENTITEM(ID)) - start
171349 [main] DEBUG org.dbunit.util.QualifiedTableName  - getQualifiedNameIfEnabled(config=org.dbunit.database.DatabaseConfig[, _propertyMap={http://www.dbunit.org/properties/statementFactory=org.dbunit.database.statement.PreparedStatementFactory@626bc2b8, http://www.dbunit.org/features/caseSensitiveTableNames=false, http://www.dbunit.org/properties/fetchSize=100, http://www.dbunit.org/features/batchedStatements=false, http://www.dbunit.org/properties/metadataHandler=org.dbunit.database.DefaultMetadataHandler@62baffef, http://www.dbunit.org/properties/datatypeFactory=org.dbunit.dataset.datatype.DefaultDataTypeFactory[_toleratedDeltaMap=org.dbunit.dataset.datatype.ToleratedDeltaMap@6452310a], http://www.dbunit.org/properties/escapePattern=null, http://www.dbunit.org/properties/batchSize=100, http://www.dbunit.org/features/qualifiedTableNames=false, http://www.dbunit.org/properties/tableType=[Ljava.lang.String;@5011bafa, http://www.dbunit.org/properties/resultSetTableFactory=org.dbunit.database.CachedResultSetTableFactory@10bcf083, http://www.dbunit.org/features/datatypeWarning=true}]) - start
171349 [main] TRACE org.dbunit.database.DatabaseConfig  - getFeature(name=http://www.dbunit.org/features/qualifiedTableNames) - start
171349 [main] TRACE org.dbunit.database.DatabaseConfig  - getProperty(name=http://www.dbunit.org/features/qualifiedTableNames) - start
171349 [main] DEBUG org.dbunit.util.QualifiedTableName  - Qualified table names feature is disabled. Returning plain table name
171350 [main] DEBUG org.dbunit.util.QualifiedTableName  - getQualifiedName(prefix=null, name=SCOPEDCONTENTITEM, escapePattern=null) - start
171350 [main] DEBUG org.dbunit.util.QualifiedTableName  - getQualifiedNameIfEnabled(config=org.dbunit.database.DatabaseConfig[, _propertyMap={http://www.dbunit.org/properties/statementFactory=org.dbunit.database.statement.PreparedStatementFactory@626bc2b8, http://www.dbunit.org/features/caseSensitiveTableNames=false, http://www.dbunit.org/properties/fetchSize=100, http://www.dbunit.org/features/batchedStatements=false, http://www.dbunit.org/properties/metadataHandler=org.dbunit.database.DefaultMetadataHandler@62baffef, http://www.dbunit.org/properties/datatypeFactory=org.dbunit.dataset.datatype.DefaultDataTypeFactory[_toleratedDeltaMap=org.dbunit.dataset.datatype.ToleratedDeltaMap@6452310a], http://www.dbunit.org/properties/escapePattern=null, http://www.dbunit.org/properties/batchSize=100, http://www.dbunit.org/features/qualifiedTableNames=false, http://www.dbunit.org/properties/tableType=[Ljava.lang.String;@5011bafa, http://www.dbunit.org/properties/resultSetTableFactory=org.dbunit.database.CachedResultSetTableFactory@10bcf083, http://www.dbunit.org/features/datatypeWarning=true}]) - start
171350 [main] TRACE org.dbunit.database.DatabaseConfig  - getFeature(name=http://www.dbunit.org/features/qualifiedTableNames) - start
171350 [main] TRACE org.dbunit.database.DatabaseConfig  - getProperty(name=http://www.dbunit.org/features/qualifiedTableNames) - start
171350 [main] DEBUG org.dbunit.util.QualifiedTableName  - Qualified table names feature is disabled. Returning plain table name
171350 [main] DEBUG org.dbunit.util.QualifiedTableName  - getQualifiedName(prefix=null, name=SCOPEDCONTENT_SCOPEDCONTENTITEM, escapePattern=null) - start
171350 [main] DEBUG org.dbunit.database.search.AbstractMetaDataBasedSearchCallback  - newEdge(rs=org.apache.commons.dbcp.DelegatingResultSet@15e0e37f, type=1, from=SCOPEDCONTENTITEM, to=SCOPEDCONTENT_SCOPEDCONTENTITEM, fkColumn=SCOPED_CONTENT_ID, pkColumn=ID) - start
171350 [main] DEBUG org.dbunit.database.search.AbstractMetaDataBasedSearchCallback  - createFKEdge(rs=org.apache.commons.dbcp.DelegatingResultSet@15e0e37f, type=1, from=SCOPEDCONTENTITEM, to=SCOPEDCONTENT_SCOPEDCONTENTITEM, fkColumn=SCOPED_CONTENT_ID, pkColumn=ID) - start
171350 [main] DEBUG org.dbunit.database.search.AbstractMetaDataBasedSearchCallback  - Adding edge SCOPEDCONTENT_SCOPEDCONTENTITEM(SCOPED_CONTENT_ID)->SCOPEDCONTENTITEM(ID)
171350 [main] DEBUG org.dbunit.util.search.Edge  - compareTo(o=SCOPEDCONTENTCONDITIONS_SCOPEDCONTENTITEM(SCOPED_CONTENT_ITEM_ID)->SCOPEDCONTENTITEM(ID)) - start
171350 [main] DEBUG org.dbunit.util.SQLHelper  - close(resultSet=org.apache.commons.dbcp.DelegatingResultSet@15e0e37f) - start
171350 [main] DEBUG org.dbunit.util.search.DepthFirstSearch  - search:SCOPEDCONTENTITEM
171350 [main] DEBUG org.dbunit.util.search.DepthFirstSearch  - already searched; returning true
171350 [main] DEBUG org.dbunit.util.search.DepthFirstSearch  - search:SCOPEDCONTENTITEM
171350 [main] DEBUG org.dbunit.util.search.DepthFirstSearch  - already searched; returning true
171350 [main] DEBUG org.dbunit.util.search.DepthFirstSearch  - Adding node SCOPEDCONTENTITEM to the final result
171350 [main] DEBUG org.dbunit.database.search.TablesDependencyHelper  - getDirectDependentTables(connection=_databaseConfig=org.dbunit.database.DatabaseConfig[, _propertyMap={http://www.dbunit.org/properties/statementFactory=org.dbunit.database.statement.PreparedStatementFactory@626bc2b8, http://www.dbunit.org/features/caseSensitiveTableNames=false, http://www.dbunit.org/properties/fetchSize=100, http://www.dbunit.org/features/batchedStatements=false, http://www.dbunit.org/properties/metadataHandler=org.dbunit.database.DefaultMetadataHandler@62baffef, http://www.dbunit.org/properties/datatypeFactory=org.dbunit.dataset.datatype.DefaultDataTypeFactory[_toleratedDeltaMap=org.dbunit.dataset.datatype.ToleratedDeltaMap@6452310a], http://www.dbunit.org/properties/escapePattern=null, http://www.dbunit.org/properties/batchSize=100, http://www.dbunit.org/features/qualifiedTableNames=false, http://www.dbunit.org/properties/tableType=[Ljava.lang.String;@5011bafa, http://www.dbunit.org/properties/resultSetTableFactory=org.dbunit.database.CachedResultSetTableFactory@10bcf083, http://www.dbunit.org/features/datatypeWarning=true}], _dataSet=AbstractDataSet[_orderedTableNameMap=null], tableName=SCOPEDCONTENTITEM) - start
171350 [main] DEBUG org.dbunit.util.search.DepthFirstSearch  - search(nodesFrom=[SCOPEDCONTENTITEM], callback=org.dbunit.database.search.ImportedKeysSearchCallback@2b4bab0e) - start
171350 [main] DEBUG org.dbunit.util.CollectionsHelper  - objectsToSet(objects=SCOPEDCONTENTITEM) - start
171350 [main] DEBUG org.dbunit.util.search.DepthFirstSearch  - search(nodesFrom=[SCOPEDCONTENTITEM], callback=org.dbunit.database.search.ImportedKeysSearchCallback@2b4bab0e) - start
171350 [main] DEBUG org.dbunit.util.search.DepthFirstSearch  - reverseSearch:SCOPEDCONTENTITEM
171350 [main] DEBUG org.dbunit.database.search.ImportedKeysSearchCallback  - searchNode(node=SCOPEDCONTENTITEM) - start
171350 [main] DEBUG org.dbunit.util.search.DepthFirstSearch  - Pushing (reverse) SCOPEDCONTENTITEM
171350 [main] DEBUG org.dbunit.database.search.ImportedKeysSearchCallback  - getEdges(node=SCOPEDCONTENTITEM) - start
171350 [main] DEBUG org.dbunit.database.search.AbstractMetaDataBasedSearchCallback  - getNodesFromImportedKeys(node=SCOPEDCONTENTITEM) - start
171350 [main] DEBUG org.dbunit.database.search.AbstractMetaDataBasedSearchCallback  - getNodes(type=0, node=SCOPEDCONTENTITEM) - start
171351 [main] DEBUG org.dbunit.database.DatabaseDataSourceConnection  - getConnection() - start
171351 [main] DEBUG org.dbunit.database.search.AbstractMetaDataBasedSearchCallback  - getNodes(type=0, node=SCOPEDCONTENTITEM, conn=Transaction-aware proxy for target Connection [jdbc:hsqldb:mem:kontrollDS, UserName=sw, HSQL Database Engine Driver], schema=null, metaData=org.apache.commons.dbcp.DelegatingDatabaseMetaData@74cb3a56, edges=[]) - start
171351 [main] DEBUG org.dbunit.database.search.AbstractMetaDataBasedSearchCallback  - Getting edges for node SCOPEDCONTENTITEM
171351 [main] TRACE org.dbunit.database.DatabaseConfig  - getProperty(name=http://www.dbunit.org/properties/metadataHandler) - start
171351 [main] TRACE org.dbunit.database.DefaultMetadataHandler  - tableExists(metaData=org.apache.commons.dbcp.DelegatingDatabaseMetaData@74cb3a56, schemaName=null, tableName=SCOPEDCONTENTITEM) - start
171352 [main] DEBUG org.dbunit.util.SQLHelper  - close(resultSet=org.apache.commons.dbcp.DelegatingResultSet@31ca47ce) - start
171352 [main] DEBUG org.dbunit.util.SQLHelper  - close(resultSet=org.apache.commons.dbcp.DelegatingResultSet@2072e305) - start
171352 [main] DEBUG org.dbunit.util.search.DepthFirstSearch  - search:SCOPEDCONTENTITEM
171352 [main] DEBUG org.dbunit.database.search.ImportedKeysSearchCallback  - searchNode(node=SCOPEDCONTENTITEM) - start
171352 [main] DEBUG org.dbunit.util.search.DepthFirstSearch  - Pushing SCOPEDCONTENTITEM
171352 [main] DEBUG org.dbunit.database.search.ImportedKeysSearchCallback  - getEdges(node=SCOPEDCONTENTITEM) - start
171352 [main] DEBUG org.dbunit.database.search.AbstractMetaDataBasedSearchCallback  - getNodesFromImportedKeys(node=SCOPEDCONTENTITEM) - start
171352 [main] DEBUG org.dbunit.database.search.AbstractMetaDataBasedSearchCallback  - getNodes(type=0, node=SCOPEDCONTENTITEM) - start
171352 [main] DEBUG org.dbunit.database.DatabaseDataSourceConnection  - getConnection() - start
171352 [main] DEBUG org.dbunit.database.search.AbstractMetaDataBasedSearchCallback  - getNodes(type=0, node=SCOPEDCONTENTITEM, conn=Transaction-aware proxy for target Connection [jdbc:hsqldb:mem:kontrollDS, UserName=sw, HSQL Database Engine Driver], schema=null, metaData=org.apache.commons.dbcp.DelegatingDatabaseMetaData@56966de7, edges=[]) - start
171352 [main] DEBUG org.dbunit.database.search.AbstractMetaDataBasedSearchCallback  - Getting edges for node SCOPEDCONTENTITEM
171352 [main] TRACE org.dbunit.database.DatabaseConfig  - getProperty(name=http://www.dbunit.org/properties/metadataHandler) - start
171352 [main] TRACE org.dbunit.database.DefaultMetadataHandler  - tableExists(metaData=org.apache.commons.dbcp.DelegatingDatabaseMetaData@56966de7, schemaName=null, tableName=SCOPEDCONTENTITEM) - start
171353 [main] DEBUG org.dbunit.util.SQLHelper  - close(resultSet=org.apache.commons.dbcp.DelegatingResultSet@73018592) - start
171354 [main] DEBUG org.dbunit.util.SQLHelper  - close(resultSet=org.apache.commons.dbcp.DelegatingResultSet@73de7ea4) - start
171354 [main] DEBUG org.dbunit.util.search.DepthFirstSearch  - Adding node SCOPEDCONTENTITEM to the final result
171354 [main] DEBUG org.dbunit.database.DatabaseSequenceFilter  - getDependencyInfo(connection=_databaseConfig=org.dbunit.database.DatabaseConfig[, _propertyMap={http://www.dbunit.org/properties/statementFactory=org.dbunit.database.statement.PreparedStatementFactory@626bc2b8, http://www.dbunit.org/features/caseSensitiveTableNames=false, http://www.dbunit.org/properties/fetchSize=100, http://www.dbunit.org/features/batchedStatements=false, http://www.dbunit.org/properties/metadataHandler=org.dbunit.database.DefaultMetadataHandler@62baffef, http://www.dbunit.org/properties/datatypeFactory=org.dbunit.dataset.datatype.DefaultDataTypeFactory[_toleratedDeltaMap=org.dbunit.dataset.datatype.ToleratedDeltaMap@6452310a], http://www.dbunit.org/properties/escapePattern=null, http://www.dbunit.org/properties/batchSize=100, http://www.dbunit.org/features/qualifiedTableNames=false, http://www.dbunit.org/properties/tableType=[Ljava.lang.String;@5011bafa, http://www.dbunit.org/properties/resultSetTableFactory=org.dbunit.database.CachedResultSetTableFactory@10bcf083, http://www.dbunit.org/features/datatypeWarning=true}], _dataSet=AbstractDataSet[_orderedTableNameMap=null], tableName=SCOPEDCONTENT_SCOPEDCONTENTITEM) - start
171354 [main] DEBUG org.dbunit.database.search.TablesDependencyHelper  - getDependentTables(connection=_databaseConfig=org.dbunit.database.DatabaseConfig[, _propertyMap={http://www.dbunit.org/properties/statementFactory=org.dbunit.database.statement.PreparedStatementFactory@626bc2b8, http://www.dbunit.org/features/caseSensitiveTableNames=false, http://www.dbunit.org/properties/fetchSize=100, http://www.dbunit.org/features/batchedStatements=false, http://www.dbunit.org/properties/metadataHandler=org.dbunit.database.DefaultMetadataHandler@62baffef, http://www.dbunit.org/properties/datatypeFactory=org.dbunit.dataset.datatype.DefaultDataTypeFactory[_toleratedDeltaMap=org.dbunit.dataset.datatype.ToleratedDeltaMap@6452310a], http://www.dbunit.org/properties/escapePattern=null, http://www.dbunit.org/properties/batchSize=100, http://www.dbunit.org/features/qualifiedTableNames=false, http://www.dbunit.org/properties/tableType=[Ljava.lang.String;@5011bafa, http://www.dbunit.org/properties/resultSetTableFactory=org.dbunit.database.CachedResultSetTableFactory@10bcf083, http://www.dbunit.org/features/datatypeWarning=true}], _dataSet=AbstractDataSet[_orderedTableNameMap=null], rootTable=SCOPEDCONTENT_SCOPEDCONTENTITEM) - start
171354 [main] DEBUG org.dbunit.database.search.TablesDependencyHelper  - getDependentTables(connection=_databaseConfig=org.dbunit.database.DatabaseConfig[, _propertyMap={http://www.dbunit.org/properties/statementFactory=org.dbunit.database.statement.PreparedStatementFactory@626bc2b8, http://www.dbunit.org/features/caseSensitiveTableNames=false, http://www.dbunit.org/properties/fetchSize=100, http://www.dbunit.org/features/batchedStatements=false, http://www.dbunit.org/properties/metadataHandler=org.dbunit.database.DefaultMetadataHandler@62baffef, http://www.dbunit.org/properties/datatypeFactory=org.dbunit.dataset.datatype.DefaultDataTypeFactory[_toleratedDeltaMap=org.dbunit.dataset.datatype.ToleratedDeltaMap@6452310a], http://www.dbunit.org/properties/escapePattern=null, http://www.dbunit.org/properties/batchSize=100, http://www.dbunit.org/features/qualifiedTableNames=false, http://www.dbunit.org/properties/tableType=[Ljava.lang.String;@5011bafa, http://www.dbunit.org/properties/resultSetTableFactory=org.dbunit.database.CachedResultSetTableFactory@10bcf083, http://www.dbunit.org/features/datatypeWarning=true}], _dataSet=AbstractDataSet[_orderedTableNameMap=null], rootTables=[SCOPEDCONTENT_SCOPEDCONTENTITEM]) - start
171354 [main] DEBUG org.dbunit.util.search.DepthFirstSearch  - search(nodesFrom=[SCOPEDCONTENT_SCOPEDCONTENTITEM], callback=org.dbunit.database.search.ImportedKeysSearchCallback@297c1d8f) - start
171354 [main] DEBUG org.dbunit.util.CollectionsHelper  - objectsToSet(objects=SCOPEDCONTENT_SCOPEDCONTENTITEM) - start
171354 [main] DEBUG org.dbunit.util.search.DepthFirstSearch  - search(nodesFrom=[SCOPEDCONTENT_SCOPEDCONTENTITEM], callback=org.dbunit.database.search.ImportedKeysSearchCallback@297c1d8f) - start
171354 [main] DEBUG org.dbunit.util.search.DepthFirstSearch  - reverseSearch:SCOPEDCONTENT_SCOPEDCONTENTITEM
171354 [main] DEBUG org.dbunit.database.search.ImportedKeysSearchCallback  - searchNode(node=SCOPEDCONTENT_SCOPEDCONTENTITEM) - start
171354 [main] DEBUG org.dbunit.util.search.DepthFirstSearch  - Pushing (reverse) SCOPEDCONTENT_SCOPEDCONTENTITEM
171354 [main] DEBUG org.dbunit.database.search.ImportedKeysSearchCallback  - getEdges(node=SCOPEDCONTENT_SCOPEDCONTENTITEM) - start
171354 [main] DEBUG org.dbunit.database.search.AbstractMetaDataBasedSearchCallback  - getNodesFromImportedKeys(node=SCOPEDCONTENT_SCOPEDCONTENTITEM) - start
171354 [main] DEBUG org.dbunit.database.search.AbstractMetaDataBasedSearchCallback  - getNodes(type=0, node=SCOPEDCONTENT_SCOPEDCONTENTITEM) - start
171354 [main] DEBUG org.dbunit.database.DatabaseDataSourceConnection  - getConnection() - start
171354 [main] DEBUG org.dbunit.database.search.AbstractMetaDataBasedSearchCallback  - getNodes(type=0, node=SCOPEDCONTENT_SCOPEDCONTENTITEM, conn=Transaction-aware proxy for target Connection [jdbc:hsqldb:mem:kontrollDS, UserName=sw, HSQL Database Engine Driver], schema=null, metaData=org.apache.commons.dbcp.DelegatingDatabaseMetaData@1378ac90, edges=[]) - start
171354 [main] DEBUG org.dbunit.database.search.AbstractMetaDataBasedSearchCallback  - Getting edges for node SCOPEDCONTENT_SCOPEDCONTENTITEM
171354 [main] TRACE org.dbunit.database.DatabaseConfig  - getProperty(name=http://www.dbunit.org/properties/metadataHandler) - start
171354 [main] TRACE org.dbunit.database.DefaultMetadataHandler  - tableExists(metaData=org.apache.commons.dbcp.DelegatingDatabaseMetaData@1378ac90, schemaName=null, tableName=SCOPEDCONTENT_SCOPEDCONTENTITEM) - start
171355 [main] DEBUG org.dbunit.util.SQLHelper  - close(resultSet=org.apache.commons.dbcp.DelegatingResultSet@6ea2bfd9) - start
171356 [main] DEBUG org.dbunit.util.QualifiedTableName  - getQualifiedNameIfEnabled(config=org.dbunit.database.DatabaseConfig[, _propertyMap={http://www.dbunit.org/properties/statementFactory=org.dbunit.database.statement.PreparedStatementFactory@626bc2b8, http://www.dbunit.org/features/caseSensitiveTableNames=false, http://www.dbunit.org/properties/fetchSize=100, http://www.dbunit.org/features/batchedStatements=false, http://www.dbunit.org/properties/metadataHandler=org.dbunit.database.DefaultMetadataHandler@62baffef, http://www.dbunit.org/properties/datatypeFactory=org.dbunit.dataset.datatype.DefaultDataTypeFactory[_toleratedDeltaMap=org.dbunit.dataset.datatype.ToleratedDeltaMap@6452310a], http://www.dbunit.org/properties/escapePattern=null, http://www.dbunit.org/properties/batchSize=100, http://www.dbunit.org/features/qualifiedTableNames=false, http://www.dbunit.org/properties/tableType=[Ljava.lang.String;@5011bafa, http://www.dbunit.org/properties/resultSetTableFactory=org.dbunit.database.CachedResultSetTableFactory@10bcf083, http://www.dbunit.org/features/datatypeWarning=true}]) - start
171356 [main] TRACE org.dbunit.database.DatabaseConfig  - getFeature(name=http://www.dbunit.org/features/qualifiedTableNames) - start
171356 [main] TRACE org.dbunit.database.DatabaseConfig  - getProperty(name=http://www.dbunit.org/features/qualifiedTableNames) - start
171356 [main] DEBUG org.dbunit.util.QualifiedTableName  - Qualified table names feature is disabled. Returning plain table name
171356 [main] DEBUG org.dbunit.util.QualifiedTableName  - getQualifiedName(prefix=null, name=SCOPEDCONTENT_SCOPEDCONTENTITEM, escapePattern=null) - start
171356 [main] DEBUG org.dbunit.util.QualifiedTableName  - getQualifiedNameIfEnabled(config=org.dbunit.database.DatabaseConfig[, _propertyMap={http://www.dbunit.org/properties/statementFactory=org.dbunit.database.statement.PreparedStatementFactory@626bc2b8, http://www.dbunit.org/features/caseSensitiveTableNames=false, http://www.dbunit.org/properties/fetchSize=100, http://www.dbunit.org/features/batchedStatements=false, http://www.dbunit.org/properties/metadataHandler=org.dbunit.database.DefaultMetadataHandler@62baffef, http://www.dbunit.org/properties/datatypeFactory=org.dbunit.dataset.datatype.DefaultDataTypeFactory[_toleratedDeltaMap=org.dbunit.dataset.datatype.ToleratedDeltaMap@6452310a], http://www.dbunit.org/properties/escapePattern=null, http://www.dbunit.org/properties/batchSize=100, http://www.dbunit.org/features/qualifiedTableNames=false, http://www.dbunit.org/properties/tableType=[Ljava.lang.String;@5011bafa, http://www.dbunit.org/properties/resultSetTableFactory=org.dbunit.database.CachedResultSetTableFactory@10bcf083, http://www.dbunit.org/features/datatypeWarning=true}]) - start
171356 [main] TRACE org.dbunit.database.DatabaseConfig  - getFeature(name=http://www.dbunit.org/features/qualifiedTableNames) - start
171356 [main] TRACE org.dbunit.database.DatabaseConfig  - getProperty(name=http://www.dbunit.org/features/qualifiedTableNames) - start
171356 [main] DEBUG org.dbunit.util.QualifiedTableName  - Qualified table names feature is disabled. Returning plain table name
171356 [main] DEBUG org.dbunit.util.QualifiedTableName  - getQualifiedName(prefix=null, name=SCOPEDCONTENT, escapePattern=null) - start
171356 [main] DEBUG org.dbunit.database.search.AbstractMetaDataBasedSearchCallback  - newEdge(rs=org.apache.commons.dbcp.DelegatingResultSet@4a1484f, type=0, from=SCOPEDCONTENT_SCOPEDCONTENTITEM, to=SCOPEDCONTENT, fkColumn=SCOPED_CONTENT_ITEM_ID, pkColumn=ID) - start
171356 [main] DEBUG org.dbunit.database.search.AbstractMetaDataBasedSearchCallback  - createFKEdge(rs=org.apache.commons.dbcp.DelegatingResultSet@4a1484f, type=0, from=SCOPEDCONTENT_SCOPEDCONTENTITEM, to=SCOPEDCONTENT, fkColumn=SCOPED_CONTENT_ITEM_ID, pkColumn=ID) - start
171356 [main] DEBUG org.dbunit.database.search.AbstractMetaDataBasedSearchCallback  - Adding edge SCOPEDCONTENT_SCOPEDCONTENTITEM(SCOPED_CONTENT_ITEM_ID)->SCOPEDCONTENT(ID)
171356 [main] DEBUG org.dbunit.util.search.Edge  - compareTo(o=SCOPEDCONTENT_SCOPEDCONTENTITEM(SCOPED_CONTENT_ITEM_ID)->SCOPEDCONTENT(ID)) - start
171356 [main] DEBUG org.dbunit.util.QualifiedTableName  - getQualifiedNameIfEnabled(config=org.dbunit.database.DatabaseConfig[, _propertyMap={http://www.dbunit.org/properties/statementFactory=org.dbunit.database.statement.PreparedStatementFactory@626bc2b8, http://www.dbunit.org/features/caseSensitiveTableNames=false, http://www.dbunit.org/properties/fetchSize=100, http://www.dbunit.org/features/batchedStatements=false, http://www.dbunit.org/properties/metadataHandler=org.dbunit.database.DefaultMetadataHandler@62baffef, http://www.dbunit.org/properties/datatypeFactory=org.dbunit.dataset.datatype.DefaultDataTypeFactory[_toleratedDeltaMap=org.dbunit.dataset.datatype.ToleratedDeltaMap@6452310a], http://www.dbunit.org/properties/escapePattern=null, http://www.dbunit.org/properties/batchSize=100, http://www.dbunit.org/features/qualifiedTableNames=false, http://www.dbunit.org/properties/tableType=[Ljava.lang.String;@5011bafa, http://www.dbunit.org/properties/resultSetTableFactory=org.dbunit.database.CachedResultSetTableFactory@10bcf083, http://www.dbunit.org/features/datatypeWarning=true}]) - start
171356 [main] TRACE org.dbunit.database.DatabaseConfig  - getFeature(name=http://www.dbunit.org/features/qualifiedTableNames) - start
171356 [main] TRACE org.dbunit.database.DatabaseConfig  - getProperty(name=http://www.dbunit.org/features/qualifiedTableNames) - start
171356 [main] DEBUG org.dbunit.util.QualifiedTableName  - Qualified table names feature is disabled. Returning plain table name
171356 [main] DEBUG org.dbunit.util.QualifiedTableName  - getQualifiedName(prefix=null, name=SCOPEDCONTENT_SCOPEDCONTENTITEM, escapePattern=null) - start
171356 [main] DEBUG org.dbunit.util.QualifiedTableName  - getQualifiedNameIfEnabled(config=org.dbunit.database.DatabaseConfig[, _propertyMap={http://www.dbunit.org/properties/statementFactory=org.dbunit.database.statement.PreparedStatementFactory@626bc2b8, http://www.dbunit.org/features/caseSensitiveTableNames=false, http://www.dbunit.org/properties/fetchSize=100, http://www.dbunit.org/features/batchedStatements=false, http://www.dbunit.org/properties/metadataHandler=org.dbunit.database.DefaultMetadataHandler@62baffef, http://www.dbunit.org/properties/datatypeFactory=org.dbunit.dataset.datatype.DefaultDataTypeFactory[_toleratedDeltaMap=org.dbunit.dataset.datatype.ToleratedDeltaMap@6452310a], http://www.dbunit.org/properties/escapePattern=null, http://www.dbunit.org/properties/batchSize=100, http://www.dbunit.org/features/qualifiedTableNames=false, http://www.dbunit.org/properties/tableType=[Ljava.lang.String;@5011bafa, http://www.dbunit.org/properties/resultSetTableFactory=org.dbunit.database.CachedResultSetTableFactory@10bcf083, http://www.dbunit.org/features/datatypeWarning=true}]) - start
171356 [main] TRACE org.dbunit.database.DatabaseConfig  - getFeature(name=http://www.dbunit.org/features/qualifiedTableNames) - start
171357 [main] TRACE org.dbunit.database.DatabaseConfig  - getProperty(name=http://www.dbunit.org/features/qualifiedTableNames) - start
171357 [main] DEBUG org.dbunit.util.QualifiedTableName  - Qualified table names feature is disabled. Returning plain table name
171357 [main] DEBUG org.dbunit.util.QualifiedTableName  - getQualifiedName(prefix=null, name=SCOPEDCONTENTITEM, escapePattern=null) - start
171357 [main] DEBUG org.dbunit.database.search.AbstractMetaDataBasedSearchCallback  - newEdge(rs=org.apache.commons.dbcp.DelegatingResultSet@4a1484f, type=0, from=SCOPEDCONTENT_SCOPEDCONTENTITEM, to=SCOPEDCONTENTITEM, fkColumn=SCOPED_CONTENT_ID, pkColumn=ID) - start
171357 [main] DEBUG org.dbunit.database.search.AbstractMetaDataBasedSearchCallback  - createFKEdge(rs=org.apache.commons.dbcp.DelegatingResultSet@4a1484f, type=0, from=SCOPEDCONTENT_SCOPEDCONTENTITEM, to=SCOPEDCONTENTITEM, fkColumn=SCOPED_CONTENT_ID, pkColumn=ID) - start
171357 [main] DEBUG org.dbunit.database.search.AbstractMetaDataBasedSearchCallback  - Adding edge SCOPEDCONTENT_SCOPEDCONTENTITEM(SCOPED_CONTENT_ID)->SCOPEDCONTENTITEM(ID)
171357 [main] DEBUG org.dbunit.util.search.Edge  - compareTo(o=SCOPEDCONTENT_SCOPEDCONTENTITEM(SCOPED_CONTENT_ITEM_ID)->SCOPEDCONTENT(ID)) - start
171357 [main] DEBUG org.dbunit.util.SQLHelper  - close(resultSet=org.apache.commons.dbcp.DelegatingResultSet@4a1484f) - start
171357 [main] DEBUG org.dbunit.util.search.DepthFirstSearch  - search:SCOPEDCONTENT_SCOPEDCONTENTITEM
171357 [main] DEBUG org.dbunit.database.search.ImportedKeysSearchCallback  - searchNode(node=SCOPEDCONTENT_SCOPEDCONTENTITEM) - start
171357 [main] DEBUG org.dbunit.util.search.DepthFirstSearch  - Pushing SCOPEDCONTENT_SCOPEDCONTENTITEM
171357 [main] DEBUG org.dbunit.database.search.ImportedKeysSearchCallback  - getEdges(node=SCOPEDCONTENT_SCOPEDCONTENTITEM) - start
171357 [main] DEBUG org.dbunit.database.search.AbstractMetaDataBasedSearchCallback  - getNodesFromImportedKeys(node=SCOPEDCONTENT_SCOPEDCONTENTITEM) - start
171357 [main] DEBUG org.dbunit.database.search.AbstractMetaDataBasedSearchCallback  - getNodes(type=0, node=SCOPEDCONTENT_SCOPEDCONTENTITEM) - start
171357 [main] DEBUG org.dbunit.database.DatabaseDataSourceConnection  - getConnection() - start
171357 [main] DEBUG org.dbunit.database.search.AbstractMetaDataBasedSearchCallback  - getNodes(type=0, node=SCOPEDCONTENT_SCOPEDCONTENTITEM, conn=Transaction-aware proxy for target Connection [jdbc:hsqldb:mem:kontrollDS, UserName=sw, HSQL Database Engine Driver], schema=null, metaData=org.apache.commons.dbcp.DelegatingDatabaseMetaData@78923ce8, edges=[]) - start
171357 [main] DEBUG org.dbunit.database.search.AbstractMetaDataBasedSearchCallback  - Getting edges for node SCOPEDCONTENT_SCOPEDCONTENTITEM
171357 [main] TRACE org.dbunit.database.DatabaseConfig  - getProperty(name=http://www.dbunit.org/properties/metadataHandler) - start
171357 [main] TRACE org.dbunit.database.DefaultMetadataHandler  - tableExists(metaData=org.apache.commons.dbcp.DelegatingDatabaseMetaData@78923ce8, schemaName=null, tableName=SCOPEDCONTENT_SCOPEDCONTENTITEM) - start
171358 [main] DEBUG org.dbunit.util.SQLHelper  - close(resultSet=org.apache.commons.dbcp.DelegatingResultSet@1d43fa08) - start
171359 [main] DEBUG org.dbunit.util.QualifiedTableName  - getQualifiedNameIfEnabled(config=org.dbunit.database.DatabaseConfig[, _propertyMap={http://www.dbunit.org/properties/statementFactory=org.dbunit.database.statement.PreparedStatementFactory@626bc2b8, http://www.dbunit.org/features/caseSensitiveTableNames=false, http://www.dbunit.org/properties/fetchSize=100, http://www.dbunit.org/features/batchedStatements=false, http://www.dbunit.org/properties/metadataHandler=org.dbunit.database.DefaultMetadataHandler@62baffef, http://www.dbunit.org/properties/datatypeFactory=org.dbunit.dataset.datatype.DefaultDataTypeFactory[_toleratedDeltaMap=org.dbunit.dataset.datatype.ToleratedDeltaMap@6452310a], http://www.dbunit.org/properties/escapePattern=null, http://www.dbunit.org/properties/batchSize=100, http://www.dbunit.org/features/qualifiedTableNames=false, http://www.dbunit.org/properties/tableType=[Ljava.lang.String;@5011bafa, http://www.dbunit.org/properties/resultSetTableFactory=org.dbunit.database.CachedResultSetTableFactory@10bcf083, http://www.dbunit.org/features/datatypeWarning=true}]) - start
171359 [main] TRACE org.dbunit.database.DatabaseConfig  - getFeature(name=http://www.dbunit.org/features/qualifiedTableNames) - start
171359 [main] TRACE org.dbunit.database.DatabaseConfig  - getProperty(name=http://www.dbunit.org/features/qualifiedTableNames) - start
171359 [main] DEBUG org.dbunit.util.QualifiedTableName  - Qualified table names feature is disabled. Returning plain table name
171359 [main] DEBUG org.dbunit.util.QualifiedTableName  - getQualifiedName(prefix=null, name=SCOPEDCONTENT_SCOPEDCONTENTITEM, escapePattern=null) - start
171359 [main] DEBUG org.dbunit.util.QualifiedTableName  - getQualifiedNameIfEnabled(config=org.dbunit.database.DatabaseConfig[, _propertyMap={http://www.dbunit.org/properties/statementFactory=org.dbunit.database.statement.PreparedStatementFactory@626bc2b8, http://www.dbunit.org/features/caseSensitiveTableNames=false, http://www.dbunit.org/properties/fetchSize=100, http://www.dbunit.org/features/batchedStatements=false, http://www.dbunit.org/properties/metadataHandler=org.dbunit.database.DefaultMetadataHandler@62baffef, http://www.dbunit.org/properties/datatypeFactory=org.dbunit.dataset.datatype.DefaultDataTypeFactory[_toleratedDeltaMap=org.dbunit.dataset.datatype.ToleratedDeltaMap@6452310a], http://www.dbunit.org/properties/escapePattern=null, http://www.dbunit.org/properties/batchSize=100, http://www.dbunit.org/features/qualifiedTableNames=false, http://www.dbunit.org/properties/tableType=[Ljava.lang.String;@5011bafa, http://www.dbunit.org/properties/resultSetTableFactory=org.dbunit.database.CachedResultSetTableFactory@10bcf083, http://www.dbunit.org/features/datatypeWarning=true}]) - start
171359 [main] TRACE org.dbunit.database.DatabaseConfig  - getFeature(name=http://www.dbunit.org/features/qualifiedTableNames) - start
171359 [main] TRACE org.dbunit.database.DatabaseConfig  - getProperty(name=http://www.dbunit.org/features/qualifiedTableNames) - start
171359 [main] DEBUG org.dbunit.util.QualifiedTableName  - Qualified table names feature is disabled. Returning plain table name
171359 [main] DEBUG org.dbunit.util.QualifiedTableName  - getQualifiedName(prefix=null, name=SCOPEDCONTENT, escapePattern=null) - start
171359 [main] DEBUG org.dbunit.database.search.AbstractMetaDataBasedSearchCallback  - newEdge(rs=org.apache.commons.dbcp.DelegatingResultSet@7a2dabe8, type=0, from=SCOPEDCONTENT_SCOPEDCONTENTITEM, to=SCOPEDCONTENT, fkColumn=SCOPED_CONTENT_ITEM_ID, pkColumn=ID) - start
171359 [main] DEBUG org.dbunit.database.search.AbstractMetaDataBasedSearchCallback  - createFKEdge(rs=org.apache.commons.dbcp.DelegatingResultSet@7a2dabe8, type=0, from=SCOPEDCONTENT_SCOPEDCONTENTITEM, to=SCOPEDCONTENT, fkColumn=SCOPED_CONTENT_ITEM_ID, pkColumn=ID) - start
171359 [main] DEBUG org.dbunit.database.search.AbstractMetaDataBasedSearchCallback  - Adding edge SCOPEDCONTENT_SCOPEDCONTENTITEM(SCOPED_CONTENT_ITEM_ID)->SCOPEDCONTENT(ID)
171359 [main] DEBUG org.dbunit.util.search.Edge  - compareTo(o=SCOPEDCONTENT_SCOPEDCONTENTITEM(SCOPED_CONTENT_ITEM_ID)->SCOPEDCONTENT(ID)) - start
171359 [main] DEBUG org.dbunit.util.QualifiedTableName  - getQualifiedNameIfEnabled(config=org.dbunit.database.DatabaseConfig[, _propertyMap={http://www.dbunit.org/properties/statementFactory=org.dbunit.database.statement.PreparedStatementFactory@626bc2b8, http://www.dbunit.org/features/caseSensitiveTableNames=false, http://www.dbunit.org/properties/fetchSize=100, http://www.dbunit.org/features/batchedStatements=false, http://www.dbunit.org/properties/metadataHandler=org.dbunit.database.DefaultMetadataHandler@62baffef, http://www.dbunit.org/properties/datatypeFactory=org.dbunit.dataset.datatype.DefaultDataTypeFactory[_toleratedDeltaMap=org.dbunit.dataset.datatype.ToleratedDeltaMap@6452310a], http://www.dbunit.org/properties/escapePattern=null, http://www.dbunit.org/properties/batchSize=100, http://www.dbunit.org/features/qualifiedTableNames=false, http://www.dbunit.org/properties/tableType=[Ljava.lang.String;@5011bafa, http://www.dbunit.org/properties/resultSetTableFactory=org.dbunit.database.CachedResultSetTableFactory@10bcf083, http://www.dbunit.org/features/datatypeWarning=true}]) - start
171359 [main] TRACE org.dbunit.database.DatabaseConfig  - getFeature(name=http://www.dbunit.org/features/qualifiedTableNames) - start
171359 [main] TRACE org.dbunit.database.DatabaseConfig  - getProperty(name=http://www.dbunit.org/features/qualifiedTableNames) - start
171359 [main] DEBUG org.dbunit.util.QualifiedTableName  - Qualified table names feature is disabled. Returning plain table name
171359 [main] DEBUG org.dbunit.util.QualifiedTableName  - getQualifiedName(prefix=null, name=SCOPEDCONTENT_SCOPEDCONTENTITEM, escapePattern=null) - start
171359 [main] DEBUG org.dbunit.util.QualifiedTableName  - getQualifiedNameIfEnabled(config=org.dbunit.database.DatabaseConfig[, _propertyMap={http://www.dbunit.org/properties/statementFactory=org.dbunit.database.statement.PreparedStatementFactory@626bc2b8, http://www.dbunit.org/features/caseSensitiveTableNames=false, http://www.dbunit.org/properties/fetchSize=100, http://www.dbunit.org/features/batchedStatements=false, http://www.dbunit.org/properties/metadataHandler=org.dbunit.database.DefaultMetadataHandler@62baffef, http://www.dbunit.org/properties/datatypeFactory=org.dbunit.dataset.datatype.DefaultDataTypeFactory[_toleratedDeltaMap=org.dbunit.dataset.datatype.ToleratedDeltaMap@6452310a], http://www.dbunit.org/properties/escapePattern=null, http://www.dbunit.org/properties/batchSize=100, http://www.dbunit.org/features/qualifiedTableNames=false, http://www.dbunit.org/properties/tableType=[Ljava.lang.String;@5011bafa, http://www.dbunit.org/properties/resultSetTableFactory=org.dbunit.database.CachedResultSetTableFactory@10bcf083, http://www.dbunit.org/features/datatypeWarning=true}]) - start
171359 [main] TRACE org.dbunit.database.DatabaseConfig  - getFeature(name=http://www.dbunit.org/features/qualifiedTableNames) - start
171359 [main] TRACE org.dbunit.database.DatabaseConfig  - getProperty(name=http://www.dbunit.org/features/qualifiedTableNames) - start
171359 [main] DEBUG org.dbunit.util.QualifiedTableName  - Qualified table names feature is disabled. Returning plain table name
171359 [main] DEBUG org.dbunit.util.QualifiedTableName  - getQualifiedName(prefix=null, name=SCOPEDCONTENTITEM, escapePattern=null) - start
171359 [main] DEBUG org.dbunit.database.search.AbstractMetaDataBasedSearchCallback  - newEdge(rs=org.apache.commons.dbcp.DelegatingResultSet@7a2dabe8, type=0, from=SCOPEDCONTENT_SCOPEDCONTENTITEM, to=SCOPEDCONTENTITEM, fkColumn=SCOPED_CONTENT_ID, pkColumn=ID) - start
171359 [main] DEBUG org.dbunit.database.search.AbstractMetaDataBasedSearchCallback  - createFKEdge(rs=org.apache.commons.dbcp.DelegatingResultSet@7a2dabe8, type=0, from=SCOPEDCONTENT_SCOPEDCONTENTITEM, to=SCOPEDCONTENTITEM, fkColumn=SCOPED_CONTENT_ID, pkColumn=ID) - start
171360 [main] DEBUG org.dbunit.database.search.AbstractMetaDataBasedSearchCallback  - Adding edge SCOPEDCONTENT_SCOPEDCONTENTITEM(SCOPED_CONTENT_ID)->SCOPEDCONTENTITEM(ID)
171360 [main] DEBUG org.dbunit.util.search.Edge  - compareTo(o=SCOPEDCONTENT_SCOPEDCONTENTITEM(SCOPED_CONTENT_ITEM_ID)->SCOPEDCONTENT(ID)) - start
171360 [main] DEBUG org.dbunit.util.SQLHelper  - close(resultSet=org.apache.commons.dbcp.DelegatingResultSet@7a2dabe8) - start
171360 [main] DEBUG org.dbunit.util.search.DepthFirstSearch  - search:SCOPEDCONTENT
171360 [main] DEBUG org.dbunit.database.search.ImportedKeysSearchCallback  - searchNode(node=SCOPEDCONTENT) - start
171360 [main] DEBUG org.dbunit.util.search.DepthFirstSearch  - Pushing SCOPEDCONTENT
171360 [main] DEBUG org.dbunit.database.search.ImportedKeysSearchCallback  - getEdges(node=SCOPEDCONTENT) - start
171360 [main] DEBUG org.dbunit.database.search.AbstractMetaDataBasedSearchCallback  - getNodesFromImportedKeys(node=SCOPEDCONTENT) - start
171360 [main] DEBUG org.dbunit.database.search.AbstractMetaDataBasedSearchCallback  - getNodes(type=0, node=SCOPEDCONTENT) - start
171360 [main] DEBUG org.dbunit.database.DatabaseDataSourceConnection  - getConnection() - start
171360 [main] DEBUG org.dbunit.database.search.AbstractMetaDataBasedSearchCallback  - getNodes(type=0, node=SCOPEDCONTENT, conn=Transaction-aware proxy for target Connection [jdbc:hsqldb:mem:kontrollDS, UserName=sw, HSQL Database Engine Driver], schema=null, metaData=org.apache.commons.dbcp.DelegatingDatabaseMetaData@4c714b02, edges=[]) - start
171360 [main] DEBUG org.dbunit.database.search.AbstractMetaDataBasedSearchCallback  - Getting edges for node SCOPEDCONTENT
171360 [main] TRACE org.dbunit.database.DatabaseConfig  - getProperty(name=http://www.dbunit.org/properties/metadataHandler) - start
171360 [main] TRACE org.dbunit.database.DefaultMetadataHandler  - tableExists(metaData=org.apache.commons.dbcp.DelegatingDatabaseMetaData@4c714b02, schemaName=null, tableName=SCOPEDCONTENT) - start
171361 [main] DEBUG org.dbunit.util.SQLHelper  - close(resultSet=org.apache.commons.dbcp.DelegatingResultSet@7f602ade) - start
171361 [main] DEBUG org.dbunit.util.QualifiedTableName  - getQualifiedNameIfEnabled(config=org.dbunit.database.DatabaseConfig[, _propertyMap={http://www.dbunit.org/properties/statementFactory=org.dbunit.database.statement.PreparedStatementFactory@626bc2b8, http://www.dbunit.org/features/caseSensitiveTableNames=false, http://www.dbunit.org/properties/fetchSize=100, http://www.dbunit.org/features/batchedStatements=false, http://www.dbunit.org/properties/metadataHandler=org.dbunit.database.DefaultMetadataHandler@62baffef, http://www.dbunit.org/properties/datatypeFactory=org.dbunit.dataset.datatype.DefaultDataTypeFactory[_toleratedDeltaMap=org.dbunit.dataset.datatype.ToleratedDeltaMap@6452310a], http://www.dbunit.org/properties/escapePattern=null, http://www.dbunit.org/properties/batchSize=100, http://www.dbunit.org/features/qualifiedTableNames=false, http://www.dbunit.org/properties/tableType=[Ljava.lang.String;@5011bafa, http://www.dbunit.org/properties/resultSetTableFactory=org.dbunit.database.CachedResultSetTableFactory@10bcf083, http://www.dbunit.org/features/datatypeWarning=true}]) - start
171361 [main] TRACE org.dbunit.database.DatabaseConfig  - getFeature(name=http://www.dbunit.org/features/qualifiedTableNames) - start
171361 [main] TRACE org.dbunit.database.DatabaseConfig  - getProperty(name=http://www.dbunit.org/features/qualifiedTableNames) - start
171361 [main] DEBUG org.dbunit.util.QualifiedTableName  - Qualified table names feature is disabled. Returning plain table name
171361 [main] DEBUG org.dbunit.util.QualifiedTableName  - getQualifiedName(prefix=null, name=SCOPEDCONTENT, escapePattern=null) - start
171361 [main] DEBUG org.dbunit.util.QualifiedTableName  - getQualifiedNameIfEnabled(config=org.dbunit.database.DatabaseConfig[, _propertyMap={http://www.dbunit.org/properties/statementFactory=org.dbunit.database.statement.PreparedStatementFactory@626bc2b8, http://www.dbunit.org/features/caseSensitiveTableNames=false, http://www.dbunit.org/properties/fetchSize=100, http://www.dbunit.org/features/batchedStatements=false, http://www.dbunit.org/properties/metadataHandler=org.dbunit.database.DefaultMetadataHandler@62baffef, http://www.dbunit.org/properties/datatypeFactory=org.dbunit.dataset.datatype.DefaultDataTypeFactory[_toleratedDeltaMap=org.dbunit.dataset.datatype.ToleratedDeltaMap@6452310a], http://www.dbunit.org/properties/escapePattern=null, http://www.dbunit.org/properties/batchSize=100, http://www.dbunit.org/features/qualifiedTableNames=false, http://www.dbunit.org/properties/tableType=[Ljava.lang.String;@5011bafa, http://www.dbunit.org/properties/resultSetTableFactory=org.dbunit.database.CachedResultSetTableFactory@10bcf083, http://www.dbunit.org/features/datatypeWarning=true}]) - start
171362 [main] TRACE org.dbunit.database.DatabaseConfig  - getFeature(name=http://www.dbunit.org/features/qualifiedTableNames) - start
171362 [main] TRACE org.dbunit.database.DatabaseConfig  - getProperty(name=http://www.dbunit.org/features/qualifiedTableNames) - start
171362 [main] DEBUG org.dbunit.util.QualifiedTableName  - Qualified table names feature is disabled. Returning plain table name
171362 [main] DEBUG org.dbunit.util.QualifiedTableName  - getQualifiedName(prefix=null, name=SCOPE, escapePattern=null) - start
171362 [main] DEBUG org.dbunit.database.search.AbstractMetaDataBasedSearchCallback  - newEdge(rs=org.apache.commons.dbcp.DelegatingResultSet@7993dbc8, type=0, from=SCOPEDCONTENT, to=SCOPE, fkColumn=SCOPE, pkColumn=ID) - start
171362 [main] DEBUG org.dbunit.database.search.AbstractMetaDataBasedSearchCallback  - createFKEdge(rs=org.apache.commons.dbcp.DelegatingResultSet@7993dbc8, type=0, from=SCOPEDCONTENT, to=SCOPE, fkColumn=SCOPE, pkColumn=ID) - start
171362 [main] DEBUG org.dbunit.database.search.AbstractMetaDataBasedSearchCallback  - Adding edge SCOPEDCONTENT(SCOPE)->SCOPE(ID)
171362 [main] DEBUG org.dbunit.util.search.Edge  - compareTo(o=SCOPEDCONTENT(SCOPE)->SCOPE(ID)) - start
171362 [main] DEBUG org.dbunit.util.SQLHelper  - close(resultSet=org.apache.commons.dbcp.DelegatingResultSet@7993dbc8) - start
171362 [main] DEBUG org.dbunit.util.search.DepthFirstSearch  - search:SCOPE
171362 [main] DEBUG org.dbunit.database.search.ImportedKeysSearchCallback  - searchNode(node=SCOPE) - start
171362 [main] DEBUG org.dbunit.util.search.DepthFirstSearch  - Pushing SCOPE
171362 [main] DEBUG org.dbunit.database.search.ImportedKeysSearchCallback  - getEdges(node=SCOPE) - start
171362 [main] DEBUG org.dbunit.database.search.AbstractMetaDataBasedSearchCallback  - getNodesFromImportedKeys(node=SCOPE) - start
171362 [main] DEBUG org.dbunit.database.search.AbstractMetaDataBasedSearchCallback  - getNodes(type=0, node=SCOPE) - start
171362 [main] DEBUG org.dbunit.database.DatabaseDataSourceConnection  - getConnection() - start
171362 [main] DEBUG org.dbunit.database.search.AbstractMetaDataBasedSearchCallback  - getNodes(type=0, node=SCOPE, conn=Transaction-aware proxy for target Connection [jdbc:hsqldb:mem:kontrollDS, UserName=sw, HSQL Database Engine Driver], schema=null, metaData=org.apache.commons.dbcp.DelegatingDatabaseMetaData@5a4265d3, edges=[]) - start
171362 [main] DEBUG org.dbunit.database.search.AbstractMetaDataBasedSearchCallback  - Getting edges for node SCOPE
171362 [main] TRACE org.dbunit.database.DatabaseConfig  - getProperty(name=http://www.dbunit.org/properties/metadataHandler) - start
171362 [main] TRACE org.dbunit.database.DefaultMetadataHandler  - tableExists(metaData=org.apache.commons.dbcp.DelegatingDatabaseMetaData@5a4265d3, schemaName=null, tableName=SCOPE) - start
171363 [main] DEBUG org.dbunit.util.SQLHelper  - close(resultSet=org.apache.commons.dbcp.DelegatingResultSet@5dd506ef) - start
171363 [main] DEBUG org.dbunit.util.SQLHelper  - close(resultSet=org.apache.commons.dbcp.DelegatingResultSet@613f5939) - start
171363 [main] DEBUG org.dbunit.util.search.DepthFirstSearch  - Adding node SCOPE to the final result
171363 [main] DEBUG org.dbunit.util.search.DepthFirstSearch  - Adding node SCOPEDCONTENT to the final result
171364 [main] DEBUG org.dbunit.util.search.DepthFirstSearch  - search:SCOPEDCONTENTITEM
171364 [main] DEBUG org.dbunit.database.search.ImportedKeysSearchCallback  - searchNode(node=SCOPEDCONTENTITEM) - start
171364 [main] DEBUG org.dbunit.util.search.DepthFirstSearch  - Pushing SCOPEDCONTENTITEM
171364 [main] DEBUG org.dbunit.database.search.ImportedKeysSearchCallback  - getEdges(node=SCOPEDCONTENTITEM) - start
171364 [main] DEBUG org.dbunit.database.search.AbstractMetaDataBasedSearchCallback  - getNodesFromImportedKeys(node=SCOPEDCONTENTITEM) - start
171364 [main] DEBUG org.dbunit.database.search.AbstractMetaDataBasedSearchCallback  - getNodes(type=0, node=SCOPEDCONTENTITEM) - start
171364 [main] DEBUG org.dbunit.database.DatabaseDataSourceConnection  - getConnection() - start
171364 [main] DEBUG org.dbunit.database.search.AbstractMetaDataBasedSearchCallback  - getNodes(type=0, node=SCOPEDCONTENTITEM, conn=Transaction-aware proxy for target Connection [jdbc:hsqldb:mem:kontrollDS, UserName=sw, HSQL Database Engine Driver], schema=null, metaData=org.apache.commons.dbcp.DelegatingDatabaseMetaData@5fadf10, edges=[]) - start
171364 [main] DEBUG org.dbunit.database.search.AbstractMetaDataBasedSearchCallback  - Getting edges for node SCOPEDCONTENTITEM
171364 [main] TRACE org.dbunit.database.DatabaseConfig  - getProperty(name=http://www.dbunit.org/properties/metadataHandler) - start
171364 [main] TRACE org.dbunit.database.DefaultMetadataHandler  - tableExists(metaData=org.apache.commons.dbcp.DelegatingDatabaseMetaData@5fadf10, schemaName=null, tableName=SCOPEDCONTENTITEM) - start
171365 [main] DEBUG org.dbunit.util.SQLHelper  - close(resultSet=org.apache.commons.dbcp.DelegatingResultSet@6fdefc1f) - start
171365 [main] DEBUG org.dbunit.util.SQLHelper  - close(resultSet=org.apache.commons.dbcp.DelegatingResultSet@16ab7b04) - start
171365 [main] DEBUG org.dbunit.util.search.DepthFirstSearch  - Adding node SCOPEDCONTENTITEM to the final result
171365 [main] DEBUG org.dbunit.util.search.DepthFirstSearch  - Adding node SCOPEDCONTENT_SCOPEDCONTENTITEM to the final result
171365 [main] DEBUG org.dbunit.util.search.DepthFirstSearch  - reverseSearch:SCOPEDCONTENT
171365 [main] DEBUG org.dbunit.database.search.ImportedKeysSearchCallback  - searchNode(node=SCOPEDCONTENT) - start
171365 [main] DEBUG org.dbunit.util.search.DepthFirstSearch  - Pushing (reverse) SCOPEDCONTENT
171365 [main] DEBUG org.dbunit.database.search.ImportedKeysSearchCallback  - getEdges(node=SCOPEDCONTENT) - start
171365 [main] DEBUG org.dbunit.database.search.AbstractMetaDataBasedSearchCallback  - getNodesFromImportedKeys(node=SCOPEDCONTENT) - start
171365 [main] DEBUG org.dbunit.database.search.AbstractMetaDataBasedSearchCallback  - getNodes(type=0, node=SCOPEDCONTENT) - start
171365 [main] DEBUG org.dbunit.database.DatabaseDataSourceConnection  - getConnection() - start
171365 [main] DEBUG org.dbunit.database.search.AbstractMetaDataBasedSearchCallback  - getNodes(type=0, node=SCOPEDCONTENT, conn=Transaction-aware proxy for target Connection [jdbc:hsqldb:mem:kontrollDS, UserName=sw, HSQL Database Engine Driver], schema=null, metaData=org.apache.commons.dbcp.DelegatingDatabaseMetaData@54194f3c, edges=[]) - start
171365 [main] DEBUG org.dbunit.database.search.AbstractMetaDataBasedSearchCallback  - Getting edges for node SCOPEDCONTENT
171366 [main] TRACE org.dbunit.database.DatabaseConfig  - getProperty(name=http://www.dbunit.org/properties/metadataHandler) - start
171366 [main] TRACE org.dbunit.database.DefaultMetadataHandler  - tableExists(metaData=org.apache.commons.dbcp.DelegatingDatabaseMetaData@54194f3c, schemaName=null, tableName=SCOPEDCONTENT) - start
171367 [main] DEBUG org.dbunit.util.SQLHelper  - close(resultSet=org.apache.commons.dbcp.DelegatingResultSet@6eff1a6d) - start
171367 [main] DEBUG org.dbunit.util.QualifiedTableName  - getQualifiedNameIfEnabled(config=org.dbunit.database.DatabaseConfig[, _propertyMap={http://www.dbunit.org/properties/statementFactory=org.dbunit.database.statement.PreparedStatementFactory@626bc2b8, http://www.dbunit.org/features/caseSensitiveTableNames=false, http://www.dbunit.org/properties/fetchSize=100, http://www.dbunit.org/features/batchedStatements=false, http://www.dbunit.org/properties/metadataHandler=org.dbunit.database.DefaultMetadataHandler@62baffef, http://www.dbunit.org/properties/datatypeFactory=org.dbunit.dataset.datatype.DefaultDataTypeFactory[_toleratedDeltaMap=org.dbunit.dataset.datatype.ToleratedDeltaMap@6452310a], http://www.dbunit.org/properties/escapePattern=null, http://www.dbunit.org/properties/batchSize=100, http://www.dbunit.org/features/qualifiedTableNames=false, http://www.dbunit.org/properties/tableType=[Ljava.lang.String;@5011bafa, http://www.dbunit.org/properties/resultSetTableFactory=org.dbunit.database.CachedResultSetTableFactory@10bcf083, http://www.dbunit.org/features/datatypeWarning=true}]) - start
171367 [main] TRACE org.dbunit.database.DatabaseConfig  - getFeature(name=http://www.dbunit.org/features/qualifiedTableNames) - start
171367 [main] TRACE org.dbunit.database.DatabaseConfig  - getProperty(name=http://www.dbunit.org/features/qualifiedTableNames) - start
171367 [main] DEBUG org.dbunit.util.QualifiedTableName  - Qualified table names feature is disabled. Returning plain table name
171367 [main] DEBUG org.dbunit.util.QualifiedTableName  - getQualifiedName(prefix=null, name=SCOPEDCONTENT, escapePattern=null) - start
171367 [main] DEBUG org.dbunit.util.QualifiedTableName  - getQualifiedNameIfEnabled(config=org.dbunit.database.DatabaseConfig[, _propertyMap={http://www.dbunit.org/properties/statementFactory=org.dbunit.database.statement.PreparedStatementFactory@626bc2b8, http://www.dbunit.org/features/caseSensitiveTableNames=false, http://www.dbunit.org/properties/fetchSize=100, http://www.dbunit.org/features/batchedStatements=false, http://www.dbunit.org/properties/metadataHandler=org.dbunit.database.DefaultMetadataHandler@62baffef, http://www.dbunit.org/properties/datatypeFactory=org.dbunit.dataset.datatype.DefaultDataTypeFactory[_toleratedDeltaMap=org.dbunit.dataset.datatype.ToleratedDeltaMap@6452310a], http://www.dbunit.org/properties/escapePattern=null, http://www.dbunit.org/properties/batchSize=100, http://www.dbunit.org/features/qualifiedTableNames=false, http://www.dbunit.org/properties/tableType=[Ljava.lang.String;@5011bafa, http://www.dbunit.org/properties/resultSetTableFactory=org.dbunit.database.CachedResultSetTableFactory@10bcf083, http://www.dbunit.org/features/datatypeWarning=true}]) - start
171367 [main] TRACE org.dbunit.database.DatabaseConfig  - getFeature(name=http://www.dbunit.org/features/qualifiedTableNames) - start
171367 [main] TRACE org.dbunit.database.DatabaseConfig  - getProperty(name=http://www.dbunit.org/features/qualifiedTableNames) - start
171367 [main] DEBUG org.dbunit.util.QualifiedTableName  - Qualified table names feature is disabled. Returning plain table name
171367 [main] DEBUG org.dbunit.util.QualifiedTableName  - getQualifiedName(prefix=null, name=SCOPE, escapePattern=null) - start
171367 [main] DEBUG org.dbunit.database.search.AbstractMetaDataBasedSearchCallback  - newEdge(rs=org.apache.commons.dbcp.DelegatingResultSet@3fdc3b87, type=0, from=SCOPEDCONTENT, to=SCOPE, fkColumn=SCOPE, pkColumn=ID) - start
171367 [main] DEBUG org.dbunit.database.search.AbstractMetaDataBasedSearchCallback  - createFKEdge(rs=org.apache.commons.dbcp.DelegatingResultSet@3fdc3b87, type=0, from=SCOPEDCONTENT, to=SCOPE, fkColumn=SCOPE, pkColumn=ID) - start
171367 [main] DEBUG org.dbunit.database.search.AbstractMetaDataBasedSearchCallback  - Adding edge SCOPEDCONTENT(SCOPE)->SCOPE(ID)
171367 [main] DEBUG org.dbunit.util.search.Edge  - compareTo(o=SCOPEDCONTENT(SCOPE)->SCOPE(ID)) - start
171367 [main] DEBUG org.dbunit.util.SQLHelper  - close(resultSet=org.apache.commons.dbcp.DelegatingResultSet@3fdc3b87) - start
171367 [main] DEBUG org.dbunit.util.search.DepthFirstSearch  - reverseSearch:SCOPEDCONTENTITEM
171367 [main] DEBUG org.dbunit.database.search.ImportedKeysSearchCallback  - searchNode(node=SCOPEDCONTENTITEM) - start
171367 [main] DEBUG org.dbunit.util.search.DepthFirstSearch  - Pushing (reverse) SCOPEDCONTENTITEM
171367 [main] DEBUG org.dbunit.database.search.ImportedKeysSearchCallback  - getEdges(node=SCOPEDCONTENTITEM) - start
171367 [main] DEBUG org.dbunit.database.search.AbstractMetaDataBasedSearchCallback  - getNodesFromImportedKeys(node=SCOPEDCONTENTITEM) - start
171367 [main] DEBUG org.dbunit.database.search.AbstractMetaDataBasedSearchCallback  - getNodes(type=0, node=SCOPEDCONTENTITEM) - start
171368 [main] DEBUG org.dbunit.database.DatabaseDataSourceConnection  - getConnection() - start
171368 [main] DEBUG org.dbunit.database.search.AbstractMetaDataBasedSearchCallback  - getNodes(type=0, node=SCOPEDCONTENTITEM, conn=Transaction-aware proxy for target Connection [jdbc:hsqldb:mem:kontrollDS, UserName=sw, HSQL Database Engine Driver], schema=null, metaData=org.apache.commons.dbcp.DelegatingDatabaseMetaData@13c83cd2, edges=[]) - start
171368 [main] DEBUG org.dbunit.database.search.AbstractMetaDataBasedSearchCallback  - Getting edges for node SCOPEDCONTENTITEM
171368 [main] TRACE org.dbunit.database.DatabaseConfig  - getProperty(name=http://www.dbunit.org/properties/metadataHandler) - start
171368 [main] TRACE org.dbunit.database.DefaultMetadataHandler  - tableExists(metaData=org.apache.commons.dbcp.DelegatingDatabaseMetaData@13c83cd2, schemaName=null, tableName=SCOPEDCONTENTITEM) - start
171369 [main] DEBUG org.dbunit.util.SQLHelper  - close(resultSet=org.apache.commons.dbcp.DelegatingResultSet@776ef92d) - start
171369 [main] DEBUG org.dbunit.util.SQLHelper  - close(resultSet=org.apache.commons.dbcp.DelegatingResultSet@3f40890a) - start
171369 [main] DEBUG org.dbunit.util.search.DepthFirstSearch  - reverseSearch:SCOPEDCONTENT_SCOPEDCONTENTITEM
171369 [main] DEBUG org.dbunit.util.search.DepthFirstSearch  - already searched; returning true
171369 [main] DEBUG org.dbunit.util.search.DepthFirstSearch  - reverseSearch:SCOPE
171369 [main] DEBUG org.dbunit.database.search.ImportedKeysSearchCallback  - searchNode(node=SCOPE) - start
171369 [main] DEBUG org.dbunit.util.search.DepthFirstSearch  - Pushing (reverse) SCOPE
171369 [main] DEBUG org.dbunit.database.search.ImportedKeysSearchCallback  - getEdges(node=SCOPE) - start
171369 [main] DEBUG org.dbunit.database.search.AbstractMetaDataBasedSearchCallback  - getNodesFromImportedKeys(node=SCOPE) - start
171369 [main] DEBUG org.dbunit.database.search.AbstractMetaDataBasedSearchCallback  - getNodes(type=0, node=SCOPE) - start
171369 [main] DEBUG org.dbunit.database.DatabaseDataSourceConnection  - getConnection() - start
171369 [main] DEBUG org.dbunit.database.search.AbstractMetaDataBasedSearchCallback  - getNodes(type=0, node=SCOPE, conn=Transaction-aware proxy for target Connection [jdbc:hsqldb:mem:kontrollDS, UserName=sw, HSQL Database Engine Driver], schema=null, metaData=org.apache.commons.dbcp.DelegatingDatabaseMetaData@25e50ff7, edges=[]) - start
171369 [main] DEBUG org.dbunit.database.search.AbstractMetaDataBasedSearchCallback  - Getting edges for node SCOPE
171369 [main] TRACE org.dbunit.database.DatabaseConfig  - getProperty(name=http://www.dbunit.org/properties/metadataHandler) - start
171369 [main] TRACE org.dbunit.database.DefaultMetadataHandler  - tableExists(metaData=org.apache.commons.dbcp.DelegatingDatabaseMetaData@25e50ff7, schemaName=null, tableName=SCOPE) - start
171370 [main] DEBUG org.dbunit.util.SQLHelper  - close(resultSet=org.apache.commons.dbcp.DelegatingResultSet@5fb80bef) - start
171371 [main] DEBUG org.dbunit.util.SQLHelper  - close(resultSet=org.apache.commons.dbcp.DelegatingResultSet@45589744) - start
171371 [main] DEBUG org.dbunit.util.search.DepthFirstSearch  - search:SCOPEDCONTENT_SCOPEDCONTENTITEM
171371 [main] DEBUG org.dbunit.util.search.DepthFirstSearch  - already searched; returning true
171371 [main] DEBUG org.dbunit.util.search.DepthFirstSearch  - search:SCOPEDCONTENT
171371 [main] DEBUG org.dbunit.util.search.DepthFirstSearch  - already searched; returning true
171371 [main] DEBUG org.dbunit.util.search.DepthFirstSearch  - search:SCOPEDCONTENTITEM
171371 [main] DEBUG org.dbunit.util.search.DepthFirstSearch  - already searched; returning true
171371 [main] DEBUG org.dbunit.util.search.DepthFirstSearch  - search:SCOPE
171371 [main] DEBUG org.dbunit.util.search.DepthFirstSearch  - already searched; returning true
171371 [main] DEBUG org.dbunit.util.CollectionsHelper  - setToStrings(set=[SCOPE, SCOPEDCONTENT, SCOPEDCONTENTITEM, SCOPEDCONTENT_SCOPEDCONTENTITEM]) - start
171371 [main] DEBUG org.dbunit.database.search.TablesDependencyHelper  - getDependsOnTables(connection=_databaseConfig=org.dbunit.database.DatabaseConfig[, _propertyMap={http://www.dbunit.org/properties/statementFactory=org.dbunit.database.statement.PreparedStatementFactory@626bc2b8, http://www.dbunit.org/features/caseSensitiveTableNames=false, http://www.dbunit.org/properties/fetchSize=100, http://www.dbunit.org/features/batchedStatements=false, http://www.dbunit.org/properties/metadataHandler=org.dbunit.database.DefaultMetadataHandler@62baffef, http://www.dbunit.org/properties/datatypeFactory=org.dbunit.dataset.datatype.DefaultDataTypeFactory[_toleratedDeltaMap=org.dbunit.dataset.datatype.ToleratedDeltaMap@6452310a], http://www.dbunit.org/properties/escapePattern=null, http://www.dbunit.org/properties/batchSize=100, http://www.dbunit.org/features/qualifiedTableNames=false, http://www.dbunit.org/properties/tableType=[Ljava.lang.String;@5011bafa, http://www.dbunit.org/properties/resultSetTableFactory=org.dbunit.database.CachedResultSetTableFactory@10bcf083, http://www.dbunit.org/features/datatypeWarning=true}], _dataSet=AbstractDataSet[_orderedTableNameMap=null], rootTable=SCOPEDCONTENT_SCOPEDCONTENTITEM) - start
171372 [main] DEBUG org.dbunit.util.search.DepthFirstSearch  - search(nodesFrom=[SCOPEDCONTENT_SCOPEDCONTENTITEM], callback=org.dbunit.database.search.ExportedKeysSearchCallback@16a2f1f8) - start
171372 [main] DEBUG org.dbunit.util.CollectionsHelper  - objectsToSet(objects=SCOPEDCONTENT_SCOPEDCONTENTITEM) - start
171372 [main] DEBUG org.dbunit.util.search.DepthFirstSearch  - search(nodesFrom=[SCOPEDCONTENT_SCOPEDCONTENTITEM], callback=org.dbunit.database.search.ExportedKeysSearchCallback@16a2f1f8) - start
171372 [main] DEBUG org.dbunit.util.search.DepthFirstSearch  - reverseSearch:SCOPEDCONTENT_SCOPEDCONTENTITEM
171372 [main] DEBUG org.dbunit.database.search.ExportedKeysSearchCallback  - searchNode(node=SCOPEDCONTENT_SCOPEDCONTENTITEM) - start
171372 [main] DEBUG org.dbunit.util.search.DepthFirstSearch  - Pushing (reverse) SCOPEDCONTENT_SCOPEDCONTENTITEM
171372 [main] DEBUG org.dbunit.database.search.ExportedKeysSearchCallback  - getEdges(node=SCOPEDCONTENT_SCOPEDCONTENTITEM) - start
171372 [main] DEBUG org.dbunit.database.search.AbstractMetaDataBasedSearchCallback  - getNodesFromExportedKeys(node=SCOPEDCONTENT_SCOPEDCONTENTITEM) - start
171372 [main] DEBUG org.dbunit.database.search.AbstractMetaDataBasedSearchCallback  - getNodes(type=1, node=SCOPEDCONTENT_SCOPEDCONTENTITEM) - start
171372 [main] DEBUG org.dbunit.database.DatabaseDataSourceConnection  - getConnection() - start
171372 [main] DEBUG org.dbunit.database.search.AbstractMetaDataBasedSearchCallback  - getNodes(type=1, node=SCOPEDCONTENT_SCOPEDCONTENTITEM, conn=Transaction-aware proxy for target Connection [jdbc:hsqldb:mem:kontrollDS, UserName=sw, HSQL Database Engine Driver], schema=null, metaData=org.apache.commons.dbcp.DelegatingDatabaseMetaData@23bbdc64, edges=[]) - start
171372 [main] DEBUG org.dbunit.database.search.AbstractMetaDataBasedSearchCallback  - Getting edges for node SCOPEDCONTENT_SCOPEDCONTENTITEM
171372 [main] TRACE org.dbunit.database.DatabaseConfig  - getProperty(name=http://www.dbunit.org/properties/metadataHandler) - start
171372 [main] TRACE org.dbunit.database.DefaultMetadataHandler  - tableExists(metaData=org.apache.commons.dbcp.DelegatingDatabaseMetaData@23bbdc64, schemaName=null, tableName=SCOPEDCONTENT_SCOPEDCONTENTITEM) - start
171373 [main] DEBUG org.dbunit.util.SQLHelper  - close(resultSet=org.apache.commons.dbcp.DelegatingResultSet@34146c39) - start
171373 [main] DEBUG org.dbunit.util.SQLHelper  - close(resultSet=org.apache.commons.dbcp.DelegatingResultSet@363e8350) - start
171373 [main] DEBUG org.dbunit.util.search.DepthFirstSearch  - search:SCOPEDCONTENT_SCOPEDCONTENTITEM
171373 [main] DEBUG org.dbunit.database.search.ExportedKeysSearchCallback  - searchNode(node=SCOPEDCONTENT_SCOPEDCONTENTITEM) - start
171373 [main] DEBUG org.dbunit.util.search.DepthFirstSearch  - Pushing SCOPEDCONTENT_SCOPEDCONTENTITEM
171373 [main] DEBUG org.dbunit.database.search.ExportedKeysSearchCallback  - getEdges(node=SCOPEDCONTENT_SCOPEDCONTENTITEM) - start
171373 [main] DEBUG org.dbunit.database.search.AbstractMetaDataBasedSearchCallback  - getNodesFromExportedKeys(node=SCOPEDCONTENT_SCOPEDCONTENTITEM) - start
171373 [main] DEBUG org.dbunit.database.search.AbstractMetaDataBasedSearchCallback  - getNodes(type=1, node=SCOPEDCONTENT_SCOPEDCONTENTITEM) - start
171373 [main] DEBUG org.dbunit.database.DatabaseDataSourceConnection  - getConnection() - start
171373 [main] DEBUG org.dbunit.database.search.AbstractMetaDataBasedSearchCallback  - getNodes(type=1, node=SCOPEDCONTENT_SCOPEDCONTENTITEM, conn=Transaction-aware proxy for target Connection [jdbc:hsqldb:mem:kontrollDS, UserName=sw, HSQL Database Engine Driver], schema=null, metaData=org.apache.commons.dbcp.DelegatingDatabaseMetaData@421f1502, edges=[]) - start
171374 [main] DEBUG org.dbunit.database.search.AbstractMetaDataBasedSearchCallback  - Getting edges for node SCOPEDCONTENT_SCOPEDCONTENTITEM
171374 [main] TRACE org.dbunit.database.DatabaseConfig  - getProperty(name=http://www.dbunit.org/properties/metadataHandler) - start
171374 [main] TRACE org.dbunit.database.DefaultMetadataHandler  - tableExists(metaData=org.apache.commons.dbcp.DelegatingDatabaseMetaData@421f1502, schemaName=null, tableName=SCOPEDCONTENT_SCOPEDCONTENTITEM) - start
171375 [main] DEBUG org.dbunit.util.SQLHelper  - close(resultSet=org.apache.commons.dbcp.DelegatingResultSet@263c7ec) - start
171375 [main] DEBUG org.dbunit.util.SQLHelper  - close(resultSet=org.apache.commons.dbcp.DelegatingResultSet@3ad32615) - start
171375 [main] DEBUG org.dbunit.util.search.DepthFirstSearch  - Adding node SCOPEDCONTENT_SCOPEDCONTENTITEM to the final result
171375 [main] DEBUG org.dbunit.util.CollectionsHelper  - setToStrings(set=[SCOPEDCONTENT_SCOPEDCONTENTITEM]) - start
171375 [main] DEBUG org.dbunit.database.search.TablesDependencyHelper  - getDirectDependsOnTables(connection=_databaseConfig=org.dbunit.database.DatabaseConfig[, _propertyMap={http://www.dbunit.org/properties/statementFactory=org.dbunit.database.statement.PreparedStatementFactory@626bc2b8, http://www.dbunit.org/features/caseSensitiveTableNames=false, http://www.dbunit.org/properties/fetchSize=100, http://www.dbunit.org/features/batchedStatements=false, http://www.dbunit.org/properties/metadataHandler=org.dbunit.database.DefaultMetadataHandler@62baffef, http://www.dbunit.org/properties/datatypeFactory=org.dbunit.dataset.datatype.DefaultDataTypeFactory[_toleratedDeltaMap=org.dbunit.dataset.datatype.ToleratedDeltaMap@6452310a], http://www.dbunit.org/properties/escapePattern=null, http://www.dbunit.org/properties/batchSize=100, http://www.dbunit.org/features/qualifiedTableNames=false, http://www.dbunit.org/properties/tableType=[Ljava.lang.String;@5011bafa, http://www.dbunit.org/properties/resultSetTableFactory=org.dbunit.database.CachedResultSetTableFactory@10bcf083, http://www.dbunit.org/features/datatypeWarning=true}], _dataSet=AbstractDataSet[_orderedTableNameMap=null], tableName=SCOPEDCONTENT_SCOPEDCONTENTITEM) - start
171375 [main] DEBUG org.dbunit.util.search.DepthFirstSearch  - search(nodesFrom=[SCOPEDCONTENT_SCOPEDCONTENTITEM], callback=org.dbunit.database.search.ExportedKeysSearchCallback@64b274a1) - start
171375 [main] DEBUG org.dbunit.util.CollectionsHelper  - objectsToSet(objects=SCOPEDCONTENT_SCOPEDCONTENTITEM) - start
171375 [main] DEBUG org.dbunit.util.search.DepthFirstSearch  - search(nodesFrom=[SCOPEDCONTENT_SCOPEDCONTENTITEM], callback=org.dbunit.database.search.ExportedKeysSearchCallback@64b274a1) - start
171375 [main] DEBUG org.dbunit.util.search.DepthFirstSearch  - reverseSearch:SCOPEDCONTENT_SCOPEDCONTENTITEM
171375 [main] DEBUG org.dbunit.database.search.ExportedKeysSearchCallback  - searchNode(node=SCOPEDCONTENT_SCOPEDCONTENTITEM) - start
171375 [main] DEBUG org.dbunit.util.search.DepthFirstSearch  - Pushing (reverse) SCOPEDCONTENT_SCOPEDCONTENTITEM
171375 [main] DEBUG org.dbunit.database.search.ExportedKeysSearchCallback  - getEdges(node=SCOPEDCONTENT_SCOPEDCONTENTITEM) - start
171375 [main] DEBUG org.dbunit.database.search.AbstractMetaDataBasedSearchCallback  - getNodesFromExportedKeys(node=SCOPEDCONTENT_SCOPEDCONTENTITEM) - start
171375 [main] DEBUG org.dbunit.database.search.AbstractMetaDataBasedSearchCallback  - getNodes(type=1, node=SCOPEDCONTENT_SCOPEDCONTENTITEM) - start
171375 [main] DEBUG org.dbunit.database.DatabaseDataSourceConnection  - getConnection() - start
171375 [main] DEBUG org.dbunit.database.search.AbstractMetaDataBasedSearchCallback  - getNodes(type=1, node=SCOPEDCONTENT_SCOPEDCONTENTITEM, conn=Transaction-aware proxy for target Connection [jdbc:hsqldb:mem:kontrollDS, UserName=sw, HSQL Database Engine Driver], schema=null, metaData=org.apache.commons.dbcp.DelegatingDatabaseMetaData@729ad, edges=[]) - start
171375 [main] DEBUG org.dbunit.database.search.AbstractMetaDataBasedSearchCallback  - Getting edges for node SCOPEDCONTENT_SCOPEDCONTENTITEM
171375 [main] TRACE org.dbunit.database.DatabaseConfig  - getProperty(name=http://www.dbunit.org/properties/metadataHandler) - start
171375 [main] TRACE org.dbunit.database.DefaultMetadataHandler  - tableExists(metaData=org.apache.commons.dbcp.DelegatingDatabaseMetaData@729ad, schemaName=null, tableName=SCOPEDCONTENT_SCOPEDCONTENTITEM) - start
171376 [main] DEBUG org.dbunit.util.SQLHelper  - close(resultSet=org.apache.commons.dbcp.DelegatingResultSet@4cce5f0f) - start
171377 [main] DEBUG org.dbunit.util.SQLHelper  - close(resultSet=org.apache.commons.dbcp.DelegatingResultSet@753b66) - start
171377 [main] DEBUG org.dbunit.util.search.DepthFirstSearch  - search:SCOPEDCONTENT_SCOPEDCONTENTITEM
171377 [main] DEBUG org.dbunit.database.search.ExportedKeysSearchCallback  - searchNode(node=SCOPEDCONTENT_SCOPEDCONTENTITEM) - start
171377 [main] DEBUG org.dbunit.util.search.DepthFirstSearch  - Pushing SCOPEDCONTENT_SCOPEDCONTENTITEM
171377 [main] DEBUG org.dbunit.database.search.ExportedKeysSearchCallback  - getEdges(node=SCOPEDCONTENT_SCOPEDCONTENTITEM) - start
171377 [main] DEBUG org.dbunit.database.search.AbstractMetaDataBasedSearchCallback  - getNodesFromExportedKeys(node=SCOPEDCONTENT_SCOPEDCONTENTITEM) - start
171377 [main] DEBUG org.dbunit.database.search.AbstractMetaDataBasedSearchCallback  - getNodes(type=1, node=SCOPEDCONTENT_SCOPEDCONTENTITEM) - start
171377 [main] DEBUG org.dbunit.database.DatabaseDataSourceConnection  - getConnection() - start
171377 [main] DEBUG org.dbunit.database.search.AbstractMetaDataBasedSearchCallback  - getNodes(type=1, node=SCOPEDCONTENT_SCOPEDCONTENTITEM, conn=Transaction-aware proxy for target Connection [jdbc:hsqldb:mem:kontrollDS, UserName=sw, HSQL Database Engine Driver], schema=null, metaData=org.apache.commons.dbcp.DelegatingDatabaseMetaData@108ea5c6, edges=[]) - start
171377 [main] DEBUG org.dbunit.database.search.AbstractMetaDataBasedSearchCallback  - Getting edges for node SCOPEDCONTENT_SCOPEDCONTENTITEM
171377 [main] TRACE org.dbunit.database.DatabaseConfig  - getProperty(name=http://www.dbunit.org/properties/metadataHandler) - start
171377 [main] TRACE org.dbunit.database.DefaultMetadataHandler  - tableExists(metaData=org.apache.commons.dbcp.DelegatingDatabaseMetaData@108ea5c6, schemaName=null, tableName=SCOPEDCONTENT_SCOPEDCONTENTITEM) - start
171378 [main] DEBUG org.dbunit.util.SQLHelper  - close(resultSet=org.apache.commons.dbcp.DelegatingResultSet@5d8a763b) - start
171378 [main] DEBUG org.dbunit.util.SQLHelper  - close(resultSet=org.apache.commons.dbcp.DelegatingResultSet@7fc288e2) - start
171378 [main] DEBUG org.dbunit.util.search.DepthFirstSearch  - Adding node SCOPEDCONTENT_SCOPEDCONTENTITEM to the final result
171378 [main] DEBUG org.dbunit.database.search.TablesDependencyHelper  - getDirectDependentTables(connection=_databaseConfig=org.dbunit.database.DatabaseConfig[, _propertyMap={http://www.dbunit.org/properties/statementFactory=org.dbunit.database.statement.PreparedStatementFactory@626bc2b8, http://www.dbunit.org/features/caseSensitiveTableNames=false, http://www.dbunit.org/properties/fetchSize=100, http://www.dbunit.org/features/batchedStatements=false, http://www.dbunit.org/properties/metadataHandler=org.dbunit.database.DefaultMetadataHandler@62baffef, http://www.dbunit.org/properties/datatypeFactory=org.dbunit.dataset.datatype.DefaultDataTypeFactory[_toleratedDeltaMap=org.dbunit.dataset.datatype.ToleratedDeltaMap@6452310a], http://www.dbunit.org/properties/escapePattern=null, http://www.dbunit.org/properties/batchSize=100, http://www.dbunit.org/features/qualifiedTableNames=false, http://www.dbunit.org/properties/tableType=[Ljava.lang.String;@5011bafa, http://www.dbunit.org/properties/resultSetTableFactory=org.dbunit.database.CachedResultSetTableFactory@10bcf083, http://www.dbunit.org/features/datatypeWarning=true}], _dataSet=AbstractDataSet[_orderedTableNameMap=null], tableName=SCOPEDCONTENT_SCOPEDCONTENTITEM) - start
171378 [main] DEBUG org.dbunit.util.search.DepthFirstSearch  - search(nodesFrom=[SCOPEDCONTENT_SCOPEDCONTENTITEM], callback=org.dbunit.database.search.ImportedKeysSearchCallback@76e035ef) - start
171378 [main] DEBUG org.dbunit.util.CollectionsHelper  - objectsToSet(objects=SCOPEDCONTENT_SCOPEDCONTENTITEM) - start
171378 [main] DEBUG org.dbunit.util.search.DepthFirstSearch  - search(nodesFrom=[SCOPEDCONTENT_SCOPEDCONTENTITEM], callback=org.dbunit.database.search.ImportedKeysSearchCallback@76e035ef) - start
171378 [main] DEBUG org.dbunit.util.search.DepthFirstSearch  - reverseSearch:SCOPEDCONTENT_SCOPEDCONTENTITEM
171378 [main] DEBUG org.dbunit.database.search.ImportedKeysSearchCallback  - searchNode(node=SCOPEDCONTENT_SCOPEDCONTENTITEM) - start
171378 [main] DEBUG org.dbunit.util.search.DepthFirstSearch  - Pushing (reverse) SCOPEDCONTENT_SCOPEDCONTENTITEM
171379 [main] DEBUG org.dbunit.database.search.ImportedKeysSearchCallback  - getEdges(node=SCOPEDCONTENT_SCOPEDCONTENTITEM) - start
171379 [main] DEBUG org.dbunit.database.search.AbstractMetaDataBasedSearchCallback  - getNodesFromImportedKeys(node=SCOPEDCONTENT_SCOPEDCONTENTITEM) - start
171379 [main] DEBUG org.dbunit.database.search.AbstractMetaDataBasedSearchCallback  - getNodes(type=0, node=SCOPEDCONTENT_SCOPEDCONTENTITEM) - start
171379 [main] DEBUG org.dbunit.database.DatabaseDataSourceConnection  - getConnection() - start
171379 [main] DEBUG org.dbunit.database.search.AbstractMetaDataBasedSearchCallback  - getNodes(type=0, node=SCOPEDCONTENT_SCOPEDCONTENTITEM, conn=Transaction-aware proxy for target Connection [jdbc:hsqldb:mem:kontrollDS, UserName=sw, HSQL Database Engine Driver], schema=null, metaData=org.apache.commons.dbcp.DelegatingDatabaseMetaData@79f51ae1, edges=[]) - start
171379 [main] DEBUG org.dbunit.database.search.AbstractMetaDataBasedSearchCallback  - Getting edges for node SCOPEDCONTENT_SCOPEDCONTENTITEM
171379 [main] TRACE org.dbunit.database.DatabaseConfig  - getProperty(name=http://www.dbunit.org/properties/metadataHandler) - start
171379 [main] TRACE org.dbunit.database.DefaultMetadataHandler  - tableExists(metaData=org.apache.commons.dbcp.DelegatingDatabaseMetaData@79f51ae1, schemaName=null, tableName=SCOPEDCONTENT_SCOPEDCONTENTITEM) - start
171380 [main] DEBUG org.dbunit.util.SQLHelper  - close(resultSet=org.apache.commons.dbcp.DelegatingResultSet@6ff6091e) - start
171380 [main] DEBUG org.dbunit.util.QualifiedTableName  - getQualifiedNameIfEnabled(config=org.dbunit.database.DatabaseConfig[, _propertyMap={http://www.dbunit.org/properties/statementFactory=org.dbunit.database.statement.PreparedStatementFactory@626bc2b8, http://www.dbunit.org/features/caseSensitiveTableNames=false, http://www.dbunit.org/properties/fetchSize=100, http://www.dbunit.org/features/batchedStatements=false, http://www.dbunit.org/properties/metadataHandler=org.dbunit.database.DefaultMetadataHandler@62baffef, http://www.dbunit.org/properties/datatypeFactory=org.dbunit.dataset.datatype.DefaultDataTypeFactory[_toleratedDeltaMap=org.dbunit.dataset.datatype.ToleratedDeltaMap@6452310a], http://www.dbunit.org/properties/escapePattern=null, http://www.dbunit.org/properties/batchSize=100, http://www.dbunit.org/features/qualifiedTableNames=false, http://www.dbunit.org/properties/tableType=[Ljava.lang.String;@5011bafa, http://www.dbunit.org/properties/resultSetTableFactory=org.dbunit.database.CachedResultSetTableFactory@10bcf083, http://www.dbunit.org/features/datatypeWarning=true}]) - start
171380 [main] TRACE org.dbunit.database.DatabaseConfig  - getFeature(name=http://www.dbunit.org/features/qualifiedTableNames) - start
171380 [main] TRACE org.dbunit.database.DatabaseConfig  - getProperty(name=http://www.dbunit.org/features/qualifiedTableNames) - start
171380 [main] DEBUG org.dbunit.util.QualifiedTableName  - Qualified table names feature is disabled. Returning plain table name
171380 [main] DEBUG org.dbunit.util.QualifiedTableName  - getQualifiedName(prefix=null, name=SCOPEDCONTENT_SCOPEDCONTENTITEM, escapePattern=null) - start
171380 [main] DEBUG org.dbunit.util.QualifiedTableName  - getQualifiedNameIfEnabled(config=org.dbunit.database.DatabaseConfig[, _propertyMap={http://www.dbunit.org/properties/statementFactory=org.dbunit.database.statement.PreparedStatementFactory@626bc2b8, http://www.dbunit.org/features/caseSensitiveTableNames=false, http://www.dbunit.org/properties/fetchSize=100, http://www.dbunit.org/features/batchedStatements=false, http://www.dbunit.org/properties/metadataHandler=org.dbunit.database.DefaultMetadataHandler@62baffef, http://www.dbunit.org/properties/datatypeFactory=org.dbunit.dataset.datatype.DefaultDataTypeFactory[_toleratedDeltaMap=org.dbunit.dataset.datatype.ToleratedDeltaMap@6452310a], http://www.dbunit.org/properties/escapePattern=null, http://www.dbunit.org/properties/batchSize=100, http://www.dbunit.org/features/qualifiedTableNames=false, http://www.dbunit.org/properties/tableType=[Ljava.lang.String;@5011bafa, http://www.dbunit.org/properties/resultSetTableFactory=org.dbunit.database.CachedResultSetTableFactory@10bcf083, http://www.dbunit.org/features/datatypeWarning=true}]) - start
171380 [main] TRACE org.dbunit.database.DatabaseConfig  - getFeature(name=http://www.dbunit.org/features/qualifiedTableNames) - start
171380 [main] TRACE org.dbunit.database.DatabaseConfig  - getProperty(name=http://www.dbunit.org/features/qualifiedTableNames) - start
171380 [main] DEBUG org.dbunit.util.QualifiedTableName  - Qualified table names feature is disabled. Returning plain table name
171380 [main] DEBUG org.dbunit.util.QualifiedTableName  - getQualifiedName(prefix=null, name=SCOPEDCONTENT, escapePattern=null) - start
171380 [main] DEBUG org.dbunit.database.search.AbstractMetaDataBasedSearchCallback  - newEdge(rs=org.apache.commons.dbcp.DelegatingResultSet@327d8547, type=0, from=SCOPEDCONTENT_SCOPEDCONTENTITEM, to=SCOPEDCONTENT, fkColumn=SCOPED_CONTENT_ITEM_ID, pkColumn=ID) - start
171380 [main] DEBUG org.dbunit.database.search.AbstractMetaDataBasedSearchCallback  - createFKEdge(rs=org.apache.commons.dbcp.DelegatingResultSet@327d8547, type=0, from=SCOPEDCONTENT_SCOPEDCONTENTITEM, to=SCOPEDCONTENT, fkColumn=SCOPED_CONTENT_ITEM_ID, pkColumn=ID) - start
171381 [main] DEBUG org.dbunit.database.search.AbstractMetaDataBasedSearchCallback  - Adding edge SCOPEDCONTENT_SCOPEDCONTENTITEM(SCOPED_CONTENT_ITEM_ID)->SCOPEDCONTENT(ID)
171381 [main] DEBUG org.dbunit.util.search.Edge  - compareTo(o=SCOPEDCONTENT_SCOPEDCONTENTITEM(SCOPED_CONTENT_ITEM_ID)->SCOPEDCONTENT(ID)) - start
171381 [main] DEBUG org.dbunit.util.QualifiedTableName  - getQualifiedNameIfEnabled(config=org.dbunit.database.DatabaseConfig[, _propertyMap={http://www.dbunit.org/properties/statementFactory=org.dbunit.database.statement.PreparedStatementFactory@626bc2b8, http://www.dbunit.org/features/caseSensitiveTableNames=false, http://www.dbunit.org/properties/fetchSize=100, http://www.dbunit.org/features/batchedStatements=false, http://www.dbunit.org/properties/metadataHandler=org.dbunit.database.DefaultMetadataHandler@62baffef, http://www.dbunit.org/properties/datatypeFactory=org.dbunit.dataset.datatype.DefaultDataTypeFactory[_toleratedDeltaMap=org.dbunit.dataset.datatype.ToleratedDeltaMap@6452310a], http://www.dbunit.org/properties/escapePattern=null, http://www.dbunit.org/properties/batchSize=100, http://www.dbunit.org/features/qualifiedTableNames=false, http://www.dbunit.org/properties/tableType=[Ljava.lang.String;@5011bafa, http://www.dbunit.org/properties/resultSetTableFactory=org.dbunit.database.CachedResultSetTableFactory@10bcf083, http://www.dbunit.org/features/datatypeWarning=true}]) - start
171381 [main] TRACE org.dbunit.database.DatabaseConfig  - getFeature(name=http://www.dbunit.org/features/qualifiedTableNames) - start
171381 [main] TRACE org.dbunit.database.DatabaseConfig  - getProperty(name=http://www.dbunit.org/features/qualifiedTableNames) - start
171381 [main] DEBUG org.dbunit.util.QualifiedTableName  - Qualified table names feature is disabled. Returning plain table name
171381 [main] DEBUG org.dbunit.util.QualifiedTableName  - getQualifiedName(prefix=null, name=SCOPEDCONTENT_SCOPEDCONTENTITEM, escapePattern=null) - start
171381 [main] DEBUG org.dbunit.util.QualifiedTableName  - getQualifiedNameIfEnabled(config=org.dbunit.database.DatabaseConfig[, _propertyMap={http://www.dbunit.org/properties/statementFactory=org.dbunit.database.statement.PreparedStatementFactory@626bc2b8, http://www.dbunit.org/features/caseSensitiveTableNames=false, http://www.dbunit.org/properties/fetchSize=100, http://www.dbunit.org/features/batchedStatements=false, http://www.dbunit.org/properties/metadataHandler=org.dbunit.database.DefaultMetadataHandler@62baffef, http://www.dbunit.org/properties/datatypeFactory=org.dbunit.dataset.datatype.DefaultDataTypeFactory[_toleratedDeltaMap=org.dbunit.dataset.datatype.ToleratedDeltaMap@6452310a], http://www.dbunit.org/properties/escapePattern=null, http://www.dbunit.org/properties/batchSize=100, http://www.dbunit.org/features/qualifiedTableNames=false, http://www.dbunit.org/properties/tableType=[Ljava.lang.String;@5011bafa, http://www.dbunit.org/properties/resultSetTableFactory=org.dbunit.database.CachedResultSetTableFactory@10bcf083, http://www.dbunit.org/features/datatypeWarning=true}]) - start
171381 [main] TRACE org.dbunit.database.DatabaseConfig  - getFeature(name=http://www.dbunit.org/features/qualifiedTableNames) - start
171381 [main] TRACE org.dbunit.database.DatabaseConfig  - getProperty(name=http://www.dbunit.org/features/qualifiedTableNames) - start
171381 [main] DEBUG org.dbunit.util.QualifiedTableName  - Qualified table names feature is disabled. Returning plain table name
171381 [main] DEBUG org.dbunit.util.QualifiedTableName  - getQualifiedName(prefix=null, name=SCOPEDCONTENTITEM, escapePattern=null) - start
171381 [main] DEBUG org.dbunit.database.search.AbstractMetaDataBasedSearchCallback  - newEdge(rs=org.apache.commons.dbcp.DelegatingResultSet@327d8547, type=0, from=SCOPEDCONTENT_SCOPEDCONTENTITEM, to=SCOPEDCONTENTITEM, fkColumn=SCOPED_CONTENT_ID, pkColumn=ID) - start
171381 [main] DEBUG org.dbunit.database.search.AbstractMetaDataBasedSearchCallback  - createFKEdge(rs=org.apache.commons.dbcp.DelegatingResultSet@327d8547, type=0, from=SCOPEDCONTENT_SCOPEDCONTENTITEM, to=SCOPEDCONTENTITEM, fkColumn=SCOPED_CONTENT_ID, pkColumn=ID) - start
171381 [main] DEBUG org.dbunit.database.search.AbstractMetaDataBasedSearchCallback  - Adding edge SCOPEDCONTENT_SCOPEDCONTENTITEM(SCOPED_CONTENT_ID)->SCOPEDCONTENTITEM(ID)
171381 [main] DEBUG org.dbunit.util.search.Edge  - compareTo(o=SCOPEDCONTENT_SCOPEDCONTENTITEM(SCOPED_CONTENT_ITEM_ID)->SCOPEDCONTENT(ID)) - start
171381 [main] DEBUG org.dbunit.util.SQLHelper  - close(resultSet=org.apache.commons.dbcp.DelegatingResultSet@327d8547) - start
171381 [main] DEBUG org.dbunit.util.search.DepthFirstSearch  - search:SCOPEDCONTENT_SCOPEDCONTENTITEM
171381 [main] DEBUG org.dbunit.database.search.ImportedKeysSearchCallback  - searchNode(node=SCOPEDCONTENT_SCOPEDCONTENTITEM) - start
171381 [main] DEBUG org.dbunit.util.search.DepthFirstSearch  - Pushing SCOPEDCONTENT_SCOPEDCONTENTITEM
171381 [main] DEBUG org.dbunit.database.search.ImportedKeysSearchCallback  - getEdges(node=SCOPEDCONTENT_SCOPEDCONTENTITEM) - start
171381 [main] DEBUG org.dbunit.database.search.AbstractMetaDataBasedSearchCallback  - getNodesFromImportedKeys(node=SCOPEDCONTENT_SCOPEDCONTENTITEM) - start
171381 [main] DEBUG org.dbunit.database.search.AbstractMetaDataBasedSearchCallback  - getNodes(type=0, node=SCOPEDCONTENT_SCOPEDCONTENTITEM) - start
171381 [main] DEBUG org.dbunit.database.DatabaseDataSourceConnection  - getConnection() - start
171381 [main] DEBUG org.dbunit.database.search.AbstractMetaDataBasedSearchCallback  - getNodes(type=0, node=SCOPEDCONTENT_SCOPEDCONTENTITEM, conn=Transaction-aware proxy for target Connection [jdbc:hsqldb:mem:kontrollDS, UserName=sw, HSQL Database Engine Driver], schema=null, metaData=org.apache.commons.dbcp.DelegatingDatabaseMetaData@4eb91236, edges=[]) - start
171382 [main] DEBUG org.dbunit.database.search.AbstractMetaDataBasedSearchCallback  - Getting edges for node SCOPEDCONTENT_SCOPEDCONTENTITEM
171382 [main] TRACE org.dbunit.database.DatabaseConfig  - getProperty(name=http://www.dbunit.org/properties/metadataHandler) - start
171382 [main] TRACE org.dbunit.database.DefaultMetadataHandler  - tableExists(metaData=org.apache.commons.dbcp.DelegatingDatabaseMetaData@4eb91236, schemaName=null, tableName=SCOPEDCONTENT_SCOPEDCONTENTITEM) - start
171383 [main] DEBUG org.dbunit.util.SQLHelper  - close(resultSet=org.apache.commons.dbcp.DelegatingResultSet@2dd944c7) - start
171383 [main] DEBUG org.dbunit.util.QualifiedTableName  - getQualifiedNameIfEnabled(config=org.dbunit.database.DatabaseConfig[, _propertyMap={http://www.dbunit.org/properties/statementFactory=org.dbunit.database.statement.PreparedStatementFactory@626bc2b8, http://www.dbunit.org/features/caseSensitiveTableNames=false, http://www.dbunit.org/properties/fetchSize=100, http://www.dbunit.org/features/batchedStatements=false, http://www.dbunit.org/properties/metadataHandler=org.dbunit.database.DefaultMetadataHandler@62baffef, http://www.dbunit.org/properties/datatypeFactory=org.dbunit.dataset.datatype.DefaultDataTypeFactory[_toleratedDeltaMap=org.dbunit.dataset.datatype.ToleratedDeltaMap@6452310a], http://www.dbunit.org/properties/escapePattern=null, http://www.dbunit.org/properties/batchSize=100, http://www.dbunit.org/features/qualifiedTableNames=false, http://www.dbunit.org/properties/tableType=[Ljava.lang.String;@5011bafa, http://www.dbunit.org/properties/resultSetTableFactory=org.dbunit.database.CachedResultSetTableFactory@10bcf083, http://www.dbunit.org/features/datatypeWarning=true}]) - start
171383 [main] TRACE org.dbunit.database.DatabaseConfig  - getFeature(name=http://www.dbunit.org/features/qualifiedTableNames) - start
171383 [main] TRACE org.dbunit.database.DatabaseConfig  - getProperty(name=http://www.dbunit.org/features/qualifiedTableNames) - start
171383 [main] DEBUG org.dbunit.util.QualifiedTableName  - Qualified table names feature is disabled. Returning plain table name
171383 [main] DEBUG org.dbunit.util.QualifiedTableName  - getQualifiedName(prefix=null, name=SCOPEDCONTENT_SCOPEDCONTENTITEM, escapePattern=null) - start
171383 [main] DEBUG org.dbunit.util.QualifiedTableName  - getQualifiedNameIfEnabled(config=org.dbunit.database.DatabaseConfig[, _propertyMap={http://www.dbunit.org/properties/statementFactory=org.dbunit.database.statement.PreparedStatementFactory@626bc2b8, http://www.dbunit.org/features/caseSensitiveTableNames=false, http://www.dbunit.org/properties/fetchSize=100, http://www.dbunit.org/features/batchedStatements=false, http://www.dbunit.org/properties/metadataHandler=org.dbunit.database.DefaultMetadataHandler@62baffef, http://www.dbunit.org/properties/datatypeFactory=org.dbunit.dataset.datatype.DefaultDataTypeFactory[_toleratedDeltaMap=org.dbunit.dataset.datatype.ToleratedDeltaMap@6452310a], http://www.dbunit.org/properties/escapePattern=null, http://www.dbunit.org/properties/batchSize=100, http://www.dbunit.org/features/qualifiedTableNames=false, http://www.dbunit.org/properties/tableType=[Ljava.lang.String;@5011bafa, http://www.dbunit.org/properties/resultSetTableFactory=org.dbunit.database.CachedResultSetTableFactory@10bcf083, http://www.dbunit.org/features/datatypeWarning=true}]) - start
171383 [main] TRACE org.dbunit.database.DatabaseConfig  - getFeature(name=http://www.dbunit.org/features/qualifiedTableNames) - start
171383 [main] TRACE org.dbunit.database.DatabaseConfig  - getProperty(name=http://www.dbunit.org/features/qualifiedTableNames) - start
171383 [main] DEBUG org.dbunit.util.QualifiedTableName  - Qualified table names feature is disabled. Returning plain table name
171383 [main] DEBUG org.dbunit.util.QualifiedTableName  - getQualifiedName(prefix=null, name=SCOPEDCONTENT, escapePattern=null) - start
171383 [main] DEBUG org.dbunit.database.search.AbstractMetaDataBasedSearchCallback  - newEdge(rs=org.apache.commons.dbcp.DelegatingResultSet@5780ba4b, type=0, from=SCOPEDCONTENT_SCOPEDCONTENTITEM, to=SCOPEDCONTENT, fkColumn=SCOPED_CONTENT_ITEM_ID, pkColumn=ID) - start
171383 [main] DEBUG org.dbunit.database.search.AbstractMetaDataBasedSearchCallback  - createFKEdge(rs=org.apache.commons.dbcp.DelegatingResultSet@5780ba4b, type=0, from=SCOPEDCONTENT_SCOPEDCONTENTITEM, to=SCOPEDCONTENT, fkColumn=SCOPED_CONTENT_ITEM_ID, pkColumn=ID) - start
171383 [main] DEBUG org.dbunit.database.search.AbstractMetaDataBasedSearchCallback  - Adding edge SCOPEDCONTENT_SCOPEDCONTENTITEM(SCOPED_CONTENT_ITEM_ID)->SCOPEDCONTENT(ID)
171383 [main] DEBUG org.dbunit.util.search.Edge  - compareTo(o=SCOPEDCONTENT_SCOPEDCONTENTITEM(SCOPED_CONTENT_ITEM_ID)->SCOPEDCONTENT(ID)) - start
171383 [main] DEBUG org.dbunit.util.QualifiedTableName  - getQualifiedNameIfEnabled(config=org.dbunit.database.DatabaseConfig[, _propertyMap={http://www.dbunit.org/properties/statementFactory=org.dbunit.database.statement.PreparedStatementFactory@626bc2b8, http://www.dbunit.org/features/caseSensitiveTableNames=false, http://www.dbunit.org/properties/fetchSize=100, http://www.dbunit.org/features/batchedStatements=false, http://www.dbunit.org/properties/metadataHandler=org.dbunit.database.DefaultMetadataHandler@62baffef, http://www.dbunit.org/properties/datatypeFactory=org.dbunit.dataset.datatype.DefaultDataTypeFactory[_toleratedDeltaMap=org.dbunit.dataset.datatype.ToleratedDeltaMap@6452310a], http://www.dbunit.org/properties/escapePattern=null, http://www.dbunit.org/properties/batchSize=100, http://www.dbunit.org/features/qualifiedTableNames=false, http://www.dbunit.org/properties/tableType=[Ljava.lang.String;@5011bafa, http://www.dbunit.org/properties/resultSetTableFactory=org.dbunit.database.CachedResultSetTableFactory@10bcf083, http://www.dbunit.org/features/datatypeWarning=true}]) - start
171383 [main] TRACE org.dbunit.database.DatabaseConfig  - getFeature(name=http://www.dbunit.org/features/qualifiedTableNames) - start
171383 [main] TRACE org.dbunit.database.DatabaseConfig  - getProperty(name=http://www.dbunit.org/features/qualifiedTableNames) - start
171384 [main] DEBUG org.dbunit.util.QualifiedTableName  - Qualified table names feature is disabled. Returning plain table name
171384 [main] DEBUG org.dbunit.util.QualifiedTableName  - getQualifiedName(prefix=null, name=SCOPEDCONTENT_SCOPEDCONTENTITEM, escapePattern=null) - start
171384 [main] DEBUG org.dbunit.util.QualifiedTableName  - getQualifiedNameIfEnabled(config=org.dbunit.database.DatabaseConfig[, _propertyMap={http://www.dbunit.org/properties/statementFactory=org.dbunit.database.statement.PreparedStatementFactory@626bc2b8, http://www.dbunit.org/features/caseSensitiveTableNames=false, http://www.dbunit.org/properties/fetchSize=100, http://www.dbunit.org/features/batchedStatements=false, http://www.dbunit.org/properties/metadataHandler=org.dbunit.database.DefaultMetadataHandler@62baffef, http://www.dbunit.org/properties/datatypeFactory=org.dbunit.dataset.datatype.DefaultDataTypeFactory[_toleratedDeltaMap=org.dbunit.dataset.datatype.ToleratedDeltaMap@6452310a], http://www.dbunit.org/properties/escapePattern=null, http://www.dbunit.org/properties/batchSize=100, http://www.dbunit.org/features/qualifiedTableNames=false, http://www.dbunit.org/properties/tableType=[Ljava.lang.String;@5011bafa, http://www.dbunit.org/properties/resultSetTableFactory=org.dbunit.database.CachedResultSetTableFactory@10bcf083, http://www.dbunit.org/features/datatypeWarning=true}]) - start
171384 [main] TRACE org.dbunit.database.DatabaseConfig  - getFeature(name=http://www.dbunit.org/features/qualifiedTableNames) - start
171384 [main] TRACE org.dbunit.database.DatabaseConfig  - getProperty(name=http://www.dbunit.org/features/qualifiedTableNames) - start
171384 [main] DEBUG org.dbunit.util.QualifiedTableName  - Qualified table names feature is disabled. Returning plain table name
171384 [main] DEBUG org.dbunit.util.QualifiedTableName  - getQualifiedName(prefix=null, name=SCOPEDCONTENTITEM, escapePattern=null) - start
171384 [main] DEBUG org.dbunit.database.search.AbstractMetaDataBasedSearchCallback  - newEdge(rs=org.apache.commons.dbcp.DelegatingResultSet@5780ba4b, type=0, from=SCOPEDCONTENT_SCOPEDCONTENTITEM, to=SCOPEDCONTENTITEM, fkColumn=SCOPED_CONTENT_ID, pkColumn=ID) - start
171384 [main] DEBUG org.dbunit.database.search.AbstractMetaDataBasedSearchCallback  - createFKEdge(rs=org.apache.commons.dbcp.DelegatingResultSet@5780ba4b, type=0, from=SCOPEDCONTENT_SCOPEDCONTENTITEM, to=SCOPEDCONTENTITEM, fkColumn=SCOPED_CONTENT_ID, pkColumn=ID) - start
171384 [main] DEBUG org.dbunit.database.search.AbstractMetaDataBasedSearchCallback  - Adding edge SCOPEDCONTENT_SCOPEDCONTENTITEM(SCOPED_CONTENT_ID)->SCOPEDCONTENTITEM(ID)
171384 [main] DEBUG org.dbunit.util.search.Edge  - compareTo(o=SCOPEDCONTENT_SCOPEDCONTENTITEM(SCOPED_CONTENT_ITEM_ID)->SCOPEDCONTENT(ID)) - start
171384 [main] DEBUG org.dbunit.util.SQLHelper  - close(resultSet=org.apache.commons.dbcp.DelegatingResultSet@5780ba4b) - start
171384 [main] DEBUG org.dbunit.util.search.DepthFirstSearch  - search:SCOPEDCONTENT
171384 [main] DEBUG org.dbunit.database.search.ImportedKeysSearchCallback  - searchNode(node=SCOPEDCONTENT) - start
171384 [main] DEBUG org.dbunit.util.search.DepthFirstSearch  - Pushing SCOPEDCONTENT
171384 [main] DEBUG org.dbunit.database.search.ImportedKeysSearchCallback  - getEdges(node=SCOPEDCONTENT) - start
171384 [main] DEBUG org.dbunit.database.search.AbstractMetaDataBasedSearchCallback  - getNodesFromImportedKeys(node=SCOPEDCONTENT) - start
171384 [main] DEBUG org.dbunit.database.search.AbstractMetaDataBasedSearchCallback  - getNodes(type=0, node=SCOPEDCONTENT) - start
171385 [main] DEBUG org.dbunit.database.DatabaseDataSourceConnection  - getConnection() - start
171385 [main] DEBUG org.dbunit.database.search.AbstractMetaDataBasedSearchCallback  - getNodes(type=0, node=SCOPEDCONTENT, conn=Transaction-aware proxy for target Connection [jdbc:hsqldb:mem:kontrollDS, UserName=sw, HSQL Database Engine Driver], schema=null, metaData=org.apache.commons.dbcp.DelegatingDatabaseMetaData@4446bece, edges=[]) - start
171385 [main] DEBUG org.dbunit.database.search.AbstractMetaDataBasedSearchCallback  - Getting edges for node SCOPEDCONTENT
171385 [main] TRACE org.dbunit.database.DatabaseConfig  - getProperty(name=http://www.dbunit.org/properties/metadataHandler) - start
171385 [main] TRACE org.dbunit.database.DefaultMetadataHandler  - tableExists(metaData=org.apache.commons.dbcp.DelegatingDatabaseMetaData@4446bece, schemaName=null, tableName=SCOPEDCONTENT) - start
171386 [main] DEBUG org.dbunit.util.SQLHelper  - close(resultSet=org.apache.commons.dbcp.DelegatingResultSet@3703697f) - start
171386 [main] DEBUG org.dbunit.util.QualifiedTableName  - getQualifiedNameIfEnabled(config=org.dbunit.database.DatabaseConfig[, _propertyMap={http://www.dbunit.org/properties/statementFactory=org.dbunit.database.statement.PreparedStatementFactory@626bc2b8, http://www.dbunit.org/features/caseSensitiveTableNames=false, http://www.dbunit.org/properties/fetchSize=100, http://www.dbunit.org/features/batchedStatements=false, http://www.dbunit.org/properties/metadataHandler=org.dbunit.database.DefaultMetadataHandler@62baffef, http://www.dbunit.org/properties/datatypeFactory=org.dbunit.dataset.datatype.DefaultDataTypeFactory[_toleratedDeltaMap=org.dbunit.dataset.datatype.ToleratedDeltaMap@6452310a], http://www.dbunit.org/properties/escapePattern=null, http://www.dbunit.org/properties/batchSize=100, http://www.dbunit.org/features/qualifiedTableNames=false, http://www.dbunit.org/properties/tableType=[Ljava.lang.String;@5011bafa, http://www.dbunit.org/properties/resultSetTableFactory=org.dbunit.database.CachedResultSetTableFactory@10bcf083, http://www.dbunit.org/features/datatypeWarning=true}]) - start
171386 [main] TRACE org.dbunit.database.DatabaseConfig  - getFeature(name=http://www.dbunit.org/features/qualifiedTableNames) - start
171386 [main] TRACE org.dbunit.database.DatabaseConfig  - getProperty(name=http://www.dbunit.org/features/qualifiedTableNames) - start
171386 [main] DEBUG org.dbunit.util.QualifiedTableName  - Qualified table names feature is disabled. Returning plain table name
171386 [main] DEBUG org.dbunit.util.QualifiedTableName  - getQualifiedName(prefix=null, name=SCOPEDCONTENT, escapePattern=null) - start
171386 [main] DEBUG org.dbunit.util.QualifiedTableName  - getQualifiedNameIfEnabled(config=org.dbunit.database.DatabaseConfig[, _propertyMap={http://www.dbunit.org/properties/statementFactory=org.dbunit.database.statement.PreparedStatementFactory@626bc2b8, http://www.dbunit.org/features/caseSensitiveTableNames=false, http://www.dbunit.org/properties/fetchSize=100, http://www.dbunit.org/features/batchedStatements=false, http://www.dbunit.org/properties/metadataHandler=org.dbunit.database.DefaultMetadataHandler@62baffef, http://www.dbunit.org/properties/datatypeFactory=org.dbunit.dataset.datatype.DefaultDataTypeFactory[_toleratedDeltaMap=org.dbunit.dataset.datatype.ToleratedDeltaMap@6452310a], http://www.dbunit.org/properties/escapePattern=null, http://www.dbunit.org/properties/batchSize=100, http://www.dbunit.org/features/qualifiedTableNames=false, http://www.dbunit.org/properties/tableType=[Ljava.lang.String;@5011bafa, http://www.dbunit.org/properties/resultSetTableFactory=org.dbunit.database.CachedResultSetTableFactory@10bcf083, http://www.dbunit.org/features/datatypeWarning=true}]) - start
171386 [main] TRACE org.dbunit.database.DatabaseConfig  - getFeature(name=http://www.dbunit.org/features/qualifiedTableNames) - start
171386 [main] TRACE org.dbunit.database.DatabaseConfig  - getProperty(name=http://www.dbunit.org/features/qualifiedTableNames) - start
171386 [main] DEBUG org.dbunit.util.QualifiedTableName  - Qualified table names feature is disabled. Returning plain table name
171386 [main] DEBUG org.dbunit.util.QualifiedTableName  - getQualifiedName(prefix=null, name=SCOPE, escapePattern=null) - start
171386 [main] DEBUG org.dbunit.database.search.AbstractMetaDataBasedSearchCallback  - newEdge(rs=org.apache.commons.dbcp.DelegatingResultSet@378396c8, type=0, from=SCOPEDCONTENT, to=SCOPE, fkColumn=SCOPE, pkColumn=ID) - start
171387 [main] DEBUG org.dbunit.database.search.AbstractMetaDataBasedSearchCallback  - createFKEdge(rs=org.apache.commons.dbcp.DelegatingResultSet@378396c8, type=0, from=SCOPEDCONTENT, to=SCOPE, fkColumn=SCOPE, pkColumn=ID) - start
171387 [main] DEBUG org.dbunit.database.search.AbstractMetaDataBasedSearchCallback  - Adding edge SCOPEDCONTENT(SCOPE)->SCOPE(ID)
171387 [main] DEBUG org.dbunit.util.search.Edge  - compareTo(o=SCOPEDCONTENT(SCOPE)->SCOPE(ID)) - start
171387 [main] DEBUG org.dbunit.util.SQLHelper  - close(resultSet=org.apache.commons.dbcp.DelegatingResultSet@378396c8) - start
171387 [main] DEBUG org.dbunit.util.search.DepthFirstSearch  - search:SCOPE
171387 [main] DEBUG org.dbunit.database.search.ImportedKeysSearchCallback  - searchNode(node=SCOPE) - start
171387 [main] DEBUG org.dbunit.util.search.DepthFirstSearch  - Pushing SCOPE
171387 [main] DEBUG org.dbunit.database.search.ImportedKeysSearchCallback  - getEdges(node=SCOPE) - start
171387 [main] DEBUG org.dbunit.database.search.AbstractMetaDataBasedSearchCallback  - getNodesFromImportedKeys(node=SCOPE) - start
171387 [main] DEBUG org.dbunit.database.search.AbstractMetaDataBasedSearchCallback  - getNodes(type=0, node=SCOPE) - start
171387 [main] DEBUG org.dbunit.database.DatabaseDataSourceConnection  - getConnection() - start
171387 [main] DEBUG org.dbunit.database.search.AbstractMetaDataBasedSearchCallback  - getNodes(type=0, node=SCOPE, conn=Transaction-aware proxy for target Connection [jdbc:hsqldb:mem:kontrollDS, UserName=sw, HSQL Database Engine Driver], schema=null, metaData=org.apache.commons.dbcp.DelegatingDatabaseMetaData@202040f1, edges=[]) - start
171387 [main] DEBUG org.dbunit.database.search.AbstractMetaDataBasedSearchCallback  - Getting edges for node SCOPE
171387 [main] TRACE org.dbunit.database.DatabaseConfig  - getProperty(name=http://www.dbunit.org/properties/metadataHandler) - start
171387 [main] TRACE org.dbunit.database.DefaultMetadataHandler  - tableExists(metaData=org.apache.commons.dbcp.DelegatingDatabaseMetaData@202040f1, schemaName=null, tableName=SCOPE) - start
171388 [main] DEBUG org.dbunit.util.SQLHelper  - close(resultSet=org.apache.commons.dbcp.DelegatingResultSet@6ac389b6) - start
171388 [main] DEBUG org.dbunit.util.SQLHelper  - close(resultSet=org.apache.commons.dbcp.DelegatingResultSet@5b7701a0) - start
171388 [main] DEBUG org.dbunit.util.search.DepthFirstSearch  - Adding node SCOPE to the final result
171388 [main] DEBUG org.dbunit.util.search.DepthFirstSearch  - Adding node SCOPEDCONTENT to the final result
171388 [main] DEBUG org.dbunit.util.search.DepthFirstSearch  - search:SCOPEDCONTENTITEM
171388 [main] DEBUG org.dbunit.database.search.ImportedKeysSearchCallback  - searchNode(node=SCOPEDCONTENTITEM) - start
171388 [main] DEBUG org.dbunit.util.search.DepthFirstSearch  - Pushing SCOPEDCONTENTITEM
171388 [main] DEBUG org.dbunit.util.search.DepthFirstSearch  - Adding node SCOPEDCONTENTITEM to the final result
171388 [main] DEBUG org.dbunit.util.search.DepthFirstSearch  - Adding node SCOPEDCONTENT_SCOPEDCONTENTITEM to the final result
171389 [main] DEBUG org.dbunit.util.search.DepthFirstSearch  - reverseSearch:SCOPEDCONTENT
171389 [main] DEBUG org.dbunit.database.search.ImportedKeysSearchCallback  - searchNode(node=SCOPEDCONTENT) - start
171389 [main] DEBUG org.dbunit.util.search.DepthFirstSearch  - Pushing (reverse) SCOPEDCONTENT
171389 [main] DEBUG org.dbunit.database.search.ImportedKeysSearchCallback  - getEdges(node=SCOPEDCONTENT) - start
171389 [main] DEBUG org.dbunit.database.search.AbstractMetaDataBasedSearchCallback  - getNodesFromImportedKeys(node=SCOPEDCONTENT) - start
171389 [main] DEBUG org.dbunit.database.search.AbstractMetaDataBasedSearchCallback  - getNodes(type=0, node=SCOPEDCONTENT) - start
171389 [main] DEBUG org.dbunit.database.DatabaseDataSourceConnection  - getConnection() - start
171389 [main] DEBUG org.dbunit.database.search.AbstractMetaDataBasedSearchCallback  - getNodes(type=0, node=SCOPEDCONTENT, conn=Transaction-aware proxy for target Connection [jdbc:hsqldb:mem:kontrollDS, UserName=sw, HSQL Database Engine Driver], schema=null, metaData=org.apache.commons.dbcp.DelegatingDatabaseMetaData@620bde49, edges=[]) - start
171389 [main] DEBUG org.dbunit.database.search.AbstractMetaDataBasedSearchCallback  - Getting edges for node SCOPEDCONTENT
171389 [main] TRACE org.dbunit.database.DatabaseConfig  - getProperty(name=http://www.dbunit.org/properties/metadataHandler) - start
171389 [main] TRACE org.dbunit.database.DefaultMetadataHandler  - tableExists(metaData=org.apache.commons.dbcp.DelegatingDatabaseMetaData@620bde49, schemaName=null, tableName=SCOPEDCONTENT) - start
171390 [main] DEBUG org.dbunit.util.SQLHelper  - close(resultSet=org.apache.commons.dbcp.DelegatingResultSet@6b74617f) - start
171390 [main] DEBUG org.dbunit.util.QualifiedTableName  - getQualifiedNameIfEnabled(config=org.dbunit.database.DatabaseConfig[, _propertyMap={http://www.dbunit.org/properties/statementFactory=org.dbunit.database.statement.PreparedStatementFactory@626bc2b8, http://www.dbunit.org/features/caseSensitiveTableNames=false, http://www.dbunit.org/properties/fetchSize=100, http://www.dbunit.org/features/batchedStatements=false, http://www.dbunit.org/properties/metadataHandler=org.dbunit.database.DefaultMetadataHandler@62baffef, http://www.dbunit.org/properties/datatypeFactory=org.dbunit.dataset.datatype.DefaultDataTypeFactory[_toleratedDeltaMap=org.dbunit.dataset.datatype.ToleratedDeltaMap@6452310a], http://www.dbunit.org/properties/escapePattern=null, http://www.dbunit.org/properties/batchSize=100, http://www.dbunit.org/features/qualifiedTableNames=false, http://www.dbunit.org/properties/tableType=[Ljava.lang.String;@5011bafa, http://www.dbunit.org/properties/resultSetTableFactory=org.dbunit.database.CachedResultSetTableFactory@10bcf083, http://www.dbunit.org/features/datatypeWarning=true}]) - start
171390 [main] TRACE org.dbunit.database.DatabaseConfig  - getFeature(name=http://www.dbunit.org/features/qualifiedTableNames) - start
171390 [main] TRACE org.dbunit.database.DatabaseConfig  - getProperty(name=http://www.dbunit.org/features/qualifiedTableNames) - start
171390 [main] DEBUG org.dbunit.util.QualifiedTableName  - Qualified table names feature is disabled. Returning plain table name
171390 [main] DEBUG org.dbunit.util.QualifiedTableName  - getQualifiedName(prefix=null, name=SCOPEDCONTENT, escapePattern=null) - start
171390 [main] DEBUG org.dbunit.util.QualifiedTableName  - getQualifiedNameIfEnabled(config=org.dbunit.database.DatabaseConfig[, _propertyMap={http://www.dbunit.org/properties/statementFactory=org.dbunit.database.statement.PreparedStatementFactory@626bc2b8, http://www.dbunit.org/features/caseSensitiveTableNames=false, http://www.dbunit.org/properties/fetchSize=100, http://www.dbunit.org/features/batchedStatements=false, http://www.dbunit.org/properties/metadataHandler=org.dbunit.database.DefaultMetadataHandler@62baffef, http://www.dbunit.org/properties/datatypeFactory=org.dbunit.dataset.datatype.DefaultDataTypeFactory[_toleratedDeltaMap=org.dbunit.dataset.datatype.ToleratedDeltaMap@6452310a], http://www.dbunit.org/properties/escapePattern=null, http://www.dbunit.org/properties/batchSize=100, http://www.dbunit.org/features/qualifiedTableNames=false, http://www.dbunit.org/properties/tableType=[Ljava.lang.String;@5011bafa, http://www.dbunit.org/properties/resultSetTableFactory=org.dbunit.database.CachedResultSetTableFactory@10bcf083, http://www.dbunit.org/features/datatypeWarning=true}]) - start
171390 [main] TRACE org.dbunit.database.DatabaseConfig  - getFeature(name=http://www.dbunit.org/features/qualifiedTableNames) - start
171390 [main] TRACE org.dbunit.database.DatabaseConfig  - getProperty(name=http://www.dbunit.org/features/qualifiedTableNames) - start
171390 [main] DEBUG org.dbunit.util.QualifiedTableName  - Qualified table names feature is disabled. Returning plain table name
171390 [main] DEBUG org.dbunit.util.QualifiedTableName  - getQualifiedName(prefix=null, name=SCOPE, escapePattern=null) - start
171390 [main] DEBUG org.dbunit.database.search.AbstractMetaDataBasedSearchCallback  - newEdge(rs=org.apache.commons.dbcp.DelegatingResultSet@4f2f2cd, type=0, from=SCOPEDCONTENT, to=SCOPE, fkColumn=SCOPE, pkColumn=ID) - start
171390 [main] DEBUG org.dbunit.database.search.AbstractMetaDataBasedSearchCallback  - createFKEdge(rs=org.apache.commons.dbcp.DelegatingResultSet@4f2f2cd, type=0, from=SCOPEDCONTENT, to=SCOPE, fkColumn=SCOPE, pkColumn=ID) - start
171391 [main] DEBUG org.dbunit.database.search.AbstractMetaDataBasedSearchCallback  - Adding edge SCOPEDCONTENT(SCOPE)->SCOPE(ID)
171391 [main] DEBUG org.dbunit.util.search.Edge  - compareTo(o=SCOPEDCONTENT(SCOPE)->SCOPE(ID)) - start
171391 [main] DEBUG org.dbunit.util.SQLHelper  - close(resultSet=org.apache.commons.dbcp.DelegatingResultSet@4f2f2cd) - start
171391 [main] DEBUG org.dbunit.util.search.DepthFirstSearch  - reverseSearch:SCOPEDCONTENTITEM
171391 [main] DEBUG org.dbunit.database.search.ImportedKeysSearchCallback  - searchNode(node=SCOPEDCONTENTITEM) - start
171391 [main] DEBUG org.dbunit.util.search.DepthFirstSearch  - Pushing (reverse) SCOPEDCONTENTITEM
171391 [main] DEBUG org.dbunit.database.search.ImportedKeysSearchCallback  - getEdges(node=SCOPEDCONTENTITEM) - start
171391 [main] DEBUG org.dbunit.database.search.AbstractMetaDataBasedSearchCallback  - getNodesFromImportedKeys(node=SCOPEDCONTENTITEM) - start
171391 [main] DEBUG org.dbunit.database.search.AbstractMetaDataBasedSearchCallback  - getNodes(type=0, node=SCOPEDCONTENTITEM) - start
171391 [main] DEBUG org.dbunit.database.DatabaseDataSourceConnection  - getConnection() - start
171391 [main] DEBUG org.dbunit.database.search.AbstractMetaDataBasedSearchCallback  - getNodes(type=0, node=SCOPEDCONTENTITEM, conn=Transaction-aware proxy for target Connection [jdbc:hsqldb:mem:kontrollDS, UserName=sw, HSQL Database Engine Driver], schema=null, metaData=org.apache.commons.dbcp.DelegatingDatabaseMetaData@6a227344, edges=[]) - start
171391 [main] DEBUG org.dbunit.database.search.AbstractMetaDataBasedSearchCallback  - Getting edges for node SCOPEDCONTENTITEM
171391 [main] TRACE org.dbunit.database.DatabaseConfig  - getProperty(name=http://www.dbunit.org/properties/metadataHandler) - start
171391 [main] TRACE org.dbunit.database.DefaultMetadataHandler  - tableExists(metaData=org.apache.commons.dbcp.DelegatingDatabaseMetaData@6a227344, schemaName=null, tableName=SCOPEDCONTENTITEM) - start
171392 [main] DEBUG org.dbunit.util.SQLHelper  - close(resultSet=org.apache.commons.dbcp.DelegatingResultSet@6159dbe4) - start
171392 [main] DEBUG org.dbunit.util.SQLHelper  - close(resultSet=org.apache.commons.dbcp.DelegatingResultSet@1ecfd430) - start
171392 [main] DEBUG org.dbunit.util.search.DepthFirstSearch  - reverseSearch:SCOPEDCONTENT_SCOPEDCONTENTITEM
171392 [main] DEBUG org.dbunit.util.search.DepthFirstSearch  - already searched; returning true
171392 [main] DEBUG org.dbunit.util.search.DepthFirstSearch  - reverseSearch:SCOPE
171392 [main] DEBUG org.dbunit.database.search.ImportedKeysSearchCallback  - searchNode(node=SCOPE) - start
171392 [main] DEBUG org.dbunit.util.search.DepthFirstSearch  - Pushing (reverse) SCOPE
171392 [main] DEBUG org.dbunit.database.search.ImportedKeysSearchCallback  - getEdges(node=SCOPE) - start
171392 [main] DEBUG org.dbunit.database.search.AbstractMetaDataBasedSearchCallback  - getNodesFromImportedKeys(node=SCOPE) - start
171392 [main] DEBUG org.dbunit.database.search.AbstractMetaDataBasedSearchCallback  - getNodes(type=0, node=SCOPE) - start
171392 [main] DEBUG org.dbunit.database.DatabaseDataSourceConnection  - getConnection() - start
171393 [main] DEBUG org.dbunit.database.search.AbstractMetaDataBasedSearchCallback  - getNodes(type=0, node=SCOPE, conn=Transaction-aware proxy for target Connection [jdbc:hsqldb:mem:kontrollDS, UserName=sw, HSQL Database Engine Driver], schema=null, metaData=org.apache.commons.dbcp.DelegatingDatabaseMetaData@5e73ab1d, edges=[]) - start
171393 [main] DEBUG org.dbunit.database.search.AbstractMetaDataBasedSearchCallback  - Getting edges for node SCOPE
171393 [main] TRACE org.dbunit.database.DatabaseConfig  - getProperty(name=http://www.dbunit.org/properties/metadataHandler) - start
171393 [main] TRACE org.dbunit.database.DefaultMetadataHandler  - tableExists(metaData=org.apache.commons.dbcp.DelegatingDatabaseMetaData@5e73ab1d, schemaName=null, tableName=SCOPE) - start
171394 [main] DEBUG org.dbunit.util.SQLHelper  - close(resultSet=org.apache.commons.dbcp.DelegatingResultSet@6533291) - start
171394 [main] DEBUG org.dbunit.util.SQLHelper  - close(resultSet=org.apache.commons.dbcp.DelegatingResultSet@23d270d5) - start
171394 [main] DEBUG org.dbunit.util.search.DepthFirstSearch  - search:SCOPEDCONTENT_SCOPEDCONTENTITEM
171394 [main] DEBUG org.dbunit.util.search.DepthFirstSearch  - already searched; returning true
171394 [main] DEBUG org.dbunit.util.search.DepthFirstSearch  - search:SCOPEDCONTENT
171394 [main] DEBUG org.dbunit.util.search.DepthFirstSearch  - already searched; returning true
171394 [main] DEBUG org.dbunit.util.search.DepthFirstSearch  - search:SCOPEDCONTENTITEM
171394 [main] DEBUG org.dbunit.util.search.DepthFirstSearch  - already searched; returning true
171394 [main] DEBUG org.dbunit.util.search.DepthFirstSearch  - search:SCOPE
171394 [main] DEBUG org.dbunit.util.search.DepthFirstSearch  - already searched; returning true
171394 [main] DEBUG org.dbunit.database.DatabaseSequenceFilter  - getDependencyInfo(connection=_databaseConfig=org.dbunit.database.DatabaseConfig[, _propertyMap={http://www.dbunit.org/properties/statementFactory=org.dbunit.database.statement.PreparedStatementFactory@626bc2b8, http://www.dbunit.org/features/caseSensitiveTableNames=false, http://www.dbunit.org/properties/fetchSize=100, http://www.dbunit.org/features/batchedStatements=false, http://www.dbunit.org/properties/metadataHandler=org.dbunit.database.DefaultMetadataHandler@62baffef, http://www.dbunit.org/properties/datatypeFactory=org.dbunit.dataset.datatype.DefaultDataTypeFactory[_toleratedDeltaMap=org.dbunit.dataset.datatype.ToleratedDeltaMap@6452310a], http://www.dbunit.org/properties/escapePattern=null, http://www.dbunit.org/properties/batchSize=100, http://www.dbunit.org/features/qualifiedTableNames=false, http://www.dbunit.org/properties/tableType=[Ljava.lang.String;@5011bafa, http://www.dbunit.org/properties/resultSetTableFactory=org.dbunit.database.CachedResultSetTableFactory@10bcf083, http://www.dbunit.org/features/datatypeWarning=true}], _dataSet=AbstractDataSet[_orderedTableNameMap=null], tableName=SCOPE_REQUESTCONTEXT) - start
171394 [main] DEBUG org.dbunit.database.search.TablesDependencyHelper  - getDependentTables(connection=_databaseConfig=org.dbunit.database.DatabaseConfig[, _propertyMap={http://www.dbunit.org/properties/statementFactory=org.dbunit.database.statement.PreparedStatementFactory@626bc2b8, http://www.dbunit.org/features/caseSensitiveTableNames=false, http://www.dbunit.org/properties/fetchSize=100, http://www.dbunit.org/features/batchedStatements=false, http://www.dbunit.org/properties/metadataHandler=org.dbunit.database.DefaultMetadataHandler@62baffef, http://www.dbunit.org/properties/datatypeFactory=org.dbunit.dataset.datatype.DefaultDataTypeFactory[_toleratedDeltaMap=org.dbunit.dataset.datatype.ToleratedDeltaMap@6452310a], http://www.dbunit.org/properties/escapePattern=null, http://www.dbunit.org/properties/batchSize=100, http://www.dbunit.org/features/qualifiedTableNames=false, http://www.dbunit.org/properties/tableType=[Ljava.lang.String;@5011bafa, http://www.dbunit.org/properties/resultSetTableFactory=org.dbunit.database.CachedResultSetTableFactory@10bcf083, http://www.dbunit.org/features/datatypeWarning=true}], _dataSet=AbstractDataSet[_orderedTableNameMap=null], rootTable=SCOPE_REQUESTCONTEXT) - start
171394 [main] DEBUG org.dbunit.database.search.TablesDependencyHelper  - getDependentTables(connection=_databaseConfig=org.dbunit.database.DatabaseConfig[, _propertyMap={http://www.dbunit.org/properties/statementFactory=org.dbunit.database.statement.PreparedStatementFactory@626bc2b8, http://www.dbunit.org/features/caseSensitiveTableNames=false, http://www.dbunit.org/properties/fetchSize=100, http://www.dbunit.org/features/batchedStatements=false, http://www.dbunit.org/properties/metadataHandler=org.dbunit.database.DefaultMetadataHandler@62baffef, http://www.dbunit.org/properties/datatypeFactory=org.dbunit.dataset.datatype.DefaultDataTypeFactory[_toleratedDeltaMap=org.dbunit.dataset.datatype.ToleratedDeltaMap@6452310a], http://www.dbunit.org/properties/escapePattern=null, http://www.dbunit.org/properties/batchSize=100, http://www.dbunit.org/features/qualifiedTableNames=false, http://www.dbunit.org/properties/tableType=[Ljava.lang.String;@5011bafa, http://www.dbunit.org/properties/resultSetTableFactory=org.dbunit.database.CachedResultSetTableFactory@10bcf083, http://www.dbunit.org/features/datatypeWarning=true}], _dataSet=AbstractDataSet[_orderedTableNameMap=null], rootTables=[SCOPE_REQUESTCONTEXT]) - start
171394 [main] DEBUG org.dbunit.util.search.DepthFirstSearch  - search(nodesFrom=[SCOPE_REQUESTCONTEXT], callback=org.dbunit.database.search.ImportedKeysSearchCallback@d70bcf3) - start
171394 [main] DEBUG org.dbunit.util.CollectionsHelper  - objectsToSet(objects=SCOPE_REQUESTCONTEXT) - start
171394 [main] DEBUG org.dbunit.util.search.DepthFirstSearch  - search(nodesFrom=[SCOPE_REQUESTCONTEXT], callback=org.dbunit.database.search.ImportedKeysSearchCallback@d70bcf3) - start
171394 [main] DEBUG org.dbunit.util.search.DepthFirstSearch  - reverseSearch:SCOPE_REQUESTCONTEXT
171394 [main] DEBUG org.dbunit.database.search.ImportedKeysSearchCallback  - searchNode(node=SCOPE_REQUESTCONTEXT) - start
171394 [main] DEBUG org.dbunit.util.search.DepthFirstSearch  - Pushing (reverse) SCOPE_REQUESTCONTEXT
171395 [main] DEBUG org.dbunit.database.search.ImportedKeysSearchCallback  - getEdges(node=SCOPE_REQUESTCONTEXT) - start
171395 [main] DEBUG org.dbunit.database.search.AbstractMetaDataBasedSearchCallback  - getNodesFromImportedKeys(node=SCOPE_REQUESTCONTEXT) - start
171395 [main] DEBUG org.dbunit.database.search.AbstractMetaDataBasedSearchCallback  - getNodes(type=0, node=SCOPE_REQUESTCONTEXT) - start
171395 [main] DEBUG org.dbunit.database.DatabaseDataSourceConnection  - getConnection() - start
171395 [main] DEBUG org.dbunit.database.search.AbstractMetaDataBasedSearchCallback  - getNodes(type=0, node=SCOPE_REQUESTCONTEXT, conn=Transaction-aware proxy for target Connection [jdbc:hsqldb:mem:kontrollDS, UserName=sw, HSQL Database Engine Driver], schema=null, metaData=org.apache.commons.dbcp.DelegatingDatabaseMetaData@6484fc69, edges=[]) - start
171395 [main] DEBUG org.dbunit.database.search.AbstractMetaDataBasedSearchCallback  - Getting edges for node SCOPE_REQUESTCONTEXT
171395 [main] TRACE org.dbunit.database.DatabaseConfig  - getProperty(name=http://www.dbunit.org/properties/metadataHandler) - start
171395 [main] TRACE org.dbunit.database.DefaultMetadataHandler  - tableExists(metaData=org.apache.commons.dbcp.DelegatingDatabaseMetaData@6484fc69, schemaName=null, tableName=SCOPE_REQUESTCONTEXT) - start
171396 [main] DEBUG org.dbunit.util.SQLHelper  - close(resultSet=org.apache.commons.dbcp.DelegatingResultSet@5f604505) - start
171396 [main] DEBUG org.dbunit.util.QualifiedTableName  - getQualifiedNameIfEnabled(config=org.dbunit.database.DatabaseConfig[, _propertyMap={http://www.dbunit.org/properties/statementFactory=org.dbunit.database.statement.PreparedStatementFactory@626bc2b8, http://www.dbunit.org/features/caseSensitiveTableNames=false, http://www.dbunit.org/properties/fetchSize=100, http://www.dbunit.org/features/batchedStatements=false, http://www.dbunit.org/properties/metadataHandler=org.dbunit.database.DefaultMetadataHandler@62baffef, http://www.dbunit.org/properties/datatypeFactory=org.dbunit.dataset.datatype.DefaultDataTypeFactory[_toleratedDeltaMap=org.dbunit.dataset.datatype.ToleratedDeltaMap@6452310a], http://www.dbunit.org/properties/escapePattern=null, http://www.dbunit.org/properties/batchSize=100, http://www.dbunit.org/features/qualifiedTableNames=false, http://www.dbunit.org/properties/tableType=[Ljava.lang.String;@5011bafa, http://www.dbunit.org/properties/resultSetTableFactory=org.dbunit.database.CachedResultSetTableFactory@10bcf083, http://www.dbunit.org/features/datatypeWarning=true}]) - start
171396 [main] TRACE org.dbunit.database.DatabaseConfig  - getFeature(name=http://www.dbunit.org/features/qualifiedTableNames) - start
171396 [main] TRACE org.dbunit.database.DatabaseConfig  - getProperty(name=http://www.dbunit.org/features/qualifiedTableNames) - start
171396 [main] DEBUG org.dbunit.util.QualifiedTableName  - Qualified table names feature is disabled. Returning plain table name
171396 [main] DEBUG org.dbunit.util.QualifiedTableName  - getQualifiedName(prefix=null, name=SCOPE_REQUESTCONTEXT, escapePattern=null) - start
171396 [main] DEBUG org.dbunit.util.QualifiedTableName  - getQualifiedNameIfEnabled(config=org.dbunit.database.DatabaseConfig[, _propertyMap={http://www.dbunit.org/properties/statementFactory=org.dbunit.database.statement.PreparedStatementFactory@626bc2b8, http://www.dbunit.org/features/caseSensitiveTableNames=false, http://www.dbunit.org/properties/fetchSize=100, http://www.dbunit.org/features/batchedStatements=false, http://www.dbunit.org/properties/metadataHandler=org.dbunit.database.DefaultMetadataHandler@62baffef, http://www.dbunit.org/properties/datatypeFactory=org.dbunit.dataset.datatype.DefaultDataTypeFactory[_toleratedDeltaMap=org.dbunit.dataset.datatype.ToleratedDeltaMap@6452310a], http://www.dbunit.org/properties/escapePattern=null, http://www.dbunit.org/properties/batchSize=100, http://www.dbunit.org/features/qualifiedTableNames=false, http://www.dbunit.org/properties/tableType=[Ljava.lang.String;@5011bafa, http://www.dbunit.org/properties/resultSetTableFactory=org.dbunit.database.CachedResultSetTableFactory@10bcf083, http://www.dbunit.org/features/datatypeWarning=true}]) - start
171396 [main] TRACE org.dbunit.database.DatabaseConfig  - getFeature(name=http://www.dbunit.org/features/qualifiedTableNames) - start
171396 [main] TRACE org.dbunit.database.DatabaseConfig  - getProperty(name=http://www.dbunit.org/features/qualifiedTableNames) - start
171396 [main] DEBUG org.dbunit.util.QualifiedTableName  - Qualified table names feature is disabled. Returning plain table name
171396 [main] DEBUG org.dbunit.util.QualifiedTableName  - getQualifiedName(prefix=null, name=REQUESTCONTEXT, escapePattern=null) - start
171396 [main] DEBUG org.dbunit.database.search.AbstractMetaDataBasedSearchCallback  - newEdge(rs=org.apache.commons.dbcp.DelegatingResultSet@27fdc534, type=0, from=SCOPE_REQUESTCONTEXT, to=REQUESTCONTEXT, fkColumn=REQUEST_CONTEXT_ID, pkColumn=ID) - start
171397 [main] DEBUG org.dbunit.database.search.AbstractMetaDataBasedSearchCallback  - createFKEdge(rs=org.apache.commons.dbcp.DelegatingResultSet@27fdc534, type=0, from=SCOPE_REQUESTCONTEXT, to=REQUESTCONTEXT, fkColumn=REQUEST_CONTEXT_ID, pkColumn=ID) - start
171397 [main] DEBUG org.dbunit.database.search.AbstractMetaDataBasedSearchCallback  - Adding edge SCOPE_REQUESTCONTEXT(REQUEST_CONTEXT_ID)->REQUESTCONTEXT(ID)
171397 [main] DEBUG org.dbunit.util.search.Edge  - compareTo(o=SCOPE_REQUESTCONTEXT(REQUEST_CONTEXT_ID)->REQUESTCONTEXT(ID)) - start
171397 [main] DEBUG org.dbunit.util.QualifiedTableName  - getQualifiedNameIfEnabled(config=org.dbunit.database.DatabaseConfig[, _propertyMap={http://www.dbunit.org/properties/statementFactory=org.dbunit.database.statement.PreparedStatementFactory@626bc2b8, http://www.dbunit.org/features/caseSensitiveTableNames=false, http://www.dbunit.org/properties/fetchSize=100, http://www.dbunit.org/features/batchedStatements=false, http://www.dbunit.org/properties/metadataHandler=org.dbunit.database.DefaultMetadataHandler@62baffef, http://www.dbunit.org/properties/datatypeFactory=org.dbunit.dataset.datatype.DefaultDataTypeFactory[_toleratedDeltaMap=org.dbunit.dataset.datatype.ToleratedDeltaMap@6452310a], http://www.dbunit.org/properties/escapePattern=null, http://www.dbunit.org/properties/batchSize=100, http://www.dbunit.org/features/qualifiedTableNames=false, http://www.dbunit.org/properties/tableType=[Ljava.lang.String;@5011bafa, http://www.dbunit.org/properties/resultSetTableFactory=org.dbunit.database.CachedResultSetTableFactory@10bcf083, http://www.dbunit.org/features/datatypeWarning=true}]) - start
171397 [main] TRACE org.dbunit.database.DatabaseConfig  - getFeature(name=http://www.dbunit.org/features/qualifiedTableNames) - start
171397 [main] TRACE org.dbunit.database.DatabaseConfig  - getProperty(name=http://www.dbunit.org/features/qualifiedTableNames) - start
171397 [main] DEBUG org.dbunit.util.QualifiedTableName  - Qualified table names feature is disabled. Returning plain table name
171397 [main] DEBUG org.dbunit.util.QualifiedTableName  - getQualifiedName(prefix=null, name=SCOPE_REQUESTCONTEXT, escapePattern=null) - start
171397 [main] DEBUG org.dbunit.util.QualifiedTableName  - getQualifiedNameIfEnabled(config=org.dbunit.database.DatabaseConfig[, _propertyMap={http://www.dbunit.org/properties/statementFactory=org.dbunit.database.statement.PreparedStatementFactory@626bc2b8, http://www.dbunit.org/features/caseSensitiveTableNames=false, http://www.dbunit.org/properties/fetchSize=100, http://www.dbunit.org/features/batchedStatements=false, http://www.dbunit.org/properties/metadataHandler=org.dbunit.database.DefaultMetadataHandler@62baffef, http://www.dbunit.org/properties/datatypeFactory=org.dbunit.dataset.datatype.DefaultDataTypeFactory[_toleratedDeltaMap=org.dbunit.dataset.datatype.ToleratedDeltaMap@6452310a], http://www.dbunit.org/properties/escapePattern=null, http://www.dbunit.org/properties/batchSize=100, http://www.dbunit.org/features/qualifiedTableNames=false, http://www.dbunit.org/properties/tableType=[Ljava.lang.String;@5011bafa, http://www.dbunit.org/properties/resultSetTableFactory=org.dbunit.database.CachedResultSetTableFactory@10bcf083, http://www.dbunit.org/features/datatypeWarning=true}]) - start
171397 [main] TRACE org.dbunit.database.DatabaseConfig  - getFeature(name=http://www.dbunit.org/features/qualifiedTableNames) - start
171397 [main] TRACE org.dbunit.database.DatabaseConfig  - getProperty(name=http://www.dbunit.org/features/qualifiedTableNames) - start
171397 [main] DEBUG org.dbunit.util.QualifiedTableName  - Qualified table names feature is disabled. Returning plain table name
171397 [main] DEBUG org.dbunit.util.QualifiedTableName  - getQualifiedName(prefix=null, name=SCOPE, escapePattern=null) - start
171397 [main] DEBUG org.dbunit.database.search.AbstractMetaDataBasedSearchCallback  - newEdge(rs=org.apache.commons.dbcp.DelegatingResultSet@27fdc534, type=0, from=SCOPE_REQUESTCONTEXT, to=SCOPE, fkColumn=SCOPE_ID, pkColumn=ID) - start
171397 [main] DEBUG org.dbunit.database.search.AbstractMetaDataBasedSearchCallback  - createFKEdge(rs=org.apache.commons.dbcp.DelegatingResultSet@27fdc534, type=0, from=SCOPE_REQUESTCONTEXT, to=SCOPE, fkColumn=SCOPE_ID, pkColumn=ID) - start
171397 [main] DEBUG org.dbunit.database.search.AbstractMetaDataBasedSearchCallback  - Adding edge SCOPE_REQUESTCONTEXT(SCOPE_ID)->SCOPE(ID)
171397 [main] DEBUG org.dbunit.util.search.Edge  - compareTo(o=SCOPE_REQUESTCONTEXT(REQUEST_CONTEXT_ID)->REQUESTCONTEXT(ID)) - start
171397 [main] DEBUG org.dbunit.util.SQLHelper  - close(resultSet=org.apache.commons.dbcp.DelegatingResultSet@27fdc534) - start
171397 [main] DEBUG org.dbunit.util.search.DepthFirstSearch  - search:SCOPE_REQUESTCONTEXT
171397 [main] DEBUG org.dbunit.database.search.ImportedKeysSearchCallback  - searchNode(node=SCOPE_REQUESTCONTEXT) - start
171397 [main] DEBUG org.dbunit.util.search.DepthFirstSearch  - Pushing SCOPE_REQUESTCONTEXT
171397 [main] DEBUG org.dbunit.database.search.ImportedKeysSearchCallback  - getEdges(node=SCOPE_REQUESTCONTEXT) - start
171397 [main] DEBUG org.dbunit.database.search.AbstractMetaDataBasedSearchCallback  - getNodesFromImportedKeys(node=SCOPE_REQUESTCONTEXT) - start
171397 [main] DEBUG org.dbunit.database.search.AbstractMetaDataBasedSearchCallback  - getNodes(type=0, node=SCOPE_REQUESTCONTEXT) - start
171397 [main] DEBUG org.dbunit.database.DatabaseDataSourceConnection  - getConnection() - start
171397 [main] DEBUG org.dbunit.database.search.AbstractMetaDataBasedSearchCallback  - getNodes(type=0, node=SCOPE_REQUESTCONTEXT, conn=Transaction-aware proxy for target Connection [jdbc:hsqldb:mem:kontrollDS, UserName=sw, HSQL Database Engine Driver], schema=null, metaData=org.apache.commons.dbcp.DelegatingDatabaseMetaData@59ded6f, edges=[]) - start
171398 [main] DEBUG org.dbunit.database.search.AbstractMetaDataBasedSearchCallback  - Getting edges for node SCOPE_REQUESTCONTEXT
171398 [main] TRACE org.dbunit.database.DatabaseConfig  - getProperty(name=http://www.dbunit.org/properties/metadataHandler) - start
171398 [main] TRACE org.dbunit.database.DefaultMetadataHandler  - tableExists(metaData=org.apache.commons.dbcp.DelegatingDatabaseMetaData@59ded6f, schemaName=null, tableName=SCOPE_REQUESTCONTEXT) - start
171399 [main] DEBUG org.dbunit.util.SQLHelper  - close(resultSet=org.apache.commons.dbcp.DelegatingResultSet@7cfecfcb) - start
171399 [main] DEBUG org.dbunit.util.QualifiedTableName  - getQualifiedNameIfEnabled(config=org.dbunit.database.DatabaseConfig[, _propertyMap={http://www.dbunit.org/properties/statementFactory=org.dbunit.database.statement.PreparedStatementFactory@626bc2b8, http://www.dbunit.org/features/caseSensitiveTableNames=false, http://www.dbunit.org/properties/fetchSize=100, http://www.dbunit.org/features/batchedStatements=false, http://www.dbunit.org/properties/metadataHandler=org.dbunit.database.DefaultMetadataHandler@62baffef, http://www.dbunit.org/properties/datatypeFactory=org.dbunit.dataset.datatype.DefaultDataTypeFactory[_toleratedDeltaMap=org.dbunit.dataset.datatype.ToleratedDeltaMap@6452310a], http://www.dbunit.org/properties/escapePattern=null, http://www.dbunit.org/properties/batchSize=100, http://www.dbunit.org/features/qualifiedTableNames=false, http://www.dbunit.org/properties/tableType=[Ljava.lang.String;@5011bafa, http://www.dbunit.org/properties/resultSetTableFactory=org.dbunit.database.CachedResultSetTableFactory@10bcf083, http://www.dbunit.org/features/datatypeWarning=true}]) - start
171399 [main] TRACE org.dbunit.database.DatabaseConfig  - getFeature(name=http://www.dbunit.org/features/qualifiedTableNames) - start
171399 [main] TRACE org.dbunit.database.DatabaseConfig  - getProperty(name=http://www.dbunit.org/features/qualifiedTableNames) - start
171399 [main] DEBUG org.dbunit.util.QualifiedTableName  - Qualified table names feature is disabled. Returning plain table name
171399 [main] DEBUG org.dbunit.util.QualifiedTableName  - getQualifiedName(prefix=null, name=SCOPE_REQUESTCONTEXT, escapePattern=null) - start
171399 [main] DEBUG org.dbunit.util.QualifiedTableName  - getQualifiedNameIfEnabled(config=org.dbunit.database.DatabaseConfig[, _propertyMap={http://www.dbunit.org/properties/statementFactory=org.dbunit.database.statement.PreparedStatementFactory@626bc2b8, http://www.dbunit.org/features/caseSensitiveTableNames=false, http://www.dbunit.org/properties/fetchSize=100, http://www.dbunit.org/features/batchedStatements=false, http://www.dbunit.org/properties/metadataHandler=org.dbunit.database.DefaultMetadataHandler@62baffef, http://www.dbunit.org/properties/datatypeFactory=org.dbunit.dataset.datatype.DefaultDataTypeFactory[_toleratedDeltaMap=org.dbunit.dataset.datatype.ToleratedDeltaMap@6452310a], http://www.dbunit.org/properties/escapePattern=null, http://www.dbunit.org/properties/batchSize=100, http://www.dbunit.org/features/qualifiedTableNames=false, http://www.dbunit.org/properties/tableType=[Ljava.lang.String;@5011bafa, http://www.dbunit.org/properties/resultSetTableFactory=org.dbunit.database.CachedResultSetTableFactory@10bcf083, http://www.dbunit.org/features/datatypeWarning=true}]) - start
171399 [main] TRACE org.dbunit.database.DatabaseConfig  - getFeature(name=http://www.dbunit.org/features/qualifiedTableNames) - start
171399 [main] TRACE org.dbunit.database.DatabaseConfig  - getProperty(name=http://www.dbunit.org/features/qualifiedTableNames) - start
171399 [main] DEBUG org.dbunit.util.QualifiedTableName  - Qualified table names feature is disabled. Returning plain table name
171399 [main] DEBUG org.dbunit.util.QualifiedTableName  - getQualifiedName(prefix=null, name=REQUESTCONTEXT, escapePattern=null) - start
171399 [main] DEBUG org.dbunit.database.search.AbstractMetaDataBasedSearchCallback  - newEdge(rs=org.apache.commons.dbcp.DelegatingResultSet@5b18a9a6, type=0, from=SCOPE_REQUESTCONTEXT, to=REQUESTCONTEXT, fkColumn=REQUEST_CONTEXT_ID, pkColumn=ID) - start
171399 [main] DEBUG org.dbunit.database.search.AbstractMetaDataBasedSearchCallback  - createFKEdge(rs=org.apache.commons.dbcp.DelegatingResultSet@5b18a9a6, type=0, from=SCOPE_REQUESTCONTEXT, to=REQUESTCONTEXT, fkColumn=REQUEST_CONTEXT_ID, pkColumn=ID) - start
171399 [main] DEBUG org.dbunit.database.search.AbstractMetaDataBasedSearchCallback  - Adding edge SCOPE_REQUESTCONTEXT(REQUEST_CONTEXT_ID)->REQUESTCONTEXT(ID)
171399 [main] DEBUG org.dbunit.util.search.Edge  - compareTo(o=SCOPE_REQUESTCONTEXT(REQUEST_CONTEXT_ID)->REQUESTCONTEXT(ID)) - start
171399 [main] DEBUG org.dbunit.util.QualifiedTableName  - getQualifiedNameIfEnabled(config=org.dbunit.database.DatabaseConfig[, _propertyMap={http://www.dbunit.org/properties/statementFactory=org.dbunit.database.statement.PreparedStatementFactory@626bc2b8, http://www.dbunit.org/features/caseSensitiveTableNames=false, http://www.dbunit.org/properties/fetchSize=100, http://www.dbunit.org/features/batchedStatements=false, http://www.dbunit.org/properties/metadataHandler=org.dbunit.database.DefaultMetadataHandler@62baffef, http://www.dbunit.org/properties/datatypeFactory=org.dbunit.dataset.datatype.DefaultDataTypeFactory[_toleratedDeltaMap=org.dbunit.dataset.datatype.ToleratedDeltaMap@6452310a], http://www.dbunit.org/properties/escapePattern=null, http://www.dbunit.org/properties/batchSize=100, http://www.dbunit.org/features/qualifiedTableNames=false, http://www.dbunit.org/properties/tableType=[Ljava.lang.String;@5011bafa, http://www.dbunit.org/properties/resultSetTableFactory=org.dbunit.database.CachedResultSetTableFactory@10bcf083, http://www.dbunit.org/features/datatypeWarning=true}]) - start
171399 [main] TRACE org.dbunit.database.DatabaseConfig  - getFeature(name=http://www.dbunit.org/features/qualifiedTableNames) - start
171400 [main] TRACE org.dbunit.database.DatabaseConfig  - getProperty(name=http://www.dbunit.org/features/qualifiedTableNames) - start
171400 [main] DEBUG org.dbunit.util.QualifiedTableName  - Qualified table names feature is disabled. Returning plain table name
171400 [main] DEBUG org.dbunit.util.QualifiedTableName  - getQualifiedName(prefix=null, name=SCOPE_REQUESTCONTEXT, escapePattern=null) - start
171400 [main] DEBUG org.dbunit.util.QualifiedTableName  - getQualifiedNameIfEnabled(config=org.dbunit.database.DatabaseConfig[, _propertyMap={http://www.dbunit.org/properties/statementFactory=org.dbunit.database.statement.PreparedStatementFactory@626bc2b8, http://www.dbunit.org/features/caseSensitiveTableNames=false, http://www.dbunit.org/properties/fetchSize=100, http://www.dbunit.org/features/batchedStatements=false, http://www.dbunit.org/properties/metadataHandler=org.dbunit.database.DefaultMetadataHandler@62baffef, http://www.dbunit.org/properties/datatypeFactory=org.dbunit.dataset.datatype.DefaultDataTypeFactory[_toleratedDeltaMap=org.dbunit.dataset.datatype.ToleratedDeltaMap@6452310a], http://www.dbunit.org/properties/escapePattern=null, http://www.dbunit.org/properties/batchSize=100, http://www.dbunit.org/features/qualifiedTableNames=false, http://www.dbunit.org/properties/tableType=[Ljava.lang.String;@5011bafa, http://www.dbunit.org/properties/resultSetTableFactory=org.dbunit.database.CachedResultSetTableFactory@10bcf083, http://www.dbunit.org/features/datatypeWarning=true}]) - start
171400 [main] TRACE org.dbunit.database.DatabaseConfig  - getFeature(name=http://www.dbunit.org/features/qualifiedTableNames) - start
171400 [main] TRACE org.dbunit.database.DatabaseConfig  - getProperty(name=http://www.dbunit.org/features/qualifiedTableNames) - start
171400 [main] DEBUG org.dbunit.util.QualifiedTableName  - Qualified table names feature is disabled. Returning plain table name
171400 [main] DEBUG org.dbunit.util.QualifiedTableName  - getQualifiedName(prefix=null, name=SCOPE, escapePattern=null) - start
171400 [main] DEBUG org.dbunit.database.search.AbstractMetaDataBasedSearchCallback  - newEdge(rs=org.apache.commons.dbcp.DelegatingResultSet@5b18a9a6, type=0, from=SCOPE_REQUESTCONTEXT, to=SCOPE, fkColumn=SCOPE_ID, pkColumn=ID) - start
171400 [main] DEBUG org.dbunit.database.search.AbstractMetaDataBasedSearchCallback  - createFKEdge(rs=org.apache.commons.dbcp.DelegatingResultSet@5b18a9a6, type=0, from=SCOPE_REQUESTCONTEXT, to=SCOPE, fkColumn=SCOPE_ID, pkColumn=ID) - start
171400 [main] DEBUG org.dbunit.database.search.AbstractMetaDataBasedSearchCallback  - Adding edge SCOPE_REQUESTCONTEXT(SCOPE_ID)->SCOPE(ID)
171400 [main] DEBUG org.dbunit.util.search.Edge  - compareTo(o=SCOPE_REQUESTCONTEXT(REQUEST_CONTEXT_ID)->REQUESTCONTEXT(ID)) - start
171400 [main] DEBUG org.dbunit.util.SQLHelper  - close(resultSet=org.apache.commons.dbcp.DelegatingResultSet@5b18a9a6) - start
171400 [main] DEBUG org.dbunit.util.search.DepthFirstSearch  - search:REQUESTCONTEXT
171400 [main] DEBUG org.dbunit.database.search.ImportedKeysSearchCallback  - searchNode(node=REQUESTCONTEXT) - start
171400 [main] DEBUG org.dbunit.util.search.DepthFirstSearch  - Pushing REQUESTCONTEXT
171400 [main] DEBUG org.dbunit.database.search.ImportedKeysSearchCallback  - getEdges(node=REQUESTCONTEXT) - start
171400 [main] DEBUG org.dbunit.database.search.AbstractMetaDataBasedSearchCallback  - getNodesFromImportedKeys(node=REQUESTCONTEXT) - start
171400 [main] DEBUG org.dbunit.database.search.AbstractMetaDataBasedSearchCallback  - getNodes(type=0, node=REQUESTCONTEXT) - start
171400 [main] DEBUG org.dbunit.database.DatabaseDataSourceConnection  - getConnection() - start
171400 [main] DEBUG org.dbunit.database.search.AbstractMetaDataBasedSearchCallback  - getNodes(type=0, node=REQUESTCONTEXT, conn=Transaction-aware proxy for target Connection [jdbc:hsqldb:mem:kontrollDS, UserName=sw, HSQL Database Engine Driver], schema=null, metaData=org.apache.commons.dbcp.DelegatingDatabaseMetaData@302a0003, edges=[]) - start
171400 [main] DEBUG org.dbunit.database.search.AbstractMetaDataBasedSearchCallback  - Getting edges for node REQUESTCONTEXT
171400 [main] TRACE org.dbunit.database.DatabaseConfig  - getProperty(name=http://www.dbunit.org/properties/metadataHandler) - start
171400 [main] TRACE org.dbunit.database.DefaultMetadataHandler  - tableExists(metaData=org.apache.commons.dbcp.DelegatingDatabaseMetaData@302a0003, schemaName=null, tableName=REQUESTCONTEXT) - start
171402 [main] DEBUG org.dbunit.util.SQLHelper  - close(resultSet=org.apache.commons.dbcp.DelegatingResultSet@14628d39) - start
171402 [main] DEBUG org.dbunit.util.SQLHelper  - close(resultSet=org.apache.commons.dbcp.DelegatingResultSet@251a4c77) - start
171402 [main] DEBUG org.dbunit.util.search.DepthFirstSearch  - Adding node REQUESTCONTEXT to the final result
171402 [main] DEBUG org.dbunit.util.search.DepthFirstSearch  - search:SCOPE
171402 [main] DEBUG org.dbunit.database.search.ImportedKeysSearchCallback  - searchNode(node=SCOPE) - start
171402 [main] DEBUG org.dbunit.util.search.DepthFirstSearch  - Pushing SCOPE
171402 [main] DEBUG org.dbunit.database.search.ImportedKeysSearchCallback  - getEdges(node=SCOPE) - start
171402 [main] DEBUG org.dbunit.database.search.AbstractMetaDataBasedSearchCallback  - getNodesFromImportedKeys(node=SCOPE) - start
171402 [main] DEBUG org.dbunit.database.search.AbstractMetaDataBasedSearchCallback  - getNodes(type=0, node=SCOPE) - start
171402 [main] DEBUG org.dbunit.database.DatabaseDataSourceConnection  - getConnection() - start
171402 [main] DEBUG org.dbunit.database.search.AbstractMetaDataBasedSearchCallback  - getNodes(type=0, node=SCOPE, conn=Transaction-aware proxy for target Connection [jdbc:hsqldb:mem:kontrollDS, UserName=sw, HSQL Database Engine Driver], schema=null, metaData=org.apache.commons.dbcp.DelegatingDatabaseMetaData@61922ba8, edges=[]) - start
171402 [main] DEBUG org.dbunit.database.search.AbstractMetaDataBasedSearchCallback  - Getting edges for node SCOPE
171402 [main] TRACE org.dbunit.database.DatabaseConfig  - getProperty(name=http://www.dbunit.org/properties/metadataHandler) - start
171402 [main] TRACE org.dbunit.database.DefaultMetadataHandler  - tableExists(metaData=org.apache.commons.dbcp.DelegatingDatabaseMetaData@61922ba8, schemaName=null, tableName=SCOPE) - start
171403 [main] DEBUG org.dbunit.util.SQLHelper  - close(resultSet=org.apache.commons.dbcp.DelegatingResultSet@3c4bbec) - start
171404 [main] DEBUG org.dbunit.util.SQLHelper  - close(resultSet=org.apache.commons.dbcp.DelegatingResultSet@768f474f) - start
171404 [main] DEBUG org.dbunit.util.search.DepthFirstSearch  - Adding node SCOPE to the final result
171404 [main] DEBUG org.dbunit.util.search.DepthFirstSearch  - Adding node SCOPE_REQUESTCONTEXT to the final result
171404 [main] DEBUG org.dbunit.util.search.DepthFirstSearch  - reverseSearch:REQUESTCONTEXT
171404 [main] DEBUG org.dbunit.database.search.ImportedKeysSearchCallback  - searchNode(node=REQUESTCONTEXT) - start
171404 [main] DEBUG org.dbunit.util.search.DepthFirstSearch  - Pushing (reverse) REQUESTCONTEXT
171404 [main] DEBUG org.dbunit.database.search.ImportedKeysSearchCallback  - getEdges(node=REQUESTCONTEXT) - start
171404 [main] DEBUG org.dbunit.database.search.AbstractMetaDataBasedSearchCallback  - getNodesFromImportedKeys(node=REQUESTCONTEXT) - start
171404 [main] DEBUG org.dbunit.database.search.AbstractMetaDataBasedSearchCallback  - getNodes(type=0, node=REQUESTCONTEXT) - start
171404 [main] DEBUG org.dbunit.database.DatabaseDataSourceConnection  - getConnection() - start
171404 [main] DEBUG org.dbunit.database.search.AbstractMetaDataBasedSearchCallback  - getNodes(type=0, node=REQUESTCONTEXT, conn=Transaction-aware proxy for target Connection [jdbc:hsqldb:mem:kontrollDS, UserName=sw, HSQL Database Engine Driver], schema=null, metaData=org.apache.commons.dbcp.DelegatingDatabaseMetaData@3892d058, edges=[]) - start
171404 [main] DEBUG org.dbunit.database.search.AbstractMetaDataBasedSearchCallback  - Getting edges for node REQUESTCONTEXT
171404 [main] TRACE org.dbunit.database.DatabaseConfig  - getProperty(name=http://www.dbunit.org/properties/metadataHandler) - start
171405 [main] TRACE org.dbunit.database.DefaultMetadataHandler  - tableExists(metaData=org.apache.commons.dbcp.DelegatingDatabaseMetaData@3892d058, schemaName=null, tableName=REQUESTCONTEXT) - start
171406 [main] DEBUG org.dbunit.util.SQLHelper  - close(resultSet=org.apache.commons.dbcp.DelegatingResultSet@366b1c64) - start
171406 [main] DEBUG org.dbunit.util.SQLHelper  - close(resultSet=org.apache.commons.dbcp.DelegatingResultSet@204d9d3) - start
171406 [main] DEBUG org.dbunit.util.search.DepthFirstSearch  - reverseSearch:SCOPE_REQUESTCONTEXT
171406 [main] DEBUG org.dbunit.util.search.DepthFirstSearch  - already searched; returning true
171406 [main] DEBUG org.dbunit.util.search.DepthFirstSearch  - reverseSearch:SCOPE
171406 [main] DEBUG org.dbunit.database.search.ImportedKeysSearchCallback  - searchNode(node=SCOPE) - start
171406 [main] DEBUG org.dbunit.util.search.DepthFirstSearch  - Pushing (reverse) SCOPE
171406 [main] DEBUG org.dbunit.database.search.ImportedKeysSearchCallback  - getEdges(node=SCOPE) - start
171406 [main] DEBUG org.dbunit.database.search.AbstractMetaDataBasedSearchCallback  - getNodesFromImportedKeys(node=SCOPE) - start
171406 [main] DEBUG org.dbunit.database.search.AbstractMetaDataBasedSearchCallback  - getNodes(type=0, node=SCOPE) - start
171406 [main] DEBUG org.dbunit.database.DatabaseDataSourceConnection  - getConnection() - start
171406 [main] DEBUG org.dbunit.database.search.AbstractMetaDataBasedSearchCallback  - getNodes(type=0, node=SCOPE, conn=Transaction-aware proxy for target Connection [jdbc:hsqldb:mem:kontrollDS, UserName=sw, HSQL Database Engine Driver], schema=null, metaData=org.apache.commons.dbcp.DelegatingDatabaseMetaData@c78acae, edges=[]) - start
171406 [main] DEBUG org.dbunit.database.search.AbstractMetaDataBasedSearchCallback  - Getting edges for node SCOPE
171407 [main] TRACE org.dbunit.database.DatabaseConfig  - getProperty(name=http://www.dbunit.org/properties/metadataHandler) - start
171407 [main] TRACE org.dbunit.database.DefaultMetadataHandler  - tableExists(metaData=org.apache.commons.dbcp.DelegatingDatabaseMetaData@c78acae, schemaName=null, tableName=SCOPE) - start
171408 [main] DEBUG org.dbunit.util.SQLHelper  - close(resultSet=org.apache.commons.dbcp.DelegatingResultSet@4fd1f0e2) - start
171408 [main] DEBUG org.dbunit.util.SQLHelper  - close(resultSet=org.apache.commons.dbcp.DelegatingResultSet@3ca2ce9e) - start
171408 [main] DEBUG org.dbunit.util.search.DepthFirstSearch  - search:SCOPE_REQUESTCONTEXT
171408 [main] DEBUG org.dbunit.util.search.DepthFirstSearch  - already searched; returning true
171408 [main] DEBUG org.dbunit.util.search.DepthFirstSearch  - search:REQUESTCONTEXT
171408 [main] DEBUG org.dbunit.util.search.DepthFirstSearch  - already searched; returning true
171408 [main] DEBUG org.dbunit.util.search.DepthFirstSearch  - search:SCOPE
171408 [main] DEBUG org.dbunit.util.search.DepthFirstSearch  - already searched; returning true
171408 [main] DEBUG org.dbunit.util.CollectionsHelper  - setToStrings(set=[REQUESTCONTEXT, SCOPE, SCOPE_REQUESTCONTEXT]) - start
171408 [main] DEBUG org.dbunit.database.search.TablesDependencyHelper  - getDependsOnTables(connection=_databaseConfig=org.dbunit.database.DatabaseConfig[, _propertyMap={http://www.dbunit.org/properties/statementFactory=org.dbunit.database.statement.PreparedStatementFactory@626bc2b8, http://www.dbunit.org/features/caseSensitiveTableNames=false, http://www.dbunit.org/properties/fetchSize=100, http://www.dbunit.org/features/batchedStatements=false, http://www.dbunit.org/properties/metadataHandler=org.dbunit.database.DefaultMetadataHandler@62baffef, http://www.dbunit.org/properties/datatypeFactory=org.dbunit.dataset.datatype.DefaultDataTypeFactory[_toleratedDeltaMap=org.dbunit.dataset.datatype.ToleratedDeltaMap@6452310a], http://www.dbunit.org/properties/escapePattern=null, http://www.dbunit.org/properties/batchSize=100, http://www.dbunit.org/features/qualifiedTableNames=false, http://www.dbunit.org/properties/tableType=[Ljava.lang.String;@5011bafa, http://www.dbunit.org/properties/resultSetTableFactory=org.dbunit.database.CachedResultSetTableFactory@10bcf083, http://www.dbunit.org/features/datatypeWarning=true}], _dataSet=AbstractDataSet[_orderedTableNameMap=null], rootTable=SCOPE_REQUESTCONTEXT) - start
171408 [main] DEBUG org.dbunit.util.search.DepthFirstSearch  - search(nodesFrom=[SCOPE_REQUESTCONTEXT], callback=org.dbunit.database.search.ExportedKeysSearchCallback@182224af) - start
171408 [main] DEBUG org.dbunit.util.CollectionsHelper  - objectsToSet(objects=SCOPE_REQUESTCONTEXT) - start
171409 [main] DEBUG org.dbunit.util.search.DepthFirstSearch  - search(nodesFrom=[SCOPE_REQUESTCONTEXT], callback=org.dbunit.database.search.ExportedKeysSearchCallback@182224af) - start
171409 [main] DEBUG org.dbunit.util.search.DepthFirstSearch  - reverseSearch:SCOPE_REQUESTCONTEXT
171409 [main] DEBUG org.dbunit.database.search.ExportedKeysSearchCallback  - searchNode(node=SCOPE_REQUESTCONTEXT) - start
171409 [main] DEBUG org.dbunit.util.search.DepthFirstSearch  - Pushing (reverse) SCOPE_REQUESTCONTEXT
171409 [main] DEBUG org.dbunit.database.search.ExportedKeysSearchCallback  - getEdges(node=SCOPE_REQUESTCONTEXT) - start
171409 [main] DEBUG org.dbunit.database.search.AbstractMetaDataBasedSearchCallback  - getNodesFromExportedKeys(node=SCOPE_REQUESTCONTEXT) - start
171409 [main] DEBUG org.dbunit.database.search.AbstractMetaDataBasedSearchCallback  - getNodes(type=1, node=SCOPE_REQUESTCONTEXT) - start
171409 [main] DEBUG org.dbunit.database.DatabaseDataSourceConnection  - getConnection() - start
171409 [main] DEBUG org.dbunit.database.search.AbstractMetaDataBasedSearchCallback  - getNodes(type=1, node=SCOPE_REQUESTCONTEXT, conn=Transaction-aware proxy for target Connection [jdbc:hsqldb:mem:kontrollDS, UserName=sw, HSQL Database Engine Driver], schema=null, metaData=org.apache.commons.dbcp.DelegatingDatabaseMetaData@69966989, edges=[]) - start
171409 [main] DEBUG org.dbunit.database.search.AbstractMetaDataBasedSearchCallback  - Getting edges for node SCOPE_REQUESTCONTEXT
171409 [main] TRACE org.dbunit.database.DatabaseConfig  - getProperty(name=http://www.dbunit.org/properties/metadataHandler) - start
171409 [main] TRACE org.dbunit.database.DefaultMetadataHandler  - tableExists(metaData=org.apache.commons.dbcp.DelegatingDatabaseMetaData@69966989, schemaName=null, tableName=SCOPE_REQUESTCONTEXT) - start
171410 [main] DEBUG org.dbunit.util.SQLHelper  - close(resultSet=org.apache.commons.dbcp.DelegatingResultSet@50ebe941) - start
171410 [main] DEBUG org.dbunit.util.SQLHelper  - close(resultSet=org.apache.commons.dbcp.DelegatingResultSet@37ea3d06) - start
171410 [main] DEBUG org.dbunit.util.search.DepthFirstSearch  - search:SCOPE_REQUESTCONTEXT
171410 [main] DEBUG org.dbunit.database.search.ExportedKeysSearchCallback  - searchNode(node=SCOPE_REQUESTCONTEXT) - start
171410 [main] DEBUG org.dbunit.util.search.DepthFirstSearch  - Pushing SCOPE_REQUESTCONTEXT
171410 [main] DEBUG org.dbunit.database.search.ExportedKeysSearchCallback  - getEdges(node=SCOPE_REQUESTCONTEXT) - start
171410 [main] DEBUG org.dbunit.database.search.AbstractMetaDataBasedSearchCallback  - getNodesFromExportedKeys(node=SCOPE_REQUESTCONTEXT) - start
171410 [main] DEBUG org.dbunit.database.search.AbstractMetaDataBasedSearchCallback  - getNodes(type=1, node=SCOPE_REQUESTCONTEXT) - start
171410 [main] DEBUG org.dbunit.database.DatabaseDataSourceConnection  - getConnection() - start
171410 [main] DEBUG org.dbunit.database.search.AbstractMetaDataBasedSearchCallback  - getNodes(type=1, node=SCOPE_REQUESTCONTEXT, conn=Transaction-aware proxy for target Connection [jdbc:hsqldb:mem:kontrollDS, UserName=sw, HSQL Database Engine Driver], schema=null, metaData=org.apache.commons.dbcp.DelegatingDatabaseMetaData@734c7197, edges=[]) - start
171410 [main] DEBUG org.dbunit.database.search.AbstractMetaDataBasedSearchCallback  - Getting edges for node SCOPE_REQUESTCONTEXT
171410 [main] TRACE org.dbunit.database.DatabaseConfig  - getProperty(name=http://www.dbunit.org/properties/metadataHandler) - start
171411 [main] TRACE org.dbunit.database.DefaultMetadataHandler  - tableExists(metaData=org.apache.commons.dbcp.DelegatingDatabaseMetaData@734c7197, schemaName=null, tableName=SCOPE_REQUESTCONTEXT) - start
171412 [main] DEBUG org.dbunit.util.SQLHelper  - close(resultSet=org.apache.commons.dbcp.DelegatingResultSet@5017ac3f) - start
171412 [main] DEBUG org.dbunit.util.SQLHelper  - close(resultSet=org.apache.commons.dbcp.DelegatingResultSet@3a826f4c) - start
171412 [main] DEBUG org.dbunit.util.search.DepthFirstSearch  - Adding node SCOPE_REQUESTCONTEXT to the final result
171412 [main] DEBUG org.dbunit.util.CollectionsHelper  - setToStrings(set=[SCOPE_REQUESTCONTEXT]) - start
171412 [main] DEBUG org.dbunit.database.search.TablesDependencyHelper  - getDirectDependsOnTables(connection=_databaseConfig=org.dbunit.database.DatabaseConfig[, _propertyMap={http://www.dbunit.org/properties/statementFactory=org.dbunit.database.statement.PreparedStatementFactory@626bc2b8, http://www.dbunit.org/features/caseSensitiveTableNames=false, http://www.dbunit.org/properties/fetchSize=100, http://www.dbunit.org/features/batchedStatements=false, http://www.dbunit.org/properties/metadataHandler=org.dbunit.database.DefaultMetadataHandler@62baffef, http://www.dbunit.org/properties/datatypeFactory=org.dbunit.dataset.datatype.DefaultDataTypeFactory[_toleratedDeltaMap=org.dbunit.dataset.datatype.ToleratedDeltaMap@6452310a], http://www.dbunit.org/properties/escapePattern=null, http://www.dbunit.org/properties/batchSize=100, http://www.dbunit.org/features/qualifiedTableNames=false, http://www.dbunit.org/properties/tableType=[Ljava.lang.String;@5011bafa, http://www.dbunit.org/properties/resultSetTableFactory=org.dbunit.database.CachedResultSetTableFactory@10bcf083, http://www.dbunit.org/features/datatypeWarning=true}], _dataSet=AbstractDataSet[_orderedTableNameMap=null], tableName=SCOPE_REQUESTCONTEXT) - start
171412 [main] DEBUG org.dbunit.util.search.DepthFirstSearch  - search(nodesFrom=[SCOPE_REQUESTCONTEXT], callback=org.dbunit.database.search.ExportedKeysSearchCallback@733c3978) - start
171412 [main] DEBUG org.dbunit.util.CollectionsHelper  - objectsToSet(objects=SCOPE_REQUESTCONTEXT) - start
171412 [main] DEBUG org.dbunit.util.search.DepthFirstSearch  - search(nodesFrom=[SCOPE_REQUESTCONTEXT], callback=org.dbunit.database.search.ExportedKeysSearchCallback@733c3978) - start
171412 [main] DEBUG org.dbunit.util.search.DepthFirstSearch  - reverseSearch:SCOPE_REQUESTCONTEXT
171412 [main] DEBUG org.dbunit.database.search.ExportedKeysSearchCallback  - searchNode(node=SCOPE_REQUESTCONTEXT) - start
171412 [main] DEBUG org.dbunit.util.search.DepthFirstSearch  - Pushing (reverse) SCOPE_REQUESTCONTEXT
171412 [main] DEBUG org.dbunit.database.search.ExportedKeysSearchCallback  - getEdges(node=SCOPE_REQUESTCONTEXT) - start
171412 [main] DEBUG org.dbunit.database.search.AbstractMetaDataBasedSearchCallback  - getNodesFromExportedKeys(node=SCOPE_REQUESTCONTEXT) - start
171412 [main] DEBUG org.dbunit.database.search.AbstractMetaDataBasedSearchCallback  - getNodes(type=1, node=SCOPE_REQUESTCONTEXT) - start
171412 [main] DEBUG org.dbunit.database.DatabaseDataSourceConnection  - getConnection() - start
171412 [main] DEBUG org.dbunit.database.search.AbstractMetaDataBasedSearchCallback  - getNodes(type=1, node=SCOPE_REQUESTCONTEXT, conn=Transaction-aware proxy for target Connection [jdbc:hsqldb:mem:kontrollDS, UserName=sw, HSQL Database Engine Driver], schema=null, metaData=org.apache.commons.dbcp.DelegatingDatabaseMetaData@76e13062, edges=[]) - start
171413 [main] DEBUG org.dbunit.database.search.AbstractMetaDataBasedSearchCallback  - Getting edges for node SCOPE_REQUESTCONTEXT
171413 [main] TRACE org.dbunit.database.DatabaseConfig  - getProperty(name=http://www.dbunit.org/properties/metadataHandler) - start
171413 [main] TRACE org.dbunit.database.DefaultMetadataHandler  - tableExists(metaData=org.apache.commons.dbcp.DelegatingDatabaseMetaData@76e13062, schemaName=null, tableName=SCOPE_REQUESTCONTEXT) - start
171414 [main] DEBUG org.dbunit.util.SQLHelper  - close(resultSet=org.apache.commons.dbcp.DelegatingResultSet@1083dd89) - start
171414 [main] DEBUG org.dbunit.util.SQLHelper  - close(resultSet=org.apache.commons.dbcp.DelegatingResultSet@2f06b7bb) - start
171414 [main] DEBUG org.dbunit.util.search.DepthFirstSearch  - search:SCOPE_REQUESTCONTEXT
171414 [main] DEBUG org.dbunit.database.search.ExportedKeysSearchCallback  - searchNode(node=SCOPE_REQUESTCONTEXT) - start
171414 [main] DEBUG org.dbunit.util.search.DepthFirstSearch  - Pushing SCOPE_REQUESTCONTEXT
171414 [main] DEBUG org.dbunit.database.search.ExportedKeysSearchCallback  - getEdges(node=SCOPE_REQUESTCONTEXT) - start
171414 [main] DEBUG org.dbunit.database.search.AbstractMetaDataBasedSearchCallback  - getNodesFromExportedKeys(node=SCOPE_REQUESTCONTEXT) - start
171414 [main] DEBUG org.dbunit.database.search.AbstractMetaDataBasedSearchCallback  - getNodes(type=1, node=SCOPE_REQUESTCONTEXT) - start
171414 [main] DEBUG org.dbunit.database.DatabaseDataSourceConnection  - getConnection() - start
171414 [main] DEBUG org.dbunit.database.search.AbstractMetaDataBasedSearchCallback  - getNodes(type=1, node=SCOPE_REQUESTCONTEXT, conn=Transaction-aware proxy for target Connection [jdbc:hsqldb:mem:kontrollDS, UserName=sw, HSQL Database Engine Driver], schema=null, metaData=org.apache.commons.dbcp.DelegatingDatabaseMetaData@62086e1b, edges=[]) - start
171414 [main] DEBUG org.dbunit.database.search.AbstractMetaDataBasedSearchCallback  - Getting edges for node SCOPE_REQUESTCONTEXT
171414 [main] TRACE org.dbunit.database.DatabaseConfig  - getProperty(name=http://www.dbunit.org/properties/metadataHandler) - start
171414 [main] TRACE org.dbunit.database.DefaultMetadataHandler  - tableExists(metaData=org.apache.commons.dbcp.DelegatingDatabaseMetaData@62086e1b, schemaName=null, tableName=SCOPE_REQUESTCONTEXT) - start
171415 [main] DEBUG org.dbunit.util.SQLHelper  - close(resultSet=org.apache.commons.dbcp.DelegatingResultSet@7a58e66a) - start
171416 [main] DEBUG org.dbunit.util.SQLHelper  - close(resultSet=org.apache.commons.dbcp.DelegatingResultSet@1e98cf8f) - start
171416 [main] DEBUG org.dbunit.util.search.DepthFirstSearch  - Adding node SCOPE_REQUESTCONTEXT to the final result
171416 [main] DEBUG org.dbunit.database.search.TablesDependencyHelper  - getDirectDependentTables(connection=_databaseConfig=org.dbunit.database.DatabaseConfig[, _propertyMap={http://www.dbunit.org/properties/statementFactory=org.dbunit.database.statement.PreparedStatementFactory@626bc2b8, http://www.dbunit.org/features/caseSensitiveTableNames=false, http://www.dbunit.org/properties/fetchSize=100, http://www.dbunit.org/features/batchedStatements=false, http://www.dbunit.org/properties/metadataHandler=org.dbunit.database.DefaultMetadataHandler@62baffef, http://www.dbunit.org/properties/datatypeFactory=org.dbunit.dataset.datatype.DefaultDataTypeFactory[_toleratedDeltaMap=org.dbunit.dataset.datatype.ToleratedDeltaMap@6452310a], http://www.dbunit.org/properties/escapePattern=null, http://www.dbunit.org/properties/batchSize=100, http://www.dbunit.org/features/qualifiedTableNames=false, http://www.dbunit.org/properties/tableType=[Ljava.lang.String;@5011bafa, http://www.dbunit.org/properties/resultSetTableFactory=org.dbunit.database.CachedResultSetTableFactory@10bcf083, http://www.dbunit.org/features/datatypeWarning=true}], _dataSet=AbstractDataSet[_orderedTableNameMap=null], tableName=SCOPE_REQUESTCONTEXT) - start
171416 [main] DEBUG org.dbunit.util.search.DepthFirstSearch  - search(nodesFrom=[SCOPE_REQUESTCONTEXT], callback=org.dbunit.database.search.ImportedKeysSearchCallback@62721b22) - start
171418 [main] DEBUG org.dbunit.util.CollectionsHelper  - objectsToSet(objects=SCOPE_REQUESTCONTEXT) - start
171418 [main] DEBUG org.dbunit.util.search.DepthFirstSearch  - search(nodesFrom=[SCOPE_REQUESTCONTEXT], callback=org.dbunit.database.search.ImportedKeysSearchCallback@62721b22) - start
171418 [main] DEBUG org.dbunit.util.search.DepthFirstSearch  - reverseSearch:SCOPE_REQUESTCONTEXT
171418 [main] DEBUG org.dbunit.database.search.ImportedKeysSearchCallback  - searchNode(node=SCOPE_REQUESTCONTEXT) - start
171418 [main] DEBUG org.dbunit.util.search.DepthFirstSearch  - Pushing (reverse) SCOPE_REQUESTCONTEXT
171418 [main] DEBUG org.dbunit.database.search.ImportedKeysSearchCallback  - getEdges(node=SCOPE_REQUESTCONTEXT) - start
171418 [main] DEBUG org.dbunit.database.search.AbstractMetaDataBasedSearchCallback  - getNodesFromImportedKeys(node=SCOPE_REQUESTCONTEXT) - start
171418 [main] DEBUG org.dbunit.database.search.AbstractMetaDataBasedSearchCallback  - getNodes(type=0, node=SCOPE_REQUESTCONTEXT) - start
171418 [main] DEBUG org.dbunit.database.DatabaseDataSourceConnection  - getConnection() - start
171418 [main] DEBUG org.dbunit.database.search.AbstractMetaDataBasedSearchCallback  - getNodes(type=0, node=SCOPE_REQUESTCONTEXT, conn=Transaction-aware proxy for target Connection [jdbc:hsqldb:mem:kontrollDS, UserName=sw, HSQL Database Engine Driver], schema=null, metaData=org.apache.commons.dbcp.DelegatingDatabaseMetaData@315387ac, edges=[]) - start
171418 [main] DEBUG org.dbunit.database.search.AbstractMetaDataBasedSearchCallback  - Getting edges for node SCOPE_REQUESTCONTEXT
171418 [main] TRACE org.dbunit.database.DatabaseConfig  - getProperty(name=http://www.dbunit.org/properties/metadataHandler) - start
171418 [main] TRACE org.dbunit.database.DefaultMetadataHandler  - tableExists(metaData=org.apache.commons.dbcp.DelegatingDatabaseMetaData@315387ac, schemaName=null, tableName=SCOPE_REQUESTCONTEXT) - start
171419 [main] DEBUG org.dbunit.util.SQLHelper  - close(resultSet=org.apache.commons.dbcp.DelegatingResultSet@ca4b03f) - start
171420 [main] DEBUG org.dbunit.util.QualifiedTableName  - getQualifiedNameIfEnabled(config=org.dbunit.database.DatabaseConfig[, _propertyMap={http://www.dbunit.org/properties/statementFactory=org.dbunit.database.statement.PreparedStatementFactory@626bc2b8, http://www.dbunit.org/features/caseSensitiveTableNames=false, http://www.dbunit.org/properties/fetchSize=100, http://www.dbunit.org/features/batchedStatements=false, http://www.dbunit.org/properties/metadataHandler=org.dbunit.database.DefaultMetadataHandler@62baffef, http://www.dbunit.org/properties/datatypeFactory=org.dbunit.dataset.datatype.DefaultDataTypeFactory[_toleratedDeltaMap=org.dbunit.dataset.datatype.ToleratedDeltaMap@6452310a], http://www.dbunit.org/properties/escapePattern=null, http://www.dbunit.org/properties/batchSize=100, http://www.dbunit.org/features/qualifiedTableNames=false, http://www.dbunit.org/properties/tableType=[Ljava.lang.String;@5011bafa, http://www.dbunit.org/properties/resultSetTableFactory=org.dbunit.database.CachedResultSetTableFactory@10bcf083, http://www.dbunit.org/features/datatypeWarning=true}]) - start
171420 [main] TRACE org.dbunit.database.DatabaseConfig  - getFeature(name=http://www.dbunit.org/features/qualifiedTableNames) - start
171420 [main] TRACE org.dbunit.database.DatabaseConfig  - getProperty(name=http://www.dbunit.org/features/qualifiedTableNames) - start
171420 [main] DEBUG org.dbunit.util.QualifiedTableName  - Qualified table names feature is disabled. Returning plain table name
171420 [main] DEBUG org.dbunit.util.QualifiedTableName  - getQualifiedName(prefix=null, name=SCOPE_REQUESTCONTEXT, escapePattern=null) - start
171420 [main] DEBUG org.dbunit.util.QualifiedTableName  - getQualifiedNameIfEnabled(config=org.dbunit.database.DatabaseConfig[, _propertyMap={http://www.dbunit.org/properties/statementFactory=org.dbunit.database.statement.PreparedStatementFactory@626bc2b8, http://www.dbunit.org/features/caseSensitiveTableNames=false, http://www.dbunit.org/properties/fetchSize=100, http://www.dbunit.org/features/batchedStatements=false, http://www.dbunit.org/properties/metadataHandler=org.dbunit.database.DefaultMetadataHandler@62baffef, http://www.dbunit.org/properties/datatypeFactory=org.dbunit.dataset.datatype.DefaultDataTypeFactory[_toleratedDeltaMap=org.dbunit.dataset.datatype.ToleratedDeltaMap@6452310a], http://www.dbunit.org/properties/escapePattern=null, http://www.dbunit.org/properties/batchSize=100, http://www.dbunit.org/features/qualifiedTableNames=false, http://www.dbunit.org/properties/tableType=[Ljava.lang.String;@5011bafa, http://www.dbunit.org/properties/resultSetTableFactory=org.dbunit.database.CachedResultSetTableFactory@10bcf083, http://www.dbunit.org/features/datatypeWarning=true}]) - start
171420 [main] TRACE org.dbunit.database.DatabaseConfig  - getFeature(name=http://www.dbunit.org/features/qualifiedTableNames) - start
171420 [main] TRACE org.dbunit.database.DatabaseConfig  - getProperty(name=http://www.dbunit.org/features/qualifiedTableNames) - start
171420 [main] DEBUG org.dbunit.util.QualifiedTableName  - Qualified table names feature is disabled. Returning plain table name
171420 [main] DEBUG org.dbunit.util.QualifiedTableName  - getQualifiedName(prefix=null, name=REQUESTCONTEXT, escapePattern=null) - start
171420 [main] DEBUG org.dbunit.database.search.AbstractMetaDataBasedSearchCallback  - newEdge(rs=org.apache.commons.dbcp.DelegatingResultSet@7d4bf07f, type=0, from=SCOPE_REQUESTCONTEXT, to=REQUESTCONTEXT, fkColumn=REQUEST_CONTEXT_ID, pkColumn=ID) - start
171420 [main] DEBUG org.dbunit.database.search.AbstractMetaDataBasedSearchCallback  - createFKEdge(rs=org.apache.commons.dbcp.DelegatingResultSet@7d4bf07f, type=0, from=SCOPE_REQUESTCONTEXT, to=REQUESTCONTEXT, fkColumn=REQUEST_CONTEXT_ID, pkColumn=ID) - start
171420 [main] DEBUG org.dbunit.database.search.AbstractMetaDataBasedSearchCallback  - Adding edge SCOPE_REQUESTCONTEXT(REQUEST_CONTEXT_ID)->REQUESTCONTEXT(ID)
171420 [main] DEBUG org.dbunit.util.search.Edge  - compareTo(o=SCOPE_REQUESTCONTEXT(REQUEST_CONTEXT_ID)->REQUESTCONTEXT(ID)) - start
171420 [main] DEBUG org.dbunit.util.QualifiedTableName  - getQualifiedNameIfEnabled(config=org.dbunit.database.DatabaseConfig[, _propertyMap={http://www.dbunit.org/properties/statementFactory=org.dbunit.database.statement.PreparedStatementFactory@626bc2b8, http://www.dbunit.org/features/caseSensitiveTableNames=false, http://www.dbunit.org/properties/fetchSize=100, http://www.dbunit.org/features/batchedStatements=false, http://www.dbunit.org/properties/metadataHandler=org.dbunit.database.DefaultMetadataHandler@62baffef, http://www.dbunit.org/properties/datatypeFactory=org.dbunit.dataset.datatype.DefaultDataTypeFactory[_toleratedDeltaMap=org.dbunit.dataset.datatype.ToleratedDeltaMap@6452310a], http://www.dbunit.org/properties/escapePattern=null, http://www.dbunit.org/properties/batchSize=100, http://www.dbunit.org/features/qualifiedTableNames=false, http://www.dbunit.org/properties/tableType=[Ljava.lang.String;@5011bafa, http://www.dbunit.org/properties/resultSetTableFactory=org.dbunit.database.CachedResultSetTableFactory@10bcf083, http://www.dbunit.org/features/datatypeWarning=true}]) - start
171420 [main] TRACE org.dbunit.database.DatabaseConfig  - getFeature(name=http://www.dbunit.org/features/qualifiedTableNames) - start
171421 [main] TRACE org.dbunit.database.DatabaseConfig  - getProperty(name=http://www.dbunit.org/features/qualifiedTableNames) - start
171421 [main] DEBUG org.dbunit.util.QualifiedTableName  - Qualified table names feature is disabled. Returning plain table name
171421 [main] DEBUG org.dbunit.util.QualifiedTableName  - getQualifiedName(prefix=null, name=SCOPE_REQUESTCONTEXT, escapePattern=null) - start
171421 [main] DEBUG org.dbunit.util.QualifiedTableName  - getQualifiedNameIfEnabled(config=org.dbunit.database.DatabaseConfig[, _propertyMap={http://www.dbunit.org/properties/statementFactory=org.dbunit.database.statement.PreparedStatementFactory@626bc2b8, http://www.dbunit.org/features/caseSensitiveTableNames=false, http://www.dbunit.org/properties/fetchSize=100, http://www.dbunit.org/features/batchedStatements=false, http://www.dbunit.org/properties/metadataHandler=org.dbunit.database.DefaultMetadataHandler@62baffef, http://www.dbunit.org/properties/datatypeFactory=org.dbunit.dataset.datatype.DefaultDataTypeFactory[_toleratedDeltaMap=org.dbunit.dataset.datatype.ToleratedDeltaMap@6452310a], http://www.dbunit.org/properties/escapePattern=null, http://www.dbunit.org/properties/batchSize=100, http://www.dbunit.org/features/qualifiedTableNames=false, http://www.dbunit.org/properties/tableType=[Ljava.lang.String;@5011bafa, http://www.dbunit.org/properties/resultSetTableFactory=org.dbunit.database.CachedResultSetTableFactory@10bcf083, http://www.dbunit.org/features/datatypeWarning=true}]) - start
171421 [main] TRACE org.dbunit.database.DatabaseConfig  - getFeature(name=http://www.dbunit.org/features/qualifiedTableNames) - start
171421 [main] TRACE org.dbunit.database.DatabaseConfig  - getProperty(name=http://www.dbunit.org/features/qualifiedTableNames) - start
171421 [main] DEBUG org.dbunit.util.QualifiedTableName  - Qualified table names feature is disabled. Returning plain table name
171421 [main] DEBUG org.dbunit.util.QualifiedTableName  - getQualifiedName(prefix=null, name=SCOPE, escapePattern=null) - start
171421 [main] DEBUG org.dbunit.database.search.AbstractMetaDataBasedSearchCallback  - newEdge(rs=org.apache.commons.dbcp.DelegatingResultSet@7d4bf07f, type=0, from=SCOPE_REQUESTCONTEXT, to=SCOPE, fkColumn=SCOPE_ID, pkColumn=ID) - start
171421 [main] DEBUG org.dbunit.database.search.AbstractMetaDataBasedSearchCallback  - createFKEdge(rs=org.apache.commons.dbcp.DelegatingResultSet@7d4bf07f, type=0, from=SCOPE_REQUESTCONTEXT, to=SCOPE, fkColumn=SCOPE_ID, pkColumn=ID) - start
171421 [main] DEBUG org.dbunit.database.search.AbstractMetaDataBasedSearchCallback  - Adding edge SCOPE_REQUESTCONTEXT(SCOPE_ID)->SCOPE(ID)
171421 [main] DEBUG org.dbunit.util.search.Edge  - compareTo(o=SCOPE_REQUESTCONTEXT(REQUEST_CONTEXT_ID)->REQUESTCONTEXT(ID)) - start
171421 [main] DEBUG org.dbunit.util.SQLHelper  - close(resultSet=org.apache.commons.dbcp.DelegatingResultSet@7d4bf07f) - start
171421 [main] DEBUG org.dbunit.util.search.DepthFirstSearch  - search:SCOPE_REQUESTCONTEXT
171421 [main] DEBUG org.dbunit.database.search.ImportedKeysSearchCallback  - searchNode(node=SCOPE_REQUESTCONTEXT) - start
171421 [main] DEBUG org.dbunit.util.search.DepthFirstSearch  - Pushing SCOPE_REQUESTCONTEXT
171421 [main] DEBUG org.dbunit.database.search.ImportedKeysSearchCallback  - getEdges(node=SCOPE_REQUESTCONTEXT) - start
171421 [main] DEBUG org.dbunit.database.search.AbstractMetaDataBasedSearchCallback  - getNodesFromImportedKeys(node=SCOPE_REQUESTCONTEXT) - start
171421 [main] DEBUG org.dbunit.database.search.AbstractMetaDataBasedSearchCallback  - getNodes(type=0, node=SCOPE_REQUESTCONTEXT) - start
171421 [main] DEBUG org.dbunit.database.DatabaseDataSourceConnection  - getConnection() - start
171421 [main] DEBUG org.dbunit.database.search.AbstractMetaDataBasedSearchCallback  - getNodes(type=0, node=SCOPE_REQUESTCONTEXT, conn=Transaction-aware proxy for target Connection [jdbc:hsqldb:mem:kontrollDS, UserName=sw, HSQL Database Engine Driver], schema=null, metaData=org.apache.commons.dbcp.DelegatingDatabaseMetaData@49a621d, edges=[]) - start
171422 [main] DEBUG org.dbunit.database.search.AbstractMetaDataBasedSearchCallback  - Getting edges for node SCOPE_REQUESTCONTEXT
171422 [main] TRACE org.dbunit.database.DatabaseConfig  - getProperty(name=http://www.dbunit.org/properties/metadataHandler) - start
171422 [main] TRACE org.dbunit.database.DefaultMetadataHandler  - tableExists(metaData=org.apache.commons.dbcp.DelegatingDatabaseMetaData@49a621d, schemaName=null, tableName=SCOPE_REQUESTCONTEXT) - start
171423 [main] DEBUG org.dbunit.util.SQLHelper  - close(resultSet=org.apache.commons.dbcp.DelegatingResultSet@2469efcb) - start
171423 [main] DEBUG org.dbunit.util.QualifiedTableName  - getQualifiedNameIfEnabled(config=org.dbunit.database.DatabaseConfig[, _propertyMap={http://www.dbunit.org/properties/statementFactory=org.dbunit.database.statement.PreparedStatementFactory@626bc2b8, http://www.dbunit.org/features/caseSensitiveTableNames=false, http://www.dbunit.org/properties/fetchSize=100, http://www.dbunit.org/features/batchedStatements=false, http://www.dbunit.org/properties/metadataHandler=org.dbunit.database.DefaultMetadataHandler@62baffef, http://www.dbunit.org/properties/datatypeFactory=org.dbunit.dataset.datatype.DefaultDataTypeFactory[_toleratedDeltaMap=org.dbunit.dataset.datatype.ToleratedDeltaMap@6452310a], http://www.dbunit.org/properties/escapePattern=null, http://www.dbunit.org/properties/batchSize=100, http://www.dbunit.org/features/qualifiedTableNames=false, http://www.dbunit.org/properties/tableType=[Ljava.lang.String;@5011bafa, http://www.dbunit.org/properties/resultSetTableFactory=org.dbunit.database.CachedResultSetTableFactory@10bcf083, http://www.dbunit.org/features/datatypeWarning=true}]) - start
171424 [main] TRACE org.dbunit.database.DatabaseConfig  - getFeature(name=http://www.dbunit.org/features/qualifiedTableNames) - start
171424 [main] TRACE org.dbunit.database.DatabaseConfig  - getProperty(name=http://www.dbunit.org/features/qualifiedTableNames) - start
171424 [main] DEBUG org.dbunit.util.QualifiedTableName  - Qualified table names feature is disabled. Returning plain table name
171424 [main] DEBUG org.dbunit.util.QualifiedTableName  - getQualifiedName(prefix=null, name=SCOPE_REQUESTCONTEXT, escapePattern=null) - start
171424 [main] DEBUG org.dbunit.util.QualifiedTableName  - getQualifiedNameIfEnabled(config=org.dbunit.database.DatabaseConfig[, _propertyMap={http://www.dbunit.org/properties/statementFactory=org.dbunit.database.statement.PreparedStatementFactory@626bc2b8, http://www.dbunit.org/features/caseSensitiveTableNames=false, http://www.dbunit.org/properties/fetchSize=100, http://www.dbunit.org/features/batchedStatements=false, http://www.dbunit.org/properties/metadataHandler=org.dbunit.database.DefaultMetadataHandler@62baffef, http://www.dbunit.org/properties/datatypeFactory=org.dbunit.dataset.datatype.DefaultDataTypeFactory[_toleratedDeltaMap=org.dbunit.dataset.datatype.ToleratedDeltaMap@6452310a], http://www.dbunit.org/properties/escapePattern=null, http://www.dbunit.org/properties/batchSize=100, http://www.dbunit.org/features/qualifiedTableNames=false, http://www.dbunit.org/properties/tableType=[Ljava.lang.String;@5011bafa, http://www.dbunit.org/properties/resultSetTableFactory=org.dbunit.database.CachedResultSetTableFactory@10bcf083, http://www.dbunit.org/features/datatypeWarning=true}]) - start
171424 [main] TRACE org.dbunit.database.DatabaseConfig  - getFeature(name=http://www.dbunit.org/features/qualifiedTableNames) - start
171424 [main] TRACE org.dbunit.database.DatabaseConfig  - getProperty(name=http://www.dbunit.org/features/qualifiedTableNames) - start
171424 [main] DEBUG org.dbunit.util.QualifiedTableName  - Qualified table names feature is disabled. Returning plain table name
171424 [main] DEBUG org.dbunit.util.QualifiedTableName  - getQualifiedName(prefix=null, name=REQUESTCONTEXT, escapePattern=null) - start
171424 [main] DEBUG org.dbunit.database.search.AbstractMetaDataBasedSearchCallback  - newEdge(rs=org.apache.commons.dbcp.DelegatingResultSet@708aebf5, type=0, from=SCOPE_REQUESTCONTEXT, to=REQUESTCONTEXT, fkColumn=REQUEST_CONTEXT_ID, pkColumn=ID) - start
171424 [main] DEBUG org.dbunit.database.search.AbstractMetaDataBasedSearchCallback  - createFKEdge(rs=org.apache.commons.dbcp.DelegatingResultSet@708aebf5, type=0, from=SCOPE_REQUESTCONTEXT, to=REQUESTCONTEXT, fkColumn=REQUEST_CONTEXT_ID, pkColumn=ID) - start
171424 [main] DEBUG org.dbunit.database.search.AbstractMetaDataBasedSearchCallback  - Adding edge SCOPE_REQUESTCONTEXT(REQUEST_CONTEXT_ID)->REQUESTCONTEXT(ID)
171424 [main] DEBUG org.dbunit.util.search.Edge  - compareTo(o=SCOPE_REQUESTCONTEXT(REQUEST_CONTEXT_ID)->REQUESTCONTEXT(ID)) - start
171424 [main] DEBUG org.dbunit.util.QualifiedTableName  - getQualifiedNameIfEnabled(config=org.dbunit.database.DatabaseConfig[, _propertyMap={http://www.dbunit.org/properties/statementFactory=org.dbunit.database.statement.PreparedStatementFactory@626bc2b8, http://www.dbunit.org/features/caseSensitiveTableNames=false, http://www.dbunit.org/properties/fetchSize=100, http://www.dbunit.org/features/batchedStatements=false, http://www.dbunit.org/properties/metadataHandler=org.dbunit.database.DefaultMetadataHandler@62baffef, http://www.dbunit.org/properties/datatypeFactory=org.dbunit.dataset.datatype.DefaultDataTypeFactory[_toleratedDeltaMap=org.dbunit.dataset.datatype.ToleratedDeltaMap@6452310a], http://www.dbunit.org/properties/escapePattern=null, http://www.dbunit.org/properties/batchSize=100, http://www.dbunit.org/features/qualifiedTableNames=false, http://www.dbunit.org/properties/tableType=[Ljava.lang.String;@5011bafa, http://www.dbunit.org/properties/resultSetTableFactory=org.dbunit.database.CachedResultSetTableFactory@10bcf083, http://www.dbunit.org/features/datatypeWarning=true}]) - start
171424 [main] TRACE org.dbunit.database.DatabaseConfig  - getFeature(name=http://www.dbunit.org/features/qualifiedTableNames) - start
171424 [main] TRACE org.dbunit.database.DatabaseConfig  - getProperty(name=http://www.dbunit.org/features/qualifiedTableNames) - start
171424 [main] DEBUG org.dbunit.util.QualifiedTableName  - Qualified table names feature is disabled. Returning plain table name
171424 [main] DEBUG org.dbunit.util.QualifiedTableName  - getQualifiedName(prefix=null, name=SCOPE_REQUESTCONTEXT, escapePattern=null) - start
171424 [main] DEBUG org.dbunit.util.QualifiedTableName  - getQualifiedNameIfEnabled(config=org.dbunit.database.DatabaseConfig[, _propertyMap={http://www.dbunit.org/properties/statementFactory=org.dbunit.database.statement.PreparedStatementFactory@626bc2b8, http://www.dbunit.org/features/caseSensitiveTableNames=false, http://www.dbunit.org/properties/fetchSize=100, http://www.dbunit.org/features/batchedStatements=false, http://www.dbunit.org/properties/metadataHandler=org.dbunit.database.DefaultMetadataHandler@62baffef, http://www.dbunit.org/properties/datatypeFactory=org.dbunit.dataset.datatype.DefaultDataTypeFactory[_toleratedDeltaMap=org.dbunit.dataset.datatype.ToleratedDeltaMap@6452310a], http://www.dbunit.org/properties/escapePattern=null, http://www.dbunit.org/properties/batchSize=100, http://www.dbunit.org/features/qualifiedTableNames=false, http://www.dbunit.org/properties/tableType=[Ljava.lang.String;@5011bafa, http://www.dbunit.org/properties/resultSetTableFactory=org.dbunit.database.CachedResultSetTableFactory@10bcf083, http://www.dbunit.org/features/datatypeWarning=true}]) - start
171425 [main] TRACE org.dbunit.database.DatabaseConfig  - getFeature(name=http://www.dbunit.org/features/qualifiedTableNames) - start
171425 [main] TRACE org.dbunit.database.DatabaseConfig  - getProperty(name=http://www.dbunit.org/features/qualifiedTableNames) - start
171425 [main] DEBUG org.dbunit.util.QualifiedTableName  - Qualified table names feature is disabled. Returning plain table name
171425 [main] DEBUG org.dbunit.util.QualifiedTableName  - getQualifiedName(prefix=null, name=SCOPE, escapePattern=null) - start
171425 [main] DEBUG org.dbunit.database.search.AbstractMetaDataBasedSearchCallback  - newEdge(rs=org.apache.commons.dbcp.DelegatingResultSet@708aebf5, type=0, from=SCOPE_REQUESTCONTEXT, to=SCOPE, fkColumn=SCOPE_ID, pkColumn=ID) - start
171425 [main] DEBUG org.dbunit.database.search.AbstractMetaDataBasedSearchCallback  - createFKEdge(rs=org.apache.commons.dbcp.DelegatingResultSet@708aebf5, type=0, from=SCOPE_REQUESTCONTEXT, to=SCOPE, fkColumn=SCOPE_ID, pkColumn=ID) - start
171425 [main] DEBUG org.dbunit.database.search.AbstractMetaDataBasedSearchCallback  - Adding edge SCOPE_REQUESTCONTEXT(SCOPE_ID)->SCOPE(ID)
171425 [main] DEBUG org.dbunit.util.search.Edge  - compareTo(o=SCOPE_REQUESTCONTEXT(REQUEST_CONTEXT_ID)->REQUESTCONTEXT(ID)) - start
171425 [main] DEBUG org.dbunit.util.SQLHelper  - close(resultSet=org.apache.commons.dbcp.DelegatingResultSet@708aebf5) - start
171425 [main] DEBUG org.dbunit.util.search.DepthFirstSearch  - search:REQUESTCONTEXT
171425 [main] DEBUG org.dbunit.database.search.ImportedKeysSearchCallback  - searchNode(node=REQUESTCONTEXT) - start
171425 [main] DEBUG org.dbunit.util.search.DepthFirstSearch  - Pushing REQUESTCONTEXT
171425 [main] DEBUG org.dbunit.database.search.ImportedKeysSearchCallback  - getEdges(node=REQUESTCONTEXT) - start
171425 [main] DEBUG org.dbunit.database.search.AbstractMetaDataBasedSearchCallback  - getNodesFromImportedKeys(node=REQUESTCONTEXT) - start
171425 [main] DEBUG org.dbunit.database.search.AbstractMetaDataBasedSearchCallback  - getNodes(type=0, node=REQUESTCONTEXT) - start
171425 [main] DEBUG org.dbunit.database.DatabaseDataSourceConnection  - getConnection() - start
171425 [main] DEBUG org.dbunit.database.search.AbstractMetaDataBasedSearchCallback  - getNodes(type=0, node=REQUESTCONTEXT, conn=Transaction-aware proxy for target Connection [jdbc:hsqldb:mem:kontrollDS, UserName=sw, HSQL Database Engine Driver], schema=null, metaData=org.apache.commons.dbcp.DelegatingDatabaseMetaData@30895b8c, edges=[]) - start
171425 [main] DEBUG org.dbunit.database.search.AbstractMetaDataBasedSearchCallback  - Getting edges for node REQUESTCONTEXT
171425 [main] TRACE org.dbunit.database.DatabaseConfig  - getProperty(name=http://www.dbunit.org/properties/metadataHandler) - start
171425 [main] TRACE org.dbunit.database.DefaultMetadataHandler  - tableExists(metaData=org.apache.commons.dbcp.DelegatingDatabaseMetaData@30895b8c, schemaName=null, tableName=REQUESTCONTEXT) - start
171426 [main] DEBUG org.dbunit.util.SQLHelper  - close(resultSet=org.apache.commons.dbcp.DelegatingResultSet@1d774e3c) - start
171427 [main] DEBUG org.dbunit.util.SQLHelper  - close(resultSet=org.apache.commons.dbcp.DelegatingResultSet@6f12794b) - start
171427 [main] DEBUG org.dbunit.util.search.DepthFirstSearch  - Adding node REQUESTCONTEXT to the final result
171427 [main] DEBUG org.dbunit.util.search.DepthFirstSearch  - search:SCOPE
171427 [main] DEBUG org.dbunit.database.search.ImportedKeysSearchCallback  - searchNode(node=SCOPE) - start
171427 [main] DEBUG org.dbunit.util.search.DepthFirstSearch  - Pushing SCOPE
171427 [main] DEBUG org.dbunit.util.search.DepthFirstSearch  - Adding node SCOPE to the final result
171427 [main] DEBUG org.dbunit.util.search.DepthFirstSearch  - Adding node SCOPE_REQUESTCONTEXT to the final result
171427 [main] DEBUG org.dbunit.util.search.DepthFirstSearch  - reverseSearch:REQUESTCONTEXT
171427 [main] DEBUG org.dbunit.database.search.ImportedKeysSearchCallback  - searchNode(node=REQUESTCONTEXT) - start
171427 [main] DEBUG org.dbunit.util.search.DepthFirstSearch  - Pushing (reverse) REQUESTCONTEXT
171427 [main] DEBUG org.dbunit.database.search.ImportedKeysSearchCallback  - getEdges(node=REQUESTCONTEXT) - start
171427 [main] DEBUG org.dbunit.database.search.AbstractMetaDataBasedSearchCallback  - getNodesFromImportedKeys(node=REQUESTCONTEXT) - start
171427 [main] DEBUG org.dbunit.database.search.AbstractMetaDataBasedSearchCallback  - getNodes(type=0, node=REQUESTCONTEXT) - start
171427 [main] DEBUG org.dbunit.database.DatabaseDataSourceConnection  - getConnection() - start
171427 [main] DEBUG org.dbunit.database.search.AbstractMetaDataBasedSearchCallback  - getNodes(type=0, node=REQUESTCONTEXT, conn=Transaction-aware proxy for target Connection [jdbc:hsqldb:mem:kontrollDS, UserName=sw, HSQL Database Engine Driver], schema=null, metaData=org.apache.commons.dbcp.DelegatingDatabaseMetaData@25d963e5, edges=[]) - start
171427 [main] DEBUG org.dbunit.database.search.AbstractMetaDataBasedSearchCallback  - Getting edges for node REQUESTCONTEXT
171427 [main] TRACE org.dbunit.database.DatabaseConfig  - getProperty(name=http://www.dbunit.org/properties/metadataHandler) - start
171427 [main] TRACE org.dbunit.database.DefaultMetadataHandler  - tableExists(metaData=org.apache.commons.dbcp.DelegatingDatabaseMetaData@25d963e5, schemaName=null, tableName=REQUESTCONTEXT) - start
171428 [main] DEBUG org.dbunit.util.SQLHelper  - close(resultSet=org.apache.commons.dbcp.DelegatingResultSet@38b171f2) - start
171428 [main] DEBUG org.dbunit.util.SQLHelper  - close(resultSet=org.apache.commons.dbcp.DelegatingResultSet@7a9e29d5) - start
171429 [main] DEBUG org.dbunit.util.search.DepthFirstSearch  - reverseSearch:SCOPE_REQUESTCONTEXT
171429 [main] DEBUG org.dbunit.util.search.DepthFirstSearch  - already searched; returning true
171429 [main] DEBUG org.dbunit.util.search.DepthFirstSearch  - reverseSearch:SCOPE
171429 [main] DEBUG org.dbunit.database.search.ImportedKeysSearchCallback  - searchNode(node=SCOPE) - start
171429 [main] DEBUG org.dbunit.util.search.DepthFirstSearch  - Pushing (reverse) SCOPE
171429 [main] DEBUG org.dbunit.database.search.ImportedKeysSearchCallback  - getEdges(node=SCOPE) - start
171429 [main] DEBUG org.dbunit.database.search.AbstractMetaDataBasedSearchCallback  - getNodesFromImportedKeys(node=SCOPE) - start
171429 [main] DEBUG org.dbunit.database.search.AbstractMetaDataBasedSearchCallback  - getNodes(type=0, node=SCOPE) - start
171429 [main] DEBUG org.dbunit.database.DatabaseDataSourceConnection  - getConnection() - start
171429 [main] DEBUG org.dbunit.database.search.AbstractMetaDataBasedSearchCallback  - getNodes(type=0, node=SCOPE, conn=Transaction-aware proxy for target Connection [jdbc:hsqldb:mem:kontrollDS, UserName=sw, HSQL Database Engine Driver], schema=null, metaData=org.apache.commons.dbcp.DelegatingDatabaseMetaData@25cc9dd7, edges=[]) - start
171429 [main] DEBUG org.dbunit.database.search.AbstractMetaDataBasedSearchCallback  - Getting edges for node SCOPE
171429 [main] TRACE org.dbunit.database.DatabaseConfig  - getProperty(name=http://www.dbunit.org/properties/metadataHandler) - start
171429 [main] TRACE org.dbunit.database.DefaultMetadataHandler  - tableExists(metaData=org.apache.commons.dbcp.DelegatingDatabaseMetaData@25cc9dd7, schemaName=null, tableName=SCOPE) - start
171430 [main] DEBUG org.dbunit.util.SQLHelper  - close(resultSet=org.apache.commons.dbcp.DelegatingResultSet@581624a1) - start
171431 [main] DEBUG org.dbunit.util.SQLHelper  - close(resultSet=org.apache.commons.dbcp.DelegatingResultSet@2b5127ba) - start
171431 [main] DEBUG org.dbunit.util.search.DepthFirstSearch  - search:SCOPE_REQUESTCONTEXT
171431 [main] DEBUG org.dbunit.util.search.DepthFirstSearch  - already searched; returning true
171431 [main] DEBUG org.dbunit.util.search.DepthFirstSearch  - search:REQUESTCONTEXT
171431 [main] DEBUG org.dbunit.util.search.DepthFirstSearch  - already searched; returning true
171431 [main] DEBUG org.dbunit.util.search.DepthFirstSearch  - search:SCOPE
171431 [main] DEBUG org.dbunit.util.search.DepthFirstSearch  - already searched; returning true
171431 [main] DEBUG org.dbunit.database.DatabaseSequenceFilter  - getDependencyInfo(connection=_databaseConfig=org.dbunit.database.DatabaseConfig[, _propertyMap={http://www.dbunit.org/properties/statementFactory=org.dbunit.database.statement.PreparedStatementFactory@626bc2b8, http://www.dbunit.org/features/caseSensitiveTableNames=false, http://www.dbunit.org/properties/fetchSize=100, http://www.dbunit.org/features/batchedStatements=false, http://www.dbunit.org/properties/metadataHandler=org.dbunit.database.DefaultMetadataHandler@62baffef, http://www.dbunit.org/properties/datatypeFactory=org.dbunit.dataset.datatype.DefaultDataTypeFactory[_toleratedDeltaMap=org.dbunit.dataset.datatype.ToleratedDeltaMap@6452310a], http://www.dbunit.org/properties/escapePattern=null, http://www.dbunit.org/properties/batchSize=100, http://www.dbunit.org/features/qualifiedTableNames=false, http://www.dbunit.org/properties/tableType=[Ljava.lang.String;@5011bafa, http://www.dbunit.org/properties/resultSetTableFactory=org.dbunit.database.CachedResultSetTableFactory@10bcf083, http://www.dbunit.org/features/datatypeWarning=true}], _dataSet=AbstractDataSet[_orderedTableNameMap=null], tableName=USER) - start
171431 [main] DEBUG org.dbunit.database.search.TablesDependencyHelper  - getDependentTables(connection=_databaseConfig=org.dbunit.database.DatabaseConfig[, _propertyMap={http://www.dbunit.org/properties/statementFactory=org.dbunit.database.statement.PreparedStatementFactory@626bc2b8, http://www.dbunit.org/features/caseSensitiveTableNames=false, http://www.dbunit.org/properties/fetchSize=100, http://www.dbunit.org/features/batchedStatements=false, http://www.dbunit.org/properties/metadataHandler=org.dbunit.database.DefaultMetadataHandler@62baffef, http://www.dbunit.org/properties/datatypeFactory=org.dbunit.dataset.datatype.DefaultDataTypeFactory[_toleratedDeltaMap=org.dbunit.dataset.datatype.ToleratedDeltaMap@6452310a], http://www.dbunit.org/properties/escapePattern=null, http://www.dbunit.org/properties/batchSize=100, http://www.dbunit.org/features/qualifiedTableNames=false, http://www.dbunit.org/properties/tableType=[Ljava.lang.String;@5011bafa, http://www.dbunit.org/properties/resultSetTableFactory=org.dbunit.database.CachedResultSetTableFactory@10bcf083, http://www.dbunit.org/features/datatypeWarning=true}], _dataSet=AbstractDataSet[_orderedTableNameMap=null], rootTable=USER) - start
171431 [main] DEBUG org.dbunit.database.search.TablesDependencyHelper  - getDependentTables(connection=_databaseConfig=org.dbunit.database.DatabaseConfig[, _propertyMap={http://www.dbunit.org/properties/statementFactory=org.dbunit.database.statement.PreparedStatementFactory@626bc2b8, http://www.dbunit.org/features/caseSensitiveTableNames=false, http://www.dbunit.org/properties/fetchSize=100, http://www.dbunit.org/features/batchedStatements=false, http://www.dbunit.org/properties/metadataHandler=org.dbunit.database.DefaultMetadataHandler@62baffef, http://www.dbunit.org/properties/datatypeFactory=org.dbunit.dataset.datatype.DefaultDataTypeFactory[_toleratedDeltaMap=org.dbunit.dataset.datatype.ToleratedDeltaMap@6452310a], http://www.dbunit.org/properties/escapePattern=null, http://www.dbunit.org/properties/batchSize=100, http://www.dbunit.org/features/qualifiedTableNames=false, http://www.dbunit.org/properties/tableType=[Ljava.lang.String;@5011bafa, http://www.dbunit.org/properties/resultSetTableFactory=org.dbunit.database.CachedResultSetTableFactory@10bcf083, http://www.dbunit.org/features/datatypeWarning=true}], _dataSet=AbstractDataSet[_orderedTableNameMap=null], rootTables=[USER]) - start
171431 [main] DEBUG org.dbunit.util.search.DepthFirstSearch  - search(nodesFrom=[USER], callback=org.dbunit.database.search.ImportedKeysSearchCallback@5952eb2) - start
171431 [main] DEBUG org.dbunit.util.CollectionsHelper  - objectsToSet(objects=USER) - start
171431 [main] DEBUG org.dbunit.util.search.DepthFirstSearch  - search(nodesFrom=[USER], callback=org.dbunit.database.search.ImportedKeysSearchCallback@5952eb2) - start
171431 [main] DEBUG org.dbunit.util.search.DepthFirstSearch  - reverseSearch:USER
171431 [main] DEBUG org.dbunit.database.search.ImportedKeysSearchCallback  - searchNode(node=USER) - start
171431 [main] DEBUG org.dbunit.util.search.DepthFirstSearch  - Pushing (reverse) USER
171431 [main] DEBUG org.dbunit.database.search.ImportedKeysSearchCallback  - getEdges(node=USER) - start
171431 [main] DEBUG org.dbunit.database.search.AbstractMetaDataBasedSearchCallback  - getNodesFromImportedKeys(node=USER) - start
171431 [main] DEBUG org.dbunit.database.search.AbstractMetaDataBasedSearchCallback  - getNodes(type=0, node=USER) - start
171432 [main] DEBUG org.dbunit.database.DatabaseDataSourceConnection  - getConnection() - start
171432 [main] DEBUG org.dbunit.database.search.AbstractMetaDataBasedSearchCallback  - getNodes(type=0, node=USER, conn=Transaction-aware proxy for target Connection [jdbc:hsqldb:mem:kontrollDS, UserName=sw, HSQL Database Engine Driver], schema=null, metaData=org.apache.commons.dbcp.DelegatingDatabaseMetaData@52caafb, edges=[]) - start
171432 [main] DEBUG org.dbunit.database.search.AbstractMetaDataBasedSearchCallback  - Getting edges for node USER
171432 [main] TRACE org.dbunit.database.DatabaseConfig  - getProperty(name=http://www.dbunit.org/properties/metadataHandler) - start
171432 [main] TRACE org.dbunit.database.DefaultMetadataHandler  - tableExists(metaData=org.apache.commons.dbcp.DelegatingDatabaseMetaData@52caafb, schemaName=null, tableName=USER) - start
171433 [main] DEBUG org.dbunit.util.SQLHelper  - close(resultSet=org.apache.commons.dbcp.DelegatingResultSet@1c4a12ba) - start
171433 [main] DEBUG org.dbunit.util.SQLHelper  - close(resultSet=org.apache.commons.dbcp.DelegatingResultSet@352e604f) - start
171433 [main] DEBUG org.dbunit.util.search.DepthFirstSearch  - search:USER
171433 [main] DEBUG org.dbunit.database.search.ImportedKeysSearchCallback  - searchNode(node=USER) - start
171433 [main] DEBUG org.dbunit.util.search.DepthFirstSearch  - Pushing USER
171433 [main] DEBUG org.dbunit.database.search.ImportedKeysSearchCallback  - getEdges(node=USER) - start
171433 [main] DEBUG org.dbunit.database.search.AbstractMetaDataBasedSearchCallback  - getNodesFromImportedKeys(node=USER) - start
171434 [main] DEBUG org.dbunit.database.search.AbstractMetaDataBasedSearchCallback  - getNodes(type=0, node=USER) - start
171434 [main] DEBUG org.dbunit.database.DatabaseDataSourceConnection  - getConnection() - start
171434 [main] DEBUG org.dbunit.database.search.AbstractMetaDataBasedSearchCallback  - getNodes(type=0, node=USER, conn=Transaction-aware proxy for target Connection [jdbc:hsqldb:mem:kontrollDS, UserName=sw, HSQL Database Engine Driver], schema=null, metaData=org.apache.commons.dbcp.DelegatingDatabaseMetaData@77b4fdcf, edges=[]) - start
171434 [main] DEBUG org.dbunit.database.search.AbstractMetaDataBasedSearchCallback  - Getting edges for node USER
171434 [main] TRACE org.dbunit.database.DatabaseConfig  - getProperty(name=http://www.dbunit.org/properties/metadataHandler) - start
171434 [main] TRACE org.dbunit.database.DefaultMetadataHandler  - tableExists(metaData=org.apache.commons.dbcp.DelegatingDatabaseMetaData@77b4fdcf, schemaName=null, tableName=USER) - start
171435 [main] DEBUG org.dbunit.util.SQLHelper  - close(resultSet=org.apache.commons.dbcp.DelegatingResultSet@5daccf50) - start
171435 [main] DEBUG org.dbunit.util.SQLHelper  - close(resultSet=org.apache.commons.dbcp.DelegatingResultSet@2fd9ac47) - start
171435 [main] DEBUG org.dbunit.util.search.DepthFirstSearch  - Adding node USER to the final result
171435 [main] DEBUG org.dbunit.util.CollectionsHelper  - setToStrings(set=[USER]) - start
171435 [main] DEBUG org.dbunit.database.search.TablesDependencyHelper  - getDependsOnTables(connection=_databaseConfig=org.dbunit.database.DatabaseConfig[, _propertyMap={http://www.dbunit.org/properties/statementFactory=org.dbunit.database.statement.PreparedStatementFactory@626bc2b8, http://www.dbunit.org/features/caseSensitiveTableNames=false, http://www.dbunit.org/properties/fetchSize=100, http://www.dbunit.org/features/batchedStatements=false, http://www.dbunit.org/properties/metadataHandler=org.dbunit.database.DefaultMetadataHandler@62baffef, http://www.dbunit.org/properties/datatypeFactory=org.dbunit.dataset.datatype.DefaultDataTypeFactory[_toleratedDeltaMap=org.dbunit.dataset.datatype.ToleratedDeltaMap@6452310a], http://www.dbunit.org/properties/escapePattern=null, http://www.dbunit.org/properties/batchSize=100, http://www.dbunit.org/features/qualifiedTableNames=false, http://www.dbunit.org/properties/tableType=[Ljava.lang.String;@5011bafa, http://www.dbunit.org/properties/resultSetTableFactory=org.dbunit.database.CachedResultSetTableFactory@10bcf083, http://www.dbunit.org/features/datatypeWarning=true}], _dataSet=AbstractDataSet[_orderedTableNameMap=null], rootTable=USER) - start
171435 [main] DEBUG org.dbunit.util.search.DepthFirstSearch  - search(nodesFrom=[USER], callback=org.dbunit.database.search.ExportedKeysSearchCallback@56989054) - start
171436 [main] DEBUG org.dbunit.util.CollectionsHelper  - objectsToSet(objects=USER) - start
171436 [main] DEBUG org.dbunit.util.search.DepthFirstSearch  - search(nodesFrom=[USER], callback=org.dbunit.database.search.ExportedKeysSearchCallback@56989054) - start
171436 [main] DEBUG org.dbunit.util.search.DepthFirstSearch  - reverseSearch:USER
171436 [main] DEBUG org.dbunit.database.search.ExportedKeysSearchCallback  - searchNode(node=USER) - start
171436 [main] DEBUG org.dbunit.util.search.DepthFirstSearch  - Pushing (reverse) USER
171436 [main] DEBUG org.dbunit.database.search.ExportedKeysSearchCallback  - getEdges(node=USER) - start
171436 [main] DEBUG org.dbunit.database.search.AbstractMetaDataBasedSearchCallback  - getNodesFromExportedKeys(node=USER) - start
171436 [main] DEBUG org.dbunit.database.search.AbstractMetaDataBasedSearchCallback  - getNodes(type=1, node=USER) - start
171437 [main] DEBUG org.dbunit.database.DatabaseDataSourceConnection  - getConnection() - start
171437 [main] DEBUG org.dbunit.database.search.AbstractMetaDataBasedSearchCallback  - getNodes(type=1, node=USER, conn=Transaction-aware proxy for target Connection [jdbc:hsqldb:mem:kontrollDS, UserName=sw, HSQL Database Engine Driver], schema=null, metaData=org.apache.commons.dbcp.DelegatingDatabaseMetaData@3a2ba736, edges=[]) - start
171437 [main] DEBUG org.dbunit.database.search.AbstractMetaDataBasedSearchCallback  - Getting edges for node USER
171437 [main] TRACE org.dbunit.database.DatabaseConfig  - getProperty(name=http://www.dbunit.org/properties/metadataHandler) - start
171437 [main] TRACE org.dbunit.database.DefaultMetadataHandler  - tableExists(metaData=org.apache.commons.dbcp.DelegatingDatabaseMetaData@3a2ba736, schemaName=null, tableName=USER) - start
171438 [main] DEBUG org.dbunit.util.SQLHelper  - close(resultSet=org.apache.commons.dbcp.DelegatingResultSet@55c57681) - start
171439 [main] DEBUG org.dbunit.util.QualifiedTableName  - getQualifiedNameIfEnabled(config=org.dbunit.database.DatabaseConfig[, _propertyMap={http://www.dbunit.org/properties/statementFactory=org.dbunit.database.statement.PreparedStatementFactory@626bc2b8, http://www.dbunit.org/features/caseSensitiveTableNames=false, http://www.dbunit.org/properties/fetchSize=100, http://www.dbunit.org/features/batchedStatements=false, http://www.dbunit.org/properties/metadataHandler=org.dbunit.database.DefaultMetadataHandler@62baffef, http://www.dbunit.org/properties/datatypeFactory=org.dbunit.dataset.datatype.DefaultDataTypeFactory[_toleratedDeltaMap=org.dbunit.dataset.datatype.ToleratedDeltaMap@6452310a], http://www.dbunit.org/properties/escapePattern=null, http://www.dbunit.org/properties/batchSize=100, http://www.dbunit.org/features/qualifiedTableNames=false, http://www.dbunit.org/properties/tableType=[Ljava.lang.String;@5011bafa, http://www.dbunit.org/properties/resultSetTableFactory=org.dbunit.database.CachedResultSetTableFactory@10bcf083, http://www.dbunit.org/features/datatypeWarning=true}]) - start
171439 [main] TRACE org.dbunit.database.DatabaseConfig  - getFeature(name=http://www.dbunit.org/features/qualifiedTableNames) - start
171439 [main] TRACE org.dbunit.database.DatabaseConfig  - getProperty(name=http://www.dbunit.org/features/qualifiedTableNames) - start
171439 [main] DEBUG org.dbunit.util.QualifiedTableName  - Qualified table names feature is disabled. Returning plain table name
171439 [main] DEBUG org.dbunit.util.QualifiedTableName  - getQualifiedName(prefix=null, name=USER, escapePattern=null) - start
171439 [main] DEBUG org.dbunit.util.QualifiedTableName  - getQualifiedNameIfEnabled(config=org.dbunit.database.DatabaseConfig[, _propertyMap={http://www.dbunit.org/properties/statementFactory=org.dbunit.database.statement.PreparedStatementFactory@626bc2b8, http://www.dbunit.org/features/caseSensitiveTableNames=false, http://www.dbunit.org/properties/fetchSize=100, http://www.dbunit.org/features/batchedStatements=false, http://www.dbunit.org/properties/metadataHandler=org.dbunit.database.DefaultMetadataHandler@62baffef, http://www.dbunit.org/properties/datatypeFactory=org.dbunit.dataset.datatype.DefaultDataTypeFactory[_toleratedDeltaMap=org.dbunit.dataset.datatype.ToleratedDeltaMap@6452310a], http://www.dbunit.org/properties/escapePattern=null, http://www.dbunit.org/properties/batchSize=100, http://www.dbunit.org/features/qualifiedTableNames=false, http://www.dbunit.org/properties/tableType=[Ljava.lang.String;@5011bafa, http://www.dbunit.org/properties/resultSetTableFactory=org.dbunit.database.CachedResultSetTableFactory@10bcf083, http://www.dbunit.org/features/datatypeWarning=true}]) - start
171439 [main] TRACE org.dbunit.database.DatabaseConfig  - getFeature(name=http://www.dbunit.org/features/qualifiedTableNames) - start
171439 [main] TRACE org.dbunit.database.DatabaseConfig  - getProperty(name=http://www.dbunit.org/features/qualifiedTableNames) - start
171439 [main] DEBUG org.dbunit.util.QualifiedTableName  - Qualified table names feature is disabled. Returning plain table name
171439 [main] DEBUG org.dbunit.util.QualifiedTableName  - getQualifiedName(prefix=null, name=USERS_AUTHORITIES, escapePattern=null) - start
171439 [main] DEBUG org.dbunit.database.search.AbstractMetaDataBasedSearchCallback  - newEdge(rs=org.apache.commons.dbcp.DelegatingResultSet@26dc05e2, type=1, from=USER, to=USERS_AUTHORITIES, fkColumn=USER_ID, pkColumn=ID) - start
171439 [main] DEBUG org.dbunit.database.search.AbstractMetaDataBasedSearchCallback  - createFKEdge(rs=org.apache.commons.dbcp.DelegatingResultSet@26dc05e2, type=1, from=USER, to=USERS_AUTHORITIES, fkColumn=USER_ID, pkColumn=ID) - start
171439 [main] DEBUG org.dbunit.database.search.AbstractMetaDataBasedSearchCallback  - Adding edge USERS_AUTHORITIES(USER_ID)->USER(ID)
171439 [main] DEBUG org.dbunit.util.search.Edge  - compareTo(o=USERS_AUTHORITIES(USER_ID)->USER(ID)) - start
171439 [main] DEBUG org.dbunit.util.SQLHelper  - close(resultSet=org.apache.commons.dbcp.DelegatingResultSet@26dc05e2) - start
171439 [main] DEBUG org.dbunit.util.search.DepthFirstSearch  - reverseSearch:USERS_AUTHORITIES
171439 [main] DEBUG org.dbunit.database.search.ExportedKeysSearchCallback  - searchNode(node=USERS_AUTHORITIES) - start
171439 [main] DEBUG org.dbunit.util.search.DepthFirstSearch  - Pushing (reverse) USERS_AUTHORITIES
171439 [main] DEBUG org.dbunit.database.search.ExportedKeysSearchCallback  - getEdges(node=USERS_AUTHORITIES) - start
171439 [main] DEBUG org.dbunit.database.search.AbstractMetaDataBasedSearchCallback  - getNodesFromExportedKeys(node=USERS_AUTHORITIES) - start
171439 [main] DEBUG org.dbunit.database.search.AbstractMetaDataBasedSearchCallback  - getNodes(type=1, node=USERS_AUTHORITIES) - start
171439 [main] DEBUG org.dbunit.database.DatabaseDataSourceConnection  - getConnection() - start
171440 [main] DEBUG org.dbunit.database.search.AbstractMetaDataBasedSearchCallback  - getNodes(type=1, node=USERS_AUTHORITIES, conn=Transaction-aware proxy for target Connection [jdbc:hsqldb:mem:kontrollDS, UserName=sw, HSQL Database Engine Driver], schema=null, metaData=org.apache.commons.dbcp.DelegatingDatabaseMetaData@37064c5c, edges=[]) - start
171440 [main] DEBUG org.dbunit.database.search.AbstractMetaDataBasedSearchCallback  - Getting edges for node USERS_AUTHORITIES
171440 [main] TRACE org.dbunit.database.DatabaseConfig  - getProperty(name=http://www.dbunit.org/properties/metadataHandler) - start
171440 [main] TRACE org.dbunit.database.DefaultMetadataHandler  - tableExists(metaData=org.apache.commons.dbcp.DelegatingDatabaseMetaData@37064c5c, schemaName=null, tableName=USERS_AUTHORITIES) - start
171441 [main] DEBUG org.dbunit.util.SQLHelper  - close(resultSet=org.apache.commons.dbcp.DelegatingResultSet@565f9c05) - start
171441 [main] DEBUG org.dbunit.util.SQLHelper  - close(resultSet=org.apache.commons.dbcp.DelegatingResultSet@40e585d4) - start
171441 [main] DEBUG org.dbunit.util.search.DepthFirstSearch  - search:USERS_AUTHORITIES
171441 [main] DEBUG org.dbunit.database.search.ExportedKeysSearchCallback  - searchNode(node=USERS_AUTHORITIES) - start
171441 [main] DEBUG org.dbunit.util.search.DepthFirstSearch  - Pushing USERS_AUTHORITIES
171441 [main] DEBUG org.dbunit.database.search.ExportedKeysSearchCallback  - getEdges(node=USERS_AUTHORITIES) - start
171441 [main] DEBUG org.dbunit.database.search.AbstractMetaDataBasedSearchCallback  - getNodesFromExportedKeys(node=USERS_AUTHORITIES) - start
171441 [main] DEBUG org.dbunit.database.search.AbstractMetaDataBasedSearchCallback  - getNodes(type=1, node=USERS_AUTHORITIES) - start
171441 [main] DEBUG org.dbunit.database.DatabaseDataSourceConnection  - getConnection() - start
171441 [main] DEBUG org.dbunit.database.search.AbstractMetaDataBasedSearchCallback  - getNodes(type=1, node=USERS_AUTHORITIES, conn=Transaction-aware proxy for target Connection [jdbc:hsqldb:mem:kontrollDS, UserName=sw, HSQL Database Engine Driver], schema=null, metaData=org.apache.commons.dbcp.DelegatingDatabaseMetaData@1cb54295, edges=[]) - start
171442 [main] DEBUG org.dbunit.database.search.AbstractMetaDataBasedSearchCallback  - Getting edges for node USERS_AUTHORITIES
171442 [main] TRACE org.dbunit.database.DatabaseConfig  - getProperty(name=http://www.dbunit.org/properties/metadataHandler) - start
171442 [main] TRACE org.dbunit.database.DefaultMetadataHandler  - tableExists(metaData=org.apache.commons.dbcp.DelegatingDatabaseMetaData@1cb54295, schemaName=null, tableName=USERS_AUTHORITIES) - start
171443 [main] DEBUG org.dbunit.util.SQLHelper  - close(resultSet=org.apache.commons.dbcp.DelegatingResultSet@140e24db) - start
171443 [main] DEBUG org.dbunit.util.SQLHelper  - close(resultSet=org.apache.commons.dbcp.DelegatingResultSet@175fa5a8) - start
171443 [main] DEBUG org.dbunit.util.search.DepthFirstSearch  - Adding node USERS_AUTHORITIES to the final result
171443 [main] DEBUG org.dbunit.util.search.DepthFirstSearch  - search:USER
171443 [main] DEBUG org.dbunit.database.search.ExportedKeysSearchCallback  - searchNode(node=USER) - start
171443 [main] DEBUG org.dbunit.util.search.DepthFirstSearch  - Pushing USER
171443 [main] DEBUG org.dbunit.database.search.ExportedKeysSearchCallback  - getEdges(node=USER) - start
171443 [main] DEBUG org.dbunit.database.search.AbstractMetaDataBasedSearchCallback  - getNodesFromExportedKeys(node=USER) - start
171443 [main] DEBUG org.dbunit.database.search.AbstractMetaDataBasedSearchCallback  - getNodes(type=1, node=USER) - start
171443 [main] DEBUG org.dbunit.database.DatabaseDataSourceConnection  - getConnection() - start
171443 [main] DEBUG org.dbunit.database.search.AbstractMetaDataBasedSearchCallback  - getNodes(type=1, node=USER, conn=Transaction-aware proxy for target Connection [jdbc:hsqldb:mem:kontrollDS, UserName=sw, HSQL Database Engine Driver], schema=null, metaData=org.apache.commons.dbcp.DelegatingDatabaseMetaData@874c495, edges=[]) - start
171443 [main] DEBUG org.dbunit.database.search.AbstractMetaDataBasedSearchCallback  - Getting edges for node USER
171443 [main] TRACE org.dbunit.database.DatabaseConfig  - getProperty(name=http://www.dbunit.org/properties/metadataHandler) - start
171443 [main] TRACE org.dbunit.database.DefaultMetadataHandler  - tableExists(metaData=org.apache.commons.dbcp.DelegatingDatabaseMetaData@874c495, schemaName=null, tableName=USER) - start
171444 [main] DEBUG org.dbunit.util.SQLHelper  - close(resultSet=org.apache.commons.dbcp.DelegatingResultSet@102191f5) - start
171444 [main] DEBUG org.dbunit.util.QualifiedTableName  - getQualifiedNameIfEnabled(config=org.dbunit.database.DatabaseConfig[, _propertyMap={http://www.dbunit.org/properties/statementFactory=org.dbunit.database.statement.PreparedStatementFactory@626bc2b8, http://www.dbunit.org/features/caseSensitiveTableNames=false, http://www.dbunit.org/properties/fetchSize=100, http://www.dbunit.org/features/batchedStatements=false, http://www.dbunit.org/properties/metadataHandler=org.dbunit.database.DefaultMetadataHandler@62baffef, http://www.dbunit.org/properties/datatypeFactory=org.dbunit.dataset.datatype.DefaultDataTypeFactory[_toleratedDeltaMap=org.dbunit.dataset.datatype.ToleratedDeltaMap@6452310a], http://www.dbunit.org/properties/escapePattern=null, http://www.dbunit.org/properties/batchSize=100, http://www.dbunit.org/features/qualifiedTableNames=false, http://www.dbunit.org/properties/tableType=[Ljava.lang.String;@5011bafa, http://www.dbunit.org/properties/resultSetTableFactory=org.dbunit.database.CachedResultSetTableFactory@10bcf083, http://www.dbunit.org/features/datatypeWarning=true}]) - start
171445 [main] TRACE org.dbunit.database.DatabaseConfig  - getFeature(name=http://www.dbunit.org/features/qualifiedTableNames) - start
171445 [main] TRACE org.dbunit.database.DatabaseConfig  - getProperty(name=http://www.dbunit.org/features/qualifiedTableNames) - start
171445 [main] DEBUG org.dbunit.util.QualifiedTableName  - Qualified table names feature is disabled. Returning plain table name
171445 [main] DEBUG org.dbunit.util.QualifiedTableName  - getQualifiedName(prefix=null, name=USER, escapePattern=null) - start
171445 [main] DEBUG org.dbunit.util.QualifiedTableName  - getQualifiedNameIfEnabled(config=org.dbunit.database.DatabaseConfig[, _propertyMap={http://www.dbunit.org/properties/statementFactory=org.dbunit.database.statement.PreparedStatementFactory@626bc2b8, http://www.dbunit.org/features/caseSensitiveTableNames=false, http://www.dbunit.org/properties/fetchSize=100, http://www.dbunit.org/features/batchedStatements=false, http://www.dbunit.org/properties/metadataHandler=org.dbunit.database.DefaultMetadataHandler@62baffef, http://www.dbunit.org/properties/datatypeFactory=org.dbunit.dataset.datatype.DefaultDataTypeFactory[_toleratedDeltaMap=org.dbunit.dataset.datatype.ToleratedDeltaMap@6452310a], http://www.dbunit.org/properties/escapePattern=null, http://www.dbunit.org/properties/batchSize=100, http://www.dbunit.org/features/qualifiedTableNames=false, http://www.dbunit.org/properties/tableType=[Ljava.lang.String;@5011bafa, http://www.dbunit.org/properties/resultSetTableFactory=org.dbunit.database.CachedResultSetTableFactory@10bcf083, http://www.dbunit.org/features/datatypeWarning=true}]) - start
171445 [main] TRACE org.dbunit.database.DatabaseConfig  - getFeature(name=http://www.dbunit.org/features/qualifiedTableNames) - start
171445 [main] TRACE org.dbunit.database.DatabaseConfig  - getProperty(name=http://www.dbunit.org/features/qualifiedTableNames) - start
171445 [main] DEBUG org.dbunit.util.QualifiedTableName  - Qualified table names feature is disabled. Returning plain table name
171445 [main] DEBUG org.dbunit.util.QualifiedTableName  - getQualifiedName(prefix=null, name=USERS_AUTHORITIES, escapePattern=null) - start
171445 [main] DEBUG org.dbunit.database.search.AbstractMetaDataBasedSearchCallback  - newEdge(rs=org.apache.commons.dbcp.DelegatingResultSet@1f991b71, type=1, from=USER, to=USERS_AUTHORITIES, fkColumn=USER_ID, pkColumn=ID) - start
171445 [main] DEBUG org.dbunit.database.search.AbstractMetaDataBasedSearchCallback  - createFKEdge(rs=org.apache.commons.dbcp.DelegatingResultSet@1f991b71, type=1, from=USER, to=USERS_AUTHORITIES, fkColumn=USER_ID, pkColumn=ID) - start
171445 [main] DEBUG org.dbunit.database.search.AbstractMetaDataBasedSearchCallback  - Adding edge USERS_AUTHORITIES(USER_ID)->USER(ID)
171445 [main] DEBUG org.dbunit.util.search.Edge  - compareTo(o=USERS_AUTHORITIES(USER_ID)->USER(ID)) - start
171445 [main] DEBUG org.dbunit.util.SQLHelper  - close(resultSet=org.apache.commons.dbcp.DelegatingResultSet@1f991b71) - start
171445 [main] DEBUG org.dbunit.util.search.DepthFirstSearch  - search:USER
171445 [main] DEBUG org.dbunit.util.search.DepthFirstSearch  - already searched; returning true
171445 [main] DEBUG org.dbunit.util.search.DepthFirstSearch  - Adding node USER to the final result
171445 [main] DEBUG org.dbunit.util.CollectionsHelper  - setToStrings(set=[USERS_AUTHORITIES, USER]) - start
171445 [main] DEBUG org.dbunit.database.search.TablesDependencyHelper  - getDirectDependsOnTables(connection=_databaseConfig=org.dbunit.database.DatabaseConfig[, _propertyMap={http://www.dbunit.org/properties/statementFactory=org.dbunit.database.statement.PreparedStatementFactory@626bc2b8, http://www.dbunit.org/features/caseSensitiveTableNames=false, http://www.dbunit.org/properties/fetchSize=100, http://www.dbunit.org/features/batchedStatements=false, http://www.dbunit.org/properties/metadataHandler=org.dbunit.database.DefaultMetadataHandler@62baffef, http://www.dbunit.org/properties/datatypeFactory=org.dbunit.dataset.datatype.DefaultDataTypeFactory[_toleratedDeltaMap=org.dbunit.dataset.datatype.ToleratedDeltaMap@6452310a], http://www.dbunit.org/properties/escapePattern=null, http://www.dbunit.org/properties/batchSize=100, http://www.dbunit.org/features/qualifiedTableNames=false, http://www.dbunit.org/properties/tableType=[Ljava.lang.String;@5011bafa, http://www.dbunit.org/properties/resultSetTableFactory=org.dbunit.database.CachedResultSetTableFactory@10bcf083, http://www.dbunit.org/features/datatypeWarning=true}], _dataSet=AbstractDataSet[_orderedTableNameMap=null], tableName=USER) - start
171445 [main] DEBUG org.dbunit.util.search.DepthFirstSearch  - search(nodesFrom=[USER], callback=org.dbunit.database.search.ExportedKeysSearchCallback@73f87555) - start
171446 [main] DEBUG org.dbunit.util.CollectionsHelper  - objectsToSet(objects=USER) - start
171446 [main] DEBUG org.dbunit.util.search.DepthFirstSearch  - search(nodesFrom=[USER], callback=org.dbunit.database.search.ExportedKeysSearchCallback@73f87555) - start
171446 [main] DEBUG org.dbunit.util.search.DepthFirstSearch  - reverseSearch:USER
171446 [main] DEBUG org.dbunit.database.search.ExportedKeysSearchCallback  - searchNode(node=USER) - start
171446 [main] DEBUG org.dbunit.util.search.DepthFirstSearch  - Pushing (reverse) USER
171446 [main] DEBUG org.dbunit.database.search.ExportedKeysSearchCallback  - getEdges(node=USER) - start
171446 [main] DEBUG org.dbunit.database.search.AbstractMetaDataBasedSearchCallback  - getNodesFromExportedKeys(node=USER) - start
171446 [main] DEBUG org.dbunit.database.search.AbstractMetaDataBasedSearchCallback  - getNodes(type=1, node=USER) - start
171446 [main] DEBUG org.dbunit.database.DatabaseDataSourceConnection  - getConnection() - start
171446 [main] DEBUG org.dbunit.database.search.AbstractMetaDataBasedSearchCallback  - getNodes(type=1, node=USER, conn=Transaction-aware proxy for target Connection [jdbc:hsqldb:mem:kontrollDS, UserName=sw, HSQL Database Engine Driver], schema=null, metaData=org.apache.commons.dbcp.DelegatingDatabaseMetaData@3cdf5aee, edges=[]) - start
171446 [main] DEBUG org.dbunit.database.search.AbstractMetaDataBasedSearchCallback  - Getting edges for node USER
171446 [main] TRACE org.dbunit.database.DatabaseConfig  - getProperty(name=http://www.dbunit.org/properties/metadataHandler) - start
171446 [main] TRACE org.dbunit.database.DefaultMetadataHandler  - tableExists(metaData=org.apache.commons.dbcp.DelegatingDatabaseMetaData@3cdf5aee, schemaName=null, tableName=USER) - start
171447 [main] DEBUG org.dbunit.util.SQLHelper  - close(resultSet=org.apache.commons.dbcp.DelegatingResultSet@53d452df) - start
171447 [main] DEBUG org.dbunit.util.QualifiedTableName  - getQualifiedNameIfEnabled(config=org.dbunit.database.DatabaseConfig[, _propertyMap={http://www.dbunit.org/properties/statementFactory=org.dbunit.database.statement.PreparedStatementFactory@626bc2b8, http://www.dbunit.org/features/caseSensitiveTableNames=false, http://www.dbunit.org/properties/fetchSize=100, http://www.dbunit.org/features/batchedStatements=false, http://www.dbunit.org/properties/metadataHandler=org.dbunit.database.DefaultMetadataHandler@62baffef, http://www.dbunit.org/properties/datatypeFactory=org.dbunit.dataset.datatype.DefaultDataTypeFactory[_toleratedDeltaMap=org.dbunit.dataset.datatype.ToleratedDeltaMap@6452310a], http://www.dbunit.org/properties/escapePattern=null, http://www.dbunit.org/properties/batchSize=100, http://www.dbunit.org/features/qualifiedTableNames=false, http://www.dbunit.org/properties/tableType=[Ljava.lang.String;@5011bafa, http://www.dbunit.org/properties/resultSetTableFactory=org.dbunit.database.CachedResultSetTableFactory@10bcf083, http://www.dbunit.org/features/datatypeWarning=true}]) - start
171447 [main] TRACE org.dbunit.database.DatabaseConfig  - getFeature(name=http://www.dbunit.org/features/qualifiedTableNames) - start
171447 [main] TRACE org.dbunit.database.DatabaseConfig  - getProperty(name=http://www.dbunit.org/features/qualifiedTableNames) - start
171447 [main] DEBUG org.dbunit.util.QualifiedTableName  - Qualified table names feature is disabled. Returning plain table name
171447 [main] DEBUG org.dbunit.util.QualifiedTableName  - getQualifiedName(prefix=null, name=USER, escapePattern=null) - start
171447 [main] DEBUG org.dbunit.util.QualifiedTableName  - getQualifiedNameIfEnabled(config=org.dbunit.database.DatabaseConfig[, _propertyMap={http://www.dbunit.org/properties/statementFactory=org.dbunit.database.statement.PreparedStatementFactory@626bc2b8, http://www.dbunit.org/features/caseSensitiveTableNames=false, http://www.dbunit.org/properties/fetchSize=100, http://www.dbunit.org/features/batchedStatements=false, http://www.dbunit.org/properties/metadataHandler=org.dbunit.database.DefaultMetadataHandler@62baffef, http://www.dbunit.org/properties/datatypeFactory=org.dbunit.dataset.datatype.DefaultDataTypeFactory[_toleratedDeltaMap=org.dbunit.dataset.datatype.ToleratedDeltaMap@6452310a], http://www.dbunit.org/properties/escapePattern=null, http://www.dbunit.org/properties/batchSize=100, http://www.dbunit.org/features/qualifiedTableNames=false, http://www.dbunit.org/properties/tableType=[Ljava.lang.String;@5011bafa, http://www.dbunit.org/properties/resultSetTableFactory=org.dbunit.database.CachedResultSetTableFactory@10bcf083, http://www.dbunit.org/features/datatypeWarning=true}]) - start
171448 [main] TRACE org.dbunit.database.DatabaseConfig  - getFeature(name=http://www.dbunit.org/features/qualifiedTableNames) - start
171448 [main] TRACE org.dbunit.database.DatabaseConfig  - getProperty(name=http://www.dbunit.org/features/qualifiedTableNames) - start
171448 [main] DEBUG org.dbunit.util.QualifiedTableName  - Qualified table names feature is disabled. Returning plain table name
171448 [main] DEBUG org.dbunit.util.QualifiedTableName  - getQualifiedName(prefix=null, name=USERS_AUTHORITIES, escapePattern=null) - start
171448 [main] DEBUG org.dbunit.database.search.AbstractMetaDataBasedSearchCallback  - newEdge(rs=org.apache.commons.dbcp.DelegatingResultSet@471961df, type=1, from=USER, to=USERS_AUTHORITIES, fkColumn=USER_ID, pkColumn=ID) - start
171448 [main] DEBUG org.dbunit.database.search.AbstractMetaDataBasedSearchCallback  - createFKEdge(rs=org.apache.commons.dbcp.DelegatingResultSet@471961df, type=1, from=USER, to=USERS_AUTHORITIES, fkColumn=USER_ID, pkColumn=ID) - start
171448 [main] DEBUG org.dbunit.database.search.AbstractMetaDataBasedSearchCallback  - Adding edge USERS_AUTHORITIES(USER_ID)->USER(ID)
171448 [main] DEBUG org.dbunit.util.search.Edge  - compareTo(o=USERS_AUTHORITIES(USER_ID)->USER(ID)) - start
171448 [main] DEBUG org.dbunit.util.SQLHelper  - close(resultSet=org.apache.commons.dbcp.DelegatingResultSet@471961df) - start
171448 [main] DEBUG org.dbunit.util.search.DepthFirstSearch  - reverseSearch:USERS_AUTHORITIES
171448 [main] DEBUG org.dbunit.database.search.ExportedKeysSearchCallback  - searchNode(node=USERS_AUTHORITIES) - start
171448 [main] DEBUG org.dbunit.util.search.DepthFirstSearch  - Pushing (reverse) USERS_AUTHORITIES
171448 [main] DEBUG org.dbunit.database.search.ExportedKeysSearchCallback  - getEdges(node=USERS_AUTHORITIES) - start
171448 [main] DEBUG org.dbunit.database.search.AbstractMetaDataBasedSearchCallback  - getNodesFromExportedKeys(node=USERS_AUTHORITIES) - start
171448 [main] DEBUG org.dbunit.database.search.AbstractMetaDataBasedSearchCallback  - getNodes(type=1, node=USERS_AUTHORITIES) - start
171448 [main] DEBUG org.dbunit.database.DatabaseDataSourceConnection  - getConnection() - start
171448 [main] DEBUG org.dbunit.database.search.AbstractMetaDataBasedSearchCallback  - getNodes(type=1, node=USERS_AUTHORITIES, conn=Transaction-aware proxy for target Connection [jdbc:hsqldb:mem:kontrollDS, UserName=sw, HSQL Database Engine Driver], schema=null, metaData=org.apache.commons.dbcp.DelegatingDatabaseMetaData@53689bf0, edges=[]) - start
171448 [main] DEBUG org.dbunit.database.search.AbstractMetaDataBasedSearchCallback  - Getting edges for node USERS_AUTHORITIES
171448 [main] TRACE org.dbunit.database.DatabaseConfig  - getProperty(name=http://www.dbunit.org/properties/metadataHandler) - start
171448 [main] TRACE org.dbunit.database.DefaultMetadataHandler  - tableExists(metaData=org.apache.commons.dbcp.DelegatingDatabaseMetaData@53689bf0, schemaName=null, tableName=USERS_AUTHORITIES) - start
171449 [main] DEBUG org.dbunit.util.SQLHelper  - close(resultSet=org.apache.commons.dbcp.DelegatingResultSet@1e67d9bb) - start
171450 [main] DEBUG org.dbunit.util.SQLHelper  - close(resultSet=org.apache.commons.dbcp.DelegatingResultSet@5d6a35e2) - start
171450 [main] DEBUG org.dbunit.util.search.DepthFirstSearch  - search:USERS_AUTHORITIES
171450 [main] DEBUG org.dbunit.database.search.ExportedKeysSearchCallback  - searchNode(node=USERS_AUTHORITIES) - start
171450 [main] DEBUG org.dbunit.util.search.DepthFirstSearch  - Pushing USERS_AUTHORITIES
171450 [main] DEBUG org.dbunit.database.search.ExportedKeysSearchCallback  - getEdges(node=USERS_AUTHORITIES) - start
171450 [main] DEBUG org.dbunit.database.search.AbstractMetaDataBasedSearchCallback  - getNodesFromExportedKeys(node=USERS_AUTHORITIES) - start
171450 [main] DEBUG org.dbunit.database.search.AbstractMetaDataBasedSearchCallback  - getNodes(type=1, node=USERS_AUTHORITIES) - start
171450 [main] DEBUG org.dbunit.database.DatabaseDataSourceConnection  - getConnection() - start
171450 [main] DEBUG org.dbunit.database.search.AbstractMetaDataBasedSearchCallback  - getNodes(type=1, node=USERS_AUTHORITIES, conn=Transaction-aware proxy for target Connection [jdbc:hsqldb:mem:kontrollDS, UserName=sw, HSQL Database Engine Driver], schema=null, metaData=org.apache.commons.dbcp.DelegatingDatabaseMetaData@67f7b857, edges=[]) - start
171450 [main] DEBUG org.dbunit.database.search.AbstractMetaDataBasedSearchCallback  - Getting edges for node USERS_AUTHORITIES
171450 [main] TRACE org.dbunit.database.DatabaseConfig  - getProperty(name=http://www.dbunit.org/properties/metadataHandler) - start
171450 [main] TRACE org.dbunit.database.DefaultMetadataHandler  - tableExists(metaData=org.apache.commons.dbcp.DelegatingDatabaseMetaData@67f7b857, schemaName=null, tableName=USERS_AUTHORITIES) - start
171451 [main] DEBUG org.dbunit.util.SQLHelper  - close(resultSet=org.apache.commons.dbcp.DelegatingResultSet@165f38fa) - start
171451 [main] DEBUG org.dbunit.util.SQLHelper  - close(resultSet=org.apache.commons.dbcp.DelegatingResultSet@667a9ff9) - start
171451 [main] DEBUG org.dbunit.util.search.DepthFirstSearch  - Adding node USERS_AUTHORITIES to the final result
171451 [main] DEBUG org.dbunit.util.search.DepthFirstSearch  - search:USER
171451 [main] DEBUG org.dbunit.database.search.ExportedKeysSearchCallback  - searchNode(node=USER) - start
171452 [main] DEBUG org.dbunit.util.search.DepthFirstSearch  - Pushing USER
171452 [main] DEBUG org.dbunit.database.search.ExportedKeysSearchCallback  - getEdges(node=USER) - start
171452 [main] DEBUG org.dbunit.database.search.AbstractMetaDataBasedSearchCallback  - getNodesFromExportedKeys(node=USER) - start
171452 [main] DEBUG org.dbunit.database.search.AbstractMetaDataBasedSearchCallback  - getNodes(type=1, node=USER) - start
171452 [main] DEBUG org.dbunit.database.DatabaseDataSourceConnection  - getConnection() - start
171452 [main] DEBUG org.dbunit.database.search.AbstractMetaDataBasedSearchCallback  - getNodes(type=1, node=USER, conn=Transaction-aware proxy for target Connection [jdbc:hsqldb:mem:kontrollDS, UserName=sw, HSQL Database Engine Driver], schema=null, metaData=org.apache.commons.dbcp.DelegatingDatabaseMetaData@7c9cc8fe, edges=[]) - start
171452 [main] DEBUG org.dbunit.database.search.AbstractMetaDataBasedSearchCallback  - Getting edges for node USER
171452 [main] TRACE org.dbunit.database.DatabaseConfig  - getProperty(name=http://www.dbunit.org/properties/metadataHandler) - start
171452 [main] TRACE org.dbunit.database.DefaultMetadataHandler  - tableExists(metaData=org.apache.commons.dbcp.DelegatingDatabaseMetaData@7c9cc8fe, schemaName=null, tableName=USER) - start
171453 [main] DEBUG org.dbunit.util.SQLHelper  - close(resultSet=org.apache.commons.dbcp.DelegatingResultSet@49daebbf) - start
171454 [main] DEBUG org.dbunit.util.QualifiedTableName  - getQualifiedNameIfEnabled(config=org.dbunit.database.DatabaseConfig[, _propertyMap={http://www.dbunit.org/properties/statementFactory=org.dbunit.database.statement.PreparedStatementFactory@626bc2b8, http://www.dbunit.org/features/caseSensitiveTableNames=false, http://www.dbunit.org/properties/fetchSize=100, http://www.dbunit.org/features/batchedStatements=false, http://www.dbunit.org/properties/metadataHandler=org.dbunit.database.DefaultMetadataHandler@62baffef, http://www.dbunit.org/properties/datatypeFactory=org.dbunit.dataset.datatype.DefaultDataTypeFactory[_toleratedDeltaMap=org.dbunit.dataset.datatype.ToleratedDeltaMap@6452310a], http://www.dbunit.org/properties/escapePattern=null, http://www.dbunit.org/properties/batchSize=100, http://www.dbunit.org/features/qualifiedTableNames=false, http://www.dbunit.org/properties/tableType=[Ljava.lang.String;@5011bafa, http://www.dbunit.org/properties/resultSetTableFactory=org.dbunit.database.CachedResultSetTableFactory@10bcf083, http://www.dbunit.org/features/datatypeWarning=true}]) - start
171454 [main] TRACE org.dbunit.database.DatabaseConfig  - getFeature(name=http://www.dbunit.org/features/qualifiedTableNames) - start
171454 [main] TRACE org.dbunit.database.DatabaseConfig  - getProperty(name=http://www.dbunit.org/features/qualifiedTableNames) - start
171454 [main] DEBUG org.dbunit.util.QualifiedTableName  - Qualified table names feature is disabled. Returning plain table name
171454 [main] DEBUG org.dbunit.util.QualifiedTableName  - getQualifiedName(prefix=null, name=USER, escapePattern=null) - start
171454 [main] DEBUG org.dbunit.util.QualifiedTableName  - getQualifiedNameIfEnabled(config=org.dbunit.database.DatabaseConfig[, _propertyMap={http://www.dbunit.org/properties/statementFactory=org.dbunit.database.statement.PreparedStatementFactory@626bc2b8, http://www.dbunit.org/features/caseSensitiveTableNames=false, http://www.dbunit.org/properties/fetchSize=100, http://www.dbunit.org/features/batchedStatements=false, http://www.dbunit.org/properties/metadataHandler=org.dbunit.database.DefaultMetadataHandler@62baffef, http://www.dbunit.org/properties/datatypeFactory=org.dbunit.dataset.datatype.DefaultDataTypeFactory[_toleratedDeltaMap=org.dbunit.dataset.datatype.ToleratedDeltaMap@6452310a], http://www.dbunit.org/properties/escapePattern=null, http://www.dbunit.org/properties/batchSize=100, http://www.dbunit.org/features/qualifiedTableNames=false, http://www.dbunit.org/properties/tableType=[Ljava.lang.String;@5011bafa, http://www.dbunit.org/properties/resultSetTableFactory=org.dbunit.database.CachedResultSetTableFactory@10bcf083, http://www.dbunit.org/features/datatypeWarning=true}]) - start
171454 [main] TRACE org.dbunit.database.DatabaseConfig  - getFeature(name=http://www.dbunit.org/features/qualifiedTableNames) - start
171454 [main] TRACE org.dbunit.database.DatabaseConfig  - getProperty(name=http://www.dbunit.org/features/qualifiedTableNames) - start
171454 [main] DEBUG org.dbunit.util.QualifiedTableName  - Qualified table names feature is disabled. Returning plain table name
171455 [main] DEBUG org.dbunit.util.QualifiedTableName  - getQualifiedName(prefix=null, name=USERS_AUTHORITIES, escapePattern=null) - start
171455 [main] DEBUG org.dbunit.database.search.AbstractMetaDataBasedSearchCallback  - newEdge(rs=org.apache.commons.dbcp.DelegatingResultSet@2be22e4b, type=1, from=USER, to=USERS_AUTHORITIES, fkColumn=USER_ID, pkColumn=ID) - start
171455 [main] DEBUG org.dbunit.database.search.AbstractMetaDataBasedSearchCallback  - createFKEdge(rs=org.apache.commons.dbcp.DelegatingResultSet@2be22e4b, type=1, from=USER, to=USERS_AUTHORITIES, fkColumn=USER_ID, pkColumn=ID) - start
171455 [main] DEBUG org.dbunit.database.search.AbstractMetaDataBasedSearchCallback  - Adding edge USERS_AUTHORITIES(USER_ID)->USER(ID)
171455 [main] DEBUG org.dbunit.util.search.Edge  - compareTo(o=USERS_AUTHORITIES(USER_ID)->USER(ID)) - start
171455 [main] DEBUG org.dbunit.util.SQLHelper  - close(resultSet=org.apache.commons.dbcp.DelegatingResultSet@2be22e4b) - start
171455 [main] DEBUG org.dbunit.util.search.DepthFirstSearch  - search:USER
171455 [main] DEBUG org.dbunit.util.search.DepthFirstSearch  - already searched; returning true
171455 [main] DEBUG org.dbunit.util.search.DepthFirstSearch  - Adding node USER to the final result
171455 [main] DEBUG org.dbunit.database.search.TablesDependencyHelper  - getDirectDependentTables(connection=_databaseConfig=org.dbunit.database.DatabaseConfig[, _propertyMap={http://www.dbunit.org/properties/statementFactory=org.dbunit.database.statement.PreparedStatementFactory@626bc2b8, http://www.dbunit.org/features/caseSensitiveTableNames=false, http://www.dbunit.org/properties/fetchSize=100, http://www.dbunit.org/features/batchedStatements=false, http://www.dbunit.org/properties/metadataHandler=org.dbunit.database.DefaultMetadataHandler@62baffef, http://www.dbunit.org/properties/datatypeFactory=org.dbunit.dataset.datatype.DefaultDataTypeFactory[_toleratedDeltaMap=org.dbunit.dataset.datatype.ToleratedDeltaMap@6452310a], http://www.dbunit.org/properties/escapePattern=null, http://www.dbunit.org/properties/batchSize=100, http://www.dbunit.org/features/qualifiedTableNames=false, http://www.dbunit.org/properties/tableType=[Ljava.lang.String;@5011bafa, http://www.dbunit.org/properties/resultSetTableFactory=org.dbunit.database.CachedResultSetTableFactory@10bcf083, http://www.dbunit.org/features/datatypeWarning=true}], _dataSet=AbstractDataSet[_orderedTableNameMap=null], tableName=USER) - start
171455 [main] DEBUG org.dbunit.util.search.DepthFirstSearch  - search(nodesFrom=[USER], callback=org.dbunit.database.search.ImportedKeysSearchCallback@76e24abe) - start
171456 [main] DEBUG org.dbunit.util.CollectionsHelper  - objectsToSet(objects=USER) - start
171456 [main] DEBUG org.dbunit.util.search.DepthFirstSearch  - search(nodesFrom=[USER], callback=org.dbunit.database.search.ImportedKeysSearchCallback@76e24abe) - start
171456 [main] DEBUG org.dbunit.util.search.DepthFirstSearch  - reverseSearch:USER
171456 [main] DEBUG org.dbunit.database.search.ImportedKeysSearchCallback  - searchNode(node=USER) - start
171456 [main] DEBUG org.dbunit.util.search.DepthFirstSearch  - Pushing (reverse) USER
171456 [main] DEBUG org.dbunit.database.search.ImportedKeysSearchCallback  - getEdges(node=USER) - start
171456 [main] DEBUG org.dbunit.database.search.AbstractMetaDataBasedSearchCallback  - getNodesFromImportedKeys(node=USER) - start
171456 [main] DEBUG org.dbunit.database.search.AbstractMetaDataBasedSearchCallback  - getNodes(type=0, node=USER) - start
171456 [main] DEBUG org.dbunit.database.DatabaseDataSourceConnection  - getConnection() - start
171456 [main] DEBUG org.dbunit.database.search.AbstractMetaDataBasedSearchCallback  - getNodes(type=0, node=USER, conn=Transaction-aware proxy for target Connection [jdbc:hsqldb:mem:kontrollDS, UserName=sw, HSQL Database Engine Driver], schema=null, metaData=org.apache.commons.dbcp.DelegatingDatabaseMetaData@2993cec, edges=[]) - start
171456 [main] DEBUG org.dbunit.database.search.AbstractMetaDataBasedSearchCallback  - Getting edges for node USER
171456 [main] TRACE org.dbunit.database.DatabaseConfig  - getProperty(name=http://www.dbunit.org/properties/metadataHandler) - start
171456 [main] TRACE org.dbunit.database.DefaultMetadataHandler  - tableExists(metaData=org.apache.commons.dbcp.DelegatingDatabaseMetaData@2993cec, schemaName=null, tableName=USER) - start
171457 [main] DEBUG org.dbunit.util.SQLHelper  - close(resultSet=org.apache.commons.dbcp.DelegatingResultSet@57af532d) - start
171458 [main] DEBUG org.dbunit.util.SQLHelper  - close(resultSet=org.apache.commons.dbcp.DelegatingResultSet@280c2b42) - start
171458 [main] DEBUG org.dbunit.util.search.DepthFirstSearch  - search:USER
171458 [main] DEBUG org.dbunit.database.search.ImportedKeysSearchCallback  - searchNode(node=USER) - start
171458 [main] DEBUG org.dbunit.util.search.DepthFirstSearch  - Pushing USER
171458 [main] DEBUG org.dbunit.database.search.ImportedKeysSearchCallback  - getEdges(node=USER) - start
171458 [main] DEBUG org.dbunit.database.search.AbstractMetaDataBasedSearchCallback  - getNodesFromImportedKeys(node=USER) - start
171458 [main] DEBUG org.dbunit.database.search.AbstractMetaDataBasedSearchCallback  - getNodes(type=0, node=USER) - start
171458 [main] DEBUG org.dbunit.database.DatabaseDataSourceConnection  - getConnection() - start
171458 [main] DEBUG org.dbunit.database.search.AbstractMetaDataBasedSearchCallback  - getNodes(type=0, node=USER, conn=Transaction-aware proxy for target Connection [jdbc:hsqldb:mem:kontrollDS, UserName=sw, HSQL Database Engine Driver], schema=null, metaData=org.apache.commons.dbcp.DelegatingDatabaseMetaData@36ec0e98, edges=[]) - start
171458 [main] DEBUG org.dbunit.database.search.AbstractMetaDataBasedSearchCallback  - Getting edges for node USER
171458 [main] TRACE org.dbunit.database.DatabaseConfig  - getProperty(name=http://www.dbunit.org/properties/metadataHandler) - start
171458 [main] TRACE org.dbunit.database.DefaultMetadataHandler  - tableExists(metaData=org.apache.commons.dbcp.DelegatingDatabaseMetaData@36ec0e98, schemaName=null, tableName=USER) - start
171459 [main] DEBUG org.dbunit.util.SQLHelper  - close(resultSet=org.apache.commons.dbcp.DelegatingResultSet@69d19add) - start
171460 [main] DEBUG org.dbunit.util.SQLHelper  - close(resultSet=org.apache.commons.dbcp.DelegatingResultSet@6e122a91) - start
171460 [main] DEBUG org.dbunit.util.search.DepthFirstSearch  - Adding node USER to the final result
171460 [main] DEBUG org.dbunit.database.DatabaseSequenceFilter  - getDependencyInfo(connection=_databaseConfig=org.dbunit.database.DatabaseConfig[, _propertyMap={http://www.dbunit.org/properties/statementFactory=org.dbunit.database.statement.PreparedStatementFactory@626bc2b8, http://www.dbunit.org/features/caseSensitiveTableNames=false, http://www.dbunit.org/properties/fetchSize=100, http://www.dbunit.org/features/batchedStatements=false, http://www.dbunit.org/properties/metadataHandler=org.dbunit.database.DefaultMetadataHandler@62baffef, http://www.dbunit.org/properties/datatypeFactory=org.dbunit.dataset.datatype.DefaultDataTypeFactory[_toleratedDeltaMap=org.dbunit.dataset.datatype.ToleratedDeltaMap@6452310a], http://www.dbunit.org/properties/escapePattern=null, http://www.dbunit.org/properties/batchSize=100, http://www.dbunit.org/features/qualifiedTableNames=false, http://www.dbunit.org/properties/tableType=[Ljava.lang.String;@5011bafa, http://www.dbunit.org/properties/resultSetTableFactory=org.dbunit.database.CachedResultSetTableFactory@10bcf083, http://www.dbunit.org/features/datatypeWarning=true}], _dataSet=AbstractDataSet[_orderedTableNameMap=null], tableName=USERS_AUTHORITIES) - start
171460 [main] DEBUG org.dbunit.database.search.TablesDependencyHelper  - getDependentTables(connection=_databaseConfig=org.dbunit.database.DatabaseConfig[, _propertyMap={http://www.dbunit.org/properties/statementFactory=org.dbunit.database.statement.PreparedStatementFactory@626bc2b8, http://www.dbunit.org/features/caseSensitiveTableNames=false, http://www.dbunit.org/properties/fetchSize=100, http://www.dbunit.org/features/batchedStatements=false, http://www.dbunit.org/properties/metadataHandler=org.dbunit.database.DefaultMetadataHandler@62baffef, http://www.dbunit.org/properties/datatypeFactory=org.dbunit.dataset.datatype.DefaultDataTypeFactory[_toleratedDeltaMap=org.dbunit.dataset.datatype.ToleratedDeltaMap@6452310a], http://www.dbunit.org/properties/escapePattern=null, http://www.dbunit.org/properties/batchSize=100, http://www.dbunit.org/features/qualifiedTableNames=false, http://www.dbunit.org/properties/tableType=[Ljava.lang.String;@5011bafa, http://www.dbunit.org/properties/resultSetTableFactory=org.dbunit.database.CachedResultSetTableFactory@10bcf083, http://www.dbunit.org/features/datatypeWarning=true}], _dataSet=AbstractDataSet[_orderedTableNameMap=null], rootTable=USERS_AUTHORITIES) - start
171460 [main] DEBUG org.dbunit.database.search.TablesDependencyHelper  - getDependentTables(connection=_databaseConfig=org.dbunit.database.DatabaseConfig[, _propertyMap={http://www.dbunit.org/properties/statementFactory=org.dbunit.database.statement.PreparedStatementFactory@626bc2b8, http://www.dbunit.org/features/caseSensitiveTableNames=false, http://www.dbunit.org/properties/fetchSize=100, http://www.dbunit.org/features/batchedStatements=false, http://www.dbunit.org/properties/metadataHandler=org.dbunit.database.DefaultMetadataHandler@62baffef, http://www.dbunit.org/properties/datatypeFactory=org.dbunit.dataset.datatype.DefaultDataTypeFactory[_toleratedDeltaMap=org.dbunit.dataset.datatype.ToleratedDeltaMap@6452310a], http://www.dbunit.org/properties/escapePattern=null, http://www.dbunit.org/properties/batchSize=100, http://www.dbunit.org/features/qualifiedTableNames=false, http://www.dbunit.org/properties/tableType=[Ljava.lang.String;@5011bafa, http://www.dbunit.org/properties/resultSetTableFactory=org.dbunit.database.CachedResultSetTableFactory@10bcf083, http://www.dbunit.org/features/datatypeWarning=true}], _dataSet=AbstractDataSet[_orderedTableNameMap=null], rootTables=[USERS_AUTHORITIES]) - start
171461 [main] DEBUG org.dbunit.util.search.DepthFirstSearch  - search(nodesFrom=[USERS_AUTHORITIES], callback=org.dbunit.database.search.ImportedKeysSearchCallback@706f6ae1) - start
171461 [main] DEBUG org.dbunit.util.CollectionsHelper  - objectsToSet(objects=USERS_AUTHORITIES) - start
171461 [main] DEBUG org.dbunit.util.search.DepthFirstSearch  - search(nodesFrom=[USERS_AUTHORITIES], callback=org.dbunit.database.search.ImportedKeysSearchCallback@706f6ae1) - start
171461 [main] DEBUG org.dbunit.util.search.DepthFirstSearch  - reverseSearch:USERS_AUTHORITIES
171461 [main] DEBUG org.dbunit.database.search.ImportedKeysSearchCallback  - searchNode(node=USERS_AUTHORITIES) - start
171461 [main] DEBUG org.dbunit.util.search.DepthFirstSearch  - Pushing (reverse) USERS_AUTHORITIES
171461 [main] DEBUG org.dbunit.database.search.ImportedKeysSearchCallback  - getEdges(node=USERS_AUTHORITIES) - start
171461 [main] DEBUG org.dbunit.database.search.AbstractMetaDataBasedSearchCallback  - getNodesFromImportedKeys(node=USERS_AUTHORITIES) - start
171461 [main] DEBUG org.dbunit.database.search.AbstractMetaDataBasedSearchCallback  - getNodes(type=0, node=USERS_AUTHORITIES) - start
171461 [main] DEBUG org.dbunit.database.DatabaseDataSourceConnection  - getConnection() - start
171461 [main] DEBUG org.dbunit.database.search.AbstractMetaDataBasedSearchCallback  - getNodes(type=0, node=USERS_AUTHORITIES, conn=Transaction-aware proxy for target Connection [jdbc:hsqldb:mem:kontrollDS, UserName=sw, HSQL Database Engine Driver], schema=null, metaData=org.apache.commons.dbcp.DelegatingDatabaseMetaData@22d21372, edges=[]) - start
171461 [main] DEBUG org.dbunit.database.search.AbstractMetaDataBasedSearchCallback  - Getting edges for node USERS_AUTHORITIES
171461 [main] TRACE org.dbunit.database.DatabaseConfig  - getProperty(name=http://www.dbunit.org/properties/metadataHandler) - start
171461 [main] TRACE org.dbunit.database.DefaultMetadataHandler  - tableExists(metaData=org.apache.commons.dbcp.DelegatingDatabaseMetaData@22d21372, schemaName=null, tableName=USERS_AUTHORITIES) - start
171462 [main] DEBUG org.dbunit.util.SQLHelper  - close(resultSet=org.apache.commons.dbcp.DelegatingResultSet@460cac01) - start
171462 [main] DEBUG org.dbunit.util.QualifiedTableName  - getQualifiedNameIfEnabled(config=org.dbunit.database.DatabaseConfig[, _propertyMap={http://www.dbunit.org/properties/statementFactory=org.dbunit.database.statement.PreparedStatementFactory@626bc2b8, http://www.dbunit.org/features/caseSensitiveTableNames=false, http://www.dbunit.org/properties/fetchSize=100, http://www.dbunit.org/features/batchedStatements=false, http://www.dbunit.org/properties/metadataHandler=org.dbunit.database.DefaultMetadataHandler@62baffef, http://www.dbunit.org/properties/datatypeFactory=org.dbunit.dataset.datatype.DefaultDataTypeFactory[_toleratedDeltaMap=org.dbunit.dataset.datatype.ToleratedDeltaMap@6452310a], http://www.dbunit.org/properties/escapePattern=null, http://www.dbunit.org/properties/batchSize=100, http://www.dbunit.org/features/qualifiedTableNames=false, http://www.dbunit.org/properties/tableType=[Ljava.lang.String;@5011bafa, http://www.dbunit.org/properties/resultSetTableFactory=org.dbunit.database.CachedResultSetTableFactory@10bcf083, http://www.dbunit.org/features/datatypeWarning=true}]) - start
171462 [main] TRACE org.dbunit.database.DatabaseConfig  - getFeature(name=http://www.dbunit.org/features/qualifiedTableNames) - start
171462 [main] TRACE org.dbunit.database.DatabaseConfig  - getProperty(name=http://www.dbunit.org/features/qualifiedTableNames) - start
171462 [main] DEBUG org.dbunit.util.QualifiedTableName  - Qualified table names feature is disabled. Returning plain table name
171462 [main] DEBUG org.dbunit.util.QualifiedTableName  - getQualifiedName(prefix=null, name=USERS_AUTHORITIES, escapePattern=null) - start
171463 [main] DEBUG org.dbunit.util.QualifiedTableName  - getQualifiedNameIfEnabled(config=org.dbunit.database.DatabaseConfig[, _propertyMap={http://www.dbunit.org/properties/statementFactory=org.dbunit.database.statement.PreparedStatementFactory@626bc2b8, http://www.dbunit.org/features/caseSensitiveTableNames=false, http://www.dbunit.org/properties/fetchSize=100, http://www.dbunit.org/features/batchedStatements=false, http://www.dbunit.org/properties/metadataHandler=org.dbunit.database.DefaultMetadataHandler@62baffef, http://www.dbunit.org/properties/datatypeFactory=org.dbunit.dataset.datatype.DefaultDataTypeFactory[_toleratedDeltaMap=org.dbunit.dataset.datatype.ToleratedDeltaMap@6452310a], http://www.dbunit.org/properties/escapePattern=null, http://www.dbunit.org/properties/batchSize=100, http://www.dbunit.org/features/qualifiedTableNames=false, http://www.dbunit.org/properties/tableType=[Ljava.lang.String;@5011bafa, http://www.dbunit.org/properties/resultSetTableFactory=org.dbunit.database.CachedResultSetTableFactory@10bcf083, http://www.dbunit.org/features/datatypeWarning=true}]) - start
171463 [main] TRACE org.dbunit.database.DatabaseConfig  - getFeature(name=http://www.dbunit.org/features/qualifiedTableNames) - start
171463 [main] TRACE org.dbunit.database.DatabaseConfig  - getProperty(name=http://www.dbunit.org/features/qualifiedTableNames) - start
171463 [main] DEBUG org.dbunit.util.QualifiedTableName  - Qualified table names feature is disabled. Returning plain table name
171463 [main] DEBUG org.dbunit.util.QualifiedTableName  - getQualifiedName(prefix=null, name=AUTHORITY, escapePattern=null) - start
171463 [main] DEBUG org.dbunit.database.search.AbstractMetaDataBasedSearchCallback  - newEdge(rs=org.apache.commons.dbcp.DelegatingResultSet@32f2f9e2, type=0, from=USERS_AUTHORITIES, to=AUTHORITY, fkColumn=AUTHORITY_ID, pkColumn=ID) - start
171463 [main] DEBUG org.dbunit.database.search.AbstractMetaDataBasedSearchCallback  - createFKEdge(rs=org.apache.commons.dbcp.DelegatingResultSet@32f2f9e2, type=0, from=USERS_AUTHORITIES, to=AUTHORITY, fkColumn=AUTHORITY_ID, pkColumn=ID) - start
171463 [main] DEBUG org.dbunit.database.search.AbstractMetaDataBasedSearchCallback  - Adding edge USERS_AUTHORITIES(AUTHORITY_ID)->AUTHORITY(ID)
171463 [main] DEBUG org.dbunit.util.search.Edge  - compareTo(o=USERS_AUTHORITIES(AUTHORITY_ID)->AUTHORITY(ID)) - start
171463 [main] DEBUG org.dbunit.util.QualifiedTableName  - getQualifiedNameIfEnabled(config=org.dbunit.database.DatabaseConfig[, _propertyMap={http://www.dbunit.org/properties/statementFactory=org.dbunit.database.statement.PreparedStatementFactory@626bc2b8, http://www.dbunit.org/features/caseSensitiveTableNames=false, http://www.dbunit.org/properties/fetchSize=100, http://www.dbunit.org/features/batchedStatements=false, http://www.dbunit.org/properties/metadataHandler=org.dbunit.database.DefaultMetadataHandler@62baffef, http://www.dbunit.org/properties/datatypeFactory=org.dbunit.dataset.datatype.DefaultDataTypeFactory[_toleratedDeltaMap=org.dbunit.dataset.datatype.ToleratedDeltaMap@6452310a], http://www.dbunit.org/properties/escapePattern=null, http://www.dbunit.org/properties/batchSize=100, http://www.dbunit.org/features/qualifiedTableNames=false, http://www.dbunit.org/properties/tableType=[Ljava.lang.String;@5011bafa, http://www.dbunit.org/properties/resultSetTableFactory=org.dbunit.database.CachedResultSetTableFactory@10bcf083, http://www.dbunit.org/features/datatypeWarning=true}]) - start
171463 [main] TRACE org.dbunit.database.DatabaseConfig  - getFeature(name=http://www.dbunit.org/features/qualifiedTableNames) - start
171463 [main] TRACE org.dbunit.database.DatabaseConfig  - getProperty(name=http://www.dbunit.org/features/qualifiedTableNames) - start
171463 [main] DEBUG org.dbunit.util.QualifiedTableName  - Qualified table names feature is disabled. Returning plain table name
171463 [main] DEBUG org.dbunit.util.QualifiedTableName  - getQualifiedName(prefix=null, name=USERS_AUTHORITIES, escapePattern=null) - start
171464 [main] DEBUG org.dbunit.util.QualifiedTableName  - getQualifiedNameIfEnabled(config=org.dbunit.database.DatabaseConfig[, _propertyMap={http://www.dbunit.org/properties/statementFactory=org.dbunit.database.statement.PreparedStatementFactory@626bc2b8, http://www.dbunit.org/features/caseSensitiveTableNames=false, http://www.dbunit.org/properties/fetchSize=100, http://www.dbunit.org/features/batchedStatements=false, http://www.dbunit.org/properties/metadataHandler=org.dbunit.database.DefaultMetadataHandler@62baffef, http://www.dbunit.org/properties/datatypeFactory=org.dbunit.dataset.datatype.DefaultDataTypeFactory[_toleratedDeltaMap=org.dbunit.dataset.datatype.ToleratedDeltaMap@6452310a], http://www.dbunit.org/properties/escapePattern=null, http://www.dbunit.org/properties/batchSize=100, http://www.dbunit.org/features/qualifiedTableNames=false, http://www.dbunit.org/properties/tableType=[Ljava.lang.String;@5011bafa, http://www.dbunit.org/properties/resultSetTableFactory=org.dbunit.database.CachedResultSetTableFactory@10bcf083, http://www.dbunit.org/features/datatypeWarning=true}]) - start
171464 [main] TRACE org.dbunit.database.DatabaseConfig  - getFeature(name=http://www.dbunit.org/features/qualifiedTableNames) - start
171464 [main] TRACE org.dbunit.database.DatabaseConfig  - getProperty(name=http://www.dbunit.org/features/qualifiedTableNames) - start
171464 [main] DEBUG org.dbunit.util.QualifiedTableName  - Qualified table names feature is disabled. Returning plain table name
171464 [main] DEBUG org.dbunit.util.QualifiedTableName  - getQualifiedName(prefix=null, name=USER, escapePattern=null) - start
171464 [main] DEBUG org.dbunit.database.search.AbstractMetaDataBasedSearchCallback  - newEdge(rs=org.apache.commons.dbcp.DelegatingResultSet@32f2f9e2, type=0, from=USERS_AUTHORITIES, to=USER, fkColumn=USER_ID, pkColumn=ID) - start
171464 [main] DEBUG org.dbunit.database.search.AbstractMetaDataBasedSearchCallback  - createFKEdge(rs=org.apache.commons.dbcp.DelegatingResultSet@32f2f9e2, type=0, from=USERS_AUTHORITIES, to=USER, fkColumn=USER_ID, pkColumn=ID) - start
171464 [main] DEBUG org.dbunit.database.search.AbstractMetaDataBasedSearchCallback  - Adding edge USERS_AUTHORITIES(USER_ID)->USER(ID)
171464 [main] DEBUG org.dbunit.util.search.Edge  - compareTo(o=USERS_AUTHORITIES(AUTHORITY_ID)->AUTHORITY(ID)) - start
171464 [main] DEBUG org.dbunit.util.SQLHelper  - close(resultSet=org.apache.commons.dbcp.DelegatingResultSet@32f2f9e2) - start
171464 [main] DEBUG org.dbunit.util.search.DepthFirstSearch  - search:USERS_AUTHORITIES
171464 [main] DEBUG org.dbunit.database.search.ImportedKeysSearchCallback  - searchNode(node=USERS_AUTHORITIES) - start
171464 [main] DEBUG org.dbunit.util.search.DepthFirstSearch  - Pushing USERS_AUTHORITIES
171464 [main] DEBUG org.dbunit.database.search.ImportedKeysSearchCallback  - getEdges(node=USERS_AUTHORITIES) - start
171464 [main] DEBUG org.dbunit.database.search.AbstractMetaDataBasedSearchCallback  - getNodesFromImportedKeys(node=USERS_AUTHORITIES) - start
171464 [main] DEBUG org.dbunit.database.search.AbstractMetaDataBasedSearchCallback  - getNodes(type=0, node=USERS_AUTHORITIES) - start
171464 [main] DEBUG org.dbunit.database.DatabaseDataSourceConnection  - getConnection() - start
171464 [main] DEBUG org.dbunit.database.search.AbstractMetaDataBasedSearchCallback  - getNodes(type=0, node=USERS_AUTHORITIES, conn=Transaction-aware proxy for target Connection [jdbc:hsqldb:mem:kontrollDS, UserName=sw, HSQL Database Engine Driver], schema=null, metaData=org.apache.commons.dbcp.DelegatingDatabaseMetaData@6df37e8f, edges=[]) - start
171464 [main] DEBUG org.dbunit.database.search.AbstractMetaDataBasedSearchCallback  - Getting edges for node USERS_AUTHORITIES
171464 [main] TRACE org.dbunit.database.DatabaseConfig  - getProperty(name=http://www.dbunit.org/properties/metadataHandler) - start
171464 [main] TRACE org.dbunit.database.DefaultMetadataHandler  - tableExists(metaData=org.apache.commons.dbcp.DelegatingDatabaseMetaData@6df37e8f, schemaName=null, tableName=USERS_AUTHORITIES) - start
171465 [main] DEBUG org.dbunit.util.SQLHelper  - close(resultSet=org.apache.commons.dbcp.DelegatingResultSet@76e70029) - start
171466 [main] DEBUG org.dbunit.util.QualifiedTableName  - getQualifiedNameIfEnabled(config=org.dbunit.database.DatabaseConfig[, _propertyMap={http://www.dbunit.org/properties/statementFactory=org.dbunit.database.statement.PreparedStatementFactory@626bc2b8, http://www.dbunit.org/features/caseSensitiveTableNames=false, http://www.dbunit.org/properties/fetchSize=100, http://www.dbunit.org/features/batchedStatements=false, http://www.dbunit.org/properties/metadataHandler=org.dbunit.database.DefaultMetadataHandler@62baffef, http://www.dbunit.org/properties/datatypeFactory=org.dbunit.dataset.datatype.DefaultDataTypeFactory[_toleratedDeltaMap=org.dbunit.dataset.datatype.ToleratedDeltaMap@6452310a], http://www.dbunit.org/properties/escapePattern=null, http://www.dbunit.org/properties/batchSize=100, http://www.dbunit.org/features/qualifiedTableNames=false, http://www.dbunit.org/properties/tableType=[Ljava.lang.String;@5011bafa, http://www.dbunit.org/properties/resultSetTableFactory=org.dbunit.database.CachedResultSetTableFactory@10bcf083, http://www.dbunit.org/features/datatypeWarning=true}]) - start
171466 [main] TRACE org.dbunit.database.DatabaseConfig  - getFeature(name=http://www.dbunit.org/features/qualifiedTableNames) - start
171466 [main] TRACE org.dbunit.database.DatabaseConfig  - getProperty(name=http://www.dbunit.org/features/qualifiedTableNames) - start
171466 [main] DEBUG org.dbunit.util.QualifiedTableName  - Qualified table names feature is disabled. Returning plain table name
171466 [main] DEBUG org.dbunit.util.QualifiedTableName  - getQualifiedName(prefix=null, name=USERS_AUTHORITIES, escapePattern=null) - start
171466 [main] DEBUG org.dbunit.util.QualifiedTableName  - getQualifiedNameIfEnabled(config=org.dbunit.database.DatabaseConfig[, _propertyMap={http://www.dbunit.org/properties/statementFactory=org.dbunit.database.statement.PreparedStatementFactory@626bc2b8, http://www.dbunit.org/features/caseSensitiveTableNames=false, http://www.dbunit.org/properties/fetchSize=100, http://www.dbunit.org/features/batchedStatements=false, http://www.dbunit.org/properties/metadataHandler=org.dbunit.database.DefaultMetadataHandler@62baffef, http://www.dbunit.org/properties/datatypeFactory=org.dbunit.dataset.datatype.DefaultDataTypeFactory[_toleratedDeltaMap=org.dbunit.dataset.datatype.ToleratedDeltaMap@6452310a], http://www.dbunit.org/properties/escapePattern=null, http://www.dbunit.org/properties/batchSize=100, http://www.dbunit.org/features/qualifiedTableNames=false, http://www.dbunit.org/properties/tableType=[Ljava.lang.String;@5011bafa, http://www.dbunit.org/properties/resultSetTableFactory=org.dbunit.database.CachedResultSetTableFactory@10bcf083, http://www.dbunit.org/features/datatypeWarning=true}]) - start
171466 [main] TRACE org.dbunit.database.DatabaseConfig  - getFeature(name=http://www.dbunit.org/features/qualifiedTableNames) - start
171466 [main] TRACE org.dbunit.database.DatabaseConfig  - getProperty(name=http://www.dbunit.org/features/qualifiedTableNames) - start
171466 [main] DEBUG org.dbunit.util.QualifiedTableName  - Qualified table names feature is disabled. Returning plain table name
171466 [main] DEBUG org.dbunit.util.QualifiedTableName  - getQualifiedName(prefix=null, name=AUTHORITY, escapePattern=null) - start
171466 [main] DEBUG org.dbunit.database.search.AbstractMetaDataBasedSearchCallback  - newEdge(rs=org.apache.commons.dbcp.DelegatingResultSet@76a5193, type=0, from=USERS_AUTHORITIES, to=AUTHORITY, fkColumn=AUTHORITY_ID, pkColumn=ID) - start
171466 [main] DEBUG org.dbunit.database.search.AbstractMetaDataBasedSearchCallback  - createFKEdge(rs=org.apache.commons.dbcp.DelegatingResultSet@76a5193, type=0, from=USERS_AUTHORITIES, to=AUTHORITY, fkColumn=AUTHORITY_ID, pkColumn=ID) - start
171466 [main] DEBUG org.dbunit.database.search.AbstractMetaDataBasedSearchCallback  - Adding edge USERS_AUTHORITIES(AUTHORITY_ID)->AUTHORITY(ID)
171466 [main] DEBUG org.dbunit.util.search.Edge  - compareTo(o=USERS_AUTHORITIES(AUTHORITY_ID)->AUTHORITY(ID)) - start
171466 [main] DEBUG org.dbunit.util.QualifiedTableName  - getQualifiedNameIfEnabled(config=org.dbunit.database.DatabaseConfig[, _propertyMap={http://www.dbunit.org/properties/statementFactory=org.dbunit.database.statement.PreparedStatementFactory@626bc2b8, http://www.dbunit.org/features/caseSensitiveTableNames=false, http://www.dbunit.org/properties/fetchSize=100, http://www.dbunit.org/features/batchedStatements=false, http://www.dbunit.org/properties/metadataHandler=org.dbunit.database.DefaultMetadataHandler@62baffef, http://www.dbunit.org/properties/datatypeFactory=org.dbunit.dataset.datatype.DefaultDataTypeFactory[_toleratedDeltaMap=org.dbunit.dataset.datatype.ToleratedDeltaMap@6452310a], http://www.dbunit.org/properties/escapePattern=null, http://www.dbunit.org/properties/batchSize=100, http://www.dbunit.org/features/qualifiedTableNames=false, http://www.dbunit.org/properties/tableType=[Ljava.lang.String;@5011bafa, http://www.dbunit.org/properties/resultSetTableFactory=org.dbunit.database.CachedResultSetTableFactory@10bcf083, http://www.dbunit.org/features/datatypeWarning=true}]) - start
171467 [main] TRACE org.dbunit.database.DatabaseConfig  - getFeature(name=http://www.dbunit.org/features/qualifiedTableNames) - start
171467 [main] TRACE org.dbunit.database.DatabaseConfig  - getProperty(name=http://www.dbunit.org/features/qualifiedTableNames) - start
171467 [main] DEBUG org.dbunit.util.QualifiedTableName  - Qualified table names feature is disabled. Returning plain table name
171467 [main] DEBUG org.dbunit.util.QualifiedTableName  - getQualifiedName(prefix=null, name=USERS_AUTHORITIES, escapePattern=null) - start
171467 [main] DEBUG org.dbunit.util.QualifiedTableName  - getQualifiedNameIfEnabled(config=org.dbunit.database.DatabaseConfig[, _propertyMap={http://www.dbunit.org/properties/statementFactory=org.dbunit.database.statement.PreparedStatementFactory@626bc2b8, http://www.dbunit.org/features/caseSensitiveTableNames=false, http://www.dbunit.org/properties/fetchSize=100, http://www.dbunit.org/features/batchedStatements=false, http://www.dbunit.org/properties/metadataHandler=org.dbunit.database.DefaultMetadataHandler@62baffef, http://www.dbunit.org/properties/datatypeFactory=org.dbunit.dataset.datatype.DefaultDataTypeFactory[_toleratedDeltaMap=org.dbunit.dataset.datatype.ToleratedDeltaMap@6452310a], http://www.dbunit.org/properties/escapePattern=null, http://www.dbunit.org/properties/batchSize=100, http://www.dbunit.org/features/qualifiedTableNames=false, http://www.dbunit.org/properties/tableType=[Ljava.lang.String;@5011bafa, http://www.dbunit.org/properties/resultSetTableFactory=org.dbunit.database.CachedResultSetTableFactory@10bcf083, http://www.dbunit.org/features/datatypeWarning=true}]) - start
171467 [main] TRACE org.dbunit.database.DatabaseConfig  - getFeature(name=http://www.dbunit.org/features/qualifiedTableNames) - start
171467 [main] TRACE org.dbunit.database.DatabaseConfig  - getProperty(name=http://www.dbunit.org/features/qualifiedTableNames) - start
171467 [main] DEBUG org.dbunit.util.QualifiedTableName  - Qualified table names feature is disabled. Returning plain table name
171467 [main] DEBUG org.dbunit.util.QualifiedTableName  - getQualifiedName(prefix=null, name=USER, escapePattern=null) - start
171467 [main] DEBUG org.dbunit.database.search.AbstractMetaDataBasedSearchCallback  - newEdge(rs=org.apache.commons.dbcp.DelegatingResultSet@76a5193, type=0, from=USERS_AUTHORITIES, to=USER, fkColumn=USER_ID, pkColumn=ID) - start
171467 [main] DEBUG org.dbunit.database.search.AbstractMetaDataBasedSearchCallback  - createFKEdge(rs=org.apache.commons.dbcp.DelegatingResultSet@76a5193, type=0, from=USERS_AUTHORITIES, to=USER, fkColumn=USER_ID, pkColumn=ID) - start
171467 [main] DEBUG org.dbunit.database.search.AbstractMetaDataBasedSearchCallback  - Adding edge USERS_AUTHORITIES(USER_ID)->USER(ID)
171467 [main] DEBUG org.dbunit.util.search.Edge  - compareTo(o=USERS_AUTHORITIES(AUTHORITY_ID)->AUTHORITY(ID)) - start
171467 [main] DEBUG org.dbunit.util.SQLHelper  - close(resultSet=org.apache.commons.dbcp.DelegatingResultSet@76a5193) - start
171467 [main] DEBUG org.dbunit.util.search.DepthFirstSearch  - search:AUTHORITY
171467 [main] DEBUG org.dbunit.database.search.ImportedKeysSearchCallback  - searchNode(node=AUTHORITY) - start
171467 [main] DEBUG org.dbunit.util.search.DepthFirstSearch  - Pushing AUTHORITY
171467 [main] DEBUG org.dbunit.database.search.ImportedKeysSearchCallback  - getEdges(node=AUTHORITY) - start
171467 [main] DEBUG org.dbunit.database.search.AbstractMetaDataBasedSearchCallback  - getNodesFromImportedKeys(node=AUTHORITY) - start
171467 [main] DEBUG org.dbunit.database.search.AbstractMetaDataBasedSearchCallback  - getNodes(type=0, node=AUTHORITY) - start
171467 [main] DEBUG org.dbunit.database.DatabaseDataSourceConnection  - getConnection() - start
171467 [main] DEBUG org.dbunit.database.search.AbstractMetaDataBasedSearchCallback  - getNodes(type=0, node=AUTHORITY, conn=Transaction-aware proxy for target Connection [jdbc:hsqldb:mem:kontrollDS, UserName=sw, HSQL Database Engine Driver], schema=null, metaData=org.apache.commons.dbcp.DelegatingDatabaseMetaData@55118db2, edges=[]) - start
171467 [main] DEBUG org.dbunit.database.search.AbstractMetaDataBasedSearchCallback  - Getting edges for node AUTHORITY
171467 [main] TRACE org.dbunit.database.DatabaseConfig  - getProperty(name=http://www.dbunit.org/properties/metadataHandler) - start
171467 [main] TRACE org.dbunit.database.DefaultMetadataHandler  - tableExists(metaData=org.apache.commons.dbcp.DelegatingDatabaseMetaData@55118db2, schemaName=null, tableName=AUTHORITY) - start
171469 [main] DEBUG org.dbunit.util.SQLHelper  - close(resultSet=org.apache.commons.dbcp.DelegatingResultSet@2d9d4acd) - start
171469 [main] DEBUG org.dbunit.util.SQLHelper  - close(resultSet=org.apache.commons.dbcp.DelegatingResultSet@7163de50) - start
171469 [main] DEBUG org.dbunit.util.search.DepthFirstSearch  - Adding node AUTHORITY to the final result
171469 [main] DEBUG org.dbunit.util.search.DepthFirstSearch  - search:USER
171469 [main] DEBUG org.dbunit.database.search.ImportedKeysSearchCallback  - searchNode(node=USER) - start
171469 [main] DEBUG org.dbunit.util.search.DepthFirstSearch  - Pushing USER
171469 [main] DEBUG org.dbunit.database.search.ImportedKeysSearchCallback  - getEdges(node=USER) - start
171469 [main] DEBUG org.dbunit.database.search.AbstractMetaDataBasedSearchCallback  - getNodesFromImportedKeys(node=USER) - start
171469 [main] DEBUG org.dbunit.database.search.AbstractMetaDataBasedSearchCallback  - getNodes(type=0, node=USER) - start
171472 [main] DEBUG org.dbunit.database.DatabaseDataSourceConnection  - getConnection() - start
171472 [main] DEBUG org.dbunit.database.search.AbstractMetaDataBasedSearchCallback  - getNodes(type=0, node=USER, conn=Transaction-aware proxy for target Connection [jdbc:hsqldb:mem:kontrollDS, UserName=sw, HSQL Database Engine Driver], schema=null, metaData=org.apache.commons.dbcp.DelegatingDatabaseMetaData@53989058, edges=[]) - start
171472 [main] DEBUG org.dbunit.database.search.AbstractMetaDataBasedSearchCallback  - Getting edges for node USER
171472 [main] TRACE org.dbunit.database.DatabaseConfig  - getProperty(name=http://www.dbunit.org/properties/metadataHandler) - start
171472 [main] TRACE org.dbunit.database.DefaultMetadataHandler  - tableExists(metaData=org.apache.commons.dbcp.DelegatingDatabaseMetaData@53989058, schemaName=null, tableName=USER) - start
171473 [main] DEBUG org.dbunit.util.SQLHelper  - close(resultSet=org.apache.commons.dbcp.DelegatingResultSet@77e2ce72) - start
171473 [main] DEBUG org.dbunit.util.SQLHelper  - close(resultSet=org.apache.commons.dbcp.DelegatingResultSet@25b2d86) - start
171474 [main] DEBUG org.dbunit.util.search.DepthFirstSearch  - Adding node USER to the final result
171474 [main] DEBUG org.dbunit.util.search.DepthFirstSearch  - Adding node USERS_AUTHORITIES to the final result
171474 [main] DEBUG org.dbunit.util.search.DepthFirstSearch  - reverseSearch:AUTHORITY
171474 [main] DEBUG org.dbunit.database.search.ImportedKeysSearchCallback  - searchNode(node=AUTHORITY) - start
171474 [main] DEBUG org.dbunit.util.search.DepthFirstSearch  - Pushing (reverse) AUTHORITY
171474 [main] DEBUG org.dbunit.database.search.ImportedKeysSearchCallback  - getEdges(node=AUTHORITY) - start
171474 [main] DEBUG org.dbunit.database.search.AbstractMetaDataBasedSearchCallback  - getNodesFromImportedKeys(node=AUTHORITY) - start
171474 [main] DEBUG org.dbunit.database.search.AbstractMetaDataBasedSearchCallback  - getNodes(type=0, node=AUTHORITY) - start
171474 [main] DEBUG org.dbunit.database.DatabaseDataSourceConnection  - getConnection() - start
171474 [main] DEBUG org.dbunit.database.search.AbstractMetaDataBasedSearchCallback  - getNodes(type=0, node=AUTHORITY, conn=Transaction-aware proxy for target Connection [jdbc:hsqldb:mem:kontrollDS, UserName=sw, HSQL Database Engine Driver], schema=null, metaData=org.apache.commons.dbcp.DelegatingDatabaseMetaData@3009b99f, edges=[]) - start
171474 [main] DEBUG org.dbunit.database.search.AbstractMetaDataBasedSearchCallback  - Getting edges for node AUTHORITY
171474 [main] TRACE org.dbunit.database.DatabaseConfig  - getProperty(name=http://www.dbunit.org/properties/metadataHandler) - start
171474 [main] TRACE org.dbunit.database.DefaultMetadataHandler  - tableExists(metaData=org.apache.commons.dbcp.DelegatingDatabaseMetaData@3009b99f, schemaName=null, tableName=AUTHORITY) - start
171475 [main] DEBUG org.dbunit.util.SQLHelper  - close(resultSet=org.apache.commons.dbcp.DelegatingResultSet@e716244) - start
171475 [main] DEBUG org.dbunit.util.SQLHelper  - close(resultSet=org.apache.commons.dbcp.DelegatingResultSet@2fbf4283) - start
171475 [main] DEBUG org.dbunit.util.search.DepthFirstSearch  - reverseSearch:USERS_AUTHORITIES
171475 [main] DEBUG org.dbunit.util.search.DepthFirstSearch  - already searched; returning true
171475 [main] DEBUG org.dbunit.util.search.DepthFirstSearch  - reverseSearch:USER
171475 [main] DEBUG org.dbunit.database.search.ImportedKeysSearchCallback  - searchNode(node=USER) - start
171475 [main] DEBUG org.dbunit.util.search.DepthFirstSearch  - Pushing (reverse) USER
171475 [main] DEBUG org.dbunit.database.search.ImportedKeysSearchCallback  - getEdges(node=USER) - start
171475 [main] DEBUG org.dbunit.database.search.AbstractMetaDataBasedSearchCallback  - getNodesFromImportedKeys(node=USER) - start
171476 [main] DEBUG org.dbunit.database.search.AbstractMetaDataBasedSearchCallback  - getNodes(type=0, node=USER) - start
171476 [main] DEBUG org.dbunit.database.DatabaseDataSourceConnection  - getConnection() - start
171476 [main] DEBUG org.dbunit.database.search.AbstractMetaDataBasedSearchCallback  - getNodes(type=0, node=USER, conn=Transaction-aware proxy for target Connection [jdbc:hsqldb:mem:kontrollDS, UserName=sw, HSQL Database Engine Driver], schema=null, metaData=org.apache.commons.dbcp.DelegatingDatabaseMetaData@35a7bef2, edges=[]) - start
171476 [main] DEBUG org.dbunit.database.search.AbstractMetaDataBasedSearchCallback  - Getting edges for node USER
171476 [main] TRACE org.dbunit.database.DatabaseConfig  - getProperty(name=http://www.dbunit.org/properties/metadataHandler) - start
171476 [main] TRACE org.dbunit.database.DefaultMetadataHandler  - tableExists(metaData=org.apache.commons.dbcp.DelegatingDatabaseMetaData@35a7bef2, schemaName=null, tableName=USER) - start
171477 [main] DEBUG org.dbunit.util.SQLHelper  - close(resultSet=org.apache.commons.dbcp.DelegatingResultSet@49885ad8) - start
171477 [main] DEBUG org.dbunit.util.SQLHelper  - close(resultSet=org.apache.commons.dbcp.DelegatingResultSet@182e9287) - start
171477 [main] DEBUG org.dbunit.util.search.DepthFirstSearch  - search:USERS_AUTHORITIES
171477 [main] DEBUG org.dbunit.util.search.DepthFirstSearch  - already searched; returning true
171477 [main] DEBUG org.dbunit.util.search.DepthFirstSearch  - search:AUTHORITY
171477 [main] DEBUG org.dbunit.util.search.DepthFirstSearch  - already searched; returning true
171477 [main] DEBUG org.dbunit.util.search.DepthFirstSearch  - search:USER
171477 [main] DEBUG org.dbunit.util.search.DepthFirstSearch  - already searched; returning true
171477 [main] DEBUG org.dbunit.util.CollectionsHelper  - setToStrings(set=[AUTHORITY, USER, USERS_AUTHORITIES]) - start
171477 [main] DEBUG org.dbunit.database.search.TablesDependencyHelper  - getDependsOnTables(connection=_databaseConfig=org.dbunit.database.DatabaseConfig[, _propertyMap={http://www.dbunit.org/properties/statementFactory=org.dbunit.database.statement.PreparedStatementFactory@626bc2b8, http://www.dbunit.org/features/caseSensitiveTableNames=false, http://www.dbunit.org/properties/fetchSize=100, http://www.dbunit.org/features/batchedStatements=false, http://www.dbunit.org/properties/metadataHandler=org.dbunit.database.DefaultMetadataHandler@62baffef, http://www.dbunit.org/properties/datatypeFactory=org.dbunit.dataset.datatype.DefaultDataTypeFactory[_toleratedDeltaMap=org.dbunit.dataset.datatype.ToleratedDeltaMap@6452310a], http://www.dbunit.org/properties/escapePattern=null, http://www.dbunit.org/properties/batchSize=100, http://www.dbunit.org/features/qualifiedTableNames=false, http://www.dbunit.org/properties/tableType=[Ljava.lang.String;@5011bafa, http://www.dbunit.org/properties/resultSetTableFactory=org.dbunit.database.CachedResultSetTableFactory@10bcf083, http://www.dbunit.org/features/datatypeWarning=true}], _dataSet=AbstractDataSet[_orderedTableNameMap=null], rootTable=USERS_AUTHORITIES) - start
171478 [main] DEBUG org.dbunit.util.search.DepthFirstSearch  - search(nodesFrom=[USERS_AUTHORITIES], callback=org.dbunit.database.search.ExportedKeysSearchCallback@4112d267) - start
171478 [main] DEBUG org.dbunit.util.CollectionsHelper  - objectsToSet(objects=USERS_AUTHORITIES) - start
171478 [main] DEBUG org.dbunit.util.search.DepthFirstSearch  - search(nodesFrom=[USERS_AUTHORITIES], callback=org.dbunit.database.search.ExportedKeysSearchCallback@4112d267) - start
171478 [main] DEBUG org.dbunit.util.search.DepthFirstSearch  - reverseSearch:USERS_AUTHORITIES
171478 [main] DEBUG org.dbunit.database.search.ExportedKeysSearchCallback  - searchNode(node=USERS_AUTHORITIES) - start
171478 [main] DEBUG org.dbunit.util.search.DepthFirstSearch  - Pushing (reverse) USERS_AUTHORITIES
171478 [main] DEBUG org.dbunit.database.search.ExportedKeysSearchCallback  - getEdges(node=USERS_AUTHORITIES) - start
171478 [main] DEBUG org.dbunit.database.search.AbstractMetaDataBasedSearchCallback  - getNodesFromExportedKeys(node=USERS_AUTHORITIES) - start
171478 [main] DEBUG org.dbunit.database.search.AbstractMetaDataBasedSearchCallback  - getNodes(type=1, node=USERS_AUTHORITIES) - start
171478 [main] DEBUG org.dbunit.database.DatabaseDataSourceConnection  - getConnection() - start
171478 [main] DEBUG org.dbunit.database.search.AbstractMetaDataBasedSearchCallback  - getNodes(type=1, node=USERS_AUTHORITIES, conn=Transaction-aware proxy for target Connection [jdbc:hsqldb:mem:kontrollDS, UserName=sw, HSQL Database Engine Driver], schema=null, metaData=org.apache.commons.dbcp.DelegatingDatabaseMetaData@3ab38991, edges=[]) - start
171478 [main] DEBUG org.dbunit.database.search.AbstractMetaDataBasedSearchCallback  - Getting edges for node USERS_AUTHORITIES
171478 [main] TRACE org.dbunit.database.DatabaseConfig  - getProperty(name=http://www.dbunit.org/properties/metadataHandler) - start
171478 [main] TRACE org.dbunit.database.DefaultMetadataHandler  - tableExists(metaData=org.apache.commons.dbcp.DelegatingDatabaseMetaData@3ab38991, schemaName=null, tableName=USERS_AUTHORITIES) - start
171479 [main] DEBUG org.dbunit.util.SQLHelper  - close(resultSet=org.apache.commons.dbcp.DelegatingResultSet@71e0be5) - start
171480 [main] DEBUG org.dbunit.util.SQLHelper  - close(resultSet=org.apache.commons.dbcp.DelegatingResultSet@4458bf94) - start
171480 [main] DEBUG org.dbunit.util.search.DepthFirstSearch  - search:USERS_AUTHORITIES
171480 [main] DEBUG org.dbunit.database.search.ExportedKeysSearchCallback  - searchNode(node=USERS_AUTHORITIES) - start
171480 [main] DEBUG org.dbunit.util.search.DepthFirstSearch  - Pushing USERS_AUTHORITIES
171480 [main] DEBUG org.dbunit.database.search.ExportedKeysSearchCallback  - getEdges(node=USERS_AUTHORITIES) - start
171480 [main] DEBUG org.dbunit.database.search.AbstractMetaDataBasedSearchCallback  - getNodesFromExportedKeys(node=USERS_AUTHORITIES) - start
171480 [main] DEBUG org.dbunit.database.search.AbstractMetaDataBasedSearchCallback  - getNodes(type=1, node=USERS_AUTHORITIES) - start
171480 [main] DEBUG org.dbunit.database.DatabaseDataSourceConnection  - getConnection() - start
171480 [main] DEBUG org.dbunit.database.search.AbstractMetaDataBasedSearchCallback  - getNodes(type=1, node=USERS_AUTHORITIES, conn=Transaction-aware proxy for target Connection [jdbc:hsqldb:mem:kontrollDS, UserName=sw, HSQL Database Engine Driver], schema=null, metaData=org.apache.commons.dbcp.DelegatingDatabaseMetaData@1e89b09a, edges=[]) - start
171480 [main] DEBUG org.dbunit.database.search.AbstractMetaDataBasedSearchCallback  - Getting edges for node USERS_AUTHORITIES
171480 [main] TRACE org.dbunit.database.DatabaseConfig  - getProperty(name=http://www.dbunit.org/properties/metadataHandler) - start
171480 [main] TRACE org.dbunit.database.DefaultMetadataHandler  - tableExists(metaData=org.apache.commons.dbcp.DelegatingDatabaseMetaData@1e89b09a, schemaName=null, tableName=USERS_AUTHORITIES) - start
171481 [main] DEBUG org.dbunit.util.SQLHelper  - close(resultSet=org.apache.commons.dbcp.DelegatingResultSet@36627750) - start
171481 [main] DEBUG org.dbunit.util.SQLHelper  - close(resultSet=org.apache.commons.dbcp.DelegatingResultSet@45c1c6e4) - start
171481 [main] DEBUG org.dbunit.util.search.DepthFirstSearch  - Adding node USERS_AUTHORITIES to the final result
171481 [main] DEBUG org.dbunit.util.CollectionsHelper  - setToStrings(set=[USERS_AUTHORITIES]) - start
171481 [main] DEBUG org.dbunit.database.search.TablesDependencyHelper  - getDirectDependsOnTables(connection=_databaseConfig=org.dbunit.database.DatabaseConfig[, _propertyMap={http://www.dbunit.org/properties/statementFactory=org.dbunit.database.statement.PreparedStatementFactory@626bc2b8, http://www.dbunit.org/features/caseSensitiveTableNames=false, http://www.dbunit.org/properties/fetchSize=100, http://www.dbunit.org/features/batchedStatements=false, http://www.dbunit.org/properties/metadataHandler=org.dbunit.database.DefaultMetadataHandler@62baffef, http://www.dbunit.org/properties/datatypeFactory=org.dbunit.dataset.datatype.DefaultDataTypeFactory[_toleratedDeltaMap=org.dbunit.dataset.datatype.ToleratedDeltaMap@6452310a], http://www.dbunit.org/properties/escapePattern=null, http://www.dbunit.org/properties/batchSize=100, http://www.dbunit.org/features/qualifiedTableNames=false, http://www.dbunit.org/properties/tableType=[Ljava.lang.String;@5011bafa, http://www.dbunit.org/properties/resultSetTableFactory=org.dbunit.database.CachedResultSetTableFactory@10bcf083, http://www.dbunit.org/features/datatypeWarning=true}], _dataSet=AbstractDataSet[_orderedTableNameMap=null], tableName=USERS_AUTHORITIES) - start
171496 [main] DEBUG org.dbunit.util.search.DepthFirstSearch  - search(nodesFrom=[USERS_AUTHORITIES], callback=org.dbunit.database.search.ExportedKeysSearchCallback@1e40dd98) - start
171496 [main] DEBUG org.dbunit.util.CollectionsHelper  - objectsToSet(objects=USERS_AUTHORITIES) - start
171496 [main] DEBUG org.dbunit.util.search.DepthFirstSearch  - search(nodesFrom=[USERS_AUTHORITIES], callback=org.dbunit.database.search.ExportedKeysSearchCallback@1e40dd98) - start
171496 [main] DEBUG org.dbunit.util.search.DepthFirstSearch  - reverseSearch:USERS_AUTHORITIES
171496 [main] DEBUG org.dbunit.database.search.ExportedKeysSearchCallback  - searchNode(node=USERS_AUTHORITIES) - start
171496 [main] DEBUG org.dbunit.util.search.DepthFirstSearch  - Pushing (reverse) USERS_AUTHORITIES
171496 [main] DEBUG org.dbunit.database.search.ExportedKeysSearchCallback  - getEdges(node=USERS_AUTHORITIES) - start
171496 [main] DEBUG org.dbunit.database.search.AbstractMetaDataBasedSearchCallback  - getNodesFromExportedKeys(node=USERS_AUTHORITIES) - start
171496 [main] DEBUG org.dbunit.database.search.AbstractMetaDataBasedSearchCallback  - getNodes(type=1, node=USERS_AUTHORITIES) - start
171496 [main] DEBUG org.dbunit.database.DatabaseDataSourceConnection  - getConnection() - start
171496 [main] DEBUG org.dbunit.database.search.AbstractMetaDataBasedSearchCallback  - getNodes(type=1, node=USERS_AUTHORITIES, conn=Transaction-aware proxy for target Connection [jdbc:hsqldb:mem:kontrollDS, UserName=sw, HSQL Database Engine Driver], schema=null, metaData=org.apache.commons.dbcp.DelegatingDatabaseMetaData@349435ac, edges=[]) - start
171496 [main] DEBUG org.dbunit.database.search.AbstractMetaDataBasedSearchCallback  - Getting edges for node USERS_AUTHORITIES
171496 [main] TRACE org.dbunit.database.DatabaseConfig  - getProperty(name=http://www.dbunit.org/properties/metadataHandler) - start
171496 [main] TRACE org.dbunit.database.DefaultMetadataHandler  - tableExists(metaData=org.apache.commons.dbcp.DelegatingDatabaseMetaData@349435ac, schemaName=null, tableName=USERS_AUTHORITIES) - start
171497 [main] DEBUG org.dbunit.util.SQLHelper  - close(resultSet=org.apache.commons.dbcp.DelegatingResultSet@386205a1) - start
171497 [main] DEBUG org.dbunit.util.SQLHelper  - close(resultSet=org.apache.commons.dbcp.DelegatingResultSet@158e651d) - start
171497 [main] DEBUG org.dbunit.util.search.DepthFirstSearch  - search:USERS_AUTHORITIES
171497 [main] DEBUG org.dbunit.database.search.ExportedKeysSearchCallback  - searchNode(node=USERS_AUTHORITIES) - start
171498 [main] DEBUG org.dbunit.util.search.DepthFirstSearch  - Pushing USERS_AUTHORITIES
171498 [main] DEBUG org.dbunit.database.search.ExportedKeysSearchCallback  - getEdges(node=USERS_AUTHORITIES) - start
171498 [main] DEBUG org.dbunit.database.search.AbstractMetaDataBasedSearchCallback  - getNodesFromExportedKeys(node=USERS_AUTHORITIES) - start
171498 [main] DEBUG org.dbunit.database.search.AbstractMetaDataBasedSearchCallback  - getNodes(type=1, node=USERS_AUTHORITIES) - start
171498 [main] DEBUG org.dbunit.database.DatabaseDataSourceConnection  - getConnection() - start
171498 [main] DEBUG org.dbunit.database.search.AbstractMetaDataBasedSearchCallback  - getNodes(type=1, node=USERS_AUTHORITIES, conn=Transaction-aware proxy for target Connection [jdbc:hsqldb:mem:kontrollDS, UserName=sw, HSQL Database Engine Driver], schema=null, metaData=org.apache.commons.dbcp.DelegatingDatabaseMetaData@37905df9, edges=[]) - start
171498 [main] DEBUG org.dbunit.database.search.AbstractMetaDataBasedSearchCallback  - Getting edges for node USERS_AUTHORITIES
171498 [main] TRACE org.dbunit.database.DatabaseConfig  - getProperty(name=http://www.dbunit.org/properties/metadataHandler) - start
171498 [main] TRACE org.dbunit.database.DefaultMetadataHandler  - tableExists(metaData=org.apache.commons.dbcp.DelegatingDatabaseMetaData@37905df9, schemaName=null, tableName=USERS_AUTHORITIES) - start
171499 [main] DEBUG org.dbunit.util.SQLHelper  - close(resultSet=org.apache.commons.dbcp.DelegatingResultSet@29a7ec1b) - start
171499 [main] DEBUG org.dbunit.util.SQLHelper  - close(resultSet=org.apache.commons.dbcp.DelegatingResultSet@56a018db) - start
171499 [main] DEBUG org.dbunit.util.search.DepthFirstSearch  - Adding node USERS_AUTHORITIES to the final result
171499 [main] DEBUG org.dbunit.database.search.TablesDependencyHelper  - getDirectDependentTables(connection=_databaseConfig=org.dbunit.database.DatabaseConfig[, _propertyMap={http://www.dbunit.org/properties/statementFactory=org.dbunit.database.statement.PreparedStatementFactory@626bc2b8, http://www.dbunit.org/features/caseSensitiveTableNames=false, http://www.dbunit.org/properties/fetchSize=100, http://www.dbunit.org/features/batchedStatements=false, http://www.dbunit.org/properties/metadataHandler=org.dbunit.database.DefaultMetadataHandler@62baffef, http://www.dbunit.org/properties/datatypeFactory=org.dbunit.dataset.datatype.DefaultDataTypeFactory[_toleratedDeltaMap=org.dbunit.dataset.datatype.ToleratedDeltaMap@6452310a], http://www.dbunit.org/properties/escapePattern=null, http://www.dbunit.org/properties/batchSize=100, http://www.dbunit.org/features/qualifiedTableNames=false, http://www.dbunit.org/properties/tableType=[Ljava.lang.String;@5011bafa, http://www.dbunit.org/properties/resultSetTableFactory=org.dbunit.database.CachedResultSetTableFactory@10bcf083, http://www.dbunit.org/features/datatypeWarning=true}], _dataSet=AbstractDataSet[_orderedTableNameMap=null], tableName=USERS_AUTHORITIES) - start
171499 [main] DEBUG org.dbunit.util.search.DepthFirstSearch  - search(nodesFrom=[USERS_AUTHORITIES], callback=org.dbunit.database.search.ImportedKeysSearchCallback@54d002d3) - start
171499 [main] DEBUG org.dbunit.util.CollectionsHelper  - objectsToSet(objects=USERS_AUTHORITIES) - start
171499 [main] DEBUG org.dbunit.util.search.DepthFirstSearch  - search(nodesFrom=[USERS_AUTHORITIES], callback=org.dbunit.database.search.ImportedKeysSearchCallback@54d002d3) - start
171499 [main] DEBUG org.dbunit.util.search.DepthFirstSearch  - reverseSearch:USERS_AUTHORITIES
171499 [main] DEBUG org.dbunit.database.search.ImportedKeysSearchCallback  - searchNode(node=USERS_AUTHORITIES) - start
171499 [main] DEBUG org.dbunit.util.search.DepthFirstSearch  - Pushing (reverse) USERS_AUTHORITIES
171499 [main] DEBUG org.dbunit.database.search.ImportedKeysSearchCallback  - getEdges(node=USERS_AUTHORITIES) - start
171499 [main] DEBUG org.dbunit.database.search.AbstractMetaDataBasedSearchCallback  - getNodesFromImportedKeys(node=USERS_AUTHORITIES) - start
171499 [main] DEBUG org.dbunit.database.search.AbstractMetaDataBasedSearchCallback  - getNodes(type=0, node=USERS_AUTHORITIES) - start
171499 [main] DEBUG org.dbunit.database.DatabaseDataSourceConnection  - getConnection() - start
171500 [main] DEBUG org.dbunit.database.search.AbstractMetaDataBasedSearchCallback  - getNodes(type=0, node=USERS_AUTHORITIES, conn=Transaction-aware proxy for target Connection [jdbc:hsqldb:mem:kontrollDS, UserName=sw, HSQL Database Engine Driver], schema=null, metaData=org.apache.commons.dbcp.DelegatingDatabaseMetaData@24699625, edges=[]) - start
171500 [main] DEBUG org.dbunit.database.search.AbstractMetaDataBasedSearchCallback  - Getting edges for node USERS_AUTHORITIES
171500 [main] TRACE org.dbunit.database.DatabaseConfig  - getProperty(name=http://www.dbunit.org/properties/metadataHandler) - start
171500 [main] TRACE org.dbunit.database.DefaultMetadataHandler  - tableExists(metaData=org.apache.commons.dbcp.DelegatingDatabaseMetaData@24699625, schemaName=null, tableName=USERS_AUTHORITIES) - start
171501 [main] DEBUG org.dbunit.util.SQLHelper  - close(resultSet=org.apache.commons.dbcp.DelegatingResultSet@b22dee5) - start
171501 [main] DEBUG org.dbunit.util.QualifiedTableName  - getQualifiedNameIfEnabled(config=org.dbunit.database.DatabaseConfig[, _propertyMap={http://www.dbunit.org/properties/statementFactory=org.dbunit.database.statement.PreparedStatementFactory@626bc2b8, http://www.dbunit.org/features/caseSensitiveTableNames=false, http://www.dbunit.org/properties/fetchSize=100, http://www.dbunit.org/features/batchedStatements=false, http://www.dbunit.org/properties/metadataHandler=org.dbunit.database.DefaultMetadataHandler@62baffef, http://www.dbunit.org/properties/datatypeFactory=org.dbunit.dataset.datatype.DefaultDataTypeFactory[_toleratedDeltaMap=org.dbunit.dataset.datatype.ToleratedDeltaMap@6452310a], http://www.dbunit.org/properties/escapePattern=null, http://www.dbunit.org/properties/batchSize=100, http://www.dbunit.org/features/qualifiedTableNames=false, http://www.dbunit.org/properties/tableType=[Ljava.lang.String;@5011bafa, http://www.dbunit.org/properties/resultSetTableFactory=org.dbunit.database.CachedResultSetTableFactory@10bcf083, http://www.dbunit.org/features/datatypeWarning=true}]) - start
171501 [main] TRACE org.dbunit.database.DatabaseConfig  - getFeature(name=http://www.dbunit.org/features/qualifiedTableNames) - start
171501 [main] TRACE org.dbunit.database.DatabaseConfig  - getProperty(name=http://www.dbunit.org/features/qualifiedTableNames) - start
171501 [main] DEBUG org.dbunit.util.QualifiedTableName  - Qualified table names feature is disabled. Returning plain table name
171501 [main] DEBUG org.dbunit.util.QualifiedTableName  - getQualifiedName(prefix=null, name=USERS_AUTHORITIES, escapePattern=null) - start
171501 [main] DEBUG org.dbunit.util.QualifiedTableName  - getQualifiedNameIfEnabled(config=org.dbunit.database.DatabaseConfig[, _propertyMap={http://www.dbunit.org/properties/statementFactory=org.dbunit.database.statement.PreparedStatementFactory@626bc2b8, http://www.dbunit.org/features/caseSensitiveTableNames=false, http://www.dbunit.org/properties/fetchSize=100, http://www.dbunit.org/features/batchedStatements=false, http://www.dbunit.org/properties/metadataHandler=org.dbunit.database.DefaultMetadataHandler@62baffef, http://www.dbunit.org/properties/datatypeFactory=org.dbunit.dataset.datatype.DefaultDataTypeFactory[_toleratedDeltaMap=org.dbunit.dataset.datatype.ToleratedDeltaMap@6452310a], http://www.dbunit.org/properties/escapePattern=null, http://www.dbunit.org/properties/batchSize=100, http://www.dbunit.org/features/qualifiedTableNames=false, http://www.dbunit.org/properties/tableType=[Ljava.lang.String;@5011bafa, http://www.dbunit.org/properties/resultSetTableFactory=org.dbunit.database.CachedResultSetTableFactory@10bcf083, http://www.dbunit.org/features/datatypeWarning=true}]) - start
171501 [main] TRACE org.dbunit.database.DatabaseConfig  - getFeature(name=http://www.dbunit.org/features/qualifiedTableNames) - start
171501 [main] TRACE org.dbunit.database.DatabaseConfig  - getProperty(name=http://www.dbunit.org/features/qualifiedTableNames) - start
171501 [main] DEBUG org.dbunit.util.QualifiedTableName  - Qualified table names feature is disabled. Returning plain table name
171501 [main] DEBUG org.dbunit.util.QualifiedTableName  - getQualifiedName(prefix=null, name=AUTHORITY, escapePattern=null) - start
171501 [main] DEBUG org.dbunit.database.search.AbstractMetaDataBasedSearchCallback  - newEdge(rs=org.apache.commons.dbcp.DelegatingResultSet@738b6df, type=0, from=USERS_AUTHORITIES, to=AUTHORITY, fkColumn=AUTHORITY_ID, pkColumn=ID) - start
171501 [main] DEBUG org.dbunit.database.search.AbstractMetaDataBasedSearchCallback  - createFKEdge(rs=org.apache.commons.dbcp.DelegatingResultSet@738b6df, type=0, from=USERS_AUTHORITIES, to=AUTHORITY, fkColumn=AUTHORITY_ID, pkColumn=ID) - start
171502 [main] DEBUG org.dbunit.database.search.AbstractMetaDataBasedSearchCallback  - Adding edge USERS_AUTHORITIES(AUTHORITY_ID)->AUTHORITY(ID)
171502 [main] DEBUG org.dbunit.util.search.Edge  - compareTo(o=USERS_AUTHORITIES(AUTHORITY_ID)->AUTHORITY(ID)) - start
171502 [main] DEBUG org.dbunit.util.QualifiedTableName  - getQualifiedNameIfEnabled(config=org.dbunit.database.DatabaseConfig[, _propertyMap={http://www.dbunit.org/properties/statementFactory=org.dbunit.database.statement.PreparedStatementFactory@626bc2b8, http://www.dbunit.org/features/caseSensitiveTableNames=false, http://www.dbunit.org/properties/fetchSize=100, http://www.dbunit.org/features/batchedStatements=false, http://www.dbunit.org/properties/metadataHandler=org.dbunit.database.DefaultMetadataHandler@62baffef, http://www.dbunit.org/properties/datatypeFactory=org.dbunit.dataset.datatype.DefaultDataTypeFactory[_toleratedDeltaMap=org.dbunit.dataset.datatype.ToleratedDeltaMap@6452310a], http://www.dbunit.org/properties/escapePattern=null, http://www.dbunit.org/properties/batchSize=100, http://www.dbunit.org/features/qualifiedTableNames=false, http://www.dbunit.org/properties/tableType=[Ljava.lang.String;@5011bafa, http://www.dbunit.org/properties/resultSetTableFactory=org.dbunit.database.CachedResultSetTableFactory@10bcf083, http://www.dbunit.org/features/datatypeWarning=true}]) - start
171502 [main] TRACE org.dbunit.database.DatabaseConfig  - getFeature(name=http://www.dbunit.org/features/qualifiedTableNames) - start
171502 [main] TRACE org.dbunit.database.DatabaseConfig  - getProperty(name=http://www.dbunit.org/features/qualifiedTableNames) - start
171502 [main] DEBUG org.dbunit.util.QualifiedTableName  - Qualified table names feature is disabled. Returning plain table name
171502 [main] DEBUG org.dbunit.util.QualifiedTableName  - getQualifiedName(prefix=null, name=USERS_AUTHORITIES, escapePattern=null) - start
171502 [main] DEBUG org.dbunit.util.QualifiedTableName  - getQualifiedNameIfEnabled(config=org.dbunit.database.DatabaseConfig[, _propertyMap={http://www.dbunit.org/properties/statementFactory=org.dbunit.database.statement.PreparedStatementFactory@626bc2b8, http://www.dbunit.org/features/caseSensitiveTableNames=false, http://www.dbunit.org/properties/fetchSize=100, http://www.dbunit.org/features/batchedStatements=false, http://www.dbunit.org/properties/metadataHandler=org.dbunit.database.DefaultMetadataHandler@62baffef, http://www.dbunit.org/properties/datatypeFactory=org.dbunit.dataset.datatype.DefaultDataTypeFactory[_toleratedDeltaMap=org.dbunit.dataset.datatype.ToleratedDeltaMap@6452310a], http://www.dbunit.org/properties/escapePattern=null, http://www.dbunit.org/properties/batchSize=100, http://www.dbunit.org/features/qualifiedTableNames=false, http://www.dbunit.org/properties/tableType=[Ljava.lang.String;@5011bafa, http://www.dbunit.org/properties/resultSetTableFactory=org.dbunit.database.CachedResultSetTableFactory@10bcf083, http://www.dbunit.org/features/datatypeWarning=true}]) - start
171502 [main] TRACE org.dbunit.database.DatabaseConfig  - getFeature(name=http://www.dbunit.org/features/qualifiedTableNames) - start
171502 [main] TRACE org.dbunit.database.DatabaseConfig  - getProperty(name=http://www.dbunit.org/features/qualifiedTableNames) - start
171502 [main] DEBUG org.dbunit.util.QualifiedTableName  - Qualified table names feature is disabled. Returning plain table name
171502 [main] DEBUG org.dbunit.util.QualifiedTableName  - getQualifiedName(prefix=null, name=USER, escapePattern=null) - start
171502 [main] DEBUG org.dbunit.database.search.AbstractMetaDataBasedSearchCallback  - newEdge(rs=org.apache.commons.dbcp.DelegatingResultSet@738b6df, type=0, from=USERS_AUTHORITIES, to=USER, fkColumn=USER_ID, pkColumn=ID) - start
171502 [main] DEBUG org.dbunit.database.search.AbstractMetaDataBasedSearchCallback  - createFKEdge(rs=org.apache.commons.dbcp.DelegatingResultSet@738b6df, type=0, from=USERS_AUTHORITIES, to=USER, fkColumn=USER_ID, pkColumn=ID) - start
171502 [main] DEBUG org.dbunit.database.search.AbstractMetaDataBasedSearchCallback  - Adding edge USERS_AUTHORITIES(USER_ID)->USER(ID)
171502 [main] DEBUG org.dbunit.util.search.Edge  - compareTo(o=USERS_AUTHORITIES(AUTHORITY_ID)->AUTHORITY(ID)) - start
171502 [main] DEBUG org.dbunit.util.SQLHelper  - close(resultSet=org.apache.commons.dbcp.DelegatingResultSet@738b6df) - start
171502 [main] DEBUG org.dbunit.util.search.DepthFirstSearch  - search:USERS_AUTHORITIES
171502 [main] DEBUG org.dbunit.database.search.ImportedKeysSearchCallback  - searchNode(node=USERS_AUTHORITIES) - start
171502 [main] DEBUG org.dbunit.util.search.DepthFirstSearch  - Pushing USERS_AUTHORITIES
171503 [main] DEBUG org.dbunit.database.search.ImportedKeysSearchCallback  - getEdges(node=USERS_AUTHORITIES) - start
171503 [main] DEBUG org.dbunit.database.search.AbstractMetaDataBasedSearchCallback  - getNodesFromImportedKeys(node=USERS_AUTHORITIES) - start
171503 [main] DEBUG org.dbunit.database.search.AbstractMetaDataBasedSearchCallback  - getNodes(type=0, node=USERS_AUTHORITIES) - start
171503 [main] DEBUG org.dbunit.database.DatabaseDataSourceConnection  - getConnection() - start
171503 [main] DEBUG org.dbunit.database.search.AbstractMetaDataBasedSearchCallback  - getNodes(type=0, node=USERS_AUTHORITIES, conn=Transaction-aware proxy for target Connection [jdbc:hsqldb:mem:kontrollDS, UserName=sw, HSQL Database Engine Driver], schema=null, metaData=org.apache.commons.dbcp.DelegatingDatabaseMetaData@1c6dee2d, edges=[]) - start
171503 [main] DEBUG org.dbunit.database.search.AbstractMetaDataBasedSearchCallback  - Getting edges for node USERS_AUTHORITIES
171504 [main] TRACE org.dbunit.database.DatabaseConfig  - getProperty(name=http://www.dbunit.org/properties/metadataHandler) - start
171504 [main] TRACE org.dbunit.database.DefaultMetadataHandler  - tableExists(metaData=org.apache.commons.dbcp.DelegatingDatabaseMetaData@1c6dee2d, schemaName=null, tableName=USERS_AUTHORITIES) - start
171505 [main] DEBUG org.dbunit.util.SQLHelper  - close(resultSet=org.apache.commons.dbcp.DelegatingResultSet@18cebd04) - start
171505 [main] DEBUG org.dbunit.util.QualifiedTableName  - getQualifiedNameIfEnabled(config=org.dbunit.database.DatabaseConfig[, _propertyMap={http://www.dbunit.org/properties/statementFactory=org.dbunit.database.statement.PreparedStatementFactory@626bc2b8, http://www.dbunit.org/features/caseSensitiveTableNames=false, http://www.dbunit.org/properties/fetchSize=100, http://www.dbunit.org/features/batchedStatements=false, http://www.dbunit.org/properties/metadataHandler=org.dbunit.database.DefaultMetadataHandler@62baffef, http://www.dbunit.org/properties/datatypeFactory=org.dbunit.dataset.datatype.DefaultDataTypeFactory[_toleratedDeltaMap=org.dbunit.dataset.datatype.ToleratedDeltaMap@6452310a], http://www.dbunit.org/properties/escapePattern=null, http://www.dbunit.org/properties/batchSize=100, http://www.dbunit.org/features/qualifiedTableNames=false, http://www.dbunit.org/properties/tableType=[Ljava.lang.String;@5011bafa, http://www.dbunit.org/properties/resultSetTableFactory=org.dbunit.database.CachedResultSetTableFactory@10bcf083, http://www.dbunit.org/features/datatypeWarning=true}]) - start
171505 [main] TRACE org.dbunit.database.DatabaseConfig  - getFeature(name=http://www.dbunit.org/features/qualifiedTableNames) - start
171505 [main] TRACE org.dbunit.database.DatabaseConfig  - getProperty(name=http://www.dbunit.org/features/qualifiedTableNames) - start
171505 [main] DEBUG org.dbunit.util.QualifiedTableName  - Qualified table names feature is disabled. Returning plain table name
171505 [main] DEBUG org.dbunit.util.QualifiedTableName  - getQualifiedName(prefix=null, name=USERS_AUTHORITIES, escapePattern=null) - start
171505 [main] DEBUG org.dbunit.util.QualifiedTableName  - getQualifiedNameIfEnabled(config=org.dbunit.database.DatabaseConfig[, _propertyMap={http://www.dbunit.org/properties/statementFactory=org.dbunit.database.statement.PreparedStatementFactory@626bc2b8, http://www.dbunit.org/features/caseSensitiveTableNames=false, http://www.dbunit.org/properties/fetchSize=100, http://www.dbunit.org/features/batchedStatements=false, http://www.dbunit.org/properties/metadataHandler=org.dbunit.database.DefaultMetadataHandler@62baffef, http://www.dbunit.org/properties/datatypeFactory=org.dbunit.dataset.datatype.DefaultDataTypeFactory[_toleratedDeltaMap=org.dbunit.dataset.datatype.ToleratedDeltaMap@6452310a], http://www.dbunit.org/properties/escapePattern=null, http://www.dbunit.org/properties/batchSize=100, http://www.dbunit.org/features/qualifiedTableNames=false, http://www.dbunit.org/properties/tableType=[Ljava.lang.String;@5011bafa, http://www.dbunit.org/properties/resultSetTableFactory=org.dbunit.database.CachedResultSetTableFactory@10bcf083, http://www.dbunit.org/features/datatypeWarning=true}]) - start
171505 [main] TRACE org.dbunit.database.DatabaseConfig  - getFeature(name=http://www.dbunit.org/features/qualifiedTableNames) - start
171505 [main] TRACE org.dbunit.database.DatabaseConfig  - getProperty(name=http://www.dbunit.org/features/qualifiedTableNames) - start
171505 [main] DEBUG org.dbunit.util.QualifiedTableName  - Qualified table names feature is disabled. Returning plain table name
171505 [main] DEBUG org.dbunit.util.QualifiedTableName  - getQualifiedName(prefix=null, name=AUTHORITY, escapePattern=null) - start
171505 [main] DEBUG org.dbunit.database.search.AbstractMetaDataBasedSearchCallback  - newEdge(rs=org.apache.commons.dbcp.DelegatingResultSet@760e3574, type=0, from=USERS_AUTHORITIES, to=AUTHORITY, fkColumn=AUTHORITY_ID, pkColumn=ID) - start
171505 [main] DEBUG org.dbunit.database.search.AbstractMetaDataBasedSearchCallback  - createFKEdge(rs=org.apache.commons.dbcp.DelegatingResultSet@760e3574, type=0, from=USERS_AUTHORITIES, to=AUTHORITY, fkColumn=AUTHORITY_ID, pkColumn=ID) - start
171505 [main] DEBUG org.dbunit.database.search.AbstractMetaDataBasedSearchCallback  - Adding edge USERS_AUTHORITIES(AUTHORITY_ID)->AUTHORITY(ID)
171505 [main] DEBUG org.dbunit.util.search.Edge  - compareTo(o=USERS_AUTHORITIES(AUTHORITY_ID)->AUTHORITY(ID)) - start
171505 [main] DEBUG org.dbunit.util.QualifiedTableName  - getQualifiedNameIfEnabled(config=org.dbunit.database.DatabaseConfig[, _propertyMap={http://www.dbunit.org/properties/statementFactory=org.dbunit.database.statement.PreparedStatementFactory@626bc2b8, http://www.dbunit.org/features/caseSensitiveTableNames=false, http://www.dbunit.org/properties/fetchSize=100, http://www.dbunit.org/features/batchedStatements=false, http://www.dbunit.org/properties/metadataHandler=org.dbunit.database.DefaultMetadataHandler@62baffef, http://www.dbunit.org/properties/datatypeFactory=org.dbunit.dataset.datatype.DefaultDataTypeFactory[_toleratedDeltaMap=org.dbunit.dataset.datatype.ToleratedDeltaMap@6452310a], http://www.dbunit.org/properties/escapePattern=null, http://www.dbunit.org/properties/batchSize=100, http://www.dbunit.org/features/qualifiedTableNames=false, http://www.dbunit.org/properties/tableType=[Ljava.lang.String;@5011bafa, http://www.dbunit.org/properties/resultSetTableFactory=org.dbunit.database.CachedResultSetTableFactory@10bcf083, http://www.dbunit.org/features/datatypeWarning=true}]) - start
171505 [main] TRACE org.dbunit.database.DatabaseConfig  - getFeature(name=http://www.dbunit.org/features/qualifiedTableNames) - start
171506 [main] TRACE org.dbunit.database.DatabaseConfig  - getProperty(name=http://www.dbunit.org/features/qualifiedTableNames) - start
171506 [main] DEBUG org.dbunit.util.QualifiedTableName  - Qualified table names feature is disabled. Returning plain table name
171506 [main] DEBUG org.dbunit.util.QualifiedTableName  - getQualifiedName(prefix=null, name=USERS_AUTHORITIES, escapePattern=null) - start
171506 [main] DEBUG org.dbunit.util.QualifiedTableName  - getQualifiedNameIfEnabled(config=org.dbunit.database.DatabaseConfig[, _propertyMap={http://www.dbunit.org/properties/statementFactory=org.dbunit.database.statement.PreparedStatementFactory@626bc2b8, http://www.dbunit.org/features/caseSensitiveTableNames=false, http://www.dbunit.org/properties/fetchSize=100, http://www.dbunit.org/features/batchedStatements=false, http://www.dbunit.org/properties/metadataHandler=org.dbunit.database.DefaultMetadataHandler@62baffef, http://www.dbunit.org/properties/datatypeFactory=org.dbunit.dataset.datatype.DefaultDataTypeFactory[_toleratedDeltaMap=org.dbunit.dataset.datatype.ToleratedDeltaMap@6452310a], http://www.dbunit.org/properties/escapePattern=null, http://www.dbunit.org/properties/batchSize=100, http://www.dbunit.org/features/qualifiedTableNames=false, http://www.dbunit.org/properties/tableType=[Ljava.lang.String;@5011bafa, http://www.dbunit.org/properties/resultSetTableFactory=org.dbunit.database.CachedResultSetTableFactory@10bcf083, http://www.dbunit.org/features/datatypeWarning=true}]) - start
171506 [main] TRACE org.dbunit.database.DatabaseConfig  - getFeature(name=http://www.dbunit.org/features/qualifiedTableNames) - start
171506 [main] TRACE org.dbunit.database.DatabaseConfig  - getProperty(name=http://www.dbunit.org/features/qualifiedTableNames) - start
171506 [main] DEBUG org.dbunit.util.QualifiedTableName  - Qualified table names feature is disabled. Returning plain table name
171506 [main] DEBUG org.dbunit.util.QualifiedTableName  - getQualifiedName(prefix=null, name=USER, escapePattern=null) - start
171506 [main] DEBUG org.dbunit.database.search.AbstractMetaDataBasedSearchCallback  - newEdge(rs=org.apache.commons.dbcp.DelegatingResultSet@760e3574, type=0, from=USERS_AUTHORITIES, to=USER, fkColumn=USER_ID, pkColumn=ID) - start
171506 [main] DEBUG org.dbunit.database.search.AbstractMetaDataBasedSearchCallback  - createFKEdge(rs=org.apache.commons.dbcp.DelegatingResultSet@760e3574, type=0, from=USERS_AUTHORITIES, to=USER, fkColumn=USER_ID, pkColumn=ID) - start
171506 [main] DEBUG org.dbunit.database.search.AbstractMetaDataBasedSearchCallback  - Adding edge USERS_AUTHORITIES(USER_ID)->USER(ID)
171506 [main] DEBUG org.dbunit.util.search.Edge  - compareTo(o=USERS_AUTHORITIES(AUTHORITY_ID)->AUTHORITY(ID)) - start
171506 [main] DEBUG org.dbunit.util.SQLHelper  - close(resultSet=org.apache.commons.dbcp.DelegatingResultSet@760e3574) - start
171506 [main] DEBUG org.dbunit.util.search.DepthFirstSearch  - search:AUTHORITY
171506 [main] DEBUG org.dbunit.database.search.ImportedKeysSearchCallback  - searchNode(node=AUTHORITY) - start
171506 [main] DEBUG org.dbunit.util.search.DepthFirstSearch  - Pushing AUTHORITY
171506 [main] DEBUG org.dbunit.database.search.ImportedKeysSearchCallback  - getEdges(node=AUTHORITY) - start
171506 [main] DEBUG org.dbunit.database.search.AbstractMetaDataBasedSearchCallback  - getNodesFromImportedKeys(node=AUTHORITY) - start
171506 [main] DEBUG org.dbunit.database.search.AbstractMetaDataBasedSearchCallback  - getNodes(type=0, node=AUTHORITY) - start
171506 [main] DEBUG org.dbunit.database.DatabaseDataSourceConnection  - getConnection() - start
171506 [main] DEBUG org.dbunit.database.search.AbstractMetaDataBasedSearchCallback  - getNodes(type=0, node=AUTHORITY, conn=Transaction-aware proxy for target Connection [jdbc:hsqldb:mem:kontrollDS, UserName=sw, HSQL Database Engine Driver], schema=null, metaData=org.apache.commons.dbcp.DelegatingDatabaseMetaData@1ed78f39, edges=[]) - start
171507 [main] DEBUG org.dbunit.database.search.AbstractMetaDataBasedSearchCallback  - Getting edges for node AUTHORITY
171507 [main] TRACE org.dbunit.database.DatabaseConfig  - getProperty(name=http://www.dbunit.org/properties/metadataHandler) - start
171507 [main] TRACE org.dbunit.database.DefaultMetadataHandler  - tableExists(metaData=org.apache.commons.dbcp.DelegatingDatabaseMetaData@1ed78f39, schemaName=null, tableName=AUTHORITY) - start
171508 [main] DEBUG org.dbunit.util.SQLHelper  - close(resultSet=org.apache.commons.dbcp.DelegatingResultSet@2d154f27) - start
171508 [main] DEBUG org.dbunit.util.SQLHelper  - close(resultSet=org.apache.commons.dbcp.DelegatingResultSet@658677fe) - start
171508 [main] DEBUG org.dbunit.util.search.DepthFirstSearch  - Adding node AUTHORITY to the final result
171508 [main] DEBUG org.dbunit.util.search.DepthFirstSearch  - search:USER
171508 [main] DEBUG org.dbunit.database.search.ImportedKeysSearchCallback  - searchNode(node=USER) - start
171508 [main] DEBUG org.dbunit.util.search.DepthFirstSearch  - Pushing USER
171508 [main] DEBUG org.dbunit.util.search.DepthFirstSearch  - Adding node USER to the final result
171508 [main] DEBUG org.dbunit.util.search.DepthFirstSearch  - Adding node USERS_AUTHORITIES to the final result
171508 [main] DEBUG org.dbunit.util.search.DepthFirstSearch  - reverseSearch:AUTHORITY
171508 [main] DEBUG org.dbunit.database.search.ImportedKeysSearchCallback  - searchNode(node=AUTHORITY) - start
171508 [main] DEBUG org.dbunit.util.search.DepthFirstSearch  - Pushing (reverse) AUTHORITY
171508 [main] DEBUG org.dbunit.database.search.ImportedKeysSearchCallback  - getEdges(node=AUTHORITY) - start
171508 [main] DEBUG org.dbunit.database.search.AbstractMetaDataBasedSearchCallback  - getNodesFromImportedKeys(node=AUTHORITY) - start
171508 [main] DEBUG org.dbunit.database.search.AbstractMetaDataBasedSearchCallback  - getNodes(type=0, node=AUTHORITY) - start
171508 [main] DEBUG org.dbunit.database.DatabaseDataSourceConnection  - getConnection() - start
171508 [main] DEBUG org.dbunit.database.search.AbstractMetaDataBasedSearchCallback  - getNodes(type=0, node=AUTHORITY, conn=Transaction-aware proxy for target Connection [jdbc:hsqldb:mem:kontrollDS, UserName=sw, HSQL Database Engine Driver], schema=null, metaData=org.apache.commons.dbcp.DelegatingDatabaseMetaData@5f2ff8c4, edges=[]) - start
171508 [main] DEBUG org.dbunit.database.search.AbstractMetaDataBasedSearchCallback  - Getting edges for node AUTHORITY
171508 [main] TRACE org.dbunit.database.DatabaseConfig  - getProperty(name=http://www.dbunit.org/properties/metadataHandler) - start
171508 [main] TRACE org.dbunit.database.DefaultMetadataHandler  - tableExists(metaData=org.apache.commons.dbcp.DelegatingDatabaseMetaData@5f2ff8c4, schemaName=null, tableName=AUTHORITY) - start
171509 [main] DEBUG org.dbunit.util.SQLHelper  - close(resultSet=org.apache.commons.dbcp.DelegatingResultSet@3ae2e7a5) - start
171510 [main] DEBUG org.dbunit.util.SQLHelper  - close(resultSet=org.apache.commons.dbcp.DelegatingResultSet@53c45fc2) - start
171510 [main] DEBUG org.dbunit.util.search.DepthFirstSearch  - reverseSearch:USERS_AUTHORITIES
171510 [main] DEBUG org.dbunit.util.search.DepthFirstSearch  - already searched; returning true
171510 [main] DEBUG org.dbunit.util.search.DepthFirstSearch  - reverseSearch:USER
171510 [main] DEBUG org.dbunit.database.search.ImportedKeysSearchCallback  - searchNode(node=USER) - start
171510 [main] DEBUG org.dbunit.util.search.DepthFirstSearch  - Pushing (reverse) USER
171510 [main] DEBUG org.dbunit.database.search.ImportedKeysSearchCallback  - getEdges(node=USER) - start
171510 [main] DEBUG org.dbunit.database.search.AbstractMetaDataBasedSearchCallback  - getNodesFromImportedKeys(node=USER) - start
171510 [main] DEBUG org.dbunit.database.search.AbstractMetaDataBasedSearchCallback  - getNodes(type=0, node=USER) - start
171510 [main] DEBUG org.dbunit.database.DatabaseDataSourceConnection  - getConnection() - start
171510 [main] DEBUG org.dbunit.database.search.AbstractMetaDataBasedSearchCallback  - getNodes(type=0, node=USER, conn=Transaction-aware proxy for target Connection [jdbc:hsqldb:mem:kontrollDS, UserName=sw, HSQL Database Engine Driver], schema=null, metaData=org.apache.commons.dbcp.DelegatingDatabaseMetaData@16ae485, edges=[]) - start
171510 [main] DEBUG org.dbunit.database.search.AbstractMetaDataBasedSearchCallback  - Getting edges for node USER
171510 [main] TRACE org.dbunit.database.DatabaseConfig  - getProperty(name=http://www.dbunit.org/properties/metadataHandler) - start
171510 [main] TRACE org.dbunit.database.DefaultMetadataHandler  - tableExists(metaData=org.apache.commons.dbcp.DelegatingDatabaseMetaData@16ae485, schemaName=null, tableName=USER) - start
171511 [main] DEBUG org.dbunit.util.SQLHelper  - close(resultSet=org.apache.commons.dbcp.DelegatingResultSet@64c4ff22) - start
171511 [main] DEBUG org.dbunit.util.SQLHelper  - close(resultSet=org.apache.commons.dbcp.DelegatingResultSet@72ef2aa7) - start
171511 [main] DEBUG org.dbunit.util.search.DepthFirstSearch  - search:USERS_AUTHORITIES
171512 [main] DEBUG org.dbunit.util.search.DepthFirstSearch  - already searched; returning true
171512 [main] DEBUG org.dbunit.util.search.DepthFirstSearch  - search:AUTHORITY
171512 [main] DEBUG org.dbunit.util.search.DepthFirstSearch  - already searched; returning true
171512 [main] DEBUG org.dbunit.util.search.DepthFirstSearch  - search:USER
171512 [main] DEBUG org.dbunit.util.search.DepthFirstSearch  - already searched; returning true
171512 [main] DEBUG org.dbunit.database.DatabaseSequenceFilter  - checkCycles() - start
171512 [main] DEBUG org.dbunit.database.DatabaseSequenceFilter  - checkCycles() - start
171512 [main] DEBUG org.dbunit.database.DatabaseSequenceFilter  - checkCycles() - start
171512 [main] DEBUG org.dbunit.database.DatabaseSequenceFilter  - checkCycles() - start
171512 [main] DEBUG org.dbunit.database.DatabaseSequenceFilter  - checkCycles() - start
171512 [main] DEBUG org.dbunit.database.DatabaseSequenceFilter  - checkCycles() - start
171512 [main] DEBUG org.dbunit.database.DatabaseSequenceFilter  - checkCycles() - start
171512 [main] DEBUG org.dbunit.database.DatabaseSequenceFilter  - checkCycles() - start
171512 [main] DEBUG org.dbunit.database.DatabaseSequenceFilter  - checkCycles() - start
171512 [main] DEBUG org.dbunit.database.DatabaseSequenceFilter  - checkCycles() - start
171512 [main] DEBUG org.dbunit.database.DatabaseSequenceFilter  - checkCycles() - start
171512 [main] DEBUG org.dbunit.database.DatabaseSequenceFilter  - checkCycles() - start
171512 [main] DEBUG org.dbunit.database.DatabaseSequenceFilter  - checkCycles() - start
171512 [main] DEBUG org.dbunit.database.DatabaseSequenceFilter  - checkCycles() - start
171512 [main] DEBUG org.dbunit.database.DatabaseSequenceFilter  - checkCycles() - start
171512 [main] DEBUG org.dbunit.database.DatabaseSequenceFilter  - sort(tableNames=[AUTHORITY, CAPTION, NESTEDSCOPEDCONTENTCONDITIONS, REQUESTCONTEXT, SCOPE, SCOPEDCONTENT, SCOPEDCONTENTCONDITION, SCOPEDCONTENTCONDITIONATTRIBUTE, SCOPEDCONTENTCONDITIONS_SCOPEDCONTENT, SCOPEDCONTENTCONDITIONS_SCOPEDCONTENTITEM, SCOPEDCONTENTITEM, SCOPEDCONTENT_SCOPEDCONTENTITEM, SCOPE_REQUESTCONTEXT, USER, USERS_AUTHORITIES], dependencies={SCOPE_REQUESTCONTEXT=DependencyInfo[table=SCOPE_REQUESTCONTEXT, directDependsOn=[], directDependent=[REQUESTCONTEXT, SCOPE], allDependsOn=[], allDependent=[REQUESTCONTEXT, SCOPE]], NESTEDSCOPEDCONTENTCONDITIONS=DependencyInfo[table=NESTEDSCOPEDCONTENTCONDITIONS, directDependsOn=[], directDependent=[SCOPEDCONTENTCONDITION], allDependsOn=[], allDependent=[SCOPEDCONTENTCONDITION]], SCOPE=DependencyInfo[table=SCOPE, directDependsOn=[SCOPEDCONTENTCONDITIONS_SCOPEDCONTENT, SCOPEDCONTENT_SCOPEDCONTENTITEM, SCOPEDCONTENT, SCOPE_REQUESTCONTEXT], directDependent=[], allDependsOn=[SCOPEDCONTENT, SCOPE_REQUESTCONTEXT, SCOPEDCONTENT_SCOPEDCONTENTITEM, SCOPEDCONTENTCONDITIONS_SCOPEDCONTENT], allDependent=[]], SCOPEDCONTENT_SCOPEDCONTENTITEM=DependencyInfo[table=SCOPEDCONTENT_SCOPEDCONTENTITEM, directDependsOn=[], directDependent=[SCOPE, SCOPEDCONTENT, SCOPEDCONTENTITEM], allDependsOn=[], allDependent=[SCOPEDCONTENT, SCOPEDCONTENTITEM, SCOPE]], SCOPEDCONTENTCONDITIONATTRIBUTE=DependencyInfo[table=SCOPEDCONTENTCONDITIONATTRIBUTE, directDependsOn=[], directDependent=[SCOPEDCONTENTCONDITION], allDependsOn=[], allDependent=[SCOPEDCONTENTCONDITION]], SCOPEDCONTENTCONDITIONS_SCOPEDCONTENT=DependencyInfo[table=SCOPEDCONTENTCONDITIONS_SCOPEDCONTENT, directDependsOn=[], directDependent=[SCOPE, SCOPEDCONTENT, SCOPEDCONTENTCONDITION], allDependsOn=[], allDependent=[SCOPEDCONTENT, SCOPE, SCOPEDCONTENTCONDITION]], USER=DependencyInfo[table=USER, directDependsOn=[USERS_AUTHORITIES], directDependent=[], allDependsOn=[USERS_AUTHORITIES], allDependent=[]], SCOPEDCONTENT=DependencyInfo[table=SCOPEDCONTENT, directDependsOn=[SCOPEDCONTENTCONDITIONS_SCOPEDCONTENT, SCOPEDCONTENT_SCOPEDCONTENTITEM], directDependent=[SCOPE], allDependsOn=[SCOPEDCONTENT_SCOPEDCONTENTITEM, SCOPEDCONTENTCONDITIONS_SCOPEDCONTENT], allDependent=[SCOPE]], REQUESTCONTEXT=DependencyInfo[table=REQUESTCONTEXT, directDependsOn=[SCOPE_REQUESTCONTEXT], directDependent=[], allDependsOn=[SCOPE_REQUESTCONTEXT], allDependent=[]], AUTHORITY=DependencyInfo[table=AUTHORITY, directDependsOn=[USERS_AUTHORITIES], directDependent=[], allDependsOn=[USERS_AUTHORITIES], allDependent=[]], USERS_AUTHORITIES=DependencyInfo[table=USERS_AUTHORITIES, directDependsOn=[], directDependent=[AUTHORITY, USER], allDependsOn=[], allDependent=[AUTHORITY, USER]], SCOPEDCONTENTITEM=DependencyInfo[table=SCOPEDCONTENTITEM, directDependsOn=[SCOPEDCONTENTCONDITIONS_SCOPEDCONTENTITEM, SCOPEDCONTENT_SCOPEDCONTENTITEM], directDependent=[], allDependsOn=[SCOPEDCONTENT_SCOPEDCONTENTITEM, SCOPEDCONTENTCONDITIONS_SCOPEDCONTENTITEM], allDependent=[]], CAPTION=DependencyInfo[table=CAPTION, directDependsOn=[], directDependent=[], allDependsOn=[], allDependent=[]], SCOPEDCONTENTCONDITIONS_SCOPEDCONTENTITEM=DependencyInfo[table=SCOPEDCONTENTCONDITIONS_SCOPEDCONTENTITEM, directDependsOn=[], directDependent=[SCOPEDCONTENTCONDITION, SCOPEDCONTENTITEM], allDependsOn=[], allDependent=[SCOPEDCONTENTITEM, SCOPEDCONTENTCONDITION]], SCOPEDCONTENTCONDITION=DependencyInfo[table=SCOPEDCONTENTCONDITION, directDependsOn=[NESTEDSCOPEDCONTENTCONDITIONS, SCOPEDCONTENTCONDITIONATTRIBUTE, SCOPEDCONTENTCONDITIONS_SCOPEDCONTENT, SCOPEDCONTENTCONDITIONS_SCOPEDCONTENTITEM], directDependent=[], allDependsOn=[SCOPEDCONTENTCONDITIONS_SCOPEDCONTENTITEM, NESTEDSCOPEDCONTENTCONDITIONS, SCOPEDCONTENTCONDITIONATTRIBUTE, SCOPEDCONTENTCONDITIONS_SCOPEDCONTENT], allDependent=[]]}) - start
171512 [main] DEBUG org.dbunit.dataset.OrderedTableNameMap  - add(tableName=AUTHORITY, object=null) - start
171513 [main] DEBUG org.dbunit.dataset.OrderedTableNameMap  - getTableName(tableName=AUTHORITY) - start
171513 [main] DEBUG org.dbunit.dataset.OrderedTableNameMap  - getTableName(tableName=AUTHORITY) - end - result=AUTHORITY
171513 [main] DEBUG org.dbunit.dataset.OrderedTableNameMap  - getTableName(tableName=AUTHORITY) - start
171513 [main] DEBUG org.dbunit.dataset.OrderedTableNameMap  - getTableName(tableName=AUTHORITY) - end - result=AUTHORITY
171513 [main] DEBUG org.dbunit.dataset.OrderedTableNameMap  - add(tableName=CAPTION, object=null) - start
171513 [main] DEBUG org.dbunit.dataset.OrderedTableNameMap  - getTableName(tableName=CAPTION) - start
171513 [main] DEBUG org.dbunit.dataset.OrderedTableNameMap  - getTableName(tableName=CAPTION) - end - result=CAPTION
171513 [main] DEBUG org.dbunit.dataset.OrderedTableNameMap  - getTableName(tableName=CAPTION) - start
171513 [main] DEBUG org.dbunit.dataset.OrderedTableNameMap  - getTableName(tableName=CAPTION) - end - result=CAPTION
171513 [main] DEBUG org.dbunit.dataset.OrderedTableNameMap  - add(tableName=SCOPEDCONTENTCONDITION, object=null) - start
171513 [main] DEBUG org.dbunit.dataset.OrderedTableNameMap  - getTableName(tableName=SCOPEDCONTENTCONDITION) - start
171513 [main] DEBUG org.dbunit.dataset.OrderedTableNameMap  - getTableName(tableName=SCOPEDCONTENTCONDITION) - end - result=SCOPEDCONTENTCONDITION
171513 [main] DEBUG org.dbunit.dataset.OrderedTableNameMap  - getTableName(tableName=SCOPEDCONTENTCONDITION) - start
171513 [main] DEBUG org.dbunit.dataset.OrderedTableNameMap  - getTableName(tableName=SCOPEDCONTENTCONDITION) - end - result=SCOPEDCONTENTCONDITION
171513 [main] DEBUG org.dbunit.dataset.OrderedTableNameMap  - add(tableName=NESTEDSCOPEDCONTENTCONDITIONS, object=null) - start
171513 [main] DEBUG org.dbunit.dataset.OrderedTableNameMap  - getTableName(tableName=NESTEDSCOPEDCONTENTCONDITIONS) - start
171513 [main] DEBUG org.dbunit.dataset.OrderedTableNameMap  - getTableName(tableName=NESTEDSCOPEDCONTENTCONDITIONS) - end - result=NESTEDSCOPEDCONTENTCONDITIONS
171513 [main] DEBUG org.dbunit.dataset.OrderedTableNameMap  - getTableName(tableName=NESTEDSCOPEDCONTENTCONDITIONS) - start
171513 [main] DEBUG org.dbunit.dataset.OrderedTableNameMap  - getTableName(tableName=NESTEDSCOPEDCONTENTCONDITIONS) - end - result=NESTEDSCOPEDCONTENTCONDITIONS
171513 [main] DEBUG org.dbunit.dataset.OrderedTableNameMap  - add(tableName=REQUESTCONTEXT, object=null) - start
171513 [main] DEBUG org.dbunit.dataset.OrderedTableNameMap  - getTableName(tableName=REQUESTCONTEXT) - start
171513 [main] DEBUG org.dbunit.dataset.OrderedTableNameMap  - getTableName(tableName=REQUESTCONTEXT) - end - result=REQUESTCONTEXT
171513 [main] DEBUG org.dbunit.dataset.OrderedTableNameMap  - getTableName(tableName=REQUESTCONTEXT) - start
171513 [main] DEBUG org.dbunit.dataset.OrderedTableNameMap  - getTableName(tableName=REQUESTCONTEXT) - end - result=REQUESTCONTEXT
171513 [main] DEBUG org.dbunit.dataset.OrderedTableNameMap  - add(tableName=SCOPE, object=null) - start
171513 [main] DEBUG org.dbunit.dataset.OrderedTableNameMap  - getTableName(tableName=SCOPE) - start
171513 [main] DEBUG org.dbunit.dataset.OrderedTableNameMap  - getTableName(tableName=SCOPE) - end - result=SCOPE
171513 [main] DEBUG org.dbunit.dataset.OrderedTableNameMap  - getTableName(tableName=SCOPE) - start
171513 [main] DEBUG org.dbunit.dataset.OrderedTableNameMap  - getTableName(tableName=SCOPE) - end - result=SCOPE
171513 [main] DEBUG org.dbunit.dataset.OrderedTableNameMap  - add(tableName=SCOPEDCONTENT, object=null) - start
171513 [main] DEBUG org.dbunit.dataset.OrderedTableNameMap  - getTableName(tableName=SCOPEDCONTENT) - start
171513 [main] DEBUG org.dbunit.dataset.OrderedTableNameMap  - getTableName(tableName=SCOPEDCONTENT) - end - result=SCOPEDCONTENT
171513 [main] DEBUG org.dbunit.dataset.OrderedTableNameMap  - getTableName(tableName=SCOPEDCONTENT) - start
171514 [main] DEBUG org.dbunit.dataset.OrderedTableNameMap  - getTableName(tableName=SCOPEDCONTENT) - end - result=SCOPEDCONTENT
171514 [main] DEBUG org.dbunit.dataset.OrderedTableNameMap  - add(tableName=SCOPEDCONTENTCONDITIONATTRIBUTE, object=null) - start
171514 [main] DEBUG org.dbunit.dataset.OrderedTableNameMap  - getTableName(tableName=SCOPEDCONTENTCONDITIONATTRIBUTE) - start
171514 [main] DEBUG org.dbunit.dataset.OrderedTableNameMap  - getTableName(tableName=SCOPEDCONTENTCONDITIONATTRIBUTE) - end - result=SCOPEDCONTENTCONDITIONATTRIBUTE
171514 [main] DEBUG org.dbunit.dataset.OrderedTableNameMap  - getTableName(tableName=SCOPEDCONTENTCONDITIONATTRIBUTE) - start
171514 [main] DEBUG org.dbunit.dataset.OrderedTableNameMap  - getTableName(tableName=SCOPEDCONTENTCONDITIONATTRIBUTE) - end - result=SCOPEDCONTENTCONDITIONATTRIBUTE
171514 [main] DEBUG org.dbunit.dataset.OrderedTableNameMap  - add(tableName=SCOPEDCONTENTCONDITIONS_SCOPEDCONTENT, object=null) - start
171514 [main] DEBUG org.dbunit.dataset.OrderedTableNameMap  - getTableName(tableName=SCOPEDCONTENTCONDITIONS_SCOPEDCONTENT) - start
171514 [main] DEBUG org.dbunit.dataset.OrderedTableNameMap  - getTableName(tableName=SCOPEDCONTENTCONDITIONS_SCOPEDCONTENT) - end - result=SCOPEDCONTENTCONDITIONS_SCOPEDCONTENT
171514 [main] DEBUG org.dbunit.dataset.OrderedTableNameMap  - getTableName(tableName=SCOPEDCONTENTCONDITIONS_SCOPEDCONTENT) - start
171514 [main] DEBUG org.dbunit.dataset.OrderedTableNameMap  - getTableName(tableName=SCOPEDCONTENTCONDITIONS_SCOPEDCONTENT) - end - result=SCOPEDCONTENTCONDITIONS_SCOPEDCONTENT
171514 [main] DEBUG org.dbunit.dataset.OrderedTableNameMap  - add(tableName=SCOPEDCONTENTITEM, object=null) - start
171514 [main] DEBUG org.dbunit.dataset.OrderedTableNameMap  - getTableName(tableName=SCOPEDCONTENTITEM) - start
171514 [main] DEBUG org.dbunit.dataset.OrderedTableNameMap  - getTableName(tableName=SCOPEDCONTENTITEM) - end - result=SCOPEDCONTENTITEM
171514 [main] DEBUG org.dbunit.dataset.OrderedTableNameMap  - getTableName(tableName=SCOPEDCONTENTITEM) - start
171514 [main] DEBUG org.dbunit.dataset.OrderedTableNameMap  - getTableName(tableName=SCOPEDCONTENTITEM) - end - result=SCOPEDCONTENTITEM
171514 [main] DEBUG org.dbunit.dataset.OrderedTableNameMap  - add(tableName=SCOPEDCONTENTCONDITIONS_SCOPEDCONTENTITEM, object=null) - start
171514 [main] DEBUG org.dbunit.dataset.OrderedTableNameMap  - getTableName(tableName=SCOPEDCONTENTCONDITIONS_SCOPEDCONTENTITEM) - start
171514 [main] DEBUG org.dbunit.dataset.OrderedTableNameMap  - getTableName(tableName=SCOPEDCONTENTCONDITIONS_SCOPEDCONTENTITEM) - end - result=SCOPEDCONTENTCONDITIONS_SCOPEDCONTENTITEM
171514 [main] DEBUG org.dbunit.dataset.OrderedTableNameMap  - getTableName(tableName=SCOPEDCONTENTCONDITIONS_SCOPEDCONTENTITEM) - start
171514 [main] DEBUG org.dbunit.dataset.OrderedTableNameMap  - getTableName(tableName=SCOPEDCONTENTCONDITIONS_SCOPEDCONTENTITEM) - end - result=SCOPEDCONTENTCONDITIONS_SCOPEDCONTENTITEM
171514 [main] DEBUG org.dbunit.dataset.OrderedTableNameMap  - add(tableName=SCOPEDCONTENT_SCOPEDCONTENTITEM, object=null) - start
171514 [main] DEBUG org.dbunit.dataset.OrderedTableNameMap  - getTableName(tableName=SCOPEDCONTENT_SCOPEDCONTENTITEM) - start
171514 [main] DEBUG org.dbunit.dataset.OrderedTableNameMap  - getTableName(tableName=SCOPEDCONTENT_SCOPEDCONTENTITEM) - end - result=SCOPEDCONTENT_SCOPEDCONTENTITEM
171514 [main] DEBUG org.dbunit.dataset.OrderedTableNameMap  - getTableName(tableName=SCOPEDCONTENT_SCOPEDCONTENTITEM) - start
171514 [main] DEBUG org.dbunit.dataset.OrderedTableNameMap  - getTableName(tableName=SCOPEDCONTENT_SCOPEDCONTENTITEM) - end - result=SCOPEDCONTENT_SCOPEDCONTENTITEM
171514 [main] DEBUG org.dbunit.dataset.OrderedTableNameMap  - add(tableName=SCOPE_REQUESTCONTEXT, object=null) - start
171514 [main] DEBUG org.dbunit.dataset.OrderedTableNameMap  - getTableName(tableName=SCOPE_REQUESTCONTEXT) - start
171514 [main] DEBUG org.dbunit.dataset.OrderedTableNameMap  - getTableName(tableName=SCOPE_REQUESTCONTEXT) - end - result=SCOPE_REQUESTCONTEXT
171514 [main] DEBUG org.dbunit.dataset.OrderedTableNameMap  - getTableName(tableName=SCOPE_REQUESTCONTEXT) - start
171514 [main] DEBUG org.dbunit.dataset.OrderedTableNameMap  - getTableName(tableName=SCOPE_REQUESTCONTEXT) - end - result=SCOPE_REQUESTCONTEXT
171515 [main] DEBUG org.dbunit.dataset.OrderedTableNameMap  - add(tableName=USER, object=null) - start
171515 [main] DEBUG org.dbunit.dataset.OrderedTableNameMap  - getTableName(tableName=USER) - start
171515 [main] DEBUG org.dbunit.dataset.OrderedTableNameMap  - getTableName(tableName=USER) - end - result=USER
171515 [main] DEBUG org.dbunit.dataset.OrderedTableNameMap  - getTableName(tableName=USER) - start
171515 [main] DEBUG org.dbunit.dataset.OrderedTableNameMap  - getTableName(tableName=USER) - end - result=USER
171515 [main] DEBUG org.dbunit.dataset.OrderedTableNameMap  - add(tableName=USERS_AUTHORITIES, object=null) - start
171515 [main] DEBUG org.dbunit.dataset.OrderedTableNameMap  - getTableName(tableName=USERS_AUTHORITIES) - start
171515 [main] DEBUG org.dbunit.dataset.OrderedTableNameMap  - getTableName(tableName=USERS_AUTHORITIES) - end - result=USERS_AUTHORITIES
171515 [main] DEBUG org.dbunit.dataset.OrderedTableNameMap  - getTableName(tableName=USERS_AUTHORITIES) - start
171515 [main] DEBUG org.dbunit.dataset.OrderedTableNameMap  - getTableName(tableName=USERS_AUTHORITIES) - end - result=USERS_AUTHORITIES
171517 [main] DEBUG org.dbunit.dataset.CachedDataSet  - startTable(metaData=tableName=ScopedContentConditionAttribute, columns=[(key, UNKNOWN, nullableUnknown), (checkOrder, UNKNOWN, nullableUnknown), (className, UNKNOWN, nullableUnknown), (valuePath, UNKNOWN, nullableUnknown), (operator, UNKNOWN, nullableUnknown), (expectedValue, UNKNOWN, nullableUnknown), (expectedValueType, UNKNOWN, nullableUnknown), (scopedContentCondition, UNKNOWN, nullableUnknown), (id, UNKNOWN, nullableUnknown), (timeStamp, UNKNOWN, nullableUnknown)], keys=[]) - start
171517 [main] DEBUG org.dbunit.dataset.CachedDataSet  - endTable() - start
171517 [main] DEBUG org.dbunit.dataset.OrderedTableNameMap  - getTableName(tableName=ScopedContentConditionAttribute) - start
171517 [main] DEBUG org.dbunit.dataset.OrderedTableNameMap  - getTableName(tableName=ScopedContentConditionAttribute) - end - result=SCOPEDCONTENTCONDITIONATTRIBUTE
171517 [main] DEBUG org.dbunit.dataset.OrderedTableNameMap  - getTableName(tableName=ScopedContentConditionAttribute) - start
171517 [main] DEBUG org.dbunit.dataset.OrderedTableNameMap  - getTableName(tableName=ScopedContentConditionAttribute) - end - result=SCOPEDCONTENTCONDITIONATTRIBUTE
171517 [main] DEBUG org.dbunit.dataset.DefaultTable  - addTableRows(table=org.dbunit.dataset.DefaultTable[_metaData=tableName=ScopedContentConditionAttribute, columns=[(key, UNKNOWN, nullableUnknown), (checkOrder, UNKNOWN, nullableUnknown), (className, UNKNOWN, nullableUnknown), (valuePath, UNKNOWN, nullableUnknown), (operator, UNKNOWN, nullableUnknown), (expectedValue, UNKNOWN, nullableUnknown), (expectedValueType, UNKNOWN, nullableUnknown), (scopedContentCondition, UNKNOWN, nullableUnknown), (id, UNKNOWN, nullableUnknown), (timeStamp, UNKNOWN, nullableUnknown)], keys=[], _rowList.size()=0]) - start
171517 [main] DEBUG org.dbunit.dataset.DefaultTable  - getValue(row=0, column=key) - start
171517 [main] DEBUG org.dbunit.dataset.AbstractTable  - assertValidRowIndex(row=0) - start
171517 [main] DEBUG org.dbunit.dataset.AbstractTable  - assertValidRowIndex(row=0, rowCount=0) - start
171517 [main] DEBUG org.dbunit.dataset.CachedDataSet  - startTable(metaData=tableName=RequestContext, columns=[(path, UNKNOWN, nullableUnknown), (id, UNKNOWN, nullableUnknown), (timeStamp, UNKNOWN, nullableUnknown)], keys=[]) - start
171517 [main] DEBUG org.dbunit.dataset.CachedDataSet  - endTable() - start
171517 [main] DEBUG org.dbunit.dataset.OrderedTableNameMap  - getTableName(tableName=RequestContext) - start
171517 [main] DEBUG org.dbunit.dataset.OrderedTableNameMap  - getTableName(tableName=RequestContext) - end - result=REQUESTCONTEXT
171517 [main] DEBUG org.dbunit.dataset.OrderedTableNameMap  - getTableName(tableName=RequestContext) - start
171517 [main] DEBUG org.dbunit.dataset.OrderedTableNameMap  - getTableName(tableName=RequestContext) - end - result=REQUESTCONTEXT
171517 [main] DEBUG org.dbunit.dataset.DefaultTable  - addTableRows(table=org.dbunit.dataset.DefaultTable[_metaData=tableName=RequestContext, columns=[(path, UNKNOWN, nullableUnknown), (id, UNKNOWN, nullableUnknown), (timeStamp, UNKNOWN, nullableUnknown)], keys=[], _rowList.size()=0]) - start
171517 [main] DEBUG org.dbunit.dataset.DefaultTable  - getValue(row=0, column=path) - start
171517 [main] DEBUG org.dbunit.dataset.AbstractTable  - assertValidRowIndex(row=0) - start
171517 [main] DEBUG org.dbunit.dataset.AbstractTable  - assertValidRowIndex(row=0, rowCount=0) - start
171517 [main] DEBUG org.dbunit.dataset.CachedDataSet  - startTable(metaData=tableName=ScopedContentItem, columns=[(tagName, UNKNOWN, nullableUnknown), (cssClass, UNKNOWN, nullableUnknown), (content, UNKNOWN, nullableUnknown), (type, UNKNOWN, nullableUnknown), (id, UNKNOWN, nullableUnknown), (timeStamp, UNKNOWN, nullableUnknown)], keys=[]) - start
171518 [main] DEBUG org.dbunit.dataset.CachedDataSet  - endTable() - start
171518 [main] DEBUG org.dbunit.dataset.OrderedTableNameMap  - getTableName(tableName=ScopedContentItem) - start
171518 [main] DEBUG org.dbunit.dataset.OrderedTableNameMap  - getTableName(tableName=ScopedContentItem) - end - result=SCOPEDCONTENTITEM
171518 [main] DEBUG org.dbunit.dataset.OrderedTableNameMap  - getTableName(tableName=ScopedContentItem) - start
171518 [main] DEBUG org.dbunit.dataset.OrderedTableNameMap  - getTableName(tableName=ScopedContentItem) - end - result=SCOPEDCONTENTITEM
171518 [main] DEBUG org.dbunit.dataset.DefaultTable  - addTableRows(table=org.dbunit.dataset.DefaultTable[_metaData=tableName=ScopedContentItem, columns=[(tagName, UNKNOWN, nullableUnknown), (cssClass, UNKNOWN, nullableUnknown), (content, UNKNOWN, nullableUnknown), (type, UNKNOWN, nullableUnknown), (id, UNKNOWN, nullableUnknown), (timeStamp, UNKNOWN, nullableUnknown)], keys=[], _rowList.size()=0]) - start
171518 [main] DEBUG org.dbunit.dataset.DefaultTable  - getValue(row=0, column=tagName) - start
171518 [main] DEBUG org.dbunit.dataset.AbstractTable  - assertValidRowIndex(row=0) - start
171518 [main] DEBUG org.dbunit.dataset.AbstractTable  - assertValidRowIndex(row=0, rowCount=0) - start
171518 [main] DEBUG org.dbunit.dataset.CachedDataSet  - startTable(metaData=tableName=ScopedContent, columns=[(name, UNKNOWN, nullableUnknown), (description, UNKNOWN, nullableUnknown), (scope, UNKNOWN, nullableUnknown), (id, UNKNOWN, nullableUnknown), (timeStamp, UNKNOWN, nullableUnknown)], keys=[]) - start
171518 [main] DEBUG org.dbunit.dataset.CachedDataSet  - endTable() - start
171518 [main] DEBUG org.dbunit.dataset.OrderedTableNameMap  - getTableName(tableName=ScopedContent) - start
171518 [main] DEBUG org.dbunit.dataset.OrderedTableNameMap  - getTableName(tableName=ScopedContent) - end - result=SCOPEDCONTENT
171518 [main] DEBUG org.dbunit.dataset.OrderedTableNameMap  - getTableName(tableName=ScopedContent) - start
171518 [main] DEBUG org.dbunit.dataset.OrderedTableNameMap  - getTableName(tableName=ScopedContent) - end - result=SCOPEDCONTENT
171518 [main] DEBUG org.dbunit.dataset.DefaultTable  - addTableRows(table=org.dbunit.dataset.DefaultTable[_metaData=tableName=ScopedContent, columns=[(name, UNKNOWN, nullableUnknown), (description, UNKNOWN, nullableUnknown), (scope, UNKNOWN, nullableUnknown), (id, UNKNOWN, nullableUnknown), (timeStamp, UNKNOWN, nullableUnknown)], keys=[], _rowList.size()=0]) - start
171518 [main] DEBUG org.dbunit.dataset.DefaultTable  - getValue(row=0, column=name) - start
171518 [main] DEBUG org.dbunit.dataset.AbstractTable  - assertValidRowIndex(row=0) - start
171518 [main] DEBUG org.dbunit.dataset.AbstractTable  - assertValidRowIndex(row=0, rowCount=0) - start
171518 [main] DEBUG org.dbunit.dataset.CachedDataSet  - startTable(metaData=tableName=Scope, columns=[(name, UNKNOWN, nullableUnknown), (description, UNKNOWN, nullableUnknown), (id, UNKNOWN, nullableUnknown), (timeStamp, UNKNOWN, nullableUnknown)], keys=[]) - start
171518 [main] DEBUG org.dbunit.dataset.CachedDataSet  - endTable() - start
171518 [main] DEBUG org.dbunit.dataset.OrderedTableNameMap  - getTableName(tableName=Scope) - start
171518 [main] DEBUG org.dbunit.dataset.OrderedTableNameMap  - getTableName(tableName=Scope) - end - result=SCOPE
171518 [main] DEBUG org.dbunit.dataset.OrderedTableNameMap  - getTableName(tableName=Scope) - start
171518 [main] DEBUG org.dbunit.dataset.OrderedTableNameMap  - getTableName(tableName=Scope) - end - result=SCOPE
171519 [main] DEBUG org.dbunit.dataset.DefaultTable  - addTableRows(table=org.dbunit.dataset.DefaultTable[_metaData=tableName=Scope, columns=[(name, UNKNOWN, nullableUnknown), (description, UNKNOWN, nullableUnknown), (id, UNKNOWN, nullableUnknown), (timeStamp, UNKNOWN, nullableUnknown)], keys=[], _rowList.size()=0]) - start
171519 [main] DEBUG org.dbunit.dataset.DefaultTable  - getValue(row=0, column=name) - start
171519 [main] DEBUG org.dbunit.dataset.AbstractTable  - assertValidRowIndex(row=0) - start
171519 [main] DEBUG org.dbunit.dataset.AbstractTable  - assertValidRowIndex(row=0, rowCount=0) - start
171519 [main] DEBUG org.dbunit.dataset.CachedDataSet  - startTable(metaData=tableName=ScopedContentCondition, columns=[(name, UNKNOWN, nullableUnknown), (description, UNKNOWN, nullableUnknown), (operator, UNKNOWN, nullableUnknown), (id, UNKNOWN, nullableUnknown), (timeStamp, UNKNOWN, nullableUnknown)], keys=[]) - start
171519 [main] DEBUG org.dbunit.dataset.CachedDataSet  - endTable() - start
171519 [main] DEBUG org.dbunit.dataset.OrderedTableNameMap  - getTableName(tableName=ScopedContentCondition) - start
171519 [main] DEBUG org.dbunit.dataset.OrderedTableNameMap  - getTableName(tableName=ScopedContentCondition) - end - result=SCOPEDCONTENTCONDITION
171519 [main] DEBUG org.dbunit.dataset.OrderedTableNameMap  - getTableName(tableName=ScopedContentCondition) - start
171519 [main] DEBUG org.dbunit.dataset.OrderedTableNameMap  - getTableName(tableName=ScopedContentCondition) - end - result=SCOPEDCONTENTCONDITION
171519 [main] DEBUG org.dbunit.dataset.DefaultTable  - addTableRows(table=org.dbunit.dataset.DefaultTable[_metaData=tableName=ScopedContentCondition, columns=[(name, UNKNOWN, nullableUnknown), (description, UNKNOWN, nullableUnknown), (operator, UNKNOWN, nullableUnknown), (id, UNKNOWN, nullableUnknown), (timeStamp, UNKNOWN, nullableUnknown)], keys=[], _rowList.size()=0]) - start
171519 [main] DEBUG org.dbunit.dataset.DefaultTable  - getValue(row=0, column=name) - start
171519 [main] DEBUG org.dbunit.dataset.AbstractTable  - assertValidRowIndex(row=0) - start
171519 [main] DEBUG org.dbunit.dataset.AbstractTable  - assertValidRowIndex(row=0, rowCount=0) - start
171519 [main] DEBUG org.dbunit.dataset.CachedDataSet  - startTable(metaData=tableName=Authority, columns=[], keys=[]) - start
171519 [main] DEBUG org.dbunit.dataset.CachedDataSet  - endTable() - start
171519 [main] DEBUG org.dbunit.dataset.OrderedTableNameMap  - getTableName(tableName=Authority) - start
171519 [main] DEBUG org.dbunit.dataset.OrderedTableNameMap  - getTableName(tableName=Authority) - end - result=AUTHORITY
171519 [main] DEBUG org.dbunit.dataset.OrderedTableNameMap  - getTableName(tableName=Authority) - start
171519 [main] DEBUG org.dbunit.dataset.OrderedTableNameMap  - getTableName(tableName=Authority) - end - result=AUTHORITY
171519 [main] DEBUG org.dbunit.dataset.DefaultTable  - addTableRows(table=org.dbunit.dataset.DefaultTable[_metaData=tableName=Authority, columns=[], keys=[], _rowList.size()=0]) - start
171519 [main] WARN  org.dbunit.dataset.DefaultTable  - The table 'org.dbunit.dataset.DefaultTable[_metaData=tableName=Authority, columns=[], keys=[], _rowList.size()=0]' does not have any columns. Cannot add table rows. This should never happen...
171519 [main] DEBUG org.dbunit.dataset.CachedDataSet  - startTable(metaData=tableName=User, columns=[], keys=[]) - start
171520 [main] DEBUG org.dbunit.dataset.CachedDataSet  - endTable() - start
171520 [main] DEBUG org.dbunit.dataset.OrderedTableNameMap  - getTableName(tableName=User) - start
171520 [main] DEBUG org.dbunit.dataset.OrderedTableNameMap  - getTableName(tableName=User) - end - result=USER
171520 [main] DEBUG org.dbunit.dataset.OrderedTableNameMap  - getTableName(tableName=User) - start
171520 [main] DEBUG org.dbunit.dataset.OrderedTableNameMap  - getTableName(tableName=User) - end - result=USER
171520 [main] DEBUG org.dbunit.dataset.DefaultTable  - addTableRows(table=org.dbunit.dataset.DefaultTable[_metaData=tableName=User, columns=[], keys=[], _rowList.size()=0]) - start
171520 [main] WARN  org.dbunit.dataset.DefaultTable  - The table 'org.dbunit.dataset.DefaultTable[_metaData=tableName=User, columns=[], keys=[], _rowList.size()=0]' does not have any columns. Cannot add table rows. This should never happen...
171520 [main] DEBUG org.dbunit.dataset.CachedDataSet  - startTable(metaData=tableName=Users_Authorities, columns=[], keys=[]) - start
171520 [main] DEBUG org.dbunit.dataset.CachedDataSet  - endTable() - start
171520 [main] DEBUG org.dbunit.dataset.OrderedTableNameMap  - getTableName(tableName=Users_Authorities) - start
171520 [main] DEBUG org.dbunit.dataset.OrderedTableNameMap  - getTableName(tableName=Users_Authorities) - end - result=USERS_AUTHORITIES
171520 [main] DEBUG org.dbunit.dataset.OrderedTableNameMap  - getTableName(tableName=Users_Authorities) - start
171520 [main] DEBUG org.dbunit.dataset.OrderedTableNameMap  - getTableName(tableName=Users_Authorities) - end - result=USERS_AUTHORITIES
171520 [main] DEBUG org.dbunit.dataset.DefaultTable  - addTableRows(table=org.dbunit.dataset.DefaultTable[_metaData=tableName=Users_Authorities, columns=[], keys=[], _rowList.size()=0]) - start
171520 [main] WARN  org.dbunit.dataset.DefaultTable  - The table 'org.dbunit.dataset.DefaultTable[_metaData=tableName=Users_Authorities, columns=[], keys=[], _rowList.size()=0]' does not have any columns. Cannot add table rows. This should never happen...
171520 [main] DEBUG org.dbunit.dataset.CachedDataSet  - startTable(metaData=tableName=ScopedContent_ScopedContentItem, columns=[], keys=[]) - start
171520 [main] DEBUG org.dbunit.dataset.CachedDataSet  - endTable() - start
171520 [main] DEBUG org.dbunit.dataset.OrderedTableNameMap  - getTableName(tableName=ScopedContent_ScopedContentItem) - start
171520 [main] DEBUG org.dbunit.dataset.OrderedTableNameMap  - getTableName(tableName=ScopedContent_ScopedContentItem) - end - result=SCOPEDCONTENT_SCOPEDCONTENTITEM
171520 [main] DEBUG org.dbunit.dataset.OrderedTableNameMap  - getTableName(tableName=ScopedContent_ScopedContentItem) - start
171520 [main] DEBUG org.dbunit.dataset.OrderedTableNameMap  - getTableName(tableName=ScopedContent_ScopedContentItem) - end - result=SCOPEDCONTENT_SCOPEDCONTENTITEM
171520 [main] DEBUG org.dbunit.dataset.DefaultTable  - addTableRows(table=org.dbunit.dataset.DefaultTable[_metaData=tableName=ScopedContent_ScopedContentItem, columns=[], keys=[], _rowList.size()=0]) - start
171520 [main] WARN  org.dbunit.dataset.DefaultTable  - The table 'org.dbunit.dataset.DefaultTable[_metaData=tableName=ScopedContent_ScopedContentItem, columns=[], keys=[], _rowList.size()=0]' does not have any columns. Cannot add table rows. This should never happen...
171520 [main] DEBUG org.dbunit.dataset.CachedDataSet  - startTable(metaData=tableName=Scope_RequestContext, columns=[], keys=[]) - start
171520 [main] DEBUG org.dbunit.dataset.CachedDataSet  - endTable() - start
171520 [main] DEBUG org.dbunit.dataset.OrderedTableNameMap  - getTableName(tableName=Scope_RequestContext) - start
171520 [main] DEBUG org.dbunit.dataset.OrderedTableNameMap  - getTableName(tableName=Scope_RequestContext) - end - result=SCOPE_REQUESTCONTEXT
171520 [main] DEBUG org.dbunit.dataset.OrderedTableNameMap  - getTableName(tableName=Scope_RequestContext) - start
171520 [main] DEBUG org.dbunit.dataset.OrderedTableNameMap  - getTableName(tableName=Scope_RequestContext) - end - result=SCOPE_REQUESTCONTEXT
171520 [main] DEBUG org.dbunit.dataset.DefaultTable  - addTableRows(table=org.dbunit.dataset.DefaultTable[_metaData=tableName=Scope_RequestContext, columns=[], keys=[], _rowList.size()=0]) - start
171520 [main] WARN  org.dbunit.dataset.DefaultTable  - The table 'org.dbunit.dataset.DefaultTable[_metaData=tableName=Scope_RequestContext, columns=[], keys=[], _rowList.size()=0]' does not have any columns. Cannot add table rows. This should never happen...
171521 [main] DEBUG org.dbunit.dataset.CachedDataSet  - startTable(metaData=tableName=Caption, columns=[], keys=[]) - start
171521 [main] DEBUG org.dbunit.dataset.CachedDataSet  - endTable() - start
171521 [main] DEBUG org.dbunit.dataset.OrderedTableNameMap  - getTableName(tableName=Caption) - start
171521 [main] DEBUG org.dbunit.dataset.OrderedTableNameMap  - getTableName(tableName=Caption) - end - result=CAPTION
171521 [main] DEBUG org.dbunit.dataset.OrderedTableNameMap  - getTableName(tableName=Caption) - start
171521 [main] DEBUG org.dbunit.dataset.OrderedTableNameMap  - getTableName(tableName=Caption) - end - result=CAPTION
171521 [main] DEBUG org.dbunit.dataset.DefaultTable  - addTableRows(table=org.dbunit.dataset.DefaultTable[_metaData=tableName=Caption, columns=[], keys=[], _rowList.size()=0]) - start
171521 [main] WARN  org.dbunit.dataset.DefaultTable  - The table 'org.dbunit.dataset.DefaultTable[_metaData=tableName=Caption, columns=[], keys=[], _rowList.size()=0]' does not have any columns. Cannot add table rows. This should never happen...
171521 [main] DEBUG org.dbunit.dataset.CachedDataSet  - startTable(metaData=tableName=ScopedContentConditions_ScopedContent, columns=[], keys=[]) - start
171521 [main] DEBUG org.dbunit.dataset.CachedDataSet  - endTable() - start
171521 [main] DEBUG org.dbunit.dataset.OrderedTableNameMap  - getTableName(tableName=ScopedContentConditions_ScopedContent) - start
171521 [main] DEBUG org.dbunit.dataset.OrderedTableNameMap  - getTableName(tableName=ScopedContentConditions_ScopedContent) - end - result=SCOPEDCONTENTCONDITIONS_SCOPEDCONTENT
171521 [main] DEBUG org.dbunit.dataset.OrderedTableNameMap  - getTableName(tableName=ScopedContentConditions_ScopedContent) - start
171521 [main] DEBUG org.dbunit.dataset.OrderedTableNameMap  - getTableName(tableName=ScopedContentConditions_ScopedContent) - end - result=SCOPEDCONTENTCONDITIONS_SCOPEDCONTENT
171521 [main] DEBUG org.dbunit.dataset.DefaultTable  - addTableRows(table=org.dbunit.dataset.DefaultTable[_metaData=tableName=ScopedContentConditions_ScopedContent, columns=[], keys=[], _rowList.size()=0]) - start
171521 [main] WARN  org.dbunit.dataset.DefaultTable  - The table 'org.dbunit.dataset.DefaultTable[_metaData=tableName=ScopedContentConditions_ScopedContent, columns=[], keys=[], _rowList.size()=0]' does not have any columns. Cannot add table rows. This should never happen...
171521 [main] DEBUG org.dbunit.dataset.CachedDataSet  - startTable(metaData=tableName=ScopedContentConditions_ScopedContentItem, columns=[], keys=[]) - start
171521 [main] DEBUG org.dbunit.dataset.CachedDataSet  - endTable() - start
171521 [main] DEBUG org.dbunit.dataset.OrderedTableNameMap  - getTableName(tableName=ScopedContentConditions_ScopedContentItem) - start
171521 [main] DEBUG org.dbunit.dataset.OrderedTableNameMap  - getTableName(tableName=ScopedContentConditions_ScopedContentItem) - end - result=SCOPEDCONTENTCONDITIONS_SCOPEDCONTENTITEM
171521 [main] DEBUG org.dbunit.dataset.OrderedTableNameMap  - getTableName(tableName=ScopedContentConditions_ScopedContentItem) - start
171521 [main] DEBUG org.dbunit.dataset.OrderedTableNameMap  - getTableName(tableName=ScopedContentConditions_ScopedContentItem) - end - result=SCOPEDCONTENTCONDITIONS_SCOPEDCONTENTITEM
171521 [main] DEBUG org.dbunit.dataset.DefaultTable  - addTableRows(table=org.dbunit.dataset.DefaultTable[_metaData=tableName=ScopedContentConditions_ScopedContentItem, columns=[], keys=[], _rowList.size()=0]) - start
171521 [main] WARN  org.dbunit.dataset.DefaultTable  - The table 'org.dbunit.dataset.DefaultTable[_metaData=tableName=ScopedContentConditions_ScopedContentItem, columns=[], keys=[], _rowList.size()=0]' does not have any columns. Cannot add table rows. This should never happen...
171521 [main] DEBUG org.dbunit.dataset.CachedDataSet  - startTable(metaData=tableName=NestedScopedContentConditions, columns=[], keys=[]) - start
171521 [main] DEBUG org.dbunit.dataset.CachedDataSet  - endTable() - start
171521 [main] DEBUG org.dbunit.dataset.OrderedTableNameMap  - getTableName(tableName=NestedScopedContentConditions) - start
171522 [main] DEBUG org.dbunit.dataset.OrderedTableNameMap  - getTableName(tableName=NestedScopedContentConditions) - end - result=NESTEDSCOPEDCONTENTCONDITIONS
171522 [main] DEBUG org.dbunit.dataset.OrderedTableNameMap  - getTableName(tableName=NestedScopedContentConditions) - start
171522 [main] DEBUG org.dbunit.dataset.OrderedTableNameMap  - getTableName(tableName=NestedScopedContentConditions) - end - result=NESTEDSCOPEDCONTENTCONDITIONS
171522 [main] DEBUG org.dbunit.dataset.DefaultTable  - addTableRows(table=org.dbunit.dataset.DefaultTable[_metaData=tableName=NestedScopedContentConditions, columns=[], keys=[], _rowList.size()=0]) - start
171522 [main] WARN  org.dbunit.dataset.DefaultTable  - The table 'org.dbunit.dataset.DefaultTable[_metaData=tableName=NestedScopedContentConditions, columns=[], keys=[], _rowList.size()=0]' does not have any columns. Cannot add table rows. This should never happen...
171522 [main] DEBUG org.dbunit.dataset.CachedDataSet  - endDataSet() - start
171522 [main] DEBUG org.dbunit.dataset.CachedDataSet  - endDataSet() - the final tableMap is: org.dbunit.dataset.OrderedTableNameMap[_tableNames=[ScopedContentConditionAttribute, RequestContext, ScopedContentItem, ScopedContent, Scope, ScopedContentCondition, Authority, User, Users_Authorities, ScopedContent_ScopedContentItem, Scope_RequestContext, Caption, ScopedContentConditions_ScopedContent, ScopedContentConditions_ScopedContentItem, NestedScopedContentConditions], _tableMap={SCOPE_REQUESTCONTEXT=org.dbunit.dataset.DefaultTable[_metaData=tableName=Scope_RequestContext, columns=[], keys=[], _rowList.size()=0], NESTEDSCOPEDCONTENTCONDITIONS=org.dbunit.dataset.DefaultTable[_metaData=tableName=NestedScopedContentConditions, columns=[], keys=[], _rowList.size()=0], SCOPE=org.dbunit.dataset.DefaultTable[_metaData=tableName=Scope, columns=[(name, UNKNOWN, nullableUnknown), (description, UNKNOWN, nullableUnknown), (id, UNKNOWN, nullableUnknown), (timeStamp, UNKNOWN, nullableUnknown)], keys=[], _rowList.size()=1], SCOPEDCONTENT_SCOPEDCONTENTITEM=org.dbunit.dataset.DefaultTable[_metaData=tableName=ScopedContent_ScopedContentItem, columns=[], keys=[], _rowList.size()=0], SCOPEDCONTENTCONDITIONATTRIBUTE=org.dbunit.dataset.DefaultTable[_metaData=tableName=ScopedContentConditionAttribute, columns=[(key, UNKNOWN, nullableUnknown), (checkOrder, UNKNOWN, nullableUnknown), (className, UNKNOWN, nullableUnknown), (valuePath, UNKNOWN, nullableUnknown), (operator, UNKNOWN, nullableUnknown), (expectedValue, UNKNOWN, nullableUnknown), (expectedValueType, UNKNOWN, nullableUnknown), (scopedContentCondition, UNKNOWN, nullableUnknown), (id, UNKNOWN, nullableUnknown), (timeStamp, UNKNOWN, nullableUnknown)], keys=[], _rowList.size()=1], SCOPEDCONTENTCONDITIONS_SCOPEDCONTENT=org.dbunit.dataset.DefaultTable[_metaData=tableName=ScopedContentConditions_ScopedContent, columns=[], keys=[], _rowList.size()=0], USER=org.dbunit.dataset.DefaultTable[_metaData=tableName=User, columns=[], keys=[], _rowList.size()=0], SCOPEDCONTENT=org.dbunit.dataset.DefaultTable[_metaData=tableName=ScopedContent, columns=[(name, UNKNOWN, nullableUnknown), (description, UNKNOWN, nullableUnknown), (scope, UNKNOWN, nullableUnknown), (id, UNKNOWN, nullableUnknown), (timeStamp, UNKNOWN, nullableUnknown)], keys=[], _rowList.size()=1], REQUESTCONTEXT=org.dbunit.dataset.DefaultTable[_metaData=tableName=RequestContext, columns=[(path, UNKNOWN, nullableUnknown), (id, UNKNOWN, nullableUnknown), (timeStamp, UNKNOWN, nullableUnknown)], keys=[], _rowList.size()=1], AUTHORITY=org.dbunit.dataset.DefaultTable[_metaData=tableName=Authority, columns=[], keys=[], _rowList.size()=0], USERS_AUTHORITIES=org.dbunit.dataset.DefaultTable[_metaData=tableName=Users_Authorities, columns=[], keys=[], _rowList.size()=0], SCOPEDCONTENTITEM=org.dbunit.dataset.DefaultTable[_metaData=tableName=ScopedContentItem, columns=[(tagName, UNKNOWN, nullableUnknown), (cssClass, UNKNOWN, nullableUnknown), (content, UNKNOWN, nullableUnknown), (type, UNKNOWN, nullableUnknown), (id, UNKNOWN, nullableUnknown), (timeStamp, UNKNOWN, nullableUnknown)], keys=[], _rowList.size()=1], CAPTION=org.dbunit.dataset.DefaultTable[_metaData=tableName=Caption, columns=[], keys=[], _rowList.size()=0], SCOPEDCONTENTCONDITIONS_SCOPEDCONTENTITEM=org.dbunit.dataset.DefaultTable[_metaData=tableName=ScopedContentConditions_ScopedContentItem, columns=[], keys=[], _rowList.size()=0], SCOPEDCONTENTCONDITION=org.dbunit.dataset.DefaultTable[_metaData=tableName=ScopedContentCondition, columns=[(name, UNKNOWN, nullableUnknown), (description, UNKNOWN, nullableUnknown), (operator, UNKNOWN, nullableUnknown), (id, UNKNOWN, nullableUnknown), (timeStamp, UNKNOWN, nullableUnknown)], keys=[], _rowList.size()=1]}, _caseSensitiveTableNames=false]
171522 [main] DEBUG org.dbunit.operation.CompositeOperation  - execute(connection=_databaseConfig=org.dbunit.database.DatabaseConfig[, _propertyMap={http://www.dbunit.org/properties/statementFactory=org.dbunit.database.statement.PreparedStatementFactory@626bc2b8, http://www.dbunit.org/features/caseSensitiveTableNames=false, http://www.dbunit.org/properties/fetchSize=100, http://www.dbunit.org/features/batchedStatements=false, http://www.dbunit.org/properties/metadataHandler=org.dbunit.database.DefaultMetadataHandler@62baffef, http://www.dbunit.org/properties/datatypeFactory=org.dbunit.dataset.datatype.DefaultDataTypeFactory[_toleratedDeltaMap=org.dbunit.dataset.datatype.ToleratedDeltaMap@6452310a], http://www.dbunit.org/properties/escapePattern=null, http://www.dbunit.org/properties/batchSize=100, http://www.dbunit.org/features/qualifiedTableNames=false, http://www.dbunit.org/properties/tableType=[Ljava.lang.String;@5011bafa, http://www.dbunit.org/properties/resultSetTableFactory=org.dbunit.database.CachedResultSetTableFactory@10bcf083, http://www.dbunit.org/features/datatypeWarning=true}], _dataSet=AbstractDataSet[_orderedTableNameMap=null], , dataSet=AbstractDataSet[_orderedTableNameMap=null]) - start
171522 [main] DEBUG org.dbunit.operation.DeleteAllOperation  - execute(connection=_databaseConfig=org.dbunit.database.DatabaseConfig[, _propertyMap={http://www.dbunit.org/properties/statementFactory=org.dbunit.database.statement.PreparedStatementFactory@626bc2b8, http://www.dbunit.org/features/caseSensitiveTableNames=false, http://www.dbunit.org/properties/fetchSize=100, http://www.dbunit.org/features/batchedStatements=false, http://www.dbunit.org/properties/metadataHandler=org.dbunit.database.DefaultMetadataHandler@62baffef, http://www.dbunit.org/properties/datatypeFactory=org.dbunit.dataset.datatype.DefaultDataTypeFactory[_toleratedDeltaMap=org.dbunit.dataset.datatype.ToleratedDeltaMap@6452310a], http://www.dbunit.org/properties/escapePattern=null, http://www.dbunit.org/properties/batchSize=100, http://www.dbunit.org/features/qualifiedTableNames=false, http://www.dbunit.org/properties/tableType=[Ljava.lang.String;@5011bafa, http://www.dbunit.org/properties/resultSetTableFactory=org.dbunit.database.CachedResultSetTableFactory@10bcf083, http://www.dbunit.org/features/datatypeWarning=true}], _dataSet=AbstractDataSet[_orderedTableNameMap=null], dataSet=AbstractDataSet[_orderedTableNameMap=null]) - start
171522 [main] DEBUG org.dbunit.database.AbstractDatabaseConnection  - createDataSet() - start
171522 [main] TRACE org.dbunit.database.DatabaseConfig  - getProperty(name=http://www.dbunit.org/properties/statementFactory) - start
171523 [main] DEBUG org.dbunit.database.statement.PreparedStatementFactory  - createBatchStatement(connection=_databaseConfig=org.dbunit.database.DatabaseConfig[, _propertyMap={http://www.dbunit.org/properties/statementFactory=org.dbunit.database.statement.PreparedStatementFactory@626bc2b8, http://www.dbunit.org/features/caseSensitiveTableNames=false, http://www.dbunit.org/properties/fetchSize=100, http://www.dbunit.org/features/batchedStatements=false, http://www.dbunit.org/properties/metadataHandler=org.dbunit.database.DefaultMetadataHandler@62baffef, http://www.dbunit.org/properties/datatypeFactory=org.dbunit.dataset.datatype.DefaultDataTypeFactory[_toleratedDeltaMap=org.dbunit.dataset.datatype.ToleratedDeltaMap@6452310a], http://www.dbunit.org/properties/escapePattern=null, http://www.dbunit.org/properties/batchSize=100, http://www.dbunit.org/features/qualifiedTableNames=false, http://www.dbunit.org/properties/tableType=[Ljava.lang.String;@5011bafa, http://www.dbunit.org/properties/resultSetTableFactory=org.dbunit.database.CachedResultSetTableFactory@10bcf083, http://www.dbunit.org/features/datatypeWarning=true}], _dataSet=AbstractDataSet[_orderedTableNameMap=null]) - start
171523 [main] DEBUG org.dbunit.database.statement.AbstractStatementFactory  - supportBatchStatement(connection=_databaseConfig=org.dbunit.database.DatabaseConfig[, _propertyMap={http://www.dbunit.org/properties/statementFactory=org.dbunit.database.statement.PreparedStatementFactory@626bc2b8, http://www.dbunit.org/features/caseSensitiveTableNames=false, http://www.dbunit.org/properties/fetchSize=100, http://www.dbunit.org/features/batchedStatements=false, http://www.dbunit.org/properties/metadataHandler=org.dbunit.database.DefaultMetadataHandler@62baffef, http://www.dbunit.org/properties/datatypeFactory=org.dbunit.dataset.datatype.DefaultDataTypeFactory[_toleratedDeltaMap=org.dbunit.dataset.datatype.ToleratedDeltaMap@6452310a], http://www.dbunit.org/properties/escapePattern=null, http://www.dbunit.org/properties/batchSize=100, http://www.dbunit.org/features/qualifiedTableNames=false, http://www.dbunit.org/properties/tableType=[Ljava.lang.String;@5011bafa, http://www.dbunit.org/properties/resultSetTableFactory=org.dbunit.database.CachedResultSetTableFactory@10bcf083, http://www.dbunit.org/features/datatypeWarning=true}], _dataSet=AbstractDataSet[_orderedTableNameMap=null]) - start
171523 [main] TRACE org.dbunit.database.DatabaseConfig  - getFeature(name=http://www.dbunit.org/features/batchedStatements) - start
171523 [main] TRACE org.dbunit.database.DatabaseConfig  - getProperty(name=http://www.dbunit.org/features/batchedStatements) - start
171523 [main] DEBUG org.dbunit.database.DatabaseDataSourceConnection  - getConnection() - start
171523 [main] DEBUG org.dbunit.dataset.AbstractDataSet  - iterator() - start
171523 [main] DEBUG org.dbunit.dataset.FilteredDataSet  - createIterator(reversed=false) - start
171523 [main] DEBUG org.dbunit.dataset.filter.SequenceTableFilter  - iterator(dataSet=AbstractDataSet[_orderedTableNameMap=org.dbunit.dataset.OrderedTableNameMap[_tableNames=[ScopedContentConditionAttribute, RequestContext, ScopedContentItem, ScopedContent, Scope, ScopedContentCondition, Authority, User, Users_Authorities, ScopedContent_ScopedContentItem, Scope_RequestContext, Caption, ScopedContentConditions_ScopedContent, ScopedContentConditions_ScopedContentItem, NestedScopedContentConditions], _tableMap={SCOPE_REQUESTCONTEXT=org.dbunit.dataset.DefaultTable[_metaData=tableName=Scope_RequestContext, columns=[], keys=[], _rowList.size()=0], NESTEDSCOPEDCONTENTCONDITIONS=org.dbunit.dataset.DefaultTable[_metaData=tableName=NestedScopedContentConditions, columns=[], keys=[], _rowList.size()=0], SCOPE=org.dbunit.dataset.DefaultTable[_metaData=tableName=Scope, columns=[(name, UNKNOWN, nullableUnknown), (description, UNKNOWN, nullableUnknown), (id, UNKNOWN, nullableUnknown), (timeStamp, UNKNOWN, nullableUnknown)], keys=[], _rowList.size()=1], SCOPEDCONTENT_SCOPEDCONTENTITEM=org.dbunit.dataset.DefaultTable[_metaData=tableName=ScopedContent_ScopedContentItem, columns=[], keys=[], _rowList.size()=0], SCOPEDCONTENTCONDITIONATTRIBUTE=org.dbunit.dataset.DefaultTable[_metaData=tableName=ScopedContentConditionAttribute, columns=[(key, UNKNOWN, nullableUnknown), (checkOrder, UNKNOWN, nullableUnknown), (className, UNKNOWN, nullableUnknown), (valuePath, UNKNOWN, nullableUnknown), (operator, UNKNOWN, nullableUnknown), (expectedValue, UNKNOWN, nullableUnknown), (expectedValueType, UNKNOWN, nullableUnknown), (scopedContentCondition, UNKNOWN, nullableUnknown), (id, UNKNOWN, nullableUnknown), (timeStamp, UNKNOWN, nullableUnknown)], keys=[], _rowList.size()=1], SCOPEDCONTENTCONDITIONS_SCOPEDCONTENT=org.dbunit.dataset.DefaultTable[_metaData=tableName=ScopedContentConditions_ScopedContent, columns=[], keys=[], _rowList.size()=0], USER=org.dbunit.dataset.DefaultTable[_metaData=tableName=User, columns=[], keys=[], _rowList.size()=0], SCOPEDCONTENT=org.dbunit.dataset.DefaultTable[_metaData=tableName=ScopedContent, columns=[(name, UNKNOWN, nullableUnknown), (description, UNKNOWN, nullableUnknown), (scope, UNKNOWN, nullableUnknown), (id, UNKNOWN, nullableUnknown), (timeStamp, UNKNOWN, nullableUnknown)], keys=[], _rowList.size()=1], REQUESTCONTEXT=org.dbunit.dataset.DefaultTable[_metaData=tableName=RequestContext, columns=[(path, UNKNOWN, nullableUnknown), (id, UNKNOWN, nullableUnknown), (timeStamp, UNKNOWN, nullableUnknown)], keys=[], _rowList.size()=1], AUTHORITY=org.dbunit.dataset.DefaultTable[_metaData=tableName=Authority, columns=[], keys=[], _rowList.size()=0], USERS_AUTHORITIES=org.dbunit.dataset.DefaultTable[_metaData=tableName=Users_Authorities, columns=[], keys=[], _rowList.size()=0], SCOPEDCONTENTITEM=org.dbunit.dataset.DefaultTable[_metaData=tableName=ScopedContentItem, columns=[(tagName, UNKNOWN, nullableUnknown), (cssClass, UNKNOWN, nullableUnknown), (content, UNKNOWN, nullableUnknown), (type, UNKNOWN, nullableUnknown), (id, UNKNOWN, nullableUnknown), (timeStamp, UNKNOWN, nullableUnknown)], keys=[], _rowList.size()=1], CAPTION=org.dbunit.dataset.DefaultTable[_metaData=tableName=Caption, columns=[], keys=[], _rowList.size()=0], SCOPEDCONTENTCONDITIONS_SCOPEDCONTENTITEM=org.dbunit.dataset.DefaultTable[_metaData=tableName=ScopedContentConditions_ScopedContentItem, columns=[], keys=[], _rowList.size()=0], SCOPEDCONTENTCONDITION=org.dbunit.dataset.DefaultTable[_metaData=tableName=ScopedContentCondition, columns=[(name, UNKNOWN, nullableUnknown), (description, UNKNOWN, nullableUnknown), (operator, UNKNOWN, nullableUnknown), (id, UNKNOWN, nullableUnknown), (timeStamp, UNKNOWN, nullableUnknown)], keys=[], _rowList.size()=1]}, _caseSensitiveTableNames=false]], reversed=false) - start
171523 [main] DEBUG org.dbunit.dataset.filter.SequenceTableFilter  - getTableNames(dataSet=AbstractDataSet[_orderedTableNameMap=org.dbunit.dataset.OrderedTableNameMap[_tableNames=[ScopedContentConditionAttribute, RequestContext, ScopedContentItem, ScopedContent, Scope, ScopedContentCondition, Authority, User, Users_Authorities, ScopedContent_ScopedContentItem, Scope_RequestContext, Caption, ScopedContentConditions_ScopedContent, ScopedContentConditions_ScopedContentItem, NestedScopedContentConditions], _tableMap={SCOPE_REQUESTCONTEXT=org.dbunit.dataset.DefaultTable[_metaData=tableName=Scope_RequestContext, columns=[], keys=[], _rowList.size()=0], NESTEDSCOPEDCONTENTCONDITIONS=org.dbunit.dataset.DefaultTable[_metaData=tableName=NestedScopedContentConditions, columns=[], keys=[], _rowList.size()=0], SCOPE=org.dbunit.dataset.DefaultTable[_metaData=tableName=Scope, columns=[(name, UNKNOWN, nullableUnknown), (description, UNKNOWN, nullableUnknown), (id, UNKNOWN, nullableUnknown), (timeStamp, UNKNOWN, nullableUnknown)], keys=[], _rowList.size()=1], SCOPEDCONTENT_SCOPEDCONTENTITEM=org.dbunit.dataset.DefaultTable[_metaData=tableName=ScopedContent_ScopedContentItem, columns=[], keys=[], _rowList.size()=0], SCOPEDCONTENTCONDITIONATTRIBUTE=org.dbunit.dataset.DefaultTable[_metaData=tableName=ScopedContentConditionAttribute, columns=[(key, UNKNOWN, nullableUnknown), (checkOrder, UNKNOWN, nullableUnknown), (className, UNKNOWN, nullableUnknown), (valuePath, UNKNOWN, nullableUnknown), (operator, UNKNOWN, nullableUnknown), (expectedValue, UNKNOWN, nullableUnknown), (expectedValueType, UNKNOWN, nullableUnknown), (scopedContentCondition, UNKNOWN, nullableUnknown), (id, UNKNOWN, nullableUnknown), (timeStamp, UNKNOWN, nullableUnknown)], keys=[], _rowList.size()=1], SCOPEDCONTENTCONDITIONS_SCOPEDCONTENT=org.dbunit.dataset.DefaultTable[_metaData=tableName=ScopedContentConditions_ScopedContent, columns=[], keys=[], _rowList.size()=0], USER=org.dbunit.dataset.DefaultTable[_metaData=tableName=User, columns=[], keys=[], _rowList.size()=0], SCOPEDCONTENT=org.dbunit.dataset.DefaultTable[_metaData=tableName=ScopedContent, columns=[(name, UNKNOWN, nullableUnknown), (description, UNKNOWN, nullableUnknown), (scope, UNKNOWN, nullableUnknown), (id, UNKNOWN, nullableUnknown), (timeStamp, UNKNOWN, nullableUnknown)], keys=[], _rowList.size()=1], REQUESTCONTEXT=org.dbunit.dataset.DefaultTable[_metaData=tableName=RequestContext, columns=[(path, UNKNOWN, nullableUnknown), (id, UNKNOWN, nullableUnknown), (timeStamp, UNKNOWN, nullableUnknown)], keys=[], _rowList.size()=1], AUTHORITY=org.dbunit.dataset.DefaultTable[_metaData=tableName=Authority, columns=[], keys=[], _rowList.size()=0], USERS_AUTHORITIES=org.dbunit.dataset.DefaultTable[_metaData=tableName=Users_Authorities, columns=[], keys=[], _rowList.size()=0], SCOPEDCONTENTITEM=org.dbunit.dataset.DefaultTable[_metaData=tableName=ScopedContentItem, columns=[(tagName, UNKNOWN, nullableUnknown), (cssClass, UNKNOWN, nullableUnknown), (content, UNKNOWN, nullableUnknown), (type, UNKNOWN, nullableUnknown), (id, UNKNOWN, nullableUnknown), (timeStamp, UNKNOWN, nullableUnknown)], keys=[], _rowList.size()=1], CAPTION=org.dbunit.dataset.DefaultTable[_metaData=tableName=Caption, columns=[], keys=[], _rowList.size()=0], SCOPEDCONTENTCONDITIONS_SCOPEDCONTENTITEM=org.dbunit.dataset.DefaultTable[_metaData=tableName=ScopedContentConditions_ScopedContentItem, columns=[], keys=[], _rowList.size()=0], SCOPEDCONTENTCONDITION=org.dbunit.dataset.DefaultTable[_metaData=tableName=ScopedContentCondition, columns=[(name, UNKNOWN, nullableUnknown), (description, UNKNOWN, nullableUnknown), (operator, UNKNOWN, nullableUnknown), (id, UNKNOWN, nullableUnknown), (timeStamp, UNKNOWN, nullableUnknown)], keys=[], _rowList.size()=1]}, _caseSensitiveTableNames=false]]) - start
171524 [main] DEBUG org.dbunit.dataset.AbstractDataSet  - getTableMetaData(tableName=AUTHORITY) - start
171524 [main] DEBUG org.dbunit.dataset.AbstractDataSet  - getTable(tableName=AUTHORITY) - start
171524 [main] DEBUG org.dbunit.dataset.AbstractDataSet  - initialize() - start
171524 [main] DEBUG org.dbunit.dataset.AbstractDataSet  - The table name map has already been initialized.
171524 [main] DEBUG org.dbunit.dataset.OrderedTableNameMap  - getTableName(tableName=AUTHORITY) - start
171524 [main] DEBUG org.dbunit.dataset.OrderedTableNameMap  - getTableName(tableName=AUTHORITY) - end - result=AUTHORITY
171524 [main] DEBUG org.dbunit.dataset.AbstractDataSet  - getTableMetaData(tableName=CAPTION) - start
171524 [main] DEBUG org.dbunit.dataset.AbstractDataSet  - getTable(tableName=CAPTION) - start
171524 [main] DEBUG org.dbunit.dataset.AbstractDataSet  - initialize() - start
171524 [main] DEBUG org.dbunit.dataset.AbstractDataSet  - The table name map has already been initialized.
171524 [main] DEBUG org.dbunit.dataset.OrderedTableNameMap  - getTableName(tableName=CAPTION) - start
171524 [main] DEBUG org.dbunit.dataset.OrderedTableNameMap  - getTableName(tableName=CAPTION) - end - result=CAPTION
171524 [main] DEBUG org.dbunit.dataset.AbstractDataSet  - getTableMetaData(tableName=SCOPEDCONTENTCONDITION) - start
171524 [main] DEBUG org.dbunit.dataset.AbstractDataSet  - getTable(tableName=SCOPEDCONTENTCONDITION) - start
171524 [main] DEBUG org.dbunit.dataset.AbstractDataSet  - initialize() - start
171524 [main] DEBUG org.dbunit.dataset.AbstractDataSet  - The table name map has already been initialized.
171524 [main] DEBUG org.dbunit.dataset.OrderedTableNameMap  - getTableName(tableName=SCOPEDCONTENTCONDITION) - start
171524 [main] DEBUG org.dbunit.dataset.OrderedTableNameMap  - getTableName(tableName=SCOPEDCONTENTCONDITION) - end - result=SCOPEDCONTENTCONDITION
171524 [main] DEBUG org.dbunit.dataset.AbstractDataSet  - getTableMetaData(tableName=NESTEDSCOPEDCONTENTCONDITIONS) - start
171524 [main] DEBUG org.dbunit.dataset.AbstractDataSet  - getTable(tableName=NESTEDSCOPEDCONTENTCONDITIONS) - start
171524 [main] DEBUG org.dbunit.dataset.AbstractDataSet  - initialize() - start
171524 [main] DEBUG org.dbunit.dataset.AbstractDataSet  - The table name map has already been initialized.
171524 [main] DEBUG org.dbunit.dataset.OrderedTableNameMap  - getTableName(tableName=NESTEDSCOPEDCONTENTCONDITIONS) - start
171524 [main] DEBUG org.dbunit.dataset.OrderedTableNameMap  - getTableName(tableName=NESTEDSCOPEDCONTENTCONDITIONS) - end - result=NESTEDSCOPEDCONTENTCONDITIONS
171524 [main] DEBUG org.dbunit.dataset.AbstractDataSet  - getTableMetaData(tableName=REQUESTCONTEXT) - start
171524 [main] DEBUG org.dbunit.dataset.AbstractDataSet  - getTable(tableName=REQUESTCONTEXT) - start
171524 [main] DEBUG org.dbunit.dataset.AbstractDataSet  - initialize() - start
171524 [main] DEBUG org.dbunit.dataset.AbstractDataSet  - The table name map has already been initialized.
171524 [main] DEBUG org.dbunit.dataset.OrderedTableNameMap  - getTableName(tableName=REQUESTCONTEXT) - start
171524 [main] DEBUG org.dbunit.dataset.OrderedTableNameMap  - getTableName(tableName=REQUESTCONTEXT) - end - result=REQUESTCONTEXT
171524 [main] DEBUG org.dbunit.dataset.AbstractDataSet  - getTableMetaData(tableName=SCOPE) - start
171525 [main] DEBUG org.dbunit.dataset.AbstractDataSet  - getTable(tableName=SCOPE) - start
171525 [main] DEBUG org.dbunit.dataset.AbstractDataSet  - initialize() - start
171525 [main] DEBUG org.dbunit.dataset.AbstractDataSet  - The table name map has already been initialized.
171525 [main] DEBUG org.dbunit.dataset.OrderedTableNameMap  - getTableName(tableName=SCOPE) - start
171525 [main] DEBUG org.dbunit.dataset.OrderedTableNameMap  - getTableName(tableName=SCOPE) - end - result=SCOPE
171525 [main] DEBUG org.dbunit.dataset.AbstractDataSet  - getTableMetaData(tableName=SCOPEDCONTENT) - start
171525 [main] DEBUG org.dbunit.dataset.AbstractDataSet  - getTable(tableName=SCOPEDCONTENT) - start
171525 [main] DEBUG org.dbunit.dataset.AbstractDataSet  - initialize() - start
171525 [main] DEBUG org.dbunit.dataset.AbstractDataSet  - The table name map has already been initialized.
171525 [main] DEBUG org.dbunit.dataset.OrderedTableNameMap  - getTableName(tableName=SCOPEDCONTENT) - start
171525 [main] DEBUG org.dbunit.dataset.OrderedTableNameMap  - getTableName(tableName=SCOPEDCONTENT) - end - result=SCOPEDCONTENT
171525 [main] DEBUG org.dbunit.dataset.AbstractDataSet  - getTableMetaData(tableName=SCOPEDCONTENTCONDITIONATTRIBUTE) - start
171525 [main] DEBUG org.dbunit.dataset.AbstractDataSet  - getTable(tableName=SCOPEDCONTENTCONDITIONATTRIBUTE) - start
171525 [main] DEBUG org.dbunit.dataset.AbstractDataSet  - initialize() - start
171525 [main] DEBUG org.dbunit.dataset.AbstractDataSet  - The table name map has already been initialized.
171525 [main] DEBUG org.dbunit.dataset.OrderedTableNameMap  - getTableName(tableName=SCOPEDCONTENTCONDITIONATTRIBUTE) - start
171525 [main] DEBUG org.dbunit.dataset.OrderedTableNameMap  - getTableName(tableName=SCOPEDCONTENTCONDITIONATTRIBUTE) - end - result=SCOPEDCONTENTCONDITIONATTRIBUTE
171525 [main] DEBUG org.dbunit.dataset.AbstractDataSet  - getTableMetaData(tableName=SCOPEDCONTENTCONDITIONS_SCOPEDCONTENT) - start
171525 [main] DEBUG org.dbunit.dataset.AbstractDataSet  - getTable(tableName=SCOPEDCONTENTCONDITIONS_SCOPEDCONTENT) - start
171525 [main] DEBUG org.dbunit.dataset.AbstractDataSet  - initialize() - start
171525 [main] DEBUG org.dbunit.dataset.AbstractDataSet  - The table name map has already been initialized.
171525 [main] DEBUG org.dbunit.dataset.OrderedTableNameMap  - getTableName(tableName=SCOPEDCONTENTCONDITIONS_SCOPEDCONTENT) - start
171525 [main] DEBUG org.dbunit.dataset.OrderedTableNameMap  - getTableName(tableName=SCOPEDCONTENTCONDITIONS_SCOPEDCONTENT) - end - result=SCOPEDCONTENTCONDITIONS_SCOPEDCONTENT
171525 [main] DEBUG org.dbunit.dataset.AbstractDataSet  - getTableMetaData(tableName=SCOPEDCONTENTITEM) - start
171525 [main] DEBUG org.dbunit.dataset.AbstractDataSet  - getTable(tableName=SCOPEDCONTENTITEM) - start
171525 [main] DEBUG org.dbunit.dataset.AbstractDataSet  - initialize() - start
171525 [main] DEBUG org.dbunit.dataset.AbstractDataSet  - The table name map has already been initialized.
171525 [main] DEBUG org.dbunit.dataset.OrderedTableNameMap  - getTableName(tableName=SCOPEDCONTENTITEM) - start
171525 [main] DEBUG org.dbunit.dataset.OrderedTableNameMap  - getTableName(tableName=SCOPEDCONTENTITEM) - end - result=SCOPEDCONTENTITEM
171525 [main] DEBUG org.dbunit.dataset.AbstractDataSet  - getTableMetaData(tableName=SCOPEDCONTENTCONDITIONS_SCOPEDCONTENTITEM) - start
171525 [main] DEBUG org.dbunit.dataset.AbstractDataSet  - getTable(tableName=SCOPEDCONTENTCONDITIONS_SCOPEDCONTENTITEM) - start
171525 [main] DEBUG org.dbunit.dataset.AbstractDataSet  - initialize() - start
171526 [main] DEBUG org.dbunit.dataset.AbstractDataSet  - The table name map has already been initialized.
171526 [main] DEBUG org.dbunit.dataset.OrderedTableNameMap  - getTableName(tableName=SCOPEDCONTENTCONDITIONS_SCOPEDCONTENTITEM) - start
171526 [main] DEBUG org.dbunit.dataset.OrderedTableNameMap  - getTableName(tableName=SCOPEDCONTENTCONDITIONS_SCOPEDCONTENTITEM) - end - result=SCOPEDCONTENTCONDITIONS_SCOPEDCONTENTITEM
171526 [main] DEBUG org.dbunit.dataset.AbstractDataSet  - getTableMetaData(tableName=SCOPEDCONTENT_SCOPEDCONTENTITEM) - start
171526 [main] DEBUG org.dbunit.dataset.AbstractDataSet  - getTable(tableName=SCOPEDCONTENT_SCOPEDCONTENTITEM) - start
171526 [main] DEBUG org.dbunit.dataset.AbstractDataSet  - initialize() - start
171526 [main] DEBUG org.dbunit.dataset.AbstractDataSet  - The table name map has already been initialized.
171526 [main] DEBUG org.dbunit.dataset.OrderedTableNameMap  - getTableName(tableName=SCOPEDCONTENT_SCOPEDCONTENTITEM) - start
171526 [main] DEBUG org.dbunit.dataset.OrderedTableNameMap  - getTableName(tableName=SCOPEDCONTENT_SCOPEDCONTENTITEM) - end - result=SCOPEDCONTENT_SCOPEDCONTENTITEM
171526 [main] DEBUG org.dbunit.dataset.AbstractDataSet  - getTableMetaData(tableName=SCOPE_REQUESTCONTEXT) - start
171526 [main] DEBUG org.dbunit.dataset.AbstractDataSet  - getTable(tableName=SCOPE_REQUESTCONTEXT) - start
171526 [main] DEBUG org.dbunit.dataset.AbstractDataSet  - initialize() - start
171526 [main] DEBUG org.dbunit.dataset.AbstractDataSet  - The table name map has already been initialized.
171526 [main] DEBUG org.dbunit.dataset.OrderedTableNameMap  - getTableName(tableName=SCOPE_REQUESTCONTEXT) - start
171526 [main] DEBUG org.dbunit.dataset.OrderedTableNameMap  - getTableName(tableName=SCOPE_REQUESTCONTEXT) - end - result=SCOPE_REQUESTCONTEXT
171526 [main] DEBUG org.dbunit.dataset.AbstractDataSet  - getTableMetaData(tableName=USER) - start
171526 [main] DEBUG org.dbunit.dataset.AbstractDataSet  - getTable(tableName=USER) - start
171526 [main] DEBUG org.dbunit.dataset.AbstractDataSet  - initialize() - start
171526 [main] DEBUG org.dbunit.dataset.AbstractDataSet  - The table name map has already been initialized.
171526 [main] DEBUG org.dbunit.dataset.OrderedTableNameMap  - getTableName(tableName=USER) - start
171526 [main] DEBUG org.dbunit.dataset.OrderedTableNameMap  - getTableName(tableName=USER) - end - result=USER
171526 [main] DEBUG org.dbunit.dataset.AbstractDataSet  - getTableMetaData(tableName=USERS_AUTHORITIES) - start
171526 [main] DEBUG org.dbunit.dataset.AbstractDataSet  - getTable(tableName=USERS_AUTHORITIES) - start
171526 [main] DEBUG org.dbunit.dataset.AbstractDataSet  - initialize() - start
171526 [main] DEBUG org.dbunit.dataset.AbstractDataSet  - The table name map has already been initialized.
171526 [main] DEBUG org.dbunit.dataset.OrderedTableNameMap  - getTableName(tableName=USERS_AUTHORITIES) - start
171526 [main] DEBUG org.dbunit.dataset.OrderedTableNameMap  - getTableName(tableName=USERS_AUTHORITIES) - end - result=USERS_AUTHORITIES
171526 [main] DEBUG org.dbunit.dataset.filter.SequenceTableIterator  - next() - start
171526 [main] DEBUG org.dbunit.dataset.filter.SequenceTableIterator  - getTableMetaData() - start
171527 [main] DEBUG org.dbunit.dataset.AbstractDataSet  - getTableMetaData(tableName=Authority) - start
171527 [main] DEBUG org.dbunit.dataset.AbstractDataSet  - getTable(tableName=Authority) - start
171527 [main] DEBUG org.dbunit.dataset.AbstractDataSet  - initialize() - start
171527 [main] DEBUG org.dbunit.dataset.AbstractDataSet  - The table name map has already been initialized.
171527 [main] DEBUG org.dbunit.dataset.OrderedTableNameMap  - getTableName(tableName=Authority) - start
171527 [main] DEBUG org.dbunit.dataset.OrderedTableNameMap  - getTableName(tableName=Authority) - end - result=AUTHORITY
171527 [main] DEBUG org.dbunit.dataset.filter.SequenceTableIterator  - next() - start
171527 [main] DEBUG org.dbunit.dataset.filter.SequenceTableIterator  - getTableMetaData() - start
171527 [main] DEBUG org.dbunit.dataset.AbstractDataSet  - getTableMetaData(tableName=Caption) - start
171527 [main] DEBUG org.dbunit.dataset.AbstractDataSet  - getTable(tableName=Caption) - start
171527 [main] DEBUG org.dbunit.dataset.AbstractDataSet  - initialize() - start
171527 [main] DEBUG org.dbunit.dataset.AbstractDataSet  - The table name map has already been initialized.
171527 [main] DEBUG org.dbunit.dataset.OrderedTableNameMap  - getTableName(tableName=Caption) - start
171527 [main] DEBUG org.dbunit.dataset.OrderedTableNameMap  - getTableName(tableName=Caption) - end - result=CAPTION
171527 [main] DEBUG org.dbunit.dataset.filter.SequenceTableIterator  - next() - start
171527 [main] DEBUG org.dbunit.dataset.filter.SequenceTableIterator  - getTableMetaData() - start
171527 [main] DEBUG org.dbunit.dataset.AbstractDataSet  - getTableMetaData(tableName=ScopedContentCondition) - start
171527 [main] DEBUG org.dbunit.dataset.AbstractDataSet  - getTable(tableName=ScopedContentCondition) - start
171527 [main] DEBUG org.dbunit.dataset.AbstractDataSet  - initialize() - start
171527 [main] DEBUG org.dbunit.dataset.AbstractDataSet  - The table name map has already been initialized.
171527 [main] DEBUG org.dbunit.dataset.OrderedTableNameMap  - getTableName(tableName=ScopedContentCondition) - start
171527 [main] DEBUG org.dbunit.dataset.OrderedTableNameMap  - getTableName(tableName=ScopedContentCondition) - end - result=SCOPEDCONTENTCONDITION
171527 [main] DEBUG org.dbunit.dataset.filter.SequenceTableIterator  - next() - start
171527 [main] DEBUG org.dbunit.dataset.filter.SequenceTableIterator  - getTableMetaData() - start
171527 [main] DEBUG org.dbunit.dataset.AbstractDataSet  - getTableMetaData(tableName=NestedScopedContentConditions) - start
171527 [main] DEBUG org.dbunit.dataset.AbstractDataSet  - getTable(tableName=NestedScopedContentConditions) - start
171527 [main] DEBUG org.dbunit.dataset.AbstractDataSet  - initialize() - start
171527 [main] DEBUG org.dbunit.dataset.AbstractDataSet  - The table name map has already been initialized.
171527 [main] DEBUG org.dbunit.dataset.OrderedTableNameMap  - getTableName(tableName=NestedScopedContentConditions) - start
171527 [main] DEBUG org.dbunit.dataset.OrderedTableNameMap  - getTableName(tableName=NestedScopedContentConditions) - end - result=NESTEDSCOPEDCONTENTCONDITIONS
171527 [main] DEBUG org.dbunit.dataset.filter.SequenceTableIterator  - next() - start
171527 [main] DEBUG org.dbunit.dataset.filter.SequenceTableIterator  - getTableMetaData() - start
171528 [main] DEBUG org.dbunit.dataset.AbstractDataSet  - getTableMetaData(tableName=RequestContext) - start
171528 [main] DEBUG org.dbunit.dataset.AbstractDataSet  - getTable(tableName=RequestContext) - start
171528 [main] DEBUG org.dbunit.dataset.AbstractDataSet  - initialize() - start
171528 [main] DEBUG org.dbunit.dataset.AbstractDataSet  - The table name map has already been initialized.
171528 [main] DEBUG org.dbunit.dataset.OrderedTableNameMap  - getTableName(tableName=RequestContext) - start
171528 [main] DEBUG org.dbunit.dataset.OrderedTableNameMap  - getTableName(tableName=RequestContext) - end - result=REQUESTCONTEXT
171528 [main] DEBUG org.dbunit.dataset.filter.SequenceTableIterator  - next() - start
171528 [main] DEBUG org.dbunit.dataset.filter.SequenceTableIterator  - getTableMetaData() - start
171528 [main] DEBUG org.dbunit.dataset.AbstractDataSet  - getTableMetaData(tableName=Scope) - start
171528 [main] DEBUG org.dbunit.dataset.AbstractDataSet  - getTable(tableName=Scope) - start
171528 [main] DEBUG org.dbunit.dataset.AbstractDataSet  - initialize() - start
171528 [main] DEBUG org.dbunit.dataset.AbstractDataSet  - The table name map has already been initialized.
171528 [main] DEBUG org.dbunit.dataset.OrderedTableNameMap  - getTableName(tableName=Scope) - start
171528 [main] DEBUG org.dbunit.dataset.OrderedTableNameMap  - getTableName(tableName=Scope) - end - result=SCOPE
171528 [main] DEBUG org.dbunit.dataset.filter.SequenceTableIterator  - next() - start
171528 [main] DEBUG org.dbunit.dataset.filter.SequenceTableIterator  - getTableMetaData() - start
171528 [main] DEBUG org.dbunit.dataset.AbstractDataSet  - getTableMetaData(tableName=ScopedContent) - start
171528 [main] DEBUG org.dbunit.dataset.AbstractDataSet  - getTable(tableName=ScopedContent) - start
171528 [main] DEBUG org.dbunit.dataset.AbstractDataSet  - initialize() - start
171528 [main] DEBUG org.dbunit.dataset.AbstractDataSet  - The table name map has already been initialized.
171528 [main] DEBUG org.dbunit.dataset.OrderedTableNameMap  - getTableName(tableName=ScopedContent) - start
171528 [main] DEBUG org.dbunit.dataset.OrderedTableNameMap  - getTableName(tableName=ScopedContent) - end - result=SCOPEDCONTENT
171528 [main] DEBUG org.dbunit.dataset.filter.SequenceTableIterator  - next() - start
171528 [main] DEBUG org.dbunit.dataset.filter.SequenceTableIterator  - getTableMetaData() - start
171528 [main] DEBUG org.dbunit.dataset.AbstractDataSet  - getTableMetaData(tableName=ScopedContentConditionAttribute) - start
171528 [main] DEBUG org.dbunit.dataset.AbstractDataSet  - getTable(tableName=ScopedContentConditionAttribute) - start
171528 [main] DEBUG org.dbunit.dataset.AbstractDataSet  - initialize() - start
171528 [main] DEBUG org.dbunit.dataset.AbstractDataSet  - The table name map has already been initialized.
171528 [main] DEBUG org.dbunit.dataset.OrderedTableNameMap  - getTableName(tableName=ScopedContentConditionAttribute) - start
171528 [main] DEBUG org.dbunit.dataset.OrderedTableNameMap  - getTableName(tableName=ScopedContentConditionAttribute) - end - result=SCOPEDCONTENTCONDITIONATTRIBUTE
171528 [main] DEBUG org.dbunit.dataset.filter.SequenceTableIterator  - next() - start
171529 [main] DEBUG org.dbunit.dataset.filter.SequenceTableIterator  - getTableMetaData() - start
171529 [main] DEBUG org.dbunit.dataset.AbstractDataSet  - getTableMetaData(tableName=ScopedContentConditions_ScopedContent) - start
171529 [main] DEBUG org.dbunit.dataset.AbstractDataSet  - getTable(tableName=ScopedContentConditions_ScopedContent) - start
171529 [main] DEBUG org.dbunit.dataset.AbstractDataSet  - initialize() - start
171529 [main] DEBUG org.dbunit.dataset.AbstractDataSet  - The table name map has already been initialized.
171529 [main] DEBUG org.dbunit.dataset.OrderedTableNameMap  - getTableName(tableName=ScopedContentConditions_ScopedContent) - start
171529 [main] DEBUG org.dbunit.dataset.OrderedTableNameMap  - getTableName(tableName=ScopedContentConditions_ScopedContent) - end - result=SCOPEDCONTENTCONDITIONS_SCOPEDCONTENT
171529 [main] DEBUG org.dbunit.dataset.filter.SequenceTableIterator  - next() - start
171529 [main] DEBUG org.dbunit.dataset.filter.SequenceTableIterator  - getTableMetaData() - start
171529 [main] DEBUG org.dbunit.dataset.AbstractDataSet  - getTableMetaData(tableName=ScopedContentItem) - start
171529 [main] DEBUG org.dbunit.dataset.AbstractDataSet  - getTable(tableName=ScopedContentItem) - start
171529 [main] DEBUG org.dbunit.dataset.AbstractDataSet  - initialize() - start
171529 [main] DEBUG org.dbunit.dataset.AbstractDataSet  - The table name map has already been initialized.
171529 [main] DEBUG org.dbunit.dataset.OrderedTableNameMap  - getTableName(tableName=ScopedContentItem) - start
171529 [main] DEBUG org.dbunit.dataset.OrderedTableNameMap  - getTableName(tableName=ScopedContentItem) - end - result=SCOPEDCONTENTITEM
171529 [main] DEBUG org.dbunit.dataset.filter.SequenceTableIterator  - next() - start
171529 [main] DEBUG org.dbunit.dataset.filter.SequenceTableIterator  - getTableMetaData() - start
171529 [main] DEBUG org.dbunit.dataset.AbstractDataSet  - getTableMetaData(tableName=ScopedContentConditions_ScopedContentItem) - start
171529 [main] DEBUG org.dbunit.dataset.AbstractDataSet  - getTable(tableName=ScopedContentConditions_ScopedContentItem) - start
171529 [main] DEBUG org.dbunit.dataset.AbstractDataSet  - initialize() - start
171529 [main] DEBUG org.dbunit.dataset.AbstractDataSet  - The table name map has already been initialized.
171529 [main] DEBUG org.dbunit.dataset.OrderedTableNameMap  - getTableName(tableName=ScopedContentConditions_ScopedContentItem) - start
171529 [main] DEBUG org.dbunit.dataset.OrderedTableNameMap  - getTableName(tableName=ScopedContentConditions_ScopedContentItem) - end - result=SCOPEDCONTENTCONDITIONS_SCOPEDCONTENTITEM
171529 [main] DEBUG org.dbunit.dataset.filter.SequenceTableIterator  - next() - start
171529 [main] DEBUG org.dbunit.dataset.filter.SequenceTableIterator  - getTableMetaData() - start
171529 [main] DEBUG org.dbunit.dataset.AbstractDataSet  - getTableMetaData(tableName=ScopedContent_ScopedContentItem) - start
171529 [main] DEBUG org.dbunit.dataset.AbstractDataSet  - getTable(tableName=ScopedContent_ScopedContentItem) - start
171529 [main] DEBUG org.dbunit.dataset.AbstractDataSet  - initialize() - start
171529 [main] DEBUG org.dbunit.dataset.AbstractDataSet  - The table name map has already been initialized.
171529 [main] DEBUG org.dbunit.dataset.OrderedTableNameMap  - getTableName(tableName=ScopedContent_ScopedContentItem) - start
171529 [main] DEBUG org.dbunit.dataset.OrderedTableNameMap  - getTableName(tableName=ScopedContent_ScopedContentItem) - end - result=SCOPEDCONTENT_SCOPEDCONTENTITEM
171529 [main] DEBUG org.dbunit.dataset.filter.SequenceTableIterator  - next() - start
171530 [main] DEBUG org.dbunit.dataset.filter.SequenceTableIterator  - getTableMetaData() - start
171530 [main] DEBUG org.dbunit.dataset.AbstractDataSet  - getTableMetaData(tableName=Scope_RequestContext) - start
171530 [main] DEBUG org.dbunit.dataset.AbstractDataSet  - getTable(tableName=Scope_RequestContext) - start
171530 [main] DEBUG org.dbunit.dataset.AbstractDataSet  - initialize() - start
171530 [main] DEBUG org.dbunit.dataset.AbstractDataSet  - The table name map has already been initialized.
171530 [main] DEBUG org.dbunit.dataset.OrderedTableNameMap  - getTableName(tableName=Scope_RequestContext) - start
171530 [main] DEBUG org.dbunit.dataset.OrderedTableNameMap  - getTableName(tableName=Scope_RequestContext) - end - result=SCOPE_REQUESTCONTEXT
171530 [main] DEBUG org.dbunit.dataset.filter.SequenceTableIterator  - next() - start
171530 [main] DEBUG org.dbunit.dataset.filter.SequenceTableIterator  - getTableMetaData() - start
171530 [main] DEBUG org.dbunit.dataset.AbstractDataSet  - getTableMetaData(tableName=User) - start
171530 [main] DEBUG org.dbunit.dataset.AbstractDataSet  - getTable(tableName=User) - start
171530 [main] DEBUG org.dbunit.dataset.AbstractDataSet  - initialize() - start
171530 [main] DEBUG org.dbunit.dataset.AbstractDataSet  - The table name map has already been initialized.
171530 [main] DEBUG org.dbunit.dataset.OrderedTableNameMap  - getTableName(tableName=User) - start
171530 [main] DEBUG org.dbunit.dataset.OrderedTableNameMap  - getTableName(tableName=User) - end - result=USER
171530 [main] DEBUG org.dbunit.dataset.filter.SequenceTableIterator  - next() - start
171530 [main] DEBUG org.dbunit.dataset.filter.SequenceTableIterator  - getTableMetaData() - start
171530 [main] DEBUG org.dbunit.dataset.AbstractDataSet  - getTableMetaData(tableName=Users_Authorities) - start
171530 [main] DEBUG org.dbunit.dataset.AbstractDataSet  - getTable(tableName=Users_Authorities) - start
171530 [main] DEBUG org.dbunit.dataset.AbstractDataSet  - initialize() - start
171530 [main] DEBUG org.dbunit.dataset.AbstractDataSet  - The table name map has already been initialized.
171530 [main] DEBUG org.dbunit.dataset.OrderedTableNameMap  - getTableName(tableName=Users_Authorities) - start
171530 [main] DEBUG org.dbunit.dataset.OrderedTableNameMap  - getTableName(tableName=Users_Authorities) - end - result=USERS_AUTHORITIES
171530 [main] DEBUG org.dbunit.dataset.filter.SequenceTableIterator  - next() - start
171530 [main] DEBUG org.dbunit.database.DatabaseDataSet  - getTableMetaData(tableName=Users_Authorities) - start
171530 [main] DEBUG org.dbunit.database.DatabaseDataSet  - initialize() - start
171530 [main] DEBUG org.dbunit.dataset.OrderedTableNameMap  - getTableName(tableName=Users_Authorities) - start
171530 [main] DEBUG org.dbunit.dataset.OrderedTableNameMap  - getTableName(tableName=Users_Authorities) - end - result=USERS_AUTHORITIES
171530 [main] DEBUG org.dbunit.dataset.OrderedTableNameMap  - getTableName(tableName=Users_Authorities) - start
171531 [main] DEBUG org.dbunit.dataset.OrderedTableNameMap  - getTableName(tableName=Users_Authorities) - end - result=USERS_AUTHORITIES
171531 [main] DEBUG org.dbunit.operation.AbstractOperation  - getQualifiedName(prefix=null, name=USERS_AUTHORITIES, connection=_databaseConfig=org.dbunit.database.DatabaseConfig[, _propertyMap={http://www.dbunit.org/properties/statementFactory=org.dbunit.database.statement.PreparedStatementFactory@626bc2b8, http://www.dbunit.org/features/caseSensitiveTableNames=false, http://www.dbunit.org/properties/fetchSize=100, http://www.dbunit.org/features/batchedStatements=false, http://www.dbunit.org/properties/metadataHandler=org.dbunit.database.DefaultMetadataHandler@62baffef, http://www.dbunit.org/properties/datatypeFactory=org.dbunit.dataset.datatype.DefaultDataTypeFactory[_toleratedDeltaMap=org.dbunit.dataset.datatype.ToleratedDeltaMap@6452310a], http://www.dbunit.org/properties/escapePattern=null, http://www.dbunit.org/properties/batchSize=100, http://www.dbunit.org/features/qualifiedTableNames=false, http://www.dbunit.org/properties/tableType=[Ljava.lang.String;@5011bafa, http://www.dbunit.org/properties/resultSetTableFactory=org.dbunit.database.CachedResultSetTableFactory@10bcf083, http://www.dbunit.org/features/datatypeWarning=true}], _dataSet=AbstractDataSet[_orderedTableNameMap=null]) - start
171531 [main] TRACE org.dbunit.database.DatabaseConfig  - getProperty(name=http://www.dbunit.org/properties/escapePattern) - start
171531 [main] DEBUG org.dbunit.util.QualifiedTableName  - getQualifiedName() - start
171531 [main] DEBUG org.dbunit.util.QualifiedTableName  - getQualifiedName(prefix=null, name=USERS_AUTHORITIES, escapePattern=null) - start
171531 [main] DEBUG org.dbunit.database.statement.SimpleStatement  - addBatch(sql=delete from USERS_AUTHORITIES) - start
171531 [main] DEBUG org.dbunit.operation.DeleteAllOperation  - Added SQL: delete from USERS_AUTHORITIES
171531 [main] DEBUG org.dbunit.database.DatabaseDataSet  - getTableMetaData(tableName=User) - start
171531 [main] DEBUG org.dbunit.database.DatabaseDataSet  - initialize() - start
171531 [main] DEBUG org.dbunit.dataset.OrderedTableNameMap  - getTableName(tableName=User) - start
171531 [main] DEBUG org.dbunit.dataset.OrderedTableNameMap  - getTableName(tableName=User) - end - result=USER
171531 [main] DEBUG org.dbunit.dataset.OrderedTableNameMap  - getTableName(tableName=User) - start
171531 [main] DEBUG org.dbunit.dataset.OrderedTableNameMap  - getTableName(tableName=User) - end - result=USER
171531 [main] DEBUG org.dbunit.operation.AbstractOperation  - getQualifiedName(prefix=null, name=USER, connection=_databaseConfig=org.dbunit.database.DatabaseConfig[, _propertyMap={http://www.dbunit.org/properties/statementFactory=org.dbunit.database.statement.PreparedStatementFactory@626bc2b8, http://www.dbunit.org/features/caseSensitiveTableNames=false, http://www.dbunit.org/properties/fetchSize=100, http://www.dbunit.org/features/batchedStatements=false, http://www.dbunit.org/properties/metadataHandler=org.dbunit.database.DefaultMetadataHandler@62baffef, http://www.dbunit.org/properties/datatypeFactory=org.dbunit.dataset.datatype.DefaultDataTypeFactory[_toleratedDeltaMap=org.dbunit.dataset.datatype.ToleratedDeltaMap@6452310a], http://www.dbunit.org/properties/escapePattern=null, http://www.dbunit.org/properties/batchSize=100, http://www.dbunit.org/features/qualifiedTableNames=false, http://www.dbunit.org/properties/tableType=[Ljava.lang.String;@5011bafa, http://www.dbunit.org/properties/resultSetTableFactory=org.dbunit.database.CachedResultSetTableFactory@10bcf083, http://www.dbunit.org/features/datatypeWarning=true}], _dataSet=AbstractDataSet[_orderedTableNameMap=null]) - start
171531 [main] TRACE org.dbunit.database.DatabaseConfig  - getProperty(name=http://www.dbunit.org/properties/escapePattern) - start
171531 [main] DEBUG org.dbunit.util.QualifiedTableName  - getQualifiedName() - start
171531 [main] DEBUG org.dbunit.util.QualifiedTableName  - getQualifiedName(prefix=null, name=USER, escapePattern=null) - start
171531 [main] DEBUG org.dbunit.database.statement.SimpleStatement  - addBatch(sql=delete from USER) - start
171531 [main] DEBUG org.dbunit.operation.DeleteAllOperation  - Added SQL: delete from USER
171531 [main] DEBUG org.dbunit.database.DatabaseDataSet  - getTableMetaData(tableName=Scope_RequestContext) - start
171531 [main] DEBUG org.dbunit.database.DatabaseDataSet  - initialize() - start
171531 [main] DEBUG org.dbunit.dataset.OrderedTableNameMap  - getTableName(tableName=Scope_RequestContext) - start
171531 [main] DEBUG org.dbunit.dataset.OrderedTableNameMap  - getTableName(tableName=Scope_RequestContext) - end - result=SCOPE_REQUESTCONTEXT
171531 [main] DEBUG org.dbunit.dataset.OrderedTableNameMap  - getTableName(tableName=Scope_RequestContext) - start
171532 [main] DEBUG org.dbunit.dataset.OrderedTableNameMap  - getTableName(tableName=Scope_RequestContext) - end - result=SCOPE_REQUESTCONTEXT
171532 [main] DEBUG org.dbunit.operation.AbstractOperation  - getQualifiedName(prefix=null, name=SCOPE_REQUESTCONTEXT, connection=_databaseConfig=org.dbunit.database.DatabaseConfig[, _propertyMap={http://www.dbunit.org/properties/statementFactory=org.dbunit.database.statement.PreparedStatementFactory@626bc2b8, http://www.dbunit.org/features/caseSensitiveTableNames=false, http://www.dbunit.org/properties/fetchSize=100, http://www.dbunit.org/features/batchedStatements=false, http://www.dbunit.org/properties/metadataHandler=org.dbunit.database.DefaultMetadataHandler@62baffef, http://www.dbunit.org/properties/datatypeFactory=org.dbunit.dataset.datatype.DefaultDataTypeFactory[_toleratedDeltaMap=org.dbunit.dataset.datatype.ToleratedDeltaMap@6452310a], http://www.dbunit.org/properties/escapePattern=null, http://www.dbunit.org/properties/batchSize=100, http://www.dbunit.org/features/qualifiedTableNames=false, http://www.dbunit.org/properties/tableType=[Ljava.lang.String;@5011bafa, http://www.dbunit.org/properties/resultSetTableFactory=org.dbunit.database.CachedResultSetTableFactory@10bcf083, http://www.dbunit.org/features/datatypeWarning=true}], _dataSet=AbstractDataSet[_orderedTableNameMap=null]) - start
171532 [main] TRACE org.dbunit.database.DatabaseConfig  - getProperty(name=http://www.dbunit.org/properties/escapePattern) - start
171532 [main] DEBUG org.dbunit.util.QualifiedTableName  - getQualifiedName() - start
171532 [main] DEBUG org.dbunit.util.QualifiedTableName  - getQualifiedName(prefix=null, name=SCOPE_REQUESTCONTEXT, escapePattern=null) - start
171532 [main] DEBUG org.dbunit.database.statement.SimpleStatement  - addBatch(sql=delete from SCOPE_REQUESTCONTEXT) - start
171532 [main] DEBUG org.dbunit.operation.DeleteAllOperation  - Added SQL: delete from SCOPE_REQUESTCONTEXT
171532 [main] DEBUG org.dbunit.database.DatabaseDataSet  - getTableMetaData(tableName=ScopedContent_ScopedContentItem) - start
171532 [main] DEBUG org.dbunit.database.DatabaseDataSet  - initialize() - start
171532 [main] DEBUG org.dbunit.dataset.OrderedTableNameMap  - getTableName(tableName=ScopedContent_ScopedContentItem) - start
171532 [main] DEBUG org.dbunit.dataset.OrderedTableNameMap  - getTableName(tableName=ScopedContent_ScopedContentItem) - end - result=SCOPEDCONTENT_SCOPEDCONTENTITEM
171532 [main] DEBUG org.dbunit.dataset.OrderedTableNameMap  - getTableName(tableName=ScopedContent_ScopedContentItem) - start
171532 [main] DEBUG org.dbunit.dataset.OrderedTableNameMap  - getTableName(tableName=ScopedContent_ScopedContentItem) - end - result=SCOPEDCONTENT_SCOPEDCONTENTITEM
171532 [main] DEBUG org.dbunit.operation.AbstractOperation  - getQualifiedName(prefix=null, name=SCOPEDCONTENT_SCOPEDCONTENTITEM, connection=_databaseConfig=org.dbunit.database.DatabaseConfig[, _propertyMap={http://www.dbunit.org/properties/statementFactory=org.dbunit.database.statement.PreparedStatementFactory@626bc2b8, http://www.dbunit.org/features/caseSensitiveTableNames=false, http://www.dbunit.org/properties/fetchSize=100, http://www.dbunit.org/features/batchedStatements=false, http://www.dbunit.org/properties/metadataHandler=org.dbunit.database.DefaultMetadataHandler@62baffef, http://www.dbunit.org/properties/datatypeFactory=org.dbunit.dataset.datatype.DefaultDataTypeFactory[_toleratedDeltaMap=org.dbunit.dataset.datatype.ToleratedDeltaMap@6452310a], http://www.dbunit.org/properties/escapePattern=null, http://www.dbunit.org/properties/batchSize=100, http://www.dbunit.org/features/qualifiedTableNames=false, http://www.dbunit.org/properties/tableType=[Ljava.lang.String;@5011bafa, http://www.dbunit.org/properties/resultSetTableFactory=org.dbunit.database.CachedResultSetTableFactory@10bcf083, http://www.dbunit.org/features/datatypeWarning=true}], _dataSet=AbstractDataSet[_orderedTableNameMap=null]) - start
171532 [main] TRACE org.dbunit.database.DatabaseConfig  - getProperty(name=http://www.dbunit.org/properties/escapePattern) - start
171532 [main] DEBUG org.dbunit.util.QualifiedTableName  - getQualifiedName() - start
171532 [main] DEBUG org.dbunit.util.QualifiedTableName  - getQualifiedName(prefix=null, name=SCOPEDCONTENT_SCOPEDCONTENTITEM, escapePattern=null) - start
171532 [main] DEBUG org.dbunit.database.statement.SimpleStatement  - addBatch(sql=delete from SCOPEDCONTENT_SCOPEDCONTENTITEM) - start
171532 [main] DEBUG org.dbunit.operation.DeleteAllOperation  - Added SQL: delete from SCOPEDCONTENT_SCOPEDCONTENTITEM
171532 [main] DEBUG org.dbunit.database.DatabaseDataSet  - getTableMetaData(tableName=ScopedContentConditions_ScopedContentItem) - start
171532 [main] DEBUG org.dbunit.database.DatabaseDataSet  - initialize() - start
171532 [main] DEBUG org.dbunit.dataset.OrderedTableNameMap  - getTableName(tableName=ScopedContentConditions_ScopedContentItem) - start
171532 [main] DEBUG org.dbunit.dataset.OrderedTableNameMap  - getTableName(tableName=ScopedContentConditions_ScopedContentItem) - end - result=SCOPEDCONTENTCONDITIONS_SCOPEDCONTENTITEM
171532 [main] DEBUG org.dbunit.dataset.OrderedTableNameMap  - getTableName(tableName=ScopedContentConditions_ScopedContentItem) - start
171532 [main] DEBUG org.dbunit.dataset.OrderedTableNameMap  - getTableName(tableName=ScopedContentConditions_ScopedContentItem) - end - result=SCOPEDCONTENTCONDITIONS_SCOPEDCONTENTITEM
171533 [main] DEBUG org.dbunit.operation.AbstractOperation  - getQualifiedName(prefix=null, name=SCOPEDCONTENTCONDITIONS_SCOPEDCONTENTITEM, connection=_databaseConfig=org.dbunit.database.DatabaseConfig[, _propertyMap={http://www.dbunit.org/properties/statementFactory=org.dbunit.database.statement.PreparedStatementFactory@626bc2b8, http://www.dbunit.org/features/caseSensitiveTableNames=false, http://www.dbunit.org/properties/fetchSize=100, http://www.dbunit.org/features/batchedStatements=false, http://www.dbunit.org/properties/metadataHandler=org.dbunit.database.DefaultMetadataHandler@62baffef, http://www.dbunit.org/properties/datatypeFactory=org.dbunit.dataset.datatype.DefaultDataTypeFactory[_toleratedDeltaMap=org.dbunit.dataset.datatype.ToleratedDeltaMap@6452310a], http://www.dbunit.org/properties/escapePattern=null, http://www.dbunit.org/properties/batchSize=100, http://www.dbunit.org/features/qualifiedTableNames=false, http://www.dbunit.org/properties/tableType=[Ljava.lang.String;@5011bafa, http://www.dbunit.org/properties/resultSetTableFactory=org.dbunit.database.CachedResultSetTableFactory@10bcf083, http://www.dbunit.org/features/datatypeWarning=true}], _dataSet=AbstractDataSet[_orderedTableNameMap=null]) - start
171533 [main] TRACE org.dbunit.database.DatabaseConfig  - getProperty(name=http://www.dbunit.org/properties/escapePattern) - start
171533 [main] DEBUG org.dbunit.util.QualifiedTableName  - getQualifiedName() - start
171533 [main] DEBUG org.dbunit.util.QualifiedTableName  - getQualifiedName(prefix=null, name=SCOPEDCONTENTCONDITIONS_SCOPEDCONTENTITEM, escapePattern=null) - start
171533 [main] DEBUG org.dbunit.database.statement.SimpleStatement  - addBatch(sql=delete from SCOPEDCONTENTCONDITIONS_SCOPEDCONTENTITEM) - start
171533 [main] DEBUG org.dbunit.operation.DeleteAllOperation  - Added SQL: delete from SCOPEDCONTENTCONDITIONS_SCOPEDCONTENTITEM
171533 [main] DEBUG org.dbunit.database.DatabaseDataSet  - getTableMetaData(tableName=ScopedContentItem) - start
171533 [main] DEBUG org.dbunit.database.DatabaseDataSet  - initialize() - start
171533 [main] DEBUG org.dbunit.dataset.OrderedTableNameMap  - getTableName(tableName=ScopedContentItem) - start
171533 [main] DEBUG org.dbunit.dataset.OrderedTableNameMap  - getTableName(tableName=ScopedContentItem) - end - result=SCOPEDCONTENTITEM
171533 [main] DEBUG org.dbunit.dataset.OrderedTableNameMap  - getTableName(tableName=ScopedContentItem) - start
171533 [main] DEBUG org.dbunit.dataset.OrderedTableNameMap  - getTableName(tableName=ScopedContentItem) - end - result=SCOPEDCONTENTITEM
171533 [main] DEBUG org.dbunit.operation.AbstractOperation  - getQualifiedName(prefix=null, name=SCOPEDCONTENTITEM, connection=_databaseConfig=org.dbunit.database.DatabaseConfig[, _propertyMap={http://www.dbunit.org/properties/statementFactory=org.dbunit.database.statement.PreparedStatementFactory@626bc2b8, http://www.dbunit.org/features/caseSensitiveTableNames=false, http://www.dbunit.org/properties/fetchSize=100, http://www.dbunit.org/features/batchedStatements=false, http://www.dbunit.org/properties/metadataHandler=org.dbunit.database.DefaultMetadataHandler@62baffef, http://www.dbunit.org/properties/datatypeFactory=org.dbunit.dataset.datatype.DefaultDataTypeFactory[_toleratedDeltaMap=org.dbunit.dataset.datatype.ToleratedDeltaMap@6452310a], http://www.dbunit.org/properties/escapePattern=null, http://www.dbunit.org/properties/batchSize=100, http://www.dbunit.org/features/qualifiedTableNames=false, http://www.dbunit.org/properties/tableType=[Ljava.lang.String;@5011bafa, http://www.dbunit.org/properties/resultSetTableFactory=org.dbunit.database.CachedResultSetTableFactory@10bcf083, http://www.dbunit.org/features/datatypeWarning=true}], _dataSet=AbstractDataSet[_orderedTableNameMap=null]) - start
171533 [main] TRACE org.dbunit.database.DatabaseConfig  - getProperty(name=http://www.dbunit.org/properties/escapePattern) - start
171533 [main] DEBUG org.dbunit.util.QualifiedTableName  - getQualifiedName() - start
171533 [main] DEBUG org.dbunit.util.QualifiedTableName  - getQualifiedName(prefix=null, name=SCOPEDCONTENTITEM, escapePattern=null) - start
171533 [main] DEBUG org.dbunit.database.statement.SimpleStatement  - addBatch(sql=delete from SCOPEDCONTENTITEM) - start
171533 [main] DEBUG org.dbunit.operation.DeleteAllOperation  - Added SQL: delete from SCOPEDCONTENTITEM
171533 [main] DEBUG org.dbunit.database.DatabaseDataSet  - getTableMetaData(tableName=ScopedContentConditions_ScopedContent) - start
171533 [main] DEBUG org.dbunit.database.DatabaseDataSet  - initialize() - start
171533 [main] DEBUG org.dbunit.dataset.OrderedTableNameMap  - getTableName(tableName=ScopedContentConditions_ScopedContent) - start
171533 [main] DEBUG org.dbunit.dataset.OrderedTableNameMap  - getTableName(tableName=ScopedContentConditions_ScopedContent) - end - result=SCOPEDCONTENTCONDITIONS_SCOPEDCONTENT
171533 [main] DEBUG org.dbunit.dataset.OrderedTableNameMap  - getTableName(tableName=ScopedContentConditions_ScopedContent) - start
171533 [main] DEBUG org.dbunit.dataset.OrderedTableNameMap  - getTableName(tableName=ScopedContentConditions_ScopedContent) - end - result=SCOPEDCONTENTCONDITIONS_SCOPEDCONTENT
171533 [main] DEBUG org.dbunit.operation.AbstractOperation  - getQualifiedName(prefix=null, name=SCOPEDCONTENTCONDITIONS_SCOPEDCONTENT, connection=_databaseConfig=org.dbunit.database.DatabaseConfig[, _propertyMap={http://www.dbunit.org/properties/statementFactory=org.dbunit.database.statement.PreparedStatementFactory@626bc2b8, http://www.dbunit.org/features/caseSensitiveTableNames=false, http://www.dbunit.org/properties/fetchSize=100, http://www.dbunit.org/features/batchedStatements=false, http://www.dbunit.org/properties/metadataHandler=org.dbunit.database.DefaultMetadataHandler@62baffef, http://www.dbunit.org/properties/datatypeFactory=org.dbunit.dataset.datatype.DefaultDataTypeFactory[_toleratedDeltaMap=org.dbunit.dataset.datatype.ToleratedDeltaMap@6452310a], http://www.dbunit.org/properties/escapePattern=null, http://www.dbunit.org/properties/batchSize=100, http://www.dbunit.org/features/qualifiedTableNames=false, http://www.dbunit.org/properties/tableType=[Ljava.lang.String;@5011bafa, http://www.dbunit.org/properties/resultSetTableFactory=org.dbunit.database.CachedResultSetTableFactory@10bcf083, http://www.dbunit.org/features/datatypeWarning=true}], _dataSet=AbstractDataSet[_orderedTableNameMap=null]) - start
171534 [main] TRACE org.dbunit.database.DatabaseConfig  - getProperty(name=http://www.dbunit.org/properties/escapePattern) - start
171534 [main] DEBUG org.dbunit.util.QualifiedTableName  - getQualifiedName() - start
171534 [main] DEBUG org.dbunit.util.QualifiedTableName  - getQualifiedName(prefix=null, name=SCOPEDCONTENTCONDITIONS_SCOPEDCONTENT, escapePattern=null) - start
171534 [main] DEBUG org.dbunit.database.statement.SimpleStatement  - addBatch(sql=delete from SCOPEDCONTENTCONDITIONS_SCOPEDCONTENT) - start
171534 [main] DEBUG org.dbunit.operation.DeleteAllOperation  - Added SQL: delete from SCOPEDCONTENTCONDITIONS_SCOPEDCONTENT
171534 [main] DEBUG org.dbunit.database.DatabaseDataSet  - getTableMetaData(tableName=ScopedContentConditionAttribute) - start
171534 [main] DEBUG org.dbunit.database.DatabaseDataSet  - initialize() - start
171534 [main] DEBUG org.dbunit.dataset.OrderedTableNameMap  - getTableName(tableName=ScopedContentConditionAttribute) - start
171534 [main] DEBUG org.dbunit.dataset.OrderedTableNameMap  - getTableName(tableName=ScopedContentConditionAttribute) - end - result=SCOPEDCONTENTCONDITIONATTRIBUTE
171534 [main] DEBUG org.dbunit.dataset.OrderedTableNameMap  - getTableName(tableName=ScopedContentConditionAttribute) - start
171534 [main] DEBUG org.dbunit.dataset.OrderedTableNameMap  - getTableName(tableName=ScopedContentConditionAttribute) - end - result=SCOPEDCONTENTCONDITIONATTRIBUTE
171534 [main] DEBUG org.dbunit.operation.AbstractOperation  - getQualifiedName(prefix=null, name=SCOPEDCONTENTCONDITIONATTRIBUTE, connection=_databaseConfig=org.dbunit.database.DatabaseConfig[, _propertyMap={http://www.dbunit.org/properties/statementFactory=org.dbunit.database.statement.PreparedStatementFactory@626bc2b8, http://www.dbunit.org/features/caseSensitiveTableNames=false, http://www.dbunit.org/properties/fetchSize=100, http://www.dbunit.org/features/batchedStatements=false, http://www.dbunit.org/properties/metadataHandler=org.dbunit.database.DefaultMetadataHandler@62baffef, http://www.dbunit.org/properties/datatypeFactory=org.dbunit.dataset.datatype.DefaultDataTypeFactory[_toleratedDeltaMap=org.dbunit.dataset.datatype.ToleratedDeltaMap@6452310a], http://www.dbunit.org/properties/escapePattern=null, http://www.dbunit.org/properties/batchSize=100, http://www.dbunit.org/features/qualifiedTableNames=false, http://www.dbunit.org/properties/tableType=[Ljava.lang.String;@5011bafa, http://www.dbunit.org/properties/resultSetTableFactory=org.dbunit.database.CachedResultSetTableFactory@10bcf083, http://www.dbunit.org/features/datatypeWarning=true}], _dataSet=AbstractDataSet[_orderedTableNameMap=null]) - start
171534 [main] TRACE org.dbunit.database.DatabaseConfig  - getProperty(name=http://www.dbunit.org/properties/escapePattern) - start
171534 [main] DEBUG org.dbunit.util.QualifiedTableName  - getQualifiedName() - start
171534 [main] DEBUG org.dbunit.util.QualifiedTableName  - getQualifiedName(prefix=null, name=SCOPEDCONTENTCONDITIONATTRIBUTE, escapePattern=null) - start
171534 [main] DEBUG org.dbunit.database.statement.SimpleStatement  - addBatch(sql=delete from SCOPEDCONTENTCONDITIONATTRIBUTE) - start
171534 [main] DEBUG org.dbunit.operation.DeleteAllOperation  - Added SQL: delete from SCOPEDCONTENTCONDITIONATTRIBUTE
171534 [main] DEBUG org.dbunit.database.DatabaseDataSet  - getTableMetaData(tableName=ScopedContent) - start
171534 [main] DEBUG org.dbunit.database.DatabaseDataSet  - initialize() - start
171534 [main] DEBUG org.dbunit.dataset.OrderedTableNameMap  - getTableName(tableName=ScopedContent) - start
171534 [main] DEBUG org.dbunit.dataset.OrderedTableNameMap  - getTableName(tableName=ScopedContent) - end - result=SCOPEDCONTENT
171534 [main] DEBUG org.dbunit.dataset.OrderedTableNameMap  - getTableName(tableName=ScopedContent) - start
171534 [main] DEBUG org.dbunit.dataset.OrderedTableNameMap  - getTableName(tableName=ScopedContent) - end - result=SCOPEDCONTENT
171534 [main] DEBUG org.dbunit.operation.AbstractOperation  - getQualifiedName(prefix=null, name=SCOPEDCONTENT, connection=_databaseConfig=org.dbunit.database.DatabaseConfig[, _propertyMap={http://www.dbunit.org/properties/statementFactory=org.dbunit.database.statement.PreparedStatementFactory@626bc2b8, http://www.dbunit.org/features/caseSensitiveTableNames=false, http://www.dbunit.org/properties/fetchSize=100, http://www.dbunit.org/features/batchedStatements=false, http://www.dbunit.org/properties/metadataHandler=org.dbunit.database.DefaultMetadataHandler@62baffef, http://www.dbunit.org/properties/datatypeFactory=org.dbunit.dataset.datatype.DefaultDataTypeFactory[_toleratedDeltaMap=org.dbunit.dataset.datatype.ToleratedDeltaMap@6452310a], http://www.dbunit.org/properties/escapePattern=null, http://www.dbunit.org/properties/batchSize=100, http://www.dbunit.org/features/qualifiedTableNames=false, http://www.dbunit.org/properties/tableType=[Ljava.lang.String;@5011bafa, http://www.dbunit.org/properties/resultSetTableFactory=org.dbunit.database.CachedResultSetTableFactory@10bcf083, http://www.dbunit.org/features/datatypeWarning=true}], _dataSet=AbstractDataSet[_orderedTableNameMap=null]) - start
171534 [main] TRACE org.dbunit.database.DatabaseConfig  - getProperty(name=http://www.dbunit.org/properties/escapePattern) - start
171534 [main] DEBUG org.dbunit.util.QualifiedTableName  - getQualifiedName() - start
171535 [main] DEBUG org.dbunit.util.QualifiedTableName  - getQualifiedName(prefix=null, name=SCOPEDCONTENT, escapePattern=null) - start
171535 [main] DEBUG org.dbunit.database.statement.SimpleStatement  - addBatch(sql=delete from SCOPEDCONTENT) - start
171535 [main] DEBUG org.dbunit.operation.DeleteAllOperation  - Added SQL: delete from SCOPEDCONTENT
171535 [main] DEBUG org.dbunit.database.DatabaseDataSet  - getTableMetaData(tableName=Scope) - start
171535 [main] DEBUG org.dbunit.database.DatabaseDataSet  - initialize() - start
171535 [main] DEBUG org.dbunit.dataset.OrderedTableNameMap  - getTableName(tableName=Scope) - start
171535 [main] DEBUG org.dbunit.dataset.OrderedTableNameMap  - getTableName(tableName=Scope) - end - result=SCOPE
171535 [main] DEBUG org.dbunit.dataset.OrderedTableNameMap  - getTableName(tableName=Scope) - start
171535 [main] DEBUG org.dbunit.dataset.OrderedTableNameMap  - getTableName(tableName=Scope) - end - result=SCOPE
171535 [main] DEBUG org.dbunit.operation.AbstractOperation  - getQualifiedName(prefix=null, name=SCOPE, connection=_databaseConfig=org.dbunit.database.DatabaseConfig[, _propertyMap={http://www.dbunit.org/properties/statementFactory=org.dbunit.database.statement.PreparedStatementFactory@626bc2b8, http://www.dbunit.org/features/caseSensitiveTableNames=false, http://www.dbunit.org/properties/fetchSize=100, http://www.dbunit.org/features/batchedStatements=false, http://www.dbunit.org/properties/metadataHandler=org.dbunit.database.DefaultMetadataHandler@62baffef, http://www.dbunit.org/properties/datatypeFactory=org.dbunit.dataset.datatype.DefaultDataTypeFactory[_toleratedDeltaMap=org.dbunit.dataset.datatype.ToleratedDeltaMap@6452310a], http://www.dbunit.org/properties/escapePattern=null, http://www.dbunit.org/properties/batchSize=100, http://www.dbunit.org/features/qualifiedTableNames=false, http://www.dbunit.org/properties/tableType=[Ljava.lang.String;@5011bafa, http://www.dbunit.org/properties/resultSetTableFactory=org.dbunit.database.CachedResultSetTableFactory@10bcf083, http://www.dbunit.org/features/datatypeWarning=true}], _dataSet=AbstractDataSet[_orderedTableNameMap=null]) - start
171535 [main] TRACE org.dbunit.database.DatabaseConfig  - getProperty(name=http://www.dbunit.org/properties/escapePattern) - start
171535 [main] DEBUG org.dbunit.util.QualifiedTableName  - getQualifiedName() - start
171535 [main] DEBUG org.dbunit.util.QualifiedTableName  - getQualifiedName(prefix=null, name=SCOPE, escapePattern=null) - start
171535 [main] DEBUG org.dbunit.database.statement.SimpleStatement  - addBatch(sql=delete from SCOPE) - start
171535 [main] DEBUG org.dbunit.operation.DeleteAllOperation  - Added SQL: delete from SCOPE
171535 [main] DEBUG org.dbunit.database.DatabaseDataSet  - getTableMetaData(tableName=RequestContext) - start
171535 [main] DEBUG org.dbunit.database.DatabaseDataSet  - initialize() - start
171535 [main] DEBUG org.dbunit.dataset.OrderedTableNameMap  - getTableName(tableName=RequestContext) - start
171535 [main] DEBUG org.dbunit.dataset.OrderedTableNameMap  - getTableName(tableName=RequestContext) - end - result=REQUESTCONTEXT
171535 [main] DEBUG org.dbunit.dataset.OrderedTableNameMap  - getTableName(tableName=RequestContext) - start
171535 [main] DEBUG org.dbunit.dataset.OrderedTableNameMap  - getTableName(tableName=RequestContext) - end - result=REQUESTCONTEXT
171535 [main] DEBUG org.dbunit.operation.AbstractOperation  - getQualifiedName(prefix=null, name=REQUESTCONTEXT, connection=_databaseConfig=org.dbunit.database.DatabaseConfig[, _propertyMap={http://www.dbunit.org/properties/statementFactory=org.dbunit.database.statement.PreparedStatementFactory@626bc2b8, http://www.dbunit.org/features/caseSensitiveTableNames=false, http://www.dbunit.org/properties/fetchSize=100, http://www.dbunit.org/features/batchedStatements=false, http://www.dbunit.org/properties/metadataHandler=org.dbunit.database.DefaultMetadataHandler@62baffef, http://www.dbunit.org/properties/datatypeFactory=org.dbunit.dataset.datatype.DefaultDataTypeFactory[_toleratedDeltaMap=org.dbunit.dataset.datatype.ToleratedDeltaMap@6452310a], http://www.dbunit.org/properties/escapePattern=null, http://www.dbunit.org/properties/batchSize=100, http://www.dbunit.org/features/qualifiedTableNames=false, http://www.dbunit.org/properties/tableType=[Ljava.lang.String;@5011bafa, http://www.dbunit.org/properties/resultSetTableFactory=org.dbunit.database.CachedResultSetTableFactory@10bcf083, http://www.dbunit.org/features/datatypeWarning=true}], _dataSet=AbstractDataSet[_orderedTableNameMap=null]) - start
171535 [main] TRACE org.dbunit.database.DatabaseConfig  - getProperty(name=http://www.dbunit.org/properties/escapePattern) - start
171535 [main] DEBUG org.dbunit.util.QualifiedTableName  - getQualifiedName() - start
171535 [main] DEBUG org.dbunit.util.QualifiedTableName  - getQualifiedName(prefix=null, name=REQUESTCONTEXT, escapePattern=null) - start
171535 [main] DEBUG org.dbunit.database.statement.SimpleStatement  - addBatch(sql=delete from REQUESTCONTEXT) - start
171536 [main] DEBUG org.dbunit.operation.DeleteAllOperation  - Added SQL: delete from REQUESTCONTEXT
171536 [main] DEBUG org.dbunit.database.DatabaseDataSet  - getTableMetaData(tableName=NestedScopedContentConditions) - start
171536 [main] DEBUG org.dbunit.database.DatabaseDataSet  - initialize() - start
171536 [main] DEBUG org.dbunit.dataset.OrderedTableNameMap  - getTableName(tableName=NestedScopedContentConditions) - start
171536 [main] DEBUG org.dbunit.dataset.OrderedTableNameMap  - getTableName(tableName=NestedScopedContentConditions) - end - result=NESTEDSCOPEDCONTENTCONDITIONS
171536 [main] DEBUG org.dbunit.dataset.OrderedTableNameMap  - getTableName(tableName=NestedScopedContentConditions) - start
171536 [main] DEBUG org.dbunit.dataset.OrderedTableNameMap  - getTableName(tableName=NestedScopedContentConditions) - end - result=NESTEDSCOPEDCONTENTCONDITIONS
171536 [main] DEBUG org.dbunit.operation.AbstractOperation  - getQualifiedName(prefix=null, name=NESTEDSCOPEDCONTENTCONDITIONS, connection=_databaseConfig=org.dbunit.database.DatabaseConfig[, _propertyMap={http://www.dbunit.org/properties/statementFactory=org.dbunit.database.statement.PreparedStatementFactory@626bc2b8, http://www.dbunit.org/features/caseSensitiveTableNames=false, http://www.dbunit.org/properties/fetchSize=100, http://www.dbunit.org/features/batchedStatements=false, http://www.dbunit.org/properties/metadataHandler=org.dbunit.database.DefaultMetadataHandler@62baffef, http://www.dbunit.org/properties/datatypeFactory=org.dbunit.dataset.datatype.DefaultDataTypeFactory[_toleratedDeltaMap=org.dbunit.dataset.datatype.ToleratedDeltaMap@6452310a], http://www.dbunit.org/properties/escapePattern=null, http://www.dbunit.org/properties/batchSize=100, http://www.dbunit.org/features/qualifiedTableNames=false, http://www.dbunit.org/properties/tableType=[Ljava.lang.String;@5011bafa, http://www.dbunit.org/properties/resultSetTableFactory=org.dbunit.database.CachedResultSetTableFactory@10bcf083, http://www.dbunit.org/features/datatypeWarning=true}], _dataSet=AbstractDataSet[_orderedTableNameMap=null]) - start
171536 [main] TRACE org.dbunit.database.DatabaseConfig  - getProperty(name=http://www.dbunit.org/properties/escapePattern) - start
171536 [main] DEBUG org.dbunit.util.QualifiedTableName  - getQualifiedName() - start
171536 [main] DEBUG org.dbunit.util.QualifiedTableName  - getQualifiedName(prefix=null, name=NESTEDSCOPEDCONTENTCONDITIONS, escapePattern=null) - start
171536 [main] DEBUG org.dbunit.database.statement.SimpleStatement  - addBatch(sql=delete from NESTEDSCOPEDCONTENTCONDITIONS) - start
171536 [main] DEBUG org.dbunit.operation.DeleteAllOperation  - Added SQL: delete from NESTEDSCOPEDCONTENTCONDITIONS
171536 [main] DEBUG org.dbunit.database.DatabaseDataSet  - getTableMetaData(tableName=ScopedContentCondition) - start
171536 [main] DEBUG org.dbunit.database.DatabaseDataSet  - initialize() - start
171536 [main] DEBUG org.dbunit.dataset.OrderedTableNameMap  - getTableName(tableName=ScopedContentCondition) - start
171536 [main] DEBUG org.dbunit.dataset.OrderedTableNameMap  - getTableName(tableName=ScopedContentCondition) - end - result=SCOPEDCONTENTCONDITION
171536 [main] DEBUG org.dbunit.dataset.OrderedTableNameMap  - getTableName(tableName=ScopedContentCondition) - start
171536 [main] DEBUG org.dbunit.dataset.OrderedTableNameMap  - getTableName(tableName=ScopedContentCondition) - end - result=SCOPEDCONTENTCONDITION
171536 [main] DEBUG org.dbunit.operation.AbstractOperation  - getQualifiedName(prefix=null, name=SCOPEDCONTENTCONDITION, connection=_databaseConfig=org.dbunit.database.DatabaseConfig[, _propertyMap={http://www.dbunit.org/properties/statementFactory=org.dbunit.database.statement.PreparedStatementFactory@626bc2b8, http://www.dbunit.org/features/caseSensitiveTableNames=false, http://www.dbunit.org/properties/fetchSize=100, http://www.dbunit.org/features/batchedStatements=false, http://www.dbunit.org/properties/metadataHandler=org.dbunit.database.DefaultMetadataHandler@62baffef, http://www.dbunit.org/properties/datatypeFactory=org.dbunit.dataset.datatype.DefaultDataTypeFactory[_toleratedDeltaMap=org.dbunit.dataset.datatype.ToleratedDeltaMap@6452310a], http://www.dbunit.org/properties/escapePattern=null, http://www.dbunit.org/properties/batchSize=100, http://www.dbunit.org/features/qualifiedTableNames=false, http://www.dbunit.org/properties/tableType=[Ljava.lang.String;@5011bafa, http://www.dbunit.org/properties/resultSetTableFactory=org.dbunit.database.CachedResultSetTableFactory@10bcf083, http://www.dbunit.org/features/datatypeWarning=true}], _dataSet=AbstractDataSet[_orderedTableNameMap=null]) - start
171536 [main] TRACE org.dbunit.database.DatabaseConfig  - getProperty(name=http://www.dbunit.org/properties/escapePattern) - start
171536 [main] DEBUG org.dbunit.util.QualifiedTableName  - getQualifiedName() - start
171536 [main] DEBUG org.dbunit.util.QualifiedTableName  - getQualifiedName(prefix=null, name=SCOPEDCONTENTCONDITION, escapePattern=null) - start
171536 [main] DEBUG org.dbunit.database.statement.SimpleStatement  - addBatch(sql=delete from SCOPEDCONTENTCONDITION) - start
171537 [main] DEBUG org.dbunit.operation.DeleteAllOperation  - Added SQL: delete from SCOPEDCONTENTCONDITION
171537 [main] DEBUG org.dbunit.database.DatabaseDataSet  - getTableMetaData(tableName=Caption) - start
171537 [main] DEBUG org.dbunit.database.DatabaseDataSet  - initialize() - start
171537 [main] DEBUG org.dbunit.dataset.OrderedTableNameMap  - getTableName(tableName=Caption) - start
171537 [main] DEBUG org.dbunit.dataset.OrderedTableNameMap  - getTableName(tableName=Caption) - end - result=CAPTION
171537 [main] DEBUG org.dbunit.dataset.OrderedTableNameMap  - getTableName(tableName=Caption) - start
171537 [main] DEBUG org.dbunit.dataset.OrderedTableNameMap  - getTableName(tableName=Caption) - end - result=CAPTION
171537 [main] DEBUG org.dbunit.operation.AbstractOperation  - getQualifiedName(prefix=null, name=CAPTION, connection=_databaseConfig=org.dbunit.database.DatabaseConfig[, _propertyMap={http://www.dbunit.org/properties/statementFactory=org.dbunit.database.statement.PreparedStatementFactory@626bc2b8, http://www.dbunit.org/features/caseSensitiveTableNames=false, http://www.dbunit.org/properties/fetchSize=100, http://www.dbunit.org/features/batchedStatements=false, http://www.dbunit.org/properties/metadataHandler=org.dbunit.database.DefaultMetadataHandler@62baffef, http://www.dbunit.org/properties/datatypeFactory=org.dbunit.dataset.datatype.DefaultDataTypeFactory[_toleratedDeltaMap=org.dbunit.dataset.datatype.ToleratedDeltaMap@6452310a], http://www.dbunit.org/properties/escapePattern=null, http://www.dbunit.org/properties/batchSize=100, http://www.dbunit.org/features/qualifiedTableNames=false, http://www.dbunit.org/properties/tableType=[Ljava.lang.String;@5011bafa, http://www.dbunit.org/properties/resultSetTableFactory=org.dbunit.database.CachedResultSetTableFactory@10bcf083, http://www.dbunit.org/features/datatypeWarning=true}], _dataSet=AbstractDataSet[_orderedTableNameMap=null]) - start
171537 [main] TRACE org.dbunit.database.DatabaseConfig  - getProperty(name=http://www.dbunit.org/properties/escapePattern) - start
171537 [main] DEBUG org.dbunit.util.QualifiedTableName  - getQualifiedName() - start
171537 [main] DEBUG org.dbunit.util.QualifiedTableName  - getQualifiedName(prefix=null, name=CAPTION, escapePattern=null) - start
171537 [main] DEBUG org.dbunit.database.statement.SimpleStatement  - addBatch(sql=delete from CAPTION) - start
171537 [main] DEBUG org.dbunit.operation.DeleteAllOperation  - Added SQL: delete from CAPTION
171537 [main] DEBUG org.dbunit.database.DatabaseDataSet  - getTableMetaData(tableName=Authority) - start
171537 [main] DEBUG org.dbunit.database.DatabaseDataSet  - initialize() - start
171537 [main] DEBUG org.dbunit.dataset.OrderedTableNameMap  - getTableName(tableName=Authority) - start
171537 [main] DEBUG org.dbunit.dataset.OrderedTableNameMap  - getTableName(tableName=Authority) - end - result=AUTHORITY
171537 [main] DEBUG org.dbunit.dataset.OrderedTableNameMap  - getTableName(tableName=Authority) - start
171537 [main] DEBUG org.dbunit.dataset.OrderedTableNameMap  - getTableName(tableName=Authority) - end - result=AUTHORITY
171537 [main] DEBUG org.dbunit.operation.AbstractOperation  - getQualifiedName(prefix=null, name=AUTHORITY, connection=_databaseConfig=org.dbunit.database.DatabaseConfig[, _propertyMap={http://www.dbunit.org/properties/statementFactory=org.dbunit.database.statement.PreparedStatementFactory@626bc2b8, http://www.dbunit.org/features/caseSensitiveTableNames=false, http://www.dbunit.org/properties/fetchSize=100, http://www.dbunit.org/features/batchedStatements=false, http://www.dbunit.org/properties/metadataHandler=org.dbunit.database.DefaultMetadataHandler@62baffef, http://www.dbunit.org/properties/datatypeFactory=org.dbunit.dataset.datatype.DefaultDataTypeFactory[_toleratedDeltaMap=org.dbunit.dataset.datatype.ToleratedDeltaMap@6452310a], http://www.dbunit.org/properties/escapePattern=null, http://www.dbunit.org/properties/batchSize=100, http://www.dbunit.org/features/qualifiedTableNames=false, http://www.dbunit.org/properties/tableType=[Ljava.lang.String;@5011bafa, http://www.dbunit.org/properties/resultSetTableFactory=org.dbunit.database.CachedResultSetTableFactory@10bcf083, http://www.dbunit.org/features/datatypeWarning=true}], _dataSet=AbstractDataSet[_orderedTableNameMap=null]) - start
171537 [main] TRACE org.dbunit.database.DatabaseConfig  - getProperty(name=http://www.dbunit.org/properties/escapePattern) - start
171537 [main] DEBUG org.dbunit.util.QualifiedTableName  - getQualifiedName() - start
171537 [main] DEBUG org.dbunit.util.QualifiedTableName  - getQualifiedName(prefix=null, name=AUTHORITY, escapePattern=null) - start
171537 [main] DEBUG org.dbunit.database.statement.SimpleStatement  - addBatch(sql=delete from AUTHORITY) - start
171537 [main] DEBUG org.dbunit.operation.DeleteAllOperation  - Added SQL: delete from AUTHORITY
171537 [main] DEBUG org.dbunit.database.statement.SimpleStatement  - executeBatch() - start
171538 [main] DEBUG org.dbunit.database.statement.SimpleStatement  - DbUnit SQL: delete from USERS_AUTHORITIES
171538 [main] DEBUG org.dbunit.database.statement.SimpleStatement  - DbUnit SQL: delete from USER
171538 [main] DEBUG org.dbunit.database.statement.SimpleStatement  - DbUnit SQL: delete from SCOPE_REQUESTCONTEXT
171538 [main] DEBUG org.dbunit.database.statement.SimpleStatement  - DbUnit SQL: delete from SCOPEDCONTENT_SCOPEDCONTENTITEM
171538 [main] DEBUG org.dbunit.database.statement.SimpleStatement  - DbUnit SQL: delete from SCOPEDCONTENTCONDITIONS_SCOPEDCONTENTITEM
171538 [main] DEBUG org.dbunit.database.statement.SimpleStatement  - DbUnit SQL: delete from SCOPEDCONTENTITEM
171538 [main] DEBUG org.dbunit.database.statement.SimpleStatement  - DbUnit SQL: delete from SCOPEDCONTENTCONDITIONS_SCOPEDCONTENT
171538 [main] DEBUG org.dbunit.database.statement.SimpleStatement  - DbUnit SQL: delete from SCOPEDCONTENTCONDITIONATTRIBUTE
171538 [main] DEBUG org.dbunit.database.statement.SimpleStatement  - DbUnit SQL: delete from SCOPEDCONTENT
171538 [main] DEBUG org.dbunit.database.statement.SimpleStatement  - DbUnit SQL: delete from SCOPE
171539 [main] DEBUG org.dbunit.database.statement.SimpleStatement  - DbUnit SQL: delete from REQUESTCONTEXT
171539 [main] DEBUG org.dbunit.database.statement.SimpleStatement  - DbUnit SQL: delete from NESTEDSCOPEDCONTENTCONDITIONS
171539 [main] DEBUG org.dbunit.database.statement.SimpleStatement  - DbUnit SQL: delete from SCOPEDCONTENTCONDITION
171539 [main] DEBUG org.dbunit.database.statement.SimpleStatement  - DbUnit SQL: delete from CAPTION
171539 [main] DEBUG org.dbunit.database.statement.SimpleStatement  - DbUnit SQL: delete from AUTHORITY
171539 [main] DEBUG org.dbunit.database.statement.SimpleStatement  - clearBatch() - start
171539 [main] DEBUG org.dbunit.database.statement.AbstractBatchStatement  - close() - start
171539 [main] DEBUG org.dbunit.operation.AbstractBatchOperation  - execute(connection=_databaseConfig=org.dbunit.database.DatabaseConfig[, _propertyMap={http://www.dbunit.org/properties/statementFactory=org.dbunit.database.statement.PreparedStatementFactory@626bc2b8, http://www.dbunit.org/features/caseSensitiveTableNames=false, http://www.dbunit.org/properties/fetchSize=100, http://www.dbunit.org/features/batchedStatements=false, http://www.dbunit.org/properties/metadataHandler=org.dbunit.database.DefaultMetadataHandler@62baffef, http://www.dbunit.org/properties/datatypeFactory=org.dbunit.dataset.datatype.DefaultDataTypeFactory[_toleratedDeltaMap=org.dbunit.dataset.datatype.ToleratedDeltaMap@6452310a], http://www.dbunit.org/properties/escapePattern=null, http://www.dbunit.org/properties/batchSize=100, http://www.dbunit.org/features/qualifiedTableNames=false, http://www.dbunit.org/properties/tableType=[Ljava.lang.String;@5011bafa, http://www.dbunit.org/properties/resultSetTableFactory=org.dbunit.database.CachedResultSetTableFactory@10bcf083, http://www.dbunit.org/features/datatypeWarning=true}], _dataSet=AbstractDataSet[_orderedTableNameMap=null], dataSet=AbstractDataSet[_orderedTableNameMap=null]) - start
171539 [main] TRACE org.dbunit.database.DatabaseConfig  - getProperty(name=http://www.dbunit.org/properties/statementFactory) - start
171539 [main] DEBUG org.dbunit.dataset.AbstractDataSet  - iterator() - start
171539 [main] DEBUG org.dbunit.dataset.FilteredDataSet  - createIterator(reversed=false) - start
171539 [main] DEBUG org.dbunit.dataset.filter.SequenceTableFilter  - iterator(dataSet=AbstractDataSet[_orderedTableNameMap=org.dbunit.dataset.OrderedTableNameMap[_tableNames=[ScopedContentConditionAttribute, RequestContext, ScopedContentItem, ScopedContent, Scope, ScopedContentCondition, Authority, User, Users_Authorities, ScopedContent_ScopedContentItem, Scope_RequestContext, Caption, ScopedContentConditions_ScopedContent, ScopedContentConditions_ScopedContentItem, NestedScopedContentConditions], _tableMap={SCOPE_REQUESTCONTEXT=org.dbunit.dataset.DefaultTable[_metaData=tableName=Scope_RequestContext, columns=[], keys=[], _rowList.size()=0], NESTEDSCOPEDCONTENTCONDITIONS=org.dbunit.dataset.DefaultTable[_metaData=tableName=NestedScopedContentConditions, columns=[], keys=[], _rowList.size()=0], SCOPE=org.dbunit.dataset.DefaultTable[_metaData=tableName=Scope, columns=[(name, UNKNOWN, nullableUnknown), (description, UNKNOWN, nullableUnknown), (id, UNKNOWN, nullableUnknown), (timeStamp, UNKNOWN, nullableUnknown)], keys=[], _rowList.size()=1], SCOPEDCONTENT_SCOPEDCONTENTITEM=org.dbunit.dataset.DefaultTable[_metaData=tableName=ScopedContent_ScopedContentItem, columns=[], keys=[], _rowList.size()=0], SCOPEDCONTENTCONDITIONATTRIBUTE=org.dbunit.dataset.DefaultTable[_metaData=tableName=ScopedContentConditionAttribute, columns=[(key, UNKNOWN, nullableUnknown), (checkOrder, UNKNOWN, nullableUnknown), (className, UNKNOWN, nullableUnknown), (valuePath, UNKNOWN, nullableUnknown), (operator, UNKNOWN, nullableUnknown), (expectedValue, UNKNOWN, nullableUnknown), (expectedValueType, UNKNOWN, nullableUnknown), (scopedContentCondition, UNKNOWN, nullableUnknown), (id, UNKNOWN, nullableUnknown), (timeStamp, UNKNOWN, nullableUnknown)], keys=[], _rowList.size()=1], SCOPEDCONTENTCONDITIONS_SCOPEDCONTENT=org.dbunit.dataset.DefaultTable[_metaData=tableName=ScopedContentConditions_ScopedContent, columns=[], keys=[], _rowList.size()=0], USER=org.dbunit.dataset.DefaultTable[_metaData=tableName=User, columns=[], keys=[], _rowList.size()=0], SCOPEDCONTENT=org.dbunit.dataset.DefaultTable[_metaData=tableName=ScopedContent, columns=[(name, UNKNOWN, nullableUnknown), (description, UNKNOWN, nullableUnknown), (scope, UNKNOWN, nullableUnknown), (id, UNKNOWN, nullableUnknown), (timeStamp, UNKNOWN, nullableUnknown)], keys=[], _rowList.size()=1], REQUESTCONTEXT=org.dbunit.dataset.DefaultTable[_metaData=tableName=RequestContext, columns=[(path, UNKNOWN, nullableUnknown), (id, UNKNOWN, nullableUnknown), (timeStamp, UNKNOWN, nullableUnknown)], keys=[], _rowList.size()=1], AUTHORITY=org.dbunit.dataset.DefaultTable[_metaData=tableName=Authority, columns=[], keys=[], _rowList.size()=0], USERS_AUTHORITIES=org.dbunit.dataset.DefaultTable[_metaData=tableName=Users_Authorities, columns=[], keys=[], _rowList.size()=0], SCOPEDCONTENTITEM=org.dbunit.dataset.DefaultTable[_metaData=tableName=ScopedContentItem, columns=[(tagName, UNKNOWN, nullableUnknown), (cssClass, UNKNOWN, nullableUnknown), (content, UNKNOWN, nullableUnknown), (type, UNKNOWN, nullableUnknown), (id, UNKNOWN, nullableUnknown), (timeStamp, UNKNOWN, nullableUnknown)], keys=[], _rowList.size()=1], CAPTION=org.dbunit.dataset.DefaultTable[_metaData=tableName=Caption, columns=[], keys=[], _rowList.size()=0], SCOPEDCONTENTCONDITIONS_SCOPEDCONTENTITEM=org.dbunit.dataset.DefaultTable[_metaData=tableName=ScopedContentConditions_ScopedContentItem, columns=[], keys=[], _rowList.size()=0], SCOPEDCONTENTCONDITION=org.dbunit.dataset.DefaultTable[_metaData=tableName=ScopedContentCondition, columns=[(name, UNKNOWN, nullableUnknown), (description, UNKNOWN, nullableUnknown), (operator, UNKNOWN, nullableUnknown), (id, UNKNOWN, nullableUnknown), (timeStamp, UNKNOWN, nullableUnknown)], keys=[], _rowList.size()=1]}, _caseSensitiveTableNames=false]], reversed=false) - start
171540 [main] DEBUG org.dbunit.dataset.filter.SequenceTableFilter  - getTableNames(dataSet=AbstractDataSet[_orderedTableNameMap=org.dbunit.dataset.OrderedTableNameMap[_tableNames=[ScopedContentConditionAttribute, RequestContext, ScopedContentItem, ScopedContent, Scope, ScopedContentCondition, Authority, User, Users_Authorities, ScopedContent_ScopedContentItem, Scope_RequestContext, Caption, ScopedContentConditions_ScopedContent, ScopedContentConditions_ScopedContentItem, NestedScopedContentConditions], _tableMap={SCOPE_REQUESTCONTEXT=org.dbunit.dataset.DefaultTable[_metaData=tableName=Scope_RequestContext, columns=[], keys=[], _rowList.size()=0], NESTEDSCOPEDCONTENTCONDITIONS=org.dbunit.dataset.DefaultTable[_metaData=tableName=NestedScopedContentConditions, columns=[], keys=[], _rowList.size()=0], SCOPE=org.dbunit.dataset.DefaultTable[_metaData=tableName=Scope, columns=[(name, UNKNOWN, nullableUnknown), (description, UNKNOWN, nullableUnknown), (id, UNKNOWN, nullableUnknown), (timeStamp, UNKNOWN, nullableUnknown)], keys=[], _rowList.size()=1], SCOPEDCONTENT_SCOPEDCONTENTITEM=org.dbunit.dataset.DefaultTable[_metaData=tableName=ScopedContent_ScopedContentItem, columns=[], keys=[], _rowList.size()=0], SCOPEDCONTENTCONDITIONATTRIBUTE=org.dbunit.dataset.DefaultTable[_metaData=tableName=ScopedContentConditionAttribute, columns=[(key, UNKNOWN, nullableUnknown), (checkOrder, UNKNOWN, nullableUnknown), (className, UNKNOWN, nullableUnknown), (valuePath, UNKNOWN, nullableUnknown), (operator, UNKNOWN, nullableUnknown), (expectedValue, UNKNOWN, nullableUnknown), (expectedValueType, UNKNOWN, nullableUnknown), (scopedContentCondition, UNKNOWN, nullableUnknown), (id, UNKNOWN, nullableUnknown), (timeStamp, UNKNOWN, nullableUnknown)], keys=[], _rowList.size()=1], SCOPEDCONTENTCONDITIONS_SCOPEDCONTENT=org.dbunit.dataset.DefaultTable[_metaData=tableName=ScopedContentConditions_ScopedContent, columns=[], keys=[], _rowList.size()=0], USER=org.dbunit.dataset.DefaultTable[_metaData=tableName=User, columns=[], keys=[], _rowList.size()=0], SCOPEDCONTENT=org.dbunit.dataset.DefaultTable[_metaData=tableName=ScopedContent, columns=[(name, UNKNOWN, nullableUnknown), (description, UNKNOWN, nullableUnknown), (scope, UNKNOWN, nullableUnknown), (id, UNKNOWN, nullableUnknown), (timeStamp, UNKNOWN, nullableUnknown)], keys=[], _rowList.size()=1], REQUESTCONTEXT=org.dbunit.dataset.DefaultTable[_metaData=tableName=RequestContext, columns=[(path, UNKNOWN, nullableUnknown), (id, UNKNOWN, nullableUnknown), (timeStamp, UNKNOWN, nullableUnknown)], keys=[], _rowList.size()=1], AUTHORITY=org.dbunit.dataset.DefaultTable[_metaData=tableName=Authority, columns=[], keys=[], _rowList.size()=0], USERS_AUTHORITIES=org.dbunit.dataset.DefaultTable[_metaData=tableName=Users_Authorities, columns=[], keys=[], _rowList.size()=0], SCOPEDCONTENTITEM=org.dbunit.dataset.DefaultTable[_metaData=tableName=ScopedContentItem, columns=[(tagName, UNKNOWN, nullableUnknown), (cssClass, UNKNOWN, nullableUnknown), (content, UNKNOWN, nullableUnknown), (type, UNKNOWN, nullableUnknown), (id, UNKNOWN, nullableUnknown), (timeStamp, UNKNOWN, nullableUnknown)], keys=[], _rowList.size()=1], CAPTION=org.dbunit.dataset.DefaultTable[_metaData=tableName=Caption, columns=[], keys=[], _rowList.size()=0], SCOPEDCONTENTCONDITIONS_SCOPEDCONTENTITEM=org.dbunit.dataset.DefaultTable[_metaData=tableName=ScopedContentConditions_ScopedContentItem, columns=[], keys=[], _rowList.size()=0], SCOPEDCONTENTCONDITION=org.dbunit.dataset.DefaultTable[_metaData=tableName=ScopedContentCondition, columns=[(name, UNKNOWN, nullableUnknown), (description, UNKNOWN, nullableUnknown), (operator, UNKNOWN, nullableUnknown), (id, UNKNOWN, nullableUnknown), (timeStamp, UNKNOWN, nullableUnknown)], keys=[], _rowList.size()=1]}, _caseSensitiveTableNames=false]]) - start
171540 [main] DEBUG org.dbunit.dataset.AbstractDataSet  - getTableMetaData(tableName=AUTHORITY) - start
171540 [main] DEBUG org.dbunit.dataset.AbstractDataSet  - getTable(tableName=AUTHORITY) - start
171540 [main] DEBUG org.dbunit.dataset.AbstractDataSet  - initialize() - start
171540 [main] DEBUG org.dbunit.dataset.AbstractDataSet  - The table name map has already been initialized.
171540 [main] DEBUG org.dbunit.dataset.OrderedTableNameMap  - getTableName(tableName=AUTHORITY) - start
171540 [main] DEBUG org.dbunit.dataset.OrderedTableNameMap  - getTableName(tableName=AUTHORITY) - end - result=AUTHORITY
171540 [main] DEBUG org.dbunit.dataset.AbstractDataSet  - getTableMetaData(tableName=CAPTION) - start
171540 [main] DEBUG org.dbunit.dataset.AbstractDataSet  - getTable(tableName=CAPTION) - start
171540 [main] DEBUG org.dbunit.dataset.AbstractDataSet  - initialize() - start
171540 [main] DEBUG org.dbunit.dataset.AbstractDataSet  - The table name map has already been initialized.
171540 [main] DEBUG org.dbunit.dataset.OrderedTableNameMap  - getTableName(tableName=CAPTION) - start
171540 [main] DEBUG org.dbunit.dataset.OrderedTableNameMap  - getTableName(tableName=CAPTION) - end - result=CAPTION
171540 [main] DEBUG org.dbunit.dataset.AbstractDataSet  - getTableMetaData(tableName=SCOPEDCONTENTCONDITION) - start
171540 [main] DEBUG org.dbunit.dataset.AbstractDataSet  - getTable(tableName=SCOPEDCONTENTCONDITION) - start
171540 [main] DEBUG org.dbunit.dataset.AbstractDataSet  - initialize() - start
171540 [main] DEBUG org.dbunit.dataset.AbstractDataSet  - The table name map has already been initialized.
171540 [main] DEBUG org.dbunit.dataset.OrderedTableNameMap  - getTableName(tableName=SCOPEDCONTENTCONDITION) - start
171541 [main] DEBUG org.dbunit.dataset.OrderedTableNameMap  - getTableName(tableName=SCOPEDCONTENTCONDITION) - end - result=SCOPEDCONTENTCONDITION
171541 [main] DEBUG org.dbunit.dataset.AbstractDataSet  - getTableMetaData(tableName=NESTEDSCOPEDCONTENTCONDITIONS) - start
171541 [main] DEBUG org.dbunit.dataset.AbstractDataSet  - getTable(tableName=NESTEDSCOPEDCONTENTCONDITIONS) - start
171541 [main] DEBUG org.dbunit.dataset.AbstractDataSet  - initialize() - start
171541 [main] DEBUG org.dbunit.dataset.AbstractDataSet  - The table name map has already been initialized.
171541 [main] DEBUG org.dbunit.dataset.OrderedTableNameMap  - getTableName(tableName=NESTEDSCOPEDCONTENTCONDITIONS) - start
171541 [main] DEBUG org.dbunit.dataset.OrderedTableNameMap  - getTableName(tableName=NESTEDSCOPEDCONTENTCONDITIONS) - end - result=NESTEDSCOPEDCONTENTCONDITIONS
171541 [main] DEBUG org.dbunit.dataset.AbstractDataSet  - getTableMetaData(tableName=REQUESTCONTEXT) - start
171541 [main] DEBUG org.dbunit.dataset.AbstractDataSet  - getTable(tableName=REQUESTCONTEXT) - start
171541 [main] DEBUG org.dbunit.dataset.AbstractDataSet  - initialize() - start
171541 [main] DEBUG org.dbunit.dataset.AbstractDataSet  - The table name map has already been initialized.
171541 [main] DEBUG org.dbunit.dataset.OrderedTableNameMap  - getTableName(tableName=REQUESTCONTEXT) - start
171541 [main] DEBUG org.dbunit.dataset.OrderedTableNameMap  - getTableName(tableName=REQUESTCONTEXT) - end - result=REQUESTCONTEXT
171541 [main] DEBUG org.dbunit.dataset.AbstractDataSet  - getTableMetaData(tableName=SCOPE) - start
171541 [main] DEBUG org.dbunit.dataset.AbstractDataSet  - getTable(tableName=SCOPE) - start
171541 [main] DEBUG org.dbunit.dataset.AbstractDataSet  - initialize() - start
171541 [main] DEBUG org.dbunit.dataset.AbstractDataSet  - The table name map has already been initialized.
171541 [main] DEBUG org.dbunit.dataset.OrderedTableNameMap  - getTableName(tableName=SCOPE) - start
171541 [main] DEBUG org.dbunit.dataset.OrderedTableNameMap  - getTableName(tableName=SCOPE) - end - result=SCOPE
171541 [main] DEBUG org.dbunit.dataset.AbstractDataSet  - getTableMetaData(tableName=SCOPEDCONTENT) - start
171541 [main] DEBUG org.dbunit.dataset.AbstractDataSet  - getTable(tableName=SCOPEDCONTENT) - start
171541 [main] DEBUG org.dbunit.dataset.AbstractDataSet  - initialize() - start
171541 [main] DEBUG org.dbunit.dataset.AbstractDataSet  - The table name map has already been initialized.
171541 [main] DEBUG org.dbunit.dataset.OrderedTableNameMap  - getTableName(tableName=SCOPEDCONTENT) - start
171541 [main] DEBUG org.dbunit.dataset.OrderedTableNameMap  - getTableName(tableName=SCOPEDCONTENT) - end - result=SCOPEDCONTENT
171541 [main] DEBUG org.dbunit.dataset.AbstractDataSet  - getTableMetaData(tableName=SCOPEDCONTENTCONDITIONATTRIBUTE) - start
171541 [main] DEBUG org.dbunit.dataset.AbstractDataSet  - getTable(tableName=SCOPEDCONTENTCONDITIONATTRIBUTE) - start
171541 [main] DEBUG org.dbunit.dataset.AbstractDataSet  - initialize() - start
171541 [main] DEBUG org.dbunit.dataset.AbstractDataSet  - The table name map has already been initialized.
171541 [main] DEBUG org.dbunit.dataset.OrderedTableNameMap  - getTableName(tableName=SCOPEDCONTENTCONDITIONATTRIBUTE) - start
171541 [main] DEBUG org.dbunit.dataset.OrderedTableNameMap  - getTableName(tableName=SCOPEDCONTENTCONDITIONATTRIBUTE) - end - result=SCOPEDCONTENTCONDITIONATTRIBUTE
171541 [main] DEBUG org.dbunit.dataset.AbstractDataSet  - getTableMetaData(tableName=SCOPEDCONTENTCONDITIONS_SCOPEDCONTENT) - start
171541 [main] DEBUG org.dbunit.dataset.AbstractDataSet  - getTable(tableName=SCOPEDCONTENTCONDITIONS_SCOPEDCONTENT) - start
171542 [main] DEBUG org.dbunit.dataset.AbstractDataSet  - initialize() - start
171542 [main] DEBUG org.dbunit.dataset.AbstractDataSet  - The table name map has already been initialized.
171542 [main] DEBUG org.dbunit.dataset.OrderedTableNameMap  - getTableName(tableName=SCOPEDCONTENTCONDITIONS_SCOPEDCONTENT) - start
171542 [main] DEBUG org.dbunit.dataset.OrderedTableNameMap  - getTableName(tableName=SCOPEDCONTENTCONDITIONS_SCOPEDCONTENT) - end - result=SCOPEDCONTENTCONDITIONS_SCOPEDCONTENT
171542 [main] DEBUG org.dbunit.dataset.AbstractDataSet  - getTableMetaData(tableName=SCOPEDCONTENTITEM) - start
171542 [main] DEBUG org.dbunit.dataset.AbstractDataSet  - getTable(tableName=SCOPEDCONTENTITEM) - start
171542 [main] DEBUG org.dbunit.dataset.AbstractDataSet  - initialize() - start
171542 [main] DEBUG org.dbunit.dataset.AbstractDataSet  - The table name map has already been initialized.
171542 [main] DEBUG org.dbunit.dataset.OrderedTableNameMap  - getTableName(tableName=SCOPEDCONTENTITEM) - start
171542 [main] DEBUG org.dbunit.dataset.OrderedTableNameMap  - getTableName(tableName=SCOPEDCONTENTITEM) - end - result=SCOPEDCONTENTITEM
171542 [main] DEBUG org.dbunit.dataset.AbstractDataSet  - getTableMetaData(tableName=SCOPEDCONTENTCONDITIONS_SCOPEDCONTENTITEM) - start
171542 [main] DEBUG org.dbunit.dataset.AbstractDataSet  - getTable(tableName=SCOPEDCONTENTCONDITIONS_SCOPEDCONTENTITEM) - start
171542 [main] DEBUG org.dbunit.dataset.AbstractDataSet  - initialize() - start
171542 [main] DEBUG org.dbunit.dataset.AbstractDataSet  - The table name map has already been initialized.
171542 [main] DEBUG org.dbunit.dataset.OrderedTableNameMap  - getTableName(tableName=SCOPEDCONTENTCONDITIONS_SCOPEDCONTENTITEM) - start
171542 [main] DEBUG org.dbunit.dataset.OrderedTableNameMap  - getTableName(tableName=SCOPEDCONTENTCONDITIONS_SCOPEDCONTENTITEM) - end - result=SCOPEDCONTENTCONDITIONS_SCOPEDCONTENTITEM
171542 [main] DEBUG org.dbunit.dataset.AbstractDataSet  - getTableMetaData(tableName=SCOPEDCONTENT_SCOPEDCONTENTITEM) - start
171542 [main] DEBUG org.dbunit.dataset.AbstractDataSet  - getTable(tableName=SCOPEDCONTENT_SCOPEDCONTENTITEM) - start
171542 [main] DEBUG org.dbunit.dataset.AbstractDataSet  - initialize() - start
171542 [main] DEBUG org.dbunit.dataset.AbstractDataSet  - The table name map has already been initialized.
171542 [main] DEBUG org.dbunit.dataset.OrderedTableNameMap  - getTableName(tableName=SCOPEDCONTENT_SCOPEDCONTENTITEM) - start
171542 [main] DEBUG org.dbunit.dataset.OrderedTableNameMap  - getTableName(tableName=SCOPEDCONTENT_SCOPEDCONTENTITEM) - end - result=SCOPEDCONTENT_SCOPEDCONTENTITEM
171542 [main] DEBUG org.dbunit.dataset.AbstractDataSet  - getTableMetaData(tableName=SCOPE_REQUESTCONTEXT) - start
171542 [main] DEBUG org.dbunit.dataset.AbstractDataSet  - getTable(tableName=SCOPE_REQUESTCONTEXT) - start
171542 [main] DEBUG org.dbunit.dataset.AbstractDataSet  - initialize() - start
171542 [main] DEBUG org.dbunit.dataset.AbstractDataSet  - The table name map has already been initialized.
171542 [main] DEBUG org.dbunit.dataset.OrderedTableNameMap  - getTableName(tableName=SCOPE_REQUESTCONTEXT) - start
171542 [main] DEBUG org.dbunit.dataset.OrderedTableNameMap  - getTableName(tableName=SCOPE_REQUESTCONTEXT) - end - result=SCOPE_REQUESTCONTEXT
171542 [main] DEBUG org.dbunit.dataset.AbstractDataSet  - getTableMetaData(tableName=USER) - start
171542 [main] DEBUG org.dbunit.dataset.AbstractDataSet  - getTable(tableName=USER) - start
171542 [main] DEBUG org.dbunit.dataset.AbstractDataSet  - initialize() - start
171542 [main] DEBUG org.dbunit.dataset.AbstractDataSet  - The table name map has already been initialized.
171543 [main] DEBUG org.dbunit.dataset.OrderedTableNameMap  - getTableName(tableName=USER) - start
171543 [main] DEBUG org.dbunit.dataset.OrderedTableNameMap  - getTableName(tableName=USER) - end - result=USER
171543 [main] DEBUG org.dbunit.dataset.AbstractDataSet  - getTableMetaData(tableName=USERS_AUTHORITIES) - start
171543 [main] DEBUG org.dbunit.dataset.AbstractDataSet  - getTable(tableName=USERS_AUTHORITIES) - start
171543 [main] DEBUG org.dbunit.dataset.AbstractDataSet  - initialize() - start
171543 [main] DEBUG org.dbunit.dataset.AbstractDataSet  - The table name map has already been initialized.
171543 [main] DEBUG org.dbunit.dataset.OrderedTableNameMap  - getTableName(tableName=USERS_AUTHORITIES) - start
171543 [main] DEBUG org.dbunit.dataset.OrderedTableNameMap  - getTableName(tableName=USERS_AUTHORITIES) - end - result=USERS_AUTHORITIES
171543 [main] DEBUG org.dbunit.dataset.filter.SequenceTableIterator  - next() - start
171543 [main] DEBUG org.dbunit.dataset.filter.SequenceTableIterator  - getTable() - start
171543 [main] DEBUG org.dbunit.dataset.AbstractDataSet  - getTable(tableName=Authority) - start
171543 [main] DEBUG org.dbunit.dataset.AbstractDataSet  - initialize() - start
171543 [main] DEBUG org.dbunit.dataset.AbstractDataSet  - The table name map has already been initialized.
171543 [main] DEBUG org.dbunit.dataset.OrderedTableNameMap  - getTableName(tableName=Authority) - start
171543 [main] DEBUG org.dbunit.dataset.OrderedTableNameMap  - getTableName(tableName=Authority) - end - result=AUTHORITY
171543 [main] TRACE org.dbunit.operation.AbstractBatchOperation  - execute: processing table='Authority'
171543 [main] DEBUG org.dbunit.operation.AbstractBatchOperation  - isEmpty(table=org.dbunit.dataset.DefaultTable[_metaData=tableName=Authority, columns=[], keys=[], _rowList.size()=0]) - start
171543 [main] DEBUG org.dbunit.dataset.filter.SequenceTableIterator  - next() - start
171543 [main] DEBUG org.dbunit.dataset.filter.SequenceTableIterator  - getTable() - start
171543 [main] DEBUG org.dbunit.dataset.AbstractDataSet  - getTable(tableName=Caption) - start
171543 [main] DEBUG org.dbunit.dataset.AbstractDataSet  - initialize() - start
171543 [main] DEBUG org.dbunit.dataset.AbstractDataSet  - The table name map has already been initialized.
171543 [main] DEBUG org.dbunit.dataset.OrderedTableNameMap  - getTableName(tableName=Caption) - start
171543 [main] DEBUG org.dbunit.dataset.OrderedTableNameMap  - getTableName(tableName=Caption) - end - result=CAPTION
171543 [main] TRACE org.dbunit.operation.AbstractBatchOperation  - execute: processing table='Caption'
171543 [main] DEBUG org.dbunit.operation.AbstractBatchOperation  - isEmpty(table=org.dbunit.dataset.DefaultTable[_metaData=tableName=Caption, columns=[], keys=[], _rowList.size()=0]) - start
171543 [main] DEBUG org.dbunit.dataset.filter.SequenceTableIterator  - next() - start
171543 [main] DEBUG org.dbunit.dataset.filter.SequenceTableIterator  - getTable() - start
171543 [main] DEBUG org.dbunit.dataset.AbstractDataSet  - getTable(tableName=ScopedContentCondition) - start
171543 [main] DEBUG org.dbunit.dataset.AbstractDataSet  - initialize() - start
171544 [main] DEBUG org.dbunit.dataset.AbstractDataSet  - The table name map has already been initialized.
171544 [main] DEBUG org.dbunit.dataset.OrderedTableNameMap  - getTableName(tableName=ScopedContentCondition) - start
171544 [main] DEBUG org.dbunit.dataset.OrderedTableNameMap  - getTableName(tableName=ScopedContentCondition) - end - result=SCOPEDCONTENTCONDITION
171544 [main] TRACE org.dbunit.operation.AbstractBatchOperation  - execute: processing table='ScopedContentCondition'
171544 [main] DEBUG org.dbunit.operation.AbstractBatchOperation  - isEmpty(table=org.dbunit.dataset.DefaultTable[_metaData=tableName=ScopedContentCondition, columns=[(name, UNKNOWN, nullableUnknown), (description, UNKNOWN, nullableUnknown), (operator, UNKNOWN, nullableUnknown), (id, UNKNOWN, nullableUnknown), (timeStamp, UNKNOWN, nullableUnknown)], keys=[], _rowList.size()=1]) - start
171544 [main] DEBUG org.dbunit.dataset.DefaultTable  - getValue(row=0, column=name) - start
171544 [main] DEBUG org.dbunit.dataset.AbstractTable  - assertValidRowIndex(row=0) - start
171544 [main] DEBUG org.dbunit.dataset.AbstractTable  - assertValidRowIndex(row=0, rowCount=1) - start
171544 [main] DEBUG org.dbunit.dataset.AbstractTable  - getColumnIndex(columnName=name) - start
171544 [main] DEBUG org.dbunit.dataset.AbstractTableMetaData  - getColumnIndex(columnName=name) - start
171544 [main] DEBUG org.dbunit.operation.AbstractOperation  - getOperationMetaData(connection=_databaseConfig=org.dbunit.database.DatabaseConfig[, _propertyMap={http://www.dbunit.org/properties/statementFactory=org.dbunit.database.statement.PreparedStatementFactory@626bc2b8, http://www.dbunit.org/features/caseSensitiveTableNames=false, http://www.dbunit.org/properties/fetchSize=100, http://www.dbunit.org/features/batchedStatements=false, http://www.dbunit.org/properties/metadataHandler=org.dbunit.database.DefaultMetadataHandler@62baffef, http://www.dbunit.org/properties/datatypeFactory=org.dbunit.dataset.datatype.DefaultDataTypeFactory[_toleratedDeltaMap=org.dbunit.dataset.datatype.ToleratedDeltaMap@6452310a], http://www.dbunit.org/properties/escapePattern=null, http://www.dbunit.org/properties/batchSize=100, http://www.dbunit.org/features/qualifiedTableNames=false, http://www.dbunit.org/properties/tableType=[Ljava.lang.String;@5011bafa, http://www.dbunit.org/properties/resultSetTableFactory=org.dbunit.database.CachedResultSetTableFactory@10bcf083, http://www.dbunit.org/features/datatypeWarning=true}], _dataSet=AbstractDataSet[_orderedTableNameMap=null], metaData=tableName=ScopedContentCondition, columns=[(name, UNKNOWN, nullableUnknown), (description, UNKNOWN, nullableUnknown), (operator, UNKNOWN, nullableUnknown), (id, UNKNOWN, nullableUnknown), (timeStamp, UNKNOWN, nullableUnknown)], keys=[]) - start
171544 [main] DEBUG org.dbunit.database.AbstractDatabaseConnection  - createDataSet() - start
171544 [main] DEBUG org.dbunit.database.DatabaseDataSet  - getTableMetaData(tableName=ScopedContentCondition) - start
171544 [main] DEBUG org.dbunit.database.DatabaseDataSet  - initialize() - start
171544 [main] DEBUG org.dbunit.dataset.OrderedTableNameMap  - getTableName(tableName=ScopedContentCondition) - start
171544 [main] DEBUG org.dbunit.dataset.OrderedTableNameMap  - getTableName(tableName=ScopedContentCondition) - end - result=SCOPEDCONTENTCONDITION
171544 [main] DEBUG org.dbunit.dataset.OrderedTableNameMap  - getTableName(tableName=ScopedContentCondition) - start
171544 [main] DEBUG org.dbunit.dataset.OrderedTableNameMap  - getTableName(tableName=ScopedContentCondition) - end - result=SCOPEDCONTENTCONDITION
171544 [main] DEBUG org.dbunit.dataset.AbstractTableMetaData  - getColumnIndex(columnName=name) - start
171544 [main] DEBUG org.dbunit.database.DatabaseTableMetaData  - getColumns() - start
171544 [main] DEBUG org.dbunit.dataset.AbstractTableMetaData  - getColumnIndex(columnName=description) - start
171544 [main] DEBUG org.dbunit.database.DatabaseTableMetaData  - getColumns() - start
171544 [main] DEBUG org.dbunit.dataset.AbstractTableMetaData  - getColumnIndex(columnName=operator) - start
171544 [main] DEBUG org.dbunit.database.DatabaseTableMetaData  - getColumns() - start
171544 [main] DEBUG org.dbunit.dataset.AbstractTableMetaData  - getColumnIndex(columnName=id) - start
171544 [main] DEBUG org.dbunit.database.DatabaseTableMetaData  - getColumns() - start
171544 [main] DEBUG org.dbunit.dataset.AbstractTableMetaData  - getColumnIndex(columnName=timeStamp) - start
171545 [main] DEBUG org.dbunit.database.DatabaseTableMetaData  - getColumns() - start
171545 [main] DEBUG org.dbunit.database.DatabaseTableMetaData  - getPrimaryKeys() - start
171545 [main] TRACE org.dbunit.database.DatabaseConfig  - getProperty(name=http://www.dbunit.org/properties/primaryKeyFilter) - start
171545 [main] DEBUG org.dbunit.operation.InsertOperation  - getIgnoreMapping(table=org.dbunit.dataset.DefaultTable[_metaData=tableName=ScopedContentCondition, columns=[(name, UNKNOWN, nullableUnknown), (description, UNKNOWN, nullableUnknown), (operator, UNKNOWN, nullableUnknown), (id, UNKNOWN, nullableUnknown), (timeStamp, UNKNOWN, nullableUnknown)], keys=[], _rowList.size()=1], row=0) - start
171545 [main] DEBUG org.dbunit.dataset.DefaultTable  - getValue(row=0, column=name) - start
171545 [main] DEBUG org.dbunit.dataset.AbstractTable  - assertValidRowIndex(row=0) - start
171545 [main] DEBUG org.dbunit.dataset.AbstractTable  - assertValidRowIndex(row=0, rowCount=1) - start
171545 [main] DEBUG org.dbunit.dataset.AbstractTable  - getColumnIndex(columnName=name) - start
171545 [main] DEBUG org.dbunit.dataset.AbstractTableMetaData  - getColumnIndex(columnName=name) - start
171545 [main] DEBUG org.dbunit.dataset.DefaultTable  - getValue(row=0, column=description) - start
171545 [main] DEBUG org.dbunit.dataset.AbstractTable  - assertValidRowIndex(row=0) - start
171545 [main] DEBUG org.dbunit.dataset.AbstractTable  - assertValidRowIndex(row=0, rowCount=1) - start
171545 [main] DEBUG org.dbunit.dataset.AbstractTable  - getColumnIndex(columnName=description) - start
171545 [main] DEBUG org.dbunit.dataset.AbstractTableMetaData  - getColumnIndex(columnName=description) - start
171545 [main] DEBUG org.dbunit.dataset.DefaultTable  - getValue(row=0, column=operator) - start
171545 [main] DEBUG org.dbunit.dataset.AbstractTable  - assertValidRowIndex(row=0) - start
171545 [main] DEBUG org.dbunit.dataset.AbstractTable  - assertValidRowIndex(row=0, rowCount=1) - start
171545 [main] DEBUG org.dbunit.dataset.AbstractTable  - getColumnIndex(columnName=operator) - start
171545 [main] DEBUG org.dbunit.dataset.AbstractTableMetaData  - getColumnIndex(columnName=operator) - start
171545 [main] DEBUG org.dbunit.dataset.DefaultTable  - getValue(row=0, column=id) - start
171545 [main] DEBUG org.dbunit.dataset.AbstractTable  - assertValidRowIndex(row=0) - start
171545 [main] DEBUG org.dbunit.dataset.AbstractTable  - assertValidRowIndex(row=0, rowCount=1) - start
171545 [main] DEBUG org.dbunit.dataset.AbstractTable  - getColumnIndex(columnName=id) - start
171545 [main] DEBUG org.dbunit.dataset.AbstractTableMetaData  - getColumnIndex(columnName=id) - start
171545 [main] DEBUG org.dbunit.dataset.DefaultTable  - getValue(row=0, column=timeStamp) - start
171545 [main] DEBUG org.dbunit.dataset.AbstractTable  - assertValidRowIndex(row=0) - start
171545 [main] DEBUG org.dbunit.dataset.AbstractTable  - assertValidRowIndex(row=0, rowCount=1) - start
171546 [main] DEBUG org.dbunit.dataset.AbstractTable  - getColumnIndex(columnName=timeStamp) - start
171546 [main] DEBUG org.dbunit.dataset.AbstractTableMetaData  - getColumnIndex(columnName=timeStamp) - start
171546 [main] DEBUG org.dbunit.operation.InsertOperation  - getOperationData(metaData=tableName=SCOPEDCONTENTCONDITION, columns=[(NAME, VARCHAR, noNulls), (DESCRIPTION, VARCHAR, nullable), (OPERATOR, VARCHAR, noNulls), (ID, INTEGER, noNulls), (TIMESTAMP, TIMESTAMP, nullable)], keys=[(ID, INTEGER, noNulls)], ignoreMapping={}, connection=_databaseConfig=org.dbunit.database.DatabaseConfig[, _propertyMap={http://www.dbunit.org/properties/statementFactory=org.dbunit.database.statement.PreparedStatementFactory@626bc2b8, http://www.dbunit.org/features/caseSensitiveTableNames=false, http://www.dbunit.org/properties/fetchSize=100, http://www.dbunit.org/features/batchedStatements=false, http://www.dbunit.org/properties/metadataHandler=org.dbunit.database.DefaultMetadataHandler@62baffef, http://www.dbunit.org/properties/datatypeFactory=org.dbunit.dataset.datatype.DefaultDataTypeFactory[_toleratedDeltaMap=org.dbunit.dataset.datatype.ToleratedDeltaMap@6452310a], http://www.dbunit.org/properties/escapePattern=null, http://www.dbunit.org/properties/batchSize=100, http://www.dbunit.org/features/qualifiedTableNames=false, http://www.dbunit.org/properties/tableType=[Ljava.lang.String;@5011bafa, http://www.dbunit.org/properties/resultSetTableFactory=org.dbunit.database.CachedResultSetTableFactory@10bcf083, http://www.dbunit.org/features/datatypeWarning=true}], _dataSet=AbstractDataSet[_orderedTableNameMap=null]) - start
171546 [main] DEBUG org.dbunit.operation.AbstractOperation  - getQualifiedName(prefix=null, name=SCOPEDCONTENTCONDITION, connection=_databaseConfig=org.dbunit.database.DatabaseConfig[, _propertyMap={http://www.dbunit.org/properties/statementFactory=org.dbunit.database.statement.PreparedStatementFactory@626bc2b8, http://www.dbunit.org/features/caseSensitiveTableNames=false, http://www.dbunit.org/properties/fetchSize=100, http://www.dbunit.org/features/batchedStatements=false, http://www.dbunit.org/properties/metadataHandler=org.dbunit.database.DefaultMetadataHandler@62baffef, http://www.dbunit.org/properties/datatypeFactory=org.dbunit.dataset.datatype.DefaultDataTypeFactory[_toleratedDeltaMap=org.dbunit.dataset.datatype.ToleratedDeltaMap@6452310a], http://www.dbunit.org/properties/escapePattern=null, http://www.dbunit.org/properties/batchSize=100, http://www.dbunit.org/features/qualifiedTableNames=false, http://www.dbunit.org/properties/tableType=[Ljava.lang.String;@5011bafa, http://www.dbunit.org/properties/resultSetTableFactory=org.dbunit.database.CachedResultSetTableFactory@10bcf083, http://www.dbunit.org/features/datatypeWarning=true}], _dataSet=AbstractDataSet[_orderedTableNameMap=null]) - start
171546 [main] TRACE org.dbunit.database.DatabaseConfig  - getProperty(name=http://www.dbunit.org/properties/escapePattern) - start
171546 [main] DEBUG org.dbunit.util.QualifiedTableName  - getQualifiedName() - start
171546 [main] DEBUG org.dbunit.util.QualifiedTableName  - getQualifiedName(prefix=null, name=SCOPEDCONTENTCONDITION, escapePattern=null) - start
171546 [main] DEBUG org.dbunit.operation.AbstractOperation  - getQualifiedName(prefix=null, name=NAME, connection=_databaseConfig=org.dbunit.database.DatabaseConfig[, _propertyMap={http://www.dbunit.org/properties/statementFactory=org.dbunit.database.statement.PreparedStatementFactory@626bc2b8, http://www.dbunit.org/features/caseSensitiveTableNames=false, http://www.dbunit.org/properties/fetchSize=100, http://www.dbunit.org/features/batchedStatements=false, http://www.dbunit.org/properties/metadataHandler=org.dbunit.database.DefaultMetadataHandler@62baffef, http://www.dbunit.org/properties/datatypeFactory=org.dbunit.dataset.datatype.DefaultDataTypeFactory[_toleratedDeltaMap=org.dbunit.dataset.datatype.ToleratedDeltaMap@6452310a], http://www.dbunit.org/properties/escapePattern=null, http://www.dbunit.org/properties/batchSize=100, http://www.dbunit.org/features/qualifiedTableNames=false, http://www.dbunit.org/properties/tableType=[Ljava.lang.String;@5011bafa, http://www.dbunit.org/properties/resultSetTableFactory=org.dbunit.database.CachedResultSetTableFactory@10bcf083, http://www.dbunit.org/features/datatypeWarning=true}], _dataSet=AbstractDataSet[_orderedTableNameMap=null]) - start
171546 [main] TRACE org.dbunit.database.DatabaseConfig  - getProperty(name=http://www.dbunit.org/properties/escapePattern) - start
171546 [main] DEBUG org.dbunit.util.QualifiedTableName  - getQualifiedName() - start
171546 [main] DEBUG org.dbunit.util.QualifiedTableName  - getQualifiedName(prefix=null, name=NAME, escapePattern=null) - start
171546 [main] DEBUG org.dbunit.operation.AbstractOperation  - getQualifiedName(prefix=null, name=DESCRIPTION, connection=_databaseConfig=org.dbunit.database.DatabaseConfig[, _propertyMap={http://www.dbunit.org/properties/statementFactory=org.dbunit.database.statement.PreparedStatementFactory@626bc2b8, http://www.dbunit.org/features/caseSensitiveTableNames=false, http://www.dbunit.org/properties/fetchSize=100, http://www.dbunit.org/features/batchedStatements=false, http://www.dbunit.org/properties/metadataHandler=org.dbunit.database.DefaultMetadataHandler@62baffef, http://www.dbunit.org/properties/datatypeFactory=org.dbunit.dataset.datatype.DefaultDataTypeFactory[_toleratedDeltaMap=org.dbunit.dataset.datatype.ToleratedDeltaMap@6452310a], http://www.dbunit.org/properties/escapePattern=null, http://www.dbunit.org/properties/batchSize=100, http://www.dbunit.org/features/qualifiedTableNames=false, http://www.dbunit.org/properties/tableType=[Ljava.lang.String;@5011bafa, http://www.dbunit.org/properties/resultSetTableFactory=org.dbunit.database.CachedResultSetTableFactory@10bcf083, http://www.dbunit.org/features/datatypeWarning=true}], _dataSet=AbstractDataSet[_orderedTableNameMap=null]) - start
171546 [main] TRACE org.dbunit.database.DatabaseConfig  - getProperty(name=http://www.dbunit.org/properties/escapePattern) - start
171546 [main] DEBUG org.dbunit.util.QualifiedTableName  - getQualifiedName() - start
171546 [main] DEBUG org.dbunit.util.QualifiedTableName  - getQualifiedName(prefix=null, name=DESCRIPTION, escapePattern=null) - start
171546 [main] DEBUG org.dbunit.operation.AbstractOperation  - getQualifiedName(prefix=null, name=OPERATOR, connection=_databaseConfig=org.dbunit.database.DatabaseConfig[, _propertyMap={http://www.dbunit.org/properties/statementFactory=org.dbunit.database.statement.PreparedStatementFactory@626bc2b8, http://www.dbunit.org/features/caseSensitiveTableNames=false, http://www.dbunit.org/properties/fetchSize=100, http://www.dbunit.org/features/batchedStatements=false, http://www.dbunit.org/properties/metadataHandler=org.dbunit.database.DefaultMetadataHandler@62baffef, http://www.dbunit.org/properties/datatypeFactory=org.dbunit.dataset.datatype.DefaultDataTypeFactory[_toleratedDeltaMap=org.dbunit.dataset.datatype.ToleratedDeltaMap@6452310a], http://www.dbunit.org/properties/escapePattern=null, http://www.dbunit.org/properties/batchSize=100, http://www.dbunit.org/features/qualifiedTableNames=false, http://www.dbunit.org/properties/tableType=[Ljava.lang.String;@5011bafa, http://www.dbunit.org/properties/resultSetTableFactory=org.dbunit.database.CachedResultSetTableFactory@10bcf083, http://www.dbunit.org/features/datatypeWarning=true}], _dataSet=AbstractDataSet[_orderedTableNameMap=null]) - start
171546 [main] TRACE org.dbunit.database.DatabaseConfig  - getProperty(name=http://www.dbunit.org/properties/escapePattern) - start
171547 [main] DEBUG org.dbunit.util.QualifiedTableName  - getQualifiedName() - start
171547 [main] DEBUG org.dbunit.util.QualifiedTableName  - getQualifiedName(prefix=null, name=OPERATOR, escapePattern=null) - start
171547 [main] DEBUG org.dbunit.operation.AbstractOperation  - getQualifiedName(prefix=null, name=ID, connection=_databaseConfig=org.dbunit.database.DatabaseConfig[, _propertyMap={http://www.dbunit.org/properties/statementFactory=org.dbunit.database.statement.PreparedStatementFactory@626bc2b8, http://www.dbunit.org/features/caseSensitiveTableNames=false, http://www.dbunit.org/properties/fetchSize=100, http://www.dbunit.org/features/batchedStatements=false, http://www.dbunit.org/properties/metadataHandler=org.dbunit.database.DefaultMetadataHandler@62baffef, http://www.dbunit.org/properties/datatypeFactory=org.dbunit.dataset.datatype.DefaultDataTypeFactory[_toleratedDeltaMap=org.dbunit.dataset.datatype.ToleratedDeltaMap@6452310a], http://www.dbunit.org/properties/escapePattern=null, http://www.dbunit.org/properties/batchSize=100, http://www.dbunit.org/features/qualifiedTableNames=false, http://www.dbunit.org/properties/tableType=[Ljava.lang.String;@5011bafa, http://www.dbunit.org/properties/resultSetTableFactory=org.dbunit.database.CachedResultSetTableFactory@10bcf083, http://www.dbunit.org/features/datatypeWarning=true}], _dataSet=AbstractDataSet[_orderedTableNameMap=null]) - start
171547 [main] TRACE org.dbunit.database.DatabaseConfig  - getProperty(name=http://www.dbunit.org/properties/escapePattern) - start
171547 [main] DEBUG org.dbunit.util.QualifiedTableName  - getQualifiedName() - start
171547 [main] DEBUG org.dbunit.util.QualifiedTableName  - getQualifiedName(prefix=null, name=ID, escapePattern=null) - start
171547 [main] DEBUG org.dbunit.operation.AbstractOperation  - getQualifiedName(prefix=null, name=TIMESTAMP, connection=_databaseConfig=org.dbunit.database.DatabaseConfig[, _propertyMap={http://www.dbunit.org/properties/statementFactory=org.dbunit.database.statement.PreparedStatementFactory@626bc2b8, http://www.dbunit.org/features/caseSensitiveTableNames=false, http://www.dbunit.org/properties/fetchSize=100, http://www.dbunit.org/features/batchedStatements=false, http://www.dbunit.org/properties/metadataHandler=org.dbunit.database.DefaultMetadataHandler@62baffef, http://www.dbunit.org/properties/datatypeFactory=org.dbunit.dataset.datatype.DefaultDataTypeFactory[_toleratedDeltaMap=org.dbunit.dataset.datatype.ToleratedDeltaMap@6452310a], http://www.dbunit.org/properties/escapePattern=null, http://www.dbunit.org/properties/batchSize=100, http://www.dbunit.org/features/qualifiedTableNames=false, http://www.dbunit.org/properties/tableType=[Ljava.lang.String;@5011bafa, http://www.dbunit.org/properties/resultSetTableFactory=org.dbunit.database.CachedResultSetTableFactory@10bcf083, http://www.dbunit.org/features/datatypeWarning=true}], _dataSet=AbstractDataSet[_orderedTableNameMap=null]) - start
171547 [main] TRACE org.dbunit.database.DatabaseConfig  - getProperty(name=http://www.dbunit.org/properties/escapePattern) - start
171547 [main] DEBUG org.dbunit.util.QualifiedTableName  - getQualifiedName() - start
171547 [main] DEBUG org.dbunit.util.QualifiedTableName  - getQualifiedName(prefix=null, name=TIMESTAMP, escapePattern=null) - start
171547 [main] DEBUG org.dbunit.database.statement.PreparedStatementFactory  - createPreparedBatchStatement(sql=insert into SCOPEDCONTENTCONDITION (NAME, DESCRIPTION, OPERATOR, ID, TIMESTAMP) values (?, ?, ?, ?, ?), connection=_databaseConfig=org.dbunit.database.DatabaseConfig[, _propertyMap={http://www.dbunit.org/properties/statementFactory=org.dbunit.database.statement.PreparedStatementFactory@626bc2b8, http://www.dbunit.org/features/caseSensitiveTableNames=false, http://www.dbunit.org/properties/fetchSize=100, http://www.dbunit.org/features/batchedStatements=false, http://www.dbunit.org/properties/metadataHandler=org.dbunit.database.DefaultMetadataHandler@62baffef, http://www.dbunit.org/properties/datatypeFactory=org.dbunit.dataset.datatype.DefaultDataTypeFactory[_toleratedDeltaMap=org.dbunit.dataset.datatype.ToleratedDeltaMap@6452310a], http://www.dbunit.org/properties/escapePattern=null, http://www.dbunit.org/properties/batchSize=100, http://www.dbunit.org/features/qualifiedTableNames=false, http://www.dbunit.org/properties/tableType=[Ljava.lang.String;@5011bafa, http://www.dbunit.org/properties/resultSetTableFactory=org.dbunit.database.CachedResultSetTableFactory@10bcf083, http://www.dbunit.org/features/datatypeWarning=true}], _dataSet=AbstractDataSet[_orderedTableNameMap=null]) - start
171547 [main] TRACE org.dbunit.database.DatabaseConfig  - getProperty(name=http://www.dbunit.org/properties/batchSize) - start
171547 [main] DEBUG org.dbunit.database.statement.AbstractStatementFactory  - supportBatchStatement(connection=_databaseConfig=org.dbunit.database.DatabaseConfig[, _propertyMap={http://www.dbunit.org/properties/statementFactory=org.dbunit.database.statement.PreparedStatementFactory@626bc2b8, http://www.dbunit.org/features/caseSensitiveTableNames=false, http://www.dbunit.org/properties/fetchSize=100, http://www.dbunit.org/features/batchedStatements=false, http://www.dbunit.org/properties/metadataHandler=org.dbunit.database.DefaultMetadataHandler@62baffef, http://www.dbunit.org/properties/datatypeFactory=org.dbunit.dataset.datatype.DefaultDataTypeFactory[_toleratedDeltaMap=org.dbunit.dataset.datatype.ToleratedDeltaMap@6452310a], http://www.dbunit.org/properties/escapePattern=null, http://www.dbunit.org/properties/batchSize=100, http://www.dbunit.org/features/qualifiedTableNames=false, http://www.dbunit.org/properties/tableType=[Ljava.lang.String;@5011bafa, http://www.dbunit.org/properties/resultSetTableFactory=org.dbunit.database.CachedResultSetTableFactory@10bcf083, http://www.dbunit.org/features/datatypeWarning=true}], _dataSet=AbstractDataSet[_orderedTableNameMap=null]) - start
171547 [main] TRACE org.dbunit.database.DatabaseConfig  - getFeature(name=http://www.dbunit.org/features/batchedStatements) - start
171547 [main] TRACE org.dbunit.database.DatabaseConfig  - getProperty(name=http://www.dbunit.org/features/batchedStatements) - start
171547 [main] DEBUG org.dbunit.database.DatabaseDataSourceConnection  - getConnection() - start
171548 [main] DEBUG org.dbunit.dataset.DefaultTable  - getValue(row=0, column=NAME) - start
171548 [main] DEBUG org.dbunit.dataset.AbstractTable  - assertValidRowIndex(row=0) - start
171548 [main] DEBUG org.dbunit.dataset.AbstractTable  - assertValidRowIndex(row=0, rowCount=1) - start
171548 [main] DEBUG org.dbunit.dataset.AbstractTable  - getColumnIndex(columnName=NAME) - start
171548 [main] DEBUG org.dbunit.dataset.AbstractTableMetaData  - getColumnIndex(columnName=NAME) - start
171548 [main] DEBUG org.dbunit.database.statement.AutomaticPreparedBatchStatement  - addValue(value=13, dataType=VARCHAR) - start
171548 [main] DEBUG org.dbunit.database.statement.SimplePreparedStatement  - addValue(value=13, dataType=VARCHAR) - start
171548 [main] DEBUG org.dbunit.dataset.datatype.StringDataType  - setSqlValue(value=13, column=1, statement=org.hsqldb.jdbc.JDBCPreparedStatement@33d974e4[sql=[insert into SCOPEDCONTENTCONDITION (NAME, DESCRIPTION, OPERATOR, ID, TIMESTAMP) values (?, ?, ?, ?, ?)], parameters=[[null], [null], [null], [null], [null]]]) - start
171548 [main] DEBUG org.dbunit.dataset.datatype.DataType  - asString(value=13) - start
171548 [main] DEBUG org.dbunit.dataset.datatype.StringDataType  - typeCast(value=13) - start
171548 [main] DEBUG org.dbunit.dataset.DefaultTable  - getValue(row=0, column=DESCRIPTION) - start
171548 [main] DEBUG org.dbunit.dataset.AbstractTable  - assertValidRowIndex(row=0) - start
171548 [main] DEBUG org.dbunit.dataset.AbstractTable  - assertValidRowIndex(row=0, rowCount=1) - start
171548 [main] DEBUG org.dbunit.dataset.AbstractTable  - getColumnIndex(columnName=DESCRIPTION) - start
171548 [main] DEBUG org.dbunit.dataset.AbstractTableMetaData  - getColumnIndex(columnName=DESCRIPTION) - start
171548 [main] DEBUG org.dbunit.database.statement.AutomaticPreparedBatchStatement  - addValue(value=14, dataType=VARCHAR) - start
171548 [main] DEBUG org.dbunit.database.statement.SimplePreparedStatement  - addValue(value=14, dataType=VARCHAR) - start
171548 [main] DEBUG org.dbunit.dataset.datatype.StringDataType  - setSqlValue(value=14, column=2, statement=org.hsqldb.jdbc.JDBCPreparedStatement@33d974e4[sql=[insert into SCOPEDCONTENTCONDITION (NAME, DESCRIPTION, OPERATOR, ID, TIMESTAMP) values (?, ?, ?, ?, ?)], parameters=[[13], [null], [null], [null], [null]]]) - start
171548 [main] DEBUG org.dbunit.dataset.datatype.DataType  - asString(value=14) - start
171548 [main] DEBUG org.dbunit.dataset.datatype.StringDataType  - typeCast(value=14) - start
171548 [main] DEBUG org.dbunit.dataset.DefaultTable  - getValue(row=0, column=OPERATOR) - start
171548 [main] DEBUG org.dbunit.dataset.AbstractTable  - assertValidRowIndex(row=0) - start
171548 [main] DEBUG org.dbunit.dataset.AbstractTable  - assertValidRowIndex(row=0, rowCount=1) - start
171548 [main] DEBUG org.dbunit.dataset.AbstractTable  - getColumnIndex(columnName=OPERATOR) - start
171548 [main] DEBUG org.dbunit.dataset.AbstractTableMetaData  - getColumnIndex(columnName=OPERATOR) - start
171548 [main] DEBUG org.dbunit.database.statement.AutomaticPreparedBatchStatement  - addValue(value=And, dataType=VARCHAR) - start
171548 [main] DEBUG org.dbunit.database.statement.SimplePreparedStatement  - addValue(value=And, dataType=VARCHAR) - start
171548 [main] DEBUG org.dbunit.dataset.datatype.StringDataType  - setSqlValue(value=And, column=3, statement=org.hsqldb.jdbc.JDBCPreparedStatement@33d974e4[sql=[insert into SCOPEDCONTENTCONDITION (NAME, DESCRIPTION, OPERATOR, ID, TIMESTAMP) values (?, ?, ?, ?, ?)], parameters=[[13], [14], [null], [null], [null]]]) - start
171548 [main] DEBUG org.dbunit.dataset.datatype.DataType  - asString(value=And) - start
171549 [main] DEBUG org.dbunit.dataset.datatype.StringDataType  - typeCast(value=And) - start
171549 [main] WARN  org.dbunit.dataset.datatype.StringDataType  - Unknown/unsupported object type 'com.tmt.kontroll.content.persistence.selections.ConditionalOperator' - will invoke toString() as last fallback which might produce undesired results
171549 [main] DEBUG org.dbunit.dataset.DefaultTable  - getValue(row=0, column=ID) - start
171549 [main] DEBUG org.dbunit.dataset.AbstractTable  - assertValidRowIndex(row=0) - start
171549 [main] DEBUG org.dbunit.dataset.AbstractTable  - assertValidRowIndex(row=0, rowCount=1) - start
171549 [main] DEBUG org.dbunit.dataset.AbstractTable  - getColumnIndex(columnName=ID) - start
171549 [main] DEBUG org.dbunit.dataset.AbstractTableMetaData  - getColumnIndex(columnName=ID) - start
171549 [main] DEBUG org.dbunit.database.statement.AutomaticPreparedBatchStatement  - addValue(value=1, dataType=INTEGER) - start
171549 [main] DEBUG org.dbunit.database.statement.SimplePreparedStatement  - addValue(value=1, dataType=INTEGER) - start
171549 [main] DEBUG org.dbunit.dataset.datatype.IntegerDataType  - setSqlValue(value=1, column=4, statement=org.hsqldb.jdbc.JDBCPreparedStatement@33d974e4[sql=[insert into SCOPEDCONTENTCONDITION (NAME, DESCRIPTION, OPERATOR, ID, TIMESTAMP) values (?, ?, ?, ?, ?)], parameters=[[13], [14], [And], [null], [null]]]) - start
171549 [main] DEBUG org.dbunit.dataset.datatype.IntegerDataType  - typeCast(value=1) - start
171549 [main] DEBUG org.dbunit.dataset.DefaultTable  - getValue(row=0, column=TIMESTAMP) - start
171549 [main] DEBUG org.dbunit.dataset.AbstractTable  - assertValidRowIndex(row=0) - start
171549 [main] DEBUG org.dbunit.dataset.AbstractTable  - assertValidRowIndex(row=0, rowCount=1) - start
171549 [main] DEBUG org.dbunit.dataset.AbstractTable  - getColumnIndex(columnName=TIMESTAMP) - start
171549 [main] DEBUG org.dbunit.dataset.AbstractTableMetaData  - getColumnIndex(columnName=TIMESTAMP) - start
171549 [main] DEBUG org.dbunit.database.statement.AutomaticPreparedBatchStatement  - addValue(value=2014-02-26 12:43:51.818, dataType=TIMESTAMP) - start
171549 [main] DEBUG org.dbunit.database.statement.SimplePreparedStatement  - addValue(value=2014-02-26 12:43:51.818, dataType=TIMESTAMP) - start
171549 [main] DEBUG org.dbunit.dataset.datatype.TimestampDataType  - setSqlValue(value=2014-02-26 12:43:51.818, column=5, statement=org.hsqldb.jdbc.JDBCPreparedStatement@33d974e4[sql=[insert into SCOPEDCONTENTCONDITION (NAME, DESCRIPTION, OPERATOR, ID, TIMESTAMP) values (?, ?, ?, ?, ?)], parameters=[[13], [14], [And], [1], [null]]]) - start
171549 [main] DEBUG org.dbunit.dataset.datatype.TimestampDataType  - typeCast(value=2014-02-26 12:43:51.818) - start
171549 [main] DEBUG org.dbunit.database.statement.AutomaticPreparedBatchStatement  - addBatch() - start
171549 [main] DEBUG org.dbunit.database.statement.SimplePreparedStatement  - addBatch() - start
171549 [main] DEBUG org.dbunit.operation.InsertOperation  - equalsIgnoreMapping(ignoreMapping={}, table=org.dbunit.dataset.DefaultTable[_metaData=tableName=ScopedContentCondition, columns=[(name, UNKNOWN, nullableUnknown), (description, UNKNOWN, nullableUnknown), (operator, UNKNOWN, nullableUnknown), (id, UNKNOWN, nullableUnknown), (timeStamp, UNKNOWN, nullableUnknown)], keys=[], _rowList.size()=1], row=1) - start
171550 [main] DEBUG org.dbunit.dataset.DefaultTable  - getValue(row=1, column=name) - start
171550 [main] DEBUG org.dbunit.dataset.AbstractTable  - assertValidRowIndex(row=1) - start
171550 [main] DEBUG org.dbunit.dataset.AbstractTable  - assertValidRowIndex(row=1, rowCount=1) - start
171550 [main] DEBUG org.dbunit.database.statement.AutomaticPreparedBatchStatement  - executeBatch() - start
171550 [main] DEBUG org.dbunit.database.statement.SimplePreparedStatement  - executeBatch() - start
171550 [main] DEBUG org.dbunit.database.statement.SimplePreparedStatement  - clearBatch() - start
171550 [main] DEBUG org.dbunit.database.statement.AutomaticPreparedBatchStatement  - clearBatch() - start
171550 [main] DEBUG org.dbunit.database.statement.SimplePreparedStatement  - clearBatch() - start
171550 [main] DEBUG org.dbunit.database.statement.AutomaticPreparedBatchStatement  - close() - start
171550 [main] DEBUG org.dbunit.database.statement.AbstractPreparedBatchStatement  - close() - start
171550 [main] DEBUG org.dbunit.dataset.filter.SequenceTableIterator  - next() - start
171550 [main] DEBUG org.dbunit.dataset.filter.SequenceTableIterator  - getTable() - start
171550 [main] DEBUG org.dbunit.dataset.AbstractDataSet  - getTable(tableName=NestedScopedContentConditions) - start
171550 [main] DEBUG org.dbunit.dataset.AbstractDataSet  - initialize() - start
171550 [main] DEBUG org.dbunit.dataset.AbstractDataSet  - The table name map has already been initialized.
171550 [main] DEBUG org.dbunit.dataset.OrderedTableNameMap  - getTableName(tableName=NestedScopedContentConditions) - start
171550 [main] DEBUG org.dbunit.dataset.OrderedTableNameMap  - getTableName(tableName=NestedScopedContentConditions) - end - result=NESTEDSCOPEDCONTENTCONDITIONS
171550 [main] TRACE org.dbunit.operation.AbstractBatchOperation  - execute: processing table='NestedScopedContentConditions'
171550 [main] DEBUG org.dbunit.operation.AbstractBatchOperation  - isEmpty(table=org.dbunit.dataset.DefaultTable[_metaData=tableName=NestedScopedContentConditions, columns=[], keys=[], _rowList.size()=0]) - start
171550 [main] DEBUG org.dbunit.dataset.filter.SequenceTableIterator  - next() - start
171550 [main] DEBUG org.dbunit.dataset.filter.SequenceTableIterator  - getTable() - start
171550 [main] DEBUG org.dbunit.dataset.AbstractDataSet  - getTable(tableName=RequestContext) - start
171550 [main] DEBUG org.dbunit.dataset.AbstractDataSet  - initialize() - start
171550 [main] DEBUG org.dbunit.dataset.AbstractDataSet  - The table name map has already been initialized.
171550 [main] DEBUG org.dbunit.dataset.OrderedTableNameMap  - getTableName(tableName=RequestContext) - start
171550 [main] DEBUG org.dbunit.dataset.OrderedTableNameMap  - getTableName(tableName=RequestContext) - end - result=REQUESTCONTEXT
171550 [main] TRACE org.dbunit.operation.AbstractBatchOperation  - execute: processing table='RequestContext'
171551 [main] DEBUG org.dbunit.operation.AbstractBatchOperation  - isEmpty(table=org.dbunit.dataset.DefaultTable[_metaData=tableName=RequestContext, columns=[(path, UNKNOWN, nullableUnknown), (id, UNKNOWN, nullableUnknown), (timeStamp, UNKNOWN, nullableUnknown)], keys=[], _rowList.size()=1]) - start
171551 [main] DEBUG org.dbunit.dataset.DefaultTable  - getValue(row=0, column=path) - start
171551 [main] DEBUG org.dbunit.dataset.AbstractTable  - assertValidRowIndex(row=0) - start
171551 [main] DEBUG org.dbunit.dataset.AbstractTable  - assertValidRowIndex(row=0, rowCount=1) - start
171551 [main] DEBUG org.dbunit.dataset.AbstractTable  - getColumnIndex(columnName=path) - start
171551 [main] DEBUG org.dbunit.dataset.AbstractTableMetaData  - getColumnIndex(columnName=path) - start
171551 [main] DEBUG org.dbunit.operation.AbstractOperation  - getOperationMetaData(connection=_databaseConfig=org.dbunit.database.DatabaseConfig[, _propertyMap={http://www.dbunit.org/properties/statementFactory=org.dbunit.database.statement.PreparedStatementFactory@626bc2b8, http://www.dbunit.org/features/caseSensitiveTableNames=false, http://www.dbunit.org/properties/fetchSize=100, http://www.dbunit.org/features/batchedStatements=false, http://www.dbunit.org/properties/metadataHandler=org.dbunit.database.DefaultMetadataHandler@62baffef, http://www.dbunit.org/properties/datatypeFactory=org.dbunit.dataset.datatype.DefaultDataTypeFactory[_toleratedDeltaMap=org.dbunit.dataset.datatype.ToleratedDeltaMap@6452310a], http://www.dbunit.org/properties/escapePattern=null, http://www.dbunit.org/properties/batchSize=100, http://www.dbunit.org/features/qualifiedTableNames=false, http://www.dbunit.org/properties/tableType=[Ljava.lang.String;@5011bafa, http://www.dbunit.org/properties/resultSetTableFactory=org.dbunit.database.CachedResultSetTableFactory@10bcf083, http://www.dbunit.org/features/datatypeWarning=true}], _dataSet=AbstractDataSet[_orderedTableNameMap=null], metaData=tableName=RequestContext, columns=[(path, UNKNOWN, nullableUnknown), (id, UNKNOWN, nullableUnknown), (timeStamp, UNKNOWN, nullableUnknown)], keys=[]) - start
171551 [main] DEBUG org.dbunit.database.AbstractDatabaseConnection  - createDataSet() - start
171551 [main] DEBUG org.dbunit.database.DatabaseDataSet  - getTableMetaData(tableName=RequestContext) - start
171551 [main] DEBUG org.dbunit.database.DatabaseDataSet  - initialize() - start
171551 [main] DEBUG org.dbunit.dataset.OrderedTableNameMap  - getTableName(tableName=RequestContext) - start
171551 [main] DEBUG org.dbunit.dataset.OrderedTableNameMap  - getTableName(tableName=RequestContext) - end - result=REQUESTCONTEXT
171551 [main] DEBUG org.dbunit.dataset.OrderedTableNameMap  - getTableName(tableName=RequestContext) - start
171551 [main] DEBUG org.dbunit.dataset.OrderedTableNameMap  - getTableName(tableName=RequestContext) - end - result=REQUESTCONTEXT
171551 [main] DEBUG org.dbunit.dataset.AbstractTableMetaData  - getColumnIndex(columnName=path) - start
171551 [main] DEBUG org.dbunit.database.DatabaseTableMetaData  - getColumns() - start
171551 [main] DEBUG org.dbunit.dataset.AbstractTableMetaData  - getColumnIndex(columnName=id) - start
171551 [main] DEBUG org.dbunit.database.DatabaseTableMetaData  - getColumns() - start
171551 [main] DEBUG org.dbunit.dataset.AbstractTableMetaData  - getColumnIndex(columnName=timeStamp) - start
171551 [main] DEBUG org.dbunit.database.DatabaseTableMetaData  - getColumns() - start
171551 [main] DEBUG org.dbunit.database.DatabaseTableMetaData  - getPrimaryKeys() - start
171551 [main] TRACE org.dbunit.database.DatabaseConfig  - getProperty(name=http://www.dbunit.org/properties/primaryKeyFilter) - start
171551 [main] DEBUG org.dbunit.operation.InsertOperation  - getIgnoreMapping(table=org.dbunit.dataset.DefaultTable[_metaData=tableName=RequestContext, columns=[(path, UNKNOWN, nullableUnknown), (id, UNKNOWN, nullableUnknown), (timeStamp, UNKNOWN, nullableUnknown)], keys=[], _rowList.size()=1], row=0) - start
171552 [main] DEBUG org.dbunit.dataset.DefaultTable  - getValue(row=0, column=path) - start
171552 [main] DEBUG org.dbunit.dataset.AbstractTable  - assertValidRowIndex(row=0) - start
171552 [main] DEBUG org.dbunit.dataset.AbstractTable  - assertValidRowIndex(row=0, rowCount=1) - start
171552 [main] DEBUG org.dbunit.dataset.AbstractTable  - getColumnIndex(columnName=path) - start
171552 [main] DEBUG org.dbunit.dataset.AbstractTableMetaData  - getColumnIndex(columnName=path) - start
171552 [main] DEBUG org.dbunit.dataset.DefaultTable  - getValue(row=0, column=id) - start
171552 [main] DEBUG org.dbunit.dataset.AbstractTable  - assertValidRowIndex(row=0) - start
171552 [main] DEBUG org.dbunit.dataset.AbstractTable  - assertValidRowIndex(row=0, rowCount=1) - start
171552 [main] DEBUG org.dbunit.dataset.AbstractTable  - getColumnIndex(columnName=id) - start
171552 [main] DEBUG org.dbunit.dataset.AbstractTableMetaData  - getColumnIndex(columnName=id) - start
171552 [main] DEBUG org.dbunit.dataset.DefaultTable  - getValue(row=0, column=timeStamp) - start
171552 [main] DEBUG org.dbunit.dataset.AbstractTable  - assertValidRowIndex(row=0) - start
171552 [main] DEBUG org.dbunit.dataset.AbstractTable  - assertValidRowIndex(row=0, rowCount=1) - start
171552 [main] DEBUG org.dbunit.dataset.AbstractTable  - getColumnIndex(columnName=timeStamp) - start
171552 [main] DEBUG org.dbunit.dataset.AbstractTableMetaData  - getColumnIndex(columnName=timeStamp) - start
171552 [main] DEBUG org.dbunit.operation.InsertOperation  - getOperationData(metaData=tableName=REQUESTCONTEXT, columns=[(PATH, VARCHAR, noNulls), (ID, INTEGER, noNulls), (TIMESTAMP, TIMESTAMP, nullable)], keys=[(ID, INTEGER, noNulls)], ignoreMapping={}, connection=_databaseConfig=org.dbunit.database.DatabaseConfig[, _propertyMap={http://www.dbunit.org/properties/statementFactory=org.dbunit.database.statement.PreparedStatementFactory@626bc2b8, http://www.dbunit.org/features/caseSensitiveTableNames=false, http://www.dbunit.org/properties/fetchSize=100, http://www.dbunit.org/features/batchedStatements=false, http://www.dbunit.org/properties/metadataHandler=org.dbunit.database.DefaultMetadataHandler@62baffef, http://www.dbunit.org/properties/datatypeFactory=org.dbunit.dataset.datatype.DefaultDataTypeFactory[_toleratedDeltaMap=org.dbunit.dataset.datatype.ToleratedDeltaMap@6452310a], http://www.dbunit.org/properties/escapePattern=null, http://www.dbunit.org/properties/batchSize=100, http://www.dbunit.org/features/qualifiedTableNames=false, http://www.dbunit.org/properties/tableType=[Ljava.lang.String;@5011bafa, http://www.dbunit.org/properties/resultSetTableFactory=org.dbunit.database.CachedResultSetTableFactory@10bcf083, http://www.dbunit.org/features/datatypeWarning=true}], _dataSet=AbstractDataSet[_orderedTableNameMap=null]) - start
171552 [main] DEBUG org.dbunit.operation.AbstractOperation  - getQualifiedName(prefix=null, name=REQUESTCONTEXT, connection=_databaseConfig=org.dbunit.database.DatabaseConfig[, _propertyMap={http://www.dbunit.org/properties/statementFactory=org.dbunit.database.statement.PreparedStatementFactory@626bc2b8, http://www.dbunit.org/features/caseSensitiveTableNames=false, http://www.dbunit.org/properties/fetchSize=100, http://www.dbunit.org/features/batchedStatements=false, http://www.dbunit.org/properties/metadataHandler=org.dbunit.database.DefaultMetadataHandler@62baffef, http://www.dbunit.org/properties/datatypeFactory=org.dbunit.dataset.datatype.DefaultDataTypeFactory[_toleratedDeltaMap=org.dbunit.dataset.datatype.ToleratedDeltaMap@6452310a], http://www.dbunit.org/properties/escapePattern=null, http://www.dbunit.org/properties/batchSize=100, http://www.dbunit.org/features/qualifiedTableNames=false, http://www.dbunit.org/properties/tableType=[Ljava.lang.String;@5011bafa, http://www.dbunit.org/properties/resultSetTableFactory=org.dbunit.database.CachedResultSetTableFactory@10bcf083, http://www.dbunit.org/features/datatypeWarning=true}], _dataSet=AbstractDataSet[_orderedTableNameMap=null]) - start
171552 [main] TRACE org.dbunit.database.DatabaseConfig  - getProperty(name=http://www.dbunit.org/properties/escapePattern) - start
171552 [main] DEBUG org.dbunit.util.QualifiedTableName  - getQualifiedName() - start
171552 [main] DEBUG org.dbunit.util.QualifiedTableName  - getQualifiedName(prefix=null, name=REQUESTCONTEXT, escapePattern=null) - start
171552 [main] DEBUG org.dbunit.operation.AbstractOperation  - getQualifiedName(prefix=null, name=PATH, connection=_databaseConfig=org.dbunit.database.DatabaseConfig[, _propertyMap={http://www.dbunit.org/properties/statementFactory=org.dbunit.database.statement.PreparedStatementFactory@626bc2b8, http://www.dbunit.org/features/caseSensitiveTableNames=false, http://www.dbunit.org/properties/fetchSize=100, http://www.dbunit.org/features/batchedStatements=false, http://www.dbunit.org/properties/metadataHandler=org.dbunit.database.DefaultMetadataHandler@62baffef, http://www.dbunit.org/properties/datatypeFactory=org.dbunit.dataset.datatype.DefaultDataTypeFactory[_toleratedDeltaMap=org.dbunit.dataset.datatype.ToleratedDeltaMap@6452310a], http://www.dbunit.org/properties/escapePattern=null, http://www.dbunit.org/properties/batchSize=100, http://www.dbunit.org/features/qualifiedTableNames=false, http://www.dbunit.org/properties/tableType=[Ljava.lang.String;@5011bafa, http://www.dbunit.org/properties/resultSetTableFactory=org.dbunit.database.CachedResultSetTableFactory@10bcf083, http://www.dbunit.org/features/datatypeWarning=true}], _dataSet=AbstractDataSet[_orderedTableNameMap=null]) - start
171552 [main] TRACE org.dbunit.database.DatabaseConfig  - getProperty(name=http://www.dbunit.org/properties/escapePattern) - start
171552 [main] DEBUG org.dbunit.util.QualifiedTableName  - getQualifiedName() - start
171553 [main] DEBUG org.dbunit.util.QualifiedTableName  - getQualifiedName(prefix=null, name=PATH, escapePattern=null) - start
171553 [main] DEBUG org.dbunit.operation.AbstractOperation  - getQualifiedName(prefix=null, name=ID, connection=_databaseConfig=org.dbunit.database.DatabaseConfig[, _propertyMap={http://www.dbunit.org/properties/statementFactory=org.dbunit.database.statement.PreparedStatementFactory@626bc2b8, http://www.dbunit.org/features/caseSensitiveTableNames=false, http://www.dbunit.org/properties/fetchSize=100, http://www.dbunit.org/features/batchedStatements=false, http://www.dbunit.org/properties/metadataHandler=org.dbunit.database.DefaultMetadataHandler@62baffef, http://www.dbunit.org/properties/datatypeFactory=org.dbunit.dataset.datatype.DefaultDataTypeFactory[_toleratedDeltaMap=org.dbunit.dataset.datatype.ToleratedDeltaMap@6452310a], http://www.dbunit.org/properties/escapePattern=null, http://www.dbunit.org/properties/batchSize=100, http://www.dbunit.org/features/qualifiedTableNames=false, http://www.dbunit.org/properties/tableType=[Ljava.lang.String;@5011bafa, http://www.dbunit.org/properties/resultSetTableFactory=org.dbunit.database.CachedResultSetTableFactory@10bcf083, http://www.dbunit.org/features/datatypeWarning=true}], _dataSet=AbstractDataSet[_orderedTableNameMap=null]) - start
171553 [main] TRACE org.dbunit.database.DatabaseConfig  - getProperty(name=http://www.dbunit.org/properties/escapePattern) - start
171553 [main] DEBUG org.dbunit.util.QualifiedTableName  - getQualifiedName() - start
171553 [main] DEBUG org.dbunit.util.QualifiedTableName  - getQualifiedName(prefix=null, name=ID, escapePattern=null) - start
171553 [main] DEBUG org.dbunit.operation.AbstractOperation  - getQualifiedName(prefix=null, name=TIMESTAMP, connection=_databaseConfig=org.dbunit.database.DatabaseConfig[, _propertyMap={http://www.dbunit.org/properties/statementFactory=org.dbunit.database.statement.PreparedStatementFactory@626bc2b8, http://www.dbunit.org/features/caseSensitiveTableNames=false, http://www.dbunit.org/properties/fetchSize=100, http://www.dbunit.org/features/batchedStatements=false, http://www.dbunit.org/properties/metadataHandler=org.dbunit.database.DefaultMetadataHandler@62baffef, http://www.dbunit.org/properties/datatypeFactory=org.dbunit.dataset.datatype.DefaultDataTypeFactory[_toleratedDeltaMap=org.dbunit.dataset.datatype.ToleratedDeltaMap@6452310a], http://www.dbunit.org/properties/escapePattern=null, http://www.dbunit.org/properties/batchSize=100, http://www.dbunit.org/features/qualifiedTableNames=false, http://www.dbunit.org/properties/tableType=[Ljava.lang.String;@5011bafa, http://www.dbunit.org/properties/resultSetTableFactory=org.dbunit.database.CachedResultSetTableFactory@10bcf083, http://www.dbunit.org/features/datatypeWarning=true}], _dataSet=AbstractDataSet[_orderedTableNameMap=null]) - start
171553 [main] TRACE org.dbunit.database.DatabaseConfig  - getProperty(name=http://www.dbunit.org/properties/escapePattern) - start
171553 [main] DEBUG org.dbunit.util.QualifiedTableName  - getQualifiedName() - start
171553 [main] DEBUG org.dbunit.util.QualifiedTableName  - getQualifiedName(prefix=null, name=TIMESTAMP, escapePattern=null) - start
171553 [main] DEBUG org.dbunit.database.statement.PreparedStatementFactory  - createPreparedBatchStatement(sql=insert into REQUESTCONTEXT (PATH, ID, TIMESTAMP) values (?, ?, ?), connection=_databaseConfig=org.dbunit.database.DatabaseConfig[, _propertyMap={http://www.dbunit.org/properties/statementFactory=org.dbunit.database.statement.PreparedStatementFactory@626bc2b8, http://www.dbunit.org/features/caseSensitiveTableNames=false, http://www.dbunit.org/properties/fetchSize=100, http://www.dbunit.org/features/batchedStatements=false, http://www.dbunit.org/properties/metadataHandler=org.dbunit.database.DefaultMetadataHandler@62baffef, http://www.dbunit.org/properties/datatypeFactory=org.dbunit.dataset.datatype.DefaultDataTypeFactory[_toleratedDeltaMap=org.dbunit.dataset.datatype.ToleratedDeltaMap@6452310a], http://www.dbunit.org/properties/escapePattern=null, http://www.dbunit.org/properties/batchSize=100, http://www.dbunit.org/features/qualifiedTableNames=false, http://www.dbunit.org/properties/tableType=[Ljava.lang.String;@5011bafa, http://www.dbunit.org/properties/resultSetTableFactory=org.dbunit.database.CachedResultSetTableFactory@10bcf083, http://www.dbunit.org/features/datatypeWarning=true}], _dataSet=AbstractDataSet[_orderedTableNameMap=null]) - start
171553 [main] TRACE org.dbunit.database.DatabaseConfig  - getProperty(name=http://www.dbunit.org/properties/batchSize) - start
171553 [main] DEBUG org.dbunit.database.statement.AbstractStatementFactory  - supportBatchStatement(connection=_databaseConfig=org.dbunit.database.DatabaseConfig[, _propertyMap={http://www.dbunit.org/properties/statementFactory=org.dbunit.database.statement.PreparedStatementFactory@626bc2b8, http://www.dbunit.org/features/caseSensitiveTableNames=false, http://www.dbunit.org/properties/fetchSize=100, http://www.dbunit.org/features/batchedStatements=false, http://www.dbunit.org/properties/metadataHandler=org.dbunit.database.DefaultMetadataHandler@62baffef, http://www.dbunit.org/properties/datatypeFactory=org.dbunit.dataset.datatype.DefaultDataTypeFactory[_toleratedDeltaMap=org.dbunit.dataset.datatype.ToleratedDeltaMap@6452310a], http://www.dbunit.org/properties/escapePattern=null, http://www.dbunit.org/properties/batchSize=100, http://www.dbunit.org/features/qualifiedTableNames=false, http://www.dbunit.org/properties/tableType=[Ljava.lang.String;@5011bafa, http://www.dbunit.org/properties/resultSetTableFactory=org.dbunit.database.CachedResultSetTableFactory@10bcf083, http://www.dbunit.org/features/datatypeWarning=true}], _dataSet=AbstractDataSet[_orderedTableNameMap=null]) - start
171553 [main] TRACE org.dbunit.database.DatabaseConfig  - getFeature(name=http://www.dbunit.org/features/batchedStatements) - start
171553 [main] TRACE org.dbunit.database.DatabaseConfig  - getProperty(name=http://www.dbunit.org/features/batchedStatements) - start
171553 [main] DEBUG org.dbunit.database.DatabaseDataSourceConnection  - getConnection() - start
171553 [main] DEBUG org.dbunit.dataset.DefaultTable  - getValue(row=0, column=PATH) - start
171554 [main] DEBUG org.dbunit.dataset.AbstractTable  - assertValidRowIndex(row=0) - start
171554 [main] DEBUG org.dbunit.dataset.AbstractTable  - assertValidRowIndex(row=0, rowCount=1) - start
171554 [main] DEBUG org.dbunit.dataset.AbstractTable  - getColumnIndex(columnName=PATH) - start
171554 [main] DEBUG org.dbunit.dataset.AbstractTableMetaData  - getColumnIndex(columnName=PATH) - start
171554 [main] DEBUG org.dbunit.database.statement.AutomaticPreparedBatchStatement  - addValue(value=5, dataType=VARCHAR) - start
171554 [main] DEBUG org.dbunit.database.statement.SimplePreparedStatement  - addValue(value=5, dataType=VARCHAR) - start
171554 [main] DEBUG org.dbunit.dataset.datatype.StringDataType  - setSqlValue(value=5, column=1, statement=org.hsqldb.jdbc.JDBCPreparedStatement@9893f54[sql=[insert into REQUESTCONTEXT (PATH, ID, TIMESTAMP) values (?, ?, ?)], parameters=[[null], [null], [null]]]) - start
171554 [main] DEBUG org.dbunit.dataset.datatype.DataType  - asString(value=5) - start
171554 [main] DEBUG org.dbunit.dataset.datatype.StringDataType  - typeCast(value=5) - start
171554 [main] DEBUG org.dbunit.dataset.DefaultTable  - getValue(row=0, column=ID) - start
171554 [main] DEBUG org.dbunit.dataset.AbstractTable  - assertValidRowIndex(row=0) - start
171554 [main] DEBUG org.dbunit.dataset.AbstractTable  - assertValidRowIndex(row=0, rowCount=1) - start
171554 [main] DEBUG org.dbunit.dataset.AbstractTable  - getColumnIndex(columnName=ID) - start
171554 [main] DEBUG org.dbunit.dataset.AbstractTableMetaData  - getColumnIndex(columnName=ID) - start
171554 [main] DEBUG org.dbunit.database.statement.AutomaticPreparedBatchStatement  - addValue(value=1, dataType=INTEGER) - start
171554 [main] DEBUG org.dbunit.database.statement.SimplePreparedStatement  - addValue(value=1, dataType=INTEGER) - start
171554 [main] DEBUG org.dbunit.dataset.datatype.IntegerDataType  - setSqlValue(value=1, column=2, statement=org.hsqldb.jdbc.JDBCPreparedStatement@9893f54[sql=[insert into REQUESTCONTEXT (PATH, ID, TIMESTAMP) values (?, ?, ?)], parameters=[[5], [null], [null]]]) - start
171554 [main] DEBUG org.dbunit.dataset.datatype.IntegerDataType  - typeCast(value=1) - start
171554 [main] DEBUG org.dbunit.dataset.DefaultTable  - getValue(row=0, column=TIMESTAMP) - start
171554 [main] DEBUG org.dbunit.dataset.AbstractTable  - assertValidRowIndex(row=0) - start
171554 [main] DEBUG org.dbunit.dataset.AbstractTable  - assertValidRowIndex(row=0, rowCount=1) - start
171554 [main] DEBUG org.dbunit.dataset.AbstractTable  - getColumnIndex(columnName=TIMESTAMP) - start
171554 [main] DEBUG org.dbunit.dataset.AbstractTableMetaData  - getColumnIndex(columnName=TIMESTAMP) - start
171554 [main] DEBUG org.dbunit.database.statement.AutomaticPreparedBatchStatement  - addValue(value=2014-02-26 12:43:51.814, dataType=TIMESTAMP) - start
171554 [main] DEBUG org.dbunit.database.statement.SimplePreparedStatement  - addValue(value=2014-02-26 12:43:51.814, dataType=TIMESTAMP) - start
171554 [main] DEBUG org.dbunit.dataset.datatype.TimestampDataType  - setSqlValue(value=2014-02-26 12:43:51.814, column=3, statement=org.hsqldb.jdbc.JDBCPreparedStatement@9893f54[sql=[insert into REQUESTCONTEXT (PATH, ID, TIMESTAMP) values (?, ?, ?)], parameters=[[5], [1], [null]]]) - start
171554 [main] DEBUG org.dbunit.dataset.datatype.TimestampDataType  - typeCast(value=2014-02-26 12:43:51.814) - start
171555 [main] DEBUG org.dbunit.database.statement.AutomaticPreparedBatchStatement  - addBatch() - start
171555 [main] DEBUG org.dbunit.database.statement.SimplePreparedStatement  - addBatch() - start
171555 [main] DEBUG org.dbunit.operation.InsertOperation  - equalsIgnoreMapping(ignoreMapping={}, table=org.dbunit.dataset.DefaultTable[_metaData=tableName=RequestContext, columns=[(path, UNKNOWN, nullableUnknown), (id, UNKNOWN, nullableUnknown), (timeStamp, UNKNOWN, nullableUnknown)], keys=[], _rowList.size()=1], row=1) - start
171555 [main] DEBUG org.dbunit.dataset.DefaultTable  - getValue(row=1, column=path) - start
171555 [main] DEBUG org.dbunit.dataset.AbstractTable  - assertValidRowIndex(row=1) - start
171555 [main] DEBUG org.dbunit.dataset.AbstractTable  - assertValidRowIndex(row=1, rowCount=1) - start
171555 [main] DEBUG org.dbunit.database.statement.AutomaticPreparedBatchStatement  - executeBatch() - start
171555 [main] DEBUG org.dbunit.database.statement.SimplePreparedStatement  - executeBatch() - start
171555 [main] DEBUG org.dbunit.database.statement.SimplePreparedStatement  - clearBatch() - start
171555 [main] DEBUG org.dbunit.database.statement.AutomaticPreparedBatchStatement  - clearBatch() - start
171555 [main] DEBUG org.dbunit.database.statement.SimplePreparedStatement  - clearBatch() - start
171555 [main] DEBUG org.dbunit.database.statement.AutomaticPreparedBatchStatement  - close() - start
171555 [main] DEBUG org.dbunit.database.statement.AbstractPreparedBatchStatement  - close() - start
171555 [main] DEBUG org.dbunit.dataset.filter.SequenceTableIterator  - next() - start
171555 [main] DEBUG org.dbunit.dataset.filter.SequenceTableIterator  - getTable() - start
171555 [main] DEBUG org.dbunit.dataset.AbstractDataSet  - getTable(tableName=Scope) - start
171555 [main] DEBUG org.dbunit.dataset.AbstractDataSet  - initialize() - start
171555 [main] DEBUG org.dbunit.dataset.AbstractDataSet  - The table name map has already been initialized.
171556 [main] DEBUG org.dbunit.dataset.OrderedTableNameMap  - getTableName(tableName=Scope) - start
171556 [main] DEBUG org.dbunit.dataset.OrderedTableNameMap  - getTableName(tableName=Scope) - end - result=SCOPE
171556 [main] TRACE org.dbunit.operation.AbstractBatchOperation  - execute: processing table='Scope'
171556 [main] DEBUG org.dbunit.operation.AbstractBatchOperation  - isEmpty(table=org.dbunit.dataset.DefaultTable[_metaData=tableName=Scope, columns=[(name, UNKNOWN, nullableUnknown), (description, UNKNOWN, nullableUnknown), (id, UNKNOWN, nullableUnknown), (timeStamp, UNKNOWN, nullableUnknown)], keys=[], _rowList.size()=1]) - start
171556 [main] DEBUG org.dbunit.dataset.DefaultTable  - getValue(row=0, column=name) - start
171556 [main] DEBUG org.dbunit.dataset.AbstractTable  - assertValidRowIndex(row=0) - start
171556 [main] DEBUG org.dbunit.dataset.AbstractTable  - assertValidRowIndex(row=0, rowCount=1) - start
171556 [main] DEBUG org.dbunit.dataset.AbstractTable  - getColumnIndex(columnName=name) - start
171556 [main] DEBUG org.dbunit.dataset.AbstractTableMetaData  - getColumnIndex(columnName=name) - start
171556 [main] DEBUG org.dbunit.operation.AbstractOperation  - getOperationMetaData(connection=_databaseConfig=org.dbunit.database.DatabaseConfig[, _propertyMap={http://www.dbunit.org/properties/statementFactory=org.dbunit.database.statement.PreparedStatementFactory@626bc2b8, http://www.dbunit.org/features/caseSensitiveTableNames=false, http://www.dbunit.org/properties/fetchSize=100, http://www.dbunit.org/features/batchedStatements=false, http://www.dbunit.org/properties/metadataHandler=org.dbunit.database.DefaultMetadataHandler@62baffef, http://www.dbunit.org/properties/datatypeFactory=org.dbunit.dataset.datatype.DefaultDataTypeFactory[_toleratedDeltaMap=org.dbunit.dataset.datatype.ToleratedDeltaMap@6452310a], http://www.dbunit.org/properties/escapePattern=null, http://www.dbunit.org/properties/batchSize=100, http://www.dbunit.org/features/qualifiedTableNames=false, http://www.dbunit.org/properties/tableType=[Ljava.lang.String;@5011bafa, http://www.dbunit.org/properties/resultSetTableFactory=org.dbunit.database.CachedResultSetTableFactory@10bcf083, http://www.dbunit.org/features/datatypeWarning=true}], _dataSet=AbstractDataSet[_orderedTableNameMap=null], metaData=tableName=Scope, columns=[(name, UNKNOWN, nullableUnknown), (description, UNKNOWN, nullableUnknown), (id, UNKNOWN, nullableUnknown), (timeStamp, UNKNOWN, nullableUnknown)], keys=[]) - start
171556 [main] DEBUG org.dbunit.database.AbstractDatabaseConnection  - createDataSet() - start
171556 [main] DEBUG org.dbunit.database.DatabaseDataSet  - getTableMetaData(tableName=Scope) - start
171556 [main] DEBUG org.dbunit.database.DatabaseDataSet  - initialize() - start
171556 [main] DEBUG org.dbunit.dataset.OrderedTableNameMap  - getTableName(tableName=Scope) - start
171556 [main] DEBUG org.dbunit.dataset.OrderedTableNameMap  - getTableName(tableName=Scope) - end - result=SCOPE
171556 [main] DEBUG org.dbunit.dataset.OrderedTableNameMap  - getTableName(tableName=Scope) - start
171556 [main] DEBUG org.dbunit.dataset.OrderedTableNameMap  - getTableName(tableName=Scope) - end - result=SCOPE
171556 [main] DEBUG org.dbunit.dataset.AbstractTableMetaData  - getColumnIndex(columnName=name) - start
171556 [main] DEBUG org.dbunit.database.DatabaseTableMetaData  - getColumns() - start
171556 [main] DEBUG org.dbunit.dataset.AbstractTableMetaData  - getColumnIndex(columnName=description) - start
171556 [main] DEBUG org.dbunit.database.DatabaseTableMetaData  - getColumns() - start
171556 [main] DEBUG org.dbunit.dataset.AbstractTableMetaData  - getColumnIndex(columnName=id) - start
171556 [main] DEBUG org.dbunit.database.DatabaseTableMetaData  - getColumns() - start
171556 [main] DEBUG org.dbunit.dataset.AbstractTableMetaData  - getColumnIndex(columnName=timeStamp) - start
171556 [main] DEBUG org.dbunit.database.DatabaseTableMetaData  - getColumns() - start
171556 [main] DEBUG org.dbunit.database.DatabaseTableMetaData  - getPrimaryKeys() - start
171556 [main] TRACE org.dbunit.database.DatabaseConfig  - getProperty(name=http://www.dbunit.org/properties/primaryKeyFilter) - start
171556 [main] DEBUG org.dbunit.operation.InsertOperation  - getIgnoreMapping(table=org.dbunit.dataset.DefaultTable[_metaData=tableName=Scope, columns=[(name, UNKNOWN, nullableUnknown), (description, UNKNOWN, nullableUnknown), (id, UNKNOWN, nullableUnknown), (timeStamp, UNKNOWN, nullableUnknown)], keys=[], _rowList.size()=1], row=0) - start
171556 [main] DEBUG org.dbunit.dataset.DefaultTable  - getValue(row=0, column=name) - start
171557 [main] DEBUG org.dbunit.dataset.AbstractTable  - assertValidRowIndex(row=0) - start
171557 [main] DEBUG org.dbunit.dataset.AbstractTable  - assertValidRowIndex(row=0, rowCount=1) - start
171557 [main] DEBUG org.dbunit.dataset.AbstractTable  - getColumnIndex(columnName=name) - start
171557 [main] DEBUG org.dbunit.dataset.AbstractTableMetaData  - getColumnIndex(columnName=name) - start
171557 [main] DEBUG org.dbunit.dataset.DefaultTable  - getValue(row=0, column=description) - start
171557 [main] DEBUG org.dbunit.dataset.AbstractTable  - assertValidRowIndex(row=0) - start
171557 [main] DEBUG org.dbunit.dataset.AbstractTable  - assertValidRowIndex(row=0, rowCount=1) - start
171557 [main] DEBUG org.dbunit.dataset.AbstractTable  - getColumnIndex(columnName=description) - start
171557 [main] DEBUG org.dbunit.dataset.AbstractTableMetaData  - getColumnIndex(columnName=description) - start
171557 [main] DEBUG org.dbunit.dataset.DefaultTable  - getValue(row=0, column=id) - start
171557 [main] DEBUG org.dbunit.dataset.AbstractTable  - assertValidRowIndex(row=0) - start
171557 [main] DEBUG org.dbunit.dataset.AbstractTable  - assertValidRowIndex(row=0, rowCount=1) - start
171557 [main] DEBUG org.dbunit.dataset.AbstractTable  - getColumnIndex(columnName=id) - start
171557 [main] DEBUG org.dbunit.dataset.AbstractTableMetaData  - getColumnIndex(columnName=id) - start
171557 [main] DEBUG org.dbunit.dataset.DefaultTable  - getValue(row=0, column=timeStamp) - start
171557 [main] DEBUG org.dbunit.dataset.AbstractTable  - assertValidRowIndex(row=0) - start
171557 [main] DEBUG org.dbunit.dataset.AbstractTable  - assertValidRowIndex(row=0, rowCount=1) - start
171557 [main] DEBUG org.dbunit.dataset.AbstractTable  - getColumnIndex(columnName=timeStamp) - start
171557 [main] DEBUG org.dbunit.dataset.AbstractTableMetaData  - getColumnIndex(columnName=timeStamp) - start
171557 [main] DEBUG org.dbunit.operation.InsertOperation  - getOperationData(metaData=tableName=SCOPE, columns=[(NAME, VARCHAR, noNulls), (DESCRIPTION, VARCHAR, nullable), (ID, INTEGER, noNulls), (TIMESTAMP, TIMESTAMP, nullable)], keys=[(ID, INTEGER, noNulls)], ignoreMapping={}, connection=_databaseConfig=org.dbunit.database.DatabaseConfig[, _propertyMap={http://www.dbunit.org/properties/statementFactory=org.dbunit.database.statement.PreparedStatementFactory@626bc2b8, http://www.dbunit.org/features/caseSensitiveTableNames=false, http://www.dbunit.org/properties/fetchSize=100, http://www.dbunit.org/features/batchedStatements=false, http://www.dbunit.org/properties/metadataHandler=org.dbunit.database.DefaultMetadataHandler@62baffef, http://www.dbunit.org/properties/datatypeFactory=org.dbunit.dataset.datatype.DefaultDataTypeFactory[_toleratedDeltaMap=org.dbunit.dataset.datatype.ToleratedDeltaMap@6452310a], http://www.dbunit.org/properties/escapePattern=null, http://www.dbunit.org/properties/batchSize=100, http://www.dbunit.org/features/qualifiedTableNames=false, http://www.dbunit.org/properties/tableType=[Ljava.lang.String;@5011bafa, http://www.dbunit.org/properties/resultSetTableFactory=org.dbunit.database.CachedResultSetTableFactory@10bcf083, http://www.dbunit.org/features/datatypeWarning=true}], _dataSet=AbstractDataSet[_orderedTableNameMap=null]) - start
171557 [main] DEBUG org.dbunit.operation.AbstractOperation  - getQualifiedName(prefix=null, name=SCOPE, connection=_databaseConfig=org.dbunit.database.DatabaseConfig[, _propertyMap={http://www.dbunit.org/properties/statementFactory=org.dbunit.database.statement.PreparedStatementFactory@626bc2b8, http://www.dbunit.org/features/caseSensitiveTableNames=false, http://www.dbunit.org/properties/fetchSize=100, http://www.dbunit.org/features/batchedStatements=false, http://www.dbunit.org/properties/metadataHandler=org.dbunit.database.DefaultMetadataHandler@62baffef, http://www.dbunit.org/properties/datatypeFactory=org.dbunit.dataset.datatype.DefaultDataTypeFactory[_toleratedDeltaMap=org.dbunit.dataset.datatype.ToleratedDeltaMap@6452310a], http://www.dbunit.org/properties/escapePattern=null, http://www.dbunit.org/properties/batchSize=100, http://www.dbunit.org/features/qualifiedTableNames=false, http://www.dbunit.org/properties/tableType=[Ljava.lang.String;@5011bafa, http://www.dbunit.org/properties/resultSetTableFactory=org.dbunit.database.CachedResultSetTableFactory@10bcf083, http://www.dbunit.org/features/datatypeWarning=true}], _dataSet=AbstractDataSet[_orderedTableNameMap=null]) - start
171557 [main] TRACE org.dbunit.database.DatabaseConfig  - getProperty(name=http://www.dbunit.org/properties/escapePattern) - start
171557 [main] DEBUG org.dbunit.util.QualifiedTableName  - getQualifiedName() - start
171557 [main] DEBUG org.dbunit.util.QualifiedTableName  - getQualifiedName(prefix=null, name=SCOPE, escapePattern=null) - start
171557 [main] DEBUG org.dbunit.operation.AbstractOperation  - getQualifiedName(prefix=null, name=NAME, connection=_databaseConfig=org.dbunit.database.DatabaseConfig[, _propertyMap={http://www.dbunit.org/properties/statementFactory=org.dbunit.database.statement.PreparedStatementFactory@626bc2b8, http://www.dbunit.org/features/caseSensitiveTableNames=false, http://www.dbunit.org/properties/fetchSize=100, http://www.dbunit.org/features/batchedStatements=false, http://www.dbunit.org/properties/metadataHandler=org.dbunit.database.DefaultMetadataHandler@62baffef, http://www.dbunit.org/properties/datatypeFactory=org.dbunit.dataset.datatype.DefaultDataTypeFactory[_toleratedDeltaMap=org.dbunit.dataset.datatype.ToleratedDeltaMap@6452310a], http://www.dbunit.org/properties/escapePattern=null, http://www.dbunit.org/properties/batchSize=100, http://www.dbunit.org/features/qualifiedTableNames=false, http://www.dbunit.org/properties/tableType=[Ljava.lang.String;@5011bafa, http://www.dbunit.org/properties/resultSetTableFactory=org.dbunit.database.CachedResultSetTableFactory@10bcf083, http://www.dbunit.org/features/datatypeWarning=true}], _dataSet=AbstractDataSet[_orderedTableNameMap=null]) - start
171558 [main] TRACE org.dbunit.database.DatabaseConfig  - getProperty(name=http://www.dbunit.org/properties/escapePattern) - start
171558 [main] DEBUG org.dbunit.util.QualifiedTableName  - getQualifiedName() - start
171558 [main] DEBUG org.dbunit.util.QualifiedTableName  - getQualifiedName(prefix=null, name=NAME, escapePattern=null) - start
171558 [main] DEBUG org.dbunit.operation.AbstractOperation  - getQualifiedName(prefix=null, name=DESCRIPTION, connection=_databaseConfig=org.dbunit.database.DatabaseConfig[, _propertyMap={http://www.dbunit.org/properties/statementFactory=org.dbunit.database.statement.PreparedStatementFactory@626bc2b8, http://www.dbunit.org/features/caseSensitiveTableNames=false, http://www.dbunit.org/properties/fetchSize=100, http://www.dbunit.org/features/batchedStatements=false, http://www.dbunit.org/properties/metadataHandler=org.dbunit.database.DefaultMetadataHandler@62baffef, http://www.dbunit.org/properties/datatypeFactory=org.dbunit.dataset.datatype.DefaultDataTypeFactory[_toleratedDeltaMap=org.dbunit.dataset.datatype.ToleratedDeltaMap@6452310a], http://www.dbunit.org/properties/escapePattern=null, http://www.dbunit.org/properties/batchSize=100, http://www.dbunit.org/features/qualifiedTableNames=false, http://www.dbunit.org/properties/tableType=[Ljava.lang.String;@5011bafa, http://www.dbunit.org/properties/resultSetTableFactory=org.dbunit.database.CachedResultSetTableFactory@10bcf083, http://www.dbunit.org/features/datatypeWarning=true}], _dataSet=AbstractDataSet[_orderedTableNameMap=null]) - start
171558 [main] TRACE org.dbunit.database.DatabaseConfig  - getProperty(name=http://www.dbunit.org/properties/escapePattern) - start
171558 [main] DEBUG org.dbunit.util.QualifiedTableName  - getQualifiedName() - start
171558 [main] DEBUG org.dbunit.util.QualifiedTableName  - getQualifiedName(prefix=null, name=DESCRIPTION, escapePattern=null) - start
171558 [main] DEBUG org.dbunit.operation.AbstractOperation  - getQualifiedName(prefix=null, name=ID, connection=_databaseConfig=org.dbunit.database.DatabaseConfig[, _propertyMap={http://www.dbunit.org/properties/statementFactory=org.dbunit.database.statement.PreparedStatementFactory@626bc2b8, http://www.dbunit.org/features/caseSensitiveTableNames=false, http://www.dbunit.org/properties/fetchSize=100, http://www.dbunit.org/features/batchedStatements=false, http://www.dbunit.org/properties/metadataHandler=org.dbunit.database.DefaultMetadataHandler@62baffef, http://www.dbunit.org/properties/datatypeFactory=org.dbunit.dataset.datatype.DefaultDataTypeFactory[_toleratedDeltaMap=org.dbunit.dataset.datatype.ToleratedDeltaMap@6452310a], http://www.dbunit.org/properties/escapePattern=null, http://www.dbunit.org/properties/batchSize=100, http://www.dbunit.org/features/qualifiedTableNames=false, http://www.dbunit.org/properties/tableType=[Ljava.lang.String;@5011bafa, http://www.dbunit.org/properties/resultSetTableFactory=org.dbunit.database.CachedResultSetTableFactory@10bcf083, http://www.dbunit.org/features/datatypeWarning=true}], _dataSet=AbstractDataSet[_orderedTableNameMap=null]) - start
171558 [main] TRACE org.dbunit.database.DatabaseConfig  - getProperty(name=http://www.dbunit.org/properties/escapePattern) - start
171558 [main] DEBUG org.dbunit.util.QualifiedTableName  - getQualifiedName() - start
171558 [main] DEBUG org.dbunit.util.QualifiedTableName  - getQualifiedName(prefix=null, name=ID, escapePattern=null) - start
171558 [main] DEBUG org.dbunit.operation.AbstractOperation  - getQualifiedName(prefix=null, name=TIMESTAMP, connection=_databaseConfig=org.dbunit.database.DatabaseConfig[, _propertyMap={http://www.dbunit.org/properties/statementFactory=org.dbunit.database.statement.PreparedStatementFactory@626bc2b8, http://www.dbunit.org/features/caseSensitiveTableNames=false, http://www.dbunit.org/properties/fetchSize=100, http://www.dbunit.org/features/batchedStatements=false, http://www.dbunit.org/properties/metadataHandler=org.dbunit.database.DefaultMetadataHandler@62baffef, http://www.dbunit.org/properties/datatypeFactory=org.dbunit.dataset.datatype.DefaultDataTypeFactory[_toleratedDeltaMap=org.dbunit.dataset.datatype.ToleratedDeltaMap@6452310a], http://www.dbunit.org/properties/escapePattern=null, http://www.dbunit.org/properties/batchSize=100, http://www.dbunit.org/features/qualifiedTableNames=false, http://www.dbunit.org/properties/tableType=[Ljava.lang.String;@5011bafa, http://www.dbunit.org/properties/resultSetTableFactory=org.dbunit.database.CachedResultSetTableFactory@10bcf083, http://www.dbunit.org/features/datatypeWarning=true}], _dataSet=AbstractDataSet[_orderedTableNameMap=null]) - start
171558 [main] TRACE org.dbunit.database.DatabaseConfig  - getProperty(name=http://www.dbunit.org/properties/escapePattern) - start
171558 [main] DEBUG org.dbunit.util.QualifiedTableName  - getQualifiedName() - start
171558 [main] DEBUG org.dbunit.util.QualifiedTableName  - getQualifiedName(prefix=null, name=TIMESTAMP, escapePattern=null) - start
171558 [main] DEBUG org.dbunit.database.statement.PreparedStatementFactory  - createPreparedBatchStatement(sql=insert into SCOPE (NAME, DESCRIPTION, ID, TIMESTAMP) values (?, ?, ?, ?), connection=_databaseConfig=org.dbunit.database.DatabaseConfig[, _propertyMap={http://www.dbunit.org/properties/statementFactory=org.dbunit.database.statement.PreparedStatementFactory@626bc2b8, http://www.dbunit.org/features/caseSensitiveTableNames=false, http://www.dbunit.org/properties/fetchSize=100, http://www.dbunit.org/features/batchedStatements=false, http://www.dbunit.org/properties/metadataHandler=org.dbunit.database.DefaultMetadataHandler@62baffef, http://www.dbunit.org/properties/datatypeFactory=org.dbunit.dataset.datatype.DefaultDataTypeFactory[_toleratedDeltaMap=org.dbunit.dataset.datatype.ToleratedDeltaMap@6452310a], http://www.dbunit.org/properties/escapePattern=null, http://www.dbunit.org/properties/batchSize=100, http://www.dbunit.org/features/qualifiedTableNames=false, http://www.dbunit.org/properties/tableType=[Ljava.lang.String;@5011bafa, http://www.dbunit.org/properties/resultSetTableFactory=org.dbunit.database.CachedResultSetTableFactory@10bcf083, http://www.dbunit.org/features/datatypeWarning=true}], _dataSet=AbstractDataSet[_orderedTableNameMap=null]) - start
171558 [main] TRACE org.dbunit.database.DatabaseConfig  - getProperty(name=http://www.dbunit.org/properties/batchSize) - start
171558 [main] DEBUG org.dbunit.database.statement.AbstractStatementFactory  - supportBatchStatement(connection=_databaseConfig=org.dbunit.database.DatabaseConfig[, _propertyMap={http://www.dbunit.org/properties/statementFactory=org.dbunit.database.statement.PreparedStatementFactory@626bc2b8, http://www.dbunit.org/features/caseSensitiveTableNames=false, http://www.dbunit.org/properties/fetchSize=100, http://www.dbunit.org/features/batchedStatements=false, http://www.dbunit.org/properties/metadataHandler=org.dbunit.database.DefaultMetadataHandler@62baffef, http://www.dbunit.org/properties/datatypeFactory=org.dbunit.dataset.datatype.DefaultDataTypeFactory[_toleratedDeltaMap=org.dbunit.dataset.datatype.ToleratedDeltaMap@6452310a], http://www.dbunit.org/properties/escapePattern=null, http://www.dbunit.org/properties/batchSize=100, http://www.dbunit.org/features/qualifiedTableNames=false, http://www.dbunit.org/properties/tableType=[Ljava.lang.String;@5011bafa, http://www.dbunit.org/properties/resultSetTableFactory=org.dbunit.database.CachedResultSetTableFactory@10bcf083, http://www.dbunit.org/features/datatypeWarning=true}], _dataSet=AbstractDataSet[_orderedTableNameMap=null]) - start
171558 [main] TRACE org.dbunit.database.DatabaseConfig  - getFeature(name=http://www.dbunit.org/features/batchedStatements) - start
171558 [main] TRACE org.dbunit.database.DatabaseConfig  - getProperty(name=http://www.dbunit.org/features/batchedStatements) - start
171559 [main] DEBUG org.dbunit.database.DatabaseDataSourceConnection  - getConnection() - start
171559 [main] DEBUG org.dbunit.dataset.DefaultTable  - getValue(row=0, column=NAME) - start
171559 [main] DEBUG org.dbunit.dataset.AbstractTable  - assertValidRowIndex(row=0) - start
171559 [main] DEBUG org.dbunit.dataset.AbstractTable  - assertValidRowIndex(row=0, rowCount=1) - start
171559 [main] DEBUG org.dbunit.dataset.AbstractTable  - getColumnIndex(columnName=NAME) - start
171559 [main] DEBUG org.dbunit.dataset.AbstractTableMetaData  - getColumnIndex(columnName=NAME) - start
171559 [main] DEBUG org.dbunit.database.statement.AutomaticPreparedBatchStatement  - addValue(value=11, dataType=VARCHAR) - start
171559 [main] DEBUG org.dbunit.database.statement.SimplePreparedStatement  - addValue(value=11, dataType=VARCHAR) - start
171559 [main] DEBUG org.dbunit.dataset.datatype.StringDataType  - setSqlValue(value=11, column=1, statement=org.hsqldb.jdbc.JDBCPreparedStatement@119ca8b0[sql=[insert into SCOPE (NAME, DESCRIPTION, ID, TIMESTAMP) values (?, ?, ?, ?)], parameters=[[null], [null], [null], [null]]]) - start
171559 [main] DEBUG org.dbunit.dataset.datatype.DataType  - asString(value=11) - start
171559 [main] DEBUG org.dbunit.dataset.datatype.StringDataType  - typeCast(value=11) - start
171559 [main] DEBUG org.dbunit.dataset.DefaultTable  - getValue(row=0, column=DESCRIPTION) - start
171559 [main] DEBUG org.dbunit.dataset.AbstractTable  - assertValidRowIndex(row=0) - start
171559 [main] DEBUG org.dbunit.dataset.AbstractTable  - assertValidRowIndex(row=0, rowCount=1) - start
171559 [main] DEBUG org.dbunit.dataset.AbstractTable  - getColumnIndex(columnName=DESCRIPTION) - start
171559 [main] DEBUG org.dbunit.dataset.AbstractTableMetaData  - getColumnIndex(columnName=DESCRIPTION) - start
171559 [main] DEBUG org.dbunit.database.statement.AutomaticPreparedBatchStatement  - addValue(value=12, dataType=VARCHAR) - start
171559 [main] DEBUG org.dbunit.database.statement.SimplePreparedStatement  - addValue(value=12, dataType=VARCHAR) - start
171559 [main] DEBUG org.dbunit.dataset.datatype.StringDataType  - setSqlValue(value=12, column=2, statement=org.hsqldb.jdbc.JDBCPreparedStatement@119ca8b0[sql=[insert into SCOPE (NAME, DESCRIPTION, ID, TIMESTAMP) values (?, ?, ?, ?)], parameters=[[11], [null], [null], [null]]]) - start
171559 [main] DEBUG org.dbunit.dataset.datatype.DataType  - asString(value=12) - start
171560 [main] DEBUG org.dbunit.dataset.datatype.StringDataType  - typeCast(value=12) - start
171560 [main] DEBUG org.dbunit.dataset.DefaultTable  - getValue(row=0, column=ID) - start
171560 [main] DEBUG org.dbunit.dataset.AbstractTable  - assertValidRowIndex(row=0) - start
171560 [main] DEBUG org.dbunit.dataset.AbstractTable  - assertValidRowIndex(row=0, rowCount=1) - start
171560 [main] DEBUG org.dbunit.dataset.AbstractTable  - getColumnIndex(columnName=ID) - start
171560 [main] DEBUG org.dbunit.dataset.AbstractTableMetaData  - getColumnIndex(columnName=ID) - start
171560 [main] DEBUG org.dbunit.database.statement.AutomaticPreparedBatchStatement  - addValue(value=1, dataType=INTEGER) - start
171560 [main] DEBUG org.dbunit.database.statement.SimplePreparedStatement  - addValue(value=1, dataType=INTEGER) - start
171560 [main] DEBUG org.dbunit.dataset.datatype.IntegerDataType  - setSqlValue(value=1, column=3, statement=org.hsqldb.jdbc.JDBCPreparedStatement@119ca8b0[sql=[insert into SCOPE (NAME, DESCRIPTION, ID, TIMESTAMP) values (?, ?, ?, ?)], parameters=[[11], [12], [null], [null]]]) - start
171560 [main] DEBUG org.dbunit.dataset.datatype.IntegerDataType  - typeCast(value=1) - start
171560 [main] DEBUG org.dbunit.dataset.DefaultTable  - getValue(row=0, column=TIMESTAMP) - start
171560 [main] DEBUG org.dbunit.dataset.AbstractTable  - assertValidRowIndex(row=0) - start
171560 [main] DEBUG org.dbunit.dataset.AbstractTable  - assertValidRowIndex(row=0, rowCount=1) - start
171560 [main] DEBUG org.dbunit.dataset.AbstractTable  - getColumnIndex(columnName=TIMESTAMP) - start
171560 [main] DEBUG org.dbunit.dataset.AbstractTableMetaData  - getColumnIndex(columnName=TIMESTAMP) - start
171560 [main] DEBUG org.dbunit.database.statement.AutomaticPreparedBatchStatement  - addValue(value=2014-02-26 12:43:51.817, dataType=TIMESTAMP) - start
171560 [main] DEBUG org.dbunit.database.statement.SimplePreparedStatement  - addValue(value=2014-02-26 12:43:51.817, dataType=TIMESTAMP) - start
171560 [main] DEBUG org.dbunit.dataset.datatype.TimestampDataType  - setSqlValue(value=2014-02-26 12:43:51.817, column=4, statement=org.hsqldb.jdbc.JDBCPreparedStatement@119ca8b0[sql=[insert into SCOPE (NAME, DESCRIPTION, ID, TIMESTAMP) values (?, ?, ?, ?)], parameters=[[11], [12], [1], [null]]]) - start
171560 [main] DEBUG org.dbunit.dataset.datatype.TimestampDataType  - typeCast(value=2014-02-26 12:43:51.817) - start
171560 [main] DEBUG org.dbunit.database.statement.AutomaticPreparedBatchStatement  - addBatch() - start
171560 [main] DEBUG org.dbunit.database.statement.SimplePreparedStatement  - addBatch() - start
171560 [main] DEBUG org.dbunit.operation.InsertOperation  - equalsIgnoreMapping(ignoreMapping={}, table=org.dbunit.dataset.DefaultTable[_metaData=tableName=Scope, columns=[(name, UNKNOWN, nullableUnknown), (description, UNKNOWN, nullableUnknown), (id, UNKNOWN, nullableUnknown), (timeStamp, UNKNOWN, nullableUnknown)], keys=[], _rowList.size()=1], row=1) - start
171560 [main] DEBUG org.dbunit.dataset.DefaultTable  - getValue(row=1, column=name) - start
171561 [main] DEBUG org.dbunit.dataset.AbstractTable  - assertValidRowIndex(row=1) - start
171561 [main] DEBUG org.dbunit.dataset.AbstractTable  - assertValidRowIndex(row=1, rowCount=1) - start
171561 [main] DEBUG org.dbunit.database.statement.AutomaticPreparedBatchStatement  - executeBatch() - start
171561 [main] DEBUG org.dbunit.database.statement.SimplePreparedStatement  - executeBatch() - start
171561 [main] DEBUG org.dbunit.database.statement.SimplePreparedStatement  - clearBatch() - start
171561 [main] DEBUG org.dbunit.database.statement.AutomaticPreparedBatchStatement  - clearBatch() - start
171561 [main] DEBUG org.dbunit.database.statement.SimplePreparedStatement  - clearBatch() - start
171561 [main] DEBUG org.dbunit.database.statement.AutomaticPreparedBatchStatement  - close() - start
171561 [main] DEBUG org.dbunit.database.statement.AbstractPreparedBatchStatement  - close() - start
171561 [main] DEBUG org.dbunit.dataset.filter.SequenceTableIterator  - next() - start
171561 [main] DEBUG org.dbunit.dataset.filter.SequenceTableIterator  - getTable() - start
171561 [main] DEBUG org.dbunit.dataset.AbstractDataSet  - getTable(tableName=ScopedContent) - start
171561 [main] DEBUG org.dbunit.dataset.AbstractDataSet  - initialize() - start
171561 [main] DEBUG org.dbunit.dataset.AbstractDataSet  - The table name map has already been initialized.
171561 [main] DEBUG org.dbunit.dataset.OrderedTableNameMap  - getTableName(tableName=ScopedContent) - start
171561 [main] DEBUG org.dbunit.dataset.OrderedTableNameMap  - getTableName(tableName=ScopedContent) - end - result=SCOPEDCONTENT
171561 [main] TRACE org.dbunit.operation.AbstractBatchOperation  - execute: processing table='ScopedContent'
171561 [main] DEBUG org.dbunit.operation.AbstractBatchOperation  - isEmpty(table=org.dbunit.dataset.DefaultTable[_metaData=tableName=ScopedContent, columns=[(name, UNKNOWN, nullableUnknown), (description, UNKNOWN, nullableUnknown), (scope, UNKNOWN, nullableUnknown), (id, UNKNOWN, nullableUnknown), (timeStamp, UNKNOWN, nullableUnknown)], keys=[], _rowList.size()=1]) - start
171561 [main] DEBUG org.dbunit.dataset.DefaultTable  - getValue(row=0, column=name) - start
171561 [main] DEBUG org.dbunit.dataset.AbstractTable  - assertValidRowIndex(row=0) - start
171561 [main] DEBUG org.dbunit.dataset.AbstractTable  - assertValidRowIndex(row=0, rowCount=1) - start
171561 [main] DEBUG org.dbunit.dataset.AbstractTable  - getColumnIndex(columnName=name) - start
171561 [main] DEBUG org.dbunit.dataset.AbstractTableMetaData  - getColumnIndex(columnName=name) - start
171561 [main] DEBUG org.dbunit.operation.AbstractOperation  - getOperationMetaData(connection=_databaseConfig=org.dbunit.database.DatabaseConfig[, _propertyMap={http://www.dbunit.org/properties/statementFactory=org.dbunit.database.statement.PreparedStatementFactory@626bc2b8, http://www.dbunit.org/features/caseSensitiveTableNames=false, http://www.dbunit.org/properties/fetchSize=100, http://www.dbunit.org/features/batchedStatements=false, http://www.dbunit.org/properties/metadataHandler=org.dbunit.database.DefaultMetadataHandler@62baffef, http://www.dbunit.org/properties/datatypeFactory=org.dbunit.dataset.datatype.DefaultDataTypeFactory[_toleratedDeltaMap=org.dbunit.dataset.datatype.ToleratedDeltaMap@6452310a], http://www.dbunit.org/properties/escapePattern=null, http://www.dbunit.org/properties/batchSize=100, http://www.dbunit.org/features/qualifiedTableNames=false, http://www.dbunit.org/properties/tableType=[Ljava.lang.String;@5011bafa, http://www.dbunit.org/properties/resultSetTableFactory=org.dbunit.database.CachedResultSetTableFactory@10bcf083, http://www.dbunit.org/features/datatypeWarning=true}], _dataSet=AbstractDataSet[_orderedTableNameMap=null], metaData=tableName=ScopedContent, columns=[(name, UNKNOWN, nullableUnknown), (description, UNKNOWN, nullableUnknown), (scope, UNKNOWN, nullableUnknown), (id, UNKNOWN, nullableUnknown), (timeStamp, UNKNOWN, nullableUnknown)], keys=[]) - start
171561 [main] DEBUG org.dbunit.database.AbstractDatabaseConnection  - createDataSet() - start
171562 [main] DEBUG org.dbunit.database.DatabaseDataSet  - getTableMetaData(tableName=ScopedContent) - start
171562 [main] DEBUG org.dbunit.database.DatabaseDataSet  - initialize() - start
171562 [main] DEBUG org.dbunit.dataset.OrderedTableNameMap  - getTableName(tableName=ScopedContent) - start
171562 [main] DEBUG org.dbunit.dataset.OrderedTableNameMap  - getTableName(tableName=ScopedContent) - end - result=SCOPEDCONTENT
171562 [main] DEBUG org.dbunit.dataset.OrderedTableNameMap  - getTableName(tableName=ScopedContent) - start
171562 [main] DEBUG org.dbunit.dataset.OrderedTableNameMap  - getTableName(tableName=ScopedContent) - end - result=SCOPEDCONTENT
171562 [main] DEBUG org.dbunit.dataset.AbstractTableMetaData  - getColumnIndex(columnName=name) - start
171562 [main] DEBUG org.dbunit.database.DatabaseTableMetaData  - getColumns() - start
171562 [main] DEBUG org.dbunit.dataset.AbstractTableMetaData  - getColumnIndex(columnName=description) - start
171562 [main] DEBUG org.dbunit.database.DatabaseTableMetaData  - getColumns() - start
171562 [main] DEBUG org.dbunit.dataset.AbstractTableMetaData  - getColumnIndex(columnName=scope) - start
171562 [main] DEBUG org.dbunit.database.DatabaseTableMetaData  - getColumns() - start
171562 [main] DEBUG org.dbunit.dataset.AbstractTableMetaData  - getColumnIndex(columnName=id) - start
171562 [main] DEBUG org.dbunit.database.DatabaseTableMetaData  - getColumns() - start
171562 [main] DEBUG org.dbunit.dataset.AbstractTableMetaData  - getColumnIndex(columnName=timeStamp) - start
171562 [main] DEBUG org.dbunit.database.DatabaseTableMetaData  - getColumns() - start
171562 [main] DEBUG org.dbunit.database.DatabaseTableMetaData  - getPrimaryKeys() - start
171562 [main] TRACE org.dbunit.database.DatabaseConfig  - getProperty(name=http://www.dbunit.org/properties/primaryKeyFilter) - start
171562 [main] DEBUG org.dbunit.operation.InsertOperation  - getIgnoreMapping(table=org.dbunit.dataset.DefaultTable[_metaData=tableName=ScopedContent, columns=[(name, UNKNOWN, nullableUnknown), (description, UNKNOWN, nullableUnknown), (scope, UNKNOWN, nullableUnknown), (id, UNKNOWN, nullableUnknown), (timeStamp, UNKNOWN, nullableUnknown)], keys=[], _rowList.size()=1], row=0) - start
171562 [main] DEBUG org.dbunit.dataset.DefaultTable  - getValue(row=0, column=name) - start
171562 [main] DEBUG org.dbunit.dataset.AbstractTable  - assertValidRowIndex(row=0) - start
171562 [main] DEBUG org.dbunit.dataset.AbstractTable  - assertValidRowIndex(row=0, rowCount=1) - start
171562 [main] DEBUG org.dbunit.dataset.AbstractTable  - getColumnIndex(columnName=name) - start
171562 [main] DEBUG org.dbunit.dataset.AbstractTableMetaData  - getColumnIndex(columnName=name) - start
171562 [main] DEBUG org.dbunit.dataset.DefaultTable  - getValue(row=0, column=description) - start
171562 [main] DEBUG org.dbunit.dataset.AbstractTable  - assertValidRowIndex(row=0) - start
171562 [main] DEBUG org.dbunit.dataset.AbstractTable  - assertValidRowIndex(row=0, rowCount=1) - start
171562 [main] DEBUG org.dbunit.dataset.AbstractTable  - getColumnIndex(columnName=description) - start
171562 [main] DEBUG org.dbunit.dataset.AbstractTableMetaData  - getColumnIndex(columnName=description) - start
171562 [main] DEBUG org.dbunit.dataset.DefaultTable  - getValue(row=0, column=scope) - start
171563 [main] DEBUG org.dbunit.dataset.AbstractTable  - assertValidRowIndex(row=0) - start
171563 [main] DEBUG org.dbunit.dataset.AbstractTable  - assertValidRowIndex(row=0, rowCount=1) - start
171563 [main] DEBUG org.dbunit.dataset.AbstractTable  - getColumnIndex(columnName=scope) - start
171563 [main] DEBUG org.dbunit.dataset.AbstractTableMetaData  - getColumnIndex(columnName=scope) - start
171563 [main] DEBUG org.dbunit.dataset.DefaultTable  - getValue(row=0, column=id) - start
171563 [main] DEBUG org.dbunit.dataset.AbstractTable  - assertValidRowIndex(row=0) - start
171563 [main] DEBUG org.dbunit.dataset.AbstractTable  - assertValidRowIndex(row=0, rowCount=1) - start
171563 [main] DEBUG org.dbunit.dataset.AbstractTable  - getColumnIndex(columnName=id) - start
171563 [main] DEBUG org.dbunit.dataset.AbstractTableMetaData  - getColumnIndex(columnName=id) - start
171563 [main] DEBUG org.dbunit.dataset.DefaultTable  - getValue(row=0, column=timeStamp) - start
171563 [main] DEBUG org.dbunit.dataset.AbstractTable  - assertValidRowIndex(row=0) - start
171563 [main] DEBUG org.dbunit.dataset.AbstractTable  - assertValidRowIndex(row=0, rowCount=1) - start
171563 [main] DEBUG org.dbunit.dataset.AbstractTable  - getColumnIndex(columnName=timeStamp) - start
171563 [main] DEBUG org.dbunit.dataset.AbstractTableMetaData  - getColumnIndex(columnName=timeStamp) - start
171563 [main] DEBUG org.dbunit.operation.InsertOperation  - getOperationData(metaData=tableName=SCOPEDCONTENT, columns=[(NAME, VARCHAR, noNulls), (DESCRIPTION, VARCHAR, nullable), (SCOPE, INTEGER, noNulls), (ID, INTEGER, noNulls), (TIMESTAMP, TIMESTAMP, nullable)], keys=[(ID, INTEGER, noNulls)], ignoreMapping={}, connection=_databaseConfig=org.dbunit.database.DatabaseConfig[, _propertyMap={http://www.dbunit.org/properties/statementFactory=org.dbunit.database.statement.PreparedStatementFactory@626bc2b8, http://www.dbunit.org/features/caseSensitiveTableNames=false, http://www.dbunit.org/properties/fetchSize=100, http://www.dbunit.org/features/batchedStatements=false, http://www.dbunit.org/properties/metadataHandler=org.dbunit.database.DefaultMetadataHandler@62baffef, http://www.dbunit.org/properties/datatypeFactory=org.dbunit.dataset.datatype.DefaultDataTypeFactory[_toleratedDeltaMap=org.dbunit.dataset.datatype.ToleratedDeltaMap@6452310a], http://www.dbunit.org/properties/escapePattern=null, http://www.dbunit.org/properties/batchSize=100, http://www.dbunit.org/features/qualifiedTableNames=false, http://www.dbunit.org/properties/tableType=[Ljava.lang.String;@5011bafa, http://www.dbunit.org/properties/resultSetTableFactory=org.dbunit.database.CachedResultSetTableFactory@10bcf083, http://www.dbunit.org/features/datatypeWarning=true}], _dataSet=AbstractDataSet[_orderedTableNameMap=null]) - start
171563 [main] DEBUG org.dbunit.operation.AbstractOperation  - getQualifiedName(prefix=null, name=SCOPEDCONTENT, connection=_databaseConfig=org.dbunit.database.DatabaseConfig[, _propertyMap={http://www.dbunit.org/properties/statementFactory=org.dbunit.database.statement.PreparedStatementFactory@626bc2b8, http://www.dbunit.org/features/caseSensitiveTableNames=false, http://www.dbunit.org/properties/fetchSize=100, http://www.dbunit.org/features/batchedStatements=false, http://www.dbunit.org/properties/metadataHandler=org.dbunit.database.DefaultMetadataHandler@62baffef, http://www.dbunit.org/properties/datatypeFactory=org.dbunit.dataset.datatype.DefaultDataTypeFactory[_toleratedDeltaMap=org.dbunit.dataset.datatype.ToleratedDeltaMap@6452310a], http://www.dbunit.org/properties/escapePattern=null, http://www.dbunit.org/properties/batchSize=100, http://www.dbunit.org/features/qualifiedTableNames=false, http://www.dbunit.org/properties/tableType=[Ljava.lang.String;@5011bafa, http://www.dbunit.org/properties/resultSetTableFactory=org.dbunit.database.CachedResultSetTableFactory@10bcf083, http://www.dbunit.org/features/datatypeWarning=true}], _dataSet=AbstractDataSet[_orderedTableNameMap=null]) - start
171563 [main] TRACE org.dbunit.database.DatabaseConfig  - getProperty(name=http://www.dbunit.org/properties/escapePattern) - start
171563 [main] DEBUG org.dbunit.util.QualifiedTableName  - getQualifiedName() - start
171563 [main] DEBUG org.dbunit.util.QualifiedTableName  - getQualifiedName(prefix=null, name=SCOPEDCONTENT, escapePattern=null) - start
171563 [main] DEBUG org.dbunit.operation.AbstractOperation  - getQualifiedName(prefix=null, name=NAME, connection=_databaseConfig=org.dbunit.database.DatabaseConfig[, _propertyMap={http://www.dbunit.org/properties/statementFactory=org.dbunit.database.statement.PreparedStatementFactory@626bc2b8, http://www.dbunit.org/features/caseSensitiveTableNames=false, http://www.dbunit.org/properties/fetchSize=100, http://www.dbunit.org/features/batchedStatements=false, http://www.dbunit.org/properties/metadataHandler=org.dbunit.database.DefaultMetadataHandler@62baffef, http://www.dbunit.org/properties/datatypeFactory=org.dbunit.dataset.datatype.DefaultDataTypeFactory[_toleratedDeltaMap=org.dbunit.dataset.datatype.ToleratedDeltaMap@6452310a], http://www.dbunit.org/properties/escapePattern=null, http://www.dbunit.org/properties/batchSize=100, http://www.dbunit.org/features/qualifiedTableNames=false, http://www.dbunit.org/properties/tableType=[Ljava.lang.String;@5011bafa, http://www.dbunit.org/properties/resultSetTableFactory=org.dbunit.database.CachedResultSetTableFactory@10bcf083, http://www.dbunit.org/features/datatypeWarning=true}], _dataSet=AbstractDataSet[_orderedTableNameMap=null]) - start
171563 [main] TRACE org.dbunit.database.DatabaseConfig  - getProperty(name=http://www.dbunit.org/properties/escapePattern) - start
171563 [main] DEBUG org.dbunit.util.QualifiedTableName  - getQualifiedName() - start
171563 [main] DEBUG org.dbunit.util.QualifiedTableName  - getQualifiedName(prefix=null, name=NAME, escapePattern=null) - start
171563 [main] DEBUG org.dbunit.operation.AbstractOperation  - getQualifiedName(prefix=null, name=DESCRIPTION, connection=_databaseConfig=org.dbunit.database.DatabaseConfig[, _propertyMap={http://www.dbunit.org/properties/statementFactory=org.dbunit.database.statement.PreparedStatementFactory@626bc2b8, http://www.dbunit.org/features/caseSensitiveTableNames=false, http://www.dbunit.org/properties/fetchSize=100, http://www.dbunit.org/features/batchedStatements=false, http://www.dbunit.org/properties/metadataHandler=org.dbunit.database.DefaultMetadataHandler@62baffef, http://www.dbunit.org/properties/datatypeFactory=org.dbunit.dataset.datatype.DefaultDataTypeFactory[_toleratedDeltaMap=org.dbunit.dataset.datatype.ToleratedDeltaMap@6452310a], http://www.dbunit.org/properties/escapePattern=null, http://www.dbunit.org/properties/batchSize=100, http://www.dbunit.org/features/qualifiedTableNames=false, http://www.dbunit.org/properties/tableType=[Ljava.lang.String;@5011bafa, http://www.dbunit.org/properties/resultSetTableFactory=org.dbunit.database.CachedResultSetTableFactory@10bcf083, http://www.dbunit.org/features/datatypeWarning=true}], _dataSet=AbstractDataSet[_orderedTableNameMap=null]) - start
171564 [main] TRACE org.dbunit.database.DatabaseConfig  - getProperty(name=http://www.dbunit.org/properties/escapePattern) - start
171564 [main] DEBUG org.dbunit.util.QualifiedTableName  - getQualifiedName() - start
171564 [main] DEBUG org.dbunit.util.QualifiedTableName  - getQualifiedName(prefix=null, name=DESCRIPTION, escapePattern=null) - start
171564 [main] DEBUG org.dbunit.operation.AbstractOperation  - getQualifiedName(prefix=null, name=SCOPE, connection=_databaseConfig=org.dbunit.database.DatabaseConfig[, _propertyMap={http://www.dbunit.org/properties/statementFactory=org.dbunit.database.statement.PreparedStatementFactory@626bc2b8, http://www.dbunit.org/features/caseSensitiveTableNames=false, http://www.dbunit.org/properties/fetchSize=100, http://www.dbunit.org/features/batchedStatements=false, http://www.dbunit.org/properties/metadataHandler=org.dbunit.database.DefaultMetadataHandler@62baffef, http://www.dbunit.org/properties/datatypeFactory=org.dbunit.dataset.datatype.DefaultDataTypeFactory[_toleratedDeltaMap=org.dbunit.dataset.datatype.ToleratedDeltaMap@6452310a], http://www.dbunit.org/properties/escapePattern=null, http://www.dbunit.org/properties/batchSize=100, http://www.dbunit.org/features/qualifiedTableNames=false, http://www.dbunit.org/properties/tableType=[Ljava.lang.String;@5011bafa, http://www.dbunit.org/properties/resultSetTableFactory=org.dbunit.database.CachedResultSetTableFactory@10bcf083, http://www.dbunit.org/features/datatypeWarning=true}], _dataSet=AbstractDataSet[_orderedTableNameMap=null]) - start
171564 [main] TRACE org.dbunit.database.DatabaseConfig  - getProperty(name=http://www.dbunit.org/properties/escapePattern) - start
171564 [main] DEBUG org.dbunit.util.QualifiedTableName  - getQualifiedName() - start
171564 [main] DEBUG org.dbunit.util.QualifiedTableName  - getQualifiedName(prefix=null, name=SCOPE, escapePattern=null) - start
171564 [main] DEBUG org.dbunit.operation.AbstractOperation  - getQualifiedName(prefix=null, name=ID, connection=_databaseConfig=org.dbunit.database.DatabaseConfig[, _propertyMap={http://www.dbunit.org/properties/statementFactory=org.dbunit.database.statement.PreparedStatementFactory@626bc2b8, http://www.dbunit.org/features/caseSensitiveTableNames=false, http://www.dbunit.org/properties/fetchSize=100, http://www.dbunit.org/features/batchedStatements=false, http://www.dbunit.org/properties/metadataHandler=org.dbunit.database.DefaultMetadataHandler@62baffef, http://www.dbunit.org/properties/datatypeFactory=org.dbunit.dataset.datatype.DefaultDataTypeFactory[_toleratedDeltaMap=org.dbunit.dataset.datatype.ToleratedDeltaMap@6452310a], http://www.dbunit.org/properties/escapePattern=null, http://www.dbunit.org/properties/batchSize=100, http://www.dbunit.org/features/qualifiedTableNames=false, http://www.dbunit.org/properties/tableType=[Ljava.lang.String;@5011bafa, http://www.dbunit.org/properties/resultSetTableFactory=org.dbunit.database.CachedResultSetTableFactory@10bcf083, http://www.dbunit.org/features/datatypeWarning=true}], _dataSet=AbstractDataSet[_orderedTableNameMap=null]) - start
171564 [main] TRACE org.dbunit.database.DatabaseConfig  - getProperty(name=http://www.dbunit.org/properties/escapePattern) - start
171564 [main] DEBUG org.dbunit.util.QualifiedTableName  - getQualifiedName() - start
171564 [main] DEBUG org.dbunit.util.QualifiedTableName  - getQualifiedName(prefix=null, name=ID, escapePattern=null) - start
171564 [main] DEBUG org.dbunit.operation.AbstractOperation  - getQualifiedName(prefix=null, name=TIMESTAMP, connection=_databaseConfig=org.dbunit.database.DatabaseConfig[, _propertyMap={http://www.dbunit.org/properties/statementFactory=org.dbunit.database.statement.PreparedStatementFactory@626bc2b8, http://www.dbunit.org/features/caseSensitiveTableNames=false, http://www.dbunit.org/properties/fetchSize=100, http://www.dbunit.org/features/batchedStatements=false, http://www.dbunit.org/properties/metadataHandler=org.dbunit.database.DefaultMetadataHandler@62baffef, http://www.dbunit.org/properties/datatypeFactory=org.dbunit.dataset.datatype.DefaultDataTypeFactory[_toleratedDeltaMap=org.dbunit.dataset.datatype.ToleratedDeltaMap@6452310a], http://www.dbunit.org/properties/escapePattern=null, http://www.dbunit.org/properties/batchSize=100, http://www.dbunit.org/features/qualifiedTableNames=false, http://www.dbunit.org/properties/tableType=[Ljava.lang.String;@5011bafa, http://www.dbunit.org/properties/resultSetTableFactory=org.dbunit.database.CachedResultSetTableFactory@10bcf083, http://www.dbunit.org/features/datatypeWarning=true}], _dataSet=AbstractDataSet[_orderedTableNameMap=null]) - start
171564 [main] TRACE org.dbunit.database.DatabaseConfig  - getProperty(name=http://www.dbunit.org/properties/escapePattern) - start
171564 [main] DEBUG org.dbunit.util.QualifiedTableName  - getQualifiedName() - start
171564 [main] DEBUG org.dbunit.util.QualifiedTableName  - getQualifiedName(prefix=null, name=TIMESTAMP, escapePattern=null) - start
171564 [main] DEBUG org.dbunit.database.statement.PreparedStatementFactory  - createPreparedBatchStatement(sql=insert into SCOPEDCONTENT (NAME, DESCRIPTION, SCOPE, ID, TIMESTAMP) values (?, ?, ?, ?, ?), connection=_databaseConfig=org.dbunit.database.DatabaseConfig[, _propertyMap={http://www.dbunit.org/properties/statementFactory=org.dbunit.database.statement.PreparedStatementFactory@626bc2b8, http://www.dbunit.org/features/caseSensitiveTableNames=false, http://www.dbunit.org/properties/fetchSize=100, http://www.dbunit.org/features/batchedStatements=false, http://www.dbunit.org/properties/metadataHandler=org.dbunit.database.DefaultMetadataHandler@62baffef, http://www.dbunit.org/properties/datatypeFactory=org.dbunit.dataset.datatype.DefaultDataTypeFactory[_toleratedDeltaMap=org.dbunit.dataset.datatype.ToleratedDeltaMap@6452310a], http://www.dbunit.org/properties/escapePattern=null, http://www.dbunit.org/properties/batchSize=100, http://www.dbunit.org/features/qualifiedTableNames=false, http://www.dbunit.org/properties/tableType=[Ljava.lang.String;@5011bafa, http://www.dbunit.org/properties/resultSetTableFactory=org.dbunit.database.CachedResultSetTableFactory@10bcf083, http://www.dbunit.org/features/datatypeWarning=true}], _dataSet=AbstractDataSet[_orderedTableNameMap=null]) - start
171564 [main] TRACE org.dbunit.database.DatabaseConfig  - getProperty(name=http://www.dbunit.org/properties/batchSize) - start
171564 [main] DEBUG org.dbunit.database.statement.AbstractStatementFactory  - supportBatchStatement(connection=_databaseConfig=org.dbunit.database.DatabaseConfig[, _propertyMap={http://www.dbunit.org/properties/statementFactory=org.dbunit.database.statement.PreparedStatementFactory@626bc2b8, http://www.dbunit.org/features/caseSensitiveTableNames=false, http://www.dbunit.org/properties/fetchSize=100, http://www.dbunit.org/features/batchedStatements=false, http://www.dbunit.org/properties/metadataHandler=org.dbunit.database.DefaultMetadataHandler@62baffef, http://www.dbunit.org/properties/datatypeFactory=org.dbunit.dataset.datatype.DefaultDataTypeFactory[_toleratedDeltaMap=org.dbunit.dataset.datatype.ToleratedDeltaMap@6452310a], http://www.dbunit.org/properties/escapePattern=null, http://www.dbunit.org/properties/batchSize=100, http://www.dbunit.org/features/qualifiedTableNames=false, http://www.dbunit.org/properties/tableType=[Ljava.lang.String;@5011bafa, http://www.dbunit.org/properties/resultSetTableFactory=org.dbunit.database.CachedResultSetTableFactory@10bcf083, http://www.dbunit.org/features/datatypeWarning=true}], _dataSet=AbstractDataSet[_orderedTableNameMap=null]) - start
171564 [main] TRACE org.dbunit.database.DatabaseConfig  - getFeature(name=http://www.dbunit.org/features/batchedStatements) - start
171564 [main] TRACE org.dbunit.database.DatabaseConfig  - getProperty(name=http://www.dbunit.org/features/batchedStatements) - start
171565 [main] DEBUG org.dbunit.database.DatabaseDataSourceConnection  - getConnection() - start
171565 [main] DEBUG org.dbunit.dataset.DefaultTable  - getValue(row=0, column=NAME) - start
171565 [main] DEBUG org.dbunit.dataset.AbstractTable  - assertValidRowIndex(row=0) - start
171565 [main] DEBUG org.dbunit.dataset.AbstractTable  - assertValidRowIndex(row=0, rowCount=1) - start
171565 [main] DEBUG org.dbunit.dataset.AbstractTable  - getColumnIndex(columnName=NAME) - start
171565 [main] DEBUG org.dbunit.dataset.AbstractTableMetaData  - getColumnIndex(columnName=NAME) - start
171565 [main] DEBUG org.dbunit.database.statement.AutomaticPreparedBatchStatement  - addValue(value=9, dataType=VARCHAR) - start
171565 [main] DEBUG org.dbunit.database.statement.SimplePreparedStatement  - addValue(value=9, dataType=VARCHAR) - start
171565 [main] DEBUG org.dbunit.dataset.datatype.StringDataType  - setSqlValue(value=9, column=1, statement=org.hsqldb.jdbc.JDBCPreparedStatement@4406c3d8[sql=[insert into SCOPEDCONTENT (NAME, DESCRIPTION, SCOPE, ID, TIMESTAMP) values (?, ?, ?, ?, ?)], parameters=[[null], [null], [null], [null], [null]]]) - start
171565 [main] DEBUG org.dbunit.dataset.datatype.DataType  - asString(value=9) - start
171565 [main] DEBUG org.dbunit.dataset.datatype.StringDataType  - typeCast(value=9) - start
171565 [main] DEBUG org.dbunit.dataset.DefaultTable  - getValue(row=0, column=DESCRIPTION) - start
171565 [main] DEBUG org.dbunit.dataset.AbstractTable  - assertValidRowIndex(row=0) - start
171565 [main] DEBUG org.dbunit.dataset.AbstractTable  - assertValidRowIndex(row=0, rowCount=1) - start
171565 [main] DEBUG org.dbunit.dataset.AbstractTable  - getColumnIndex(columnName=DESCRIPTION) - start
171565 [main] DEBUG org.dbunit.dataset.AbstractTableMetaData  - getColumnIndex(columnName=DESCRIPTION) - start
171565 [main] DEBUG org.dbunit.database.statement.AutomaticPreparedBatchStatement  - addValue(value=10, dataType=VARCHAR) - start
171565 [main] DEBUG org.dbunit.database.statement.SimplePreparedStatement  - addValue(value=10, dataType=VARCHAR) - start
171565 [main] DEBUG org.dbunit.dataset.datatype.StringDataType  - setSqlValue(value=10, column=2, statement=org.hsqldb.jdbc.JDBCPreparedStatement@4406c3d8[sql=[insert into SCOPEDCONTENT (NAME, DESCRIPTION, SCOPE, ID, TIMESTAMP) values (?, ?, ?, ?, ?)], parameters=[[9], [null], [null], [null], [null]]]) - start
171565 [main] DEBUG org.dbunit.dataset.datatype.DataType  - asString(value=10) - start
171565 [main] DEBUG org.dbunit.dataset.datatype.StringDataType  - typeCast(value=10) - start
171566 [main] DEBUG org.dbunit.dataset.DefaultTable  - getValue(row=0, column=SCOPE) - start
171566 [main] DEBUG org.dbunit.dataset.AbstractTable  - assertValidRowIndex(row=0) - start
171566 [main] DEBUG org.dbunit.dataset.AbstractTable  - assertValidRowIndex(row=0, rowCount=1) - start
171566 [main] DEBUG org.dbunit.dataset.AbstractTable  - getColumnIndex(columnName=SCOPE) - start
171566 [main] DEBUG org.dbunit.dataset.AbstractTableMetaData  - getColumnIndex(columnName=SCOPE) - start
171566 [main] DEBUG org.dbunit.database.statement.AutomaticPreparedBatchStatement  - addValue(value=1, dataType=INTEGER) - start
171566 [main] DEBUG org.dbunit.database.statement.SimplePreparedStatement  - addValue(value=1, dataType=INTEGER) - start
171566 [main] DEBUG org.dbunit.dataset.datatype.IntegerDataType  - setSqlValue(value=1, column=3, statement=org.hsqldb.jdbc.JDBCPreparedStatement@4406c3d8[sql=[insert into SCOPEDCONTENT (NAME, DESCRIPTION, SCOPE, ID, TIMESTAMP) values (?, ?, ?, ?, ?)], parameters=[[9], [10], [null], [null], [null]]]) - start
171566 [main] DEBUG org.dbunit.dataset.datatype.IntegerDataType  - typeCast(value=1) - start
171566 [main] DEBUG org.dbunit.dataset.DefaultTable  - getValue(row=0, column=ID) - start
171566 [main] DEBUG org.dbunit.dataset.AbstractTable  - assertValidRowIndex(row=0) - start
171566 [main] DEBUG org.dbunit.dataset.AbstractTable  - assertValidRowIndex(row=0, rowCount=1) - start
171566 [main] DEBUG org.dbunit.dataset.AbstractTable  - getColumnIndex(columnName=ID) - start
171566 [main] DEBUG org.dbunit.dataset.AbstractTableMetaData  - getColumnIndex(columnName=ID) - start
171566 [main] DEBUG org.dbunit.database.statement.AutomaticPreparedBatchStatement  - addValue(value=1, dataType=INTEGER) - start
171566 [main] DEBUG org.dbunit.database.statement.SimplePreparedStatement  - addValue(value=1, dataType=INTEGER) - start
171566 [main] DEBUG org.dbunit.dataset.datatype.IntegerDataType  - setSqlValue(value=1, column=4, statement=org.hsqldb.jdbc.JDBCPreparedStatement@4406c3d8[sql=[insert into SCOPEDCONTENT (NAME, DESCRIPTION, SCOPE, ID, TIMESTAMP) values (?, ?, ?, ?, ?)], parameters=[[9], [10], [1], [null], [null]]]) - start
171566 [main] DEBUG org.dbunit.dataset.datatype.IntegerDataType  - typeCast(value=1) - start
171566 [main] DEBUG org.dbunit.dataset.DefaultTable  - getValue(row=0, column=TIMESTAMP) - start
171566 [main] DEBUG org.dbunit.dataset.AbstractTable  - assertValidRowIndex(row=0) - start
171566 [main] DEBUG org.dbunit.dataset.AbstractTable  - assertValidRowIndex(row=0, rowCount=1) - start
171566 [main] DEBUG org.dbunit.dataset.AbstractTable  - getColumnIndex(columnName=TIMESTAMP) - start
171566 [main] DEBUG org.dbunit.dataset.AbstractTableMetaData  - getColumnIndex(columnName=TIMESTAMP) - start
171566 [main] DEBUG org.dbunit.database.statement.AutomaticPreparedBatchStatement  - addValue(value=2014-02-26 12:43:51.816, dataType=TIMESTAMP) - start
171566 [main] DEBUG org.dbunit.database.statement.SimplePreparedStatement  - addValue(value=2014-02-26 12:43:51.816, dataType=TIMESTAMP) - start
171567 [main] DEBUG org.dbunit.dataset.datatype.TimestampDataType  - setSqlValue(value=2014-02-26 12:43:51.816, column=5, statement=org.hsqldb.jdbc.JDBCPreparedStatement@4406c3d8[sql=[insert into SCOPEDCONTENT (NAME, DESCRIPTION, SCOPE, ID, TIMESTAMP) values (?, ?, ?, ?, ?)], parameters=[[9], [10], [1], [1], [null]]]) - start
171567 [main] DEBUG org.dbunit.dataset.datatype.TimestampDataType  - typeCast(value=2014-02-26 12:43:51.816) - start
171567 [main] DEBUG org.dbunit.database.statement.AutomaticPreparedBatchStatement  - addBatch() - start
171567 [main] DEBUG org.dbunit.database.statement.SimplePreparedStatement  - addBatch() - start
171567 [main] DEBUG org.dbunit.operation.InsertOperation  - equalsIgnoreMapping(ignoreMapping={}, table=org.dbunit.dataset.DefaultTable[_metaData=tableName=ScopedContent, columns=[(name, UNKNOWN, nullableUnknown), (description, UNKNOWN, nullableUnknown), (scope, UNKNOWN, nullableUnknown), (id, UNKNOWN, nullableUnknown), (timeStamp, UNKNOWN, nullableUnknown)], keys=[], _rowList.size()=1], row=1) - start
171567 [main] DEBUG org.dbunit.dataset.DefaultTable  - getValue(row=1, column=name) - start
171567 [main] DEBUG org.dbunit.dataset.AbstractTable  - assertValidRowIndex(row=1) - start
171567 [main] DEBUG org.dbunit.dataset.AbstractTable  - assertValidRowIndex(row=1, rowCount=1) - start
171567 [main] DEBUG org.dbunit.database.statement.AutomaticPreparedBatchStatement  - executeBatch() - start
171567 [main] DEBUG org.dbunit.database.statement.SimplePreparedStatement  - executeBatch() - start
171567 [main] DEBUG org.dbunit.database.statement.SimplePreparedStatement  - clearBatch() - start
171567 [main] DEBUG org.dbunit.database.statement.AutomaticPreparedBatchStatement  - clearBatch() - start
171567 [main] DEBUG org.dbunit.database.statement.SimplePreparedStatement  - clearBatch() - start
171567 [main] DEBUG org.dbunit.database.statement.AutomaticPreparedBatchStatement  - close() - start
171567 [main] DEBUG org.dbunit.database.statement.AbstractPreparedBatchStatement  - close() - start
171567 [main] DEBUG org.dbunit.dataset.filter.SequenceTableIterator  - next() - start
171567 [main] DEBUG org.dbunit.dataset.filter.SequenceTableIterator  - getTable() - start
171567 [main] DEBUG org.dbunit.dataset.AbstractDataSet  - getTable(tableName=ScopedContentConditionAttribute) - start
171567 [main] DEBUG org.dbunit.dataset.AbstractDataSet  - initialize() - start
171567 [main] DEBUG org.dbunit.dataset.AbstractDataSet  - The table name map has already been initialized.
171567 [main] DEBUG org.dbunit.dataset.OrderedTableNameMap  - getTableName(tableName=ScopedContentConditionAttribute) - start
171567 [main] DEBUG org.dbunit.dataset.OrderedTableNameMap  - getTableName(tableName=ScopedContentConditionAttribute) - end - result=SCOPEDCONTENTCONDITIONATTRIBUTE
171568 [main] TRACE org.dbunit.operation.AbstractBatchOperation  - execute: processing table='ScopedContentConditionAttribute'
171568 [main] DEBUG org.dbunit.operation.AbstractBatchOperation  - isEmpty(table=org.dbunit.dataset.DefaultTable[_metaData=tableName=ScopedContentConditionAttribute, columns=[(key, UNKNOWN, nullableUnknown), (checkOrder, UNKNOWN, nullableUnknown), (className, UNKNOWN, nullableUnknown), (valuePath, UNKNOWN, nullableUnknown), (operator, UNKNOWN, nullableUnknown), (expectedValue, UNKNOWN, nullableUnknown), (expectedValueType, UNKNOWN, nullableUnknown), (scopedContentCondition, UNKNOWN, nullableUnknown), (id, UNKNOWN, nullableUnknown), (timeStamp, UNKNOWN, nullableUnknown)], keys=[], _rowList.size()=1]) - start
171568 [main] DEBUG org.dbunit.dataset.DefaultTable  - getValue(row=0, column=key) - start
171568 [main] DEBUG org.dbunit.dataset.AbstractTable  - assertValidRowIndex(row=0) - start
171568 [main] DEBUG org.dbunit.dataset.AbstractTable  - assertValidRowIndex(row=0, rowCount=1) - start
171568 [main] DEBUG org.dbunit.dataset.AbstractTable  - getColumnIndex(columnName=key) - start
171568 [main] DEBUG org.dbunit.dataset.AbstractTableMetaData  - getColumnIndex(columnName=key) - start
171568 [main] DEBUG org.dbunit.operation.AbstractOperation  - getOperationMetaData(connection=_databaseConfig=org.dbunit.database.DatabaseConfig[, _propertyMap={http://www.dbunit.org/properties/statementFactory=org.dbunit.database.statement.PreparedStatementFactory@626bc2b8, http://www.dbunit.org/features/caseSensitiveTableNames=false, http://www.dbunit.org/properties/fetchSize=100, http://www.dbunit.org/features/batchedStatements=false, http://www.dbunit.org/properties/metadataHandler=org.dbunit.database.DefaultMetadataHandler@62baffef, http://www.dbunit.org/properties/datatypeFactory=org.dbunit.dataset.datatype.DefaultDataTypeFactory[_toleratedDeltaMap=org.dbunit.dataset.datatype.ToleratedDeltaMap@6452310a], http://www.dbunit.org/properties/escapePattern=null, http://www.dbunit.org/properties/batchSize=100, http://www.dbunit.org/features/qualifiedTableNames=false, http://www.dbunit.org/properties/tableType=[Ljava.lang.String;@5011bafa, http://www.dbunit.org/properties/resultSetTableFactory=org.dbunit.database.CachedResultSetTableFactory@10bcf083, http://www.dbunit.org/features/datatypeWarning=true}], _dataSet=AbstractDataSet[_orderedTableNameMap=null], metaData=tableName=ScopedContentConditionAttribute, columns=[(key, UNKNOWN, nullableUnknown), (checkOrder, UNKNOWN, nullableUnknown), (className, UNKNOWN, nullableUnknown), (valuePath, UNKNOWN, nullableUnknown), (operator, UNKNOWN, nullableUnknown), (expectedValue, UNKNOWN, nullableUnknown), (expectedValueType, UNKNOWN, nullableUnknown), (scopedContentCondition, UNKNOWN, nullableUnknown), (id, UNKNOWN, nullableUnknown), (timeStamp, UNKNOWN, nullableUnknown)], keys=[]) - start
171568 [main] DEBUG org.dbunit.database.AbstractDatabaseConnection  - createDataSet() - start
171568 [main] DEBUG org.dbunit.database.DatabaseDataSet  - getTableMetaData(tableName=ScopedContentConditionAttribute) - start
171568 [main] DEBUG org.dbunit.database.DatabaseDataSet  - initialize() - start
171568 [main] DEBUG org.dbunit.dataset.OrderedTableNameMap  - getTableName(tableName=ScopedContentConditionAttribute) - start
171568 [main] DEBUG org.dbunit.dataset.OrderedTableNameMap  - getTableName(tableName=ScopedContentConditionAttribute) - end - result=SCOPEDCONTENTCONDITIONATTRIBUTE
171568 [main] DEBUG org.dbunit.dataset.OrderedTableNameMap  - getTableName(tableName=ScopedContentConditionAttribute) - start
171568 [main] DEBUG org.dbunit.dataset.OrderedTableNameMap  - getTableName(tableName=ScopedContentConditionAttribute) - end - result=SCOPEDCONTENTCONDITIONATTRIBUTE
171568 [main] DEBUG org.dbunit.dataset.AbstractTableMetaData  - getColumnIndex(columnName=key) - start
171568 [main] DEBUG org.dbunit.database.DatabaseTableMetaData  - getColumns() - start
171568 [main] DEBUG org.dbunit.dataset.AbstractTableMetaData  - getColumnIndex(columnName=checkOrder) - start
171568 [main] DEBUG org.dbunit.database.DatabaseTableMetaData  - getColumns() - start
171568 [main] DEBUG org.dbunit.dataset.AbstractTableMetaData  - getColumnIndex(columnName=className) - start
171568 [main] DEBUG org.dbunit.database.DatabaseTableMetaData  - getColumns() - start
171568 [main] DEBUG org.dbunit.dataset.AbstractTableMetaData  - getColumnIndex(columnName=valuePath) - start
171568 [main] DEBUG org.dbunit.database.DatabaseTableMetaData  - getColumns() - start
171568 [main] DEBUG org.dbunit.dataset.AbstractTableMetaData  - getColumnIndex(columnName=operator) - start
171568 [main] DEBUG org.dbunit.database.DatabaseTableMetaData  - getColumns() - start
171568 [main] DEBUG org.dbunit.dataset.AbstractTableMetaData  - getColumnIndex(columnName=expectedValue) - start
171569 [main] DEBUG org.dbunit.database.DatabaseTableMetaData  - getColumns() - start
171569 [main] DEBUG org.dbunit.dataset.AbstractTableMetaData  - getColumnIndex(columnName=expectedValueType) - start
171569 [main] DEBUG org.dbunit.database.DatabaseTableMetaData  - getColumns() - start
171569 [main] DEBUG org.dbunit.dataset.AbstractTableMetaData  - getColumnIndex(columnName=scopedContentCondition) - start
171569 [main] DEBUG org.dbunit.database.DatabaseTableMetaData  - getColumns() - start
171569 [main] DEBUG org.dbunit.dataset.AbstractTableMetaData  - getColumnIndex(columnName=id) - start
171569 [main] DEBUG org.dbunit.database.DatabaseTableMetaData  - getColumns() - start
171569 [main] DEBUG org.dbunit.dataset.AbstractTableMetaData  - getColumnIndex(columnName=timeStamp) - start
171569 [main] DEBUG org.dbunit.database.DatabaseTableMetaData  - getColumns() - start
171569 [main] DEBUG org.dbunit.database.DatabaseTableMetaData  - getPrimaryKeys() - start
171569 [main] TRACE org.dbunit.database.DatabaseConfig  - getProperty(name=http://www.dbunit.org/properties/primaryKeyFilter) - start
171569 [main] DEBUG org.dbunit.operation.InsertOperation  - getIgnoreMapping(table=org.dbunit.dataset.DefaultTable[_metaData=tableName=ScopedContentConditionAttribute, columns=[(key, UNKNOWN, nullableUnknown), (checkOrder, UNKNOWN, nullableUnknown), (className, UNKNOWN, nullableUnknown), (valuePath, UNKNOWN, nullableUnknown), (operator, UNKNOWN, nullableUnknown), (expectedValue, UNKNOWN, nullableUnknown), (expectedValueType, UNKNOWN, nullableUnknown), (scopedContentCondition, UNKNOWN, nullableUnknown), (id, UNKNOWN, nullableUnknown), (timeStamp, UNKNOWN, nullableUnknown)], keys=[], _rowList.size()=1], row=0) - start
171569 [main] DEBUG org.dbunit.dataset.DefaultTable  - getValue(row=0, column=key) - start
171569 [main] DEBUG org.dbunit.dataset.AbstractTable  - assertValidRowIndex(row=0) - start
171569 [main] DEBUG org.dbunit.dataset.AbstractTable  - assertValidRowIndex(row=0, rowCount=1) - start
171569 [main] DEBUG org.dbunit.dataset.AbstractTable  - getColumnIndex(columnName=key) - start
171569 [main] DEBUG org.dbunit.dataset.AbstractTableMetaData  - getColumnIndex(columnName=key) - start
171569 [main] DEBUG org.dbunit.dataset.DefaultTable  - getValue(row=0, column=checkOrder) - start
171569 [main] DEBUG org.dbunit.dataset.AbstractTable  - assertValidRowIndex(row=0) - start
171569 [main] DEBUG org.dbunit.dataset.AbstractTable  - assertValidRowIndex(row=0, rowCount=1) - start
171569 [main] DEBUG org.dbunit.dataset.AbstractTable  - getColumnIndex(columnName=checkOrder) - start
171570 [main] DEBUG org.dbunit.dataset.AbstractTableMetaData  - getColumnIndex(columnName=checkOrder) - start
171570 [main] DEBUG org.dbunit.dataset.DefaultTable  - getValue(row=0, column=className) - start
171570 [main] DEBUG org.dbunit.dataset.AbstractTable  - assertValidRowIndex(row=0) - start
171570 [main] DEBUG org.dbunit.dataset.AbstractTable  - assertValidRowIndex(row=0, rowCount=1) - start
171570 [main] DEBUG org.dbunit.dataset.AbstractTable  - getColumnIndex(columnName=className) - start
171570 [main] DEBUG org.dbunit.dataset.AbstractTableMetaData  - getColumnIndex(columnName=className) - start
171570 [main] DEBUG org.dbunit.dataset.DefaultTable  - getValue(row=0, column=valuePath) - start
171570 [main] DEBUG org.dbunit.dataset.AbstractTable  - assertValidRowIndex(row=0) - start
171570 [main] DEBUG org.dbunit.dataset.AbstractTable  - assertValidRowIndex(row=0, rowCount=1) - start
171570 [main] DEBUG org.dbunit.dataset.AbstractTable  - getColumnIndex(columnName=valuePath) - start
171570 [main] DEBUG org.dbunit.dataset.AbstractTableMetaData  - getColumnIndex(columnName=valuePath) - start
171570 [main] DEBUG org.dbunit.dataset.DefaultTable  - getValue(row=0, column=operator) - start
171570 [main] DEBUG org.dbunit.dataset.AbstractTable  - assertValidRowIndex(row=0) - start
171570 [main] DEBUG org.dbunit.dataset.AbstractTable  - assertValidRowIndex(row=0, rowCount=1) - start
171570 [main] DEBUG org.dbunit.dataset.AbstractTable  - getColumnIndex(columnName=operator) - start
171570 [main] DEBUG org.dbunit.dataset.AbstractTableMetaData  - getColumnIndex(columnName=operator) - start
171570 [main] DEBUG org.dbunit.dataset.DefaultTable  - getValue(row=0, column=expectedValue) - start
171570 [main] DEBUG org.dbunit.dataset.AbstractTable  - assertValidRowIndex(row=0) - start
171570 [main] DEBUG org.dbunit.dataset.AbstractTable  - assertValidRowIndex(row=0, rowCount=1) - start
171570 [main] DEBUG org.dbunit.dataset.AbstractTable  - getColumnIndex(columnName=expectedValue) - start
171570 [main] DEBUG org.dbunit.dataset.AbstractTableMetaData  - getColumnIndex(columnName=expectedValue) - start
171570 [main] DEBUG org.dbunit.dataset.DefaultTable  - getValue(row=0, column=expectedValueType) - start
171570 [main] DEBUG org.dbunit.dataset.AbstractTable  - assertValidRowIndex(row=0) - start
171570 [main] DEBUG org.dbunit.dataset.AbstractTable  - assertValidRowIndex(row=0, rowCount=1) - start
171570 [main] DEBUG org.dbunit.dataset.AbstractTable  - getColumnIndex(columnName=expectedValueType) - start
171570 [main] DEBUG org.dbunit.dataset.AbstractTableMetaData  - getColumnIndex(columnName=expectedValueType) - start
171570 [main] DEBUG org.dbunit.dataset.DefaultTable  - getValue(row=0, column=scopedContentCondition) - start
171570 [main] DEBUG org.dbunit.dataset.AbstractTable  - assertValidRowIndex(row=0) - start
171570 [main] DEBUG org.dbunit.dataset.AbstractTable  - assertValidRowIndex(row=0, rowCount=1) - start
171570 [main] DEBUG org.dbunit.dataset.AbstractTable  - getColumnIndex(columnName=scopedContentCondition) - start
171570 [main] DEBUG org.dbunit.dataset.AbstractTableMetaData  - getColumnIndex(columnName=scopedContentCondition) - start
171570 [main] DEBUG org.dbunit.dataset.DefaultTable  - getValue(row=0, column=id) - start
171571 [main] DEBUG org.dbunit.dataset.AbstractTable  - assertValidRowIndex(row=0) - start
171571 [main] DEBUG org.dbunit.dataset.AbstractTable  - assertValidRowIndex(row=0, rowCount=1) - start
171571 [main] DEBUG org.dbunit.dataset.AbstractTable  - getColumnIndex(columnName=id) - start
171571 [main] DEBUG org.dbunit.dataset.AbstractTableMetaData  - getColumnIndex(columnName=id) - start
171571 [main] DEBUG org.dbunit.dataset.DefaultTable  - getValue(row=0, column=timeStamp) - start
171571 [main] DEBUG org.dbunit.dataset.AbstractTable  - assertValidRowIndex(row=0) - start
171571 [main] DEBUG org.dbunit.dataset.AbstractTable  - assertValidRowIndex(row=0, rowCount=1) - start
171571 [main] DEBUG org.dbunit.dataset.AbstractTable  - getColumnIndex(columnName=timeStamp) - start
171571 [main] DEBUG org.dbunit.dataset.AbstractTableMetaData  - getColumnIndex(columnName=timeStamp) - start
171571 [main] DEBUG org.dbunit.operation.InsertOperation  - getOperationData(metaData=tableName=SCOPEDCONTENTCONDITIONATTRIBUTE, columns=[(KEY, VARCHAR, noNulls), (CHECKORDER, INTEGER, noNulls), (CLASSNAME, VARCHAR, noNulls), (VALUEPATH, VARCHAR, noNulls), (OPERATOR, VARCHAR, noNulls), (EXPECTEDVALUE, VARCHAR, noNulls), (EXPECTEDVALUETYPE, VARCHAR, noNulls), (SCOPEDCONTENTCONDITION, INTEGER, noNulls), (ID, INTEGER, noNulls), (TIMESTAMP, TIMESTAMP, nullable)], keys=[(ID, INTEGER, noNulls)], ignoreMapping={}, connection=_databaseConfig=org.dbunit.database.DatabaseConfig[, _propertyMap={http://www.dbunit.org/properties/statementFactory=org.dbunit.database.statement.PreparedStatementFactory@626bc2b8, http://www.dbunit.org/features/caseSensitiveTableNames=false, http://www.dbunit.org/properties/fetchSize=100, http://www.dbunit.org/features/batchedStatements=false, http://www.dbunit.org/properties/metadataHandler=org.dbunit.database.DefaultMetadataHandler@62baffef, http://www.dbunit.org/properties/datatypeFactory=org.dbunit.dataset.datatype.DefaultDataTypeFactory[_toleratedDeltaMap=org.dbunit.dataset.datatype.ToleratedDeltaMap@6452310a], http://www.dbunit.org/properties/escapePattern=null, http://www.dbunit.org/properties/batchSize=100, http://www.dbunit.org/features/qualifiedTableNames=false, http://www.dbunit.org/properties/tableType=[Ljava.lang.String;@5011bafa, http://www.dbunit.org/properties/resultSetTableFactory=org.dbunit.database.CachedResultSetTableFactory@10bcf083, http://www.dbunit.org/features/datatypeWarning=true}], _dataSet=AbstractDataSet[_orderedTableNameMap=null]) - start
171571 [main] DEBUG org.dbunit.operation.AbstractOperation  - getQualifiedName(prefix=null, name=SCOPEDCONTENTCONDITIONATTRIBUTE, connection=_databaseConfig=org.dbunit.database.DatabaseConfig[, _propertyMap={http://www.dbunit.org/properties/statementFactory=org.dbunit.database.statement.PreparedStatementFactory@626bc2b8, http://www.dbunit.org/features/caseSensitiveTableNames=false, http://www.dbunit.org/properties/fetchSize=100, http://www.dbunit.org/features/batchedStatements=false, http://www.dbunit.org/properties/metadataHandler=org.dbunit.database.DefaultMetadataHandler@62baffef, http://www.dbunit.org/properties/datatypeFactory=org.dbunit.dataset.datatype.DefaultDataTypeFactory[_toleratedDeltaMap=org.dbunit.dataset.datatype.ToleratedDeltaMap@6452310a], http://www.dbunit.org/properties/escapePattern=null, http://www.dbunit.org/properties/batchSize=100, http://www.dbunit.org/features/qualifiedTableNames=false, http://www.dbunit.org/properties/tableType=[Ljava.lang.String;@5011bafa, http://www.dbunit.org/properties/resultSetTableFactory=org.dbunit.database.CachedResultSetTableFactory@10bcf083, http://www.dbunit.org/features/datatypeWarning=true}], _dataSet=AbstractDataSet[_orderedTableNameMap=null]) - start
171571 [main] TRACE org.dbunit.database.DatabaseConfig  - getProperty(name=http://www.dbunit.org/properties/escapePattern) - start
171571 [main] DEBUG org.dbunit.util.QualifiedTableName  - getQualifiedName() - start
171571 [main] DEBUG org.dbunit.util.QualifiedTableName  - getQualifiedName(prefix=null, name=SCOPEDCONTENTCONDITIONATTRIBUTE, escapePattern=null) - start
171571 [main] DEBUG org.dbunit.operation.AbstractOperation  - getQualifiedName(prefix=null, name=KEY, connection=_databaseConfig=org.dbunit.database.DatabaseConfig[, _propertyMap={http://www.dbunit.org/properties/statementFactory=org.dbunit.database.statement.PreparedStatementFactory@626bc2b8, http://www.dbunit.org/features/caseSensitiveTableNames=false, http://www.dbunit.org/properties/fetchSize=100, http://www.dbunit.org/features/batchedStatements=false, http://www.dbunit.org/properties/metadataHandler=org.dbunit.database.DefaultMetadataHandler@62baffef, http://www.dbunit.org/properties/datatypeFactory=org.dbunit.dataset.datatype.DefaultDataTypeFactory[_toleratedDeltaMap=org.dbunit.dataset.datatype.ToleratedDeltaMap@6452310a], http://www.dbunit.org/properties/escapePattern=null, http://www.dbunit.org/properties/batchSize=100, http://www.dbunit.org/features/qualifiedTableNames=false, http://www.dbunit.org/properties/tableType=[Ljava.lang.String;@5011bafa, http://www.dbunit.org/properties/resultSetTableFactory=org.dbunit.database.CachedResultSetTableFactory@10bcf083, http://www.dbunit.org/features/datatypeWarning=true}], _dataSet=AbstractDataSet[_orderedTableNameMap=null]) - start
171571 [main] TRACE org.dbunit.database.DatabaseConfig  - getProperty(name=http://www.dbunit.org/properties/escapePattern) - start
171571 [main] DEBUG org.dbunit.util.QualifiedTableName  - getQualifiedName() - start
171571 [main] DEBUG org.dbunit.util.QualifiedTableName  - getQualifiedName(prefix=null, name=KEY, escapePattern=null) - start
171571 [main] DEBUG org.dbunit.operation.AbstractOperation  - getQualifiedName(prefix=null, name=CHECKORDER, connection=_databaseConfig=org.dbunit.database.DatabaseConfig[, _propertyMap={http://www.dbunit.org/properties/statementFactory=org.dbunit.database.statement.PreparedStatementFactory@626bc2b8, http://www.dbunit.org/features/caseSensitiveTableNames=false, http://www.dbunit.org/properties/fetchSize=100, http://www.dbunit.org/features/batchedStatements=false, http://www.dbunit.org/properties/metadataHandler=org.dbunit.database.DefaultMetadataHandler@62baffef, http://www.dbunit.org/properties/datatypeFactory=org.dbunit.dataset.datatype.DefaultDataTypeFactory[_toleratedDeltaMap=org.dbunit.dataset.datatype.ToleratedDeltaMap@6452310a], http://www.dbunit.org/properties/escapePattern=null, http://www.dbunit.org/properties/batchSize=100, http://www.dbunit.org/features/qualifiedTableNames=false, http://www.dbunit.org/properties/tableType=[Ljava.lang.String;@5011bafa, http://www.dbunit.org/properties/resultSetTableFactory=org.dbunit.database.CachedResultSetTableFactory@10bcf083, http://www.dbunit.org/features/datatypeWarning=true}], _dataSet=AbstractDataSet[_orderedTableNameMap=null]) - start
171572 [main] TRACE org.dbunit.database.DatabaseConfig  - getProperty(name=http://www.dbunit.org/properties/escapePattern) - start
171572 [main] DEBUG org.dbunit.util.QualifiedTableName  - getQualifiedName() - start
171572 [main] DEBUG org.dbunit.util.QualifiedTableName  - getQualifiedName(prefix=null, name=CHECKORDER, escapePattern=null) - start
171572 [main] DEBUG org.dbunit.operation.AbstractOperation  - getQualifiedName(prefix=null, name=CLASSNAME, connection=_databaseConfig=org.dbunit.database.DatabaseConfig[, _propertyMap={http://www.dbunit.org/properties/statementFactory=org.dbunit.database.statement.PreparedStatementFactory@626bc2b8, http://www.dbunit.org/features/caseSensitiveTableNames=false, http://www.dbunit.org/properties/fetchSize=100, http://www.dbunit.org/features/batchedStatements=false, http://www.dbunit.org/properties/metadataHandler=org.dbunit.database.DefaultMetadataHandler@62baffef, http://www.dbunit.org/properties/datatypeFactory=org.dbunit.dataset.datatype.DefaultDataTypeFactory[_toleratedDeltaMap=org.dbunit.dataset.datatype.ToleratedDeltaMap@6452310a], http://www.dbunit.org/properties/escapePattern=null, http://www.dbunit.org/properties/batchSize=100, http://www.dbunit.org/features/qualifiedTableNames=false, http://www.dbunit.org/properties/tableType=[Ljava.lang.String;@5011bafa, http://www.dbunit.org/properties/resultSetTableFactory=org.dbunit.database.CachedResultSetTableFactory@10bcf083, http://www.dbunit.org/features/datatypeWarning=true}], _dataSet=AbstractDataSet[_orderedTableNameMap=null]) - start
171572 [main] TRACE org.dbunit.database.DatabaseConfig  - getProperty(name=http://www.dbunit.org/properties/escapePattern) - start
171572 [main] DEBUG org.dbunit.util.QualifiedTableName  - getQualifiedName() - start
171572 [main] DEBUG org.dbunit.util.QualifiedTableName  - getQualifiedName(prefix=null, name=CLASSNAME, escapePattern=null) - start
171572 [main] DEBUG org.dbunit.operation.AbstractOperation  - getQualifiedName(prefix=null, name=VALUEPATH, connection=_databaseConfig=org.dbunit.database.DatabaseConfig[, _propertyMap={http://www.dbunit.org/properties/statementFactory=org.dbunit.database.statement.PreparedStatementFactory@626bc2b8, http://www.dbunit.org/features/caseSensitiveTableNames=false, http://www.dbunit.org/properties/fetchSize=100, http://www.dbunit.org/features/batchedStatements=false, http://www.dbunit.org/properties/metadataHandler=org.dbunit.database.DefaultMetadataHandler@62baffef, http://www.dbunit.org/properties/datatypeFactory=org.dbunit.dataset.datatype.DefaultDataTypeFactory[_toleratedDeltaMap=org.dbunit.dataset.datatype.ToleratedDeltaMap@6452310a], http://www.dbunit.org/properties/escapePattern=null, http://www.dbunit.org/properties/batchSize=100, http://www.dbunit.org/features/qualifiedTableNames=false, http://www.dbunit.org/properties/tableType=[Ljava.lang.String;@5011bafa, http://www.dbunit.org/properties/resultSetTableFactory=org.dbunit.database.CachedResultSetTableFactory@10bcf083, http://www.dbunit.org/features/datatypeWarning=true}], _dataSet=AbstractDataSet[_orderedTableNameMap=null]) - start
171572 [main] TRACE org.dbunit.database.DatabaseConfig  - getProperty(name=http://www.dbunit.org/properties/escapePattern) - start
171572 [main] DEBUG org.dbunit.util.QualifiedTableName  - getQualifiedName() - start
171572 [main] DEBUG org.dbunit.util.QualifiedTableName  - getQualifiedName(prefix=null, name=VALUEPATH, escapePattern=null) - start
171572 [main] DEBUG org.dbunit.operation.AbstractOperation  - getQualifiedName(prefix=null, name=OPERATOR, connection=_databaseConfig=org.dbunit.database.DatabaseConfig[, _propertyMap={http://www.dbunit.org/properties/statementFactory=org.dbunit.database.statement.PreparedStatementFactory@626bc2b8, http://www.dbunit.org/features/caseSensitiveTableNames=false, http://www.dbunit.org/properties/fetchSize=100, http://www.dbunit.org/features/batchedStatements=false, http://www.dbunit.org/properties/metadataHandler=org.dbunit.database.DefaultMetadataHandler@62baffef, http://www.dbunit.org/properties/datatypeFactory=org.dbunit.dataset.datatype.DefaultDataTypeFactory[_toleratedDeltaMap=org.dbunit.dataset.datatype.ToleratedDeltaMap@6452310a], http://www.dbunit.org/properties/escapePattern=null, http://www.dbunit.org/properties/batchSize=100, http://www.dbunit.org/features/qualifiedTableNames=false, http://www.dbunit.org/properties/tableType=[Ljava.lang.String;@5011bafa, http://www.dbunit.org/properties/resultSetTableFactory=org.dbunit.database.CachedResultSetTableFactory@10bcf083, http://www.dbunit.org/features/datatypeWarning=true}], _dataSet=AbstractDataSet[_orderedTableNameMap=null]) - start
171572 [main] TRACE org.dbunit.database.DatabaseConfig  - getProperty(name=http://www.dbunit.org/properties/escapePattern) - start
171572 [main] DEBUG org.dbunit.util.QualifiedTableName  - getQualifiedName() - start
171572 [main] DEBUG org.dbunit.util.QualifiedTableName  - getQualifiedName(prefix=null, name=OPERATOR, escapePattern=null) - start
171572 [main] DEBUG org.dbunit.operation.AbstractOperation  - getQualifiedName(prefix=null, name=EXPECTEDVALUE, connection=_databaseConfig=org.dbunit.database.DatabaseConfig[, _propertyMap={http://www.dbunit.org/properties/statementFactory=org.dbunit.database.statement.PreparedStatementFactory@626bc2b8, http://www.dbunit.org/features/caseSensitiveTableNames=false, http://www.dbunit.org/properties/fetchSize=100, http://www.dbunit.org/features/batchedStatements=false, http://www.dbunit.org/properties/metadataHandler=org.dbunit.database.DefaultMetadataHandler@62baffef, http://www.dbunit.org/properties/datatypeFactory=org.dbunit.dataset.datatype.DefaultDataTypeFactory[_toleratedDeltaMap=org.dbunit.dataset.datatype.ToleratedDeltaMap@6452310a], http://www.dbunit.org/properties/escapePattern=null, http://www.dbunit.org/properties/batchSize=100, http://www.dbunit.org/features/qualifiedTableNames=false, http://www.dbunit.org/properties/tableType=[Ljava.lang.String;@5011bafa, http://www.dbunit.org/properties/resultSetTableFactory=org.dbunit.database.CachedResultSetTableFactory@10bcf083, http://www.dbunit.org/features/datatypeWarning=true}], _dataSet=AbstractDataSet[_orderedTableNameMap=null]) - start
171572 [main] TRACE org.dbunit.database.DatabaseConfig  - getProperty(name=http://www.dbunit.org/properties/escapePattern) - start
171572 [main] DEBUG org.dbunit.util.QualifiedTableName  - getQualifiedName() - start
171572 [main] DEBUG org.dbunit.util.QualifiedTableName  - getQualifiedName(prefix=null, name=EXPECTEDVALUE, escapePattern=null) - start
171572 [main] DEBUG org.dbunit.operation.AbstractOperation  - getQualifiedName(prefix=null, name=EXPECTEDVALUETYPE, connection=_databaseConfig=org.dbunit.database.DatabaseConfig[, _propertyMap={http://www.dbunit.org/properties/statementFactory=org.dbunit.database.statement.PreparedStatementFactory@626bc2b8, http://www.dbunit.org/features/caseSensitiveTableNames=false, http://www.dbunit.org/properties/fetchSize=100, http://www.dbunit.org/features/batchedStatements=false, http://www.dbunit.org/properties/metadataHandler=org.dbunit.database.DefaultMetadataHandler@62baffef, http://www.dbunit.org/properties/datatypeFactory=org.dbunit.dataset.datatype.DefaultDataTypeFactory[_toleratedDeltaMap=org.dbunit.dataset.datatype.ToleratedDeltaMap@6452310a], http://www.dbunit.org/properties/escapePattern=null, http://www.dbunit.org/properties/batchSize=100, http://www.dbunit.org/features/qualifiedTableNames=false, http://www.dbunit.org/properties/tableType=[Ljava.lang.String;@5011bafa, http://www.dbunit.org/properties/resultSetTableFactory=org.dbunit.database.CachedResultSetTableFactory@10bcf083, http://www.dbunit.org/features/datatypeWarning=true}], _dataSet=AbstractDataSet[_orderedTableNameMap=null]) - start
171573 [main] TRACE org.dbunit.database.DatabaseConfig  - getProperty(name=http://www.dbunit.org/properties/escapePattern) - start
171573 [main] DEBUG org.dbunit.util.QualifiedTableName  - getQualifiedName() - start
171573 [main] DEBUG org.dbunit.util.QualifiedTableName  - getQualifiedName(prefix=null, name=EXPECTEDVALUETYPE, escapePattern=null) - start
171573 [main] DEBUG org.dbunit.operation.AbstractOperation  - getQualifiedName(prefix=null, name=SCOPEDCONTENTCONDITION, connection=_databaseConfig=org.dbunit.database.DatabaseConfig[, _propertyMap={http://www.dbunit.org/properties/statementFactory=org.dbunit.database.statement.PreparedStatementFactory@626bc2b8, http://www.dbunit.org/features/caseSensitiveTableNames=false, http://www.dbunit.org/properties/fetchSize=100, http://www.dbunit.org/features/batchedStatements=false, http://www.dbunit.org/properties/metadataHandler=org.dbunit.database.DefaultMetadataHandler@62baffef, http://www.dbunit.org/properties/datatypeFactory=org.dbunit.dataset.datatype.DefaultDataTypeFactory[_toleratedDeltaMap=org.dbunit.dataset.datatype.ToleratedDeltaMap@6452310a], http://www.dbunit.org/properties/escapePattern=null, http://www.dbunit.org/properties/batchSize=100, http://www.dbunit.org/features/qualifiedTableNames=false, http://www.dbunit.org/properties/tableType=[Ljava.lang.String;@5011bafa, http://www.dbunit.org/properties/resultSetTableFactory=org.dbunit.database.CachedResultSetTableFactory@10bcf083, http://www.dbunit.org/features/datatypeWarning=true}], _dataSet=AbstractDataSet[_orderedTableNameMap=null]) - start
171573 [main] TRACE org.dbunit.database.DatabaseConfig  - getProperty(name=http://www.dbunit.org/properties/escapePattern) - start
171573 [main] DEBUG org.dbunit.util.QualifiedTableName  - getQualifiedName() - start
171573 [main] DEBUG org.dbunit.util.QualifiedTableName  - getQualifiedName(prefix=null, name=SCOPEDCONTENTCONDITION, escapePattern=null) - start
171573 [main] DEBUG org.dbunit.operation.AbstractOperation  - getQualifiedName(prefix=null, name=ID, connection=_databaseConfig=org.dbunit.database.DatabaseConfig[, _propertyMap={http://www.dbunit.org/properties/statementFactory=org.dbunit.database.statement.PreparedStatementFactory@626bc2b8, http://www.dbunit.org/features/caseSensitiveTableNames=false, http://www.dbunit.org/properties/fetchSize=100, http://www.dbunit.org/features/batchedStatements=false, http://www.dbunit.org/properties/metadataHandler=org.dbunit.database.DefaultMetadataHandler@62baffef, http://www.dbunit.org/properties/datatypeFactory=org.dbunit.dataset.datatype.DefaultDataTypeFactory[_toleratedDeltaMap=org.dbunit.dataset.datatype.ToleratedDeltaMap@6452310a], http://www.dbunit.org/properties/escapePattern=null, http://www.dbunit.org/properties/batchSize=100, http://www.dbunit.org/features/qualifiedTableNames=false, http://www.dbunit.org/properties/tableType=[Ljava.lang.String;@5011bafa, http://www.dbunit.org/properties/resultSetTableFactory=org.dbunit.database.CachedResultSetTableFactory@10bcf083, http://www.dbunit.org/features/datatypeWarning=true}], _dataSet=AbstractDataSet[_orderedTableNameMap=null]) - start
171573 [main] TRACE org.dbunit.database.DatabaseConfig  - getProperty(name=http://www.dbunit.org/properties/escapePattern) - start
171573 [main] DEBUG org.dbunit.util.QualifiedTableName  - getQualifiedName() - start
171573 [main] DEBUG org.dbunit.util.QualifiedTableName  - getQualifiedName(prefix=null, name=ID, escapePattern=null) - start
171573 [main] DEBUG org.dbunit.operation.AbstractOperation  - getQualifiedName(prefix=null, name=TIMESTAMP, connection=_databaseConfig=org.dbunit.database.DatabaseConfig[, _propertyMap={http://www.dbunit.org/properties/statementFactory=org.dbunit.database.statement.PreparedStatementFactory@626bc2b8, http://www.dbunit.org/features/caseSensitiveTableNames=false, http://www.dbunit.org/properties/fetchSize=100, http://www.dbunit.org/features/batchedStatements=false, http://www.dbunit.org/properties/metadataHandler=org.dbunit.database.DefaultMetadataHandler@62baffef, http://www.dbunit.org/properties/datatypeFactory=org.dbunit.dataset.datatype.DefaultDataTypeFactory[_toleratedDeltaMap=org.dbunit.dataset.datatype.ToleratedDeltaMap@6452310a], http://www.dbunit.org/properties/escapePattern=null, http://www.dbunit.org/properties/batchSize=100, http://www.dbunit.org/features/qualifiedTableNames=false, http://www.dbunit.org/properties/tableType=[Ljava.lang.String;@5011bafa, http://www.dbunit.org/properties/resultSetTableFactory=org.dbunit.database.CachedResultSetTableFactory@10bcf083, http://www.dbunit.org/features/datatypeWarning=true}], _dataSet=AbstractDataSet[_orderedTableNameMap=null]) - start
171573 [main] TRACE org.dbunit.database.DatabaseConfig  - getProperty(name=http://www.dbunit.org/properties/escapePattern) - start
171573 [main] DEBUG org.dbunit.util.QualifiedTableName  - getQualifiedName() - start
171573 [main] DEBUG org.dbunit.util.QualifiedTableName  - getQualifiedName(prefix=null, name=TIMESTAMP, escapePattern=null) - start
171573 [main] DEBUG org.dbunit.database.statement.PreparedStatementFactory  - createPreparedBatchStatement(sql=insert into SCOPEDCONTENTCONDITIONATTRIBUTE (KEY, CHECKORDER, CLASSNAME, VALUEPATH, OPERATOR, EXPECTEDVALUE, EXPECTEDVALUETYPE, SCOPEDCONTENTCONDITION, ID, TIMESTAMP) values (?, ?, ?, ?, ?, ?, ?, ?, ?, ?), connection=_databaseConfig=org.dbunit.database.DatabaseConfig[, _propertyMap={http://www.dbunit.org/properties/statementFactory=org.dbunit.database.statement.PreparedStatementFactory@626bc2b8, http://www.dbunit.org/features/caseSensitiveTableNames=false, http://www.dbunit.org/properties/fetchSize=100, http://www.dbunit.org/features/batchedStatements=false, http://www.dbunit.org/properties/metadataHandler=org.dbunit.database.DefaultMetadataHandler@62baffef, http://www.dbunit.org/properties/datatypeFactory=org.dbunit.dataset.datatype.DefaultDataTypeFactory[_toleratedDeltaMap=org.dbunit.dataset.datatype.ToleratedDeltaMap@6452310a], http://www.dbunit.org/properties/escapePattern=null, http://www.dbunit.org/properties/batchSize=100, http://www.dbunit.org/features/qualifiedTableNames=false, http://www.dbunit.org/properties/tableType=[Ljava.lang.String;@5011bafa, http://www.dbunit.org/properties/resultSetTableFactory=org.dbunit.database.CachedResultSetTableFactory@10bcf083, http://www.dbunit.org/features/datatypeWarning=true}], _dataSet=AbstractDataSet[_orderedTableNameMap=null]) - start
171573 [main] TRACE org.dbunit.database.DatabaseConfig  - getProperty(name=http://www.dbunit.org/properties/batchSize) - start
171573 [main] DEBUG org.dbunit.database.statement.AbstractStatementFactory  - supportBatchStatement(connection=_databaseConfig=org.dbunit.database.DatabaseConfig[, _propertyMap={http://www.dbunit.org/properties/statementFactory=org.dbunit.database.statement.PreparedStatementFactory@626bc2b8, http://www.dbunit.org/features/caseSensitiveTableNames=false, http://www.dbunit.org/properties/fetchSize=100, http://www.dbunit.org/features/batchedStatements=false, http://www.dbunit.org/properties/metadataHandler=org.dbunit.database.DefaultMetadataHandler@62baffef, http://www.dbunit.org/properties/datatypeFactory=org.dbunit.dataset.datatype.DefaultDataTypeFactory[_toleratedDeltaMap=org.dbunit.dataset.datatype.ToleratedDeltaMap@6452310a], http://www.dbunit.org/properties/escapePattern=null, http://www.dbunit.org/properties/batchSize=100, http://www.dbunit.org/features/qualifiedTableNames=false, http://www.dbunit.org/properties/tableType=[Ljava.lang.String;@5011bafa, http://www.dbunit.org/properties/resultSetTableFactory=org.dbunit.database.CachedResultSetTableFactory@10bcf083, http://www.dbunit.org/features/datatypeWarning=true}], _dataSet=AbstractDataSet[_orderedTableNameMap=null]) - start
171573 [main] TRACE org.dbunit.database.DatabaseConfig  - getFeature(name=http://www.dbunit.org/features/batchedStatements) - start
171573 [main] TRACE org.dbunit.database.DatabaseConfig  - getProperty(name=http://www.dbunit.org/features/batchedStatements) - start
171573 [main] DEBUG org.dbunit.database.DatabaseDataSourceConnection  - getConnection() - start
171574 [main] DEBUG org.dbunit.dataset.DefaultTable  - getValue(row=0, column=KEY) - start
171574 [main] DEBUG org.dbunit.dataset.AbstractTable  - assertValidRowIndex(row=0) - start
171574 [main] DEBUG org.dbunit.dataset.AbstractTable  - assertValidRowIndex(row=0, rowCount=1) - start
171574 [main] DEBUG org.dbunit.dataset.AbstractTable  - getColumnIndex(columnName=KEY) - start
171574 [main] DEBUG org.dbunit.dataset.AbstractTableMetaData  - getColumnIndex(columnName=KEY) - start
171574 [main] DEBUG org.dbunit.database.statement.AutomaticPreparedBatchStatement  - addValue(value=0, dataType=VARCHAR) - start
171574 [main] DEBUG org.dbunit.database.statement.SimplePreparedStatement  - addValue(value=0, dataType=VARCHAR) - start
171574 [main] DEBUG org.dbunit.dataset.datatype.StringDataType  - setSqlValue(value=0, column=1, statement=org.hsqldb.jdbc.JDBCPreparedStatement@1823bccc[sql=[insert into SCOPEDCONTENTCONDITIONATTRIBUTE (KEY, CHECKORDER, CLASSNAME, VALUEPATH, OPERATOR, EXPECTEDVALUE, EXPECTEDVALUETYPE, SCOPEDCONTENTCONDITION, ID, TIMESTAMP) values (?, ?, ?, ?, ?, ?, ?, ?, ?, ?)], parameters=[[null], [null], [null], [null], [null], [null], [null], [null], [null], [null]]]) - start
171574 [main] DEBUG org.dbunit.dataset.datatype.DataType  - asString(value=0) - start
171574 [main] DEBUG org.dbunit.dataset.datatype.StringDataType  - typeCast(value=0) - start
171574 [main] DEBUG org.dbunit.dataset.DefaultTable  - getValue(row=0, column=CHECKORDER) - start
171574 [main] DEBUG org.dbunit.dataset.AbstractTable  - assertValidRowIndex(row=0) - start
171574 [main] DEBUG org.dbunit.dataset.AbstractTable  - assertValidRowIndex(row=0, rowCount=1) - start
171574 [main] DEBUG org.dbunit.dataset.AbstractTable  - getColumnIndex(columnName=CHECKORDER) - start
171574 [main] DEBUG org.dbunit.dataset.AbstractTableMetaData  - getColumnIndex(columnName=CHECKORDER) - start
171574 [main] DEBUG org.dbunit.database.statement.AutomaticPreparedBatchStatement  - addValue(value=0, dataType=INTEGER) - start
171574 [main] DEBUG org.dbunit.database.statement.SimplePreparedStatement  - addValue(value=0, dataType=INTEGER) - start
171574 [main] DEBUG org.dbunit.dataset.datatype.IntegerDataType  - setSqlValue(value=0, column=2, statement=org.hsqldb.jdbc.JDBCPreparedStatement@1823bccc[sql=[insert into SCOPEDCONTENTCONDITIONATTRIBUTE (KEY, CHECKORDER, CLASSNAME, VALUEPATH, OPERATOR, EXPECTEDVALUE, EXPECTEDVALUETYPE, SCOPEDCONTENTCONDITION, ID, TIMESTAMP) values (?, ?, ?, ?, ?, ?, ?, ?, ?, ?)], parameters=[[0], [null], [null], [null], [null], [null], [null], [null], [null], [null]]]) - start
171574 [main] DEBUG org.dbunit.dataset.datatype.IntegerDataType  - typeCast(value=0) - start
171574 [main] DEBUG org.dbunit.dataset.DefaultTable  - getValue(row=0, column=CLASSNAME) - start
171575 [main] DEBUG org.dbunit.dataset.AbstractTable  - assertValidRowIndex(row=0) - start
171575 [main] DEBUG org.dbunit.dataset.AbstractTable  - assertValidRowIndex(row=0, rowCount=1) - start
171575 [main] DEBUG org.dbunit.dataset.AbstractTable  - getColumnIndex(columnName=CLASSNAME) - start
171575 [main] DEBUG org.dbunit.dataset.AbstractTableMetaData  - getColumnIndex(columnName=CLASSNAME) - start
171575 [main] DEBUG org.dbunit.database.statement.AutomaticPreparedBatchStatement  - addValue(value=1, dataType=VARCHAR) - start
171575 [main] DEBUG org.dbunit.database.statement.SimplePreparedStatement  - addValue(value=1, dataType=VARCHAR) - start
171575 [main] DEBUG org.dbunit.dataset.datatype.StringDataType  - setSqlValue(value=1, column=3, statement=org.hsqldb.jdbc.JDBCPreparedStatement@1823bccc[sql=[insert into SCOPEDCONTENTCONDITIONATTRIBUTE (KEY, CHECKORDER, CLASSNAME, VALUEPATH, OPERATOR, EXPECTEDVALUE, EXPECTEDVALUETYPE, SCOPEDCONTENTCONDITION, ID, TIMESTAMP) values (?, ?, ?, ?, ?, ?, ?, ?, ?, ?)], parameters=[[0], [0], [null], [null], [null], [null], [null], [null], [null], [null]]]) - start
171575 [main] DEBUG org.dbunit.dataset.datatype.DataType  - asString(value=1) - start
171575 [main] DEBUG org.dbunit.dataset.datatype.StringDataType  - typeCast(value=1) - start
171575 [main] DEBUG org.dbunit.dataset.DefaultTable  - getValue(row=0, column=VALUEPATH) - start
171575 [main] DEBUG org.dbunit.dataset.AbstractTable  - assertValidRowIndex(row=0) - start
171575 [main] DEBUG org.dbunit.dataset.AbstractTable  - assertValidRowIndex(row=0, rowCount=1) - start
171575 [main] DEBUG org.dbunit.dataset.AbstractTable  - getColumnIndex(columnName=VALUEPATH) - start
171575 [main] DEBUG org.dbunit.dataset.AbstractTableMetaData  - getColumnIndex(columnName=VALUEPATH) - start
171575 [main] DEBUG org.dbunit.database.statement.AutomaticPreparedBatchStatement  - addValue(value=2, dataType=VARCHAR) - start
171575 [main] DEBUG org.dbunit.database.statement.SimplePreparedStatement  - addValue(value=2, dataType=VARCHAR) - start
171575 [main] DEBUG org.dbunit.dataset.datatype.StringDataType  - setSqlValue(value=2, column=4, statement=org.hsqldb.jdbc.JDBCPreparedStatement@1823bccc[sql=[insert into SCOPEDCONTENTCONDITIONATTRIBUTE (KEY, CHECKORDER, CLASSNAME, VALUEPATH, OPERATOR, EXPECTEDVALUE, EXPECTEDVALUETYPE, SCOPEDCONTENTCONDITION, ID, TIMESTAMP) values (?, ?, ?, ?, ?, ?, ?, ?, ?, ?)], parameters=[[0], [0], [1], [null], [null], [null], [null], [null], [null], [null]]]) - start
171575 [main] DEBUG org.dbunit.dataset.datatype.DataType  - asString(value=2) - start
171575 [main] DEBUG org.dbunit.dataset.datatype.StringDataType  - typeCast(value=2) - start
171575 [main] DEBUG org.dbunit.dataset.DefaultTable  - getValue(row=0, column=OPERATOR) - start
171575 [main] DEBUG org.dbunit.dataset.AbstractTable  - assertValidRowIndex(row=0) - start
171575 [main] DEBUG org.dbunit.dataset.AbstractTable  - assertValidRowIndex(row=0, rowCount=1) - start
171575 [main] DEBUG org.dbunit.dataset.AbstractTable  - getColumnIndex(columnName=OPERATOR) - start
171575 [main] DEBUG org.dbunit.dataset.AbstractTableMetaData  - getColumnIndex(columnName=OPERATOR) - start
171575 [main] DEBUG org.dbunit.database.statement.AutomaticPreparedBatchStatement  - addValue(value=IsEqual, dataType=VARCHAR) - start
171575 [main] DEBUG org.dbunit.database.statement.SimplePreparedStatement  - addValue(value=IsEqual, dataType=VARCHAR) - start
171575 [main] DEBUG org.dbunit.dataset.datatype.StringDataType  - setSqlValue(value=IsEqual, column=5, statement=org.hsqldb.jdbc.JDBCPreparedStatement@1823bccc[sql=[insert into SCOPEDCONTENTCONDITIONATTRIBUTE (KEY, CHECKORDER, CLASSNAME, VALUEPATH, OPERATOR, EXPECTEDVALUE, EXPECTEDVALUETYPE, SCOPEDCONTENTCONDITION, ID, TIMESTAMP) values (?, ?, ?, ?, ?, ?, ?, ?, ?, ?)], parameters=[[0], [0], [1], [2], [null], [null], [null], [null], [null], [null]]]) - start
171575 [main] DEBUG org.dbunit.dataset.datatype.DataType  - asString(value=IsEqual) - start
171576 [main] DEBUG org.dbunit.dataset.datatype.StringDataType  - typeCast(value=IsEqual) - start
171576 [main] WARN  org.dbunit.dataset.datatype.StringDataType  - Unknown/unsupported object type 'com.tmt.kontroll.content.persistence.selections.ReferenceOperator' - will invoke toString() as last fallback which might produce undesired results
171576 [main] DEBUG org.dbunit.dataset.DefaultTable  - getValue(row=0, column=EXPECTEDVALUE) - start
171576 [main] DEBUG org.dbunit.dataset.AbstractTable  - assertValidRowIndex(row=0) - start
171576 [main] DEBUG org.dbunit.dataset.AbstractTable  - assertValidRowIndex(row=0, rowCount=1) - start
171576 [main] DEBUG org.dbunit.dataset.AbstractTable  - getColumnIndex(columnName=EXPECTEDVALUE) - start
171576 [main] DEBUG org.dbunit.dataset.AbstractTableMetaData  - getColumnIndex(columnName=EXPECTEDVALUE) - start
171576 [main] DEBUG org.dbunit.database.statement.AutomaticPreparedBatchStatement  - addValue(value=3, dataType=VARCHAR) - start
171576 [main] DEBUG org.dbunit.database.statement.SimplePreparedStatement  - addValue(value=3, dataType=VARCHAR) - start
171576 [main] DEBUG org.dbunit.dataset.datatype.StringDataType  - setSqlValue(value=3, column=6, statement=org.hsqldb.jdbc.JDBCPreparedStatement@1823bccc[sql=[insert into SCOPEDCONTENTCONDITIONATTRIBUTE (KEY, CHECKORDER, CLASSNAME, VALUEPATH, OPERATOR, EXPECTEDVALUE, EXPECTEDVALUETYPE, SCOPEDCONTENTCONDITION, ID, TIMESTAMP) values (?, ?, ?, ?, ?, ?, ?, ?, ?, ?)], parameters=[[0], [0], [1], [2], [IsEqual], [null], [null], [null], [null], [null]]]) - start
171576 [main] DEBUG org.dbunit.dataset.datatype.DataType  - asString(value=3) - start
171576 [main] DEBUG org.dbunit.dataset.datatype.StringDataType  - typeCast(value=3) - start
171576 [main] DEBUG org.dbunit.dataset.DefaultTable  - getValue(row=0, column=EXPECTEDVALUETYPE) - start
171576 [main] DEBUG org.dbunit.dataset.AbstractTable  - assertValidRowIndex(row=0) - start
171576 [main] DEBUG org.dbunit.dataset.AbstractTable  - assertValidRowIndex(row=0, rowCount=1) - start
171576 [main] DEBUG org.dbunit.dataset.AbstractTable  - getColumnIndex(columnName=EXPECTEDVALUETYPE) - start
171576 [main] DEBUG org.dbunit.dataset.AbstractTableMetaData  - getColumnIndex(columnName=EXPECTEDVALUETYPE) - start
171576 [main] DEBUG org.dbunit.database.statement.AutomaticPreparedBatchStatement  - addValue(value=4, dataType=VARCHAR) - start
171576 [main] DEBUG org.dbunit.database.statement.SimplePreparedStatement  - addValue(value=4, dataType=VARCHAR) - start
171576 [main] DEBUG org.dbunit.dataset.datatype.StringDataType  - setSqlValue(value=4, column=7, statement=org.hsqldb.jdbc.JDBCPreparedStatement@1823bccc[sql=[insert into SCOPEDCONTENTCONDITIONATTRIBUTE (KEY, CHECKORDER, CLASSNAME, VALUEPATH, OPERATOR, EXPECTEDVALUE, EXPECTEDVALUETYPE, SCOPEDCONTENTCONDITION, ID, TIMESTAMP) values (?, ?, ?, ?, ?, ?, ?, ?, ?, ?)], parameters=[[0], [0], [1], [2], [IsEqual], [3], [null], [null], [null], [null]]]) - start
171576 [main] DEBUG org.dbunit.dataset.datatype.DataType  - asString(value=4) - start
171576 [main] DEBUG org.dbunit.dataset.datatype.StringDataType  - typeCast(value=4) - start
171576 [main] DEBUG org.dbunit.dataset.DefaultTable  - getValue(row=0, column=SCOPEDCONTENTCONDITION) - start
171576 [main] DEBUG org.dbunit.dataset.AbstractTable  - assertValidRowIndex(row=0) - start
171576 [main] DEBUG org.dbunit.dataset.AbstractTable  - assertValidRowIndex(row=0, rowCount=1) - start
171576 [main] DEBUG org.dbunit.dataset.AbstractTable  - getColumnIndex(columnName=SCOPEDCONTENTCONDITION) - start
171577 [main] DEBUG org.dbunit.dataset.AbstractTableMetaData  - getColumnIndex(columnName=SCOPEDCONTENTCONDITION) - start
171577 [main] DEBUG org.dbunit.database.statement.AutomaticPreparedBatchStatement  - addValue(value=1, dataType=INTEGER) - start
171577 [main] DEBUG org.dbunit.database.statement.SimplePreparedStatement  - addValue(value=1, dataType=INTEGER) - start
171577 [main] DEBUG org.dbunit.dataset.datatype.IntegerDataType  - setSqlValue(value=1, column=8, statement=org.hsqldb.jdbc.JDBCPreparedStatement@1823bccc[sql=[insert into SCOPEDCONTENTCONDITIONATTRIBUTE (KEY, CHECKORDER, CLASSNAME, VALUEPATH, OPERATOR, EXPECTEDVALUE, EXPECTEDVALUETYPE, SCOPEDCONTENTCONDITION, ID, TIMESTAMP) values (?, ?, ?, ?, ?, ?, ?, ?, ?, ?)], parameters=[[0], [0], [1], [2], [IsEqual], [3], [4], [null], [null], [null]]]) - start
171577 [main] DEBUG org.dbunit.dataset.datatype.IntegerDataType  - typeCast(value=1) - start
171577 [main] DEBUG org.dbunit.dataset.DefaultTable  - getValue(row=0, column=ID) - start
171577 [main] DEBUG org.dbunit.dataset.AbstractTable  - assertValidRowIndex(row=0) - start
171577 [main] DEBUG org.dbunit.dataset.AbstractTable  - assertValidRowIndex(row=0, rowCount=1) - start
171577 [main] DEBUG org.dbunit.dataset.AbstractTable  - getColumnIndex(columnName=ID) - start
171577 [main] DEBUG org.dbunit.dataset.AbstractTableMetaData  - getColumnIndex(columnName=ID) - start
171577 [main] DEBUG org.dbunit.database.statement.AutomaticPreparedBatchStatement  - addValue(value=1, dataType=INTEGER) - start
171577 [main] DEBUG org.dbunit.database.statement.SimplePreparedStatement  - addValue(value=1, dataType=INTEGER) - start
171577 [main] DEBUG org.dbunit.dataset.datatype.IntegerDataType  - setSqlValue(value=1, column=9, statement=org.hsqldb.jdbc.JDBCPreparedStatement@1823bccc[sql=[insert into SCOPEDCONTENTCONDITIONATTRIBUTE (KEY, CHECKORDER, CLASSNAME, VALUEPATH, OPERATOR, EXPECTEDVALUE, EXPECTEDVALUETYPE, SCOPEDCONTENTCONDITION, ID, TIMESTAMP) values (?, ?, ?, ?, ?, ?, ?, ?, ?, ?)], parameters=[[0], [0], [1], [2], [IsEqual], [3], [4], [1], [null], [null]]]) - start
171577 [main] DEBUG org.dbunit.dataset.datatype.IntegerDataType  - typeCast(value=1) - start
171577 [main] DEBUG org.dbunit.dataset.DefaultTable  - getValue(row=0, column=TIMESTAMP) - start
171577 [main] DEBUG org.dbunit.dataset.AbstractTable  - assertValidRowIndex(row=0) - start
171577 [main] DEBUG org.dbunit.dataset.AbstractTable  - assertValidRowIndex(row=0, rowCount=1) - start
171577 [main] DEBUG org.dbunit.dataset.AbstractTable  - getColumnIndex(columnName=TIMESTAMP) - start
171577 [main] DEBUG org.dbunit.dataset.AbstractTableMetaData  - getColumnIndex(columnName=TIMESTAMP) - start
171577 [main] DEBUG org.dbunit.database.statement.AutomaticPreparedBatchStatement  - addValue(value=2014-02-26 12:43:51.813, dataType=TIMESTAMP) - start
171577 [main] DEBUG org.dbunit.database.statement.SimplePreparedStatement  - addValue(value=2014-02-26 12:43:51.813, dataType=TIMESTAMP) - start
171577 [main] DEBUG org.dbunit.dataset.datatype.TimestampDataType  - setSqlValue(value=2014-02-26 12:43:51.813, column=10, statement=org.hsqldb.jdbc.JDBCPreparedStatement@1823bccc[sql=[insert into SCOPEDCONTENTCONDITIONATTRIBUTE (KEY, CHECKORDER, CLASSNAME, VALUEPATH, OPERATOR, EXPECTEDVALUE, EXPECTEDVALUETYPE, SCOPEDCONTENTCONDITION, ID, TIMESTAMP) values (?, ?, ?, ?, ?, ?, ?, ?, ?, ?)], parameters=[[0], [0], [1], [2], [IsEqual], [3], [4], [1], [1], [null]]]) - start
171577 [main] DEBUG org.dbunit.dataset.datatype.TimestampDataType  - typeCast(value=2014-02-26 12:43:51.813) - start
171577 [main] DEBUG org.dbunit.database.statement.AutomaticPreparedBatchStatement  - addBatch() - start
171577 [main] DEBUG org.dbunit.database.statement.SimplePreparedStatement  - addBatch() - start
171578 [main] DEBUG org.dbunit.operation.InsertOperation  - equalsIgnoreMapping(ignoreMapping={}, table=org.dbunit.dataset.DefaultTable[_metaData=tableName=ScopedContentConditionAttribute, columns=[(key, UNKNOWN, nullableUnknown), (checkOrder, UNKNOWN, nullableUnknown), (className, UNKNOWN, nullableUnknown), (valuePath, UNKNOWN, nullableUnknown), (operator, UNKNOWN, nullableUnknown), (expectedValue, UNKNOWN, nullableUnknown), (expectedValueType, UNKNOWN, nullableUnknown), (scopedContentCondition, UNKNOWN, nullableUnknown), (id, UNKNOWN, nullableUnknown), (timeStamp, UNKNOWN, nullableUnknown)], keys=[], _rowList.size()=1], row=1) - start
171578 [main] DEBUG org.dbunit.dataset.DefaultTable  - getValue(row=1, column=key) - start
171578 [main] DEBUG org.dbunit.dataset.AbstractTable  - assertValidRowIndex(row=1) - start
171578 [main] DEBUG org.dbunit.dataset.AbstractTable  - assertValidRowIndex(row=1, rowCount=1) - start
171578 [main] DEBUG org.dbunit.database.statement.AutomaticPreparedBatchStatement  - executeBatch() - start
171578 [main] DEBUG org.dbunit.database.statement.SimplePreparedStatement  - executeBatch() - start
171578 [main] DEBUG org.dbunit.database.statement.SimplePreparedStatement  - clearBatch() - start
171578 [main] DEBUG org.dbunit.database.statement.AutomaticPreparedBatchStatement  - clearBatch() - start
171578 [main] DEBUG org.dbunit.database.statement.SimplePreparedStatement  - clearBatch() - start
171578 [main] DEBUG org.dbunit.database.statement.AutomaticPreparedBatchStatement  - close() - start
171578 [main] DEBUG org.dbunit.database.statement.AbstractPreparedBatchStatement  - close() - start
171578 [main] DEBUG org.dbunit.dataset.filter.SequenceTableIterator  - next() - start
171578 [main] DEBUG org.dbunit.dataset.filter.SequenceTableIterator  - getTable() - start
171578 [main] DEBUG org.dbunit.dataset.AbstractDataSet  - getTable(tableName=ScopedContentConditions_ScopedContent) - start
171578 [main] DEBUG org.dbunit.dataset.AbstractDataSet  - initialize() - start
171578 [main] DEBUG org.dbunit.dataset.AbstractDataSet  - The table name map has already been initialized.
171578 [main] DEBUG org.dbunit.dataset.OrderedTableNameMap  - getTableName(tableName=ScopedContentConditions_ScopedContent) - start
171578 [main] DEBUG org.dbunit.dataset.OrderedTableNameMap  - getTableName(tableName=ScopedContentConditions_ScopedContent) - end - result=SCOPEDCONTENTCONDITIONS_SCOPEDCONTENT
171578 [main] TRACE org.dbunit.operation.AbstractBatchOperation  - execute: processing table='ScopedContentConditions_ScopedContent'
171578 [main] DEBUG org.dbunit.operation.AbstractBatchOperation  - isEmpty(table=org.dbunit.dataset.DefaultTable[_metaData=tableName=ScopedContentConditions_ScopedContent, columns=[], keys=[], _rowList.size()=0]) - start
171578 [main] DEBUG org.dbunit.dataset.filter.SequenceTableIterator  - next() - start
171578 [main] DEBUG org.dbunit.dataset.filter.SequenceTableIterator  - getTable() - start
171578 [main] DEBUG org.dbunit.dataset.AbstractDataSet  - getTable(tableName=ScopedContentItem) - start
171579 [main] DEBUG org.dbunit.dataset.AbstractDataSet  - initialize() - start
171579 [main] DEBUG org.dbunit.dataset.AbstractDataSet  - The table name map has already been initialized.
171579 [main] DEBUG org.dbunit.dataset.OrderedTableNameMap  - getTableName(tableName=ScopedContentItem) - start
171579 [main] DEBUG org.dbunit.dataset.OrderedTableNameMap  - getTableName(tableName=ScopedContentItem) - end - result=SCOPEDCONTENTITEM
171579 [main] TRACE org.dbunit.operation.AbstractBatchOperation  - execute: processing table='ScopedContentItem'
171579 [main] DEBUG org.dbunit.operation.AbstractBatchOperation  - isEmpty(table=org.dbunit.dataset.DefaultTable[_metaData=tableName=ScopedContentItem, columns=[(tagName, UNKNOWN, nullableUnknown), (cssClass, UNKNOWN, nullableUnknown), (content, UNKNOWN, nullableUnknown), (type, UNKNOWN, nullableUnknown), (id, UNKNOWN, nullableUnknown), (timeStamp, UNKNOWN, nullableUnknown)], keys=[], _rowList.size()=1]) - start
171579 [main] DEBUG org.dbunit.dataset.DefaultTable  - getValue(row=0, column=tagName) - start
171579 [main] DEBUG org.dbunit.dataset.AbstractTable  - assertValidRowIndex(row=0) - start
171579 [main] DEBUG org.dbunit.dataset.AbstractTable  - assertValidRowIndex(row=0, rowCount=1) - start
171579 [main] DEBUG org.dbunit.dataset.AbstractTable  - getColumnIndex(columnName=tagName) - start
171579 [main] DEBUG org.dbunit.dataset.AbstractTableMetaData  - getColumnIndex(columnName=tagName) - start
171579 [main] DEBUG org.dbunit.operation.AbstractOperation  - getOperationMetaData(connection=_databaseConfig=org.dbunit.database.DatabaseConfig[, _propertyMap={http://www.dbunit.org/properties/statementFactory=org.dbunit.database.statement.PreparedStatementFactory@626bc2b8, http://www.dbunit.org/features/caseSensitiveTableNames=false, http://www.dbunit.org/properties/fetchSize=100, http://www.dbunit.org/features/batchedStatements=false, http://www.dbunit.org/properties/metadataHandler=org.dbunit.database.DefaultMetadataHandler@62baffef, http://www.dbunit.org/properties/datatypeFactory=org.dbunit.dataset.datatype.DefaultDataTypeFactory[_toleratedDeltaMap=org.dbunit.dataset.datatype.ToleratedDeltaMap@6452310a], http://www.dbunit.org/properties/escapePattern=null, http://www.dbunit.org/properties/batchSize=100, http://www.dbunit.org/features/qualifiedTableNames=false, http://www.dbunit.org/properties/tableType=[Ljava.lang.String;@5011bafa, http://www.dbunit.org/properties/resultSetTableFactory=org.dbunit.database.CachedResultSetTableFactory@10bcf083, http://www.dbunit.org/features/datatypeWarning=true}], _dataSet=AbstractDataSet[_orderedTableNameMap=null], metaData=tableName=ScopedContentItem, columns=[(tagName, UNKNOWN, nullableUnknown), (cssClass, UNKNOWN, nullableUnknown), (content, UNKNOWN, nullableUnknown), (type, UNKNOWN, nullableUnknown), (id, UNKNOWN, nullableUnknown), (timeStamp, UNKNOWN, nullableUnknown)], keys=[]) - start
171579 [main] DEBUG org.dbunit.database.AbstractDatabaseConnection  - createDataSet() - start
171579 [main] DEBUG org.dbunit.database.DatabaseDataSet  - getTableMetaData(tableName=ScopedContentItem) - start
171579 [main] DEBUG org.dbunit.database.DatabaseDataSet  - initialize() - start
171579 [main] DEBUG org.dbunit.dataset.OrderedTableNameMap  - getTableName(tableName=ScopedContentItem) - start
171579 [main] DEBUG org.dbunit.dataset.OrderedTableNameMap  - getTableName(tableName=ScopedContentItem) - end - result=SCOPEDCONTENTITEM
171579 [main] DEBUG org.dbunit.dataset.OrderedTableNameMap  - getTableName(tableName=ScopedContentItem) - start
171579 [main] DEBUG org.dbunit.dataset.OrderedTableNameMap  - getTableName(tableName=ScopedContentItem) - end - result=SCOPEDCONTENTITEM
171580 [main] DEBUG org.dbunit.dataset.AbstractTableMetaData  - getColumnIndex(columnName=tagName) - start
171580 [main] DEBUG org.dbunit.database.DatabaseTableMetaData  - getColumns() - start
171580 [main] DEBUG org.dbunit.dataset.AbstractTableMetaData  - getColumnIndex(columnName=cssClass) - start
171580 [main] DEBUG org.dbunit.database.DatabaseTableMetaData  - getColumns() - start
171580 [main] DEBUG org.dbunit.dataset.AbstractTableMetaData  - getColumnIndex(columnName=content) - start
171580 [main] DEBUG org.dbunit.database.DatabaseTableMetaData  - getColumns() - start
171580 [main] DEBUG org.dbunit.dataset.AbstractTableMetaData  - getColumnIndex(columnName=type) - start
171580 [main] DEBUG org.dbunit.database.DatabaseTableMetaData  - getColumns() - start
171580 [main] DEBUG org.dbunit.dataset.AbstractTableMetaData  - getColumnIndex(columnName=id) - start
171580 [main] DEBUG org.dbunit.database.DatabaseTableMetaData  - getColumns() - start
171580 [main] DEBUG org.dbunit.dataset.AbstractTableMetaData  - getColumnIndex(columnName=timeStamp) - start
171580 [main] DEBUG org.dbunit.database.DatabaseTableMetaData  - getColumns() - start
171580 [main] DEBUG org.dbunit.database.DatabaseTableMetaData  - getPrimaryKeys() - start
171580 [main] TRACE org.dbunit.database.DatabaseConfig  - getProperty(name=http://www.dbunit.org/properties/primaryKeyFilter) - start
171580 [main] DEBUG org.dbunit.operation.InsertOperation  - getIgnoreMapping(table=org.dbunit.dataset.DefaultTable[_metaData=tableName=ScopedContentItem, columns=[(tagName, UNKNOWN, nullableUnknown), (cssClass, UNKNOWN, nullableUnknown), (content, UNKNOWN, nullableUnknown), (type, UNKNOWN, nullableUnknown), (id, UNKNOWN, nullableUnknown), (timeStamp, UNKNOWN, nullableUnknown)], keys=[], _rowList.size()=1], row=0) - start
171580 [main] DEBUG org.dbunit.dataset.DefaultTable  - getValue(row=0, column=tagName) - start
171580 [main] DEBUG org.dbunit.dataset.AbstractTable  - assertValidRowIndex(row=0) - start
171580 [main] DEBUG org.dbunit.dataset.AbstractTable  - assertValidRowIndex(row=0, rowCount=1) - start
171580 [main] DEBUG org.dbunit.dataset.AbstractTable  - getColumnIndex(columnName=tagName) - start
171580 [main] DEBUG org.dbunit.dataset.AbstractTableMetaData  - getColumnIndex(columnName=tagName) - start
171580 [main] DEBUG org.dbunit.dataset.DefaultTable  - getValue(row=0, column=cssClass) - start
171580 [main] DEBUG org.dbunit.dataset.AbstractTable  - assertValidRowIndex(row=0) - start
171580 [main] DEBUG org.dbunit.dataset.AbstractTable  - assertValidRowIndex(row=0, rowCount=1) - start
171580 [main] DEBUG org.dbunit.dataset.AbstractTable  - getColumnIndex(columnName=cssClass) - start
171580 [main] DEBUG org.dbunit.dataset.AbstractTableMetaData  - getColumnIndex(columnName=cssClass) - start
171580 [main] DEBUG org.dbunit.dataset.DefaultTable  - getValue(row=0, column=content) - start
171580 [main] DEBUG org.dbunit.dataset.AbstractTable  - assertValidRowIndex(row=0) - start
171580 [main] DEBUG org.dbunit.dataset.AbstractTable  - assertValidRowIndex(row=0, rowCount=1) - start
171580 [main] DEBUG org.dbunit.dataset.AbstractTable  - getColumnIndex(columnName=content) - start
171580 [main] DEBUG org.dbunit.dataset.AbstractTableMetaData  - getColumnIndex(columnName=content) - start
171580 [main] DEBUG org.dbunit.dataset.DefaultTable  - getValue(row=0, column=type) - start
171581 [main] DEBUG org.dbunit.dataset.AbstractTable  - assertValidRowIndex(row=0) - start
171581 [main] DEBUG org.dbunit.dataset.AbstractTable  - assertValidRowIndex(row=0, rowCount=1) - start
171581 [main] DEBUG org.dbunit.dataset.AbstractTable  - getColumnIndex(columnName=type) - start
171581 [main] DEBUG org.dbunit.dataset.AbstractTableMetaData  - getColumnIndex(columnName=type) - start
171581 [main] DEBUG org.dbunit.dataset.DefaultTable  - getValue(row=0, column=id) - start
171581 [main] DEBUG org.dbunit.dataset.AbstractTable  - assertValidRowIndex(row=0) - start
171581 [main] DEBUG org.dbunit.dataset.AbstractTable  - assertValidRowIndex(row=0, rowCount=1) - start
171581 [main] DEBUG org.dbunit.dataset.AbstractTable  - getColumnIndex(columnName=id) - start
171581 [main] DEBUG org.dbunit.dataset.AbstractTableMetaData  - getColumnIndex(columnName=id) - start
171581 [main] DEBUG org.dbunit.dataset.DefaultTable  - getValue(row=0, column=timeStamp) - start
171581 [main] DEBUG org.dbunit.dataset.AbstractTable  - assertValidRowIndex(row=0) - start
171581 [main] DEBUG org.dbunit.dataset.AbstractTable  - assertValidRowIndex(row=0, rowCount=1) - start
171581 [main] DEBUG org.dbunit.dataset.AbstractTable  - getColumnIndex(columnName=timeStamp) - start
171581 [main] DEBUG org.dbunit.dataset.AbstractTableMetaData  - getColumnIndex(columnName=timeStamp) - start
171581 [main] DEBUG org.dbunit.operation.InsertOperation  - getOperationData(metaData=tableName=SCOPEDCONTENTITEM, columns=[(TAGNAME, VARCHAR, nullable), (CSSCLASS, VARCHAR, nullable), (CONTENT, VARCHAR, noNulls), (TYPE, VARCHAR, nullable), (ID, INTEGER, noNulls), (TIMESTAMP, TIMESTAMP, nullable)], keys=[(ID, INTEGER, noNulls)], ignoreMapping={}, connection=_databaseConfig=org.dbunit.database.DatabaseConfig[, _propertyMap={http://www.dbunit.org/properties/statementFactory=org.dbunit.database.statement.PreparedStatementFactory@626bc2b8, http://www.dbunit.org/features/caseSensitiveTableNames=false, http://www.dbunit.org/properties/fetchSize=100, http://www.dbunit.org/features/batchedStatements=false, http://www.dbunit.org/properties/metadataHandler=org.dbunit.database.DefaultMetadataHandler@62baffef, http://www.dbunit.org/properties/datatypeFactory=org.dbunit.dataset.datatype.DefaultDataTypeFactory[_toleratedDeltaMap=org.dbunit.dataset.datatype.ToleratedDeltaMap@6452310a], http://www.dbunit.org/properties/escapePattern=null, http://www.dbunit.org/properties/batchSize=100, http://www.dbunit.org/features/qualifiedTableNames=false, http://www.dbunit.org/properties/tableType=[Ljava.lang.String;@5011bafa, http://www.dbunit.org/properties/resultSetTableFactory=org.dbunit.database.CachedResultSetTableFactory@10bcf083, http://www.dbunit.org/features/datatypeWarning=true}], _dataSet=AbstractDataSet[_orderedTableNameMap=null]) - start
171581 [main] DEBUG org.dbunit.operation.AbstractOperation  - getQualifiedName(prefix=null, name=SCOPEDCONTENTITEM, connection=_databaseConfig=org.dbunit.database.DatabaseConfig[, _propertyMap={http://www.dbunit.org/properties/statementFactory=org.dbunit.database.statement.PreparedStatementFactory@626bc2b8, http://www.dbunit.org/features/caseSensitiveTableNames=false, http://www.dbunit.org/properties/fetchSize=100, http://www.dbunit.org/features/batchedStatements=false, http://www.dbunit.org/properties/metadataHandler=org.dbunit.database.DefaultMetadataHandler@62baffef, http://www.dbunit.org/properties/datatypeFactory=org.dbunit.dataset.datatype.DefaultDataTypeFactory[_toleratedDeltaMap=org.dbunit.dataset.datatype.ToleratedDeltaMap@6452310a], http://www.dbunit.org/properties/escapePattern=null, http://www.dbunit.org/properties/batchSize=100, http://www.dbunit.org/features/qualifiedTableNames=false, http://www.dbunit.org/properties/tableType=[Ljava.lang.String;@5011bafa, http://www.dbunit.org/properties/resultSetTableFactory=org.dbunit.database.CachedResultSetTableFactory@10bcf083, http://www.dbunit.org/features/datatypeWarning=true}], _dataSet=AbstractDataSet[_orderedTableNameMap=null]) - start
171582 [main] TRACE org.dbunit.database.DatabaseConfig  - getProperty(name=http://www.dbunit.org/properties/escapePattern) - start
171582 [main] DEBUG org.dbunit.util.QualifiedTableName  - getQualifiedName() - start
171582 [main] DEBUG org.dbunit.util.QualifiedTableName  - getQualifiedName(prefix=null, name=SCOPEDCONTENTITEM, escapePattern=null) - start
171582 [main] DEBUG org.dbunit.operation.AbstractOperation  - getQualifiedName(prefix=null, name=TAGNAME, connection=_databaseConfig=org.dbunit.database.DatabaseConfig[, _propertyMap={http://www.dbunit.org/properties/statementFactory=org.dbunit.database.statement.PreparedStatementFactory@626bc2b8, http://www.dbunit.org/features/caseSensitiveTableNames=false, http://www.dbunit.org/properties/fetchSize=100, http://www.dbunit.org/features/batchedStatements=false, http://www.dbunit.org/properties/metadataHandler=org.dbunit.database.DefaultMetadataHandler@62baffef, http://www.dbunit.org/properties/datatypeFactory=org.dbunit.dataset.datatype.DefaultDataTypeFactory[_toleratedDeltaMap=org.dbunit.dataset.datatype.ToleratedDeltaMap@6452310a], http://www.dbunit.org/properties/escapePattern=null, http://www.dbunit.org/properties/batchSize=100, http://www.dbunit.org/features/qualifiedTableNames=false, http://www.dbunit.org/properties/tableType=[Ljava.lang.String;@5011bafa, http://www.dbunit.org/properties/resultSetTableFactory=org.dbunit.database.CachedResultSetTableFactory@10bcf083, http://www.dbunit.org/features/datatypeWarning=true}], _dataSet=AbstractDataSet[_orderedTableNameMap=null]) - start
171582 [main] TRACE org.dbunit.database.DatabaseConfig  - getProperty(name=http://www.dbunit.org/properties/escapePattern) - start
171582 [main] DEBUG org.dbunit.util.QualifiedTableName  - getQualifiedName() - start
171582 [main] DEBUG org.dbunit.util.QualifiedTableName  - getQualifiedName(prefix=null, name=TAGNAME, escapePattern=null) - start
171582 [main] DEBUG org.dbunit.operation.AbstractOperation  - getQualifiedName(prefix=null, name=CSSCLASS, connection=_databaseConfig=org.dbunit.database.DatabaseConfig[, _propertyMap={http://www.dbunit.org/properties/statementFactory=org.dbunit.database.statement.PreparedStatementFactory@626bc2b8, http://www.dbunit.org/features/caseSensitiveTableNames=false, http://www.dbunit.org/properties/fetchSize=100, http://www.dbunit.org/features/batchedStatements=false, http://www.dbunit.org/properties/metadataHandler=org.dbunit.database.DefaultMetadataHandler@62baffef, http://www.dbunit.org/properties/datatypeFactory=org.dbunit.dataset.datatype.DefaultDataTypeFactory[_toleratedDeltaMap=org.dbunit.dataset.datatype.ToleratedDeltaMap@6452310a], http://www.dbunit.org/properties/escapePattern=null, http://www.dbunit.org/properties/batchSize=100, http://www.dbunit.org/features/qualifiedTableNames=false, http://www.dbunit.org/properties/tableType=[Ljava.lang.String;@5011bafa, http://www.dbunit.org/properties/resultSetTableFactory=org.dbunit.database.CachedResultSetTableFactory@10bcf083, http://www.dbunit.org/features/datatypeWarning=true}], _dataSet=AbstractDataSet[_orderedTableNameMap=null]) - start
171582 [main] TRACE org.dbunit.database.DatabaseConfig  - getProperty(name=http://www.dbunit.org/properties/escapePattern) - start
171582 [main] DEBUG org.dbunit.util.QualifiedTableName  - getQualifiedName() - start
171582 [main] DEBUG org.dbunit.util.QualifiedTableName  - getQualifiedName(prefix=null, name=CSSCLASS, escapePattern=null) - start
171582 [main] DEBUG org.dbunit.operation.AbstractOperation  - getQualifiedName(prefix=null, name=CONTENT, connection=_databaseConfig=org.dbunit.database.DatabaseConfig[, _propertyMap={http://www.dbunit.org/properties/statementFactory=org.dbunit.database.statement.PreparedStatementFactory@626bc2b8, http://www.dbunit.org/features/caseSensitiveTableNames=false, http://www.dbunit.org/properties/fetchSize=100, http://www.dbunit.org/features/batchedStatements=false, http://www.dbunit.org/properties/metadataHandler=org.dbunit.database.DefaultMetadataHandler@62baffef, http://www.dbunit.org/properties/datatypeFactory=org.dbunit.dataset.datatype.DefaultDataTypeFactory[_toleratedDeltaMap=org.dbunit.dataset.datatype.ToleratedDeltaMap@6452310a], http://www.dbunit.org/properties/escapePattern=null, http://www.dbunit.org/properties/batchSize=100, http://www.dbunit.org/features/qualifiedTableNames=false, http://www.dbunit.org/properties/tableType=[Ljava.lang.String;@5011bafa, http://www.dbunit.org/properties/resultSetTableFactory=org.dbunit.database.CachedResultSetTableFactory@10bcf083, http://www.dbunit.org/features/datatypeWarning=true}], _dataSet=AbstractDataSet[_orderedTableNameMap=null]) - start
171582 [main] TRACE org.dbunit.database.DatabaseConfig  - getProperty(name=http://www.dbunit.org/properties/escapePattern) - start
171582 [main] DEBUG org.dbunit.util.QualifiedTableName  - getQualifiedName() - start
171582 [main] DEBUG org.dbunit.util.QualifiedTableName  - getQualifiedName(prefix=null, name=CONTENT, escapePattern=null) - start
171582 [main] DEBUG org.dbunit.operation.AbstractOperation  - getQualifiedName(prefix=null, name=TYPE, connection=_databaseConfig=org.dbunit.database.DatabaseConfig[, _propertyMap={http://www.dbunit.org/properties/statementFactory=org.dbunit.database.statement.PreparedStatementFactory@626bc2b8, http://www.dbunit.org/features/caseSensitiveTableNames=false, http://www.dbunit.org/properties/fetchSize=100, http://www.dbunit.org/features/batchedStatements=false, http://www.dbunit.org/properties/metadataHandler=org.dbunit.database.DefaultMetadataHandler@62baffef, http://www.dbunit.org/properties/datatypeFactory=org.dbunit.dataset.datatype.DefaultDataTypeFactory[_toleratedDeltaMap=org.dbunit.dataset.datatype.ToleratedDeltaMap@6452310a], http://www.dbunit.org/properties/escapePattern=null, http://www.dbunit.org/properties/batchSize=100, http://www.dbunit.org/features/qualifiedTableNames=false, http://www.dbunit.org/properties/tableType=[Ljava.lang.String;@5011bafa, http://www.dbunit.org/properties/resultSetTableFactory=org.dbunit.database.CachedResultSetTableFactory@10bcf083, http://www.dbunit.org/features/datatypeWarning=true}], _dataSet=AbstractDataSet[_orderedTableNameMap=null]) - start
171583 [main] TRACE org.dbunit.database.DatabaseConfig  - getProperty(name=http://www.dbunit.org/properties/escapePattern) - start
171583 [main] DEBUG org.dbunit.util.QualifiedTableName  - getQualifiedName() - start
171583 [main] DEBUG org.dbunit.util.QualifiedTableName  - getQualifiedName(prefix=null, name=TYPE, escapePattern=null) - start
171583 [main] DEBUG org.dbunit.operation.AbstractOperation  - getQualifiedName(prefix=null, name=ID, connection=_databaseConfig=org.dbunit.database.DatabaseConfig[, _propertyMap={http://www.dbunit.org/properties/statementFactory=org.dbunit.database.statement.PreparedStatementFactory@626bc2b8, http://www.dbunit.org/features/caseSensitiveTableNames=false, http://www.dbunit.org/properties/fetchSize=100, http://www.dbunit.org/features/batchedStatements=false, http://www.dbunit.org/properties/metadataHandler=org.dbunit.database.DefaultMetadataHandler@62baffef, http://www.dbunit.org/properties/datatypeFactory=org.dbunit.dataset.datatype.DefaultDataTypeFactory[_toleratedDeltaMap=org.dbunit.dataset.datatype.ToleratedDeltaMap@6452310a], http://www.dbunit.org/properties/escapePattern=null, http://www.dbunit.org/properties/batchSize=100, http://www.dbunit.org/features/qualifiedTableNames=false, http://www.dbunit.org/properties/tableType=[Ljava.lang.String;@5011bafa, http://www.dbunit.org/properties/resultSetTableFactory=org.dbunit.database.CachedResultSetTableFactory@10bcf083, http://www.dbunit.org/features/datatypeWarning=true}], _dataSet=AbstractDataSet[_orderedTableNameMap=null]) - start
171583 [main] TRACE org.dbunit.database.DatabaseConfig  - getProperty(name=http://www.dbunit.org/properties/escapePattern) - start
171583 [main] DEBUG org.dbunit.util.QualifiedTableName  - getQualifiedName() - start
171583 [main] DEBUG org.dbunit.util.QualifiedTableName  - getQualifiedName(prefix=null, name=ID, escapePattern=null) - start
171583 [main] DEBUG org.dbunit.operation.AbstractOperation  - getQualifiedName(prefix=null, name=TIMESTAMP, connection=_databaseConfig=org.dbunit.database.DatabaseConfig[, _propertyMap={http://www.dbunit.org/properties/statementFactory=org.dbunit.database.statement.PreparedStatementFactory@626bc2b8, http://www.dbunit.org/features/caseSensitiveTableNames=false, http://www.dbunit.org/properties/fetchSize=100, http://www.dbunit.org/features/batchedStatements=false, http://www.dbunit.org/properties/metadataHandler=org.dbunit.database.DefaultMetadataHandler@62baffef, http://www.dbunit.org/properties/datatypeFactory=org.dbunit.dataset.datatype.DefaultDataTypeFactory[_toleratedDeltaMap=org.dbunit.dataset.datatype.ToleratedDeltaMap@6452310a], http://www.dbunit.org/properties/escapePattern=null, http://www.dbunit.org/properties/batchSize=100, http://www.dbunit.org/features/qualifiedTableNames=false, http://www.dbunit.org/properties/tableType=[Ljava.lang.String;@5011bafa, http://www.dbunit.org/properties/resultSetTableFactory=org.dbunit.database.CachedResultSetTableFactory@10bcf083, http://www.dbunit.org/features/datatypeWarning=true}], _dataSet=AbstractDataSet[_orderedTableNameMap=null]) - start
171583 [main] TRACE org.dbunit.database.DatabaseConfig  - getProperty(name=http://www.dbunit.org/properties/escapePattern) - start
171583 [main] DEBUG org.dbunit.util.QualifiedTableName  - getQualifiedName() - start
171583 [main] DEBUG org.dbunit.util.QualifiedTableName  - getQualifiedName(prefix=null, name=TIMESTAMP, escapePattern=null) - start
171583 [main] DEBUG org.dbunit.database.statement.PreparedStatementFactory  - createPreparedBatchStatement(sql=insert into SCOPEDCONTENTITEM (TAGNAME, CSSCLASS, CONTENT, TYPE, ID, TIMESTAMP) values (?, ?, ?, ?, ?, ?), connection=_databaseConfig=org.dbunit.database.DatabaseConfig[, _propertyMap={http://www.dbunit.org/properties/statementFactory=org.dbunit.database.statement.PreparedStatementFactory@626bc2b8, http://www.dbunit.org/features/caseSensitiveTableNames=false, http://www.dbunit.org/properties/fetchSize=100, http://www.dbunit.org/features/batchedStatements=false, http://www.dbunit.org/properties/metadataHandler=org.dbunit.database.DefaultMetadataHandler@62baffef, http://www.dbunit.org/properties/datatypeFactory=org.dbunit.dataset.datatype.DefaultDataTypeFactory[_toleratedDeltaMap=org.dbunit.dataset.datatype.ToleratedDeltaMap@6452310a], http://www.dbunit.org/properties/escapePattern=null, http://www.dbunit.org/properties/batchSize=100, http://www.dbunit.org/features/qualifiedTableNames=false, http://www.dbunit.org/properties/tableType=[Ljava.lang.String;@5011bafa, http://www.dbunit.org/properties/resultSetTableFactory=org.dbunit.database.CachedResultSetTableFactory@10bcf083, http://www.dbunit.org/features/datatypeWarning=true}], _dataSet=AbstractDataSet[_orderedTableNameMap=null]) - start
171583 [main] TRACE org.dbunit.database.DatabaseConfig  - getProperty(name=http://www.dbunit.org/properties/batchSize) - start
171583 [main] DEBUG org.dbunit.database.statement.AbstractStatementFactory  - supportBatchStatement(connection=_databaseConfig=org.dbunit.database.DatabaseConfig[, _propertyMap={http://www.dbunit.org/properties/statementFactory=org.dbunit.database.statement.PreparedStatementFactory@626bc2b8, http://www.dbunit.org/features/caseSensitiveTableNames=false, http://www.dbunit.org/properties/fetchSize=100, http://www.dbunit.org/features/batchedStatements=false, http://www.dbunit.org/properties/metadataHandler=org.dbunit.database.DefaultMetadataHandler@62baffef, http://www.dbunit.org/properties/datatypeFactory=org.dbunit.dataset.datatype.DefaultDataTypeFactory[_toleratedDeltaMap=org.dbunit.dataset.datatype.ToleratedDeltaMap@6452310a], http://www.dbunit.org/properties/escapePattern=null, http://www.dbunit.org/properties/batchSize=100, http://www.dbunit.org/features/qualifiedTableNames=false, http://www.dbunit.org/properties/tableType=[Ljava.lang.String;@5011bafa, http://www.dbunit.org/properties/resultSetTableFactory=org.dbunit.database.CachedResultSetTableFactory@10bcf083, http://www.dbunit.org/features/datatypeWarning=true}], _dataSet=AbstractDataSet[_orderedTableNameMap=null]) - start
171583 [main] TRACE org.dbunit.database.DatabaseConfig  - getFeature(name=http://www.dbunit.org/features/batchedStatements) - start
171583 [main] TRACE org.dbunit.database.DatabaseConfig  - getProperty(name=http://www.dbunit.org/features/batchedStatements) - start
171583 [main] DEBUG org.dbunit.database.DatabaseDataSourceConnection  - getConnection() - start
171583 [main] DEBUG org.dbunit.dataset.DefaultTable  - getValue(row=0, column=TAGNAME) - start
171584 [main] DEBUG org.dbunit.dataset.AbstractTable  - assertValidRowIndex(row=0) - start
171584 [main] DEBUG org.dbunit.dataset.AbstractTable  - assertValidRowIndex(row=0, rowCount=1) - start
171584 [main] DEBUG org.dbunit.dataset.AbstractTable  - getColumnIndex(columnName=TAGNAME) - start
171584 [main] DEBUG org.dbunit.dataset.AbstractTableMetaData  - getColumnIndex(columnName=TAGNAME) - start
171584 [main] DEBUG org.dbunit.database.statement.AutomaticPreparedBatchStatement  - addValue(value=6, dataType=VARCHAR) - start
171584 [main] DEBUG org.dbunit.database.statement.SimplePreparedStatement  - addValue(value=6, dataType=VARCHAR) - start
171584 [main] DEBUG org.dbunit.dataset.datatype.StringDataType  - setSqlValue(value=6, column=1, statement=org.hsqldb.jdbc.JDBCPreparedStatement@52400175[sql=[insert into SCOPEDCONTENTITEM (TAGNAME, CSSCLASS, CONTENT, TYPE, ID, TIMESTAMP) values (?, ?, ?, ?, ?, ?)], parameters=[[null], [null], [null], [null], [null], [null]]]) - start
171584 [main] DEBUG org.dbunit.dataset.datatype.DataType  - asString(value=6) - start
171584 [main] DEBUG org.dbunit.dataset.datatype.StringDataType  - typeCast(value=6) - start
171584 [main] DEBUG org.dbunit.dataset.DefaultTable  - getValue(row=0, column=CSSCLASS) - start
171584 [main] DEBUG org.dbunit.dataset.AbstractTable  - assertValidRowIndex(row=0) - start
171584 [main] DEBUG org.dbunit.dataset.AbstractTable  - assertValidRowIndex(row=0, rowCount=1) - start
171584 [main] DEBUG org.dbunit.dataset.AbstractTable  - getColumnIndex(columnName=CSSCLASS) - start
171584 [main] DEBUG org.dbunit.dataset.AbstractTableMetaData  - getColumnIndex(columnName=CSSCLASS) - start
171584 [main] DEBUG org.dbunit.database.statement.AutomaticPreparedBatchStatement  - addValue(value=7, dataType=VARCHAR) - start
171584 [main] DEBUG org.dbunit.database.statement.SimplePreparedStatement  - addValue(value=7, dataType=VARCHAR) - start
171584 [main] DEBUG org.dbunit.dataset.datatype.StringDataType  - setSqlValue(value=7, column=2, statement=org.hsqldb.jdbc.JDBCPreparedStatement@52400175[sql=[insert into SCOPEDCONTENTITEM (TAGNAME, CSSCLASS, CONTENT, TYPE, ID, TIMESTAMP) values (?, ?, ?, ?, ?, ?)], parameters=[[6], [null], [null], [null], [null], [null]]]) - start
171584 [main] DEBUG org.dbunit.dataset.datatype.DataType  - asString(value=7) - start
171584 [main] DEBUG org.dbunit.dataset.datatype.StringDataType  - typeCast(value=7) - start
171584 [main] DEBUG org.dbunit.dataset.DefaultTable  - getValue(row=0, column=CONTENT) - start
171584 [main] DEBUG org.dbunit.dataset.AbstractTable  - assertValidRowIndex(row=0) - start
171584 [main] DEBUG org.dbunit.dataset.AbstractTable  - assertValidRowIndex(row=0, rowCount=1) - start
171584 [main] DEBUG org.dbunit.dataset.AbstractTable  - getColumnIndex(columnName=CONTENT) - start
171584 [main] DEBUG org.dbunit.dataset.AbstractTableMetaData  - getColumnIndex(columnName=CONTENT) - start
171584 [main] DEBUG org.dbunit.database.statement.AutomaticPreparedBatchStatement  - addValue(value=8, dataType=VARCHAR) - start
171584 [main] DEBUG org.dbunit.database.statement.SimplePreparedStatement  - addValue(value=8, dataType=VARCHAR) - start
171584 [main] DEBUG org.dbunit.dataset.datatype.StringDataType  - setSqlValue(value=8, column=3, statement=org.hsqldb.jdbc.JDBCPreparedStatement@52400175[sql=[insert into SCOPEDCONTENTITEM (TAGNAME, CSSCLASS, CONTENT, TYPE, ID, TIMESTAMP) values (?, ?, ?, ?, ?, ?)], parameters=[[6], [7], [null], [null], [null], [null]]]) - start
171584 [main] DEBUG org.dbunit.dataset.datatype.DataType  - asString(value=8) - start
171584 [main] DEBUG org.dbunit.dataset.datatype.StringDataType  - typeCast(value=8) - start
171584 [main] DEBUG org.dbunit.dataset.DefaultTable  - getValue(row=0, column=TYPE) - start
171585 [main] DEBUG org.dbunit.dataset.AbstractTable  - assertValidRowIndex(row=0) - start
171585 [main] DEBUG org.dbunit.dataset.AbstractTable  - assertValidRowIndex(row=0, rowCount=1) - start
171585 [main] DEBUG org.dbunit.dataset.AbstractTable  - getColumnIndex(columnName=TYPE) - start
171585 [main] DEBUG org.dbunit.dataset.AbstractTableMetaData  - getColumnIndex(columnName=TYPE) - start
171585 [main] DEBUG org.dbunit.database.statement.AutomaticPreparedBatchStatement  - addValue(value=Audio, dataType=VARCHAR) - start
171585 [main] DEBUG org.dbunit.database.statement.SimplePreparedStatement  - addValue(value=Audio, dataType=VARCHAR) - start
171585 [main] DEBUG org.dbunit.dataset.datatype.StringDataType  - setSqlValue(value=Audio, column=4, statement=org.hsqldb.jdbc.JDBCPreparedStatement@52400175[sql=[insert into SCOPEDCONTENTITEM (TAGNAME, CSSCLASS, CONTENT, TYPE, ID, TIMESTAMP) values (?, ?, ?, ?, ?, ?)], parameters=[[6], [7], [8], [null], [null], [null]]]) - start
171585 [main] DEBUG org.dbunit.dataset.datatype.DataType  - asString(value=Audio) - start
171585 [main] DEBUG org.dbunit.dataset.datatype.StringDataType  - typeCast(value=Audio) - start
171585 [main] WARN  org.dbunit.dataset.datatype.StringDataType  - Unknown/unsupported object type 'com.tmt.kontroll.content.persistence.selections.ContentType' - will invoke toString() as last fallback which might produce undesired results
171585 [main] DEBUG org.dbunit.dataset.DefaultTable  - getValue(row=0, column=ID) - start
171585 [main] DEBUG org.dbunit.dataset.AbstractTable  - assertValidRowIndex(row=0) - start
171585 [main] DEBUG org.dbunit.dataset.AbstractTable  - assertValidRowIndex(row=0, rowCount=1) - start
171585 [main] DEBUG org.dbunit.dataset.AbstractTable  - getColumnIndex(columnName=ID) - start
171585 [main] DEBUG org.dbunit.dataset.AbstractTableMetaData  - getColumnIndex(columnName=ID) - start
171585 [main] DEBUG org.dbunit.database.statement.AutomaticPreparedBatchStatement  - addValue(value=1, dataType=INTEGER) - start
171585 [main] DEBUG org.dbunit.database.statement.SimplePreparedStatement  - addValue(value=1, dataType=INTEGER) - start
171585 [main] DEBUG org.dbunit.dataset.datatype.IntegerDataType  - setSqlValue(value=1, column=5, statement=org.hsqldb.jdbc.JDBCPreparedStatement@52400175[sql=[insert into SCOPEDCONTENTITEM (TAGNAME, CSSCLASS, CONTENT, TYPE, ID, TIMESTAMP) values (?, ?, ?, ?, ?, ?)], parameters=[[6], [7], [8], [Audio], [null], [null]]]) - start
171585 [main] DEBUG org.dbunit.dataset.datatype.IntegerDataType  - typeCast(value=1) - start
171585 [main] DEBUG org.dbunit.dataset.DefaultTable  - getValue(row=0, column=TIMESTAMP) - start
171585 [main] DEBUG org.dbunit.dataset.AbstractTable  - assertValidRowIndex(row=0) - start
171585 [main] DEBUG org.dbunit.dataset.AbstractTable  - assertValidRowIndex(row=0, rowCount=1) - start
171585 [main] DEBUG org.dbunit.dataset.AbstractTable  - getColumnIndex(columnName=TIMESTAMP) - start
171585 [main] DEBUG org.dbunit.dataset.AbstractTableMetaData  - getColumnIndex(columnName=TIMESTAMP) - start
171585 [main] DEBUG org.dbunit.database.statement.AutomaticPreparedBatchStatement  - addValue(value=2014-02-26 12:43:51.815, dataType=TIMESTAMP) - start
171585 [main] DEBUG org.dbunit.database.statement.SimplePreparedStatement  - addValue(value=2014-02-26 12:43:51.815, dataType=TIMESTAMP) - start
171585 [main] DEBUG org.dbunit.dataset.datatype.TimestampDataType  - setSqlValue(value=2014-02-26 12:43:51.815, column=6, statement=org.hsqldb.jdbc.JDBCPreparedStatement@52400175[sql=[insert into SCOPEDCONTENTITEM (TAGNAME, CSSCLASS, CONTENT, TYPE, ID, TIMESTAMP) values (?, ?, ?, ?, ?, ?)], parameters=[[6], [7], [8], [Audio], [1], [null]]]) - start
171586 [main] DEBUG org.dbunit.dataset.datatype.TimestampDataType  - typeCast(value=2014-02-26 12:43:51.815) - start
171586 [main] DEBUG org.dbunit.database.statement.AutomaticPreparedBatchStatement  - addBatch() - start
171586 [main] DEBUG org.dbunit.database.statement.SimplePreparedStatement  - addBatch() - start
171586 [main] DEBUG org.dbunit.operation.InsertOperation  - equalsIgnoreMapping(ignoreMapping={}, table=org.dbunit.dataset.DefaultTable[_metaData=tableName=ScopedContentItem, columns=[(tagName, UNKNOWN, nullableUnknown), (cssClass, UNKNOWN, nullableUnknown), (content, UNKNOWN, nullableUnknown), (type, UNKNOWN, nullableUnknown), (id, UNKNOWN, nullableUnknown), (timeStamp, UNKNOWN, nullableUnknown)], keys=[], _rowList.size()=1], row=1) - start
171586 [main] DEBUG org.dbunit.dataset.DefaultTable  - getValue(row=1, column=tagName) - start
171586 [main] DEBUG org.dbunit.dataset.AbstractTable  - assertValidRowIndex(row=1) - start
171586 [main] DEBUG org.dbunit.dataset.AbstractTable  - assertValidRowIndex(row=1, rowCount=1) - start
171586 [main] DEBUG org.dbunit.database.statement.AutomaticPreparedBatchStatement  - executeBatch() - start
171586 [main] DEBUG org.dbunit.database.statement.SimplePreparedStatement  - executeBatch() - start
171586 [main] DEBUG org.dbunit.database.statement.SimplePreparedStatement  - clearBatch() - start
171586 [main] DEBUG org.dbunit.database.statement.AutomaticPreparedBatchStatement  - clearBatch() - start
171586 [main] DEBUG org.dbunit.database.statement.SimplePreparedStatement  - clearBatch() - start
171586 [main] DEBUG org.dbunit.database.statement.AutomaticPreparedBatchStatement  - close() - start
171586 [main] DEBUG org.dbunit.database.statement.AbstractPreparedBatchStatement  - close() - start
171586 [main] DEBUG org.dbunit.dataset.filter.SequenceTableIterator  - next() - start
171586 [main] DEBUG org.dbunit.dataset.filter.SequenceTableIterator  - getTable() - start
171586 [main] DEBUG org.dbunit.dataset.AbstractDataSet  - getTable(tableName=ScopedContentConditions_ScopedContentItem) - start
171586 [main] DEBUG org.dbunit.dataset.AbstractDataSet  - initialize() - start
171587 [main] DEBUG org.dbunit.dataset.AbstractDataSet  - The table name map has already been initialized.
171587 [main] DEBUG org.dbunit.dataset.OrderedTableNameMap  - getTableName(tableName=ScopedContentConditions_ScopedContentItem) - start
171587 [main] DEBUG org.dbunit.dataset.OrderedTableNameMap  - getTableName(tableName=ScopedContentConditions_ScopedContentItem) - end - result=SCOPEDCONTENTCONDITIONS_SCOPEDCONTENTITEM
171587 [main] TRACE org.dbunit.operation.AbstractBatchOperation  - execute: processing table='ScopedContentConditions_ScopedContentItem'
171587 [main] DEBUG org.dbunit.operation.AbstractBatchOperation  - isEmpty(table=org.dbunit.dataset.DefaultTable[_metaData=tableName=ScopedContentConditions_ScopedContentItem, columns=[], keys=[], _rowList.size()=0]) - start
171587 [main] DEBUG org.dbunit.dataset.filter.SequenceTableIterator  - next() - start
171587 [main] DEBUG org.dbunit.dataset.filter.SequenceTableIterator  - getTable() - start
171587 [main] DEBUG org.dbunit.dataset.AbstractDataSet  - getTable(tableName=ScopedContent_ScopedContentItem) - start
171587 [main] DEBUG org.dbunit.dataset.AbstractDataSet  - initialize() - start
171587 [main] DEBUG org.dbunit.dataset.AbstractDataSet  - The table name map has already been initialized.
171587 [main] DEBUG org.dbunit.dataset.OrderedTableNameMap  - getTableName(tableName=ScopedContent_ScopedContentItem) - start
171587 [main] DEBUG org.dbunit.dataset.OrderedTableNameMap  - getTableName(tableName=ScopedContent_ScopedContentItem) - end - result=SCOPEDCONTENT_SCOPEDCONTENTITEM
171587 [main] TRACE org.dbunit.operation.AbstractBatchOperation  - execute: processing table='ScopedContent_ScopedContentItem'
171587 [main] DEBUG org.dbunit.operation.AbstractBatchOperation  - isEmpty(table=org.dbunit.dataset.DefaultTable[_metaData=tableName=ScopedContent_ScopedContentItem, columns=[], keys=[], _rowList.size()=0]) - start
171587 [main] DEBUG org.dbunit.dataset.filter.SequenceTableIterator  - next() - start
171587 [main] DEBUG org.dbunit.dataset.filter.SequenceTableIterator  - getTable() - start
171587 [main] DEBUG org.dbunit.dataset.AbstractDataSet  - getTable(tableName=Scope_RequestContext) - start
171587 [main] DEBUG org.dbunit.dataset.AbstractDataSet  - initialize() - start
171587 [main] DEBUG org.dbunit.dataset.AbstractDataSet  - The table name map has already been initialized.
171587 [main] DEBUG org.dbunit.dataset.OrderedTableNameMap  - getTableName(tableName=Scope_RequestContext) - start
171587 [main] DEBUG org.dbunit.dataset.OrderedTableNameMap  - getTableName(tableName=Scope_RequestContext) - end - result=SCOPE_REQUESTCONTEXT
171587 [main] TRACE org.dbunit.operation.AbstractBatchOperation  - execute: processing table='Scope_RequestContext'
171587 [main] DEBUG org.dbunit.operation.AbstractBatchOperation  - isEmpty(table=org.dbunit.dataset.DefaultTable[_metaData=tableName=Scope_RequestContext, columns=[], keys=[], _rowList.size()=0]) - start
171587 [main] DEBUG org.dbunit.dataset.filter.SequenceTableIterator  - next() - start
171587 [main] DEBUG org.dbunit.dataset.filter.SequenceTableIterator  - getTable() - start
171587 [main] DEBUG org.dbunit.dataset.AbstractDataSet  - getTable(tableName=User) - start
171587 [main] DEBUG org.dbunit.dataset.AbstractDataSet  - initialize() - start
171587 [main] DEBUG org.dbunit.dataset.AbstractDataSet  - The table name map has already been initialized.
171587 [main] DEBUG org.dbunit.dataset.OrderedTableNameMap  - getTableName(tableName=User) - start
171587 [main] DEBUG org.dbunit.dataset.OrderedTableNameMap  - getTableName(tableName=User) - end - result=USER
171587 [main] TRACE org.dbunit.operation.AbstractBatchOperation  - execute: processing table='User'
171587 [main] DEBUG org.dbunit.operation.AbstractBatchOperation  - isEmpty(table=org.dbunit.dataset.DefaultTable[_metaData=tableName=User, columns=[], keys=[], _rowList.size()=0]) - start
171587 [main] DEBUG org.dbunit.dataset.filter.SequenceTableIterator  - next() - start
171587 [main] DEBUG org.dbunit.dataset.filter.SequenceTableIterator  - getTable() - start
171588 [main] DEBUG org.dbunit.dataset.AbstractDataSet  - getTable(tableName=Users_Authorities) - start
171588 [main] DEBUG org.dbunit.dataset.AbstractDataSet  - initialize() - start
171588 [main] DEBUG org.dbunit.dataset.AbstractDataSet  - The table name map has already been initialized.
171588 [main] DEBUG org.dbunit.dataset.OrderedTableNameMap  - getTableName(tableName=Users_Authorities) - start
171588 [main] DEBUG org.dbunit.dataset.OrderedTableNameMap  - getTableName(tableName=Users_Authorities) - end - result=USERS_AUTHORITIES
171588 [main] TRACE org.dbunit.operation.AbstractBatchOperation  - execute: processing table='Users_Authorities'
171588 [main] DEBUG org.dbunit.operation.AbstractBatchOperation  - isEmpty(table=org.dbunit.dataset.DefaultTable[_metaData=tableName=Users_Authorities, columns=[], keys=[], _rowList.size()=0]) - start
171588 [main] DEBUG org.dbunit.dataset.filter.SequenceTableIterator  - next() - start
171588 [main] DEBUG org.dbunit.database.DatabaseDataSourceConnection  - close() - start
171588 [main] DEBUG org.springframework.jdbc.datasource.DataSourceUtils  - Returning JDBC Connection to DataSource
171588 [main] DEBUG org.springframework.test.context.support.DirtiesContextTestExecutionListener  - After test method: context [[TestContext@1f186a2c testClass = ScopedContentDaoServiceTest, testInstance = com.tmt.kontroll.content.persistence.services.ScopedContentDaoServiceTest@38f130cd, testMethod = testThatUniqueConstraintsOnColumnViolationsCauseError@PersistenceEntityDaoServiceTest, testException = java.lang.AssertionError: Constraint assertion failed. Failures:
Unique constraint on column: , mergedContextConfiguration = [MergedContextConfiguration@7be27ea6 testClass = ScopedContentDaoServiceTest, locations = '{}', classes = '{class com.tmt.kontroll.content.config.ContentTestConfig}', contextInitializerClasses = '[]', activeProfiles = '{}', contextLoader = 'org.springframework.test.context.support.DelegatingSmartContextLoader', parent = [null]]]], class dirties context [false], class mode [null], method dirties context [false].
]]></system-out>
  </testcase>
  <testcase name="testThatNullableConstraintsViolationsCauseError" classname="com.tmt.kontroll.content.persistence.services.ScopedContentDaoServiceTest" time="4.056"/>
  <testcase name="testThatLengthConstraintsViolationsCauseError" classname="com.tmt.kontroll.content.persistence.services.ScopedContentDaoServiceTest" time="3.793"/>
</testsuite>